[rank: 0] Seed set to 42
[I 2023-12-26 11:21:49,220] A new study created in memory with name: no-name-62365f40-85e9-41b3-bbdb-25458d93b00b
/home/le004/conda/anaconda3/envs/tsff_env/lib/python3.9/site-packages/lightning/fabric/plugins/environments/slurm.py:191: The `srun` command is available on your system but is not used. HINT: If your intention is to run Lightning on SLURM, prepend your python command with `srun` like so: srun python /home/le004/master_thesis/git/TSFusionForecast/code/ ...
[I 2023-12-26 11:25:12,628] Trial 0 finished with value: 570.0684814453125 and parameters: {'gradient_clip_val': 0.265066432299668, 'hidden_size': 11, 'dropout': 0.19139827287300948, 'hidden_continuous_size': 9, 'attention_head_size': 3, 'learning_rate': 0.002067621926925361}. Best is trial 0 with value: 570.0684814453125.
[I 2023-12-26 11:25:15,518] Trial 1 finished with value: 2757.768310546875 and parameters: {'gradient_clip_val': 0.20868898520795112, 'hidden_size': 43, 'dropout': 0.1653114293985939, 'hidden_continuous_size': 6, 'attention_head_size': 2, 'learning_rate': 0.003088622794288381}. Best is trial 0 with value: 570.0684814453125.
[I 2023-12-26 11:25:17,531] Trial 2 finished with value: 3684.322998046875 and parameters: {'gradient_clip_val': 0.12994342225930336, 'hidden_size': 12, 'dropout': 0.17672888347088556, 'hidden_continuous_size': 6, 'attention_head_size': 4, 'learning_rate': 0.039630582131638774}. Best is trial 0 with value: 570.0684814453125.
[I 2023-12-26 11:25:19,321] Trial 3 finished with value: 3734.706298828125 and parameters: {'gradient_clip_val': 0.8931402684037009, 'hidden_size': 6, 'dropout': 0.1677842643358205, 'hidden_continuous_size': 5, 'attention_head_size': 1, 'learning_rate': 0.002464249914278167}. Best is trial 0 with value: 570.0684814453125.
[I 2023-12-26 11:25:22,436] Trial 4 finished with value: 3155.430908203125 and parameters: {'gradient_clip_val': 0.41270260802019165, 'hidden_size': 50, 'dropout': 0.19704799996710345, 'hidden_continuous_size': 13, 'attention_head_size': 4, 'learning_rate': 0.0031614868186542857}. Best is trial 0 with value: 570.0684814453125.
[I 2023-12-26 11:25:30,290] Trial 5 finished with value: 3098.698486328125 and parameters: {'gradient_clip_val': 0.16554807953228673, 'hidden_size': 113, 'dropout': 0.472799950513917, 'hidden_continuous_size': 60, 'attention_head_size': 2, 'learning_rate': 0.0005847217974413089}. Best is trial 0 with value: 570.0684814453125.
[I 2023-12-26 11:25:33,605] Trial 6 finished with value: 3810.439697265625 and parameters: {'gradient_clip_val': 0.1657484672183827, 'hidden_size': 47, 'dropout': 0.47256086271784736, 'hidden_continuous_size': 10, 'attention_head_size': 1, 'learning_rate': 0.0009105419693668592}. Best is trial 0 with value: 570.0684814453125.
[I 2023-12-26 11:25:35,522] Trial 7 finished with value: 3521.9609375 and parameters: {'gradient_clip_val': 0.2967813340837661, 'hidden_size': 9, 'dropout': 0.10800660912299476, 'hidden_continuous_size': 5, 'attention_head_size': 1, 'learning_rate': 0.0005336119822470079}. Best is trial 0 with value: 570.0684814453125.
[I 2023-12-26 11:25:40,093] Trial 8 finished with value: 3770.519775390625 and parameters: {'gradient_clip_val': 0.23544656207559603, 'hidden_size': 67, 'dropout': 0.20997112503307178, 'hidden_continuous_size': 22, 'attention_head_size': 4, 'learning_rate': 0.005836667253738417}. Best is trial 0 with value: 570.0684814453125.
[I 2023-12-26 11:25:41,811] Trial 9 finished with value: 3331.934814453125 and parameters: {'gradient_clip_val': 0.7717865755885941, 'hidden_size': 6, 'dropout': 0.15353857042882801, 'hidden_continuous_size': 6, 'attention_head_size': 1, 'learning_rate': 0.09863038885344572}. Best is trial 0 with value: 570.0684814453125.
[I 2023-12-26 11:25:43,962] Trial 10 finished with value: 3334.03515625 and parameters: {'gradient_clip_val': 0.10144706274148944, 'hidden_size': 19, 'dropout': 0.28574260109374183, 'hidden_continuous_size': 8, 'attention_head_size': 3, 'learning_rate': 0.01438782262002242}. Best is trial 0 with value: 570.0684814453125.
[I 2023-12-26 11:25:46,062] Trial 11 finished with value: 3602.443603515625 and parameters: {'gradient_clip_val': 0.2352780595235403, 'hidden_size': 18, 'dropout': 0.26739664505876987, 'hidden_continuous_size': 7, 'attention_head_size': 3, 'learning_rate': 0.002058184869281782}. Best is trial 0 with value: 570.0684814453125.
[I 2023-12-26 11:25:48,536] Trial 12 finished with value: 2838.294921875 and parameters: {'gradient_clip_val': 0.43562485446645566, 'hidden_size': 29, 'dropout': 0.11380497870982202, 'hidden_continuous_size': 9, 'attention_head_size': 2, 'learning_rate': 0.007159178376583231}. Best is trial 0 with value: 570.0684814453125.
[I 2023-12-26 11:25:50,940] Trial 13 finished with value: 3492.711669921875 and parameters: {'gradient_clip_val': 0.20514773449123527, 'hidden_size': 32, 'dropout': 0.22244534518914807, 'hidden_continuous_size': 7, 'attention_head_size': 3, 'learning_rate': 0.001332582904938422}. Best is trial 0 with value: 570.0684814453125.
[I 2023-12-26 11:25:52,945] Trial 14 finished with value: 3433.7197265625 and parameters: {'gradient_clip_val': 0.3354752214533106, 'hidden_size': 12, 'dropout': 0.3370993564825009, 'hidden_continuous_size': 6, 'attention_head_size': 2, 'learning_rate': 0.0013612052569974937}. Best is trial 0 with value: 570.0684814453125.
[I 2023-12-26 11:26:01,872] Trial 15 finished with value: 3466.871826171875 and parameters: {'gradient_clip_val': 0.29302588941535807, 'hidden_size': 135, 'dropout': 0.24322032040018599, 'hidden_continuous_size': 15, 'attention_head_size': 3, 'learning_rate': 0.004258441564113707}. Best is trial 0 with value: 570.0684814453125.
[I 2023-12-26 11:26:04,011] Trial 16 finished with value: 3331.127197265625 and parameters: {'gradient_clip_val': 0.18929473724461085, 'hidden_size': 19, 'dropout': 0.14140210100510586, 'hidden_continuous_size': 5, 'attention_head_size': 2, 'learning_rate': 0.00837453267274113}. Best is trial 0 with value: 570.0684814453125.
[I 2023-12-26 11:26:05,764] Trial 17 finished with value: 4014.022705078125 and parameters: {'gradient_clip_val': 0.14447508927182537, 'hidden_size': 5, 'dropout': 0.10039803287943537, 'hidden_continuous_size': 5, 'attention_head_size': 3, 'learning_rate': 0.0019240509194869816}. Best is trial 0 with value: 570.0684814453125.
[I 2023-12-26 11:26:08,401] Trial 18 finished with value: 2917.602783203125 and parameters: {'gradient_clip_val': 0.22618585733706617, 'hidden_size': 36, 'dropout': 0.3238295702069328, 'hidden_continuous_size': 10, 'attention_head_size': 2, 'learning_rate': 0.003621935454909077}. Best is trial 0 with value: 570.0684814453125.
[I 2023-12-26 11:26:10,968] Trial 19 finished with value: 3425.6474609375 and parameters: {'gradient_clip_val': 0.5221604612582417, 'hidden_size': 23, 'dropout': 0.23475649118231748, 'hidden_continuous_size': 8, 'attention_head_size': 3, 'learning_rate': 0.0011648296932087222}. Best is trial 0 with value: 570.0684814453125.
[I 2023-12-26 11:26:15,935] Trial 20 finished with value: 3259.951904296875 and parameters: {'gradient_clip_val': 0.26624462602810456, 'hidden_size': 76, 'dropout': 0.18173232878565782, 'hidden_continuous_size': 12, 'attention_head_size': 2, 'learning_rate': 0.009977689723072778}. Best is trial 0 with value: 570.0684814453125.
[I 2023-12-26 11:26:18,319] Trial 21 finished with value: 4148.77392578125 and parameters: {'gradient_clip_val': 0.3716129235864151, 'hidden_size': 29, 'dropout': 0.13936434601339698, 'hidden_continuous_size': 8, 'attention_head_size': 2, 'learning_rate': 0.005179740978948426}. Best is trial 0 with value: 570.0684814453125.
[I 2023-12-26 11:26:20,957] Trial 22 finished with value: 3493.665283203125 and parameters: {'gradient_clip_val': 0.46004548979911253, 'hidden_size': 39, 'dropout': 0.1253395557333299, 'hidden_continuous_size': 10, 'attention_head_size': 2, 'learning_rate': 0.003500038347564832}. Best is trial 0 with value: 570.0684814453125.
[I 2023-12-26 11:26:23,196] Trial 23 finished with value: 4305.74072265625 and parameters: {'gradient_clip_val': 0.348971995956368, 'hidden_size': 26, 'dropout': 0.14374586251660085, 'hidden_continuous_size': 9, 'attention_head_size': 2, 'learning_rate': 0.006322936667090419}. Best is trial 0 with value: 570.0684814453125.
[I 2023-12-26 11:26:25,267] Trial 24 finished with value: 3734.5751953125 and parameters: {'gradient_clip_val': 0.2682967999307652, 'hidden_size': 14, 'dropout': 0.11231180456851052, 'hidden_continuous_size': 7, 'attention_head_size': 3, 'learning_rate': 0.012683368897385257}. Best is trial 0 with value: 570.0684814453125.
[I 2023-12-26 11:26:27,497] Trial 25 finished with value: 4171.51904296875 and parameters: {'gradient_clip_val': 0.5067501454021207, 'hidden_size': 25, 'dropout': 0.18289261599056553, 'hidden_continuous_size': 9, 'attention_head_size': 2, 'learning_rate': 0.002476065058960464}. Best is trial 0 with value: 570.0684814453125.
[I 2023-12-26 11:26:30,227] Trial 26 finished with value: 3607.427001953125 and parameters: {'gradient_clip_val': 0.583564554563108, 'hidden_size': 36, 'dropout': 0.1576874289645246, 'hidden_continuous_size': 6, 'attention_head_size': 1, 'learning_rate': 0.006741131313595484}. Best is trial 0 with value: 570.0684814453125.
[I 2023-12-26 11:26:32,500] Trial 27 finished with value: 3311.6806640625 and parameters: {'gradient_clip_val': 0.3648807726624335, 'hidden_size': 9, 'dropout': 0.10089392849300677, 'hidden_continuous_size': 6, 'attention_head_size': 3, 'learning_rate': 0.004704889924221445}. Best is trial 0 with value: 570.0684814453125.
[I 2023-12-26 11:26:36,071] Trial 28 finished with value: 3222.604736328125 and parameters: {'gradient_clip_val': 0.3118524604499894, 'hidden_size': 44, 'dropout': 0.20198063011330183, 'hidden_continuous_size': 15, 'attention_head_size': 4, 'learning_rate': 0.0017832465220399218}. Best is trial 0 with value: 570.0684814453125.
[I 2023-12-26 11:26:38,371] Trial 29 finished with value: 3985.336181640625 and parameters: {'gradient_clip_val': 0.19946256628137224, 'hidden_size': 15, 'dropout': 0.17900651670655307, 'hidden_continuous_size': 7, 'attention_head_size': 4, 'learning_rate': 0.01711809901204856}. Best is trial 0 with value: 570.0684814453125.
[I 2023-12-26 11:26:40,887] Trial 30 finished with value: 4187.958984375 and parameters: {'gradient_clip_val': 0.41328222988304764, 'hidden_size': 27, 'dropout': 0.14206210011502712, 'hidden_continuous_size': 11, 'attention_head_size': 2, 'learning_rate': 0.022048865876486846}. Best is trial 0 with value: 570.0684814453125.
[I 2023-12-26 11:26:44,678] Trial 31 finished with value: 3109.848388671875 and parameters: {'gradient_clip_val': 0.24687385255731867, 'hidden_size': 35, 'dropout': 0.32646204227864967, 'hidden_continuous_size': 9, 'attention_head_size': 2, 'learning_rate': 0.0033906500914079973}. Best is trial 0 with value: 570.0684814453125.
[I 2023-12-26 11:26:48,998] Trial 32 finished with value: 3660.24609375 and parameters: {'gradient_clip_val': 0.22013732464507008, 'hidden_size': 51, 'dropout': 0.16751614313781413, 'hidden_continuous_size': 11, 'attention_head_size': 2, 'learning_rate': 0.0031714935531137515}. Best is trial 0 with value: 570.0684814453125.
[I 2023-12-26 11:26:51,391] Trial 33 finished with value: 3214.690673828125 and parameters: {'gradient_clip_val': 0.26727176963648813, 'hidden_size': 32, 'dropout': 0.12262640209780333, 'hidden_continuous_size': 8, 'attention_head_size': 1, 'learning_rate': 0.002697665326897665}. Best is trial 0 with value: 570.0684814453125.
[I 2023-12-26 11:26:55,316] Trial 34 finished with value: 2719.89599609375 and parameters: {'gradient_clip_val': 0.1890961603837871, 'hidden_size': 62, 'dropout': 0.2031416772543594, 'hidden_continuous_size': 12, 'attention_head_size': 2, 'learning_rate': 0.004077305364609381}. Best is trial 0 with value: 570.0684814453125.
[I 2023-12-26 11:27:00,039] Trial 35 finished with value: 3526.111328125 and parameters: {'gradient_clip_val': 0.16848370773955726, 'hidden_size': 58, 'dropout': 0.19884105988584333, 'hidden_continuous_size': 14, 'attention_head_size': 2, 'learning_rate': 0.0047642829865342275}. Best is trial 0 with value: 570.0684814453125.
[I 2023-12-26 11:27:05,182] Trial 36 finished with value: 2465.57861328125 and parameters: {'gradient_clip_val': 0.18534767926038487, 'hidden_size': 72, 'dropout': 0.17188141621219002, 'hidden_continuous_size': 18, 'attention_head_size': 1, 'learning_rate': 0.0078387402976668}. Best is trial 0 with value: 570.0684814453125.
[I 2023-12-26 11:27:11,190] Trial 37 finished with value: 3896.728271484375 and parameters: {'gradient_clip_val': 0.1768076587047188, 'hidden_size': 84, 'dropout': 0.217401744998078, 'hidden_continuous_size': 21, 'attention_head_size': 1, 'learning_rate': 0.0007643414015497704}. Best is trial 0 with value: 570.0684814453125.
[I 2023-12-26 11:27:15,208] Trial 38 finished with value: 3123.7939453125 and parameters: {'gradient_clip_val': 0.14631748813950113, 'hidden_size': 59, 'dropout': 0.18407887217031363, 'hidden_continuous_size': 17, 'attention_head_size': 1, 'learning_rate': 0.0024792210926539394}. Best is trial 0 with value: 570.0684814453125.
[I 2023-12-26 11:27:22,812] Trial 39 finished with value: 3778.528564453125 and parameters: {'gradient_clip_val': 0.1923414888626142, 'hidden_size': 91, 'dropout': 0.16621605683944107, 'hidden_continuous_size': 25, 'attention_head_size': 1, 'learning_rate': 0.00850695050262486}. Best is trial 0 with value: 570.0684814453125.
[I 2023-12-26 11:27:30,496] Trial 40 finished with value: 3168.077392578125 and parameters: {'gradient_clip_val': 0.2088378197798486, 'hidden_size': 95, 'dropout': 0.19919375425939645, 'hidden_continuous_size': 26, 'attention_head_size': 1, 'learning_rate': 0.004269707209847891}. Best is trial 0 with value: 570.0684814453125.
[I 2023-12-26 11:27:34,374] Trial 41 finished with value: 3718.396484375 and parameters: {'gradient_clip_val': 0.15475270080809753, 'hidden_size': 46, 'dropout': 0.16291304422150082, 'hidden_continuous_size': 13, 'attention_head_size': 3, 'learning_rate': 0.005786726844822188}. Best is trial 0 with value: 570.0684814453125.
[I 2023-12-26 11:27:38,670] Trial 42 finished with value: 3031.393310546875 and parameters: {'gradient_clip_val': 0.17977233672989945, 'hidden_size': 65, 'dropout': 0.12686306796959756, 'hidden_continuous_size': 13, 'attention_head_size': 2, 'learning_rate': 0.007232657507588639}. Best is trial 0 with value: 570.0684814453125.
[I 2023-12-26 11:27:43,936] Trial 43 finished with value: 3094.59765625 and parameters: {'gradient_clip_val': 0.12769076997967163, 'hidden_size': 71, 'dropout': 0.15898870726045827, 'hidden_continuous_size': 17, 'attention_head_size': 3, 'learning_rate': 0.010283376205257265}. Best is trial 0 with value: 570.0684814453125.
[I 2023-12-26 11:27:47,448] Trial 44 finished with value: 3560.181640625 and parameters: {'gradient_clip_val': 0.23869873118646406, 'hidden_size': 44, 'dropout': 0.12616877227244003, 'hidden_continuous_size': 11, 'attention_head_size': 1, 'learning_rate': 0.001769334873203883}. Best is trial 0 with value: 570.0684814453125.
[I 2023-12-26 11:27:51,994] Trial 45 finished with value: 4088.887451171875 and parameters: {'gradient_clip_val': 0.2979925880627551, 'hidden_size': 54, 'dropout': 0.22175828068556086, 'hidden_continuous_size': 12, 'attention_head_size': 2, 'learning_rate': 0.0027971571157220775}. Best is trial 0 with value: 570.0684814453125.
[I 2023-12-26 11:27:55,934] Trial 46 finished with value: 3459.796142578125 and parameters: {'gradient_clip_val': 0.20784915515048527, 'hidden_size': 63, 'dropout': 0.2526915680664527, 'hidden_continuous_size': 5, 'attention_head_size': 3, 'learning_rate': 0.003817448024968555}. Best is trial 0 with value: 570.0684814453125.
[I 2023-12-26 11:27:59,006] Trial 47 finished with value: 3296.214599609375 and parameters: {'gradient_clip_val': 0.18090396872925404, 'hidden_size': 41, 'dropout': 0.21145693620233746, 'hidden_continuous_size': 7, 'attention_head_size': 2, 'learning_rate': 0.005310011092819355}. Best is trial 0 with value: 570.0684814453125.
[I 2023-12-26 11:28:02,159] Trial 48 finished with value: 3624.4921875 and parameters: {'gradient_clip_val': 0.21882136016500525, 'hidden_size': 49, 'dropout': 0.1925495340730364, 'hidden_continuous_size': 10, 'attention_head_size': 4, 'learning_rate': 0.007369531216606874}. Best is trial 0 with value: 570.0684814453125.
[I 2023-12-26 11:28:10,531] Trial 49 finished with value: 3648.038330078125 and parameters: {'gradient_clip_val': 0.25076585086171893, 'hidden_size': 115, 'dropout': 0.14843977169928507, 'hidden_continuous_size': 90, 'attention_head_size': 3, 'learning_rate': 0.0021315294741572296}. Best is trial 0 with value: 570.0684814453125.
[I 2023-12-26 11:28:10,662] A new study created in memory with name: no-name-afcb8e34-3fe0-41e5-b7fa-e63306807326
/home/le004/conda/anaconda3/envs/tsff_env/lib/python3.9/site-packages/lightning/fabric/plugins/environments/slurm.py:191: The `srun` command is available on your system but is not used. HINT: If your intention is to run Lightning on SLURM, prepend your python command with `srun` like so: srun python /home/le004/master_thesis/git/TSFusionForecast/code/ ...
[I 2023-12-26 11:44:59,379] Trial 0 finished with value: 0.04984750226140022 and parameters: {'gradient_clip_val': 0.4378448277654951, 'hidden_size': 92, 'dropout': 0.2890993571738918, 'hidden_continuous_size': 74, 'attention_head_size': 1, 'learning_rate': 0.09402721943607467}. Best is trial 0 with value: 0.04984750226140022.
[I 2023-12-26 11:45:02,412] Trial 1 finished with value: 3.02286434173584 and parameters: {'gradient_clip_val': 0.2152528327564428, 'hidden_size': 41, 'dropout': 0.2646309730555445, 'hidden_continuous_size': 9, 'attention_head_size': 1, 'learning_rate': 0.0007638919785507459}. Best is trial 0 with value: 0.04984750226140022.
[I 2023-12-26 11:45:04,400] Trial 2 finished with value: 3.0996253490448 and parameters: {'gradient_clip_val': 0.19175278563860593, 'hidden_size': 6, 'dropout': 0.3130457949477965, 'hidden_continuous_size': 5, 'attention_head_size': 3, 'learning_rate': 0.0027779806214922875}. Best is trial 0 with value: 0.04984750226140022.
[I 2023-12-26 11:45:06,567] Trial 3 finished with value: 2.6063454151153564 and parameters: {'gradient_clip_val': 0.5121671375293503, 'hidden_size': 17, 'dropout': 0.13807898119487963, 'hidden_continuous_size': 15, 'attention_head_size': 1, 'learning_rate': 0.0008253889961301744}. Best is trial 0 with value: 0.04984750226140022.
[I 2023-12-26 11:45:08,611] Trial 4 finished with value: 3.5854883193969727 and parameters: {'gradient_clip_val': 0.5221718236289984, 'hidden_size': 6, 'dropout': 0.10445696494893673, 'hidden_continuous_size': 6, 'attention_head_size': 4, 'learning_rate': 0.038221931833394736}. Best is trial 0 with value: 0.04984750226140022.
[I 2023-12-26 11:45:10,742] Trial 5 finished with value: 4.440532207489014 and parameters: {'gradient_clip_val': 0.2623422240014719, 'hidden_size': 13, 'dropout': 0.367145229140338, 'hidden_continuous_size': 6, 'attention_head_size': 4, 'learning_rate': 0.06823277996003511}. Best is trial 0 with value: 0.04984750226140022.
[I 2023-12-26 11:45:20,742] Trial 6 finished with value: 3.520636796951294 and parameters: {'gradient_clip_val': 0.22352528859760176, 'hidden_size': 131, 'dropout': 0.31228010060261235, 'hidden_continuous_size': 87, 'attention_head_size': 4, 'learning_rate': 0.001003041802235798}. Best is trial 0 with value: 0.04984750226140022.
[I 2023-12-26 11:45:26,945] Trial 7 finished with value: 3.2697479724884033 and parameters: {'gradient_clip_val': 0.3038051765567375, 'hidden_size': 91, 'dropout': 0.23665309209911578, 'hidden_continuous_size': 7, 'attention_head_size': 2, 'learning_rate': 0.0008547101696074208}. Best is trial 0 with value: 0.04984750226140022.
[I 2023-12-26 11:45:28,952] Trial 8 finished with value: 2.6448612213134766 and parameters: {'gradient_clip_val': 0.8193720904129203, 'hidden_size': 11, 'dropout': 0.28427819118787356, 'hidden_continuous_size': 6, 'attention_head_size': 1, 'learning_rate': 0.010684409437438697}. Best is trial 0 with value: 0.04984750226140022.
[I 2023-12-26 11:45:33,630] Trial 9 finished with value: 3.2184696197509766 and parameters: {'gradient_clip_val': 0.5407632645207443, 'hidden_size': 63, 'dropout': 0.1551747730961473, 'hidden_continuous_size': 45, 'attention_head_size': 2, 'learning_rate': 0.0013655972149441034}. Best is trial 0 with value: 0.04984750226140022.
[I 2023-12-26 11:45:45,339] Trial 10 finished with value: 1.7657008171081543 and parameters: {'gradient_clip_val': 0.11926797650269988, 'hidden_size': 147, 'dropout': 0.468454727573815, 'hidden_continuous_size': 137, 'attention_head_size': 2, 'learning_rate': 0.093018247739659}. Best is trial 0 with value: 0.04984750226140022.
[I 2023-12-26 11:45:56,362] Trial 11 finished with value: 1.9905214309692383 and parameters: {'gradient_clip_val': 0.10466142062545486, 'hidden_size': 144, 'dropout': 0.49785435731918865, 'hidden_continuous_size': 123, 'attention_head_size': 2, 'learning_rate': 0.08717265903153527}. Best is trial 0 with value: 0.04984750226140022.
[I 2023-12-26 11:46:01,541] Trial 12 finished with value: 2.7497756481170654 and parameters: {'gradient_clip_val': 0.10913842699108528, 'hidden_size': 70, 'dropout': 0.4098891107396398, 'hidden_continuous_size': 44, 'attention_head_size': 3, 'learning_rate': 0.029961076998186766}. Best is trial 0 with value: 0.04984750226140022.
[I 2023-12-26 11:46:04,704] Trial 13 finished with value: 2.5435268878936768 and parameters: {'gradient_clip_val': 0.15035854289201858, 'hidden_size': 42, 'dropout': 0.48062745946256236, 'hidden_continuous_size': 32, 'attention_head_size': 1, 'learning_rate': 0.09926005998874088}. Best is trial 0 with value: 0.04984750226140022.
