[I 2023-12-26 14:16:59,903] Trial 6 finished with value: 66.00907135009766 and parameters: {'gradient_clip_val': 0.5588292046753973, 'hidden_size': 10, 'dropout': 0.32668363272518264, 'hidden_continuous_size': 6, 'attention_head_size': 4, 'learning_rate': 0.021679003259637057}. Best is trial 0 with value: 5.946874141693115.
[I 2023-12-26 14:17:07,072] Trial 7 finished with value: 67.76799774169922 and parameters: {'gradient_clip_val': 0.705306210291485, 'hidden_size': 89, 'dropout': 0.3859605524384603, 'hidden_continuous_size': 26, 'attention_head_size': 3, 'learning_rate': 0.013040609166473352}. Best is trial 0 with value: 5.946874141693115.
[I 2023-12-26 14:17:14,675] Trial 8 finished with value: 41.16402816772461 and parameters: {'gradient_clip_val': 0.3807311714919461, 'hidden_size': 97, 'dropout': 0.48847268637678254, 'hidden_continuous_size': 9, 'attention_head_size': 2, 'learning_rate': 0.0009635055912144685}. Best is trial 0 with value: 5.946874141693115.
[I 2023-12-26 14:17:17,852] Trial 9 finished with value: 56.2933349609375 and parameters: {'gradient_clip_val': 0.2943865875230869, 'hidden_size': 34, 'dropout': 0.43362366942286334, 'hidden_continuous_size': 21, 'attention_head_size': 1, 'learning_rate': 0.020764621204492927}. Best is trial 0 with value: 5.946874141693115.
[I 2023-12-26 14:17:21,645] Trial 10 finished with value: 44.57207107543945 and parameters: {'gradient_clip_val': 0.8993521398704079, 'hidden_size': 38, 'dropout': 0.14268293320583708, 'hidden_continuous_size': 10, 'attention_head_size': 2, 'learning_rate': 0.006113094442386416}. Best is trial 0 with value: 5.946874141693115.
[I 2023-12-26 14:17:24,518] Trial 11 finished with value: 45.37772750854492 and parameters: {'gradient_clip_val': 0.45164513273035967, 'hidden_size': 18, 'dropout': 0.3623609423283934, 'hidden_continuous_size': 5, 'attention_head_size': 1, 'learning_rate': 0.0005204853957583424}. Best is trial 0 with value: 5.946874141693115.
[I 2023-12-26 14:17:27,270] Trial 12 finished with value: 53.02762222290039 and parameters: {'gradient_clip_val': 0.28187192928294885, 'hidden_size': 19, 'dropout': 0.4213045177968618, 'hidden_continuous_size': 7, 'attention_head_size': 2, 'learning_rate': 0.0005836261261316675}. Best is trial 0 with value: 5.946874141693115.
[I 2023-12-26 14:17:29,758] Trial 13 finished with value: 61.356475830078125 and parameters: {'gradient_clip_val': 0.5787149781985632, 'hidden_size': 13, 'dropout': 0.3174249055709042, 'hidden_continuous_size': 6, 'attention_head_size': 1, 'learning_rate': 0.0018419409995568653}. Best is trial 0 with value: 5.946874141693115.
[I 2023-12-26 14:17:34,076] Trial 14 finished with value: 46.925872802734375 and parameters: {'gradient_clip_val': 0.9589998293140892, 'hidden_size': 45, 'dropout': 0.3708230926941102, 'hidden_continuous_size': 10, 'attention_head_size': 3, 'learning_rate': 0.000527774113778072}. Best is trial 0 with value: 5.946874141693115.
[I 2023-12-26 14:17:37,102] Trial 15 finished with value: 51.16741943359375 and parameters: {'gradient_clip_val': 0.36774252161272614, 'hidden_size': 26, 'dropout': 0.4759071988413478, 'hidden_continuous_size': 8, 'attention_head_size': 2, 'learning_rate': 0.001051739179397991}. Best is trial 0 with value: 5.946874141693115.
[I 2023-12-26 14:17:42,399] Trial 16 finished with value: 56.97976303100586 and parameters: {'gradient_clip_val': 0.6402149096483334, 'hidden_size': 60, 'dropout': 0.27991285360354556, 'hidden_continuous_size': 13, 'attention_head_size': 1, 'learning_rate': 0.0037155019560598805}. Best is trial 0 with value: 5.946874141693115.
[I 2023-12-26 14:17:45,394] Trial 17 finished with value: 50.96443176269531 and parameters: {'gradient_clip_val': 0.4904267853287624, 'hidden_size': 25, 'dropout': 0.4221802377900236, 'hidden_continuous_size': 7, 'attention_head_size': 1, 'learning_rate': 0.0015568497926917715}. Best is trial 0 with value: 5.946874141693115.
[I 2023-12-26 14:17:47,391] Trial 18 finished with value: 47.080936431884766 and parameters: {'gradient_clip_val': 0.21456565265888178, 'hidden_size': 5, 'dropout': 0.34500449009279033, 'hidden_continuous_size': 5, 'attention_head_size': 3, 'learning_rate': 0.0036452927497654525}. Best is trial 0 with value: 5.946874141693115.
[I 2023-12-26 14:17:51,632] Trial 19 finished with value: 42.79876708984375 and parameters: {'gradient_clip_val': 0.7681583523023984, 'hidden_size': 49, 'dropout': 0.3912597249648969, 'hidden_continuous_size': 12, 'attention_head_size': 2, 'learning_rate': 0.0008505353942066011}. Best is trial 0 with value: 5.946874141693115.
[I 2023-12-26 14:17:54,742] Trial 20 finished with value: 53.491302490234375 and parameters: {'gradient_clip_val': 0.4186076033778907, 'hidden_size': 33, 'dropout': 0.2984156021905151, 'hidden_continuous_size': 6, 'attention_head_size': 1, 'learning_rate': 0.0016672341286358507}. Best is trial 0 with value: 5.946874141693115.
[I 2023-12-26 14:17:57,118] Trial 21 finished with value: 64.94732666015625 and parameters: {'gradient_clip_val': 0.5167072089612178, 'hidden_size': 7, 'dropout': 0.27174234567823274, 'hidden_continuous_size': 5, 'attention_head_size': 3, 'learning_rate': 0.0027218447061101428}. Best is trial 0 with value: 5.946874141693115.
[I 2023-12-26 14:17:59,730] Trial 22 finished with value: 49.23600769042969 and parameters: {'gradient_clip_val': 0.4723780396260501, 'hidden_size': 10, 'dropout': 0.3282344166961882, 'hidden_continuous_size': 5, 'attention_head_size': 4, 'learning_rate': 0.0008462261124760049}. Best is trial 0 with value: 5.946874141693115.
[I 2023-12-26 14:18:02,182] Trial 23 finished with value: 73.13399505615234 and parameters: {'gradient_clip_val': 0.5994269304707985, 'hidden_size': 5, 'dropout': 0.26116661696936017, 'hidden_continuous_size': 5, 'attention_head_size': 2, 'learning_rate': 0.0015401851992719194}. Best is trial 0 with value: 5.946874141693115.
[I 2023-12-26 14:18:04,585] Trial 24 finished with value: 49.07246017456055 and parameters: {'gradient_clip_val': 0.3589301029878759, 'hidden_size': 16, 'dropout': 0.345326374267654, 'hidden_continuous_size': 6, 'attention_head_size': 3, 'learning_rate': 0.002473591315861424}. Best is trial 0 with value: 5.946874141693115.
[I 2023-12-26 14:18:06,999] Trial 25 finished with value: 83.71553802490234 and parameters: {'gradient_clip_val': 0.4355525888323701, 'hidden_size': 7, 'dropout': 0.303948953349643, 'hidden_continuous_size': 5, 'attention_head_size': 1, 'learning_rate': 0.0009131690241081899}. Best is trial 0 with value: 5.946874141693115.
[I 2023-12-26 14:18:09,794] Trial 26 finished with value: 52.04678726196289 and parameters: {'gradient_clip_val': 0.5348867924497426, 'hidden_size': 24, 'dropout': 0.38869622083920685, 'hidden_continuous_size': 8, 'attention_head_size': 2, 'learning_rate': 0.0007056422930341028}. Best is trial 0 with value: 5.946874141693115.
[I 2023-12-26 14:18:12,258] Trial 27 finished with value: 59.63356018066406 and parameters: {'gradient_clip_val': 0.6618987079070764, 'hidden_size': 14, 'dropout': 0.35255488577718674, 'hidden_continuous_size': 6, 'attention_head_size': 4, 'learning_rate': 0.0013496970666763588}. Best is trial 0 with value: 5.946874141693115.
[I 2023-12-26 14:18:14,715] Trial 28 finished with value: 59.27342224121094 and parameters: {'gradient_clip_val': 0.31848315087757956, 'hidden_size': 19, 'dropout': 0.10044188506307444, 'hidden_continuous_size': 7, 'attention_head_size': 1, 'learning_rate': 0.0007130703465417136}. Best is trial 0 with value: 5.946874141693115.
[I 2023-12-26 14:18:20,611] Trial 29 finished with value: 47.01397705078125 and parameters: {'gradient_clip_val': 0.7781987262010267, 'hidden_size': 69, 'dropout': 0.2487831899914556, 'hidden_continuous_size': 34, 'attention_head_size': 1, 'learning_rate': 0.002201207129426188}. Best is trial 0 with value: 5.946874141693115.
[I 2023-12-26 14:18:23,036] Trial 30 finished with value: 41.24641799926758 and parameters: {'gradient_clip_val': 0.5177840042279994, 'hidden_size': 11, 'dropout': 0.22306571462868643, 'hidden_continuous_size': 6, 'attention_head_size': 3, 'learning_rate': 0.0012371394443917328}. Best is trial 0 with value: 5.946874141693115.
[I 2023-12-26 14:18:35,062] Trial 31 finished with value: 37.6906852722168 and parameters: {'gradient_clip_val': 0.17739464158329488, 'hidden_size': 146, 'dropout': 0.20072825258264312, 'hidden_continuous_size': 59, 'attention_head_size': 4, 'learning_rate': 0.07862641889287103}. Best is trial 0 with value: 5.946874141693115.
[I 2023-12-26 14:18:45,582] Trial 32 finished with value: 48.748291015625 and parameters: {'gradient_clip_val': 0.1380981066235618, 'hidden_size': 124, 'dropout': 0.2003305659820589, 'hidden_continuous_size': 88, 'attention_head_size': 4, 'learning_rate': 0.08398220998622088}. Best is trial 0 with value: 5.946874141693115.
[I 2023-12-26 14:18:57,019] Trial 33 finished with value: 42.443477630615234 and parameters: {'gradient_clip_val': 0.11252529073339947, 'hidden_size': 143, 'dropout': 0.23702874036385524, 'hidden_continuous_size': 58, 'attention_head_size': 4, 'learning_rate': 0.0703075107199226}. Best is trial 0 with value: 5.946874141693115.
[I 2023-12-26 14:19:03,022] Trial 34 finished with value: 41.3217887878418 and parameters: {'gradient_clip_val': 0.2352057196974448, 'hidden_size': 74, 'dropout': 0.19075507295506178, 'hidden_continuous_size': 16, 'attention_head_size': 4, 'learning_rate': 0.05265434872496027}. Best is trial 0 with value: 5.946874141693115.
[I 2023-12-26 14:19:12,960] Trial 35 finished with value: 58.720428466796875 and parameters: {'gradient_clip_val': 0.17839010681082657, 'hidden_size': 114, 'dropout': 0.2801453165079933, 'hidden_continuous_size': 45, 'attention_head_size': 4, 'learning_rate': 0.008749917350008046}. Best is trial 0 with value: 5.946874141693115.
[I 2023-12-26 14:19:25,383] Trial 36 finished with value: 44.348846435546875 and parameters: {'gradient_clip_val': 0.3964188236127363, 'hidden_size': 144, 'dropout': 0.23758852413543252, 'hidden_continuous_size': 109, 'attention_head_size': 4, 'learning_rate': 0.056570268154142775}. Best is trial 0 with value: 5.946874141693115.
[I 2023-12-26 14:19:32,646] Trial 37 finished with value: 57.002716064453125 and parameters: {'gradient_clip_val': 0.42960695470952404, 'hidden_size': 87, 'dropout': 0.21756838059336847, 'hidden_continuous_size': 25, 'attention_head_size': 3, 'learning_rate': 0.00116465368194287}. Best is trial 0 with value: 5.946874141693115.
[I 2023-12-26 14:19:41,341] Trial 38 finished with value: 32.765018463134766 and parameters: {'gradient_clip_val': 0.33562303721587233, 'hidden_size': 112, 'dropout': 0.2984462600139441, 'hidden_continuous_size': 18, 'attention_head_size': 4, 'learning_rate': 0.04307299169351317}. Best is trial 0 with value: 5.946874141693115.
[I 2023-12-26 14:19:49,213] Trial 39 finished with value: 42.1034049987793 and parameters: {'gradient_clip_val': 0.32614976123522754, 'hidden_size': 102, 'dropout': 0.33252572669070124, 'hidden_continuous_size': 18, 'attention_head_size': 4, 'learning_rate': 0.042037694896859656}. Best is trial 0 with value: 5.946874141693115.
[I 2023-12-26 14:19:58,471] Trial 40 finished with value: 43.381282806396484 and parameters: {'gradient_clip_val': 0.2528692421226685, 'hidden_size': 114, 'dropout': 0.30910966860351463, 'hidden_continuous_size': 21, 'attention_head_size': 2, 'learning_rate': 0.09089064999531049}. Best is trial 0 with value: 5.946874141693115.
[I 2023-12-26 14:20:09,882] Trial 41 finished with value: 39.45237350463867 and parameters: {'gradient_clip_val': 0.34890203432701017, 'hidden_size': 147, 'dropout': 0.28861563806286405, 'hidden_continuous_size': 11, 'attention_head_size': 4, 'learning_rate': 0.02624020133473931}. Best is trial 0 with value: 5.946874141693115.
[I 2023-12-26 14:20:20,618] Trial 42 finished with value: 46.51493453979492 and parameters: {'gradient_clip_val': 0.3576133654619902, 'hidden_size': 141, 'dropout': 0.2974653471720225, 'hidden_continuous_size': 13, 'attention_head_size': 4, 'learning_rate': 0.0326625857809474}. Best is trial 0 with value: 5.946874141693115.
[I 2023-12-26 14:20:27,693] Trial 43 finished with value: 33.9775276184082 and parameters: {'gradient_clip_val': 0.2866506195882587, 'hidden_size': 121, 'dropout': 0.24943384966099272, 'hidden_continuous_size': 11, 'attention_head_size': 4, 'learning_rate': 0.03053347180943968}. Best is trial 0 with value: 5.946874141693115.
[I 2023-12-26 14:20:32,663] Trial 44 finished with value: 54.715152740478516 and parameters: {'gradient_clip_val': 0.2858955908655085, 'hidden_size': 85, 'dropout': 0.25500291734448477, 'hidden_continuous_size': 9, 'attention_head_size': 4, 'learning_rate': 0.0172583554241927}. Best is trial 0 with value: 5.946874141693115.
[I 2023-12-26 14:20:39,094] Trial 45 finished with value: 45.29160690307617 and parameters: {'gradient_clip_val': 0.3939732221487697, 'hidden_size': 108, 'dropout': 0.18411822565296257, 'hidden_continuous_size': 15, 'attention_head_size': 3, 'learning_rate': 0.039831439958332084}. Best is trial 0 with value: 5.946874141693115.
[I 2023-12-26 14:20:46,485] Trial 46 finished with value: 33.73622512817383 and parameters: {'gradient_clip_val': 0.2647317645697135, 'hidden_size': 121, 'dropout': 0.3226369824518162, 'hidden_continuous_size': 11, 'attention_head_size': 4, 'learning_rate': 0.0985297151122223}. Best is trial 0 with value: 5.946874141693115.
[I 2023-12-26 14:20:52,370] Trial 47 finished with value: 50.666229248046875 and parameters: {'gradient_clip_val': 0.3094419072870454, 'hidden_size': 99, 'dropout': 0.31826845153085703, 'hidden_continuous_size': 10, 'attention_head_size': 1, 'learning_rate': 0.09863798162129224}. Best is trial 0 with value: 5.946874141693115.
[I 2023-12-26 14:20:59,626] Trial 48 finished with value: 40.04233169555664 and parameters: {'gradient_clip_val': 0.26650722279997907, 'hidden_size': 122, 'dropout': 0.37027652755441065, 'hidden_continuous_size': 14, 'attention_head_size': 1, 'learning_rate': 0.051816715973393775}. Best is trial 0 with value: 5.946874141693115.
[I 2023-12-26 14:21:03,988] Trial 49 finished with value: 38.224735260009766 and parameters: {'gradient_clip_val': 0.3287462475936208, 'hidden_size': 75, 'dropout': 0.33347407631024695, 'hidden_continuous_size': 11, 'attention_head_size': 3, 'learning_rate': 0.06532168882305399}. Best is trial 0 with value: 5.946874141693115.
[I 2023-12-26 14:21:04,106] A new study created in memory with name: no-name-34476976-128b-4d22-aedf-5b0534856ca8
/home/le004/conda/anaconda3/envs/tsff_env/lib/python3.9/site-packages/lightning/fabric/plugins/environments/slurm.py:191: The `srun` command is available on your system but is not used. HINT: If your intention is to run Lightning on SLURM, prepend your python command with `srun` like so: srun python /home/le004/master_thesis/git/TSFusionForecast/code/ ...
[I 2023-12-26 14:24:39,149] Trial 0 finished with value: 5.091708660125732 and parameters: {'gradient_clip_val': 0.1772998249826637, 'hidden_size': 25, 'dropout': 0.4855534661081168, 'hidden_continuous_size': 14, 'attention_head_size': 3, 'learning_rate': 0.03719875630156922}. Best is trial 0 with value: 5.091708660125732.
[I 2023-12-26 14:24:41,409] Trial 1 finished with value: 70.08379364013672 and parameters: {'gradient_clip_val': 0.12675552928176484, 'hidden_size': 21, 'dropout': 0.33431273385208704, 'hidden_continuous_size': 5, 'attention_head_size': 2, 'learning_rate': 0.00762862849099942}. Best is trial 0 with value: 5.091708660125732.
[I 2023-12-26 14:24:44,891] Trial 2 finished with value: 53.91635513305664 and parameters: {'gradient_clip_val': 0.5537212589282642, 'hidden_size': 56, 'dropout': 0.1170181454213021, 'hidden_continuous_size': 41, 'attention_head_size': 4, 'learning_rate': 0.0018963120780501126}. Best is trial 0 with value: 5.091708660125732.
[I 2023-12-26 14:24:50,731] Trial 3 finished with value: 55.010986328125 and parameters: {'gradient_clip_val': 0.1538603427745607, 'hidden_size': 90, 'dropout': 0.49110188904578445, 'hidden_continuous_size': 7, 'attention_head_size': 1, 'learning_rate': 0.0005678368658308124}. Best is trial 0 with value: 5.091708660125732.
[I 2023-12-26 14:24:52,806] Trial 4 finished with value: 58.81413269042969 and parameters: {'gradient_clip_val': 0.3365319859453462, 'hidden_size': 13, 'dropout': 0.38270755755664954, 'hidden_continuous_size': 9, 'attention_head_size': 3, 'learning_rate': 0.003934677769973175}. Best is trial 0 with value: 5.091708660125732.
[I 2023-12-26 14:24:54,705] Trial 5 finished with value: 56.49747848510742 and parameters: {'gradient_clip_val': 0.18244598663902947, 'hidden_size': 10, 'dropout': 0.4457554353985764, 'hidden_continuous_size': 10, 'attention_head_size': 4, 'learning_rate': 0.03819606882575744}. Best is trial 0 with value: 5.091708660125732.
[I 2023-12-26 14:25:01,948] Trial 6 finished with value: 74.41692352294922 and parameters: {'gradient_clip_val': 0.8933489317650299, 'hidden_size': 125, 'dropout': 0.49292960679769926, 'hidden_continuous_size': 5, 'attention_head_size': 2, 'learning_rate': 0.0022014577471177158}. Best is trial 0 with value: 5.091708660125732.
[I 2023-12-26 14:25:05,542] Trial 7 finished with value: 47.44670486450195 and parameters: {'gradient_clip_val': 0.4028166231676522, 'hidden_size': 63, 'dropout': 0.4510443229727059, 'hidden_continuous_size': 12, 'attention_head_size': 2, 'learning_rate': 0.06210732584612249}. Best is trial 0 with value: 5.091708660125732.
[I 2023-12-26 14:25:07,543] Trial 8 finished with value: 57.7611198425293 and parameters: {'gradient_clip_val': 0.30724231336112645, 'hidden_size': 12, 'dropout': 0.20252817416857802, 'hidden_continuous_size': 8, 'attention_head_size': 2, 'learning_rate': 0.013368001670289686}. Best is trial 0 with value: 5.091708660125732.
[I 2023-12-26 14:25:09,349] Trial 9 finished with value: 64.9107894897461 and parameters: {'gradient_clip_val': 0.36799946024453284, 'hidden_size': 6, 'dropout': 0.3148781491267687, 'hidden_continuous_size': 5, 'attention_head_size': 1, 'learning_rate': 0.0039852951465925756}. Best is trial 0 with value: 5.091708660125732.
[I 2023-12-26 14:25:12,059] Trial 10 finished with value: 65.24533081054688 and parameters: {'gradient_clip_val': 0.1832642894767035, 'hidden_size': 29, 'dropout': 0.37876907692301076, 'hidden_continuous_size': 15, 'attention_head_size': 3, 'learning_rate': 0.0908255352479878}. Best is trial 0 with value: 5.091708660125732.
[I 2023-12-26 14:25:14,775] Trial 11 finished with value: 79.48767852783203 and parameters: {'gradient_clip_val': 0.10899288212833523, 'hidden_size': 42, 'dropout': 0.42463818664557507, 'hidden_continuous_size': 16, 'attention_head_size': 3, 'learning_rate': 0.03562788191295323}. Best is trial 0 with value: 5.091708660125732.
[I 2023-12-26 14:25:18,454] Trial 12 finished with value: 63.63717269897461 and parameters: {'gradient_clip_val': 0.24482767548527157, 'hidden_size': 63, 'dropout': 0.4405855870958147, 'hidden_continuous_size': 25, 'attention_head_size': 2, 'learning_rate': 0.0903604019071197}. Best is trial 0 with value: 5.091708660125732.
[I 2023-12-26 14:25:20,805] Trial 13 finished with value: 69.08199310302734 and parameters: {'gradient_clip_val': 0.4729660727998524, 'hidden_size': 32, 'dropout': 0.49904710504124455, 'hidden_continuous_size': 12, 'attention_head_size': 3, 'learning_rate': 0.026489661393553902}. Best is trial 0 with value: 5.091708660125732.
[I 2023-12-26 14:25:29,924] Trial 14 finished with value: 47.630680084228516 and parameters: {'gradient_clip_val': 0.22582773196442008, 'hidden_size': 142, 'dropout': 0.3871730341281543, 'hidden_continuous_size': 93, 'attention_head_size': 1, 'learning_rate': 0.01930055668894795}. Best is trial 0 with value: 5.091708660125732.
[I 2023-12-26 14:25:33,396] Trial 15 finished with value: 49.86930465698242 and parameters: {'gradient_clip_val': 0.10484603497513673, 'hidden_size': 59, 'dropout': 0.2645366713256627, 'hidden_continuous_size': 21, 'attention_head_size': 4, 'learning_rate': 0.05328134401460173}. Best is trial 0 with value: 5.091708660125732.
[I 2023-12-26 14:25:35,591] Trial 16 finished with value: 63.346073150634766 and parameters: {'gradient_clip_val': 0.2621780478996066, 'hidden_size': 24, 'dropout': 0.44816140655783077, 'hidden_continuous_size': 11, 'attention_head_size': 3, 'learning_rate': 0.06174315305910619}. Best is trial 0 with value: 5.091708660125732.
[I 2023-12-26 14:25:38,184] Trial 17 finished with value: 70.91627502441406 and parameters: {'gradient_clip_val': 0.1601418801578213, 'hidden_size': 38, 'dropout': 0.3508509027471185, 'hidden_continuous_size': 13, 'attention_head_size': 2, 'learning_rate': 0.019029013378233848}. Best is trial 0 with value: 5.091708660125732.
[I 2023-12-26 14:25:40,319] Trial 18 finished with value: 59.2319450378418 and parameters: {'gradient_clip_val': 0.4348395155092915, 'hidden_size': 19, 'dropout': 0.4149993434049053, 'hidden_continuous_size': 7, 'attention_head_size': 3, 'learning_rate': 0.052219277514344055}. Best is trial 0 with value: 5.091708660125732.
[I 2023-12-26 14:25:45,945] Trial 19 finished with value: 58.38675308227539 and parameters: {'gradient_clip_val': 0.23037221692920026, 'hidden_size': 95, 'dropout': 0.4617106430626837, 'hidden_continuous_size': 26, 'attention_head_size': 2, 'learning_rate': 0.012579450376978071}. Best is trial 0 with value: 5.091708660125732.
[I 2023-12-26 14:25:48,738] Trial 20 finished with value: 69.3608169555664 and parameters: {'gradient_clip_val': 0.6460044674173825, 'hidden_size': 45, 'dropout': 0.40857021014740963, 'hidden_continuous_size': 10, 'attention_head_size': 1, 'learning_rate': 0.03072634094996549}. Best is trial 0 with value: 5.091708660125732.
