[I 2023-12-16 01:33:28,358] Trial 33 finished with value: 2.36427640914917 and parameters: {'gradient_clip_val': 0.3168464245874843, 'hidden_size': 83, 'dropout': 0.27745668810551805, 'hidden_continuous_size': 44, 'attention_head_size': 1, 'learning_rate': 0.0037983322692406794}. Best is trial 5 with value: 0.1991623193025589.
LOCAL_RANK: 0 - CUDA_VISIBLE_DEVICES: [0]
[I 2023-12-16 01:34:21,906] Trial 34 finished with value: 0.06981510668992996 and parameters: {'gradient_clip_val': 0.4980059552935237, 'hidden_size': 59, 'dropout': 0.21916067324138883, 'hidden_continuous_size': 23, 'attention_head_size': 2, 'learning_rate': 0.005203077428105391}. Best is trial 34 with value: 0.06981510668992996.
LOCAL_RANK: 0 - CUDA_VISIBLE_DEVICES: [0]
[I 2023-12-16 01:35:15,251] Trial 35 finished with value: 0.15970826148986816 and parameters: {'gradient_clip_val': 0.5218205914844568, 'hidden_size': 57, 'dropout': 0.20771452121953768, 'hidden_continuous_size': 22, 'attention_head_size': 2, 'learning_rate': 0.006752696332520789}. Best is trial 34 with value: 0.06981510668992996.
LOCAL_RANK: 0 - CUDA_VISIBLE_DEVICES: [0]
[I 2023-12-16 01:36:07,165] Trial 36 finished with value: 2.6935672760009766 and parameters: {'gradient_clip_val': 0.5728457447368857, 'hidden_size': 44, 'dropout': 0.20381111873696636, 'hidden_continuous_size': 22, 'attention_head_size': 2, 'learning_rate': 0.0063979002126846604}. Best is trial 34 with value: 0.06981510668992996.
LOCAL_RANK: 0 - CUDA_VISIBLE_DEVICES: [0]
[I 2023-12-16 01:37:01,989] Trial 37 finished with value: 2.496345043182373 and parameters: {'gradient_clip_val': 0.3794895928462259, 'hidden_size': 81, 'dropout': 0.21678223507745312, 'hidden_continuous_size': 23, 'attention_head_size': 4, 'learning_rate': 0.0026358274002149184}. Best is trial 34 with value: 0.06981510668992996.
LOCAL_RANK: 0 - CUDA_VISIBLE_DEVICES: [0]
[I 2023-12-16 01:37:56,966] Trial 38 finished with value: 1.4761343002319336 and parameters: {'gradient_clip_val': 0.5117791421624641, 'hidden_size': 96, 'dropout': 0.17786255791979955, 'hidden_continuous_size': 33, 'attention_head_size': 2, 'learning_rate': 0.0009451682272057885}. Best is trial 34 with value: 0.06981510668992996.
LOCAL_RANK: 0 - CUDA_VISIBLE_DEVICES: [0]
[I 2023-12-16 01:38:49,415] Trial 39 finished with value: 1.192952036857605 and parameters: {'gradient_clip_val': 0.667866453662587, 'hidden_size': 56, 'dropout': 0.23667427196694568, 'hidden_continuous_size': 17, 'attention_head_size': 2, 'learning_rate': 0.0007379372892637025}. Best is trial 34 with value: 0.06981510668992996.
LOCAL_RANK: 0 - CUDA_VISIBLE_DEVICES: [0]
[I 2023-12-16 01:39:40,831] Trial 40 finished with value: 0.5972342491149902 and parameters: {'gradient_clip_val': 0.5044504076247184, 'hidden_size': 36, 'dropout': 0.16418649170216362, 'hidden_continuous_size': 21, 'attention_head_size': 3, 'learning_rate': 0.0005626092600403717}. Best is trial 34 with value: 0.06981510668992996.
LOCAL_RANK: 0 - CUDA_VISIBLE_DEVICES: [0]
[I 2023-12-16 01:40:35,332] Trial 41 finished with value: 0.3795293867588043 and parameters: {'gradient_clip_val': 0.4829824433352881, 'hidden_size': 66, 'dropout': 0.16302221547861695, 'hidden_continuous_size': 21, 'attention_head_size': 4, 'learning_rate': 0.0005097660101191853}. Best is trial 34 with value: 0.06981510668992996.
LOCAL_RANK: 0 - CUDA_VISIBLE_DEVICES: [0]
[I 2023-12-16 01:41:28,878] Trial 42 finished with value: 2.586919069290161 and parameters: {'gradient_clip_val': 0.3736024515312114, 'hidden_size': 64, 'dropout': 0.20303472955782514, 'hidden_continuous_size': 25, 'attention_head_size': 4, 'learning_rate': 0.0005085348140209582}. Best is trial 34 with value: 0.06981510668992996.
LOCAL_RANK: 0 - CUDA_VISIBLE_DEVICES: [0]
[I 2023-12-16 01:42:24,265] Trial 43 finished with value: 2.0106310844421387 and parameters: {'gradient_clip_val': 0.4343878595749633, 'hidden_size': 83, 'dropout': 0.1624789564270268, 'hidden_continuous_size': 31, 'attention_head_size': 4, 'learning_rate': 0.000691655201275385}. Best is trial 34 with value: 0.06981510668992996.
LOCAL_RANK: 0 - CUDA_VISIBLE_DEVICES: [0]
[I 2023-12-16 01:43:17,791] Trial 44 finished with value: 2.0248324871063232 and parameters: {'gradient_clip_val': 0.6020231211385672, 'hidden_size': 47, 'dropout': 0.14016380749259644, 'hidden_continuous_size': 19, 'attention_head_size': 4, 'learning_rate': 0.0008985977447592482}. Best is trial 34 with value: 0.06981510668992996.
LOCAL_RANK: 0 - CUDA_VISIBLE_DEVICES: [0]
[I 2023-12-16 01:44:12,143] Trial 45 finished with value: 1.5422006845474243 and parameters: {'gradient_clip_val': 0.7524539533808391, 'hidden_size': 70, 'dropout': 0.21440796358967787, 'hidden_continuous_size': 24, 'attention_head_size': 3, 'learning_rate': 0.00724446927095927}. Best is trial 34 with value: 0.06981510668992996.
LOCAL_RANK: 0 - CUDA_VISIBLE_DEVICES: [0]
[I 2023-12-16 01:45:08,776] Trial 46 finished with value: 1.6322492361068726 and parameters: {'gradient_clip_val': 0.5196323085400825, 'hidden_size': 91, 'dropout': 0.232686186174226, 'hidden_continuous_size': 38, 'attention_head_size': 4, 'learning_rate': 0.0017908846794938546}. Best is trial 34 with value: 0.06981510668992996.
LOCAL_RANK: 0 - CUDA_VISIBLE_DEVICES: [0]
[I 2023-12-16 01:46:02,043] Trial 47 finished with value: 0.957188606262207 and parameters: {'gradient_clip_val': 0.4834798691640111, 'hidden_size': 59, 'dropout': 0.24652568710991785, 'hidden_continuous_size': 16, 'attention_head_size': 2, 'learning_rate': 0.0014158553765547966}. Best is trial 34 with value: 0.06981510668992996.
LOCAL_RANK: 0 - CUDA_VISIBLE_DEVICES: [0]
[I 2023-12-16 01:46:56,500] Trial 48 finished with value: 1.1291279792785645 and parameters: {'gradient_clip_val': 0.6283196474479363, 'hidden_size': 71, 'dropout': 0.2230760515256698, 'hidden_continuous_size': 15, 'attention_head_size': 4, 'learning_rate': 0.0020638238139688396}. Best is trial 34 with value: 0.06981510668992996.
LOCAL_RANK: 0 - CUDA_VISIBLE_DEVICES: [0]
[I 2023-12-16 01:47:49,919] Trial 49 finished with value: 0.6703886985778809 and parameters: {'gradient_clip_val': 0.529246055648922, 'hidden_size': 50, 'dropout': 0.2099141376806042, 'hidden_continuous_size': 20, 'attention_head_size': 3, 'learning_rate': 0.003099784026601307}. Best is trial 34 with value: 0.06981510668992996.
[I 2023-12-16 01:47:50,013] A new study created in memory with name: no-name-a75df0a1-8149-436e-9801-cadaa4af70aa
/home/le004/conda/anaconda3/envs/tsff_env/lib/python3.9/site-packages/lightning/fabric/plugins/environments/slurm.py:191: The `srun` command is available on your system but is not used. HINT: If your intention is to run Lightning on SLURM, prepend your python command with `srun` like so: srun python /home/le004/master_thesis/git/TSFusionForecast/code/ ...
LOCAL_RANK: 0 - CUDA_VISIBLE_DEVICES: [0]
[I 2023-12-16 01:48:43,485] Trial 0 finished with value: 1.5603185892105103 and parameters: {'gradient_clip_val': 0.7285414431083582, 'hidden_size': 52, 'dropout': 0.10215151632878147, 'hidden_continuous_size': 14, 'attention_head_size': 4, 'learning_rate': 0.025103184223062666}. Best is trial 0 with value: 1.5603185892105103.
LOCAL_RANK: 0 - CUDA_VISIBLE_DEVICES: [0]
[I 2023-12-16 01:49:29,435] Trial 1 finished with value: 0.5504160523414612 and parameters: {'gradient_clip_val': 0.23919113810558992, 'hidden_size': 7, 'dropout': 0.3861927808044924, 'hidden_continuous_size': 6, 'attention_head_size': 4, 'learning_rate': 0.003974733041111732}. Best is trial 1 with value: 0.5504160523414612.
LOCAL_RANK: 0 - CUDA_VISIBLE_DEVICES: [0]
[I 2023-12-16 01:50:18,005] Trial 2 finished with value: 2.6500608921051025 and parameters: {'gradient_clip_val': 0.15361053980200662, 'hidden_size': 23, 'dropout': 0.1259451591932319, 'hidden_continuous_size': 13, 'attention_head_size': 1, 'learning_rate': 0.030182762244459024}. Best is trial 1 with value: 0.5504160523414612.
LOCAL_RANK: 0 - CUDA_VISIBLE_DEVICES: [0]
[I 2023-12-16 01:50:52,949] Trial 3 finished with value: 2.645752191543579 and parameters: {'gradient_clip_val': 0.1650013117643638, 'hidden_size': 7, 'dropout': 0.16328116840111945, 'hidden_continuous_size': 7, 'attention_head_size': 3, 'learning_rate': 0.0007123593236625354}. Best is trial 1 with value: 0.5504160523414612.
LOCAL_RANK: 0 - CUDA_VISIBLE_DEVICES: [0]
[I 2023-12-16 01:51:41,422] Trial 4 finished with value: 4.05270528793335 and parameters: {'gradient_clip_val': 0.3719628109779168, 'hidden_size': 32, 'dropout': 0.24301808876753853, 'hidden_continuous_size': 6, 'attention_head_size': 4, 'learning_rate': 0.009292948247093969}. Best is trial 1 with value: 0.5504160523414612.
LOCAL_RANK: 0 - CUDA_VISIBLE_DEVICES: [0]
[I 2023-12-16 01:52:33,783] Trial 5 finished with value: 1.9325278997421265 and parameters: {'gradient_clip_val': 0.15779162007384304, 'hidden_size': 54, 'dropout': 0.20185654730188884, 'hidden_continuous_size': 13, 'attention_head_size': 1, 'learning_rate': 0.0026396266168678888}. Best is trial 1 with value: 0.5504160523414612.
LOCAL_RANK: 0 - CUDA_VISIBLE_DEVICES: [0]
[I 2023-12-16 01:53:19,839] Trial 6 finished with value: 5.5869879722595215 and parameters: {'gradient_clip_val': 0.21853345735170157, 'hidden_size': 13, 'dropout': 0.10652997565392403, 'hidden_continuous_size': 11, 'attention_head_size': 2, 'learning_rate': 0.043099565264294405}. Best is trial 1 with value: 0.5504160523414612.
LOCAL_RANK: 0 - CUDA_VISIBLE_DEVICES: [0]
[I 2023-12-16 01:54:14,091] Trial 7 finished with value: 0.9069015979766846 and parameters: {'gradient_clip_val': 0.3434451102872939, 'hidden_size': 90, 'dropout': 0.26417802016365277, 'hidden_continuous_size': 17, 'attention_head_size': 2, 'learning_rate': 0.03891131434296507}. Best is trial 1 with value: 0.5504160523414612.
LOCAL_RANK: 0 - CUDA_VISIBLE_DEVICES: [0]
[I 2023-12-16 01:55:02,067] Trial 8 finished with value: 1.2500765323638916 and parameters: {'gradient_clip_val': 0.4723451855698622, 'hidden_size': 25, 'dropout': 0.16294451746081287, 'hidden_continuous_size': 6, 'attention_head_size': 1, 'learning_rate': 0.00780480542563688}. Best is trial 1 with value: 0.5504160523414612.
LOCAL_RANK: 0 - CUDA_VISIBLE_DEVICES: [0]
[I 2023-12-16 01:55:47,328] Trial 9 finished with value: 2.9789059162139893 and parameters: {'gradient_clip_val': 0.15410390829450482, 'hidden_size': 6, 'dropout': 0.1769785069926455, 'hidden_continuous_size': 5, 'attention_head_size': 2, 'learning_rate': 0.03481202299541845}. Best is trial 1 with value: 0.5504160523414612.
LOCAL_RANK: 0 - CUDA_VISIBLE_DEVICES: [0]
[I 2023-12-16 01:56:32,158] Trial 10 finished with value: 4.17225980758667 and parameters: {'gradient_clip_val': 0.1125306185869109, 'hidden_size': 12, 'dropout': 0.39407016803880146, 'hidden_continuous_size': 8, 'attention_head_size': 3, 'learning_rate': 0.0917606892016149}. Best is trial 1 with value: 0.5504160523414612.
LOCAL_RANK: 0 - CUDA_VISIBLE_DEVICES: [0]
[I 2023-12-16 01:57:27,169] Trial 11 finished with value: 0.48447558283805847 and parameters: {'gradient_clip_val': 0.2965662156515191, 'hidden_size': 84, 'dropout': 0.3343941415269003, 'hidden_continuous_size': 35, 'attention_head_size': 3, 'learning_rate': 0.0030570477770144443}. Best is trial 11 with value: 0.48447558283805847.
LOCAL_RANK: 0 - CUDA_VISIBLE_DEVICES: [0]
[I 2023-12-16 01:58:02,224] Trial 12 finished with value: 1.6896063089370728 and parameters: {'gradient_clip_val': 0.24537756337722075, 'hidden_size': 5, 'dropout': 0.37754913835710807, 'hidden_continuous_size': 5, 'attention_head_size': 4, 'learning_rate': 0.0030883488333829515}. Best is trial 11 with value: 0.48447558283805847.
LOCAL_RANK: 0 - CUDA_VISIBLE_DEVICES: [0]
[I 2023-12-16 01:58:48,290] Trial 13 finished with value: 1.4710968732833862 and parameters: {'gradient_clip_val': 0.27426185584713547, 'hidden_size': 13, 'dropout': 0.3450705766411352, 'hidden_continuous_size': 8, 'attention_head_size': 3, 'learning_rate': 0.0027834897921406817}. Best is trial 11 with value: 0.48447558283805847.
LOCAL_RANK: 0 - CUDA_VISIBLE_DEVICES: [0]
[I 2023-12-16 01:59:43,972] Trial 14 finished with value: 3.0332815647125244 and parameters: {'gradient_clip_val': 0.48301379649451115, 'hidden_size': 89, 'dropout': 0.33088666707919584, 'hidden_continuous_size': 30, 'attention_head_size': 4, 'learning_rate': 0.0011863117157070628}. Best is trial 11 with value: 0.48447558283805847.
LOCAL_RANK: 0 - CUDA_VISIBLE_DEVICES: [0]
[I 2023-12-16 02:00:29,482] Trial 15 finished with value: 0.4952244758605957 and parameters: {'gradient_clip_val': 0.2224083114929561, 'hidden_size': 9, 'dropout': 0.32104655358296424, 'hidden_continuous_size': 5, 'attention_head_size': 3, 'learning_rate': 0.0036058453304897917}. Best is trial 11 with value: 0.48447558283805847.
LOCAL_RANK: 0 - CUDA_VISIBLE_DEVICES: [0]
[I 2023-12-16 02:01:04,799] Trial 16 finished with value: 0.4303414821624756 and parameters: {'gradient_clip_val': 0.3149384906037631, 'hidden_size': 37, 'dropout': 0.30415728925639, 'hidden_continuous_size': 37, 'attention_head_size': 3, 'learning_rate': 0.0014563512753677861}. Best is trial 16 with value: 0.4303414821624756.
LOCAL_RANK: 0 - CUDA_VISIBLE_DEVICES: [0]
[I 2023-12-16 02:01:57,996] Trial 17 finished with value: 2.3730223178863525 and parameters: {'gradient_clip_val': 0.4041726684287763, 'hidden_size': 44, 'dropout': 0.2864741794814744, 'hidden_continuous_size': 42, 'attention_head_size': 3, 'learning_rate': 0.0005662563115977712}. Best is trial 16 with value: 0.4303414821624756.
LOCAL_RANK: 0 - CUDA_VISIBLE_DEVICES: [0]
[I 2023-12-16 02:02:53,561] Trial 18 finished with value: 0.4138379991054535 and parameters: {'gradient_clip_val': 0.9899509939238335, 'hidden_size': 67, 'dropout': 0.30190685863887395, 'hidden_continuous_size': 64, 'attention_head_size': 2, 'learning_rate': 0.0013899309607165978}. Best is trial 18 with value: 0.4138379991054535.
LOCAL_RANK: 0 - CUDA_VISIBLE_DEVICES: [0]
[I 2023-12-16 02:03:45,778] Trial 19 finished with value: 3.906033515930176 and parameters: {'gradient_clip_val': 0.7600423771507432, 'hidden_size': 35, 'dropout': 0.2997087562884416, 'hidden_continuous_size': 25, 'attention_head_size': 2, 'learning_rate': 0.0012127091577792746}. Best is trial 18 with value: 0.4138379991054535.
LOCAL_RANK: 0 - CUDA_VISIBLE_DEVICES: [0]
[I 2023-12-16 02:04:40,853] Trial 20 finished with value: 0.4727000296115875 and parameters: {'gradient_clip_val': 0.8711678296348987, 'hidden_size': 63, 'dropout': 0.23822903859209466, 'hidden_continuous_size': 61, 'attention_head_size': 2, 'learning_rate': 0.0015057766139688737}. Best is trial 18 with value: 0.4138379991054535.
LOCAL_RANK: 0 - CUDA_VISIBLE_DEVICES: [0]
[I 2023-12-16 02:05:35,664] Trial 21 finished with value: 2.814288377761841 and parameters: {'gradient_clip_val': 0.9440221252673036, 'hidden_size': 63, 'dropout': 0.2436864745718109, 'hidden_continuous_size': 62, 'attention_head_size': 2, 'learning_rate': 0.0015151390507715803}. Best is trial 18 with value: 0.4138379991054535.
LOCAL_RANK: 0 - CUDA_VISIBLE_DEVICES: [0]
[I 2023-12-16 02:06:31,480] Trial 22 finished with value: 0.7358073592185974 and parameters: {'gradient_clip_val': 0.9302210469221074, 'hidden_size': 69, 'dropout': 0.2735074025917417, 'hidden_continuous_size': 68, 'attention_head_size': 2, 'learning_rate': 0.0008989878449963014}. Best is trial 18 with value: 0.4138379991054535.
LOCAL_RANK: 0 - CUDA_VISIBLE_DEVICES: [0]
[I 2023-12-16 02:07:25,207] Trial 23 finished with value: 1.8743873834609985 and parameters: {'gradient_clip_val': 0.6206322435103847, 'hidden_size': 46, 'dropout': 0.2957236840969133, 'hidden_continuous_size': 42, 'attention_head_size': 2, 'learning_rate': 0.001823680317662656}. Best is trial 18 with value: 0.4138379991054535.
LOCAL_RANK: 0 - CUDA_VISIBLE_DEVICES: [0]
[I 2023-12-16 02:08:19,261] Trial 24 finished with value: 3.2699334621429443 and parameters: {'gradient_clip_val': 0.6031493927832431, 'hidden_size': 62, 'dropout': 0.23401134841373883, 'hidden_continuous_size': 52, 'attention_head_size': 1, 'learning_rate': 0.0008125608847333403}. Best is trial 18 with value: 0.4138379991054535.
LOCAL_RANK: 0 - CUDA_VISIBLE_DEVICES: [0]
[I 2023-12-16 02:09:10,745] Trial 25 finished with value: 3.7791740894317627 and parameters: {'gradient_clip_val': 0.9856533706831353, 'hidden_size': 40, 'dropout': 0.26323008111275764, 'hidden_continuous_size': 26, 'attention_head_size': 2, 'learning_rate': 0.0005457537851680001}. Best is trial 18 with value: 0.4138379991054535.
LOCAL_RANK: 0 - CUDA_VISIBLE_DEVICES: [0]
[I 2023-12-16 02:10:02,890] Trial 26 finished with value: 1.4444252252578735 and parameters: {'gradient_clip_val': 0.7598345942671325, 'hidden_size': 31, 'dropout': 0.305157442175173, 'hidden_continuous_size': 21, 'attention_head_size': 3, 'learning_rate': 0.001781255023332162}. Best is trial 18 with value: 0.4138379991054535.
LOCAL_RANK: 0 - CUDA_VISIBLE_DEVICES: [0]
[I 2023-12-16 02:10:39,331] Trial 27 finished with value: 2.3611574172973633 and parameters: {'gradient_clip_val': 0.4457378930179388, 'hidden_size': 73, 'dropout': 0.22200628297084646, 'hidden_continuous_size': 73, 'attention_head_size': 2, 'learning_rate': 0.001019630682224409}. Best is trial 18 with value: 0.4138379991054535.
LOCAL_RANK: 0 - CUDA_VISIBLE_DEVICES: [0]
[I 2023-12-16 02:11:32,230] Trial 28 finished with value: 1.7577719688415527 and parameters: {'gradient_clip_val': 0.5792837610048001, 'hidden_size': 52, 'dropout': 0.2780036906490655, 'hidden_continuous_size': 42, 'attention_head_size': 1, 'learning_rate': 0.00189188084773094}. Best is trial 18 with value: 0.4138379991054535.
LOCAL_RANK: 0 - CUDA_VISIBLE_DEVICES: [0]
[I 2023-12-16 02:12:26,914] Trial 29 finished with value: 0.11469722539186478 and parameters: {'gradient_clip_val': 0.8269250939448565, 'hidden_size': 55, 'dropout': 0.25831366780464327, 'hidden_continuous_size': 49, 'attention_head_size': 3, 'learning_rate': 0.0005018772830584541}. Best is trial 29 with value: 0.11469722539186478.
LOCAL_RANK: 0 - CUDA_VISIBLE_DEVICES: [0]
[I 2023-12-16 02:13:25,116] Trial 30 finished with value: 0.6934654116630554 and parameters: {'gradient_clip_val': 0.8085328258234005, 'hidden_size': 97, 'dropout': 0.3536211102153346, 'hidden_continuous_size': 94, 'attention_head_size': 3, 'learning_rate': 0.000587052809872033}. Best is trial 29 with value: 0.11469722539186478.
LOCAL_RANK: 0 - CUDA_VISIBLE_DEVICES: [0]
[I 2023-12-16 02:14:19,109] Trial 31 finished with value: 1.232025146484375 and parameters: {'gradient_clip_val': 0.684912312119051, 'hidden_size': 53, 'dropout': 0.262065472707227, 'hidden_continuous_size': 38, 'attention_head_size': 3, 'learning_rate': 0.0007982109342984377}. Best is trial 29 with value: 0.11469722539186478.
LOCAL_RANK: 0 - CUDA_VISIBLE_DEVICES: [0]
[I 2023-12-16 02:15:14,953] Trial 32 finished with value: 2.3017189502716064 and parameters: {'gradient_clip_val': 0.9953620521257849, 'hidden_size': 74, 'dropout': 0.2814008185262867, 'hidden_continuous_size': 51, 'attention_head_size': 3, 'learning_rate': 0.0005061982197484888}. Best is trial 29 with value: 0.11469722539186478.
LOCAL_RANK: 0 - CUDA_VISIBLE_DEVICES: [0]
[I 2023-12-16 02:16:06,387] Trial 33 finished with value: 2.771319627761841 and parameters: {'gradient_clip_val': 0.8131628636807531, 'hidden_size': 40, 'dropout': 0.31321257007886316, 'hidden_continuous_size': 31, 'attention_head_size': 2, 'learning_rate': 0.0012678377751597887}. Best is trial 29 with value: 0.11469722539186478.
LOCAL_RANK: 0 - CUDA_VISIBLE_DEVICES: [0]
[I 2023-12-16 02:17:01,504] Trial 34 finished with value: 0.49500584602355957 and parameters: {'gradient_clip_val': 0.5241549024557135, 'hidden_size': 60, 'dropout': 0.2933605180912755, 'hidden_continuous_size': 46, 'attention_head_size': 4, 'learning_rate': 0.0009330709003731038}. Best is trial 29 with value: 0.11469722539186478.
LOCAL_RANK: 0 - CUDA_VISIBLE_DEVICES: [0]
[I 2023-12-16 02:17:55,359] Trial 35 finished with value: 0.5025946497917175 and parameters: {'gradient_clip_val': 0.6694046615077855, 'hidden_size': 49, 'dropout': 0.312336944826228, 'hidden_continuous_size': 35, 'attention_head_size': 3, 'learning_rate': 0.005571095916381129}. Best is trial 29 with value: 0.11469722539186478.
LOCAL_RANK: 0 - CUDA_VISIBLE_DEVICES: [0]
[I 2023-12-16 02:18:50,712] Trial 36 finished with value: 1.3982576131820679 and parameters: {'gradient_clip_val': 0.8614929074635976, 'hidden_size': 77, 'dropout': 0.2569584383530108, 'hidden_continuous_size': 54, 'attention_head_size': 2, 'learning_rate': 0.0007247383736209179}. Best is trial 29 with value: 0.11469722539186478.
LOCAL_RANK: 0 - CUDA_VISIBLE_DEVICES: [0]
[I 2023-12-16 02:19:46,012] Trial 37 finished with value: 1.276450276374817 and parameters: {'gradient_clip_val': 0.7066768578615051, 'hidden_size': 59, 'dropout': 0.22135694455980792, 'hidden_continuous_size': 44, 'attention_head_size': 4, 'learning_rate': 0.00209534876380468}. Best is trial 29 with value: 0.11469722539186478.
LOCAL_RANK: 0 - CUDA_VISIBLE_DEVICES: [0]
[I 2023-12-16 02:20:43,602] Trial 38 finished with value: 3.203097105026245 and parameters: {'gradient_clip_val': 0.8550587326685152, 'hidden_size': 97, 'dropout': 0.24973245552130954, 'hidden_continuous_size': 81, 'attention_head_size': 1, 'learning_rate': 0.001426815437141064}. Best is trial 29 with value: 0.11469722539186478.
LOCAL_RANK: 0 - CUDA_VISIBLE_DEVICES: [0]
[I 2023-12-16 02:21:34,569] Trial 39 finished with value: 3.8731863498687744 and parameters: {'gradient_clip_val': 0.3781756710074703, 'hidden_size': 28, 'dropout': 0.276092098653681, 'hidden_continuous_size': 25, 'attention_head_size': 3, 'learning_rate': 0.00471288223497689}. Best is trial 29 with value: 0.11469722539186478.
LOCAL_RANK: 0 - CUDA_VISIBLE_DEVICES: [0]
