[I 2023-12-26 12:12:21,109] Trial 23 finished with value: 615.6181640625 and parameters: {'gradient_clip_val': 0.6795712256399246, 'hidden_size': 76, 'dropout': 0.3300527209842187, 'hidden_continuous_size': 73, 'attention_head_size': 2, 'learning_rate': 0.0016449289419340144}. Best is trial 0 with value: 114.67471313476562.
[I 2023-12-26 12:12:24,102] Trial 24 finished with value: 403.1755065917969 and parameters: {'gradient_clip_val': 0.42445267074969606, 'hidden_size': 49, 'dropout': 0.41456830730739813, 'hidden_continuous_size': 27, 'attention_head_size': 3, 'learning_rate': 0.0008292544712256542}. Best is trial 0 with value: 114.67471313476562.
[I 2023-12-26 12:12:26,633] Trial 25 finished with value: 615.3623046875 and parameters: {'gradient_clip_val': 0.7596660492699893, 'hidden_size': 30, 'dropout': 0.3083584773483752, 'hidden_continuous_size': 18, 'attention_head_size': 2, 'learning_rate': 0.001392874022094941}. Best is trial 0 with value: 114.67471313476562.
[I 2023-12-26 12:12:29,908] Trial 26 finished with value: 468.449462890625 and parameters: {'gradient_clip_val': 0.5861357758714763, 'hidden_size': 40, 'dropout': 0.3595229925794682, 'hidden_continuous_size': 14, 'attention_head_size': 1, 'learning_rate': 0.0005116091508718356}. Best is trial 0 with value: 114.67471313476562.
[I 2023-12-26 12:12:34,856] Trial 27 finished with value: 496.7107849121094 and parameters: {'gradient_clip_val': 0.7997511141034852, 'hidden_size': 83, 'dropout': 0.13544437922742977, 'hidden_continuous_size': 30, 'attention_head_size': 3, 'learning_rate': 0.0033711892168221016}. Best is trial 0 with value: 114.67471313476562.
[I 2023-12-26 12:12:38,355] Trial 28 finished with value: 448.565185546875 and parameters: {'gradient_clip_val': 0.5904478650556524, 'hidden_size': 61, 'dropout': 0.2863329016720426, 'hidden_continuous_size': 36, 'attention_head_size': 2, 'learning_rate': 0.001885018953555644}. Best is trial 0 with value: 114.67471313476562.
[I 2023-12-26 12:12:45,167] Trial 29 finished with value: 518.4203491210938 and parameters: {'gradient_clip_val': 0.9976979604543722, 'hidden_size': 105, 'dropout': 0.44838398038330507, 'hidden_continuous_size': 105, 'attention_head_size': 3, 'learning_rate': 0.00515250620986265}. Best is trial 0 with value: 114.67471313476562.
[I 2023-12-26 12:12:47,657] Trial 30 finished with value: 579.6217651367188 and parameters: {'gradient_clip_val': 0.7662048899870872, 'hidden_size': 30, 'dropout': 0.4283953480377608, 'hidden_continuous_size': 13, 'attention_head_size': 2, 'learning_rate': 0.0008312434706426676}. Best is trial 0 with value: 114.67471313476562.
[I 2023-12-26 12:12:50,677] Trial 31 finished with value: 476.8688049316406 and parameters: {'gradient_clip_val': 0.4007210025579748, 'hidden_size': 49, 'dropout': 0.3987336343922203, 'hidden_continuous_size': 26, 'attention_head_size': 4, 'learning_rate': 0.0011984693741859532}. Best is trial 0 with value: 114.67471313476562.
[I 2023-12-26 12:12:54,138] Trial 32 finished with value: 479.9190979003906 and parameters: {'gradient_clip_val': 0.4449960938866812, 'hidden_size': 51, 'dropout': 0.4291532307123519, 'hidden_continuous_size': 18, 'attention_head_size': 4, 'learning_rate': 0.0007484398291684553}. Best is trial 0 with value: 114.67471313476562.
[I 2023-12-26 12:12:57,680] Trial 33 finished with value: 579.5267944335938 and parameters: {'gradient_clip_val': 0.5222594625382353, 'hidden_size': 40, 'dropout': 0.48089429312234666, 'hidden_continuous_size': 16, 'attention_head_size': 3, 'learning_rate': 0.0014249163887546095}. Best is trial 0 with value: 114.67471313476562.
[I 2023-12-26 12:13:01,062] Trial 34 finished with value: 465.385986328125 and parameters: {'gradient_clip_val': 0.36300478574247125, 'hidden_size': 28, 'dropout': 0.3827516048101704, 'hidden_continuous_size': 19, 'attention_head_size': 3, 'learning_rate': 0.0008890728412942857}. Best is trial 0 with value: 114.67471313476562.
[I 2023-12-26 12:13:05,030] Trial 35 finished with value: 436.1612243652344 and parameters: {'gradient_clip_val': 0.4220463569684127, 'hidden_size': 45, 'dropout': 0.4634774222939955, 'hidden_continuous_size': 26, 'attention_head_size': 4, 'learning_rate': 0.0016274008295657065}. Best is trial 0 with value: 114.67471313476562.
[I 2023-12-26 12:13:09,673] Trial 36 finished with value: 456.2298278808594 and parameters: {'gradient_clip_val': 0.4645126192821718, 'hidden_size': 72, 'dropout': 0.42917351726919417, 'hidden_continuous_size': 38, 'attention_head_size': 2, 'learning_rate': 0.0026225884508836467}. Best is trial 0 with value: 114.67471313476562.
[I 2023-12-26 12:13:15,046] Trial 37 finished with value: 439.263671875 and parameters: {'gradient_clip_val': 0.5402365605350146, 'hidden_size': 86, 'dropout': 0.14928052291934985, 'hidden_continuous_size': 28, 'attention_head_size': 4, 'learning_rate': 0.007481365542260116}. Best is trial 0 with value: 114.67471313476562.
[I 2023-12-26 12:13:22,502] Trial 38 finished with value: 532.6314086914062 and parameters: {'gradient_clip_val': 0.4490314477725246, 'hidden_size': 108, 'dropout': 0.3523124896546178, 'hidden_continuous_size': 24, 'attention_head_size': 3, 'learning_rate': 0.0010793098629517692}. Best is trial 0 with value: 114.67471313476562.
[I 2023-12-26 12:13:24,866] Trial 39 finished with value: 306.0290832519531 and parameters: {'gradient_clip_val': 0.6531361005553165, 'hidden_size': 23, 'dropout': 0.39854775292259326, 'hidden_continuous_size': 15, 'attention_head_size': 2, 'learning_rate': 0.0007142174694972251}. Best is trial 0 with value: 114.67471313476562.
[I 2023-12-26 12:13:27,231] Trial 40 finished with value: 475.6904602050781 and parameters: {'gradient_clip_val': 0.689529557401127, 'hidden_size': 23, 'dropout': 0.37277681477366514, 'hidden_continuous_size': 15, 'attention_head_size': 1, 'learning_rate': 0.001916928616894397}. Best is trial 0 with value: 114.67471313476562.
[I 2023-12-26 12:13:29,872] Trial 41 finished with value: 460.1701965332031 and parameters: {'gradient_clip_val': 0.5728229158061505, 'hidden_size': 35, 'dropout': 0.40200438800883054, 'hidden_continuous_size': 21, 'attention_head_size': 2, 'learning_rate': 0.000691623177627598}. Best is trial 0 with value: 114.67471313476562.
[I 2023-12-26 12:13:32,207] Trial 42 finished with value: 434.3973693847656 and parameters: {'gradient_clip_val': 0.48679577988919637, 'hidden_size': 25, 'dropout': 0.34371640525846014, 'hidden_continuous_size': 17, 'attention_head_size': 2, 'learning_rate': 0.0006897420871236302}. Best is trial 0 with value: 114.67471313476562.
[I 2023-12-26 12:13:34,360] Trial 43 finished with value: 478.4825744628906 and parameters: {'gradient_clip_val': 0.8274913388258125, 'hidden_size': 20, 'dropout': 0.3867411202846448, 'hidden_continuous_size': 13, 'attention_head_size': 2, 'learning_rate': 0.000980108663594186}. Best is trial 0 with value: 114.67471313476562.
[I 2023-12-26 12:13:36,788] Trial 44 finished with value: 454.7221984863281 and parameters: {'gradient_clip_val': 0.6609524389222561, 'hidden_size': 27, 'dropout': 0.36151161045081326, 'hidden_continuous_size': 20, 'attention_head_size': 2, 'learning_rate': 0.001292185252891134}. Best is trial 0 with value: 114.67471313476562.
[I 2023-12-26 12:13:39,497] Trial 45 finished with value: 515.7265625 and parameters: {'gradient_clip_val': 0.5335318956450431, 'hidden_size': 38, 'dropout': 0.4135600890594388, 'hidden_continuous_size': 23, 'attention_head_size': 3, 'learning_rate': 0.0006951426292975345}. Best is trial 0 with value: 114.67471313476562.
[I 2023-12-26 12:13:42,353] Trial 46 finished with value: 422.517333984375 and parameters: {'gradient_clip_val': 0.8538718164190063, 'hidden_size': 44, 'dropout': 0.4482197643539313, 'hidden_continuous_size': 20, 'attention_head_size': 2, 'learning_rate': 0.0005413833497428991}. Best is trial 0 with value: 114.67471313476562.
[I 2023-12-26 12:13:44,904] Trial 47 finished with value: 568.4075317382812 and parameters: {'gradient_clip_val': 0.7224186002078069, 'hidden_size': 35, 'dropout': 0.3156140885049361, 'hidden_continuous_size': 16, 'attention_head_size': 1, 'learning_rate': 0.000988038859473983}. Best is trial 0 with value: 114.67471313476562.
[I 2023-12-26 12:13:47,083] Trial 48 finished with value: 507.6948547363281 and parameters: {'gradient_clip_val': 0.6256510524285892, 'hidden_size': 15, 'dropout': 0.41569580776652126, 'hidden_continuous_size': 11, 'attention_head_size': 3, 'learning_rate': 0.0005107532777455714}. Best is trial 0 with value: 114.67471313476562.
[I 2023-12-26 12:13:49,474] Trial 49 finished with value: 549.539794921875 and parameters: {'gradient_clip_val': 0.46907592814089133, 'hidden_size': 19, 'dropout': 0.39443594122594866, 'hidden_continuous_size': 14, 'attention_head_size': 2, 'learning_rate': 0.010778573009778676}. Best is trial 0 with value: 114.67471313476562.
[I 2023-12-26 12:13:49,591] A new study created in memory with name: no-name-dd8a2f0c-9cc5-41a2-bc3d-fd022645d011
/home/le004/conda/anaconda3/envs/tsff_env/lib/python3.9/site-packages/lightning/fabric/plugins/environments/slurm.py:191: The `srun` command is available on your system but is not used. HINT: If your intention is to run Lightning on SLURM, prepend your python command with `srun` like so: srun python /home/le004/master_thesis/git/TSFusionForecast/code/ ...
[I 2023-12-26 12:16:49,949] Trial 0 finished with value: 789.225830078125 and parameters: {'gradient_clip_val': 0.17617914382207508, 'hidden_size': 6, 'dropout': 0.3111566668300527, 'hidden_continuous_size': 5, 'attention_head_size': 4, 'learning_rate': 0.03639775943034987}. Best is trial 0 with value: 789.225830078125.
[I 2023-12-26 12:16:52,334] Trial 1 finished with value: 1730.9364013671875 and parameters: {'gradient_clip_val': 0.7896804865321432, 'hidden_size': 7, 'dropout': 0.35241615688997074, 'hidden_continuous_size': 5, 'attention_head_size': 3, 'learning_rate': 0.07353832462021727}. Best is trial 0 with value: 789.225830078125.
[I 2023-12-26 12:16:55,744] Trial 2 finished with value: 1362.5074462890625 and parameters: {'gradient_clip_val': 0.5651286307559235, 'hidden_size': 35, 'dropout': 0.29889549703716095, 'hidden_continuous_size': 9, 'attention_head_size': 4, 'learning_rate': 0.010021231829578044}. Best is trial 0 with value: 789.225830078125.
[I 2023-12-26 12:16:58,001] Trial 3 finished with value: 2007.8944091796875 and parameters: {'gradient_clip_val': 0.2733776874877408, 'hidden_size': 10, 'dropout': 0.12581577578787712, 'hidden_continuous_size': 6, 'attention_head_size': 4, 'learning_rate': 0.02426128443262412}. Best is trial 0 with value: 789.225830078125.
[I 2023-12-26 12:17:02,283] Trial 4 finished with value: 1628.9296875 and parameters: {'gradient_clip_val': 0.42309922697880586, 'hidden_size': 49, 'dropout': 0.12312865150249129, 'hidden_continuous_size': 6, 'attention_head_size': 4, 'learning_rate': 0.028949026024867867}. Best is trial 0 with value: 789.225830078125.
[I 2023-12-26 12:17:12,813] Trial 5 finished with value: 1791.0660400390625 and parameters: {'gradient_clip_val': 0.40405639481419187, 'hidden_size': 136, 'dropout': 0.4200865266262672, 'hidden_continuous_size': 13, 'attention_head_size': 2, 'learning_rate': 0.006672121189939482}. Best is trial 0 with value: 789.225830078125.
[I 2023-12-26 12:17:16,980] Trial 6 finished with value: 1982.3189697265625 and parameters: {'gradient_clip_val': 0.11416483290667706, 'hidden_size': 62, 'dropout': 0.15675639470002778, 'hidden_continuous_size': 25, 'attention_head_size': 2, 'learning_rate': 0.008226709172111716}. Best is trial 0 with value: 789.225830078125.
[I 2023-12-26 12:17:22,649] Trial 7 finished with value: 1366.6861572265625 and parameters: {'gradient_clip_val': 0.2410018471120551, 'hidden_size': 97, 'dropout': 0.3804194628208618, 'hidden_continuous_size': 5, 'attention_head_size': 4, 'learning_rate': 0.057258243631276094}. Best is trial 0 with value: 789.225830078125.
[I 2023-12-26 12:17:29,387] Trial 8 finished with value: 1870.64794921875 and parameters: {'gradient_clip_val': 0.8943088393150036, 'hidden_size': 98, 'dropout': 0.19278571203278094, 'hidden_continuous_size': 20, 'attention_head_size': 2, 'learning_rate': 0.05998099809082647}. Best is trial 0 with value: 789.225830078125.
[I 2023-12-26 12:17:33,855] Trial 9 finished with value: 1765.8126220703125 and parameters: {'gradient_clip_val': 0.27296459655495275, 'hidden_size': 73, 'dropout': 0.23437298855012495, 'hidden_continuous_size': 66, 'attention_head_size': 1, 'learning_rate': 0.012701638030262048}. Best is trial 0 with value: 789.225830078125.
[I 2023-12-26 12:17:35,920] Trial 10 finished with value: 2219.88623046875 and parameters: {'gradient_clip_val': 0.15158392270209514, 'hidden_size': 14, 'dropout': 0.2825693033526344, 'hidden_continuous_size': 5, 'attention_head_size': 3, 'learning_rate': 0.0015418714208774373}. Best is trial 0 with value: 789.225830078125.
[I 2023-12-26 12:17:37,683] Trial 11 finished with value: 1862.6168212890625 and parameters: {'gradient_clip_val': 0.5865033241979433, 'hidden_size': 5, 'dropout': 0.4913608021021375, 'hidden_continuous_size': 5, 'attention_head_size': 4, 'learning_rate': 0.003538510587941521}. Best is trial 0 with value: 789.225830078125.
[I 2023-12-26 12:17:39,907] Trial 12 finished with value: 2120.195556640625 and parameters: {'gradient_clip_val': 0.20458625142556908, 'hidden_size': 22, 'dropout': 0.28676008043777335, 'hidden_continuous_size': 8, 'attention_head_size': 3, 'learning_rate': 0.0007072467318547992}. Best is trial 0 with value: 789.225830078125.
[I 2023-12-26 12:17:42,443] Trial 13 finished with value: 1553.6832275390625 and parameters: {'gradient_clip_val': 0.1714016591950423, 'hidden_size': 34, 'dropout': 0.32057862990264374, 'hidden_continuous_size': 8, 'attention_head_size': 4, 'learning_rate': 0.01760515298805729}. Best is trial 0 with value: 789.225830078125.
[I 2023-12-26 12:17:44,615] Trial 14 finished with value: 1708.64697265625 and parameters: {'gradient_clip_val': 0.10064733787255173, 'hidden_size': 19, 'dropout': 0.24293648433094345, 'hidden_continuous_size': 7, 'attention_head_size': 3, 'learning_rate': 0.032888123472328966}. Best is trial 0 with value: 789.225830078125.
[I 2023-12-26 12:17:47,516] Trial 15 finished with value: 1933.8172607421875 and parameters: {'gradient_clip_val': 0.4203197734654654, 'hidden_size': 35, 'dropout': 0.3387786103526063, 'hidden_continuous_size': 10, 'attention_head_size': 1, 'learning_rate': 0.0965242817805164}. Best is trial 0 with value: 789.225830078125.
[I 2023-12-26 12:17:49,774] Trial 16 finished with value: 1275.26220703125 and parameters: {'gradient_clip_val': 0.589081519331147, 'hidden_size': 13, 'dropout': 0.24469759415956455, 'hidden_continuous_size': 6, 'attention_head_size': 4, 'learning_rate': 0.012260938937075324}. Best is trial 0 with value: 789.225830078125.
[I 2023-12-26 12:17:52,041] Trial 17 finished with value: 1912.2340087890625 and parameters: {'gradient_clip_val': 0.3168921007349493, 'hidden_size': 10, 'dropout': 0.23441375358378744, 'hidden_continuous_size': 5, 'attention_head_size': 3, 'learning_rate': 0.03733951565160356}. Best is trial 0 with value: 789.225830078125.
[I 2023-12-26 12:17:53,849] Trial 18 finished with value: 2641.716064453125 and parameters: {'gradient_clip_val': 0.988164182160607, 'hidden_size': 5, 'dropout': 0.17647187249846724, 'hidden_continuous_size': 5, 'attention_head_size': 4, 'learning_rate': 0.016445144259313607}. Best is trial 0 with value: 789.225830078125.
[I 2023-12-26 12:17:55,829] Trial 19 finished with value: 1942.0361328125 and parameters: {'gradient_clip_val': 0.1420337426119199, 'hidden_size': 8, 'dropout': 0.25949465324879933, 'hidden_continuous_size': 5, 'attention_head_size': 3, 'learning_rate': 0.005222270521802381}. Best is trial 0 with value: 789.225830078125.
[I 2023-12-26 12:17:58,275] Trial 20 finished with value: 1500.5224609375 and parameters: {'gradient_clip_val': 0.20962234776426913, 'hidden_size': 15, 'dropout': 0.2063760823102223, 'hidden_continuous_size': 6, 'attention_head_size': 4, 'learning_rate': 0.015035170130830916}. Best is trial 0 with value: 789.225830078125.
[I 2023-12-26 12:18:00,828] Trial 21 finished with value: 1771.7445068359375 and parameters: {'gradient_clip_val': 0.6752446381868298, 'hidden_size': 29, 'dropout': 0.30349095393641135, 'hidden_continuous_size': 7, 'attention_head_size': 4, 'learning_rate': 0.010630732588050992}. Best is trial 0 with value: 789.225830078125.
[I 2023-12-26 12:18:02,981] Trial 22 finished with value: 1732.36962890625 and parameters: {'gradient_clip_val': 0.5324525717617293, 'hidden_size': 16, 'dropout': 0.2749065017219886, 'hidden_continuous_size': 6, 'attention_head_size': 4, 'learning_rate': 0.01037042549787753}. Best is trial 0 with value: 789.225830078125.
[I 2023-12-26 12:18:05,449] Trial 23 finished with value: 2274.460205078125 and parameters: {'gradient_clip_val': 0.7205330723276492, 'hidden_size': 23, 'dropout': 0.3100271554305202, 'hidden_continuous_size': 7, 'attention_head_size': 4, 'learning_rate': 0.02437174601305658}. Best is trial 0 with value: 789.225830078125.
[I 2023-12-26 12:18:07,503] Trial 24 finished with value: 2118.513916015625 and parameters: {'gradient_clip_val': 0.5507748325900387, 'hidden_size': 13, 'dropout': 0.23042417081966443, 'hidden_continuous_size': 6, 'attention_head_size': 3, 'learning_rate': 0.04565411992222978}. Best is trial 0 with value: 789.225830078125.
[I 2023-12-26 12:18:09,417] Trial 25 finished with value: 2032.1500244140625 and parameters: {'gradient_clip_val': 0.3560688069658554, 'hidden_size': 6, 'dropout': 0.2658767545901609, 'hidden_continuous_size': 5, 'attention_head_size': 4, 'learning_rate': 0.0045770668643086085}. Best is trial 0 with value: 789.225830078125.
[I 2023-12-26 12:18:11,695] Trial 26 finished with value: 1443.5845947265625 and parameters: {'gradient_clip_val': 0.4997518070935911, 'hidden_size': 10, 'dropout': 0.3538684315472256, 'hidden_continuous_size': 6, 'attention_head_size': 3, 'learning_rate': 0.0178195363857846}. Best is trial 0 with value: 789.225830078125.
[I 2023-12-26 12:18:13,910] Trial 27 finished with value: 2242.08203125 and parameters: {'gradient_clip_val': 0.643213893435407, 'hidden_size': 7, 'dropout': 0.30122838531897245, 'hidden_continuous_size': 5, 'attention_head_size': 4, 'learning_rate': 0.00813199786576256}. Best is trial 0 with value: 789.225830078125.
[I 2023-12-26 12:18:16,535] Trial 28 finished with value: 1912.3785400390625 and parameters: {'gradient_clip_val': 0.46110029812829545, 'hidden_size': 19, 'dropout': 0.2134011657845388, 'hidden_continuous_size': 9, 'attention_head_size': 2, 'learning_rate': 0.021200979810294462}. Best is trial 0 with value: 789.225830078125.
[I 2023-12-26 12:18:18,772] Trial 29 finished with value: 1396.8980712890625 and parameters: {'gradient_clip_val': 0.7979018091067437, 'hidden_size': 8, 'dropout': 0.2662186131050134, 'hidden_continuous_size': 5, 'attention_head_size': 3, 'learning_rate': 0.039630244048962066}. Best is trial 0 with value: 789.225830078125.
[I 2023-12-26 12:18:21,359] Trial 30 finished with value: 1600.419921875 and parameters: {'gradient_clip_val': 0.35556386139113444, 'hidden_size': 12, 'dropout': 0.3400560777213606, 'hidden_continuous_size': 6, 'attention_head_size': 4, 'learning_rate': 0.08909354550987465}. Best is trial 0 with value: 789.225830078125.
[I 2023-12-26 12:18:25,213] Trial 31 finished with value: 1863.6221923828125 and parameters: {'gradient_clip_val': 0.749752082731511, 'hidden_size': 38, 'dropout': 0.3713577114536354, 'hidden_continuous_size': 7, 'attention_head_size': 4, 'learning_rate': 0.05371603495639321}. Best is trial 0 with value: 789.225830078125.
[I 2023-12-26 12:18:36,421] Trial 32 finished with value: 1166.6202392578125 and parameters: {'gradient_clip_val': 0.2465131017527908, 'hidden_size': 146, 'dropout': 0.3838668514822971, 'hidden_continuous_size': 11, 'attention_head_size': 4, 'learning_rate': 0.06768988778443234}. Best is trial 0 with value: 789.225830078125.
[I 2023-12-26 12:18:41,569] Trial 33 finished with value: 1445.5753173828125 and parameters: {'gradient_clip_val': 0.2704305899543045, 'hidden_size': 55, 'dropout': 0.3942167593288065, 'hidden_continuous_size': 11, 'attention_head_size': 4, 'learning_rate': 0.07185685569886337}. Best is trial 0 with value: 789.225830078125.
[I 2023-12-26 12:18:45,635] Trial 34 finished with value: 1842.9610595703125 and parameters: {'gradient_clip_val': 0.600246227958362, 'hidden_size': 48, 'dropout': 0.3243650017574047, 'hidden_continuous_size': 11, 'attention_head_size': 4, 'learning_rate': 0.031173996056404835}. Best is trial 0 with value: 789.225830078125.
[I 2023-12-26 12:18:48,956] Trial 35 finished with value: 1739.5875244140625 and parameters: {'gradient_clip_val': 0.5112579807016135, 'hidden_size': 29, 'dropout': 0.4085434790180555, 'hidden_continuous_size': 9, 'attention_head_size': 4, 'learning_rate': 0.025027853351888993}. Best is trial 0 with value: 789.225830078125.
[I 2023-12-26 12:18:53,096] Trial 36 finished with value: 1819.4383544921875 and parameters: {'gradient_clip_val': 0.3261805183721233, 'hidden_size': 45, 'dropout': 0.3555644169938108, 'hidden_continuous_size': 8, 'attention_head_size': 4, 'learning_rate': 0.04458313715233662}. Best is trial 0 with value: 789.225830078125.
[I 2023-12-26 12:19:05,135] Trial 37 finished with value: 1917.8055419921875 and parameters: {'gradient_clip_val': 0.3905055357217848, 'hidden_size': 146, 'dropout': 0.11064729072286603, 'hidden_continuous_size': 13, 'attention_head_size': 3, 'learning_rate': 0.07172513971245538}. Best is trial 0 with value: 789.225830078125.
