[I 2023-12-26 12:47:04,367] Trial 18 finished with value: 8005.00244140625 and parameters: {'gradient_clip_val': 0.37847221624138006, 'hidden_size': 55, 'dropout': 0.425283199087113, 'hidden_continuous_size': 13, 'attention_head_size': 1, 'learning_rate': 0.043604432253267655}. Best is trial 0 with value: 1382.05712890625.
[I 2023-12-26 12:47:06,873] Trial 19 finished with value: 4910.615234375 and parameters: {'gradient_clip_val': 0.5085402280686984, 'hidden_size': 11, 'dropout': 0.32914062663541843, 'hidden_continuous_size': 6, 'attention_head_size': 2, 'learning_rate': 0.045957462024413656}. Best is trial 0 with value: 1382.05712890625.
[I 2023-12-26 12:47:09,983] Trial 20 finished with value: 7171.40869140625 and parameters: {'gradient_clip_val': 0.6210301482457242, 'hidden_size': 32, 'dropout': 0.43966323539745017, 'hidden_continuous_size': 8, 'attention_head_size': 1, 'learning_rate': 0.012739095329813105}. Best is trial 0 with value: 1382.05712890625.
[I 2023-12-26 12:47:12,365] Trial 21 finished with value: 5483.19091796875 and parameters: {'gradient_clip_val': 0.5283470070006016, 'hidden_size': 10, 'dropout': 0.32498023679439336, 'hidden_continuous_size': 6, 'attention_head_size': 2, 'learning_rate': 0.05964930449239796}. Best is trial 0 with value: 1382.05712890625.
[I 2023-12-26 12:47:14,752] Trial 22 finished with value: 5020.13232421875 and parameters: {'gradient_clip_val': 0.3427054352199335, 'hidden_size': 15, 'dropout': 0.38163641600798265, 'hidden_continuous_size': 6, 'attention_head_size': 2, 'learning_rate': 0.05032444557068331}. Best is trial 0 with value: 1382.05712890625.
[I 2023-12-26 12:47:16,800] Trial 23 finished with value: 7113.16015625 and parameters: {'gradient_clip_val': 0.23984307484419293, 'hidden_size': 8, 'dropout': 0.33382096151122287, 'hidden_continuous_size': 6, 'attention_head_size': 2, 'learning_rate': 0.09853117880421514}. Best is trial 0 with value: 1382.05712890625.
[I 2023-12-26 12:47:19,105] Trial 24 finished with value: 4482.26171875 and parameters: {'gradient_clip_val': 0.40566897484359915, 'hidden_size': 15, 'dropout': 0.24241476416808735, 'hidden_continuous_size': 7, 'attention_head_size': 2, 'learning_rate': 0.028285545586373903}. Best is trial 0 with value: 1382.05712890625.
[I 2023-12-26 12:47:21,684] Trial 25 finished with value: 4534.47900390625 and parameters: {'gradient_clip_val': 0.2997303890713806, 'hidden_size': 20, 'dropout': 0.23341592083687665, 'hidden_continuous_size': 8, 'attention_head_size': 1, 'learning_rate': 0.02721589004498592}. Best is trial 0 with value: 1382.05712890625.
[I 2023-12-26 12:47:24,444] Trial 26 finished with value: 6954.59375 and parameters: {'gradient_clip_val': 0.3919210507502946, 'hidden_size': 21, 'dropout': 0.2317495809168419, 'hidden_continuous_size': 8, 'attention_head_size': 1, 'learning_rate': 0.02678560279871773}. Best is trial 0 with value: 1382.05712890625.
[I 2023-12-26 12:47:26,869] Trial 27 finished with value: 5323.7412109375 and parameters: {'gradient_clip_val': 0.3081890805389905, 'hidden_size': 21, 'dropout': 0.24460571482408708, 'hidden_continuous_size': 8, 'attention_head_size': 1, 'learning_rate': 0.018941309182149806}. Best is trial 0 with value: 1382.05712890625.
[I 2023-12-26 12:47:29,113] Trial 28 finished with value: 6711.251953125 and parameters: {'gradient_clip_val': 0.40608347706333286, 'hidden_size': 15, 'dropout': 0.27241237612648667, 'hidden_continuous_size': 7, 'attention_head_size': 1, 'learning_rate': 0.028178146261260723}. Best is trial 0 with value: 1382.05712890625.
[I 2023-12-26 12:47:31,953] Trial 29 finished with value: 6078.25 and parameters: {'gradient_clip_val': 0.32066302106653766, 'hidden_size': 26, 'dropout': 0.216459908343891, 'hidden_continuous_size': 9, 'attention_head_size': 1, 'learning_rate': 0.05738241958548574}. Best is trial 0 with value: 1382.05712890625.
[I 2023-12-26 12:47:34,813] Trial 30 finished with value: 5285.3603515625 and parameters: {'gradient_clip_val': 0.3627355132178836, 'hidden_size': 30, 'dropout': 0.1484489345004121, 'hidden_continuous_size': 10, 'attention_head_size': 3, 'learning_rate': 0.016183416452382814}. Best is trial 0 with value: 1382.05712890625.
[I 2023-12-26 12:47:37,320] Trial 31 finished with value: 6579.48974609375 and parameters: {'gradient_clip_val': 0.14890555769364522, 'hidden_size': 15, 'dropout': 0.15296515798519206, 'hidden_continuous_size': 7, 'attention_head_size': 2, 'learning_rate': 0.06496069743545504}. Best is trial 0 with value: 1382.05712890625.
[I 2023-12-26 12:47:39,555] Trial 32 finished with value: 5206.04150390625 and parameters: {'gradient_clip_val': 0.23281344630629877, 'hidden_size': 22, 'dropout': 0.20870955678188433, 'hidden_continuous_size': 8, 'attention_head_size': 2, 'learning_rate': 0.033929101910676204}. Best is trial 0 with value: 1382.05712890625.
[I 2023-12-26 12:47:41,727] Trial 33 finished with value: 6466.7265625 and parameters: {'gradient_clip_val': 0.2629519303737396, 'hidden_size': 18, 'dropout': 0.2602941367007663, 'hidden_continuous_size': 7, 'attention_head_size': 3, 'learning_rate': 0.07153267821124346}. Best is trial 0 with value: 1382.05712890625.
[I 2023-12-26 12:47:43,865] Trial 34 finished with value: 6330.380859375 and parameters: {'gradient_clip_val': 0.17644382057531094, 'hidden_size': 13, 'dropout': 0.18732152585382128, 'hidden_continuous_size': 7, 'attention_head_size': 1, 'learning_rate': 0.04610395980125941}. Best is trial 0 with value: 1382.05712890625.
[I 2023-12-26 12:47:46,025] Trial 35 finished with value: 6447.78125 and parameters: {'gradient_clip_val': 0.12889911205605642, 'hidden_size': 9, 'dropout': 0.16775763148100842, 'hidden_continuous_size': 6, 'attention_head_size': 2, 'learning_rate': 0.008442145234046535}. Best is trial 0 with value: 1382.05712890625.
[I 2023-12-26 12:47:48,455] Trial 36 finished with value: 5866.423828125 and parameters: {'gradient_clip_val': 0.21660845940963416, 'hidden_size': 26, 'dropout': 0.29838102013688267, 'hidden_continuous_size': 5, 'attention_head_size': 1, 'learning_rate': 0.03148210088639317}. Best is trial 0 with value: 1382.05712890625.
[I 2023-12-26 12:47:50,691] Trial 37 finished with value: 6404.48388671875 and parameters: {'gradient_clip_val': 0.18409732564975434, 'hidden_size': 18, 'dropout': 0.12867211580127463, 'hidden_continuous_size': 8, 'attention_head_size': 3, 'learning_rate': 0.06942798068607083}. Best is trial 0 with value: 1382.05712890625.
[I 2023-12-26 12:47:52,850] Trial 38 finished with value: 4451.41943359375 and parameters: {'gradient_clip_val': 0.34865883489306915, 'hidden_size': 13, 'dropout': 0.19294246135572465, 'hidden_continuous_size': 7, 'attention_head_size': 2, 'learning_rate': 0.02302656987852368}. Best is trial 0 with value: 1382.05712890625.
[I 2023-12-26 12:47:54,796] Trial 39 finished with value: 5468.06005859375 and parameters: {'gradient_clip_val': 0.34328581194651314, 'hidden_size': 8, 'dropout': 0.20381572748065144, 'hidden_continuous_size': 7, 'attention_head_size': 1, 'learning_rate': 0.02135137443891636}. Best is trial 0 with value: 1382.05712890625.
[I 2023-12-26 12:47:57,117] Trial 40 finished with value: 5493.20654296875 and parameters: {'gradient_clip_val': 0.4285464081052036, 'hidden_size': 21, 'dropout': 0.18879532054157824, 'hidden_continuous_size': 9, 'attention_head_size': 2, 'learning_rate': 0.03519116676553057}. Best is trial 0 with value: 1382.05712890625.
[I 2023-12-26 12:47:59,311] Trial 41 finished with value: 6476.638671875 and parameters: {'gradient_clip_val': 0.2870850470572214, 'hidden_size': 14, 'dropout': 0.21385168183680128, 'hidden_continuous_size': 7, 'attention_head_size': 2, 'learning_rate': 0.027729510774758243}. Best is trial 0 with value: 1382.05712890625.
[I 2023-12-26 12:48:01,742] Trial 42 finished with value: 5744.09619140625 and parameters: {'gradient_clip_val': 0.33368853847970925, 'hidden_size': 13, 'dropout': 0.18016928607774074, 'hidden_continuous_size': 7, 'attention_head_size': 2, 'learning_rate': 0.05076955372434477}. Best is trial 0 with value: 1382.05712890625.
[I 2023-12-26 12:48:03,798] Trial 43 finished with value: 6075.03271484375 and parameters: {'gradient_clip_val': 0.2002975308617845, 'hidden_size': 16, 'dropout': 0.12396621320912848, 'hidden_continuous_size': 8, 'attention_head_size': 3, 'learning_rate': 0.022349270702186282}. Best is trial 0 with value: 1382.05712890625.
[I 2023-12-26 12:48:05,985] Trial 44 finished with value: 4611.8232421875 and parameters: {'gradient_clip_val': 0.46717667951704334, 'hidden_size': 18, 'dropout': 0.22881231727028825, 'hidden_continuous_size': 5, 'attention_head_size': 2, 'learning_rate': 0.0361260210332305}. Best is trial 0 with value: 1382.05712890625.
[I 2023-12-26 12:48:08,234] Trial 45 finished with value: 5170.19775390625 and parameters: {'gradient_clip_val': 0.37845170843979703, 'hidden_size': 20, 'dropout': 0.28321002944321355, 'hidden_continuous_size': 5, 'attention_head_size': 1, 'learning_rate': 0.015873779602636688}. Best is trial 0 with value: 1382.05712890625.
[I 2023-12-26 12:48:10,379] Trial 46 finished with value: 5391.88525390625 and parameters: {'gradient_clip_val': 0.43967716051294986, 'hidden_size': 12, 'dropout': 0.22467037944743956, 'hidden_continuous_size': 5, 'attention_head_size': 2, 'learning_rate': 0.033431680363216504}. Best is trial 0 with value: 1382.05712890625.
[I 2023-12-26 12:48:12,974] Trial 47 finished with value: 5935.501953125 and parameters: {'gradient_clip_val': 0.48526087123227796, 'hidden_size': 29, 'dropout': 0.25478186183046336, 'hidden_continuous_size': 10, 'attention_head_size': 1, 'learning_rate': 0.04192183543952125}. Best is trial 0 with value: 1382.05712890625.
[I 2023-12-26 12:48:15,820] Trial 48 finished with value: 8302.3408203125 and parameters: {'gradient_clip_val': 0.5320785393265168, 'hidden_size': 35, 'dropout': 0.22767403331194555, 'hidden_continuous_size': 5, 'attention_head_size': 3, 'learning_rate': 0.020014341177183325}. Best is trial 0 with value: 1382.05712890625.
[I 2023-12-26 12:48:18,224] Trial 49 finished with value: 5495.54541015625 and parameters: {'gradient_clip_val': 0.6109545780278267, 'hidden_size': 24, 'dropout': 0.19763470592234586, 'hidden_continuous_size': 9, 'attention_head_size': 4, 'learning_rate': 0.02535763703695254}. Best is trial 0 with value: 1382.05712890625.
[I 2023-12-26 12:48:18,354] A new study created in memory with name: no-name-599d0435-a43f-4a45-9f37-bc1ac525b0ac
/home/le004/conda/anaconda3/envs/tsff_env/lib/python3.9/site-packages/lightning/fabric/plugins/environments/slurm.py:191: The `srun` command is available on your system but is not used. HINT: If your intention is to run Lightning on SLURM, prepend your python command with `srun` like so: srun python /home/le004/master_thesis/git/TSFusionForecast/code/ ...
[I 2023-12-26 12:56:54,807] Trial 0 finished with value: 78.5403823852539 and parameters: {'gradient_clip_val': 0.5754669835544474, 'hidden_size': 125, 'dropout': 0.354819078050326, 'hidden_continuous_size': 42, 'attention_head_size': 2, 'learning_rate': 0.02747033749624951}. Best is trial 0 with value: 78.5403823852539.
[I 2023-12-26 12:56:56,921] Trial 1 finished with value: 193.5261688232422 and parameters: {'gradient_clip_val': 0.6264597218022814, 'hidden_size': 14, 'dropout': 0.34321288298538466, 'hidden_continuous_size': 10, 'attention_head_size': 1, 'learning_rate': 0.005291689394619348}. Best is trial 0 with value: 78.5403823852539.
[I 2023-12-26 12:57:02,909] Trial 2 finished with value: 237.1726837158203 and parameters: {'gradient_clip_val': 0.2636560669096791, 'hidden_size': 85, 'dropout': 0.285149451556987, 'hidden_continuous_size': 6, 'attention_head_size': 1, 'learning_rate': 0.008153604792531662}. Best is trial 0 with value: 78.5403823852539.
[I 2023-12-26 12:57:05,206] Trial 3 finished with value: 199.7666778564453 and parameters: {'gradient_clip_val': 0.4749875949555456, 'hidden_size': 12, 'dropout': 0.48088197175353764, 'hidden_continuous_size': 5, 'attention_head_size': 3, 'learning_rate': 0.012828050870079115}. Best is trial 0 with value: 78.5403823852539.
[I 2023-12-26 12:57:07,380] Trial 4 finished with value: 223.4124755859375 and parameters: {'gradient_clip_val': 0.46957524487155816, 'hidden_size': 15, 'dropout': 0.15051776454402677, 'hidden_continuous_size': 15, 'attention_head_size': 3, 'learning_rate': 0.04253424195529592}. Best is trial 0 with value: 78.5403823852539.
[I 2023-12-26 12:57:10,250] Trial 5 finished with value: 259.0802917480469 and parameters: {'gradient_clip_val': 0.6382400632055767, 'hidden_size': 27, 'dropout': 0.18451803867025568, 'hidden_continuous_size': 17, 'attention_head_size': 2, 'learning_rate': 0.0013465985540466047}. Best is trial 0 with value: 78.5403823852539.
[I 2023-12-26 12:57:12,632] Trial 6 finished with value: 228.798095703125 and parameters: {'gradient_clip_val': 0.22627319492997539, 'hidden_size': 7, 'dropout': 0.31097212556135156, 'hidden_continuous_size': 6, 'attention_head_size': 3, 'learning_rate': 0.016688764352742344}. Best is trial 0 with value: 78.5403823852539.
[I 2023-12-26 12:57:17,712] Trial 7 finished with value: 201.2879180908203 and parameters: {'gradient_clip_val': 0.22825583809774308, 'hidden_size': 59, 'dropout': 0.16109836880155248, 'hidden_continuous_size': 10, 'attention_head_size': 3, 'learning_rate': 0.0010672097871116174}. Best is trial 0 with value: 78.5403823852539.
[I 2023-12-26 12:57:30,627] Trial 8 finished with value: 187.330810546875 and parameters: {'gradient_clip_val': 0.4417276218738833, 'hidden_size': 149, 'dropout': 0.2769592606942656, 'hidden_continuous_size': 75, 'attention_head_size': 3, 'learning_rate': 0.01626527320590471}. Best is trial 0 with value: 78.5403823852539.
[I 2023-12-26 12:57:33,401] Trial 9 finished with value: 270.4096374511719 and parameters: {'gradient_clip_val': 0.20451567506097107, 'hidden_size': 14, 'dropout': 0.20326190515793532, 'hidden_continuous_size': 5, 'attention_head_size': 2, 'learning_rate': 0.0010735477579947874}. Best is trial 0 with value: 78.5403823852539.
[I 2023-12-26 12:57:37,269] Trial 10 finished with value: 331.2998352050781 and parameters: {'gradient_clip_val': 0.923200856458978, 'hidden_size': 43, 'dropout': 0.40496904428112496, 'hidden_continuous_size': 39, 'attention_head_size': 4, 'learning_rate': 0.09317264140278697}. Best is trial 0 with value: 78.5403823852539.
[I 2023-12-26 12:57:48,977] Trial 11 finished with value: 203.4722900390625 and parameters: {'gradient_clip_val': 0.14294113398644215, 'hidden_size': 150, 'dropout': 0.2543203367801685, 'hidden_continuous_size': 94, 'attention_head_size': 4, 'learning_rate': 0.0262456462994788}. Best is trial 0 with value: 78.5403823852539.
[I 2023-12-26 12:58:00,165] Trial 12 finished with value: 158.4477996826172 and parameters: {'gradient_clip_val': 0.4048862446618425, 'hidden_size': 145, 'dropout': 0.3700894270074158, 'hidden_continuous_size': 52, 'attention_head_size': 2, 'learning_rate': 0.03701530276672319}. Best is trial 0 with value: 78.5403823852539.
[I 2023-12-26 12:58:07,692] Trial 13 finished with value: 116.25334930419922 and parameters: {'gradient_clip_val': 0.32030264690777227, 'hidden_size': 91, 'dropout': 0.3829564590559937, 'hidden_continuous_size': 39, 'attention_head_size': 2, 'learning_rate': 0.06822143697898278}. Best is trial 0 with value: 78.5403823852539.
[I 2023-12-26 12:58:14,420] Trial 14 finished with value: 178.229736328125 and parameters: {'gradient_clip_val': 0.3125397115038186, 'hidden_size': 80, 'dropout': 0.4246832706155478, 'hidden_continuous_size': 28, 'attention_head_size': 1, 'learning_rate': 0.09345306197214805}. Best is trial 0 with value: 78.5403823852539.
[I 2023-12-26 12:58:18,446] Trial 15 finished with value: 222.4076385498047 and parameters: {'gradient_clip_val': 0.10536311878167387, 'hidden_size': 41, 'dropout': 0.3605985826111136, 'hidden_continuous_size': 21, 'attention_head_size': 2, 'learning_rate': 0.06059454354354775}. Best is trial 0 with value: 78.5403823852539.
[I 2023-12-26 12:58:26,940] Trial 16 finished with value: 203.59779357910156 and parameters: {'gradient_clip_val': 0.30661979095544256, 'hidden_size': 106, 'dropout': 0.4508294057636984, 'hidden_continuous_size': 38, 'attention_head_size': 2, 'learning_rate': 0.04889468808050327}. Best is trial 0 with value: 78.5403823852539.
[I 2023-12-26 12:58:32,596] Trial 17 finished with value: 244.27720642089844 and parameters: {'gradient_clip_val': 0.35953683617781707, 'hidden_size': 65, 'dropout': 0.49980707284977105, 'hidden_continuous_size': 29, 'attention_head_size': 1, 'learning_rate': 0.02474493069057573}. Best is trial 0 with value: 78.5403823852539.
[I 2023-12-26 12:58:40,658] Trial 18 finished with value: 250.12579345703125 and parameters: {'gradient_clip_val': 0.6545834624944704, 'hidden_size': 104, 'dropout': 0.11163046900238635, 'hidden_continuous_size': 62, 'attention_head_size': 2, 'learning_rate': 0.06543625900269111}. Best is trial 0 with value: 78.5403823852539.
[I 2023-12-26 12:58:45,009] Trial 19 finished with value: 216.11346435546875 and parameters: {'gradient_clip_val': 0.9189330152710441, 'hidden_size': 59, 'dropout': 0.39456199657369173, 'hidden_continuous_size': 38, 'attention_head_size': 1, 'learning_rate': 0.03171729620084537}. Best is trial 0 with value: 78.5403823852539.
[I 2023-12-26 12:58:53,143] Trial 20 finished with value: 205.5369415283203 and parameters: {'gradient_clip_val': 0.5541584008588119, 'hidden_size': 105, 'dropout': 0.3150375094184478, 'hidden_continuous_size': 102, 'attention_head_size': 2, 'learning_rate': 0.062237800004573615}. Best is trial 0 with value: 78.5403823852539.
[I 2023-12-26 12:59:07,598] Trial 21 finished with value: 194.65199279785156 and parameters: {'gradient_clip_val': 0.3678776352052596, 'hidden_size': 147, 'dropout': 0.37008592278284447, 'hidden_continuous_size': 143, 'attention_head_size': 2, 'learning_rate': 0.04020798959594108}. Best is trial 0 with value: 78.5403823852539.
[I 2023-12-26 12:59:17,448] Trial 22 finished with value: 207.93023681640625 and parameters: {'gradient_clip_val': 0.42096657259799686, 'hidden_size': 112, 'dropout': 0.34842122430035627, 'hidden_continuous_size': 54, 'attention_head_size': 2, 'learning_rate': 0.02969844089685883}. Best is trial 0 with value: 78.5403823852539.
[I 2023-12-26 12:59:24,270] Trial 23 finished with value: 199.61883544921875 and parameters: {'gradient_clip_val': 0.3585332409102612, 'hidden_size': 80, 'dropout': 0.38946362554838504, 'hidden_continuous_size': 51, 'attention_head_size': 2, 'learning_rate': 0.08482803208158436}. Best is trial 0 with value: 78.5403823852539.
[I 2023-12-26 12:59:34,664] Trial 24 finished with value: 228.9401092529297 and parameters: {'gradient_clip_val': 0.5465869057818354, 'hidden_size': 125, 'dropout': 0.44161131676596427, 'hidden_continuous_size': 46, 'attention_head_size': 3, 'learning_rate': 0.04311719984390833}. Best is trial 0 with value: 78.5403823852539.
[I 2023-12-26 12:59:42,383] Trial 25 finished with value: 245.0609130859375 and parameters: {'gradient_clip_val': 0.2722986478681967, 'hidden_size': 90, 'dropout': 0.3238485497907311, 'hidden_continuous_size': 30, 'attention_head_size': 2, 'learning_rate': 0.0233827966851008}. Best is trial 0 with value: 78.5403823852539.
[I 2023-12-26 12:59:52,794] Trial 26 finished with value: 237.4836883544922 and parameters: {'gradient_clip_val': 0.7456796227004555, 'hidden_size': 121, 'dropout': 0.37975148311268647, 'hidden_continuous_size': 65, 'attention_head_size': 1, 'learning_rate': 0.058502610201230966}. Best is trial 0 with value: 78.5403823852539.
[I 2023-12-26 12:59:59,090] Trial 27 finished with value: 157.0414276123047 and parameters: {'gradient_clip_val': 0.40760080801579734, 'hidden_size': 70, 'dropout': 0.3380407979365248, 'hidden_continuous_size': 44, 'attention_head_size': 2, 'learning_rate': 0.09933296894970879}. Best is trial 0 with value: 78.5403823852539.
[I 2023-12-26 13:00:03,741] Trial 28 finished with value: 245.4397430419922 and parameters: {'gradient_clip_val': 0.46798194849274316, 'hidden_size': 47, 'dropout': 0.3361845792277506, 'hidden_continuous_size': 25, 'attention_head_size': 3, 'learning_rate': 0.09946505782474567}. Best is trial 0 with value: 78.5403823852539.
[I 2023-12-26 13:00:09,968] Trial 29 finished with value: 198.6138458251953 and parameters: {'gradient_clip_val': 0.5516377370783353, 'hidden_size': 69, 'dropout': 0.3434402100447069, 'hidden_continuous_size': 36, 'attention_head_size': 1, 'learning_rate': 0.06250588832956973}. Best is trial 0 with value: 78.5403823852539.
[I 2023-12-26 13:00:14,883] Trial 30 finished with value: 247.8470916748047 and parameters: {'gradient_clip_val': 0.3620437873166524, 'hidden_size': 52, 'dropout': 0.4074034600434675, 'hidden_continuous_size': 34, 'attention_head_size': 1, 'learning_rate': 0.00660451073100203}. Best is trial 0 with value: 78.5403823852539.
[I 2023-12-26 13:00:22,691] Trial 31 finished with value: 273.36199951171875 and parameters: {'gradient_clip_val': 0.37108455178082156, 'hidden_size': 89, 'dropout': 0.3735237301870563, 'hidden_continuous_size': 45, 'attention_head_size': 2, 'learning_rate': 0.0357589947524521}. Best is trial 0 with value: 78.5403823852539.
[I 2023-12-26 13:00:29,762] Trial 32 finished with value: 163.37754821777344 and parameters: {'gradient_clip_val': 0.4075893715692646, 'hidden_size': 81, 'dropout': 0.35405836652889855, 'hidden_continuous_size': 46, 'attention_head_size': 2, 'learning_rate': 0.0734724252134639}. Best is trial 0 with value: 78.5403823852539.
[I 2023-12-26 13:00:40,427] Trial 33 finished with value: 168.89801025390625 and parameters: {'gradient_clip_val': 0.5060813198393075, 'hidden_size': 118, 'dropout': 0.2918734476780076, 'hidden_continuous_size': 52, 'attention_head_size': 2, 'learning_rate': 0.04724930880821681}. Best is trial 0 with value: 78.5403823852539.
