[I 2023-12-15 17:02:45,785] Trial 5 finished with value: 0.5030987858772278 and parameters: {'gradient_clip_val': 0.8644017673604169, 'hidden_size': 5, 'dropout': 0.2221307575231981, 'hidden_continuous_size': 5, 'attention_head_size': 1, 'learning_rate': 0.005399903696627243}. Best is trial 5 with value: 0.5030987858772278.
LOCAL_RANK: 0 - CUDA_VISIBLE_DEVICES: [0]
[I 2023-12-15 17:03:41,800] Trial 6 finished with value: 0.5649011731147766 and parameters: {'gradient_clip_val': 0.11075568114593679, 'hidden_size': 83, 'dropout': 0.2704064731796705, 'hidden_continuous_size': 32, 'attention_head_size': 3, 'learning_rate': 0.028583114323024173}. Best is trial 5 with value: 0.5030987858772278.
LOCAL_RANK: 0 - CUDA_VISIBLE_DEVICES: [0]
[I 2023-12-15 17:04:31,701] Trial 7 finished with value: 1.069559931755066 and parameters: {'gradient_clip_val': 0.3087921366282417, 'hidden_size': 37, 'dropout': 0.31055288980241713, 'hidden_continuous_size': 8, 'attention_head_size': 1, 'learning_rate': 0.012276467371358782}. Best is trial 5 with value: 0.5030987858772278.
LOCAL_RANK: 0 - CUDA_VISIBLE_DEVICES: [0]
[I 2023-12-15 17:05:18,727] Trial 8 finished with value: 4.177079677581787 and parameters: {'gradient_clip_val': 0.1408588268884397, 'hidden_size': 10, 'dropout': 0.3378870596875923, 'hidden_continuous_size': 7, 'attention_head_size': 3, 'learning_rate': 0.0005109162748501326}. Best is trial 5 with value: 0.5030987858772278.
LOCAL_RANK: 0 - CUDA_VISIBLE_DEVICES: [0]
[I 2023-12-15 17:06:10,311] Trial 9 finished with value: 1.2258234024047852 and parameters: {'gradient_clip_val': 0.14999797243096707, 'hidden_size': 32, 'dropout': 0.15780631187373864, 'hidden_continuous_size': 18, 'attention_head_size': 4, 'learning_rate': 0.003970758163820844}. Best is trial 5 with value: 0.5030987858772278.
LOCAL_RANK: 0 - CUDA_VISIBLE_DEVICES: [0]
[I 2023-12-15 17:06:46,692] Trial 10 finished with value: 0.9811646342277527 and parameters: {'gradient_clip_val': 0.9822967824996862, 'hidden_size': 5, 'dropout': 0.3967326292142731, 'hidden_continuous_size': 5, 'attention_head_size': 2, 'learning_rate': 0.01234776592258377}. Best is trial 5 with value: 0.5030987858772278.
LOCAL_RANK: 0 - CUDA_VISIBLE_DEVICES: [0]
[I 2023-12-15 17:07:42,077] Trial 11 finished with value: 0.3778715431690216 and parameters: {'gradient_clip_val': 0.10060352276231908, 'hidden_size': 84, 'dropout': 0.23882095098125306, 'hidden_continuous_size': 29, 'attention_head_size': 2, 'learning_rate': 0.0988152842068618}. Best is trial 11 with value: 0.3778715431690216.
LOCAL_RANK: 0 - CUDA_VISIBLE_DEVICES: [0]
[I 2023-12-15 17:08:30,712] Trial 12 finished with value: 0.9584372639656067 and parameters: {'gradient_clip_val': 0.26096425859562916, 'hidden_size': 20, 'dropout': 0.21809693214351647, 'hidden_continuous_size': 11, 'attention_head_size': 2, 'learning_rate': 0.08665100497465879}. Best is trial 11 with value: 0.3778715431690216.
LOCAL_RANK: 0 - CUDA_VISIBLE_DEVICES: [0]
[I 2023-12-15 17:09:25,845] Trial 13 finished with value: 1.96855890750885 and parameters: {'gradient_clip_val': 0.10055821826083788, 'hidden_size': 95, 'dropout': 0.2047932028017143, 'hidden_continuous_size': 17, 'attention_head_size': 1, 'learning_rate': 0.009594191055587361}. Best is trial 11 with value: 0.3778715431690216.
LOCAL_RANK: 0 - CUDA_VISIBLE_DEVICES: [0]
[I 2023-12-15 17:10:14,682] Trial 14 finished with value: 1.5329818725585938 and parameters: {'gradient_clip_val': 0.2360558613641478, 'hidden_size': 19, 'dropout': 0.21577617968146698, 'hidden_continuous_size': 9, 'attention_head_size': 2, 'learning_rate': 0.02646162196423717}. Best is trial 11 with value: 0.3778715431690216.
LOCAL_RANK: 0 - CUDA_VISIBLE_DEVICES: [0]
[I 2023-12-15 17:10:49,449] Trial 15 finished with value: 6.482244968414307 and parameters: {'gradient_clip_val': 0.3839584433257675, 'hidden_size': 5, 'dropout': 0.27471380293213243, 'hidden_continuous_size': 5, 'attention_head_size': 1, 'learning_rate': 0.00606231359601535}. Best is trial 11 with value: 0.3778715431690216.
LOCAL_RANK: 0 - CUDA_VISIBLE_DEVICES: [0]
[I 2023-12-15 17:11:41,804] Trial 16 finished with value: 0.42101237177848816 and parameters: {'gradient_clip_val': 0.38552248946045997, 'hidden_size': 44, 'dropout': 0.17507083168757684, 'hidden_continuous_size': 12, 'attention_head_size': 2, 'learning_rate': 0.09454110874932582}. Best is trial 11 with value: 0.3778715431690216.
LOCAL_RANK: 0 - CUDA_VISIBLE_DEVICES: [0]
[I 2023-12-15 17:12:36,117] Trial 17 finished with value: 0.17161579430103302 and parameters: {'gradient_clip_val': 0.3659990039196701, 'hidden_size': 57, 'dropout': 0.1920209266489093, 'hidden_continuous_size': 13, 'attention_head_size': 2, 'learning_rate': 0.09785550013733922}. Best is trial 17 with value: 0.17161579430103302.
LOCAL_RANK: 0 - CUDA_VISIBLE_DEVICES: [0]
[I 2023-12-15 17:13:29,829] Trial 18 finished with value: 1.4976450204849243 and parameters: {'gradient_clip_val': 0.20373410925056182, 'hidden_size': 60, 'dropout': 0.10247704632220446, 'hidden_continuous_size': 24, 'attention_head_size': 2, 'learning_rate': 0.050888471139043025}. Best is trial 17 with value: 0.17161579430103302.
LOCAL_RANK: 0 - CUDA_VISIBLE_DEVICES: [0]
[I 2023-12-15 17:14:25,460] Trial 19 finished with value: 0.19716162979602814 and parameters: {'gradient_clip_val': 0.18789351033522989, 'hidden_size': 71, 'dropout': 0.18509072424372494, 'hidden_continuous_size': 35, 'attention_head_size': 2, 'learning_rate': 0.09462472820504421}. Best is trial 17 with value: 0.17161579430103302.
LOCAL_RANK: 0 - CUDA_VISIBLE_DEVICES: [0]
[I 2023-12-15 17:15:19,821] Trial 20 finished with value: 0.2936594486236572 and parameters: {'gradient_clip_val': 0.3050440441179332, 'hidden_size': 54, 'dropout': 0.18783962410856897, 'hidden_continuous_size': 14, 'attention_head_size': 3, 'learning_rate': 0.05395243307173299}. Best is trial 17 with value: 0.17161579430103302.
LOCAL_RANK: 0 - CUDA_VISIBLE_DEVICES: [0]
[I 2023-12-15 17:16:14,191] Trial 21 finished with value: 0.2537092864513397 and parameters: {'gradient_clip_val': 0.2772982212003286, 'hidden_size': 55, 'dropout': 0.1850962246011048, 'hidden_continuous_size': 13, 'attention_head_size': 3, 'learning_rate': 0.060569719006946306}. Best is trial 17 with value: 0.17161579430103302.
LOCAL_RANK: 0 - CUDA_VISIBLE_DEVICES: [0]
[I 2023-12-15 17:17:08,065] Trial 22 finished with value: 0.12352621555328369 and parameters: {'gradient_clip_val': 0.2226387781709663, 'hidden_size': 67, 'dropout': 0.1867577792762018, 'hidden_continuous_size': 11, 'attention_head_size': 2, 'learning_rate': 0.06621935495487306}. Best is trial 22 with value: 0.12352621555328369.
LOCAL_RANK: 0 - CUDA_VISIBLE_DEVICES: [0]
[I 2023-12-15 17:18:01,899] Trial 23 finished with value: 1.360849380493164 and parameters: {'gradient_clip_val': 0.1871493014559602, 'hidden_size': 70, 'dropout': 0.18146532806200558, 'hidden_continuous_size': 10, 'attention_head_size': 2, 'learning_rate': 0.03138125121489507}. Best is trial 22 with value: 0.12352621555328369.
LOCAL_RANK: 0 - CUDA_VISIBLE_DEVICES: [0]
[I 2023-12-15 17:18:54,215] Trial 24 finished with value: 1.6937379837036133 and parameters: {'gradient_clip_val': 0.23758592444891802, 'hidden_size': 44, 'dropout': 0.1310142071562957, 'hidden_continuous_size': 11, 'attention_head_size': 2, 'learning_rate': 0.07228428367310828}. Best is trial 22 with value: 0.12352621555328369.
LOCAL_RANK: 0 - CUDA_VISIBLE_DEVICES: [0]
[I 2023-12-15 17:19:49,003] Trial 25 finished with value: 0.3597826063632965 and parameters: {'gradient_clip_val': 0.3752076049004346, 'hidden_size': 73, 'dropout': 0.15389681287211632, 'hidden_continuous_size': 15, 'attention_head_size': 2, 'learning_rate': 0.09964061590119176}. Best is trial 22 with value: 0.12352621555328369.
LOCAL_RANK: 0 - CUDA_VISIBLE_DEVICES: [0]
[I 2023-12-15 17:20:44,159] Trial 26 finished with value: 3.2257015705108643 and parameters: {'gradient_clip_val': 0.21132725286378565, 'hidden_size': 100, 'dropout': 0.20059153031509805, 'hidden_continuous_size': 20, 'attention_head_size': 2, 'learning_rate': 0.04321997094084238}. Best is trial 22 with value: 0.12352621555328369.
LOCAL_RANK: 0 - CUDA_VISIBLE_DEVICES: [0]
[I 2023-12-15 17:21:33,887] Trial 27 finished with value: 0.19676081836223602 and parameters: {'gradient_clip_val': 0.17392397650472102, 'hidden_size': 27, 'dropout': 0.173379487650866, 'hidden_continuous_size': 9, 'attention_head_size': 1, 'learning_rate': 0.02309155109485689}. Best is trial 22 with value: 0.12352621555328369.
LOCAL_RANK: 0 - CUDA_VISIBLE_DEVICES: [0]
[I 2023-12-15 17:22:23,543] Trial 28 finished with value: 1.698394775390625 and parameters: {'gradient_clip_val': 0.33829016758108893, 'hidden_size': 26, 'dropout': 0.16768486404316585, 'hidden_continuous_size': 10, 'attention_head_size': 1, 'learning_rate': 0.019995355288939858}. Best is trial 22 with value: 0.12352621555328369.
LOCAL_RANK: 0 - CUDA_VISIBLE_DEVICES: [0]
[I 2023-12-15 17:23:13,318] Trial 29 finished with value: 3.945281744003296 and parameters: {'gradient_clip_val': 0.15743485277056815, 'hidden_size': 25, 'dropout': 0.12297993795993392, 'hidden_continuous_size': 9, 'attention_head_size': 1, 'learning_rate': 0.01891140207142238}. Best is trial 22 with value: 0.12352621555328369.
LOCAL_RANK: 0 - CUDA_VISIBLE_DEVICES: [0]
[I 2023-12-15 17:24:05,346] Trial 30 finished with value: 1.7184187173843384 and parameters: {'gradient_clip_val': 0.2281649120132052, 'hidden_size': 44, 'dropout': 0.1468925313592038, 'hidden_continuous_size': 12, 'attention_head_size': 1, 'learning_rate': 0.062478486414705756}. Best is trial 22 with value: 0.12352621555328369.
LOCAL_RANK: 0 - CUDA_VISIBLE_DEVICES: [0]
[I 2023-12-15 17:24:59,722] Trial 31 finished with value: 0.6375479698181152 and parameters: {'gradient_clip_val': 0.17428420112370555, 'hidden_size': 73, 'dropout': 0.165898893429619, 'hidden_continuous_size': 15, 'attention_head_size': 2, 'learning_rate': 0.06763425821724531}. Best is trial 22 with value: 0.12352621555328369.
LOCAL_RANK: 0 - CUDA_VISIBLE_DEVICES: [0]
[I 2023-12-15 17:25:53,265] Trial 32 finished with value: 0.46590426564216614 and parameters: {'gradient_clip_val': 0.16858832801122875, 'hidden_size': 51, 'dropout': 0.19596111454976248, 'hidden_continuous_size': 13, 'attention_head_size': 1, 'learning_rate': 0.04329063929945152}. Best is trial 22 with value: 0.12352621555328369.
LOCAL_RANK: 0 - CUDA_VISIBLE_DEVICES: [0]
[I 2023-12-15 17:26:47,046] Trial 33 finished with value: 0.6604803204536438 and parameters: {'gradient_clip_val': 0.20468840087967202, 'hidden_size': 63, 'dropout': 0.13738236419715044, 'hidden_continuous_size': 8, 'attention_head_size': 2, 'learning_rate': 0.03525763087534112}. Best is trial 22 with value: 0.12352621555328369.
LOCAL_RANK: 0 - CUDA_VISIBLE_DEVICES: [0]
[I 2023-12-15 17:27:37,767] Trial 34 finished with value: 0.9566760063171387 and parameters: {'gradient_clip_val': 0.2636783892640346, 'hidden_size': 34, 'dropout': 0.1729833455103774, 'hidden_continuous_size': 7, 'attention_head_size': 3, 'learning_rate': 0.07020176370400358}. Best is trial 22 with value: 0.12352621555328369.
LOCAL_RANK: 0 - CUDA_VISIBLE_DEVICES: [0]
[I 2023-12-15 17:28:25,210] Trial 35 finished with value: 2.0072851181030273 and parameters: {'gradient_clip_val': 0.14427929301035933, 'hidden_size': 15, 'dropout': 0.19768004580800883, 'hidden_continuous_size': 6, 'attention_head_size': 4, 'learning_rate': 0.037176173149745535}. Best is trial 22 with value: 0.12352621555328369.
LOCAL_RANK: 0 - CUDA_VISIBLE_DEVICES: [0]
[I 2023-12-15 17:29:21,691] Trial 36 finished with value: 0.1395883709192276 and parameters: {'gradient_clip_val': 0.13046126623203494, 'hidden_size': 66, 'dropout': 0.13911238039248408, 'hidden_continuous_size': 65, 'attention_head_size': 1, 'learning_rate': 0.05052177191857095}. Best is trial 22 with value: 0.12352621555328369.
LOCAL_RANK: 0 - CUDA_VISIBLE_DEVICES: [0]
[I 2023-12-15 17:29:59,284] Trial 37 finished with value: 0.36754897236824036 and parameters: {'gradient_clip_val': 0.1283743606439004, 'hidden_size': 50, 'dropout': 0.13944894905137384, 'hidden_continuous_size': 50, 'attention_head_size': 1, 'learning_rate': 0.0491958636589683}. Best is trial 22 with value: 0.12352621555328369.
LOCAL_RANK: 0 - CUDA_VISIBLE_DEVICES: [0]
[I 2023-12-15 17:30:50,980] Trial 38 finished with value: 1.3383270502090454 and parameters: {'gradient_clip_val': 0.12518462183376936, 'hidden_size': 40, 'dropout': 0.10245977737784723, 'hidden_continuous_size': 17, 'attention_head_size': 1, 'learning_rate': 0.04012838456194677}. Best is trial 22 with value: 0.12352621555328369.
LOCAL_RANK: 0 - CUDA_VISIBLE_DEVICES: [0]
[I 2023-12-15 17:31:40,911] Trial 39 finished with value: 1.447963833808899 and parameters: {'gradient_clip_val': 0.16385500555682023, 'hidden_size': 31, 'dropout': 0.11876320256740927, 'hidden_continuous_size': 11, 'attention_head_size': 1, 'learning_rate': 0.025752377200286104}. Best is trial 22 with value: 0.12352621555328369.
LOCAL_RANK: 0 - CUDA_VISIBLE_DEVICES: [0]
[I 2023-12-15 17:32:35,923] Trial 40 finished with value: 0.18644385039806366 and parameters: {'gradient_clip_val': 0.43979654904303406, 'hidden_size': 59, 'dropout': 0.1569804482820542, 'hidden_continuous_size': 54, 'attention_head_size': 1, 'learning_rate': 0.07483021052246283}. Best is trial 22 with value: 0.12352621555328369.
LOCAL_RANK: 0 - CUDA_VISIBLE_DEVICES: [0]
[I 2023-12-15 17:33:31,155] Trial 41 finished with value: 0.6291223168373108 and parameters: {'gradient_clip_val': 0.4974064341745123, 'hidden_size': 61, 'dropout': 0.1560427831296266, 'hidden_continuous_size': 60, 'attention_head_size': 1, 'learning_rate': 0.07134484680891727}. Best is trial 22 with value: 0.12352621555328369.
LOCAL_RANK: 0 - CUDA_VISIBLE_DEVICES: [0]
[I 2023-12-15 17:34:24,203] Trial 42 finished with value: 1.1489323377609253 and parameters: {'gradient_clip_val': 0.4379741864568928, 'hidden_size': 48, 'dropout': 0.14294827115955946, 'hidden_continuous_size': 45, 'attention_head_size': 1, 'learning_rate': 0.054459396136542645}. Best is trial 22 with value: 0.12352621555328369.
LOCAL_RANK: 0 - CUDA_VISIBLE_DEVICES: [0]
[I 2023-12-15 17:35:17,031] Trial 43 finished with value: 1.6421412229537964 and parameters: {'gradient_clip_val': 0.5454302654061808, 'hidden_size': 38, 'dropout': 0.16412148779790328, 'hidden_continuous_size': 19, 'attention_head_size': 1, 'learning_rate': 0.07937877070636355}. Best is trial 22 with value: 0.12352621555328369.
LOCAL_RANK: 0 - CUDA_VISIBLE_DEVICES: [0]
[I 2023-12-15 17:36:13,773] Trial 44 finished with value: 1.3434938192367554 and parameters: {'gradient_clip_val': 0.6462069007841266, 'hidden_size': 84, 'dropout': 0.12995264423382835, 'hidden_continuous_size': 72, 'attention_head_size': 1, 'learning_rate': 0.05436166104490272}. Best is trial 22 with value: 0.12352621555328369.
LOCAL_RANK: 0 - CUDA_VISIBLE_DEVICES: [0]
[I 2023-12-15 17:37:07,566] Trial 45 finished with value: 1.8628214597702026 and parameters: {'gradient_clip_val': 0.13305923234684605, 'hidden_size': 57, 'dropout': 0.16211200857695535, 'hidden_continuous_size': 21, 'attention_head_size': 1, 'learning_rate': 0.07603105883925414}. Best is trial 22 with value: 0.12352621555328369.
LOCAL_RANK: 0 - CUDA_VISIBLE_DEVICES: [0]
[I 2023-12-15 17:38:02,671] Trial 46 finished with value: 1.2434858083724976 and parameters: {'gradient_clip_val': 0.11735250563395264, 'hidden_size': 65, 'dropout': 0.23613539093987285, 'hidden_continuous_size': 41, 'attention_head_size': 1, 'learning_rate': 0.03527640198773308}. Best is trial 22 with value: 0.12352621555328369.
LOCAL_RANK: 0 - CUDA_VISIBLE_DEVICES: [0]
[I 2023-12-15 17:38:58,464] Trial 47 finished with value: 0.7700769901275635 and parameters: {'gradient_clip_val': 0.14696241953643055, 'hidden_size': 83, 'dropout': 0.2097296772655024, 'hidden_continuous_size': 23, 'attention_head_size': 3, 'learning_rate': 0.04394381851631708}. Best is trial 22 with value: 0.12352621555328369.
LOCAL_RANK: 0 - CUDA_VISIBLE_DEVICES: [0]
[I 2023-12-15 17:39:51,816] Trial 48 finished with value: 0.17124806344509125 and parameters: {'gradient_clip_val': 0.1723209468091299, 'hidden_size': 48, 'dropout': 0.14916631402941155, 'hidden_continuous_size': 29, 'attention_head_size': 2, 'learning_rate': 0.0649685658447222}. Best is trial 22 with value: 0.12352621555328369.
LOCAL_RANK: 0 - CUDA_VISIBLE_DEVICES: [0]
[I 2023-12-15 17:40:46,361] Trial 49 finished with value: 0.13487370312213898 and parameters: {'gradient_clip_val': 0.2876087406028371, 'hidden_size': 54, 'dropout': 0.15079105952267952, 'hidden_continuous_size': 38, 'attention_head_size': 2, 'learning_rate': 0.0788953285469354}. Best is trial 22 with value: 0.12352621555328369.
[I 2023-12-15 17:40:46,455] A new study created in memory with name: no-name-fbd26602-4c09-4633-a868-6d9b737fc773
/home/le004/conda/anaconda3/envs/tsff_env/lib/python3.9/site-packages/lightning/fabric/plugins/environments/slurm.py:191: The `srun` command is available on your system but is not used. HINT: If your intention is to run Lightning on SLURM, prepend your python command with `srun` like so: srun python /home/le004/master_thesis/git/TSFusionForecast/code/ ...
LOCAL_RANK: 0 - CUDA_VISIBLE_DEVICES: [0]
[I 2023-12-15 17:41:22,863] Trial 0 finished with value: 4.628890514373779 and parameters: {'gradient_clip_val': 0.4454483450759545, 'hidden_size': 5, 'dropout': 0.3641396008295992, 'hidden_continuous_size': 5, 'attention_head_size': 3, 'learning_rate': 0.028103570308191436}. Best is trial 0 with value: 4.628890514373779.
LOCAL_RANK: 0 - CUDA_VISIBLE_DEVICES: [0]
[I 2023-12-15 17:42:10,187] Trial 1 finished with value: 2.217890501022339 and parameters: {'gradient_clip_val': 0.3744753501435165, 'hidden_size': 13, 'dropout': 0.12272699779238283, 'hidden_continuous_size': 8, 'attention_head_size': 4, 'learning_rate': 0.0008429702191008381}. Best is trial 1 with value: 2.217890501022339.
LOCAL_RANK: 0 - CUDA_VISIBLE_DEVICES: [0]
[I 2023-12-15 17:43:07,711] Trial 2 finished with value: 0.9555938839912415 and parameters: {'gradient_clip_val': 0.4489520301344166, 'hidden_size': 82, 'dropout': 0.14504070256335658, 'hidden_continuous_size': 69, 'attention_head_size': 1, 'learning_rate': 0.03267439314894713}. Best is trial 2 with value: 0.9555938839912415.
LOCAL_RANK: 0 - CUDA_VISIBLE_DEVICES: [0]
[I 2023-12-15 17:43:56,618] Trial 3 finished with value: 0.25881296396255493 and parameters: {'gradient_clip_val': 0.10570650732506365, 'hidden_size': 40, 'dropout': 0.28716164292086666, 'hidden_continuous_size': 5, 'attention_head_size': 2, 'learning_rate': 0.006962174472819698}. Best is trial 3 with value: 0.25881296396255493.
LOCAL_RANK: 0 - CUDA_VISIBLE_DEVICES: [0]
[I 2023-12-15 17:44:52,192] Trial 4 finished with value: 0.20609086751937866 and parameters: {'gradient_clip_val': 0.10276166671981227, 'hidden_size': 74, 'dropout': 0.3886490262378117, 'hidden_continuous_size': 28, 'attention_head_size': 4, 'learning_rate': 0.0011358224735075737}. Best is trial 4 with value: 0.20609086751937866.
LOCAL_RANK: 0 - CUDA_VISIBLE_DEVICES: [0]
[I 2023-12-15 17:45:38,938] Trial 5 finished with value: 2.2486040592193604 and parameters: {'gradient_clip_val': 0.2797519295702027, 'hidden_size': 9, 'dropout': 0.13067961003285616, 'hidden_continuous_size': 5, 'attention_head_size': 3, 'learning_rate': 0.002490848867196627}. Best is trial 4 with value: 0.20609086751937866.
LOCAL_RANK: 0 - CUDA_VISIBLE_DEVICES: [0]
[I 2023-12-15 17:46:25,761] Trial 6 finished with value: 1.5976613759994507 and parameters: {'gradient_clip_val': 0.2164868558470207, 'hidden_size': 10, 'dropout': 0.10613601851973385, 'hidden_continuous_size': 6, 'attention_head_size': 3, 'learning_rate': 0.0005098190696737878}. Best is trial 4 with value: 0.20609086751937866.
LOCAL_RANK: 0 - CUDA_VISIBLE_DEVICES: [0]
[I 2023-12-15 17:47:15,293] Trial 7 finished with value: 1.2335530519485474 and parameters: {'gradient_clip_val': 0.1226547430123049, 'hidden_size': 29, 'dropout': 0.37607358966965776, 'hidden_continuous_size': 8, 'attention_head_size': 1, 'learning_rate': 0.008272361747592433}. Best is trial 4 with value: 0.20609086751937866.
LOCAL_RANK: 0 - CUDA_VISIBLE_DEVICES: [0]
[I 2023-12-15 17:48:01,478] Trial 8 finished with value: 1.4141508340835571 and parameters: {'gradient_clip_val': 0.5551186620515955, 'hidden_size': 11, 'dropout': 0.2650525217724131, 'hidden_continuous_size': 6, 'attention_head_size': 1, 'learning_rate': 0.04759342495118418}. Best is trial 4 with value: 0.20609086751937866.
LOCAL_RANK: 0 - CUDA_VISIBLE_DEVICES: [0]
[I 2023-12-15 17:48:50,727] Trial 9 finished with value: 1.6637840270996094 and parameters: {'gradient_clip_val': 0.44910011420706447, 'hidden_size': 28, 'dropout': 0.37345921911858426, 'hidden_continuous_size': 17, 'attention_head_size': 1, 'learning_rate': 0.009396840633087152}. Best is trial 4 with value: 0.20609086751937866.
LOCAL_RANK: 0 - CUDA_VISIBLE_DEVICES: [0]
[I 2023-12-15 17:49:48,249] Trial 10 finished with value: 0.9569647312164307 and parameters: {'gradient_clip_val': 0.8642849614476921, 'hidden_size': 93, 'dropout': 0.32364741024461047, 'hidden_continuous_size': 43, 'attention_head_size': 4, 'learning_rate': 0.0014811898778802565}. Best is trial 4 with value: 0.20609086751937866.
LOCAL_RANK: 0 - CUDA_VISIBLE_DEVICES: [0]
[I 2023-12-15 17:50:41,329] Trial 11 finished with value: 0.26932045817375183 and parameters: {'gradient_clip_val': 0.101435653062708, 'hidden_size': 52, 'dropout': 0.3068507206466956, 'hidden_continuous_size': 17, 'attention_head_size': 2, 'learning_rate': 0.003246236741956298}. Best is trial 4 with value: 0.20609086751937866.
LOCAL_RANK: 0 - CUDA_VISIBLE_DEVICES: [0]
