[I 2023-12-16 00:34:18,161] Trial 40 finished with value: 57.29815673828125 and parameters: {'gradient_clip_val': 0.590790717322611, 'hidden_size': 24, 'dropout': 0.22892978893056296, 'hidden_continuous_size': 9, 'attention_head_size': 4, 'learning_rate': 0.002450145024481289}. Best is trial 32 with value: 36.132694244384766.
LOCAL_RANK: 0 - CUDA_VISIBLE_DEVICES: [0]
[I 2023-12-16 00:35:06,178] Trial 41 finished with value: 39.25861358642578 and parameters: {'gradient_clip_val': 0.5336751191730399, 'hidden_size': 32, 'dropout': 0.39953404471702614, 'hidden_continuous_size': 6, 'attention_head_size': 2, 'learning_rate': 0.0011940404586649846}. Best is trial 32 with value: 36.132694244384766.
LOCAL_RANK: 0 - CUDA_VISIBLE_DEVICES: [0]
[I 2023-12-16 00:35:53,819] Trial 42 finished with value: 41.95586395263672 and parameters: {'gradient_clip_val': 0.626059549554069, 'hidden_size': 32, 'dropout': 0.3777561285429415, 'hidden_continuous_size': 6, 'attention_head_size': 2, 'learning_rate': 0.0016596280612537477}. Best is trial 32 with value: 36.132694244384766.
LOCAL_RANK: 0 - CUDA_VISIBLE_DEVICES: [0]
[I 2023-12-16 00:36:43,460] Trial 43 finished with value: 38.1600341796875 and parameters: {'gradient_clip_val': 0.7106046969327364, 'hidden_size': 37, 'dropout': 0.3609302010683396, 'hidden_continuous_size': 6, 'attention_head_size': 3, 'learning_rate': 0.0009249890717485357}. Best is trial 32 with value: 36.132694244384766.
LOCAL_RANK: 0 - CUDA_VISIBLE_DEVICES: [0]
[I 2023-12-16 00:37:30,376] Trial 44 finished with value: 36.84712219238281 and parameters: {'gradient_clip_val': 0.8155493859354414, 'hidden_size': 20, 'dropout': 0.3873271646473428, 'hidden_continuous_size': 7, 'attention_head_size': 2, 'learning_rate': 0.0007433409642838882}. Best is trial 32 with value: 36.132694244384766.
LOCAL_RANK: 0 - CUDA_VISIBLE_DEVICES: [0]
[I 2023-12-16 00:38:17,332] Trial 45 finished with value: 56.5501823425293 and parameters: {'gradient_clip_val': 0.8746783705059239, 'hidden_size': 19, 'dropout': 0.3822422557038018, 'hidden_continuous_size': 7, 'attention_head_size': 1, 'learning_rate': 0.0007431053197306667}. Best is trial 32 with value: 36.132694244384766.
LOCAL_RANK: 0 - CUDA_VISIBLE_DEVICES: [0]
[I 2023-12-16 00:39:04,693] Trial 46 finished with value: 37.40107345581055 and parameters: {'gradient_clip_val': 0.7912222295621253, 'hidden_size': 24, 'dropout': 0.34171345100520106, 'hidden_continuous_size': 7, 'attention_head_size': 2, 'learning_rate': 0.0006210375302758154}. Best is trial 32 with value: 36.132694244384766.
LOCAL_RANK: 0 - CUDA_VISIBLE_DEVICES: [0]
[I 2023-12-16 00:39:51,892] Trial 47 finished with value: 40.47467803955078 and parameters: {'gradient_clip_val': 0.8495975043748981, 'hidden_size': 20, 'dropout': 0.31562515232206395, 'hidden_continuous_size': 8, 'attention_head_size': 3, 'learning_rate': 0.001026966612970332}. Best is trial 32 with value: 36.132694244384766.
LOCAL_RANK: 0 - CUDA_VISIBLE_DEVICES: [0]
[I 2023-12-16 00:40:38,405] Trial 48 finished with value: 66.91512298583984 and parameters: {'gradient_clip_val': 0.7091529813797812, 'hidden_size': 17, 'dropout': 0.35549283943552307, 'hidden_continuous_size': 8, 'attention_head_size': 2, 'learning_rate': 0.0005105895604124286}. Best is trial 32 with value: 36.132694244384766.
LOCAL_RANK: 0 - CUDA_VISIBLE_DEVICES: [0]
[I 2023-12-16 00:41:23,795] Trial 49 finished with value: 45.85151290893555 and parameters: {'gradient_clip_val': 0.9414149499018397, 'hidden_size': 14, 'dropout': 0.386361935401472, 'hidden_continuous_size': 7, 'attention_head_size': 1, 'learning_rate': 0.0007817079120508544}. Best is trial 32 with value: 36.132694244384766.
[I 2023-12-16 00:41:23,893] A new study created in memory with name: no-name-d5695f82-e10c-4ff6-9f09-730cf627a5f1
/home/le004/conda/anaconda3/envs/tsff_env/lib/python3.9/site-packages/lightning/fabric/plugins/environments/slurm.py:191: The `srun` command is available on your system but is not used. HINT: If your intention is to run Lightning on SLURM, prepend your python command with `srun` like so: srun python /home/le004/master_thesis/git/TSFusionForecast/code/ ...
LOCAL_RANK: 0 - CUDA_VISIBLE_DEVICES: [0]
[I 2023-12-16 00:41:59,446] Trial 0 finished with value: 1982.3724365234375 and parameters: {'gradient_clip_val': 0.620220015930788, 'hidden_size': 5, 'dropout': 0.14876692746538603, 'hidden_continuous_size': 5, 'attention_head_size': 4, 'learning_rate': 0.0038335369147496513}. Best is trial 0 with value: 1982.3724365234375.
LOCAL_RANK: 0 - CUDA_VISIBLE_DEVICES: [0]
[I 2023-12-16 00:42:54,057] Trial 1 finished with value: 660.3880004882812 and parameters: {'gradient_clip_val': 0.2396717860171306, 'hidden_size': 78, 'dropout': 0.19282064875720734, 'hidden_continuous_size': 29, 'attention_head_size': 3, 'learning_rate': 0.05173096245830612}. Best is trial 1 with value: 660.3880004882812.
LOCAL_RANK: 0 - CUDA_VISIBLE_DEVICES: [0]
[I 2023-12-16 00:43:47,688] Trial 2 finished with value: 837.9845581054688 and parameters: {'gradient_clip_val': 0.5423436715492769, 'hidden_size': 78, 'dropout': 0.2709663569439475, 'hidden_continuous_size': 10, 'attention_head_size': 3, 'learning_rate': 0.005876921412886806}. Best is trial 1 with value: 660.3880004882812.
LOCAL_RANK: 0 - CUDA_VISIBLE_DEVICES: [0]
[I 2023-12-16 00:44:33,804] Trial 3 finished with value: 1305.1494140625 and parameters: {'gradient_clip_val': 0.6856143470982923, 'hidden_size': 11, 'dropout': 0.34841713480303904, 'hidden_continuous_size': 9, 'attention_head_size': 2, 'learning_rate': 0.0019025449539456913}. Best is trial 1 with value: 660.3880004882812.
LOCAL_RANK: 0 - CUDA_VISIBLE_DEVICES: [0]
[I 2023-12-16 00:45:28,201] Trial 4 finished with value: 1098.46044921875 and parameters: {'gradient_clip_val': 0.8695132383780465, 'hidden_size': 75, 'dropout': 0.28073858033908616, 'hidden_continuous_size': 27, 'attention_head_size': 3, 'learning_rate': 0.005466883788973842}. Best is trial 1 with value: 660.3880004882812.
LOCAL_RANK: 0 - CUDA_VISIBLE_DEVICES: [0]
[I 2023-12-16 00:46:13,601] Trial 5 finished with value: 733.9357299804688 and parameters: {'gradient_clip_val': 0.9444843283493354, 'hidden_size': 10, 'dropout': 0.35912804469737847, 'hidden_continuous_size': 8, 'attention_head_size': 1, 'learning_rate': 0.024858769301363656}. Best is trial 1 with value: 660.3880004882812.
LOCAL_RANK: 0 - CUDA_VISIBLE_DEVICES: [0]
[I 2023-12-16 00:47:08,774] Trial 6 finished with value: 827.6851196289062 and parameters: {'gradient_clip_val': 0.3910415270446858, 'hidden_size': 86, 'dropout': 0.18750776136422553, 'hidden_continuous_size': 36, 'attention_head_size': 1, 'learning_rate': 0.06199623785813101}. Best is trial 1 with value: 660.3880004882812.
LOCAL_RANK: 0 - CUDA_VISIBLE_DEVICES: [0]
[I 2023-12-16 00:47:58,507] Trial 7 finished with value: 917.4020385742188 and parameters: {'gradient_clip_val': 0.196798594983549, 'hidden_size': 37, 'dropout': 0.25210446797569225, 'hidden_continuous_size': 7, 'attention_head_size': 3, 'learning_rate': 0.004987791381676898}. Best is trial 1 with value: 660.3880004882812.
LOCAL_RANK: 0 - CUDA_VISIBLE_DEVICES: [0]
[I 2023-12-16 00:48:52,115] Trial 8 finished with value: 665.5076293945312 and parameters: {'gradient_clip_val': 0.2074858987114957, 'hidden_size': 43, 'dropout': 0.12411324664188686, 'hidden_continuous_size': 18, 'attention_head_size': 4, 'learning_rate': 0.004797050891606799}. Best is trial 1 with value: 660.3880004882812.
LOCAL_RANK: 0 - CUDA_VISIBLE_DEVICES: [0]
[I 2023-12-16 00:49:38,030] Trial 9 finished with value: 937.0973510742188 and parameters: {'gradient_clip_val': 0.49371187227350205, 'hidden_size': 10, 'dropout': 0.2999919983933088, 'hidden_continuous_size': 6, 'attention_head_size': 4, 'learning_rate': 0.0976728320327842}. Best is trial 1 with value: 660.3880004882812.
LOCAL_RANK: 0 - CUDA_VISIBLE_DEVICES: [0]
[I 2023-12-16 00:50:27,468] Trial 10 finished with value: 1145.8848876953125 and parameters: {'gradient_clip_val': 0.10385739086225645, 'hidden_size': 30, 'dropout': 0.19583343566483996, 'hidden_continuous_size': 14, 'attention_head_size': 2, 'learning_rate': 0.0006198488925875877}. Best is trial 1 with value: 660.3880004882812.
LOCAL_RANK: 0 - CUDA_VISIBLE_DEVICES: [0]
[I 2023-12-16 00:51:21,238] Trial 11 finished with value: 936.6054077148438 and parameters: {'gradient_clip_val': 0.24765113400784838, 'hidden_size': 49, 'dropout': 0.10845112397796713, 'hidden_continuous_size': 23, 'attention_head_size': 4, 'learning_rate': 0.016153142342224217}. Best is trial 1 with value: 660.3880004882812.
LOCAL_RANK: 0 - CUDA_VISIBLE_DEVICES: [0]
[I 2023-12-16 00:52:15,059] Trial 12 finished with value: 1382.7525634765625 and parameters: {'gradient_clip_val': 0.21330473635678515, 'hidden_size': 49, 'dropout': 0.11322337994747633, 'hidden_continuous_size': 20, 'attention_head_size': 4, 'learning_rate': 0.01843846959483859}. Best is trial 1 with value: 660.3880004882812.
LOCAL_RANK: 0 - CUDA_VISIBLE_DEVICES: [0]
[I 2023-12-16 00:53:12,535] Trial 13 finished with value: 717.979248046875 and parameters: {'gradient_clip_val': 0.30697777575127305, 'hidden_size': 100, 'dropout': 0.19842558394480833, 'hidden_continuous_size': 65, 'attention_head_size': 3, 'learning_rate': 0.03175385284556068}. Best is trial 1 with value: 660.3880004882812.
LOCAL_RANK: 0 - CUDA_VISIBLE_DEVICES: [0]
[I 2023-12-16 00:54:00,281] Trial 14 finished with value: 520.9961547851562 and parameters: {'gradient_clip_val': 0.14962965161456007, 'hidden_size': 24, 'dropout': 0.15304825586346382, 'hidden_continuous_size': 13, 'attention_head_size': 2, 'learning_rate': 0.011923807278345714}. Best is trial 14 with value: 520.9961547851562.
LOCAL_RANK: 0 - CUDA_VISIBLE_DEVICES: [0]
[I 2023-12-16 00:54:49,103] Trial 15 finished with value: 957.1803588867188 and parameters: {'gradient_clip_val': 0.1555982376774574, 'hidden_size': 21, 'dropout': 0.16384152329061089, 'hidden_continuous_size': 11, 'attention_head_size': 2, 'learning_rate': 0.010941355870462811}. Best is trial 14 with value: 520.9961547851562.
LOCAL_RANK: 0 - CUDA_VISIBLE_DEVICES: [0]
[I 2023-12-16 00:55:38,242] Trial 16 finished with value: 1004.2024536132812 and parameters: {'gradient_clip_val': 0.14218398146581246, 'hidden_size': 23, 'dropout': 0.22039765414820356, 'hidden_continuous_size': 12, 'attention_head_size': 2, 'learning_rate': 0.037829851329169835}. Best is trial 14 with value: 520.9961547851562.
LOCAL_RANK: 0 - CUDA_VISIBLE_DEVICES: [0]
[I 2023-12-16 00:56:31,838] Trial 17 finished with value: 562.6305541992188 and parameters: {'gradient_clip_val': 0.3461944828111064, 'hidden_size': 59, 'dropout': 0.15447638897502308, 'hidden_continuous_size': 32, 'attention_head_size': 1, 'learning_rate': 0.010999538949253373}. Best is trial 14 with value: 520.9961547851562.
LOCAL_RANK: 0 - CUDA_VISIBLE_DEVICES: [0]
[I 2023-12-16 00:57:24,449] Trial 18 finished with value: 710.1715698242188 and parameters: {'gradient_clip_val': 0.3486232994831892, 'hidden_size': 55, 'dropout': 0.14515081918649136, 'hidden_continuous_size': 16, 'attention_head_size': 1, 'learning_rate': 0.01047943421364856}. Best is trial 14 with value: 520.9961547851562.
LOCAL_RANK: 0 - CUDA_VISIBLE_DEVICES: [0]
[I 2023-12-16 00:58:13,573] Trial 19 finished with value: 891.5159301757812 and parameters: {'gradient_clip_val': 0.4282088164416372, 'hidden_size': 27, 'dropout': 0.2278358878804421, 'hidden_continuous_size': 13, 'attention_head_size': 1, 'learning_rate': 0.011953150131307287}. Best is trial 14 with value: 520.9961547851562.
LOCAL_RANK: 0 - CUDA_VISIBLE_DEVICES: [0]
[I 2023-12-16 00:59:00,808] Trial 20 finished with value: 1117.7950439453125 and parameters: {'gradient_clip_val': 0.28280297654006986, 'hidden_size': 18, 'dropout': 0.15900558831524547, 'hidden_continuous_size': 9, 'attention_head_size': 1, 'learning_rate': 0.021485127236409225}. Best is trial 14 with value: 520.9961547851562.
LOCAL_RANK: 0 - CUDA_VISIBLE_DEVICES: [0]
[I 2023-12-16 00:59:54,603] Trial 21 finished with value: 975.324951171875 and parameters: {'gradient_clip_val': 0.3142468515931273, 'hidden_size': 63, 'dropout': 0.17332561770166713, 'hidden_continuous_size': 31, 'attention_head_size': 2, 'learning_rate': 0.045857443881468674}. Best is trial 14 with value: 520.9961547851562.
LOCAL_RANK: 0 - CUDA_VISIBLE_DEVICES: [0]
[I 2023-12-16 01:00:48,745] Trial 22 finished with value: 961.375 and parameters: {'gradient_clip_val': 0.2570512523422673, 'hidden_size': 60, 'dropout': 0.13847022361690514, 'hidden_continuous_size': 39, 'attention_head_size': 3, 'learning_rate': 0.07222444347717127}. Best is trial 14 with value: 520.9961547851562.
LOCAL_RANK: 0 - CUDA_VISIBLE_DEVICES: [0]
[I 2023-12-16 01:01:39,659] Trial 23 finished with value: 949.6541137695312 and parameters: {'gradient_clip_val': 0.3740021190765918, 'hidden_size': 40, 'dropout': 0.10307400572845196, 'hidden_continuous_size': 15, 'attention_head_size': 2, 'learning_rate': 0.031058885797386165}. Best is trial 14 with value: 520.9961547851562.
LOCAL_RANK: 0 - CUDA_VISIBLE_DEVICES: [0]
[I 2023-12-16 01:02:35,368] Trial 24 finished with value: 790.1702270507812 and parameters: {'gradient_clip_val': 0.16233022167805625, 'hidden_size': 100, 'dropout': 0.1741540534951561, 'hidden_continuous_size': 45, 'attention_head_size': 3, 'learning_rate': 0.04574708981383016}. Best is trial 14 with value: 520.9961547851562.
LOCAL_RANK: 0 - CUDA_VISIBLE_DEVICES: [0]
[I 2023-12-16 01:03:28,645] Trial 25 finished with value: 655.2758178710938 and parameters: {'gradient_clip_val': 0.26542474415277745, 'hidden_size': 68, 'dropout': 0.13599069546591155, 'hidden_continuous_size': 23, 'attention_head_size': 1, 'learning_rate': 0.008273420821622085}. Best is trial 14 with value: 520.9961547851562.
LOCAL_RANK: 0 - CUDA_VISIBLE_DEVICES: [0]
[I 2023-12-16 01:04:19,768] Trial 26 finished with value: 435.9362487792969 and parameters: {'gradient_clip_val': 0.3165973809071957, 'hidden_size': 33, 'dropout': 0.13154274138457464, 'hidden_continuous_size': 18, 'attention_head_size': 1, 'learning_rate': 0.008337639493544102}. Best is trial 26 with value: 435.9362487792969.
LOCAL_RANK: 0 - CUDA_VISIBLE_DEVICES: [0]
[I 2023-12-16 01:05:10,282] Trial 27 finished with value: 947.7479858398438 and parameters: {'gradient_clip_val': 0.3466526786718593, 'hidden_size': 33, 'dropout': 0.12606121432374467, 'hidden_continuous_size': 17, 'attention_head_size': 1, 'learning_rate': 0.0081945730852022}. Best is trial 26 with value: 435.9362487792969.
LOCAL_RANK: 0 - CUDA_VISIBLE_DEVICES: [0]
[I 2023-12-16 01:06:01,824] Trial 28 finished with value: 947.6994018554688 and parameters: {'gradient_clip_val': 0.43769024526386907, 'hidden_size': 38, 'dropout': 0.10048705209424849, 'hidden_continuous_size': 14, 'attention_head_size': 1, 'learning_rate': 0.01310683308993281}. Best is trial 26 with value: 435.9362487792969.
LOCAL_RANK: 0 - CUDA_VISIBLE_DEVICES: [0]
[I 2023-12-16 01:06:54,679] Trial 29 finished with value: 619.9480590820312 and parameters: {'gradient_clip_val': 0.31817762975534736, 'hidden_size': 47, 'dropout': 0.1489016571484436, 'hidden_continuous_size': 20, 'attention_head_size': 2, 'learning_rate': 0.003348234092760084}. Best is trial 26 with value: 435.9362487792969.
LOCAL_RANK: 0 - CUDA_VISIBLE_DEVICES: [0]
[I 2023-12-16 01:07:43,510] Trial 30 finished with value: 735.3934936523438 and parameters: {'gradient_clip_val': 0.4217719690195971, 'hidden_size': 30, 'dropout': 0.15421480977614754, 'hidden_continuous_size': 12, 'attention_head_size': 1, 'learning_rate': 0.02145232031590813}. Best is trial 26 with value: 435.9362487792969.
LOCAL_RANK: 0 - CUDA_VISIBLE_DEVICES: [0]
[I 2023-12-16 01:08:35,775] Trial 31 finished with value: 642.3377685546875 and parameters: {'gradient_clip_val': 0.30668480984028784, 'hidden_size': 44, 'dropout': 0.14804734286387145, 'hidden_continuous_size': 19, 'attention_head_size': 2, 'learning_rate': 0.003648718385147264}. Best is trial 26 with value: 435.9362487792969.
LOCAL_RANK: 0 - CUDA_VISIBLE_DEVICES: [0]
[I 2023-12-16 01:09:29,295] Trial 32 finished with value: 755.4270629882812 and parameters: {'gradient_clip_val': 0.29169244046187803, 'hidden_size': 54, 'dropout': 0.12688501554535778, 'hidden_continuous_size': 23, 'attention_head_size': 2, 'learning_rate': 0.0031951547863435727}. Best is trial 26 with value: 435.9362487792969.
LOCAL_RANK: 0 - CUDA_VISIBLE_DEVICES: [0]
[I 2023-12-16 01:10:22,784] Trial 33 finished with value: 774.1426391601562 and parameters: {'gradient_clip_val': 0.35449262061894143, 'hidden_size': 62, 'dropout': 0.15643031367582763, 'hidden_continuous_size': 16, 'attention_head_size': 2, 'learning_rate': 0.008344551992991667}. Best is trial 26 with value: 435.9362487792969.
LOCAL_RANK: 0 - CUDA_VISIBLE_DEVICES: [0]
[I 2023-12-16 01:11:14,421] Trial 34 finished with value: 355.037109375 and parameters: {'gradient_clip_val': 0.23079094701489292, 'hidden_size': 34, 'dropout': 0.17710819690648166, 'hidden_continuous_size': 20, 'attention_head_size': 1, 'learning_rate': 0.014985851250232793}. Best is trial 34 with value: 355.037109375.
LOCAL_RANK: 0 - CUDA_VISIBLE_DEVICES: [0]
[I 2023-12-16 01:12:04,749] Trial 35 finished with value: 982.8279418945312 and parameters: {'gradient_clip_val': 0.23180541618298545, 'hidden_size': 36, 'dropout': 0.17568928575810852, 'hidden_continuous_size': 15, 'attention_head_size': 1, 'learning_rate': 0.015168023179031586}. Best is trial 34 with value: 355.037109375.
LOCAL_RANK: 0 - CUDA_VISIBLE_DEVICES: [0]
[I 2023-12-16 01:12:53,066] Trial 36 finished with value: 796.349609375 and parameters: {'gradient_clip_val': 0.17722979641758702, 'hidden_size': 28, 'dropout': 0.12152336735745135, 'hidden_continuous_size': 17, 'attention_head_size': 1, 'learning_rate': 0.006290512691010026}. Best is trial 34 with value: 355.037109375.
LOCAL_RANK: 0 - CUDA_VISIBLE_DEVICES: [0]
[I 2023-12-16 01:13:39,985] Trial 37 finished with value: 759.7962036132812 and parameters: {'gradient_clip_val': 0.2325188157515461, 'hidden_size': 17, 'dropout': 0.21225382484265776, 'hidden_continuous_size': 11, 'attention_head_size': 1, 'learning_rate': 0.01595833957115419}. Best is trial 34 with value: 355.037109375.
LOCAL_RANK: 0 - CUDA_VISIBLE_DEVICES: [0]
[I 2023-12-16 01:14:27,920] Trial 38 finished with value: 1064.8763427734375 and parameters: {'gradient_clip_val': 0.6225255293083124, 'hidden_size': 24, 'dropout': 0.1829636268428091, 'hidden_continuous_size': 14, 'attention_head_size': 1, 'learning_rate': 0.009780834273846033}. Best is trial 34 with value: 355.037109375.
LOCAL_RANK: 0 - CUDA_VISIBLE_DEVICES: [0]
[I 2023-12-16 01:15:19,691] Trial 39 finished with value: 1017.24267578125 and parameters: {'gradient_clip_val': 0.18957030487312326, 'hidden_size': 35, 'dropout': 0.1675379449184047, 'hidden_continuous_size': 20, 'attention_head_size': 1, 'learning_rate': 0.006947327636784323}. Best is trial 34 with value: 355.037109375.
LOCAL_RANK: 0 - CUDA_VISIBLE_DEVICES: [0]
[I 2023-12-16 01:16:12,134] Trial 40 finished with value: 719.6345825195312 and parameters: {'gradient_clip_val': 0.5131883610612497, 'hidden_size': 72, 'dropout': 0.1401110796314391, 'hidden_continuous_size': 27, 'attention_head_size': 1, 'learning_rate': 0.013010088658243118}. Best is trial 34 with value: 355.037109375.
LOCAL_RANK: 0 - CUDA_VISIBLE_DEVICES: [0]
[I 2023-12-16 01:17:04,526] Trial 41 finished with value: 626.8639526367188 and parameters: {'gradient_clip_val': 0.27459733418957977, 'hidden_size': 41, 'dropout': 0.14894648498322377, 'hidden_continuous_size': 20, 'attention_head_size': 2, 'learning_rate': 0.004729956766284346}. Best is trial 34 with value: 355.037109375.
LOCAL_RANK: 0 - CUDA_VISIBLE_DEVICES: [0]
[I 2023-12-16 01:17:57,677] Trial 42 finished with value: 1436.1695556640625 and parameters: {'gradient_clip_val': 0.3243652030158385, 'hidden_size': 47, 'dropout': 0.1869331539358407, 'hidden_continuous_size': 24, 'attention_head_size': 2, 'learning_rate': 0.002811975477697684}. Best is trial 34 with value: 355.037109375.
LOCAL_RANK: 0 - CUDA_VISIBLE_DEVICES: [0]
[I 2023-12-16 01:18:49,192] Trial 43 finished with value: 603.7047729492188 and parameters: {'gradient_clip_val': 0.3995125262065281, 'hidden_size': 33, 'dropout': 0.13220015070443886, 'hidden_continuous_size': 18, 'attention_head_size': 2, 'learning_rate': 0.006865782895598897}. Best is trial 34 with value: 355.037109375.
LOCAL_RANK: 0 - CUDA_VISIBLE_DEVICES: [0]
[I 2023-12-16 01:19:38,177] Trial 44 finished with value: 1023.1748046875 and parameters: {'gradient_clip_val': 0.40300739077533504, 'hidden_size': 32, 'dropout': 0.11635466144696716, 'hidden_continuous_size': 17, 'attention_head_size': 1, 'learning_rate': 0.0058995434701196465}. Best is trial 34 with value: 355.037109375.
LOCAL_RANK: 0 - CUDA_VISIBLE_DEVICES: [0]
[I 2023-12-16 01:20:27,779] Trial 45 finished with value: 1069.390380859375 and parameters: {'gradient_clip_val': 0.23013449805485542, 'hidden_size': 25, 'dropout': 0.1273131205253744, 'hidden_continuous_size': 18, 'attention_head_size': 3, 'learning_rate': 0.009830375503161017}. Best is trial 34 with value: 355.037109375.
LOCAL_RANK: 0 - CUDA_VISIBLE_DEVICES: [0]
[I 2023-12-16 01:21:17,437] Trial 46 finished with value: 1200.2611083984375 and parameters: {'gradient_clip_val': 0.38297609239188424, 'hidden_size': 33, 'dropout': 0.1668345365570518, 'hidden_continuous_size': 13, 'attention_head_size': 2, 'learning_rate': 0.00718414017129557}. Best is trial 34 with value: 355.037109375.
LOCAL_RANK: 0 - CUDA_VISIBLE_DEVICES: [0]
[I 2023-12-16 01:22:05,280] Trial 47 finished with value: 867.3206176757812 and parameters: {'gradient_clip_val': 0.45543575580572004, 'hidden_size': 28, 'dropout': 0.13200658455484648, 'hidden_continuous_size': 10, 'attention_head_size': 1, 'learning_rate': 0.017749628342492097}. Best is trial 34 with value: 355.037109375.
LOCAL_RANK: 0 - CUDA_VISIBLE_DEVICES: [0]
