[I 2023-12-26 15:05:49,402] Trial 46 finished with value: 230.33729553222656 and parameters: {'gradient_clip_val': 0.32671841360021736, 'hidden_size': 23, 'dropout': 0.4047411563391577, 'hidden_continuous_size': 9, 'attention_head_size': 3, 'learning_rate': 0.003298976696761725}. Best is trial 0 with value: 97.22193145751953.
[I 2023-12-26 15:05:51,572] Trial 47 finished with value: 300.1917419433594 and parameters: {'gradient_clip_val': 0.3191938736635122, 'hidden_size': 24, 'dropout': 0.39682473079926844, 'hidden_continuous_size': 11, 'attention_head_size': 2, 'learning_rate': 0.009053134524777365}. Best is trial 0 with value: 97.22193145751953.
[I 2023-12-26 15:05:53,850] Trial 48 finished with value: 354.7005310058594 and parameters: {'gradient_clip_val': 0.5383031286726037, 'hidden_size': 22, 'dropout': 0.367111536506218, 'hidden_continuous_size': 10, 'attention_head_size': 4, 'learning_rate': 0.003499686685943449}. Best is trial 0 with value: 97.22193145751953.
[I 2023-12-26 15:05:57,119] Trial 49 finished with value: 248.0380859375 and parameters: {'gradient_clip_val': 0.34510962949237567, 'hidden_size': 38, 'dropout': 0.3468943256490735, 'hidden_continuous_size': 9, 'attention_head_size': 3, 'learning_rate': 0.005040626284516034}. Best is trial 0 with value: 97.22193145751953.
[I 2023-12-26 15:05:57,266] A new study created in memory with name: no-name-64c10e55-0915-4184-8146-bdb7c89430cb
/home/le004/conda/anaconda3/envs/tsff_env/lib/python3.9/site-packages/lightning/fabric/plugins/environments/slurm.py:191: The `srun` command is available on your system but is not used. HINT: If your intention is to run Lightning on SLURM, prepend your python command with `srun` like so: srun python /home/le004/master_thesis/git/TSFusionForecast/code/ ...
[I 2023-12-26 15:12:41,492] Trial 0 finished with value: 64.0426254272461 and parameters: {'gradient_clip_val': 0.6977704560505579, 'hidden_size': 104, 'dropout': 0.16566163630732147, 'hidden_continuous_size': 8, 'attention_head_size': 2, 'learning_rate': 0.01964568047849722}. Best is trial 0 with value: 64.0426254272461.
[I 2023-12-26 15:12:50,952] Trial 1 finished with value: 168.4630889892578 and parameters: {'gradient_clip_val': 0.5866192976555148, 'hidden_size': 142, 'dropout': 0.3681468881503307, 'hidden_continuous_size': 77, 'attention_head_size': 1, 'learning_rate': 0.06924706301235102}. Best is trial 0 with value: 64.0426254272461.
[I 2023-12-26 15:12:54,521] Trial 2 finished with value: 326.6746520996094 and parameters: {'gradient_clip_val': 0.2679286079074917, 'hidden_size': 58, 'dropout': 0.21657289689650172, 'hidden_continuous_size': 14, 'attention_head_size': 2, 'learning_rate': 0.010926131673479804}. Best is trial 0 with value: 64.0426254272461.
[I 2023-12-26 15:12:56,791] Trial 3 finished with value: 191.40138244628906 and parameters: {'gradient_clip_val': 0.37589257772551404, 'hidden_size': 6, 'dropout': 0.3121210441615063, 'hidden_continuous_size': 5, 'attention_head_size': 4, 'learning_rate': 0.011261510406601312}. Best is trial 0 with value: 64.0426254272461.
[I 2023-12-26 15:12:59,867] Trial 4 finished with value: 188.22251892089844 and parameters: {'gradient_clip_val': 0.13746197733337395, 'hidden_size': 30, 'dropout': 0.4201361116053145, 'hidden_continuous_size': 9, 'attention_head_size': 1, 'learning_rate': 0.0008076358508943015}. Best is trial 0 with value: 64.0426254272461.
[I 2023-12-26 15:13:02,282] Trial 5 finished with value: 228.9098663330078 and parameters: {'gradient_clip_val': 0.47717313446085896, 'hidden_size': 9, 'dropout': 0.2643553086245538, 'hidden_continuous_size': 8, 'attention_head_size': 1, 'learning_rate': 0.0014660050426261886}. Best is trial 0 with value: 64.0426254272461.
[I 2023-12-26 15:13:10,122] Trial 6 finished with value: 224.3468475341797 and parameters: {'gradient_clip_val': 0.581852440919729, 'hidden_size': 99, 'dropout': 0.3854665846016895, 'hidden_continuous_size': 8, 'attention_head_size': 4, 'learning_rate': 0.038303351408603074}. Best is trial 0 with value: 64.0426254272461.
[I 2023-12-26 15:13:12,181] Trial 7 finished with value: 208.84046936035156 and parameters: {'gradient_clip_val': 0.532428497893424, 'hidden_size': 18, 'dropout': 0.3094456167821872, 'hidden_continuous_size': 8, 'attention_head_size': 1, 'learning_rate': 0.031507727483415966}. Best is trial 0 with value: 64.0426254272461.
[I 2023-12-26 15:13:14,485] Trial 8 finished with value: 263.7612609863281 and parameters: {'gradient_clip_val': 0.1325876128544257, 'hidden_size': 8, 'dropout': 0.3313072454354915, 'hidden_continuous_size': 7, 'attention_head_size': 4, 'learning_rate': 0.0757607470035653}. Best is trial 0 with value: 64.0426254272461.
[I 2023-12-26 15:13:23,387] Trial 9 finished with value: 272.30902099609375 and parameters: {'gradient_clip_val': 0.19493039724113864, 'hidden_size': 116, 'dropout': 0.3781345519643351, 'hidden_continuous_size': 7, 'attention_head_size': 3, 'learning_rate': 0.009271089891820603}. Best is trial 0 with value: 64.0426254272461.
[I 2023-12-26 15:13:28,315] Trial 10 finished with value: 223.87640380859375 and parameters: {'gradient_clip_val': 0.9583830764292183, 'hidden_size': 55, 'dropout': 0.10527284745085821, 'hidden_continuous_size': 17, 'attention_head_size': 2, 'learning_rate': 0.003248218726354506}. Best is trial 0 with value: 64.0426254272461.
[I 2023-12-26 15:13:36,724] Trial 11 finished with value: 262.6429138183594 and parameters: {'gradient_clip_val': 0.852936460556808, 'hidden_size': 128, 'dropout': 0.49455455197596654, 'hidden_continuous_size': 64, 'attention_head_size': 2, 'learning_rate': 0.09533197305461029}. Best is trial 0 with value: 64.0426254272461.
[I 2023-12-26 15:13:45,683] Trial 12 finished with value: 291.3038635253906 and parameters: {'gradient_clip_val': 0.6980667200082793, 'hidden_size': 132, 'dropout': 0.19542694003129352, 'hidden_continuous_size': 40, 'attention_head_size': 3, 'learning_rate': 0.024889351376970393}. Best is trial 0 with value: 64.0426254272461.
[I 2023-12-26 15:13:49,410] Trial 13 finished with value: 247.56370544433594 and parameters: {'gradient_clip_val': 0.7072122031632109, 'hidden_size': 57, 'dropout': 0.1133790820351065, 'hidden_continuous_size': 27, 'attention_head_size': 1, 'learning_rate': 0.02171380998655114}. Best is trial 0 with value: 64.0426254272461.
[I 2023-12-26 15:13:54,680] Trial 14 finished with value: 218.06396484375 and parameters: {'gradient_clip_val': 0.4100632050970233, 'hidden_size': 80, 'dropout': 0.1829768230074351, 'hidden_continuous_size': 79, 'attention_head_size': 2, 'learning_rate': 0.04394642760091479}. Best is trial 0 with value: 64.0426254272461.
[I 2023-12-26 15:14:05,547] Trial 15 finished with value: 125.15060424804688 and parameters: {'gradient_clip_val': 0.3215083556790333, 'hidden_size': 140, 'dropout': 0.2794456404609741, 'hidden_continuous_size': 119, 'attention_head_size': 3, 'learning_rate': 0.09370518601712682}. Best is trial 0 with value: 64.0426254272461.
[I 2023-12-26 15:14:12,942] Trial 16 finished with value: 203.41209411621094 and parameters: {'gradient_clip_val': 0.3029455640311821, 'hidden_size': 83, 'dropout': 0.25637655615754723, 'hidden_continuous_size': 26, 'attention_head_size': 3, 'learning_rate': 0.01822184227986439}. Best is trial 0 with value: 64.0426254272461.
[I 2023-12-26 15:14:25,512] Trial 17 finished with value: 215.11656188964844 and parameters: {'gradient_clip_val': 0.2514866380206548, 'hidden_size': 148, 'dropout': 0.16274071260958933, 'hidden_continuous_size': 134, 'attention_head_size': 3, 'learning_rate': 0.005357156987990856}. Best is trial 0 with value: 64.0426254272461.
[I 2023-12-26 15:14:28,520] Trial 18 finished with value: 233.0401611328125 and parameters: {'gradient_clip_val': 0.4066685877720044, 'hidden_size': 34, 'dropout': 0.22955393304599775, 'hidden_continuous_size': 11, 'attention_head_size': 3, 'learning_rate': 0.049302222359443613}. Best is trial 0 with value: 64.0426254272461.
[I 2023-12-26 15:14:35,286] Trial 19 finished with value: 263.4849853515625 and parameters: {'gradient_clip_val': 0.9879368195233182, 'hidden_size': 76, 'dropout': 0.2727172984943051, 'hidden_continuous_size': 13, 'attention_head_size': 2, 'learning_rate': 0.01701027346244122}. Best is trial 0 with value: 64.0426254272461.
[I 2023-12-26 15:14:38,821] Trial 20 finished with value: 173.4722900390625 and parameters: {'gradient_clip_val': 0.10203035199482345, 'hidden_size': 39, 'dropout': 0.14250046317557968, 'hidden_continuous_size': 5, 'attention_head_size': 3, 'learning_rate': 0.050878933639878395}. Best is trial 0 with value: 64.0426254272461.
[I 2023-12-26 15:14:52,221] Trial 21 finished with value: 191.3006591796875 and parameters: {'gradient_clip_val': 0.6418013860351952, 'hidden_size': 143, 'dropout': 0.22672309573620394, 'hidden_continuous_size': 136, 'attention_head_size': 1, 'learning_rate': 0.07460715530730916}. Best is trial 0 with value: 64.0426254272461.
[I 2023-12-26 15:15:01,956] Trial 22 finished with value: 205.67095947265625 and parameters: {'gradient_clip_val': 0.5041272417129126, 'hidden_size': 109, 'dropout': 0.14217008048893523, 'hidden_continuous_size': 81, 'attention_head_size': 2, 'learning_rate': 0.08369530602801353}. Best is trial 0 with value: 64.0426254272461.
[I 2023-12-26 15:15:09,460] Trial 23 finished with value: 291.2546691894531 and parameters: {'gradient_clip_val': 0.7641619169361348, 'hidden_size': 96, 'dropout': 0.1865595712986552, 'hidden_continuous_size': 20, 'attention_head_size': 1, 'learning_rate': 0.03146899852233608}. Best is trial 0 with value: 64.0426254272461.
[I 2023-12-26 15:15:20,725] Trial 24 finished with value: 224.4123077392578 and parameters: {'gradient_clip_val': 0.6005617129265347, 'hidden_size': 144, 'dropout': 0.28439032850645357, 'hidden_continuous_size': 44, 'attention_head_size': 2, 'learning_rate': 0.05991308833617558}. Best is trial 0 with value: 64.0426254272461.
[I 2023-12-26 15:15:26,689] Trial 25 finished with value: 236.82606506347656 and parameters: {'gradient_clip_val': 0.46631056573974244, 'hidden_size': 75, 'dropout': 0.2437994862706655, 'hidden_continuous_size': 21, 'attention_head_size': 3, 'learning_rate': 0.05959508635076362}. Best is trial 0 with value: 64.0426254272461.
[I 2023-12-26 15:15:33,883] Trial 26 finished with value: 218.45355224609375 and parameters: {'gradient_clip_val': 0.5969463724952189, 'hidden_size': 105, 'dropout': 0.35120658783908043, 'hidden_continuous_size': 33, 'attention_head_size': 2, 'learning_rate': 0.09085064405460051}. Best is trial 0 with value: 64.0426254272461.
[I 2023-12-26 15:15:46,272] Trial 27 finished with value: 244.44862365722656 and parameters: {'gradient_clip_val': 0.3523658476582242, 'hidden_size': 149, 'dropout': 0.30185490821396815, 'hidden_continuous_size': 105, 'attention_head_size': 1, 'learning_rate': 0.03604882815165925}. Best is trial 0 with value: 64.0426254272461.
[I 2023-12-26 15:15:54,043] Trial 28 finished with value: 275.04541015625 and parameters: {'gradient_clip_val': 0.8573140328487957, 'hidden_size': 100, 'dropout': 0.28233261028913137, 'hidden_continuous_size': 50, 'attention_head_size': 4, 'learning_rate': 0.061991294246091344}. Best is trial 0 with value: 64.0426254272461.
[I 2023-12-26 15:15:59,674] Trial 29 finished with value: 229.232666015625 and parameters: {'gradient_clip_val': 0.30155036702669036, 'hidden_size': 66, 'dropout': 0.20381717409941075, 'hidden_continuous_size': 38, 'attention_head_size': 2, 'learning_rate': 0.025594521252943463}. Best is trial 0 with value: 64.0426254272461.
[I 2023-12-26 15:16:03,517] Trial 30 finished with value: 215.75584411621094 and parameters: {'gradient_clip_val': 0.45716353069670107, 'hidden_size': 44, 'dropout': 0.24138017085794705, 'hidden_continuous_size': 16, 'attention_head_size': 3, 'learning_rate': 0.014816451024567988}. Best is trial 0 with value: 64.0426254272461.
[I 2023-12-26 15:16:07,800] Trial 31 finished with value: 236.05091857910156 and parameters: {'gradient_clip_val': 0.10604978151730451, 'hidden_size': 45, 'dropout': 0.1371768438089175, 'hidden_continuous_size': 5, 'attention_head_size': 3, 'learning_rate': 0.046750415575064465}. Best is trial 0 with value: 64.0426254272461.
[I 2023-12-26 15:16:14,745] Trial 32 finished with value: 189.408935546875 and parameters: {'gradient_clip_val': 0.2378260669444736, 'hidden_size': 89, 'dropout': 0.15376863101397098, 'hidden_continuous_size': 5, 'attention_head_size': 3, 'learning_rate': 0.05136141896206135}. Best is trial 0 with value: 64.0426254272461.
[I 2023-12-26 15:16:24,927] Trial 33 finished with value: 169.6829376220703 and parameters: {'gradient_clip_val': 0.34992571822456425, 'hidden_size': 115, 'dropout': 0.21731138304798553, 'hidden_continuous_size': 56, 'attention_head_size': 4, 'learning_rate': 0.09795775357803475}. Best is trial 0 with value: 64.0426254272461.
[I 2023-12-26 15:16:34,934] Trial 34 finished with value: 166.3334503173828 and parameters: {'gradient_clip_val': 0.3831209351985972, 'hidden_size': 114, 'dropout': 0.21587338040536488, 'hidden_continuous_size': 56, 'attention_head_size': 4, 'learning_rate': 0.09699697500753701}. Best is trial 0 with value: 64.0426254272461.
[I 2023-12-26 15:16:40,369] Trial 35 finished with value: 267.8797607421875 and parameters: {'gradient_clip_val': 0.5401115746432397, 'hidden_size': 69, 'dropout': 0.25628473171356025, 'hidden_continuous_size': 49, 'attention_head_size': 4, 'learning_rate': 0.06814995207691063}. Best is trial 0 with value: 64.0426254272461.
[I 2023-12-26 15:16:49,620] Trial 36 finished with value: 247.37872314453125 and parameters: {'gradient_clip_val': 0.4348356814584243, 'hidden_size': 114, 'dropout': 0.20598597585426387, 'hidden_continuous_size': 64, 'attention_head_size': 4, 'learning_rate': 0.037404649636781355}. Best is trial 0 with value: 64.0426254272461.
[I 2023-12-26 15:16:55,701] Trial 37 finished with value: 121.17235565185547 and parameters: {'gradient_clip_val': 0.3640071401134498, 'hidden_size': 89, 'dropout': 0.32330019825320966, 'hidden_continuous_size': 68, 'attention_head_size': 1, 'learning_rate': 0.09949406313806915}. Best is trial 0 with value: 64.0426254272461.
[I 2023-12-26 15:17:03,715] Trial 38 finished with value: 182.3526153564453 and parameters: {'gradient_clip_val': 0.35373039942576573, 'hidden_size': 90, 'dropout': 0.3220542710218488, 'hidden_continuous_size': 62, 'attention_head_size': 1, 'learning_rate': 0.06835134299080524}. Best is trial 0 with value: 64.0426254272461.
[I 2023-12-26 15:17:09,301] Trial 39 finished with value: 250.31207275390625 and parameters: {'gradient_clip_val': 0.27898985497192547, 'hidden_size': 64, 'dropout': 0.28091807284489545, 'hidden_continuous_size': 35, 'attention_head_size': 4, 'learning_rate': 0.027546138144909048}. Best is trial 0 with value: 64.0426254272461.
[I 2023-12-26 15:17:20,191] Trial 40 finished with value: 182.60302734375 and parameters: {'gradient_clip_val': 0.39543783825418816, 'hidden_size': 125, 'dropout': 0.30229930793214094, 'hidden_continuous_size': 89, 'attention_head_size': 1, 'learning_rate': 0.09547309453986776}. Best is trial 0 with value: 64.0426254272461.
[I 2023-12-26 15:17:28,928] Trial 41 finished with value: 209.0657958984375 and parameters: {'gradient_clip_val': 0.5077795899557545, 'hidden_size': 97, 'dropout': 0.33332772455516496, 'hidden_continuous_size': 71, 'attention_head_size': 1, 'learning_rate': 0.07278428311331071}. Best is trial 0 with value: 64.0426254272461.
[I 2023-12-26 15:17:39,881] Trial 42 finished with value: 125.81906127929688 and parameters: {'gradient_clip_val': 0.3254671315140886, 'hidden_size': 126, 'dropout': 0.3544546627568726, 'hidden_continuous_size': 97, 'attention_head_size': 1, 'learning_rate': 0.09959563912459077}. Best is trial 0 with value: 64.0426254272461.
[I 2023-12-26 15:17:50,553] Trial 43 finished with value: 151.80532836914062 and parameters: {'gradient_clip_val': 0.3196084461074205, 'hidden_size': 119, 'dropout': 0.39507497592258856, 'hidden_continuous_size': 96, 'attention_head_size': 1, 'learning_rate': 0.09899105854623247}. Best is trial 0 with value: 64.0426254272461.
[I 2023-12-26 15:18:01,616] Trial 44 finished with value: 213.3486785888672 and parameters: {'gradient_clip_val': 0.3326283036800367, 'hidden_size': 126, 'dropout': 0.39128483221147414, 'hidden_continuous_size': 91, 'attention_head_size': 1, 'learning_rate': 0.03928177828002989}. Best is trial 0 with value: 64.0426254272461.
[I 2023-12-26 15:18:09,361] Trial 45 finished with value: 131.37725830078125 and parameters: {'gradient_clip_val': 0.22287617892310876, 'hidden_size': 84, 'dropout': 0.35088046180077326, 'hidden_continuous_size': 67, 'attention_head_size': 1, 'learning_rate': 0.0745821234267767}. Best is trial 0 with value: 64.0426254272461.
[I 2023-12-26 15:18:17,354] Trial 46 finished with value: 204.6754150390625 and parameters: {'gradient_clip_val': 0.19175348873221856, 'hidden_size': 85, 'dropout': 0.3500456301547574, 'hidden_continuous_size': 70, 'attention_head_size': 1, 'learning_rate': 0.054947329361872924}. Best is trial 0 with value: 64.0426254272461.
[I 2023-12-26 15:18:21,947] Trial 47 finished with value: 252.07476806640625 and parameters: {'gradient_clip_val': 0.2322954206461335, 'hidden_size': 55, 'dropout': 0.36411093990377125, 'hidden_continuous_size': 45, 'attention_head_size': 1, 'learning_rate': 0.07264903679420573}. Best is trial 0 with value: 64.0426254272461.
[I 2023-12-26 15:18:26,755] Trial 48 finished with value: 249.21754455566406 and parameters: {'gradient_clip_val': 0.27297543290954734, 'hidden_size': 77, 'dropout': 0.3167634349432611, 'hidden_continuous_size': 56, 'attention_head_size': 2, 'learning_rate': 0.03104999875249509}. Best is trial 0 with value: 64.0426254272461.
[I 2023-12-26 15:18:32,640] Trial 49 finished with value: 180.111572265625 and parameters: {'gradient_clip_val': 0.4308762041711916, 'hidden_size': 92, 'dropout': 0.3284345690787285, 'hidden_continuous_size': 77, 'attention_head_size': 1, 'learning_rate': 0.04234176216580443}. Best is trial 0 with value: 64.0426254272461.
[I 2023-12-26 15:18:32,783] A new study created in memory with name: no-name-23e774c7-54c2-4ed8-aed5-a04e97b98d2a
/home/le004/conda/anaconda3/envs/tsff_env/lib/python3.9/site-packages/lightning/fabric/plugins/environments/slurm.py:191: The `srun` command is available on your system but is not used. HINT: If your intention is to run Lightning on SLURM, prepend your python command with `srun` like so: srun python /home/le004/master_thesis/git/TSFusionForecast/code/ ...
[I 2023-12-26 15:23:42,446] Trial 0 finished with value: 26.594078063964844 and parameters: {'gradient_clip_val': 0.30881396209878115, 'hidden_size': 22, 'dropout': 0.2274510563885934, 'hidden_continuous_size': 11, 'attention_head_size': 1, 'learning_rate': 0.0028174567381548405}. Best is trial 0 with value: 26.594078063964844.
[I 2023-12-26 15:23:52,085] Trial 1 finished with value: 161.7311553955078 and parameters: {'gradient_clip_val': 0.7582201689262318, 'hidden_size': 127, 'dropout': 0.24253280437487643, 'hidden_continuous_size': 6, 'attention_head_size': 1, 'learning_rate': 0.01801296066970099}. Best is trial 0 with value: 26.594078063964844.
[I 2023-12-26 15:23:55,719] Trial 2 finished with value: 141.9216766357422 and parameters: {'gradient_clip_val': 0.40108812812655187, 'hidden_size': 42, 'dropout': 0.3293356111564094, 'hidden_continuous_size': 24, 'attention_head_size': 2, 'learning_rate': 0.003417820389255063}. Best is trial 0 with value: 26.594078063964844.
[I 2023-12-26 15:23:59,035] Trial 3 finished with value: 185.4439239501953 and parameters: {'gradient_clip_val': 0.6659213738909845, 'hidden_size': 36, 'dropout': 0.3453874202915015, 'hidden_continuous_size': 20, 'attention_head_size': 3, 'learning_rate': 0.0080900841988158}. Best is trial 0 with value: 26.594078063964844.
[I 2023-12-26 15:24:02,248] Trial 4 finished with value: 239.62591552734375 and parameters: {'gradient_clip_val': 0.5877017665231544, 'hidden_size': 30, 'dropout': 0.39304092347837016, 'hidden_continuous_size': 5, 'attention_head_size': 2, 'learning_rate': 0.07594003502499953}. Best is trial 0 with value: 26.594078063964844.
[I 2023-12-26 15:24:10,723] Trial 5 finished with value: 174.31187438964844 and parameters: {'gradient_clip_val': 0.8702948262570046, 'hidden_size': 110, 'dropout': 0.4753653955652154, 'hidden_continuous_size': 5, 'attention_head_size': 2, 'learning_rate': 0.0008310478063411419}. Best is trial 0 with value: 26.594078063964844.
[I 2023-12-26 15:24:13,448] Trial 6 finished with value: 206.57289123535156 and parameters: {'gradient_clip_val': 0.20008245242384998, 'hidden_size': 23, 'dropout': 0.42005302894562935, 'hidden_continuous_size': 13, 'attention_head_size': 1, 'learning_rate': 0.04960319142176503}. Best is trial 0 with value: 26.594078063964844.
[I 2023-12-26 15:24:18,837] Trial 7 finished with value: 180.9752960205078 and parameters: {'gradient_clip_val': 0.36831709944880653, 'hidden_size': 66, 'dropout': 0.11343940766411027, 'hidden_continuous_size': 14, 'attention_head_size': 1, 'learning_rate': 0.007453429533601143}. Best is trial 0 with value: 26.594078063964844.
[I 2023-12-26 15:24:20,834] Trial 8 finished with value: 205.76841735839844 and parameters: {'gradient_clip_val': 0.4168510564410819, 'hidden_size': 7, 'dropout': 0.3543423157555653, 'hidden_continuous_size': 7, 'attention_head_size': 3, 'learning_rate': 0.001620903779690114}. Best is trial 0 with value: 26.594078063964844.
[I 2023-12-26 15:24:26,703] Trial 9 finished with value: 123.41390991210938 and parameters: {'gradient_clip_val': 0.17270409579958876, 'hidden_size': 80, 'dropout': 0.404539938042197, 'hidden_continuous_size': 11, 'attention_head_size': 3, 'learning_rate': 0.010239202787594852}. Best is trial 0 with value: 26.594078063964844.
