[I 2023-12-26 14:20:46,426] Trial 35 finished with value: 120.51998901367188 and parameters: {'gradient_clip_val': 0.8476242619038533, 'hidden_size': 83, 'dropout': 0.348456597867242, 'hidden_continuous_size': 48, 'attention_head_size': 1, 'learning_rate': 0.08919851111190179}. Best is trial 0 with value: 15.30281925201416.
[I 2023-12-26 14:20:59,553] Trial 36 finished with value: 67.5820083618164 and parameters: {'gradient_clip_val': 0.5093373483350642, 'hidden_size': 149, 'dropout': 0.38901308132854756, 'hidden_continuous_size': 114, 'attention_head_size': 1, 'learning_rate': 0.029713084689256496}. Best is trial 0 with value: 15.30281925201416.
[I 2023-12-26 14:21:08,016] Trial 37 finished with value: 57.50129699707031 and parameters: {'gradient_clip_val': 0.5430357863260372, 'hidden_size': 93, 'dropout': 0.4197191280748993, 'hidden_continuous_size': 68, 'attention_head_size': 2, 'learning_rate': 0.04866586015685085}. Best is trial 0 with value: 15.30281925201416.
[I 2023-12-26 14:21:18,558] Trial 38 finished with value: 83.83646392822266 and parameters: {'gradient_clip_val': 0.33029142240184756, 'hidden_size': 119, 'dropout': 0.3231275685158222, 'hidden_continuous_size': 85, 'attention_head_size': 1, 'learning_rate': 0.012202300323021307}. Best is trial 0 with value: 15.30281925201416.
[I 2023-12-26 14:21:25,276] Trial 39 finished with value: 66.81336212158203 and parameters: {'gradient_clip_val': 0.3729889901104482, 'hidden_size': 67, 'dropout': 0.3727882455642376, 'hidden_continuous_size': 53, 'attention_head_size': 2, 'learning_rate': 0.06825826133137651}. Best is trial 0 with value: 15.30281925201416.
[I 2023-12-26 14:21:32,624] Trial 40 finished with value: 83.36610412597656 and parameters: {'gradient_clip_val': 0.45082212910524216, 'hidden_size': 81, 'dropout': 0.4376724040107955, 'hidden_continuous_size': 54, 'attention_head_size': 3, 'learning_rate': 0.00929505996610651}. Best is trial 0 with value: 15.30281925201416.
[I 2023-12-26 14:21:41,466] Trial 41 finished with value: 94.85391235351562 and parameters: {'gradient_clip_val': 0.5613529084463789, 'hidden_size': 98, 'dropout': 0.41512889447796497, 'hidden_continuous_size': 72, 'attention_head_size': 2, 'learning_rate': 0.046100953860284996}. Best is trial 0 with value: 15.30281925201416.
[I 2023-12-26 14:21:50,178] Trial 42 finished with value: 75.40599822998047 and parameters: {'gradient_clip_val': 0.4894391527789776, 'hidden_size': 97, 'dropout': 0.4088889189152519, 'hidden_continuous_size': 69, 'attention_head_size': 2, 'learning_rate': 0.038458595017531544}. Best is trial 0 with value: 15.30281925201416.
[I 2023-12-26 14:22:01,730] Trial 43 finished with value: 78.68302917480469 and parameters: {'gradient_clip_val': 0.5356940980937677, 'hidden_size': 123, 'dropout': 0.3862788822266143, 'hidden_continuous_size': 111, 'attention_head_size': 2, 'learning_rate': 0.05385829998431998}. Best is trial 0 with value: 15.30281925201416.
[I 2023-12-26 14:22:09,767] Trial 44 finished with value: 69.32241821289062 and parameters: {'gradient_clip_val': 0.41034813407572623, 'hidden_size': 89, 'dropout': 0.4257542348184224, 'hidden_continuous_size': 62, 'attention_head_size': 1, 'learning_rate': 0.08241482686009192}. Best is trial 0 with value: 15.30281925201416.
[I 2023-12-26 14:22:19,999] Trial 45 finished with value: 83.4555892944336 and parameters: {'gradient_clip_val': 0.6392251551010203, 'hidden_size': 120, 'dropout': 0.35677254947804754, 'hidden_continuous_size': 80, 'attention_head_size': 3, 'learning_rate': 0.07884850589419301}. Best is trial 0 with value: 15.30281925201416.
[I 2023-12-26 14:22:26,473] Trial 46 finished with value: 89.04985809326172 and parameters: {'gradient_clip_val': 0.5301316249789622, 'hidden_size': 72, 'dropout': 0.4711878418497084, 'hidden_continuous_size': 59, 'attention_head_size': 1, 'learning_rate': 0.05658626567292849}. Best is trial 0 with value: 15.30281925201416.
[I 2023-12-26 14:22:34,324] Trial 47 finished with value: 82.43965911865234 and parameters: {'gradient_clip_val': 0.7236149306750093, 'hidden_size': 88, 'dropout': 0.4417680849243921, 'hidden_continuous_size': 68, 'attention_head_size': 2, 'learning_rate': 0.03521256609820696}. Best is trial 0 with value: 15.30281925201416.
[I 2023-12-26 14:22:46,261] Trial 48 finished with value: 95.2173843383789 and parameters: {'gradient_clip_val': 0.3469253240286706, 'hidden_size': 132, 'dropout': 0.480926461405486, 'hidden_continuous_size': 114, 'attention_head_size': 1, 'learning_rate': 0.01845387464495452}. Best is trial 0 with value: 15.30281925201416.
[I 2023-12-26 14:22:53,098] Trial 49 finished with value: 75.6556625366211 and parameters: {'gradient_clip_val': 0.30899844350584194, 'hidden_size': 73, 'dropout': 0.454365753034818, 'hidden_continuous_size': 60, 'attention_head_size': 3, 'learning_rate': 0.09803157137280256}. Best is trial 0 with value: 15.30281925201416.
[I 2023-12-26 14:22:53,277] A new study created in memory with name: no-name-3f276319-1158-49f8-a1ae-618316a9ceb9
/home/le004/conda/anaconda3/envs/tsff_env/lib/python3.9/site-packages/lightning/fabric/plugins/environments/slurm.py:191: The `srun` command is available on your system but is not used. HINT: If your intention is to run Lightning on SLURM, prepend your python command with `srun` like so: srun python /home/le004/master_thesis/git/TSFusionForecast/code/ ...
[I 2023-12-26 14:30:50,807] Trial 0 finished with value: 18.11928367614746 and parameters: {'gradient_clip_val': 0.7343628719859867, 'hidden_size': 100, 'dropout': 0.31955563869337333, 'hidden_continuous_size': 26, 'attention_head_size': 3, 'learning_rate': 0.03351215614677962}. Best is trial 0 with value: 18.11928367614746.
[I 2023-12-26 14:30:56,445] Trial 1 finished with value: 63.0374641418457 and parameters: {'gradient_clip_val': 0.26672106303624993, 'hidden_size': 81, 'dropout': 0.3713340677894382, 'hidden_continuous_size': 17, 'attention_head_size': 1, 'learning_rate': 0.008606858192393659}. Best is trial 0 with value: 18.11928367614746.
[I 2023-12-26 14:31:05,267] Trial 2 finished with value: 70.28942108154297 and parameters: {'gradient_clip_val': 0.126326571708481, 'hidden_size': 116, 'dropout': 0.19723378570547034, 'hidden_continuous_size': 8, 'attention_head_size': 3, 'learning_rate': 0.002737757322452883}. Best is trial 0 with value: 18.11928367614746.
[I 2023-12-26 14:31:07,365] Trial 3 finished with value: 58.7628288269043 and parameters: {'gradient_clip_val': 0.18953263867415232, 'hidden_size': 8, 'dropout': 0.29536783904657493, 'hidden_continuous_size': 6, 'attention_head_size': 4, 'learning_rate': 0.0009377867297318252}. Best is trial 0 with value: 18.11928367614746.
[I 2023-12-26 14:31:09,513] Trial 4 finished with value: 80.00375366210938 and parameters: {'gradient_clip_val': 0.45943750336550304, 'hidden_size': 13, 'dropout': 0.4833168822577042, 'hidden_continuous_size': 7, 'attention_head_size': 2, 'learning_rate': 0.047443058578855384}. Best is trial 0 with value: 18.11928367614746.
[I 2023-12-26 14:31:11,539] Trial 5 finished with value: 80.37211608886719 and parameters: {'gradient_clip_val': 0.13117127194031228, 'hidden_size': 9, 'dropout': 0.12542159310622503, 'hidden_continuous_size': 8, 'attention_head_size': 3, 'learning_rate': 0.004206585122865936}. Best is trial 0 with value: 18.11928367614746.
[I 2023-12-26 14:31:14,557] Trial 6 finished with value: 52.70412063598633 and parameters: {'gradient_clip_val': 0.16505340647776595, 'hidden_size': 35, 'dropout': 0.14338734083333404, 'hidden_continuous_size': 22, 'attention_head_size': 2, 'learning_rate': 0.024906598199319258}. Best is trial 0 with value: 18.11928367614746.
[I 2023-12-26 14:31:17,021] Trial 7 finished with value: 55.00321578979492 and parameters: {'gradient_clip_val': 0.15799750519498296, 'hidden_size': 26, 'dropout': 0.12908352190314198, 'hidden_continuous_size': 6, 'attention_head_size': 1, 'learning_rate': 0.0606256962740201}. Best is trial 0 with value: 18.11928367614746.
[I 2023-12-26 14:31:21,202] Trial 8 finished with value: 59.26498794555664 and parameters: {'gradient_clip_val': 0.6815650831318198, 'hidden_size': 71, 'dropout': 0.21503080632665963, 'hidden_continuous_size': 11, 'attention_head_size': 1, 'learning_rate': 0.0007572233698487766}. Best is trial 0 with value: 18.11928367614746.
[I 2023-12-26 14:31:23,523] Trial 9 finished with value: 68.92677307128906 and parameters: {'gradient_clip_val': 0.39957393688677567, 'hidden_size': 25, 'dropout': 0.10200391508774041, 'hidden_continuous_size': 7, 'attention_head_size': 4, 'learning_rate': 0.020420730729238456}. Best is trial 0 with value: 18.11928367614746.
[I 2023-12-26 14:31:32,248] Trial 10 finished with value: 79.43775177001953 and parameters: {'gradient_clip_val': 0.8898766507240576, 'hidden_size': 135, 'dropout': 0.35165952248264376, 'hidden_continuous_size': 51, 'attention_head_size': 3, 'learning_rate': 0.07045082279740626}. Best is trial 0 with value: 18.11928367614746.
[I 2023-12-26 14:31:35,143] Trial 11 finished with value: 64.35989379882812 and parameters: {'gradient_clip_val': 0.2645846606827559, 'hidden_size': 44, 'dropout': 0.2482540004659487, 'hidden_continuous_size': 22, 'attention_head_size': 2, 'learning_rate': 0.01995247287549942}. Best is trial 0 with value: 18.11928367614746.
[I 2023-12-26 14:31:38,141] Trial 12 finished with value: 64.22149658203125 and parameters: {'gradient_clip_val': 0.5500023017984297, 'hidden_size': 47, 'dropout': 0.2833485984807313, 'hidden_continuous_size': 26, 'attention_head_size': 2, 'learning_rate': 0.02423673714959625}. Best is trial 0 with value: 18.11928367614746.
[I 2023-12-26 14:31:39,873] Trial 13 finished with value: 95.14297485351562 and parameters: {'gradient_clip_val': 0.9156594162663094, 'hidden_size': 5, 'dropout': 0.18559696323375977, 'hidden_continuous_size': 5, 'attention_head_size': 3, 'learning_rate': 0.09778782449682537}. Best is trial 0 with value: 18.11928367614746.
[I 2023-12-26 14:31:52,120] Trial 14 finished with value: 61.25565719604492 and parameters: {'gradient_clip_val': 0.1000063543485545, 'hidden_size': 144, 'dropout': 0.3518321222281155, 'hidden_continuous_size': 123, 'attention_head_size': 2, 'learning_rate': 0.03329919008267781}. Best is trial 0 with value: 18.11928367614746.
[I 2023-12-26 14:31:55,038] Trial 15 finished with value: 57.42474365234375 and parameters: {'gradient_clip_val': 0.3261582215705198, 'hidden_size': 43, 'dropout': 0.1617828620664754, 'hidden_continuous_size': 13, 'attention_head_size': 4, 'learning_rate': 0.013543200268901445}. Best is trial 0 with value: 18.11928367614746.
[I 2023-12-26 14:31:59,965] Trial 16 finished with value: 77.22246551513672 and parameters: {'gradient_clip_val': 0.21724532446441505, 'hidden_size': 79, 'dropout': 0.22454550937385243, 'hidden_continuous_size': 28, 'attention_head_size': 3, 'learning_rate': 0.012230220052299616}. Best is trial 0 with value: 18.11928367614746.
[I 2023-12-26 14:32:02,209] Trial 17 finished with value: 67.93632507324219 and parameters: {'gradient_clip_val': 0.36060800276748073, 'hidden_size': 22, 'dropout': 0.26494170632362946, 'hidden_continuous_size': 11, 'attention_head_size': 2, 'learning_rate': 0.04491983338249811}. Best is trial 0 with value: 18.11928367614746.
[I 2023-12-26 14:32:04,915] Trial 18 finished with value: 69.76858520507812 and parameters: {'gradient_clip_val': 0.5882001138390179, 'hidden_size': 35, 'dropout': 0.1599263178017888, 'hidden_continuous_size': 18, 'attention_head_size': 3, 'learning_rate': 0.03171770136692918}. Best is trial 0 with value: 18.11928367614746.
[I 2023-12-26 14:32:09,381] Trial 19 finished with value: 49.217926025390625 and parameters: {'gradient_clip_val': 0.465413081358409, 'hidden_size': 61, 'dropout': 0.32461372683882245, 'hidden_continuous_size': 33, 'attention_head_size': 2, 'learning_rate': 0.014342973502026018}. Best is trial 0 with value: 18.11928367614746.
[I 2023-12-26 14:32:16,178] Trial 20 finished with value: 73.16024780273438 and parameters: {'gradient_clip_val': 0.6818348119715354, 'hidden_size': 100, 'dropout': 0.3239047806157831, 'hidden_continuous_size': 36, 'attention_head_size': 1, 'learning_rate': 0.0065043693688871225}. Best is trial 0 with value: 18.11928367614746.
[I 2023-12-26 14:32:22,074] Trial 21 finished with value: 78.61083984375 and parameters: {'gradient_clip_val': 0.45078931884171103, 'hidden_size': 70, 'dropout': 0.2608612239743259, 'hidden_continuous_size': 33, 'attention_head_size': 2, 'learning_rate': 0.014098709106680395}. Best is trial 0 with value: 18.11928367614746.
[I 2023-12-26 14:32:26,704] Trial 22 finished with value: 69.26305389404297 and parameters: {'gradient_clip_val': 0.29078037225568715, 'hidden_size': 63, 'dropout': 0.31619946490617, 'hidden_continuous_size': 21, 'attention_head_size': 2, 'learning_rate': 0.030896596508143342}. Best is trial 0 with value: 18.11928367614746.
[I 2023-12-26 14:32:34,602] Trial 23 finished with value: 72.75190734863281 and parameters: {'gradient_clip_val': 0.39859780253512367, 'hidden_size': 102, 'dropout': 0.23266923813254153, 'hidden_continuous_size': 41, 'attention_head_size': 2, 'learning_rate': 0.02088857129024576}. Best is trial 0 with value: 18.11928367614746.
[I 2023-12-26 14:32:39,164] Trial 24 finished with value: 66.4978256225586 and parameters: {'gradient_clip_val': 0.5118613235131171, 'hidden_size': 55, 'dropout': 0.38894891525613057, 'hidden_continuous_size': 23, 'attention_head_size': 3, 'learning_rate': 0.04492133707594481}. Best is trial 0 with value: 18.11928367614746.
[I 2023-12-26 14:32:41,980] Trial 25 finished with value: 65.16317749023438 and parameters: {'gradient_clip_val': 0.7378062632319982, 'hidden_size': 32, 'dropout': 0.2898724276415907, 'hidden_continuous_size': 18, 'attention_head_size': 2, 'learning_rate': 0.009527237119318384}. Best is trial 0 with value: 18.11928367614746.
[I 2023-12-26 14:32:48,899] Trial 26 finished with value: 61.798614501953125 and parameters: {'gradient_clip_val': 0.9802899971177874, 'hidden_size': 90, 'dropout': 0.4079222072212949, 'hidden_continuous_size': 30, 'attention_head_size': 1, 'learning_rate': 0.01686149969796291}. Best is trial 0 with value: 18.11928367614746.
[I 2023-12-26 14:32:53,145] Trial 27 finished with value: 61.19447708129883 and parameters: {'gradient_clip_val': 0.23274630185605696, 'hidden_size': 56, 'dropout': 0.32071460959425757, 'hidden_continuous_size': 15, 'attention_head_size': 3, 'learning_rate': 0.028717659774828513}. Best is trial 0 with value: 18.11928367614746.
[I 2023-12-26 14:32:57,923] Trial 28 finished with value: 65.13756561279297 and parameters: {'gradient_clip_val': 0.3613965616390811, 'hidden_size': 58, 'dropout': 0.2519094099175718, 'hidden_continuous_size': 26, 'attention_head_size': 4, 'learning_rate': 0.011454929805633217}. Best is trial 0 with value: 18.11928367614746.
[I 2023-12-26 14:33:04,370] Trial 29 finished with value: 74.96699523925781 and parameters: {'gradient_clip_val': 0.3116004384042548, 'hidden_size': 84, 'dropout': 0.277067710500289, 'hidden_continuous_size': 16, 'attention_head_size': 1, 'learning_rate': 0.006940183417990678}. Best is trial 0 with value: 18.11928367614746.
[I 2023-12-26 14:33:12,650] Trial 30 finished with value: 64.91414642333984 and parameters: {'gradient_clip_val': 0.5561351063101688, 'hidden_size': 110, 'dropout': 0.34691645195392695, 'hidden_continuous_size': 41, 'attention_head_size': 2, 'learning_rate': 0.009634013557200307}. Best is trial 0 with value: 18.11928367614746.
[I 2023-12-26 14:33:15,322] Trial 31 finished with value: 57.10546875 and parameters: {'gradient_clip_val': 0.18823704151040577, 'hidden_size': 19, 'dropout': 0.12174142174572328, 'hidden_continuous_size': 5, 'attention_head_size': 1, 'learning_rate': 0.06289509323053034}. Best is trial 0 with value: 18.11928367614746.
[I 2023-12-26 14:33:18,295] Trial 32 finished with value: 100.69861602783203 and parameters: {'gradient_clip_val': 0.1616458642888433, 'hidden_size': 30, 'dropout': 0.1842134305728458, 'hidden_continuous_size': 9, 'attention_head_size': 1, 'learning_rate': 0.03526221992039074}. Best is trial 0 with value: 18.11928367614746.
[I 2023-12-26 14:33:21,417] Trial 33 finished with value: 67.78852081298828 and parameters: {'gradient_clip_val': 0.16302766175338523, 'hidden_size': 37, 'dropout': 0.15002148962418185, 'hidden_continuous_size': 6, 'attention_head_size': 1, 'learning_rate': 0.017981387897110415}. Best is trial 0 with value: 18.11928367614746.
[I 2023-12-26 14:33:24,191] Trial 34 finished with value: 70.87150573730469 and parameters: {'gradient_clip_val': 0.2430535286179311, 'hidden_size': 27, 'dropout': 0.19756090539891613, 'hidden_continuous_size': 9, 'attention_head_size': 3, 'learning_rate': 0.05866972732536988}. Best is trial 0 with value: 18.11928367614746.
[I 2023-12-26 14:33:26,585] Trial 35 finished with value: 77.279296875 and parameters: {'gradient_clip_val': 0.1290499730691613, 'hidden_size': 19, 'dropout': 0.12355479081787948, 'hidden_continuous_size': 6, 'attention_head_size': 2, 'learning_rate': 0.09432449273053664}. Best is trial 0 with value: 18.11928367614746.
[I 2023-12-26 14:33:30,676] Trial 36 finished with value: 69.41378021240234 and parameters: {'gradient_clip_val': 0.2749889215119127, 'hidden_size': 50, 'dropout': 0.10117234349156354, 'hidden_continuous_size': 20, 'attention_head_size': 1, 'learning_rate': 0.042585677072900896}. Best is trial 0 with value: 18.11928367614746.
[I 2023-12-26 14:33:34,054] Trial 37 finished with value: 82.36197662353516 and parameters: {'gradient_clip_val': 0.14781516983410783, 'hidden_size': 39, 'dropout': 0.20762547776522391, 'hidden_continuous_size': 14, 'attention_head_size': 3, 'learning_rate': 0.024471726992246843}. Best is trial 0 with value: 18.11928367614746.
[I 2023-12-26 14:33:39,305] Trial 38 finished with value: 71.16555786132812 and parameters: {'gradient_clip_val': 0.2005452629832982, 'hidden_size': 72, 'dropout': 0.30467987237392186, 'hidden_continuous_size': 17, 'attention_head_size': 2, 'learning_rate': 0.05895190492186587}. Best is trial 0 with value: 18.11928367614746.
[I 2023-12-26 14:33:44,680] Trial 39 finished with value: 62.66740036010742 and parameters: {'gradient_clip_val': 0.1829982905482076, 'hidden_size': 63, 'dropout': 0.1388417787496043, 'hidden_continuous_size': 24, 'attention_head_size': 4, 'learning_rate': 0.025840925643087573}. Best is trial 0 with value: 18.11928367614746.
[I 2023-12-26 14:33:53,132] Trial 40 finished with value: 46.69657897949219 and parameters: {'gradient_clip_val': 0.11337956415738863, 'hidden_size': 115, 'dropout': 0.17502024599129556, 'hidden_continuous_size': 11, 'attention_head_size': 1, 'learning_rate': 0.037772780532591275}. Best is trial 0 with value: 18.11928367614746.
[I 2023-12-26 14:34:02,074] Trial 41 finished with value: 53.90956497192383 and parameters: {'gradient_clip_val': 0.11092624219361456, 'hidden_size': 122, 'dropout': 0.1701673652471445, 'hidden_continuous_size': 12, 'attention_head_size': 1, 'learning_rate': 0.03705167870607396}. Best is trial 0 with value: 18.11928367614746.
[I 2023-12-26 14:34:11,170] Trial 42 finished with value: 60.10575866699219 and parameters: {'gradient_clip_val': 0.11568368104785735, 'hidden_size': 125, 'dropout': 0.1670719205284277, 'hidden_continuous_size': 14, 'attention_head_size': 1, 'learning_rate': 0.035610839436529935}. Best is trial 0 with value: 18.11928367614746.
[I 2023-12-26 14:34:20,407] Trial 43 finished with value: 73.6541976928711 and parameters: {'gradient_clip_val': 0.10629474706345898, 'hidden_size': 122, 'dropout': 0.17862727475835066, 'hidden_continuous_size': 20, 'attention_head_size': 1, 'learning_rate': 0.017264813879324246}. Best is trial 0 with value: 18.11928367614746.
[I 2023-12-26 14:34:30,430] Trial 44 finished with value: 54.87579345703125 and parameters: {'gradient_clip_val': 0.11418871917378581, 'hidden_size': 138, 'dropout': 0.23616282374747755, 'hidden_continuous_size': 11, 'attention_head_size': 1, 'learning_rate': 0.02352550427002721}. Best is trial 0 with value: 18.11928367614746.
[I 2023-12-26 14:34:37,165] Trial 45 finished with value: 48.2990608215332 and parameters: {'gradient_clip_val': 0.14005142263963594, 'hidden_size': 92, 'dropout': 0.143420883423673, 'hidden_continuous_size': 13, 'attention_head_size': 2, 'learning_rate': 0.04181863924338347}. Best is trial 0 with value: 18.11928367614746.
[I 2023-12-26 14:34:44,752] Trial 46 finished with value: 62.3775634765625 and parameters: {'gradient_clip_val': 0.15677775715164616, 'hidden_size': 101, 'dropout': 0.1378164297505507, 'hidden_continuous_size': 16, 'attention_head_size': 2, 'learning_rate': 0.0533496374966445}. Best is trial 0 with value: 18.11928367614746.
[I 2023-12-26 14:34:51,345] Trial 47 finished with value: 52.87601089477539 and parameters: {'gradient_clip_val': 0.13251321944649755, 'hidden_size': 89, 'dropout': 0.21138072110305672, 'hidden_continuous_size': 13, 'attention_head_size': 2, 'learning_rate': 0.07649745312694978}. Best is trial 0 with value: 18.11928367614746.
[I 2023-12-26 14:35:02,288] Trial 48 finished with value: 51.81222915649414 and parameters: {'gradient_clip_val': 0.13989269356135925, 'hidden_size': 148, 'dropout': 0.19346228277531713, 'hidden_continuous_size': 28, 'attention_head_size': 3, 'learning_rate': 0.04655450067719067}. Best is trial 0 with value: 18.11928367614746.
