[I 2023-12-15 13:03:11,133] Trial 22 finished with value: 20.34868812561035 and parameters: {'gradient_clip_val': 0.4237712849322422, 'hidden_size': 5, 'dropout': 0.1836188770484011, 'hidden_continuous_size': 5, 'attention_head_size': 1, 'learning_rate': 0.008731253247591672}. Best is trial 6 with value: 16.657228469848633.
LOCAL_RANK: 0 - CUDA_VISIBLE_DEVICES: [0]
[I 2023-12-15 13:03:56,714] Trial 23 finished with value: 21.070045471191406 and parameters: {'gradient_clip_val': 0.46571911258345206, 'hidden_size': 7, 'dropout': 0.19882381475911595, 'hidden_continuous_size': 5, 'attention_head_size': 1, 'learning_rate': 0.0026973801350214676}. Best is trial 6 with value: 16.657228469848633.
LOCAL_RANK: 0 - CUDA_VISIBLE_DEVICES: [0]
[I 2023-12-15 13:04:42,207] Trial 24 finished with value: 19.450733184814453 and parameters: {'gradient_clip_val': 0.6528927969171738, 'hidden_size': 10, 'dropout': 0.13171499743072734, 'hidden_continuous_size': 6, 'attention_head_size': 1, 'learning_rate': 0.004740757610445958}. Best is trial 6 with value: 16.657228469848633.
LOCAL_RANK: 0 - CUDA_VISIBLE_DEVICES: [0]
[I 2023-12-15 13:05:27,846] Trial 25 finished with value: 38.829872131347656 and parameters: {'gradient_clip_val': 0.7133390620336816, 'hidden_size': 11, 'dropout': 0.13010974760928387, 'hidden_continuous_size': 6, 'attention_head_size': 2, 'learning_rate': 0.004587669364342658}. Best is trial 6 with value: 16.657228469848633.
LOCAL_RANK: 0 - CUDA_VISIBLE_DEVICES: [0]
[I 2023-12-15 13:06:12,950] Trial 26 finished with value: 19.8137264251709 and parameters: {'gradient_clip_val': 0.5984234124451989, 'hidden_size': 8, 'dropout': 0.14465992135651035, 'hidden_continuous_size': 6, 'attention_head_size': 3, 'learning_rate': 0.0025297876903079305}. Best is trial 6 with value: 16.657228469848633.
LOCAL_RANK: 0 - CUDA_VISIBLE_DEVICES: [0]
[I 2023-12-15 13:06:58,197] Trial 27 finished with value: 31.75482177734375 and parameters: {'gradient_clip_val': 0.7837198763694244, 'hidden_size': 12, 'dropout': 0.1530901237070915, 'hidden_continuous_size': 6, 'attention_head_size': 2, 'learning_rate': 0.0044516892339520045}. Best is trial 6 with value: 16.657228469848633.
LOCAL_RANK: 0 - CUDA_VISIBLE_DEVICES: [0]
[I 2023-12-15 13:07:44,092] Trial 28 finished with value: 24.399892807006836 and parameters: {'gradient_clip_val': 0.968709231413794, 'hidden_size': 10, 'dropout': 0.1193628877189728, 'hidden_continuous_size': 6, 'attention_head_size': 1, 'learning_rate': 0.0017005808380453659}. Best is trial 6 with value: 16.657228469848633.
LOCAL_RANK: 0 - CUDA_VISIBLE_DEVICES: [0]
[I 2023-12-15 13:08:31,180] Trial 29 finished with value: 49.63069152832031 and parameters: {'gradient_clip_val': 0.6343029854368609, 'hidden_size': 18, 'dropout': 0.1301214643497878, 'hidden_continuous_size': 7, 'attention_head_size': 1, 'learning_rate': 0.0059551792470815814}. Best is trial 6 with value: 16.657228469848633.
LOCAL_RANK: 0 - CUDA_VISIBLE_DEVICES: [0]
[I 2023-12-15 13:09:19,720] Trial 30 finished with value: 42.3062744140625 and parameters: {'gradient_clip_val': 0.5241493455364401, 'hidden_size': 21, 'dropout': 0.19493268769663286, 'hidden_continuous_size': 7, 'attention_head_size': 2, 'learning_rate': 0.0037427467948849096}. Best is trial 6 with value: 16.657228469848633.
LOCAL_RANK: 0 - CUDA_VISIBLE_DEVICES: [0]
[I 2023-12-15 13:10:05,788] Trial 31 finished with value: 37.22629165649414 and parameters: {'gradient_clip_val': 0.5779987800986277, 'hidden_size': 7, 'dropout': 0.14170941503761034, 'hidden_continuous_size': 6, 'attention_head_size': 3, 'learning_rate': 0.0024195021948925583}. Best is trial 6 with value: 16.657228469848633.
LOCAL_RANK: 0 - CUDA_VISIBLE_DEVICES: [0]
[I 2023-12-15 13:10:51,948] Trial 32 finished with value: 14.04411792755127 and parameters: {'gradient_clip_val': 0.6239736798355175, 'hidden_size': 8, 'dropout': 0.10083848276529929, 'hidden_continuous_size': 6, 'attention_head_size': 3, 'learning_rate': 0.002330409209193734}. Best is trial 32 with value: 14.04411792755127.
LOCAL_RANK: 0 - CUDA_VISIBLE_DEVICES: [0]
[I 2023-12-15 13:11:39,361] Trial 33 finished with value: 30.873123168945312 and parameters: {'gradient_clip_val': 0.7630587482865242, 'hidden_size': 14, 'dropout': 0.10065380652062798, 'hidden_continuous_size': 7, 'attention_head_size': 3, 'learning_rate': 0.0032819090329091506}. Best is trial 32 with value: 14.04411792755127.
LOCAL_RANK: 0 - CUDA_VISIBLE_DEVICES: [0]
[I 2023-12-15 13:12:26,243] Trial 34 finished with value: 33.01555252075195 and parameters: {'gradient_clip_val': 0.6507360426377228, 'hidden_size': 13, 'dropout': 0.16487466526201983, 'hidden_continuous_size': 6, 'attention_head_size': 4, 'learning_rate': 0.0020427774815643526}. Best is trial 32 with value: 14.04411792755127.
LOCAL_RANK: 0 - CUDA_VISIBLE_DEVICES: [0]
[I 2023-12-15 13:13:12,594] Trial 35 finished with value: 48.5341796875 and parameters: {'gradient_clip_val': 0.8561623029523674, 'hidden_size': 10, 'dropout': 0.12152455735641658, 'hidden_continuous_size': 6, 'attention_head_size': 3, 'learning_rate': 0.0033660098036152643}. Best is trial 32 with value: 14.04411792755127.
LOCAL_RANK: 0 - CUDA_VISIBLE_DEVICES: [0]
[I 2023-12-15 13:13:58,373] Trial 36 finished with value: 46.618255615234375 and parameters: {'gradient_clip_val': 0.5685824370611741, 'hidden_size': 6, 'dropout': 0.16216736873382087, 'hidden_continuous_size': 5, 'attention_head_size': 2, 'learning_rate': 0.004929559815523738}. Best is trial 32 with value: 14.04411792755127.
LOCAL_RANK: 0 - CUDA_VISIBLE_DEVICES: [0]
[I 2023-12-15 13:14:46,155] Trial 37 finished with value: 40.37500762939453 and parameters: {'gradient_clip_val': 0.7569520340992819, 'hidden_size': 17, 'dropout': 0.12242711312927175, 'hidden_continuous_size': 8, 'attention_head_size': 3, 'learning_rate': 0.0030323175729754645}. Best is trial 32 with value: 14.04411792755127.
LOCAL_RANK: 0 - CUDA_VISIBLE_DEVICES: [0]
[I 2023-12-15 13:15:31,734] Trial 38 finished with value: 46.726043701171875 and parameters: {'gradient_clip_val': 0.4857786852966182, 'hidden_size': 9, 'dropout': 0.1551203811255633, 'hidden_continuous_size': 6, 'attention_head_size': 1, 'learning_rate': 0.001348649832497175}. Best is trial 32 with value: 14.04411792755127.
LOCAL_RANK: 0 - CUDA_VISIBLE_DEVICES: [0]
[I 2023-12-15 13:16:18,371] Trial 39 finished with value: 47.59902572631836 and parameters: {'gradient_clip_val': 0.38385310639719805, 'hidden_size': 7, 'dropout': 0.10038399569994966, 'hidden_continuous_size': 6, 'attention_head_size': 4, 'learning_rate': 0.0020380707265296293}. Best is trial 32 with value: 14.04411792755127.
LOCAL_RANK: 0 - CUDA_VISIBLE_DEVICES: [0]
[I 2023-12-15 13:17:03,572] Trial 40 finished with value: 22.925567626953125 and parameters: {'gradient_clip_val': 0.8527671296063661, 'hidden_size': 12, 'dropout': 0.13300405389518508, 'hidden_continuous_size': 7, 'attention_head_size': 2, 'learning_rate': 0.0036853660884937586}. Best is trial 32 with value: 14.04411792755127.
LOCAL_RANK: 0 - CUDA_VISIBLE_DEVICES: [0]
[I 2023-12-15 13:17:49,050] Trial 41 finished with value: 36.84014892578125 and parameters: {'gradient_clip_val': 0.5978369513892002, 'hidden_size': 8, 'dropout': 0.1424970453807055, 'hidden_continuous_size': 6, 'attention_head_size': 3, 'learning_rate': 0.0028694744249503435}. Best is trial 32 with value: 14.04411792755127.
LOCAL_RANK: 0 - CUDA_VISIBLE_DEVICES: [0]
[I 2023-12-15 13:18:34,284] Trial 42 finished with value: 44.96458435058594 and parameters: {'gradient_clip_val': 0.5975744366230836, 'hidden_size': 8, 'dropout': 0.11509816581498318, 'hidden_continuous_size': 6, 'attention_head_size': 3, 'learning_rate': 0.0023023156471097313}. Best is trial 32 with value: 14.04411792755127.
LOCAL_RANK: 0 - CUDA_VISIBLE_DEVICES: [0]
[I 2023-12-15 13:19:20,811] Trial 43 finished with value: 45.11921691894531 and parameters: {'gradient_clip_val': 0.6706465606471168, 'hidden_size': 6, 'dropout': 0.14178562015836244, 'hidden_continuous_size': 5, 'attention_head_size': 3, 'learning_rate': 0.0012373551899723452}. Best is trial 32 with value: 14.04411792755127.
LOCAL_RANK: 0 - CUDA_VISIBLE_DEVICES: [0]
[I 2023-12-15 13:20:07,307] Trial 44 finished with value: 47.71678161621094 and parameters: {'gradient_clip_val': 0.5131501762286674, 'hidden_size': 15, 'dropout': 0.1205742926974182, 'hidden_continuous_size': 7, 'attention_head_size': 3, 'learning_rate': 0.0018884281392146144}. Best is trial 32 with value: 14.04411792755127.
LOCAL_RANK: 0 - CUDA_VISIBLE_DEVICES: [0]
[I 2023-12-15 13:20:53,535] Trial 45 finished with value: 52.25864791870117 and parameters: {'gradient_clip_val': 0.554898397110193, 'hidden_size': 10, 'dropout': 0.1600747749099136, 'hidden_continuous_size': 6, 'attention_head_size': 3, 'learning_rate': 0.0027403594957376063}. Best is trial 32 with value: 14.04411792755127.
LOCAL_RANK: 0 - CUDA_VISIBLE_DEVICES: [0]
[I 2023-12-15 13:21:31,416] Trial 46 finished with value: 58.6262321472168 and parameters: {'gradient_clip_val': 0.46813523898666926, 'hidden_size': 6, 'dropout': 0.11053187633545888, 'hidden_continuous_size': 6, 'attention_head_size': 4, 'learning_rate': 0.0039644083114231485}. Best is trial 32 with value: 14.04411792755127.
LOCAL_RANK: 0 - CUDA_VISIBLE_DEVICES: [0]
[I 2023-12-15 13:22:18,179] Trial 47 finished with value: 34.58627700805664 and parameters: {'gradient_clip_val': 0.7519550903634357, 'hidden_size': 13, 'dropout': 0.17549667623854337, 'hidden_continuous_size': 7, 'attention_head_size': 3, 'learning_rate': 0.0007347839802367355}. Best is trial 32 with value: 14.04411792755127.
LOCAL_RANK: 0 - CUDA_VISIBLE_DEVICES: [0]
[I 2023-12-15 13:23:04,696] Trial 48 finished with value: 29.36296844482422 and parameters: {'gradient_clip_val': 0.8741051106011664, 'hidden_size': 8, 'dropout': 0.13706669572784608, 'hidden_continuous_size': 6, 'attention_head_size': 2, 'learning_rate': 0.0015998741184505513}. Best is trial 32 with value: 14.04411792755127.
LOCAL_RANK: 0 - CUDA_VISIBLE_DEVICES: [0]
[I 2023-12-15 13:23:50,774] Trial 49 finished with value: 27.123306274414062 and parameters: {'gradient_clip_val': 0.6287179495154919, 'hidden_size': 16, 'dropout': 0.11326527780642714, 'hidden_continuous_size': 8, 'attention_head_size': 3, 'learning_rate': 0.0011828088368973113}. Best is trial 32 with value: 14.04411792755127.
[I 2023-12-15 13:23:50,868] A new study created in memory with name: no-name-044b223f-aea8-4f94-ae33-bfd8aff9715e
/home/le004/conda/anaconda3/envs/tsff_env/lib/python3.9/site-packages/lightning/fabric/plugins/environments/slurm.py:191: The `srun` command is available on your system but is not used. HINT: If your intention is to run Lightning on SLURM, prepend your python command with `srun` like so: srun python /home/le004/master_thesis/git/TSFusionForecast/code/ ...
LOCAL_RANK: 0 - CUDA_VISIBLE_DEVICES: [0]
[I 2023-12-15 13:24:37,474] Trial 0 finished with value: 24.235488891601562 and parameters: {'gradient_clip_val': 0.15229205137508076, 'hidden_size': 9, 'dropout': 0.30566778200551403, 'hidden_continuous_size': 6, 'attention_head_size': 3, 'learning_rate': 0.03278646760524118}. Best is trial 0 with value: 24.235488891601562.
LOCAL_RANK: 0 - CUDA_VISIBLE_DEVICES: [0]
[I 2023-12-15 13:25:30,467] Trial 1 finished with value: 43.634490966796875 and parameters: {'gradient_clip_val': 0.2729801499324556, 'hidden_size': 31, 'dropout': 0.23128581582088134, 'hidden_continuous_size': 30, 'attention_head_size': 3, 'learning_rate': 0.01878638165841317}. Best is trial 0 with value: 24.235488891601562.
LOCAL_RANK: 0 - CUDA_VISIBLE_DEVICES: [0]
[I 2023-12-15 13:26:17,185] Trial 2 finished with value: 11.036735534667969 and parameters: {'gradient_clip_val': 0.2635553004376679, 'hidden_size': 7, 'dropout': 0.1264623785909117, 'hidden_continuous_size': 6, 'attention_head_size': 4, 'learning_rate': 0.007693882493017481}. Best is trial 2 with value: 11.036735534667969.
LOCAL_RANK: 0 - CUDA_VISIBLE_DEVICES: [0]
[I 2023-12-15 13:27:08,999] Trial 3 finished with value: 45.43392562866211 and parameters: {'gradient_clip_val': 0.10029957066201751, 'hidden_size': 51, 'dropout': 0.11381080173260835, 'hidden_continuous_size': 5, 'attention_head_size': 2, 'learning_rate': 0.001032374525808777}. Best is trial 2 with value: 11.036735534667969.
LOCAL_RANK: 0 - CUDA_VISIBLE_DEVICES: [0]
[I 2023-12-15 13:28:02,649] Trial 4 finished with value: 41.39152145385742 and parameters: {'gradient_clip_val': 0.6525596086603976, 'hidden_size': 62, 'dropout': 0.1997405587110252, 'hidden_continuous_size': 26, 'attention_head_size': 2, 'learning_rate': 0.0005331846942862927}. Best is trial 2 with value: 11.036735534667969.
LOCAL_RANK: 0 - CUDA_VISIBLE_DEVICES: [0]
[I 2023-12-15 13:28:54,236] Trial 5 finished with value: 58.8694953918457 and parameters: {'gradient_clip_val': 0.32703501606511376, 'hidden_size': 32, 'dropout': 0.314017951029142, 'hidden_continuous_size': 21, 'attention_head_size': 4, 'learning_rate': 0.014828996987188888}. Best is trial 2 with value: 11.036735534667969.
LOCAL_RANK: 0 - CUDA_VISIBLE_DEVICES: [0]
[I 2023-12-15 13:29:52,175] Trial 6 finished with value: 30.928274154663086 and parameters: {'gradient_clip_val': 0.27301565441481085, 'hidden_size': 86, 'dropout': 0.13665930054249822, 'hidden_continuous_size': 66, 'attention_head_size': 4, 'learning_rate': 0.0006804462813565597}. Best is trial 2 with value: 11.036735534667969.
LOCAL_RANK: 0 - CUDA_VISIBLE_DEVICES: [0]
[I 2023-12-15 13:30:48,404] Trial 7 finished with value: 30.60309410095215 and parameters: {'gradient_clip_val': 0.24221093463932336, 'hidden_size': 87, 'dropout': 0.32604867532082804, 'hidden_continuous_size': 64, 'attention_head_size': 1, 'learning_rate': 0.0005753337129075795}. Best is trial 2 with value: 11.036735534667969.
LOCAL_RANK: 0 - CUDA_VISIBLE_DEVICES: [0]
[I 2023-12-15 13:31:45,141] Trial 8 finished with value: 26.786598205566406 and parameters: {'gradient_clip_val': 0.9221680043458905, 'hidden_size': 100, 'dropout': 0.21730706264187832, 'hidden_continuous_size': 34, 'attention_head_size': 3, 'learning_rate': 0.058105056583271884}. Best is trial 2 with value: 11.036735534667969.
LOCAL_RANK: 0 - CUDA_VISIBLE_DEVICES: [0]
[I 2023-12-15 13:32:33,956] Trial 9 finished with value: 17.635894775390625 and parameters: {'gradient_clip_val': 0.8985938728336905, 'hidden_size': 29, 'dropout': 0.14915256944576089, 'hidden_continuous_size': 6, 'attention_head_size': 1, 'learning_rate': 0.005880081711016776}. Best is trial 2 with value: 11.036735534667969.
LOCAL_RANK: 0 - CUDA_VISIBLE_DEVICES: [0]
[I 2023-12-15 13:33:11,381] Trial 10 finished with value: 36.25309753417969 and parameters: {'gradient_clip_val': 0.44092926762957146, 'hidden_size': 5, 'dropout': 0.18070283377569357, 'hidden_continuous_size': 5, 'attention_head_size': 4, 'learning_rate': 0.004295286311564132}. Best is trial 2 with value: 11.036735534667969.
LOCAL_RANK: 0 - CUDA_VISIBLE_DEVICES: [0]
[I 2023-12-15 13:33:57,365] Trial 11 finished with value: 11.975171089172363 and parameters: {'gradient_clip_val': 0.5198915706023519, 'hidden_size': 15, 'dropout': 0.10668737097744149, 'hidden_continuous_size': 7, 'attention_head_size': 1, 'learning_rate': 0.0049385020128579924}. Best is trial 2 with value: 11.036735534667969.
LOCAL_RANK: 0 - CUDA_VISIBLE_DEVICES: [0]
[I 2023-12-15 13:34:44,029] Trial 12 finished with value: 30.689489364624023 and parameters: {'gradient_clip_val': 0.4312943064704179, 'hidden_size': 13, 'dropout': 0.10859373047795372, 'hidden_continuous_size': 7, 'attention_head_size': 2, 'learning_rate': 0.002974531593157008}. Best is trial 2 with value: 11.036735534667969.
LOCAL_RANK: 0 - CUDA_VISIBLE_DEVICES: [0]
[I 2023-12-15 13:35:30,128] Trial 13 finished with value: 30.399587631225586 and parameters: {'gradient_clip_val': 0.5692485046240348, 'hidden_size': 13, 'dropout': 0.10253143789964866, 'hidden_continuous_size': 7, 'attention_head_size': 1, 'learning_rate': 0.009952898470698001}. Best is trial 2 with value: 11.036735534667969.
LOCAL_RANK: 0 - CUDA_VISIBLE_DEVICES: [0]
[I 2023-12-15 13:36:07,044] Trial 14 finished with value: 31.17325782775879 and parameters: {'gradient_clip_val': 0.19968563650976326, 'hidden_size': 5, 'dropout': 0.16764107176830956, 'hidden_continuous_size': 5, 'attention_head_size': 3, 'learning_rate': 0.002022673108969312}. Best is trial 2 with value: 11.036735534667969.
LOCAL_RANK: 0 - CUDA_VISIBLE_DEVICES: [0]
[I 2023-12-15 13:36:54,362] Trial 15 finished with value: 41.22217559814453 and parameters: {'gradient_clip_val': 0.3804379890733698, 'hidden_size': 9, 'dropout': 0.1497376461371559, 'hidden_continuous_size': 6, 'attention_head_size': 2, 'learning_rate': 0.008175199438757762}. Best is trial 2 with value: 11.036735534667969.
LOCAL_RANK: 0 - CUDA_VISIBLE_DEVICES: [0]
[I 2023-12-15 13:37:39,375] Trial 16 finished with value: 56.02952194213867 and parameters: {'gradient_clip_val': 0.5418702416334862, 'hidden_size': 16, 'dropout': 0.2616685127946116, 'hidden_continuous_size': 8, 'attention_head_size': 1, 'learning_rate': 0.002756817476182613}. Best is trial 2 with value: 11.036735534667969.
LOCAL_RANK: 0 - CUDA_VISIBLE_DEVICES: [0]
[I 2023-12-15 13:38:24,573] Trial 17 finished with value: 23.115936279296875 and parameters: {'gradient_clip_val': 0.34694438466462557, 'hidden_size': 8, 'dropout': 0.37222536659743993, 'hidden_continuous_size': 6, 'attention_head_size': 4, 'learning_rate': 0.006902048386714437}. Best is trial 2 with value: 11.036735534667969.
LOCAL_RANK: 0 - CUDA_VISIBLE_DEVICES: [0]
[I 2023-12-15 13:39:12,034] Trial 18 finished with value: 21.32341766357422 and parameters: {'gradient_clip_val': 0.19999193854121278, 'hidden_size': 20, 'dropout': 0.17599392929352742, 'hidden_continuous_size': 9, 'attention_head_size': 2, 'learning_rate': 0.0016267984487162775}. Best is trial 2 with value: 11.036735534667969.
LOCAL_RANK: 0 - CUDA_VISIBLE_DEVICES: [0]
[I 2023-12-15 13:39:57,865] Trial 19 finished with value: 20.612279891967773 and parameters: {'gradient_clip_val': 0.6932693387125152, 'hidden_size': 7, 'dropout': 0.13021068282566386, 'hidden_continuous_size': 5, 'attention_head_size': 3, 'learning_rate': 0.003744997482521984}. Best is trial 2 with value: 11.036735534667969.
LOCAL_RANK: 0 - CUDA_VISIBLE_DEVICES: [0]
[I 2023-12-15 13:40:44,597] Trial 20 finished with value: 74.4648208618164 and parameters: {'gradient_clip_val': 0.46505861709977925, 'hidden_size': 11, 'dropout': 0.10497308830874823, 'hidden_continuous_size': 6, 'attention_head_size': 4, 'learning_rate': 0.0870903388449755}. Best is trial 2 with value: 11.036735534667969.
LOCAL_RANK: 0 - CUDA_VISIBLE_DEVICES: [0]
[I 2023-12-15 13:41:31,739] Trial 21 finished with value: 39.41934585571289 and parameters: {'gradient_clip_val': 0.9445363217865156, 'hidden_size': 19, 'dropout': 0.14730994439121162, 'hidden_continuous_size': 7, 'attention_head_size': 1, 'learning_rate': 0.004822415688417514}. Best is trial 2 with value: 11.036735534667969.
LOCAL_RANK: 0 - CUDA_VISIBLE_DEVICES: [0]
[I 2023-12-15 13:42:20,639] Trial 22 finished with value: 16.296785354614258 and parameters: {'gradient_clip_val': 0.7866484345437867, 'hidden_size': 25, 'dropout': 0.13897740592360494, 'hidden_continuous_size': 9, 'attention_head_size': 1, 'learning_rate': 0.006198874517156866}. Best is trial 2 with value: 11.036735534667969.
LOCAL_RANK: 0 - CUDA_VISIBLE_DEVICES: [0]
[I 2023-12-15 13:43:08,036] Trial 23 finished with value: 50.722774505615234 and parameters: {'gradient_clip_val': 0.762779722848444, 'hidden_size': 24, 'dropout': 0.1295586972388324, 'hidden_continuous_size': 10, 'attention_head_size': 1, 'learning_rate': 0.010960831187161398}. Best is trial 2 with value: 11.036735534667969.
LOCAL_RANK: 0 - CUDA_VISIBLE_DEVICES: [0]
[I 2023-12-15 13:43:54,209] Trial 24 finished with value: 14.060442924499512 and parameters: {'gradient_clip_val': 0.5232577652329693, 'hidden_size': 15, 'dropout': 0.16096120710178843, 'hidden_continuous_size': 8, 'attention_head_size': 1, 'learning_rate': 0.005759783219258258}. Best is trial 2 with value: 11.036735534667969.
LOCAL_RANK: 0 - CUDA_VISIBLE_DEVICES: [0]
[I 2023-12-15 13:44:39,433] Trial 25 finished with value: 83.43106842041016 and parameters: {'gradient_clip_val': 0.5329897296835632, 'hidden_size': 16, 'dropout': 0.1755489844256894, 'hidden_continuous_size': 8, 'attention_head_size': 2, 'learning_rate': 0.015084933992917328}. Best is trial 2 with value: 11.036735534667969.
LOCAL_RANK: 0 - CUDA_VISIBLE_DEVICES: [0]
[I 2023-12-15 13:45:24,560] Trial 26 finished with value: 16.243621826171875 and parameters: {'gradient_clip_val': 0.4202066321052793, 'hidden_size': 7, 'dropout': 0.19657180539322974, 'hidden_continuous_size': 5, 'attention_head_size': 1, 'learning_rate': 0.004585381573926608}. Best is trial 2 with value: 11.036735534667969.
LOCAL_RANK: 0 - CUDA_VISIBLE_DEVICES: [0]
[I 2023-12-15 13:46:09,442] Trial 27 finished with value: 21.885488510131836 and parameters: {'gradient_clip_val': 0.3417493932286344, 'hidden_size': 12, 'dropout': 0.1608928429857404, 'hidden_continuous_size': 7, 'attention_head_size': 2, 'learning_rate': 0.00799738673555198}. Best is trial 2 with value: 11.036735534667969.
LOCAL_RANK: 0 - CUDA_VISIBLE_DEVICES: [0]
[I 2023-12-15 13:46:54,581] Trial 28 finished with value: 25.105642318725586 and parameters: {'gradient_clip_val': 0.5981390328072845, 'hidden_size': 6, 'dropout': 0.12041571144726176, 'hidden_continuous_size': 5, 'attention_head_size': 1, 'learning_rate': 0.0027070388743855476}. Best is trial 2 with value: 11.036735534667969.
LOCAL_RANK: 0 - CUDA_VISIBLE_DEVICES: [0]
[I 2023-12-15 13:47:41,069] Trial 29 finished with value: 12.173916816711426 and parameters: {'gradient_clip_val': 0.5098396214261396, 'hidden_size': 9, 'dropout': 0.12288865583733319, 'hidden_continuous_size': 6, 'attention_head_size': 3, 'learning_rate': 0.021753484655566487}. Best is trial 2 with value: 11.036735534667969.
LOCAL_RANK: 0 - CUDA_VISIBLE_DEVICES: [0]
