[I 2023-12-26 18:48:46,890] Trial 18 finished with value: 2.825270891189575 and parameters: {'gradient_clip_val': 0.1080284459814243, 'hidden_size': 16, 'dropout': 0.2387135532105623, 'hidden_continuous_size': 6, 'attention_head_size': 2, 'learning_rate': 0.03169053220538409}. Best is trial 0 with value: 0.06267057359218597.
[I 2023-12-26 18:48:49,110] Trial 19 finished with value: 3.7973766326904297 and parameters: {'gradient_clip_val': 0.23215932413456797, 'hidden_size': 8, 'dropout': 0.16508720906323135, 'hidden_continuous_size': 5, 'attention_head_size': 1, 'learning_rate': 0.004667254778823662}. Best is trial 0 with value: 0.06267057359218597.
[I 2023-12-26 18:48:52,247] Trial 20 finished with value: 3.549664258956909 and parameters: {'gradient_clip_val': 0.3040697449734125, 'hidden_size': 33, 'dropout': 0.23760659174947696, 'hidden_continuous_size': 17, 'attention_head_size': 2, 'learning_rate': 0.0017785528910581748}. Best is trial 0 with value: 0.06267057359218597.
[I 2023-12-26 18:48:54,382] Trial 21 finished with value: 3.174351692199707 and parameters: {'gradient_clip_val': 0.23976263944720433, 'hidden_size': 7, 'dropout': 0.32843933971014083, 'hidden_continuous_size': 5, 'attention_head_size': 3, 'learning_rate': 0.0013078302513889418}. Best is trial 0 with value: 0.06267057359218597.
[I 2023-12-26 18:48:56,587] Trial 22 finished with value: 2.3615198135375977 and parameters: {'gradient_clip_val': 0.20872595028207874, 'hidden_size': 6, 'dropout': 0.3046584409982486, 'hidden_continuous_size': 5, 'attention_head_size': 4, 'learning_rate': 0.0005573940431550389}. Best is trial 0 with value: 0.06267057359218597.
[I 2023-12-26 18:48:59,110] Trial 23 finished with value: 3.573826789855957 and parameters: {'gradient_clip_val': 0.17684070883697953, 'hidden_size': 7, 'dropout': 0.40892004279110966, 'hidden_continuous_size': 5, 'attention_head_size': 4, 'learning_rate': 0.0005136494336605579}. Best is trial 0 with value: 0.06267057359218597.
[I 2023-12-26 18:49:01,364] Trial 24 finished with value: 2.8344461917877197 and parameters: {'gradient_clip_val': 0.15127025848614448, 'hidden_size': 12, 'dropout': 0.16157921635030612, 'hidden_continuous_size': 6, 'attention_head_size': 3, 'learning_rate': 0.0016610403848287966}. Best is trial 0 with value: 0.06267057359218597.
[I 2023-12-26 18:49:03,721] Trial 25 finished with value: 2.7073299884796143 and parameters: {'gradient_clip_val': 0.26443478131859144, 'hidden_size': 10, 'dropout': 0.2339397197464973, 'hidden_continuous_size': 6, 'attention_head_size': 4, 'learning_rate': 0.0008911094558387596}. Best is trial 0 with value: 0.06267057359218597.
[I 2023-12-26 18:49:06,074] Trial 26 finished with value: 2.029794931411743 and parameters: {'gradient_clip_val': 0.35162681269275886, 'hidden_size': 6, 'dropout': 0.2738703340249371, 'hidden_continuous_size': 5, 'attention_head_size': 3, 'learning_rate': 0.0034961602411150276}. Best is trial 0 with value: 0.06267057359218597.
[I 2023-12-26 18:49:08,473] Trial 27 finished with value: 3.5053722858428955 and parameters: {'gradient_clip_val': 0.3526505214970081, 'hidden_size': 7, 'dropout': 0.14806298701959222, 'hidden_continuous_size': 5, 'attention_head_size': 3, 'learning_rate': 0.0037916214521264485}. Best is trial 0 with value: 0.06267057359218597.
[I 2023-12-26 18:49:10,951] Trial 28 finished with value: 2.4019577503204346 and parameters: {'gradient_clip_val': 0.3497950345635931, 'hidden_size': 13, 'dropout': 0.10132370338117214, 'hidden_continuous_size': 7, 'attention_head_size': 2, 'learning_rate': 0.002474236207682521}. Best is trial 0 with value: 0.06267057359218597.
[I 2023-12-26 18:49:15,946] Trial 29 finished with value: 2.457616090774536 and parameters: {'gradient_clip_val': 0.27886793332774934, 'hidden_size': 60, 'dropout': 0.27627661803857717, 'hidden_continuous_size': 24, 'attention_head_size': 1, 'learning_rate': 0.0020552342560730967}. Best is trial 0 with value: 0.06267057359218597.
[I 2023-12-26 18:49:18,658] Trial 30 finished with value: 3.150546073913574 and parameters: {'gradient_clip_val': 0.19969820354661152, 'hidden_size': 19, 'dropout': 0.25260759174739206, 'hidden_continuous_size': 8, 'attention_head_size': 3, 'learning_rate': 0.003851923188534009}. Best is trial 0 with value: 0.06267057359218597.
[I 2023-12-26 18:49:21,071] Trial 31 finished with value: 2.478761911392212 and parameters: {'gradient_clip_val': 0.2104289683106274, 'hidden_size': 6, 'dropout': 0.29290194641859424, 'hidden_continuous_size': 5, 'attention_head_size': 4, 'learning_rate': 0.001256852633571593}. Best is trial 0 with value: 0.06267057359218597.
[I 2023-12-26 18:49:23,413] Trial 32 finished with value: 3.1665360927581787 and parameters: {'gradient_clip_val': 0.2577171269320057, 'hidden_size': 9, 'dropout': 0.265308705713056, 'hidden_continuous_size': 6, 'attention_head_size': 4, 'learning_rate': 0.001721962908797858}. Best is trial 0 with value: 0.06267057359218597.
[I 2023-12-26 18:49:25,274] Trial 33 finished with value: 2.5969765186309814 and parameters: {'gradient_clip_val': 0.4001515473175179, 'hidden_size': 5, 'dropout': 0.3271751591501129, 'hidden_continuous_size': 5, 'attention_head_size': 3, 'learning_rate': 0.0007337244747230638}. Best is trial 0 with value: 0.06267057359218597.
[I 2023-12-26 18:49:27,382] Trial 34 finished with value: 3.2083122730255127 and parameters: {'gradient_clip_val': 0.3058354836688738, 'hidden_size': 6, 'dropout': 0.18807735405253972, 'hidden_continuous_size': 5, 'attention_head_size': 4, 'learning_rate': 0.06485613835404382}. Best is trial 0 with value: 0.06267057359218597.
[I 2023-12-26 18:49:30,035] Trial 35 finished with value: 3.3002660274505615 and parameters: {'gradient_clip_val': 0.505210578727019, 'hidden_size': 12, 'dropout': 0.13464436431095136, 'hidden_continuous_size': 6, 'attention_head_size': 3, 'learning_rate': 0.001077957362169493}. Best is trial 0 with value: 0.06267057359218597.
[I 2023-12-26 18:49:32,355] Trial 36 finished with value: 3.348875045776367 and parameters: {'gradient_clip_val': 0.21992331467750748, 'hidden_size': 9, 'dropout': 0.14077797532387987, 'hidden_continuous_size': 5, 'attention_head_size': 2, 'learning_rate': 0.0025932415624170782}. Best is trial 0 with value: 0.06267057359218597.
[I 2023-12-26 18:49:34,490] Trial 37 finished with value: 2.217052459716797 and parameters: {'gradient_clip_val': 0.25797285182446883, 'hidden_size': 5, 'dropout': 0.21806150037281108, 'hidden_continuous_size': 5, 'attention_head_size': 4, 'learning_rate': 0.001424287831909429}. Best is trial 0 with value: 0.06267057359218597.
[I 2023-12-26 18:49:36,861] Trial 38 finished with value: 3.237097978591919 and parameters: {'gradient_clip_val': 0.3708464836138473, 'hidden_size': 11, 'dropout': 0.21075924487855807, 'hidden_continuous_size': 7, 'attention_head_size': 2, 'learning_rate': 0.002288576466065819}. Best is trial 0 with value: 0.06267057359218597.
[I 2023-12-26 18:49:39,191] Trial 39 finished with value: 1.952273964881897 and parameters: {'gradient_clip_val': 0.32589098601910355, 'hidden_size': 14, 'dropout': 0.17297256003059952, 'hidden_continuous_size': 7, 'attention_head_size': 4, 'learning_rate': 0.0015014469553691376}. Best is trial 0 with value: 0.06267057359218597.
[I 2023-12-26 18:49:41,273] Trial 40 finished with value: 2.612996816635132 and parameters: {'gradient_clip_val': 0.49824294525956603, 'hidden_size': 16, 'dropout': 0.11348168790450555, 'hidden_continuous_size': 7, 'attention_head_size': 3, 'learning_rate': 0.0918600701159823}. Best is trial 0 with value: 0.06267057359218597.
[I 2023-12-26 18:49:43,526] Trial 41 finished with value: 2.7576122283935547 and parameters: {'gradient_clip_val': 0.3145503232023778, 'hidden_size': 14, 'dropout': 0.1560669296895283, 'hidden_continuous_size': 6, 'attention_head_size': 4, 'learning_rate': 0.0029742345480952503}. Best is trial 0 with value: 0.06267057359218597.
[I 2023-12-26 18:49:45,905] Trial 42 finished with value: 3.0500681400299072 and parameters: {'gradient_clip_val': 0.2652456484073097, 'hidden_size': 21, 'dropout': 0.17733127827469064, 'hidden_continuous_size': 8, 'attention_head_size': 4, 'learning_rate': 0.0013532016191962607}. Best is trial 0 with value: 0.06267057359218597.
[I 2023-12-26 18:49:47,940] Trial 43 finished with value: 2.6362974643707275 and parameters: {'gradient_clip_val': 0.29672209793428483, 'hidden_size': 5, 'dropout': 0.2202448579696683, 'hidden_continuous_size': 5, 'attention_head_size': 4, 'learning_rate': 0.0008661242625611809}. Best is trial 0 with value: 0.06267057359218597.
[I 2023-12-26 18:49:50,050] Trial 44 finished with value: 2.915537118911743 and parameters: {'gradient_clip_val': 0.3892953014506676, 'hidden_size': 6, 'dropout': 0.19970684676283612, 'hidden_continuous_size': 5, 'attention_head_size': 4, 'learning_rate': 0.001617844983806357}. Best is trial 0 with value: 0.06267057359218597.
[I 2023-12-26 18:49:52,229] Trial 45 finished with value: 3.2912161350250244 and parameters: {'gradient_clip_val': 0.3377931085721313, 'hidden_size': 9, 'dropout': 0.18295450586152365, 'hidden_continuous_size': 6, 'attention_head_size': 4, 'learning_rate': 0.0022585615541233658}. Best is trial 0 with value: 0.06267057359218597.
[I 2023-12-26 18:49:54,989] Trial 46 finished with value: 3.8308279514312744 and parameters: {'gradient_clip_val': 0.2537570564501365, 'hidden_size': 26, 'dropout': 0.2223978363589108, 'hidden_continuous_size': 10, 'attention_head_size': 3, 'learning_rate': 0.0006523509034182336}. Best is trial 0 with value: 0.06267057359218597.
[I 2023-12-26 18:49:57,225] Trial 47 finished with value: 3.0446531772613525 and parameters: {'gradient_clip_val': 0.2827743917481593, 'hidden_size': 15, 'dropout': 0.1357548088055805, 'hidden_continuous_size': 9, 'attention_head_size': 4, 'learning_rate': 0.0010199950138322024}. Best is trial 0 with value: 0.06267057359218597.
[I 2023-12-26 18:49:59,438] Trial 48 finished with value: 3.013657569885254 and parameters: {'gradient_clip_val': 0.3218051475730195, 'hidden_size': 13, 'dropout': 0.19979813612684605, 'hidden_continuous_size': 7, 'attention_head_size': 4, 'learning_rate': 0.00328092127598139}. Best is trial 0 with value: 0.06267057359218597.
[I 2023-12-26 18:50:01,791] Trial 49 finished with value: 2.361928701400757 and parameters: {'gradient_clip_val': 0.1918800956974945, 'hidden_size': 17, 'dropout': 0.12442313205688765, 'hidden_continuous_size': 12, 'attention_head_size': 3, 'learning_rate': 0.0009919079612216526}. Best is trial 0 with value: 0.06267057359218597.
[I 2023-12-26 18:50:01,925] A new study created in memory with name: no-name-02ad6d97-4a06-434f-ba23-ddb926ea4c3d
/home/le004/conda/anaconda3/envs/tsff_env/lib/python3.9/site-packages/lightning/fabric/plugins/environments/slurm.py:191: The `srun` command is available on your system but is not used. HINT: If your intention is to run Lightning on SLURM, prepend your python command with `srun` like so: srun python /home/le004/master_thesis/git/TSFusionForecast/code/ ...
[I 2023-12-26 18:55:29,512] Trial 0 finished with value: 0.08636191487312317 and parameters: {'gradient_clip_val': 0.7720998352820533, 'hidden_size': 31, 'dropout': 0.236385294901035, 'hidden_continuous_size': 26, 'attention_head_size': 3, 'learning_rate': 0.0031985257562125225}. Best is trial 0 with value: 0.08636191487312317.
[I 2023-12-26 18:55:31,695] Trial 1 finished with value: 3.645437240600586 and parameters: {'gradient_clip_val': 0.20069334789128937, 'hidden_size': 14, 'dropout': 0.4217632484732501, 'hidden_continuous_size': 6, 'attention_head_size': 4, 'learning_rate': 0.02948088745216968}. Best is trial 0 with value: 0.08636191487312317.
[I 2023-12-26 18:55:38,225] Trial 2 finished with value: 4.3314948081970215 and parameters: {'gradient_clip_val': 0.47437949577667765, 'hidden_size': 104, 'dropout': 0.20292195749033062, 'hidden_continuous_size': 7, 'attention_head_size': 1, 'learning_rate': 0.001245969126868494}. Best is trial 0 with value: 0.08636191487312317.
[I 2023-12-26 18:55:40,243] Trial 3 finished with value: 3.6938393115997314 and parameters: {'gradient_clip_val': 0.1950258162817485, 'hidden_size': 10, 'dropout': 0.2992687598957631, 'hidden_continuous_size': 5, 'attention_head_size': 2, 'learning_rate': 0.009631107035962245}. Best is trial 0 with value: 0.08636191487312317.
[I 2023-12-26 18:55:42,689] Trial 4 finished with value: 5.671263217926025 and parameters: {'gradient_clip_val': 0.8996692085688012, 'hidden_size': 32, 'dropout': 0.4745803931051509, 'hidden_continuous_size': 7, 'attention_head_size': 3, 'learning_rate': 0.027223771040802015}. Best is trial 0 with value: 0.08636191487312317.
[I 2023-12-26 18:55:44,712] Trial 5 finished with value: 3.3934900760650635 and parameters: {'gradient_clip_val': 0.22256415349226163, 'hidden_size': 10, 'dropout': 0.14527287615738646, 'hidden_continuous_size': 7, 'attention_head_size': 2, 'learning_rate': 0.09164508954130551}. Best is trial 0 with value: 0.08636191487312317.
[I 2023-12-26 18:55:46,853] Trial 6 finished with value: 5.282028675079346 and parameters: {'gradient_clip_val': 0.4322411227912469, 'hidden_size': 15, 'dropout': 0.3183110182885458, 'hidden_continuous_size': 8, 'attention_head_size': 2, 'learning_rate': 0.0932337580595504}. Best is trial 0 with value: 0.08636191487312317.
[I 2023-12-26 18:55:49,583] Trial 7 finished with value: 3.3991518020629883 and parameters: {'gradient_clip_val': 0.7557124728304577, 'hidden_size': 40, 'dropout': 0.22988016756482194, 'hidden_continuous_size': 10, 'attention_head_size': 3, 'learning_rate': 0.037837496470064104}. Best is trial 0 with value: 0.08636191487312317.
[I 2023-12-26 18:55:52,951] Trial 8 finished with value: 3.4745843410491943 and parameters: {'gradient_clip_val': 0.2951013970830761, 'hidden_size': 49, 'dropout': 0.44842709998141816, 'hidden_continuous_size': 11, 'attention_head_size': 3, 'learning_rate': 0.0009252294457504242}. Best is trial 0 with value: 0.08636191487312317.
[I 2023-12-26 18:55:55,358] Trial 9 finished with value: 5.534296035766602 and parameters: {'gradient_clip_val': 0.5798164679453491, 'hidden_size': 14, 'dropout': 0.37129505014104425, 'hidden_continuous_size': 10, 'attention_head_size': 4, 'learning_rate': 0.07488102894632429}. Best is trial 0 with value: 0.08636191487312317.
[I 2023-12-26 18:55:57,280] Trial 10 finished with value: 4.5199875831604 and parameters: {'gradient_clip_val': 0.9079163767745146, 'hidden_size': 7, 'dropout': 0.10991218574693809, 'hidden_continuous_size': 5, 'attention_head_size': 1, 'learning_rate': 0.003580655295703143}. Best is trial 0 with value: 0.08636191487312317.
[I 2023-12-26 18:55:59,060] Trial 11 finished with value: 4.941635608673096 and parameters: {'gradient_clip_val': 0.1458091403414185, 'hidden_size': 5, 'dropout': 0.1203797442382047, 'hidden_continuous_size': 5, 'attention_head_size': 2, 'learning_rate': 0.006005649264837936}. Best is trial 0 with value: 0.08636191487312317.
[I 2023-12-26 18:56:01,210] Trial 12 finished with value: 4.40555477142334 and parameters: {'gradient_clip_val': 0.30087907717515283, 'hidden_size': 20, 'dropout': 0.18799080089519304, 'hidden_continuous_size': 20, 'attention_head_size': 2, 'learning_rate': 0.002632125675143021}. Best is trial 0 with value: 0.08636191487312317.
[I 2023-12-26 18:56:03,556] Trial 13 finished with value: 2.765122652053833 and parameters: {'gradient_clip_val': 0.378397760056553, 'hidden_size': 23, 'dropout': 0.1642318355913755, 'hidden_continuous_size': 23, 'attention_head_size': 3, 'learning_rate': 0.011739480278027516}. Best is trial 0 with value: 0.08636191487312317.
[I 2023-12-26 18:56:06,126] Trial 14 finished with value: 4.194494247436523 and parameters: {'gradient_clip_val': 0.6543968857901722, 'hidden_size': 26, 'dropout': 0.25965832141797135, 'hidden_continuous_size': 25, 'attention_head_size': 4, 'learning_rate': 0.011848822154249027}. Best is trial 0 with value: 0.08636191487312317.
[I 2023-12-26 18:56:09,973] Trial 15 finished with value: 4.479664325714111 and parameters: {'gradient_clip_val': 0.44435475612850417, 'hidden_size': 54, 'dropout': 0.1734838844734284, 'hidden_continuous_size': 40, 'attention_head_size': 3, 'learning_rate': 0.0005111024371417383}. Best is trial 0 with value: 0.08636191487312317.
[I 2023-12-26 18:56:12,335] Trial 16 finished with value: 4.558666706085205 and parameters: {'gradient_clip_val': 0.5615098880405611, 'hidden_size': 24, 'dropout': 0.24115634603469965, 'hidden_continuous_size': 17, 'attention_head_size': 3, 'learning_rate': 0.005029427551131025}. Best is trial 0 with value: 0.08636191487312317.
[I 2023-12-26 18:56:17,689] Trial 17 finished with value: 3.5167293548583984 and parameters: {'gradient_clip_val': 0.3942047191521429, 'hidden_size': 76, 'dropout': 0.15677611224528598, 'hidden_continuous_size': 57, 'attention_head_size': 4, 'learning_rate': 0.014579717724464092}. Best is trial 0 with value: 0.08636191487312317.
[I 2023-12-26 18:56:20,387] Trial 18 finished with value: 6.80000638961792 and parameters: {'gradient_clip_val': 0.9892916460398005, 'hidden_size': 34, 'dropout': 0.2002108826881094, 'hidden_continuous_size': 15, 'attention_head_size': 3, 'learning_rate': 0.0024727440247111743}. Best is trial 0 with value: 0.08636191487312317.
[I 2023-12-26 18:56:24,922] Trial 19 finished with value: 5.0971903800964355 and parameters: {'gradient_clip_val': 0.3465314013998561, 'hidden_size': 66, 'dropout': 0.10317760086490341, 'hidden_continuous_size': 26, 'attention_head_size': 4, 'learning_rate': 0.006368719180925941}. Best is trial 0 with value: 0.08636191487312317.
[I 2023-12-26 18:56:33,553] Trial 20 finished with value: 3.8489723205566406 and parameters: {'gradient_clip_val': 0.6989783076185887, 'hidden_size': 130, 'dropout': 0.261710939980081, 'hidden_continuous_size': 40, 'attention_head_size': 3, 'learning_rate': 0.016136869245347976}. Best is trial 0 with value: 0.08636191487312317.
[I 2023-12-26 18:56:36,029] Trial 21 finished with value: 4.804361820220947 and parameters: {'gradient_clip_val': 0.24999291501714396, 'hidden_size': 19, 'dropout': 0.14843906700995024, 'hidden_continuous_size': 8, 'attention_head_size': 2, 'learning_rate': 0.06130621008778313}. Best is trial 0 with value: 0.08636191487312317.
[I 2023-12-26 18:56:38,069] Trial 22 finished with value: 4.488836765289307 and parameters: {'gradient_clip_val': 0.10831260529489857, 'hidden_size': 11, 'dropout': 0.1573984152250802, 'hidden_continuous_size': 6, 'attention_head_size': 1, 'learning_rate': 0.019638206864393565}. Best is trial 0 with value: 0.08636191487312317.
[I 2023-12-26 18:56:40,735] Trial 23 finished with value: 5.405323028564453 and parameters: {'gradient_clip_val': 0.5213444596898112, 'hidden_size': 31, 'dropout': 0.15308604643387622, 'hidden_continuous_size': 14, 'attention_head_size': 2, 'learning_rate': 0.048819995314577785}. Best is trial 0 with value: 0.08636191487312317.
[I 2023-12-26 18:56:43,141] Trial 24 finished with value: 3.806572914123535 and parameters: {'gradient_clip_val': 0.3712210242934648, 'hidden_size': 23, 'dropout': 0.2227952773230114, 'hidden_continuous_size': 11, 'attention_head_size': 3, 'learning_rate': 0.009373312187142525}. Best is trial 0 with value: 0.08636191487312317.
[I 2023-12-26 18:56:45,305] Trial 25 finished with value: 4.016867160797119 and parameters: {'gradient_clip_val': 0.26526628372552175, 'hidden_size': 18, 'dropout': 0.13240403961379155, 'hidden_continuous_size': 9, 'attention_head_size': 2, 'learning_rate': 0.02372939069949376}. Best is trial 0 with value: 0.08636191487312317.
[I 2023-12-26 18:56:47,234] Trial 26 finished with value: 2.8878462314605713 and parameters: {'gradient_clip_val': 0.3491092788681745, 'hidden_size': 8, 'dropout': 0.18969868462809952, 'hidden_continuous_size': 6, 'attention_head_size': 3, 'learning_rate': 0.040124553064374284}. Best is trial 0 with value: 0.08636191487312317.
[I 2023-12-26 18:56:49,223] Trial 27 finished with value: 4.191164493560791 and parameters: {'gradient_clip_val': 0.4082663818063341, 'hidden_size': 7, 'dropout': 0.20059806748790202, 'hidden_continuous_size': 5, 'attention_head_size': 3, 'learning_rate': 0.04013006522117301}. Best is trial 0 with value: 0.08636191487312317.
[I 2023-12-26 18:56:52,332] Trial 28 finished with value: 4.0310750007629395 and parameters: {'gradient_clip_val': 0.33767850543652383, 'hidden_size': 43, 'dropout': 0.17826480319991886, 'hidden_continuous_size': 12, 'attention_head_size': 3, 'learning_rate': 0.017476672672113325}. Best is trial 0 with value: 0.08636191487312317.
[I 2023-12-26 18:56:54,957] Trial 29 finished with value: 3.7434158325195312 and parameters: {'gradient_clip_val': 0.4963790612187681, 'hidden_size': 28, 'dropout': 0.21871845905559867, 'hidden_continuous_size': 13, 'attention_head_size': 4, 'learning_rate': 0.03034239952624423}. Best is trial 0 with value: 0.08636191487312317.
[I 2023-12-26 18:56:57,187] Trial 30 finished with value: 5.918801784515381 and parameters: {'gradient_clip_val': 0.5940720368578839, 'hidden_size': 15, 'dropout': 0.1833869530809076, 'hidden_continuous_size': 6, 'attention_head_size': 4, 'learning_rate': 0.008206521531995057}. Best is trial 0 with value: 0.08636191487312317.
[I 2023-12-26 18:56:59,115] Trial 31 finished with value: 4.352453708648682 and parameters: {'gradient_clip_val': 0.22297866510848377, 'hidden_size': 8, 'dropout': 0.136600202727571, 'hidden_continuous_size': 6, 'attention_head_size': 3, 'learning_rate': 0.09414694840462469}. Best is trial 0 with value: 0.08636191487312317.
[I 2023-12-26 18:57:01,244] Trial 32 finished with value: 4.013253211975098 and parameters: {'gradient_clip_val': 0.33326073242079607, 'hidden_size': 12, 'dropout': 0.12994442341618193, 'hidden_continuous_size': 7, 'attention_head_size': 2, 'learning_rate': 0.057980895195175255}. Best is trial 0 with value: 0.08636191487312317.
