[I 2023-12-15 19:56:53,572] Trial 41 finished with value: 8248.5869140625 and parameters: {'gradient_clip_val': 0.7049134278490126, 'hidden_size': 32, 'dropout': 0.2929823604383942, 'hidden_continuous_size': 7, 'attention_head_size': 3, 'learning_rate': 0.003175175802837467}. Best is trial 6 with value: 934.0928344726562.
LOCAL_RANK: 0 - CUDA_VISIBLE_DEVICES: [0]
[I 2023-12-15 19:57:45,185] Trial 42 finished with value: 7499.60498046875 and parameters: {'gradient_clip_val': 0.5941960691332606, 'hidden_size': 48, 'dropout': 0.260912650504294, 'hidden_continuous_size': 11, 'attention_head_size': 3, 'learning_rate': 0.00790260337002472}. Best is trial 6 with value: 934.0928344726562.
LOCAL_RANK: 0 - CUDA_VISIBLE_DEVICES: [0]
[I 2023-12-15 19:58:33,950] Trial 43 finished with value: 6490.70068359375 and parameters: {'gradient_clip_val': 0.8944503559229889, 'hidden_size': 29, 'dropout': 0.22895976432300646, 'hidden_continuous_size': 8, 'attention_head_size': 3, 'learning_rate': 0.004644218967059729}. Best is trial 6 with value: 934.0928344726562.
LOCAL_RANK: 0 - CUDA_VISIBLE_DEVICES: [0]
[I 2023-12-15 19:59:26,727] Trial 44 finished with value: 5066.37451171875 and parameters: {'gradient_clip_val': 0.7975397123752609, 'hidden_size': 63, 'dropout': 0.2785384796493394, 'hidden_continuous_size': 9, 'attention_head_size': 3, 'learning_rate': 0.00148802132803989}. Best is trial 6 with value: 934.0928344726562.
LOCAL_RANK: 0 - CUDA_VISIBLE_DEVICES: [0]
[I 2023-12-15 20:00:15,328] Trial 45 finished with value: 5917.16162109375 and parameters: {'gradient_clip_val': 0.3540060113516163, 'hidden_size': 36, 'dropout': 0.2570628204499339, 'hidden_continuous_size': 8, 'attention_head_size': 4, 'learning_rate': 0.002735600647070351}. Best is trial 6 with value: 934.0928344726562.
LOCAL_RANK: 0 - CUDA_VISIBLE_DEVICES: [0]
[I 2023-12-15 20:01:07,357] Trial 46 finished with value: 5449.02392578125 and parameters: {'gradient_clip_val': 0.6361672533347766, 'hidden_size': 43, 'dropout': 0.12695106897575273, 'hidden_continuous_size': 13, 'attention_head_size': 2, 'learning_rate': 0.0017917864244001028}. Best is trial 6 with value: 934.0928344726562.
LOCAL_RANK: 0 - CUDA_VISIBLE_DEVICES: [0]
[I 2023-12-15 20:01:54,533] Trial 47 finished with value: 6319.62646484375 and parameters: {'gradient_clip_val': 0.7289637469742647, 'hidden_size': 19, 'dropout': 0.3053762648270033, 'hidden_continuous_size': 6, 'attention_head_size': 4, 'learning_rate': 0.003817249629189048}. Best is trial 6 with value: 934.0928344726562.
LOCAL_RANK: 0 - CUDA_VISIBLE_DEVICES: [0]
[I 2023-12-15 20:02:44,735] Trial 48 finished with value: 3040.921630859375 and parameters: {'gradient_clip_val': 0.9120532419033236, 'hidden_size': 33, 'dropout': 0.2852357602732931, 'hidden_continuous_size': 15, 'attention_head_size': 3, 'learning_rate': 0.0010878330043246596}. Best is trial 6 with value: 934.0928344726562.
LOCAL_RANK: 0 - CUDA_VISIBLE_DEVICES: [0]
[I 2023-12-15 20:03:29,243] Trial 49 finished with value: 3955.4482421875 and parameters: {'gradient_clip_val': 0.5635215523836027, 'hidden_size': 12, 'dropout': 0.3291096337983655, 'hidden_continuous_size': 6, 'attention_head_size': 4, 'learning_rate': 0.0006703936933091585}. Best is trial 6 with value: 934.0928344726562.
[I 2023-12-15 20:03:29,336] A new study created in memory with name: no-name-fb34ae9e-c76d-4d9b-a732-35c2915c7433
/home/le004/conda/anaconda3/envs/tsff_env/lib/python3.9/site-packages/lightning/fabric/plugins/environments/slurm.py:191: The `srun` command is available on your system but is not used. HINT: If your intention is to run Lightning on SLURM, prepend your python command with `srun` like so: srun python /home/le004/master_thesis/git/TSFusionForecast/code/ ...
LOCAL_RANK: 0 - CUDA_VISIBLE_DEVICES: [0]
[I 2023-12-15 20:04:21,883] Trial 0 finished with value: 162.1163787841797 and parameters: {'gradient_clip_val': 0.16024834126119497, 'hidden_size': 88, 'dropout': 0.14574933627841746, 'hidden_continuous_size': 7, 'attention_head_size': 4, 'learning_rate': 0.027251879174982157}. Best is trial 0 with value: 162.1163787841797.
LOCAL_RANK: 0 - CUDA_VISIBLE_DEVICES: [0]
[I 2023-12-15 20:05:11,657] Trial 1 finished with value: 208.0782012939453 and parameters: {'gradient_clip_val': 0.15007720434335325, 'hidden_size': 33, 'dropout': 0.10498924811604765, 'hidden_continuous_size': 12, 'attention_head_size': 3, 'learning_rate': 0.06204078383255327}. Best is trial 0 with value: 162.1163787841797.
LOCAL_RANK: 0 - CUDA_VISIBLE_DEVICES: [0]
[I 2023-12-15 20:05:59,751] Trial 2 finished with value: 183.4552001953125 and parameters: {'gradient_clip_val': 0.23867121118689805, 'hidden_size': 27, 'dropout': 0.12708309419473823, 'hidden_continuous_size': 10, 'attention_head_size': 1, 'learning_rate': 0.008108241547512355}. Best is trial 0 with value: 162.1163787841797.
LOCAL_RANK: 0 - CUDA_VISIBLE_DEVICES: [0]
[I 2023-12-15 20:06:45,514] Trial 3 finished with value: 111.41900634765625 and parameters: {'gradient_clip_val': 0.42059247610612754, 'hidden_size': 15, 'dropout': 0.1920162536637139, 'hidden_continuous_size': 7, 'attention_head_size': 3, 'learning_rate': 0.0010274405776706831}. Best is trial 3 with value: 111.41900634765625.
LOCAL_RANK: 0 - CUDA_VISIBLE_DEVICES: [0]
[I 2023-12-15 20:07:31,509] Trial 4 finished with value: 166.33355712890625 and parameters: {'gradient_clip_val': 0.681897997677627, 'hidden_size': 19, 'dropout': 0.2889566505566621, 'hidden_continuous_size': 6, 'attention_head_size': 1, 'learning_rate': 0.0017545413631620882}. Best is trial 3 with value: 111.41900634765625.
LOCAL_RANK: 0 - CUDA_VISIBLE_DEVICES: [0]
[I 2023-12-15 20:08:22,580] Trial 5 finished with value: 217.7030792236328 and parameters: {'gradient_clip_val': 0.2318828648463128, 'hidden_size': 57, 'dropout': 0.2606068806679932, 'hidden_continuous_size': 7, 'attention_head_size': 1, 'learning_rate': 0.0020109672051460683}. Best is trial 3 with value: 111.41900634765625.
LOCAL_RANK: 0 - CUDA_VISIBLE_DEVICES: [0]
[I 2023-12-15 20:09:10,432] Trial 6 finished with value: 60.74638748168945 and parameters: {'gradient_clip_val': 0.9611956998744682, 'hidden_size': 23, 'dropout': 0.19923672410249865, 'hidden_continuous_size': 7, 'attention_head_size': 2, 'learning_rate': 0.0045442971307331275}. Best is trial 6 with value: 60.74638748168945.
LOCAL_RANK: 0 - CUDA_VISIBLE_DEVICES: [0]
[I 2023-12-15 20:09:57,730] Trial 7 finished with value: 172.8019256591797 and parameters: {'gradient_clip_val': 0.782244950730363, 'hidden_size': 22, 'dropout': 0.3063387649187209, 'hidden_continuous_size': 6, 'attention_head_size': 1, 'learning_rate': 0.06037056740396629}. Best is trial 6 with value: 60.74638748168945.
LOCAL_RANK: 0 - CUDA_VISIBLE_DEVICES: [0]
[I 2023-12-15 20:10:44,420] Trial 8 finished with value: 200.3392791748047 and parameters: {'gradient_clip_val': 0.8409591719527545, 'hidden_size': 17, 'dropout': 0.33237857685231953, 'hidden_continuous_size': 13, 'attention_head_size': 1, 'learning_rate': 0.018676797776668256}. Best is trial 6 with value: 60.74638748168945.
LOCAL_RANK: 0 - CUDA_VISIBLE_DEVICES: [0]
[I 2023-12-15 20:11:30,163] Trial 9 finished with value: 223.77056884765625 and parameters: {'gradient_clip_val': 0.24954107562655853, 'hidden_size': 11, 'dropout': 0.13649517587006693, 'hidden_continuous_size': 8, 'attention_head_size': 4, 'learning_rate': 0.014165899937521535}. Best is trial 6 with value: 60.74638748168945.
LOCAL_RANK: 0 - CUDA_VISIBLE_DEVICES: [0]
[I 2023-12-15 20:12:03,821] Trial 10 finished with value: 169.6347198486328 and parameters: {'gradient_clip_val': 0.4348906706023931, 'hidden_size': 5, 'dropout': 0.39476729040208375, 'hidden_continuous_size': 5, 'attention_head_size': 2, 'learning_rate': 0.004089102397264528}. Best is trial 6 with value: 60.74638748168945.
LOCAL_RANK: 0 - CUDA_VISIBLE_DEVICES: [0]
[I 2023-12-15 20:12:49,295] Trial 11 finished with value: 145.29295349121094 and parameters: {'gradient_clip_val': 0.48202596840392575, 'hidden_size': 11, 'dropout': 0.1963634648712884, 'hidden_continuous_size': 8, 'attention_head_size': 3, 'learning_rate': 0.0005491704274645665}. Best is trial 6 with value: 60.74638748168945.
LOCAL_RANK: 0 - CUDA_VISIBLE_DEVICES: [0]
[I 2023-12-15 20:13:41,195] Trial 12 finished with value: 159.02073669433594 and parameters: {'gradient_clip_val': 0.9614712264468631, 'hidden_size': 41, 'dropout': 0.206762055922725, 'hidden_continuous_size': 21, 'attention_head_size': 2, 'learning_rate': 0.0007846332594502972}. Best is trial 6 with value: 60.74638748168945.
LOCAL_RANK: 0 - CUDA_VISIBLE_DEVICES: [0]
[I 2023-12-15 20:14:26,760] Trial 13 finished with value: 130.6273193359375 and parameters: {'gradient_clip_val': 0.5034284590157003, 'hidden_size': 13, 'dropout': 0.19944452952802177, 'hidden_continuous_size': 6, 'attention_head_size': 3, 'learning_rate': 0.0036347911634829026}. Best is trial 6 with value: 60.74638748168945.
LOCAL_RANK: 0 - CUDA_VISIBLE_DEVICES: [0]
[I 2023-12-15 20:15:09,898] Trial 14 finished with value: 204.3821258544922 and parameters: {'gradient_clip_val': 0.36514982046722433, 'hidden_size': 8, 'dropout': 0.22678393594379143, 'hidden_continuous_size': 5, 'attention_head_size': 2, 'learning_rate': 0.001227293979558635}. Best is trial 6 with value: 60.74638748168945.
LOCAL_RANK: 0 - CUDA_VISIBLE_DEVICES: [0]
[I 2023-12-15 20:15:59,144] Trial 15 finished with value: 173.1539764404297 and parameters: {'gradient_clip_val': 0.5981184423845879, 'hidden_size': 26, 'dropout': 0.1686381605169305, 'hidden_continuous_size': 9, 'attention_head_size': 3, 'learning_rate': 0.003322983810246902}. Best is trial 6 with value: 60.74638748168945.
LOCAL_RANK: 0 - CUDA_VISIBLE_DEVICES: [0]
[I 2023-12-15 20:16:44,557] Trial 16 finished with value: 120.29767608642578 and parameters: {'gradient_clip_val': 0.9839570644719963, 'hidden_size': 17, 'dropout': 0.16732761795504453, 'hidden_continuous_size': 5, 'attention_head_size': 2, 'learning_rate': 0.0010601120194706456}. Best is trial 6 with value: 60.74638748168945.
LOCAL_RANK: 0 - CUDA_VISIBLE_DEVICES: [0]
[I 2023-12-15 20:17:37,064] Trial 17 finished with value: 192.74212646484375 and parameters: {'gradient_clip_val': 0.6725471452136227, 'hidden_size': 41, 'dropout': 0.2423957774740568, 'hidden_continuous_size': 17, 'attention_head_size': 4, 'learning_rate': 0.0006241491266118378}. Best is trial 6 with value: 60.74638748168945.
LOCAL_RANK: 0 - CUDA_VISIBLE_DEVICES: [0]
[I 2023-12-15 20:18:22,840] Trial 18 finished with value: 195.3556365966797 and parameters: {'gradient_clip_val': 0.5878025690655215, 'hidden_size': 14, 'dropout': 0.17544120347857817, 'hidden_continuous_size': 7, 'attention_head_size': 3, 'learning_rate': 0.008072734043381807}. Best is trial 6 with value: 60.74638748168945.
LOCAL_RANK: 0 - CUDA_VISIBLE_DEVICES: [0]
[I 2023-12-15 20:19:11,411] Trial 19 finished with value: 209.53550720214844 and parameters: {'gradient_clip_val': 0.3825583168899524, 'hidden_size': 23, 'dropout': 0.22242055687997803, 'hidden_continuous_size': 11, 'attention_head_size': 2, 'learning_rate': 0.0023193741650407835}. Best is trial 6 with value: 60.74638748168945.
LOCAL_RANK: 0 - CUDA_VISIBLE_DEVICES: [0]
[I 2023-12-15 20:19:55,213] Trial 20 finished with value: 138.9056854248047 and parameters: {'gradient_clip_val': 0.3070810931952994, 'hidden_size': 8, 'dropout': 0.1043711663255138, 'hidden_continuous_size': 6, 'attention_head_size': 3, 'learning_rate': 0.0010871732319301234}. Best is trial 6 with value: 60.74638748168945.
LOCAL_RANK: 0 - CUDA_VISIBLE_DEVICES: [0]
[I 2023-12-15 20:20:40,547] Trial 21 finished with value: 89.57552337646484 and parameters: {'gradient_clip_val': 0.9155284580465499, 'hidden_size': 17, 'dropout': 0.1649635621308349, 'hidden_continuous_size': 5, 'attention_head_size': 2, 'learning_rate': 0.0012139123725194978}. Best is trial 6 with value: 60.74638748168945.
LOCAL_RANK: 0 - CUDA_VISIBLE_DEVICES: [0]
[I 2023-12-15 20:21:26,071] Trial 22 finished with value: 235.9304962158203 and parameters: {'gradient_clip_val': 0.8083270298809577, 'hidden_size': 17, 'dropout': 0.17576806391333463, 'hidden_continuous_size': 5, 'attention_head_size': 2, 'learning_rate': 0.0005100102199307017}. Best is trial 6 with value: 60.74638748168945.
LOCAL_RANK: 0 - CUDA_VISIBLE_DEVICES: [0]
[I 2023-12-15 20:22:14,841] Trial 23 finished with value: 160.14266967773438 and parameters: {'gradient_clip_val': 0.5488360403667913, 'hidden_size': 26, 'dropout': 0.19633616917518792, 'hidden_continuous_size': 9, 'attention_head_size': 2, 'learning_rate': 0.0015944883226407872}. Best is trial 6 with value: 60.74638748168945.
LOCAL_RANK: 0 - CUDA_VISIBLE_DEVICES: [0]
[I 2023-12-15 20:23:01,838] Trial 24 finished with value: 182.1221466064453 and parameters: {'gradient_clip_val': 0.9925483411911603, 'hidden_size': 19, 'dropout': 0.1545108088659202, 'hidden_continuous_size': 8, 'attention_head_size': 2, 'learning_rate': 0.0008526255879962495}. Best is trial 6 with value: 60.74638748168945.
LOCAL_RANK: 0 - CUDA_VISIBLE_DEVICES: [0]
[I 2023-12-15 20:23:47,062] Trial 25 finished with value: 207.8069610595703 and parameters: {'gradient_clip_val': 0.7309174551295518, 'hidden_size': 13, 'dropout': 0.1862172476993423, 'hidden_continuous_size': 7, 'attention_head_size': 3, 'learning_rate': 0.0027745730822727375}. Best is trial 6 with value: 60.74638748168945.
LOCAL_RANK: 0 - CUDA_VISIBLE_DEVICES: [0]
[I 2023-12-15 20:24:39,106] Trial 26 finished with value: 165.36776733398438 and parameters: {'gradient_clip_val': 0.6053889757755434, 'hidden_size': 33, 'dropout': 0.21451321481097474, 'hidden_continuous_size': 32, 'attention_head_size': 2, 'learning_rate': 0.0015113538649229009}. Best is trial 6 with value: 60.74638748168945.
LOCAL_RANK: 0 - CUDA_VISIBLE_DEVICES: [0]
[I 2023-12-15 20:25:26,775] Trial 27 finished with value: 193.3022918701172 and parameters: {'gradient_clip_val': 0.7754048565852157, 'hidden_size': 21, 'dropout': 0.15589397360485924, 'hidden_continuous_size': 6, 'attention_head_size': 3, 'learning_rate': 0.005106529846001416}. Best is trial 6 with value: 60.74638748168945.
LOCAL_RANK: 0 - CUDA_VISIBLE_DEVICES: [0]
[I 2023-12-15 20:26:11,458] Trial 28 finished with value: 123.50313568115234 and parameters: {'gradient_clip_val': 0.8760195568928509, 'hidden_size': 16, 'dropout': 0.2441928771098556, 'hidden_continuous_size': 5, 'attention_head_size': 4, 'learning_rate': 0.0026497314843286018}. Best is trial 6 with value: 60.74638748168945.
LOCAL_RANK: 0 - CUDA_VISIBLE_DEVICES: [0]
[I 2023-12-15 20:27:07,293] Trial 29 finished with value: 177.5055389404297 and parameters: {'gradient_clip_val': 0.10085709247826638, 'hidden_size': 77, 'dropout': 0.14031105238566116, 'hidden_continuous_size': 58, 'attention_head_size': 4, 'learning_rate': 0.005561089258889973}. Best is trial 6 with value: 60.74638748168945.
LOCAL_RANK: 0 - CUDA_VISIBLE_DEVICES: [0]
[I 2023-12-15 20:27:55,005] Trial 30 finished with value: 130.9257354736328 and parameters: {'gradient_clip_val': 0.6875466402187179, 'hidden_size': 21, 'dropout': 0.1241391205521556, 'hidden_continuous_size': 7, 'attention_head_size': 2, 'learning_rate': 0.001331834206708894}. Best is trial 6 with value: 60.74638748168945.
LOCAL_RANK: 0 - CUDA_VISIBLE_DEVICES: [0]
[I 2023-12-15 20:28:40,306] Trial 31 finished with value: 143.82240295410156 and parameters: {'gradient_clip_val': 0.9965321047865501, 'hidden_size': 15, 'dropout': 0.1609088851267669, 'hidden_continuous_size': 5, 'attention_head_size': 2, 'learning_rate': 0.0009131126595023928}. Best is trial 6 with value: 60.74638748168945.
LOCAL_RANK: 0 - CUDA_VISIBLE_DEVICES: [0]
[I 2023-12-15 20:29:25,900] Trial 32 finished with value: 163.24620056152344 and parameters: {'gradient_clip_val': 0.8582794437302962, 'hidden_size': 17, 'dropout': 0.18194650817494581, 'hidden_continuous_size': 6, 'attention_head_size': 2, 'learning_rate': 0.0009833426069795269}. Best is trial 6 with value: 60.74638748168945.
LOCAL_RANK: 0 - CUDA_VISIBLE_DEVICES: [0]
[I 2023-12-15 20:30:14,449] Trial 33 finished with value: 220.39222717285156 and parameters: {'gradient_clip_val': 0.9884670926894737, 'hidden_size': 30, 'dropout': 0.1552710823331949, 'hidden_continuous_size': 5, 'attention_head_size': 3, 'learning_rate': 0.0018348349536061869}. Best is trial 6 with value: 60.74638748168945.
LOCAL_RANK: 0 - CUDA_VISIBLE_DEVICES: [0]
[I 2023-12-15 20:31:02,409] Trial 34 finished with value: 186.6131591796875 and parameters: {'gradient_clip_val': 0.6713160513430734, 'hidden_size': 27, 'dropout': 0.12091665405539034, 'hidden_continuous_size': 6, 'attention_head_size': 1, 'learning_rate': 0.0007763591591941531}. Best is trial 6 with value: 60.74638748168945.
LOCAL_RANK: 0 - CUDA_VISIBLE_DEVICES: [0]
[I 2023-12-15 20:31:48,694] Trial 35 finished with value: 198.7081298828125 and parameters: {'gradient_clip_val': 0.8898085424003649, 'hidden_size': 19, 'dropout': 0.18461706138011655, 'hidden_continuous_size': 5, 'attention_head_size': 2, 'learning_rate': 0.0012694931195563813}. Best is trial 6 with value: 60.74638748168945.
LOCAL_RANK: 0 - CUDA_VISIBLE_DEVICES: [0]
[I 2023-12-15 20:32:36,292] Trial 36 finished with value: 102.77791595458984 and parameters: {'gradient_clip_val': 0.7656801875958094, 'hidden_size': 23, 'dropout': 0.1445558107851331, 'hidden_continuous_size': 7, 'attention_head_size': 1, 'learning_rate': 0.001965189612660096}. Best is trial 6 with value: 60.74638748168945.
LOCAL_RANK: 0 - CUDA_VISIBLE_DEVICES: [0]
[I 2023-12-15 20:33:23,799] Trial 37 finished with value: 204.4771270751953 and parameters: {'gradient_clip_val': 0.7526283437348178, 'hidden_size': 23, 'dropout': 0.14009699892216199, 'hidden_continuous_size': 7, 'attention_head_size': 1, 'learning_rate': 0.0019318833815592097}. Best is trial 6 with value: 60.74638748168945.
LOCAL_RANK: 0 - CUDA_VISIBLE_DEVICES: [0]
[I 2023-12-15 20:34:12,630] Trial 38 finished with value: 202.70440673828125 and parameters: {'gradient_clip_val': 0.6423832378594116, 'hidden_size': 34, 'dropout': 0.11653309542471778, 'hidden_continuous_size': 10, 'attention_head_size': 1, 'learning_rate': 0.0026668927785553987}. Best is trial 6 with value: 60.74638748168945.
LOCAL_RANK: 0 - CUDA_VISIBLE_DEVICES: [0]
[I 2023-12-15 20:34:58,500] Trial 39 finished with value: 131.44369506835938 and parameters: {'gradient_clip_val': 0.7633526245902401, 'hidden_size': 20, 'dropout': 0.14546298062538882, 'hidden_continuous_size': 8, 'attention_head_size': 1, 'learning_rate': 0.0019557517755630317}. Best is trial 6 with value: 60.74638748168945.
LOCAL_RANK: 0 - CUDA_VISIBLE_DEVICES: [0]
[I 2023-12-15 20:35:45,287] Trial 40 finished with value: 176.6150665283203 and parameters: {'gradient_clip_val': 0.5307971591319939, 'hidden_size': 24, 'dropout': 0.20834967343188282, 'hidden_continuous_size': 9, 'attention_head_size': 1, 'learning_rate': 0.006403206407083201}. Best is trial 6 with value: 60.74638748168945.
LOCAL_RANK: 0 - CUDA_VISIBLE_DEVICES: [0]
[I 2023-12-15 20:36:30,868] Trial 41 finished with value: 190.99961853027344 and parameters: {'gradient_clip_val': 0.8717210431409241, 'hidden_size': 17, 'dropout': 0.16676001276578478, 'hidden_continuous_size': 6, 'attention_head_size': 2, 'learning_rate': 0.0013853091298810082}. Best is trial 6 with value: 60.74638748168945.
LOCAL_RANK: 0 - CUDA_VISIBLE_DEVICES: [0]
[I 2023-12-15 20:37:17,353] Trial 42 finished with value: 223.4243621826172 and parameters: {'gradient_clip_val': 0.8931477792351008, 'hidden_size': 19, 'dropout': 0.13134441958707999, 'hidden_continuous_size': 7, 'attention_head_size': 1, 'learning_rate': 0.000667256612012761}. Best is trial 6 with value: 60.74638748168945.
LOCAL_RANK: 0 - CUDA_VISIBLE_DEVICES: [0]
[I 2023-12-15 20:38:02,512] Trial 43 finished with value: 264.5068359375 and parameters: {'gradient_clip_val': 0.7283686270725528, 'hidden_size': 14, 'dropout': 0.19219628121221213, 'hidden_continuous_size': 7, 'attention_head_size': 2, 'learning_rate': 0.0011191046013866275}. Best is trial 6 with value: 60.74638748168945.
LOCAL_RANK: 0 - CUDA_VISIBLE_DEVICES: [0]
[I 2023-12-15 20:38:48,079] Trial 44 finished with value: 259.1252746582031 and parameters: {'gradient_clip_val': 0.7932749213641535, 'hidden_size': 11, 'dropout': 0.16602922311098342, 'hidden_continuous_size': 6, 'attention_head_size': 3, 'learning_rate': 0.001640382092682933}. Best is trial 6 with value: 60.74638748168945.
LOCAL_RANK: 0 - CUDA_VISIBLE_DEVICES: [0]
[I 2023-12-15 20:39:36,163] Trial 45 finished with value: 175.1481170654297 and parameters: {'gradient_clip_val': 0.47301908233504886, 'hidden_size': 29, 'dropout': 0.14538695861712844, 'hidden_continuous_size': 5, 'attention_head_size': 2, 'learning_rate': 0.004503441825404765}. Best is trial 6 with value: 60.74638748168945.
LOCAL_RANK: 0 - CUDA_VISIBLE_DEVICES: [0]
[I 2023-12-15 20:40:24,682] Trial 46 finished with value: 168.2278289794922 and parameters: {'gradient_clip_val': 0.885328097540773, 'hidden_size': 22, 'dropout': 0.18044593517174679, 'hidden_continuous_size': 8, 'attention_head_size': 3, 'learning_rate': 0.0033823401422242577}. Best is trial 6 with value: 60.74638748168945.
LOCAL_RANK: 0 - CUDA_VISIBLE_DEVICES: [0]
[I 2023-12-15 20:41:08,198] Trial 47 finished with value: 95.4674072265625 and parameters: {'gradient_clip_val': 0.6260451892265634, 'hidden_size': 12, 'dropout': 0.20110427465688036, 'hidden_continuous_size': 7, 'attention_head_size': 1, 'learning_rate': 0.0006753720322700196}. Best is trial 6 with value: 60.74638748168945.
LOCAL_RANK: 0 - CUDA_VISIBLE_DEVICES: [0]
[I 2023-12-15 20:41:52,564] Trial 48 finished with value: 238.67938232421875 and parameters: {'gradient_clip_val': 0.5618487042502539, 'hidden_size': 11, 'dropout': 0.19541061004891644, 'hidden_continuous_size': 7, 'attention_head_size': 1, 'learning_rate': 0.0006862366430327485}. Best is trial 6 with value: 60.74638748168945.
LOCAL_RANK: 0 - CUDA_VISIBLE_DEVICES: [0]
