[I 2023-12-16 13:51:45,485] Trial 21 finished with value: 1758.35791015625 and parameters: {'gradient_clip_val': 0.5601844129507442, 'hidden_size': 40, 'dropout': 0.25987659238697924, 'hidden_continuous_size': 16, 'attention_head_size': 4, 'learning_rate': 0.00142145152184874}. Best is trial 11 with value: 1655.1175537109375.
LOCAL_RANK: 0 - CUDA_VISIBLE_DEVICES: [0]
[I 2023-12-16 13:52:38,875] Trial 22 finished with value: 1888.5361328125 and parameters: {'gradient_clip_val': 0.1049088871503134, 'hidden_size': 60, 'dropout': 0.24191947144527393, 'hidden_continuous_size': 22, 'attention_head_size': 4, 'learning_rate': 0.0012995333593473458}. Best is trial 11 with value: 1655.1175537109375.
LOCAL_RANK: 0 - CUDA_VISIBLE_DEVICES: [0]
[I 2023-12-16 13:53:32,496] Trial 23 finished with value: 4876.8740234375 and parameters: {'gradient_clip_val': 0.5410209119929212, 'hidden_size': 43, 'dropout': 0.2795409737378739, 'hidden_continuous_size': 17, 'attention_head_size': 4, 'learning_rate': 0.0009023954631428506}. Best is trial 11 with value: 1655.1175537109375.
LOCAL_RANK: 0 - CUDA_VISIBLE_DEVICES: [0]
[I 2023-12-16 13:54:22,566] Trial 24 finished with value: 3194.380615234375 and parameters: {'gradient_clip_val': 0.3478434832816762, 'hidden_size': 26, 'dropout': 0.25265425813548914, 'hidden_continuous_size': 12, 'attention_head_size': 4, 'learning_rate': 0.0021978668599030708}. Best is trial 11 with value: 1655.1175537109375.
LOCAL_RANK: 0 - CUDA_VISIBLE_DEVICES: [0]
[I 2023-12-16 13:55:14,447] Trial 25 finished with value: 2903.372314453125 and parameters: {'gradient_clip_val': 0.47852433101759206, 'hidden_size': 35, 'dropout': 0.20116221712503382, 'hidden_continuous_size': 16, 'attention_head_size': 3, 'learning_rate': 0.0005004804045091051}. Best is trial 11 with value: 1655.1175537109375.
LOCAL_RANK: 0 - CUDA_VISIBLE_DEVICES: [0]
[I 2023-12-16 13:56:09,030] Trial 26 finished with value: 5114.26904296875 and parameters: {'gradient_clip_val': 0.6977864760102211, 'hidden_size': 67, 'dropout': 0.22672017554286103, 'hidden_continuous_size': 33, 'attention_head_size': 2, 'learning_rate': 0.0036614049677083107}. Best is trial 11 with value: 1655.1175537109375.
LOCAL_RANK: 0 - CUDA_VISIBLE_DEVICES: [0]
[I 2023-12-16 13:56:45,999] Trial 27 finished with value: 2061.01953125 and parameters: {'gradient_clip_val': 0.337479641663703, 'hidden_size': 50, 'dropout': 0.30916366742868373, 'hidden_continuous_size': 50, 'attention_head_size': 4, 'learning_rate': 0.0008478833015823447}. Best is trial 11 with value: 1655.1175537109375.
LOCAL_RANK: 0 - CUDA_VISIBLE_DEVICES: [0]
[I 2023-12-16 13:57:39,206] Trial 28 finished with value: 2301.91455078125 and parameters: {'gradient_clip_val': 0.6753838116080216, 'hidden_size': 46, 'dropout': 0.24265320889265427, 'hidden_continuous_size': 20, 'attention_head_size': 3, 'learning_rate': 0.0013453667003978135}. Best is trial 11 with value: 1655.1175537109375.
LOCAL_RANK: 0 - CUDA_VISIBLE_DEVICES: [0]
[I 2023-12-16 13:58:29,858] Trial 29 finished with value: 5907.953125 and parameters: {'gradient_clip_val': 0.7397172932815852, 'hidden_size': 32, 'dropout': 0.23313388765155457, 'hidden_continuous_size': 18, 'attention_head_size': 4, 'learning_rate': 0.004497501469756107}. Best is trial 11 with value: 1655.1175537109375.
LOCAL_RANK: 0 - CUDA_VISIBLE_DEVICES: [0]
[I 2023-12-16 13:59:19,980] Trial 30 finished with value: 2010.8330078125 and parameters: {'gradient_clip_val': 0.986697031535002, 'hidden_size': 23, 'dropout': 0.26763534413241946, 'hidden_continuous_size': 14, 'attention_head_size': 4, 'learning_rate': 0.002405040780883251}. Best is trial 11 with value: 1655.1175537109375.
LOCAL_RANK: 0 - CUDA_VISIBLE_DEVICES: [0]
[I 2023-12-16 14:00:14,315] Trial 31 finished with value: 3111.23828125 and parameters: {'gradient_clip_val': 0.10009062903694131, 'hidden_size': 66, 'dropout': 0.24206959726446897, 'hidden_continuous_size': 23, 'attention_head_size': 4, 'learning_rate': 0.0012711642327184005}. Best is trial 11 with value: 1655.1175537109375.
LOCAL_RANK: 0 - CUDA_VISIBLE_DEVICES: [0]
[I 2023-12-16 14:01:09,360] Trial 32 finished with value: 3618.96484375 and parameters: {'gradient_clip_val': 0.11603977122780776, 'hidden_size': 75, 'dropout': 0.20340666197570523, 'hidden_continuous_size': 21, 'attention_head_size': 4, 'learning_rate': 0.001731992830516353}. Best is trial 11 with value: 1655.1175537109375.
LOCAL_RANK: 0 - CUDA_VISIBLE_DEVICES: [0]
[I 2023-12-16 14:02:03,365] Trial 33 finished with value: 3181.247314453125 and parameters: {'gradient_clip_val': 0.15170255452104378, 'hidden_size': 58, 'dropout': 0.22538493364653137, 'hidden_continuous_size': 25, 'attention_head_size': 4, 'learning_rate': 0.00106765357814362}. Best is trial 11 with value: 1655.1175537109375.
LOCAL_RANK: 0 - CUDA_VISIBLE_DEVICES: [0]
[I 2023-12-16 14:02:57,467] Trial 34 finished with value: 3273.4755859375 and parameters: {'gradient_clip_val': 0.10325409893252913, 'hidden_size': 76, 'dropout': 0.252733404251215, 'hidden_continuous_size': 28, 'attention_head_size': 3, 'learning_rate': 0.0007311636921010084}. Best is trial 11 with value: 1655.1175537109375.
LOCAL_RANK: 0 - CUDA_VISIBLE_DEVICES: [0]
[I 2023-12-16 14:03:50,433] Trial 35 finished with value: 8883.9169921875 and parameters: {'gradient_clip_val': 0.13759724168050916, 'hidden_size': 47, 'dropout': 0.1547859138111622, 'hidden_continuous_size': 21, 'attention_head_size': 4, 'learning_rate': 0.00317343914394363}. Best is trial 11 with value: 1655.1175537109375.
LOCAL_RANK: 0 - CUDA_VISIBLE_DEVICES: [0]
[I 2023-12-16 14:04:42,291] Trial 36 finished with value: 3707.774658203125 and parameters: {'gradient_clip_val': 0.11805384498155162, 'hidden_size': 36, 'dropout': 0.23287591852959624, 'hidden_continuous_size': 17, 'attention_head_size': 3, 'learning_rate': 0.0017557948333495866}. Best is trial 11 with value: 1655.1175537109375.
LOCAL_RANK: 0 - CUDA_VISIBLE_DEVICES: [0]
[I 2023-12-16 14:05:33,307] Trial 37 finished with value: 2067.537109375 and parameters: {'gradient_clip_val': 0.18962141055392914, 'hidden_size': 29, 'dropout': 0.19526154021630832, 'hidden_continuous_size': 19, 'attention_head_size': 4, 'learning_rate': 0.0010521236904577364}. Best is trial 11 with value: 1655.1175537109375.
LOCAL_RANK: 0 - CUDA_VISIBLE_DEVICES: [0]
[I 2023-12-16 14:06:27,030] Trial 38 finished with value: 4254.19482421875 and parameters: {'gradient_clip_val': 0.14081557968484829, 'hidden_size': 63, 'dropout': 0.1836436274867118, 'hidden_continuous_size': 25, 'attention_head_size': 2, 'learning_rate': 0.005028207858820691}. Best is trial 11 with value: 1655.1175537109375.
LOCAL_RANK: 0 - CUDA_VISIBLE_DEVICES: [0]
[I 2023-12-16 14:07:20,520] Trial 39 finished with value: 2676.445556640625 and parameters: {'gradient_clip_val': 0.15674676471545115, 'hidden_size': 54, 'dropout': 0.21677940323919606, 'hidden_continuous_size': 11, 'attention_head_size': 3, 'learning_rate': 0.0029239286680455123}. Best is trial 11 with value: 1655.1175537109375.
LOCAL_RANK: 0 - CUDA_VISIBLE_DEVICES: [0]
[I 2023-12-16 14:08:13,218] Trial 40 finished with value: 3524.632568359375 and parameters: {'gradient_clip_val': 0.19558675886545698, 'hidden_size': 47, 'dropout': 0.2856917660614766, 'hidden_continuous_size': 23, 'attention_head_size': 2, 'learning_rate': 0.0007181956578899635}. Best is trial 11 with value: 1655.1175537109375.
LOCAL_RANK: 0 - CUDA_VISIBLE_DEVICES: [0]
[I 2023-12-16 14:09:03,212] Trial 41 finished with value: 4541.11279296875 and parameters: {'gradient_clip_val': 0.9917577631608219, 'hidden_size': 25, 'dropout': 0.27364739560826906, 'hidden_continuous_size': 14, 'attention_head_size': 4, 'learning_rate': 0.0022424350757015037}. Best is trial 11 with value: 1655.1175537109375.
LOCAL_RANK: 0 - CUDA_VISIBLE_DEVICES: [0]
[I 2023-12-16 14:09:52,988] Trial 42 finished with value: 4275.90087890625 and parameters: {'gradient_clip_val': 0.7623662158069074, 'hidden_size': 21, 'dropout': 0.26823802459206847, 'hidden_continuous_size': 16, 'attention_head_size': 4, 'learning_rate': 0.0016606396899096312}. Best is trial 11 with value: 1655.1175537109375.
LOCAL_RANK: 0 - CUDA_VISIBLE_DEVICES: [0]
[I 2023-12-16 14:10:42,236] Trial 43 finished with value: 2804.218017578125 and parameters: {'gradient_clip_val': 0.8549889475460447, 'hidden_size': 32, 'dropout': 0.29533458386297157, 'hidden_continuous_size': 14, 'attention_head_size': 4, 'learning_rate': 0.0024791384111582633}. Best is trial 11 with value: 1655.1175537109375.
LOCAL_RANK: 0 - CUDA_VISIBLE_DEVICES: [0]
[I 2023-12-16 14:11:35,507] Trial 44 finished with value: 2062.085693359375 and parameters: {'gradient_clip_val': 0.2896865210343611, 'hidden_size': 39, 'dropout': 0.26112553336963745, 'hidden_continuous_size': 18, 'attention_head_size': 4, 'learning_rate': 0.001444328269771063}. Best is trial 11 with value: 1655.1175537109375.
LOCAL_RANK: 0 - CUDA_VISIBLE_DEVICES: [0]
[I 2023-12-16 14:12:24,310] Trial 45 finished with value: 2632.317138671875 and parameters: {'gradient_clip_val': 0.127048075804667, 'hidden_size': 29, 'dropout': 0.2410809651640277, 'hidden_continuous_size': 13, 'attention_head_size': 1, 'learning_rate': 0.0011726457991346549}. Best is trial 11 with value: 1655.1175537109375.
LOCAL_RANK: 0 - CUDA_VISIBLE_DEVICES: [0]
[I 2023-12-16 14:13:19,138] Trial 46 finished with value: 7254.8984375 and parameters: {'gradient_clip_val': 0.6384253345949635, 'hidden_size': 100, 'dropout': 0.21407516367252433, 'hidden_continuous_size': 10, 'attention_head_size': 4, 'learning_rate': 0.003468511006570956}. Best is trial 11 with value: 1655.1175537109375.
LOCAL_RANK: 0 - CUDA_VISIBLE_DEVICES: [0]
[I 2023-12-16 14:14:08,042] Trial 47 finished with value: 4040.336669921875 and parameters: {'gradient_clip_val': 0.4229041415048452, 'hidden_size': 17, 'dropout': 0.17804803379788922, 'hidden_continuous_size': 15, 'attention_head_size': 4, 'learning_rate': 0.0019456432764186572}. Best is trial 11 with value: 1655.1175537109375.
LOCAL_RANK: 0 - CUDA_VISIBLE_DEVICES: [0]
[I 2023-12-16 14:15:01,089] Trial 48 finished with value: 6311.76025390625 and parameters: {'gradient_clip_val': 0.2596637124643167, 'hidden_size': 43, 'dropout': 0.26183358313953903, 'hidden_continuous_size': 19, 'attention_head_size': 3, 'learning_rate': 0.002555188057555448}. Best is trial 11 with value: 1655.1175537109375.
LOCAL_RANK: 0 - CUDA_VISIBLE_DEVICES: [0]
[I 2023-12-16 14:15:50,798] Trial 49 finished with value: 6335.857421875 and parameters: {'gradient_clip_val': 0.4961455922977185, 'hidden_size': 25, 'dropout': 0.13583950120588636, 'hidden_continuous_size': 16, 'attention_head_size': 2, 'learning_rate': 0.004098895564595024}. Best is trial 11 with value: 1655.1175537109375.
[I 2023-12-16 14:15:50,891] A new study created in memory with name: no-name-b128d990-bb83-4aea-aba2-7be88b7d3efc
/home/le004/conda/anaconda3/envs/tsff_env/lib/python3.9/site-packages/lightning/fabric/plugins/environments/slurm.py:191: The `srun` command is available on your system but is not used. HINT: If your intention is to run Lightning on SLURM, prepend your python command with `srun` like so: srun python /home/le004/master_thesis/git/TSFusionForecast/code/ ...
LOCAL_RANK: 0 - CUDA_VISIBLE_DEVICES: [0]
[I 2023-12-16 14:16:35,472] Trial 0 finished with value: 512.623046875 and parameters: {'gradient_clip_val': 0.37815066333731, 'hidden_size': 8, 'dropout': 0.10390932722588292, 'hidden_continuous_size': 6, 'attention_head_size': 3, 'learning_rate': 0.09849927708257171}. Best is trial 0 with value: 512.623046875.
LOCAL_RANK: 0 - CUDA_VISIBLE_DEVICES: [0]
[I 2023-12-16 14:17:21,966] Trial 1 finished with value: 475.0258483886719 and parameters: {'gradient_clip_val': 0.21501211264608158, 'hidden_size': 10, 'dropout': 0.26228197805550824, 'hidden_continuous_size': 8, 'attention_head_size': 4, 'learning_rate': 0.0787276083933289}. Best is trial 1 with value: 475.0258483886719.
LOCAL_RANK: 0 - CUDA_VISIBLE_DEVICES: [0]
[I 2023-12-16 14:17:56,760] Trial 2 finished with value: 351.212890625 and parameters: {'gradient_clip_val': 0.15776567479345172, 'hidden_size': 18, 'dropout': 0.19220881424479658, 'hidden_continuous_size': 18, 'attention_head_size': 2, 'learning_rate': 0.0013962890860732917}. Best is trial 2 with value: 351.212890625.
LOCAL_RANK: 0 - CUDA_VISIBLE_DEVICES: [0]
[I 2023-12-16 14:18:46,143] Trial 3 finished with value: 493.935546875 and parameters: {'gradient_clip_val': 0.6649985923991644, 'hidden_size': 23, 'dropout': 0.2559720554080678, 'hidden_continuous_size': 21, 'attention_head_size': 2, 'learning_rate': 0.005908026719677497}. Best is trial 2 with value: 351.212890625.
LOCAL_RANK: 0 - CUDA_VISIBLE_DEVICES: [0]
[I 2023-12-16 14:19:31,687] Trial 4 finished with value: 427.204833984375 and parameters: {'gradient_clip_val': 0.7905808695958271, 'hidden_size': 11, 'dropout': 0.10165691726183768, 'hidden_continuous_size': 9, 'attention_head_size': 1, 'learning_rate': 0.001188959511499795}. Best is trial 2 with value: 351.212890625.
LOCAL_RANK: 0 - CUDA_VISIBLE_DEVICES: [0]
[I 2023-12-16 14:20:19,960] Trial 5 finished with value: 589.2077026367188 and parameters: {'gradient_clip_val': 0.18828264816260035, 'hidden_size': 23, 'dropout': 0.39506346489491007, 'hidden_continuous_size': 5, 'attention_head_size': 2, 'learning_rate': 0.015239009010981408}. Best is trial 2 with value: 351.212890625.
LOCAL_RANK: 0 - CUDA_VISIBLE_DEVICES: [0]
[I 2023-12-16 14:21:10,934] Trial 6 finished with value: 378.7662048339844 and parameters: {'gradient_clip_val': 0.851785264043589, 'hidden_size': 45, 'dropout': 0.22319233255266913, 'hidden_continuous_size': 6, 'attention_head_size': 2, 'learning_rate': 0.0005822720996902828}. Best is trial 2 with value: 351.212890625.
LOCAL_RANK: 0 - CUDA_VISIBLE_DEVICES: [0]
[I 2023-12-16 14:21:56,156] Trial 7 finished with value: 490.58203125 and parameters: {'gradient_clip_val': 0.43066114983282905, 'hidden_size': 6, 'dropout': 0.2812613373708871, 'hidden_continuous_size': 5, 'attention_head_size': 2, 'learning_rate': 0.01606889082454767}. Best is trial 2 with value: 351.212890625.
LOCAL_RANK: 0 - CUDA_VISIBLE_DEVICES: [0]
[I 2023-12-16 14:22:49,065] Trial 8 finished with value: 458.0328674316406 and parameters: {'gradient_clip_val': 0.2743872189251881, 'hidden_size': 53, 'dropout': 0.2690828085196213, 'hidden_continuous_size': 20, 'attention_head_size': 1, 'learning_rate': 0.002012430234419175}. Best is trial 2 with value: 351.212890625.
LOCAL_RANK: 0 - CUDA_VISIBLE_DEVICES: [0]
[I 2023-12-16 14:23:34,395] Trial 9 finished with value: 561.127197265625 and parameters: {'gradient_clip_val': 0.1280746145860431, 'hidden_size': 9, 'dropout': 0.2868552156312705, 'hidden_continuous_size': 6, 'attention_head_size': 2, 'learning_rate': 0.0013118041411435038}. Best is trial 2 with value: 351.212890625.
LOCAL_RANK: 0 - CUDA_VISIBLE_DEVICES: [0]
[I 2023-12-16 14:24:23,335] Trial 10 finished with value: 459.1467590332031 and parameters: {'gradient_clip_val': 0.10946028413121348, 'hidden_size': 18, 'dropout': 0.17547392489286276, 'hidden_continuous_size': 14, 'attention_head_size': 4, 'learning_rate': 0.0005043180888586386}. Best is trial 2 with value: 351.212890625.
LOCAL_RANK: 0 - CUDA_VISIBLE_DEVICES: [0]
[I 2023-12-16 14:25:18,019] Trial 11 finished with value: 677.0891723632812 and parameters: {'gradient_clip_val': 0.9275276313278044, 'hidden_size': 62, 'dropout': 0.18974710460051336, 'hidden_continuous_size': 39, 'attention_head_size': 3, 'learning_rate': 0.000617040370475955}. Best is trial 2 with value: 351.212890625.
LOCAL_RANK: 0 - CUDA_VISIBLE_DEVICES: [0]
[I 2023-12-16 14:26:06,777] Trial 12 finished with value: 436.7821350097656 and parameters: {'gradient_clip_val': 0.557989842754515, 'hidden_size': 36, 'dropout': 0.18195931765569237, 'hidden_continuous_size': 11, 'attention_head_size': 1, 'learning_rate': 0.0026009933817713713}. Best is trial 2 with value: 351.212890625.
LOCAL_RANK: 0 - CUDA_VISIBLE_DEVICES: [0]
[I 2023-12-16 14:27:05,660] Trial 13 finished with value: 490.5439453125 and parameters: {'gradient_clip_val': 0.44249598760153214, 'hidden_size': 99, 'dropout': 0.21652932389090251, 'hidden_continuous_size': 98, 'attention_head_size': 3, 'learning_rate': 0.000549906787865904}. Best is trial 2 with value: 351.212890625.
LOCAL_RANK: 0 - CUDA_VISIBLE_DEVICES: [0]
[I 2023-12-16 14:27:55,069] Trial 14 finished with value: 291.7063293457031 and parameters: {'gradient_clip_val': 0.9741837569848256, 'hidden_size': 35, 'dropout': 0.22046011923882053, 'hidden_continuous_size': 7, 'attention_head_size': 2, 'learning_rate': 0.0011446256572885682}. Best is trial 14 with value: 291.7063293457031.
LOCAL_RANK: 0 - CUDA_VISIBLE_DEVICES: [0]
[I 2023-12-16 14:28:40,380] Trial 15 finished with value: 446.37158203125 and parameters: {'gradient_clip_val': 0.28316177414393157, 'hidden_size': 16, 'dropout': 0.15029820030895902, 'hidden_continuous_size': 7, 'attention_head_size': 3, 'learning_rate': 0.0030570106513854835}. Best is trial 14 with value: 291.7063293457031.
LOCAL_RANK: 0 - CUDA_VISIBLE_DEVICES: [0]
[I 2023-12-16 14:29:29,268] Trial 16 finished with value: 373.1273193359375 and parameters: {'gradient_clip_val': 0.5542203482374831, 'hidden_size': 30, 'dropout': 0.22900380637384649, 'hidden_continuous_size': 9, 'attention_head_size': 1, 'learning_rate': 0.0011936902201191498}. Best is trial 14 with value: 291.7063293457031.
LOCAL_RANK: 0 - CUDA_VISIBLE_DEVICES: [0]
[I 2023-12-16 14:30:15,041] Trial 17 finished with value: 347.837890625 and parameters: {'gradient_clip_val': 0.9977983797782648, 'hidden_size': 15, 'dropout': 0.14386510998557206, 'hidden_continuous_size': 7, 'attention_head_size': 2, 'learning_rate': 0.004438260562864446}. Best is trial 14 with value: 291.7063293457031.
LOCAL_RANK: 0 - CUDA_VISIBLE_DEVICES: [0]
[I 2023-12-16 14:30:50,051] Trial 18 finished with value: 466.8390197753906 and parameters: {'gradient_clip_val': 0.9811960122833223, 'hidden_size': 5, 'dropout': 0.14506657551101954, 'hidden_continuous_size': 5, 'attention_head_size': 3, 'learning_rate': 0.004381688761894703}. Best is trial 14 with value: 291.7063293457031.
LOCAL_RANK: 0 - CUDA_VISIBLE_DEVICES: [0]
[I 2023-12-16 14:31:34,070] Trial 19 finished with value: 436.5441589355469 and parameters: {'gradient_clip_val': 0.7071500393031672, 'hidden_size': 12, 'dropout': 0.13273797414524274, 'hidden_continuous_size': 7, 'attention_head_size': 1, 'learning_rate': 0.008663926547112007}. Best is trial 14 with value: 291.7063293457031.
LOCAL_RANK: 0 - CUDA_VISIBLE_DEVICES: [0]
[I 2023-12-16 14:32:22,215] Trial 20 finished with value: 472.674072265625 and parameters: {'gradient_clip_val': 0.9317486452906273, 'hidden_size': 28, 'dropout': 0.1591678118478612, 'hidden_continuous_size': 7, 'attention_head_size': 2, 'learning_rate': 0.003804645106337819}. Best is trial 14 with value: 291.7063293457031.
LOCAL_RANK: 0 - CUDA_VISIBLE_DEVICES: [0]
[I 2023-12-16 14:33:07,604] Trial 21 finished with value: 374.6465148925781 and parameters: {'gradient_clip_val': 0.5844233705579575, 'hidden_size': 15, 'dropout': 0.19750474570959164, 'hidden_continuous_size': 6, 'attention_head_size': 2, 'learning_rate': 0.0017685179642103678}. Best is trial 14 with value: 291.7063293457031.
LOCAL_RANK: 0 - CUDA_VISIBLE_DEVICES: [0]
[I 2023-12-16 14:33:55,376] Trial 22 finished with value: 389.105712890625 and parameters: {'gradient_clip_val': 0.7496239930394728, 'hidden_size': 19, 'dropout': 0.2004986788039017, 'hidden_continuous_size': 8, 'attention_head_size': 2, 'learning_rate': 0.0010136945641730547}. Best is trial 14 with value: 291.7063293457031.
LOCAL_RANK: 0 - CUDA_VISIBLE_DEVICES: [0]
[I 2023-12-16 14:34:41,151] Trial 23 finished with value: 389.4794921875 and parameters: {'gradient_clip_val': 0.9981662092266895, 'hidden_size': 14, 'dropout': 0.16502725032497273, 'hidden_continuous_size': 7, 'attention_head_size': 2, 'learning_rate': 0.0021119421554830656}. Best is trial 14 with value: 291.7063293457031.
LOCAL_RANK: 0 - CUDA_VISIBLE_DEVICES: [0]
[I 2023-12-16 14:35:30,524] Trial 24 finished with value: 402.2014465332031 and parameters: {'gradient_clip_val': 0.6266419262039492, 'hidden_size': 22, 'dropout': 0.13076621416838194, 'hidden_continuous_size': 10, 'attention_head_size': 3, 'learning_rate': 0.0028948546146907155}. Best is trial 14 with value: 291.7063293457031.
LOCAL_RANK: 0 - CUDA_VISIBLE_DEVICES: [0]
[I 2023-12-16 14:36:15,537] Trial 25 finished with value: 415.9137268066406 and parameters: {'gradient_clip_val': 0.7417312926266953, 'hidden_size': 14, 'dropout': 0.2381114833108406, 'hidden_continuous_size': 6, 'attention_head_size': 2, 'learning_rate': 0.0008608334902857896}. Best is trial 14 with value: 291.7063293457031.
LOCAL_RANK: 0 - CUDA_VISIBLE_DEVICES: [0]
[I 2023-12-16 14:37:03,519] Trial 26 finished with value: 403.598388671875 and parameters: {'gradient_clip_val': 0.5202794722988884, 'hidden_size': 29, 'dropout': 0.19831539043440255, 'hidden_continuous_size': 12, 'attention_head_size': 1, 'learning_rate': 0.001642100060492056}. Best is trial 14 with value: 291.7063293457031.
LOCAL_RANK: 0 - CUDA_VISIBLE_DEVICES: [0]
[I 2023-12-16 14:37:50,190] Trial 27 finished with value: 531.6613159179688 and parameters: {'gradient_clip_val': 0.8227415009184091, 'hidden_size': 19, 'dropout': 0.1699220837732259, 'hidden_continuous_size': 8, 'attention_head_size': 2, 'learning_rate': 0.0015937477707823212}. Best is trial 14 with value: 291.7063293457031.
LOCAL_RANK: 0 - CUDA_VISIBLE_DEVICES: [0]
[I 2023-12-16 14:38:34,066] Trial 28 finished with value: 450.2822265625 and parameters: {'gradient_clip_val': 0.3450255376459087, 'hidden_size': 12, 'dropout': 0.21029136379183408, 'hidden_continuous_size': 7, 'attention_head_size': 3, 'learning_rate': 0.0007997140168775258}. Best is trial 14 with value: 291.7063293457031.
LOCAL_RANK: 0 - CUDA_VISIBLE_DEVICES: [0]
