[I 2023-12-26 15:32:06,363] Trial 10 finished with value: 45.318115234375 and parameters: {'gradient_clip_val': 0.11112338071556316, 'hidden_size': 48, 'dropout': 0.39944794776692094, 'hidden_continuous_size': 8, 'attention_head_size': 3, 'learning_rate': 0.0036029429720814054}. Best is trial 0 with value: 13.26101016998291.
[I 2023-12-26 15:32:14,827] Trial 11 finished with value: 70.10914611816406 and parameters: {'gradient_clip_val': 0.11769968336062364, 'hidden_size': 144, 'dropout': 0.36169399717730627, 'hidden_continuous_size': 45, 'attention_head_size': 3, 'learning_rate': 0.005342092103164143}. Best is trial 0 with value: 13.26101016998291.
[I 2023-12-26 15:32:17,589] Trial 12 finished with value: 40.84285354614258 and parameters: {'gradient_clip_val': 0.15842004820821823, 'hidden_size': 48, 'dropout': 0.405778997374186, 'hidden_continuous_size': 18, 'attention_head_size': 2, 'learning_rate': 0.003563641860494548}. Best is trial 0 with value: 13.26101016998291.
[I 2023-12-26 15:32:20,573] Trial 13 finished with value: 51.99678421020508 and parameters: {'gradient_clip_val': 0.17675884758705881, 'hidden_size': 44, 'dropout': 0.43183935617683716, 'hidden_continuous_size': 16, 'attention_head_size': 1, 'learning_rate': 0.0025536061686585168}. Best is trial 0 with value: 13.26101016998291.
[I 2023-12-26 15:32:23,902] Trial 14 finished with value: 51.33203125 and parameters: {'gradient_clip_val': 0.10019826124655852, 'hidden_size': 55, 'dropout': 0.4293358747270459, 'hidden_continuous_size': 20, 'attention_head_size': 3, 'learning_rate': 0.0021201727944810582}. Best is trial 0 with value: 13.26101016998291.
[I 2023-12-26 15:32:26,200] Trial 15 finished with value: 57.39885330200195 and parameters: {'gradient_clip_val': 0.3020143972333028, 'hidden_size': 32, 'dropout': 0.38213552105086224, 'hidden_continuous_size': 9, 'attention_head_size': 2, 'learning_rate': 0.009366450474931643}. Best is trial 0 with value: 13.26101016998291.
[I 2023-12-26 15:32:30,671] Trial 16 finished with value: 51.7479362487793 and parameters: {'gradient_clip_val': 0.9080339542321592, 'hidden_size': 76, 'dropout': 0.10361491904708647, 'hidden_continuous_size': 17, 'attention_head_size': 3, 'learning_rate': 0.0048202225855415665}. Best is trial 0 with value: 13.26101016998291.
[I 2023-12-26 15:32:33,016] Trial 17 finished with value: 44.55561828613281 and parameters: {'gradient_clip_val': 0.14939317466108676, 'hidden_size': 28, 'dropout': 0.4769921672842224, 'hidden_continuous_size': 7, 'attention_head_size': 1, 'learning_rate': 0.0014859405774023547}. Best is trial 0 with value: 13.26101016998291.
[I 2023-12-26 15:32:41,549] Trial 18 finished with value: 48.80399703979492 and parameters: {'gradient_clip_val': 0.20492088316824725, 'hidden_size': 143, 'dropout': 0.33659238086290194, 'hidden_continuous_size': 15, 'attention_head_size': 2, 'learning_rate': 0.006132598870725743}. Best is trial 0 with value: 13.26101016998291.
[I 2023-12-26 15:32:45,178] Trial 19 finished with value: 53.08747482299805 and parameters: {'gradient_clip_val': 0.13967821289243945, 'hidden_size': 65, 'dropout': 0.42645097884204075, 'hidden_continuous_size': 12, 'attention_head_size': 3, 'learning_rate': 0.0036708317811638335}. Best is trial 0 with value: 13.26101016998291.
[I 2023-12-26 15:32:50,443] Trial 20 finished with value: 57.21965026855469 and parameters: {'gradient_clip_val': 0.23233115438588803, 'hidden_size': 89, 'dropout': 0.3944828378561195, 'hidden_continuous_size': 21, 'attention_head_size': 1, 'learning_rate': 0.0014342672759607065}. Best is trial 0 with value: 13.26101016998291.
[I 2023-12-26 15:32:56,629] Trial 21 finished with value: 44.80793380737305 and parameters: {'gradient_clip_val': 0.13919683961527338, 'hidden_size': 103, 'dropout': 0.31818919203503204, 'hidden_continuous_size': 29, 'attention_head_size': 2, 'learning_rate': 0.015120044398381816}. Best is trial 0 with value: 13.26101016998291.
[I 2023-12-26 15:33:02,240] Trial 22 finished with value: 55.54006576538086 and parameters: {'gradient_clip_val': 0.16884972484566246, 'hidden_size': 96, 'dropout': 0.30271815269890406, 'hidden_continuous_size': 43, 'attention_head_size': 2, 'learning_rate': 0.007793651471211651}. Best is trial 0 with value: 13.26101016998291.
[I 2023-12-26 15:33:05,713] Trial 23 finished with value: 65.47606658935547 and parameters: {'gradient_clip_val': 0.12805026931167315, 'hidden_size': 61, 'dropout': 0.3607845912691777, 'hidden_continuous_size': 10, 'attention_head_size': 2, 'learning_rate': 0.014352799395142599}. Best is trial 0 with value: 13.26101016998291.
[I 2023-12-26 15:33:12,423] Trial 24 finished with value: 47.24098587036133 and parameters: {'gradient_clip_val': 0.16446006745236946, 'hidden_size': 116, 'dropout': 0.3252381781071426, 'hidden_continuous_size': 14, 'attention_head_size': 2, 'learning_rate': 0.0066242625355603406}. Best is trial 0 with value: 13.26101016998291.
[I 2023-12-26 15:33:15,410] Trial 25 finished with value: 46.099609375 and parameters: {'gradient_clip_val': 0.12070153999216982, 'hidden_size': 41, 'dropout': 0.2749306766100875, 'hidden_continuous_size': 13, 'attention_head_size': 3, 'learning_rate': 0.023847718388759383}. Best is trial 0 with value: 13.26101016998291.
[I 2023-12-26 15:33:20,120] Trial 26 finished with value: 47.364253997802734 and parameters: {'gradient_clip_val': 0.1472485659314921, 'hidden_size': 77, 'dropout': 0.3700883335767533, 'hidden_continuous_size': 20, 'attention_head_size': 2, 'learning_rate': 0.003640565384420071}. Best is trial 0 with value: 13.26101016998291.
[I 2023-12-26 15:33:30,842] Trial 27 finished with value: 62.30183410644531 and parameters: {'gradient_clip_val': 0.20073320124902852, 'hidden_size': 145, 'dropout': 0.33493390931222256, 'hidden_continuous_size': 37, 'attention_head_size': 1, 'learning_rate': 0.009467225303990478}. Best is trial 0 with value: 13.26101016998291.
[I 2023-12-26 15:33:38,423] Trial 28 finished with value: 37.23263168334961 and parameters: {'gradient_clip_val': 0.10193950646212055, 'hidden_size': 100, 'dropout': 0.41366705731914677, 'hidden_continuous_size': 25, 'attention_head_size': 2, 'learning_rate': 0.004722623291183534}. Best is trial 0 with value: 13.26101016998291.
[I 2023-12-26 15:33:43,424] Trial 29 finished with value: 49.30391311645508 and parameters: {'gradient_clip_val': 0.11473909979816829, 'hidden_size': 63, 'dropout': 0.4646552596371761, 'hidden_continuous_size': 23, 'attention_head_size': 3, 'learning_rate': 0.0045964046074310145}. Best is trial 0 with value: 13.26101016998291.
[I 2023-12-26 15:33:48,350] Trial 30 finished with value: 47.67727279663086 and parameters: {'gradient_clip_val': 0.10083089106545402, 'hidden_size': 85, 'dropout': 0.3990352474557192, 'hidden_continuous_size': 16, 'attention_head_size': 1, 'learning_rate': 0.006919440410920655}. Best is trial 0 with value: 13.26101016998291.
[I 2023-12-26 15:33:55,148] Trial 31 finished with value: 64.8668212890625 and parameters: {'gradient_clip_val': 0.13180770370628456, 'hidden_size': 114, 'dropout': 0.36332663493281, 'hidden_continuous_size': 24, 'attention_head_size': 2, 'learning_rate': 0.00969580504150139}. Best is trial 0 with value: 13.26101016998291.
[I 2023-12-26 15:34:03,058] Trial 32 finished with value: 57.72867202758789 and parameters: {'gradient_clip_val': 0.14963638280107025, 'hidden_size': 103, 'dropout': 0.4123912069645236, 'hidden_continuous_size': 26, 'attention_head_size': 2, 'learning_rate': 0.0027804226954619357}. Best is trial 0 with value: 13.26101016998291.
[I 2023-12-26 15:34:09,724] Trial 33 finished with value: 45.49544906616211 and parameters: {'gradient_clip_val': 0.17052464315842575, 'hidden_size': 86, 'dropout': 0.3809017582326823, 'hidden_continuous_size': 18, 'attention_head_size': 2, 'learning_rate': 0.01197508703756205}. Best is trial 0 with value: 13.26101016998291.
[I 2023-12-26 15:34:19,817] Trial 34 finished with value: 55.15959548950195 and parameters: {'gradient_clip_val': 0.12467065525172782, 'hidden_size': 121, 'dropout': 0.4479996594055806, 'hidden_continuous_size': 51, 'attention_head_size': 2, 'learning_rate': 0.005264677872388628}. Best is trial 0 with value: 13.26101016998291.
[I 2023-12-26 15:34:24,774] Trial 35 finished with value: 55.28352355957031 and parameters: {'gradient_clip_val': 0.10059771249915384, 'hidden_size': 72, 'dropout': 0.48592758580351425, 'hidden_continuous_size': 14, 'attention_head_size': 2, 'learning_rate': 0.07753719280033278}. Best is trial 0 with value: 13.26101016998291.
[I 2023-12-26 15:34:31,206] Trial 36 finished with value: 50.20489501953125 and parameters: {'gradient_clip_val': 0.18708189118674667, 'hidden_size': 95, 'dropout': 0.44720082803957595, 'hidden_continuous_size': 19, 'attention_head_size': 1, 'learning_rate': 0.017543172558309048}. Best is trial 0 with value: 13.26101016998291.
[I 2023-12-26 15:34:34,702] Trial 37 finished with value: 64.75374603271484 and parameters: {'gradient_clip_val': 0.26672906085840714, 'hidden_size': 56, 'dropout': 0.4115799518939317, 'hidden_continuous_size': 11, 'attention_head_size': 2, 'learning_rate': 0.007997150733256816}. Best is trial 0 with value: 13.26101016998291.
[I 2023-12-26 15:34:42,693] Trial 38 finished with value: 65.81429290771484 and parameters: {'gradient_clip_val': 0.15655124800210982, 'hidden_size': 118, 'dropout': 0.3511781308692362, 'hidden_continuous_size': 29, 'attention_head_size': 4, 'learning_rate': 0.011431090281331607}. Best is trial 0 with value: 13.26101016998291.
[I 2023-12-26 15:34:48,511] Trial 39 finished with value: 38.003662109375 and parameters: {'gradient_clip_val': 0.13085449334813312, 'hidden_size': 80, 'dropout': 0.3814630540706887, 'hidden_continuous_size': 32, 'attention_head_size': 2, 'learning_rate': 0.030204498314396033}. Best is trial 0 with value: 13.26101016998291.
[I 2023-12-26 15:34:55,065] Trial 40 finished with value: 53.46782302856445 and parameters: {'gradient_clip_val': 0.1329869312596275, 'hidden_size': 77, 'dropout': 0.3850489060532822, 'hidden_continuous_size': 23, 'attention_head_size': 2, 'learning_rate': 0.019314424599103715}. Best is trial 0 with value: 13.26101016998291.
[I 2023-12-26 15:35:03,161] Trial 41 finished with value: 48.11545944213867 and parameters: {'gradient_clip_val': 0.18607535433230113, 'hidden_size': 101, 'dropout': 0.35127838568161435, 'hidden_continuous_size': 34, 'attention_head_size': 2, 'learning_rate': 0.043399112144287016}. Best is trial 0 with value: 13.26101016998291.
[I 2023-12-26 15:35:13,718] Trial 42 finished with value: 44.59633255004883 and parameters: {'gradient_clip_val': 0.1162283706641863, 'hidden_size': 126, 'dropout': 0.37485475824878306, 'hidden_continuous_size': 56, 'attention_head_size': 2, 'learning_rate': 0.02994121531634099}. Best is trial 0 with value: 13.26101016998291.
[I 2023-12-26 15:35:20,680] Trial 43 finished with value: 52.635986328125 and parameters: {'gradient_clip_val': 0.15011575789432755, 'hidden_size': 82, 'dropout': 0.4100604709253879, 'hidden_continuous_size': 26, 'attention_head_size': 3, 'learning_rate': 0.054322164889751376}. Best is trial 0 with value: 13.26101016998291.
[I 2023-12-26 15:35:27,052] Trial 44 finished with value: 42.3567008972168 and parameters: {'gradient_clip_val': 0.11005566772923629, 'hidden_size': 68, 'dropout': 0.3019052575479422, 'hidden_continuous_size': 17, 'attention_head_size': 2, 'learning_rate': 0.029625383219318853}. Best is trial 0 with value: 13.26101016998291.
[I 2023-12-26 15:35:38,999] Trial 45 finished with value: 50.47261047363281 and parameters: {'gradient_clip_val': 0.1315181609933005, 'hidden_size': 150, 'dropout': 0.3907763744830026, 'hidden_continuous_size': 33, 'attention_head_size': 1, 'learning_rate': 0.06505768919695941}. Best is trial 0 with value: 13.26101016998291.
[I 2023-12-26 15:35:43,577] Trial 46 finished with value: 48.50710678100586 and parameters: {'gradient_clip_val': 0.1580960139490124, 'hidden_size': 52, 'dropout': 0.34103264175810394, 'hidden_continuous_size': 21, 'attention_head_size': 2, 'learning_rate': 0.019569697722461987}. Best is trial 0 with value: 13.26101016998291.
[I 2023-12-26 15:35:47,503] Trial 47 finished with value: 40.40165710449219 and parameters: {'gradient_clip_val': 0.2184543939812434, 'hidden_size': 45, 'dropout': 0.26054167063990563, 'hidden_continuous_size': 15, 'attention_head_size': 2, 'learning_rate': 0.07888193862286386}. Best is trial 0 with value: 13.26101016998291.
[I 2023-12-26 15:35:51,584] Trial 48 finished with value: 54.1730842590332 and parameters: {'gradient_clip_val': 0.22369504660096506, 'hidden_size': 44, 'dropout': 0.25712094089825877, 'hidden_continuous_size': 15, 'attention_head_size': 2, 'learning_rate': 0.0688580561300382}. Best is trial 0 with value: 13.26101016998291.
[I 2023-12-26 15:35:55,922] Trial 49 finished with value: 47.521026611328125 and parameters: {'gradient_clip_val': 0.1862834109274424, 'hidden_size': 49, 'dropout': 0.21680154185877157, 'hidden_continuous_size': 13, 'attention_head_size': 3, 'learning_rate': 0.08318823259312125}. Best is trial 0 with value: 13.26101016998291.
[I 2023-12-26 15:35:56,062] A new study created in memory with name: no-name-d6d47f02-836f-450b-bcd8-8f3d9bd9e3f7
/home/le004/conda/anaconda3/envs/tsff_env/lib/python3.9/site-packages/lightning/fabric/plugins/environments/slurm.py:191: The `srun` command is available on your system but is not used. HINT: If your intention is to run Lightning on SLURM, prepend your python command with `srun` like so: srun python /home/le004/master_thesis/git/TSFusionForecast/code/ ...
[I 2023-12-26 15:40:10,625] Trial 0 finished with value: 715.5458374023438 and parameters: {'gradient_clip_val': 0.35735012609303374, 'hidden_size': 5, 'dropout': 0.32386942284339726, 'hidden_continuous_size': 5, 'attention_head_size': 1, 'learning_rate': 0.0011758015486538866}. Best is trial 0 with value: 715.5458374023438.
[I 2023-12-26 15:43:48,925] Trial 1 finished with value: 2038.5277099609375 and parameters: {'gradient_clip_val': 0.1968643548821553, 'hidden_size': 68, 'dropout': 0.19811648083755393, 'hidden_continuous_size': 29, 'attention_head_size': 4, 'learning_rate': 0.011928126510122476}. Best is trial 0 with value: 715.5458374023438.
[I 2023-12-26 15:43:51,490] Trial 2 finished with value: 6969.54296875 and parameters: {'gradient_clip_val': 0.1737845746285053, 'hidden_size': 27, 'dropout': 0.4256487407735011, 'hidden_continuous_size': 9, 'attention_head_size': 3, 'learning_rate': 0.016640072954583626}. Best is trial 0 with value: 715.5458374023438.
[I 2023-12-26 15:43:54,286] Trial 3 finished with value: 5853.00244140625 and parameters: {'gradient_clip_val': 0.10021326896753921, 'hidden_size': 42, 'dropout': 0.19460294361501804, 'hidden_continuous_size': 14, 'attention_head_size': 3, 'learning_rate': 0.0032288493147246623}. Best is trial 0 with value: 715.5458374023438.
[I 2023-12-26 15:43:56,691] Trial 4 finished with value: 6248.15380859375 and parameters: {'gradient_clip_val': 0.12771492944842067, 'hidden_size': 27, 'dropout': 0.4265316321104242, 'hidden_continuous_size': 8, 'attention_head_size': 1, 'learning_rate': 0.0012504581717875177}. Best is trial 0 with value: 715.5458374023438.
[I 2023-12-26 15:43:58,526] Trial 5 finished with value: 5987.59033203125 and parameters: {'gradient_clip_val': 0.31204693799081634, 'hidden_size': 7, 'dropout': 0.11145126696208925, 'hidden_continuous_size': 7, 'attention_head_size': 4, 'learning_rate': 0.007936346884347042}. Best is trial 0 with value: 715.5458374023438.
[I 2023-12-26 15:44:00,382] Trial 6 finished with value: 6362.20556640625 and parameters: {'gradient_clip_val': 0.47310781049998096, 'hidden_size': 6, 'dropout': 0.23213484545479124, 'hidden_continuous_size': 6, 'attention_head_size': 3, 'learning_rate': 0.024092662291401747}. Best is trial 0 with value: 715.5458374023438.
[I 2023-12-26 15:44:02,286] Trial 7 finished with value: 7463.41162109375 and parameters: {'gradient_clip_val': 0.7612222095949943, 'hidden_size': 12, 'dropout': 0.15793167440422218, 'hidden_continuous_size': 12, 'attention_head_size': 1, 'learning_rate': 0.07297215132613398}. Best is trial 0 with value: 715.5458374023438.
[I 2023-12-26 15:44:12,206] Trial 8 finished with value: 4655.8125 and parameters: {'gradient_clip_val': 0.6865617175424182, 'hidden_size': 142, 'dropout': 0.29588050623824225, 'hidden_continuous_size': 37, 'attention_head_size': 1, 'learning_rate': 0.0008933308277431128}. Best is trial 0 with value: 715.5458374023438.
[I 2023-12-26 15:44:14,514] Trial 9 finished with value: 5081.236328125 and parameters: {'gradient_clip_val': 0.23090654307915914, 'hidden_size': 14, 'dropout': 0.3029959748261799, 'hidden_continuous_size': 11, 'attention_head_size': 4, 'learning_rate': 0.015004661015701738}. Best is trial 0 with value: 715.5458374023438.
[I 2023-12-26 15:44:16,266] Trial 10 finished with value: 5045.06982421875 and parameters: {'gradient_clip_val': 0.44564423085975874, 'hidden_size': 5, 'dropout': 0.4911337236948038, 'hidden_continuous_size': 5, 'attention_head_size': 2, 'learning_rate': 0.0005699711138800947}. Best is trial 0 with value: 715.5458374023438.
[I 2023-12-26 15:44:20,273] Trial 11 finished with value: 4119.70166015625 and parameters: {'gradient_clip_val': 0.22928674801654567, 'hidden_size': 63, 'dropout': 0.2969002629274873, 'hidden_continuous_size': 24, 'attention_head_size': 2, 'learning_rate': 0.0025114715538495642}. Best is trial 0 with value: 715.5458374023438.
[I 2023-12-26 15:44:22,430] Trial 12 finished with value: 6642.1015625 and parameters: {'gradient_clip_val': 0.3646060116469766, 'hidden_size': 14, 'dropout': 0.24276934688409962, 'hidden_continuous_size': 5, 'attention_head_size': 2, 'learning_rate': 0.004299817406923335}. Best is trial 0 with value: 715.5458374023438.
[I 2023-12-26 15:44:27,180] Trial 13 finished with value: 4663.59912109375 and parameters: {'gradient_clip_val': 0.2554756488659815, 'hidden_size': 69, 'dropout': 0.11767973102825666, 'hidden_continuous_size': 20, 'attention_head_size': 4, 'learning_rate': 0.001695718378147026}. Best is trial 0 with value: 715.5458374023438.
[I 2023-12-26 15:44:29,435] Trial 14 finished with value: 6552.73828125 and parameters: {'gradient_clip_val': 0.18390053050071847, 'hidden_size': 9, 'dropout': 0.35453515987907913, 'hidden_continuous_size': 5, 'attention_head_size': 2, 'learning_rate': 0.0005442272311845744}. Best is trial 0 with value: 715.5458374023438.
[I 2023-12-26 15:44:31,230] Trial 15 finished with value: 7268.849609375 and parameters: {'gradient_clip_val': 0.308671111480057, 'hidden_size': 5, 'dropout': 0.20111628788432506, 'hidden_continuous_size': 5, 'attention_head_size': 3, 'learning_rate': 0.006344699475587485}. Best is trial 0 with value: 715.5458374023438.
[I 2023-12-26 15:44:33,309] Trial 16 finished with value: 6700.03173828125 and parameters: {'gradient_clip_val': 0.5323824524991344, 'hidden_size': 18, 'dropout': 0.24998625148232384, 'hidden_continuous_size': 7, 'attention_head_size': 1, 'learning_rate': 0.0018995232333860784}. Best is trial 0 with value: 715.5458374023438.
[I 2023-12-26 15:44:35,260] Trial 17 finished with value: 4938.39990234375 and parameters: {'gradient_clip_val': 0.3721967524340375, 'hidden_size': 8, 'dropout': 0.16484141550170747, 'hidden_continuous_size': 6, 'attention_head_size': 4, 'learning_rate': 0.0011483780252385444}. Best is trial 0 with value: 715.5458374023438.
[I 2023-12-26 15:44:37,346] Trial 18 finished with value: 4443.015625 and parameters: {'gradient_clip_val': 0.9984284759694037, 'hidden_size': 10, 'dropout': 0.36090557241139903, 'hidden_continuous_size': 6, 'attention_head_size': 2, 'learning_rate': 0.004116504460966235}. Best is trial 0 with value: 715.5458374023438.
[I 2023-12-26 15:44:39,608] Trial 19 finished with value: 5361.39404296875 and parameters: {'gradient_clip_val': 0.14910706245758462, 'hidden_size': 21, 'dropout': 0.26381161346898563, 'hidden_continuous_size': 9, 'attention_head_size': 3, 'learning_rate': 0.0073742895425704166}. Best is trial 0 with value: 715.5458374023438.
[I 2023-12-26 15:44:42,313] Trial 20 finished with value: 6500.59375 and parameters: {'gradient_clip_val': 0.20018817282666035, 'hidden_size': 34, 'dropout': 0.21108030563448837, 'hidden_continuous_size': 16, 'attention_head_size': 4, 'learning_rate': 0.002049991209611785}. Best is trial 0 with value: 715.5458374023438.
[I 2023-12-26 15:44:46,590] Trial 21 finished with value: 5050.85595703125 and parameters: {'gradient_clip_val': 0.23747433368759158, 'hidden_size': 68, 'dropout': 0.29104609544023075, 'hidden_continuous_size': 23, 'attention_head_size': 2, 'learning_rate': 0.0020174522691625597}. Best is trial 0 with value: 715.5458374023438.
[I 2023-12-26 15:44:50,155] Trial 22 finished with value: 5437.98291015625 and parameters: {'gradient_clip_val': 0.27232437136504056, 'hidden_size': 46, 'dropout': 0.33160080482445625, 'hidden_continuous_size': 30, 'attention_head_size': 1, 'learning_rate': 0.00327443747962874}. Best is trial 0 with value: 715.5458374023438.
[I 2023-12-26 15:44:56,857] Trial 23 finished with value: 3839.832763671875 and parameters: {'gradient_clip_val': 0.22900823248235136, 'hidden_size': 72, 'dropout': 0.2711221845797893, 'hidden_continuous_size': 63, 'attention_head_size': 2, 'learning_rate': 0.0010504807996906372}. Best is trial 0 with value: 715.5458374023438.
[I 2023-12-26 15:45:05,896] Trial 24 finished with value: 7383.61328125 and parameters: {'gradient_clip_val': 0.200048174248913, 'hidden_size': 104, 'dropout': 0.2557369831872257, 'hidden_continuous_size': 63, 'attention_head_size': 1, 'learning_rate': 0.0008651250031356096}. Best is trial 0 with value: 715.5458374023438.
