[I 2023-12-26 16:17:52,412] Trial 22 finished with value: 510.8990173339844 and parameters: {'gradient_clip_val': 0.28150732254525884, 'hidden_size': 109, 'dropout': 0.14689247286298146, 'hidden_continuous_size': 20, 'attention_head_size': 4, 'learning_rate': 0.02011590169316355}. Best is trial 0 with value: 338.4110412597656.
[I 2023-12-26 16:18:01,493] Trial 23 finished with value: 740.5999145507812 and parameters: {'gradient_clip_val': 0.28544660474444206, 'hidden_size': 107, 'dropout': 0.135766790479496, 'hidden_continuous_size': 29, 'attention_head_size': 4, 'learning_rate': 0.024616539978931193}. Best is trial 0 with value: 338.4110412597656.
[I 2023-12-26 16:18:13,265] Trial 24 finished with value: 797.7416381835938 and parameters: {'gradient_clip_val': 0.14123791404024594, 'hidden_size': 148, 'dropout': 0.14136343527783762, 'hidden_continuous_size': 19, 'attention_head_size': 3, 'learning_rate': 0.013573401212821506}. Best is trial 0 with value: 338.4110412597656.
[I 2023-12-26 16:18:19,330] Trial 25 finished with value: 733.5621948242188 and parameters: {'gradient_clip_val': 0.23325050263139716, 'hidden_size': 84, 'dropout': 0.10720077907357109, 'hidden_continuous_size': 15, 'attention_head_size': 4, 'learning_rate': 0.02084476848282114}. Best is trial 0 with value: 338.4110412597656.
[I 2023-12-26 16:18:28,373] Trial 26 finished with value: 794.9446411132812 and parameters: {'gradient_clip_val': 0.18594269730278085, 'hidden_size': 107, 'dropout': 0.16402795067751005, 'hidden_continuous_size': 31, 'attention_head_size': 3, 'learning_rate': 0.030851172126899792}. Best is trial 0 with value: 338.4110412597656.
[I 2023-12-26 16:18:32,973] Trial 27 finished with value: 766.3934936523438 and parameters: {'gradient_clip_val': 0.2266044764820255, 'hidden_size': 63, 'dropout': 0.19221599202144585, 'hidden_continuous_size': 20, 'attention_head_size': 4, 'learning_rate': 0.011248142428529043}. Best is trial 0 with value: 338.4110412597656.
[I 2023-12-26 16:18:39,856] Trial 28 finished with value: 689.7667846679688 and parameters: {'gradient_clip_val': 0.16351810650092438, 'hidden_size': 108, 'dropout': 0.13393175466929558, 'hidden_continuous_size': 13, 'attention_head_size': 4, 'learning_rate': 0.04783475248399668}. Best is trial 0 with value: 338.4110412597656.
[I 2023-12-26 16:18:46,420] Trial 29 finished with value: 763.5986938476562 and parameters: {'gradient_clip_val': 0.47305601423594845, 'hidden_size': 93, 'dropout': 0.21139452000714903, 'hidden_continuous_size': 34, 'attention_head_size': 1, 'learning_rate': 0.020172976888509747}. Best is trial 0 with value: 338.4110412597656.
[I 2023-12-26 16:18:52,202] Trial 30 finished with value: 766.9461059570312 and parameters: {'gradient_clip_val': 0.10510227993621211, 'hidden_size': 66, 'dropout': 0.16465430189642122, 'hidden_continuous_size': 20, 'attention_head_size': 3, 'learning_rate': 0.008073285065569653}. Best is trial 0 with value: 338.4110412597656.
[I 2023-12-26 16:19:00,685] Trial 31 finished with value: 849.1056518554688 and parameters: {'gradient_clip_val': 0.31152011644807226, 'hidden_size': 119, 'dropout': 0.22566348009927412, 'hidden_continuous_size': 11, 'attention_head_size': 4, 'learning_rate': 0.013319278654206436}. Best is trial 0 with value: 338.4110412597656.
[I 2023-12-26 16:19:10,703] Trial 32 finished with value: 815.4308471679688 and parameters: {'gradient_clip_val': 0.24784136604091653, 'hidden_size': 123, 'dropout': 0.22791698453819825, 'hidden_continuous_size': 15, 'attention_head_size': 4, 'learning_rate': 0.005415271825436386}. Best is trial 0 with value: 338.4110412597656.
[I 2023-12-26 16:19:22,960] Trial 33 finished with value: 753.9828491210938 and parameters: {'gradient_clip_val': 0.4569001308816045, 'hidden_size': 148, 'dropout': 0.1874824150883339, 'hidden_continuous_size': 39, 'attention_head_size': 4, 'learning_rate': 0.010359509918356902}. Best is trial 0 with value: 338.4110412597656.
[I 2023-12-26 16:19:30,533] Trial 34 finished with value: 934.7904663085938 and parameters: {'gradient_clip_val': 0.1328004689765706, 'hidden_size': 99, 'dropout': 0.18077125304091363, 'hidden_continuous_size': 24, 'attention_head_size': 1, 'learning_rate': 0.003986901504342371}. Best is trial 0 with value: 338.4110412597656.
[I 2023-12-26 16:19:38,890] Trial 35 finished with value: 869.1696166992188 and parameters: {'gradient_clip_val': 0.17968044843106484, 'hidden_size': 119, 'dropout': 0.14205851827289356, 'hidden_continuous_size': 7, 'attention_head_size': 4, 'learning_rate': 0.0027005823859114794}. Best is trial 0 with value: 338.4110412597656.
[I 2023-12-26 16:19:46,298] Trial 36 finished with value: 738.9445190429688 and parameters: {'gradient_clip_val': 0.11802946081610133, 'hidden_size': 89, 'dropout': 0.26160806229045575, 'hidden_continuous_size': 17, 'attention_head_size': 4, 'learning_rate': 0.0016189812179008265}. Best is trial 0 with value: 338.4110412597656.
[I 2023-12-26 16:19:56,383] Trial 37 finished with value: 714.83056640625 and parameters: {'gradient_clip_val': 0.22067906785131594, 'hidden_size': 122, 'dropout': 0.221666284871785, 'hidden_continuous_size': 12, 'attention_head_size': 3, 'learning_rate': 0.01764820257122306}. Best is trial 0 with value: 338.4110412597656.
[I 2023-12-26 16:20:03,254] Trial 38 finished with value: 617.9050903320312 and parameters: {'gradient_clip_val': 0.17061310073581926, 'hidden_size': 95, 'dropout': 0.201355469964992, 'hidden_continuous_size': 6, 'attention_head_size': 2, 'learning_rate': 0.004776371850159822}. Best is trial 0 with value: 338.4110412597656.
[I 2023-12-26 16:20:10,446] Trial 39 finished with value: 703.2045288085938 and parameters: {'gradient_clip_val': 0.1643544841081068, 'hidden_size': 96, 'dropout': 0.19525424089559149, 'hidden_continuous_size': 10, 'attention_head_size': 2, 'learning_rate': 0.006177903519219019}. Best is trial 0 with value: 338.4110412597656.
[I 2023-12-26 16:20:16,192] Trial 40 finished with value: 725.8901977539062 and parameters: {'gradient_clip_val': 0.1264923299035912, 'hidden_size': 69, 'dropout': 0.12130931920324178, 'hidden_continuous_size': 5, 'attention_head_size': 2, 'learning_rate': 0.004913527876658246}. Best is trial 0 with value: 338.4110412597656.
[I 2023-12-26 16:20:25,849] Trial 41 finished with value: 900.6185913085938 and parameters: {'gradient_clip_val': 0.1439706070003895, 'hidden_size': 120, 'dropout': 0.2306373882872796, 'hidden_continuous_size': 6, 'attention_head_size': 2, 'learning_rate': 0.007769091053696201}. Best is trial 0 with value: 338.4110412597656.
[I 2023-12-26 16:20:33,883] Trial 42 finished with value: 635.3817749023438 and parameters: {'gradient_clip_val': 0.20806695981509724, 'hidden_size': 100, 'dropout': 0.1534552014619474, 'hidden_continuous_size': 6, 'attention_head_size': 1, 'learning_rate': 0.004380297495402951}. Best is trial 0 with value: 338.4110412597656.
[I 2023-12-26 16:20:42,337] Trial 43 finished with value: 736.8310546875 and parameters: {'gradient_clip_val': 0.19166621510729473, 'hidden_size': 97, 'dropout': 0.15099266013443147, 'hidden_continuous_size': 7, 'attention_head_size': 1, 'learning_rate': 0.0024775591660623425}. Best is trial 0 with value: 338.4110412597656.
[I 2023-12-26 16:20:48,965] Trial 44 finished with value: 984.607177734375 and parameters: {'gradient_clip_val': 0.20466572781401077, 'hidden_size': 84, 'dropout': 0.17622223342890214, 'hidden_continuous_size': 6, 'attention_head_size': 1, 'learning_rate': 0.013852710173090683}. Best is trial 0 with value: 338.4110412597656.
[I 2023-12-26 16:20:59,994] Trial 45 finished with value: 899.0872192382812 and parameters: {'gradient_clip_val': 0.1539287064818679, 'hidden_size': 150, 'dropout': 0.12548057981113026, 'hidden_continuous_size': 11, 'attention_head_size': 1, 'learning_rate': 0.004046711766507399}. Best is trial 0 with value: 338.4110412597656.
[I 2023-12-26 16:21:09,771] Trial 46 finished with value: 990.8792114257812 and parameters: {'gradient_clip_val': 0.26037127129141685, 'hidden_size': 122, 'dropout': 0.2048820151179494, 'hidden_continuous_size': 5, 'attention_head_size': 2, 'learning_rate': 0.006725483450846189}. Best is trial 0 with value: 338.4110412597656.
[I 2023-12-26 16:21:15,881] Trial 47 finished with value: 853.1792602539062 and parameters: {'gradient_clip_val': 0.173696329992181, 'hidden_size': 71, 'dropout': 0.15704129078839438, 'hidden_continuous_size': 7, 'attention_head_size': 1, 'learning_rate': 0.005031569222464594}. Best is trial 0 with value: 338.4110412597656.
[I 2023-12-26 16:21:20,159] Trial 48 finished with value: 774.6856079101562 and parameters: {'gradient_clip_val': 0.21182059454445232, 'hidden_size': 49, 'dropout': 0.10321698629249122, 'hidden_continuous_size': 17, 'attention_head_size': 2, 'learning_rate': 0.015893204080886625}. Best is trial 0 with value: 338.4110412597656.
[I 2023-12-26 16:21:27,926] Trial 49 finished with value: 832.5048828125 and parameters: {'gradient_clip_val': 0.24247738183083492, 'hidden_size': 104, 'dropout': 0.17724953262874948, 'hidden_continuous_size': 8, 'attention_head_size': 2, 'learning_rate': 0.0009485561469535842}. Best is trial 0 with value: 338.4110412597656.
[I 2023-12-26 16:21:28,093] A new study created in memory with name: no-name-89e74e5b-a504-47fa-b2bf-6f9cf793ed6c
/home/le004/conda/anaconda3/envs/tsff_env/lib/python3.9/site-packages/lightning/fabric/plugins/environments/slurm.py:191: The `srun` command is available on your system but is not used. HINT: If your intention is to run Lightning on SLURM, prepend your python command with `srun` like so: srun python /home/le004/master_thesis/git/TSFusionForecast/code/ ...
[I 2023-12-26 16:25:32,646] Trial 0 finished with value: 491.6051330566406 and parameters: {'gradient_clip_val': 0.10096592642027066, 'hidden_size': 57, 'dropout': 0.3529988332261319, 'hidden_continuous_size': 13, 'attention_head_size': 1, 'learning_rate': 0.01978908489638265}. Best is trial 0 with value: 491.6051330566406.
[I 2023-12-26 16:25:34,780] Trial 1 finished with value: 851.8425903320312 and parameters: {'gradient_clip_val': 0.17692489618707782, 'hidden_size': 5, 'dropout': 0.24553615667571851, 'hidden_continuous_size': 5, 'attention_head_size': 3, 'learning_rate': 0.0011131023971710802}. Best is trial 0 with value: 491.6051330566406.
[I 2023-12-26 16:25:37,625] Trial 2 finished with value: 712.740478515625 and parameters: {'gradient_clip_val': 0.2696189198770878, 'hidden_size': 30, 'dropout': 0.4357806390408886, 'hidden_continuous_size': 16, 'attention_head_size': 2, 'learning_rate': 0.028133256242045393}. Best is trial 0 with value: 491.6051330566406.
[I 2023-12-26 16:25:46,421] Trial 3 finished with value: 681.0767211914062 and parameters: {'gradient_clip_val': 0.6542801528188336, 'hidden_size': 117, 'dropout': 0.3288776012219954, 'hidden_continuous_size': 52, 'attention_head_size': 2, 'learning_rate': 0.03223176593612612}. Best is trial 0 with value: 491.6051330566406.
[I 2023-12-26 16:25:49,794] Trial 4 finished with value: 688.8646850585938 and parameters: {'gradient_clip_val': 0.3165390890137437, 'hidden_size': 41, 'dropout': 0.14813218454394914, 'hidden_continuous_size': 41, 'attention_head_size': 1, 'learning_rate': 0.048162551748072525}. Best is trial 0 with value: 491.6051330566406.
[I 2023-12-26 16:25:51,849] Trial 5 finished with value: 991.5548706054688 and parameters: {'gradient_clip_val': 0.4253513975566237, 'hidden_size': 6, 'dropout': 0.17024759107695112, 'hidden_continuous_size': 5, 'attention_head_size': 3, 'learning_rate': 0.08933829246728975}. Best is trial 0 with value: 491.6051330566406.
[I 2023-12-26 16:26:00,350] Trial 6 finished with value: 705.1316528320312 and parameters: {'gradient_clip_val': 0.18575859543187453, 'hidden_size': 109, 'dropout': 0.438932745478818, 'hidden_continuous_size': 62, 'attention_head_size': 3, 'learning_rate': 0.0034016768220620944}. Best is trial 0 with value: 491.6051330566406.
[I 2023-12-26 16:26:02,366] Trial 7 finished with value: 707.6190795898438 and parameters: {'gradient_clip_val': 0.5431355792219235, 'hidden_size': 7, 'dropout': 0.40766441144707033, 'hidden_continuous_size': 6, 'attention_head_size': 2, 'learning_rate': 0.035160584565912645}. Best is trial 0 with value: 491.6051330566406.
[I 2023-12-26 16:26:07,369] Trial 8 finished with value: 722.4248046875 and parameters: {'gradient_clip_val': 0.9202770755430444, 'hidden_size': 57, 'dropout': 0.3106740052795248, 'hidden_continuous_size': 45, 'attention_head_size': 4, 'learning_rate': 0.004384756565748321}. Best is trial 0 with value: 491.6051330566406.
[I 2023-12-26 16:26:10,447] Trial 9 finished with value: 807.0953979492188 and parameters: {'gradient_clip_val': 0.40768397074682666, 'hidden_size': 31, 'dropout': 0.21255654091418297, 'hidden_continuous_size': 23, 'attention_head_size': 2, 'learning_rate': 0.024217174665159207}. Best is trial 0 with value: 491.6051330566406.
[I 2023-12-26 16:26:12,713] Trial 10 finished with value: 685.650634765625 and parameters: {'gradient_clip_val': 0.10229075950843435, 'hidden_size': 14, 'dropout': 0.4983046662267634, 'hidden_continuous_size': 8, 'attention_head_size': 1, 'learning_rate': 0.008956089092652764}. Best is trial 0 with value: 491.6051330566406.
[I 2023-12-26 16:26:23,288] Trial 11 finished with value: 608.478759765625 and parameters: {'gradient_clip_val': 0.10672263163780282, 'hidden_size': 134, 'dropout': 0.33501243163215966, 'hidden_continuous_size': 104, 'attention_head_size': 1, 'learning_rate': 0.012196542463870176}. Best is trial 0 with value: 491.6051330566406.
[I 2023-12-26 16:26:34,541] Trial 12 finished with value: 732.8068237304688 and parameters: {'gradient_clip_val': 0.10044206808471305, 'hidden_size': 142, 'dropout': 0.33192528036727864, 'hidden_continuous_size': 87, 'attention_head_size': 1, 'learning_rate': 0.011163128123750123}. Best is trial 0 with value: 491.6051330566406.
[I 2023-12-26 16:26:40,272] Trial 13 finished with value: 747.28955078125 and parameters: {'gradient_clip_val': 0.1406054754038039, 'hidden_size': 74, 'dropout': 0.3650083299560744, 'hidden_continuous_size': 14, 'attention_head_size': 1, 'learning_rate': 0.012222955287747868}. Best is trial 0 with value: 491.6051330566406.
[I 2023-12-26 16:26:46,006] Trial 14 finished with value: 912.4071655273438 and parameters: {'gradient_clip_val': 0.14102862595948104, 'hidden_size': 75, 'dropout': 0.2677281206685802, 'hidden_continuous_size': 22, 'attention_head_size': 1, 'learning_rate': 0.014092437070830292}. Best is trial 0 with value: 491.6051330566406.
[I 2023-12-26 16:26:50,035] Trial 15 finished with value: 712.7548217773438 and parameters: {'gradient_clip_val': 0.10028205541606568, 'hidden_size': 56, 'dropout': 0.28004453111669275, 'hidden_continuous_size': 10, 'attention_head_size': 4, 'learning_rate': 0.005197101935252712}. Best is trial 0 with value: 491.6051330566406.
[I 2023-12-26 16:27:01,658] Trial 16 finished with value: 598.9209594726562 and parameters: {'gradient_clip_val': 0.23092545015657664, 'hidden_size': 145, 'dropout': 0.10852285307954165, 'hidden_continuous_size': 145, 'attention_head_size': 1, 'learning_rate': 0.018346513762132248}. Best is trial 0 with value: 491.6051330566406.
[I 2023-12-26 16:27:08,497] Trial 17 finished with value: 658.3693237304688 and parameters: {'gradient_clip_val': 0.2495272650794974, 'hidden_size': 91, 'dropout': 0.10531611495702069, 'hidden_continuous_size': 30, 'attention_head_size': 2, 'learning_rate': 0.09334192539310106}. Best is trial 0 with value: 491.6051330566406.
[I 2023-12-26 16:27:12,121] Trial 18 finished with value: 822.4599609375 and parameters: {'gradient_clip_val': 0.2001421615416901, 'hidden_size': 47, 'dropout': 0.22553886622946168, 'hidden_continuous_size': 14, 'attention_head_size': 1, 'learning_rate': 0.021083437572028445}. Best is trial 0 with value: 491.6051330566406.
[I 2023-12-26 16:27:24,503] Trial 19 finished with value: 531.8131103515625 and parameters: {'gradient_clip_val': 0.14035472674109314, 'hidden_size': 150, 'dropout': 0.1896670047991256, 'hidden_continuous_size': 129, 'attention_head_size': 2, 'learning_rate': 0.05449838380833693}. Best is trial 0 with value: 491.6051330566406.
[I 2023-12-26 16:27:30,901] Trial 20 finished with value: 692.51123046875 and parameters: {'gradient_clip_val': 0.14818319355400447, 'hidden_size': 86, 'dropout': 0.19701205748787387, 'hidden_continuous_size': 31, 'attention_head_size': 2, 'learning_rate': 0.053901711754477326}. Best is trial 0 with value: 491.6051330566406.
[I 2023-12-26 16:27:43,085] Trial 21 finished with value: 463.3565673828125 and parameters: {'gradient_clip_val': 0.1266858883819683, 'hidden_size': 145, 'dropout': 0.10384738424604564, 'hidden_continuous_size': 144, 'attention_head_size': 1, 'learning_rate': 0.02027597748063473}. Best is trial 21 with value: 463.3565673828125.
[I 2023-12-26 16:27:51,206] Trial 22 finished with value: 778.8578491210938 and parameters: {'gradient_clip_val': 0.13328836815446746, 'hidden_size': 101, 'dropout': 0.14514411870586663, 'hidden_continuous_size': 76, 'attention_head_size': 2, 'learning_rate': 0.05135338981435293}. Best is trial 21 with value: 463.3565673828125.
[I 2023-12-26 16:28:02,708] Trial 23 finished with value: 553.3204956054688 and parameters: {'gradient_clip_val': 0.16354606923217668, 'hidden_size': 147, 'dropout': 0.19775912324114184, 'hidden_continuous_size': 104, 'attention_head_size': 1, 'learning_rate': 0.020919363240437715}. Best is trial 21 with value: 463.3565673828125.
[I 2023-12-26 16:28:08,081] Trial 24 finished with value: 555.105712890625 and parameters: {'gradient_clip_val': 0.12214479956649614, 'hidden_size': 71, 'dropout': 0.26252450032142005, 'hidden_continuous_size': 38, 'attention_head_size': 3, 'learning_rate': 0.04231512793350964}. Best is trial 21 with value: 463.3565673828125.
[I 2023-12-26 16:28:16,303] Trial 25 finished with value: 717.1484375 and parameters: {'gradient_clip_val': 0.12170071522646513, 'hidden_size': 102, 'dropout': 0.1000880436891404, 'hidden_continuous_size': 63, 'attention_head_size': 2, 'learning_rate': 0.06843644126809541}. Best is trial 21 with value: 463.3565673828125.
[I 2023-12-26 16:28:20,687] Trial 26 finished with value: 816.6326293945312 and parameters: {'gradient_clip_val': 0.16198655996208156, 'hidden_size': 65, 'dropout': 0.17113280735258413, 'hidden_continuous_size': 11, 'attention_head_size': 1, 'learning_rate': 0.01784776776238579}. Best is trial 21 with value: 463.3565673828125.
[I 2023-12-26 16:28:27,416] Trial 27 finished with value: 746.2413940429688 and parameters: {'gradient_clip_val': 0.12138548476373125, 'hidden_size': 92, 'dropout': 0.23759350049664524, 'hidden_continuous_size': 18, 'attention_head_size': 1, 'learning_rate': 0.03582715051328966}. Best is trial 21 with value: 463.3565673828125.
[I 2023-12-26 16:28:35,867] Trial 28 finished with value: 544.8043823242188 and parameters: {'gradient_clip_val': 0.2055790894178357, 'hidden_size': 109, 'dropout': 0.2929670045974705, 'hidden_continuous_size': 59, 'attention_head_size': 2, 'learning_rate': 0.06124697593311988}. Best is trial 21 with value: 463.3565673828125.
[I 2023-12-26 16:28:39,764] Trial 29 finished with value: 843.3362426757812 and parameters: {'gradient_clip_val': 0.16947334826969404, 'hidden_size': 46, 'dropout': 0.2515794378332823, 'hidden_continuous_size': 33, 'attention_head_size': 3, 'learning_rate': 0.0006474347560469654}. Best is trial 21 with value: 463.3565673828125.
[I 2023-12-26 16:28:51,816] Trial 30 finished with value: 540.6018676757812 and parameters: {'gradient_clip_val': 0.12084367457976057, 'hidden_size': 150, 'dropout': 0.12609749056929448, 'hidden_continuous_size': 113, 'attention_head_size': 4, 'learning_rate': 0.007092060218431533}. Best is trial 21 with value: 463.3565673828125.
[I 2023-12-26 16:29:02,222] Trial 31 finished with value: 793.3903198242188 and parameters: {'gradient_clip_val': 0.12349256633420326, 'hidden_size': 122, 'dropout': 0.1426556487822193, 'hidden_continuous_size': 120, 'attention_head_size': 4, 'learning_rate': 0.006818487061748053}. Best is trial 21 with value: 463.3565673828125.
[I 2023-12-26 16:29:14,039] Trial 32 finished with value: 444.057373046875 and parameters: {'gradient_clip_val': 0.14832314721302517, 'hidden_size': 144, 'dropout': 0.1268388074701785, 'hidden_continuous_size': 140, 'attention_head_size': 3, 'learning_rate': 0.027756910998880526}. Best is trial 32 with value: 444.057373046875.
[I 2023-12-26 16:29:23,577] Trial 33 finished with value: 701.3103637695312 and parameters: {'gradient_clip_val': 0.15350661200701676, 'hidden_size': 121, 'dropout': 0.16906456492472305, 'hidden_continuous_size': 80, 'attention_head_size': 3, 'learning_rate': 0.029425919012018936}. Best is trial 32 with value: 444.057373046875.
[I 2023-12-26 16:29:30,341] Trial 34 finished with value: 617.2984619140625 and parameters: {'gradient_clip_val': 0.1829901598130341, 'hidden_size': 84, 'dropout': 0.1320445442257794, 'hidden_continuous_size': 67, 'attention_head_size': 3, 'learning_rate': 0.027565462778608826}. Best is trial 32 with value: 444.057373046875.
[I 2023-12-26 16:29:39,689] Trial 35 finished with value: 741.4044799804688 and parameters: {'gradient_clip_val': 0.14828184536266126, 'hidden_size': 118, 'dropout': 0.12470770555259567, 'hidden_continuous_size': 88, 'attention_head_size': 2, 'learning_rate': 0.03730249291297467}. Best is trial 32 with value: 444.057373046875.
[I 2023-12-26 16:29:47,174] Trial 36 finished with value: 667.6989135742188 and parameters: {'gradient_clip_val': 0.17294102405872228, 'hidden_size': 95, 'dropout': 0.16160716790115698, 'hidden_continuous_size': 53, 'attention_head_size': 3, 'learning_rate': 0.0686898704428392}. Best is trial 32 with value: 444.057373046875.
