[rank: 0] Seed set to 42
[I 2023-12-15 10:45:09,076] A new study created in memory with name: no-name-32ecf77b-7f01-4bc5-9800-86a7d103e0ba
/home/le004/conda/anaconda3/envs/tsff_env/lib/python3.9/site-packages/lightning/fabric/plugins/environments/slurm.py:191: The `srun` command is available on your system but is not used. HINT: If your intention is to run Lightning on SLURM, prepend your python command with `srun` like so: srun python /home/le004/master_thesis/git/TSFusionForecast/code/ ...
LOCAL_RANK: 0 - CUDA_VISIBLE_DEVICES: [0]
[I 2023-12-15 10:45:58,676] Trial 0 finished with value: 25.53318977355957 and parameters: {'gradient_clip_val': 0.3475287322113366, 'hidden_size': 27, 'dropout': 0.13761388527420146, 'hidden_continuous_size': 13, 'attention_head_size': 1, 'learning_rate': 0.0016828955948055813}. Best is trial 0 with value: 25.53318977355957.
LOCAL_RANK: 0 - CUDA_VISIBLE_DEVICES: [0]
[I 2023-12-15 10:46:45,208] Trial 1 finished with value: 55.25439453125 and parameters: {'gradient_clip_val': 0.19522448930297387, 'hidden_size': 20, 'dropout': 0.10916873231434278, 'hidden_continuous_size': 6, 'attention_head_size': 3, 'learning_rate': 0.015368478928163305}. Best is trial 0 with value: 25.53318977355957.
LOCAL_RANK: 0 - CUDA_VISIBLE_DEVICES: [0]
[I 2023-12-15 10:47:31,089] Trial 2 finished with value: 23.224939346313477 and parameters: {'gradient_clip_val': 0.1963025032130545, 'hidden_size': 11, 'dropout': 0.11358295856544984, 'hidden_continuous_size': 7, 'attention_head_size': 3, 'learning_rate': 0.002611015075915378}. Best is trial 2 with value: 23.224939346313477.
LOCAL_RANK: 0 - CUDA_VISIBLE_DEVICES: [0]
[I 2023-12-15 10:48:16,669] Trial 3 finished with value: 27.775671005249023 and parameters: {'gradient_clip_val': 0.2319510653720982, 'hidden_size': 14, 'dropout': 0.3128326289767037, 'hidden_continuous_size': 6, 'attention_head_size': 2, 'learning_rate': 0.005245321461559247}. Best is trial 2 with value: 23.224939346313477.
LOCAL_RANK: 0 - CUDA_VISIBLE_DEVICES: [0]
[I 2023-12-15 10:49:13,035] Trial 4 finished with value: 30.20612144470215 and parameters: {'gradient_clip_val': 0.19454262315455448, 'hidden_size': 96, 'dropout': 0.1160474377441571, 'hidden_continuous_size': 63, 'attention_head_size': 4, 'learning_rate': 0.0021512708314725135}. Best is trial 2 with value: 23.224939346313477.
LOCAL_RANK: 0 - CUDA_VISIBLE_DEVICES: [0]
[I 2023-12-15 10:50:03,711] Trial 5 finished with value: 32.427734375 and parameters: {'gradient_clip_val': 0.2429376400260418, 'hidden_size': 47, 'dropout': 0.325217404101898, 'hidden_continuous_size': 5, 'attention_head_size': 1, 'learning_rate': 0.0062397602901693066}. Best is trial 2 with value: 23.224939346313477.
LOCAL_RANK: 0 - CUDA_VISIBLE_DEVICES: [0]
[I 2023-12-15 10:50:54,915] Trial 6 finished with value: 23.67155647277832 and parameters: {'gradient_clip_val': 0.3069015710724256, 'hidden_size': 37, 'dropout': 0.18963365200257037, 'hidden_continuous_size': 9, 'attention_head_size': 4, 'learning_rate': 0.016192630192567593}. Best is trial 2 with value: 23.224939346313477.
LOCAL_RANK: 0 - CUDA_VISIBLE_DEVICES: [0]
[I 2023-12-15 10:51:48,686] Trial 7 finished with value: 33.48236083984375 and parameters: {'gradient_clip_val': 0.39726053657199767, 'hidden_size': 80, 'dropout': 0.28998623533004364, 'hidden_continuous_size': 19, 'attention_head_size': 3, 'learning_rate': 0.025360939872813737}. Best is trial 2 with value: 23.224939346313477.
LOCAL_RANK: 0 - CUDA_VISIBLE_DEVICES: [0]
[I 2023-12-15 10:52:34,854] Trial 8 finished with value: 50.76572799682617 and parameters: {'gradient_clip_val': 0.46877382269479073, 'hidden_size': 9, 'dropout': 0.10188733252332711, 'hidden_continuous_size': 6, 'attention_head_size': 4, 'learning_rate': 0.08923714213259659}. Best is trial 2 with value: 23.224939346313477.
LOCAL_RANK: 0 - CUDA_VISIBLE_DEVICES: [0]
[I 2023-12-15 10:53:21,283] Trial 9 finished with value: 43.725433349609375 and parameters: {'gradient_clip_val': 0.35126490147961864, 'hidden_size': 7, 'dropout': 0.35757313541503344, 'hidden_continuous_size': 6, 'attention_head_size': 4, 'learning_rate': 0.000592893990143565}. Best is trial 2 with value: 23.224939346313477.
LOCAL_RANK: 0 - CUDA_VISIBLE_DEVICES: [0]
[I 2023-12-15 10:53:57,657] Trial 10 finished with value: 47.22041702270508 and parameters: {'gradient_clip_val': 0.12214988867665362, 'hidden_size': 5, 'dropout': 0.20690196473354971, 'hidden_continuous_size': 5, 'attention_head_size': 2, 'learning_rate': 0.0006176497237120126}. Best is trial 2 with value: 23.224939346313477.
LOCAL_RANK: 0 - CUDA_VISIBLE_DEVICES: [0]
[I 2023-12-15 10:54:46,818] Trial 11 finished with value: 30.067319869995117 and parameters: {'gradient_clip_val': 0.734168210953184, 'hidden_size': 32, 'dropout': 0.18966279620491222, 'hidden_continuous_size': 9, 'attention_head_size': 3, 'learning_rate': 0.015998924235337646}. Best is trial 2 with value: 23.224939346313477.
LOCAL_RANK: 0 - CUDA_VISIBLE_DEVICES: [0]
[I 2023-12-15 10:55:33,870] Trial 12 finished with value: 28.858762741088867 and parameters: {'gradient_clip_val': 0.11379082845007395, 'hidden_size': 10, 'dropout': 0.171118083057642, 'hidden_continuous_size': 7, 'attention_head_size': 4, 'learning_rate': 0.0034956187615020145}. Best is trial 2 with value: 23.224939346313477.
LOCAL_RANK: 0 - CUDA_VISIBLE_DEVICES: [0]
[I 2023-12-15 10:56:21,594] Trial 13 finished with value: 33.20023727416992 and parameters: {'gradient_clip_val': 0.1516561412343562, 'hidden_size': 17, 'dropout': 0.2342655248293921, 'hidden_continuous_size': 8, 'attention_head_size': 3, 'learning_rate': 0.012546398805342184}. Best is trial 2 with value: 23.224939346313477.
LOCAL_RANK: 0 - CUDA_VISIBLE_DEVICES: [0]
[I 2023-12-15 10:57:12,734] Trial 14 finished with value: 45.194461822509766 and parameters: {'gradient_clip_val': 0.26748177633841924, 'hidden_size': 39, 'dropout': 0.15605600696077782, 'hidden_continuous_size': 10, 'attention_head_size': 2, 'learning_rate': 0.034532882822109076}. Best is trial 2 with value: 23.224939346313477.
LOCAL_RANK: 0 - CUDA_VISIBLE_DEVICES: [0]
[I 2023-12-15 10:57:58,668] Trial 15 finished with value: 36.8319206237793 and parameters: {'gradient_clip_val': 0.16418668318044866, 'hidden_size': 12, 'dropout': 0.15223791240434686, 'hidden_continuous_size': 7, 'attention_head_size': 4, 'learning_rate': 0.008809260157503034}. Best is trial 2 with value: 23.224939346313477.
LOCAL_RANK: 0 - CUDA_VISIBLE_DEVICES: [0]
[I 2023-12-15 10:58:48,249] Trial 16 finished with value: 65.6511459350586 and parameters: {'gradient_clip_val': 0.5206335198901064, 'hidden_size': 23, 'dropout': 0.22188773204500906, 'hidden_continuous_size': 9, 'attention_head_size': 3, 'learning_rate': 0.0029734591806906256}. Best is trial 2 with value: 23.224939346313477.
LOCAL_RANK: 0 - CUDA_VISIBLE_DEVICES: [0]
[I 2023-12-15 10:59:36,466] Trial 17 finished with value: 22.64937400817871 and parameters: {'gradient_clip_val': 0.2827057109673531, 'hidden_size': 18, 'dropout': 0.2579932533323411, 'hidden_continuous_size': 8, 'attention_head_size': 4, 'learning_rate': 0.001408993707008177}. Best is trial 17 with value: 22.64937400817871.
LOCAL_RANK: 0 - CUDA_VISIBLE_DEVICES: [0]
[I 2023-12-15 11:00:21,942] Trial 18 finished with value: 22.395021438598633 and parameters: {'gradient_clip_val': 0.1041171489452429, 'hidden_size': 16, 'dropout': 0.2611036394853215, 'hidden_continuous_size': 7, 'attention_head_size': 3, 'learning_rate': 0.0012634896267241836}. Best is trial 18 with value: 22.395021438598633.
LOCAL_RANK: 0 - CUDA_VISIBLE_DEVICES: [0]
[I 2023-12-15 11:01:08,562] Trial 19 finished with value: 23.46375274658203 and parameters: {'gradient_clip_val': 0.10330681544782466, 'hidden_size': 17, 'dropout': 0.2611728215225128, 'hidden_continuous_size': 5, 'attention_head_size': 2, 'learning_rate': 0.0012398378670404671}. Best is trial 18 with value: 22.395021438598633.
LOCAL_RANK: 0 - CUDA_VISIBLE_DEVICES: [0]
[I 2023-12-15 11:01:54,921] Trial 20 finished with value: 25.776891708374023 and parameters: {'gradient_clip_val': 0.1354106367169271, 'hidden_size': 16, 'dropout': 0.2606754206681578, 'hidden_continuous_size': 8, 'attention_head_size': 4, 'learning_rate': 0.0011591506885886569}. Best is trial 18 with value: 22.395021438598633.
LOCAL_RANK: 0 - CUDA_VISIBLE_DEVICES: [0]
[I 2023-12-15 11:02:39,816] Trial 21 finished with value: 24.45969581604004 and parameters: {'gradient_clip_val': 0.1718324175515622, 'hidden_size': 12, 'dropout': 0.25194904580351773, 'hidden_continuous_size': 7, 'attention_head_size': 3, 'learning_rate': 0.0011555591694345927}. Best is trial 18 with value: 22.395021438598633.
LOCAL_RANK: 0 - CUDA_VISIBLE_DEVICES: [0]
[I 2023-12-15 11:03:28,737] Trial 22 finished with value: 20.508769989013672 and parameters: {'gradient_clip_val': 0.101778867268747, 'hidden_size': 21, 'dropout': 0.28045179644747203, 'hidden_continuous_size': 7, 'attention_head_size': 3, 'learning_rate': 0.0035960849982912733}. Best is trial 22 with value: 20.508769989013672.
LOCAL_RANK: 0 - CUDA_VISIBLE_DEVICES: [0]
[I 2023-12-15 11:04:18,030] Trial 23 finished with value: 28.77836799621582 and parameters: {'gradient_clip_val': 0.10505365660708393, 'hidden_size': 22, 'dropout': 0.27751746490173185, 'hidden_continuous_size': 8, 'attention_head_size': 3, 'learning_rate': 0.004095006567704998}. Best is trial 22 with value: 20.508769989013672.
LOCAL_RANK: 0 - CUDA_VISIBLE_DEVICES: [0]
[I 2023-12-15 11:05:04,073] Trial 24 finished with value: 28.518760681152344 and parameters: {'gradient_clip_val': 0.1368250801894353, 'hidden_size': 15, 'dropout': 0.23877812191789066, 'hidden_continuous_size': 7, 'attention_head_size': 2, 'learning_rate': 0.0018555375838322438}. Best is trial 22 with value: 20.508769989013672.
LOCAL_RANK: 0 - CUDA_VISIBLE_DEVICES: [0]
[I 2023-12-15 11:05:53,891] Trial 25 finished with value: 20.03144645690918 and parameters: {'gradient_clip_val': 0.12565982474835333, 'hidden_size': 25, 'dropout': 0.29099603319844214, 'hidden_continuous_size': 11, 'attention_head_size': 3, 'learning_rate': 0.0008707225406810882}. Best is trial 25 with value: 20.03144645690918.
LOCAL_RANK: 0 - CUDA_VISIBLE_DEVICES: [0]
[I 2023-12-15 11:06:43,490] Trial 26 finished with value: 23.2542781829834 and parameters: {'gradient_clip_val': 0.1003247121687772, 'hidden_size': 25, 'dropout': 0.3004482152680076, 'hidden_continuous_size': 12, 'attention_head_size': 3, 'learning_rate': 0.0008114689640421993}. Best is trial 25 with value: 20.03144645690918.
LOCAL_RANK: 0 - CUDA_VISIBLE_DEVICES: [0]
[I 2023-12-15 11:07:33,259] Trial 27 finished with value: 29.803796768188477 and parameters: {'gradient_clip_val': 0.11911676310373105, 'hidden_size': 27, 'dropout': 0.28190381951843163, 'hidden_continuous_size': 11, 'attention_head_size': 2, 'learning_rate': 0.0009265364434901698}. Best is trial 25 with value: 20.03144645690918.
LOCAL_RANK: 0 - CUDA_VISIBLE_DEVICES: [0]
[I 2023-12-15 11:08:22,436] Trial 28 finished with value: 28.47917366027832 and parameters: {'gradient_clip_val': 0.12819220047082686, 'hidden_size': 21, 'dropout': 0.34279733278883007, 'hidden_continuous_size': 10, 'attention_head_size': 3, 'learning_rate': 0.0005304936176589303}. Best is trial 25 with value: 20.03144645690918.
LOCAL_RANK: 0 - CUDA_VISIBLE_DEVICES: [0]
[I 2023-12-15 11:09:11,275] Trial 29 finished with value: 24.242143630981445 and parameters: {'gradient_clip_val': 0.1437168742956525, 'hidden_size': 29, 'dropout': 0.37155706903559477, 'hidden_continuous_size': 13, 'attention_head_size': 1, 'learning_rate': 0.001899938413370994}. Best is trial 25 with value: 20.03144645690918.
LOCAL_RANK: 0 - CUDA_VISIBLE_DEVICES: [0]
[I 2023-12-15 11:09:59,415] Trial 30 finished with value: 36.91566848754883 and parameters: {'gradient_clip_val': 0.11907820788114676, 'hidden_size': 20, 'dropout': 0.3229284167843008, 'hidden_continuous_size': 11, 'attention_head_size': 3, 'learning_rate': 0.002299692181672228}. Best is trial 25 with value: 20.03144645690918.
LOCAL_RANK: 0 - CUDA_VISIBLE_DEVICES: [0]
[I 2023-12-15 11:10:47,666] Trial 31 finished with value: 28.3941650390625 and parameters: {'gradient_clip_val': 0.10082097778663476, 'hidden_size': 18, 'dropout': 0.2707670486944441, 'hidden_continuous_size': 8, 'attention_head_size': 4, 'learning_rate': 0.0016040549589796263}. Best is trial 25 with value: 20.03144645690918.
LOCAL_RANK: 0 - CUDA_VISIBLE_DEVICES: [0]
[I 2023-12-15 11:11:36,125] Trial 32 finished with value: 22.174821853637695 and parameters: {'gradient_clip_val': 0.13864703786458335, 'hidden_size': 24, 'dropout': 0.2934394262450181, 'hidden_continuous_size': 9, 'attention_head_size': 3, 'learning_rate': 0.0014941064596384224}. Best is trial 25 with value: 20.03144645690918.
LOCAL_RANK: 0 - CUDA_VISIBLE_DEVICES: [0]
[I 2023-12-15 11:12:25,741] Trial 33 finished with value: 26.517316818237305 and parameters: {'gradient_clip_val': 0.15655982803131108, 'hidden_size': 25, 'dropout': 0.2949010325849324, 'hidden_continuous_size': 9, 'attention_head_size': 3, 'learning_rate': 0.0008341839874007699}. Best is trial 25 with value: 20.03144645690918.
LOCAL_RANK: 0 - CUDA_VISIBLE_DEVICES: [0]
[I 2023-12-15 11:13:12,047] Trial 34 finished with value: 26.68535041809082 and parameters: {'gradient_clip_val': 0.1350079105254544, 'hidden_size': 14, 'dropout': 0.3120982517310053, 'hidden_continuous_size': 6, 'attention_head_size': 3, 'learning_rate': 0.002893980525855366}. Best is trial 25 with value: 20.03144645690918.
LOCAL_RANK: 0 - CUDA_VISIBLE_DEVICES: [0]
[I 2023-12-15 11:14:01,357] Trial 35 finished with value: 22.41791343688965 and parameters: {'gradient_clip_val': 0.19027736145948448, 'hidden_size': 21, 'dropout': 0.27769640064746676, 'hidden_continuous_size': 11, 'attention_head_size': 3, 'learning_rate': 0.0016058246314648674}. Best is trial 25 with value: 20.03144645690918.
LOCAL_RANK: 0 - CUDA_VISIBLE_DEVICES: [0]
[I 2023-12-15 11:14:50,857] Trial 36 finished with value: 59.39164352416992 and parameters: {'gradient_clip_val': 0.11707317837089884, 'hidden_size': 31, 'dropout': 0.30498653231677403, 'hidden_continuous_size': 13, 'attention_head_size': 2, 'learning_rate': 0.00413800166043203}. Best is trial 25 with value: 20.03144645690918.
LOCAL_RANK: 0 - CUDA_VISIBLE_DEVICES: [0]
[I 2023-12-15 11:15:37,238] Trial 37 finished with value: 22.666433334350586 and parameters: {'gradient_clip_val': 0.17037578252408675, 'hidden_size': 14, 'dropout': 0.39660975670830734, 'hidden_continuous_size': 7, 'attention_head_size': 3, 'learning_rate': 0.002358472964836744}. Best is trial 25 with value: 20.03144645690918.
LOCAL_RANK: 0 - CUDA_VISIBLE_DEVICES: [0]
[I 2023-12-15 11:16:26,621] Trial 38 finished with value: 19.42298698425293 and parameters: {'gradient_clip_val': 0.2209580745216451, 'hidden_size': 25, 'dropout': 0.28575550159037455, 'hidden_continuous_size': 14, 'attention_head_size': 2, 'learning_rate': 0.0009683711480563337}. Best is trial 38 with value: 19.42298698425293.
LOCAL_RANK: 0 - CUDA_VISIBLE_DEVICES: [0]
[I 2023-12-15 11:17:17,364] Trial 39 finished with value: 29.448957443237305 and parameters: {'gradient_clip_val': 0.2153810785690111, 'hidden_size': 35, 'dropout': 0.29545438852379735, 'hidden_continuous_size': 15, 'attention_head_size': 1, 'learning_rate': 0.0009201664953933224}. Best is trial 38 with value: 19.42298698425293.
LOCAL_RANK: 0 - CUDA_VISIBLE_DEVICES: [0]
[I 2023-12-15 11:18:10,648] Trial 40 finished with value: 31.955331802368164 and parameters: {'gradient_clip_val': 0.18397864748960305, 'hidden_size': 46, 'dropout': 0.32960291351215437, 'hidden_continuous_size': 16, 'attention_head_size': 2, 'learning_rate': 0.002237373348227737}. Best is trial 38 with value: 19.42298698425293.
LOCAL_RANK: 0 - CUDA_VISIBLE_DEVICES: [0]
[I 2023-12-15 11:19:00,416] Trial 41 finished with value: 28.330171585083008 and parameters: {'gradient_clip_val': 0.1478023999086897, 'hidden_size': 26, 'dropout': 0.28364311394977865, 'hidden_continuous_size': 10, 'attention_head_size': 3, 'learning_rate': 0.0013583761899824663}. Best is trial 38 with value: 19.42298698425293.
LOCAL_RANK: 0 - CUDA_VISIBLE_DEVICES: [0]
[I 2023-12-15 11:19:49,894] Trial 42 finished with value: 44.31145095825195 and parameters: {'gradient_clip_val': 0.21955372828434086, 'hidden_size': 23, 'dropout': 0.2694939606816081, 'hidden_continuous_size': 14, 'attention_head_size': 2, 'learning_rate': 0.0007035935838612638}. Best is trial 38 with value: 19.42298698425293.
LOCAL_RANK: 0 - CUDA_VISIBLE_DEVICES: [0]
[I 2023-12-15 11:20:40,152] Trial 43 finished with value: 23.564035415649414 and parameters: {'gradient_clip_val': 0.11243083386125115, 'hidden_size': 29, 'dropout': 0.2488149721356638, 'hidden_continuous_size': 18, 'attention_head_size': 3, 'learning_rate': 0.0005108836041351542}. Best is trial 38 with value: 19.42298698425293.
LOCAL_RANK: 0 - CUDA_VISIBLE_DEVICES: [0]
[I 2023-12-15 11:21:28,835] Trial 44 finished with value: 25.43290138244629 and parameters: {'gradient_clip_val': 0.12621807499146934, 'hidden_size': 19, 'dropout': 0.28936583263009646, 'hidden_continuous_size': 12, 'attention_head_size': 2, 'learning_rate': 0.000994054418620509}. Best is trial 38 with value: 19.42298698425293.
LOCAL_RANK: 0 - CUDA_VISIBLE_DEVICES: [0]
[I 2023-12-15 11:22:17,616] Trial 45 finished with value: 19.249975204467773 and parameters: {'gradient_clip_val': 0.15416621192366423, 'hidden_size': 24, 'dropout': 0.3064232895353148, 'hidden_continuous_size': 12, 'attention_head_size': 3, 'learning_rate': 0.0007707466456103932}. Best is trial 45 with value: 19.249975204467773.
LOCAL_RANK: 0 - CUDA_VISIBLE_DEVICES: [0]
[I 2023-12-15 11:23:08,745] Trial 46 finished with value: 23.49872398376465 and parameters: {'gradient_clip_val': 0.15328200148894988, 'hidden_size': 34, 'dropout': 0.3122753500308697, 'hidden_continuous_size': 14, 'attention_head_size': 3, 'learning_rate': 0.0007001386845657113}. Best is trial 45 with value: 19.249975204467773.
LOCAL_RANK: 0 - CUDA_VISIBLE_DEVICES: [0]
[I 2023-12-15 11:24:00,727] Trial 47 finished with value: 27.3333740234375 and parameters: {'gradient_clip_val': 0.19619159410431772, 'hidden_size': 40, 'dropout': 0.30666105355678464, 'hidden_continuous_size': 16, 'attention_head_size': 2, 'learning_rate': 0.0007303604885083335}. Best is trial 45 with value: 19.249975204467773.
LOCAL_RANK: 0 - CUDA_VISIBLE_DEVICES: [0]
[I 2023-12-15 11:24:50,223] Trial 48 finished with value: 33.50278091430664 and parameters: {'gradient_clip_val': 0.17072436010628395, 'hidden_size': 29, 'dropout': 0.3214022661507184, 'hidden_continuous_size': 12, 'attention_head_size': 3, 'learning_rate': 0.0010109753147482063}. Best is trial 45 with value: 19.249975204467773.
LOCAL_RANK: 0 - CUDA_VISIBLE_DEVICES: [0]
[I 2023-12-15 11:25:37,784] Trial 49 finished with value: 27.612167358398438 and parameters: {'gradient_clip_val': 0.13934384550103646, 'hidden_size': 24, 'dropout': 0.2934553783168871, 'hidden_continuous_size': 10, 'attention_head_size': 1, 'learning_rate': 0.0006032344691940449}. Best is trial 45 with value: 19.249975204467773.
[I 2023-12-15 11:25:37,880] A new study created in memory with name: no-name-31c79152-3f83-4a9b-9945-c6bde6b31b4f
/home/le004/conda/anaconda3/envs/tsff_env/lib/python3.9/site-packages/lightning/fabric/plugins/environments/slurm.py:191: The `srun` command is available on your system but is not used. HINT: If your intention is to run Lightning on SLURM, prepend your python command with `srun` like so: srun python /home/le004/master_thesis/git/TSFusionForecast/code/ ...
LOCAL_RANK: 0 - CUDA_VISIBLE_DEVICES: [0]
[I 2023-12-15 11:26:15,054] Trial 0 finished with value: 10.455917358398438 and parameters: {'gradient_clip_val': 0.40412580994568176, 'hidden_size': 5, 'dropout': 0.3281921942174485, 'hidden_continuous_size': 5, 'attention_head_size': 3, 'learning_rate': 0.0009671299997844782}. Best is trial 0 with value: 10.455917358398438.
LOCAL_RANK: 0 - CUDA_VISIBLE_DEVICES: [0]
[I 2023-12-15 11:27:09,714] Trial 1 finished with value: 4.307731628417969 and parameters: {'gradient_clip_val': 0.20138881785159038, 'hidden_size': 68, 'dropout': 0.1539537916753179, 'hidden_continuous_size': 34, 'attention_head_size': 2, 'learning_rate': 0.001678370556559484}. Best is trial 1 with value: 4.307731628417969.
LOCAL_RANK: 0 - CUDA_VISIBLE_DEVICES: [0]
[I 2023-12-15 11:28:00,895] Trial 2 finished with value: 4.781172275543213 and parameters: {'gradient_clip_val': 0.2163004078834153, 'hidden_size': 43, 'dropout': 0.10182452182584094, 'hidden_continuous_size': 5, 'attention_head_size': 4, 'learning_rate': 0.015533755275371788}. Best is trial 1 with value: 4.307731628417969.
LOCAL_RANK: 0 - CUDA_VISIBLE_DEVICES: [0]
[I 2023-12-15 11:28:56,745] Trial 3 finished with value: 5.090219974517822 and parameters: {'gradient_clip_val': 0.18445835872027583, 'hidden_size': 84, 'dropout': 0.2745873331753959, 'hidden_continuous_size': 51, 'attention_head_size': 1, 'learning_rate': 0.000752054712338886}. Best is trial 1 with value: 4.307731628417969.
LOCAL_RANK: 0 - CUDA_VISIBLE_DEVICES: [0]
[I 2023-12-15 11:29:43,635] Trial 4 finished with value: 3.4668161869049072 and parameters: {'gradient_clip_val': 0.11089286999090046, 'hidden_size': 17, 'dropout': 0.2791438177185737, 'hidden_continuous_size': 6, 'attention_head_size': 2, 'learning_rate': 0.003801631652835741}. Best is trial 4 with value: 3.4668161869049072.
LOCAL_RANK: 0 - CUDA_VISIBLE_DEVICES: [0]
[I 2023-12-15 11:30:38,922] Trial 5 finished with value: 5.869950771331787 and parameters: {'gradient_clip_val': 0.39680528194751236, 'hidden_size': 87, 'dropout': 0.1954738187814452, 'hidden_continuous_size': 17, 'attention_head_size': 3, 'learning_rate': 0.028989004295337795}. Best is trial 4 with value: 3.4668161869049072.
LOCAL_RANK: 0 - CUDA_VISIBLE_DEVICES: [0]
