[I 2023-12-26 17:55:27,140] Trial 7 finished with value: 6890.57177734375 and parameters: {'gradient_clip_val': 0.14472049919219734, 'hidden_size': 26, 'dropout': 0.39160696054561417, 'hidden_continuous_size': 5, 'attention_head_size': 2, 'learning_rate': 0.0010531336748244345}. Best is trial 0 with value: 1848.0218505859375.
[I 2023-12-26 17:55:30,285] Trial 8 finished with value: 4932.177734375 and parameters: {'gradient_clip_val': 0.5106809460525114, 'hidden_size': 59, 'dropout': 0.4934201385797241, 'hidden_continuous_size': 10, 'attention_head_size': 3, 'learning_rate': 0.06480554886012667}. Best is trial 0 with value: 1848.0218505859375.
[I 2023-12-26 17:55:32,799] Trial 9 finished with value: 4926.32177734375 and parameters: {'gradient_clip_val': 0.24216143559350217, 'hidden_size': 31, 'dropout': 0.4166496097990017, 'hidden_continuous_size': 26, 'attention_head_size': 2, 'learning_rate': 0.00530388685467291}. Best is trial 0 with value: 1848.0218505859375.
[I 2023-12-26 17:55:41,044] Trial 10 finished with value: 5018.2001953125 and parameters: {'gradient_clip_val': 0.6797082348744297, 'hidden_size': 125, 'dropout': 0.274729414802365, 'hidden_continuous_size': 119, 'attention_head_size': 2, 'learning_rate': 0.0005678037887681702}. Best is trial 0 with value: 1848.0218505859375.
[I 2023-12-26 17:55:48,564] Trial 11 finished with value: 5722.037109375 and parameters: {'gradient_clip_val': 0.9561516700102086, 'hidden_size': 132, 'dropout': 0.10362257044397183, 'hidden_continuous_size': 9, 'attention_head_size': 4, 'learning_rate': 0.012371490534271657}. Best is trial 0 with value: 1848.0218505859375.
[I 2023-12-26 17:55:50,536] Trial 12 finished with value: 4139.78173828125 and parameters: {'gradient_clip_val': 0.768079452619748, 'hidden_size': 12, 'dropout': 0.2358728761632426, 'hidden_continuous_size': 5, 'attention_head_size': 3, 'learning_rate': 0.021621398338968645}. Best is trial 0 with value: 1848.0218505859375.
[I 2023-12-26 17:55:52,510] Trial 13 finished with value: 6274.10986328125 and parameters: {'gradient_clip_val': 0.6636875489760721, 'hidden_size': 10, 'dropout': 0.2635080773950647, 'hidden_continuous_size': 6, 'attention_head_size': 3, 'learning_rate': 0.04887373846430264}. Best is trial 0 with value: 1848.0218505859375.
[I 2023-12-26 17:55:54,426] Trial 14 finished with value: 5278.41845703125 and parameters: {'gradient_clip_val': 0.6331897626261294, 'hidden_size': 5, 'dropout': 0.20778834719392614, 'hidden_continuous_size': 5, 'attention_head_size': 2, 'learning_rate': 0.002040662866223862}. Best is trial 0 with value: 1848.0218505859375.
[I 2023-12-26 17:55:57,586] Trial 15 finished with value: 6524.75 and parameters: {'gradient_clip_val': 0.27647680700401894, 'hidden_size': 64, 'dropout': 0.32156861526659053, 'hidden_continuous_size': 8, 'attention_head_size': 4, 'learning_rate': 0.008063637270115099}. Best is trial 0 with value: 1848.0218505859375.
[I 2023-12-26 17:56:03,122] Trial 16 finished with value: 4876.88916015625 and parameters: {'gradient_clip_val': 0.9971327362914387, 'hidden_size': 101, 'dropout': 0.22221748484733245, 'hidden_continuous_size': 13, 'attention_head_size': 1, 'learning_rate': 0.030872875888091247}. Best is trial 0 with value: 1848.0218505859375.
[I 2023-12-26 17:56:05,608] Trial 17 finished with value: 4678.859375 and parameters: {'gradient_clip_val': 0.6941952514204811, 'hidden_size': 40, 'dropout': 0.31821707153254053, 'hidden_continuous_size': 7, 'attention_head_size': 2, 'learning_rate': 0.007819260303792295}. Best is trial 0 with value: 1848.0218505859375.
[I 2023-12-26 17:56:13,576] Trial 18 finished with value: 6582.89013671875 and parameters: {'gradient_clip_val': 0.7681515260148791, 'hidden_size': 139, 'dropout': 0.19001632099997529, 'hidden_continuous_size': 11, 'attention_head_size': 3, 'learning_rate': 0.08997946132104576}. Best is trial 0 with value: 1848.0218505859375.
[I 2023-12-26 17:56:18,433] Trial 19 finished with value: 4630.38037109375 and parameters: {'gradient_clip_val': 0.5315380512403753, 'hidden_size': 90, 'dropout': 0.3501216254450534, 'hidden_continuous_size': 8, 'attention_head_size': 4, 'learning_rate': 0.022623697778429406}. Best is trial 0 with value: 1848.0218505859375.
[I 2023-12-26 17:56:20,431] Trial 20 finished with value: 6235.65478515625 and parameters: {'gradient_clip_val': 0.7668503608516901, 'hidden_size': 18, 'dropout': 0.4382542896887223, 'hidden_continuous_size': 6, 'attention_head_size': 1, 'learning_rate': 0.010550519522852781}. Best is trial 0 with value: 1848.0218505859375.
[I 2023-12-26 17:56:24,883] Trial 21 finished with value: 6154.86474609375 and parameters: {'gradient_clip_val': 0.5685624661104085, 'hidden_size': 88, 'dropout': 0.3471684782619575, 'hidden_continuous_size': 8, 'attention_head_size': 4, 'learning_rate': 0.02497315988261276}. Best is trial 0 with value: 1848.0218505859375.
[I 2023-12-26 17:56:33,466] Trial 22 finished with value: 5520.07958984375 and parameters: {'gradient_clip_val': 0.5552866056107134, 'hidden_size': 150, 'dropout': 0.3386279599393564, 'hidden_continuous_size': 11, 'attention_head_size': 4, 'learning_rate': 0.030816056239420804}. Best is trial 0 with value: 1848.0218505859375.
[I 2023-12-26 17:56:37,109] Trial 23 finished with value: 4689.771484375 and parameters: {'gradient_clip_val': 0.8138369656039074, 'hidden_size': 70, 'dropout': 0.286801406626375, 'hidden_continuous_size': 7, 'attention_head_size': 3, 'learning_rate': 0.017270243448600897}. Best is trial 0 with value: 1848.0218505859375.
[I 2023-12-26 17:56:42,886] Trial 24 finished with value: 5858.630859375 and parameters: {'gradient_clip_val': 0.80265056427383, 'hidden_size': 105, 'dropout': 0.35721377073904714, 'hidden_continuous_size': 14, 'attention_head_size': 4, 'learning_rate': 0.006865176981013512}. Best is trial 0 with value: 1848.0218505859375.
[I 2023-12-26 17:56:47,210] Trial 25 finished with value: 3793.671630859375 and parameters: {'gradient_clip_val': 0.5808084695816764, 'hidden_size': 83, 'dropout': 0.3072329072245692, 'hidden_continuous_size': 10, 'attention_head_size': 3, 'learning_rate': 0.038996915616670416}. Best is trial 0 with value: 1848.0218505859375.
[I 2023-12-26 17:56:50,247] Trial 26 finished with value: 6574.556640625 and parameters: {'gradient_clip_val': 0.6411247861541869, 'hidden_size': 46, 'dropout': 0.30499930630244143, 'hidden_continuous_size': 10, 'attention_head_size': 3, 'learning_rate': 0.04216257551924451}. Best is trial 0 with value: 1848.0218505859375.
[I 2023-12-26 17:56:56,356] Trial 27 finished with value: 5576.86083984375 and parameters: {'gradient_clip_val': 0.7874394958771822, 'hidden_size': 112, 'dropout': 0.2689063715325558, 'hidden_continuous_size': 19, 'attention_head_size': 2, 'learning_rate': 0.04512999978753863}. Best is trial 0 with value: 1848.0218505859375.
[I 2023-12-26 17:57:00,282] Trial 28 finished with value: 6187.97900390625 and parameters: {'gradient_clip_val': 0.9083778648344347, 'hidden_size': 76, 'dropout': 0.23515918054709622, 'hidden_continuous_size': 6, 'attention_head_size': 3, 'learning_rate': 0.012095654965576531}. Best is trial 0 with value: 1848.0218505859375.
[I 2023-12-26 17:57:04,632] Trial 29 finished with value: 5575.98046875 and parameters: {'gradient_clip_val': 0.4511534209233672, 'hidden_size': 84, 'dropout': 0.1467266973029451, 'hidden_continuous_size': 12, 'attention_head_size': 2, 'learning_rate': 0.09966124379039147}. Best is trial 0 with value: 1848.0218505859375.
[I 2023-12-26 17:57:07,765] Trial 30 finished with value: 5789.40087890625 and parameters: {'gradient_clip_val': 0.9654333738719532, 'hidden_size': 57, 'dropout': 0.2511913486999166, 'hidden_continuous_size': 13, 'attention_head_size': 3, 'learning_rate': 0.0028962207777518405}. Best is trial 0 with value: 1848.0218505859375.
[I 2023-12-26 17:57:12,561] Trial 31 finished with value: 5497.49267578125 and parameters: {'gradient_clip_val': 0.5165527241020051, 'hidden_size': 90, 'dropout': 0.28764746874065494, 'hidden_continuous_size': 9, 'attention_head_size': 4, 'learning_rate': 0.023502140571011236}. Best is trial 0 with value: 1848.0218505859375.
[I 2023-12-26 17:57:18,669] Trial 32 finished with value: 7247.91357421875 and parameters: {'gradient_clip_val': 0.5868866070667398, 'hidden_size': 109, 'dropout': 0.3216624869183281, 'hidden_continuous_size': 8, 'attention_head_size': 4, 'learning_rate': 0.032291157803931526}. Best is trial 0 with value: 1848.0218505859375.
[I 2023-12-26 17:57:23,273] Trial 33 finished with value: 5734.80419921875 and parameters: {'gradient_clip_val': 0.40025754788273676, 'hidden_size': 85, 'dropout': 0.3683628929549593, 'hidden_continuous_size': 15, 'attention_head_size': 3, 'learning_rate': 0.0049017535314904385}. Best is trial 0 with value: 1848.0218505859375.
[I 2023-12-26 17:57:26,830] Trial 34 finished with value: 4704.20361328125 and parameters: {'gradient_clip_val': 0.5879713852327897, 'hidden_size': 70, 'dropout': 0.29947594707450487, 'hidden_continuous_size': 7, 'attention_head_size': 1, 'learning_rate': 0.02185761664589137}. Best is trial 0 with value: 1848.0218505859375.
[I 2023-12-26 17:57:35,358] Trial 35 finished with value: 4153.6474609375 and parameters: {'gradient_clip_val': 0.7012999240560412, 'hidden_size': 149, 'dropout': 0.3369022692863437, 'hidden_continuous_size': 20, 'attention_head_size': 4, 'learning_rate': 0.014094741164051641}. Best is trial 0 with value: 1848.0218505859375.
[I 2023-12-26 17:57:42,529] Trial 36 finished with value: 5555.74658203125 and parameters: {'gradient_clip_val': 0.8331075003184862, 'hidden_size': 123, 'dropout': 0.3302535800156606, 'hidden_continuous_size': 31, 'attention_head_size': 3, 'learning_rate': 0.01389309018880027}. Best is trial 0 with value: 1848.0218505859375.
[I 2023-12-26 17:57:50,893] Trial 37 finished with value: 5393.568359375 and parameters: {'gradient_clip_val': 0.7005824862879018, 'hidden_size': 147, 'dropout': 0.3733411898310368, 'hidden_continuous_size': 18, 'attention_head_size': 1, 'learning_rate': 0.0014777659314717027}. Best is trial 0 with value: 1848.0218505859375.
[I 2023-12-26 17:57:59,509] Trial 38 finished with value: 4789.11279296875 and parameters: {'gradient_clip_val': 0.872822280302205, 'hidden_size': 148, 'dropout': 0.3017492843269322, 'hidden_continuous_size': 22, 'attention_head_size': 3, 'learning_rate': 0.009908491883539218}. Best is trial 0 with value: 1848.0218505859375.
[I 2023-12-26 17:58:05,705] Trial 39 finished with value: 5458.55224609375 and parameters: {'gradient_clip_val': 0.46199823474518725, 'hidden_size': 111, 'dropout': 0.38360442383312704, 'hidden_continuous_size': 16, 'attention_head_size': 2, 'learning_rate': 0.016579421636966844}. Best is trial 0 with value: 1848.0218505859375.
[I 2023-12-26 17:58:08,350] Trial 40 finished with value: 5851.81884765625 and parameters: {'gradient_clip_val': 0.35695489194600877, 'hidden_size': 48, 'dropout': 0.24941731215412344, 'hidden_continuous_size': 12, 'attention_head_size': 3, 'learning_rate': 0.0006962829773657319}. Best is trial 0 with value: 1848.0218505859375.
[I 2023-12-26 17:58:13,632] Trial 41 finished with value: 6058.94091796875 and parameters: {'gradient_clip_val': 0.7303397084465894, 'hidden_size': 97, 'dropout': 0.34504312652103397, 'hidden_continuous_size': 16, 'attention_head_size': 4, 'learning_rate': 0.019401063690420668}. Best is trial 0 with value: 1848.0218505859375.
[I 2023-12-26 17:58:20,165] Trial 42 finished with value: 5406.66650390625 and parameters: {'gradient_clip_val': 0.5185213259050534, 'hidden_size': 120, 'dropout': 0.34451924338206363, 'hidden_continuous_size': 10, 'attention_head_size': 4, 'learning_rate': 0.015452170529913016}. Best is trial 0 with value: 1848.0218505859375.
[I 2023-12-26 17:58:24,299] Trial 43 finished with value: 4323.05078125 and parameters: {'gradient_clip_val': 0.8493828561821877, 'hidden_size': 78, 'dropout': 0.4012285055708229, 'hidden_continuous_size': 5, 'attention_head_size': 4, 'learning_rate': 0.0008404781162010503}. Best is trial 0 with value: 1848.0218505859375.
[I 2023-12-26 17:58:28,033] Trial 44 finished with value: 5503.55078125 and parameters: {'gradient_clip_val': 0.887488741532133, 'hidden_size': 73, 'dropout': 0.4030203269607432, 'hidden_continuous_size': 5, 'attention_head_size': 4, 'learning_rate': 0.0005073294961926565}. Best is trial 0 with value: 1848.0218505859375.
[I 2023-12-26 17:58:34,901] Trial 45 finished with value: 4371.58056640625 and parameters: {'gradient_clip_val': 0.9857793190227391, 'hidden_size': 123, 'dropout': 0.3679062595642943, 'hidden_continuous_size': 5, 'attention_head_size': 4, 'learning_rate': 0.0009453013798548108}. Best is trial 0 with value: 1848.0218505859375.
[I 2023-12-26 17:58:37,905] Trial 46 finished with value: 5942.25634765625 and parameters: {'gradient_clip_val': 0.725209573429897, 'hidden_size': 54, 'dropout': 0.4126732024824695, 'hidden_continuous_size': 6, 'attention_head_size': 3, 'learning_rate': 0.000670083341448346}. Best is trial 0 with value: 1848.0218505859375.
[I 2023-12-26 17:58:42,984] Trial 47 finished with value: 4731.43359375 and parameters: {'gradient_clip_val': 0.6220775650372979, 'hidden_size': 96, 'dropout': 0.39741549688978056, 'hidden_continuous_size': 22, 'attention_head_size': 4, 'learning_rate': 0.0012308498556680217}. Best is trial 0 with value: 1848.0218505859375.
[I 2023-12-26 17:58:46,073] Trial 48 finished with value: 6204.43505859375 and parameters: {'gradient_clip_val': 0.8672797736647747, 'hidden_size': 64, 'dropout': 0.44241605626739144, 'hidden_continuous_size': 5, 'attention_head_size': 2, 'learning_rate': 0.0007973973446988064}. Best is trial 0 with value: 1848.0218505859375.
[I 2023-12-26 17:58:53,461] Trial 49 finished with value: 5575.26171875 and parameters: {'gradient_clip_val': 0.6803335844303646, 'hidden_size': 130, 'dropout': 0.32673614206808915, 'hidden_continuous_size': 27, 'attention_head_size': 3, 'learning_rate': 0.0019533394378526327}. Best is trial 0 with value: 1848.0218505859375.
