[I 2023-12-15 21:33:01,744] Trial 8 finished with value: 50.23976516723633 and parameters: {'gradient_clip_val': 0.6887517084678957, 'hidden_size': 34, 'dropout': 0.31573624730614, 'hidden_continuous_size': 10, 'attention_head_size': 1, 'learning_rate': 0.0012619134128185336}. Best is trial 8 with value: 50.23976516723633.
LOCAL_RANK: 0 - CUDA_VISIBLE_DEVICES: [0]
[I 2023-12-15 21:33:35,861] Trial 9 finished with value: 102.82500457763672 and parameters: {'gradient_clip_val': 0.15726438423115366, 'hidden_size': 12, 'dropout': 0.1009243325430515, 'hidden_continuous_size': 12, 'attention_head_size': 2, 'learning_rate': 0.012796951549545129}. Best is trial 8 with value: 50.23976516723633.
LOCAL_RANK: 0 - CUDA_VISIBLE_DEVICES: [0]
[I 2023-12-15 21:34:30,504] Trial 10 finished with value: 85.84455108642578 and parameters: {'gradient_clip_val': 0.5508843954165564, 'hidden_size': 84, 'dropout': 0.30141359723083655, 'hidden_continuous_size': 63, 'attention_head_size': 1, 'learning_rate': 0.0011289547094452503}. Best is trial 8 with value: 50.23976516723633.
LOCAL_RANK: 0 - CUDA_VISIBLE_DEVICES: [0]
[I 2023-12-15 21:35:22,959] Trial 11 finished with value: 55.06776809692383 and parameters: {'gradient_clip_val': 0.41042692647156087, 'hidden_size': 52, 'dropout': 0.3840355840381031, 'hidden_continuous_size': 17, 'attention_head_size': 3, 'learning_rate': 0.0005761279676581031}. Best is trial 8 with value: 50.23976516723633.
LOCAL_RANK: 0 - CUDA_VISIBLE_DEVICES: [0]
[I 2023-12-15 21:36:11,578] Trial 12 finished with value: 54.21781539916992 and parameters: {'gradient_clip_val': 0.5169420991808604, 'hidden_size': 27, 'dropout': 0.3991460982637696, 'hidden_continuous_size': 12, 'attention_head_size': 1, 'learning_rate': 0.0005458830472941274}. Best is trial 8 with value: 50.23976516723633.
LOCAL_RANK: 0 - CUDA_VISIBLE_DEVICES: [0]
[I 2023-12-15 21:36:59,808] Trial 13 finished with value: 51.75675582885742 and parameters: {'gradient_clip_val': 0.6241752694671465, 'hidden_size': 22, 'dropout': 0.3992469157855909, 'hidden_continuous_size': 10, 'attention_head_size': 1, 'learning_rate': 0.002801271538273473}. Best is trial 8 with value: 50.23976516723633.
LOCAL_RANK: 0 - CUDA_VISIBLE_DEVICES: [0]
[I 2023-12-15 21:37:46,538] Trial 14 finished with value: 52.79937744140625 and parameters: {'gradient_clip_val': 0.7196993384445823, 'hidden_size': 18, 'dropout': 0.2883246992053757, 'hidden_continuous_size': 8, 'attention_head_size': 1, 'learning_rate': 0.002751448304534594}. Best is trial 8 with value: 50.23976516723633.
LOCAL_RANK: 0 - CUDA_VISIBLE_DEVICES: [0]
[I 2023-12-15 21:38:33,817] Trial 15 finished with value: 84.69570922851562 and parameters: {'gradient_clip_val': 0.6196791498549228, 'hidden_size': 24, 'dropout': 0.28127110305959463, 'hidden_continuous_size': 10, 'attention_head_size': 1, 'learning_rate': 0.003161241779400791}. Best is trial 8 with value: 50.23976516723633.
LOCAL_RANK: 0 - CUDA_VISIBLE_DEVICES: [0]
[I 2023-12-15 21:39:19,295] Trial 16 finished with value: 43.38334655761719 and parameters: {'gradient_clip_val': 0.9561133639410933, 'hidden_size': 13, 'dropout': 0.33110093010919944, 'hidden_continuous_size': 6, 'attention_head_size': 2, 'learning_rate': 0.0054772217201031455}. Best is trial 16 with value: 43.38334655761719.
LOCAL_RANK: 0 - CUDA_VISIBLE_DEVICES: [0]
[I 2023-12-15 21:40:03,526] Trial 17 finished with value: 93.10958862304688 and parameters: {'gradient_clip_val': 0.9733675483435711, 'hidden_size': 12, 'dropout': 0.3198200856921508, 'hidden_continuous_size': 6, 'attention_head_size': 2, 'learning_rate': 0.006303553125609341}. Best is trial 16 with value: 43.38334655761719.
LOCAL_RANK: 0 - CUDA_VISIBLE_DEVICES: [0]
[I 2023-12-15 21:40:49,097] Trial 18 finished with value: 40.33256149291992 and parameters: {'gradient_clip_val': 0.9660199085812526, 'hidden_size': 11, 'dropout': 0.26149768247049326, 'hidden_continuous_size': 6, 'attention_head_size': 2, 'learning_rate': 0.0016062364594817402}. Best is trial 18 with value: 40.33256149291992.
LOCAL_RANK: 0 - CUDA_VISIBLE_DEVICES: [0]
[I 2023-12-15 21:41:34,450] Trial 19 finished with value: 39.02464294433594 and parameters: {'gradient_clip_val': 0.8241937655183598, 'hidden_size': 10, 'dropout': 0.26285927932527464, 'hidden_continuous_size': 6, 'attention_head_size': 2, 'learning_rate': 0.00736525905213178}. Best is trial 19 with value: 39.02464294433594.
LOCAL_RANK: 0 - CUDA_VISIBLE_DEVICES: [0]
[I 2023-12-15 21:42:18,209] Trial 20 finished with value: 92.54322052001953 and parameters: {'gradient_clip_val': 0.7760129279842066, 'hidden_size': 8, 'dropout': 0.2533896687071945, 'hidden_continuous_size': 5, 'attention_head_size': 2, 'learning_rate': 0.008251686142506308}. Best is trial 19 with value: 39.02464294433594.
LOCAL_RANK: 0 - CUDA_VISIBLE_DEVICES: [0]
[I 2023-12-15 21:43:03,820] Trial 21 finished with value: 33.76299285888672 and parameters: {'gradient_clip_val': 0.9417083341517152, 'hidden_size': 14, 'dropout': 0.2640652260867743, 'hidden_continuous_size': 6, 'attention_head_size': 2, 'learning_rate': 0.005040106579237317}. Best is trial 21 with value: 33.76299285888672.
LOCAL_RANK: 0 - CUDA_VISIBLE_DEVICES: [0]
[I 2023-12-15 21:43:49,144] Trial 22 finished with value: 54.5932731628418 and parameters: {'gradient_clip_val': 0.9813841682835519, 'hidden_size': 14, 'dropout': 0.26674180085807553, 'hidden_continuous_size': 6, 'attention_head_size': 2, 'learning_rate': 0.001875689443280517}. Best is trial 21 with value: 33.76299285888672.
LOCAL_RANK: 0 - CUDA_VISIBLE_DEVICES: [0]
[I 2023-12-15 21:44:34,407] Trial 23 finished with value: 68.1834945678711 and parameters: {'gradient_clip_val': 0.806565808247607, 'hidden_size': 9, 'dropout': 0.24539904508077634, 'hidden_continuous_size': 6, 'attention_head_size': 2, 'learning_rate': 0.004205987394576595}. Best is trial 21 with value: 33.76299285888672.
LOCAL_RANK: 0 - CUDA_VISIBLE_DEVICES: [0]
[I 2023-12-15 21:45:20,117] Trial 24 finished with value: 48.06693649291992 and parameters: {'gradient_clip_val': 0.8419049427567047, 'hidden_size': 10, 'dropout': 0.2693386779476001, 'hidden_continuous_size': 6, 'attention_head_size': 3, 'learning_rate': 0.0019519415252856537}. Best is trial 21 with value: 33.76299285888672.
LOCAL_RANK: 0 - CUDA_VISIBLE_DEVICES: [0]
[I 2023-12-15 21:46:05,137] Trial 25 finished with value: 77.90512084960938 and parameters: {'gradient_clip_val': 0.48430856225050056, 'hidden_size': 7, 'dropout': 0.24284668826145653, 'hidden_continuous_size': 5, 'attention_head_size': 2, 'learning_rate': 0.006890132719373092}. Best is trial 21 with value: 33.76299285888672.
LOCAL_RANK: 0 - CUDA_VISIBLE_DEVICES: [0]
[I 2023-12-15 21:46:51,203] Trial 26 finished with value: 44.37339401245117 and parameters: {'gradient_clip_val': 0.6486040180800631, 'hidden_size': 15, 'dropout': 0.29771259448012527, 'hidden_continuous_size': 7, 'attention_head_size': 3, 'learning_rate': 0.00884628125065203}. Best is trial 21 with value: 33.76299285888672.
LOCAL_RANK: 0 - CUDA_VISIBLE_DEVICES: [0]
[I 2023-12-15 21:47:36,438] Trial 27 finished with value: 59.999176025390625 and parameters: {'gradient_clip_val': 0.8018020613754537, 'hidden_size': 10, 'dropout': 0.19153489025570353, 'hidden_continuous_size': 6, 'attention_head_size': 2, 'learning_rate': 0.0045401425903960485}. Best is trial 21 with value: 33.76299285888672.
LOCAL_RANK: 0 - CUDA_VISIBLE_DEVICES: [0]
[I 2023-12-15 21:48:21,140] Trial 28 finished with value: 29.2705078125 and parameters: {'gradient_clip_val': 0.8436014433498346, 'hidden_size': 16, 'dropout': 0.23250491972986, 'hidden_continuous_size': 7, 'attention_head_size': 2, 'learning_rate': 0.0021347271104931926}. Best is trial 28 with value: 29.2705078125.
LOCAL_RANK: 0 - CUDA_VISIBLE_DEVICES: [0]
[I 2023-12-15 21:49:06,608] Trial 29 finished with value: 54.00211715698242 and parameters: {'gradient_clip_val': 0.5934552529857297, 'hidden_size': 15, 'dropout': 0.24280387821443328, 'hidden_continuous_size': 7, 'attention_head_size': 2, 'learning_rate': 0.002649534055378316}. Best is trial 28 with value: 29.2705078125.
LOCAL_RANK: 0 - CUDA_VISIBLE_DEVICES: [0]
[I 2023-12-15 21:49:52,207] Trial 30 finished with value: 112.89710235595703 and parameters: {'gradient_clip_val': 0.6994641993548363, 'hidden_size': 6, 'dropout': 0.22244599140709428, 'hidden_continuous_size': 5, 'attention_head_size': 3, 'learning_rate': 0.004772574757980007}. Best is trial 28 with value: 29.2705078125.
LOCAL_RANK: 0 - CUDA_VISIBLE_DEVICES: [0]
[I 2023-12-15 21:50:37,623] Trial 31 finished with value: 68.99654388427734 and parameters: {'gradient_clip_val': 0.9931826213676176, 'hidden_size': 11, 'dropout': 0.27229516719107244, 'hidden_continuous_size': 6, 'attention_head_size': 2, 'learning_rate': 0.0037595171543937634}. Best is trial 28 with value: 29.2705078125.
LOCAL_RANK: 0 - CUDA_VISIBLE_DEVICES: [0]
[I 2023-12-15 21:51:23,988] Trial 32 finished with value: 70.19223022460938 and parameters: {'gradient_clip_val': 0.8666851667693494, 'hidden_size': 17, 'dropout': 0.22412312242931362, 'hidden_continuous_size': 7, 'attention_head_size': 2, 'learning_rate': 0.0018064911178716444}. Best is trial 28 with value: 29.2705078125.
LOCAL_RANK: 0 - CUDA_VISIBLE_DEVICES: [0]
[I 2023-12-15 21:52:09,328] Trial 33 finished with value: 60.26279067993164 and parameters: {'gradient_clip_val': 0.8595862349275782, 'hidden_size': 11, 'dropout': 0.26110520010457605, 'hidden_continuous_size': 6, 'attention_head_size': 2, 'learning_rate': 0.005839753613570825}. Best is trial 28 with value: 29.2705078125.
LOCAL_RANK: 0 - CUDA_VISIBLE_DEVICES: [0]
[I 2023-12-15 21:52:53,966] Trial 34 finished with value: 68.7890396118164 and parameters: {'gradient_clip_val': 0.7258521154029458, 'hidden_size': 16, 'dropout': 0.2348008952123303, 'hidden_continuous_size': 7, 'attention_head_size': 2, 'learning_rate': 0.00909988741479901}. Best is trial 28 with value: 29.2705078125.
LOCAL_RANK: 0 - CUDA_VISIBLE_DEVICES: [0]
[I 2023-12-15 21:53:39,434] Trial 35 finished with value: 61.21412658691406 and parameters: {'gradient_clip_val': 0.8859311509196707, 'hidden_size': 13, 'dropout': 0.257186681677262, 'hidden_continuous_size': 5, 'attention_head_size': 2, 'learning_rate': 0.0014302365580065091}. Best is trial 28 with value: 29.2705078125.
LOCAL_RANK: 0 - CUDA_VISIBLE_DEVICES: [0]
[I 2023-12-15 21:54:25,496] Trial 36 finished with value: 99.17179107666016 and parameters: {'gradient_clip_val': 0.9951564010785525, 'hidden_size': 9, 'dropout': 0.20572501485997235, 'hidden_continuous_size': 6, 'attention_head_size': 4, 'learning_rate': 0.0008201702408963799}. Best is trial 28 with value: 29.2705078125.
LOCAL_RANK: 0 - CUDA_VISIBLE_DEVICES: [0]
[I 2023-12-15 21:55:11,822] Trial 37 finished with value: 30.125398635864258 and parameters: {'gradient_clip_val': 0.7647434563037884, 'hidden_size': 20, 'dropout': 0.28217651300412183, 'hidden_continuous_size': 8, 'attention_head_size': 1, 'learning_rate': 0.0022625353815212464}. Best is trial 28 with value: 29.2705078125.
LOCAL_RANK: 0 - CUDA_VISIBLE_DEVICES: [0]
[I 2023-12-15 21:55:58,462] Trial 38 finished with value: 37.219356536865234 and parameters: {'gradient_clip_val': 0.7443238998136086, 'hidden_size': 18, 'dropout': 0.2829553735935829, 'hidden_continuous_size': 8, 'attention_head_size': 1, 'learning_rate': 0.00206915501143614}. Best is trial 28 with value: 29.2705078125.
LOCAL_RANK: 0 - CUDA_VISIBLE_DEVICES: [0]
[I 2023-12-15 21:56:45,732] Trial 39 finished with value: 36.70583724975586 and parameters: {'gradient_clip_val': 0.46377636053792315, 'hidden_size': 19, 'dropout': 0.30150223721776404, 'hidden_continuous_size': 8, 'attention_head_size': 1, 'learning_rate': 0.002267272960035203}. Best is trial 28 with value: 29.2705078125.
LOCAL_RANK: 0 - CUDA_VISIBLE_DEVICES: [0]
[I 2023-12-15 21:57:31,965] Trial 40 finished with value: 62.31625747680664 and parameters: {'gradient_clip_val': 0.4667409335969298, 'hidden_size': 20, 'dropout': 0.312066837360803, 'hidden_continuous_size': 8, 'attention_head_size': 1, 'learning_rate': 0.0023046886292695024}. Best is trial 28 with value: 29.2705078125.
LOCAL_RANK: 0 - CUDA_VISIBLE_DEVICES: [0]
[I 2023-12-15 21:58:18,949] Trial 41 finished with value: 72.9036636352539 and parameters: {'gradient_clip_val': 0.687703973406268, 'hidden_size': 19, 'dropout': 0.28159663530895895, 'hidden_continuous_size': 8, 'attention_head_size': 1, 'learning_rate': 0.0022552264864244475}. Best is trial 28 with value: 29.2705078125.
LOCAL_RANK: 0 - CUDA_VISIBLE_DEVICES: [0]
[I 2023-12-15 21:59:05,228] Trial 42 finished with value: 59.785247802734375 and parameters: {'gradient_clip_val': 0.5853399326409938, 'hidden_size': 17, 'dropout': 0.30476453891009336, 'hidden_continuous_size': 8, 'attention_head_size': 1, 'learning_rate': 0.00356252165940665}. Best is trial 28 with value: 29.2705078125.
LOCAL_RANK: 0 - CUDA_VISIBLE_DEVICES: [0]
[I 2023-12-15 21:59:53,645] Trial 43 finished with value: 43.52997970581055 and parameters: {'gradient_clip_val': 0.7318778291120895, 'hidden_size': 22, 'dropout': 0.2910155947349616, 'hidden_continuous_size': 9, 'attention_head_size': 1, 'learning_rate': 0.0010529330324205914}. Best is trial 28 with value: 29.2705078125.
LOCAL_RANK: 0 - CUDA_VISIBLE_DEVICES: [0]
[I 2023-12-15 22:00:42,334] Trial 44 finished with value: 33.31684494018555 and parameters: {'gradient_clip_val': 0.556013700202794, 'hidden_size': 26, 'dropout': 0.2767039078993576, 'hidden_continuous_size': 9, 'attention_head_size': 1, 'learning_rate': 0.0014178154868423887}. Best is trial 28 with value: 29.2705078125.
LOCAL_RANK: 0 - CUDA_VISIBLE_DEVICES: [0]
[I 2023-12-15 22:01:31,013] Trial 45 finished with value: 40.189632415771484 and parameters: {'gradient_clip_val': 0.4167255902093197, 'hidden_size': 27, 'dropout': 0.3340031472465232, 'hidden_continuous_size': 9, 'attention_head_size': 1, 'learning_rate': 0.0015923898145924378}. Best is trial 28 with value: 29.2705078125.
LOCAL_RANK: 0 - CUDA_VISIBLE_DEVICES: [0]
[I 2023-12-15 22:02:19,682] Trial 46 finished with value: 107.83587646484375 and parameters: {'gradient_clip_val': 0.5525845974814522, 'hidden_size': 26, 'dropout': 0.29810537694096745, 'hidden_continuous_size': 9, 'attention_head_size': 1, 'learning_rate': 0.003079826048628028}. Best is trial 28 with value: 29.2705078125.
LOCAL_RANK: 0 - CUDA_VISIBLE_DEVICES: [0]
[I 2023-12-15 22:03:07,331] Trial 47 finished with value: 94.09014892578125 and parameters: {'gradient_clip_val': 0.6443977959701119, 'hidden_size': 21, 'dropout': 0.2788722275981179, 'hidden_continuous_size': 7, 'attention_head_size': 1, 'learning_rate': 0.0013200185261491942}. Best is trial 28 with value: 29.2705078125.
LOCAL_RANK: 0 - CUDA_VISIBLE_DEVICES: [0]
[I 2023-12-15 22:03:55,162] Trial 48 finished with value: 96.08029174804688 and parameters: {'gradient_clip_val': 0.5578489874736287, 'hidden_size': 32, 'dropout': 0.23316473274918212, 'hidden_continuous_size': 10, 'attention_head_size': 1, 'learning_rate': 0.0024438512751088852}. Best is trial 28 with value: 29.2705078125.
LOCAL_RANK: 0 - CUDA_VISIBLE_DEVICES: [0]
[I 2023-12-15 22:04:40,720] Trial 49 finished with value: 93.85104370117188 and parameters: {'gradient_clip_val': 0.32733296654568916, 'hidden_size': 15, 'dropout': 0.2910976010501112, 'hidden_continuous_size': 7, 'attention_head_size': 1, 'learning_rate': 0.0009261979073495644}. Best is trial 28 with value: 29.2705078125.
[I 2023-12-15 22:04:40,811] A new study created in memory with name: no-name-08bf2bd7-ba5b-44c6-8b69-f7a8b5b0928f
/home/le004/conda/anaconda3/envs/tsff_env/lib/python3.9/site-packages/lightning/fabric/plugins/environments/slurm.py:191: The `srun` command is available on your system but is not used. HINT: If your intention is to run Lightning on SLURM, prepend your python command with `srun` like so: srun python /home/le004/master_thesis/git/TSFusionForecast/code/ ...
LOCAL_RANK: 0 - CUDA_VISIBLE_DEVICES: [0]
[I 2023-12-15 22:05:34,258] Trial 0 finished with value: 37.345947265625 and parameters: {'gradient_clip_val': 0.38231581478645904, 'hidden_size': 58, 'dropout': 0.2334983485350369, 'hidden_continuous_size': 26, 'attention_head_size': 3, 'learning_rate': 0.000719326826645001}. Best is trial 0 with value: 37.345947265625.
LOCAL_RANK: 0 - CUDA_VISIBLE_DEVICES: [0]
[I 2023-12-15 22:06:08,754] Trial 1 finished with value: 54.96438980102539 and parameters: {'gradient_clip_val': 0.7523553476237769, 'hidden_size': 5, 'dropout': 0.17197811314434186, 'hidden_continuous_size': 5, 'attention_head_size': 2, 'learning_rate': 0.027850241861193722}. Best is trial 0 with value: 37.345947265625.
LOCAL_RANK: 0 - CUDA_VISIBLE_DEVICES: [0]
[I 2023-12-15 22:06:58,312] Trial 2 finished with value: 81.88761138916016 and parameters: {'gradient_clip_val': 0.2911212933363176, 'hidden_size': 23, 'dropout': 0.32087561786896823, 'hidden_continuous_size': 8, 'attention_head_size': 4, 'learning_rate': 0.013816727628176123}. Best is trial 0 with value: 37.345947265625.
LOCAL_RANK: 0 - CUDA_VISIBLE_DEVICES: [0]
[I 2023-12-15 22:07:43,034] Trial 3 finished with value: 95.45672607421875 and parameters: {'gradient_clip_val': 0.303586994415442, 'hidden_size': 8, 'dropout': 0.22343379770441374, 'hidden_continuous_size': 7, 'attention_head_size': 3, 'learning_rate': 0.05134737966849191}. Best is trial 0 with value: 37.345947265625.
LOCAL_RANK: 0 - CUDA_VISIBLE_DEVICES: [0]
[I 2023-12-15 22:08:30,762] Trial 4 finished with value: 69.64889526367188 and parameters: {'gradient_clip_val': 0.39067707789147227, 'hidden_size': 22, 'dropout': 0.11140407338202893, 'hidden_continuous_size': 5, 'attention_head_size': 1, 'learning_rate': 0.02854033586180243}. Best is trial 0 with value: 37.345947265625.
LOCAL_RANK: 0 - CUDA_VISIBLE_DEVICES: [0]
[I 2023-12-15 22:09:15,701] Trial 5 finished with value: 59.91326904296875 and parameters: {'gradient_clip_val': 0.29545775098961385, 'hidden_size': 6, 'dropout': 0.35427415772040716, 'hidden_continuous_size': 5, 'attention_head_size': 2, 'learning_rate': 0.0036051055180276346}. Best is trial 0 with value: 37.345947265625.
LOCAL_RANK: 0 - CUDA_VISIBLE_DEVICES: [0]
[I 2023-12-15 22:09:50,535] Trial 6 finished with value: 72.6055679321289 and parameters: {'gradient_clip_val': 0.21092321551098306, 'hidden_size': 21, 'dropout': 0.2332514025131118, 'hidden_continuous_size': 21, 'attention_head_size': 3, 'learning_rate': 0.006268207506600471}. Best is trial 0 with value: 37.345947265625.
LOCAL_RANK: 0 - CUDA_VISIBLE_DEVICES: [0]
[I 2023-12-15 22:10:24,989] Trial 7 finished with value: 72.85689544677734 and parameters: {'gradient_clip_val': 0.8583197254117477, 'hidden_size': 5, 'dropout': 0.10964898758225514, 'hidden_continuous_size': 5, 'attention_head_size': 1, 'learning_rate': 0.0006594210199014117}. Best is trial 0 with value: 37.345947265625.
LOCAL_RANK: 0 - CUDA_VISIBLE_DEVICES: [0]
[I 2023-12-15 22:11:10,600] Trial 8 finished with value: 45.43575668334961 and parameters: {'gradient_clip_val': 0.6860570403845139, 'hidden_size': 7, 'dropout': 0.3305366023385365, 'hidden_continuous_size': 5, 'attention_head_size': 3, 'learning_rate': 0.044690825170532786}. Best is trial 0 with value: 37.345947265625.
LOCAL_RANK: 0 - CUDA_VISIBLE_DEVICES: [0]
[I 2023-12-15 22:11:45,530] Trial 9 finished with value: 45.34138107299805 and parameters: {'gradient_clip_val': 0.16541952037369095, 'hidden_size': 19, 'dropout': 0.1925938438229602, 'hidden_continuous_size': 19, 'attention_head_size': 3, 'learning_rate': 0.00932591199515192}. Best is trial 0 with value: 37.345947265625.
LOCAL_RANK: 0 - CUDA_VISIBLE_DEVICES: [0]
[I 2023-12-15 22:12:41,984] Trial 10 finished with value: 89.90966796875 and parameters: {'gradient_clip_val': 0.12067251675356216, 'hidden_size': 79, 'dropout': 0.2896783269671694, 'hidden_continuous_size': 51, 'attention_head_size': 4, 'learning_rate': 0.0006337706501880349}. Best is trial 0 with value: 37.345947265625.
LOCAL_RANK: 0 - CUDA_VISIBLE_DEVICES: [0]
[I 2023-12-15 22:13:37,534] Trial 11 finished with value: 40.01213455200195 and parameters: {'gradient_clip_val': 0.10558460932817104, 'hidden_size': 94, 'dropout': 0.39234108341325363, 'hidden_continuous_size': 23, 'attention_head_size': 3, 'learning_rate': 0.002322889509269861}. Best is trial 0 with value: 37.345947265625.
LOCAL_RANK: 0 - CUDA_VISIBLE_DEVICES: [0]
[I 2023-12-15 22:14:33,391] Trial 12 finished with value: 47.963470458984375 and parameters: {'gradient_clip_val': 0.12585419704559483, 'hidden_size': 89, 'dropout': 0.3802989910211715, 'hidden_continuous_size': 28, 'attention_head_size': 4, 'learning_rate': 0.0014856903176160693}. Best is trial 0 with value: 37.345947265625.
LOCAL_RANK: 0 - CUDA_VISIBLE_DEVICES: [0]
[I 2023-12-15 22:15:27,310] Trial 13 finished with value: 83.21566772460938 and parameters: {'gradient_clip_val': 0.10348473398075081, 'hidden_size': 58, 'dropout': 0.39431683000022066, 'hidden_continuous_size': 32, 'attention_head_size': 2, 'learning_rate': 0.002015825847207727}. Best is trial 0 with value: 37.345947265625.
LOCAL_RANK: 0 - CUDA_VISIBLE_DEVICES: [0]
[I 2023-12-15 22:16:20,555] Trial 14 finished with value: 58.65861892700195 and parameters: {'gradient_clip_val': 0.49152916589528894, 'hidden_size': 53, 'dropout': 0.2738163929425127, 'hidden_continuous_size': 15, 'attention_head_size': 3, 'learning_rate': 0.001327974860289006}. Best is trial 0 with value: 37.345947265625.
LOCAL_RANK: 0 - CUDA_VISIBLE_DEVICES: [0]
[I 2023-12-15 22:17:17,817] Trial 15 finished with value: 71.34469604492188 and parameters: {'gradient_clip_val': 0.20015010214221488, 'hidden_size': 100, 'dropout': 0.2759359482598912, 'hidden_continuous_size': 95, 'attention_head_size': 2, 'learning_rate': 0.0005230554919553849}. Best is trial 0 with value: 37.345947265625.
LOCAL_RANK: 0 - CUDA_VISIBLE_DEVICES: [0]
