[I 2023-12-26 16:12:20,291] Trial 46 finished with value: 6487.35986328125 and parameters: {'gradient_clip_val': 0.29775716290558735, 'hidden_size': 11, 'dropout': 0.17162802929320842, 'hidden_continuous_size': 6, 'attention_head_size': 1, 'learning_rate': 0.007547033807782551}. Best is trial 0 with value: 547.9058837890625.
[I 2023-12-26 16:12:22,260] Trial 47 finished with value: 5578.53076171875 and parameters: {'gradient_clip_val': 0.37891676566070276, 'hidden_size': 7, 'dropout': 0.12438375241831638, 'hidden_continuous_size': 5, 'attention_head_size': 3, 'learning_rate': 0.0009517783670680637}. Best is trial 0 with value: 547.9058837890625.
[I 2023-12-26 16:12:24,163] Trial 48 finished with value: 5037.78076171875 and parameters: {'gradient_clip_val': 0.2602873159813511, 'hidden_size': 8, 'dropout': 0.1887265228605747, 'hidden_continuous_size': 5, 'attention_head_size': 3, 'learning_rate': 0.002384789904139028}. Best is trial 0 with value: 547.9058837890625.
[I 2023-12-26 16:12:25,933] Trial 49 finished with value: 4816.77734375 and parameters: {'gradient_clip_val': 0.3139312060064005, 'hidden_size': 5, 'dropout': 0.16187402451475344, 'hidden_continuous_size': 5, 'attention_head_size': 2, 'learning_rate': 0.0006285067534917705}. Best is trial 0 with value: 547.9058837890625.
[I 2023-12-26 16:12:26,066] A new study created in memory with name: no-name-9f2773c7-f0e3-4faa-8b2c-bdd4cd3cc428
/home/le004/conda/anaconda3/envs/tsff_env/lib/python3.9/site-packages/lightning/fabric/plugins/environments/slurm.py:191: The `srun` command is available on your system but is not used. HINT: If your intention is to run Lightning on SLURM, prepend your python command with `srun` like so: srun python /home/le004/master_thesis/git/TSFusionForecast/code/ ...
[I 2023-12-26 16:15:13,405] Trial 0 finished with value: 24.2969913482666 and parameters: {'gradient_clip_val': 0.30838677220815297, 'hidden_size': 11, 'dropout': 0.43016325568212466, 'hidden_continuous_size': 11, 'attention_head_size': 2, 'learning_rate': 0.005048429067113567}. Best is trial 0 with value: 24.2969913482666.
[I 2023-12-26 16:15:15,121] Trial 1 finished with value: 44.18696975708008 and parameters: {'gradient_clip_val': 0.5199291136684135, 'hidden_size': 5, 'dropout': 0.1863494693831163, 'hidden_continuous_size': 5, 'attention_head_size': 2, 'learning_rate': 0.025776175742763047}. Best is trial 0 with value: 24.2969913482666.
[I 2023-12-26 16:15:18,132] Trial 2 finished with value: 37.761898040771484 and parameters: {'gradient_clip_val': 0.1715127074381825, 'hidden_size': 46, 'dropout': 0.4051075070972222, 'hidden_continuous_size': 26, 'attention_head_size': 3, 'learning_rate': 0.0023325316688721496}. Best is trial 0 with value: 24.2969913482666.
[I 2023-12-26 16:15:23,142] Trial 3 finished with value: 40.40396499633789 and parameters: {'gradient_clip_val': 0.5079541409755384, 'hidden_size': 86, 'dropout': 0.23149285512847848, 'hidden_continuous_size': 15, 'attention_head_size': 1, 'learning_rate': 0.0017255395832830732}. Best is trial 0 with value: 24.2969913482666.
[I 2023-12-26 16:15:25,267] Trial 4 finished with value: 34.315181732177734 and parameters: {'gradient_clip_val': 0.2831168488884739, 'hidden_size': 15, 'dropout': 0.4765124379724027, 'hidden_continuous_size': 6, 'attention_head_size': 3, 'learning_rate': 0.0031955976706779573}. Best is trial 0 with value: 24.2969913482666.
[I 2023-12-26 16:15:30,986] Trial 5 finished with value: 34.153228759765625 and parameters: {'gradient_clip_val': 0.8840834539954088, 'hidden_size': 99, 'dropout': 0.4833813348831829, 'hidden_continuous_size': 5, 'attention_head_size': 4, 'learning_rate': 0.0007448474414130207}. Best is trial 0 with value: 24.2969913482666.
[I 2023-12-26 16:15:34,127] Trial 6 finished with value: 38.34727096557617 and parameters: {'gradient_clip_val': 0.16620149825841934, 'hidden_size': 50, 'dropout': 0.1884627214627193, 'hidden_continuous_size': 48, 'attention_head_size': 2, 'learning_rate': 0.009687370263932342}. Best is trial 0 with value: 24.2969913482666.
[I 2023-12-26 16:15:36,142] Trial 7 finished with value: 35.6024055480957 and parameters: {'gradient_clip_val': 0.15256144381550843, 'hidden_size': 11, 'dropout': 0.4205940454592554, 'hidden_continuous_size': 8, 'attention_head_size': 2, 'learning_rate': 0.07906870004128556}. Best is trial 0 with value: 24.2969913482666.
[I 2023-12-26 16:15:39,787] Trial 8 finished with value: 27.61536979675293 and parameters: {'gradient_clip_val': 0.29077825917269584, 'hidden_size': 63, 'dropout': 0.12155984498701145, 'hidden_continuous_size': 5, 'attention_head_size': 4, 'learning_rate': 0.06668270237197982}. Best is trial 0 with value: 24.2969913482666.
[I 2023-12-26 16:15:42,958] Trial 9 finished with value: 31.860544204711914 and parameters: {'gradient_clip_val': 0.17554530390356116, 'hidden_size': 47, 'dropout': 0.4937371445178296, 'hidden_continuous_size': 31, 'attention_head_size': 4, 'learning_rate': 0.003035058828274714}. Best is trial 0 with value: 24.2969913482666.
[I 2023-12-26 16:15:45,157] Trial 10 finished with value: 34.99594497680664 and parameters: {'gradient_clip_val': 0.10264331217408414, 'hidden_size': 22, 'dropout': 0.33569523971012505, 'hidden_continuous_size': 10, 'attention_head_size': 1, 'learning_rate': 0.008826978635515447}. Best is trial 0 with value: 24.2969913482666.
[I 2023-12-26 16:15:53,907] Trial 11 finished with value: 31.962615966796875 and parameters: {'gradient_clip_val': 0.3203625906345876, 'hidden_size': 149, 'dropout': 0.10515051077799761, 'hidden_continuous_size': 14, 'attention_head_size': 3, 'learning_rate': 0.08653043840529608}. Best is trial 0 with value: 24.2969913482666.
[I 2023-12-26 16:15:56,063] Trial 12 finished with value: 33.12757110595703 and parameters: {'gradient_clip_val': 0.29149656128847706, 'hidden_size': 8, 'dropout': 0.30625629810901456, 'hidden_continuous_size': 5, 'attention_head_size': 4, 'learning_rate': 0.0255324334372391}. Best is trial 0 with value: 24.2969913482666.
[I 2023-12-26 16:15:58,268] Trial 13 finished with value: 46.240909576416016 and parameters: {'gradient_clip_val': 0.3787806400377859, 'hidden_size': 24, 'dropout': 0.3574007180209918, 'hidden_continuous_size': 7, 'attention_head_size': 2, 'learning_rate': 0.01965293861940016}. Best is trial 0 with value: 24.2969913482666.
[I 2023-12-26 16:16:00,425] Trial 14 finished with value: 33.78597640991211 and parameters: {'gradient_clip_val': 0.24476791604498704, 'hidden_size': 15, 'dropout': 0.25318351615936163, 'hidden_continuous_size': 6, 'attention_head_size': 3, 'learning_rate': 0.0075940292684714365}. Best is trial 0 with value: 24.2969913482666.
[I 2023-12-26 16:16:02,165] Trial 15 finished with value: 34.133121490478516 and parameters: {'gradient_clip_val': 0.40174930870883185, 'hidden_size': 5, 'dropout': 0.10672835653109553, 'hidden_continuous_size': 5, 'attention_head_size': 1, 'learning_rate': 0.0497879372123533}. Best is trial 0 with value: 24.2969913482666.
[I 2023-12-26 16:16:04,833] Trial 16 finished with value: 41.36964797973633 and parameters: {'gradient_clip_val': 0.2372016719565496, 'hidden_size': 37, 'dropout': 0.2782088429826818, 'hidden_continuous_size': 9, 'attention_head_size': 4, 'learning_rate': 0.00503130202225355}. Best is trial 0 with value: 24.2969913482666.
[I 2023-12-26 16:16:07,396] Trial 17 finished with value: 37.23950958251953 and parameters: {'gradient_clip_val': 0.22742897524373878, 'hidden_size': 31, 'dropout': 0.3721599200157692, 'hidden_continuous_size': 10, 'attention_head_size': 3, 'learning_rate': 0.014325146828379468}. Best is trial 0 with value: 24.2969913482666.
[I 2023-12-26 16:16:11,446] Trial 18 finished with value: 41.79159927368164 and parameters: {'gradient_clip_val': 0.45405916740086405, 'hidden_size': 70, 'dropout': 0.31514233197861247, 'hidden_continuous_size': 13, 'attention_head_size': 2, 'learning_rate': 0.04039816957887257}. Best is trial 0 with value: 24.2969913482666.
[I 2023-12-26 16:16:13,641] Trial 19 finished with value: 38.18526840209961 and parameters: {'gradient_clip_val': 0.6639257523382179, 'hidden_size': 21, 'dropout': 0.4343376095042101, 'hidden_continuous_size': 7, 'attention_head_size': 1, 'learning_rate': 0.012644851958022138}. Best is trial 0 with value: 24.2969913482666.
[I 2023-12-26 16:16:15,563] Trial 20 finished with value: 41.18937683105469 and parameters: {'gradient_clip_val': 0.35100332553696073, 'hidden_size': 8, 'dropout': 0.38278269010158, 'hidden_continuous_size': 5, 'attention_head_size': 4, 'learning_rate': 0.005959451504987069}. Best is trial 0 with value: 24.2969913482666.
[I 2023-12-26 16:16:18,747] Trial 21 finished with value: 36.02467346191406 and parameters: {'gradient_clip_val': 0.2070999509780343, 'hidden_size': 51, 'dropout': 0.45921591133134737, 'hidden_continuous_size': 22, 'attention_head_size': 4, 'learning_rate': 0.00508791411653566}. Best is trial 0 with value: 24.2969913482666.
[I 2023-12-26 16:16:21,318] Trial 22 finished with value: 41.516448974609375 and parameters: {'gradient_clip_val': 0.2913850127906326, 'hidden_size': 33, 'dropout': 0.4944790626593535, 'hidden_continuous_size': 11, 'attention_head_size': 4, 'learning_rate': 0.003785648929957816}. Best is trial 0 with value: 24.2969913482666.
[I 2023-12-26 16:16:24,582] Trial 23 finished with value: 41.4993782043457 and parameters: {'gradient_clip_val': 0.2013279229012768, 'hidden_size': 55, 'dropout': 0.44798140415846754, 'hidden_continuous_size': 19, 'attention_head_size': 3, 'learning_rate': 0.001627140410783624}. Best is trial 0 with value: 24.2969913482666.
[I 2023-12-26 16:16:27,414] Trial 24 finished with value: 37.031558990478516 and parameters: {'gradient_clip_val': 0.35691774523366926, 'hidden_size': 36, 'dropout': 0.407696827643425, 'hidden_continuous_size': 11, 'attention_head_size': 4, 'learning_rate': 0.013625015543830553}. Best is trial 0 with value: 24.2969913482666.
[I 2023-12-26 16:16:29,812] Trial 25 finished with value: 41.90249252319336 and parameters: {'gradient_clip_val': 0.2704907525697671, 'hidden_size': 28, 'dropout': 0.4513777984180141, 'hidden_continuous_size': 9, 'attention_head_size': 3, 'learning_rate': 0.00349550446126007}. Best is trial 0 with value: 24.2969913482666.
[I 2023-12-26 16:16:34,210] Trial 26 finished with value: 35.5201416015625 and parameters: {'gradient_clip_val': 0.3223059631306965, 'hidden_size': 75, 'dropout': 0.49438992120905195, 'hidden_continuous_size': 30, 'attention_head_size': 2, 'learning_rate': 0.006915725234426249}. Best is trial 0 with value: 24.2969913482666.
[I 2023-12-26 16:16:37,049] Trial 27 finished with value: 33.941532135009766 and parameters: {'gradient_clip_val': 0.1419030519987208, 'hidden_size': 42, 'dropout': 0.3975372750118508, 'hidden_continuous_size': 17, 'attention_head_size': 4, 'learning_rate': 0.05602649985615616}. Best is trial 0 with value: 24.2969913482666.
[I 2023-12-26 16:16:40,531] Trial 28 finished with value: 33.832035064697266 and parameters: {'gradient_clip_val': 0.19206508080596832, 'hidden_size': 59, 'dropout': 0.35048779309381184, 'hidden_continuous_size': 12, 'attention_head_size': 3, 'learning_rate': 0.037704958680398554}. Best is trial 0 with value: 24.2969913482666.
[I 2023-12-26 16:16:43,328] Trial 29 finished with value: 36.54421615600586 and parameters: {'gradient_clip_val': 0.44237479225434706, 'hidden_size': 43, 'dropout': 0.46195132923124427, 'hidden_continuous_size': 16, 'attention_head_size': 2, 'learning_rate': 0.020269978328037393}. Best is trial 0 with value: 24.2969913482666.
[I 2023-12-26 16:16:45,725] Trial 30 finished with value: 35.67255783081055 and parameters: {'gradient_clip_val': 0.2519043266807547, 'hidden_size': 26, 'dropout': 0.4391269840599657, 'hidden_continuous_size': 13, 'attention_head_size': 4, 'learning_rate': 0.031828623045643885}. Best is trial 0 with value: 24.2969913482666.
[I 2023-12-26 16:16:54,686] Trial 31 finished with value: 27.316823959350586 and parameters: {'gradient_clip_val': 0.3136376119304826, 'hidden_size': 149, 'dropout': 0.10409409003844189, 'hidden_continuous_size': 36, 'attention_head_size': 3, 'learning_rate': 0.08267820227568763}. Best is trial 0 with value: 24.2969913482666.
[I 2023-12-26 16:17:01,627] Trial 32 finished with value: 31.134187698364258 and parameters: {'gradient_clip_val': 0.3430121531076593, 'hidden_size': 116, 'dropout': 0.14189129311305856, 'hidden_continuous_size': 33, 'attention_head_size': 3, 'learning_rate': 0.09501033597389352}. Best is trial 0 with value: 24.2969913482666.
[I 2023-12-26 16:17:09,003] Trial 33 finished with value: 34.858951568603516 and parameters: {'gradient_clip_val': 0.32491516663653974, 'hidden_size': 122, 'dropout': 0.13921878773478463, 'hidden_continuous_size': 41, 'attention_head_size': 3, 'learning_rate': 0.09441453003453305}. Best is trial 0 with value: 24.2969913482666.
[I 2023-12-26 16:17:15,715] Trial 34 finished with value: 32.547855377197266 and parameters: {'gradient_clip_val': 0.41269804560582485, 'hidden_size': 104, 'dropout': 0.15548330570836041, 'hidden_continuous_size': 88, 'attention_head_size': 3, 'learning_rate': 0.06614776109634173}. Best is trial 0 with value: 24.2969913482666.
[I 2023-12-26 16:17:24,729] Trial 35 finished with value: 38.91960525512695 and parameters: {'gradient_clip_val': 0.5301629487439601, 'hidden_size': 150, 'dropout': 0.21881440983888023, 'hidden_continuous_size': 21, 'attention_head_size': 3, 'learning_rate': 0.09906178791477586}. Best is trial 0 with value: 24.2969913482666.
[I 2023-12-26 16:17:29,963] Trial 36 finished with value: 28.10577392578125 and parameters: {'gradient_clip_val': 0.28814628724079583, 'hidden_size': 84, 'dropout': 0.13545301662902587, 'hidden_continuous_size': 25, 'attention_head_size': 2, 'learning_rate': 0.06565794869938063}. Best is trial 0 with value: 24.2969913482666.
[I 2023-12-26 16:17:34,919] Trial 37 finished with value: 34.91465377807617 and parameters: {'gradient_clip_val': 0.2834464632836571, 'hidden_size': 84, 'dropout': 0.184518250568736, 'hidden_continuous_size': 23, 'attention_head_size': 2, 'learning_rate': 0.0642435976181685}. Best is trial 0 with value: 24.2969913482666.
[I 2023-12-26 16:17:40,456] Trial 38 finished with value: 39.106197357177734 and parameters: {'gradient_clip_val': 0.26509296185714987, 'hidden_size': 93, 'dropout': 0.1028474957472106, 'hidden_continuous_size': 17, 'attention_head_size': 2, 'learning_rate': 0.048054010486919416}. Best is trial 0 with value: 24.2969913482666.
[I 2023-12-26 16:17:44,181] Trial 39 finished with value: 36.13028335571289 and parameters: {'gradient_clip_val': 0.3038714313600803, 'hidden_size': 65, 'dropout': 0.12861187052991518, 'hidden_continuous_size': 26, 'attention_head_size': 2, 'learning_rate': 0.06498142408327841}. Best is trial 0 with value: 24.2969913482666.
[I 2023-12-26 16:17:49,064] Trial 40 finished with value: 34.62568664550781 and parameters: {'gradient_clip_val': 0.3710643921569905, 'hidden_size': 84, 'dropout': 0.17543926843312782, 'hidden_continuous_size': 15, 'attention_head_size': 1, 'learning_rate': 0.03995648303000966}. Best is trial 0 with value: 24.2969913482666.
[I 2023-12-26 16:17:56,379] Trial 41 finished with value: 24.856809616088867 and parameters: {'gradient_clip_val': 0.33340283226509415, 'hidden_size': 121, 'dropout': 0.12909223891607835, 'hidden_continuous_size': 36, 'attention_head_size': 2, 'learning_rate': 0.09831188565551717}. Best is trial 0 with value: 24.2969913482666.
[I 2023-12-26 16:18:03,885] Trial 42 finished with value: 28.69215965270996 and parameters: {'gradient_clip_val': 0.30522611081952694, 'hidden_size': 123, 'dropout': 0.11777459147974037, 'hidden_continuous_size': 41, 'attention_head_size': 2, 'learning_rate': 0.07418694896859661}. Best is trial 0 with value: 24.2969913482666.
[I 2023-12-26 16:18:10,032] Trial 43 finished with value: 33.600040435791016 and parameters: {'gradient_clip_val': 0.2628745321222911, 'hidden_size': 103, 'dropout': 0.15590629141199958, 'hidden_continuous_size': 26, 'attention_head_size': 2, 'learning_rate': 0.073960766355224}. Best is trial 0 with value: 24.2969913482666.
[I 2023-12-26 16:18:18,287] Trial 44 finished with value: 43.03227233886719 and parameters: {'gradient_clip_val': 0.22205099514156101, 'hidden_size': 136, 'dropout': 0.12426924347565232, 'hidden_continuous_size': 54, 'attention_head_size': 2, 'learning_rate': 0.05157721642507706}. Best is trial 0 with value: 24.2969913482666.
[I 2023-12-26 16:18:22,823] Trial 45 finished with value: 30.005468368530273 and parameters: {'gradient_clip_val': 0.3285990183395006, 'hidden_size': 78, 'dropout': 0.16390197936727582, 'hidden_continuous_size': 19, 'attention_head_size': 2, 'learning_rate': 0.08420818105987458}. Best is trial 0 with value: 24.2969913482666.
[I 2023-12-26 16:18:28,591] Trial 46 finished with value: 47.66022872924805 and parameters: {'gradient_clip_val': 0.27610268264319476, 'hidden_size': 100, 'dropout': 0.1014082299473747, 'hidden_continuous_size': 6, 'attention_head_size': 1, 'learning_rate': 0.02839821182693708}. Best is trial 0 with value: 24.2969913482666.
[I 2023-12-26 16:18:32,637] Trial 47 finished with value: 42.16372299194336 and parameters: {'gradient_clip_val': 0.38131353652780126, 'hidden_size': 66, 'dropout': 0.13906181680440083, 'hidden_continuous_size': 14, 'attention_head_size': 2, 'learning_rate': 0.05041337580684754}. Best is trial 0 with value: 24.2969913482666.
[I 2023-12-26 16:18:40,499] Trial 48 finished with value: 27.54164695739746 and parameters: {'gradient_clip_val': 0.24625537351356708, 'hidden_size': 132, 'dropout': 0.196875040303242, 'hidden_continuous_size': 29, 'attention_head_size': 2, 'learning_rate': 0.07347622971613403}. Best is trial 0 with value: 24.2969913482666.
[I 2023-12-26 16:18:48,638] Trial 49 finished with value: 37.46774673461914 and parameters: {'gradient_clip_val': 0.24310722250876843, 'hidden_size': 133, 'dropout': 0.2043949306714078, 'hidden_continuous_size': 36, 'attention_head_size': 2, 'learning_rate': 0.07724873645316126}. Best is trial 0 with value: 24.2969913482666.
[I 2023-12-26 16:18:48,766] A new study created in memory with name: no-name-455332b2-ab0f-4b91-a2b9-90cc26101b8a
/home/le004/conda/anaconda3/envs/tsff_env/lib/python3.9/site-packages/lightning/fabric/plugins/environments/slurm.py:191: The `srun` command is available on your system but is not used. HINT: If your intention is to run Lightning on SLURM, prepend your python command with `srun` like so: srun python /home/le004/master_thesis/git/TSFusionForecast/code/ ...
[I 2023-12-26 16:22:29,331] Trial 0 finished with value: 68.7240982055664 and parameters: {'gradient_clip_val': 0.3539214830637079, 'hidden_size': 53, 'dropout': 0.4395765398207292, 'hidden_continuous_size': 5, 'attention_head_size': 1, 'learning_rate': 0.005127738846145199}. Best is trial 0 with value: 68.7240982055664.
[I 2023-12-26 16:22:32,233] Trial 1 finished with value: 123.2987289428711 and parameters: {'gradient_clip_val': 0.6936321725862978, 'hidden_size': 31, 'dropout': 0.3469535629526401, 'hidden_continuous_size': 21, 'attention_head_size': 1, 'learning_rate': 0.004417901452629441}. Best is trial 0 with value: 68.7240982055664.
[I 2023-12-26 16:22:34,393] Trial 2 finished with value: 177.6612091064453 and parameters: {'gradient_clip_val': 0.10004814940550108, 'hidden_size': 10, 'dropout': 0.34851733313998645, 'hidden_continuous_size': 7, 'attention_head_size': 2, 'learning_rate': 0.043527397538841904}. Best is trial 0 with value: 68.7240982055664.
[I 2023-12-26 16:22:36,411] Trial 3 finished with value: 122.621337890625 and parameters: {'gradient_clip_val': 0.1302072628872547, 'hidden_size': 6, 'dropout': 0.44034736081476444, 'hidden_continuous_size': 5, 'attention_head_size': 2, 'learning_rate': 0.006095474733288108}. Best is trial 0 with value: 68.7240982055664.
[I 2023-12-26 16:22:39,974] Trial 4 finished with value: 164.13450622558594 and parameters: {'gradient_clip_val': 0.10610826720932826, 'hidden_size': 42, 'dropout': 0.18492876832135088, 'hidden_continuous_size': 7, 'attention_head_size': 3, 'learning_rate': 0.011154715077771259}. Best is trial 0 with value: 68.7240982055664.
[I 2023-12-26 16:22:43,249] Trial 5 finished with value: 166.82469177246094 and parameters: {'gradient_clip_val': 0.4309374598262455, 'hidden_size': 37, 'dropout': 0.48342507850966776, 'hidden_continuous_size': 33, 'attention_head_size': 2, 'learning_rate': 0.013480360565082374}. Best is trial 0 with value: 68.7240982055664.
[I 2023-12-26 16:22:45,334] Trial 6 finished with value: 130.47731018066406 and parameters: {'gradient_clip_val': 0.3729010950455142, 'hidden_size': 7, 'dropout': 0.15915705922603296, 'hidden_continuous_size': 6, 'attention_head_size': 3, 'learning_rate': 0.0056596471059613875}. Best is trial 0 with value: 68.7240982055664.
[I 2023-12-26 16:22:47,565] Trial 7 finished with value: 154.6295623779297 and parameters: {'gradient_clip_val': 0.4597650035311229, 'hidden_size': 11, 'dropout': 0.39766422895328424, 'hidden_continuous_size': 10, 'attention_head_size': 4, 'learning_rate': 0.0011134185438584762}. Best is trial 0 with value: 68.7240982055664.
[I 2023-12-26 16:22:49,799] Trial 8 finished with value: 158.3411407470703 and parameters: {'gradient_clip_val': 0.4622070201200683, 'hidden_size': 15, 'dropout': 0.492416648068589, 'hidden_continuous_size': 8, 'attention_head_size': 1, 'learning_rate': 0.058074159473465926}. Best is trial 0 with value: 68.7240982055664.
[I 2023-12-26 16:22:52,700] Trial 9 finished with value: 135.9598846435547 and parameters: {'gradient_clip_val': 0.7040173259988114, 'hidden_size': 31, 'dropout': 0.23260456891881334, 'hidden_continuous_size': 6, 'attention_head_size': 4, 'learning_rate': 0.001546616902619412}. Best is trial 0 with value: 68.7240982055664.
