[I 2023-12-15 15:26:49,005] Trial 41 finished with value: 0.0982765182852745 and parameters: {'gradient_clip_val': 0.2958933794217972, 'hidden_size': 35, 'dropout': 0.1355494902919398, 'hidden_continuous_size': 14, 'attention_head_size': 3, 'learning_rate': 0.07507950573071225}. Best is trial 14 with value: 0.053197551518678665.
LOCAL_RANK: 0 - CUDA_VISIBLE_DEVICES: [0]
[I 2023-12-15 15:27:38,586] Trial 42 finished with value: 0.3794381618499756 and parameters: {'gradient_clip_val': 0.2170913387400508, 'hidden_size': 25, 'dropout': 0.11433659356255853, 'hidden_continuous_size': 14, 'attention_head_size': 3, 'learning_rate': 0.09636097958094159}. Best is trial 14 with value: 0.053197551518678665.
LOCAL_RANK: 0 - CUDA_VISIBLE_DEVICES: [0]
[I 2023-12-15 15:28:28,449] Trial 43 finished with value: 0.09519914537668228 and parameters: {'gradient_clip_val': 0.28048457199534593, 'hidden_size': 29, 'dropout': 0.12845357497428306, 'hidden_continuous_size': 12, 'attention_head_size': 4, 'learning_rate': 0.05580461657470339}. Best is trial 14 with value: 0.053197551518678665.
LOCAL_RANK: 0 - CUDA_VISIBLE_DEVICES: [0]
[I 2023-12-15 15:29:17,651] Trial 44 finished with value: 0.06085206940770149 and parameters: {'gradient_clip_val': 0.32597308189615354, 'hidden_size': 22, 'dropout': 0.1507223120592182, 'hidden_continuous_size': 9, 'attention_head_size': 3, 'learning_rate': 0.0791455721632297}. Best is trial 14 with value: 0.053197551518678665.
LOCAL_RANK: 0 - CUDA_VISIBLE_DEVICES: [0]
[I 2023-12-15 15:30:08,503] Trial 45 finished with value: 0.1390303671360016 and parameters: {'gradient_clip_val': 0.32662631671575715, 'hidden_size': 34, 'dropout': 0.11180869515782771, 'hidden_continuous_size': 15, 'attention_head_size': 3, 'learning_rate': 0.05372201287391131}. Best is trial 14 with value: 0.053197551518678665.
LOCAL_RANK: 0 - CUDA_VISIBLE_DEVICES: [0]
[I 2023-12-15 15:30:57,230] Trial 46 finished with value: 0.14496752619743347 and parameters: {'gradient_clip_val': 0.20338066143206507, 'hidden_size': 19, 'dropout': 0.1483713548806934, 'hidden_continuous_size': 9, 'attention_head_size': 4, 'learning_rate': 0.0975860851414013}. Best is trial 14 with value: 0.053197551518678665.
LOCAL_RANK: 0 - CUDA_VISIBLE_DEVICES: [0]
[I 2023-12-15 15:31:46,490] Trial 47 finished with value: 0.13710331916809082 and parameters: {'gradient_clip_val': 0.27073518150351433, 'hidden_size': 26, 'dropout': 0.1315901379097294, 'hidden_continuous_size': 11, 'attention_head_size': 3, 'learning_rate': 0.043550060315393754}. Best is trial 14 with value: 0.053197551518678665.
LOCAL_RANK: 0 - CUDA_VISIBLE_DEVICES: [0]
[I 2023-12-15 15:32:35,828] Trial 48 finished with value: 0.31661656498908997 and parameters: {'gradient_clip_val': 0.22951978571429776, 'hidden_size': 23, 'dropout': 0.11191754904124289, 'hidden_continuous_size': 17, 'attention_head_size': 3, 'learning_rate': 0.06828848163090995}. Best is trial 14 with value: 0.053197551518678665.
LOCAL_RANK: 0 - CUDA_VISIBLE_DEVICES: [0]
[I 2023-12-15 15:33:26,762] Trial 49 finished with value: 0.24801917374134064 and parameters: {'gradient_clip_val': 0.3124751338644249, 'hidden_size': 40, 'dropout': 0.15612140563063986, 'hidden_continuous_size': 13, 'attention_head_size': 3, 'learning_rate': 0.05857540112591342}. Best is trial 14 with value: 0.053197551518678665.
[I 2023-12-15 15:33:26,858] A new study created in memory with name: no-name-575a1077-416e-40b8-8f9c-9c073230e926
/home/le004/conda/anaconda3/envs/tsff_env/lib/python3.9/site-packages/lightning/fabric/plugins/environments/slurm.py:191: The `srun` command is available on your system but is not used. HINT: If your intention is to run Lightning on SLURM, prepend your python command with `srun` like so: srun python /home/le004/master_thesis/git/TSFusionForecast/code/ ...
LOCAL_RANK: 0 - CUDA_VISIBLE_DEVICES: [0]
[I 2023-12-15 15:34:13,092] Trial 0 finished with value: 0.10048794001340866 and parameters: {'gradient_clip_val': 0.8897804108047574, 'hidden_size': 16, 'dropout': 0.360788696179983, 'hidden_continuous_size': 11, 'attention_head_size': 4, 'learning_rate': 0.0629243643629902}. Best is trial 0 with value: 0.10048794001340866.
LOCAL_RANK: 0 - CUDA_VISIBLE_DEVICES: [0]
[I 2023-12-15 15:35:05,155] Trial 1 finished with value: 0.08330706506967545 and parameters: {'gradient_clip_val': 0.2536110954081851, 'hidden_size': 71, 'dropout': 0.3954745293584312, 'hidden_continuous_size': 5, 'attention_head_size': 4, 'learning_rate': 0.09666037130103991}. Best is trial 1 with value: 0.08330706506967545.
LOCAL_RANK: 0 - CUDA_VISIBLE_DEVICES: [0]
[I 2023-12-15 15:35:39,481] Trial 2 finished with value: 0.8494740128517151 and parameters: {'gradient_clip_val': 0.3243688135721888, 'hidden_size': 9, 'dropout': 0.10884907364206144, 'hidden_continuous_size': 9, 'attention_head_size': 3, 'learning_rate': 0.0010429308145305613}. Best is trial 1 with value: 0.08330706506967545.
LOCAL_RANK: 0 - CUDA_VISIBLE_DEVICES: [0]
[I 2023-12-15 15:36:23,293] Trial 3 finished with value: 0.1950773000717163 and parameters: {'gradient_clip_val': 0.19979396437681987, 'hidden_size': 8, 'dropout': 0.23198527689930418, 'hidden_continuous_size': 5, 'attention_head_size': 2, 'learning_rate': 0.05238233991422584}. Best is trial 1 with value: 0.08330706506967545.
LOCAL_RANK: 0 - CUDA_VISIBLE_DEVICES: [0]
[I 2023-12-15 15:37:07,786] Trial 4 finished with value: 0.40712299942970276 and parameters: {'gradient_clip_val': 0.26198758821577983, 'hidden_size': 7, 'dropout': 0.2742306872615562, 'hidden_continuous_size': 6, 'attention_head_size': 1, 'learning_rate': 0.01621354825788218}. Best is trial 1 with value: 0.08330706506967545.
LOCAL_RANK: 0 - CUDA_VISIBLE_DEVICES: [0]
[I 2023-12-15 15:37:55,988] Trial 5 finished with value: 0.8029195666313171 and parameters: {'gradient_clip_val': 0.3450608706410319, 'hidden_size': 28, 'dropout': 0.23724607452747207, 'hidden_continuous_size': 7, 'attention_head_size': 3, 'learning_rate': 0.005397480365040357}. Best is trial 1 with value: 0.08330706506967545.
LOCAL_RANK: 0 - CUDA_VISIBLE_DEVICES: [0]
[I 2023-12-15 15:38:48,551] Trial 6 finished with value: 0.18718530237674713 and parameters: {'gradient_clip_val': 0.4582031685233658, 'hidden_size': 43, 'dropout': 0.3236722484569978, 'hidden_continuous_size': 21, 'attention_head_size': 2, 'learning_rate': 0.0008915070667845344}. Best is trial 1 with value: 0.08330706506967545.
LOCAL_RANK: 0 - CUDA_VISIBLE_DEVICES: [0]
[I 2023-12-15 15:39:39,751] Trial 7 finished with value: 0.16144613921642303 and parameters: {'gradient_clip_val': 0.35859971381433436, 'hidden_size': 55, 'dropout': 0.2371823064613052, 'hidden_continuous_size': 7, 'attention_head_size': 1, 'learning_rate': 0.005324617737859057}. Best is trial 1 with value: 0.08330706506967545.
LOCAL_RANK: 0 - CUDA_VISIBLE_DEVICES: [0]
[I 2023-12-15 15:40:26,314] Trial 8 finished with value: 0.7681671977043152 and parameters: {'gradient_clip_val': 0.21217216902741134, 'hidden_size': 17, 'dropout': 0.3738507470535789, 'hidden_continuous_size': 10, 'attention_head_size': 1, 'learning_rate': 0.002875750833748263}. Best is trial 1 with value: 0.08330706506967545.
LOCAL_RANK: 0 - CUDA_VISIBLE_DEVICES: [0]
[I 2023-12-15 15:41:12,824] Trial 9 finished with value: 2.4915950298309326 and parameters: {'gradient_clip_val': 0.2262945246579144, 'hidden_size': 11, 'dropout': 0.21441416839619504, 'hidden_continuous_size': 8, 'attention_head_size': 4, 'learning_rate': 0.0005344836087825277}. Best is trial 1 with value: 0.08330706506967545.
LOCAL_RANK: 0 - CUDA_VISIBLE_DEVICES: [0]
[I 2023-12-15 15:42:08,429] Trial 10 finished with value: 0.07389689236879349 and parameters: {'gradient_clip_val': 0.1065900710646642, 'hidden_size': 88, 'dropout': 0.37027224496848105, 'hidden_continuous_size': 54, 'attention_head_size': 4, 'learning_rate': 0.024702269787887143}. Best is trial 10 with value: 0.07389689236879349.
LOCAL_RANK: 0 - CUDA_VISIBLE_DEVICES: [0]
[I 2023-12-15 15:43:04,483] Trial 11 finished with value: 0.10137223452329636 and parameters: {'gradient_clip_val': 0.10410233237655578, 'hidden_size': 88, 'dropout': 0.3784367332955718, 'hidden_continuous_size': 55, 'attention_head_size': 4, 'learning_rate': 0.09613987618610075}. Best is trial 10 with value: 0.07389689236879349.
LOCAL_RANK: 0 - CUDA_VISIBLE_DEVICES: [0]
[I 2023-12-15 15:44:02,548] Trial 12 finished with value: 0.09807351976633072 and parameters: {'gradient_clip_val': 0.10600328130475896, 'hidden_size': 93, 'dropout': 0.39004907618489076, 'hidden_continuous_size': 92, 'attention_head_size': 3, 'learning_rate': 0.027427031497428433}. Best is trial 10 with value: 0.07389689236879349.
LOCAL_RANK: 0 - CUDA_VISIBLE_DEVICES: [0]
[I 2023-12-15 15:44:56,634] Trial 13 finished with value: 0.05975112318992615 and parameters: {'gradient_clip_val': 0.14823797655477067, 'hidden_size': 57, 'dropout': 0.3343213313479645, 'hidden_continuous_size': 18, 'attention_head_size': 4, 'learning_rate': 0.02570287673461647}. Best is trial 13 with value: 0.05975112318992615.
LOCAL_RANK: 0 - CUDA_VISIBLE_DEVICES: [0]
[I 2023-12-15 15:45:49,542] Trial 14 finished with value: 0.054281171411275864 and parameters: {'gradient_clip_val': 0.13336163975631324, 'hidden_size': 42, 'dropout': 0.3293902054983697, 'hidden_continuous_size': 17, 'attention_head_size': 3, 'learning_rate': 0.014961707505484598}. Best is trial 14 with value: 0.054281171411275864.
LOCAL_RANK: 0 - CUDA_VISIBLE_DEVICES: [0]
[I 2023-12-15 15:46:40,398] Trial 15 finished with value: 0.19235801696777344 and parameters: {'gradient_clip_val': 0.14655381401978473, 'hidden_size': 36, 'dropout': 0.32783882464473013, 'hidden_continuous_size': 15, 'attention_head_size': 3, 'learning_rate': 0.011366816758735394}. Best is trial 14 with value: 0.054281171411275864.
LOCAL_RANK: 0 - CUDA_VISIBLE_DEVICES: [0]
[I 2023-12-15 15:47:33,276] Trial 16 finished with value: 0.277234822511673 and parameters: {'gradient_clip_val': 0.15824809621278693, 'hidden_size': 49, 'dropout': 0.30151030431858084, 'hidden_continuous_size': 18, 'attention_head_size': 2, 'learning_rate': 0.010501785266735165}. Best is trial 14 with value: 0.054281171411275864.
LOCAL_RANK: 0 - CUDA_VISIBLE_DEVICES: [0]
[I 2023-12-15 15:48:22,730] Trial 17 finished with value: 0.13093455135822296 and parameters: {'gradient_clip_val': 0.15641993424509912, 'hidden_size': 29, 'dropout': 0.33743204100906715, 'hidden_continuous_size': 14, 'attention_head_size': 3, 'learning_rate': 0.02379315181609503}. Best is trial 14 with value: 0.054281171411275864.
LOCAL_RANK: 0 - CUDA_VISIBLE_DEVICES: [0]
[I 2023-12-15 15:49:17,064] Trial 18 finished with value: 0.0744553729891777 and parameters: {'gradient_clip_val': 0.14521126308009827, 'hidden_size': 58, 'dropout': 0.28438564930707594, 'hidden_continuous_size': 22, 'attention_head_size': 4, 'learning_rate': 0.03925910248929728}. Best is trial 14 with value: 0.054281171411275864.
LOCAL_RANK: 0 - CUDA_VISIBLE_DEVICES: [0]
[I 2023-12-15 15:50:07,508] Trial 19 finished with value: 0.04548364505171776 and parameters: {'gradient_clip_val': 0.18002113206605894, 'hidden_size': 35, 'dropout': 0.34419298249272284, 'hidden_continuous_size': 12, 'attention_head_size': 3, 'learning_rate': 0.015042705646550969}. Best is trial 19 with value: 0.04548364505171776.
LOCAL_RANK: 0 - CUDA_VISIBLE_DEVICES: [0]
[I 2023-12-15 15:50:41,603] Trial 20 finished with value: 0.9890084266662598 and parameters: {'gradient_clip_val': 0.18885821987997597, 'hidden_size': 5, 'dropout': 0.3517170310265814, 'hidden_continuous_size': 5, 'attention_head_size': 2, 'learning_rate': 0.008407753279277161}. Best is trial 19 with value: 0.04548364505171776.
LOCAL_RANK: 0 - CUDA_VISIBLE_DEVICES: [0]
[I 2023-12-15 15:51:32,625] Trial 21 finished with value: 0.20325593650341034 and parameters: {'gradient_clip_val': 0.12605931595052833, 'hidden_size': 37, 'dropout': 0.3133655570536116, 'hidden_continuous_size': 12, 'attention_head_size': 3, 'learning_rate': 0.014508876782371546}. Best is trial 19 with value: 0.04548364505171776.
LOCAL_RANK: 0 - CUDA_VISIBLE_DEVICES: [0]
[I 2023-12-15 15:52:26,267] Trial 22 finished with value: 0.09114193916320801 and parameters: {'gradient_clip_val': 0.1758972416690878, 'hidden_size': 61, 'dropout': 0.3460432419276198, 'hidden_continuous_size': 17, 'attention_head_size': 3, 'learning_rate': 0.01849314794999206}. Best is trial 19 with value: 0.04548364505171776.
LOCAL_RANK: 0 - CUDA_VISIBLE_DEVICES: [0]
[I 2023-12-15 15:53:15,493] Trial 23 finished with value: 0.08270061761140823 and parameters: {'gradient_clip_val': 0.1266071112027046, 'hidden_size': 26, 'dropout': 0.28778343807994466, 'hidden_continuous_size': 13, 'attention_head_size': 3, 'learning_rate': 0.040214293486907186}. Best is trial 19 with value: 0.04548364505171776.
LOCAL_RANK: 0 - CUDA_VISIBLE_DEVICES: [0]
[I 2023-12-15 15:54:07,965] Trial 24 finished with value: 0.050459761172533035 and parameters: {'gradient_clip_val': 0.17803567174019286, 'hidden_size': 42, 'dropout': 0.34270908743317147, 'hidden_continuous_size': 11, 'attention_head_size': 4, 'learning_rate': 0.015076525452859403}. Best is trial 19 with value: 0.04548364505171776.
LOCAL_RANK: 0 - CUDA_VISIBLE_DEVICES: [0]
[I 2023-12-15 15:54:58,425] Trial 25 finished with value: 0.17342710494995117 and parameters: {'gradient_clip_val': 0.1796254290125275, 'hidden_size': 37, 'dropout': 0.35829389094890696, 'hidden_continuous_size': 11, 'attention_head_size': 2, 'learning_rate': 0.007457241631953563}. Best is trial 19 with value: 0.04548364505171776.
LOCAL_RANK: 0 - CUDA_VISIBLE_DEVICES: [0]
[I 2023-12-15 15:55:47,412] Trial 26 finished with value: 0.18380089104175568 and parameters: {'gradient_clip_val': 0.11928419703232596, 'hidden_size': 22, 'dropout': 0.30857697351869334, 'hidden_continuous_size': 9, 'attention_head_size': 3, 'learning_rate': 0.012909636278247292}. Best is trial 19 with value: 0.04548364505171776.
LOCAL_RANK: 0 - CUDA_VISIBLE_DEVICES: [0]
[I 2023-12-15 15:56:40,391] Trial 27 finished with value: 0.20314113795757294 and parameters: {'gradient_clip_val': 0.1253485553653035, 'hidden_size': 41, 'dropout': 0.3563286058403814, 'hidden_continuous_size': 13, 'attention_head_size': 4, 'learning_rate': 0.017328323431356304}. Best is trial 19 with value: 0.04548364505171776.
LOCAL_RANK: 0 - CUDA_VISIBLE_DEVICES: [0]
[I 2023-12-15 15:57:30,052] Trial 28 finished with value: 0.806784451007843 and parameters: {'gradient_clip_val': 0.17385544981908121, 'hidden_size': 33, 'dropout': 0.3921051896221291, 'hidden_continuous_size': 11, 'attention_head_size': 3, 'learning_rate': 0.010169644182137524}. Best is trial 19 with value: 0.04548364505171776.
LOCAL_RANK: 0 - CUDA_VISIBLE_DEVICES: [0]
[I 2023-12-15 15:58:23,076] Trial 29 finished with value: 0.06330148875713348 and parameters: {'gradient_clip_val': 0.22272148032106479, 'hidden_size': 45, 'dropout': 0.34130870396730767, 'hidden_continuous_size': 10, 'attention_head_size': 4, 'learning_rate': 0.03554035028499144}. Best is trial 19 with value: 0.04548364505171776.
LOCAL_RANK: 0 - CUDA_VISIBLE_DEVICES: [0]
[I 2023-12-15 15:59:11,522] Trial 30 finished with value: 0.14382492005825043 and parameters: {'gradient_clip_val': 0.2472893855404915, 'hidden_size': 22, 'dropout': 0.360577519223376, 'hidden_continuous_size': 12, 'attention_head_size': 2, 'learning_rate': 0.005716854858333415}. Best is trial 19 with value: 0.04548364505171776.
LOCAL_RANK: 0 - CUDA_VISIBLE_DEVICES: [0]
[I 2023-12-15 16:00:04,952] Trial 31 finished with value: 0.12446693331003189 and parameters: {'gradient_clip_val': 0.14400731632562064, 'hidden_size': 49, 'dropout': 0.3297108923348441, 'hidden_continuous_size': 16, 'attention_head_size': 4, 'learning_rate': 0.022431950115266948}. Best is trial 19 with value: 0.04548364505171776.
LOCAL_RANK: 0 - CUDA_VISIBLE_DEVICES: [0]
[I 2023-12-15 16:00:59,377] Trial 32 finished with value: 0.05722799524664879 and parameters: {'gradient_clip_val': 0.16336904117030235, 'hidden_size': 69, 'dropout': 0.31396188760327215, 'hidden_continuous_size': 21, 'attention_head_size': 4, 'learning_rate': 0.030417382426296626}. Best is trial 19 with value: 0.04548364505171776.
LOCAL_RANK: 0 - CUDA_VISIBLE_DEVICES: [0]
[I 2023-12-15 16:01:53,988] Trial 33 finished with value: 0.08515097945928574 and parameters: {'gradient_clip_val': 0.17200639944686644, 'hidden_size': 73, 'dropout': 0.30867173216126964, 'hidden_continuous_size': 22, 'attention_head_size': 4, 'learning_rate': 0.06329849495101472}. Best is trial 19 with value: 0.04548364505171776.
LOCAL_RANK: 0 - CUDA_VISIBLE_DEVICES: [0]
[I 2023-12-15 16:02:48,172] Trial 34 finished with value: 0.1076747253537178 and parameters: {'gradient_clip_val': 0.20219074292891032, 'hidden_size': 68, 'dropout': 0.3966338148463866, 'hidden_continuous_size': 25, 'attention_head_size': 4, 'learning_rate': 0.01677819048292845}. Best is trial 19 with value: 0.04548364505171776.
LOCAL_RANK: 0 - CUDA_VISIBLE_DEVICES: [0]
[I 2023-12-15 16:03:36,738] Trial 35 finished with value: 0.05757313594222069 and parameters: {'gradient_clip_val': 0.2558369605012093, 'hidden_size': 32, 'dropout': 0.3179785885751279, 'hidden_continuous_size': 15, 'attention_head_size': 3, 'learning_rate': 0.012965905289401027}. Best is trial 19 with value: 0.04548364505171776.
LOCAL_RANK: 0 - CUDA_VISIBLE_DEVICES: [0]
[I 2023-12-15 16:04:29,949] Trial 36 finished with value: 0.09322748333215714 and parameters: {'gradient_clip_val': 0.19152523467187788, 'hidden_size': 46, 'dropout': 0.2708549998419108, 'hidden_continuous_size': 13, 'attention_head_size': 4, 'learning_rate': 0.0327142275143725}. Best is trial 19 with value: 0.04548364505171776.
LOCAL_RANK: 0 - CUDA_VISIBLE_DEVICES: [0]
[I 2023-12-15 16:05:24,179] Trial 37 finished with value: 0.15882526338100433 and parameters: {'gradient_clip_val': 0.2972561818164968, 'hidden_size': 77, 'dropout': 0.37135077961774654, 'hidden_continuous_size': 26, 'attention_head_size': 3, 'learning_rate': 0.01811525813027908}. Best is trial 19 with value: 0.04548364505171776.
LOCAL_RANK: 0 - CUDA_VISIBLE_DEVICES: [0]
[I 2023-12-15 16:06:17,371] Trial 38 finished with value: 0.12888620793819427 and parameters: {'gradient_clip_val': 0.21337488536214205, 'hidden_size': 65, 'dropout': 0.29945899995740716, 'hidden_continuous_size': 9, 'attention_head_size': 4, 'learning_rate': 0.04806483786919311}. Best is trial 19 with value: 0.04548364505171776.
LOCAL_RANK: 0 - CUDA_VISIBLE_DEVICES: [0]
[I 2023-12-15 16:07:10,279] Trial 39 finished with value: 0.29675495624542236 and parameters: {'gradient_clip_val': 0.13301961175960808, 'hidden_size': 53, 'dropout': 0.3403085296097867, 'hidden_continuous_size': 19, 'attention_head_size': 3, 'learning_rate': 0.00868748110124402}. Best is trial 19 with value: 0.04548364505171776.
LOCAL_RANK: 0 - CUDA_VISIBLE_DEVICES: [0]
[I 2023-12-15 16:08:01,007] Trial 40 finished with value: 0.0484955869615078 and parameters: {'gradient_clip_val': 0.16341464472547726, 'hidden_size': 40, 'dropout': 0.32064619413744394, 'hidden_continuous_size': 15, 'attention_head_size': 2, 'learning_rate': 0.020081041035948242}. Best is trial 19 with value: 0.04548364505171776.
LOCAL_RANK: 0 - CUDA_VISIBLE_DEVICES: [0]
[I 2023-12-15 16:08:53,546] Trial 41 finished with value: 0.07879551500082016 and parameters: {'gradient_clip_val': 0.16394725745772037, 'hidden_size': 45, 'dropout': 0.32878879071999656, 'hidden_continuous_size': 16, 'attention_head_size': 2, 'learning_rate': 0.01921001621354352}. Best is trial 19 with value: 0.04548364505171776.
LOCAL_RANK: 0 - CUDA_VISIBLE_DEVICES: [0]
[I 2023-12-15 16:09:45,520] Trial 42 finished with value: 0.1480736881494522 and parameters: {'gradient_clip_val': 0.19119601864042077, 'hidden_size': 41, 'dropout': 0.34747721830991624, 'hidden_continuous_size': 14, 'attention_head_size': 2, 'learning_rate': 0.015048441964852477}. Best is trial 19 with value: 0.04548364505171776.
LOCAL_RANK: 0 - CUDA_VISIBLE_DEVICES: [0]
[I 2023-12-15 16:10:33,967] Trial 43 finished with value: 0.05921870470046997 and parameters: {'gradient_clip_val': 0.11592518218102196, 'hidden_size': 26, 'dropout': 0.3195815238707207, 'hidden_continuous_size': 12, 'attention_head_size': 1, 'learning_rate': 0.030315673140789996}. Best is trial 19 with value: 0.04548364505171776.
LOCAL_RANK: 0 - CUDA_VISIBLE_DEVICES: [0]
[I 2023-12-15 16:11:26,773] Trial 44 finished with value: 0.09692984819412231 and parameters: {'gradient_clip_val': 0.13934591443425198, 'hidden_size': 51, 'dropout': 0.26210161504314267, 'hidden_continuous_size': 10, 'attention_head_size': 2, 'learning_rate': 0.022133373821581512}. Best is trial 19 with value: 0.04548364505171776.
LOCAL_RANK: 0 - CUDA_VISIBLE_DEVICES: [0]
[I 2023-12-15 16:12:19,940] Trial 45 finished with value: 0.2844403386116028 and parameters: {'gradient_clip_val': 0.16214170823466564, 'hidden_size': 77, 'dropout': 0.2938436503262768, 'hidden_continuous_size': 8, 'attention_head_size': 2, 'learning_rate': 0.01277185860487292}. Best is trial 19 with value: 0.04548364505171776.
LOCAL_RANK: 0 - CUDA_VISIBLE_DEVICES: [0]
[I 2023-12-15 16:13:09,738] Trial 46 finished with value: 0.13410471379756927 and parameters: {'gradient_clip_val': 0.10001149600214142, 'hidden_size': 31, 'dropout': 0.37404947663845056, 'hidden_continuous_size': 11, 'attention_head_size': 3, 'learning_rate': 0.029977889255247973}. Best is trial 19 with value: 0.04548364505171776.
LOCAL_RANK: 0 - CUDA_VISIBLE_DEVICES: [0]
[I 2023-12-15 16:14:03,499] Trial 47 finished with value: 0.06556492298841476 and parameters: {'gradient_clip_val': 0.11532911563456773, 'hidden_size': 58, 'dropout': 0.31784038286035365, 'hidden_continuous_size': 19, 'attention_head_size': 4, 'learning_rate': 0.006377205257504476}. Best is trial 19 with value: 0.04548364505171776.
LOCAL_RANK: 0 - CUDA_VISIBLE_DEVICES: [0]
