[I 2023-12-15 11:34:55,099] Trial 6 finished with value: 0.05322085693478584 and parameters: {'gradient_clip_val': 0.11055707834165082, 'hidden_size': 19, 'dropout': 0.23651641061064727, 'hidden_continuous_size': 6, 'attention_head_size': 2, 'learning_rate': 0.05925265864391613}. Best is trial 6 with value: 0.05322085693478584.
LOCAL_RANK: 0 - CUDA_VISIBLE_DEVICES: [0]
[I 2023-12-15 11:35:28,780] Trial 7 finished with value: 0.11633620411157608 and parameters: {'gradient_clip_val': 0.48350392936780584, 'hidden_size': 12, 'dropout': 0.33680906072793787, 'hidden_continuous_size': 12, 'attention_head_size': 2, 'learning_rate': 0.07392112241432479}. Best is trial 6 with value: 0.05322085693478584.
LOCAL_RANK: 0 - CUDA_VISIBLE_DEVICES: [0]
[I 2023-12-15 11:36:14,786] Trial 8 finished with value: 0.2723270654678345 and parameters: {'gradient_clip_val': 0.3273778220773537, 'hidden_size': 17, 'dropout': 0.248378470684958, 'hidden_continuous_size': 5, 'attention_head_size': 2, 'learning_rate': 0.006020265335860423}. Best is trial 6 with value: 0.05322085693478584.
LOCAL_RANK: 0 - CUDA_VISIBLE_DEVICES: [0]
[I 2023-12-15 11:37:08,332] Trial 9 finished with value: 0.38439860939979553 and parameters: {'gradient_clip_val': 0.3735121121211336, 'hidden_size': 82, 'dropout': 0.3916234014818166, 'hidden_continuous_size': 11, 'attention_head_size': 4, 'learning_rate': 0.0013132219926207216}. Best is trial 6 with value: 0.05322085693478584.
LOCAL_RANK: 0 - CUDA_VISIBLE_DEVICES: [0]
[I 2023-12-15 11:37:53,515] Trial 10 finished with value: 0.0462065152823925 and parameters: {'gradient_clip_val': 0.11466362932711674, 'hidden_size': 6, 'dropout': 0.23534123338538582, 'hidden_continuous_size': 5, 'attention_head_size': 3, 'learning_rate': 0.02960988849088656}. Best is trial 10 with value: 0.0462065152823925.
LOCAL_RANK: 0 - CUDA_VISIBLE_DEVICES: [0]
[I 2023-12-15 11:38:27,987] Trial 11 finished with value: 0.25377294421195984 and parameters: {'gradient_clip_val': 0.10746018940586959, 'hidden_size': 5, 'dropout': 0.2352922547748123, 'hidden_continuous_size': 5, 'attention_head_size': 3, 'learning_rate': 0.030535940659517584}. Best is trial 10 with value: 0.0462065152823925.
LOCAL_RANK: 0 - CUDA_VISIBLE_DEVICES: [0]
[I 2023-12-15 11:39:13,046] Trial 12 finished with value: 0.21008479595184326 and parameters: {'gradient_clip_val': 0.15581402110606735, 'hidden_size': 7, 'dropout': 0.2096387049403653, 'hidden_continuous_size': 5, 'attention_head_size': 3, 'learning_rate': 0.024681860138003213}. Best is trial 10 with value: 0.0462065152823925.
LOCAL_RANK: 0 - CUDA_VISIBLE_DEVICES: [0]
[I 2023-12-15 11:39:56,820] Trial 13 finished with value: 0.045991212129592896 and parameters: {'gradient_clip_val': 0.16236632807768556, 'hidden_size': 8, 'dropout': 0.2806971880315647, 'hidden_continuous_size': 5, 'attention_head_size': 2, 'learning_rate': 0.02538808699606125}. Best is trial 13 with value: 0.045991212129592896.
LOCAL_RANK: 0 - CUDA_VISIBLE_DEVICES: [0]
[I 2023-12-15 11:40:41,988] Trial 14 finished with value: 0.3181408643722534 and parameters: {'gradient_clip_val': 0.17681890409283793, 'hidden_size': 9, 'dropout': 0.28602048248636985, 'hidden_continuous_size': 5, 'attention_head_size': 3, 'learning_rate': 0.017363199876622257}. Best is trial 13 with value: 0.045991212129592896.
LOCAL_RANK: 0 - CUDA_VISIBLE_DEVICES: [0]
[I 2023-12-15 11:41:15,233] Trial 15 finished with value: 0.15703988075256348 and parameters: {'gradient_clip_val': 0.16634742808616412, 'hidden_size': 5, 'dropout': 0.2748531280730225, 'hidden_continuous_size': 5, 'attention_head_size': 1, 'learning_rate': 0.01184145666189435}. Best is trial 13 with value: 0.045991212129592896.
LOCAL_RANK: 0 - CUDA_VISIBLE_DEVICES: [0]
[I 2023-12-15 11:41:58,708] Trial 16 finished with value: 0.11155959218740463 and parameters: {'gradient_clip_val': 0.22727979048275912, 'hidden_size': 8, 'dropout': 0.20178428382171204, 'hidden_continuous_size': 5, 'attention_head_size': 2, 'learning_rate': 0.04589814425525315}. Best is trial 13 with value: 0.045991212129592896.
LOCAL_RANK: 0 - CUDA_VISIBLE_DEVICES: [0]
[I 2023-12-15 11:42:44,358] Trial 17 finished with value: 0.05214042589068413 and parameters: {'gradient_clip_val': 0.1300200035507303, 'hidden_size': 11, 'dropout': 0.26744785749234123, 'hidden_continuous_size': 6, 'attention_head_size': 3, 'learning_rate': 0.03720838302425046}. Best is trial 13 with value: 0.045991212129592896.
LOCAL_RANK: 0 - CUDA_VISIBLE_DEVICES: [0]
[I 2023-12-15 11:43:29,658] Trial 18 finished with value: 0.16390125453472137 and parameters: {'gradient_clip_val': 0.151268710100024, 'hidden_size': 7, 'dropout': 0.3082287344927088, 'hidden_continuous_size': 5, 'attention_head_size': 3, 'learning_rate': 0.013099545150489993}. Best is trial 13 with value: 0.045991212129592896.
LOCAL_RANK: 0 - CUDA_VISIBLE_DEVICES: [0]
[I 2023-12-15 11:44:03,071] Trial 19 finished with value: 0.7304678559303284 and parameters: {'gradient_clip_val': 0.1972167159384235, 'hidden_size': 5, 'dropout': 0.21219344816517974, 'hidden_continuous_size': 5, 'attention_head_size': 2, 'learning_rate': 0.025466547006593874}. Best is trial 13 with value: 0.045991212129592896.
LOCAL_RANK: 0 - CUDA_VISIBLE_DEVICES: [0]
[I 2023-12-15 11:44:47,745] Trial 20 finished with value: 0.22911320626735687 and parameters: {'gradient_clip_val': 0.10059898860537171, 'hidden_size': 10, 'dropout': 0.25963368734848463, 'hidden_continuous_size': 6, 'attention_head_size': 1, 'learning_rate': 0.04555287834786512}. Best is trial 13 with value: 0.045991212129592896.
LOCAL_RANK: 0 - CUDA_VISIBLE_DEVICES: [0]
[I 2023-12-15 11:45:33,186] Trial 21 finished with value: 0.3809264898300171 and parameters: {'gradient_clip_val': 0.13591553838578002, 'hidden_size': 11, 'dropout': 0.27441615179433104, 'hidden_continuous_size': 6, 'attention_head_size': 3, 'learning_rate': 0.04340937795218848}. Best is trial 13 with value: 0.045991212129592896.
LOCAL_RANK: 0 - CUDA_VISIBLE_DEVICES: [0]
[I 2023-12-15 11:46:18,179] Trial 22 finished with value: 0.07376400381326675 and parameters: {'gradient_clip_val': 0.12816726557771327, 'hidden_size': 7, 'dropout': 0.25663438954879675, 'hidden_continuous_size': 5, 'attention_head_size': 3, 'learning_rate': 0.029969646322165096}. Best is trial 13 with value: 0.045991212129592896.
LOCAL_RANK: 0 - CUDA_VISIBLE_DEVICES: [0]
[I 2023-12-15 11:47:04,041] Trial 23 finished with value: 0.07346337288618088 and parameters: {'gradient_clip_val': 0.13639787088717625, 'hidden_size': 13, 'dropout': 0.29537929954928577, 'hidden_continuous_size': 6, 'attention_head_size': 4, 'learning_rate': 0.09743613003476252}. Best is trial 13 with value: 0.045991212129592896.
LOCAL_RANK: 0 - CUDA_VISIBLE_DEVICES: [0]
[I 2023-12-15 11:47:49,516] Trial 24 finished with value: 0.17255495488643646 and parameters: {'gradient_clip_val': 0.18597919761126497, 'hidden_size': 9, 'dropout': 0.315959765403112, 'hidden_continuous_size': 6, 'attention_head_size': 3, 'learning_rate': 0.018310434303056525}. Best is trial 13 with value: 0.045991212129592896.
LOCAL_RANK: 0 - CUDA_VISIBLE_DEVICES: [0]
[I 2023-12-15 11:48:34,373] Trial 25 finished with value: 0.27405935525894165 and parameters: {'gradient_clip_val': 0.12815732192849866, 'hidden_size': 6, 'dropout': 0.2755474418696676, 'hidden_continuous_size': 5, 'attention_head_size': 2, 'learning_rate': 0.010040822228617461}. Best is trial 13 with value: 0.045991212129592896.
LOCAL_RANK: 0 - CUDA_VISIBLE_DEVICES: [0]
[I 2023-12-15 11:49:20,378] Trial 26 finished with value: 0.05696524307131767 and parameters: {'gradient_clip_val': 0.20236514266536865, 'hidden_size': 15, 'dropout': 0.22952125048683458, 'hidden_continuous_size': 7, 'attention_head_size': 3, 'learning_rate': 0.06183068774178254}. Best is trial 13 with value: 0.045991212129592896.
LOCAL_RANK: 0 - CUDA_VISIBLE_DEVICES: [0]
[I 2023-12-15 11:50:06,163] Trial 27 finished with value: 0.15046383440494537 and parameters: {'gradient_clip_val': 0.15076365079910872, 'hidden_size': 11, 'dropout': 0.18849107365078946, 'hidden_continuous_size': 6, 'attention_head_size': 4, 'learning_rate': 0.03954216954317039}. Best is trial 13 with value: 0.045991212129592896.
LOCAL_RANK: 0 - CUDA_VISIBLE_DEVICES: [0]
[I 2023-12-15 11:50:50,796] Trial 28 finished with value: 0.06297340244054794 and parameters: {'gradient_clip_val': 0.12242254714762067, 'hidden_size': 6, 'dropout': 0.2590695667961137, 'hidden_continuous_size': 5, 'attention_head_size': 2, 'learning_rate': 0.01902945976914985}. Best is trial 13 with value: 0.045991212129592896.
LOCAL_RANK: 0 - CUDA_VISIBLE_DEVICES: [0]
[I 2023-12-15 11:51:37,048] Trial 29 finished with value: 0.04423239827156067 and parameters: {'gradient_clip_val': 0.24609563782056862, 'hidden_size': 14, 'dropout': 0.22851025873667294, 'hidden_continuous_size': 7, 'attention_head_size': 4, 'learning_rate': 0.03362627264490222}. Best is trial 29 with value: 0.04423239827156067.
LOCAL_RANK: 0 - CUDA_VISIBLE_DEVICES: [0]
[I 2023-12-15 11:52:23,125] Trial 30 finished with value: 0.1333840787410736 and parameters: {'gradient_clip_val': 0.2609734333805946, 'hidden_size': 14, 'dropout': 0.17779969330284146, 'hidden_continuous_size': 7, 'attention_head_size': 4, 'learning_rate': 0.05727422005118786}. Best is trial 29 with value: 0.04423239827156067.
LOCAL_RANK: 0 - CUDA_VISIBLE_DEVICES: [0]
[I 2023-12-15 11:53:08,968] Trial 31 finished with value: 0.3580731153488159 and parameters: {'gradient_clip_val': 0.16376395962883877, 'hidden_size': 9, 'dropout': 0.2341395379377319, 'hidden_continuous_size': 6, 'attention_head_size': 4, 'learning_rate': 0.033632724016516534}. Best is trial 29 with value: 0.04423239827156067.
LOCAL_RANK: 0 - CUDA_VISIBLE_DEVICES: [0]
[I 2023-12-15 11:53:53,882] Trial 32 finished with value: 0.16342242062091827 and parameters: {'gradient_clip_val': 0.11884649232814201, 'hidden_size': 12, 'dropout': 0.2245913007038962, 'hidden_continuous_size': 7, 'attention_head_size': 4, 'learning_rate': 0.021206135916114692}. Best is trial 29 with value: 0.04423239827156067.
LOCAL_RANK: 0 - CUDA_VISIBLE_DEVICES: [0]
[I 2023-12-15 11:54:39,135] Trial 33 finished with value: 0.31583717465400696 and parameters: {'gradient_clip_val': 0.20720648949538242, 'hidden_size': 16, 'dropout': 0.13935479041174353, 'hidden_continuous_size': 7, 'attention_head_size': 3, 'learning_rate': 0.035184674362589125}. Best is trial 29 with value: 0.04423239827156067.
LOCAL_RANK: 0 - CUDA_VISIBLE_DEVICES: [0]
[I 2023-12-15 11:55:27,938] Trial 34 finished with value: 0.24580305814743042 and parameters: {'gradient_clip_val': 0.10018254414188613, 'hidden_size': 21, 'dropout': 0.24701505773847884, 'hidden_continuous_size': 8, 'attention_head_size': 4, 'learning_rate': 0.027644162549240972}. Best is trial 29 with value: 0.04423239827156067.
LOCAL_RANK: 0 - CUDA_VISIBLE_DEVICES: [0]
[I 2023-12-15 11:56:13,158] Trial 35 finished with value: 0.08835360407829285 and parameters: {'gradient_clip_val': 0.14117494035455588, 'hidden_size': 10, 'dropout': 0.2133344320954039, 'hidden_continuous_size': 6, 'attention_head_size': 2, 'learning_rate': 0.015754754898940505}. Best is trial 29 with value: 0.04423239827156067.
LOCAL_RANK: 0 - CUDA_VISIBLE_DEVICES: [0]
[I 2023-12-15 11:57:02,276] Trial 36 finished with value: 0.05624598637223244 and parameters: {'gradient_clip_val': 0.17396776457151744, 'hidden_size': 26, 'dropout': 0.2672187896720198, 'hidden_continuous_size': 8, 'attention_head_size': 3, 'learning_rate': 0.009439858252802866}. Best is trial 29 with value: 0.04423239827156067.
LOCAL_RANK: 0 - CUDA_VISIBLE_DEVICES: [0]
[I 2023-12-15 11:57:48,427] Trial 37 finished with value: 0.28808972239494324 and parameters: {'gradient_clip_val': 0.2419192503406139, 'hidden_size': 14, 'dropout': 0.2881099183472431, 'hidden_continuous_size': 7, 'attention_head_size': 4, 'learning_rate': 0.022516783351313546}. Best is trial 29 with value: 0.04423239827156067.
LOCAL_RANK: 0 - CUDA_VISIBLE_DEVICES: [0]
[I 2023-12-15 11:58:32,654] Trial 38 finished with value: 0.361337274312973 and parameters: {'gradient_clip_val': 0.11647225869392752, 'hidden_size': 8, 'dropout': 0.24543226264100504, 'hidden_continuous_size': 5, 'attention_head_size': 3, 'learning_rate': 0.004340244516847845}. Best is trial 29 with value: 0.04423239827156067.
LOCAL_RANK: 0 - CUDA_VISIBLE_DEVICES: [0]
[I 2023-12-15 11:59:19,562] Trial 39 finished with value: 0.13355398178100586 and parameters: {'gradient_clip_val': 0.1440394038676773, 'hidden_size': 18, 'dropout': 0.32918162233771353, 'hidden_continuous_size': 8, 'attention_head_size': 2, 'learning_rate': 0.08028200086991852}. Best is trial 29 with value: 0.04423239827156067.
LOCAL_RANK: 0 - CUDA_VISIBLE_DEVICES: [0]
[I 2023-12-15 12:00:04,246] Trial 40 finished with value: 0.08759953826665878 and parameters: {'gradient_clip_val': 0.2834266353570544, 'hidden_size': 13, 'dropout': 0.22327610014577, 'hidden_continuous_size': 6, 'attention_head_size': 1, 'learning_rate': 0.04988232997848912}. Best is trial 29 with value: 0.04423239827156067.
LOCAL_RANK: 0 - CUDA_VISIBLE_DEVICES: [0]
[I 2023-12-15 12:00:51,046] Trial 41 finished with value: 0.08838900178670883 and parameters: {'gradient_clip_val': 0.1135688228165541, 'hidden_size': 19, 'dropout': 0.2433489230855014, 'hidden_continuous_size': 6, 'attention_head_size': 2, 'learning_rate': 0.06796468353650864}. Best is trial 29 with value: 0.04423239827156067.
LOCAL_RANK: 0 - CUDA_VISIBLE_DEVICES: [0]
[I 2023-12-15 12:01:39,838] Trial 42 finished with value: 0.07147588580846786 and parameters: {'gradient_clip_val': 0.1117570861901902, 'hidden_size': 25, 'dropout': 0.2604501932320155, 'hidden_continuous_size': 9, 'attention_head_size': 2, 'learning_rate': 0.057787161691975085}. Best is trial 29 with value: 0.04423239827156067.
LOCAL_RANK: 0 - CUDA_VISIBLE_DEVICES: [0]
[I 2023-12-15 12:02:25,556] Trial 43 finished with value: 0.03820999711751938 and parameters: {'gradient_clip_val': 0.1308324663181614, 'hidden_size': 16, 'dropout': 0.23615099161859326, 'hidden_continuous_size': 13, 'attention_head_size': 2, 'learning_rate': 0.03514894057244936}. Best is trial 43 with value: 0.03820999711751938.
LOCAL_RANK: 0 - CUDA_VISIBLE_DEVICES: [0]
[I 2023-12-15 12:03:13,385] Trial 44 finished with value: 0.30808141827583313 and parameters: {'gradient_clip_val': 0.13043034554087826, 'hidden_size': 17, 'dropout': 0.2851143468998537, 'hidden_continuous_size': 14, 'attention_head_size': 2, 'learning_rate': 0.034550429647047756}. Best is trial 43 with value: 0.03820999711751938.
LOCAL_RANK: 0 - CUDA_VISIBLE_DEVICES: [0]
[I 2023-12-15 12:03:59,927] Trial 45 finished with value: 0.182928204536438 and parameters: {'gradient_clip_val': 0.16093253102793412, 'hidden_size': 15, 'dropout': 0.24416096875618343, 'hidden_continuous_size': 10, 'attention_head_size': 3, 'learning_rate': 0.024958223528653716}. Best is trial 43 with value: 0.03820999711751938.
LOCAL_RANK: 0 - CUDA_VISIBLE_DEVICES: [0]
[I 2023-12-15 12:04:44,163] Trial 46 finished with value: 0.045286476612091064 and parameters: {'gradient_clip_val': 0.19010457080506812, 'hidden_size': 12, 'dropout': 0.19873721825130852, 'hidden_continuous_size': 8, 'attention_head_size': 2, 'learning_rate': 0.03134461106792788}. Best is trial 43 with value: 0.03820999711751938.
LOCAL_RANK: 0 - CUDA_VISIBLE_DEVICES: [0]
[I 2023-12-15 12:05:32,639] Trial 47 finished with value: 0.07576040923595428 and parameters: {'gradient_clip_val': 0.22649530673448912, 'hidden_size': 21, 'dropout': 0.1939262354473846, 'hidden_continuous_size': 13, 'attention_head_size': 1, 'learning_rate': 0.014629804651848467}. Best is trial 43 with value: 0.03820999711751938.
LOCAL_RANK: 0 - CUDA_VISIBLE_DEVICES: [0]
[I 2023-12-15 12:06:17,067] Trial 48 finished with value: 0.03570719063282013 and parameters: {'gradient_clip_val': 0.17892432645668999, 'hidden_size': 16, 'dropout': 0.21991413569420318, 'hidden_continuous_size': 8, 'attention_head_size': 2, 'learning_rate': 0.026246462467618904}. Best is trial 48 with value: 0.03570719063282013.
LOCAL_RANK: 0 - CUDA_VISIBLE_DEVICES: [0]
[I 2023-12-15 12:07:04,944] Trial 49 finished with value: 0.06489063799381256 and parameters: {'gradient_clip_val': 0.18393149421349897, 'hidden_size': 32, 'dropout': 0.17390313537207155, 'hidden_continuous_size': 11, 'attention_head_size': 2, 'learning_rate': 0.02070706642559676}. Best is trial 48 with value: 0.03570719063282013.
[I 2023-12-15 12:07:05,041] A new study created in memory with name: no-name-97b209da-0dc2-484e-93ec-0d25371eb41b
/home/le004/conda/anaconda3/envs/tsff_env/lib/python3.9/site-packages/lightning/fabric/plugins/environments/slurm.py:191: The `srun` command is available on your system but is not used. HINT: If your intention is to run Lightning on SLURM, prepend your python command with `srun` like so: srun python /home/le004/master_thesis/git/TSFusionForecast/code/ ...
LOCAL_RANK: 0 - CUDA_VISIBLE_DEVICES: [0]
[I 2023-12-15 12:07:54,000] Trial 0 finished with value: 0.1953250616788864 and parameters: {'gradient_clip_val': 0.5427396529272618, 'hidden_size': 25, 'dropout': 0.3828373577633286, 'hidden_continuous_size': 10, 'attention_head_size': 2, 'learning_rate': 0.0010051238676860481}. Best is trial 0 with value: 0.1953250616788864.
LOCAL_RANK: 0 - CUDA_VISIBLE_DEVICES: [0]
[I 2023-12-15 12:08:27,635] Trial 1 finished with value: 1.6654911041259766 and parameters: {'gradient_clip_val': 0.9892490790295467, 'hidden_size': 5, 'dropout': 0.11437270588999726, 'hidden_continuous_size': 5, 'attention_head_size': 1, 'learning_rate': 0.0005772442926468833}. Best is trial 0 with value: 0.1953250616788864.
LOCAL_RANK: 0 - CUDA_VISIBLE_DEVICES: [0]
[I 2023-12-15 12:09:15,891] Trial 2 finished with value: 0.708550751209259 and parameters: {'gradient_clip_val': 0.1474189444219757, 'hidden_size': 19, 'dropout': 0.3484992937649808, 'hidden_continuous_size': 11, 'attention_head_size': 3, 'learning_rate': 0.0009756756745222674}. Best is trial 0 with value: 0.1953250616788864.
LOCAL_RANK: 0 - CUDA_VISIBLE_DEVICES: [0]
[I 2023-12-15 12:10:07,406] Trial 3 finished with value: 0.23991544544696808 and parameters: {'gradient_clip_val': 0.20518030263814613, 'hidden_size': 26, 'dropout': 0.22443387911324975, 'hidden_continuous_size': 25, 'attention_head_size': 3, 'learning_rate': 0.000821829672447603}. Best is trial 0 with value: 0.1953250616788864.
LOCAL_RANK: 0 - CUDA_VISIBLE_DEVICES: [0]
[I 2023-12-15 12:11:03,881] Trial 4 finished with value: 0.07201174646615982 and parameters: {'gradient_clip_val': 0.6168175398530635, 'hidden_size': 87, 'dropout': 0.3933952417251867, 'hidden_continuous_size': 58, 'attention_head_size': 3, 'learning_rate': 0.008548123077520864}. Best is trial 4 with value: 0.07201174646615982.
LOCAL_RANK: 0 - CUDA_VISIBLE_DEVICES: [0]
[I 2023-12-15 12:11:48,906] Trial 5 finished with value: 0.2674487829208374 and parameters: {'gradient_clip_val': 0.4663942381153272, 'hidden_size': 13, 'dropout': 0.2330039233807211, 'hidden_continuous_size': 5, 'attention_head_size': 1, 'learning_rate': 0.0016161018098940412}. Best is trial 4 with value: 0.07201174646615982.
LOCAL_RANK: 0 - CUDA_VISIBLE_DEVICES: [0]
[I 2023-12-15 12:12:37,035] Trial 6 finished with value: 0.5876250267028809 and parameters: {'gradient_clip_val': 0.23592928693388399, 'hidden_size': 21, 'dropout': 0.28682042039707123, 'hidden_continuous_size': 7, 'attention_head_size': 2, 'learning_rate': 0.033711757339683}. Best is trial 4 with value: 0.07201174646615982.
LOCAL_RANK: 0 - CUDA_VISIBLE_DEVICES: [0]
[I 2023-12-15 12:13:22,463] Trial 7 finished with value: 0.07500457763671875 and parameters: {'gradient_clip_val': 0.18369412905202434, 'hidden_size': 16, 'dropout': 0.130251510792002, 'hidden_continuous_size': 12, 'attention_head_size': 2, 'learning_rate': 0.0018203099809928648}. Best is trial 4 with value: 0.07201174646615982.
LOCAL_RANK: 0 - CUDA_VISIBLE_DEVICES: [0]
[I 2023-12-15 12:14:07,765] Trial 8 finished with value: 0.06424836814403534 and parameters: {'gradient_clip_val': 0.396024561951483, 'hidden_size': 15, 'dropout': 0.17526531118037397, 'hidden_continuous_size': 7, 'attention_head_size': 1, 'learning_rate': 0.011145375178448566}. Best is trial 8 with value: 0.06424836814403534.
LOCAL_RANK: 0 - CUDA_VISIBLE_DEVICES: [0]
[I 2023-12-15 12:14:53,101] Trial 9 finished with value: 0.3472517430782318 and parameters: {'gradient_clip_val': 0.29056088866898666, 'hidden_size': 7, 'dropout': 0.12522761518167524, 'hidden_continuous_size': 5, 'attention_head_size': 3, 'learning_rate': 0.00295029104953166}. Best is trial 8 with value: 0.06424836814403534.
LOCAL_RANK: 0 - CUDA_VISIBLE_DEVICES: [0]
[I 2023-12-15 12:15:46,810] Trial 10 finished with value: 0.07697021216154099 and parameters: {'gradient_clip_val': 0.3516422100600779, 'hidden_size': 49, 'dropout': 0.1923327689601996, 'hidden_continuous_size': 20, 'attention_head_size': 4, 'learning_rate': 0.07394924101514484}. Best is trial 8 with value: 0.06424836814403534.
LOCAL_RANK: 0 - CUDA_VISIBLE_DEVICES: [0]
[I 2023-12-15 12:16:45,022] Trial 11 finished with value: 0.059268008917570114 and parameters: {'gradient_clip_val': 0.10799393214369174, 'hidden_size': 86, 'dropout': 0.3030029056619328, 'hidden_continuous_size': 67, 'attention_head_size': 4, 'learning_rate': 0.011173145851498449}. Best is trial 11 with value: 0.059268008917570114.
LOCAL_RANK: 0 - CUDA_VISIBLE_DEVICES: [0]
[I 2023-12-15 12:17:42,734] Trial 12 finished with value: 0.2171555906534195 and parameters: {'gradient_clip_val': 0.10536433535199538, 'hidden_size': 83, 'dropout': 0.2875989695971083, 'hidden_continuous_size': 74, 'attention_head_size': 4, 'learning_rate': 0.010936550059495431}. Best is trial 11 with value: 0.059268008917570114.
LOCAL_RANK: 0 - CUDA_VISIBLE_DEVICES: [0]
