[I 2023-12-15 21:25:41,970] Trial 6 finished with value: 20.933725357055664 and parameters: {'gradient_clip_val': 0.42386931098586283, 'hidden_size': 28, 'dropout': 0.1278757389609608, 'hidden_continuous_size': 6, 'attention_head_size': 4, 'learning_rate': 0.019593282160204575}. Best is trial 5 with value: 20.840919494628906.
LOCAL_RANK: 0 - CUDA_VISIBLE_DEVICES: [0]
[I 2023-12-15 21:26:37,128] Trial 7 finished with value: 20.187883377075195 and parameters: {'gradient_clip_val': 0.28322491628697133, 'hidden_size': 80, 'dropout': 0.15209922930406528, 'hidden_continuous_size': 47, 'attention_head_size': 1, 'learning_rate': 0.08984316949954946}. Best is trial 7 with value: 20.187883377075195.
LOCAL_RANK: 0 - CUDA_VISIBLE_DEVICES: [0]
[I 2023-12-15 21:27:22,826] Trial 8 finished with value: 38.654815673828125 and parameters: {'gradient_clip_val': 0.16006015091521397, 'hidden_size': 10, 'dropout': 0.32284716174710537, 'hidden_continuous_size': 7, 'attention_head_size': 1, 'learning_rate': 0.000599591901232751}. Best is trial 7 with value: 20.187883377075195.
LOCAL_RANK: 0 - CUDA_VISIBLE_DEVICES: [0]
[I 2023-12-15 21:28:11,991] Trial 9 finished with value: 24.22923469543457 and parameters: {'gradient_clip_val': 0.30163500395032905, 'hidden_size': 22, 'dropout': 0.16865463282452342, 'hidden_continuous_size': 10, 'attention_head_size': 2, 'learning_rate': 0.0025259096899484623}. Best is trial 7 with value: 20.187883377075195.
LOCAL_RANK: 0 - CUDA_VISIBLE_DEVICES: [0]
[I 2023-12-15 21:29:08,282] Trial 10 finished with value: 32.61068344116211 and parameters: {'gradient_clip_val': 0.8691958624992884, 'hidden_size': 100, 'dropout': 0.3964330232012866, 'hidden_continuous_size': 53, 'attention_head_size': 2, 'learning_rate': 0.021449916316205513}. Best is trial 7 with value: 20.187883377075195.
LOCAL_RANK: 0 - CUDA_VISIBLE_DEVICES: [0]
[I 2023-12-15 21:30:00,674] Trial 11 finished with value: 71.16253662109375 and parameters: {'gradient_clip_val': 0.9356659999827226, 'hidden_size': 37, 'dropout': 0.22993729437594057, 'hidden_continuous_size': 17, 'attention_head_size': 2, 'learning_rate': 0.00207744829847185}. Best is trial 7 with value: 20.187883377075195.
LOCAL_RANK: 0 - CUDA_VISIBLE_DEVICES: [0]
[I 2023-12-15 21:30:53,247] Trial 12 finished with value: 34.58147048950195 and parameters: {'gradient_clip_val': 0.6160495503128652, 'hidden_size': 44, 'dropout': 0.2163466851772827, 'hidden_continuous_size': 26, 'attention_head_size': 1, 'learning_rate': 0.006831147836040713}. Best is trial 7 with value: 20.187883377075195.
LOCAL_RANK: 0 - CUDA_VISIBLE_DEVICES: [0]
[I 2023-12-15 21:31:48,036] Trial 13 finished with value: 24.776565551757812 and parameters: {'gradient_clip_val': 0.5888779366527226, 'hidden_size': 51, 'dropout': 0.26691541007701486, 'hidden_continuous_size': 48, 'attention_head_size': 3, 'learning_rate': 0.0009487883863462923}. Best is trial 7 with value: 20.187883377075195.
LOCAL_RANK: 0 - CUDA_VISIBLE_DEVICES: [0]
[I 2023-12-15 21:32:37,317] Trial 14 finished with value: 14.027953147888184 and parameters: {'gradient_clip_val': 0.23858077616434598, 'hidden_size': 30, 'dropout': 0.1998010038674682, 'hidden_continuous_size': 11, 'attention_head_size': 2, 'learning_rate': 0.0013051518325065358}. Best is trial 14 with value: 14.027953147888184.
LOCAL_RANK: 0 - CUDA_VISIBLE_DEVICES: [0]
[I 2023-12-15 21:33:30,881] Trial 15 finished with value: 18.613691329956055 and parameters: {'gradient_clip_val': 0.23121173344522167, 'hidden_size': 68, 'dropout': 0.1876211813915334, 'hidden_continuous_size': 28, 'attention_head_size': 2, 'learning_rate': 0.005497623829210914}. Best is trial 14 with value: 14.027953147888184.
LOCAL_RANK: 0 - CUDA_VISIBLE_DEVICES: [0]
[I 2023-12-15 21:34:24,670] Trial 16 finished with value: 23.404150009155273 and parameters: {'gradient_clip_val': 0.2168932745939247, 'hidden_size': 56, 'dropout': 0.1973010714241487, 'hidden_continuous_size': 24, 'attention_head_size': 3, 'learning_rate': 0.004482550178720266}. Best is trial 14 with value: 14.027953147888184.
LOCAL_RANK: 0 - CUDA_VISIBLE_DEVICES: [0]
[I 2023-12-15 21:35:14,802] Trial 17 finished with value: 19.82340431213379 and parameters: {'gradient_clip_val': 0.21872334379234074, 'hidden_size': 33, 'dropout': 0.190843561600872, 'hidden_continuous_size': 10, 'attention_head_size': 2, 'learning_rate': 0.0011282548514453751}. Best is trial 14 with value: 14.027953147888184.
LOCAL_RANK: 0 - CUDA_VISIBLE_DEVICES: [0]
[I 2023-12-15 21:36:08,464] Trial 18 finished with value: 14.018489837646484 and parameters: {'gradient_clip_val': 0.2260187199676983, 'hidden_size': 61, 'dropout': 0.2404871490279539, 'hidden_continuous_size': 24, 'attention_head_size': 2, 'learning_rate': 0.0005642928948529113}. Best is trial 18 with value: 14.018489837646484.
LOCAL_RANK: 0 - CUDA_VISIBLE_DEVICES: [0]
[I 2023-12-15 21:37:01,854] Trial 19 finished with value: 21.99189567565918 and parameters: {'gradient_clip_val': 0.1709488276819705, 'hidden_size': 43, 'dropout': 0.23942012384842234, 'hidden_continuous_size': 19, 'attention_head_size': 3, 'learning_rate': 0.000514451897187337}. Best is trial 18 with value: 14.018489837646484.
LOCAL_RANK: 0 - CUDA_VISIBLE_DEVICES: [0]
[I 2023-12-15 21:37:51,449] Trial 20 finished with value: 46.036197662353516 and parameters: {'gradient_clip_val': 0.34136001271520894, 'hidden_size': 29, 'dropout': 0.2523832155535434, 'hidden_continuous_size': 13, 'attention_head_size': 2, 'learning_rate': 0.0008674003544978357}. Best is trial 18 with value: 14.018489837646484.
LOCAL_RANK: 0 - CUDA_VISIBLE_DEVICES: [0]
[I 2023-12-15 21:38:45,008] Trial 21 finished with value: 19.28693199157715 and parameters: {'gradient_clip_val': 0.22608512407981868, 'hidden_size': 61, 'dropout': 0.20647422577006633, 'hidden_continuous_size': 26, 'attention_head_size': 2, 'learning_rate': 0.0014569798435846105}. Best is trial 18 with value: 14.018489837646484.
LOCAL_RANK: 0 - CUDA_VISIBLE_DEVICES: [0]
[I 2023-12-15 21:39:40,888] Trial 22 finished with value: 39.58256912231445 and parameters: {'gradient_clip_val': 0.21709496116174057, 'hidden_size': 84, 'dropout': 0.22831656229287772, 'hidden_continuous_size': 37, 'attention_head_size': 2, 'learning_rate': 0.0007669743925910538}. Best is trial 18 with value: 14.018489837646484.
LOCAL_RANK: 0 - CUDA_VISIBLE_DEVICES: [0]
[I 2023-12-15 21:40:35,079] Trial 23 finished with value: 28.39372444152832 and parameters: {'gradient_clip_val': 0.24211715891363553, 'hidden_size': 61, 'dropout': 0.19904138218224032, 'hidden_continuous_size': 36, 'attention_head_size': 2, 'learning_rate': 0.0005133438432272055}. Best is trial 18 with value: 14.018489837646484.
LOCAL_RANK: 0 - CUDA_VISIBLE_DEVICES: [0]
[I 2023-12-15 21:41:28,506] Trial 24 finished with value: 21.398696899414062 and parameters: {'gradient_clip_val': 0.18318867603513847, 'hidden_size': 46, 'dropout': 0.1814325075884527, 'hidden_continuous_size': 20, 'attention_head_size': 3, 'learning_rate': 0.001264432761194536}. Best is trial 18 with value: 14.018489837646484.
LOCAL_RANK: 0 - CUDA_VISIBLE_DEVICES: [0]
[I 2023-12-15 21:42:25,849] Trial 25 finished with value: 18.586048126220703 and parameters: {'gradient_clip_val': 0.26521133677809106, 'hidden_size': 98, 'dropout': 0.15040974844469648, 'hidden_continuous_size': 64, 'attention_head_size': 2, 'learning_rate': 0.002704030985773742}. Best is trial 18 with value: 14.018489837646484.
LOCAL_RANK: 0 - CUDA_VISIBLE_DEVICES: [0]
[I 2023-12-15 21:43:23,130] Trial 26 finished with value: 29.023941040039062 and parameters: {'gradient_clip_val': 0.27140837706406395, 'hidden_size': 77, 'dropout': 0.14336009801304556, 'hidden_continuous_size': 73, 'attention_head_size': 3, 'learning_rate': 0.0022645498586106893}. Best is trial 18 with value: 14.018489837646484.
LOCAL_RANK: 0 - CUDA_VISIBLE_DEVICES: [0]
[I 2023-12-15 21:44:21,798] Trial 27 finished with value: 22.31266212463379 and parameters: {'gradient_clip_val': 0.3337740176002006, 'hidden_size': 100, 'dropout': 0.15196100321735015, 'hidden_continuous_size': 90, 'attention_head_size': 2, 'learning_rate': 0.003310171824106128}. Best is trial 18 with value: 14.018489837646484.
LOCAL_RANK: 0 - CUDA_VISIBLE_DEVICES: [0]
[I 2023-12-15 21:45:14,925] Trial 28 finished with value: 18.0623836517334 and parameters: {'gradient_clip_val': 0.19369184374594803, 'hidden_size': 51, 'dropout': 0.1289412817314372, 'hidden_continuous_size': 15, 'attention_head_size': 2, 'learning_rate': 0.0014095141820210184}. Best is trial 18 with value: 14.018489837646484.
LOCAL_RANK: 0 - CUDA_VISIBLE_DEVICES: [0]
[I 2023-12-15 21:46:06,683] Trial 29 finished with value: 41.63710403442383 and parameters: {'gradient_clip_val': 0.13570751697561462, 'hidden_size': 40, 'dropout': 0.17713078824859055, 'hidden_continuous_size': 15, 'attention_head_size': 3, 'learning_rate': 0.0015347615067859638}. Best is trial 18 with value: 14.018489837646484.
LOCAL_RANK: 0 - CUDA_VISIBLE_DEVICES: [0]
[I 2023-12-15 21:46:59,669] Trial 30 finished with value: 31.77382469177246 and parameters: {'gradient_clip_val': 0.19248882241377263, 'hidden_size': 56, 'dropout': 0.13003040048585088, 'hidden_continuous_size': 10, 'attention_head_size': 3, 'learning_rate': 0.0007118579195544107}. Best is trial 18 with value: 14.018489837646484.
LOCAL_RANK: 0 - CUDA_VISIBLE_DEVICES: [0]
[I 2023-12-15 21:47:52,794] Trial 31 finished with value: 21.327695846557617 and parameters: {'gradient_clip_val': 0.26706683407715825, 'hidden_size': 52, 'dropout': 0.16545542894852616, 'hidden_continuous_size': 21, 'attention_head_size': 2, 'learning_rate': 0.001126487072453442}. Best is trial 18 with value: 14.018489837646484.
LOCAL_RANK: 0 - CUDA_VISIBLE_DEVICES: [0]
[I 2023-12-15 21:48:46,981] Trial 32 finished with value: 34.860904693603516 and parameters: {'gradient_clip_val': 0.18989992467361255, 'hidden_size': 86, 'dropout': 0.1222822997341441, 'hidden_continuous_size': 14, 'attention_head_size': 2, 'learning_rate': 0.0027781865381569485}. Best is trial 18 with value: 14.018489837646484.
LOCAL_RANK: 0 - CUDA_VISIBLE_DEVICES: [0]
[I 2023-12-15 21:49:40,186] Trial 33 finished with value: 21.687047958374023 and parameters: {'gradient_clip_val': 0.2530821446234095, 'hidden_size': 68, 'dropout': 0.10593116783894012, 'hidden_continuous_size': 17, 'attention_head_size': 2, 'learning_rate': 0.0018796415511844213}. Best is trial 18 with value: 14.018489837646484.
LOCAL_RANK: 0 - CUDA_VISIBLE_DEVICES: [0]
[I 2023-12-15 21:50:29,751] Trial 34 finished with value: 23.591394424438477 and parameters: {'gradient_clip_val': 0.32834400465429325, 'hidden_size': 36, 'dropout': 0.1610973403840923, 'hidden_continuous_size': 11, 'attention_head_size': 2, 'learning_rate': 0.0009038327853144152}. Best is trial 18 with value: 14.018489837646484.
LOCAL_RANK: 0 - CUDA_VISIBLE_DEVICES: [0]
[I 2023-12-15 21:51:21,493] Trial 35 finished with value: 33.22996139526367 and parameters: {'gradient_clip_val': 0.14273137534441335, 'hidden_size': 68, 'dropout': 0.14041721699810206, 'hidden_continuous_size': 9, 'attention_head_size': 1, 'learning_rate': 0.0034500015160877423}. Best is trial 18 with value: 14.018489837646484.
LOCAL_RANK: 0 - CUDA_VISIBLE_DEVICES: [0]
[I 2023-12-15 21:52:14,400] Trial 36 finished with value: 23.40744972229004 and parameters: {'gradient_clip_val': 0.3724060663901405, 'hidden_size': 48, 'dropout': 0.2141589301133392, 'hidden_continuous_size': 12, 'attention_head_size': 4, 'learning_rate': 0.0012717181594105067}. Best is trial 18 with value: 14.018489837646484.
LOCAL_RANK: 0 - CUDA_VISIBLE_DEVICES: [0]
[I 2023-12-15 21:53:07,526] Trial 37 finished with value: 36.89080810546875 and parameters: {'gradient_clip_val': 0.2877571394739113, 'hidden_size': 60, 'dropout': 0.10462947566238323, 'hidden_continuous_size': 14, 'attention_head_size': 1, 'learning_rate': 0.0016205039117220192}. Best is trial 18 with value: 14.018489837646484.
LOCAL_RANK: 0 - CUDA_VISIBLE_DEVICES: [0]
[I 2023-12-15 21:53:57,232] Trial 38 finished with value: 85.314697265625 and parameters: {'gradient_clip_val': 0.2012773682938836, 'hidden_size': 30, 'dropout': 0.17327841039175024, 'hidden_continuous_size': 8, 'attention_head_size': 2, 'learning_rate': 0.0006562873821985293}. Best is trial 18 with value: 14.018489837646484.
LOCAL_RANK: 0 - CUDA_VISIBLE_DEVICES: [0]
[I 2023-12-15 21:54:49,584] Trial 39 finished with value: 34.90854263305664 and parameters: {'gradient_clip_val': 0.157207668882963, 'hidden_size': 39, 'dropout': 0.12425370395878632, 'hidden_continuous_size': 17, 'attention_head_size': 1, 'learning_rate': 0.001973648691646015}. Best is trial 18 with value: 14.018489837646484.
LOCAL_RANK: 0 - CUDA_VISIBLE_DEVICES: [0]
[I 2023-12-15 21:55:43,805] Trial 40 finished with value: 34.63243865966797 and parameters: {'gradient_clip_val': 0.30413668800522703, 'hidden_size': 74, 'dropout': 0.14613986006394913, 'hidden_continuous_size': 22, 'attention_head_size': 2, 'learning_rate': 0.0009096336819449013}. Best is trial 18 with value: 14.018489837646484.
LOCAL_RANK: 0 - CUDA_VISIBLE_DEVICES: [0]
[I 2023-12-15 21:56:37,228] Trial 41 finished with value: 24.246536254882812 and parameters: {'gradient_clip_val': 0.2504336259637059, 'hidden_size': 68, 'dropout': 0.1854199110917361, 'hidden_continuous_size': 30, 'attention_head_size': 2, 'learning_rate': 0.005013676565070345}. Best is trial 18 with value: 14.018489837646484.
LOCAL_RANK: 0 - CUDA_VISIBLE_DEVICES: [0]
[I 2023-12-15 21:57:31,517] Trial 42 finished with value: 20.435617446899414 and parameters: {'gradient_clip_val': 0.23971008573950014, 'hidden_size': 88, 'dropout': 0.19112320578316364, 'hidden_continuous_size': 31, 'attention_head_size': 2, 'learning_rate': 0.00262747293310602}. Best is trial 18 with value: 14.018489837646484.
LOCAL_RANK: 0 - CUDA_VISIBLE_DEVICES: [0]
[I 2023-12-15 21:58:19,626] Trial 43 finished with value: 19.574275970458984 and parameters: {'gradient_clip_val': 0.20539542603858965, 'hidden_size': 24, 'dropout': 0.1578263648332666, 'hidden_continuous_size': 16, 'attention_head_size': 2, 'learning_rate': 0.0055844327790306805}. Best is trial 18 with value: 14.018489837646484.
LOCAL_RANK: 0 - CUDA_VISIBLE_DEVICES: [0]
[I 2023-12-15 21:59:12,051] Trial 44 finished with value: 19.225595474243164 and parameters: {'gradient_clip_val': 0.26884264787163153, 'hidden_size': 52, 'dropout': 0.17123599097747338, 'hidden_continuous_size': 19, 'attention_head_size': 2, 'learning_rate': 0.003281758924060297}. Best is trial 18 with value: 14.018489837646484.
LOCAL_RANK: 0 - CUDA_VISIBLE_DEVICES: [0]
[I 2023-12-15 22:00:08,471] Trial 45 finished with value: 48.553924560546875 and parameters: {'gradient_clip_val': 0.24119980693295665, 'hidden_size': 93, 'dropout': 0.20683399956718068, 'hidden_continuous_size': 59, 'attention_head_size': 1, 'learning_rate': 0.0017060883890410595}. Best is trial 18 with value: 14.018489837646484.
LOCAL_RANK: 0 - CUDA_VISIBLE_DEVICES: [0]
[I 2023-12-15 22:01:02,950] Trial 46 finished with value: 42.22235870361328 and parameters: {'gradient_clip_val': 0.17554722806448614, 'hidden_size': 77, 'dropout': 0.13565200940808825, 'hidden_continuous_size': 23, 'attention_head_size': 2, 'learning_rate': 0.010209510912985907}. Best is trial 18 with value: 14.018489837646484.
LOCAL_RANK: 0 - CUDA_VISIBLE_DEVICES: [0]
[I 2023-12-15 22:01:55,922] Trial 47 finished with value: 63.97684097290039 and parameters: {'gradient_clip_val': 0.3006280253014303, 'hidden_size': 45, 'dropout': 0.11759612212488695, 'hidden_continuous_size': 25, 'attention_head_size': 2, 'learning_rate': 0.004072311883639071}. Best is trial 18 with value: 14.018489837646484.
LOCAL_RANK: 0 - CUDA_VISIBLE_DEVICES: [0]
[I 2023-12-15 22:02:51,286] Trial 48 finished with value: 15.966339111328125 and parameters: {'gradient_clip_val': 0.2062185073311045, 'hidden_size': 70, 'dropout': 0.2220527816496094, 'hidden_continuous_size': 43, 'attention_head_size': 3, 'learning_rate': 0.0006693227108138045}. Best is trial 18 with value: 14.018489837646484.
LOCAL_RANK: 0 - CUDA_VISIBLE_DEVICES: [0]
[I 2023-12-15 22:03:47,816] Trial 49 finished with value: 18.491361618041992 and parameters: {'gradient_clip_val': 0.1963075353327048, 'hidden_size': 85, 'dropout': 0.22442489538916516, 'hidden_continuous_size': 38, 'attention_head_size': 3, 'learning_rate': 0.0006965193301036573}. Best is trial 18 with value: 14.018489837646484.
[I 2023-12-15 22:03:47,911] A new study created in memory with name: no-name-fd7919a0-70c3-4aab-b988-7458ef9828dd
/home/le004/conda/anaconda3/envs/tsff_env/lib/python3.9/site-packages/lightning/fabric/plugins/environments/slurm.py:191: The `srun` command is available on your system but is not used. HINT: If your intention is to run Lightning on SLURM, prepend your python command with `srun` like so: srun python /home/le004/master_thesis/git/TSFusionForecast/code/ ...
LOCAL_RANK: 0 - CUDA_VISIBLE_DEVICES: [0]
[I 2023-12-15 22:04:25,735] Trial 0 finished with value: 243.87550354003906 and parameters: {'gradient_clip_val': 0.7784976421961851, 'hidden_size': 6, 'dropout': 0.35610870655758686, 'hidden_continuous_size': 6, 'attention_head_size': 4, 'learning_rate': 0.004355707754189821}. Best is trial 0 with value: 243.87550354003906.
LOCAL_RANK: 0 - CUDA_VISIBLE_DEVICES: [0]
[I 2023-12-15 22:05:14,870] Trial 1 finished with value: 267.0714111328125 and parameters: {'gradient_clip_val': 0.1660862598854591, 'hidden_size': 38, 'dropout': 0.15660489085309673, 'hidden_continuous_size': 5, 'attention_head_size': 1, 'learning_rate': 0.006495447974786511}. Best is trial 0 with value: 243.87550354003906.
LOCAL_RANK: 0 - CUDA_VISIBLE_DEVICES: [0]
[I 2023-12-15 22:06:02,114] Trial 2 finished with value: 400.844970703125 and parameters: {'gradient_clip_val': 0.662825171733899, 'hidden_size': 10, 'dropout': 0.3065895993994991, 'hidden_continuous_size': 7, 'attention_head_size': 4, 'learning_rate': 0.016183515978410116}. Best is trial 0 with value: 243.87550354003906.
LOCAL_RANK: 0 - CUDA_VISIBLE_DEVICES: [0]
[I 2023-12-15 22:06:48,537] Trial 3 finished with value: 284.3303527832031 and parameters: {'gradient_clip_val': 0.13786707578928412, 'hidden_size': 11, 'dropout': 0.27914571802043553, 'hidden_continuous_size': 8, 'attention_head_size': 2, 'learning_rate': 0.0009848375067605807}. Best is trial 0 with value: 243.87550354003906.
LOCAL_RANK: 0 - CUDA_VISIBLE_DEVICES: [0]
[I 2023-12-15 22:07:35,764] Trial 4 finished with value: 221.4036407470703 and parameters: {'gradient_clip_val': 0.18273518576263417, 'hidden_size': 24, 'dropout': 0.28359622733383794, 'hidden_continuous_size': 7, 'attention_head_size': 1, 'learning_rate': 0.0005881719222178253}. Best is trial 4 with value: 221.4036407470703.
LOCAL_RANK: 0 - CUDA_VISIBLE_DEVICES: [0]
[I 2023-12-15 22:08:27,179] Trial 5 finished with value: 270.5238952636719 and parameters: {'gradient_clip_val': 0.9632876855502416, 'hidden_size': 48, 'dropout': 0.2624811572681386, 'hidden_continuous_size': 15, 'attention_head_size': 1, 'learning_rate': 0.0787045607345888}. Best is trial 4 with value: 221.4036407470703.
LOCAL_RANK: 0 - CUDA_VISIBLE_DEVICES: [0]
[I 2023-12-15 22:09:13,261] Trial 6 finished with value: 357.7772216796875 and parameters: {'gradient_clip_val': 0.864995697957945, 'hidden_size': 11, 'dropout': 0.2418667985562255, 'hidden_continuous_size': 9, 'attention_head_size': 2, 'learning_rate': 0.06872720034435496}. Best is trial 4 with value: 221.4036407470703.
LOCAL_RANK: 0 - CUDA_VISIBLE_DEVICES: [0]
[I 2023-12-15 22:10:06,626] Trial 7 finished with value: 405.8951721191406 and parameters: {'gradient_clip_val': 0.10003120486321111, 'hidden_size': 75, 'dropout': 0.3771643053799685, 'hidden_continuous_size': 6, 'attention_head_size': 4, 'learning_rate': 0.0008388465666910703}. Best is trial 4 with value: 221.4036407470703.
LOCAL_RANK: 0 - CUDA_VISIBLE_DEVICES: [0]
[I 2023-12-15 22:10:57,763] Trial 8 finished with value: 160.93865966796875 and parameters: {'gradient_clip_val': 0.939267082817695, 'hidden_size': 34, 'dropout': 0.172061882391595, 'hidden_continuous_size': 13, 'attention_head_size': 3, 'learning_rate': 0.0006629254202726142}. Best is trial 8 with value: 160.93865966796875.
LOCAL_RANK: 0 - CUDA_VISIBLE_DEVICES: [0]
[I 2023-12-15 22:11:52,952] Trial 9 finished with value: 289.87322998046875 and parameters: {'gradient_clip_val': 0.6902096215164695, 'hidden_size': 90, 'dropout': 0.35606234405142756, 'hidden_continuous_size': 25, 'attention_head_size': 2, 'learning_rate': 0.025420298424531435}. Best is trial 8 with value: 160.93865966796875.
LOCAL_RANK: 0 - CUDA_VISIBLE_DEVICES: [0]
[I 2023-12-15 22:12:42,586] Trial 10 finished with value: 214.70916748046875 and parameters: {'gradient_clip_val': 0.4373120585305906, 'hidden_size': 23, 'dropout': 0.10844831967949911, 'hidden_continuous_size': 12, 'attention_head_size': 3, 'learning_rate': 0.0021718926309789613}. Best is trial 8 with value: 160.93865966796875.
LOCAL_RANK: 0 - CUDA_VISIBLE_DEVICES: [0]
[I 2023-12-15 22:13:32,563] Trial 11 finished with value: 369.45068359375 and parameters: {'gradient_clip_val': 0.4128777097248138, 'hidden_size': 26, 'dropout': 0.10352943133664741, 'hidden_continuous_size': 13, 'attention_head_size': 3, 'learning_rate': 0.0016272911213596486}. Best is trial 8 with value: 160.93865966796875.
LOCAL_RANK: 0 - CUDA_VISIBLE_DEVICES: [0]
[I 2023-12-15 22:14:25,719] Trial 12 finished with value: 419.2337341308594 and parameters: {'gradient_clip_val': 0.42218490804188535, 'hidden_size': 37, 'dropout': 0.1673428009290034, 'hidden_continuous_size': 18, 'attention_head_size': 3, 'learning_rate': 0.002238290278148397}. Best is trial 8 with value: 160.93865966796875.
LOCAL_RANK: 0 - CUDA_VISIBLE_DEVICES: [0]
