[I 2023-12-26 16:47:53,722] Trial 34 finished with value: 3.1126062870025635 and parameters: {'gradient_clip_val': 0.2625547059456587, 'hidden_size': 14, 'dropout': 0.10559505790102777, 'hidden_continuous_size': 7, 'attention_head_size': 4, 'learning_rate': 0.0013012675217178645}. Best is trial 0 with value: 0.08579012006521225.
[I 2023-12-26 16:47:55,677] Trial 35 finished with value: 2.672962188720703 and parameters: {'gradient_clip_val': 0.23275386420648234, 'hidden_size': 16, 'dropout': 0.3341624077476528, 'hidden_continuous_size': 6, 'attention_head_size': 3, 'learning_rate': 0.000784073211221881}. Best is trial 0 with value: 0.08579012006521225.
[I 2023-12-26 16:48:01,120] Trial 36 finished with value: 2.3781898021698 and parameters: {'gradient_clip_val': 0.2835682426172913, 'hidden_size': 85, 'dropout': 0.32108277625625464, 'hidden_continuous_size': 11, 'attention_head_size': 4, 'learning_rate': 0.0012194295587996716}. Best is trial 0 with value: 0.08579012006521225.
[I 2023-12-26 16:48:04,325] Trial 37 finished with value: 2.1739561557769775 and parameters: {'gradient_clip_val': 0.15031392847247838, 'hidden_size': 50, 'dropout': 0.11948170282609236, 'hidden_continuous_size': 9, 'attention_head_size': 4, 'learning_rate': 0.02265564380575226}. Best is trial 0 with value: 0.08579012006521225.
[I 2023-12-26 16:48:07,504] Trial 38 finished with value: 3.2977073192596436 and parameters: {'gradient_clip_val': 0.1453117937822523, 'hidden_size': 50, 'dropout': 0.3615782852589455, 'hidden_continuous_size': 9, 'attention_head_size': 3, 'learning_rate': 0.024230806549006174}. Best is trial 0 with value: 0.08579012006521225.
[I 2023-12-26 16:48:11,517] Trial 39 finished with value: 2.7561731338500977 and parameters: {'gradient_clip_val': 0.15676354874251464, 'hidden_size': 65, 'dropout': 0.18408952084334976, 'hidden_continuous_size': 13, 'attention_head_size': 3, 'learning_rate': 0.047503927222217926}. Best is trial 0 with value: 0.08579012006521225.
[I 2023-12-26 16:48:14,553] Trial 40 finished with value: 2.5235095024108887 and parameters: {'gradient_clip_val': 0.1788982142324233, 'hidden_size': 46, 'dropout': 0.41068292251839866, 'hidden_continuous_size': 10, 'attention_head_size': 2, 'learning_rate': 0.07556585191443536}. Best is trial 0 with value: 0.08579012006521225.
[I 2023-12-26 16:48:16,489] Trial 41 finished with value: 2.7949349880218506 and parameters: {'gradient_clip_val': 0.1927389627677497, 'hidden_size': 6, 'dropout': 0.11876491041252325, 'hidden_continuous_size': 5, 'attention_head_size': 4, 'learning_rate': 0.013147987092478811}. Best is trial 0 with value: 0.08579012006521225.
[I 2023-12-26 16:48:19,160] Trial 42 finished with value: 3.020197629928589 and parameters: {'gradient_clip_val': 0.13313989725802056, 'hidden_size': 40, 'dropout': 0.15414569445295453, 'hidden_continuous_size': 7, 'attention_head_size': 4, 'learning_rate': 0.03447807550338311}. Best is trial 0 with value: 0.08579012006521225.
[I 2023-12-26 16:48:21,582] Trial 43 finished with value: 3.190680503845215 and parameters: {'gradient_clip_val': 0.11757285381069861, 'hidden_size': 19, 'dropout': 0.13294288993792794, 'hidden_continuous_size': 8, 'attention_head_size': 4, 'learning_rate': 0.04762183833618791}. Best is trial 0 with value: 0.08579012006521225.
[I 2023-12-26 16:48:24,200] Trial 44 finished with value: 4.097316265106201 and parameters: {'gradient_clip_val': 0.6049715108485001, 'hidden_size': 31, 'dropout': 0.11346682717311085, 'hidden_continuous_size': 5, 'attention_head_size': 4, 'learning_rate': 0.017968873738911574}. Best is trial 0 with value: 0.08579012006521225.
[I 2023-12-26 16:48:26,007] Trial 45 finished with value: 2.996570587158203 and parameters: {'gradient_clip_val': 0.33912375136692774, 'hidden_size': 5, 'dropout': 0.10079810032172998, 'hidden_continuous_size': 5, 'attention_head_size': 4, 'learning_rate': 0.005868101523219379}. Best is trial 0 with value: 0.08579012006521225.
[I 2023-12-26 16:48:28,068] Trial 46 finished with value: 2.186824083328247 and parameters: {'gradient_clip_val': 0.22873720900110553, 'hidden_size': 9, 'dropout': 0.17157903645607814, 'hidden_continuous_size': 6, 'attention_head_size': 4, 'learning_rate': 0.07786798345122137}. Best is trial 0 with value: 0.08579012006521225.
[I 2023-12-26 16:48:31,412] Trial 47 finished with value: 3.3889293670654297 and parameters: {'gradient_clip_val': 0.16611927097727686, 'hidden_size': 53, 'dropout': 0.16910395414765736, 'hidden_continuous_size': 6, 'attention_head_size': 3, 'learning_rate': 0.07937027004091614}. Best is trial 0 with value: 0.08579012006521225.
[I 2023-12-26 16:48:33,287] Trial 48 finished with value: 2.9670608043670654 and parameters: {'gradient_clip_val': 0.99121544584652, 'hidden_size': 6, 'dropout': 0.12499309971886807, 'hidden_continuous_size': 5, 'attention_head_size': 1, 'learning_rate': 0.09981192713190787}. Best is trial 0 with value: 0.08579012006521225.
[I 2023-12-26 16:48:35,910] Trial 49 finished with value: 2.6195833683013916 and parameters: {'gradient_clip_val': 0.22531843700518586, 'hidden_size': 36, 'dropout': 0.1528452263827383, 'hidden_continuous_size': 7, 'attention_head_size': 4, 'learning_rate': 0.06332386012185849}. Best is trial 0 with value: 0.08579012006521225.
[I 2023-12-26 16:48:36,028] A new study created in memory with name: no-name-22ee73b3-0b3e-4b5c-a55f-4c42ab92cb74
/home/le004/conda/anaconda3/envs/tsff_env/lib/python3.9/site-packages/lightning/fabric/plugins/environments/slurm.py:191: The `srun` command is available on your system but is not used. HINT: If your intention is to run Lightning on SLURM, prepend your python command with `srun` like so: srun python /home/le004/master_thesis/git/TSFusionForecast/code/ ...
[I 2023-12-26 16:55:22,298] Trial 0 finished with value: 0.053717244416475296 and parameters: {'gradient_clip_val': 0.1546731440144293, 'hidden_size': 57, 'dropout': 0.13459179699459922, 'hidden_continuous_size': 28, 'attention_head_size': 4, 'learning_rate': 0.034040931132234636}. Best is trial 0 with value: 0.053717244416475296.
[I 2023-12-26 16:55:26,629] Trial 1 finished with value: 1.522782325744629 and parameters: {'gradient_clip_val': 0.2459079691076952, 'hidden_size': 59, 'dropout': 0.36805381914290425, 'hidden_continuous_size': 9, 'attention_head_size': 4, 'learning_rate': 0.03705816780359606}. Best is trial 0 with value: 0.053717244416475296.
[I 2023-12-26 16:55:28,749] Trial 2 finished with value: 2.6589443683624268 and parameters: {'gradient_clip_val': 0.58781341145632, 'hidden_size': 11, 'dropout': 0.3392030228542936, 'hidden_continuous_size': 10, 'attention_head_size': 3, 'learning_rate': 0.07703128177652586}. Best is trial 0 with value: 0.053717244416475296.
[I 2023-12-26 16:55:36,176] Trial 3 finished with value: 3.0522186756134033 and parameters: {'gradient_clip_val': 0.8484640397052459, 'hidden_size': 103, 'dropout': 0.2892981074669908, 'hidden_continuous_size': 46, 'attention_head_size': 3, 'learning_rate': 0.006647535492326746}. Best is trial 0 with value: 0.053717244416475296.
[I 2023-12-26 16:55:38,121] Trial 4 finished with value: 2.054596424102783 and parameters: {'gradient_clip_val': 0.33366228240329593, 'hidden_size': 8, 'dropout': 0.4633710140083599, 'hidden_continuous_size': 5, 'attention_head_size': 3, 'learning_rate': 0.0018335434299183333}. Best is trial 0 with value: 0.053717244416475296.
[I 2023-12-26 16:55:40,433] Trial 5 finished with value: 2.1461427211761475 and parameters: {'gradient_clip_val': 0.31245279437157253, 'hidden_size': 19, 'dropout': 0.3826412825706892, 'hidden_continuous_size': 17, 'attention_head_size': 3, 'learning_rate': 0.09765221197753467}. Best is trial 0 with value: 0.053717244416475296.
[I 2023-12-26 16:55:42,859] Trial 6 finished with value: 1.8900569677352905 and parameters: {'gradient_clip_val': 0.1728020145781744, 'hidden_size': 15, 'dropout': 0.3863835167984816, 'hidden_continuous_size': 9, 'attention_head_size': 2, 'learning_rate': 0.00365518119551059}. Best is trial 0 with value: 0.053717244416475296.
[I 2023-12-26 16:55:44,879] Trial 7 finished with value: 1.7880245447158813 and parameters: {'gradient_clip_val': 0.20004143258288648, 'hidden_size': 10, 'dropout': 0.31451578932192337, 'hidden_continuous_size': 5, 'attention_head_size': 1, 'learning_rate': 0.012941951150598804}. Best is trial 0 with value: 0.053717244416475296.
[I 2023-12-26 16:55:49,138] Trial 8 finished with value: 2.729851484298706 and parameters: {'gradient_clip_val': 0.35496492855551587, 'hidden_size': 58, 'dropout': 0.2591517399679628, 'hidden_continuous_size': 50, 'attention_head_size': 2, 'learning_rate': 0.00253712148002676}. Best is trial 0 with value: 0.053717244416475296.
[I 2023-12-26 16:55:51,275] Trial 9 finished with value: 2.190345287322998 and parameters: {'gradient_clip_val': 0.6637231241290799, 'hidden_size': 17, 'dropout': 0.34356016923516475, 'hidden_continuous_size': 11, 'attention_head_size': 1, 'learning_rate': 0.0006231016711650955}. Best is trial 0 with value: 0.053717244416475296.
[I 2023-12-26 16:55:53,133] Trial 10 finished with value: 2.103942632675171 and parameters: {'gradient_clip_val': 0.10584730875775604, 'hidden_size': 5, 'dropout': 0.11387742119713518, 'hidden_continuous_size': 5, 'attention_head_size': 4, 'learning_rate': 0.021855802580639863}. Best is trial 0 with value: 0.053717244416475296.
[I 2023-12-26 16:55:56,146] Trial 11 finished with value: 2.1283130645751953 and parameters: {'gradient_clip_val': 0.15438566603554366, 'hidden_size': 37, 'dropout': 0.11307471637409695, 'hidden_continuous_size': 20, 'attention_head_size': 4, 'learning_rate': 0.03275989337672497}. Best is trial 0 with value: 0.053717244416475296.
[I 2023-12-26 16:56:07,086] Trial 12 finished with value: 1.4221457242965698 and parameters: {'gradient_clip_val': 0.10067711365285417, 'hidden_size': 137, 'dropout': 0.231122566536407, 'hidden_continuous_size': 126, 'attention_head_size': 4, 'learning_rate': 0.03961199576067415}. Best is trial 0 with value: 0.053717244416475296.
[I 2023-12-26 16:56:18,621] Trial 13 finished with value: 1.9027444124221802 and parameters: {'gradient_clip_val': 0.1044861152763865, 'hidden_size': 141, 'dropout': 0.18805934269594587, 'hidden_continuous_size': 133, 'attention_head_size': 4, 'learning_rate': 0.04793980646390807}. Best is trial 0 with value: 0.053717244416475296.
[I 2023-12-26 16:56:29,642] Trial 14 finished with value: 1.8489235639572144 and parameters: {'gradient_clip_val': 0.1285204969652216, 'hidden_size': 144, 'dropout': 0.2098003084590529, 'hidden_continuous_size': 127, 'attention_head_size': 4, 'learning_rate': 0.019586987250987422}. Best is trial 0 with value: 0.053717244416475296.
[I 2023-12-26 16:56:35,529] Trial 15 finished with value: 1.9593219757080078 and parameters: {'gradient_clip_val': 0.10095722032282237, 'hidden_size': 79, 'dropout': 0.17204024823234043, 'hidden_continuous_size': 42, 'attention_head_size': 4, 'learning_rate': 0.010182373588695413}. Best is trial 0 with value: 0.053717244416475296.
[I 2023-12-26 16:56:38,344] Trial 16 finished with value: 1.2338093519210815 and parameters: {'gradient_clip_val': 0.13669807705278542, 'hidden_size': 35, 'dropout': 0.242315782851872, 'hidden_continuous_size': 7, 'attention_head_size': 2, 'learning_rate': 0.05250628141976684}. Best is trial 0 with value: 0.053717244416475296.
[I 2023-12-26 16:56:41,091] Trial 17 finished with value: 2.6752703189849854 and parameters: {'gradient_clip_val': 0.15856307004706444, 'hidden_size': 31, 'dropout': 0.15164437284466842, 'hidden_continuous_size': 7, 'attention_head_size': 2, 'learning_rate': 0.0636034766849908}. Best is trial 0 with value: 0.053717244416475296.
[I 2023-12-26 16:56:44,402] Trial 18 finished with value: 2.184053659439087 and parameters: {'gradient_clip_val': 0.21054769785801575, 'hidden_size': 38, 'dropout': 0.23579614422529074, 'hidden_continuous_size': 7, 'attention_head_size': 2, 'learning_rate': 0.08918470957970756}. Best is trial 0 with value: 0.053717244416475296.
[I 2023-12-26 16:56:46,866] Trial 19 finished with value: 2.745142936706543 and parameters: {'gradient_clip_val': 0.1428352019609561, 'hidden_size': 26, 'dropout': 0.15081718858843704, 'hidden_continuous_size': 6, 'attention_head_size': 1, 'learning_rate': 0.02371611447597357}. Best is trial 0 with value: 0.053717244416475296.
[I 2023-12-26 16:56:50,879] Trial 20 finished with value: 2.313239336013794 and parameters: {'gradient_clip_val': 0.13525997747428298, 'hidden_size': 51, 'dropout': 0.2574827186813287, 'hidden_continuous_size': 13, 'attention_head_size': 3, 'learning_rate': 0.05370042558450222}. Best is trial 0 with value: 0.053717244416475296.
[I 2023-12-26 16:56:57,124] Trial 21 finished with value: 2.2153942584991455 and parameters: {'gradient_clip_val': 0.12185826013954446, 'hidden_size': 87, 'dropout': 0.21498913962008126, 'hidden_continuous_size': 30, 'attention_head_size': 2, 'learning_rate': 0.03411381325763437}. Best is trial 0 with value: 0.053717244416475296.
[I 2023-12-26 16:57:00,863] Trial 22 finished with value: 2.468810796737671 and parameters: {'gradient_clip_val': 0.12016599429000782, 'hidden_size': 49, 'dropout': 0.19906736750562584, 'hidden_continuous_size': 14, 'attention_head_size': 3, 'learning_rate': 0.05702893161007172}. Best is trial 0 with value: 0.053717244416475296.
[I 2023-12-26 16:57:06,091] Trial 23 finished with value: 2.002156972885132 and parameters: {'gradient_clip_val': 0.17824862387390278, 'hidden_size': 71, 'dropout': 0.24451532588350752, 'hidden_continuous_size': 22, 'attention_head_size': 4, 'learning_rate': 0.03486045754851003}. Best is trial 0 with value: 0.053717244416475296.
[I 2023-12-26 16:57:14,063] Trial 24 finished with value: 1.7157511711120605 and parameters: {'gradient_clip_val': 0.1415375194135423, 'hidden_size': 105, 'dropout': 0.16616306184268947, 'hidden_continuous_size': 67, 'attention_head_size': 3, 'learning_rate': 0.016362997638364917}. Best is trial 0 with value: 0.053717244416475296.
[I 2023-12-26 16:57:17,142] Trial 25 finished with value: 1.6564617156982422 and parameters: {'gradient_clip_val': 0.12201519024237649, 'hidden_size': 42, 'dropout': 0.10464507993197836, 'hidden_continuous_size': 14, 'attention_head_size': 2, 'learning_rate': 0.02752131721799537}. Best is trial 0 with value: 0.053717244416475296.
[I 2023-12-26 16:57:21,804] Trial 26 finished with value: 2.1782476902008057 and parameters: {'gradient_clip_val': 0.10305161774353615, 'hidden_size': 65, 'dropout': 0.2712247730853048, 'hidden_continuous_size': 28, 'attention_head_size': 4, 'learning_rate': 0.048854658950492534}. Best is trial 0 with value: 0.053717244416475296.
[I 2023-12-26 16:57:24,502] Trial 27 finished with value: 2.6771490573883057 and parameters: {'gradient_clip_val': 0.15744058706885336, 'hidden_size': 30, 'dropout': 0.22396945545091385, 'hidden_continuous_size': 12, 'attention_head_size': 1, 'learning_rate': 0.09479748451142955}. Best is trial 0 with value: 0.053717244416475296.
[I 2023-12-26 16:57:32,506] Trial 28 finished with value: 2.551297903060913 and parameters: {'gradient_clip_val': 0.20224675622159005, 'hidden_size': 105, 'dropout': 0.1892434767511166, 'hidden_continuous_size': 82, 'attention_head_size': 3, 'learning_rate': 0.014364455536963945}. Best is trial 0 with value: 0.053717244416475296.
[I 2023-12-26 16:57:36,562] Trial 29 finished with value: 2.6048450469970703 and parameters: {'gradient_clip_val': 0.23768494711847196, 'hidden_size': 64, 'dropout': 0.13408020144045857, 'hidden_continuous_size': 9, 'attention_head_size': 4, 'learning_rate': 0.04015379678283421}. Best is trial 0 with value: 0.053717244416475296.
[I 2023-12-26 16:57:40,090] Trial 30 finished with value: 2.3696448802948 and parameters: {'gradient_clip_val': 0.1215228826616616, 'hidden_size': 48, 'dropout': 0.22986692921421628, 'hidden_continuous_size': 16, 'attention_head_size': 4, 'learning_rate': 0.02721553993859948}. Best is trial 0 with value: 0.053717244416475296.
[I 2023-12-26 16:57:44,607] Trial 31 finished with value: 2.4019205570220947 and parameters: {'gradient_clip_val': 0.25200838253360025, 'hidden_size': 57, 'dropout': 0.2883226973017856, 'hidden_continuous_size': 8, 'attention_head_size': 4, 'learning_rate': 0.0770057057543418}. Best is trial 0 with value: 0.053717244416475296.
[I 2023-12-26 16:57:50,681] Trial 32 finished with value: 1.9215930700302124 and parameters: {'gradient_clip_val': 0.17809337275673115, 'hidden_size': 86, 'dropout': 0.27401010900059264, 'hidden_continuous_size': 10, 'attention_head_size': 4, 'learning_rate': 0.06525571041697947}. Best is trial 0 with value: 0.053717244416475296.
[I 2023-12-26 16:57:53,725] Trial 33 finished with value: 2.6290810108184814 and parameters: {'gradient_clip_val': 0.14050643300790927, 'hidden_size': 42, 'dropout': 0.3173170744443414, 'hidden_continuous_size': 11, 'attention_head_size': 3, 'learning_rate': 0.035595149116210874}. Best is trial 0 with value: 0.053717244416475296.
[I 2023-12-26 16:58:02,155] Trial 34 finished with value: 2.6195757389068604 and parameters: {'gradient_clip_val': 0.26415517734251787, 'hidden_size': 122, 'dropout': 0.1779786233525703, 'hidden_continuous_size': 24, 'attention_head_size': 3, 'learning_rate': 0.047463075211807426}. Best is trial 0 with value: 0.053717244416475296.
[I 2023-12-26 16:58:07,542] Trial 35 finished with value: 2.0826528072357178 and parameters: {'gradient_clip_val': 0.3912742422745164, 'hidden_size': 75, 'dropout': 0.20666164244356322, 'hidden_continuous_size': 20, 'attention_head_size': 4, 'learning_rate': 0.01943028963435824}. Best is trial 0 with value: 0.053717244416475296.
[I 2023-12-26 16:58:14,281] Trial 36 finished with value: 1.9981412887573242 and parameters: {'gradient_clip_val': 0.17370973019331132, 'hidden_size': 99, 'dropout': 0.24803968412168634, 'hidden_continuous_size': 9, 'attention_head_size': 3, 'learning_rate': 0.07341319670740964}. Best is trial 0 with value: 0.053717244416475296.
[I 2023-12-26 16:58:16,728] Trial 37 finished with value: 2.3523805141448975 and parameters: {'gradient_clip_val': 0.1940460721614886, 'hidden_size': 23, 'dropout': 0.3808388537462738, 'hidden_continuous_size': 11, 'attention_head_size': 2, 'learning_rate': 0.010384360652755513}. Best is trial 0 with value: 0.053717244416475296.
[I 2023-12-26 16:58:20,532] Trial 38 finished with value: 2.416769027709961 and parameters: {'gradient_clip_val': 0.11432004982424879, 'hidden_size': 53, 'dropout': 0.2969046421761171, 'hidden_continuous_size': 14, 'attention_head_size': 4, 'learning_rate': 0.03962565117888578}. Best is trial 0 with value: 0.053717244416475296.
[I 2023-12-26 16:58:25,057] Trial 39 finished with value: 2.1898269653320312 and parameters: {'gradient_clip_val': 0.29128571519681906, 'hidden_size': 65, 'dropout': 0.4445721219151876, 'hidden_continuous_size': 16, 'attention_head_size': 3, 'learning_rate': 0.028913740714544466}. Best is trial 0 with value: 0.053717244416475296.
[I 2023-12-26 16:58:33,170] Trial 40 finished with value: 1.7253445386886597 and parameters: {'gradient_clip_val': 0.22436210143138927, 'hidden_size': 118, 'dropout': 0.3393053676575241, 'hidden_continuous_size': 34, 'attention_head_size': 2, 'learning_rate': 0.09909738653077742}. Best is trial 0 with value: 0.053717244416475296.
[I 2023-12-26 16:58:36,413] Trial 41 finished with value: 2.9439890384674072 and parameters: {'gradient_clip_val': 0.11460495246982928, 'hidden_size': 41, 'dropout': 0.10248617755825576, 'hidden_continuous_size': 15, 'attention_head_size': 2, 'learning_rate': 0.02606432584511583}. Best is trial 0 with value: 0.053717244416475296.
[I 2023-12-26 16:58:40,120] Trial 42 finished with value: 1.8007892370224 and parameters: {'gradient_clip_val': 0.12947227131456515, 'hidden_size': 47, 'dropout': 0.13134267587592224, 'hidden_continuous_size': 18, 'attention_head_size': 2, 'learning_rate': 0.027302295909209014}. Best is trial 0 with value: 0.053717244416475296.
[I 2023-12-26 16:58:42,956] Trial 43 finished with value: 2.349017381668091 and parameters: {'gradient_clip_val': 0.15603056041173263, 'hidden_size': 33, 'dropout': 0.10151704398566128, 'hidden_continuous_size': 12, 'attention_head_size': 2, 'learning_rate': 0.04378619082119377}. Best is trial 0 with value: 0.053717244416475296.
[I 2023-12-26 16:58:45,825] Trial 44 finished with value: 2.182830810546875 and parameters: {'gradient_clip_val': 0.11085495286375413, 'hidden_size': 35, 'dropout': 0.12275883419453248, 'hidden_continuous_size': 18, 'attention_head_size': 1, 'learning_rate': 0.05974317588532594}. Best is trial 0 with value: 0.053717244416475296.
[I 2023-12-26 16:58:50,020] Trial 45 finished with value: 2.214632034301758 and parameters: {'gradient_clip_val': 0.12591716054655344, 'hidden_size': 61, 'dropout': 0.14881691461743476, 'hidden_continuous_size': 6, 'attention_head_size': 2, 'learning_rate': 0.01798532145012587}. Best is trial 0 with value: 0.053717244416475296.
[I 2023-12-26 16:58:53,349] Trial 46 finished with value: 2.873156785964966 and parameters: {'gradient_clip_val': 0.10029127639425256, 'hidden_size': 43, 'dropout': 0.18801838972304388, 'hidden_continuous_size': 24, 'attention_head_size': 4, 'learning_rate': 0.023653535326667478}. Best is trial 0 with value: 0.053717244416475296.
[I 2023-12-26 16:58:55,773] Trial 47 finished with value: 1.929805874824524 and parameters: {'gradient_clip_val': 0.1514651168578452, 'hidden_size': 23, 'dropout': 0.13114627129118417, 'hidden_continuous_size': 9, 'attention_head_size': 2, 'learning_rate': 0.04179694264174755}. Best is trial 0 with value: 0.053717244416475296.
[I 2023-12-26 16:59:01,733] Trial 48 finished with value: 1.0864728689193726 and parameters: {'gradient_clip_val': 0.13253601955094207, 'hidden_size': 82, 'dropout': 0.22821052937178923, 'hidden_continuous_size': 36, 'attention_head_size': 4, 'learning_rate': 0.07242423762020456}. Best is trial 0 with value: 0.053717244416475296.
