[I 2023-12-16 07:58:48,521] Trial 39 finished with value: 122.84503173828125 and parameters: {'gradient_clip_val': 0.8668342165278957, 'hidden_size': 5, 'dropout': 0.2922919878837887, 'hidden_continuous_size': 5, 'attention_head_size': 2, 'learning_rate': 0.036107324373202}. Best is trial 39 with value: 122.84503173828125.
LOCAL_RANK: 0 - CUDA_VISIBLE_DEVICES: [0]
[I 2023-12-16 07:59:24,565] Trial 40 finished with value: 345.223876953125 and parameters: {'gradient_clip_val': 0.9911076656934269, 'hidden_size': 5, 'dropout': 0.28947817377046947, 'hidden_continuous_size': 5, 'attention_head_size': 2, 'learning_rate': 0.034893353371122204}. Best is trial 39 with value: 122.84503173828125.
LOCAL_RANK: 0 - CUDA_VISIBLE_DEVICES: [0]
[I 2023-12-16 08:00:10,254] Trial 41 finished with value: 144.59381103515625 and parameters: {'gradient_clip_val': 0.8113199926003483, 'hidden_size': 6, 'dropout': 0.3352655768919991, 'hidden_continuous_size': 5, 'attention_head_size': 2, 'learning_rate': 0.02340627198879126}. Best is trial 39 with value: 122.84503173828125.
LOCAL_RANK: 0 - CUDA_VISIBLE_DEVICES: [0]
[I 2023-12-16 08:00:56,456] Trial 42 finished with value: 201.43756103515625 and parameters: {'gradient_clip_val': 0.8631491581723871, 'hidden_size': 6, 'dropout': 0.3093959360477368, 'hidden_continuous_size': 5, 'attention_head_size': 2, 'learning_rate': 0.0252869944195191}. Best is trial 39 with value: 122.84503173828125.
LOCAL_RANK: 0 - CUDA_VISIBLE_DEVICES: [0]
[I 2023-12-16 08:01:41,738] Trial 43 finished with value: 225.7627410888672 and parameters: {'gradient_clip_val': 0.7649398837659035, 'hidden_size': 6, 'dropout': 0.2287927538402168, 'hidden_continuous_size': 5, 'attention_head_size': 2, 'learning_rate': 0.038768384025189145}. Best is trial 39 with value: 122.84503173828125.
LOCAL_RANK: 0 - CUDA_VISIBLE_DEVICES: [0]
[I 2023-12-16 08:02:25,984] Trial 44 finished with value: 173.6939697265625 and parameters: {'gradient_clip_val': 0.8773040167575827, 'hidden_size': 8, 'dropout': 0.2756610540286726, 'hidden_continuous_size': 5, 'attention_head_size': 2, 'learning_rate': 0.02122689124878739}. Best is trial 39 with value: 122.84503173828125.
LOCAL_RANK: 0 - CUDA_VISIBLE_DEVICES: [0]
[I 2023-12-16 08:03:01,581] Trial 45 finished with value: 163.3646240234375 and parameters: {'gradient_clip_val': 0.6727398258812045, 'hidden_size': 5, 'dropout': 0.32513360844173783, 'hidden_continuous_size': 5, 'attention_head_size': 1, 'learning_rate': 0.013409111356584761}. Best is trial 39 with value: 122.84503173828125.
LOCAL_RANK: 0 - CUDA_VISIBLE_DEVICES: [0]
[I 2023-12-16 08:03:47,512] Trial 46 finished with value: 351.1362609863281 and parameters: {'gradient_clip_val': 0.7698444707148644, 'hidden_size': 6, 'dropout': 0.33878100550805923, 'hidden_continuous_size': 5, 'attention_head_size': 2, 'learning_rate': 0.032282185467329104}. Best is trial 39 with value: 122.84503173828125.
LOCAL_RANK: 0 - CUDA_VISIBLE_DEVICES: [0]
[I 2023-12-16 08:04:23,447] Trial 47 finished with value: 141.50457763671875 and parameters: {'gradient_clip_val': 0.9081948036013894, 'hidden_size': 5, 'dropout': 0.28658066801790477, 'hidden_continuous_size': 5, 'attention_head_size': 2, 'learning_rate': 0.015331829542750723}. Best is trial 39 with value: 122.84503173828125.
LOCAL_RANK: 0 - CUDA_VISIBLE_DEVICES: [0]
[I 2023-12-16 08:04:59,660] Trial 48 finished with value: 235.3172149658203 and parameters: {'gradient_clip_val': 0.9135051179266682, 'hidden_size': 5, 'dropout': 0.2927653299146228, 'hidden_continuous_size': 5, 'attention_head_size': 2, 'learning_rate': 0.015404857717416317}. Best is trial 39 with value: 122.84503173828125.
LOCAL_RANK: 0 - CUDA_VISIBLE_DEVICES: [0]
[I 2023-12-16 08:05:44,731] Trial 49 finished with value: 262.1257629394531 and parameters: {'gradient_clip_val': 0.8196247463067747, 'hidden_size': 6, 'dropout': 0.26787105138940887, 'hidden_continuous_size': 5, 'attention_head_size': 2, 'learning_rate': 0.024504768625205044}. Best is trial 39 with value: 122.84503173828125.
[I 2023-12-16 08:05:44,824] A new study created in memory with name: no-name-92f9eb43-b3ba-4822-b5d4-814c952f8ce2
/home/le004/conda/anaconda3/envs/tsff_env/lib/python3.9/site-packages/lightning/fabric/plugins/environments/slurm.py:191: The `srun` command is available on your system but is not used. HINT: If your intention is to run Lightning on SLURM, prepend your python command with `srun` like so: srun python /home/le004/master_thesis/git/TSFusionForecast/code/ ...
LOCAL_RANK: 0 - CUDA_VISIBLE_DEVICES: [0]
[I 2023-12-16 08:06:37,744] Trial 0 finished with value: 0.07357656210660934 and parameters: {'gradient_clip_val': 0.39813006352925856, 'hidden_size': 31, 'dropout': 0.1667167937551245, 'hidden_continuous_size': 30, 'attention_head_size': 3, 'learning_rate': 0.05140330782108851}. Best is trial 0 with value: 0.07357656210660934.
LOCAL_RANK: 0 - CUDA_VISIBLE_DEVICES: [0]
[I 2023-12-16 08:07:26,308] Trial 1 finished with value: 0.0933196172118187 and parameters: {'gradient_clip_val': 0.18844994322582365, 'hidden_size': 25, 'dropout': 0.33495812936250846, 'hidden_continuous_size': 19, 'attention_head_size': 1, 'learning_rate': 0.08912346973536676}. Best is trial 0 with value: 0.07357656210660934.
LOCAL_RANK: 0 - CUDA_VISIBLE_DEVICES: [0]
[I 2023-12-16 08:08:02,750] Trial 2 finished with value: 0.06420063972473145 and parameters: {'gradient_clip_val': 0.13597037124935768, 'hidden_size': 6, 'dropout': 0.3348632284848455, 'hidden_continuous_size': 6, 'attention_head_size': 3, 'learning_rate': 0.05376042006578871}. Best is trial 2 with value: 0.06420063972473145.
LOCAL_RANK: 0 - CUDA_VISIBLE_DEVICES: [0]
[I 2023-12-16 08:08:50,048] Trial 3 finished with value: 0.11026058346033096 and parameters: {'gradient_clip_val': 0.13890240180415792, 'hidden_size': 10, 'dropout': 0.25726262130217076, 'hidden_continuous_size': 9, 'attention_head_size': 4, 'learning_rate': 0.014259773180836427}. Best is trial 2 with value: 0.06420063972473145.
LOCAL_RANK: 0 - CUDA_VISIBLE_DEVICES: [0]
[I 2023-12-16 08:09:36,625] Trial 4 finished with value: 0.11763504147529602 and parameters: {'gradient_clip_val': 0.11664229316901689, 'hidden_size': 11, 'dropout': 0.3062770735931571, 'hidden_continuous_size': 10, 'attention_head_size': 3, 'learning_rate': 0.0038532936936116276}. Best is trial 2 with value: 0.06420063972473145.
LOCAL_RANK: 0 - CUDA_VISIBLE_DEVICES: [0]
[I 2023-12-16 08:10:25,529] Trial 5 finished with value: 0.041314538568258286 and parameters: {'gradient_clip_val': 0.45249959773081067, 'hidden_size': 31, 'dropout': 0.20377968118817374, 'hidden_continuous_size': 7, 'attention_head_size': 1, 'learning_rate': 0.008321022160171178}. Best is trial 5 with value: 0.041314538568258286.
LOCAL_RANK: 0 - CUDA_VISIBLE_DEVICES: [0]
[I 2023-12-16 08:11:12,357] Trial 6 finished with value: 0.12652824819087982 and parameters: {'gradient_clip_val': 0.6399746270459445, 'hidden_size': 13, 'dropout': 0.2849807964572889, 'hidden_continuous_size': 9, 'attention_head_size': 3, 'learning_rate': 0.01333467383421452}. Best is trial 5 with value: 0.041314538568258286.
LOCAL_RANK: 0 - CUDA_VISIBLE_DEVICES: [0]
[I 2023-12-16 08:11:48,837] Trial 7 finished with value: 0.3352092504501343 and parameters: {'gradient_clip_val': 0.11672113669468902, 'hidden_size': 44, 'dropout': 0.3306254619552129, 'hidden_continuous_size': 44, 'attention_head_size': 1, 'learning_rate': 0.0005836449120652326}. Best is trial 5 with value: 0.041314538568258286.
LOCAL_RANK: 0 - CUDA_VISIBLE_DEVICES: [0]
[I 2023-12-16 08:12:42,590] Trial 8 finished with value: 0.07817129045724869 and parameters: {'gradient_clip_val': 0.10747586323413477, 'hidden_size': 75, 'dropout': 0.2779316092443107, 'hidden_continuous_size': 11, 'attention_head_size': 3, 'learning_rate': 0.009895945153390484}. Best is trial 5 with value: 0.041314538568258286.
LOCAL_RANK: 0 - CUDA_VISIBLE_DEVICES: [0]
[I 2023-12-16 08:13:38,985] Trial 9 finished with value: 0.09990358352661133 and parameters: {'gradient_clip_val': 0.218727665328287, 'hidden_size': 97, 'dropout': 0.13166517124346472, 'hidden_continuous_size': 34, 'attention_head_size': 4, 'learning_rate': 0.006822058971776705}. Best is trial 5 with value: 0.041314538568258286.
LOCAL_RANK: 0 - CUDA_VISIBLE_DEVICES: [0]
[I 2023-12-16 08:14:28,315] Trial 10 finished with value: 0.0666615441441536 and parameters: {'gradient_clip_val': 0.9633323597710082, 'hidden_size': 39, 'dropout': 0.18748036912567465, 'hidden_continuous_size': 5, 'attention_head_size': 2, 'learning_rate': 0.0016710363052929572}. Best is trial 5 with value: 0.041314538568258286.
LOCAL_RANK: 0 - CUDA_VISIBLE_DEVICES: [0]
[I 2023-12-16 08:15:04,567] Trial 11 finished with value: 0.05971336364746094 and parameters: {'gradient_clip_val': 0.3046518909680586, 'hidden_size': 5, 'dropout': 0.38949023396634597, 'hidden_continuous_size': 5, 'attention_head_size': 2, 'learning_rate': 0.03197326054015252}. Best is trial 5 with value: 0.041314538568258286.
LOCAL_RANK: 0 - CUDA_VISIBLE_DEVICES: [0]
[I 2023-12-16 08:15:40,502] Trial 12 finished with value: 0.07973939925432205 and parameters: {'gradient_clip_val': 0.35490329418995326, 'hidden_size': 5, 'dropout': 0.3986054335309454, 'hidden_continuous_size': 5, 'attention_head_size': 2, 'learning_rate': 0.026207581774868777}. Best is trial 5 with value: 0.041314538568258286.
LOCAL_RANK: 0 - CUDA_VISIBLE_DEVICES: [0]
[I 2023-12-16 08:16:27,621] Trial 13 finished with value: 0.04462793096899986 and parameters: {'gradient_clip_val': 0.4657244397320301, 'hidden_size': 20, 'dropout': 0.2124537817908813, 'hidden_continuous_size': 6, 'attention_head_size': 1, 'learning_rate': 0.027585028461202966}. Best is trial 5 with value: 0.041314538568258286.
LOCAL_RANK: 0 - CUDA_VISIBLE_DEVICES: [0]
[I 2023-12-16 08:17:14,298] Trial 14 finished with value: 0.06254536658525467 and parameters: {'gradient_clip_val': 0.5081443594207596, 'hidden_size': 19, 'dropout': 0.21797063852269238, 'hidden_continuous_size': 6, 'attention_head_size': 1, 'learning_rate': 0.02141186497517395}. Best is trial 5 with value: 0.041314538568258286.
LOCAL_RANK: 0 - CUDA_VISIBLE_DEVICES: [0]
[I 2023-12-16 08:18:01,978] Trial 15 finished with value: 0.06342265754938126 and parameters: {'gradient_clip_val': 0.5653421327341371, 'hidden_size': 18, 'dropout': 0.23854695278441018, 'hidden_continuous_size': 7, 'attention_head_size': 1, 'learning_rate': 0.005521871932602766}. Best is trial 5 with value: 0.041314538568258286.
LOCAL_RANK: 0 - CUDA_VISIBLE_DEVICES: [0]
[I 2023-12-16 08:18:54,034] Trial 16 finished with value: 0.0958666205406189 and parameters: {'gradient_clip_val': 0.4456198229492623, 'hidden_size': 52, 'dropout': 0.10879039867490414, 'hidden_continuous_size': 14, 'attention_head_size': 1, 'learning_rate': 0.003227649656203618}. Best is trial 5 with value: 0.041314538568258286.
LOCAL_RANK: 0 - CUDA_VISIBLE_DEVICES: [0]
[I 2023-12-16 08:19:43,021] Trial 17 finished with value: 0.10087215900421143 and parameters: {'gradient_clip_val': 0.7124813648717366, 'hidden_size': 29, 'dropout': 0.20343025282511984, 'hidden_continuous_size': 7, 'attention_head_size': 2, 'learning_rate': 0.016173327771966096}. Best is trial 5 with value: 0.041314538568258286.
LOCAL_RANK: 0 - CUDA_VISIBLE_DEVICES: [0]
[I 2023-12-16 08:20:30,028] Trial 18 finished with value: 0.07172133773565292 and parameters: {'gradient_clip_val': 0.2994238180340279, 'hidden_size': 19, 'dropout': 0.17895399123528805, 'hidden_continuous_size': 7, 'attention_head_size': 1, 'learning_rate': 0.009560175214110253}. Best is trial 5 with value: 0.041314538568258286.
LOCAL_RANK: 0 - CUDA_VISIBLE_DEVICES: [0]
[I 2023-12-16 08:21:19,373] Trial 19 finished with value: 0.0782690942287445 and parameters: {'gradient_clip_val': 0.46718411350721945, 'hidden_size': 33, 'dropout': 0.22505763952438196, 'hidden_continuous_size': 8, 'attention_head_size': 2, 'learning_rate': 0.03318592046532124}. Best is trial 5 with value: 0.041314538568258286.
LOCAL_RANK: 0 - CUDA_VISIBLE_DEVICES: [0]
[I 2023-12-16 08:22:12,227] Trial 20 finished with value: 0.06157523766160011 and parameters: {'gradient_clip_val': 0.36887447229433, 'hidden_size': 57, 'dropout': 0.14291451080880863, 'hidden_continuous_size': 12, 'attention_head_size': 1, 'learning_rate': 0.019345898144622516}. Best is trial 5 with value: 0.041314538568258286.
LOCAL_RANK: 0 - CUDA_VISIBLE_DEVICES: [0]
[I 2023-12-16 08:22:57,765] Trial 21 finished with value: 0.11343137174844742 and parameters: {'gradient_clip_val': 0.28636853191148814, 'hidden_size': 7, 'dropout': 0.2036940079861765, 'hidden_continuous_size': 5, 'attention_head_size': 2, 'learning_rate': 0.0422885580389278}. Best is trial 5 with value: 0.041314538568258286.
LOCAL_RANK: 0 - CUDA_VISIBLE_DEVICES: [0]
[I 2023-12-16 08:23:43,204] Trial 22 finished with value: 0.06561382859945297 and parameters: {'gradient_clip_val': 0.287360487421786, 'hidden_size': 7, 'dropout': 0.3863243867328535, 'hidden_continuous_size': 5, 'attention_head_size': 2, 'learning_rate': 0.026223446480691283}. Best is trial 5 with value: 0.041314538568258286.
LOCAL_RANK: 0 - CUDA_VISIBLE_DEVICES: [0]
[I 2023-12-16 08:24:28,720] Trial 23 finished with value: 0.0809745267033577 and parameters: {'gradient_clip_val': 0.4344504570220247, 'hidden_size': 13, 'dropout': 0.23438358275523646, 'hidden_continuous_size': 6, 'attention_head_size': 1, 'learning_rate': 0.029928481123447488}. Best is trial 5 with value: 0.041314538568258286.
LOCAL_RANK: 0 - CUDA_VISIBLE_DEVICES: [0]
[I 2023-12-16 08:25:17,609] Trial 24 finished with value: 0.07493989914655685 and parameters: {'gradient_clip_val': 0.3358723641284256, 'hidden_size': 23, 'dropout': 0.26513999964607726, 'hidden_continuous_size': 6, 'attention_head_size': 2, 'learning_rate': 0.09392170401644981}. Best is trial 5 with value: 0.041314538568258286.
LOCAL_RANK: 0 - CUDA_VISIBLE_DEVICES: [0]
[I 2023-12-16 08:25:54,640] Trial 25 finished with value: 0.13399958610534668 and parameters: {'gradient_clip_val': 0.24256202898048715, 'hidden_size': 5, 'dropout': 0.20666905451808537, 'hidden_continuous_size': 5, 'attention_head_size': 1, 'learning_rate': 0.011639332828733704}. Best is trial 5 with value: 0.041314538568258286.
LOCAL_RANK: 0 - CUDA_VISIBLE_DEVICES: [0]
[I 2023-12-16 08:26:39,304] Trial 26 finished with value: 0.09763973951339722 and parameters: {'gradient_clip_val': 0.3969660618128304, 'hidden_size': 8, 'dropout': 0.24762473324197826, 'hidden_continuous_size': 5, 'attention_head_size': 2, 'learning_rate': 0.018766293066579145}. Best is trial 5 with value: 0.041314538568258286.
LOCAL_RANK: 0 - CUDA_VISIBLE_DEVICES: [0]
[I 2023-12-16 08:27:25,349] Trial 27 finished with value: 0.04483477771282196 and parameters: {'gradient_clip_val': 0.5210234009522933, 'hidden_size': 17, 'dropout': 0.16023475766252743, 'hidden_continuous_size': 6, 'attention_head_size': 1, 'learning_rate': 0.04002993996348901}. Best is trial 5 with value: 0.041314538568258286.
LOCAL_RANK: 0 - CUDA_VISIBLE_DEVICES: [0]
[I 2023-12-16 08:28:09,944] Trial 28 finished with value: 0.10961524397134781 and parameters: {'gradient_clip_val': 0.5438944444969214, 'hidden_size': 16, 'dropout': 0.15666404733338557, 'hidden_continuous_size': 8, 'attention_head_size': 1, 'learning_rate': 0.05905904065179388}. Best is trial 5 with value: 0.041314538568258286.
LOCAL_RANK: 0 - CUDA_VISIBLE_DEVICES: [0]
[I 2023-12-16 08:28:58,456] Trial 29 finished with value: 0.09660009294748306 and parameters: {'gradient_clip_val': 0.40967135731847504, 'hidden_size': 26, 'dropout': 0.1736747097668781, 'hidden_continuous_size': 7, 'attention_head_size': 1, 'learning_rate': 0.04396955875524525}. Best is trial 5 with value: 0.041314538568258286.
LOCAL_RANK: 0 - CUDA_VISIBLE_DEVICES: [0]
[I 2023-12-16 08:29:46,793] Trial 30 finished with value: 0.08970189094543457 and parameters: {'gradient_clip_val': 0.6234165883610936, 'hidden_size': 32, 'dropout': 0.16536028240262626, 'hidden_continuous_size': 14, 'attention_head_size': 1, 'learning_rate': 0.06582336881611431}. Best is trial 5 with value: 0.041314538568258286.
LOCAL_RANK: 0 - CUDA_VISIBLE_DEVICES: [0]
[I 2023-12-16 08:30:35,497] Trial 31 finished with value: 0.0578407347202301 and parameters: {'gradient_clip_val': 0.4846877865463273, 'hidden_size': 22, 'dropout': 0.19382885218106818, 'hidden_continuous_size': 6, 'attention_head_size': 1, 'learning_rate': 0.037212779599634344}. Best is trial 5 with value: 0.041314538568258286.
LOCAL_RANK: 0 - CUDA_VISIBLE_DEVICES: [0]
[I 2023-12-16 08:31:23,237] Trial 32 finished with value: 0.0609455443918705 and parameters: {'gradient_clip_val': 0.48821116034947143, 'hidden_size': 22, 'dropout': 0.19079691716169342, 'hidden_continuous_size': 6, 'attention_head_size': 1, 'learning_rate': 0.0635435810770524}. Best is trial 5 with value: 0.041314538568258286.
LOCAL_RANK: 0 - CUDA_VISIBLE_DEVICES: [0]
[I 2023-12-16 08:32:11,245] Trial 33 finished with value: 0.04659115895628929 and parameters: {'gradient_clip_val': 0.4051298217369616, 'hidden_size': 25, 'dropout': 0.15597664012272439, 'hidden_continuous_size': 6, 'attention_head_size': 1, 'learning_rate': 0.041511359480992306}. Best is trial 5 with value: 0.041314538568258286.
LOCAL_RANK: 0 - CUDA_VISIBLE_DEVICES: [0]
[I 2023-12-16 08:32:56,048] Trial 34 finished with value: 0.07380879670381546 and parameters: {'gradient_clip_val': 0.38753365843423415, 'hidden_size': 16, 'dropout': 0.15535435919622276, 'hidden_continuous_size': 7, 'attention_head_size': 1, 'learning_rate': 0.07714945163793002}. Best is trial 5 with value: 0.041314538568258286.
LOCAL_RANK: 0 - CUDA_VISIBLE_DEVICES: [0]
[I 2023-12-16 08:33:44,432] Trial 35 finished with value: 0.0936925932765007 and parameters: {'gradient_clip_val': 0.4265938508052519, 'hidden_size': 27, 'dropout': 0.17424767135261637, 'hidden_continuous_size': 8, 'attention_head_size': 1, 'learning_rate': 0.04968371850825485}. Best is trial 5 with value: 0.041314538568258286.
LOCAL_RANK: 0 - CUDA_VISIBLE_DEVICES: [0]
[I 2023-12-16 08:34:33,115] Trial 36 finished with value: 0.08302680402994156 and parameters: {'gradient_clip_val': 0.36612641419434694, 'hidden_size': 36, 'dropout': 0.21714237345548185, 'hidden_continuous_size': 9, 'attention_head_size': 1, 'learning_rate': 0.09933314764483828}. Best is trial 5 with value: 0.041314538568258286.
LOCAL_RANK: 0 - CUDA_VISIBLE_DEVICES: [0]
[I 2023-12-16 08:35:22,451] Trial 37 finished with value: 0.05798570439219475 and parameters: {'gradient_clip_val': 0.5695538672312064, 'hidden_size': 25, 'dropout': 0.1359577455986729, 'hidden_continuous_size': 6, 'attention_head_size': 4, 'learning_rate': 0.0487620879902099}. Best is trial 5 with value: 0.041314538568258286.
LOCAL_RANK: 0 - CUDA_VISIBLE_DEVICES: [0]
[I 2023-12-16 08:36:11,630] Trial 38 finished with value: 0.07160943001508713 and parameters: {'gradient_clip_val': 0.7258182000959089, 'hidden_size': 29, 'dropout': 0.11751683197427787, 'hidden_continuous_size': 8, 'attention_head_size': 1, 'learning_rate': 0.022620162469986462}. Best is trial 5 with value: 0.041314538568258286.
LOCAL_RANK: 0 - CUDA_VISIBLE_DEVICES: [0]
[I 2023-12-16 08:36:57,696] Trial 39 finished with value: 0.03630293533205986 and parameters: {'gradient_clip_val': 0.4539452532296985, 'hidden_size': 14, 'dropout': 0.1539535101750375, 'hidden_continuous_size': 6, 'attention_head_size': 3, 'learning_rate': 0.01675866783037378}. Best is trial 39 with value: 0.03630293533205986.
LOCAL_RANK: 0 - CUDA_VISIBLE_DEVICES: [0]
[I 2023-12-16 08:37:43,032] Trial 40 finished with value: 0.1522151678800583 and parameters: {'gradient_clip_val': 0.5109710732705866, 'hidden_size': 12, 'dropout': 0.18277127844206453, 'hidden_continuous_size': 7, 'attention_head_size': 3, 'learning_rate': 0.0156181061864007}. Best is trial 39 with value: 0.03630293533205986.
LOCAL_RANK: 0 - CUDA_VISIBLE_DEVICES: [0]
[I 2023-12-16 08:38:30,105] Trial 41 finished with value: 0.0645594522356987 and parameters: {'gradient_clip_val': 0.44280378064163695, 'hidden_size': 15, 'dropout': 0.15074343544046243, 'hidden_continuous_size': 6, 'attention_head_size': 3, 'learning_rate': 0.03806307633120417}. Best is trial 39 with value: 0.03630293533205986.
LOCAL_RANK: 0 - CUDA_VISIBLE_DEVICES: [0]
[I 2023-12-16 08:39:17,335] Trial 42 finished with value: 0.03875681012868881 and parameters: {'gradient_clip_val': 0.3392757583109444, 'hidden_size': 10, 'dropout': 0.1647361555346026, 'hidden_continuous_size': 6, 'attention_head_size': 3, 'learning_rate': 0.013799493323360336}. Best is trial 39 with value: 0.03630293533205986.
LOCAL_RANK: 0 - CUDA_VISIBLE_DEVICES: [0]
[I 2023-12-16 08:40:03,288] Trial 43 finished with value: 0.09087596088647842 and parameters: {'gradient_clip_val': 0.33922813046541483, 'hidden_size': 11, 'dropout': 0.13084099280751307, 'hidden_continuous_size': 6, 'attention_head_size': 3, 'learning_rate': 0.01158054988057372}. Best is trial 39 with value: 0.03630293533205986.
LOCAL_RANK: 0 - CUDA_VISIBLE_DEVICES: [0]
[I 2023-12-16 08:40:49,830] Trial 44 finished with value: 0.04992228373885155 and parameters: {'gradient_clip_val': 0.3286910459349641, 'hidden_size': 10, 'dropout': 0.16975976806519483, 'hidden_continuous_size': 6, 'attention_head_size': 4, 'learning_rate': 0.014859740751627958}. Best is trial 39 with value: 0.03630293533205986.
LOCAL_RANK: 0 - CUDA_VISIBLE_DEVICES: [0]
[I 2023-12-16 08:41:36,815] Trial 45 finished with value: 0.05984416604042053 and parameters: {'gradient_clip_val': 0.4753356960650924, 'hidden_size': 14, 'dropout': 0.19538170660496967, 'hidden_continuous_size': 7, 'attention_head_size': 3, 'learning_rate': 0.02527508088836139}. Best is trial 39 with value: 0.03630293533205986.
LOCAL_RANK: 0 - CUDA_VISIBLE_DEVICES: [0]
