[I 2023-12-26 12:52:04,848] Trial 37 finished with value: 4.51486349105835 and parameters: {'gradient_clip_val': 0.1593033191620046, 'hidden_size': 55, 'dropout': 0.2982428394457168, 'hidden_continuous_size': 17, 'attention_head_size': 3, 'learning_rate': 0.06254723667431637}. Best is trial 0 with value: 0.07745848596096039.
[I 2023-12-26 12:52:13,132] Trial 38 finished with value: 5.4478983879089355 and parameters: {'gradient_clip_val': 0.26290676162905535, 'hidden_size': 91, 'dropout': 0.2546853230639207, 'hidden_continuous_size': 62, 'attention_head_size': 1, 'learning_rate': 0.0028121382862500363}. Best is trial 0 with value: 0.07745848596096039.
[I 2023-12-26 12:52:16,853] Trial 39 finished with value: 4.87919807434082 and parameters: {'gradient_clip_val': 0.18789879861013545, 'hidden_size': 37, 'dropout': 0.33985597728451744, 'hidden_continuous_size': 12, 'attention_head_size': 4, 'learning_rate': 0.046810136847933496}. Best is trial 0 with value: 0.07745848596096039.
[I 2023-12-26 12:52:22,178] Trial 40 finished with value: 4.662525653839111 and parameters: {'gradient_clip_val': 0.21194188426113647, 'hidden_size': 78, 'dropout': 0.3646808145687982, 'hidden_continuous_size': 40, 'attention_head_size': 2, 'learning_rate': 0.062372500515564665}. Best is trial 0 with value: 0.07745848596096039.
[I 2023-12-26 12:52:31,013] Trial 41 finished with value: 3.20426082611084 and parameters: {'gradient_clip_val': 0.22986489533677198, 'hidden_size': 128, 'dropout': 0.23402765362954467, 'hidden_continuous_size': 33, 'attention_head_size': 3, 'learning_rate': 0.09645185911955746}. Best is trial 0 with value: 0.07745848596096039.
[I 2023-12-26 12:52:39,090] Trial 42 finished with value: 2.3647496700286865 and parameters: {'gradient_clip_val': 0.20008789603316937, 'hidden_size': 126, 'dropout': 0.27820087333505855, 'hidden_continuous_size': 77, 'attention_head_size': 3, 'learning_rate': 0.09640670098142812}. Best is trial 0 with value: 0.07745848596096039.
[I 2023-12-26 12:52:50,149] Trial 43 finished with value: 2.3545048236846924 and parameters: {'gradient_clip_val': 0.16991712412918666, 'hidden_size': 121, 'dropout': 0.28902295932989214, 'hidden_continuous_size': 113, 'attention_head_size': 3, 'learning_rate': 0.07274819986167848}. Best is trial 0 with value: 0.07745848596096039.
[I 2023-12-26 12:52:59,184] Trial 44 finished with value: 2.9476101398468018 and parameters: {'gradient_clip_val': 0.15900354483416795, 'hidden_size': 107, 'dropout': 0.28289746303878915, 'hidden_continuous_size': 103, 'attention_head_size': 3, 'learning_rate': 0.030865947973855116}. Best is trial 0 with value: 0.07745848596096039.
[I 2023-12-26 12:53:06,855] Trial 45 finished with value: 3.1276512145996094 and parameters: {'gradient_clip_val': 0.1357072494633651, 'hidden_size': 82, 'dropout': 0.26654804375491326, 'hidden_continuous_size': 70, 'attention_head_size': 4, 'learning_rate': 0.07252697899550463}. Best is trial 0 with value: 0.07745848596096039.
[I 2023-12-26 12:53:17,245] Trial 46 finished with value: 3.8815624713897705 and parameters: {'gradient_clip_val': 0.18127118318415264, 'hidden_size': 127, 'dropout': 0.3040317848455066, 'hidden_continuous_size': 112, 'attention_head_size': 3, 'learning_rate': 0.04471627671470046}. Best is trial 0 with value: 0.07745848596096039.
[I 2023-12-26 12:53:21,509] Trial 47 finished with value: 4.243053913116455 and parameters: {'gradient_clip_val': 0.16900970891621764, 'hidden_size': 64, 'dropout': 0.24370097906049626, 'hidden_continuous_size': 48, 'attention_head_size': 1, 'learning_rate': 0.06340723971980285}. Best is trial 0 with value: 0.07745848596096039.
[I 2023-12-26 12:53:29,573] Trial 48 finished with value: 4.391063690185547 and parameters: {'gradient_clip_val': 0.24283882587950564, 'hidden_size': 94, 'dropout': 0.2811964531859342, 'hidden_continuous_size': 81, 'attention_head_size': 2, 'learning_rate': 0.025136639045696504}. Best is trial 0 with value: 0.07745848596096039.
[I 2023-12-26 12:53:40,070] Trial 49 finished with value: 4.028504848480225 and parameters: {'gradient_clip_val': 0.3446333628962584, 'hidden_size': 124, 'dropout': 0.2091121450356443, 'hidden_continuous_size': 120, 'attention_head_size': 1, 'learning_rate': 0.040793411008600775}. Best is trial 0 with value: 0.07745848596096039.
[I 2023-12-26 12:53:40,200] A new study created in memory with name: no-name-270fa6e4-1934-4991-9d80-cad13abb4ddd
/home/le004/conda/anaconda3/envs/tsff_env/lib/python3.9/site-packages/lightning/fabric/plugins/environments/slurm.py:191: The `srun` command is available on your system but is not used. HINT: If your intention is to run Lightning on SLURM, prepend your python command with `srun` like so: srun python /home/le004/master_thesis/git/TSFusionForecast/code/ ...
[I 2023-12-26 13:06:52,776] Trial 0 finished with value: 0.03790716454386711 and parameters: {'gradient_clip_val': 0.5596725876126573, 'hidden_size': 80, 'dropout': 0.22616660993927307, 'hidden_continuous_size': 13, 'attention_head_size': 2, 'learning_rate': 0.03939315817638692}. Best is trial 0 with value: 0.03790716454386711.
[I 2023-12-26 13:08:22,344] Trial 1 finished with value: 0.6574620604515076 and parameters: {'gradient_clip_val': 0.17985974596169052, 'hidden_size': 16, 'dropout': 0.25485973591369926, 'hidden_continuous_size': 13, 'attention_head_size': 3, 'learning_rate': 0.0012559078081779069}. Best is trial 0 with value: 0.03790716454386711.
[I 2023-12-26 13:08:25,705] Trial 2 finished with value: 6.024158954620361 and parameters: {'gradient_clip_val': 0.16296555569435328, 'hidden_size': 29, 'dropout': 0.1625788110660035, 'hidden_continuous_size': 19, 'attention_head_size': 2, 'learning_rate': 0.004174415250985618}. Best is trial 0 with value: 0.03790716454386711.
[I 2023-12-26 13:08:28,150] Trial 3 finished with value: 4.5366597175598145 and parameters: {'gradient_clip_val': 0.49505806090037485, 'hidden_size': 11, 'dropout': 0.43801743366009094, 'hidden_continuous_size': 9, 'attention_head_size': 1, 'learning_rate': 0.0018286718453811705}. Best is trial 0 with value: 0.03790716454386711.
[I 2023-12-26 13:08:30,814] Trial 4 finished with value: 4.401698589324951 and parameters: {'gradient_clip_val': 0.4023623437191518, 'hidden_size': 17, 'dropout': 0.4927631946676069, 'hidden_continuous_size': 15, 'attention_head_size': 3, 'learning_rate': 0.002270137618296231}. Best is trial 0 with value: 0.03790716454386711.
[I 2023-12-26 13:08:33,779] Trial 5 finished with value: 3.491652727127075 and parameters: {'gradient_clip_val': 0.10852596639651287, 'hidden_size': 21, 'dropout': 0.35474544710680633, 'hidden_continuous_size': 15, 'attention_head_size': 4, 'learning_rate': 0.002337151730846265}. Best is trial 0 with value: 0.03790716454386711.
[I 2023-12-26 13:08:36,187] Trial 6 finished with value: 5.834636688232422 and parameters: {'gradient_clip_val': 0.9061298305051578, 'hidden_size': 10, 'dropout': 0.1612664244813444, 'hidden_continuous_size': 8, 'attention_head_size': 4, 'learning_rate': 0.01191996528611141}. Best is trial 0 with value: 0.03790716454386711.
[I 2023-12-26 13:08:44,363] Trial 7 finished with value: 6.719090938568115 and parameters: {'gradient_clip_val': 0.535693628921927, 'hidden_size': 89, 'dropout': 0.24058271001527964, 'hidden_continuous_size': 58, 'attention_head_size': 4, 'learning_rate': 0.0010220840892312079}. Best is trial 0 with value: 0.03790716454386711.
[I 2023-12-26 13:08:46,716] Trial 8 finished with value: 3.2500336170196533 and parameters: {'gradient_clip_val': 0.5362016864367034, 'hidden_size': 12, 'dropout': 0.45092539854044833, 'hidden_continuous_size': 12, 'attention_head_size': 2, 'learning_rate': 0.08715481877083804}. Best is trial 0 with value: 0.03790716454386711.
[I 2023-12-26 13:08:49,314] Trial 9 finished with value: 4.403514385223389 and parameters: {'gradient_clip_val': 0.30589859025831806, 'hidden_size': 15, 'dropout': 0.32937510892032285, 'hidden_continuous_size': 7, 'attention_head_size': 2, 'learning_rate': 0.0006361075997579163}. Best is trial 0 with value: 0.03790716454386711.
[I 2023-12-26 13:08:59,145] Trial 10 finished with value: 4.71890926361084 and parameters: {'gradient_clip_val': 0.9624995622653122, 'hidden_size': 121, 'dropout': 0.12909947133809657, 'hidden_continuous_size': 5, 'attention_head_size': 1, 'learning_rate': 0.02932631666455488}. Best is trial 0 with value: 0.03790716454386711.
[I 2023-12-26 13:09:01,482] Trial 11 finished with value: 5.237645626068115 and parameters: {'gradient_clip_val': 0.20563763681253122, 'hidden_size': 6, 'dropout': 0.24413761236481324, 'hidden_continuous_size': 5, 'attention_head_size': 3, 'learning_rate': 0.010394237477864067}. Best is trial 0 with value: 0.03790716454386711.
[I 2023-12-26 13:09:05,419] Trial 12 finished with value: 3.630028009414673 and parameters: {'gradient_clip_val': 0.25577308148042177, 'hidden_size': 40, 'dropout': 0.25117143425883487, 'hidden_continuous_size': 22, 'attention_head_size': 3, 'learning_rate': 0.028857145861915817}. Best is trial 0 with value: 0.03790716454386711.
[I 2023-12-26 13:09:10,343] Trial 13 finished with value: 5.52336311340332 and parameters: {'gradient_clip_val': 0.14865165903252134, 'hidden_size': 53, 'dropout': 0.28059976766723793, 'hidden_continuous_size': 27, 'attention_head_size': 2, 'learning_rate': 0.0005099118341282969}. Best is trial 0 with value: 0.03790716454386711.
[I 2023-12-26 13:09:15,818] Trial 14 finished with value: 4.68669319152832 and parameters: {'gradient_clip_val': 0.24000986219749404, 'hidden_size': 65, 'dropout': 0.20441079100444315, 'hidden_continuous_size': 11, 'attention_head_size': 3, 'learning_rate': 0.004687581505008018}. Best is trial 0 with value: 0.03790716454386711.
[I 2023-12-26 13:09:19,083] Trial 15 finished with value: 5.555860996246338 and parameters: {'gradient_clip_val': 0.31876172284796095, 'hidden_size': 28, 'dropout': 0.304480659572821, 'hidden_continuous_size': 11, 'attention_head_size': 1, 'learning_rate': 0.09356710706597951}. Best is trial 0 with value: 0.03790716454386711.
[I 2023-12-26 13:09:30,679] Trial 16 finished with value: 2.4776763916015625 and parameters: {'gradient_clip_val': 0.1063175115760177, 'hidden_size': 147, 'dropout': 0.10584017965866527, 'hidden_continuous_size': 32, 'attention_head_size': 2, 'learning_rate': 0.0012262388607443434}. Best is trial 0 with value: 0.03790716454386711.
[I 2023-12-26 13:09:34,180] Trial 17 finished with value: 4.213676929473877 and parameters: {'gradient_clip_val': 0.6888608058071498, 'hidden_size': 35, 'dropout': 0.20596612312413592, 'hidden_continuous_size': 14, 'attention_head_size': 3, 'learning_rate': 0.005140681109797055}. Best is trial 0 with value: 0.03790716454386711.
[I 2023-12-26 13:09:38,605] Trial 18 finished with value: 4.91868782043457 and parameters: {'gradient_clip_val': 0.3809316899160533, 'hidden_size': 46, 'dropout': 0.35287490413055345, 'hidden_continuous_size': 7, 'attention_head_size': 3, 'learning_rate': 0.009097905200059313}. Best is trial 0 with value: 0.03790716454386711.
[I 2023-12-26 13:09:45,695] Trial 19 finished with value: 3.4589712619781494 and parameters: {'gradient_clip_val': 0.1742664737309258, 'hidden_size': 79, 'dropout': 0.2847508767112416, 'hidden_continuous_size': 19, 'attention_head_size': 2, 'learning_rate': 0.019676907399759875}. Best is trial 0 with value: 0.03790716454386711.
[I 2023-12-26 13:09:48,561] Trial 20 finished with value: 4.608527660369873 and parameters: {'gradient_clip_val': 0.7137397963959092, 'hidden_size': 22, 'dropout': 0.2069791148828682, 'hidden_continuous_size': 10, 'attention_head_size': 1, 'learning_rate': 0.04913397043055928}. Best is trial 0 with value: 0.03790716454386711.
[I 2023-12-26 13:10:00,338] Trial 21 finished with value: 4.168947219848633 and parameters: {'gradient_clip_val': 0.10180068827588183, 'hidden_size': 147, 'dropout': 0.10976386434383484, 'hidden_continuous_size': 29, 'attention_head_size': 2, 'learning_rate': 0.0010674112703047565}. Best is trial 0 with value: 0.03790716454386711.
[I 2023-12-26 13:10:08,741] Trial 22 finished with value: 4.567718505859375 and parameters: {'gradient_clip_val': 0.1330221752980245, 'hidden_size': 99, 'dropout': 0.1038626272032312, 'hidden_continuous_size': 35, 'attention_head_size': 2, 'learning_rate': 0.003015516205356896}. Best is trial 0 with value: 0.03790716454386711.
[I 2023-12-26 13:10:21,642] Trial 23 finished with value: 4.801916599273682 and parameters: {'gradient_clip_val': 0.12040420124457711, 'hidden_size': 140, 'dropout': 0.131788007802695, 'hidden_continuous_size': 124, 'attention_head_size': 2, 'learning_rate': 0.0014018656618812577}. Best is trial 0 with value: 0.03790716454386711.
[I 2023-12-26 13:10:27,344] Trial 24 finished with value: 3.5558223724365234 and parameters: {'gradient_clip_val': 0.13371494044421767, 'hidden_size': 66, 'dropout': 0.16933641255197726, 'hidden_continuous_size': 13, 'attention_head_size': 3, 'learning_rate': 0.0009359385012392312}. Best is trial 0 with value: 0.03790716454386711.
[I 2023-12-26 13:10:36,696] Trial 25 finished with value: 5.691019058227539 and parameters: {'gradient_clip_val': 0.19553298854787354, 'hidden_size': 113, 'dropout': 0.17944888798259007, 'hidden_continuous_size': 39, 'attention_head_size': 2, 'learning_rate': 0.0015762634573612642}. Best is trial 0 with value: 0.03790716454386711.
[I 2023-12-26 13:10:45,073] Trial 26 finished with value: 3.956439256668091 and parameters: {'gradient_clip_val': 0.12140130981217274, 'hidden_size': 99, 'dropout': 0.142666042491051, 'hidden_continuous_size': 17, 'attention_head_size': 1, 'learning_rate': 0.003012282743397752}. Best is trial 0 with value: 0.03790716454386711.
[I 2023-12-26 13:10:57,014] Trial 27 finished with value: 4.051395893096924 and parameters: {'gradient_clip_val': 0.10039543418080532, 'hidden_size': 149, 'dropout': 0.10529311576620365, 'hidden_continuous_size': 22, 'attention_head_size': 3, 'learning_rate': 0.0059289731220848055}. Best is trial 0 with value: 0.03790716454386711.
[I 2023-12-26 13:11:03,534] Trial 28 finished with value: 3.7899792194366455 and parameters: {'gradient_clip_val': 0.15238716870775862, 'hidden_size': 75, 'dropout': 0.18969201424106635, 'hidden_continuous_size': 13, 'attention_head_size': 4, 'learning_rate': 0.0007626498359504571}. Best is trial 0 with value: 0.03790716454386711.
[I 2023-12-26 13:11:06,993] Trial 29 finished with value: 2.8744611740112305 and parameters: {'gradient_clip_val': 0.15645536623652587, 'hidden_size': 33, 'dropout': 0.1542036288760683, 'hidden_continuous_size': 10, 'attention_head_size': 2, 'learning_rate': 0.007309477813176556}. Best is trial 0 with value: 0.03790716454386711.
[I 2023-12-26 13:11:11,953] Trial 30 finished with value: 5.086853504180908 and parameters: {'gradient_clip_val': 0.2090646709019264, 'hidden_size': 54, 'dropout': 0.22661449836704145, 'hidden_continuous_size': 18, 'attention_head_size': 2, 'learning_rate': 0.003736190917904535}. Best is trial 0 with value: 0.03790716454386711.
[I 2023-12-26 13:11:15,687] Trial 31 finished with value: 5.191896915435791 and parameters: {'gradient_clip_val': 0.16771730876433716, 'hidden_size': 34, 'dropout': 0.1664958536853393, 'hidden_continuous_size': 9, 'attention_head_size': 2, 'learning_rate': 0.008378532601557435}. Best is trial 0 with value: 0.03790716454386711.
[I 2023-12-26 13:11:18,846] Trial 32 finished with value: 4.824016094207764 and parameters: {'gradient_clip_val': 0.1520485152195229, 'hidden_size': 26, 'dropout': 0.15021873291946503, 'hidden_continuous_size': 12, 'attention_head_size': 1, 'learning_rate': 0.0014558300796395792}. Best is trial 0 with value: 0.03790716454386711.
[I 2023-12-26 13:11:28,064] Trial 33 finished with value: 4.407988548278809 and parameters: {'gradient_clip_val': 0.1718043422665624, 'hidden_size': 111, 'dropout': 0.18493683911993758, 'hidden_continuous_size': 16, 'attention_head_size': 2, 'learning_rate': 0.0018725878011240512}. Best is trial 0 with value: 0.03790716454386711.
[I 2023-12-26 13:11:35,395] Trial 34 finished with value: 4.726635456085205 and parameters: {'gradient_clip_val': 0.12139911610384094, 'hidden_size': 87, 'dropout': 0.1369183563466894, 'hidden_continuous_size': 10, 'attention_head_size': 3, 'learning_rate': 0.00672311031806041}. Best is trial 0 with value: 0.03790716454386711.
[I 2023-12-26 13:11:40,613] Trial 35 finished with value: 5.13988733291626 and parameters: {'gradient_clip_val': 0.11658116569685835, 'hidden_size': 58, 'dropout': 0.1564720422464161, 'hidden_continuous_size': 15, 'attention_head_size': 2, 'learning_rate': 0.002327939251840915}. Best is trial 0 with value: 0.03790716454386711.
[I 2023-12-26 13:11:44,665] Trial 36 finished with value: 2.6024272441864014 and parameters: {'gradient_clip_val': 0.1355213903810805, 'hidden_size': 41, 'dropout': 0.22485107735931897, 'hidden_continuous_size': 15, 'attention_head_size': 3, 'learning_rate': 0.01702986075160892}. Best is trial 0 with value: 0.03790716454386711.
[I 2023-12-26 13:11:49,094] Trial 37 finished with value: 3.7402303218841553 and parameters: {'gradient_clip_val': 0.13623730354219116, 'hidden_size': 48, 'dropout': 0.26423245542772755, 'hidden_continuous_size': 14, 'attention_head_size': 4, 'learning_rate': 0.014957527970425807}. Best is trial 0 with value: 0.03790716454386711.
[I 2023-12-26 13:11:55,450] Trial 38 finished with value: 5.330150604248047 and parameters: {'gradient_clip_val': 0.10605230310668283, 'hidden_size': 73, 'dropout': 0.22894942216285913, 'hidden_continuous_size': 17, 'attention_head_size': 3, 'learning_rate': 0.013528671367275995}. Best is trial 0 with value: 0.03790716454386711.
[I 2023-12-26 13:11:58,087] Trial 39 finished with value: 4.557863235473633 and parameters: {'gradient_clip_val': 0.1852414077052142, 'hidden_size': 18, 'dropout': 0.22154522379458402, 'hidden_continuous_size': 8, 'attention_head_size': 4, 'learning_rate': 0.0005012118732867601}. Best is trial 0 with value: 0.03790716454386711.
[I 2023-12-26 13:12:02,058] Trial 40 finished with value: 4.42825174331665 and parameters: {'gradient_clip_val': 0.11314058829033985, 'hidden_size': 42, 'dropout': 0.2624079422874074, 'hidden_continuous_size': 15, 'attention_head_size': 3, 'learning_rate': 0.0011215545107731235}. Best is trial 0 with value: 0.03790716454386711.
[I 2023-12-26 13:12:05,366] Trial 41 finished with value: 3.6417694091796875 and parameters: {'gradient_clip_val': 0.1505976827628781, 'hidden_size': 30, 'dropout': 0.18529649598260872, 'hidden_continuous_size': 12, 'attention_head_size': 3, 'learning_rate': 0.011069127983243242}. Best is trial 0 with value: 0.03790716454386711.
[I 2023-12-26 13:12:09,250] Trial 42 finished with value: 3.9416913986206055 and parameters: {'gradient_clip_val': 0.14107563008382293, 'hidden_size': 35, 'dropout': 0.12605161194542647, 'hidden_continuous_size': 13, 'attention_head_size': 2, 'learning_rate': 0.0076768453415298815}. Best is trial 0 with value: 0.03790716454386711.
[I 2023-12-26 13:12:12,148] Trial 43 finished with value: 4.891420841217041 and parameters: {'gradient_clip_val': 0.16423564818009115, 'hidden_size': 22, 'dropout': 0.23579215398216985, 'hidden_continuous_size': 11, 'attention_head_size': 3, 'learning_rate': 0.01804052753033249}. Best is trial 0 with value: 0.03790716454386711.
[I 2023-12-26 13:12:14,790] Trial 44 finished with value: 5.500247955322266 and parameters: {'gradient_clip_val': 0.12663783021976888, 'hidden_size': 15, 'dropout': 0.15109707355381224, 'hidden_continuous_size': 9, 'attention_head_size': 2, 'learning_rate': 0.006926219382964041}. Best is trial 0 with value: 0.03790716454386711.
[I 2023-12-26 13:12:18,887] Trial 45 finished with value: 4.552878379821777 and parameters: {'gradient_clip_val': 0.11025602117673355, 'hidden_size': 41, 'dropout': 0.20960587085822208, 'hidden_continuous_size': 14, 'attention_head_size': 3, 'learning_rate': 0.00375436377051355}. Best is trial 0 with value: 0.03790716454386711.
[I 2023-12-26 13:12:24,172] Trial 46 finished with value: 3.7354776859283447 and parameters: {'gradient_clip_val': 0.2184471923819031, 'hidden_size': 60, 'dropout': 0.2475752573675582, 'hidden_continuous_size': 20, 'attention_head_size': 2, 'learning_rate': 0.0007123657368390185}. Best is trial 0 with value: 0.03790716454386711.
[I 2023-12-26 13:12:34,740] Trial 47 finished with value: 3.910609006881714 and parameters: {'gradient_clip_val': 0.1829468868508948, 'hidden_size': 127, 'dropout': 0.19318212247034078, 'hidden_continuous_size': 19, 'attention_head_size': 1, 'learning_rate': 0.024884206549663758}. Best is trial 0 with value: 0.03790716454386711.
[I 2023-12-26 13:12:42,501] Trial 48 finished with value: 4.2243499755859375 and parameters: {'gradient_clip_val': 0.1382695898506718, 'hidden_size': 92, 'dropout': 0.21875094291974428, 'hidden_continuous_size': 22, 'attention_head_size': 3, 'learning_rate': 0.038503229335138965}. Best is trial 0 with value: 0.03790716454386711.
[I 2023-12-26 13:12:48,793] Trial 49 finished with value: 4.723339080810547 and parameters: {'gradient_clip_val': 0.25850170894281405, 'hidden_size': 70, 'dropout': 0.1684220334206089, 'hidden_continuous_size': 16, 'attention_head_size': 2, 'learning_rate': 0.005418652193474864}. Best is trial 0 with value: 0.03790716454386711.
[I 2023-12-26 13:12:48,930] A new study created in memory with name: no-name-c920ec0f-556c-4520-831b-d104d320a1bd
/home/le004/conda/anaconda3/envs/tsff_env/lib/python3.9/site-packages/lightning/fabric/plugins/environments/slurm.py:191: The `srun` command is available on your system but is not used. HINT: If your intention is to run Lightning on SLURM, prepend your python command with `srun` like so: srun python /home/le004/master_thesis/git/TSFusionForecast/code/ ...
