[I 2023-12-15 11:31:24,312] Trial 6 finished with value: 1.2991622686386108 and parameters: {'gradient_clip_val': 0.4939766825923349, 'hidden_size': 10, 'dropout': 0.19100779293225942, 'hidden_continuous_size': 9, 'attention_head_size': 3, 'learning_rate': 0.017705896024808855}. Best is trial 1 with value: 0.16695521771907806.
LOCAL_RANK: 0 - CUDA_VISIBLE_DEVICES: [0]
[I 2023-12-15 11:32:09,637] Trial 7 finished with value: 0.35356393456459045 and parameters: {'gradient_clip_val': 0.6070716671947151, 'hidden_size': 15, 'dropout': 0.3097684859181516, 'hidden_continuous_size': 8, 'attention_head_size': 1, 'learning_rate': 0.03593704993380878}. Best is trial 1 with value: 0.16695521771907806.
LOCAL_RANK: 0 - CUDA_VISIBLE_DEVICES: [0]
[I 2023-12-15 11:32:53,762] Trial 8 finished with value: 0.46578553318977356 and parameters: {'gradient_clip_val': 0.14842751958455183, 'hidden_size': 16, 'dropout': 0.3360987641101274, 'hidden_continuous_size': 6, 'attention_head_size': 1, 'learning_rate': 0.048265663949645904}. Best is trial 1 with value: 0.16695521771907806.
LOCAL_RANK: 0 - CUDA_VISIBLE_DEVICES: [0]
[I 2023-12-15 11:33:39,244] Trial 9 finished with value: 0.4461950361728668 and parameters: {'gradient_clip_val': 0.9574624573172725, 'hidden_size': 13, 'dropout': 0.19261118862624432, 'hidden_continuous_size': 11, 'attention_head_size': 1, 'learning_rate': 0.015530033830109478}. Best is trial 1 with value: 0.16695521771907806.
LOCAL_RANK: 0 - CUDA_VISIBLE_DEVICES: [0]
[I 2023-12-15 11:34:17,287] Trial 10 finished with value: 2.0332508087158203 and parameters: {'gradient_clip_val': 0.21743882943488976, 'hidden_size': 39, 'dropout': 0.23653030703086086, 'hidden_continuous_size': 39, 'attention_head_size': 4, 'learning_rate': 0.0025304962856894774}. Best is trial 1 with value: 0.16695521771907806.
LOCAL_RANK: 0 - CUDA_VISIBLE_DEVICES: [0]
[I 2023-12-15 11:35:06,155] Trial 11 finished with value: 0.8503139615058899 and parameters: {'gradient_clip_val': 0.2693925805401134, 'hidden_size': 28, 'dropout': 0.11711937441827305, 'hidden_continuous_size': 14, 'attention_head_size': 4, 'learning_rate': 0.0030397184843639147}. Best is trial 1 with value: 0.16695521771907806.
LOCAL_RANK: 0 - CUDA_VISIBLE_DEVICES: [0]
[I 2023-12-15 11:35:55,921] Trial 12 finished with value: 0.40862974524497986 and parameters: {'gradient_clip_val': 0.19114366719710071, 'hidden_size': 30, 'dropout': 0.11773599758734887, 'hidden_continuous_size': 14, 'attention_head_size': 3, 'learning_rate': 0.006571796282797736}. Best is trial 1 with value: 0.16695521771907806.
LOCAL_RANK: 0 - CUDA_VISIBLE_DEVICES: [0]
[I 2023-12-15 11:36:49,542] Trial 13 finished with value: 0.4322429597377777 and parameters: {'gradient_clip_val': 0.34129914986659127, 'hidden_size': 53, 'dropout': 0.15899928154238924, 'hidden_continuous_size': 21, 'attention_head_size': 4, 'learning_rate': 0.08807133100872672}. Best is trial 1 with value: 0.16695521771907806.
LOCAL_RANK: 0 - CUDA_VISIBLE_DEVICES: [0]
[I 2023-12-15 11:37:37,717] Trial 14 finished with value: 0.2810567319393158 and parameters: {'gradient_clip_val': 0.2456857893399465, 'hidden_size': 23, 'dropout': 0.10314221924854552, 'hidden_continuous_size': 6, 'attention_head_size': 2, 'learning_rate': 0.0017719274187824332}. Best is trial 1 with value: 0.16695521771907806.
LOCAL_RANK: 0 - CUDA_VISIBLE_DEVICES: [0]
[I 2023-12-15 11:38:33,870] Trial 15 finished with value: 2.6743080615997314 and parameters: {'gradient_clip_val': 0.3764303050805292, 'hidden_size': 77, 'dropout': 0.17631107124361758, 'hidden_continuous_size': 64, 'attention_head_size': 3, 'learning_rate': 0.011809916294865639}. Best is trial 1 with value: 0.16695521771907806.
LOCAL_RANK: 0 - CUDA_VISIBLE_DEVICES: [0]
[I 2023-12-15 11:39:29,650] Trial 16 finished with value: 1.1432278156280518 and parameters: {'gradient_clip_val': 0.17615445446921327, 'hidden_size': 95, 'dropout': 0.21929944437126037, 'hidden_continuous_size': 28, 'attention_head_size': 4, 'learning_rate': 0.001351154046262116}. Best is trial 1 with value: 0.16695521771907806.
LOCAL_RANK: 0 - CUDA_VISIBLE_DEVICES: [0]
[I 2023-12-15 11:40:22,724] Trial 17 finished with value: 0.9436023831367493 and parameters: {'gradient_clip_val': 0.2672748070301669, 'hidden_size': 43, 'dropout': 0.1445089346714363, 'hidden_continuous_size': 11, 'attention_head_size': 4, 'learning_rate': 0.004152756896477135}. Best is trial 1 with value: 0.16695521771907806.
LOCAL_RANK: 0 - CUDA_VISIBLE_DEVICES: [0]
[I 2023-12-15 11:41:11,039] Trial 18 finished with value: 0.5976320505142212 and parameters: {'gradient_clip_val': 0.6097168957824056, 'hidden_size': 22, 'dropout': 0.21571508117149274, 'hidden_continuous_size': 7, 'attention_head_size': 2, 'learning_rate': 0.011035201431918287}. Best is trial 1 with value: 0.16695521771907806.
LOCAL_RANK: 0 - CUDA_VISIBLE_DEVICES: [0]
[I 2023-12-15 11:42:03,513] Trial 19 finished with value: 0.600487232208252 and parameters: {'gradient_clip_val': 0.41677003976224136, 'hidden_size': 35, 'dropout': 0.15989012599255892, 'hidden_continuous_size': 17, 'attention_head_size': 3, 'learning_rate': 0.004324721869996552}. Best is trial 1 with value: 0.16695521771907806.
LOCAL_RANK: 0 - CUDA_VISIBLE_DEVICES: [0]
[I 2023-12-15 11:42:53,152] Trial 20 finished with value: 0.2816956043243408 and parameters: {'gradient_clip_val': 0.2945197834581816, 'hidden_size': 26, 'dropout': 0.25409189927128595, 'hidden_continuous_size': 10, 'attention_head_size': 4, 'learning_rate': 0.0013416835732558755}. Best is trial 1 with value: 0.16695521771907806.
LOCAL_RANK: 0 - CUDA_VISIBLE_DEVICES: [0]
[I 2023-12-15 11:43:39,350] Trial 21 finished with value: 1.2968453168869019 and parameters: {'gradient_clip_val': 0.24496976153964234, 'hidden_size': 20, 'dropout': 0.10017595605520978, 'hidden_continuous_size': 6, 'attention_head_size': 2, 'learning_rate': 0.0017858610175588722}. Best is trial 1 with value: 0.16695521771907806.
LOCAL_RANK: 0 - CUDA_VISIBLE_DEVICES: [0]
[I 2023-12-15 11:44:27,127] Trial 22 finished with value: 2.1136763095855713 and parameters: {'gradient_clip_val': 0.22948315850020748, 'hidden_size': 22, 'dropout': 0.13436997361752953, 'hidden_continuous_size': 5, 'attention_head_size': 2, 'learning_rate': 0.0005653017012499561}. Best is trial 1 with value: 0.16695521771907806.
LOCAL_RANK: 0 - CUDA_VISIBLE_DEVICES: [0]
[I 2023-12-15 11:45:18,985] Trial 23 finished with value: 1.8873533010482788 and parameters: {'gradient_clip_val': 0.30202232956657854, 'hidden_size': 45, 'dropout': 0.10221498431987411, 'hidden_continuous_size': 8, 'attention_head_size': 2, 'learning_rate': 0.002029390282197453}. Best is trial 1 with value: 0.16695521771907806.
LOCAL_RANK: 0 - CUDA_VISIBLE_DEVICES: [0]
[I 2023-12-15 11:46:08,233] Trial 24 finished with value: 2.7256557941436768 and parameters: {'gradient_clip_val': 0.362039329063704, 'hidden_size': 29, 'dropout': 0.1267094397508328, 'hidden_continuous_size': 9, 'attention_head_size': 3, 'learning_rate': 0.0033502945192201285}. Best is trial 1 with value: 0.16695521771907806.
LOCAL_RANK: 0 - CUDA_VISIBLE_DEVICES: [0]
[I 2023-12-15 11:47:00,100] Trial 25 finished with value: 1.2527254819869995 and parameters: {'gradient_clip_val': 0.20152460261932437, 'hidden_size': 51, 'dropout': 0.1676948420112139, 'hidden_continuous_size': 6, 'attention_head_size': 3, 'learning_rate': 0.008185220480715981}. Best is trial 1 with value: 0.16695521771907806.
LOCAL_RANK: 0 - CUDA_VISIBLE_DEVICES: [0]
[I 2023-12-15 11:47:51,360] Trial 26 finished with value: 2.8205502033233643 and parameters: {'gradient_clip_val': 0.14947647623634547, 'hidden_size': 39, 'dropout': 0.137508888212506, 'hidden_continuous_size': 12, 'attention_head_size': 2, 'learning_rate': 0.001206496153930392}. Best is trial 1 with value: 0.16695521771907806.
LOCAL_RANK: 0 - CUDA_VISIBLE_DEVICES: [0]
[I 2023-12-15 11:48:38,844] Trial 27 finished with value: 0.9502711296081543 and parameters: {'gradient_clip_val': 0.25136867907563437, 'hidden_size': 19, 'dropout': 0.1884391434688138, 'hidden_continuous_size': 5, 'attention_head_size': 4, 'learning_rate': 0.002590917362460368}. Best is trial 1 with value: 0.16695521771907806.
LOCAL_RANK: 0 - CUDA_VISIBLE_DEVICES: [0]
[I 2023-12-15 11:49:28,884] Trial 28 finished with value: 1.913926601409912 and parameters: {'gradient_clip_val': 0.2919351071402832, 'hidden_size': 33, 'dropout': 0.15039991355026583, 'hidden_continuous_size': 14, 'attention_head_size': 3, 'learning_rate': 0.004218670637954462}. Best is trial 1 with value: 0.16695521771907806.
LOCAL_RANK: 0 - CUDA_VISIBLE_DEVICES: [0]
[I 2023-12-15 11:50:18,387] Trial 29 finished with value: 2.0312302112579346 and parameters: {'gradient_clip_val': 0.7290765056767629, 'hidden_size': 25, 'dropout': 0.1207640921147074, 'hidden_continuous_size': 6, 'attention_head_size': 4, 'learning_rate': 0.0010132525341780855}. Best is trial 1 with value: 0.16695521771907806.
LOCAL_RANK: 0 - CUDA_VISIBLE_DEVICES: [0]
[I 2023-12-15 11:51:12,177] Trial 30 finished with value: 3.8643672466278076 and parameters: {'gradient_clip_val': 0.40654087299556735, 'hidden_size': 59, 'dropout': 0.16818877008516347, 'hidden_continuous_size': 20, 'attention_head_size': 4, 'learning_rate': 0.0008351194994434017}. Best is trial 1 with value: 0.16695521771907806.
LOCAL_RANK: 0 - CUDA_VISIBLE_DEVICES: [0]
[I 2023-12-15 11:52:00,788] Trial 31 finished with value: 0.32521772384643555 and parameters: {'gradient_clip_val': 0.30733281942037727, 'hidden_size': 24, 'dropout': 0.27499114825315796, 'hidden_continuous_size': 10, 'attention_head_size': 4, 'learning_rate': 0.0016549229409287}. Best is trial 1 with value: 0.16695521771907806.
LOCAL_RANK: 0 - CUDA_VISIBLE_DEVICES: [0]
[I 2023-12-15 11:52:50,472] Trial 32 finished with value: 0.49279046058654785 and parameters: {'gradient_clip_val': 0.22714159794642488, 'hidden_size': 26, 'dropout': 0.26374577960511075, 'hidden_continuous_size': 12, 'attention_head_size': 4, 'learning_rate': 0.001044951365474605}. Best is trial 1 with value: 0.16695521771907806.
LOCAL_RANK: 0 - CUDA_VISIBLE_DEVICES: [0]
[I 2023-12-15 11:53:39,280] Trial 33 finished with value: 1.892952561378479 and parameters: {'gradient_clip_val': 0.3315961089583042, 'hidden_size': 32, 'dropout': 0.2067397026457672, 'hidden_continuous_size': 7, 'attention_head_size': 4, 'learning_rate': 0.0005735810705245305}. Best is trial 1 with value: 0.16695521771907806.
LOCAL_RANK: 0 - CUDA_VISIBLE_DEVICES: [0]
[I 2023-12-15 11:54:26,844] Trial 34 finished with value: 1.2386245727539062 and parameters: {'gradient_clip_val': 0.26516757850280165, 'hidden_size': 18, 'dropout': 0.23690754376447948, 'hidden_continuous_size': 5, 'attention_head_size': 4, 'learning_rate': 0.0016462398386352553}. Best is trial 1 with value: 0.16695521771907806.
LOCAL_RANK: 0 - CUDA_VISIBLE_DEVICES: [0]
[I 2023-12-15 11:55:15,038] Trial 35 finished with value: 1.1076964139938354 and parameters: {'gradient_clip_val': 0.4547983176981913, 'hidden_size': 24, 'dropout': 0.15019030062445182, 'hidden_continuous_size': 10, 'attention_head_size': 3, 'learning_rate': 0.0012635348113251934}. Best is trial 1 with value: 0.16695521771907806.
LOCAL_RANK: 0 - CUDA_VISIBLE_DEVICES: [0]
[I 2023-12-15 11:56:00,887] Trial 36 finished with value: 1.9196820259094238 and parameters: {'gradient_clip_val': 0.2906825283585545, 'hidden_size': 13, 'dropout': 0.18084875385415342, 'hidden_continuous_size': 7, 'attention_head_size': 2, 'learning_rate': 0.0008659857475989091}. Best is trial 1 with value: 0.16695521771907806.
LOCAL_RANK: 0 - CUDA_VISIBLE_DEVICES: [0]
[I 2023-12-15 11:56:48,208] Trial 37 finished with value: 1.6461809873580933 and parameters: {'gradient_clip_val': 0.34449011286302755, 'hidden_size': 19, 'dropout': 0.203206982741871, 'hidden_continuous_size': 8, 'attention_head_size': 1, 'learning_rate': 0.002205297559079199}. Best is trial 1 with value: 0.16695521771907806.
LOCAL_RANK: 0 - CUDA_VISIBLE_DEVICES: [0]
[I 2023-12-15 11:57:38,645] Trial 38 finished with value: 2.110330581665039 and parameters: {'gradient_clip_val': 0.5004955139640042, 'hidden_size': 35, 'dropout': 0.2880921803451624, 'hidden_continuous_size': 9, 'attention_head_size': 4, 'learning_rate': 0.0006243911741525958}. Best is trial 1 with value: 0.16695521771907806.
LOCAL_RANK: 0 - CUDA_VISIBLE_DEVICES: [0]
[I 2023-12-15 11:58:23,624] Trial 39 finished with value: 1.592960238456726 and parameters: {'gradient_clip_val': 0.20091930164728206, 'hidden_size': 16, 'dropout': 0.24824080117334163, 'hidden_continuous_size': 5, 'attention_head_size': 3, 'learning_rate': 0.0007518586264548046}. Best is trial 1 with value: 0.16695521771907806.
LOCAL_RANK: 0 - CUDA_VISIBLE_DEVICES: [0]
[I 2023-12-15 11:59:10,296] Trial 40 finished with value: 3.1460208892822266 and parameters: {'gradient_clip_val': 0.11404446729227617, 'hidden_size': 7, 'dropout': 0.13729280271286481, 'hidden_continuous_size': 5, 'attention_head_size': 4, 'learning_rate': 0.0015631965259823644}. Best is trial 1 with value: 0.16695521771907806.
LOCAL_RANK: 0 - CUDA_VISIBLE_DEVICES: [0]
[I 2023-12-15 12:00:00,293] Trial 41 finished with value: 3.176473379135132 and parameters: {'gradient_clip_val': 0.30422910968852457, 'hidden_size': 25, 'dropout': 0.265541748968276, 'hidden_continuous_size': 10, 'attention_head_size': 4, 'learning_rate': 0.001736126386433754}. Best is trial 1 with value: 0.16695521771907806.
LOCAL_RANK: 0 - CUDA_VISIBLE_DEVICES: [0]
[I 2023-12-15 12:00:49,625] Trial 42 finished with value: 0.6637865900993347 and parameters: {'gradient_clip_val': 0.3177995010784917, 'hidden_size': 22, 'dropout': 0.2816679173361559, 'hidden_continuous_size': 9, 'attention_head_size': 4, 'learning_rate': 0.0021790466703694345}. Best is trial 1 with value: 0.16695521771907806.
LOCAL_RANK: 0 - CUDA_VISIBLE_DEVICES: [0]
[I 2023-12-15 12:01:38,577] Trial 43 finished with value: 0.9535627961158752 and parameters: {'gradient_clip_val': 0.23936896481636447, 'hidden_size': 28, 'dropout': 0.3159253072651342, 'hidden_continuous_size': 10, 'attention_head_size': 4, 'learning_rate': 0.0013323544389428415}. Best is trial 1 with value: 0.16695521771907806.
LOCAL_RANK: 0 - CUDA_VISIBLE_DEVICES: [0]
[I 2023-12-15 12:02:25,738] Trial 44 finished with value: 0.6322168707847595 and parameters: {'gradient_clip_val': 0.2648990000546052, 'hidden_size': 17, 'dropout': 0.23324459481232562, 'hidden_continuous_size': 8, 'attention_head_size': 4, 'learning_rate': 0.0028625953692659385}. Best is trial 1 with value: 0.16695521771907806.
LOCAL_RANK: 0 - CUDA_VISIBLE_DEVICES: [0]
[I 2023-12-15 12:03:15,377] Trial 45 finished with value: 0.4859316051006317 and parameters: {'gradient_clip_val': 0.375288154766133, 'hidden_size': 30, 'dropout': 0.11016232060747841, 'hidden_continuous_size': 12, 'attention_head_size': 3, 'learning_rate': 0.0009225538680363911}. Best is trial 1 with value: 0.16695521771907806.
LOCAL_RANK: 0 - CUDA_VISIBLE_DEVICES: [0]
[I 2023-12-15 12:04:01,985] Trial 46 finished with value: 1.236559271812439 and parameters: {'gradient_clip_val': 0.28134286250425833, 'hidden_size': 13, 'dropout': 0.1195050067776709, 'hidden_continuous_size': 6, 'attention_head_size': 4, 'learning_rate': 0.0022320131701255757}. Best is trial 1 with value: 0.16695521771907806.
LOCAL_RANK: 0 - CUDA_VISIBLE_DEVICES: [0]
[I 2023-12-15 12:04:50,575] Trial 47 finished with value: 1.1470805406570435 and parameters: {'gradient_clip_val': 0.32515110483677606, 'hidden_size': 22, 'dropout': 0.18541204044664608, 'hidden_continuous_size': 11, 'attention_head_size': 1, 'learning_rate': 0.005354591964162734}. Best is trial 1 with value: 0.16695521771907806.
LOCAL_RANK: 0 - CUDA_VISIBLE_DEVICES: [0]
[I 2023-12-15 12:05:40,172] Trial 48 finished with value: 4.879438877105713 and parameters: {'gradient_clip_val': 0.21217073963957017, 'hidden_size': 27, 'dropout': 0.2002571320823473, 'hidden_continuous_size': 15, 'attention_head_size': 4, 'learning_rate': 0.0010853368509402411}. Best is trial 1 with value: 0.16695521771907806.
LOCAL_RANK: 0 - CUDA_VISIBLE_DEVICES: [0]
[I 2023-12-15 12:06:31,906] Trial 49 finished with value: 0.5473849177360535 and parameters: {'gradient_clip_val': 0.18274964699198634, 'hidden_size': 39, 'dropout': 0.22363416204320175, 'hidden_continuous_size': 15, 'attention_head_size': 2, 'learning_rate': 0.0034645569050013856}. Best is trial 1 with value: 0.16695521771907806.
[I 2023-12-15 12:06:32,000] A new study created in memory with name: no-name-fcde0b3b-a54f-49a4-835c-4bfbd46b4723
/home/le004/conda/anaconda3/envs/tsff_env/lib/python3.9/site-packages/lightning/fabric/plugins/environments/slurm.py:191: The `srun` command is available on your system but is not used. HINT: If your intention is to run Lightning on SLURM, prepend your python command with `srun` like so: srun python /home/le004/master_thesis/git/TSFusionForecast/code/ ...
LOCAL_RANK: 0 - CUDA_VISIBLE_DEVICES: [0]
[I 2023-12-15 12:07:24,704] Trial 0 finished with value: 0.5347594022750854 and parameters: {'gradient_clip_val': 0.6929716976600087, 'hidden_size': 39, 'dropout': 0.37918213787932964, 'hidden_continuous_size': 16, 'attention_head_size': 4, 'learning_rate': 0.009313791429837076}. Best is trial 0 with value: 0.5347594022750854.
LOCAL_RANK: 0 - CUDA_VISIBLE_DEVICES: [0]
[I 2023-12-15 12:08:15,448] Trial 1 finished with value: 1.0689574480056763 and parameters: {'gradient_clip_val': 0.1034292173500485, 'hidden_size': 67, 'dropout': 0.14629649875909873, 'hidden_continuous_size': 5, 'attention_head_size': 1, 'learning_rate': 0.000538997483075949}. Best is trial 0 with value: 0.5347594022750854.
LOCAL_RANK: 0 - CUDA_VISIBLE_DEVICES: [0]
[I 2023-12-15 12:09:10,402] Trial 2 finished with value: 1.2186866998672485 and parameters: {'gradient_clip_val': 0.8110867691879213, 'hidden_size': 100, 'dropout': 0.23342782752763527, 'hidden_continuous_size': 24, 'attention_head_size': 3, 'learning_rate': 0.005227742025875481}. Best is trial 0 with value: 0.5347594022750854.
LOCAL_RANK: 0 - CUDA_VISIBLE_DEVICES: [0]
[I 2023-12-15 12:09:56,729] Trial 3 finished with value: 3.8837814331054688 and parameters: {'gradient_clip_val': 0.6203310534085181, 'hidden_size': 10, 'dropout': 0.38174469629758734, 'hidden_continuous_size': 8, 'attention_head_size': 3, 'learning_rate': 0.04610814255048519}. Best is trial 0 with value: 0.5347594022750854.
LOCAL_RANK: 0 - CUDA_VISIBLE_DEVICES: [0]
[I 2023-12-15 12:10:48,598] Trial 4 finished with value: 0.3299436569213867 and parameters: {'gradient_clip_val': 0.10328403270363477, 'hidden_size': 42, 'dropout': 0.1161218838004558, 'hidden_continuous_size': 24, 'attention_head_size': 1, 'learning_rate': 0.06503187908522995}. Best is trial 4 with value: 0.3299436569213867.
LOCAL_RANK: 0 - CUDA_VISIBLE_DEVICES: [0]
[I 2023-12-15 12:11:33,607] Trial 5 finished with value: 0.3213184177875519 and parameters: {'gradient_clip_val': 0.2226151956940696, 'hidden_size': 11, 'dropout': 0.2604112545951677, 'hidden_continuous_size': 5, 'attention_head_size': 1, 'learning_rate': 0.024590621583067306}. Best is trial 5 with value: 0.3213184177875519.
LOCAL_RANK: 0 - CUDA_VISIBLE_DEVICES: [0]
[I 2023-12-15 12:12:19,518] Trial 6 finished with value: 0.7092999815940857 and parameters: {'gradient_clip_val': 0.13244057269246098, 'hidden_size': 13, 'dropout': 0.14645974185198912, 'hidden_continuous_size': 11, 'attention_head_size': 1, 'learning_rate': 0.0012067969057494247}. Best is trial 5 with value: 0.3213184177875519.
LOCAL_RANK: 0 - CUDA_VISIBLE_DEVICES: [0]
[I 2023-12-15 12:13:13,074] Trial 7 finished with value: 0.413659006357193 and parameters: {'gradient_clip_val': 0.3910832607857162, 'hidden_size': 71, 'dropout': 0.19620642304836483, 'hidden_continuous_size': 12, 'attention_head_size': 3, 'learning_rate': 0.0810786383732442}. Best is trial 5 with value: 0.3213184177875519.
LOCAL_RANK: 0 - CUDA_VISIBLE_DEVICES: [0]
[I 2023-12-15 12:13:49,522] Trial 8 finished with value: 2.888857126235962 and parameters: {'gradient_clip_val': 0.15322192942017554, 'hidden_size': 5, 'dropout': 0.15879319804440942, 'hidden_continuous_size': 5, 'attention_head_size': 3, 'learning_rate': 0.009790551733339549}. Best is trial 5 with value: 0.3213184177875519.
LOCAL_RANK: 0 - CUDA_VISIBLE_DEVICES: [0]
[I 2023-12-15 12:14:37,806] Trial 9 finished with value: 0.19128961861133575 and parameters: {'gradient_clip_val': 0.3570891373953135, 'hidden_size': 19, 'dropout': 0.21435905188556953, 'hidden_continuous_size': 13, 'attention_head_size': 1, 'learning_rate': 0.016524990445191776}. Best is trial 9 with value: 0.19128961861133575.
LOCAL_RANK: 0 - CUDA_VISIBLE_DEVICES: [0]
[I 2023-12-15 12:15:25,270] Trial 10 finished with value: 0.2911989390850067 and parameters: {'gradient_clip_val': 0.34547309905923473, 'hidden_size': 24, 'dropout': 0.2874688303564911, 'hidden_continuous_size': 8, 'attention_head_size': 2, 'learning_rate': 0.01990542339724422}. Best is trial 9 with value: 0.19128961861133575.
LOCAL_RANK: 0 - CUDA_VISIBLE_DEVICES: [0]
[I 2023-12-15 12:16:13,684] Trial 11 finished with value: 0.8433723449707031 and parameters: {'gradient_clip_val': 0.37150745131566076, 'hidden_size': 22, 'dropout': 0.28909266657053506, 'hidden_continuous_size': 9, 'attention_head_size': 2, 'learning_rate': 0.03036435288806073}. Best is trial 9 with value: 0.19128961861133575.
LOCAL_RANK: 0 - CUDA_VISIBLE_DEVICES: [0]
[I 2023-12-15 12:17:02,009] Trial 12 finished with value: 0.5762798190116882 and parameters: {'gradient_clip_val': 0.26490282208878, 'hidden_size': 23, 'dropout': 0.3112812426463406, 'hidden_continuous_size': 7, 'attention_head_size': 2, 'learning_rate': 0.019086397773442468}. Best is trial 9 with value: 0.19128961861133575.
LOCAL_RANK: 0 - CUDA_VISIBLE_DEVICES: [0]
