[I 2023-12-15 16:54:38,861] Trial 9 finished with value: 47.301025390625 and parameters: {'gradient_clip_val': 0.18503243106168354, 'hidden_size': 61, 'dropout': 0.308385178897158, 'hidden_continuous_size': 9, 'attention_head_size': 2, 'learning_rate': 0.007925770024200054}. Best is trial 9 with value: 47.301025390625.
LOCAL_RANK: 0 - CUDA_VISIBLE_DEVICES: [0]
[I 2023-12-15 16:55:32,710] Trial 10 finished with value: 49.997955322265625 and parameters: {'gradient_clip_val': 0.11163927673154456, 'hidden_size': 80, 'dropout': 0.22474934236667626, 'hidden_continuous_size': 48, 'attention_head_size': 1, 'learning_rate': 0.08999378460224244}. Best is trial 9 with value: 47.301025390625.
LOCAL_RANK: 0 - CUDA_VISIBLE_DEVICES: [0]
[I 2023-12-15 16:56:27,435] Trial 11 finished with value: 60.97809982299805 and parameters: {'gradient_clip_val': 0.1019748458113912, 'hidden_size': 81, 'dropout': 0.2120031014744485, 'hidden_continuous_size': 54, 'attention_head_size': 1, 'learning_rate': 0.054500015896656304}. Best is trial 9 with value: 47.301025390625.
LOCAL_RANK: 0 - CUDA_VISIBLE_DEVICES: [0]
[I 2023-12-15 16:57:23,136] Trial 12 finished with value: 92.8123779296875 and parameters: {'gradient_clip_val': 0.10504997675090096, 'hidden_size': 79, 'dropout': 0.2183745867971953, 'hidden_continuous_size': 75, 'attention_head_size': 1, 'learning_rate': 0.09895986872850349}. Best is trial 9 with value: 47.301025390625.
LOCAL_RANK: 0 - CUDA_VISIBLE_DEVICES: [0]
[I 2023-12-15 16:58:14,748] Trial 13 finished with value: 87.7142105102539 and parameters: {'gradient_clip_val': 0.12616938599353697, 'hidden_size': 52, 'dropout': 0.2288030728894497, 'hidden_continuous_size': 25, 'attention_head_size': 1, 'learning_rate': 0.0005023297083810074}. Best is trial 9 with value: 47.301025390625.
LOCAL_RANK: 0 - CUDA_VISIBLE_DEVICES: [0]
[I 2023-12-15 16:59:10,553] Trial 14 finished with value: 66.62620544433594 and parameters: {'gradient_clip_val': 0.24646569966367968, 'hidden_size': 95, 'dropout': 0.34842839858983315, 'hidden_continuous_size': 37, 'attention_head_size': 2, 'learning_rate': 0.02669931680395561}. Best is trial 9 with value: 47.301025390625.
LOCAL_RANK: 0 - CUDA_VISIBLE_DEVICES: [0]
[I 2023-12-15 17:00:02,419] Trial 15 finished with value: 53.39277648925781 and parameters: {'gradient_clip_val': 0.3765124903194822, 'hidden_size': 48, 'dropout': 0.24279446912126493, 'hidden_continuous_size': 10, 'attention_head_size': 3, 'learning_rate': 0.02155463939952607}. Best is trial 9 with value: 47.301025390625.
LOCAL_RANK: 0 - CUDA_VISIBLE_DEVICES: [0]
[I 2023-12-15 17:00:54,572] Trial 16 finished with value: 52.79374694824219 and parameters: {'gradient_clip_val': 0.13598128781244676, 'hidden_size': 53, 'dropout': 0.3319667968897459, 'hidden_continuous_size': 18, 'attention_head_size': 1, 'learning_rate': 0.0907507483361423}. Best is trial 9 with value: 47.301025390625.
LOCAL_RANK: 0 - CUDA_VISIBLE_DEVICES: [0]
[I 2023-12-15 17:01:44,710] Trial 17 finished with value: 56.1829719543457 and parameters: {'gradient_clip_val': 0.13728268195479684, 'hidden_size': 37, 'dropout': 0.254221618840925, 'hidden_continuous_size': 11, 'attention_head_size': 2, 'learning_rate': 0.05074738788350177}. Best is trial 9 with value: 47.301025390625.
LOCAL_RANK: 0 - CUDA_VISIBLE_DEVICES: [0]
[I 2023-12-15 17:02:39,811] Trial 18 finished with value: 128.19334411621094 and parameters: {'gradient_clip_val': 0.23653542946383307, 'hidden_size': 98, 'dropout': 0.19141588209351132, 'hidden_continuous_size': 34, 'attention_head_size': 1, 'learning_rate': 0.02022046758375283}. Best is trial 9 with value: 47.301025390625.
LOCAL_RANK: 0 - CUDA_VISIBLE_DEVICES: [0]
[I 2023-12-15 17:03:32,600] Trial 19 finished with value: 65.70196533203125 and parameters: {'gradient_clip_val': 0.13089100470794812, 'hidden_size': 62, 'dropout': 0.2569032180014012, 'hidden_continuous_size': 16, 'attention_head_size': 2, 'learning_rate': 0.004412858441377012}. Best is trial 9 with value: 47.301025390625.
LOCAL_RANK: 0 - CUDA_VISIBLE_DEVICES: [0]
[I 2023-12-15 17:04:24,267] Trial 20 finished with value: 58.88895797729492 and parameters: {'gradient_clip_val': 0.3505038837318322, 'hidden_size': 39, 'dropout': 0.3077141938079144, 'hidden_continuous_size': 12, 'attention_head_size': 3, 'learning_rate': 0.030122960659969198}. Best is trial 9 with value: 47.301025390625.
LOCAL_RANK: 0 - CUDA_VISIBLE_DEVICES: [0]
[I 2023-12-15 17:05:16,518] Trial 21 finished with value: 49.03691482543945 and parameters: {'gradient_clip_val': 0.1451949368562014, 'hidden_size': 57, 'dropout': 0.33986445751777866, 'hidden_continuous_size': 18, 'attention_head_size': 1, 'learning_rate': 0.09672847274096302}. Best is trial 9 with value: 47.301025390625.
LOCAL_RANK: 0 - CUDA_VISIBLE_DEVICES: [0]
[I 2023-12-15 17:06:09,407] Trial 22 finished with value: 57.977909088134766 and parameters: {'gradient_clip_val': 0.10307739933432013, 'hidden_size': 67, 'dropout': 0.36280406828483036, 'hidden_continuous_size': 21, 'attention_head_size': 1, 'learning_rate': 0.059379575865942794}. Best is trial 9 with value: 47.301025390625.
LOCAL_RANK: 0 - CUDA_VISIBLE_DEVICES: [0]
[I 2023-12-15 17:07:01,755] Trial 23 finished with value: 62.5139274597168 and parameters: {'gradient_clip_val': 0.15082235506909591, 'hidden_size': 67, 'dropout': 0.392885339664633, 'hidden_continuous_size': 16, 'attention_head_size': 1, 'learning_rate': 0.07720724203623679}. Best is trial 9 with value: 47.301025390625.
LOCAL_RANK: 0 - CUDA_VISIBLE_DEVICES: [0]
[I 2023-12-15 17:07:53,084] Trial 24 finished with value: 101.7398452758789 and parameters: {'gradient_clip_val': 0.1179942326554859, 'hidden_size': 41, 'dropout': 0.31450241507365173, 'hidden_continuous_size': 10, 'attention_head_size': 2, 'learning_rate': 0.03953044112494866}. Best is trial 9 with value: 47.301025390625.
LOCAL_RANK: 0 - CUDA_VISIBLE_DEVICES: [0]
[I 2023-12-15 17:08:46,214] Trial 25 finished with value: 73.03917694091797 and parameters: {'gradient_clip_val': 0.15551190273618073, 'hidden_size': 73, 'dropout': 0.35752637346154553, 'hidden_continuous_size': 25, 'attention_head_size': 1, 'learning_rate': 0.06325682666537415}. Best is trial 9 with value: 47.301025390625.
LOCAL_RANK: 0 - CUDA_VISIBLE_DEVICES: [0]
[I 2023-12-15 17:09:38,840] Trial 26 finished with value: 47.412906646728516 and parameters: {'gradient_clip_val': 0.2024771145002404, 'hidden_size': 57, 'dropout': 0.2910444850514414, 'hidden_continuous_size': 12, 'attention_head_size': 2, 'learning_rate': 0.09926103122028664}. Best is trial 9 with value: 47.301025390625.
LOCAL_RANK: 0 - CUDA_VISIBLE_DEVICES: [0]
[I 2023-12-15 17:10:31,315] Trial 27 finished with value: 130.40525817871094 and parameters: {'gradient_clip_val': 0.20952770122031622, 'hidden_size': 57, 'dropout': 0.3045459540631569, 'hidden_continuous_size': 13, 'attention_head_size': 2, 'learning_rate': 0.04238987340807587}. Best is trial 9 with value: 47.301025390625.
LOCAL_RANK: 0 - CUDA_VISIBLE_DEVICES: [0]
[I 2023-12-15 17:11:23,302] Trial 28 finished with value: 57.24310302734375 and parameters: {'gradient_clip_val': 0.2211274289881615, 'hidden_size': 45, 'dropout': 0.3353498377222229, 'hidden_continuous_size': 11, 'attention_head_size': 3, 'learning_rate': 0.01689910698962875}. Best is trial 9 with value: 47.301025390625.
LOCAL_RANK: 0 - CUDA_VISIBLE_DEVICES: [0]
[I 2023-12-15 17:12:11,422] Trial 29 finished with value: 240.21800231933594 and parameters: {'gradient_clip_val': 0.27406471713565106, 'hidden_size': 32, 'dropout': 0.2896949051809007, 'hidden_continuous_size': 13, 'attention_head_size': 2, 'learning_rate': 0.030775442735687265}. Best is trial 9 with value: 47.301025390625.
LOCAL_RANK: 0 - CUDA_VISIBLE_DEVICES: [0]
[I 2023-12-15 17:13:03,695] Trial 30 finished with value: 35.82831954956055 and parameters: {'gradient_clip_val': 0.1486714319812126, 'hidden_size': 55, 'dropout': 0.28438900951475676, 'hidden_continuous_size': 9, 'attention_head_size': 3, 'learning_rate': 0.07116690219431732}. Best is trial 30 with value: 35.82831954956055.
LOCAL_RANK: 0 - CUDA_VISIBLE_DEVICES: [0]
[I 2023-12-15 17:13:56,328] Trial 31 finished with value: 282.4569396972656 and parameters: {'gradient_clip_val': 0.155187542789771, 'hidden_size': 54, 'dropout': 0.27866830167573353, 'hidden_continuous_size': 8, 'attention_head_size': 3, 'learning_rate': 0.05802545131029018}. Best is trial 30 with value: 35.82831954956055.
LOCAL_RANK: 0 - CUDA_VISIBLE_DEVICES: [0]
[I 2023-12-15 17:14:48,134] Trial 32 finished with value: 54.36287307739258 and parameters: {'gradient_clip_val': 0.19835023093535137, 'hidden_size': 45, 'dropout': 0.2897843126547769, 'hidden_continuous_size': 9, 'attention_head_size': 3, 'learning_rate': 0.06849343766644019}. Best is trial 30 with value: 35.82831954956055.
LOCAL_RANK: 0 - CUDA_VISIBLE_DEVICES: [0]
[I 2023-12-15 17:15:40,678] Trial 33 finished with value: 47.63555908203125 and parameters: {'gradient_clip_val': 0.18518164960124278, 'hidden_size': 60, 'dropout': 0.2761965592660974, 'hidden_continuous_size': 14, 'attention_head_size': 2, 'learning_rate': 0.09317794135257929}. Best is trial 30 with value: 35.82831954956055.
LOCAL_RANK: 0 - CUDA_VISIBLE_DEVICES: [0]
[I 2023-12-15 17:16:30,194] Trial 34 finished with value: 90.6023941040039 and parameters: {'gradient_clip_val': 0.18690390671153648, 'hidden_size': 33, 'dropout': 0.2642901735039669, 'hidden_continuous_size': 12, 'attention_head_size': 2, 'learning_rate': 0.04351197197787276}. Best is trial 30 with value: 35.82831954956055.
LOCAL_RANK: 0 - CUDA_VISIBLE_DEVICES: [0]
[I 2023-12-15 17:17:22,881] Trial 35 finished with value: 58.2470588684082 and parameters: {'gradient_clip_val': 0.1695528348518889, 'hidden_size': 66, 'dropout': 0.28544121473515544, 'hidden_continuous_size': 8, 'attention_head_size': 2, 'learning_rate': 0.07343534805049862}. Best is trial 30 with value: 35.82831954956055.
LOCAL_RANK: 0 - CUDA_VISIBLE_DEVICES: [0]
[I 2023-12-15 17:18:11,995] Trial 36 finished with value: 200.3199462890625 and parameters: {'gradient_clip_val': 0.2320996294981953, 'hidden_size': 27, 'dropout': 0.2754837582854181, 'hidden_continuous_size': 10, 'attention_head_size': 3, 'learning_rate': 0.012109725560812475}. Best is trial 30 with value: 35.82831954956055.
LOCAL_RANK: 0 - CUDA_VISIBLE_DEVICES: [0]
[I 2023-12-15 17:19:01,377] Trial 37 finished with value: 106.89806365966797 and parameters: {'gradient_clip_val': 0.1994594939790696, 'hidden_size': 23, 'dropout': 0.3170918573130088, 'hidden_continuous_size': 9, 'attention_head_size': 4, 'learning_rate': 0.00549530243424684}. Best is trial 30 with value: 35.82831954956055.
LOCAL_RANK: 0 - CUDA_VISIBLE_DEVICES: [0]
[I 2023-12-15 17:19:51,632] Trial 38 finished with value: 86.64553833007812 and parameters: {'gradient_clip_val': 0.15956529460635172, 'hidden_size': 35, 'dropout': 0.26787032608173117, 'hidden_continuous_size': 14, 'attention_head_size': 2, 'learning_rate': 0.010036617345258788}. Best is trial 30 with value: 35.82831954956055.
LOCAL_RANK: 0 - CUDA_VISIBLE_DEVICES: [0]
[I 2023-12-15 17:20:42,276] Trial 39 finished with value: 53.230770111083984 and parameters: {'gradient_clip_val': 0.17432485650823298, 'hidden_size': 42, 'dropout': 0.29828370864795095, 'hidden_continuous_size': 7, 'attention_head_size': 3, 'learning_rate': 0.00658780672574247}. Best is trial 30 with value: 35.82831954956055.
LOCAL_RANK: 0 - CUDA_VISIBLE_DEVICES: [0]
[I 2023-12-15 17:21:31,718] Trial 40 finished with value: 59.6619987487793 and parameters: {'gradient_clip_val': 0.124753948211953, 'hidden_size': 29, 'dropout': 0.3130053204421612, 'hidden_continuous_size': 12, 'attention_head_size': 4, 'learning_rate': 0.047188557641982216}. Best is trial 30 with value: 35.82831954956055.
LOCAL_RANK: 0 - CUDA_VISIBLE_DEVICES: [0]
[I 2023-12-15 17:22:24,183] Trial 41 finished with value: 48.38056945800781 and parameters: {'gradient_clip_val': 0.14877754044679764, 'hidden_size': 57, 'dropout': 0.32255458429434136, 'hidden_continuous_size': 14, 'attention_head_size': 2, 'learning_rate': 0.09943302427528845}. Best is trial 30 with value: 35.82831954956055.
LOCAL_RANK: 0 - CUDA_VISIBLE_DEVICES: [0]
[I 2023-12-15 17:23:16,568] Trial 42 finished with value: 133.1328582763672 and parameters: {'gradient_clip_val': 0.18329450044226092, 'hidden_size': 49, 'dropout': 0.3274618733043356, 'hidden_continuous_size': 15, 'attention_head_size': 2, 'learning_rate': 0.08029144315168882}. Best is trial 30 with value: 35.82831954956055.
LOCAL_RANK: 0 - CUDA_VISIBLE_DEVICES: [0]
[I 2023-12-15 17:24:09,394] Trial 43 finished with value: 81.74368286132812 and parameters: {'gradient_clip_val': 0.1672710746777316, 'hidden_size': 61, 'dropout': 0.2933560132039917, 'hidden_continuous_size': 14, 'attention_head_size': 2, 'learning_rate': 0.06692866700770535}. Best is trial 30 with value: 35.82831954956055.
LOCAL_RANK: 0 - CUDA_VISIBLE_DEVICES: [0]
[I 2023-12-15 17:25:00,831] Trial 44 finished with value: 40.93953323364258 and parameters: {'gradient_clip_val': 0.14302688512545414, 'hidden_size': 82, 'dropout': 0.2680331077453023, 'hidden_continuous_size': 5, 'attention_head_size': 2, 'learning_rate': 0.03533501890353291}. Best is trial 30 with value: 35.82831954956055.
LOCAL_RANK: 0 - CUDA_VISIBLE_DEVICES: [0]
[I 2023-12-15 17:25:51,568] Trial 45 finished with value: 79.77190399169922 and parameters: {'gradient_clip_val': 0.11621993492621932, 'hidden_size': 88, 'dropout': 0.2722887478132115, 'hidden_continuous_size': 5, 'attention_head_size': 2, 'learning_rate': 0.050983816551892165}. Best is trial 30 with value: 35.82831954956055.
LOCAL_RANK: 0 - CUDA_VISIBLE_DEVICES: [0]
[I 2023-12-15 17:26:43,136] Trial 46 finished with value: 212.77166748046875 and parameters: {'gradient_clip_val': 0.21013946187586924, 'hidden_size': 75, 'dropout': 0.2442763479701161, 'hidden_continuous_size': 6, 'attention_head_size': 2, 'learning_rate': 0.03276730079368668}. Best is trial 30 with value: 35.82831954956055.
LOCAL_RANK: 0 - CUDA_VISIBLE_DEVICES: [0]
[I 2023-12-15 17:27:34,998] Trial 47 finished with value: 212.5636749267578 and parameters: {'gradient_clip_val': 0.140637692192101, 'hidden_size': 79, 'dropout': 0.30260778438696107, 'hidden_continuous_size': 5, 'attention_head_size': 3, 'learning_rate': 0.03670788362847028}. Best is trial 30 with value: 35.82831954956055.
LOCAL_RANK: 0 - CUDA_VISIBLE_DEVICES: [0]
[I 2023-12-15 17:28:27,958] Trial 48 finished with value: 53.4537467956543 and parameters: {'gradient_clip_val': 0.18912206054971922, 'hidden_size': 89, 'dropout': 0.2815855715233916, 'hidden_continuous_size': 7, 'attention_head_size': 2, 'learning_rate': 0.07676055551836482}. Best is trial 30 with value: 35.82831954956055.
LOCAL_RANK: 0 - CUDA_VISIBLE_DEVICES: [0]
[I 2023-12-15 17:29:21,307] Trial 49 finished with value: 55.30952835083008 and parameters: {'gradient_clip_val': 0.2506052478096552, 'hidden_size': 100, 'dropout': 0.24139919457088205, 'hidden_continuous_size': 7, 'attention_head_size': 3, 'learning_rate': 0.024093958558944646}. Best is trial 30 with value: 35.82831954956055.
[I 2023-12-15 17:29:21,402] A new study created in memory with name: no-name-60f2c713-9c83-4787-8bc5-9cf767ae712c
/home/le004/conda/anaconda3/envs/tsff_env/lib/python3.9/site-packages/lightning/fabric/plugins/environments/slurm.py:191: The `srun` command is available on your system but is not used. HINT: If your intention is to run Lightning on SLURM, prepend your python command with `srun` like so: srun python /home/le004/master_thesis/git/TSFusionForecast/code/ ...
LOCAL_RANK: 0 - CUDA_VISIBLE_DEVICES: [0]
[I 2023-12-15 17:30:13,332] Trial 0 finished with value: 107.34628295898438 and parameters: {'gradient_clip_val': 0.1872866253736445, 'hidden_size': 29, 'dropout': 0.3929764434858388, 'hidden_continuous_size': 24, 'attention_head_size': 4, 'learning_rate': 0.004420713354846921}. Best is trial 0 with value: 107.34628295898438.
LOCAL_RANK: 0 - CUDA_VISIBLE_DEVICES: [0]
[I 2023-12-15 17:30:59,543] Trial 1 finished with value: 93.07233428955078 and parameters: {'gradient_clip_val': 0.47630739768628577, 'hidden_size': 20, 'dropout': 0.2464093817861512, 'hidden_continuous_size': 6, 'attention_head_size': 3, 'learning_rate': 0.02791294938625919}. Best is trial 1 with value: 93.07233428955078.
LOCAL_RANK: 0 - CUDA_VISIBLE_DEVICES: [0]
[I 2023-12-15 17:31:53,100] Trial 2 finished with value: 55.54296875 and parameters: {'gradient_clip_val': 0.10487442279377299, 'hidden_size': 55, 'dropout': 0.16219835154718892, 'hidden_continuous_size': 24, 'attention_head_size': 4, 'learning_rate': 0.010213645902809494}. Best is trial 2 with value: 55.54296875.
LOCAL_RANK: 0 - CUDA_VISIBLE_DEVICES: [0]
[I 2023-12-15 17:32:27,095] Trial 3 finished with value: 114.1374282836914 and parameters: {'gradient_clip_val': 0.4885637203021666, 'hidden_size': 7, 'dropout': 0.13715621344406131, 'hidden_continuous_size': 7, 'attention_head_size': 2, 'learning_rate': 0.05586990408138998}. Best is trial 2 with value: 55.54296875.
LOCAL_RANK: 0 - CUDA_VISIBLE_DEVICES: [0]
[I 2023-12-15 17:33:13,719] Trial 4 finished with value: 63.388736724853516 and parameters: {'gradient_clip_val': 0.3201423900012947, 'hidden_size': 18, 'dropout': 0.1179714165648289, 'hidden_continuous_size': 7, 'attention_head_size': 3, 'learning_rate': 0.0007205511105139211}. Best is trial 2 with value: 55.54296875.
LOCAL_RANK: 0 - CUDA_VISIBLE_DEVICES: [0]
[I 2023-12-15 17:34:07,658] Trial 5 finished with value: 60.35396194458008 and parameters: {'gradient_clip_val': 0.9074476270670755, 'hidden_size': 67, 'dropout': 0.1513278563138733, 'hidden_continuous_size': 21, 'attention_head_size': 4, 'learning_rate': 0.07716033680282047}. Best is trial 2 with value: 55.54296875.
LOCAL_RANK: 0 - CUDA_VISIBLE_DEVICES: [0]
[I 2023-12-15 17:34:41,024] Trial 6 finished with value: 66.79170989990234 and parameters: {'gradient_clip_val': 0.48389006477333124, 'hidden_size': 7, 'dropout': 0.20312423885866746, 'hidden_continuous_size': 7, 'attention_head_size': 2, 'learning_rate': 0.008944943840592544}. Best is trial 2 with value: 55.54296875.
LOCAL_RANK: 0 - CUDA_VISIBLE_DEVICES: [0]
[I 2023-12-15 17:35:14,408] Trial 7 finished with value: 50.0993537902832 and parameters: {'gradient_clip_val': 0.2500018887785543, 'hidden_size': 5, 'dropout': 0.351825833214496, 'hidden_continuous_size': 5, 'attention_head_size': 2, 'learning_rate': 0.013720117874874456}. Best is trial 7 with value: 50.0993537902832.
LOCAL_RANK: 0 - CUDA_VISIBLE_DEVICES: [0]
[I 2023-12-15 17:36:00,330] Trial 8 finished with value: 68.24132537841797 and parameters: {'gradient_clip_val': 0.14054087500676485, 'hidden_size': 15, 'dropout': 0.16107894138490986, 'hidden_continuous_size': 7, 'attention_head_size': 3, 'learning_rate': 0.0009272248655677244}. Best is trial 7 with value: 50.0993537902832.
LOCAL_RANK: 0 - CUDA_VISIBLE_DEVICES: [0]
[I 2023-12-15 17:36:45,164] Trial 9 finished with value: 84.59567260742188 and parameters: {'gradient_clip_val': 0.4137110085384647, 'hidden_size': 9, 'dropout': 0.18225486896925813, 'hidden_continuous_size': 6, 'attention_head_size': 2, 'learning_rate': 0.0008236166639938038}. Best is trial 7 with value: 50.0993537902832.
LOCAL_RANK: 0 - CUDA_VISIBLE_DEVICES: [0]
[I 2023-12-15 17:37:18,411] Trial 10 finished with value: 49.0989875793457 and parameters: {'gradient_clip_val': 0.24961067472197226, 'hidden_size': 5, 'dropout': 0.3497264434024208, 'hidden_continuous_size': 5, 'attention_head_size': 1, 'learning_rate': 0.002906290614184504}. Best is trial 10 with value: 49.0989875793457.
LOCAL_RANK: 0 - CUDA_VISIBLE_DEVICES: [0]
[I 2023-12-15 17:37:51,835] Trial 11 finished with value: 63.87653732299805 and parameters: {'gradient_clip_val': 0.21999802045149347, 'hidden_size': 5, 'dropout': 0.3541274353390521, 'hidden_continuous_size': 5, 'attention_head_size': 1, 'learning_rate': 0.0030806984011488717}. Best is trial 10 with value: 49.0989875793457.
LOCAL_RANK: 0 - CUDA_VISIBLE_DEVICES: [0]
[I 2023-12-15 17:38:25,001] Trial 12 finished with value: 52.530792236328125 and parameters: {'gradient_clip_val': 0.2324330145295015, 'hidden_size': 5, 'dropout': 0.3146838635809448, 'hidden_continuous_size': 5, 'attention_head_size': 1, 'learning_rate': 0.020635625455957866}. Best is trial 10 with value: 49.0989875793457.
LOCAL_RANK: 0 - CUDA_VISIBLE_DEVICES: [0]
[I 2023-12-15 17:39:09,503] Trial 13 finished with value: 108.36100006103516 and parameters: {'gradient_clip_val': 0.28397925254637113, 'hidden_size': 11, 'dropout': 0.30686262981294715, 'hidden_continuous_size': 5, 'attention_head_size': 1, 'learning_rate': 0.002754851486242007}. Best is trial 10 with value: 49.0989875793457.
LOCAL_RANK: 0 - CUDA_VISIBLE_DEVICES: [0]
[I 2023-12-15 17:39:42,558] Trial 14 finished with value: 49.14442443847656 and parameters: {'gradient_clip_val': 0.16623869553963705, 'hidden_size': 5, 'dropout': 0.39891259418807495, 'hidden_continuous_size': 5, 'attention_head_size': 1, 'learning_rate': 0.005861699646157408}. Best is trial 10 with value: 49.0989875793457.
LOCAL_RANK: 0 - CUDA_VISIBLE_DEVICES: [0]
[I 2023-12-15 17:40:26,910] Trial 15 finished with value: 56.48982620239258 and parameters: {'gradient_clip_val': 0.14563403907123995, 'hidden_size': 11, 'dropout': 0.38373727543589353, 'hidden_continuous_size': 6, 'attention_head_size': 1, 'learning_rate': 0.005293841147647427}. Best is trial 10 with value: 49.0989875793457.
LOCAL_RANK: 0 - CUDA_VISIBLE_DEVICES: [0]
[I 2023-12-15 17:41:11,079] Trial 16 finished with value: 94.76973724365234 and parameters: {'gradient_clip_val': 0.16849002743715655, 'hidden_size': 7, 'dropout': 0.297284336811034, 'hidden_continuous_size': 5, 'attention_head_size': 1, 'learning_rate': 0.001759870270149436}. Best is trial 10 with value: 49.0989875793457.
LOCAL_RANK: 0 - CUDA_VISIBLE_DEVICES: [0]
