[I 2023-12-26 13:27:04,842] Trial 13 finished with value: 1656.9798583984375 and parameters: {'gradient_clip_val': 0.1900751217882244, 'hidden_size': 5, 'dropout': 0.12408266804239632, 'hidden_continuous_size': 5, 'attention_head_size': 2, 'learning_rate': 0.044381359381131386}. Best is trial 0 with value: 336.4556579589844.
[I 2023-12-26 13:27:07,802] Trial 14 finished with value: 1412.1119384765625 and parameters: {'gradient_clip_val': 0.3542843274943911, 'hidden_size': 21, 'dropout': 0.2565488326663614, 'hidden_continuous_size': 6, 'attention_head_size': 3, 'learning_rate': 0.08033350492843166}. Best is trial 0 with value: 336.4556579589844.
[I 2023-12-26 13:27:10,074] Trial 15 finished with value: 1168.3231201171875 and parameters: {'gradient_clip_val': 0.10033525549294661, 'hidden_size': 7, 'dropout': 0.2620190472427245, 'hidden_continuous_size': 5, 'attention_head_size': 1, 'learning_rate': 0.012672010832620338}. Best is trial 0 with value: 336.4556579589844.
[I 2023-12-26 13:27:12,847] Trial 16 finished with value: 1011.5079956054688 and parameters: {'gradient_clip_val': 0.25855786089882504, 'hidden_size': 15, 'dropout': 0.18091736191654262, 'hidden_continuous_size': 6, 'attention_head_size': 3, 'learning_rate': 0.01795103836198848}. Best is trial 0 with value: 336.4556579589844.
[I 2023-12-26 13:27:15,075] Trial 17 finished with value: 1525.28759765625 and parameters: {'gradient_clip_val': 0.16123168000194027, 'hidden_size': 6, 'dropout': 0.2739687215065903, 'hidden_continuous_size': 5, 'attention_head_size': 2, 'learning_rate': 0.02393698938635271}. Best is trial 0 with value: 336.4556579589844.
[I 2023-12-26 13:27:17,369] Trial 18 finished with value: 1222.72998046875 and parameters: {'gradient_clip_val': 0.34003209416162816, 'hidden_size': 7, 'dropout': 0.1694611752908587, 'hidden_continuous_size': 5, 'attention_head_size': 2, 'learning_rate': 0.01381971005182427}. Best is trial 0 with value: 336.4556579589844.
[I 2023-12-26 13:27:19,662] Trial 19 finished with value: 1093.404052734375 and parameters: {'gradient_clip_val': 0.21723597482656112, 'hidden_size': 7, 'dropout': 0.49991420010849374, 'hidden_continuous_size': 5, 'attention_head_size': 3, 'learning_rate': 0.010117009849143644}. Best is trial 0 with value: 336.4556579589844.
[I 2023-12-26 13:27:22,183] Trial 20 finished with value: 1240.8377685546875 and parameters: {'gradient_clip_val': 0.2631510746017886, 'hidden_size': 15, 'dropout': 0.21655811513716017, 'hidden_continuous_size': 6, 'attention_head_size': 4, 'learning_rate': 0.008581971979958507}. Best is trial 0 with value: 336.4556579589844.
[I 2023-12-26 13:27:24,851] Trial 21 finished with value: 1546.7001953125 and parameters: {'gradient_clip_val': 0.25491511635267167, 'hidden_size': 14, 'dropout': 0.16778984525543772, 'hidden_continuous_size': 6, 'attention_head_size': 3, 'learning_rate': 0.021863697277846053}. Best is trial 0 with value: 336.4556579589844.
[I 2023-12-26 13:27:26,961] Trial 22 finished with value: 1050.431640625 and parameters: {'gradient_clip_val': 0.3410455686902861, 'hidden_size': 7, 'dropout': 0.10201447077167175, 'hidden_continuous_size': 6, 'attention_head_size': 3, 'learning_rate': 0.0266146744727503}. Best is trial 0 with value: 336.4556579589844.
[I 2023-12-26 13:27:29,032] Trial 23 finished with value: 1065.6641845703125 and parameters: {'gradient_clip_val': 0.2024549565127462, 'hidden_size': 5, 'dropout': 0.24160137147149646, 'hidden_continuous_size': 5, 'attention_head_size': 3, 'learning_rate': 0.015334789044127146}. Best is trial 0 with value: 336.4556579589844.
[I 2023-12-26 13:27:31,655] Trial 24 finished with value: 1238.3692626953125 and parameters: {'gradient_clip_val': 0.26031055728450425, 'hidden_size': 14, 'dropout': 0.1966423473797856, 'hidden_continuous_size': 7, 'attention_head_size': 2, 'learning_rate': 0.007378735071250076}. Best is trial 0 with value: 336.4556579589844.
[I 2023-12-26 13:27:33,982] Trial 25 finished with value: 1005.5812377929688 and parameters: {'gradient_clip_val': 0.17358776058493613, 'hidden_size': 8, 'dropout': 0.2852573864075618, 'hidden_continuous_size': 6, 'attention_head_size': 3, 'learning_rate': 0.013019291782024874}. Best is trial 0 with value: 336.4556579589844.
[I 2023-12-26 13:27:36,317] Trial 26 finished with value: 1128.2550048828125 and parameters: {'gradient_clip_val': 0.15682697344296298, 'hidden_size': 8, 'dropout': 0.28893755299698076, 'hidden_continuous_size': 5, 'attention_head_size': 4, 'learning_rate': 0.011270067357567155}. Best is trial 0 with value: 336.4556579589844.
[I 2023-12-26 13:27:38,644] Trial 27 finished with value: 1219.880859375 and parameters: {'gradient_clip_val': 0.13616597738923028, 'hidden_size': 6, 'dropout': 0.2932043332270743, 'hidden_continuous_size': 5, 'attention_head_size': 2, 'learning_rate': 0.007127677513030473}. Best is trial 0 with value: 336.4556579589844.
[I 2023-12-26 13:27:41,190] Trial 28 finished with value: 1092.590087890625 and parameters: {'gradient_clip_val': 0.1996003450499007, 'hidden_size': 9, 'dropout': 0.2420315231970384, 'hidden_continuous_size': 6, 'attention_head_size': 1, 'learning_rate': 0.029772550059893488}. Best is trial 0 with value: 336.4556579589844.
[I 2023-12-26 13:27:43,527] Trial 29 finished with value: 1423.7384033203125 and parameters: {'gradient_clip_val': 0.31196386834202605, 'hidden_size': 8, 'dropout': 0.34474620237840203, 'hidden_continuous_size': 6, 'attention_head_size': 2, 'learning_rate': 0.0038329528074369733}. Best is trial 0 with value: 336.4556579589844.
[I 2023-12-26 13:27:46,003] Trial 30 finished with value: 1218.49609375 and parameters: {'gradient_clip_val': 0.18887530722791449, 'hidden_size': 6, 'dropout': 0.27935041943847716, 'hidden_continuous_size': 5, 'attention_head_size': 3, 'learning_rate': 0.0047409765299077046}. Best is trial 0 with value: 336.4556579589844.
[I 2023-12-26 13:27:48,376] Trial 31 finished with value: 1568.3543701171875 and parameters: {'gradient_clip_val': 0.27458002720020264, 'hidden_size': 11, 'dropout': 0.2524660853736445, 'hidden_continuous_size': 6, 'attention_head_size': 3, 'learning_rate': 0.017913107605884267}. Best is trial 0 with value: 336.4556579589844.
[I 2023-12-26 13:27:50,923] Trial 32 finished with value: 1166.2152099609375 and parameters: {'gradient_clip_val': 0.2377322630046654, 'hidden_size': 9, 'dropout': 0.2240003348200394, 'hidden_continuous_size': 6, 'attention_head_size': 3, 'learning_rate': 0.012916049306790202}. Best is trial 0 with value: 336.4556579589844.
[I 2023-12-26 13:27:53,528] Trial 33 finished with value: 1183.6072998046875 and parameters: {'gradient_clip_val': 0.29361839618468927, 'hidden_size': 5, 'dropout': 0.3162353903748135, 'hidden_continuous_size': 5, 'attention_head_size': 3, 'learning_rate': 0.021145270846459757}. Best is trial 0 with value: 336.4556579589844.
[I 2023-12-26 13:27:56,011] Trial 34 finished with value: 1316.7471923828125 and parameters: {'gradient_clip_val': 0.378688506005977, 'hidden_size': 13, 'dropout': 0.27182192177234044, 'hidden_continuous_size': 7, 'attention_head_size': 3, 'learning_rate': 0.009232902257128148}. Best is trial 0 with value: 336.4556579589844.
[I 2023-12-26 13:27:58,563] Trial 35 finished with value: 1238.5166015625 and parameters: {'gradient_clip_val': 0.22563451545395186, 'hidden_size': 12, 'dropout': 0.3349403222027675, 'hidden_continuous_size': 7, 'attention_head_size': 2, 'learning_rate': 0.006035182339470436}. Best is trial 0 with value: 336.4556579589844.
[I 2023-12-26 13:28:01,032] Trial 36 finished with value: 1174.08154296875 and parameters: {'gradient_clip_val': 0.3994373583175779, 'hidden_size': 9, 'dropout': 0.2116906605829395, 'hidden_continuous_size': 6, 'attention_head_size': 4, 'learning_rate': 0.015359478635123464}. Best is trial 0 with value: 336.4556579589844.
[I 2023-12-26 13:28:03,760] Trial 37 finished with value: 1579.7884521484375 and parameters: {'gradient_clip_val': 0.30958424278582736, 'hidden_size': 19, 'dropout': 0.30498434269305363, 'hidden_continuous_size': 8, 'attention_head_size': 3, 'learning_rate': 0.006434178262829316}. Best is trial 0 with value: 336.4556579589844.
[I 2023-12-26 13:28:06,328] Trial 38 finished with value: 1289.1168212890625 and parameters: {'gradient_clip_val': 0.4504408288656526, 'hidden_size': 11, 'dropout': 0.1825602791112619, 'hidden_continuous_size': 7, 'attention_head_size': 4, 'learning_rate': 0.01085182877813966}. Best is trial 0 with value: 336.4556579589844.
[I 2023-12-26 13:28:08,859] Trial 39 finished with value: 1605.1748046875 and parameters: {'gradient_clip_val': 0.2920661511627681, 'hidden_size': 10, 'dropout': 0.2348304380784148, 'hidden_continuous_size': 6, 'attention_head_size': 2, 'learning_rate': 0.002541358234173107}. Best is trial 0 with value: 336.4556579589844.
[I 2023-12-26 13:28:11,274] Trial 40 finished with value: 1085.8583984375 and parameters: {'gradient_clip_val': 0.2397068968932626, 'hidden_size': 6, 'dropout': 0.15044858571987868, 'hidden_continuous_size': 5, 'attention_head_size': 3, 'learning_rate': 0.0043795641368641535}. Best is trial 0 with value: 336.4556579589844.
[I 2023-12-26 13:28:13,599] Trial 41 finished with value: 1816.13720703125 and parameters: {'gradient_clip_val': 0.28682282152479727, 'hidden_size': 8, 'dropout': 0.3637644075465906, 'hidden_continuous_size': 6, 'attention_head_size': 4, 'learning_rate': 0.007687514440907086}. Best is trial 0 with value: 336.4556579589844.
[I 2023-12-26 13:28:16,128] Trial 42 finished with value: 1272.0445556640625 and parameters: {'gradient_clip_val': 0.33069801253596054, 'hidden_size': 10, 'dropout': 0.41650356585328246, 'hidden_continuous_size': 8, 'attention_head_size': 4, 'learning_rate': 0.005851587448543401}. Best is trial 0 with value: 336.4556579589844.
[I 2023-12-26 13:28:18,535] Trial 43 finished with value: 1605.4620361328125 and parameters: {'gradient_clip_val': 0.39696652472860045, 'hidden_size': 16, 'dropout': 0.28915240690714045, 'hidden_continuous_size': 9, 'attention_head_size': 4, 'learning_rate': 0.009380912263642592}. Best is trial 0 with value: 336.4556579589844.
[I 2023-12-26 13:28:21,115] Trial 44 finished with value: 1356.0093994140625 and parameters: {'gradient_clip_val': 0.48977189628839307, 'hidden_size': 12, 'dropout': 0.26070708111990604, 'hidden_continuous_size': 7, 'attention_head_size': 3, 'learning_rate': 0.019175060209383185}. Best is trial 0 with value: 336.4556579589844.
[I 2023-12-26 13:28:24,989] Trial 45 finished with value: 1444.2080078125 and parameters: {'gradient_clip_val': 0.17777026568606644, 'hidden_size': 35, 'dropout': 0.3235399333162116, 'hidden_continuous_size': 10, 'attention_head_size': 2, 'learning_rate': 0.013328145935725436}. Best is trial 0 with value: 336.4556579589844.
[I 2023-12-26 13:28:27,079] Trial 46 finished with value: 1270.0811767578125 and parameters: {'gradient_clip_val': 0.2162212470276868, 'hidden_size': 5, 'dropout': 0.30686224546382723, 'hidden_continuous_size': 5, 'attention_head_size': 1, 'learning_rate': 0.0017543812092230228}. Best is trial 0 with value: 336.4556579589844.
[I 2023-12-26 13:28:29,676] Trial 47 finished with value: 1198.5657958984375 and parameters: {'gradient_clip_val': 0.2460712425695091, 'hidden_size': 10, 'dropout': 0.3690592414938255, 'hidden_continuous_size': 7, 'attention_head_size': 4, 'learning_rate': 0.016499053179156824}. Best is trial 0 with value: 336.4556579589844.
[I 2023-12-26 13:28:31,998] Trial 48 finished with value: 1340.981201171875 and parameters: {'gradient_clip_val': 0.27316620949418663, 'hidden_size': 6, 'dropout': 0.39724969454267955, 'hidden_continuous_size': 5, 'attention_head_size': 2, 'learning_rate': 0.0340434768334171}. Best is trial 0 with value: 336.4556579589844.
[I 2023-12-26 13:28:34,694] Trial 49 finished with value: 1220.19287109375 and parameters: {'gradient_clip_val': 0.32030399584603547, 'hidden_size': 17, 'dropout': 0.2116610783622654, 'hidden_continuous_size': 8, 'attention_head_size': 3, 'learning_rate': 0.011893712593043617}. Best is trial 0 with value: 336.4556579589844.
[I 2023-12-26 13:28:34,808] A new study created in memory with name: no-name-fcf0041c-4e7b-4ffc-ac6a-29b59c8e60bd
/home/le004/conda/anaconda3/envs/tsff_env/lib/python3.9/site-packages/lightning/fabric/plugins/environments/slurm.py:191: The `srun` command is available on your system but is not used. HINT: If your intention is to run Lightning on SLURM, prepend your python command with `srun` like so: srun python /home/le004/master_thesis/git/TSFusionForecast/code/ ...
[I 2023-12-26 13:34:07,159] Trial 0 finished with value: 79.51319122314453 and parameters: {'gradient_clip_val': 0.6196257811883031, 'hidden_size': 52, 'dropout': 0.4325555382548758, 'hidden_continuous_size': 6, 'attention_head_size': 2, 'learning_rate': 0.0019542019627460596}. Best is trial 0 with value: 79.51319122314453.
[I 2023-12-26 13:34:09,903] Trial 1 finished with value: 162.1512451171875 and parameters: {'gradient_clip_val': 0.3308468588458328, 'hidden_size': 18, 'dropout': 0.3021428023406192, 'hidden_continuous_size': 17, 'attention_head_size': 4, 'learning_rate': 0.016740614934478523}. Best is trial 0 with value: 79.51319122314453.
[I 2023-12-26 13:34:12,029] Trial 2 finished with value: 222.40049743652344 and parameters: {'gradient_clip_val': 0.13102888864162546, 'hidden_size': 5, 'dropout': 0.1613906018781972, 'hidden_continuous_size': 5, 'attention_head_size': 3, 'learning_rate': 0.015268503133256856}. Best is trial 0 with value: 79.51319122314453.
[I 2023-12-26 13:34:15,210] Trial 3 finished with value: 175.37994384765625 and parameters: {'gradient_clip_val': 0.3887886595110063, 'hidden_size': 29, 'dropout': 0.42554660567213587, 'hidden_continuous_size': 16, 'attention_head_size': 1, 'learning_rate': 0.0005339770829956413}. Best is trial 0 with value: 79.51319122314453.
[I 2023-12-26 13:34:25,266] Trial 4 finished with value: 215.978759765625 and parameters: {'gradient_clip_val': 0.35337516613822323, 'hidden_size': 128, 'dropout': 0.24029279758109567, 'hidden_continuous_size': 43, 'attention_head_size': 1, 'learning_rate': 0.0012100259694618539}. Best is trial 0 with value: 79.51319122314453.
[I 2023-12-26 13:34:27,956] Trial 5 finished with value: 166.98765563964844 and parameters: {'gradient_clip_val': 0.12554597881353122, 'hidden_size': 22, 'dropout': 0.36191492538267567, 'hidden_continuous_size': 6, 'attention_head_size': 2, 'learning_rate': 0.029991007551118717}. Best is trial 0 with value: 79.51319122314453.
[I 2023-12-26 13:34:30,632] Trial 6 finished with value: 150.72315979003906 and parameters: {'gradient_clip_val': 0.5859247262026848, 'hidden_size': 18, 'dropout': 0.21781350755441808, 'hidden_continuous_size': 8, 'attention_head_size': 3, 'learning_rate': 0.0025548058143582022}. Best is trial 0 with value: 79.51319122314453.
[I 2023-12-26 13:34:33,519] Trial 7 finished with value: 199.2954864501953 and parameters: {'gradient_clip_val': 0.4210797646589171, 'hidden_size': 25, 'dropout': 0.2621649721084155, 'hidden_continuous_size': 13, 'attention_head_size': 1, 'learning_rate': 0.08566216111528256}. Best is trial 0 with value: 79.51319122314453.
[I 2023-12-26 13:34:36,472] Trial 8 finished with value: 171.94313049316406 and parameters: {'gradient_clip_val': 0.6850672503474756, 'hidden_size': 21, 'dropout': 0.3061989121940849, 'hidden_continuous_size': 9, 'attention_head_size': 4, 'learning_rate': 0.024392233560853658}. Best is trial 0 with value: 79.51319122314453.
[I 2023-12-26 13:34:40,042] Trial 9 finished with value: 161.74339294433594 and parameters: {'gradient_clip_val': 0.49070883110439306, 'hidden_size': 35, 'dropout': 0.2695413102069354, 'hidden_continuous_size': 13, 'attention_head_size': 3, 'learning_rate': 0.04736005021983642}. Best is trial 0 with value: 79.51319122314453.
[I 2023-12-26 13:34:49,711] Trial 10 finished with value: 179.8350830078125 and parameters: {'gradient_clip_val': 0.918205204429808, 'hidden_size': 113, 'dropout': 0.48437833818233605, 'hidden_continuous_size': 35, 'attention_head_size': 2, 'learning_rate': 0.003133621678292201}. Best is trial 0 with value: 79.51319122314453.
[I 2023-12-26 13:34:54,806] Trial 11 finished with value: 163.0445556640625 and parameters: {'gradient_clip_val': 0.7077540432136429, 'hidden_size': 57, 'dropout': 0.12786122472344646, 'hidden_continuous_size': 7, 'attention_head_size': 3, 'learning_rate': 0.00446922681294224}. Best is trial 0 with value: 79.51319122314453.
[I 2023-12-26 13:34:57,566] Trial 12 finished with value: 183.2108917236328 and parameters: {'gradient_clip_val': 0.983371408941371, 'hidden_size': 12, 'dropout': 0.3844801982044721, 'hidden_continuous_size': 5, 'attention_head_size': 2, 'learning_rate': 0.0020743550639476986}. Best is trial 0 with value: 79.51319122314453.
[I 2023-12-26 13:35:02,237] Trial 13 finished with value: 157.24156188964844 and parameters: {'gradient_clip_val': 0.5561908357123786, 'hidden_size': 56, 'dropout': 0.20257861058268534, 'hidden_continuous_size': 8, 'attention_head_size': 3, 'learning_rate': 0.007516850343188881}. Best is trial 0 with value: 79.51319122314453.
[I 2023-12-26 13:35:04,720] Trial 14 finished with value: 149.2375030517578 and parameters: {'gradient_clip_val': 0.23316018082907228, 'hidden_size': 12, 'dropout': 0.4753352091107531, 'hidden_continuous_size': 6, 'attention_head_size': 2, 'learning_rate': 0.0014477525406165423}. Best is trial 0 with value: 79.51319122314453.
[I 2023-12-26 13:35:07,198] Trial 15 finished with value: 184.35484313964844 and parameters: {'gradient_clip_val': 0.2321134607457735, 'hidden_size': 9, 'dropout': 0.4882821811742733, 'hidden_continuous_size': 6, 'attention_head_size': 2, 'learning_rate': 0.001260388021537386}. Best is trial 0 with value: 79.51319122314453.
[I 2023-12-26 13:35:09,580] Trial 16 finished with value: 203.6401824951172 and parameters: {'gradient_clip_val': 0.2662081870053814, 'hidden_size': 9, 'dropout': 0.4360154053985102, 'hidden_continuous_size': 5, 'attention_head_size': 2, 'learning_rate': 0.006771620381210979}. Best is trial 0 with value: 79.51319122314453.
[I 2023-12-26 13:35:13,640] Trial 17 finished with value: 153.7716064453125 and parameters: {'gradient_clip_val': 0.20169409126631788, 'hidden_size': 45, 'dropout': 0.4919312649633609, 'hidden_continuous_size': 10, 'attention_head_size': 1, 'learning_rate': 0.0005025718748502898}. Best is trial 0 with value: 79.51319122314453.
[I 2023-12-26 13:35:20,788] Trial 18 finished with value: 174.33021545410156 and parameters: {'gradient_clip_val': 0.17333206962352057, 'hidden_size': 88, 'dropout': 0.43296838476056226, 'hidden_continuous_size': 24, 'attention_head_size': 2, 'learning_rate': 0.001388223279987655}. Best is trial 0 with value: 79.51319122314453.
[I 2023-12-26 13:35:24,304] Trial 19 finished with value: 172.8356475830078 and parameters: {'gradient_clip_val': 0.28669277389168296, 'hidden_size': 36, 'dropout': 0.35781343460844495, 'hidden_continuous_size': 10, 'attention_head_size': 1, 'learning_rate': 0.0009391569689042904}. Best is trial 0 with value: 79.51319122314453.
[I 2023-12-26 13:35:30,940] Trial 20 finished with value: 223.3064422607422 and parameters: {'gradient_clip_val': 0.4628381864983801, 'hidden_size': 78, 'dropout': 0.45982806534406195, 'hidden_continuous_size': 23, 'attention_head_size': 2, 'learning_rate': 0.002307525624565578}. Best is trial 0 with value: 79.51319122314453.
[I 2023-12-26 13:35:33,650] Trial 21 finished with value: 179.54148864746094 and parameters: {'gradient_clip_val': 0.597606965467543, 'hidden_size': 15, 'dropout': 0.4981756583924738, 'hidden_continuous_size': 6, 'attention_head_size': 3, 'learning_rate': 0.0027073279470353068}. Best is trial 0 with value: 79.51319122314453.
[I 2023-12-26 13:35:36,303] Trial 22 finished with value: 170.0149383544922 and parameters: {'gradient_clip_val': 0.3382524267272081, 'hidden_size': 14, 'dropout': 0.40269293838272324, 'hidden_continuous_size': 7, 'attention_head_size': 4, 'learning_rate': 0.0044376926495203655}. Best is trial 0 with value: 79.51319122314453.
[I 2023-12-26 13:35:40,122] Trial 23 finished with value: 169.18658447265625 and parameters: {'gradient_clip_val': 0.7460085565333412, 'hidden_size': 33, 'dropout': 0.33242510818559623, 'hidden_continuous_size': 8, 'attention_head_size': 3, 'learning_rate': 0.0018109171332608498}. Best is trial 0 with value: 79.51319122314453.
[I 2023-12-26 13:35:42,851] Trial 24 finished with value: 171.10801696777344 and parameters: {'gradient_clip_val': 0.4467574878728834, 'hidden_size': 19, 'dropout': 0.45291289704105825, 'hidden_continuous_size': 6, 'attention_head_size': 2, 'learning_rate': 0.0008664978111742995}. Best is trial 0 with value: 79.51319122314453.
[I 2023-12-26 13:35:45,631] Trial 25 finished with value: 186.8440704345703 and parameters: {'gradient_clip_val': 0.5450338924266803, 'hidden_size': 24, 'dropout': 0.40409435039197245, 'hidden_continuous_size': 7, 'attention_head_size': 3, 'learning_rate': 0.0033339425614661218}. Best is trial 0 with value: 79.51319122314453.
[I 2023-12-26 13:35:48,135] Trial 26 finished with value: 211.35821533203125 and parameters: {'gradient_clip_val': 0.3795754972597035, 'hidden_size': 11, 'dropout': 0.4596902416158159, 'hidden_continuous_size': 6, 'attention_head_size': 2, 'learning_rate': 0.001735691665945394}. Best is trial 0 with value: 79.51319122314453.
[I 2023-12-26 13:36:01,005] Trial 27 finished with value: 165.8788299560547 and parameters: {'gradient_clip_val': 0.28269582013576905, 'hidden_size': 150, 'dropout': 0.32986999571026704, 'hidden_continuous_size': 105, 'attention_head_size': 3, 'learning_rate': 0.0007870676407503537}. Best is trial 0 with value: 79.51319122314453.
