[I 2023-12-15 19:31:55,903] Trial 26 finished with value: 0.06318318098783493 and parameters: {'gradient_clip_val': 0.2188305849023504, 'hidden_size': 64, 'dropout': 0.10262555572754933, 'hidden_continuous_size': 16, 'attention_head_size': 2, 'learning_rate': 0.0025280728567417914}. Best is trial 21 with value: 0.0437244288623333.
LOCAL_RANK: 0 - CUDA_VISIBLE_DEVICES: [0]
[I 2023-12-15 19:32:48,821] Trial 27 finished with value: 0.07755342870950699 and parameters: {'gradient_clip_val': 0.40374403853942115, 'hidden_size': 38, 'dropout': 0.17141128047938128, 'hidden_continuous_size': 22, 'attention_head_size': 1, 'learning_rate': 0.0013162426771922055}. Best is trial 21 with value: 0.0437244288623333.
LOCAL_RANK: 0 - CUDA_VISIBLE_DEVICES: [0]
[I 2023-12-15 19:33:45,663] Trial 28 finished with value: 0.04431448504328728 and parameters: {'gradient_clip_val': 0.3159019937455995, 'hidden_size': 85, 'dropout': 0.22261598181841522, 'hidden_continuous_size': 42, 'attention_head_size': 3, 'learning_rate': 0.002046225664958181}. Best is trial 21 with value: 0.0437244288623333.
LOCAL_RANK: 0 - CUDA_VISIBLE_DEVICES: [0]
[I 2023-12-15 19:34:42,911] Trial 29 finished with value: 0.06264419108629227 and parameters: {'gradient_clip_val': 0.3287408782162342, 'hidden_size': 96, 'dropout': 0.21304123820764478, 'hidden_continuous_size': 47, 'attention_head_size': 3, 'learning_rate': 0.002002811153971344}. Best is trial 21 with value: 0.0437244288623333.
LOCAL_RANK: 0 - CUDA_VISIBLE_DEVICES: [0]
[I 2023-12-15 19:35:40,360] Trial 30 finished with value: 0.07095085084438324 and parameters: {'gradient_clip_val': 0.27210247451271646, 'hidden_size': 81, 'dropout': 0.22209305476228303, 'hidden_continuous_size': 51, 'attention_head_size': 4, 'learning_rate': 0.0009193898234556897}. Best is trial 21 with value: 0.0437244288623333.
LOCAL_RANK: 0 - CUDA_VISIBLE_DEVICES: [0]
[I 2023-12-15 19:36:35,455] Trial 31 finished with value: 0.07332026213407516 and parameters: {'gradient_clip_val': 0.326526285907485, 'hidden_size': 60, 'dropout': 0.18660343433731222, 'hidden_continuous_size': 31, 'attention_head_size': 3, 'learning_rate': 0.002190340637442922}. Best is trial 21 with value: 0.0437244288623333.
LOCAL_RANK: 0 - CUDA_VISIBLE_DEVICES: [0]
[I 2023-12-15 19:37:28,997] Trial 32 finished with value: 0.06549033522605896 and parameters: {'gradient_clip_val': 0.2004724080792033, 'hidden_size': 56, 'dropout': 0.12839519973707142, 'hidden_continuous_size': 27, 'attention_head_size': 3, 'learning_rate': 0.0015225945262168346}. Best is trial 21 with value: 0.0437244288623333.
LOCAL_RANK: 0 - CUDA_VISIBLE_DEVICES: [0]
[I 2023-12-15 19:38:24,099] Trial 33 finished with value: 0.09559371322393417 and parameters: {'gradient_clip_val': 0.2497617569866854, 'hidden_size': 69, 'dropout': 0.16345936904447206, 'hidden_continuous_size': 35, 'attention_head_size': 1, 'learning_rate': 0.0032975805867061867}. Best is trial 21 with value: 0.0437244288623333.
LOCAL_RANK: 0 - CUDA_VISIBLE_DEVICES: [0]
[I 2023-12-15 19:39:16,726] Trial 34 finished with value: 0.08199379593133926 and parameters: {'gradient_clip_val': 0.47181188176655103, 'hidden_size': 52, 'dropout': 0.23171459414851753, 'hidden_continuous_size': 26, 'attention_head_size': 1, 'learning_rate': 0.002356056660228405}. Best is trial 21 with value: 0.0437244288623333.
LOCAL_RANK: 0 - CUDA_VISIBLE_DEVICES: [0]
[I 2023-12-15 19:40:10,958] Trial 35 finished with value: 0.04404107853770256 and parameters: {'gradient_clip_val': 0.17510806200989912, 'hidden_size': 64, 'dropout': 0.25144705681496227, 'hidden_continuous_size': 33, 'attention_head_size': 2, 'learning_rate': 0.002510794847038106}. Best is trial 21 with value: 0.0437244288623333.
LOCAL_RANK: 0 - CUDA_VISIBLE_DEVICES: [0]
[I 2023-12-15 19:41:07,467] Trial 36 finished with value: 0.054839104413986206 and parameters: {'gradient_clip_val': 0.16440634514206962, 'hidden_size': 82, 'dropout': 0.24818364437334672, 'hidden_continuous_size': 35, 'attention_head_size': 3, 'learning_rate': 0.002328969893320677}. Best is trial 21 with value: 0.0437244288623333.
LOCAL_RANK: 0 - CUDA_VISIBLE_DEVICES: [0]
[I 2023-12-15 19:42:01,238] Trial 37 finished with value: 0.06979150325059891 and parameters: {'gradient_clip_val': 0.1802969695087508, 'hidden_size': 64, 'dropout': 0.27762183369387444, 'hidden_continuous_size': 36, 'attention_head_size': 2, 'learning_rate': 0.0014286909936075932}. Best is trial 21 with value: 0.0437244288623333.
LOCAL_RANK: 0 - CUDA_VISIBLE_DEVICES: [0]
[I 2023-12-15 19:42:58,193] Trial 38 finished with value: 0.06008860841393471 and parameters: {'gradient_clip_val': 0.15840469058745626, 'hidden_size': 100, 'dropout': 0.24010204300797022, 'hidden_continuous_size': 51, 'attention_head_size': 2, 'learning_rate': 0.004427876927768288}. Best is trial 21 with value: 0.0437244288623333.
LOCAL_RANK: 0 - CUDA_VISIBLE_DEVICES: [0]
[I 2023-12-15 19:43:52,944] Trial 39 finished with value: 0.08513806015253067 and parameters: {'gradient_clip_val': 0.12258570323069967, 'hidden_size': 72, 'dropout': 0.2147006196872021, 'hidden_continuous_size': 32, 'attention_head_size': 3, 'learning_rate': 0.0028105647658548225}. Best is trial 21 with value: 0.0437244288623333.
LOCAL_RANK: 0 - CUDA_VISIBLE_DEVICES: [0]
[I 2023-12-15 19:44:48,067] Trial 40 finished with value: 0.05670909956097603 and parameters: {'gradient_clip_val': 0.2221462711406368, 'hidden_size': 61, 'dropout': 0.2649502224194035, 'hidden_continuous_size': 26, 'attention_head_size': 4, 'learning_rate': 0.010795153647538771}. Best is trial 21 with value: 0.0437244288623333.
LOCAL_RANK: 0 - CUDA_VISIBLE_DEVICES: [0]
[I 2023-12-15 19:45:40,487] Trial 41 finished with value: 0.05133262276649475 and parameters: {'gradient_clip_val': 0.30212154430183386, 'hidden_size': 48, 'dropout': 0.19071471006577478, 'hidden_continuous_size': 28, 'attention_head_size': 1, 'learning_rate': 0.003153831546669985}. Best is trial 21 with value: 0.0437244288623333.
LOCAL_RANK: 0 - CUDA_VISIBLE_DEVICES: [0]
[I 2023-12-15 19:46:34,508] Trial 42 finished with value: 0.06719701737165451 and parameters: {'gradient_clip_val': 0.1961372737510547, 'hidden_size': 57, 'dropout': 0.23370643122069665, 'hidden_continuous_size': 23, 'attention_head_size': 1, 'learning_rate': 0.001856994511714941}. Best is trial 21 with value: 0.0437244288623333.
LOCAL_RANK: 0 - CUDA_VISIBLE_DEVICES: [0]
[I 2023-12-15 19:47:30,484] Trial 43 finished with value: 0.04046153649687767 and parameters: {'gradient_clip_val': 0.2512923517878916, 'hidden_size': 85, 'dropout': 0.20679558392449016, 'hidden_continuous_size': 44, 'attention_head_size': 1, 'learning_rate': 0.003794802514834739}. Best is trial 43 with value: 0.04046153649687767.
LOCAL_RANK: 0 - CUDA_VISIBLE_DEVICES: [0]
[I 2023-12-15 19:48:26,093] Trial 44 finished with value: 0.05635017156600952 and parameters: {'gradient_clip_val': 0.25745224467894606, 'hidden_size': 85, 'dropout': 0.21163306438172377, 'hidden_continuous_size': 44, 'attention_head_size': 1, 'learning_rate': 0.004557964571623994}. Best is trial 43 with value: 0.04046153649687767.
LOCAL_RANK: 0 - CUDA_VISIBLE_DEVICES: [0]
[I 2023-12-15 19:49:21,787] Trial 45 finished with value: 0.04093083739280701 and parameters: {'gradient_clip_val': 0.22685753162608138, 'hidden_size': 70, 'dropout': 0.2521101757476527, 'hidden_continuous_size': 38, 'attention_head_size': 2, 'learning_rate': 0.002416081770374711}. Best is trial 43 with value: 0.04046153649687767.
LOCAL_RANK: 0 - CUDA_VISIBLE_DEVICES: [0]
[I 2023-12-15 19:50:17,078] Trial 46 finished with value: 0.046889279037714005 and parameters: {'gradient_clip_val': 0.22701526892332247, 'hidden_size': 70, 'dropout': 0.25170036042737726, 'hidden_continuous_size': 40, 'attention_head_size': 2, 'learning_rate': 0.0011516833544912425}. Best is trial 43 with value: 0.04046153649687767.
LOCAL_RANK: 0 - CUDA_VISIBLE_DEVICES: [0]
[I 2023-12-15 19:51:14,339] Trial 47 finished with value: 0.04985067620873451 and parameters: {'gradient_clip_val': 0.17569890452366374, 'hidden_size': 86, 'dropout': 0.22792363858043405, 'hidden_continuous_size': 57, 'attention_head_size': 2, 'learning_rate': 0.0055872675301752266}. Best is trial 43 with value: 0.04046153649687767.
LOCAL_RANK: 0 - CUDA_VISIBLE_DEVICES: [0]
[I 2023-12-15 19:52:10,385] Trial 48 finished with value: 0.06145384535193443 and parameters: {'gradient_clip_val': 0.1471910033730583, 'hidden_size': 73, 'dropout': 0.2573719786604771, 'hidden_continuous_size': 34, 'attention_head_size': 2, 'learning_rate': 0.003959036068183423}. Best is trial 43 with value: 0.04046153649687767.
LOCAL_RANK: 0 - CUDA_VISIBLE_DEVICES: [0]
[I 2023-12-15 19:53:06,809] Trial 49 finished with value: 0.05960124731063843 and parameters: {'gradient_clip_val': 0.2097639885013671, 'hidden_size': 88, 'dropout': 0.28004351894191537, 'hidden_continuous_size': 63, 'attention_head_size': 3, 'learning_rate': 0.002632139064492523}. Best is trial 43 with value: 0.04046153649687767.
[I 2023-12-15 19:53:06,904] A new study created in memory with name: no-name-335bdb67-b28b-4c4e-84b7-7512a314ca7a
/home/le004/conda/anaconda3/envs/tsff_env/lib/python3.9/site-packages/lightning/fabric/plugins/environments/slurm.py:191: The `srun` command is available on your system but is not used. HINT: If your intention is to run Lightning on SLURM, prepend your python command with `srun` like so: srun python /home/le004/master_thesis/git/TSFusionForecast/code/ ...
LOCAL_RANK: 0 - CUDA_VISIBLE_DEVICES: [0]
[I 2023-12-15 19:53:55,851] Trial 0 finished with value: 0.06502896547317505 and parameters: {'gradient_clip_val': 0.10020439120192452, 'hidden_size': 17, 'dropout': 0.16507435232488749, 'hidden_continuous_size': 11, 'attention_head_size': 4, 'learning_rate': 0.022796653142401452}. Best is trial 0 with value: 0.06502896547317505.
LOCAL_RANK: 0 - CUDA_VISIBLE_DEVICES: [0]
[I 2023-12-15 19:54:32,383] Trial 1 finished with value: 0.06415180116891861 and parameters: {'gradient_clip_val': 0.5877642358040677, 'hidden_size': 6, 'dropout': 0.12596092870915415, 'hidden_continuous_size': 6, 'attention_head_size': 1, 'learning_rate': 0.05047514445011023}. Best is trial 1 with value: 0.06415180116891861.
LOCAL_RANK: 0 - CUDA_VISIBLE_DEVICES: [0]
[I 2023-12-15 19:55:19,686] Trial 2 finished with value: 0.06440189480781555 and parameters: {'gradient_clip_val': 0.15551577608751735, 'hidden_size': 15, 'dropout': 0.35849974806541307, 'hidden_continuous_size': 7, 'attention_head_size': 3, 'learning_rate': 0.005401128036283583}. Best is trial 1 with value: 0.06415180116891861.
LOCAL_RANK: 0 - CUDA_VISIBLE_DEVICES: [0]
[I 2023-12-15 19:55:55,193] Trial 3 finished with value: 0.0634169727563858 and parameters: {'gradient_clip_val': 0.9039000441534404, 'hidden_size': 6, 'dropout': 0.11159117676064428, 'hidden_continuous_size': 6, 'attention_head_size': 1, 'learning_rate': 0.025062779164694952}. Best is trial 3 with value: 0.0634169727563858.
LOCAL_RANK: 0 - CUDA_VISIBLE_DEVICES: [0]
[I 2023-12-15 19:56:50,750] Trial 4 finished with value: 0.10653676837682724 and parameters: {'gradient_clip_val': 0.7449141727317752, 'hidden_size': 99, 'dropout': 0.1326520142687385, 'hidden_continuous_size': 12, 'attention_head_size': 2, 'learning_rate': 0.0006083587866102778}. Best is trial 3 with value: 0.0634169727563858.
LOCAL_RANK: 0 - CUDA_VISIBLE_DEVICES: [0]
[I 2023-12-15 19:57:47,686] Trial 5 finished with value: 0.04382451996207237 and parameters: {'gradient_clip_val': 0.6176703559231502, 'hidden_size': 81, 'dropout': 0.2505793811106379, 'hidden_continuous_size': 37, 'attention_head_size': 4, 'learning_rate': 0.0024822069531790347}. Best is trial 5 with value: 0.04382451996207237.
LOCAL_RANK: 0 - CUDA_VISIBLE_DEVICES: [0]
[I 2023-12-15 19:58:23,902] Trial 6 finished with value: 0.7500330805778503 and parameters: {'gradient_clip_val': 0.49566456735271097, 'hidden_size': 6, 'dropout': 0.32830867984551326, 'hidden_continuous_size': 6, 'attention_head_size': 4, 'learning_rate': 0.0014183930254650205}. Best is trial 5 with value: 0.04382451996207237.
LOCAL_RANK: 0 - CUDA_VISIBLE_DEVICES: [0]
[I 2023-12-15 19:59:18,769] Trial 7 finished with value: 0.0378878079354763 and parameters: {'gradient_clip_val': 0.5767553421493179, 'hidden_size': 87, 'dropout': 0.3411446964368814, 'hidden_continuous_size': 12, 'attention_head_size': 2, 'learning_rate': 0.0047637137135471885}. Best is trial 7 with value: 0.0378878079354763.
LOCAL_RANK: 0 - CUDA_VISIBLE_DEVICES: [0]
[I 2023-12-15 19:59:54,524] Trial 8 finished with value: 0.416215181350708 and parameters: {'gradient_clip_val': 0.43551172993065707, 'hidden_size': 10, 'dropout': 0.20281811263438554, 'hidden_continuous_size': 10, 'attention_head_size': 3, 'learning_rate': 0.002546641113672188}. Best is trial 7 with value: 0.0378878079354763.
LOCAL_RANK: 0 - CUDA_VISIBLE_DEVICES: [0]
[I 2023-12-15 20:00:47,945] Trial 9 finished with value: 0.12502361834049225 and parameters: {'gradient_clip_val': 0.9856223611394963, 'hidden_size': 35, 'dropout': 0.15475928162129138, 'hidden_continuous_size': 25, 'attention_head_size': 3, 'learning_rate': 0.0008834281116030233}. Best is trial 7 with value: 0.0378878079354763.
LOCAL_RANK: 0 - CUDA_VISIBLE_DEVICES: [0]
[I 2023-12-15 20:01:40,008] Trial 10 finished with value: 0.04402986541390419 and parameters: {'gradient_clip_val': 0.3133622637630088, 'hidden_size': 36, 'dropout': 0.38626269302150795, 'hidden_continuous_size': 18, 'attention_head_size': 2, 'learning_rate': 0.00883084734165732}. Best is trial 7 with value: 0.0378878079354763.
LOCAL_RANK: 0 - CUDA_VISIBLE_DEVICES: [0]
[I 2023-12-15 20:02:37,004] Trial 11 finished with value: 0.03876142576336861 and parameters: {'gradient_clip_val': 0.3607322944115422, 'hidden_size': 93, 'dropout': 0.28247590578258924, 'hidden_continuous_size': 52, 'attention_head_size': 2, 'learning_rate': 0.0031641143812399398}. Best is trial 7 with value: 0.0378878079354763.
LOCAL_RANK: 0 - CUDA_VISIBLE_DEVICES: [0]
[I 2023-12-15 20:03:33,005] Trial 12 finished with value: 0.051827531307935715 and parameters: {'gradient_clip_val': 0.3385919903231747, 'hidden_size': 65, 'dropout': 0.2837531532811058, 'hidden_continuous_size': 62, 'attention_head_size': 2, 'learning_rate': 0.0055426989714005784}. Best is trial 7 with value: 0.0378878079354763.
LOCAL_RANK: 0 - CUDA_VISIBLE_DEVICES: [0]
[I 2023-12-15 20:04:27,036] Trial 13 finished with value: 0.07049772143363953 and parameters: {'gradient_clip_val': 0.3158515181324378, 'hidden_size': 58, 'dropout': 0.3194329665935924, 'hidden_continuous_size': 19, 'attention_head_size': 2, 'learning_rate': 0.0026742877047383853}. Best is trial 7 with value: 0.0378878079354763.
LOCAL_RANK: 0 - CUDA_VISIBLE_DEVICES: [0]
[I 2023-12-15 20:05:25,893] Trial 14 finished with value: 0.06666658073663712 and parameters: {'gradient_clip_val': 0.4181674320281308, 'hidden_size': 100, 'dropout': 0.2906007285407192, 'hidden_continuous_size': 99, 'attention_head_size': 1, 'learning_rate': 0.00850137277375657}. Best is trial 7 with value: 0.0378878079354763.
LOCAL_RANK: 0 - CUDA_VISIBLE_DEVICES: [0]
[I 2023-12-15 20:06:19,269] Trial 15 finished with value: 0.08115515857934952 and parameters: {'gradient_clip_val': 0.24120030532593031, 'hidden_size': 47, 'dropout': 0.39924399984760084, 'hidden_continuous_size': 15, 'attention_head_size': 2, 'learning_rate': 0.0015670382783834142}. Best is trial 7 with value: 0.0378878079354763.
LOCAL_RANK: 0 - CUDA_VISIBLE_DEVICES: [0]
[I 2023-12-15 20:07:09,998] Trial 16 finished with value: 0.08366451412439346 and parameters: {'gradient_clip_val': 0.647799780293923, 'hidden_size': 29, 'dropout': 0.24438762576949644, 'hidden_continuous_size': 9, 'attention_head_size': 3, 'learning_rate': 0.0042231023499444825}. Best is trial 7 with value: 0.0378878079354763.
LOCAL_RANK: 0 - CUDA_VISIBLE_DEVICES: [0]
[I 2023-12-15 20:08:03,678] Trial 17 finished with value: 0.05289071798324585 and parameters: {'gradient_clip_val': 0.5044855909989581, 'hidden_size': 65, 'dropout': 0.3437222733980326, 'hidden_continuous_size': 28, 'attention_head_size': 1, 'learning_rate': 0.011520316707411507}. Best is trial 7 with value: 0.0378878079354763.
LOCAL_RANK: 0 - CUDA_VISIBLE_DEVICES: [0]
[I 2023-12-15 20:08:58,997] Trial 18 finished with value: 0.07437073439359665 and parameters: {'gradient_clip_val': 0.7466828187218544, 'hidden_size': 74, 'dropout': 0.3663298338743583, 'hidden_continuous_size': 32, 'attention_head_size': 2, 'learning_rate': 0.0037645965364897123}. Best is trial 7 with value: 0.0378878079354763.
LOCAL_RANK: 0 - CUDA_VISIBLE_DEVICES: [0]
[I 2023-12-15 20:09:53,158] Trial 19 finished with value: 0.25567826628685 and parameters: {'gradient_clip_val': 0.24232938598857687, 'hidden_size': 49, 'dropout': 0.30674259725516984, 'hidden_continuous_size': 13, 'attention_head_size': 3, 'learning_rate': 0.0005050986177277821}. Best is trial 7 with value: 0.0378878079354763.
LOCAL_RANK: 0 - CUDA_VISIBLE_DEVICES: [0]
[I 2023-12-15 20:10:45,712] Trial 20 finished with value: 0.1052296981215477 and parameters: {'gradient_clip_val': 0.37329867358136065, 'hidden_size': 46, 'dropout': 0.34131747573833066, 'hidden_continuous_size': 9, 'attention_head_size': 1, 'learning_rate': 0.0015491798284878655}. Best is trial 7 with value: 0.0378878079354763.
LOCAL_RANK: 0 - CUDA_VISIBLE_DEVICES: [0]
[I 2023-12-15 20:11:43,220] Trial 21 finished with value: 0.042587634176015854 and parameters: {'gradient_clip_val': 0.5520885719695149, 'hidden_size': 90, 'dropout': 0.26766616603618987, 'hidden_continuous_size': 41, 'attention_head_size': 4, 'learning_rate': 0.0028638143053552664}. Best is trial 7 with value: 0.0378878079354763.
LOCAL_RANK: 0 - CUDA_VISIBLE_DEVICES: [0]
[I 2023-12-15 20:12:38,961] Trial 22 finished with value: 0.038170963525772095 and parameters: {'gradient_clip_val': 0.5128705452059346, 'hidden_size': 80, 'dropout': 0.2676720778109496, 'hidden_continuous_size': 43, 'attention_head_size': 2, 'learning_rate': 0.0028913857803016725}. Best is trial 7 with value: 0.0378878079354763.
LOCAL_RANK: 0 - CUDA_VISIBLE_DEVICES: [0]
[I 2023-12-15 20:13:35,041] Trial 23 finished with value: 0.056356485933065414 and parameters: {'gradient_clip_val': 0.4577291031492443, 'hidden_size': 77, 'dropout': 0.3124810857062705, 'hidden_continuous_size': 48, 'attention_head_size': 2, 'learning_rate': 0.0062418944360963695}. Best is trial 7 with value: 0.0378878079354763.
LOCAL_RANK: 0 - CUDA_VISIBLE_DEVICES: [0]
[I 2023-12-15 20:14:29,091] Trial 24 finished with value: 0.055651113390922546 and parameters: {'gradient_clip_val': 0.4023215903944235, 'hidden_size': 61, 'dropout': 0.22698150524397365, 'hidden_continuous_size': 21, 'attention_head_size': 2, 'learning_rate': 0.004131670645808553}. Best is trial 7 with value: 0.0378878079354763.
LOCAL_RANK: 0 - CUDA_VISIBLE_DEVICES: [0]
[I 2023-12-15 20:15:24,255] Trial 25 finished with value: 0.04789753258228302 and parameters: {'gradient_clip_val': 0.5379497431056339, 'hidden_size': 81, 'dropout': 0.28922720900253573, 'hidden_continuous_size': 24, 'attention_head_size': 2, 'learning_rate': 0.010716409551682075}. Best is trial 7 with value: 0.0378878079354763.
LOCAL_RANK: 0 - CUDA_VISIBLE_DEVICES: [0]
[I 2023-12-15 20:16:20,970] Trial 26 finished with value: 0.07360140234231949 and parameters: {'gradient_clip_val': 0.7060935822457621, 'hidden_size': 96, 'dropout': 0.2752006779462976, 'hidden_continuous_size': 56, 'attention_head_size': 3, 'learning_rate': 0.001100771961709034}. Best is trial 7 with value: 0.0378878079354763.
LOCAL_RANK: 0 - CUDA_VISIBLE_DEVICES: [0]
[I 2023-12-15 20:17:15,125] Trial 27 finished with value: 0.04402686282992363 and parameters: {'gradient_clip_val': 0.8322948353301819, 'hidden_size': 55, 'dropout': 0.303049261765543, 'hidden_continuous_size': 18, 'attention_head_size': 2, 'learning_rate': 0.0019404536380235224}. Best is trial 7 with value: 0.0378878079354763.
LOCAL_RANK: 0 - CUDA_VISIBLE_DEVICES: [0]
[I 2023-12-15 20:18:08,996] Trial 28 finished with value: 0.04905913770198822 and parameters: {'gradient_clip_val': 0.5739306679996762, 'hidden_size': 67, 'dropout': 0.25780257293529957, 'hidden_continuous_size': 15, 'attention_head_size': 1, 'learning_rate': 0.0035498487270136094}. Best is trial 7 with value: 0.0378878079354763.
LOCAL_RANK: 0 - CUDA_VISIBLE_DEVICES: [0]
[I 2023-12-15 20:19:04,780] Trial 29 finished with value: 0.07892446964979172 and parameters: {'gradient_clip_val': 0.6609501251823945, 'hidden_size': 78, 'dropout': 0.21709846443601993, 'hidden_continuous_size': 35, 'attention_head_size': 2, 'learning_rate': 0.01371902500785915}. Best is trial 7 with value: 0.0378878079354763.
LOCAL_RANK: 0 - CUDA_VISIBLE_DEVICES: [0]
[I 2023-12-15 20:20:02,972] Trial 30 finished with value: 0.04570494219660759 and parameters: {'gradient_clip_val': 0.49108968274808595, 'hidden_size': 100, 'dropout': 0.19255774002668985, 'hidden_continuous_size': 73, 'attention_head_size': 3, 'learning_rate': 0.006613311356178562}. Best is trial 7 with value: 0.0378878079354763.
LOCAL_RANK: 0 - CUDA_VISIBLE_DEVICES: [0]
[I 2023-12-15 20:20:59,070] Trial 31 finished with value: 0.06832478940486908 and parameters: {'gradient_clip_val': 0.5740708271787366, 'hidden_size': 81, 'dropout': 0.2753258518231348, 'hidden_continuous_size': 43, 'attention_head_size': 2, 'learning_rate': 0.002853740391257279}. Best is trial 7 with value: 0.0378878079354763.
LOCAL_RANK: 0 - CUDA_VISIBLE_DEVICES: [0]
[I 2023-12-15 20:21:54,127] Trial 32 finished with value: 0.05260205268859863 and parameters: {'gradient_clip_val': 0.5470988602770595, 'hidden_size': 54, 'dropout': 0.2711421399325005, 'hidden_continuous_size': 31, 'attention_head_size': 4, 'learning_rate': 0.0019878289457268957}. Best is trial 7 with value: 0.0378878079354763.
LOCAL_RANK: 0 - CUDA_VISIBLE_DEVICES: [0]
