[I 2023-12-15 16:04:16,867] Trial 3 finished with value: 7259.4375 and parameters: {'gradient_clip_val': 0.3487402419715002, 'hidden_size': 6, 'dropout': 0.2635894561590427, 'hidden_continuous_size': 6, 'attention_head_size': 4, 'learning_rate': 0.04817914856042367}. Best is trial 2 with value: 4641.32763671875.
LOCAL_RANK: 0 - CUDA_VISIBLE_DEVICES: [0]
[I 2023-12-15 16:05:01,745] Trial 4 finished with value: 1703.7557373046875 and parameters: {'gradient_clip_val': 0.990092636921044, 'hidden_size': 7, 'dropout': 0.3990825836095865, 'hidden_continuous_size': 6, 'attention_head_size': 1, 'learning_rate': 0.08564823680177977}. Best is trial 4 with value: 1703.7557373046875.
LOCAL_RANK: 0 - CUDA_VISIBLE_DEVICES: [0]
[I 2023-12-15 16:05:51,704] Trial 5 finished with value: 1722.2879638671875 and parameters: {'gradient_clip_val': 0.27008697791250624, 'hidden_size': 26, 'dropout': 0.3386882711812861, 'hidden_continuous_size': 12, 'attention_head_size': 4, 'learning_rate': 0.011436029077980317}. Best is trial 4 with value: 1703.7557373046875.
LOCAL_RANK: 0 - CUDA_VISIBLE_DEVICES: [0]
[I 2023-12-15 16:06:42,697] Trial 6 finished with value: 6930.72412109375 and parameters: {'gradient_clip_val': 0.5425783342701752, 'hidden_size': 32, 'dropout': 0.3368656217673327, 'hidden_continuous_size': 27, 'attention_head_size': 1, 'learning_rate': 0.05379713400893812}. Best is trial 4 with value: 1703.7557373046875.
LOCAL_RANK: 0 - CUDA_VISIBLE_DEVICES: [0]
[I 2023-12-15 16:07:17,834] Trial 7 finished with value: 4464.451171875 and parameters: {'gradient_clip_val': 0.6623954471107002, 'hidden_size': 5, 'dropout': 0.2139018819145691, 'hidden_continuous_size': 5, 'attention_head_size': 4, 'learning_rate': 0.02987529819543464}. Best is trial 4 with value: 1703.7557373046875.
LOCAL_RANK: 0 - CUDA_VISIBLE_DEVICES: [0]
[I 2023-12-15 16:08:02,545] Trial 8 finished with value: 4190.8125 and parameters: {'gradient_clip_val': 0.5760444178134088, 'hidden_size': 11, 'dropout': 0.3501276068782345, 'hidden_continuous_size': 5, 'attention_head_size': 1, 'learning_rate': 0.0005573552239464004}. Best is trial 4 with value: 1703.7557373046875.
LOCAL_RANK: 0 - CUDA_VISIBLE_DEVICES: [0]
[I 2023-12-15 16:08:46,745] Trial 9 finished with value: 8778.80078125 and parameters: {'gradient_clip_val': 0.6430327925430132, 'hidden_size': 8, 'dropout': 0.24023906108404827, 'hidden_continuous_size': 7, 'attention_head_size': 1, 'learning_rate': 0.06765248596021697}. Best is trial 4 with value: 1703.7557373046875.
LOCAL_RANK: 0 - CUDA_VISIBLE_DEVICES: [0]
[I 2023-12-15 16:09:30,819] Trial 10 finished with value: 4338.8466796875 and parameters: {'gradient_clip_val': 0.1490231548883378, 'hidden_size': 12, 'dropout': 0.38972676457778366, 'hidden_continuous_size': 6, 'attention_head_size': 2, 'learning_rate': 0.09895977364668468}. Best is trial 4 with value: 1703.7557373046875.
LOCAL_RANK: 0 - CUDA_VISIBLE_DEVICES: [0]
[I 2023-12-15 16:10:18,314] Trial 11 finished with value: 5343.00927734375 and parameters: {'gradient_clip_val': 0.21669294342313994, 'hidden_size': 18, 'dropout': 0.3947331368635916, 'hidden_continuous_size': 9, 'attention_head_size': 2, 'learning_rate': 0.011350415726600917}. Best is trial 4 with value: 1703.7557373046875.
LOCAL_RANK: 0 - CUDA_VISIBLE_DEVICES: [0]
[I 2023-12-15 16:11:09,116] Trial 12 finished with value: 4597.80908203125 and parameters: {'gradient_clip_val': 0.23830052028252294, 'hidden_size': 37, 'dropout': 0.392516169708466, 'hidden_continuous_size': 10, 'attention_head_size': 3, 'learning_rate': 0.007479869644705408}. Best is trial 4 with value: 1703.7557373046875.
LOCAL_RANK: 0 - CUDA_VISIBLE_DEVICES: [0]
[I 2023-12-15 16:11:54,779] Trial 13 finished with value: 3291.059326171875 and parameters: {'gradient_clip_val': 0.105418860111033, 'hidden_size': 14, 'dropout': 0.2981010283321876, 'hidden_continuous_size': 8, 'attention_head_size': 2, 'learning_rate': 0.02289201147188925}. Best is trial 4 with value: 1703.7557373046875.
LOCAL_RANK: 0 - CUDA_VISIBLE_DEVICES: [0]
[I 2023-12-15 16:12:39,552] Trial 14 finished with value: 4798.74755859375 and parameters: {'gradient_clip_val': 0.9252647913707802, 'hidden_size': 8, 'dropout': 0.3720425619758624, 'hidden_continuous_size': 6, 'attention_head_size': 4, 'learning_rate': 0.003616184599945375}. Best is trial 4 with value: 1703.7557373046875.
LOCAL_RANK: 0 - CUDA_VISIBLE_DEVICES: [0]
[I 2023-12-15 16:13:27,750] Trial 15 finished with value: 3267.062255859375 and parameters: {'gradient_clip_val': 0.9919439285622835, 'hidden_size': 24, 'dropout': 0.3011077153760677, 'hidden_continuous_size': 12, 'attention_head_size': 3, 'learning_rate': 0.00400916890134694}. Best is trial 4 with value: 1703.7557373046875.
LOCAL_RANK: 0 - CUDA_VISIBLE_DEVICES: [0]
[I 2023-12-15 16:14:20,310] Trial 16 finished with value: 5454.8193359375 and parameters: {'gradient_clip_val': 0.461328636674269, 'hidden_size': 49, 'dropout': 0.36315896227392164, 'hidden_continuous_size': 13, 'attention_head_size': 2, 'learning_rate': 0.09588808949285998}. Best is trial 4 with value: 1703.7557373046875.
LOCAL_RANK: 0 - CUDA_VISIBLE_DEVICES: [0]
[I 2023-12-15 16:15:17,781] Trial 17 finished with value: 5498.52783203125 and parameters: {'gradient_clip_val': 0.42829499928280534, 'hidden_size': 91, 'dropout': 0.3953456422023527, 'hidden_continuous_size': 61, 'attention_head_size': 4, 'learning_rate': 0.03626048536733866}. Best is trial 4 with value: 1703.7557373046875.
LOCAL_RANK: 0 - CUDA_VISIBLE_DEVICES: [0]
[I 2023-12-15 16:16:04,202] Trial 18 finished with value: 9956.5712890625 and parameters: {'gradient_clip_val': 0.2814084864387412, 'hidden_size': 17, 'dropout': 0.32831199222544005, 'hidden_continuous_size': 7, 'attention_head_size': 2, 'learning_rate': 0.016803730286286428}. Best is trial 4 with value: 1703.7557373046875.
LOCAL_RANK: 0 - CUDA_VISIBLE_DEVICES: [0]
[I 2023-12-15 16:16:52,791] Trial 19 finished with value: 8503.8681640625 and parameters: {'gradient_clip_val': 0.43531505654448127, 'hidden_size': 28, 'dropout': 0.35726675842916233, 'hidden_continuous_size': 10, 'attention_head_size': 3, 'learning_rate': 0.03609931311355073}. Best is trial 4 with value: 1703.7557373046875.
LOCAL_RANK: 0 - CUDA_VISIBLE_DEVICES: [0]
[I 2023-12-15 16:17:40,508] Trial 20 finished with value: 1931.8082275390625 and parameters: {'gradient_clip_val': 0.28982948392599805, 'hidden_size': 18, 'dropout': 0.3711619564590879, 'hidden_continuous_size': 8, 'attention_head_size': 4, 'learning_rate': 0.012546804854072342}. Best is trial 4 with value: 1703.7557373046875.
LOCAL_RANK: 0 - CUDA_VISIBLE_DEVICES: [0]
[I 2023-12-15 16:18:28,770] Trial 21 finished with value: 2481.406982421875 and parameters: {'gradient_clip_val': 0.28480177933649714, 'hidden_size': 19, 'dropout': 0.369489583877266, 'hidden_continuous_size': 8, 'attention_head_size': 4, 'learning_rate': 0.012705161491067424}. Best is trial 4 with value: 1703.7557373046875.
LOCAL_RANK: 0 - CUDA_VISIBLE_DEVICES: [0]
[I 2023-12-15 16:19:15,449] Trial 22 finished with value: 7932.59619140625 and parameters: {'gradient_clip_val': 0.21547982781164401, 'hidden_size': 14, 'dropout': 0.39797906081302165, 'hidden_continuous_size': 7, 'attention_head_size': 4, 'learning_rate': 0.008498121246168933}. Best is trial 4 with value: 1703.7557373046875.
LOCAL_RANK: 0 - CUDA_VISIBLE_DEVICES: [0]
[I 2023-12-15 16:20:05,220] Trial 23 finished with value: 3981.962158203125 and parameters: {'gradient_clip_val': 0.3223697354859936, 'hidden_size': 25, 'dropout': 0.3706804589750834, 'hidden_continuous_size': 9, 'attention_head_size': 4, 'learning_rate': 0.018874687904264525}. Best is trial 4 with value: 1703.7557373046875.
LOCAL_RANK: 0 - CUDA_VISIBLE_DEVICES: [0]
[I 2023-12-15 16:20:55,478] Trial 24 finished with value: 7778.34375 and parameters: {'gradient_clip_val': 0.5226465191643737, 'hidden_size': 34, 'dropout': 0.3165555813362807, 'hidden_continuous_size': 11, 'attention_head_size': 3, 'learning_rate': 0.005361865429965196}. Best is trial 4 with value: 1703.7557373046875.
LOCAL_RANK: 0 - CUDA_VISIBLE_DEVICES: [0]
[I 2023-12-15 16:21:41,481] Trial 25 finished with value: 8339.59765625 and parameters: {'gradient_clip_val': 0.4105019883105154, 'hidden_size': 10, 'dropout': 0.3434122932932417, 'hidden_continuous_size': 6, 'attention_head_size': 4, 'learning_rate': 0.026362283737751537}. Best is trial 4 with value: 1703.7557373046875.
LOCAL_RANK: 0 - CUDA_VISIBLE_DEVICES: [0]
[I 2023-12-15 16:22:32,539] Trial 26 finished with value: 8408.197265625 and parameters: {'gradient_clip_val': 0.25522392207401495, 'hidden_size': 40, 'dropout': 0.37242229364472296, 'hidden_continuous_size': 12, 'attention_head_size': 3, 'learning_rate': 0.011329532895394382}. Best is trial 4 with value: 1703.7557373046875.
LOCAL_RANK: 0 - CUDA_VISIBLE_DEVICES: [0]
[I 2023-12-15 16:23:16,937] Trial 27 finished with value: 4938.91259765625 and parameters: {'gradient_clip_val': 0.18838321236611041, 'hidden_size': 16, 'dropout': 0.33863456609684794, 'hidden_continuous_size': 8, 'attention_head_size': 1, 'learning_rate': 0.0615367394676157}. Best is trial 4 with value: 1703.7557373046875.
LOCAL_RANK: 0 - CUDA_VISIBLE_DEVICES: [0]
[I 2023-12-15 16:24:05,951] Trial 28 finished with value: 6351.52197265625 and parameters: {'gradient_clip_val': 0.30784067659136144, 'hidden_size': 21, 'dropout': 0.298617104267766, 'hidden_continuous_size': 7, 'attention_head_size': 4, 'learning_rate': 0.03316647539437384}. Best is trial 4 with value: 1703.7557373046875.
LOCAL_RANK: 0 - CUDA_VISIBLE_DEVICES: [0]
[I 2023-12-15 16:24:54,257] Trial 29 finished with value: 7041.00390625 and parameters: {'gradient_clip_val': 0.36058886247657695, 'hidden_size': 22, 'dropout': 0.3266052921795077, 'hidden_continuous_size': 9, 'attention_head_size': 1, 'learning_rate': 0.013028238245031704}. Best is trial 4 with value: 1703.7557373046875.
LOCAL_RANK: 0 - CUDA_VISIBLE_DEVICES: [0]
[I 2023-12-15 16:25:42,706] Trial 30 finished with value: 6613.26318359375 and parameters: {'gradient_clip_val': 0.3794000006290924, 'hidden_size': 27, 'dropout': 0.37709615720776735, 'hidden_continuous_size': 5, 'attention_head_size': 2, 'learning_rate': 0.02425184577860362}. Best is trial 4 with value: 1703.7557373046875.
LOCAL_RANK: 0 - CUDA_VISIBLE_DEVICES: [0]
[I 2023-12-15 16:26:30,572] Trial 31 finished with value: 5015.23193359375 and parameters: {'gradient_clip_val': 0.27806691552272766, 'hidden_size': 20, 'dropout': 0.3584226678286349, 'hidden_continuous_size': 8, 'attention_head_size': 4, 'learning_rate': 0.014209043957179332}. Best is trial 4 with value: 1703.7557373046875.
LOCAL_RANK: 0 - CUDA_VISIBLE_DEVICES: [0]
[I 2023-12-15 16:27:18,423] Trial 32 finished with value: 3844.341064453125 and parameters: {'gradient_clip_val': 0.31115813868906517, 'hidden_size': 18, 'dropout': 0.38008037272021616, 'hidden_continuous_size': 8, 'attention_head_size': 4, 'learning_rate': 0.009340166311035349}. Best is trial 4 with value: 1703.7557373046875.
LOCAL_RANK: 0 - CUDA_VISIBLE_DEVICES: [0]
[I 2023-12-15 16:28:07,118] Trial 33 finished with value: 4594.70263671875 and parameters: {'gradient_clip_val': 0.35719649784199736, 'hidden_size': 21, 'dropout': 0.3586152797146304, 'hidden_continuous_size': 7, 'attention_head_size': 4, 'learning_rate': 0.006001219632656016}. Best is trial 4 with value: 1703.7557373046875.
LOCAL_RANK: 0 - CUDA_VISIBLE_DEVICES: [0]
[I 2023-12-15 16:28:53,009] Trial 34 finished with value: 5389.05322265625 and parameters: {'gradient_clip_val': 0.8456174863627351, 'hidden_size': 15, 'dropout': 0.3678878182916094, 'hidden_continuous_size': 6, 'attention_head_size': 3, 'learning_rate': 0.014879739213139493}. Best is trial 4 with value: 1703.7557373046875.
LOCAL_RANK: 0 - CUDA_VISIBLE_DEVICES: [0]
[I 2023-12-15 16:29:43,090] Trial 35 finished with value: 6214.83544921875 and parameters: {'gradient_clip_val': 0.7887519643929475, 'hidden_size': 30, 'dropout': 0.38211330826669754, 'hidden_continuous_size': 14, 'attention_head_size': 4, 'learning_rate': 0.01960214574493037}. Best is trial 4 with value: 1703.7557373046875.
LOCAL_RANK: 0 - CUDA_VISIBLE_DEVICES: [0]
[I 2023-12-15 16:30:29,122] Trial 36 finished with value: 4334.55029296875 and parameters: {'gradient_clip_val': 0.4710831247215139, 'hidden_size': 9, 'dropout': 0.39850793839466925, 'hidden_continuous_size': 6, 'attention_head_size': 3, 'learning_rate': 0.04423490213473392}. Best is trial 4 with value: 1703.7557373046875.
LOCAL_RANK: 0 - CUDA_VISIBLE_DEVICES: [0]
[I 2023-12-15 16:31:15,108] Trial 37 finished with value: 3416.264892578125 and parameters: {'gradient_clip_val': 0.32477598702655097, 'hidden_size': 6, 'dropout': 0.3436208272485042, 'hidden_continuous_size': 5, 'attention_head_size': 4, 'learning_rate': 0.002359898701122233}. Best is trial 4 with value: 1703.7557373046875.
LOCAL_RANK: 0 - CUDA_VISIBLE_DEVICES: [0]
[I 2023-12-15 16:32:01,750] Trial 38 finished with value: 6009.111328125 and parameters: {'gradient_clip_val': 0.37962606522232234, 'hidden_size': 14, 'dropout': 0.3484918452112582, 'hidden_continuous_size': 9, 'attention_head_size': 3, 'learning_rate': 0.01138418580958997}. Best is trial 4 with value: 1703.7557373046875.
LOCAL_RANK: 0 - CUDA_VISIBLE_DEVICES: [0]
[I 2023-12-15 16:32:37,225] Trial 39 finished with value: 5503.42578125 and parameters: {'gradient_clip_val': 0.7383900759367136, 'hidden_size': 5, 'dropout': 0.31410860668521895, 'hidden_continuous_size': 5, 'attention_head_size': 4, 'learning_rate': 0.02086200850821355}. Best is trial 4 with value: 1703.7557373046875.
LOCAL_RANK: 0 - CUDA_VISIBLE_DEVICES: [0]
[I 2023-12-15 16:33:21,345] Trial 40 finished with value: 4250.37744140625 and parameters: {'gradient_clip_val': 0.6165712920352922, 'hidden_size': 12, 'dropout': 0.38177425532946485, 'hidden_continuous_size': 8, 'attention_head_size': 1, 'learning_rate': 0.02924307052825093}. Best is trial 4 with value: 1703.7557373046875.
LOCAL_RANK: 0 - CUDA_VISIBLE_DEVICES: [0]
[I 2023-12-15 16:34:10,756] Trial 41 finished with value: 5455.0791015625 and parameters: {'gradient_clip_val': 0.9496079654580913, 'hidden_size': 25, 'dropout': 0.29635498312711395, 'hidden_continuous_size': 11, 'attention_head_size': 3, 'learning_rate': 0.004525157462170232}. Best is trial 4 with value: 1703.7557373046875.
LOCAL_RANK: 0 - CUDA_VISIBLE_DEVICES: [0]
[I 2023-12-15 16:35:00,442] Trial 42 finished with value: 5123.2548828125 and parameters: {'gradient_clip_val': 0.9310330234611804, 'hidden_size': 23, 'dropout': 0.3322716124182456, 'hidden_continuous_size': 12, 'attention_head_size': 4, 'learning_rate': 0.009115642959789033}. Best is trial 4 with value: 1703.7557373046875.
LOCAL_RANK: 0 - CUDA_VISIBLE_DEVICES: [0]
[I 2023-12-15 16:35:48,805] Trial 43 finished with value: 2405.428466796875 and parameters: {'gradient_clip_val': 0.7546836666429747, 'hidden_size': 18, 'dropout': 0.3553778703619254, 'hidden_continuous_size': 11, 'attention_head_size': 3, 'learning_rate': 0.00336292005328065}. Best is trial 4 with value: 1703.7557373046875.
LOCAL_RANK: 0 - CUDA_VISIBLE_DEVICES: [0]
[I 2023-12-15 16:36:36,800] Trial 44 finished with value: 8933.5478515625 and parameters: {'gradient_clip_val': 0.7190340416472686, 'hidden_size': 20, 'dropout': 0.35545748969327406, 'hidden_continuous_size': 10, 'attention_head_size': 4, 'learning_rate': 0.006967547966483307}. Best is trial 4 with value: 1703.7557373046875.
LOCAL_RANK: 0 - CUDA_VISIBLE_DEVICES: [0]
[I 2023-12-15 16:37:21,241] Trial 45 finished with value: 5795.39990234375 and parameters: {'gradient_clip_val': 0.6894035941090878, 'hidden_size': 12, 'dropout': 0.3782317514806131, 'hidden_continuous_size': 7, 'attention_head_size': 2, 'learning_rate': 0.0025980848159690606}. Best is trial 4 with value: 1703.7557373046875.
LOCAL_RANK: 0 - CUDA_VISIBLE_DEVICES: [0]
[I 2023-12-15 16:38:08,996] Trial 46 finished with value: 4422.0703125 and parameters: {'gradient_clip_val': 0.8024062008560523, 'hidden_size': 18, 'dropout': 0.347157678757612, 'hidden_continuous_size': 10, 'attention_head_size': 3, 'learning_rate': 0.016901102134400436}. Best is trial 4 with value: 1703.7557373046875.
LOCAL_RANK: 0 - CUDA_VISIBLE_DEVICES: [0]
[I 2023-12-15 16:38:55,157] Trial 47 finished with value: 4223.4921875 and parameters: {'gradient_clip_val': 0.6237122839851751, 'hidden_size': 16, 'dropout': 0.3869370662455813, 'hidden_continuous_size': 9, 'attention_head_size': 4, 'learning_rate': 0.07271505136299024}. Best is trial 4 with value: 1703.7557373046875.
LOCAL_RANK: 0 - CUDA_VISIBLE_DEVICES: [0]
[I 2023-12-15 16:39:40,833] Trial 48 finished with value: 2219.070556640625 and parameters: {'gradient_clip_val': 0.8401783447762864, 'hidden_size': 7, 'dropout': 0.36478708384495406, 'hidden_continuous_size': 5, 'attention_head_size': 4, 'learning_rate': 0.025890984941558077}. Best is trial 4 with value: 1703.7557373046875.
LOCAL_RANK: 0 - CUDA_VISIBLE_DEVICES: [0]
[I 2023-12-15 16:40:25,708] Trial 49 finished with value: 6200.55615234375 and parameters: {'gradient_clip_val': 0.8611983245652107, 'hidden_size': 7, 'dropout': 0.3984551177861742, 'hidden_continuous_size': 5, 'attention_head_size': 2, 'learning_rate': 0.043876784595550625}. Best is trial 4 with value: 1703.7557373046875.
[I 2023-12-15 16:40:25,800] A new study created in memory with name: no-name-af633102-e1cc-465a-9663-4033ed7778e6
/home/le004/conda/anaconda3/envs/tsff_env/lib/python3.9/site-packages/lightning/fabric/plugins/environments/slurm.py:191: The `srun` command is available on your system but is not used. HINT: If your intention is to run Lightning on SLURM, prepend your python command with `srun` like so: srun python /home/le004/master_thesis/git/TSFusionForecast/code/ ...
LOCAL_RANK: 0 - CUDA_VISIBLE_DEVICES: [0]
[I 2023-12-15 16:41:11,567] Trial 0 finished with value: 6171.029296875 and parameters: {'gradient_clip_val': 0.2722002732155802, 'hidden_size': 7, 'dropout': 0.3898971583628066, 'hidden_continuous_size': 5, 'attention_head_size': 4, 'learning_rate': 0.0026458558085028757}. Best is trial 0 with value: 6171.029296875.
LOCAL_RANK: 0 - CUDA_VISIBLE_DEVICES: [0]
[I 2023-12-15 16:42:02,451] Trial 1 finished with value: 3807.055908203125 and parameters: {'gradient_clip_val': 0.10241195848101745, 'hidden_size': 68, 'dropout': 0.23909267988958768, 'hidden_continuous_size': 5, 'attention_head_size': 2, 'learning_rate': 0.0005057505707897976}. Best is trial 1 with value: 3807.055908203125.
LOCAL_RANK: 0 - CUDA_VISIBLE_DEVICES: [0]
[I 2023-12-15 16:42:56,884] Trial 2 finished with value: 4081.008056640625 and parameters: {'gradient_clip_val': 0.10324426772244753, 'hidden_size': 74, 'dropout': 0.11489515253776988, 'hidden_continuous_size': 25, 'attention_head_size': 3, 'learning_rate': 0.004443708949325478}. Best is trial 1 with value: 3807.055908203125.
LOCAL_RANK: 0 - CUDA_VISIBLE_DEVICES: [0]
[I 2023-12-15 16:43:42,221] Trial 3 finished with value: 3569.81640625 and parameters: {'gradient_clip_val': 0.20276990404060688, 'hidden_size': 16, 'dropout': 0.12605794518101765, 'hidden_continuous_size': 7, 'attention_head_size': 4, 'learning_rate': 0.03259548575243335}. Best is trial 3 with value: 3569.81640625.
LOCAL_RANK: 0 - CUDA_VISIBLE_DEVICES: [0]
[I 2023-12-15 16:44:39,912] Trial 4 finished with value: 610.878662109375 and parameters: {'gradient_clip_val': 0.23649024958870726, 'hidden_size': 85, 'dropout': 0.2567285924972085, 'hidden_continuous_size': 79, 'attention_head_size': 3, 'learning_rate': 0.0031483645556627865}. Best is trial 4 with value: 610.878662109375.
LOCAL_RANK: 0 - CUDA_VISIBLE_DEVICES: [0]
[I 2023-12-15 16:45:32,853] Trial 5 finished with value: 4905.7236328125 and parameters: {'gradient_clip_val': 0.5337329242473574, 'hidden_size': 49, 'dropout': 0.1944316481930009, 'hidden_continuous_size': 12, 'attention_head_size': 2, 'learning_rate': 0.0019878121335404975}. Best is trial 4 with value: 610.878662109375.
LOCAL_RANK: 0 - CUDA_VISIBLE_DEVICES: [0]
[I 2023-12-15 16:46:18,681] Trial 6 finished with value: 4352.06787109375 and parameters: {'gradient_clip_val': 0.5617846173349498, 'hidden_size': 20, 'dropout': 0.35295905804494654, 'hidden_continuous_size': 5, 'attention_head_size': 1, 'learning_rate': 0.0011372543807887543}. Best is trial 4 with value: 610.878662109375.
LOCAL_RANK: 0 - CUDA_VISIBLE_DEVICES: [0]
[I 2023-12-15 16:47:08,736] Trial 7 finished with value: 4561.10302734375 and parameters: {'gradient_clip_val': 0.19542892416715438, 'hidden_size': 30, 'dropout': 0.31554286859496317, 'hidden_continuous_size': 13, 'attention_head_size': 4, 'learning_rate': 0.008157853785932171}. Best is trial 4 with value: 610.878662109375.
LOCAL_RANK: 0 - CUDA_VISIBLE_DEVICES: [0]
[I 2023-12-15 16:47:58,032] Trial 8 finished with value: 2017.4111328125 and parameters: {'gradient_clip_val': 0.46126031745006046, 'hidden_size': 39, 'dropout': 0.2577334153158979, 'hidden_continuous_size': 5, 'attention_head_size': 2, 'learning_rate': 0.005502112866437066}. Best is trial 4 with value: 610.878662109375.
LOCAL_RANK: 0 - CUDA_VISIBLE_DEVICES: [0]
[I 2023-12-15 16:48:45,927] Trial 9 finished with value: 2662.177978515625 and parameters: {'gradient_clip_val': 0.9446326806891848, 'hidden_size': 18, 'dropout': 0.32787856895836154, 'hidden_continuous_size': 8, 'attention_head_size': 4, 'learning_rate': 0.006512426188825986}. Best is trial 4 with value: 610.878662109375.
LOCAL_RANK: 0 - CUDA_VISIBLE_DEVICES: [0]
[I 2023-12-15 16:49:44,117] Trial 10 finished with value: 1015.6834106445312 and parameters: {'gradient_clip_val': 0.3008945907355215, 'hidden_size': 95, 'dropout': 0.27084166954541444, 'hidden_continuous_size': 82, 'attention_head_size': 3, 'learning_rate': 0.02022192277377808}. Best is trial 4 with value: 610.878662109375.
LOCAL_RANK: 0 - CUDA_VISIBLE_DEVICES: [0]
