[I 2023-12-15 13:06:18,734] Trial 20 finished with value: 0.13079683482646942 and parameters: {'gradient_clip_val': 0.987728947751315, 'hidden_size': 44, 'dropout': 0.19981590833550522, 'hidden_continuous_size': 17, 'attention_head_size': 1, 'learning_rate': 0.09231577825766582}. Best is trial 15 with value: 0.09834042936563492.
LOCAL_RANK: 0 - CUDA_VISIBLE_DEVICES: [0]
[I 2023-12-15 13:07:09,557] Trial 21 finished with value: 0.07941854745149612 and parameters: {'gradient_clip_val': 0.9965956216839521, 'hidden_size': 48, 'dropout': 0.21370175721983287, 'hidden_continuous_size': 17, 'attention_head_size': 1, 'learning_rate': 0.09360126408534374}. Best is trial 21 with value: 0.07941854745149612.
LOCAL_RANK: 0 - CUDA_VISIBLE_DEVICES: [0]
[I 2023-12-15 13:08:02,042] Trial 22 finished with value: 1.202680230140686 and parameters: {'gradient_clip_val': 0.7240157437054052, 'hidden_size': 55, 'dropout': 0.1405125719103027, 'hidden_continuous_size': 22, 'attention_head_size': 1, 'learning_rate': 0.047029478392436944}. Best is trial 21 with value: 0.07941854745149612.
LOCAL_RANK: 0 - CUDA_VISIBLE_DEVICES: [0]
[I 2023-12-15 13:08:53,967] Trial 23 finished with value: 1.5375112295150757 and parameters: {'gradient_clip_val': 0.9979175008907645, 'hidden_size': 38, 'dropout': 0.17066478390364334, 'hidden_continuous_size': 15, 'attention_head_size': 2, 'learning_rate': 0.06436361131142823}. Best is trial 21 with value: 0.07941854745149612.
LOCAL_RANK: 0 - CUDA_VISIBLE_DEVICES: [0]
[I 2023-12-15 13:09:46,865] Trial 24 finished with value: 0.08966872841119766 and parameters: {'gradient_clip_val': 0.7466348335708655, 'hidden_size': 59, 'dropout': 0.2104574546324967, 'hidden_continuous_size': 23, 'attention_head_size': 1, 'learning_rate': 0.09180876937489899}. Best is trial 21 with value: 0.07941854745149612.
LOCAL_RANK: 0 - CUDA_VISIBLE_DEVICES: [0]
[I 2023-12-15 13:10:39,852] Trial 25 finished with value: 0.13141359388828278 and parameters: {'gradient_clip_val': 0.770823423465067, 'hidden_size': 61, 'dropout': 0.21609795675121368, 'hidden_continuous_size': 29, 'attention_head_size': 1, 'learning_rate': 0.05916795590853069}. Best is trial 21 with value: 0.07941854745149612.
LOCAL_RANK: 0 - CUDA_VISIBLE_DEVICES: [0]
[I 2023-12-15 13:11:29,940] Trial 26 finished with value: 0.4465515613555908 and parameters: {'gradient_clip_val': 0.6700960504476771, 'hidden_size': 33, 'dropout': 0.21020765154228432, 'hidden_continuous_size': 15, 'attention_head_size': 2, 'learning_rate': 0.028946469942934032}. Best is trial 21 with value: 0.07941854745149612.
LOCAL_RANK: 0 - CUDA_VISIBLE_DEVICES: [0]
[I 2023-12-15 13:12:22,870] Trial 27 finished with value: 2.480128049850464 and parameters: {'gradient_clip_val': 0.42621508730148555, 'hidden_size': 62, 'dropout': 0.23582730252703712, 'hidden_continuous_size': 23, 'attention_head_size': 1, 'learning_rate': 0.09727027801411858}. Best is trial 21 with value: 0.07941854745149612.
LOCAL_RANK: 0 - CUDA_VISIBLE_DEVICES: [0]
[I 2023-12-15 13:13:20,429] Trial 28 finished with value: 0.2572609782218933 and parameters: {'gradient_clip_val': 0.8264810486104638, 'hidden_size': 99, 'dropout': 0.19633892044919196, 'hidden_continuous_size': 68, 'attention_head_size': 2, 'learning_rate': 0.058262341470837295}. Best is trial 21 with value: 0.07941854745149612.
LOCAL_RANK: 0 - CUDA_VISIBLE_DEVICES: [0]
[I 2023-12-15 13:14:12,554] Trial 29 finished with value: 1.0800894498825073 and parameters: {'gradient_clip_val': 0.6430327344069431, 'hidden_size': 39, 'dropout': 0.1708645273476624, 'hidden_continuous_size': 20, 'attention_head_size': 1, 'learning_rate': 0.04786770497483409}. Best is trial 21 with value: 0.07941854745149612.
LOCAL_RANK: 0 - CUDA_VISIBLE_DEVICES: [0]
[I 2023-12-15 13:15:00,883] Trial 30 finished with value: 0.10221642255783081 and parameters: {'gradient_clip_val': 0.8223520905169431, 'hidden_size': 22, 'dropout': 0.2258725594738929, 'hidden_continuous_size': 12, 'attention_head_size': 1, 'learning_rate': 0.06969172314604025}. Best is trial 21 with value: 0.07941854745149612.
LOCAL_RANK: 0 - CUDA_VISIBLE_DEVICES: [0]
[I 2023-12-15 13:15:49,544] Trial 31 finished with value: 0.3344368040561676 and parameters: {'gradient_clip_val': 0.8298852457284805, 'hidden_size': 25, 'dropout': 0.2268313203672297, 'hidden_continuous_size': 13, 'attention_head_size': 1, 'learning_rate': 0.0733928976747526}. Best is trial 21 with value: 0.07941854745149612.
LOCAL_RANK: 0 - CUDA_VISIBLE_DEVICES: [0]
[I 2023-12-15 13:16:41,582] Trial 32 finished with value: 0.9560732841491699 and parameters: {'gradient_clip_val': 0.8377497287691144, 'hidden_size': 47, 'dropout': 0.2584998283205916, 'hidden_continuous_size': 12, 'attention_head_size': 1, 'learning_rate': 0.061893943510613725}. Best is trial 21 with value: 0.07941854745149612.
LOCAL_RANK: 0 - CUDA_VISIBLE_DEVICES: [0]
[I 2023-12-15 13:17:30,517] Trial 33 finished with value: 1.6948108673095703 and parameters: {'gradient_clip_val': 0.6497851796016753, 'hidden_size': 21, 'dropout': 0.25323079164488405, 'hidden_continuous_size': 11, 'attention_head_size': 2, 'learning_rate': 0.037149581273711346}. Best is trial 21 with value: 0.07941854745149612.
LOCAL_RANK: 0 - CUDA_VISIBLE_DEVICES: [0]
[I 2023-12-15 13:18:20,205] Trial 34 finished with value: 0.5495334267616272 and parameters: {'gradient_clip_val': 0.8732761908537918, 'hidden_size': 33, 'dropout': 0.2083792195774206, 'hidden_continuous_size': 15, 'attention_head_size': 1, 'learning_rate': 0.02279465470350248}. Best is trial 21 with value: 0.07941854745149612.
LOCAL_RANK: 0 - CUDA_VISIBLE_DEVICES: [0]
[I 2023-12-15 13:19:12,048] Trial 35 finished with value: 0.10799465328454971 and parameters: {'gradient_clip_val': 0.7335382107726214, 'hidden_size': 53, 'dropout': 0.18688001566928833, 'hidden_continuous_size': 9, 'attention_head_size': 1, 'learning_rate': 0.050266021691790494}. Best is trial 21 with value: 0.07941854745149612.
LOCAL_RANK: 0 - CUDA_VISIBLE_DEVICES: [0]
[I 2023-12-15 13:19:56,669] Trial 36 finished with value: 0.12982146441936493 and parameters: {'gradient_clip_val': 0.5854592696313903, 'hidden_size': 16, 'dropout': 0.22743253352558576, 'hidden_continuous_size': 8, 'attention_head_size': 1, 'learning_rate': 0.07213540361119976}. Best is trial 21 with value: 0.07941854745149612.
LOCAL_RANK: 0 - CUDA_VISIBLE_DEVICES: [0]
[I 2023-12-15 13:20:50,556] Trial 37 finished with value: 0.09111526608467102 and parameters: {'gradient_clip_val': 0.8720097727207635, 'hidden_size': 67, 'dropout': 0.2622237532508595, 'hidden_continuous_size': 25, 'attention_head_size': 2, 'learning_rate': 0.07275856812866739}. Best is trial 21 with value: 0.07941854745149612.
LOCAL_RANK: 0 - CUDA_VISIBLE_DEVICES: [0]
[I 2023-12-15 13:21:44,184] Trial 38 finished with value: 1.3695513010025024 and parameters: {'gradient_clip_val': 0.6433571779838223, 'hidden_size': 72, 'dropout': 0.27152852398772764, 'hidden_continuous_size': 25, 'attention_head_size': 2, 'learning_rate': 0.041962931641524766}. Best is trial 21 with value: 0.07941854745149612.
LOCAL_RANK: 0 - CUDA_VISIBLE_DEVICES: [0]
[I 2023-12-15 13:22:36,994] Trial 39 finished with value: 0.6825570464134216 and parameters: {'gradient_clip_val': 0.8890149114507269, 'hidden_size': 60, 'dropout': 0.28618438189982204, 'hidden_continuous_size': 19, 'attention_head_size': 3, 'learning_rate': 0.02254950427644143}. Best is trial 21 with value: 0.07941854745149612.
LOCAL_RANK: 0 - CUDA_VISIBLE_DEVICES: [0]
[I 2023-12-15 13:23:30,740] Trial 40 finished with value: 1.198569893836975 and parameters: {'gradient_clip_val': 0.8932014714671223, 'hidden_size': 84, 'dropout': 0.308320585989968, 'hidden_continuous_size': 25, 'attention_head_size': 3, 'learning_rate': 0.0997758192031}. Best is trial 21 with value: 0.07941854745149612.
LOCAL_RANK: 0 - CUDA_VISIBLE_DEVICES: [0]
[I 2023-12-15 13:24:23,600] Trial 41 finished with value: 0.09645706415176392 and parameters: {'gradient_clip_val': 0.7741427586910128, 'hidden_size': 63, 'dropout': 0.2402492611744014, 'hidden_continuous_size': 16, 'attention_head_size': 1, 'learning_rate': 0.0746179507450969}. Best is trial 21 with value: 0.07941854745149612.
LOCAL_RANK: 0 - CUDA_VISIBLE_DEVICES: [0]
[I 2023-12-15 13:25:17,142] Trial 42 finished with value: 0.46457818150520325 and parameters: {'gradient_clip_val': 0.7496158512734495, 'hidden_size': 69, 'dropout': 0.24046752833340612, 'hidden_continuous_size': 21, 'attention_head_size': 1, 'learning_rate': 0.079760505276764}. Best is trial 21 with value: 0.07941854745149612.
LOCAL_RANK: 0 - CUDA_VISIBLE_DEVICES: [0]
[I 2023-12-15 13:26:10,529] Trial 43 finished with value: 0.4977591037750244 and parameters: {'gradient_clip_val': 0.8804616699998141, 'hidden_size': 59, 'dropout': 0.25002701566520313, 'hidden_continuous_size': 18, 'attention_head_size': 2, 'learning_rate': 0.05620328651409601}. Best is trial 21 with value: 0.07941854745149612.
LOCAL_RANK: 0 - CUDA_VISIBLE_DEVICES: [0]
[I 2023-12-15 13:27:04,978] Trial 44 finished with value: 0.09136494994163513 and parameters: {'gradient_clip_val': 0.6817386718349622, 'hidden_size': 87, 'dropout': 0.20154079985941373, 'hidden_continuous_size': 32, 'attention_head_size': 1, 'learning_rate': 0.05027739155709203}. Best is trial 21 with value: 0.07941854745149612.
LOCAL_RANK: 0 - CUDA_VISIBLE_DEVICES: [0]
[I 2023-12-15 13:28:00,184] Trial 45 finished with value: 0.6066212058067322 and parameters: {'gradient_clip_val': 0.4702279526132479, 'hidden_size': 88, 'dropout': 0.20974537613943725, 'hidden_continuous_size': 37, 'attention_head_size': 2, 'learning_rate': 0.07680685922509124}. Best is trial 21 with value: 0.07941854745149612.
LOCAL_RANK: 0 - CUDA_VISIBLE_DEVICES: [0]
[I 2023-12-15 13:28:53,900] Trial 46 finished with value: 0.08457132428884506 and parameters: {'gradient_clip_val': 0.5888315531440247, 'hidden_size': 82, 'dropout': 0.23696234783969844, 'hidden_continuous_size': 25, 'attention_head_size': 1, 'learning_rate': 0.0516263903461741}. Best is trial 21 with value: 0.07941854745149612.
LOCAL_RANK: 0 - CUDA_VISIBLE_DEVICES: [0]
[I 2023-12-15 13:29:49,285] Trial 47 finished with value: 0.12940002977848053 and parameters: {'gradient_clip_val': 0.5908227124620511, 'hidden_size': 78, 'dropout': 0.19526283602054081, 'hidden_continuous_size': 33, 'attention_head_size': 4, 'learning_rate': 0.04888951542212031}. Best is trial 21 with value: 0.07941854745149612.
LOCAL_RANK: 0 - CUDA_VISIBLE_DEVICES: [0]
[I 2023-12-15 13:30:44,062] Trial 48 finished with value: 0.13098026812076569 and parameters: {'gradient_clip_val': 0.5363211029918785, 'hidden_size': 85, 'dropout': 0.26246059672617295, 'hidden_continuous_size': 26, 'attention_head_size': 2, 'learning_rate': 0.04196173576134303}. Best is trial 21 with value: 0.07941854745149612.
LOCAL_RANK: 0 - CUDA_VISIBLE_DEVICES: [0]
[I 2023-12-15 13:31:38,145] Trial 49 finished with value: 0.10370799154043198 and parameters: {'gradient_clip_val': 0.6795782253288447, 'hidden_size': 69, 'dropout': 0.22333230011961566, 'hidden_continuous_size': 23, 'attention_head_size': 3, 'learning_rate': 0.05754696036381955}. Best is trial 21 with value: 0.07941854745149612.
[I 2023-12-15 13:31:38,239] A new study created in memory with name: no-name-639c058c-e488-47ca-8562-84eb27680aa0
/home/le004/conda/anaconda3/envs/tsff_env/lib/python3.9/site-packages/lightning/fabric/plugins/environments/slurm.py:191: The `srun` command is available on your system but is not used. HINT: If your intention is to run Lightning on SLURM, prepend your python command with `srun` like so: srun python /home/le004/master_thesis/git/TSFusionForecast/code/ ...
LOCAL_RANK: 0 - CUDA_VISIBLE_DEVICES: [0]
[I 2023-12-15 13:32:32,484] Trial 0 finished with value: 0.1958310604095459 and parameters: {'gradient_clip_val': 0.1024867072930107, 'hidden_size': 77, 'dropout': 0.32207182580083427, 'hidden_continuous_size': 33, 'attention_head_size': 1, 'learning_rate': 0.07700344827154036}. Best is trial 0 with value: 0.1958310604095459.
LOCAL_RANK: 0 - CUDA_VISIBLE_DEVICES: [0]
[I 2023-12-15 13:33:17,697] Trial 1 finished with value: 0.05590371415019035 and parameters: {'gradient_clip_val': 0.8064693812364395, 'hidden_size': 11, 'dropout': 0.371565600605712, 'hidden_continuous_size': 7, 'attention_head_size': 1, 'learning_rate': 0.01339128170459038}. Best is trial 1 with value: 0.05590371415019035.
LOCAL_RANK: 0 - CUDA_VISIBLE_DEVICES: [0]
[I 2023-12-15 13:34:02,533] Trial 2 finished with value: 1.8029589653015137 and parameters: {'gradient_clip_val': 0.14912130322713588, 'hidden_size': 7, 'dropout': 0.19895569907969754, 'hidden_continuous_size': 5, 'attention_head_size': 1, 'learning_rate': 0.0008887704773901812}. Best is trial 1 with value: 0.05590371415019035.
LOCAL_RANK: 0 - CUDA_VISIBLE_DEVICES: [0]
[I 2023-12-15 13:34:51,986] Trial 3 finished with value: 0.11135059595108032 and parameters: {'gradient_clip_val': 0.6457258124035016, 'hidden_size': 31, 'dropout': 0.28021818517533753, 'hidden_continuous_size': 15, 'attention_head_size': 2, 'learning_rate': 0.017189831648757634}. Best is trial 1 with value: 0.05590371415019035.
LOCAL_RANK: 0 - CUDA_VISIBLE_DEVICES: [0]
[I 2023-12-15 13:35:36,970] Trial 4 finished with value: 1.0611757040023804 and parameters: {'gradient_clip_val': 0.16247484131745019, 'hidden_size': 7, 'dropout': 0.29413018581030137, 'hidden_continuous_size': 5, 'attention_head_size': 2, 'learning_rate': 0.029293855418944973}. Best is trial 1 with value: 0.05590371415019035.
LOCAL_RANK: 0 - CUDA_VISIBLE_DEVICES: [0]
[I 2023-12-15 13:36:21,812] Trial 5 finished with value: 1.1121033430099487 and parameters: {'gradient_clip_val': 0.1696751598795293, 'hidden_size': 16, 'dropout': 0.2840797501091439, 'hidden_continuous_size': 6, 'attention_head_size': 3, 'learning_rate': 0.036830072083956084}. Best is trial 1 with value: 0.05590371415019035.
LOCAL_RANK: 0 - CUDA_VISIBLE_DEVICES: [0]
[I 2023-12-15 13:36:56,038] Trial 6 finished with value: 0.07756301015615463 and parameters: {'gradient_clip_val': 0.3276913364991663, 'hidden_size': 5, 'dropout': 0.10512067343382059, 'hidden_continuous_size': 5, 'attention_head_size': 3, 'learning_rate': 0.011130937564950942}. Best is trial 1 with value: 0.05590371415019035.
LOCAL_RANK: 0 - CUDA_VISIBLE_DEVICES: [0]
[I 2023-12-15 13:37:49,197] Trial 7 finished with value: 0.1030392274260521 and parameters: {'gradient_clip_val': 0.12302055029494043, 'hidden_size': 65, 'dropout': 0.36257579571753107, 'hidden_continuous_size': 8, 'attention_head_size': 3, 'learning_rate': 0.07326365097912031}. Best is trial 1 with value: 0.05590371415019035.
LOCAL_RANK: 0 - CUDA_VISIBLE_DEVICES: [0]
[I 2023-12-15 13:38:42,512] Trial 8 finished with value: 0.09049240499734879 and parameters: {'gradient_clip_val': 0.8967929462973478, 'hidden_size': 74, 'dropout': 0.22351270824532202, 'hidden_continuous_size': 14, 'attention_head_size': 1, 'learning_rate': 0.049040462371238006}. Best is trial 1 with value: 0.05590371415019035.
LOCAL_RANK: 0 - CUDA_VISIBLE_DEVICES: [0]
[I 2023-12-15 13:39:26,217] Trial 9 finished with value: 0.5050395131111145 and parameters: {'gradient_clip_val': 0.45073266179641064, 'hidden_size': 8, 'dropout': 0.1930767409266388, 'hidden_continuous_size': 6, 'attention_head_size': 2, 'learning_rate': 0.006882889126316214}. Best is trial 1 with value: 0.05590371415019035.
LOCAL_RANK: 0 - CUDA_VISIBLE_DEVICES: [0]
[I 2023-12-15 13:40:12,556] Trial 10 finished with value: 0.3735715448856354 and parameters: {'gradient_clip_val': 0.9330264606260049, 'hidden_size': 15, 'dropout': 0.38700441243904465, 'hidden_continuous_size': 7, 'attention_head_size': 4, 'learning_rate': 0.005041901947310394}. Best is trial 1 with value: 0.05590371415019035.
LOCAL_RANK: 0 - CUDA_VISIBLE_DEVICES: [0]
[I 2023-12-15 13:40:46,964] Trial 11 finished with value: 0.23962236940860748 and parameters: {'gradient_clip_val': 0.2987491149160919, 'hidden_size': 5, 'dropout': 0.10752215912273695, 'hidden_continuous_size': 5, 'attention_head_size': 4, 'learning_rate': 0.014300477004512861}. Best is trial 1 with value: 0.05590371415019035.
LOCAL_RANK: 0 - CUDA_VISIBLE_DEVICES: [0]
[I 2023-12-15 13:41:21,074] Trial 12 finished with value: 1.1956032514572144 and parameters: {'gradient_clip_val': 0.30763547817464637, 'hidden_size': 5, 'dropout': 0.11174901167144026, 'hidden_continuous_size': 5, 'attention_head_size': 3, 'learning_rate': 0.004042898654189462}. Best is trial 1 with value: 0.05590371415019035.
LOCAL_RANK: 0 - CUDA_VISIBLE_DEVICES: [0]
[I 2023-12-15 13:42:06,849] Trial 13 finished with value: 0.49813470244407654 and parameters: {'gradient_clip_val': 0.4680266419219785, 'hidden_size': 11, 'dropout': 0.39951832731025855, 'hidden_continuous_size': 6, 'attention_head_size': 3, 'learning_rate': 0.01359727127741008}. Best is trial 1 with value: 0.05590371415019035.
LOCAL_RANK: 0 - CUDA_VISIBLE_DEVICES: [0]
[I 2023-12-15 13:42:51,809] Trial 14 finished with value: 2.431635856628418 and parameters: {'gradient_clip_val': 0.2362399628254045, 'hidden_size': 10, 'dropout': 0.15421770431238535, 'hidden_continuous_size': 6, 'attention_head_size': 2, 'learning_rate': 0.002647093222025516}. Best is trial 1 with value: 0.05590371415019035.
LOCAL_RANK: 0 - CUDA_VISIBLE_DEVICES: [0]
[I 2023-12-15 13:43:26,161] Trial 15 finished with value: 0.08030673861503601 and parameters: {'gradient_clip_val': 0.488720813657697, 'hidden_size': 5, 'dropout': 0.25425738982221746, 'hidden_continuous_size': 5, 'attention_head_size': 4, 'learning_rate': 0.01065520518573425}. Best is trial 1 with value: 0.05590371415019035.
LOCAL_RANK: 0 - CUDA_VISIBLE_DEVICES: [0]
[I 2023-12-15 13:44:12,927] Trial 16 finished with value: 0.3191283345222473 and parameters: {'gradient_clip_val': 0.66371701876057, 'hidden_size': 24, 'dropout': 0.16696426325681865, 'hidden_continuous_size': 8, 'attention_head_size': 1, 'learning_rate': 0.020374585170225865}. Best is trial 1 with value: 0.05590371415019035.
LOCAL_RANK: 0 - CUDA_VISIBLE_DEVICES: [0]
[I 2023-12-15 13:44:57,918] Trial 17 finished with value: 0.2166043370962143 and parameters: {'gradient_clip_val': 0.24738179610782468, 'hidden_size': 11, 'dropout': 0.33956949054347724, 'hidden_continuous_size': 7, 'attention_head_size': 2, 'learning_rate': 0.008338956328674207}. Best is trial 1 with value: 0.05590371415019035.
LOCAL_RANK: 0 - CUDA_VISIBLE_DEVICES: [0]
[I 2023-12-15 13:45:43,257] Trial 18 finished with value: 0.39551809430122375 and parameters: {'gradient_clip_val': 0.982743943446102, 'hidden_size': 7, 'dropout': 0.3277445371630996, 'hidden_continuous_size': 5, 'attention_head_size': 3, 'learning_rate': 0.027342254505803038}. Best is trial 1 with value: 0.05590371415019035.
LOCAL_RANK: 0 - CUDA_VISIBLE_DEVICES: [0]
[I 2023-12-15 13:46:29,461] Trial 19 finished with value: 0.5501013398170471 and parameters: {'gradient_clip_val': 0.3826926127407541, 'hidden_size': 15, 'dropout': 0.24620056568659252, 'hidden_continuous_size': 7, 'attention_head_size': 4, 'learning_rate': 0.002965139995603321}. Best is trial 1 with value: 0.05590371415019035.
LOCAL_RANK: 0 - CUDA_VISIBLE_DEVICES: [0]
[I 2023-12-15 13:47:02,680] Trial 20 finished with value: 0.5777735710144043 and parameters: {'gradient_clip_val': 0.6416418181608043, 'hidden_size': 5, 'dropout': 0.3654551422338142, 'hidden_continuous_size': 5, 'attention_head_size': 1, 'learning_rate': 0.008741632208259922}. Best is trial 1 with value: 0.05590371415019035.
LOCAL_RANK: 0 - CUDA_VISIBLE_DEVICES: [0]
[I 2023-12-15 13:47:37,140] Trial 21 finished with value: 0.2444842904806137 and parameters: {'gradient_clip_val': 0.4621168414869008, 'hidden_size': 5, 'dropout': 0.24340423751252774, 'hidden_continuous_size': 5, 'attention_head_size': 4, 'learning_rate': 0.011249469433495078}. Best is trial 1 with value: 0.05590371415019035.
LOCAL_RANK: 0 - CUDA_VISIBLE_DEVICES: [0]
[I 2023-12-15 13:48:22,835] Trial 22 finished with value: 0.7848877310752869 and parameters: {'gradient_clip_val': 0.5290854597681472, 'hidden_size': 6, 'dropout': 0.26637728442634256, 'hidden_continuous_size': 5, 'attention_head_size': 4, 'learning_rate': 0.011379321241527754}. Best is trial 1 with value: 0.05590371415019035.
LOCAL_RANK: 0 - CUDA_VISIBLE_DEVICES: [0]
[I 2023-12-15 13:49:08,042] Trial 23 finished with value: 0.3896775543689728 and parameters: {'gradient_clip_val': 0.3488446907331505, 'hidden_size': 9, 'dropout': 0.22057972921466706, 'hidden_continuous_size': 6, 'attention_head_size': 3, 'learning_rate': 0.020680955403857715}. Best is trial 1 with value: 0.05590371415019035.
LOCAL_RANK: 0 - CUDA_VISIBLE_DEVICES: [0]
[I 2023-12-15 13:49:53,728] Trial 24 finished with value: 0.6034911274909973 and parameters: {'gradient_clip_val': 0.7994546752753101, 'hidden_size': 6, 'dropout': 0.3037985000647777, 'hidden_continuous_size': 5, 'attention_head_size': 4, 'learning_rate': 0.0058108323543939406}. Best is trial 1 with value: 0.05590371415019035.
LOCAL_RANK: 0 - CUDA_VISIBLE_DEVICES: [0]
[I 2023-12-15 13:50:38,905] Trial 25 finished with value: 0.37337222695350647 and parameters: {'gradient_clip_val': 0.5514633066812231, 'hidden_size': 9, 'dropout': 0.269339320740223, 'hidden_continuous_size': 5, 'attention_head_size': 3, 'learning_rate': 0.009437078137770357}. Best is trial 1 with value: 0.05590371415019035.
LOCAL_RANK: 0 - CUDA_VISIBLE_DEVICES: [0]
[I 2023-12-15 13:51:23,667] Trial 26 finished with value: 0.7502191066741943 and parameters: {'gradient_clip_val': 0.7179493475062624, 'hidden_size': 6, 'dropout': 0.31591141311669924, 'hidden_continuous_size': 5, 'attention_head_size': 2, 'learning_rate': 0.020483285826931534}. Best is trial 1 with value: 0.05590371415019035.
LOCAL_RANK: 0 - CUDA_VISIBLE_DEVICES: [0]
