[I 2023-12-16 10:57:12,376] Trial 15 finished with value: 0.39501020312309265 and parameters: {'gradient_clip_val': 0.2587920914379278, 'hidden_size': 27, 'dropout': 0.2697755742969443, 'hidden_continuous_size': 10, 'attention_head_size': 1, 'learning_rate': 0.025732606876302112}. Best is trial 12 with value: 0.027013637125492096.
LOCAL_RANK: 0 - CUDA_VISIBLE_DEVICES: [0]
[I 2023-12-16 10:57:56,449] Trial 16 finished with value: 1.8324642181396484 and parameters: {'gradient_clip_val': 0.14739572779572402, 'hidden_size': 12, 'dropout': 0.3324633438313792, 'hidden_continuous_size': 6, 'attention_head_size': 2, 'learning_rate': 0.09054971106808092}. Best is trial 12 with value: 0.027013637125492096.
LOCAL_RANK: 0 - CUDA_VISIBLE_DEVICES: [0]
[I 2023-12-16 10:58:45,436] Trial 17 finished with value: 0.08309631794691086 and parameters: {'gradient_clip_val': 0.17086049039674303, 'hidden_size': 30, 'dropout': 0.2899108232543252, 'hidden_continuous_size': 10, 'attention_head_size': 1, 'learning_rate': 0.01718617740970433}. Best is trial 12 with value: 0.027013637125492096.
LOCAL_RANK: 0 - CUDA_VISIBLE_DEVICES: [0]
[I 2023-12-16 10:59:31,058] Trial 18 finished with value: 0.1117323637008667 and parameters: {'gradient_clip_val': 0.10024337800543773, 'hidden_size': 20, 'dropout': 0.3338214781217902, 'hidden_continuous_size': 6, 'attention_head_size': 1, 'learning_rate': 0.004993552618411642}. Best is trial 12 with value: 0.027013637125492096.
LOCAL_RANK: 0 - CUDA_VISIBLE_DEVICES: [0]
[I 2023-12-16 11:00:14,810] Trial 19 finished with value: 0.675290584564209 and parameters: {'gradient_clip_val': 0.1882963074269414, 'hidden_size': 12, 'dropout': 0.24479715958790735, 'hidden_continuous_size': 5, 'attention_head_size': 2, 'learning_rate': 0.025821466075939825}. Best is trial 12 with value: 0.027013637125492096.
LOCAL_RANK: 0 - CUDA_VISIBLE_DEVICES: [0]
[I 2023-12-16 11:01:06,063] Trial 20 finished with value: 0.04145305976271629 and parameters: {'gradient_clip_val': 0.2731198071195843, 'hidden_size': 34, 'dropout': 0.2929185016472348, 'hidden_continuous_size': 18, 'attention_head_size': 1, 'learning_rate': 0.05715656126346366}. Best is trial 12 with value: 0.027013637125492096.
LOCAL_RANK: 0 - CUDA_VISIBLE_DEVICES: [0]
[I 2023-12-16 11:01:57,364] Trial 21 finished with value: 0.0549456961452961 and parameters: {'gradient_clip_val': 0.27276823982683157, 'hidden_size': 40, 'dropout': 0.2944667763333009, 'hidden_continuous_size': 19, 'attention_head_size': 1, 'learning_rate': 0.061709607867197924}. Best is trial 12 with value: 0.027013637125492096.
LOCAL_RANK: 0 - CUDA_VISIBLE_DEVICES: [0]
[I 2023-12-16 11:02:48,813] Trial 22 finished with value: 0.035196453332901 and parameters: {'gradient_clip_val': 0.258534149343377, 'hidden_size': 35, 'dropout': 0.30266418168131975, 'hidden_continuous_size': 18, 'attention_head_size': 1, 'learning_rate': 0.0622308213201382}. Best is trial 12 with value: 0.027013637125492096.
LOCAL_RANK: 0 - CUDA_VISIBLE_DEVICES: [0]
[I 2023-12-16 11:03:38,181] Trial 23 finished with value: 0.03234558179974556 and parameters: {'gradient_clip_val': 0.29197763709844016, 'hidden_size': 32, 'dropout': 0.32265534922352046, 'hidden_continuous_size': 17, 'attention_head_size': 2, 'learning_rate': 0.06346676161437467}. Best is trial 12 with value: 0.027013637125492096.
LOCAL_RANK: 0 - CUDA_VISIBLE_DEVICES: [0]
[I 2023-12-16 11:04:26,126] Trial 24 finished with value: 1.0062048435211182 and parameters: {'gradient_clip_val': 0.2143867925997567, 'hidden_size': 28, 'dropout': 0.3988214758725308, 'hidden_continuous_size': 13, 'attention_head_size': 2, 'learning_rate': 0.09847447510391714}. Best is trial 12 with value: 0.027013637125492096.
LOCAL_RANK: 0 - CUDA_VISIBLE_DEVICES: [0]
[I 2023-12-16 11:05:18,735] Trial 25 finished with value: 0.06422623246908188 and parameters: {'gradient_clip_val': 0.3104800388336047, 'hidden_size': 46, 'dropout': 0.3431811360278709, 'hidden_continuous_size': 24, 'attention_head_size': 2, 'learning_rate': 0.061384562336324146}. Best is trial 12 with value: 0.027013637125492096.
LOCAL_RANK: 0 - CUDA_VISIBLE_DEVICES: [0]
[I 2023-12-16 11:06:06,408] Trial 26 finished with value: 0.04040846601128578 and parameters: {'gradient_clip_val': 0.22022668444878837, 'hidden_size': 24, 'dropout': 0.31780763176681237, 'hidden_continuous_size': 12, 'attention_head_size': 2, 'learning_rate': 0.03876011190134622}. Best is trial 12 with value: 0.027013637125492096.
LOCAL_RANK: 0 - CUDA_VISIBLE_DEVICES: [0]
[I 2023-12-16 11:06:55,677] Trial 27 finished with value: 0.5974707007408142 and parameters: {'gradient_clip_val': 0.3020494753088325, 'hidden_size': 31, 'dropout': 0.35176271821543137, 'hidden_continuous_size': 15, 'attention_head_size': 1, 'learning_rate': 0.06877155466538304}. Best is trial 12 with value: 0.027013637125492096.
LOCAL_RANK: 0 - CUDA_VISIBLE_DEVICES: [0]
[I 2023-12-16 11:07:47,531] Trial 28 finished with value: 0.05559171363711357 and parameters: {'gradient_clip_val': 0.13439180098981074, 'hidden_size': 38, 'dropout': 0.31161613998937215, 'hidden_continuous_size': 21, 'attention_head_size': 1, 'learning_rate': 0.04576789997524229}. Best is trial 12 with value: 0.027013637125492096.
LOCAL_RANK: 0 - CUDA_VISIBLE_DEVICES: [0]
[I 2023-12-16 11:08:41,011] Trial 29 finished with value: 0.06487884372472763 and parameters: {'gradient_clip_val': 0.15647551660232606, 'hidden_size': 61, 'dropout': 0.3322377722306852, 'hidden_continuous_size': 24, 'attention_head_size': 2, 'learning_rate': 0.013993972934378002}. Best is trial 12 with value: 0.027013637125492096.
LOCAL_RANK: 0 - CUDA_VISIBLE_DEVICES: [0]
[I 2023-12-16 11:09:30,706] Trial 30 finished with value: 0.07303809374570847 and parameters: {'gradient_clip_val': 0.230906490254985, 'hidden_size': 25, 'dropout': 0.31458958180837826, 'hidden_continuous_size': 15, 'attention_head_size': 3, 'learning_rate': 0.02181345002097446}. Best is trial 12 with value: 0.027013637125492096.
LOCAL_RANK: 0 - CUDA_VISIBLE_DEVICES: [0]
[I 2023-12-16 11:10:19,772] Trial 31 finished with value: 0.0741397812962532 and parameters: {'gradient_clip_val': 0.2011810451346367, 'hidden_size': 23, 'dropout': 0.317770703622622, 'hidden_continuous_size': 12, 'attention_head_size': 2, 'learning_rate': 0.03598008062969252}. Best is trial 12 with value: 0.027013637125492096.
LOCAL_RANK: 0 - CUDA_VISIBLE_DEVICES: [0]
[I 2023-12-16 11:11:08,429] Trial 32 finished with value: 0.6663990020751953 and parameters: {'gradient_clip_val': 0.2432465591221977, 'hidden_size': 19, 'dropout': 0.36594451835331976, 'hidden_continuous_size': 11, 'attention_head_size': 2, 'learning_rate': 0.04286291781577544}. Best is trial 12 with value: 0.027013637125492096.
LOCAL_RANK: 0 - CUDA_VISIBLE_DEVICES: [0]
[I 2023-12-16 11:11:58,957] Trial 33 finished with value: 0.49782752990722656 and parameters: {'gradient_clip_val': 0.20331350490456152, 'hidden_size': 33, 'dropout': 0.32708072785915837, 'hidden_continuous_size': 14, 'attention_head_size': 3, 'learning_rate': 0.033524827836653705}. Best is trial 12 with value: 0.027013637125492096.
LOCAL_RANK: 0 - CUDA_VISIBLE_DEVICES: [0]
[I 2023-12-16 11:12:47,918] Trial 34 finished with value: 0.600604236125946 and parameters: {'gradient_clip_val': 0.28176492519052937, 'hidden_size': 26, 'dropout': 0.261859107786472, 'hidden_continuous_size': 11, 'attention_head_size': 2, 'learning_rate': 0.04848624770913056}. Best is trial 12 with value: 0.027013637125492096.
LOCAL_RANK: 0 - CUDA_VISIBLE_DEVICES: [0]
[I 2023-12-16 11:13:33,588] Trial 35 finished with value: 0.03031916171312332 and parameters: {'gradient_clip_val': 0.45510005813462034, 'hidden_size': 16, 'dropout': 0.30471396669584583, 'hidden_continuous_size': 9, 'attention_head_size': 3, 'learning_rate': 0.07328538423547483}. Best is trial 12 with value: 0.027013637125492096.
LOCAL_RANK: 0 - CUDA_VISIBLE_DEVICES: [0]
[I 2023-12-16 11:14:19,485] Trial 36 finished with value: 2.6780147552490234 and parameters: {'gradient_clip_val': 0.44372786558863736, 'hidden_size': 16, 'dropout': 0.28281315125945017, 'hidden_continuous_size': 9, 'attention_head_size': 4, 'learning_rate': 0.07365191260269896}. Best is trial 12 with value: 0.027013637125492096.
LOCAL_RANK: 0 - CUDA_VISIBLE_DEVICES: [0]
[I 2023-12-16 11:15:06,689] Trial 37 finished with value: 0.2450443059206009 and parameters: {'gradient_clip_val': 0.4431395394833618, 'hidden_size': 17, 'dropout': 0.30354360220742527, 'hidden_continuous_size': 9, 'attention_head_size': 3, 'learning_rate': 0.09876098727061927}. Best is trial 12 with value: 0.027013637125492096.
LOCAL_RANK: 0 - CUDA_VISIBLE_DEVICES: [0]
[I 2023-12-16 11:15:59,678] Trial 38 finished with value: 0.20577211678028107 and parameters: {'gradient_clip_val': 0.3374107649381869, 'hidden_size': 47, 'dropout': 0.28062487123193364, 'hidden_continuous_size': 16, 'attention_head_size': 3, 'learning_rate': 0.06923761097626949}. Best is trial 12 with value: 0.027013637125492096.
LOCAL_RANK: 0 - CUDA_VISIBLE_DEVICES: [0]
[I 2023-12-16 11:16:48,910] Trial 39 finished with value: 0.6591961979866028 and parameters: {'gradient_clip_val': 0.3072395610282827, 'hidden_size': 22, 'dropout': 0.25669039152087575, 'hidden_continuous_size': 9, 'attention_head_size': 4, 'learning_rate': 0.030010481677776233}. Best is trial 12 with value: 0.027013637125492096.
LOCAL_RANK: 0 - CUDA_VISIBLE_DEVICES: [0]
[I 2023-12-16 11:17:38,885] Trial 40 finished with value: 0.026817267760634422 and parameters: {'gradient_clip_val': 0.41260765866790405, 'hidden_size': 29, 'dropout': 0.3005473126834365, 'hidden_continuous_size': 13, 'attention_head_size': 3, 'learning_rate': 0.045824432249847544}. Best is trial 40 with value: 0.026817267760634422.
LOCAL_RANK: 0 - CUDA_VISIBLE_DEVICES: [0]
[I 2023-12-16 11:18:28,142] Trial 41 finished with value: 0.04414428398013115 and parameters: {'gradient_clip_val': 0.439675540251767, 'hidden_size': 29, 'dropout': 0.30465680372834764, 'hidden_continuous_size': 13, 'attention_head_size': 3, 'learning_rate': 0.05131319229944921}. Best is trial 40 with value: 0.026817267760634422.
LOCAL_RANK: 0 - CUDA_VISIBLE_DEVICES: [0]
[I 2023-12-16 11:19:19,692] Trial 42 finished with value: 0.6762204766273499 and parameters: {'gradient_clip_val': 0.3831460047305393, 'hidden_size': 34, 'dropout': 0.3013843803398698, 'hidden_continuous_size': 16, 'attention_head_size': 3, 'learning_rate': 0.07141239716506373}. Best is trial 40 with value: 0.026817267760634422.
LOCAL_RANK: 0 - CUDA_VISIBLE_DEVICES: [0]
[I 2023-12-16 11:20:09,291] Trial 43 finished with value: 0.028307244181632996 and parameters: {'gradient_clip_val': 0.5684468098742855, 'hidden_size': 26, 'dropout': 0.2744822138764331, 'hidden_continuous_size': 12, 'attention_head_size': 3, 'learning_rate': 0.03928159679447477}. Best is trial 40 with value: 0.026817267760634422.
LOCAL_RANK: 0 - CUDA_VISIBLE_DEVICES: [0]
[I 2023-12-16 11:20:57,446] Trial 44 finished with value: 0.08336279541254044 and parameters: {'gradient_clip_val': 0.5200306947791163, 'hidden_size': 18, 'dropout': 0.276382021507635, 'hidden_continuous_size': 11, 'attention_head_size': 3, 'learning_rate': 0.0377597876507722}. Best is trial 40 with value: 0.026817267760634422.
LOCAL_RANK: 0 - CUDA_VISIBLE_DEVICES: [0]
[I 2023-12-16 11:21:45,512] Trial 45 finished with value: 0.5111922025680542 and parameters: {'gradient_clip_val': 0.6042795661086797, 'hidden_size': 20, 'dropout': 0.23514456661092797, 'hidden_continuous_size': 12, 'attention_head_size': 3, 'learning_rate': 0.04321462875025142}. Best is trial 40 with value: 0.026817267760634422.
LOCAL_RANK: 0 - CUDA_VISIBLE_DEVICES: [0]
[I 2023-12-16 11:22:32,075] Trial 46 finished with value: 0.29873570799827576 and parameters: {'gradient_clip_val': 0.3483304708820314, 'hidden_size': 15, 'dropout': 0.2675772349774503, 'hidden_continuous_size': 8, 'attention_head_size': 4, 'learning_rate': 0.022985641918098123}. Best is trial 40 with value: 0.026817267760634422.
LOCAL_RANK: 0 - CUDA_VISIBLE_DEVICES: [0]
[I 2023-12-16 11:23:21,704] Trial 47 finished with value: 0.02700044773519039 and parameters: {'gradient_clip_val': 0.5304320350022125, 'hidden_size': 26, 'dropout': 0.28379634184134783, 'hidden_continuous_size': 14, 'attention_head_size': 3, 'learning_rate': 0.029035576683175628}. Best is trial 40 with value: 0.026817267760634422.
LOCAL_RANK: 0 - CUDA_VISIBLE_DEVICES: [0]
[I 2023-12-16 11:24:11,218] Trial 48 finished with value: 0.22964489459991455 and parameters: {'gradient_clip_val': 0.6101190665826776, 'hidden_size': 25, 'dropout': 0.2856089421417104, 'hidden_continuous_size': 14, 'attention_head_size': 3, 'learning_rate': 0.029500268758143412}. Best is trial 40 with value: 0.026817267760634422.
LOCAL_RANK: 0 - CUDA_VISIBLE_DEVICES: [0]
[I 2023-12-16 11:25:00,832] Trial 49 finished with value: 0.17860670387744904 and parameters: {'gradient_clip_val': 0.5320646389107078, 'hidden_size': 21, 'dropout': 0.24981654180608726, 'hidden_continuous_size': 11, 'attention_head_size': 4, 'learning_rate': 0.017274215004333456}. Best is trial 40 with value: 0.026817267760634422.
[I 2023-12-16 11:25:00,929] A new study created in memory with name: no-name-92a6ace2-a441-4515-a766-20da83fd4325
/home/le004/conda/anaconda3/envs/tsff_env/lib/python3.9/site-packages/lightning/fabric/plugins/environments/slurm.py:191: The `srun` command is available on your system but is not used. HINT: If your intention is to run Lightning on SLURM, prepend your python command with `srun` like so: srun python /home/le004/master_thesis/git/TSFusionForecast/code/ ...
LOCAL_RANK: 0 - CUDA_VISIBLE_DEVICES: [0]
[I 2023-12-16 11:25:53,765] Trial 0 finished with value: 1.3719826936721802 and parameters: {'gradient_clip_val': 0.10017889010355718, 'hidden_size': 45, 'dropout': 0.19101963683060746, 'hidden_continuous_size': 11, 'attention_head_size': 3, 'learning_rate': 0.000648565953491556}. Best is trial 0 with value: 1.3719826936721802.
LOCAL_RANK: 0 - CUDA_VISIBLE_DEVICES: [0]
[I 2023-12-16 11:26:39,965] Trial 1 finished with value: 0.028254687786102295 and parameters: {'gradient_clip_val': 0.8455254200025719, 'hidden_size': 10, 'dropout': 0.38827604406546834, 'hidden_continuous_size': 7, 'attention_head_size': 4, 'learning_rate': 0.019028239522352743}. Best is trial 1 with value: 0.028254687786102295.
LOCAL_RANK: 0 - CUDA_VISIBLE_DEVICES: [0]
[I 2023-12-16 11:27:25,394] Trial 2 finished with value: 1.162286639213562 and parameters: {'gradient_clip_val': 0.3273670387085897, 'hidden_size': 13, 'dropout': 0.2576179605504767, 'hidden_continuous_size': 5, 'attention_head_size': 3, 'learning_rate': 0.0032911296083580335}. Best is trial 1 with value: 0.028254687786102295.
LOCAL_RANK: 0 - CUDA_VISIBLE_DEVICES: [0]
[I 2023-12-16 11:28:13,609] Trial 3 finished with value: 1.3803704977035522 and parameters: {'gradient_clip_val': 0.8937018480217759, 'hidden_size': 17, 'dropout': 0.2518083866330577, 'hidden_continuous_size': 12, 'attention_head_size': 3, 'learning_rate': 0.0007317357806854859}. Best is trial 1 with value: 0.028254687786102295.
LOCAL_RANK: 0 - CUDA_VISIBLE_DEVICES: [0]
[I 2023-12-16 11:29:07,677] Trial 4 finished with value: 0.1854725331068039 and parameters: {'gradient_clip_val': 0.10751286200964753, 'hidden_size': 74, 'dropout': 0.1415661606740953, 'hidden_continuous_size': 8, 'attention_head_size': 4, 'learning_rate': 0.0919067032651267}. Best is trial 1 with value: 0.028254687786102295.
LOCAL_RANK: 0 - CUDA_VISIBLE_DEVICES: [0]
[I 2023-12-16 11:29:56,364] Trial 5 finished with value: 0.2905532419681549 and parameters: {'gradient_clip_val': 0.8427140366607736, 'hidden_size': 27, 'dropout': 0.3504110080396807, 'hidden_continuous_size': 14, 'attention_head_size': 1, 'learning_rate': 0.04940462875479243}. Best is trial 1 with value: 0.028254687786102295.
LOCAL_RANK: 0 - CUDA_VISIBLE_DEVICES: [0]
[I 2023-12-16 11:30:49,694] Trial 6 finished with value: 0.24654221534729004 and parameters: {'gradient_clip_val': 0.6080319248347762, 'hidden_size': 95, 'dropout': 0.2629705050694999, 'hidden_continuous_size': 9, 'attention_head_size': 1, 'learning_rate': 0.040647475438529534}. Best is trial 1 with value: 0.028254687786102295.
LOCAL_RANK: 0 - CUDA_VISIBLE_DEVICES: [0]
[I 2023-12-16 11:31:41,792] Trial 7 finished with value: 0.23761703073978424 and parameters: {'gradient_clip_val': 0.4298256556783213, 'hidden_size': 41, 'dropout': 0.1707708174619047, 'hidden_continuous_size': 21, 'attention_head_size': 1, 'learning_rate': 0.004392241209102295}. Best is trial 1 with value: 0.028254687786102295.
LOCAL_RANK: 0 - CUDA_VISIBLE_DEVICES: [0]
[I 2023-12-16 11:32:26,169] Trial 8 finished with value: 0.9860861897468567 and parameters: {'gradient_clip_val': 0.16451244170341237, 'hidden_size': 16, 'dropout': 0.350140411953057, 'hidden_continuous_size': 8, 'attention_head_size': 1, 'learning_rate': 0.03209969503117141}. Best is trial 1 with value: 0.028254687786102295.
LOCAL_RANK: 0 - CUDA_VISIBLE_DEVICES: [0]
[I 2023-12-16 11:33:21,446] Trial 9 finished with value: 2.220594644546509 and parameters: {'gradient_clip_val': 0.4654693949426006, 'hidden_size': 94, 'dropout': 0.3395332416346513, 'hidden_continuous_size': 22, 'attention_head_size': 3, 'learning_rate': 0.0022451272740501346}. Best is trial 1 with value: 0.028254687786102295.
LOCAL_RANK: 0 - CUDA_VISIBLE_DEVICES: [0]
[I 2023-12-16 11:34:07,121] Trial 10 finished with value: 0.24583518505096436 and parameters: {'gradient_clip_val': 0.9576452880076158, 'hidden_size': 6, 'dropout': 0.39941126596539717, 'hidden_continuous_size': 5, 'attention_head_size': 4, 'learning_rate': 0.014183357638373237}. Best is trial 1 with value: 0.028254687786102295.
LOCAL_RANK: 0 - CUDA_VISIBLE_DEVICES: [0]
[I 2023-12-16 11:34:51,866] Trial 11 finished with value: 0.06525351107120514 and parameters: {'gradient_clip_val': 0.22500566377182665, 'hidden_size': 8, 'dropout': 0.12262091250076523, 'hidden_continuous_size': 6, 'attention_head_size': 4, 'learning_rate': 0.08332645287545436}. Best is trial 1 with value: 0.028254687786102295.
LOCAL_RANK: 0 - CUDA_VISIBLE_DEVICES: [0]
[I 2023-12-16 11:35:36,345] Trial 12 finished with value: 0.51473468542099 and parameters: {'gradient_clip_val': 0.2378790431238485, 'hidden_size': 8, 'dropout': 0.11567438891124557, 'hidden_continuous_size': 6, 'attention_head_size': 4, 'learning_rate': 0.014414752255259117}. Best is trial 1 with value: 0.028254687786102295.
LOCAL_RANK: 0 - CUDA_VISIBLE_DEVICES: [0]
[I 2023-12-16 11:36:10,271] Trial 13 finished with value: 0.03649269416928291 and parameters: {'gradient_clip_val': 0.2637462545689503, 'hidden_size': 5, 'dropout': 0.10426586902170135, 'hidden_continuous_size': 5, 'attention_head_size': 2, 'learning_rate': 0.09474349002528092}. Best is trial 1 with value: 0.028254687786102295.
LOCAL_RANK: 0 - CUDA_VISIBLE_DEVICES: [0]
[I 2023-12-16 11:36:44,080] Trial 14 finished with value: 0.210584819316864 and parameters: {'gradient_clip_val': 0.5670094276797096, 'hidden_size': 5, 'dropout': 0.2070276550360801, 'hidden_continuous_size': 5, 'attention_head_size': 2, 'learning_rate': 0.01779568354691098}. Best is trial 1 with value: 0.028254687786102295.
LOCAL_RANK: 0 - CUDA_VISIBLE_DEVICES: [0]
[I 2023-12-16 11:37:29,815] Trial 15 finished with value: 0.40245485305786133 and parameters: {'gradient_clip_val': 0.33708124758350155, 'hidden_size': 11, 'dropout': 0.21844692706534247, 'hidden_continuous_size': 6, 'attention_head_size': 2, 'learning_rate': 0.02431974827648321}. Best is trial 1 with value: 0.028254687786102295.
LOCAL_RANK: 0 - CUDA_VISIBLE_DEVICES: [0]
[I 2023-12-16 11:38:03,755] Trial 16 finished with value: 2.180501699447632 and parameters: {'gradient_clip_val': 0.6564421198364051, 'hidden_size': 5, 'dropout': 0.10094271026484655, 'hidden_continuous_size': 5, 'attention_head_size': 2, 'learning_rate': 0.008822929256400538}. Best is trial 1 with value: 0.028254687786102295.
LOCAL_RANK: 0 - CUDA_VISIBLE_DEVICES: [0]
[I 2023-12-16 11:38:47,395] Trial 17 finished with value: 1.1293162107467651 and parameters: {'gradient_clip_val': 0.4519739539118412, 'hidden_size': 8, 'dropout': 0.29311276620011223, 'hidden_continuous_size': 5, 'attention_head_size': 2, 'learning_rate': 0.06368952152856511}. Best is trial 1 with value: 0.028254687786102295.
LOCAL_RANK: 0 - CUDA_VISIBLE_DEVICES: [0]
[I 2023-12-16 11:39:33,027] Trial 18 finished with value: 2.1188695430755615 and parameters: {'gradient_clip_val': 0.7504600074019367, 'hidden_size': 7, 'dropout': 0.14780163911888475, 'hidden_continuous_size': 5, 'attention_head_size': 3, 'learning_rate': 0.09931798928331177}. Best is trial 1 with value: 0.028254687786102295.
LOCAL_RANK: 0 - CUDA_VISIBLE_DEVICES: [0]
[I 2023-12-16 11:40:18,316] Trial 19 finished with value: 0.7087734341621399 and parameters: {'gradient_clip_val': 0.9628102327842251, 'hidden_size': 11, 'dropout': 0.17367056694613103, 'hidden_continuous_size': 6, 'attention_head_size': 2, 'learning_rate': 0.04378163001833209}. Best is trial 1 with value: 0.028254687786102295.
LOCAL_RANK: 0 - CUDA_VISIBLE_DEVICES: [0]
[I 2023-12-16 11:40:52,859] Trial 20 finished with value: 0.11449569463729858 and parameters: {'gradient_clip_val': 0.2651169153272467, 'hidden_size': 5, 'dropout': 0.22259707374545418, 'hidden_continuous_size': 5, 'attention_head_size': 4, 'learning_rate': 0.0279861743244052}. Best is trial 1 with value: 0.028254687786102295.
LOCAL_RANK: 0 - CUDA_VISIBLE_DEVICES: [0]
[I 2023-12-16 11:41:39,041] Trial 21 finished with value: 2.047481060028076 and parameters: {'gradient_clip_val': 0.21195066056410425, 'hidden_size': 9, 'dropout': 0.12427959802145826, 'hidden_continuous_size': 6, 'attention_head_size': 4, 'learning_rate': 0.0620316242266916}. Best is trial 1 with value: 0.028254687786102295.
LOCAL_RANK: 0 - CUDA_VISIBLE_DEVICES: [0]
