[I 2023-12-26 15:45:15,342] Trial 25 finished with value: 5579.37939453125 and parameters: {'gradient_clip_val': 0.2852803435694621, 'hidden_size': 95, 'dropout': 0.17255502912669932, 'hidden_continuous_size': 93, 'attention_head_size': 2, 'learning_rate': 0.0013265400523938306}. Best is trial 0 with value: 715.5458374023438.
[I 2023-12-26 15:45:19,828] Trial 26 finished with value: 6356.27001953125 and parameters: {'gradient_clip_val': 0.3506351705627257, 'hidden_size': 50, 'dropout': 0.22364577076756684, 'hidden_continuous_size': 17, 'attention_head_size': 3, 'learning_rate': 0.0007331042451556083}. Best is trial 0 with value: 715.5458374023438.
[I 2023-12-26 15:45:23,342] Trial 27 finished with value: 7522.62353515625 and parameters: {'gradient_clip_val': 0.27238345014513676, 'hidden_size': 36, 'dropout': 0.2723625447795885, 'hidden_continuous_size': 10, 'attention_head_size': 1, 'learning_rate': 0.0005212341177403524}. Best is trial 0 with value: 715.5458374023438.
[I 2023-12-26 15:45:26,155] Trial 28 finished with value: 5874.21240234375 and parameters: {'gradient_clip_val': 0.16152176039298236, 'hidden_size': 19, 'dropout': 0.3267169537521614, 'hidden_continuous_size': 12, 'attention_head_size': 2, 'learning_rate': 0.0013288881349069752}. Best is trial 0 with value: 715.5458374023438.
[I 2023-12-26 15:45:29,540] Trial 29 finished with value: 5775.30224609375 and parameters: {'gradient_clip_val': 0.1657632583395879, 'hidden_size': 30, 'dropout': 0.229757873876837, 'hidden_continuous_size': 13, 'attention_head_size': 3, 'learning_rate': 0.0007596986530106738}. Best is trial 0 with value: 715.5458374023438.
[I 2023-12-26 15:45:32,372] Trial 30 finished with value: 5539.1484375 and parameters: {'gradient_clip_val': 0.19612876515918506, 'hidden_size': 24, 'dropout': 0.27380079867105356, 'hidden_continuous_size': 10, 'attention_head_size': 1, 'learning_rate': 0.01121457846980956}. Best is trial 0 with value: 715.5458374023438.
[I 2023-12-26 15:45:37,457] Trial 31 finished with value: 5441.79443359375 and parameters: {'gradient_clip_val': 0.23149242328291303, 'hidden_size': 57, 'dropout': 0.30259078133042144, 'hidden_continuous_size': 25, 'attention_head_size': 2, 'learning_rate': 0.002667458986762355}. Best is trial 0 with value: 715.5458374023438.
[I 2023-12-26 15:45:41,345] Trial 32 finished with value: 6878.13916015625 and parameters: {'gradient_clip_val': 0.2178795399277108, 'hidden_size': 39, 'dropout': 0.32893734153714027, 'hidden_continuous_size': 17, 'attention_head_size': 2, 'learning_rate': 0.0027292975225874537}. Best is trial 0 with value: 715.5458374023438.
[I 2023-12-26 15:45:47,114] Trial 33 finished with value: 4684.74853515625 and parameters: {'gradient_clip_val': 0.1329566770541119, 'hidden_size': 62, 'dropout': 0.19408257042478957, 'hidden_continuous_size': 32, 'attention_head_size': 3, 'learning_rate': 0.001512898406181922}. Best is trial 0 with value: 715.5458374023438.
[I 2023-12-26 15:45:54,248] Trial 34 finished with value: 4745.025390625 and parameters: {'gradient_clip_val': 0.24517015239961773, 'hidden_size': 81, 'dropout': 0.3914732527229278, 'hidden_continuous_size': 48, 'attention_head_size': 2, 'learning_rate': 0.0011398203447697084}. Best is trial 0 with value: 715.5458374023438.
[I 2023-12-26 15:45:58,841] Trial 35 finished with value: 5668.861328125 and parameters: {'gradient_clip_val': 0.10888739765463137, 'hidden_size': 49, 'dropout': 0.27877142341477257, 'hidden_continuous_size': 14, 'attention_head_size': 2, 'learning_rate': 0.0010114944730279293}. Best is trial 0 with value: 715.5458374023438.
[I 2023-12-26 15:46:03,007] Trial 36 finished with value: 6520.39208984375 and parameters: {'gradient_clip_val': 0.1791103033930084, 'hidden_size': 42, 'dropout': 0.25272155672297025, 'hidden_continuous_size': 24, 'attention_head_size': 3, 'learning_rate': 0.0021904120783164433}. Best is trial 0 with value: 715.5458374023438.
[I 2023-12-26 15:46:10,389] Trial 37 finished with value: 7228.13232421875 and parameters: {'gradient_clip_val': 0.33154327346932144, 'hidden_size': 79, 'dropout': 0.22215950517127087, 'hidden_continuous_size': 21, 'attention_head_size': 1, 'learning_rate': 0.023505751839484307}. Best is trial 0 with value: 715.5458374023438.
[I 2023-12-26 15:46:15,516] Trial 38 finished with value: 4005.697998046875 and parameters: {'gradient_clip_val': 0.20979724952518214, 'hidden_size': 57, 'dropout': 0.3072166280895341, 'hidden_continuous_size': 19, 'attention_head_size': 3, 'learning_rate': 0.0014655071932508249}. Best is trial 0 with value: 715.5458374023438.
[I 2023-12-26 15:46:19,006] Trial 39 finished with value: 6541.72705078125 and parameters: {'gradient_clip_val': 0.29821150407051156, 'hidden_size': 32, 'dropout': 0.3120147177747843, 'hidden_continuous_size': 15, 'attention_head_size': 4, 'learning_rate': 0.0014199196421241095}. Best is trial 0 with value: 715.5458374023438.
[I 2023-12-26 15:46:29,083] Trial 40 finished with value: 6759.11669921875 and parameters: {'gradient_clip_val': 0.2042051261012909, 'hidden_size': 126, 'dropout': 0.27866744643465563, 'hidden_continuous_size': 8, 'attention_head_size': 4, 'learning_rate': 0.0006798656265182766}. Best is trial 0 with value: 715.5458374023438.
[I 2023-12-26 15:46:35,984] Trial 41 finished with value: 5979.01513671875 and parameters: {'gradient_clip_val': 0.21783149946414473, 'hidden_size': 79, 'dropout': 0.29910289372770227, 'hidden_continuous_size': 18, 'attention_head_size': 3, 'learning_rate': 0.0009403973225486421}. Best is trial 0 with value: 715.5458374023438.
[I 2023-12-26 15:46:40,865] Trial 42 finished with value: 5040.69140625 and parameters: {'gradient_clip_val': 0.272924409229375, 'hidden_size': 53, 'dropout': 0.31586017339887923, 'hidden_continuous_size': 20, 'attention_head_size': 3, 'learning_rate': 0.0016164915754250954}. Best is trial 0 with value: 715.5458374023438.
[I 2023-12-26 15:46:46,032] Trial 43 finished with value: 4856.80126953125 and parameters: {'gradient_clip_val': 0.25120619920978005, 'hidden_size': 58, 'dropout': 0.3478783685630376, 'hidden_continuous_size': 27, 'attention_head_size': 2, 'learning_rate': 0.0009700161881551085}. Best is trial 0 with value: 715.5458374023438.
[I 2023-12-26 15:46:50,147] Trial 44 finished with value: 5105.31494140625 and parameters: {'gradient_clip_val': 0.18321057301628943, 'hidden_size': 42, 'dropout': 0.2869660665712134, 'hidden_continuous_size': 19, 'attention_head_size': 4, 'learning_rate': 0.005370605551406215}. Best is trial 0 with value: 715.5458374023438.
[I 2023-12-26 15:46:55,813] Trial 45 finished with value: 6232.263671875 and parameters: {'gradient_clip_val': 0.21756438739726452, 'hidden_size': 65, 'dropout': 0.24464611069414136, 'hidden_continuous_size': 22, 'attention_head_size': 1, 'learning_rate': 0.00895973696898786}. Best is trial 0 with value: 715.5458374023438.
[I 2023-12-26 15:46:58,022] Trial 46 finished with value: 5224.06494140625 and parameters: {'gradient_clip_val': 0.15537885400077234, 'hidden_size': 6, 'dropout': 0.26434182261335065, 'hidden_continuous_size': 6, 'attention_head_size': 3, 'learning_rate': 0.002464278171048535}. Best is trial 0 with value: 715.5458374023438.
[I 2023-12-26 15:47:01,307] Trial 47 finished with value: 4855.93505859375 and parameters: {'gradient_clip_val': 0.31249543991705403, 'hidden_size': 27, 'dropout': 0.3733045007853711, 'hidden_continuous_size': 19, 'attention_head_size': 2, 'learning_rate': 0.0016544540056674833}. Best is trial 0 with value: 715.5458374023438.
[I 2023-12-26 15:47:06,123] Trial 48 finished with value: 7272.9609375 and parameters: {'gradient_clip_val': 0.1755587116572241, 'hidden_size': 53, 'dropout': 0.3098711102181805, 'hidden_continuous_size': 27, 'attention_head_size': 4, 'learning_rate': 0.0011803651741978268}. Best is trial 0 with value: 715.5458374023438.
[I 2023-12-26 15:47:15,284] Trial 49 finished with value: 5415.435546875 and parameters: {'gradient_clip_val': 0.25429133697643963, 'hidden_size': 102, 'dropout': 0.289800491343308, 'hidden_continuous_size': 38, 'attention_head_size': 2, 'learning_rate': 0.003202922600412722}. Best is trial 0 with value: 715.5458374023438.
[I 2023-12-26 15:47:15,439] A new study created in memory with name: no-name-afd4e7ce-6104-4166-9df8-597f6fd3dd6b
/home/le004/conda/anaconda3/envs/tsff_env/lib/python3.9/site-packages/lightning/fabric/plugins/environments/slurm.py:191: The `srun` command is available on your system but is not used. HINT: If your intention is to run Lightning on SLURM, prepend your python command with `srun` like so: srun python /home/le004/master_thesis/git/TSFusionForecast/code/ ...
[I 2023-12-26 15:54:15,875] Trial 0 finished with value: 152.80752563476562 and parameters: {'gradient_clip_val': 0.47510765353206147, 'hidden_size': 83, 'dropout': 0.4571548248102598, 'hidden_continuous_size': 16, 'attention_head_size': 3, 'learning_rate': 0.011182971883292685}. Best is trial 0 with value: 152.80752563476562.
[I 2023-12-26 15:54:17,918] Trial 1 finished with value: 734.5520629882812 and parameters: {'gradient_clip_val': 0.10991419929786382, 'hidden_size': 5, 'dropout': 0.19523336802417846, 'hidden_continuous_size': 5, 'attention_head_size': 2, 'learning_rate': 0.000560280077038989}. Best is trial 0 with value: 152.80752563476562.
[I 2023-12-26 15:54:20,144] Trial 2 finished with value: 914.2009887695312 and parameters: {'gradient_clip_val': 0.5552861546500523, 'hidden_size': 5, 'dropout': 0.3848950590287644, 'hidden_continuous_size': 5, 'attention_head_size': 4, 'learning_rate': 0.0038285225678417064}. Best is trial 0 with value: 152.80752563476562.
[I 2023-12-26 15:54:22,537] Trial 3 finished with value: 921.11376953125 and parameters: {'gradient_clip_val': 0.8897208924075176, 'hidden_size': 8, 'dropout': 0.20660459909575324, 'hidden_continuous_size': 5, 'attention_head_size': 4, 'learning_rate': 0.03055260386988219}. Best is trial 0 with value: 152.80752563476562.
[I 2023-12-26 15:54:26,009] Trial 4 finished with value: 859.82568359375 and parameters: {'gradient_clip_val': 0.37463372529188166, 'hidden_size': 34, 'dropout': 0.12228712724634622, 'hidden_continuous_size': 17, 'attention_head_size': 2, 'learning_rate': 0.0005424500301362235}. Best is trial 0 with value: 152.80752563476562.
[I 2023-12-26 15:54:28,356] Trial 5 finished with value: 949.468505859375 and parameters: {'gradient_clip_val': 0.6506160361006171, 'hidden_size': 6, 'dropout': 0.40802706336489347, 'hidden_continuous_size': 5, 'attention_head_size': 4, 'learning_rate': 0.0006165959644968609}. Best is trial 0 with value: 152.80752563476562.
[I 2023-12-26 15:54:32,444] Trial 6 finished with value: 823.429443359375 and parameters: {'gradient_clip_val': 0.265323042278598, 'hidden_size': 36, 'dropout': 0.35599463187788005, 'hidden_continuous_size': 23, 'attention_head_size': 3, 'learning_rate': 0.011770407893591328}. Best is trial 0 with value: 152.80752563476562.
[I 2023-12-26 15:54:35,843] Trial 7 finished with value: 783.8955078125 and parameters: {'gradient_clip_val': 0.40107521615894126, 'hidden_size': 31, 'dropout': 0.3423828173217365, 'hidden_continuous_size': 16, 'attention_head_size': 3, 'learning_rate': 0.0216779260678729}. Best is trial 0 with value: 152.80752563476562.
[I 2023-12-26 15:54:38,024] Trial 8 finished with value: 745.9302368164062 and parameters: {'gradient_clip_val': 0.18821845946656138, 'hidden_size': 5, 'dropout': 0.36984870540157566, 'hidden_continuous_size': 5, 'attention_head_size': 4, 'learning_rate': 0.05519392583337721}. Best is trial 0 with value: 152.80752563476562.
[I 2023-12-26 15:54:46,846] Trial 9 finished with value: 592.2630004882812 and parameters: {'gradient_clip_val': 0.1579208104132632, 'hidden_size': 102, 'dropout': 0.43099359134093707, 'hidden_continuous_size': 53, 'attention_head_size': 1, 'learning_rate': 0.023085846831750176}. Best is trial 0 with value: 152.80752563476562.
[I 2023-12-26 15:54:58,480] Trial 10 finished with value: 1035.8671875 and parameters: {'gradient_clip_val': 0.8680336137381863, 'hidden_size': 136, 'dropout': 0.4909790097244791, 'hidden_continuous_size': 83, 'attention_head_size': 1, 'learning_rate': 0.004905221102825261}. Best is trial 0 with value: 152.80752563476562.
[I 2023-12-26 15:55:08,476] Trial 11 finished with value: 761.4074096679688 and parameters: {'gradient_clip_val': 0.2047339444744619, 'hidden_size': 118, 'dropout': 0.4961192818446483, 'hidden_continuous_size': 65, 'attention_head_size': 1, 'learning_rate': 0.07397096760838522}. Best is trial 0 with value: 152.80752563476562.
[I 2023-12-26 15:55:14,855] Trial 12 finished with value: 980.8488159179688 and parameters: {'gradient_clip_val': 0.11252214554749322, 'hidden_size': 76, 'dropout': 0.42657993370461567, 'hidden_continuous_size': 40, 'attention_head_size': 2, 'learning_rate': 0.011436158552831694}. Best is trial 0 with value: 152.80752563476562.
[I 2023-12-26 15:55:21,156] Trial 13 finished with value: 913.1751098632812 and parameters: {'gradient_clip_val': 0.2880267312430526, 'hidden_size': 72, 'dropout': 0.44639543177533403, 'hidden_continuous_size': 27, 'attention_head_size': 3, 'learning_rate': 0.03143910196230687}. Best is trial 0 with value: 152.80752563476562.
[I 2023-12-26 15:55:26,678] Trial 14 finished with value: 829.3659057617188 and parameters: {'gradient_clip_val': 0.48207273580216253, 'hidden_size': 62, 'dropout': 0.3001678131296437, 'hidden_continuous_size': 13, 'attention_head_size': 1, 'learning_rate': 0.0996832199165316}. Best is trial 0 with value: 152.80752563476562.
[I 2023-12-26 15:55:37,238] Trial 15 finished with value: 749.7035522460938 and parameters: {'gradient_clip_val': 0.16661565490562624, 'hidden_size': 129, 'dropout': 0.4537415285240472, 'hidden_continuous_size': 53, 'attention_head_size': 2, 'learning_rate': 0.01223167373350159}. Best is trial 0 with value: 152.80752563476562.
[I 2023-12-26 15:55:40,065] Trial 16 finished with value: 745.0654296875 and parameters: {'gradient_clip_val': 0.3213845818937945, 'hidden_size': 19, 'dropout': 0.44169827205321993, 'hidden_continuous_size': 9, 'attention_head_size': 3, 'learning_rate': 0.0030821919214077172}. Best is trial 0 with value: 152.80752563476562.
[I 2023-12-26 15:55:45,141] Trial 17 finished with value: 791.5534057617188 and parameters: {'gradient_clip_val': 0.14622729255277636, 'hidden_size': 58, 'dropout': 0.39657835945941255, 'hidden_continuous_size': 32, 'attention_head_size': 1, 'learning_rate': 0.0074891131582106646}. Best is trial 0 with value: 152.80752563476562.
[I 2023-12-26 15:55:52,415] Trial 18 finished with value: 557.1632080078125 and parameters: {'gradient_clip_val': 0.2550196661869549, 'hidden_size': 94, 'dropout': 0.49178401616268996, 'hidden_continuous_size': 41, 'attention_head_size': 2, 'learning_rate': 0.04629559009927745}. Best is trial 0 with value: 152.80752563476562.
[I 2023-12-26 15:55:56,206] Trial 19 finished with value: 998.0382690429688 and parameters: {'gradient_clip_val': 0.23747103644398765, 'hidden_size': 49, 'dropout': 0.48631871635637514, 'hidden_continuous_size': 22, 'attention_head_size': 3, 'learning_rate': 0.04651126786125918}. Best is trial 0 with value: 152.80752563476562.
[I 2023-12-26 15:56:02,989] Trial 20 finished with value: 889.2570190429688 and parameters: {'gradient_clip_val': 0.34300621197710385, 'hidden_size': 94, 'dropout': 0.4996127658243047, 'hidden_continuous_size': 35, 'attention_head_size': 2, 'learning_rate': 0.051711577647049894}. Best is trial 0 with value: 152.80752563476562.
[I 2023-12-26 15:56:09,764] Trial 21 finished with value: 848.7946166992188 and parameters: {'gradient_clip_val': 0.22196734485469477, 'hidden_size': 101, 'dropout': 0.4459705984387202, 'hidden_continuous_size': 50, 'attention_head_size': 1, 'learning_rate': 0.02133676763688141}. Best is trial 0 with value: 152.80752563476562.
[I 2023-12-26 15:56:22,432] Trial 22 finished with value: 808.86279296875 and parameters: {'gradient_clip_val': 0.2687744502443714, 'hidden_size': 146, 'dropout': 0.4581550498831659, 'hidden_continuous_size': 139, 'attention_head_size': 2, 'learning_rate': 0.02071188167971326}. Best is trial 0 with value: 152.80752563476562.
[I 2023-12-26 15:56:30,025] Trial 23 finished with value: 661.5626220703125 and parameters: {'gradient_clip_val': 0.13350068705604776, 'hidden_size': 88, 'dropout': 0.4109400996306051, 'hidden_continuous_size': 28, 'attention_head_size': 3, 'learning_rate': 0.035002624541084965}. Best is trial 0 with value: 152.80752563476562.
[I 2023-12-26 15:56:39,056] Trial 24 finished with value: 514.5477905273438 and parameters: {'gradient_clip_val': 0.18841533706694874, 'hidden_size': 109, 'dropout': 0.4749586810931321, 'hidden_continuous_size': 40, 'attention_head_size': 1, 'learning_rate': 0.07123806211561129}. Best is trial 0 with value: 152.80752563476562.
[I 2023-12-26 15:56:50,729] Trial 25 finished with value: 617.6348266601562 and parameters: {'gradient_clip_val': 0.19000759495578154, 'hidden_size': 149, 'dropout': 0.46945609900354796, 'hidden_continuous_size': 41, 'attention_head_size': 2, 'learning_rate': 0.05727578331872593}. Best is trial 0 with value: 152.80752563476562.
[I 2023-12-26 15:56:57,264] Trial 26 finished with value: 715.8104858398438 and parameters: {'gradient_clip_val': 0.23672475326903097, 'hidden_size': 79, 'dropout': 0.46867012627752097, 'hidden_continuous_size': 26, 'attention_head_size': 3, 'learning_rate': 0.08627757311816008}. Best is trial 0 with value: 152.80752563476562.
[I 2023-12-26 15:57:01,727] Trial 27 finished with value: 906.4862670898438 and parameters: {'gradient_clip_val': 0.4048161063775132, 'hidden_size': 51, 'dropout': 0.4106241001690872, 'hidden_continuous_size': 20, 'attention_head_size': 2, 'learning_rate': 0.07003948679644793}. Best is trial 0 with value: 152.80752563476562.
[I 2023-12-26 15:57:10,619] Trial 28 finished with value: 910.4627075195312 and parameters: {'gradient_clip_val': 0.29882345455922465, 'hidden_size': 110, 'dropout': 0.4775901461627054, 'hidden_continuous_size': 33, 'attention_head_size': 1, 'learning_rate': 0.03633009848376096}. Best is trial 0 with value: 152.80752563476562.
[I 2023-12-26 15:57:17,355] Trial 29 finished with value: 582.7697143554688 and parameters: {'gradient_clip_val': 0.4550130355314506, 'hidden_size': 77, 'dropout': 0.3336172334331621, 'hidden_continuous_size': 14, 'attention_head_size': 2, 'learning_rate': 0.08885253511836454}. Best is trial 0 with value: 152.80752563476562.
[I 2023-12-26 15:57:26,731] Trial 30 finished with value: 624.7681884765625 and parameters: {'gradient_clip_val': 0.33228459491605905, 'hidden_size': 108, 'dropout': 0.37810889135293835, 'hidden_continuous_size': 19, 'attention_head_size': 2, 'learning_rate': 0.04724083718912239}. Best is trial 0 with value: 152.80752563476562.
[I 2023-12-26 15:57:32,439] Trial 31 finished with value: 737.3748168945312 and parameters: {'gradient_clip_val': 0.45371284539518564, 'hidden_size': 70, 'dropout': 0.31239788005921953, 'hidden_continuous_size': 13, 'attention_head_size': 2, 'learning_rate': 0.0772808893015778}. Best is trial 0 with value: 152.80752563476562.
[I 2023-12-26 15:57:39,713] Trial 32 finished with value: 1035.828125 and parameters: {'gradient_clip_val': 0.5504991079899465, 'hidden_size': 86, 'dropout': 0.42319616897601176, 'hidden_continuous_size': 14, 'attention_head_size': 3, 'learning_rate': 0.07722514424395618}. Best is trial 0 with value: 152.80752563476562.
[I 2023-12-26 15:57:43,234] Trial 33 finished with value: 774.0615234375 and parameters: {'gradient_clip_val': 0.36444697532710724, 'hidden_size': 44, 'dropout': 0.26334420421784266, 'hidden_continuous_size': 11, 'attention_head_size': 1, 'learning_rate': 0.058477262668803626}. Best is trial 0 with value: 152.80752563476562.
[I 2023-12-26 15:57:48,791] Trial 34 finished with value: 608.684326171875 and parameters: {'gradient_clip_val': 0.25376876163106327, 'hidden_size': 69, 'dropout': 0.3880135307255205, 'hidden_continuous_size': 17, 'attention_head_size': 2, 'learning_rate': 0.09620765499671706}. Best is trial 0 with value: 152.80752563476562.
[I 2023-12-26 15:57:58,100] Trial 35 finished with value: 679.5742797851562 and parameters: {'gradient_clip_val': 0.4355819025463014, 'hidden_size': 121, 'dropout': 0.46612749666497627, 'hidden_continuous_size': 24, 'attention_head_size': 4, 'learning_rate': 0.0402250369050583}. Best is trial 0 with value: 152.80752563476562.
[I 2023-12-26 15:58:04,626] Trial 36 finished with value: 691.4000854492188 and parameters: {'gradient_clip_val': 0.2976401016621555, 'hidden_size': 87, 'dropout': 0.4996420256583371, 'hidden_continuous_size': 18, 'attention_head_size': 2, 'learning_rate': 0.0631048281442857}. Best is trial 0 with value: 152.80752563476562.
[I 2023-12-26 15:58:09,614] Trial 37 finished with value: 993.391845703125 and parameters: {'gradient_clip_val': 0.5089927772016029, 'hidden_size': 58, 'dropout': 0.3313486105418251, 'hidden_continuous_size': 21, 'attention_head_size': 3, 'learning_rate': 0.03871482668485482}. Best is trial 0 with value: 152.80752563476562.
[I 2023-12-26 15:58:17,235] Trial 38 finished with value: 560.42919921875 and parameters: {'gradient_clip_val': 0.5739588893776733, 'hidden_size': 94, 'dropout': 0.3656318489192303, 'hidden_continuous_size': 10, 'attention_head_size': 4, 'learning_rate': 0.02814131153606124}. Best is trial 0 with value: 152.80752563476562.
[I 2023-12-26 15:58:26,250] Trial 39 finished with value: 739.961181640625 and parameters: {'gradient_clip_val': 0.5719461302168141, 'hidden_size': 111, 'dropout': 0.36521899461831997, 'hidden_continuous_size': 9, 'attention_head_size': 4, 'learning_rate': 0.02797362337887414}. Best is trial 0 with value: 152.80752563476562.
