[I 2023-12-27 11:01:15,745] Trial 10 finished with value: 65.75399017333984 and parameters: {'gradient_clip_val': 0.5447475436600326, 'hidden_size': 5, 'dropout': 0.10075144280549922, 'hidden_continuous_size': 5, 'attention_head_size': 2, 'learning_rate': 0.08015307460267623}. Best is trial 0 with value: 14.917259216308594.
LOCAL_RANK: 0 - CUDA_VISIBLE_DEVICES: [0]
[I 2023-12-27 11:01:16,468] Trial 11 finished with value: 62.4103889465332 and parameters: {'gradient_clip_val': 0.40565930811129025, 'hidden_size': 67, 'dropout': 0.3176137655147766, 'hidden_continuous_size': 13, 'attention_head_size': 2, 'learning_rate': 0.07961213287937563}. Best is trial 0 with value: 14.917259216308594.
LOCAL_RANK: 0 - CUDA_VISIBLE_DEVICES: [0]
[I 2023-12-27 11:01:16,960] Trial 12 finished with value: 73.40377044677734 and parameters: {'gradient_clip_val': 0.9641275937157135, 'hidden_size': 46, 'dropout': 0.3449992472043476, 'hidden_continuous_size': 45, 'attention_head_size': 1, 'learning_rate': 0.0005057663951353657}. Best is trial 0 with value: 14.917259216308594.
LOCAL_RANK: 0 - CUDA_VISIBLE_DEVICES: [0]
[I 2023-12-27 11:01:17,433] Trial 13 finished with value: 73.52615356445312 and parameters: {'gradient_clip_val': 0.5941453348889183, 'hidden_size': 112, 'dropout': 0.2574860141724217, 'hidden_continuous_size': 13, 'attention_head_size': 2, 'learning_rate': 0.052300142781977206}. Best is trial 0 with value: 14.917259216308594.
LOCAL_RANK: 0 - CUDA_VISIBLE_DEVICES: [0]
[I 2023-12-27 11:01:17,985] Trial 14 finished with value: 59.42112350463867 and parameters: {'gradient_clip_val': 0.30375095354949494, 'hidden_size': 150, 'dropout': 0.3926546492558543, 'hidden_continuous_size': 113, 'attention_head_size': 1, 'learning_rate': 0.03379809270150642}. Best is trial 0 with value: 14.917259216308594.
LOCAL_RANK: 0 - CUDA_VISIBLE_DEVICES: [0]
[I 2023-12-27 11:01:18,496] Trial 15 finished with value: 41.75711441040039 and parameters: {'gradient_clip_val': 0.18000793973925824, 'hidden_size': 36, 'dropout': 0.2705336149842926, 'hidden_continuous_size': 9, 'attention_head_size': 2, 'learning_rate': 0.03782170354833575}. Best is trial 0 with value: 14.917259216308594.
LOCAL_RANK: 0 - CUDA_VISIBLE_DEVICES: [0]
[I 2023-12-27 11:01:19,018] Trial 16 finished with value: 73.58528900146484 and parameters: {'gradient_clip_val': 0.4983229977994697, 'hidden_size': 56, 'dropout': 0.11871022124723293, 'hidden_continuous_size': 9, 'attention_head_size': 3, 'learning_rate': 0.08452877101781925}. Best is trial 0 with value: 14.917259216308594.
LOCAL_RANK: 0 - CUDA_VISIBLE_DEVICES: [0]
[I 2023-12-27 11:01:19,483] Trial 17 finished with value: 61.87641525268555 and parameters: {'gradient_clip_val': 0.10232789829562236, 'hidden_size': 29, 'dropout': 0.1626183200533231, 'hidden_continuous_size': 9, 'attention_head_size': 1, 'learning_rate': 0.042613861398091896}. Best is trial 0 with value: 14.917259216308594.
LOCAL_RANK: 0 - CUDA_VISIBLE_DEVICES: [0]
[I 2023-12-27 11:01:19,964] Trial 18 finished with value: 52.27101135253906 and parameters: {'gradient_clip_val': 0.7351968431951688, 'hidden_size': 41, 'dropout': 0.19761772061595773, 'hidden_continuous_size': 11, 'attention_head_size': 2, 'learning_rate': 0.010693278011875206}. Best is trial 0 with value: 14.917259216308594.
LOCAL_RANK: 0 - CUDA_VISIBLE_DEVICES: [0]
[I 2023-12-27 11:01:20,444] Trial 19 finished with value: 49.406551361083984 and parameters: {'gradient_clip_val': 0.38399260996366896, 'hidden_size': 81, 'dropout': 0.1321303229172121, 'hidden_continuous_size': 16, 'attention_head_size': 1, 'learning_rate': 0.02898685239913703}. Best is trial 0 with value: 14.917259216308594.
LOCAL_RANK: 0 - CUDA_VISIBLE_DEVICES: [0]
[I 2023-12-27 11:01:20,922] Trial 20 finished with value: 67.4967041015625 and parameters: {'gradient_clip_val': 0.21682184146746333, 'hidden_size': 58, 'dropout': 0.1914491075135064, 'hidden_continuous_size': 20, 'attention_head_size': 2, 'learning_rate': 0.05589324965420814}. Best is trial 0 with value: 14.917259216308594.
LOCAL_RANK: 0 - CUDA_VISIBLE_DEVICES: [0]
[I 2023-12-27 11:01:21,380] Trial 21 finished with value: 57.499698638916016 and parameters: {'gradient_clip_val': 0.1295493966362553, 'hidden_size': 16, 'dropout': 0.25130385838021385, 'hidden_continuous_size': 7, 'attention_head_size': 1, 'learning_rate': 0.005583403000319515}. Best is trial 0 with value: 14.917259216308594.
LOCAL_RANK: 0 - CUDA_VISIBLE_DEVICES: [0]
[I 2023-12-27 11:01:21,854] Trial 22 finished with value: 70.34954071044922 and parameters: {'gradient_clip_val': 0.1422437891152627, 'hidden_size': 26, 'dropout': 0.15179292135194217, 'hidden_continuous_size': 8, 'attention_head_size': 1, 'learning_rate': 0.09964999145882822}. Best is trial 0 with value: 14.917259216308594.
LOCAL_RANK: 0 - CUDA_VISIBLE_DEVICES: [0]
[I 2023-12-27 11:01:22,320] Trial 23 finished with value: 72.2981948852539 and parameters: {'gradient_clip_val': 0.12395564523634811, 'hidden_size': 13, 'dropout': 0.2299081153198853, 'hidden_continuous_size': 6, 'attention_head_size': 1, 'learning_rate': 0.060387447200982436}. Best is trial 0 with value: 14.917259216308594.
LOCAL_RANK: 0 - CUDA_VISIBLE_DEVICES: [0]
[I 2023-12-27 11:01:23,052] Trial 24 finished with value: 72.79247283935547 and parameters: {'gradient_clip_val': 0.18272172709099935, 'hidden_size': 32, 'dropout': 0.18090945227229138, 'hidden_continuous_size': 5, 'attention_head_size': 2, 'learning_rate': 0.02801570197569338}. Best is trial 0 with value: 14.917259216308594.
LOCAL_RANK: 0 - CUDA_VISIBLE_DEVICES: [0]
[I 2023-12-27 11:01:23,494] Trial 25 finished with value: 57.79458999633789 and parameters: {'gradient_clip_val': 0.15781181281861578, 'hidden_size': 17, 'dropout': 0.1031161511710281, 'hidden_continuous_size': 7, 'attention_head_size': 1, 'learning_rate': 0.04175017500305917}. Best is trial 0 with value: 14.917259216308594.
LOCAL_RANK: 0 - CUDA_VISIBLE_DEVICES: [0]
[I 2023-12-27 11:01:23,989] Trial 26 finished with value: 62.1778678894043 and parameters: {'gradient_clip_val': 0.12247194242043252, 'hidden_size': 49, 'dropout': 0.1391887695169901, 'hidden_continuous_size': 10, 'attention_head_size': 3, 'learning_rate': 0.008179808418210185}. Best is trial 0 with value: 14.917259216308594.
LOCAL_RANK: 0 - CUDA_VISIBLE_DEVICES: [0]
[I 2023-12-27 11:01:24,471] Trial 27 finished with value: 50.68800354003906 and parameters: {'gradient_clip_val': 0.19833461111508832, 'hidden_size': 23, 'dropout': 0.27726837092944684, 'hidden_continuous_size': 8, 'attention_head_size': 2, 'learning_rate': 0.025524211779906464}. Best is trial 0 with value: 14.917259216308594.
LOCAL_RANK: 0 - CUDA_VISIBLE_DEVICES: [0]
[I 2023-12-27 11:01:24,953] Trial 28 finished with value: 91.07623291015625 and parameters: {'gradient_clip_val': 0.15247462357415467, 'hidden_size': 40, 'dropout': 0.23015967625014666, 'hidden_continuous_size': 5, 'attention_head_size': 1, 'learning_rate': 0.056939297163788614}. Best is trial 0 with value: 14.917259216308594.
LOCAL_RANK: 0 - CUDA_VISIBLE_DEVICES: [0]
[I 2023-12-27 11:01:25,420] Trial 29 finished with value: 52.099430084228516 and parameters: {'gradient_clip_val': 0.2254175526593801, 'hidden_size': 11, 'dropout': 0.2980339610170633, 'hidden_continuous_size': 6, 'attention_head_size': 3, 'learning_rate': 0.0036283018390897296}. Best is trial 0 with value: 14.917259216308594.
LOCAL_RANK: 0 - CUDA_VISIBLE_DEVICES: [0]
[I 2023-12-27 11:01:25,868] Trial 30 finished with value: 49.78902816772461 and parameters: {'gradient_clip_val': 0.11335192127549815, 'hidden_size': 7, 'dropout': 0.17528107619040464, 'hidden_continuous_size': 5, 'attention_head_size': 1, 'learning_rate': 0.014740608144561797}. Best is trial 0 with value: 14.917259216308594.
LOCAL_RANK: 0 - CUDA_VISIBLE_DEVICES: [0]
[I 2023-12-27 11:01:26,342] Trial 31 finished with value: 62.12907028198242 and parameters: {'gradient_clip_val': 0.17090760460078291, 'hidden_size': 34, 'dropout': 0.25293169269966853, 'hidden_continuous_size': 8, 'attention_head_size': 2, 'learning_rate': 0.03234496430074124}. Best is trial 0 with value: 14.917259216308594.
LOCAL_RANK: 0 - CUDA_VISIBLE_DEVICES: [0]
[I 2023-12-27 11:01:26,787] Trial 32 finished with value: 34.782039642333984 and parameters: {'gradient_clip_val': 0.14277191356997926, 'hidden_size': 7, 'dropout': 0.2043197632912592, 'hidden_continuous_size': 6, 'attention_head_size': 2, 'learning_rate': 0.021796459803106724}. Best is trial 0 with value: 14.917259216308594.
LOCAL_RANK: 0 - CUDA_VISIBLE_DEVICES: [0]
[I 2023-12-27 11:01:27,225] Trial 33 finished with value: 51.09769821166992 and parameters: {'gradient_clip_val': 0.13523720819378926, 'hidden_size': 7, 'dropout': 0.1967734306086497, 'hidden_continuous_size': 6, 'attention_head_size': 2, 'learning_rate': 0.019626311298733587}. Best is trial 0 with value: 14.917259216308594.
LOCAL_RANK: 0 - CUDA_VISIBLE_DEVICES: [0]
[I 2023-12-27 11:01:27,657] Trial 34 finished with value: 61.8422966003418 and parameters: {'gradient_clip_val': 0.14840057544994012, 'hidden_size': 5, 'dropout': 0.20752894233799374, 'hidden_continuous_size': 5, 'attention_head_size': 3, 'learning_rate': 0.022882700186739678}. Best is trial 0 with value: 14.917259216308594.
LOCAL_RANK: 0 - CUDA_VISIBLE_DEVICES: [0]
[I 2023-12-27 11:01:28,130] Trial 35 finished with value: 61.45695114135742 and parameters: {'gradient_clip_val': 0.11612823324005389, 'hidden_size': 8, 'dropout': 0.16886862733584357, 'hidden_continuous_size': 6, 'attention_head_size': 2, 'learning_rate': 0.015149831062680355}. Best is trial 0 with value: 14.917259216308594.
LOCAL_RANK: 0 - CUDA_VISIBLE_DEVICES: [0]
[I 2023-12-27 11:01:28,579] Trial 36 finished with value: 75.93997955322266 and parameters: {'gradient_clip_val': 0.16312875528338108, 'hidden_size': 11, 'dropout': 0.4709139295539985, 'hidden_continuous_size': 6, 'attention_head_size': 1, 'learning_rate': 0.010234255340471596}. Best is trial 0 with value: 14.917259216308594.
LOCAL_RANK: 0 - CUDA_VISIBLE_DEVICES: [0]
[I 2023-12-27 11:01:29,312] Trial 37 finished with value: 74.6250991821289 and parameters: {'gradient_clip_val': 0.13577582992351805, 'hidden_size': 6, 'dropout': 0.21799709678915674, 'hidden_continuous_size': 5, 'attention_head_size': 1, 'learning_rate': 0.01908662062781098}. Best is trial 0 with value: 14.917259216308594.
LOCAL_RANK: 0 - CUDA_VISIBLE_DEVICES: [0]
[I 2023-12-27 11:01:29,755] Trial 38 finished with value: 56.391300201416016 and parameters: {'gradient_clip_val': 0.1045395558592144, 'hidden_size': 9, 'dropout': 0.14165537589424226, 'hidden_continuous_size': 6, 'attention_head_size': 2, 'learning_rate': 0.008057552776534135}. Best is trial 0 with value: 14.917259216308594.
LOCAL_RANK: 0 - CUDA_VISIBLE_DEVICES: [0]
[I 2023-12-27 11:01:30,245] Trial 39 finished with value: 59.1964225769043 and parameters: {'gradient_clip_val': 0.2806231462640476, 'hidden_size': 14, 'dropout': 0.16630695437276838, 'hidden_continuous_size': 7, 'attention_head_size': 3, 'learning_rate': 0.012853174993979158}. Best is trial 0 with value: 14.917259216308594.
LOCAL_RANK: 0 - CUDA_VISIBLE_DEVICES: [0]
[I 2023-12-27 11:01:30,727] Trial 40 finished with value: 48.91475296020508 and parameters: {'gradient_clip_val': 0.1958189058690416, 'hidden_size': 20, 'dropout': 0.19523629134469087, 'hidden_continuous_size': 7, 'attention_head_size': 4, 'learning_rate': 0.021088117897665865}. Best is trial 0 with value: 14.917259216308594.
LOCAL_RANK: 0 - CUDA_VISIBLE_DEVICES: [0]
[I 2023-12-27 11:01:31,199] Trial 41 finished with value: 41.08895492553711 and parameters: {'gradient_clip_val': 0.1683395100644679, 'hidden_size': 12, 'dropout': 0.29106010376351266, 'hidden_continuous_size': 7, 'attention_head_size': 2, 'learning_rate': 0.04030121044613571}. Best is trial 0 with value: 14.917259216308594.
LOCAL_RANK: 0 - CUDA_VISIBLE_DEVICES: [0]
[I 2023-12-27 11:01:31,656] Trial 42 finished with value: 62.14607620239258 and parameters: {'gradient_clip_val': 0.14699087145955797, 'hidden_size': 10, 'dropout': 0.23574817439999204, 'hidden_continuous_size': 7, 'attention_head_size': 2, 'learning_rate': 0.04411478144221033}. Best is trial 0 with value: 14.917259216308594.
LOCAL_RANK: 0 - CUDA_VISIBLE_DEVICES: [0]
[I 2023-12-27 11:01:32,111] Trial 43 finished with value: 66.3758773803711 and parameters: {'gradient_clip_val': 0.11355099627441191, 'hidden_size': 12, 'dropout': 0.31180028504850027, 'hidden_continuous_size': 6, 'attention_head_size': 2, 'learning_rate': 0.06966204619704836}. Best is trial 0 with value: 14.917259216308594.
LOCAL_RANK: 0 - CUDA_VISIBLE_DEVICES: [0]
[I 2023-12-27 11:01:32,555] Trial 44 finished with value: 63.218780517578125 and parameters: {'gradient_clip_val': 0.169825303646005, 'hidden_size': 9, 'dropout': 0.33378380297911814, 'hidden_continuous_size': 7, 'attention_head_size': 2, 'learning_rate': 0.031059178635167484}. Best is trial 0 with value: 14.917259216308594.
LOCAL_RANK: 0 - CUDA_VISIBLE_DEVICES: [0]
[I 2023-12-27 11:01:33,055] Trial 45 finished with value: 51.40250015258789 and parameters: {'gradient_clip_val': 0.13715541021998676, 'hidden_size': 15, 'dropout': 0.2925232567484565, 'hidden_continuous_size': 7, 'attention_head_size': 2, 'learning_rate': 0.048160367690671675}. Best is trial 0 with value: 14.917259216308594.
LOCAL_RANK: 0 - CUDA_VISIBLE_DEVICES: [0]
[I 2023-12-27 11:01:33,509] Trial 46 finished with value: 45.73418045043945 and parameters: {'gradient_clip_val': 0.25199872486350544, 'hidden_size': 20, 'dropout': 0.27862821282329464, 'hidden_continuous_size': 8, 'attention_head_size': 1, 'learning_rate': 0.037688631382664185}. Best is trial 0 with value: 14.917259216308594.
LOCAL_RANK: 0 - CUDA_VISIBLE_DEVICES: [0]
[I 2023-12-27 11:01:33,959] Trial 47 finished with value: 68.60314178466797 and parameters: {'gradient_clip_val': 0.1292576625266298, 'hidden_size': 12, 'dropout': 0.21329950039898216, 'hidden_continuous_size': 6, 'attention_head_size': 3, 'learning_rate': 0.06584894671484634}. Best is trial 0 with value: 14.917259216308594.
LOCAL_RANK: 0 - CUDA_VISIBLE_DEVICES: [0]
[I 2023-12-27 11:01:34,448] Trial 48 finished with value: 51.12763595581055 and parameters: {'gradient_clip_val': 0.34265988292998517, 'hidden_size': 18, 'dropout': 0.3586818414929164, 'hidden_continuous_size': 8, 'attention_head_size': 2, 'learning_rate': 0.001780542584263954}. Best is trial 0 with value: 14.917259216308594.
LOCAL_RANK: 0 - CUDA_VISIBLE_DEVICES: [0]
[I 2023-12-27 11:01:34,895] Trial 49 finished with value: 68.03118133544922 and parameters: {'gradient_clip_val': 0.15531796684636331, 'hidden_size': 8, 'dropout': 0.23641341308561376, 'hidden_continuous_size': 6, 'attention_head_size': 1, 'learning_rate': 0.03798193097247484}. Best is trial 0 with value: 14.917259216308594.
[I 2023-12-27 11:01:35,024] A new study created in memory with name: no-name-ac273801-3702-4371-ab09-284efda4f764
/home/le004/conda/anaconda3/envs/tsff_env/lib/python3.9/site-packages/lightning/fabric/plugins/environments/slurm.py:191: The `srun` command is available on your system but is not used. HINT: If your intention is to run Lightning on SLURM, prepend your python command with `srun` like so: srun python /home/le004/master_thesis/git/TSFusionForecast/code/ ...
LOCAL_RANK: 0 - CUDA_VISIBLE_DEVICES: [0]
[I 2023-12-27 11:02:00,480] Trial 0 finished with value: 12.23012638092041 and parameters: {'gradient_clip_val': 0.437324067002947, 'hidden_size': 59, 'dropout': 0.21451087573325892, 'hidden_continuous_size': 13, 'attention_head_size': 1, 'learning_rate': 0.004341967000990715}. Best is trial 0 with value: 12.23012638092041.
LOCAL_RANK: 0 - CUDA_VISIBLE_DEVICES: [0]
[I 2023-12-27 11:02:00,936] Trial 1 finished with value: 44.82136154174805 and parameters: {'gradient_clip_val': 0.21525335539331736, 'hidden_size': 24, 'dropout': 0.3789628834006382, 'hidden_continuous_size': 5, 'attention_head_size': 3, 'learning_rate': 0.032882079443931844}. Best is trial 0 with value: 12.23012638092041.
LOCAL_RANK: 0 - CUDA_VISIBLE_DEVICES: [0]
[I 2023-12-27 11:02:01,421] Trial 2 finished with value: 41.46809768676758 and parameters: {'gradient_clip_val': 0.2656253173438763, 'hidden_size': 62, 'dropout': 0.36852406722217623, 'hidden_continuous_size': 46, 'attention_head_size': 4, 'learning_rate': 0.0007686814197415802}. Best is trial 0 with value: 12.23012638092041.
LOCAL_RANK: 0 - CUDA_VISIBLE_DEVICES: [0]
[I 2023-12-27 11:02:01,816] Trial 3 finished with value: 42.0533332824707 and parameters: {'gradient_clip_val': 0.5826385692714491, 'hidden_size': 7, 'dropout': 0.4099662862810255, 'hidden_continuous_size': 7, 'attention_head_size': 4, 'learning_rate': 0.004575456045159954}. Best is trial 0 with value: 12.23012638092041.
LOCAL_RANK: 0 - CUDA_VISIBLE_DEVICES: [0]
[I 2023-12-27 11:02:02,237] Trial 4 finished with value: 43.47708511352539 and parameters: {'gradient_clip_val': 0.5251014998679004, 'hidden_size': 7, 'dropout': 0.32799017026990895, 'hidden_continuous_size': 6, 'attention_head_size': 3, 'learning_rate': 0.01211360456353805}. Best is trial 0 with value: 12.23012638092041.
LOCAL_RANK: 0 - CUDA_VISIBLE_DEVICES: [0]
[I 2023-12-27 11:02:02,711] Trial 5 finished with value: 52.165523529052734 and parameters: {'gradient_clip_val': 0.5958569623107908, 'hidden_size': 30, 'dropout': 0.26071332327963287, 'hidden_continuous_size': 22, 'attention_head_size': 3, 'learning_rate': 0.0011405751271401704}. Best is trial 0 with value: 12.23012638092041.
LOCAL_RANK: 0 - CUDA_VISIBLE_DEVICES: [0]
[I 2023-12-27 11:02:03,133] Trial 6 finished with value: 47.52864456176758 and parameters: {'gradient_clip_val': 0.5249354366608123, 'hidden_size': 7, 'dropout': 0.39324728163081735, 'hidden_continuous_size': 6, 'attention_head_size': 4, 'learning_rate': 0.023456301089171936}. Best is trial 0 with value: 12.23012638092041.
LOCAL_RANK: 0 - CUDA_VISIBLE_DEVICES: [0]
[I 2023-12-27 11:02:03,564] Trial 7 finished with value: 44.46295166015625 and parameters: {'gradient_clip_val': 0.8645713949255064, 'hidden_size': 41, 'dropout': 0.3049004657477, 'hidden_continuous_size': 5, 'attention_head_size': 1, 'learning_rate': 0.005514134813269313}. Best is trial 0 with value: 12.23012638092041.
LOCAL_RANK: 0 - CUDA_VISIBLE_DEVICES: [0]
[I 2023-12-27 11:02:03,994] Trial 8 finished with value: 59.20905685424805 and parameters: {'gradient_clip_val': 0.700767689096267, 'hidden_size': 6, 'dropout': 0.4832591953286903, 'hidden_continuous_size': 5, 'attention_head_size': 4, 'learning_rate': 0.0022948942782050987}. Best is trial 0 with value: 12.23012638092041.
LOCAL_RANK: 0 - CUDA_VISIBLE_DEVICES: [0]
[I 2023-12-27 11:02:04,455] Trial 9 finished with value: 52.08534622192383 and parameters: {'gradient_clip_val': 0.9159453458195606, 'hidden_size': 31, 'dropout': 0.24235966691058664, 'hidden_continuous_size': 8, 'attention_head_size': 3, 'learning_rate': 0.02375930175612017}. Best is trial 0 with value: 12.23012638092041.
LOCAL_RANK: 0 - CUDA_VISIBLE_DEVICES: [0]
[I 2023-12-27 11:02:04,990] Trial 10 finished with value: 54.4577522277832 and parameters: {'gradient_clip_val': 0.13325329732305197, 'hidden_size': 124, 'dropout': 0.1387177401180369, 'hidden_continuous_size': 119, 'attention_head_size': 1, 'learning_rate': 0.09780354819202261}. Best is trial 0 with value: 12.23012638092041.
LOCAL_RANK: 0 - CUDA_VISIBLE_DEVICES: [0]
[I 2023-12-27 11:02:05,762] Trial 11 finished with value: 42.3883171081543 and parameters: {'gradient_clip_val': 0.3007117832921424, 'hidden_size': 83, 'dropout': 0.20064779015927428, 'hidden_continuous_size': 24, 'attention_head_size': 2, 'learning_rate': 0.0006579597540286095}. Best is trial 0 with value: 12.23012638092041.
LOCAL_RANK: 0 - CUDA_VISIBLE_DEVICES: [0]
[I 2023-12-27 11:02:06,261] Trial 12 finished with value: 34.24385070800781 and parameters: {'gradient_clip_val': 0.3767283462146041, 'hidden_size': 64, 'dropout': 0.15787786818800156, 'hidden_continuous_size': 13, 'attention_head_size': 2, 'learning_rate': 0.0005411263578571304}. Best is trial 0 with value: 12.23012638092041.
LOCAL_RANK: 0 - CUDA_VISIBLE_DEVICES: [0]
[I 2023-12-27 11:02:06,787] Trial 13 finished with value: 46.55647659301758 and parameters: {'gradient_clip_val': 0.40888339366327414, 'hidden_size': 146, 'dropout': 0.11011798255481378, 'hidden_continuous_size': 12, 'attention_head_size': 2, 'learning_rate': 0.001998436603283016}. Best is trial 0 with value: 12.23012638092041.
LOCAL_RANK: 0 - CUDA_VISIBLE_DEVICES: [0]
[I 2023-12-27 11:02:07,275] Trial 14 finished with value: 38.59414291381836 and parameters: {'gradient_clip_val': 0.38071689938091513, 'hidden_size': 61, 'dropout': 0.16933508007670156, 'hidden_continuous_size': 11, 'attention_head_size': 1, 'learning_rate': 0.0005247262770668725}. Best is trial 0 with value: 12.23012638092041.
LOCAL_RANK: 0 - CUDA_VISIBLE_DEVICES: [0]
[I 2023-12-27 11:02:07,776] Trial 15 finished with value: 56.56572341918945 and parameters: {'gradient_clip_val': 0.41287177145703796, 'hidden_size': 96, 'dropout': 0.19586215987731734, 'hidden_continuous_size': 14, 'attention_head_size': 2, 'learning_rate': 0.0016955155387456205}. Best is trial 0 with value: 12.23012638092041.
LOCAL_RANK: 0 - CUDA_VISIBLE_DEVICES: [0]
[I 2023-12-27 11:02:08,256] Trial 16 finished with value: 52.73179244995117 and parameters: {'gradient_clip_val': 0.22870463507738936, 'hidden_size': 48, 'dropout': 0.10914584077066172, 'hidden_continuous_size': 9, 'attention_head_size': 1, 'learning_rate': 0.002783457895949437}. Best is trial 0 with value: 12.23012638092041.
LOCAL_RANK: 0 - CUDA_VISIBLE_DEVICES: [0]
[I 2023-12-27 11:02:08,758] Trial 17 finished with value: 53.2763786315918 and parameters: {'gradient_clip_val': 0.37427921008768333, 'hidden_size': 82, 'dropout': 0.24797061753834185, 'hidden_continuous_size': 17, 'attention_head_size': 2, 'learning_rate': 0.0011733384750810662}. Best is trial 0 with value: 12.23012638092041.
LOCAL_RANK: 0 - CUDA_VISIBLE_DEVICES: [0]
