[I 2023-12-26 13:19:25,717] Trial 11 finished with value: 195.3292236328125 and parameters: {'gradient_clip_val': 0.3691607905838777, 'hidden_size': 5, 'dropout': 0.33220706995525706, 'hidden_continuous_size': 5, 'attention_head_size': 2, 'learning_rate': 0.015152305384432517}. Best is trial 0 with value: 76.40282440185547.
[I 2023-12-26 13:19:30,768] Trial 12 finished with value: 316.0613098144531 and parameters: {'gradient_clip_val': 0.3214157083275031, 'hidden_size': 54, 'dropout': 0.16931412592406284, 'hidden_continuous_size': 28, 'attention_head_size': 3, 'learning_rate': 0.014574450835489465}. Best is trial 0 with value: 76.40282440185547.
[I 2023-12-26 13:19:32,911] Trial 13 finished with value: 169.02340698242188 and parameters: {'gradient_clip_val': 0.8569184360232244, 'hidden_size': 5, 'dropout': 0.36401211708583703, 'hidden_continuous_size': 5, 'attention_head_size': 2, 'learning_rate': 0.009069765745278766}. Best is trial 0 with value: 76.40282440185547.
[I 2023-12-26 13:19:35,334] Trial 14 finished with value: 202.55885314941406 and parameters: {'gradient_clip_val': 0.9703360357781657, 'hidden_size': 5, 'dropout': 0.36501809124882756, 'hidden_continuous_size': 5, 'attention_head_size': 2, 'learning_rate': 0.003289281417651782}. Best is trial 0 with value: 76.40282440185547.
[I 2023-12-26 13:19:37,445] Trial 15 finished with value: 282.78448486328125 and parameters: {'gradient_clip_val': 0.6831253463144195, 'hidden_size': 5, 'dropout': 0.4044654507818979, 'hidden_continuous_size': 5, 'attention_head_size': 4, 'learning_rate': 0.007634688112276479}. Best is trial 0 with value: 76.40282440185547.
[I 2023-12-26 13:19:40,045] Trial 16 finished with value: 250.4608917236328 and parameters: {'gradient_clip_val': 0.78603443914914, 'hidden_size': 15, 'dropout': 0.275688209913533, 'hidden_continuous_size': 6, 'attention_head_size': 3, 'learning_rate': 0.001534625335181839}. Best is trial 0 with value: 76.40282440185547.
[I 2023-12-26 13:19:42,381] Trial 17 finished with value: 182.8459930419922 and parameters: {'gradient_clip_val': 0.9351049559146525, 'hidden_size': 7, 'dropout': 0.33768384697445025, 'hidden_continuous_size': 5, 'attention_head_size': 2, 'learning_rate': 0.00874493821761511}. Best is trial 0 with value: 76.40282440185547.
[I 2023-12-26 13:19:44,764] Trial 18 finished with value: 204.5585174560547 and parameters: {'gradient_clip_val': 0.591691951116172, 'hidden_size': 7, 'dropout': 0.4236701141954923, 'hidden_continuous_size': 5, 'attention_head_size': 3, 'learning_rate': 0.003974271190016027}. Best is trial 0 with value: 76.40282440185547.
[I 2023-12-26 13:19:47,404] Trial 19 finished with value: 224.67176818847656 and parameters: {'gradient_clip_val': 0.7829051548461049, 'hidden_size': 15, 'dropout': 0.3045451433947652, 'hidden_continuous_size': 6, 'attention_head_size': 1, 'learning_rate': 0.008899294944476749}. Best is trial 0 with value: 76.40282440185547.
[I 2023-12-26 13:19:49,905] Trial 20 finished with value: 223.2433624267578 and parameters: {'gradient_clip_val': 0.51539773243508, 'hidden_size': 11, 'dropout': 0.4369453303343922, 'hidden_continuous_size': 7, 'attention_head_size': 2, 'learning_rate': 0.027765187590790302}. Best is trial 0 with value: 76.40282440185547.
[I 2023-12-26 13:19:52,407] Trial 21 finished with value: 203.45542907714844 and parameters: {'gradient_clip_val': 0.43018203587096226, 'hidden_size': 17, 'dropout': 0.35150298853873435, 'hidden_continuous_size': 8, 'attention_head_size': 2, 'learning_rate': 0.012433047440337703}. Best is trial 0 with value: 76.40282440185547.
[I 2023-12-26 13:19:54,751] Trial 22 finished with value: 184.07435607910156 and parameters: {'gradient_clip_val': 0.43780961191145534, 'hidden_size': 7, 'dropout': 0.23135808787778733, 'hidden_continuous_size': 5, 'attention_head_size': 2, 'learning_rate': 0.02893178572329404}. Best is trial 0 with value: 76.40282440185547.
[I 2023-12-26 13:19:57,480] Trial 23 finished with value: 173.83270263671875 and parameters: {'gradient_clip_val': 0.11302204131841398, 'hidden_size': 20, 'dropout': 0.2878581115596298, 'hidden_continuous_size': 9, 'attention_head_size': 2, 'learning_rate': 0.0055697631820673275}. Best is trial 0 with value: 76.40282440185547.
[I 2023-12-26 13:20:01,141] Trial 24 finished with value: 251.7314453125 and parameters: {'gradient_clip_val': 0.6555883205687383, 'hidden_size': 36, 'dropout': 0.140343477235014, 'hidden_continuous_size': 11, 'attention_head_size': 3, 'learning_rate': 0.00997852141463093}. Best is trial 0 with value: 76.40282440185547.
[I 2023-12-26 13:20:03,574] Trial 25 finished with value: 175.545166015625 and parameters: {'gradient_clip_val': 0.5038674132262048, 'hidden_size': 10, 'dropout': 0.16085241150957297, 'hidden_continuous_size': 6, 'attention_head_size': 2, 'learning_rate': 0.018512389911526043}. Best is trial 0 with value: 76.40282440185547.
[I 2023-12-26 13:20:06,185] Trial 26 finished with value: 239.378662109375 and parameters: {'gradient_clip_val': 0.748449139843897, 'hidden_size': 6, 'dropout': 0.23718263266139059, 'hidden_continuous_size': 5, 'attention_head_size': 1, 'learning_rate': 0.011820035917587405}. Best is trial 0 with value: 76.40282440185547.
[I 2023-12-26 13:20:08,623] Trial 27 finished with value: 194.79383850097656 and parameters: {'gradient_clip_val': 0.6124608028495646, 'hidden_size': 10, 'dropout': 0.3198333664893616, 'hidden_continuous_size': 7, 'attention_head_size': 2, 'learning_rate': 0.006517256914783891}. Best is trial 0 with value: 76.40282440185547.
[I 2023-12-26 13:20:10,958] Trial 28 finished with value: 211.70513916015625 and parameters: {'gradient_clip_val': 0.8390780854637938, 'hidden_size': 8, 'dropout': 0.26799593018634155, 'hidden_continuous_size': 6, 'attention_head_size': 3, 'learning_rate': 0.0041417536308155116}. Best is trial 0 with value: 76.40282440185547.
[I 2023-12-26 13:20:13,429] Trial 29 finished with value: 190.0329132080078 and parameters: {'gradient_clip_val': 0.5516275712060116, 'hidden_size': 9, 'dropout': 0.21404354085372593, 'hidden_continuous_size': 6, 'attention_head_size': 2, 'learning_rate': 0.009053865094400104}. Best is trial 0 with value: 76.40282440185547.
[I 2023-12-26 13:20:15,717] Trial 30 finished with value: 266.9752502441406 and parameters: {'gradient_clip_val': 0.6464532043769142, 'hidden_size': 6, 'dropout': 0.11281255201096074, 'hidden_continuous_size': 5, 'attention_head_size': 1, 'learning_rate': 0.024182960649082746}. Best is trial 0 with value: 76.40282440185547.
[I 2023-12-26 13:20:26,216] Trial 31 finished with value: 156.7963409423828 and parameters: {'gradient_clip_val': 0.36255383516044004, 'hidden_size': 126, 'dropout': 0.48759896349830406, 'hidden_continuous_size': 55, 'attention_head_size': 3, 'learning_rate': 0.08310454079556508}. Best is trial 0 with value: 76.40282440185547.
[I 2023-12-26 13:20:34,325] Trial 32 finished with value: 172.4205322265625 and parameters: {'gradient_clip_val': 0.38363695264289366, 'hidden_size': 95, 'dropout': 0.3682133379751177, 'hidden_continuous_size': 34, 'attention_head_size': 3, 'learning_rate': 0.04429860611566906}. Best is trial 0 with value: 76.40282440185547.
[I 2023-12-26 13:20:46,432] Trial 33 finished with value: 161.84825134277344 and parameters: {'gradient_clip_val': 0.3647118866790321, 'hidden_size': 149, 'dropout': 0.36917857855206526, 'hidden_continuous_size': 41, 'attention_head_size': 4, 'learning_rate': 0.047944500677208346}. Best is trial 0 with value: 76.40282440185547.
[I 2023-12-26 13:20:58,025] Trial 34 finished with value: 123.94100189208984 and parameters: {'gradient_clip_val': 0.2465826125522827, 'hidden_size': 140, 'dropout': 0.30940991352960245, 'hidden_continuous_size': 46, 'attention_head_size': 4, 'learning_rate': 0.09987339475465858}. Best is trial 0 with value: 76.40282440185547.
[I 2023-12-26 13:21:10,189] Trial 35 finished with value: 121.88556671142578 and parameters: {'gradient_clip_val': 0.2717685815288991, 'hidden_size': 147, 'dropout': 0.308715941762027, 'hidden_continuous_size': 44, 'attention_head_size': 4, 'learning_rate': 0.09462886753009984}. Best is trial 0 with value: 76.40282440185547.
[I 2023-12-26 13:21:18,419] Trial 36 finished with value: 152.13743591308594 and parameters: {'gradient_clip_val': 0.26052869352821495, 'hidden_size': 91, 'dropout': 0.3076129135582534, 'hidden_continuous_size': 53, 'attention_head_size': 4, 'learning_rate': 0.08509560530762687}. Best is trial 0 with value: 76.40282440185547.
[I 2023-12-26 13:21:26,541] Trial 37 finished with value: 166.21592712402344 and parameters: {'gradient_clip_val': 0.2660397133176211, 'hidden_size': 93, 'dropout': 0.30552498277425366, 'hidden_continuous_size': 53, 'attention_head_size': 4, 'learning_rate': 0.09272056705848582}. Best is trial 0 with value: 76.40282440185547.
[I 2023-12-26 13:21:34,348] Trial 38 finished with value: 187.7997589111328 and parameters: {'gradient_clip_val': 0.24256554392077728, 'hidden_size': 88, 'dropout': 0.29142300354042044, 'hidden_continuous_size': 23, 'attention_head_size': 4, 'learning_rate': 0.06953753411266633}. Best is trial 0 with value: 76.40282440185547.
[I 2023-12-26 13:21:40,669] Trial 39 finished with value: 200.95359802246094 and parameters: {'gradient_clip_val': 0.21673372655858641, 'hidden_size': 70, 'dropout': 0.320649819863046, 'hidden_continuous_size': 17, 'attention_head_size': 4, 'learning_rate': 0.05567095183837551}. Best is trial 0 with value: 76.40282440185547.
[I 2023-12-26 13:21:53,899] Trial 40 finished with value: 162.89886474609375 and parameters: {'gradient_clip_val': 0.291461355489579, 'hidden_size': 148, 'dropout': 0.2664902249837702, 'hidden_continuous_size': 114, 'attention_head_size': 4, 'learning_rate': 0.04143303441007355}. Best is trial 0 with value: 76.40282440185547.
[I 2023-12-26 13:22:03,928] Trial 41 finished with value: 146.25828552246094 and parameters: {'gradient_clip_val': 0.2289378959028874, 'hidden_size': 117, 'dropout': 0.30200156175094445, 'hidden_continuous_size': 54, 'attention_head_size': 4, 'learning_rate': 0.09847326441125372}. Best is trial 0 with value: 76.40282440185547.
[I 2023-12-26 13:22:13,673] Trial 42 finished with value: 108.23123931884766 and parameters: {'gradient_clip_val': 0.2174395492406193, 'hidden_size': 116, 'dropout': 0.307974068289746, 'hidden_continuous_size': 47, 'attention_head_size': 4, 'learning_rate': 0.09754138556092952}. Best is trial 0 with value: 76.40282440185547.
[I 2023-12-26 13:22:24,004] Trial 43 finished with value: 183.90699768066406 and parameters: {'gradient_clip_val': 0.19877246518828726, 'hidden_size': 126, 'dropout': 0.33178156020725474, 'hidden_continuous_size': 43, 'attention_head_size': 4, 'learning_rate': 0.06563895383779614}. Best is trial 0 with value: 76.40282440185547.
[I 2023-12-26 13:22:33,026] Trial 44 finished with value: 159.7914581298828 and parameters: {'gradient_clip_val': 0.22165802207304416, 'hidden_size': 105, 'dropout': 0.2886447780627422, 'hidden_continuous_size': 64, 'attention_head_size': 4, 'learning_rate': 0.09929013567175754}. Best is trial 0 with value: 76.40282440185547.
[I 2023-12-26 13:22:42,481] Trial 45 finished with value: 151.4873809814453 and parameters: {'gradient_clip_val': 0.1796379665550273, 'hidden_size': 111, 'dropout': 0.26225826989675943, 'hidden_continuous_size': 38, 'attention_head_size': 4, 'learning_rate': 0.07001884807850242}. Best is trial 0 with value: 76.40282440185547.
[I 2023-12-26 13:22:49,245] Trial 46 finished with value: 183.61656188964844 and parameters: {'gradient_clip_val': 0.28448001293341885, 'hidden_size': 76, 'dropout': 0.28432637194211224, 'hidden_continuous_size': 31, 'attention_head_size': 4, 'learning_rate': 0.06477358625439858}. Best is trial 0 with value: 76.40282440185547.
[I 2023-12-26 13:22:58,849] Trial 47 finished with value: 199.4895477294922 and parameters: {'gradient_clip_val': 0.3201150355917172, 'hidden_size': 114, 'dropout': 0.25381008689855505, 'hidden_continuous_size': 47, 'attention_head_size': 4, 'learning_rate': 0.036901305780898036}. Best is trial 0 with value: 76.40282440185547.
[I 2023-12-26 13:23:10,793] Trial 48 finished with value: 169.0186004638672 and parameters: {'gradient_clip_val': 0.23936709529345224, 'hidden_size': 150, 'dropout': 0.32037287958408894, 'hidden_continuous_size': 33, 'attention_head_size': 4, 'learning_rate': 0.09981229995843227}. Best is trial 0 with value: 76.40282440185547.
[I 2023-12-26 13:23:16,591] Trial 49 finished with value: 166.4638671875 and parameters: {'gradient_clip_val': 0.16763470512475456, 'hidden_size': 58, 'dropout': 0.345776561004601, 'hidden_continuous_size': 24, 'attention_head_size': 4, 'learning_rate': 0.05189999161629593}. Best is trial 0 with value: 76.40282440185547.
[I 2023-12-26 13:23:16,741] A new study created in memory with name: no-name-347d7581-8d2d-4fc0-9e57-ecfbe74687e6
/home/le004/conda/anaconda3/envs/tsff_env/lib/python3.9/site-packages/lightning/fabric/plugins/environments/slurm.py:191: The `srun` command is available on your system but is not used. HINT: If your intention is to run Lightning on SLURM, prepend your python command with `srun` like so: srun python /home/le004/master_thesis/git/TSFusionForecast/code/ ...
[I 2023-12-26 13:26:23,906] Trial 0 finished with value: 11.613308906555176 and parameters: {'gradient_clip_val': 0.6052547493507376, 'hidden_size': 33, 'dropout': 0.19838744655742177, 'hidden_continuous_size': 5, 'attention_head_size': 4, 'learning_rate': 0.04748013429050906}. Best is trial 0 with value: 11.613308906555176.
[I 2023-12-26 13:26:26,076] Trial 1 finished with value: 23.45111656188965 and parameters: {'gradient_clip_val': 0.6968456549949916, 'hidden_size': 8, 'dropout': 0.10797993708969655, 'hidden_continuous_size': 7, 'attention_head_size': 1, 'learning_rate': 0.003611532139852564}. Best is trial 0 with value: 11.613308906555176.
[I 2023-12-26 13:26:28,364] Trial 2 finished with value: 29.675554275512695 and parameters: {'gradient_clip_val': 0.5980198641764143, 'hidden_size': 8, 'dropout': 0.14260079690360797, 'hidden_continuous_size': 6, 'attention_head_size': 2, 'learning_rate': 0.017817732404580088}. Best is trial 0 with value: 11.613308906555176.
[I 2023-12-26 13:26:31,397] Trial 3 finished with value: 25.660608291625977 and parameters: {'gradient_clip_val': 0.28270831057134466, 'hidden_size': 25, 'dropout': 0.17081738054268863, 'hidden_continuous_size': 14, 'attention_head_size': 2, 'learning_rate': 0.06351711462829708}. Best is trial 0 with value: 11.613308906555176.
[I 2023-12-26 13:26:33,598] Trial 4 finished with value: 31.133615493774414 and parameters: {'gradient_clip_val': 0.16953956027630676, 'hidden_size': 13, 'dropout': 0.19649603917487857, 'hidden_continuous_size': 12, 'attention_head_size': 2, 'learning_rate': 0.0374529042152809}. Best is trial 0 with value: 11.613308906555176.
[I 2023-12-26 13:26:35,914] Trial 5 finished with value: 22.798479080200195 and parameters: {'gradient_clip_val': 0.13170242789823355, 'hidden_size': 15, 'dropout': 0.41637180506448623, 'hidden_continuous_size': 10, 'attention_head_size': 4, 'learning_rate': 0.02391651253536798}. Best is trial 0 with value: 11.613308906555176.
[I 2023-12-26 13:26:38,139] Trial 6 finished with value: 27.145177841186523 and parameters: {'gradient_clip_val': 0.24818755094328707, 'hidden_size': 10, 'dropout': 0.10491865507471868, 'hidden_continuous_size': 8, 'attention_head_size': 2, 'learning_rate': 0.06292276591689192}. Best is trial 0 with value: 11.613308906555176.
[I 2023-12-26 13:26:40,474] Trial 7 finished with value: 19.147554397583008 and parameters: {'gradient_clip_val': 0.12026363091112964, 'hidden_size': 18, 'dropout': 0.43145451309475347, 'hidden_continuous_size': 14, 'attention_head_size': 4, 'learning_rate': 0.0015206227629498475}. Best is trial 0 with value: 11.613308906555176.
[I 2023-12-26 13:26:44,039] Trial 8 finished with value: 25.989683151245117 and parameters: {'gradient_clip_val': 0.17502706331791062, 'hidden_size': 41, 'dropout': 0.3159973042302694, 'hidden_continuous_size': 30, 'attention_head_size': 2, 'learning_rate': 0.028298862577129085}. Best is trial 0 with value: 11.613308906555176.
[I 2023-12-26 13:26:46,631] Trial 9 finished with value: 18.418254852294922 and parameters: {'gradient_clip_val': 0.1872476758177663, 'hidden_size': 28, 'dropout': 0.41227207569982594, 'hidden_continuous_size': 6, 'attention_head_size': 3, 'learning_rate': 0.014508184021035755}. Best is trial 0 with value: 11.613308906555176.
[I 2023-12-26 13:26:53,275] Trial 10 finished with value: 16.43151092529297 and parameters: {'gradient_clip_val': 0.4497010696080411, 'hidden_size': 100, 'dropout': 0.24737258144529273, 'hidden_continuous_size': 63, 'attention_head_size': 4, 'learning_rate': 0.0059807901963929416}. Best is trial 0 with value: 11.613308906555176.
[I 2023-12-26 13:27:01,408] Trial 11 finished with value: 20.738536834716797 and parameters: {'gradient_clip_val': 0.42109540491929653, 'hidden_size': 119, 'dropout': 0.23918800818056118, 'hidden_continuous_size': 66, 'attention_head_size': 4, 'learning_rate': 0.0065566747013445685}. Best is trial 0 with value: 11.613308906555176.
[I 2023-12-26 13:27:08,544] Trial 12 finished with value: 23.368310928344727 and parameters: {'gradient_clip_val': 0.8565552780974732, 'hidden_size': 83, 'dropout': 0.2590101279621417, 'hidden_continuous_size': 30, 'attention_head_size': 3, 'learning_rate': 0.0005084879270757049}. Best is trial 0 with value: 11.613308906555176.
[I 2023-12-26 13:27:13,892] Trial 13 finished with value: 18.467859268188477 and parameters: {'gradient_clip_val': 0.4580708803938177, 'hidden_size': 64, 'dropout': 0.3268078618965342, 'hidden_continuous_size': 21, 'attention_head_size': 4, 'learning_rate': 0.007140658387593581}. Best is trial 0 with value: 11.613308906555176.
[I 2023-12-26 13:27:25,954] Trial 14 finished with value: 15.11026382446289 and parameters: {'gradient_clip_val': 0.44993300372236256, 'hidden_size': 132, 'dropout': 0.22506561106467976, 'hidden_continuous_size': 122, 'attention_head_size': 3, 'learning_rate': 0.09850284072576407}. Best is trial 0 with value: 11.613308906555176.
[I 2023-12-26 13:27:28,116] Trial 15 finished with value: 28.891082763671875 and parameters: {'gradient_clip_val': 0.9346033114454734, 'hidden_size': 5, 'dropout': 0.19736158283479144, 'hidden_continuous_size': 5, 'attention_head_size': 3, 'learning_rate': 0.09961580749453404}. Best is trial 0 with value: 11.613308906555176.
[I 2023-12-26 13:27:33,139] Trial 16 finished with value: 23.648269653320312 and parameters: {'gradient_clip_val': 0.37047648334779953, 'hidden_size': 57, 'dropout': 0.4871063548594107, 'hidden_continuous_size': 5, 'attention_head_size': 3, 'learning_rate': 0.08385844211773315}. Best is trial 0 with value: 11.613308906555176.
[I 2023-12-26 13:27:45,134] Trial 17 finished with value: 20.07582664489746 and parameters: {'gradient_clip_val': 0.6189227698806654, 'hidden_size': 130, 'dropout': 0.2883000881885324, 'hidden_continuous_size': 124, 'attention_head_size': 3, 'learning_rate': 0.04026368329723898}. Best is trial 0 with value: 11.613308906555176.
[I 2023-12-26 13:27:55,324] Trial 18 finished with value: 19.751211166381836 and parameters: {'gradient_clip_val': 0.5479032131372759, 'hidden_size': 136, 'dropout': 0.20095915522813496, 'hidden_continuous_size': 21, 'attention_head_size': 1, 'learning_rate': 0.048327003546814136}. Best is trial 0 with value: 11.613308906555176.
[I 2023-12-26 13:27:59,975] Trial 19 finished with value: 27.185556411743164 and parameters: {'gradient_clip_val': 0.3527071440191633, 'hidden_size': 51, 'dropout': 0.15165571928448793, 'hidden_continuous_size': 10, 'attention_head_size': 4, 'learning_rate': 0.08930904528014617}. Best is trial 0 with value: 11.613308906555176.
[I 2023-12-26 13:28:05,936] Trial 20 finished with value: 29.04213523864746 and parameters: {'gradient_clip_val': 0.8008264938234407, 'hidden_size': 84, 'dropout': 0.22550291562860514, 'hidden_continuous_size': 8, 'attention_head_size': 3, 'learning_rate': 0.04961650021605402}. Best is trial 0 with value: 11.613308906555176.
[I 2023-12-26 13:28:13,727] Trial 21 finished with value: 28.73348045349121 and parameters: {'gradient_clip_val': 0.4827781502470994, 'hidden_size': 89, 'dropout': 0.2561243066429568, 'hidden_continuous_size': 89, 'attention_head_size': 4, 'learning_rate': 0.013447811723302226}. Best is trial 0 with value: 11.613308906555176.
[I 2023-12-26 13:28:24,729] Trial 22 finished with value: 20.873001098632812 and parameters: {'gradient_clip_val': 0.5099255727942767, 'hidden_size': 149, 'dropout': 0.2713695047613948, 'hidden_continuous_size': 52, 'attention_head_size': 4, 'learning_rate': 0.029351543348101927}. Best is trial 0 with value: 11.613308906555176.
[I 2023-12-26 13:28:32,462] Trial 23 finished with value: 26.975805282592773 and parameters: {'gradient_clip_val': 0.4012911441966028, 'hidden_size': 100, 'dropout': 0.2237333705579594, 'hidden_continuous_size': 50, 'attention_head_size': 4, 'learning_rate': 0.06068824059389674}. Best is trial 0 with value: 11.613308906555176.
[I 2023-12-26 13:28:38,301] Trial 24 finished with value: 26.058645248413086 and parameters: {'gradient_clip_val': 0.6994226353884656, 'hidden_size': 72, 'dropout': 0.3020709677948163, 'hidden_continuous_size': 35, 'attention_head_size': 3, 'learning_rate': 0.09594958082844432}. Best is trial 0 with value: 11.613308906555176.
[I 2023-12-26 13:28:47,919] Trial 25 finished with value: 33.573570251464844 and parameters: {'gradient_clip_val': 0.4827273762883911, 'hidden_size': 108, 'dropout': 0.1688278328790166, 'hidden_continuous_size': 82, 'attention_head_size': 4, 'learning_rate': 0.010104174515111848}. Best is trial 0 with value: 11.613308906555176.
