[I 2023-12-26 17:16:45,816] Trial 49 finished with value: 3.2785627841949463 and parameters: {'gradient_clip_val': 0.6687889877089813, 'hidden_size': 128, 'dropout': 0.22210862089154387, 'hidden_continuous_size': 105, 'attention_head_size': 4, 'learning_rate': 0.02626502060714435}. Best is trial 0 with value: 0.052069198340177536.
[I 2023-12-26 17:16:45,933] A new study created in memory with name: no-name-296ba088-8a64-4c23-8325-7cb9e30eeaf5
/home/le004/conda/anaconda3/envs/tsff_env/lib/python3.9/site-packages/lightning/fabric/plugins/environments/slurm.py:191: The `srun` command is available on your system but is not used. HINT: If your intention is to run Lightning on SLURM, prepend your python command with `srun` like so: srun python /home/le004/master_thesis/git/TSFusionForecast/code/ ...
[I 2023-12-26 17:20:49,980] Trial 0 finished with value: 0.09915328770875931 and parameters: {'gradient_clip_val': 0.22485179991209256, 'hidden_size': 28, 'dropout': 0.3198869559638784, 'hidden_continuous_size': 7, 'attention_head_size': 1, 'learning_rate': 0.0028529995355642897}. Best is trial 0 with value: 0.09915328770875931.
[I 2023-12-26 17:20:59,804] Trial 1 finished with value: 2.6579933166503906 and parameters: {'gradient_clip_val': 0.9783129004544563, 'hidden_size': 114, 'dropout': 0.26915313512528405, 'hidden_continuous_size': 62, 'attention_head_size': 1, 'learning_rate': 0.0005166378666003795}. Best is trial 0 with value: 0.09915328770875931.
[I 2023-12-26 17:21:01,583] Trial 2 finished with value: 2.2553961277008057 and parameters: {'gradient_clip_val': 0.5907651861984828, 'hidden_size': 6, 'dropout': 0.20130300730922826, 'hidden_continuous_size': 6, 'attention_head_size': 3, 'learning_rate': 0.010381451558451568}. Best is trial 0 with value: 0.09915328770875931.
[I 2023-12-26 17:21:11,101] Trial 3 finished with value: 2.232407331466675 and parameters: {'gradient_clip_val': 0.14192544602557072, 'hidden_size': 149, 'dropout': 0.1944460010071798, 'hidden_continuous_size': 20, 'attention_head_size': 4, 'learning_rate': 0.038405134895550926}. Best is trial 0 with value: 0.09915328770875931.
[I 2023-12-26 17:21:13,278] Trial 4 finished with value: 2.3788015842437744 and parameters: {'gradient_clip_val': 0.8061894291299352, 'hidden_size': 18, 'dropout': 0.49475953853297394, 'hidden_continuous_size': 7, 'attention_head_size': 4, 'learning_rate': 0.08376825848570578}. Best is trial 0 with value: 0.09915328770875931.
[I 2023-12-26 17:21:15,453] Trial 5 finished with value: 2.2346761226654053 and parameters: {'gradient_clip_val': 0.4327007009097155, 'hidden_size': 15, 'dropout': 0.2626145390380717, 'hidden_continuous_size': 7, 'attention_head_size': 4, 'learning_rate': 0.0073475515355084136}. Best is trial 0 with value: 0.09915328770875931.
[I 2023-12-26 17:21:21,959] Trial 6 finished with value: 2.0753896236419678 and parameters: {'gradient_clip_val': 0.5170407415171205, 'hidden_size': 108, 'dropout': 0.1713057267660617, 'hidden_continuous_size': 20, 'attention_head_size': 2, 'learning_rate': 0.0011255049725733051}. Best is trial 0 with value: 0.09915328770875931.
[I 2023-12-26 17:21:26,935] Trial 7 finished with value: 1.8614577054977417 and parameters: {'gradient_clip_val': 0.238575243537906, 'hidden_size': 73, 'dropout': 0.2667400332816626, 'hidden_continuous_size': 62, 'attention_head_size': 4, 'learning_rate': 0.06626287550366122}. Best is trial 0 with value: 0.09915328770875931.
[I 2023-12-26 17:21:31,528] Trial 8 finished with value: 1.760668158531189 and parameters: {'gradient_clip_val': 0.1578974165617175, 'hidden_size': 77, 'dropout': 0.186151052426836, 'hidden_continuous_size': 13, 'attention_head_size': 1, 'learning_rate': 0.050819923165017156}. Best is trial 0 with value: 0.09915328770875931.
[I 2023-12-26 17:21:40,031] Trial 9 finished with value: 2.030043125152588 and parameters: {'gradient_clip_val': 0.19935706439483047, 'hidden_size': 103, 'dropout': 0.31195532803482373, 'hidden_continuous_size': 44, 'attention_head_size': 1, 'learning_rate': 0.0034093248711008885}. Best is trial 0 with value: 0.09915328770875931.
[I 2023-12-26 17:21:43,573] Trial 10 finished with value: 1.7176426649093628 and parameters: {'gradient_clip_val': 0.27931940437605396, 'hidden_size': 37, 'dropout': 0.36762764934469633, 'hidden_continuous_size': 5, 'attention_head_size': 2, 'learning_rate': 0.002424501275025777}. Best is trial 0 with value: 0.09915328770875931.
[I 2023-12-26 17:21:47,104] Trial 11 finished with value: 2.445444345474243 and parameters: {'gradient_clip_val': 0.29852476001178146, 'hidden_size': 36, 'dropout': 0.37212726962694964, 'hidden_continuous_size': 5, 'attention_head_size': 2, 'learning_rate': 0.0026670633958594224}. Best is trial 0 with value: 0.09915328770875931.
[I 2023-12-26 17:21:50,578] Trial 12 finished with value: 2.244356393814087 and parameters: {'gradient_clip_val': 0.10811065870098813, 'hidden_size': 37, 'dropout': 0.3732300041371505, 'hidden_continuous_size': 5, 'attention_head_size': 2, 'learning_rate': 0.0024668797143287363}. Best is trial 0 with value: 0.09915328770875931.
[I 2023-12-26 17:21:54,616] Trial 13 finished with value: 2.3254687786102295 and parameters: {'gradient_clip_val': 0.3154130038737387, 'hidden_size': 48, 'dropout': 0.1101803135783041, 'hidden_continuous_size': 9, 'attention_head_size': 3, 'learning_rate': 0.012959911520648501}. Best is trial 0 with value: 0.09915328770875931.
[I 2023-12-26 17:21:57,290] Trial 14 finished with value: 1.7210487127304077 and parameters: {'gradient_clip_val': 0.23857103802336102, 'hidden_size': 21, 'dropout': 0.3657288504644997, 'hidden_continuous_size': 5, 'attention_head_size': 1, 'learning_rate': 0.0044678333593578074}. Best is trial 0 with value: 0.09915328770875931.
[I 2023-12-26 17:22:00,324] Trial 15 finished with value: 1.9750488996505737 and parameters: {'gradient_clip_val': 0.36880962676877893, 'hidden_size': 28, 'dropout': 0.43577615138154024, 'hidden_continuous_size': 7, 'attention_head_size': 2, 'learning_rate': 0.0016100624179748036}. Best is trial 0 with value: 0.09915328770875931.
[I 2023-12-26 17:22:02,801] Trial 16 finished with value: 2.374880790710449 and parameters: {'gradient_clip_val': 0.2600714719642025, 'hidden_size': 13, 'dropout': 0.3401614817568889, 'hidden_continuous_size': 6, 'attention_head_size': 3, 'learning_rate': 0.0010901878134750378}. Best is trial 0 with value: 0.09915328770875931.
[I 2023-12-26 17:22:07,251] Trial 17 finished with value: 2.1598777770996094 and parameters: {'gradient_clip_val': 0.19259250054384008, 'hidden_size': 53, 'dropout': 0.4112533448084689, 'hidden_continuous_size': 9, 'attention_head_size': 1, 'learning_rate': 0.005215713364115571}. Best is trial 0 with value: 0.09915328770875931.
[I 2023-12-26 17:22:10,251] Trial 18 finished with value: 1.984779715538025 and parameters: {'gradient_clip_val': 0.3549157502861861, 'hidden_size': 27, 'dropout': 0.32355987454293583, 'hidden_continuous_size': 5, 'attention_head_size': 2, 'learning_rate': 0.01811676874586715}. Best is trial 0 with value: 0.09915328770875931.
[I 2023-12-26 17:22:13,025] Trial 19 finished with value: 2.2607240676879883 and parameters: {'gradient_clip_val': 0.4136093993290924, 'hidden_size': 11, 'dropout': 0.29878134188840955, 'hidden_continuous_size': 6, 'attention_head_size': 1, 'learning_rate': 0.0055904674702966705}. Best is trial 0 with value: 0.09915328770875931.
[I 2023-12-26 17:22:15,641] Trial 20 finished with value: 2.131025791168213 and parameters: {'gradient_clip_val': 0.29049063043670514, 'hidden_size': 20, 'dropout': 0.4231664049639437, 'hidden_continuous_size': 6, 'attention_head_size': 2, 'learning_rate': 0.0018884693799438503}. Best is trial 0 with value: 0.09915328770875931.
[I 2023-12-26 17:22:18,477] Trial 21 finished with value: 2.4269044399261475 and parameters: {'gradient_clip_val': 0.21921368887425224, 'hidden_size': 23, 'dropout': 0.359457115071737, 'hidden_continuous_size': 5, 'attention_head_size': 1, 'learning_rate': 0.004283985308084859}. Best is trial 0 with value: 0.09915328770875931.
[I 2023-12-26 17:22:21,859] Trial 22 finished with value: 2.5949885845184326 and parameters: {'gradient_clip_val': 0.2686365710388768, 'hidden_size': 35, 'dropout': 0.3954836467084946, 'hidden_continuous_size': 5, 'attention_head_size': 1, 'learning_rate': 0.0035063366917516105}. Best is trial 0 with value: 0.09915328770875931.
[I 2023-12-26 17:22:24,564] Trial 23 finished with value: 1.9563404321670532 and parameters: {'gradient_clip_val': 0.17989077443765011, 'hidden_size': 24, 'dropout': 0.3458616918794907, 'hidden_continuous_size': 5, 'attention_head_size': 1, 'learning_rate': 0.007328822611375822}. Best is trial 0 with value: 0.09915328770875931.
[I 2023-12-26 17:22:28,989] Trial 24 finished with value: 1.768424153327942 and parameters: {'gradient_clip_val': 0.23572119196464072, 'hidden_size': 49, 'dropout': 0.3011624609978303, 'hidden_continuous_size': 9, 'attention_head_size': 2, 'learning_rate': 0.0036765496123506328}. Best is trial 0 with value: 0.09915328770875931.
[I 2023-12-26 17:22:31,475] Trial 25 finished with value: 2.852346420288086 and parameters: {'gradient_clip_val': 0.22535233962450404, 'hidden_size': 18, 'dropout': 0.38760907508488934, 'hidden_continuous_size': 6, 'attention_head_size': 1, 'learning_rate': 0.002551729719783076}. Best is trial 0 with value: 0.09915328770875931.
[I 2023-12-26 17:22:34,740] Trial 26 finished with value: 2.3514232635498047 and parameters: {'gradient_clip_val': 0.27562021475827525, 'hidden_size': 30, 'dropout': 0.34637257192692433, 'hidden_continuous_size': 8, 'attention_head_size': 3, 'learning_rate': 0.005684877331724507}. Best is trial 0 with value: 0.09915328770875931.
[I 2023-12-26 17:22:37,136] Trial 27 finished with value: 1.9434199333190918 and parameters: {'gradient_clip_val': 0.16297626147068436, 'hidden_size': 11, 'dropout': 0.4451907041027008, 'hidden_continuous_size': 5, 'attention_head_size': 2, 'learning_rate': 0.0018110948860030197}. Best is trial 0 with value: 0.09915328770875931.
[I 2023-12-26 17:22:39,814] Trial 28 finished with value: 2.480794668197632 and parameters: {'gradient_clip_val': 0.34077323900171613, 'hidden_size': 21, 'dropout': 0.3998069577510853, 'hidden_continuous_size': 6, 'attention_head_size': 1, 'learning_rate': 0.009240599262808213}. Best is trial 0 with value: 0.09915328770875931.
[I 2023-12-26 17:22:43,393] Trial 29 finished with value: 1.6596908569335938 and parameters: {'gradient_clip_val': 0.19457708239013946, 'hidden_size': 38, 'dropout': 0.2817232171681252, 'hidden_continuous_size': 11, 'attention_head_size': 1, 'learning_rate': 0.001209315897017176}. Best is trial 0 with value: 0.09915328770875931.
[I 2023-12-26 17:22:47,182] Trial 30 finished with value: 2.4050261974334717 and parameters: {'gradient_clip_val': 0.13106756190294055, 'hidden_size': 42, 'dropout': 0.28633259544991835, 'hidden_continuous_size': 12, 'attention_head_size': 1, 'learning_rate': 0.0006205825150334619}. Best is trial 0 with value: 0.09915328770875931.
[I 2023-12-26 17:22:50,877] Trial 31 finished with value: 1.7523040771484375 and parameters: {'gradient_clip_val': 0.20055449349617083, 'hidden_size': 31, 'dropout': 0.3274275990491106, 'hidden_continuous_size': 10, 'attention_head_size': 1, 'learning_rate': 0.001180348233432281}. Best is trial 0 with value: 0.09915328770875931.
[I 2023-12-26 17:22:53,876] Trial 32 finished with value: 2.3961265087127686 and parameters: {'gradient_clip_val': 0.23542986747172995, 'hidden_size': 26, 'dropout': 0.27686913977262745, 'hidden_continuous_size': 7, 'attention_head_size': 1, 'learning_rate': 0.0007126823969430258}. Best is trial 0 with value: 0.09915328770875931.
[I 2023-12-26 17:22:58,882] Trial 33 finished with value: 3.32401967048645 and parameters: {'gradient_clip_val': 0.17330462273128053, 'hidden_size': 59, 'dropout': 0.23949511814757887, 'hidden_continuous_size': 11, 'attention_head_size': 1, 'learning_rate': 0.0015516189712742818}. Best is trial 0 with value: 0.09915328770875931.
[I 2023-12-26 17:23:02,793] Trial 34 finished with value: 2.0826241970062256 and parameters: {'gradient_clip_val': 0.20563914251800158, 'hidden_size': 41, 'dropout': 0.32599894256949813, 'hidden_continuous_size': 15, 'attention_head_size': 2, 'learning_rate': 0.00246024194768165}. Best is trial 0 with value: 0.09915328770875931.
[I 2023-12-26 17:23:05,922] Trial 35 finished with value: 2.5624053478240967 and parameters: {'gradient_clip_val': 0.2657585616645757, 'hidden_size': 32, 'dropout': 0.3689258062184221, 'hidden_continuous_size': 8, 'attention_head_size': 1, 'learning_rate': 0.0009327401625546625}. Best is trial 0 with value: 0.09915328770875931.
[I 2023-12-26 17:23:08,351] Trial 36 finished with value: 2.06815505027771 and parameters: {'gradient_clip_val': 0.14525217733206466, 'hidden_size': 16, 'dropout': 0.2989538136619925, 'hidden_continuous_size': 6, 'attention_head_size': 3, 'learning_rate': 0.000549112056924418}. Best is trial 0 with value: 0.09915328770875931.
[I 2023-12-26 17:23:11,125] Trial 37 finished with value: 1.9478240013122559 and parameters: {'gradient_clip_val': 0.31195421849219634, 'hidden_size': 22, 'dropout': 0.24091578103540004, 'hidden_continuous_size': 7, 'attention_head_size': 2, 'learning_rate': 0.0013864130440848573}. Best is trial 0 with value: 0.09915328770875931.
[I 2023-12-26 17:23:14,932] Trial 38 finished with value: 1.9650574922561646 and parameters: {'gradient_clip_val': 0.24552231980741834, 'hidden_size': 41, 'dropout': 0.3536016867191124, 'hidden_continuous_size': 8, 'attention_head_size': 1, 'learning_rate': 0.000847567409288505}. Best is trial 0 with value: 0.09915328770875931.
[I 2023-12-26 17:23:20,010] Trial 39 finished with value: 2.443851947784424 and parameters: {'gradient_clip_val': 0.19084595860450387, 'hidden_size': 59, 'dropout': 0.31775422573087087, 'hidden_continuous_size': 11, 'attention_head_size': 1, 'learning_rate': 0.0020283476936306683}. Best is trial 0 with value: 0.09915328770875931.
[I 2023-12-26 17:23:23,185] Trial 40 finished with value: 2.627642869949341 and parameters: {'gradient_clip_val': 0.21733758046585694, 'hidden_size': 27, 'dropout': 0.2673633413662562, 'hidden_continuous_size': 7, 'attention_head_size': 4, 'learning_rate': 0.003086199378951231}. Best is trial 0 with value: 0.09915328770875931.
[I 2023-12-26 17:23:26,149] Trial 41 finished with value: 2.6199605464935303 and parameters: {'gradient_clip_val': 0.20762338339125982, 'hidden_size': 32, 'dropout': 0.33033716146837905, 'hidden_continuous_size': 10, 'attention_head_size': 1, 'learning_rate': 0.001230125737644068}. Best is trial 0 with value: 0.09915328770875931.
[I 2023-12-26 17:23:29,516] Trial 42 finished with value: 1.883116602897644 and parameters: {'gradient_clip_val': 0.25479396684005157, 'hidden_size': 31, 'dropout': 0.3343930494149037, 'hidden_continuous_size': 14, 'attention_head_size': 1, 'learning_rate': 0.0010687989392311537}. Best is trial 0 with value: 0.09915328770875931.
[I 2023-12-26 17:23:33,118] Trial 43 finished with value: 1.9119435548782349 and parameters: {'gradient_clip_val': 0.1807325432490354, 'hidden_size': 36, 'dropout': 0.3102522495628113, 'hidden_continuous_size': 10, 'attention_head_size': 1, 'learning_rate': 0.001369019993469243}. Best is trial 0 with value: 0.09915328770875931.
[I 2023-12-26 17:23:35,945] Trial 44 finished with value: 1.6247267723083496 and parameters: {'gradient_clip_val': 0.20280841102172734, 'hidden_size': 24, 'dropout': 0.37890106413618874, 'hidden_continuous_size': 12, 'attention_head_size': 2, 'learning_rate': 0.001940079308877782}. Best is trial 0 with value: 0.09915328770875931.
[I 2023-12-26 17:23:38,852] Trial 45 finished with value: 2.768387794494629 and parameters: {'gradient_clip_val': 0.1597944542028925, 'hidden_size': 25, 'dropout': 0.3782810962518573, 'hidden_continuous_size': 12, 'attention_head_size': 2, 'learning_rate': 0.002134951110436542}. Best is trial 0 with value: 0.09915328770875931.
[I 2023-12-26 17:23:41,551] Trial 46 finished with value: 1.88330078125 and parameters: {'gradient_clip_val': 0.2902355916169876, 'hidden_size': 19, 'dropout': 0.36136556167486644, 'hidden_continuous_size': 5, 'attention_head_size': 3, 'learning_rate': 0.002885890660363446}. Best is trial 0 with value: 0.09915328770875931.
[I 2023-12-26 17:23:43,922] Trial 47 finished with value: 2.65444016456604 and parameters: {'gradient_clip_val': 0.24488717974439037, 'hidden_size': 16, 'dropout': 0.3777161957192146, 'hidden_continuous_size': 8, 'attention_head_size': 2, 'learning_rate': 0.0017073266303954135}. Best is trial 0 with value: 0.09915328770875931.
[I 2023-12-26 17:23:46,741] Trial 48 finished with value: 2.038301706314087 and parameters: {'gradient_clip_val': 0.2207781930757848, 'hidden_size': 21, 'dropout': 0.34822625303311316, 'hidden_continuous_size': 11, 'attention_head_size': 2, 'learning_rate': 0.0038859287914174067}. Best is trial 0 with value: 0.09915328770875931.
[I 2023-12-26 17:23:49,797] Trial 49 finished with value: 2.4757213592529297 and parameters: {'gradient_clip_val': 0.3212179522697436, 'hidden_size': 26, 'dropout': 0.4021422979565664, 'hidden_continuous_size': 15, 'attention_head_size': 2, 'learning_rate': 0.0022411260156220704}. Best is trial 0 with value: 0.09915328770875931.
[I 2023-12-26 17:23:49,956] A new study created in memory with name: no-name-faf05edd-7488-4323-bdd6-768b5fd069ae
/home/le004/conda/anaconda3/envs/tsff_env/lib/python3.9/site-packages/lightning/fabric/plugins/environments/slurm.py:191: The `srun` command is available on your system but is not used. HINT: If your intention is to run Lightning on SLURM, prepend your python command with `srun` like so: srun python /home/le004/master_thesis/git/TSFusionForecast/code/ ...
[I 2023-12-26 17:36:24,489] Trial 0 finished with value: 0.08831224590539932 and parameters: {'gradient_clip_val': 0.5420023466399283, 'hidden_size': 61, 'dropout': 0.42908835443619375, 'hidden_continuous_size': 11, 'attention_head_size': 3, 'learning_rate': 0.0005942060646128253}. Best is trial 0 with value: 0.08831224590539932.
[I 2023-12-26 17:38:09,379] Trial 1 finished with value: 0.11089616268873215 and parameters: {'gradient_clip_val': 0.18295166997200715, 'hidden_size': 12, 'dropout': 0.23317488788570573, 'hidden_continuous_size': 10, 'attention_head_size': 3, 'learning_rate': 0.0111320222298186}. Best is trial 0 with value: 0.08831224590539932.
[I 2023-12-26 17:38:17,819] Trial 2 finished with value: 5.109053134918213 and parameters: {'gradient_clip_val': 0.12634621107867067, 'hidden_size': 115, 'dropout': 0.37206418375144656, 'hidden_continuous_size': 11, 'attention_head_size': 4, 'learning_rate': 0.0007669258757800273}. Best is trial 0 with value: 0.08831224590539932.
[I 2023-12-26 17:38:19,836] Trial 3 finished with value: 5.519016742706299 and parameters: {'gradient_clip_val': 0.24340448246495675, 'hidden_size': 17, 'dropout': 0.3193582041565928, 'hidden_continuous_size': 9, 'attention_head_size': 3, 'learning_rate': 0.003822949133063909}. Best is trial 0 with value: 0.08831224590539932.
[I 2023-12-26 17:38:21,925] Trial 4 finished with value: 5.531954288482666 and parameters: {'gradient_clip_val': 0.31726738822265366, 'hidden_size': 18, 'dropout': 0.29577318726201896, 'hidden_continuous_size': 17, 'attention_head_size': 2, 'learning_rate': 0.01055309409638934}. Best is trial 0 with value: 0.08831224590539932.
[I 2023-12-26 17:38:23,675] Trial 5 finished with value: 4.689389228820801 and parameters: {'gradient_clip_val': 0.1368493481242923, 'hidden_size': 7, 'dropout': 0.4143356697699492, 'hidden_continuous_size': 7, 'attention_head_size': 2, 'learning_rate': 0.000899688280018738}. Best is trial 0 with value: 0.08831224590539932.
[I 2023-12-26 17:38:25,664] Trial 6 finished with value: 6.142050266265869 and parameters: {'gradient_clip_val': 0.19657620015530972, 'hidden_size': 5, 'dropout': 0.10399316993376187, 'hidden_continuous_size': 5, 'attention_head_size': 1, 'learning_rate': 0.0006197648119269128}. Best is trial 0 with value: 0.08831224590539932.
[I 2023-12-26 17:38:28,012] Trial 7 finished with value: 4.897066593170166 and parameters: {'gradient_clip_val': 0.3865155775925795, 'hidden_size': 9, 'dropout': 0.19194037770070704, 'hidden_continuous_size': 7, 'attention_head_size': 1, 'learning_rate': 0.008814037330814479}. Best is trial 0 with value: 0.08831224590539932.
[I 2023-12-26 17:38:36,512] Trial 8 finished with value: 5.595238208770752 and parameters: {'gradient_clip_val': 0.1420428134059183, 'hidden_size': 123, 'dropout': 0.10421891072610415, 'hidden_continuous_size': 8, 'attention_head_size': 1, 'learning_rate': 0.008461012090396774}. Best is trial 0 with value: 0.08831224590539932.
[I 2023-12-26 17:38:40,463] Trial 9 finished with value: 4.4311089515686035 and parameters: {'gradient_clip_val': 0.10790928258282358, 'hidden_size': 56, 'dropout': 0.46835355940045176, 'hidden_continuous_size': 26, 'attention_head_size': 2, 'learning_rate': 0.026609067107352658}. Best is trial 0 with value: 0.08831224590539932.
[I 2023-12-26 17:38:43,738] Trial 10 finished with value: 6.105131149291992 and parameters: {'gradient_clip_val': 0.7577390019377725, 'hidden_size': 30, 'dropout': 0.49279287288362067, 'hidden_continuous_size': 15, 'attention_head_size': 4, 'learning_rate': 0.0790862646509125}. Best is trial 0 with value: 0.08831224590539932.
[I 2023-12-26 17:38:47,298] Trial 11 finished with value: 3.8682098388671875 and parameters: {'gradient_clip_val': 0.4942478533653594, 'hidden_size': 39, 'dropout': 0.2535654301270118, 'hidden_continuous_size': 13, 'attention_head_size': 3, 'learning_rate': 0.002645183566701728}. Best is trial 0 with value: 0.08831224590539932.
