[I 2023-12-26 17:30:18,290] Trial 48 finished with value: 3.876868963241577 and parameters: {'gradient_clip_val': 0.12614577217693834, 'hidden_size': 21, 'dropout': 0.36124061215160075, 'hidden_continuous_size': 9, 'attention_head_size': 2, 'learning_rate': 0.0015621461415535676}. Best is trial 0 with value: 0.07080107182264328.
[I 2023-12-26 17:30:20,803] Trial 49 finished with value: 4.669972896575928 and parameters: {'gradient_clip_val': 0.18005251341574682, 'hidden_size': 31, 'dropout': 0.44654675623963325, 'hidden_continuous_size': 6, 'attention_head_size': 4, 'learning_rate': 0.06700653377481641}. Best is trial 0 with value: 0.07080107182264328.
[I 2023-12-26 17:30:20,922] A new study created in memory with name: no-name-ff7cb61f-4cd8-4d37-aa18-4da46f11fc2b
/home/le004/conda/anaconda3/envs/tsff_env/lib/python3.9/site-packages/lightning/fabric/plugins/environments/slurm.py:191: The `srun` command is available on your system but is not used. HINT: If your intention is to run Lightning on SLURM, prepend your python command with `srun` like so: srun python /home/le004/master_thesis/git/TSFusionForecast/code/ ...
[I 2023-12-26 17:35:14,543] Trial 0 finished with value: 0.3844757378101349 and parameters: {'gradient_clip_val': 0.11116492483949353, 'hidden_size': 51, 'dropout': 0.45991050347895257, 'hidden_continuous_size': 9, 'attention_head_size': 2, 'learning_rate': 0.005592101869323696}. Best is trial 0 with value: 0.3844757378101349.
[I 2023-12-26 17:35:21,768] Trial 1 finished with value: 4.33554744720459 and parameters: {'gradient_clip_val': 0.1398526440519543, 'hidden_size': 89, 'dropout': 0.2589534745408988, 'hidden_continuous_size': 60, 'attention_head_size': 3, 'learning_rate': 0.059953352855048624}. Best is trial 0 with value: 0.3844757378101349.
[I 2023-12-26 17:35:24,232] Trial 2 finished with value: 5.166428089141846 and parameters: {'gradient_clip_val': 0.34193023248777055, 'hidden_size': 14, 'dropout': 0.27254551726842124, 'hidden_continuous_size': 5, 'attention_head_size': 4, 'learning_rate': 0.011323934320075476}. Best is trial 0 with value: 0.3844757378101349.
[I 2023-12-26 17:35:26,444] Trial 3 finished with value: 6.246456623077393 and parameters: {'gradient_clip_val': 0.10337757781439125, 'hidden_size': 7, 'dropout': 0.3082121695543183, 'hidden_continuous_size': 5, 'attention_head_size': 3, 'learning_rate': 0.03692754528169059}. Best is trial 0 with value: 0.3844757378101349.
[I 2023-12-26 17:35:34,656] Trial 4 finished with value: 4.511905670166016 and parameters: {'gradient_clip_val': 0.40575341015046446, 'hidden_size': 93, 'dropout': 0.4985118821318545, 'hidden_continuous_size': 93, 'attention_head_size': 2, 'learning_rate': 0.004202459699671754}. Best is trial 0 with value: 0.3844757378101349.
[I 2023-12-26 17:35:43,376] Trial 5 finished with value: 6.362102031707764 and parameters: {'gradient_clip_val': 0.2652038941726404, 'hidden_size': 116, 'dropout': 0.19034914160476202, 'hidden_continuous_size': 6, 'attention_head_size': 2, 'learning_rate': 0.0010422516368399813}. Best is trial 0 with value: 0.3844757378101349.
[I 2023-12-26 17:35:46,526] Trial 6 finished with value: 6.921197414398193 and parameters: {'gradient_clip_val': 0.22882142082025497, 'hidden_size': 31, 'dropout': 0.17320708380893685, 'hidden_continuous_size': 6, 'attention_head_size': 1, 'learning_rate': 0.04715481461723555}. Best is trial 0 with value: 0.3844757378101349.
[I 2023-12-26 17:35:49,517] Trial 7 finished with value: 5.251963138580322 and parameters: {'gradient_clip_val': 0.6444053418048692, 'hidden_size': 32, 'dropout': 0.3963550238391541, 'hidden_continuous_size': 24, 'attention_head_size': 1, 'learning_rate': 0.0007523053417527543}. Best is trial 0 with value: 0.3844757378101349.
[I 2023-12-26 17:35:52,122] Trial 8 finished with value: 4.307835578918457 and parameters: {'gradient_clip_val': 0.1055709993338107, 'hidden_size': 9, 'dropout': 0.32115074423730255, 'hidden_continuous_size': 5, 'attention_head_size': 3, 'learning_rate': 0.006756628708733403}. Best is trial 0 with value: 0.3844757378101349.
[I 2023-12-26 17:35:54,461] Trial 9 finished with value: 6.980597019195557 and parameters: {'gradient_clip_val': 0.34772383713421584, 'hidden_size': 12, 'dropout': 0.24063143628357034, 'hidden_continuous_size': 8, 'attention_head_size': 2, 'learning_rate': 0.0008214691093652489}. Best is trial 0 with value: 0.3844757378101349.
[I 2023-12-26 17:35:59,070] Trial 10 finished with value: 5.453995227813721 and parameters: {'gradient_clip_val': 0.1757098678285957, 'hidden_size': 56, 'dropout': 0.10338540914964359, 'hidden_continuous_size': 12, 'attention_head_size': 4, 'learning_rate': 0.002676846743501441}. Best is trial 0 with value: 0.3844757378101349.
[I 2023-12-26 17:36:01,080] Trial 11 finished with value: 4.820097923278809 and parameters: {'gradient_clip_val': 0.1001445012703688, 'hidden_size': 5, 'dropout': 0.3820072258779066, 'hidden_continuous_size': 5, 'attention_head_size': 3, 'learning_rate': 0.010867832885868681}. Best is trial 0 with value: 0.3844757378101349.
[I 2023-12-26 17:36:03,600] Trial 12 finished with value: 5.732387542724609 and parameters: {'gradient_clip_val': 0.1451060257745478, 'hidden_size': 18, 'dropout': 0.4950775399449094, 'hidden_continuous_size': 8, 'attention_head_size': 2, 'learning_rate': 0.006294184144978893}. Best is trial 0 with value: 0.3844757378101349.
[I 2023-12-26 17:36:08,112] Trial 13 finished with value: 5.13286828994751 and parameters: {'gradient_clip_val': 0.18533015548690304, 'hidden_size': 53, 'dropout': 0.3648219442546685, 'hidden_continuous_size': 11, 'attention_head_size': 3, 'learning_rate': 0.002611754216528298}. Best is trial 0 with value: 0.3844757378101349.
[I 2023-12-26 17:36:10,382] Trial 14 finished with value: 6.26719856262207 and parameters: {'gradient_clip_val': 0.10036418832494497, 'hidden_size': 9, 'dropout': 0.4408999080617957, 'hidden_continuous_size': 5, 'attention_head_size': 1, 'learning_rate': 0.01889623475394815}. Best is trial 0 with value: 0.3844757378101349.
[I 2023-12-26 17:36:13,110] Trial 15 finished with value: 5.209695339202881 and parameters: {'gradient_clip_val': 0.14509722374056408, 'hidden_size': 24, 'dropout': 0.3212324303167242, 'hidden_continuous_size': 8, 'attention_head_size': 4, 'learning_rate': 0.022173184103320167}. Best is trial 0 with value: 0.3844757378101349.
[I 2023-12-26 17:36:15,325] Trial 16 finished with value: 6.203029632568359 and parameters: {'gradient_clip_val': 0.21399276120416863, 'hidden_size': 8, 'dropout': 0.4473457623397896, 'hidden_continuous_size': 5, 'attention_head_size': 2, 'learning_rate': 0.007180617434858525}. Best is trial 0 with value: 0.3844757378101349.
[I 2023-12-26 17:36:17,400] Trial 17 finished with value: 5.374779224395752 and parameters: {'gradient_clip_val': 0.1296964215090352, 'hidden_size': 5, 'dropout': 0.33468914663938815, 'hidden_continuous_size': 5, 'attention_head_size': 3, 'learning_rate': 0.0018988204230892625}. Best is trial 0 with value: 0.3844757378101349.
[I 2023-12-26 17:36:19,932] Trial 18 finished with value: 4.461398601531982 and parameters: {'gradient_clip_val': 0.17817418845327215, 'hidden_size': 18, 'dropout': 0.4263708566200809, 'hidden_continuous_size': 6, 'attention_head_size': 3, 'learning_rate': 0.0036890416291861087}. Best is trial 0 with value: 0.3844757378101349.
[I 2023-12-26 17:36:24,029] Trial 19 finished with value: 4.3523149490356445 and parameters: {'gradient_clip_val': 0.12780847733223608, 'hidden_size': 47, 'dropout': 0.34969321827053007, 'hidden_continuous_size': 16, 'attention_head_size': 2, 'learning_rate': 0.0016765613523646694}. Best is trial 0 with value: 0.3844757378101349.
[I 2023-12-26 17:36:26,719] Trial 20 finished with value: 6.088674068450928 and parameters: {'gradient_clip_val': 0.2619381739347319, 'hidden_size': 11, 'dropout': 0.400277389656149, 'hidden_continuous_size': 6, 'attention_head_size': 4, 'learning_rate': 0.0047456588135868566}. Best is trial 0 with value: 0.3844757378101349.
[I 2023-12-26 17:36:33,757] Trial 21 finished with value: 3.4193131923675537 and parameters: {'gradient_clip_val': 0.12752105496887484, 'hidden_size': 88, 'dropout': 0.2725486294733747, 'hidden_continuous_size': 29, 'attention_head_size': 3, 'learning_rate': 0.058946846556368}. Best is trial 0 with value: 0.3844757378101349.
[I 2023-12-26 17:36:44,516] Trial 22 finished with value: 4.191512584686279 and parameters: {'gradient_clip_val': 0.12146259890576017, 'hidden_size': 144, 'dropout': 0.2994827546948602, 'hidden_continuous_size': 30, 'attention_head_size': 3, 'learning_rate': 0.0939292527807502}. Best is trial 0 with value: 0.3844757378101349.
[I 2023-12-26 17:36:54,226] Trial 23 finished with value: 4.576056957244873 and parameters: {'gradient_clip_val': 0.12320542220463897, 'hidden_size': 128, 'dropout': 0.2795143182166665, 'hidden_continuous_size': 33, 'attention_head_size': 3, 'learning_rate': 0.08009650053495414}. Best is trial 0 with value: 0.3844757378101349.
[I 2023-12-26 17:37:05,719] Trial 24 finished with value: 3.4489171504974365 and parameters: {'gradient_clip_val': 0.15424245900993083, 'hidden_size': 149, 'dropout': 0.2940074696547201, 'hidden_continuous_size': 33, 'attention_head_size': 2, 'learning_rate': 0.09499843762638104}. Best is trial 0 with value: 0.3844757378101349.
[I 2023-12-26 17:37:11,908] Trial 25 finished with value: 5.472093105316162 and parameters: {'gradient_clip_val': 0.1590906711452002, 'hidden_size': 77, 'dropout': 0.3711167807094607, 'hidden_continuous_size': 20, 'attention_head_size': 2, 'learning_rate': 0.08808210281738738}. Best is trial 0 with value: 0.3844757378101349.
[I 2023-12-26 17:37:17,956] Trial 26 finished with value: 4.8502116203308105 and parameters: {'gradient_clip_val': 0.17056793111607946, 'hidden_size': 71, 'dropout': 0.34641964275254866, 'hidden_continuous_size': 35, 'attention_head_size': 1, 'learning_rate': 0.04301064174320893}. Best is trial 0 with value: 0.3844757378101349.
[I 2023-12-26 17:37:29,356] Trial 27 finished with value: 4.805216312408447 and parameters: {'gradient_clip_val': 0.11983188685760969, 'hidden_size': 148, 'dropout': 0.23090643563959468, 'hidden_continuous_size': 42, 'attention_head_size': 2, 'learning_rate': 0.02555108315020143}. Best is trial 0 with value: 0.3844757378101349.
[I 2023-12-26 17:37:37,878] Trial 28 finished with value: 4.010256290435791 and parameters: {'gradient_clip_val': 0.20057010285622132, 'hidden_size': 108, 'dropout': 0.296408327759253, 'hidden_continuous_size': 23, 'attention_head_size': 2, 'learning_rate': 0.07052989637417835}. Best is trial 0 with value: 0.3844757378101349.
[I 2023-12-26 17:37:44,629] Trial 29 finished with value: 5.390930652618408 and parameters: {'gradient_clip_val': 0.1471287250339715, 'hidden_size': 82, 'dropout': 0.25872063688952684, 'hidden_continuous_size': 47, 'attention_head_size': 1, 'learning_rate': 0.045744347104881254}. Best is trial 0 with value: 0.3844757378101349.
[I 2023-12-26 17:37:52,304] Trial 30 finished with value: 6.941084384918213 and parameters: {'gradient_clip_val': 0.14981130621623925, 'hidden_size': 100, 'dropout': 0.35824911084295585, 'hidden_continuous_size': 18, 'attention_head_size': 2, 'learning_rate': 0.055303502303997526}. Best is trial 0 with value: 0.3844757378101349.
[I 2023-12-26 17:38:01,006] Trial 31 finished with value: 4.761423587799072 and parameters: {'gradient_clip_val': 0.19117616155750558, 'hidden_size': 111, 'dropout': 0.2958052451051217, 'hidden_continuous_size': 24, 'attention_head_size': 2, 'learning_rate': 0.08473632132214633}. Best is trial 0 with value: 0.3844757378101349.
[I 2023-12-26 17:38:10,200] Trial 32 finished with value: 3.3539140224456787 and parameters: {'gradient_clip_val': 0.1592224228606849, 'hidden_size': 110, 'dropout': 0.29004664869648145, 'hidden_continuous_size': 28, 'attention_head_size': 2, 'learning_rate': 0.07026500457267898}. Best is trial 0 with value: 0.3844757378101349.
[I 2023-12-26 17:38:16,273] Trial 33 finished with value: 3.61222243309021 and parameters: {'gradient_clip_val': 0.16020352835438503, 'hidden_size': 72, 'dropout': 0.2727418573959673, 'hidden_continuous_size': 28, 'attention_head_size': 2, 'learning_rate': 0.05793268194130111}. Best is trial 0 with value: 0.3844757378101349.
[I 2023-12-26 17:38:24,153] Trial 34 finished with value: 4.336781024932861 and parameters: {'gradient_clip_val': 0.11657470598334965, 'hidden_size': 92, 'dropout': 0.31982139919623404, 'hidden_continuous_size': 40, 'attention_head_size': 2, 'learning_rate': 0.03327336387132682}. Best is trial 0 with value: 0.3844757378101349.
[I 2023-12-26 17:38:34,660] Trial 35 finished with value: 3.954615831375122 and parameters: {'gradient_clip_val': 0.1358618611114101, 'hidden_size': 127, 'dropout': 0.24713565934089143, 'hidden_continuous_size': 55, 'attention_head_size': 3, 'learning_rate': 0.06459003519384139}. Best is trial 0 with value: 0.3844757378101349.
[I 2023-12-26 17:38:45,975] Trial 36 finished with value: 4.279273509979248 and parameters: {'gradient_clip_val': 0.10861439903636944, 'hidden_size': 149, 'dropout': 0.28579959339072236, 'hidden_continuous_size': 28, 'attention_head_size': 1, 'learning_rate': 0.03534205211390389}. Best is trial 0 with value: 0.3844757378101349.
[I 2023-12-26 17:38:54,017] Trial 37 finished with value: 3.6223208904266357 and parameters: {'gradient_clip_val': 0.23091286864786162, 'hidden_size': 93, 'dropout': 0.33702525437334846, 'hidden_continuous_size': 69, 'attention_head_size': 2, 'learning_rate': 0.09374551313691912}. Best is trial 0 with value: 0.3844757378101349.
[I 2023-12-26 17:38:59,263] Trial 38 finished with value: 3.1160812377929688 and parameters: {'gradient_clip_val': 0.13196015827396745, 'hidden_size': 61, 'dropout': 0.26612438667513644, 'hidden_continuous_size': 34, 'attention_head_size': 3, 'learning_rate': 0.054505896762029236}. Best is trial 0 with value: 0.3844757378101349.
[I 2023-12-26 17:39:03,481] Trial 39 finished with value: 6.095234394073486 and parameters: {'gradient_clip_val': 0.11554093863782383, 'hidden_size': 42, 'dropout': 0.2130111077083907, 'hidden_continuous_size': 26, 'attention_head_size': 3, 'learning_rate': 0.014703397951815123}. Best is trial 0 with value: 0.3844757378101349.
[I 2023-12-26 17:39:09,719] Trial 40 finished with value: 5.257723808288574 and parameters: {'gradient_clip_val': 0.13652625884006675, 'hidden_size': 74, 'dropout': 0.2570024545279246, 'hidden_continuous_size': 21, 'attention_head_size': 4, 'learning_rate': 0.03008831417878753}. Best is trial 0 with value: 0.3844757378101349.
[I 2023-12-26 17:39:13,936] Trial 41 finished with value: 5.20437479019165 and parameters: {'gradient_clip_val': 0.13207849569047825, 'hidden_size': 64, 'dropout': 0.31048374178681676, 'hidden_continuous_size': 38, 'attention_head_size': 3, 'learning_rate': 0.05643453312000253}. Best is trial 0 with value: 0.3844757378101349.
[I 2023-12-26 17:39:20,711] Trial 42 finished with value: 5.330056667327881 and parameters: {'gradient_clip_val': 0.16306263856502473, 'hidden_size': 91, 'dropout': 0.2745906376994393, 'hidden_continuous_size': 31, 'attention_head_size': 3, 'learning_rate': 0.043515332533843015}. Best is trial 0 with value: 0.3844757378101349.
[I 2023-12-26 17:39:29,710] Trial 43 finished with value: 5.125040531158447 and parameters: {'gradient_clip_val': 0.1100005160247791, 'hidden_size': 114, 'dropout': 0.26450378153094484, 'hidden_continuous_size': 34, 'attention_head_size': 2, 'learning_rate': 0.06602522007517314}. Best is trial 0 with value: 0.3844757378101349.
[I 2023-12-26 17:39:34,694] Trial 44 finished with value: 4.493576526641846 and parameters: {'gradient_clip_val': 0.1578442045497048, 'hidden_size': 64, 'dropout': 0.2313309070395118, 'hidden_continuous_size': 29, 'attention_head_size': 3, 'learning_rate': 0.0971204004816406}. Best is trial 0 with value: 0.3844757378101349.
[I 2023-12-26 17:39:40,877] Trial 45 finished with value: 4.368355751037598 and parameters: {'gradient_clip_val': 0.10881439790387146, 'hidden_size': 87, 'dropout': 0.28436379857837385, 'hidden_continuous_size': 24, 'attention_head_size': 2, 'learning_rate': 0.05031123841595424}. Best is trial 0 with value: 0.3844757378101349.
[I 2023-12-26 17:39:47,312] Trial 46 finished with value: 4.090406894683838 and parameters: {'gradient_clip_val': 0.14177838158242442, 'hidden_size': 102, 'dropout': 0.3076836394638987, 'hidden_continuous_size': 44, 'attention_head_size': 3, 'learning_rate': 0.07161209437094405}. Best is trial 0 with value: 0.3844757378101349.
[I 2023-12-26 17:39:51,072] Trial 47 finished with value: 3.8652172088623047 and parameters: {'gradient_clip_val': 0.10125808959979446, 'hidden_size': 59, 'dropout': 0.32974098806744423, 'hidden_continuous_size': 37, 'attention_head_size': 2, 'learning_rate': 0.04095431475485099}. Best is trial 0 with value: 0.3844757378101349.
[I 2023-12-26 17:39:58,253] Trial 48 finished with value: 3.5727546215057373 and parameters: {'gradient_clip_val': 0.17500905139711237, 'hidden_size': 122, 'dropout': 0.3113536694211828, 'hidden_continuous_size': 16, 'attention_head_size': 3, 'learning_rate': 0.02828818116662317}. Best is trial 0 with value: 0.3844757378101349.
[I 2023-12-26 17:40:01,378] Trial 49 finished with value: 4.586172580718994 and parameters: {'gradient_clip_val': 0.1271298065681556, 'hidden_size': 50, 'dropout': 0.2155703036898602, 'hidden_continuous_size': 33, 'attention_head_size': 2, 'learning_rate': 0.06999698252828894}. Best is trial 0 with value: 0.3844757378101349.
[I 2023-12-26 17:40:01,499] A new study created in memory with name: no-name-f07b1cd4-f19d-4769-9492-466110d0f9ad
/home/le004/conda/anaconda3/envs/tsff_env/lib/python3.9/site-packages/lightning/fabric/plugins/environments/slurm.py:191: The `srun` command is available on your system but is not used. HINT: If your intention is to run Lightning on SLURM, prepend your python command with `srun` like so: srun python /home/le004/master_thesis/git/TSFusionForecast/code/ ...
[I 2023-12-26 17:46:24,409] Trial 0 finished with value: 0.09204253554344177 and parameters: {'gradient_clip_val': 0.13516227466886438, 'hidden_size': 22, 'dropout': 0.41958034941518074, 'hidden_continuous_size': 10, 'attention_head_size': 1, 'learning_rate': 0.005046437819353578}. Best is trial 0 with value: 0.09204253554344177.
[I 2023-12-26 17:46:42,607] Trial 1 finished with value: 2.9456844329833984 and parameters: {'gradient_clip_val': 0.5127794025162252, 'hidden_size': 27, 'dropout': 0.37165762151156956, 'hidden_continuous_size': 11, 'attention_head_size': 4, 'learning_rate': 0.0008919383628893789}. Best is trial 0 with value: 0.09204253554344177.
[I 2023-12-26 17:46:45,128] Trial 2 finished with value: 3.3164634704589844 and parameters: {'gradient_clip_val': 0.10473820903811983, 'hidden_size': 6, 'dropout': 0.4933457718270573, 'hidden_continuous_size': 5, 'attention_head_size': 3, 'learning_rate': 0.009497228960124135}. Best is trial 0 with value: 0.09204253554344177.
[I 2023-12-26 17:46:47,640] Trial 3 finished with value: 2.7408628463745117 and parameters: {'gradient_clip_val': 0.5201719550002801, 'hidden_size': 14, 'dropout': 0.4188876840187957, 'hidden_continuous_size': 7, 'attention_head_size': 2, 'learning_rate': 0.0007211297092657271}. Best is trial 0 with value: 0.09204253554344177.
[I 2023-12-26 17:46:49,893] Trial 4 finished with value: 3.8595218658447266 and parameters: {'gradient_clip_val': 0.35694066729261764, 'hidden_size': 6, 'dropout': 0.20788996831416695, 'hidden_continuous_size': 5, 'attention_head_size': 2, 'learning_rate': 0.02339186514646624}. Best is trial 0 with value: 0.09204253554344177.
[I 2023-12-26 17:46:54,584] Trial 5 finished with value: 3.197810173034668 and parameters: {'gradient_clip_val': 0.2209774635734605, 'hidden_size': 51, 'dropout': 0.4267985868866967, 'hidden_continuous_size': 27, 'attention_head_size': 4, 'learning_rate': 0.04501777272353427}. Best is trial 0 with value: 0.09204253554344177.
[I 2023-12-26 17:47:03,895] Trial 6 finished with value: 3.136430025100708 and parameters: {'gradient_clip_val': 0.2513064839841911, 'hidden_size': 115, 'dropout': 0.18778418397139102, 'hidden_continuous_size': 19, 'attention_head_size': 2, 'learning_rate': 0.0007001249136407195}. Best is trial 0 with value: 0.09204253554344177.
[I 2023-12-26 17:47:07,210] Trial 7 finished with value: 4.712070465087891 and parameters: {'gradient_clip_val': 0.8651906707858528, 'hidden_size': 31, 'dropout': 0.40204776766423955, 'hidden_continuous_size': 11, 'attention_head_size': 2, 'learning_rate': 0.049469712817687576}. Best is trial 0 with value: 0.09204253554344177.
[I 2023-12-26 17:47:09,743] Trial 8 finished with value: 3.918682336807251 and parameters: {'gradient_clip_val': 0.7311273253877661, 'hidden_size': 18, 'dropout': 0.12758950913323364, 'hidden_continuous_size': 10, 'attention_head_size': 1, 'learning_rate': 0.017714133929038978}. Best is trial 0 with value: 0.09204253554344177.
[I 2023-12-26 17:47:21,305] Trial 9 finished with value: 3.1872665882110596 and parameters: {'gradient_clip_val': 0.12094298137082461, 'hidden_size': 141, 'dropout': 0.335512773509711, 'hidden_continuous_size': 59, 'attention_head_size': 3, 'learning_rate': 0.013865482815809873}. Best is trial 0 with value: 0.09204253554344177.
[I 2023-12-26 17:47:23,685] Trial 10 finished with value: 3.623202323913574 and parameters: {'gradient_clip_val': 0.15266331372234238, 'hidden_size': 11, 'dropout': 0.29084964829400967, 'hidden_continuous_size': 6, 'attention_head_size': 1, 'learning_rate': 0.0032546761286942893}. Best is trial 0 with value: 0.09204253554344177.
[I 2023-12-26 17:47:26,191] Trial 11 finished with value: 3.9353020191192627 and parameters: {'gradient_clip_val': 0.38859021307667124, 'hidden_size': 14, 'dropout': 0.49937493228144353, 'hidden_continuous_size': 7, 'attention_head_size': 1, 'learning_rate': 0.003591325833213964}. Best is trial 0 with value: 0.09204253554344177.
