[I 2023-12-26 13:00:48,818] Trial 34 finished with value: 215.8388214111328 and parameters: {'gradient_clip_val': 0.42784992092245017, 'hidden_size': 94, 'dropout': 0.33777931191070987, 'hidden_continuous_size': 42, 'attention_head_size': 2, 'learning_rate': 0.020339966837371527}. Best is trial 0 with value: 78.5403823852539.
[I 2023-12-26 13:00:55,319] Trial 35 finished with value: 248.7708740234375 and parameters: {'gradient_clip_val': 0.2921268595344224, 'hidden_size': 73, 'dropout': 0.4172062999547099, 'hidden_continuous_size': 35, 'attention_head_size': 2, 'learning_rate': 0.011086122232264753}. Best is trial 0 with value: 78.5403823852539.
[I 2023-12-26 13:00:59,010] Trial 36 finished with value: 197.59046936035156 and parameters: {'gradient_clip_val': 0.5133843367102986, 'hidden_size': 33, 'dropout': 0.3688342247237631, 'hidden_continuous_size': 24, 'attention_head_size': 3, 'learning_rate': 0.0408639951672257}. Best is trial 0 with value: 78.5403823852539.
[I 2023-12-26 13:01:05,072] Trial 37 finished with value: 180.63233947753906 and parameters: {'gradient_clip_val': 0.6291126381937998, 'hidden_size': 67, 'dropout': 0.3023540657144281, 'hidden_continuous_size': 32, 'attention_head_size': 3, 'learning_rate': 0.03414250412024632}. Best is trial 0 with value: 78.5403823852539.
[I 2023-12-26 13:01:15,564] Trial 38 finished with value: 189.0040740966797 and parameters: {'gradient_clip_val': 0.3295501358578663, 'hidden_size': 128, 'dropout': 0.3915508359258143, 'hidden_continuous_size': 59, 'attention_head_size': 1, 'learning_rate': 0.07819976702052052}. Best is trial 0 with value: 78.5403823852539.
[I 2023-12-26 13:01:23,474] Trial 39 finished with value: 217.5706024169922 and parameters: {'gradient_clip_val': 0.46513508046181457, 'hidden_size': 90, 'dropout': 0.32141033672345, 'hidden_continuous_size': 43, 'attention_head_size': 2, 'learning_rate': 0.004098365390087444}. Best is trial 0 with value: 78.5403823852539.
[I 2023-12-26 13:01:26,360] Trial 40 finished with value: 209.8120880126953 and parameters: {'gradient_clip_val': 0.4275188834046496, 'hidden_size': 20, 'dropout': 0.2626642541066836, 'hidden_continuous_size': 11, 'attention_head_size': 3, 'learning_rate': 0.04890898096636031}. Best is trial 0 with value: 78.5403823852539.
[I 2023-12-26 13:01:33,575] Trial 41 finished with value: 162.79905700683594 and parameters: {'gradient_clip_val': 0.4049907059294824, 'hidden_size': 79, 'dropout': 0.3606236163118855, 'hidden_continuous_size': 48, 'attention_head_size': 2, 'learning_rate': 0.07857867899668072}. Best is trial 0 with value: 78.5403823852539.
[I 2023-12-26 13:01:38,583] Trial 42 finished with value: 173.05592346191406 and parameters: {'gradient_clip_val': 0.2649744468227034, 'hidden_size': 54, 'dropout': 0.3593937037739144, 'hidden_continuous_size': 33, 'attention_head_size': 2, 'learning_rate': 0.07318505667096284}. Best is trial 0 with value: 78.5403823852539.
[I 2023-12-26 13:01:50,196] Trial 43 finished with value: 184.8142852783203 and parameters: {'gradient_clip_val': 0.39712082416173294, 'hidden_size': 136, 'dropout': 0.3816499491611871, 'hidden_continuous_size': 69, 'attention_head_size': 2, 'learning_rate': 0.09855197620528183}. Best is trial 0 with value: 78.5403823852539.
[I 2023-12-26 13:01:59,526] Trial 44 finished with value: 196.7784881591797 and parameters: {'gradient_clip_val': 0.3186554112633604, 'hidden_size': 102, 'dropout': 0.3294519518798013, 'hidden_continuous_size': 52, 'attention_head_size': 2, 'learning_rate': 0.05215680744379996}. Best is trial 0 with value: 78.5403823852539.
[I 2023-12-26 13:02:12,561] Trial 45 finished with value: 242.13531494140625 and parameters: {'gradient_clip_val': 0.48384544587301154, 'hidden_size': 147, 'dropout': 0.3506778720284298, 'hidden_continuous_size': 73, 'attention_head_size': 2, 'learning_rate': 0.07271155766569508}. Best is trial 0 with value: 78.5403823852539.
[I 2023-12-26 13:02:19,354] Trial 46 finished with value: 197.32444763183594 and parameters: {'gradient_clip_val': 0.22796449340272554, 'hidden_size': 75, 'dropout': 0.40281634202940636, 'hidden_continuous_size': 41, 'attention_head_size': 2, 'learning_rate': 0.031140483907185885}. Best is trial 0 with value: 78.5403823852539.
[I 2023-12-26 13:02:29,159] Trial 47 finished with value: 157.12181091308594 and parameters: {'gradient_clip_val': 0.3332885527586521, 'hidden_size': 114, 'dropout': 0.30119253708872146, 'hidden_continuous_size': 20, 'attention_head_size': 3, 'learning_rate': 0.05576820777593301}. Best is trial 0 with value: 78.5403823852539.
[I 2023-12-26 13:02:39,551] Trial 48 finished with value: 193.3590087890625 and parameters: {'gradient_clip_val': 0.23799571462831004, 'hidden_size': 121, 'dropout': 0.3048802678751994, 'hidden_continuous_size': 19, 'attention_head_size': 4, 'learning_rate': 0.018819173505059864}. Best is trial 0 with value: 78.5403823852539.
[I 2023-12-26 13:02:47,967] Trial 49 finished with value: 187.96180725097656 and parameters: {'gradient_clip_val': 0.33723306936982855, 'hidden_size': 99, 'dropout': 0.2794675181012719, 'hidden_continuous_size': 27, 'attention_head_size': 3, 'learning_rate': 0.05608957977564485}. Best is trial 0 with value: 78.5403823852539.
[I 2023-12-26 13:02:48,112] A new study created in memory with name: no-name-e3d6c133-5794-4cf6-b19e-de1857aad0f1
/home/le004/conda/anaconda3/envs/tsff_env/lib/python3.9/site-packages/lightning/fabric/plugins/environments/slurm.py:191: The `srun` command is available on your system but is not used. HINT: If your intention is to run Lightning on SLURM, prepend your python command with `srun` like so: srun python /home/le004/master_thesis/git/TSFusionForecast/code/ ...
[I 2023-12-26 13:09:33,876] Trial 0 finished with value: 3554.372802734375 and parameters: {'gradient_clip_val': 0.21824773827976454, 'hidden_size': 79, 'dropout': 0.32830966250799387, 'hidden_continuous_size': 10, 'attention_head_size': 4, 'learning_rate': 0.005521870507616467}. Best is trial 0 with value: 3554.372802734375.
[I 2023-12-26 13:09:42,638] Trial 1 finished with value: 7932.99462890625 and parameters: {'gradient_clip_val': 0.7544187042488786, 'hidden_size': 105, 'dropout': 0.151092534064882, 'hidden_continuous_size': 10, 'attention_head_size': 4, 'learning_rate': 0.043467177294691954}. Best is trial 0 with value: 3554.372802734375.
[I 2023-12-26 13:09:51,588] Trial 2 finished with value: 6784.21435546875 and parameters: {'gradient_clip_val': 0.6465691845207537, 'hidden_size': 114, 'dropout': 0.369843461043605, 'hidden_continuous_size': 21, 'attention_head_size': 1, 'learning_rate': 0.0008255940081470869}. Best is trial 0 with value: 3554.372802734375.
[I 2023-12-26 13:09:53,706] Trial 3 finished with value: 6572.60546875 and parameters: {'gradient_clip_val': 0.3356326656161114, 'hidden_size': 10, 'dropout': 0.16234814748146476, 'hidden_continuous_size': 6, 'attention_head_size': 2, 'learning_rate': 0.08294426780622033}. Best is trial 0 with value: 3554.372802734375.
[I 2023-12-26 13:09:55,874] Trial 4 finished with value: 7707.01708984375 and parameters: {'gradient_clip_val': 0.1397280153121203, 'hidden_size': 12, 'dropout': 0.48507309685463673, 'hidden_continuous_size': 12, 'attention_head_size': 1, 'learning_rate': 0.014005768773085214}. Best is trial 0 with value: 3554.372802734375.
[I 2023-12-26 13:10:07,362] Trial 5 finished with value: 9439.2939453125 and parameters: {'gradient_clip_val': 0.14461498924365165, 'hidden_size': 140, 'dropout': 0.1445380335135519, 'hidden_continuous_size': 17, 'attention_head_size': 4, 'learning_rate': 0.0044003597578484484}. Best is trial 0 with value: 3554.372802734375.
[I 2023-12-26 13:10:19,798] Trial 6 finished with value: 7807.6484375 and parameters: {'gradient_clip_val': 0.9896288696533575, 'hidden_size': 149, 'dropout': 0.2420414991833449, 'hidden_continuous_size': 77, 'attention_head_size': 3, 'learning_rate': 0.04442818443591509}. Best is trial 0 with value: 3554.372802734375.
[I 2023-12-26 13:10:21,888] Trial 7 finished with value: 8364.677734375 and parameters: {'gradient_clip_val': 0.9814127271578906, 'hidden_size': 5, 'dropout': 0.25655840468579677, 'hidden_continuous_size': 5, 'attention_head_size': 2, 'learning_rate': 0.0012076253353139343}. Best is trial 0 with value: 3554.372802734375.
[I 2023-12-26 13:10:26,015] Trial 8 finished with value: 6383.15380859375 and parameters: {'gradient_clip_val': 0.3129303189291005, 'hidden_size': 57, 'dropout': 0.46018672026632756, 'hidden_continuous_size': 5, 'attention_head_size': 1, 'learning_rate': 0.0072978977708837494}. Best is trial 0 with value: 3554.372802734375.
[I 2023-12-26 13:10:28,349] Trial 9 finished with value: 6556.99169921875 and parameters: {'gradient_clip_val': 0.3116410935198262, 'hidden_size': 11, 'dropout': 0.4363337019299097, 'hidden_continuous_size': 8, 'attention_head_size': 4, 'learning_rate': 0.09554211028874367}. Best is trial 0 with value: 3554.372802734375.
[I 2023-12-26 13:10:32,278] Trial 10 finished with value: 7363.56396484375 and parameters: {'gradient_clip_val': 0.10353956218995786, 'hidden_size': 39, 'dropout': 0.34788361490258385, 'hidden_continuous_size': 8, 'attention_head_size': 3, 'learning_rate': 0.0022544423123193546}. Best is trial 0 with value: 3554.372802734375.
[I 2023-12-26 13:10:36,981] Trial 11 finished with value: 8611.3720703125 and parameters: {'gradient_clip_val': 0.25363470281467354, 'hidden_size': 52, 'dropout': 0.4046305166161785, 'hidden_continuous_size': 5, 'attention_head_size': 2, 'learning_rate': 0.010387054506201868}. Best is trial 0 with value: 3554.372802734375.
[I 2023-12-26 13:10:42,833] Trial 12 finished with value: 6733.54345703125 and parameters: {'gradient_clip_val': 0.21773336188570175, 'hidden_size': 66, 'dropout': 0.472020090486428, 'hidden_continuous_size': 5, 'attention_head_size': 3, 'learning_rate': 0.0057568435453287225}. Best is trial 0 with value: 3554.372802734375.
[I 2023-12-26 13:10:46,270] Trial 13 finished with value: 8758.8095703125 and parameters: {'gradient_clip_val': 0.39653211956181844, 'hidden_size': 32, 'dropout': 0.32268499594394007, 'hidden_continuous_size': 7, 'attention_head_size': 1, 'learning_rate': 0.0029331063972043462}. Best is trial 0 with value: 3554.372802734375.
[I 2023-12-26 13:10:52,045] Trial 14 finished with value: 8169.17724609375 and parameters: {'gradient_clip_val': 0.44469589736381604, 'hidden_size': 66, 'dropout': 0.41324648938341735, 'hidden_continuous_size': 12, 'attention_head_size': 2, 'learning_rate': 0.010036072080039413}. Best is trial 0 with value: 3554.372802734375.
[I 2023-12-26 13:10:54,891] Trial 15 finished with value: 7701.59130859375 and parameters: {'gradient_clip_val': 0.20378969781323322, 'hidden_size': 24, 'dropout': 0.28408082216038705, 'hidden_continuous_size': 6, 'attention_head_size': 3, 'learning_rate': 0.019024790409628692}. Best is trial 0 with value: 3554.372802734375.
[I 2023-12-26 13:11:02,656] Trial 16 finished with value: 9562.5859375 and parameters: {'gradient_clip_val': 0.25453782733757147, 'hidden_size': 90, 'dropout': 0.4999577453855311, 'hidden_continuous_size': 17, 'attention_head_size': 1, 'learning_rate': 0.004202946131268225}. Best is trial 0 with value: 3554.372802734375.
[I 2023-12-26 13:11:08,889] Trial 17 finished with value: 8312.9228515625 and parameters: {'gradient_clip_val': 0.47000619804291693, 'hidden_size': 75, 'dropout': 0.3766711935242902, 'hidden_continuous_size': 9, 'attention_head_size': 4, 'learning_rate': 0.00190480117541953}. Best is trial 0 with value: 3554.372802734375.
[I 2023-12-26 13:11:12,870] Trial 18 finished with value: 9202.0009765625 and parameters: {'gradient_clip_val': 0.16939165712331605, 'hidden_size': 48, 'dropout': 0.4468282419515438, 'hidden_continuous_size': 7, 'attention_head_size': 2, 'learning_rate': 0.007545524062746614}. Best is trial 0 with value: 3554.372802734375.
[I 2023-12-26 13:11:19,623] Trial 19 finished with value: 7283.8046875 and parameters: {'gradient_clip_val': 0.32883653563889725, 'hidden_size': 86, 'dropout': 0.32572791633547155, 'hidden_continuous_size': 12, 'attention_head_size': 3, 'learning_rate': 0.0006136085802274717}. Best is trial 0 with value: 3554.372802734375.
[I 2023-12-26 13:11:24,498] Trial 20 finished with value: 6907.48876953125 and parameters: {'gradient_clip_val': 0.2611795379621469, 'hidden_size': 52, 'dropout': 0.39468670953893553, 'hidden_continuous_size': 5, 'attention_head_size': 4, 'learning_rate': 0.003537509352186033}. Best is trial 0 with value: 3554.372802734375.
[I 2023-12-26 13:11:27,793] Trial 21 finished with value: 7638.12158203125 and parameters: {'gradient_clip_val': 0.30419806481512657, 'hidden_size': 28, 'dropout': 0.4556969778038124, 'hidden_continuous_size': 8, 'attention_head_size': 4, 'learning_rate': 0.013699372811886698}. Best is trial 0 with value: 3554.372802734375.
[I 2023-12-26 13:11:30,536] Trial 22 finished with value: 8746.80859375 and parameters: {'gradient_clip_val': 0.37728854772162324, 'hidden_size': 19, 'dropout': 0.4443372044600601, 'hidden_continuous_size': 6, 'attention_head_size': 4, 'learning_rate': 0.022717477919483028}. Best is trial 0 with value: 3554.372802734375.
[I 2023-12-26 13:11:34,342] Trial 23 finished with value: 6551.138671875 and parameters: {'gradient_clip_val': 0.18967130202557017, 'hidden_size': 39, 'dropout': 0.43007485358898445, 'hidden_continuous_size': 10, 'attention_head_size': 4, 'learning_rate': 0.006399042387282014}. Best is trial 0 with value: 3554.372802734375.
[I 2023-12-26 13:11:38,321] Trial 24 finished with value: 8194.7333984375 and parameters: {'gradient_clip_val': 0.19840503737589574, 'hidden_size': 41, 'dropout': 0.4096753882152522, 'hidden_continuous_size': 10, 'attention_head_size': 3, 'learning_rate': 0.006906536168134187}. Best is trial 0 with value: 3554.372802734375.
[I 2023-12-26 13:11:44,179] Trial 25 finished with value: 7435.24609375 and parameters: {'gradient_clip_val': 0.17541547086949222, 'hidden_size': 63, 'dropout': 0.4991846060281624, 'hidden_continuous_size': 14, 'attention_head_size': 4, 'learning_rate': 0.0052786664493985535}. Best is trial 0 with value: 3554.372802734375.
[I 2023-12-26 13:11:47,988] Trial 26 finished with value: 8642.08984375 and parameters: {'gradient_clip_val': 0.23941133952067836, 'hidden_size': 36, 'dropout': 0.42756196866972296, 'hidden_continuous_size': 10, 'attention_head_size': 3, 'learning_rate': 0.002588021171353461}. Best is trial 0 with value: 3554.372802734375.
[I 2023-12-26 13:11:53,041] Trial 27 finished with value: 8102.26708984375 and parameters: {'gradient_clip_val': 0.28105509136676565, 'hidden_size': 57, 'dropout': 0.46480471066514834, 'hidden_continuous_size': 7, 'attention_head_size': 1, 'learning_rate': 0.008073713138269776}. Best is trial 0 with value: 3554.372802734375.
[I 2023-12-26 13:12:00,516] Trial 28 finished with value: 6815.30615234375 and parameters: {'gradient_clip_val': 0.22067698884488446, 'hidden_size': 84, 'dropout': 0.3958793313336385, 'hidden_continuous_size': 22, 'attention_head_size': 4, 'learning_rate': 0.005075649157874815}. Best is trial 0 with value: 3554.372802734375.
[I 2023-12-26 13:12:10,661] Trial 29 finished with value: 8391.5703125 and parameters: {'gradient_clip_val': 0.18307379231410506, 'hidden_size': 116, 'dropout': 0.36135223076034273, 'hidden_continuous_size': 40, 'attention_head_size': 4, 'learning_rate': 0.0017535596899732545}. Best is trial 0 with value: 3554.372802734375.
[I 2023-12-26 13:12:14,947] Trial 30 finished with value: 8133.79052734375 and parameters: {'gradient_clip_val': 0.2231201993358226, 'hidden_size': 46, 'dropout': 0.4698782429415032, 'hidden_continuous_size': 9, 'attention_head_size': 3, 'learning_rate': 0.004382234435813844}. Best is trial 0 with value: 3554.372802734375.
[I 2023-12-26 13:12:18,703] Trial 31 finished with value: 8913.2451171875 and parameters: {'gradient_clip_val': 0.2910652676966722, 'hidden_size': 36, 'dropout': 0.43033745251658806, 'hidden_continuous_size': 8, 'attention_head_size': 4, 'learning_rate': 0.09788353501152061}. Best is trial 0 with value: 3554.372802734375.
[I 2023-12-26 13:12:25,002] Trial 32 finished with value: 8175.708984375 and parameters: {'gradient_clip_val': 0.28496951245728636, 'hidden_size': 71, 'dropout': 0.4368509285705297, 'hidden_continuous_size': 11, 'attention_head_size': 4, 'learning_rate': 0.028273545646793786}. Best is trial 0 with value: 3554.372802734375.
[I 2023-12-26 13:12:33,393] Trial 33 finished with value: 7978.76953125 and parameters: {'gradient_clip_val': 0.3357957302155861, 'hidden_size': 98, 'dropout': 0.39329049501189894, 'hidden_continuous_size': 6, 'attention_head_size': 4, 'learning_rate': 0.0429433085662977}. Best is trial 0 with value: 3554.372802734375.
[I 2023-12-26 13:12:36,412] Trial 34 finished with value: 6948.53662109375 and parameters: {'gradient_clip_val': 0.5529757075378106, 'hidden_size': 21, 'dropout': 0.45978709337067347, 'hidden_continuous_size': 9, 'attention_head_size': 4, 'learning_rate': 0.05574109930250275}. Best is trial 0 with value: 3554.372802734375.
[I 2023-12-26 13:12:39,204] Trial 35 finished with value: 10144.4482421875 and parameters: {'gradient_clip_val': 0.3647424633491957, 'hidden_size': 15, 'dropout': 0.37569768731369074, 'hidden_continuous_size': 7, 'attention_head_size': 4, 'learning_rate': 0.01476215611912231}. Best is trial 0 with value: 3554.372802734375.
[I 2023-12-26 13:12:43,055] Trial 36 finished with value: 9432.7685546875 and parameters: {'gradient_clip_val': 0.31339959315743665, 'hidden_size': 31, 'dropout': 0.42224288122499476, 'hidden_continuous_size': 11, 'attention_head_size': 1, 'learning_rate': 0.02914665206172488}. Best is trial 0 with value: 3554.372802734375.
[I 2023-12-26 13:12:45,586] Trial 37 finished with value: 8842.9775390625 and parameters: {'gradient_clip_val': 0.15266718596668147, 'hidden_size': 9, 'dropout': 0.4819878294462065, 'hidden_continuous_size': 5, 'attention_head_size': 2, 'learning_rate': 0.07124990883844493}. Best is trial 0 with value: 3554.372802734375.
[I 2023-12-26 13:12:54,713] Trial 38 finished with value: 9619.3935546875 and parameters: {'gradient_clip_val': 0.2305530547368011, 'hidden_size': 113, 'dropout': 0.3514219138995342, 'hidden_continuous_size': 14, 'attention_head_size': 3, 'learning_rate': 0.003322324179112285}. Best is trial 0 with value: 3554.372802734375.
[I 2023-12-26 13:12:58,672] Trial 39 finished with value: 8822.552734375 and parameters: {'gradient_clip_val': 0.12911344900402522, 'hidden_size': 42, 'dropout': 0.4358778363249867, 'hidden_continuous_size': 6, 'attention_head_size': 4, 'learning_rate': 0.0063448042830186345}. Best is trial 0 with value: 3554.372802734375.
[I 2023-12-26 13:13:03,704] Trial 40 finished with value: 7490.56396484375 and parameters: {'gradient_clip_val': 0.25752420603876514, 'hidden_size': 53, 'dropout': 0.20083061547659098, 'hidden_continuous_size': 8, 'attention_head_size': 3, 'learning_rate': 0.009684125254643848}. Best is trial 0 with value: 3554.372802734375.
[I 2023-12-26 13:13:06,004] Trial 41 finished with value: 8012.92578125 and parameters: {'gradient_clip_val': 0.3464118244869901, 'hidden_size': 7, 'dropout': 0.16460730158572312, 'hidden_continuous_size': 5, 'attention_head_size': 2, 'learning_rate': 0.09744368097124229}. Best is trial 0 with value: 3554.372802734375.
[I 2023-12-26 13:13:08,509] Trial 42 finished with value: 5667.88916015625 and parameters: {'gradient_clip_val': 0.39746220407647664, 'hidden_size': 10, 'dropout': 0.10533082277549125, 'hidden_continuous_size': 6, 'attention_head_size': 1, 'learning_rate': 0.06995538068185812}. Best is trial 0 with value: 3554.372802734375.
[I 2023-12-26 13:13:11,109] Trial 43 finished with value: 6543.81494140625 and parameters: {'gradient_clip_val': 0.402475479984764, 'hidden_size': 12, 'dropout': 0.11740493252984181, 'hidden_continuous_size': 6, 'attention_head_size': 1, 'learning_rate': 0.06860589982260211}. Best is trial 0 with value: 3554.372802734375.
[I 2023-12-26 13:13:13,647] Trial 44 finished with value: 8219.91015625 and parameters: {'gradient_clip_val': 0.4344690091294549, 'hidden_size': 13, 'dropout': 0.11080549166033425, 'hidden_continuous_size': 6, 'attention_head_size': 1, 'learning_rate': 0.043998168159593364}. Best is trial 0 with value: 3554.372802734375.
[I 2023-12-26 13:13:16,068] Trial 45 finished with value: 10851.10546875 and parameters: {'gradient_clip_val': 0.4166864683720723, 'hidden_size': 16, 'dropout': 0.11140045815190942, 'hidden_continuous_size': 5, 'attention_head_size': 1, 'learning_rate': 0.06268467244558676}. Best is trial 0 with value: 3554.372802734375.
[I 2023-12-26 13:13:18,524] Trial 46 finished with value: 7625.83203125 and parameters: {'gradient_clip_val': 0.5238544202002902, 'hidden_size': 9, 'dropout': 0.2389657307157974, 'hidden_continuous_size': 6, 'attention_head_size': 1, 'learning_rate': 0.06836674325259129}. Best is trial 0 with value: 3554.372802734375.
[I 2023-12-26 13:13:21,713] Trial 47 finished with value: 9004.205078125 and parameters: {'gradient_clip_val': 0.37015273180714564, 'hidden_size': 27, 'dropout': 0.10070548689585065, 'hidden_continuous_size': 7, 'attention_head_size': 1, 'learning_rate': 0.036268361072953344}. Best is trial 0 with value: 3554.372802734375.
[I 2023-12-26 13:13:27,422] Trial 48 finished with value: 5645.734375 and parameters: {'gradient_clip_val': 0.3878241046823652, 'hidden_size': 61, 'dropout': 0.14859252650236468, 'hidden_continuous_size': 9, 'attention_head_size': 1, 'learning_rate': 0.0171624428738074}. Best is trial 0 with value: 3554.372802734375.
