[I 2023-12-26 13:30:07,693] Trial 28 finished with value: 3398.240234375 and parameters: {'gradient_clip_val': 0.20443875575643267, 'hidden_size': 9, 'dropout': 0.13523256867185202, 'hidden_continuous_size': 6, 'attention_head_size': 2, 'learning_rate': 0.0035797411591440113}. Best is trial 0 with value: 719.15869140625.
[I 2023-12-26 13:30:09,842] Trial 29 finished with value: 3020.177001953125 and parameters: {'gradient_clip_val': 0.24578891146284249, 'hidden_size': 21, 'dropout': 0.1261351675094333, 'hidden_continuous_size': 11, 'attention_head_size': 1, 'learning_rate': 0.0008511076349008465}. Best is trial 0 with value: 719.15869140625.
[I 2023-12-26 13:30:11,735] Trial 30 finished with value: 2309.234130859375 and parameters: {'gradient_clip_val': 0.30974849707622204, 'hidden_size': 7, 'dropout': 0.1703071418975582, 'hidden_continuous_size': 5, 'attention_head_size': 3, 'learning_rate': 0.0007179970233189435}. Best is trial 0 with value: 719.15869140625.
[I 2023-12-26 13:30:13,697] Trial 31 finished with value: 3012.609130859375 and parameters: {'gradient_clip_val': 0.38197173795965916, 'hidden_size': 11, 'dropout': 0.17728905558412142, 'hidden_continuous_size': 6, 'attention_head_size': 2, 'learning_rate': 0.0012910644963638493}. Best is trial 0 with value: 719.15869140625.
[I 2023-12-26 13:30:15,553] Trial 32 finished with value: 2756.164794921875 and parameters: {'gradient_clip_val': 0.4257899561541637, 'hidden_size': 6, 'dropout': 0.12439856131337053, 'hidden_continuous_size': 5, 'attention_head_size': 2, 'learning_rate': 0.0008818309650636755}. Best is trial 0 with value: 719.15869140625.
[I 2023-12-26 13:30:17,259] Trial 33 finished with value: 3293.303955078125 and parameters: {'gradient_clip_val': 0.1278807352778914, 'hidden_size': 5, 'dropout': 0.15443379029428203, 'hidden_continuous_size': 5, 'attention_head_size': 2, 'learning_rate': 0.0014377947560578663}. Best is trial 0 with value: 719.15869140625.
[I 2023-12-26 13:30:19,069] Trial 34 finished with value: 3483.114990234375 and parameters: {'gradient_clip_val': 0.16839166391957408, 'hidden_size': 8, 'dropout': 0.21329601972630213, 'hidden_continuous_size': 6, 'attention_head_size': 2, 'learning_rate': 0.0018804061013358172}. Best is trial 0 with value: 719.15869140625.
[I 2023-12-26 13:30:21,019] Trial 35 finished with value: 2756.89453125 and parameters: {'gradient_clip_val': 0.1216761422657851, 'hidden_size': 12, 'dropout': 0.23366678425209406, 'hidden_continuous_size': 7, 'attention_head_size': 1, 'learning_rate': 0.0010416737928827012}. Best is trial 0 with value: 719.15869140625.
[I 2023-12-26 13:30:23,392] Trial 36 finished with value: 3285.735107421875 and parameters: {'gradient_clip_val': 0.3077752761059301, 'hidden_size': 29, 'dropout': 0.12138187763349963, 'hidden_continuous_size': 8, 'attention_head_size': 3, 'learning_rate': 0.010228457277755265}. Best is trial 0 with value: 719.15869140625.
[I 2023-12-26 13:30:25,317] Trial 37 finished with value: 3174.444580078125 and parameters: {'gradient_clip_val': 0.2690293957341781, 'hidden_size': 9, 'dropout': 0.15539625564904155, 'hidden_continuous_size': 6, 'attention_head_size': 2, 'learning_rate': 0.0022739233170585987}. Best is trial 0 with value: 719.15869140625.
[I 2023-12-26 13:30:27,586] Trial 38 finished with value: 3179.657958984375 and parameters: {'gradient_clip_val': 0.247710307466628, 'hidden_size': 14, 'dropout': 0.2187879928136382, 'hidden_continuous_size': 7, 'attention_head_size': 2, 'learning_rate': 0.0005067164033084126}. Best is trial 0 with value: 719.15869140625.
[I 2023-12-26 13:30:29,597] Trial 39 finished with value: 2742.302001953125 and parameters: {'gradient_clip_val': 0.10485100423666725, 'hidden_size': 18, 'dropout': 0.19510899203985677, 'hidden_continuous_size': 9, 'attention_head_size': 1, 'learning_rate': 0.0013131473256089805}. Best is trial 0 with value: 719.15869140625.
[I 2023-12-26 13:30:31,868] Trial 40 finished with value: 2265.489990234375 and parameters: {'gradient_clip_val': 0.5329701274015637, 'hidden_size': 23, 'dropout': 0.26942043893016193, 'hidden_continuous_size': 10, 'attention_head_size': 4, 'learning_rate': 0.000699243891230288}. Best is trial 0 with value: 719.15869140625.
[I 2023-12-26 13:30:34,180] Trial 41 finished with value: 3147.505859375 and parameters: {'gradient_clip_val': 0.5769193518982497, 'hidden_size': 25, 'dropout': 0.26411838478884875, 'hidden_continuous_size': 10, 'attention_head_size': 4, 'learning_rate': 0.0006801013876691613}. Best is trial 0 with value: 719.15869140625.
[I 2023-12-26 13:30:36,318] Trial 42 finished with value: 2129.757080078125 and parameters: {'gradient_clip_val': 0.37398791886022165, 'hidden_size': 19, 'dropout': 0.30646373939992944, 'hidden_continuous_size': 10, 'attention_head_size': 4, 'learning_rate': 0.0009301898551034806}. Best is trial 0 with value: 719.15869140625.
[I 2023-12-26 13:30:38,422] Trial 43 finished with value: 2495.6806640625 and parameters: {'gradient_clip_val': 0.3676639844168774, 'hidden_size': 18, 'dropout': 0.3068621909081559, 'hidden_continuous_size': 12, 'attention_head_size': 3, 'learning_rate': 0.0019434761689372292}. Best is trial 0 with value: 719.15869140625.
[I 2023-12-26 13:30:40,434] Trial 44 finished with value: 2549.126220703125 and parameters: {'gradient_clip_val': 0.29846023673918504, 'hidden_size': 12, 'dropout': 0.3342156357876189, 'hidden_continuous_size': 9, 'attention_head_size': 4, 'learning_rate': 0.001006107221249113}. Best is trial 0 with value: 719.15869140625.
[I 2023-12-26 13:30:42,485] Trial 45 finished with value: 2602.027587890625 and parameters: {'gradient_clip_val': 0.4240992747852179, 'hidden_size': 14, 'dropout': 0.2527853249342655, 'hidden_continuous_size': 7, 'attention_head_size': 2, 'learning_rate': 0.001554920486380259}. Best is trial 0 with value: 719.15869140625.
[I 2023-12-26 13:30:44,522] Trial 46 finished with value: 2407.163330078125 and parameters: {'gradient_clip_val': 0.3562071930194178, 'hidden_size': 17, 'dropout': 0.2892047704622442, 'hidden_continuous_size': 8, 'attention_head_size': 3, 'learning_rate': 0.001336335056733444}. Best is trial 0 with value: 719.15869140625.
[I 2023-12-26 13:30:46,922] Trial 47 finished with value: 2561.292724609375 and parameters: {'gradient_clip_val': 0.2801449529931721, 'hidden_size': 28, 'dropout': 0.22652971498365082, 'hidden_continuous_size': 15, 'attention_head_size': 2, 'learning_rate': 0.0008403902733775662}. Best is trial 0 with value: 719.15869140625.
[I 2023-12-26 13:30:48,919] Trial 48 finished with value: 1945.1177978515625 and parameters: {'gradient_clip_val': 0.324272473285528, 'hidden_size': 10, 'dropout': 0.19241585812934145, 'hidden_continuous_size': 6, 'attention_head_size': 2, 'learning_rate': 0.0018492821058324344}. Best is trial 0 with value: 719.15869140625.
[I 2023-12-26 13:30:51,309] Trial 49 finished with value: 2349.729736328125 and parameters: {'gradient_clip_val': 0.30798237612256446, 'hidden_size': 15, 'dropout': 0.192595428988375, 'hidden_continuous_size': 10, 'attention_head_size': 3, 'learning_rate': 0.002084737335930076}. Best is trial 0 with value: 719.15869140625.
[I 2023-12-26 13:30:51,443] A new study created in memory with name: no-name-2e4e2d89-a133-49b2-8d19-94d690540bd6
/home/le004/conda/anaconda3/envs/tsff_env/lib/python3.9/site-packages/lightning/fabric/plugins/environments/slurm.py:191: The `srun` command is available on your system but is not used. HINT: If your intention is to run Lightning on SLURM, prepend your python command with `srun` like so: srun python /home/le004/master_thesis/git/TSFusionForecast/code/ ...
[I 2023-12-26 13:39:09,564] Trial 0 finished with value: 28.56862449645996 and parameters: {'gradient_clip_val': 0.314325993295275, 'hidden_size': 78, 'dropout': 0.2867548042132597, 'hidden_continuous_size': 8, 'attention_head_size': 3, 'learning_rate': 0.0007850929859398969}. Best is trial 0 with value: 28.56862449645996.
[I 2023-12-26 13:39:17,607] Trial 1 finished with value: 105.91632080078125 and parameters: {'gradient_clip_val': 0.4232390903679327, 'hidden_size': 102, 'dropout': 0.2987847853827166, 'hidden_continuous_size': 80, 'attention_head_size': 4, 'learning_rate': 0.001954677045722435}. Best is trial 0 with value: 28.56862449645996.
[I 2023-12-26 13:39:19,705] Trial 2 finished with value: 105.66812133789062 and parameters: {'gradient_clip_val': 0.11166255595050652, 'hidden_size': 12, 'dropout': 0.15647362586223343, 'hidden_continuous_size': 11, 'attention_head_size': 4, 'learning_rate': 0.008036470146793945}. Best is trial 0 with value: 28.56862449645996.
[I 2023-12-26 13:39:22,791] Trial 3 finished with value: 107.48600006103516 and parameters: {'gradient_clip_val': 0.23034500871332275, 'hidden_size': 26, 'dropout': 0.37620954292906605, 'hidden_continuous_size': 6, 'attention_head_size': 3, 'learning_rate': 0.019327051279177696}. Best is trial 0 with value: 28.56862449645996.
[I 2023-12-26 13:39:31,436] Trial 4 finished with value: 112.42536163330078 and parameters: {'gradient_clip_val': 0.1684420317886598, 'hidden_size': 103, 'dropout': 0.3576400831368476, 'hidden_continuous_size': 31, 'attention_head_size': 1, 'learning_rate': 0.0006672502730951164}. Best is trial 0 with value: 28.56862449645996.
[I 2023-12-26 13:39:38,476] Trial 5 finished with value: 114.76801300048828 and parameters: {'gradient_clip_val': 0.21414974759744024, 'hidden_size': 75, 'dropout': 0.14630931428928795, 'hidden_continuous_size': 23, 'attention_head_size': 4, 'learning_rate': 0.017185692290876287}. Best is trial 0 with value: 28.56862449645996.
[I 2023-12-26 13:39:41,285] Trial 6 finished with value: 123.0453109741211 and parameters: {'gradient_clip_val': 0.3537708648343143, 'hidden_size': 36, 'dropout': 0.36521410864268966, 'hidden_continuous_size': 27, 'attention_head_size': 4, 'learning_rate': 0.0034898226824632414}. Best is trial 0 with value: 28.56862449645996.
[I 2023-12-26 13:39:42,956] Trial 7 finished with value: 113.7503433227539 and parameters: {'gradient_clip_val': 0.2719017393351366, 'hidden_size': 5, 'dropout': 0.4478413783767281, 'hidden_continuous_size': 5, 'attention_head_size': 1, 'learning_rate': 0.007876605757133188}. Best is trial 0 with value: 28.56862449645996.
[I 2023-12-26 13:39:44,966] Trial 8 finished with value: 113.52193450927734 and parameters: {'gradient_clip_val': 0.18158131098957186, 'hidden_size': 14, 'dropout': 0.298436618189609, 'hidden_continuous_size': 11, 'attention_head_size': 1, 'learning_rate': 0.01726820254637265}. Best is trial 0 with value: 28.56862449645996.
[I 2023-12-26 13:39:47,311] Trial 9 finished with value: 110.56549835205078 and parameters: {'gradient_clip_val': 0.7182943925977772, 'hidden_size': 26, 'dropout': 0.22990587401094845, 'hidden_continuous_size': 5, 'attention_head_size': 3, 'learning_rate': 0.006523699352130519}. Best is trial 0 with value: 28.56862449645996.
[I 2023-12-26 13:39:57,920] Trial 10 finished with value: 93.79105377197266 and parameters: {'gradient_clip_val': 0.5316389472632749, 'hidden_size': 143, 'dropout': 0.4905862555694457, 'hidden_continuous_size': 95, 'attention_head_size': 2, 'learning_rate': 0.08544906701033547}. Best is trial 0 with value: 28.56862449645996.
[I 2023-12-26 13:40:10,222] Trial 11 finished with value: 93.37415313720703 and parameters: {'gradient_clip_val': 0.5461232313617496, 'hidden_size': 149, 'dropout': 0.497291679698767, 'hidden_continuous_size': 147, 'attention_head_size': 2, 'learning_rate': 0.09418819663557827}. Best is trial 0 with value: 28.56862449645996.
[I 2023-12-26 13:40:15,237] Trial 12 finished with value: 126.97637939453125 and parameters: {'gradient_clip_val': 0.9611020094372258, 'hidden_size': 65, 'dropout': 0.44363434144027913, 'hidden_continuous_size': 41, 'attention_head_size': 2, 'learning_rate': 0.0005099033043364583}. Best is trial 0 with value: 28.56862449645996.
[I 2023-12-26 13:40:25,342] Trial 13 finished with value: 109.27825927734375 and parameters: {'gradient_clip_val': 0.4797817339938735, 'hidden_size': 132, 'dropout': 0.24524582310975712, 'hidden_continuous_size': 63, 'attention_head_size': 2, 'learning_rate': 0.09945369700530715}. Best is trial 0 with value: 28.56862449645996.
[I 2023-12-26 13:40:30,523] Trial 14 finished with value: 104.33316040039062 and parameters: {'gradient_clip_val': 0.329034351873246, 'hidden_size': 59, 'dropout': 0.4969674216650614, 'hidden_continuous_size': 16, 'attention_head_size': 3, 'learning_rate': 0.0016365952892079393}. Best is trial 0 with value: 28.56862449645996.
[I 2023-12-26 13:40:42,752] Trial 15 finished with value: 108.65594482421875 and parameters: {'gradient_clip_val': 0.6551283422057357, 'hidden_size': 140, 'dropout': 0.4060944323690737, 'hidden_continuous_size': 131, 'attention_head_size': 2, 'learning_rate': 0.05327927590874951}. Best is trial 0 with value: 28.56862449645996.
[I 2023-12-26 13:40:49,730] Trial 16 finished with value: 104.85787200927734 and parameters: {'gradient_clip_val': 0.3880716675277455, 'hidden_size': 81, 'dropout': 0.3298540147841644, 'hidden_continuous_size': 45, 'attention_head_size': 3, 'learning_rate': 0.0009440487572206098}. Best is trial 0 with value: 28.56862449645996.
[I 2023-12-26 13:40:53,785] Trial 17 finished with value: 113.08078002929688 and parameters: {'gradient_clip_val': 0.300101046544022, 'hidden_size': 50, 'dropout': 0.26005015370691004, 'hidden_continuous_size': 8, 'attention_head_size': 2, 'learning_rate': 0.03527706958243009}. Best is trial 0 with value: 28.56862449645996.
[I 2023-12-26 13:41:00,824] Trial 18 finished with value: 116.17249298095703 and parameters: {'gradient_clip_val': 0.5098837195820652, 'hidden_size': 94, 'dropout': 0.41536488359214524, 'hidden_continuous_size': 14, 'attention_head_size': 3, 'learning_rate': 0.003956891917991499}. Best is trial 0 with value: 28.56862449645996.
[I 2023-12-26 13:41:10,789] Trial 19 finished with value: 107.1570816040039 and parameters: {'gradient_clip_val': 0.413903833211019, 'hidden_size': 150, 'dropout': 0.3177539732497236, 'hidden_continuous_size': 19, 'attention_head_size': 2, 'learning_rate': 0.0010310599800346636}. Best is trial 0 with value: 28.56862449645996.
[I 2023-12-26 13:41:14,302] Trial 20 finished with value: 132.89170837402344 and parameters: {'gradient_clip_val': 0.6509081835528052, 'hidden_size': 44, 'dropout': 0.19294351371897878, 'hidden_continuous_size': 7, 'attention_head_size': 3, 'learning_rate': 0.03679858211949475}. Best is trial 0 with value: 28.56862449645996.
[I 2023-12-26 13:41:27,709] Trial 21 finished with value: 89.56189727783203 and parameters: {'gradient_clip_val': 0.52930663699961, 'hidden_size': 150, 'dropout': 0.4665486809081788, 'hidden_continuous_size': 138, 'attention_head_size': 2, 'learning_rate': 0.09613588704083333}. Best is trial 0 with value: 28.56862449645996.
[I 2023-12-26 13:41:35,267] Trial 22 finished with value: 85.05745697021484 and parameters: {'gradient_clip_val': 0.5615609235046415, 'hidden_size': 99, 'dropout': 0.47084557915637365, 'hidden_continuous_size': 57, 'attention_head_size': 2, 'learning_rate': 0.06798061564727303}. Best is trial 0 with value: 28.56862449645996.
[I 2023-12-26 13:41:42,807] Trial 23 finished with value: 102.68961334228516 and parameters: {'gradient_clip_val': 0.35527458451443117, 'hidden_size': 98, 'dropout': 0.452950607403949, 'hidden_continuous_size': 53, 'attention_head_size': 1, 'learning_rate': 0.06149854930184864}. Best is trial 0 with value: 28.56862449645996.
[I 2023-12-26 13:41:47,250] Trial 24 finished with value: 117.8469009399414 and parameters: {'gradient_clip_val': 0.4460817687186197, 'hidden_size': 65, 'dropout': 0.41323097203486997, 'hidden_continuous_size': 34, 'attention_head_size': 2, 'learning_rate': 0.030616071762967895}. Best is trial 0 with value: 28.56862449645996.
[I 2023-12-26 13:41:54,820] Trial 25 finished with value: 107.64214324951172 and parameters: {'gradient_clip_val': 0.8516524121452568, 'hidden_size': 108, 'dropout': 0.1002280945589746, 'hidden_continuous_size': 66, 'attention_head_size': 3, 'learning_rate': 0.06097180548976508}. Best is trial 0 with value: 28.56862449645996.
[I 2023-12-26 13:42:01,993] Trial 26 finished with value: 122.64462280273438 and parameters: {'gradient_clip_val': 0.5969505306958413, 'hidden_size': 79, 'dropout': 0.38498307853934793, 'hidden_continuous_size': 42, 'attention_head_size': 2, 'learning_rate': 0.012027657597364745}. Best is trial 0 with value: 28.56862449645996.
[I 2023-12-26 13:42:11,467] Trial 27 finished with value: 122.63428497314453 and parameters: {'gradient_clip_val': 0.762349125849918, 'hidden_size': 113, 'dropout': 0.46519350315779906, 'hidden_continuous_size': 89, 'attention_head_size': 1, 'learning_rate': 0.026644830261540995}. Best is trial 0 with value: 28.56862449645996.
[I 2023-12-26 13:42:18,179] Trial 28 finished with value: 126.93994903564453 and parameters: {'gradient_clip_val': 0.47706632902055196, 'hidden_size': 87, 'dropout': 0.3412182687056653, 'hidden_continuous_size': 24, 'attention_head_size': 3, 'learning_rate': 0.06284528763710659}. Best is trial 0 with value: 28.56862449645996.
[I 2023-12-26 13:42:28,437] Trial 29 finished with value: 110.59001922607422 and parameters: {'gradient_clip_val': 0.3943612524552338, 'hidden_size': 114, 'dropout': 0.2873650472859424, 'hidden_continuous_size': 70, 'attention_head_size': 4, 'learning_rate': 0.001849798686270661}. Best is trial 0 with value: 28.56862449645996.
[I 2023-12-26 13:42:34,835] Trial 30 finished with value: 123.96268463134766 and parameters: {'gradient_clip_val': 0.6013093781195651, 'hidden_size': 72, 'dropout': 0.4322009042029309, 'hidden_continuous_size': 35, 'attention_head_size': 2, 'learning_rate': 0.041616233158938594}. Best is trial 0 with value: 28.56862449645996.
[I 2023-12-26 13:42:48,695] Trial 31 finished with value: 78.9625015258789 and parameters: {'gradient_clip_val': 0.5427292899048047, 'hidden_size': 150, 'dropout': 0.48123239728447464, 'hidden_continuous_size': 141, 'attention_head_size': 2, 'learning_rate': 0.06677392248960178}. Best is trial 0 with value: 28.56862449645996.
[I 2023-12-26 13:42:58,957] Trial 32 finished with value: 81.7196273803711 and parameters: {'gradient_clip_val': 0.4434920413558928, 'hidden_size': 116, 'dropout': 0.46655431957007654, 'hidden_continuous_size': 100, 'attention_head_size': 2, 'learning_rate': 0.04834021482767232}. Best is trial 0 with value: 28.56862449645996.
[I 2023-12-26 13:43:09,027] Trial 33 finished with value: 116.8694839477539 and parameters: {'gradient_clip_val': 0.42715380998648744, 'hidden_size': 115, 'dropout': 0.46912602389352637, 'hidden_continuous_size': 92, 'attention_head_size': 2, 'learning_rate': 0.0245802980247882}. Best is trial 0 with value: 28.56862449645996.
[I 2023-12-26 13:43:16,760] Trial 34 finished with value: 111.82064056396484 and parameters: {'gradient_clip_val': 0.46093466346838524, 'hidden_size': 92, 'dropout': 0.4000214021172429, 'hidden_continuous_size': 61, 'attention_head_size': 3, 'learning_rate': 0.045618653817316224}. Best is trial 0 with value: 28.56862449645996.
[I 2023-12-26 13:43:24,310] Trial 35 finished with value: 95.5771713256836 and parameters: {'gradient_clip_val': 0.28766694830875855, 'hidden_size': 90, 'dropout': 0.3803778262182731, 'hidden_continuous_size': 53, 'attention_head_size': 1, 'learning_rate': 0.0726850909162506}. Best is trial 0 with value: 28.56862449645996.
[I 2023-12-26 13:43:33,763] Trial 36 finished with value: 96.70670318603516 and parameters: {'gradient_clip_val': 0.3739246012673415, 'hidden_size': 119, 'dropout': 0.42540343890281557, 'hidden_continuous_size': 86, 'attention_head_size': 2, 'learning_rate': 0.046428102388561675}. Best is trial 0 with value: 28.56862449645996.
[I 2023-12-26 13:43:38,641] Trial 37 finished with value: 108.78192138671875 and parameters: {'gradient_clip_val': 0.2608789120342213, 'hidden_size': 57, 'dropout': 0.3530648770127064, 'hidden_continuous_size': 39, 'attention_head_size': 3, 'learning_rate': 0.012770864340037255}. Best is trial 0 with value: 28.56862449645996.
[I 2023-12-26 13:43:45,643] Trial 38 finished with value: 87.37918090820312 and parameters: {'gradient_clip_val': 0.32133434009855333, 'hidden_size': 76, 'dropout': 0.4787643597675812, 'hidden_continuous_size': 29, 'attention_head_size': 4, 'learning_rate': 0.025540078264254987}. Best is trial 0 with value: 28.56862449645996.
[I 2023-12-26 13:43:55,922] Trial 39 finished with value: 95.75421142578125 and parameters: {'gradient_clip_val': 0.33874642065495714, 'hidden_size': 122, 'dropout': 0.4392065010878408, 'hidden_continuous_size': 104, 'attention_head_size': 1, 'learning_rate': 0.07304534926299487}. Best is trial 0 with value: 28.56862449645996.
[I 2023-12-26 13:43:58,670] Trial 40 finished with value: 134.3195343017578 and parameters: {'gradient_clip_val': 0.41485728645587716, 'hidden_size': 36, 'dropout': 0.47497837149312905, 'hidden_continuous_size': 26, 'attention_head_size': 2, 'learning_rate': 0.04799421865836585}. Best is trial 0 with value: 28.56862449645996.
[I 2023-12-26 13:44:03,803] Trial 41 finished with value: 114.56610870361328 and parameters: {'gradient_clip_val': 0.25466070944891334, 'hidden_size': 78, 'dropout': 0.48086577172445877, 'hidden_continuous_size': 50, 'attention_head_size': 4, 'learning_rate': 0.02270664967158178}. Best is trial 0 with value: 28.56862449645996.
[I 2023-12-26 13:44:10,746] Trial 42 finished with value: 106.71874237060547 and parameters: {'gradient_clip_val': 0.30574972874021117, 'hidden_size': 102, 'dropout': 0.49895870186613406, 'hidden_continuous_size': 74, 'attention_head_size': 4, 'learning_rate': 0.031114192974268966}. Best is trial 0 with value: 28.56862449645996.
