[I 2023-12-26 16:22:15,584] Trial 34 finished with value: 269.44183349609375 and parameters: {'gradient_clip_val': 0.353532986074983, 'hidden_size': 73, 'dropout': 0.38033484518171806, 'hidden_continuous_size': 27, 'attention_head_size': 4, 'learning_rate': 0.039926732355253916}. Best is trial 0 with value: 155.30564880371094.
[I 2023-12-26 16:22:22,628] Trial 35 finished with value: 335.2065734863281 and parameters: {'gradient_clip_val': 0.19396159022923987, 'hidden_size': 90, 'dropout': 0.20597765054502387, 'hidden_continuous_size': 38, 'attention_head_size': 3, 'learning_rate': 0.0243294015618616}. Best is trial 0 with value: 155.30564880371094.
[I 2023-12-26 16:22:31,003] Trial 36 finished with value: 270.5900573730469 and parameters: {'gradient_clip_val': 0.1495641900049852, 'hidden_size': 120, 'dropout': 0.29521623859304197, 'hidden_continuous_size': 10, 'attention_head_size': 3, 'learning_rate': 0.0627013089732022}. Best is trial 0 with value: 155.30564880371094.
[I 2023-12-26 16:22:35,485] Trial 37 finished with value: 272.6972351074219 and parameters: {'gradient_clip_val': 0.11979947616815502, 'hidden_size': 62, 'dropout': 0.35595722900900134, 'hidden_continuous_size': 22, 'attention_head_size': 4, 'learning_rate': 0.02807416750564534}. Best is trial 0 with value: 155.30564880371094.
[I 2023-12-26 16:22:40,649] Trial 38 finished with value: 315.4385070800781 and parameters: {'gradient_clip_val': 0.14027246045261663, 'hidden_size': 70, 'dropout': 0.3221487092007057, 'hidden_continuous_size': 14, 'attention_head_size': 4, 'learning_rate': 0.016592068892403364}. Best is trial 0 with value: 155.30564880371094.
[I 2023-12-26 16:22:49,702] Trial 39 finished with value: 288.0469055175781 and parameters: {'gradient_clip_val': 0.15232741112788847, 'hidden_size': 126, 'dropout': 0.39644003481091117, 'hidden_continuous_size': 11, 'attention_head_size': 3, 'learning_rate': 0.022503341547302595}. Best is trial 0 with value: 155.30564880371094.
[I 2023-12-26 16:22:56,828] Trial 40 finished with value: 334.1932067871094 and parameters: {'gradient_clip_val': 0.24584417255432964, 'hidden_size': 98, 'dropout': 0.2903590244422293, 'hidden_continuous_size': 27, 'attention_head_size': 1, 'learning_rate': 0.03937310178781076}. Best is trial 0 with value: 155.30564880371094.
[I 2023-12-26 16:23:05,420] Trial 41 finished with value: 217.6181640625 and parameters: {'gradient_clip_val': 0.10500443840406977, 'hidden_size': 119, 'dropout': 0.2488775321907157, 'hidden_continuous_size': 20, 'attention_head_size': 2, 'learning_rate': 0.0030367045009406287}. Best is trial 0 with value: 155.30564880371094.
[I 2023-12-26 16:23:13,862] Trial 42 finished with value: 407.3885498046875 and parameters: {'gradient_clip_val': 0.11496569915344586, 'hidden_size': 120, 'dropout': 0.25466462090654024, 'hidden_continuous_size': 20, 'attention_head_size': 2, 'learning_rate': 0.001975370335205326}. Best is trial 0 with value: 155.30564880371094.
[I 2023-12-26 16:23:22,277] Trial 43 finished with value: 358.6766662597656 and parameters: {'gradient_clip_val': 0.11115398938817944, 'hidden_size': 120, 'dropout': 0.23134490198057334, 'hidden_continuous_size': 16, 'attention_head_size': 1, 'learning_rate': 0.002879687909634769}. Best is trial 0 with value: 155.30564880371094.
[I 2023-12-26 16:23:27,933] Trial 44 finished with value: 326.5994873046875 and parameters: {'gradient_clip_val': 0.12581625739060964, 'hidden_size': 80, 'dropout': 0.28308971867894994, 'hidden_continuous_size': 12, 'attention_head_size': 2, 'learning_rate': 0.001576142340323279}. Best is trial 0 with value: 155.30564880371094.
[I 2023-12-26 16:23:34,827] Trial 45 finished with value: 330.9605712890625 and parameters: {'gradient_clip_val': 0.10503924168825375, 'hidden_size': 94, 'dropout': 0.18499857697358146, 'hidden_continuous_size': 9, 'attention_head_size': 3, 'learning_rate': 0.011452446193856346}. Best is trial 0 with value: 155.30564880371094.
[I 2023-12-26 16:23:44,159] Trial 46 finished with value: 257.6719665527344 and parameters: {'gradient_clip_val': 0.10116436550301164, 'hidden_size': 130, 'dropout': 0.13422442398568837, 'hidden_continuous_size': 27, 'attention_head_size': 1, 'learning_rate': 0.004551537084681659}. Best is trial 0 with value: 155.30564880371094.
[I 2023-12-26 16:23:54,918] Trial 47 finished with value: 222.83416748046875 and parameters: {'gradient_clip_val': 0.13256680654213687, 'hidden_size': 150, 'dropout': 0.22161990486806082, 'hidden_continuous_size': 7, 'attention_head_size': 2, 'learning_rate': 0.002678102496282656}. Best is trial 0 with value: 155.30564880371094.
[I 2023-12-26 16:24:02,165] Trial 48 finished with value: 287.2189025878906 and parameters: {'gradient_clip_val': 0.14612654977376643, 'hidden_size': 101, 'dropout': 0.20664288385224122, 'hidden_continuous_size': 18, 'attention_head_size': 2, 'learning_rate': 0.005570636037607511}. Best is trial 0 with value: 155.30564880371094.
[I 2023-12-26 16:24:07,542] Trial 49 finished with value: 242.7343292236328 and parameters: {'gradient_clip_val': 0.1615422384709391, 'hidden_size': 74, 'dropout': 0.18074241475841535, 'hidden_continuous_size': 13, 'attention_head_size': 4, 'learning_rate': 0.009475892677840964}. Best is trial 0 with value: 155.30564880371094.
[I 2023-12-26 16:24:07,685] A new study created in memory with name: no-name-8c0ebbf0-f66a-47e4-af82-84e7920db4b6
/home/le004/conda/anaconda3/envs/tsff_env/lib/python3.9/site-packages/lightning/fabric/plugins/environments/slurm.py:191: The `srun` command is available on your system but is not used. HINT: If your intention is to run Lightning on SLURM, prepend your python command with `srun` like so: srun python /home/le004/master_thesis/git/TSFusionForecast/code/ ...
[I 2023-12-26 16:34:18,217] Trial 0 finished with value: 11.812439918518066 and parameters: {'gradient_clip_val': 0.11123171403534786, 'hidden_size': 60, 'dropout': 0.4763302218470842, 'hidden_continuous_size': 12, 'attention_head_size': 4, 'learning_rate': 0.019525214872565803}. Best is trial 0 with value: 11.812439918518066.
[I 2023-12-26 16:34:19,971] Trial 1 finished with value: 123.84595489501953 and parameters: {'gradient_clip_val': 0.344797399623627, 'hidden_size': 7, 'dropout': 0.451094315443886, 'hidden_continuous_size': 7, 'attention_head_size': 2, 'learning_rate': 0.027059384326967802}. Best is trial 0 with value: 11.812439918518066.
[I 2023-12-26 16:34:21,831] Trial 2 finished with value: 119.58405303955078 and parameters: {'gradient_clip_val': 0.10007211684085165, 'hidden_size': 6, 'dropout': 0.17969784213818, 'hidden_continuous_size': 5, 'attention_head_size': 2, 'learning_rate': 0.0018741607517816492}. Best is trial 0 with value: 11.812439918518066.
[I 2023-12-26 16:34:23,820] Trial 3 finished with value: 130.54798889160156 and parameters: {'gradient_clip_val': 0.10527296780996728, 'hidden_size': 18, 'dropout': 0.4062264101253298, 'hidden_continuous_size': 18, 'attention_head_size': 3, 'learning_rate': 0.0007923816563418833}. Best is trial 0 with value: 11.812439918518066.
[I 2023-12-26 16:34:26,753] Trial 4 finished with value: 137.88259887695312 and parameters: {'gradient_clip_val': 0.8864052865707596, 'hidden_size': 51, 'dropout': 0.27982632895414095, 'hidden_continuous_size': 7, 'attention_head_size': 2, 'learning_rate': 0.0548315564542135}. Best is trial 0 with value: 11.812439918518066.
[I 2023-12-26 16:34:28,889] Trial 5 finished with value: 143.61900329589844 and parameters: {'gradient_clip_val': 0.6748961324210275, 'hidden_size': 20, 'dropout': 0.32368266506492205, 'hidden_continuous_size': 7, 'attention_head_size': 4, 'learning_rate': 0.08084344275444849}. Best is trial 0 with value: 11.812439918518066.
[I 2023-12-26 16:34:31,833] Trial 6 finished with value: 74.77096557617188 and parameters: {'gradient_clip_val': 0.6521410537750489, 'hidden_size': 48, 'dropout': 0.36236489314307896, 'hidden_continuous_size': 43, 'attention_head_size': 4, 'learning_rate': 0.06544823374326783}. Best is trial 0 with value: 11.812439918518066.
[I 2023-12-26 16:34:33,528] Trial 7 finished with value: 94.86536407470703 and parameters: {'gradient_clip_val': 0.6399825261233392, 'hidden_size': 5, 'dropout': 0.3408112780208118, 'hidden_continuous_size': 5, 'attention_head_size': 2, 'learning_rate': 0.008901839481009581}. Best is trial 0 with value: 11.812439918518066.
[I 2023-12-26 16:34:40,077] Trial 8 finished with value: 129.06495666503906 and parameters: {'gradient_clip_val': 0.11049245313690285, 'hidden_size': 111, 'dropout': 0.20943233588515417, 'hidden_continuous_size': 6, 'attention_head_size': 2, 'learning_rate': 0.06300804828909225}. Best is trial 0 with value: 11.812439918518066.
[I 2023-12-26 16:34:42,522] Trial 9 finished with value: 115.1555404663086 and parameters: {'gradient_clip_val': 0.9075357869653534, 'hidden_size': 32, 'dropout': 0.13876868207426007, 'hidden_continuous_size': 5, 'attention_head_size': 1, 'learning_rate': 0.0009902408004113154}. Best is trial 0 with value: 11.812439918518066.
[I 2023-12-26 16:34:52,091] Trial 10 finished with value: 109.24225616455078 and parameters: {'gradient_clip_val': 0.1832899820603883, 'hidden_size': 145, 'dropout': 0.4858859534295092, 'hidden_continuous_size': 103, 'attention_head_size': 4, 'learning_rate': 0.010689746058941093}. Best is trial 0 with value: 11.812439918518066.
[I 2023-12-26 16:34:55,768] Trial 11 finished with value: 106.8521728515625 and parameters: {'gradient_clip_val': 0.3497865868540055, 'hidden_size': 65, 'dropout': 0.4982983387594985, 'hidden_continuous_size': 20, 'attention_head_size': 4, 'learning_rate': 0.024305692220373046}. Best is trial 0 with value: 11.812439918518066.
[I 2023-12-26 16:34:59,280] Trial 12 finished with value: 96.60711669921875 and parameters: {'gradient_clip_val': 0.21898570919697258, 'hidden_size': 64, 'dropout': 0.39194893094450023, 'hidden_continuous_size': 33, 'attention_head_size': 3, 'learning_rate': 0.02363473642108536}. Best is trial 0 with value: 11.812439918518066.
[I 2023-12-26 16:35:01,910] Trial 13 finished with value: 147.8634490966797 and parameters: {'gradient_clip_val': 0.4931818954621476, 'hidden_size': 37, 'dropout': 0.4263327789769146, 'hidden_continuous_size': 11, 'attention_head_size': 4, 'learning_rate': 0.004585360418082234}. Best is trial 0 with value: 11.812439918518066.
[I 2023-12-26 16:35:06,975] Trial 14 finished with value: 101.21210479736328 and parameters: {'gradient_clip_val': 0.24590919918764584, 'hidden_size': 86, 'dropout': 0.3856179496161432, 'hidden_continuous_size': 39, 'attention_head_size': 3, 'learning_rate': 0.09143032406165627}. Best is trial 0 with value: 11.812439918518066.
[I 2023-12-26 16:35:09,790] Trial 15 finished with value: 127.09366607666016 and parameters: {'gradient_clip_val': 0.16634787109092292, 'hidden_size': 44, 'dropout': 0.45320390224031, 'hidden_continuous_size': 10, 'attention_head_size': 4, 'learning_rate': 0.03747447693707711}. Best is trial 0 with value: 11.812439918518066.
[I 2023-12-26 16:35:12,066] Trial 16 finished with value: 115.9095687866211 and parameters: {'gradient_clip_val': 0.4420038953698033, 'hidden_size': 25, 'dropout': 0.3675703445618089, 'hidden_continuous_size': 9, 'attention_head_size': 3, 'learning_rate': 0.01272077527770633}. Best is trial 0 with value: 11.812439918518066.
[I 2023-12-26 16:35:16,696] Trial 17 finished with value: 88.03301239013672 and parameters: {'gradient_clip_val': 0.26650283142516135, 'hidden_size': 79, 'dropout': 0.300031908915525, 'hidden_continuous_size': 15, 'attention_head_size': 1, 'learning_rate': 0.042614740519556826}. Best is trial 0 with value: 11.812439918518066.
[I 2023-12-26 16:35:19,696] Trial 18 finished with value: 110.41619873046875 and parameters: {'gradient_clip_val': 0.14086905353028575, 'hidden_size': 50, 'dropout': 0.4413413176287506, 'hidden_continuous_size': 13, 'attention_head_size': 4, 'learning_rate': 0.0970121497955756}. Best is trial 0 with value: 11.812439918518066.
[I 2023-12-26 16:35:26,436] Trial 19 finished with value: 134.41529846191406 and parameters: {'gradient_clip_val': 0.2844321200817846, 'hidden_size': 99, 'dropout': 0.35998483389069574, 'hidden_continuous_size': 29, 'attention_head_size': 3, 'learning_rate': 0.01710946282462765}. Best is trial 0 with value: 11.812439918518066.
[I 2023-12-26 16:35:36,550] Trial 20 finished with value: 103.19482421875 and parameters: {'gradient_clip_val': 0.1412784901466232, 'hidden_size': 135, 'dropout': 0.27040140249228817, 'hidden_continuous_size': 48, 'attention_head_size': 4, 'learning_rate': 0.04784894574595235}. Best is trial 0 with value: 11.812439918518066.
[I 2023-12-26 16:35:41,599] Trial 21 finished with value: 114.00833129882812 and parameters: {'gradient_clip_val': 0.22580503603285157, 'hidden_size': 75, 'dropout': 0.30835639771784207, 'hidden_continuous_size': 15, 'attention_head_size': 1, 'learning_rate': 0.03607692083716687}. Best is trial 0 with value: 11.812439918518066.
[I 2023-12-26 16:35:48,069] Trial 22 finished with value: 107.76631927490234 and parameters: {'gradient_clip_val': 0.30942578327930714, 'hidden_size': 86, 'dropout': 0.2536493887272884, 'hidden_continuous_size': 17, 'attention_head_size': 1, 'learning_rate': 0.047834115222173505}. Best is trial 0 with value: 11.812439918518066.
[I 2023-12-26 16:35:52,851] Trial 23 finished with value: 98.05582427978516 and parameters: {'gradient_clip_val': 0.40138058380727315, 'hidden_size': 65, 'dropout': 0.32437544838268423, 'hidden_continuous_size': 22, 'attention_head_size': 1, 'learning_rate': 0.01694657311804878}. Best is trial 0 with value: 11.812439918518066.
[I 2023-12-26 16:35:59,353] Trial 24 finished with value: 116.82172393798828 and parameters: {'gradient_clip_val': 0.2781473938347055, 'hidden_size': 105, 'dropout': 0.35220638249162356, 'hidden_continuous_size': 14, 'attention_head_size': 3, 'learning_rate': 0.03609635151876775}. Best is trial 0 with value: 11.812439918518066.
[I 2023-12-26 16:36:02,482] Trial 25 finished with value: 117.76730346679688 and parameters: {'gradient_clip_val': 0.520519775449079, 'hidden_size': 53, 'dropout': 0.40614419241096483, 'hidden_continuous_size': 13, 'attention_head_size': 4, 'learning_rate': 0.06579050550032922}. Best is trial 0 with value: 11.812439918518066.
[I 2023-12-26 16:36:05,614] Trial 26 finished with value: 99.66287231445312 and parameters: {'gradient_clip_val': 0.18643834146810198, 'hidden_size': 37, 'dropout': 0.30147996534382426, 'hidden_continuous_size': 11, 'attention_head_size': 3, 'learning_rate': 0.006236192893419255}. Best is trial 0 with value: 11.812439918518066.
[I 2023-12-26 16:36:12,508] Trial 27 finished with value: 106.3841552734375 and parameters: {'gradient_clip_val': 0.2584209660564159, 'hidden_size': 75, 'dropout': 0.3733125886008025, 'hidden_continuous_size': 23, 'attention_head_size': 1, 'learning_rate': 0.030037154180352445}. Best is trial 0 with value: 11.812439918518066.
[I 2023-12-26 16:36:20,355] Trial 28 finished with value: 119.2569351196289 and parameters: {'gradient_clip_val': 0.3568780257151471, 'hidden_size': 118, 'dropout': 0.4751817284408428, 'hidden_continuous_size': 28, 'attention_head_size': 4, 'learning_rate': 0.01770462157310411}. Best is trial 0 with value: 11.812439918518066.
[I 2023-12-26 16:36:22,345] Trial 29 finished with value: 135.33399963378906 and parameters: {'gradient_clip_val': 0.3538804294553488, 'hidden_size': 12, 'dropout': 0.4614078554634342, 'hidden_continuous_size': 6, 'attention_head_size': 2, 'learning_rate': 0.02560716172463929}. Best is trial 0 with value: 11.812439918518066.
[I 2023-12-26 16:36:24,965] Trial 30 finished with value: 126.59326934814453 and parameters: {'gradient_clip_val': 0.31326674345908245, 'hidden_size': 39, 'dropout': 0.4264999853533181, 'hidden_continuous_size': 9, 'attention_head_size': 3, 'learning_rate': 0.06523497797529482}. Best is trial 0 with value: 11.812439918518066.
[I 2023-12-26 16:36:26,900] Trial 31 finished with value: 130.56947326660156 and parameters: {'gradient_clip_val': 0.587650067897301, 'hidden_size': 9, 'dropout': 0.3407944938768095, 'hidden_continuous_size': 5, 'attention_head_size': 2, 'learning_rate': 0.00863610138128945}. Best is trial 0 with value: 11.812439918518066.
[I 2023-12-26 16:36:28,613] Trial 32 finished with value: 133.04957580566406 and parameters: {'gradient_clip_val': 0.6714232659903608, 'hidden_size': 5, 'dropout': 0.3405167707097642, 'hidden_continuous_size': 5, 'attention_head_size': 2, 'learning_rate': 0.005268102627434361}. Best is trial 0 with value: 11.812439918518066.
[I 2023-12-26 16:36:30,720] Trial 33 finished with value: 132.2126922607422 and parameters: {'gradient_clip_val': 0.4243004082535939, 'hidden_size': 7, 'dropout': 0.4182633984218123, 'hidden_continuous_size': 6, 'attention_head_size': 1, 'learning_rate': 0.003658700693173994}. Best is trial 0 with value: 11.812439918518066.
[I 2023-12-26 16:36:32,440] Trial 34 finished with value: 124.14688873291016 and parameters: {'gradient_clip_val': 0.7479991968138515, 'hidden_size': 5, 'dropout': 0.3915263024667842, 'hidden_continuous_size': 5, 'attention_head_size': 2, 'learning_rate': 0.00944294560874909}. Best is trial 0 with value: 11.812439918518066.
[I 2023-12-26 16:36:34,834] Trial 35 finished with value: 104.276123046875 and parameters: {'gradient_clip_val': 0.5530819633556385, 'hidden_size': 30, 'dropout': 0.29632008861495673, 'hidden_continuous_size': 9, 'attention_head_size': 1, 'learning_rate': 0.013273672868174326}. Best is trial 0 with value: 11.812439918518066.
[I 2023-12-26 16:36:36,903] Trial 36 finished with value: 113.94886016845703 and parameters: {'gradient_clip_val': 0.73877045516761, 'hidden_size': 15, 'dropout': 0.3282987573934393, 'hidden_continuous_size': 8, 'attention_head_size': 2, 'learning_rate': 0.04463903800340195}. Best is trial 0 with value: 11.812439918518066.
[I 2023-12-26 16:36:40,215] Trial 37 finished with value: 139.69374084472656 and parameters: {'gradient_clip_val': 0.9227823638176665, 'hidden_size': 54, 'dropout': 0.25551277570715636, 'hidden_continuous_size': 15, 'attention_head_size': 2, 'learning_rate': 0.056126132789624264}. Best is trial 0 with value: 11.812439918518066.
[I 2023-12-26 16:36:42,468] Trial 38 finished with value: 85.34770965576172 and parameters: {'gradient_clip_val': 0.10418052648254561, 'hidden_size': 23, 'dropout': 0.36227533914291976, 'hidden_continuous_size': 7, 'attention_head_size': 3, 'learning_rate': 0.07261974892908725}. Best is trial 0 with value: 11.812439918518066.
[I 2023-12-26 16:36:44,721] Trial 39 finished with value: 130.49534606933594 and parameters: {'gradient_clip_val': 0.1025780066371331, 'hidden_size': 25, 'dropout': 0.4478567940790531, 'hidden_continuous_size': 8, 'attention_head_size': 3, 'learning_rate': 0.07672546950470413}. Best is trial 0 with value: 11.812439918518066.
[I 2023-12-26 16:36:46,879] Trial 40 finished with value: 121.38265228271484 and parameters: {'gradient_clip_val': 0.11432056670035602, 'hidden_size': 19, 'dropout': 0.3704719997513688, 'hidden_continuous_size': 8, 'attention_head_size': 4, 'learning_rate': 0.07306915186102637}. Best is trial 0 with value: 11.812439918518066.
[I 2023-12-26 16:36:48,821] Trial 41 finished with value: 121.9573974609375 and parameters: {'gradient_clip_val': 0.9878229674287925, 'hidden_size': 7, 'dropout': 0.3519878404614659, 'hidden_continuous_size': 6, 'attention_head_size': 4, 'learning_rate': 0.0511100464017353}. Best is trial 0 with value: 11.812439918518066.
[I 2023-12-26 16:36:51,300] Trial 42 finished with value: 94.33167266845703 and parameters: {'gradient_clip_val': 0.11201374006692866, 'hidden_size': 12, 'dropout': 0.4011043873138683, 'hidden_continuous_size': 7, 'attention_head_size': 3, 'learning_rate': 0.03526346021844215}. Best is trial 0 with value: 11.812439918518066.
[I 2023-12-26 16:36:54,415] Trial 43 finished with value: 154.0166778564453 and parameters: {'gradient_clip_val': 0.12721225416687346, 'hidden_size': 30, 'dropout': 0.38824654606157244, 'hidden_continuous_size': 7, 'attention_head_size': 3, 'learning_rate': 0.030264278269923305}. Best is trial 0 with value: 11.812439918518066.
[I 2023-12-26 16:36:56,623] Trial 44 finished with value: 84.88788604736328 and parameters: {'gradient_clip_val': 0.11315532135376205, 'hidden_size': 24, 'dropout': 0.4094182654241345, 'hidden_continuous_size': 12, 'attention_head_size': 3, 'learning_rate': 0.08706203740316795}. Best is trial 0 with value: 11.812439918518066.
[I 2023-12-26 16:36:59,152] Trial 45 finished with value: 139.39576721191406 and parameters: {'gradient_clip_val': 0.10092808924442115, 'hidden_size': 22, 'dropout': 0.4819481937466285, 'hidden_continuous_size': 12, 'attention_head_size': 4, 'learning_rate': 0.09721027886001843}. Best is trial 0 with value: 11.812439918518066.
[I 2023-12-26 16:37:01,989] Trial 46 finished with value: 119.59213256835938 and parameters: {'gradient_clip_val': 0.12236612942667845, 'hidden_size': 44, 'dropout': 0.498584420151782, 'hidden_continuous_size': 11, 'attention_head_size': 3, 'learning_rate': 0.08061125039986683}. Best is trial 0 with value: 11.812439918518066.
[I 2023-12-26 16:37:04,457] Trial 47 finished with value: 84.5001449584961 and parameters: {'gradient_clip_val': 0.13411235675415303, 'hidden_size': 28, 'dropout': 0.4237804853375406, 'hidden_continuous_size': 10, 'attention_head_size': 4, 'learning_rate': 0.06225582204868367}. Best is trial 0 with value: 11.812439918518066.
[I 2023-12-26 16:37:06,785] Trial 48 finished with value: 131.5793914794922 and parameters: {'gradient_clip_val': 0.13110971048813036, 'hidden_size': 22, 'dropout': 0.4324691209301087, 'hidden_continuous_size': 10, 'attention_head_size': 4, 'learning_rate': 0.06236942814446648}. Best is trial 0 with value: 11.812439918518066.
