[I 2023-12-27 10:57:07,649] Trial 38 finished with value: 48.97429275512695 and parameters: {'gradient_clip_val': 0.4310374377182843, 'hidden_size': 30, 'dropout': 0.33015828688272214, 'hidden_continuous_size': 12, 'attention_head_size': 3, 'learning_rate': 0.06585443997185866}. Best is trial 0 with value: 14.331039428710938.
LOCAL_RANK: 0 - CUDA_VISIBLE_DEVICES: [0]
[I 2023-12-27 10:57:08,091] Trial 39 finished with value: 49.70338439941406 and parameters: {'gradient_clip_val': 0.5086640218880318, 'hidden_size': 10, 'dropout': 0.3528591487078167, 'hidden_continuous_size': 7, 'attention_head_size': 2, 'learning_rate': 0.02876666721765683}. Best is trial 0 with value: 14.331039428710938.
LOCAL_RANK: 0 - CUDA_VISIBLE_DEVICES: [0]
[I 2023-12-27 10:57:08,556] Trial 40 finished with value: 64.26216888427734 and parameters: {'gradient_clip_val': 0.6455524931912096, 'hidden_size': 20, 'dropout': 0.37281876674551656, 'hidden_continuous_size': 9, 'attention_head_size': 1, 'learning_rate': 0.03906383424775777}. Best is trial 0 with value: 14.331039428710938.
LOCAL_RANK: 0 - CUDA_VISIBLE_DEVICES: [0]
[I 2023-12-27 10:57:09,005] Trial 41 finished with value: 54.7816162109375 and parameters: {'gradient_clip_val': 0.32254699227024974, 'hidden_size': 16, 'dropout': 0.3377249145601229, 'hidden_continuous_size': 8, 'attention_head_size': 3, 'learning_rate': 0.03065588366119737}. Best is trial 0 with value: 14.331039428710938.
LOCAL_RANK: 0 - CUDA_VISIBLE_DEVICES: [0]
[I 2023-12-27 10:57:09,449] Trial 42 finished with value: 64.0936508178711 and parameters: {'gradient_clip_val': 0.4595172776554576, 'hidden_size': 12, 'dropout': 0.29277301045063214, 'hidden_continuous_size': 7, 'attention_head_size': 3, 'learning_rate': 0.02095983604709771}. Best is trial 0 with value: 14.331039428710938.
LOCAL_RANK: 0 - CUDA_VISIBLE_DEVICES: [0]
[I 2023-12-27 10:57:10,207] Trial 43 finished with value: 46.88730239868164 and parameters: {'gradient_clip_val': 0.3522774122547242, 'hidden_size': 18, 'dropout': 0.3606446213428698, 'hidden_continuous_size': 8, 'attention_head_size': 3, 'learning_rate': 0.053548262678144755}. Best is trial 0 with value: 14.331039428710938.
LOCAL_RANK: 0 - CUDA_VISIBLE_DEVICES: [0]
[I 2023-12-27 10:57:10,653] Trial 44 finished with value: 50.323673248291016 and parameters: {'gradient_clip_val': 0.2817058193057666, 'hidden_size': 14, 'dropout': 0.32896065585572093, 'hidden_continuous_size': 7, 'attention_head_size': 3, 'learning_rate': 0.033679315617630406}. Best is trial 0 with value: 14.331039428710938.
LOCAL_RANK: 0 - CUDA_VISIBLE_DEVICES: [0]
[I 2023-12-27 10:57:11,109] Trial 45 finished with value: 49.30915451049805 and parameters: {'gradient_clip_val': 0.5656156261898018, 'hidden_size': 11, 'dropout': 0.4074533419262123, 'hidden_continuous_size': 7, 'attention_head_size': 4, 'learning_rate': 0.024385557721613483}. Best is trial 0 with value: 14.331039428710938.
LOCAL_RANK: 0 - CUDA_VISIBLE_DEVICES: [0]
[I 2023-12-27 10:57:11,544] Trial 46 finished with value: 54.282562255859375 and parameters: {'gradient_clip_val': 0.3931233563568034, 'hidden_size': 10, 'dropout': 0.3133645947569564, 'hidden_continuous_size': 8, 'attention_head_size': 3, 'learning_rate': 0.018704102195484382}. Best is trial 0 with value: 14.331039428710938.
LOCAL_RANK: 0 - CUDA_VISIBLE_DEVICES: [0]
[I 2023-12-27 10:57:11,982] Trial 47 finished with value: 67.58001708984375 and parameters: {'gradient_clip_val': 0.9107889817661949, 'hidden_size': 17, 'dropout': 0.3709612345546371, 'hidden_continuous_size': 10, 'attention_head_size': 3, 'learning_rate': 0.027690543599444308}. Best is trial 0 with value: 14.331039428710938.
LOCAL_RANK: 0 - CUDA_VISIBLE_DEVICES: [0]
[I 2023-12-27 10:57:12,461] Trial 48 finished with value: 54.13607406616211 and parameters: {'gradient_clip_val': 0.47142211210992935, 'hidden_size': 22, 'dropout': 0.43832765589979583, 'hidden_continuous_size': 9, 'attention_head_size': 2, 'learning_rate': 0.014872729829341947}. Best is trial 0 with value: 14.331039428710938.
LOCAL_RANK: 0 - CUDA_VISIBLE_DEVICES: [0]
[I 2023-12-27 10:57:12,917] Trial 49 finished with value: 57.51279830932617 and parameters: {'gradient_clip_val': 0.7592256371356833, 'hidden_size': 13, 'dropout': 0.47428920478201214, 'hidden_continuous_size': 7, 'attention_head_size': 3, 'learning_rate': 0.04618856289979995}. Best is trial 0 with value: 14.331039428710938.
[I 2023-12-27 10:57:13,048] A new study created in memory with name: no-name-7ecee75b-7243-4694-bb2c-1257f86af573
/home/le004/conda/anaconda3/envs/tsff_env/lib/python3.9/site-packages/lightning/fabric/plugins/environments/slurm.py:191: The `srun` command is available on your system but is not used. HINT: If your intention is to run Lightning on SLURM, prepend your python command with `srun` like so: srun python /home/le004/master_thesis/git/TSFusionForecast/code/ ...
LOCAL_RANK: 0 - CUDA_VISIBLE_DEVICES: [0]
[I 2023-12-27 10:57:41,389] Trial 0 finished with value: 21.980714797973633 and parameters: {'gradient_clip_val': 0.11673154620888122, 'hidden_size': 44, 'dropout': 0.2198578305965179, 'hidden_continuous_size': 40, 'attention_head_size': 1, 'learning_rate': 0.008637656930101406}. Best is trial 0 with value: 21.980714797973633.
LOCAL_RANK: 0 - CUDA_VISIBLE_DEVICES: [0]
[I 2023-12-27 10:57:47,312] Trial 1 finished with value: 234.8040771484375 and parameters: {'gradient_clip_val': 0.5698294221209191, 'hidden_size': 6, 'dropout': 0.4229093367944937, 'hidden_continuous_size': 6, 'attention_head_size': 3, 'learning_rate': 0.0023304780682880536}. Best is trial 0 with value: 21.980714797973633.
LOCAL_RANK: 0 - CUDA_VISIBLE_DEVICES: [0]
[I 2023-12-27 10:57:47,762] Trial 2 finished with value: 283.89306640625 and parameters: {'gradient_clip_val': 0.5814788567084158, 'hidden_size': 34, 'dropout': 0.4906880765838354, 'hidden_continuous_size': 16, 'attention_head_size': 1, 'learning_rate': 0.0024889088179358134}. Best is trial 0 with value: 21.980714797973633.
LOCAL_RANK: 0 - CUDA_VISIBLE_DEVICES: [0]
[I 2023-12-27 10:57:48,236] Trial 3 finished with value: 242.4413299560547 and parameters: {'gradient_clip_val': 0.11558075615885487, 'hidden_size': 109, 'dropout': 0.3855601787944474, 'hidden_continuous_size': 6, 'attention_head_size': 4, 'learning_rate': 0.007444763199687384}. Best is trial 0 with value: 21.980714797973633.
LOCAL_RANK: 0 - CUDA_VISIBLE_DEVICES: [0]
[I 2023-12-27 10:57:48,997] Trial 4 finished with value: 233.6363983154297 and parameters: {'gradient_clip_val': 0.6059166779595239, 'hidden_size': 120, 'dropout': 0.24696183901880958, 'hidden_continuous_size': 31, 'attention_head_size': 1, 'learning_rate': 0.01612945448260361}. Best is trial 0 with value: 21.980714797973633.
LOCAL_RANK: 0 - CUDA_VISIBLE_DEVICES: [0]
[I 2023-12-27 10:57:49,454] Trial 5 finished with value: 186.435546875 and parameters: {'gradient_clip_val': 0.9174946295550336, 'hidden_size': 37, 'dropout': 0.48801046570670403, 'hidden_continuous_size': 27, 'attention_head_size': 4, 'learning_rate': 0.000740974492294302}. Best is trial 0 with value: 21.980714797973633.
LOCAL_RANK: 0 - CUDA_VISIBLE_DEVICES: [0]
[I 2023-12-27 10:57:49,944] Trial 6 finished with value: 166.47499084472656 and parameters: {'gradient_clip_val': 0.2405637876103665, 'hidden_size': 138, 'dropout': 0.25968593302844245, 'hidden_continuous_size': 23, 'attention_head_size': 2, 'learning_rate': 0.043479331357509005}. Best is trial 0 with value: 21.980714797973633.
LOCAL_RANK: 0 - CUDA_VISIBLE_DEVICES: [0]
[I 2023-12-27 10:57:50,416] Trial 7 finished with value: 225.8773193359375 and parameters: {'gradient_clip_val': 0.3313072865415086, 'hidden_size': 76, 'dropout': 0.24571626961723592, 'hidden_continuous_size': 8, 'attention_head_size': 4, 'learning_rate': 0.0008382806332844819}. Best is trial 0 with value: 21.980714797973633.
LOCAL_RANK: 0 - CUDA_VISIBLE_DEVICES: [0]
[I 2023-12-27 10:57:50,889] Trial 8 finished with value: 173.0341033935547 and parameters: {'gradient_clip_val': 0.23603741430295813, 'hidden_size': 58, 'dropout': 0.3554417842465242, 'hidden_continuous_size': 19, 'attention_head_size': 3, 'learning_rate': 0.009381814562940396}. Best is trial 0 with value: 21.980714797973633.
LOCAL_RANK: 0 - CUDA_VISIBLE_DEVICES: [0]
[I 2023-12-27 10:57:51,376] Trial 9 finished with value: 251.8502655029297 and parameters: {'gradient_clip_val': 0.10455250210240612, 'hidden_size': 117, 'dropout': 0.44545778787890955, 'hidden_continuous_size': 22, 'attention_head_size': 3, 'learning_rate': 0.0026955962791271725}. Best is trial 0 with value: 21.980714797973633.
LOCAL_RANK: 0 - CUDA_VISIBLE_DEVICES: [0]
[I 2023-12-27 10:57:51,822] Trial 10 finished with value: 226.23304748535156 and parameters: {'gradient_clip_val': 0.1536451140470942, 'hidden_size': 16, 'dropout': 0.1446851227168055, 'hidden_continuous_size': 12, 'attention_head_size': 2, 'learning_rate': 0.05527763821095213}. Best is trial 0 with value: 21.980714797973633.
LOCAL_RANK: 0 - CUDA_VISIBLE_DEVICES: [0]
[I 2023-12-27 10:57:52,358] Trial 11 finished with value: 210.34832763671875 and parameters: {'gradient_clip_val': 0.1854492142555431, 'hidden_size': 142, 'dropout': 0.28073938427636186, 'hidden_continuous_size': 61, 'attention_head_size': 2, 'learning_rate': 0.07904553455194893}. Best is trial 0 with value: 21.980714797973633.
LOCAL_RANK: 0 - CUDA_VISIBLE_DEVICES: [0]
[I 2023-12-27 10:57:52,872] Trial 12 finished with value: 162.19947814941406 and parameters: {'gradient_clip_val': 0.2622726527704548, 'hidden_size': 63, 'dropout': 0.18873750016166785, 'hidden_continuous_size': 43, 'attention_head_size': 1, 'learning_rate': 0.027966032749813373}. Best is trial 0 with value: 21.980714797973633.
LOCAL_RANK: 0 - CUDA_VISIBLE_DEVICES: [0]
[I 2023-12-27 10:57:53,365] Trial 13 finished with value: 180.307861328125 and parameters: {'gradient_clip_val': 0.13694540273628075, 'hidden_size': 53, 'dropout': 0.1660453770885738, 'hidden_continuous_size': 42, 'attention_head_size': 1, 'learning_rate': 0.021011035405092394}. Best is trial 0 with value: 21.980714797973633.
LOCAL_RANK: 0 - CUDA_VISIBLE_DEVICES: [0]
[I 2023-12-27 10:57:53,824] Trial 14 finished with value: 212.2395477294922 and parameters: {'gradient_clip_val': 0.10172219867965494, 'hidden_size': 21, 'dropout': 0.19259359606793489, 'hidden_continuous_size': 12, 'attention_head_size': 1, 'learning_rate': 0.028895902603361875}. Best is trial 0 with value: 21.980714797973633.
LOCAL_RANK: 0 - CUDA_VISIBLE_DEVICES: [0]
[I 2023-12-27 10:57:54,370] Trial 15 finished with value: 217.15077209472656 and parameters: {'gradient_clip_val': 0.1771803962560779, 'hidden_size': 65, 'dropout': 0.1994163230815079, 'hidden_continuous_size': 62, 'attention_head_size': 2, 'learning_rate': 0.01456405399218792}. Best is trial 0 with value: 21.980714797973633.
LOCAL_RANK: 0 - CUDA_VISIBLE_DEVICES: [0]
[I 2023-12-27 10:57:55,100] Trial 16 finished with value: 228.47044372558594 and parameters: {'gradient_clip_val': 0.3219043142819105, 'hidden_size': 40, 'dropout': 0.10207814609377203, 'hidden_continuous_size': 30, 'attention_head_size': 1, 'learning_rate': 0.03285120202780584}. Best is trial 0 with value: 21.980714797973633.
LOCAL_RANK: 0 - CUDA_VISIBLE_DEVICES: [0]
[I 2023-12-27 10:57:55,566] Trial 17 finished with value: 167.57952880859375 and parameters: {'gradient_clip_val': 0.15006818331851374, 'hidden_size': 25, 'dropout': 0.31473327683570446, 'hidden_continuous_size': 15, 'attention_head_size': 1, 'learning_rate': 0.0870497829645642}. Best is trial 0 with value: 21.980714797973633.
LOCAL_RANK: 0 - CUDA_VISIBLE_DEVICES: [0]
[I 2023-12-27 10:57:56,085] Trial 18 finished with value: 178.5203094482422 and parameters: {'gradient_clip_val': 0.23378371566149372, 'hidden_size': 80, 'dropout': 0.21965074598323736, 'hidden_continuous_size': 43, 'attention_head_size': 2, 'learning_rate': 0.011437579249679206}. Best is trial 0 with value: 21.980714797973633.
LOCAL_RANK: 0 - CUDA_VISIBLE_DEVICES: [0]
[I 2023-12-27 10:57:56,589] Trial 19 finished with value: 267.9613342285156 and parameters: {'gradient_clip_val': 0.12995595736831067, 'hidden_size': 46, 'dropout': 0.3087158597932116, 'hidden_continuous_size': 36, 'attention_head_size': 1, 'learning_rate': 0.0049524392199269815}. Best is trial 0 with value: 21.980714797973633.
LOCAL_RANK: 0 - CUDA_VISIBLE_DEVICES: [0]
[I 2023-12-27 10:57:57,112] Trial 20 finished with value: 210.693603515625 and parameters: {'gradient_clip_val': 0.3959060261163547, 'hidden_size': 82, 'dropout': 0.15538929383818278, 'hidden_continuous_size': 77, 'attention_head_size': 2, 'learning_rate': 0.024687070863251784}. Best is trial 0 with value: 21.980714797973633.
LOCAL_RANK: 0 - CUDA_VISIBLE_DEVICES: [0]
[I 2023-12-27 10:57:57,664] Trial 21 finished with value: 191.63148498535156 and parameters: {'gradient_clip_val': 0.2280912795491279, 'hidden_size': 145, 'dropout': 0.2613825723700951, 'hidden_continuous_size': 141, 'attention_head_size': 2, 'learning_rate': 0.04489461117750227}. Best is trial 0 with value: 21.980714797973633.
LOCAL_RANK: 0 - CUDA_VISIBLE_DEVICES: [0]
[I 2023-12-27 10:57:58,163] Trial 22 finished with value: 226.11521911621094 and parameters: {'gradient_clip_val': 0.18527479656389895, 'hidden_size': 97, 'dropout': 0.22421657560774458, 'hidden_continuous_size': 23, 'attention_head_size': 1, 'learning_rate': 0.035861933881794344}. Best is trial 0 with value: 21.980714797973633.
LOCAL_RANK: 0 - CUDA_VISIBLE_DEVICES: [0]
[I 2023-12-27 10:57:58,668] Trial 23 finished with value: 255.27244567871094 and parameters: {'gradient_clip_val': 0.27063023665854724, 'hidden_size': 61, 'dropout': 0.29051882319162287, 'hidden_continuous_size': 28, 'attention_head_size': 2, 'learning_rate': 0.05656247517981565}. Best is trial 0 with value: 21.980714797973633.
LOCAL_RANK: 0 - CUDA_VISIBLE_DEVICES: [0]
[I 2023-12-27 10:57:59,174] Trial 24 finished with value: 216.39060974121094 and parameters: {'gradient_clip_val': 0.11971905987904562, 'hidden_size': 96, 'dropout': 0.19556064787711858, 'hidden_continuous_size': 46, 'attention_head_size': 1, 'learning_rate': 0.02292301635441607}. Best is trial 0 with value: 21.980714797973633.
LOCAL_RANK: 0 - CUDA_VISIBLE_DEVICES: [0]
[I 2023-12-27 10:57:59,719] Trial 25 finished with value: 197.49342346191406 and parameters: {'gradient_clip_val': 0.16153526762393564, 'hidden_size': 49, 'dropout': 0.26409261362066305, 'hidden_continuous_size': 22, 'attention_head_size': 3, 'learning_rate': 0.01674771460618074}. Best is trial 0 with value: 21.980714797973633.
LOCAL_RANK: 0 - CUDA_VISIBLE_DEVICES: [0]
[I 2023-12-27 10:58:00,225] Trial 26 finished with value: 203.6370086669922 and parameters: {'gradient_clip_val': 0.19660633620752477, 'hidden_size': 81, 'dropout': 0.22628236796289614, 'hidden_continuous_size': 37, 'attention_head_size': 2, 'learning_rate': 0.042240672283902575}. Best is trial 0 with value: 21.980714797973633.
LOCAL_RANK: 0 - CUDA_VISIBLE_DEVICES: [0]
[I 2023-12-27 10:58:00,747] Trial 27 finished with value: 174.66465759277344 and parameters: {'gradient_clip_val': 0.13754929222448642, 'hidden_size': 149, 'dropout': 0.33116113173072464, 'hidden_continuous_size': 62, 'attention_head_size': 1, 'learning_rate': 0.09768509159838502}. Best is trial 0 with value: 21.980714797973633.
LOCAL_RANK: 0 - CUDA_VISIBLE_DEVICES: [0]
[I 2023-12-27 10:58:01,247] Trial 28 finished with value: 195.77520751953125 and parameters: {'gradient_clip_val': 0.27581193507249957, 'hidden_size': 66, 'dropout': 0.2963340841069993, 'hidden_continuous_size': 25, 'attention_head_size': 1, 'learning_rate': 0.011937425996767788}. Best is trial 0 with value: 21.980714797973633.
LOCAL_RANK: 0 - CUDA_VISIBLE_DEVICES: [0]
[I 2023-12-27 10:58:01,697] Trial 29 finished with value: 236.3708038330078 and parameters: {'gradient_clip_val': 0.40214349834314417, 'hidden_size': 5, 'dropout': 0.27802635970761375, 'hidden_continuous_size': 5, 'attention_head_size': 3, 'learning_rate': 0.00578124315005114}. Best is trial 0 with value: 21.980714797973633.
LOCAL_RANK: 0 - CUDA_VISIBLE_DEVICES: [0]
[I 2023-12-27 10:58:02,455] Trial 30 finished with value: 256.1302795410156 and parameters: {'gradient_clip_val': 0.19524988015270586, 'hidden_size': 12, 'dropout': 0.24398570417173604, 'hidden_continuous_size': 8, 'attention_head_size': 2, 'learning_rate': 0.02220089231483935}. Best is trial 0 with value: 21.980714797973633.
LOCAL_RANK: 0 - CUDA_VISIBLE_DEVICES: [0]
[I 2023-12-27 10:58:02,968] Trial 31 finished with value: 257.4922180175781 and parameters: {'gradient_clip_val': 0.1583325823795271, 'hidden_size': 27, 'dropout': 0.3230253695458115, 'hidden_continuous_size': 16, 'attention_head_size': 1, 'learning_rate': 0.06828560505302463}. Best is trial 0 with value: 21.980714797973633.
LOCAL_RANK: 0 - CUDA_VISIBLE_DEVICES: [0]
[I 2023-12-27 10:58:03,445] Trial 32 finished with value: 175.6469268798828 and parameters: {'gradient_clip_val': 0.13849082634138418, 'hidden_size': 33, 'dropout': 0.34158397682237474, 'hidden_continuous_size': 16, 'attention_head_size': 1, 'learning_rate': 0.09829823259890588}. Best is trial 0 with value: 21.980714797973633.
LOCAL_RANK: 0 - CUDA_VISIBLE_DEVICES: [0]
[I 2023-12-27 10:58:03,905] Trial 33 finished with value: 224.7374725341797 and parameters: {'gradient_clip_val': 0.11849064484926086, 'hidden_size': 46, 'dropout': 0.3118213177564624, 'hidden_continuous_size': 18, 'attention_head_size': 1, 'learning_rate': 0.05278743370499876}. Best is trial 0 with value: 21.980714797973633.
LOCAL_RANK: 0 - CUDA_VISIBLE_DEVICES: [0]
[I 2023-12-27 10:58:04,371] Trial 34 finished with value: 215.9660186767578 and parameters: {'gradient_clip_val': 0.10039663630933363, 'hidden_size': 28, 'dropout': 0.36361403055480973, 'hidden_continuous_size': 14, 'attention_head_size': 1, 'learning_rate': 0.03525778826236799}. Best is trial 0 with value: 21.980714797973633.
LOCAL_RANK: 0 - CUDA_VISIBLE_DEVICES: [0]
[I 2023-12-27 10:58:04,813] Trial 35 finished with value: 224.13575744628906 and parameters: {'gradient_clip_val': 0.15123181521285403, 'hidden_size': 37, 'dropout': 0.26985492980942494, 'hidden_continuous_size': 19, 'attention_head_size': 1, 'learning_rate': 0.06715675183422107}. Best is trial 0 with value: 21.980714797973633.
LOCAL_RANK: 0 - CUDA_VISIBLE_DEVICES: [0]
[I 2023-12-27 10:58:05,296] Trial 36 finished with value: 210.8870391845703 and parameters: {'gradient_clip_val': 0.21513770497545587, 'hidden_size': 104, 'dropout': 0.29672525126549126, 'hidden_continuous_size': 32, 'attention_head_size': 2, 'learning_rate': 0.04454818679318564}. Best is trial 0 with value: 21.980714797973633.
LOCAL_RANK: 0 - CUDA_VISIBLE_DEVICES: [0]
[I 2023-12-27 10:58:05,780] Trial 37 finished with value: 143.35801696777344 and parameters: {'gradient_clip_val': 0.11505223931018133, 'hidden_size': 41, 'dropout': 0.39027603565843894, 'hidden_continuous_size': 25, 'attention_head_size': 1, 'learning_rate': 0.029827488965767486}. Best is trial 0 with value: 21.980714797973633.
LOCAL_RANK: 0 - CUDA_VISIBLE_DEVICES: [0]
[I 2023-12-27 10:58:06,273] Trial 38 finished with value: 147.0562744140625 and parameters: {'gradient_clip_val': 0.1148227639632335, 'hidden_size': 69, 'dropout': 0.4055962969713279, 'hidden_continuous_size': 25, 'attention_head_size': 4, 'learning_rate': 0.018417750905085822}. Best is trial 0 with value: 21.980714797973633.
LOCAL_RANK: 0 - CUDA_VISIBLE_DEVICES: [0]
[I 2023-12-27 10:58:06,747] Trial 39 finished with value: 153.66790771484375 and parameters: {'gradient_clip_val': 0.11745814570805758, 'hidden_size': 43, 'dropout': 0.40584370008602055, 'hidden_continuous_size': 25, 'attention_head_size': 4, 'learning_rate': 0.017533896574801956}. Best is trial 0 with value: 21.980714797973633.
LOCAL_RANK: 0 - CUDA_VISIBLE_DEVICES: [0]
[I 2023-12-27 10:58:07,202] Trial 40 finished with value: 168.2725067138672 and parameters: {'gradient_clip_val': 0.1141235625993054, 'hidden_size': 43, 'dropout': 0.3998712988636722, 'hidden_continuous_size': 25, 'attention_head_size': 4, 'learning_rate': 0.017095575233624528}. Best is trial 0 with value: 21.980714797973633.
LOCAL_RANK: 0 - CUDA_VISIBLE_DEVICES: [0]
[I 2023-12-27 10:58:07,663] Trial 41 finished with value: 298.4351806640625 and parameters: {'gradient_clip_val': 0.11977613127366782, 'hidden_size': 53, 'dropout': 0.42995245968792783, 'hidden_continuous_size': 26, 'attention_head_size': 4, 'learning_rate': 0.00809661259029517}. Best is trial 0 with value: 21.980714797973633.
LOCAL_RANK: 0 - CUDA_VISIBLE_DEVICES: [0]
[I 2023-12-27 10:58:08,150] Trial 42 finished with value: 150.1542510986328 and parameters: {'gradient_clip_val': 0.10744877874323712, 'hidden_size': 64, 'dropout': 0.3862656036013463, 'hidden_continuous_size': 20, 'attention_head_size': 4, 'learning_rate': 0.027105890473033908}. Best is trial 0 with value: 21.980714797973633.
LOCAL_RANK: 0 - CUDA_VISIBLE_DEVICES: [0]
[I 2023-12-27 10:58:08,898] Trial 43 finished with value: 202.96441650390625 and parameters: {'gradient_clip_val': 0.10958601236686495, 'hidden_size': 34, 'dropout': 0.3802906130110106, 'hidden_continuous_size': 20, 'attention_head_size': 4, 'learning_rate': 0.01283073522132425}. Best is trial 0 with value: 21.980714797973633.
LOCAL_RANK: 0 - CUDA_VISIBLE_DEVICES: [0]
[I 2023-12-27 10:58:09,378] Trial 44 finished with value: 185.6793212890625 and parameters: {'gradient_clip_val': 0.12896290953225814, 'hidden_size': 54, 'dropout': 0.45779118002999203, 'hidden_continuous_size': 21, 'attention_head_size': 4, 'learning_rate': 0.01907800601100537}. Best is trial 0 with value: 21.980714797973633.
LOCAL_RANK: 0 - CUDA_VISIBLE_DEVICES: [0]
[I 2023-12-27 10:58:09,857] Trial 45 finished with value: 218.0023651123047 and parameters: {'gradient_clip_val': 0.10091577534611176, 'hidden_size': 56, 'dropout': 0.40259594699757556, 'hidden_continuous_size': 23, 'attention_head_size': 4, 'learning_rate': 0.009891988793871962}. Best is trial 0 with value: 21.980714797973633.
LOCAL_RANK: 0 - CUDA_VISIBLE_DEVICES: [0]
