[I 2023-12-15 16:08:37,863] Trial 1 finished with value: 75.98464965820312 and parameters: {'gradient_clip_val': 0.4869527625380113, 'hidden_size': 78, 'dropout': 0.2016887541335753, 'hidden_continuous_size': 13, 'attention_head_size': 4, 'learning_rate': 0.0007303969917744735}. Best is trial 0 with value: 57.608184814453125.
LOCAL_RANK: 0 - CUDA_VISIBLE_DEVICES: [0]
[I 2023-12-15 16:09:24,921] Trial 2 finished with value: 154.31201171875 and parameters: {'gradient_clip_val': 0.1514118940851143, 'hidden_size': 17, 'dropout': 0.2942946255222373, 'hidden_continuous_size': 11, 'attention_head_size': 3, 'learning_rate': 0.0007134379137599552}. Best is trial 0 with value: 57.608184814453125.
LOCAL_RANK: 0 - CUDA_VISIBLE_DEVICES: [0]
[I 2023-12-15 16:10:08,835] Trial 3 finished with value: 133.69996643066406 and parameters: {'gradient_clip_val': 0.9781932588182328, 'hidden_size': 12, 'dropout': 0.38593796773862765, 'hidden_continuous_size': 7, 'attention_head_size': 2, 'learning_rate': 0.04045107228357199}. Best is trial 0 with value: 57.608184814453125.
LOCAL_RANK: 0 - CUDA_VISIBLE_DEVICES: [0]
[I 2023-12-15 16:10:41,655] Trial 4 finished with value: 345.2272033691406 and parameters: {'gradient_clip_val': 0.6406222619344013, 'hidden_size': 6, 'dropout': 0.16061108493701345, 'hidden_continuous_size': 6, 'attention_head_size': 1, 'learning_rate': 0.013212335467879302}. Best is trial 0 with value: 57.608184814453125.
LOCAL_RANK: 0 - CUDA_VISIBLE_DEVICES: [0]
[I 2023-12-15 16:11:34,527] Trial 5 finished with value: 139.31866455078125 and parameters: {'gradient_clip_val': 0.2763627595731554, 'hidden_size': 78, 'dropout': 0.1284454916536065, 'hidden_continuous_size': 8, 'attention_head_size': 2, 'learning_rate': 0.014202397230733296}. Best is trial 0 with value: 57.608184814453125.
LOCAL_RANK: 0 - CUDA_VISIBLE_DEVICES: [0]
[I 2023-12-15 16:12:22,281] Trial 6 finished with value: 74.04479217529297 and parameters: {'gradient_clip_val': 0.6173444061288097, 'hidden_size': 28, 'dropout': 0.3741443728959628, 'hidden_continuous_size': 11, 'attention_head_size': 2, 'learning_rate': 0.0411984003226003}. Best is trial 0 with value: 57.608184814453125.
LOCAL_RANK: 0 - CUDA_VISIBLE_DEVICES: [0]
[I 2023-12-15 16:13:10,315] Trial 7 finished with value: 118.01385498046875 and parameters: {'gradient_clip_val': 0.9294702074790526, 'hidden_size': 19, 'dropout': 0.30149476689040366, 'hidden_continuous_size': 13, 'attention_head_size': 2, 'learning_rate': 0.0008713616511470898}. Best is trial 0 with value: 57.608184814453125.
LOCAL_RANK: 0 - CUDA_VISIBLE_DEVICES: [0]
[I 2023-12-15 16:14:02,718] Trial 8 finished with value: 185.6147918701172 and parameters: {'gradient_clip_val': 0.14166433390780583, 'hidden_size': 46, 'dropout': 0.13635056504517046, 'hidden_continuous_size': 23, 'attention_head_size': 3, 'learning_rate': 0.0009037294119768486}. Best is trial 0 with value: 57.608184814453125.
LOCAL_RANK: 0 - CUDA_VISIBLE_DEVICES: [0]
[I 2023-12-15 16:14:45,893] Trial 9 finished with value: 57.0952033996582 and parameters: {'gradient_clip_val': 0.1596468546725058, 'hidden_size': 8, 'dropout': 0.2969228597796285, 'hidden_continuous_size': 5, 'attention_head_size': 1, 'learning_rate': 0.024716013473188116}. Best is trial 9 with value: 57.0952033996582.
LOCAL_RANK: 0 - CUDA_VISIBLE_DEVICES: [0]
[I 2023-12-15 16:15:19,120] Trial 10 finished with value: 67.05511474609375 and parameters: {'gradient_clip_val': 0.11139764803779956, 'hidden_size': 5, 'dropout': 0.24476185536782605, 'hidden_continuous_size': 5, 'attention_head_size': 1, 'learning_rate': 0.09346556910141651}. Best is trial 9 with value: 57.0952033996582.
LOCAL_RANK: 0 - CUDA_VISIBLE_DEVICES: [0]
[I 2023-12-15 16:16:03,501] Trial 11 finished with value: 357.1988220214844 and parameters: {'gradient_clip_val': 0.24931673217210978, 'hidden_size': 10, 'dropout': 0.3317370430188644, 'hidden_continuous_size': 5, 'attention_head_size': 1, 'learning_rate': 0.003975350529297751}. Best is trial 9 with value: 57.0952033996582.
LOCAL_RANK: 0 - CUDA_VISIBLE_DEVICES: [0]
[I 2023-12-15 16:16:56,095] Trial 12 finished with value: 164.36737060546875 and parameters: {'gradient_clip_val': 0.21952663585186155, 'hidden_size': 45, 'dropout': 0.3396766210040271, 'hidden_continuous_size': 38, 'attention_head_size': 1, 'learning_rate': 0.00438830006802984}. Best is trial 9 with value: 57.0952033996582.
LOCAL_RANK: 0 - CUDA_VISIBLE_DEVICES: [0]
[I 2023-12-15 16:17:39,298] Trial 13 finished with value: 156.03433227539062 and parameters: {'gradient_clip_val': 0.36486005981420727, 'hidden_size': 8, 'dropout': 0.2647563272257308, 'hidden_continuous_size': 5, 'attention_head_size': 1, 'learning_rate': 0.008501731066409968}. Best is trial 9 with value: 57.0952033996582.
LOCAL_RANK: 0 - CUDA_VISIBLE_DEVICES: [0]
[I 2023-12-15 16:18:25,016] Trial 14 finished with value: 222.8330078125 and parameters: {'gradient_clip_val': 0.18513195963390552, 'hidden_size': 14, 'dropout': 0.3936681202375285, 'hidden_continuous_size': 6, 'attention_head_size': 4, 'learning_rate': 0.0021784222917404232}. Best is trial 9 with value: 57.0952033996582.
LOCAL_RANK: 0 - CUDA_VISIBLE_DEVICES: [0]
[I 2023-12-15 16:19:13,239] Trial 15 finished with value: 64.73267364501953 and parameters: {'gradient_clip_val': 0.33286505606966665, 'hidden_size': 26, 'dropout': 0.35281977041450996, 'hidden_continuous_size': 8, 'attention_head_size': 1, 'learning_rate': 0.020648251209562037}. Best is trial 9 with value: 57.0952033996582.
LOCAL_RANK: 0 - CUDA_VISIBLE_DEVICES: [0]
[I 2023-12-15 16:19:57,983] Trial 16 finished with value: 655.2520141601562 and parameters: {'gradient_clip_val': 0.17548452472904202, 'hidden_size': 7, 'dropout': 0.3161827277884611, 'hidden_continuous_size': 5, 'attention_head_size': 3, 'learning_rate': 0.005104300937672032}. Best is trial 9 with value: 57.0952033996582.
LOCAL_RANK: 0 - CUDA_VISIBLE_DEVICES: [0]
[I 2023-12-15 16:20:55,855] Trial 17 finished with value: 124.83489227294922 and parameters: {'gradient_clip_val': 0.10579719110415459, 'hidden_size': 99, 'dropout': 0.2716750477573437, 'hidden_continuous_size': 97, 'attention_head_size': 2, 'learning_rate': 0.0023149576792933905}. Best is trial 9 with value: 57.0952033996582.
LOCAL_RANK: 0 - CUDA_VISIBLE_DEVICES: [0]
[I 2023-12-15 16:21:40,495] Trial 18 finished with value: 70.48433685302734 and parameters: {'gradient_clip_val': 0.3067275478874389, 'hidden_size': 10, 'dropout': 0.3577499223483812, 'hidden_continuous_size': 6, 'attention_head_size': 1, 'learning_rate': 0.008271269298469405}. Best is trial 9 with value: 57.0952033996582.
LOCAL_RANK: 0 - CUDA_VISIBLE_DEVICES: [0]
[I 2023-12-15 16:22:14,108] Trial 19 finished with value: 99.93680572509766 and parameters: {'gradient_clip_val': 0.20495592884959063, 'hidden_size': 5, 'dropout': 0.32516235973869245, 'hidden_continuous_size': 5, 'attention_head_size': 2, 'learning_rate': 0.027713708511965227}. Best is trial 9 with value: 57.0952033996582.
LOCAL_RANK: 0 - CUDA_VISIBLE_DEVICES: [0]
[I 2023-12-15 16:22:58,946] Trial 20 finished with value: 118.18929290771484 and parameters: {'gradient_clip_val': 0.24497822868119754, 'hidden_size': 15, 'dropout': 0.39789224937987466, 'hidden_continuous_size': 7, 'attention_head_size': 1, 'learning_rate': 0.011235645093595453}. Best is trial 9 with value: 57.0952033996582.
LOCAL_RANK: 0 - CUDA_VISIBLE_DEVICES: [0]
[I 2023-12-15 16:23:47,355] Trial 21 finished with value: 73.1230697631836 and parameters: {'gradient_clip_val': 0.3526417905067658, 'hidden_size': 26, 'dropout': 0.3582590583343692, 'hidden_continuous_size': 9, 'attention_head_size': 1, 'learning_rate': 0.018544525519143918}. Best is trial 9 with value: 57.0952033996582.
LOCAL_RANK: 0 - CUDA_VISIBLE_DEVICES: [0]
[I 2023-12-15 16:24:35,453] Trial 22 finished with value: 75.7343978881836 and parameters: {'gradient_clip_val': 0.32297706881147126, 'hidden_size': 23, 'dropout': 0.3527309376869031, 'hidden_continuous_size': 9, 'attention_head_size': 1, 'learning_rate': 0.01807582183664249}. Best is trial 9 with value: 57.0952033996582.
LOCAL_RANK: 0 - CUDA_VISIBLE_DEVICES: [0]
[I 2023-12-15 16:25:23,597] Trial 23 finished with value: 72.58375549316406 and parameters: {'gradient_clip_val': 0.3801343767281085, 'hidden_size': 30, 'dropout': 0.3019633485670784, 'hidden_continuous_size': 7, 'attention_head_size': 1, 'learning_rate': 0.023240746204827748}. Best is trial 9 with value: 57.0952033996582.
LOCAL_RANK: 0 - CUDA_VISIBLE_DEVICES: [0]
[I 2023-12-15 16:26:15,057] Trial 24 finished with value: 79.94147491455078 and parameters: {'gradient_clip_val': 0.27543440696653815, 'hidden_size': 37, 'dropout': 0.3706618462743906, 'hidden_continuous_size': 16, 'attention_head_size': 2, 'learning_rate': 0.007330715592877671}. Best is trial 9 with value: 57.0952033996582.
LOCAL_RANK: 0 - CUDA_VISIBLE_DEVICES: [0]
[I 2023-12-15 16:27:01,347] Trial 25 finished with value: 112.78750610351562 and parameters: {'gradient_clip_val': 0.40757908961576667, 'hidden_size': 20, 'dropout': 0.3402657255173613, 'hidden_continuous_size': 8, 'attention_head_size': 1, 'learning_rate': 0.030428682525259716}. Best is trial 9 with value: 57.0952033996582.
LOCAL_RANK: 0 - CUDA_VISIBLE_DEVICES: [0]
[I 2023-12-15 16:27:53,794] Trial 26 finished with value: 79.63909912109375 and parameters: {'gradient_clip_val': 0.29077958225864337, 'hidden_size': 51, 'dropout': 0.3189526991261802, 'hidden_continuous_size': 17, 'attention_head_size': 2, 'learning_rate': 0.052973594606849965}. Best is trial 9 with value: 57.0952033996582.
LOCAL_RANK: 0 - CUDA_VISIBLE_DEVICES: [0]
[I 2023-12-15 16:28:40,992] Trial 27 finished with value: 170.6997833251953 and parameters: {'gradient_clip_val': 0.23566432077491187, 'hidden_size': 22, 'dropout': 0.36935467272106054, 'hidden_continuous_size': 6, 'attention_head_size': 1, 'learning_rate': 0.011374638845262129}. Best is trial 9 with value: 57.0952033996582.
LOCAL_RANK: 0 - CUDA_VISIBLE_DEVICES: [0]
[I 2023-12-15 16:29:30,438] Trial 28 finished with value: 58.86006546020508 and parameters: {'gradient_clip_val': 0.4372327674564917, 'hidden_size': 31, 'dropout': 0.3442771065728922, 'hidden_continuous_size': 10, 'attention_head_size': 3, 'learning_rate': 0.01857248993213524}. Best is trial 9 with value: 57.0952033996582.
LOCAL_RANK: 0 - CUDA_VISIBLE_DEVICES: [0]
[I 2023-12-15 16:30:24,176] Trial 29 finished with value: 188.80029296875 and parameters: {'gradient_clip_val': 0.4277113206058185, 'hidden_size': 66, 'dropout': 0.23262017976649593, 'hidden_continuous_size': 23, 'attention_head_size': 4, 'learning_rate': 0.016183711739458897}. Best is trial 9 with value: 57.0952033996582.
LOCAL_RANK: 0 - CUDA_VISIBLE_DEVICES: [0]
[I 2023-12-15 16:31:14,082] Trial 30 finished with value: 54.12797927856445 and parameters: {'gradient_clip_val': 0.4536520346274156, 'hidden_size': 35, 'dropout': 0.27918532784800504, 'hidden_continuous_size': 10, 'attention_head_size': 3, 'learning_rate': 0.010223456419326218}. Best is trial 30 with value: 54.12797927856445.
LOCAL_RANK: 0 - CUDA_VISIBLE_DEVICES: [0]
[I 2023-12-15 16:32:04,105] Trial 31 finished with value: 53.58872985839844 and parameters: {'gradient_clip_val': 0.4880599094444241, 'hidden_size': 34, 'dropout': 0.2838115676235603, 'hidden_continuous_size': 10, 'attention_head_size': 3, 'learning_rate': 0.010594850055624595}. Best is trial 31 with value: 53.58872985839844.
LOCAL_RANK: 0 - CUDA_VISIBLE_DEVICES: [0]
[I 2023-12-15 16:32:56,998] Trial 32 finished with value: 68.97330474853516 and parameters: {'gradient_clip_val': 0.4876329959144078, 'hidden_size': 65, 'dropout': 0.28295294646721336, 'hidden_continuous_size': 13, 'attention_head_size': 3, 'learning_rate': 0.010238989212208833}. Best is trial 31 with value: 53.58872985839844.
LOCAL_RANK: 0 - CUDA_VISIBLE_DEVICES: [0]
[I 2023-12-15 16:33:46,859] Trial 33 finished with value: 86.61056518554688 and parameters: {'gradient_clip_val': 0.48539167249365595, 'hidden_size': 35, 'dropout': 0.2855177621816457, 'hidden_continuous_size': 11, 'attention_head_size': 3, 'learning_rate': 0.0059852436272305265}. Best is trial 31 with value: 53.58872985839844.
LOCAL_RANK: 0 - CUDA_VISIBLE_DEVICES: [0]
[I 2023-12-15 16:34:37,504] Trial 34 finished with value: 87.97803497314453 and parameters: {'gradient_clip_val': 0.34635059023780473, 'hidden_size': 38, 'dropout': 0.2593436967009777, 'hidden_continuous_size': 10, 'attention_head_size': 4, 'learning_rate': 0.006633326968183024}. Best is trial 31 with value: 53.58872985839844.
LOCAL_RANK: 0 - CUDA_VISIBLE_DEVICES: [0]
[I 2023-12-15 16:35:22,425] Trial 35 finished with value: 75.79222106933594 and parameters: {'gradient_clip_val': 0.5367670794534107, 'hidden_size': 16, 'dropout': 0.30681732787184307, 'hidden_continuous_size': 7, 'attention_head_size': 3, 'learning_rate': 0.013322942383271185}. Best is trial 31 with value: 53.58872985839844.
LOCAL_RANK: 0 - CUDA_VISIBLE_DEVICES: [0]
[I 2023-12-15 16:36:14,987] Trial 36 finished with value: 372.3318786621094 and parameters: {'gradient_clip_val': 0.39821362340200717, 'hidden_size': 56, 'dropout': 0.22241737977420398, 'hidden_continuous_size': 13, 'attention_head_size': 3, 'learning_rate': 0.009735675184004044}. Best is trial 31 with value: 53.58872985839844.
LOCAL_RANK: 0 - CUDA_VISIBLE_DEVICES: [0]
[I 2023-12-15 16:37:05,629] Trial 37 finished with value: 375.6998291015625 and parameters: {'gradient_clip_val': 0.6352601601336731, 'hidden_size': 38, 'dropout': 0.2876466395860001, 'hidden_continuous_size': 9, 'attention_head_size': 4, 'learning_rate': 0.012811498891595741}. Best is trial 31 with value: 53.58872985839844.
LOCAL_RANK: 0 - CUDA_VISIBLE_DEVICES: [0]
[I 2023-12-15 16:37:52,295] Trial 38 finished with value: 69.55136108398438 and parameters: {'gradient_clip_val': 0.2631359899974832, 'hidden_size': 17, 'dropout': 0.2719392548593713, 'hidden_continuous_size': 8, 'attention_head_size': 3, 'learning_rate': 0.008487791051911745}. Best is trial 31 with value: 53.58872985839844.
LOCAL_RANK: 0 - CUDA_VISIBLE_DEVICES: [0]
[I 2023-12-15 16:38:44,062] Trial 39 finished with value: 80.62097930908203 and parameters: {'gradient_clip_val': 0.3024411685306745, 'hidden_size': 43, 'dropout': 0.30756384395787106, 'hidden_continuous_size': 12, 'attention_head_size': 2, 'learning_rate': 0.015934055852669327}. Best is trial 31 with value: 53.58872985839844.
LOCAL_RANK: 0 - CUDA_VISIBLE_DEVICES: [0]
[I 2023-12-15 16:39:37,289] Trial 40 finished with value: 81.39464569091797 and parameters: {'gradient_clip_val': 0.7983957587578556, 'hidden_size': 54, 'dropout': 0.24759571077369286, 'hidden_continuous_size': 17, 'attention_head_size': 3, 'learning_rate': 0.006058121575007384}. Best is trial 31 with value: 53.58872985839844.
LOCAL_RANK: 0 - CUDA_VISIBLE_DEVICES: [0]
[I 2023-12-15 16:40:26,617] Trial 41 finished with value: 369.4966735839844 and parameters: {'gradient_clip_val': 0.4409295952053947, 'hidden_size': 33, 'dropout': 0.2977673905315146, 'hidden_continuous_size': 11, 'attention_head_size': 3, 'learning_rate': 0.02465171301230224}. Best is trial 31 with value: 53.58872985839844.
LOCAL_RANK: 0 - CUDA_VISIBLE_DEVICES: [0]
[I 2023-12-15 16:41:15,988] Trial 42 finished with value: 143.40728759765625 and parameters: {'gradient_clip_val': 0.5595363435215194, 'hidden_size': 30, 'dropout': 0.3329947000019128, 'hidden_continuous_size': 10, 'attention_head_size': 3, 'learning_rate': 0.015217011178729489}. Best is trial 31 with value: 53.58872985839844.
LOCAL_RANK: 0 - CUDA_VISIBLE_DEVICES: [0]
[I 2023-12-15 16:42:04,774] Trial 43 finished with value: 90.69527435302734 and parameters: {'gradient_clip_val': 0.45804256737003685, 'hidden_size': 25, 'dropout': 0.3241605986638384, 'hidden_continuous_size': 10, 'attention_head_size': 3, 'learning_rate': 0.020601133168641324}. Best is trial 31 with value: 53.58872985839844.
LOCAL_RANK: 0 - CUDA_VISIBLE_DEVICES: [0]
[I 2023-12-15 16:42:51,836] Trial 44 finished with value: 88.18978118896484 and parameters: {'gradient_clip_val': 0.39172396864537107, 'hidden_size': 19, 'dropout': 0.3841769138082136, 'hidden_continuous_size': 6, 'attention_head_size': 3, 'learning_rate': 0.033442314044594114}. Best is trial 31 with value: 53.58872985839844.
LOCAL_RANK: 0 - CUDA_VISIBLE_DEVICES: [0]
[I 2023-12-15 16:43:41,118] Trial 45 finished with value: 230.3295135498047 and parameters: {'gradient_clip_val': 0.5342483040140994, 'hidden_size': 33, 'dropout': 0.2800193237900426, 'hidden_continuous_size': 14, 'attention_head_size': 2, 'learning_rate': 0.013381381303901391}. Best is trial 31 with value: 53.58872985839844.
LOCAL_RANK: 0 - CUDA_VISIBLE_DEVICES: [0]
[I 2023-12-15 16:44:33,263] Trial 46 finished with value: 89.14269256591797 and parameters: {'gradient_clip_val': 0.130719451701355, 'hidden_size': 43, 'dropout': 0.2934975918808188, 'hidden_continuous_size': 9, 'attention_head_size': 4, 'learning_rate': 0.009837837958919139}. Best is trial 31 with value: 53.58872985839844.
LOCAL_RANK: 0 - CUDA_VISIBLE_DEVICES: [0]
[I 2023-12-15 16:45:22,455] Trial 47 finished with value: 163.8165740966797 and parameters: {'gradient_clip_val': 0.36271988303171526, 'hidden_size': 29, 'dropout': 0.3124342139348857, 'hidden_continuous_size': 12, 'attention_head_size': 3, 'learning_rate': 0.0037573492321889695}. Best is trial 31 with value: 53.58872985839844.
LOCAL_RANK: 0 - CUDA_VISIBLE_DEVICES: [0]
[I 2023-12-15 16:46:09,466] Trial 48 finished with value: 106.7817611694336 and parameters: {'gradient_clip_val': 0.4206453970228989, 'hidden_size': 24, 'dropout': 0.33736806262597313, 'hidden_continuous_size': 8, 'attention_head_size': 2, 'learning_rate': 0.022116563742973126}. Best is trial 31 with value: 53.58872985839844.
LOCAL_RANK: 0 - CUDA_VISIBLE_DEVICES: [0]
[I 2023-12-15 16:46:56,997] Trial 49 finished with value: 241.42279052734375 and parameters: {'gradient_clip_val': 0.27981546189923895, 'hidden_size': 21, 'dropout': 0.25391038996352255, 'hidden_continuous_size': 5, 'attention_head_size': 3, 'learning_rate': 0.03785017776548452}. Best is trial 31 with value: 53.58872985839844.
[I 2023-12-15 16:46:57,099] A new study created in memory with name: no-name-a9525106-1ca3-4cac-a61f-6858b39c2146
/home/le004/conda/anaconda3/envs/tsff_env/lib/python3.9/site-packages/lightning/fabric/plugins/environments/slurm.py:191: The `srun` command is available on your system but is not used. HINT: If your intention is to run Lightning on SLURM, prepend your python command with `srun` like so: srun python /home/le004/master_thesis/git/TSFusionForecast/code/ ...
LOCAL_RANK: 0 - CUDA_VISIBLE_DEVICES: [0]
[I 2023-12-15 16:47:45,688] Trial 0 finished with value: 64.4312515258789 and parameters: {'gradient_clip_val': 0.7469116082678339, 'hidden_size': 25, 'dropout': 0.2859736212757123, 'hidden_continuous_size': 13, 'attention_head_size': 2, 'learning_rate': 0.009271576650545019}. Best is trial 0 with value: 64.4312515258789.
LOCAL_RANK: 0 - CUDA_VISIBLE_DEVICES: [0]
[I 2023-12-15 16:48:31,606] Trial 1 finished with value: 136.1364288330078 and parameters: {'gradient_clip_val': 0.19961076576482825, 'hidden_size': 14, 'dropout': 0.2815258860072509, 'hidden_continuous_size': 8, 'attention_head_size': 4, 'learning_rate': 0.0013042105428281536}. Best is trial 0 with value: 64.4312515258789.
LOCAL_RANK: 0 - CUDA_VISIBLE_DEVICES: [0]
[I 2023-12-15 16:49:23,183] Trial 2 finished with value: 60.39918518066406 and parameters: {'gradient_clip_val': 0.17458835569445066, 'hidden_size': 30, 'dropout': 0.2723161528383088, 'hidden_continuous_size': 23, 'attention_head_size': 3, 'learning_rate': 0.008296311119244717}. Best is trial 2 with value: 60.39918518066406.
LOCAL_RANK: 0 - CUDA_VISIBLE_DEVICES: [0]
[I 2023-12-15 16:50:11,574] Trial 3 finished with value: 80.96755981445312 and parameters: {'gradient_clip_val': 0.16722322924049746, 'hidden_size': 25, 'dropout': 0.3875543189494445, 'hidden_continuous_size': 14, 'attention_head_size': 2, 'learning_rate': 0.007922719006539451}. Best is trial 2 with value: 60.39918518066406.
LOCAL_RANK: 0 - CUDA_VISIBLE_DEVICES: [0]
[I 2023-12-15 16:50:56,278] Trial 4 finished with value: 176.3958740234375 and parameters: {'gradient_clip_val': 0.8289999482012289, 'hidden_size': 16, 'dropout': 0.32559012207019966, 'hidden_continuous_size': 6, 'attention_head_size': 3, 'learning_rate': 0.013027077963077135}. Best is trial 2 with value: 60.39918518066406.
LOCAL_RANK: 0 - CUDA_VISIBLE_DEVICES: [0]
[I 2023-12-15 16:51:30,729] Trial 5 finished with value: 203.19981384277344 and parameters: {'gradient_clip_val': 0.2908536508294377, 'hidden_size': 6, 'dropout': 0.2983462329118669, 'hidden_continuous_size': 6, 'attention_head_size': 4, 'learning_rate': 0.0034391599784776047}. Best is trial 2 with value: 60.39918518066406.
LOCAL_RANK: 0 - CUDA_VISIBLE_DEVICES: [0]
[I 2023-12-15 16:52:16,075] Trial 6 finished with value: 143.321533203125 and parameters: {'gradient_clip_val': 0.18086085874000635, 'hidden_size': 7, 'dropout': 0.10184872494399785, 'hidden_continuous_size': 5, 'attention_head_size': 4, 'learning_rate': 0.0029247262984165006}. Best is trial 2 with value: 60.39918518066406.
LOCAL_RANK: 0 - CUDA_VISIBLE_DEVICES: [0]
[I 2023-12-15 16:52:59,543] Trial 7 finished with value: 101.3785171508789 and parameters: {'gradient_clip_val': 0.5724344876976769, 'hidden_size': 8, 'dropout': 0.15043013393417465, 'hidden_continuous_size': 7, 'attention_head_size': 1, 'learning_rate': 0.037257404684018045}. Best is trial 2 with value: 60.39918518066406.
LOCAL_RANK: 0 - CUDA_VISIBLE_DEVICES: [0]
[I 2023-12-15 16:53:46,634] Trial 8 finished with value: 100.5216293334961 and parameters: {'gradient_clip_val': 0.18294780679881797, 'hidden_size': 18, 'dropout': 0.14305847107826858, 'hidden_continuous_size': 9, 'attention_head_size': 2, 'learning_rate': 0.012712627334246654}. Best is trial 2 with value: 60.39918518066406.
LOCAL_RANK: 0 - CUDA_VISIBLE_DEVICES: [0]
