[I 2023-12-27 11:17:32,293] Trial 19 finished with value: 53.18458557128906 and parameters: {'gradient_clip_val': 0.13739564728449033, 'hidden_size': 84, 'dropout': 0.10932228190727492, 'hidden_continuous_size': 27, 'attention_head_size': 2, 'learning_rate': 0.03544043266652466}. Best is trial 1 with value: 4.656630516052246.
LOCAL_RANK: 0 - CUDA_VISIBLE_DEVICES: [0]
[I 2023-12-27 11:17:32,830] Trial 20 finished with value: 51.40523910522461 and parameters: {'gradient_clip_val': 0.24743875362162754, 'hidden_size': 128, 'dropout': 0.2605661357300252, 'hidden_continuous_size': 103, 'attention_head_size': 1, 'learning_rate': 0.012804285434530126}. Best is trial 1 with value: 4.656630516052246.
LOCAL_RANK: 0 - CUDA_VISIBLE_DEVICES: [0]
[I 2023-12-27 11:17:33,489] Trial 21 finished with value: 35.78828811645508 and parameters: {'gradient_clip_val': 0.45230270367554465, 'hidden_size': 5, 'dropout': 0.22958427667753614, 'hidden_continuous_size': 5, 'attention_head_size': 2, 'learning_rate': 0.002356742859557357}. Best is trial 1 with value: 4.656630516052246.
LOCAL_RANK: 0 - CUDA_VISIBLE_DEVICES: [0]
[I 2023-12-27 11:17:33,981] Trial 22 finished with value: 44.19145202636719 and parameters: {'gradient_clip_val': 0.16805070218369622, 'hidden_size': 58, 'dropout': 0.28083401901544564, 'hidden_continuous_size': 5, 'attention_head_size': 2, 'learning_rate': 0.001335734859453802}. Best is trial 1 with value: 4.656630516052246.
LOCAL_RANK: 0 - CUDA_VISIBLE_DEVICES: [0]
[I 2023-12-27 11:17:34,472] Trial 23 finished with value: 56.13682556152344 and parameters: {'gradient_clip_val': 0.42045610384689563, 'hidden_size': 37, 'dropout': 0.22595505427451304, 'hidden_continuous_size': 9, 'attention_head_size': 1, 'learning_rate': 0.006630838672850738}. Best is trial 1 with value: 4.656630516052246.
LOCAL_RANK: 0 - CUDA_VISIBLE_DEVICES: [0]
[I 2023-12-27 11:17:34,912] Trial 24 finished with value: 52.76690673828125 and parameters: {'gradient_clip_val': 0.21800111256887458, 'hidden_size': 8, 'dropout': 0.25589942570804397, 'hidden_continuous_size': 5, 'attention_head_size': 3, 'learning_rate': 0.0035059359253295777}. Best is trial 1 with value: 4.656630516052246.
LOCAL_RANK: 0 - CUDA_VISIBLE_DEVICES: [0]
[I 2023-12-27 11:17:35,421] Trial 25 finished with value: 45.04884338378906 and parameters: {'gradient_clip_val': 0.1604534377439755, 'hidden_size': 22, 'dropout': 0.3275822789354831, 'hidden_continuous_size': 6, 'attention_head_size': 2, 'learning_rate': 0.013497216410672542}. Best is trial 1 with value: 4.656630516052246.
LOCAL_RANK: 0 - CUDA_VISIBLE_DEVICES: [0]
[I 2023-12-27 11:17:35,916] Trial 26 finished with value: 37.88230514526367 and parameters: {'gradient_clip_val': 0.28094018594577647, 'hidden_size': 31, 'dropout': 0.29154959078496273, 'hidden_continuous_size': 12, 'attention_head_size': 1, 'learning_rate': 0.0005123787708039342}. Best is trial 1 with value: 4.656630516052246.
LOCAL_RANK: 0 - CUDA_VISIBLE_DEVICES: [0]
[I 2023-12-27 11:17:36,396] Trial 27 finished with value: 45.13838577270508 and parameters: {'gradient_clip_val': 0.1966605293080952, 'hidden_size': 21, 'dropout': 0.20474063847349916, 'hidden_continuous_size': 7, 'attention_head_size': 1, 'learning_rate': 0.005519307123288667}. Best is trial 1 with value: 4.656630516052246.
LOCAL_RANK: 0 - CUDA_VISIBLE_DEVICES: [0]
[I 2023-12-27 11:17:36,895] Trial 28 finished with value: 43.38640213012695 and parameters: {'gradient_clip_val': 0.2622205760374069, 'hidden_size': 51, 'dropout': 0.24879086354101299, 'hidden_continuous_size': 13, 'attention_head_size': 2, 'learning_rate': 0.0009378854270982056}. Best is trial 1 with value: 4.656630516052246.
LOCAL_RANK: 0 - CUDA_VISIBLE_DEVICES: [0]
[I 2023-12-27 11:17:37,343] Trial 29 finished with value: 44.135982513427734 and parameters: {'gradient_clip_val': 0.8177826260354383, 'hidden_size': 22, 'dropout': 0.21106727873930786, 'hidden_continuous_size': 6, 'attention_head_size': 1, 'learning_rate': 0.0009842726633374236}. Best is trial 1 with value: 4.656630516052246.
LOCAL_RANK: 0 - CUDA_VISIBLE_DEVICES: [0]
[I 2023-12-27 11:17:37,805] Trial 30 finished with value: 42.01871109008789 and parameters: {'gradient_clip_val': 0.19804354636821087, 'hidden_size': 16, 'dropout': 0.2645450120685869, 'hidden_continuous_size': 7, 'attention_head_size': 3, 'learning_rate': 0.0098731874596319}. Best is trial 1 with value: 4.656630516052246.
LOCAL_RANK: 0 - CUDA_VISIBLE_DEVICES: [0]
[I 2023-12-27 11:17:38,285] Trial 31 finished with value: 42.84762954711914 and parameters: {'gradient_clip_val': 0.2256666905995185, 'hidden_size': 26, 'dropout': 0.18465443548076593, 'hidden_continuous_size': 7, 'attention_head_size': 2, 'learning_rate': 0.01585561981301163}. Best is trial 1 with value: 4.656630516052246.
LOCAL_RANK: 0 - CUDA_VISIBLE_DEVICES: [0]
[I 2023-12-27 11:17:38,735] Trial 32 finished with value: 53.16511154174805 and parameters: {'gradient_clip_val': 0.1566694302631148, 'hidden_size': 31, 'dropout': 0.1793585182262983, 'hidden_continuous_size': 6, 'attention_head_size': 2, 'learning_rate': 0.021253327126028513}. Best is trial 1 with value: 4.656630516052246.
LOCAL_RANK: 0 - CUDA_VISIBLE_DEVICES: [0]
[I 2023-12-27 11:17:39,221] Trial 33 finished with value: 51.51115036010742 and parameters: {'gradient_clip_val': 0.24726424102848266, 'hidden_size': 65, 'dropout': 0.21980073673476136, 'hidden_continuous_size': 5, 'attention_head_size': 2, 'learning_rate': 0.03173438766584307}. Best is trial 1 with value: 4.656630516052246.
LOCAL_RANK: 0 - CUDA_VISIBLE_DEVICES: [0]
[I 2023-12-27 11:17:39,947] Trial 34 finished with value: 35.479679107666016 and parameters: {'gradient_clip_val': 0.20630180971103754, 'hidden_size': 44, 'dropout': 0.23553097699235515, 'hidden_continuous_size': 9, 'attention_head_size': 1, 'learning_rate': 0.0023868046686871223}. Best is trial 1 with value: 4.656630516052246.
LOCAL_RANK: 0 - CUDA_VISIBLE_DEVICES: [0]
[I 2023-12-27 11:17:40,431] Trial 35 finished with value: 51.07957077026367 and parameters: {'gradient_clip_val': 0.2897409461115142, 'hidden_size': 35, 'dropout': 0.15197621796335356, 'hidden_continuous_size': 7, 'attention_head_size': 2, 'learning_rate': 0.006825034034842974}. Best is trial 1 with value: 4.656630516052246.
LOCAL_RANK: 0 - CUDA_VISIBLE_DEVICES: [0]
[I 2023-12-27 11:17:40,897] Trial 36 finished with value: 43.54218673706055 and parameters: {'gradient_clip_val': 0.15785130179045415, 'hidden_size': 27, 'dropout': 0.16563403406882643, 'hidden_continuous_size': 6, 'attention_head_size': 3, 'learning_rate': 0.01580460595769846}. Best is trial 1 with value: 4.656630516052246.
LOCAL_RANK: 0 - CUDA_VISIBLE_DEVICES: [0]
[I 2023-12-27 11:17:41,399] Trial 37 finished with value: 47.370609283447266 and parameters: {'gradient_clip_val': 0.12422908272860522, 'hidden_size': 17, 'dropout': 0.18927927629969088, 'hidden_continuous_size': 5, 'attention_head_size': 4, 'learning_rate': 0.004110029172320748}. Best is trial 1 with value: 4.656630516052246.
LOCAL_RANK: 0 - CUDA_VISIBLE_DEVICES: [0]
[I 2023-12-27 11:17:41,871] Trial 38 finished with value: 48.91237258911133 and parameters: {'gradient_clip_val': 0.17720371819849093, 'hidden_size': 9, 'dropout': 0.24465747235283494, 'hidden_continuous_size': 5, 'attention_head_size': 1, 'learning_rate': 0.00936374664728374}. Best is trial 1 with value: 4.656630516052246.
LOCAL_RANK: 0 - CUDA_VISIBLE_DEVICES: [0]
[I 2023-12-27 11:17:42,349] Trial 39 finished with value: 54.28164291381836 and parameters: {'gradient_clip_val': 0.3130148243626213, 'hidden_size': 14, 'dropout': 0.21282683023862117, 'hidden_continuous_size': 8, 'attention_head_size': 1, 'learning_rate': 0.011215809187754862}. Best is trial 1 with value: 4.656630516052246.
LOCAL_RANK: 0 - CUDA_VISIBLE_DEVICES: [0]
[I 2023-12-27 11:17:42,841] Trial 40 finished with value: 44.45684814453125 and parameters: {'gradient_clip_val': 0.3672623363602782, 'hidden_size': 43, 'dropout': 0.30400156826145225, 'hidden_continuous_size': 10, 'attention_head_size': 3, 'learning_rate': 0.0028233213899076215}. Best is trial 1 with value: 4.656630516052246.
LOCAL_RANK: 0 - CUDA_VISIBLE_DEVICES: [0]
[I 2023-12-27 11:17:43,241] Trial 41 finished with value: 52.84894943237305 and parameters: {'gradient_clip_val': 0.12943506929814225, 'hidden_size': 5, 'dropout': 0.3469342261977085, 'hidden_continuous_size': 5, 'attention_head_size': 1, 'learning_rate': 0.011493326505275375}. Best is trial 1 with value: 4.656630516052246.
LOCAL_RANK: 0 - CUDA_VISIBLE_DEVICES: [0]
[I 2023-12-27 11:17:43,687] Trial 42 finished with value: 32.522926330566406 and parameters: {'gradient_clip_val': 0.1504483283052543, 'hidden_size': 6, 'dropout': 0.2735529262321094, 'hidden_continuous_size': 5, 'attention_head_size': 1, 'learning_rate': 0.006701817764661441}. Best is trial 1 with value: 4.656630516052246.
LOCAL_RANK: 0 - CUDA_VISIBLE_DEVICES: [0]
[I 2023-12-27 11:17:44,146] Trial 43 finished with value: 36.20096969604492 and parameters: {'gradient_clip_val': 0.11358037101797229, 'hidden_size': 11, 'dropout': 0.39112367342083004, 'hidden_continuous_size': 6, 'attention_head_size': 1, 'learning_rate': 0.01737613971134665}. Best is trial 1 with value: 4.656630516052246.
LOCAL_RANK: 0 - CUDA_VISIBLE_DEVICES: [0]
[I 2023-12-27 11:17:44,626] Trial 44 finished with value: 52.559234619140625 and parameters: {'gradient_clip_val': 0.18380662376372958, 'hidden_size': 7, 'dropout': 0.3037401640923405, 'hidden_continuous_size': 5, 'attention_head_size': 2, 'learning_rate': 0.02427158782189409}. Best is trial 1 with value: 4.656630516052246.
LOCAL_RANK: 0 - CUDA_VISIBLE_DEVICES: [0]
[I 2023-12-27 11:17:45,072] Trial 45 finished with value: 36.23878860473633 and parameters: {'gradient_clip_val': 0.123781496286317, 'hidden_size': 6, 'dropout': 0.2465509288397793, 'hidden_continuous_size': 5, 'attention_head_size': 1, 'learning_rate': 0.00882196412259829}. Best is trial 1 with value: 4.656630516052246.
LOCAL_RANK: 0 - CUDA_VISIBLE_DEVICES: [0]
[I 2023-12-27 11:17:45,621] Trial 46 finished with value: 45.465789794921875 and parameters: {'gradient_clip_val': 0.14564833394778556, 'hidden_size': 10, 'dropout': 0.32403972099550726, 'hidden_continuous_size': 6, 'attention_head_size': 2, 'learning_rate': 0.013975206412075909}. Best is trial 1 with value: 4.656630516052246.
LOCAL_RANK: 0 - CUDA_VISIBLE_DEVICES: [0]
[I 2023-12-27 11:17:46,080] Trial 47 finished with value: 39.10387420654297 and parameters: {'gradient_clip_val': 0.1756146922451202, 'hidden_size': 12, 'dropout': 0.28492272590851325, 'hidden_continuous_size': 6, 'attention_head_size': 1, 'learning_rate': 0.01898099868938337}. Best is trial 1 with value: 4.656630516052246.
LOCAL_RANK: 0 - CUDA_VISIBLE_DEVICES: [0]
[I 2023-12-27 11:17:46,806] Trial 48 finished with value: 21.821517944335938 and parameters: {'gradient_clip_val': 0.11459446276861085, 'hidden_size': 14, 'dropout': 0.22782341233821501, 'hidden_continuous_size': 8, 'attention_head_size': 2, 'learning_rate': 0.026514645065297642}. Best is trial 1 with value: 4.656630516052246.
LOCAL_RANK: 0 - CUDA_VISIBLE_DEVICES: [0]
[I 2023-12-27 11:17:47,296] Trial 49 finished with value: 40.029842376708984 and parameters: {'gradient_clip_val': 0.11194122884490347, 'hidden_size': 15, 'dropout': 0.2064850817928859, 'hidden_continuous_size': 8, 'attention_head_size': 2, 'learning_rate': 0.039149694874208406}. Best is trial 1 with value: 4.656630516052246.
[I 2023-12-27 11:17:47,425] A new study created in memory with name: no-name-5de4e2b1-8f17-4acd-a08f-ac619be2e38d
/home/le004/conda/anaconda3/envs/tsff_env/lib/python3.9/site-packages/lightning/fabric/plugins/environments/slurm.py:191: The `srun` command is available on your system but is not used. HINT: If your intention is to run Lightning on SLURM, prepend your python command with `srun` like so: srun python /home/le004/master_thesis/git/TSFusionForecast/code/ ...
LOCAL_RANK: 0 - CUDA_VISIBLE_DEVICES: [0]
[I 2023-12-27 11:18:13,441] Trial 0 finished with value: 46.23007583618164 and parameters: {'gradient_clip_val': 0.9345828720578563, 'hidden_size': 6, 'dropout': 0.3233741779996323, 'hidden_continuous_size': 6, 'attention_head_size': 4, 'learning_rate': 0.0009527558154561465}. Best is trial 0 with value: 46.23007583618164.
LOCAL_RANK: 0 - CUDA_VISIBLE_DEVICES: [0]
[I 2023-12-27 11:18:43,062] Trial 1 finished with value: 19.7987117767334 and parameters: {'gradient_clip_val': 0.2346034216587828, 'hidden_size': 9, 'dropout': 0.344811090117508, 'hidden_continuous_size': 5, 'attention_head_size': 4, 'learning_rate': 0.008470402808560599}. Best is trial 1 with value: 19.7987117767334.
LOCAL_RANK: 0 - CUDA_VISIBLE_DEVICES: [0]
[I 2023-12-27 11:18:52,520] Trial 2 finished with value: 31.7409610748291 and parameters: {'gradient_clip_val': 0.2907355687605324, 'hidden_size': 36, 'dropout': 0.19675178140999947, 'hidden_continuous_size': 21, 'attention_head_size': 3, 'learning_rate': 0.003967398715677638}. Best is trial 1 with value: 19.7987117767334.
LOCAL_RANK: 0 - CUDA_VISIBLE_DEVICES: [0]
[I 2023-12-27 11:18:52,944] Trial 3 finished with value: 71.80559539794922 and parameters: {'gradient_clip_val': 0.21417253437207623, 'hidden_size': 17, 'dropout': 0.34625897471554923, 'hidden_continuous_size': 11, 'attention_head_size': 1, 'learning_rate': 0.0006178308828744456}. Best is trial 1 with value: 19.7987117767334.
LOCAL_RANK: 0 - CUDA_VISIBLE_DEVICES: [0]
[I 2023-12-27 11:18:53,374] Trial 4 finished with value: 66.03913116455078 and parameters: {'gradient_clip_val': 0.2392723000881886, 'hidden_size': 13, 'dropout': 0.1853357040126673, 'hidden_continuous_size': 10, 'attention_head_size': 1, 'learning_rate': 0.0005594992755980349}. Best is trial 1 with value: 19.7987117767334.
LOCAL_RANK: 0 - CUDA_VISIBLE_DEVICES: [0]
[I 2023-12-27 11:18:53,837] Trial 5 finished with value: 71.74565887451172 and parameters: {'gradient_clip_val': 0.15394071085388422, 'hidden_size': 62, 'dropout': 0.48207665232691066, 'hidden_continuous_size': 44, 'attention_head_size': 1, 'learning_rate': 0.0013137242372288143}. Best is trial 1 with value: 19.7987117767334.
LOCAL_RANK: 0 - CUDA_VISIBLE_DEVICES: [0]
[I 2023-12-27 11:18:54,497] Trial 6 finished with value: 72.8788833618164 and parameters: {'gradient_clip_val': 0.1520279674359473, 'hidden_size': 5, 'dropout': 0.22691837953946395, 'hidden_continuous_size': 5, 'attention_head_size': 1, 'learning_rate': 0.020422754509916465}. Best is trial 1 with value: 19.7987117767334.
LOCAL_RANK: 0 - CUDA_VISIBLE_DEVICES: [0]
[I 2023-12-27 11:18:54,949] Trial 7 finished with value: 64.54315948486328 and parameters: {'gradient_clip_val': 0.22427952327654707, 'hidden_size': 20, 'dropout': 0.31810382907612256, 'hidden_continuous_size': 15, 'attention_head_size': 2, 'learning_rate': 0.0006332023568230673}. Best is trial 1 with value: 19.7987117767334.
LOCAL_RANK: 0 - CUDA_VISIBLE_DEVICES: [0]
[I 2023-12-27 11:18:55,427] Trial 8 finished with value: 71.49935150146484 and parameters: {'gradient_clip_val': 0.6356007109532839, 'hidden_size': 146, 'dropout': 0.469709251949174, 'hidden_continuous_size': 7, 'attention_head_size': 2, 'learning_rate': 0.006545484959974711}. Best is trial 1 with value: 19.7987117767334.
LOCAL_RANK: 0 - CUDA_VISIBLE_DEVICES: [0]
[I 2023-12-27 11:18:55,853] Trial 9 finished with value: 92.7215805053711 and parameters: {'gradient_clip_val': 0.18596376042789184, 'hidden_size': 31, 'dropout': 0.48762480433014554, 'hidden_continuous_size': 18, 'attention_head_size': 4, 'learning_rate': 0.018185501563409742}. Best is trial 1 with value: 19.7987117767334.
LOCAL_RANK: 0 - CUDA_VISIBLE_DEVICES: [0]
[I 2023-12-27 11:18:56,279] Trial 10 finished with value: 100.9434585571289 and parameters: {'gradient_clip_val': 0.112933458128633, 'hidden_size': 9, 'dropout': 0.11372513669353171, 'hidden_continuous_size': 5, 'attention_head_size': 3, 'learning_rate': 0.0821753518724924}. Best is trial 1 with value: 19.7987117767334.
LOCAL_RANK: 0 - CUDA_VISIBLE_DEVICES: [0]
[I 2023-12-27 11:18:56,756] Trial 11 finished with value: 64.40050506591797 and parameters: {'gradient_clip_val': 0.39164001096612344, 'hidden_size': 34, 'dropout': 0.22798633612338418, 'hidden_continuous_size': 19, 'attention_head_size': 3, 'learning_rate': 0.0035691104701929635}. Best is trial 1 with value: 19.7987117767334.
LOCAL_RANK: 0 - CUDA_VISIBLE_DEVICES: [0]
[I 2023-12-27 11:18:57,200] Trial 12 finished with value: 71.19954681396484 and parameters: {'gradient_clip_val': 0.34262456039334044, 'hidden_size': 10, 'dropout': 0.37874032107719835, 'hidden_continuous_size': 5, 'attention_head_size': 4, 'learning_rate': 0.0030773663492060154}. Best is trial 1 with value: 19.7987117767334.
LOCAL_RANK: 0 - CUDA_VISIBLE_DEVICES: [0]
[I 2023-12-27 11:18:57,652] Trial 13 finished with value: 107.87335968017578 and parameters: {'gradient_clip_val': 0.3223827203508322, 'hidden_size': 44, 'dropout': 0.2623424559352949, 'hidden_continuous_size': 25, 'attention_head_size': 3, 'learning_rate': 0.002164158381232846}. Best is trial 1 with value: 19.7987117767334.
LOCAL_RANK: 0 - CUDA_VISIBLE_DEVICES: [0]
[I 2023-12-27 11:18:58,100] Trial 14 finished with value: 72.43390655517578 and parameters: {'gradient_clip_val': 0.47035580779634156, 'hidden_size': 21, 'dropout': 0.39284665911915656, 'hidden_continuous_size': 8, 'attention_head_size': 4, 'learning_rate': 0.009172458195460989}. Best is trial 1 with value: 19.7987117767334.
LOCAL_RANK: 0 - CUDA_VISIBLE_DEVICES: [0]
[I 2023-12-27 11:18:58,546] Trial 15 finished with value: 41.264442443847656 and parameters: {'gradient_clip_val': 0.2775126573916525, 'hidden_size': 8, 'dropout': 0.27718617844703164, 'hidden_continuous_size': 5, 'attention_head_size': 3, 'learning_rate': 0.006848192036473221}. Best is trial 1 with value: 19.7987117767334.
LOCAL_RANK: 0 - CUDA_VISIBLE_DEVICES: [0]
[I 2023-12-27 11:18:58,981] Trial 16 finished with value: 57.076873779296875 and parameters: {'gradient_clip_val': 0.2839505592913533, 'hidden_size': 14, 'dropout': 0.144646704924124, 'hidden_continuous_size': 6, 'attention_head_size': 2, 'learning_rate': 0.002147613573436696}. Best is trial 1 with value: 19.7987117767334.
LOCAL_RANK: 0 - CUDA_VISIBLE_DEVICES: [0]
[I 2023-12-27 11:18:59,382] Trial 17 finished with value: 86.89251708984375 and parameters: {'gradient_clip_val': 0.4753826238851611, 'hidden_size': 5, 'dropout': 0.17903246148649718, 'hidden_continuous_size': 5, 'attention_head_size': 4, 'learning_rate': 0.004560145330464927}. Best is trial 1 with value: 19.7987117767334.
LOCAL_RANK: 0 - CUDA_VISIBLE_DEVICES: [0]
[I 2023-12-27 11:18:59,824] Trial 18 finished with value: 94.0927734375 and parameters: {'gradient_clip_val': 0.10267582950742254, 'hidden_size': 13, 'dropout': 0.1000524376142949, 'hidden_continuous_size': 6, 'attention_head_size': 3, 'learning_rate': 0.011956897217149548}. Best is trial 1 with value: 19.7987117767334.
LOCAL_RANK: 0 - CUDA_VISIBLE_DEVICES: [0]
[I 2023-12-27 11:19:00,541] Trial 19 finished with value: 97.95633697509766 and parameters: {'gradient_clip_val': 0.2640139154598941, 'hidden_size': 26, 'dropout': 0.2872412090571155, 'hidden_continuous_size': 9, 'attention_head_size': 4, 'learning_rate': 0.005076035776834037}. Best is trial 1 with value: 19.7987117767334.
LOCAL_RANK: 0 - CUDA_VISIBLE_DEVICES: [0]
[I 2023-12-27 11:19:00,978] Trial 20 finished with value: 76.81488800048828 and parameters: {'gradient_clip_val': 0.18166801413130285, 'hidden_size': 7, 'dropout': 0.2486793046561001, 'hidden_continuous_size': 5, 'attention_head_size': 3, 'learning_rate': 0.013249683031048606}. Best is trial 1 with value: 19.7987117767334.
LOCAL_RANK: 0 - CUDA_VISIBLE_DEVICES: [0]
[I 2023-12-27 11:19:01,403] Trial 21 finished with value: 69.50276947021484 and parameters: {'gradient_clip_val': 0.273393707783789, 'hidden_size': 8, 'dropout': 0.28207962027341277, 'hidden_continuous_size': 5, 'attention_head_size': 3, 'learning_rate': 0.00777510302670608}. Best is trial 1 with value: 19.7987117767334.
LOCAL_RANK: 0 - CUDA_VISIBLE_DEVICES: [0]
[I 2023-12-27 11:19:01,830] Trial 22 finished with value: 91.67947387695312 and parameters: {'gradient_clip_val': 0.3584479043844465, 'hidden_size': 10, 'dropout': 0.21202175289471448, 'hidden_continuous_size': 6, 'attention_head_size': 2, 'learning_rate': 0.0061335708471681105}. Best is trial 1 with value: 19.7987117767334.
LOCAL_RANK: 0 - CUDA_VISIBLE_DEVICES: [0]
[I 2023-12-27 11:19:02,256] Trial 23 finished with value: 80.167236328125 and parameters: {'gradient_clip_val': 0.28223057209525626, 'hidden_size': 8, 'dropout': 0.27054421253024297, 'hidden_continuous_size': 5, 'attention_head_size': 3, 'learning_rate': 0.0031680911467183064}. Best is trial 1 with value: 19.7987117767334.
LOCAL_RANK: 0 - CUDA_VISIBLE_DEVICES: [0]
[I 2023-12-27 11:19:02,646] Trial 24 finished with value: 68.6127700805664 and parameters: {'gradient_clip_val': 0.22662310507099293, 'hidden_size': 5, 'dropout': 0.3089041515332962, 'hidden_continuous_size': 5, 'attention_head_size': 3, 'learning_rate': 0.00876617206035465}. Best is trial 1 with value: 19.7987117767334.
LOCAL_RANK: 0 - CUDA_VISIBLE_DEVICES: [0]
[I 2023-12-27 11:19:03,109] Trial 25 finished with value: 82.0339126586914 and parameters: {'gradient_clip_val': 0.2910620347221184, 'hidden_size': 11, 'dropout': 0.2438084253613634, 'hidden_continuous_size': 7, 'attention_head_size': 4, 'learning_rate': 0.004727843714515306}. Best is trial 1 with value: 19.7987117767334.
LOCAL_RANK: 0 - CUDA_VISIBLE_DEVICES: [0]
[I 2023-12-27 11:19:03,552] Trial 26 finished with value: 77.35684967041016 and parameters: {'gradient_clip_val': 0.3771002710464763, 'hidden_size': 7, 'dropout': 0.1912357120899255, 'hidden_continuous_size': 5, 'attention_head_size': 2, 'learning_rate': 0.024455417199561152}. Best is trial 1 with value: 19.7987117767334.
LOCAL_RANK: 0 - CUDA_VISIBLE_DEVICES: [0]
