[rank: 0] Seed set to 42
[I 2023-12-26 11:21:46,671] A new study created in memory with name: no-name-50f189b2-d3b9-482f-87a6-fcb06d2733fc
/home/le004/conda/anaconda3/envs/tsff_env/lib/python3.9/site-packages/lightning/fabric/plugins/environments/slurm.py:191: The `srun` command is available on your system but is not used. HINT: If your intention is to run Lightning on SLURM, prepend your python command with `srun` like so: srun python /home/le004/master_thesis/git/TSFusionForecast/code/ ...
[I 2023-12-26 11:24:29,923] Trial 0 finished with value: 0.33539173007011414 and parameters: {'gradient_clip_val': 0.9719261463770275, 'hidden_size': 11, 'dropout': 0.24045050130644202, 'hidden_continuous_size': 10, 'attention_head_size': 2, 'learning_rate': 0.009771748399575248}. Best is trial 0 with value: 0.33539173007011414.
[I 2023-12-26 11:24:40,117] Trial 1 finished with value: 4.904983997344971 and parameters: {'gradient_clip_val': 0.305270403106058, 'hidden_size': 149, 'dropout': 0.31688926374469817, 'hidden_continuous_size': 120, 'attention_head_size': 1, 'learning_rate': 0.01224116850819598}. Best is trial 0 with value: 0.33539173007011414.
[I 2023-12-26 11:24:46,691] Trial 2 finished with value: 4.307798385620117 and parameters: {'gradient_clip_val': 0.1728770347687231, 'hidden_size': 108, 'dropout': 0.10207753596547375, 'hidden_continuous_size': 31, 'attention_head_size': 2, 'learning_rate': 0.012007152772937976}. Best is trial 0 with value: 0.33539173007011414.
[I 2023-12-26 11:24:48,697] Trial 3 finished with value: 5.5646491050720215 and parameters: {'gradient_clip_val': 0.4201201337984825, 'hidden_size': 11, 'dropout': 0.3517147605571682, 'hidden_continuous_size': 6, 'attention_head_size': 2, 'learning_rate': 0.09562570776588679}. Best is trial 0 with value: 0.33539173007011414.
[I 2023-12-26 11:24:51,256] Trial 4 finished with value: 4.824309825897217 and parameters: {'gradient_clip_val': 0.7236531958131188, 'hidden_size': 31, 'dropout': 0.26479794995720807, 'hidden_continuous_size': 6, 'attention_head_size': 4, 'learning_rate': 0.027380397803491534}. Best is trial 0 with value: 0.33539173007011414.
[I 2023-12-26 11:24:53,141] Trial 5 finished with value: 6.120842456817627 and parameters: {'gradient_clip_val': 0.31711841322240386, 'hidden_size': 6, 'dropout': 0.4707565807448614, 'hidden_continuous_size': 5, 'attention_head_size': 2, 'learning_rate': 0.07510949348142532}. Best is trial 0 with value: 0.33539173007011414.
[I 2023-12-26 11:25:00,951] Trial 6 finished with value: 4.913219451904297 and parameters: {'gradient_clip_val': 0.20890423766719315, 'hidden_size': 118, 'dropout': 0.11878122724162572, 'hidden_continuous_size': 88, 'attention_head_size': 1, 'learning_rate': 0.003393911065771186}. Best is trial 0 with value: 0.33539173007011414.
[I 2023-12-26 11:25:02,744] Trial 7 finished with value: 5.5951313972473145 and parameters: {'gradient_clip_val': 0.11600132096779156, 'hidden_size': 5, 'dropout': 0.19144106910538278, 'hidden_continuous_size': 5, 'attention_head_size': 3, 'learning_rate': 0.09237484547650807}. Best is trial 0 with value: 0.33539173007011414.
[I 2023-12-26 11:25:04,682] Trial 8 finished with value: 5.507956027984619 and parameters: {'gradient_clip_val': 0.346150815894978, 'hidden_size': 6, 'dropout': 0.1332090333112811, 'hidden_continuous_size': 5, 'attention_head_size': 3, 'learning_rate': 0.03450630875196968}. Best is trial 0 with value: 0.33539173007011414.
[I 2023-12-26 11:25:06,737] Trial 9 finished with value: 4.525522708892822 and parameters: {'gradient_clip_val': 0.42185937397584466, 'hidden_size': 10, 'dropout': 0.46521329758495644, 'hidden_continuous_size': 6, 'attention_head_size': 3, 'learning_rate': 0.03719770050688498}. Best is trial 0 with value: 0.33539173007011414.
[I 2023-12-26 11:25:09,327] Trial 10 finished with value: 3.5418882369995117 and parameters: {'gradient_clip_val': 0.9802191447316954, 'hidden_size': 34, 'dropout': 0.23080727901629672, 'hidden_continuous_size': 9, 'attention_head_size': 4, 'learning_rate': 0.0005614030469021557}. Best is trial 0 with value: 0.33539173007011414.
[I 2023-12-26 11:25:11,976] Trial 11 finished with value: 6.564045429229736 and parameters: {'gradient_clip_val': 0.9701949603626243, 'hidden_size': 26, 'dropout': 0.23150791183674876, 'hidden_continuous_size': 11, 'attention_head_size': 4, 'learning_rate': 0.0007370328078424823}. Best is trial 0 with value: 0.33539173007011414.
[I 2023-12-26 11:25:14,376] Trial 12 finished with value: 5.871205806732178 and parameters: {'gradient_clip_val': 0.9705631033614299, 'hidden_size': 26, 'dropout': 0.20943927459225586, 'hidden_continuous_size': 9, 'attention_head_size': 4, 'learning_rate': 0.0005347589737872488}. Best is trial 0 with value: 0.33539173007011414.
[I 2023-12-26 11:25:17,330] Trial 13 finished with value: 5.648695468902588 and parameters: {'gradient_clip_val': 0.6478933167520119, 'hidden_size': 46, 'dropout': 0.28484212770770806, 'hidden_continuous_size': 10, 'attention_head_size': 2, 'learning_rate': 0.0031033941207265787}. Best is trial 0 with value: 0.33539173007011414.
[I 2023-12-26 11:25:19,457] Trial 14 finished with value: 6.6375861167907715 and parameters: {'gradient_clip_val': 0.6561614676610454, 'hidden_size': 14, 'dropout': 0.17674002982730164, 'hidden_continuous_size': 8, 'attention_head_size': 3, 'learning_rate': 0.0016923139904262959}. Best is trial 0 with value: 0.33539173007011414.
[I 2023-12-26 11:25:21,569] Trial 15 finished with value: 5.572537899017334 and parameters: {'gradient_clip_val': 0.9772175462686831, 'hidden_size': 15, 'dropout': 0.24760746999349562, 'hidden_continuous_size': 8, 'attention_head_size': 1, 'learning_rate': 0.005015317115771336}. Best is trial 0 with value: 0.33539173007011414.
[I 2023-12-26 11:25:25,142] Trial 16 finished with value: 4.828053951263428 and parameters: {'gradient_clip_val': 0.5371106980349177, 'hidden_size': 59, 'dropout': 0.32963692605674627, 'hidden_continuous_size': 16, 'attention_head_size': 4, 'learning_rate': 0.0012229021919991632}. Best is trial 0 with value: 0.33539173007011414.
[I 2023-12-26 11:25:27,379] Trial 17 finished with value: 4.943246364593506 and parameters: {'gradient_clip_val': 0.7674136932874865, 'hidden_size': 19, 'dropout': 0.17014625072483658, 'hidden_continuous_size': 11, 'attention_head_size': 3, 'learning_rate': 0.008662927051925635}. Best is trial 0 with value: 0.33539173007011414.
[I 2023-12-26 11:25:29,290] Trial 18 finished with value: 5.7092156410217285 and parameters: {'gradient_clip_val': 0.5340285509440987, 'hidden_size': 8, 'dropout': 0.2313556370009864, 'hidden_continuous_size': 6, 'attention_head_size': 2, 'learning_rate': 0.0017793662364579122}. Best is trial 0 with value: 0.33539173007011414.
[I 2023-12-26 11:25:31,366] Trial 19 finished with value: 6.969462871551514 and parameters: {'gradient_clip_val': 0.803985323303451, 'hidden_size': 18, 'dropout': 0.28714376543658915, 'hidden_continuous_size': 8, 'attention_head_size': 1, 'learning_rate': 0.0009233939728573637}. Best is trial 0 with value: 0.33539173007011414.
[I 2023-12-26 11:25:33,446] Trial 20 finished with value: 5.66698694229126 and parameters: {'gradient_clip_val': 0.5769115212804727, 'hidden_size': 9, 'dropout': 0.14779985914981553, 'hidden_continuous_size': 7, 'attention_head_size': 4, 'learning_rate': 0.0005367794302140109}. Best is trial 0 with value: 0.33539173007011414.
[I 2023-12-26 11:25:38,387] Trial 21 finished with value: 5.741636276245117 and parameters: {'gradient_clip_val': 0.21572468005526377, 'hidden_size': 79, 'dropout': 0.10129498838701714, 'hidden_continuous_size': 26, 'attention_head_size': 2, 'learning_rate': 0.013642603827939359}. Best is trial 0 with value: 0.33539173007011414.
[I 2023-12-26 11:25:41,425] Trial 22 finished with value: 3.9601142406463623 and parameters: {'gradient_clip_val': 0.8611995014993524, 'hidden_size': 42, 'dropout': 0.14985879817599426, 'hidden_continuous_size': 12, 'attention_head_size': 2, 'learning_rate': 0.006559006951554523}. Best is trial 0 with value: 0.33539173007011414.
[I 2023-12-26 11:25:44,020] Trial 23 finished with value: 5.762906551361084 and parameters: {'gradient_clip_val': 0.8269868112831716, 'hidden_size': 35, 'dropout': 0.20671830948168013, 'hidden_continuous_size': 14, 'attention_head_size': 2, 'learning_rate': 0.005737693566867998}. Best is trial 0 with value: 0.33539173007011414.
[I 2023-12-26 11:25:46,899] Trial 24 finished with value: 5.956082820892334 and parameters: {'gradient_clip_val': 0.8775791259101113, 'hidden_size': 44, 'dropout': 0.16041878075502078, 'hidden_continuous_size': 13, 'attention_head_size': 3, 'learning_rate': 0.003240744180895988}. Best is trial 0 with value: 0.33539173007011414.
[I 2023-12-26 11:25:49,134] Trial 25 finished with value: 5.253596782684326 and parameters: {'gradient_clip_val': 0.7332601778077139, 'hidden_size': 22, 'dropout': 0.19391213845093735, 'hidden_continuous_size': 9, 'attention_head_size': 2, 'learning_rate': 0.002279666173206339}. Best is trial 0 with value: 0.33539173007011414.
[I 2023-12-26 11:25:51,648] Trial 26 finished with value: 5.735767841339111 and parameters: {'gradient_clip_val': 0.8668396333842824, 'hidden_size': 34, 'dropout': 0.15009752629692666, 'hidden_continuous_size': 11, 'attention_head_size': 1, 'learning_rate': 0.0012525112569352578}. Best is trial 0 with value: 0.33539173007011414.
[I 2023-12-26 11:25:54,672] Trial 27 finished with value: 3.891010284423828 and parameters: {'gradient_clip_val': 0.9916110042587208, 'hidden_size': 49, 'dropout': 0.2433362169635061, 'hidden_continuous_size': 16, 'attention_head_size': 3, 'learning_rate': 0.008162435990071435}. Best is trial 0 with value: 0.33539173007011414.
[I 2023-12-26 11:25:58,452] Trial 28 finished with value: 4.4593186378479 and parameters: {'gradient_clip_val': 0.9924126431980468, 'hidden_size': 62, 'dropout': 0.26123552078239515, 'hidden_continuous_size': 18, 'attention_head_size': 4, 'learning_rate': 0.004633299877640008}. Best is trial 0 with value: 0.33539173007011414.
[I 2023-12-26 11:26:00,739] Trial 29 finished with value: 5.320213317871094 and parameters: {'gradient_clip_val': 0.7137781842363382, 'hidden_size': 21, 'dropout': 0.3149765686554643, 'hidden_continuous_size': 9, 'attention_head_size': 3, 'learning_rate': 0.008443556169710797}. Best is trial 0 with value: 0.33539173007011414.
[I 2023-12-26 11:26:02,851] Trial 30 finished with value: 5.703172206878662 and parameters: {'gradient_clip_val': 0.6174007754940317, 'hidden_size': 13, 'dropout': 0.2195403881835, 'hidden_continuous_size': 7, 'attention_head_size': 3, 'learning_rate': 0.013849463800657547}. Best is trial 0 with value: 0.33539173007011414.
[I 2023-12-26 11:26:05,659] Trial 31 finished with value: 4.278290271759033 and parameters: {'gradient_clip_val': 0.8643575078323417, 'hidden_size': 42, 'dropout': 0.18833205199202474, 'hidden_continuous_size': 12, 'attention_head_size': 2, 'learning_rate': 0.007530195794199435}. Best is trial 0 with value: 0.33539173007011414.
[I 2023-12-26 11:26:08,155] Trial 32 finished with value: 8.028168678283691 and parameters: {'gradient_clip_val': 0.8082002446282643, 'hidden_size': 29, 'dropout': 0.25520290587409117, 'hidden_continuous_size': 10, 'attention_head_size': 2, 'learning_rate': 0.01060734993403931}. Best is trial 0 with value: 0.33539173007011414.
[I 2023-12-26 11:26:11,721] Trial 33 finished with value: 5.573707580566406 and parameters: {'gradient_clip_val': 0.9806490807284419, 'hidden_size': 56, 'dropout': 0.22884624868667192, 'hidden_continuous_size': 15, 'attention_head_size': 3, 'learning_rate': 0.017517474783213985}. Best is trial 0 with value: 0.33539173007011414.
[I 2023-12-26 11:26:14,443] Trial 34 finished with value: 4.72481107711792 and parameters: {'gradient_clip_val': 0.7101107134131008, 'hidden_size': 38, 'dropout': 0.12853593224957294, 'hidden_continuous_size': 13, 'attention_head_size': 2, 'learning_rate': 0.006672702671907761}. Best is trial 0 with value: 0.33539173007011414.
[I 2023-12-26 11:26:17,093] Trial 35 finished with value: 6.351071834564209 and parameters: {'gradient_clip_val': 0.8573221249833343, 'hidden_size': 31, 'dropout': 0.2711820611331803, 'hidden_continuous_size': 12, 'attention_head_size': 4, 'learning_rate': 0.01989089241785717}. Best is trial 0 with value: 0.33539173007011414.
[I 2023-12-26 11:26:20,188] Trial 36 finished with value: 5.345115661621094 and parameters: {'gradient_clip_val': 0.517334885083883, 'hidden_size': 49, 'dropout': 0.17557568232462287, 'hidden_continuous_size': 18, 'attention_head_size': 2, 'learning_rate': 0.010258168151502827}. Best is trial 0 with value: 0.33539173007011414.
[I 2023-12-26 11:26:24,559] Trial 37 finished with value: 5.831350803375244 and parameters: {'gradient_clip_val': 0.6666205338804008, 'hidden_size': 73, 'dropout': 0.2472201670624979, 'hidden_continuous_size': 21, 'attention_head_size': 1, 'learning_rate': 0.004731562549542116}. Best is trial 0 with value: 0.33539173007011414.
[I 2023-12-26 11:26:27,301] Trial 38 finished with value: 5.45993185043335 and parameters: {'gradient_clip_val': 0.7610916820278205, 'hidden_size': 38, 'dropout': 0.20848427202367403, 'hidden_continuous_size': 15, 'attention_head_size': 2, 'learning_rate': 0.007140402008869769}. Best is trial 0 with value: 0.33539173007011414.
[I 2023-12-26 11:26:29,543] Trial 39 finished with value: 4.46469259262085 and parameters: {'gradient_clip_val': 0.5996586056463055, 'hidden_size': 24, 'dropout': 0.12227204839715032, 'hidden_continuous_size': 10, 'attention_head_size': 3, 'learning_rate': 0.0043729200877792975}. Best is trial 0 with value: 0.33539173007011414.
[I 2023-12-26 11:26:32,060] Trial 40 finished with value: 4.26520299911499 and parameters: {'gradient_clip_val': 0.8903141632202426, 'hidden_size': 27, 'dropout': 0.3055155699784394, 'hidden_continuous_size': 12, 'attention_head_size': 4, 'learning_rate': 0.002674447214331415}. Best is trial 0 with value: 0.33539173007011414.
[I 2023-12-26 11:26:34,652] Trial 41 finished with value: 5.176036357879639 and parameters: {'gradient_clip_val': 0.9096817865187987, 'hidden_size': 29, 'dropout': 0.300099246129676, 'hidden_continuous_size': 13, 'attention_head_size': 4, 'learning_rate': 0.002525419804695065}. Best is trial 0 with value: 0.33539173007011414.
[I 2023-12-26 11:26:37,274] Trial 42 finished with value: 4.414558410644531 and parameters: {'gradient_clip_val': 0.889570279450624, 'hidden_size': 34, 'dropout': 0.2722308588444577, 'hidden_continuous_size': 12, 'attention_head_size': 4, 'learning_rate': 0.006323410461716698}. Best is trial 0 with value: 0.33539173007011414.
[I 2023-12-26 11:26:39,760] Trial 43 finished with value: 5.466750621795654 and parameters: {'gradient_clip_val': 0.7786299009458438, 'hidden_size': 28, 'dropout': 0.2405481240745089, 'hidden_continuous_size': 10, 'attention_head_size': 4, 'learning_rate': 0.0036223532049202973}. Best is trial 0 with value: 0.33539173007011414.
[I 2023-12-26 11:26:42,184] Trial 44 finished with value: 5.42437744140625 and parameters: {'gradient_clip_val': 0.9854860490904972, 'hidden_size': 25, 'dropout': 0.35320175228188233, 'hidden_continuous_size': 11, 'attention_head_size': 4, 'learning_rate': 0.009328242924029293}. Best is trial 0 with value: 0.33539173007011414.
[I 2023-12-26 11:26:45,163] Trial 45 finished with value: 5.5435051918029785 and parameters: {'gradient_clip_val': 0.7074208005405748, 'hidden_size': 40, 'dropout': 0.22040151154391163, 'hidden_continuous_size': 15, 'attention_head_size': 4, 'learning_rate': 0.006458484624450186}. Best is trial 0 with value: 0.33539173007011414.
[I 2023-12-26 11:26:48,230] Trial 46 finished with value: 5.398187160491943 and parameters: {'gradient_clip_val': 0.9017631043599816, 'hidden_size': 49, 'dropout': 0.2481257108945492, 'hidden_continuous_size': 14, 'attention_head_size': 3, 'learning_rate': 0.01221245153944787}. Best is trial 0 with value: 0.33539173007011414.
[I 2023-12-26 11:26:50,329] Trial 47 finished with value: 6.023754119873047 and parameters: {'gradient_clip_val': 0.9936002715595971, 'hidden_size': 17, 'dropout': 0.19583844340264975, 'hidden_continuous_size': 10, 'attention_head_size': 2, 'learning_rate': 0.0025277397081344523}. Best is trial 0 with value: 0.33539173007011414.
[I 2023-12-26 11:26:52,560] Trial 48 finished with value: 6.597978591918945 and parameters: {'gradient_clip_val': 0.8010130600721395, 'hidden_size': 21, 'dropout': 0.14541093431561403, 'hidden_continuous_size': 9, 'attention_head_size': 3, 'learning_rate': 0.0042708098675591725}. Best is trial 0 with value: 0.33539173007011414.
[I 2023-12-26 11:26:55,170] Trial 49 finished with value: 5.934045314788818 and parameters: {'gradient_clip_val': 0.42857926897544707, 'hidden_size': 31, 'dropout': 0.1139064296506318, 'hidden_continuous_size': 12, 'attention_head_size': 4, 'learning_rate': 0.005478813649772795}. Best is trial 0 with value: 0.33539173007011414.
[I 2023-12-26 11:26:55,292] A new study created in memory with name: no-name-a1eab4bb-24dc-4c52-b136-919410e1c664
/home/le004/conda/anaconda3/envs/tsff_env/lib/python3.9/site-packages/lightning/fabric/plugins/environments/slurm.py:191: The `srun` command is available on your system but is not used. HINT: If your intention is to run Lightning on SLURM, prepend your python command with `srun` like so: srun python /home/le004/master_thesis/git/TSFusionForecast/code/ ...
[I 2023-12-26 11:37:42,665] Trial 0 finished with value: 0.22005848586559296 and parameters: {'gradient_clip_val': 0.9081334390769867, 'hidden_size': 138, 'dropout': 0.19953712547329638, 'hidden_continuous_size': 5, 'attention_head_size': 1, 'learning_rate': 0.0439839792551718}. Best is trial 0 with value: 0.22005848586559296.
[I 2023-12-26 11:37:45,215] Trial 1 finished with value: 3.402218818664551 and parameters: {'gradient_clip_val': 0.47836975428515466, 'hidden_size': 22, 'dropout': 0.38695858140184647, 'hidden_continuous_size': 7, 'attention_head_size': 1, 'learning_rate': 0.05571863451785988}. Best is trial 0 with value: 0.22005848586559296.
[I 2023-12-26 11:37:47,498] Trial 2 finished with value: 1.6139068603515625 and parameters: {'gradient_clip_val': 0.25947237778805426, 'hidden_size': 21, 'dropout': 0.19312948138128033, 'hidden_continuous_size': 21, 'attention_head_size': 3, 'learning_rate': 0.0008287939764472864}. Best is trial 0 with value: 0.22005848586559296.
[I 2023-12-26 11:37:51,373] Trial 3 finished with value: 2.723369836807251 and parameters: {'gradient_clip_val': 0.12003887584361814, 'hidden_size': 51, 'dropout': 0.3061012582707512, 'hidden_continuous_size': 11, 'attention_head_size': 4, 'learning_rate': 0.026110562672517674}. Best is trial 0 with value: 0.22005848586559296.
[I 2023-12-26 11:37:53,545] Trial 4 finished with value: 2.469327211380005 and parameters: {'gradient_clip_val': 0.30682764162259546, 'hidden_size': 15, 'dropout': 0.3848150602380017, 'hidden_continuous_size': 5, 'attention_head_size': 1, 'learning_rate': 0.02780227713832538}. Best is trial 0 with value: 0.22005848586559296.
[I 2023-12-26 11:37:59,395] Trial 5 finished with value: 2.0802230834960938 and parameters: {'gradient_clip_val': 0.8741440830875563, 'hidden_size': 81, 'dropout': 0.24323258448086765, 'hidden_continuous_size': 10, 'attention_head_size': 2, 'learning_rate': 0.0048493006283929115}. Best is trial 0 with value: 0.22005848586559296.
[I 2023-12-26 11:38:03,324] Trial 6 finished with value: 1.766821026802063 and parameters: {'gradient_clip_val': 0.311429580834589, 'hidden_size': 53, 'dropout': 0.36665698418774306, 'hidden_continuous_size': 35, 'attention_head_size': 3, 'learning_rate': 0.040307868517095544}. Best is trial 0 with value: 0.22005848586559296.
[I 2023-12-26 11:38:08,935] Trial 7 finished with value: 3.091837167739868 and parameters: {'gradient_clip_val': 0.17930517704473056, 'hidden_size': 80, 'dropout': 0.3685963896489576, 'hidden_continuous_size': 8, 'attention_head_size': 4, 'learning_rate': 0.0016101979981158526}. Best is trial 0 with value: 0.22005848586559296.
[I 2023-12-26 11:38:15,299] Trial 8 finished with value: 2.242318630218506 and parameters: {'gradient_clip_val': 0.18400301551890672, 'hidden_size': 88, 'dropout': 0.353372286300471, 'hidden_continuous_size': 26, 'attention_head_size': 2, 'learning_rate': 0.007915256160455806}. Best is trial 0 with value: 0.22005848586559296.
[I 2023-12-26 11:38:19,375] Trial 9 finished with value: 2.885594367980957 and parameters: {'gradient_clip_val': 0.24159506540642203, 'hidden_size': 56, 'dropout': 0.3941302181935763, 'hidden_continuous_size': 7, 'attention_head_size': 3, 'learning_rate': 0.013899342332088166}. Best is trial 0 with value: 0.22005848586559296.
[I 2023-12-26 11:38:21,340] Trial 10 finished with value: 3.642298698425293 and parameters: {'gradient_clip_val': 0.9736431813482385, 'hidden_size': 7, 'dropout': 0.1163617107657757, 'hidden_continuous_size': 5, 'attention_head_size': 1, 'learning_rate': 0.0980414460318827}. Best is trial 0 with value: 0.22005848586559296.
[I 2023-12-26 11:38:30,941] Trial 11 finished with value: 2.806468963623047 and parameters: {'gradient_clip_val': 0.5407526736773914, 'hidden_size': 125, 'dropout': 0.20219026132906623, 'hidden_continuous_size': 74, 'attention_head_size': 3, 'learning_rate': 0.0005249502957081849}. Best is trial 0 with value: 0.22005848586559296.
[I 2023-12-26 11:38:33,762] Trial 12 finished with value: 2.3108632564544678 and parameters: {'gradient_clip_val': 0.46013798105445525, 'hidden_size': 30, 'dropout': 0.47891124143729213, 'hidden_continuous_size': 14, 'attention_head_size': 2, 'learning_rate': 0.0030997439078878732}. Best is trial 0 with value: 0.22005848586559296.
