[I 2023-12-16 04:08:45,068] Trial 2 finished with value: 2.312443494796753 and parameters: {'gradient_clip_val': 0.30049931684811837, 'hidden_size': 50, 'dropout': 0.30603756451148234, 'hidden_continuous_size': 13, 'attention_head_size': 4, 'learning_rate': 0.001557917994857141}. Best is trial 1 with value: 0.13543125987052917.
LOCAL_RANK: 0 - CUDA_VISIBLE_DEVICES: [0]
[I 2023-12-16 04:09:37,733] Trial 3 finished with value: 0.8145207762718201 and parameters: {'gradient_clip_val': 0.10749747967921024, 'hidden_size': 56, 'dropout': 0.3115395451763704, 'hidden_continuous_size': 26, 'attention_head_size': 2, 'learning_rate': 0.0010668165869872576}. Best is trial 1 with value: 0.13543125987052917.
LOCAL_RANK: 0 - CUDA_VISIBLE_DEVICES: [0]
[I 2023-12-16 04:10:23,852] Trial 4 finished with value: 2.10406494140625 and parameters: {'gradient_clip_val': 0.16101764604840182, 'hidden_size': 9, 'dropout': 0.32029741946721507, 'hidden_continuous_size': 8, 'attention_head_size': 3, 'learning_rate': 0.0005986367674511113}. Best is trial 1 with value: 0.13543125987052917.
LOCAL_RANK: 0 - CUDA_VISIBLE_DEVICES: [0]
[I 2023-12-16 04:11:17,145] Trial 5 finished with value: 0.7790825963020325 and parameters: {'gradient_clip_val': 0.5395006769811752, 'hidden_size': 68, 'dropout': 0.11781964054805358, 'hidden_continuous_size': 21, 'attention_head_size': 2, 'learning_rate': 0.004141725716562936}. Best is trial 1 with value: 0.13543125987052917.
LOCAL_RANK: 0 - CUDA_VISIBLE_DEVICES: [0]
[I 2023-12-16 04:12:10,707] Trial 6 finished with value: 0.15024811029434204 and parameters: {'gradient_clip_val': 0.1229690163959732, 'hidden_size': 62, 'dropout': 0.2130812459517956, 'hidden_continuous_size': 9, 'attention_head_size': 4, 'learning_rate': 0.0011439424691468757}. Best is trial 1 with value: 0.13543125987052917.
LOCAL_RANK: 0 - CUDA_VISIBLE_DEVICES: [0]
[I 2023-12-16 04:12:59,401] Trial 7 finished with value: 0.13034044206142426 and parameters: {'gradient_clip_val': 0.38350598213089543, 'hidden_size': 31, 'dropout': 0.25052779337028086, 'hidden_continuous_size': 11, 'attention_head_size': 1, 'learning_rate': 0.001315979967553388}. Best is trial 7 with value: 0.13034044206142426.
LOCAL_RANK: 0 - CUDA_VISIBLE_DEVICES: [0]
[I 2023-12-16 04:13:53,084] Trial 8 finished with value: 0.8298460841178894 and parameters: {'gradient_clip_val': 0.1551398334580928, 'hidden_size': 60, 'dropout': 0.28718346557187874, 'hidden_continuous_size': 16, 'attention_head_size': 4, 'learning_rate': 0.009989059910824855}. Best is trial 7 with value: 0.13034044206142426.
LOCAL_RANK: 0 - CUDA_VISIBLE_DEVICES: [0]
[I 2023-12-16 04:14:44,799] Trial 9 finished with value: 0.9717461466789246 and parameters: {'gradient_clip_val': 0.6776551384867417, 'hidden_size': 40, 'dropout': 0.2943242145998126, 'hidden_continuous_size': 19, 'attention_head_size': 2, 'learning_rate': 0.0008383759843805449}. Best is trial 7 with value: 0.13034044206142426.
LOCAL_RANK: 0 - CUDA_VISIBLE_DEVICES: [0]
[I 2023-12-16 04:15:28,853] Trial 10 finished with value: 0.42180487513542175 and parameters: {'gradient_clip_val': 0.36418294100208237, 'hidden_size': 16, 'dropout': 0.22174065147037672, 'hidden_continuous_size': 5, 'attention_head_size': 1, 'learning_rate': 0.005781753816731474}. Best is trial 7 with value: 0.13034044206142426.
LOCAL_RANK: 0 - CUDA_VISIBLE_DEVICES: [0]
[I 2023-12-16 04:16:16,037] Trial 11 finished with value: 0.8313965797424316 and parameters: {'gradient_clip_val': 0.988883609329109, 'hidden_size': 24, 'dropout': 0.3984089498530626, 'hidden_continuous_size': 12, 'attention_head_size': 1, 'learning_rate': 0.0858841757618796}. Best is trial 7 with value: 0.13034044206142426.
LOCAL_RANK: 0 - CUDA_VISIBLE_DEVICES: [0]
[I 2023-12-16 04:17:12,782] Trial 12 finished with value: 0.6602199673652649 and parameters: {'gradient_clip_val': 0.3954408976122327, 'hidden_size': 97, 'dropout': 0.3889942950482961, 'hidden_continuous_size': 52, 'attention_head_size': 3, 'learning_rate': 0.015814001387245716}. Best is trial 7 with value: 0.13034044206142426.
LOCAL_RANK: 0 - CUDA_VISIBLE_DEVICES: [0]
[I 2023-12-16 04:18:01,532] Trial 13 finished with value: 0.0665210410952568 and parameters: {'gradient_clip_val': 0.9876969858824225, 'hidden_size': 30, 'dropout': 0.35756766358483916, 'hidden_continuous_size': 9, 'attention_head_size': 1, 'learning_rate': 0.09734445904255634}. Best is trial 13 with value: 0.0665210410952568.
LOCAL_RANK: 0 - CUDA_VISIBLE_DEVICES: [0]
[I 2023-12-16 04:18:49,653] Trial 14 finished with value: 0.23992280662059784 and parameters: {'gradient_clip_val': 0.482279563396424, 'hidden_size': 23, 'dropout': 0.3400845249082135, 'hidden_continuous_size': 8, 'attention_head_size': 1, 'learning_rate': 0.031846154831862455}. Best is trial 13 with value: 0.0665210410952568.
LOCAL_RANK: 0 - CUDA_VISIBLE_DEVICES: [0]
[I 2023-12-16 04:19:36,937] Trial 15 finished with value: 1.1310445070266724 and parameters: {'gradient_clip_val': 0.2633359005678448, 'hidden_size': 28, 'dropout': 0.3511590947490328, 'hidden_continuous_size': 6, 'attention_head_size': 1, 'learning_rate': 0.002872464581697822}. Best is trial 13 with value: 0.0665210410952568.
LOCAL_RANK: 0 - CUDA_VISIBLE_DEVICES: [0]
[I 2023-12-16 04:20:21,332] Trial 16 finished with value: 0.14569999277591705 and parameters: {'gradient_clip_val': 0.5864224071269897, 'hidden_size': 12, 'dropout': 0.3586878442436394, 'hidden_continuous_size': 7, 'attention_head_size': 2, 'learning_rate': 0.021566089441047997}. Best is trial 13 with value: 0.0665210410952568.
LOCAL_RANK: 0 - CUDA_VISIBLE_DEVICES: [0]
[I 2023-12-16 04:20:56,904] Trial 17 finished with value: 2.8071625232696533 and parameters: {'gradient_clip_val': 0.7985372406855594, 'hidden_size': 5, 'dropout': 0.247336779200935, 'hidden_continuous_size': 5, 'attention_head_size': 1, 'learning_rate': 0.0005112794545565689}. Best is trial 13 with value: 0.0665210410952568.
LOCAL_RANK: 0 - CUDA_VISIBLE_DEVICES: [0]
[I 2023-12-16 04:21:44,711] Trial 18 finished with value: 1.916267991065979 and parameters: {'gradient_clip_val': 0.24560807470887397, 'hidden_size': 32, 'dropout': 0.17221947440700858, 'hidden_continuous_size': 10, 'attention_head_size': 1, 'learning_rate': 0.009096819445978293}. Best is trial 13 with value: 0.0665210410952568.
LOCAL_RANK: 0 - CUDA_VISIBLE_DEVICES: [0]
[I 2023-12-16 04:22:32,906] Trial 19 finished with value: 0.9869586825370789 and parameters: {'gradient_clip_val': 0.998066627691283, 'hidden_size': 32, 'dropout': 0.3371256016860019, 'hidden_continuous_size': 10, 'attention_head_size': 2, 'learning_rate': 0.041364602213462755}. Best is trial 13 with value: 0.0665210410952568.
LOCAL_RANK: 0 - CUDA_VISIBLE_DEVICES: [0]
[I 2023-12-16 04:23:17,397] Trial 20 finished with value: 0.08605068922042847 and parameters: {'gradient_clip_val': 0.7042162387582743, 'hidden_size': 16, 'dropout': 0.2756482375867367, 'hidden_continuous_size': 7, 'attention_head_size': 1, 'learning_rate': 0.09853502239390578}. Best is trial 13 with value: 0.0665210410952568.
LOCAL_RANK: 0 - CUDA_VISIBLE_DEVICES: [0]
[I 2023-12-16 04:24:03,250] Trial 21 finished with value: 0.4696482717990875 and parameters: {'gradient_clip_val': 0.6671656087881653, 'hidden_size': 17, 'dropout': 0.2757922992644186, 'hidden_continuous_size': 7, 'attention_head_size': 1, 'learning_rate': 0.09315937111071917}. Best is trial 13 with value: 0.0665210410952568.
LOCAL_RANK: 0 - CUDA_VISIBLE_DEVICES: [0]
[I 2023-12-16 04:24:50,018] Trial 22 finished with value: 0.8273219466209412 and parameters: {'gradient_clip_val': 0.8000764572623504, 'hidden_size': 19, 'dropout': 0.2615290177250057, 'hidden_continuous_size': 6, 'attention_head_size': 1, 'learning_rate': 0.05028602587944067}. Best is trial 13 with value: 0.0665210410952568.
LOCAL_RANK: 0 - CUDA_VISIBLE_DEVICES: [0]
[I 2023-12-16 04:25:38,606] Trial 23 finished with value: 0.11754053831100464 and parameters: {'gradient_clip_val': 0.4678989984225112, 'hidden_size': 23, 'dropout': 0.36529435557332285, 'hidden_continuous_size': 9, 'attention_head_size': 2, 'learning_rate': 0.056144670512251575}. Best is trial 13 with value: 0.0665210410952568.
LOCAL_RANK: 0 - CUDA_VISIBLE_DEVICES: [0]
[I 2023-12-16 04:26:24,402] Trial 24 finished with value: 0.11516871303319931 and parameters: {'gradient_clip_val': 0.4995233235982124, 'hidden_size': 14, 'dropout': 0.3716918477405821, 'hidden_continuous_size': 7, 'attention_head_size': 2, 'learning_rate': 0.05942851703069054}. Best is trial 13 with value: 0.0665210410952568.
LOCAL_RANK: 0 - CUDA_VISIBLE_DEVICES: [0]
[I 2023-12-16 04:27:10,281] Trial 25 finished with value: 0.13887785375118256 and parameters: {'gradient_clip_val': 0.6276947776450437, 'hidden_size': 13, 'dropout': 0.3322816263756587, 'hidden_continuous_size': 7, 'attention_head_size': 2, 'learning_rate': 0.0920987068341201}. Best is trial 13 with value: 0.0665210410952568.
LOCAL_RANK: 0 - CUDA_VISIBLE_DEVICES: [0]
[I 2023-12-16 04:27:56,107] Trial 26 finished with value: 0.44992807507514954 and parameters: {'gradient_clip_val': 0.8494838183382126, 'hidden_size': 14, 'dropout': 0.3854638930338707, 'hidden_continuous_size': 6, 'attention_head_size': 3, 'learning_rate': 0.0344952524223805}. Best is trial 13 with value: 0.0665210410952568.
LOCAL_RANK: 0 - CUDA_VISIBLE_DEVICES: [0]
[I 2023-12-16 04:28:41,684] Trial 27 finished with value: 2.824887275695801 and parameters: {'gradient_clip_val': 0.5438496665824403, 'hidden_size': 10, 'dropout': 0.3632845859341848, 'hidden_continuous_size': 6, 'attention_head_size': 2, 'learning_rate': 0.05786723524642417}. Best is trial 13 with value: 0.0665210410952568.
LOCAL_RANK: 0 - CUDA_VISIBLE_DEVICES: [0]
[I 2023-12-16 04:29:29,030] Trial 28 finished with value: 0.12648527324199677 and parameters: {'gradient_clip_val': 0.7064308857327599, 'hidden_size': 19, 'dropout': 0.3197539068645392, 'hidden_continuous_size': 8, 'attention_head_size': 1, 'learning_rate': 0.06443481234079323}. Best is trial 13 with value: 0.0665210410952568.
LOCAL_RANK: 0 - CUDA_VISIBLE_DEVICES: [0]
[I 2023-12-16 04:30:14,188] Trial 29 finished with value: 0.22201032936573029 and parameters: {'gradient_clip_val': 0.7405366082679743, 'hidden_size': 16, 'dropout': 0.3418212767435112, 'hidden_continuous_size': 7, 'attention_head_size': 3, 'learning_rate': 0.09889317237150369}. Best is trial 13 with value: 0.0665210410952568.
LOCAL_RANK: 0 - CUDA_VISIBLE_DEVICES: [0]
[I 2023-12-16 04:31:03,669] Trial 30 finished with value: 0.17100895941257477 and parameters: {'gradient_clip_val': 0.6150100846809984, 'hidden_size': 41, 'dropout': 0.371106318658758, 'hidden_continuous_size': 5, 'attention_head_size': 2, 'learning_rate': 0.029141372008808716}. Best is trial 13 with value: 0.0665210410952568.
LOCAL_RANK: 0 - CUDA_VISIBLE_DEVICES: [0]
[I 2023-12-16 04:31:52,286] Trial 31 finished with value: 0.21129487454891205 and parameters: {'gradient_clip_val': 0.49812906471283325, 'hidden_size': 22, 'dropout': 0.36341881257969244, 'hidden_continuous_size': 9, 'attention_head_size': 2, 'learning_rate': 0.05285400669722594}. Best is trial 13 with value: 0.0665210410952568.
LOCAL_RANK: 0 - CUDA_VISIBLE_DEVICES: [0]
[I 2023-12-16 04:32:41,430] Trial 32 finished with value: 0.19460797309875488 and parameters: {'gradient_clip_val': 0.4354179227427527, 'hidden_size': 26, 'dropout': 0.3955267300323651, 'hidden_continuous_size': 9, 'attention_head_size': 2, 'learning_rate': 0.07016483520227229}. Best is trial 13 with value: 0.0665210410952568.
LOCAL_RANK: 0 - CUDA_VISIBLE_DEVICES: [0]
[I 2023-12-16 04:33:27,538] Trial 33 finished with value: 0.5881526470184326 and parameters: {'gradient_clip_val': 0.904982388092092, 'hidden_size': 20, 'dropout': 0.3670771856354645, 'hidden_continuous_size': 8, 'attention_head_size': 1, 'learning_rate': 0.04969664926372733}. Best is trial 13 with value: 0.0665210410952568.
LOCAL_RANK: 0 - CUDA_VISIBLE_DEVICES: [0]
[I 2023-12-16 04:34:16,810] Trial 34 finished with value: 0.28802457451820374 and parameters: {'gradient_clip_val': 0.7838121584850788, 'hidden_size': 26, 'dropout': 0.382008158696262, 'hidden_continuous_size': 10, 'attention_head_size': 2, 'learning_rate': 0.06746352115716457}. Best is trial 13 with value: 0.0665210410952568.
LOCAL_RANK: 0 - CUDA_VISIBLE_DEVICES: [0]
[I 2023-12-16 04:35:05,729] Trial 35 finished with value: 0.12314313650131226 and parameters: {'gradient_clip_val': 0.6253691215475832, 'hidden_size': 22, 'dropout': 0.3073937603367146, 'hidden_continuous_size': 9, 'attention_head_size': 3, 'learning_rate': 0.04161810787326711}. Best is trial 13 with value: 0.0665210410952568.
LOCAL_RANK: 0 - CUDA_VISIBLE_DEVICES: [0]
[I 2023-12-16 04:35:51,513] Trial 36 finished with value: 1.054846167564392 and parameters: {'gradient_clip_val': 0.4758148145002797, 'hidden_size': 11, 'dropout': 0.3225203789102285, 'hidden_continuous_size': 7, 'attention_head_size': 2, 'learning_rate': 0.06809565554237092}. Best is trial 13 with value: 0.0665210410952568.
LOCAL_RANK: 0 - CUDA_VISIBLE_DEVICES: [0]
[I 2023-12-16 04:36:37,203] Trial 37 finished with value: 0.8179450035095215 and parameters: {'gradient_clip_val': 0.5544736729177968, 'hidden_size': 15, 'dropout': 0.35109153134329385, 'hidden_continuous_size': 8, 'attention_head_size': 1, 'learning_rate': 0.025031761848999433}. Best is trial 13 with value: 0.0665210410952568.
LOCAL_RANK: 0 - CUDA_VISIBLE_DEVICES: [0]
[I 2023-12-16 04:37:24,623] Trial 38 finished with value: 0.12469959259033203 and parameters: {'gradient_clip_val': 0.7252344796547083, 'hidden_size': 18, 'dropout': 0.30004723053855853, 'hidden_continuous_size': 8, 'attention_head_size': 2, 'learning_rate': 0.03909177978582719}. Best is trial 13 with value: 0.0665210410952568.
LOCAL_RANK: 0 - CUDA_VISIBLE_DEVICES: [0]
[I 2023-12-16 04:38:09,656] Trial 39 finished with value: 0.24968647956848145 and parameters: {'gradient_clip_val': 0.8948766940924545, 'hidden_size': 9, 'dropout': 0.325572016756999, 'hidden_continuous_size': 6, 'attention_head_size': 1, 'learning_rate': 0.07288449945489056}. Best is trial 13 with value: 0.0665210410952568.
LOCAL_RANK: 0 - CUDA_VISIBLE_DEVICES: [0]
[I 2023-12-16 04:38:56,356] Trial 40 finished with value: 0.34847864508628845 and parameters: {'gradient_clip_val': 0.5479952337169247, 'hidden_size': 13, 'dropout': 0.3792490401922888, 'hidden_continuous_size': 7, 'attention_head_size': 4, 'learning_rate': 0.09766653515862973}. Best is trial 13 with value: 0.0665210410952568.
LOCAL_RANK: 0 - CUDA_VISIBLE_DEVICES: [0]
[I 2023-12-16 04:39:45,406] Trial 41 finished with value: 0.4521853029727936 and parameters: {'gradient_clip_val': 0.6069793421532954, 'hidden_size': 22, 'dropout': 0.3132935166376234, 'hidden_continuous_size': 9, 'attention_head_size': 3, 'learning_rate': 0.04379938018178946}. Best is trial 13 with value: 0.0665210410952568.
LOCAL_RANK: 0 - CUDA_VISIBLE_DEVICES: [0]
[I 2023-12-16 04:40:34,756] Trial 42 finished with value: 0.4027828276157379 and parameters: {'gradient_clip_val': 0.6701003135880357, 'hidden_size': 21, 'dropout': 0.30659984557695075, 'hidden_continuous_size': 11, 'attention_head_size': 3, 'learning_rate': 0.052645562000389584}. Best is trial 13 with value: 0.0665210410952568.
LOCAL_RANK: 0 - CUDA_VISIBLE_DEVICES: [0]
[I 2023-12-16 04:41:24,320] Trial 43 finished with value: 0.21121864020824432 and parameters: {'gradient_clip_val': 0.43926425521446505, 'hidden_size': 29, 'dropout': 0.3499095584117468, 'hidden_continuous_size': 13, 'attention_head_size': 3, 'learning_rate': 0.036629221595960784}. Best is trial 13 with value: 0.0665210410952568.
LOCAL_RANK: 0 - CUDA_VISIBLE_DEVICES: [0]
[I 2023-12-16 04:42:10,477] Trial 44 finished with value: 0.1949450969696045 and parameters: {'gradient_clip_val': 0.7407435789490754, 'hidden_size': 16, 'dropout': 0.28310305144088416, 'hidden_continuous_size': 9, 'attention_head_size': 3, 'learning_rate': 0.07670868168840193}. Best is trial 13 with value: 0.0665210410952568.
LOCAL_RANK: 0 - CUDA_VISIBLE_DEVICES: [0]
[I 2023-12-16 04:43:02,264] Trial 45 finished with value: 0.1330242156982422 and parameters: {'gradient_clip_val': 0.8722737996502001, 'hidden_size': 38, 'dropout': 0.3734164055704825, 'hidden_continuous_size': 12, 'attention_head_size': 4, 'learning_rate': 0.05793454353765264}. Best is trial 13 with value: 0.0665210410952568.
LOCAL_RANK: 0 - CUDA_VISIBLE_DEVICES: [0]
[I 2023-12-16 04:43:51,373] Trial 46 finished with value: 0.5397123694419861 and parameters: {'gradient_clip_val': 0.6377421222280746, 'hidden_size': 26, 'dropout': 0.3074337029859022, 'hidden_continuous_size': 10, 'attention_head_size': 2, 'learning_rate': 0.08026489110380443}. Best is trial 13 with value: 0.0665210410952568.
LOCAL_RANK: 0 - CUDA_VISIBLE_DEVICES: [0]
[I 2023-12-16 04:44:38,761] Trial 47 finished with value: 0.2797168791294098 and parameters: {'gradient_clip_val': 0.5686623822051626, 'hidden_size': 18, 'dropout': 0.33458770552715217, 'hidden_continuous_size': 8, 'attention_head_size': 3, 'learning_rate': 0.0436857882088429}. Best is trial 13 with value: 0.0665210410952568.
LOCAL_RANK: 0 - CUDA_VISIBLE_DEVICES: [0]
[I 2023-12-16 04:45:27,263] Trial 48 finished with value: 0.7542182803153992 and parameters: {'gradient_clip_val': 0.5106360254038754, 'hidden_size': 23, 'dropout': 0.3946072818563663, 'hidden_continuous_size': 9, 'attention_head_size': 1, 'learning_rate': 0.020479119471631897}. Best is trial 13 with value: 0.0665210410952568.
LOCAL_RANK: 0 - CUDA_VISIBLE_DEVICES: [0]
[I 2023-12-16 04:46:13,781] Trial 49 finished with value: 0.2441961020231247 and parameters: {'gradient_clip_val': 0.33959386133190256, 'hidden_size': 14, 'dropout': 0.3460641536914692, 'hidden_continuous_size': 9, 'attention_head_size': 3, 'learning_rate': 0.0798914658672323}. Best is trial 13 with value: 0.0665210410952568.
[I 2023-12-16 04:46:13,875] A new study created in memory with name: no-name-9148e9fe-537e-4fd6-9d2f-254b9e230bb5
/home/le004/conda/anaconda3/envs/tsff_env/lib/python3.9/site-packages/lightning/fabric/plugins/environments/slurm.py:191: The `srun` command is available on your system but is not used. HINT: If your intention is to run Lightning on SLURM, prepend your python command with `srun` like so: srun python /home/le004/master_thesis/git/TSFusionForecast/code/ ...
LOCAL_RANK: 0 - CUDA_VISIBLE_DEVICES: [0]
[I 2023-12-16 04:47:01,574] Trial 0 finished with value: 0.3200584650039673 and parameters: {'gradient_clip_val': 0.5497600955768378, 'hidden_size': 17, 'dropout': 0.1578412385305682, 'hidden_continuous_size': 12, 'attention_head_size': 1, 'learning_rate': 0.005787205923805244}. Best is trial 0 with value: 0.3200584650039673.
LOCAL_RANK: 0 - CUDA_VISIBLE_DEVICES: [0]
[I 2023-12-16 04:47:53,917] Trial 1 finished with value: 1.4854933023452759 and parameters: {'gradient_clip_val': 0.8576605566019466, 'hidden_size': 43, 'dropout': 0.2675849508554297, 'hidden_continuous_size': 11, 'attention_head_size': 2, 'learning_rate': 0.0007105134691672919}. Best is trial 0 with value: 0.3200584650039673.
LOCAL_RANK: 0 - CUDA_VISIBLE_DEVICES: [0]
[I 2023-12-16 04:48:38,934] Trial 2 finished with value: 0.10071873664855957 and parameters: {'gradient_clip_val': 0.3455314808550768, 'hidden_size': 16, 'dropout': 0.3593358208546732, 'hidden_continuous_size': 12, 'attention_head_size': 1, 'learning_rate': 0.012004758029098946}. Best is trial 2 with value: 0.10071873664855957.
LOCAL_RANK: 0 - CUDA_VISIBLE_DEVICES: [0]
[I 2023-12-16 04:49:15,275] Trial 3 finished with value: 0.06576505303382874 and parameters: {'gradient_clip_val': 0.4746684767749231, 'hidden_size': 6, 'dropout': 0.2864888669945388, 'hidden_continuous_size': 6, 'attention_head_size': 2, 'learning_rate': 0.04254563677950774}. Best is trial 3 with value: 0.06576505303382874.
LOCAL_RANK: 0 - CUDA_VISIBLE_DEVICES: [0]
[I 2023-12-16 04:49:51,567] Trial 4 finished with value: 0.3095543682575226 and parameters: {'gradient_clip_val': 0.8090842773148678, 'hidden_size': 28, 'dropout': 0.15882683583580443, 'hidden_continuous_size': 28, 'attention_head_size': 2, 'learning_rate': 0.004244323460935997}. Best is trial 3 with value: 0.06576505303382874.
LOCAL_RANK: 0 - CUDA_VISIBLE_DEVICES: [0]
[I 2023-12-16 04:50:46,009] Trial 5 finished with value: 0.09486496448516846 and parameters: {'gradient_clip_val': 0.4916973378153373, 'hidden_size': 90, 'dropout': 0.25059509801166924, 'hidden_continuous_size': 23, 'attention_head_size': 2, 'learning_rate': 0.0654461311619334}. Best is trial 3 with value: 0.06576505303382874.
LOCAL_RANK: 0 - CUDA_VISIBLE_DEVICES: [0]
[I 2023-12-16 04:51:40,466] Trial 6 finished with value: 0.9194304347038269 and parameters: {'gradient_clip_val': 0.23583385991017525, 'hidden_size': 87, 'dropout': 0.16056336668974913, 'hidden_continuous_size': 17, 'attention_head_size': 3, 'learning_rate': 0.008713053703157652}. Best is trial 3 with value: 0.06576505303382874.
LOCAL_RANK: 0 - CUDA_VISIBLE_DEVICES: [0]
[I 2023-12-16 04:52:32,745] Trial 7 finished with value: 0.06443050503730774 and parameters: {'gradient_clip_val': 0.2990846805909272, 'hidden_size': 35, 'dropout': 0.23498298284908944, 'hidden_continuous_size': 31, 'attention_head_size': 2, 'learning_rate': 0.003143916224495978}. Best is trial 7 with value: 0.06443050503730774.
LOCAL_RANK: 0 - CUDA_VISIBLE_DEVICES: [0]
[I 2023-12-16 04:53:22,727] Trial 8 finished with value: 0.8566961288452148 and parameters: {'gradient_clip_val': 0.30206989046270877, 'hidden_size': 23, 'dropout': 0.24545159430199365, 'hidden_continuous_size': 18, 'attention_head_size': 2, 'learning_rate': 0.02540025102660486}. Best is trial 7 with value: 0.06443050503730774.
LOCAL_RANK: 0 - CUDA_VISIBLE_DEVICES: [0]
