[I 2023-12-26 16:56:37,460] Trial 31 finished with value: 776.7514038085938 and parameters: {'gradient_clip_val': 0.2387868079806924, 'hidden_size': 7, 'dropout': 0.435401907488112, 'hidden_continuous_size': 5, 'attention_head_size': 2, 'learning_rate': 0.007689477181954574}. Best is trial 0 with value: 275.2533264160156.
[I 2023-12-26 16:56:39,407] Trial 32 finished with value: 666.0032348632812 and parameters: {'gradient_clip_val': 0.2171192180152437, 'hidden_size': 8, 'dropout': 0.4250249724737717, 'hidden_continuous_size': 5, 'attention_head_size': 2, 'learning_rate': 0.010317562724411143}. Best is trial 0 with value: 275.2533264160156.
[I 2023-12-26 16:56:41,324] Trial 33 finished with value: 568.6531982421875 and parameters: {'gradient_clip_val': 0.1692500211452093, 'hidden_size': 6, 'dropout': 0.44659675267399035, 'hidden_continuous_size': 5, 'attention_head_size': 1, 'learning_rate': 0.007282847690779117}. Best is trial 0 with value: 275.2533264160156.
[I 2023-12-26 16:56:43,335] Trial 34 finished with value: 616.9216918945312 and parameters: {'gradient_clip_val': 0.1616438841899872, 'hidden_size': 5, 'dropout': 0.477656023210112, 'hidden_continuous_size': 5, 'attention_head_size': 1, 'learning_rate': 0.019603768090496326}. Best is trial 0 with value: 275.2533264160156.
[I 2023-12-26 16:56:45,372] Trial 35 finished with value: 603.5651245117188 and parameters: {'gradient_clip_val': 0.1699921973993191, 'hidden_size': 6, 'dropout': 0.386149739109546, 'hidden_continuous_size': 5, 'attention_head_size': 1, 'learning_rate': 0.004964106798323093}. Best is trial 0 with value: 275.2533264160156.
[I 2023-12-26 16:56:47,566] Trial 36 finished with value: 698.1076049804688 and parameters: {'gradient_clip_val': 0.1437991679944139, 'hidden_size': 14, 'dropout': 0.4514557995169037, 'hidden_continuous_size': 6, 'attention_head_size': 1, 'learning_rate': 0.01053854223144304}. Best is trial 0 with value: 275.2533264160156.
[I 2023-12-26 16:56:49,719] Trial 37 finished with value: 733.843994140625 and parameters: {'gradient_clip_val': 0.201438710681243, 'hidden_size': 20, 'dropout': 0.47214040652726447, 'hidden_continuous_size': 8, 'attention_head_size': 1, 'learning_rate': 0.05851748678430355}. Best is trial 0 with value: 275.2533264160156.
[I 2023-12-26 16:56:51,812] Trial 38 finished with value: 714.943359375 and parameters: {'gradient_clip_val': 0.2681430648514092, 'hidden_size': 12, 'dropout': 0.4016669203295255, 'hidden_continuous_size': 6, 'attention_head_size': 4, 'learning_rate': 0.039992492225295155}. Best is trial 0 with value: 275.2533264160156.
[I 2023-12-26 16:56:53,745] Trial 39 finished with value: 822.7416381835938 and parameters: {'gradient_clip_val': 0.6985220624177932, 'hidden_size': 6, 'dropout': 0.48701412730354127, 'hidden_continuous_size': 5, 'attention_head_size': 1, 'learning_rate': 0.014489267625570599}. Best is trial 0 with value: 275.2533264160156.
[I 2023-12-26 16:56:55,855] Trial 40 finished with value: 637.1464233398438 and parameters: {'gradient_clip_val': 0.40565423020276353, 'hidden_size': 11, 'dropout': 0.3207585837838349, 'hidden_continuous_size': 6, 'attention_head_size': 3, 'learning_rate': 0.003575017097795376}. Best is trial 0 with value: 275.2533264160156.
[I 2023-12-26 16:56:57,833] Trial 41 finished with value: 552.3516845703125 and parameters: {'gradient_clip_val': 0.23937760619387918, 'hidden_size': 8, 'dropout': 0.44559363040186095, 'hidden_continuous_size': 5, 'attention_head_size': 2, 'learning_rate': 0.01024880415136287}. Best is trial 0 with value: 275.2533264160156.
[I 2023-12-26 16:57:00,002] Trial 42 finished with value: 762.6401977539062 and parameters: {'gradient_clip_val': 0.18364826650790828, 'hidden_size': 7, 'dropout': 0.4513505259737202, 'hidden_continuous_size': 5, 'attention_head_size': 2, 'learning_rate': 0.00937183860393656}. Best is trial 0 with value: 275.2533264160156.
[I 2023-12-26 16:57:02,066] Trial 43 finished with value: 562.2120971679688 and parameters: {'gradient_clip_val': 0.26001421310882994, 'hidden_size': 5, 'dropout': 0.478064580230468, 'hidden_continuous_size': 5, 'attention_head_size': 2, 'learning_rate': 0.006706948380832345}. Best is trial 0 with value: 275.2533264160156.
[I 2023-12-26 16:57:03,945] Trial 44 finished with value: 728.1957397460938 and parameters: {'gradient_clip_val': 0.28162484223087025, 'hidden_size': 5, 'dropout': 0.4817880785790185, 'hidden_continuous_size': 5, 'attention_head_size': 2, 'learning_rate': 0.025200738891529954}. Best is trial 0 with value: 275.2533264160156.
[I 2023-12-26 16:57:06,072] Trial 45 finished with value: 726.8762817382812 and parameters: {'gradient_clip_val': 0.33097494232208513, 'hidden_size': 14, 'dropout': 0.49580589074856934, 'hidden_continuous_size': 7, 'attention_head_size': 2, 'learning_rate': 0.012897851198984234}. Best is trial 0 with value: 275.2533264160156.
[I 2023-12-26 16:57:08,566] Trial 46 finished with value: 858.46240234375 and parameters: {'gradient_clip_val': 0.3630710667207258, 'hidden_size': 22, 'dropout': 0.474963196353445, 'hidden_continuous_size': 9, 'attention_head_size': 2, 'learning_rate': 0.06567532010325533}. Best is trial 0 with value: 275.2533264160156.
[I 2023-12-26 16:57:10,343] Trial 47 finished with value: 623.093994140625 and parameters: {'gradient_clip_val': 0.24376502754545254, 'hidden_size': 5, 'dropout': 0.3712428354253422, 'hidden_continuous_size': 5, 'attention_head_size': 2, 'learning_rate': 0.016907698868091115}. Best is trial 0 with value: 275.2533264160156.
[I 2023-12-26 16:57:12,346] Trial 48 finished with value: 692.2810668945312 and parameters: {'gradient_clip_val': 0.2556659351499456, 'hidden_size': 9, 'dropout': 0.42603595762315594, 'hidden_continuous_size': 6, 'attention_head_size': 2, 'learning_rate': 0.005898587516676269}. Best is trial 0 with value: 275.2533264160156.
[I 2023-12-26 16:57:14,543] Trial 49 finished with value: 850.6603393554688 and parameters: {'gradient_clip_val': 0.8324792847722888, 'hidden_size': 19, 'dropout': 0.33560516912535365, 'hidden_continuous_size': 8, 'attention_head_size': 3, 'learning_rate': 0.0019552711181550233}. Best is trial 0 with value: 275.2533264160156.
[I 2023-12-26 16:57:14,666] A new study created in memory with name: no-name-ef42b2a0-a84d-4a60-bd04-6aeb23210ca5
/home/le004/conda/anaconda3/envs/tsff_env/lib/python3.9/site-packages/lightning/fabric/plugins/environments/slurm.py:191: The `srun` command is available on your system but is not used. HINT: If your intention is to run Lightning on SLURM, prepend your python command with `srun` like so: srun python /home/le004/master_thesis/git/TSFusionForecast/code/ ...
[I 2023-12-26 16:59:10,642] Trial 0 finished with value: 357.6082458496094 and parameters: {'gradient_clip_val': 0.6070563374604521, 'hidden_size': 17, 'dropout': 0.36197106485339237, 'hidden_continuous_size': 6, 'attention_head_size': 4, 'learning_rate': 0.041674810392488354}. Best is trial 0 with value: 357.6082458496094.
[I 2023-12-26 16:59:14,443] Trial 1 finished with value: 988.9717407226562 and parameters: {'gradient_clip_val': 0.8258257027610225, 'hidden_size': 58, 'dropout': 0.44051929494689235, 'hidden_continuous_size': 6, 'attention_head_size': 4, 'learning_rate': 0.050329571102682935}. Best is trial 0 with value: 357.6082458496094.
[I 2023-12-26 16:59:16,239] Trial 2 finished with value: 990.5588989257812 and parameters: {'gradient_clip_val': 0.11183977173437702, 'hidden_size': 5, 'dropout': 0.45250541499253216, 'hidden_continuous_size': 5, 'attention_head_size': 3, 'learning_rate': 0.007153824825054945}. Best is trial 0 with value: 357.6082458496094.
[I 2023-12-26 16:59:18,318] Trial 3 finished with value: 1131.1202392578125 and parameters: {'gradient_clip_val': 0.4514943549553106, 'hidden_size': 13, 'dropout': 0.37901543897603107, 'hidden_continuous_size': 6, 'attention_head_size': 2, 'learning_rate': 0.004157762325281388}. Best is trial 0 with value: 357.6082458496094.
[I 2023-12-26 16:59:20,550] Trial 4 finished with value: 1026.2713623046875 and parameters: {'gradient_clip_val': 0.11253109206613171, 'hidden_size': 21, 'dropout': 0.17479887627502405, 'hidden_continuous_size': 7, 'attention_head_size': 2, 'learning_rate': 0.05240138908484321}. Best is trial 0 with value: 357.6082458496094.
[I 2023-12-26 16:59:22,661] Trial 5 finished with value: 1114.4154052734375 and parameters: {'gradient_clip_val': 0.8871635928787901, 'hidden_size': 11, 'dropout': 0.42716706745280897, 'hidden_continuous_size': 5, 'attention_head_size': 2, 'learning_rate': 0.003082163568791271}. Best is trial 0 with value: 357.6082458496094.
[I 2023-12-26 16:59:28,845] Trial 6 finished with value: 1267.9486083984375 and parameters: {'gradient_clip_val': 0.657419079163357, 'hidden_size': 85, 'dropout': 0.24745485348113744, 'hidden_continuous_size': 25, 'attention_head_size': 2, 'learning_rate': 0.001704726018652138}. Best is trial 0 with value: 357.6082458496094.
[I 2023-12-26 16:59:30,769] Trial 7 finished with value: 1195.4373779296875 and parameters: {'gradient_clip_val': 0.5572413531888076, 'hidden_size': 6, 'dropout': 0.16566296316832313, 'hidden_continuous_size': 6, 'attention_head_size': 3, 'learning_rate': 0.06432540096111397}. Best is trial 0 with value: 357.6082458496094.
[I 2023-12-26 16:59:33,679] Trial 8 finished with value: 1103.2974853515625 and parameters: {'gradient_clip_val': 0.111564019106501, 'hidden_size': 24, 'dropout': 0.21319918014575157, 'hidden_continuous_size': 15, 'attention_head_size': 4, 'learning_rate': 0.08151335441253321}. Best is trial 0 with value: 357.6082458496094.
[I 2023-12-26 16:59:39,018] Trial 9 finished with value: 1127.92822265625 and parameters: {'gradient_clip_val': 0.1557340589946879, 'hidden_size': 80, 'dropout': 0.14511355891045566, 'hidden_continuous_size': 32, 'attention_head_size': 4, 'learning_rate': 0.005240627242054948}. Best is trial 0 with value: 357.6082458496094.
[I 2023-12-26 16:59:42,751] Trial 10 finished with value: 1008.4833984375 and parameters: {'gradient_clip_val': 0.3302122019236271, 'hidden_size': 40, 'dropout': 0.3274852025078506, 'hidden_continuous_size': 10, 'attention_head_size': 1, 'learning_rate': 0.0005362927117344772}. Best is trial 0 with value: 357.6082458496094.
[I 2023-12-26 16:59:54,854] Trial 11 finished with value: 1192.252685546875 and parameters: {'gradient_clip_val': 0.9856958424415626, 'hidden_size': 148, 'dropout': 0.47215996161657464, 'hidden_continuous_size': 79, 'attention_head_size': 4, 'learning_rate': 0.025692259139562666}. Best is trial 0 with value: 357.6082458496094.
[I 2023-12-26 16:59:57,674] Trial 12 finished with value: 1190.119140625 and parameters: {'gradient_clip_val': 0.6891562550919154, 'hidden_size': 43, 'dropout': 0.4998254170860305, 'hidden_continuous_size': 8, 'attention_head_size': 4, 'learning_rate': 0.01953120190272556}. Best is trial 0 with value: 357.6082458496094.
[I 2023-12-26 17:00:00,647] Trial 13 finished with value: 1162.1070556640625 and parameters: {'gradient_clip_val': 0.44063923130052296, 'hidden_size': 39, 'dropout': 0.37224281218104066, 'hidden_continuous_size': 9, 'attention_head_size': 3, 'learning_rate': 0.024579094684938907}. Best is trial 0 with value: 357.6082458496094.
[I 2023-12-26 17:00:02,818] Trial 14 finished with value: 1437.7958984375 and parameters: {'gradient_clip_val': 0.9992055864508158, 'hidden_size': 14, 'dropout': 0.2924924742206286, 'hidden_continuous_size': 5, 'attention_head_size': 4, 'learning_rate': 0.04298086942296295}. Best is trial 0 with value: 357.6082458496094.
[I 2023-12-26 17:00:05,320] Trial 15 finished with value: 1202.5458984375 and parameters: {'gradient_clip_val': 0.7127774263196212, 'hidden_size': 30, 'dropout': 0.41027680952938345, 'hidden_continuous_size': 7, 'attention_head_size': 3, 'learning_rate': 0.013324395278221707}. Best is trial 0 with value: 357.6082458496094.
[I 2023-12-26 17:00:08,802] Trial 16 finished with value: 1193.3095703125 and parameters: {'gradient_clip_val': 0.529595775500801, 'hidden_size': 58, 'dropout': 0.34092256492815315, 'hidden_continuous_size': 11, 'attention_head_size': 1, 'learning_rate': 0.09338332104036577}. Best is trial 0 with value: 357.6082458496094.
[I 2023-12-26 17:00:11,011] Trial 17 finished with value: 1154.777587890625 and parameters: {'gradient_clip_val': 0.35355407175420406, 'hidden_size': 20, 'dropout': 0.4063453371279124, 'hidden_continuous_size': 6, 'attention_head_size': 4, 'learning_rate': 0.036447811377910054}. Best is trial 0 with value: 357.6082458496094.
[I 2023-12-26 17:00:13,040] Trial 18 finished with value: 942.8876953125 and parameters: {'gradient_clip_val': 0.24002055973703065, 'hidden_size': 9, 'dropout': 0.44895426787679793, 'hidden_continuous_size': 5, 'attention_head_size': 3, 'learning_rate': 0.014024707130976278}. Best is trial 0 with value: 357.6082458496094.
[I 2023-12-26 17:00:15,052] Trial 19 finished with value: 837.12255859375 and parameters: {'gradient_clip_val': 0.22739165770178896, 'hidden_size': 9, 'dropout': 0.4928881205530149, 'hidden_continuous_size': 5, 'attention_head_size': 3, 'learning_rate': 0.01090673534188746}. Best is trial 0 with value: 357.6082458496094.
[I 2023-12-26 17:00:16,953] Trial 20 finished with value: 937.4506225585938 and parameters: {'gradient_clip_val': 0.24821853919487324, 'hidden_size': 8, 'dropout': 0.49807298512967824, 'hidden_continuous_size': 5, 'attention_head_size': 3, 'learning_rate': 0.010262695779509728}. Best is trial 0 with value: 357.6082458496094.
[I 2023-12-26 17:00:18,856] Trial 21 finished with value: 993.3547973632812 and parameters: {'gradient_clip_val': 0.24167322975637864, 'hidden_size': 8, 'dropout': 0.49994753886520016, 'hidden_continuous_size': 5, 'attention_head_size': 3, 'learning_rate': 0.012624286941064686}. Best is trial 0 with value: 357.6082458496094.
[I 2023-12-26 17:00:20,879] Trial 22 finished with value: 1218.1387939453125 and parameters: {'gradient_clip_val': 0.24243107516412388, 'hidden_size': 7, 'dropout': 0.46709525561748355, 'hidden_continuous_size': 5, 'attention_head_size': 3, 'learning_rate': 0.008741692632984292}. Best is trial 0 with value: 357.6082458496094.
[I 2023-12-26 17:00:23,141] Trial 23 finished with value: 847.976806640625 and parameters: {'gradient_clip_val': 0.19140308897302635, 'hidden_size': 15, 'dropout': 0.10157381683119615, 'hidden_continuous_size': 5, 'attention_head_size': 3, 'learning_rate': 0.03331562193989079}. Best is trial 0 with value: 357.6082458496094.
[I 2023-12-26 17:00:25,318] Trial 24 finished with value: 997.2459106445312 and parameters: {'gradient_clip_val': 0.202055647870828, 'hidden_size': 15, 'dropout': 0.2720597415532514, 'hidden_continuous_size': 6, 'attention_head_size': 2, 'learning_rate': 0.029258724247991516}. Best is trial 0 with value: 357.6082458496094.
[I 2023-12-26 17:00:27,783] Trial 25 finished with value: 1281.0579833984375 and parameters: {'gradient_clip_val': 0.31088480188322565, 'hidden_size': 18, 'dropout': 0.11597849374975937, 'hidden_continuous_size': 6, 'attention_head_size': 3, 'learning_rate': 0.020070864863316402}. Best is trial 0 with value: 357.6082458496094.
[I 2023-12-26 17:00:29,895] Trial 26 finished with value: 852.4509887695312 and parameters: {'gradient_clip_val': 0.1680226537283259, 'hidden_size': 11, 'dropout': 0.10585836648258866, 'hidden_continuous_size': 5, 'attention_head_size': 4, 'learning_rate': 0.03519325991105299}. Best is trial 0 with value: 357.6082458496094.
[I 2023-12-26 17:00:32,033] Trial 27 finished with value: 858.65625 and parameters: {'gradient_clip_val': 0.17001093305724846, 'hidden_size': 17, 'dropout': 0.3174888686494523, 'hidden_continuous_size': 7, 'attention_head_size': 3, 'learning_rate': 0.018201522684463695}. Best is trial 0 with value: 357.6082458496094.
[I 2023-12-26 17:00:34,095] Trial 28 finished with value: 1110.56640625 and parameters: {'gradient_clip_val': 0.2990537495102657, 'hidden_size': 12, 'dropout': 0.3567721665606127, 'hidden_continuous_size': 5, 'attention_head_size': 2, 'learning_rate': 0.0643675266375941}. Best is trial 0 with value: 357.6082458496094.
[I 2023-12-26 17:00:36,139] Trial 29 finished with value: 1249.8389892578125 and parameters: {'gradient_clip_val': 0.38180120915698135, 'hidden_size': 9, 'dropout': 0.2968542764772893, 'hidden_continuous_size': 5, 'attention_head_size': 4, 'learning_rate': 0.035352799322681615}. Best is trial 0 with value: 357.6082458496094.
[I 2023-12-26 17:00:38,172] Trial 30 finished with value: 837.79296875 and parameters: {'gradient_clip_val': 0.2815862287145406, 'hidden_size': 16, 'dropout': 0.39079729953042325, 'hidden_continuous_size': 6, 'attention_head_size': 4, 'learning_rate': 0.0513695243815173}. Best is trial 0 with value: 357.6082458496094.
[I 2023-12-26 17:00:40,443] Trial 31 finished with value: 1372.1884765625 and parameters: {'gradient_clip_val': 0.2859162507135334, 'hidden_size': 15, 'dropout': 0.40010089140983685, 'hidden_continuous_size': 6, 'attention_head_size': 4, 'learning_rate': 0.05064436774597575}. Best is trial 0 with value: 357.6082458496094.
[I 2023-12-26 17:00:42,907] Trial 32 finished with value: 846.65869140625 and parameters: {'gradient_clip_val': 0.20573425368867485, 'hidden_size': 26, 'dropout': 0.43310362714075906, 'hidden_continuous_size': 7, 'attention_head_size': 4, 'learning_rate': 0.09360560223873579}. Best is trial 0 with value: 357.6082458496094.
[I 2023-12-26 17:00:45,332] Trial 33 finished with value: 1250.3428955078125 and parameters: {'gradient_clip_val': 0.2731321861004985, 'hidden_size': 28, 'dropout': 0.4333199933764778, 'hidden_continuous_size': 8, 'attention_head_size': 4, 'learning_rate': 0.08540684430432964}. Best is trial 0 with value: 357.6082458496094.
[I 2023-12-26 17:00:47,610] Trial 34 finished with value: 1313.74658203125 and parameters: {'gradient_clip_val': 0.38226597341995816, 'hidden_size': 22, 'dropout': 0.3852967251286424, 'hidden_continuous_size': 7, 'attention_head_size': 4, 'learning_rate': 0.06079092793214371}. Best is trial 0 with value: 357.6082458496094.
[I 2023-12-26 17:00:49,773] Trial 35 finished with value: 1051.4266357421875 and parameters: {'gradient_clip_val': 0.19950214131145913, 'hidden_size': 18, 'dropout': 0.4288873361863347, 'hidden_continuous_size': 6, 'attention_head_size': 4, 'learning_rate': 0.04916097748883634}. Best is trial 0 with value: 357.6082458496094.
[I 2023-12-26 17:00:51,891] Trial 36 finished with value: 1044.015869140625 and parameters: {'gradient_clip_val': 0.14539690274122913, 'hidden_size': 11, 'dropout': 0.36479370690556606, 'hidden_continuous_size': 6, 'attention_head_size': 4, 'learning_rate': 0.09015091331292902}. Best is trial 0 with value: 357.6082458496094.
[I 2023-12-26 17:00:54,541] Trial 37 finished with value: 974.19580078125 and parameters: {'gradient_clip_val': 0.20959440543018923, 'hidden_size': 25, 'dropout': 0.3884651639234059, 'hidden_continuous_size': 7, 'attention_head_size': 4, 'learning_rate': 0.047084365855751376}. Best is trial 0 with value: 357.6082458496094.
[I 2023-12-26 17:00:56,357] Trial 38 finished with value: 938.398193359375 and parameters: {'gradient_clip_val': 0.27126936333412105, 'hidden_size': 5, 'dropout': 0.4138724405071389, 'hidden_continuous_size': 5, 'attention_head_size': 4, 'learning_rate': 0.06777219336868835}. Best is trial 0 with value: 357.6082458496094.
[I 2023-12-26 17:00:58,495] Trial 39 finished with value: 749.702880859375 and parameters: {'gradient_clip_val': 0.328542953850383, 'hidden_size': 13, 'dropout': 0.45727458179359504, 'hidden_continuous_size': 6, 'attention_head_size': 2, 'learning_rate': 0.09626614652056305}. Best is trial 0 with value: 357.6082458496094.
[I 2023-12-26 17:01:00,599] Trial 40 finished with value: 1321.95361328125 and parameters: {'gradient_clip_val': 0.4369892141325121, 'hidden_size': 12, 'dropout': 0.45847499150037224, 'hidden_continuous_size': 6, 'attention_head_size': 2, 'learning_rate': 0.06758828198967258}. Best is trial 0 with value: 357.6082458496094.
[I 2023-12-26 17:01:02,827] Trial 41 finished with value: 1104.6436767578125 and parameters: {'gradient_clip_val': 0.3305145430742513, 'hidden_size': 20, 'dropout': 0.4469826818422989, 'hidden_continuous_size': 7, 'attention_head_size': 2, 'learning_rate': 0.09391622510383903}. Best is trial 0 with value: 357.6082458496094.
[I 2023-12-26 17:01:04,920] Trial 42 finished with value: 1288.7869873046875 and parameters: {'gradient_clip_val': 0.5247741507034305, 'hidden_size': 13, 'dropout': 0.4256105096399001, 'hidden_continuous_size': 6, 'attention_head_size': 1, 'learning_rate': 0.09839509100301543}. Best is trial 0 with value: 357.6082458496094.
[I 2023-12-26 17:01:06,843] Trial 43 finished with value: 1143.61376953125 and parameters: {'gradient_clip_val': 0.8043236501806867, 'hidden_size': 16, 'dropout': 0.46827687412230234, 'hidden_continuous_size': 6, 'attention_head_size': 2, 'learning_rate': 0.0564774875603211}. Best is trial 0 with value: 357.6082458496094.
[I 2023-12-26 17:01:08,869] Trial 44 finished with value: 1046.4931640625 and parameters: {'gradient_clip_val': 0.5936175989192708, 'hidden_size': 10, 'dropout': 0.39622867104642495, 'hidden_continuous_size': 6, 'attention_head_size': 2, 'learning_rate': 0.04301971672387651}. Best is trial 0 with value: 357.6082458496094.
[I 2023-12-26 17:01:10,992] Trial 45 finished with value: 1132.3443603515625 and parameters: {'gradient_clip_val': 0.2215429314552114, 'hidden_size': 13, 'dropout': 0.4808869036982714, 'hidden_continuous_size': 7, 'attention_head_size': 4, 'learning_rate': 0.07157170152847356}. Best is trial 0 with value: 357.6082458496094.
[I 2023-12-26 17:01:13,310] Trial 46 finished with value: 1029.417724609375 and parameters: {'gradient_clip_val': 0.27061553369687924, 'hidden_size': 23, 'dropout': 0.4458947167305566, 'hidden_continuous_size': 8, 'attention_head_size': 3, 'learning_rate': 0.07859677096357479}. Best is trial 0 with value: 357.6082458496094.
