[I 2023-12-27 11:19:55,244] Trial 35 finished with value: 36.665828704833984 and parameters: {'gradient_clip_val': 0.6848077662149074, 'hidden_size': 30, 'dropout': 0.3538527931006197, 'hidden_continuous_size': 14, 'attention_head_size': 3, 'learning_rate': 0.003916639375852938}. Best is trial 0 with value: 9.118518829345703.
LOCAL_RANK: 0 - CUDA_VISIBLE_DEVICES: [0]
[I 2023-12-27 11:19:55,749] Trial 36 finished with value: 38.57731628417969 and parameters: {'gradient_clip_val': 0.5115077704764556, 'hidden_size': 47, 'dropout': 0.24761031864661753, 'hidden_continuous_size': 8, 'attention_head_size': 4, 'learning_rate': 0.009922763477200945}. Best is trial 0 with value: 9.118518829345703.
LOCAL_RANK: 0 - CUDA_VISIBLE_DEVICES: [0]
[I 2023-12-27 11:19:56,198] Trial 37 finished with value: 40.50215148925781 and parameters: {'gradient_clip_val': 0.5993220971942832, 'hidden_size': 35, 'dropout': 0.3078199265014888, 'hidden_continuous_size': 12, 'attention_head_size': 1, 'learning_rate': 0.0007282096119979444}. Best is trial 0 with value: 9.118518829345703.
LOCAL_RANK: 0 - CUDA_VISIBLE_DEVICES: [0]
[I 2023-12-27 11:19:56,692] Trial 38 finished with value: 30.811996459960938 and parameters: {'gradient_clip_val': 0.7393467135574314, 'hidden_size': 57, 'dropout': 0.34851883014822105, 'hidden_continuous_size': 7, 'attention_head_size': 2, 'learning_rate': 0.005002231160570649}. Best is trial 0 with value: 9.118518829345703.
LOCAL_RANK: 0 - CUDA_VISIBLE_DEVICES: [0]
[I 2023-12-27 11:19:57,195] Trial 39 finished with value: 36.02192687988281 and parameters: {'gradient_clip_val': 0.8531471478418038, 'hidden_size': 46, 'dropout': 0.40090354251742655, 'hidden_continuous_size': 20, 'attention_head_size': 3, 'learning_rate': 0.001704047789191266}. Best is trial 0 with value: 9.118518829345703.
LOCAL_RANK: 0 - CUDA_VISIBLE_DEVICES: [0]
[I 2023-12-27 11:19:57,717] Trial 40 finished with value: 47.0932731628418 and parameters: {'gradient_clip_val': 0.24857913192956946, 'hidden_size': 115, 'dropout': 0.2399674999521464, 'hidden_continuous_size': 25, 'attention_head_size': 3, 'learning_rate': 0.0010529084890901345}. Best is trial 0 with value: 9.118518829345703.
LOCAL_RANK: 0 - CUDA_VISIBLE_DEVICES: [0]
[I 2023-12-27 11:19:58,201] Trial 41 finished with value: 36.417236328125 and parameters: {'gradient_clip_val': 0.7037151756876143, 'hidden_size': 14, 'dropout': 0.4930509454192382, 'hidden_continuous_size': 5, 'attention_head_size': 4, 'learning_rate': 0.0019227221518740884}. Best is trial 0 with value: 9.118518829345703.
LOCAL_RANK: 0 - CUDA_VISIBLE_DEVICES: [0]
[I 2023-12-27 11:19:58,692] Trial 42 finished with value: 32.043060302734375 and parameters: {'gradient_clip_val': 0.9502262348008442, 'hidden_size': 31, 'dropout': 0.4986960450407899, 'hidden_continuous_size': 5, 'attention_head_size': 4, 'learning_rate': 0.002290776992922609}. Best is trial 0 with value: 9.118518829345703.
LOCAL_RANK: 0 - CUDA_VISIBLE_DEVICES: [0]
[I 2023-12-27 11:19:59,192] Trial 43 finished with value: 19.83159828186035 and parameters: {'gradient_clip_val': 0.9896952238135702, 'hidden_size': 39, 'dropout': 0.47331180437055986, 'hidden_continuous_size': 6, 'attention_head_size': 4, 'learning_rate': 0.0030817725929453282}. Best is trial 0 with value: 9.118518829345703.
LOCAL_RANK: 0 - CUDA_VISIBLE_DEVICES: [0]
[I 2023-12-27 11:19:59,657] Trial 44 finished with value: 36.297122955322266 and parameters: {'gradient_clip_val': 0.8713305283211782, 'hidden_size': 39, 'dropout': 0.46040896002506715, 'hidden_continuous_size': 6, 'attention_head_size': 4, 'learning_rate': 0.0032938349622777924}. Best is trial 0 with value: 9.118518829345703.
LOCAL_RANK: 0 - CUDA_VISIBLE_DEVICES: [0]
[I 2023-12-27 11:20:00,161] Trial 45 finished with value: 47.92788314819336 and parameters: {'gradient_clip_val': 0.7837320737768884, 'hidden_size': 52, 'dropout': 0.41702090713125256, 'hidden_continuous_size': 8, 'attention_head_size': 4, 'learning_rate': 0.004260559893287492}. Best is trial 0 with value: 9.118518829345703.
LOCAL_RANK: 0 - CUDA_VISIBLE_DEVICES: [0]
[I 2023-12-27 11:20:00,674] Trial 46 finished with value: 35.9344367980957 and parameters: {'gradient_clip_val': 0.9905421930233717, 'hidden_size': 69, 'dropout': 0.4716869864323425, 'hidden_continuous_size': 29, 'attention_head_size': 2, 'learning_rate': 0.005875913436533808}. Best is trial 0 with value: 9.118518829345703.
LOCAL_RANK: 0 - CUDA_VISIBLE_DEVICES: [0]
[I 2023-12-27 11:20:01,436] Trial 47 finished with value: 24.6472225189209 and parameters: {'gradient_clip_val': 0.4924471606964305, 'hidden_size': 79, 'dropout': 0.478561122893527, 'hidden_continuous_size': 6, 'attention_head_size': 3, 'learning_rate': 0.009172435808618816}. Best is trial 0 with value: 9.118518829345703.
LOCAL_RANK: 0 - CUDA_VISIBLE_DEVICES: [0]
[I 2023-12-27 11:20:01,953] Trial 48 finished with value: 38.728939056396484 and parameters: {'gradient_clip_val': 0.6349867484251827, 'hidden_size': 82, 'dropout': 0.47874728158821594, 'hidden_continuous_size': 6, 'attention_head_size': 2, 'learning_rate': 0.00796391040355008}. Best is trial 0 with value: 9.118518829345703.
LOCAL_RANK: 0 - CUDA_VISIBLE_DEVICES: [0]
[I 2023-12-27 11:20:02,450] Trial 49 finished with value: 30.8469181060791 and parameters: {'gradient_clip_val': 0.7013727883382648, 'hidden_size': 107, 'dropout': 0.4241136097885253, 'hidden_continuous_size': 10, 'attention_head_size': 1, 'learning_rate': 0.01644684551645752}. Best is trial 0 with value: 9.118518829345703.
[I 2023-12-27 11:20:02,580] A new study created in memory with name: no-name-a60aaae0-2c13-48f8-aabc-3b7ea16f398e
/home/le004/conda/anaconda3/envs/tsff_env/lib/python3.9/site-packages/lightning/fabric/plugins/environments/slurm.py:191: The `srun` command is available on your system but is not used. HINT: If your intention is to run Lightning on SLURM, prepend your python command with `srun` like so: srun python /home/le004/master_thesis/git/TSFusionForecast/code/ ...
LOCAL_RANK: 0 - CUDA_VISIBLE_DEVICES: [0]
[I 2023-12-27 11:20:31,692] Trial 0 finished with value: 9.367197036743164 and parameters: {'gradient_clip_val': 0.1344865605173975, 'hidden_size': 7, 'dropout': 0.1874779148970839, 'hidden_continuous_size': 6, 'attention_head_size': 1, 'learning_rate': 0.000637727488355802}. Best is trial 0 with value: 9.367197036743164.
LOCAL_RANK: 0 - CUDA_VISIBLE_DEVICES: [0]
[I 2023-12-27 11:20:41,420] Trial 1 finished with value: 13.808647155761719 and parameters: {'gradient_clip_val': 0.8747283649655206, 'hidden_size': 8, 'dropout': 0.36517146809068035, 'hidden_continuous_size': 5, 'attention_head_size': 1, 'learning_rate': 0.0009045234623438593}. Best is trial 0 with value: 9.367197036743164.
LOCAL_RANK: 0 - CUDA_VISIBLE_DEVICES: [0]
[I 2023-12-27 11:20:41,943] Trial 2 finished with value: 13.366528511047363 and parameters: {'gradient_clip_val': 0.7826184897809997, 'hidden_size': 22, 'dropout': 0.12018987628920144, 'hidden_continuous_size': 14, 'attention_head_size': 4, 'learning_rate': 0.01061876485823028}. Best is trial 0 with value: 9.367197036743164.
LOCAL_RANK: 0 - CUDA_VISIBLE_DEVICES: [0]
[I 2023-12-27 11:20:42,430] Trial 3 finished with value: 11.830426216125488 and parameters: {'gradient_clip_val': 0.2531111179648551, 'hidden_size': 102, 'dropout': 0.41520271959749755, 'hidden_continuous_size': 89, 'attention_head_size': 3, 'learning_rate': 0.00063054970456865}. Best is trial 0 with value: 9.367197036743164.
LOCAL_RANK: 0 - CUDA_VISIBLE_DEVICES: [0]
[I 2023-12-27 11:20:42,901] Trial 4 finished with value: 16.131366729736328 and parameters: {'gradient_clip_val': 0.13418038289772766, 'hidden_size': 123, 'dropout': 0.26996878437255234, 'hidden_continuous_size': 11, 'attention_head_size': 4, 'learning_rate': 0.0014944538021825987}. Best is trial 0 with value: 9.367197036743164.
LOCAL_RANK: 0 - CUDA_VISIBLE_DEVICES: [0]
[I 2023-12-27 11:20:43,344] Trial 5 finished with value: 10.209273338317871 and parameters: {'gradient_clip_val': 0.9124374245796989, 'hidden_size': 6, 'dropout': 0.214576514483599, 'hidden_continuous_size': 5, 'attention_head_size': 4, 'learning_rate': 0.0022592143907149463}. Best is trial 0 with value: 9.367197036743164.
LOCAL_RANK: 0 - CUDA_VISIBLE_DEVICES: [0]
[I 2023-12-27 11:20:44,045] Trial 6 finished with value: 16.82405662536621 and parameters: {'gradient_clip_val': 0.7079385962406635, 'hidden_size': 33, 'dropout': 0.43537192094810984, 'hidden_continuous_size': 14, 'attention_head_size': 2, 'learning_rate': 0.03875487317040293}. Best is trial 0 with value: 9.367197036743164.
LOCAL_RANK: 0 - CUDA_VISIBLE_DEVICES: [0]
[I 2023-12-27 11:20:44,480] Trial 7 finished with value: 13.94460391998291 and parameters: {'gradient_clip_val': 0.6887082028673333, 'hidden_size': 12, 'dropout': 0.2396013031288495, 'hidden_continuous_size': 7, 'attention_head_size': 3, 'learning_rate': 0.06018038425565766}. Best is trial 0 with value: 9.367197036743164.
LOCAL_RANK: 0 - CUDA_VISIBLE_DEVICES: [0]
[I 2023-12-27 11:20:44,883] Trial 8 finished with value: 12.004768371582031 and parameters: {'gradient_clip_val': 0.7463171763205023, 'hidden_size': 6, 'dropout': 0.2178101189995335, 'hidden_continuous_size': 5, 'attention_head_size': 1, 'learning_rate': 0.0005138346353698823}. Best is trial 0 with value: 9.367197036743164.
LOCAL_RANK: 0 - CUDA_VISIBLE_DEVICES: [0]
[I 2023-12-27 11:20:45,315] Trial 9 finished with value: 14.807539939880371 and parameters: {'gradient_clip_val': 0.7875951617362181, 'hidden_size': 20, 'dropout': 0.32435248309380943, 'hidden_continuous_size': 16, 'attention_head_size': 4, 'learning_rate': 0.0016032755021022956}. Best is trial 0 with value: 9.367197036743164.
LOCAL_RANK: 0 - CUDA_VISIBLE_DEVICES: [0]
[I 2023-12-27 11:20:45,790] Trial 10 finished with value: 16.16744041442871 and parameters: {'gradient_clip_val': 0.11445111404103452, 'hidden_size': 5, 'dropout': 0.10707156896435174, 'hidden_continuous_size': 5, 'attention_head_size': 2, 'learning_rate': 0.004393265316422952}. Best is trial 0 with value: 9.367197036743164.
LOCAL_RANK: 0 - CUDA_VISIBLE_DEVICES: [0]
[I 2023-12-27 11:20:46,249] Trial 11 finished with value: 14.510571479797363 and parameters: {'gradient_clip_val': 0.3950907529740786, 'hidden_size': 5, 'dropout': 0.1916544972555888, 'hidden_continuous_size': 5, 'attention_head_size': 2, 'learning_rate': 0.0028405534272502985}. Best is trial 0 with value: 9.367197036743164.
LOCAL_RANK: 0 - CUDA_VISIBLE_DEVICES: [0]
[I 2023-12-27 11:20:46,725] Trial 12 finished with value: 15.085468292236328 and parameters: {'gradient_clip_val': 0.18818062516011444, 'hidden_size': 10, 'dropout': 0.17752276134462577, 'hidden_continuous_size': 6, 'attention_head_size': 3, 'learning_rate': 0.00119005844545785}. Best is trial 0 with value: 9.367197036743164.
LOCAL_RANK: 0 - CUDA_VISIBLE_DEVICES: [0]
[I 2023-12-27 11:20:47,167] Trial 13 finished with value: 14.71618938446045 and parameters: {'gradient_clip_val': 0.4339906171487357, 'hidden_size': 12, 'dropout': 0.49110761467231295, 'hidden_continuous_size': 6, 'attention_head_size': 1, 'learning_rate': 0.0024843235912799847}. Best is trial 0 with value: 9.367197036743164.
LOCAL_RANK: 0 - CUDA_VISIBLE_DEVICES: [0]
[I 2023-12-27 11:20:47,598] Trial 14 finished with value: 16.417882919311523 and parameters: {'gradient_clip_val': 0.10174711950585194, 'hidden_size': 8, 'dropout': 0.2700083249615262, 'hidden_continuous_size': 5, 'attention_head_size': 2, 'learning_rate': 0.000512932003682899}. Best is trial 0 with value: 9.367197036743164.
LOCAL_RANK: 0 - CUDA_VISIBLE_DEVICES: [0]
[I 2023-12-27 11:20:48,002] Trial 15 finished with value: 14.900425910949707 and parameters: {'gradient_clip_val': 0.186509229859666, 'hidden_size': 5, 'dropout': 0.15868414073082426, 'hidden_continuous_size': 5, 'attention_head_size': 3, 'learning_rate': 0.00784251548673091}. Best is trial 0 with value: 9.367197036743164.
LOCAL_RANK: 0 - CUDA_VISIBLE_DEVICES: [0]
[I 2023-12-27 11:20:48,467] Trial 16 finished with value: 14.90320110321045 and parameters: {'gradient_clip_val': 0.5160048349763211, 'hidden_size': 16, 'dropout': 0.22314098140224986, 'hidden_continuous_size': 6, 'attention_head_size': 1, 'learning_rate': 0.0010833536417926457}. Best is trial 0 with value: 9.367197036743164.
LOCAL_RANK: 0 - CUDA_VISIBLE_DEVICES: [0]
[I 2023-12-27 11:20:48,912] Trial 17 finished with value: 16.7288818359375 and parameters: {'gradient_clip_val': 0.3075645319994931, 'hidden_size': 8, 'dropout': 0.15741750277512656, 'hidden_continuous_size': 6, 'attention_head_size': 4, 'learning_rate': 0.0021717859021636535}. Best is trial 0 with value: 9.367197036743164.
LOCAL_RANK: 0 - CUDA_VISIBLE_DEVICES: [0]
[I 2023-12-27 11:20:49,655] Trial 18 finished with value: 11.702117919921875 and parameters: {'gradient_clip_val': 0.2640589073506532, 'hidden_size': 32, 'dropout': 0.3018665324186597, 'hidden_continuous_size': 8, 'attention_head_size': 3, 'learning_rate': 0.004463678841623619}. Best is trial 0 with value: 9.367197036743164.
LOCAL_RANK: 0 - CUDA_VISIBLE_DEVICES: [0]
[I 2023-12-27 11:20:50,092] Trial 19 finished with value: 13.731689453125 and parameters: {'gradient_clip_val': 0.9720742226471615, 'hidden_size': 7, 'dropout': 0.20066801774512538, 'hidden_continuous_size': 5, 'attention_head_size': 2, 'learning_rate': 0.0008979961943994496}. Best is trial 0 with value: 9.367197036743164.
LOCAL_RANK: 0 - CUDA_VISIBLE_DEVICES: [0]
[I 2023-12-27 11:20:50,809] Trial 20 finished with value: 15.496966361999512 and parameters: {'gradient_clip_val': 0.5972228395620336, 'hidden_size': 15, 'dropout': 0.2591000151747583, 'hidden_continuous_size': 7, 'attention_head_size': 4, 'learning_rate': 0.0015709583095673558}. Best is trial 0 with value: 9.367197036743164.
LOCAL_RANK: 0 - CUDA_VISIBLE_DEVICES: [0]
[I 2023-12-27 11:20:51,269] Trial 21 finished with value: 15.547812461853027 and parameters: {'gradient_clip_val': 0.32069260087880097, 'hidden_size': 33, 'dropout': 0.2978195094341731, 'hidden_continuous_size': 8, 'attention_head_size': 3, 'learning_rate': 0.003792311073584813}. Best is trial 0 with value: 9.367197036743164.
LOCAL_RANK: 0 - CUDA_VISIBLE_DEVICES: [0]
[I 2023-12-27 11:20:51,735] Trial 22 finished with value: 16.148338317871094 and parameters: {'gradient_clip_val': 0.22135539028620108, 'hidden_size': 30, 'dropout': 0.3039201330404059, 'hidden_continuous_size': 8, 'attention_head_size': 3, 'learning_rate': 0.00610669098801474}. Best is trial 0 with value: 9.367197036743164.
LOCAL_RANK: 0 - CUDA_VISIBLE_DEVICES: [0]
[I 2023-12-27 11:20:52,232] Trial 23 finished with value: 14.565295219421387 and parameters: {'gradient_clip_val': 0.14652274083581093, 'hidden_size': 56, 'dropout': 0.24467469153076565, 'hidden_continuous_size': 10, 'attention_head_size': 4, 'learning_rate': 0.003532428192223844}. Best is trial 0 with value: 9.367197036743164.
LOCAL_RANK: 0 - CUDA_VISIBLE_DEVICES: [0]
[I 2023-12-27 11:20:52,704] Trial 24 finished with value: 15.60401439666748 and parameters: {'gradient_clip_val': 0.32938156297617316, 'hidden_size': 41, 'dropout': 0.21379726251278786, 'hidden_continuous_size': 9, 'attention_head_size': 3, 'learning_rate': 0.002175622457950981}. Best is trial 0 with value: 9.367197036743164.
LOCAL_RANK: 0 - CUDA_VISIBLE_DEVICES: [0]
[I 2023-12-27 11:20:53,190] Trial 25 finished with value: 13.892807006835938 and parameters: {'gradient_clip_val': 0.5594574316505467, 'hidden_size': 11, 'dropout': 0.1430321812332254, 'hidden_continuous_size': 6, 'attention_head_size': 2, 'learning_rate': 0.0008177620270953538}. Best is trial 0 with value: 9.367197036743164.
LOCAL_RANK: 0 - CUDA_VISIBLE_DEVICES: [0]
[I 2023-12-27 11:20:53,688] Trial 26 finished with value: 17.18021011352539 and parameters: {'gradient_clip_val': 0.4433818275347405, 'hidden_size': 17, 'dropout': 0.18544785071972994, 'hidden_continuous_size': 7, 'attention_head_size': 4, 'learning_rate': 0.0130709173981824}. Best is trial 0 with value: 9.367197036743164.
LOCAL_RANK: 0 - CUDA_VISIBLE_DEVICES: [0]
[I 2023-12-27 11:20:54,162] Trial 27 finished with value: 16.030611038208008 and parameters: {'gradient_clip_val': 0.25785048097967117, 'hidden_size': 24, 'dropout': 0.22759218638011974, 'hidden_continuous_size': 7, 'attention_head_size': 1, 'learning_rate': 0.004930277339696359}. Best is trial 0 with value: 9.367197036743164.
LOCAL_RANK: 0 - CUDA_VISIBLE_DEVICES: [0]
[I 2023-12-27 11:20:54,603] Trial 28 finished with value: 12.257576942443848 and parameters: {'gradient_clip_val': 0.9803088575029939, 'hidden_size': 6, 'dropout': 0.13571918566383495, 'hidden_continuous_size': 5, 'attention_head_size': 3, 'learning_rate': 0.002931582448783903}. Best is trial 0 with value: 9.367197036743164.
LOCAL_RANK: 0 - CUDA_VISIBLE_DEVICES: [0]
[I 2023-12-27 11:20:55,051] Trial 29 finished with value: 15.039291381835938 and parameters: {'gradient_clip_val': 0.16462900797458543, 'hidden_size': 10, 'dropout': 0.34049046814542727, 'hidden_continuous_size': 6, 'attention_head_size': 1, 'learning_rate': 0.000926741111881079}. Best is trial 0 with value: 9.367197036743164.
LOCAL_RANK: 0 - CUDA_VISIBLE_DEVICES: [0]
[I 2023-12-27 11:20:55,495] Trial 30 finished with value: 19.961156845092773 and parameters: {'gradient_clip_val': 0.13102675496696103, 'hidden_size': 7, 'dropout': 0.28258397774245525, 'hidden_continuous_size': 5, 'attention_head_size': 4, 'learning_rate': 0.0020029235647186137}. Best is trial 0 with value: 9.367197036743164.
LOCAL_RANK: 0 - CUDA_VISIBLE_DEVICES: [0]
[I 2023-12-27 11:20:56,027] Trial 31 finished with value: 12.681057929992676 and parameters: {'gradient_clip_val': 0.23392090783948483, 'hidden_size': 64, 'dropout': 0.37237365498817565, 'hidden_continuous_size': 48, 'attention_head_size': 3, 'learning_rate': 0.0006582329772494043}. Best is trial 0 with value: 9.367197036743164.
LOCAL_RANK: 0 - CUDA_VISIBLE_DEVICES: [0]
[I 2023-12-27 11:20:56,562] Trial 32 finished with value: 11.884610176086426 and parameters: {'gradient_clip_val': 0.27040981543473425, 'hidden_size': 124, 'dropout': 0.3794139902537212, 'hidden_continuous_size': 114, 'attention_head_size': 3, 'learning_rate': 0.0007152185136311744}. Best is trial 0 with value: 9.367197036743164.
LOCAL_RANK: 0 - CUDA_VISIBLE_DEVICES: [0]
[I 2023-12-27 11:20:57,304] Trial 33 finished with value: 15.947840690612793 and parameters: {'gradient_clip_val': 0.2054786290133306, 'hidden_size': 87, 'dropout': 0.25202566009519295, 'hidden_continuous_size': 25, 'attention_head_size': 3, 'learning_rate': 0.0012899422423418119}. Best is trial 0 with value: 9.367197036743164.
LOCAL_RANK: 0 - CUDA_VISIBLE_DEVICES: [0]
[I 2023-12-27 11:20:57,827] Trial 34 finished with value: 16.0361385345459 and parameters: {'gradient_clip_val': 0.17393362034489127, 'hidden_size': 142, 'dropout': 0.40033336507687467, 'hidden_continuous_size': 12, 'attention_head_size': 2, 'learning_rate': 0.0006564292747489079}. Best is trial 0 with value: 9.367197036743164.
LOCAL_RANK: 0 - CUDA_VISIBLE_DEVICES: [0]
[I 2023-12-27 11:20:58,316] Trial 35 finished with value: 14.648638725280762 and parameters: {'gradient_clip_val': 0.23821009533992427, 'hidden_size': 21, 'dropout': 0.3251175034243838, 'hidden_continuous_size': 8, 'attention_head_size': 4, 'learning_rate': 0.0010840800062552453}. Best is trial 0 with value: 9.367197036743164.
LOCAL_RANK: 0 - CUDA_VISIBLE_DEVICES: [0]
[I 2023-12-27 11:20:58,848] Trial 36 finished with value: 16.26679801940918 and parameters: {'gradient_clip_val': 0.2816840301966618, 'hidden_size': 27, 'dropout': 0.28226955699266953, 'hidden_continuous_size': 9, 'attention_head_size': 3, 'learning_rate': 0.0015190375191229872}. Best is trial 0 with value: 9.367197036743164.
LOCAL_RANK: 0 - CUDA_VISIBLE_DEVICES: [0]
[I 2023-12-27 11:20:59,344] Trial 37 finished with value: 15.574249267578125 and parameters: {'gradient_clip_val': 0.20822190226534987, 'hidden_size': 45, 'dropout': 0.4174048741988225, 'hidden_continuous_size': 12, 'attention_head_size': 4, 'learning_rate': 0.0005307506596694257}. Best is trial 0 with value: 9.367197036743164.
LOCAL_RANK: 0 - CUDA_VISIBLE_DEVICES: [0]
[I 2023-12-27 11:20:59,870] Trial 38 finished with value: 14.061945915222168 and parameters: {'gradient_clip_val': 0.15298354390018346, 'hidden_size': 112, 'dropout': 0.36179558912176657, 'hidden_continuous_size': 17, 'attention_head_size': 2, 'learning_rate': 0.0008136550614815898}. Best is trial 0 with value: 9.367197036743164.
LOCAL_RANK: 0 - CUDA_VISIBLE_DEVICES: [0]
[I 2023-12-27 11:21:00,388] Trial 39 finished with value: 18.21360969543457 and parameters: {'gradient_clip_val': 0.8437320701963755, 'hidden_size': 81, 'dropout': 0.2457695327653561, 'hidden_continuous_size': 23, 'attention_head_size': 3, 'learning_rate': 0.0017630860623224452}. Best is trial 0 with value: 9.367197036743164.
LOCAL_RANK: 0 - CUDA_VISIBLE_DEVICES: [0]
[I 2023-12-27 11:21:00,884] Trial 40 finished with value: 15.356178283691406 and parameters: {'gradient_clip_val': 0.3600847242863909, 'hidden_size': 42, 'dropout': 0.10847625267588457, 'hidden_continuous_size': 10, 'attention_head_size': 2, 'learning_rate': 0.0010793432784552155}. Best is trial 0 with value: 9.367197036743164.
LOCAL_RANK: 0 - CUDA_VISIBLE_DEVICES: [0]
[I 2023-12-27 11:21:01,465] Trial 41 finished with value: 12.19530200958252 and parameters: {'gradient_clip_val': 0.2815673850692406, 'hidden_size': 150, 'dropout': 0.4474749484797253, 'hidden_continuous_size': 137, 'attention_head_size': 3, 'learning_rate': 0.0006907087035166585}. Best is trial 0 with value: 9.367197036743164.
LOCAL_RANK: 0 - CUDA_VISIBLE_DEVICES: [0]
[I 2023-12-27 11:21:01,967] Trial 42 finished with value: 18.328798294067383 and parameters: {'gradient_clip_val': 0.2624499248209149, 'hidden_size': 113, 'dropout': 0.3846415224698145, 'hidden_continuous_size': 113, 'attention_head_size': 3, 'learning_rate': 0.0013527475621888626}. Best is trial 0 with value: 9.367197036743164.
LOCAL_RANK: 0 - CUDA_VISIBLE_DEVICES: [0]
