[I 2023-12-16 02:49:41,315] Trial 8 finished with value: 353.7449951171875 and parameters: {'gradient_clip_val': 0.5604360117653711, 'hidden_size': 12, 'dropout': 0.1045702922879161, 'hidden_continuous_size': 6, 'attention_head_size': 2, 'learning_rate': 0.030536554946925327}. Best is trial 6 with value: 158.2193603515625.
LOCAL_RANK: 0 - CUDA_VISIBLE_DEVICES: [0]
[I 2023-12-16 02:50:15,082] Trial 9 finished with value: 323.0055847167969 and parameters: {'gradient_clip_val': 0.20336976122416384, 'hidden_size': 5, 'dropout': 0.32120132473080154, 'hidden_continuous_size': 5, 'attention_head_size': 2, 'learning_rate': 0.002652553124021069}. Best is trial 6 with value: 158.2193603515625.
LOCAL_RANK: 0 - CUDA_VISIBLE_DEVICES: [0]
[I 2023-12-16 02:51:12,832] Trial 10 finished with value: 158.17828369140625 and parameters: {'gradient_clip_val': 0.10931066194666446, 'hidden_size': 81, 'dropout': 0.10053922547591643, 'hidden_continuous_size': 79, 'attention_head_size': 4, 'learning_rate': 0.0005354552375665875}. Best is trial 10 with value: 158.17828369140625.
LOCAL_RANK: 0 - CUDA_VISIBLE_DEVICES: [0]
[I 2023-12-16 02:51:51,524] Trial 11 finished with value: 209.19911193847656 and parameters: {'gradient_clip_val': 0.10198432495444179, 'hidden_size': 89, 'dropout': 0.11410159021803937, 'hidden_continuous_size': 89, 'attention_head_size': 4, 'learning_rate': 0.0006379848748290643}. Best is trial 10 with value: 158.17828369140625.
LOCAL_RANK: 0 - CUDA_VISIBLE_DEVICES: [0]
[I 2023-12-16 02:52:47,271] Trial 12 finished with value: 163.86585998535156 and parameters: {'gradient_clip_val': 0.10220093192303269, 'hidden_size': 94, 'dropout': 0.1740679412654299, 'hidden_continuous_size': 32, 'attention_head_size': 4, 'learning_rate': 0.0005736246812513795}. Best is trial 10 with value: 158.17828369140625.
LOCAL_RANK: 0 - CUDA_VISIBLE_DEVICES: [0]
[I 2023-12-16 02:53:41,292] Trial 13 finished with value: 171.763671875 and parameters: {'gradient_clip_val': 0.41611132213542634, 'hidden_size': 61, 'dropout': 0.10300290791302265, 'hidden_continuous_size': 22, 'attention_head_size': 3, 'learning_rate': 0.0005984468911474723}. Best is trial 10 with value: 158.17828369140625.
LOCAL_RANK: 0 - CUDA_VISIBLE_DEVICES: [0]
[I 2023-12-16 02:54:36,274] Trial 14 finished with value: 140.59735107421875 and parameters: {'gradient_clip_val': 0.42983507172962654, 'hidden_size': 54, 'dropout': 0.1908793508107, 'hidden_continuous_size': 53, 'attention_head_size': 4, 'learning_rate': 0.0013174911827109708}. Best is trial 14 with value: 140.59735107421875.
LOCAL_RANK: 0 - CUDA_VISIBLE_DEVICES: [0]
[I 2023-12-16 02:55:13,111] Trial 15 finished with value: 329.40283203125 and parameters: {'gradient_clip_val': 0.14581282199467213, 'hidden_size': 58, 'dropout': 0.20041114485948514, 'hidden_continuous_size': 58, 'attention_head_size': 4, 'learning_rate': 0.005516094900760958}. Best is trial 14 with value: 140.59735107421875.
LOCAL_RANK: 0 - CUDA_VISIBLE_DEVICES: [0]
[I 2023-12-16 02:56:08,342] Trial 16 finished with value: 243.5570526123047 and parameters: {'gradient_clip_val': 0.35562453221323936, 'hidden_size': 59, 'dropout': 0.19936061669317132, 'hidden_continuous_size': 44, 'attention_head_size': 4, 'learning_rate': 0.0014775281275017514}. Best is trial 14 with value: 140.59735107421875.
LOCAL_RANK: 0 - CUDA_VISIBLE_DEVICES: [0]
[I 2023-12-16 02:57:06,072] Trial 17 finished with value: 163.7099151611328 and parameters: {'gradient_clip_val': 0.28750247784730343, 'hidden_size': 100, 'dropout': 0.14638689911013164, 'hidden_continuous_size': 75, 'attention_head_size': 3, 'learning_rate': 0.0005931280983281254}. Best is trial 14 with value: 140.59735107421875.
LOCAL_RANK: 0 - CUDA_VISIBLE_DEVICES: [0]
[I 2023-12-16 02:58:00,488] Trial 18 finished with value: 185.9413299560547 and parameters: {'gradient_clip_val': 0.4275951414259256, 'hidden_size': 46, 'dropout': 0.15308025490877486, 'hidden_continuous_size': 36, 'attention_head_size': 4, 'learning_rate': 0.004523541087595416}. Best is trial 14 with value: 140.59735107421875.
LOCAL_RANK: 0 - CUDA_VISIBLE_DEVICES: [0]
[I 2023-12-16 02:58:55,741] Trial 19 finished with value: 177.986083984375 and parameters: {'gradient_clip_val': 0.14730139070706086, 'hidden_size': 63, 'dropout': 0.21156257988003108, 'hidden_continuous_size': 46, 'attention_head_size': 4, 'learning_rate': 0.009693037427535809}. Best is trial 14 with value: 140.59735107421875.
LOCAL_RANK: 0 - CUDA_VISIBLE_DEVICES: [0]
[I 2023-12-16 02:59:49,107] Trial 20 finished with value: 159.0688018798828 and parameters: {'gradient_clip_val': 0.6440201718125501, 'hidden_size': 45, 'dropout': 0.12993884416493817, 'hidden_continuous_size': 26, 'attention_head_size': 3, 'learning_rate': 0.001820538694428232}. Best is trial 14 with value: 140.59735107421875.
LOCAL_RANK: 0 - CUDA_VISIBLE_DEVICES: [0]
[I 2023-12-16 03:00:38,261] Trial 21 finished with value: 206.49078369140625 and parameters: {'gradient_clip_val': 0.5066873817462224, 'hidden_size': 22, 'dropout': 0.12619513681038605, 'hidden_continuous_size': 16, 'attention_head_size': 3, 'learning_rate': 0.0010044815183513813}. Best is trial 14 with value: 140.59735107421875.
LOCAL_RANK: 0 - CUDA_VISIBLE_DEVICES: [0]
[I 2023-12-16 03:01:34,537] Trial 22 finished with value: 214.1234130859375 and parameters: {'gradient_clip_val': 0.42159200419183346, 'hidden_size': 76, 'dropout': 0.1318120177423856, 'hidden_continuous_size': 56, 'attention_head_size': 4, 'learning_rate': 0.0010030797921727365}. Best is trial 14 with value: 140.59735107421875.
LOCAL_RANK: 0 - CUDA_VISIBLE_DEVICES: [0]
[I 2023-12-16 03:02:30,967] Trial 23 finished with value: 144.71812438964844 and parameters: {'gradient_clip_val': 0.9890586679580015, 'hidden_size': 79, 'dropout': 0.10037132871255244, 'hidden_continuous_size': 63, 'attention_head_size': 3, 'learning_rate': 0.0005040668941915656}. Best is trial 14 with value: 140.59735107421875.
LOCAL_RANK: 0 - CUDA_VISIBLE_DEVICES: [0]
[I 2023-12-16 03:03:26,850] Trial 24 finished with value: 191.25120544433594 and parameters: {'gradient_clip_val': 0.990409958466548, 'hidden_size': 76, 'dropout': 0.10362726652437285, 'hidden_continuous_size': 60, 'attention_head_size': 4, 'learning_rate': 0.0005043160932911723}. Best is trial 14 with value: 140.59735107421875.
LOCAL_RANK: 0 - CUDA_VISIBLE_DEVICES: [0]
[I 2023-12-16 03:04:22,198] Trial 25 finished with value: 158.1240692138672 and parameters: {'gradient_clip_val': 0.7598486062431702, 'hidden_size': 77, 'dropout': 0.1758680160955822, 'hidden_continuous_size': 44, 'attention_head_size': 3, 'learning_rate': 0.0008051055407314111}. Best is trial 14 with value: 140.59735107421875.
LOCAL_RANK: 0 - CUDA_VISIBLE_DEVICES: [0]
[I 2023-12-16 03:04:59,978] Trial 26 finished with value: 200.38807678222656 and parameters: {'gradient_clip_val': 0.8127314134355696, 'hidden_size': 100, 'dropout': 0.17486546543401535, 'hidden_continuous_size': 100, 'attention_head_size': 3, 'learning_rate': 0.0016837622461894713}. Best is trial 14 with value: 140.59735107421875.
LOCAL_RANK: 0 - CUDA_VISIBLE_DEVICES: [0]
[I 2023-12-16 03:05:55,631] Trial 27 finished with value: 157.31565856933594 and parameters: {'gradient_clip_val': 0.9756454778744442, 'hidden_size': 73, 'dropout': 0.18442197181818268, 'hidden_continuous_size': 44, 'attention_head_size': 3, 'learning_rate': 0.0008465051369118904}. Best is trial 14 with value: 140.59735107421875.
LOCAL_RANK: 0 - CUDA_VISIBLE_DEVICES: [0]
[I 2023-12-16 03:06:49,167] Trial 28 finished with value: 156.50433349609375 and parameters: {'gradient_clip_val': 0.9977053795316972, 'hidden_size': 52, 'dropout': 0.2110910685777525, 'hidden_continuous_size': 35, 'attention_head_size': 3, 'learning_rate': 0.0007559146511909282}. Best is trial 14 with value: 140.59735107421875.
LOCAL_RANK: 0 - CUDA_VISIBLE_DEVICES: [0]
[I 2023-12-16 03:07:42,584] Trial 29 finished with value: 130.18409729003906 and parameters: {'gradient_clip_val': 0.6820002955994539, 'hidden_size': 42, 'dropout': 0.2237162962928949, 'hidden_continuous_size': 30, 'attention_head_size': 3, 'learning_rate': 0.001514894588370389}. Best is trial 29 with value: 130.18409729003906.
LOCAL_RANK: 0 - CUDA_VISIBLE_DEVICES: [0]
[I 2023-12-16 03:08:35,307] Trial 30 finished with value: 211.1591339111328 and parameters: {'gradient_clip_val': 0.6395788382957819, 'hidden_size': 41, 'dropout': 0.22325656510902336, 'hidden_continuous_size': 29, 'attention_head_size': 2, 'learning_rate': 0.0015071988841937392}. Best is trial 29 with value: 130.18409729003906.
LOCAL_RANK: 0 - CUDA_VISIBLE_DEVICES: [0]
[I 2023-12-16 03:09:28,100] Trial 31 finished with value: 159.41253662109375 and parameters: {'gradient_clip_val': 0.9999592668594424, 'hidden_size': 52, 'dropout': 0.23963590192049594, 'hidden_continuous_size': 36, 'attention_head_size': 3, 'learning_rate': 0.0008060182112798126}. Best is trial 29 with value: 130.18409729003906.
LOCAL_RANK: 0 - CUDA_VISIBLE_DEVICES: [0]
[I 2023-12-16 03:10:21,112] Trial 32 finished with value: 151.4906005859375 and parameters: {'gradient_clip_val': 0.742100769493163, 'hidden_size': 48, 'dropout': 0.2222505483123266, 'hidden_continuous_size': 35, 'attention_head_size': 3, 'learning_rate': 0.0026233383477337275}. Best is trial 29 with value: 130.18409729003906.
LOCAL_RANK: 0 - CUDA_VISIBLE_DEVICES: [0]
[I 2023-12-16 03:11:13,772] Trial 33 finished with value: 188.20098876953125 and parameters: {'gradient_clip_val': 0.7314379546100679, 'hidden_size': 39, 'dropout': 0.2623048181802077, 'hidden_continuous_size': 25, 'attention_head_size': 3, 'learning_rate': 0.0024025687587893247}. Best is trial 29 with value: 130.18409729003906.
LOCAL_RANK: 0 - CUDA_VISIBLE_DEVICES: [0]
[I 2023-12-16 03:12:06,708] Trial 34 finished with value: 194.61065673828125 and parameters: {'gradient_clip_val': 0.8403185114364762, 'hidden_size': 37, 'dropout': 0.2269007356858343, 'hidden_continuous_size': 28, 'attention_head_size': 3, 'learning_rate': 0.0034043524625551754}. Best is trial 29 with value: 130.18409729003906.
LOCAL_RANK: 0 - CUDA_VISIBLE_DEVICES: [0]
[I 2023-12-16 03:12:59,642] Trial 35 finished with value: 189.1615753173828 and parameters: {'gradient_clip_val': 0.58474593902744, 'hidden_size': 49, 'dropout': 0.14917816705077885, 'hidden_continuous_size': 33, 'attention_head_size': 1, 'learning_rate': 0.0019518374889862461}. Best is trial 29 with value: 130.18409729003906.
LOCAL_RANK: 0 - CUDA_VISIBLE_DEVICES: [0]
[I 2023-12-16 03:13:50,811] Trial 36 finished with value: 239.8873748779297 and parameters: {'gradient_clip_val': 0.7131409470521766, 'hidden_size': 29, 'dropout': 0.19441032938717048, 'hidden_continuous_size': 22, 'attention_head_size': 2, 'learning_rate': 0.0013886154007144646}. Best is trial 29 with value: 130.18409729003906.
LOCAL_RANK: 0 - CUDA_VISIBLE_DEVICES: [0]
[I 2023-12-16 03:14:45,585] Trial 37 finished with value: 288.18377685546875 and parameters: {'gradient_clip_val': 0.5606551193023801, 'hidden_size': 68, 'dropout': 0.15966405505326603, 'hidden_continuous_size': 39, 'attention_head_size': 3, 'learning_rate': 0.0023692077037557034}. Best is trial 29 with value: 130.18409729003906.
LOCAL_RANK: 0 - CUDA_VISIBLE_DEVICES: [0]
[I 2023-12-16 03:15:37,936] Trial 38 finished with value: 180.03973388671875 and parameters: {'gradient_clip_val': 0.8552147308062013, 'hidden_size': 34, 'dropout': 0.22912441212279688, 'hidden_continuous_size': 27, 'attention_head_size': 2, 'learning_rate': 0.001230420762826243}. Best is trial 29 with value: 130.18409729003906.
LOCAL_RANK: 0 - CUDA_VISIBLE_DEVICES: [0]
[I 2023-12-16 03:16:31,353] Trial 39 finished with value: 168.8663330078125 and parameters: {'gradient_clip_val': 0.6834884548799006, 'hidden_size': 56, 'dropout': 0.16343753507692194, 'hidden_continuous_size': 39, 'attention_head_size': 3, 'learning_rate': 0.0019154562689335888}. Best is trial 29 with value: 130.18409729003906.
LOCAL_RANK: 0 - CUDA_VISIBLE_DEVICES: [0]
[I 2023-12-16 03:17:22,512] Trial 40 finished with value: 361.8557434082031 and parameters: {'gradient_clip_val': 0.626136054246979, 'hidden_size': 29, 'dropout': 0.2113790717345708, 'hidden_continuous_size': 24, 'attention_head_size': 1, 'learning_rate': 0.0033281552094656273}. Best is trial 29 with value: 130.18409729003906.
LOCAL_RANK: 0 - CUDA_VISIBLE_DEVICES: [0]
[I 2023-12-16 03:18:16,411] Trial 41 finished with value: 165.72279357910156 and parameters: {'gradient_clip_val': 0.9091089796818723, 'hidden_size': 51, 'dropout': 0.25271727270461114, 'hidden_continuous_size': 33, 'attention_head_size': 3, 'learning_rate': 0.0007722642740381642}. Best is trial 29 with value: 130.18409729003906.
LOCAL_RANK: 0 - CUDA_VISIBLE_DEVICES: [0]
[I 2023-12-16 03:19:09,681] Trial 42 finished with value: 153.1500701904297 and parameters: {'gradient_clip_val': 0.7752661873434555, 'hidden_size': 41, 'dropout': 0.21596499013048914, 'hidden_continuous_size': 30, 'attention_head_size': 3, 'learning_rate': 0.0011749966960699985}. Best is trial 29 with value: 130.18409729003906.
LOCAL_RANK: 0 - CUDA_VISIBLE_DEVICES: [0]
[I 2023-12-16 03:20:01,574] Trial 43 finished with value: 155.1098175048828 and parameters: {'gradient_clip_val': 0.7645461051964875, 'hidden_size': 44, 'dropout': 0.18722209165042028, 'hidden_continuous_size': 31, 'attention_head_size': 2, 'learning_rate': 0.0013218501644407913}. Best is trial 29 with value: 130.18409729003906.
LOCAL_RANK: 0 - CUDA_VISIBLE_DEVICES: [0]
[I 2023-12-16 03:20:54,526] Trial 44 finished with value: 197.7266387939453 and parameters: {'gradient_clip_val': 0.8830031436443333, 'hidden_size': 38, 'dropout': 0.26508859375072746, 'hidden_continuous_size': 29, 'attention_head_size': 3, 'learning_rate': 0.0010781899536588002}. Best is trial 29 with value: 130.18409729003906.
LOCAL_RANK: 0 - CUDA_VISIBLE_DEVICES: [0]
[I 2023-12-16 03:21:48,450] Trial 45 finished with value: 288.0693054199219 and parameters: {'gradient_clip_val': 0.7533034561446992, 'hidden_size': 68, 'dropout': 0.23985273298871454, 'hidden_continuous_size': 18, 'attention_head_size': 4, 'learning_rate': 0.0025883101982566103}. Best is trial 29 with value: 130.18409729003906.
LOCAL_RANK: 0 - CUDA_VISIBLE_DEVICES: [0]
[I 2023-12-16 03:22:43,465] Trial 46 finished with value: 190.3080596923828 and parameters: {'gradient_clip_val': 0.514658730568128, 'hidden_size': 66, 'dropout': 0.21741238595114265, 'hidden_continuous_size': 39, 'attention_head_size': 3, 'learning_rate': 0.0015226186921749752}. Best is trial 29 with value: 130.18409729003906.
LOCAL_RANK: 0 - CUDA_VISIBLE_DEVICES: [0]
[I 2023-12-16 03:23:35,352] Trial 47 finished with value: 171.9119415283203 and parameters: {'gradient_clip_val': 0.6790917108849835, 'hidden_size': 44, 'dropout': 0.20097844982292135, 'hidden_continuous_size': 31, 'attention_head_size': 2, 'learning_rate': 0.0011076177294005241}. Best is trial 29 with value: 130.18409729003906.
LOCAL_RANK: 0 - CUDA_VISIBLE_DEVICES: [0]
[I 2023-12-16 03:24:31,838] Trial 48 finished with value: 153.65093994140625 and parameters: {'gradient_clip_val': 0.5817913777517417, 'hidden_size': 82, 'dropout': 0.23199388998329992, 'hidden_continuous_size': 53, 'attention_head_size': 4, 'learning_rate': 0.0006536206432629485}. Best is trial 29 with value: 130.18409729003906.
LOCAL_RANK: 0 - CUDA_VISIBLE_DEVICES: [0]
[I 2023-12-16 03:25:25,602] Trial 49 finished with value: 157.04249572753906 and parameters: {'gradient_clip_val': 0.7987418007895394, 'hidden_size': 55, 'dropout': 0.18525595559657693, 'hidden_continuous_size': 12, 'attention_head_size': 3, 'learning_rate': 0.0019335311642210695}. Best is trial 29 with value: 130.18409729003906.
[I 2023-12-16 03:25:25,694] A new study created in memory with name: no-name-955f1e8e-8393-48a1-9c84-94289f85fd71
/home/le004/conda/anaconda3/envs/tsff_env/lib/python3.9/site-packages/lightning/fabric/plugins/environments/slurm.py:191: The `srun` command is available on your system but is not used. HINT: If your intention is to run Lightning on SLURM, prepend your python command with `srun` like so: srun python /home/le004/master_thesis/git/TSFusionForecast/code/ ...
LOCAL_RANK: 0 - CUDA_VISIBLE_DEVICES: [0]
[I 2023-12-16 03:26:10,244] Trial 0 finished with value: 111.21984100341797 and parameters: {'gradient_clip_val': 0.24498587604422992, 'hidden_size': 8, 'dropout': 0.2595491817521668, 'hidden_continuous_size': 6, 'attention_head_size': 3, 'learning_rate': 0.0011663452081909639}. Best is trial 0 with value: 111.21984100341797.
LOCAL_RANK: 0 - CUDA_VISIBLE_DEVICES: [0]
[I 2023-12-16 03:27:07,165] Trial 1 finished with value: 83.53887176513672 and parameters: {'gradient_clip_val': 0.6350743861043825, 'hidden_size': 90, 'dropout': 0.3495951193114699, 'hidden_continuous_size': 75, 'attention_head_size': 1, 'learning_rate': 0.000694389639289346}. Best is trial 1 with value: 83.53887176513672.
LOCAL_RANK: 0 - CUDA_VISIBLE_DEVICES: [0]
[I 2023-12-16 03:27:50,832] Trial 2 finished with value: 218.7090606689453 and parameters: {'gradient_clip_val': 0.962584873448835, 'hidden_size': 12, 'dropout': 0.2807108772931235, 'hidden_continuous_size': 5, 'attention_head_size': 1, 'learning_rate': 0.06587985949882276}. Best is trial 1 with value: 83.53887176513672.
LOCAL_RANK: 0 - CUDA_VISIBLE_DEVICES: [0]
[I 2023-12-16 03:28:39,513] Trial 3 finished with value: 294.2243347167969 and parameters: {'gradient_clip_val': 0.5559084006295433, 'hidden_size': 21, 'dropout': 0.3114901834317322, 'hidden_continuous_size': 20, 'attention_head_size': 1, 'learning_rate': 0.04992371655344828}. Best is trial 1 with value: 83.53887176513672.
LOCAL_RANK: 0 - CUDA_VISIBLE_DEVICES: [0]
[I 2023-12-16 03:29:25,302] Trial 4 finished with value: 66.2639389038086 and parameters: {'gradient_clip_val': 0.12737448259977266, 'hidden_size': 11, 'dropout': 0.21985471899901957, 'hidden_continuous_size': 10, 'attention_head_size': 2, 'learning_rate': 0.007618945633777493}. Best is trial 4 with value: 66.2639389038086.
LOCAL_RANK: 0 - CUDA_VISIBLE_DEVICES: [0]
[I 2023-12-16 03:30:14,451] Trial 5 finished with value: 200.47608947753906 and parameters: {'gradient_clip_val': 0.2889440138973885, 'hidden_size': 23, 'dropout': 0.313069567664186, 'hidden_continuous_size': 19, 'attention_head_size': 2, 'learning_rate': 0.03799931481505075}. Best is trial 4 with value: 66.2639389038086.
LOCAL_RANK: 0 - CUDA_VISIBLE_DEVICES: [0]
[I 2023-12-16 03:31:07,867] Trial 6 finished with value: 170.29611206054688 and parameters: {'gradient_clip_val': 0.29396209691889785, 'hidden_size': 49, 'dropout': 0.39157970358281313, 'hidden_continuous_size': 20, 'attention_head_size': 3, 'learning_rate': 0.009442583057859655}. Best is trial 4 with value: 66.2639389038086.
LOCAL_RANK: 0 - CUDA_VISIBLE_DEVICES: [0]
[I 2023-12-16 03:31:52,909] Trial 7 finished with value: 199.1270294189453 and parameters: {'gradient_clip_val': 0.40374099155821397, 'hidden_size': 7, 'dropout': 0.20165968533263323, 'hidden_continuous_size': 5, 'attention_head_size': 2, 'learning_rate': 0.0007894384703448337}. Best is trial 4 with value: 66.2639389038086.
LOCAL_RANK: 0 - CUDA_VISIBLE_DEVICES: [0]
[I 2023-12-16 03:32:38,234] Trial 8 finished with value: 156.0476837158203 and parameters: {'gradient_clip_val': 0.7438949765037138, 'hidden_size': 6, 'dropout': 0.2666785146938858, 'hidden_continuous_size': 5, 'attention_head_size': 3, 'learning_rate': 0.001984074612224825}. Best is trial 4 with value: 66.2639389038086.
LOCAL_RANK: 0 - CUDA_VISIBLE_DEVICES: [0]
[I 2023-12-16 03:33:32,776] Trial 9 finished with value: 85.59876251220703 and parameters: {'gradient_clip_val': 0.6799963657984859, 'hidden_size': 73, 'dropout': 0.3002068161374453, 'hidden_continuous_size': 19, 'attention_head_size': 4, 'learning_rate': 0.0035412062027560753}. Best is trial 4 with value: 66.2639389038086.
LOCAL_RANK: 0 - CUDA_VISIBLE_DEVICES: [0]
[I 2023-12-16 03:34:07,512] Trial 10 finished with value: 75.11996459960938 and parameters: {'gradient_clip_val': 0.10226128785228361, 'hidden_size': 5, 'dropout': 0.1150580934220331, 'hidden_continuous_size': 5, 'attention_head_size': 4, 'learning_rate': 0.011528734281411334}. Best is trial 4 with value: 66.2639389038086.
LOCAL_RANK: 0 - CUDA_VISIBLE_DEVICES: [0]
[I 2023-12-16 03:34:42,052] Trial 11 finished with value: 80.1309814453125 and parameters: {'gradient_clip_val': 0.10164612187406917, 'hidden_size': 5, 'dropout': 0.10236978048129376, 'hidden_continuous_size': 5, 'attention_head_size': 4, 'learning_rate': 0.010564811624539617}. Best is trial 4 with value: 66.2639389038086.
LOCAL_RANK: 0 - CUDA_VISIBLE_DEVICES: [0]
[I 2023-12-16 03:35:27,281] Trial 12 finished with value: 95.930419921875 and parameters: {'gradient_clip_val': 0.11144345913891261, 'hidden_size': 11, 'dropout': 0.18407166625592106, 'hidden_continuous_size': 6, 'attention_head_size': 2, 'learning_rate': 0.018395498406639094}. Best is trial 4 with value: 66.2639389038086.
LOCAL_RANK: 0 - CUDA_VISIBLE_DEVICES: [0]
[I 2023-12-16 03:36:01,775] Trial 13 finished with value: 93.7564468383789 and parameters: {'gradient_clip_val': 0.16098842282967954, 'hidden_size': 5, 'dropout': 0.11486313050311064, 'hidden_continuous_size': 5, 'attention_head_size': 4, 'learning_rate': 0.004514186830659322}. Best is trial 4 with value: 66.2639389038086.
LOCAL_RANK: 0 - CUDA_VISIBLE_DEVICES: [0]
[I 2023-12-16 03:36:47,467] Trial 14 finished with value: 310.3149108886719 and parameters: {'gradient_clip_val': 0.15156993902447435, 'hidden_size': 10, 'dropout': 0.2073853024738154, 'hidden_continuous_size': 6, 'attention_head_size': 3, 'learning_rate': 0.02105019136435545}. Best is trial 4 with value: 66.2639389038086.
LOCAL_RANK: 0 - CUDA_VISIBLE_DEVICES: [0]
