[rank: 0] Seed set to 42
[I 2023-12-26 11:21:50,393] A new study created in memory with name: no-name-07385001-f309-4c35-b116-8e74549bc2af
/home/le004/conda/anaconda3/envs/tsff_env/lib/python3.9/site-packages/lightning/fabric/plugins/environments/slurm.py:191: The `srun` command is available on your system but is not used. HINT: If your intention is to run Lightning on SLURM, prepend your python command with `srun` like so: srun python /home/le004/master_thesis/git/TSFusionForecast/code/ ...
[I 2023-12-26 11:26:30,192] Trial 0 finished with value: 23.384307861328125 and parameters: {'gradient_clip_val': 0.11356721550434727, 'hidden_size': 83, 'dropout': 0.19627294432961662, 'hidden_continuous_size': 13, 'attention_head_size': 1, 'learning_rate': 0.011688998373692604}. Best is trial 0 with value: 23.384307861328125.
[I 2023-12-26 11:26:38,165] Trial 1 finished with value: 75.448974609375 and parameters: {'gradient_clip_val': 0.44553336563824036, 'hidden_size': 138, 'dropout': 0.13854524574341529, 'hidden_continuous_size': 13, 'attention_head_size': 3, 'learning_rate': 0.0015602523748340078}. Best is trial 0 with value: 23.384307861328125.
[I 2023-12-26 11:26:40,715] Trial 2 finished with value: 66.12325286865234 and parameters: {'gradient_clip_val': 0.1711445019909937, 'hidden_size': 38, 'dropout': 0.45535419554282486, 'hidden_continuous_size': 15, 'attention_head_size': 2, 'learning_rate': 0.0030604830199862923}. Best is trial 0 with value: 23.384307861328125.
[I 2023-12-26 11:26:42,355] Trial 3 finished with value: 62.181636810302734 and parameters: {'gradient_clip_val': 0.13389122440494197, 'hidden_size': 6, 'dropout': 0.14732686953268725, 'hidden_continuous_size': 6, 'attention_head_size': 1, 'learning_rate': 0.0006739132951699777}. Best is trial 0 with value: 23.384307861328125.
[I 2023-12-26 11:26:44,963] Trial 4 finished with value: 92.3508529663086 and parameters: {'gradient_clip_val': 0.1554389238244308, 'hidden_size': 48, 'dropout': 0.10321064716996409, 'hidden_continuous_size': 16, 'attention_head_size': 2, 'learning_rate': 0.004110418904513177}. Best is trial 0 with value: 23.384307861328125.
[I 2023-12-26 11:26:46,889] Trial 5 finished with value: 83.04363250732422 and parameters: {'gradient_clip_val': 0.21384927538628265, 'hidden_size': 10, 'dropout': 0.16515166794641267, 'hidden_continuous_size': 9, 'attention_head_size': 2, 'learning_rate': 0.03474481025648291}. Best is trial 0 with value: 23.384307861328125.
[I 2023-12-26 11:26:51,853] Trial 6 finished with value: 118.6126937866211 and parameters: {'gradient_clip_val': 0.14750286587379413, 'hidden_size': 86, 'dropout': 0.3357245514413346, 'hidden_continuous_size': 22, 'attention_head_size': 3, 'learning_rate': 0.0006622416804101682}. Best is trial 0 with value: 23.384307861328125.
[I 2023-12-26 11:26:54,826] Trial 7 finished with value: 77.62085723876953 and parameters: {'gradient_clip_val': 0.20306137847608022, 'hidden_size': 50, 'dropout': 0.11684147118212228, 'hidden_continuous_size': 21, 'attention_head_size': 4, 'learning_rate': 0.001276006355131672}. Best is trial 0 with value: 23.384307861328125.
[I 2023-12-26 11:26:57,413] Trial 8 finished with value: 77.7282943725586 and parameters: {'gradient_clip_val': 0.5314634964940279, 'hidden_size': 38, 'dropout': 0.16205078028661168, 'hidden_continuous_size': 26, 'attention_head_size': 1, 'learning_rate': 0.02142661291752005}. Best is trial 0 with value: 23.384307861328125.
[I 2023-12-26 11:27:03,384] Trial 9 finished with value: 46.677005767822266 and parameters: {'gradient_clip_val': 0.23298869723149962, 'hidden_size': 94, 'dropout': 0.2664817063692976, 'hidden_continuous_size': 88, 'attention_head_size': 2, 'learning_rate': 0.08096905811386282}. Best is trial 0 with value: 23.384307861328125.
[I 2023-12-26 11:27:05,191] Trial 10 finished with value: 72.36096954345703 and parameters: {'gradient_clip_val': 0.10042141225423587, 'hidden_size': 16, 'dropout': 0.2471358717092375, 'hidden_continuous_size': 6, 'attention_head_size': 1, 'learning_rate': 0.011843433053101763}. Best is trial 0 with value: 23.384307861328125.
[I 2023-12-26 11:27:13,907] Trial 11 finished with value: 55.001678466796875 and parameters: {'gradient_clip_val': 0.3030530304423553, 'hidden_size': 135, 'dropout': 0.26220670229574616, 'hidden_continuous_size': 88, 'attention_head_size': 1, 'learning_rate': 0.08042465046529926}. Best is trial 0 with value: 23.384307861328125.
[I 2023-12-26 11:27:19,115] Trial 12 finished with value: 110.8175048828125 and parameters: {'gradient_clip_val': 0.9009738035747245, 'hidden_size': 82, 'dropout': 0.22469664811869755, 'hidden_continuous_size': 80, 'attention_head_size': 2, 'learning_rate': 0.09868584007939425}. Best is trial 0 with value: 23.384307861328125.
[I 2023-12-26 11:27:21,261] Trial 13 finished with value: 96.23311614990234 and parameters: {'gradient_clip_val': 0.10187116792852702, 'hidden_size': 21, 'dropout': 0.3310012931725521, 'hidden_continuous_size': 8, 'attention_head_size': 3, 'learning_rate': 0.00835109174818658}. Best is trial 0 with value: 23.384307861328125.
[I 2023-12-26 11:27:25,732] Trial 14 finished with value: 74.10545349121094 and parameters: {'gradient_clip_val': 0.25595121790679326, 'hidden_size': 78, 'dropout': 0.21852100366198313, 'hidden_continuous_size': 39, 'attention_head_size': 1, 'learning_rate': 0.029518816093978772}. Best is trial 0 with value: 23.384307861328125.
[I 2023-12-26 11:27:35,673] Trial 15 finished with value: 57.9194450378418 and parameters: {'gradient_clip_val': 0.23460649084582166, 'hidden_size': 148, 'dropout': 0.31069477256027495, 'hidden_continuous_size': 132, 'attention_head_size': 2, 'learning_rate': 0.015507013720357536}. Best is trial 0 with value: 23.384307861328125.
[I 2023-12-26 11:27:39,934] Trial 16 finished with value: 61.39311599731445 and parameters: {'gradient_clip_val': 0.33501561212752806, 'hidden_size': 75, 'dropout': 0.19282714397446446, 'hidden_continuous_size': 32, 'attention_head_size': 4, 'learning_rate': 0.04804214818193241}. Best is trial 0 with value: 23.384307861328125.
[I 2023-12-26 11:27:42,210] Trial 17 finished with value: 107.39984893798828 and parameters: {'gradient_clip_val': 0.12487476736572414, 'hidden_size': 28, 'dropout': 0.28428344067905603, 'hidden_continuous_size': 5, 'attention_head_size': 1, 'learning_rate': 0.016275656579121497}. Best is trial 0 with value: 23.384307861328125.
[I 2023-12-26 11:27:48,940] Trial 18 finished with value: 68.29447174072266 and parameters: {'gradient_clip_val': 0.18061762891744712, 'hidden_size': 107, 'dropout': 0.18592758884158359, 'hidden_continuous_size': 52, 'attention_head_size': 2, 'learning_rate': 0.0496606459969778}. Best is trial 0 with value: 23.384307861328125.
[I 2023-12-26 11:27:52,934] Trial 19 finished with value: 75.79467010498047 and parameters: {'gradient_clip_val': 0.12660234011207155, 'hidden_size': 60, 'dropout': 0.3748642213397628, 'hidden_continuous_size': 12, 'attention_head_size': 3, 'learning_rate': 0.010283425041082211}. Best is trial 0 with value: 23.384307861328125.
[I 2023-12-26 11:27:59,628] Trial 20 finished with value: 79.88606262207031 and parameters: {'gradient_clip_val': 0.1826653464151769, 'hidden_size': 101, 'dropout': 0.26850367336294656, 'hidden_continuous_size': 41, 'attention_head_size': 1, 'learning_rate': 0.0065065090763714965}. Best is trial 0 with value: 23.384307861328125.
[I 2023-12-26 11:28:10,263] Trial 21 finished with value: 46.59157180786133 and parameters: {'gradient_clip_val': 0.2847134788301372, 'hidden_size': 150, 'dropout': 0.2467195415830662, 'hidden_continuous_size': 148, 'attention_head_size': 1, 'learning_rate': 0.07211349674534831}. Best is trial 0 with value: 23.384307861328125.
[I 2023-12-26 11:28:19,861] Trial 22 finished with value: 46.438812255859375 and parameters: {'gradient_clip_val': 0.2644558359082645, 'hidden_size': 109, 'dropout': 0.224005617973696, 'hidden_continuous_size': 101, 'attention_head_size': 1, 'learning_rate': 0.057468713729970373}. Best is trial 0 with value: 23.384307861328125.
[I 2023-12-26 11:28:27,955] Trial 23 finished with value: 59.9483642578125 and parameters: {'gradient_clip_val': 0.2937548529258033, 'hidden_size': 117, 'dropout': 0.21020991433306568, 'hidden_continuous_size': 113, 'attention_head_size': 1, 'learning_rate': 0.024524897562493774}. Best is trial 0 with value: 23.384307861328125.
[I 2023-12-26 11:28:37,709] Trial 24 finished with value: 62.64626693725586 and parameters: {'gradient_clip_val': 0.37526721122445117, 'hidden_size': 140, 'dropout': 0.22979994255946284, 'hidden_continuous_size': 139, 'attention_head_size': 1, 'learning_rate': 0.04765328883300228}. Best is trial 0 with value: 23.384307861328125.
[I 2023-12-26 11:28:41,528] Trial 25 finished with value: 75.94132232666016 and parameters: {'gradient_clip_val': 0.18574038938972226, 'hidden_size': 67, 'dropout': 0.1895763204174971, 'hidden_continuous_size': 20, 'attention_head_size': 1, 'learning_rate': 0.03573384202518636}. Best is trial 0 with value: 23.384307861328125.
[I 2023-12-26 11:28:48,028] Trial 26 finished with value: 67.89089965820312 and parameters: {'gradient_clip_val': 0.2608547682588146, 'hidden_size': 105, 'dropout': 0.23040454063594704, 'hidden_continuous_size': 61, 'attention_head_size': 1, 'learning_rate': 0.06257873170134946}. Best is trial 0 with value: 23.384307861328125.
[I 2023-12-26 11:28:54,548] Trial 27 finished with value: 67.68680572509766 and parameters: {'gradient_clip_val': 0.2050065066690908, 'hidden_size': 106, 'dropout': 0.1828835207560287, 'hidden_continuous_size': 68, 'attention_head_size': 2, 'learning_rate': 0.02188839547812002}. Best is trial 0 with value: 23.384307861328125.
[I 2023-12-26 11:28:58,103] Trial 28 finished with value: 82.79438018798828 and parameters: {'gradient_clip_val': 0.37112128073718725, 'hidden_size': 61, 'dropout': 0.2529070426593053, 'hidden_continuous_size': 45, 'attention_head_size': 1, 'learning_rate': 0.06230357918911328}. Best is trial 0 with value: 23.384307861328125.
[I 2023-12-26 11:29:07,823] Trial 29 finished with value: 71.45917510986328 and parameters: {'gradient_clip_val': 0.46055847360938335, 'hidden_size': 147, 'dropout': 0.13898107161195672, 'hidden_continuous_size': 108, 'attention_head_size': 1, 'learning_rate': 0.03720918851348998}. Best is trial 0 with value: 23.384307861328125.
[I 2023-12-26 11:29:15,421] Trial 30 finished with value: 48.9000129699707 and parameters: {'gradient_clip_val': 0.28000692702568375, 'hidden_size': 123, 'dropout': 0.2932929068041873, 'hidden_continuous_size': 73, 'attention_head_size': 2, 'learning_rate': 0.09586306309555659}. Best is trial 0 with value: 23.384307861328125.
[I 2023-12-26 11:29:20,987] Trial 31 finished with value: 54.05726623535156 and parameters: {'gradient_clip_val': 0.23827649127718256, 'hidden_size': 92, 'dropout': 0.25448819557113583, 'hidden_continuous_size': 60, 'attention_head_size': 2, 'learning_rate': 0.06714017570485063}. Best is trial 0 with value: 23.384307861328125.
[I 2023-12-26 11:29:26,770] Trial 32 finished with value: 58.66685104370117 and parameters: {'gradient_clip_val': 0.161656064763319, 'hidden_size': 91, 'dropout': 0.20201248204218222, 'hidden_continuous_size': 57, 'attention_head_size': 1, 'learning_rate': 0.07559549955220014}. Best is trial 0 with value: 23.384307861328125.
[I 2023-12-26 11:29:34,258] Trial 33 finished with value: 47.89268112182617 and parameters: {'gradient_clip_val': 0.2308124904974342, 'hidden_size': 117, 'dropout': 0.23642709644638388, 'hidden_continuous_size': 90, 'attention_head_size': 2, 'learning_rate': 0.09642998539162571}. Best is trial 0 with value: 23.384307861328125.
[I 2023-12-26 11:29:38,518] Trial 34 finished with value: 68.5035400390625 and parameters: {'gradient_clip_val': 0.26669265621965127, 'hidden_size': 71, 'dropout': 0.27184933177529713, 'hidden_continuous_size': 51, 'attention_head_size': 1, 'learning_rate': 0.044996089605115974}. Best is trial 0 with value: 23.384307861328125.
[I 2023-12-26 11:29:48,457] Trial 35 finished with value: 53.9119873046875 and parameters: {'gradient_clip_val': 0.15777421236833572, 'hidden_size': 147, 'dropout': 0.1751385561812912, 'hidden_continuous_size': 105, 'attention_head_size': 2, 'learning_rate': 0.03079336686718103}. Best is trial 0 with value: 23.384307861328125.
[I 2023-12-26 11:29:54,390] Trial 36 finished with value: 75.29112243652344 and parameters: {'gradient_clip_val': 0.20719270717589858, 'hidden_size': 91, 'dropout': 0.20784918544593842, 'hidden_continuous_size': 65, 'attention_head_size': 3, 'learning_rate': 0.05987467569474877}. Best is trial 0 with value: 23.384307861328125.
[I 2023-12-26 11:29:57,743] Trial 37 finished with value: 70.12625885009766 and parameters: {'gradient_clip_val': 0.13929741906016802, 'hidden_size': 52, 'dropout': 0.16030570497714622, 'hidden_continuous_size': 46, 'attention_head_size': 2, 'learning_rate': 0.002745752362936275}. Best is trial 0 with value: 23.384307861328125.
[I 2023-12-26 11:30:00,611] Trial 38 finished with value: 74.46288299560547 and parameters: {'gradient_clip_val': 0.319856318410291, 'hidden_size': 42, 'dropout': 0.1213997281749721, 'hidden_continuous_size': 36, 'attention_head_size': 1, 'learning_rate': 0.04117454801892465}. Best is trial 0 with value: 23.384307861328125.
[I 2023-12-26 11:30:08,584] Trial 39 finished with value: 73.7503433227539 and parameters: {'gradient_clip_val': 0.17065114924249147, 'hidden_size': 121, 'dropout': 0.14407982832850874, 'hidden_continuous_size': 88, 'attention_head_size': 3, 'learning_rate': 0.0279132480605251}. Best is trial 0 with value: 23.384307861328125.
[I 2023-12-26 11:30:13,613] Trial 40 finished with value: 59.33232116699219 and parameters: {'gradient_clip_val': 0.22790107869981316, 'hidden_size': 83, 'dropout': 0.24448352017735375, 'hidden_continuous_size': 15, 'attention_head_size': 1, 'learning_rate': 0.07474304834437205}. Best is trial 0 with value: 23.384307861328125.
[I 2023-12-26 11:30:21,430] Trial 41 finished with value: 66.77716064453125 and parameters: {'gradient_clip_val': 0.22488933195630015, 'hidden_size': 119, 'dropout': 0.2361750008205712, 'hidden_continuous_size': 88, 'attention_head_size': 2, 'learning_rate': 0.0768902439104354}. Best is trial 0 with value: 23.384307861328125.
[I 2023-12-26 11:30:28,249] Trial 42 finished with value: 56.62394332885742 and parameters: {'gradient_clip_val': 0.19965771957435835, 'hidden_size': 102, 'dropout': 0.21532676456743433, 'hidden_continuous_size': 78, 'attention_head_size': 2, 'learning_rate': 0.05348585812251866}. Best is trial 0 with value: 23.384307861328125.
[I 2023-12-26 11:30:36,127] Trial 43 finished with value: 48.6451530456543 and parameters: {'gradient_clip_val': 0.24915945915386162, 'hidden_size': 120, 'dropout': 0.24278117918425166, 'hidden_continuous_size': 92, 'attention_head_size': 2, 'learning_rate': 0.0960716242951284}. Best is trial 0 with value: 23.384307861328125.
[I 2023-12-26 11:30:40,974] Trial 44 finished with value: 51.75313949584961 and parameters: {'gradient_clip_val': 0.2921820310495533, 'hidden_size': 73, 'dropout': 0.2787414050215165, 'hidden_continuous_size': 61, 'attention_head_size': 4, 'learning_rate': 0.03863851210162349}. Best is trial 0 with value: 23.384307861328125.
[I 2023-12-26 11:30:44,745] Trial 45 finished with value: 77.09275817871094 and parameters: {'gradient_clip_val': 0.1418428288587944, 'hidden_size': 58, 'dropout': 0.2631866426025457, 'hidden_continuous_size': 50, 'attention_head_size': 2, 'learning_rate': 0.09799229488121204}. Best is trial 0 with value: 23.384307861328125.
[I 2023-12-26 11:30:50,559] Trial 46 finished with value: 51.6319694519043 and parameters: {'gradient_clip_val': 0.22661742451394734, 'hidden_size': 84, 'dropout': 0.16182251660577407, 'hidden_continuous_size': 70, 'attention_head_size': 1, 'learning_rate': 0.058741736363572994}. Best is trial 0 with value: 23.384307861328125.
[I 2023-12-26 11:31:01,286] Trial 47 finished with value: 55.68781661987305 and parameters: {'gradient_clip_val': 0.11279079934139083, 'hidden_size': 150, 'dropout': 0.2018146540644195, 'hidden_continuous_size': 135, 'attention_head_size': 1, 'learning_rate': 0.07954289681617363}. Best is trial 0 with value: 23.384307861328125.
[I 2023-12-26 11:31:10,214] Trial 48 finished with value: 78.4952621459961 and parameters: {'gradient_clip_val': 0.15284939036186224, 'hidden_size': 129, 'dropout': 0.2307080515140379, 'hidden_continuous_size': 111, 'attention_head_size': 2, 'learning_rate': 0.02033807564115377}. Best is trial 0 with value: 23.384307861328125.
[I 2023-12-26 11:31:16,558] Trial 49 finished with value: 56.85173034667969 and parameters: {'gradient_clip_val': 0.2622271891454435, 'hidden_size': 93, 'dropout': 0.21875346256542533, 'hidden_continuous_size': 76, 'attention_head_size': 3, 'learning_rate': 0.05279744334451651}. Best is trial 0 with value: 23.384307861328125.
[I 2023-12-26 11:31:16,682] A new study created in memory with name: no-name-48e37cbf-8f32-45f8-855c-200ebb548913
/home/le004/conda/anaconda3/envs/tsff_env/lib/python3.9/site-packages/lightning/fabric/plugins/environments/slurm.py:191: The `srun` command is available on your system but is not used. HINT: If your intention is to run Lightning on SLURM, prepend your python command with `srun` like so: srun python /home/le004/master_thesis/git/TSFusionForecast/code/ ...
[I 2023-12-26 11:33:32,919] Trial 0 finished with value: 4.487027168273926 and parameters: {'gradient_clip_val': 0.9042761388476348, 'hidden_size': 22, 'dropout': 0.140821296278894, 'hidden_continuous_size': 10, 'attention_head_size': 1, 'learning_rate': 0.027987898618717443}. Best is trial 0 with value: 4.487027168273926.
[I 2023-12-26 11:33:37,505] Trial 1 finished with value: 9.28842544555664 and parameters: {'gradient_clip_val': 0.8091095821206863, 'hidden_size': 56, 'dropout': 0.16352388059109413, 'hidden_continuous_size': 20, 'attention_head_size': 4, 'learning_rate': 0.0033699708629967937}. Best is trial 0 with value: 4.487027168273926.
[I 2023-12-26 11:33:40,162] Trial 2 finished with value: 12.602459907531738 and parameters: {'gradient_clip_val': 0.4223500677414261, 'hidden_size': 37, 'dropout': 0.17820157008665172, 'hidden_continuous_size': 32, 'attention_head_size': 2, 'learning_rate': 0.09743423174215429}. Best is trial 0 with value: 4.487027168273926.
[I 2023-12-26 11:33:42,864] Trial 3 finished with value: 9.130716323852539 and parameters: {'gradient_clip_val': 0.18678076733086207, 'hidden_size': 35, 'dropout': 0.32313278097054754, 'hidden_continuous_size': 14, 'attention_head_size': 2, 'learning_rate': 0.006625684558240149}. Best is trial 0 with value: 4.487027168273926.
[I 2023-12-26 11:33:44,865] Trial 4 finished with value: 15.38957691192627 and parameters: {'gradient_clip_val': 0.6789203340460255, 'hidden_size': 10, 'dropout': 0.24424952628197022, 'hidden_continuous_size': 8, 'attention_head_size': 4, 'learning_rate': 0.0409570012798905}. Best is trial 0 with value: 4.487027168273926.
[I 2023-12-26 11:33:47,754] Trial 5 finished with value: 12.983899116516113 and parameters: {'gradient_clip_val': 0.22097477450523945, 'hidden_size': 36, 'dropout': 0.32186676562118316, 'hidden_continuous_size': 7, 'attention_head_size': 3, 'learning_rate': 0.0021576332702793743}. Best is trial 0 with value: 4.487027168273926.
[I 2023-12-26 11:33:50,326] Trial 6 finished with value: 16.055749893188477 and parameters: {'gradient_clip_val': 0.1093361789240168, 'hidden_size': 33, 'dropout': 0.1540286899257144, 'hidden_continuous_size': 13, 'attention_head_size': 2, 'learning_rate': 0.0012733104406191054}. Best is trial 0 with value: 4.487027168273926.
[I 2023-12-26 11:34:01,542] Trial 7 finished with value: 11.398387908935547 and parameters: {'gradient_clip_val': 0.24269440384014415, 'hidden_size': 145, 'dropout': 0.29356259931914913, 'hidden_continuous_size': 9, 'attention_head_size': 2, 'learning_rate': 0.0029239052152708615}. Best is trial 0 with value: 4.487027168273926.
[I 2023-12-26 11:34:04,281] Trial 8 finished with value: 10.083833694458008 and parameters: {'gradient_clip_val': 0.6247309744393974, 'hidden_size': 25, 'dropout': 0.1056089032169016, 'hidden_continuous_size': 23, 'attention_head_size': 1, 'learning_rate': 0.020348555576108353}. Best is trial 0 with value: 4.487027168273926.
[I 2023-12-26 11:34:13,166] Trial 9 finished with value: 12.372519493103027 and parameters: {'gradient_clip_val': 0.6507590955845035, 'hidden_size': 110, 'dropout': 0.14647303499743863, 'hidden_continuous_size': 71, 'attention_head_size': 1, 'learning_rate': 0.002209215473298398}. Best is trial 0 with value: 4.487027168273926.
[I 2023-12-26 11:34:15,409] Trial 10 finished with value: 13.690719604492188 and parameters: {'gradient_clip_val': 0.41012280062978457, 'hidden_size': 7, 'dropout': 0.4238754711277975, 'hidden_continuous_size': 5, 'attention_head_size': 1, 'learning_rate': 0.0006027942894863017}. Best is trial 0 with value: 4.487027168273926.
[I 2023-12-26 11:34:17,896] Trial 11 finished with value: 9.604523658752441 and parameters: {'gradient_clip_val': 0.9261301802014205, 'hidden_size': 17, 'dropout': 0.39186602808957605, 'hidden_continuous_size': 10, 'attention_head_size': 3, 'learning_rate': 0.011978230118865861}. Best is trial 0 with value: 4.487027168273926.
[I 2023-12-26 11:34:20,026] Trial 12 finished with value: 17.536117553710938 and parameters: {'gradient_clip_val': 0.16320067577078914, 'hidden_size': 16, 'dropout': 0.4846963036350041, 'hidden_continuous_size': 5, 'attention_head_size': 1, 'learning_rate': 0.009207501916561805}. Best is trial 0 with value: 4.487027168273926.
[I 2023-12-26 11:34:24,655] Trial 13 finished with value: 15.069465637207031 and parameters: {'gradient_clip_val': 0.9955057799209763, 'hidden_size': 73, 'dropout': 0.23132144214699957, 'hidden_continuous_size': 13, 'attention_head_size': 2, 'learning_rate': 0.005778941974952045}. Best is trial 0 with value: 4.487027168273926.
