[I 2023-12-27 11:24:24,790] Trial 14 finished with value: 27.29335594177246 and parameters: {'gradient_clip_val': 0.9925426879357877, 'hidden_size': 17, 'dropout': 0.2489752223290828, 'hidden_continuous_size': 5, 'attention_head_size': 3, 'learning_rate': 0.00696731282549326}. Best is trial 0 with value: 4.023961544036865.
LOCAL_RANK: 0 - CUDA_VISIBLE_DEVICES: [0]
[I 2023-12-27 11:24:25,287] Trial 15 finished with value: 20.735437393188477 and parameters: {'gradient_clip_val': 0.6027025350870806, 'hidden_size': 46, 'dropout': 0.39426093846272553, 'hidden_continuous_size': 29, 'attention_head_size': 4, 'learning_rate': 0.03646375392150452}. Best is trial 0 with value: 4.023961544036865.
LOCAL_RANK: 0 - CUDA_VISIBLE_DEVICES: [0]
[I 2023-12-27 11:24:25,844] Trial 16 finished with value: 17.353456497192383 and parameters: {'gradient_clip_val': 0.10468425182253555, 'hidden_size': 97, 'dropout': 0.3398695814179246, 'hidden_continuous_size': 82, 'attention_head_size': 2, 'learning_rate': 0.08133123275796506}. Best is trial 0 with value: 4.023961544036865.
LOCAL_RANK: 0 - CUDA_VISIBLE_DEVICES: [0]
[I 2023-12-27 11:24:26,334] Trial 17 finished with value: 17.171777725219727 and parameters: {'gradient_clip_val': 0.7387181084116587, 'hidden_size': 52, 'dropout': 0.46112587310168807, 'hidden_continuous_size': 14, 'attention_head_size': 3, 'learning_rate': 0.014699006451829132}. Best is trial 0 with value: 4.023961544036865.
LOCAL_RANK: 0 - CUDA_VISIBLE_DEVICES: [0]
[I 2023-12-27 11:24:26,848] Trial 18 finished with value: 16.740022659301758 and parameters: {'gradient_clip_val': 0.48189885545405825, 'hidden_size': 81, 'dropout': 0.42361666481311727, 'hidden_continuous_size': 22, 'attention_head_size': 4, 'learning_rate': 0.0027300285532159537}. Best is trial 0 with value: 4.023961544036865.
LOCAL_RANK: 0 - CUDA_VISIBLE_DEVICES: [0]
[I 2023-12-27 11:24:27,343] Trial 19 finished with value: 16.257314682006836 and parameters: {'gradient_clip_val': 0.34790192707819145, 'hidden_size': 36, 'dropout': 0.49658715372987294, 'hidden_continuous_size': 10, 'attention_head_size': 3, 'learning_rate': 0.008646400361984835}. Best is trial 0 with value: 4.023961544036865.
LOCAL_RANK: 0 - CUDA_VISIBLE_DEVICES: [0]
[I 2023-12-27 11:24:27,808] Trial 20 finished with value: 15.7686128616333 and parameters: {'gradient_clip_val': 0.47428743117168787, 'hidden_size': 52, 'dropout': 0.11198391960257037, 'hidden_continuous_size': 18, 'attention_head_size': 4, 'learning_rate': 0.017097215887153766}. Best is trial 0 with value: 4.023961544036865.
LOCAL_RANK: 0 - CUDA_VISIBLE_DEVICES: [0]
[I 2023-12-27 11:24:28,311] Trial 21 finished with value: 22.836881637573242 and parameters: {'gradient_clip_val': 0.6035114409789253, 'hidden_size': 31, 'dropout': 0.37628049897843363, 'hidden_continuous_size': 11, 'attention_head_size': 4, 'learning_rate': 0.010281357809500442}. Best is trial 0 with value: 4.023961544036865.
LOCAL_RANK: 0 - CUDA_VISIBLE_DEVICES: [0]
[I 2023-12-27 11:24:29,043] Trial 22 finished with value: 15.67906665802002 and parameters: {'gradient_clip_val': 0.7440541405485701, 'hidden_size': 22, 'dropout': 0.3560604155810233, 'hidden_continuous_size': 9, 'attention_head_size': 4, 'learning_rate': 0.03956643661993782}. Best is trial 0 with value: 4.023961544036865.
LOCAL_RANK: 0 - CUDA_VISIBLE_DEVICES: [0]
[I 2023-12-27 11:24:29,545] Trial 23 finished with value: 13.544876098632812 and parameters: {'gradient_clip_val': 0.5668238336766065, 'hidden_size': 37, 'dropout': 0.3956603080906185, 'hidden_continuous_size': 13, 'attention_head_size': 4, 'learning_rate': 0.007036538259085275}. Best is trial 0 with value: 4.023961544036865.
LOCAL_RANK: 0 - CUDA_VISIBLE_DEVICES: [0]
[I 2023-12-27 11:24:30,057] Trial 24 finished with value: 16.169172286987305 and parameters: {'gradient_clip_val': 0.5503453938369639, 'hidden_size': 64, 'dropout': 0.4366051796432724, 'hidden_continuous_size': 12, 'attention_head_size': 3, 'learning_rate': 0.005518175281819367}. Best is trial 0 with value: 4.023961544036865.
LOCAL_RANK: 0 - CUDA_VISIBLE_DEVICES: [0]
[I 2023-12-27 11:24:30,526] Trial 25 finished with value: 14.277114868164062 and parameters: {'gradient_clip_val': 0.8276987529126423, 'hidden_size': 41, 'dropout': 0.40308824915699826, 'hidden_continuous_size': 12, 'attention_head_size': 4, 'learning_rate': 0.007497696214581673}. Best is trial 0 with value: 4.023961544036865.
LOCAL_RANK: 0 - CUDA_VISIBLE_DEVICES: [0]
[I 2023-12-27 11:24:30,973] Trial 26 finished with value: 10.128127098083496 and parameters: {'gradient_clip_val': 0.684342231623717, 'hidden_size': 52, 'dropout': 0.3288602519305196, 'hidden_continuous_size': 8, 'attention_head_size': 3, 'learning_rate': 0.02103250779724192}. Best is trial 0 with value: 4.023961544036865.
LOCAL_RANK: 0 - CUDA_VISIBLE_DEVICES: [0]
[I 2023-12-27 11:24:31,472] Trial 27 finished with value: 12.2762451171875 and parameters: {'gradient_clip_val': 0.8695338555295631, 'hidden_size': 90, 'dropout': 0.32365978663888967, 'hidden_continuous_size': 7, 'attention_head_size': 2, 'learning_rate': 0.02352850035886632}. Best is trial 0 with value: 4.023961544036865.
LOCAL_RANK: 0 - CUDA_VISIBLE_DEVICES: [0]
[I 2023-12-27 11:24:31,942] Trial 28 finished with value: 15.790003776550293 and parameters: {'gradient_clip_val': 0.9713684508369553, 'hidden_size': 90, 'dropout': 0.3260649891575311, 'hidden_continuous_size': 8, 'attention_head_size': 2, 'learning_rate': 0.04990820693719109}. Best is trial 0 with value: 4.023961544036865.
LOCAL_RANK: 0 - CUDA_VISIBLE_DEVICES: [0]
[I 2023-12-27 11:24:32,419] Trial 29 finished with value: 18.711626052856445 and parameters: {'gradient_clip_val': 0.857766730159855, 'hidden_size': 113, 'dropout': 0.296481858605669, 'hidden_continuous_size': 5, 'attention_head_size': 2, 'learning_rate': 0.02397970089406033}. Best is trial 0 with value: 4.023961544036865.
LOCAL_RANK: 0 - CUDA_VISIBLE_DEVICES: [0]
[I 2023-12-27 11:24:32,934] Trial 30 finished with value: 16.53852081298828 and parameters: {'gradient_clip_val': 0.8471465180161184, 'hidden_size': 145, 'dropout': 0.3163987964602335, 'hidden_continuous_size': 7, 'attention_head_size': 1, 'learning_rate': 0.018091990258201664}. Best is trial 0 with value: 4.023961544036865.
LOCAL_RANK: 0 - CUDA_VISIBLE_DEVICES: [0]
[I 2023-12-27 11:24:33,401] Trial 31 finished with value: 20.34050750732422 and parameters: {'gradient_clip_val': 0.7168477440765465, 'hidden_size': 64, 'dropout': 0.3547548652748656, 'hidden_continuous_size': 8, 'attention_head_size': 2, 'learning_rate': 0.024599553487424503}. Best is trial 0 with value: 4.023961544036865.
LOCAL_RANK: 0 - CUDA_VISIBLE_DEVICES: [0]
[I 2023-12-27 11:24:33,904] Trial 32 finished with value: 15.954818725585938 and parameters: {'gradient_clip_val': 0.6964209982524959, 'hidden_size': 53, 'dropout': 0.2713069942600812, 'hidden_continuous_size': 9, 'attention_head_size': 3, 'learning_rate': 0.012940313716340066}. Best is trial 0 with value: 4.023961544036865.
LOCAL_RANK: 0 - CUDA_VISIBLE_DEVICES: [0]
[I 2023-12-27 11:24:34,414] Trial 33 finished with value: 20.22374153137207 and parameters: {'gradient_clip_val': 0.6825137586793987, 'hidden_size': 83, 'dropout': 0.3224624665055177, 'hidden_continuous_size': 17, 'attention_head_size': 1, 'learning_rate': 0.01919053763376179}. Best is trial 0 with value: 4.023961544036865.
LOCAL_RANK: 0 - CUDA_VISIBLE_DEVICES: [0]
[I 2023-12-27 11:24:34,918] Trial 34 finished with value: 20.075279235839844 and parameters: {'gradient_clip_val': 0.8334378594789047, 'hidden_size': 67, 'dropout': 0.3787835770431458, 'hidden_continuous_size': 6, 'attention_head_size': 2, 'learning_rate': 0.03231059179693}. Best is trial 0 with value: 4.023961544036865.
LOCAL_RANK: 0 - CUDA_VISIBLE_DEVICES: [0]
[I 2023-12-27 11:24:35,636] Trial 35 finished with value: 18.480321884155273 and parameters: {'gradient_clip_val': 0.5298027895549928, 'hidden_size': 47, 'dropout': 0.4553939968841131, 'hidden_continuous_size': 11, 'attention_head_size': 3, 'learning_rate': 0.051517891492566276}. Best is trial 0 with value: 4.023961544036865.
LOCAL_RANK: 0 - CUDA_VISIBLE_DEVICES: [0]
[I 2023-12-27 11:24:36,164] Trial 36 finished with value: 16.02798080444336 and parameters: {'gradient_clip_val': 0.6560782358558828, 'hidden_size': 103, 'dropout': 0.41698347641065037, 'hidden_continuous_size': 27, 'attention_head_size': 2, 'learning_rate': 0.011843052441875442}. Best is trial 0 with value: 4.023961544036865.
LOCAL_RANK: 0 - CUDA_VISIBLE_DEVICES: [0]
[I 2023-12-27 11:24:36,655] Trial 37 finished with value: 22.261449813842773 and parameters: {'gradient_clip_val': 0.9963069754777297, 'hidden_size': 59, 'dropout': 0.30680898624274966, 'hidden_continuous_size': 5, 'attention_head_size': 3, 'learning_rate': 0.020834504025202587}. Best is trial 0 with value: 4.023961544036865.
LOCAL_RANK: 0 - CUDA_VISIBLE_DEVICES: [0]
[I 2023-12-27 11:24:37,157] Trial 38 finished with value: 18.31260871887207 and parameters: {'gradient_clip_val': 0.3843026632542543, 'hidden_size': 43, 'dropout': 0.3424421580240431, 'hidden_continuous_size': 7, 'attention_head_size': 4, 'learning_rate': 0.01659080265244514}. Best is trial 0 with value: 4.023961544036865.
LOCAL_RANK: 0 - CUDA_VISIBLE_DEVICES: [0]
[I 2023-12-27 11:24:37,673] Trial 39 finished with value: 16.862192153930664 and parameters: {'gradient_clip_val': 0.5109475681031485, 'hidden_size': 114, 'dropout': 0.43785482034826706, 'hidden_continuous_size': 6, 'attention_head_size': 3, 'learning_rate': 0.030298852790269046}. Best is trial 0 with value: 4.023961544036865.
LOCAL_RANK: 0 - CUDA_VISIBLE_DEVICES: [0]
[I 2023-12-27 11:24:38,182] Trial 40 finished with value: 18.86810874938965 and parameters: {'gradient_clip_val': 0.2931522416477965, 'hidden_size': 75, 'dropout': 0.38563937441518, 'hidden_continuous_size': 16, 'attention_head_size': 2, 'learning_rate': 0.010107657870330468}. Best is trial 0 with value: 4.023961544036865.
LOCAL_RANK: 0 - CUDA_VISIBLE_DEVICES: [0]
[I 2023-12-27 11:24:38,689] Trial 41 finished with value: 18.58983612060547 and parameters: {'gradient_clip_val': 0.5778944439867006, 'hidden_size': 40, 'dropout': 0.408297541806544, 'hidden_continuous_size': 9, 'attention_head_size': 4, 'learning_rate': 0.004316310414402664}. Best is trial 0 with value: 4.023961544036865.
LOCAL_RANK: 0 - CUDA_VISIBLE_DEVICES: [0]
[I 2023-12-27 11:24:39,191] Trial 42 finished with value: 13.787631034851074 and parameters: {'gradient_clip_val': 0.44064741613930775, 'hidden_size': 55, 'dropout': 0.3665364595644407, 'hidden_continuous_size': 13, 'attention_head_size': 4, 'learning_rate': 0.013898408007929052}. Best is trial 0 with value: 4.023961544036865.
LOCAL_RANK: 0 - CUDA_VISIBLE_DEVICES: [0]
[I 2023-12-27 11:24:39,713] Trial 43 finished with value: 17.9973201751709 and parameters: {'gradient_clip_val': 0.5694479696769961, 'hidden_size': 34, 'dropout': 0.38933818779978024, 'hidden_continuous_size': 7, 'attention_head_size': 4, 'learning_rate': 0.025762309200800578}. Best is trial 0 with value: 4.023961544036865.
LOCAL_RANK: 0 - CUDA_VISIBLE_DEVICES: [0]
[I 2023-12-27 11:24:40,184] Trial 44 finished with value: 16.98094940185547 and parameters: {'gradient_clip_val': 0.7795148172158969, 'hidden_size': 27, 'dropout': 0.34317336005826016, 'hidden_continuous_size': 10, 'attention_head_size': 4, 'learning_rate': 0.008221859657224356}. Best is trial 0 with value: 4.023961544036865.
LOCAL_RANK: 0 - CUDA_VISIBLE_DEVICES: [0]
[I 2023-12-27 11:24:40,688] Trial 45 finished with value: 16.195730209350586 and parameters: {'gradient_clip_val': 0.8828850278367705, 'hidden_size': 71, 'dropout': 0.4211697156249167, 'hidden_continuous_size': 8, 'attention_head_size': 4, 'learning_rate': 0.01981703545333405}. Best is trial 0 with value: 4.023961544036865.
LOCAL_RANK: 0 - CUDA_VISIBLE_DEVICES: [0]
[I 2023-12-27 11:24:41,187] Trial 46 finished with value: 27.61396026611328 and parameters: {'gradient_clip_val': 0.6539576400723152, 'hidden_size': 49, 'dropout': 0.39483963157598145, 'hidden_continuous_size': 13, 'attention_head_size': 3, 'learning_rate': 0.006089783237991683}. Best is trial 0 with value: 4.023961544036865.
LOCAL_RANK: 0 - CUDA_VISIBLE_DEVICES: [0]
[I 2023-12-27 11:24:41,715] Trial 47 finished with value: 12.034279823303223 and parameters: {'gradient_clip_val': 0.5309376170157954, 'hidden_size': 60, 'dropout': 0.361429725810722, 'hidden_continuous_size': 15, 'attention_head_size': 4, 'learning_rate': 0.009508088700487694}. Best is trial 0 with value: 4.023961544036865.
LOCAL_RANK: 0 - CUDA_VISIBLE_DEVICES: [0]
[I 2023-12-27 11:24:42,253] Trial 48 finished with value: 15.08008098602295 and parameters: {'gradient_clip_val': 0.7757077913080326, 'hidden_size': 87, 'dropout': 0.2833532421347052, 'hidden_continuous_size': 20, 'attention_head_size': 4, 'learning_rate': 0.014314835627259187}. Best is trial 0 with value: 4.023961544036865.
LOCAL_RANK: 0 - CUDA_VISIBLE_DEVICES: [0]
[I 2023-12-27 11:24:43,019] Trial 49 finished with value: 17.98728370666504 and parameters: {'gradient_clip_val': 0.6492276567539407, 'hidden_size': 60, 'dropout': 0.3707348572131773, 'hidden_continuous_size': 15, 'attention_head_size': 1, 'learning_rate': 0.011531838368988604}. Best is trial 0 with value: 4.023961544036865.
[I 2023-12-27 11:24:43,145] A new study created in memory with name: no-name-500cc299-c153-41b7-8ca0-63208480599f
/home/le004/conda/anaconda3/envs/tsff_env/lib/python3.9/site-packages/lightning/fabric/plugins/environments/slurm.py:191: The `srun` command is available on your system but is not used. HINT: If your intention is to run Lightning on SLURM, prepend your python command with `srun` like so: srun python /home/le004/master_thesis/git/TSFusionForecast/code/ ...
LOCAL_RANK: 0 - CUDA_VISIBLE_DEVICES: [0]
[I 2023-12-27 11:25:09,668] Trial 0 finished with value: 23.524885177612305 and parameters: {'gradient_clip_val': 0.4913593900312591, 'hidden_size': 6, 'dropout': 0.45597786957931985, 'hidden_continuous_size': 6, 'attention_head_size': 3, 'learning_rate': 0.00653972426829836}. Best is trial 0 with value: 23.524885177612305.
LOCAL_RANK: 0 - CUDA_VISIBLE_DEVICES: [0]
[I 2023-12-27 11:25:39,162] Trial 1 finished with value: 7.0146260261535645 and parameters: {'gradient_clip_val': 0.11561375503663769, 'hidden_size': 56, 'dropout': 0.43299941012124976, 'hidden_continuous_size': 51, 'attention_head_size': 4, 'learning_rate': 0.0023534712473707786}. Best is trial 1 with value: 7.0146260261535645.
LOCAL_RANK: 0 - CUDA_VISIBLE_DEVICES: [0]
[I 2023-12-27 11:25:48,737] Trial 2 finished with value: 20.20697593688965 and parameters: {'gradient_clip_val': 0.2957014402678971, 'hidden_size': 52, 'dropout': 0.26266814090749535, 'hidden_continuous_size': 29, 'attention_head_size': 3, 'learning_rate': 0.0017817988430678256}. Best is trial 1 with value: 7.0146260261535645.
LOCAL_RANK: 0 - CUDA_VISIBLE_DEVICES: [0]
[I 2023-12-27 11:25:49,262] Trial 3 finished with value: 63.46708297729492 and parameters: {'gradient_clip_val': 0.40022492492052225, 'hidden_size': 48, 'dropout': 0.2835928655268988, 'hidden_continuous_size': 46, 'attention_head_size': 1, 'learning_rate': 0.08314971550467916}. Best is trial 1 with value: 7.0146260261535645.
LOCAL_RANK: 0 - CUDA_VISIBLE_DEVICES: [0]
[I 2023-12-27 11:25:49,693] Trial 4 finished with value: 56.832000732421875 and parameters: {'gradient_clip_val': 0.42756891430883714, 'hidden_size': 5, 'dropout': 0.35835656356950085, 'hidden_continuous_size': 5, 'attention_head_size': 2, 'learning_rate': 0.01691067186255307}. Best is trial 1 with value: 7.0146260261535645.
LOCAL_RANK: 0 - CUDA_VISIBLE_DEVICES: [0]
[I 2023-12-27 11:25:50,224] Trial 5 finished with value: 67.26853942871094 and parameters: {'gradient_clip_val': 0.10309113352794128, 'hidden_size': 140, 'dropout': 0.46955048340987704, 'hidden_continuous_size': 115, 'attention_head_size': 4, 'learning_rate': 0.002084783630426861}. Best is trial 1 with value: 7.0146260261535645.
LOCAL_RANK: 0 - CUDA_VISIBLE_DEVICES: [0]
[I 2023-12-27 11:25:51,018] Trial 6 finished with value: 57.698577880859375 and parameters: {'gradient_clip_val': 0.35101999615814933, 'hidden_size': 130, 'dropout': 0.3558413067048811, 'hidden_continuous_size': 14, 'attention_head_size': 4, 'learning_rate': 0.03976475625754031}. Best is trial 1 with value: 7.0146260261535645.
LOCAL_RANK: 0 - CUDA_VISIBLE_DEVICES: [0]
[I 2023-12-27 11:25:51,431] Trial 7 finished with value: 67.9333724975586 and parameters: {'gradient_clip_val': 0.608290160148811, 'hidden_size': 10, 'dropout': 0.3707134985359667, 'hidden_continuous_size': 10, 'attention_head_size': 3, 'learning_rate': 0.0034555587104353603}. Best is trial 1 with value: 7.0146260261535645.
LOCAL_RANK: 0 - CUDA_VISIBLE_DEVICES: [0]
[I 2023-12-27 11:25:51,892] Trial 8 finished with value: 60.256526947021484 and parameters: {'gradient_clip_val': 0.1825403101788864, 'hidden_size': 85, 'dropout': 0.19112752956668588, 'hidden_continuous_size': 5, 'attention_head_size': 4, 'learning_rate': 0.054876530126853014}. Best is trial 1 with value: 7.0146260261535645.
LOCAL_RANK: 0 - CUDA_VISIBLE_DEVICES: [0]
[I 2023-12-27 11:25:52,311] Trial 9 finished with value: 76.02651977539062 and parameters: {'gradient_clip_val': 0.38024070519170616, 'hidden_size': 10, 'dropout': 0.12185816692989655, 'hidden_continuous_size': 7, 'attention_head_size': 1, 'learning_rate': 0.001336704179351107}. Best is trial 1 with value: 7.0146260261535645.
LOCAL_RANK: 0 - CUDA_VISIBLE_DEVICES: [0]
[I 2023-12-27 11:25:52,796] Trial 10 finished with value: 72.57179260253906 and parameters: {'gradient_clip_val': 0.9757265924890794, 'hidden_size': 26, 'dropout': 0.4980035892386673, 'hidden_continuous_size': 8, 'attention_head_size': 2, 'learning_rate': 0.0006113304581912936}. Best is trial 1 with value: 7.0146260261535645.
LOCAL_RANK: 0 - CUDA_VISIBLE_DEVICES: [0]
[I 2023-12-27 11:25:53,300] Trial 11 finished with value: 49.44209671020508 and parameters: {'gradient_clip_val': 0.20650726916806056, 'hidden_size': 45, 'dropout': 0.2787897675787574, 'hidden_continuous_size': 28, 'attention_head_size': 3, 'learning_rate': 0.003793273001063526}. Best is trial 1 with value: 7.0146260261535645.
LOCAL_RANK: 0 - CUDA_VISIBLE_DEVICES: [0]
[I 2023-12-27 11:25:53,806] Trial 12 finished with value: 84.60031127929688 and parameters: {'gradient_clip_val': 0.10010991132983997, 'hidden_size': 46, 'dropout': 0.22789993024914615, 'hidden_continuous_size': 26, 'attention_head_size': 4, 'learning_rate': 0.0010171192826422663}. Best is trial 1 with value: 7.0146260261535645.
LOCAL_RANK: 0 - CUDA_VISIBLE_DEVICES: [0]
[I 2023-12-27 11:25:54,272] Trial 13 finished with value: 66.33167266845703 and parameters: {'gradient_clip_val': 0.24161749102629698, 'hidden_size': 25, 'dropout': 0.40979360703743856, 'hidden_continuous_size': 25, 'attention_head_size': 3, 'learning_rate': 0.0020869958030607385}. Best is trial 1 with value: 7.0146260261535645.
LOCAL_RANK: 0 - CUDA_VISIBLE_DEVICES: [0]
[I 2023-12-27 11:25:54,791] Trial 14 finished with value: 64.1825180053711 and parameters: {'gradient_clip_val': 0.16155188099690643, 'hidden_size': 76, 'dropout': 0.3258365092509721, 'hidden_continuous_size': 45, 'attention_head_size': 2, 'learning_rate': 0.0005487638106644545}. Best is trial 1 with value: 7.0146260261535645.
LOCAL_RANK: 0 - CUDA_VISIBLE_DEVICES: [0]
[I 2023-12-27 11:25:55,262] Trial 15 finished with value: 64.59278106689453 and parameters: {'gradient_clip_val': 0.2589430905906513, 'hidden_size': 34, 'dropout': 0.4146907510023189, 'hidden_continuous_size': 13, 'attention_head_size': 4, 'learning_rate': 0.008081810565333435}. Best is trial 1 with value: 7.0146260261535645.
LOCAL_RANK: 0 - CUDA_VISIBLE_DEVICES: [0]
[I 2023-12-27 11:25:55,812] Trial 16 finished with value: 52.783416748046875 and parameters: {'gradient_clip_val': 0.13868452978362314, 'hidden_size': 78, 'dropout': 0.30225957525995745, 'hidden_continuous_size': 42, 'attention_head_size': 3, 'learning_rate': 0.001122591149619276}. Best is trial 1 with value: 7.0146260261535645.
LOCAL_RANK: 0 - CUDA_VISIBLE_DEVICES: [0]
[I 2023-12-27 11:25:56,283] Trial 17 finished with value: 75.56246948242188 and parameters: {'gradient_clip_val': 0.283205520617554, 'hidden_size': 25, 'dropout': 0.24121502897891994, 'hidden_continuous_size': 9, 'attention_head_size': 4, 'learning_rate': 0.0025595337769838866}. Best is trial 1 with value: 7.0146260261535645.
LOCAL_RANK: 0 - CUDA_VISIBLE_DEVICES: [0]
[I 2023-12-27 11:25:56,778] Trial 18 finished with value: 69.66047668457031 and parameters: {'gradient_clip_val': 0.14029116179487, 'hidden_size': 18, 'dropout': 0.32312063482289455, 'hidden_continuous_size': 6, 'attention_head_size': 3, 'learning_rate': 0.005106755037511852}. Best is trial 1 with value: 7.0146260261535645.
LOCAL_RANK: 0 - CUDA_VISIBLE_DEVICES: [0]
[I 2023-12-27 11:25:57,282] Trial 19 finished with value: 61.7987174987793 and parameters: {'gradient_clip_val': 0.21507043867836384, 'hidden_size': 64, 'dropout': 0.4081712339904294, 'hidden_continuous_size': 20, 'attention_head_size': 2, 'learning_rate': 0.009600477932817993}. Best is trial 1 with value: 7.0146260261535645.
LOCAL_RANK: 0 - CUDA_VISIBLE_DEVICES: [0]
[I 2023-12-27 11:25:58,090] Trial 20 finished with value: 64.13895416259766 and parameters: {'gradient_clip_val': 0.28401298415435444, 'hidden_size': 108, 'dropout': 0.25179340251879145, 'hidden_continuous_size': 60, 'attention_head_size': 4, 'learning_rate': 0.0016034081195755074}. Best is trial 1 with value: 7.0146260261535645.
LOCAL_RANK: 0 - CUDA_VISIBLE_DEVICES: [0]
[I 2023-12-27 11:25:58,597] Trial 21 finished with value: 66.96719360351562 and parameters: {'gradient_clip_val': 0.5196536515178745, 'hidden_size': 61, 'dropout': 0.4418889541019172, 'hidden_continuous_size': 17, 'attention_head_size': 3, 'learning_rate': 0.005242266370038638}. Best is trial 1 with value: 7.0146260261535645.
LOCAL_RANK: 0 - CUDA_VISIBLE_DEVICES: [0]
