[I 2023-12-26 12:11:45,355] Trial 7 finished with value: 17380.271484375 and parameters: {'gradient_clip_val': 0.18933232937715408, 'hidden_size': 8, 'dropout': 0.42545265290355416, 'hidden_continuous_size': 5, 'attention_head_size': 4, 'learning_rate': 0.004279244276900756}. Best is trial 0 with value: 4330.11865234375.
[I 2023-12-26 12:11:49,961] Trial 8 finished with value: 13648.5888671875 and parameters: {'gradient_clip_val': 0.14265219984888872, 'hidden_size': 52, 'dropout': 0.2567633742708383, 'hidden_continuous_size': 44, 'attention_head_size': 3, 'learning_rate': 0.006949583957491446}. Best is trial 0 with value: 4330.11865234375.
[I 2023-12-26 12:11:52,007] Trial 9 finished with value: 19852.3203125 and parameters: {'gradient_clip_val': 0.7417387304689833, 'hidden_size': 5, 'dropout': 0.29390553475311326, 'hidden_continuous_size': 5, 'attention_head_size': 4, 'learning_rate': 0.014869150939643439}. Best is trial 0 with value: 4330.11865234375.
[I 2023-12-26 12:12:05,451] Trial 10 finished with value: 8677.5400390625 and parameters: {'gradient_clip_val': 0.10536006400513413, 'hidden_size': 147, 'dropout': 0.11434849928412183, 'hidden_continuous_size': 144, 'attention_head_size': 1, 'learning_rate': 0.08989385987123666}. Best is trial 0 with value: 4330.11865234375.
[I 2023-12-26 12:12:17,904] Trial 11 finished with value: 10372.515625 and parameters: {'gradient_clip_val': 0.10031235505020895, 'hidden_size': 147, 'dropout': 0.11912124922561114, 'hidden_continuous_size': 99, 'attention_head_size': 1, 'learning_rate': 0.08543345628550654}. Best is trial 0 with value: 4330.11865234375.
[I 2023-12-26 12:12:21,450] Trial 12 finished with value: 13835.34375 and parameters: {'gradient_clip_val': 0.10591789219461503, 'hidden_size': 38, 'dropout': 0.4957267899343395, 'hidden_continuous_size': 19, 'attention_head_size': 1, 'learning_rate': 0.09935528942755997}. Best is trial 0 with value: 4330.11865234375.
[I 2023-12-26 12:12:32,336] Trial 13 finished with value: 14977.8046875 and parameters: {'gradient_clip_val': 0.14335628139163617, 'hidden_size': 138, 'dropout': 0.10032923185408511, 'hidden_continuous_size': 27, 'attention_head_size': 2, 'learning_rate': 0.03892498670359047}. Best is trial 0 with value: 4330.11865234375.
[I 2023-12-26 12:12:35,499] Trial 14 finished with value: 15242.8857421875 and parameters: {'gradient_clip_val': 0.14556989066732492, 'hidden_size': 33, 'dropout': 0.1816947161839569, 'hidden_continuous_size': 8, 'attention_head_size': 1, 'learning_rate': 0.04249377635803296}. Best is trial 0 with value: 4330.11865234375.
[I 2023-12-26 12:12:37,959] Trial 15 finished with value: 13681.5361328125 and parameters: {'gradient_clip_val': 0.10358227359890879, 'hidden_size': 13, 'dropout': 0.1577482714895955, 'hidden_continuous_size': 6, 'attention_head_size': 2, 'learning_rate': 0.07426691528399745}. Best is trial 0 with value: 4330.11865234375.
[I 2023-12-26 12:12:41,133] Trial 16 finished with value: 20988.875 and parameters: {'gradient_clip_val': 0.19470310534225974, 'hidden_size': 30, 'dropout': 0.18638002252922903, 'hidden_continuous_size': 9, 'attention_head_size': 3, 'learning_rate': 0.026774555532258423}. Best is trial 0 with value: 4330.11865234375.
[I 2023-12-26 12:12:48,866] Trial 17 finished with value: 12559.2470703125 and parameters: {'gradient_clip_val': 0.36782777640546066, 'hidden_size': 97, 'dropout': 0.29466802825712585, 'hidden_continuous_size': 18, 'attention_head_size': 1, 'learning_rate': 0.09819260491634048}. Best is trial 0 with value: 4330.11865234375.
[I 2023-12-26 12:12:53,245] Trial 18 finished with value: 21421.185546875 and parameters: {'gradient_clip_val': 0.12273285842508137, 'hidden_size': 44, 'dropout': 0.39505553973029706, 'hidden_continuous_size': 10, 'attention_head_size': 2, 'learning_rate': 0.025661235056866093}. Best is trial 0 with value: 4330.11865234375.
[I 2023-12-26 12:12:55,956] Trial 19 finished with value: 16809.439453125 and parameters: {'gradient_clip_val': 0.17466606313554758, 'hidden_size': 26, 'dropout': 0.14715839961379445, 'hidden_continuous_size': 7, 'attention_head_size': 3, 'learning_rate': 0.06250126870386243}. Best is trial 0 with value: 4330.11865234375.
[I 2023-12-26 12:12:57,600] Trial 20 finished with value: 19072.580078125 and parameters: {'gradient_clip_val': 0.13152650174495767, 'hidden_size': 5, 'dropout': 0.334795302805569, 'hidden_continuous_size': 5, 'attention_head_size': 1, 'learning_rate': 0.05762275980606511}. Best is trial 0 with value: 4330.11865234375.
[I 2023-12-26 12:13:08,106] Trial 21 finished with value: 13293.4990234375 and parameters: {'gradient_clip_val': 0.11169982937455664, 'hidden_size': 144, 'dropout': 0.11597118363939422, 'hidden_continuous_size': 127, 'attention_head_size': 1, 'learning_rate': 0.09561516272960455}. Best is trial 0 with value: 4330.11865234375.
[I 2023-12-26 12:13:16,593] Trial 22 finished with value: 19055.638671875 and parameters: {'gradient_clip_val': 0.10370080745637635, 'hidden_size': 101, 'dropout': 0.12588987862419188, 'hidden_continuous_size': 88, 'attention_head_size': 1, 'learning_rate': 0.06373141342085437}. Best is trial 0 with value: 4330.11865234375.
[I 2023-12-26 12:13:20,265] Trial 23 finished with value: 13566.73828125 and parameters: {'gradient_clip_val': 0.10107417771934935, 'hidden_size': 51, 'dropout': 0.1082740184785419, 'hidden_continuous_size': 15, 'attention_head_size': 2, 'learning_rate': 0.043177711295331295}. Best is trial 0 with value: 4330.11865234375.
[I 2023-12-26 12:13:29,096] Trial 24 finished with value: 16177.3779296875 and parameters: {'gradient_clip_val': 0.12457179950347044, 'hidden_size': 108, 'dropout': 0.2051418148487112, 'hidden_continuous_size': 28, 'attention_head_size': 1, 'learning_rate': 0.028275666264993407}. Best is trial 0 with value: 4330.11865234375.
[I 2023-12-26 12:13:34,912] Trial 25 finished with value: 14602.7421875 and parameters: {'gradient_clip_val': 0.1676968854448166, 'hidden_size': 71, 'dropout': 0.15019573738355385, 'hidden_continuous_size': 42, 'attention_head_size': 2, 'learning_rate': 0.0732333946985823}. Best is trial 0 with value: 4330.11865234375.
[I 2023-12-26 12:13:44,413] Trial 26 finished with value: 16324.59375 and parameters: {'gradient_clip_val': 0.12157870132666627, 'hidden_size': 118, 'dropout': 0.21212046553729016, 'hidden_continuous_size': 118, 'attention_head_size': 3, 'learning_rate': 0.05677758671573488}. Best is trial 0 with value: 4330.11865234375.
[I 2023-12-26 12:13:52,213] Trial 27 finished with value: 13069.00390625 and parameters: {'gradient_clip_val': 0.15822193040137203, 'hidden_size': 84, 'dropout': 0.1735077266111062, 'hidden_continuous_size': 59, 'attention_head_size': 1, 'learning_rate': 0.09786717639841411}. Best is trial 0 with value: 4330.11865234375.
[I 2023-12-26 12:14:04,678] Trial 28 finished with value: 18811.57421875 and parameters: {'gradient_clip_val': 0.127567358721835, 'hidden_size': 148, 'dropout': 0.12577100393605525, 'hidden_continuous_size': 99, 'attention_head_size': 2, 'learning_rate': 0.02822738434728845}. Best is trial 0 with value: 4330.11865234375.
[I 2023-12-26 12:14:10,111] Trial 29 finished with value: 20416.708984375 and parameters: {'gradient_clip_val': 0.20782870273004, 'hidden_size': 61, 'dropout': 0.2649931317396986, 'hidden_continuous_size': 23, 'attention_head_size': 1, 'learning_rate': 0.04242062490310493}. Best is trial 0 with value: 4330.11865234375.
[I 2023-12-26 12:14:17,136] Trial 30 finished with value: 19893.091796875 and parameters: {'gradient_clip_val': 0.1519723054068015, 'hidden_size': 91, 'dropout': 0.20758637005433442, 'hidden_continuous_size': 12, 'attention_head_size': 3, 'learning_rate': 0.019986629190476453}. Best is trial 0 with value: 4330.11865234375.
[I 2023-12-26 12:14:19,543] Trial 31 finished with value: 20763.421875 and parameters: {'gradient_clip_val': 0.45855524050137253, 'hidden_size': 11, 'dropout': 0.3099900645034861, 'hidden_continuous_size': 6, 'attention_head_size': 4, 'learning_rate': 0.0006281304742610485}. Best is trial 0 with value: 4330.11865234375.
[I 2023-12-26 12:14:22,520] Trial 32 finished with value: 15128.7666015625 and parameters: {'gradient_clip_val': 0.4942533881801599, 'hidden_size': 23, 'dropout': 0.3268275959855089, 'hidden_continuous_size': 9, 'attention_head_size': 4, 'learning_rate': 0.0014125790558320586}. Best is trial 0 with value: 4330.11865234375.
[I 2023-12-26 12:14:24,803] Trial 33 finished with value: 16992.505859375 and parameters: {'gradient_clip_val': 0.2203163526337486, 'hidden_size': 7, 'dropout': 0.14047273766229254, 'hidden_continuous_size': 5, 'attention_head_size': 4, 'learning_rate': 0.0017685900006159617}. Best is trial 0 with value: 4330.11865234375.
[I 2023-12-26 12:14:30,746] Trial 34 finished with value: 15851.8564453125 and parameters: {'gradient_clip_val': 0.22876695093862418, 'hidden_size': 79, 'dropout': 0.2769568299981078, 'hidden_continuous_size': 11, 'attention_head_size': 4, 'learning_rate': 0.013920307949013187}. Best is trial 0 with value: 4330.11865234375.
[I 2023-12-26 12:14:33,224] Trial 35 finished with value: 10255.046875 and parameters: {'gradient_clip_val': 0.32871774430797795, 'hidden_size': 16, 'dropout': 0.36414075808961466, 'hidden_continuous_size': 6, 'attention_head_size': 3, 'learning_rate': 0.008728149986054114}. Best is trial 0 with value: 4330.11865234375.
[I 2023-12-26 12:14:35,861] Trial 36 finished with value: 19188.744140625 and parameters: {'gradient_clip_val': 0.26767631962594846, 'hidden_size': 15, 'dropout': 0.3671225862950528, 'hidden_continuous_size': 6, 'attention_head_size': 3, 'learning_rate': 0.03355636737980335}. Best is trial 0 with value: 4330.11865234375.
[I 2023-12-26 12:14:37,979] Trial 37 finished with value: 18119.734375 and parameters: {'gradient_clip_val': 0.30617523223817966, 'hidden_size': 11, 'dropout': 0.2291261199420344, 'hidden_continuous_size': 7, 'attention_head_size': 3, 'learning_rate': 0.00722963814904016}. Best is trial 0 with value: 4330.11865234375.
[I 2023-12-26 12:14:40,173] Trial 38 finished with value: 16281.3447265625 and parameters: {'gradient_clip_val': 0.1178229736951909, 'hidden_size': 16, 'dropout': 0.10071831008463257, 'hidden_continuous_size': 8, 'attention_head_size': 3, 'learning_rate': 0.019361450871240263}. Best is trial 0 with value: 4330.11865234375.
[I 2023-12-26 12:14:42,820] Trial 39 finished with value: 15997.0595703125 and parameters: {'gradient_clip_val': 0.18197892816567343, 'hidden_size': 19, 'dropout': 0.3511396644576306, 'hidden_continuous_size': 10, 'attention_head_size': 2, 'learning_rate': 0.05084422408170293}. Best is trial 0 with value: 4330.11865234375.
[I 2023-12-26 12:14:53,017] Trial 40 finished with value: 13968.3427734375 and parameters: {'gradient_clip_val': 0.13709035621264312, 'hidden_size': 122, 'dropout': 0.25061691558599647, 'hidden_continuous_size': 81, 'attention_head_size': 2, 'learning_rate': 0.07835503747554103}. Best is trial 0 with value: 4330.11865234375.
[I 2023-12-26 12:14:56,033] Trial 41 finished with value: 16779.689453125 and parameters: {'gradient_clip_val': 0.3732075317177685, 'hidden_size': 22, 'dropout': 0.3163225128003911, 'hidden_continuous_size': 5, 'attention_head_size': 4, 'learning_rate': 0.008544102141554257}. Best is trial 0 with value: 4330.11865234375.
[I 2023-12-26 12:14:59,657] Trial 42 finished with value: 17386.103515625 and parameters: {'gradient_clip_val': 0.10030595565503458, 'hidden_size': 36, 'dropout': 0.34553671015543247, 'hidden_continuous_size': 14, 'attention_head_size': 3, 'learning_rate': 0.010728377708592501}. Best is trial 0 with value: 4330.11865234375.
[I 2023-12-26 12:15:02,385] Trial 43 finished with value: 18976.53515625 and parameters: {'gradient_clip_val': 0.2504958242954159, 'hidden_size': 21, 'dropout': 0.27698135680861585, 'hidden_continuous_size': 6, 'attention_head_size': 3, 'learning_rate': 0.003288062407234144}. Best is trial 0 with value: 4330.11865234375.
[I 2023-12-26 12:15:05,491] Trial 44 finished with value: 17961.904296875 and parameters: {'gradient_clip_val': 0.11354797339807166, 'hidden_size': 29, 'dropout': 0.3845574132140108, 'hidden_continuous_size': 5, 'attention_head_size': 4, 'learning_rate': 0.0056180785719665855}. Best is trial 0 with value: 4330.11865234375.
[I 2023-12-26 12:15:07,836] Trial 45 finished with value: 21217.005859375 and parameters: {'gradient_clip_val': 0.30665768356251344, 'hidden_size': 7, 'dropout': 0.3079058748173098, 'hidden_continuous_size': 5, 'attention_head_size': 4, 'learning_rate': 0.005320939128147416}. Best is trial 0 with value: 4330.11865234375.
[I 2023-12-26 12:15:11,478] Trial 46 finished with value: 13219.3701171875 and parameters: {'gradient_clip_val': 0.1395208391532493, 'hidden_size': 41, 'dropout': 0.4095567152061904, 'hidden_continuous_size': 15, 'attention_head_size': 2, 'learning_rate': 0.0025465467302929977}. Best is trial 0 with value: 4330.11865234375.
[I 2023-12-26 12:15:14,243] Trial 47 finished with value: 21377.947265625 and parameters: {'gradient_clip_val': 0.15817456519088804, 'hidden_size': 26, 'dropout': 0.3242187127921104, 'hidden_continuous_size': 12, 'attention_head_size': 1, 'learning_rate': 0.05134837778930444}. Best is trial 0 with value: 4330.11865234375.
[I 2023-12-26 12:15:16,684] Trial 48 finished with value: 18231.537109375 and parameters: {'gradient_clip_val': 0.11100340417421035, 'hidden_size': 18, 'dropout': 0.3644458653092202, 'hidden_continuous_size': 6, 'attention_head_size': 3, 'learning_rate': 0.07589795278319814}. Best is trial 0 with value: 4330.11865234375.
[I 2023-12-26 12:15:20,029] Trial 49 finished with value: 15353.3134765625 and parameters: {'gradient_clip_val': 0.8568007909086296, 'hidden_size': 34, 'dropout': 0.34409802278451973, 'hidden_continuous_size': 7, 'attention_head_size': 3, 'learning_rate': 0.03604081198043999}. Best is trial 0 with value: 4330.11865234375.
[I 2023-12-26 12:15:20,226] A new study created in memory with name: no-name-64145236-8bd1-4245-9970-c12fc0153e31
/home/le004/conda/anaconda3/envs/tsff_env/lib/python3.9/site-packages/lightning/fabric/plugins/environments/slurm.py:191: The `srun` command is available on your system but is not used. HINT: If your intention is to run Lightning on SLURM, prepend your python command with `srun` like so: srun python /home/le004/master_thesis/git/TSFusionForecast/code/ ...
[I 2023-12-26 12:22:54,668] Trial 0 finished with value: 139.31036376953125 and parameters: {'gradient_clip_val': 0.8033618761143562, 'hidden_size': 84, 'dropout': 0.49038093974303343, 'hidden_continuous_size': 56, 'attention_head_size': 4, 'learning_rate': 0.009924887128313796}. Best is trial 0 with value: 139.31036376953125.
[I 2023-12-26 12:22:57,490] Trial 1 finished with value: 260.8627624511719 and parameters: {'gradient_clip_val': 0.1631606733137084, 'hidden_size': 24, 'dropout': 0.12421194278873929, 'hidden_continuous_size': 18, 'attention_head_size': 1, 'learning_rate': 0.014028564580242136}. Best is trial 0 with value: 139.31036376953125.
[I 2023-12-26 12:22:59,699] Trial 2 finished with value: 304.02703857421875 and parameters: {'gradient_clip_val': 0.34230072067719775, 'hidden_size': 7, 'dropout': 0.27856854108273155, 'hidden_continuous_size': 5, 'attention_head_size': 1, 'learning_rate': 0.0012231391463637972}. Best is trial 0 with value: 139.31036376953125.
[I 2023-12-26 12:23:01,833] Trial 3 finished with value: 444.7408752441406 and parameters: {'gradient_clip_val': 0.2333257642422557, 'hidden_size': 8, 'dropout': 0.3860769096082649, 'hidden_continuous_size': 7, 'attention_head_size': 1, 'learning_rate': 0.07750452379233912}. Best is trial 0 with value: 139.31036376953125.
[I 2023-12-26 12:23:04,987] Trial 4 finished with value: 434.306640625 and parameters: {'gradient_clip_val': 0.41866442456704694, 'hidden_size': 32, 'dropout': 0.13345828912513272, 'hidden_continuous_size': 31, 'attention_head_size': 1, 'learning_rate': 0.07667526057130648}. Best is trial 0 with value: 139.31036376953125.
[I 2023-12-26 12:23:07,332] Trial 5 finished with value: 376.6863708496094 and parameters: {'gradient_clip_val': 0.33226651681656866, 'hidden_size': 10, 'dropout': 0.32341048028516056, 'hidden_continuous_size': 8, 'attention_head_size': 2, 'learning_rate': 0.0007320808446220646}. Best is trial 0 with value: 139.31036376953125.
[I 2023-12-26 12:23:14,389] Trial 6 finished with value: 333.8055114746094 and parameters: {'gradient_clip_val': 0.2986188507916628, 'hidden_size': 86, 'dropout': 0.18466540985752788, 'hidden_continuous_size': 23, 'attention_head_size': 2, 'learning_rate': 0.029191468732373136}. Best is trial 0 with value: 139.31036376953125.
[I 2023-12-26 12:23:16,514] Trial 7 finished with value: 270.9424133300781 and parameters: {'gradient_clip_val': 0.22052030932260278, 'hidden_size': 8, 'dropout': 0.3275827144247153, 'hidden_continuous_size': 6, 'attention_head_size': 1, 'learning_rate': 0.05057052439027668}. Best is trial 0 with value: 139.31036376953125.
[I 2023-12-26 12:23:26,641] Trial 8 finished with value: 307.3282775878906 and parameters: {'gradient_clip_val': 0.2522798413382932, 'hidden_size': 111, 'dropout': 0.3738371733249396, 'hidden_continuous_size': 88, 'attention_head_size': 4, 'learning_rate': 0.011345900089972823}. Best is trial 0 with value: 139.31036376953125.
[I 2023-12-26 12:23:37,076] Trial 9 finished with value: 322.82244873046875 and parameters: {'gradient_clip_val': 0.4673002231784831, 'hidden_size': 126, 'dropout': 0.18362985354693917, 'hidden_continuous_size': 66, 'attention_head_size': 3, 'learning_rate': 0.0018358930069782558}. Best is trial 0 with value: 139.31036376953125.
[I 2023-12-26 12:23:42,456] Trial 10 finished with value: 339.9031982421875 and parameters: {'gradient_clip_val': 0.9933311703610813, 'hidden_size': 61, 'dropout': 0.4945723497956295, 'hidden_continuous_size': 37, 'attention_head_size': 4, 'learning_rate': 0.004230115756947267}. Best is trial 0 with value: 139.31036376953125.
[I 2023-12-26 12:23:45,705] Trial 11 finished with value: 278.4957580566406 and parameters: {'gradient_clip_val': 0.10967752892361798, 'hidden_size': 31, 'dropout': 0.10005444675623108, 'hidden_continuous_size': 12, 'attention_head_size': 3, 'learning_rate': 0.010133006673867061}. Best is trial 0 with value: 139.31036376953125.
[I 2023-12-26 12:23:48,280] Trial 12 finished with value: 382.4270324707031 and parameters: {'gradient_clip_val': 0.9552967151446893, 'hidden_size': 18, 'dropout': 0.4918024587675258, 'hidden_continuous_size': 10, 'attention_head_size': 3, 'learning_rate': 0.01676684750031343}. Best is trial 0 with value: 139.31036376953125.
[I 2023-12-26 12:23:53,508] Trial 13 finished with value: 419.841552734375 and parameters: {'gradient_clip_val': 0.6327668663523148, 'hidden_size': 65, 'dropout': 0.2497219929825771, 'hidden_continuous_size': 16, 'attention_head_size': 2, 'learning_rate': 0.005253379472261098}. Best is trial 0 with value: 139.31036376953125.
[I 2023-12-26 12:23:57,444] Trial 14 finished with value: 408.2938537597656 and parameters: {'gradient_clip_val': 0.15461157414116508, 'hidden_size': 41, 'dropout': 0.4150857844066428, 'hidden_continuous_size': 17, 'attention_head_size': 4, 'learning_rate': 0.02477683613798916}. Best is trial 0 with value: 139.31036376953125.
[I 2023-12-26 12:24:00,011] Trial 15 finished with value: 394.3821105957031 and parameters: {'gradient_clip_val': 0.17134540915082824, 'hidden_size': 19, 'dropout': 0.23076962120720101, 'hidden_continuous_size': 10, 'attention_head_size': 3, 'learning_rate': 0.006610419560581199}. Best is trial 0 with value: 139.31036376953125.
[I 2023-12-26 12:24:04,236] Trial 16 finished with value: 233.47154235839844 and parameters: {'gradient_clip_val': 0.631303744726164, 'hidden_size': 46, 'dropout': 0.44036956059383925, 'hidden_continuous_size': 21, 'attention_head_size': 2, 'learning_rate': 0.003263741638801446}. Best is trial 0 with value: 139.31036376953125.
[I 2023-12-26 12:24:16,948] Trial 17 finished with value: 454.2114562988281 and parameters: {'gradient_clip_val': 0.6861327537721847, 'hidden_size': 141, 'dropout': 0.4432854209297004, 'hidden_continuous_size': 131, 'attention_head_size': 2, 'learning_rate': 0.003337548338557003}. Best is trial 0 with value: 139.31036376953125.
[I 2023-12-26 12:24:21,936] Trial 18 finished with value: 375.817138671875 and parameters: {'gradient_clip_val': 0.6873557930190479, 'hidden_size': 58, 'dropout': 0.4557819322713987, 'hidden_continuous_size': 27, 'attention_head_size': 4, 'learning_rate': 0.0029508947578589504}. Best is trial 0 with value: 139.31036376953125.
[I 2023-12-26 12:24:29,730] Trial 19 finished with value: 257.5104064941406 and parameters: {'gradient_clip_val': 0.5279009572473989, 'hidden_size': 90, 'dropout': 0.4572774701451793, 'hidden_continuous_size': 44, 'attention_head_size': 3, 'learning_rate': 0.008575438440955173}. Best is trial 0 with value: 139.31036376953125.
[I 2023-12-26 12:24:34,200] Trial 20 finished with value: 211.3646240234375 and parameters: {'gradient_clip_val': 0.7409428971895493, 'hidden_size': 46, 'dropout': 0.39330678965479726, 'hidden_continuous_size': 22, 'attention_head_size': 2, 'learning_rate': 0.002376880877751669}. Best is trial 0 with value: 139.31036376953125.
[I 2023-12-26 12:24:38,202] Trial 21 finished with value: 364.5178527832031 and parameters: {'gradient_clip_val': 0.7971225658063846, 'hidden_size': 44, 'dropout': 0.40936408889634307, 'hidden_continuous_size': 20, 'attention_head_size': 2, 'learning_rate': 0.0021180142662295906}. Best is trial 0 with value: 139.31036376953125.
[I 2023-12-26 12:24:42,371] Trial 22 finished with value: 466.6026306152344 and parameters: {'gradient_clip_val': 0.5196226032845767, 'hidden_size': 45, 'dropout': 0.4985984963916887, 'hidden_continuous_size': 22, 'attention_head_size': 2, 'learning_rate': 0.005808886887172156}. Best is trial 0 with value: 139.31036376953125.
