[I 2023-12-16 00:06:59,312] Trial 18 finished with value: 0.1432555466890335 and parameters: {'gradient_clip_val': 0.3852484503395816, 'hidden_size': 83, 'dropout': 0.12248900370917873, 'hidden_continuous_size': 37, 'attention_head_size': 1, 'learning_rate': 0.027151092087278762}. Best is trial 16 with value: 0.06945252418518066.
LOCAL_RANK: 0 - CUDA_VISIBLE_DEVICES: [0]
[I 2023-12-16 00:07:52,526] Trial 19 finished with value: 0.6956321597099304 and parameters: {'gradient_clip_val': 0.5012805681552704, 'hidden_size': 49, 'dropout': 0.13794259466460917, 'hidden_continuous_size': 28, 'attention_head_size': 2, 'learning_rate': 0.04769321303228887}. Best is trial 16 with value: 0.06945252418518066.
LOCAL_RANK: 0 - CUDA_VISIBLE_DEVICES: [0]
[I 2023-12-16 00:08:49,738] Trial 20 finished with value: 1.2780722379684448 and parameters: {'gradient_clip_val': 0.3129374968668021, 'hidden_size': 93, 'dropout': 0.1300407256318456, 'hidden_continuous_size': 79, 'attention_head_size': 1, 'learning_rate': 0.023031701714896415}. Best is trial 16 with value: 0.06945252418518066.
LOCAL_RANK: 0 - CUDA_VISIBLE_DEVICES: [0]
[I 2023-12-16 00:09:43,505] Trial 21 finished with value: 0.13781572878360748 and parameters: {'gradient_clip_val': 0.1956568893352304, 'hidden_size': 54, 'dropout': 0.10158731090271936, 'hidden_continuous_size': 39, 'attention_head_size': 2, 'learning_rate': 0.040144934095546876}. Best is trial 16 with value: 0.06945252418518066.
LOCAL_RANK: 0 - CUDA_VISIBLE_DEVICES: [0]
[I 2023-12-16 00:10:35,647] Trial 22 finished with value: 0.10601359605789185 and parameters: {'gradient_clip_val': 0.20234413650362354, 'hidden_size': 39, 'dropout': 0.10288894866251791, 'hidden_continuous_size': 16, 'attention_head_size': 2, 'learning_rate': 0.05051865928972347}. Best is trial 16 with value: 0.06945252418518066.
LOCAL_RANK: 0 - CUDA_VISIBLE_DEVICES: [0]
[I 2023-12-16 00:11:28,543] Trial 23 finished with value: 0.12748169898986816 and parameters: {'gradient_clip_val': 0.2601238480291843, 'hidden_size': 52, 'dropout': 0.1306185724828365, 'hidden_continuous_size': 38, 'attention_head_size': 1, 'learning_rate': 0.029554538374807423}. Best is trial 16 with value: 0.06945252418518066.
LOCAL_RANK: 0 - CUDA_VISIBLE_DEVICES: [0]
[I 2023-12-16 00:12:17,898] Trial 24 finished with value: 0.161280557513237 and parameters: {'gradient_clip_val': 0.18347542233383593, 'hidden_size': 19, 'dropout': 0.18743541020159876, 'hidden_continuous_size': 12, 'attention_head_size': 3, 'learning_rate': 0.06111078622920391}. Best is trial 16 with value: 0.06945252418518066.
LOCAL_RANK: 0 - CUDA_VISIBLE_DEVICES: [0]
[I 2023-12-16 00:13:10,205] Trial 25 finished with value: 0.07324060052633286 and parameters: {'gradient_clip_val': 0.27387020550724944, 'hidden_size': 37, 'dropout': 0.15116784868103683, 'hidden_continuous_size': 29, 'attention_head_size': 2, 'learning_rate': 0.03474102317572852}. Best is trial 16 with value: 0.06945252418518066.
LOCAL_RANK: 0 - CUDA_VISIBLE_DEVICES: [0]
[I 2023-12-16 00:14:00,264] Trial 26 finished with value: 0.3241041600704193 and parameters: {'gradient_clip_val': 0.27631895595914924, 'hidden_size': 34, 'dropout': 0.1542712570303176, 'hidden_continuous_size': 15, 'attention_head_size': 1, 'learning_rate': 0.02005835870912464}. Best is trial 16 with value: 0.06945252418518066.
LOCAL_RANK: 0 - CUDA_VISIBLE_DEVICES: [0]
[I 2023-12-16 00:14:47,675] Trial 27 finished with value: 0.09498455375432968 and parameters: {'gradient_clip_val': 0.3241778125270332, 'hidden_size': 19, 'dropout': 0.17959072992066083, 'hidden_continuous_size': 8, 'attention_head_size': 1, 'learning_rate': 0.060342160524665955}. Best is trial 16 with value: 0.06945252418518066.
LOCAL_RANK: 0 - CUDA_VISIBLE_DEVICES: [0]
[I 2023-12-16 00:15:39,861] Trial 28 finished with value: 0.07567232847213745 and parameters: {'gradient_clip_val': 0.24786652831371486, 'hidden_size': 43, 'dropout': 0.14363312691302108, 'hidden_continuous_size': 18, 'attention_head_size': 2, 'learning_rate': 0.03553568645742912}. Best is trial 16 with value: 0.06945252418518066.
LOCAL_RANK: 0 - CUDA_VISIBLE_DEVICES: [0]
[I 2023-12-16 00:16:28,869] Trial 29 finished with value: 0.22395473718643188 and parameters: {'gradient_clip_val': 0.7425939101120437, 'hidden_size': 28, 'dropout': 0.23349193350747954, 'hidden_continuous_size': 21, 'attention_head_size': 1, 'learning_rate': 0.027869952121393444}. Best is trial 16 with value: 0.06945252418518066.
LOCAL_RANK: 0 - CUDA_VISIBLE_DEVICES: [0]
[I 2023-12-16 00:17:17,395] Trial 30 finished with value: 0.19884435832500458 and parameters: {'gradient_clip_val': 0.4515843219288759, 'hidden_size': 24, 'dropout': 0.1922504238151976, 'hidden_continuous_size': 12, 'attention_head_size': 3, 'learning_rate': 0.07378323504132928}. Best is trial 16 with value: 0.06945252418518066.
LOCAL_RANK: 0 - CUDA_VISIBLE_DEVICES: [0]
[I 2023-12-16 00:18:09,723] Trial 31 finished with value: 0.2268282175064087 and parameters: {'gradient_clip_val': 0.2622204866329133, 'hidden_size': 39, 'dropout': 0.14600926391409885, 'hidden_continuous_size': 18, 'attention_head_size': 2, 'learning_rate': 0.032632755100414974}. Best is trial 16 with value: 0.06945252418518066.
LOCAL_RANK: 0 - CUDA_VISIBLE_DEVICES: [0]
[I 2023-12-16 00:18:58,387] Trial 32 finished with value: 0.18922577798366547 and parameters: {'gradient_clip_val': 0.23604163573745574, 'hidden_size': 32, 'dropout': 0.12046909792765323, 'hidden_continuous_size': 15, 'attention_head_size': 2, 'learning_rate': 0.039656115576047105}. Best is trial 16 with value: 0.06945252418518066.
LOCAL_RANK: 0 - CUDA_VISIBLE_DEVICES: [0]
[I 2023-12-16 00:19:50,862] Trial 33 finished with value: 0.20218713581562042 and parameters: {'gradient_clip_val': 0.30155950880370436, 'hidden_size': 44, 'dropout': 0.1522308395412967, 'hidden_continuous_size': 25, 'attention_head_size': 4, 'learning_rate': 0.014415561006543962}. Best is trial 16 with value: 0.06945252418518066.
LOCAL_RANK: 0 - CUDA_VISIBLE_DEVICES: [0]
[I 2023-12-16 00:20:44,276] Trial 34 finished with value: 0.058148812502622604 and parameters: {'gradient_clip_val': 0.3749676125115808, 'hidden_size': 61, 'dropout': 0.1257681664877678, 'hidden_continuous_size': 29, 'attention_head_size': 2, 'learning_rate': 0.022779337346322242}. Best is trial 34 with value: 0.058148812502622604.
LOCAL_RANK: 0 - CUDA_VISIBLE_DEVICES: [0]
[I 2023-12-16 00:21:37,217] Trial 35 finished with value: 0.4469154179096222 and parameters: {'gradient_clip_val': 0.3854739463757874, 'hidden_size': 64, 'dropout': 0.11931564215875137, 'hidden_continuous_size': 30, 'attention_head_size': 3, 'learning_rate': 0.018424626504015124}. Best is trial 34 with value: 0.058148812502622604.
LOCAL_RANK: 0 - CUDA_VISIBLE_DEVICES: [0]
[I 2023-12-16 00:22:30,265] Trial 36 finished with value: 1.3883813619613647 and parameters: {'gradient_clip_val': 0.41037902654877734, 'hidden_size': 62, 'dropout': 0.1213672315815432, 'hidden_continuous_size': 30, 'attention_head_size': 1, 'learning_rate': 0.005318562309922543}. Best is trial 34 with value: 0.058148812502622604.
LOCAL_RANK: 0 - CUDA_VISIBLE_DEVICES: [0]
[I 2023-12-16 00:23:24,278] Trial 37 finished with value: 0.12536755204200745 and parameters: {'gradient_clip_val': 0.35737336802027364, 'hidden_size': 75, 'dropout': 0.2112400246336296, 'hidden_continuous_size': 25, 'attention_head_size': 2, 'learning_rate': 0.011842427515120928}. Best is trial 34 with value: 0.058148812502622604.
LOCAL_RANK: 0 - CUDA_VISIBLE_DEVICES: [0]
[I 2023-12-16 00:24:18,616] Trial 38 finished with value: 0.09943186491727829 and parameters: {'gradient_clip_val': 0.45711743887985556, 'hidden_size': 58, 'dropout': 0.1764907273647505, 'hidden_continuous_size': 35, 'attention_head_size': 3, 'learning_rate': 0.023096324250229235}. Best is trial 34 with value: 0.058148812502622604.
LOCAL_RANK: 0 - CUDA_VISIBLE_DEVICES: [0]
[I 2023-12-16 00:25:14,564] Trial 39 finished with value: 0.10011673718690872 and parameters: {'gradient_clip_val': 0.31014983895924775, 'hidden_size': 99, 'dropout': 0.16046587362869535, 'hidden_continuous_size': 50, 'attention_head_size': 1, 'learning_rate': 0.06566066112440756}. Best is trial 34 with value: 0.058148812502622604.
LOCAL_RANK: 0 - CUDA_VISIBLE_DEVICES: [0]
[I 2023-12-16 00:26:09,271] Trial 40 finished with value: 0.2631121873855591 and parameters: {'gradient_clip_val': 0.16787730475465595, 'hidden_size': 73, 'dropout': 0.13774399141359484, 'hidden_continuous_size': 26, 'attention_head_size': 2, 'learning_rate': 0.014052775707398083}. Best is trial 34 with value: 0.058148812502622604.
LOCAL_RANK: 0 - CUDA_VISIBLE_DEVICES: [0]
[I 2023-12-16 00:27:02,095] Trial 41 finished with value: 0.15755058825016022 and parameters: {'gradient_clip_val': 0.21258954779320008, 'hidden_size': 45, 'dropout': 0.1474847411763436, 'hidden_continuous_size': 18, 'attention_head_size': 2, 'learning_rate': 0.03552821755226881}. Best is trial 34 with value: 0.058148812502622604.
LOCAL_RANK: 0 - CUDA_VISIBLE_DEVICES: [0]
[I 2023-12-16 00:27:55,766] Trial 42 finished with value: 0.42411836981773376 and parameters: {'gradient_clip_val': 0.23960562961828677, 'hidden_size': 57, 'dropout': 0.11319383560679364, 'hidden_continuous_size': 22, 'attention_head_size': 2, 'learning_rate': 0.02224774156913376}. Best is trial 34 with value: 0.058148812502622604.
LOCAL_RANK: 0 - CUDA_VISIBLE_DEVICES: [0]
[I 2023-12-16 00:28:46,984] Trial 43 finished with value: 0.29992613196372986 and parameters: {'gradient_clip_val': 0.3415678680254566, 'hidden_size': 36, 'dropout': 0.14018569761075492, 'hidden_continuous_size': 19, 'attention_head_size': 2, 'learning_rate': 0.047036736163589644}. Best is trial 34 with value: 0.058148812502622604.
LOCAL_RANK: 0 - CUDA_VISIBLE_DEVICES: [0]
[I 2023-12-16 00:29:39,991] Trial 44 finished with value: 0.5788753032684326 and parameters: {'gradient_clip_val': 0.12661225126185413, 'hidden_size': 45, 'dropout': 0.11547065623890643, 'hidden_continuous_size': 25, 'attention_head_size': 3, 'learning_rate': 0.07137856111285074}. Best is trial 34 with value: 0.058148812502622604.
LOCAL_RANK: 0 - CUDA_VISIBLE_DEVICES: [0]
[I 2023-12-16 00:30:29,804] Trial 45 finished with value: 0.2739216983318329 and parameters: {'gradient_clip_val': 0.24279504287354856, 'hidden_size': 33, 'dropout': 0.16988580296211045, 'hidden_continuous_size': 14, 'attention_head_size': 1, 'learning_rate': 0.09806483437343999}. Best is trial 34 with value: 0.058148812502622604.
LOCAL_RANK: 0 - CUDA_VISIBLE_DEVICES: [0]
[I 2023-12-16 00:31:20,010] Trial 46 finished with value: 0.06323061138391495 and parameters: {'gradient_clip_val': 0.2758489376383898, 'hidden_size': 28, 'dropout': 0.15556224834441, 'hidden_continuous_size': 20, 'attention_head_size': 4, 'learning_rate': 0.017303527046091807}. Best is trial 34 with value: 0.058148812502622604.
LOCAL_RANK: 0 - CUDA_VISIBLE_DEVICES: [0]
[I 2023-12-16 00:32:12,087] Trial 47 finished with value: 1.2628644704818726 and parameters: {'gradient_clip_val': 0.2828510301788758, 'hidden_size': 29, 'dropout': 0.15807767172737847, 'hidden_continuous_size': 23, 'attention_head_size': 3, 'learning_rate': 0.01708594797567427}. Best is trial 34 with value: 0.058148812502622604.
LOCAL_RANK: 0 - CUDA_VISIBLE_DEVICES: [0]
[I 2023-12-16 00:33:01,334] Trial 48 finished with value: 0.25265732407569885 and parameters: {'gradient_clip_val': 0.2194974663226787, 'hidden_size': 28, 'dropout': 0.1969595738251588, 'hidden_continuous_size': 9, 'attention_head_size': 4, 'learning_rate': 0.010542337422236576}. Best is trial 34 with value: 0.058148812502622604.
LOCAL_RANK: 0 - CUDA_VISIBLE_DEVICES: [0]
[I 2023-12-16 00:33:50,439] Trial 49 finished with value: 0.42823657393455505 and parameters: {'gradient_clip_val': 0.2866700069851016, 'hidden_size': 24, 'dropout': 0.1774294443996718, 'hidden_continuous_size': 20, 'attention_head_size': 4, 'learning_rate': 0.008378541518086874}. Best is trial 34 with value: 0.058148812502622604.
[I 2023-12-16 00:33:50,534] A new study created in memory with name: no-name-392d2e16-965c-4af8-8ca4-38e81c256f86
/home/le004/conda/anaconda3/envs/tsff_env/lib/python3.9/site-packages/lightning/fabric/plugins/environments/slurm.py:191: The `srun` command is available on your system but is not used. HINT: If your intention is to run Lightning on SLURM, prepend your python command with `srun` like so: srun python /home/le004/master_thesis/git/TSFusionForecast/code/ ...
LOCAL_RANK: 0 - CUDA_VISIBLE_DEVICES: [0]
[I 2023-12-16 00:34:42,334] Trial 0 finished with value: 0.07374712079763412 and parameters: {'gradient_clip_val': 0.16122174554217494, 'hidden_size': 59, 'dropout': 0.33613048664265155, 'hidden_continuous_size': 5, 'attention_head_size': 2, 'learning_rate': 0.04296853905634981}. Best is trial 0 with value: 0.07374712079763412.
LOCAL_RANK: 0 - CUDA_VISIBLE_DEVICES: [0]
[I 2023-12-16 00:35:31,914] Trial 1 finished with value: 1.4937413930892944 and parameters: {'gradient_clip_val': 0.8355321990062358, 'hidden_size': 32, 'dropout': 0.35173386045394905, 'hidden_continuous_size': 16, 'attention_head_size': 2, 'learning_rate': 0.0013056500525084349}. Best is trial 0 with value: 0.07374712079763412.
LOCAL_RANK: 0 - CUDA_VISIBLE_DEVICES: [0]
[I 2023-12-16 00:36:17,858] Trial 2 finished with value: 3.0121638774871826 and parameters: {'gradient_clip_val': 0.6971952892663099, 'hidden_size': 9, 'dropout': 0.12547106686029896, 'hidden_continuous_size': 5, 'attention_head_size': 3, 'learning_rate': 0.007995677229794966}. Best is trial 0 with value: 0.07374712079763412.
LOCAL_RANK: 0 - CUDA_VISIBLE_DEVICES: [0]
[I 2023-12-16 00:37:03,399] Trial 3 finished with value: 1.3866037130355835 and parameters: {'gradient_clip_val': 0.47852496183186805, 'hidden_size': 9, 'dropout': 0.21222984285054608, 'hidden_continuous_size': 8, 'attention_head_size': 2, 'learning_rate': 0.0007718534097950654}. Best is trial 0 with value: 0.07374712079763412.
LOCAL_RANK: 0 - CUDA_VISIBLE_DEVICES: [0]
[I 2023-12-16 00:37:52,594] Trial 4 finished with value: 1.1062371730804443 and parameters: {'gradient_clip_val': 0.5181262433609931, 'hidden_size': 19, 'dropout': 0.39287460396946483, 'hidden_continuous_size': 12, 'attention_head_size': 4, 'learning_rate': 0.0015985660490653473}. Best is trial 0 with value: 0.07374712079763412.
LOCAL_RANK: 0 - CUDA_VISIBLE_DEVICES: [0]
[I 2023-12-16 00:38:46,215] Trial 5 finished with value: 0.5457419753074646 and parameters: {'gradient_clip_val': 0.1793587606392237, 'hidden_size': 97, 'dropout': 0.2595877876502175, 'hidden_continuous_size': 5, 'attention_head_size': 3, 'learning_rate': 0.0006042092157291005}. Best is trial 0 with value: 0.07374712079763412.
LOCAL_RANK: 0 - CUDA_VISIBLE_DEVICES: [0]
[I 2023-12-16 00:39:32,992] Trial 6 finished with value: 0.30583664774894714 and parameters: {'gradient_clip_val': 0.29762184296778743, 'hidden_size': 17, 'dropout': 0.25019929606971614, 'hidden_continuous_size': 5, 'attention_head_size': 3, 'learning_rate': 0.003540127944579626}. Best is trial 0 with value: 0.07374712079763412.
LOCAL_RANK: 0 - CUDA_VISIBLE_DEVICES: [0]
[I 2023-12-16 00:40:22,044] Trial 7 finished with value: 0.5145469307899475 and parameters: {'gradient_clip_val': 0.10704783531120454, 'hidden_size': 37, 'dropout': 0.11081699908374276, 'hidden_continuous_size': 5, 'attention_head_size': 2, 'learning_rate': 0.002954476174954761}. Best is trial 0 with value: 0.07374712079763412.
LOCAL_RANK: 0 - CUDA_VISIBLE_DEVICES: [0]
[I 2023-12-16 00:41:16,834] Trial 8 finished with value: 0.6324823498725891 and parameters: {'gradient_clip_val': 0.503768675346289, 'hidden_size': 78, 'dropout': 0.25714588426331964, 'hidden_continuous_size': 33, 'attention_head_size': 2, 'learning_rate': 0.020945843118552458}. Best is trial 0 with value: 0.07374712079763412.
LOCAL_RANK: 0 - CUDA_VISIBLE_DEVICES: [0]
[I 2023-12-16 00:42:10,192] Trial 9 finished with value: 1.22325599193573 and parameters: {'gradient_clip_val': 0.2693631217098754, 'hidden_size': 80, 'dropout': 0.20872957983255108, 'hidden_continuous_size': 8, 'attention_head_size': 3, 'learning_rate': 0.0005471050617585166}. Best is trial 0 with value: 0.07374712079763412.
LOCAL_RANK: 0 - CUDA_VISIBLE_DEVICES: [0]
[I 2023-12-16 00:43:03,178] Trial 10 finished with value: 0.17273588478565216 and parameters: {'gradient_clip_val': 0.11066883185042718, 'hidden_size': 47, 'dropout': 0.32219335395161935, 'hidden_continuous_size': 41, 'attention_head_size': 1, 'learning_rate': 0.06146117686079776}. Best is trial 0 with value: 0.07374712079763412.
LOCAL_RANK: 0 - CUDA_VISIBLE_DEVICES: [0]
[I 2023-12-16 00:43:57,201] Trial 11 finished with value: 1.4653258323669434 and parameters: {'gradient_clip_val': 0.10487914739342738, 'hidden_size': 54, 'dropout': 0.33215987329854757, 'hidden_continuous_size': 52, 'attention_head_size': 1, 'learning_rate': 0.09776728182969584}. Best is trial 0 with value: 0.07374712079763412.
LOCAL_RANK: 0 - CUDA_VISIBLE_DEVICES: [0]
[I 2023-12-16 00:44:49,821] Trial 12 finished with value: 0.08916079252958298 and parameters: {'gradient_clip_val': 0.15955358072199421, 'hidden_size': 48, 'dropout': 0.32205579177221694, 'hidden_continuous_size': 22, 'attention_head_size': 1, 'learning_rate': 0.07312419849540071}. Best is trial 0 with value: 0.07374712079763412.
LOCAL_RANK: 0 - CUDA_VISIBLE_DEVICES: [0]
[I 2023-12-16 00:45:38,963] Trial 13 finished with value: 0.3271384537220001 and parameters: {'gradient_clip_val': 0.1900453078112637, 'hidden_size': 26, 'dropout': 0.308069402845776, 'hidden_continuous_size': 17, 'attention_head_size': 1, 'learning_rate': 0.03749480777662382}. Best is trial 0 with value: 0.07374712079763412.
LOCAL_RANK: 0 - CUDA_VISIBLE_DEVICES: [0]
[I 2023-12-16 00:46:31,775] Trial 14 finished with value: 0.2927885353565216 and parameters: {'gradient_clip_val': 0.1602634453332361, 'hidden_size': 54, 'dropout': 0.39730738095051854, 'hidden_continuous_size': 23, 'attention_head_size': 1, 'learning_rate': 0.02652292044563481}. Best is trial 0 with value: 0.07374712079763412.
LOCAL_RANK: 0 - CUDA_VISIBLE_DEVICES: [0]
[I 2023-12-16 00:47:24,939] Trial 15 finished with value: 0.1912413090467453 and parameters: {'gradient_clip_val': 0.23555404256571447, 'hidden_size': 65, 'dropout': 0.3039158705457112, 'hidden_continuous_size': 25, 'attention_head_size': 1, 'learning_rate': 0.09465716046756054}. Best is trial 0 with value: 0.07374712079763412.
LOCAL_RANK: 0 - CUDA_VISIBLE_DEVICES: [0]
[I 2023-12-16 00:48:16,052] Trial 16 finished with value: 0.23158924281597137 and parameters: {'gradient_clip_val': 0.15027782569514414, 'hidden_size': 38, 'dropout': 0.36860883784231624, 'hidden_continuous_size': 11, 'attention_head_size': 2, 'learning_rate': 0.013784379921730754}. Best is trial 0 with value: 0.07374712079763412.
LOCAL_RANK: 0 - CUDA_VISIBLE_DEVICES: [0]
[I 2023-12-16 00:49:14,541] Trial 17 finished with value: 0.14193743467330933 and parameters: {'gradient_clip_val': 0.20648757551224686, 'hidden_size': 95, 'dropout': 0.29002249252458906, 'hidden_continuous_size': 78, 'attention_head_size': 4, 'learning_rate': 0.04288896866343463}. Best is trial 0 with value: 0.07374712079763412.
LOCAL_RANK: 0 - CUDA_VISIBLE_DEVICES: [0]
[I 2023-12-16 00:50:07,845] Trial 18 finished with value: 0.868311882019043 and parameters: {'gradient_clip_val': 0.13199268276249154, 'hidden_size': 63, 'dropout': 0.36306752988391683, 'hidden_continuous_size': 23, 'attention_head_size': 1, 'learning_rate': 0.016263653733439094}. Best is trial 0 with value: 0.07374712079763412.
LOCAL_RANK: 0 - CUDA_VISIBLE_DEVICES: [0]
[I 2023-12-16 00:50:58,557] Trial 19 finished with value: 0.16177549958229065 and parameters: {'gradient_clip_val': 0.23172483904620644, 'hidden_size': 42, 'dropout': 0.3409815342003965, 'hidden_continuous_size': 7, 'attention_head_size': 2, 'learning_rate': 0.05579985883829773}. Best is trial 0 with value: 0.07374712079763412.
LOCAL_RANK: 0 - CUDA_VISIBLE_DEVICES: [0]
[I 2023-12-16 00:51:45,771] Trial 20 finished with value: 0.20830972492694855 and parameters: {'gradient_clip_val': 0.1446099604634739, 'hidden_size': 28, 'dropout': 0.28747799615275127, 'hidden_continuous_size': 6, 'attention_head_size': 1, 'learning_rate': 0.025827620630424118}. Best is trial 0 with value: 0.07374712079763412.
LOCAL_RANK: 0 - CUDA_VISIBLE_DEVICES: [0]
[I 2023-12-16 00:52:25,684] Trial 21 finished with value: 0.07705346494913101 and parameters: {'gradient_clip_val': 0.20188434429125204, 'hidden_size': 95, 'dropout': 0.2960546341811349, 'hidden_continuous_size': 95, 'attention_head_size': 4, 'learning_rate': 0.04717211692224003}. Best is trial 0 with value: 0.07374712079763412.
LOCAL_RANK: 0 - CUDA_VISIBLE_DEVICES: [0]
[I 2023-12-16 00:53:19,312] Trial 22 finished with value: 0.2828589379787445 and parameters: {'gradient_clip_val': 0.17260543756262794, 'hidden_size': 63, 'dropout': 0.3229618300028759, 'hidden_continuous_size': 11, 'attention_head_size': 4, 'learning_rate': 0.057592841048899064}. Best is trial 0 with value: 0.07374712079763412.
LOCAL_RANK: 0 - CUDA_VISIBLE_DEVICES: [0]
[I 2023-12-16 00:54:17,743] Trial 23 finished with value: 0.09250485897064209 and parameters: {'gradient_clip_val': 0.13101231490817591, 'hidden_size': 100, 'dropout': 0.28412044468498265, 'hidden_continuous_size': 93, 'attention_head_size': 3, 'learning_rate': 0.04081919860494145}. Best is trial 0 with value: 0.07374712079763412.
LOCAL_RANK: 0 - CUDA_VISIBLE_DEVICES: [0]
[I 2023-12-16 00:55:11,817] Trial 24 finished with value: 0.2874507009983063 and parameters: {'gradient_clip_val': 0.20902085953304333, 'hidden_size': 47, 'dropout': 0.3470806840520485, 'hidden_continuous_size': 19, 'attention_head_size': 4, 'learning_rate': 0.09759021565271414}. Best is trial 0 with value: 0.07374712079763412.
LOCAL_RANK: 0 - CUDA_VISIBLE_DEVICES: [0]
