[I 2023-12-26 13:04:30,180] Trial 22 finished with value: 4.107207298278809 and parameters: {'gradient_clip_val': 0.1501291232387896, 'hidden_size': 8, 'dropout': 0.18908708319074935, 'hidden_continuous_size': 5, 'attention_head_size': 2, 'learning_rate': 0.048889575052798735}. Best is trial 0 with value: 0.08719927072525024.
[I 2023-12-26 13:04:32,095] Trial 23 finished with value: 4.963022708892822 and parameters: {'gradient_clip_val': 0.21927154043577185, 'hidden_size': 5, 'dropout': 0.25102140767348685, 'hidden_continuous_size': 5, 'attention_head_size': 1, 'learning_rate': 0.029924742641048104}. Best is trial 0 with value: 0.08719927072525024.
[I 2023-12-26 13:04:34,136] Trial 24 finished with value: 4.003494739532471 and parameters: {'gradient_clip_val': 0.10210030835399303, 'hidden_size': 14, 'dropout': 0.293805715241245, 'hidden_continuous_size': 6, 'attention_head_size': 2, 'learning_rate': 0.06733048496205643}. Best is trial 0 with value: 0.08719927072525024.
[I 2023-12-26 13:04:36,086] Trial 25 finished with value: 2.8187620639801025 and parameters: {'gradient_clip_val': 0.1821829805465911, 'hidden_size': 9, 'dropout': 0.2116111296845235, 'hidden_continuous_size': 5, 'attention_head_size': 3, 'learning_rate': 0.03232268352602987}. Best is trial 0 with value: 0.08719927072525024.
[I 2023-12-26 13:04:37,959] Trial 26 finished with value: 4.293441295623779 and parameters: {'gradient_clip_val': 0.2530897044111788, 'hidden_size': 7, 'dropout': 0.15538211119120174, 'hidden_continuous_size': 5, 'attention_head_size': 2, 'learning_rate': 0.05676207828335869}. Best is trial 0 with value: 0.08719927072525024.
[I 2023-12-26 13:04:40,000] Trial 27 finished with value: 4.217907905578613 and parameters: {'gradient_clip_val': 0.1297481330855682, 'hidden_size': 13, 'dropout': 0.26400999683225157, 'hidden_continuous_size': 6, 'attention_head_size': 3, 'learning_rate': 0.09941464929684181}. Best is trial 0 with value: 0.08719927072525024.
[I 2023-12-26 13:04:46,296] Trial 28 finished with value: 2.9175634384155273 and parameters: {'gradient_clip_val': 0.2220274337294283, 'hidden_size': 108, 'dropout': 0.3008591181236049, 'hidden_continuous_size': 12, 'attention_head_size': 1, 'learning_rate': 0.034852072243513436}. Best is trial 0 with value: 0.08719927072525024.
[I 2023-12-26 13:04:50,989] Trial 29 finished with value: 3.328354835510254 and parameters: {'gradient_clip_val': 0.35440267869124326, 'hidden_size': 83, 'dropout': 0.48173168126883664, 'hidden_continuous_size': 12, 'attention_head_size': 3, 'learning_rate': 0.022987464561639265}. Best is trial 0 with value: 0.08719927072525024.
[I 2023-12-26 13:04:53,055] Trial 30 finished with value: 2.942249298095703 and parameters: {'gradient_clip_val': 0.2934547810082222, 'hidden_size': 18, 'dropout': 0.22339915825784373, 'hidden_continuous_size': 7, 'attention_head_size': 3, 'learning_rate': 0.06210649102462822}. Best is trial 0 with value: 0.08719927072525024.
[I 2023-12-26 13:05:00,930] Trial 31 finished with value: 4.300179958343506 and parameters: {'gradient_clip_val': 0.11115478013735255, 'hidden_size': 131, 'dropout': 0.10621827803704942, 'hidden_continuous_size': 33, 'attention_head_size': 3, 'learning_rate': 0.06388146827340664}. Best is trial 0 with value: 0.08719927072525024.
[I 2023-12-26 13:05:09,506] Trial 32 finished with value: 2.3183631896972656 and parameters: {'gradient_clip_val': 0.10494441633156175, 'hidden_size': 143, 'dropout': 0.15455848793792154, 'hidden_continuous_size': 29, 'attention_head_size': 3, 'learning_rate': 0.07481461163884667}. Best is trial 0 with value: 0.08719927072525024.
[I 2023-12-26 13:05:15,166] Trial 33 finished with value: 2.4718308448791504 and parameters: {'gradient_clip_val': 0.1428541734777093, 'hidden_size': 95, 'dropout': 0.15095066035884633, 'hidden_continuous_size': 15, 'attention_head_size': 4, 'learning_rate': 0.04328836201755655}. Best is trial 0 with value: 0.08719927072525024.
[I 2023-12-26 13:05:19,367] Trial 34 finished with value: 2.6446526050567627 and parameters: {'gradient_clip_val': 0.11452375831873406, 'hidden_size': 76, 'dropout': 0.1742423977231148, 'hidden_continuous_size': 9, 'attention_head_size': 2, 'learning_rate': 0.019183137500751565}. Best is trial 0 with value: 0.08719927072525024.
[I 2023-12-26 13:05:27,777] Trial 35 finished with value: 3.04894757270813 and parameters: {'gradient_clip_val': 0.14104567943493873, 'hidden_size': 144, 'dropout': 0.13188194249783125, 'hidden_continuous_size': 13, 'attention_head_size': 3, 'learning_rate': 0.027364710847726608}. Best is trial 0 with value: 0.08719927072525024.
[I 2023-12-26 13:05:30,448] Trial 36 finished with value: 2.4763476848602295 and parameters: {'gradient_clip_val': 0.1740307574140015, 'hidden_size': 48, 'dropout': 0.20170137929096027, 'hidden_continuous_size': 10, 'attention_head_size': 2, 'learning_rate': 0.07048650997955862}. Best is trial 0 with value: 0.08719927072525024.
[I 2023-12-26 13:05:32,856] Trial 37 finished with value: 3.439807891845703 and parameters: {'gradient_clip_val': 0.12103154781604193, 'hidden_size': 28, 'dropout': 0.17158713323328717, 'hidden_continuous_size': 7, 'attention_head_size': 4, 'learning_rate': 0.05246302836149868}. Best is trial 0 with value: 0.08719927072525024.
[I 2023-12-26 13:05:38,625] Trial 38 finished with value: 2.9629271030426025 and parameters: {'gradient_clip_val': 0.16241835330808127, 'hidden_size': 100, 'dropout': 0.20393469768731737, 'hidden_continuous_size': 20, 'attention_head_size': 2, 'learning_rate': 0.03853305627074823}. Best is trial 0 with value: 0.08719927072525024.
[I 2023-12-26 13:05:41,140] Trial 39 finished with value: 3.9184608459472656 and parameters: {'gradient_clip_val': 0.135014627046554, 'hidden_size': 35, 'dropout': 0.2360123822536847, 'hidden_continuous_size': 8, 'attention_head_size': 3, 'learning_rate': 0.08147801781689973}. Best is trial 0 with value: 0.08719927072525024.
[I 2023-12-26 13:05:44,746] Trial 40 finished with value: 4.508664608001709 and parameters: {'gradient_clip_val': 0.5172691122381445, 'hidden_size': 66, 'dropout': 0.12719593204130486, 'hidden_continuous_size': 9, 'attention_head_size': 1, 'learning_rate': 0.046940626821379686}. Best is trial 0 with value: 0.08719927072525024.
[I 2023-12-26 13:05:50,131] Trial 41 finished with value: 3.8282148838043213 and parameters: {'gradient_clip_val': 0.144176421864231, 'hidden_size': 96, 'dropout': 0.1576262377431935, 'hidden_continuous_size': 14, 'attention_head_size': 4, 'learning_rate': 0.041748027923468004}. Best is trial 0 with value: 0.08719927072525024.
[I 2023-12-26 13:05:57,288] Trial 42 finished with value: 2.4937052726745605 and parameters: {'gradient_clip_val': 0.1264635259727064, 'hidden_size': 119, 'dropout': 0.1787021087631978, 'hidden_continuous_size': 25, 'attention_head_size': 4, 'learning_rate': 0.06086627189360214}. Best is trial 0 with value: 0.08719927072525024.
[I 2023-12-26 13:06:02,543] Trial 43 finished with value: 3.9083383083343506 and parameters: {'gradient_clip_val': 0.14823948359470945, 'hidden_size': 90, 'dropout': 0.13781609061835515, 'hidden_continuous_size': 15, 'attention_head_size': 4, 'learning_rate': 0.030998374895183402}. Best is trial 0 with value: 0.08719927072525024.
[I 2023-12-26 13:06:11,214] Trial 44 finished with value: 1.8191848993301392 and parameters: {'gradient_clip_val': 0.11018820506960934, 'hidden_size': 149, 'dropout': 0.1584282959621452, 'hidden_continuous_size': 11, 'attention_head_size': 4, 'learning_rate': 0.09986927779064907}. Best is trial 0 with value: 0.08719927072525024.
[I 2023-12-26 13:06:19,397] Trial 45 finished with value: 3.4902656078338623 and parameters: {'gradient_clip_val': 0.10685835401004691, 'hidden_size': 140, 'dropout': 0.1881579274623123, 'hidden_continuous_size': 11, 'attention_head_size': 4, 'learning_rate': 0.07907376445099927}. Best is trial 0 with value: 0.08719927072525024.
[I 2023-12-26 13:06:26,264] Trial 46 finished with value: 3.1159231662750244 and parameters: {'gradient_clip_val': 0.11584987594094384, 'hidden_size': 120, 'dropout': 0.2119461401143526, 'hidden_continuous_size': 9, 'attention_head_size': 3, 'learning_rate': 0.0786672954696841}. Best is trial 0 with value: 0.08719927072525024.
[I 2023-12-26 13:06:33,196] Trial 47 finished with value: 2.7748794555664062 and parameters: {'gradient_clip_val': 0.10250569711001668, 'hidden_size': 115, 'dropout': 0.1694426151058995, 'hidden_continuous_size': 7, 'attention_head_size': 4, 'learning_rate': 0.09329729807733443}. Best is trial 0 with value: 0.08719927072525024.
[I 2023-12-26 13:06:43,014] Trial 48 finished with value: 1.78374183177948 and parameters: {'gradient_clip_val': 0.1221014991079138, 'hidden_size': 142, 'dropout': 0.4912099428055965, 'hidden_continuous_size': 130, 'attention_head_size': 3, 'learning_rate': 0.0991512240965507}. Best is trial 0 with value: 0.08719927072525024.
[I 2023-12-26 13:06:52,056] Trial 49 finished with value: 2.1665799617767334 and parameters: {'gradient_clip_val': 0.12316761820440851, 'hidden_size': 146, 'dropout': 0.4948440344466061, 'hidden_continuous_size': 80, 'attention_head_size': 3, 'learning_rate': 0.09587424276968591}. Best is trial 0 with value: 0.08719927072525024.
[I 2023-12-26 13:06:52,175] A new study created in memory with name: no-name-7157ff15-291c-4c23-9461-e145dafa2ca1
/home/le004/conda/anaconda3/envs/tsff_env/lib/python3.9/site-packages/lightning/fabric/plugins/environments/slurm.py:191: The `srun` command is available on your system but is not used. HINT: If your intention is to run Lightning on SLURM, prepend your python command with `srun` like so: srun python /home/le004/master_thesis/git/TSFusionForecast/code/ ...
[I 2023-12-26 13:14:16,177] Trial 0 finished with value: 0.036036890000104904 and parameters: {'gradient_clip_val': 0.14830042507676314, 'hidden_size': 53, 'dropout': 0.20996018654369802, 'hidden_continuous_size': 25, 'attention_head_size': 3, 'learning_rate': 0.002410955220261411}. Best is trial 0 with value: 0.036036890000104904.
[I 2023-12-26 13:14:22,550] Trial 1 finished with value: 3.2521235942840576 and parameters: {'gradient_clip_val': 0.10780307057723497, 'hidden_size': 100, 'dropout': 0.10055463308932122, 'hidden_continuous_size': 90, 'attention_head_size': 2, 'learning_rate': 0.06602962234456718}. Best is trial 0 with value: 0.036036890000104904.
[I 2023-12-26 13:14:24,791] Trial 2 finished with value: 3.36270809173584 and parameters: {'gradient_clip_val': 0.43306498239146024, 'hidden_size': 25, 'dropout': 0.14433138310190796, 'hidden_continuous_size': 8, 'attention_head_size': 4, 'learning_rate': 0.05194464854285964}. Best is trial 0 with value: 0.036036890000104904.
[I 2023-12-26 13:14:26,761] Trial 3 finished with value: 4.0276408195495605 and parameters: {'gradient_clip_val': 0.15518519503226652, 'hidden_size': 10, 'dropout': 0.16636200665384748, 'hidden_continuous_size': 6, 'attention_head_size': 4, 'learning_rate': 0.07948624298443843}. Best is trial 0 with value: 0.036036890000104904.
[I 2023-12-26 13:14:29,527] Trial 4 finished with value: 3.643888235092163 and parameters: {'gradient_clip_val': 0.5998239528319508, 'hidden_size': 49, 'dropout': 0.17097052813268543, 'hidden_continuous_size': 10, 'attention_head_size': 1, 'learning_rate': 0.008018068125105155}. Best is trial 0 with value: 0.036036890000104904.
[I 2023-12-26 13:14:34,402] Trial 5 finished with value: 3.2923080921173096 and parameters: {'gradient_clip_val': 0.13386600136611979, 'hidden_size': 87, 'dropout': 0.14145338200919705, 'hidden_continuous_size': 16, 'attention_head_size': 2, 'learning_rate': 0.06053998341549025}. Best is trial 0 with value: 0.036036890000104904.
[I 2023-12-26 13:14:39,084] Trial 6 finished with value: 3.618544816970825 and parameters: {'gradient_clip_val': 0.36510899018299015, 'hidden_size': 81, 'dropout': 0.34869468867429476, 'hidden_continuous_size': 6, 'attention_head_size': 4, 'learning_rate': 0.04748541406567126}. Best is trial 0 with value: 0.036036890000104904.
[I 2023-12-26 13:14:46,456] Trial 7 finished with value: 3.210581064224243 and parameters: {'gradient_clip_val': 0.22576072691623514, 'hidden_size': 114, 'dropout': 0.2914452768379262, 'hidden_continuous_size': 104, 'attention_head_size': 1, 'learning_rate': 0.0017331916316585159}. Best is trial 0 with value: 0.036036890000104904.
[I 2023-12-26 13:14:48,599] Trial 8 finished with value: 4.789980888366699 and parameters: {'gradient_clip_val': 0.25626938064150445, 'hidden_size': 15, 'dropout': 0.2546103814323642, 'hidden_continuous_size': 13, 'attention_head_size': 4, 'learning_rate': 0.0410703130922691}. Best is trial 0 with value: 0.036036890000104904.
[I 2023-12-26 13:14:50,499] Trial 9 finished with value: 3.3154869079589844 and parameters: {'gradient_clip_val': 0.4283222560466566, 'hidden_size': 11, 'dropout': 0.1848585626607862, 'hidden_continuous_size': 11, 'attention_head_size': 4, 'learning_rate': 0.01237495647517659}. Best is trial 0 with value: 0.036036890000104904.
[I 2023-12-26 13:14:52,232] Trial 10 finished with value: 2.8426177501678467 and parameters: {'gradient_clip_val': 0.8920069186377213, 'hidden_size': 5, 'dropout': 0.45517529211607644, 'hidden_continuous_size': 5, 'attention_head_size': 3, 'learning_rate': 0.0005359833559823049}. Best is trial 0 with value: 0.036036890000104904.
[I 2023-12-26 13:14:53,949] Trial 11 finished with value: 2.595916509628296 and parameters: {'gradient_clip_val': 0.8666005767768977, 'hidden_size': 5, 'dropout': 0.4936052299721286, 'hidden_continuous_size': 5, 'attention_head_size': 3, 'learning_rate': 0.0005770338159858387}. Best is trial 0 with value: 0.036036890000104904.
[I 2023-12-26 13:14:56,724] Trial 12 finished with value: 3.1433327198028564 and parameters: {'gradient_clip_val': 0.9225869727832715, 'hidden_size': 42, 'dropout': 0.44592101648078497, 'hidden_continuous_size': 23, 'attention_head_size': 3, 'learning_rate': 0.0014942173313591735}. Best is trial 0 with value: 0.036036890000104904.
[I 2023-12-26 13:14:58,999] Trial 13 finished with value: 3.09908390045166 and parameters: {'gradient_clip_val': 0.19906593161717653, 'hidden_size': 26, 'dropout': 0.49893221660025044, 'hidden_continuous_size': 5, 'attention_head_size': 3, 'learning_rate': 0.0005095278112886944}. Best is trial 0 with value: 0.036036890000104904.
[I 2023-12-26 13:15:00,721] Trial 14 finished with value: 3.219939947128296 and parameters: {'gradient_clip_val': 0.2986348749282504, 'hidden_size': 5, 'dropout': 0.3509315793061567, 'hidden_continuous_size': 5, 'attention_head_size': 2, 'learning_rate': 0.002098522246732788}. Best is trial 0 with value: 0.036036890000104904.
[I 2023-12-26 13:15:09,062] Trial 15 finished with value: 4.251359462738037 and parameters: {'gradient_clip_val': 0.18793542779927477, 'hidden_size': 144, 'dropout': 0.24614544016178835, 'hidden_continuous_size': 42, 'attention_head_size': 3, 'learning_rate': 0.003436585603384492}. Best is trial 0 with value: 0.036036890000104904.
[I 2023-12-26 13:15:11,989] Trial 16 finished with value: 3.5643441677093506 and parameters: {'gradient_clip_val': 0.6066191741897934, 'hidden_size': 50, 'dropout': 0.3872788645325142, 'hidden_continuous_size': 17, 'attention_head_size': 3, 'learning_rate': 0.0009060619196022336}. Best is trial 0 with value: 0.036036890000104904.
[I 2023-12-26 13:15:14,048] Trial 17 finished with value: 3.4878151416778564 and parameters: {'gradient_clip_val': 0.29057283405355633, 'hidden_size': 19, 'dropout': 0.22597535754442694, 'hidden_continuous_size': 8, 'attention_head_size': 2, 'learning_rate': 0.003618181770294389}. Best is trial 0 with value: 0.036036890000104904.
[I 2023-12-26 13:15:16,804] Trial 18 finished with value: 3.7687366008758545 and parameters: {'gradient_clip_val': 0.10508305839604548, 'hidden_size': 37, 'dropout': 0.31261827701512906, 'hidden_continuous_size': 7, 'attention_head_size': 3, 'learning_rate': 0.0009599183208022306}. Best is trial 0 with value: 0.036036890000104904.
[I 2023-12-26 13:15:18,705] Trial 19 finished with value: 2.7524290084838867 and parameters: {'gradient_clip_val': 0.16385441313068647, 'hidden_size': 7, 'dropout': 0.40178306315259704, 'hidden_continuous_size': 5, 'attention_head_size': 2, 'learning_rate': 0.0008969169998239682}. Best is trial 0 with value: 0.036036890000104904.
[I 2023-12-26 13:15:20,586] Trial 20 finished with value: 2.947270154953003 and parameters: {'gradient_clip_val': 0.2277700631855971, 'hidden_size': 16, 'dropout': 0.21485284008299368, 'hidden_continuous_size': 6, 'attention_head_size': 3, 'learning_rate': 0.003437196839567092}. Best is trial 0 with value: 0.036036890000104904.
[I 2023-12-26 13:15:22,411] Trial 21 finished with value: 3.2807109355926514 and parameters: {'gradient_clip_val': 0.16136807896144564, 'hidden_size': 8, 'dropout': 0.42887623669985053, 'hidden_continuous_size': 5, 'attention_head_size': 2, 'learning_rate': 0.0008615222463306657}. Best is trial 0 with value: 0.036036890000104904.
[I 2023-12-26 13:15:24,249] Trial 22 finished with value: 3.3840019702911377 and parameters: {'gradient_clip_val': 0.13186269047019317, 'hidden_size': 7, 'dropout': 0.49610945307914, 'hidden_continuous_size': 5, 'attention_head_size': 1, 'learning_rate': 0.0011706150179248166}. Best is trial 0 with value: 0.036036890000104904.
[I 2023-12-26 13:15:26,099] Trial 23 finished with value: 3.3344669342041016 and parameters: {'gradient_clip_val': 0.18665016619771016, 'hidden_size': 6, 'dropout': 0.40364985860840213, 'hidden_continuous_size': 5, 'attention_head_size': 2, 'learning_rate': 0.000678859688767415}. Best is trial 0 with value: 0.036036890000104904.
[I 2023-12-26 13:15:27,928] Trial 24 finished with value: 3.5109894275665283 and parameters: {'gradient_clip_val': 0.2623290655903449, 'hidden_size': 8, 'dropout': 0.46718841805647615, 'hidden_continuous_size': 5, 'attention_head_size': 3, 'learning_rate': 0.0005071639895391722}. Best is trial 0 with value: 0.036036890000104904.
[I 2023-12-26 13:15:29,625] Trial 25 finished with value: 2.7633883953094482 and parameters: {'gradient_clip_val': 0.1273380058467902, 'hidden_size': 5, 'dropout': 0.4129956655244537, 'hidden_continuous_size': 5, 'attention_head_size': 2, 'learning_rate': 0.0013898695317348466}. Best is trial 0 with value: 0.036036890000104904.
[I 2023-12-26 13:15:31,622] Trial 26 finished with value: 3.998889923095703 and parameters: {'gradient_clip_val': 0.15535150195877098, 'hidden_size': 10, 'dropout': 0.3830815348687199, 'hidden_continuous_size': 6, 'attention_head_size': 3, 'learning_rate': 0.0008241284692683429}. Best is trial 0 with value: 0.036036890000104904.
[I 2023-12-26 13:15:33,472] Trial 27 finished with value: 4.135776519775391 and parameters: {'gradient_clip_val': 0.1000093302583273, 'hidden_size': 6, 'dropout': 0.4676505205091105, 'hidden_continuous_size': 5, 'attention_head_size': 2, 'learning_rate': 0.0021272002603332893}. Best is trial 0 with value: 0.036036890000104904.
[I 2023-12-26 13:15:35,456] Trial 28 finished with value: 3.0031356811523438 and parameters: {'gradient_clip_val': 0.3273930950517852, 'hidden_size': 13, 'dropout': 0.4298939673719546, 'hidden_continuous_size': 6, 'attention_head_size': 1, 'learning_rate': 0.0011012098811565834}. Best is trial 0 with value: 0.036036890000104904.
[I 2023-12-26 13:15:37,314] Trial 29 finished with value: 3.5722925662994385 and parameters: {'gradient_clip_val': 0.11856046896101607, 'hidden_size': 8, 'dropout': 0.47948830512633006, 'hidden_continuous_size': 5, 'attention_head_size': 3, 'learning_rate': 0.0007497743537966546}. Best is trial 0 with value: 0.036036890000104904.
[I 2023-12-26 13:15:39,698] Trial 30 finished with value: 2.9286763668060303 and parameters: {'gradient_clip_val': 0.16546455390017478, 'hidden_size': 21, 'dropout': 0.4412770517652366, 'hidden_continuous_size': 7, 'attention_head_size': 2, 'learning_rate': 0.0024584884749692323}. Best is trial 0 with value: 0.036036890000104904.
[I 2023-12-26 13:15:41,404] Trial 31 finished with value: 3.609959602355957 and parameters: {'gradient_clip_val': 0.12164428900544919, 'hidden_size': 5, 'dropout': 0.40445531237290855, 'hidden_continuous_size': 5, 'attention_head_size': 2, 'learning_rate': 0.0012998644824172075}. Best is trial 0 with value: 0.036036890000104904.
[I 2023-12-26 13:15:43,273] Trial 32 finished with value: 2.5849432945251465 and parameters: {'gradient_clip_val': 0.1403837602767955, 'hidden_size': 6, 'dropout': 0.4801643229432367, 'hidden_continuous_size': 5, 'attention_head_size': 2, 'learning_rate': 0.0014201054828856024}. Best is trial 0 with value: 0.036036890000104904.
[I 2023-12-26 13:15:45,153] Trial 33 finished with value: 3.084017515182495 and parameters: {'gradient_clip_val': 0.14423544609193512, 'hidden_size': 7, 'dropout': 0.4776669369176313, 'hidden_continuous_size': 5, 'attention_head_size': 2, 'learning_rate': 0.0007011207284803097}. Best is trial 0 with value: 0.036036890000104904.
[I 2023-12-26 13:15:47,153] Trial 34 finished with value: 3.467486619949341 and parameters: {'gradient_clip_val': 0.14499311178562357, 'hidden_size': 13, 'dropout': 0.49537479327388667, 'hidden_continuous_size': 7, 'attention_head_size': 1, 'learning_rate': 0.001112744668663373}. Best is trial 0 with value: 0.036036890000104904.
[I 2023-12-26 13:15:49,112] Trial 35 finished with value: 2.9779441356658936 and parameters: {'gradient_clip_val': 0.11522614006746307, 'hidden_size': 9, 'dropout': 0.46203248666582075, 'hidden_continuous_size': 6, 'attention_head_size': 3, 'learning_rate': 0.0016506760277316633}. Best is trial 0 with value: 0.036036890000104904.
[I 2023-12-26 13:15:50,992] Trial 36 finished with value: 3.66980242729187 and parameters: {'gradient_clip_val': 0.17683138532844658, 'hidden_size': 6, 'dropout': 0.44871324745959146, 'hidden_continuous_size': 5, 'attention_head_size': 4, 'learning_rate': 0.0006405718658836165}. Best is trial 0 with value: 0.036036890000104904.
