[I 2023-12-26 13:25:31,869] Trial 13 finished with value: 261.0613708496094 and parameters: {'gradient_clip_val': 0.28376362790444054, 'hidden_size': 24, 'dropout': 0.36432868476144764, 'hidden_continuous_size': 7, 'attention_head_size': 2, 'learning_rate': 0.03853578966972591}. Best is trial 0 with value: 109.19244384765625.
[I 2023-12-26 13:25:33,745] Trial 14 finished with value: 219.7047576904297 and parameters: {'gradient_clip_val': 0.17902097978449608, 'hidden_size': 8, 'dropout': 0.4913525794732104, 'hidden_continuous_size': 5, 'attention_head_size': 4, 'learning_rate': 0.005391728989371679}. Best is trial 0 with value: 109.19244384765625.
[I 2023-12-26 13:25:36,369] Trial 15 finished with value: 233.85577392578125 and parameters: {'gradient_clip_val': 0.43867634116449755, 'hidden_size': 39, 'dropout': 0.22830337261032996, 'hidden_continuous_size': 8, 'attention_head_size': 3, 'learning_rate': 0.0625116397676648}. Best is trial 0 with value: 109.19244384765625.
[I 2023-12-26 13:25:38,453] Trial 16 finished with value: 217.4480438232422 and parameters: {'gradient_clip_val': 0.271619883938267, 'hidden_size': 19, 'dropout': 0.15572648419867313, 'hidden_continuous_size': 6, 'attention_head_size': 2, 'learning_rate': 0.045555254731689476}. Best is trial 0 with value: 109.19244384765625.
[I 2023-12-26 13:25:40,721] Trial 17 finished with value: 328.526611328125 and parameters: {'gradient_clip_val': 0.26348899486087185, 'hidden_size': 10, 'dropout': 0.2271469024290384, 'hidden_continuous_size': 6, 'attention_head_size': 4, 'learning_rate': 0.040523850241128666}. Best is trial 0 with value: 109.19244384765625.
[I 2023-12-26 13:25:42,635] Trial 18 finished with value: 293.31378173828125 and parameters: {'gradient_clip_val': 0.1488661322518207, 'hidden_size': 7, 'dropout': 0.13167466944317818, 'hidden_continuous_size': 5, 'attention_head_size': 3, 'learning_rate': 0.012861219940687141}. Best is trial 0 with value: 109.19244384765625.
[I 2023-12-26 13:25:44,555] Trial 19 finished with value: 262.80401611328125 and parameters: {'gradient_clip_val': 0.21911985715001184, 'hidden_size': 16, 'dropout': 0.15624935710855017, 'hidden_continuous_size': 6, 'attention_head_size': 4, 'learning_rate': 0.004197278387699725}. Best is trial 0 with value: 109.19244384765625.
[I 2023-12-26 13:25:46,465] Trial 20 finished with value: 234.10179138183594 and parameters: {'gradient_clip_val': 0.31500544202624087, 'hidden_size': 7, 'dropout': 0.31393867494876426, 'hidden_continuous_size': 5, 'attention_head_size': 3, 'learning_rate': 0.0006553516829501792}. Best is trial 0 with value: 109.19244384765625.
[I 2023-12-26 13:25:48,227] Trial 21 finished with value: 258.5684509277344 and parameters: {'gradient_clip_val': 0.4514227941044175, 'hidden_size': 5, 'dropout': 0.341118781518529, 'hidden_continuous_size': 5, 'attention_head_size': 4, 'learning_rate': 0.09862949677312349}. Best is trial 0 with value: 109.19244384765625.
[I 2023-12-26 13:25:50,218] Trial 22 finished with value: 255.7921142578125 and parameters: {'gradient_clip_val': 0.1957930294413676, 'hidden_size': 9, 'dropout': 0.3545574503562951, 'hidden_continuous_size': 5, 'attention_head_size': 4, 'learning_rate': 0.09676723313290876}. Best is trial 0 with value: 109.19244384765625.
[I 2023-12-26 13:25:52,168] Trial 23 finished with value: 319.2739562988281 and parameters: {'gradient_clip_val': 0.37408834008399827, 'hidden_size': 7, 'dropout': 0.3887842157020224, 'hidden_continuous_size': 5, 'attention_head_size': 4, 'learning_rate': 0.05779280393723602}. Best is trial 0 with value: 109.19244384765625.
[I 2023-12-26 13:25:54,171] Trial 24 finished with value: 223.2018585205078 and parameters: {'gradient_clip_val': 0.24434729318654122, 'hidden_size': 10, 'dropout': 0.2953416838550944, 'hidden_continuous_size': 6, 'attention_head_size': 3, 'learning_rate': 0.06870352002669963}. Best is trial 0 with value: 109.19244384765625.
[I 2023-12-26 13:25:56,076] Trial 25 finished with value: 233.00050354003906 and parameters: {'gradient_clip_val': 0.30011235638395417, 'hidden_size': 6, 'dropout': 0.22693340804447884, 'hidden_continuous_size': 5, 'attention_head_size': 4, 'learning_rate': 0.03562170602137209}. Best is trial 0 with value: 109.19244384765625.
[I 2023-12-26 13:25:57,958] Trial 26 finished with value: 287.2880859375 and parameters: {'gradient_clip_val': 0.5132929546529835, 'hidden_size': 6, 'dropout': 0.324852012661599, 'hidden_continuous_size': 5, 'attention_head_size': 2, 'learning_rate': 0.05246535927524081}. Best is trial 0 with value: 109.19244384765625.
[I 2023-12-26 13:25:59,958] Trial 27 finished with value: 295.6327819824219 and parameters: {'gradient_clip_val': 0.348991539853966, 'hidden_size': 11, 'dropout': 0.38699110235468537, 'hidden_continuous_size': 6, 'attention_head_size': 3, 'learning_rate': 0.029068468907522276}. Best is trial 0 with value: 109.19244384765625.
[I 2023-12-26 13:26:01,964] Trial 28 finished with value: 246.11143493652344 and parameters: {'gradient_clip_val': 0.2634695048559186, 'hidden_size': 9, 'dropout': 0.2862428335709164, 'hidden_continuous_size': 5, 'attention_head_size': 4, 'learning_rate': 0.09756852842550873}. Best is trial 0 with value: 109.19244384765625.
[I 2023-12-26 13:26:04,252] Trial 29 finished with value: 217.05320739746094 and parameters: {'gradient_clip_val': 0.35356713289822506, 'hidden_size': 14, 'dropout': 0.32373867511439236, 'hidden_continuous_size': 6, 'attention_head_size': 2, 'learning_rate': 0.0682952754180494}. Best is trial 0 with value: 109.19244384765625.
[I 2023-12-26 13:26:06,438] Trial 30 finished with value: 348.253173828125 and parameters: {'gradient_clip_val': 0.20990107244434236, 'hidden_size': 21, 'dropout': 0.30135685262823886, 'hidden_continuous_size': 7, 'attention_head_size': 3, 'learning_rate': 0.045014682802238186}. Best is trial 0 with value: 109.19244384765625.
[I 2023-12-26 13:26:08,462] Trial 31 finished with value: 376.5982666015625 and parameters: {'gradient_clip_val': 0.363507946363642, 'hidden_size': 13, 'dropout': 0.32787699808375725, 'hidden_continuous_size': 6, 'attention_head_size': 2, 'learning_rate': 0.08294424578556285}. Best is trial 0 with value: 109.19244384765625.
[I 2023-12-26 13:26:10,299] Trial 32 finished with value: 320.5048828125 and parameters: {'gradient_clip_val': 0.40597675614409046, 'hidden_size': 8, 'dropout': 0.30853661532614624, 'hidden_continuous_size': 5, 'attention_head_size': 2, 'learning_rate': 0.07068725112446533}. Best is trial 0 with value: 109.19244384765625.
[I 2023-12-26 13:26:12,016] Trial 33 finished with value: 172.8106231689453 and parameters: {'gradient_clip_val': 0.3356259366901994, 'hidden_size': 5, 'dropout': 0.2611120475312445, 'hidden_continuous_size': 5, 'attention_head_size': 2, 'learning_rate': 0.021661831795967035}. Best is trial 0 with value: 109.19244384765625.
[I 2023-12-26 13:26:13,763] Trial 34 finished with value: 234.56304931640625 and parameters: {'gradient_clip_val': 0.2979343036946111, 'hidden_size': 5, 'dropout': 0.25571840201169005, 'hidden_continuous_size': 5, 'attention_head_size': 3, 'learning_rate': 0.025632097723285185}. Best is trial 0 with value: 109.19244384765625.
[I 2023-12-26 13:26:15,672] Trial 35 finished with value: 288.4332580566406 and parameters: {'gradient_clip_val': 0.3178540298841011, 'hidden_size': 6, 'dropout': 0.2675473391923481, 'hidden_continuous_size': 5, 'attention_head_size': 4, 'learning_rate': 0.01803092751581268}. Best is trial 0 with value: 109.19244384765625.
[I 2023-12-26 13:26:17,413] Trial 36 finished with value: 249.30259704589844 and parameters: {'gradient_clip_val': 0.17590947778581068, 'hidden_size': 5, 'dropout': 0.2068920316556374, 'hidden_continuous_size': 5, 'attention_head_size': 3, 'learning_rate': 0.021799682883719015}. Best is trial 0 with value: 109.19244384765625.
[I 2023-12-26 13:26:19,263] Trial 37 finished with value: 243.3522491455078 and parameters: {'gradient_clip_val': 0.25531823277433463, 'hidden_size': 6, 'dropout': 0.2555412115153209, 'hidden_continuous_size': 5, 'attention_head_size': 1, 'learning_rate': 0.02933698082747092}. Best is trial 0 with value: 109.19244384765625.
[I 2023-12-26 13:26:21,730] Trial 38 finished with value: 250.11802673339844 and parameters: {'gradient_clip_val': 0.5801010044869672, 'hidden_size': 31, 'dropout': 0.2782517124663096, 'hidden_continuous_size': 7, 'attention_head_size': 2, 'learning_rate': 0.015957564672051137}. Best is trial 0 with value: 109.19244384765625.
[I 2023-12-26 13:26:25,116] Trial 39 finished with value: 265.0766296386719 and parameters: {'gradient_clip_val': 0.2242325989889282, 'hidden_size': 59, 'dropout': 0.1952160806274983, 'hidden_continuous_size': 9, 'attention_head_size': 3, 'learning_rate': 0.012401535018146123}. Best is trial 0 with value: 109.19244384765625.
[I 2023-12-26 13:26:27,058] Trial 40 finished with value: 230.6814422607422 and parameters: {'gradient_clip_val': 0.19700572718572767, 'hidden_size': 11, 'dropout': 0.24138623629750994, 'hidden_continuous_size': 6, 'attention_head_size': 1, 'learning_rate': 0.02386139818643941}. Best is trial 0 with value: 109.19244384765625.
[I 2023-12-26 13:26:29,341] Trial 41 finished with value: 308.14373779296875 and parameters: {'gradient_clip_val': 0.35918628267274616, 'hidden_size': 14, 'dropout': 0.29023175004608126, 'hidden_continuous_size': 6, 'attention_head_size': 2, 'learning_rate': 0.04506028624539206}. Best is trial 0 with value: 109.19244384765625.
[I 2023-12-26 13:26:31,426] Trial 42 finished with value: 310.44903564453125 and parameters: {'gradient_clip_val': 0.3972079902050258, 'hidden_size': 15, 'dropout': 0.31568586462941606, 'hidden_continuous_size': 6, 'attention_head_size': 2, 'learning_rate': 0.07171663568846356}. Best is trial 0 with value: 109.19244384765625.
[I 2023-12-26 13:26:33,404] Trial 43 finished with value: 212.79884338378906 and parameters: {'gradient_clip_val': 0.32858382470692, 'hidden_size': 12, 'dropout': 0.27690595452759564, 'hidden_continuous_size': 6, 'attention_head_size': 2, 'learning_rate': 0.05462592649204718}. Best is trial 0 with value: 109.19244384765625.
[I 2023-12-26 13:26:35,202] Trial 44 finished with value: 334.4333190917969 and parameters: {'gradient_clip_val': 0.27653990391390854, 'hidden_size': 8, 'dropout': 0.2781497516958275, 'hidden_continuous_size': 5, 'attention_head_size': 2, 'learning_rate': 0.031824565773221576}. Best is trial 0 with value: 109.19244384765625.
[I 2023-12-26 13:26:37,140] Trial 45 finished with value: 266.997314453125 and parameters: {'gradient_clip_val': 0.31408824289766857, 'hidden_size': 12, 'dropout': 0.2084771895550795, 'hidden_continuous_size': 7, 'attention_head_size': 1, 'learning_rate': 0.049915220237628274}. Best is trial 0 with value: 109.19244384765625.
[I 2023-12-26 13:26:39,016] Trial 46 finished with value: 195.14892578125 and parameters: {'gradient_clip_val': 0.23324978259115897, 'hidden_size': 6, 'dropout': 0.24667832884816204, 'hidden_continuous_size': 5, 'attention_head_size': 2, 'learning_rate': 0.03566246615716923}. Best is trial 0 with value: 109.19244384765625.
[I 2023-12-26 13:26:40,773] Trial 47 finished with value: 192.9747314453125 and parameters: {'gradient_clip_val': 0.23194866664966646, 'hidden_size': 5, 'dropout': 0.24624338575858673, 'hidden_continuous_size': 5, 'attention_head_size': 4, 'learning_rate': 0.019820249132636095}. Best is trial 0 with value: 109.19244384765625.
[I 2023-12-26 13:26:42,504] Trial 48 finished with value: 269.65142822265625 and parameters: {'gradient_clip_val': 0.25747328227969013, 'hidden_size': 5, 'dropout': 0.24902212020316825, 'hidden_continuous_size': 5, 'attention_head_size': 3, 'learning_rate': 0.01991114515557432}. Best is trial 0 with value: 109.19244384765625.
[I 2023-12-26 13:26:44,382] Trial 49 finished with value: 313.68988037109375 and parameters: {'gradient_clip_val': 0.23644993768295444, 'hidden_size': 6, 'dropout': 0.17072251279687362, 'hidden_continuous_size': 5, 'attention_head_size': 4, 'learning_rate': 0.009594133896919993}. Best is trial 0 with value: 109.19244384765625.
[I 2023-12-26 13:26:44,503] A new study created in memory with name: no-name-1c60b07b-2f1f-4967-9ea1-3f82e8e3189c
/home/le004/conda/anaconda3/envs/tsff_env/lib/python3.9/site-packages/lightning/fabric/plugins/environments/slurm.py:191: The `srun` command is available on your system but is not used. HINT: If your intention is to run Lightning on SLURM, prepend your python command with `srun` like so: srun python /home/le004/master_thesis/git/TSFusionForecast/code/ ...
[I 2023-12-26 13:30:40,727] Trial 0 finished with value: 271.7082214355469 and parameters: {'gradient_clip_val': 0.38750335675115505, 'hidden_size': 5, 'dropout': 0.4722927503783907, 'hidden_continuous_size': 5, 'attention_head_size': 3, 'learning_rate': 0.000517342867406494}. Best is trial 0 with value: 271.7082214355469.
[I 2023-12-26 13:33:05,385] Trial 1 finished with value: 353.7540588378906 and parameters: {'gradient_clip_val': 0.9214274588249005, 'hidden_size': 11, 'dropout': 0.39198753731605007, 'hidden_continuous_size': 5, 'attention_head_size': 4, 'learning_rate': 0.020292320440812046}. Best is trial 0 with value: 271.7082214355469.
[I 2023-12-26 13:33:07,426] Trial 2 finished with value: 1018.0505981445312 and parameters: {'gradient_clip_val': 0.7161551323036689, 'hidden_size': 6, 'dropout': 0.39003278378859474, 'hidden_continuous_size': 6, 'attention_head_size': 4, 'learning_rate': 0.0028512866122363954}. Best is trial 0 with value: 271.7082214355469.
[I 2023-12-26 13:33:09,375] Trial 3 finished with value: 1180.0667724609375 and parameters: {'gradient_clip_val': 0.45644132960541, 'hidden_size': 5, 'dropout': 0.4726413742032328, 'hidden_continuous_size': 5, 'attention_head_size': 4, 'learning_rate': 0.08072617741010947}. Best is trial 0 with value: 271.7082214355469.
[I 2023-12-26 13:33:11,521] Trial 4 finished with value: 1179.4744873046875 and parameters: {'gradient_clip_val': 0.24049541985216372, 'hidden_size': 5, 'dropout': 0.17561320538179115, 'hidden_continuous_size': 5, 'attention_head_size': 1, 'learning_rate': 0.02002481733543289}. Best is trial 0 with value: 271.7082214355469.
[I 2023-12-26 13:33:14,187] Trial 5 finished with value: 1036.9288330078125 and parameters: {'gradient_clip_val': 0.21953136897480377, 'hidden_size': 23, 'dropout': 0.37050879762645905, 'hidden_continuous_size': 8, 'attention_head_size': 2, 'learning_rate': 0.02074272077422215}. Best is trial 0 with value: 271.7082214355469.
[I 2023-12-26 13:33:16,275] Trial 6 finished with value: 1079.8341064453125 and parameters: {'gradient_clip_val': 0.12398899608591156, 'hidden_size': 8, 'dropout': 0.31691005284846996, 'hidden_continuous_size': 5, 'attention_head_size': 4, 'learning_rate': 0.0006573158810599062}. Best is trial 0 with value: 271.7082214355469.
[I 2023-12-26 13:33:20,239] Trial 7 finished with value: 1296.026611328125 and parameters: {'gradient_clip_val': 0.3298449511433576, 'hidden_size': 50, 'dropout': 0.2125338312901604, 'hidden_continuous_size': 6, 'attention_head_size': 4, 'learning_rate': 0.006175776033756229}. Best is trial 0 with value: 271.7082214355469.
[I 2023-12-26 13:33:22,772] Trial 8 finished with value: 1139.9691162109375 and parameters: {'gradient_clip_val': 0.5538987705970942, 'hidden_size': 15, 'dropout': 0.24145712450320544, 'hidden_continuous_size': 11, 'attention_head_size': 4, 'learning_rate': 0.03915972332249812}. Best is trial 0 with value: 271.7082214355469.
[I 2023-12-26 13:33:25,203] Trial 9 finished with value: 932.9343872070312 and parameters: {'gradient_clip_val': 0.14871813258451907, 'hidden_size': 20, 'dropout': 0.36957009723592427, 'hidden_continuous_size': 20, 'attention_head_size': 4, 'learning_rate': 0.0005251226781332139}. Best is trial 0 with value: 271.7082214355469.
[I 2023-12-26 13:33:34,616] Trial 10 finished with value: 1184.2969970703125 and parameters: {'gradient_clip_val': 0.38279488489174, 'hidden_size': 111, 'dropout': 0.1133460821676896, 'hidden_continuous_size': 78, 'attention_head_size': 2, 'learning_rate': 0.001413055562283632}. Best is trial 0 with value: 271.7082214355469.
[I 2023-12-26 13:33:36,923] Trial 11 finished with value: 1216.9012451171875 and parameters: {'gradient_clip_val': 0.8901237126414082, 'hidden_size': 11, 'dropout': 0.4933436994096849, 'hidden_continuous_size': 5, 'attention_head_size': 3, 'learning_rate': 0.0067568665139434965}. Best is trial 0 with value: 271.7082214355469.
[I 2023-12-26 13:33:39,240] Trial 12 finished with value: 1420.5692138671875 and parameters: {'gradient_clip_val': 0.9049745609357114, 'hidden_size': 10, 'dropout': 0.4428501100305145, 'hidden_continuous_size': 5, 'attention_head_size': 3, 'learning_rate': 0.0020542791912434378}. Best is trial 0 with value: 271.7082214355469.
[I 2023-12-26 13:33:41,506] Trial 13 finished with value: 1502.3629150390625 and parameters: {'gradient_clip_val': 0.5472315448287128, 'hidden_size': 9, 'dropout': 0.4326272490877723, 'hidden_continuous_size': 5, 'attention_head_size': 3, 'learning_rate': 0.013248000701969834}. Best is trial 0 with value: 271.7082214355469.
[I 2023-12-26 13:33:43,894] Trial 14 finished with value: 999.5703125 and parameters: {'gradient_clip_val': 0.6736999489281493, 'hidden_size': 14, 'dropout': 0.42259743765954794, 'hidden_continuous_size': 6, 'attention_head_size': 3, 'learning_rate': 0.0031725818175643134}. Best is trial 0 with value: 271.7082214355469.
[I 2023-12-26 13:33:46,047] Trial 15 finished with value: 1073.0833740234375 and parameters: {'gradient_clip_val': 0.9637831540083474, 'hidden_size': 7, 'dropout': 0.3251431241904683, 'hidden_continuous_size': 5, 'attention_head_size': 2, 'learning_rate': 0.0013541832794592948}. Best is trial 0 with value: 271.7082214355469.
[I 2023-12-26 13:33:48,196] Trial 16 finished with value: 1141.9149169921875 and parameters: {'gradient_clip_val': 0.4218040849778025, 'hidden_size': 5, 'dropout': 0.49968767517701923, 'hidden_continuous_size': 5, 'attention_head_size': 1, 'learning_rate': 0.00477147540985023}. Best is trial 0 with value: 271.7082214355469.
[I 2023-12-26 13:33:50,313] Trial 17 finished with value: 1202.3475341796875 and parameters: {'gradient_clip_val': 0.2969670929801566, 'hidden_size': 8, 'dropout': 0.41047462519527, 'hidden_continuous_size': 5, 'attention_head_size': 3, 'learning_rate': 0.012524353045363394}. Best is trial 0 with value: 271.7082214355469.
[I 2023-12-26 13:33:53,504] Trial 18 finished with value: 1436.64892578125 and parameters: {'gradient_clip_val': 0.6648145347976108, 'hidden_size': 35, 'dropout': 0.45824657201099506, 'hidden_continuous_size': 8, 'attention_head_size': 3, 'learning_rate': 0.0009472175848503374}. Best is trial 0 with value: 271.7082214355469.
[I 2023-12-26 13:33:55,890] Trial 19 finished with value: 1489.3482666015625 and parameters: {'gradient_clip_val': 0.4888460637532037, 'hidden_size': 15, 'dropout': 0.3386578977207634, 'hidden_continuous_size': 6, 'attention_head_size': 2, 'learning_rate': 0.004146636094730964}. Best is trial 0 with value: 271.7082214355469.
[I 2023-12-26 13:33:58,071] Trial 20 finished with value: 1244.08984375 and parameters: {'gradient_clip_val': 0.35389621931359466, 'hidden_size': 7, 'dropout': 0.3997470280620232, 'hidden_continuous_size': 5, 'attention_head_size': 4, 'learning_rate': 0.0021037382329490767}. Best is trial 0 with value: 271.7082214355469.
[I 2023-12-26 13:34:00,662] Trial 21 finished with value: 1397.4625244140625 and parameters: {'gradient_clip_val': 0.16105989767677242, 'hidden_size': 19, 'dropout': 0.3547869701796114, 'hidden_continuous_size': 13, 'attention_head_size': 4, 'learning_rate': 0.0005104641221275767}. Best is trial 0 with value: 271.7082214355469.
[I 2023-12-26 13:34:03,006] Trial 22 finished with value: 955.5349731445312 and parameters: {'gradient_clip_val': 0.10767669351150112, 'hidden_size': 12, 'dropout': 0.38967882974599144, 'hidden_continuous_size': 7, 'attention_head_size': 4, 'learning_rate': 0.008474295144701296}. Best is trial 0 with value: 271.7082214355469.
[I 2023-12-26 13:34:05,683] Trial 23 finished with value: 1252.44482421875 and parameters: {'gradient_clip_val': 0.1840944025393952, 'hidden_size': 22, 'dropout': 0.2892288389972203, 'hidden_continuous_size': 15, 'attention_head_size': 3, 'learning_rate': 0.0007962115814590482}. Best is trial 0 with value: 271.7082214355469.
[I 2023-12-26 13:34:08,010] Trial 24 finished with value: 1327.2366943359375 and parameters: {'gradient_clip_val': 0.2811321470010106, 'hidden_size': 10, 'dropout': 0.4513164273103377, 'hidden_continuous_size': 6, 'attention_head_size': 4, 'learning_rate': 0.0005771926391332073}. Best is trial 0 with value: 271.7082214355469.
[I 2023-12-26 13:34:11,009] Trial 25 finished with value: 1218.4697265625 and parameters: {'gradient_clip_val': 0.26492967400402756, 'hidden_size': 29, 'dropout': 0.3845502844371343, 'hidden_continuous_size': 19, 'attention_head_size': 3, 'learning_rate': 0.000744721564826059}. Best is trial 0 with value: 271.7082214355469.
[I 2023-12-26 13:34:13,176] Trial 26 finished with value: 1283.6109619140625 and parameters: {'gradient_clip_val': 0.3732826673744917, 'hidden_size': 6, 'dropout': 0.3528246673997031, 'hidden_continuous_size': 5, 'attention_head_size': 4, 'learning_rate': 0.0011947530104772454}. Best is trial 0 with value: 271.7082214355469.
[I 2023-12-26 13:34:15,949] Trial 27 finished with value: 1431.15185546875 and parameters: {'gradient_clip_val': 0.2134052959510238, 'hidden_size': 18, 'dropout': 0.4220311624890834, 'hidden_continuous_size': 9, 'attention_head_size': 4, 'learning_rate': 0.000507573110115562}. Best is trial 0 with value: 271.7082214355469.
