[I 2023-12-15 16:55:50,214] Trial 4 finished with value: 12.836634635925293 and parameters: {'gradient_clip_val': 0.1575982841575112, 'hidden_size': 37, 'dropout': 0.2706506526967822, 'hidden_continuous_size': 6, 'attention_head_size': 3, 'learning_rate': 0.032293657604628934}. Best is trial 2 with value: 7.859896183013916.
LOCAL_RANK: 0 - CUDA_VISIBLE_DEVICES: [0]
[I 2023-12-15 16:56:34,644] Trial 5 finished with value: 21.778539657592773 and parameters: {'gradient_clip_val': 0.2396640042510955, 'hidden_size': 15, 'dropout': 0.3953842531958167, 'hidden_continuous_size': 5, 'attention_head_size': 1, 'learning_rate': 0.006916559626220506}. Best is trial 2 with value: 7.859896183013916.
LOCAL_RANK: 0 - CUDA_VISIBLE_DEVICES: [0]
[I 2023-12-15 16:57:31,733] Trial 6 finished with value: 15.212065696716309 and parameters: {'gradient_clip_val': 0.9902355424546675, 'hidden_size': 89, 'dropout': 0.29530275814015416, 'hidden_continuous_size': 69, 'attention_head_size': 3, 'learning_rate': 0.003138535912079305}. Best is trial 2 with value: 7.859896183013916.
LOCAL_RANK: 0 - CUDA_VISIBLE_DEVICES: [0]
[I 2023-12-15 16:58:24,644] Trial 7 finished with value: 11.91876220703125 and parameters: {'gradient_clip_val': 0.22585870792002108, 'hidden_size': 60, 'dropout': 0.27513446536422953, 'hidden_continuous_size': 27, 'attention_head_size': 4, 'learning_rate': 0.0020273691336747234}. Best is trial 2 with value: 7.859896183013916.
LOCAL_RANK: 0 - CUDA_VISIBLE_DEVICES: [0]
[I 2023-12-15 16:59:17,666] Trial 8 finished with value: 13.985615730285645 and parameters: {'gradient_clip_val': 0.7659654944275387, 'hidden_size': 87, 'dropout': 0.3222385244153304, 'hidden_continuous_size': 11, 'attention_head_size': 2, 'learning_rate': 0.07803664938600914}. Best is trial 2 with value: 7.859896183013916.
LOCAL_RANK: 0 - CUDA_VISIBLE_DEVICES: [0]
[I 2023-12-15 17:00:12,433] Trial 9 finished with value: 8.611680030822754 and parameters: {'gradient_clip_val': 0.16682171399491255, 'hidden_size': 93, 'dropout': 0.3774325107034291, 'hidden_continuous_size': 16, 'attention_head_size': 4, 'learning_rate': 0.08880007554280388}. Best is trial 2 with value: 7.859896183013916.
LOCAL_RANK: 0 - CUDA_VISIBLE_DEVICES: [0]
[I 2023-12-15 17:01:00,887] Trial 10 finished with value: 17.449735641479492 and parameters: {'gradient_clip_val': 0.10243430463945866, 'hidden_size': 26, 'dropout': 0.19356341086690243, 'hidden_continuous_size': 9, 'attention_head_size': 2, 'learning_rate': 0.019437282250637795}. Best is trial 2 with value: 7.859896183013916.
LOCAL_RANK: 0 - CUDA_VISIBLE_DEVICES: [0]
[I 2023-12-15 17:01:53,671] Trial 11 finished with value: 9.687762260437012 and parameters: {'gradient_clip_val': 0.4679787751578562, 'hidden_size': 50, 'dropout': 0.3778886099235768, 'hidden_continuous_size': 15, 'attention_head_size': 4, 'learning_rate': 0.02255380344227306}. Best is trial 2 with value: 7.859896183013916.
LOCAL_RANK: 0 - CUDA_VISIBLE_DEVICES: [0]
[I 2023-12-15 17:02:44,572] Trial 12 finished with value: 15.947932243347168 and parameters: {'gradient_clip_val': 0.4250104289501681, 'hidden_size': 35, 'dropout': 0.2000491357956842, 'hidden_continuous_size': 14, 'attention_head_size': 4, 'learning_rate': 0.04007075848252532}. Best is trial 2 with value: 7.859896183013916.
LOCAL_RANK: 0 - CUDA_VISIBLE_DEVICES: [0]
[I 2023-12-15 17:03:38,724] Trial 13 finished with value: 6.7148356437683105 and parameters: {'gradient_clip_val': 0.16854648841816147, 'hidden_size': 91, 'dropout': 0.34499922256376625, 'hidden_continuous_size': 22, 'attention_head_size': 2, 'learning_rate': 0.0005088433156548797}. Best is trial 13 with value: 6.7148356437683105.
LOCAL_RANK: 0 - CUDA_VISIBLE_DEVICES: [0]
[I 2023-12-15 17:04:31,330] Trial 14 finished with value: 15.613937377929688 and parameters: {'gradient_clip_val': 0.629757676399851, 'hidden_size': 53, 'dropout': 0.33387279239396195, 'hidden_continuous_size': 22, 'attention_head_size': 2, 'learning_rate': 0.0005923038469177757}. Best is trial 13 with value: 6.7148356437683105.
LOCAL_RANK: 0 - CUDA_VISIBLE_DEVICES: [0]
[I 2023-12-15 17:05:17,637] Trial 15 finished with value: 8.907309532165527 and parameters: {'gradient_clip_val': 0.641032776456375, 'hidden_size': 18, 'dropout': 0.23515102458802797, 'hidden_continuous_size': 8, 'attention_head_size': 1, 'learning_rate': 0.01050033428497876}. Best is trial 13 with value: 6.7148356437683105.
LOCAL_RANK: 0 - CUDA_VISIBLE_DEVICES: [0]
[I 2023-12-15 17:06:10,623] Trial 16 finished with value: 9.11673641204834 and parameters: {'gradient_clip_val': 0.35307264888655354, 'hidden_size': 65, 'dropout': 0.1473872060550087, 'hidden_continuous_size': 25, 'attention_head_size': 2, 'learning_rate': 0.000640227749090501}. Best is trial 13 with value: 6.7148356437683105.
LOCAL_RANK: 0 - CUDA_VISIBLE_DEVICES: [0]
[I 2023-12-15 17:06:58,757] Trial 17 finished with value: 17.954282760620117 and parameters: {'gradient_clip_val': 0.3219017400647953, 'hidden_size': 32, 'dropout': 0.2419465797701485, 'hidden_continuous_size': 10, 'attention_head_size': 3, 'learning_rate': 0.004817404588784333}. Best is trial 13 with value: 6.7148356437683105.
LOCAL_RANK: 0 - CUDA_VISIBLE_DEVICES: [0]
[I 2023-12-15 17:07:50,339] Trial 18 finished with value: 41.92794418334961 and parameters: {'gradient_clip_val': 0.5545107909148131, 'hidden_size': 43, 'dropout': 0.17287553308685008, 'hidden_continuous_size': 12, 'attention_head_size': 1, 'learning_rate': 0.011905506335957678}. Best is trial 13 with value: 6.7148356437683105.
LOCAL_RANK: 0 - CUDA_VISIBLE_DEVICES: [0]
[I 2023-12-15 17:08:42,276] Trial 19 finished with value: 18.78204345703125 and parameters: {'gradient_clip_val': 0.34723535058581123, 'hidden_size': 68, 'dropout': 0.14926020510850158, 'hidden_continuous_size': 19, 'attention_head_size': 2, 'learning_rate': 0.0011162079807562016}. Best is trial 13 with value: 6.7148356437683105.
LOCAL_RANK: 0 - CUDA_VISIBLE_DEVICES: [0]
[I 2023-12-15 17:09:37,247] Trial 20 finished with value: 20.363313674926758 and parameters: {'gradient_clip_val': 0.8219555529237745, 'hidden_size': 100, 'dropout': 0.3425370722350504, 'hidden_continuous_size': 35, 'attention_head_size': 3, 'learning_rate': 0.0036294482610392718}. Best is trial 13 with value: 6.7148356437683105.
LOCAL_RANK: 0 - CUDA_VISIBLE_DEVICES: [0]
[I 2023-12-15 17:10:30,478] Trial 21 finished with value: 13.822181701660156 and parameters: {'gradient_clip_val': 0.16483217497285282, 'hidden_size': 82, 'dropout': 0.35856834607539045, 'hidden_continuous_size': 15, 'attention_head_size': 2, 'learning_rate': 0.09384785838987461}. Best is trial 13 with value: 6.7148356437683105.
LOCAL_RANK: 0 - CUDA_VISIBLE_DEVICES: [0]
[I 2023-12-15 17:11:23,645] Trial 22 finished with value: 10.895095825195312 and parameters: {'gradient_clip_val': 0.183580775839834, 'hidden_size': 65, 'dropout': 0.37094086985322405, 'hidden_continuous_size': 18, 'attention_head_size': 4, 'learning_rate': 0.049090269753981924}. Best is trial 13 with value: 6.7148356437683105.
LOCAL_RANK: 0 - CUDA_VISIBLE_DEVICES: [0]
[I 2023-12-15 17:12:16,137] Trial 23 finished with value: 8.321049690246582 and parameters: {'gradient_clip_val': 0.12600499489452457, 'hidden_size': 46, 'dropout': 0.3932239427362006, 'hidden_continuous_size': 12, 'attention_head_size': 3, 'learning_rate': 0.05586589227744447}. Best is trial 13 with value: 6.7148356437683105.
LOCAL_RANK: 0 - CUDA_VISIBLE_DEVICES: [0]
[I 2023-12-15 17:13:06,344] Trial 24 finished with value: 18.5892333984375 and parameters: {'gradient_clip_val': 0.11171052288809283, 'hidden_size': 40, 'dropout': 0.2990020797133304, 'hidden_continuous_size': 12, 'attention_head_size': 3, 'learning_rate': 0.02811269229423739}. Best is trial 13 with value: 6.7148356437683105.
LOCAL_RANK: 0 - CUDA_VISIBLE_DEVICES: [0]
[I 2023-12-15 17:13:58,806] Trial 25 finished with value: 6.463844299316406 and parameters: {'gradient_clip_val': 0.1317685584398912, 'hidden_size': 51, 'dropout': 0.35117669636467297, 'hidden_continuous_size': 10, 'attention_head_size': 2, 'learning_rate': 0.05394970168318628}. Best is trial 25 with value: 6.463844299316406.
LOCAL_RANK: 0 - CUDA_VISIBLE_DEVICES: [0]
[I 2023-12-15 17:14:50,618] Trial 26 finished with value: 10.760375022888184 and parameters: {'gradient_clip_val': 0.12003468488645025, 'hidden_size': 54, 'dropout': 0.3475648610515581, 'hidden_continuous_size': 8, 'attention_head_size': 2, 'learning_rate': 0.01670154070450465}. Best is trial 25 with value: 6.463844299316406.
LOCAL_RANK: 0 - CUDA_VISIBLE_DEVICES: [0]
[I 2023-12-15 17:15:38,655] Trial 27 finished with value: 9.341666221618652 and parameters: {'gradient_clip_val': 0.14463242036493318, 'hidden_size': 27, 'dropout': 0.32916811558756626, 'hidden_continuous_size': 10, 'attention_head_size': 1, 'learning_rate': 0.03981209357157259}. Best is trial 25 with value: 6.463844299316406.
LOCAL_RANK: 0 - CUDA_VISIBLE_DEVICES: [0]
[I 2023-12-15 17:16:30,780] Trial 28 finished with value: 14.978935241699219 and parameters: {'gradient_clip_val': 0.13516850807344155, 'hidden_size': 70, 'dropout': 0.31346159163481274, 'hidden_continuous_size': 9, 'attention_head_size': 2, 'learning_rate': 0.026237353253340676}. Best is trial 25 with value: 6.463844299316406.
LOCAL_RANK: 0 - CUDA_VISIBLE_DEVICES: [0]
[I 2023-12-15 17:17:22,409] Trial 29 finished with value: 8.66274356842041 and parameters: {'gradient_clip_val': 0.18662795908788826, 'hidden_size': 52, 'dropout': 0.35543285914221606, 'hidden_continuous_size': 13, 'attention_head_size': 2, 'learning_rate': 0.05449674999537073}. Best is trial 25 with value: 6.463844299316406.
LOCAL_RANK: 0 - CUDA_VISIBLE_DEVICES: [0]
[I 2023-12-15 17:18:13,777] Trial 30 finished with value: 17.923181533813477 and parameters: {'gradient_clip_val': 0.20357356447498134, 'hidden_size': 75, 'dropout': 0.11661158046774453, 'hidden_continuous_size': 7, 'attention_head_size': 1, 'learning_rate': 0.01683810011977584}. Best is trial 25 with value: 6.463844299316406.
LOCAL_RANK: 0 - CUDA_VISIBLE_DEVICES: [0]
[I 2023-12-15 17:19:05,855] Trial 31 finished with value: 9.595215797424316 and parameters: {'gradient_clip_val': 0.12791324866127352, 'hidden_size': 45, 'dropout': 0.3995875194042299, 'hidden_continuous_size': 11, 'attention_head_size': 3, 'learning_rate': 0.05932699463570287}. Best is trial 25 with value: 6.463844299316406.
LOCAL_RANK: 0 - CUDA_VISIBLE_DEVICES: [0]
[I 2023-12-15 17:19:57,358] Trial 32 finished with value: 9.814114570617676 and parameters: {'gradient_clip_val': 0.10156136942415199, 'hidden_size': 45, 'dropout': 0.3644843520288396, 'hidden_continuous_size': 13, 'attention_head_size': 2, 'learning_rate': 0.06430993985688606}. Best is trial 25 with value: 6.463844299316406.
LOCAL_RANK: 0 - CUDA_VISIBLE_DEVICES: [0]
[I 2023-12-15 17:20:50,418] Trial 33 finished with value: 9.16919231414795 and parameters: {'gradient_clip_val': 0.14146222156289315, 'hidden_size': 61, 'dropout': 0.3836556543013245, 'hidden_continuous_size': 18, 'attention_head_size': 3, 'learning_rate': 0.042191744362404124}. Best is trial 25 with value: 6.463844299316406.
LOCAL_RANK: 0 - CUDA_VISIBLE_DEVICES: [0]
[I 2023-12-15 17:21:38,458] Trial 34 finished with value: 12.443808555603027 and parameters: {'gradient_clip_val': 0.2746253630901214, 'hidden_size': 32, 'dropout': 0.34646853417153467, 'hidden_continuous_size': 11, 'attention_head_size': 3, 'learning_rate': 0.03266432422626951}. Best is trial 25 with value: 6.463844299316406.
LOCAL_RANK: 0 - CUDA_VISIBLE_DEVICES: [0]
[I 2023-12-15 17:22:29,532] Trial 35 finished with value: 19.733436584472656 and parameters: {'gradient_clip_val': 0.12137646738993887, 'hidden_size': 75, 'dropout': 0.3917085770388736, 'hidden_continuous_size': 5, 'attention_head_size': 2, 'learning_rate': 0.09667425873608154}. Best is trial 25 with value: 6.463844299316406.
LOCAL_RANK: 0 - CUDA_VISIBLE_DEVICES: [0]
[I 2023-12-15 17:23:20,583] Trial 36 finished with value: 15.224102973937988 and parameters: {'gradient_clip_val': 0.1474283378993597, 'hidden_size': 39, 'dropout': 0.3696392340397452, 'hidden_continuous_size': 13, 'attention_head_size': 2, 'learning_rate': 0.056531733676308836}. Best is trial 25 with value: 6.463844299316406.
LOCAL_RANK: 0 - CUDA_VISIBLE_DEVICES: [0]
[I 2023-12-15 17:24:14,097] Trial 37 finished with value: 15.960235595703125 and parameters: {'gradient_clip_val': 0.2238771175434362, 'hidden_size': 99, 'dropout': 0.1025861298891867, 'hidden_continuous_size': 6, 'attention_head_size': 3, 'learning_rate': 0.03429929126951426}. Best is trial 25 with value: 6.463844299316406.
LOCAL_RANK: 0 - CUDA_VISIBLE_DEVICES: [0]
[I 2023-12-15 17:25:06,185] Trial 38 finished with value: 19.908615112304688 and parameters: {'gradient_clip_val': 0.1579923864476733, 'hidden_size': 57, 'dropout': 0.31162731758262047, 'hidden_continuous_size': 16, 'attention_head_size': 1, 'learning_rate': 0.06616371692214015}. Best is trial 25 with value: 6.463844299316406.
LOCAL_RANK: 0 - CUDA_VISIBLE_DEVICES: [0]
[I 2023-12-15 17:25:57,719] Trial 39 finished with value: 12.094006538391113 and parameters: {'gradient_clip_val': 0.25682289590007656, 'hidden_size': 47, 'dropout': 0.397580702047767, 'hidden_continuous_size': 9, 'attention_head_size': 2, 'learning_rate': 0.07257171698993982}. Best is trial 25 with value: 6.463844299316406.
LOCAL_RANK: 0 - CUDA_VISIBLE_DEVICES: [0]
[I 2023-12-15 17:26:51,904] Trial 40 finished with value: 20.403770446777344 and parameters: {'gradient_clip_val': 0.12154278839076278, 'hidden_size': 82, 'dropout': 0.2736192686278007, 'hidden_continuous_size': 22, 'attention_head_size': 3, 'learning_rate': 0.007165352040338992}. Best is trial 25 with value: 6.463844299316406.
LOCAL_RANK: 0 - CUDA_VISIBLE_DEVICES: [0]
[I 2023-12-15 17:27:46,342] Trial 41 finished with value: 10.244686126708984 and parameters: {'gradient_clip_val': 0.17194696523669417, 'hidden_size': 83, 'dropout': 0.37846246981585185, 'hidden_continuous_size': 16, 'attention_head_size': 4, 'learning_rate': 0.0837667470946249}. Best is trial 25 with value: 6.463844299316406.
LOCAL_RANK: 0 - CUDA_VISIBLE_DEVICES: [0]
[I 2023-12-15 17:28:41,948] Trial 42 finished with value: 14.738791465759277 and parameters: {'gradient_clip_val': 0.16272550948459946, 'hidden_size': 99, 'dropout': 0.3837122120247676, 'hidden_continuous_size': 31, 'attention_head_size': 4, 'learning_rate': 0.09901727573812012}. Best is trial 25 with value: 6.463844299316406.
LOCAL_RANK: 0 - CUDA_VISIBLE_DEVICES: [0]
[I 2023-12-15 17:29:34,601] Trial 43 finished with value: 15.588306427001953 and parameters: {'gradient_clip_val': 0.20882429916319756, 'hidden_size': 59, 'dropout': 0.3575441456777087, 'hidden_continuous_size': 14, 'attention_head_size': 2, 'learning_rate': 0.0472023401278334}. Best is trial 25 with value: 6.463844299316406.
LOCAL_RANK: 0 - CUDA_VISIBLE_DEVICES: [0]
[I 2023-12-15 17:30:28,607] Trial 44 finished with value: 13.419517517089844 and parameters: {'gradient_clip_val': 0.1318600029259876, 'hidden_size': 73, 'dropout': 0.3368574269307657, 'hidden_continuous_size': 17, 'attention_head_size': 4, 'learning_rate': 0.06875833758225172}. Best is trial 25 with value: 6.463844299316406.
LOCAL_RANK: 0 - CUDA_VISIBLE_DEVICES: [0]
[I 2023-12-15 17:31:20,641] Trial 45 finished with value: 13.530682563781738 and parameters: {'gradient_clip_val': 0.11206919867576123, 'hidden_size': 52, 'dropout': 0.36827384902495164, 'hidden_continuous_size': 14, 'attention_head_size': 2, 'learning_rate': 0.036683248550487206}. Best is trial 25 with value: 6.463844299316406.
LOCAL_RANK: 0 - CUDA_VISIBLE_DEVICES: [0]
[I 2023-12-15 17:32:10,608] Trial 46 finished with value: 13.906184196472168 and parameters: {'gradient_clip_val': 0.9910362434724203, 'hidden_size': 35, 'dropout': 0.3225044679186956, 'hidden_continuous_size': 12, 'attention_head_size': 3, 'learning_rate': 0.04888949488090965}. Best is trial 25 with value: 6.463844299316406.
LOCAL_RANK: 0 - CUDA_VISIBLE_DEVICES: [0]
[I 2023-12-15 17:33:02,869] Trial 47 finished with value: 14.902018547058105 and parameters: {'gradient_clip_val': 0.14852850998220624, 'hidden_size': 62, 'dropout': 0.38330432357118416, 'hidden_continuous_size': 10, 'attention_head_size': 2, 'learning_rate': 0.077438824041261}. Best is trial 25 with value: 6.463844299316406.
LOCAL_RANK: 0 - CUDA_VISIBLE_DEVICES: [0]
[I 2023-12-15 17:33:57,629] Trial 48 finished with value: 11.492154121398926 and parameters: {'gradient_clip_val': 0.18472651880718224, 'hidden_size': 90, 'dropout': 0.2610376823007481, 'hidden_continuous_size': 20, 'attention_head_size': 4, 'learning_rate': 0.02226235428850367}. Best is trial 25 with value: 6.463844299316406.
LOCAL_RANK: 0 - CUDA_VISIBLE_DEVICES: [0]
[I 2023-12-15 17:34:49,752] Trial 49 finished with value: 16.625600814819336 and parameters: {'gradient_clip_val': 0.15198715695363363, 'hidden_size': 49, 'dropout': 0.28572769639397766, 'hidden_continuous_size': 16, 'attention_head_size': 2, 'learning_rate': 0.028500155945417594}. Best is trial 25 with value: 6.463844299316406.
[I 2023-12-15 17:34:49,845] A new study created in memory with name: no-name-fe47d71e-39e9-4000-8967-e3153e7b9de1
/home/le004/conda/anaconda3/envs/tsff_env/lib/python3.9/site-packages/lightning/fabric/plugins/environments/slurm.py:191: The `srun` command is available on your system but is not used. HINT: If your intention is to run Lightning on SLURM, prepend your python command with `srun` like so: srun python /home/le004/master_thesis/git/TSFusionForecast/code/ ...
LOCAL_RANK: 0 - CUDA_VISIBLE_DEVICES: [0]
[I 2023-12-15 17:35:34,081] Trial 0 finished with value: 377.6606750488281 and parameters: {'gradient_clip_val': 0.5218138542820149, 'hidden_size': 7, 'dropout': 0.38492390033304547, 'hidden_continuous_size': 6, 'attention_head_size': 1, 'learning_rate': 0.0009892030008763193}. Best is trial 0 with value: 377.6606750488281.
LOCAL_RANK: 0 - CUDA_VISIBLE_DEVICES: [0]
[I 2023-12-15 17:36:18,996] Trial 1 finished with value: 755.7615356445312 and parameters: {'gradient_clip_val': 0.1021173100299108, 'hidden_size': 10, 'dropout': 0.1585714508450367, 'hidden_continuous_size': 5, 'attention_head_size': 3, 'learning_rate': 0.0006015917774734077}. Best is trial 0 with value: 377.6606750488281.
LOCAL_RANK: 0 - CUDA_VISIBLE_DEVICES: [0]
[I 2023-12-15 17:36:53,528] Trial 2 finished with value: 704.30712890625 and parameters: {'gradient_clip_val': 0.26423044779413757, 'hidden_size': 7, 'dropout': 0.15407804101174227, 'hidden_continuous_size': 7, 'attention_head_size': 4, 'learning_rate': 0.0008218750537665641}. Best is trial 0 with value: 377.6606750488281.
LOCAL_RANK: 0 - CUDA_VISIBLE_DEVICES: [0]
[I 2023-12-15 17:37:42,424] Trial 3 finished with value: 119.8608627319336 and parameters: {'gradient_clip_val': 0.25635936928399855, 'hidden_size': 31, 'dropout': 0.25039518163351504, 'hidden_continuous_size': 5, 'attention_head_size': 4, 'learning_rate': 0.0023863388675460927}. Best is trial 3 with value: 119.8608627319336.
LOCAL_RANK: 0 - CUDA_VISIBLE_DEVICES: [0]
[I 2023-12-15 17:38:30,126] Trial 4 finished with value: 737.15087890625 and parameters: {'gradient_clip_val': 0.5138302562286758, 'hidden_size': 21, 'dropout': 0.210537653852754, 'hidden_continuous_size': 10, 'attention_head_size': 1, 'learning_rate': 0.022090235172119967}. Best is trial 3 with value: 119.8608627319336.
LOCAL_RANK: 0 - CUDA_VISIBLE_DEVICES: [0]
[I 2023-12-15 17:39:18,135] Trial 5 finished with value: 99.72659301757812 and parameters: {'gradient_clip_val': 0.9072983949549354, 'hidden_size': 40, 'dropout': 0.26334295500201654, 'hidden_continuous_size': 7, 'attention_head_size': 2, 'learning_rate': 0.0005056020035410239}. Best is trial 5 with value: 99.72659301757812.
LOCAL_RANK: 0 - CUDA_VISIBLE_DEVICES: [0]
[I 2023-12-15 17:39:51,688] Trial 6 finished with value: 363.7004699707031 and parameters: {'gradient_clip_val': 0.26703385887779024, 'hidden_size': 5, 'dropout': 0.18746782028125594, 'hidden_continuous_size': 5, 'attention_head_size': 2, 'learning_rate': 0.07424044225130523}. Best is trial 5 with value: 99.72659301757812.
LOCAL_RANK: 0 - CUDA_VISIBLE_DEVICES: [0]
[I 2023-12-15 17:40:37,284] Trial 7 finished with value: 1299.4281005859375 and parameters: {'gradient_clip_val': 0.11462172047242018, 'hidden_size': 11, 'dropout': 0.25397667526069967, 'hidden_continuous_size': 10, 'attention_head_size': 3, 'learning_rate': 0.008488147359475758}. Best is trial 5 with value: 99.72659301757812.
LOCAL_RANK: 0 - CUDA_VISIBLE_DEVICES: [0]
[I 2023-12-15 17:41:27,271] Trial 8 finished with value: 482.6292419433594 and parameters: {'gradient_clip_val': 0.9153267505920472, 'hidden_size': 35, 'dropout': 0.3360554222059996, 'hidden_continuous_size': 10, 'attention_head_size': 4, 'learning_rate': 0.0010883306048780031}. Best is trial 5 with value: 99.72659301757812.
LOCAL_RANK: 0 - CUDA_VISIBLE_DEVICES: [0]
[I 2023-12-15 17:42:15,865] Trial 9 finished with value: 496.15966796875 and parameters: {'gradient_clip_val': 0.3055201267313182, 'hidden_size': 18, 'dropout': 0.28282200389196294, 'hidden_continuous_size': 16, 'attention_head_size': 4, 'learning_rate': 0.03966293462406429}. Best is trial 5 with value: 99.72659301757812.
LOCAL_RANK: 0 - CUDA_VISIBLE_DEVICES: [0]
[I 2023-12-15 17:43:09,159] Trial 10 finished with value: 1038.5657958984375 and parameters: {'gradient_clip_val': 0.9929308579374038, 'hidden_size': 72, 'dropout': 0.10489522230335707, 'hidden_continuous_size': 33, 'attention_head_size': 2, 'learning_rate': 0.0025492309705340494}. Best is trial 5 with value: 99.72659301757812.
LOCAL_RANK: 0 - CUDA_VISIBLE_DEVICES: [0]
[I 2023-12-15 17:43:58,390] Trial 11 finished with value: 308.2155456542969 and parameters: {'gradient_clip_val': 0.18820735457007837, 'hidden_size': 39, 'dropout': 0.2812350409968551, 'hidden_continuous_size': 7, 'attention_head_size': 2, 'learning_rate': 0.003175227955863633}. Best is trial 5 with value: 99.72659301757812.
LOCAL_RANK: 0 - CUDA_VISIBLE_DEVICES: [0]
