[I 2023-12-16 14:05:17,520] Trial 44 finished with value: 0.03980531170964241 and parameters: {'gradient_clip_val': 0.4809005939419548, 'hidden_size': 18, 'dropout': 0.39185184825460356, 'hidden_continuous_size': 6, 'attention_head_size': 3, 'learning_rate': 0.06925648071288297}. Best is trial 44 with value: 0.03980531170964241.
LOCAL_RANK: 0 - CUDA_VISIBLE_DEVICES: [0]
[I 2023-12-16 14:06:05,951] Trial 45 finished with value: 0.048086121678352356 and parameters: {'gradient_clip_val': 0.4997134440802331, 'hidden_size': 21, 'dropout': 0.37469543452445264, 'hidden_continuous_size': 6, 'attention_head_size': 3, 'learning_rate': 0.04228034362284783}. Best is trial 44 with value: 0.03980531170964241.
LOCAL_RANK: 0 - CUDA_VISIBLE_DEVICES: [0]
[I 2023-12-16 14:06:54,580] Trial 46 finished with value: 0.05219326540827751 and parameters: {'gradient_clip_val': 0.38490008093862793, 'hidden_size': 27, 'dropout': 0.3244715340864164, 'hidden_continuous_size': 7, 'attention_head_size': 1, 'learning_rate': 0.09974553564420063}. Best is trial 44 with value: 0.03980531170964241.
LOCAL_RANK: 0 - CUDA_VISIBLE_DEVICES: [0]
[I 2023-12-16 14:07:45,197] Trial 47 finished with value: 0.05030056834220886 and parameters: {'gradient_clip_val': 0.4392783236506071, 'hidden_size': 35, 'dropout': 0.39050740725831823, 'hidden_continuous_size': 11, 'attention_head_size': 4, 'learning_rate': 0.05866163691900482}. Best is trial 44 with value: 0.03980531170964241.
LOCAL_RANK: 0 - CUDA_VISIBLE_DEVICES: [0]
[I 2023-12-16 14:08:32,296] Trial 48 finished with value: 0.05506319925189018 and parameters: {'gradient_clip_val': 0.33778202890208764, 'hidden_size': 18, 'dropout': 0.39646614688527276, 'hidden_continuous_size': 6, 'attention_head_size': 3, 'learning_rate': 0.017699300426665593}. Best is trial 44 with value: 0.03980531170964241.
LOCAL_RANK: 0 - CUDA_VISIBLE_DEVICES: [0]
[I 2023-12-16 14:09:19,888] Trial 49 finished with value: 0.06335318833589554 and parameters: {'gradient_clip_val': 0.7945396808971901, 'hidden_size': 24, 'dropout': 0.18325666508771613, 'hidden_continuous_size': 9, 'attention_head_size': 1, 'learning_rate': 0.011909981011920796}. Best is trial 44 with value: 0.03980531170964241.
[I 2023-12-16 14:09:19,997] A new study created in memory with name: no-name-4a0484e1-4e52-4b77-a9f5-02d90e854874
/home/le004/conda/anaconda3/envs/tsff_env/lib/python3.9/site-packages/lightning/fabric/plugins/environments/slurm.py:191: The `srun` command is available on your system but is not used. HINT: If your intention is to run Lightning on SLURM, prepend your python command with `srun` like so: srun python /home/le004/master_thesis/git/TSFusionForecast/code/ ...
LOCAL_RANK: 0 - CUDA_VISIBLE_DEVICES: [0]
[I 2023-12-16 14:09:58,402] Trial 0 finished with value: 0.6621645092964172 and parameters: {'gradient_clip_val': 0.8879368658210272, 'hidden_size': 43, 'dropout': 0.23029356556276342, 'hidden_continuous_size': 43, 'attention_head_size': 4, 'learning_rate': 0.000690345662052391}. Best is trial 0 with value: 0.6621645092964172.
LOCAL_RANK: 0 - CUDA_VISIBLE_DEVICES: [0]
[I 2023-12-16 14:10:54,754] Trial 1 finished with value: 0.0969574972987175 and parameters: {'gradient_clip_val': 0.6116318141320446, 'hidden_size': 94, 'dropout': 0.2630433613502734, 'hidden_continuous_size': 46, 'attention_head_size': 3, 'learning_rate': 0.001136374295282684}. Best is trial 1 with value: 0.0969574972987175.
LOCAL_RANK: 0 - CUDA_VISIBLE_DEVICES: [0]
[I 2023-12-16 14:11:44,069] Trial 2 finished with value: 0.13086271286010742 and parameters: {'gradient_clip_val': 0.27635635731742647, 'hidden_size': 31, 'dropout': 0.1221957730785924, 'hidden_continuous_size': 12, 'attention_head_size': 2, 'learning_rate': 0.003669735473512248}. Best is trial 1 with value: 0.0969574972987175.
LOCAL_RANK: 0 - CUDA_VISIBLE_DEVICES: [0]
[I 2023-12-16 14:12:30,334] Trial 3 finished with value: 0.12419214844703674 and parameters: {'gradient_clip_val': 0.5525556184489213, 'hidden_size': 10, 'dropout': 0.1930554440791815, 'hidden_continuous_size': 5, 'attention_head_size': 3, 'learning_rate': 0.0678299773656139}. Best is trial 1 with value: 0.0969574972987175.
LOCAL_RANK: 0 - CUDA_VISIBLE_DEVICES: [0]
[I 2023-12-16 14:13:21,949] Trial 4 finished with value: 0.132481649518013 and parameters: {'gradient_clip_val': 0.15964324933235943, 'hidden_size': 34, 'dropout': 0.12046542262949632, 'hidden_continuous_size': 18, 'attention_head_size': 2, 'learning_rate': 0.002238798105942206}. Best is trial 1 with value: 0.0969574972987175.
LOCAL_RANK: 0 - CUDA_VISIBLE_DEVICES: [0]
[I 2023-12-16 14:13:58,389] Trial 5 finished with value: 0.12515859305858612 and parameters: {'gradient_clip_val': 0.15875152632275308, 'hidden_size': 5, 'dropout': 0.17727144495484992, 'hidden_continuous_size': 5, 'attention_head_size': 3, 'learning_rate': 0.030750944254254585}. Best is trial 1 with value: 0.0969574972987175.
LOCAL_RANK: 0 - CUDA_VISIBLE_DEVICES: [0]
[I 2023-12-16 14:14:45,840] Trial 6 finished with value: 0.05683105066418648 and parameters: {'gradient_clip_val': 0.23036651834778232, 'hidden_size': 18, 'dropout': 0.30031536062565944, 'hidden_continuous_size': 8, 'attention_head_size': 1, 'learning_rate': 0.06911555515479527}. Best is trial 6 with value: 0.05683105066418648.
LOCAL_RANK: 0 - CUDA_VISIBLE_DEVICES: [0]
[I 2023-12-16 14:15:31,263] Trial 7 finished with value: 1.4516500234603882 and parameters: {'gradient_clip_val': 0.10484095175390037, 'hidden_size': 6, 'dropout': 0.11865868546052381, 'hidden_continuous_size': 5, 'attention_head_size': 2, 'learning_rate': 0.001774176722800821}. Best is trial 6 with value: 0.05683105066418648.
LOCAL_RANK: 0 - CUDA_VISIBLE_DEVICES: [0]
[I 2023-12-16 14:16:06,991] Trial 8 finished with value: 0.2649097740650177 and parameters: {'gradient_clip_val': 0.1567318957512002, 'hidden_size': 9, 'dropout': 0.3868132857619294, 'hidden_continuous_size': 9, 'attention_head_size': 1, 'learning_rate': 0.005077274246505678}. Best is trial 6 with value: 0.05683105066418648.
LOCAL_RANK: 0 - CUDA_VISIBLE_DEVICES: [0]
[I 2023-12-16 14:16:59,925] Trial 9 finished with value: 0.10634714365005493 and parameters: {'gradient_clip_val': 0.46248164358417837, 'hidden_size': 59, 'dropout': 0.1429178762695939, 'hidden_continuous_size': 7, 'attention_head_size': 4, 'learning_rate': 0.03567844731623591}. Best is trial 6 with value: 0.05683105066418648.
LOCAL_RANK: 0 - CUDA_VISIBLE_DEVICES: [0]
[I 2023-12-16 14:17:47,233] Trial 10 finished with value: 0.03983983397483826 and parameters: {'gradient_clip_val': 0.29956162410509235, 'hidden_size': 17, 'dropout': 0.30972781522617454, 'hidden_continuous_size': 7, 'attention_head_size': 1, 'learning_rate': 0.012688591068600435}. Best is trial 10 with value: 0.03983983397483826.
LOCAL_RANK: 0 - CUDA_VISIBLE_DEVICES: [0]
[I 2023-12-16 14:18:34,105] Trial 11 finished with value: 0.20496118068695068 and parameters: {'gradient_clip_val': 0.3023296651002775, 'hidden_size': 18, 'dropout': 0.3093440066653798, 'hidden_continuous_size': 7, 'attention_head_size': 1, 'learning_rate': 0.011506335331192257}. Best is trial 10 with value: 0.03983983397483826.
LOCAL_RANK: 0 - CUDA_VISIBLE_DEVICES: [0]
[I 2023-12-16 14:19:20,928] Trial 12 finished with value: 0.08871340751647949 and parameters: {'gradient_clip_val': 0.24899015842153438, 'hidden_size': 18, 'dropout': 0.3213467575392692, 'hidden_continuous_size': 7, 'attention_head_size': 1, 'learning_rate': 0.09185373075677886}. Best is trial 10 with value: 0.03983983397483826.
LOCAL_RANK: 0 - CUDA_VISIBLE_DEVICES: [0]
[I 2023-12-16 14:20:09,440] Trial 13 finished with value: 0.38338255882263184 and parameters: {'gradient_clip_val': 0.3717587965160619, 'hidden_size': 21, 'dropout': 0.3051037766591254, 'hidden_continuous_size': 9, 'attention_head_size': 1, 'learning_rate': 0.01358371375890595}. Best is trial 10 with value: 0.03983983397483826.
LOCAL_RANK: 0 - CUDA_VISIBLE_DEVICES: [0]
[I 2023-12-16 14:20:54,808] Trial 14 finished with value: 0.4299291670322418 and parameters: {'gradient_clip_val': 0.22708437257218325, 'hidden_size': 14, 'dropout': 0.3579765529124604, 'hidden_continuous_size': 6, 'attention_head_size': 1, 'learning_rate': 0.012804845795368463}. Best is trial 10 with value: 0.03983983397483826.
LOCAL_RANK: 0 - CUDA_VISIBLE_DEVICES: [0]
[I 2023-12-16 14:21:39,940] Trial 15 finished with value: 0.2959944009780884 and parameters: {'gradient_clip_val': 0.35638496735926933, 'hidden_size': 12, 'dropout': 0.2675908284854386, 'hidden_continuous_size': 6, 'attention_head_size': 2, 'learning_rate': 0.030867492104371147}. Best is trial 10 with value: 0.03983983397483826.
LOCAL_RANK: 0 - CUDA_VISIBLE_DEVICES: [0]
[I 2023-12-16 14:22:28,477] Trial 16 finished with value: 0.09352582693099976 and parameters: {'gradient_clip_val': 0.20427328941345385, 'hidden_size': 22, 'dropout': 0.3383141315593836, 'hidden_continuous_size': 10, 'attention_head_size': 1, 'learning_rate': 0.007164025845094173}. Best is trial 10 with value: 0.03983983397483826.
LOCAL_RANK: 0 - CUDA_VISIBLE_DEVICES: [0]
[I 2023-12-16 14:23:14,442] Trial 17 finished with value: 0.292626291513443 and parameters: {'gradient_clip_val': 0.3992636166546484, 'hidden_size': 7, 'dropout': 0.2879238451471115, 'hidden_continuous_size': 5, 'attention_head_size': 2, 'learning_rate': 0.09546766418745177}. Best is trial 10 with value: 0.03983983397483826.
LOCAL_RANK: 0 - CUDA_VISIBLE_DEVICES: [0]
[I 2023-12-16 14:23:59,764] Trial 18 finished with value: 0.08157739043235779 and parameters: {'gradient_clip_val': 0.3160761132141875, 'hidden_size': 14, 'dropout': 0.3570700655394561, 'hidden_continuous_size': 6, 'attention_head_size': 1, 'learning_rate': 0.04588657719202938}. Best is trial 10 with value: 0.03983983397483826.
LOCAL_RANK: 0 - CUDA_VISIBLE_DEVICES: [0]
[I 2023-12-16 14:24:48,496] Trial 19 finished with value: 0.12916451692581177 and parameters: {'gradient_clip_val': 0.21296095545826574, 'hidden_size': 26, 'dropout': 0.2371296569437586, 'hidden_continuous_size': 8, 'attention_head_size': 2, 'learning_rate': 0.022295191481921113}. Best is trial 10 with value: 0.03983983397483826.
LOCAL_RANK: 0 - CUDA_VISIBLE_DEVICES: [0]
[I 2023-12-16 14:25:33,235] Trial 20 finished with value: 0.133753702044487 and parameters: {'gradient_clip_val': 0.27479300329845274, 'hidden_size': 8, 'dropout': 0.2886158140474555, 'hidden_continuous_size': 6, 'attention_head_size': 1, 'learning_rate': 0.05541241334268064}. Best is trial 10 with value: 0.03983983397483826.
LOCAL_RANK: 0 - CUDA_VISIBLE_DEVICES: [0]
[I 2023-12-16 14:26:18,441] Trial 21 finished with value: 0.2982960045337677 and parameters: {'gradient_clip_val': 0.31319091032635304, 'hidden_size': 14, 'dropout': 0.3457988851554749, 'hidden_continuous_size': 6, 'attention_head_size': 1, 'learning_rate': 0.04715123007237586}. Best is trial 10 with value: 0.03983983397483826.
LOCAL_RANK: 0 - CUDA_VISIBLE_DEVICES: [0]
[I 2023-12-16 14:27:02,859] Trial 22 finished with value: 0.0766945406794548 and parameters: {'gradient_clip_val': 0.3311866171698007, 'hidden_size': 12, 'dropout': 0.37992726932046017, 'hidden_continuous_size': 7, 'attention_head_size': 1, 'learning_rate': 0.023429015685015882}. Best is trial 10 with value: 0.03983983397483826.
LOCAL_RANK: 0 - CUDA_VISIBLE_DEVICES: [0]
[I 2023-12-16 14:27:49,287] Trial 23 finished with value: 0.10846545547246933 and parameters: {'gradient_clip_val': 0.42026806331301164, 'hidden_size': 11, 'dropout': 0.39495047949437356, 'hidden_continuous_size': 7, 'attention_head_size': 1, 'learning_rate': 0.017664627719777073}. Best is trial 10 with value: 0.03983983397483826.
LOCAL_RANK: 0 - CUDA_VISIBLE_DEVICES: [0]
[I 2023-12-16 14:28:36,329] Trial 24 finished with value: 0.10631348937749863 and parameters: {'gradient_clip_val': 0.24637992440434325, 'hidden_size': 17, 'dropout': 0.3791518388825774, 'hidden_continuous_size': 8, 'attention_head_size': 2, 'learning_rate': 0.02239491348321131}. Best is trial 10 with value: 0.03983983397483826.
LOCAL_RANK: 0 - CUDA_VISIBLE_DEVICES: [0]
[I 2023-12-16 14:29:21,978] Trial 25 finished with value: 0.4242175817489624 and parameters: {'gradient_clip_val': 0.3558678203265253, 'hidden_size': 11, 'dropout': 0.33013825118875634, 'hidden_continuous_size': 7, 'attention_head_size': 1, 'learning_rate': 0.007735984777663663}. Best is trial 10 with value: 0.03983983397483826.
LOCAL_RANK: 0 - CUDA_VISIBLE_DEVICES: [0]
[I 2023-12-16 14:30:07,344] Trial 26 finished with value: 0.7156772017478943 and parameters: {'gradient_clip_val': 0.4843605312244575, 'hidden_size': 8, 'dropout': 0.3669367436676651, 'hidden_continuous_size': 7, 'attention_head_size': 2, 'learning_rate': 0.022080861680406905}. Best is trial 10 with value: 0.03983983397483826.
LOCAL_RANK: 0 - CUDA_VISIBLE_DEVICES: [0]
[I 2023-12-16 14:30:56,069] Trial 27 finished with value: 0.08579891920089722 and parameters: {'gradient_clip_val': 0.2807985948135056, 'hidden_size': 23, 'dropout': 0.3369279009693043, 'hidden_continuous_size': 11, 'attention_head_size': 1, 'learning_rate': 0.03596860560598973}. Best is trial 10 with value: 0.03983983397483826.
LOCAL_RANK: 0 - CUDA_VISIBLE_DEVICES: [0]
[I 2023-12-16 14:31:42,835] Trial 28 finished with value: 0.08789917081594467 and parameters: {'gradient_clip_val': 0.1952491741769487, 'hidden_size': 17, 'dropout': 0.3992442830429307, 'hidden_continuous_size': 8, 'attention_head_size': 3, 'learning_rate': 0.07071524129046965}. Best is trial 10 with value: 0.03983983397483826.
LOCAL_RANK: 0 - CUDA_VISIBLE_DEVICES: [0]
[I 2023-12-16 14:32:30,809] Trial 29 finished with value: 0.7771880030632019 and parameters: {'gradient_clip_val': 0.7371434878584001, 'hidden_size': 28, 'dropout': 0.36939849860690493, 'hidden_continuous_size': 12, 'attention_head_size': 1, 'learning_rate': 0.0005362516577789172}. Best is trial 10 with value: 0.03983983397483826.
LOCAL_RANK: 0 - CUDA_VISIBLE_DEVICES: [0]
[I 2023-12-16 14:33:17,610] Trial 30 finished with value: 0.06773604452610016 and parameters: {'gradient_clip_val': 0.9150261441332169, 'hidden_size': 13, 'dropout': 0.31737154464780604, 'hidden_continuous_size': 8, 'attention_head_size': 4, 'learning_rate': 0.00990863044318438}. Best is trial 10 with value: 0.03983983397483826.
LOCAL_RANK: 0 - CUDA_VISIBLE_DEVICES: [0]
[I 2023-12-16 14:34:04,514] Trial 31 finished with value: 0.1388438642024994 and parameters: {'gradient_clip_val': 0.9021455597578443, 'hidden_size': 13, 'dropout': 0.3196309995201086, 'hidden_continuous_size': 8, 'attention_head_size': 4, 'learning_rate': 0.009501537334227978}. Best is trial 10 with value: 0.03983983397483826.
LOCAL_RANK: 0 - CUDA_VISIBLE_DEVICES: [0]
[I 2023-12-16 14:34:52,146] Trial 32 finished with value: 0.2613823115825653 and parameters: {'gradient_clip_val': 0.9738102236340804, 'hidden_size': 15, 'dropout': 0.28646011318108144, 'hidden_continuous_size': 9, 'attention_head_size': 4, 'learning_rate': 0.018521736060303825}. Best is trial 10 with value: 0.03983983397483826.
LOCAL_RANK: 0 - CUDA_VISIBLE_DEVICES: [0]
[I 2023-12-16 14:35:39,526] Trial 33 finished with value: 0.14723250269889832 and parameters: {'gradient_clip_val': 0.778511542785209, 'hidden_size': 10, 'dropout': 0.2592650925570377, 'hidden_continuous_size': 8, 'attention_head_size': 4, 'learning_rate': 0.0052521192101129}. Best is trial 10 with value: 0.03983983397483826.
LOCAL_RANK: 0 - CUDA_VISIBLE_DEVICES: [0]
[I 2023-12-16 14:36:25,526] Trial 34 finished with value: 0.07691434770822525 and parameters: {'gradient_clip_val': 0.5271609321266053, 'hidden_size': 12, 'dropout': 0.34966743857715094, 'hidden_continuous_size': 8, 'attention_head_size': 3, 'learning_rate': 0.014917805016256294}. Best is trial 10 with value: 0.03983983397483826.
LOCAL_RANK: 0 - CUDA_VISIBLE_DEVICES: [0]
[I 2023-12-16 14:37:13,385] Trial 35 finished with value: 0.32832977175712585 and parameters: {'gradient_clip_val': 0.7783009542713313, 'hidden_size': 20, 'dropout': 0.3051793786761492, 'hidden_continuous_size': 10, 'attention_head_size': 3, 'learning_rate': 0.009628808489689855}. Best is trial 10 with value: 0.03983983397483826.
LOCAL_RANK: 0 - CUDA_VISIBLE_DEVICES: [0]
[I 2023-12-16 14:38:03,398] Trial 36 finished with value: 0.05813116952776909 and parameters: {'gradient_clip_val': 0.6456991028492981, 'hidden_size': 33, 'dropout': 0.3299853832399575, 'hidden_continuous_size': 14, 'attention_head_size': 2, 'learning_rate': 0.025193548364662408}. Best is trial 10 with value: 0.03983983397483826.
LOCAL_RANK: 0 - CUDA_VISIBLE_DEVICES: [0]
[I 2023-12-16 14:38:54,500] Trial 37 finished with value: 0.07300931215286255 and parameters: {'gradient_clip_val': 0.6490774920122228, 'hidden_size': 40, 'dropout': 0.2756751033061303, 'hidden_continuous_size': 15, 'attention_head_size': 3, 'learning_rate': 0.01571447137795674}. Best is trial 10 with value: 0.03983983397483826.
LOCAL_RANK: 0 - CUDA_VISIBLE_DEVICES: [0]
[I 2023-12-16 14:39:44,227] Trial 38 finished with value: 1.64124596118927 and parameters: {'gradient_clip_val': 0.6381050815879533, 'hidden_size': 33, 'dropout': 0.24229423608198447, 'hidden_continuous_size': 15, 'attention_head_size': 2, 'learning_rate': 0.02845301098237047}. Best is trial 10 with value: 0.03983983397483826.
LOCAL_RANK: 0 - CUDA_VISIBLE_DEVICES: [0]
[I 2023-12-16 14:40:32,111] Trial 39 finished with value: 0.0731172040104866 and parameters: {'gradient_clip_val': 0.9733928876231089, 'hidden_size': 24, 'dropout': 0.32326625350988925, 'hidden_continuous_size': 12, 'attention_head_size': 2, 'learning_rate': 0.01081651838634885}. Best is trial 10 with value: 0.03983983397483826.
LOCAL_RANK: 0 - CUDA_VISIBLE_DEVICES: [0]
[I 2023-12-16 14:41:25,819] Trial 40 finished with value: 0.12100445479154587 and parameters: {'gradient_clip_val': 0.5586242006521737, 'hidden_size': 49, 'dropout': 0.2551557445728324, 'hidden_continuous_size': 18, 'attention_head_size': 4, 'learning_rate': 0.003466709987338607}. Best is trial 10 with value: 0.03983983397483826.
LOCAL_RANK: 0 - CUDA_VISIBLE_DEVICES: [0]
[I 2023-12-16 14:42:16,832] Trial 41 finished with value: 0.0664389505982399 and parameters: {'gradient_clip_val': 0.6468479314275831, 'hidden_size': 37, 'dropout': 0.2779968887805059, 'hidden_continuous_size': 15, 'attention_head_size': 3, 'learning_rate': 0.01663605029799259}. Best is trial 10 with value: 0.03983983397483826.
LOCAL_RANK: 0 - CUDA_VISIBLE_DEVICES: [0]
[I 2023-12-16 14:43:04,957] Trial 42 finished with value: 0.06204858422279358 and parameters: {'gradient_clip_val': 0.7133230000214013, 'hidden_size': 29, 'dropout': 0.2992205298783046, 'hidden_continuous_size': 14, 'attention_head_size': 3, 'learning_rate': 0.01704745330592301}. Best is trial 10 with value: 0.03983983397483826.
LOCAL_RANK: 0 - CUDA_VISIBLE_DEVICES: [0]
[I 2023-12-16 14:43:53,216] Trial 43 finished with value: 0.08641588687896729 and parameters: {'gradient_clip_val': 0.6033854563140768, 'hidden_size': 31, 'dropout': 0.30303430207552273, 'hidden_continuous_size': 14, 'attention_head_size': 3, 'learning_rate': 0.01728397781637926}. Best is trial 10 with value: 0.03983983397483826.
LOCAL_RANK: 0 - CUDA_VISIBLE_DEVICES: [0]
[I 2023-12-16 14:44:44,347] Trial 44 finished with value: 0.04924871399998665 and parameters: {'gradient_clip_val': 0.7097130539445581, 'hidden_size': 37, 'dropout': 0.2732070219318607, 'hidden_continuous_size': 18, 'attention_head_size': 3, 'learning_rate': 0.013504104321375462}. Best is trial 10 with value: 0.03983983397483826.
LOCAL_RANK: 0 - CUDA_VISIBLE_DEVICES: [0]
[I 2023-12-16 14:45:31,838] Trial 45 finished with value: 0.10259797424077988 and parameters: {'gradient_clip_val': 0.8159685309805674, 'hidden_size': 28, 'dropout': 0.29524974094929546, 'hidden_continuous_size': 18, 'attention_head_size': 3, 'learning_rate': 0.013461163371608601}. Best is trial 10 with value: 0.03983983397483826.
LOCAL_RANK: 0 - CUDA_VISIBLE_DEVICES: [0]
[I 2023-12-16 14:46:22,704] Trial 46 finished with value: 0.10967133194208145 and parameters: {'gradient_clip_val': 0.44259290914002897, 'hidden_size': 44, 'dropout': 0.2749653203908653, 'hidden_continuous_size': 19, 'attention_head_size': 3, 'learning_rate': 0.038650522930445984}. Best is trial 10 with value: 0.03983983397483826.
LOCAL_RANK: 0 - CUDA_VISIBLE_DEVICES: [0]
[I 2023-12-16 14:47:13,344] Trial 47 finished with value: 0.11592552810907364 and parameters: {'gradient_clip_val': 0.48900535250999577, 'hidden_size': 34, 'dropout': 0.2234873699906815, 'hidden_continuous_size': 21, 'attention_head_size': 2, 'learning_rate': 0.07042947953086552}. Best is trial 10 with value: 0.03983983397483826.
LOCAL_RANK: 0 - CUDA_VISIBLE_DEVICES: [0]
[I 2023-12-16 14:48:02,087] Trial 48 finished with value: 0.47427067160606384 and parameters: {'gradient_clip_val': 0.6984186488898877, 'hidden_size': 26, 'dropout': 0.29826836045074895, 'hidden_continuous_size': 22, 'attention_head_size': 3, 'learning_rate': 0.013163248889255496}. Best is trial 10 with value: 0.03983983397483826.
LOCAL_RANK: 0 - CUDA_VISIBLE_DEVICES: [0]
[I 2023-12-16 14:48:48,071] Trial 49 finished with value: 0.1081530824303627 and parameters: {'gradient_clip_val': 0.8529948852143371, 'hidden_size': 20, 'dropout': 0.3158317825055922, 'hidden_continuous_size': 13, 'attention_head_size': 2, 'learning_rate': 0.03145323522605159}. Best is trial 10 with value: 0.03983983397483826.
