[I 2023-12-16 07:27:22,276] Trial 5 finished with value: 707.0756225585938 and parameters: {'gradient_clip_val': 0.49106205900682626, 'hidden_size': 9, 'dropout': 0.1251054065762352, 'hidden_continuous_size': 5, 'attention_head_size': 2, 'learning_rate': 0.0006881572428985722}. Best is trial 2 with value: 445.685302734375.
LOCAL_RANK: 0 - CUDA_VISIBLE_DEVICES: [0]
[I 2023-12-16 07:28:14,169] Trial 6 finished with value: 475.44140625 and parameters: {'gradient_clip_val': 0.387844274054496, 'hidden_size': 64, 'dropout': 0.25601497080380214, 'hidden_continuous_size': 9, 'attention_head_size': 3, 'learning_rate': 0.032236587947434225}. Best is trial 2 with value: 445.685302734375.
LOCAL_RANK: 0 - CUDA_VISIBLE_DEVICES: [0]
[I 2023-12-16 07:29:00,695] Trial 7 finished with value: 1065.4349365234375 and parameters: {'gradient_clip_val': 0.2547605036842315, 'hidden_size': 18, 'dropout': 0.28744864712748974, 'hidden_continuous_size': 9, 'attention_head_size': 1, 'learning_rate': 0.03763867342466977}. Best is trial 2 with value: 445.685302734375.
LOCAL_RANK: 0 - CUDA_VISIBLE_DEVICES: [0]
[I 2023-12-16 07:29:53,201] Trial 8 finished with value: 859.406005859375 and parameters: {'gradient_clip_val': 0.7798901709862217, 'hidden_size': 37, 'dropout': 0.18369229804626064, 'hidden_continuous_size': 22, 'attention_head_size': 3, 'learning_rate': 0.0016927016627373277}. Best is trial 2 with value: 445.685302734375.
LOCAL_RANK: 0 - CUDA_VISIBLE_DEVICES: [0]
[I 2023-12-16 07:30:38,624] Trial 9 finished with value: 403.6791076660156 and parameters: {'gradient_clip_val': 0.2195722295287717, 'hidden_size': 18, 'dropout': 0.2553080664825604, 'hidden_continuous_size': 5, 'attention_head_size': 1, 'learning_rate': 0.008880098725171799}. Best is trial 9 with value: 403.6791076660156.
LOCAL_RANK: 0 - CUDA_VISIBLE_DEVICES: [0]
[I 2023-12-16 07:31:12,063] Trial 10 finished with value: 422.0515441894531 and parameters: {'gradient_clip_val': 0.10238354203320298, 'hidden_size': 5, 'dropout': 0.20842664906135952, 'hidden_continuous_size': 5, 'attention_head_size': 2, 'learning_rate': 0.007487659687626192}. Best is trial 9 with value: 403.6791076660156.
LOCAL_RANK: 0 - CUDA_VISIBLE_DEVICES: [0]
[I 2023-12-16 07:31:45,307] Trial 11 finished with value: 988.5200805664062 and parameters: {'gradient_clip_val': 0.10652389121700331, 'hidden_size': 5, 'dropout': 0.20171230023178094, 'hidden_continuous_size': 5, 'attention_head_size': 2, 'learning_rate': 0.007718271708065368}. Best is trial 9 with value: 403.6791076660156.
LOCAL_RANK: 0 - CUDA_VISIBLE_DEVICES: [0]
[I 2023-12-16 07:32:18,841] Trial 12 finished with value: 667.1943359375 and parameters: {'gradient_clip_val': 0.1120053104896547, 'hidden_size': 5, 'dropout': 0.23967597687186243, 'hidden_continuous_size': 5, 'attention_head_size': 1, 'learning_rate': 0.0068348650824348834}. Best is trial 9 with value: 403.6791076660156.
LOCAL_RANK: 0 - CUDA_VISIBLE_DEVICES: [0]
[I 2023-12-16 07:33:03,527] Trial 13 finished with value: 1156.1231689453125 and parameters: {'gradient_clip_val': 0.17983642761372698, 'hidden_size': 9, 'dropout': 0.15858476240321218, 'hidden_continuous_size': 5, 'attention_head_size': 2, 'learning_rate': 0.015733562549744583}. Best is trial 9 with value: 403.6791076660156.
LOCAL_RANK: 0 - CUDA_VISIBLE_DEVICES: [0]
[I 2023-12-16 07:33:46,674] Trial 14 finished with value: 876.2854614257812 and parameters: {'gradient_clip_val': 0.17093662262908868, 'hidden_size': 8, 'dropout': 0.24008717255821083, 'hidden_continuous_size': 5, 'attention_head_size': 1, 'learning_rate': 0.0036141849179569486}. Best is trial 9 with value: 403.6791076660156.
LOCAL_RANK: 0 - CUDA_VISIBLE_DEVICES: [0]
[I 2023-12-16 07:34:37,870] Trial 15 finished with value: 1090.2840576171875 and parameters: {'gradient_clip_val': 0.32238929678695943, 'hidden_size': 40, 'dropout': 0.12313541378636184, 'hidden_continuous_size': 16, 'attention_head_size': 2, 'learning_rate': 0.0121581610824882}. Best is trial 9 with value: 403.6791076660156.
LOCAL_RANK: 0 - CUDA_VISIBLE_DEVICES: [0]
[I 2023-12-16 07:35:32,052] Trial 16 finished with value: 717.7427368164062 and parameters: {'gradient_clip_val': 0.12945992316981225, 'hidden_size': 92, 'dropout': 0.16930025566116536, 'hidden_continuous_size': 44, 'attention_head_size': 1, 'learning_rate': 0.0035173206874797897}. Best is trial 9 with value: 403.6791076660156.
LOCAL_RANK: 0 - CUDA_VISIBLE_DEVICES: [0]
[I 2023-12-16 07:36:15,678] Trial 17 finished with value: 386.3359375 and parameters: {'gradient_clip_val': 0.20761231487351656, 'hidden_size': 12, 'dropout': 0.38976507603114763, 'hidden_continuous_size': 6, 'attention_head_size': 2, 'learning_rate': 0.09428385117950464}. Best is trial 17 with value: 386.3359375.
LOCAL_RANK: 0 - CUDA_VISIBLE_DEVICES: [0]
[I 2023-12-16 07:37:00,184] Trial 18 finished with value: 423.0729675292969 and parameters: {'gradient_clip_val': 0.22448106634512854, 'hidden_size': 13, 'dropout': 0.3957136048869174, 'hidden_continuous_size': 6, 'attention_head_size': 1, 'learning_rate': 0.08697101313104504}. Best is trial 17 with value: 386.3359375.
LOCAL_RANK: 0 - CUDA_VISIBLE_DEVICES: [0]
[I 2023-12-16 07:37:43,821] Trial 19 finished with value: 793.5139770507812 and parameters: {'gradient_clip_val': 0.2005751234373826, 'hidden_size': 12, 'dropout': 0.3102473404087732, 'hidden_continuous_size': 6, 'attention_head_size': 2, 'learning_rate': 0.03084682811091256}. Best is trial 17 with value: 386.3359375.
LOCAL_RANK: 0 - CUDA_VISIBLE_DEVICES: [0]
[I 2023-12-16 07:38:31,814] Trial 20 finished with value: 597.1177368164062 and parameters: {'gradient_clip_val': 0.2889214569581637, 'hidden_size': 28, 'dropout': 0.3939149591799343, 'hidden_continuous_size': 7, 'attention_head_size': 3, 'learning_rate': 0.09165645918884172}. Best is trial 17 with value: 386.3359375.
LOCAL_RANK: 0 - CUDA_VISIBLE_DEVICES: [0]
[I 2023-12-16 07:39:16,388] Trial 21 finished with value: 931.6181640625 and parameters: {'gradient_clip_val': 0.13422048143583323, 'hidden_size': 7, 'dropout': 0.26637723106340994, 'hidden_continuous_size': 5, 'attention_head_size': 2, 'learning_rate': 0.025189291762952513}. Best is trial 17 with value: 386.3359375.
LOCAL_RANK: 0 - CUDA_VISIBLE_DEVICES: [0]
[I 2023-12-16 07:40:00,862] Trial 22 finished with value: 2086.806396484375 and parameters: {'gradient_clip_val': 0.1516759902908216, 'hidden_size': 6, 'dropout': 0.21478884660578113, 'hidden_continuous_size': 5, 'attention_head_size': 2, 'learning_rate': 0.04910799809141854}. Best is trial 17 with value: 386.3359375.
LOCAL_RANK: 0 - CUDA_VISIBLE_DEVICES: [0]
[I 2023-12-16 07:40:45,796] Trial 23 finished with value: 906.5581665039062 and parameters: {'gradient_clip_val': 0.19097850185964446, 'hidden_size': 11, 'dropout': 0.31255500754732435, 'hidden_continuous_size': 6, 'attention_head_size': 2, 'learning_rate': 0.02247524981107617}. Best is trial 17 with value: 386.3359375.
LOCAL_RANK: 0 - CUDA_VISIBLE_DEVICES: [0]
[I 2023-12-16 07:41:30,200] Trial 24 finished with value: 642.5325317382812 and parameters: {'gradient_clip_val': 0.1069628890957097, 'hidden_size': 6, 'dropout': 0.2772689303422917, 'hidden_continuous_size': 5, 'attention_head_size': 1, 'learning_rate': 0.047143987341373095}. Best is trial 17 with value: 386.3359375.
LOCAL_RANK: 0 - CUDA_VISIBLE_DEVICES: [0]
[I 2023-12-16 07:42:15,733] Trial 25 finished with value: 997.1428833007812 and parameters: {'gradient_clip_val': 0.2025024617638785, 'hidden_size': 10, 'dropout': 0.2260774910487221, 'hidden_continuous_size': 6, 'attention_head_size': 3, 'learning_rate': 0.009672289053563998}. Best is trial 17 with value: 386.3359375.
LOCAL_RANK: 0 - CUDA_VISIBLE_DEVICES: [0]
[I 2023-12-16 07:43:00,065] Trial 26 finished with value: 282.1205749511719 and parameters: {'gradient_clip_val': 0.15729044405963297, 'hidden_size': 7, 'dropout': 0.24577818339627266, 'hidden_continuous_size': 5, 'attention_head_size': 2, 'learning_rate': 0.020442041403530408}. Best is trial 26 with value: 282.1205749511719.
LOCAL_RANK: 0 - CUDA_VISIBLE_DEVICES: [0]
[I 2023-12-16 07:43:44,974] Trial 27 finished with value: 500.4942321777344 and parameters: {'gradient_clip_val': 0.2537557551659825, 'hidden_size': 15, 'dropout': 0.2592005210659012, 'hidden_continuous_size': 6, 'attention_head_size': 1, 'learning_rate': 0.020726594883009163}. Best is trial 26 with value: 282.1205749511719.
LOCAL_RANK: 0 - CUDA_VISIBLE_DEVICES: [0]
[I 2023-12-16 07:44:28,587] Trial 28 finished with value: 737.7643432617188 and parameters: {'gradient_clip_val': 0.1613899316288175, 'hidden_size': 8, 'dropout': 0.316318473348829, 'hidden_continuous_size': 5, 'attention_head_size': 2, 'learning_rate': 0.01824321108560312}. Best is trial 26 with value: 282.1205749511719.
LOCAL_RANK: 0 - CUDA_VISIBLE_DEVICES: [0]
[I 2023-12-16 07:45:15,650] Trial 29 finished with value: 1532.1190185546875 and parameters: {'gradient_clip_val': 0.21952183683103949, 'hidden_size': 19, 'dropout': 0.2831325222359108, 'hidden_continuous_size': 7, 'attention_head_size': 3, 'learning_rate': 0.05903739891006162}. Best is trial 26 with value: 282.1205749511719.
LOCAL_RANK: 0 - CUDA_VISIBLE_DEVICES: [0]
[I 2023-12-16 07:46:00,332] Trial 30 finished with value: 782.3313598632812 and parameters: {'gradient_clip_val': 0.2478247933913849, 'hidden_size': 14, 'dropout': 0.24757204672379055, 'hidden_continuous_size': 6, 'attention_head_size': 1, 'learning_rate': 0.015392480581043248}. Best is trial 26 with value: 282.1205749511719.
LOCAL_RANK: 0 - CUDA_VISIBLE_DEVICES: [0]
[I 2023-12-16 07:46:44,833] Trial 31 finished with value: 742.259765625 and parameters: {'gradient_clip_val': 0.12940178046266892, 'hidden_size': 7, 'dropout': 0.22409959057515497, 'hidden_continuous_size': 5, 'attention_head_size': 2, 'learning_rate': 0.006484278988888829}. Best is trial 26 with value: 282.1205749511719.
LOCAL_RANK: 0 - CUDA_VISIBLE_DEVICES: [0]
[I 2023-12-16 07:47:29,685] Trial 32 finished with value: 312.052001953125 and parameters: {'gradient_clip_val': 0.1004356749782239, 'hidden_size': 10, 'dropout': 0.20139615830364002, 'hidden_continuous_size': 6, 'attention_head_size': 2, 'learning_rate': 0.010998403156907567}. Best is trial 26 with value: 282.1205749511719.
LOCAL_RANK: 0 - CUDA_VISIBLE_DEVICES: [0]
[I 2023-12-16 07:48:14,404] Trial 33 finished with value: 476.0672302246094 and parameters: {'gradient_clip_val': 0.18086339927683773, 'hidden_size': 11, 'dropout': 0.26548894035977616, 'hidden_continuous_size': 6, 'attention_head_size': 2, 'learning_rate': 0.013266363123848698}. Best is trial 26 with value: 282.1205749511719.
LOCAL_RANK: 0 - CUDA_VISIBLE_DEVICES: [0]
[I 2023-12-16 07:49:00,517] Trial 34 finished with value: 716.5193481445312 and parameters: {'gradient_clip_val': 0.14127143503815617, 'hidden_size': 15, 'dropout': 0.3377399674051523, 'hidden_continuous_size': 7, 'attention_head_size': 4, 'learning_rate': 0.011436752073158404}. Best is trial 26 with value: 282.1205749511719.
LOCAL_RANK: 0 - CUDA_VISIBLE_DEVICES: [0]
[I 2023-12-16 07:49:45,561] Trial 35 finished with value: 863.4537963867188 and parameters: {'gradient_clip_val': 0.12122619758279363, 'hidden_size': 10, 'dropout': 0.3690774953628326, 'hidden_continuous_size': 6, 'attention_head_size': 3, 'learning_rate': 0.02466543069063535}. Best is trial 26 with value: 282.1205749511719.
LOCAL_RANK: 0 - CUDA_VISIBLE_DEVICES: [0]
[I 2023-12-16 07:50:33,493] Trial 36 finished with value: 696.0769653320312 and parameters: {'gradient_clip_val': 0.15137088405833343, 'hidden_size': 21, 'dropout': 0.325788389203744, 'hidden_continuous_size': 7, 'attention_head_size': 2, 'learning_rate': 0.07013395166162244}. Best is trial 26 with value: 282.1205749511719.
LOCAL_RANK: 0 - CUDA_VISIBLE_DEVICES: [0]
[I 2023-12-16 07:51:16,796] Trial 37 finished with value: 762.9895629882812 and parameters: {'gradient_clip_val': 0.16069738708649509, 'hidden_size': 12, 'dropout': 0.2932104833723425, 'hidden_continuous_size': 6, 'attention_head_size': 1, 'learning_rate': 0.039548681363819775}. Best is trial 26 with value: 282.1205749511719.
LOCAL_RANK: 0 - CUDA_VISIBLE_DEVICES: [0]
[I 2023-12-16 07:52:01,355] Trial 38 finished with value: 1171.5120849609375 and parameters: {'gradient_clip_val': 0.12055077457466176, 'hidden_size': 16, 'dropout': 0.34124182482456333, 'hidden_continuous_size': 8, 'attention_head_size': 3, 'learning_rate': 0.030397432591674076}. Best is trial 26 with value: 282.1205749511719.
LOCAL_RANK: 0 - CUDA_VISIBLE_DEVICES: [0]
[I 2023-12-16 07:52:46,564] Trial 39 finished with value: 766.84716796875 and parameters: {'gradient_clip_val': 0.20553790350139364, 'hidden_size': 14, 'dropout': 0.36013043764456215, 'hidden_continuous_size': 8, 'attention_head_size': 2, 'learning_rate': 0.09791965102047596}. Best is trial 26 with value: 282.1205749511719.
LOCAL_RANK: 0 - CUDA_VISIBLE_DEVICES: [0]
[I 2023-12-16 07:53:34,082] Trial 40 finished with value: 560.570556640625 and parameters: {'gradient_clip_val': 0.14450632635636798, 'hidden_size': 18, 'dropout': 0.29715785631038116, 'hidden_continuous_size': 8, 'attention_head_size': 4, 'learning_rate': 0.005126185360345183}. Best is trial 26 with value: 282.1205749511719.
LOCAL_RANK: 0 - CUDA_VISIBLE_DEVICES: [0]
[I 2023-12-16 07:54:18,601] Trial 41 finished with value: 801.4013671875 and parameters: {'gradient_clip_val': 0.100595227377674, 'hidden_size': 6, 'dropout': 0.1993469530423653, 'hidden_continuous_size': 5, 'attention_head_size': 2, 'learning_rate': 0.00982486350633018}. Best is trial 26 with value: 282.1205749511719.
LOCAL_RANK: 0 - CUDA_VISIBLE_DEVICES: [0]
[I 2023-12-16 07:54:52,346] Trial 42 finished with value: 562.9921264648438 and parameters: {'gradient_clip_val': 0.11803724355545533, 'hidden_size': 5, 'dropout': 0.2338324448883247, 'hidden_continuous_size': 5, 'attention_head_size': 2, 'learning_rate': 0.01653740265797986}. Best is trial 26 with value: 282.1205749511719.
LOCAL_RANK: 0 - CUDA_VISIBLE_DEVICES: [0]
[I 2023-12-16 07:55:37,245] Trial 43 finished with value: 766.5499877929688 and parameters: {'gradient_clip_val': 0.17142408225435093, 'hidden_size': 9, 'dropout': 0.21168047050795827, 'hidden_continuous_size': 5, 'attention_head_size': 2, 'learning_rate': 0.00914884332625637}. Best is trial 26 with value: 282.1205749511719.
LOCAL_RANK: 0 - CUDA_VISIBLE_DEVICES: [0]
[I 2023-12-16 07:56:20,697] Trial 44 finished with value: 699.0542602539062 and parameters: {'gradient_clip_val': 0.10186654681841427, 'hidden_size': 8, 'dropout': 0.1921390381424843, 'hidden_continuous_size': 5, 'attention_head_size': 2, 'learning_rate': 0.005441468315328331}. Best is trial 26 with value: 282.1205749511719.
LOCAL_RANK: 0 - CUDA_VISIBLE_DEVICES: [0]
[I 2023-12-16 07:56:53,954] Trial 45 finished with value: 1295.0469970703125 and parameters: {'gradient_clip_val': 0.11300798507245235, 'hidden_size': 5, 'dropout': 0.2538538282248927, 'hidden_continuous_size': 5, 'attention_head_size': 1, 'learning_rate': 0.013127944625355126}. Best is trial 26 with value: 282.1205749511719.
LOCAL_RANK: 0 - CUDA_VISIBLE_DEVICES: [0]
[I 2023-12-16 07:57:38,986] Trial 46 finished with value: 679.0352172851562 and parameters: {'gradient_clip_val': 0.13933574712091057, 'hidden_size': 7, 'dropout': 0.18701726740966096, 'hidden_continuous_size': 5, 'attention_head_size': 3, 'learning_rate': 0.008575635228598978}. Best is trial 26 with value: 282.1205749511719.
LOCAL_RANK: 0 - CUDA_VISIBLE_DEVICES: [0]
[I 2023-12-16 07:58:23,800] Trial 47 finished with value: 478.364990234375 and parameters: {'gradient_clip_val': 0.1254555215229644, 'hidden_size': 10, 'dropout': 0.1639117895986623, 'hidden_continuous_size': 6, 'attention_head_size': 2, 'learning_rate': 0.010822093541069527}. Best is trial 26 with value: 282.1205749511719.
LOCAL_RANK: 0 - CUDA_VISIBLE_DEVICES: [0]
[I 2023-12-16 07:59:08,619] Trial 48 finished with value: 951.2068481445312 and parameters: {'gradient_clip_val': 0.1004245376686225, 'hidden_size': 13, 'dropout': 0.24477669885646372, 'hidden_continuous_size': 7, 'attention_head_size': 1, 'learning_rate': 0.007440193960636899}. Best is trial 26 with value: 282.1205749511719.
LOCAL_RANK: 0 - CUDA_VISIBLE_DEVICES: [0]
[I 2023-12-16 07:59:57,086] Trial 49 finished with value: 770.8369140625 and parameters: {'gradient_clip_val': 0.17990102023899285, 'hidden_size': 22, 'dropout': 0.14606755447187952, 'hidden_continuous_size': 11, 'attention_head_size': 2, 'learning_rate': 0.01846638173312283}. Best is trial 26 with value: 282.1205749511719.
[I 2023-12-16 07:59:57,186] A new study created in memory with name: no-name-3bb5ebde-bc40-4178-8a4d-01aeb8a3e55c
/home/le004/conda/anaconda3/envs/tsff_env/lib/python3.9/site-packages/lightning/fabric/plugins/environments/slurm.py:191: The `srun` command is available on your system but is not used. HINT: If your intention is to run Lightning on SLURM, prepend your python command with `srun` like so: srun python /home/le004/master_thesis/git/TSFusionForecast/code/ ...
LOCAL_RANK: 0 - CUDA_VISIBLE_DEVICES: [0]
[I 2023-12-16 08:00:45,008] Trial 0 finished with value: 288.3487854003906 and parameters: {'gradient_clip_val': 0.19349936894882352, 'hidden_size': 24, 'dropout': 0.2477521064700527, 'hidden_continuous_size': 9, 'attention_head_size': 4, 'learning_rate': 0.0010242592274130238}. Best is trial 0 with value: 288.3487854003906.
LOCAL_RANK: 0 - CUDA_VISIBLE_DEVICES: [0]
[I 2023-12-16 08:01:37,379] Trial 1 finished with value: 561.6781616210938 and parameters: {'gradient_clip_val': 0.27721053204728097, 'hidden_size': 39, 'dropout': 0.39379055959462994, 'hidden_continuous_size': 36, 'attention_head_size': 1, 'learning_rate': 0.013971226044779406}. Best is trial 0 with value: 288.3487854003906.
LOCAL_RANK: 0 - CUDA_VISIBLE_DEVICES: [0]
[I 2023-12-16 08:02:22,618] Trial 2 finished with value: 431.8505554199219 and parameters: {'gradient_clip_val': 0.45126800851741844, 'hidden_size': 7, 'dropout': 0.3631672915237417, 'hidden_continuous_size': 5, 'attention_head_size': 3, 'learning_rate': 0.0010708989282275335}. Best is trial 0 with value: 288.3487854003906.
LOCAL_RANK: 0 - CUDA_VISIBLE_DEVICES: [0]
[I 2023-12-16 08:03:10,913] Trial 3 finished with value: 623.2199096679688 and parameters: {'gradient_clip_val': 0.5641783839850281, 'hidden_size': 40, 'dropout': 0.39504683868027335, 'hidden_continuous_size': 7, 'attention_head_size': 2, 'learning_rate': 0.01664517169057302}. Best is trial 0 with value: 288.3487854003906.
LOCAL_RANK: 0 - CUDA_VISIBLE_DEVICES: [0]
[I 2023-12-16 08:04:05,696] Trial 4 finished with value: 629.1131591796875 and parameters: {'gradient_clip_val': 0.6317407627411057, 'hidden_size': 84, 'dropout': 0.3596917732385415, 'hidden_continuous_size': 39, 'attention_head_size': 3, 'learning_rate': 0.0036500727587851257}. Best is trial 0 with value: 288.3487854003906.
LOCAL_RANK: 0 - CUDA_VISIBLE_DEVICES: [0]
[I 2023-12-16 08:04:54,686] Trial 5 finished with value: 361.3768615722656 and parameters: {'gradient_clip_val': 0.44632602389244, 'hidden_size': 31, 'dropout': 0.27653845172664787, 'hidden_continuous_size': 8, 'attention_head_size': 3, 'learning_rate': 0.0019675208098638573}. Best is trial 0 with value: 288.3487854003906.
LOCAL_RANK: 0 - CUDA_VISIBLE_DEVICES: [0]
[I 2023-12-16 08:05:37,910] Trial 6 finished with value: 389.5863952636719 and parameters: {'gradient_clip_val': 0.15854774876113503, 'hidden_size': 12, 'dropout': 0.35179379011745726, 'hidden_continuous_size': 6, 'attention_head_size': 1, 'learning_rate': 0.00392606553851606}. Best is trial 0 with value: 288.3487854003906.
LOCAL_RANK: 0 - CUDA_VISIBLE_DEVICES: [0]
[I 2023-12-16 08:06:25,201] Trial 7 finished with value: 517.5921020507812 and parameters: {'gradient_clip_val': 0.2412647783878426, 'hidden_size': 19, 'dropout': 0.314064612889791, 'hidden_continuous_size': 5, 'attention_head_size': 4, 'learning_rate': 0.020756881960152965}. Best is trial 0 with value: 288.3487854003906.
LOCAL_RANK: 0 - CUDA_VISIBLE_DEVICES: [0]
[I 2023-12-16 08:07:11,553] Trial 8 finished with value: 567.2128295898438 and parameters: {'gradient_clip_val': 0.13362958988386658, 'hidden_size': 20, 'dropout': 0.13774244609010244, 'hidden_continuous_size': 7, 'attention_head_size': 2, 'learning_rate': 0.08338697368802084}. Best is trial 0 with value: 288.3487854003906.
LOCAL_RANK: 0 - CUDA_VISIBLE_DEVICES: [0]
[I 2023-12-16 08:07:54,696] Trial 9 finished with value: 428.8932189941406 and parameters: {'gradient_clip_val': 0.26614177309420367, 'hidden_size': 8, 'dropout': 0.3591240161364069, 'hidden_continuous_size': 6, 'attention_head_size': 1, 'learning_rate': 0.012821820431573943}. Best is trial 0 with value: 288.3487854003906.
LOCAL_RANK: 0 - CUDA_VISIBLE_DEVICES: [0]
[I 2023-12-16 08:08:40,089] Trial 10 finished with value: 501.027099609375 and parameters: {'gradient_clip_val': 0.8512527494957083, 'hidden_size': 6, 'dropout': 0.20354306641088338, 'hidden_continuous_size': 5, 'attention_head_size': 4, 'learning_rate': 0.0007540330150821446}. Best is trial 0 with value: 288.3487854003906.
LOCAL_RANK: 0 - CUDA_VISIBLE_DEVICES: [0]
[I 2023-12-16 08:09:28,588] Trial 11 finished with value: 372.6562194824219 and parameters: {'gradient_clip_val': 0.41585745134150165, 'hidden_size': 32, 'dropout': 0.26961847789992444, 'hidden_continuous_size': 10, 'attention_head_size': 4, 'learning_rate': 0.0015065103931046124}. Best is trial 0 with value: 288.3487854003906.
LOCAL_RANK: 0 - CUDA_VISIBLE_DEVICES: [0]
[I 2023-12-16 08:10:14,309] Trial 12 finished with value: 444.37890625 and parameters: {'gradient_clip_val': 0.10422223437542272, 'hidden_size': 14, 'dropout': 0.24263153764255838, 'hidden_continuous_size': 9, 'attention_head_size': 3, 'learning_rate': 0.000590453711794395}. Best is trial 0 with value: 288.3487854003906.
LOCAL_RANK: 0 - CUDA_VISIBLE_DEVICES: [0]
