[I 2023-12-27 10:55:33,451] Trial 28 finished with value: 4.774210453033447 and parameters: {'gradient_clip_val': 0.23793751744937056, 'hidden_size': 15, 'dropout': 0.2910688191290888, 'hidden_continuous_size': 8, 'attention_head_size': 2, 'learning_rate': 0.004933475626772554}. Best is trial 1 with value: 0.11293250322341919.
[I 2023-12-27 10:55:33,839] Trial 29 finished with value: 2.8549060821533203 and parameters: {'gradient_clip_val': 0.15632205862896204, 'hidden_size': 15, 'dropout': 0.18520526308930504, 'hidden_continuous_size': 7, 'attention_head_size': 4, 'learning_rate': 0.002464969039221183}. Best is trial 1 with value: 0.11293250322341919.
[I 2023-12-27 10:55:34,204] Trial 30 finished with value: 3.0699663162231445 and parameters: {'gradient_clip_val': 0.1878668311595054, 'hidden_size': 17, 'dropout': 0.20302308465680596, 'hidden_continuous_size': 6, 'attention_head_size': 1, 'learning_rate': 0.003200953902690492}. Best is trial 1 with value: 0.11293250322341919.
[I 2023-12-27 10:55:34,578] Trial 31 finished with value: 4.0343828201293945 and parameters: {'gradient_clip_val': 0.6450048531981482, 'hidden_size': 20, 'dropout': 0.24805431762747732, 'hidden_continuous_size': 5, 'attention_head_size': 4, 'learning_rate': 0.0009827532643308587}. Best is trial 1 with value: 0.11293250322341919.
[I 2023-12-27 10:55:34,949] Trial 32 finished with value: 3.3254289627075195 and parameters: {'gradient_clip_val': 0.9988890291124989, 'hidden_size': 10, 'dropout': 0.1502596363151629, 'hidden_continuous_size': 6, 'attention_head_size': 4, 'learning_rate': 0.001483407312546845}. Best is trial 1 with value: 0.11293250322341919.
[I 2023-12-27 10:55:35,321] Trial 33 finished with value: 3.3501012325286865 and parameters: {'gradient_clip_val': 0.3300243518170266, 'hidden_size': 13, 'dropout': 0.2053253126088262, 'hidden_continuous_size': 5, 'attention_head_size': 3, 'learning_rate': 0.0025158925660850157}. Best is trial 1 with value: 0.11293250322341919.
[I 2023-12-27 10:55:35,657] Trial 34 finished with value: 3.14145827293396 and parameters: {'gradient_clip_val': 0.4799324242358304, 'hidden_size': 5, 'dropout': 0.272732394925702, 'hidden_continuous_size': 5, 'attention_head_size': 4, 'learning_rate': 0.005501264104937546}. Best is trial 1 with value: 0.11293250322341919.
[I 2023-12-27 10:55:36,037] Trial 35 finished with value: 2.963634490966797 and parameters: {'gradient_clip_val': 0.448058486444444, 'hidden_size': 15, 'dropout': 0.23440383442474336, 'hidden_continuous_size': 6, 'attention_head_size': 3, 'learning_rate': 0.0037052288233516946}. Best is trial 1 with value: 0.11293250322341919.
[I 2023-12-27 10:55:36,421] Trial 36 finished with value: 3.9623405933380127 and parameters: {'gradient_clip_val': 0.6722777226137377, 'hidden_size': 27, 'dropout': 0.2524995721661006, 'hidden_continuous_size': 9, 'attention_head_size': 3, 'learning_rate': 0.0007186409142066798}. Best is trial 1 with value: 0.11293250322341919.
[I 2023-12-27 10:55:36,799] Trial 37 finished with value: 3.715049982070923 and parameters: {'gradient_clip_val': 0.5273469411130212, 'hidden_size': 13, 'dropout': 0.20145608667180318, 'hidden_continuous_size': 7, 'attention_head_size': 4, 'learning_rate': 0.0012585761399993049}. Best is trial 1 with value: 0.11293250322341919.
[I 2023-12-27 10:55:37,204] Trial 38 finished with value: 3.174713134765625 and parameters: {'gradient_clip_val': 0.5967471753312485, 'hidden_size': 38, 'dropout': 0.14668444623265448, 'hidden_continuous_size': 11, 'attention_head_size': 4, 'learning_rate': 0.0007154999311851187}. Best is trial 1 with value: 0.11293250322341919.
[I 2023-12-27 10:55:37,582] Trial 39 finished with value: 3.844525098800659 and parameters: {'gradient_clip_val': 0.7501284334257489, 'hidden_size': 11, 'dropout': 0.2652227890193998, 'hidden_continuous_size': 6, 'attention_head_size': 3, 'learning_rate': 0.011493809824836554}. Best is trial 1 with value: 0.11293250322341919.
[I 2023-12-27 10:55:38,195] Trial 40 finished with value: 3.279620885848999 and parameters: {'gradient_clip_val': 0.4472592512930849, 'hidden_size': 23, 'dropout': 0.22577147642954426, 'hidden_continuous_size': 10, 'attention_head_size': 1, 'learning_rate': 0.005814894112152415}. Best is trial 1 with value: 0.11293250322341919.
[I 2023-12-27 10:55:38,604] Trial 41 finished with value: 3.2914230823516846 and parameters: {'gradient_clip_val': 0.20363978177541617, 'hidden_size': 43, 'dropout': 0.2180430237799145, 'hidden_continuous_size': 12, 'attention_head_size': 1, 'learning_rate': 0.0005084278040152829}. Best is trial 1 with value: 0.11293250322341919.
[I 2023-12-27 10:55:39,005] Trial 42 finished with value: 3.099982976913452 and parameters: {'gradient_clip_val': 0.2360070282061112, 'hidden_size': 31, 'dropout': 0.24572918251343456, 'hidden_continuous_size': 10, 'attention_head_size': 1, 'learning_rate': 0.0010099681469483617}. Best is trial 1 with value: 0.11293250322341919.
[I 2023-12-27 10:55:39,426] Trial 43 finished with value: 3.6385278701782227 and parameters: {'gradient_clip_val': 0.12394001194118885, 'hidden_size': 52, 'dropout': 0.29804266590036604, 'hidden_continuous_size': 15, 'attention_head_size': 1, 'learning_rate': 0.0006922412223532769}. Best is trial 1 with value: 0.11293250322341919.
[I 2023-12-27 10:55:39,817] Trial 44 finished with value: 3.0261762142181396 and parameters: {'gradient_clip_val': 0.17802302614475055, 'hidden_size': 26, 'dropout': 0.2767166276552156, 'hidden_continuous_size': 10, 'attention_head_size': 2, 'learning_rate': 0.000662011386011593}. Best is trial 1 with value: 0.11293250322341919.
[I 2023-12-27 10:55:40,185] Trial 45 finished with value: 3.1288394927978516 and parameters: {'gradient_clip_val': 0.5908134172200773, 'hidden_size': 18, 'dropout': 0.23364779347008402, 'hidden_continuous_size': 8, 'attention_head_size': 1, 'learning_rate': 0.02359319155008183}. Best is trial 1 with value: 0.11293250322341919.
[I 2023-12-27 10:55:40,563] Trial 46 finished with value: 3.8422725200653076 and parameters: {'gradient_clip_val': 0.27321463912411603, 'hidden_size': 21, 'dropout': 0.21084552832248615, 'hidden_continuous_size': 11, 'attention_head_size': 2, 'learning_rate': 0.0011683341944079418}. Best is trial 1 with value: 0.11293250322341919.
[I 2023-12-27 10:55:40,974] Trial 47 finished with value: 2.9033203125 and parameters: {'gradient_clip_val': 0.16209999004332043, 'hidden_size': 56, 'dropout': 0.3076733922412332, 'hidden_continuous_size': 16, 'attention_head_size': 1, 'learning_rate': 0.0015278845572630473}. Best is trial 1 with value: 0.11293250322341919.
[I 2023-12-27 10:55:41,377] Trial 48 finished with value: 4.0589728355407715 and parameters: {'gradient_clip_val': 0.19796838969577682, 'hidden_size': 36, 'dropout': 0.2718551085334742, 'hidden_continuous_size': 8, 'attention_head_size': 1, 'learning_rate': 0.0007925031549994828}. Best is trial 1 with value: 0.11293250322341919.
[I 2023-12-27 10:55:41,768] Trial 49 finished with value: 3.824082136154175 and parameters: {'gradient_clip_val': 0.35998125903438283, 'hidden_size': 27, 'dropout': 0.254635525035396, 'hidden_continuous_size': 9, 'attention_head_size': 2, 'learning_rate': 0.0010951213362026392}. Best is trial 1 with value: 0.11293250322341919.
[I 2023-12-27 10:55:41,881] A new study created in memory with name: no-name-5af4600c-9b0d-4f72-b368-ccc480891402
/home/le004/conda/anaconda3/envs/tsff_env/lib/python3.9/site-packages/lightning/fabric/plugins/environments/slurm.py:191: The `srun` command is available on your system but is not used. HINT: If your intention is to run Lightning on SLURM, prepend your python command with `srun` like so: srun python /home/le004/master_thesis/git/TSFusionForecast/code/ ...
[I 2023-12-27 10:56:19,604] Trial 0 finished with value: 0.10696592181921005 and parameters: {'gradient_clip_val': 0.5991722775041814, 'hidden_size': 53, 'dropout': 0.3281287468428128, 'hidden_continuous_size': 18, 'attention_head_size': 1, 'learning_rate': 0.0028965180150608756}. Best is trial 0 with value: 0.10696592181921005.
[I 2023-12-27 10:56:30,098] Trial 1 finished with value: 0.3494110107421875 and parameters: {'gradient_clip_val': 0.15903468761513878, 'hidden_size': 9, 'dropout': 0.29619835033425473, 'hidden_continuous_size': 5, 'attention_head_size': 4, 'learning_rate': 0.07065978678961952}. Best is trial 0 with value: 0.10696592181921005.
[I 2023-12-27 10:56:30,448] Trial 2 finished with value: 1.9694620370864868 and parameters: {'gradient_clip_val': 0.5640326119692637, 'hidden_size': 11, 'dropout': 0.48846369538419554, 'hidden_continuous_size': 9, 'attention_head_size': 2, 'learning_rate': 0.001747705220127846}. Best is trial 0 with value: 0.10696592181921005.
[I 2023-12-27 10:56:30,934] Trial 3 finished with value: 2.848381996154785 and parameters: {'gradient_clip_val': 0.5444742346152873, 'hidden_size': 106, 'dropout': 0.40264814516063263, 'hidden_continuous_size': 12, 'attention_head_size': 3, 'learning_rate': 0.0018082213014427465}. Best is trial 0 with value: 0.10696592181921005.
[I 2023-12-27 10:56:31,368] Trial 4 finished with value: 3.1572048664093018 and parameters: {'gradient_clip_val': 0.10170713486278096, 'hidden_size': 78, 'dropout': 0.25567368416773106, 'hidden_continuous_size': 7, 'attention_head_size': 3, 'learning_rate': 0.0026966048823239977}. Best is trial 0 with value: 0.10696592181921005.
[I 2023-12-27 10:56:31,733] Trial 5 finished with value: 2.619431734085083 and parameters: {'gradient_clip_val': 0.18334092054919437, 'hidden_size': 20, 'dropout': 0.41617084448735686, 'hidden_continuous_size': 19, 'attention_head_size': 2, 'learning_rate': 0.0028420146147857383}. Best is trial 0 with value: 0.10696592181921005.
[I 2023-12-27 10:56:32,111] Trial 6 finished with value: 2.4939639568328857 and parameters: {'gradient_clip_val': 0.14544623450750907, 'hidden_size': 41, 'dropout': 0.14259693383082653, 'hidden_continuous_size': 8, 'attention_head_size': 1, 'learning_rate': 0.017917473702055754}. Best is trial 0 with value: 0.10696592181921005.
[I 2023-12-27 10:56:32,553] Trial 7 finished with value: 3.1992886066436768 and parameters: {'gradient_clip_val': 0.22062164668108683, 'hidden_size': 86, 'dropout': 0.2983329179707733, 'hidden_continuous_size': 5, 'attention_head_size': 2, 'learning_rate': 0.08443675554230472}. Best is trial 0 with value: 0.10696592181921005.
[I 2023-12-27 10:56:32,981] Trial 8 finished with value: 1.9797577857971191 and parameters: {'gradient_clip_val': 0.8626447958207328, 'hidden_size': 75, 'dropout': 0.26507479176451076, 'hidden_continuous_size': 5, 'attention_head_size': 2, 'learning_rate': 0.011794526396767594}. Best is trial 0 with value: 0.10696592181921005.
[I 2023-12-27 10:56:33,313] Trial 9 finished with value: 2.808978796005249 and parameters: {'gradient_clip_val': 0.1275693073710412, 'hidden_size': 8, 'dropout': 0.4083601932415365, 'hidden_continuous_size': 6, 'attention_head_size': 1, 'learning_rate': 0.0036551712730496376}. Best is trial 0 with value: 0.10696592181921005.
[I 2023-12-27 10:56:33,695] Trial 10 finished with value: 2.6378910541534424 and parameters: {'gradient_clip_val': 0.3367566426735232, 'hidden_size': 36, 'dropout': 0.18593049119794997, 'hidden_continuous_size': 36, 'attention_head_size': 1, 'learning_rate': 0.0006054901402547838}. Best is trial 0 with value: 0.10696592181921005.
[I 2023-12-27 10:56:34,039] Trial 11 finished with value: 2.2105743885040283 and parameters: {'gradient_clip_val': 0.2851727803389063, 'hidden_size': 5, 'dropout': 0.348221734334398, 'hidden_continuous_size': 5, 'attention_head_size': 4, 'learning_rate': 0.09462723756325299}. Best is trial 0 with value: 0.10696592181921005.
[I 2023-12-27 10:56:34,632] Trial 12 finished with value: 3.444136381149292 and parameters: {'gradient_clip_val': 0.3667029051702449, 'hidden_size': 18, 'dropout': 0.2297221811145697, 'hidden_continuous_size': 7, 'attention_head_size': 4, 'learning_rate': 0.03013697291325033}. Best is trial 0 with value: 0.10696592181921005.
[I 2023-12-27 10:56:35,054] Trial 13 finished with value: 0.9217342734336853 and parameters: {'gradient_clip_val': 0.9545343880616194, 'hidden_size': 43, 'dropout': 0.3221611230727514, 'hidden_continuous_size': 16, 'attention_head_size': 3, 'learning_rate': 0.005533886564410535}. Best is trial 0 with value: 0.10696592181921005.
[I 2023-12-27 10:56:35,441] Trial 14 finished with value: 2.0324018001556396 and parameters: {'gradient_clip_val': 0.22438821927085625, 'hidden_size': 14, 'dropout': 0.3467832222547369, 'hidden_continuous_size': 6, 'attention_head_size': 4, 'learning_rate': 0.040200033893988914}. Best is trial 0 with value: 0.10696592181921005.
[I 2023-12-27 10:56:35,836] Trial 15 finished with value: 2.384028434753418 and parameters: {'gradient_clip_val': 0.4711328127193016, 'hidden_size': 26, 'dropout': 0.11189624481985916, 'hidden_continuous_size': 11, 'attention_head_size': 3, 'learning_rate': 0.008688294108682337}. Best is trial 0 with value: 0.10696592181921005.
[I 2023-12-27 10:56:36,463] Trial 16 finished with value: 2.9819469451904297 and parameters: {'gradient_clip_val': 0.6899406979071157, 'hidden_size': 148, 'dropout': 0.21593336543422315, 'hidden_continuous_size': 68, 'attention_head_size': 4, 'learning_rate': 0.01632529647887387}. Best is trial 0 with value: 0.10696592181921005.
[I 2023-12-27 10:56:36,832] Trial 17 finished with value: 2.539559841156006 and parameters: {'gradient_clip_val': 0.40209315832541836, 'hidden_size': 8, 'dropout': 0.29110697640419664, 'hidden_continuous_size': 5, 'attention_head_size': 1, 'learning_rate': 0.0058021953385955635}. Best is trial 0 with value: 0.10696592181921005.
[I 2023-12-27 10:56:37,256] Trial 18 finished with value: 2.7554759979248047 and parameters: {'gradient_clip_val': 0.2864831450394492, 'hidden_size': 51, 'dropout': 0.18503034058288728, 'hidden_continuous_size': 21, 'attention_head_size': 2, 'learning_rate': 0.04219790386071202}. Best is trial 0 with value: 0.10696592181921005.
[I 2023-12-27 10:56:37,645] Trial 19 finished with value: 1.8846336603164673 and parameters: {'gradient_clip_val': 0.4538407616995398, 'hidden_size': 27, 'dropout': 0.3551131144689319, 'hidden_continuous_size': 9, 'attention_head_size': 3, 'learning_rate': 0.009061864704539381}. Best is trial 0 with value: 0.10696592181921005.
[I 2023-12-27 10:56:38,079] Trial 20 finished with value: 3.2880289554595947 and parameters: {'gradient_clip_val': 0.713719727112767, 'hidden_size': 55, 'dropout': 0.2656227878690272, 'hidden_continuous_size': 12, 'attention_head_size': 4, 'learning_rate': 0.019004878627515053}. Best is trial 0 with value: 0.10696592181921005.
[I 2023-12-27 10:56:38,477] Trial 21 finished with value: 2.6221683025360107 and parameters: {'gradient_clip_val': 0.9717593029511528, 'hidden_size': 34, 'dropout': 0.3157067040913678, 'hidden_continuous_size': 15, 'attention_head_size': 3, 'learning_rate': 0.005360057290089596}. Best is trial 0 with value: 0.10696592181921005.
[I 2023-12-27 10:56:38,877] Trial 22 finished with value: 2.9399356842041016 and parameters: {'gradient_clip_val': 0.9527134780409382, 'hidden_size': 26, 'dropout': 0.31620669485817027, 'hidden_continuous_size': 14, 'attention_head_size': 3, 'learning_rate': 0.0052108402378141655}. Best is trial 0 with value: 0.10696592181921005.
[I 2023-12-27 10:56:39,306] Trial 23 finished with value: 2.7945587635040283 and parameters: {'gradient_clip_val': 0.7680629006256231, 'hidden_size': 51, 'dropout': 0.333615729077918, 'hidden_continuous_size': 19, 'attention_head_size': 4, 'learning_rate': 0.008510679690293009}. Best is trial 0 with value: 0.10696592181921005.
[I 2023-12-27 10:56:39,756] Trial 24 finished with value: 2.7090206146240234 and parameters: {'gradient_clip_val': 0.6144965924021751, 'hidden_size': 61, 'dropout': 0.37671363473578545, 'hidden_continuous_size': 25, 'attention_head_size': 3, 'learning_rate': 0.012733509081821004}. Best is trial 0 with value: 0.10696592181921005.
[I 2023-12-27 10:56:40,396] Trial 25 finished with value: 2.394745349884033 and parameters: {'gradient_clip_val': 0.815656475071453, 'hidden_size': 40, 'dropout': 0.29426683108388363, 'hidden_continuous_size': 10, 'attention_head_size': 2, 'learning_rate': 0.0625226777414266}. Best is trial 0 with value: 0.10696592181921005.
[I 2023-12-27 10:56:40,784] Trial 26 finished with value: 1.9319020509719849 and parameters: {'gradient_clip_val': 0.6385637796599212, 'hidden_size': 20, 'dropout': 0.3743864721638175, 'hidden_continuous_size': 8, 'attention_head_size': 4, 'learning_rate': 0.0283112057831025}. Best is trial 0 with value: 0.10696592181921005.
[I 2023-12-27 10:56:41,181] Trial 27 finished with value: 2.4054269790649414 and parameters: {'gradient_clip_val': 0.9811589679680669, 'hidden_size': 30, 'dropout': 0.3176579715221628, 'hidden_continuous_size': 14, 'attention_head_size': 1, 'learning_rate': 0.006734021345885564}. Best is trial 0 with value: 0.10696592181921005.
[I 2023-12-27 10:56:41,633] Trial 28 finished with value: 3.7186076641082764 and parameters: {'gradient_clip_val': 0.7707107881340401, 'hidden_size': 64, 'dropout': 0.2747107904002379, 'hidden_continuous_size': 23, 'attention_head_size': 3, 'learning_rate': 0.06769079774701854}. Best is trial 0 with value: 0.10696592181921005.
[I 2023-12-27 10:56:42,007] Trial 29 finished with value: 2.8815128803253174 and parameters: {'gradient_clip_val': 0.5623297850734784, 'hidden_size': 11, 'dropout': 0.4618538530535704, 'hidden_continuous_size': 6, 'attention_head_size': 2, 'learning_rate': 0.0014895156781660436}. Best is trial 0 with value: 0.10696592181921005.
[I 2023-12-27 10:56:42,432] Trial 30 finished with value: 2.309868812561035 and parameters: {'gradient_clip_val': 0.52467785922631, 'hidden_size': 44, 'dropout': 0.32766102110180145, 'hidden_continuous_size': 16, 'attention_head_size': 4, 'learning_rate': 0.004560913468434295}. Best is trial 0 with value: 0.10696592181921005.
[I 2023-12-27 10:56:42,842] Trial 31 finished with value: 2.5311050415039062 and parameters: {'gradient_clip_val': 0.4608055822971309, 'hidden_size': 30, 'dropout': 0.3603933165919248, 'hidden_continuous_size': 10, 'attention_head_size': 3, 'learning_rate': 0.00884433903633098}. Best is trial 0 with value: 0.10696592181921005.
[I 2023-12-27 10:56:43,224] Trial 32 finished with value: 3.395815849304199 and parameters: {'gradient_clip_val': 0.6293700743804066, 'hidden_size': 23, 'dropout': 0.36827952133082714, 'hidden_continuous_size': 9, 'attention_head_size': 3, 'learning_rate': 0.003614032701328934}. Best is trial 0 with value: 0.10696592181921005.
[I 2023-12-27 10:56:43,622] Trial 33 finished with value: 3.4884421825408936 and parameters: {'gradient_clip_val': 0.4929889689899902, 'hidden_size': 34, 'dropout': 0.33497374869072316, 'hidden_continuous_size': 13, 'attention_head_size': 3, 'learning_rate': 0.01112551213892508}. Best is trial 0 with value: 0.10696592181921005.
[I 2023-12-27 10:56:44,021] Trial 34 finished with value: 1.6701997518539429 and parameters: {'gradient_clip_val': 0.43199503682208223, 'hidden_size': 48, 'dropout': 0.3963317100211708, 'hidden_continuous_size': 11, 'attention_head_size': 3, 'learning_rate': 0.002250132703086263}. Best is trial 0 with value: 0.10696592181921005.
[I 2023-12-27 10:56:44,424] Trial 35 finished with value: 3.441746473312378 and parameters: {'gradient_clip_val': 0.39789154019242273, 'hidden_size': 45, 'dropout': 0.39805282298123734, 'hidden_continuous_size': 12, 'attention_head_size': 2, 'learning_rate': 0.0021309260038181632}. Best is trial 0 with value: 0.10696592181921005.
[I 2023-12-27 10:56:44,893] Trial 36 finished with value: 2.437757968902588 and parameters: {'gradient_clip_val': 0.5743406240240011, 'hidden_size': 94, 'dropout': 0.39104073438964426, 'hidden_continuous_size': 17, 'attention_head_size': 3, 'learning_rate': 0.001513958665480137}. Best is trial 0 with value: 0.10696592181921005.
[I 2023-12-27 10:56:45,339] Trial 37 finished with value: 3.1307716369628906 and parameters: {'gradient_clip_val': 0.5546940204780905, 'hidden_size': 67, 'dropout': 0.4357742134789257, 'hidden_continuous_size': 17, 'attention_head_size': 2, 'learning_rate': 0.003200816711017622}. Best is trial 0 with value: 0.10696592181921005.
[I 2023-12-27 10:56:46,010] Trial 38 finished with value: 3.235266923904419 and parameters: {'gradient_clip_val': 0.8888985204727117, 'hidden_size': 78, 'dropout': 0.42388376611274503, 'hidden_continuous_size': 11, 'attention_head_size': 1, 'learning_rate': 0.0024148107804506376}. Best is trial 0 with value: 0.10696592181921005.
[I 2023-12-27 10:56:46,428] Trial 39 finished with value: 2.606569290161133 and parameters: {'gradient_clip_val': 0.10121196236917533, 'hidden_size': 46, 'dropout': 0.28372504754389416, 'hidden_continuous_size': 13, 'attention_head_size': 3, 'learning_rate': 0.00433455401119025}. Best is trial 0 with value: 0.10696592181921005.
[I 2023-12-27 10:56:46,855] Trial 40 finished with value: 3.394913673400879 and parameters: {'gradient_clip_val': 0.7005612497315002, 'hidden_size': 39, 'dropout': 0.30642413870802776, 'hidden_continuous_size': 8, 'attention_head_size': 4, 'learning_rate': 0.0020613217876119467}. Best is trial 0 with value: 0.10696592181921005.
[I 2023-12-27 10:56:47,266] Trial 41 finished with value: 2.2312285900115967 and parameters: {'gradient_clip_val': 0.42522108808852677, 'hidden_size': 56, 'dropout': 0.3491081998040917, 'hidden_continuous_size': 9, 'attention_head_size': 3, 'learning_rate': 0.002891183541808473}. Best is trial 0 with value: 0.10696592181921005.
[I 2023-12-27 10:56:47,669] Trial 42 finished with value: 2.836888074874878 and parameters: {'gradient_clip_val': 0.4651216245793082, 'hidden_size': 30, 'dropout': 0.38517359908727955, 'hidden_continuous_size': 7, 'attention_head_size': 3, 'learning_rate': 0.003924943253233634}. Best is trial 0 with value: 0.10696592181921005.
