[I 2023-12-15 23:25:39,670] Trial 11 finished with value: 0.49735888838768005 and parameters: {'gradient_clip_val': 0.10703734622022079, 'hidden_size': 98, 'dropout': 0.1967714170808989, 'hidden_continuous_size': 92, 'attention_head_size': 3, 'learning_rate': 0.013832355375430155}. Best is trial 8 with value: 0.07257192581892014.
LOCAL_RANK: 0 - CUDA_VISIBLE_DEVICES: [0]
[I 2023-12-15 23:26:30,235] Trial 12 finished with value: 0.12285059690475464 and parameters: {'gradient_clip_val': 0.10266289855499931, 'hidden_size': 26, 'dropout': 0.2769977483876207, 'hidden_continuous_size': 12, 'attention_head_size': 3, 'learning_rate': 0.01872068734440768}. Best is trial 8 with value: 0.07257192581892014.
LOCAL_RANK: 0 - CUDA_VISIBLE_DEVICES: [0]
[I 2023-12-15 23:27:17,513] Trial 13 finished with value: 1.348802924156189 and parameters: {'gradient_clip_val': 0.1778182107274415, 'hidden_size': 11, 'dropout': 0.1917373771997762, 'hidden_continuous_size': 6, 'attention_head_size': 4, 'learning_rate': 0.005099067350530669}. Best is trial 8 with value: 0.07257192581892014.
LOCAL_RANK: 0 - CUDA_VISIBLE_DEVICES: [0]
[I 2023-12-15 23:28:12,374] Trial 14 finished with value: 0.4198485314846039 and parameters: {'gradient_clip_val': 0.22824874064129616, 'hidden_size': 65, 'dropout': 0.10164629129910867, 'hidden_continuous_size': 28, 'attention_head_size': 3, 'learning_rate': 0.022709494740875198}. Best is trial 8 with value: 0.07257192581892014.
LOCAL_RANK: 0 - CUDA_VISIBLE_DEVICES: [0]
[I 2023-12-15 23:29:00,352] Trial 15 finished with value: 0.26154059171676636 and parameters: {'gradient_clip_val': 0.15485430821858467, 'hidden_size': 20, 'dropout': 0.28069246102477197, 'hidden_continuous_size': 7, 'attention_head_size': 2, 'learning_rate': 0.0035669440066070945}. Best is trial 8 with value: 0.07257192581892014.
LOCAL_RANK: 0 - CUDA_VISIBLE_DEVICES: [0]
[I 2023-12-15 23:29:51,241] Trial 16 finished with value: 0.19544751942157745 and parameters: {'gradient_clip_val': 0.13435063579718212, 'hidden_size': 30, 'dropout': 0.17986998546594812, 'hidden_continuous_size': 10, 'attention_head_size': 4, 'learning_rate': 0.008887402160741674}. Best is trial 8 with value: 0.07257192581892014.
LOCAL_RANK: 0 - CUDA_VISIBLE_DEVICES: [0]
[I 2023-12-15 23:30:37,215] Trial 17 finished with value: 0.4694007337093353 and parameters: {'gradient_clip_val': 0.24545709892460563, 'hidden_size': 16, 'dropout': 0.23699335914797962, 'hidden_continuous_size': 6, 'attention_head_size': 3, 'learning_rate': 0.02628569066559061}. Best is trial 8 with value: 0.07257192581892014.
LOCAL_RANK: 0 - CUDA_VISIBLE_DEVICES: [0]
[I 2023-12-15 23:31:33,085] Trial 18 finished with value: 0.14781241118907928 and parameters: {'gradient_clip_val': 0.11837039340502338, 'hidden_size': 69, 'dropout': 0.11630485907658793, 'hidden_continuous_size': 51, 'attention_head_size': 2, 'learning_rate': 0.035677353075760816}. Best is trial 8 with value: 0.07257192581892014.
LOCAL_RANK: 0 - CUDA_VISIBLE_DEVICES: [0]
[I 2023-12-15 23:32:20,046] Trial 19 finished with value: 1.0491435527801514 and parameters: {'gradient_clip_val': 0.15635383202410874, 'hidden_size': 9, 'dropout': 0.1709181700098881, 'hidden_continuous_size': 6, 'attention_head_size': 4, 'learning_rate': 0.012674292028914637}. Best is trial 8 with value: 0.07257192581892014.
LOCAL_RANK: 0 - CUDA_VISIBLE_DEVICES: [0]
[I 2023-12-15 23:33:10,821] Trial 20 finished with value: 0.12929503619670868 and parameters: {'gradient_clip_val': 0.12589249453561668, 'hidden_size': 29, 'dropout': 0.21843059574389562, 'hidden_continuous_size': 12, 'attention_head_size': 3, 'learning_rate': 0.005753609227213129}. Best is trial 8 with value: 0.07257192581892014.
LOCAL_RANK: 0 - CUDA_VISIBLE_DEVICES: [0]
[I 2023-12-15 23:34:04,141] Trial 21 finished with value: 0.08335539698600769 and parameters: {'gradient_clip_val': 0.31512407601926057, 'hidden_size': 41, 'dropout': 0.2085838159692021, 'hidden_continuous_size': 17, 'attention_head_size': 2, 'learning_rate': 0.050766168817132765}. Best is trial 8 with value: 0.07257192581892014.
LOCAL_RANK: 0 - CUDA_VISIBLE_DEVICES: [0]
[I 2023-12-15 23:34:57,748] Trial 22 finished with value: 0.07884868234395981 and parameters: {'gradient_clip_val': 0.1885559601577142, 'hidden_size': 53, 'dropout': 0.10358903402392217, 'hidden_continuous_size': 16, 'attention_head_size': 1, 'learning_rate': 0.033873914984927714}. Best is trial 8 with value: 0.07257192581892014.
LOCAL_RANK: 0 - CUDA_VISIBLE_DEVICES: [0]
[I 2023-12-15 23:35:51,518] Trial 23 finished with value: 0.0990595817565918 and parameters: {'gradient_clip_val': 0.20257511485026777, 'hidden_size': 61, 'dropout': 0.10730386985560589, 'hidden_continuous_size': 21, 'attention_head_size': 1, 'learning_rate': 0.05413686958794464}. Best is trial 8 with value: 0.07257192581892014.
LOCAL_RANK: 0 - CUDA_VISIBLE_DEVICES: [0]
[I 2023-12-15 23:36:44,426] Trial 24 finished with value: 0.09811657667160034 and parameters: {'gradient_clip_val': 0.2647098269305691, 'hidden_size': 52, 'dropout': 0.13408985312677585, 'hidden_continuous_size': 18, 'attention_head_size': 1, 'learning_rate': 0.09503024941748206}. Best is trial 8 with value: 0.07257192581892014.
LOCAL_RANK: 0 - CUDA_VISIBLE_DEVICES: [0]
[I 2023-12-15 23:37:39,638] Trial 25 finished with value: 0.09157854318618774 and parameters: {'gradient_clip_val': 0.31717567928969825, 'hidden_size': 79, 'dropout': 0.15239813157686927, 'hidden_continuous_size': 33, 'attention_head_size': 1, 'learning_rate': 0.03948738844666328}. Best is trial 8 with value: 0.07257192581892014.
LOCAL_RANK: 0 - CUDA_VISIBLE_DEVICES: [0]
[I 2023-12-15 23:38:33,491] Trial 26 finished with value: 0.09265696257352829 and parameters: {'gradient_clip_val': 0.1770191124447112, 'hidden_size': 53, 'dropout': 0.10207768321515251, 'hidden_continuous_size': 14, 'attention_head_size': 2, 'learning_rate': 0.020084997526273105}. Best is trial 8 with value: 0.07257192581892014.
LOCAL_RANK: 0 - CUDA_VISIBLE_DEVICES: [0]
[I 2023-12-15 23:39:25,382] Trial 27 finished with value: 1.0451451539993286 and parameters: {'gradient_clip_val': 0.20640343359074054, 'hidden_size': 37, 'dropout': 0.12949214040665916, 'hidden_continuous_size': 14, 'attention_head_size': 1, 'learning_rate': 0.016690168049302127}. Best is trial 8 with value: 0.07257192581892014.
LOCAL_RANK: 0 - CUDA_VISIBLE_DEVICES: [0]
[I 2023-12-15 23:40:20,253] Trial 28 finished with value: 0.2949581742286682 and parameters: {'gradient_clip_val': 0.22525476887132823, 'hidden_size': 79, 'dropout': 0.16502356209622315, 'hidden_continuous_size': 21, 'attention_head_size': 2, 'learning_rate': 0.011382161620703454}. Best is trial 8 with value: 0.07257192581892014.
LOCAL_RANK: 0 - CUDA_VISIBLE_DEVICES: [0]
[I 2023-12-15 23:41:14,185] Trial 29 finished with value: 0.20622672140598297 and parameters: {'gradient_clip_val': 0.27102419037146447, 'hidden_size': 47, 'dropout': 0.14454421010136123, 'hidden_continuous_size': 19, 'attention_head_size': 2, 'learning_rate': 0.052299549390948025}. Best is trial 8 with value: 0.07257192581892014.
LOCAL_RANK: 0 - CUDA_VISIBLE_DEVICES: [0]
[I 2023-12-15 23:42:08,613] Trial 30 finished with value: 0.14803819358348846 and parameters: {'gradient_clip_val': 0.33475269635461846, 'hidden_size': 59, 'dropout': 0.1265530453780965, 'hidden_continuous_size': 35, 'attention_head_size': 1, 'learning_rate': 0.026985346251001994}. Best is trial 8 with value: 0.07257192581892014.
LOCAL_RANK: 0 - CUDA_VISIBLE_DEVICES: [0]
[I 2023-12-15 23:43:03,326] Trial 31 finished with value: 0.2044481784105301 and parameters: {'gradient_clip_val': 0.12049322455249892, 'hidden_size': 77, 'dropout': 0.16338790871857897, 'hidden_continuous_size': 15, 'attention_head_size': 3, 'learning_rate': 0.026483071004445222}. Best is trial 8 with value: 0.07257192581892014.
LOCAL_RANK: 0 - CUDA_VISIBLE_DEVICES: [0]
[I 2023-12-15 23:43:54,801] Trial 32 finished with value: 0.2306172251701355 and parameters: {'gradient_clip_val': 0.14992454936759503, 'hidden_size': 35, 'dropout': 0.25787108446464035, 'hidden_continuous_size': 11, 'attention_head_size': 3, 'learning_rate': 0.03766771159126639}. Best is trial 8 with value: 0.07257192581892014.
LOCAL_RANK: 0 - CUDA_VISIBLE_DEVICES: [0]
[I 2023-12-15 23:44:44,719] Trial 33 finished with value: 0.3817308843135834 and parameters: {'gradient_clip_val': 0.17166503058264607, 'hidden_size': 21, 'dropout': 0.12075683528592433, 'hidden_continuous_size': 9, 'attention_head_size': 3, 'learning_rate': 0.07252631823827443}. Best is trial 8 with value: 0.07257192581892014.
LOCAL_RANK: 0 - CUDA_VISIBLE_DEVICES: [0]
[I 2023-12-15 23:45:38,178] Trial 34 finished with value: 0.08667653799057007 and parameters: {'gradient_clip_val': 0.13397614433585772, 'hidden_size': 45, 'dropout': 0.1461739721429227, 'hidden_continuous_size': 12, 'attention_head_size': 2, 'learning_rate': 0.051059562254940204}. Best is trial 8 with value: 0.07257192581892014.
LOCAL_RANK: 0 - CUDA_VISIBLE_DEVICES: [0]
[I 2023-12-15 23:46:31,667] Trial 35 finished with value: 0.12214082479476929 and parameters: {'gradient_clip_val': 0.13476582443591645, 'hidden_size': 46, 'dropout': 0.1404374315995152, 'hidden_continuous_size': 17, 'attention_head_size': 2, 'learning_rate': 0.04279505546470262}. Best is trial 8 with value: 0.07257192581892014.
LOCAL_RANK: 0 - CUDA_VISIBLE_DEVICES: [0]
[I 2023-12-15 23:47:21,393] Trial 36 finished with value: 0.263950914144516 and parameters: {'gradient_clip_val': 0.13969939263429956, 'hidden_size': 32, 'dropout': 0.11645513911937991, 'hidden_continuous_size': 13, 'attention_head_size': 2, 'learning_rate': 0.06718925889158653}. Best is trial 8 with value: 0.07257192581892014.
LOCAL_RANK: 0 - CUDA_VISIBLE_DEVICES: [0]
[I 2023-12-15 23:48:14,926] Trial 37 finished with value: 0.08165927976369858 and parameters: {'gradient_clip_val': 0.385355764090495, 'hidden_size': 53, 'dropout': 0.14307134964967905, 'hidden_continuous_size': 15, 'attention_head_size': 1, 'learning_rate': 0.08320604247547547}. Best is trial 8 with value: 0.07257192581892014.
LOCAL_RANK: 0 - CUDA_VISIBLE_DEVICES: [0]
[I 2023-12-15 23:49:07,583] Trial 38 finished with value: 0.10264941304922104 and parameters: {'gradient_clip_val': 0.41115106777654165, 'hidden_size': 56, 'dropout': 0.10053553144965853, 'hidden_continuous_size': 17, 'attention_head_size': 1, 'learning_rate': 0.0946793296843978}. Best is trial 8 with value: 0.07257192581892014.
LOCAL_RANK: 0 - CUDA_VISIBLE_DEVICES: [0]
[I 2023-12-15 23:49:58,951] Trial 39 finished with value: 0.17351014912128448 and parameters: {'gradient_clip_val': 0.3753726466537098, 'hidden_size': 40, 'dropout': 0.15263360202616408, 'hidden_continuous_size': 15, 'attention_head_size': 1, 'learning_rate': 0.07482785615684526}. Best is trial 8 with value: 0.07257192581892014.
LOCAL_RANK: 0 - CUDA_VISIBLE_DEVICES: [0]
[I 2023-12-15 23:50:51,828] Trial 40 finished with value: 0.08138909190893173 and parameters: {'gradient_clip_val': 0.4547267601781609, 'hidden_size': 41, 'dropout': 0.13071065461175735, 'hidden_continuous_size': 16, 'attention_head_size': 1, 'learning_rate': 0.04756674813752286}. Best is trial 8 with value: 0.07257192581892014.
LOCAL_RANK: 0 - CUDA_VISIBLE_DEVICES: [0]
[I 2023-12-15 23:51:44,744] Trial 41 finished with value: 0.09153616428375244 and parameters: {'gradient_clip_val': 0.45155047270517434, 'hidden_size': 41, 'dropout': 0.12653356395924736, 'hidden_continuous_size': 16, 'attention_head_size': 1, 'learning_rate': 0.0483329645307872}. Best is trial 8 with value: 0.07257192581892014.
LOCAL_RANK: 0 - CUDA_VISIBLE_DEVICES: [0]
[I 2023-12-15 23:52:38,720] Trial 42 finished with value: 0.13588280975818634 and parameters: {'gradient_clip_val': 0.47418512865883944, 'hidden_size': 69, 'dropout': 0.13727918526265737, 'hidden_continuous_size': 22, 'attention_head_size': 1, 'learning_rate': 0.07115203012566955}. Best is trial 8 with value: 0.07257192581892014.
LOCAL_RANK: 0 - CUDA_VISIBLE_DEVICES: [0]
[I 2023-12-15 23:53:31,176] Trial 43 finished with value: 0.14240218698978424 and parameters: {'gradient_clip_val': 0.5605812845090329, 'hidden_size': 35, 'dropout': 0.11457077128155935, 'hidden_continuous_size': 19, 'attention_head_size': 1, 'learning_rate': 0.030896727970009655}. Best is trial 8 with value: 0.07257192581892014.
LOCAL_RANK: 0 - CUDA_VISIBLE_DEVICES: [0]
[I 2023-12-15 23:54:24,853] Trial 44 finished with value: 0.10456252098083496 and parameters: {'gradient_clip_val': 0.34226077768516583, 'hidden_size': 53, 'dropout': 0.18000266278146354, 'hidden_continuous_size': 14, 'attention_head_size': 1, 'learning_rate': 0.06076509271134816}. Best is trial 8 with value: 0.07257192581892014.
LOCAL_RANK: 0 - CUDA_VISIBLE_DEVICES: [0]
[I 2023-12-15 23:55:20,268] Trial 45 finished with value: 0.1358649581670761 and parameters: {'gradient_clip_val': 0.29516112559207625, 'hidden_size': 95, 'dropout': 0.1584311105332538, 'hidden_continuous_size': 24, 'attention_head_size': 1, 'learning_rate': 0.04332135419321021}. Best is trial 8 with value: 0.07257192581892014.
LOCAL_RANK: 0 - CUDA_VISIBLE_DEVICES: [0]
[I 2023-12-15 23:56:12,320] Trial 46 finished with value: 0.09096243232488632 and parameters: {'gradient_clip_val': 0.39158017506644355, 'hidden_size': 44, 'dropout': 0.13415792970108298, 'hidden_continuous_size': 16, 'attention_head_size': 1, 'learning_rate': 0.09456091382156769}. Best is trial 8 with value: 0.07257192581892014.
LOCAL_RANK: 0 - CUDA_VISIBLE_DEVICES: [0]
[I 2023-12-15 23:57:00,671] Trial 47 finished with value: 0.06958877295255661 and parameters: {'gradient_clip_val': 0.4965311206477633, 'hidden_size': 24, 'dropout': 0.11172565117303218, 'hidden_continuous_size': 11, 'attention_head_size': 1, 'learning_rate': 0.03897925406811993}. Best is trial 47 with value: 0.06958877295255661.
LOCAL_RANK: 0 - CUDA_VISIBLE_DEVICES: [0]
[I 2023-12-15 23:57:50,559] Trial 48 finished with value: 0.08527827262878418 and parameters: {'gradient_clip_val': 0.6533605551214214, 'hidden_size': 26, 'dropout': 0.11322376614804533, 'hidden_continuous_size': 11, 'attention_head_size': 1, 'learning_rate': 0.020590786905221124}. Best is trial 47 with value: 0.06958877295255661.
LOCAL_RANK: 0 - CUDA_VISIBLE_DEVICES: [0]
[I 2023-12-15 23:58:39,872] Trial 49 finished with value: 0.05678761005401611 and parameters: {'gradient_clip_val': 0.509357616503526, 'hidden_size': 25, 'dropout': 0.10137784448272537, 'hidden_continuous_size': 9, 'attention_head_size': 1, 'learning_rate': 0.031447415465986533}. Best is trial 49 with value: 0.05678761005401611.
[I 2023-12-15 23:58:39,967] A new study created in memory with name: no-name-060f7350-41ba-41c8-9ef3-5fc677ff3995
/home/le004/conda/anaconda3/envs/tsff_env/lib/python3.9/site-packages/lightning/fabric/plugins/environments/slurm.py:191: The `srun` command is available on your system but is not used. HINT: If your intention is to run Lightning on SLURM, prepend your python command with `srun` like so: srun python /home/le004/master_thesis/git/TSFusionForecast/code/ ...
LOCAL_RANK: 0 - CUDA_VISIBLE_DEVICES: [0]
[I 2023-12-15 23:59:29,589] Trial 0 finished with value: 0.616065502166748 and parameters: {'gradient_clip_val': 0.8846606920111887, 'hidden_size': 24, 'dropout': 0.11519139824488005, 'hidden_continuous_size': 15, 'attention_head_size': 4, 'learning_rate': 0.001645586973257063}. Best is trial 0 with value: 0.616065502166748.
LOCAL_RANK: 0 - CUDA_VISIBLE_DEVICES: [0]
[I 2023-12-16 00:00:17,320] Trial 1 finished with value: 1.5561860799789429 and parameters: {'gradient_clip_val': 0.12283757267363514, 'hidden_size': 18, 'dropout': 0.26442076751875365, 'hidden_continuous_size': 8, 'attention_head_size': 1, 'learning_rate': 0.0017682324005290604}. Best is trial 0 with value: 0.616065502166748.
LOCAL_RANK: 0 - CUDA_VISIBLE_DEVICES: [0]
[I 2023-12-16 00:01:02,350] Trial 2 finished with value: 3.0607244968414307 and parameters: {'gradient_clip_val': 0.24058713996249215, 'hidden_size': 12, 'dropout': 0.39254713495190496, 'hidden_continuous_size': 5, 'attention_head_size': 2, 'learning_rate': 0.027303796587818105}. Best is trial 0 with value: 0.616065502166748.
LOCAL_RANK: 0 - CUDA_VISIBLE_DEVICES: [0]
[I 2023-12-16 00:01:49,410] Trial 3 finished with value: 0.4847637414932251 and parameters: {'gradient_clip_val': 0.19882674234529946, 'hidden_size': 7, 'dropout': 0.23156593600735215, 'hidden_continuous_size': 5, 'attention_head_size': 3, 'learning_rate': 0.0024897170610753724}. Best is trial 3 with value: 0.4847637414932251.
LOCAL_RANK: 0 - CUDA_VISIBLE_DEVICES: [0]
[I 2023-12-16 00:02:35,465] Trial 4 finished with value: 1.7107576131820679 and parameters: {'gradient_clip_val': 0.1123544226224945, 'hidden_size': 16, 'dropout': 0.3537458697715018, 'hidden_continuous_size': 5, 'attention_head_size': 3, 'learning_rate': 0.0017748296710578659}. Best is trial 3 with value: 0.4847637414932251.
LOCAL_RANK: 0 - CUDA_VISIBLE_DEVICES: [0]
[I 2023-12-16 00:03:23,066] Trial 5 finished with value: 1.8386812210083008 and parameters: {'gradient_clip_val': 0.2027017342270393, 'hidden_size': 9, 'dropout': 0.398065371461522, 'hidden_continuous_size': 5, 'attention_head_size': 4, 'learning_rate': 0.0067950157640429614}. Best is trial 3 with value: 0.4847637414932251.
LOCAL_RANK: 0 - CUDA_VISIBLE_DEVICES: [0]
[I 2023-12-16 00:04:16,473] Trial 6 finished with value: 1.627800464630127 and parameters: {'gradient_clip_val': 0.3641269341857991, 'hidden_size': 37, 'dropout': 0.2083144384587765, 'hidden_continuous_size': 26, 'attention_head_size': 2, 'learning_rate': 0.0019953211849626936}. Best is trial 3 with value: 0.4847637414932251.
LOCAL_RANK: 0 - CUDA_VISIBLE_DEVICES: [0]
[I 2023-12-16 00:05:03,509] Trial 7 finished with value: 1.635649561882019 and parameters: {'gradient_clip_val': 0.23716641061255886, 'hidden_size': 10, 'dropout': 0.3215560362872313, 'hidden_continuous_size': 7, 'attention_head_size': 3, 'learning_rate': 0.00852205043932107}. Best is trial 3 with value: 0.4847637414932251.
LOCAL_RANK: 0 - CUDA_VISIBLE_DEVICES: [0]
[I 2023-12-16 00:05:41,439] Trial 8 finished with value: 0.49299439787864685 and parameters: {'gradient_clip_val': 0.8831607885625647, 'hidden_size': 5, 'dropout': 0.14633725844323708, 'hidden_continuous_size': 5, 'attention_head_size': 2, 'learning_rate': 0.007717387416740158}. Best is trial 3 with value: 0.4847637414932251.
LOCAL_RANK: 0 - CUDA_VISIBLE_DEVICES: [0]
[I 2023-12-16 00:06:37,441] Trial 9 finished with value: 1.5632039308547974 and parameters: {'gradient_clip_val': 0.14353564772038446, 'hidden_size': 86, 'dropout': 0.19386055879715788, 'hidden_continuous_size': 40, 'attention_head_size': 1, 'learning_rate': 0.013522429409581352}. Best is trial 3 with value: 0.4847637414932251.
LOCAL_RANK: 0 - CUDA_VISIBLE_DEVICES: [0]
[I 2023-12-16 00:07:16,639] Trial 10 finished with value: 2.122382402420044 and parameters: {'gradient_clip_val': 0.3441197384453996, 'hidden_size': 5, 'dropout': 0.27188697817110563, 'hidden_continuous_size': 5, 'attention_head_size': 3, 'learning_rate': 0.0005792030538591266}. Best is trial 3 with value: 0.4847637414932251.
LOCAL_RANK: 0 - CUDA_VISIBLE_DEVICES: [0]
[I 2023-12-16 00:08:02,983] Trial 11 finished with value: 0.6006503701210022 and parameters: {'gradient_clip_val': 0.8354808620547484, 'hidden_size': 6, 'dropout': 0.12464034173275396, 'hidden_continuous_size': 5, 'attention_head_size': 2, 'learning_rate': 0.09323126431788561}. Best is trial 3 with value: 0.4847637414932251.
LOCAL_RANK: 0 - CUDA_VISIBLE_DEVICES: [0]
[I 2023-12-16 00:08:38,974] Trial 12 finished with value: 2.3491103649139404 and parameters: {'gradient_clip_val': 0.5734464417541214, 'hidden_size': 5, 'dropout': 0.1956048992857353, 'hidden_continuous_size': 5, 'attention_head_size': 2, 'learning_rate': 0.004437093978266282}. Best is trial 3 with value: 0.4847637414932251.
LOCAL_RANK: 0 - CUDA_VISIBLE_DEVICES: [0]
[I 2023-12-16 00:09:25,418] Trial 13 finished with value: 1.5263252258300781 and parameters: {'gradient_clip_val': 0.6055109583459781, 'hidden_size': 7, 'dropout': 0.16808223219937174, 'hidden_continuous_size': 5, 'attention_head_size': 3, 'learning_rate': 0.0036566077074812442}. Best is trial 3 with value: 0.4847637414932251.
LOCAL_RANK: 0 - CUDA_VISIBLE_DEVICES: [0]
[I 2023-12-16 00:10:10,215] Trial 14 finished with value: 3.1395492553710938 and parameters: {'gradient_clip_val': 0.45706082877213416, 'hidden_size': 8, 'dropout': 0.23231865524935524, 'hidden_continuous_size': 6, 'attention_head_size': 1, 'learning_rate': 0.015162872981031101}. Best is trial 3 with value: 0.4847637414932251.
LOCAL_RANK: 0 - CUDA_VISIBLE_DEVICES: [0]
[I 2023-12-16 00:10:48,649] Trial 15 finished with value: 1.5650701522827148 and parameters: {'gradient_clip_val': 0.18738160260871192, 'hidden_size': 5, 'dropout': 0.15259278405891374, 'hidden_continuous_size': 5, 'attention_head_size': 4, 'learning_rate': 0.0005319780061042366}. Best is trial 3 with value: 0.4847637414932251.
LOCAL_RANK: 0 - CUDA_VISIBLE_DEVICES: [0]
[I 2023-12-16 00:11:34,500] Trial 16 finished with value: 1.0272990465164185 and parameters: {'gradient_clip_val': 0.9826759169545061, 'hidden_size': 7, 'dropout': 0.10432992212765324, 'hidden_continuous_size': 5, 'attention_head_size': 2, 'learning_rate': 0.00406324984462854}. Best is trial 3 with value: 0.4847637414932251.
LOCAL_RANK: 0 - CUDA_VISIBLE_DEVICES: [0]
[I 2023-12-16 00:12:21,256] Trial 17 finished with value: 1.6160682439804077 and parameters: {'gradient_clip_val': 0.28778770801995796, 'hidden_size': 11, 'dropout': 0.14978856792394815, 'hidden_continuous_size': 6, 'attention_head_size': 3, 'learning_rate': 0.0010368022623678445}. Best is trial 3 with value: 0.4847637414932251.
LOCAL_RANK: 0 - CUDA_VISIBLE_DEVICES: [0]
