[I 2023-12-15 19:12:58,221] Trial 34 finished with value: 85.54850006103516 and parameters: {'gradient_clip_val': 0.26985306287029964, 'hidden_size': 6, 'dropout': 0.13398269744883504, 'hidden_continuous_size': 5, 'attention_head_size': 3, 'learning_rate': 0.07389048443786013}. Best is trial 33 with value: 43.08941650390625.
LOCAL_RANK: 0 - CUDA_VISIBLE_DEVICES: [0]
[I 2023-12-15 19:13:36,052] Trial 35 finished with value: 89.4808349609375 and parameters: {'gradient_clip_val': 0.2179143988562581, 'hidden_size': 5, 'dropout': 0.1529353777567994, 'hidden_continuous_size': 5, 'attention_head_size': 3, 'learning_rate': 0.09734634545346808}. Best is trial 33 with value: 43.08941650390625.
LOCAL_RANK: 0 - CUDA_VISIBLE_DEVICES: [0]
[I 2023-12-15 19:14:22,204] Trial 36 finished with value: 139.32676696777344 and parameters: {'gradient_clip_val': 0.23852527924273936, 'hidden_size': 6, 'dropout': 0.1179535508362745, 'hidden_continuous_size': 5, 'attention_head_size': 4, 'learning_rate': 0.05305324823555822}. Best is trial 33 with value: 43.08941650390625.
LOCAL_RANK: 0 - CUDA_VISIBLE_DEVICES: [0]
[I 2023-12-15 19:15:08,456] Trial 37 finished with value: 76.43289947509766 and parameters: {'gradient_clip_val': 0.21076407633871524, 'hidden_size': 10, 'dropout': 0.13623786987235237, 'hidden_continuous_size': 6, 'attention_head_size': 3, 'learning_rate': 0.061351119898126576}. Best is trial 33 with value: 43.08941650390625.
LOCAL_RANK: 0 - CUDA_VISIBLE_DEVICES: [0]
[I 2023-12-15 19:15:54,573] Trial 38 finished with value: 36.620628356933594 and parameters: {'gradient_clip_val': 0.2821887563305277, 'hidden_size': 7, 'dropout': 0.20416055784552906, 'hidden_continuous_size': 5, 'attention_head_size': 3, 'learning_rate': 0.041560369629256064}. Best is trial 38 with value: 36.620628356933594.
LOCAL_RANK: 0 - CUDA_VISIBLE_DEVICES: [0]
[I 2023-12-15 19:16:40,212] Trial 39 finished with value: 135.2869873046875 and parameters: {'gradient_clip_val': 0.29003031030585263, 'hidden_size': 7, 'dropout': 0.21118068549201463, 'hidden_continuous_size': 5, 'attention_head_size': 3, 'learning_rate': 0.042542279666499476}. Best is trial 38 with value: 36.620628356933594.
LOCAL_RANK: 0 - CUDA_VISIBLE_DEVICES: [0]
[I 2023-12-15 19:17:17,683] Trial 40 finished with value: 94.00678253173828 and parameters: {'gradient_clip_val': 0.3364026111898296, 'hidden_size': 5, 'dropout': 0.16714846854866347, 'hidden_continuous_size': 5, 'attention_head_size': 4, 'learning_rate': 0.035481905443505}. Best is trial 38 with value: 36.620628356933594.
LOCAL_RANK: 0 - CUDA_VISIBLE_DEVICES: [0]
[I 2023-12-15 19:18:02,821] Trial 41 finished with value: 462.1739807128906 and parameters: {'gradient_clip_val': 0.2557837966336494, 'hidden_size': 8, 'dropout': 0.1587291717177182, 'hidden_continuous_size': 6, 'attention_head_size': 3, 'learning_rate': 0.07942806886686685}. Best is trial 38 with value: 36.620628356933594.
LOCAL_RANK: 0 - CUDA_VISIBLE_DEVICES: [0]
[I 2023-12-15 19:18:49,195] Trial 42 finished with value: 94.80572509765625 and parameters: {'gradient_clip_val': 0.2178242610311445, 'hidden_size': 11, 'dropout': 0.1458388461012315, 'hidden_continuous_size': 6, 'attention_head_size': 3, 'learning_rate': 0.06070281645853234}. Best is trial 38 with value: 36.620628356933594.
LOCAL_RANK: 0 - CUDA_VISIBLE_DEVICES: [0]
[I 2023-12-15 19:19:35,354] Trial 43 finished with value: 106.37805938720703 and parameters: {'gradient_clip_val': 0.32507692473935323, 'hidden_size': 6, 'dropout': 0.1241395856741818, 'hidden_continuous_size': 5, 'attention_head_size': 3, 'learning_rate': 0.0981329435400224}. Best is trial 38 with value: 36.620628356933594.
LOCAL_RANK: 0 - CUDA_VISIBLE_DEVICES: [0]
[I 2023-12-15 19:20:21,983] Trial 44 finished with value: 76.95768737792969 and parameters: {'gradient_clip_val': 0.2708669849146236, 'hidden_size': 7, 'dropout': 0.20138501828543773, 'hidden_continuous_size': 5, 'attention_head_size': 3, 'learning_rate': 0.04535825425881056}. Best is trial 38 with value: 36.620628356933594.
LOCAL_RANK: 0 - CUDA_VISIBLE_DEVICES: [0]
[I 2023-12-15 19:21:08,746] Trial 45 finished with value: 111.58306121826172 and parameters: {'gradient_clip_val': 0.16625447751283737, 'hidden_size': 9, 'dropout': 0.18294710408310325, 'hidden_continuous_size': 6, 'attention_head_size': 4, 'learning_rate': 0.07068753057908227}. Best is trial 38 with value: 36.620628356933594.
LOCAL_RANK: 0 - CUDA_VISIBLE_DEVICES: [0]
[I 2023-12-15 19:21:53,245] Trial 46 finished with value: 65.57750701904297 and parameters: {'gradient_clip_val': 0.20025300947918812, 'hidden_size': 12, 'dropout': 0.1629140434016918, 'hidden_continuous_size': 6, 'attention_head_size': 2, 'learning_rate': 0.022639462885039315}. Best is trial 38 with value: 36.620628356933594.
LOCAL_RANK: 0 - CUDA_VISIBLE_DEVICES: [0]
[I 2023-12-15 19:22:30,482] Trial 47 finished with value: 68.13548278808594 and parameters: {'gradient_clip_val': 0.36148318428168985, 'hidden_size': 5, 'dropout': 0.17751541843926255, 'hidden_continuous_size': 5, 'attention_head_size': 3, 'learning_rate': 0.05136386685461122}. Best is trial 38 with value: 36.620628356933594.
LOCAL_RANK: 0 - CUDA_VISIBLE_DEVICES: [0]
[I 2023-12-15 19:23:16,570] Trial 48 finished with value: 78.18096160888672 and parameters: {'gradient_clip_val': 0.22907140237387433, 'hidden_size': 10, 'dropout': 0.1449090703686066, 'hidden_continuous_size': 8, 'attention_head_size': 2, 'learning_rate': 0.032703211078252296}. Best is trial 38 with value: 36.620628356933594.
LOCAL_RANK: 0 - CUDA_VISIBLE_DEVICES: [0]
[I 2023-12-15 19:24:02,395] Trial 49 finished with value: 98.69802856445312 and parameters: {'gradient_clip_val': 0.29686848407573124, 'hidden_size': 7, 'dropout': 0.22306881993530295, 'hidden_continuous_size': 5, 'attention_head_size': 3, 'learning_rate': 0.0776074828157722}. Best is trial 38 with value: 36.620628356933594.
[I 2023-12-15 19:24:02,489] A new study created in memory with name: no-name-52ddb6b4-aa7a-4926-9bd7-6d6b7ecf64a0
/home/le004/conda/anaconda3/envs/tsff_env/lib/python3.9/site-packages/lightning/fabric/plugins/environments/slurm.py:191: The `srun` command is available on your system but is not used. HINT: If your intention is to run Lightning on SLURM, prepend your python command with `srun` like so: srun python /home/le004/master_thesis/git/TSFusionForecast/code/ ...
LOCAL_RANK: 0 - CUDA_VISIBLE_DEVICES: [0]
[I 2023-12-15 19:24:51,129] Trial 0 finished with value: 19.231229782104492 and parameters: {'gradient_clip_val': 0.16186498946441846, 'hidden_size': 24, 'dropout': 0.299367136344135, 'hidden_continuous_size': 6, 'attention_head_size': 4, 'learning_rate': 0.038005587797484454}. Best is trial 0 with value: 19.231229782104492.
LOCAL_RANK: 0 - CUDA_VISIBLE_DEVICES: [0]
[I 2023-12-15 19:25:27,588] Trial 1 finished with value: 11.224170684814453 and parameters: {'gradient_clip_val': 0.14237169780497116, 'hidden_size': 13, 'dropout': 0.12355813740308957, 'hidden_continuous_size': 13, 'attention_head_size': 1, 'learning_rate': 0.0015056431399856885}. Best is trial 1 with value: 11.224170684814453.
LOCAL_RANK: 0 - CUDA_VISIBLE_DEVICES: [0]
[I 2023-12-15 19:26:25,034] Trial 2 finished with value: 19.582416534423828 and parameters: {'gradient_clip_val': 0.1835412836710064, 'hidden_size': 95, 'dropout': 0.34573778162171453, 'hidden_continuous_size': 51, 'attention_head_size': 4, 'learning_rate': 0.0005846246499397336}. Best is trial 1 with value: 11.224170684814453.
LOCAL_RANK: 0 - CUDA_VISIBLE_DEVICES: [0]
[I 2023-12-15 19:27:09,777] Trial 3 finished with value: 24.62580108642578 and parameters: {'gradient_clip_val': 0.337065530305183, 'hidden_size': 12, 'dropout': 0.3629446944478487, 'hidden_continuous_size': 9, 'attention_head_size': 1, 'learning_rate': 0.0010382487726086638}. Best is trial 1 with value: 11.224170684814453.
LOCAL_RANK: 0 - CUDA_VISIBLE_DEVICES: [0]
[I 2023-12-15 19:27:47,051] Trial 4 finished with value: 11.971650123596191 and parameters: {'gradient_clip_val': 0.43273288312788794, 'hidden_size': 6, 'dropout': 0.20583907984037336, 'hidden_continuous_size': 6, 'attention_head_size': 3, 'learning_rate': 0.009624363055559942}. Best is trial 1 with value: 11.224170684814453.
LOCAL_RANK: 0 - CUDA_VISIBLE_DEVICES: [0]
[I 2023-12-15 19:28:24,362] Trial 5 finished with value: 30.67125701904297 and parameters: {'gradient_clip_val': 0.398642175213865, 'hidden_size': 6, 'dropout': 0.30969132586362513, 'hidden_continuous_size': 6, 'attention_head_size': 4, 'learning_rate': 0.0015667242968692824}. Best is trial 1 with value: 11.224170684814453.
LOCAL_RANK: 0 - CUDA_VISIBLE_DEVICES: [0]
[I 2023-12-15 19:29:10,173] Trial 6 finished with value: 19.391828536987305 and parameters: {'gradient_clip_val': 0.971413751501737, 'hidden_size': 6, 'dropout': 0.22338745055926146, 'hidden_continuous_size': 5, 'attention_head_size': 2, 'learning_rate': 0.006316212092239859}. Best is trial 1 with value: 11.224170684814453.
LOCAL_RANK: 0 - CUDA_VISIBLE_DEVICES: [0]
[I 2023-12-15 19:30:04,109] Trial 7 finished with value: 12.290138244628906 and parameters: {'gradient_clip_val': 0.5330128521939443, 'hidden_size': 66, 'dropout': 0.16460284208752918, 'hidden_continuous_size': 25, 'attention_head_size': 2, 'learning_rate': 0.0005056212546936628}. Best is trial 1 with value: 11.224170684814453.
LOCAL_RANK: 0 - CUDA_VISIBLE_DEVICES: [0]
[I 2023-12-15 19:30:51,777] Trial 8 finished with value: 61.56245422363281 and parameters: {'gradient_clip_val': 0.10291143655857407, 'hidden_size': 18, 'dropout': 0.39936638417791925, 'hidden_continuous_size': 6, 'attention_head_size': 4, 'learning_rate': 0.024710197758186045}. Best is trial 1 with value: 11.224170684814453.
LOCAL_RANK: 0 - CUDA_VISIBLE_DEVICES: [0]
[I 2023-12-15 19:31:40,567] Trial 9 finished with value: 10.866874694824219 and parameters: {'gradient_clip_val': 0.5407551017262439, 'hidden_size': 17, 'dropout': 0.27388211392337236, 'hidden_continuous_size': 13, 'attention_head_size': 3, 'learning_rate': 0.01484159922414178}. Best is trial 9 with value: 10.866874694824219.
LOCAL_RANK: 0 - CUDA_VISIBLE_DEVICES: [0]
[I 2023-12-15 19:32:30,640] Trial 10 finished with value: 16.963537216186523 and parameters: {'gradient_clip_val': 0.6532277200099261, 'hidden_size': 36, 'dropout': 0.2670198277864891, 'hidden_continuous_size': 12, 'attention_head_size': 3, 'learning_rate': 0.05953172246956168}. Best is trial 9 with value: 10.866874694824219.
LOCAL_RANK: 0 - CUDA_VISIBLE_DEVICES: [0]
[I 2023-12-15 19:33:16,842] Trial 11 finished with value: 19.547258377075195 and parameters: {'gradient_clip_val': 0.2731916878008994, 'hidden_size': 13, 'dropout': 0.10771247721216579, 'hidden_continuous_size': 10, 'attention_head_size': 1, 'learning_rate': 0.003718497104035135}. Best is trial 9 with value: 10.866874694824219.
LOCAL_RANK: 0 - CUDA_VISIBLE_DEVICES: [0]
[I 2023-12-15 19:33:53,687] Trial 12 finished with value: 48.538822174072266 and parameters: {'gradient_clip_val': 0.22535096192205906, 'hidden_size': 11, 'dropout': 0.11734181959634175, 'hidden_continuous_size': 11, 'attention_head_size': 2, 'learning_rate': 0.014054543994153911}. Best is trial 9 with value: 10.866874694824219.
LOCAL_RANK: 0 - CUDA_VISIBLE_DEVICES: [0]
[I 2023-12-15 19:34:42,542] Trial 13 finished with value: 17.612253189086914 and parameters: {'gradient_clip_val': 0.10634693612062047, 'hidden_size': 28, 'dropout': 0.16487263976110184, 'hidden_continuous_size': 14, 'attention_head_size': 3, 'learning_rate': 0.0035701385382088772}. Best is trial 9 with value: 10.866874694824219.
LOCAL_RANK: 0 - CUDA_VISIBLE_DEVICES: [0]
[I 2023-12-15 19:35:29,497] Trial 14 finished with value: 52.31425094604492 and parameters: {'gradient_clip_val': 0.2878128162336421, 'hidden_size': 17, 'dropout': 0.25775512854183597, 'hidden_continuous_size': 8, 'attention_head_size': 1, 'learning_rate': 0.08093603315678867}. Best is trial 9 with value: 10.866874694824219.
LOCAL_RANK: 0 - CUDA_VISIBLE_DEVICES: [0]
[I 2023-12-15 19:36:15,458] Trial 15 finished with value: 50.8290901184082 and parameters: {'gradient_clip_val': 0.15597688372035365, 'hidden_size': 10, 'dropout': 0.22273400658193013, 'hidden_continuous_size': 5, 'attention_head_size': 2, 'learning_rate': 0.019642626753368083}. Best is trial 9 with value: 10.866874694824219.
LOCAL_RANK: 0 - CUDA_VISIBLE_DEVICES: [0]
[I 2023-12-15 19:37:07,176] Trial 16 finished with value: 14.446337699890137 and parameters: {'gradient_clip_val': 0.6146594190150924, 'hidden_size': 35, 'dropout': 0.18074969614652947, 'hidden_continuous_size': 15, 'attention_head_size': 3, 'learning_rate': 0.006305728207426667}. Best is trial 9 with value: 10.866874694824219.
LOCAL_RANK: 0 - CUDA_VISIBLE_DEVICES: [0]
[I 2023-12-15 19:37:51,646] Trial 17 finished with value: 24.825170516967773 and parameters: {'gradient_clip_val': 0.3415369783537502, 'hidden_size': 8, 'dropout': 0.12857496611408226, 'hidden_continuous_size': 5, 'attention_head_size': 1, 'learning_rate': 0.002180053981970516}. Best is trial 9 with value: 10.866874694824219.
LOCAL_RANK: 0 - CUDA_VISIBLE_DEVICES: [0]
[I 2023-12-15 19:38:38,054] Trial 18 finished with value: 18.880632400512695 and parameters: {'gradient_clip_val': 0.21920174197042186, 'hidden_size': 15, 'dropout': 0.14390720280760566, 'hidden_continuous_size': 8, 'attention_head_size': 2, 'learning_rate': 0.011767962672660968}. Best is trial 9 with value: 10.866874694824219.
LOCAL_RANK: 0 - CUDA_VISIBLE_DEVICES: [0]
[I 2023-12-15 19:39:27,413] Trial 19 finished with value: 15.89348316192627 and parameters: {'gradient_clip_val': 0.12971818525612058, 'hidden_size': 21, 'dropout': 0.10551343761663692, 'hidden_continuous_size': 13, 'attention_head_size': 3, 'learning_rate': 0.0035542234948166235}. Best is trial 9 with value: 10.866874694824219.
LOCAL_RANK: 0 - CUDA_VISIBLE_DEVICES: [0]
[I 2023-12-15 19:40:13,657] Trial 20 finished with value: 12.411311149597168 and parameters: {'gradient_clip_val': 0.2392805849667893, 'hidden_size': 9, 'dropout': 0.22997492569722872, 'hidden_continuous_size': 5, 'attention_head_size': 1, 'learning_rate': 0.03651172613316088}. Best is trial 9 with value: 10.866874694824219.
LOCAL_RANK: 0 - CUDA_VISIBLE_DEVICES: [0]
[I 2023-12-15 19:40:50,716] Trial 21 finished with value: 21.15613555908203 and parameters: {'gradient_clip_val': 0.4423380848605136, 'hidden_size': 5, 'dropout': 0.1957267349168761, 'hidden_continuous_size': 5, 'attention_head_size': 3, 'learning_rate': 0.009454357160303059}. Best is trial 9 with value: 10.866874694824219.
LOCAL_RANK: 0 - CUDA_VISIBLE_DEVICES: [0]
[I 2023-12-15 19:41:36,799] Trial 22 finished with value: 18.405363082885742 and parameters: {'gradient_clip_val': 0.4145877943941928, 'hidden_size': 7, 'dropout': 0.1972294067293542, 'hidden_continuous_size': 5, 'attention_head_size': 3, 'learning_rate': 0.008942010806141818}. Best is trial 9 with value: 10.866874694824219.
LOCAL_RANK: 0 - CUDA_VISIBLE_DEVICES: [0]
[I 2023-12-15 19:42:24,294] Trial 23 finished with value: 13.730860710144043 and parameters: {'gradient_clip_val': 0.49124168576148575, 'hidden_size': 9, 'dropout': 0.14403465316940206, 'hidden_continuous_size': 6, 'attention_head_size': 3, 'learning_rate': 0.01518865330828037}. Best is trial 9 with value: 10.866874694824219.
LOCAL_RANK: 0 - CUDA_VISIBLE_DEVICES: [0]
[I 2023-12-15 19:43:00,420] Trial 24 finished with value: 12.223301887512207 and parameters: {'gradient_clip_val': 0.3524848897120654, 'hidden_size': 5, 'dropout': 0.2731522989214133, 'hidden_continuous_size': 5, 'attention_head_size': 2, 'learning_rate': 0.005198168290921516}. Best is trial 9 with value: 10.866874694824219.
LOCAL_RANK: 0 - CUDA_VISIBLE_DEVICES: [0]
[I 2023-12-15 19:43:47,173] Trial 25 finished with value: 13.930634498596191 and parameters: {'gradient_clip_val': 0.2654426180238741, 'hidden_size': 13, 'dropout': 0.24725259528442783, 'hidden_continuous_size': 7, 'attention_head_size': 3, 'learning_rate': 0.009296900924083265}. Best is trial 9 with value: 10.866874694824219.
LOCAL_RANK: 0 - CUDA_VISIBLE_DEVICES: [0]
[I 2023-12-15 19:44:33,856] Trial 26 finished with value: 38.780277252197266 and parameters: {'gradient_clip_val': 0.202034743064069, 'hidden_size': 7, 'dropout': 0.20212373533589634, 'hidden_continuous_size': 6, 'attention_head_size': 4, 'learning_rate': 0.023036861666579814}. Best is trial 9 with value: 10.866874694824219.
LOCAL_RANK: 0 - CUDA_VISIBLE_DEVICES: [0]
[I 2023-12-15 19:45:20,132] Trial 27 finished with value: 37.4449462890625 and parameters: {'gradient_clip_val': 0.3033820092025092, 'hidden_size': 10, 'dropout': 0.13894815363025564, 'hidden_continuous_size': 7, 'attention_head_size': 2, 'learning_rate': 0.005347710891528004}. Best is trial 9 with value: 10.866874694824219.
LOCAL_RANK: 0 - CUDA_VISIBLE_DEVICES: [0]
[I 2023-12-15 19:46:07,095] Trial 28 finished with value: 39.2131233215332 and parameters: {'gradient_clip_val': 0.38810714681284725, 'hidden_size': 13, 'dropout': 0.16803042691753195, 'hidden_continuous_size': 7, 'attention_head_size': 3, 'learning_rate': 0.0023087735235199675}. Best is trial 9 with value: 10.866874694824219.
LOCAL_RANK: 0 - CUDA_VISIBLE_DEVICES: [0]
[I 2023-12-15 19:46:55,946] Trial 29 finished with value: 13.329925537109375 and parameters: {'gradient_clip_val': 0.14688928365545145, 'hidden_size': 20, 'dropout': 0.2872060632002539, 'hidden_continuous_size': 10, 'attention_head_size': 4, 'learning_rate': 0.016671151395378676}. Best is trial 9 with value: 10.866874694824219.
LOCAL_RANK: 0 - CUDA_VISIBLE_DEVICES: [0]
[I 2023-12-15 19:47:42,088] Trial 30 finished with value: 17.077125549316406 and parameters: {'gradient_clip_val': 0.12760940297222112, 'hidden_size': 16, 'dropout': 0.10132411724489218, 'hidden_continuous_size': 9, 'attention_head_size': 3, 'learning_rate': 0.030370421008350697}. Best is trial 9 with value: 10.866874694824219.
LOCAL_RANK: 0 - CUDA_VISIBLE_DEVICES: [0]
[I 2023-12-15 19:48:18,681] Trial 31 finished with value: 18.743711471557617 and parameters: {'gradient_clip_val': 0.3468110520563663, 'hidden_size': 5, 'dropout': 0.27388414696767144, 'hidden_continuous_size': 5, 'attention_head_size': 2, 'learning_rate': 0.005026062885025182}. Best is trial 9 with value: 10.866874694824219.
LOCAL_RANK: 0 - CUDA_VISIBLE_DEVICES: [0]
[I 2023-12-15 19:48:54,387] Trial 32 finished with value: 66.28573608398438 and parameters: {'gradient_clip_val': 0.17605317585673244, 'hidden_size': 5, 'dropout': 0.3015696268670099, 'hidden_continuous_size': 5, 'attention_head_size': 1, 'learning_rate': 0.012427194198251197}. Best is trial 9 with value: 10.866874694824219.
LOCAL_RANK: 0 - CUDA_VISIBLE_DEVICES: [0]
[I 2023-12-15 19:49:39,222] Trial 33 finished with value: 20.908973693847656 and parameters: {'gradient_clip_val': 0.32365780157594065, 'hidden_size': 8, 'dropout': 0.24542035401036874, 'hidden_continuous_size': 6, 'attention_head_size': 2, 'learning_rate': 0.0009571460705981294}. Best is trial 9 with value: 10.866874694824219.
LOCAL_RANK: 0 - CUDA_VISIBLE_DEVICES: [0]
[I 2023-12-15 19:50:24,430] Trial 34 finished with value: 12.023375511169434 and parameters: {'gradient_clip_val': 0.18826780263079895, 'hidden_size': 6, 'dropout': 0.27942246001636756, 'hidden_continuous_size': 5, 'attention_head_size': 1, 'learning_rate': 0.008754610682631956}. Best is trial 9 with value: 10.866874694824219.
LOCAL_RANK: 0 - CUDA_VISIBLE_DEVICES: [0]
[I 2023-12-15 19:51:09,682] Trial 35 finished with value: 24.494644165039062 and parameters: {'gradient_clip_val': 0.19185078811158748, 'hidden_size': 6, 'dropout': 0.3156389016312442, 'hidden_continuous_size': 5, 'attention_head_size': 1, 'learning_rate': 0.009396369884492961}. Best is trial 9 with value: 10.866874694824219.
LOCAL_RANK: 0 - CUDA_VISIBLE_DEVICES: [0]
[I 2023-12-15 19:51:55,313] Trial 36 finished with value: 33.164215087890625 and parameters: {'gradient_clip_val': 0.16796962249878122, 'hidden_size': 11, 'dropout': 0.3188463998640919, 'hidden_continuous_size': 6, 'attention_head_size': 1, 'learning_rate': 0.0007458207519100271}. Best is trial 9 with value: 10.866874694824219.
LOCAL_RANK: 0 - CUDA_VISIBLE_DEVICES: [0]
[I 2023-12-15 19:52:41,921] Trial 37 finished with value: 24.625593185424805 and parameters: {'gradient_clip_val': 0.20903260717704805, 'hidden_size': 7, 'dropout': 0.2923338151908057, 'hidden_continuous_size': 6, 'attention_head_size': 4, 'learning_rate': 0.007342633887965908}. Best is trial 9 with value: 10.866874694824219.
LOCAL_RANK: 0 - CUDA_VISIBLE_DEVICES: [0]
[I 2023-12-15 19:53:18,095] Trial 38 finished with value: 12.25655460357666 and parameters: {'gradient_clip_val': 0.17796341341663446, 'hidden_size': 15, 'dropout': 0.2347335377024651, 'hidden_continuous_size': 15, 'attention_head_size': 1, 'learning_rate': 0.019196472420406688}. Best is trial 9 with value: 10.866874694824219.
LOCAL_RANK: 0 - CUDA_VISIBLE_DEVICES: [0]
[I 2023-12-15 19:54:03,204] Trial 39 finished with value: 20.829269409179688 and parameters: {'gradient_clip_val': 0.5551694892718979, 'hidden_size': 6, 'dropout': 0.21826256103318514, 'hidden_continuous_size': 5, 'attention_head_size': 1, 'learning_rate': 0.0013950486348236338}. Best is trial 9 with value: 10.866874694824219.
LOCAL_RANK: 0 - CUDA_VISIBLE_DEVICES: [0]
[I 2023-12-15 19:54:53,919] Trial 40 finished with value: 29.691110610961914 and parameters: {'gradient_clip_val': 0.7726485161575369, 'hidden_size': 26, 'dropout': 0.2597730728407744, 'hidden_continuous_size': 16, 'attention_head_size': 4, 'learning_rate': 0.026303455644048537}. Best is trial 9 with value: 10.866874694824219.
LOCAL_RANK: 0 - CUDA_VISIBLE_DEVICES: [0]
[I 2023-12-15 19:55:30,412] Trial 41 finished with value: 49.62498092651367 and parameters: {'gradient_clip_val': 0.36946469010525307, 'hidden_size': 5, 'dropout': 0.2836217987995273, 'hidden_continuous_size': 5, 'attention_head_size': 2, 'learning_rate': 0.011860340123914848}. Best is trial 9 with value: 10.866874694824219.
LOCAL_RANK: 0 - CUDA_VISIBLE_DEVICES: [0]
