[rank: 0] Seed set to 42
[I 2023-12-27 10:51:54,656] A new study created in memory with name: no-name-dece936b-eef0-4a0d-8c36-90c943140979
/home/le004/conda/anaconda3/envs/tsff_env/lib/python3.9/site-packages/lightning/fabric/plugins/environments/slurm.py:191: The `srun` command is available on your system but is not used. HINT: If your intention is to run Lightning on SLURM, prepend your python command with `srun` like so: srun python /home/le004/master_thesis/git/TSFusionForecast/code/ ...
[I 2023-12-27 10:52:35,139] Trial 0 finished with value: 0.19251839816570282 and parameters: {'gradient_clip_val': 0.20298460949442412, 'hidden_size': 64, 'dropout': 0.18420054875730393, 'hidden_continuous_size': 41, 'attention_head_size': 3, 'learning_rate': 0.0008110704774735514}. Best is trial 0 with value: 0.19251839816570282.
[I 2023-12-27 10:52:46,655] Trial 1 finished with value: 0.4500932991504669 and parameters: {'gradient_clip_val': 0.1760607831665383, 'hidden_size': 31, 'dropout': 0.16284570529763057, 'hidden_continuous_size': 22, 'attention_head_size': 1, 'learning_rate': 0.007872980331805982}. Best is trial 0 with value: 0.19251839816570282.
[I 2023-12-27 10:52:47,008] Trial 2 finished with value: 2.7106964588165283 and parameters: {'gradient_clip_val': 0.2966090287333967, 'hidden_size': 26, 'dropout': 0.45450985003500277, 'hidden_continuous_size': 6, 'attention_head_size': 4, 'learning_rate': 0.0017244440745472628}. Best is trial 0 with value: 0.19251839816570282.
[I 2023-12-27 10:52:47,357] Trial 3 finished with value: 3.043719530105591 and parameters: {'gradient_clip_val': 0.23626433658559162, 'hidden_size': 19, 'dropout': 0.15493907270924218, 'hidden_continuous_size': 13, 'attention_head_size': 3, 'learning_rate': 0.0017668308651649892}. Best is trial 0 with value: 0.19251839816570282.
[I 2023-12-27 10:52:47,874] Trial 4 finished with value: 3.4659273624420166 and parameters: {'gradient_clip_val': 0.23450899267397537, 'hidden_size': 125, 'dropout': 0.3324181822247567, 'hidden_continuous_size': 18, 'attention_head_size': 1, 'learning_rate': 0.0006883387290941248}. Best is trial 0 with value: 0.19251839816570282.
[I 2023-12-27 10:52:48,432] Trial 5 finished with value: 3.5784664154052734 and parameters: {'gradient_clip_val': 0.8901013734424983, 'hidden_size': 35, 'dropout': 0.33588623917671345, 'hidden_continuous_size': 10, 'attention_head_size': 4, 'learning_rate': 0.000521172668263254}. Best is trial 0 with value: 0.19251839816570282.
[I 2023-12-27 10:52:48,782] Trial 6 finished with value: 4.0736188888549805 and parameters: {'gradient_clip_val': 0.33897970707279623, 'hidden_size': 15, 'dropout': 0.4560781069421078, 'hidden_continuous_size': 12, 'attention_head_size': 4, 'learning_rate': 0.04443591973207361}. Best is trial 0 with value: 0.19251839816570282.
[I 2023-12-27 10:52:49,125] Trial 7 finished with value: 3.3281166553497314 and parameters: {'gradient_clip_val': 0.254616302723761, 'hidden_size': 15, 'dropout': 0.45176776944107366, 'hidden_continuous_size': 11, 'attention_head_size': 1, 'learning_rate': 0.002027230629112147}. Best is trial 0 with value: 0.19251839816570282.
[I 2023-12-27 10:52:49,463] Trial 8 finished with value: 3.0996246337890625 and parameters: {'gradient_clip_val': 0.11618103604787033, 'hidden_size': 7, 'dropout': 0.29867635525153224, 'hidden_continuous_size': 5, 'attention_head_size': 1, 'learning_rate': 0.002242450580801608}. Best is trial 0 with value: 0.19251839816570282.
[I 2023-12-27 10:52:49,858] Trial 9 finished with value: 2.037838935852051 and parameters: {'gradient_clip_val': 0.14357748871669426, 'hidden_size': 46, 'dropout': 0.24247181078090319, 'hidden_continuous_size': 43, 'attention_head_size': 2, 'learning_rate': 0.008083890245266274}. Best is trial 0 with value: 0.19251839816570282.
[I 2023-12-27 10:52:50,350] Trial 10 finished with value: 3.7404534816741943 and parameters: {'gradient_clip_val': 0.10008854147331442, 'hidden_size': 90, 'dropout': 0.11739873478186785, 'hidden_continuous_size': 75, 'attention_head_size': 3, 'learning_rate': 0.09874659879136422}. Best is trial 0 with value: 0.19251839816570282.
[I 2023-12-27 10:52:50,772] Trial 11 finished with value: 3.7615346908569336 and parameters: {'gradient_clip_val': 0.15968532746695518, 'hidden_size': 65, 'dropout': 0.1743680332163564, 'hidden_continuous_size': 27, 'attention_head_size': 2, 'learning_rate': 0.009506871273699927}. Best is trial 0 with value: 0.19251839816570282.
[I 2023-12-27 10:52:51,185] Trial 12 finished with value: 3.3060710430145264 and parameters: {'gradient_clip_val': 0.17789063007608094, 'hidden_size': 57, 'dropout': 0.10350552658433029, 'hidden_continuous_size': 26, 'attention_head_size': 2, 'learning_rate': 0.01658704359675196}. Best is trial 0 with value: 0.19251839816570282.
[I 2023-12-27 10:52:51,808] Trial 13 finished with value: 3.3539154529571533 and parameters: {'gradient_clip_val': 0.3995089338300619, 'hidden_size': 133, 'dropout': 0.2144068536179826, 'hidden_continuous_size': 113, 'attention_head_size': 3, 'learning_rate': 0.004263936202888399}. Best is trial 0 with value: 0.19251839816570282.
[I 2023-12-27 10:52:52,199] Trial 14 finished with value: 2.882722854614258 and parameters: {'gradient_clip_val': 0.18525675655001592, 'hidden_size': 37, 'dropout': 0.1837727286637643, 'hidden_continuous_size': 19, 'attention_head_size': 2, 'learning_rate': 0.004791653591920621}. Best is trial 0 with value: 0.19251839816570282.
[I 2023-12-27 10:52:52,624] Trial 15 finished with value: 3.326676368713379 and parameters: {'gradient_clip_val': 0.13162557607706565, 'hidden_size': 64, 'dropout': 0.2364957210878664, 'hidden_continuous_size': 32, 'attention_head_size': 3, 'learning_rate': 0.01947193671230348}. Best is trial 0 with value: 0.19251839816570282.
[I 2023-12-27 10:52:53,076] Trial 16 finished with value: 4.481092929840088 and parameters: {'gradient_clip_val': 0.10126844934169889, 'hidden_size': 84, 'dropout': 0.14775211236862712, 'hidden_continuous_size': 40, 'attention_head_size': 1, 'learning_rate': 0.0008013007315744888}. Best is trial 0 with value: 0.19251839816570282.
[I 2023-12-27 10:52:53,455] Trial 17 finished with value: 3.825521230697632 and parameters: {'gradient_clip_val': 0.19434387006495096, 'hidden_size': 27, 'dropout': 0.12284145316290107, 'hidden_continuous_size': 9, 'attention_head_size': 2, 'learning_rate': 0.0046052106937181925}. Best is trial 0 with value: 0.19251839816570282.
[I 2023-12-27 10:52:54,069] Trial 18 finished with value: 2.2273244857788086 and parameters: {'gradient_clip_val': 0.13981471599616377, 'hidden_size': 42, 'dropout': 0.20644245433029468, 'hidden_continuous_size': 18, 'attention_head_size': 3, 'learning_rate': 0.0011668969695767348}. Best is trial 0 with value: 0.19251839816570282.
[I 2023-12-27 10:52:54,401] Trial 19 finished with value: 3.043619394302368 and parameters: {'gradient_clip_val': 0.40804732123842435, 'hidden_size': 5, 'dropout': 0.10178668419177385, 'hidden_continuous_size': 5, 'attention_head_size': 4, 'learning_rate': 0.003037165017361226}. Best is trial 0 with value: 0.19251839816570282.
[I 2023-12-27 10:52:54,874] Trial 20 finished with value: 3.8480961322784424 and parameters: {'gradient_clip_val': 0.19906632138786326, 'hidden_size': 91, 'dropout': 0.15567695185897856, 'hidden_continuous_size': 44, 'attention_head_size': 1, 'learning_rate': 0.0011780905234239688}. Best is trial 0 with value: 0.19251839816570282.
[I 2023-12-27 10:52:55,300] Trial 21 finished with value: 3.7738583087921143 and parameters: {'gradient_clip_val': 0.1475068294315148, 'hidden_size': 51, 'dropout': 0.2435282256287644, 'hidden_continuous_size': 24, 'attention_head_size': 2, 'learning_rate': 0.011152742783938421}. Best is trial 0 with value: 0.19251839816570282.
[I 2023-12-27 10:52:55,716] Trial 22 finished with value: 2.9642724990844727 and parameters: {'gradient_clip_val': 0.12895947823482423, 'hidden_size': 45, 'dropout': 0.25825328483897125, 'hidden_continuous_size': 15, 'attention_head_size': 2, 'learning_rate': 0.007036420143847061}. Best is trial 0 with value: 0.19251839816570282.
[I 2023-12-27 10:52:56,116] Trial 23 finished with value: 3.485502004623413 and parameters: {'gradient_clip_val': 0.16126576539786824, 'hidden_size': 29, 'dropout': 0.19780771520507454, 'hidden_continuous_size': 15, 'attention_head_size': 3, 'learning_rate': 0.006423508060887579}. Best is trial 0 with value: 0.19251839816570282.
[I 2023-12-27 10:52:56,527] Trial 24 finished with value: 2.6835336685180664 and parameters: {'gradient_clip_val': 0.20606853689484816, 'hidden_size': 46, 'dropout': 0.17798864895784666, 'hidden_continuous_size': 23, 'attention_head_size': 1, 'learning_rate': 0.0030394012249718503}. Best is trial 0 with value: 0.19251839816570282.
[I 2023-12-27 10:52:56,978] Trial 25 finished with value: 2.8546183109283447 and parameters: {'gradient_clip_val': 0.14911745949933536, 'hidden_size': 71, 'dropout': 0.2206321046352569, 'hidden_continuous_size': 35, 'attention_head_size': 2, 'learning_rate': 0.009704782599131451}. Best is trial 0 with value: 0.19251839816570282.
[I 2023-12-27 10:52:57,402] Trial 26 finished with value: 3.156524896621704 and parameters: {'gradient_clip_val': 0.1180351605672662, 'hidden_size': 56, 'dropout': 0.2616142103063456, 'hidden_continuous_size': 31, 'attention_head_size': 3, 'learning_rate': 0.01892360291129375}. Best is trial 0 with value: 0.19251839816570282.
[I 2023-12-27 10:52:57,800] Trial 27 finished with value: 3.735459566116333 and parameters: {'gradient_clip_val': 0.17246382879350564, 'hidden_size': 35, 'dropout': 0.13943583586065916, 'hidden_continuous_size': 21, 'attention_head_size': 2, 'learning_rate': 0.0029892385974189524}. Best is trial 0 with value: 0.19251839816570282.
[I 2023-12-27 10:52:58,313] Trial 28 finished with value: 3.905174970626831 and parameters: {'gradient_clip_val': 0.22810714826979522, 'hidden_size': 115, 'dropout': 0.18227317588333725, 'hidden_continuous_size': 54, 'attention_head_size': 1, 'learning_rate': 0.006474864585404345}. Best is trial 0 with value: 0.19251839816570282.
[I 2023-12-27 10:52:58,914] Trial 29 finished with value: 3.812283515930176 and parameters: {'gradient_clip_val': 0.2785534836275422, 'hidden_size': 150, 'dropout': 0.13282318077867356, 'hidden_continuous_size': 58, 'attention_head_size': 4, 'learning_rate': 0.0012621222490721872}. Best is trial 0 with value: 0.19251839816570282.
[I 2023-12-27 10:52:59,298] Trial 30 finished with value: 3.0912058353424072 and parameters: {'gradient_clip_val': 0.15715150713163029, 'hidden_size': 23, 'dropout': 0.20094571912737313, 'hidden_continuous_size': 8, 'attention_head_size': 2, 'learning_rate': 0.012902161491286765}. Best is trial 0 with value: 0.19251839816570282.
[I 2023-12-27 10:52:59,917] Trial 31 finished with value: 3.0493099689483643 and parameters: {'gradient_clip_val': 0.1395894411401642, 'hidden_size': 42, 'dropout': 0.2222697264517062, 'hidden_continuous_size': 18, 'attention_head_size': 3, 'learning_rate': 0.0011977382454805626}. Best is trial 0 with value: 0.19251839816570282.
[I 2023-12-27 10:53:00,331] Trial 32 finished with value: 2.8185875415802 and parameters: {'gradient_clip_val': 0.12892779725066297, 'hidden_size': 46, 'dropout': 0.1704960902119285, 'hidden_continuous_size': 21, 'attention_head_size': 3, 'learning_rate': 0.000878760802992844}. Best is trial 0 with value: 0.19251839816570282.
[I 2023-12-27 10:53:00,730] Trial 33 finished with value: 3.6082212924957275 and parameters: {'gradient_clip_val': 0.1749764577377825, 'hidden_size': 30, 'dropout': 0.15754576985958088, 'hidden_continuous_size': 16, 'attention_head_size': 3, 'learning_rate': 0.0005094856060052175}. Best is trial 0 with value: 0.19251839816570282.
[I 2023-12-27 10:53:01,147] Trial 34 finished with value: 3.4349963665008545 and parameters: {'gradient_clip_val': 0.2105740330285271, 'hidden_size': 37, 'dropout': 0.20115428639272961, 'hidden_continuous_size': 21, 'attention_head_size': 3, 'learning_rate': 0.0014606757157648892}. Best is trial 0 with value: 0.19251839816570282.
[I 2023-12-27 10:53:01,534] Trial 35 finished with value: 2.957897424697876 and parameters: {'gradient_clip_val': 0.23387170219847306, 'hidden_size': 22, 'dropout': 0.279256482811866, 'hidden_continuous_size': 13, 'attention_head_size': 3, 'learning_rate': 0.0009367294138092662}. Best is trial 0 with value: 0.19251839816570282.
[I 2023-12-27 10:53:01,963] Trial 36 finished with value: 2.7250092029571533 and parameters: {'gradient_clip_val': 0.15367313816760483, 'hidden_size': 53, 'dropout': 0.2388545747993373, 'hidden_continuous_size': 29, 'attention_head_size': 4, 'learning_rate': 0.0007250504970566287}. Best is trial 0 with value: 0.19251839816570282.
[I 2023-12-27 10:53:02,396] Trial 37 finished with value: 3.846726179122925 and parameters: {'gradient_clip_val': 0.1148940251367231, 'hidden_size': 72, 'dropout': 0.1550152430044773, 'hidden_continuous_size': 36, 'attention_head_size': 1, 'learning_rate': 0.0016031119228949273}. Best is trial 0 with value: 0.19251839816570282.
[I 2023-12-27 10:53:02,784] Trial 38 finished with value: 3.072046995162964 and parameters: {'gradient_clip_val': 0.2653589368788455, 'hidden_size': 33, 'dropout': 0.32884634215445085, 'hidden_continuous_size': 24, 'attention_head_size': 4, 'learning_rate': 0.0006160876247068627}. Best is trial 0 with value: 0.19251839816570282.
[I 2023-12-27 10:53:03,159] Trial 39 finished with value: 3.935542106628418 and parameters: {'gradient_clip_val': 0.2151650320952912, 'hidden_size': 19, 'dropout': 0.22081355855392842, 'hidden_continuous_size': 13, 'attention_head_size': 3, 'learning_rate': 0.001638989367909896}. Best is trial 0 with value: 0.19251839816570282.
[I 2023-12-27 10:53:03,567] Trial 40 finished with value: 4.231606483459473 and parameters: {'gradient_clip_val': 0.17703260884943736, 'hidden_size': 40, 'dropout': 0.27624397762308955, 'hidden_continuous_size': 27, 'attention_head_size': 1, 'learning_rate': 0.0018781623743369666}. Best is trial 0 with value: 0.19251839816570282.
[I 2023-12-27 10:53:03,987] Trial 41 finished with value: 3.1214382648468018 and parameters: {'gradient_clip_val': 0.2000479180628971, 'hidden_size': 47, 'dropout': 0.18266941417279378, 'hidden_continuous_size': 17, 'attention_head_size': 1, 'learning_rate': 0.002347972179078596}. Best is trial 0 with value: 0.19251839816570282.
[I 2023-12-27 10:53:04,393] Trial 42 finished with value: 4.512531757354736 and parameters: {'gradient_clip_val': 0.2504675352028905, 'hidden_size': 42, 'dropout': 0.19906908334922757, 'hidden_continuous_size': 24, 'attention_head_size': 1, 'learning_rate': 0.0010240935802794866}. Best is trial 0 with value: 0.19251839816570282.
[I 2023-12-27 10:53:04,820] Trial 43 finished with value: 3.2889528274536133 and parameters: {'gradient_clip_val': 0.140732819463176, 'hidden_size': 59, 'dropout': 0.16824126377353815, 'hidden_continuous_size': 30, 'attention_head_size': 1, 'learning_rate': 0.002665270273151162}. Best is trial 0 with value: 0.19251839816570282.
[I 2023-12-27 10:53:05,459] Trial 44 finished with value: 3.7944443225860596 and parameters: {'gradient_clip_val': 0.30671159845901513, 'hidden_size': 36, 'dropout': 0.13720244612458798, 'hidden_continuous_size': 19, 'attention_head_size': 1, 'learning_rate': 0.0035280690584316337}. Best is trial 0 with value: 0.19251839816570282.
[I 2023-12-27 10:53:05,876] Trial 45 finished with value: 4.243173599243164 and parameters: {'gradient_clip_val': 0.16988559079674403, 'hidden_size': 50, 'dropout': 0.1703510619499737, 'hidden_continuous_size': 27, 'attention_head_size': 2, 'learning_rate': 0.0020756718797811866}. Best is trial 0 with value: 0.19251839816570282.
[I 2023-12-27 10:53:06,280] Trial 46 finished with value: 4.230020523071289 and parameters: {'gradient_clip_val': 0.1886649776424468, 'hidden_size': 31, 'dropout': 0.12503546935178791, 'hidden_continuous_size': 21, 'attention_head_size': 3, 'learning_rate': 0.005456309639637922}. Best is trial 0 with value: 0.19251839816570282.
[I 2023-12-27 10:53:06,662] Trial 47 finished with value: 3.9450442790985107 and parameters: {'gradient_clip_val': 0.21769992972354876, 'hidden_size': 26, 'dropout': 0.1885549010794921, 'hidden_continuous_size': 19, 'attention_head_size': 2, 'learning_rate': 0.008220438993662987}. Best is trial 0 with value: 0.19251839816570282.
[I 2023-12-27 10:53:07,111] Trial 48 finished with value: 3.022962808609009 and parameters: {'gradient_clip_val': 0.18717641874577418, 'hidden_size': 65, 'dropout': 0.21302711139023062, 'hidden_continuous_size': 34, 'attention_head_size': 1, 'learning_rate': 0.003639766403222824}. Best is trial 0 with value: 0.19251839816570282.
[I 2023-12-27 10:53:07,518] Trial 49 finished with value: 3.1531715393066406 and parameters: {'gradient_clip_val': 0.1613252779919803, 'hidden_size': 41, 'dropout': 0.1469868080831535, 'hidden_continuous_size': 14, 'attention_head_size': 1, 'learning_rate': 0.0006923577137388048}. Best is trial 0 with value: 0.19251839816570282.
[I 2023-12-27 10:53:07,630] A new study created in memory with name: no-name-5bbe7276-3c9a-40c3-a1a0-cee0a6be4f53
/home/le004/conda/anaconda3/envs/tsff_env/lib/python3.9/site-packages/lightning/fabric/plugins/environments/slurm.py:191: The `srun` command is available on your system but is not used. HINT: If your intention is to run Lightning on SLURM, prepend your python command with `srun` like so: srun python /home/le004/master_thesis/git/TSFusionForecast/code/ ...
[I 2023-12-27 10:53:39,912] Trial 0 finished with value: 2.0300333499908447 and parameters: {'gradient_clip_val': 0.1818479516619827, 'hidden_size': 20, 'dropout': 0.40326810612832864, 'hidden_continuous_size': 5, 'attention_head_size': 4, 'learning_rate': 0.0006103650853163227}. Best is trial 0 with value: 2.0300333499908447.
[I 2023-12-27 10:53:48,817] Trial 1 finished with value: 2.4337804317474365 and parameters: {'gradient_clip_val': 0.2047731801099353, 'hidden_size': 5, 'dropout': 0.44614067131489044, 'hidden_continuous_size': 5, 'attention_head_size': 2, 'learning_rate': 0.0021500712456749786}. Best is trial 0 with value: 2.0300333499908447.
[I 2023-12-27 10:53:49,331] Trial 2 finished with value: 3.632261276245117 and parameters: {'gradient_clip_val': 0.7111367294904697, 'hidden_size': 115, 'dropout': 0.11020796410541532, 'hidden_continuous_size': 50, 'attention_head_size': 2, 'learning_rate': 0.05344755636671925}. Best is trial 0 with value: 2.0300333499908447.
[I 2023-12-27 10:53:49,727] Trial 3 finished with value: 3.4425926208496094 and parameters: {'gradient_clip_val': 0.162195199170202, 'hidden_size': 45, 'dropout': 0.37549932968870425, 'hidden_continuous_size': 42, 'attention_head_size': 1, 'learning_rate': 0.03544727427139257}. Best is trial 0 with value: 2.0300333499908447.
[I 2023-12-27 10:53:50,226] Trial 4 finished with value: 4.161651134490967 and parameters: {'gradient_clip_val': 0.1206038700226833, 'hidden_size': 6, 'dropout': 0.10785149684651452, 'hidden_continuous_size': 6, 'attention_head_size': 1, 'learning_rate': 0.009483258359690536}. Best is trial 0 with value: 2.0300333499908447.
[I 2023-12-27 10:53:50,631] Trial 5 finished with value: 4.792771816253662 and parameters: {'gradient_clip_val': 0.2714785573264345, 'hidden_size': 51, 'dropout': 0.4872954265465119, 'hidden_continuous_size': 46, 'attention_head_size': 4, 'learning_rate': 0.015112099468347722}. Best is trial 0 with value: 2.0300333499908447.
[I 2023-12-27 10:53:51,181] Trial 6 finished with value: 3.0600624084472656 and parameters: {'gradient_clip_val': 0.6728992084162461, 'hidden_size': 139, 'dropout': 0.45617770594417417, 'hidden_continuous_size': 37, 'attention_head_size': 4, 'learning_rate': 0.003736229369289117}. Best is trial 0 with value: 2.0300333499908447.
[I 2023-12-27 10:53:51,534] Trial 7 finished with value: 2.6720168590545654 and parameters: {'gradient_clip_val': 0.17794259920310443, 'hidden_size': 11, 'dropout': 0.39182899963441964, 'hidden_continuous_size': 5, 'attention_head_size': 3, 'learning_rate': 0.00333112470087301}. Best is trial 0 with value: 2.0300333499908447.
[I 2023-12-27 10:53:52,060] Trial 8 finished with value: 2.866905927658081 and parameters: {'gradient_clip_val': 0.2017261434307646, 'hidden_size': 138, 'dropout': 0.47047150910295765, 'hidden_continuous_size': 7, 'attention_head_size': 1, 'learning_rate': 0.0008564286337683344}. Best is trial 0 with value: 2.0300333499908447.
[I 2023-12-27 10:53:52,517] Trial 9 finished with value: 2.7626476287841797 and parameters: {'gradient_clip_val': 0.11140963605637974, 'hidden_size': 96, 'dropout': 0.2394048050758576, 'hidden_continuous_size': 56, 'attention_head_size': 3, 'learning_rate': 0.006180764989224165}. Best is trial 0 with value: 2.0300333499908447.
[I 2023-12-27 10:53:52,889] Trial 10 finished with value: 2.9328691959381104 and parameters: {'gradient_clip_val': 0.40548362644643815, 'hidden_size': 18, 'dropout': 0.3094122157508417, 'hidden_continuous_size': 8, 'attention_head_size': 4, 'learning_rate': 0.0005394406491428474}. Best is trial 0 with value: 2.0300333499908447.
[I 2023-12-27 10:53:53,250] Trial 11 finished with value: 3.549182891845703 and parameters: {'gradient_clip_val': 0.27728967588406234, 'hidden_size': 6, 'dropout': 0.41497877317966425, 'hidden_continuous_size': 5, 'attention_head_size': 2, 'learning_rate': 0.0014073926868922635}. Best is trial 0 with value: 2.0300333499908447.
[I 2023-12-27 10:53:53,621] Trial 12 finished with value: 3.673469305038452 and parameters: {'gradient_clip_val': 0.38747136384439546, 'hidden_size': 12, 'dropout': 0.34930445443635516, 'hidden_continuous_size': 5, 'attention_head_size': 3, 'learning_rate': 0.0016384607431773938}. Best is trial 0 with value: 2.0300333499908447.
