[I 2023-12-15 20:05:43,792] Trial 41 finished with value: 215.2101287841797 and parameters: {'gradient_clip_val': 0.4071492409534661, 'hidden_size': 35, 'dropout': 0.2178611161694542, 'hidden_continuous_size': 15, 'attention_head_size': 2, 'learning_rate': 0.0007002736431933062}. Best is trial 21 with value: 92.8310546875.
LOCAL_RANK: 0 - CUDA_VISIBLE_DEVICES: [0]
[I 2023-12-15 20:06:36,012] Trial 42 finished with value: 365.3587951660156 and parameters: {'gradient_clip_val': 0.8106356115890966, 'hidden_size': 42, 'dropout': 0.25055205061467734, 'hidden_continuous_size': 18, 'attention_head_size': 2, 'learning_rate': 0.001247130212949422}. Best is trial 21 with value: 92.8310546875.
LOCAL_RANK: 0 - CUDA_VISIBLE_DEVICES: [0]
[I 2023-12-15 20:07:24,764] Trial 43 finished with value: 143.82652282714844 and parameters: {'gradient_clip_val': 0.31209556493548174, 'hidden_size': 19, 'dropout': 0.19832921661321629, 'hidden_continuous_size': 14, 'attention_head_size': 3, 'learning_rate': 0.0009135253359649192}. Best is trial 21 with value: 92.8310546875.
LOCAL_RANK: 0 - CUDA_VISIBLE_DEVICES: [0]
[I 2023-12-15 20:08:13,508] Trial 44 finished with value: 276.1536560058594 and parameters: {'gradient_clip_val': 0.32016227233718797, 'hidden_size': 19, 'dropout': 0.19860099631825512, 'hidden_continuous_size': 14, 'attention_head_size': 3, 'learning_rate': 0.0008372768143317358}. Best is trial 21 with value: 92.8310546875.
LOCAL_RANK: 0 - CUDA_VISIBLE_DEVICES: [0]
[I 2023-12-15 20:09:01,579] Trial 45 finished with value: 267.1156311035156 and parameters: {'gradient_clip_val': 0.5306634030523173, 'hidden_size': 24, 'dropout': 0.18405746595023942, 'hidden_continuous_size': 15, 'attention_head_size': 3, 'learning_rate': 0.0010462558131907223}. Best is trial 21 with value: 92.8310546875.
LOCAL_RANK: 0 - CUDA_VISIBLE_DEVICES: [0]
[I 2023-12-15 20:09:50,874] Trial 46 finished with value: 230.30406188964844 and parameters: {'gradient_clip_val': 0.9137950795690146, 'hidden_size': 30, 'dropout': 0.15720739526449026, 'hidden_continuous_size': 11, 'attention_head_size': 3, 'learning_rate': 0.0005667576249355279}. Best is trial 21 with value: 92.8310546875.
LOCAL_RANK: 0 - CUDA_VISIBLE_DEVICES: [0]
[I 2023-12-15 20:10:40,308] Trial 47 finished with value: 203.4313201904297 and parameters: {'gradient_clip_val': 0.6500426045242428, 'hidden_size': 36, 'dropout': 0.22111524022717785, 'hidden_continuous_size': 10, 'attention_head_size': 3, 'learning_rate': 0.001367225835397385}. Best is trial 21 with value: 92.8310546875.
LOCAL_RANK: 0 - CUDA_VISIBLE_DEVICES: [0]
[I 2023-12-15 20:11:28,742] Trial 48 finished with value: 399.179443359375 and parameters: {'gradient_clip_val': 0.7641120122150655, 'hidden_size': 24, 'dropout': 0.20202500035549598, 'hidden_continuous_size': 13, 'attention_head_size': 4, 'learning_rate': 0.0006278413409595083}. Best is trial 21 with value: 92.8310546875.
LOCAL_RANK: 0 - CUDA_VISIBLE_DEVICES: [0]
[I 2023-12-15 20:12:17,995] Trial 49 finished with value: 198.1480712890625 and parameters: {'gradient_clip_val': 0.4405922840424835, 'hidden_size': 29, 'dropout': 0.18215140393566417, 'hidden_continuous_size': 10, 'attention_head_size': 3, 'learning_rate': 0.0009480846994167094}. Best is trial 21 with value: 92.8310546875.
[I 2023-12-15 20:12:18,088] A new study created in memory with name: no-name-2929903b-c15a-4b92-96e7-9ad4bcff62b7
/home/le004/conda/anaconda3/envs/tsff_env/lib/python3.9/site-packages/lightning/fabric/plugins/environments/slurm.py:191: The `srun` command is available on your system but is not used. HINT: If your intention is to run Lightning on SLURM, prepend your python command with `srun` like so: srun python /home/le004/master_thesis/git/TSFusionForecast/code/ ...
LOCAL_RANK: 0 - CUDA_VISIBLE_DEVICES: [0]
[I 2023-12-15 20:13:04,399] Trial 0 finished with value: 125.9713134765625 and parameters: {'gradient_clip_val': 0.4375984720982285, 'hidden_size': 11, 'dropout': 0.36820457568397336, 'hidden_continuous_size': 8, 'attention_head_size': 4, 'learning_rate': 0.06369042098955675}. Best is trial 0 with value: 125.9713134765625.
LOCAL_RANK: 0 - CUDA_VISIBLE_DEVICES: [0]
[I 2023-12-15 20:13:52,020] Trial 1 finished with value: 170.4754638671875 and parameters: {'gradient_clip_val': 0.1243110818332478, 'hidden_size': 24, 'dropout': 0.14643954393710018, 'hidden_continuous_size': 7, 'attention_head_size': 4, 'learning_rate': 0.0006439145491686762}. Best is trial 0 with value: 125.9713134765625.
LOCAL_RANK: 0 - CUDA_VISIBLE_DEVICES: [0]
[I 2023-12-15 20:14:25,838] Trial 2 finished with value: 311.2435607910156 and parameters: {'gradient_clip_val': 0.31377492549935443, 'hidden_size': 5, 'dropout': 0.31907680601967314, 'hidden_continuous_size': 5, 'attention_head_size': 2, 'learning_rate': 0.08092561597030146}. Best is trial 0 with value: 125.9713134765625.
LOCAL_RANK: 0 - CUDA_VISIBLE_DEVICES: [0]
[I 2023-12-15 20:15:19,032] Trial 3 finished with value: 107.12627410888672 and parameters: {'gradient_clip_val': 0.14416446880538433, 'hidden_size': 53, 'dropout': 0.17424805912306202, 'hidden_continuous_size': 19, 'attention_head_size': 3, 'learning_rate': 0.0007140646419316708}. Best is trial 3 with value: 107.12627410888672.
LOCAL_RANK: 0 - CUDA_VISIBLE_DEVICES: [0]
[I 2023-12-15 20:15:53,975] Trial 4 finished with value: 154.1434326171875 and parameters: {'gradient_clip_val': 0.5507951594045444, 'hidden_size': 10, 'dropout': 0.24601835538027558, 'hidden_continuous_size': 10, 'attention_head_size': 4, 'learning_rate': 0.029376020219748406}. Best is trial 3 with value: 107.12627410888672.
LOCAL_RANK: 0 - CUDA_VISIBLE_DEVICES: [0]
[I 2023-12-15 20:16:38,957] Trial 5 finished with value: 113.9052734375 and parameters: {'gradient_clip_val': 0.13589542979503316, 'hidden_size': 11, 'dropout': 0.144417596549619, 'hidden_continuous_size': 6, 'attention_head_size': 2, 'learning_rate': 0.014403523474954263}. Best is trial 3 with value: 107.12627410888672.
LOCAL_RANK: 0 - CUDA_VISIBLE_DEVICES: [0]
[I 2023-12-15 20:17:13,350] Trial 6 finished with value: 156.2059783935547 and parameters: {'gradient_clip_val': 0.4664933049926286, 'hidden_size': 5, 'dropout': 0.19343744534411583, 'hidden_continuous_size': 5, 'attention_head_size': 3, 'learning_rate': 0.0015631687787761785}. Best is trial 3 with value: 107.12627410888672.
LOCAL_RANK: 0 - CUDA_VISIBLE_DEVICES: [0]
[I 2023-12-15 20:17:58,532] Trial 7 finished with value: 186.59710693359375 and parameters: {'gradient_clip_val': 0.2221694203825451, 'hidden_size': 9, 'dropout': 0.1560884620323168, 'hidden_continuous_size': 7, 'attention_head_size': 2, 'learning_rate': 0.033947727771677774}. Best is trial 3 with value: 107.12627410888672.
LOCAL_RANK: 0 - CUDA_VISIBLE_DEVICES: [0]
[I 2023-12-15 20:18:42,558] Trial 8 finished with value: 186.9304656982422 and parameters: {'gradient_clip_val': 0.22607939336616484, 'hidden_size': 8, 'dropout': 0.1009779580284837, 'hidden_continuous_size': 7, 'attention_head_size': 2, 'learning_rate': 0.002503394943066111}. Best is trial 3 with value: 107.12627410888672.
LOCAL_RANK: 0 - CUDA_VISIBLE_DEVICES: [0]
[I 2023-12-15 20:19:31,835] Trial 9 finished with value: 195.5118408203125 and parameters: {'gradient_clip_val': 0.3901146745011228, 'hidden_size': 38, 'dropout': 0.27924818314539246, 'hidden_continuous_size': 7, 'attention_head_size': 2, 'learning_rate': 0.027485093752813754}. Best is trial 3 with value: 107.12627410888672.
LOCAL_RANK: 0 - CUDA_VISIBLE_DEVICES: [0]
[I 2023-12-15 20:20:27,601] Trial 10 finished with value: 206.4319305419922 and parameters: {'gradient_clip_val': 0.859163818641699, 'hidden_size': 98, 'dropout': 0.2176019359942872, 'hidden_continuous_size': 46, 'attention_head_size': 1, 'learning_rate': 0.005598776081639925}. Best is trial 3 with value: 107.12627410888672.
LOCAL_RANK: 0 - CUDA_VISIBLE_DEVICES: [0]
[I 2023-12-15 20:21:20,277] Trial 11 finished with value: 157.52813720703125 and parameters: {'gradient_clip_val': 0.1151224896296213, 'hidden_size': 45, 'dropout': 0.1772832258305331, 'hidden_continuous_size': 17, 'attention_head_size': 3, 'learning_rate': 0.008964583419087775}. Best is trial 3 with value: 107.12627410888672.
LOCAL_RANK: 0 - CUDA_VISIBLE_DEVICES: [0]
[I 2023-12-15 20:22:06,955] Trial 12 finished with value: 128.34429931640625 and parameters: {'gradient_clip_val': 0.10126242807761643, 'hidden_size': 17, 'dropout': 0.10567488817689359, 'hidden_continuous_size': 11, 'attention_head_size': 1, 'learning_rate': 0.0005521077273058125}. Best is trial 3 with value: 107.12627410888672.
LOCAL_RANK: 0 - CUDA_VISIBLE_DEVICES: [0]
[I 2023-12-15 20:23:02,045] Trial 13 finished with value: 185.9228973388672 and parameters: {'gradient_clip_val': 0.16046152727138685, 'hidden_size': 83, 'dropout': 0.224245073262737, 'hidden_continuous_size': 28, 'attention_head_size': 3, 'learning_rate': 0.009789045193758415}. Best is trial 3 with value: 107.12627410888672.
LOCAL_RANK: 0 - CUDA_VISIBLE_DEVICES: [0]
[I 2023-12-15 20:23:50,627] Trial 14 finished with value: 135.98057556152344 and parameters: {'gradient_clip_val': 0.16296460305657934, 'hidden_size': 19, 'dropout': 0.14357910232642504, 'hidden_continuous_size': 12, 'attention_head_size': 3, 'learning_rate': 0.0036068009731748353}. Best is trial 3 with value: 107.12627410888672.
LOCAL_RANK: 0 - CUDA_VISIBLE_DEVICES: [0]
[I 2023-12-15 20:24:43,425] Trial 15 finished with value: 181.99591064453125 and parameters: {'gradient_clip_val': 0.1528596002833471, 'hidden_size': 59, 'dropout': 0.19043218634747205, 'hidden_continuous_size': 17, 'attention_head_size': 1, 'learning_rate': 0.001181094038762394}. Best is trial 3 with value: 107.12627410888672.
LOCAL_RANK: 0 - CUDA_VISIBLE_DEVICES: [0]
[I 2023-12-15 20:25:30,690] Trial 16 finished with value: 86.42353057861328 and parameters: {'gradient_clip_val': 0.22281180773306083, 'hidden_size': 28, 'dropout': 0.12881941044663767, 'hidden_continuous_size': 5, 'attention_head_size': 2, 'learning_rate': 0.011189344692972935}. Best is trial 16 with value: 86.42353057861328.
LOCAL_RANK: 0 - CUDA_VISIBLE_DEVICES: [0]
[I 2023-12-15 20:26:19,328] Trial 17 finished with value: 222.6327667236328 and parameters: {'gradient_clip_val': 0.21852908025532417, 'hidden_size': 31, 'dropout': 0.11697948148950028, 'hidden_continuous_size': 5, 'attention_head_size': 3, 'learning_rate': 0.0033313707727404412}. Best is trial 16 with value: 86.42353057861328.
LOCAL_RANK: 0 - CUDA_VISIBLE_DEVICES: [0]
[I 2023-12-15 20:27:12,277] Trial 18 finished with value: 133.72840881347656 and parameters: {'gradient_clip_val': 0.18945514922271547, 'hidden_size': 59, 'dropout': 0.174362247393987, 'hidden_continuous_size': 22, 'attention_head_size': 2, 'learning_rate': 0.005619346649504322}. Best is trial 16 with value: 86.42353057861328.
LOCAL_RANK: 0 - CUDA_VISIBLE_DEVICES: [0]
[I 2023-12-15 20:28:00,573] Trial 19 finished with value: 127.62126922607422 and parameters: {'gradient_clip_val': 0.2673947914616221, 'hidden_size': 32, 'dropout': 0.20714989612646129, 'hidden_continuous_size': 9, 'attention_head_size': 3, 'learning_rate': 0.0010749483254297804}. Best is trial 16 with value: 86.42353057861328.
LOCAL_RANK: 0 - CUDA_VISIBLE_DEVICES: [0]
[I 2023-12-15 20:28:50,259] Trial 20 finished with value: 201.8479766845703 and parameters: {'gradient_clip_val': 0.18096512837289064, 'hidden_size': 25, 'dropout': 0.12441399615728553, 'hidden_continuous_size': 12, 'attention_head_size': 4, 'learning_rate': 0.0020517374602577517}. Best is trial 16 with value: 86.42353057861328.
LOCAL_RANK: 0 - CUDA_VISIBLE_DEVICES: [0]
[I 2023-12-15 20:29:35,644] Trial 21 finished with value: 295.5183410644531 and parameters: {'gradient_clip_val': 0.13363129328177964, 'hidden_size': 15, 'dropout': 0.15560712119499945, 'hidden_continuous_size': 6, 'attention_head_size': 2, 'learning_rate': 0.01210226306595928}. Best is trial 16 with value: 86.42353057861328.
LOCAL_RANK: 0 - CUDA_VISIBLE_DEVICES: [0]
[I 2023-12-15 20:30:23,645] Trial 22 finished with value: 129.3173370361328 and parameters: {'gradient_clip_val': 0.1462037758068875, 'hidden_size': 23, 'dropout': 0.1332461765907788, 'hidden_continuous_size': 6, 'attention_head_size': 2, 'learning_rate': 0.014886607841776676}. Best is trial 16 with value: 86.42353057861328.
LOCAL_RANK: 0 - CUDA_VISIBLE_DEVICES: [0]
[I 2023-12-15 20:31:11,547] Trial 23 finished with value: 129.4633331298828 and parameters: {'gradient_clip_val': 0.10507517383362037, 'hidden_size': 31, 'dropout': 0.16707311797654034, 'hidden_continuous_size': 5, 'attention_head_size': 1, 'learning_rate': 0.018625731999800912}. Best is trial 16 with value: 86.42353057861328.
LOCAL_RANK: 0 - CUDA_VISIBLE_DEVICES: [0]
[I 2023-12-15 20:32:04,340] Trial 24 finished with value: 175.0330047607422 and parameters: {'gradient_clip_val': 0.13648546047369714, 'hidden_size': 54, 'dropout': 0.1322696328850974, 'hidden_continuous_size': 13, 'attention_head_size': 2, 'learning_rate': 0.00893635505632233}. Best is trial 16 with value: 86.42353057861328.
LOCAL_RANK: 0 - CUDA_VISIBLE_DEVICES: [0]
[I 2023-12-15 20:32:49,920] Trial 25 finished with value: 102.49910736083984 and parameters: {'gradient_clip_val': 0.12528092148560666, 'hidden_size': 15, 'dropout': 0.16385437729646254, 'hidden_continuous_size': 6, 'attention_head_size': 3, 'learning_rate': 0.006071581390677816}. Best is trial 16 with value: 86.42353057861328.
LOCAL_RANK: 0 - CUDA_VISIBLE_DEVICES: [0]
[I 2023-12-15 20:33:40,477] Trial 26 finished with value: 250.2716064453125 and parameters: {'gradient_clip_val': 0.18403535106130847, 'hidden_size': 38, 'dropout': 0.1901332855558013, 'hidden_continuous_size': 9, 'attention_head_size': 3, 'learning_rate': 0.006343964878881718}. Best is trial 16 with value: 86.42353057861328.
LOCAL_RANK: 0 - CUDA_VISIBLE_DEVICES: [0]
[I 2023-12-15 20:34:27,243] Trial 27 finished with value: 206.185546875 and parameters: {'gradient_clip_val': 0.12320393049591712, 'hidden_size': 17, 'dropout': 0.1671756221399218, 'hidden_continuous_size': 8, 'attention_head_size': 3, 'learning_rate': 0.0036319786297348286}. Best is trial 16 with value: 86.42353057861328.
LOCAL_RANK: 0 - CUDA_VISIBLE_DEVICES: [0]
[I 2023-12-15 20:35:13,189] Trial 28 finished with value: 149.8412628173828 and parameters: {'gradient_clip_val': 0.11029209007267203, 'hidden_size': 14, 'dropout': 0.1162943595608715, 'hidden_continuous_size': 6, 'attention_head_size': 3, 'learning_rate': 0.004571076537839986}. Best is trial 16 with value: 86.42353057861328.
LOCAL_RANK: 0 - CUDA_VISIBLE_DEVICES: [0]
[I 2023-12-15 20:35:59,763] Trial 29 finished with value: 270.0540771484375 and parameters: {'gradient_clip_val': 0.17084896253794213, 'hidden_size': 20, 'dropout': 0.23567750166563428, 'hidden_continuous_size': 5, 'attention_head_size': 4, 'learning_rate': 0.047449264615486014}. Best is trial 16 with value: 86.42353057861328.
LOCAL_RANK: 0 - CUDA_VISIBLE_DEVICES: [0]
[I 2023-12-15 20:36:49,112] Trial 30 finished with value: 194.9628448486328 and parameters: {'gradient_clip_val': 0.10054718210199134, 'hidden_size': 26, 'dropout': 0.20387780670627068, 'hidden_continuous_size': 8, 'attention_head_size': 4, 'learning_rate': 0.007473919719927665}. Best is trial 16 with value: 86.42353057861328.
LOCAL_RANK: 0 - CUDA_VISIBLE_DEVICES: [0]
[I 2023-12-15 20:37:33,284] Trial 31 finished with value: 196.8128204345703 and parameters: {'gradient_clip_val': 0.1460887404227013, 'hidden_size': 12, 'dropout': 0.14270272143652893, 'hidden_continuous_size': 6, 'attention_head_size': 2, 'learning_rate': 0.018031836089191417}. Best is trial 16 with value: 86.42353057861328.
LOCAL_RANK: 0 - CUDA_VISIBLE_DEVICES: [0]
[I 2023-12-15 20:38:17,208] Trial 32 finished with value: 99.52388763427734 and parameters: {'gradient_clip_val': 0.12712146783420455, 'hidden_size': 12, 'dropout': 0.1490931082384161, 'hidden_continuous_size': 6, 'attention_head_size': 2, 'learning_rate': 0.013058405300430816}. Best is trial 16 with value: 86.42353057861328.
LOCAL_RANK: 0 - CUDA_VISIBLE_DEVICES: [0]
[I 2023-12-15 20:39:05,341] Trial 33 finished with value: 84.54199981689453 and parameters: {'gradient_clip_val': 0.11956144078076267, 'hidden_size': 21, 'dropout': 0.12689202709660705, 'hidden_continuous_size': 5, 'attention_head_size': 3, 'learning_rate': 0.0006919832633411264}. Best is trial 33 with value: 84.54199981689453.
LOCAL_RANK: 0 - CUDA_VISIBLE_DEVICES: [0]
[I 2023-12-15 20:39:51,156] Trial 34 finished with value: 127.13648223876953 and parameters: {'gradient_clip_val': 0.12298215817702732, 'hidden_size': 20, 'dropout': 0.1274025842851978, 'hidden_continuous_size': 5, 'attention_head_size': 2, 'learning_rate': 0.0008612642076149278}. Best is trial 33 with value: 84.54199981689453.
LOCAL_RANK: 0 - CUDA_VISIBLE_DEVICES: [0]
[I 2023-12-15 20:40:36,741] Trial 35 finished with value: 106.91535186767578 and parameters: {'gradient_clip_val': 0.11887901861955574, 'hidden_size': 13, 'dropout': 0.10214943320280573, 'hidden_continuous_size': 5, 'attention_head_size': 3, 'learning_rate': 0.0005922320120372709}. Best is trial 33 with value: 84.54199981689453.
LOCAL_RANK: 0 - CUDA_VISIBLE_DEVICES: [0]
[I 2023-12-15 20:41:21,307] Trial 36 finished with value: 119.6682357788086 and parameters: {'gradient_clip_val': 0.12649704129607, 'hidden_size': 16, 'dropout': 0.15573808526593735, 'hidden_continuous_size': 6, 'attention_head_size': 2, 'learning_rate': 0.011740344351696495}. Best is trial 33 with value: 84.54199981689453.
LOCAL_RANK: 0 - CUDA_VISIBLE_DEVICES: [0]
[I 2023-12-15 20:42:06,602] Trial 37 finished with value: 145.6131591796875 and parameters: {'gradient_clip_val': 0.11432171272208717, 'hidden_size': 13, 'dropout': 0.12159236486540548, 'hidden_continuous_size': 5, 'attention_head_size': 3, 'learning_rate': 0.0017407450952523773}. Best is trial 33 with value: 84.54199981689453.
LOCAL_RANK: 0 - CUDA_VISIBLE_DEVICES: [0]
[I 2023-12-15 20:42:55,827] Trial 38 finished with value: 167.34552001953125 and parameters: {'gradient_clip_val': 0.19952811010019444, 'hidden_size': 22, 'dropout': 0.13863679154700936, 'hidden_continuous_size': 7, 'attention_head_size': 4, 'learning_rate': 0.0898205633456393}. Best is trial 33 with value: 84.54199981689453.
LOCAL_RANK: 0 - CUDA_VISIBLE_DEVICES: [0]
[I 2023-12-15 20:43:40,867] Trial 39 finished with value: 139.9258270263672 and parameters: {'gradient_clip_val': 0.15543310679941674, 'hidden_size': 11, 'dropout': 0.1532838973239068, 'hidden_continuous_size': 6, 'attention_head_size': 2, 'learning_rate': 0.0005025514071100113}. Best is trial 33 with value: 84.54199981689453.
LOCAL_RANK: 0 - CUDA_VISIBLE_DEVICES: [0]
[I 2023-12-15 20:44:25,458] Trial 40 finished with value: 212.6412811279297 and parameters: {'gradient_clip_val': 0.2462392296139735, 'hidden_size': 9, 'dropout': 0.38688593491958473, 'hidden_continuous_size': 5, 'attention_head_size': 1, 'learning_rate': 0.0026461261577801296}. Best is trial 33 with value: 84.54199981689453.
LOCAL_RANK: 0 - CUDA_VISIBLE_DEVICES: [0]
[I 2023-12-15 20:45:11,004] Trial 41 finished with value: 168.0867156982422 and parameters: {'gradient_clip_val': 0.1321141893251575, 'hidden_size': 13, 'dropout': 0.10042151929589982, 'hidden_continuous_size': 5, 'attention_head_size': 3, 'learning_rate': 0.0008473014401429968}. Best is trial 33 with value: 84.54199981689453.
LOCAL_RANK: 0 - CUDA_VISIBLE_DEVICES: [0]
[I 2023-12-15 20:45:55,587] Trial 42 finished with value: 108.73931121826172 and parameters: {'gradient_clip_val': 0.11157059615523265, 'hidden_size': 16, 'dropout': 0.11612706943346249, 'hidden_continuous_size': 5, 'attention_head_size': 3, 'learning_rate': 0.0007246516913242238}. Best is trial 33 with value: 84.54199981689453.
LOCAL_RANK: 0 - CUDA_VISIBLE_DEVICES: [0]
[I 2023-12-15 20:46:43,130] Trial 43 finished with value: 116.0634994506836 and parameters: {'gradient_clip_val': 0.12037912812092932, 'hidden_size': 19, 'dropout': 0.10128954217348718, 'hidden_continuous_size': 7, 'attention_head_size': 3, 'learning_rate': 0.001244947557998474}. Best is trial 33 with value: 84.54199981689453.
LOCAL_RANK: 0 - CUDA_VISIBLE_DEVICES: [0]
[I 2023-12-15 20:47:28,471] Trial 44 finished with value: 127.15240478515625 and parameters: {'gradient_clip_val': 0.14142857130967057, 'hidden_size': 10, 'dropout': 0.14161114365570787, 'hidden_continuous_size': 5, 'attention_head_size': 3, 'learning_rate': 0.0016709655792298637}. Best is trial 33 with value: 84.54199981689453.
LOCAL_RANK: 0 - CUDA_VISIBLE_DEVICES: [0]
[I 2023-12-15 20:48:13,804] Trial 45 finished with value: 157.07481384277344 and parameters: {'gradient_clip_val': 0.17107484083390861, 'hidden_size': 14, 'dropout': 0.13105558967187284, 'hidden_continuous_size': 6, 'attention_head_size': 2, 'learning_rate': 0.0006480544066988856}. Best is trial 33 with value: 84.54199981689453.
LOCAL_RANK: 0 - CUDA_VISIBLE_DEVICES: [0]
[I 2023-12-15 20:48:58,208] Trial 46 finished with value: 115.7467269897461 and parameters: {'gradient_clip_val': 0.10191745611394845, 'hidden_size': 8, 'dropout': 0.11346799404516107, 'hidden_continuous_size': 5, 'attention_head_size': 3, 'learning_rate': 0.0075145758229614576}. Best is trial 33 with value: 84.54199981689453.
LOCAL_RANK: 0 - CUDA_VISIBLE_DEVICES: [0]
[I 2023-12-15 20:49:44,142] Trial 47 finished with value: 90.20610809326172 and parameters: {'gradient_clip_val': 0.11956522492958616, 'hidden_size': 17, 'dropout': 0.16220271209440373, 'hidden_continuous_size': 6, 'attention_head_size': 2, 'learning_rate': 0.0005982530196611712}. Best is trial 33 with value: 84.54199981689453.
LOCAL_RANK: 0 - CUDA_VISIBLE_DEVICES: [0]
[I 2023-12-15 20:50:31,012] Trial 48 finished with value: 156.25193786621094 and parameters: {'gradient_clip_val': 0.15507409159126015, 'hidden_size': 18, 'dropout': 0.16363275615257072, 'hidden_continuous_size': 7, 'attention_head_size': 2, 'learning_rate': 0.025251281926775646}. Best is trial 33 with value: 84.54199981689453.
LOCAL_RANK: 0 - CUDA_VISIBLE_DEVICES: [0]
