[I 2023-12-15 14:40:17,153] Trial 34 finished with value: 0.11638549715280533 and parameters: {'gradient_clip_val': 0.27785652461507704, 'hidden_size': 79, 'dropout': 0.2503666780945187, 'hidden_continuous_size': 17, 'attention_head_size': 3, 'learning_rate': 0.03966944961474617}. Best is trial 3 with value: 0.06992456316947937.
LOCAL_RANK: 0 - CUDA_VISIBLE_DEVICES: [0]
[I 2023-12-15 14:41:11,024] Trial 35 finished with value: 0.10575113445520401 and parameters: {'gradient_clip_val': 0.33805778590312524, 'hidden_size': 61, 'dropout': 0.3261788320993736, 'hidden_continuous_size': 30, 'attention_head_size': 3, 'learning_rate': 0.06789563182145399}. Best is trial 3 with value: 0.06992456316947937.
LOCAL_RANK: 0 - CUDA_VISIBLE_DEVICES: [0]
[I 2023-12-15 14:42:05,144] Trial 36 finished with value: 0.17754022777080536 and parameters: {'gradient_clip_val': 0.12453997778401012, 'hidden_size': 83, 'dropout': 0.26222643620056413, 'hidden_continuous_size': 12, 'attention_head_size': 2, 'learning_rate': 0.057175737987575526}. Best is trial 3 with value: 0.06992456316947937.
LOCAL_RANK: 0 - CUDA_VISIBLE_DEVICES: [0]
[I 2023-12-15 14:42:58,290] Trial 37 finished with value: 0.11711776256561279 and parameters: {'gradient_clip_val': 0.14199274048480573, 'hidden_size': 65, 'dropout': 0.2329462699560539, 'hidden_continuous_size': 19, 'attention_head_size': 1, 'learning_rate': 0.037804277993124934}. Best is trial 3 with value: 0.06992456316947937.
LOCAL_RANK: 0 - CUDA_VISIBLE_DEVICES: [0]
[I 2023-12-15 14:43:51,479] Trial 38 finished with value: 0.11595303565263748 and parameters: {'gradient_clip_val': 0.18625387112264297, 'hidden_size': 50, 'dropout': 0.2877535236219119, 'hidden_continuous_size': 14, 'attention_head_size': 3, 'learning_rate': 0.07420307429635399}. Best is trial 3 with value: 0.06992456316947937.
LOCAL_RANK: 0 - CUDA_VISIBLE_DEVICES: [0]
[I 2023-12-15 14:44:46,193] Trial 39 finished with value: 0.20970375835895538 and parameters: {'gradient_clip_val': 0.12134243648957796, 'hidden_size': 81, 'dropout': 0.23930841085220886, 'hidden_continuous_size': 8, 'attention_head_size': 4, 'learning_rate': 0.049546699867102695}. Best is trial 3 with value: 0.06992456316947937.
LOCAL_RANK: 0 - CUDA_VISIBLE_DEVICES: [0]
[I 2023-12-15 14:45:37,560] Trial 40 finished with value: 0.17682768404483795 and parameters: {'gradient_clip_val': 0.33527017306129486, 'hidden_size': 42, 'dropout': 0.2649440928135609, 'hidden_continuous_size': 8, 'attention_head_size': 3, 'learning_rate': 0.024253274022110326}. Best is trial 3 with value: 0.06992456316947937.
LOCAL_RANK: 0 - CUDA_VISIBLE_DEVICES: [0]
[I 2023-12-15 14:46:34,252] Trial 41 finished with value: 0.4962310791015625 and parameters: {'gradient_clip_val': 0.209624857684567, 'hidden_size': 99, 'dropout': 0.28192612833106745, 'hidden_continuous_size': 55, 'attention_head_size': 2, 'learning_rate': 0.0976540847442041}. Best is trial 3 with value: 0.06992456316947937.
LOCAL_RANK: 0 - CUDA_VISIBLE_DEVICES: [0]
[I 2023-12-15 14:47:31,575] Trial 42 finished with value: 0.08958093076944351 and parameters: {'gradient_clip_val': 0.26945803138110475, 'hidden_size': 89, 'dropout': 0.2955046907553309, 'hidden_continuous_size': 70, 'attention_head_size': 2, 'learning_rate': 0.07757111193707267}. Best is trial 3 with value: 0.06992456316947937.
LOCAL_RANK: 0 - CUDA_VISIBLE_DEVICES: [0]
[I 2023-12-15 14:48:26,217] Trial 43 finished with value: 0.13959185779094696 and parameters: {'gradient_clip_val': 0.2920504851272019, 'hidden_size': 67, 'dropout': 0.27150394911024756, 'hidden_continuous_size': 43, 'attention_head_size': 2, 'learning_rate': 0.07905987600634547}. Best is trial 3 with value: 0.06992456316947937.
LOCAL_RANK: 0 - CUDA_VISIBLE_DEVICES: [0]
[I 2023-12-15 14:49:23,056] Trial 44 finished with value: 0.17494477331638336 and parameters: {'gradient_clip_val': 0.20383382650073736, 'hidden_size': 84, 'dropout': 0.220241088844266, 'hidden_continuous_size': 73, 'attention_head_size': 2, 'learning_rate': 0.05381849705362467}. Best is trial 3 with value: 0.06992456316947937.
LOCAL_RANK: 0 - CUDA_VISIBLE_DEVICES: [0]
[I 2023-12-15 14:50:16,538] Trial 45 finished with value: 0.09826212376356125 and parameters: {'gradient_clip_val': 0.16899064890186538, 'hidden_size': 70, 'dropout': 0.3065240840824817, 'hidden_continuous_size': 24, 'attention_head_size': 1, 'learning_rate': 0.032627216984140575}. Best is trial 3 with value: 0.06992456316947937.
LOCAL_RANK: 0 - CUDA_VISIBLE_DEVICES: [0]
[I 2023-12-15 14:51:09,423] Trial 46 finished with value: 0.09261193126440048 and parameters: {'gradient_clip_val': 0.14551200877509837, 'hidden_size': 49, 'dropout': 0.2831560563771517, 'hidden_continuous_size': 31, 'attention_head_size': 2, 'learning_rate': 0.07620544055485515}. Best is trial 3 with value: 0.06992456316947937.
LOCAL_RANK: 0 - CUDA_VISIBLE_DEVICES: [0]
[I 2023-12-15 14:52:07,585] Trial 47 finished with value: 0.1296178549528122 and parameters: {'gradient_clip_val': 0.1298050196440842, 'hidden_size': 100, 'dropout': 0.25345757489415777, 'hidden_continuous_size': 97, 'attention_head_size': 3, 'learning_rate': 0.04751185703338298}. Best is trial 3 with value: 0.06992456316947937.
LOCAL_RANK: 0 - CUDA_VISIBLE_DEVICES: [0]
[I 2023-12-15 14:53:00,841] Trial 48 finished with value: 0.12282818555831909 and parameters: {'gradient_clip_val': 0.1110316953465384, 'hidden_size': 58, 'dropout': 0.3179266563142493, 'hidden_continuous_size': 16, 'attention_head_size': 2, 'learning_rate': 0.08061943083528184}. Best is trial 3 with value: 0.06992456316947937.
LOCAL_RANK: 0 - CUDA_VISIBLE_DEVICES: [0]
[I 2023-12-15 14:53:53,604] Trial 49 finished with value: 0.10444436222314835 and parameters: {'gradient_clip_val': 0.1563114477016465, 'hidden_size': 85, 'dropout': 0.26074612565619587, 'hidden_continuous_size': 11, 'attention_head_size': 1, 'learning_rate': 0.03960033754538436}. Best is trial 3 with value: 0.06992456316947937.
[I 2023-12-15 14:53:53,698] A new study created in memory with name: no-name-bcce12de-11ec-4b22-b030-6c3a5c0a296e
/home/le004/conda/anaconda3/envs/tsff_env/lib/python3.9/site-packages/lightning/fabric/plugins/environments/slurm.py:191: The `srun` command is available on your system but is not used. HINT: If your intention is to run Lightning on SLURM, prepend your python command with `srun` like so: srun python /home/le004/master_thesis/git/TSFusionForecast/code/ ...
LOCAL_RANK: 0 - CUDA_VISIBLE_DEVICES: [0]
[I 2023-12-15 14:54:47,074] Trial 0 finished with value: 0.20392771065235138 and parameters: {'gradient_clip_val': 0.583618559873644, 'hidden_size': 69, 'dropout': 0.36387117622017284, 'hidden_continuous_size': 13, 'attention_head_size': 2, 'learning_rate': 0.015690181889986075}. Best is trial 0 with value: 0.20392771065235138.
LOCAL_RANK: 0 - CUDA_VISIBLE_DEVICES: [0]
[I 2023-12-15 14:55:32,936] Trial 1 finished with value: 0.08614789694547653 and parameters: {'gradient_clip_val': 0.46195847619820746, 'hidden_size': 17, 'dropout': 0.23657910730395132, 'hidden_continuous_size': 7, 'attention_head_size': 1, 'learning_rate': 0.026248960664635577}. Best is trial 1 with value: 0.08614789694547653.
LOCAL_RANK: 0 - CUDA_VISIBLE_DEVICES: [0]
[I 2023-12-15 14:56:21,019] Trial 2 finished with value: 0.7638759016990662 and parameters: {'gradient_clip_val': 0.20125276829145555, 'hidden_size': 19, 'dropout': 0.1322273009354587, 'hidden_continuous_size': 7, 'attention_head_size': 4, 'learning_rate': 0.005946777385976025}. Best is trial 1 with value: 0.08614789694547653.
LOCAL_RANK: 0 - CUDA_VISIBLE_DEVICES: [0]
[I 2023-12-15 14:57:10,061] Trial 3 finished with value: 0.4904416799545288 and parameters: {'gradient_clip_val': 0.48408439887325655, 'hidden_size': 27, 'dropout': 0.3655672660104067, 'hidden_continuous_size': 19, 'attention_head_size': 1, 'learning_rate': 0.0018357210254416653}. Best is trial 1 with value: 0.08614789694547653.
LOCAL_RANK: 0 - CUDA_VISIBLE_DEVICES: [0]
[I 2023-12-15 14:58:02,680] Trial 4 finished with value: 0.2740546762943268 and parameters: {'gradient_clip_val': 0.16609762881978424, 'hidden_size': 79, 'dropout': 0.18767690601172843, 'hidden_continuous_size': 6, 'attention_head_size': 3, 'learning_rate': 0.0898439661523239}. Best is trial 1 with value: 0.08614789694547653.
LOCAL_RANK: 0 - CUDA_VISIBLE_DEVICES: [0]
[I 2023-12-15 14:58:51,884] Trial 5 finished with value: 0.31593751907348633 and parameters: {'gradient_clip_val': 0.19176734062904202, 'hidden_size': 29, 'dropout': 0.2827100458623937, 'hidden_continuous_size': 11, 'attention_head_size': 3, 'learning_rate': 0.0007613712104078303}. Best is trial 1 with value: 0.08614789694547653.
LOCAL_RANK: 0 - CUDA_VISIBLE_DEVICES: [0]
[I 2023-12-15 14:59:43,190] Trial 6 finished with value: 0.11592904478311539 and parameters: {'gradient_clip_val': 0.24543641002873082, 'hidden_size': 49, 'dropout': 0.1829296402053031, 'hidden_continuous_size': 7, 'attention_head_size': 1, 'learning_rate': 0.06414674733534433}. Best is trial 1 with value: 0.08614789694547653.
LOCAL_RANK: 0 - CUDA_VISIBLE_DEVICES: [0]
[I 2023-12-15 15:00:30,403] Trial 7 finished with value: 0.46559974551200867 and parameters: {'gradient_clip_val': 0.5727509846985175, 'hidden_size': 24, 'dropout': 0.17998601927481317, 'hidden_continuous_size': 9, 'attention_head_size': 1, 'learning_rate': 0.014154954393810634}. Best is trial 1 with value: 0.08614789694547653.
LOCAL_RANK: 0 - CUDA_VISIBLE_DEVICES: [0]
[I 2023-12-15 15:01:17,054] Trial 8 finished with value: 0.6206698417663574 and parameters: {'gradient_clip_val': 0.8607249730915578, 'hidden_size': 15, 'dropout': 0.3933573504492376, 'hidden_continuous_size': 7, 'attention_head_size': 4, 'learning_rate': 0.00350373293122487}. Best is trial 1 with value: 0.08614789694547653.
LOCAL_RANK: 0 - CUDA_VISIBLE_DEVICES: [0]
[I 2023-12-15 15:02:11,204] Trial 9 finished with value: 1.3521175384521484 and parameters: {'gradient_clip_val': 0.40710147061601104, 'hidden_size': 60, 'dropout': 0.37575625082432507, 'hidden_continuous_size': 43, 'attention_head_size': 3, 'learning_rate': 0.0118314430053249}. Best is trial 1 with value: 0.08614789694547653.
LOCAL_RANK: 0 - CUDA_VISIBLE_DEVICES: [0]
[I 2023-12-15 15:02:56,156] Trial 10 finished with value: 0.3800238370895386 and parameters: {'gradient_clip_val': 0.2992486156699068, 'hidden_size': 7, 'dropout': 0.27556980278147636, 'hidden_continuous_size': 5, 'attention_head_size': 2, 'learning_rate': 0.03601783237494446}. Best is trial 1 with value: 0.08614789694547653.
LOCAL_RANK: 0 - CUDA_VISIBLE_DEVICES: [0]
[I 2023-12-15 15:03:45,256] Trial 11 finished with value: 0.10027360916137695 and parameters: {'gradient_clip_val': 0.12345187873039302, 'hidden_size': 48, 'dropout': 0.2315201609262564, 'hidden_continuous_size': 5, 'attention_head_size': 1, 'learning_rate': 0.08976693662260458}. Best is trial 1 with value: 0.08614789694547653.
LOCAL_RANK: 0 - CUDA_VISIBLE_DEVICES: [0]
[I 2023-12-15 15:04:37,578] Trial 12 finished with value: 0.10408145934343338 and parameters: {'gradient_clip_val': 0.10329049140081259, 'hidden_size': 100, 'dropout': 0.24052676998777275, 'hidden_continuous_size': 5, 'attention_head_size': 2, 'learning_rate': 0.03990400893054909}. Best is trial 1 with value: 0.08614789694547653.
LOCAL_RANK: 0 - CUDA_VISIBLE_DEVICES: [0]
[I 2023-12-15 15:05:26,546] Trial 13 finished with value: 0.1491348296403885 and parameters: {'gradient_clip_val': 0.10430553244098931, 'hidden_size': 41, 'dropout': 0.2542554817588506, 'hidden_continuous_size': 5, 'attention_head_size': 1, 'learning_rate': 0.03548849630869359}. Best is trial 1 with value: 0.08614789694547653.
LOCAL_RANK: 0 - CUDA_VISIBLE_DEVICES: [0]
[I 2023-12-15 15:06:10,302] Trial 14 finished with value: 0.053197551518678665 and parameters: {'gradient_clip_val': 0.35992006655148634, 'hidden_size': 12, 'dropout': 0.10080491172883194, 'hidden_continuous_size': 6, 'attention_head_size': 1, 'learning_rate': 0.08308924347564615}. Best is trial 14 with value: 0.053197551518678665.
LOCAL_RANK: 0 - CUDA_VISIBLE_DEVICES: [0]
[I 2023-12-15 15:06:54,294] Trial 15 finished with value: 0.25046730041503906 and parameters: {'gradient_clip_val': 0.35034014707522343, 'hidden_size': 12, 'dropout': 0.15143793481447332, 'hidden_continuous_size': 6, 'attention_head_size': 2, 'learning_rate': 0.024430216886692033}. Best is trial 14 with value: 0.053197551518678665.
LOCAL_RANK: 0 - CUDA_VISIBLE_DEVICES: [0]
[I 2023-12-15 15:07:39,044] Trial 16 finished with value: 0.11174008250236511 and parameters: {'gradient_clip_val': 0.28347406091231225, 'hidden_size': 11, 'dropout': 0.1027912088480232, 'hidden_continuous_size': 6, 'attention_head_size': 1, 'learning_rate': 0.0617233988487099}. Best is trial 14 with value: 0.053197551518678665.
LOCAL_RANK: 0 - CUDA_VISIBLE_DEVICES: [0]
[I 2023-12-15 15:08:13,109] Trial 17 finished with value: 3.054140090942383 and parameters: {'gradient_clip_val': 0.4069280423257135, 'hidden_size': 5, 'dropout': 0.10035410652772017, 'hidden_continuous_size': 5, 'attention_head_size': 2, 'learning_rate': 0.020413910572857307}. Best is trial 14 with value: 0.053197551518678665.
LOCAL_RANK: 0 - CUDA_VISIBLE_DEVICES: [0]
[I 2023-12-15 15:08:57,978] Trial 18 finished with value: 0.3994220793247223 and parameters: {'gradient_clip_val': 0.8640472630047586, 'hidden_size': 9, 'dropout': 0.21502666404360204, 'hidden_continuous_size': 6, 'attention_head_size': 1, 'learning_rate': 0.09944674634414703}. Best is trial 14 with value: 0.053197551518678665.
LOCAL_RANK: 0 - CUDA_VISIBLE_DEVICES: [0]
[I 2023-12-15 15:09:44,565] Trial 19 finished with value: 0.2578505277633667 and parameters: {'gradient_clip_val': 0.6229920016394629, 'hidden_size': 17, 'dropout': 0.1404010107674893, 'hidden_continuous_size': 8, 'attention_head_size': 2, 'learning_rate': 0.009379234254133732}. Best is trial 14 with value: 0.053197551518678665.
LOCAL_RANK: 0 - CUDA_VISIBLE_DEVICES: [0]
[I 2023-12-15 15:10:29,489] Trial 20 finished with value: 0.2286302000284195 and parameters: {'gradient_clip_val': 0.35936513446354695, 'hidden_size': 13, 'dropout': 0.30321384157669484, 'hidden_continuous_size': 6, 'attention_head_size': 1, 'learning_rate': 0.026986555452421176}. Best is trial 14 with value: 0.053197551518678665.
LOCAL_RANK: 0 - CUDA_VISIBLE_DEVICES: [0]
[I 2023-12-15 15:11:15,189] Trial 21 finished with value: 0.0914250984787941 and parameters: {'gradient_clip_val': 0.1500186134528741, 'hidden_size': 20, 'dropout': 0.21545448701787334, 'hidden_continuous_size': 5, 'attention_head_size': 1, 'learning_rate': 0.05431949468357325}. Best is trial 14 with value: 0.053197551518678665.
LOCAL_RANK: 0 - CUDA_VISIBLE_DEVICES: [0]
[I 2023-12-15 15:12:01,176] Trial 22 finished with value: 0.12870289385318756 and parameters: {'gradient_clip_val': 0.2553174312319955, 'hidden_size': 20, 'dropout': 0.22649964379709356, 'hidden_continuous_size': 7, 'attention_head_size': 1, 'learning_rate': 0.050487003265841025}. Best is trial 14 with value: 0.053197551518678665.
LOCAL_RANK: 0 - CUDA_VISIBLE_DEVICES: [0]
[I 2023-12-15 15:12:45,003] Trial 23 finished with value: 0.06647482514381409 and parameters: {'gradient_clip_val': 0.3382965551349972, 'hidden_size': 16, 'dropout': 0.20323284004320138, 'hidden_continuous_size': 5, 'attention_head_size': 1, 'learning_rate': 0.05018377868391861}. Best is trial 14 with value: 0.053197551518678665.
LOCAL_RANK: 0 - CUDA_VISIBLE_DEVICES: [0]
[I 2023-12-15 15:13:30,374] Trial 24 finished with value: 0.20510172843933105 and parameters: {'gradient_clip_val': 0.31582023775932305, 'hidden_size': 15, 'dropout': 0.1656212846756233, 'hidden_continuous_size': 6, 'attention_head_size': 2, 'learning_rate': 0.025750361880868287}. Best is trial 14 with value: 0.053197551518678665.
LOCAL_RANK: 0 - CUDA_VISIBLE_DEVICES: [0]
[I 2023-12-15 15:14:15,089] Trial 25 finished with value: 0.4056219756603241 and parameters: {'gradient_clip_val': 0.45316832359117265, 'hidden_size': 10, 'dropout': 0.19949990452195418, 'hidden_continuous_size': 5, 'attention_head_size': 1, 'learning_rate': 0.03775627035683035}. Best is trial 14 with value: 0.053197551518678665.
LOCAL_RANK: 0 - CUDA_VISIBLE_DEVICES: [0]
[I 2023-12-15 15:14:59,080] Trial 26 finished with value: 0.3029944896697998 and parameters: {'gradient_clip_val': 0.36584057140190035, 'hidden_size': 8, 'dropout': 0.16019157236361928, 'hidden_continuous_size': 5, 'attention_head_size': 2, 'learning_rate': 0.018795000084657478}. Best is trial 14 with value: 0.053197551518678665.
LOCAL_RANK: 0 - CUDA_VISIBLE_DEVICES: [0]
[I 2023-12-15 15:15:44,057] Trial 27 finished with value: 0.09109038859605789 and parameters: {'gradient_clip_val': 0.49058835406726303, 'hidden_size': 14, 'dropout': 0.12845786335589257, 'hidden_continuous_size': 6, 'attention_head_size': 1, 'learning_rate': 0.06617125464665825}. Best is trial 14 with value: 0.053197551518678665.
LOCAL_RANK: 0 - CUDA_VISIBLE_DEVICES: [0]
[I 2023-12-15 15:16:29,581] Trial 28 finished with value: 0.12236849218606949 and parameters: {'gradient_clip_val': 0.25578438858335045, 'hidden_size': 11, 'dropout': 0.2049138131026176, 'hidden_continuous_size': 6, 'attention_head_size': 3, 'learning_rate': 0.0455243531029288}. Best is trial 14 with value: 0.053197551518678665.
LOCAL_RANK: 0 - CUDA_VISIBLE_DEVICES: [0]
[I 2023-12-15 15:17:18,408] Trial 29 finished with value: 0.4510013163089752 and parameters: {'gradient_clip_val': 0.5653074213057278, 'hidden_size': 31, 'dropout': 0.3053972377867274, 'hidden_continuous_size': 9, 'attention_head_size': 1, 'learning_rate': 0.018359367427779265}. Best is trial 14 with value: 0.053197551518678665.
LOCAL_RANK: 0 - CUDA_VISIBLE_DEVICES: [0]
[I 2023-12-15 15:18:03,270] Trial 30 finished with value: 0.08808886259794235 and parameters: {'gradient_clip_val': 0.6736445875732382, 'hidden_size': 16, 'dropout': 0.16944981240800397, 'hidden_continuous_size': 8, 'attention_head_size': 2, 'learning_rate': 0.02845519738244396}. Best is trial 14 with value: 0.053197551518678665.
LOCAL_RANK: 0 - CUDA_VISIBLE_DEVICES: [0]
[I 2023-12-15 15:18:47,786] Trial 31 finished with value: 0.2627362310886383 and parameters: {'gradient_clip_val': 0.7215961644803516, 'hidden_size': 16, 'dropout': 0.17096697852032636, 'hidden_continuous_size': 8, 'attention_head_size': 2, 'learning_rate': 0.013811427308791983}. Best is trial 14 with value: 0.053197551518678665.
LOCAL_RANK: 0 - CUDA_VISIBLE_DEVICES: [0]
[I 2023-12-15 15:19:36,169] Trial 32 finished with value: 0.37737059593200684 and parameters: {'gradient_clip_val': 0.5137150847400173, 'hidden_size': 22, 'dropout': 0.1932800512275906, 'hidden_continuous_size': 7, 'attention_head_size': 2, 'learning_rate': 0.02736759734463078}. Best is trial 14 with value: 0.053197551518678665.
LOCAL_RANK: 0 - CUDA_VISIBLE_DEVICES: [0]
[I 2023-12-15 15:20:23,288] Trial 33 finished with value: 0.1690361052751541 and parameters: {'gradient_clip_val': 0.6833018367548196, 'hidden_size': 19, 'dropout': 0.12086392834847479, 'hidden_continuous_size': 8, 'attention_head_size': 1, 'learning_rate': 0.06644486646505439}. Best is trial 14 with value: 0.053197551518678665.
LOCAL_RANK: 0 - CUDA_VISIBLE_DEVICES: [0]
[I 2023-12-15 15:21:09,471] Trial 34 finished with value: 0.42951884865760803 and parameters: {'gradient_clip_val': 0.4196104743964104, 'hidden_size': 13, 'dropout': 0.14238906421260655, 'hidden_continuous_size': 7, 'attention_head_size': 4, 'learning_rate': 0.03223842812999058}. Best is trial 14 with value: 0.053197551518678665.
LOCAL_RANK: 0 - CUDA_VISIBLE_DEVICES: [0]
[I 2023-12-15 15:21:56,172] Trial 35 finished with value: 0.31739214062690735 and parameters: {'gradient_clip_val': 0.5061437294119095, 'hidden_size': 17, 'dropout': 0.1516288095105556, 'hidden_continuous_size': 10, 'attention_head_size': 1, 'learning_rate': 0.04657539924628981}. Best is trial 14 with value: 0.053197551518678665.
LOCAL_RANK: 0 - CUDA_VISIBLE_DEVICES: [0]
[I 2023-12-15 15:22:44,697] Trial 36 finished with value: 0.07833767682313919 and parameters: {'gradient_clip_val': 0.41283626171045557, 'hidden_size': 22, 'dropout': 0.1666945968732425, 'hidden_continuous_size': 8, 'attention_head_size': 3, 'learning_rate': 0.07899771893074743}. Best is trial 14 with value: 0.053197551518678665.
LOCAL_RANK: 0 - CUDA_VISIBLE_DEVICES: [0]
[I 2023-12-15 15:23:34,176] Trial 37 finished with value: 0.3310588002204895 and parameters: {'gradient_clip_val': 0.3560419540113426, 'hidden_size': 27, 'dropout': 0.18631407515889203, 'hidden_continuous_size': 12, 'attention_head_size': 3, 'learning_rate': 0.07590588905707041}. Best is trial 14 with value: 0.053197551518678665.
LOCAL_RANK: 0 - CUDA_VISIBLE_DEVICES: [0]
[I 2023-12-15 15:24:21,905] Trial 38 finished with value: 0.05564109981060028 and parameters: {'gradient_clip_val': 0.21880656275104493, 'hidden_size': 24, 'dropout': 0.12125148211252723, 'hidden_continuous_size': 9, 'attention_head_size': 3, 'learning_rate': 0.09431741863081067}. Best is trial 14 with value: 0.053197551518678665.
LOCAL_RANK: 0 - CUDA_VISIBLE_DEVICES: [0]
[I 2023-12-15 15:25:09,437] Trial 39 finished with value: 0.23815356194972992 and parameters: {'gradient_clip_val': 0.2271132786217545, 'hidden_size': 24, 'dropout': 0.11765910854151496, 'hidden_continuous_size': 10, 'attention_head_size': 3, 'learning_rate': 0.08491553478493666}. Best is trial 14 with value: 0.053197551518678665.
LOCAL_RANK: 0 - CUDA_VISIBLE_DEVICES: [0]
[I 2023-12-15 15:25:58,276] Trial 40 finished with value: 0.06410649418830872 and parameters: {'gradient_clip_val': 0.28538557038203566, 'hidden_size': 32, 'dropout': 0.13240142981432967, 'hidden_continuous_size': 14, 'attention_head_size': 3, 'learning_rate': 0.07536768388191041}. Best is trial 14 with value: 0.053197551518678665.
LOCAL_RANK: 0 - CUDA_VISIBLE_DEVICES: [0]
