[I 2023-12-15 18:42:32,361] Trial 19 finished with value: 0.08886518329381943 and parameters: {'gradient_clip_val': 0.5152784912995187, 'hidden_size': 22, 'dropout': 0.35256739489208755, 'hidden_continuous_size': 8, 'attention_head_size': 4, 'learning_rate': 0.01553204794876344}. Best is trial 15 with value: 0.05583231523633003.
LOCAL_RANK: 0 - CUDA_VISIBLE_DEVICES: [0]
[I 2023-12-15 18:43:26,078] Trial 20 finished with value: 0.09114118665456772 and parameters: {'gradient_clip_val': 0.4136301075884743, 'hidden_size': 47, 'dropout': 0.24110514549878542, 'hidden_continuous_size': 11, 'attention_head_size': 3, 'learning_rate': 0.008760608110825104}. Best is trial 15 with value: 0.05583231523633003.
LOCAL_RANK: 0 - CUDA_VISIBLE_DEVICES: [0]
[I 2023-12-15 18:44:19,949] Trial 21 finished with value: 0.10403040796518326 and parameters: {'gradient_clip_val': 0.7243558442636319, 'hidden_size': 48, 'dropout': 0.3071218933175075, 'hidden_continuous_size': 29, 'attention_head_size': 3, 'learning_rate': 0.04239166441555153}. Best is trial 15 with value: 0.05583231523633003.
LOCAL_RANK: 0 - CUDA_VISIBLE_DEVICES: [0]
[I 2023-12-15 18:45:14,581] Trial 22 finished with value: 0.33342209458351135 and parameters: {'gradient_clip_val': 0.985387744193336, 'hidden_size': 61, 'dropout': 0.329155777109161, 'hidden_continuous_size': 19, 'attention_head_size': 3, 'learning_rate': 0.027390791028526932}. Best is trial 15 with value: 0.05583231523633003.
LOCAL_RANK: 0 - CUDA_VISIBLE_DEVICES: [0]
[I 2023-12-15 18:46:05,578] Trial 23 finished with value: 0.13916899263858795 and parameters: {'gradient_clip_val': 0.716039837838073, 'hidden_size': 27, 'dropout': 0.39312722149934276, 'hidden_continuous_size': 12, 'attention_head_size': 3, 'learning_rate': 0.06580375023708647}. Best is trial 15 with value: 0.05583231523633003.
LOCAL_RANK: 0 - CUDA_VISIBLE_DEVICES: [0]
[I 2023-12-15 18:46:59,356] Trial 24 finished with value: 0.054321061819791794 and parameters: {'gradient_clip_val': 0.5724785101555339, 'hidden_size': 42, 'dropout': 0.2839097884192186, 'hidden_continuous_size': 27, 'attention_head_size': 2, 'learning_rate': 0.03654931418147649}. Best is trial 24 with value: 0.054321061819791794.
LOCAL_RANK: 0 - CUDA_VISIBLE_DEVICES: [0]
[I 2023-12-15 18:47:48,968] Trial 25 finished with value: 0.3041520416736603 and parameters: {'gradient_clip_val': 0.5503702239948585, 'hidden_size': 36, 'dropout': 0.2845010925244141, 'hidden_continuous_size': 9, 'attention_head_size': 1, 'learning_rate': 0.022935856687189414}. Best is trial 24 with value: 0.054321061819791794.
LOCAL_RANK: 0 - CUDA_VISIBLE_DEVICES: [0]
[I 2023-12-15 18:48:42,013] Trial 26 finished with value: 0.05945390462875366 and parameters: {'gradient_clip_val': 0.3782153606709054, 'hidden_size': 40, 'dropout': 0.27129403409781105, 'hidden_continuous_size': 33, 'attention_head_size': 2, 'learning_rate': 0.033403403545639476}. Best is trial 24 with value: 0.054321061819791794.
LOCAL_RANK: 0 - CUDA_VISIBLE_DEVICES: [0]
[I 2023-12-15 18:49:38,502] Trial 27 finished with value: 0.11848685890436172 and parameters: {'gradient_clip_val': 0.3636094059467328, 'hidden_size': 87, 'dropout': 0.27816846355882835, 'hidden_continuous_size': 43, 'attention_head_size': 2, 'learning_rate': 0.06761945164306148}. Best is trial 24 with value: 0.054321061819791794.
LOCAL_RANK: 0 - CUDA_VISIBLE_DEVICES: [0]
[I 2023-12-15 18:50:32,515] Trial 28 finished with value: 0.05198383331298828 and parameters: {'gradient_clip_val': 0.4811563496193422, 'hidden_size': 43, 'dropout': 0.2517949884581523, 'hidden_continuous_size': 33, 'attention_head_size': 2, 'learning_rate': 0.016923322607502754}. Best is trial 28 with value: 0.05198383331298828.
LOCAL_RANK: 0 - CUDA_VISIBLE_DEVICES: [0]
[I 2023-12-15 18:51:27,168] Trial 29 finished with value: 0.16395750641822815 and parameters: {'gradient_clip_val': 0.46680667791299374, 'hidden_size': 61, 'dropout': 0.2584922948911636, 'hidden_continuous_size': 38, 'attention_head_size': 1, 'learning_rate': 0.01664887507850656}. Best is trial 28 with value: 0.05198383331298828.
LOCAL_RANK: 0 - CUDA_VISIBLE_DEVICES: [0]
[I 2023-12-15 18:52:16,779] Trial 30 finished with value: 0.2110598087310791 and parameters: {'gradient_clip_val': 0.2141399488410634, 'hidden_size': 28, 'dropout': 0.2347767859896335, 'hidden_continuous_size': 19, 'attention_head_size': 2, 'learning_rate': 0.010966007309051761}. Best is trial 28 with value: 0.05198383331298828.
LOCAL_RANK: 0 - CUDA_VISIBLE_DEVICES: [0]
[I 2023-12-15 18:53:10,188] Trial 31 finished with value: 0.07220643758773804 and parameters: {'gradient_clip_val': 0.494034664541934, 'hidden_size': 41, 'dropout': 0.26851801667263414, 'hidden_continuous_size': 29, 'attention_head_size': 2, 'learning_rate': 0.033183430858634094}. Best is trial 28 with value: 0.05198383331298828.
LOCAL_RANK: 0 - CUDA_VISIBLE_DEVICES: [0]
[I 2023-12-15 18:54:04,110] Trial 32 finished with value: 0.06470359116792679 and parameters: {'gradient_clip_val': 0.4124225873511721, 'hidden_size': 42, 'dropout': 0.28939274813675653, 'hidden_continuous_size': 33, 'attention_head_size': 2, 'learning_rate': 0.020233714688419044}. Best is trial 28 with value: 0.05198383331298828.
LOCAL_RANK: 0 - CUDA_VISIBLE_DEVICES: [0]
[I 2023-12-15 18:54:59,015] Trial 33 finished with value: 0.08733516931533813 and parameters: {'gradient_clip_val': 0.3301259375524234, 'hidden_size': 57, 'dropout': 0.2613497270839175, 'hidden_continuous_size': 37, 'attention_head_size': 2, 'learning_rate': 0.04859925129721664}. Best is trial 28 with value: 0.05198383331298828.
LOCAL_RANK: 0 - CUDA_VISIBLE_DEVICES: [0]
[I 2023-12-15 18:55:52,413] Trial 34 finished with value: 0.09876246005296707 and parameters: {'gradient_clip_val': 0.5015942739886626, 'hidden_size': 42, 'dropout': 0.27795477446394, 'hidden_continuous_size': 23, 'attention_head_size': 2, 'learning_rate': 0.01430352752855611}. Best is trial 28 with value: 0.05198383331298828.
LOCAL_RANK: 0 - CUDA_VISIBLE_DEVICES: [0]
[I 2023-12-15 18:56:43,285] Trial 35 finished with value: 0.06383606046438217 and parameters: {'gradient_clip_val': 0.6299200483645533, 'hidden_size': 26, 'dropout': 0.2490603335966533, 'hidden_continuous_size': 21, 'attention_head_size': 2, 'learning_rate': 0.02897156149950893}. Best is trial 28 with value: 0.05198383331298828.
LOCAL_RANK: 0 - CUDA_VISIBLE_DEVICES: [0]
[I 2023-12-15 18:57:39,517] Trial 36 finished with value: 0.06629219651222229 and parameters: {'gradient_clip_val': 0.575616979138169, 'hidden_size': 77, 'dropout': 0.29634643671849303, 'hidden_continuous_size': 56, 'attention_head_size': 1, 'learning_rate': 0.01920523041898642}. Best is trial 28 with value: 0.05198383331298828.
LOCAL_RANK: 0 - CUDA_VISIBLE_DEVICES: [0]
[I 2023-12-15 18:58:33,583] Trial 37 finished with value: 0.05163050815463066 and parameters: {'gradient_clip_val': 0.8234491537051625, 'hidden_size': 55, 'dropout': 0.3238977447577574, 'hidden_continuous_size': 17, 'attention_head_size': 2, 'learning_rate': 0.03520317589250929}. Best is trial 37 with value: 0.05163050815463066.
LOCAL_RANK: 0 - CUDA_VISIBLE_DEVICES: [0]
[I 2023-12-15 18:59:27,304] Trial 38 finished with value: 0.06819114834070206 and parameters: {'gradient_clip_val': 0.7784528162968144, 'hidden_size': 55, 'dropout': 0.32614933121623285, 'hidden_continuous_size': 16, 'attention_head_size': 2, 'learning_rate': 0.05469126599298747}. Best is trial 37 with value: 0.05163050815463066.
LOCAL_RANK: 0 - CUDA_VISIBLE_DEVICES: [0]
[I 2023-12-15 19:00:21,931] Trial 39 finished with value: 0.06597039103507996 and parameters: {'gradient_clip_val': 0.63755797433345, 'hidden_size': 74, 'dropout': 0.2925461548194835, 'hidden_continuous_size': 17, 'attention_head_size': 2, 'learning_rate': 0.02194673278653645}. Best is trial 37 with value: 0.05163050815463066.
LOCAL_RANK: 0 - CUDA_VISIBLE_DEVICES: [0]
[I 2023-12-15 19:01:13,978] Trial 40 finished with value: 0.07711877673864365 and parameters: {'gradient_clip_val': 0.8324077451269312, 'hidden_size': 31, 'dropout': 0.31253666822245063, 'hidden_continuous_size': 21, 'attention_head_size': 1, 'learning_rate': 0.014923463113613753}. Best is trial 37 with value: 0.05163050815463066.
LOCAL_RANK: 0 - CUDA_VISIBLE_DEVICES: [0]
[I 2023-12-15 19:02:08,225] Trial 41 finished with value: 0.06862692534923553 and parameters: {'gradient_clip_val': 0.8079162348691895, 'hidden_size': 54, 'dropout': 0.2736438010079862, 'hidden_continuous_size': 32, 'attention_head_size': 2, 'learning_rate': 0.03532413092094048}. Best is trial 37 with value: 0.05163050815463066.
LOCAL_RANK: 0 - CUDA_VISIBLE_DEVICES: [0]
[I 2023-12-15 19:03:00,432] Trial 42 finished with value: 0.07290900498628616 and parameters: {'gradient_clip_val': 0.6119519441254235, 'hidden_size': 40, 'dropout': 0.2286526008366844, 'hidden_continuous_size': 26, 'attention_head_size': 2, 'learning_rate': 0.02740432315070207}. Best is trial 37 with value: 0.05163050815463066.
LOCAL_RANK: 0 - CUDA_VISIBLE_DEVICES: [0]
[I 2023-12-15 19:03:56,212] Trial 43 finished with value: 0.11290666460990906 and parameters: {'gradient_clip_val': 0.9616968325126783, 'hidden_size': 66, 'dropout': 0.25338519378085556, 'hidden_continuous_size': 46, 'attention_head_size': 2, 'learning_rate': 0.03882940494065696}. Best is trial 37 with value: 0.05163050815463066.
LOCAL_RANK: 0 - CUDA_VISIBLE_DEVICES: [0]
[I 2023-12-15 19:04:50,485] Trial 44 finished with value: 0.07386185973882675 and parameters: {'gradient_clip_val': 0.8505319895648199, 'hidden_size': 54, 'dropout': 0.2839268171208281, 'hidden_continuous_size': 34, 'attention_head_size': 2, 'learning_rate': 0.051963022210513084}. Best is trial 37 with value: 0.05163050815463066.
LOCAL_RANK: 0 - CUDA_VISIBLE_DEVICES: [0]
[I 2023-12-15 19:05:42,634] Trial 45 finished with value: 0.08891148120164871 and parameters: {'gradient_clip_val': 0.5391641978658487, 'hidden_size': 32, 'dropout': 0.2678462366609255, 'hidden_continuous_size': 26, 'attention_head_size': 2, 'learning_rate': 0.0737709357710704}. Best is trial 37 with value: 0.05163050815463066.
LOCAL_RANK: 0 - CUDA_VISIBLE_DEVICES: [0]
[I 2023-12-15 19:06:33,613] Trial 46 finished with value: 0.05059172213077545 and parameters: {'gradient_clip_val': 0.7449364810403466, 'hidden_size': 25, 'dropout': 0.3008712021753435, 'hidden_continuous_size': 21, 'attention_head_size': 3, 'learning_rate': 0.035331474265249276}. Best is trial 46 with value: 0.05059172213077545.
LOCAL_RANK: 0 - CUDA_VISIBLE_DEVICES: [0]
[I 2023-12-15 19:07:23,383] Trial 47 finished with value: 0.07551097869873047 and parameters: {'gradient_clip_val': 0.7857338659608981, 'hidden_size': 24, 'dropout': 0.32513975484442986, 'hidden_continuous_size': 21, 'attention_head_size': 3, 'learning_rate': 0.04343395890150094}. Best is trial 46 with value: 0.05059172213077545.
LOCAL_RANK: 0 - CUDA_VISIBLE_DEVICES: [0]
[I 2023-12-15 19:08:13,856] Trial 48 finished with value: 0.19140470027923584 and parameters: {'gradient_clip_val': 0.8775900932643699, 'hidden_size': 19, 'dropout': 0.3002737372174126, 'hidden_continuous_size': 16, 'attention_head_size': 3, 'learning_rate': 0.025067245762689035}. Best is trial 46 with value: 0.05059172213077545.
LOCAL_RANK: 0 - CUDA_VISIBLE_DEVICES: [0]
[I 2023-12-15 19:09:05,585] Trial 49 finished with value: 0.08959510177373886 and parameters: {'gradient_clip_val': 0.6892352064699223, 'hidden_size': 28, 'dropout': 0.34177029315001495, 'hidden_continuous_size': 23, 'attention_head_size': 4, 'learning_rate': 0.079501475017937}. Best is trial 46 with value: 0.05059172213077545.
[I 2023-12-15 19:09:05,679] A new study created in memory with name: no-name-e3f09cfa-9db9-4e1f-bc3f-72712d291d5d
/home/le004/conda/anaconda3/envs/tsff_env/lib/python3.9/site-packages/lightning/fabric/plugins/environments/slurm.py:191: The `srun` command is available on your system but is not used. HINT: If your intention is to run Lightning on SLURM, prepend your python command with `srun` like so: srun python /home/le004/master_thesis/git/TSFusionForecast/code/ ...
LOCAL_RANK: 0 - CUDA_VISIBLE_DEVICES: [0]
[I 2023-12-15 19:09:58,736] Trial 0 finished with value: 0.09191614389419556 and parameters: {'gradient_clip_val': 0.13125419867447277, 'hidden_size': 60, 'dropout': 0.34007163885200614, 'hidden_continuous_size': 13, 'attention_head_size': 1, 'learning_rate': 0.0019344855542751112}. Best is trial 0 with value: 0.09191614389419556.
LOCAL_RANK: 0 - CUDA_VISIBLE_DEVICES: [0]
[I 2023-12-15 19:10:51,334] Trial 1 finished with value: 0.0445929653942585 and parameters: {'gradient_clip_val': 0.17073058493258522, 'hidden_size': 57, 'dropout': 0.2619184095562712, 'hidden_continuous_size': 7, 'attention_head_size': 1, 'learning_rate': 0.0029193338284766992}. Best is trial 1 with value: 0.0445929653942585.
LOCAL_RANK: 0 - CUDA_VISIBLE_DEVICES: [0]
[I 2023-12-15 19:11:43,858] Trial 2 finished with value: 0.12572170794010162 and parameters: {'gradient_clip_val': 0.17561918787423084, 'hidden_size': 69, 'dropout': 0.15644589662510053, 'hidden_continuous_size': 6, 'attention_head_size': 2, 'learning_rate': 0.0028629602532648014}. Best is trial 1 with value: 0.0445929653942585.
LOCAL_RANK: 0 - CUDA_VISIBLE_DEVICES: [0]
[I 2023-12-15 19:12:20,194] Trial 3 finished with value: 0.04480878636240959 and parameters: {'gradient_clip_val': 0.6388013554314207, 'hidden_size': 5, 'dropout': 0.27039589360726113, 'hidden_continuous_size': 5, 'attention_head_size': 1, 'learning_rate': 0.030945065933951032}. Best is trial 1 with value: 0.0445929653942585.
LOCAL_RANK: 0 - CUDA_VISIBLE_DEVICES: [0]
[I 2023-12-15 19:13:06,417] Trial 4 finished with value: 0.0650700032711029 and parameters: {'gradient_clip_val': 0.10149382601424731, 'hidden_size': 10, 'dropout': 0.22987289272968725, 'hidden_continuous_size': 6, 'attention_head_size': 1, 'learning_rate': 0.025138300913884613}. Best is trial 1 with value: 0.0445929653942585.
LOCAL_RANK: 0 - CUDA_VISIBLE_DEVICES: [0]
[I 2023-12-15 19:13:53,564] Trial 5 finished with value: 0.4886454641819 and parameters: {'gradient_clip_val': 0.13720364992096265, 'hidden_size': 14, 'dropout': 0.26677134169588673, 'hidden_continuous_size': 6, 'attention_head_size': 3, 'learning_rate': 0.0010680448853133448}. Best is trial 1 with value: 0.0445929653942585.
LOCAL_RANK: 0 - CUDA_VISIBLE_DEVICES: [0]
[I 2023-12-15 19:14:29,184] Trial 6 finished with value: 0.045912209898233414 and parameters: {'gradient_clip_val': 0.1506031051335697, 'hidden_size': 11, 'dropout': 0.1520066907666094, 'hidden_continuous_size': 11, 'attention_head_size': 1, 'learning_rate': 0.008786393517652015}. Best is trial 1 with value: 0.0445929653942585.
LOCAL_RANK: 0 - CUDA_VISIBLE_DEVICES: [0]
[I 2023-12-15 19:15:20,578] Trial 7 finished with value: 0.10721725225448608 and parameters: {'gradient_clip_val': 0.6525622071207379, 'hidden_size': 68, 'dropout': 0.2193026300207156, 'hidden_continuous_size': 5, 'attention_head_size': 1, 'learning_rate': 0.0009834607305512363}. Best is trial 1 with value: 0.0445929653942585.
LOCAL_RANK: 0 - CUDA_VISIBLE_DEVICES: [0]
[I 2023-12-15 19:16:10,418] Trial 8 finished with value: 0.046019334346055984 and parameters: {'gradient_clip_val': 0.9402699487789817, 'hidden_size': 25, 'dropout': 0.18359877952119438, 'hidden_continuous_size': 5, 'attention_head_size': 3, 'learning_rate': 0.027244103033093235}. Best is trial 1 with value: 0.0445929653942585.
LOCAL_RANK: 0 - CUDA_VISIBLE_DEVICES: [0]
[I 2023-12-15 19:17:03,348] Trial 9 finished with value: 0.044376615434885025 and parameters: {'gradient_clip_val': 0.3101795232413779, 'hidden_size': 40, 'dropout': 0.1325255655879916, 'hidden_continuous_size': 38, 'attention_head_size': 1, 'learning_rate': 0.0022460478411412505}. Best is trial 9 with value: 0.044376615434885025.
LOCAL_RANK: 0 - CUDA_VISIBLE_DEVICES: [0]
[I 2023-12-15 19:17:57,543] Trial 10 finished with value: 0.06585542112588882 and parameters: {'gradient_clip_val': 0.3097276786660527, 'hidden_size': 31, 'dropout': 0.11506720416433483, 'hidden_continuous_size': 29, 'attention_head_size': 4, 'learning_rate': 0.09962412118118051}. Best is trial 9 with value: 0.044376615434885025.
LOCAL_RANK: 0 - CUDA_VISIBLE_DEVICES: [0]
[I 2023-12-15 19:18:34,790] Trial 11 finished with value: 0.08441217988729477 and parameters: {'gradient_clip_val': 0.24678954631878283, 'hidden_size': 42, 'dropout': 0.10742985669360236, 'hidden_continuous_size': 42, 'attention_head_size': 2, 'learning_rate': 0.0039359704928635525}. Best is trial 9 with value: 0.044376615434885025.
LOCAL_RANK: 0 - CUDA_VISIBLE_DEVICES: [0]
[I 2023-12-15 19:19:33,406] Trial 12 finished with value: 0.11015349626541138 and parameters: {'gradient_clip_val': 0.23219586869620887, 'hidden_size': 91, 'dropout': 0.3315434772203997, 'hidden_continuous_size': 78, 'attention_head_size': 2, 'learning_rate': 0.0007004952905354797}. Best is trial 9 with value: 0.044376615434885025.
LOCAL_RANK: 0 - CUDA_VISIBLE_DEVICES: [0]
[I 2023-12-15 19:20:25,736] Trial 13 finished with value: 0.1475924700498581 and parameters: {'gradient_clip_val': 0.36730613365909803, 'hidden_size': 41, 'dropout': 0.29850618717091515, 'hidden_continuous_size': 9, 'attention_head_size': 2, 'learning_rate': 0.0005042581794863631}. Best is trial 9 with value: 0.044376615434885025.
LOCAL_RANK: 0 - CUDA_VISIBLE_DEVICES: [0]
[I 2023-12-15 19:21:22,180] Trial 14 finished with value: 0.046513307839632034 and parameters: {'gradient_clip_val': 0.20932157667539675, 'hidden_size': 98, 'dropout': 0.3809444703639945, 'hidden_continuous_size': 19, 'attention_head_size': 4, 'learning_rate': 0.005148644521526276}. Best is trial 9 with value: 0.044376615434885025.
LOCAL_RANK: 0 - CUDA_VISIBLE_DEVICES: [0]
[I 2023-12-15 19:22:14,188] Trial 15 finished with value: 0.04830022156238556 and parameters: {'gradient_clip_val': 0.3673279707265877, 'hidden_size': 42, 'dropout': 0.20465369148416912, 'hidden_continuous_size': 9, 'attention_head_size': 1, 'learning_rate': 0.001866404451466862}. Best is trial 9 with value: 0.044376615434885025.
LOCAL_RANK: 0 - CUDA_VISIBLE_DEVICES: [0]
[I 2023-12-15 19:23:04,266] Trial 16 finished with value: 0.05530456826090813 and parameters: {'gradient_clip_val': 0.27579166949259815, 'hidden_size': 32, 'dropout': 0.24509878886324732, 'hidden_continuous_size': 13, 'attention_head_size': 3, 'learning_rate': 0.007650507253170273}. Best is trial 9 with value: 0.044376615434885025.
LOCAL_RANK: 0 - CUDA_VISIBLE_DEVICES: [0]
[I 2023-12-15 19:23:52,215] Trial 17 finished with value: 0.12749849259853363 and parameters: {'gradient_clip_val': 0.18719118302852786, 'hidden_size': 20, 'dropout': 0.16572017358108287, 'hidden_continuous_size': 8, 'attention_head_size': 2, 'learning_rate': 0.0016485213474764988}. Best is trial 9 with value: 0.044376615434885025.
LOCAL_RANK: 0 - CUDA_VISIBLE_DEVICES: [0]
[I 2023-12-15 19:24:45,761] Trial 18 finished with value: 0.044570665806531906 and parameters: {'gradient_clip_val': 0.3774529077692583, 'hidden_size': 55, 'dropout': 0.1919312751306813, 'hidden_continuous_size': 20, 'attention_head_size': 1, 'learning_rate': 0.00332248493500482}. Best is trial 9 with value: 0.044376615434885025.
LOCAL_RANK: 0 - CUDA_VISIBLE_DEVICES: [0]
[I 2023-12-15 19:25:39,844] Trial 19 finished with value: 0.06214166060090065 and parameters: {'gradient_clip_val': 0.4314189080515859, 'hidden_size': 49, 'dropout': 0.12923694477744369, 'hidden_continuous_size': 19, 'attention_head_size': 2, 'learning_rate': 0.004860493562849132}. Best is trial 9 with value: 0.044376615434885025.
LOCAL_RANK: 0 - CUDA_VISIBLE_DEVICES: [0]
[I 2023-12-15 19:26:30,772] Trial 20 finished with value: 0.09701577574014664 and parameters: {'gradient_clip_val': 0.47374235515698065, 'hidden_size': 31, 'dropout': 0.1779813301100033, 'hidden_continuous_size': 17, 'attention_head_size': 1, 'learning_rate': 0.0011913775236939146}. Best is trial 9 with value: 0.044376615434885025.
LOCAL_RANK: 0 - CUDA_VISIBLE_DEVICES: [0]
[I 2023-12-15 19:27:24,703] Trial 21 finished with value: 0.0437244288623333 and parameters: {'gradient_clip_val': 0.264127585942388, 'hidden_size': 57, 'dropout': 0.20583506080713082, 'hidden_continuous_size': 25, 'attention_head_size': 1, 'learning_rate': 0.0028202281759373677}. Best is trial 21 with value: 0.0437244288623333.
LOCAL_RANK: 0 - CUDA_VISIBLE_DEVICES: [0]
[I 2023-12-15 19:28:19,856] Trial 22 finished with value: 0.053485408425331116 and parameters: {'gradient_clip_val': 0.28271007027684053, 'hidden_size': 77, 'dropout': 0.19670543122984205, 'hidden_continuous_size': 30, 'attention_head_size': 1, 'learning_rate': 0.00282444370823681}. Best is trial 21 with value: 0.0437244288623333.
LOCAL_RANK: 0 - CUDA_VISIBLE_DEVICES: [0]
[I 2023-12-15 19:29:13,523] Trial 23 finished with value: 0.05608420446515083 and parameters: {'gradient_clip_val': 0.2434072788164215, 'hidden_size': 54, 'dropout': 0.13770971253840103, 'hidden_continuous_size': 24, 'attention_head_size': 1, 'learning_rate': 0.0016921275961337158}. Best is trial 21 with value: 0.0437244288623333.
LOCAL_RANK: 0 - CUDA_VISIBLE_DEVICES: [0]
[I 2023-12-15 19:30:09,318] Trial 24 finished with value: 0.07482586055994034 and parameters: {'gradient_clip_val': 0.3325166802523611, 'hidden_size': 77, 'dropout': 0.19834994430665687, 'hidden_continuous_size': 39, 'attention_head_size': 2, 'learning_rate': 0.00673474793899784}. Best is trial 21 with value: 0.0437244288623333.
LOCAL_RANK: 0 - CUDA_VISIBLE_DEVICES: [0]
[I 2023-12-15 19:31:02,545] Trial 25 finished with value: 0.06219744309782982 and parameters: {'gradient_clip_val': 0.28529964577642014, 'hidden_size': 49, 'dropout': 0.14734486935652424, 'hidden_continuous_size': 22, 'attention_head_size': 1, 'learning_rate': 0.003518805124123514}. Best is trial 21 with value: 0.0437244288623333.
LOCAL_RANK: 0 - CUDA_VISIBLE_DEVICES: [0]
