[I 2023-12-26 15:38:54,538] Trial 15 finished with value: 4.3488569259643555 and parameters: {'gradient_clip_val': 0.36709657647835403, 'hidden_size': 59, 'dropout': 0.37455747324406996, 'hidden_continuous_size': 20, 'attention_head_size': 4, 'learning_rate': 0.033410122180583535}. Best is trial 0 with value: 0.060184407979249954.
[I 2023-12-26 15:39:03,956] Trial 16 finished with value: 4.238757610321045 and parameters: {'gradient_clip_val': 0.6302977733134547, 'hidden_size': 144, 'dropout': 0.24723173055009356, 'hidden_continuous_size': 57, 'attention_head_size': 3, 'learning_rate': 0.0005238468059393689}. Best is trial 0 with value: 0.060184407979249954.
[I 2023-12-26 15:39:05,843] Trial 17 finished with value: 4.314316272735596 and parameters: {'gradient_clip_val': 0.3684176582856563, 'hidden_size': 16, 'dropout': 0.29380971172093734, 'hidden_continuous_size': 6, 'attention_head_size': 2, 'learning_rate': 0.039198635749877996}. Best is trial 0 with value: 0.060184407979249954.
[I 2023-12-26 15:39:10,244] Trial 18 finished with value: 4.216606140136719 and parameters: {'gradient_clip_val': 0.1934075104482682, 'hidden_size': 73, 'dropout': 0.35269346057802187, 'hidden_continuous_size': 30, 'attention_head_size': 3, 'learning_rate': 0.0018036912711911538}. Best is trial 0 with value: 0.060184407979249954.
[I 2023-12-26 15:39:18,441] Trial 19 finished with value: 4.878672122955322 and parameters: {'gradient_clip_val': 0.10143055333635048, 'hidden_size': 106, 'dropout': 0.49948262768645735, 'hidden_continuous_size': 16, 'attention_head_size': 2, 'learning_rate': 0.003248229307077708}. Best is trial 0 with value: 0.060184407979249954.
[I 2023-12-26 15:39:22,479] Trial 20 finished with value: 4.916038990020752 and parameters: {'gradient_clip_val': 0.30702523813955784, 'hidden_size': 50, 'dropout': 0.43760724512805227, 'hidden_continuous_size': 22, 'attention_head_size': 1, 'learning_rate': 0.0009735848205926215}. Best is trial 0 with value: 0.060184407979249954.
[I 2023-12-26 15:39:32,291] Trial 21 finished with value: 2.196502208709717 and parameters: {'gradient_clip_val': 0.34845777055780525, 'hidden_size': 135, 'dropout': 0.38056945346432836, 'hidden_continuous_size': 42, 'attention_head_size': 3, 'learning_rate': 0.09681033488918894}. Best is trial 0 with value: 0.060184407979249954.
[I 2023-12-26 15:39:42,182] Trial 22 finished with value: 2.9685094356536865 and parameters: {'gradient_clip_val': 0.40348921401334875, 'hidden_size': 149, 'dropout': 0.391214877040017, 'hidden_continuous_size': 39, 'attention_head_size': 3, 'learning_rate': 0.09147621183699316}. Best is trial 0 with value: 0.060184407979249954.
[I 2023-12-26 15:39:47,527] Trial 23 finished with value: 3.9666051864624023 and parameters: {'gradient_clip_val': 0.3201148141742511, 'hidden_size': 75, 'dropout': 0.3376573303066319, 'hidden_continuous_size': 25, 'attention_head_size': 4, 'learning_rate': 0.055875303472572614}. Best is trial 0 with value: 0.060184407979249954.
[I 2023-12-26 15:39:55,614] Trial 24 finished with value: 4.145163059234619 and parameters: {'gradient_clip_val': 0.509568019254719, 'hidden_size': 116, 'dropout': 0.36161918261454434, 'hidden_continuous_size': 41, 'attention_head_size': 3, 'learning_rate': 0.025966593845550143}. Best is trial 0 with value: 0.060184407979249954.
[I 2023-12-26 15:40:01,289] Trial 25 finished with value: 4.899653434753418 and parameters: {'gradient_clip_val': 0.6386062100960241, 'hidden_size': 84, 'dropout': 0.4118830094804932, 'hidden_continuous_size': 32, 'attention_head_size': 2, 'learning_rate': 0.05477619528913031}. Best is trial 0 with value: 0.060184407979249954.
[I 2023-12-26 15:40:10,754] Trial 26 finished with value: 3.477679491043091 and parameters: {'gradient_clip_val': 0.3730869451350434, 'hidden_size': 114, 'dropout': 0.31746258622332746, 'hidden_continuous_size': 58, 'attention_head_size': 3, 'learning_rate': 0.022730002261043446}. Best is trial 0 with value: 0.060184407979249954.
[I 2023-12-26 15:40:15,732] Trial 27 finished with value: 3.73883056640625 and parameters: {'gradient_clip_val': 0.45133940672766987, 'hidden_size': 63, 'dropout': 0.2754393202797958, 'hidden_continuous_size': 16, 'attention_head_size': 4, 'learning_rate': 0.061151845977024846}. Best is trial 0 with value: 0.060184407979249954.
[I 2023-12-26 15:40:25,316] Trial 28 finished with value: 3.4784963130950928 and parameters: {'gradient_clip_val': 0.31465590879965005, 'hidden_size': 126, 'dropout': 0.33441684004476285, 'hidden_continuous_size': 74, 'attention_head_size': 2, 'learning_rate': 0.04737986826200665}. Best is trial 0 with value: 0.060184407979249954.
[I 2023-12-26 15:40:33,501] Trial 29 finished with value: 3.9141509532928467 and parameters: {'gradient_clip_val': 0.2817574021523504, 'hidden_size': 95, 'dropout': 0.3026017428033493, 'hidden_continuous_size': 28, 'attention_head_size': 3, 'learning_rate': 0.0979632357413325}. Best is trial 0 with value: 0.060184407979249954.
[I 2023-12-26 15:40:41,971] Trial 30 finished with value: 4.097442626953125 and parameters: {'gradient_clip_val': 0.2408463999641176, 'hidden_size': 102, 'dropout': 0.3627293002586672, 'hidden_continuous_size': 34, 'attention_head_size': 3, 'learning_rate': 0.008692258807103372}. Best is trial 0 with value: 0.060184407979249954.
[I 2023-12-26 15:40:53,543] Trial 31 finished with value: 2.4805500507354736 and parameters: {'gradient_clip_val': 0.32825994435567163, 'hidden_size': 147, 'dropout': 0.3834563144226595, 'hidden_continuous_size': 44, 'attention_head_size': 3, 'learning_rate': 0.0670923750044431}. Best is trial 0 with value: 0.060184407979249954.
[I 2023-12-26 15:41:02,122] Trial 32 finished with value: 2.6932640075683594 and parameters: {'gradient_clip_val': 0.40283241406902537, 'hidden_size': 119, 'dropout': 0.3965282469535268, 'hidden_continuous_size': 35, 'attention_head_size': 3, 'learning_rate': 0.07334551213452038}. Best is trial 0 with value: 0.060184407979249954.
[I 2023-12-26 15:41:11,093] Trial 33 finished with value: 3.400263547897339 and parameters: {'gradient_clip_val': 0.4304181171353066, 'hidden_size': 112, 'dropout': 0.39485629034052505, 'hidden_continuous_size': 47, 'attention_head_size': 2, 'learning_rate': 0.07180896346988702}. Best is trial 0 with value: 0.060184407979249954.
[I 2023-12-26 15:41:16,793] Trial 34 finished with value: 3.8162662982940674 and parameters: {'gradient_clip_val': 0.3723464875897757, 'hidden_size': 84, 'dropout': 0.43813850158720347, 'hidden_continuous_size': 36, 'attention_head_size': 3, 'learning_rate': 0.09579739749385062}. Best is trial 0 with value: 0.060184407979249954.
[I 2023-12-26 15:41:25,345] Trial 35 finished with value: 3.353743553161621 and parameters: {'gradient_clip_val': 0.48716058659141254, 'hidden_size': 119, 'dropout': 0.34941871595990787, 'hidden_continuous_size': 46, 'attention_head_size': 2, 'learning_rate': 0.03054086414506419}. Best is trial 0 with value: 0.060184407979249954.
[I 2023-12-26 15:41:29,274] Trial 36 finished with value: 3.7154839038848877 and parameters: {'gradient_clip_val': 0.5676616269204002, 'hidden_size': 33, 'dropout': 0.41288915785384206, 'hidden_continuous_size': 24, 'attention_head_size': 3, 'learning_rate': 0.01707448418080019}. Best is trial 0 with value: 0.060184407979249954.
[I 2023-12-26 15:41:36,952] Trial 37 finished with value: 3.3369836807250977 and parameters: {'gradient_clip_val': 0.4792099260538057, 'hidden_size': 90, 'dropout': 0.3805707779669595, 'hidden_continuous_size': 35, 'attention_head_size': 2, 'learning_rate': 0.02060176501734206}. Best is trial 0 with value: 0.060184407979249954.
[I 2023-12-26 15:41:43,577] Trial 38 finished with value: 4.368022918701172 and parameters: {'gradient_clip_val': 0.4107814330565857, 'hidden_size': 69, 'dropout': 0.3976635745733304, 'hidden_continuous_size': 29, 'attention_head_size': 3, 'learning_rate': 0.011310343288940778}. Best is trial 0 with value: 0.060184407979249954.
[I 2023-12-26 15:41:53,902] Trial 39 finished with value: 3.952040433883667 and parameters: {'gradient_clip_val': 0.5489373826252996, 'hidden_size': 123, 'dropout': 0.3246204685078309, 'hidden_continuous_size': 49, 'attention_head_size': 4, 'learning_rate': 0.02724450335829205}. Best is trial 0 with value: 0.060184407979249954.
[I 2023-12-26 15:42:01,621] Trial 40 finished with value: 4.1637349128723145 and parameters: {'gradient_clip_val': 0.2704163140643678, 'hidden_size': 97, 'dropout': 0.4227027213249264, 'hidden_continuous_size': 37, 'attention_head_size': 2, 'learning_rate': 0.06404662797499414}. Best is trial 0 with value: 0.060184407979249954.
[I 2023-12-26 15:42:13,208] Trial 41 finished with value: 2.222055673599243 and parameters: {'gradient_clip_val': 0.3536346812439494, 'hidden_size': 145, 'dropout': 0.3647282099436511, 'hidden_continuous_size': 30, 'attention_head_size': 3, 'learning_rate': 0.042046125448221595}. Best is trial 0 with value: 0.060184407979249954.
[I 2023-12-26 15:42:23,722] Trial 42 finished with value: 3.755225896835327 and parameters: {'gradient_clip_val': 0.34833074311965895, 'hidden_size': 129, 'dropout': 0.36681598160939016, 'hidden_continuous_size': 33, 'attention_head_size': 3, 'learning_rate': 0.03892691724243838}. Best is trial 0 with value: 0.060184407979249954.
[I 2023-12-26 15:42:35,457] Trial 43 finished with value: 2.178948402404785 and parameters: {'gradient_clip_val': 0.4273181744080379, 'hidden_size': 146, 'dropout': 0.3406121228675859, 'hidden_continuous_size': 74, 'attention_head_size': 3, 'learning_rate': 0.07189368486925847}. Best is trial 0 with value: 0.060184407979249954.
[I 2023-12-26 15:42:46,882] Trial 44 finished with value: 3.05265212059021 and parameters: {'gradient_clip_val': 0.4520113448623291, 'hidden_size': 144, 'dropout': 0.34036096207546285, 'hidden_continuous_size': 74, 'attention_head_size': 3, 'learning_rate': 0.048555168302630076}. Best is trial 0 with value: 0.060184407979249954.
[I 2023-12-26 15:42:59,746] Trial 45 finished with value: 2.5637149810791016 and parameters: {'gradient_clip_val': 0.34534730598167457, 'hidden_size': 149, 'dropout': 0.32091695821080785, 'hidden_continuous_size': 71, 'attention_head_size': 3, 'learning_rate': 0.06881961105216447}. Best is trial 0 with value: 0.060184407979249954.
[I 2023-12-26 15:43:08,280] Trial 46 finished with value: 2.4376816749572754 and parameters: {'gradient_clip_val': 0.2887730465180562, 'hidden_size': 104, 'dropout': 0.3489311789052933, 'hidden_continuous_size': 41, 'attention_head_size': 4, 'learning_rate': 0.09981170915439265}. Best is trial 0 with value: 0.060184407979249954.
[I 2023-12-26 15:43:16,846] Trial 47 finished with value: 2.7144784927368164 and parameters: {'gradient_clip_val': 0.26810108975286223, 'hidden_size': 101, 'dropout': 0.349880634832862, 'hidden_continuous_size': 28, 'attention_head_size': 4, 'learning_rate': 0.09321327928943332}. Best is trial 0 with value: 0.060184407979249954.
[I 2023-12-26 15:43:23,756] Trial 48 finished with value: 3.364084243774414 and parameters: {'gradient_clip_val': 0.29093539654580713, 'hidden_size': 78, 'dropout': 0.3197973798978477, 'hidden_continuous_size': 22, 'attention_head_size': 4, 'learning_rate': 0.04128824810197883}. Best is trial 0 with value: 0.060184407979249954.
[I 2023-12-26 15:43:31,469] Trial 49 finished with value: 3.027878761291504 and parameters: {'gradient_clip_val': 0.3993470566311316, 'hidden_size': 93, 'dropout': 0.37035958459407264, 'hidden_continuous_size': 52, 'attention_head_size': 4, 'learning_rate': 0.0804232872419105}. Best is trial 0 with value: 0.060184407979249954.
[I 2023-12-26 15:43:31,641] A new study created in memory with name: no-name-c792310d-2950-48b5-991c-caf97f61d992
/home/le004/conda/anaconda3/envs/tsff_env/lib/python3.9/site-packages/lightning/fabric/plugins/environments/slurm.py:191: The `srun` command is available on your system but is not used. HINT: If your intention is to run Lightning on SLURM, prepend your python command with `srun` like so: srun python /home/le004/master_thesis/git/TSFusionForecast/code/ ...
[I 2023-12-26 15:49:09,006] Trial 0 finished with value: 0.05187442898750305 and parameters: {'gradient_clip_val': 0.14276923334841454, 'hidden_size': 38, 'dropout': 0.37188649124814377, 'hidden_continuous_size': 9, 'attention_head_size': 4, 'learning_rate': 0.004148664309569817}. Best is trial 0 with value: 0.05187442898750305.
[I 2023-12-26 15:49:16,274] Trial 1 finished with value: 3.0194320678710938 and parameters: {'gradient_clip_val': 0.7242661569113708, 'hidden_size': 85, 'dropout': 0.4727043704160083, 'hidden_continuous_size': 79, 'attention_head_size': 1, 'learning_rate': 0.010909241681720916}. Best is trial 0 with value: 0.05187442898750305.
[I 2023-12-26 15:49:18,697] Trial 2 finished with value: 3.9077870845794678 and parameters: {'gradient_clip_val': 0.835614429780487, 'hidden_size': 11, 'dropout': 0.1870983286427837, 'hidden_continuous_size': 7, 'attention_head_size': 1, 'learning_rate': 0.0628684631436621}. Best is trial 0 with value: 0.05187442898750305.
[I 2023-12-26 15:49:20,798] Trial 3 finished with value: 3.3527286052703857 and parameters: {'gradient_clip_val': 0.2411622610985697, 'hidden_size': 6, 'dropout': 0.16083799075302216, 'hidden_continuous_size': 5, 'attention_head_size': 4, 'learning_rate': 0.001811184670883548}. Best is trial 0 with value: 0.05187442898750305.
[I 2023-12-26 15:49:25,993] Trial 4 finished with value: 3.997529983520508 and parameters: {'gradient_clip_val': 0.33538831125787755, 'hidden_size': 86, 'dropout': 0.3986312949749127, 'hidden_continuous_size': 9, 'attention_head_size': 3, 'learning_rate': 0.06338230132415741}. Best is trial 0 with value: 0.05187442898750305.
[I 2023-12-26 15:49:31,130] Trial 5 finished with value: 3.0094516277313232 and parameters: {'gradient_clip_val': 0.8690822753881415, 'hidden_size': 76, 'dropout': 0.22826516404164168, 'hidden_continuous_size': 17, 'attention_head_size': 3, 'learning_rate': 0.01810431366530699}. Best is trial 0 with value: 0.05187442898750305.
[I 2023-12-26 15:49:34,988] Trial 6 finished with value: 2.410027027130127 and parameters: {'gradient_clip_val': 0.20379365529994378, 'hidden_size': 70, 'dropout': 0.24003689612318127, 'hidden_continuous_size': 8, 'attention_head_size': 1, 'learning_rate': 0.0013623006733036655}. Best is trial 0 with value: 0.05187442898750305.
[I 2023-12-26 15:49:37,879] Trial 7 finished with value: 2.188513994216919 and parameters: {'gradient_clip_val': 0.16241798947146427, 'hidden_size': 43, 'dropout': 0.3258518108344465, 'hidden_continuous_size': 18, 'attention_head_size': 3, 'learning_rate': 0.055316308050770494}. Best is trial 0 with value: 0.05187442898750305.
[I 2023-12-26 15:49:40,583] Trial 8 finished with value: 3.1940605640411377 and parameters: {'gradient_clip_val': 0.13850785201695553, 'hidden_size': 39, 'dropout': 0.136218913234899, 'hidden_continuous_size': 6, 'attention_head_size': 3, 'learning_rate': 0.010175689529233062}. Best is trial 0 with value: 0.05187442898750305.
[I 2023-12-26 15:49:42,449] Trial 9 finished with value: 2.5742008686065674 and parameters: {'gradient_clip_val': 0.13098464843524824, 'hidden_size': 10, 'dropout': 0.4475028294633322, 'hidden_continuous_size': 10, 'attention_head_size': 2, 'learning_rate': 0.002621312958561535}. Best is trial 0 with value: 0.05187442898750305.
[I 2023-12-26 15:49:52,897] Trial 10 finished with value: 3.730945587158203 and parameters: {'gradient_clip_val': 0.31238993202809584, 'hidden_size': 150, 'dropout': 0.32958039443744713, 'hidden_continuous_size': 45, 'attention_head_size': 4, 'learning_rate': 0.0006906352083907891}. Best is trial 0 with value: 0.05187442898750305.
[I 2023-12-26 15:49:55,416] Trial 11 finished with value: 3.7689645290374756 and parameters: {'gradient_clip_val': 0.1085925263548378, 'hidden_size': 28, 'dropout': 0.33673372254104683, 'hidden_continuous_size': 13, 'attention_head_size': 4, 'learning_rate': 0.003497047975422282}. Best is trial 0 with value: 0.05187442898750305.
[I 2023-12-26 15:49:58,318] Trial 12 finished with value: 3.1558997631073 and parameters: {'gradient_clip_val': 0.1024308287370314, 'hidden_size': 34, 'dropout': 0.3780523749956423, 'hidden_continuous_size': 15, 'attention_head_size': 2, 'learning_rate': 0.01988697127439982}. Best is trial 0 with value: 0.05187442898750305.
[I 2023-12-26 15:50:00,613] Trial 13 finished with value: 3.245166540145874 and parameters: {'gradient_clip_val': 0.16503579713768263, 'hidden_size': 19, 'dropout': 0.2723409422325367, 'hidden_continuous_size': 11, 'attention_head_size': 4, 'learning_rate': 0.005651492812810652}. Best is trial 0 with value: 0.05187442898750305.
[I 2023-12-26 15:50:03,675] Trial 14 finished with value: 3.1806204319000244 and parameters: {'gradient_clip_val': 0.1746098463994475, 'hidden_size': 44, 'dropout': 0.29135298686406935, 'hidden_continuous_size': 19, 'attention_head_size': 3, 'learning_rate': 0.09423605426084984}. Best is trial 0 with value: 0.05187442898750305.
[I 2023-12-26 15:50:06,022] Trial 15 finished with value: 3.982337236404419 and parameters: {'gradient_clip_val': 0.13807731374455343, 'hidden_size': 20, 'dropout': 0.36653020072207665, 'hidden_continuous_size': 8, 'attention_head_size': 2, 'learning_rate': 0.026681007275629616}. Best is trial 0 with value: 0.05187442898750305.
[I 2023-12-26 15:50:09,994] Trial 16 finished with value: 3.7353363037109375 and parameters: {'gradient_clip_val': 0.23344461076194545, 'hidden_size': 50, 'dropout': 0.4175933699579623, 'hidden_continuous_size': 22, 'attention_head_size': 4, 'learning_rate': 0.005349994642833892}. Best is trial 0 with value: 0.05187442898750305.
[I 2023-12-26 15:50:12,290] Trial 17 finished with value: 3.1950976848602295 and parameters: {'gradient_clip_val': 0.10249700596520618, 'hidden_size': 21, 'dropout': 0.33262363242064524, 'hidden_continuous_size': 11, 'attention_head_size': 3, 'learning_rate': 0.02884377213891009}. Best is trial 0 with value: 0.05187442898750305.
[I 2023-12-26 15:50:14,840] Trial 18 finished with value: 3.123976945877075 and parameters: {'gradient_clip_val': 0.17390562846873853, 'hidden_size': 27, 'dropout': 0.42035326842668075, 'hidden_continuous_size': 5, 'attention_head_size': 4, 'learning_rate': 0.008227247848904893}. Best is trial 0 with value: 0.05187442898750305.
[I 2023-12-26 15:50:18,301] Trial 19 finished with value: 3.7181177139282227 and parameters: {'gradient_clip_val': 0.2725842154168025, 'hidden_size': 56, 'dropout': 0.49251193656151837, 'hidden_continuous_size': 23, 'attention_head_size': 3, 'learning_rate': 0.00398818946552038}. Best is trial 0 with value: 0.05187442898750305.
[I 2023-12-26 15:50:21,222] Trial 20 finished with value: 3.149963140487671 and parameters: {'gradient_clip_val': 0.3702785991702494, 'hidden_size': 36, 'dropout': 0.3636686276001473, 'hidden_continuous_size': 13, 'attention_head_size': 2, 'learning_rate': 0.04151959042211928}. Best is trial 0 with value: 0.05187442898750305.
[I 2023-12-26 15:50:26,352] Trial 21 finished with value: 3.365922212600708 and parameters: {'gradient_clip_val': 0.19914989664009367, 'hidden_size': 58, 'dropout': 0.24629537749367703, 'hidden_continuous_size': 7, 'attention_head_size': 1, 'learning_rate': 0.0018672996863068096}. Best is trial 0 with value: 0.05187442898750305.
[I 2023-12-26 15:50:31,820] Trial 22 finished with value: 3.1238038539886475 and parameters: {'gradient_clip_val': 0.1961927940845193, 'hidden_size': 62, 'dropout': 0.2853895390748576, 'hidden_continuous_size': 8, 'attention_head_size': 2, 'learning_rate': 0.0010001905626098697}. Best is trial 0 with value: 0.05187442898750305.
[I 2023-12-26 15:50:40,948] Trial 23 finished with value: 2.4817140102386475 and parameters: {'gradient_clip_val': 0.1464207943911815, 'hidden_size': 113, 'dropout': 0.3165310628612514, 'hidden_continuous_size': 29, 'attention_head_size': 1, 'learning_rate': 0.0012748258093024795}. Best is trial 0 with value: 0.05187442898750305.
[I 2023-12-26 15:50:45,208] Trial 24 finished with value: 2.442992687225342 and parameters: {'gradient_clip_val': 0.1248708668360167, 'hidden_size': 45, 'dropout': 0.10007178277230874, 'hidden_continuous_size': 10, 'attention_head_size': 3, 'learning_rate': 0.0006243838658519285}. Best is trial 0 with value: 0.05187442898750305.
[I 2023-12-26 15:50:51,022] Trial 25 finished with value: 3.2215375900268555 and parameters: {'gradient_clip_val': 0.20364716043350936, 'hidden_size': 68, 'dropout': 0.25080027142255024, 'hidden_continuous_size': 13, 'attention_head_size': 2, 'learning_rate': 0.00260814677691591}. Best is trial 0 with value: 0.05187442898750305.
[I 2023-12-26 15:50:59,256] Trial 26 finished with value: 3.5108821392059326 and parameters: {'gradient_clip_val': 0.16756107231760578, 'hidden_size': 103, 'dropout': 0.2074430237353348, 'hidden_continuous_size': 6, 'attention_head_size': 4, 'learning_rate': 0.014677717730559935}. Best is trial 0 with value: 0.05187442898750305.
[I 2023-12-26 15:51:03,541] Trial 27 finished with value: 3.348137855529785 and parameters: {'gradient_clip_val': 0.11809094899398728, 'hidden_size': 54, 'dropout': 0.305510646987532, 'hidden_continuous_size': 9, 'attention_head_size': 1, 'learning_rate': 0.00612571937431044}. Best is trial 0 with value: 0.05187442898750305.
[I 2023-12-26 15:51:06,550] Trial 28 finished with value: 2.6464784145355225 and parameters: {'gradient_clip_val': 0.15416211615599723, 'hidden_size': 36, 'dropout': 0.2618537108235562, 'hidden_continuous_size': 11, 'attention_head_size': 3, 'learning_rate': 0.008585371739320984}. Best is trial 0 with value: 0.05187442898750305.
[I 2023-12-26 15:51:12,580] Trial 29 finished with value: 3.5857133865356445 and parameters: {'gradient_clip_val': 0.4356368667649015, 'hidden_size': 83, 'dropout': 0.29584723511353755, 'hidden_continuous_size': 15, 'attention_head_size': 1, 'learning_rate': 0.01064628245158491}. Best is trial 0 with value: 0.05187442898750305.
