[I 2023-12-26 12:52:03,310] Trial 32 finished with value: 83.86953735351562 and parameters: {'gradient_clip_val': 0.15747652747773985, 'hidden_size': 148, 'dropout': 0.219599865797468, 'hidden_continuous_size': 89, 'attention_head_size': 3, 'learning_rate': 0.038395639195062}. Best is trial 0 with value: 6.7343220710754395.
[I 2023-12-26 12:52:11,210] Trial 33 finished with value: 51.8107795715332 and parameters: {'gradient_clip_val': 0.15419322393350599, 'hidden_size': 115, 'dropout': 0.19564498331116678, 'hidden_continuous_size': 54, 'attention_head_size': 2, 'learning_rate': 0.021532998040280582}. Best is trial 0 with value: 6.7343220710754395.
[I 2023-12-26 12:52:18,555] Trial 34 finished with value: 50.129520416259766 and parameters: {'gradient_clip_val': 0.18572054821807332, 'hidden_size': 107, 'dropout': 0.17306702349829778, 'hidden_continuous_size': 44, 'attention_head_size': 4, 'learning_rate': 0.015419382954873535}. Best is trial 0 with value: 6.7343220710754395.
[I 2023-12-26 12:52:24,044] Trial 35 finished with value: 47.34844970703125 and parameters: {'gradient_clip_val': 0.22677307007522418, 'hidden_size': 80, 'dropout': 0.39133766302287365, 'hidden_continuous_size': 26, 'attention_head_size': 3, 'learning_rate': 0.06091984205651977}. Best is trial 0 with value: 6.7343220710754395.
[I 2023-12-26 12:52:29,133] Trial 36 finished with value: 66.48796081542969 and parameters: {'gradient_clip_val': 0.23896730893939874, 'hidden_size': 78, 'dropout': 0.39130868356849474, 'hidden_continuous_size': 26, 'attention_head_size': 2, 'learning_rate': 0.06453503203598243}. Best is trial 0 with value: 6.7343220710754395.
[I 2023-12-26 12:52:33,454] Trial 37 finished with value: 53.61503219604492 and parameters: {'gradient_clip_val': 0.2668857960640003, 'hidden_size': 61, 'dropout': 0.3539502998590106, 'hidden_continuous_size': 21, 'attention_head_size': 4, 'learning_rate': 0.04352992161160581}. Best is trial 0 with value: 6.7343220710754395.
[I 2023-12-26 12:52:36,670] Trial 38 finished with value: 60.49051284790039 and parameters: {'gradient_clip_val': 0.37267674649356997, 'hidden_size': 42, 'dropout': 0.26570188535172024, 'hidden_continuous_size': 18, 'attention_head_size': 2, 'learning_rate': 0.0669206257177277}. Best is trial 0 with value: 6.7343220710754395.
[I 2023-12-26 12:52:41,120] Trial 39 finished with value: 49.158355712890625 and parameters: {'gradient_clip_val': 0.22250268309874272, 'hidden_size': 66, 'dropout': 0.40323943592084305, 'hidden_continuous_size': 31, 'attention_head_size': 3, 'learning_rate': 0.05037977209682843}. Best is trial 0 with value: 6.7343220710754395.
[I 2023-12-26 12:52:46,888] Trial 40 finished with value: 48.251338958740234 and parameters: {'gradient_clip_val': 0.32301870637806895, 'hidden_size': 85, 'dropout': 0.29004589585392837, 'hidden_continuous_size': 31, 'attention_head_size': 1, 'learning_rate': 0.02912873545339557}. Best is trial 0 with value: 6.7343220710754395.
[I 2023-12-26 12:52:52,670] Trial 41 finished with value: 43.33109664916992 and parameters: {'gradient_clip_val': 0.32210078771317924, 'hidden_size': 88, 'dropout': 0.29401747828789654, 'hidden_continuous_size': 33, 'attention_head_size': 1, 'learning_rate': 0.03091549673879254}. Best is trial 0 with value: 6.7343220710754395.
[I 2023-12-26 12:52:59,143] Trial 42 finished with value: 43.64427185058594 and parameters: {'gradient_clip_val': 0.45571558970111153, 'hidden_size': 99, 'dropout': 0.31575404274535157, 'hidden_continuous_size': 24, 'attention_head_size': 1, 'learning_rate': 0.037995578412766094}. Best is trial 0 with value: 6.7343220710754395.
[I 2023-12-26 12:53:05,745] Trial 43 finished with value: 64.57498168945312 and parameters: {'gradient_clip_val': 0.4290562687066958, 'hidden_size': 100, 'dropout': 0.30637646191385437, 'hidden_continuous_size': 37, 'attention_head_size': 1, 'learning_rate': 0.03458120068764093}. Best is trial 0 with value: 6.7343220710754395.
[I 2023-12-26 12:53:14,091] Trial 44 finished with value: 48.245418548583984 and parameters: {'gradient_clip_val': 0.4967228623398067, 'hidden_size': 123, 'dropout': 0.2626683926988088, 'hidden_continuous_size': 23, 'attention_head_size': 1, 'learning_rate': 0.04122470545170737}. Best is trial 0 with value: 6.7343220710754395.
[I 2023-12-26 12:53:17,828] Trial 45 finished with value: 72.50821685791016 and parameters: {'gradient_clip_val': 0.4180757624668802, 'hidden_size': 57, 'dropout': 0.3271108957917118, 'hidden_continuous_size': 19, 'attention_head_size': 1, 'learning_rate': 0.028470534596968747}. Best is trial 0 with value: 6.7343220710754395.
[I 2023-12-26 12:53:25,699] Trial 46 finished with value: 48.472137451171875 and parameters: {'gradient_clip_val': 0.3481752253854805, 'hidden_size': 121, 'dropout': 0.28465727838095506, 'hidden_continuous_size': 5, 'attention_head_size': 1, 'learning_rate': 0.04408482384135353}. Best is trial 0 with value: 6.7343220710754395.
[I 2023-12-26 12:53:30,544] Trial 47 finished with value: 52.928558349609375 and parameters: {'gradient_clip_val': 0.29978284644217534, 'hidden_size': 72, 'dropout': 0.3141601004423504, 'hidden_continuous_size': 23, 'attention_head_size': 1, 'learning_rate': 0.07729491806450542}. Best is trial 0 with value: 6.7343220710754395.
[I 2023-12-26 12:53:36,875] Trial 48 finished with value: 57.9635009765625 and parameters: {'gradient_clip_val': 0.388303044310223, 'hidden_size': 94, 'dropout': 0.3382307352247679, 'hidden_continuous_size': 33, 'attention_head_size': 1, 'learning_rate': 0.0060452401841353835}. Best is trial 0 with value: 6.7343220710754395.
[I 2023-12-26 12:53:40,121] Trial 49 finished with value: 45.19001770019531 and parameters: {'gradient_clip_val': 0.45944220640139183, 'hidden_size': 50, 'dropout': 0.2908516236452755, 'hidden_continuous_size': 28, 'attention_head_size': 1, 'learning_rate': 0.00955970943376358}. Best is trial 0 with value: 6.7343220710754395.
[I 2023-12-26 12:53:40,243] A new study created in memory with name: no-name-6194bddf-271a-46a0-96cd-5bb77d2b6289
/home/le004/conda/anaconda3/envs/tsff_env/lib/python3.9/site-packages/lightning/fabric/plugins/environments/slurm.py:191: The `srun` command is available on your system but is not used. HINT: If your intention is to run Lightning on SLURM, prepend your python command with `srun` like so: srun python /home/le004/master_thesis/git/TSFusionForecast/code/ ...
[I 2023-12-26 12:56:22,100] Trial 0 finished with value: 51.29671096801758 and parameters: {'gradient_clip_val': 0.6020695054151075, 'hidden_size': 12, 'dropout': 0.3578700211481177, 'hidden_continuous_size': 11, 'attention_head_size': 4, 'learning_rate': 0.007829228263480901}. Best is trial 0 with value: 51.29671096801758.
[I 2023-12-26 12:56:26,232] Trial 1 finished with value: 186.07159423828125 and parameters: {'gradient_clip_val': 0.18410304919902343, 'hidden_size': 62, 'dropout': 0.14993365033896888, 'hidden_continuous_size': 51, 'attention_head_size': 4, 'learning_rate': 0.02504994790152624}. Best is trial 0 with value: 51.29671096801758.
[I 2023-12-26 12:56:28,367] Trial 2 finished with value: 195.58192443847656 and parameters: {'gradient_clip_val': 0.22939067528269752, 'hidden_size': 20, 'dropout': 0.21250824192302775, 'hidden_continuous_size': 8, 'attention_head_size': 4, 'learning_rate': 0.002250340994528619}. Best is trial 0 with value: 51.29671096801758.
[I 2023-12-26 12:56:33,855] Trial 3 finished with value: 146.59774780273438 and parameters: {'gradient_clip_val': 0.12802227430015517, 'hidden_size': 86, 'dropout': 0.25449790630988445, 'hidden_continuous_size': 7, 'attention_head_size': 4, 'learning_rate': 0.07142418220967788}. Best is trial 0 with value: 51.29671096801758.
[I 2023-12-26 12:56:39,656] Trial 4 finished with value: 182.01133728027344 and parameters: {'gradient_clip_val': 0.5788096392061267, 'hidden_size': 96, 'dropout': 0.10206927677005995, 'hidden_continuous_size': 10, 'attention_head_size': 3, 'learning_rate': 0.041053521703884696}. Best is trial 0 with value: 51.29671096801758.
[I 2023-12-26 12:56:46,597] Trial 5 finished with value: 178.66448974609375 and parameters: {'gradient_clip_val': 0.12409735347106107, 'hidden_size': 109, 'dropout': 0.40066649841604973, 'hidden_continuous_size': 24, 'attention_head_size': 2, 'learning_rate': 0.005737530421806304}. Best is trial 0 with value: 51.29671096801758.
[I 2023-12-26 12:56:48,550] Trial 6 finished with value: 177.42510986328125 and parameters: {'gradient_clip_val': 0.2507821595644825, 'hidden_size': 7, 'dropout': 0.26631472628268993, 'hidden_continuous_size': 5, 'attention_head_size': 4, 'learning_rate': 0.0019855679405803932}. Best is trial 0 with value: 51.29671096801758.
[I 2023-12-26 12:56:51,006] Trial 7 finished with value: 213.794189453125 and parameters: {'gradient_clip_val': 0.2610061170436679, 'hidden_size': 32, 'dropout': 0.21254486437274267, 'hidden_continuous_size': 30, 'attention_head_size': 1, 'learning_rate': 0.007270141874336021}. Best is trial 0 with value: 51.29671096801758.
[I 2023-12-26 12:56:52,787] Trial 8 finished with value: 133.89683532714844 and parameters: {'gradient_clip_val': 0.23143821013668975, 'hidden_size': 8, 'dropout': 0.24341724507161674, 'hidden_continuous_size': 8, 'attention_head_size': 4, 'learning_rate': 0.012088163974342035}. Best is trial 0 with value: 51.29671096801758.
[I 2023-12-26 12:56:54,653] Trial 9 finished with value: 142.6345977783203 and parameters: {'gradient_clip_val': 0.13145388973120675, 'hidden_size': 9, 'dropout': 0.427145866145318, 'hidden_continuous_size': 9, 'attention_head_size': 4, 'learning_rate': 0.003172505893643278}. Best is trial 0 with value: 51.29671096801758.
[I 2023-12-26 12:56:56,404] Trial 10 finished with value: 175.15394592285156 and parameters: {'gradient_clip_val': 0.9212723550632944, 'hidden_size': 5, 'dropout': 0.33734783888337966, 'hidden_continuous_size': 5, 'attention_head_size': 3, 'learning_rate': 0.0005309463481442776}. Best is trial 0 with value: 51.29671096801758.
[I 2023-12-26 12:56:58,715] Trial 11 finished with value: 159.5482177734375 and parameters: {'gradient_clip_val': 0.41042004697949613, 'hidden_size': 12, 'dropout': 0.49332982033333883, 'hidden_continuous_size': 7, 'attention_head_size': 3, 'learning_rate': 0.015900823585945547}. Best is trial 0 with value: 51.29671096801758.
[I 2023-12-26 12:57:00,842] Trial 12 finished with value: 149.01356506347656 and parameters: {'gradient_clip_val': 0.3849272205873824, 'hidden_size': 15, 'dropout': 0.3274152871564737, 'hidden_continuous_size': 10, 'attention_head_size': 2, 'learning_rate': 0.01386343627016133}. Best is trial 0 with value: 51.29671096801758.
[I 2023-12-26 12:57:02,612] Trial 13 finished with value: 175.3472137451172 and parameters: {'gradient_clip_val': 0.5216343153559468, 'hidden_size': 5, 'dropout': 0.3194394414434294, 'hidden_continuous_size': 5, 'attention_head_size': 3, 'learning_rate': 0.010069952059133509}. Best is trial 0 with value: 51.29671096801758.
[I 2023-12-26 12:57:04,586] Trial 14 finished with value: 198.1536865234375 and parameters: {'gradient_clip_val': 0.3283489341122735, 'hidden_size': 10, 'dropout': 0.36812360733790295, 'hidden_continuous_size': 6, 'attention_head_size': 1, 'learning_rate': 0.02722116768671274}. Best is trial 0 with value: 51.29671096801758.
[I 2023-12-26 12:57:06,803] Trial 15 finished with value: 163.87442016601562 and parameters: {'gradient_clip_val': 0.9281487179201859, 'hidden_size': 19, 'dropout': 0.2687659711947317, 'hidden_continuous_size': 10, 'attention_head_size': 4, 'learning_rate': 0.005091112993502686}. Best is trial 0 with value: 51.29671096801758.
[I 2023-12-26 12:57:08,665] Trial 16 finished with value: 176.9318084716797 and parameters: {'gradient_clip_val': 0.17317122028326745, 'hidden_size': 8, 'dropout': 0.29815031169277867, 'hidden_continuous_size': 6, 'attention_head_size': 2, 'learning_rate': 0.0853779703411944}. Best is trial 0 with value: 51.29671096801758.
[I 2023-12-26 12:57:11,188] Trial 17 finished with value: 168.693115234375 and parameters: {'gradient_clip_val': 0.10049361211442182, 'hidden_size': 30, 'dropout': 0.378109467161869, 'hidden_continuous_size': 13, 'attention_head_size': 3, 'learning_rate': 0.013632132611332346}. Best is trial 0 with value: 51.29671096801758.
[I 2023-12-26 12:57:13,225] Trial 18 finished with value: 137.88671875 and parameters: {'gradient_clip_val': 0.6308637137226798, 'hidden_size': 12, 'dropout': 0.20809416708726267, 'hidden_continuous_size': 6, 'attention_head_size': 4, 'learning_rate': 0.009058128119238456}. Best is trial 0 with value: 51.29671096801758.
[I 2023-12-26 12:57:15,162] Trial 19 finished with value: 117.79583740234375 and parameters: {'gradient_clip_val': 0.3189846304519594, 'hidden_size': 7, 'dropout': 0.449647626547086, 'hidden_continuous_size': 5, 'attention_head_size': 3, 'learning_rate': 0.028643612367259645}. Best is trial 0 with value: 51.29671096801758.
[I 2023-12-26 12:57:17,082] Trial 20 finished with value: 211.1566619873047 and parameters: {'gradient_clip_val': 0.45246847246806643, 'hidden_size': 6, 'dropout': 0.4527370761755405, 'hidden_continuous_size': 5, 'attention_head_size': 3, 'learning_rate': 0.046901762741719824}. Best is trial 0 with value: 51.29671096801758.
[I 2023-12-26 12:57:18,980] Trial 21 finished with value: 164.79400634765625 and parameters: {'gradient_clip_val': 0.3113818438448001, 'hidden_size': 8, 'dropout': 0.45166126481674734, 'hidden_continuous_size': 5, 'attention_head_size': 4, 'learning_rate': 0.01907625267855825}. Best is trial 0 with value: 51.29671096801758.
[I 2023-12-26 12:57:20,890] Trial 22 finished with value: 201.1085968017578 and parameters: {'gradient_clip_val': 0.34621785931631954, 'hidden_size': 6, 'dropout': 0.36141560879371465, 'hidden_continuous_size': 5, 'attention_head_size': 3, 'learning_rate': 0.03236444273587949}. Best is trial 0 with value: 51.29671096801758.
[I 2023-12-26 12:57:23,165] Trial 23 finished with value: 140.5921630859375 and parameters: {'gradient_clip_val': 0.2904573638756456, 'hidden_size': 12, 'dropout': 0.4989529162532677, 'hidden_continuous_size': 6, 'attention_head_size': 4, 'learning_rate': 0.019943599089107825}. Best is trial 0 with value: 51.29671096801758.
[I 2023-12-26 12:57:25,001] Trial 24 finished with value: 216.0074462890625 and parameters: {'gradient_clip_val': 0.21680185911874655, 'hidden_size': 8, 'dropout': 0.39069672009045614, 'hidden_continuous_size': 5, 'attention_head_size': 2, 'learning_rate': 0.011820867362625533}. Best is trial 0 with value: 51.29671096801758.
[I 2023-12-26 12:57:26,908] Trial 25 finished with value: 164.1449432373047 and parameters: {'gradient_clip_val': 0.7065020344209842, 'hidden_size': 6, 'dropout': 0.4142741395424573, 'hidden_continuous_size': 5, 'attention_head_size': 3, 'learning_rate': 0.05283918802944873}. Best is trial 0 with value: 51.29671096801758.
[I 2023-12-26 12:57:28,958] Trial 26 finished with value: 262.3836364746094 and parameters: {'gradient_clip_val': 0.41161967829570917, 'hidden_size': 11, 'dropout': 0.4391018458855855, 'hidden_continuous_size': 7, 'attention_head_size': 4, 'learning_rate': 0.027646291995376583}. Best is trial 0 with value: 51.29671096801758.
[I 2023-12-26 12:57:31,082] Trial 27 finished with value: 166.25515747070312 and parameters: {'gradient_clip_val': 0.46571819932213954, 'hidden_size': 14, 'dropout': 0.3485361486669952, 'hidden_continuous_size': 8, 'attention_head_size': 4, 'learning_rate': 0.020102577646901428}. Best is trial 0 with value: 51.29671096801758.
[I 2023-12-26 12:57:33,068] Trial 28 finished with value: 170.2195587158203 and parameters: {'gradient_clip_val': 0.2810793139595957, 'hidden_size': 9, 'dropout': 0.3947696007336822, 'hidden_continuous_size': 6, 'attention_head_size': 3, 'learning_rate': 0.008632581120714114}. Best is trial 0 with value: 51.29671096801758.
[I 2023-12-26 12:57:34,837] Trial 29 finished with value: 212.9147186279297 and parameters: {'gradient_clip_val': 0.1792052360413251, 'hidden_size': 5, 'dropout': 0.47205464826438154, 'hidden_continuous_size': 5, 'attention_head_size': 4, 'learning_rate': 0.03549928823880565}. Best is trial 0 with value: 51.29671096801758.
[I 2023-12-26 12:57:37,706] Trial 30 finished with value: 88.7376937866211 and parameters: {'gradient_clip_val': 0.21296468543256053, 'hidden_size': 42, 'dropout': 0.41739210004029714, 'hidden_continuous_size': 13, 'attention_head_size': 2, 'learning_rate': 0.09947064530920109}. Best is trial 0 with value: 51.29671096801758.
[I 2023-12-26 12:57:40,611] Trial 31 finished with value: 191.31117248535156 and parameters: {'gradient_clip_val': 0.20790760031107802, 'hidden_size': 43, 'dropout': 0.41528445369703826, 'hidden_continuous_size': 13, 'attention_head_size': 2, 'learning_rate': 0.06857546191794485}. Best is trial 0 with value: 51.29671096801758.
[I 2023-12-26 12:57:51,056] Trial 32 finished with value: 135.7915496826172 and parameters: {'gradient_clip_val': 0.24927676264270013, 'hidden_size': 150, 'dropout': 0.4315493797867617, 'hidden_continuous_size': 106, 'attention_head_size': 1, 'learning_rate': 0.09946684883453791}. Best is trial 0 with value: 51.29671096801758.
[I 2023-12-26 12:57:53,224] Trial 33 finished with value: 165.1605682373047 and parameters: {'gradient_clip_val': 0.35723813206915983, 'hidden_size': 20, 'dropout': 0.3696575592124695, 'hidden_continuous_size': 11, 'attention_head_size': 2, 'learning_rate': 0.04457844765123154}. Best is trial 0 with value: 51.29671096801758.
[I 2023-12-26 12:57:55,510] Trial 34 finished with value: 172.947998046875 and parameters: {'gradient_clip_val': 0.20600368697568558, 'hidden_size': 17, 'dropout': 0.4726923768148154, 'hidden_continuous_size': 8, 'attention_head_size': 2, 'learning_rate': 0.02735898962549484}. Best is trial 0 with value: 51.29671096801758.
[I 2023-12-26 12:57:57,880] Trial 35 finished with value: 175.88087463378906 and parameters: {'gradient_clip_val': 0.30775874047470586, 'hidden_size': 23, 'dropout': 0.40478588898660883, 'hidden_continuous_size': 12, 'attention_head_size': 4, 'learning_rate': 0.07216204780649715}. Best is trial 0 with value: 51.29671096801758.
[I 2023-12-26 12:58:01,342] Trial 36 finished with value: 186.42356872558594 and parameters: {'gradient_clip_val': 0.2267361391469526, 'hidden_size': 54, 'dropout': 0.39253212876903504, 'hidden_continuous_size': 15, 'attention_head_size': 3, 'learning_rate': 0.05470283509973521}. Best is trial 0 with value: 51.29671096801758.
[I 2023-12-26 12:58:03,537] Trial 37 finished with value: 147.8873291015625 and parameters: {'gradient_clip_val': 0.26180075457002805, 'hidden_size': 24, 'dropout': 0.3524758647343093, 'hidden_continuous_size': 9, 'attention_head_size': 2, 'learning_rate': 0.03738863383344236}. Best is trial 0 with value: 51.29671096801758.
[I 2023-12-26 12:58:05,650] Trial 38 finished with value: 117.1912612915039 and parameters: {'gradient_clip_val': 0.16502510580912957, 'hidden_size': 15, 'dropout': 0.3009882446490382, 'hidden_continuous_size': 7, 'attention_head_size': 1, 'learning_rate': 0.021941359924280555}. Best is trial 0 with value: 51.29671096801758.
[I 2023-12-26 12:58:07,748] Trial 39 finished with value: 146.57542419433594 and parameters: {'gradient_clip_val': 0.16457985587446053, 'hidden_size': 15, 'dropout': 0.3190142509899619, 'hidden_continuous_size': 7, 'attention_head_size': 1, 'learning_rate': 0.06800242335417797}. Best is trial 0 with value: 51.29671096801758.
[I 2023-12-26 12:58:10,232] Trial 40 finished with value: 217.3405303955078 and parameters: {'gradient_clip_val': 0.15346179969442758, 'hidden_size': 29, 'dropout': 0.2975010721270507, 'hidden_continuous_size': 15, 'attention_head_size': 1, 'learning_rate': 0.022818970738171556}. Best is trial 0 with value: 51.29671096801758.
[I 2023-12-26 12:58:12,181] Trial 41 finished with value: 122.27642822265625 and parameters: {'gradient_clip_val': 0.1913619574604107, 'hidden_size': 10, 'dropout': 0.23582566431046537, 'hidden_continuous_size': 7, 'attention_head_size': 1, 'learning_rate': 0.014733539300688072}. Best is trial 0 with value: 51.29671096801758.
[I 2023-12-26 12:58:14,164] Trial 42 finished with value: 133.30760192871094 and parameters: {'gradient_clip_val': 0.18305913635987023, 'hidden_size': 10, 'dropout': 0.2778485089592069, 'hidden_continuous_size': 7, 'attention_head_size': 1, 'learning_rate': 0.01645366156565974}. Best is trial 0 with value: 51.29671096801758.
[I 2023-12-26 12:58:16,220] Trial 43 finished with value: 205.3966522216797 and parameters: {'gradient_clip_val': 0.20407282287822545, 'hidden_size': 14, 'dropout': 0.2377767705451247, 'hidden_continuous_size': 7, 'attention_head_size': 1, 'learning_rate': 0.03447993579544896}. Best is trial 0 with value: 51.29671096801758.
[I 2023-12-26 12:58:19,013] Trial 44 finished with value: 125.38357543945312 and parameters: {'gradient_clip_val': 0.14893149042699189, 'hidden_size': 38, 'dropout': 0.3307990922006203, 'hidden_continuous_size': 15, 'attention_head_size': 1, 'learning_rate': 0.023709303742564275}. Best is trial 0 with value: 51.29671096801758.
[I 2023-12-26 12:58:20,981] Trial 45 finished with value: 135.0795440673828 and parameters: {'gradient_clip_val': 0.23765084093978484, 'hidden_size': 10, 'dropout': 0.345474740006989, 'hidden_continuous_size': 6, 'attention_head_size': 1, 'learning_rate': 0.006614580434752986}. Best is trial 0 with value: 51.29671096801758.
[I 2023-12-26 12:58:23,275] Trial 46 finished with value: 121.42704010009766 and parameters: {'gradient_clip_val': 0.20447136762854656, 'hidden_size': 17, 'dropout': 0.3820598625256273, 'hidden_continuous_size': 9, 'attention_head_size': 2, 'learning_rate': 0.0109809205232755}. Best is trial 0 with value: 51.29671096801758.
