[I 2023-12-26 12:25:24,357] Trial 44 finished with value: 3.3678648471832275 and parameters: {'gradient_clip_val': 0.20546814221066503, 'hidden_size': 52, 'dropout': 0.19076007691240832, 'hidden_continuous_size': 24, 'attention_head_size': 1, 'learning_rate': 0.04314717562508474}. Best is trial 0 with value: 0.10480445623397827.
[I 2023-12-26 12:25:28,009] Trial 45 finished with value: 2.6576504707336426 and parameters: {'gradient_clip_val': 0.23055474423571592, 'hidden_size': 61, 'dropout': 0.13583610534343352, 'hidden_continuous_size': 19, 'attention_head_size': 4, 'learning_rate': 0.024500992474975034}. Best is trial 0 with value: 0.10480445623397827.
[I 2023-12-26 12:25:32,289] Trial 46 finished with value: 3.867436647415161 and parameters: {'gradient_clip_val': 0.18850612481376988, 'hidden_size': 76, 'dropout': 0.18687753237209812, 'hidden_continuous_size': 29, 'attention_head_size': 1, 'learning_rate': 0.05385083403369506}. Best is trial 0 with value: 0.10480445623397827.
[I 2023-12-26 12:25:35,142] Trial 47 finished with value: 2.8176910877227783 and parameters: {'gradient_clip_val': 0.13377787230388102, 'hidden_size': 45, 'dropout': 0.20649284551473185, 'hidden_continuous_size': 21, 'attention_head_size': 2, 'learning_rate': 0.034799822608621}. Best is trial 0 with value: 0.10480445623397827.
[I 2023-12-26 12:25:41,307] Trial 48 finished with value: 3.3692057132720947 and parameters: {'gradient_clip_val': 0.47022962001196866, 'hidden_size': 106, 'dropout': 0.22222126918771207, 'hidden_continuous_size': 6, 'attention_head_size': 3, 'learning_rate': 0.04567603413019145}. Best is trial 0 with value: 0.10480445623397827.
[I 2023-12-26 12:25:46,103] Trial 49 finished with value: 2.6216037273406982 and parameters: {'gradient_clip_val': 0.16707113009751992, 'hidden_size': 86, 'dropout': 0.17439178839934324, 'hidden_continuous_size': 5, 'attention_head_size': 2, 'learning_rate': 0.07198721356989078}. Best is trial 0 with value: 0.10480445623397827.
[I 2023-12-26 12:25:46,221] A new study created in memory with name: no-name-139db61f-1136-480d-941e-96ed891a67e1
/home/le004/conda/anaconda3/envs/tsff_env/lib/python3.9/site-packages/lightning/fabric/plugins/environments/slurm.py:191: The `srun` command is available on your system but is not used. HINT: If your intention is to run Lightning on SLURM, prepend your python command with `srun` like so: srun python /home/le004/master_thesis/git/TSFusionForecast/code/ ...
[I 2023-12-26 12:31:07,049] Trial 0 finished with value: 0.04934253171086311 and parameters: {'gradient_clip_val': 0.41962780434769464, 'hidden_size': 23, 'dropout': 0.2357683877988727, 'hidden_continuous_size': 7, 'attention_head_size': 2, 'learning_rate': 0.002775744493582992}. Best is trial 0 with value: 0.04934253171086311.
[I 2023-12-26 12:32:15,777] Trial 1 finished with value: 0.08494636416435242 and parameters: {'gradient_clip_val': 0.5921882192786531, 'hidden_size': 52, 'dropout': 0.23896577333199046, 'hidden_continuous_size': 11, 'attention_head_size': 4, 'learning_rate': 0.010805256811977495}. Best is trial 0 with value: 0.04934253171086311.
[I 2023-12-26 12:32:19,345] Trial 2 finished with value: 3.860410451889038 and parameters: {'gradient_clip_val': 0.5583504814003099, 'hidden_size': 52, 'dropout': 0.30238140811062136, 'hidden_continuous_size': 9, 'attention_head_size': 2, 'learning_rate': 0.062152112866504065}. Best is trial 0 with value: 0.04934253171086311.
[I 2023-12-26 12:32:21,272] Trial 3 finished with value: 3.98966383934021 and parameters: {'gradient_clip_val': 0.5290678602513488, 'hidden_size': 7, 'dropout': 0.4171917111244777, 'hidden_continuous_size': 5, 'attention_head_size': 4, 'learning_rate': 0.04458410985381971}. Best is trial 0 with value: 0.04934253171086311.
[I 2023-12-26 12:32:23,167] Trial 4 finished with value: 3.3360369205474854 and parameters: {'gradient_clip_val': 0.12922176092311477, 'hidden_size': 6, 'dropout': 0.17366114608370486, 'hidden_continuous_size': 5, 'attention_head_size': 3, 'learning_rate': 0.011010849977866305}. Best is trial 0 with value: 0.04934253171086311.
[I 2023-12-26 12:32:25,899] Trial 5 finished with value: 3.7546050548553467 and parameters: {'gradient_clip_val': 0.4947661988002695, 'hidden_size': 36, 'dropout': 0.4620576582902416, 'hidden_continuous_size': 25, 'attention_head_size': 3, 'learning_rate': 0.0006723838628678126}. Best is trial 0 with value: 0.04934253171086311.
[I 2023-12-26 12:32:27,870] Trial 6 finished with value: 4.362614631652832 and parameters: {'gradient_clip_val': 0.3078908613932091, 'hidden_size': 11, 'dropout': 0.4337564653378406, 'hidden_continuous_size': 6, 'attention_head_size': 1, 'learning_rate': 0.051122199392699304}. Best is trial 0 with value: 0.04934253171086311.
[I 2023-12-26 12:32:30,223] Trial 7 finished with value: 3.336299180984497 and parameters: {'gradient_clip_val': 0.7816660858356186, 'hidden_size': 26, 'dropout': 0.3102787283249964, 'hidden_continuous_size': 5, 'attention_head_size': 2, 'learning_rate': 0.005796163415952764}. Best is trial 0 with value: 0.04934253171086311.
[I 2023-12-26 12:32:35,775] Trial 8 finished with value: 3.5279541015625 and parameters: {'gradient_clip_val': 0.1022876617521836, 'hidden_size': 85, 'dropout': 0.32195608509739015, 'hidden_continuous_size': 24, 'attention_head_size': 4, 'learning_rate': 0.0005354287438726508}. Best is trial 0 with value: 0.04934253171086311.
[I 2023-12-26 12:32:37,473] Trial 9 finished with value: 3.9684293270111084 and parameters: {'gradient_clip_val': 0.41918628438420735, 'hidden_size': 5, 'dropout': 0.4172749918417009, 'hidden_continuous_size': 5, 'attention_head_size': 1, 'learning_rate': 0.05206050392630467}. Best is trial 0 with value: 0.04934253171086311.
[I 2023-12-26 12:32:48,536] Trial 10 finished with value: 3.9618685245513916 and parameters: {'gradient_clip_val': 0.9935486168901392, 'hidden_size': 149, 'dropout': 0.1261850931917859, 'hidden_continuous_size': 138, 'attention_head_size': 2, 'learning_rate': 0.0024017248704356186}. Best is trial 0 with value: 0.04934253171086311.
[I 2023-12-26 12:32:50,724] Trial 11 finished with value: 3.9909346103668213 and parameters: {'gradient_clip_val': 0.289389416592957, 'hidden_size': 19, 'dropout': 0.21774674156957824, 'hidden_continuous_size': 8, 'attention_head_size': 3, 'learning_rate': 0.010903254389164414}. Best is trial 0 with value: 0.04934253171086311.
[I 2023-12-26 12:32:52,850] Trial 12 finished with value: 3.630080461502075 and parameters: {'gradient_clip_val': 0.24045666983872913, 'hidden_size': 17, 'dropout': 0.23714269043677763, 'hidden_continuous_size': 8, 'attention_head_size': 4, 'learning_rate': 0.0033220578178416306}. Best is trial 0 with value: 0.04934253171086311.
[I 2023-12-26 12:32:55,899] Trial 13 finished with value: 3.45365834236145 and parameters: {'gradient_clip_val': 0.7345453192899657, 'hidden_size': 45, 'dropout': 0.2364352295161306, 'hidden_continuous_size': 12, 'attention_head_size': 2, 'learning_rate': 0.022399667779584506}. Best is trial 0 with value: 0.04934253171086311.
[I 2023-12-26 12:33:00,442] Trial 14 finished with value: 2.5768089294433594 and parameters: {'gradient_clip_val': 0.3829231601883801, 'hidden_size': 68, 'dropout': 0.11914163525100252, 'hidden_continuous_size': 12, 'attention_head_size': 3, 'learning_rate': 0.001722718827849355}. Best is trial 0 with value: 0.04934253171086311.
[I 2023-12-26 12:33:02,812] Trial 15 finished with value: 2.9930002689361572 and parameters: {'gradient_clip_val': 0.21563446549413423, 'hidden_size': 26, 'dropout': 0.25944095092125824, 'hidden_continuous_size': 7, 'attention_head_size': 1, 'learning_rate': 0.005720791351659401}. Best is trial 0 with value: 0.04934253171086311.
[I 2023-12-26 12:33:05,660] Trial 16 finished with value: 4.0322394371032715 and parameters: {'gradient_clip_val': 0.6437516831085268, 'hidden_size': 36, 'dropout': 0.16762498461756375, 'hidden_continuous_size': 10, 'attention_head_size': 4, 'learning_rate': 0.02014225475900804}. Best is trial 0 with value: 0.04934253171086311.
[I 2023-12-26 12:33:07,800] Trial 17 finished with value: 4.105982303619385 and parameters: {'gradient_clip_val': 0.4153084972679063, 'hidden_size': 14, 'dropout': 0.35458031422009123, 'hidden_continuous_size': 6, 'attention_head_size': 3, 'learning_rate': 0.0012751857536717425}. Best is trial 0 with value: 0.04934253171086311.
[I 2023-12-26 12:33:09,839] Trial 18 finished with value: 4.242522716522217 and parameters: {'gradient_clip_val': 0.6179571467611419, 'hidden_size': 10, 'dropout': 0.27280107848958196, 'hidden_continuous_size': 6, 'attention_head_size': 2, 'learning_rate': 0.00378527475811071}. Best is trial 0 with value: 0.04934253171086311.
[I 2023-12-26 12:33:12,077] Trial 19 finished with value: 4.387236595153809 and parameters: {'gradient_clip_val': 0.8850207086565599, 'hidden_size': 22, 'dropout': 0.2009950265881914, 'hidden_continuous_size': 7, 'attention_head_size': 1, 'learning_rate': 0.0013072097704726186}. Best is trial 0 with value: 0.04934253171086311.
[I 2023-12-26 12:33:14,759] Trial 20 finished with value: 4.833451747894287 and parameters: {'gradient_clip_val': 0.7120146523807459, 'hidden_size': 33, 'dropout': 0.27196033309523915, 'hidden_continuous_size': 10, 'attention_head_size': 4, 'learning_rate': 0.09817222293013521}. Best is trial 0 with value: 0.04934253171086311.
[I 2023-12-26 12:33:18,856] Trial 21 finished with value: 2.938966989517212 and parameters: {'gradient_clip_val': 0.4027735357606645, 'hidden_size': 63, 'dropout': 0.10452851755053066, 'hidden_continuous_size': 12, 'attention_head_size': 3, 'learning_rate': 0.001694013676553522}. Best is trial 0 with value: 0.04934253171086311.
[I 2023-12-26 12:33:23,984] Trial 22 finished with value: 5.065223217010498 and parameters: {'gradient_clip_val': 0.37360971897878514, 'hidden_size': 78, 'dropout': 0.16598129571548945, 'hidden_continuous_size': 17, 'attention_head_size': 3, 'learning_rate': 0.0031187962480342646}. Best is trial 0 with value: 0.04934253171086311.
[I 2023-12-26 12:33:27,287] Trial 23 finished with value: 4.238008499145508 and parameters: {'gradient_clip_val': 0.5461016290310431, 'hidden_size': 51, 'dropout': 0.1387183082612008, 'hidden_continuous_size': 13, 'attention_head_size': 2, 'learning_rate': 0.0017617814621511713}. Best is trial 0 with value: 0.04934253171086311.
[I 2023-12-26 12:33:32,337] Trial 24 finished with value: 4.47363805770874 and parameters: {'gradient_clip_val': 0.4731878703601253, 'hidden_size': 77, 'dropout': 0.19878008604837993, 'hidden_continuous_size': 16, 'attention_head_size': 4, 'learning_rate': 0.004620899031601524}. Best is trial 0 with value: 0.04934253171086311.
[I 2023-12-26 12:33:39,298] Trial 25 finished with value: 3.325498342514038 and parameters: {'gradient_clip_val': 0.35084740490035193, 'hidden_size': 106, 'dropout': 0.10335093970288506, 'hidden_continuous_size': 17, 'attention_head_size': 3, 'learning_rate': 0.006901879555615277}. Best is trial 0 with value: 0.04934253171086311.
[I 2023-12-26 12:33:42,459] Trial 26 finished with value: 4.0097222328186035 and parameters: {'gradient_clip_val': 0.6187421230337724, 'hidden_size': 43, 'dropout': 0.14839734617751488, 'hidden_continuous_size': 10, 'attention_head_size': 2, 'learning_rate': 0.0023900300809640736}. Best is trial 0 with value: 0.04934253171086311.
[I 2023-12-26 12:33:45,112] Trial 27 finished with value: 3.2522857189178467 and parameters: {'gradient_clip_val': 0.4393774191897398, 'hidden_size': 31, 'dropout': 0.20707238340181916, 'hidden_continuous_size': 9, 'attention_head_size': 3, 'learning_rate': 0.0008791776955140362}. Best is trial 0 with value: 0.04934253171086311.
[I 2023-12-26 12:33:48,973] Trial 28 finished with value: 3.7217884063720703 and parameters: {'gradient_clip_val': 0.3332918523414097, 'hidden_size': 60, 'dropout': 0.1818413190985324, 'hidden_continuous_size': 14, 'attention_head_size': 4, 'learning_rate': 0.008720822077617742}. Best is trial 0 with value: 0.04934253171086311.
[I 2023-12-26 12:33:52,463] Trial 29 finished with value: 2.6293859481811523 and parameters: {'gradient_clip_val': 0.5148884344924873, 'hidden_size': 55, 'dropout': 0.1335702083350339, 'hidden_continuous_size': 11, 'attention_head_size': 2, 'learning_rate': 0.0009526202923151542}. Best is trial 0 with value: 0.04934253171086311.
[I 2023-12-26 12:33:55,622] Trial 30 finished with value: 3.9163615703582764 and parameters: {'gradient_clip_val': 0.5682373974807932, 'hidden_size': 46, 'dropout': 0.23706071255611158, 'hidden_continuous_size': 9, 'attention_head_size': 3, 'learning_rate': 0.004497269207235918}. Best is trial 0 with value: 0.04934253171086311.
[I 2023-12-26 12:33:59,420] Trial 31 finished with value: 4.410712718963623 and parameters: {'gradient_clip_val': 0.4806050918595266, 'hidden_size': 59, 'dropout': 0.14554940053830695, 'hidden_continuous_size': 12, 'attention_head_size': 2, 'learning_rate': 0.0011340945039927874}. Best is trial 0 with value: 0.04934253171086311.
[I 2023-12-26 12:34:02,273] Trial 32 finished with value: 3.154752492904663 and parameters: {'gradient_clip_val': 0.49502276467458967, 'hidden_size': 40, 'dropout': 0.12626168209899452, 'hidden_continuous_size': 11, 'attention_head_size': 2, 'learning_rate': 0.0008330103086678925}. Best is trial 0 with value: 0.04934253171086311.
[I 2023-12-26 12:34:05,763] Trial 33 finished with value: 3.6800577640533447 and parameters: {'gradient_clip_val': 0.5547326954206507, 'hidden_size': 56, 'dropout': 0.1741052095166396, 'hidden_continuous_size': 14, 'attention_head_size': 2, 'learning_rate': 0.0020405693409994894}. Best is trial 0 with value: 0.04934253171086311.
[I 2023-12-26 12:34:08,171] Trial 34 finished with value: 2.501408815383911 and parameters: {'gradient_clip_val': 0.37796502833738327, 'hidden_size': 32, 'dropout': 0.10118523339037563, 'hidden_continuous_size': 11, 'attention_head_size': 1, 'learning_rate': 0.0026873942116484}. Best is trial 0 with value: 0.04934253171086311.
[I 2023-12-26 12:34:10,590] Trial 35 finished with value: 3.389055013656616 and parameters: {'gradient_clip_val': 0.3724861466870016, 'hidden_size': 27, 'dropout': 0.11094464555098014, 'hidden_continuous_size': 8, 'attention_head_size': 1, 'learning_rate': 0.0029909275857074123}. Best is trial 0 with value: 0.04934253171086311.
[I 2023-12-26 12:34:13,280] Trial 36 finished with value: 2.8996613025665283 and parameters: {'gradient_clip_val': 0.32127186240695244, 'hidden_size': 31, 'dropout': 0.15079162365448068, 'hidden_continuous_size': 9, 'attention_head_size': 1, 'learning_rate': 0.0014990180296165026}. Best is trial 0 with value: 0.04934253171086311.
[I 2023-12-26 12:34:15,624] Trial 37 finished with value: 4.738352298736572 and parameters: {'gradient_clip_val': 0.27557539952248034, 'hidden_size': 25, 'dropout': 0.1045933764415886, 'hidden_continuous_size': 10, 'attention_head_size': 1, 'learning_rate': 0.0022979001581983354}. Best is trial 0 with value: 0.04934253171086311.
[I 2023-12-26 12:34:18,804] Trial 38 finished with value: 2.991710662841797 and parameters: {'gradient_clip_val': 0.4490890060375845, 'hidden_size': 39, 'dropout': 0.18223908646148457, 'hidden_continuous_size': 7, 'attention_head_size': 4, 'learning_rate': 0.004519804995293145}. Best is trial 0 with value: 0.04934253171086311.
[I 2023-12-26 12:34:21,690] Trial 39 finished with value: 4.100451469421387 and parameters: {'gradient_clip_val': 0.3880117032677819, 'hidden_size': 35, 'dropout': 0.29592517232626625, 'hidden_continuous_size': 11, 'attention_head_size': 3, 'learning_rate': 0.0017874387921960645}. Best is trial 0 with value: 0.04934253171086311.
[I 2023-12-26 12:34:23,954] Trial 40 finished with value: 3.1734838485717773 and parameters: {'gradient_clip_val': 0.3524709180631559, 'hidden_size': 22, 'dropout': 0.15549118678748697, 'hidden_continuous_size': 9, 'attention_head_size': 1, 'learning_rate': 0.0027188244251674333}. Best is trial 0 with value: 0.04934253171086311.
[I 2023-12-26 12:34:27,243] Trial 41 finished with value: 4.00784158706665 and parameters: {'gradient_clip_val': 0.5134891915252939, 'hidden_size': 49, 'dropout': 0.1259360658918146, 'hidden_continuous_size': 15, 'attention_head_size': 2, 'learning_rate': 0.0005466876566033259}. Best is trial 0 with value: 0.04934253171086311.
[I 2023-12-26 12:34:31,588] Trial 42 finished with value: 3.5299854278564453 and parameters: {'gradient_clip_val': 0.43787291010208607, 'hidden_size': 68, 'dropout': 0.13599128612237626, 'hidden_continuous_size': 19, 'attention_head_size': 2, 'learning_rate': 0.0009695556080817341}. Best is trial 0 with value: 0.04934253171086311.
[I 2023-12-26 12:34:34,949] Trial 43 finished with value: 2.7951138019561768 and parameters: {'gradient_clip_val': 0.512477763758181, 'hidden_size': 50, 'dropout': 0.11642623800256288, 'hidden_continuous_size': 13, 'attention_head_size': 2, 'learning_rate': 0.0007004816023219625}. Best is trial 0 with value: 0.04934253171086311.
[I 2023-12-26 12:34:41,384] Trial 44 finished with value: 2.79670786857605 and parameters: {'gradient_clip_val': 0.4111250385289255, 'hidden_size': 98, 'dropout': 0.12227242410278369, 'hidden_continuous_size': 24, 'attention_head_size': 3, 'learning_rate': 0.0013407445923572547}. Best is trial 0 with value: 0.04934253171086311.
[I 2023-12-26 12:34:44,327] Trial 45 finished with value: 3.7964611053466797 and parameters: {'gradient_clip_val': 0.2950278408018148, 'hidden_size': 39, 'dropout': 0.18843936365442085, 'hidden_continuous_size': 11, 'attention_head_size': 1, 'learning_rate': 0.0010695633126357198}. Best is trial 0 with value: 0.04934253171086311.
[I 2023-12-26 12:34:48,944] Trial 46 finished with value: 4.1704535484313965 and parameters: {'gradient_clip_val': 0.5880221937553645, 'hidden_size': 70, 'dropout': 0.15813452151903792, 'hidden_continuous_size': 19, 'attention_head_size': 2, 'learning_rate': 0.001884669466618544}. Best is trial 0 with value: 0.04934253171086311.
[I 2023-12-26 12:34:52,482] Trial 47 finished with value: 2.6683237552642822 and parameters: {'gradient_clip_val': 0.6570867778776389, 'hidden_size': 55, 'dropout': 0.2186956241252742, 'hidden_continuous_size': 5, 'attention_head_size': 3, 'learning_rate': 0.002496598663450044}. Best is trial 0 with value: 0.04934253171086311.
[I 2023-12-26 12:34:55,503] Trial 48 finished with value: 3.761920690536499 and parameters: {'gradient_clip_val': 0.4436610021550828, 'hidden_size': 44, 'dropout': 0.136961365626719, 'hidden_continuous_size': 13, 'attention_head_size': 1, 'learning_rate': 0.0035933380400006033}. Best is trial 0 with value: 0.04934253171086311.
[I 2023-12-26 12:34:58,456] Trial 49 finished with value: 3.8202898502349854 and parameters: {'gradient_clip_val': 0.5183267865328908, 'hidden_size': 33, 'dropout': 0.16767797641134818, 'hidden_continuous_size': 11, 'attention_head_size': 4, 'learning_rate': 0.001524907849192061}. Best is trial 0 with value: 0.04934253171086311.
[I 2023-12-26 12:34:58,578] A new study created in memory with name: no-name-f9d3fa1f-c2fc-4d40-a145-0c20a828d83a
/home/le004/conda/anaconda3/envs/tsff_env/lib/python3.9/site-packages/lightning/fabric/plugins/environments/slurm.py:191: The `srun` command is available on your system but is not used. HINT: If your intention is to run Lightning on SLURM, prepend your python command with `srun` like so: srun python /home/le004/master_thesis/git/TSFusionForecast/code/ ...
[I 2023-12-26 12:44:01,236] Trial 0 finished with value: 0.04363909363746643 and parameters: {'gradient_clip_val': 0.38029712922945397, 'hidden_size': 41, 'dropout': 0.36300774277727244, 'hidden_continuous_size': 12, 'attention_head_size': 4, 'learning_rate': 0.0006023982556646251}. Best is trial 0 with value: 0.04363909363746643.
[I 2023-12-26 12:53:14,515] Trial 1 finished with value: 0.08993502706289291 and parameters: {'gradient_clip_val': 0.30968557585823925, 'hidden_size': 129, 'dropout': 0.30977697123984216, 'hidden_continuous_size': 105, 'attention_head_size': 4, 'learning_rate': 0.013885059653893292}. Best is trial 0 with value: 0.04363909363746643.
[I 2023-12-26 12:53:17,263] Trial 2 finished with value: 3.1499404907226562 and parameters: {'gradient_clip_val': 0.1390598480698906, 'hidden_size': 31, 'dropout': 0.1794473375713345, 'hidden_continuous_size': 5, 'attention_head_size': 2, 'learning_rate': 0.06359917076881147}. Best is trial 0 with value: 0.04363909363746643.
[I 2023-12-26 12:53:20,494] Trial 3 finished with value: 3.3757495880126953 and parameters: {'gradient_clip_val': 0.1027983522246425, 'hidden_size': 23, 'dropout': 0.11572789346105927, 'hidden_continuous_size': 18, 'attention_head_size': 1, 'learning_rate': 0.0124401279186182}. Best is trial 0 with value: 0.04363909363746643.
[I 2023-12-26 12:53:24,316] Trial 4 finished with value: 3.429967164993286 and parameters: {'gradient_clip_val': 0.20158689521041587, 'hidden_size': 50, 'dropout': 0.4994961041004845, 'hidden_continuous_size': 9, 'attention_head_size': 1, 'learning_rate': 0.011685248645041706}. Best is trial 0 with value: 0.04363909363746643.
[I 2023-12-26 12:53:26,100] Trial 5 finished with value: 3.202303647994995 and parameters: {'gradient_clip_val': 0.14887636611328536, 'hidden_size': 6, 'dropout': 0.332572993913244, 'hidden_continuous_size': 6, 'attention_head_size': 3, 'learning_rate': 0.00361675838408032}. Best is trial 0 with value: 0.04363909363746643.
[I 2023-12-26 12:53:29,498] Trial 6 finished with value: 4.355700969696045 and parameters: {'gradient_clip_val': 0.11234316376866346, 'hidden_size': 50, 'dropout': 0.4221874303924831, 'hidden_continuous_size': 15, 'attention_head_size': 1, 'learning_rate': 0.0016334667890947506}. Best is trial 0 with value: 0.04363909363746643.
