[I 2023-12-26 11:39:52,207] Trial 13 finished with value: 32.05802536010742 and parameters: {'gradient_clip_val': 0.5461682528450689, 'hidden_size': 83, 'dropout': 0.270122148298341, 'hidden_continuous_size': 80, 'attention_head_size': 4, 'learning_rate': 0.0022966658144331865}. Best is trial 0 with value: 15.349003791809082.
[I 2023-12-26 11:39:55,978] Trial 14 finished with value: 30.783945083618164 and parameters: {'gradient_clip_val': 0.23337942878791465, 'hidden_size': 45, 'dropout': 0.2273373306212276, 'hidden_continuous_size': 19, 'attention_head_size': 3, 'learning_rate': 0.012726739135796352}. Best is trial 0 with value: 15.349003791809082.
[I 2023-12-26 11:39:58,639] Trial 15 finished with value: 22.133092880249023 and parameters: {'gradient_clip_val': 0.3488663773718975, 'hidden_size': 37, 'dropout': 0.3073866011284574, 'hidden_continuous_size': 8, 'attention_head_size': 2, 'learning_rate': 0.015472403886411648}. Best is trial 0 with value: 15.349003791809082.
[I 2023-12-26 11:40:01,870] Trial 16 finished with value: 26.068445205688477 and parameters: {'gradient_clip_val': 0.38302078767507325, 'hidden_size': 34, 'dropout': 0.36533657870146236, 'hidden_continuous_size': 13, 'attention_head_size': 1, 'learning_rate': 0.003265203776317911}. Best is trial 0 with value: 15.349003791809082.
[I 2023-12-26 11:40:10,137] Trial 17 finished with value: 31.722837448120117 and parameters: {'gradient_clip_val': 0.6348005484331484, 'hidden_size': 100, 'dropout': 0.313609275654889, 'hidden_continuous_size': 35, 'attention_head_size': 2, 'learning_rate': 0.001207394805982235}. Best is trial 0 with value: 15.349003791809082.
[I 2023-12-26 11:40:22,126] Trial 18 finished with value: 27.564992904663086 and parameters: {'gradient_clip_val': 0.35774023123127013, 'hidden_size': 143, 'dropout': 0.39570581848939146, 'hidden_continuous_size': 136, 'attention_head_size': 1, 'learning_rate': 0.0041049607142643494}. Best is trial 0 with value: 15.349003791809082.
[I 2023-12-26 11:40:26,914] Trial 19 finished with value: 25.6669921875 and parameters: {'gradient_clip_val': 0.4394692152092792, 'hidden_size': 88, 'dropout': 0.22017527670034065, 'hidden_continuous_size': 18, 'attention_head_size': 2, 'learning_rate': 0.01859888521710916}. Best is trial 0 with value: 15.349003791809082.
[I 2023-12-26 11:40:29,351] Trial 20 finished with value: 24.129745483398438 and parameters: {'gradient_clip_val': 0.5866511904274441, 'hidden_size': 35, 'dropout': 0.33826243457928246, 'hidden_continuous_size': 7, 'attention_head_size': 1, 'learning_rate': 0.0011634885141114297}. Best is trial 0 with value: 15.349003791809082.
[I 2023-12-26 11:40:31,699] Trial 21 finished with value: 26.12928581237793 and parameters: {'gradient_clip_val': 0.6388329046095218, 'hidden_size': 33, 'dropout': 0.3190050484542189, 'hidden_continuous_size': 7, 'attention_head_size': 1, 'learning_rate': 0.0011525790692393312}. Best is trial 0 with value: 15.349003791809082.
[I 2023-12-26 11:40:35,948] Trial 22 finished with value: 34.4952507019043 and parameters: {'gradient_clip_val': 0.5430412882617833, 'hidden_size': 76, 'dropout': 0.30715919081730986, 'hidden_continuous_size': 8, 'attention_head_size': 1, 'learning_rate': 0.000631782421401215}. Best is trial 0 with value: 15.349003791809082.
[I 2023-12-26 11:40:38,561] Trial 23 finished with value: 26.54327392578125 and parameters: {'gradient_clip_val': 0.40954706970066324, 'hidden_size': 39, 'dropout': 0.3648919564737764, 'hidden_continuous_size': 11, 'attention_head_size': 2, 'learning_rate': 0.001016686055704721}. Best is trial 0 with value: 15.349003791809082.
[I 2023-12-26 11:40:42,482] Trial 24 finished with value: 27.886520385742188 and parameters: {'gradient_clip_val': 0.32360935655995876, 'hidden_size': 70, 'dropout': 0.3312017192461415, 'hidden_continuous_size': 7, 'attention_head_size': 1, 'learning_rate': 0.001970119589784581}. Best is trial 0 with value: 15.349003791809082.
[I 2023-12-26 11:40:44,744] Trial 25 finished with value: 26.856788635253906 and parameters: {'gradient_clip_val': 0.497583552162883, 'hidden_size': 26, 'dropout': 0.29273033353012806, 'hidden_continuous_size': 9, 'attention_head_size': 2, 'learning_rate': 0.002617717366461419}. Best is trial 0 with value: 15.349003791809082.
[I 2023-12-26 11:40:46,801] Trial 26 finished with value: 29.028352737426758 and parameters: {'gradient_clip_val': 0.3383833850552793, 'hidden_size': 18, 'dropout': 0.3926600406051077, 'hidden_continuous_size': 6, 'attention_head_size': 1, 'learning_rate': 0.00158424964065549}. Best is trial 0 with value: 15.349003791809082.
[I 2023-12-26 11:40:49,542] Trial 27 finished with value: 25.379343032836914 and parameters: {'gradient_clip_val': 0.648024013012144, 'hidden_size': 42, 'dropout': 0.341156274197067, 'hidden_continuous_size': 12, 'attention_head_size': 2, 'learning_rate': 0.00436776408875677}. Best is trial 0 with value: 15.349003791809082.
[I 2023-12-26 11:40:52,348] Trial 28 finished with value: 24.534780502319336 and parameters: {'gradient_clip_val': 0.40771685294811866, 'hidden_size': 34, 'dropout': 0.29104561522051514, 'hidden_continuous_size': 9, 'attention_head_size': 1, 'learning_rate': 0.0007370227634351527}. Best is trial 0 with value: 15.349003791809082.
[I 2023-12-26 11:40:55,056] Trial 29 finished with value: 27.777734756469727 and parameters: {'gradient_clip_val': 0.318214635948008, 'hidden_size': 20, 'dropout': 0.42818979440765725, 'hidden_continuous_size': 8, 'attention_head_size': 1, 'learning_rate': 0.0008954358236603306}. Best is trial 0 with value: 15.349003791809082.
[I 2023-12-26 11:41:03,249] Trial 30 finished with value: 30.07682228088379 and parameters: {'gradient_clip_val': 0.789361209331706, 'hidden_size': 105, 'dropout': 0.4962801100423173, 'hidden_continuous_size': 14, 'attention_head_size': 2, 'learning_rate': 0.0014268551630380014}. Best is trial 0 with value: 15.349003791809082.
[I 2023-12-26 11:41:05,461] Trial 31 finished with value: 23.33384132385254 and parameters: {'gradient_clip_val': 0.420425984321708, 'hidden_size': 32, 'dropout': 0.2884567346750866, 'hidden_continuous_size': 10, 'attention_head_size': 1, 'learning_rate': 0.0007697176559480668}. Best is trial 0 with value: 15.349003791809082.
[I 2023-12-26 11:41:07,862] Trial 32 finished with value: 30.821914672851562 and parameters: {'gradient_clip_val': 0.4638232491940957, 'hidden_size': 30, 'dropout': 0.33292075514306796, 'hidden_continuous_size': 11, 'attention_head_size': 1, 'learning_rate': 0.0006467808027085492}. Best is trial 0 with value: 15.349003791809082.
[I 2023-12-26 11:41:12,145] Trial 33 finished with value: 35.77243423461914 and parameters: {'gradient_clip_val': 0.3675011298291839, 'hidden_size': 66, 'dropout': 0.30502648033861, 'hidden_continuous_size': 16, 'attention_head_size': 1, 'learning_rate': 0.0005402333650001341}. Best is trial 0 with value: 15.349003791809082.
[I 2023-12-26 11:41:15,947] Trial 34 finished with value: 28.269363403320312 and parameters: {'gradient_clip_val': 0.4378730563825506, 'hidden_size': 44, 'dropout': 0.37636972086277887, 'hidden_continuous_size': 12, 'attention_head_size': 1, 'learning_rate': 0.0007651817104857267}. Best is trial 0 with value: 15.349003791809082.
[I 2023-12-26 11:41:18,800] Trial 35 finished with value: 30.897706985473633 and parameters: {'gradient_clip_val': 0.5368230353969015, 'hidden_size': 28, 'dropout': 0.3459341081008034, 'hidden_continuous_size': 10, 'attention_head_size': 3, 'learning_rate': 0.0013506322519910006}. Best is trial 0 with value: 15.349003791809082.
[I 2023-12-26 11:41:21,465] Trial 36 finished with value: 25.8023681640625 and parameters: {'gradient_clip_val': 0.29522639417067836, 'hidden_size': 22, 'dropout': 0.2946774365307801, 'hidden_continuous_size': 9, 'attention_head_size': 2, 'learning_rate': 0.000943431275647188}. Best is trial 0 with value: 15.349003791809082.
[I 2023-12-26 11:41:25,774] Trial 37 finished with value: 25.73248291015625 and parameters: {'gradient_clip_val': 0.3947493028363516, 'hidden_size': 56, 'dropout': 0.24973112232054312, 'hidden_continuous_size': 6, 'attention_head_size': 1, 'learning_rate': 0.0005294716770304619}. Best is trial 0 with value: 15.349003791809082.
[I 2023-12-26 11:41:28,142] Trial 38 finished with value: 27.91689109802246 and parameters: {'gradient_clip_val': 0.5057218300644488, 'hidden_size': 18, 'dropout': 0.3261244838025399, 'hidden_continuous_size': 7, 'attention_head_size': 1, 'learning_rate': 0.0024190073907298087}. Best is trial 0 with value: 15.349003791809082.
[I 2023-12-26 11:41:36,845] Trial 39 finished with value: 32.922035217285156 and parameters: {'gradient_clip_val': 0.45478931998041666, 'hidden_size': 125, 'dropout': 0.38134015925228487, 'hidden_continuous_size': 23, 'attention_head_size': 3, 'learning_rate': 0.0017002511639023596}. Best is trial 0 with value: 15.349003791809082.
[I 2023-12-26 11:41:39,929] Trial 40 finished with value: 27.31493377685547 and parameters: {'gradient_clip_val': 0.28659323513458757, 'hidden_size': 36, 'dropout': 0.4152642777377632, 'hidden_continuous_size': 13, 'attention_head_size': 2, 'learning_rate': 0.0009250967857035054}. Best is trial 0 with value: 15.349003791809082.
[I 2023-12-26 11:41:43,140] Trial 41 finished with value: 39.932044982910156 and parameters: {'gradient_clip_val': 0.4081803910070388, 'hidden_size': 31, 'dropout': 0.2874300038621217, 'hidden_continuous_size': 9, 'attention_head_size': 1, 'learning_rate': 0.000686419022700451}. Best is trial 0 with value: 15.349003791809082.
[I 2023-12-26 11:41:47,536] Trial 42 finished with value: 30.568662643432617 and parameters: {'gradient_clip_val': 0.36505742965429, 'hidden_size': 46, 'dropout': 0.31797931200880014, 'hidden_continuous_size': 10, 'attention_head_size': 1, 'learning_rate': 0.0008301562379995679}. Best is trial 0 with value: 15.349003791809082.
[I 2023-12-26 11:41:50,216] Trial 43 finished with value: 35.024452209472656 and parameters: {'gradient_clip_val': 0.41531050605459363, 'hidden_size': 26, 'dropout': 0.2830609646009628, 'hidden_continuous_size': 9, 'attention_head_size': 1, 'learning_rate': 0.0011670481690044612}. Best is trial 0 with value: 15.349003791809082.
[I 2023-12-26 11:41:53,080] Trial 44 finished with value: 25.842248916625977 and parameters: {'gradient_clip_val': 0.4708566676890092, 'hidden_size': 37, 'dropout': 0.35002239954395836, 'hidden_continuous_size': 8, 'attention_head_size': 1, 'learning_rate': 0.0014718039891154077}. Best is trial 0 with value: 15.349003791809082.
[I 2023-12-26 11:41:58,071] Trial 45 finished with value: 34.274471282958984 and parameters: {'gradient_clip_val': 0.5830631493685515, 'hidden_size': 60, 'dropout': 0.27558069819974074, 'hidden_continuous_size': 5, 'attention_head_size': 1, 'learning_rate': 0.000760335145588023}. Best is trial 0 with value: 15.349003791809082.
[I 2023-12-26 11:42:02,001] Trial 46 finished with value: 31.538183212280273 and parameters: {'gradient_clip_val': 0.34963500052801627, 'hidden_size': 51, 'dropout': 0.3052601551813452, 'hidden_continuous_size': 6, 'attention_head_size': 1, 'learning_rate': 0.005330295226431537}. Best is trial 0 with value: 15.349003791809082.
[I 2023-12-26 11:42:05,217] Trial 47 finished with value: 35.23788833618164 and parameters: {'gradient_clip_val': 0.5034979036047441, 'hidden_size': 49, 'dropout': 0.33830985482408216, 'hidden_continuous_size': 7, 'attention_head_size': 2, 'learning_rate': 0.0017989572912038424}. Best is trial 0 with value: 15.349003791809082.
[I 2023-12-26 11:42:08,688] Trial 48 finished with value: 30.046030044555664 and parameters: {'gradient_clip_val': 0.393532111973095, 'hidden_size': 42, 'dropout': 0.2461501215584884, 'hidden_continuous_size': 15, 'attention_head_size': 1, 'learning_rate': 0.002965428859310766}. Best is trial 0 with value: 15.349003791809082.
[I 2023-12-26 11:42:12,023] Trial 49 finished with value: 30.950302124023438 and parameters: {'gradient_clip_val': 0.43914021468236575, 'hidden_size': 34, 'dropout': 0.2713645389305078, 'hidden_continuous_size': 11, 'attention_head_size': 3, 'learning_rate': 0.002073980469419058}. Best is trial 0 with value: 15.349003791809082.
[I 2023-12-26 11:42:12,190] A new study created in memory with name: no-name-23b4bfb0-492b-422f-9670-3596e21fbb45
/home/le004/conda/anaconda3/envs/tsff_env/lib/python3.9/site-packages/lightning/fabric/plugins/environments/slurm.py:191: The `srun` command is available on your system but is not used. HINT: If your intention is to run Lightning on SLURM, prepend your python command with `srun` like so: srun python /home/le004/master_thesis/git/TSFusionForecast/code/ ...
[I 2023-12-26 11:46:20,868] Trial 0 finished with value: 112.5379409790039 and parameters: {'gradient_clip_val': 0.13720535187547236, 'hidden_size': 5, 'dropout': 0.3887466937937044, 'hidden_continuous_size': 5, 'attention_head_size': 3, 'learning_rate': 0.000895300510859272}. Best is trial 0 with value: 112.5379409790039.
[I 2023-12-26 11:50:54,796] Trial 1 finished with value: 123.70748138427734 and parameters: {'gradient_clip_val': 0.15102676885291852, 'hidden_size': 39, 'dropout': 0.11417011402367626, 'hidden_continuous_size': 6, 'attention_head_size': 3, 'learning_rate': 0.00260051235619706}. Best is trial 0 with value: 112.5379409790039.
[I 2023-12-26 11:50:57,883] Trial 2 finished with value: 332.491455078125 and parameters: {'gradient_clip_val': 0.3156892744718023, 'hidden_size': 29, 'dropout': 0.33743803607943823, 'hidden_continuous_size': 18, 'attention_head_size': 1, 'learning_rate': 0.06688714066851503}. Best is trial 0 with value: 112.5379409790039.
[I 2023-12-26 11:51:03,754] Trial 3 finished with value: 234.5685577392578 and parameters: {'gradient_clip_val': 0.1610748308684937, 'hidden_size': 69, 'dropout': 0.2546118175222969, 'hidden_continuous_size': 14, 'attention_head_size': 2, 'learning_rate': 0.009003693532671045}. Best is trial 0 with value: 112.5379409790039.
[I 2023-12-26 11:51:07,025] Trial 4 finished with value: 403.4088439941406 and parameters: {'gradient_clip_val': 0.28868139585894914, 'hidden_size': 31, 'dropout': 0.37233266030885603, 'hidden_continuous_size': 18, 'attention_head_size': 2, 'learning_rate': 0.02257135729493135}. Best is trial 0 with value: 112.5379409790039.
[I 2023-12-26 11:51:09,372] Trial 5 finished with value: 345.1290588378906 and parameters: {'gradient_clip_val': 0.5120588611778738, 'hidden_size': 9, 'dropout': 0.11987047625988914, 'hidden_continuous_size': 8, 'attention_head_size': 3, 'learning_rate': 0.06899707061603398}. Best is trial 0 with value: 112.5379409790039.
[I 2023-12-26 11:51:12,149] Trial 6 finished with value: 231.1873016357422 and parameters: {'gradient_clip_val': 0.3059987601863518, 'hidden_size': 23, 'dropout': 0.3567428538280303, 'hidden_continuous_size': 7, 'attention_head_size': 4, 'learning_rate': 0.003389173068289367}. Best is trial 0 with value: 112.5379409790039.
[I 2023-12-26 11:51:18,310] Trial 7 finished with value: 417.0464782714844 and parameters: {'gradient_clip_val': 0.4563961222085284, 'hidden_size': 72, 'dropout': 0.23737182297574036, 'hidden_continuous_size': 72, 'attention_head_size': 4, 'learning_rate': 0.0007395690382844533}. Best is trial 0 with value: 112.5379409790039.
[I 2023-12-26 11:51:26,614] Trial 8 finished with value: 276.51568603515625 and parameters: {'gradient_clip_val': 0.18544421629795238, 'hidden_size': 99, 'dropout': 0.30734946843840844, 'hidden_continuous_size': 38, 'attention_head_size': 2, 'learning_rate': 0.08672752618280147}. Best is trial 0 with value: 112.5379409790039.
[I 2023-12-26 11:51:30,154] Trial 9 finished with value: 372.0039978027344 and parameters: {'gradient_clip_val': 0.15051628213495138, 'hidden_size': 35, 'dropout': 0.10150116357868613, 'hidden_continuous_size': 9, 'attention_head_size': 3, 'learning_rate': 0.000542169078167867}. Best is trial 0 with value: 112.5379409790039.
[I 2023-12-26 11:51:32,140] Trial 10 finished with value: 405.5342102050781 and parameters: {'gradient_clip_val': 0.1080865454796494, 'hidden_size': 5, 'dropout': 0.4814967467598745, 'hidden_continuous_size': 5, 'attention_head_size': 1, 'learning_rate': 0.001360893987340199}. Best is trial 0 with value: 112.5379409790039.
[I 2023-12-26 11:51:34,515] Trial 11 finished with value: 292.9808044433594 and parameters: {'gradient_clip_val': 0.9255473808837595, 'hidden_size': 12, 'dropout': 0.1687023073178196, 'hidden_continuous_size': 5, 'attention_head_size': 3, 'learning_rate': 0.001942465654747449}. Best is trial 0 with value: 112.5379409790039.
[I 2023-12-26 11:51:36,777] Trial 12 finished with value: 284.0570983886719 and parameters: {'gradient_clip_val': 0.10955472541776802, 'hidden_size': 6, 'dropout': 0.19542018964648603, 'hidden_continuous_size': 5, 'attention_head_size': 3, 'learning_rate': 0.0035115528318939745}. Best is trial 0 with value: 112.5379409790039.
[I 2023-12-26 11:51:39,381] Trial 13 finished with value: 307.8004455566406 and parameters: {'gradient_clip_val': 0.20677689266407234, 'hidden_size': 14, 'dropout': 0.4129628612129568, 'hidden_continuous_size': 6, 'attention_head_size': 4, 'learning_rate': 0.0011198959275073625}. Best is trial 0 with value: 112.5379409790039.
[I 2023-12-26 11:51:41,453] Trial 14 finished with value: 306.140625 and parameters: {'gradient_clip_val': 0.10164288270609939, 'hidden_size': 5, 'dropout': 0.272809352909039, 'hidden_continuous_size': 5, 'attention_head_size': 3, 'learning_rate': 0.0005669256793465585}. Best is trial 0 with value: 112.5379409790039.
[I 2023-12-26 11:51:44,295] Trial 15 finished with value: 284.82403564453125 and parameters: {'gradient_clip_val': 0.14866930846163717, 'hidden_size': 18, 'dropout': 0.20082331951720833, 'hidden_continuous_size': 6, 'attention_head_size': 2, 'learning_rate': 0.002802981496986875}. Best is trial 0 with value: 112.5379409790039.
[I 2023-12-26 11:51:46,694] Trial 16 finished with value: 450.309326171875 and parameters: {'gradient_clip_val': 0.2208748751156301, 'hidden_size': 9, 'dropout': 0.2942349909173509, 'hidden_continuous_size': 5, 'attention_head_size': 4, 'learning_rate': 0.00116149759665196}. Best is trial 0 with value: 112.5379409790039.
[I 2023-12-26 11:51:50,746] Trial 17 finished with value: 379.3458251953125 and parameters: {'gradient_clip_val': 0.1298774869126449, 'hidden_size': 45, 'dropout': 0.14906196752537465, 'hidden_continuous_size': 9, 'attention_head_size': 3, 'learning_rate': 0.006381443296319395}. Best is trial 0 with value: 112.5379409790039.
[I 2023-12-26 11:51:53,469] Trial 18 finished with value: 210.21424865722656 and parameters: {'gradient_clip_val': 0.1267459852169409, 'hidden_size': 22, 'dropout': 0.4152446652944295, 'hidden_continuous_size': 6, 'attention_head_size': 2, 'learning_rate': 0.0018492455653411008}. Best is trial 0 with value: 112.5379409790039.
[I 2023-12-26 11:52:04,000] Trial 19 finished with value: 448.6888427734375 and parameters: {'gradient_clip_val': 0.22787846391052832, 'hidden_size': 132, 'dropout': 0.20831946559769737, 'hidden_continuous_size': 10, 'attention_head_size': 4, 'learning_rate': 0.0007856332914558318}. Best is trial 0 with value: 112.5379409790039.
[I 2023-12-26 11:52:08,273] Trial 20 finished with value: 385.5250549316406 and parameters: {'gradient_clip_val': 0.17643371900047, 'hidden_size': 47, 'dropout': 0.23895155132462398, 'hidden_continuous_size': 11, 'attention_head_size': 3, 'learning_rate': 0.0009715193688304145}. Best is trial 0 with value: 112.5379409790039.
[I 2023-12-26 11:52:10,927] Trial 21 finished with value: 448.7092590332031 and parameters: {'gradient_clip_val': 0.13330043404815456, 'hidden_size': 21, 'dropout': 0.40600745680449557, 'hidden_continuous_size': 6, 'attention_head_size': 2, 'learning_rate': 0.001804701238966803}. Best is trial 0 with value: 112.5379409790039.
[I 2023-12-26 11:52:13,422] Trial 22 finished with value: 321.4672546386719 and parameters: {'gradient_clip_val': 0.12714148658440527, 'hidden_size': 17, 'dropout': 0.45352577895626917, 'hidden_continuous_size': 6, 'attention_head_size': 1, 'learning_rate': 0.0018677095439111947}. Best is trial 0 with value: 112.5379409790039.
[I 2023-12-26 11:52:16,302] Trial 23 finished with value: 426.9057922363281 and parameters: {'gradient_clip_val': 0.12626989894306645, 'hidden_size': 25, 'dropout': 0.32881177177364845, 'hidden_continuous_size': 7, 'attention_head_size': 2, 'learning_rate': 0.002299283253692425}. Best is trial 0 with value: 112.5379409790039.
[I 2023-12-26 11:52:18,700] Trial 24 finished with value: 275.8450012207031 and parameters: {'gradient_clip_val': 0.17440400866231837, 'hidden_size': 9, 'dropout': 0.3790525404143895, 'hidden_continuous_size': 5, 'attention_head_size': 3, 'learning_rate': 0.004382922978497075}. Best is trial 0 with value: 112.5379409790039.
[I 2023-12-26 11:52:22,260] Trial 25 finished with value: 367.3877258300781 and parameters: {'gradient_clip_val': 0.10101685464470209, 'hidden_size': 40, 'dropout': 0.44169876520519247, 'hidden_continuous_size': 7, 'attention_head_size': 2, 'learning_rate': 0.0012932854116008315}. Best is trial 0 with value: 112.5379409790039.
[I 2023-12-26 11:52:24,619] Trial 26 finished with value: 291.35589599609375 and parameters: {'gradient_clip_val': 0.14693695434972995, 'hidden_size': 7, 'dropout': 0.3949127312153342, 'hidden_continuous_size': 5, 'attention_head_size': 3, 'learning_rate': 0.0016429093139924656}. Best is trial 0 with value: 112.5379409790039.
[I 2023-12-26 11:52:27,439] Trial 27 finished with value: 287.4723815917969 and parameters: {'gradient_clip_val': 0.1212476982970939, 'hidden_size': 14, 'dropout': 0.4959188535946303, 'hidden_continuous_size': 6, 'attention_head_size': 2, 'learning_rate': 0.0005030645305172645}. Best is trial 0 with value: 112.5379409790039.
