[I 2023-12-26 15:14:04,333] Trial 43 finished with value: 33.46787643432617 and parameters: {'gradient_clip_val': 0.30776892667880124, 'hidden_size': 103, 'dropout': 0.13224584897446007, 'hidden_continuous_size': 25, 'attention_head_size': 2, 'learning_rate': 0.06512336489934135}. Best is trial 0 with value: 8.092656135559082.
[I 2023-12-26 15:14:12,735] Trial 44 finished with value: 36.91273498535156 and parameters: {'gradient_clip_val': 0.5995114538739903, 'hidden_size': 123, 'dropout': 0.24078770863970933, 'hidden_continuous_size': 42, 'attention_head_size': 3, 'learning_rate': 0.030890910861779516}. Best is trial 0 with value: 8.092656135559082.
[I 2023-12-26 15:14:17,610] Trial 45 finished with value: 36.41764450073242 and parameters: {'gradient_clip_val': 0.28451547587560816, 'hidden_size': 70, 'dropout': 0.28122646920738803, 'hidden_continuous_size': 17, 'attention_head_size': 4, 'learning_rate': 0.01849181511847064}. Best is trial 0 with value: 8.092656135559082.
[I 2023-12-26 15:14:24,424] Trial 46 finished with value: 39.388370513916016 and parameters: {'gradient_clip_val': 0.4299472059110197, 'hidden_size': 98, 'dropout': 0.30270483600001385, 'hidden_continuous_size': 36, 'attention_head_size': 2, 'learning_rate': 0.04117394500197387}. Best is trial 0 with value: 8.092656135559082.
[I 2023-12-26 15:14:30,292] Trial 47 finished with value: 42.253700256347656 and parameters: {'gradient_clip_val': 0.3293576329842379, 'hidden_size': 88, 'dropout': 0.18601667703769575, 'hidden_continuous_size': 21, 'attention_head_size': 1, 'learning_rate': 0.011032466916870806}. Best is trial 0 with value: 8.092656135559082.
[I 2023-12-26 15:14:34,372] Trial 48 finished with value: 36.07120895385742 and parameters: {'gradient_clip_val': 0.4882352092903942, 'hidden_size': 52, 'dropout': 0.23858833598642737, 'hidden_continuous_size': 19, 'attention_head_size': 3, 'learning_rate': 0.025560389882379103}. Best is trial 0 with value: 8.092656135559082.
[I 2023-12-26 15:14:43,886] Trial 49 finished with value: 35.21402359008789 and parameters: {'gradient_clip_val': 0.38039422747968477, 'hidden_size': 127, 'dropout': 0.21392366802191512, 'hidden_continuous_size': 88, 'attention_head_size': 4, 'learning_rate': 0.054723194602181016}. Best is trial 0 with value: 8.092656135559082.
[I 2023-12-26 15:14:44,016] A new study created in memory with name: no-name-29cc3d2e-ffa9-4b0c-a529-bd35c35c0427
/home/le004/conda/anaconda3/envs/tsff_env/lib/python3.9/site-packages/lightning/fabric/plugins/environments/slurm.py:191: The `srun` command is available on your system but is not used. HINT: If your intention is to run Lightning on SLURM, prepend your python command with `srun` like so: srun python /home/le004/master_thesis/git/TSFusionForecast/code/ ...
[I 2023-12-26 15:17:41,698] Trial 0 finished with value: 14.308680534362793 and parameters: {'gradient_clip_val': 0.24295183521086214, 'hidden_size': 20, 'dropout': 0.10548462595611952, 'hidden_continuous_size': 5, 'attention_head_size': 4, 'learning_rate': 0.0026905766325577506}. Best is trial 0 with value: 14.308680534362793.
[I 2023-12-26 15:17:43,470] Trial 1 finished with value: 70.31873321533203 and parameters: {'gradient_clip_val': 0.2711081581485737, 'hidden_size': 5, 'dropout': 0.1639992286123973, 'hidden_continuous_size': 5, 'attention_head_size': 3, 'learning_rate': 0.02836528572420055}. Best is trial 0 with value: 14.308680534362793.
[I 2023-12-26 15:17:45,395] Trial 2 finished with value: 72.7608871459961 and parameters: {'gradient_clip_val': 0.295360886982898, 'hidden_size': 6, 'dropout': 0.4889239947483206, 'hidden_continuous_size': 5, 'attention_head_size': 4, 'learning_rate': 0.007708440376436587}. Best is trial 0 with value: 14.308680534362793.
[I 2023-12-26 15:17:47,580] Trial 3 finished with value: 65.19986724853516 and parameters: {'gradient_clip_val': 0.27553318247103864, 'hidden_size': 19, 'dropout': 0.1798691856725718, 'hidden_continuous_size': 8, 'attention_head_size': 3, 'learning_rate': 0.005497033010250602}. Best is trial 0 with value: 14.308680534362793.
[I 2023-12-26 15:17:53,174] Trial 4 finished with value: 63.78499221801758 and parameters: {'gradient_clip_val': 0.12537076598325803, 'hidden_size': 88, 'dropout': 0.4655202272190969, 'hidden_continuous_size': 5, 'attention_head_size': 2, 'learning_rate': 0.007285251564463579}. Best is trial 0 with value: 14.308680534362793.
[I 2023-12-26 15:17:54,947] Trial 5 finished with value: 69.03596496582031 and parameters: {'gradient_clip_val': 0.13573337931515717, 'hidden_size': 5, 'dropout': 0.36839736921475674, 'hidden_continuous_size': 5, 'attention_head_size': 3, 'learning_rate': 0.04014723300793885}. Best is trial 0 with value: 14.308680534362793.
[I 2023-12-26 15:17:57,327] Trial 6 finished with value: 94.90898895263672 and parameters: {'gradient_clip_val': 0.6621051567531693, 'hidden_size': 15, 'dropout': 0.29913801040267574, 'hidden_continuous_size': 9, 'attention_head_size': 3, 'learning_rate': 0.0034524812258296057}. Best is trial 0 with value: 14.308680534362793.
[I 2023-12-26 15:18:02,153] Trial 7 finished with value: 76.11862182617188 and parameters: {'gradient_clip_val': 0.18907857094926572, 'hidden_size': 71, 'dropout': 0.1072546682852968, 'hidden_continuous_size': 27, 'attention_head_size': 3, 'learning_rate': 0.0016768344758013685}. Best is trial 0 with value: 14.308680534362793.
[I 2023-12-26 15:18:04,594] Trial 8 finished with value: 86.5654525756836 and parameters: {'gradient_clip_val': 0.10659065300741072, 'hidden_size': 29, 'dropout': 0.20130688168105212, 'hidden_continuous_size': 7, 'attention_head_size': 1, 'learning_rate': 0.0009663969548170254}. Best is trial 0 with value: 14.308680534362793.
[I 2023-12-26 15:18:06,409] Trial 9 finished with value: 88.17401123046875 and parameters: {'gradient_clip_val': 0.4499876928591015, 'hidden_size': 9, 'dropout': 0.42695445111042896, 'hidden_continuous_size': 9, 'attention_head_size': 1, 'learning_rate': 0.04038350158284946}. Best is trial 0 with value: 14.308680534362793.
[I 2023-12-26 15:18:09,342] Trial 10 finished with value: 58.76826095581055 and parameters: {'gradient_clip_val': 0.7488168662988502, 'hidden_size': 41, 'dropout': 0.2669555854579798, 'hidden_continuous_size': 16, 'attention_head_size': 4, 'learning_rate': 0.0007028472112570963}. Best is trial 0 with value: 14.308680534362793.
[I 2023-12-26 15:18:12,183] Trial 11 finished with value: 94.02787017822266 and parameters: {'gradient_clip_val': 0.9403668017937038, 'hidden_size': 37, 'dropout': 0.26669667746870596, 'hidden_continuous_size': 17, 'attention_head_size': 4, 'learning_rate': 0.0006141129436617101}. Best is trial 0 with value: 14.308680534362793.
[I 2023-12-26 15:18:15,527] Trial 12 finished with value: 51.64046859741211 and parameters: {'gradient_clip_val': 0.45556649794339504, 'hidden_size': 45, 'dropout': 0.10339768858338763, 'hidden_continuous_size': 15, 'attention_head_size': 4, 'learning_rate': 0.0005450155709945362}. Best is trial 0 with value: 14.308680534362793.
[I 2023-12-26 15:18:24,004] Trial 13 finished with value: 75.94062042236328 and parameters: {'gradient_clip_val': 0.43347010126616925, 'hidden_size': 121, 'dropout': 0.11640155691438675, 'hidden_continuous_size': 66, 'attention_head_size': 4, 'learning_rate': 0.0017671627762001613}. Best is trial 0 with value: 14.308680534362793.
[I 2023-12-26 15:18:27,850] Trial 14 finished with value: 81.17852020263672 and parameters: {'gradient_clip_val': 0.19788851115002135, 'hidden_size': 58, 'dropout': 0.11292042488249981, 'hidden_continuous_size': 13, 'attention_head_size': 2, 'learning_rate': 0.0005059092391787522}. Best is trial 0 with value: 14.308680534362793.
[I 2023-12-26 15:18:30,049] Trial 15 finished with value: 74.899169921875 and parameters: {'gradient_clip_val': 0.4132319413923925, 'hidden_size': 19, 'dropout': 0.21542772280669173, 'hidden_continuous_size': 6, 'attention_head_size': 4, 'learning_rate': 0.001371773633567132}. Best is trial 0 with value: 14.308680534362793.
[I 2023-12-26 15:18:33,050] Trial 16 finished with value: 93.52689361572266 and parameters: {'gradient_clip_val': 0.35319843378493154, 'hidden_size': 48, 'dropout': 0.15469366740158577, 'hidden_continuous_size': 11, 'attention_head_size': 4, 'learning_rate': 0.0025572408479890016}. Best is trial 0 with value: 14.308680534362793.
[I 2023-12-26 15:18:35,534] Trial 17 finished with value: 61.527679443359375 and parameters: {'gradient_clip_val': 0.5552747436418841, 'hidden_size': 29, 'dropout': 0.22974521347488297, 'hidden_continuous_size': 7, 'attention_head_size': 2, 'learning_rate': 0.0009053463197383166}. Best is trial 0 with value: 14.308680534362793.
[I 2023-12-26 15:18:45,083] Trial 18 finished with value: 61.103939056396484 and parameters: {'gradient_clip_val': 0.20686769436829308, 'hidden_size': 146, 'dropout': 0.1478095424471658, 'hidden_continuous_size': 26, 'attention_head_size': 4, 'learning_rate': 0.0031568400158201483}. Best is trial 0 with value: 14.308680534362793.
[I 2023-12-26 15:18:47,243] Trial 19 finished with value: 78.96060943603516 and parameters: {'gradient_clip_val': 0.5147976367741113, 'hidden_size': 14, 'dropout': 0.13364066343831166, 'hidden_continuous_size': 6, 'attention_head_size': 3, 'learning_rate': 0.0012896861439234664}. Best is trial 0 with value: 14.308680534362793.
[I 2023-12-26 15:18:49,965] Trial 20 finished with value: 53.03998947143555 and parameters: {'gradient_clip_val': 0.3530294336563477, 'hidden_size': 34, 'dropout': 0.1816056235620377, 'hidden_continuous_size': 11, 'attention_head_size': 4, 'learning_rate': 0.0006184115783593922}. Best is trial 0 with value: 14.308680534362793.
[I 2023-12-26 15:18:52,758] Trial 21 finished with value: 91.32733154296875 and parameters: {'gradient_clip_val': 0.35451785106331357, 'hidden_size': 35, 'dropout': 0.10571535825392929, 'hidden_continuous_size': 11, 'attention_head_size': 4, 'learning_rate': 0.0005149008404540312}. Best is trial 0 with value: 14.308680534362793.
[I 2023-12-26 15:18:55,154] Trial 22 finished with value: 54.48591232299805 and parameters: {'gradient_clip_val': 0.33513746722892734, 'hidden_size': 25, 'dropout': 0.17630486997815709, 'hidden_continuous_size': 8, 'attention_head_size': 4, 'learning_rate': 0.0009621488899223548}. Best is trial 0 with value: 14.308680534362793.
[I 2023-12-26 15:18:58,879] Trial 23 finished with value: 59.47056198120117 and parameters: {'gradient_clip_val': 0.251990222301237, 'hidden_size': 54, 'dropout': 0.13858627222655118, 'hidden_continuous_size': 13, 'attention_head_size': 4, 'learning_rate': 0.0007927705536301201}. Best is trial 0 with value: 14.308680534362793.
[I 2023-12-26 15:19:01,784] Trial 24 finished with value: 47.88923263549805 and parameters: {'gradient_clip_val': 0.3813068072991682, 'hidden_size': 39, 'dropout': 0.10377482560732579, 'hidden_continuous_size': 10, 'attention_head_size': 3, 'learning_rate': 0.0005068424593165284}. Best is trial 0 with value: 14.308680534362793.
[I 2023-12-26 15:19:05,171] Trial 25 finished with value: 70.72801971435547 and parameters: {'gradient_clip_val': 0.5118975640833806, 'hidden_size': 47, 'dropout': 0.1354805100712521, 'hidden_continuous_size': 6, 'attention_head_size': 3, 'learning_rate': 0.0011801478225228295}. Best is trial 0 with value: 14.308680534362793.
[I 2023-12-26 15:19:10,523] Trial 26 finished with value: 68.53652954101562 and parameters: {'gradient_clip_val': 0.4080053030133667, 'hidden_size': 81, 'dropout': 0.1011398695078136, 'hidden_continuous_size': 22, 'attention_head_size': 3, 'learning_rate': 0.001965835902439776}. Best is trial 0 with value: 14.308680534362793.
[I 2023-12-26 15:19:12,843] Trial 27 finished with value: 62.743038177490234 and parameters: {'gradient_clip_val': 0.234404373487852, 'hidden_size': 23, 'dropout': 0.1464892516009234, 'hidden_continuous_size': 7, 'attention_head_size': 2, 'learning_rate': 0.0008325502279903285}. Best is trial 0 with value: 14.308680534362793.
[I 2023-12-26 15:19:15,941] Trial 28 finished with value: 90.68231201171875 and parameters: {'gradient_clip_val': 0.3039577605150741, 'hidden_size': 42, 'dropout': 0.1978711003994931, 'hidden_continuous_size': 9, 'attention_head_size': 3, 'learning_rate': 0.000512866738033898}. Best is trial 0 with value: 14.308680534362793.
[I 2023-12-26 15:19:19,971] Trial 29 finished with value: 70.10694122314453 and parameters: {'gradient_clip_val': 0.23635677411881945, 'hidden_size': 62, 'dropout': 0.1727826657939706, 'hidden_continuous_size': 5, 'attention_head_size': 3, 'learning_rate': 0.011533064245986505}. Best is trial 0 with value: 14.308680534362793.
[I 2023-12-26 15:19:22,732] Trial 30 finished with value: 80.9854965209961 and parameters: {'gradient_clip_val': 0.3168136223684675, 'hidden_size': 33, 'dropout': 0.1613967898949262, 'hidden_continuous_size': 10, 'attention_head_size': 2, 'learning_rate': 0.0020936772276177185}. Best is trial 0 with value: 14.308680534362793.
[I 2023-12-26 15:19:25,138] Trial 31 finished with value: 64.4435043334961 and parameters: {'gradient_clip_val': 0.38090415604982103, 'hidden_size': 32, 'dropout': 0.12596652015853815, 'hidden_continuous_size': 11, 'attention_head_size': 4, 'learning_rate': 0.000742026741046277}. Best is trial 0 with value: 14.308680534362793.
[I 2023-12-26 15:19:28,036] Trial 32 finished with value: 78.99333953857422 and parameters: {'gradient_clip_val': 0.2922960937880894, 'hidden_size': 41, 'dropout': 0.12884280998602857, 'hidden_continuous_size': 14, 'attention_head_size': 4, 'learning_rate': 0.0013958640907874079}. Best is trial 0 with value: 14.308680534362793.
[I 2023-12-26 15:19:30,503] Trial 33 finished with value: 62.43778991699219 and parameters: {'gradient_clip_val': 0.37039542176686957, 'hidden_size': 26, 'dropout': 0.10256867628753441, 'hidden_continuous_size': 10, 'attention_head_size': 4, 'learning_rate': 0.0006788657209694239}. Best is trial 0 with value: 14.308680534362793.
[I 2023-12-26 15:19:32,918] Trial 34 finished with value: 93.8738021850586 and parameters: {'gradient_clip_val': 0.2760942519139357, 'hidden_size': 22, 'dropout': 0.1748603398624261, 'hidden_continuous_size': 8, 'attention_head_size': 4, 'learning_rate': 0.0011392849022873429}. Best is trial 0 with value: 14.308680534362793.
[I 2023-12-26 15:19:37,453] Trial 35 finished with value: 70.1572265625 and parameters: {'gradient_clip_val': 0.4781637090533558, 'hidden_size': 49, 'dropout': 0.15556103684272848, 'hidden_continuous_size': 13, 'attention_head_size': 3, 'learning_rate': 0.09411593784698129}. Best is trial 0 with value: 14.308680534362793.
[I 2023-12-26 15:19:40,890] Trial 36 finished with value: 60.62734603881836 and parameters: {'gradient_clip_val': 0.39186012698431477, 'hidden_size': 35, 'dropout': 0.19146911320841817, 'hidden_continuous_size': 5, 'attention_head_size': 4, 'learning_rate': 0.004644754319964945}. Best is trial 0 with value: 14.308680534362793.
[I 2023-12-26 15:19:43,658] Trial 37 finished with value: 60.29696273803711 and parameters: {'gradient_clip_val': 0.3295262475362036, 'hidden_size': 19, 'dropout': 0.12541497785606726, 'hidden_continuous_size': 10, 'attention_head_size': 3, 'learning_rate': 0.0006433435652325192}. Best is trial 0 with value: 14.308680534362793.
[I 2023-12-26 15:19:48,943] Trial 38 finished with value: 73.46810150146484 and parameters: {'gradient_clip_val': 0.5877171411053901, 'hidden_size': 67, 'dropout': 0.10132478541363402, 'hidden_continuous_size': 20, 'attention_head_size': 4, 'learning_rate': 0.0010229473703283693}. Best is trial 0 with value: 14.308680534362793.
[I 2023-12-26 15:19:53,178] Trial 39 finished with value: 75.88325500488281 and parameters: {'gradient_clip_val': 0.2917861945706163, 'hidden_size': 52, 'dropout': 0.16640364788460565, 'hidden_continuous_size': 15, 'attention_head_size': 3, 'learning_rate': 0.0015181924236895186}. Best is trial 0 with value: 14.308680534362793.
[I 2023-12-26 15:19:56,490] Trial 40 finished with value: 65.6255874633789 and parameters: {'gradient_clip_val': 0.44170936180041565, 'hidden_size': 29, 'dropout': 0.14232912680041043, 'hidden_continuous_size': 12, 'attention_head_size': 4, 'learning_rate': 0.002327185652018412}. Best is trial 0 with value: 14.308680534362793.
[I 2023-12-26 15:19:59,595] Trial 41 finished with value: 72.71044158935547 and parameters: {'gradient_clip_val': 0.3369703118950642, 'hidden_size': 25, 'dropout': 0.18301519420076653, 'hidden_continuous_size': 8, 'attention_head_size': 4, 'learning_rate': 0.0009262972369803346}. Best is trial 0 with value: 14.308680534362793.
[I 2023-12-26 15:20:02,509] Trial 42 finished with value: 76.9260025024414 and parameters: {'gradient_clip_val': 0.32910719602377597, 'hidden_size': 40, 'dropout': 0.12208605804024653, 'hidden_continuous_size': 9, 'attention_head_size': 4, 'learning_rate': 0.0010244288759718291}. Best is trial 0 with value: 14.308680534362793.
[I 2023-12-26 15:20:04,556] Trial 43 finished with value: 72.35513305664062 and parameters: {'gradient_clip_val': 0.27030234146218124, 'hidden_size': 15, 'dropout': 0.16756310210890454, 'hidden_continuous_size': 8, 'attention_head_size': 1, 'learning_rate': 0.0006224258566637821}. Best is trial 0 with value: 14.308680534362793.
[I 2023-12-26 15:20:07,046] Trial 44 finished with value: 84.18205261230469 and parameters: {'gradient_clip_val': 0.47633884960297773, 'hidden_size': 29, 'dropout': 0.23882486289833255, 'hidden_continuous_size': 12, 'attention_head_size': 4, 'learning_rate': 0.0007839887160771185}. Best is trial 0 with value: 14.308680534362793.
[I 2023-12-26 15:20:09,414] Trial 45 finished with value: 78.34627532958984 and parameters: {'gradient_clip_val': 0.38883936369169375, 'hidden_size': 23, 'dropout': 0.18910896895417767, 'hidden_continuous_size': 9, 'attention_head_size': 4, 'learning_rate': 0.0015401215581231798}. Best is trial 0 with value: 14.308680534362793.
[I 2023-12-26 15:20:11,686] Trial 46 finished with value: 75.02214813232422 and parameters: {'gradient_clip_val': 0.17159882832486348, 'hidden_size': 13, 'dropout': 0.20531091785468567, 'hidden_continuous_size': 10, 'attention_head_size': 4, 'learning_rate': 0.0005331295851734202}. Best is trial 0 with value: 14.308680534362793.
[I 2023-12-26 15:20:14,506] Trial 47 finished with value: 65.61078643798828 and parameters: {'gradient_clip_val': 0.4362404139288539, 'hidden_size': 44, 'dropout': 0.14228063628573606, 'hidden_continuous_size': 15, 'attention_head_size': 3, 'learning_rate': 0.0006478743623135067}. Best is trial 0 with value: 14.308680534362793.
[I 2023-12-26 15:20:17,238] Trial 48 finished with value: 73.09501647949219 and parameters: {'gradient_clip_val': 0.357162304505243, 'hidden_size': 37, 'dropout': 0.11680003397593458, 'hidden_continuous_size': 7, 'attention_head_size': 4, 'learning_rate': 0.0011248726811805621}. Best is trial 0 with value: 14.308680534362793.
[I 2023-12-26 15:20:21,363] Trial 49 finished with value: 81.03021240234375 and parameters: {'gradient_clip_val': 0.32172939085010444, 'hidden_size': 57, 'dropout': 0.1567206471306233, 'hidden_continuous_size': 17, 'attention_head_size': 2, 'learning_rate': 0.0017459914492424788}. Best is trial 0 with value: 14.308680534362793.
[I 2023-12-26 15:20:21,483] A new study created in memory with name: no-name-d82aad8b-9b66-4b10-9ae8-a0e7482d98bc
/home/le004/conda/anaconda3/envs/tsff_env/lib/python3.9/site-packages/lightning/fabric/plugins/environments/slurm.py:191: The `srun` command is available on your system but is not used. HINT: If your intention is to run Lightning on SLURM, prepend your python command with `srun` like so: srun python /home/le004/master_thesis/git/TSFusionForecast/code/ ...
[I 2023-12-26 15:25:22,911] Trial 0 finished with value: 8.634915351867676 and parameters: {'gradient_clip_val': 0.4928762624660697, 'hidden_size': 15, 'dropout': 0.3785612040195693, 'hidden_continuous_size': 7, 'attention_head_size': 2, 'learning_rate': 0.0005171638160600875}. Best is trial 0 with value: 8.634915351867676.
[I 2023-12-26 15:28:05,432] Trial 1 finished with value: 10.747737884521484 and parameters: {'gradient_clip_val': 0.10810463388622758, 'hidden_size': 31, 'dropout': 0.388976234037093, 'hidden_continuous_size': 8, 'attention_head_size': 3, 'learning_rate': 0.013315031210660107}. Best is trial 0 with value: 8.634915351867676.
[I 2023-12-26 15:28:07,427] Trial 2 finished with value: 48.7769889831543 and parameters: {'gradient_clip_val': 0.9330049704218977, 'hidden_size': 7, 'dropout': 0.3914623332125211, 'hidden_continuous_size': 5, 'attention_head_size': 4, 'learning_rate': 0.08301283609723524}. Best is trial 0 with value: 8.634915351867676.
[I 2023-12-26 15:28:15,311] Trial 3 finished with value: 32.7215576171875 and parameters: {'gradient_clip_val': 0.4133327784429962, 'hidden_size': 107, 'dropout': 0.3234809907978926, 'hidden_continuous_size': 82, 'attention_head_size': 3, 'learning_rate': 0.005766336472457976}. Best is trial 0 with value: 8.634915351867676.
[I 2023-12-26 15:28:17,480] Trial 4 finished with value: 46.17680740356445 and parameters: {'gradient_clip_val': 0.5526667385976035, 'hidden_size': 18, 'dropout': 0.2423473076276669, 'hidden_continuous_size': 17, 'attention_head_size': 1, 'learning_rate': 0.01028178888080727}. Best is trial 0 with value: 8.634915351867676.
[I 2023-12-26 15:28:20,047] Trial 5 finished with value: 25.8708438873291 and parameters: {'gradient_clip_val': 0.1684219775062037, 'hidden_size': 31, 'dropout': 0.33640031957126093, 'hidden_continuous_size': 8, 'attention_head_size': 1, 'learning_rate': 0.024826548409893193}. Best is trial 0 with value: 8.634915351867676.
[I 2023-12-26 15:28:22,186] Trial 6 finished with value: 30.946401596069336 and parameters: {'gradient_clip_val': 0.9196837156047454, 'hidden_size': 6, 'dropout': 0.20246591813676, 'hidden_continuous_size': 5, 'attention_head_size': 4, 'learning_rate': 0.002258372160415707}. Best is trial 0 with value: 8.634915351867676.
