[I 2023-12-16 05:28:10,852] Trial 17 finished with value: 0.2301437109708786 and parameters: {'gradient_clip_val': 0.5105904119499103, 'hidden_size': 72, 'dropout': 0.11607651338643576, 'hidden_continuous_size': 25, 'attention_head_size': 2, 'learning_rate': 0.027183152521041264}. Best is trial 13 with value: 0.15877528488636017.
LOCAL_RANK: 0 - CUDA_VISIBLE_DEVICES: [0]
[I 2023-12-16 05:29:00,492] Trial 18 finished with value: 0.32841113209724426 and parameters: {'gradient_clip_val': 0.2358962575008596, 'hidden_size': 34, 'dropout': 0.27400551272029955, 'hidden_continuous_size': 9, 'attention_head_size': 2, 'learning_rate': 0.00984576693478028}. Best is trial 13 with value: 0.15877528488636017.
LOCAL_RANK: 0 - CUDA_VISIBLE_DEVICES: [0]
[I 2023-12-16 05:29:48,503] Trial 19 finished with value: 0.30712440609931946 and parameters: {'gradient_clip_val': 0.14275914157714795, 'hidden_size': 23, 'dropout': 0.3310604687172101, 'hidden_continuous_size': 7, 'attention_head_size': 1, 'learning_rate': 0.02068745542532451}. Best is trial 13 with value: 0.15877528488636017.
LOCAL_RANK: 0 - CUDA_VISIBLE_DEVICES: [0]
[I 2023-12-16 05:30:41,104] Trial 20 finished with value: 0.12657193839550018 and parameters: {'gradient_clip_val': 0.24472916126862415, 'hidden_size': 44, 'dropout': 0.24469027481626332, 'hidden_continuous_size': 13, 'attention_head_size': 4, 'learning_rate': 0.08878341451751451}. Best is trial 20 with value: 0.12657193839550018.
LOCAL_RANK: 0 - CUDA_VISIBLE_DEVICES: [0]
[I 2023-12-16 05:31:34,187] Trial 21 finished with value: 0.1380639225244522 and parameters: {'gradient_clip_val': 0.23836240960144403, 'hidden_size': 46, 'dropout': 0.24014210415928833, 'hidden_continuous_size': 12, 'attention_head_size': 4, 'learning_rate': 0.09641864037982491}. Best is trial 20 with value: 0.12657193839550018.
LOCAL_RANK: 0 - CUDA_VISIBLE_DEVICES: [0]
[I 2023-12-16 05:32:28,166] Trial 22 finished with value: 0.22441284358501434 and parameters: {'gradient_clip_val': 0.2386857711118265, 'hidden_size': 62, 'dropout': 0.24208130200817796, 'hidden_continuous_size': 12, 'attention_head_size': 4, 'learning_rate': 0.09635403853478337}. Best is trial 20 with value: 0.12657193839550018.
LOCAL_RANK: 0 - CUDA_VISIBLE_DEVICES: [0]
[I 2023-12-16 05:33:20,699] Trial 23 finished with value: 0.17956681549549103 and parameters: {'gradient_clip_val': 0.1874143064260592, 'hidden_size': 41, 'dropout': 0.24210080611912344, 'hidden_continuous_size': 12, 'attention_head_size': 3, 'learning_rate': 0.056882158425434474}. Best is trial 20 with value: 0.12657193839550018.
LOCAL_RANK: 0 - CUDA_VISIBLE_DEVICES: [0]
[I 2023-12-16 05:34:14,956] Trial 24 finished with value: 0.12870213389396667 and parameters: {'gradient_clip_val': 0.28497179987479154, 'hidden_size': 70, 'dropout': 0.2012881500202764, 'hidden_continuous_size': 15, 'attention_head_size': 4, 'learning_rate': 0.09422135358475191}. Best is trial 20 with value: 0.12657193839550018.
LOCAL_RANK: 0 - CUDA_VISIBLE_DEVICES: [0]
[I 2023-12-16 05:35:09,518] Trial 25 finished with value: 0.21316766738891602 and parameters: {'gradient_clip_val': 0.284313170132725, 'hidden_size': 73, 'dropout': 0.19152799913947685, 'hidden_continuous_size': 15, 'attention_head_size': 4, 'learning_rate': 0.09389750854716374}. Best is trial 20 with value: 0.12657193839550018.
LOCAL_RANK: 0 - CUDA_VISIBLE_DEVICES: [0]
[I 2023-12-16 05:36:04,177] Trial 26 finished with value: 0.28016266226768494 and parameters: {'gradient_clip_val': 0.22009815516245726, 'hidden_size': 92, 'dropout': 0.20085307596238497, 'hidden_continuous_size': 18, 'attention_head_size': 4, 'learning_rate': 0.04171939920357277}. Best is trial 20 with value: 0.12657193839550018.
LOCAL_RANK: 0 - CUDA_VISIBLE_DEVICES: [0]
[I 2023-12-16 05:36:58,183] Trial 27 finished with value: 0.08924563974142075 and parameters: {'gradient_clip_val': 0.2908431976991522, 'hidden_size': 60, 'dropout': 0.18715059225633374, 'hidden_continuous_size': 14, 'attention_head_size': 4, 'learning_rate': 0.06821770771180442}. Best is trial 27 with value: 0.08924563974142075.
LOCAL_RANK: 0 - CUDA_VISIBLE_DEVICES: [0]
[I 2023-12-16 05:37:52,189] Trial 28 finished with value: 0.13626694679260254 and parameters: {'gradient_clip_val': 0.31869983449765327, 'hidden_size': 62, 'dropout': 0.18140644145503618, 'hidden_continuous_size': 15, 'attention_head_size': 4, 'learning_rate': 0.0639361113119714}. Best is trial 27 with value: 0.08924563974142075.
LOCAL_RANK: 0 - CUDA_VISIBLE_DEVICES: [0]
[I 2023-12-16 05:38:44,551] Trial 29 finished with value: 0.18314020335674286 and parameters: {'gradient_clip_val': 0.2958401472925111, 'hidden_size': 38, 'dropout': 0.1785750641050658, 'hidden_continuous_size': 15, 'attention_head_size': 3, 'learning_rate': 0.03945435917297863}. Best is trial 27 with value: 0.08924563974142075.
LOCAL_RANK: 0 - CUDA_VISIBLE_DEVICES: [0]
[I 2023-12-16 05:39:39,374] Trial 30 finished with value: 0.10329029709100723 and parameters: {'gradient_clip_val': 0.31192013813590463, 'hidden_size': 80, 'dropout': 0.13402645994618295, 'hidden_continuous_size': 33, 'attention_head_size': 3, 'learning_rate': 0.06469250784221847}. Best is trial 27 with value: 0.08924563974142075.
LOCAL_RANK: 0 - CUDA_VISIBLE_DEVICES: [0]
[I 2023-12-16 05:40:35,025] Trial 31 finished with value: 0.1336420625448227 and parameters: {'gradient_clip_val': 0.3236271970745591, 'hidden_size': 81, 'dropout': 0.12001016517113963, 'hidden_continuous_size': 33, 'attention_head_size': 3, 'learning_rate': 0.06537161441795732}. Best is trial 27 with value: 0.08924563974142075.
LOCAL_RANK: 0 - CUDA_VISIBLE_DEVICES: [0]
[I 2023-12-16 05:41:29,274] Trial 32 finished with value: 0.14438994228839874 and parameters: {'gradient_clip_val': 0.27628736811219967, 'hidden_size': 59, 'dropout': 0.14182794876083837, 'hidden_continuous_size': 20, 'attention_head_size': 4, 'learning_rate': 0.07153977636228684}. Best is trial 27 with value: 0.08924563974142075.
LOCAL_RANK: 0 - CUDA_VISIBLE_DEVICES: [0]
[I 2023-12-16 05:42:25,060] Trial 33 finished with value: 0.1944480538368225 and parameters: {'gradient_clip_val': 0.417424485760555, 'hidden_size': 81, 'dropout': 0.16968856249947203, 'hidden_continuous_size': 37, 'attention_head_size': 3, 'learning_rate': 0.041130670604418954}. Best is trial 27 with value: 0.08924563974142075.
LOCAL_RANK: 0 - CUDA_VISIBLE_DEVICES: [0]
[I 2023-12-16 05:43:19,771] Trial 34 finished with value: 0.5051255822181702 and parameters: {'gradient_clip_val': 0.32858637938116725, 'hidden_size': 70, 'dropout': 0.15037339876325687, 'hidden_continuous_size': 21, 'attention_head_size': 4, 'learning_rate': 0.07520968816947418}. Best is trial 27 with value: 0.08924563974142075.
LOCAL_RANK: 0 - CUDA_VISIBLE_DEVICES: [0]
[I 2023-12-16 05:44:13,281] Trial 35 finished with value: 0.12912482023239136 and parameters: {'gradient_clip_val': 0.20798317058863341, 'hidden_size': 55, 'dropout': 0.16886629871566028, 'hidden_continuous_size': 18, 'attention_head_size': 3, 'learning_rate': 0.0334010617895835}. Best is trial 27 with value: 0.08924563974142075.
LOCAL_RANK: 0 - CUDA_VISIBLE_DEVICES: [0]
[I 2023-12-16 05:45:06,862] Trial 36 finished with value: 0.2583208978176117 and parameters: {'gradient_clip_val': 0.2472486702741553, 'hidden_size': 53, 'dropout': 0.1981737943805666, 'hidden_continuous_size': 13, 'attention_head_size': 4, 'learning_rate': 0.05245448364933263}. Best is trial 27 with value: 0.08924563974142075.
LOCAL_RANK: 0 - CUDA_VISIBLE_DEVICES: [0]
[I 2023-12-16 05:46:01,596] Trial 37 finished with value: 0.17668350040912628 and parameters: {'gradient_clip_val': 0.29070754889560774, 'hidden_size': 97, 'dropout': 0.13660444261720336, 'hidden_continuous_size': 11, 'attention_head_size': 3, 'learning_rate': 0.04989593918239633}. Best is trial 27 with value: 0.08924563974142075.
LOCAL_RANK: 0 - CUDA_VISIBLE_DEVICES: [0]
[I 2023-12-16 05:46:55,212] Trial 38 finished with value: 0.2669203579425812 and parameters: {'gradient_clip_val': 0.35208690994214265, 'hidden_size': 51, 'dropout': 0.10107886044510231, 'hidden_continuous_size': 10, 'attention_head_size': 3, 'learning_rate': 0.07903990231806107}. Best is trial 27 with value: 0.08924563974142075.
LOCAL_RANK: 0 - CUDA_VISIBLE_DEVICES: [0]
[I 2023-12-16 05:47:49,156] Trial 39 finished with value: 0.08618325740098953 and parameters: {'gradient_clip_val': 0.2596995736142311, 'hidden_size': 65, 'dropout': 0.1678239785516082, 'hidden_continuous_size': 15, 'attention_head_size': 4, 'learning_rate': 0.030753329541654613}. Best is trial 39 with value: 0.08618325740098953.
LOCAL_RANK: 0 - CUDA_VISIBLE_DEVICES: [0]
[I 2023-12-16 05:48:42,067] Trial 40 finished with value: 0.23674671351909637 and parameters: {'gradient_clip_val': 0.2590486329961492, 'hidden_size': 42, 'dropout': 0.15937074226342815, 'hidden_continuous_size': 11, 'attention_head_size': 4, 'learning_rate': 0.019559485493873128}. Best is trial 39 with value: 0.08618325740098953.
LOCAL_RANK: 0 - CUDA_VISIBLE_DEVICES: [0]
[I 2023-12-16 05:49:35,304] Trial 41 finished with value: 0.15140028297901154 and parameters: {'gradient_clip_val': 0.278341472667604, 'hidden_size': 68, 'dropout': 0.21171776788726918, 'hidden_continuous_size': 16, 'attention_head_size': 4, 'learning_rate': 0.07538909953641015}. Best is trial 39 with value: 0.08618325740098953.
LOCAL_RANK: 0 - CUDA_VISIBLE_DEVICES: [0]
[I 2023-12-16 05:50:29,607] Trial 42 finished with value: 0.13285325467586517 and parameters: {'gradient_clip_val': 0.20532366745275668, 'hidden_size': 62, 'dropout': 0.18726792643465606, 'hidden_continuous_size': 16, 'attention_head_size': 4, 'learning_rate': 0.03214780934992422}. Best is trial 39 with value: 0.08618325740098953.
LOCAL_RANK: 0 - CUDA_VISIBLE_DEVICES: [0]
[I 2023-12-16 05:51:24,529] Trial 43 finished with value: 0.28072479367256165 and parameters: {'gradient_clip_val': 0.4137151564216068, 'hidden_size': 81, 'dropout': 0.16397656970370578, 'hidden_continuous_size': 14, 'attention_head_size': 4, 'learning_rate': 0.05447163204550277}. Best is trial 39 with value: 0.08618325740098953.
LOCAL_RANK: 0 - CUDA_VISIBLE_DEVICES: [0]
[I 2023-12-16 05:52:18,156] Trial 44 finished with value: 0.1351630538702011 and parameters: {'gradient_clip_val': 0.25770985952508424, 'hidden_size': 50, 'dropout': 0.1771395469573397, 'hidden_continuous_size': 13, 'attention_head_size': 4, 'learning_rate': 0.07798522512193545}. Best is trial 39 with value: 0.08618325740098953.
LOCAL_RANK: 0 - CUDA_VISIBLE_DEVICES: [0]
[I 2023-12-16 05:53:13,389] Trial 45 finished with value: 0.1624903529882431 and parameters: {'gradient_clip_val': 0.30497192550480284, 'hidden_size': 85, 'dropout': 0.2022499508187012, 'hidden_continuous_size': 24, 'attention_head_size': 4, 'learning_rate': 0.0264613272462409}. Best is trial 39 with value: 0.08618325740098953.
LOCAL_RANK: 0 - CUDA_VISIBLE_DEVICES: [0]
[I 2023-12-16 05:54:09,368] Trial 46 finished with value: 0.15108822286128998 and parameters: {'gradient_clip_val': 0.34645058131807716, 'hidden_size': 99, 'dropout': 0.15103972166390478, 'hidden_continuous_size': 26, 'attention_head_size': 3, 'learning_rate': 0.0445778801640666}. Best is trial 39 with value: 0.08618325740098953.
LOCAL_RANK: 0 - CUDA_VISIBLE_DEVICES: [0]
[I 2023-12-16 05:55:02,395] Trial 47 finished with value: 0.3644382953643799 and parameters: {'gradient_clip_val': 0.26790338849198037, 'hidden_size': 56, 'dropout': 0.18915378542470535, 'hidden_continuous_size': 17, 'attention_head_size': 4, 'learning_rate': 0.09956667881276571}. Best is trial 39 with value: 0.08618325740098953.
LOCAL_RANK: 0 - CUDA_VISIBLE_DEVICES: [0]
[I 2023-12-16 05:55:57,032] Trial 48 finished with value: 0.4074231684207916 and parameters: {'gradient_clip_val': 0.3766771116865835, 'hidden_size': 69, 'dropout': 0.20854697116332374, 'hidden_continuous_size': 21, 'attention_head_size': 4, 'learning_rate': 0.03218998429512479}. Best is trial 39 with value: 0.08618325740098953.
LOCAL_RANK: 0 - CUDA_VISIBLE_DEVICES: [0]
[I 2023-12-16 05:56:48,494] Trial 49 finished with value: 0.4223695993423462 and parameters: {'gradient_clip_val': 0.3409657508720031, 'hidden_size': 37, 'dropout': 0.13654161064545237, 'hidden_continuous_size': 13, 'attention_head_size': 3, 'learning_rate': 0.060843104779412314}. Best is trial 39 with value: 0.08618325740098953.
[I 2023-12-16 05:56:48,586] A new study created in memory with name: no-name-02792436-dd37-48a4-a19a-8fa6111150fc
/home/le004/conda/anaconda3/envs/tsff_env/lib/python3.9/site-packages/lightning/fabric/plugins/environments/slurm.py:191: The `srun` command is available on your system but is not used. HINT: If your intention is to run Lightning on SLURM, prepend your python command with `srun` like so: srun python /home/le004/master_thesis/git/TSFusionForecast/code/ ...
LOCAL_RANK: 0 - CUDA_VISIBLE_DEVICES: [0]
[I 2023-12-16 05:57:22,817] Trial 0 finished with value: 1.3813914060592651 and parameters: {'gradient_clip_val': 0.29177250635649205, 'hidden_size': 13, 'dropout': 0.2908427073969883, 'hidden_continuous_size': 13, 'attention_head_size': 1, 'learning_rate': 0.023028290145078376}. Best is trial 0 with value: 1.3813914060592651.
LOCAL_RANK: 0 - CUDA_VISIBLE_DEVICES: [0]
[I 2023-12-16 05:57:57,017] Trial 1 finished with value: 0.07542138546705246 and parameters: {'gradient_clip_val': 0.7375153573306183, 'hidden_size': 7, 'dropout': 0.12538948448541448, 'hidden_continuous_size': 7, 'attention_head_size': 1, 'learning_rate': 0.03630883509116891}. Best is trial 1 with value: 0.07542138546705246.
LOCAL_RANK: 0 - CUDA_VISIBLE_DEVICES: [0]
[I 2023-12-16 05:58:43,681] Trial 2 finished with value: 0.07286860793828964 and parameters: {'gradient_clip_val': 0.6204063540616132, 'hidden_size': 20, 'dropout': 0.3262467567156283, 'hidden_continuous_size': 7, 'attention_head_size': 2, 'learning_rate': 0.005492604555270318}. Best is trial 2 with value: 0.07286860793828964.
LOCAL_RANK: 0 - CUDA_VISIBLE_DEVICES: [0]
[I 2023-12-16 05:59:30,926] Trial 3 finished with value: 0.8197488784790039 and parameters: {'gradient_clip_val': 0.5272003911587073, 'hidden_size': 21, 'dropout': 0.1904906600024347, 'hidden_continuous_size': 5, 'attention_head_size': 1, 'learning_rate': 0.0011497444339616716}. Best is trial 2 with value: 0.07286860793828964.
LOCAL_RANK: 0 - CUDA_VISIBLE_DEVICES: [0]
[I 2023-12-16 06:00:15,913] Trial 4 finished with value: 0.16061118245124817 and parameters: {'gradient_clip_val': 0.7765263521516989, 'hidden_size': 6, 'dropout': 0.3657156646872811, 'hidden_continuous_size': 5, 'attention_head_size': 2, 'learning_rate': 0.04914389386547262}. Best is trial 2 with value: 0.07286860793828964.
LOCAL_RANK: 0 - CUDA_VISIBLE_DEVICES: [0]
[I 2023-12-16 06:01:01,236] Trial 5 finished with value: 2.2985146045684814 and parameters: {'gradient_clip_val': 0.5163489086000348, 'hidden_size': 9, 'dropout': 0.22438673532994197, 'hidden_continuous_size': 7, 'attention_head_size': 1, 'learning_rate': 0.004931049020907003}. Best is trial 2 with value: 0.07286860793828964.
LOCAL_RANK: 0 - CUDA_VISIBLE_DEVICES: [0]
[I 2023-12-16 06:01:47,363] Trial 6 finished with value: 1.037411093711853 and parameters: {'gradient_clip_val': 0.2979361224174879, 'hidden_size': 9, 'dropout': 0.28283039991393816, 'hidden_continuous_size': 7, 'attention_head_size': 4, 'learning_rate': 0.011815964979137141}. Best is trial 2 with value: 0.07286860793828964.
LOCAL_RANK: 0 - CUDA_VISIBLE_DEVICES: [0]
[I 2023-12-16 06:02:41,615] Trial 7 finished with value: 0.1268467903137207 and parameters: {'gradient_clip_val': 0.8068972294724388, 'hidden_size': 60, 'dropout': 0.195013911473363, 'hidden_continuous_size': 32, 'attention_head_size': 4, 'learning_rate': 0.013092821899256833}. Best is trial 2 with value: 0.07286860793828964.
LOCAL_RANK: 0 - CUDA_VISIBLE_DEVICES: [0]
[I 2023-12-16 06:03:35,525] Trial 8 finished with value: 0.3556337356567383 and parameters: {'gradient_clip_val': 0.1045969133854652, 'hidden_size': 61, 'dropout': 0.3879584753373605, 'hidden_continuous_size': 47, 'attention_head_size': 1, 'learning_rate': 0.0008152264401098322}. Best is trial 2 with value: 0.07286860793828964.
LOCAL_RANK: 0 - CUDA_VISIBLE_DEVICES: [0]
[I 2023-12-16 06:04:10,108] Trial 9 finished with value: 0.4993935823440552 and parameters: {'gradient_clip_val': 0.3328651462235383, 'hidden_size': 5, 'dropout': 0.3403221937369436, 'hidden_continuous_size': 5, 'attention_head_size': 3, 'learning_rate': 0.016363423539329784}. Best is trial 2 with value: 0.07286860793828964.
LOCAL_RANK: 0 - CUDA_VISIBLE_DEVICES: [0]
[I 2023-12-16 06:04:58,904] Trial 10 finished with value: 0.9067087173461914 and parameters: {'gradient_clip_val': 0.9573859109407802, 'hidden_size': 32, 'dropout': 0.3220007224098189, 'hidden_continuous_size': 12, 'attention_head_size': 3, 'learning_rate': 0.0030243311296788192}. Best is trial 2 with value: 0.07286860793828964.
LOCAL_RANK: 0 - CUDA_VISIBLE_DEVICES: [0]
[I 2023-12-16 06:05:45,707] Trial 11 finished with value: 1.272382378578186 and parameters: {'gradient_clip_val': 0.5767951838976455, 'hidden_size': 20, 'dropout': 0.12911301741971232, 'hidden_continuous_size': 7, 'attention_head_size': 2, 'learning_rate': 0.09503713723326052}. Best is trial 2 with value: 0.07286860793828964.
LOCAL_RANK: 0 - CUDA_VISIBLE_DEVICES: [0]
[I 2023-12-16 06:06:35,331] Trial 12 finished with value: 0.28309839963912964 and parameters: {'gradient_clip_val': 0.6588335760158213, 'hidden_size': 33, 'dropout': 0.10397265823583135, 'hidden_continuous_size': 9, 'attention_head_size': 2, 'learning_rate': 0.004457466079111733}. Best is trial 2 with value: 0.07286860793828964.
LOCAL_RANK: 0 - CUDA_VISIBLE_DEVICES: [0]
[I 2023-12-16 06:07:21,018] Trial 13 finished with value: 0.9518957138061523 and parameters: {'gradient_clip_val': 0.9603063921073105, 'hidden_size': 13, 'dropout': 0.2614513541784369, 'hidden_continuous_size': 6, 'attention_head_size': 2, 'learning_rate': 0.03342769307144251}. Best is trial 2 with value: 0.07286860793828964.
LOCAL_RANK: 0 - CUDA_VISIBLE_DEVICES: [0]
[I 2023-12-16 06:07:55,594] Trial 14 finished with value: 1.6561689376831055 and parameters: {'gradient_clip_val': 0.4271132613307363, 'hidden_size': 5, 'dropout': 0.3164094834904668, 'hidden_continuous_size': 5, 'attention_head_size': 3, 'learning_rate': 0.002929211876506939}. Best is trial 2 with value: 0.07286860793828964.
LOCAL_RANK: 0 - CUDA_VISIBLE_DEVICES: [0]
[I 2023-12-16 06:08:40,527] Trial 15 finished with value: 0.8759052753448486 and parameters: {'gradient_clip_val': 0.703097426093363, 'hidden_size': 9, 'dropout': 0.1433697608032981, 'hidden_continuous_size': 6, 'attention_head_size': 1, 'learning_rate': 0.0077555374667246475}. Best is trial 2 with value: 0.07286860793828964.
LOCAL_RANK: 0 - CUDA_VISIBLE_DEVICES: [0]
[I 2023-12-16 06:09:35,256] Trial 16 finished with value: 0.14224427938461304 and parameters: {'gradient_clip_val': 0.42540314487485054, 'hidden_size': 89, 'dropout': 0.229999936571499, 'hidden_continuous_size': 16, 'attention_head_size': 2, 'learning_rate': 0.04417010981831783}. Best is trial 2 with value: 0.07286860793828964.
LOCAL_RANK: 0 - CUDA_VISIBLE_DEVICES: [0]
[I 2023-12-16 06:10:20,356] Trial 17 finished with value: 0.22673864662647247 and parameters: {'gradient_clip_val': 0.9992068403697894, 'hidden_size': 7, 'dropout': 0.1742578760371517, 'hidden_continuous_size': 6, 'attention_head_size': 1, 'learning_rate': 0.020994698732968272}. Best is trial 2 with value: 0.07286860793828964.
LOCAL_RANK: 0 - CUDA_VISIBLE_DEVICES: [0]
[I 2023-12-16 06:11:06,328] Trial 18 finished with value: 0.597983717918396 and parameters: {'gradient_clip_val': 0.6514407520673603, 'hidden_size': 15, 'dropout': 0.26089554594865955, 'hidden_continuous_size': 8, 'attention_head_size': 2, 'learning_rate': 0.009077782118848859}. Best is trial 2 with value: 0.07286860793828964.
LOCAL_RANK: 0 - CUDA_VISIBLE_DEVICES: [0]
[I 2023-12-16 06:11:54,741] Trial 19 finished with value: 0.2244984656572342 and parameters: {'gradient_clip_val': 0.7536527492856567, 'hidden_size': 28, 'dropout': 0.39507558117811614, 'hidden_continuous_size': 11, 'attention_head_size': 3, 'learning_rate': 0.07804257535388824}. Best is trial 2 with value: 0.07286860793828964.
LOCAL_RANK: 0 - CUDA_VISIBLE_DEVICES: [0]
[I 2023-12-16 06:12:39,375] Trial 20 finished with value: 0.25826188921928406 and parameters: {'gradient_clip_val': 0.4494884220511083, 'hidden_size': 16, 'dropout': 0.10342054702127237, 'hidden_continuous_size': 8, 'attention_head_size': 1, 'learning_rate': 0.029574094710318258}. Best is trial 2 with value: 0.07286860793828964.
LOCAL_RANK: 0 - CUDA_VISIBLE_DEVICES: [0]
[I 2023-12-16 06:13:32,734] Trial 21 finished with value: 0.27607056498527527 and parameters: {'gradient_clip_val': 0.8069644925890548, 'hidden_size': 46, 'dropout': 0.18495907297227854, 'hidden_continuous_size': 17, 'attention_head_size': 4, 'learning_rate': 0.01434166902506587}. Best is trial 2 with value: 0.07286860793828964.
LOCAL_RANK: 0 - CUDA_VISIBLE_DEVICES: [0]
[I 2023-12-16 06:14:26,696] Trial 22 finished with value: 0.3170439302921295 and parameters: {'gradient_clip_val': 0.8270939014552953, 'hidden_size': 53, 'dropout': 0.21592990358127664, 'hidden_continuous_size': 20, 'attention_head_size': 4, 'learning_rate': 0.012714111933088273}. Best is trial 2 with value: 0.07286860793828964.
LOCAL_RANK: 0 - CUDA_VISIBLE_DEVICES: [0]
[I 2023-12-16 06:15:17,782] Trial 23 finished with value: 0.29888245463371277 and parameters: {'gradient_clip_val': 0.6096644662507588, 'hidden_size': 39, 'dropout': 0.15876878335842118, 'hidden_continuous_size': 10, 'attention_head_size': 3, 'learning_rate': 0.020706070746739327}. Best is trial 2 with value: 0.07286860793828964.
LOCAL_RANK: 0 - CUDA_VISIBLE_DEVICES: [0]
