[I 2023-12-16 06:34:30,912] Trial 47 finished with value: 61.4566650390625 and parameters: {'gradient_clip_val': 0.7388231942619573, 'hidden_size': 5, 'dropout': 0.26706403449311733, 'hidden_continuous_size': 5, 'attention_head_size': 2, 'learning_rate': 0.009678692834205862}. Best is trial 10 with value: 43.0443000793457.
LOCAL_RANK: 0 - CUDA_VISIBLE_DEVICES: [0]
[I 2023-12-16 06:35:15,807] Trial 48 finished with value: 53.153656005859375 and parameters: {'gradient_clip_val': 0.8783973563706141, 'hidden_size': 8, 'dropout': 0.1879838063602185, 'hidden_continuous_size': 6, 'attention_head_size': 4, 'learning_rate': 0.0030699443422304035}. Best is trial 10 with value: 43.0443000793457.
LOCAL_RANK: 0 - CUDA_VISIBLE_DEVICES: [0]
[I 2023-12-16 06:36:01,065] Trial 49 finished with value: 81.01749420166016 and parameters: {'gradient_clip_val': 0.9649405104581754, 'hidden_size': 7, 'dropout': 0.20409481327551798, 'hidden_continuous_size': 6, 'attention_head_size': 3, 'learning_rate': 0.02539057817720543}. Best is trial 10 with value: 43.0443000793457.
[I 2023-12-16 06:36:01,159] A new study created in memory with name: no-name-8d0ba794-c54b-47f3-81e9-8aee5b134f5c
/home/le004/conda/anaconda3/envs/tsff_env/lib/python3.9/site-packages/lightning/fabric/plugins/environments/slurm.py:191: The `srun` command is available on your system but is not used. HINT: If your intention is to run Lightning on SLURM, prepend your python command with `srun` like so: srun python /home/le004/master_thesis/git/TSFusionForecast/code/ ...
LOCAL_RANK: 0 - CUDA_VISIBLE_DEVICES: [0]
[I 2023-12-16 06:36:49,369] Trial 0 finished with value: 246.75531005859375 and parameters: {'gradient_clip_val': 0.5235916489292446, 'hidden_size': 25, 'dropout': 0.3409230090487747, 'hidden_continuous_size': 5, 'attention_head_size': 2, 'learning_rate': 0.007149408527406321}. Best is trial 0 with value: 246.75531005859375.
LOCAL_RANK: 0 - CUDA_VISIBLE_DEVICES: [0]
[I 2023-12-16 06:37:38,432] Trial 1 finished with value: 260.9369812011719 and parameters: {'gradient_clip_val': 0.18828341274600807, 'hidden_size': 31, 'dropout': 0.2975145399290028, 'hidden_continuous_size': 7, 'attention_head_size': 2, 'learning_rate': 0.018889592283827392}. Best is trial 0 with value: 246.75531005859375.
LOCAL_RANK: 0 - CUDA_VISIBLE_DEVICES: [0]
[I 2023-12-16 06:38:26,683] Trial 2 finished with value: 130.6001739501953 and parameters: {'gradient_clip_val': 0.6869271022707591, 'hidden_size': 25, 'dropout': 0.38229454898707704, 'hidden_continuous_size': 5, 'attention_head_size': 2, 'learning_rate': 0.0011560715144595768}. Best is trial 2 with value: 130.6001739501953.
LOCAL_RANK: 0 - CUDA_VISIBLE_DEVICES: [0]
[I 2023-12-16 06:39:18,318] Trial 3 finished with value: 245.6329803466797 and parameters: {'gradient_clip_val': 0.12299380283169152, 'hidden_size': 44, 'dropout': 0.3710141659727423, 'hidden_continuous_size': 16, 'attention_head_size': 2, 'learning_rate': 0.03325281106630282}. Best is trial 2 with value: 130.6001739501953.
LOCAL_RANK: 0 - CUDA_VISIBLE_DEVICES: [0]
[I 2023-12-16 06:39:52,886] Trial 4 finished with value: 129.77468872070312 and parameters: {'gradient_clip_val': 0.43197820559889855, 'hidden_size': 11, 'dropout': 0.26447246071073943, 'hidden_continuous_size': 11, 'attention_head_size': 3, 'learning_rate': 0.025339377182105965}. Best is trial 4 with value: 129.77468872070312.
LOCAL_RANK: 0 - CUDA_VISIBLE_DEVICES: [0]
[I 2023-12-16 06:40:44,849] Trial 5 finished with value: 125.57376098632812 and parameters: {'gradient_clip_val': 0.8308696317073266, 'hidden_size': 48, 'dropout': 0.17322648021010623, 'hidden_continuous_size': 9, 'attention_head_size': 4, 'learning_rate': 0.010220656270009265}. Best is trial 5 with value: 125.57376098632812.
LOCAL_RANK: 0 - CUDA_VISIBLE_DEVICES: [0]
[I 2023-12-16 06:41:31,014] Trial 6 finished with value: 210.1663818359375 and parameters: {'gradient_clip_val': 0.1739194744161547, 'hidden_size': 14, 'dropout': 0.11053112831160855, 'hidden_continuous_size': 10, 'attention_head_size': 3, 'learning_rate': 0.019701521660511263}. Best is trial 5 with value: 125.57376098632812.
LOCAL_RANK: 0 - CUDA_VISIBLE_DEVICES: [0]
[I 2023-12-16 06:42:26,916] Trial 7 finished with value: 140.7659912109375 and parameters: {'gradient_clip_val': 0.17208695664347373, 'hidden_size': 89, 'dropout': 0.3386538942232221, 'hidden_continuous_size': 46, 'attention_head_size': 2, 'learning_rate': 0.08272214841174066}. Best is trial 5 with value: 125.57376098632812.
LOCAL_RANK: 0 - CUDA_VISIBLE_DEVICES: [0]
[I 2023-12-16 06:43:01,250] Trial 8 finished with value: 106.10848236083984 and parameters: {'gradient_clip_val': 0.5073874679318111, 'hidden_size': 5, 'dropout': 0.3720374409086735, 'hidden_continuous_size': 5, 'attention_head_size': 3, 'learning_rate': 0.013759178654786123}. Best is trial 8 with value: 106.10848236083984.
LOCAL_RANK: 0 - CUDA_VISIBLE_DEVICES: [0]
[I 2023-12-16 06:43:50,327] Trial 9 finished with value: 140.33351135253906 and parameters: {'gradient_clip_val': 0.10010253543398344, 'hidden_size': 26, 'dropout': 0.27822058433736, 'hidden_continuous_size': 5, 'attention_head_size': 4, 'learning_rate': 0.0006544974602494333}. Best is trial 8 with value: 106.10848236083984.
LOCAL_RANK: 0 - CUDA_VISIBLE_DEVICES: [0]
[I 2023-12-16 06:44:34,918] Trial 10 finished with value: 118.56108856201172 and parameters: {'gradient_clip_val': 0.32589178970359217, 'hidden_size': 6, 'dropout': 0.3961592372830869, 'hidden_continuous_size': 5, 'attention_head_size': 1, 'learning_rate': 0.0030660420817703944}. Best is trial 8 with value: 106.10848236083984.
LOCAL_RANK: 0 - CUDA_VISIBLE_DEVICES: [0]
[I 2023-12-16 06:45:07,942] Trial 11 finished with value: 127.1530990600586 and parameters: {'gradient_clip_val': 0.33822963853261606, 'hidden_size': 5, 'dropout': 0.3984576052207579, 'hidden_continuous_size': 5, 'attention_head_size': 1, 'learning_rate': 0.003653278488951111}. Best is trial 8 with value: 106.10848236083984.
LOCAL_RANK: 0 - CUDA_VISIBLE_DEVICES: [0]
[I 2023-12-16 06:45:41,205] Trial 12 finished with value: 130.8072052001953 and parameters: {'gradient_clip_val': 0.3009551856259528, 'hidden_size': 5, 'dropout': 0.3363381223075327, 'hidden_continuous_size': 5, 'attention_head_size': 1, 'learning_rate': 0.0032764022273804967}. Best is trial 8 with value: 106.10848236083984.
LOCAL_RANK: 0 - CUDA_VISIBLE_DEVICES: [0]
[I 2023-12-16 06:46:25,968] Trial 13 finished with value: 127.35965728759766 and parameters: {'gradient_clip_val': 0.5451607366013816, 'hidden_size': 8, 'dropout': 0.22483612842319992, 'hidden_continuous_size': 5, 'attention_head_size': 3, 'learning_rate': 0.0031890685852415143}. Best is trial 8 with value: 106.10848236083984.
LOCAL_RANK: 0 - CUDA_VISIBLE_DEVICES: [0]
[I 2023-12-16 06:47:10,378] Trial 14 finished with value: 144.3227081298828 and parameters: {'gradient_clip_val': 0.8695915895453525, 'hidden_size': 7, 'dropout': 0.3890804767623015, 'hidden_continuous_size': 5, 'attention_head_size': 1, 'learning_rate': 0.0017167921169051095}. Best is trial 8 with value: 106.10848236083984.
LOCAL_RANK: 0 - CUDA_VISIBLE_DEVICES: [0]
[I 2023-12-16 06:47:56,299] Trial 15 finished with value: 168.2292938232422 and parameters: {'gradient_clip_val': 0.31473693007671966, 'hidden_size': 14, 'dropout': 0.31241095206880903, 'hidden_continuous_size': 6, 'attention_head_size': 3, 'learning_rate': 0.008983812571084809}. Best is trial 8 with value: 106.10848236083984.
LOCAL_RANK: 0 - CUDA_VISIBLE_DEVICES: [0]
[I 2023-12-16 06:48:30,736] Trial 16 finished with value: 120.85330200195312 and parameters: {'gradient_clip_val': 0.4444429887569449, 'hidden_size': 5, 'dropout': 0.35787482862411507, 'hidden_continuous_size': 5, 'attention_head_size': 4, 'learning_rate': 0.0050568967402521104}. Best is trial 8 with value: 106.10848236083984.
LOCAL_RANK: 0 - CUDA_VISIBLE_DEVICES: [0]
[I 2023-12-16 06:49:14,047] Trial 17 finished with value: 151.6217498779297 and parameters: {'gradient_clip_val': 0.9781040524928296, 'hidden_size': 8, 'dropout': 0.3978443763460876, 'hidden_continuous_size': 6, 'attention_head_size': 1, 'learning_rate': 0.0018956289140335176}. Best is trial 8 with value: 106.10848236083984.
LOCAL_RANK: 0 - CUDA_VISIBLE_DEVICES: [0]
[I 2023-12-16 06:49:59,712] Trial 18 finished with value: 161.33517456054688 and parameters: {'gradient_clip_val': 0.6511290223550951, 'hidden_size': 11, 'dropout': 0.3568868693173322, 'hidden_continuous_size': 6, 'attention_head_size': 3, 'learning_rate': 0.0005012622412892901}. Best is trial 8 with value: 106.10848236083984.
LOCAL_RANK: 0 - CUDA_VISIBLE_DEVICES: [0]
[I 2023-12-16 06:50:45,346] Trial 19 finished with value: 115.50115966796875 and parameters: {'gradient_clip_val': 0.26067222813902613, 'hidden_size': 7, 'dropout': 0.3076480828585115, 'hidden_continuous_size': 5, 'attention_head_size': 4, 'learning_rate': 0.011838350768684483}. Best is trial 8 with value: 106.10848236083984.
LOCAL_RANK: 0 - CUDA_VISIBLE_DEVICES: [0]
[I 2023-12-16 06:51:31,080] Trial 20 finished with value: 137.0955810546875 and parameters: {'gradient_clip_val': 0.24612582829174928, 'hidden_size': 7, 'dropout': 0.3189587826937224, 'hidden_continuous_size': 5, 'attention_head_size': 4, 'learning_rate': 0.010223781570893813}. Best is trial 8 with value: 106.10848236083984.
LOCAL_RANK: 0 - CUDA_VISIBLE_DEVICES: [0]
[I 2023-12-16 06:52:16,747] Trial 21 finished with value: 138.269775390625 and parameters: {'gradient_clip_val': 0.3728707877429074, 'hidden_size': 6, 'dropout': 0.3647326845935614, 'hidden_continuous_size': 5, 'attention_head_size': 4, 'learning_rate': 0.0142344836834972}. Best is trial 8 with value: 106.10848236083984.
LOCAL_RANK: 0 - CUDA_VISIBLE_DEVICES: [0]
[I 2023-12-16 06:52:50,809] Trial 22 finished with value: 152.87086486816406 and parameters: {'gradient_clip_val': 0.27248906441929005, 'hidden_size': 5, 'dropout': 0.3209102442171419, 'hidden_continuous_size': 5, 'attention_head_size': 3, 'learning_rate': 0.006197704436354806}. Best is trial 8 with value: 106.10848236083984.
LOCAL_RANK: 0 - CUDA_VISIBLE_DEVICES: [0]
[I 2023-12-16 06:53:36,922] Trial 23 finished with value: 151.8938751220703 and parameters: {'gradient_clip_val': 0.23028549686670113, 'hidden_size': 10, 'dropout': 0.3701266896962665, 'hidden_continuous_size': 6, 'attention_head_size': 4, 'learning_rate': 0.005517047971314928}. Best is trial 8 with value: 106.10848236083984.
LOCAL_RANK: 0 - CUDA_VISIBLE_DEVICES: [0]
[I 2023-12-16 06:54:22,024] Trial 24 finished with value: 120.64923095703125 and parameters: {'gradient_clip_val': 0.38347454828898675, 'hidden_size': 6, 'dropout': 0.2858899453457414, 'hidden_continuous_size': 5, 'attention_head_size': 3, 'learning_rate': 0.013189098319495114}. Best is trial 8 with value: 106.10848236083984.
LOCAL_RANK: 0 - CUDA_VISIBLE_DEVICES: [0]
[I 2023-12-16 06:55:07,466] Trial 25 finished with value: 168.0165252685547 and parameters: {'gradient_clip_val': 0.2914282474442695, 'hidden_size': 9, 'dropout': 0.3396028975616898, 'hidden_continuous_size': 6, 'attention_head_size': 2, 'learning_rate': 0.004782106647343363}. Best is trial 8 with value: 106.10848236083984.
LOCAL_RANK: 0 - CUDA_VISIBLE_DEVICES: [0]
[I 2023-12-16 06:55:53,038] Trial 26 finished with value: 199.9668426513672 and parameters: {'gradient_clip_val': 0.37426728679260646, 'hidden_size': 6, 'dropout': 0.3964730574516534, 'hidden_continuous_size': 5, 'attention_head_size': 4, 'learning_rate': 0.033643991150220355}. Best is trial 8 with value: 106.10848236083984.
LOCAL_RANK: 0 - CUDA_VISIBLE_DEVICES: [0]
[I 2023-12-16 06:56:38,298] Trial 27 finished with value: 241.2866668701172 and parameters: {'gradient_clip_val': 0.4403904130625523, 'hidden_size': 14, 'dropout': 0.3083603925351174, 'hidden_continuous_size': 7, 'attention_head_size': 1, 'learning_rate': 0.00876803415429628}. Best is trial 8 with value: 106.10848236083984.
LOCAL_RANK: 0 - CUDA_VISIBLE_DEVICES: [0]
[I 2023-12-16 06:57:23,679] Trial 28 finished with value: 235.12640380859375 and parameters: {'gradient_clip_val': 0.24455478457390423, 'hidden_size': 9, 'dropout': 0.37014284353719024, 'hidden_continuous_size': 6, 'attention_head_size': 3, 'learning_rate': 0.014432659950120264}. Best is trial 8 with value: 106.10848236083984.
LOCAL_RANK: 0 - CUDA_VISIBLE_DEVICES: [0]
[I 2023-12-16 06:58:08,576] Trial 29 finished with value: 124.546142578125 and parameters: {'gradient_clip_val': 0.5206913624762401, 'hidden_size': 7, 'dropout': 0.35196200527764454, 'hidden_continuous_size': 5, 'attention_head_size': 2, 'learning_rate': 0.006701254098251292}. Best is trial 8 with value: 106.10848236083984.
LOCAL_RANK: 0 - CUDA_VISIBLE_DEVICES: [0]
[I 2023-12-16 06:58:54,073] Trial 30 finished with value: 210.6746826171875 and parameters: {'gradient_clip_val': 0.33442577729037654, 'hidden_size': 16, 'dropout': 0.3297100434691828, 'hidden_continuous_size': 7, 'attention_head_size': 4, 'learning_rate': 0.0076862882779326815}. Best is trial 8 with value: 106.10848236083984.
LOCAL_RANK: 0 - CUDA_VISIBLE_DEVICES: [0]
[I 2023-12-16 06:59:39,198] Trial 31 finished with value: 166.81942749023438 and parameters: {'gradient_clip_val': 0.35963921502108676, 'hidden_size': 6, 'dropout': 0.2938640468877715, 'hidden_continuous_size': 5, 'attention_head_size': 3, 'learning_rate': 0.012749993116462794}. Best is trial 8 with value: 106.10848236083984.
LOCAL_RANK: 0 - CUDA_VISIBLE_DEVICES: [0]
[I 2023-12-16 07:00:24,342] Trial 32 finished with value: 104.6810531616211 and parameters: {'gradient_clip_val': 0.4058619246205052, 'hidden_size': 6, 'dropout': 0.2862948537762461, 'hidden_continuous_size': 5, 'attention_head_size': 3, 'learning_rate': 0.01768807438328598}. Best is trial 32 with value: 104.6810531616211.
LOCAL_RANK: 0 - CUDA_VISIBLE_DEVICES: [0]
[I 2023-12-16 07:00:58,195] Trial 33 finished with value: 202.6279296875 and parameters: {'gradient_clip_val': 0.5216268557397027, 'hidden_size': 5, 'dropout': 0.3037313300260177, 'hidden_continuous_size': 5, 'attention_head_size': 2, 'learning_rate': 0.01764844524825589}. Best is trial 32 with value: 104.6810531616211.
LOCAL_RANK: 0 - CUDA_VISIBLE_DEVICES: [0]
[I 2023-12-16 07:01:42,014] Trial 34 finished with value: 140.85580444335938 and parameters: {'gradient_clip_val': 0.43609529347151293, 'hidden_size': 8, 'dropout': 0.3762375202458115, 'hidden_continuous_size': 5, 'attention_head_size': 2, 'learning_rate': 0.040884436850853564}. Best is trial 32 with value: 104.6810531616211.
LOCAL_RANK: 0 - CUDA_VISIBLE_DEVICES: [0]
[I 2023-12-16 07:02:27,089] Trial 35 finished with value: 153.8986053466797 and parameters: {'gradient_clip_val': 0.21544904374657395, 'hidden_size': 6, 'dropout': 0.3502340327413582, 'hidden_continuous_size': 5, 'attention_head_size': 3, 'learning_rate': 0.021757400207618852}. Best is trial 32 with value: 104.6810531616211.
LOCAL_RANK: 0 - CUDA_VISIBLE_DEVICES: [0]
[I 2023-12-16 07:03:12,848] Trial 36 finished with value: 145.52723693847656 and parameters: {'gradient_clip_val': 0.29878019176064, 'hidden_size': 11, 'dropout': 0.25805704727120665, 'hidden_continuous_size': 6, 'attention_head_size': 3, 'learning_rate': 0.02526831180926351}. Best is trial 32 with value: 104.6810531616211.
LOCAL_RANK: 0 - CUDA_VISIBLE_DEVICES: [0]
[I 2023-12-16 07:03:57,732] Trial 37 finished with value: 187.9380340576172 and parameters: {'gradient_clip_val': 0.2665960424428279, 'hidden_size': 7, 'dropout': 0.3819456253541976, 'hidden_continuous_size': 5, 'attention_head_size': 2, 'learning_rate': 0.011327287098262022}. Best is trial 32 with value: 104.6810531616211.
LOCAL_RANK: 0 - CUDA_VISIBLE_DEVICES: [0]
[I 2023-12-16 07:04:31,919] Trial 38 finished with value: 128.50233459472656 and parameters: {'gradient_clip_val': 0.5954197208420692, 'hidden_size': 5, 'dropout': 0.27280169033243323, 'hidden_continuous_size': 5, 'attention_head_size': 3, 'learning_rate': 0.016289442221119662}. Best is trial 32 with value: 104.6810531616211.
LOCAL_RANK: 0 - CUDA_VISIBLE_DEVICES: [0]
[I 2023-12-16 07:05:17,860] Trial 39 finished with value: 134.40159606933594 and parameters: {'gradient_clip_val': 0.4812500545250779, 'hidden_size': 9, 'dropout': 0.2416990004127519, 'hidden_continuous_size': 6, 'attention_head_size': 4, 'learning_rate': 0.0074386458121465495}. Best is trial 32 with value: 104.6810531616211.
LOCAL_RANK: 0 - CUDA_VISIBLE_DEVICES: [0]
[I 2023-12-16 07:06:05,302] Trial 40 finished with value: 166.42527770996094 and parameters: {'gradient_clip_val': 0.3978024670730159, 'hidden_size': 19, 'dropout': 0.29610248758566887, 'hidden_continuous_size': 8, 'attention_head_size': 2, 'learning_rate': 0.02041390121124116}. Best is trial 32 with value: 104.6810531616211.
LOCAL_RANK: 0 - CUDA_VISIBLE_DEVICES: [0]
[I 2023-12-16 07:06:50,771] Trial 41 finished with value: 185.6557159423828 and parameters: {'gradient_clip_val': 0.39816702374486207, 'hidden_size': 6, 'dropout': 0.28660694198772463, 'hidden_continuous_size': 5, 'attention_head_size': 3, 'learning_rate': 0.012637003231368958}. Best is trial 32 with value: 104.6810531616211.
LOCAL_RANK: 0 - CUDA_VISIBLE_DEVICES: [0]
[I 2023-12-16 07:07:35,757] Trial 42 finished with value: 181.3007354736328 and parameters: {'gradient_clip_val': 0.3182614789441959, 'hidden_size': 6, 'dropout': 0.2804727310453976, 'hidden_continuous_size': 5, 'attention_head_size': 3, 'learning_rate': 0.009843599320448277}. Best is trial 32 with value: 104.6810531616211.
LOCAL_RANK: 0 - CUDA_VISIBLE_DEVICES: [0]
[I 2023-12-16 07:08:09,869] Trial 43 finished with value: 151.48951721191406 and parameters: {'gradient_clip_val': 0.48427722281113494, 'hidden_size': 5, 'dropout': 0.3157478093630283, 'hidden_continuous_size': 5, 'attention_head_size': 3, 'learning_rate': 0.011669166710452088}. Best is trial 32 with value: 104.6810531616211.
LOCAL_RANK: 0 - CUDA_VISIBLE_DEVICES: [0]
[I 2023-12-16 07:08:55,218] Trial 44 finished with value: 133.19091796875 and parameters: {'gradient_clip_val': 0.3445600921682782, 'hidden_size': 7, 'dropout': 0.3294609911201464, 'hidden_continuous_size': 5, 'attention_head_size': 3, 'learning_rate': 0.015384340955313578}. Best is trial 32 with value: 104.6810531616211.
LOCAL_RANK: 0 - CUDA_VISIBLE_DEVICES: [0]
[I 2023-12-16 07:09:40,497] Trial 45 finished with value: 160.40455627441406 and parameters: {'gradient_clip_val': 0.4047361772817016, 'hidden_size': 6, 'dropout': 0.34371504640800343, 'hidden_continuous_size': 5, 'attention_head_size': 4, 'learning_rate': 0.029596034522636344}. Best is trial 32 with value: 104.6810531616211.
LOCAL_RANK: 0 - CUDA_VISIBLE_DEVICES: [0]
[I 2023-12-16 07:10:26,112] Trial 46 finished with value: 245.9423370361328 and parameters: {'gradient_clip_val': 0.7076750842629017, 'hidden_size': 10, 'dropout': 0.2667387609289329, 'hidden_continuous_size': 6, 'attention_head_size': 3, 'learning_rate': 0.018597575705870915}. Best is trial 32 with value: 104.6810531616211.
LOCAL_RANK: 0 - CUDA_VISIBLE_DEVICES: [0]
[I 2023-12-16 07:11:09,457] Trial 47 finished with value: 224.135498046875 and parameters: {'gradient_clip_val': 0.3486573519655939, 'hidden_size': 8, 'dropout': 0.30291943506779495, 'hidden_continuous_size': 5, 'attention_head_size': 1, 'learning_rate': 0.009084451904370761}. Best is trial 32 with value: 104.6810531616211.
LOCAL_RANK: 0 - CUDA_VISIBLE_DEVICES: [0]
[I 2023-12-16 07:11:53,608] Trial 48 finished with value: 128.72291564941406 and parameters: {'gradient_clip_val': 0.20311598882710305, 'hidden_size': 12, 'dropout': 0.38673130266818445, 'hidden_continuous_size': 7, 'attention_head_size': 2, 'learning_rate': 0.004164629393105717}. Best is trial 32 with value: 104.6810531616211.
LOCAL_RANK: 0 - CUDA_VISIBLE_DEVICES: [0]
[I 2023-12-16 07:12:27,624] Trial 49 finished with value: 127.77088165283203 and parameters: {'gradient_clip_val': 0.2735456584726663, 'hidden_size': 5, 'dropout': 0.2887167247522569, 'hidden_continuous_size': 5, 'attention_head_size': 3, 'learning_rate': 0.0066503348138759535}. Best is trial 32 with value: 104.6810531616211.
[I 2023-12-16 07:12:27,716] A new study created in memory with name: no-name-1cab38b2-20b2-4c58-b5e7-7af855536f0d
/home/le004/conda/anaconda3/envs/tsff_env/lib/python3.9/site-packages/lightning/fabric/plugins/environments/slurm.py:191: The `srun` command is available on your system but is not used. HINT: If your intention is to run Lightning on SLURM, prepend your python command with `srun` like so: srun python /home/le004/master_thesis/git/TSFusionForecast/code/ ...
LOCAL_RANK: 0 - CUDA_VISIBLE_DEVICES: [0]
[I 2023-12-16 07:13:21,893] Trial 0 finished with value: 419.3497619628906 and parameters: {'gradient_clip_val': 0.3989910949032562, 'hidden_size': 63, 'dropout': 0.14875439730182013, 'hidden_continuous_size': 25, 'attention_head_size': 3, 'learning_rate': 0.002607126410597609}. Best is trial 0 with value: 419.3497619628906.
LOCAL_RANK: 0 - CUDA_VISIBLE_DEVICES: [0]
[I 2023-12-16 07:14:06,695] Trial 1 finished with value: 439.0658264160156 and parameters: {'gradient_clip_val': 0.8799783153737173, 'hidden_size': 11, 'dropout': 0.16017630250750667, 'hidden_continuous_size': 6, 'attention_head_size': 1, 'learning_rate': 0.028779820976473185}. Best is trial 0 with value: 419.3497619628906.
LOCAL_RANK: 0 - CUDA_VISIBLE_DEVICES: [0]
[I 2023-12-16 07:14:59,004] Trial 2 finished with value: 535.4015502929688 and parameters: {'gradient_clip_val': 0.7316210873787029, 'hidden_size': 52, 'dropout': 0.12381288746806338, 'hidden_continuous_size': 9, 'attention_head_size': 4, 'learning_rate': 0.03210232217993746}. Best is trial 0 with value: 419.3497619628906.
LOCAL_RANK: 0 - CUDA_VISIBLE_DEVICES: [0]
[I 2023-12-16 07:15:47,565] Trial 3 finished with value: 361.1445007324219 and parameters: {'gradient_clip_val': 0.28721494934427483, 'hidden_size': 28, 'dropout': 0.2274780739051974, 'hidden_continuous_size': 12, 'attention_head_size': 4, 'learning_rate': 0.00744572463297417}. Best is trial 3 with value: 361.1445007324219.
LOCAL_RANK: 0 - CUDA_VISIBLE_DEVICES: [0]
