[rank: 0] Seed set to 42
[I 2023-12-26 11:21:49,329] A new study created in memory with name: no-name-531fc29e-85da-4a94-8143-355d8834d4a0
/home/le004/conda/anaconda3/envs/tsff_env/lib/python3.9/site-packages/lightning/fabric/plugins/environments/slurm.py:191: The `srun` command is available on your system but is not used. HINT: If your intention is to run Lightning on SLURM, prepend your python command with `srun` like so: srun python /home/le004/master_thesis/git/TSFusionForecast/code/ ...
[I 2023-12-26 11:29:56,063] Trial 0 finished with value: 23.102113723754883 and parameters: {'gradient_clip_val': 0.5824153153671701, 'hidden_size': 109, 'dropout': 0.4047518394578815, 'hidden_continuous_size': 15, 'attention_head_size': 4, 'learning_rate': 0.004505468274588694}. Best is trial 0 with value: 23.102113723754883.
[I 2023-12-26 11:29:58,334] Trial 1 finished with value: 64.03628540039062 and parameters: {'gradient_clip_val': 0.3801518712174589, 'hidden_size': 15, 'dropout': 0.33231623011852807, 'hidden_continuous_size': 5, 'attention_head_size': 3, 'learning_rate': 0.04908573710568917}. Best is trial 0 with value: 23.102113723754883.
[I 2023-12-26 11:30:00,924] Trial 2 finished with value: 65.25841522216797 and parameters: {'gradient_clip_val': 0.330730039402842, 'hidden_size': 10, 'dropout': 0.19540537622480192, 'hidden_continuous_size': 9, 'attention_head_size': 2, 'learning_rate': 0.043611653899094265}. Best is trial 0 with value: 23.102113723754883.
[I 2023-12-26 11:30:04,198] Trial 3 finished with value: 57.759674072265625 and parameters: {'gradient_clip_val': 0.1628767278524266, 'hidden_size': 33, 'dropout': 0.37225135589405467, 'hidden_continuous_size': 16, 'attention_head_size': 1, 'learning_rate': 0.0023196755129340873}. Best is trial 0 with value: 23.102113723754883.
[I 2023-12-26 11:30:10,464] Trial 4 finished with value: 67.71847534179688 and parameters: {'gradient_clip_val': 0.9597823105247183, 'hidden_size': 74, 'dropout': 0.43463855070184165, 'hidden_continuous_size': 37, 'attention_head_size': 1, 'learning_rate': 0.023306682603234603}. Best is trial 0 with value: 23.102113723754883.
[I 2023-12-26 11:30:12,641] Trial 5 finished with value: 77.03105163574219 and parameters: {'gradient_clip_val': 0.2009684091011742, 'hidden_size': 6, 'dropout': 0.15422693719312697, 'hidden_continuous_size': 5, 'attention_head_size': 3, 'learning_rate': 0.0010176241136331012}. Best is trial 0 with value: 23.102113723754883.
[I 2023-12-26 11:30:15,003] Trial 6 finished with value: 61.65254211425781 and parameters: {'gradient_clip_val': 0.8458302621739819, 'hidden_size': 6, 'dropout': 0.24142889964718484, 'hidden_continuous_size': 5, 'attention_head_size': 4, 'learning_rate': 0.09358486560480211}. Best is trial 0 with value: 23.102113723754883.
[I 2023-12-26 11:30:17,249] Trial 7 finished with value: 54.049102783203125 and parameters: {'gradient_clip_val': 0.19639977310391232, 'hidden_size': 16, 'dropout': 0.15926786076668487, 'hidden_continuous_size': 6, 'attention_head_size': 3, 'learning_rate': 0.03200491641488472}. Best is trial 0 with value: 23.102113723754883.
[I 2023-12-26 11:30:23,763] Trial 8 finished with value: 75.55210876464844 and parameters: {'gradient_clip_val': 0.7835582646321073, 'hidden_size': 81, 'dropout': 0.13844022869492545, 'hidden_continuous_size': 30, 'attention_head_size': 1, 'learning_rate': 0.003467295564128895}. Best is trial 0 with value: 23.102113723754883.
[I 2023-12-26 11:30:28,708] Trial 9 finished with value: 79.52588653564453 and parameters: {'gradient_clip_val': 0.11541501410603287, 'hidden_size': 66, 'dropout': 0.3416387593067369, 'hidden_continuous_size': 11, 'attention_head_size': 3, 'learning_rate': 0.0019789310140081013}. Best is trial 0 with value: 23.102113723754883.
[I 2023-12-26 11:30:38,782] Trial 10 finished with value: 55.81618118286133 and parameters: {'gradient_clip_val': 0.5361814032319464, 'hidden_size': 117, 'dropout': 0.4995895844436003, 'hidden_continuous_size': 81, 'attention_head_size': 4, 'learning_rate': 0.00942269866321386}. Best is trial 0 with value: 23.102113723754883.
[I 2023-12-26 11:30:42,052] Trial 11 finished with value: 60.22833251953125 and parameters: {'gradient_clip_val': 0.2501998243728914, 'hidden_size': 30, 'dropout': 0.10990308971347272, 'hidden_continuous_size': 8, 'attention_head_size': 4, 'learning_rate': 0.01019702547708682}. Best is trial 0 with value: 23.102113723754883.
[I 2023-12-26 11:30:44,424] Trial 12 finished with value: 63.72658157348633 and parameters: {'gradient_clip_val': 0.5357870332229836, 'hidden_size': 18, 'dropout': 0.2726549228528266, 'hidden_continuous_size': 7, 'attention_head_size': 2, 'learning_rate': 0.0055146260747915765}. Best is trial 0 with value: 23.102113723754883.
[I 2023-12-26 11:30:47,973] Trial 13 finished with value: 46.76369857788086 and parameters: {'gradient_clip_val': 0.24067395943023753, 'hidden_size': 44, 'dropout': 0.2363663269389182, 'hidden_continuous_size': 13, 'attention_head_size': 4, 'learning_rate': 0.016300560364726074}. Best is trial 0 with value: 23.102113723754883.
[I 2023-12-26 11:30:58,924] Trial 14 finished with value: 86.08138275146484 and parameters: {'gradient_clip_val': 0.4260310384011218, 'hidden_size': 140, 'dropout': 0.24290179142131335, 'hidden_continuous_size': 17, 'attention_head_size': 4, 'learning_rate': 0.015288502912961613}. Best is trial 0 with value: 23.102113723754883.
[I 2023-12-26 11:31:02,568] Trial 15 finished with value: 71.49408721923828 and parameters: {'gradient_clip_val': 0.2710619185102713, 'hidden_size': 49, 'dropout': 0.3832665813218832, 'hidden_continuous_size': 12, 'attention_head_size': 4, 'learning_rate': 0.005527354081542607}. Best is trial 0 with value: 23.102113723754883.
[I 2023-12-26 11:31:06,501] Trial 16 finished with value: 53.89546585083008 and parameters: {'gradient_clip_val': 0.5869185713548477, 'hidden_size': 44, 'dropout': 0.29229944738153646, 'hidden_continuous_size': 14, 'attention_head_size': 4, 'learning_rate': 0.0006599527407127544}. Best is trial 0 with value: 23.102113723754883.
[I 2023-12-26 11:31:15,134] Trial 17 finished with value: 76.73860168457031 and parameters: {'gradient_clip_val': 0.41094891483737545, 'hidden_size': 109, 'dropout': 0.22994066359091184, 'hidden_continuous_size': 21, 'attention_head_size': 2, 'learning_rate': 0.015244329497656231}. Best is trial 0 with value: 23.102113723754883.
[I 2023-12-26 11:31:19,587] Trial 18 finished with value: 63.818878173828125 and parameters: {'gradient_clip_val': 0.643077210460906, 'hidden_size': 54, 'dropout': 0.3109486851652423, 'hidden_continuous_size': 10, 'attention_head_size': 3, 'learning_rate': 0.007220039327633216}. Best is trial 0 with value: 23.102113723754883.
[I 2023-12-26 11:31:27,728] Trial 19 finished with value: 64.5958251953125 and parameters: {'gradient_clip_val': 0.3011870640607127, 'hidden_size': 95, 'dropout': 0.419700672281263, 'hidden_continuous_size': 22, 'attention_head_size': 4, 'learning_rate': 0.003504562857041675}. Best is trial 0 with value: 23.102113723754883.
[I 2023-12-26 11:31:31,365] Trial 20 finished with value: 67.53416442871094 and parameters: {'gradient_clip_val': 0.45284313543399524, 'hidden_size': 39, 'dropout': 0.20963655425127015, 'hidden_continuous_size': 12, 'attention_head_size': 3, 'learning_rate': 0.01705891082778272}. Best is trial 0 with value: 23.102113723754883.
[I 2023-12-26 11:31:35,418] Trial 21 finished with value: 58.042633056640625 and parameters: {'gradient_clip_val': 0.5636623564707578, 'hidden_size': 46, 'dropout': 0.2921486895016013, 'hidden_continuous_size': 14, 'attention_head_size': 4, 'learning_rate': 0.0006159317290957378}. Best is trial 0 with value: 23.102113723754883.
[I 2023-12-26 11:31:47,007] Trial 22 finished with value: 63.45225524902344 and parameters: {'gradient_clip_val': 0.6791854343728869, 'hidden_size': 148, 'dropout': 0.27730073552817996, 'hidden_continuous_size': 28, 'attention_head_size': 4, 'learning_rate': 0.0005182931535197678}. Best is trial 0 with value: 23.102113723754883.
[I 2023-12-26 11:31:52,015] Trial 23 finished with value: 74.0459213256836 and parameters: {'gradient_clip_val': 0.35425707318859245, 'hidden_size': 62, 'dropout': 0.26959712137720543, 'hidden_continuous_size': 9, 'attention_head_size': 4, 'learning_rate': 0.0010162052108425564}. Best is trial 0 with value: 23.102113723754883.
[I 2023-12-26 11:31:55,094] Trial 24 finished with value: 67.21121215820312 and parameters: {'gradient_clip_val': 0.46208812630417884, 'hidden_size': 37, 'dropout': 0.3052280110241231, 'hidden_continuous_size': 14, 'attention_head_size': 4, 'learning_rate': 0.0016336321244567935}. Best is trial 0 with value: 23.102113723754883.
[I 2023-12-26 11:31:57,992] Trial 25 finished with value: 52.32451248168945 and parameters: {'gradient_clip_val': 0.7071830583417209, 'hidden_size': 24, 'dropout': 0.19493552256882454, 'hidden_continuous_size': 12, 'attention_head_size': 3, 'learning_rate': 0.0011233917488689391}. Best is trial 0 with value: 23.102113723754883.
[I 2023-12-26 11:32:00,669] Trial 26 finished with value: 59.81782913208008 and parameters: {'gradient_clip_val': 0.798473459965031, 'hidden_size': 23, 'dropout': 0.1871160582066956, 'hidden_continuous_size': 11, 'attention_head_size': 3, 'learning_rate': 0.003418270706530063}. Best is trial 0 with value: 23.102113723754883.
[I 2023-12-26 11:32:03,531] Trial 27 finished with value: 62.38090515136719 and parameters: {'gradient_clip_val': 0.6930680251031894, 'hidden_size': 26, 'dropout': 0.1802723502487441, 'hidden_continuous_size': 10, 'attention_head_size': 2, 'learning_rate': 0.001293723321163883}. Best is trial 0 with value: 23.102113723754883.
[I 2023-12-26 11:32:10,179] Trial 28 finished with value: 62.260990142822266 and parameters: {'gradient_clip_val': 0.9875699297666407, 'hidden_size': 82, 'dropout': 0.22384154443375812, 'hidden_continuous_size': 7, 'attention_head_size': 3, 'learning_rate': 0.0027097642729716626}. Best is trial 0 with value: 23.102113723754883.
[I 2023-12-26 11:32:14,874] Trial 29 finished with value: 64.62899780273438 and parameters: {'gradient_clip_val': 0.3965477026551109, 'hidden_size': 57, 'dropout': 0.24818252925508244, 'hidden_continuous_size': 17, 'attention_head_size': 3, 'learning_rate': 0.0048621306522525646}. Best is trial 0 with value: 23.102113723754883.
[I 2023-12-26 11:32:17,384] Trial 30 finished with value: 54.37028121948242 and parameters: {'gradient_clip_val': 0.5053924092480097, 'hidden_size': 20, 'dropout': 0.20963129940708364, 'hidden_continuous_size': 11, 'attention_head_size': 3, 'learning_rate': 0.011221441059254914}. Best is trial 0 with value: 23.102113723754883.
[I 2023-12-26 11:32:21,420] Trial 31 finished with value: 72.56742095947266 and parameters: {'gradient_clip_val': 0.6205332136148959, 'hidden_size': 43, 'dropout': 0.32702687379576234, 'hidden_continuous_size': 13, 'attention_head_size': 4, 'learning_rate': 0.000750810080557518}. Best is trial 0 with value: 23.102113723754883.
[I 2023-12-26 11:32:24,823] Trial 32 finished with value: 63.019710540771484 and parameters: {'gradient_clip_val': 0.355957206858666, 'hidden_size': 33, 'dropout': 0.25393570125573367, 'hidden_continuous_size': 15, 'attention_head_size': 4, 'learning_rate': 0.0014851845096791544}. Best is trial 0 with value: 23.102113723754883.
[I 2023-12-26 11:32:27,635] Trial 33 finished with value: 73.98987579345703 and parameters: {'gradient_clip_val': 0.6011822067579591, 'hidden_size': 26, 'dropout': 0.2911449331857637, 'hidden_continuous_size': 13, 'attention_head_size': 4, 'learning_rate': 0.0009238820477836052}. Best is trial 0 with value: 23.102113723754883.
[I 2023-12-26 11:32:31,088] Trial 34 finished with value: 48.92832565307617 and parameters: {'gradient_clip_val': 0.7393110959374329, 'hidden_size': 48, 'dropout': 0.21000006714503094, 'hidden_continuous_size': 17, 'attention_head_size': 4, 'learning_rate': 0.000505818656243086}. Best is trial 0 with value: 23.102113723754883.
[I 2023-12-26 11:32:33,531] Trial 35 finished with value: 65.04137420654297 and parameters: {'gradient_clip_val': 0.7248365275654782, 'hidden_size': 12, 'dropout': 0.20298109769057623, 'hidden_continuous_size': 6, 'attention_head_size': 2, 'learning_rate': 0.0005161016759580754}. Best is trial 0 with value: 23.102113723754883.
[I 2023-12-26 11:32:39,343] Trial 36 finished with value: 51.30735778808594 and parameters: {'gradient_clip_val': 0.7929033523682022, 'hidden_size': 72, 'dropout': 0.1791909996761077, 'hidden_continuous_size': 19, 'attention_head_size': 3, 'learning_rate': 0.0012736795403850995}. Best is trial 0 with value: 23.102113723754883.
[I 2023-12-26 11:32:45,843] Trial 37 finished with value: 74.3995361328125 and parameters: {'gradient_clip_val': 0.9290607675596492, 'hidden_size': 68, 'dropout': 0.17963895843559008, 'hidden_continuous_size': 20, 'attention_head_size': 4, 'learning_rate': 0.0008300503426599584}. Best is trial 0 with value: 23.102113723754883.
[I 2023-12-26 11:32:52,553] Trial 38 finished with value: 81.02484893798828 and parameters: {'gradient_clip_val': 0.8030292588563448, 'hidden_size': 84, 'dropout': 0.15806469659559674, 'hidden_continuous_size': 17, 'attention_head_size': 1, 'learning_rate': 0.001853337712928023}. Best is trial 0 with value: 23.102113723754883.
[I 2023-12-26 11:32:57,220] Trial 39 finished with value: 72.98355102539062 and parameters: {'gradient_clip_val': 0.818092868302778, 'hidden_size': 56, 'dropout': 0.23031067461828503, 'hidden_continuous_size': 19, 'attention_head_size': 3, 'learning_rate': 0.0012888394512552538}. Best is trial 0 with value: 23.102113723754883.
[I 2023-12-26 11:33:02,838] Trial 40 finished with value: 64.29117584228516 and parameters: {'gradient_clip_val': 0.9216692526607511, 'hidden_size': 72, 'dropout': 0.12389824578268385, 'hidden_continuous_size': 23, 'attention_head_size': 4, 'learning_rate': 0.002062024694684846}. Best is trial 0 with value: 23.102113723754883.
[I 2023-12-26 11:33:06,252] Trial 41 finished with value: 56.38307571411133 and parameters: {'gradient_clip_val': 0.7153257750211525, 'hidden_size': 36, 'dropout': 0.17149247898041872, 'hidden_continuous_size': 15, 'attention_head_size': 3, 'learning_rate': 0.0011187518861850573}. Best is trial 0 with value: 23.102113723754883.
[I 2023-12-26 11:33:09,175] Trial 42 finished with value: 80.61547088623047 and parameters: {'gradient_clip_val': 0.7009821495590323, 'hidden_size': 30, 'dropout': 0.19698700343776324, 'hidden_continuous_size': 16, 'attention_head_size': 3, 'learning_rate': 0.0008203728953041107}. Best is trial 0 with value: 23.102113723754883.
[I 2023-12-26 11:33:16,974] Trial 43 finished with value: 82.80876922607422 and parameters: {'gradient_clip_val': 0.8469950753542036, 'hidden_size': 92, 'dropout': 0.1668618233717595, 'hidden_continuous_size': 17, 'attention_head_size': 2, 'learning_rate': 0.001477980281927801}. Best is trial 0 with value: 23.102113723754883.
[I 2023-12-26 11:33:22,292] Trial 44 finished with value: 72.61046600341797 and parameters: {'gradient_clip_val': 0.485987568657372, 'hidden_size': 63, 'dropout': 0.1381224168268256, 'hidden_continuous_size': 19, 'attention_head_size': 3, 'learning_rate': 0.002417818572126348}. Best is trial 0 with value: 23.102113723754883.
[I 2023-12-26 11:33:26,716] Trial 45 finished with value: 77.57612609863281 and parameters: {'gradient_clip_val': 0.5360934733216676, 'hidden_size': 50, 'dropout': 0.2181109340264151, 'hidden_continuous_size': 13, 'attention_head_size': 3, 'learning_rate': 0.0010645358016936003}. Best is trial 0 with value: 23.102113723754883.
[I 2023-12-26 11:33:31,682] Trial 46 finished with value: 56.58903121948242 and parameters: {'gradient_clip_val': 0.6289458210001087, 'hidden_size': 73, 'dropout': 0.19771842007216323, 'hidden_continuous_size': 15, 'attention_head_size': 4, 'learning_rate': 0.0006936790264595896}. Best is trial 0 with value: 23.102113723754883.
[I 2023-12-26 11:33:40,782] Trial 47 finished with value: 83.0816421508789 and parameters: {'gradient_clip_val': 0.7491485101407303, 'hidden_size': 108, 'dropout': 0.1473534899772626, 'hidden_continuous_size': 25, 'attention_head_size': 4, 'learning_rate': 0.02794574486077504}. Best is trial 0 with value: 23.102113723754883.
[I 2023-12-26 11:33:44,551] Trial 48 finished with value: 61.1612663269043 and parameters: {'gradient_clip_val': 0.6588686244350427, 'hidden_size': 41, 'dropout': 0.2575010665849659, 'hidden_continuous_size': 18, 'attention_head_size': 1, 'learning_rate': 0.05159453097876847}. Best is trial 0 with value: 23.102113723754883.
[I 2023-12-26 11:33:53,480] Trial 49 finished with value: 65.75981140136719 and parameters: {'gradient_clip_val': 0.8825619290885465, 'hidden_size': 121, 'dropout': 0.22850433565460562, 'hidden_continuous_size': 35, 'attention_head_size': 4, 'learning_rate': 0.0005019655402582079}. Best is trial 0 with value: 23.102113723754883.
[I 2023-12-26 11:33:53,657] A new study created in memory with name: no-name-21413682-4084-460b-b1f0-9415791aa3a8
/home/le004/conda/anaconda3/envs/tsff_env/lib/python3.9/site-packages/lightning/fabric/plugins/environments/slurm.py:191: The `srun` command is available on your system but is not used. HINT: If your intention is to run Lightning on SLURM, prepend your python command with `srun` like so: srun python /home/le004/master_thesis/git/TSFusionForecast/code/ ...
[I 2023-12-26 11:36:47,150] Trial 0 finished with value: 9.698600769042969 and parameters: {'gradient_clip_val': 0.2775875479333431, 'hidden_size': 19, 'dropout': 0.1531094278750632, 'hidden_continuous_size': 10, 'attention_head_size': 1, 'learning_rate': 0.04867862875592819}. Best is trial 0 with value: 9.698600769042969.
[I 2023-12-26 11:36:49,680] Trial 1 finished with value: 42.05565643310547 and parameters: {'gradient_clip_val': 0.1389557055955501, 'hidden_size': 13, 'dropout': 0.23210495156733588, 'hidden_continuous_size': 5, 'attention_head_size': 3, 'learning_rate': 0.0030638111359284226}. Best is trial 0 with value: 9.698600769042969.
[I 2023-12-26 11:36:51,752] Trial 2 finished with value: 44.80522537231445 and parameters: {'gradient_clip_val': 0.1521466558611288, 'hidden_size': 6, 'dropout': 0.13415688509622226, 'hidden_continuous_size': 6, 'attention_head_size': 3, 'learning_rate': 0.0012752023647160978}. Best is trial 0 with value: 9.698600769042969.
[I 2023-12-26 11:36:57,383] Trial 3 finished with value: 32.75519943237305 and parameters: {'gradient_clip_val': 0.17619940434147927, 'hidden_size': 65, 'dropout': 0.1253168742501897, 'hidden_continuous_size': 65, 'attention_head_size': 1, 'learning_rate': 0.006540400802500793}. Best is trial 0 with value: 9.698600769042969.
[I 2023-12-26 11:37:00,250] Trial 4 finished with value: 37.98731231689453 and parameters: {'gradient_clip_val': 0.1258833165196553, 'hidden_size': 14, 'dropout': 0.3351042697468386, 'hidden_continuous_size': 12, 'attention_head_size': 4, 'learning_rate': 0.0007242079463296167}. Best is trial 0 with value: 9.698600769042969.
[I 2023-12-26 11:37:02,776] Trial 5 finished with value: 34.11806106567383 and parameters: {'gradient_clip_val': 0.11203612896428022, 'hidden_size': 17, 'dropout': 0.2785904106530286, 'hidden_continuous_size': 13, 'attention_head_size': 3, 'learning_rate': 0.000651449189015947}. Best is trial 0 with value: 9.698600769042969.
[I 2023-12-26 11:37:08,761] Trial 6 finished with value: 39.78810501098633 and parameters: {'gradient_clip_val': 0.8349085653712615, 'hidden_size': 71, 'dropout': 0.29776113636352985, 'hidden_continuous_size': 19, 'attention_head_size': 2, 'learning_rate': 0.006505094210138247}. Best is trial 0 with value: 9.698600769042969.
[I 2023-12-26 11:37:11,083] Trial 7 finished with value: 41.08336639404297 and parameters: {'gradient_clip_val': 0.6404953028450036, 'hidden_size': 11, 'dropout': 0.3399339053773265, 'hidden_continuous_size': 5, 'attention_head_size': 1, 'learning_rate': 0.07736245101112253}. Best is trial 0 with value: 9.698600769042969.
[I 2023-12-26 11:37:14,483] Trial 8 finished with value: 45.90884780883789 and parameters: {'gradient_clip_val': 0.12123306864122435, 'hidden_size': 33, 'dropout': 0.3013127704514165, 'hidden_continuous_size': 23, 'attention_head_size': 4, 'learning_rate': 0.008326462880129936}. Best is trial 0 with value: 9.698600769042969.
[I 2023-12-26 11:37:18,101] Trial 9 finished with value: 37.75233840942383 and parameters: {'gradient_clip_val': 0.4988019203381523, 'hidden_size': 38, 'dropout': 0.23788275993725835, 'hidden_continuous_size': 25, 'attention_head_size': 3, 'learning_rate': 0.0012351557368860263}. Best is trial 0 with value: 9.698600769042969.
[I 2023-12-26 11:37:28,895] Trial 10 finished with value: 30.32401466369629 and parameters: {'gradient_clip_val': 0.30063525094135524, 'hidden_size': 118, 'dropout': 0.4579860260775601, 'hidden_continuous_size': 116, 'attention_head_size': 2, 'learning_rate': 0.07454034634710628}. Best is trial 0 with value: 9.698600769042969.
[I 2023-12-26 11:37:42,410] Trial 11 finished with value: 23.796159744262695 and parameters: {'gradient_clip_val': 0.2851146678029547, 'hidden_size': 143, 'dropout': 0.4663898636147341, 'hidden_continuous_size': 133, 'attention_head_size': 2, 'learning_rate': 0.07384317650417017}. Best is trial 0 with value: 9.698600769042969.
[I 2023-12-26 11:37:54,551] Trial 12 finished with value: 29.016525268554688 and parameters: {'gradient_clip_val': 0.28414333034131706, 'hidden_size': 147, 'dropout': 0.4785691670637214, 'hidden_continuous_size': 54, 'attention_head_size': 1, 'learning_rate': 0.03382865455215806}. Best is trial 0 with value: 9.698600769042969.
[I 2023-12-26 11:37:57,522] Trial 13 finished with value: 31.371740341186523 and parameters: {'gradient_clip_val': 0.2415736596883366, 'hidden_size': 26, 'dropout': 0.39096714624951157, 'hidden_continuous_size': 9, 'attention_head_size': 2, 'learning_rate': 0.023167955058448465}. Best is trial 0 with value: 9.698600769042969.
