[I 2023-12-15 20:51:19,583] Trial 49 finished with value: 102.60572052001953 and parameters: {'gradient_clip_val': 0.133546002154103, 'hidden_size': 26, 'dropout': 0.1794814830939785, 'hidden_continuous_size': 7, 'attention_head_size': 2, 'learning_rate': 0.0005092570742692341}. Best is trial 33 with value: 84.54199981689453.
[I 2023-12-15 20:51:19,675] A new study created in memory with name: no-name-beba3ff5-4a96-4e77-860f-c4c2967fba81
/home/le004/conda/anaconda3/envs/tsff_env/lib/python3.9/site-packages/lightning/fabric/plugins/environments/slurm.py:191: The `srun` command is available on your system but is not used. HINT: If your intention is to run Lightning on SLURM, prepend your python command with `srun` like so: srun python /home/le004/master_thesis/git/TSFusionForecast/code/ ...
LOCAL_RANK: 0 - CUDA_VISIBLE_DEVICES: [0]
[I 2023-12-15 20:52:05,092] Trial 0 finished with value: 14.363724708557129 and parameters: {'gradient_clip_val': 0.16536809798064506, 'hidden_size': 14, 'dropout': 0.11986792917146061, 'hidden_continuous_size': 8, 'attention_head_size': 2, 'learning_rate': 0.005569291143758925}. Best is trial 0 with value: 14.363724708557129.
LOCAL_RANK: 0 - CUDA_VISIBLE_DEVICES: [0]
[I 2023-12-15 20:52:49,310] Trial 1 finished with value: 15.231391906738281 and parameters: {'gradient_clip_val': 0.6758880766804151, 'hidden_size': 16, 'dropout': 0.18118487680362166, 'hidden_continuous_size': 7, 'attention_head_size': 1, 'learning_rate': 0.04532596746950906}. Best is trial 0 with value: 14.363724708557129.
LOCAL_RANK: 0 - CUDA_VISIBLE_DEVICES: [0]
[I 2023-12-15 20:53:43,118] Trial 2 finished with value: 12.437769889831543 and parameters: {'gradient_clip_val': 0.161257448767017, 'hidden_size': 52, 'dropout': 0.11153455453676457, 'hidden_continuous_size': 43, 'attention_head_size': 4, 'learning_rate': 0.0008688560258968285}. Best is trial 2 with value: 12.437769889831543.
LOCAL_RANK: 0 - CUDA_VISIBLE_DEVICES: [0]
[I 2023-12-15 20:54:36,670] Trial 3 finished with value: 22.02339744567871 and parameters: {'gradient_clip_val': 0.42407112545351633, 'hidden_size': 86, 'dropout': 0.10986278399265363, 'hidden_continuous_size': 14, 'attention_head_size': 2, 'learning_rate': 0.003008100159439374}. Best is trial 2 with value: 12.437769889831543.
LOCAL_RANK: 0 - CUDA_VISIBLE_DEVICES: [0]
[I 2023-12-15 20:55:11,006] Trial 4 finished with value: 7.130990505218506 and parameters: {'gradient_clip_val': 0.1823042176604194, 'hidden_size': 5, 'dropout': 0.11344039753823876, 'hidden_continuous_size': 5, 'attention_head_size': 3, 'learning_rate': 0.05714793846890526}. Best is trial 4 with value: 7.130990505218506.
LOCAL_RANK: 0 - CUDA_VISIBLE_DEVICES: [0]
[I 2023-12-15 20:55:56,675] Trial 5 finished with value: 9.857274055480957 and parameters: {'gradient_clip_val': 0.2832880537153998, 'hidden_size': 11, 'dropout': 0.3354703502764697, 'hidden_continuous_size': 8, 'attention_head_size': 2, 'learning_rate': 0.001183797175435854}. Best is trial 4 with value: 7.130990505218506.
LOCAL_RANK: 0 - CUDA_VISIBLE_DEVICES: [0]
[I 2023-12-15 20:56:40,524] Trial 6 finished with value: 6.688364505767822 and parameters: {'gradient_clip_val': 0.5759796869916309, 'hidden_size': 16, 'dropout': 0.27535446492960236, 'hidden_continuous_size': 5, 'attention_head_size': 1, 'learning_rate': 0.025091231913429705}. Best is trial 6 with value: 6.688364505767822.
LOCAL_RANK: 0 - CUDA_VISIBLE_DEVICES: [0]
[I 2023-12-15 20:57:14,698] Trial 7 finished with value: 17.789188385009766 and parameters: {'gradient_clip_val': 0.3099127857865703, 'hidden_size': 5, 'dropout': 0.15817877148762988, 'hidden_continuous_size': 5, 'attention_head_size': 3, 'learning_rate': 0.0008281552087420218}. Best is trial 6 with value: 6.688364505767822.
LOCAL_RANK: 0 - CUDA_VISIBLE_DEVICES: [0]
[I 2023-12-15 20:58:03,810] Trial 8 finished with value: 13.353941917419434 and parameters: {'gradient_clip_val': 0.1473324000878548, 'hidden_size': 23, 'dropout': 0.3197894040107042, 'hidden_continuous_size': 9, 'attention_head_size': 3, 'learning_rate': 0.0323118131198842}. Best is trial 6 with value: 6.688364505767822.
LOCAL_RANK: 0 - CUDA_VISIBLE_DEVICES: [0]
[I 2023-12-15 20:58:52,975] Trial 9 finished with value: 15.574275016784668 and parameters: {'gradient_clip_val': 0.26327511234360623, 'hidden_size': 23, 'dropout': 0.19232073317089515, 'hidden_continuous_size': 10, 'attention_head_size': 4, 'learning_rate': 0.09024204865842048}. Best is trial 6 with value: 6.688364505767822.
LOCAL_RANK: 0 - CUDA_VISIBLE_DEVICES: [0]
[I 2023-12-15 20:59:44,095] Trial 10 finished with value: 14.547045707702637 and parameters: {'gradient_clip_val': 0.8909654876142843, 'hidden_size': 38, 'dropout': 0.2728870584837313, 'hidden_continuous_size': 15, 'attention_head_size': 1, 'learning_rate': 0.016142346140957307}. Best is trial 6 with value: 6.688364505767822.
LOCAL_RANK: 0 - CUDA_VISIBLE_DEVICES: [0]
[I 2023-12-15 21:00:18,414] Trial 11 finished with value: 14.27495288848877 and parameters: {'gradient_clip_val': 0.5040673179745282, 'hidden_size': 5, 'dropout': 0.25138356104059756, 'hidden_continuous_size': 5, 'attention_head_size': 3, 'learning_rate': 0.014390218398542192}. Best is trial 6 with value: 6.688364505767822.
LOCAL_RANK: 0 - CUDA_VISIBLE_DEVICES: [0]
[I 2023-12-15 21:01:01,803] Trial 12 finished with value: 9.087679862976074 and parameters: {'gradient_clip_val': 0.9953263469652094, 'hidden_size': 8, 'dropout': 0.3972257196956036, 'hidden_continuous_size': 5, 'attention_head_size': 1, 'learning_rate': 0.07557954996131057}. Best is trial 6 with value: 6.688364505767822.
LOCAL_RANK: 0 - CUDA_VISIBLE_DEVICES: [0]
[I 2023-12-15 21:01:45,751] Trial 13 finished with value: 17.554475784301758 and parameters: {'gradient_clip_val': 0.21326843364104392, 'hidden_size': 8, 'dropout': 0.21909883971557773, 'hidden_continuous_size': 5, 'attention_head_size': 3, 'learning_rate': 0.026545740208430486}. Best is trial 6 with value: 6.688364505767822.
LOCAL_RANK: 0 - CUDA_VISIBLE_DEVICES: [0]
[I 2023-12-15 21:02:29,651] Trial 14 finished with value: 8.416596412658691 and parameters: {'gradient_clip_val': 0.11990937868120378, 'hidden_size': 8, 'dropout': 0.2229696634530559, 'hidden_continuous_size': 5, 'attention_head_size': 2, 'learning_rate': 0.05845650989683485}. Best is trial 6 with value: 6.688364505767822.
LOCAL_RANK: 0 - CUDA_VISIBLE_DEVICES: [0]
[I 2023-12-15 21:03:16,657] Trial 15 finished with value: 14.647831916809082 and parameters: {'gradient_clip_val': 0.39897250155525327, 'hidden_size': 18, 'dropout': 0.2780145071974211, 'hidden_continuous_size': 6, 'attention_head_size': 4, 'learning_rate': 0.019080671774657706}. Best is trial 6 with value: 6.688364505767822.
LOCAL_RANK: 0 - CUDA_VISIBLE_DEVICES: [0]
[I 2023-12-15 21:03:50,119] Trial 16 finished with value: 10.795162200927734 and parameters: {'gradient_clip_val': 0.1102990735056395, 'hidden_size': 5, 'dropout': 0.15271311967406787, 'hidden_continuous_size': 5, 'attention_head_size': 1, 'learning_rate': 0.038771364829588595}. Best is trial 6 with value: 6.688364505767822.
LOCAL_RANK: 0 - CUDA_VISIBLE_DEVICES: [0]
[I 2023-12-15 21:04:35,085] Trial 17 finished with value: 8.56161880493164 and parameters: {'gradient_clip_val': 0.21400076567704468, 'hidden_size': 11, 'dropout': 0.22352301043859849, 'hidden_continuous_size': 6, 'attention_head_size': 2, 'learning_rate': 0.08761512552205791}. Best is trial 6 with value: 6.688364505767822.
LOCAL_RANK: 0 - CUDA_VISIBLE_DEVICES: [0]
[I 2023-12-15 21:05:23,909] Trial 18 finished with value: 11.677861213684082 and parameters: {'gradient_clip_val': 0.5592824896494981, 'hidden_size': 29, 'dropout': 0.1462034134705297, 'hidden_continuous_size': 6, 'attention_head_size': 3, 'learning_rate': 0.011945367779179155}. Best is trial 6 with value: 6.688364505767822.
LOCAL_RANK: 0 - CUDA_VISIBLE_DEVICES: [0]
[I 2023-12-15 21:06:09,746] Trial 19 finished with value: 10.116135597229004 and parameters: {'gradient_clip_val': 0.3528342368671453, 'hidden_size': 13, 'dropout': 0.19172825487794504, 'hidden_continuous_size': 6, 'attention_head_size': 4, 'learning_rate': 0.044319203774503046}. Best is trial 6 with value: 6.688364505767822.
LOCAL_RANK: 0 - CUDA_VISIBLE_DEVICES: [0]
[I 2023-12-15 21:06:54,274] Trial 20 finished with value: 15.756454467773438 and parameters: {'gradient_clip_val': 0.723618947676273, 'hidden_size': 7, 'dropout': 0.14445499947078716, 'hidden_continuous_size': 5, 'attention_head_size': 1, 'learning_rate': 0.0261281528910585}. Best is trial 6 with value: 6.688364505767822.
LOCAL_RANK: 0 - CUDA_VISIBLE_DEVICES: [0]
[I 2023-12-15 21:07:38,799] Trial 21 finished with value: 20.552968978881836 and parameters: {'gradient_clip_val': 0.1020841426272003, 'hidden_size': 7, 'dropout': 0.10112331789108564, 'hidden_continuous_size': 5, 'attention_head_size': 2, 'learning_rate': 0.051115568056607934}. Best is trial 6 with value: 6.688364505767822.
LOCAL_RANK: 0 - CUDA_VISIBLE_DEVICES: [0]
[I 2023-12-15 21:08:23,828] Trial 22 finished with value: 10.629931449890137 and parameters: {'gradient_clip_val': 0.13224595495168684, 'hidden_size': 10, 'dropout': 0.21740376314730914, 'hidden_continuous_size': 5, 'attention_head_size': 2, 'learning_rate': 0.053857905850109786}. Best is trial 6 with value: 6.688364505767822.
LOCAL_RANK: 0 - CUDA_VISIBLE_DEVICES: [0]
[I 2023-12-15 21:09:08,836] Trial 23 finished with value: 13.29119873046875 and parameters: {'gradient_clip_val': 0.20174200081378543, 'hidden_size': 6, 'dropout': 0.24927567260625777, 'hidden_continuous_size': 5, 'attention_head_size': 3, 'learning_rate': 0.06488588771998308}. Best is trial 6 with value: 6.688364505767822.
LOCAL_RANK: 0 - CUDA_VISIBLE_DEVICES: [0]
[I 2023-12-15 21:09:53,553] Trial 24 finished with value: 12.909932136535645 and parameters: {'gradient_clip_val': 0.1251328529789247, 'hidden_size': 9, 'dropout': 0.17469064928612787, 'hidden_continuous_size': 5, 'attention_head_size': 1, 'learning_rate': 0.029021560086537643}. Best is trial 6 with value: 6.688364505767822.
LOCAL_RANK: 0 - CUDA_VISIBLE_DEVICES: [0]
[I 2023-12-15 21:10:38,372] Trial 25 finished with value: 12.684791564941406 and parameters: {'gradient_clip_val': 0.12109717055726812, 'hidden_size': 6, 'dropout': 0.1333879301351526, 'hidden_continuous_size': 5, 'attention_head_size': 2, 'learning_rate': 0.06445705483158945}. Best is trial 6 with value: 6.688364505767822.
LOCAL_RANK: 0 - CUDA_VISIBLE_DEVICES: [0]
[I 2023-12-15 21:11:22,981] Trial 26 finished with value: 21.931787490844727 and parameters: {'gradient_clip_val': 0.10136116757534705, 'hidden_size': 12, 'dropout': 0.17268009844617613, 'hidden_continuous_size': 6, 'attention_head_size': 3, 'learning_rate': 0.09621359362813382}. Best is trial 6 with value: 6.688364505767822.
LOCAL_RANK: 0 - CUDA_VISIBLE_DEVICES: [0]
[I 2023-12-15 21:12:08,128] Trial 27 finished with value: 11.86434555053711 and parameters: {'gradient_clip_val': 0.17809291566892516, 'hidden_size': 9, 'dropout': 0.20200699755406862, 'hidden_continuous_size': 5, 'attention_head_size': 2, 'learning_rate': 0.022596448730160874}. Best is trial 6 with value: 6.688364505767822.
LOCAL_RANK: 0 - CUDA_VISIBLE_DEVICES: [0]
[I 2023-12-15 21:12:52,175] Trial 28 finished with value: 23.81279182434082 and parameters: {'gradient_clip_val': 0.14380501864040884, 'hidden_size': 16, 'dropout': 0.13004241712976133, 'hidden_continuous_size': 6, 'attention_head_size': 1, 'learning_rate': 0.040398250886832514}. Best is trial 6 with value: 6.688364505767822.
LOCAL_RANK: 0 - CUDA_VISIBLE_DEVICES: [0]
[I 2023-12-15 21:13:37,591] Trial 29 finished with value: 14.17351245880127 and parameters: {'gradient_clip_val': 0.24697795662950528, 'hidden_size': 14, 'dropout': 0.1226366507039351, 'hidden_continuous_size': 7, 'attention_head_size': 2, 'learning_rate': 0.01007071426229492}. Best is trial 6 with value: 6.688364505767822.
LOCAL_RANK: 0 - CUDA_VISIBLE_DEVICES: [0]
[I 2023-12-15 21:14:22,111] Trial 30 finished with value: 11.148564338684082 and parameters: {'gradient_clip_val': 0.15435932306574887, 'hidden_size': 6, 'dropout': 0.1529326874592986, 'hidden_continuous_size': 5, 'attention_head_size': 2, 'learning_rate': 0.020897793558428277}. Best is trial 6 with value: 6.688364505767822.
LOCAL_RANK: 0 - CUDA_VISIBLE_DEVICES: [0]
[I 2023-12-15 21:15:07,356] Trial 31 finished with value: 17.992605209350586 and parameters: {'gradient_clip_val': 0.1769896531266012, 'hidden_size': 11, 'dropout': 0.22079690377229808, 'hidden_continuous_size': 6, 'attention_head_size': 2, 'learning_rate': 0.09365369440001864}. Best is trial 6 with value: 6.688364505767822.
LOCAL_RANK: 0 - CUDA_VISIBLE_DEVICES: [0]
[I 2023-12-15 21:15:52,836] Trial 32 finished with value: 13.093742370605469 and parameters: {'gradient_clip_val': 0.22734800057610524, 'hidden_size': 13, 'dropout': 0.23380621790457637, 'hidden_continuous_size': 6, 'attention_head_size': 3, 'learning_rate': 0.06399324431829809}. Best is trial 6 with value: 6.688364505767822.
LOCAL_RANK: 0 - CUDA_VISIBLE_DEVICES: [0]
[I 2023-12-15 21:16:37,675] Trial 33 finished with value: 5.187224864959717 and parameters: {'gradient_clip_val': 0.19476650412829657, 'hidden_size': 9, 'dropout': 0.20066222332989803, 'hidden_continuous_size': 5, 'attention_head_size': 2, 'learning_rate': 0.03704857585149058}. Best is trial 33 with value: 5.187224864959717.
LOCAL_RANK: 0 - CUDA_VISIBLE_DEVICES: [0]
[I 2023-12-15 21:17:22,025] Trial 34 finished with value: 18.098947525024414 and parameters: {'gradient_clip_val': 0.17852490110783228, 'hidden_size': 16, 'dropout': 0.16923109193104946, 'hidden_continuous_size': 7, 'attention_head_size': 1, 'learning_rate': 0.03700216202223506}. Best is trial 33 with value: 5.187224864959717.
LOCAL_RANK: 0 - CUDA_VISIBLE_DEVICES: [0]
[I 2023-12-15 21:18:06,263] Trial 35 finished with value: 6.724572658538818 and parameters: {'gradient_clip_val': 0.19037313578017753, 'hidden_size': 9, 'dropout': 0.10087066252169001, 'hidden_continuous_size': 5, 'attention_head_size': 1, 'learning_rate': 0.052448610444433864}. Best is trial 33 with value: 5.187224864959717.
LOCAL_RANK: 0 - CUDA_VISIBLE_DEVICES: [0]
[I 2023-12-15 21:18:50,664] Trial 36 finished with value: 13.981117248535156 and parameters: {'gradient_clip_val': 0.27312710907850035, 'hidden_size': 9, 'dropout': 0.10203468310696785, 'hidden_continuous_size': 5, 'attention_head_size': 1, 'learning_rate': 0.03271572445629068}. Best is trial 33 with value: 5.187224864959717.
LOCAL_RANK: 0 - CUDA_VISIBLE_DEVICES: [0]
[I 2023-12-15 21:19:35,497] Trial 37 finished with value: 8.95053768157959 and parameters: {'gradient_clip_val': 0.3085596655731284, 'hidden_size': 10, 'dropout': 0.12312869767564799, 'hidden_continuous_size': 5, 'attention_head_size': 1, 'learning_rate': 0.006888126712677055}. Best is trial 33 with value: 5.187224864959717.
LOCAL_RANK: 0 - CUDA_VISIBLE_DEVICES: [0]
[I 2023-12-15 21:20:22,032] Trial 38 finished with value: 9.831151962280273 and parameters: {'gradient_clip_val': 0.23630702520579722, 'hidden_size': 19, 'dropout': 0.11597066718085415, 'hidden_continuous_size': 7, 'attention_head_size': 1, 'learning_rate': 0.04616820966628009}. Best is trial 33 with value: 5.187224864959717.
LOCAL_RANK: 0 - CUDA_VISIBLE_DEVICES: [0]
[I 2023-12-15 21:21:06,938] Trial 39 finished with value: 10.052340507507324 and parameters: {'gradient_clip_val': 0.19636897615588708, 'hidden_size': 13, 'dropout': 0.13478345604476377, 'hidden_continuous_size': 6, 'attention_head_size': 1, 'learning_rate': 0.031270201865419914}. Best is trial 33 with value: 5.187224864959717.
LOCAL_RANK: 0 - CUDA_VISIBLE_DEVICES: [0]
[I 2023-12-15 21:21:53,383] Trial 40 finished with value: 9.445921897888184 and parameters: {'gradient_clip_val': 0.25914219346568984, 'hidden_size': 15, 'dropout': 0.11129474296440324, 'hidden_continuous_size': 7, 'attention_head_size': 4, 'learning_rate': 0.04384415542412594}. Best is trial 33 with value: 5.187224864959717.
LOCAL_RANK: 0 - CUDA_VISIBLE_DEVICES: [0]
[I 2023-12-15 21:22:38,224] Trial 41 finished with value: 7.067452907562256 and parameters: {'gradient_clip_val': 0.15862123216470936, 'hidden_size': 7, 'dropout': 0.18712837923760547, 'hidden_continuous_size': 5, 'attention_head_size': 2, 'learning_rate': 0.057393439873962136}. Best is trial 33 with value: 5.187224864959717.
LOCAL_RANK: 0 - CUDA_VISIBLE_DEVICES: [0]
[I 2023-12-15 21:23:11,937] Trial 42 finished with value: 10.442283630371094 and parameters: {'gradient_clip_val': 0.15503706019220106, 'hidden_size': 5, 'dropout': 0.18565359387052247, 'hidden_continuous_size': 5, 'attention_head_size': 2, 'learning_rate': 0.06427250924103302}. Best is trial 33 with value: 5.187224864959717.
LOCAL_RANK: 0 - CUDA_VISIBLE_DEVICES: [0]
[I 2023-12-15 21:23:57,266] Trial 43 finished with value: 14.936755180358887 and parameters: {'gradient_clip_val': 0.16297207637508748, 'hidden_size': 7, 'dropout': 0.16065241249461848, 'hidden_continuous_size': 5, 'attention_head_size': 3, 'learning_rate': 0.07357668039056392}. Best is trial 33 with value: 5.187224864959717.
LOCAL_RANK: 0 - CUDA_VISIBLE_DEVICES: [0]
[I 2023-12-15 21:24:42,583] Trial 44 finished with value: 17.000459671020508 and parameters: {'gradient_clip_val': 0.20472062478998573, 'hidden_size': 6, 'dropout': 0.10043270759945785, 'hidden_continuous_size': 5, 'attention_head_size': 3, 'learning_rate': 0.05042224938064307}. Best is trial 33 with value: 5.187224864959717.
LOCAL_RANK: 0 - CUDA_VISIBLE_DEVICES: [0]
[I 2023-12-15 21:25:28,529] Trial 45 finished with value: 13.864532470703125 and parameters: {'gradient_clip_val': 0.19256661883167728, 'hidden_size': 11, 'dropout': 0.1371094785732864, 'hidden_continuous_size': 9, 'attention_head_size': 2, 'learning_rate': 0.023805160962653994}. Best is trial 33 with value: 5.187224864959717.
LOCAL_RANK: 0 - CUDA_VISIBLE_DEVICES: [0]
[I 2023-12-15 21:26:02,027] Trial 46 finished with value: 9.029288291931152 and parameters: {'gradient_clip_val': 0.1420008641933593, 'hidden_size': 5, 'dropout': 0.1634755115856806, 'hidden_continuous_size': 5, 'attention_head_size': 1, 'learning_rate': 0.01726029520400467}. Best is trial 33 with value: 5.187224864959717.
LOCAL_RANK: 0 - CUDA_VISIBLE_DEVICES: [0]
[I 2023-12-15 21:26:46,703] Trial 47 finished with value: 8.21464729309082 and parameters: {'gradient_clip_val': 0.2896096318265704, 'hidden_size': 7, 'dropout': 0.2024917633165002, 'hidden_continuous_size': 5, 'attention_head_size': 2, 'learning_rate': 0.03476744857306072}. Best is trial 33 with value: 5.187224864959717.
LOCAL_RANK: 0 - CUDA_VISIBLE_DEVICES: [0]
[I 2023-12-15 21:27:30,084] Trial 48 finished with value: 9.819296836853027 and parameters: {'gradient_clip_val': 0.22730118552346784, 'hidden_size': 8, 'dropout': 0.11970776716690777, 'hidden_continuous_size': 5, 'attention_head_size': 1, 'learning_rate': 0.027868599946356366}. Best is trial 33 with value: 5.187224864959717.
LOCAL_RANK: 0 - CUDA_VISIBLE_DEVICES: [0]
[I 2023-12-15 21:28:18,015] Trial 49 finished with value: 13.565592765808105 and parameters: {'gradient_clip_val': 0.16768630652573918, 'hidden_size': 18, 'dropout': 0.1796386843635472, 'hidden_continuous_size': 10, 'attention_head_size': 3, 'learning_rate': 0.07956714425531375}. Best is trial 33 with value: 5.187224864959717.
[I 2023-12-15 21:28:18,111] A new study created in memory with name: no-name-c46e2360-2176-4224-9806-1d9cc5070419
/home/le004/conda/anaconda3/envs/tsff_env/lib/python3.9/site-packages/lightning/fabric/plugins/environments/slurm.py:191: The `srun` command is available on your system but is not used. HINT: If your intention is to run Lightning on SLURM, prepend your python command with `srun` like so: srun python /home/le004/master_thesis/git/TSFusionForecast/code/ ...
LOCAL_RANK: 0 - CUDA_VISIBLE_DEVICES: [0]
[I 2023-12-15 21:29:09,054] Trial 0 finished with value: 32.440494537353516 and parameters: {'gradient_clip_val': 0.17849957364235206, 'hidden_size': 53, 'dropout': 0.3095471011873133, 'hidden_continuous_size': 5, 'attention_head_size': 2, 'learning_rate': 0.028844994337782648}. Best is trial 0 with value: 32.440494537353516.
LOCAL_RANK: 0 - CUDA_VISIBLE_DEVICES: [0]
[I 2023-12-15 21:30:03,406] Trial 1 finished with value: 21.093761444091797 and parameters: {'gradient_clip_val': 0.5939154875434525, 'hidden_size': 69, 'dropout': 0.2154254894765441, 'hidden_continuous_size': 21, 'attention_head_size': 4, 'learning_rate': 0.045139277190421434}. Best is trial 1 with value: 21.093761444091797.
LOCAL_RANK: 0 - CUDA_VISIBLE_DEVICES: [0]
[I 2023-12-15 21:30:48,486] Trial 2 finished with value: 9.19267749786377 and parameters: {'gradient_clip_val': 0.19469766860004573, 'hidden_size': 7, 'dropout': 0.3355036101068808, 'hidden_continuous_size': 6, 'attention_head_size': 3, 'learning_rate': 0.001292934176589622}. Best is trial 2 with value: 9.19267749786377.
LOCAL_RANK: 0 - CUDA_VISIBLE_DEVICES: [0]
[I 2023-12-15 21:31:37,300] Trial 3 finished with value: 6.703096866607666 and parameters: {'gradient_clip_val': 0.4694657307971747, 'hidden_size': 26, 'dropout': 0.33082499675599053, 'hidden_continuous_size': 7, 'attention_head_size': 3, 'learning_rate': 0.012402686517391608}. Best is trial 3 with value: 6.703096866607666.
LOCAL_RANK: 0 - CUDA_VISIBLE_DEVICES: [0]
[I 2023-12-15 21:32:29,312] Trial 4 finished with value: 8.601780891418457 and parameters: {'gradient_clip_val': 0.8047150451588454, 'hidden_size': 62, 'dropout': 0.28344517374586814, 'hidden_continuous_size': 7, 'attention_head_size': 2, 'learning_rate': 0.0006383590023854558}. Best is trial 3 with value: 6.703096866607666.
LOCAL_RANK: 0 - CUDA_VISIBLE_DEVICES: [0]
[I 2023-12-15 21:33:18,390] Trial 5 finished with value: 32.08975601196289 and parameters: {'gradient_clip_val': 0.1862945150116667, 'hidden_size': 32, 'dropout': 0.2807806059040351, 'hidden_continuous_size': 18, 'attention_head_size': 1, 'learning_rate': 0.0027544466977831817}. Best is trial 3 with value: 6.703096866607666.
LOCAL_RANK: 0 - CUDA_VISIBLE_DEVICES: [0]
