[I 2023-12-26 12:42:08,294] Trial 3 finished with value: 304.5776062011719 and parameters: {'gradient_clip_val': 0.3523991501867061, 'hidden_size': 9, 'dropout': 0.46788175831477363, 'hidden_continuous_size': 6, 'attention_head_size': 1, 'learning_rate': 0.0005993775028429504}. Best is trial 0 with value: 100.77735137939453.
[I 2023-12-26 12:42:09,986] Trial 4 finished with value: 386.9493408203125 and parameters: {'gradient_clip_val': 0.25573121778368435, 'hidden_size': 8, 'dropout': 0.2057024393231134, 'hidden_continuous_size': 8, 'attention_head_size': 3, 'learning_rate': 0.036016815321883784}. Best is trial 0 with value: 100.77735137939453.
[I 2023-12-26 12:42:11,668] Trial 5 finished with value: 388.5179748535156 and parameters: {'gradient_clip_val': 0.44651286472216906, 'hidden_size': 6, 'dropout': 0.13311574104842308, 'hidden_continuous_size': 6, 'attention_head_size': 1, 'learning_rate': 0.0009412862957672465}. Best is trial 0 with value: 100.77735137939453.
[I 2023-12-26 12:42:13,671] Trial 6 finished with value: 365.286865234375 and parameters: {'gradient_clip_val': 0.6421951055866681, 'hidden_size': 18, 'dropout': 0.29926336704450024, 'hidden_continuous_size': 7, 'attention_head_size': 1, 'learning_rate': 0.0005627816647632423}. Best is trial 0 with value: 100.77735137939453.
[I 2023-12-26 12:42:16,040] Trial 7 finished with value: 340.6426086425781 and parameters: {'gradient_clip_val': 0.33770790232313197, 'hidden_size': 23, 'dropout': 0.2067298843808718, 'hidden_continuous_size': 22, 'attention_head_size': 4, 'learning_rate': 0.008943263239500584}. Best is trial 0 with value: 100.77735137939453.
[I 2023-12-26 12:42:17,914] Trial 8 finished with value: 317.8236083984375 and parameters: {'gradient_clip_val': 0.1805599405103399, 'hidden_size': 6, 'dropout': 0.2890599815710295, 'hidden_continuous_size': 5, 'attention_head_size': 4, 'learning_rate': 0.046772515903960525}. Best is trial 0 with value: 100.77735137939453.
[I 2023-12-26 12:42:20,082] Trial 9 finished with value: 432.4801330566406 and parameters: {'gradient_clip_val': 0.84076201283615, 'hidden_size': 21, 'dropout': 0.19105533074658526, 'hidden_continuous_size': 6, 'attention_head_size': 4, 'learning_rate': 0.0019745421610064275}. Best is trial 0 with value: 100.77735137939453.
[I 2023-12-26 12:42:28,524] Trial 10 finished with value: 426.7012939453125 and parameters: {'gradient_clip_val': 0.9343160955204965, 'hidden_size': 136, 'dropout': 0.10568249680914046, 'hidden_continuous_size': 81, 'attention_head_size': 2, 'learning_rate': 0.0028579982397690727}. Best is trial 0 with value: 100.77735137939453.
[I 2023-12-26 12:42:31,983] Trial 11 finished with value: 391.4291687011719 and parameters: {'gradient_clip_val': 0.5046932273825094, 'hidden_size': 60, 'dropout': 0.4256219782585981, 'hidden_continuous_size': 12, 'attention_head_size': 3, 'learning_rate': 0.0743964413841298}. Best is trial 0 with value: 100.77735137939453.
[I 2023-12-26 12:42:34,864] Trial 12 finished with value: 468.1774597167969 and parameters: {'gradient_clip_val': 0.12227652497789814, 'hidden_size': 46, 'dropout': 0.38205610662666584, 'hidden_continuous_size': 12, 'attention_head_size': 3, 'learning_rate': 0.09117856510698978}. Best is trial 0 with value: 100.77735137939453.
[I 2023-12-26 12:42:37,125] Trial 13 finished with value: 520.9481811523438 and parameters: {'gradient_clip_val': 0.7167422914139943, 'hidden_size': 14, 'dropout': 0.36740787852403983, 'hidden_continuous_size': 10, 'attention_head_size': 2, 'learning_rate': 0.016823390589396435}. Best is trial 0 with value: 100.77735137939453.
[I 2023-12-26 12:42:39,931] Trial 14 finished with value: 313.3558349609375 and parameters: {'gradient_clip_val': 0.4411357455659688, 'hidden_size': 44, 'dropout': 0.49695094159494735, 'hidden_continuous_size': 16, 'attention_head_size': 4, 'learning_rate': 0.021483593249631498}. Best is trial 0 with value: 100.77735137939453.
[I 2023-12-26 12:42:41,667] Trial 15 finished with value: 357.8531494140625 and parameters: {'gradient_clip_val': 0.9538113272019708, 'hidden_size': 5, 'dropout': 0.3360716356964515, 'hidden_continuous_size': 5, 'attention_head_size': 3, 'learning_rate': 0.004450462748179614}. Best is trial 0 with value: 100.77735137939453.
[I 2023-12-26 12:42:43,631] Trial 16 finished with value: 414.6788330078125 and parameters: {'gradient_clip_val': 0.2718324708362129, 'hidden_size': 12, 'dropout': 0.39883403856305816, 'hidden_continuous_size': 7, 'attention_head_size': 2, 'learning_rate': 0.001864883437299152}. Best is trial 0 with value: 100.77735137939453.
[I 2023-12-26 12:42:45,945] Trial 17 finished with value: 457.698486328125 and parameters: {'gradient_clip_val': 0.535393694011963, 'hidden_size': 32, 'dropout': 0.44909372438067124, 'hidden_continuous_size': 10, 'attention_head_size': 4, 'learning_rate': 0.009972928990581359}. Best is trial 0 with value: 100.77735137939453.
[I 2023-12-26 12:42:50,237] Trial 18 finished with value: 329.7556457519531 and parameters: {'gradient_clip_val': 0.6532289871025257, 'hidden_size': 76, 'dropout': 0.34287643715642674, 'hidden_continuous_size': 17, 'attention_head_size': 3, 'learning_rate': 0.017942173392642063}. Best is trial 0 with value: 100.77735137939453.
[I 2023-12-26 12:42:52,676] Trial 19 finished with value: 441.5242614746094 and parameters: {'gradient_clip_val': 0.4000681802887602, 'hidden_size': 29, 'dropout': 0.24819131610445333, 'hidden_continuous_size': 9, 'attention_head_size': 4, 'learning_rate': 0.004839856806474677}. Best is trial 0 with value: 100.77735137939453.
[I 2023-12-26 12:42:54,779] Trial 20 finished with value: 266.20147705078125 and parameters: {'gradient_clip_val': 0.5162667590641825, 'hidden_size': 15, 'dropout': 0.42596751225043505, 'hidden_continuous_size': 7, 'attention_head_size': 3, 'learning_rate': 0.04008527264896302}. Best is trial 0 with value: 100.77735137939453.
[I 2023-12-26 12:42:56,823] Trial 21 finished with value: 359.6163024902344 and parameters: {'gradient_clip_val': 0.5086896580301679, 'hidden_size': 14, 'dropout': 0.41683589146738154, 'hidden_continuous_size': 7, 'attention_head_size': 3, 'learning_rate': 0.09510750716345778}. Best is trial 0 with value: 100.77735137939453.
[I 2023-12-26 12:42:58,843] Trial 22 finished with value: 394.3243713378906 and parameters: {'gradient_clip_val': 0.6994976940626447, 'hidden_size': 17, 'dropout': 0.4424266703001998, 'hidden_continuous_size': 8, 'attention_head_size': 2, 'learning_rate': 0.05384726280185463}. Best is trial 0 with value: 100.77735137939453.
[I 2023-12-26 12:43:00,840] Trial 23 finished with value: 313.1203918457031 and parameters: {'gradient_clip_val': 0.8019231866245876, 'hidden_size': 11, 'dropout': 0.33694692231027545, 'hidden_continuous_size': 6, 'attention_head_size': 3, 'learning_rate': 0.032153710533583554}. Best is trial 0 with value: 100.77735137939453.
[I 2023-12-26 12:43:02,849] Trial 24 finished with value: 481.2962646484375 and parameters: {'gradient_clip_val': 0.5544935014410511, 'hidden_size': 10, 'dropout': 0.39733910446991233, 'hidden_continuous_size': 7, 'attention_head_size': 3, 'learning_rate': 0.07369004763142482}. Best is trial 0 with value: 100.77735137939453.
[I 2023-12-26 12:43:05,215] Trial 25 finished with value: 345.5250244140625 and parameters: {'gradient_clip_val': 0.42059749766196297, 'hidden_size': 15, 'dropout': 0.4879485881809508, 'hidden_continuous_size': 9, 'attention_head_size': 4, 'learning_rate': 0.056068034119152815}. Best is trial 0 with value: 100.77735137939453.
[I 2023-12-26 12:43:07,355] Trial 26 finished with value: 601.4820556640625 and parameters: {'gradient_clip_val': 0.7887882717341728, 'hidden_size': 24, 'dropout': 0.4380555985514424, 'hidden_continuous_size': 11, 'attention_head_size': 2, 'learning_rate': 0.03975907734857868}. Best is trial 0 with value: 100.77735137939453.
[I 2023-12-26 12:43:09,454] Trial 27 finished with value: 400.67578125 and parameters: {'gradient_clip_val': 0.5964764143616345, 'hidden_size': 19, 'dropout': 0.47038873580355095, 'hidden_continuous_size': 8, 'attention_head_size': 3, 'learning_rate': 0.028950470898177764}. Best is trial 0 with value: 100.77735137939453.
[I 2023-12-26 12:43:11,467] Trial 28 finished with value: 409.4349365234375 and parameters: {'gradient_clip_val': 0.3649556418417976, 'hidden_size': 11, 'dropout': 0.359719855562853, 'hidden_continuous_size': 6, 'attention_head_size': 4, 'learning_rate': 0.06291922842652023}. Best is trial 0 with value: 100.77735137939453.
[I 2023-12-26 12:43:13,356] Trial 29 finished with value: 400.4867248535156 and parameters: {'gradient_clip_val': 0.5999605477512756, 'hidden_size': 7, 'dropout': 0.26782233152497986, 'hidden_continuous_size': 5, 'attention_head_size': 3, 'learning_rate': 0.014445190672393395}. Best is trial 0 with value: 100.77735137939453.
[I 2023-12-26 12:43:15,157] Trial 30 finished with value: 430.1820373535156 and parameters: {'gradient_clip_val': 0.4806479801214157, 'hidden_size': 8, 'dropout': 0.310470556903293, 'hidden_continuous_size': 5, 'attention_head_size': 2, 'learning_rate': 0.09686786397693634}. Best is trial 0 with value: 100.77735137939453.
[I 2023-12-26 12:43:17,062] Trial 31 finished with value: 405.2471618652344 and parameters: {'gradient_clip_val': 0.3243377219545823, 'hidden_size': 9, 'dropout': 0.4580848238138309, 'hidden_continuous_size': 6, 'attention_head_size': 1, 'learning_rate': 0.0009992106007915575}. Best is trial 0 with value: 100.77735137939453.
[I 2023-12-26 12:43:18,980] Trial 32 finished with value: 402.9189453125 and parameters: {'gradient_clip_val': 0.3889742250544697, 'hidden_size': 9, 'dropout': 0.47001660913372345, 'hidden_continuous_size': 6, 'attention_head_size': 1, 'learning_rate': 0.04244772720180276}. Best is trial 0 with value: 100.77735137939453.
[I 2023-12-26 12:43:20,781] Trial 33 finished with value: 406.3712158203125 and parameters: {'gradient_clip_val': 0.27363811418963635, 'hidden_size': 8, 'dropout': 0.42212770580899667, 'hidden_continuous_size': 6, 'attention_head_size': 2, 'learning_rate': 0.0005111152039420873}. Best is trial 0 with value: 100.77735137939453.
[I 2023-12-26 12:43:22,486] Trial 34 finished with value: 453.560302734375 and parameters: {'gradient_clip_val': 0.4617363070041915, 'hidden_size': 5, 'dropout': 0.40306269675466877, 'hidden_continuous_size': 5, 'attention_head_size': 1, 'learning_rate': 0.027596440506121724}. Best is trial 0 with value: 100.77735137939453.
[I 2023-12-26 12:43:24,415] Trial 35 finished with value: 382.2459411621094 and parameters: {'gradient_clip_val': 0.3582946632998954, 'hidden_size': 7, 'dropout': 0.4974152038049936, 'hidden_continuous_size': 5, 'attention_head_size': 3, 'learning_rate': 0.0007812750493735939}. Best is trial 0 with value: 100.77735137939453.
[I 2023-12-26 12:43:26,366] Trial 36 finished with value: 454.5773010253906 and parameters: {'gradient_clip_val': 0.42230963886252965, 'hidden_size': 12, 'dropout': 0.47410075250861017, 'hidden_continuous_size': 7, 'attention_head_size': 1, 'learning_rate': 0.0014527925341712563}. Best is trial 0 with value: 100.77735137939453.
[I 2023-12-26 12:43:28,654] Trial 37 finished with value: 380.6028747558594 and parameters: {'gradient_clip_val': 0.24145746461751136, 'hidden_size': 17, 'dropout': 0.4344840244967966, 'hidden_continuous_size': 8, 'attention_head_size': 4, 'learning_rate': 0.0006959968523019576}. Best is trial 0 with value: 100.77735137939453.
[I 2023-12-26 12:43:30,551] Trial 38 finished with value: 469.7727355957031 and parameters: {'gradient_clip_val': 0.5618547910208228, 'hidden_size': 6, 'dropout': 0.16439739696024122, 'hidden_continuous_size': 5, 'attention_head_size': 3, 'learning_rate': 0.0011809385369842195}. Best is trial 0 with value: 100.77735137939453.
[I 2023-12-26 12:43:32,821] Trial 39 finished with value: 464.8472595214844 and parameters: {'gradient_clip_val': 0.47647025341296045, 'hidden_size': 23, 'dropout': 0.2353930920067427, 'hidden_continuous_size': 9, 'attention_head_size': 4, 'learning_rate': 0.00254324506052218}. Best is trial 0 with value: 100.77735137939453.
[I 2023-12-26 12:43:34,863] Trial 40 finished with value: 391.9756774902344 and parameters: {'gradient_clip_val': 0.3290274746525112, 'hidden_size': 14, 'dropout': 0.4574585707421107, 'hidden_continuous_size': 7, 'attention_head_size': 2, 'learning_rate': 0.0007594062403380222}. Best is trial 0 with value: 100.77735137939453.
[I 2023-12-26 12:43:36,840] Trial 41 finished with value: 471.9736328125 and parameters: {'gradient_clip_val': 0.8036630164297656, 'hidden_size': 10, 'dropout': 0.3114488472859887, 'hidden_continuous_size': 6, 'attention_head_size': 3, 'learning_rate': 0.04809831443498417}. Best is trial 0 with value: 100.77735137939453.
[I 2023-12-26 12:43:38,840] Trial 42 finished with value: 389.1722717285156 and parameters: {'gradient_clip_val': 0.6573484603390292, 'hidden_size': 12, 'dropout': 0.38378413426534236, 'hidden_continuous_size': 6, 'attention_head_size': 3, 'learning_rate': 0.037875511376114515}. Best is trial 0 with value: 100.77735137939453.
[I 2023-12-26 12:43:40,745] Trial 43 finished with value: 436.0572204589844 and parameters: {'gradient_clip_val': 0.7556599581049193, 'hidden_size': 7, 'dropout': 0.423720673251663, 'hidden_continuous_size': 6, 'attention_head_size': 3, 'learning_rate': 0.029722246649708083}. Best is trial 0 with value: 100.77735137939453.
[I 2023-12-26 12:43:42,705] Trial 44 finished with value: 382.935302734375 and parameters: {'gradient_clip_val': 0.8858099534738939, 'hidden_size': 9, 'dropout': 0.1292202809962286, 'hidden_continuous_size': 7, 'attention_head_size': 3, 'learning_rate': 0.06574651324951035}. Best is trial 0 with value: 100.77735137939453.
[I 2023-12-26 12:43:44,876] Trial 45 finished with value: 509.8708190917969 and parameters: {'gradient_clip_val': 0.8334000181464224, 'hidden_size': 21, 'dropout': 0.2892821986983225, 'hidden_continuous_size': 8, 'attention_head_size': 3, 'learning_rate': 0.012476880982677649}. Best is trial 0 with value: 100.77735137939453.
[I 2023-12-26 12:43:46,909] Trial 46 finished with value: 412.3916015625 and parameters: {'gradient_clip_val': 0.7083704840757421, 'hidden_size': 12, 'dropout': 0.36753918985672407, 'hidden_continuous_size': 7, 'attention_head_size': 4, 'learning_rate': 0.006852539003667486}. Best is trial 0 with value: 100.77735137939453.
[I 2023-12-26 12:43:48,879] Trial 47 finished with value: 539.1652221679688 and parameters: {'gradient_clip_val': 0.9962778225186716, 'hidden_size': 10, 'dropout': 0.3317440808274236, 'hidden_continuous_size': 6, 'attention_head_size': 2, 'learning_rate': 0.023572972705929816}. Best is trial 0 with value: 100.77735137939453.
[I 2023-12-26 12:43:51,193] Trial 48 finished with value: 395.5093078613281 and parameters: {'gradient_clip_val': 0.63860084959238, 'hidden_size': 15, 'dropout': 0.41192541475958266, 'hidden_continuous_size': 8, 'attention_head_size': 3, 'learning_rate': 0.07560563954297267}. Best is trial 0 with value: 100.77735137939453.
[I 2023-12-26 12:43:53,056] Trial 49 finished with value: 382.4483337402344 and parameters: {'gradient_clip_val': 0.8924166412582931, 'hidden_size': 6, 'dropout': 0.3888652641333612, 'hidden_continuous_size': 5, 'attention_head_size': 4, 'learning_rate': 0.033619293630116114}. Best is trial 0 with value: 100.77735137939453.
[I 2023-12-26 12:43:53,186] A new study created in memory with name: no-name-78b6c309-c40d-48fc-aeaa-6d283dff4ef4
/home/le004/conda/anaconda3/envs/tsff_env/lib/python3.9/site-packages/lightning/fabric/plugins/environments/slurm.py:191: The `srun` command is available on your system but is not used. HINT: If your intention is to run Lightning on SLURM, prepend your python command with `srun` like so: srun python /home/le004/master_thesis/git/TSFusionForecast/code/ ...
[I 2023-12-26 12:49:10,485] Trial 0 finished with value: 259.5301208496094 and parameters: {'gradient_clip_val': 0.5007090465257019, 'hidden_size': 31, 'dropout': 0.31032272472898914, 'hidden_continuous_size': 13, 'attention_head_size': 2, 'learning_rate': 0.0005443179343374515}. Best is trial 0 with value: 259.5301208496094.
[I 2023-12-26 12:49:12,887] Trial 1 finished with value: 917.5713500976562 and parameters: {'gradient_clip_val': 0.2733004306498553, 'hidden_size': 16, 'dropout': 0.4432266585157255, 'hidden_continuous_size': 10, 'attention_head_size': 4, 'learning_rate': 0.0005273820737789102}. Best is trial 0 with value: 259.5301208496094.
[I 2023-12-26 12:49:14,977] Trial 2 finished with value: 837.0741577148438 and parameters: {'gradient_clip_val': 0.5434178697797942, 'hidden_size': 6, 'dropout': 0.4524094917653315, 'hidden_continuous_size': 6, 'attention_head_size': 3, 'learning_rate': 0.009328847596786583}. Best is trial 0 with value: 259.5301208496094.
[I 2023-12-26 12:49:21,245] Trial 3 finished with value: 743.3884887695312 and parameters: {'gradient_clip_val': 0.3468683181739917, 'hidden_size': 75, 'dropout': 0.2199043016741527, 'hidden_continuous_size': 18, 'attention_head_size': 1, 'learning_rate': 0.005358499567204697}. Best is trial 0 with value: 259.5301208496094.
[I 2023-12-26 12:49:33,739] Trial 4 finished with value: 1007.2605590820312 and parameters: {'gradient_clip_val': 0.6367750176595546, 'hidden_size': 149, 'dropout': 0.2633538104926857, 'hidden_continuous_size': 96, 'attention_head_size': 2, 'learning_rate': 0.0009816960810291638}. Best is trial 0 with value: 259.5301208496094.
[I 2023-12-26 12:49:35,956] Trial 5 finished with value: 817.5226440429688 and parameters: {'gradient_clip_val': 0.12257473843542838, 'hidden_size': 7, 'dropout': 0.18759651826370108, 'hidden_continuous_size': 6, 'attention_head_size': 2, 'learning_rate': 0.036683615699837926}. Best is trial 0 with value: 259.5301208496094.
[I 2023-12-26 12:49:43,033] Trial 6 finished with value: 730.0187377929688 and parameters: {'gradient_clip_val': 0.3617815074507106, 'hidden_size': 80, 'dropout': 0.13523011053220682, 'hidden_continuous_size': 51, 'attention_head_size': 4, 'learning_rate': 0.005527634212180195}. Best is trial 0 with value: 259.5301208496094.
[I 2023-12-26 12:49:46,469] Trial 7 finished with value: 821.5671997070312 and parameters: {'gradient_clip_val': 0.13609134091293765, 'hidden_size': 36, 'dropout': 0.49422834278265415, 'hidden_continuous_size': 18, 'attention_head_size': 1, 'learning_rate': 0.002272477523614149}. Best is trial 0 with value: 259.5301208496094.
[I 2023-12-26 12:49:48,659] Trial 8 finished with value: 667.2528076171875 and parameters: {'gradient_clip_val': 0.20443117784082307, 'hidden_size': 8, 'dropout': 0.1546911614106941, 'hidden_continuous_size': 5, 'attention_head_size': 2, 'learning_rate': 0.07819646250345498}. Best is trial 0 with value: 259.5301208496094.
[I 2023-12-26 12:49:58,900] Trial 9 finished with value: 836.3447875976562 and parameters: {'gradient_clip_val': 0.6266149467743997, 'hidden_size': 123, 'dropout': 0.28573142205834834, 'hidden_continuous_size': 54, 'attention_head_size': 1, 'learning_rate': 0.013662285328579899}. Best is trial 0 with value: 259.5301208496094.
[I 2023-12-26 12:50:01,958] Trial 10 finished with value: 1172.74462890625 and parameters: {'gradient_clip_val': 0.916792676349922, 'hidden_size': 27, 'dropout': 0.3540830988492807, 'hidden_continuous_size': 9, 'attention_head_size': 3, 'learning_rate': 0.0015519546566871057}. Best is trial 0 with value: 259.5301208496094.
[I 2023-12-26 12:50:04,886] Trial 11 finished with value: 910.1736450195312 and parameters: {'gradient_clip_val': 0.21282881627209319, 'hidden_size': 15, 'dropout': 0.12199790710849776, 'hidden_continuous_size': 5, 'attention_head_size': 2, 'learning_rate': 0.09840048188281508}. Best is trial 0 with value: 259.5301208496094.
[I 2023-12-26 12:50:07,338] Trial 12 finished with value: 865.2949829101562 and parameters: {'gradient_clip_val': 0.19719071493469287, 'hidden_size': 11, 'dropout': 0.3352504976794136, 'hidden_continuous_size': 5, 'attention_head_size': 2, 'learning_rate': 0.02367479497178074}. Best is trial 0 with value: 259.5301208496094.
[I 2023-12-26 12:50:09,407] Trial 13 finished with value: 948.5613403320312 and parameters: {'gradient_clip_val': 0.42784459265877983, 'hidden_size': 5, 'dropout': 0.10474999162777676, 'hidden_continuous_size': 5, 'attention_head_size': 3, 'learning_rate': 0.0028344146676281415}. Best is trial 0 with value: 259.5301208496094.
[I 2023-12-26 12:50:12,923] Trial 14 finished with value: 853.25830078125 and parameters: {'gradient_clip_val': 0.24248675581730145, 'hidden_size': 35, 'dropout': 0.19519860484227675, 'hidden_continuous_size': 8, 'attention_head_size': 2, 'learning_rate': 0.09727612013842679}. Best is trial 0 with value: 259.5301208496094.
[I 2023-12-26 12:50:15,330] Trial 15 finished with value: 914.2092895507812 and parameters: {'gradient_clip_val': 0.15931032382271101, 'hidden_size': 9, 'dropout': 0.24834358150529368, 'hidden_continuous_size': 5, 'attention_head_size': 3, 'learning_rate': 0.0006019251267862956}. Best is trial 0 with value: 259.5301208496094.
[I 2023-12-26 12:50:17,931] Trial 16 finished with value: 845.2046508789062 and parameters: {'gradient_clip_val': 0.18154243627858144, 'hidden_size': 20, 'dropout': 0.3336472956356937, 'hidden_continuous_size': 7, 'attention_head_size': 1, 'learning_rate': 0.00297262609618148}. Best is trial 0 with value: 259.5301208496094.
[I 2023-12-26 12:50:20,334] Trial 17 finished with value: 1063.5313720703125 and parameters: {'gradient_clip_val': 0.3070669405481216, 'hidden_size': 11, 'dropout': 0.17591804993279878, 'hidden_continuous_size': 6, 'attention_head_size': 2, 'learning_rate': 0.0009256846594571061}. Best is trial 0 with value: 259.5301208496094.
