[I 2023-12-26 12:58:49,865] Trial 17 finished with value: 138.5194549560547 and parameters: {'gradient_clip_val': 0.4775343077884312, 'hidden_size': 16, 'dropout': 0.27735293732041966, 'hidden_continuous_size': 6, 'attention_head_size': 3, 'learning_rate': 0.007030966204511955}. Best is trial 0 with value: 45.48227310180664.
[I 2023-12-26 12:58:52,318] Trial 18 finished with value: 201.83103942871094 and parameters: {'gradient_clip_val': 0.3344881647728899, 'hidden_size': 7, 'dropout': 0.34061408759209166, 'hidden_continuous_size': 5, 'attention_head_size': 4, 'learning_rate': 0.04648953750476449}. Best is trial 0 with value: 45.48227310180664.
[I 2023-12-26 12:58:54,853] Trial 19 finished with value: 163.70054626464844 and parameters: {'gradient_clip_val': 0.10193366966601267, 'hidden_size': 11, 'dropout': 0.4164920445203347, 'hidden_continuous_size': 6, 'attention_head_size': 3, 'learning_rate': 0.021516902530691197}. Best is trial 0 with value: 45.48227310180664.
[I 2023-12-26 12:58:58,427] Trial 20 finished with value: 175.78086853027344 and parameters: {'gradient_clip_val': 0.740267418565441, 'hidden_size': 37, 'dropout': 0.31076005350120206, 'hidden_continuous_size': 8, 'attention_head_size': 2, 'learning_rate': 0.007032288881142295}. Best is trial 0 with value: 45.48227310180664.
[I 2023-12-26 12:59:01,292] Trial 21 finished with value: 115.36279296875 and parameters: {'gradient_clip_val': 0.39032437414534465, 'hidden_size': 22, 'dropout': 0.14740903035400546, 'hidden_continuous_size': 7, 'attention_head_size': 2, 'learning_rate': 0.012052914512208775}. Best is trial 0 with value: 45.48227310180664.
[I 2023-12-26 12:59:03,725] Trial 22 finished with value: 192.22731018066406 and parameters: {'gradient_clip_val': 0.9538447605148522, 'hidden_size': 16, 'dropout': 0.10176007807929431, 'hidden_continuous_size': 7, 'attention_head_size': 2, 'learning_rate': 0.06357377845739016}. Best is trial 0 with value: 45.48227310180664.
[I 2023-12-26 12:59:05,989] Trial 23 finished with value: 197.748291015625 and parameters: {'gradient_clip_val': 0.41504999533796294, 'hidden_size': 6, 'dropout': 0.19108640429903, 'hidden_continuous_size': 5, 'attention_head_size': 2, 'learning_rate': 0.028115715919254044}. Best is trial 0 with value: 45.48227310180664.
[I 2023-12-26 12:59:08,500] Trial 24 finished with value: 180.15281677246094 and parameters: {'gradient_clip_val': 0.5171141550611346, 'hidden_size': 9, 'dropout': 0.15645149657964058, 'hidden_continuous_size': 6, 'attention_head_size': 3, 'learning_rate': 0.05305966970841241}. Best is trial 0 with value: 45.48227310180664.
[I 2023-12-26 12:59:10,625] Trial 25 finished with value: 166.2406768798828 and parameters: {'gradient_clip_val': 0.6445191853126805, 'hidden_size': 5, 'dropout': 0.21972643685157617, 'hidden_continuous_size': 5, 'attention_head_size': 2, 'learning_rate': 0.09679536573171534}. Best is trial 0 with value: 45.48227310180664.
[I 2023-12-26 12:59:13,005] Trial 26 finished with value: 127.51248931884766 and parameters: {'gradient_clip_val': 0.3336593632543117, 'hidden_size': 6, 'dropout': 0.1448269626030508, 'hidden_continuous_size': 5, 'attention_head_size': 3, 'learning_rate': 0.03042079480638343}. Best is trial 0 with value: 45.48227310180664.
[I 2023-12-26 12:59:15,933] Trial 27 finished with value: 158.43348693847656 and parameters: {'gradient_clip_val': 0.4941062921988443, 'hidden_size': 10, 'dropout': 0.2597913229889224, 'hidden_continuous_size': 6, 'attention_head_size': 4, 'learning_rate': 0.06207153002368337}. Best is trial 0 with value: 45.48227310180664.
[I 2023-12-26 12:59:18,494] Trial 28 finished with value: 134.91062927246094 and parameters: {'gradient_clip_val': 0.39745766303204527, 'hidden_size': 13, 'dropout': 0.2231114192494758, 'hidden_continuous_size': 7, 'attention_head_size': 1, 'learning_rate': 0.013060492097200858}. Best is trial 0 with value: 45.48227310180664.
[I 2023-12-26 12:59:21,052] Trial 29 finished with value: 182.84759521484375 and parameters: {'gradient_clip_val': 0.37227419024720326, 'hidden_size': 18, 'dropout': 0.13777814727283183, 'hidden_continuous_size': 7, 'attention_head_size': 2, 'learning_rate': 0.011233522276776965}. Best is trial 0 with value: 45.48227310180664.
[I 2023-12-26 12:59:23,809] Trial 30 finished with value: 164.02442932128906 and parameters: {'gradient_clip_val': 0.28006416178532606, 'hidden_size': 22, 'dropout': 0.16850295052490094, 'hidden_continuous_size': 8, 'attention_head_size': 3, 'learning_rate': 0.0086005796993435}. Best is trial 0 with value: 45.48227310180664.
[I 2023-12-26 12:59:27,196] Trial 31 finished with value: 202.81370544433594 and parameters: {'gradient_clip_val': 0.9381528713290243, 'hidden_size': 31, 'dropout': 0.113346377817811, 'hidden_continuous_size': 9, 'attention_head_size': 2, 'learning_rate': 0.032953628008501525}. Best is trial 0 with value: 45.48227310180664.
[I 2023-12-26 12:59:29,903] Trial 32 finished with value: 155.5659637451172 and parameters: {'gradient_clip_val': 0.5556876484602655, 'hidden_size': 21, 'dropout': 0.12482989012857414, 'hidden_continuous_size': 7, 'attention_head_size': 1, 'learning_rate': 0.013165027590644864}. Best is trial 0 with value: 45.48227310180664.
[I 2023-12-26 12:59:32,458] Trial 33 finished with value: 131.94004821777344 and parameters: {'gradient_clip_val': 0.40971233760179554, 'hidden_size': 13, 'dropout': 0.16575473792147766, 'hidden_continuous_size': 6, 'attention_head_size': 2, 'learning_rate': 0.019482994651574236}. Best is trial 0 with value: 45.48227310180664.
[I 2023-12-26 12:59:35,713] Trial 34 finished with value: 153.83673095703125 and parameters: {'gradient_clip_val': 0.6188849227426464, 'hidden_size': 29, 'dropout': 0.1284317438371905, 'hidden_continuous_size': 10, 'attention_head_size': 1, 'learning_rate': 0.042777934677762815}. Best is trial 0 with value: 45.48227310180664.
[I 2023-12-26 12:59:38,141] Trial 35 finished with value: 160.7354278564453 and parameters: {'gradient_clip_val': 0.3181294030417448, 'hidden_size': 9, 'dropout': 0.14398786145036005, 'hidden_continuous_size': 7, 'attention_head_size': 2, 'learning_rate': 0.025648002906468997}. Best is trial 0 with value: 45.48227310180664.
[I 2023-12-26 12:59:42,335] Trial 36 finished with value: 173.23193359375 and parameters: {'gradient_clip_val': 0.22995774638293115, 'hidden_size': 47, 'dropout': 0.10445057907308664, 'hidden_continuous_size': 10, 'attention_head_size': 3, 'learning_rate': 0.017271164275999406}. Best is trial 0 with value: 45.48227310180664.
[I 2023-12-26 12:59:45,125] Trial 37 finished with value: 135.74244689941406 and parameters: {'gradient_clip_val': 0.4319584647674637, 'hidden_size': 24, 'dropout': 0.17661600972852867, 'hidden_continuous_size': 8, 'attention_head_size': 2, 'learning_rate': 0.03787054385703903}. Best is trial 0 with value: 45.48227310180664.
[I 2023-12-26 12:59:47,810] Trial 38 finished with value: 117.4725341796875 and parameters: {'gradient_clip_val': 0.27440889623742826, 'hidden_size': 19, 'dropout': 0.20616591695438202, 'hidden_continuous_size': 9, 'attention_head_size': 1, 'learning_rate': 0.0008783896325848712}. Best is trial 0 with value: 45.48227310180664.
[I 2023-12-26 12:59:50,668] Trial 39 finished with value: 138.965087890625 and parameters: {'gradient_clip_val': 0.25851316346419, 'hidden_size': 13, 'dropout': 0.20699144242742026, 'hidden_continuous_size': 9, 'attention_head_size': 1, 'learning_rate': 0.0009635025806235041}. Best is trial 0 with value: 45.48227310180664.
[I 2023-12-26 12:59:52,902] Trial 40 finished with value: 144.21304321289062 and parameters: {'gradient_clip_val': 0.3077168184075978, 'hidden_size': 6, 'dropout': 0.2041580471251399, 'hidden_continuous_size': 5, 'attention_head_size': 1, 'learning_rate': 0.0009005113966523654}. Best is trial 0 with value: 45.48227310180664.
[I 2023-12-26 12:59:55,589] Trial 41 finished with value: 128.49758911132812 and parameters: {'gradient_clip_val': 0.19183527423084706, 'hidden_size': 20, 'dropout': 0.49611150362701484, 'hidden_continuous_size': 11, 'attention_head_size': 1, 'learning_rate': 0.0015850030939294098}. Best is trial 0 with value: 45.48227310180664.
[I 2023-12-26 12:59:58,575] Trial 42 finished with value: 166.3104248046875 and parameters: {'gradient_clip_val': 0.250810987042632, 'hidden_size': 25, 'dropout': 0.18073779082023667, 'hidden_continuous_size': 8, 'attention_head_size': 2, 'learning_rate': 0.0005286586655897345}. Best is trial 0 with value: 45.48227310180664.
[I 2023-12-26 13:00:01,993] Trial 43 finished with value: 145.7355499267578 and parameters: {'gradient_clip_val': 0.45847019450088555, 'hidden_size': 30, 'dropout': 0.15222051323062114, 'hidden_continuous_size': 9, 'attention_head_size': 4, 'learning_rate': 0.0028548025814799046}. Best is trial 0 with value: 45.48227310180664.
[I 2023-12-26 13:00:04,700] Trial 44 finished with value: 212.7777862548828 and parameters: {'gradient_clip_val': 0.29331937073797343, 'hidden_size': 20, 'dropout': 0.24588299885591536, 'hidden_continuous_size': 11, 'attention_head_size': 1, 'learning_rate': 0.005257301029073248}. Best is trial 0 with value: 45.48227310180664.
[I 2023-12-26 13:00:07,382] Trial 45 finished with value: 167.13497924804688 and parameters: {'gradient_clip_val': 0.36908652603870407, 'hidden_size': 14, 'dropout': 0.2321154027347777, 'hidden_continuous_size': 7, 'attention_head_size': 3, 'learning_rate': 0.0032485440387548335}. Best is trial 0 with value: 45.48227310180664.
[I 2023-12-26 13:00:09,894] Trial 46 finished with value: 180.9960479736328 and parameters: {'gradient_clip_val': 0.22830496426599245, 'hidden_size': 11, 'dropout': 0.21077912648258446, 'hidden_continuous_size': 6, 'attention_head_size': 4, 'learning_rate': 0.010560539769612687}. Best is trial 0 with value: 45.48227310180664.
[I 2023-12-26 13:00:12,450] Trial 47 finished with value: 163.3219451904297 and parameters: {'gradient_clip_val': 0.2931614373520439, 'hidden_size': 17, 'dropout': 0.18862112421325494, 'hidden_continuous_size': 8, 'attention_head_size': 2, 'learning_rate': 0.006149817812317199}. Best is trial 0 with value: 45.48227310180664.
[I 2023-12-26 13:00:14,799] Trial 48 finished with value: 170.95281982421875 and parameters: {'gradient_clip_val': 0.1989236680381787, 'hidden_size': 8, 'dropout': 0.267162392765896, 'hidden_continuous_size': 5, 'attention_head_size': 3, 'learning_rate': 0.003927636304480029}. Best is trial 0 with value: 45.48227310180664.
[I 2023-12-26 13:00:18,661] Trial 49 finished with value: 133.36843872070312 and parameters: {'gradient_clip_val': 0.16447185670516185, 'hidden_size': 38, 'dropout': 0.2917652163987112, 'hidden_continuous_size': 14, 'attention_head_size': 4, 'learning_rate': 0.008029687439198654}. Best is trial 0 with value: 45.48227310180664.
[I 2023-12-26 13:00:18,852] A new study created in memory with name: no-name-a2c9c6ee-abf6-4421-94c4-17d34b74f9ba
/home/le004/conda/anaconda3/envs/tsff_env/lib/python3.9/site-packages/lightning/fabric/plugins/environments/slurm.py:191: The `srun` command is available on your system but is not used. HINT: If your intention is to run Lightning on SLURM, prepend your python command with `srun` like so: srun python /home/le004/master_thesis/git/TSFusionForecast/code/ ...
[I 2023-12-26 13:02:27,548] Trial 0 finished with value: 1655.2623291015625 and parameters: {'gradient_clip_val': 0.4776779462744325, 'hidden_size': 10, 'dropout': 0.22267890663554213, 'hidden_continuous_size': 5, 'attention_head_size': 1, 'learning_rate': 0.04917068246121002}. Best is trial 0 with value: 1655.2623291015625.
[I 2023-12-26 13:02:29,345] Trial 1 finished with value: 5681.376953125 and parameters: {'gradient_clip_val': 0.13378612892342706, 'hidden_size': 8, 'dropout': 0.3845928712726827, 'hidden_continuous_size': 5, 'attention_head_size': 1, 'learning_rate': 0.013534252349716015}. Best is trial 0 with value: 1655.2623291015625.
[I 2023-12-26 13:02:31,819] Trial 2 finished with value: 6319.00439453125 and parameters: {'gradient_clip_val': 0.6846026199069034, 'hidden_size': 26, 'dropout': 0.4764467315976425, 'hidden_continuous_size': 21, 'attention_head_size': 4, 'learning_rate': 0.017539140818281385}. Best is trial 0 with value: 1655.2623291015625.
[I 2023-12-26 13:02:34,498] Trial 3 finished with value: 6551.57958984375 and parameters: {'gradient_clip_val': 0.12461782602418536, 'hidden_size': 39, 'dropout': 0.44520241756666556, 'hidden_continuous_size': 25, 'attention_head_size': 3, 'learning_rate': 0.012090252475848622}. Best is trial 0 with value: 1655.2623291015625.
[I 2023-12-26 13:02:37,308] Trial 4 finished with value: 6737.98876953125 and parameters: {'gradient_clip_val': 0.10499749826031339, 'hidden_size': 46, 'dropout': 0.16470375347126087, 'hidden_continuous_size': 19, 'attention_head_size': 1, 'learning_rate': 0.0006104565559676699}. Best is trial 0 with value: 1655.2623291015625.
[I 2023-12-26 13:02:40,151] Trial 5 finished with value: 6882.83251953125 and parameters: {'gradient_clip_val': 0.13516073141429039, 'hidden_size': 46, 'dropout': 0.32329433490168547, 'hidden_continuous_size': 21, 'attention_head_size': 2, 'learning_rate': 0.006763145177856555}. Best is trial 0 with value: 1655.2623291015625.
[I 2023-12-26 13:02:41,954] Trial 6 finished with value: 7467.69775390625 and parameters: {'gradient_clip_val': 0.38413504444050667, 'hidden_size': 8, 'dropout': 0.2976641673568888, 'hidden_continuous_size': 5, 'attention_head_size': 4, 'learning_rate': 0.0014575201882172182}. Best is trial 0 with value: 1655.2623291015625.
[I 2023-12-26 13:02:44,088] Trial 7 finished with value: 6728.14697265625 and parameters: {'gradient_clip_val': 0.12795260418341334, 'hidden_size': 10, 'dropout': 0.16890985956254903, 'hidden_continuous_size': 5, 'attention_head_size': 2, 'learning_rate': 0.002983563338703324}. Best is trial 0 with value: 1655.2623291015625.
[I 2023-12-26 13:02:46,658] Trial 8 finished with value: 6464.89208984375 and parameters: {'gradient_clip_val': 0.2297188983348855, 'hidden_size': 24, 'dropout': 0.3183927175348632, 'hidden_continuous_size': 9, 'attention_head_size': 3, 'learning_rate': 0.01046211563038236}. Best is trial 0 with value: 1655.2623291015625.
[I 2023-12-26 13:02:49,287] Trial 9 finished with value: 5769.02392578125 and parameters: {'gradient_clip_val': 0.5032258439233582, 'hidden_size': 14, 'dropout': 0.485981411225644, 'hidden_continuous_size': 7, 'attention_head_size': 3, 'learning_rate': 0.005549672239962472}. Best is trial 0 with value: 1655.2623291015625.
[I 2023-12-26 13:02:51,490] Trial 10 finished with value: 10096.37109375 and parameters: {'gradient_clip_val': 0.944994211268234, 'hidden_size': 5, 'dropout': 0.11038276330343057, 'hidden_continuous_size': 5, 'attention_head_size': 1, 'learning_rate': 0.0865143419905671}. Best is trial 0 with value: 1655.2623291015625.
[I 2023-12-26 13:03:03,101] Trial 11 finished with value: 5927.40576171875 and parameters: {'gradient_clip_val': 0.24728619903510618, 'hidden_size': 139, 'dropout': 0.3964735362496735, 'hidden_continuous_size': 81, 'attention_head_size': 1, 'learning_rate': 0.031373431360009765}. Best is trial 0 with value: 1655.2623291015625.
[I 2023-12-26 13:03:05,095] Trial 12 finished with value: 7132.59130859375 and parameters: {'gradient_clip_val': 0.18943512753213085, 'hidden_size': 5, 'dropout': 0.25294652089042885, 'hidden_continuous_size': 5, 'attention_head_size': 2, 'learning_rate': 0.0348415879878921}. Best is trial 0 with value: 1655.2623291015625.
[I 2023-12-26 13:03:07,546] Trial 13 finished with value: 7464.0859375 and parameters: {'gradient_clip_val': 0.3227528847249117, 'hidden_size': 13, 'dropout': 0.39476595633607336, 'hidden_continuous_size': 6, 'attention_head_size': 1, 'learning_rate': 0.07494791024075192}. Best is trial 0 with value: 1655.2623291015625.
[I 2023-12-26 13:03:09,685] Trial 14 finished with value: 9347.5068359375 and parameters: {'gradient_clip_val': 0.41618667968390083, 'hidden_size': 8, 'dropout': 0.2426418432838584, 'hidden_continuous_size': 5, 'attention_head_size': 1, 'learning_rate': 0.025315459513781807}. Best is trial 0 with value: 1655.2623291015625.
[I 2023-12-26 13:03:12,070] Trial 15 finished with value: 8670.1298828125 and parameters: {'gradient_clip_val': 0.1790047932572667, 'hidden_size': 16, 'dropout': 0.37499741635851314, 'hidden_continuous_size': 6, 'attention_head_size': 2, 'learning_rate': 0.04604406132444984}. Best is trial 0 with value: 1655.2623291015625.
[I 2023-12-26 13:03:14,405] Trial 16 finished with value: 7086.83642578125 and parameters: {'gradient_clip_val': 0.2646931354852348, 'hidden_size': 7, 'dropout': 0.245502169575568, 'hidden_continuous_size': 5, 'attention_head_size': 1, 'learning_rate': 0.01763385571952439}. Best is trial 0 with value: 1655.2623291015625.
[I 2023-12-26 13:03:16,160] Trial 17 finished with value: 9109.2490234375 and parameters: {'gradient_clip_val': 0.5299173260123354, 'hidden_size': 5, 'dropout': 0.3541234877232292, 'hidden_continuous_size': 5, 'attention_head_size': 2, 'learning_rate': 0.05263678244282811}. Best is trial 0 with value: 1655.2623291015625.
[I 2023-12-26 13:03:18,134] Trial 18 finished with value: 8209.7490234375 and parameters: {'gradient_clip_val': 0.3114293531371716, 'hidden_size': 11, 'dropout': 0.4239791929389663, 'hidden_continuous_size': 6, 'attention_head_size': 1, 'learning_rate': 0.08415141857698381}. Best is trial 0 with value: 1655.2623291015625.
[I 2023-12-26 13:03:20,373] Trial 19 finished with value: 6715.41552734375 and parameters: {'gradient_clip_val': 0.16493787860841322, 'hidden_size': 17, 'dropout': 0.282999544931159, 'hidden_continuous_size': 7, 'attention_head_size': 2, 'learning_rate': 0.028912527130101163}. Best is trial 0 with value: 1655.2623291015625.
[I 2023-12-26 13:03:22,257] Trial 20 finished with value: 6878.40234375 and parameters: {'gradient_clip_val': 0.10483508896754991, 'hidden_size': 7, 'dropout': 0.34053534613129677, 'hidden_continuous_size': 5, 'attention_head_size': 1, 'learning_rate': 0.052360529435901915}. Best is trial 0 with value: 1655.2623291015625.
[I 2023-12-26 13:03:24,311] Trial 21 finished with value: 7622.98876953125 and parameters: {'gradient_clip_val': 0.5072064751219084, 'hidden_size': 13, 'dropout': 0.48685419494660415, 'hidden_continuous_size': 6, 'attention_head_size': 3, 'learning_rate': 0.004830478553908408}. Best is trial 0 with value: 1655.2623291015625.
[I 2023-12-26 13:03:26,319] Trial 22 finished with value: 7635.89453125 and parameters: {'gradient_clip_val': 0.5612879791165546, 'hidden_size': 10, 'dropout': 0.45568335563853196, 'hidden_continuous_size': 6, 'attention_head_size': 3, 'learning_rate': 0.008960750915086914}. Best is trial 0 with value: 1655.2623291015625.
[I 2023-12-26 13:03:28,452] Trial 23 finished with value: 8094.10302734375 and parameters: {'gradient_clip_val': 0.41021607268557153, 'hidden_size': 19, 'dropout': 0.49990436026639684, 'hidden_continuous_size': 7, 'attention_head_size': 4, 'learning_rate': 0.005099735088011646}. Best is trial 0 with value: 1655.2623291015625.
[I 2023-12-26 13:03:30,430] Trial 24 finished with value: 6666.50830078125 and parameters: {'gradient_clip_val': 0.726093023205969, 'hidden_size': 12, 'dropout': 0.43738747967973757, 'hidden_continuous_size': 6, 'attention_head_size': 3, 'learning_rate': 0.012895899944584614}. Best is trial 0 with value: 1655.2623291015625.
[I 2023-12-26 13:03:32,363] Trial 25 finished with value: 7938.94189453125 and parameters: {'gradient_clip_val': 0.32931966340401525, 'hidden_size': 9, 'dropout': 0.4141742237703707, 'hidden_continuous_size': 5, 'attention_head_size': 2, 'learning_rate': 0.01940759617405033}. Best is trial 0 with value: 1655.2623291015625.
[I 2023-12-26 13:03:34,301] Trial 26 finished with value: 5358.17919921875 and parameters: {'gradient_clip_val': 0.4583988099768649, 'hidden_size': 6, 'dropout': 0.4635935489265747, 'hidden_continuous_size': 5, 'attention_head_size': 3, 'learning_rate': 0.006950668700029}. Best is trial 0 with value: 1655.2623291015625.
[I 2023-12-26 13:03:36,282] Trial 27 finished with value: 6219.67333984375 and parameters: {'gradient_clip_val': 0.2182464360372249, 'hidden_size': 6, 'dropout': 0.36789518665006227, 'hidden_continuous_size': 5, 'attention_head_size': 4, 'learning_rate': 0.008966635432838214}. Best is trial 0 with value: 1655.2623291015625.
[I 2023-12-26 13:03:38,189] Trial 28 finished with value: 6589.736328125 and parameters: {'gradient_clip_val': 0.26674175850968523, 'hidden_size': 6, 'dropout': 0.46042263007668893, 'hidden_continuous_size': 5, 'attention_head_size': 2, 'learning_rate': 0.022382264938424223}. Best is trial 0 with value: 1655.2623291015625.
[I 2023-12-26 13:03:40,345] Trial 29 finished with value: 6466.94775390625 and parameters: {'gradient_clip_val': 0.6439897278514655, 'hidden_size': 9, 'dropout': 0.46750061395113085, 'hidden_continuous_size': 5, 'attention_head_size': 4, 'learning_rate': 0.016475913427885635}. Best is trial 0 with value: 1655.2623291015625.
[I 2023-12-26 13:03:42,420] Trial 30 finished with value: 6922.60498046875 and parameters: {'gradient_clip_val': 0.45683025906073615, 'hidden_size': 7, 'dropout': 0.4185433606010374, 'hidden_continuous_size': 5, 'attention_head_size': 1, 'learning_rate': 0.01567510486786095}. Best is trial 0 with value: 1655.2623291015625.
[I 2023-12-26 13:03:44,662] Trial 31 finished with value: 7970.37646484375 and parameters: {'gradient_clip_val': 0.45838785205256555, 'hidden_size': 12, 'dropout': 0.485033580477903, 'hidden_continuous_size': 6, 'attention_head_size': 3, 'learning_rate': 0.006888868838109274}. Best is trial 0 with value: 1655.2623291015625.
[I 2023-12-26 13:03:46,599] Trial 32 finished with value: 7540.88671875 and parameters: {'gradient_clip_val': 0.3722515050108276, 'hidden_size': 6, 'dropout': 0.4653129233535302, 'hidden_continuous_size': 5, 'attention_head_size': 3, 'learning_rate': 0.0135207069172914}. Best is trial 0 with value: 1655.2623291015625.
