[rank: 0] Seed set to 42
[I 2023-12-15 10:45:08,822] A new study created in memory with name: no-name-92d5ebb3-3ba1-4096-9cac-fce16b9d957a
/home/le004/conda/anaconda3/envs/tsff_env/lib/python3.9/site-packages/lightning/fabric/plugins/environments/slurm.py:191: The `srun` command is available on your system but is not used. HINT: If your intention is to run Lightning on SLURM, prepend your python command with `srun` like so: srun python /home/le004/master_thesis/git/TSFusionForecast/code/ ...
LOCAL_RANK: 0 - CUDA_VISIBLE_DEVICES: [0]
[I 2023-12-15 10:45:57,131] Trial 0 finished with value: 666.0574340820312 and parameters: {'gradient_clip_val': 0.5069289193379941, 'hidden_size': 32, 'dropout': 0.35093465444307814, 'hidden_continuous_size': 9, 'attention_head_size': 1, 'learning_rate': 0.01931486808762556}. Best is trial 0 with value: 666.0574340820312.
LOCAL_RANK: 0 - CUDA_VISIBLE_DEVICES: [0]
[I 2023-12-15 10:46:49,074] Trial 1 finished with value: 282.4832763671875 and parameters: {'gradient_clip_val': 0.20993811026616263, 'hidden_size': 48, 'dropout': 0.31258013796126916, 'hidden_continuous_size': 32, 'attention_head_size': 3, 'learning_rate': 0.0017281292323185092}. Best is trial 1 with value: 282.4832763671875.
LOCAL_RANK: 0 - CUDA_VISIBLE_DEVICES: [0]
[I 2023-12-15 10:47:39,345] Trial 2 finished with value: 331.64453125 and parameters: {'gradient_clip_val': 0.25378313786667267, 'hidden_size': 35, 'dropout': 0.261271015265597, 'hidden_continuous_size': 13, 'attention_head_size': 4, 'learning_rate': 0.0006032370139858036}. Best is trial 1 with value: 282.4832763671875.
LOCAL_RANK: 0 - CUDA_VISIBLE_DEVICES: [0]
[I 2023-12-15 10:48:32,627] Trial 3 finished with value: 658.8916625976562 and parameters: {'gradient_clip_val': 0.5243394776887355, 'hidden_size': 92, 'dropout': 0.2020173975489259, 'hidden_continuous_size': 30, 'attention_head_size': 1, 'learning_rate': 0.025120990445336083}. Best is trial 1 with value: 282.4832763671875.
LOCAL_RANK: 0 - CUDA_VISIBLE_DEVICES: [0]
[I 2023-12-15 10:49:16,465] Trial 4 finished with value: 314.7507629394531 and parameters: {'gradient_clip_val': 0.39978007473986626, 'hidden_size': 12, 'dropout': 0.33779843491032197, 'hidden_continuous_size': 11, 'attention_head_size': 1, 'learning_rate': 0.0014341681602148913}. Best is trial 1 with value: 282.4832763671875.
LOCAL_RANK: 0 - CUDA_VISIBLE_DEVICES: [0]
[I 2023-12-15 10:50:03,217] Trial 5 finished with value: 1489.8232421875 and parameters: {'gradient_clip_val': 0.1694580489728607, 'hidden_size': 19, 'dropout': 0.3679399028986038, 'hidden_continuous_size': 8, 'attention_head_size': 1, 'learning_rate': 0.008698984822167044}. Best is trial 1 with value: 282.4832763671875.
LOCAL_RANK: 0 - CUDA_VISIBLE_DEVICES: [0]
[I 2023-12-15 10:50:47,471] Trial 6 finished with value: 361.4307556152344 and parameters: {'gradient_clip_val': 0.2245669861449922, 'hidden_size': 9, 'dropout': 0.17369200598187895, 'hidden_continuous_size': 5, 'attention_head_size': 1, 'learning_rate': 0.0048480645217178365}. Best is trial 1 with value: 282.4832763671875.
LOCAL_RANK: 0 - CUDA_VISIBLE_DEVICES: [0]
[I 2023-12-15 10:51:35,259] Trial 7 finished with value: 442.3719482421875 and parameters: {'gradient_clip_val': 0.27678433576116207, 'hidden_size': 28, 'dropout': 0.26858198157967883, 'hidden_continuous_size': 11, 'attention_head_size': 2, 'learning_rate': 0.020708888663786833}. Best is trial 1 with value: 282.4832763671875.
LOCAL_RANK: 0 - CUDA_VISIBLE_DEVICES: [0]
[I 2023-12-15 10:52:19,942] Trial 8 finished with value: 553.2444458007812 and parameters: {'gradient_clip_val': 0.39033935689955235, 'hidden_size': 6, 'dropout': 0.26224805386101985, 'hidden_continuous_size': 5, 'attention_head_size': 2, 'learning_rate': 0.000950255481689578}. Best is trial 1 with value: 282.4832763671875.
LOCAL_RANK: 0 - CUDA_VISIBLE_DEVICES: [0]
[I 2023-12-15 10:53:04,893] Trial 9 finished with value: 350.4825744628906 and parameters: {'gradient_clip_val': 0.14903992866168078, 'hidden_size': 13, 'dropout': 0.18999481482511107, 'hidden_continuous_size': 5, 'attention_head_size': 2, 'learning_rate': 0.0009096072965943712}. Best is trial 1 with value: 282.4832763671875.
LOCAL_RANK: 0 - CUDA_VISIBLE_DEVICES: [0]
[I 2023-12-15 10:54:00,824] Trial 10 finished with value: 987.2269897460938 and parameters: {'gradient_clip_val': 0.10172013560531867, 'hidden_size': 69, 'dropout': 0.10183597610999753, 'hidden_continuous_size': 59, 'attention_head_size': 4, 'learning_rate': 0.0936766814351064}. Best is trial 1 with value: 282.4832763671875.
LOCAL_RANK: 0 - CUDA_VISIBLE_DEVICES: [0]
[I 2023-12-15 10:54:34,843] Trial 11 finished with value: 330.9394226074219 and parameters: {'gradient_clip_val': 0.9610963990292919, 'hidden_size': 5, 'dropout': 0.3283344909052028, 'hidden_continuous_size': 5, 'attention_head_size': 3, 'learning_rate': 0.0018746010095803713}. Best is trial 1 with value: 282.4832763671875.
LOCAL_RANK: 0 - CUDA_VISIBLE_DEVICES: [0]
[I 2023-12-15 10:55:28,086] Trial 12 finished with value: 458.0074462890625 and parameters: {'gradient_clip_val': 0.3436958171880185, 'hidden_size': 58, 'dropout': 0.312453087635221, 'hidden_continuous_size': 20, 'attention_head_size': 3, 'learning_rate': 0.001958512601115803}. Best is trial 1 with value: 282.4832763671875.
LOCAL_RANK: 0 - CUDA_VISIBLE_DEVICES: [0]
[I 2023-12-15 10:56:12,798] Trial 13 finished with value: 276.7578125 and parameters: {'gradient_clip_val': 0.1783188321619231, 'hidden_size': 16, 'dropout': 0.3919451770916457, 'hidden_continuous_size': 6, 'attention_head_size': 3, 'learning_rate': 0.0022120498216720045}. Best is trial 13 with value: 276.7578125.
LOCAL_RANK: 0 - CUDA_VISIBLE_DEVICES: [0]
[I 2023-12-15 10:57:05,557] Trial 14 finished with value: 577.966796875 and parameters: {'gradient_clip_val': 0.1676181991804747, 'hidden_size': 47, 'dropout': 0.39265070330915197, 'hidden_continuous_size': 19, 'attention_head_size': 3, 'learning_rate': 0.0033136867431164518}. Best is trial 13 with value: 276.7578125.
LOCAL_RANK: 0 - CUDA_VISIBLE_DEVICES: [0]
[I 2023-12-15 10:57:50,196] Trial 15 finished with value: 451.2996520996094 and parameters: {'gradient_clip_val': 0.2052923615354716, 'hidden_size': 16, 'dropout': 0.3924218761283199, 'hidden_continuous_size': 6, 'attention_head_size': 3, 'learning_rate': 0.0005197639186679371}. Best is trial 13 with value: 276.7578125.
LOCAL_RANK: 0 - CUDA_VISIBLE_DEVICES: [0]
[I 2023-12-15 10:58:37,837] Trial 16 finished with value: 253.173828125 and parameters: {'gradient_clip_val': 0.12464081133232045, 'hidden_size': 24, 'dropout': 0.3054102833842413, 'hidden_continuous_size': 7, 'attention_head_size': 4, 'learning_rate': 0.002884879864295682}. Best is trial 16 with value: 253.173828125.
LOCAL_RANK: 0 - CUDA_VISIBLE_DEVICES: [0]
[I 2023-12-15 10:59:26,982] Trial 17 finished with value: 386.4435119628906 and parameters: {'gradient_clip_val': 0.10577631101800929, 'hidden_size': 25, 'dropout': 0.39789679956544627, 'hidden_continuous_size': 7, 'attention_head_size': 4, 'learning_rate': 0.003934236418129433}. Best is trial 16 with value: 253.173828125.
LOCAL_RANK: 0 - CUDA_VISIBLE_DEVICES: [0]
[I 2023-12-15 11:00:15,310] Trial 18 finished with value: 591.5507202148438 and parameters: {'gradient_clip_val': 0.12408799150645258, 'hidden_size': 22, 'dropout': 0.29750506132932153, 'hidden_continuous_size': 6, 'attention_head_size': 4, 'learning_rate': 0.0029583565864023855}. Best is trial 16 with value: 253.173828125.
LOCAL_RANK: 0 - CUDA_VISIBLE_DEVICES: [0]
[I 2023-12-15 11:01:02,541] Trial 19 finished with value: 295.8946533203125 and parameters: {'gradient_clip_val': 0.13648582650887528, 'hidden_size': 18, 'dropout': 0.3641989224069397, 'hidden_continuous_size': 6, 'attention_head_size': 4, 'learning_rate': 0.007008888833894856}. Best is trial 16 with value: 253.173828125.
LOCAL_RANK: 0 - CUDA_VISIBLE_DEVICES: [0]
[I 2023-12-15 11:01:48,211] Trial 20 finished with value: 297.5768737792969 and parameters: {'gradient_clip_val': 0.1269450383502564, 'hidden_size': 9, 'dropout': 0.29212415774744555, 'hidden_continuous_size': 6, 'attention_head_size': 4, 'learning_rate': 0.0012706633812529706}. Best is trial 16 with value: 253.173828125.
LOCAL_RANK: 0 - CUDA_VISIBLE_DEVICES: [0]
[I 2023-12-15 11:02:38,043] Trial 21 finished with value: 316.4612731933594 and parameters: {'gradient_clip_val': 0.198646074812285, 'hidden_size': 37, 'dropout': 0.3199774922286502, 'hidden_continuous_size': 8, 'attention_head_size': 3, 'learning_rate': 0.0021761355193691346}. Best is trial 16 with value: 253.173828125.
LOCAL_RANK: 0 - CUDA_VISIBLE_DEVICES: [0]
[I 2023-12-15 11:03:30,158] Trial 22 finished with value: 427.1109619140625 and parameters: {'gradient_clip_val': 0.17313013305922392, 'hidden_size': 43, 'dropout': 0.35043245354866814, 'hidden_continuous_size': 10, 'attention_head_size': 3, 'learning_rate': 0.0012383366348428075}. Best is trial 16 with value: 253.173828125.
LOCAL_RANK: 0 - CUDA_VISIBLE_DEVICES: [0]
[I 2023-12-15 11:04:18,574] Trial 23 finished with value: 265.6528015136719 and parameters: {'gradient_clip_val': 0.1501684272277876, 'hidden_size': 25, 'dropout': 0.29505048745965806, 'hidden_continuous_size': 7, 'attention_head_size': 2, 'learning_rate': 0.0028192506014632413}. Best is trial 16 with value: 253.173828125.
LOCAL_RANK: 0 - CUDA_VISIBLE_DEVICES: [0]
[I 2023-12-15 11:05:07,100] Trial 24 finished with value: 706.4761352539062 and parameters: {'gradient_clip_val': 0.14719424592975425, 'hidden_size': 26, 'dropout': 0.2873603640181461, 'hidden_continuous_size': 7, 'attention_head_size': 2, 'learning_rate': 0.0027669532956387842}. Best is trial 16 with value: 253.173828125.
LOCAL_RANK: 0 - CUDA_VISIBLE_DEVICES: [0]
[I 2023-12-15 11:05:55,337] Trial 25 finished with value: 418.945556640625 and parameters: {'gradient_clip_val': 0.11368674690735715, 'hidden_size': 23, 'dropout': 0.23499343341077955, 'hidden_continuous_size': 7, 'attention_head_size': 2, 'learning_rate': 0.005358426732399151}. Best is trial 16 with value: 253.173828125.
LOCAL_RANK: 0 - CUDA_VISIBLE_DEVICES: [0]
[I 2023-12-15 11:06:44,085] Trial 26 finished with value: 428.676025390625 and parameters: {'gradient_clip_val': 0.12959430829481072, 'hidden_size': 30, 'dropout': 0.3353446094198948, 'hidden_continuous_size': 9, 'attention_head_size': 2, 'learning_rate': 0.0028694048680124955}. Best is trial 16 with value: 253.173828125.
LOCAL_RANK: 0 - CUDA_VISIBLE_DEVICES: [0]
[I 2023-12-15 11:07:30,646] Trial 27 finished with value: 289.1485595703125 and parameters: {'gradient_clip_val': 0.15348614674708233, 'hidden_size': 20, 'dropout': 0.36409841457141623, 'hidden_continuous_size': 7, 'attention_head_size': 2, 'learning_rate': 0.002308749631806369}. Best is trial 16 with value: 253.173828125.
LOCAL_RANK: 0 - CUDA_VISIBLE_DEVICES: [0]
[I 2023-12-15 11:08:16,276] Trial 28 finished with value: 311.6034851074219 and parameters: {'gradient_clip_val': 0.10446537186218532, 'hidden_size': 14, 'dropout': 0.30403433819797543, 'hidden_continuous_size': 6, 'attention_head_size': 3, 'learning_rate': 0.004163767758302916}. Best is trial 16 with value: 253.173828125.
LOCAL_RANK: 0 - CUDA_VISIBLE_DEVICES: [0]
[I 2023-12-15 11:09:04,866] Trial 29 finished with value: 477.2037658691406 and parameters: {'gradient_clip_val': 0.18071390903676635, 'hidden_size': 32, 'dropout': 0.3443250315969148, 'hidden_continuous_size': 8, 'attention_head_size': 4, 'learning_rate': 0.008968222249484518}. Best is trial 16 with value: 253.173828125.
LOCAL_RANK: 0 - CUDA_VISIBLE_DEVICES: [0]
[I 2023-12-15 11:09:51,479] Trial 30 finished with value: 262.2368469238281 and parameters: {'gradient_clip_val': 0.1482991166319926, 'hidden_size': 17, 'dropout': 0.28210328538849194, 'hidden_continuous_size': 7, 'attention_head_size': 3, 'learning_rate': 0.0038007211646950076}. Best is trial 16 with value: 253.173828125.
LOCAL_RANK: 0 - CUDA_VISIBLE_DEVICES: [0]
[I 2023-12-15 11:10:37,788] Trial 31 finished with value: 395.3316650390625 and parameters: {'gradient_clip_val': 0.12256546287192807, 'hidden_size': 17, 'dropout': 0.2832894295890459, 'hidden_continuous_size': 7, 'attention_head_size': 3, 'learning_rate': 0.0035563202660593555}. Best is trial 16 with value: 253.173828125.
LOCAL_RANK: 0 - CUDA_VISIBLE_DEVICES: [0]
[I 2023-12-15 11:11:26,576] Trial 32 finished with value: 280.40380859375 and parameters: {'gradient_clip_val': 0.1423355673902206, 'hidden_size': 23, 'dropout': 0.3147829055572368, 'hidden_continuous_size': 8, 'attention_head_size': 3, 'learning_rate': 0.0017351342957250772}. Best is trial 16 with value: 253.173828125.
LOCAL_RANK: 0 - CUDA_VISIBLE_DEVICES: [0]
[I 2023-12-15 11:12:10,913] Trial 33 finished with value: 250.6790313720703 and parameters: {'gradient_clip_val': 0.18588540674883142, 'hidden_size': 16, 'dropout': 0.27625979605837553, 'hidden_continuous_size': 7, 'attention_head_size': 2, 'learning_rate': 0.0026481392472863623}. Best is trial 33 with value: 250.6790313720703.
LOCAL_RANK: 0 - CUDA_VISIBLE_DEVICES: [0]
[I 2023-12-15 11:12:59,683] Trial 34 finished with value: 863.1306762695312 and parameters: {'gradient_clip_val': 0.23278333217421113, 'hidden_size': 27, 'dropout': 0.24701756124159963, 'hidden_continuous_size': 9, 'attention_head_size': 2, 'learning_rate': 0.005104057017949017}. Best is trial 33 with value: 250.6790313720703.
LOCAL_RANK: 0 - CUDA_VISIBLE_DEVICES: [0]
[I 2023-12-15 11:13:47,516] Trial 35 finished with value: 674.735107421875 and parameters: {'gradient_clip_val': 0.11735530729189624, 'hidden_size': 21, 'dropout': 0.27305575206839255, 'hidden_continuous_size': 7, 'attention_head_size': 2, 'learning_rate': 0.00649807272056639}. Best is trial 33 with value: 250.6790313720703.
LOCAL_RANK: 0 - CUDA_VISIBLE_DEVICES: [0]
[I 2023-12-15 11:14:37,103] Trial 36 finished with value: 742.8704223632812 and parameters: {'gradient_clip_val': 0.19628786216433555, 'hidden_size': 37, 'dropout': 0.29929060067834773, 'hidden_continuous_size': 10, 'attention_head_size': 1, 'learning_rate': 0.010689470573429678}. Best is trial 33 with value: 250.6790313720703.
LOCAL_RANK: 0 - CUDA_VISIBLE_DEVICES: [0]
[I 2023-12-15 11:15:23,883] Trial 37 finished with value: 374.5671081542969 and parameters: {'gradient_clip_val': 0.1547073147010188, 'hidden_size': 19, 'dropout': 0.2787712418264534, 'hidden_continuous_size': 8, 'attention_head_size': 1, 'learning_rate': 0.004101963770897712}. Best is trial 33 with value: 250.6790313720703.
LOCAL_RANK: 0 - CUDA_VISIBLE_DEVICES: [0]
[I 2023-12-15 11:16:07,950] Trial 38 finished with value: 352.9049377441406 and parameters: {'gradient_clip_val': 0.2465676491497749, 'hidden_size': 12, 'dropout': 0.2544333173601758, 'hidden_continuous_size': 7, 'attention_head_size': 2, 'learning_rate': 0.0025456686559138463}. Best is trial 33 with value: 250.6790313720703.
LOCAL_RANK: 0 - CUDA_VISIBLE_DEVICES: [0]
[I 2023-12-15 11:16:56,798] Trial 39 finished with value: 258.66766357421875 and parameters: {'gradient_clip_val': 0.13555727035816517, 'hidden_size': 31, 'dropout': 0.32977628648222784, 'hidden_continuous_size': 12, 'attention_head_size': 2, 'learning_rate': 0.0014382815154156596}. Best is trial 33 with value: 250.6790313720703.
LOCAL_RANK: 0 - CUDA_VISIBLE_DEVICES: [0]
[I 2023-12-15 11:17:45,393] Trial 40 finished with value: 361.6162414550781 and parameters: {'gradient_clip_val': 0.1324296177127951, 'hidden_size': 30, 'dropout': 0.3197625624986442, 'hidden_continuous_size': 13, 'attention_head_size': 1, 'learning_rate': 0.0007524053059138757}. Best is trial 33 with value: 250.6790313720703.
LOCAL_RANK: 0 - CUDA_VISIBLE_DEVICES: [0]
[I 2023-12-15 11:18:34,253] Trial 41 finished with value: 316.9550476074219 and parameters: {'gradient_clip_val': 0.159812779484236, 'hidden_size': 25, 'dropout': 0.3059776661713382, 'hidden_continuous_size': 9, 'attention_head_size': 2, 'learning_rate': 0.0015178414636140166}. Best is trial 33 with value: 250.6790313720703.
LOCAL_RANK: 0 - CUDA_VISIBLE_DEVICES: [0]
[I 2023-12-15 11:19:24,126] Trial 42 finished with value: 277.02996826171875 and parameters: {'gradient_clip_val': 0.13918220706419154, 'hidden_size': 33, 'dropout': 0.3289677549458367, 'hidden_continuous_size': 13, 'attention_head_size': 2, 'learning_rate': 0.0014835346970347339}. Best is trial 33 with value: 250.6790313720703.
LOCAL_RANK: 0 - CUDA_VISIBLE_DEVICES: [0]
[I 2023-12-15 11:20:11,602] Trial 43 finished with value: 340.1254577636719 and parameters: {'gradient_clip_val': 0.11426638895361049, 'hidden_size': 21, 'dropout': 0.27197583755115995, 'hidden_continuous_size': 5, 'attention_head_size': 2, 'learning_rate': 0.001064604568158553}. Best is trial 33 with value: 250.6790313720703.
LOCAL_RANK: 0 - CUDA_VISIBLE_DEVICES: [0]
[I 2023-12-15 11:21:00,452] Trial 44 finished with value: 777.9552612304688 and parameters: {'gradient_clip_val': 0.1624185969480024, 'hidden_size': 27, 'dropout': 0.28964751470763933, 'hidden_continuous_size': 12, 'attention_head_size': 2, 'learning_rate': 0.001794739229017334}. Best is trial 33 with value: 250.6790313720703.
LOCAL_RANK: 0 - CUDA_VISIBLE_DEVICES: [0]
[I 2023-12-15 11:21:45,793] Trial 45 finished with value: 268.126220703125 and parameters: {'gradient_clip_val': 0.2160833903076186, 'hidden_size': 14, 'dropout': 0.32771831935347717, 'hidden_continuous_size': 7, 'attention_head_size': 2, 'learning_rate': 0.0032870511014389935}. Best is trial 33 with value: 250.6790313720703.
LOCAL_RANK: 0 - CUDA_VISIBLE_DEVICES: [0]
[I 2023-12-15 11:22:32,199] Trial 46 finished with value: 506.025390625 and parameters: {'gradient_clip_val': 0.19099903830951528, 'hidden_size': 18, 'dropout': 0.30723156513701155, 'hidden_continuous_size': 8, 'attention_head_size': 1, 'learning_rate': 0.002291623529440964}. Best is trial 33 with value: 250.6790313720703.
LOCAL_RANK: 0 - CUDA_VISIBLE_DEVICES: [0]
[I 2023-12-15 11:23:23,730] Trial 47 finished with value: 287.70184326171875 and parameters: {'gradient_clip_val': 0.14227118830649157, 'hidden_size': 41, 'dropout': 0.265022775888814, 'hidden_continuous_size': 11, 'attention_head_size': 2, 'learning_rate': 0.0008119576713537785}. Best is trial 33 with value: 250.6790313720703.
LOCAL_RANK: 0 - CUDA_VISIBLE_DEVICES: [0]
[I 2023-12-15 11:24:15,063] Trial 48 finished with value: 326.2726745605469 and parameters: {'gradient_clip_val': 0.1743023730489552, 'hidden_size': 33, 'dropout': 0.24387405651418215, 'hidden_continuous_size': 16, 'attention_head_size': 4, 'learning_rate': 0.001669923858863634}. Best is trial 33 with value: 250.6790313720703.
LOCAL_RANK: 0 - CUDA_VISIBLE_DEVICES: [0]
[I 2023-12-15 11:25:01,039] Trial 49 finished with value: 334.2778625488281 and parameters: {'gradient_clip_val': 0.10067474946611407, 'hidden_size': 15, 'dropout': 0.3410887142973768, 'hidden_continuous_size': 8, 'attention_head_size': 3, 'learning_rate': 0.0011332097756492562}. Best is trial 33 with value: 250.6790313720703.
[I 2023-12-15 11:25:01,133] A new study created in memory with name: no-name-d03786bc-ed8e-49d7-b6a0-60bb1c8807c6
/home/le004/conda/anaconda3/envs/tsff_env/lib/python3.9/site-packages/lightning/fabric/plugins/environments/slurm.py:191: The `srun` command is available on your system but is not used. HINT: If your intention is to run Lightning on SLURM, prepend your python command with `srun` like so: srun python /home/le004/master_thesis/git/TSFusionForecast/code/ ...
LOCAL_RANK: 0 - CUDA_VISIBLE_DEVICES: [0]
[I 2023-12-15 11:25:46,406] Trial 0 finished with value: 142.94200134277344 and parameters: {'gradient_clip_val': 0.116252368129387, 'hidden_size': 11, 'dropout': 0.36868274578610494, 'hidden_continuous_size': 8, 'attention_head_size': 1, 'learning_rate': 0.007754216386933137}. Best is trial 0 with value: 142.94200134277344.
LOCAL_RANK: 0 - CUDA_VISIBLE_DEVICES: [0]
[I 2023-12-15 11:26:20,095] Trial 1 finished with value: 188.5661163330078 and parameters: {'gradient_clip_val': 0.26647521202241187, 'hidden_size': 16, 'dropout': 0.24900372681455832, 'hidden_continuous_size': 16, 'attention_head_size': 3, 'learning_rate': 0.004606590408967224}. Best is trial 0 with value: 142.94200134277344.
LOCAL_RANK: 0 - CUDA_VISIBLE_DEVICES: [0]
[I 2023-12-15 11:27:13,541] Trial 2 finished with value: 496.0733947753906 and parameters: {'gradient_clip_val': 0.1696283657355411, 'hidden_size': 99, 'dropout': 0.3513327712961616, 'hidden_continuous_size': 6, 'attention_head_size': 2, 'learning_rate': 0.02637346548621652}. Best is trial 0 with value: 142.94200134277344.
LOCAL_RANK: 0 - CUDA_VISIBLE_DEVICES: [0]
[I 2023-12-15 11:27:59,258] Trial 3 finished with value: 78.22958374023438 and parameters: {'gradient_clip_val': 0.3653252998354848, 'hidden_size': 7, 'dropout': 0.11978908938114025, 'hidden_continuous_size': 5, 'attention_head_size': 4, 'learning_rate': 0.04949956344000282}. Best is trial 3 with value: 78.22958374023438.
LOCAL_RANK: 0 - CUDA_VISIBLE_DEVICES: [0]
[I 2023-12-15 11:28:52,688] Trial 4 finished with value: 219.32762145996094 and parameters: {'gradient_clip_val': 0.20402159883226065, 'hidden_size': 55, 'dropout': 0.1017281075350878, 'hidden_continuous_size': 54, 'attention_head_size': 1, 'learning_rate': 0.09862561262459262}. Best is trial 3 with value: 78.22958374023438.
LOCAL_RANK: 0 - CUDA_VISIBLE_DEVICES: [0]
[I 2023-12-15 11:29:26,164] Trial 5 finished with value: 311.5246887207031 and parameters: {'gradient_clip_val': 0.12565931385019577, 'hidden_size': 8, 'dropout': 0.2622282793352252, 'hidden_continuous_size': 8, 'attention_head_size': 2, 'learning_rate': 0.031816741015101555}. Best is trial 3 with value: 78.22958374023438.
LOCAL_RANK: 0 - CUDA_VISIBLE_DEVICES: [0]
[I 2023-12-15 11:30:11,636] Trial 6 finished with value: 110.11775970458984 and parameters: {'gradient_clip_val': 0.22727173402671363, 'hidden_size': 10, 'dropout': 0.2036549456297839, 'hidden_continuous_size': 8, 'attention_head_size': 2, 'learning_rate': 0.013065149881738826}. Best is trial 3 with value: 78.22958374023438.
LOCAL_RANK: 0 - CUDA_VISIBLE_DEVICES: [0]
