[I 2023-12-27 11:37:41,110] Trial 19 finished with value: 2.454953908920288 and parameters: {'gradient_clip_val': 0.34169544666165846, 'hidden_size': 27, 'dropout': 0.3532238555793239, 'hidden_continuous_size': 9, 'attention_head_size': 2, 'learning_rate': 0.01023058819034826}. Best is trial 0 with value: 0.1519877165555954.
[I 2023-12-27 11:37:41,533] Trial 20 finished with value: 2.457287073135376 and parameters: {'gradient_clip_val': 0.6259727118266653, 'hidden_size': 69, 'dropout': 0.29849722314282706, 'hidden_continuous_size': 13, 'attention_head_size': 1, 'learning_rate': 0.0005006911988869907}. Best is trial 0 with value: 0.1519877165555954.
[I 2023-12-27 11:37:41,890] Trial 21 finished with value: 2.531144380569458 and parameters: {'gradient_clip_val': 0.10854138226573831, 'hidden_size': 16, 'dropout': 0.4869224626016565, 'hidden_continuous_size': 7, 'attention_head_size': 2, 'learning_rate': 0.018970700940576467}. Best is trial 0 with value: 0.1519877165555954.
[I 2023-12-27 11:37:42,278] Trial 22 finished with value: 2.4929287433624268 and parameters: {'gradient_clip_val': 0.12476983235591627, 'hidden_size': 35, 'dropout': 0.3980442908571455, 'hidden_continuous_size': 12, 'attention_head_size': 2, 'learning_rate': 0.01730988297746701}. Best is trial 0 with value: 0.1519877165555954.
[I 2023-12-27 11:37:42,688] Trial 23 finished with value: 2.8881986141204834 and parameters: {'gradient_clip_val': 0.13017992283794189, 'hidden_size': 50, 'dropout': 0.40285577902610376, 'hidden_continuous_size': 15, 'attention_head_size': 2, 'learning_rate': 0.034378573411680435}. Best is trial 0 with value: 0.1519877165555954.
[I 2023-12-27 11:37:43,298] Trial 24 finished with value: 2.908975601196289 and parameters: {'gradient_clip_val': 0.1926460050753717, 'hidden_size': 17, 'dropout': 0.49170100694916546, 'hidden_continuous_size': 10, 'attention_head_size': 3, 'learning_rate': 0.01797248009066615}. Best is trial 0 with value: 0.1519877165555954.
[I 2023-12-27 11:37:43,700] Trial 25 finished with value: 2.9882795810699463 and parameters: {'gradient_clip_val': 0.10172384038234902, 'hidden_size': 29, 'dropout': 0.32704950206636463, 'hidden_continuous_size': 13, 'attention_head_size': 2, 'learning_rate': 0.009716724543979744}. Best is trial 0 with value: 0.1519877165555954.
[I 2023-12-27 11:37:44,081] Trial 26 finished with value: 3.4498322010040283 and parameters: {'gradient_clip_val': 0.1289943285957148, 'hidden_size': 22, 'dropout': 0.2759697843351437, 'hidden_continuous_size': 9, 'attention_head_size': 1, 'learning_rate': 0.00757038862560658}. Best is trial 0 with value: 0.1519877165555954.
[I 2023-12-27 11:37:44,565] Trial 27 finished with value: 2.6744000911712646 and parameters: {'gradient_clip_val': 0.22632179313607023, 'hidden_size': 101, 'dropout': 0.3241050290243609, 'hidden_continuous_size': 24, 'attention_head_size': 3, 'learning_rate': 0.05016158126389679}. Best is trial 0 with value: 0.1519877165555954.
[I 2023-12-27 11:37:44,987] Trial 28 finished with value: 2.5024049282073975 and parameters: {'gradient_clip_val': 0.11983149123115733, 'hidden_size': 52, 'dropout': 0.3534187532537836, 'hidden_continuous_size': 11, 'attention_head_size': 4, 'learning_rate': 0.015844814666436818}. Best is trial 0 with value: 0.1519877165555954.
[I 2023-12-27 11:37:45,393] Trial 29 finished with value: 2.377150297164917 and parameters: {'gradient_clip_val': 0.15559424044302048, 'hidden_size': 40, 'dropout': 0.26213449052976173, 'hidden_continuous_size': 15, 'attention_head_size': 2, 'learning_rate': 0.0022170939774221977}. Best is trial 0 with value: 0.1519877165555954.
[I 2023-12-27 11:37:45,787] Trial 30 finished with value: 2.683570623397827 and parameters: {'gradient_clip_val': 0.17424551716733133, 'hidden_size': 30, 'dropout': 0.23913859250259087, 'hidden_continuous_size': 10, 'attention_head_size': 3, 'learning_rate': 0.0979540963382786}. Best is trial 0 with value: 0.1519877165555954.
[I 2023-12-27 11:37:46,241] Trial 31 finished with value: 3.2240428924560547 and parameters: {'gradient_clip_val': 0.9551206016818613, 'hidden_size': 96, 'dropout': 0.1870261436092544, 'hidden_continuous_size': 27, 'attention_head_size': 2, 'learning_rate': 0.05182086565639531}. Best is trial 0 with value: 0.1519877165555954.
[I 2023-12-27 11:37:46,663] Trial 32 finished with value: 2.9249792098999023 and parameters: {'gradient_clip_val': 0.7078776070924843, 'hidden_size': 67, 'dropout': 0.15729107274322496, 'hidden_continuous_size': 20, 'attention_head_size': 2, 'learning_rate': 0.02382234802690277}. Best is trial 0 with value: 0.1519877165555954.
[I 2023-12-27 11:37:47,157] Trial 33 finished with value: 3.4298388957977295 and parameters: {'gradient_clip_val': 0.4238759457058447, 'hidden_size': 92, 'dropout': 0.22963992692542812, 'hidden_continuous_size': 87, 'attention_head_size': 1, 'learning_rate': 0.02949059495730044}. Best is trial 0 with value: 0.1519877165555954.
[I 2023-12-27 11:37:47,641] Trial 34 finished with value: 3.3577964305877686 and parameters: {'gradient_clip_val': 0.7783477558858445, 'hidden_size': 115, 'dropout': 0.28452574107705725, 'hidden_continuous_size': 7, 'attention_head_size': 2, 'learning_rate': 0.045628263486146924}. Best is trial 0 with value: 0.1519877165555954.
[I 2023-12-27 11:37:48,082] Trial 35 finished with value: 3.336620330810547 and parameters: {'gradient_clip_val': 0.5652982226986027, 'hidden_size': 79, 'dropout': 0.26368371771001575, 'hidden_continuous_size': 6, 'attention_head_size': 2, 'learning_rate': 0.027158662108405732}. Best is trial 0 with value: 0.1519877165555954.
[I 2023-12-27 11:37:48,494] Trial 36 finished with value: 3.01186466217041 and parameters: {'gradient_clip_val': 0.8926864951418919, 'hidden_size': 59, 'dropout': 0.31053620907303414, 'hidden_continuous_size': 13, 'attention_head_size': 2, 'learning_rate': 0.013678654110740384}. Best is trial 0 with value: 0.1519877165555954.
[I 2023-12-27 11:37:49,154] Trial 37 finished with value: 2.3521769046783447 and parameters: {'gradient_clip_val': 0.14106371744213997, 'hidden_size': 77, 'dropout': 0.4551085541076926, 'hidden_continuous_size': 15, 'attention_head_size': 1, 'learning_rate': 0.02249187675035115}. Best is trial 0 with value: 0.1519877165555954.
[I 2023-12-27 11:37:49,687] Trial 38 finished with value: 3.1020145416259766 and parameters: {'gradient_clip_val': 0.7066729407822966, 'hidden_size': 115, 'dropout': 0.41927281530813043, 'hidden_continuous_size': 29, 'attention_head_size': 2, 'learning_rate': 0.03305444631572574}. Best is trial 0 with value: 0.1519877165555954.
[I 2023-12-27 11:37:50,103] Trial 39 finished with value: 2.861199378967285 and parameters: {'gradient_clip_val': 0.9904597386685603, 'hidden_size': 45, 'dropout': 0.4671602912481594, 'hidden_continuous_size': 6, 'attention_head_size': 2, 'learning_rate': 0.03893619681168494}. Best is trial 0 with value: 0.1519877165555954.
[I 2023-12-27 11:37:50,519] Trial 40 finished with value: 3.2551164627075195 and parameters: {'gradient_clip_val': 0.11703588249297384, 'hidden_size': 60, 'dropout': 0.3431569475955644, 'hidden_continuous_size': 8, 'attention_head_size': 1, 'learning_rate': 0.019967307920445158}. Best is trial 0 with value: 0.1519877165555954.
[I 2023-12-27 11:37:50,888] Trial 41 finished with value: 2.769397020339966 and parameters: {'gradient_clip_val': 0.7707156821794193, 'hidden_size': 10, 'dropout': 0.371619065098147, 'hidden_continuous_size': 6, 'attention_head_size': 4, 'learning_rate': 0.011192105988140605}. Best is trial 0 with value: 0.1519877165555954.
[I 2023-12-27 11:37:51,243] Trial 42 finished with value: 2.937983274459839 and parameters: {'gradient_clip_val': 0.8926760583517509, 'hidden_size': 6, 'dropout': 0.31259274089660927, 'hidden_continuous_size': 5, 'attention_head_size': 4, 'learning_rate': 0.014128657063106231}. Best is trial 0 with value: 0.1519877165555954.
[I 2023-12-27 11:37:51,618] Trial 43 finished with value: 2.8684685230255127 and parameters: {'gradient_clip_val': 0.792262553448192, 'hidden_size': 10, 'dropout': 0.39181486654515496, 'hidden_continuous_size': 8, 'attention_head_size': 4, 'learning_rate': 0.008404854443482677}. Best is trial 0 with value: 0.1519877165555954.
[I 2023-12-27 11:37:51,973] Trial 44 finished with value: 2.1226062774658203 and parameters: {'gradient_clip_val': 0.5163660854103711, 'hidden_size': 7, 'dropout': 0.4294684555816574, 'hidden_continuous_size': 5, 'attention_head_size': 3, 'learning_rate': 0.005931762131343555}. Best is trial 0 with value: 0.1519877165555954.
[I 2023-12-27 11:37:52,335] Trial 45 finished with value: 3.340815544128418 and parameters: {'gradient_clip_val': 0.406675583287871, 'hidden_size': 8, 'dropout': 0.4464048680518995, 'hidden_continuous_size': 5, 'attention_head_size': 3, 'learning_rate': 0.0051943377611276655}. Best is trial 0 with value: 0.1519877165555954.
[I 2023-12-27 11:37:52,669] Trial 46 finished with value: 3.9299678802490234 and parameters: {'gradient_clip_val': 0.46854890664796217, 'hidden_size': 5, 'dropout': 0.42708914095590134, 'hidden_continuous_size': 5, 'attention_head_size': 3, 'learning_rate': 0.0033080191728409587}. Best is trial 0 with value: 0.1519877165555954.
[I 2023-12-27 11:37:53,223] Trial 47 finished with value: 1.9215384721755981 and parameters: {'gradient_clip_val': 0.5495924135866156, 'hidden_size': 146, 'dropout': 0.470803029112843, 'hidden_continuous_size': 20, 'attention_head_size': 3, 'learning_rate': 0.0009913987189159527}. Best is trial 0 with value: 0.1519877165555954.
[I 2023-12-27 11:37:53,749] Trial 48 finished with value: 3.5285279750823975 and parameters: {'gradient_clip_val': 0.4960265834523603, 'hidden_size': 132, 'dropout': 0.47078153244558874, 'hidden_continuous_size': 7, 'attention_head_size': 3, 'learning_rate': 0.0010556393982025407}. Best is trial 0 with value: 0.1519877165555954.
[I 2023-12-27 11:37:54,105] Trial 49 finished with value: 2.8231523036956787 and parameters: {'gradient_clip_val': 0.5422606805630192, 'hidden_size': 6, 'dropout': 0.49312841464434776, 'hidden_continuous_size': 5, 'attention_head_size': 3, 'learning_rate': 0.0008314876762814863}. Best is trial 0 with value: 0.1519877165555954.
[I 2023-12-27 11:37:54,213] A new study created in memory with name: no-name-3ddcf0af-bd56-4a67-8700-c99d4e3983b1
/home/le004/conda/anaconda3/envs/tsff_env/lib/python3.9/site-packages/lightning/fabric/plugins/environments/slurm.py:191: The `srun` command is available on your system but is not used. HINT: If your intention is to run Lightning on SLURM, prepend your python command with `srun` like so: srun python /home/le004/master_thesis/git/TSFusionForecast/code/ ...
[I 2023-12-27 11:38:26,273] Trial 0 finished with value: 0.6770092844963074 and parameters: {'gradient_clip_val': 0.21120454265356933, 'hidden_size': 20, 'dropout': 0.29275398712763123, 'hidden_continuous_size': 10, 'attention_head_size': 2, 'learning_rate': 0.002212444058908156}. Best is trial 0 with value: 0.6770092844963074.
[I 2023-12-27 11:38:36,266] Trial 1 finished with value: 1.479901671409607 and parameters: {'gradient_clip_val': 0.8200773801152775, 'hidden_size': 7, 'dropout': 0.33845107629915105, 'hidden_continuous_size': 5, 'attention_head_size': 4, 'learning_rate': 0.049719334497478895}. Best is trial 0 with value: 0.6770092844963074.
[I 2023-12-27 11:38:36,577] Trial 2 finished with value: 5.02089262008667 and parameters: {'gradient_clip_val': 0.11513349934492112, 'hidden_size': 5, 'dropout': 0.27054143792977714, 'hidden_continuous_size': 5, 'attention_head_size': 1, 'learning_rate': 0.004076705568360423}. Best is trial 0 with value: 0.6770092844963074.
[I 2023-12-27 11:38:36,939] Trial 3 finished with value: 6.864264011383057 and parameters: {'gradient_clip_val': 0.6203939796911055, 'hidden_size': 33, 'dropout': 0.2278933382434541, 'hidden_continuous_size': 13, 'attention_head_size': 2, 'learning_rate': 0.09592964891891025}. Best is trial 0 with value: 0.6770092844963074.
[I 2023-12-27 11:38:37,303] Trial 4 finished with value: 5.01694393157959 and parameters: {'gradient_clip_val': 0.2991624279461099, 'hidden_size': 13, 'dropout': 0.16677467026253517, 'hidden_continuous_size': 6, 'attention_head_size': 4, 'learning_rate': 0.0006151220751969032}. Best is trial 0 with value: 0.6770092844963074.
[I 2023-12-27 11:38:37,947] Trial 5 finished with value: 3.708684206008911 and parameters: {'gradient_clip_val': 0.238531776777481, 'hidden_size': 143, 'dropout': 0.21942741281844014, 'hidden_continuous_size': 132, 'attention_head_size': 2, 'learning_rate': 0.006153976134848075}. Best is trial 0 with value: 0.6770092844963074.
[I 2023-12-27 11:38:38,263] Trial 6 finished with value: 5.392683506011963 and parameters: {'gradient_clip_val': 0.7202202481205484, 'hidden_size': 6, 'dropout': 0.11440829562641155, 'hidden_continuous_size': 6, 'attention_head_size': 4, 'learning_rate': 0.0009096286455576867}. Best is trial 0 with value: 0.6770092844963074.
[I 2023-12-27 11:38:38,595] Trial 7 finished with value: 4.605171203613281 and parameters: {'gradient_clip_val': 0.17845879592136069, 'hidden_size': 7, 'dropout': 0.15503808144624964, 'hidden_continuous_size': 5, 'attention_head_size': 3, 'learning_rate': 0.06917652850520276}. Best is trial 0 with value: 0.6770092844963074.
[I 2023-12-27 11:38:38,940] Trial 8 finished with value: 3.8160603046417236 and parameters: {'gradient_clip_val': 0.1802204051151437, 'hidden_size': 12, 'dropout': 0.34777725643527013, 'hidden_continuous_size': 8, 'attention_head_size': 1, 'learning_rate': 0.005310186846719079}. Best is trial 0 with value: 0.6770092844963074.
[I 2023-12-27 11:38:39,386] Trial 9 finished with value: 3.8074114322662354 and parameters: {'gradient_clip_val': 0.13182915176193613, 'hidden_size': 78, 'dropout': 0.36820366124684867, 'hidden_continuous_size': 39, 'attention_head_size': 1, 'learning_rate': 0.0008642680955743419}. Best is trial 0 with value: 0.6770092844963074.
[I 2023-12-27 11:38:39,770] Trial 10 finished with value: 4.194155693054199 and parameters: {'gradient_clip_val': 0.4867703824852268, 'hidden_size': 29, 'dropout': 0.4641488407951305, 'hidden_continuous_size': 11, 'attention_head_size': 3, 'learning_rate': 0.001845257351897915}. Best is trial 0 with value: 0.6770092844963074.
[I 2023-12-27 11:38:40,380] Trial 11 finished with value: 4.366015911102295 and parameters: {'gradient_clip_val': 0.4272857108268644, 'hidden_size': 14, 'dropout': 0.32430873192515536, 'hidden_continuous_size': 5, 'attention_head_size': 3, 'learning_rate': 0.026846648490024896}. Best is trial 0 with value: 0.6770092844963074.
[I 2023-12-27 11:38:40,760] Trial 12 finished with value: 5.014713287353516 and parameters: {'gradient_clip_val': 0.9504789477290315, 'hidden_size': 21, 'dropout': 0.38104329083390076, 'hidden_continuous_size': 8, 'attention_head_size': 2, 'learning_rate': 0.017912928607267186}. Best is trial 0 with value: 0.6770092844963074.
[I 2023-12-27 11:38:41,133] Trial 13 finished with value: 5.472808361053467 and parameters: {'gradient_clip_val': 0.35822480538575247, 'hidden_size': 7, 'dropout': 0.28265137543019, 'hidden_continuous_size': 5, 'attention_head_size': 4, 'learning_rate': 0.013723701358425256}. Best is trial 0 with value: 0.6770092844963074.
[I 2023-12-27 11:38:41,543] Trial 14 finished with value: 3.4850528240203857 and parameters: {'gradient_clip_val': 0.2793399506157618, 'hidden_size': 45, 'dropout': 0.414844473364572, 'hidden_continuous_size': 9, 'attention_head_size': 3, 'learning_rate': 0.002332541370999818}. Best is trial 0 with value: 0.6770092844963074.
[I 2023-12-27 11:38:41,913] Trial 15 finished with value: 4.823110580444336 and parameters: {'gradient_clip_val': 0.9106485308993894, 'hidden_size': 10, 'dropout': 0.3022328666586915, 'hidden_continuous_size': 6, 'attention_head_size': 2, 'learning_rate': 0.04418760333736497}. Best is trial 0 with value: 0.6770092844963074.
[I 2023-12-27 11:38:42,303] Trial 16 finished with value: 3.0207462310791016 and parameters: {'gradient_clip_val': 0.5018972911037209, 'hidden_size': 20, 'dropout': 0.4141933464512929, 'hidden_continuous_size': 7, 'attention_head_size': 4, 'learning_rate': 0.01078841837906759}. Best is trial 0 with value: 0.6770092844963074.
[I 2023-12-27 11:38:42,662] Trial 17 finished with value: 5.768025875091553 and parameters: {'gradient_clip_val': 0.3815374248394599, 'hidden_size': 8, 'dropout': 0.3218913927412219, 'hidden_continuous_size': 5, 'attention_head_size': 3, 'learning_rate': 0.030616119577148274}. Best is trial 0 with value: 0.6770092844963074.
[I 2023-12-27 11:38:42,981] Trial 18 finished with value: 3.280263662338257 and parameters: {'gradient_clip_val': 0.6303843352124355, 'hidden_size': 5, 'dropout': 0.4951697648398805, 'hidden_continuous_size': 5, 'attention_head_size': 1, 'learning_rate': 0.01027951536994007}. Best is trial 0 with value: 0.6770092844963074.
[I 2023-12-27 11:38:43,338] Trial 19 finished with value: 3.7555248737335205 and parameters: {'gradient_clip_val': 0.23738570721313865, 'hidden_size': 17, 'dropout': 0.25855798777923494, 'hidden_continuous_size': 7, 'attention_head_size': 2, 'learning_rate': 0.0496311233844693}. Best is trial 0 with value: 0.6770092844963074.
[I 2023-12-27 11:38:43,723] Trial 20 finished with value: 4.966517925262451 and parameters: {'gradient_clip_val': 0.3211674433976033, 'hidden_size': 10, 'dropout': 0.34123051044868674, 'hidden_continuous_size': 6, 'attention_head_size': 4, 'learning_rate': 0.019621050923317472}. Best is trial 0 with value: 0.6770092844963074.
[I 2023-12-27 11:38:44,099] Trial 21 finished with value: 4.134015083312988 and parameters: {'gradient_clip_val': 0.5040381008778697, 'hidden_size': 20, 'dropout': 0.39915073093524694, 'hidden_continuous_size': 7, 'attention_head_size': 4, 'learning_rate': 0.010061814264689186}. Best is trial 0 with value: 0.6770092844963074.
[I 2023-12-27 11:38:44,462] Trial 22 finished with value: 5.118478298187256 and parameters: {'gradient_clip_val': 0.7176679083778893, 'hidden_size': 17, 'dropout': 0.42194337062840637, 'hidden_continuous_size': 7, 'attention_head_size': 4, 'learning_rate': 0.0035408534396694025}. Best is trial 0 with value: 0.6770092844963074.
[I 2023-12-27 11:38:44,836] Trial 23 finished with value: 4.415146350860596 and parameters: {'gradient_clip_val': 0.49472104396376626, 'hidden_size': 26, 'dropout': 0.437969458108723, 'hidden_continuous_size': 9, 'attention_head_size': 3, 'learning_rate': 0.008332909496280176}. Best is trial 0 with value: 0.6770092844963074.
[I 2023-12-27 11:38:45,197] Trial 24 finished with value: 4.09281063079834 and parameters: {'gradient_clip_val': 0.844768679345954, 'hidden_size': 9, 'dropout': 0.37345576506951617, 'hidden_continuous_size': 6, 'attention_head_size': 4, 'learning_rate': 0.013667399726025877}. Best is trial 0 with value: 0.6770092844963074.
[I 2023-12-27 11:38:45,801] Trial 25 finished with value: 4.3198981285095215 and parameters: {'gradient_clip_val': 0.5862508765841999, 'hidden_size': 14, 'dropout': 0.3079424573251005, 'hidden_continuous_size': 7, 'attention_head_size': 3, 'learning_rate': 0.029450484349533006}. Best is trial 0 with value: 0.6770092844963074.
[I 2023-12-27 11:38:46,192] Trial 26 finished with value: 4.308496475219727 and parameters: {'gradient_clip_val': 0.9762511981254126, 'hidden_size': 43, 'dropout': 0.36139806953780973, 'hidden_continuous_size': 10, 'attention_head_size': 2, 'learning_rate': 0.007378210449555249}. Best is trial 0 with value: 0.6770092844963074.
[I 2023-12-27 11:38:46,556] Trial 27 finished with value: 4.44794225692749 and parameters: {'gradient_clip_val': 0.7448829607426635, 'hidden_size': 9, 'dropout': 0.3952833053775254, 'hidden_continuous_size': 6, 'attention_head_size': 4, 'learning_rate': 0.0022243702716780046}. Best is trial 0 with value: 0.6770092844963074.
[I 2023-12-27 11:38:46,946] Trial 28 finished with value: 5.493112564086914 and parameters: {'gradient_clip_val': 0.5573556377496663, 'hidden_size': 23, 'dropout': 0.4477037725699213, 'hidden_continuous_size': 8, 'attention_head_size': 3, 'learning_rate': 0.04505566104847933}. Best is trial 0 with value: 0.6770092844963074.
[I 2023-12-27 11:38:47,283] Trial 29 finished with value: 4.4913153648376465 and parameters: {'gradient_clip_val': 0.42654611201095205, 'hidden_size': 5, 'dropout': 0.29362911665177355, 'hidden_continuous_size': 5, 'attention_head_size': 1, 'learning_rate': 0.005323056430489452}. Best is trial 0 with value: 0.6770092844963074.
[I 2023-12-27 11:38:47,658] Trial 30 finished with value: 3.866107940673828 and parameters: {'gradient_clip_val': 0.7842808103792732, 'hidden_size': 18, 'dropout': 0.3342658601739187, 'hidden_continuous_size': 8, 'attention_head_size': 4, 'learning_rate': 0.0036677735514758216}. Best is trial 0 with value: 0.6770092844963074.
[I 2023-12-27 11:38:47,984] Trial 31 finished with value: 4.506427764892578 and parameters: {'gradient_clip_val': 0.6505570409138276, 'hidden_size': 5, 'dropout': 0.4979508458102021, 'hidden_continuous_size': 5, 'attention_head_size': 1, 'learning_rate': 0.0101708423516385}. Best is trial 0 with value: 0.6770092844963074.
[I 2023-12-27 11:38:48,337] Trial 32 finished with value: 5.173245906829834 and parameters: {'gradient_clip_val': 0.6575333823913319, 'hidden_size': 6, 'dropout': 0.48934375874672004, 'hidden_continuous_size': 5, 'attention_head_size': 1, 'learning_rate': 0.09914929681683836}. Best is trial 0 with value: 0.6770092844963074.
[I 2023-12-27 11:38:48,673] Trial 33 finished with value: 4.0777058601379395 and parameters: {'gradient_clip_val': 0.826120341315395, 'hidden_size': 5, 'dropout': 0.4569376846280596, 'hidden_continuous_size': 5, 'attention_head_size': 1, 'learning_rate': 0.011734372174637277}. Best is trial 0 with value: 0.6770092844963074.
