[I 2023-12-16 05:05:56,248] Trial 27 finished with value: 32.015926361083984 and parameters: {'gradient_clip_val': 0.1739657244816967, 'hidden_size': 14, 'dropout': 0.3985019135894784, 'hidden_continuous_size': 7, 'attention_head_size': 1, 'learning_rate': 0.007052347357644262}. Best is trial 16 with value: 14.372791290283203.
LOCAL_RANK: 0 - CUDA_VISIBLE_DEVICES: [0]
[I 2023-12-16 05:06:40,540] Trial 28 finished with value: 18.369037628173828 and parameters: {'gradient_clip_val': 0.24347927029740288, 'hidden_size': 6, 'dropout': 0.3286354064312969, 'hidden_continuous_size': 5, 'attention_head_size': 2, 'learning_rate': 0.004235902496769519}. Best is trial 16 with value: 14.372791290283203.
LOCAL_RANK: 0 - CUDA_VISIBLE_DEVICES: [0]
[I 2023-12-16 05:07:24,958] Trial 29 finished with value: 21.53334617614746 and parameters: {'gradient_clip_val': 0.23931358999966051, 'hidden_size': 6, 'dropout': 0.33351877216064124, 'hidden_continuous_size': 5, 'attention_head_size': 2, 'learning_rate': 0.0028396067793212366}. Best is trial 16 with value: 14.372791290283203.
LOCAL_RANK: 0 - CUDA_VISIBLE_DEVICES: [0]
[I 2023-12-16 05:07:58,614] Trial 30 finished with value: 31.407028198242188 and parameters: {'gradient_clip_val': 0.23001630084871133, 'hidden_size': 5, 'dropout': 0.3370306779553891, 'hidden_continuous_size': 5, 'attention_head_size': 3, 'learning_rate': 0.0016708700613337294}. Best is trial 16 with value: 14.372791290283203.
LOCAL_RANK: 0 - CUDA_VISIBLE_DEVICES: [0]
[I 2023-12-16 05:08:43,211] Trial 31 finished with value: 25.582490921020508 and parameters: {'gradient_clip_val': 0.29003791279410657, 'hidden_size': 10, 'dropout': 0.31213777874782855, 'hidden_continuous_size': 6, 'attention_head_size': 2, 'learning_rate': 0.0038125518525824994}. Best is trial 16 with value: 14.372791290283203.
LOCAL_RANK: 0 - CUDA_VISIBLE_DEVICES: [0]
[I 2023-12-16 05:09:26,902] Trial 32 finished with value: 13.6155424118042 and parameters: {'gradient_clip_val': 0.3551622230031323, 'hidden_size': 8, 'dropout': 0.35277551938608454, 'hidden_continuous_size': 5, 'attention_head_size': 2, 'learning_rate': 0.008378331298442954}. Best is trial 32 with value: 13.6155424118042.
LOCAL_RANK: 0 - CUDA_VISIBLE_DEVICES: [0]
[I 2023-12-16 05:10:10,347] Trial 33 finished with value: 27.483444213867188 and parameters: {'gradient_clip_val': 0.3260974480288342, 'hidden_size': 8, 'dropout': 0.34706233363071354, 'hidden_continuous_size': 5, 'attention_head_size': 2, 'learning_rate': 0.005654555503648355}. Best is trial 32 with value: 13.6155424118042.
LOCAL_RANK: 0 - CUDA_VISIBLE_DEVICES: [0]
[I 2023-12-16 05:10:55,028] Trial 34 finished with value: 23.308135986328125 and parameters: {'gradient_clip_val': 0.24836163727784175, 'hidden_size': 6, 'dropout': 0.2731028594123681, 'hidden_continuous_size': 5, 'attention_head_size': 3, 'learning_rate': 0.00317766119370748}. Best is trial 32 with value: 13.6155424118042.
LOCAL_RANK: 0 - CUDA_VISIBLE_DEVICES: [0]
[I 2023-12-16 05:11:39,177] Trial 35 finished with value: 20.941774368286133 and parameters: {'gradient_clip_val': 0.37071749956551175, 'hidden_size': 7, 'dropout': 0.30814814639733823, 'hidden_continuous_size': 5, 'attention_head_size': 1, 'learning_rate': 0.004907162537722709}. Best is trial 32 with value: 13.6155424118042.
LOCAL_RANK: 0 - CUDA_VISIBLE_DEVICES: [0]
[I 2023-12-16 05:12:23,828] Trial 36 finished with value: 19.439714431762695 and parameters: {'gradient_clip_val': 0.18356963514431468, 'hidden_size': 9, 'dropout': 0.336461417451223, 'hidden_continuous_size': 5, 'attention_head_size': 2, 'learning_rate': 0.006913419069143616}. Best is trial 32 with value: 13.6155424118042.
LOCAL_RANK: 0 - CUDA_VISIBLE_DEVICES: [0]
[I 2023-12-16 05:13:07,775] Trial 37 finished with value: 30.761489868164062 and parameters: {'gradient_clip_val': 0.17986581424787607, 'hidden_size': 12, 'dropout': 0.3448152526944164, 'hidden_continuous_size': 7, 'attention_head_size': 2, 'learning_rate': 0.0071346373689915145}. Best is trial 32 with value: 13.6155424118042.
LOCAL_RANK: 0 - CUDA_VISIBLE_DEVICES: [0]
[I 2023-12-16 05:13:54,093] Trial 38 finished with value: 35.3475456237793 and parameters: {'gradient_clip_val': 0.15651280898979564, 'hidden_size': 17, 'dropout': 0.3314928884765461, 'hidden_continuous_size': 7, 'attention_head_size': 3, 'learning_rate': 0.007738770101503791}. Best is trial 32 with value: 13.6155424118042.
LOCAL_RANK: 0 - CUDA_VISIBLE_DEVICES: [0]
[I 2023-12-16 05:14:38,594] Trial 39 finished with value: 15.113398551940918 and parameters: {'gradient_clip_val': 0.21248378067347565, 'hidden_size': 9, 'dropout': 0.355663313548685, 'hidden_continuous_size': 5, 'attention_head_size': 2, 'learning_rate': 0.012286733768896975}. Best is trial 32 with value: 13.6155424118042.
LOCAL_RANK: 0 - CUDA_VISIBLE_DEVICES: [0]
[I 2023-12-16 05:15:22,420] Trial 40 finished with value: 43.83501052856445 and parameters: {'gradient_clip_val': 0.21466722603008753, 'hidden_size': 16, 'dropout': 0.35666791976048656, 'hidden_continuous_size': 7, 'attention_head_size': 1, 'learning_rate': 0.013379941127412741}. Best is trial 32 with value: 13.6155424118042.
LOCAL_RANK: 0 - CUDA_VISIBLE_DEVICES: [0]
[I 2023-12-16 05:16:07,117] Trial 41 finished with value: 18.228452682495117 and parameters: {'gradient_clip_val': 0.17679185361983832, 'hidden_size': 9, 'dropout': 0.3812598810581429, 'hidden_continuous_size': 5, 'attention_head_size': 2, 'learning_rate': 0.008336116465317588}. Best is trial 32 with value: 13.6155424118042.
LOCAL_RANK: 0 - CUDA_VISIBLE_DEVICES: [0]
[I 2023-12-16 05:16:50,685] Trial 42 finished with value: 44.6334228515625 and parameters: {'gradient_clip_val': 0.19728179603842905, 'hidden_size': 12, 'dropout': 0.3794756248053942, 'hidden_continuous_size': 6, 'attention_head_size': 2, 'learning_rate': 0.009380732405629703}. Best is trial 32 with value: 13.6155424118042.
LOCAL_RANK: 0 - CUDA_VISIBLE_DEVICES: [0]
[I 2023-12-16 05:17:38,012] Trial 43 finished with value: 22.595611572265625 and parameters: {'gradient_clip_val': 0.22764188201343688, 'hidden_size': 19, 'dropout': 0.38287769287656115, 'hidden_continuous_size': 9, 'attention_head_size': 2, 'learning_rate': 0.005728363945634904}. Best is trial 32 with value: 13.6155424118042.
LOCAL_RANK: 0 - CUDA_VISIBLE_DEVICES: [0]
[I 2023-12-16 05:18:22,591] Trial 44 finished with value: 37.66273498535156 and parameters: {'gradient_clip_val': 0.16064425009609087, 'hidden_size': 9, 'dropout': 0.3520238801478388, 'hidden_continuous_size': 5, 'attention_head_size': 2, 'learning_rate': 0.014106620437245818}. Best is trial 32 with value: 13.6155424118042.
LOCAL_RANK: 0 - CUDA_VISIBLE_DEVICES: [0]
[I 2023-12-16 05:19:07,354] Trial 45 finished with value: 27.14946937561035 and parameters: {'gradient_clip_val': 0.13800051295877408, 'hidden_size': 13, 'dropout': 0.38226598534300676, 'hidden_continuous_size': 6, 'attention_head_size': 2, 'learning_rate': 0.010835398066671203}. Best is trial 32 with value: 13.6155424118042.
LOCAL_RANK: 0 - CUDA_VISIBLE_DEVICES: [0]
[I 2023-12-16 05:19:52,286] Trial 46 finished with value: 31.70929718017578 and parameters: {'gradient_clip_val': 0.20955217224994857, 'hidden_size': 6, 'dropout': 0.35515135989520863, 'hidden_continuous_size': 5, 'attention_head_size': 3, 'learning_rate': 0.007890695711113147}. Best is trial 32 with value: 13.6155424118042.
LOCAL_RANK: 0 - CUDA_VISIBLE_DEVICES: [0]
[I 2023-12-16 05:20:37,645] Trial 47 finished with value: 28.71128273010254 and parameters: {'gradient_clip_val': 0.27597062615025336, 'hidden_size': 15, 'dropout': 0.3655335470427484, 'hidden_continuous_size': 8, 'attention_head_size': 2, 'learning_rate': 0.004667398486260052}. Best is trial 32 with value: 13.6155424118042.
LOCAL_RANK: 0 - CUDA_VISIBLE_DEVICES: [0]
[I 2023-12-16 05:21:21,909] Trial 48 finished with value: 26.616003036499023 and parameters: {'gradient_clip_val': 0.17081345171644505, 'hidden_size': 10, 'dropout': 0.3871277037210285, 'hidden_continuous_size': 5, 'attention_head_size': 1, 'learning_rate': 0.003978295668916516}. Best is trial 32 with value: 13.6155424118042.
LOCAL_RANK: 0 - CUDA_VISIBLE_DEVICES: [0]
[I 2023-12-16 05:22:06,340] Trial 49 finished with value: 29.07865333557129 and parameters: {'gradient_clip_val': 0.24588286530864303, 'hidden_size': 7, 'dropout': 0.3604623169306026, 'hidden_continuous_size': 5, 'attention_head_size': 2, 'learning_rate': 0.009300796021017247}. Best is trial 32 with value: 13.6155424118042.
[I 2023-12-16 05:22:06,436] A new study created in memory with name: no-name-df7d4922-bf8a-49d5-955c-ca83c9a5e278
/home/le004/conda/anaconda3/envs/tsff_env/lib/python3.9/site-packages/lightning/fabric/plugins/environments/slurm.py:191: The `srun` command is available on your system but is not used. HINT: If your intention is to run Lightning on SLURM, prepend your python command with `srun` like so: srun python /home/le004/master_thesis/git/TSFusionForecast/code/ ...
LOCAL_RANK: 0 - CUDA_VISIBLE_DEVICES: [0]
[I 2023-12-16 05:22:52,950] Trial 0 finished with value: 118.28563690185547 and parameters: {'gradient_clip_val': 0.20405889706080202, 'hidden_size': 15, 'dropout': 0.19272794093049211, 'hidden_continuous_size': 14, 'attention_head_size': 3, 'learning_rate': 0.06198679642139891}. Best is trial 0 with value: 118.28563690185547.
LOCAL_RANK: 0 - CUDA_VISIBLE_DEVICES: [0]
[I 2023-12-16 05:23:37,629] Trial 1 finished with value: 128.76275634765625 and parameters: {'gradient_clip_val': 0.16687450103690035, 'hidden_size': 9, 'dropout': 0.28059466391044685, 'hidden_continuous_size': 6, 'attention_head_size': 2, 'learning_rate': 0.012059438250864663}. Best is trial 0 with value: 118.28563690185547.
LOCAL_RANK: 0 - CUDA_VISIBLE_DEVICES: [0]
[I 2023-12-16 05:24:10,634] Trial 2 finished with value: 113.90896606445312 and parameters: {'gradient_clip_val': 0.3302869597051005, 'hidden_size': 5, 'dropout': 0.19321963398033093, 'hidden_continuous_size': 5, 'attention_head_size': 1, 'learning_rate': 0.009855515985541814}. Best is trial 2 with value: 113.90896606445312.
LOCAL_RANK: 0 - CUDA_VISIBLE_DEVICES: [0]
[I 2023-12-16 05:24:58,561] Trial 3 finished with value: 208.9224090576172 and parameters: {'gradient_clip_val': 0.2933059995021481, 'hidden_size': 20, 'dropout': 0.1441554576663227, 'hidden_continuous_size': 14, 'attention_head_size': 4, 'learning_rate': 0.08595045729520737}. Best is trial 2 with value: 113.90896606445312.
LOCAL_RANK: 0 - CUDA_VISIBLE_DEVICES: [0]
[I 2023-12-16 05:25:44,440] Trial 4 finished with value: 56.82527160644531 and parameters: {'gradient_clip_val': 0.30752409723630936, 'hidden_size': 10, 'dropout': 0.1558320353240137, 'hidden_continuous_size': 9, 'attention_head_size': 4, 'learning_rate': 0.0032207672329948797}. Best is trial 4 with value: 56.82527160644531.
LOCAL_RANK: 0 - CUDA_VISIBLE_DEVICES: [0]
[I 2023-12-16 05:26:29,502] Trial 5 finished with value: 114.65396881103516 and parameters: {'gradient_clip_val': 0.29544734303459647, 'hidden_size': 14, 'dropout': 0.1983079690058469, 'hidden_continuous_size': 7, 'attention_head_size': 2, 'learning_rate': 0.0067487024236070345}. Best is trial 4 with value: 56.82527160644531.
LOCAL_RANK: 0 - CUDA_VISIBLE_DEVICES: [0]
[I 2023-12-16 05:27:14,640] Trial 6 finished with value: 104.91686248779297 and parameters: {'gradient_clip_val': 0.3140679328293097, 'hidden_size': 16, 'dropout': 0.3197202349365341, 'hidden_continuous_size': 13, 'attention_head_size': 1, 'learning_rate': 0.016479694888053592}. Best is trial 4 with value: 56.82527160644531.
LOCAL_RANK: 0 - CUDA_VISIBLE_DEVICES: [0]
[I 2023-12-16 05:28:06,795] Trial 7 finished with value: 109.47525024414062 and parameters: {'gradient_clip_val': 0.42031417465939863, 'hidden_size': 57, 'dropout': 0.3986061818002522, 'hidden_continuous_size': 8, 'attention_head_size': 2, 'learning_rate': 0.036735379490738164}. Best is trial 4 with value: 56.82527160644531.
LOCAL_RANK: 0 - CUDA_VISIBLE_DEVICES: [0]
[I 2023-12-16 05:28:52,622] Trial 8 finished with value: 191.9111328125 and parameters: {'gradient_clip_val': 0.36300103964724045, 'hidden_size': 18, 'dropout': 0.31233690516048784, 'hidden_continuous_size': 6, 'attention_head_size': 2, 'learning_rate': 0.018057174707123286}. Best is trial 4 with value: 56.82527160644531.
LOCAL_RANK: 0 - CUDA_VISIBLE_DEVICES: [0]
[I 2023-12-16 05:29:44,248] Trial 9 finished with value: 104.57921600341797 and parameters: {'gradient_clip_val': 0.1286695466783972, 'hidden_size': 60, 'dropout': 0.3516829931342321, 'hidden_continuous_size': 13, 'attention_head_size': 1, 'learning_rate': 0.08831591759649832}. Best is trial 4 with value: 56.82527160644531.
LOCAL_RANK: 0 - CUDA_VISIBLE_DEVICES: [0]
[I 2023-12-16 05:30:36,865] Trial 10 finished with value: 98.27178955078125 and parameters: {'gradient_clip_val': 0.7523208230800064, 'hidden_size': 35, 'dropout': 0.10457546947729472, 'hidden_continuous_size': 27, 'attention_head_size': 4, 'learning_rate': 0.001672835634303734}. Best is trial 4 with value: 56.82527160644531.
LOCAL_RANK: 0 - CUDA_VISIBLE_DEVICES: [0]
[I 2023-12-16 05:31:29,543] Trial 11 finished with value: 56.45778274536133 and parameters: {'gradient_clip_val': 0.8321123069120789, 'hidden_size': 34, 'dropout': 0.10975296967259154, 'hidden_continuous_size': 30, 'attention_head_size': 4, 'learning_rate': 0.0016421030665499086}. Best is trial 11 with value: 56.45778274536133.
LOCAL_RANK: 0 - CUDA_VISIBLE_DEVICES: [0]
[I 2023-12-16 05:32:04,548] Trial 12 finished with value: 135.21800231933594 and parameters: {'gradient_clip_val': 0.8451999567692643, 'hidden_size': 31, 'dropout': 0.10784261581526633, 'hidden_continuous_size': 31, 'attention_head_size': 4, 'learning_rate': 0.001256885632501761}. Best is trial 11 with value: 56.45778274536133.
LOCAL_RANK: 0 - CUDA_VISIBLE_DEVICES: [0]
[I 2023-12-16 05:33:00,063] Trial 13 finished with value: 125.95841217041016 and parameters: {'gradient_clip_val': 0.5361218161839131, 'hidden_size': 96, 'dropout': 0.15761857555030798, 'hidden_continuous_size': 61, 'attention_head_size': 3, 'learning_rate': 0.0005700148576819413}. Best is trial 11 with value: 56.45778274536133.
LOCAL_RANK: 0 - CUDA_VISIBLE_DEVICES: [0]
[I 2023-12-16 05:33:45,392] Trial 14 finished with value: 65.9374771118164 and parameters: {'gradient_clip_val': 0.9620837430237128, 'hidden_size': 10, 'dropout': 0.2191263441214109, 'hidden_continuous_size': 5, 'attention_head_size': 3, 'learning_rate': 0.0035009235965734174}. Best is trial 11 with value: 56.45778274536133.
LOCAL_RANK: 0 - CUDA_VISIBLE_DEVICES: [0]
[I 2023-12-16 05:34:34,600] Trial 15 finished with value: 161.147705078125 and parameters: {'gradient_clip_val': 0.5597580553010846, 'hidden_size': 30, 'dropout': 0.14742602573236274, 'hidden_continuous_size': 8, 'attention_head_size': 4, 'learning_rate': 0.003984167426023729}. Best is trial 11 with value: 56.45778274536133.
LOCAL_RANK: 0 - CUDA_VISIBLE_DEVICES: [0]
[I 2023-12-16 05:35:08,514] Trial 16 finished with value: 122.1618423461914 and parameters: {'gradient_clip_val': 0.6416404904828319, 'hidden_size': 5, 'dropout': 0.2494944473827991, 'hidden_continuous_size': 5, 'attention_head_size': 3, 'learning_rate': 0.0021993409274371056}. Best is trial 11 with value: 56.45778274536133.
LOCAL_RANK: 0 - CUDA_VISIBLE_DEVICES: [0]
[I 2023-12-16 05:35:53,892] Trial 17 finished with value: 55.417728424072266 and parameters: {'gradient_clip_val': 0.45937284863881495, 'hidden_size': 10, 'dropout': 0.1015215256894641, 'hidden_continuous_size': 6, 'attention_head_size': 4, 'learning_rate': 0.0008724588598497271}. Best is trial 17 with value: 55.417728424072266.
LOCAL_RANK: 0 - CUDA_VISIBLE_DEVICES: [0]
[I 2023-12-16 05:36:42,186] Trial 18 finished with value: 53.16371154785156 and parameters: {'gradient_clip_val': 0.969420489916423, 'hidden_size': 24, 'dropout': 0.10341215360012003, 'hidden_continuous_size': 10, 'attention_head_size': 4, 'learning_rate': 0.0007812955434961666}. Best is trial 18 with value: 53.16371154785156.
LOCAL_RANK: 0 - CUDA_VISIBLE_DEVICES: [0]
[I 2023-12-16 05:37:29,783] Trial 19 finished with value: 61.376434326171875 and parameters: {'gradient_clip_val': 0.9693556712451605, 'hidden_size': 24, 'dropout': 0.12649909173177765, 'hidden_continuous_size': 10, 'attention_head_size': 3, 'learning_rate': 0.0005086743552009127}. Best is trial 18 with value: 53.16371154785156.
LOCAL_RANK: 0 - CUDA_VISIBLE_DEVICES: [0]
[I 2023-12-16 05:38:14,156] Trial 20 finished with value: 75.8077163696289 and parameters: {'gradient_clip_val': 0.6716516327667905, 'hidden_size': 8, 'dropout': 0.1703247616959106, 'hidden_continuous_size': 5, 'attention_head_size': 4, 'learning_rate': 0.000908466583448991}. Best is trial 18 with value: 53.16371154785156.
LOCAL_RANK: 0 - CUDA_VISIBLE_DEVICES: [0]
[I 2023-12-16 05:39:02,360] Trial 21 finished with value: 143.41026306152344 and parameters: {'gradient_clip_val': 0.8004625360784432, 'hidden_size': 24, 'dropout': 0.10494124767266873, 'hidden_continuous_size': 11, 'attention_head_size': 4, 'learning_rate': 0.0009469014147987982}. Best is trial 18 with value: 53.16371154785156.
LOCAL_RANK: 0 - CUDA_VISIBLE_DEVICES: [0]
[I 2023-12-16 05:39:52,175] Trial 22 finished with value: 121.50060272216797 and parameters: {'gradient_clip_val': 0.544793537114743, 'hidden_size': 39, 'dropout': 0.12460097383095314, 'hidden_continuous_size': 7, 'attention_head_size': 4, 'learning_rate': 0.0008550374569690953}. Best is trial 18 with value: 53.16371154785156.
LOCAL_RANK: 0 - CUDA_VISIBLE_DEVICES: [0]
[I 2023-12-16 05:40:39,230] Trial 23 finished with value: 110.36394500732422 and parameters: {'gradient_clip_val': 0.9761069103876016, 'hidden_size': 24, 'dropout': 0.1295418966706885, 'hidden_continuous_size': 6, 'attention_head_size': 3, 'learning_rate': 0.0015763704165825678}. Best is trial 18 with value: 53.16371154785156.
LOCAL_RANK: 0 - CUDA_VISIBLE_DEVICES: [0]
[I 2023-12-16 05:41:25,039] Trial 24 finished with value: 109.29742431640625 and parameters: {'gradient_clip_val': 0.7044414236186877, 'hidden_size': 14, 'dropout': 0.10633437127312097, 'hidden_continuous_size': 7, 'attention_head_size': 4, 'learning_rate': 0.002121050651806392}. Best is trial 18 with value: 53.16371154785156.
LOCAL_RANK: 0 - CUDA_VISIBLE_DEVICES: [0]
[I 2023-12-16 05:42:17,982] Trial 25 finished with value: 63.36714553833008 and parameters: {'gradient_clip_val': 0.4518714983951178, 'hidden_size': 45, 'dropout': 0.13221600751932683, 'hidden_continuous_size': 17, 'attention_head_size': 4, 'learning_rate': 0.0006483255334329618}. Best is trial 18 with value: 53.16371154785156.
LOCAL_RANK: 0 - CUDA_VISIBLE_DEVICES: [0]
[I 2023-12-16 05:43:05,829] Trial 26 finished with value: 132.1255645751953 and parameters: {'gradient_clip_val': 0.831390633457661, 'hidden_size': 28, 'dropout': 0.1739206413626062, 'hidden_continuous_size': 10, 'attention_head_size': 3, 'learning_rate': 0.001115118703682271}. Best is trial 18 with value: 53.16371154785156.
LOCAL_RANK: 0 - CUDA_VISIBLE_DEVICES: [0]
[I 2023-12-16 05:43:53,032] Trial 27 finished with value: 30.102279663085938 and parameters: {'gradient_clip_val': 0.6253465732752411, 'hidden_size': 20, 'dropout': 0.1318543261400748, 'hidden_continuous_size': 8, 'attention_head_size': 4, 'learning_rate': 0.0006945945372918898}. Best is trial 27 with value: 30.102279663085938.
LOCAL_RANK: 0 - CUDA_VISIBLE_DEVICES: [0]
[I 2023-12-16 05:44:40,725] Trial 28 finished with value: 63.37947463989258 and parameters: {'gradient_clip_val': 0.5901720808141676, 'hidden_size': 19, 'dropout': 0.13865256333032244, 'hidden_continuous_size': 8, 'attention_head_size': 3, 'learning_rate': 0.000661307074432789}. Best is trial 27 with value: 30.102279663085938.
LOCAL_RANK: 0 - CUDA_VISIBLE_DEVICES: [0]
[I 2023-12-16 05:45:26,471] Trial 29 finished with value: 42.44492721557617 and parameters: {'gradient_clip_val': 0.4720596144005087, 'hidden_size': 13, 'dropout': 0.18036515292464866, 'hidden_continuous_size': 6, 'attention_head_size': 4, 'learning_rate': 0.0008004445822708503}. Best is trial 27 with value: 30.102279663085938.
LOCAL_RANK: 0 - CUDA_VISIBLE_DEVICES: [0]
[I 2023-12-16 05:46:11,946] Trial 30 finished with value: 73.9750747680664 and parameters: {'gradient_clip_val': 0.6667357331831738, 'hidden_size': 13, 'dropout': 0.1646000815239968, 'hidden_continuous_size': 7, 'attention_head_size': 3, 'learning_rate': 0.0005387865228386268}. Best is trial 27 with value: 30.102279663085938.
LOCAL_RANK: 0 - CUDA_VISIBLE_DEVICES: [0]
[I 2023-12-16 05:46:58,109] Trial 31 finished with value: 36.44700241088867 and parameters: {'gradient_clip_val': 0.4944422777673399, 'hidden_size': 17, 'dropout': 0.12395519172596443, 'hidden_continuous_size': 6, 'attention_head_size': 4, 'learning_rate': 0.0008131427922258167}. Best is trial 27 with value: 30.102279663085938.
LOCAL_RANK: 0 - CUDA_VISIBLE_DEVICES: [0]
[I 2023-12-16 05:47:44,439] Trial 32 finished with value: 36.21601104736328 and parameters: {'gradient_clip_val': 0.495762408878289, 'hidden_size': 17, 'dropout': 0.18572837838387668, 'hidden_continuous_size': 6, 'attention_head_size': 4, 'learning_rate': 0.0012644343103660868}. Best is trial 27 with value: 30.102279663085938.
LOCAL_RANK: 0 - CUDA_VISIBLE_DEVICES: [0]
[I 2023-12-16 05:48:29,211] Trial 33 finished with value: 52.42292404174805 and parameters: {'gradient_clip_val': 0.4757574749191814, 'hidden_size': 16, 'dropout': 0.18743620663551225, 'hidden_continuous_size': 6, 'attention_head_size': 4, 'learning_rate': 0.0013188177420481876}. Best is trial 27 with value: 30.102279663085938.
LOCAL_RANK: 0 - CUDA_VISIBLE_DEVICES: [0]
[I 2023-12-16 05:49:13,592] Trial 34 finished with value: 65.54457092285156 and parameters: {'gradient_clip_val': 0.501493787667812, 'hidden_size': 12, 'dropout': 0.20836130859475413, 'hidden_continuous_size': 6, 'attention_head_size': 4, 'learning_rate': 0.001172314879342134}. Best is trial 27 with value: 30.102279663085938.
LOCAL_RANK: 0 - CUDA_VISIBLE_DEVICES: [0]
