[rank: 0] Seed set to 42
[I 2023-12-15 10:45:09,261] A new study created in memory with name: no-name-c7fa9f32-fced-4eb5-8653-638a5a75a3a1
/home/le004/conda/anaconda3/envs/tsff_env/lib/python3.9/site-packages/lightning/fabric/plugins/environments/slurm.py:191: The `srun` command is available on your system but is not used. HINT: If your intention is to run Lightning on SLURM, prepend your python command with `srun` like so: srun python /home/le004/master_thesis/git/TSFusionForecast/code/ ...
LOCAL_RANK: 0 - CUDA_VISIBLE_DEVICES: [0]
[I 2023-12-15 10:45:54,625] Trial 0 finished with value: 0.1854238361120224 and parameters: {'gradient_clip_val': 0.42455430588063875, 'hidden_size': 8, 'dropout': 0.2792902290497884, 'hidden_continuous_size': 6, 'attention_head_size': 4, 'learning_rate': 0.013487605017163878}. Best is trial 0 with value: 0.1854238361120224.
LOCAL_RANK: 0 - CUDA_VISIBLE_DEVICES: [0]
[I 2023-12-15 10:46:44,483] Trial 1 finished with value: 0.7394766211509705 and parameters: {'gradient_clip_val': 0.49677724288229064, 'hidden_size': 39, 'dropout': 0.3350689638953931, 'hidden_continuous_size': 9, 'attention_head_size': 1, 'learning_rate': 0.0007748560392442547}. Best is trial 0 with value: 0.1854238361120224.
LOCAL_RANK: 0 - CUDA_VISIBLE_DEVICES: [0]
[I 2023-12-15 10:47:33,525] Trial 2 finished with value: 0.24519914388656616 and parameters: {'gradient_clip_val': 0.2962988943576421, 'hidden_size': 36, 'dropout': 0.236196367863294, 'hidden_continuous_size': 14, 'attention_head_size': 1, 'learning_rate': 0.0010044104072560324}. Best is trial 0 with value: 0.1854238361120224.
LOCAL_RANK: 0 - CUDA_VISIBLE_DEVICES: [0]
[I 2023-12-15 10:48:06,717] Trial 3 finished with value: 0.15305133163928986 and parameters: {'gradient_clip_val': 0.23937647314631177, 'hidden_size': 8, 'dropout': 0.1570807437785744, 'hidden_continuous_size': 8, 'attention_head_size': 3, 'learning_rate': 0.022504409137322257}. Best is trial 3 with value: 0.15305133163928986.
LOCAL_RANK: 0 - CUDA_VISIBLE_DEVICES: [0]
[I 2023-12-15 10:49:02,084] Trial 4 finished with value: 0.32841765880584717 and parameters: {'gradient_clip_val': 0.5225467339011945, 'hidden_size': 98, 'dropout': 0.3960973329820602, 'hidden_continuous_size': 35, 'attention_head_size': 1, 'learning_rate': 0.011559713659939687}. Best is trial 3 with value: 0.15305133163928986.
LOCAL_RANK: 0 - CUDA_VISIBLE_DEVICES: [0]
[I 2023-12-15 10:49:46,829] Trial 5 finished with value: 0.20586635172367096 and parameters: {'gradient_clip_val': 0.8544854896673483, 'hidden_size': 12, 'dropout': 0.1696361363483296, 'hidden_continuous_size': 10, 'attention_head_size': 3, 'learning_rate': 0.018625301327582097}. Best is trial 3 with value: 0.15305133163928986.
LOCAL_RANK: 0 - CUDA_VISIBLE_DEVICES: [0]
[I 2023-12-15 10:50:38,532] Trial 6 finished with value: 0.6521713733673096 and parameters: {'gradient_clip_val': 0.2542527985531779, 'hidden_size': 36, 'dropout': 0.2544442788220189, 'hidden_continuous_size': 24, 'attention_head_size': 4, 'learning_rate': 0.0020202821345663984}. Best is trial 3 with value: 0.15305133163928986.
LOCAL_RANK: 0 - CUDA_VISIBLE_DEVICES: [0]
[I 2023-12-15 10:51:23,600] Trial 7 finished with value: 1.9692025184631348 and parameters: {'gradient_clip_val': 0.3912911781152391, 'hidden_size': 11, 'dropout': 0.398357327362053, 'hidden_continuous_size': 8, 'attention_head_size': 1, 'learning_rate': 0.0006615774187116413}. Best is trial 3 with value: 0.15305133163928986.
LOCAL_RANK: 0 - CUDA_VISIBLE_DEVICES: [0]
[I 2023-12-15 10:52:10,213] Trial 8 finished with value: 0.4204077422618866 and parameters: {'gradient_clip_val': 0.2553256890658583, 'hidden_size': 16, 'dropout': 0.2107229098340512, 'hidden_continuous_size': 14, 'attention_head_size': 4, 'learning_rate': 0.006331104631111955}. Best is trial 3 with value: 0.15305133163928986.
LOCAL_RANK: 0 - CUDA_VISIBLE_DEVICES: [0]
[I 2023-12-15 10:52:59,145] Trial 9 finished with value: 0.3460162580013275 and parameters: {'gradient_clip_val': 0.7939509157433927, 'hidden_size': 21, 'dropout': 0.15165301166887984, 'hidden_continuous_size': 10, 'attention_head_size': 3, 'learning_rate': 0.0005798461774448084}. Best is trial 3 with value: 0.15305133163928986.
LOCAL_RANK: 0 - CUDA_VISIBLE_DEVICES: [0]
[I 2023-12-15 10:53:33,151] Trial 10 finished with value: 0.2997117042541504 and parameters: {'gradient_clip_val': 0.14424754112379048, 'hidden_size': 5, 'dropout': 0.1138946345268422, 'hidden_continuous_size': 5, 'attention_head_size': 2, 'learning_rate': 0.059119311669030596}. Best is trial 3 with value: 0.15305133163928986.
LOCAL_RANK: 0 - CUDA_VISIBLE_DEVICES: [0]
[I 2023-12-15 10:54:18,941] Trial 11 finished with value: 1.3997416496276855 and parameters: {'gradient_clip_val': 0.17643990125003842, 'hidden_size': 6, 'dropout': 0.27978310467246403, 'hidden_continuous_size': 5, 'attention_head_size': 4, 'learning_rate': 0.033396405161297854}. Best is trial 3 with value: 0.15305133163928986.
LOCAL_RANK: 0 - CUDA_VISIBLE_DEVICES: [0]
[I 2023-12-15 10:55:03,407] Trial 12 finished with value: 0.3997371196746826 and parameters: {'gradient_clip_val': 0.10274174272573137, 'hidden_size': 8, 'dropout': 0.2041016808451957, 'hidden_continuous_size': 6, 'attention_head_size': 3, 'learning_rate': 0.09079763345547773}. Best is trial 3 with value: 0.15305133163928986.
LOCAL_RANK: 0 - CUDA_VISIBLE_DEVICES: [0]
[I 2023-12-15 10:55:48,305] Trial 13 finished with value: 0.381048321723938 and parameters: {'gradient_clip_val': 0.37233142989932894, 'hidden_size': 7, 'dropout': 0.2958662360325488, 'hidden_continuous_size': 5, 'attention_head_size': 2, 'learning_rate': 0.006811797990623704}. Best is trial 3 with value: 0.15305133163928986.
LOCAL_RANK: 0 - CUDA_VISIBLE_DEVICES: [0]
[I 2023-12-15 10:56:23,040] Trial 14 finished with value: 0.33736947178840637 and parameters: {'gradient_clip_val': 0.21269874383177972, 'hidden_size': 5, 'dropout': 0.10248552667489003, 'hidden_continuous_size': 5, 'attention_head_size': 4, 'learning_rate': 0.024424791138475222}. Best is trial 3 with value: 0.15305133163928986.
LOCAL_RANK: 0 - CUDA_VISIBLE_DEVICES: [0]
[I 2023-12-15 10:57:08,529] Trial 15 finished with value: 0.2691446542739868 and parameters: {'gradient_clip_val': 0.34495786399223605, 'hidden_size': 9, 'dropout': 0.17262219299259224, 'hidden_continuous_size': 6, 'attention_head_size': 3, 'learning_rate': 0.010486529868100534}. Best is trial 3 with value: 0.15305133163928986.
LOCAL_RANK: 0 - CUDA_VISIBLE_DEVICES: [0]
[I 2023-12-15 10:57:53,534] Trial 16 finished with value: 0.4305677115917206 and parameters: {'gradient_clip_val': 0.20165902234337638, 'hidden_size': 9, 'dropout': 0.22627187886663572, 'hidden_continuous_size': 6, 'attention_head_size': 2, 'learning_rate': 0.036003316673507604}. Best is trial 3 with value: 0.15305133163928986.
LOCAL_RANK: 0 - CUDA_VISIBLE_DEVICES: [0]
[I 2023-12-15 10:58:28,105] Trial 17 finished with value: 0.9907862544059753 and parameters: {'gradient_clip_val': 0.4936597322662588, 'hidden_size': 5, 'dropout': 0.14464058718758271, 'hidden_continuous_size': 5, 'attention_head_size': 4, 'learning_rate': 0.0033960761961744287}. Best is trial 3 with value: 0.15305133163928986.
LOCAL_RANK: 0 - CUDA_VISIBLE_DEVICES: [0]
[I 2023-12-15 10:59:14,139] Trial 18 finished with value: 0.441277414560318 and parameters: {'gradient_clip_val': 0.6537382759701789, 'hidden_size': 13, 'dropout': 0.18694401149578116, 'hidden_continuous_size': 7, 'attention_head_size': 3, 'learning_rate': 0.013009897087122638}. Best is trial 3 with value: 0.15305133163928986.
LOCAL_RANK: 0 - CUDA_VISIBLE_DEVICES: [0]
[I 2023-12-15 10:59:59,756] Trial 19 finished with value: 0.7728028893470764 and parameters: {'gradient_clip_val': 0.2971685426882762, 'hidden_size': 7, 'dropout': 0.260029574615397, 'hidden_continuous_size': 5, 'attention_head_size': 4, 'learning_rate': 0.020346551433270292}. Best is trial 3 with value: 0.15305133163928986.
LOCAL_RANK: 0 - CUDA_VISIBLE_DEVICES: [0]
[I 2023-12-15 11:00:44,863] Trial 20 finished with value: 1.1904631853103638 and parameters: {'gradient_clip_val': 0.40937471953248367, 'hidden_size': 16, 'dropout': 0.20281104131794248, 'hidden_continuous_size': 7, 'attention_head_size': 3, 'learning_rate': 0.039029148977320544}. Best is trial 3 with value: 0.15305133163928986.
LOCAL_RANK: 0 - CUDA_VISIBLE_DEVICES: [0]
[I 2023-12-15 11:01:30,399] Trial 21 finished with value: 0.17167580127716064 and parameters: {'gradient_clip_val': 0.9221287239537518, 'hidden_size': 11, 'dropout': 0.16720224915787474, 'hidden_continuous_size': 6, 'attention_head_size': 3, 'learning_rate': 0.01718733759131393}. Best is trial 3 with value: 0.15305133163928986.
LOCAL_RANK: 0 - CUDA_VISIBLE_DEVICES: [0]
[I 2023-12-15 11:02:15,757] Trial 22 finished with value: 0.10923858731985092 and parameters: {'gradient_clip_val': 0.9558859462428396, 'hidden_size': 9, 'dropout': 0.13345910722431414, 'hidden_continuous_size': 6, 'attention_head_size': 2, 'learning_rate': 0.016876603841329028}. Best is trial 22 with value: 0.10923858731985092.
LOCAL_RANK: 0 - CUDA_VISIBLE_DEVICES: [0]
[I 2023-12-15 11:03:01,071] Trial 23 finished with value: 0.17547528445720673 and parameters: {'gradient_clip_val': 0.9736661292054987, 'hidden_size': 10, 'dropout': 0.13307080439227392, 'hidden_continuous_size': 6, 'attention_head_size': 2, 'learning_rate': 0.020434415984499164}. Best is trial 22 with value: 0.10923858731985092.
LOCAL_RANK: 0 - CUDA_VISIBLE_DEVICES: [0]
[I 2023-12-15 11:03:46,011] Trial 24 finished with value: 0.2655678689479828 and parameters: {'gradient_clip_val': 0.6819477813186955, 'hidden_size': 6, 'dropout': 0.12436358837298145, 'hidden_continuous_size': 5, 'attention_head_size': 2, 'learning_rate': 0.008140412184815956}. Best is trial 22 with value: 0.10923858731985092.
LOCAL_RANK: 0 - CUDA_VISIBLE_DEVICES: [0]
[I 2023-12-15 11:04:30,761] Trial 25 finished with value: 0.15402670204639435 and parameters: {'gradient_clip_val': 0.9730158074560282, 'hidden_size': 12, 'dropout': 0.1505952257740429, 'hidden_continuous_size': 7, 'attention_head_size': 3, 'learning_rate': 0.05461213573977767}. Best is trial 22 with value: 0.10923858731985092.
LOCAL_RANK: 0 - CUDA_VISIBLE_DEVICES: [0]
[I 2023-12-15 11:05:16,231] Trial 26 finished with value: 0.1078815832734108 and parameters: {'gradient_clip_val': 0.734218686242385, 'hidden_size': 14, 'dropout': 0.1020901733952421, 'hidden_continuous_size': 7, 'attention_head_size': 2, 'learning_rate': 0.058189238924814986}. Best is trial 26 with value: 0.1078815832734108.
LOCAL_RANK: 0 - CUDA_VISIBLE_DEVICES: [0]
[I 2023-12-15 11:06:01,658] Trial 27 finished with value: 0.4716443121433258 and parameters: {'gradient_clip_val': 0.7521267450459498, 'hidden_size': 14, 'dropout': 0.10243650022301787, 'hidden_continuous_size': 7, 'attention_head_size': 2, 'learning_rate': 0.09712911245211363}. Best is trial 26 with value: 0.1078815832734108.
LOCAL_RANK: 0 - CUDA_VISIBLE_DEVICES: [0]
[I 2023-12-15 11:06:46,939] Trial 28 finished with value: 0.22257091104984283 and parameters: {'gradient_clip_val': 0.6075472923127784, 'hidden_size': 9, 'dropout': 0.1277349602535419, 'hidden_continuous_size': 7, 'attention_head_size': 2, 'learning_rate': 0.02798213022657829}. Best is trial 26 with value: 0.1078815832734108.
LOCAL_RANK: 0 - CUDA_VISIBLE_DEVICES: [0]
[I 2023-12-15 11:07:30,997] Trial 29 finished with value: 0.4184844493865967 and parameters: {'gradient_clip_val': 0.777553946179595, 'hidden_size': 8, 'dropout': 0.12381513248993192, 'hidden_continuous_size': 6, 'attention_head_size': 2, 'learning_rate': 0.028009649499399804}. Best is trial 26 with value: 0.1078815832734108.
LOCAL_RANK: 0 - CUDA_VISIBLE_DEVICES: [0]
[I 2023-12-15 11:08:16,067] Trial 30 finished with value: 0.10376908630132675 and parameters: {'gradient_clip_val': 0.8385741362532845, 'hidden_size': 7, 'dropout': 0.11015030388361577, 'hidden_continuous_size': 6, 'attention_head_size': 2, 'learning_rate': 0.047942124595693886}. Best is trial 30 with value: 0.10376908630132675.
LOCAL_RANK: 0 - CUDA_VISIBLE_DEVICES: [0]
[I 2023-12-15 11:09:01,043] Trial 31 finished with value: 0.22548800706863403 and parameters: {'gradient_clip_val': 0.8356277322492033, 'hidden_size': 7, 'dropout': 0.10180200250663508, 'hidden_continuous_size': 6, 'attention_head_size': 2, 'learning_rate': 0.05029178707409541}. Best is trial 30 with value: 0.10376908630132675.
LOCAL_RANK: 0 - CUDA_VISIBLE_DEVICES: [0]
[I 2023-12-15 11:09:46,069] Trial 32 finished with value: 0.09736961126327515 and parameters: {'gradient_clip_val': 0.9959184523914468, 'hidden_size': 10, 'dropout': 0.14485690680260932, 'hidden_continuous_size': 7, 'attention_head_size': 1, 'learning_rate': 0.07103637132257229}. Best is trial 32 with value: 0.09736961126327515.
LOCAL_RANK: 0 - CUDA_VISIBLE_DEVICES: [0]
[I 2023-12-15 11:10:30,643] Trial 33 finished with value: 0.12262216210365295 and parameters: {'gradient_clip_val': 0.9846306499072708, 'hidden_size': 10, 'dropout': 0.13797935717615134, 'hidden_continuous_size': 6, 'attention_head_size': 1, 'learning_rate': 0.07088517860394561}. Best is trial 32 with value: 0.09736961126327515.
LOCAL_RANK: 0 - CUDA_VISIBLE_DEVICES: [0]
[I 2023-12-15 11:11:15,782] Trial 34 finished with value: 0.09399490803480148 and parameters: {'gradient_clip_val': 0.697902857830867, 'hidden_size': 14, 'dropout': 0.12569264077010822, 'hidden_continuous_size': 7, 'attention_head_size': 1, 'learning_rate': 0.04446049232594925}. Best is trial 34 with value: 0.09399490803480148.
LOCAL_RANK: 0 - CUDA_VISIBLE_DEVICES: [0]
[I 2023-12-15 11:12:02,377] Trial 35 finished with value: 0.14919345080852509 and parameters: {'gradient_clip_val': 0.5723020631360294, 'hidden_size': 18, 'dropout': 0.11899584671779662, 'hidden_continuous_size': 8, 'attention_head_size': 1, 'learning_rate': 0.04440438498028499}. Best is trial 34 with value: 0.09399490803480148.
LOCAL_RANK: 0 - CUDA_VISIBLE_DEVICES: [0]
[I 2023-12-15 11:12:50,966] Trial 36 finished with value: 0.06612090766429901 and parameters: {'gradient_clip_val': 0.7205638074250588, 'hidden_size': 26, 'dropout': 0.14886002335625756, 'hidden_continuous_size': 9, 'attention_head_size': 1, 'learning_rate': 0.06993578999233564}. Best is trial 36 with value: 0.06612090766429901.
LOCAL_RANK: 0 - CUDA_VISIBLE_DEVICES: [0]
[I 2023-12-15 11:13:39,888] Trial 37 finished with value: 0.4529860019683838 and parameters: {'gradient_clip_val': 0.6765688067091058, 'hidden_size': 33, 'dropout': 0.15916691946736689, 'hidden_continuous_size': 9, 'attention_head_size': 1, 'learning_rate': 0.07841422205113514}. Best is trial 36 with value: 0.06612090766429901.
LOCAL_RANK: 0 - CUDA_VISIBLE_DEVICES: [0]
[I 2023-12-15 11:14:28,282] Trial 38 finished with value: 0.13721679151058197 and parameters: {'gradient_clip_val': 0.4829820950617886, 'hidden_size': 26, 'dropout': 0.17047860876835508, 'hidden_continuous_size': 9, 'attention_head_size': 1, 'learning_rate': 0.0692219158698266}. Best is trial 36 with value: 0.06612090766429901.
LOCAL_RANK: 0 - CUDA_VISIBLE_DEVICES: [0]
[I 2023-12-15 11:15:16,802] Trial 39 finished with value: 0.3148496150970459 and parameters: {'gradient_clip_val': 0.8481103175592867, 'hidden_size': 22, 'dropout': 0.1453974727644175, 'hidden_continuous_size': 11, 'attention_head_size': 1, 'learning_rate': 0.044149679401262444}. Best is trial 36 with value: 0.06612090766429901.
LOCAL_RANK: 0 - CUDA_VISIBLE_DEVICES: [0]
[I 2023-12-15 11:16:08,520] Trial 40 finished with value: 0.21250228583812714 and parameters: {'gradient_clip_val': 0.5740859401769408, 'hidden_size': 46, 'dropout': 0.176355718439715, 'hidden_continuous_size': 12, 'attention_head_size': 1, 'learning_rate': 0.07468989890317373}. Best is trial 36 with value: 0.06612090766429901.
LOCAL_RANK: 0 - CUDA_VISIBLE_DEVICES: [0]
[I 2023-12-15 11:16:53,635] Trial 41 finished with value: 0.42546916007995605 and parameters: {'gradient_clip_val': 0.7230217810719893, 'hidden_size': 13, 'dropout': 0.11538291253052921, 'hidden_continuous_size': 8, 'attention_head_size': 1, 'learning_rate': 0.05655069819374669}. Best is trial 36 with value: 0.06612090766429901.
LOCAL_RANK: 0 - CUDA_VISIBLE_DEVICES: [0]
[I 2023-12-15 11:17:39,123] Trial 42 finished with value: 0.2261420041322708 and parameters: {'gradient_clip_val': 0.8405972773512874, 'hidden_size': 15, 'dropout': 0.1413169742149001, 'hidden_continuous_size': 8, 'attention_head_size': 1, 'learning_rate': 0.09275298699851198}. Best is trial 36 with value: 0.06612090766429901.
LOCAL_RANK: 0 - CUDA_VISIBLE_DEVICES: [0]
[I 2023-12-15 11:18:25,013] Trial 43 finished with value: 0.220259889960289 and parameters: {'gradient_clip_val': 0.7325519190091826, 'hidden_size': 17, 'dropout': 0.11516135418576441, 'hidden_continuous_size': 7, 'attention_head_size': 1, 'learning_rate': 0.05907748219842362}. Best is trial 36 with value: 0.06612090766429901.
LOCAL_RANK: 0 - CUDA_VISIBLE_DEVICES: [0]
[I 2023-12-15 11:19:08,838] Trial 44 finished with value: 0.21818089485168457 and parameters: {'gradient_clip_val': 0.859330706761625, 'hidden_size': 12, 'dropout': 0.15385142930620896, 'hidden_continuous_size': 8, 'attention_head_size': 1, 'learning_rate': 0.03401365940863746}. Best is trial 36 with value: 0.06612090766429901.
LOCAL_RANK: 0 - CUDA_VISIBLE_DEVICES: [0]
[I 2023-12-15 11:19:54,138] Trial 45 finished with value: 0.17891661822795868 and parameters: {'gradient_clip_val': 0.7623909929868184, 'hidden_size': 14, 'dropout': 0.10219586051338908, 'hidden_continuous_size': 7, 'attention_head_size': 1, 'learning_rate': 0.046866883176698994}. Best is trial 36 with value: 0.06612090766429901.
LOCAL_RANK: 0 - CUDA_VISIBLE_DEVICES: [0]
[I 2023-12-15 11:20:41,142] Trial 46 finished with value: 0.06882788240909576 and parameters: {'gradient_clip_val': 0.6541037710649642, 'hidden_size': 18, 'dropout': 0.13585897524944054, 'hidden_continuous_size': 9, 'attention_head_size': 1, 'learning_rate': 0.09965060992057287}. Best is trial 36 with value: 0.06612090766429901.
LOCAL_RANK: 0 - CUDA_VISIBLE_DEVICES: [0]
[I 2023-12-15 11:21:28,664] Trial 47 finished with value: 0.09297863394021988 and parameters: {'gradient_clip_val': 0.6361346130847253, 'hidden_size': 19, 'dropout': 0.18682614141460913, 'hidden_continuous_size': 10, 'attention_head_size': 1, 'learning_rate': 0.07951117247247291}. Best is trial 36 with value: 0.06612090766429901.
LOCAL_RANK: 0 - CUDA_VISIBLE_DEVICES: [0]
[I 2023-12-15 11:22:15,836] Trial 48 finished with value: 0.09469324350357056 and parameters: {'gradient_clip_val': 0.6388968798115169, 'hidden_size': 19, 'dropout': 0.18866552829141223, 'hidden_continuous_size': 9, 'attention_head_size': 1, 'learning_rate': 0.08297792773638364}. Best is trial 36 with value: 0.06612090766429901.
LOCAL_RANK: 0 - CUDA_VISIBLE_DEVICES: [0]
[I 2023-12-15 11:23:02,570] Trial 49 finished with value: 0.2515043616294861 and parameters: {'gradient_clip_val': 0.53270595817322, 'hidden_size': 20, 'dropout': 0.18869976949276718, 'hidden_continuous_size': 10, 'attention_head_size': 1, 'learning_rate': 0.09796140377867692}. Best is trial 36 with value: 0.06612090766429901.
[I 2023-12-15 11:23:02,664] A new study created in memory with name: no-name-ef2ed08d-7b59-4166-9f0b-4646101a416b
/home/le004/conda/anaconda3/envs/tsff_env/lib/python3.9/site-packages/lightning/fabric/plugins/environments/slurm.py:191: The `srun` command is available on your system but is not used. HINT: If your intention is to run Lightning on SLURM, prepend your python command with `srun` like so: srun python /home/le004/master_thesis/git/TSFusionForecast/code/ ...
LOCAL_RANK: 0 - CUDA_VISIBLE_DEVICES: [0]
[I 2023-12-15 11:23:48,827] Trial 0 finished with value: 0.14944426715373993 and parameters: {'gradient_clip_val': 0.19835827689594795, 'hidden_size': 13, 'dropout': 0.160919711136433, 'hidden_continuous_size': 9, 'attention_head_size': 3, 'learning_rate': 0.07860459925977867}. Best is trial 0 with value: 0.14944426715373993.
LOCAL_RANK: 0 - CUDA_VISIBLE_DEVICES: [0]
[I 2023-12-15 11:24:23,836] Trial 1 finished with value: 1.9591039419174194 and parameters: {'gradient_clip_val': 0.27115738985546134, 'hidden_size': 5, 'dropout': 0.29388471161177576, 'hidden_continuous_size': 5, 'attention_head_size': 3, 'learning_rate': 0.001539670674907141}. Best is trial 0 with value: 0.14944426715373993.
LOCAL_RANK: 0 - CUDA_VISIBLE_DEVICES: [0]
[I 2023-12-15 11:25:16,417] Trial 2 finished with value: 0.18534736335277557 and parameters: {'gradient_clip_val': 0.32993628778287026, 'hidden_size': 81, 'dropout': 0.2677945527191834, 'hidden_continuous_size': 5, 'attention_head_size': 4, 'learning_rate': 0.014833931753001715}. Best is trial 0 with value: 0.14944426715373993.
LOCAL_RANK: 0 - CUDA_VISIBLE_DEVICES: [0]
[I 2023-12-15 11:26:00,417] Trial 3 finished with value: 2.151806116104126 and parameters: {'gradient_clip_val': 0.4824164129360811, 'hidden_size': 12, 'dropout': 0.26053220663145915, 'hidden_continuous_size': 6, 'attention_head_size': 2, 'learning_rate': 0.0005114109889902969}. Best is trial 0 with value: 0.14944426715373993.
LOCAL_RANK: 0 - CUDA_VISIBLE_DEVICES: [0]
[I 2023-12-15 11:26:53,254] Trial 4 finished with value: 0.18374811112880707 and parameters: {'gradient_clip_val': 0.37694230471627127, 'hidden_size': 85, 'dropout': 0.1906284840412733, 'hidden_continuous_size': 6, 'attention_head_size': 3, 'learning_rate': 0.0010079283896667567}. Best is trial 0 with value: 0.14944426715373993.
LOCAL_RANK: 0 - CUDA_VISIBLE_DEVICES: [0]
[I 2023-12-15 11:27:39,312] Trial 5 finished with value: 0.2845199704170227 and parameters: {'gradient_clip_val': 0.5139802695192804, 'hidden_size': 9, 'dropout': 0.3071554169375051, 'hidden_continuous_size': 7, 'attention_head_size': 4, 'learning_rate': 0.02006978074965164}. Best is trial 0 with value: 0.14944426715373993.
LOCAL_RANK: 0 - CUDA_VISIBLE_DEVICES: [0]
