[I 2023-12-26 12:39:29,616] Trial 3 finished with value: 44.58468246459961 and parameters: {'gradient_clip_val': 0.1694112083520294, 'hidden_size': 5, 'dropout': 0.28764047660345593, 'hidden_continuous_size': 5, 'attention_head_size': 1, 'learning_rate': 0.0042201726953286205}. Best is trial 0 with value: 3.9558866024017334.
[I 2023-12-26 12:39:31,636] Trial 4 finished with value: 42.39293670654297 and parameters: {'gradient_clip_val': 0.9255325369096635, 'hidden_size': 6, 'dropout': 0.44944452536480706, 'hidden_continuous_size': 5, 'attention_head_size': 3, 'learning_rate': 0.05807936121741164}. Best is trial 0 with value: 3.9558866024017334.
[I 2023-12-26 12:39:33,425] Trial 5 finished with value: 22.49294090270996 and parameters: {'gradient_clip_val': 0.9954450394009635, 'hidden_size': 5, 'dropout': 0.20092813513339683, 'hidden_continuous_size': 5, 'attention_head_size': 1, 'learning_rate': 0.00200357825035138}. Best is trial 0 with value: 3.9558866024017334.
[I 2023-12-26 12:39:37,371] Trial 6 finished with value: 28.83031463623047 and parameters: {'gradient_clip_val': 0.9560718873783103, 'hidden_size': 43, 'dropout': 0.20629501650799337, 'hidden_continuous_size': 37, 'attention_head_size': 4, 'learning_rate': 0.0006960627678779557}. Best is trial 0 with value: 3.9558866024017334.
[I 2023-12-26 12:39:40,180] Trial 7 finished with value: 51.7895393371582 and parameters: {'gradient_clip_val': 0.20909774923412144, 'hidden_size': 31, 'dropout': 0.4828462391496944, 'hidden_continuous_size': 10, 'attention_head_size': 1, 'learning_rate': 0.0005449271483047604}. Best is trial 0 with value: 3.9558866024017334.
[I 2023-12-26 12:39:44,088] Trial 8 finished with value: 33.01029968261719 and parameters: {'gradient_clip_val': 0.11390385027172764, 'hidden_size': 55, 'dropout': 0.49843815312833817, 'hidden_continuous_size': 11, 'attention_head_size': 1, 'learning_rate': 0.030318579943030177}. Best is trial 0 with value: 3.9558866024017334.
[I 2023-12-26 12:39:48,797] Trial 9 finished with value: 43.076629638671875 and parameters: {'gradient_clip_val': 0.6898393367742934, 'hidden_size': 59, 'dropout': 0.13206058844378848, 'hidden_continuous_size': 24, 'attention_head_size': 3, 'learning_rate': 0.059719396925292975}. Best is trial 0 with value: 3.9558866024017334.
[I 2023-12-26 12:39:59,512] Trial 10 finished with value: 27.791839599609375 and parameters: {'gradient_clip_val': 0.30633355452503686, 'hidden_size': 139, 'dropout': 0.3741305936856685, 'hidden_continuous_size': 96, 'attention_head_size': 2, 'learning_rate': 0.009775085360953843}. Best is trial 0 with value: 3.9558866024017334.
[I 2023-12-26 12:40:01,921] Trial 11 finished with value: 24.696386337280273 and parameters: {'gradient_clip_val': 0.4873737694061017, 'hidden_size': 14, 'dropout': 0.22714638362398237, 'hidden_continuous_size': 6, 'attention_head_size': 2, 'learning_rate': 0.001642228759561447}. Best is trial 0 with value: 3.9558866024017334.
[I 2023-12-26 12:40:03,954] Trial 12 finished with value: 36.527313232421875 and parameters: {'gradient_clip_val': 0.3989300056901921, 'hidden_size': 11, 'dropout': 0.3328759617086711, 'hidden_continuous_size': 6, 'attention_head_size': 1, 'learning_rate': 0.001527196533726462}. Best is trial 0 with value: 3.9558866024017334.
[I 2023-12-26 12:40:06,201] Trial 13 finished with value: 41.38796615600586 and parameters: {'gradient_clip_val': 0.25789652069428143, 'hidden_size': 15, 'dropout': 0.22172905929340508, 'hidden_continuous_size': 7, 'attention_head_size': 2, 'learning_rate': 0.00197541028229121}. Best is trial 0 with value: 3.9558866024017334.
[I 2023-12-26 12:40:08,341] Trial 14 finished with value: 30.420602798461914 and parameters: {'gradient_clip_val': 0.43225675920176654, 'hidden_size': 10, 'dropout': 0.16500067282385053, 'hidden_continuous_size': 6, 'attention_head_size': 1, 'learning_rate': 0.0008808966940916555}. Best is trial 0 with value: 3.9558866024017334.
[I 2023-12-26 12:40:10,279] Trial 15 finished with value: 31.12281036376953 and parameters: {'gradient_clip_val': 0.6185748667002687, 'hidden_size': 7, 'dropout': 0.23992165925162945, 'hidden_continuous_size': 5, 'attention_head_size': 2, 'learning_rate': 0.003189987803607405}. Best is trial 0 with value: 3.9558866024017334.
[I 2023-12-26 12:40:12,357] Trial 16 finished with value: 24.8135986328125 and parameters: {'gradient_clip_val': 0.337043487584425, 'hidden_size': 18, 'dropout': 0.12395120925878339, 'hidden_continuous_size': 8, 'attention_head_size': 4, 'learning_rate': 0.00099195579195914}. Best is trial 0 with value: 3.9558866024017334.
[I 2023-12-26 12:40:14,158] Trial 17 finished with value: 32.6686897277832 and parameters: {'gradient_clip_val': 0.2454071765390442, 'hidden_size': 8, 'dropout': 0.10610250396820284, 'hidden_continuous_size': 5, 'attention_head_size': 1, 'learning_rate': 0.0071547429209528265}. Best is trial 0 with value: 3.9558866024017334.
[I 2023-12-26 12:40:16,543] Trial 18 finished with value: 25.520326614379883 and parameters: {'gradient_clip_val': 0.17462914386366588, 'hidden_size': 5, 'dropout': 0.1759867377422393, 'hidden_continuous_size': 5, 'attention_head_size': 2, 'learning_rate': 0.0031061820034646815}. Best is trial 0 with value: 3.9558866024017334.
[I 2023-12-26 12:40:18,950] Trial 19 finished with value: 37.645328521728516 and parameters: {'gradient_clip_val': 0.6918316839596594, 'hidden_size': 10, 'dropout': 0.25603978229630947, 'hidden_continuous_size': 6, 'attention_head_size': 1, 'learning_rate': 0.0005274478453542265}. Best is trial 0 with value: 3.9558866024017334.
[I 2023-12-26 12:40:21,281] Trial 20 finished with value: 25.98963165283203 and parameters: {'gradient_clip_val': 0.52026742339253, 'hidden_size': 7, 'dropout': 0.3348105676929948, 'hidden_continuous_size': 5, 'attention_head_size': 2, 'learning_rate': 0.0010777507178892343}. Best is trial 0 with value: 3.9558866024017334.
[I 2023-12-26 12:40:23,475] Trial 21 finished with value: 27.5743408203125 and parameters: {'gradient_clip_val': 0.5060994759450503, 'hidden_size': 14, 'dropout': 0.21049455603060474, 'hidden_continuous_size': 6, 'attention_head_size': 2, 'learning_rate': 0.0017137019345216018}. Best is trial 0 with value: 3.9558866024017334.
[I 2023-12-26 12:40:25,423] Trial 22 finished with value: 27.75224494934082 and parameters: {'gradient_clip_val': 0.7965277750621272, 'hidden_size': 16, 'dropout': 0.26779921815806884, 'hidden_continuous_size': 7, 'attention_head_size': 1, 'learning_rate': 0.0013183430921915793}. Best is trial 0 with value: 3.9558866024017334.
[I 2023-12-26 12:40:27,568] Trial 23 finished with value: 37.529964447021484 and parameters: {'gradient_clip_val': 0.8112505767242086, 'hidden_size': 11, 'dropout': 0.19018883870881143, 'hidden_continuous_size': 6, 'attention_head_size': 2, 'learning_rate': 0.0019782316869486785}. Best is trial 0 with value: 3.9558866024017334.
[I 2023-12-26 12:40:30,389] Trial 24 finished with value: 40.825809478759766 and parameters: {'gradient_clip_val': 0.537156066664562, 'hidden_size': 24, 'dropout': 0.23896716699901702, 'hidden_continuous_size': 8, 'attention_head_size': 1, 'learning_rate': 0.0008170131188539915}. Best is trial 0 with value: 3.9558866024017334.
[I 2023-12-26 12:40:32,698] Trial 25 finished with value: 34.272220611572266 and parameters: {'gradient_clip_val': 0.4120914262711395, 'hidden_size': 6, 'dropout': 0.20358073719790998, 'hidden_continuous_size': 5, 'attention_head_size': 2, 'learning_rate': 0.0011852779022273562}. Best is trial 0 with value: 3.9558866024017334.
[I 2023-12-26 12:40:35,031] Trial 26 finished with value: 18.788686752319336 and parameters: {'gradient_clip_val': 0.3418875045644125, 'hidden_size': 8, 'dropout': 0.26088287809781124, 'hidden_continuous_size': 6, 'attention_head_size': 1, 'learning_rate': 0.002237770502690016}. Best is trial 0 with value: 3.9558866024017334.
[I 2023-12-26 12:40:37,041] Trial 27 finished with value: 32.66170120239258 and parameters: {'gradient_clip_val': 0.3322371233167431, 'hidden_size': 8, 'dropout': 0.25688650428190357, 'hidden_continuous_size': 5, 'attention_head_size': 1, 'learning_rate': 0.0025744339115098282}. Best is trial 0 with value: 3.9558866024017334.
[I 2023-12-26 12:40:39,014] Trial 28 finished with value: 42.79289627075195 and parameters: {'gradient_clip_val': 0.289262674567824, 'hidden_size': 5, 'dropout': 0.3125908935646497, 'hidden_continuous_size': 5, 'attention_head_size': 1, 'learning_rate': 0.0043870841926701145}. Best is trial 0 with value: 3.9558866024017334.
[I 2023-12-26 12:40:40,851] Trial 29 finished with value: 44.105289459228516 and parameters: {'gradient_clip_val': 0.1357570325617344, 'hidden_size': 5, 'dropout': 0.18643180419780175, 'hidden_continuous_size': 5, 'attention_head_size': 1, 'learning_rate': 0.0008036409552695928}. Best is trial 0 with value: 3.9558866024017334.
[I 2023-12-26 12:40:43,105] Trial 30 finished with value: 27.121496200561523 and parameters: {'gradient_clip_val': 0.2221622695266414, 'hidden_size': 9, 'dropout': 0.15274182736861036, 'hidden_continuous_size': 6, 'attention_head_size': 1, 'learning_rate': 0.0022639653197961233}. Best is trial 0 with value: 3.9558866024017334.
[I 2023-12-26 12:40:45,402] Trial 31 finished with value: 36.42322540283203 and parameters: {'gradient_clip_val': 0.36767036404094583, 'hidden_size': 7, 'dropout': 0.22888133954726564, 'hidden_continuous_size': 6, 'attention_head_size': 2, 'learning_rate': 0.0014583703152694677}. Best is trial 0 with value: 3.9558866024017334.
[I 2023-12-26 12:40:47,833] Trial 32 finished with value: 14.679645538330078 and parameters: {'gradient_clip_val': 0.4674458002647448, 'hidden_size': 11, 'dropout': 0.27590371060281943, 'hidden_continuous_size': 6, 'attention_head_size': 3, 'learning_rate': 0.001326105170952523}. Best is trial 0 with value: 3.9558866024017334.
[I 2023-12-26 12:40:49,926] Trial 33 finished with value: 29.44231605529785 and parameters: {'gradient_clip_val': 0.28397412947779366, 'hidden_size': 12, 'dropout': 0.2658928877707272, 'hidden_continuous_size': 7, 'attention_head_size': 3, 'learning_rate': 0.0006743533381735662}. Best is trial 0 with value: 3.9558866024017334.
[I 2023-12-26 12:40:52,076] Trial 34 finished with value: 38.859127044677734 and parameters: {'gradient_clip_val': 0.3506877754525932, 'hidden_size': 9, 'dropout': 0.2908378985821898, 'hidden_continuous_size': 6, 'attention_head_size': 3, 'learning_rate': 0.0011828472013744233}. Best is trial 0 with value: 3.9558866024017334.
[I 2023-12-26 12:40:54,298] Trial 35 finished with value: 26.33570098876953 and parameters: {'gradient_clip_val': 0.4426345971113085, 'hidden_size': 6, 'dropout': 0.28685874632315067, 'hidden_continuous_size': 5, 'attention_head_size': 4, 'learning_rate': 0.0026365390980815427}. Best is trial 0 with value: 3.9558866024017334.
[I 2023-12-26 12:40:56,465] Trial 36 finished with value: 28.44404411315918 and parameters: {'gradient_clip_val': 0.9720467146762515, 'hidden_size': 6, 'dropout': 0.30943682129854794, 'hidden_continuous_size': 5, 'attention_head_size': 3, 'learning_rate': 0.0010298292741114704}. Best is trial 0 with value: 3.9558866024017334.
[I 2023-12-26 12:40:58,865] Trial 37 finished with value: 32.096195220947266 and parameters: {'gradient_clip_val': 0.3740493589722291, 'hidden_size': 8, 'dropout': 0.2796253963008404, 'hidden_continuous_size': 6, 'attention_head_size': 4, 'learning_rate': 0.0006250676727764224}. Best is trial 0 with value: 3.9558866024017334.
[I 2023-12-26 12:41:01,501] Trial 38 finished with value: 32.18754577636719 and parameters: {'gradient_clip_val': 0.5890778578098629, 'hidden_size': 12, 'dropout': 0.25105877705913177, 'hidden_continuous_size': 7, 'attention_head_size': 3, 'learning_rate': 0.004067898339465093}. Best is trial 0 with value: 3.9558866024017334.
[I 2023-12-26 12:41:03,543] Trial 39 finished with value: 28.03693389892578 and parameters: {'gradient_clip_val': 0.31282855940162724, 'hidden_size': 5, 'dropout': 0.20677109078066325, 'hidden_continuous_size': 5, 'attention_head_size': 1, 'learning_rate': 0.0007593880636576811}. Best is trial 0 with value: 3.9558866024017334.
[I 2023-12-26 12:41:06,114] Trial 40 finished with value: 25.625043869018555 and parameters: {'gradient_clip_val': 0.823421551062571, 'hidden_size': 19, 'dropout': 0.36054177189930825, 'hidden_continuous_size': 9, 'attention_head_size': 3, 'learning_rate': 0.0014108826961076073}. Best is trial 0 with value: 3.9558866024017334.
[I 2023-12-26 12:41:08,635] Trial 41 finished with value: 27.539278030395508 and parameters: {'gradient_clip_val': 0.4891854001728526, 'hidden_size': 13, 'dropout': 0.22753267997926813, 'hidden_continuous_size': 7, 'attention_head_size': 1, 'learning_rate': 0.0017594616950476207}. Best is trial 0 with value: 3.9558866024017334.
[I 2023-12-26 12:41:10,662] Trial 42 finished with value: 26.216238021850586 and parameters: {'gradient_clip_val': 0.44097249402645616, 'hidden_size': 10, 'dropout': 0.2412265386140804, 'hidden_continuous_size': 6, 'attention_head_size': 1, 'learning_rate': 0.0017011871002253363}. Best is trial 0 with value: 3.9558866024017334.
[I 2023-12-26 12:41:13,007] Trial 43 finished with value: 25.21491050720215 and parameters: {'gradient_clip_val': 0.3841381563660899, 'hidden_size': 13, 'dropout': 0.2691748174412836, 'hidden_continuous_size': 7, 'attention_head_size': 2, 'learning_rate': 0.0022128909497885737}. Best is trial 0 with value: 3.9558866024017334.
[I 2023-12-26 12:41:15,350] Trial 44 finished with value: 31.578369140625 and parameters: {'gradient_clip_val': 0.4666287227795782, 'hidden_size': 9, 'dropout': 0.2979933446497488, 'hidden_continuous_size': 6, 'attention_head_size': 1, 'learning_rate': 0.0005215114889498576}. Best is trial 0 with value: 3.9558866024017334.
[I 2023-12-26 12:41:17,666] Trial 45 finished with value: 27.95778465270996 and parameters: {'gradient_clip_val': 0.5762496184911797, 'hidden_size': 16, 'dropout': 0.25028286561478413, 'hidden_continuous_size': 8, 'attention_head_size': 3, 'learning_rate': 0.0009641534076525412}. Best is trial 0 with value: 3.9558866024017334.
[I 2023-12-26 12:41:19,985] Trial 46 finished with value: 33.14601135253906 and parameters: {'gradient_clip_val': 0.6406081700797327, 'hidden_size': 11, 'dropout': 0.21479896402605378, 'hidden_continuous_size': 6, 'attention_head_size': 2, 'learning_rate': 0.0012713953183191879}. Best is trial 0 with value: 3.9558866024017334.
[I 2023-12-26 12:41:22,080] Trial 47 finished with value: 45.34311294555664 and parameters: {'gradient_clip_val': 0.40543985796417914, 'hidden_size': 7, 'dropout': 0.2738862155321313, 'hidden_continuous_size': 6, 'attention_head_size': 1, 'learning_rate': 0.0016426762091444975}. Best is trial 0 with value: 3.9558866024017334.
[I 2023-12-26 12:41:24,629] Trial 48 finished with value: 39.29607009887695 and parameters: {'gradient_clip_val': 0.2627320344405481, 'hidden_size': 14, 'dropout': 0.23296876932825117, 'hidden_continuous_size': 9, 'attention_head_size': 1, 'learning_rate': 0.0008542350351705974}. Best is trial 0 with value: 3.9558866024017334.
[I 2023-12-26 12:41:27,433] Trial 49 finished with value: 40.46485137939453 and parameters: {'gradient_clip_val': 0.34395456502852806, 'hidden_size': 21, 'dropout': 0.1880168408609878, 'hidden_continuous_size': 11, 'attention_head_size': 2, 'learning_rate': 0.0034494806106834964}. Best is trial 0 with value: 3.9558866024017334.
[I 2023-12-26 12:41:27,626] A new study created in memory with name: no-name-55e147da-9d2c-42f4-8a06-087e0bd76cc4
/home/le004/conda/anaconda3/envs/tsff_env/lib/python3.9/site-packages/lightning/fabric/plugins/environments/slurm.py:191: The `srun` command is available on your system but is not used. HINT: If your intention is to run Lightning on SLURM, prepend your python command with `srun` like so: srun python /home/le004/master_thesis/git/TSFusionForecast/code/ ...
[I 2023-12-26 12:44:48,207] Trial 0 finished with value: 6.656358242034912 and parameters: {'gradient_clip_val': 0.27101321456348404, 'hidden_size': 13, 'dropout': 0.34900889243122657, 'hidden_continuous_size': 6, 'attention_head_size': 2, 'learning_rate': 0.00831571070509742}. Best is trial 0 with value: 6.656358242034912.
[I 2023-12-26 12:44:53,696] Trial 1 finished with value: 21.595746994018555 and parameters: {'gradient_clip_val': 0.2411333952881627, 'hidden_size': 83, 'dropout': 0.2520992281769763, 'hidden_continuous_size': 11, 'attention_head_size': 1, 'learning_rate': 0.020358106228086276}. Best is trial 0 with value: 6.656358242034912.
[I 2023-12-26 12:44:58,800] Trial 2 finished with value: 18.834121704101562 and parameters: {'gradient_clip_val': 0.6297950948723549, 'hidden_size': 78, 'dropout': 0.4459710525352295, 'hidden_continuous_size': 9, 'attention_head_size': 3, 'learning_rate': 0.0031653007726159922}. Best is trial 0 with value: 6.656358242034912.
[I 2023-12-26 12:45:07,789] Trial 3 finished with value: 21.34733009338379 and parameters: {'gradient_clip_val': 0.3306330793392771, 'hidden_size': 126, 'dropout': 0.3819364157518549, 'hidden_continuous_size': 76, 'attention_head_size': 1, 'learning_rate': 0.0005388681279573743}. Best is trial 0 with value: 6.656358242034912.
[I 2023-12-26 12:45:10,015] Trial 4 finished with value: 28.45429801940918 and parameters: {'gradient_clip_val': 0.28921758343853776, 'hidden_size': 19, 'dropout': 0.18505245957927705, 'hidden_continuous_size': 9, 'attention_head_size': 3, 'learning_rate': 0.0030967851508733385}. Best is trial 0 with value: 6.656358242034912.
[I 2023-12-26 12:45:12,540] Trial 5 finished with value: 15.48101806640625 and parameters: {'gradient_clip_val': 0.1373798254088287, 'hidden_size': 22, 'dropout': 0.49003633226229415, 'hidden_continuous_size': 11, 'attention_head_size': 3, 'learning_rate': 0.002310359642542247}. Best is trial 0 with value: 6.656358242034912.
[I 2023-12-26 12:45:16,725] Trial 6 finished with value: 24.900381088256836 and parameters: {'gradient_clip_val': 0.13710601278904294, 'hidden_size': 63, 'dropout': 0.29591631239944094, 'hidden_continuous_size': 5, 'attention_head_size': 3, 'learning_rate': 0.011887307825487001}. Best is trial 0 with value: 6.656358242034912.
[I 2023-12-26 12:45:19,723] Trial 7 finished with value: 22.572311401367188 and parameters: {'gradient_clip_val': 0.3224099038420123, 'hidden_size': 41, 'dropout': 0.15713204709061795, 'hidden_continuous_size': 6, 'attention_head_size': 2, 'learning_rate': 0.06254403624842585}. Best is trial 0 with value: 6.656358242034912.
[I 2023-12-26 12:45:21,474] Trial 8 finished with value: 21.17556381225586 and parameters: {'gradient_clip_val': 0.3641047929879173, 'hidden_size': 5, 'dropout': 0.12127488843211741, 'hidden_continuous_size': 5, 'attention_head_size': 2, 'learning_rate': 0.02643858829133666}. Best is trial 0 with value: 6.656358242034912.
[I 2023-12-26 12:45:23,709] Trial 9 finished with value: 20.97356414794922 and parameters: {'gradient_clip_val': 0.621924787439561, 'hidden_size': 20, 'dropout': 0.43216981236142205, 'hidden_continuous_size': 11, 'attention_head_size': 3, 'learning_rate': 0.021720106659426162}. Best is trial 0 with value: 6.656358242034912.
[I 2023-12-26 12:45:25,771] Trial 10 finished with value: 20.47428321838379 and parameters: {'gradient_clip_val': 0.9584843013451825, 'hidden_size': 9, 'dropout': 0.3427713953814391, 'hidden_continuous_size': 6, 'attention_head_size': 4, 'learning_rate': 0.07805233209632431}. Best is trial 0 with value: 6.656358242034912.
[I 2023-12-26 12:45:27,915] Trial 11 finished with value: 23.080148696899414 and parameters: {'gradient_clip_val': 0.10443944666191085, 'hidden_size': 13, 'dropout': 0.4952937822583229, 'hidden_continuous_size': 7, 'attention_head_size': 4, 'learning_rate': 0.005290555530741759}. Best is trial 0 with value: 6.656358242034912.
[I 2023-12-26 12:45:30,473] Trial 12 finished with value: 29.889013290405273 and parameters: {'gradient_clip_val': 0.18511957975465432, 'hidden_size': 32, 'dropout': 0.3796497273838363, 'hidden_continuous_size': 15, 'attention_head_size': 2, 'learning_rate': 0.0014690006392625479}. Best is trial 0 with value: 6.656358242034912.
[I 2023-12-26 12:45:32,574] Trial 13 finished with value: 21.16228675842285 and parameters: {'gradient_clip_val': 0.18112101260607866, 'hidden_size': 13, 'dropout': 0.49895274583840565, 'hidden_continuous_size': 6, 'attention_head_size': 2, 'learning_rate': 0.008262766204633289}. Best is trial 0 with value: 6.656358242034912.
[I 2023-12-26 12:45:35,217] Trial 14 finished with value: 20.741601943969727 and parameters: {'gradient_clip_val': 0.10860354981034916, 'hidden_size': 28, 'dropout': 0.2886432423706931, 'hidden_continuous_size': 15, 'attention_head_size': 4, 'learning_rate': 0.0021559010725052956}. Best is trial 0 with value: 6.656358242034912.
[I 2023-12-26 12:45:37,097] Trial 15 finished with value: 20.24349021911621 and parameters: {'gradient_clip_val': 0.15530813962705692, 'hidden_size': 8, 'dropout': 0.3514371479924237, 'hidden_continuous_size': 5, 'attention_head_size': 1, 'learning_rate': 0.00554403525290134}. Best is trial 0 with value: 6.656358242034912.
[I 2023-12-26 12:45:39,325] Trial 16 finished with value: 25.010223388671875 and parameters: {'gradient_clip_val': 0.21544203879785492, 'hidden_size': 20, 'dropout': 0.42380269315210545, 'hidden_continuous_size': 8, 'attention_head_size': 3, 'learning_rate': 0.0008597517835236928}. Best is trial 0 with value: 6.656358242034912.
[I 2023-12-26 12:45:42,480] Trial 17 finished with value: 24.776100158691406 and parameters: {'gradient_clip_val': 0.1360717995028069, 'hidden_size': 38, 'dropout': 0.2552123295330011, 'hidden_continuous_size': 12, 'attention_head_size': 2, 'learning_rate': 0.0015023728126782618}. Best is trial 0 with value: 6.656358242034912.
