[I 2023-12-27 11:27:03,535] Trial 17 finished with value: 2.646240472793579 and parameters: {'gradient_clip_val': 0.534355045077942, 'hidden_size': 8, 'dropout': 0.30211162381301226, 'hidden_continuous_size': 5, 'attention_head_size': 4, 'learning_rate': 0.039638470155888825}. Best is trial 0 with value: 0.28293147683143616.
[I 2023-12-27 11:27:03,926] Trial 18 finished with value: 2.564927339553833 and parameters: {'gradient_clip_val': 0.3440465874037092, 'hidden_size': 15, 'dropout': 0.3486814118736779, 'hidden_continuous_size': 6, 'attention_head_size': 3, 'learning_rate': 0.01223113259293518}. Best is trial 0 with value: 0.28293147683143616.
[I 2023-12-27 11:27:04,289] Trial 19 finished with value: 3.575943946838379 and parameters: {'gradient_clip_val': 0.6059264353833255, 'hidden_size': 7, 'dropout': 0.4073303353114145, 'hidden_continuous_size': 5, 'attention_head_size': 2, 'learning_rate': 0.09829870306860865}. Best is trial 0 with value: 0.28293147683143616.
[I 2023-12-27 11:27:04,641] Trial 20 finished with value: 3.0771186351776123 and parameters: {'gradient_clip_val': 0.10418417538906256, 'hidden_size': 5, 'dropout': 0.30055692800117934, 'hidden_continuous_size': 5, 'attention_head_size': 4, 'learning_rate': 0.0222672245087895}. Best is trial 0 with value: 0.28293147683143616.
[I 2023-12-27 11:27:05,012] Trial 21 finished with value: 2.9707205295562744 and parameters: {'gradient_clip_val': 0.2309300769035768, 'hidden_size': 32, 'dropout': 0.33357808567980846, 'hidden_continuous_size': 10, 'attention_head_size': 2, 'learning_rate': 0.012151332002011695}. Best is trial 0 with value: 0.28293147683143616.
[I 2023-12-27 11:27:05,631] Trial 22 finished with value: 3.0110855102539062 and parameters: {'gradient_clip_val': 0.18264811648588428, 'hidden_size': 40, 'dropout': 0.3704342221540027, 'hidden_continuous_size': 11, 'attention_head_size': 2, 'learning_rate': 0.008808003252847361}. Best is trial 0 with value: 0.28293147683143616.
[I 2023-12-27 11:27:06,025] Trial 23 finished with value: 3.1515872478485107 and parameters: {'gradient_clip_val': 0.15008503381511198, 'hidden_size': 29, 'dropout': 0.32176371940240966, 'hidden_continuous_size': 7, 'attention_head_size': 1, 'learning_rate': 0.01428199625516698}. Best is trial 0 with value: 0.28293147683143616.
[I 2023-12-27 11:27:06,426] Trial 24 finished with value: 2.8615400791168213 and parameters: {'gradient_clip_val': 0.21911087713568586, 'hidden_size': 48, 'dropout': 0.4385679610569784, 'hidden_continuous_size': 12, 'attention_head_size': 2, 'learning_rate': 0.005350828795411584}. Best is trial 0 with value: 0.28293147683143616.
[I 2023-12-27 11:27:06,825] Trial 25 finished with value: 2.5894315242767334 and parameters: {'gradient_clip_val': 0.1369272824750687, 'hidden_size': 25, 'dropout': 0.34251286872227116, 'hidden_continuous_size': 6, 'attention_head_size': 3, 'learning_rate': 0.008997550727547493}. Best is trial 0 with value: 0.28293147683143616.
[I 2023-12-27 11:27:07,254] Trial 26 finished with value: 3.8341732025146484 and parameters: {'gradient_clip_val': 0.127892382424789, 'hidden_size': 62, 'dropout': 0.37570016017395386, 'hidden_continuous_size': 9, 'attention_head_size': 2, 'learning_rate': 0.01624243429239047}. Best is trial 0 with value: 0.28293147683143616.
[I 2023-12-27 11:27:07,638] Trial 27 finished with value: 3.737597703933716 and parameters: {'gradient_clip_val': 0.19637626280180376, 'hidden_size': 35, 'dropout': 0.43636773357440833, 'hidden_continuous_size': 8, 'attention_head_size': 3, 'learning_rate': 0.034356439553871}. Best is trial 0 with value: 0.28293147683143616.
[I 2023-12-27 11:27:08,019] Trial 28 finished with value: 3.03999924659729 and parameters: {'gradient_clip_val': 0.1451747285403261, 'hidden_size': 25, 'dropout': 0.2642405769416309, 'hidden_continuous_size': 5, 'attention_head_size': 1, 'learning_rate': 0.007578095821345471}. Best is trial 0 with value: 0.28293147683143616.
[I 2023-12-27 11:27:08,491] Trial 29 finished with value: 2.8881101608276367 and parameters: {'gradient_clip_val': 0.12861470420057858, 'hidden_size': 79, 'dropout': 0.23166301937755981, 'hidden_continuous_size': 21, 'attention_head_size': 3, 'learning_rate': 0.004364607775988543}. Best is trial 0 with value: 0.28293147683143616.
[I 2023-12-27 11:27:08,865] Trial 30 finished with value: 3.3765475749969482 and parameters: {'gradient_clip_val': 0.3009697748039999, 'hidden_size': 18, 'dropout': 0.29206503944583756, 'hidden_continuous_size': 6, 'attention_head_size': 2, 'learning_rate': 0.0029041086379341147}. Best is trial 0 with value: 0.28293147683143616.
[I 2023-12-27 11:27:09,299] Trial 31 finished with value: 4.034367561340332 and parameters: {'gradient_clip_val': 0.16809102184783728, 'hidden_size': 50, 'dropout': 0.16925478697154098, 'hidden_continuous_size': 33, 'attention_head_size': 4, 'learning_rate': 0.050939217029968634}. Best is trial 0 with value: 0.28293147683143616.
[I 2023-12-27 11:27:09,764] Trial 32 finished with value: 2.91191029548645 and parameters: {'gradient_clip_val': 0.10239338310014807, 'hidden_size': 74, 'dropout': 0.21828339692452897, 'hidden_continuous_size': 40, 'attention_head_size': 4, 'learning_rate': 0.05896012450507804}. Best is trial 0 with value: 0.28293147683143616.
[I 2023-12-27 11:27:10,333] Trial 33 finished with value: 2.7688992023468018 and parameters: {'gradient_clip_val': 0.19269391003006925, 'hidden_size': 107, 'dropout': 0.2505032138377872, 'hidden_continuous_size': 99, 'attention_head_size': 4, 'learning_rate': 0.02393810072361237}. Best is trial 0 with value: 0.28293147683143616.
[I 2023-12-27 11:27:10,769] Trial 34 finished with value: 3.377775192260742 and parameters: {'gradient_clip_val': 0.1625483039513075, 'hidden_size': 53, 'dropout': 0.19022286009814893, 'hidden_continuous_size': 19, 'attention_head_size': 4, 'learning_rate': 0.011550459449156841}. Best is trial 0 with value: 0.28293147683143616.
[I 2023-12-27 11:27:11,180] Trial 35 finished with value: 3.876112937927246 and parameters: {'gradient_clip_val': 0.24805592371065902, 'hidden_size': 41, 'dropout': 0.15255729980339255, 'hidden_continuous_size': 13, 'attention_head_size': 4, 'learning_rate': 0.018964337389997487}. Best is trial 0 with value: 0.28293147683143616.
[I 2023-12-27 11:27:11,827] Trial 36 finished with value: 2.9329822063446045 and parameters: {'gradient_clip_val': 0.20869578102331054, 'hidden_size': 33, 'dropout': 0.20593078686893387, 'hidden_continuous_size': 7, 'attention_head_size': 3, 'learning_rate': 0.012096096152350005}. Best is trial 0 with value: 0.28293147683143616.
[I 2023-12-27 11:27:12,257] Trial 37 finished with value: 3.07159686088562 and parameters: {'gradient_clip_val': 0.12077901909444584, 'hidden_size': 44, 'dropout': 0.23406388598897845, 'hidden_continuous_size': 15, 'attention_head_size': 4, 'learning_rate': 0.004796957231379586}. Best is trial 0 with value: 0.28293147683143616.
[I 2023-12-27 11:27:12,710] Trial 38 finished with value: 2.824441909790039 and parameters: {'gradient_clip_val': 0.3847693050751854, 'hidden_size': 62, 'dropout': 0.14177319550565495, 'hidden_continuous_size': 21, 'attention_head_size': 3, 'learning_rate': 0.02790849268960347}. Best is trial 0 with value: 0.28293147683143616.
[I 2023-12-27 11:27:13,107] Trial 39 finished with value: 3.762690544128418 and parameters: {'gradient_clip_val': 0.9409785224211311, 'hidden_size': 34, 'dropout': 0.25687647823014365, 'hidden_continuous_size': 6, 'attention_head_size': 4, 'learning_rate': 0.007110598124657301}. Best is trial 0 with value: 0.28293147683143616.
[I 2023-12-27 11:27:13,503] Trial 40 finished with value: 2.288975477218628 and parameters: {'gradient_clip_val': 0.7525700551803737, 'hidden_size': 22, 'dropout': 0.2792290119053319, 'hidden_continuous_size': 8, 'attention_head_size': 4, 'learning_rate': 0.0034564717389091626}. Best is trial 0 with value: 0.28293147683143616.
[I 2023-12-27 11:27:13,898] Trial 41 finished with value: 2.4086625576019287 and parameters: {'gradient_clip_val': 0.7200031386845592, 'hidden_size': 21, 'dropout': 0.2791631573279645, 'hidden_continuous_size': 9, 'attention_head_size': 4, 'learning_rate': 0.0037261182060108673}. Best is trial 0 with value: 0.28293147683143616.
[I 2023-12-27 11:27:14,291] Trial 42 finished with value: 3.0617783069610596 and parameters: {'gradient_clip_val': 0.7725032492596633, 'hidden_size': 23, 'dropout': 0.2743027344459321, 'hidden_continuous_size': 8, 'attention_head_size': 4, 'learning_rate': 0.002586232556191907}. Best is trial 0 with value: 0.28293147683143616.
[I 2023-12-27 11:27:14,678] Trial 43 finished with value: 2.9763386249542236 and parameters: {'gradient_clip_val': 0.6961873802047209, 'hidden_size': 13, 'dropout': 0.27973167419213224, 'hidden_continuous_size': 5, 'attention_head_size': 4, 'learning_rate': 0.003963508067377601}. Best is trial 0 with value: 0.28293147683143616.
[I 2023-12-27 11:27:15,069] Trial 44 finished with value: 3.4386327266693115 and parameters: {'gradient_clip_val': 0.815459038088761, 'hidden_size': 21, 'dropout': 0.31712715466987373, 'hidden_continuous_size': 6, 'attention_head_size': 4, 'learning_rate': 0.0017345875716275763}. Best is trial 0 with value: 0.28293147683143616.
[I 2023-12-27 11:27:15,473] Trial 45 finished with value: 2.9145820140838623 and parameters: {'gradient_clip_val': 0.9546447871185222, 'hidden_size': 29, 'dropout': 0.35562127347297495, 'hidden_continuous_size': 9, 'attention_head_size': 3, 'learning_rate': 0.005788099172964881}. Best is trial 0 with value: 0.28293147683143616.
[I 2023-12-27 11:27:15,854] Trial 46 finished with value: 1.9960108995437622 and parameters: {'gradient_clip_val': 0.8577388259947231, 'hidden_size': 18, 'dropout': 0.24426795977881996, 'hidden_continuous_size': 7, 'attention_head_size': 4, 'learning_rate': 0.003506584448893955}. Best is trial 0 with value: 0.28293147683143616.
[I 2023-12-27 11:27:16,234] Trial 47 finished with value: 3.8373682498931885 and parameters: {'gradient_clip_val': 0.8575030050082808, 'hidden_size': 11, 'dropout': 0.24385331324292392, 'hidden_continuous_size': 7, 'attention_head_size': 3, 'learning_rate': 0.009781905831153}. Best is trial 0 with value: 0.28293147683143616.
[I 2023-12-27 11:27:16,621] Trial 48 finished with value: 3.905348062515259 and parameters: {'gradient_clip_val': 0.6508810738845285, 'hidden_size': 17, 'dropout': 0.20862168888170118, 'hidden_continuous_size': 6, 'attention_head_size': 4, 'learning_rate': 0.007185895642756264}. Best is trial 0 with value: 0.28293147683143616.
[I 2023-12-27 11:27:17,246] Trial 49 finished with value: 2.928865432739258 and parameters: {'gradient_clip_val': 0.9972517155652691, 'hidden_size': 14, 'dropout': 0.33571920483980644, 'hidden_continuous_size': 5, 'attention_head_size': 2, 'learning_rate': 0.005110540961591152}. Best is trial 0 with value: 0.28293147683143616.
[I 2023-12-27 11:27:17,360] A new study created in memory with name: no-name-107528f3-623d-4623-a450-7d05a874976c
/home/le004/conda/anaconda3/envs/tsff_env/lib/python3.9/site-packages/lightning/fabric/plugins/environments/slurm.py:191: The `srun` command is available on your system but is not used. HINT: If your intention is to run Lightning on SLURM, prepend your python command with `srun` like so: srun python /home/le004/master_thesis/git/TSFusionForecast/code/ ...
[I 2023-12-27 11:28:10,902] Trial 0 finished with value: 79.60243225097656 and parameters: {'gradient_clip_val': 0.19061674339263104, 'hidden_size': 113, 'dropout': 0.18957222623067463, 'hidden_continuous_size': 79, 'attention_head_size': 2, 'learning_rate': 0.07614506804780097}. Best is trial 0 with value: 79.60243225097656.
[I 2023-12-27 11:28:11,538] Trial 1 finished with value: 839.1697387695312 and parameters: {'gradient_clip_val': 0.21748568023000955, 'hidden_size': 148, 'dropout': 0.15989329612242795, 'hidden_continuous_size': 46, 'attention_head_size': 3, 'learning_rate': 0.006177194126096424}. Best is trial 0 with value: 79.60243225097656.
[I 2023-12-27 11:28:11,921] Trial 2 finished with value: 642.8383178710938 and parameters: {'gradient_clip_val': 0.16631641959964172, 'hidden_size': 10, 'dropout': 0.2516008481415256, 'hidden_continuous_size': 6, 'attention_head_size': 4, 'learning_rate': 0.0061684945988326875}. Best is trial 0 with value: 79.60243225097656.
[I 2023-12-27 11:28:12,292] Trial 3 finished with value: 697.2507934570312 and parameters: {'gradient_clip_val': 0.6264358494926254, 'hidden_size': 18, 'dropout': 0.12628212662264682, 'hidden_continuous_size': 9, 'attention_head_size': 2, 'learning_rate': 0.005584212500560457}. Best is trial 0 with value: 79.60243225097656.
[I 2023-12-27 11:28:12,666] Trial 4 finished with value: 580.3175048828125 and parameters: {'gradient_clip_val': 0.278414624023598, 'hidden_size': 24, 'dropout': 0.4717807496771139, 'hidden_continuous_size': 6, 'attention_head_size': 2, 'learning_rate': 0.0005783814187514997}. Best is trial 0 with value: 79.60243225097656.
[I 2023-12-27 11:28:13,042] Trial 5 finished with value: 640.885986328125 and parameters: {'gradient_clip_val': 0.47974426567226586, 'hidden_size': 10, 'dropout': 0.2806165718149347, 'hidden_continuous_size': 6, 'attention_head_size': 3, 'learning_rate': 0.004405630915790886}. Best is trial 0 with value: 79.60243225097656.
[I 2023-12-27 11:28:13,418] Trial 6 finished with value: 974.1396484375 and parameters: {'gradient_clip_val': 0.8132252799275407, 'hidden_size': 22, 'dropout': 0.4250546388750872, 'hidden_continuous_size': 12, 'attention_head_size': 2, 'learning_rate': 0.017509832955793753}. Best is trial 0 with value: 79.60243225097656.
[I 2023-12-27 11:28:13,809] Trial 7 finished with value: 557.5491333007812 and parameters: {'gradient_clip_val': 0.1071250734923645, 'hidden_size': 35, 'dropout': 0.3400265076741438, 'hidden_continuous_size': 15, 'attention_head_size': 1, 'learning_rate': 0.0016204163554263417}. Best is trial 0 with value: 79.60243225097656.
[I 2023-12-27 11:28:14,177] Trial 8 finished with value: 553.4622192382812 and parameters: {'gradient_clip_val': 0.1638860266773742, 'hidden_size': 12, 'dropout': 0.18040379240099247, 'hidden_continuous_size': 9, 'attention_head_size': 4, 'learning_rate': 0.021863037518362806}. Best is trial 0 with value: 79.60243225097656.
[I 2023-12-27 11:28:14,746] Trial 9 finished with value: 698.6768188476562 and parameters: {'gradient_clip_val': 0.6531662357078384, 'hidden_size': 14, 'dropout': 0.2857924723877695, 'hidden_continuous_size': 14, 'attention_head_size': 2, 'learning_rate': 0.05683317580698477}. Best is trial 0 with value: 79.60243225097656.
[I 2023-12-27 11:28:15,103] Trial 10 finished with value: 782.6398315429688 and parameters: {'gradient_clip_val': 0.39740877055325163, 'hidden_size': 5, 'dropout': 0.2035884832283789, 'hidden_continuous_size': 5, 'attention_head_size': 1, 'learning_rate': 0.09070388311673827}. Best is trial 0 with value: 79.60243225097656.
[I 2023-12-27 11:28:15,615] Trial 11 finished with value: 754.099853515625 and parameters: {'gradient_clip_val': 0.16486529854192314, 'hidden_size': 60, 'dropout': 0.10525181908814686, 'hidden_continuous_size': 59, 'attention_head_size': 4, 'learning_rate': 0.03303578480867438}. Best is trial 0 with value: 79.60243225097656.
[I 2023-12-27 11:28:16,391] Trial 12 finished with value: 619.7322387695312 and parameters: {'gradient_clip_val': 0.26315619435549575, 'hidden_size': 147, 'dropout': 0.18015296740981185, 'hidden_continuous_size': 135, 'attention_head_size': 3, 'learning_rate': 0.0241029753830686}. Best is trial 0 with value: 79.60243225097656.
[I 2023-12-27 11:28:16,855] Trial 13 finished with value: 623.1954345703125 and parameters: {'gradient_clip_val': 0.10574320072564253, 'hidden_size': 54, 'dropout': 0.2135807363270545, 'hidden_continuous_size': 22, 'attention_head_size': 4, 'learning_rate': 0.08906249045194364}. Best is trial 0 with value: 79.60243225097656.
[I 2023-12-27 11:28:17,351] Trial 14 finished with value: 1036.3233642578125 and parameters: {'gradient_clip_val': 0.17107515521111571, 'hidden_size': 71, 'dropout': 0.15367516837102244, 'hidden_continuous_size': 21, 'attention_head_size': 3, 'learning_rate': 0.016487969242687785}. Best is trial 0 with value: 79.60243225097656.
[I 2023-12-27 11:28:17,766] Trial 15 finished with value: 700.5402221679688 and parameters: {'gradient_clip_val': 0.2203098270540099, 'hidden_size': 35, 'dropout': 0.21969774044830082, 'hidden_continuous_size': 9, 'attention_head_size': 1, 'learning_rate': 0.040394334204722104}. Best is trial 0 with value: 79.60243225097656.
[I 2023-12-27 11:28:18,150] Trial 16 finished with value: 951.7413940429688 and parameters: {'gradient_clip_val': 0.345292379284742, 'hidden_size': 6, 'dropout': 0.1151015056063049, 'hidden_continuous_size': 5, 'attention_head_size': 4, 'learning_rate': 0.04971975881621087}. Best is trial 0 with value: 79.60243225097656.
[I 2023-12-27 11:28:18,548] Trial 17 finished with value: 461.9529724121094 and parameters: {'gradient_clip_val': 0.13526898743918417, 'hidden_size': 13, 'dropout': 0.3311825403155775, 'hidden_continuous_size': 5, 'attention_head_size': 3, 'learning_rate': 0.013753575267676258}. Best is trial 0 with value: 79.60243225097656.
[I 2023-12-27 11:28:19,091] Trial 18 finished with value: 801.7943725585938 and parameters: {'gradient_clip_val': 0.1300627044558023, 'hidden_size': 95, 'dropout': 0.37429901740442334, 'hidden_continuous_size': 29, 'attention_head_size': 2, 'learning_rate': 0.009638933220949407}. Best is trial 0 with value: 79.60243225097656.
[I 2023-12-27 11:28:19,511] Trial 19 finished with value: 698.9401245117188 and parameters: {'gradient_clip_val': 0.12522807635013916, 'hidden_size': 37, 'dropout': 0.32045937937201874, 'hidden_continuous_size': 7, 'attention_head_size': 3, 'learning_rate': 0.009582406060090375}. Best is trial 0 with value: 79.60243225097656.
[I 2023-12-27 11:28:19,903] Trial 20 finished with value: 772.5571899414062 and parameters: {'gradient_clip_val': 0.21163654859590342, 'hidden_size': 17, 'dropout': 0.26670831809243745, 'hidden_continuous_size': 7, 'attention_head_size': 2, 'learning_rate': 0.06836639506879762}. Best is trial 0 with value: 79.60243225097656.
[I 2023-12-27 11:28:20,299] Trial 21 finished with value: 528.3640747070312 and parameters: {'gradient_clip_val': 0.1425039064797565, 'hidden_size': 12, 'dropout': 0.22704184540345124, 'hidden_continuous_size': 5, 'attention_head_size': 4, 'learning_rate': 0.025366891846276357}. Best is trial 0 with value: 79.60243225097656.
[I 2023-12-27 11:28:20,683] Trial 22 finished with value: 652.1641235351562 and parameters: {'gradient_clip_val': 0.13098836681231313, 'hidden_size': 8, 'dropout': 0.24895677344931222, 'hidden_continuous_size': 5, 'attention_head_size': 3, 'learning_rate': 0.03488133263570711}. Best is trial 0 with value: 79.60243225097656.
[I 2023-12-27 11:28:21,403] Trial 23 finished with value: 648.0397338867188 and parameters: {'gradient_clip_val': 0.14688666554292892, 'hidden_size': 15, 'dropout': 0.3180359054634666, 'hidden_continuous_size': 5, 'attention_head_size': 4, 'learning_rate': 0.04692415544060394}. Best is trial 0 with value: 79.60243225097656.
[I 2023-12-27 11:28:21,820] Trial 24 finished with value: 660.7817993164062 and parameters: {'gradient_clip_val': 0.10250277764202609, 'hidden_size': 20, 'dropout': 0.23373396195168597, 'hidden_continuous_size': 7, 'attention_head_size': 3, 'learning_rate': 0.094888428775803}. Best is trial 0 with value: 79.60243225097656.
[I 2023-12-27 11:28:22,241] Trial 25 finished with value: 757.2798461914062 and parameters: {'gradient_clip_val': 0.20162126948744524, 'hidden_size': 29, 'dropout': 0.28723325480677264, 'hidden_continuous_size': 8, 'attention_head_size': 2, 'learning_rate': 0.029460790726273844}. Best is trial 0 with value: 79.60243225097656.
[I 2023-12-27 11:28:22,633] Trial 26 finished with value: 886.6251831054688 and parameters: {'gradient_clip_val': 0.13887911008846943, 'hidden_size': 8, 'dropout': 0.24644235766410655, 'hidden_continuous_size': 5, 'attention_head_size': 3, 'learning_rate': 0.014015741569061945}. Best is trial 0 with value: 79.60243225097656.
[I 2023-12-27 11:28:23,042] Trial 27 finished with value: 962.3262329101562 and parameters: {'gradient_clip_val': 0.18850619790171305, 'hidden_size': 14, 'dropout': 0.3531786514183981, 'hidden_continuous_size': 6, 'attention_head_size': 4, 'learning_rate': 0.025668491610556236}. Best is trial 0 with value: 79.60243225097656.
[I 2023-12-27 11:28:23,464] Trial 28 finished with value: 835.4191284179688 and parameters: {'gradient_clip_val': 0.11936960535916906, 'hidden_size': 25, 'dropout': 0.20207193657191155, 'hidden_continuous_size': 10, 'attention_head_size': 1, 'learning_rate': 0.038446191646355064}. Best is trial 0 with value: 79.60243225097656.
[I 2023-12-27 11:28:24,123] Trial 29 finished with value: 731.9187622070312 and parameters: {'gradient_clip_val': 0.22194198991796688, 'hidden_size': 143, 'dropout': 0.14333390227393783, 'hidden_continuous_size': 42, 'attention_head_size': 3, 'learning_rate': 0.06151209567772668}. Best is trial 0 with value: 79.60243225097656.
[I 2023-12-27 11:28:24,535] Trial 30 finished with value: 661.2679443359375 and parameters: {'gradient_clip_val': 0.15503532860491132, 'hidden_size': 21, 'dropout': 0.17593703588132623, 'hidden_continuous_size': 6, 'attention_head_size': 3, 'learning_rate': 0.012218097970576063}. Best is trial 0 with value: 79.60243225097656.
[I 2023-12-27 11:28:24,937] Trial 31 finished with value: 928.2472534179688 and parameters: {'gradient_clip_val': 0.18300393876427373, 'hidden_size': 12, 'dropout': 0.16108117148080225, 'hidden_continuous_size': 5, 'attention_head_size': 4, 'learning_rate': 0.02389870337630808}. Best is trial 0 with value: 79.60243225097656.
