[I 2023-12-16 00:58:11,279] Trial 26 finished with value: 0.09388678520917892 and parameters: {'gradient_clip_val': 0.4988071514336895, 'hidden_size': 10, 'dropout': 0.10329027296932056, 'hidden_continuous_size': 5, 'attention_head_size': 4, 'learning_rate': 0.039872681802708185}. Best is trial 24 with value: 0.0607372522354126.
LOCAL_RANK: 0 - CUDA_VISIBLE_DEVICES: [0]
[I 2023-12-16 00:58:57,216] Trial 27 finished with value: 0.06339911371469498 and parameters: {'gradient_clip_val': 0.34235698723559743, 'hidden_size': 12, 'dropout': 0.12330793864690055, 'hidden_continuous_size': 6, 'attention_head_size': 3, 'learning_rate': 0.01944389845411759}. Best is trial 24 with value: 0.0607372522354126.
LOCAL_RANK: 0 - CUDA_VISIBLE_DEVICES: [0]
[I 2023-12-16 00:59:43,981] Trial 28 finished with value: 0.07950077205896378 and parameters: {'gradient_clip_val': 0.3325647697716423, 'hidden_size': 10, 'dropout': 0.17611502328153805, 'hidden_continuous_size': 6, 'attention_head_size': 3, 'learning_rate': 0.020543225472451642}. Best is trial 24 with value: 0.0607372522354126.
LOCAL_RANK: 0 - CUDA_VISIBLE_DEVICES: [0]
[I 2023-12-16 01:00:31,446] Trial 29 finished with value: 0.11325939744710922 and parameters: {'gradient_clip_val': 0.5358894458493245, 'hidden_size': 13, 'dropout': 0.13392196216915456, 'hidden_continuous_size': 7, 'attention_head_size': 3, 'learning_rate': 0.008723189002546285}. Best is trial 24 with value: 0.0607372522354126.
LOCAL_RANK: 0 - CUDA_VISIBLE_DEVICES: [0]
[I 2023-12-16 01:01:18,706] Trial 30 finished with value: 0.42757394909858704 and parameters: {'gradient_clip_val': 0.2885753660086201, 'hidden_size': 13, 'dropout': 0.3718225881597455, 'hidden_continuous_size': 7, 'attention_head_size': 4, 'learning_rate': 0.0210901139010009}. Best is trial 24 with value: 0.0607372522354126.
LOCAL_RANK: 0 - CUDA_VISIBLE_DEVICES: [0]
[I 2023-12-16 01:02:05,420] Trial 31 finished with value: 0.10739807039499283 and parameters: {'gradient_clip_val': 0.36343783215779685, 'hidden_size': 6, 'dropout': 0.12384325568319976, 'hidden_continuous_size': 5, 'attention_head_size': 3, 'learning_rate': 0.06708278421265358}. Best is trial 24 with value: 0.0607372522354126.
LOCAL_RANK: 0 - CUDA_VISIBLE_DEVICES: [0]
[I 2023-12-16 01:02:52,265] Trial 32 finished with value: 0.14235220849514008 and parameters: {'gradient_clip_val': 0.4470943636937336, 'hidden_size': 9, 'dropout': 0.12916683139929286, 'hidden_continuous_size': 5, 'attention_head_size': 3, 'learning_rate': 0.03478403640099967}. Best is trial 24 with value: 0.0607372522354126.
LOCAL_RANK: 0 - CUDA_VISIBLE_DEVICES: [0]
[I 2023-12-16 01:03:38,710] Trial 33 finished with value: 0.08077934384346008 and parameters: {'gradient_clip_val': 0.36648864301573614, 'hidden_size': 7, 'dropout': 0.1407038306895518, 'hidden_continuous_size': 5, 'attention_head_size': 3, 'learning_rate': 0.07103072932464323}. Best is trial 24 with value: 0.0607372522354126.
LOCAL_RANK: 0 - CUDA_VISIBLE_DEVICES: [0]
[I 2023-12-16 01:04:24,375] Trial 34 finished with value: 0.06565427035093307 and parameters: {'gradient_clip_val': 0.5521159924965755, 'hidden_size': 8, 'dropout': 0.11013414652327806, 'hidden_continuous_size': 5, 'attention_head_size': 3, 'learning_rate': 0.047018227593909404}. Best is trial 24 with value: 0.0607372522354126.
LOCAL_RANK: 0 - CUDA_VISIBLE_DEVICES: [0]
[I 2023-12-16 01:05:10,650] Trial 35 finished with value: 0.06907878816127777 and parameters: {'gradient_clip_val': 0.43873981628738884, 'hidden_size': 12, 'dropout': 0.11210616056858247, 'hidden_continuous_size': 6, 'attention_head_size': 4, 'learning_rate': 0.025146489044907083}. Best is trial 24 with value: 0.0607372522354126.
LOCAL_RANK: 0 - CUDA_VISIBLE_DEVICES: [0]
[I 2023-12-16 01:05:57,256] Trial 36 finished with value: 0.08231636881828308 and parameters: {'gradient_clip_val': 0.5382402147536015, 'hidden_size': 9, 'dropout': 0.17746465428295863, 'hidden_continuous_size': 6, 'attention_head_size': 3, 'learning_rate': 0.01773743722234093}. Best is trial 24 with value: 0.0607372522354126.
LOCAL_RANK: 0 - CUDA_VISIBLE_DEVICES: [0]
[I 2023-12-16 01:06:43,007] Trial 37 finished with value: 0.4465433657169342 and parameters: {'gradient_clip_val': 0.26104153385341994, 'hidden_size': 12, 'dropout': 0.11342081195650904, 'hidden_continuous_size': 7, 'attention_head_size': 3, 'learning_rate': 0.03618873594561659}. Best is trial 24 with value: 0.0607372522354126.
LOCAL_RANK: 0 - CUDA_VISIBLE_DEVICES: [0]
[I 2023-12-16 01:07:29,982] Trial 38 finished with value: 0.20788796246051788 and parameters: {'gradient_clip_val': 0.33819549526947346, 'hidden_size': 11, 'dropout': 0.10010626293360825, 'hidden_continuous_size': 6, 'attention_head_size': 3, 'learning_rate': 0.04576320755219974}. Best is trial 24 with value: 0.0607372522354126.
LOCAL_RANK: 0 - CUDA_VISIBLE_DEVICES: [0]
[I 2023-12-16 01:08:17,418] Trial 39 finished with value: 0.0585351325571537 and parameters: {'gradient_clip_val': 0.4374934742363178, 'hidden_size': 17, 'dropout': 0.16203823339032458, 'hidden_continuous_size': 7, 'attention_head_size': 2, 'learning_rate': 0.024725034309625027}. Best is trial 39 with value: 0.0585351325571537.
LOCAL_RANK: 0 - CUDA_VISIBLE_DEVICES: [0]
[I 2023-12-16 01:09:05,964] Trial 40 finished with value: 0.07110393047332764 and parameters: {'gradient_clip_val': 0.44108625240181265, 'hidden_size': 19, 'dropout': 0.165365727759724, 'hidden_continuous_size': 8, 'attention_head_size': 2, 'learning_rate': 0.0167277497905812}. Best is trial 39 with value: 0.0585351325571537.
LOCAL_RANK: 0 - CUDA_VISIBLE_DEVICES: [0]
[I 2023-12-16 01:09:52,990] Trial 41 finished with value: 0.06363864243030548 and parameters: {'gradient_clip_val': 0.412413580792527, 'hidden_size': 15, 'dropout': 0.14840862744645728, 'hidden_continuous_size': 7, 'attention_head_size': 2, 'learning_rate': 0.02432123016993454}. Best is trial 39 with value: 0.0585351325571537.
LOCAL_RANK: 0 - CUDA_VISIBLE_DEVICES: [0]
[I 2023-12-16 01:10:39,569] Trial 42 finished with value: 0.16358166933059692 and parameters: {'gradient_clip_val': 0.4077226324788623, 'hidden_size': 15, 'dropout': 0.1467404588169582, 'hidden_continuous_size': 7, 'attention_head_size': 2, 'learning_rate': 0.023644929926404136}. Best is trial 39 with value: 0.0585351325571537.
LOCAL_RANK: 0 - CUDA_VISIBLE_DEVICES: [0]
[I 2023-12-16 01:11:25,637] Trial 43 finished with value: 0.10319405794143677 and parameters: {'gradient_clip_val': 0.36236820990013585, 'hidden_size': 14, 'dropout': 0.1921076474504394, 'hidden_continuous_size': 7, 'attention_head_size': 1, 'learning_rate': 0.013259158603688426}. Best is trial 39 with value: 0.0585351325571537.
LOCAL_RANK: 0 - CUDA_VISIBLE_DEVICES: [0]
[I 2023-12-16 01:12:14,185] Trial 44 finished with value: 0.08569181710481644 and parameters: {'gradient_clip_val': 0.314474014752803, 'hidden_size': 18, 'dropout': 0.14602162089734044, 'hidden_continuous_size': 9, 'attention_head_size': 2, 'learning_rate': 0.03139093761910888}. Best is trial 39 with value: 0.0585351325571537.
LOCAL_RANK: 0 - CUDA_VISIBLE_DEVICES: [0]
[I 2023-12-16 01:13:04,059] Trial 45 finished with value: 0.05490756034851074 and parameters: {'gradient_clip_val': 0.47047537066843015, 'hidden_size': 23, 'dropout': 0.16788783253866973, 'hidden_continuous_size': 11, 'attention_head_size': 2, 'learning_rate': 0.015386250218465465}. Best is trial 45 with value: 0.05490756034851074.
LOCAL_RANK: 0 - CUDA_VISIBLE_DEVICES: [0]
[I 2023-12-16 01:13:53,761] Trial 46 finished with value: 0.07161217927932739 and parameters: {'gradient_clip_val': 0.4724465032512903, 'hidden_size': 21, 'dropout': 0.16864487897628616, 'hidden_continuous_size': 11, 'attention_head_size': 2, 'learning_rate': 0.015933806629727862}. Best is trial 45 with value: 0.05490756034851074.
LOCAL_RANK: 0 - CUDA_VISIBLE_DEVICES: [0]
[I 2023-12-16 01:14:39,581] Trial 47 finished with value: 0.08088895678520203 and parameters: {'gradient_clip_val': 0.5087446268549427, 'hidden_size': 16, 'dropout': 0.18634394818774158, 'hidden_continuous_size': 9, 'attention_head_size': 1, 'learning_rate': 0.009577233601768384}. Best is trial 45 with value: 0.05490756034851074.
LOCAL_RANK: 0 - CUDA_VISIBLE_DEVICES: [0]
[I 2023-12-16 01:15:28,494] Trial 48 finished with value: 0.11856302618980408 and parameters: {'gradient_clip_val': 0.4217472222101846, 'hidden_size': 24, 'dropout': 0.2071604652680087, 'hidden_continuous_size': 11, 'attention_head_size': 2, 'learning_rate': 0.0059189649940499635}. Best is trial 45 with value: 0.05490756034851074.
LOCAL_RANK: 0 - CUDA_VISIBLE_DEVICES: [0]
[I 2023-12-16 01:16:18,548] Trial 49 finished with value: 0.04218948259949684 and parameters: {'gradient_clip_val': 0.5904963329126999, 'hidden_size': 27, 'dropout': 0.15895278682854716, 'hidden_continuous_size': 13, 'attention_head_size': 2, 'learning_rate': 0.02125930862310205}. Best is trial 49 with value: 0.04218948259949684.
[I 2023-12-16 01:16:18,643] A new study created in memory with name: no-name-b48ee4e2-8ee2-480d-a762-81066f2b2c1f
/home/le004/conda/anaconda3/envs/tsff_env/lib/python3.9/site-packages/lightning/fabric/plugins/environments/slurm.py:191: The `srun` command is available on your system but is not used. HINT: If your intention is to run Lightning on SLURM, prepend your python command with `srun` like so: srun python /home/le004/master_thesis/git/TSFusionForecast/code/ ...
LOCAL_RANK: 0 - CUDA_VISIBLE_DEVICES: [0]
[I 2023-12-16 01:17:04,643] Trial 0 finished with value: 0.38409698009490967 and parameters: {'gradient_clip_val': 0.3094866749677896, 'hidden_size': 8, 'dropout': 0.2911987054322952, 'hidden_continuous_size': 6, 'attention_head_size': 4, 'learning_rate': 0.004793459861360526}. Best is trial 0 with value: 0.38409698009490967.
LOCAL_RANK: 0 - CUDA_VISIBLE_DEVICES: [0]
[I 2023-12-16 01:17:54,499] Trial 1 finished with value: 0.02629379741847515 and parameters: {'gradient_clip_val': 0.5862579494868873, 'hidden_size': 18, 'dropout': 0.13282911928324392, 'hidden_continuous_size': 13, 'attention_head_size': 4, 'learning_rate': 0.06319351388624028}. Best is trial 1 with value: 0.02629379741847515.
LOCAL_RANK: 0 - CUDA_VISIBLE_DEVICES: [0]
[I 2023-12-16 01:18:41,905] Trial 2 finished with value: 0.03574218973517418 and parameters: {'gradient_clip_val': 0.20575495908858196, 'hidden_size': 10, 'dropout': 0.24586838219108217, 'hidden_continuous_size': 5, 'attention_head_size': 4, 'learning_rate': 0.0057042394205717795}. Best is trial 1 with value: 0.02629379741847515.
LOCAL_RANK: 0 - CUDA_VISIBLE_DEVICES: [0]
[I 2023-12-16 01:19:18,294] Trial 3 finished with value: 0.32772335410118103 and parameters: {'gradient_clip_val': 0.9492494185968734, 'hidden_size': 8, 'dropout': 0.34177005133489136, 'hidden_continuous_size': 8, 'attention_head_size': 2, 'learning_rate': 0.0018127587545057576}. Best is trial 1 with value: 0.02629379741847515.
LOCAL_RANK: 0 - CUDA_VISIBLE_DEVICES: [0]
[I 2023-12-16 01:20:04,551] Trial 4 finished with value: 0.02994929812848568 and parameters: {'gradient_clip_val': 0.20666497936382114, 'hidden_size': 12, 'dropout': 0.27654950645268916, 'hidden_continuous_size': 7, 'attention_head_size': 4, 'learning_rate': 0.061742457616553316}. Best is trial 1 with value: 0.02629379741847515.
LOCAL_RANK: 0 - CUDA_VISIBLE_DEVICES: [0]
[I 2023-12-16 01:20:58,768] Trial 5 finished with value: 0.03287952393293381 and parameters: {'gradient_clip_val': 0.2698106683504344, 'hidden_size': 78, 'dropout': 0.3541118318437747, 'hidden_continuous_size': 13, 'attention_head_size': 2, 'learning_rate': 0.07480050356441863}. Best is trial 1 with value: 0.02629379741847515.
LOCAL_RANK: 0 - CUDA_VISIBLE_DEVICES: [0]
[I 2023-12-16 01:21:49,143] Trial 6 finished with value: 0.09283134341239929 and parameters: {'gradient_clip_val': 0.5590503938049772, 'hidden_size': 33, 'dropout': 0.2514348381695858, 'hidden_continuous_size': 5, 'attention_head_size': 3, 'learning_rate': 0.01175378358822157}. Best is trial 1 with value: 0.02629379741847515.
LOCAL_RANK: 0 - CUDA_VISIBLE_DEVICES: [0]
[I 2023-12-16 01:22:36,326] Trial 7 finished with value: 0.028266847133636475 and parameters: {'gradient_clip_val': 0.2544500576663893, 'hidden_size': 9, 'dropout': 0.21628566598370197, 'hidden_continuous_size': 8, 'attention_head_size': 4, 'learning_rate': 0.053498426865512885}. Best is trial 1 with value: 0.02629379741847515.
LOCAL_RANK: 0 - CUDA_VISIBLE_DEVICES: [0]
[I 2023-12-16 01:23:15,344] Trial 8 finished with value: 0.031456947326660156 and parameters: {'gradient_clip_val': 0.13456191356021416, 'hidden_size': 5, 'dropout': 0.13565556640371865, 'hidden_continuous_size': 5, 'attention_head_size': 4, 'learning_rate': 0.0480060727437723}. Best is trial 1 with value: 0.02629379741847515.
LOCAL_RANK: 0 - CUDA_VISIBLE_DEVICES: [0]
[I 2023-12-16 01:24:03,237] Trial 9 finished with value: 0.028370199725031853 and parameters: {'gradient_clip_val': 0.3102457880883386, 'hidden_size': 10, 'dropout': 0.2978723434089779, 'hidden_continuous_size': 9, 'attention_head_size': 4, 'learning_rate': 0.0356866141743939}. Best is trial 1 with value: 0.02629379741847515.
LOCAL_RANK: 0 - CUDA_VISIBLE_DEVICES: [0]
[I 2023-12-16 01:24:52,049] Trial 10 finished with value: 0.029650837182998657 and parameters: {'gradient_clip_val': 0.5085862790707629, 'hidden_size': 24, 'dropout': 0.10158342990427202, 'hidden_continuous_size': 22, 'attention_head_size': 1, 'learning_rate': 0.019003805507860873}. Best is trial 1 with value: 0.02629379741847515.
LOCAL_RANK: 0 - CUDA_VISIBLE_DEVICES: [0]
[I 2023-12-16 01:25:41,473] Trial 11 finished with value: 0.037085846066474915 and parameters: {'gradient_clip_val': 0.10116158445152176, 'hidden_size': 18, 'dropout': 0.17763742670754581, 'hidden_continuous_size': 11, 'attention_head_size': 3, 'learning_rate': 0.024657713372542828}. Best is trial 1 with value: 0.02629379741847515.
LOCAL_RANK: 0 - CUDA_VISIBLE_DEVICES: [0]
[I 2023-12-16 01:26:30,113] Trial 12 finished with value: 0.026591792702674866 and parameters: {'gradient_clip_val': 0.4904629926289137, 'hidden_size': 17, 'dropout': 0.1966062034249954, 'hidden_continuous_size': 10, 'attention_head_size': 3, 'learning_rate': 0.08539720363166876}. Best is trial 1 with value: 0.02629379741847515.
LOCAL_RANK: 0 - CUDA_VISIBLE_DEVICES: [0]
[I 2023-12-16 01:27:21,172] Trial 13 finished with value: 0.02589728869497776 and parameters: {'gradient_clip_val': 0.5120059918039784, 'hidden_size': 31, 'dropout': 0.18117768182009947, 'hidden_continuous_size': 15, 'attention_head_size': 3, 'learning_rate': 0.09769093429622513}. Best is trial 13 with value: 0.02589728869497776.
LOCAL_RANK: 0 - CUDA_VISIBLE_DEVICES: [0]
[I 2023-12-16 01:28:14,010] Trial 14 finished with value: 0.03056385926902294 and parameters: {'gradient_clip_val': 0.7109063563212741, 'hidden_size': 35, 'dropout': 0.15600222294833904, 'hidden_continuous_size': 16, 'attention_head_size': 3, 'learning_rate': 0.023773164174443025}. Best is trial 13 with value: 0.02589728869497776.
LOCAL_RANK: 0 - CUDA_VISIBLE_DEVICES: [0]
[I 2023-12-16 01:29:08,086] Trial 15 finished with value: 0.03200870007276535 and parameters: {'gradient_clip_val': 0.3808085055950772, 'hidden_size': 48, 'dropout': 0.12977806802238104, 'hidden_continuous_size': 39, 'attention_head_size': 2, 'learning_rate': 0.09803940903397382}. Best is trial 13 with value: 0.02589728869497776.
LOCAL_RANK: 0 - CUDA_VISIBLE_DEVICES: [0]
[I 2023-12-16 01:29:57,686] Trial 16 finished with value: 0.1243193969130516 and parameters: {'gradient_clip_val': 0.6836586274070572, 'hidden_size': 27, 'dropout': 0.17968278275751018, 'hidden_continuous_size': 14, 'attention_head_size': 1, 'learning_rate': 0.0005202453524552104}. Best is trial 13 with value: 0.02589728869497776.
LOCAL_RANK: 0 - CUDA_VISIBLE_DEVICES: [0]
[I 2023-12-16 01:30:44,730] Trial 17 finished with value: 0.030014662072062492 and parameters: {'gradient_clip_val': 0.41327150706472876, 'hidden_size': 16, 'dropout': 0.10779164246503219, 'hidden_continuous_size': 11, 'attention_head_size': 3, 'learning_rate': 0.09836736705530287}. Best is trial 13 with value: 0.02589728869497776.
LOCAL_RANK: 0 - CUDA_VISIBLE_DEVICES: [0]
[I 2023-12-16 01:31:39,147] Trial 18 finished with value: 0.031011631712317467 and parameters: {'gradient_clip_val': 0.917012864241611, 'hidden_size': 53, 'dropout': 0.153002095080658, 'hidden_continuous_size': 19, 'attention_head_size': 3, 'learning_rate': 0.03807066693923683}. Best is trial 13 with value: 0.02589728869497776.
LOCAL_RANK: 0 - CUDA_VISIBLE_DEVICES: [0]
[I 2023-12-16 01:32:28,986] Trial 19 finished with value: 0.036669667810201645 and parameters: {'gradient_clip_val': 0.6565535962748771, 'hidden_size': 22, 'dropout': 0.2165094271587819, 'hidden_continuous_size': 12, 'attention_head_size': 2, 'learning_rate': 0.031718983336101354}. Best is trial 13 with value: 0.02589728869497776.
LOCAL_RANK: 0 - CUDA_VISIBLE_DEVICES: [0]
[I 2023-12-16 01:33:19,803] Trial 20 finished with value: 0.02610163390636444 and parameters: {'gradient_clip_val': 0.436965143358681, 'hidden_size': 32, 'dropout': 0.16217537415142963, 'hidden_continuous_size': 16, 'attention_head_size': 4, 'learning_rate': 0.014960530650053684}. Best is trial 13 with value: 0.02589728869497776.
LOCAL_RANK: 0 - CUDA_VISIBLE_DEVICES: [0]
[I 2023-12-16 01:34:11,098] Trial 21 finished with value: 0.02551206387579441 and parameters: {'gradient_clip_val': 0.42954028648126164, 'hidden_size': 31, 'dropout': 0.16278728858317232, 'hidden_continuous_size': 15, 'attention_head_size': 4, 'learning_rate': 0.013770245602383257}. Best is trial 21 with value: 0.02551206387579441.
LOCAL_RANK: 0 - CUDA_VISIBLE_DEVICES: [0]
[I 2023-12-16 01:35:04,664] Trial 22 finished with value: 0.028500577434897423 and parameters: {'gradient_clip_val': 0.3891306061078, 'hidden_size': 34, 'dropout': 0.1801312393527256, 'hidden_continuous_size': 18, 'attention_head_size': 4, 'learning_rate': 0.013459228206471881}. Best is trial 21 with value: 0.02551206387579441.
LOCAL_RANK: 0 - CUDA_VISIBLE_DEVICES: [0]
[I 2023-12-16 01:35:58,559] Trial 23 finished with value: 0.025599325075745583 and parameters: {'gradient_clip_val': 0.44015103481379425, 'hidden_size': 46, 'dropout': 0.1608219175857052, 'hidden_continuous_size': 23, 'attention_head_size': 3, 'learning_rate': 0.010215952527292784}. Best is trial 21 with value: 0.02551206387579441.
LOCAL_RANK: 0 - CUDA_VISIBLE_DEVICES: [0]
[I 2023-12-16 01:36:52,555] Trial 24 finished with value: 0.025772765278816223 and parameters: {'gradient_clip_val': 0.4863327743347616, 'hidden_size': 47, 'dropout': 0.20565853212220925, 'hidden_continuous_size': 23, 'attention_head_size': 3, 'learning_rate': 0.010304522592790934}. Best is trial 21 with value: 0.02551206387579441.
LOCAL_RANK: 0 - CUDA_VISIBLE_DEVICES: [0]
[I 2023-12-16 01:37:46,970] Trial 25 finished with value: 0.0632190927863121 and parameters: {'gradient_clip_val': 0.3843300695995636, 'hidden_size': 49, 'dropout': 0.21060837001095806, 'hidden_continuous_size': 24, 'attention_head_size': 3, 'learning_rate': 0.009628352418026252}. Best is trial 21 with value: 0.02551206387579441.
LOCAL_RANK: 0 - CUDA_VISIBLE_DEVICES: [0]
[I 2023-12-16 01:38:42,260] Trial 26 finished with value: 0.030345002189278603 and parameters: {'gradient_clip_val': 0.43685552658191024, 'hidden_size': 88, 'dropout': 0.20653561369584064, 'hidden_continuous_size': 28, 'attention_head_size': 2, 'learning_rate': 0.0072582195316893035}. Best is trial 21 with value: 0.02551206387579441.
LOCAL_RANK: 0 - CUDA_VISIBLE_DEVICES: [0]
[I 2023-12-16 01:39:36,729] Trial 27 finished with value: 0.027716675773262978 and parameters: {'gradient_clip_val': 0.3497518878014516, 'hidden_size': 64, 'dropout': 0.2351568988548105, 'hidden_continuous_size': 31, 'attention_head_size': 3, 'learning_rate': 0.00915752642203828}. Best is trial 21 with value: 0.02551206387579441.
LOCAL_RANK: 0 - CUDA_VISIBLE_DEVICES: [0]
[I 2023-12-16 01:40:30,542] Trial 28 finished with value: 0.03399226441979408 and parameters: {'gradient_clip_val': 0.7862597092461486, 'hidden_size': 42, 'dropout': 0.1927241719326579, 'hidden_continuous_size': 21, 'attention_head_size': 3, 'learning_rate': 0.004452969976852104}. Best is trial 21 with value: 0.02551206387579441.
LOCAL_RANK: 0 - CUDA_VISIBLE_DEVICES: [0]
[I 2023-12-16 01:41:26,593] Trial 29 finished with value: 0.08370566368103027 and parameters: {'gradient_clip_val': 0.5880166719667147, 'hidden_size': 66, 'dropout': 0.16005897400662902, 'hidden_continuous_size': 59, 'attention_head_size': 2, 'learning_rate': 0.017306752997880866}. Best is trial 21 with value: 0.02551206387579441.
LOCAL_RANK: 0 - CUDA_VISIBLE_DEVICES: [0]
[I 2023-12-16 01:42:20,980] Trial 30 finished with value: 0.03127669170498848 and parameters: {'gradient_clip_val': 0.3350609505900216, 'hidden_size': 39, 'dropout': 0.12423902281984966, 'hidden_continuous_size': 18, 'attention_head_size': 4, 'learning_rate': 0.005322767975304431}. Best is trial 21 with value: 0.02551206387579441.
LOCAL_RANK: 0 - CUDA_VISIBLE_DEVICES: [0]
[I 2023-12-16 01:43:10,511] Trial 31 finished with value: 0.037795886397361755 and parameters: {'gradient_clip_val': 0.49285819137427944, 'hidden_size': 28, 'dropout': 0.18815708298888364, 'hidden_continuous_size': 15, 'attention_head_size': 3, 'learning_rate': 0.022797729949861626}. Best is trial 21 with value: 0.02551206387579441.
LOCAL_RANK: 0 - CUDA_VISIBLE_DEVICES: [0]
[I 2023-12-16 01:44:04,509] Trial 32 finished with value: 0.02439774014055729 and parameters: {'gradient_clip_val': 0.48084293350439433, 'hidden_size': 43, 'dropout': 0.1453736151123815, 'hidden_continuous_size': 15, 'attention_head_size': 3, 'learning_rate': 0.011544758980163973}. Best is trial 32 with value: 0.02439774014055729.
LOCAL_RANK: 0 - CUDA_VISIBLE_DEVICES: [0]
