[I 2023-12-26 17:11:21,019] Trial 47 finished with value: 204.885498046875 and parameters: {'gradient_clip_val': 0.6716139480900112, 'hidden_size': 37, 'dropout': 0.1408747593248203, 'hidden_continuous_size': 7, 'attention_head_size': 1, 'learning_rate': 0.0019459904188204673}. Best is trial 0 with value: 101.468994140625.
[I 2023-12-26 17:11:23,400] Trial 48 finished with value: 227.84788513183594 and parameters: {'gradient_clip_val': 0.9095225996001549, 'hidden_size': 7, 'dropout': 0.22189350375427674, 'hidden_continuous_size': 5, 'attention_head_size': 3, 'learning_rate': 0.004116403181719491}. Best is trial 0 with value: 101.468994140625.
[I 2023-12-26 17:11:25,775] Trial 49 finished with value: 204.05348205566406 and parameters: {'gradient_clip_val': 0.999893152696105, 'hidden_size': 6, 'dropout': 0.30379121175670276, 'hidden_continuous_size': 5, 'attention_head_size': 4, 'learning_rate': 0.002077604687699226}. Best is trial 0 with value: 101.468994140625.
[I 2023-12-26 17:11:25,963] A new study created in memory with name: no-name-2a226eba-22bb-4c67-9bc2-f854c5bf5573
/home/le004/conda/anaconda3/envs/tsff_env/lib/python3.9/site-packages/lightning/fabric/plugins/environments/slurm.py:191: The `srun` command is available on your system but is not used. HINT: If your intention is to run Lightning on SLURM, prepend your python command with `srun` like so: srun python /home/le004/master_thesis/git/TSFusionForecast/code/ ...
[I 2023-12-26 17:23:40,411] Trial 0 finished with value: 150.78269958496094 and parameters: {'gradient_clip_val': 0.8694261355668886, 'hidden_size': 134, 'dropout': 0.23153029467134725, 'hidden_continuous_size': 16, 'attention_head_size': 3, 'learning_rate': 0.028985692434524497}. Best is trial 0 with value: 150.78269958496094.
[I 2023-12-26 17:23:43,398] Trial 1 finished with value: 165.73023986816406 and parameters: {'gradient_clip_val': 0.2922425605174472, 'hidden_size': 33, 'dropout': 0.40603238928255336, 'hidden_continuous_size': 13, 'attention_head_size': 4, 'learning_rate': 0.006640683195977752}. Best is trial 0 with value: 150.78269958496094.
[I 2023-12-26 17:23:45,501] Trial 2 finished with value: 166.50596618652344 and parameters: {'gradient_clip_val': 0.17293485509700796, 'hidden_size': 5, 'dropout': 0.18378695303511022, 'hidden_continuous_size': 5, 'attention_head_size': 2, 'learning_rate': 0.028760842690674072}. Best is trial 0 with value: 150.78269958496094.
[I 2023-12-26 17:23:51,656] Trial 3 finished with value: 158.17608642578125 and parameters: {'gradient_clip_val': 0.40922280624902235, 'hidden_size': 70, 'dropout': 0.2670431359482002, 'hidden_continuous_size': 11, 'attention_head_size': 2, 'learning_rate': 0.008771832298378697}. Best is trial 0 with value: 150.78269958496094.
[I 2023-12-26 17:23:53,851] Trial 4 finished with value: 184.2648468017578 and parameters: {'gradient_clip_val': 0.7227715619800167, 'hidden_size': 6, 'dropout': 0.34172719488138237, 'hidden_continuous_size': 6, 'attention_head_size': 4, 'learning_rate': 0.002077792403923819}. Best is trial 0 with value: 150.78269958496094.
[I 2023-12-26 17:23:55,575] Trial 5 finished with value: 153.44996643066406 and parameters: {'gradient_clip_val': 0.6534961180200539, 'hidden_size': 5, 'dropout': 0.17479509309502544, 'hidden_continuous_size': 5, 'attention_head_size': 2, 'learning_rate': 0.02494570001119972}. Best is trial 0 with value: 150.78269958496094.
[I 2023-12-26 17:23:57,655] Trial 6 finished with value: 150.21534729003906 and parameters: {'gradient_clip_val': 0.1482703961497031, 'hidden_size': 15, 'dropout': 0.37998871915544163, 'hidden_continuous_size': 11, 'attention_head_size': 1, 'learning_rate': 0.01890794477739925}. Best is trial 6 with value: 150.21534729003906.
[I 2023-12-26 17:24:00,812] Trial 7 finished with value: 158.64036560058594 and parameters: {'gradient_clip_val': 0.11643938235579794, 'hidden_size': 29, 'dropout': 0.2994436865146799, 'hidden_continuous_size': 13, 'attention_head_size': 4, 'learning_rate': 0.005227706420198931}. Best is trial 6 with value: 150.21534729003906.
[I 2023-12-26 17:24:04,997] Trial 8 finished with value: 179.66603088378906 and parameters: {'gradient_clip_val': 0.5622236052811124, 'hidden_size': 48, 'dropout': 0.17035273118682817, 'hidden_continuous_size': 7, 'attention_head_size': 3, 'learning_rate': 0.0028598974763463254}. Best is trial 6 with value: 150.21534729003906.
[I 2023-12-26 17:24:07,747] Trial 9 finished with value: 150.9234161376953 and parameters: {'gradient_clip_val': 0.34036504179950544, 'hidden_size': 37, 'dropout': 0.10946683763899748, 'hidden_continuous_size': 11, 'attention_head_size': 4, 'learning_rate': 0.005044560632339047}. Best is trial 6 with value: 150.21534729003906.
[I 2023-12-26 17:24:09,762] Trial 10 finished with value: 144.42135620117188 and parameters: {'gradient_clip_val': 0.19334574915472932, 'hidden_size': 14, 'dropout': 0.4895210123935534, 'hidden_continuous_size': 8, 'attention_head_size': 1, 'learning_rate': 0.09754805090139415}. Best is trial 10 with value: 144.42135620117188.
[I 2023-12-26 17:24:12,058] Trial 11 finished with value: 191.5698699951172 and parameters: {'gradient_clip_val': 0.18796943890540205, 'hidden_size': 14, 'dropout': 0.49965994545730236, 'hidden_continuous_size': 8, 'attention_head_size': 1, 'learning_rate': 0.07700863580568051}. Best is trial 10 with value: 144.42135620117188.
[I 2023-12-26 17:24:14,433] Trial 12 finished with value: 159.8027801513672 and parameters: {'gradient_clip_val': 0.10478873063484627, 'hidden_size': 14, 'dropout': 0.4884902372370507, 'hidden_continuous_size': 9, 'attention_head_size': 1, 'learning_rate': 0.08807391863979631}. Best is trial 10 with value: 144.42135620117188.
[I 2023-12-26 17:24:16,975] Trial 13 finished with value: 186.40501403808594 and parameters: {'gradient_clip_val': 0.18599143527375922, 'hidden_size': 15, 'dropout': 0.41389628897569664, 'hidden_continuous_size': 9, 'attention_head_size': 1, 'learning_rate': 0.0008501819426121033}. Best is trial 10 with value: 144.42135620117188.
[I 2023-12-26 17:24:19,586] Trial 14 finished with value: 187.23704528808594 and parameters: {'gradient_clip_val': 0.148180021996846, 'hidden_size': 18, 'dropout': 0.42787329188634826, 'hidden_continuous_size': 7, 'attention_head_size': 1, 'learning_rate': 0.054007335032478704}. Best is trial 10 with value: 144.42135620117188.
[I 2023-12-26 17:24:21,978] Trial 15 finished with value: 153.9684600830078 and parameters: {'gradient_clip_val': 0.23838506637088788, 'hidden_size': 9, 'dropout': 0.38127719865974286, 'hidden_continuous_size': 6, 'attention_head_size': 2, 'learning_rate': 0.01536407271354529}. Best is trial 10 with value: 144.42135620117188.
[I 2023-12-26 17:24:24,210] Trial 16 finished with value: 164.59228515625 and parameters: {'gradient_clip_val': 0.1322850939122674, 'hidden_size': 21, 'dropout': 0.4623210967494107, 'hidden_continuous_size': 19, 'attention_head_size': 1, 'learning_rate': 0.044972204018339755}. Best is trial 10 with value: 144.42135620117188.
[I 2023-12-26 17:24:26,131] Trial 17 finished with value: 183.94337463378906 and parameters: {'gradient_clip_val': 0.10271775726352522, 'hidden_size': 9, 'dropout': 0.3608905506462454, 'hidden_continuous_size': 6, 'attention_head_size': 1, 'learning_rate': 0.09983394867964168}. Best is trial 10 with value: 144.42135620117188.
[I 2023-12-26 17:24:28,296] Trial 18 finished with value: 164.66163635253906 and parameters: {'gradient_clip_val': 0.21833054969915863, 'hidden_size': 22, 'dropout': 0.4512267710030109, 'hidden_continuous_size': 22, 'attention_head_size': 3, 'learning_rate': 0.015816164591768666}. Best is trial 10 with value: 144.42135620117188.
[I 2023-12-26 17:24:30,663] Trial 19 finished with value: 160.02166748046875 and parameters: {'gradient_clip_val': 0.14224225536683652, 'hidden_size': 10, 'dropout': 0.34169561005879207, 'hidden_continuous_size': 8, 'attention_head_size': 2, 'learning_rate': 0.060364197344048326}. Best is trial 10 with value: 144.42135620117188.
[I 2023-12-26 17:24:33,417] Trial 20 finished with value: 162.7718963623047 and parameters: {'gradient_clip_val': 0.24523687527892485, 'hidden_size': 24, 'dropout': 0.4517117851592116, 'hidden_continuous_size': 13, 'attention_head_size': 1, 'learning_rate': 0.04225342878623116}. Best is trial 10 with value: 144.42135620117188.
[I 2023-12-26 17:24:41,864] Trial 21 finished with value: 153.19288635253906 and parameters: {'gradient_clip_val': 0.9829795002663021, 'hidden_size': 132, 'dropout': 0.26085427038182085, 'hidden_continuous_size': 36, 'attention_head_size': 3, 'learning_rate': 0.02630241043796013}. Best is trial 10 with value: 144.42135620117188.
[I 2023-12-26 17:24:53,519] Trial 22 finished with value: 141.79502868652344 and parameters: {'gradient_clip_val': 0.4733408144644701, 'hidden_size': 132, 'dropout': 0.3862284872784479, 'hidden_continuous_size': 125, 'attention_head_size': 3, 'learning_rate': 0.037586749667095486}. Best is trial 22 with value: 141.79502868652344.
[I 2023-12-26 17:24:58,471] Trial 23 finished with value: 161.11061096191406 and parameters: {'gradient_clip_val': 0.45302820708085373, 'hidden_size': 71, 'dropout': 0.39603607405261565, 'hidden_continuous_size': 66, 'attention_head_size': 3, 'learning_rate': 0.05860063567934257}. Best is trial 22 with value: 141.79502868652344.
[I 2023-12-26 17:25:00,612] Trial 24 finished with value: 196.9132080078125 and parameters: {'gradient_clip_val': 0.27411087123538475, 'hidden_size': 12, 'dropout': 0.38242881702303355, 'hidden_continuous_size': 5, 'attention_head_size': 2, 'learning_rate': 0.015781834453002578}. Best is trial 22 with value: 141.79502868652344.
[I 2023-12-26 17:25:02,968] Trial 25 finished with value: 167.9364776611328 and parameters: {'gradient_clip_val': 0.3384471521268462, 'hidden_size': 18, 'dropout': 0.4307257122175202, 'hidden_continuous_size': 10, 'attention_head_size': 2, 'learning_rate': 0.03939320931430637}. Best is trial 22 with value: 141.79502868652344.
[I 2023-12-26 17:25:05,209] Trial 26 finished with value: 159.0923309326172 and parameters: {'gradient_clip_val': 0.16229612410742017, 'hidden_size': 7, 'dropout': 0.4799598419698934, 'hidden_continuous_size': 5, 'attention_head_size': 3, 'learning_rate': 0.06144115632165027}. Best is trial 22 with value: 141.79502868652344.
[I 2023-12-26 17:25:08,149] Trial 27 finished with value: 161.4598846435547 and parameters: {'gradient_clip_val': 0.20982207816757134, 'hidden_size': 27, 'dropout': 0.4323229205520378, 'hidden_continuous_size': 10, 'attention_head_size': 1, 'learning_rate': 0.0961733485086828}. Best is trial 22 with value: 141.79502868652344.
[I 2023-12-26 17:25:10,660] Trial 28 finished with value: 197.74049377441406 and parameters: {'gradient_clip_val': 0.13471517585555762, 'hidden_size': 11, 'dropout': 0.35348365672620485, 'hidden_continuous_size': 7, 'attention_head_size': 2, 'learning_rate': 0.0361532679153254}. Best is trial 22 with value: 141.79502868652344.
[I 2023-12-26 17:25:23,231] Trial 29 finished with value: 167.49049377441406 and parameters: {'gradient_clip_val': 0.2034195178738421, 'hidden_size': 147, 'dropout': 0.31685326570452743, 'hidden_continuous_size': 96, 'attention_head_size': 3, 'learning_rate': 0.02502226345991877}. Best is trial 22 with value: 141.79502868652344.
[I 2023-12-26 17:25:25,309] Trial 30 finished with value: 153.25721740722656 and parameters: {'gradient_clip_val': 0.16386223298618624, 'hidden_size': 19, 'dropout': 0.4688413732326441, 'hidden_continuous_size': 8, 'attention_head_size': 1, 'learning_rate': 0.020005038413564463}. Best is trial 22 with value: 141.79502868652344.
[I 2023-12-26 17:25:33,563] Trial 31 finished with value: 166.76016235351562 and parameters: {'gradient_clip_val': 0.9417149810798652, 'hidden_size': 119, 'dropout': 0.401946986489964, 'hidden_continuous_size': 17, 'attention_head_size': 3, 'learning_rate': 0.0356405952349185}. Best is trial 22 with value: 141.79502868652344.
[I 2023-12-26 17:25:40,523] Trial 32 finished with value: 170.49143981933594 and parameters: {'gradient_clip_val': 0.2679132427322862, 'hidden_size': 104, 'dropout': 0.41721325310991564, 'hidden_continuous_size': 15, 'attention_head_size': 4, 'learning_rate': 0.06718933935425804}. Best is trial 22 with value: 141.79502868652344.
[I 2023-12-26 17:25:47,039] Trial 33 finished with value: 162.0169219970703 and parameters: {'gradient_clip_val': 0.3002714839408731, 'hidden_size': 91, 'dropout': 0.3797041472573973, 'hidden_continuous_size': 24, 'attention_head_size': 3, 'learning_rate': 0.01085713101744752}. Best is trial 22 with value: 141.79502868652344.
[I 2023-12-26 17:25:57,273] Trial 34 finished with value: 165.25823974609375 and parameters: {'gradient_clip_val': 0.40428866816949405, 'hidden_size': 147, 'dropout': 0.44128326189956263, 'hidden_continuous_size': 29, 'attention_head_size': 3, 'learning_rate': 0.03176572976413375}. Best is trial 22 with value: 141.79502868652344.
[I 2023-12-26 17:26:03,060] Trial 35 finished with value: 144.518310546875 and parameters: {'gradient_clip_val': 0.5881077604240893, 'hidden_size': 82, 'dropout': 0.47717617897119213, 'hidden_continuous_size': 15, 'attention_head_size': 2, 'learning_rate': 0.047189002056427745}. Best is trial 22 with value: 141.79502868652344.
[I 2023-12-26 17:26:09,262] Trial 36 finished with value: 170.38616943359375 and parameters: {'gradient_clip_val': 0.8104301582417802, 'hidden_size': 85, 'dropout': 0.4687576969731859, 'hidden_continuous_size': 14, 'attention_head_size': 2, 'learning_rate': 0.05159583775656727}. Best is trial 22 with value: 141.79502868652344.
[I 2023-12-26 17:26:13,153] Trial 37 finished with value: 149.214599609375 and parameters: {'gradient_clip_val': 0.5421508687692742, 'hidden_size': 50, 'dropout': 0.4993336968193475, 'hidden_continuous_size': 12, 'attention_head_size': 2, 'learning_rate': 0.07023229768676616}. Best is trial 22 with value: 141.79502868652344.
[I 2023-12-26 17:26:17,390] Trial 38 finished with value: 138.16949462890625 and parameters: {'gradient_clip_val': 0.5567203808786658, 'hidden_size': 60, 'dropout': 0.49102984211435685, 'hidden_continuous_size': 12, 'attention_head_size': 2, 'learning_rate': 0.07680379537389179}. Best is trial 38 with value: 138.16949462890625.
[I 2023-12-26 17:26:24,983] Trial 39 finished with value: 138.01734924316406 and parameters: {'gradient_clip_val': 0.6736889294407826, 'hidden_size': 107, 'dropout': 0.4800733704777648, 'hidden_continuous_size': 18, 'attention_head_size': 2, 'learning_rate': 0.07859821142051525}. Best is trial 39 with value: 138.01734924316406.
[I 2023-12-26 17:26:34,456] Trial 40 finished with value: 168.6726837158203 and parameters: {'gradient_clip_val': 0.7638243921062011, 'hidden_size': 117, 'dropout': 0.45259332348562237, 'hidden_continuous_size': 115, 'attention_head_size': 2, 'learning_rate': 0.0802454566901389}. Best is trial 39 with value: 138.01734924316406.
[I 2023-12-26 17:26:41,414] Trial 41 finished with value: 171.85655212402344 and parameters: {'gradient_clip_val': 0.6226844449294751, 'hidden_size': 98, 'dropout': 0.48131578577640916, 'hidden_continuous_size': 16, 'attention_head_size': 2, 'learning_rate': 0.046218632940859324}. Best is trial 39 with value: 138.01734924316406.
[I 2023-12-26 17:26:46,898] Trial 42 finished with value: 152.297119140625 and parameters: {'gradient_clip_val': 0.7016382903841188, 'hidden_size': 80, 'dropout': 0.4779627447616695, 'hidden_continuous_size': 17, 'attention_head_size': 2, 'learning_rate': 0.09972258127727548}. Best is trial 39 with value: 138.01734924316406.
[I 2023-12-26 17:26:51,865] Trial 43 finished with value: 157.81076049804688 and parameters: {'gradient_clip_val': 0.5180615765178899, 'hidden_size': 65, 'dropout': 0.49932743956446235, 'hidden_continuous_size': 14, 'attention_head_size': 2, 'learning_rate': 0.07331441776263362}. Best is trial 39 with value: 138.01734924316406.
[I 2023-12-26 17:27:00,238] Trial 44 finished with value: 153.4003143310547 and parameters: {'gradient_clip_val': 0.6081826746936856, 'hidden_size': 118, 'dropout': 0.4615603987226631, 'hidden_continuous_size': 11, 'attention_head_size': 2, 'learning_rate': 0.050129282368526026}. Best is trial 39 with value: 138.01734924316406.
[I 2023-12-26 17:27:04,342] Trial 45 finished with value: 168.49717712402344 and parameters: {'gradient_clip_val': 0.6760449908593983, 'hidden_size': 59, 'dropout': 0.4428443215576017, 'hidden_continuous_size': 12, 'attention_head_size': 2, 'learning_rate': 0.07549756745591261}. Best is trial 39 with value: 138.01734924316406.
[I 2023-12-26 17:27:10,110] Trial 46 finished with value: 208.89808654785156 and parameters: {'gradient_clip_val': 0.4908483153964008, 'hidden_size': 80, 'dropout': 0.4851055484650889, 'hidden_continuous_size': 20, 'attention_head_size': 4, 'learning_rate': 0.032298154509326965}. Best is trial 39 with value: 138.01734924316406.
[I 2023-12-26 17:27:17,237] Trial 47 finished with value: 186.21998596191406 and parameters: {'gradient_clip_val': 0.5876030728206265, 'hidden_size': 99, 'dropout': 0.4155820317978229, 'hidden_continuous_size': 18, 'attention_head_size': 3, 'learning_rate': 0.05562652376803569}. Best is trial 39 with value: 138.01734924316406.
[I 2023-12-26 17:27:20,169] Trial 48 finished with value: 197.05516052246094 and parameters: {'gradient_clip_val': 0.6443194223012139, 'hidden_size': 34, 'dropout': 0.4673382791525094, 'hidden_continuous_size': 14, 'attention_head_size': 2, 'learning_rate': 0.0804334957905077}. Best is trial 39 with value: 138.01734924316406.
[I 2023-12-26 17:27:27,836] Trial 49 finished with value: 159.6568603515625 and parameters: {'gradient_clip_val': 0.5605761422351345, 'hidden_size': 107, 'dropout': 0.43765013660444724, 'hidden_continuous_size': 16, 'attention_head_size': 1, 'learning_rate': 0.03818451335836276}. Best is trial 39 with value: 138.01734924316406.
[I 2023-12-26 17:27:27,969] A new study created in memory with name: no-name-55e8a8ab-1f18-4431-9fb1-c804d004b0c9
/home/le004/conda/anaconda3/envs/tsff_env/lib/python3.9/site-packages/lightning/fabric/plugins/environments/slurm.py:191: The `srun` command is available on your system but is not used. HINT: If your intention is to run Lightning on SLURM, prepend your python command with `srun` like so: srun python /home/le004/master_thesis/git/TSFusionForecast/code/ ...
[I 2023-12-26 17:34:03,153] Trial 0 finished with value: 152.55946350097656 and parameters: {'gradient_clip_val': 0.2142242246026661, 'hidden_size': 84, 'dropout': 0.45339286727935557, 'hidden_continuous_size': 8, 'attention_head_size': 2, 'learning_rate': 0.009216882863063944}. Best is trial 0 with value: 152.55946350097656.
[I 2023-12-26 17:34:05,789] Trial 1 finished with value: 210.81805419921875 and parameters: {'gradient_clip_val': 0.17847743420838694, 'hidden_size': 36, 'dropout': 0.1286299811967808, 'hidden_continuous_size': 34, 'attention_head_size': 3, 'learning_rate': 0.08252439654390376}. Best is trial 0 with value: 152.55946350097656.
[I 2023-12-26 17:34:08,001] Trial 2 finished with value: 257.9714660644531 and parameters: {'gradient_clip_val': 0.5714373898601782, 'hidden_size': 20, 'dropout': 0.13876562087796526, 'hidden_continuous_size': 15, 'attention_head_size': 4, 'learning_rate': 0.001191232226100478}. Best is trial 0 with value: 152.55946350097656.
[I 2023-12-26 17:34:09,976] Trial 3 finished with value: 205.6894073486328 and parameters: {'gradient_clip_val': 0.14609876708315297, 'hidden_size': 11, 'dropout': 0.34744058827865776, 'hidden_continuous_size': 5, 'attention_head_size': 3, 'learning_rate': 0.000988602087787251}. Best is trial 0 with value: 152.55946350097656.
[I 2023-12-26 17:34:12,816] Trial 4 finished with value: 185.25506591796875 and parameters: {'gradient_clip_val': 0.5594257028333153, 'hidden_size': 42, 'dropout': 0.47716433080793064, 'hidden_continuous_size': 31, 'attention_head_size': 2, 'learning_rate': 0.00475567914130802}. Best is trial 0 with value: 152.55946350097656.
[I 2023-12-26 17:34:20,132] Trial 5 finished with value: 213.2344207763672 and parameters: {'gradient_clip_val': 0.32904845469815897, 'hidden_size': 116, 'dropout': 0.12198071956629862, 'hidden_continuous_size': 69, 'attention_head_size': 2, 'learning_rate': 0.002688672024231958}. Best is trial 0 with value: 152.55946350097656.
[I 2023-12-26 17:34:22,166] Trial 6 finished with value: 246.41331481933594 and parameters: {'gradient_clip_val': 0.15390043436527479, 'hidden_size': 14, 'dropout': 0.30030127757567615, 'hidden_continuous_size': 10, 'attention_head_size': 1, 'learning_rate': 0.0008981624943555489}. Best is trial 0 with value: 152.55946350097656.
[I 2023-12-26 17:34:24,048] Trial 7 finished with value: 197.1441192626953 and parameters: {'gradient_clip_val': 0.2944883823798822, 'hidden_size': 7, 'dropout': 0.380664884520148, 'hidden_continuous_size': 6, 'attention_head_size': 3, 'learning_rate': 0.08230596160423621}. Best is trial 0 with value: 152.55946350097656.
[I 2023-12-26 17:34:32,636] Trial 8 finished with value: 244.1105499267578 and parameters: {'gradient_clip_val': 0.8462162158162919, 'hidden_size': 127, 'dropout': 0.19621506023437837, 'hidden_continuous_size': 116, 'attention_head_size': 4, 'learning_rate': 0.001483421163117796}. Best is trial 0 with value: 152.55946350097656.
[I 2023-12-26 17:34:40,343] Trial 9 finished with value: 213.0702362060547 and parameters: {'gradient_clip_val': 0.7043704429176031, 'hidden_size': 132, 'dropout': 0.13909310126436775, 'hidden_continuous_size': 11, 'attention_head_size': 1, 'learning_rate': 0.001597779914259166}. Best is trial 0 with value: 152.55946350097656.
[I 2023-12-26 17:34:44,041] Trial 10 finished with value: 231.87559509277344 and parameters: {'gradient_clip_val': 0.10045378331646362, 'hidden_size': 62, 'dropout': 0.49668323630147654, 'hidden_continuous_size': 7, 'attention_head_size': 2, 'learning_rate': 0.010803497661549215}. Best is trial 0 with value: 152.55946350097656.
