[I 2023-12-26 16:55:37,994] Trial 1 finished with value: 3.333425283432007 and parameters: {'gradient_clip_val': 0.6468684130237797, 'hidden_size': 10, 'dropout': 0.28981730160598995, 'hidden_continuous_size': 6, 'attention_head_size': 1, 'learning_rate': 0.007419668689108569}. Best is trial 0 with value: 0.05959201976656914.
[I 2023-12-26 16:55:40,839] Trial 2 finished with value: 3.9612834453582764 and parameters: {'gradient_clip_val': 0.25072354644807315, 'hidden_size': 34, 'dropout': 0.24391512373001054, 'hidden_continuous_size': 19, 'attention_head_size': 2, 'learning_rate': 0.0005279555289731936}. Best is trial 0 with value: 0.05959201976656914.
[I 2023-12-26 16:55:48,166] Trial 3 finished with value: 2.7763843536376953 and parameters: {'gradient_clip_val': 0.11909148572437113, 'hidden_size': 105, 'dropout': 0.1476275561461113, 'hidden_continuous_size': 29, 'attention_head_size': 2, 'learning_rate': 0.07553629695301034}. Best is trial 0 with value: 0.05959201976656914.
[I 2023-12-26 16:55:50,183] Trial 4 finished with value: 3.2841732501983643 and parameters: {'gradient_clip_val': 0.18527705200062775, 'hidden_size': 16, 'dropout': 0.3124643463633188, 'hidden_continuous_size': 5, 'attention_head_size': 3, 'learning_rate': 0.04016863402536143}. Best is trial 0 with value: 0.05959201976656914.
[I 2023-12-26 16:55:52,506] Trial 5 finished with value: 3.3740074634552 and parameters: {'gradient_clip_val': 0.3832830767316391, 'hidden_size': 22, 'dropout': 0.37981746945710526, 'hidden_continuous_size': 17, 'attention_head_size': 1, 'learning_rate': 0.015771812998543727}. Best is trial 0 with value: 0.05959201976656914.
[I 2023-12-26 16:55:54,483] Trial 6 finished with value: 4.14824914932251 and parameters: {'gradient_clip_val': 0.3852138179909017, 'hidden_size': 7, 'dropout': 0.17360509787895106, 'hidden_continuous_size': 6, 'attention_head_size': 3, 'learning_rate': 0.06356960036467264}. Best is trial 0 with value: 0.05959201976656914.
[I 2023-12-26 16:55:56,324] Trial 7 finished with value: 3.36612606048584 and parameters: {'gradient_clip_val': 0.14027179472670465, 'hidden_size': 6, 'dropout': 0.2861767129362639, 'hidden_continuous_size': 6, 'attention_head_size': 4, 'learning_rate': 0.08169074185158717}. Best is trial 0 with value: 0.05959201976656914.
[I 2023-12-26 16:55:58,105] Trial 8 finished with value: 3.4472849369049072 and parameters: {'gradient_clip_val': 0.342313246735538, 'hidden_size': 5, 'dropout': 0.16342714265689198, 'hidden_continuous_size': 5, 'attention_head_size': 2, 'learning_rate': 0.017353993035934684}. Best is trial 0 with value: 0.05959201976656914.
[I 2023-12-26 16:56:00,280] Trial 9 finished with value: 2.9498202800750732 and parameters: {'gradient_clip_val': 0.3442779471994183, 'hidden_size': 14, 'dropout': 0.3444924236504593, 'hidden_continuous_size': 5, 'attention_head_size': 3, 'learning_rate': 0.002667289682587015}. Best is trial 0 with value: 0.05959201976656914.
[I 2023-12-26 16:56:03,279] Trial 10 finished with value: 3.067747116088867 and parameters: {'gradient_clip_val': 0.10454641734479875, 'hidden_size': 41, 'dropout': 0.47643160446546473, 'hidden_continuous_size': 10, 'attention_head_size': 4, 'learning_rate': 0.029180649371042307}. Best is trial 0 with value: 0.05959201976656914.
[I 2023-12-26 16:56:11,482] Trial 11 finished with value: 2.6006577014923096 and parameters: {'gradient_clip_val': 0.10805260977196045, 'hidden_size': 113, 'dropout': 0.1338573804832578, 'hidden_continuous_size': 42, 'attention_head_size': 2, 'learning_rate': 0.09403360277633808}. Best is trial 0 with value: 0.05959201976656914.
[I 2023-12-26 16:56:20,150] Trial 12 finished with value: 2.3781816959381104 and parameters: {'gradient_clip_val': 0.16250981079859542, 'hidden_size': 119, 'dropout': 0.1202730219124368, 'hidden_continuous_size': 60, 'attention_head_size': 4, 'learning_rate': 0.08298172457975887}. Best is trial 0 with value: 0.05959201976656914.
[I 2023-12-26 16:56:24,921] Trial 13 finished with value: 2.8087332248687744 and parameters: {'gradient_clip_val': 0.17049058213371973, 'hidden_size': 67, 'dropout': 0.10419062351130876, 'hidden_continuous_size': 67, 'attention_head_size': 4, 'learning_rate': 0.03651882506528677}. Best is trial 0 with value: 0.05959201976656914.
[I 2023-12-26 16:56:28,442] Trial 14 finished with value: 3.5430548191070557 and parameters: {'gradient_clip_val': 0.20772414762736452, 'hidden_size': 51, 'dropout': 0.21410195487597006, 'hidden_continuous_size': 11, 'attention_head_size': 4, 'learning_rate': 0.0920653221316007}. Best is trial 0 with value: 0.05959201976656914.
[I 2023-12-26 16:56:39,617] Trial 15 finished with value: 1.8870397806167603 and parameters: {'gradient_clip_val': 0.15081095824067298, 'hidden_size': 145, 'dropout': 0.10251538642369479, 'hidden_continuous_size': 118, 'attention_head_size': 4, 'learning_rate': 0.036793667669355115}. Best is trial 0 with value: 0.05959201976656914.
[I 2023-12-26 16:56:42,115] Trial 16 finished with value: 3.937371015548706 and parameters: {'gradient_clip_val': 0.2445922252122411, 'hidden_size': 26, 'dropout': 0.21503082489335143, 'hidden_continuous_size': 8, 'attention_head_size': 3, 'learning_rate': 0.02522812976380432}. Best is trial 0 with value: 0.05959201976656914.
[I 2023-12-26 16:56:53,534] Trial 17 finished with value: 3.2400903701782227 and parameters: {'gradient_clip_val': 0.13922453630553586, 'hidden_size': 146, 'dropout': 0.18941934108494643, 'hidden_continuous_size': 137, 'attention_head_size': 4, 'learning_rate': 0.011391862148499724}. Best is trial 0 with value: 0.05959201976656914.
[I 2023-12-26 16:56:58,677] Trial 18 finished with value: 4.374431610107422 and parameters: {'gradient_clip_val': 0.141146687978806, 'hidden_size': 73, 'dropout': 0.10324916309580151, 'hidden_continuous_size': 15, 'attention_head_size': 3, 'learning_rate': 0.05035136920786144}. Best is trial 0 with value: 0.05959201976656914.
[I 2023-12-26 16:57:01,416] Trial 19 finished with value: 4.1491899490356445 and parameters: {'gradient_clip_val': 0.2263074421185, 'hidden_size': 33, 'dropout': 0.2452345968333438, 'hidden_continuous_size': 9, 'attention_head_size': 4, 'learning_rate': 0.04421609325679976}. Best is trial 0 with value: 0.05959201976656914.
[I 2023-12-26 16:57:03,692] Trial 20 finished with value: 2.9190101623535156 and parameters: {'gradient_clip_val': 0.28092892018878074, 'hidden_size': 19, 'dropout': 0.13651390739662592, 'hidden_continuous_size': 7, 'attention_head_size': 3, 'learning_rate': 0.02339774780617603}. Best is trial 0 with value: 0.05959201976656914.
[I 2023-12-26 16:57:13,864] Trial 21 finished with value: 2.8000195026397705 and parameters: {'gradient_clip_val': 0.18306206457320706, 'hidden_size': 140, 'dropout': 0.1010270836518207, 'hidden_continuous_size': 93, 'attention_head_size': 4, 'learning_rate': 0.04860014931926157}. Best is trial 0 with value: 0.05959201976656914.
[I 2023-12-26 16:57:19,690] Trial 22 finished with value: 3.0814273357391357 and parameters: {'gradient_clip_val': 0.16326743512934447, 'hidden_size': 83, 'dropout': 0.17760784633267707, 'hidden_continuous_size': 27, 'attention_head_size': 4, 'learning_rate': 0.058269319714545006}. Best is trial 0 with value: 0.05959201976656914.
[I 2023-12-26 16:57:23,439] Trial 23 finished with value: 2.49644136428833 and parameters: {'gradient_clip_val': 0.12459463356002641, 'hidden_size': 53, 'dropout': 0.1395300447565725, 'hidden_continuous_size': 13, 'attention_head_size': 4, 'learning_rate': 0.09352768508202479}. Best is trial 0 with value: 0.05959201976656914.
[I 2023-12-26 16:57:30,444] Trial 24 finished with value: 1.7415733337402344 and parameters: {'gradient_clip_val': 0.15749043753864272, 'hidden_size': 97, 'dropout': 0.1935786590677963, 'hidden_continuous_size': 49, 'attention_head_size': 4, 'learning_rate': 0.034989631833704134}. Best is trial 0 with value: 0.05959201976656914.
[I 2023-12-26 16:57:36,489] Trial 25 finished with value: 3.470491647720337 and parameters: {'gradient_clip_val': 0.10157015881140494, 'hidden_size': 85, 'dropout': 0.19915473570123676, 'hidden_continuous_size': 26, 'attention_head_size': 3, 'learning_rate': 0.030217388309565323}. Best is trial 0 with value: 0.05959201976656914.
[I 2023-12-26 16:57:43,896] Trial 26 finished with value: 2.780977249145508 and parameters: {'gradient_clip_val': 0.20076061777999485, 'hidden_size': 105, 'dropout': 0.14670355664649756, 'hidden_continuous_size': 34, 'attention_head_size': 4, 'learning_rate': 0.04867077288893195}. Best is trial 0 with value: 0.05959201976656914.
[I 2023-12-26 16:57:53,395] Trial 27 finished with value: 3.8909108638763428 and parameters: {'gradient_clip_val': 0.15008210216969134, 'hidden_size': 144, 'dropout': 0.24334518351584006, 'hidden_continuous_size': 19, 'attention_head_size': 3, 'learning_rate': 0.021160254774596945}. Best is trial 0 with value: 0.05959201976656914.
[I 2023-12-26 16:57:57,794] Trial 28 finished with value: 3.513165235519409 and parameters: {'gradient_clip_val': 0.1265226817976842, 'hidden_size': 59, 'dropout': 0.16994733209359214, 'hidden_continuous_size': 22, 'attention_head_size': 4, 'learning_rate': 0.0347269950636983}. Best is trial 0 with value: 0.05959201976656914.
[I 2023-12-26 16:57:59,852] Trial 29 finished with value: 3.2811498641967773 and parameters: {'gradient_clip_val': 0.831820896524797, 'hidden_size': 12, 'dropout': 0.21355933916297834, 'hidden_continuous_size': 8, 'attention_head_size': 1, 'learning_rate': 0.009707486223105844}. Best is trial 0 with value: 0.05959201976656914.
[I 2023-12-26 16:58:01,969] Trial 30 finished with value: 3.333979606628418 and parameters: {'gradient_clip_val': 0.19579957065666484, 'hidden_size': 9, 'dropout': 0.16212150805489894, 'hidden_continuous_size': 7, 'attention_head_size': 4, 'learning_rate': 0.06301361297553779}. Best is trial 0 with value: 0.05959201976656914.
[I 2023-12-26 16:58:08,650] Trial 31 finished with value: 1.9327446222305298 and parameters: {'gradient_clip_val': 0.1602270852687781, 'hidden_size': 93, 'dropout': 0.1268863533211428, 'hidden_continuous_size': 48, 'attention_head_size': 4, 'learning_rate': 0.065775728470224}. Best is trial 0 with value: 0.05959201976656914.
[I 2023-12-26 16:58:15,138] Trial 32 finished with value: 2.8453896045684814 and parameters: {'gradient_clip_val': 0.16017316709553214, 'hidden_size': 90, 'dropout': 0.11992438420634019, 'hidden_continuous_size': 42, 'attention_head_size': 4, 'learning_rate': 0.06460536613250557}. Best is trial 0 with value: 0.05959201976656914.
[I 2023-12-26 16:58:21,677] Trial 33 finished with value: 3.481076240539551 and parameters: {'gradient_clip_val': 0.1208793065524155, 'hidden_size': 96, 'dropout': 0.14867395996038937, 'hidden_continuous_size': 22, 'attention_head_size': 4, 'learning_rate': 0.032628489295722624}. Best is trial 0 with value: 0.05959201976656914.
[I 2023-12-26 16:58:26,947] Trial 34 finished with value: 3.096165895462036 and parameters: {'gradient_clip_val': 0.21819186001716387, 'hidden_size': 71, 'dropout': 0.18494273731549418, 'hidden_continuous_size': 35, 'attention_head_size': 3, 'learning_rate': 0.045250193600275226}. Best is trial 0 with value: 0.05959201976656914.
[I 2023-12-26 16:58:35,416] Trial 35 finished with value: 2.9425508975982666 and parameters: {'gradient_clip_val': 0.18748873098151858, 'hidden_size': 117, 'dropout': 0.12653077521519074, 'hidden_continuous_size': 56, 'attention_head_size': 4, 'learning_rate': 0.0619684777278319}. Best is trial 0 with value: 0.05959201976656914.
[I 2023-12-26 16:58:38,602] Trial 36 finished with value: 2.7503089904785156 and parameters: {'gradient_clip_val': 0.26002582161246635, 'hidden_size': 40, 'dropout': 0.15720469955836186, 'hidden_continuous_size': 15, 'attention_head_size': 3, 'learning_rate': 0.03742249912235481}. Best is trial 0 with value: 0.05959201976656914.
[I 2023-12-26 16:58:47,761] Trial 37 finished with value: 2.664609909057617 and parameters: {'gradient_clip_val': 0.13692344147194285, 'hidden_size': 124, 'dropout': 0.2412165535572356, 'hidden_continuous_size': 75, 'attention_head_size': 4, 'learning_rate': 0.07552188537770746}. Best is trial 0 with value: 0.05959201976656914.
[I 2023-12-26 16:58:54,809] Trial 38 finished with value: 2.5823097229003906 and parameters: {'gradient_clip_val': 0.1668609424191451, 'hidden_size': 99, 'dropout': 0.1975467580208764, 'hidden_continuous_size': 49, 'attention_head_size': 2, 'learning_rate': 0.018814457132424772}. Best is trial 0 with value: 0.05959201976656914.
[I 2023-12-26 16:58:57,159] Trial 39 finished with value: 3.4567947387695312 and parameters: {'gradient_clip_val': 0.11482253030566308, 'hidden_size': 19, 'dropout': 0.16210204775593456, 'hidden_continuous_size': 14, 'attention_head_size': 4, 'learning_rate': 0.014669093384508591}. Best is trial 0 with value: 0.05959201976656914.
[I 2023-12-26 16:59:02,536] Trial 40 finished with value: 3.7958545684814453 and parameters: {'gradient_clip_val': 0.14750619119616523, 'hidden_size': 80, 'dropout': 0.2721859789547384, 'hidden_continuous_size': 33, 'attention_head_size': 1, 'learning_rate': 0.09945347590821485}. Best is trial 0 with value: 0.05959201976656914.
[I 2023-12-26 16:59:11,428] Trial 41 finished with value: 2.307162046432495 and parameters: {'gradient_clip_val': 0.18026300459906291, 'hidden_size': 128, 'dropout': 0.11356937602988244, 'hidden_continuous_size': 61, 'attention_head_size': 4, 'learning_rate': 0.0738182543650602}. Best is trial 0 with value: 0.05959201976656914.
[I 2023-12-26 16:59:18,719] Trial 42 finished with value: 3.051612615585327 and parameters: {'gradient_clip_val': 0.17807917874397136, 'hidden_size': 102, 'dropout': 0.1208314642863674, 'hidden_continuous_size': 49, 'attention_head_size': 4, 'learning_rate': 0.0646036024836593}. Best is trial 0 with value: 0.05959201976656914.
[I 2023-12-26 16:59:29,502] Trial 43 finished with value: 2.1623318195343018 and parameters: {'gradient_clip_val': 0.21090530964808132, 'hidden_size': 149, 'dropout': 0.1515409347085891, 'hidden_continuous_size': 78, 'attention_head_size': 4, 'learning_rate': 0.02807763970302553}. Best is trial 0 with value: 0.05959201976656914.
[I 2023-12-26 16:59:40,160] Trial 44 finished with value: 2.268066167831421 and parameters: {'gradient_clip_val': 0.22379084023021062, 'hidden_size': 148, 'dropout': 0.13655685086110642, 'hidden_continuous_size': 83, 'attention_head_size': 4, 'learning_rate': 0.026144105453584466}. Best is trial 0 with value: 0.05959201976656914.
[I 2023-12-26 16:59:48,576] Trial 45 finished with value: 2.8846826553344727 and parameters: {'gradient_clip_val': 0.20520437319194793, 'hidden_size': 112, 'dropout': 0.17388536859351555, 'hidden_continuous_size': 94, 'attention_head_size': 4, 'learning_rate': 0.03519577025884834}. Best is trial 0 with value: 0.05959201976656914.
[I 2023-12-26 16:59:58,500] Trial 46 finished with value: 3.3829071521759033 and parameters: {'gradient_clip_val': 0.1559652205817241, 'hidden_size': 126, 'dropout': 0.15164846303639873, 'hidden_continuous_size': 110, 'attention_head_size': 3, 'learning_rate': 0.028729135199268046}. Best is trial 0 with value: 0.05959201976656914.
[I 2023-12-26 17:00:09,294] Trial 47 finished with value: 2.6460065841674805 and parameters: {'gradient_clip_val': 0.13151464941026542, 'hidden_size': 150, 'dropout': 0.1258034654772534, 'hidden_continuous_size': 73, 'attention_head_size': 4, 'learning_rate': 0.04293965559504985}. Best is trial 0 with value: 0.05959201976656914.
[I 2023-12-26 17:00:17,204] Trial 48 finished with value: 2.7601754665374756 and parameters: {'gradient_clip_val': 0.14801844505888812, 'hidden_size': 105, 'dropout': 0.10026265497638631, 'hidden_continuous_size': 73, 'attention_head_size': 4, 'learning_rate': 0.021294148586363956}. Best is trial 0 with value: 0.05959201976656914.
[I 2023-12-26 17:00:21,884] Trial 49 finished with value: 2.2911365032196045 and parameters: {'gradient_clip_val': 0.11202745173032892, 'hidden_size': 62, 'dropout': 0.17396119536222598, 'hidden_continuous_size': 47, 'attention_head_size': 3, 'learning_rate': 0.05038761490557981}. Best is trial 0 with value: 0.05959201976656914.
[I 2023-12-26 17:00:22,013] A new study created in memory with name: no-name-6bdfbdab-00c4-4a0d-b6b1-5c9007db3572
/home/le004/conda/anaconda3/envs/tsff_env/lib/python3.9/site-packages/lightning/fabric/plugins/environments/slurm.py:191: The `srun` command is available on your system but is not used. HINT: If your intention is to run Lightning on SLURM, prepend your python command with `srun` like so: srun python /home/le004/master_thesis/git/TSFusionForecast/code/ ...
[I 2023-12-26 17:04:01,218] Trial 0 finished with value: 0.07473975419998169 and parameters: {'gradient_clip_val': 0.32233586379084367, 'hidden_size': 7, 'dropout': 0.1577223866584368, 'hidden_continuous_size': 6, 'attention_head_size': 2, 'learning_rate': 0.04981060284861438}. Best is trial 0 with value: 0.07473975419998169.
[I 2023-12-26 17:04:03,139] Trial 1 finished with value: 3.267038345336914 and parameters: {'gradient_clip_val': 0.13669381187242802, 'hidden_size': 6, 'dropout': 0.4573184931744033, 'hidden_continuous_size': 5, 'attention_head_size': 4, 'learning_rate': 0.014047249132511742}. Best is trial 0 with value: 0.07473975419998169.
[I 2023-12-26 17:04:06,930] Trial 2 finished with value: 4.3829498291015625 and parameters: {'gradient_clip_val': 0.3142718758918572, 'hidden_size': 68, 'dropout': 0.20639247426935012, 'hidden_continuous_size': 12, 'attention_head_size': 2, 'learning_rate': 0.0005782452979570718}. Best is trial 0 with value: 0.07473975419998169.
[I 2023-12-26 17:04:08,878] Trial 3 finished with value: 3.3428990840911865 and parameters: {'gradient_clip_val': 0.16632978464156717, 'hidden_size': 11, 'dropout': 0.2734782395263332, 'hidden_continuous_size': 6, 'attention_head_size': 1, 'learning_rate': 0.027328415568655496}. Best is trial 0 with value: 0.07473975419998169.
[I 2023-12-26 17:04:10,813] Trial 4 finished with value: 3.3730099201202393 and parameters: {'gradient_clip_val': 0.17398839546665518, 'hidden_size': 16, 'dropout': 0.3651828428467814, 'hidden_continuous_size': 11, 'attention_head_size': 2, 'learning_rate': 0.00348672934499544}. Best is trial 0 with value: 0.07473975419998169.
[I 2023-12-26 17:04:15,628] Trial 5 finished with value: 2.894035577774048 and parameters: {'gradient_clip_val': 0.19411707384638177, 'hidden_size': 81, 'dropout': 0.23569905081392226, 'hidden_continuous_size': 38, 'attention_head_size': 4, 'learning_rate': 0.08989703667040072}. Best is trial 0 with value: 0.07473975419998169.
[I 2023-12-26 17:04:17,674] Trial 6 finished with value: 3.8578879833221436 and parameters: {'gradient_clip_val': 0.1698642013302137, 'hidden_size': 12, 'dropout': 0.42991980932569485, 'hidden_continuous_size': 10, 'attention_head_size': 4, 'learning_rate': 0.024382715661121254}. Best is trial 0 with value: 0.07473975419998169.
[I 2023-12-26 17:04:21,189] Trial 7 finished with value: 3.5459156036376953 and parameters: {'gradient_clip_val': 0.7323962160770859, 'hidden_size': 62, 'dropout': 0.24503658450786303, 'hidden_continuous_size': 10, 'attention_head_size': 3, 'learning_rate': 0.0189626679758964}. Best is trial 0 with value: 0.07473975419998169.
[I 2023-12-26 17:04:26,565] Trial 8 finished with value: 4.319406986236572 and parameters: {'gradient_clip_val': 0.2536074229690804, 'hidden_size': 90, 'dropout': 0.11469061686058156, 'hidden_continuous_size': 9, 'attention_head_size': 2, 'learning_rate': 0.015871658598195466}. Best is trial 0 with value: 0.07473975419998169.
[I 2023-12-26 17:04:28,937] Trial 9 finished with value: 3.0937271118164062 and parameters: {'gradient_clip_val': 0.10259787650784147, 'hidden_size': 28, 'dropout': 0.1518895021051804, 'hidden_continuous_size': 9, 'attention_head_size': 3, 'learning_rate': 0.0010696828641944313}. Best is trial 0 with value: 0.07473975419998169.
[I 2023-12-26 17:04:30,636] Trial 10 finished with value: 4.862086772918701 and parameters: {'gradient_clip_val': 0.4404064056664026, 'hidden_size': 5, 'dropout': 0.3293870000232574, 'hidden_continuous_size': 5, 'attention_head_size': 1, 'learning_rate': 0.06924006601762392}. Best is trial 0 with value: 0.07473975419998169.
[I 2023-12-26 17:04:39,468] Trial 11 finished with value: 2.130070686340332 and parameters: {'gradient_clip_val': 0.2634370102768465, 'hidden_size': 146, 'dropout': 0.18878158523133537, 'hidden_continuous_size': 49, 'attention_head_size': 3, 'learning_rate': 0.09533984900161621}. Best is trial 0 with value: 0.07473975419998169.
[I 2023-12-26 17:04:48,995] Trial 12 finished with value: 2.2537763118743896 and parameters: {'gradient_clip_val': 0.40934914219067303, 'hidden_size': 149, 'dropout': 0.17150854386392603, 'hidden_continuous_size': 84, 'attention_head_size': 3, 'learning_rate': 0.09655936564691274}. Best is trial 0 with value: 0.07473975419998169.
[I 2023-12-26 17:04:51,550] Trial 13 finished with value: 2.551248788833618 and parameters: {'gradient_clip_val': 0.2628907956383751, 'hidden_size': 31, 'dropout': 0.12167982201733374, 'hidden_continuous_size': 15, 'attention_head_size': 2, 'learning_rate': 0.046786807866649585}. Best is trial 0 with value: 0.07473975419998169.
[I 2023-12-26 17:04:54,473] Trial 14 finished with value: 3.167131185531616 and parameters: {'gradient_clip_val': 0.43466331099814565, 'hidden_size': 46, 'dropout': 0.18134157888266839, 'hidden_continuous_size': 18, 'attention_head_size': 3, 'learning_rate': 0.0408180183050503}. Best is trial 0 with value: 0.07473975419998169.
[I 2023-12-26 17:05:03,032] Trial 15 finished with value: 3.0429131984710693 and parameters: {'gradient_clip_val': 0.7203912593312223, 'hidden_size': 141, 'dropout': 0.20769196803626327, 'hidden_continuous_size': 26, 'attention_head_size': 1, 'learning_rate': 0.007631791146032443}. Best is trial 0 with value: 0.07473975419998169.
