[I 2023-12-15 18:14:43,275] Trial 27 finished with value: 180.17945861816406 and parameters: {'gradient_clip_val': 0.13976007366305032, 'hidden_size': 10, 'dropout': 0.15240550750293225, 'hidden_continuous_size': 6, 'attention_head_size': 3, 'learning_rate': 0.0007856561249749089}. Best is trial 24 with value: 69.7392578125.
LOCAL_RANK: 0 - CUDA_VISIBLE_DEVICES: [0]
[I 2023-12-15 18:15:28,791] Trial 28 finished with value: 254.3888702392578 and parameters: {'gradient_clip_val': 0.10040328521254217, 'hidden_size': 9, 'dropout': 0.2032405796624301, 'hidden_continuous_size': 6, 'attention_head_size': 3, 'learning_rate': 0.0006579639954590325}. Best is trial 24 with value: 69.7392578125.
LOCAL_RANK: 0 - CUDA_VISIBLE_DEVICES: [0]
[I 2023-12-15 18:16:14,236] Trial 29 finished with value: 136.81671142578125 and parameters: {'gradient_clip_val': 0.11360290455941748, 'hidden_size': 11, 'dropout': 0.11345433912401144, 'hidden_continuous_size': 6, 'attention_head_size': 3, 'learning_rate': 0.0007363783992278552}. Best is trial 24 with value: 69.7392578125.
LOCAL_RANK: 0 - CUDA_VISIBLE_DEVICES: [0]
[I 2023-12-15 18:17:01,689] Trial 30 finished with value: 50.80283737182617 and parameters: {'gradient_clip_val': 0.1341934045606494, 'hidden_size': 18, 'dropout': 0.12479855453935194, 'hidden_continuous_size': 8, 'attention_head_size': 3, 'learning_rate': 0.0013013483273135108}. Best is trial 30 with value: 50.80283737182617.
LOCAL_RANK: 0 - CUDA_VISIBLE_DEVICES: [0]
[I 2023-12-15 18:17:46,432] Trial 31 finished with value: 225.9571533203125 and parameters: {'gradient_clip_val': 0.12757335676156303, 'hidden_size': 12, 'dropout': 0.1288782755905149, 'hidden_continuous_size': 8, 'attention_head_size': 3, 'learning_rate': 0.0012298802428334576}. Best is trial 30 with value: 50.80283737182617.
LOCAL_RANK: 0 - CUDA_VISIBLE_DEVICES: [0]
[I 2023-12-15 18:18:34,362] Trial 32 finished with value: 86.903564453125 and parameters: {'gradient_clip_val': 0.1394698300930504, 'hidden_size': 19, 'dropout': 0.12689540558482867, 'hidden_continuous_size': 8, 'attention_head_size': 3, 'learning_rate': 0.0006964116059976403}. Best is trial 30 with value: 50.80283737182617.
LOCAL_RANK: 0 - CUDA_VISIBLE_DEVICES: [0]
[I 2023-12-15 18:19:21,842] Trial 33 finished with value: 231.0132598876953 and parameters: {'gradient_clip_val': 0.12242293661298033, 'hidden_size': 19, 'dropout': 0.14987171557303036, 'hidden_continuous_size': 8, 'attention_head_size': 3, 'learning_rate': 0.0014200887847283575}. Best is trial 30 with value: 50.80283737182617.
LOCAL_RANK: 0 - CUDA_VISIBLE_DEVICES: [0]
[I 2023-12-15 18:20:10,650] Trial 34 finished with value: 190.0811004638672 and parameters: {'gradient_clip_val': 0.14173252006086, 'hidden_size': 23, 'dropout': 0.12046079379815011, 'hidden_continuous_size': 8, 'attention_head_size': 3, 'learning_rate': 0.000773256907175977}. Best is trial 30 with value: 50.80283737182617.
LOCAL_RANK: 0 - CUDA_VISIBLE_DEVICES: [0]
[I 2023-12-15 18:20:58,180] Trial 35 finished with value: 251.7317352294922 and parameters: {'gradient_clip_val': 0.11534552770919207, 'hidden_size': 18, 'dropout': 0.1675254363689585, 'hidden_continuous_size': 11, 'attention_head_size': 2, 'learning_rate': 0.0009773233273082495}. Best is trial 30 with value: 50.80283737182617.
LOCAL_RANK: 0 - CUDA_VISIBLE_DEVICES: [0]
[I 2023-12-15 18:21:42,942] Trial 36 finished with value: 107.9472427368164 and parameters: {'gradient_clip_val': 0.10025281305407373, 'hidden_size': 16, 'dropout': 0.1316857607868164, 'hidden_continuous_size': 7, 'attention_head_size': 3, 'learning_rate': 0.004039486062920782}. Best is trial 30 with value: 50.80283737182617.
LOCAL_RANK: 0 - CUDA_VISIBLE_DEVICES: [0]
[I 2023-12-15 18:22:32,510] Trial 37 finished with value: 157.10923767089844 and parameters: {'gradient_clip_val': 0.13850260812581636, 'hidden_size': 22, 'dropout': 0.12477275945156255, 'hidden_continuous_size': 11, 'attention_head_size': 4, 'learning_rate': 0.0019628731917054596}. Best is trial 30 with value: 50.80283737182617.
LOCAL_RANK: 0 - CUDA_VISIBLE_DEVICES: [0]
[I 2023-12-15 18:23:17,340] Trial 38 finished with value: 101.61837005615234 and parameters: {'gradient_clip_val': 0.11538842459795447, 'hidden_size': 16, 'dropout': 0.18422017843303076, 'hidden_continuous_size': 9, 'attention_head_size': 2, 'learning_rate': 0.0007523362675091927}. Best is trial 30 with value: 50.80283737182617.
LOCAL_RANK: 0 - CUDA_VISIBLE_DEVICES: [0]
[I 2023-12-15 18:24:06,751] Trial 39 finished with value: 189.22119140625 and parameters: {'gradient_clip_val': 0.17154780524415533, 'hidden_size': 26, 'dropout': 0.1550366027254529, 'hidden_continuous_size': 12, 'attention_head_size': 3, 'learning_rate': 0.0012411251704691313}. Best is trial 30 with value: 50.80283737182617.
LOCAL_RANK: 0 - CUDA_VISIBLE_DEVICES: [0]
[I 2023-12-15 18:24:55,706] Trial 40 finished with value: 155.27586364746094 and parameters: {'gradient_clip_val': 0.13783555117587856, 'hidden_size': 21, 'dropout': 0.2162719263340474, 'hidden_continuous_size': 8, 'attention_head_size': 4, 'learning_rate': 0.002623112701489402}. Best is trial 30 with value: 50.80283737182617.
LOCAL_RANK: 0 - CUDA_VISIBLE_DEVICES: [0]
[I 2023-12-15 18:25:46,372] Trial 41 finished with value: 209.9948272705078 and parameters: {'gradient_clip_val': 0.1234035833792373, 'hidden_size': 34, 'dropout': 0.11767546086606295, 'hidden_continuous_size': 14, 'attention_head_size': 3, 'learning_rate': 0.0005212896658526849}. Best is trial 30 with value: 50.80283737182617.
LOCAL_RANK: 0 - CUDA_VISIBLE_DEVICES: [0]
[I 2023-12-15 18:26:32,374] Trial 42 finished with value: 176.44866943359375 and parameters: {'gradient_clip_val': 0.15334114360481071, 'hidden_size': 14, 'dropout': 0.10123363440212829, 'hidden_continuous_size': 6, 'attention_head_size': 3, 'learning_rate': 0.000651944686621962}. Best is trial 30 with value: 50.80283737182617.
LOCAL_RANK: 0 - CUDA_VISIBLE_DEVICES: [0]
[I 2023-12-15 18:27:24,570] Trial 43 finished with value: 121.40181732177734 and parameters: {'gradient_clip_val': 0.18149236844072808, 'hidden_size': 43, 'dropout': 0.1430254048124257, 'hidden_continuous_size': 9, 'attention_head_size': 3, 'learning_rate': 0.0006627252247484991}. Best is trial 30 with value: 50.80283737182617.
LOCAL_RANK: 0 - CUDA_VISIBLE_DEVICES: [0]
[I 2023-12-15 18:28:09,983] Trial 44 finished with value: 257.5185852050781 and parameters: {'gradient_clip_val': 0.10978697233372971, 'hidden_size': 6, 'dropout': 0.11891817275068817, 'hidden_continuous_size': 5, 'attention_head_size': 3, 'learning_rate': 0.0009435501810532418}. Best is trial 30 with value: 50.80283737182617.
LOCAL_RANK: 0 - CUDA_VISIBLE_DEVICES: [0]
[I 2023-12-15 18:28:56,435] Trial 45 finished with value: 149.49203491210938 and parameters: {'gradient_clip_val': 0.12883220272159404, 'hidden_size': 17, 'dropout': 0.1652979431063637, 'hidden_continuous_size': 7, 'attention_head_size': 3, 'learning_rate': 0.0005232226123418236}. Best is trial 30 with value: 50.80283737182617.
LOCAL_RANK: 0 - CUDA_VISIBLE_DEVICES: [0]
[I 2023-12-15 18:29:41,898] Trial 46 finished with value: 137.39659118652344 and parameters: {'gradient_clip_val': 0.18643412671661308, 'hidden_size': 9, 'dropout': 0.14184284989077253, 'hidden_continuous_size': 6, 'attention_head_size': 2, 'learning_rate': 0.0010976281370762308}. Best is trial 30 with value: 50.80283737182617.
LOCAL_RANK: 0 - CUDA_VISIBLE_DEVICES: [0]
[I 2023-12-15 18:30:27,689] Trial 47 finished with value: 211.02777099609375 and parameters: {'gradient_clip_val': 0.6552237770490563, 'hidden_size': 11, 'dropout': 0.11137057796952875, 'hidden_continuous_size': 8, 'attention_head_size': 3, 'learning_rate': 0.0016144595450257322}. Best is trial 30 with value: 50.80283737182617.
LOCAL_RANK: 0 - CUDA_VISIBLE_DEVICES: [0]
[I 2023-12-15 18:31:14,169] Trial 48 finished with value: 134.26803588867188 and parameters: {'gradient_clip_val': 0.11038365079757813, 'hidden_size': 15, 'dropout': 0.12560803360938252, 'hidden_continuous_size': 7, 'attention_head_size': 4, 'learning_rate': 0.0006202478622864999}. Best is trial 30 with value: 50.80283737182617.
LOCAL_RANK: 0 - CUDA_VISIBLE_DEVICES: [0]
[I 2023-12-15 18:32:02,485] Trial 49 finished with value: 237.8511505126953 and parameters: {'gradient_clip_val': 0.26153278269363345, 'hidden_size': 19, 'dropout': 0.14395948991891455, 'hidden_continuous_size': 10, 'attention_head_size': 3, 'learning_rate': 0.0008574361602788718}. Best is trial 30 with value: 50.80283737182617.
[I 2023-12-15 18:32:02,577] A new study created in memory with name: no-name-33faaa31-afa3-4596-9e12-1789f0bec9e1
/home/le004/conda/anaconda3/envs/tsff_env/lib/python3.9/site-packages/lightning/fabric/plugins/environments/slurm.py:191: The `srun` command is available on your system but is not used. HINT: If your intention is to run Lightning on SLURM, prepend your python command with `srun` like so: srun python /home/le004/master_thesis/git/TSFusionForecast/code/ ...
LOCAL_RANK: 0 - CUDA_VISIBLE_DEVICES: [0]
[I 2023-12-15 18:32:35,984] Trial 0 finished with value: 875.4849243164062 and parameters: {'gradient_clip_val': 0.281568551113696, 'hidden_size': 9, 'dropout': 0.21949026680696132, 'hidden_continuous_size': 9, 'attention_head_size': 1, 'learning_rate': 0.018933005574076078}. Best is trial 0 with value: 875.4849243164062.
LOCAL_RANK: 0 - CUDA_VISIBLE_DEVICES: [0]
[I 2023-12-15 18:33:25,225] Trial 1 finished with value: 983.9480590820312 and parameters: {'gradient_clip_val': 0.2659333837475934, 'hidden_size': 19, 'dropout': 0.24350643255270893, 'hidden_continuous_size': 18, 'attention_head_size': 4, 'learning_rate': 0.019744945198467742}. Best is trial 0 with value: 875.4849243164062.
LOCAL_RANK: 0 - CUDA_VISIBLE_DEVICES: [0]
[I 2023-12-15 18:34:15,440] Trial 2 finished with value: 696.2775268554688 and parameters: {'gradient_clip_val': 0.11644453917453557, 'hidden_size': 40, 'dropout': 0.11375605232904762, 'hidden_continuous_size': 13, 'attention_head_size': 1, 'learning_rate': 0.0013630851511261207}. Best is trial 2 with value: 696.2775268554688.
LOCAL_RANK: 0 - CUDA_VISIBLE_DEVICES: [0]
[I 2023-12-15 18:35:09,249] Trial 3 finished with value: 1616.46240234375 and parameters: {'gradient_clip_val': 0.6973813798995812, 'hidden_size': 62, 'dropout': 0.34954338041904176, 'hidden_continuous_size': 56, 'attention_head_size': 1, 'learning_rate': 0.011248028999252726}. Best is trial 2 with value: 696.2775268554688.
LOCAL_RANK: 0 - CUDA_VISIBLE_DEVICES: [0]
[I 2023-12-15 18:35:56,141] Trial 4 finished with value: 609.8456420898438 and parameters: {'gradient_clip_val': 0.4672094782753251, 'hidden_size': 18, 'dropout': 0.19024846923172195, 'hidden_continuous_size': 5, 'attention_head_size': 4, 'learning_rate': 0.0007264588179373598}. Best is trial 4 with value: 609.8456420898438.
LOCAL_RANK: 0 - CUDA_VISIBLE_DEVICES: [0]
[I 2023-12-15 18:36:42,424] Trial 5 finished with value: 751.0900268554688 and parameters: {'gradient_clip_val': 0.775627512702727, 'hidden_size': 13, 'dropout': 0.3126830897128259, 'hidden_continuous_size': 7, 'attention_head_size': 4, 'learning_rate': 0.01028910127046758}. Best is trial 4 with value: 609.8456420898438.
LOCAL_RANK: 0 - CUDA_VISIBLE_DEVICES: [0]
[I 2023-12-15 18:37:32,563] Trial 6 finished with value: 619.0684204101562 and parameters: {'gradient_clip_val': 0.6734881660376414, 'hidden_size': 34, 'dropout': 0.38407527713883793, 'hidden_continuous_size': 10, 'attention_head_size': 3, 'learning_rate': 0.0008734261405852609}. Best is trial 4 with value: 609.8456420898438.
LOCAL_RANK: 0 - CUDA_VISIBLE_DEVICES: [0]
[I 2023-12-15 18:38:24,718] Trial 7 finished with value: 405.9469299316406 and parameters: {'gradient_clip_val': 0.9176474267779893, 'hidden_size': 71, 'dropout': 0.38090581644671906, 'hidden_continuous_size': 5, 'attention_head_size': 4, 'learning_rate': 0.0008369107770496748}. Best is trial 7 with value: 405.9469299316406.
LOCAL_RANK: 0 - CUDA_VISIBLE_DEVICES: [0]
[I 2023-12-15 18:39:13,989] Trial 8 finished with value: 982.6452026367188 and parameters: {'gradient_clip_val': 0.6302324504004749, 'hidden_size': 40, 'dropout': 0.16228578481445743, 'hidden_continuous_size': 6, 'attention_head_size': 3, 'learning_rate': 0.0007065996773614961}. Best is trial 7 with value: 405.9469299316406.
LOCAL_RANK: 0 - CUDA_VISIBLE_DEVICES: [0]
[I 2023-12-15 18:40:06,524] Trial 9 finished with value: 1125.2857666015625 and parameters: {'gradient_clip_val': 0.14405575495596842, 'hidden_size': 42, 'dropout': 0.3008971722873333, 'hidden_continuous_size': 10, 'attention_head_size': 4, 'learning_rate': 0.00209392082483271}. Best is trial 7 with value: 405.9469299316406.
LOCAL_RANK: 0 - CUDA_VISIBLE_DEVICES: [0]
[I 2023-12-15 18:40:58,147] Trial 10 finished with value: 1120.210205078125 and parameters: {'gradient_clip_val': 0.9077798175116428, 'hidden_size': 77, 'dropout': 0.3874434911430816, 'hidden_continuous_size': 5, 'attention_head_size': 2, 'learning_rate': 0.08685734432243385}. Best is trial 7 with value: 405.9469299316406.
LOCAL_RANK: 0 - CUDA_VISIBLE_DEVICES: [0]
[I 2023-12-15 18:41:43,508] Trial 11 finished with value: 211.574462890625 and parameters: {'gradient_clip_val': 0.4971343684812553, 'hidden_size': 6, 'dropout': 0.20765553153871208, 'hidden_continuous_size': 5, 'attention_head_size': 3, 'learning_rate': 0.002803682788962793}. Best is trial 11 with value: 211.574462890625.
LOCAL_RANK: 0 - CUDA_VISIBLE_DEVICES: [0]
[I 2023-12-15 18:42:28,804] Trial 12 finished with value: 461.3106994628906 and parameters: {'gradient_clip_val': 0.9987238617393742, 'hidden_size': 6, 'dropout': 0.2611313906049956, 'hidden_continuous_size': 5, 'attention_head_size': 3, 'learning_rate': 0.002762379700490173}. Best is trial 11 with value: 211.574462890625.
LOCAL_RANK: 0 - CUDA_VISIBLE_DEVICES: [0]
[I 2023-12-15 18:43:02,911] Trial 13 finished with value: 583.787353515625 and parameters: {'gradient_clip_val': 0.4758593290380537, 'hidden_size': 5, 'dropout': 0.2935438900741466, 'hidden_continuous_size': 5, 'attention_head_size': 2, 'learning_rate': 0.0034440062794682115}. Best is trial 11 with value: 211.574462890625.
LOCAL_RANK: 0 - CUDA_VISIBLE_DEVICES: [0]
[I 2023-12-15 18:43:57,046] Trial 14 finished with value: 552.749267578125 and parameters: {'gradient_clip_val': 0.4326114841701374, 'hidden_size': 92, 'dropout': 0.35713729897277835, 'hidden_continuous_size': 22, 'attention_head_size': 3, 'learning_rate': 0.000503871081166895}. Best is trial 11 with value: 211.574462890625.
LOCAL_RANK: 0 - CUDA_VISIBLE_DEVICES: [0]
[I 2023-12-15 18:44:42,111] Trial 15 finished with value: 960.455810546875 and parameters: {'gradient_clip_val': 0.9440743217700902, 'hidden_size': 9, 'dropout': 0.2589932693405945, 'hidden_continuous_size': 5, 'attention_head_size': 2, 'learning_rate': 0.004065565017368891}. Best is trial 11 with value: 211.574462890625.
LOCAL_RANK: 0 - CUDA_VISIBLE_DEVICES: [0]
[I 2023-12-15 18:45:30,709] Trial 16 finished with value: 951.2898559570312 and parameters: {'gradient_clip_val': 0.5753033888417537, 'hidden_size': 28, 'dropout': 0.2085630660942316, 'hidden_continuous_size': 7, 'attention_head_size': 4, 'learning_rate': 0.0014761145788620344}. Best is trial 11 with value: 211.574462890625.
LOCAL_RANK: 0 - CUDA_VISIBLE_DEVICES: [0]
[I 2023-12-15 18:46:19,422] Trial 17 finished with value: 660.4031372070312 and parameters: {'gradient_clip_val': 0.31657236074196443, 'hidden_size': 25, 'dropout': 0.3337635872668236, 'hidden_continuous_size': 6, 'attention_head_size': 3, 'learning_rate': 0.0012681898511303605}. Best is trial 11 with value: 211.574462890625.
LOCAL_RANK: 0 - CUDA_VISIBLE_DEVICES: [0]
[I 2023-12-15 18:47:13,164] Trial 18 finished with value: 858.4869995117188 and parameters: {'gradient_clip_val': 0.7689355484613374, 'hidden_size': 58, 'dropout': 0.282324555002986, 'hidden_continuous_size': 8, 'attention_head_size': 4, 'learning_rate': 0.004491671272244068}. Best is trial 11 with value: 211.574462890625.
LOCAL_RANK: 0 - CUDA_VISIBLE_DEVICES: [0]
[I 2023-12-15 18:48:07,769] Trial 19 finished with value: 690.5066528320312 and parameters: {'gradient_clip_val': 0.5497443711717637, 'hidden_size': 97, 'dropout': 0.39838189619465664, 'hidden_continuous_size': 13, 'attention_head_size': 3, 'learning_rate': 0.0022578823105118143}. Best is trial 11 with value: 211.574462890625.
LOCAL_RANK: 0 - CUDA_VISIBLE_DEVICES: [0]
[I 2023-12-15 18:48:53,342] Trial 20 finished with value: 283.9358825683594 and parameters: {'gradient_clip_val': 0.38480395105234766, 'hidden_size': 15, 'dropout': 0.3284075885115473, 'hidden_continuous_size': 6, 'attention_head_size': 2, 'learning_rate': 0.0005312625173958102}. Best is trial 11 with value: 211.574462890625.
LOCAL_RANK: 0 - CUDA_VISIBLE_DEVICES: [0]
[I 2023-12-15 18:49:38,559] Trial 21 finished with value: 495.2091064453125 and parameters: {'gradient_clip_val': 0.31555259508775074, 'hidden_size': 15, 'dropout': 0.3231016659118509, 'hidden_continuous_size': 6, 'attention_head_size': 2, 'learning_rate': 0.0005282939633290139}. Best is trial 11 with value: 211.574462890625.
LOCAL_RANK: 0 - CUDA_VISIBLE_DEVICES: [0]
[I 2023-12-15 18:50:26,600] Trial 22 finished with value: 601.4352416992188 and parameters: {'gradient_clip_val': 0.38512547457557494, 'hidden_size': 22, 'dropout': 0.3616214225303304, 'hidden_continuous_size': 6, 'attention_head_size': 2, 'learning_rate': 0.0010003450767633727}. Best is trial 11 with value: 211.574462890625.
LOCAL_RANK: 0 - CUDA_VISIBLE_DEVICES: [0]
[I 2023-12-15 18:51:11,799] Trial 23 finished with value: 179.2755584716797 and parameters: {'gradient_clip_val': 0.3694483963143116, 'hidden_size': 10, 'dropout': 0.3360949927471646, 'hidden_continuous_size': 5, 'attention_head_size': 2, 'learning_rate': 0.0016289127242317461}. Best is trial 23 with value: 179.2755584716797.
LOCAL_RANK: 0 - CUDA_VISIBLE_DEVICES: [0]
[I 2023-12-15 18:51:56,630] Trial 24 finished with value: 334.2618408203125 and parameters: {'gradient_clip_val': 0.3777114530751906, 'hidden_size': 10, 'dropout': 0.3351442257306158, 'hidden_continuous_size': 5, 'attention_head_size': 2, 'learning_rate': 0.0019199288243036308}. Best is trial 23 with value: 179.2755584716797.
LOCAL_RANK: 0 - CUDA_VISIBLE_DEVICES: [0]
[I 2023-12-15 18:52:41,674] Trial 25 finished with value: 197.1324462890625 and parameters: {'gradient_clip_val': 0.2391777786454411, 'hidden_size': 7, 'dropout': 0.28584081414864143, 'hidden_continuous_size': 5, 'attention_head_size': 2, 'learning_rate': 0.001498406891358538}. Best is trial 23 with value: 179.2755584716797.
LOCAL_RANK: 0 - CUDA_VISIBLE_DEVICES: [0]
[I 2023-12-15 18:53:25,964] Trial 26 finished with value: 347.48388671875 and parameters: {'gradient_clip_val': 0.2149544530172275, 'hidden_size': 7, 'dropout': 0.28566553137953155, 'hidden_continuous_size': 5, 'attention_head_size': 1, 'learning_rate': 0.001573007738398177}. Best is trial 23 with value: 179.2755584716797.
LOCAL_RANK: 0 - CUDA_VISIBLE_DEVICES: [0]
[I 2023-12-15 18:53:59,746] Trial 27 finished with value: 288.3891296386719 and parameters: {'gradient_clip_val': 0.1811158396466139, 'hidden_size': 5, 'dropout': 0.23767749685325643, 'hidden_continuous_size': 5, 'attention_head_size': 2, 'learning_rate': 0.0026188814723550904}. Best is trial 23 with value: 179.2755584716797.
LOCAL_RANK: 0 - CUDA_VISIBLE_DEVICES: [0]
[I 2023-12-15 18:54:44,832] Trial 28 finished with value: 430.8674621582031 and parameters: {'gradient_clip_val': 0.22869959205580895, 'hidden_size': 7, 'dropout': 0.2669079601680142, 'hidden_continuous_size': 5, 'attention_head_size': 3, 'learning_rate': 0.005553868686986689}. Best is trial 23 with value: 179.2755584716797.
LOCAL_RANK: 0 - CUDA_VISIBLE_DEVICES: [0]
[I 2023-12-15 18:55:29,798] Trial 29 finished with value: 280.4900817871094 and parameters: {'gradient_clip_val': 0.28318573357186877, 'hidden_size': 11, 'dropout': 0.22929519326553494, 'hidden_continuous_size': 6, 'attention_head_size': 1, 'learning_rate': 0.00314934105255787}. Best is trial 23 with value: 179.2755584716797.
LOCAL_RANK: 0 - CUDA_VISIBLE_DEVICES: [0]
[I 2023-12-15 18:56:13,582] Trial 30 finished with value: 700.6569213867188 and parameters: {'gradient_clip_val': 0.3289670664927073, 'hidden_size': 8, 'dropout': 0.3029617371895808, 'hidden_continuous_size': 5, 'attention_head_size': 2, 'learning_rate': 0.0011838413613314029}. Best is trial 23 with value: 179.2755584716797.
LOCAL_RANK: 0 - CUDA_VISIBLE_DEVICES: [0]
[I 2023-12-15 18:56:58,270] Trial 31 finished with value: 607.0552368164062 and parameters: {'gradient_clip_val': 0.26828278665362676, 'hidden_size': 10, 'dropout': 0.22228082324689374, 'hidden_continuous_size': 6, 'attention_head_size': 1, 'learning_rate': 0.0034824066246287922}. Best is trial 23 with value: 179.2755584716797.
LOCAL_RANK: 0 - CUDA_VISIBLE_DEVICES: [0]
[I 2023-12-15 18:57:42,831] Trial 32 finished with value: 537.6444702148438 and parameters: {'gradient_clip_val': 0.27240187714872477, 'hidden_size': 11, 'dropout': 0.24442062265919162, 'hidden_continuous_size': 6, 'attention_head_size': 1, 'learning_rate': 0.0017012266186471328}. Best is trial 23 with value: 179.2755584716797.
LOCAL_RANK: 0 - CUDA_VISIBLE_DEVICES: [0]
[I 2023-12-15 18:58:26,276] Trial 33 finished with value: 370.6776428222656 and parameters: {'gradient_clip_val': 0.23582701002273856, 'hidden_size': 8, 'dropout': 0.2778698974838753, 'hidden_continuous_size': 5, 'attention_head_size': 1, 'learning_rate': 0.0022336904845831162}. Best is trial 23 with value: 179.2755584716797.
LOCAL_RANK: 0 - CUDA_VISIBLE_DEVICES: [0]
[I 2023-12-15 18:59:10,633] Trial 34 finished with value: 321.6025085449219 and parameters: {'gradient_clip_val': 0.3071274147774898, 'hidden_size': 6, 'dropout': 0.24441910637297334, 'hidden_continuous_size': 5, 'attention_head_size': 1, 'learning_rate': 0.0029912595253338867}. Best is trial 23 with value: 179.2755584716797.
LOCAL_RANK: 0 - CUDA_VISIBLE_DEVICES: [0]
