[I 2023-12-15 13:40:55,063] Trial 31 finished with value: 5.9069366455078125 and parameters: {'gradient_clip_val': 0.6299660811490592, 'hidden_size': 21, 'dropout': 0.3728662942255617, 'hidden_continuous_size': 10, 'attention_head_size': 2, 'learning_rate': 0.0013616294818161168}. Best is trial 30 with value: 4.911834239959717.
LOCAL_RANK: 0 - CUDA_VISIBLE_DEVICES: [0]
[I 2023-12-15 13:41:44,214] Trial 32 finished with value: 13.028053283691406 and parameters: {'gradient_clip_val': 0.7595648262797792, 'hidden_size': 31, 'dropout': 0.3682864134068527, 'hidden_continuous_size': 13, 'attention_head_size': 2, 'learning_rate': 0.0012253654815781317}. Best is trial 30 with value: 4.911834239959717.
LOCAL_RANK: 0 - CUDA_VISIBLE_DEVICES: [0]
[I 2023-12-15 13:42:33,036] Trial 33 finished with value: 9.706589698791504 and parameters: {'gradient_clip_val': 0.9977275615679798, 'hidden_size': 22, 'dropout': 0.33310977460475066, 'hidden_continuous_size': 11, 'attention_head_size': 2, 'learning_rate': 0.0007105651459605}. Best is trial 30 with value: 4.911834239959717.
LOCAL_RANK: 0 - CUDA_VISIBLE_DEVICES: [0]
[I 2023-12-15 13:43:21,648] Trial 34 finished with value: 5.160094738006592 and parameters: {'gradient_clip_val': 0.6167812768205778, 'hidden_size': 30, 'dropout': 0.398040177031786, 'hidden_continuous_size': 8, 'attention_head_size': 2, 'learning_rate': 0.001016398580039132}. Best is trial 30 with value: 4.911834239959717.
LOCAL_RANK: 0 - CUDA_VISIBLE_DEVICES: [0]
[I 2023-12-15 13:44:11,412] Trial 35 finished with value: 11.92455005645752 and parameters: {'gradient_clip_val': 0.6030965892346244, 'hidden_size': 41, 'dropout': 0.37284162131368126, 'hidden_continuous_size': 7, 'attention_head_size': 2, 'learning_rate': 0.001100871421657566}. Best is trial 30 with value: 4.911834239959717.
LOCAL_RANK: 0 - CUDA_VISIBLE_DEVICES: [0]
[I 2023-12-15 13:45:00,058] Trial 36 finished with value: 6.0568671226501465 and parameters: {'gradient_clip_val': 0.6747025302094896, 'hidden_size': 30, 'dropout': 0.33924481132361306, 'hidden_continuous_size': 7, 'attention_head_size': 2, 'learning_rate': 0.0007484863801078587}. Best is trial 30 with value: 4.911834239959717.
LOCAL_RANK: 0 - CUDA_VISIBLE_DEVICES: [0]
[I 2023-12-15 13:45:47,514] Trial 37 finished with value: 10.319390296936035 and parameters: {'gradient_clip_val': 0.6064611029843344, 'hidden_size': 24, 'dropout': 0.3034405585310782, 'hidden_continuous_size': 8, 'attention_head_size': 2, 'learning_rate': 0.0010715073470006409}. Best is trial 30 with value: 4.911834239959717.
LOCAL_RANK: 0 - CUDA_VISIBLE_DEVICES: [0]
[I 2023-12-15 13:46:39,817] Trial 38 finished with value: 13.816390991210938 and parameters: {'gradient_clip_val': 0.7076337565051007, 'hidden_size': 49, 'dropout': 0.37594066551812433, 'hidden_continuous_size': 17, 'attention_head_size': 1, 'learning_rate': 0.0006716523935281882}. Best is trial 30 with value: 4.911834239959717.
LOCAL_RANK: 0 - CUDA_VISIBLE_DEVICES: [0]
[I 2023-12-15 13:47:29,373] Trial 39 finished with value: 11.143303871154785 and parameters: {'gradient_clip_val': 0.8552753372482527, 'hidden_size': 33, 'dropout': 0.3310181362739689, 'hidden_continuous_size': 14, 'attention_head_size': 2, 'learning_rate': 0.0025010802915864877}. Best is trial 30 with value: 4.911834239959717.
LOCAL_RANK: 0 - CUDA_VISIBLE_DEVICES: [0]
[I 2023-12-15 13:48:16,696] Trial 40 finished with value: 6.138973712921143 and parameters: {'gradient_clip_val': 0.5457211052088622, 'hidden_size': 28, 'dropout': 0.35964829495921746, 'hidden_continuous_size': 12, 'attention_head_size': 1, 'learning_rate': 0.0010098031416946288}. Best is trial 30 with value: 4.911834239959717.
LOCAL_RANK: 0 - CUDA_VISIBLE_DEVICES: [0]
[I 2023-12-15 13:49:10,581] Trial 41 finished with value: 11.413798332214355 and parameters: {'gradient_clip_val': 0.7441317996645199, 'hidden_size': 100, 'dropout': 0.39962432241568574, 'hidden_continuous_size': 22, 'attention_head_size': 2, 'learning_rate': 0.001567503182962038}. Best is trial 30 with value: 4.911834239959717.
LOCAL_RANK: 0 - CUDA_VISIBLE_DEVICES: [0]
[I 2023-12-15 13:49:57,671] Trial 42 finished with value: 5.681323528289795 and parameters: {'gradient_clip_val': 0.6717319267209934, 'hidden_size': 20, 'dropout': 0.3867302290513275, 'hidden_continuous_size': 10, 'attention_head_size': 2, 'learning_rate': 0.0015726608882680126}. Best is trial 30 with value: 4.911834239959717.
LOCAL_RANK: 0 - CUDA_VISIBLE_DEVICES: [0]
[I 2023-12-15 13:50:44,599] Trial 43 finished with value: 6.154146671295166 and parameters: {'gradient_clip_val': 0.6625199099615854, 'hidden_size': 20, 'dropout': 0.38238823871436456, 'hidden_continuous_size': 9, 'attention_head_size': 2, 'learning_rate': 0.0013654761763873746}. Best is trial 30 with value: 4.911834239959717.
LOCAL_RANK: 0 - CUDA_VISIBLE_DEVICES: [0]
[I 2023-12-15 13:51:33,265] Trial 44 finished with value: 6.474018573760986 and parameters: {'gradient_clip_val': 0.5961835108907861, 'hidden_size': 23, 'dropout': 0.36807222608197215, 'hidden_continuous_size': 10, 'attention_head_size': 2, 'learning_rate': 0.0008501065388550917}. Best is trial 30 with value: 4.911834239959717.
LOCAL_RANK: 0 - CUDA_VISIBLE_DEVICES: [0]
[I 2023-12-15 13:52:22,862] Trial 45 finished with value: 15.472065925598145 and parameters: {'gradient_clip_val': 0.8900634451600854, 'hidden_size': 35, 'dropout': 0.3467987594685328, 'hidden_continuous_size': 11, 'attention_head_size': 2, 'learning_rate': 0.0031082748333018297}. Best is trial 30 with value: 4.911834239959717.
LOCAL_RANK: 0 - CUDA_VISIBLE_DEVICES: [0]
[I 2023-12-15 13:53:11,435] Trial 46 finished with value: 8.811676025390625 and parameters: {'gradient_clip_val': 0.6679086277816249, 'hidden_size': 29, 'dropout': 0.3734968914714682, 'hidden_continuous_size': 8, 'attention_head_size': 1, 'learning_rate': 0.0020540156193528235}. Best is trial 30 with value: 4.911834239959717.
LOCAL_RANK: 0 - CUDA_VISIBLE_DEVICES: [0]
[I 2023-12-15 13:53:59,204] Trial 47 finished with value: 4.344424724578857 and parameters: {'gradient_clip_val': 0.7597929431863351, 'hidden_size': 24, 'dropout': 0.38499288092016987, 'hidden_continuous_size': 9, 'attention_head_size': 2, 'learning_rate': 0.0010985892321175794}. Best is trial 47 with value: 4.344424724578857.
LOCAL_RANK: 0 - CUDA_VISIBLE_DEVICES: [0]
[I 2023-12-15 13:54:47,971] Trial 48 finished with value: 8.59792709350586 and parameters: {'gradient_clip_val': 0.7754573927763333, 'hidden_size': 25, 'dropout': 0.35852915843255356, 'hidden_continuous_size': 9, 'attention_head_size': 2, 'learning_rate': 0.0006297481638576487}. Best is trial 47 with value: 4.344424724578857.
LOCAL_RANK: 0 - CUDA_VISIBLE_DEVICES: [0]
[I 2023-12-15 13:55:36,809] Trial 49 finished with value: 14.34131145477295 and parameters: {'gradient_clip_val': 0.33729107108170087, 'hidden_size': 38, 'dropout': 0.38351904365191336, 'hidden_continuous_size': 7, 'attention_head_size': 1, 'learning_rate': 0.0005014644341021564}. Best is trial 47 with value: 4.344424724578857.
[I 2023-12-15 13:55:36,902] A new study created in memory with name: no-name-160150a1-4cba-4aa5-b5e0-0344ebdecdbf
/home/le004/conda/anaconda3/envs/tsff_env/lib/python3.9/site-packages/lightning/fabric/plugins/environments/slurm.py:191: The `srun` command is available on your system but is not used. HINT: If your intention is to run Lightning on SLURM, prepend your python command with `srun` like so: srun python /home/le004/master_thesis/git/TSFusionForecast/code/ ...
LOCAL_RANK: 0 - CUDA_VISIBLE_DEVICES: [0]
[I 2023-12-15 13:56:11,680] Trial 0 finished with value: 350.6237487792969 and parameters: {'gradient_clip_val': 0.9330645041898632, 'hidden_size': 8, 'dropout': 0.34161642529349534, 'hidden_continuous_size': 8, 'attention_head_size': 4, 'learning_rate': 0.010370719799314249}. Best is trial 0 with value: 350.6237487792969.
LOCAL_RANK: 0 - CUDA_VISIBLE_DEVICES: [0]
[I 2023-12-15 13:57:04,435] Trial 1 finished with value: 417.5255432128906 and parameters: {'gradient_clip_val': 0.11839148602216285, 'hidden_size': 48, 'dropout': 0.25074765526738185, 'hidden_continuous_size': 10, 'attention_head_size': 4, 'learning_rate': 0.008675229618146362}. Best is trial 0 with value: 350.6237487792969.
LOCAL_RANK: 0 - CUDA_VISIBLE_DEVICES: [0]
[I 2023-12-15 13:57:49,435] Trial 2 finished with value: 292.4727478027344 and parameters: {'gradient_clip_val': 0.509675223526298, 'hidden_size': 9, 'dropout': 0.24282403775513675, 'hidden_continuous_size': 8, 'attention_head_size': 1, 'learning_rate': 0.009045242744050275}. Best is trial 2 with value: 292.4727478027344.
LOCAL_RANK: 0 - CUDA_VISIBLE_DEVICES: [0]
[I 2023-12-15 13:58:41,853] Trial 3 finished with value: 534.5971069335938 and parameters: {'gradient_clip_val': 0.874346400058036, 'hidden_size': 55, 'dropout': 0.26092649339020235, 'hidden_continuous_size': 7, 'attention_head_size': 4, 'learning_rate': 0.01982568494354272}. Best is trial 2 with value: 292.4727478027344.
LOCAL_RANK: 0 - CUDA_VISIBLE_DEVICES: [0]
[I 2023-12-15 13:59:33,575] Trial 4 finished with value: 328.31134033203125 and parameters: {'gradient_clip_val': 0.5257283760780002, 'hidden_size': 60, 'dropout': 0.12946866016091596, 'hidden_continuous_size': 8, 'attention_head_size': 2, 'learning_rate': 0.0014778712558216984}. Best is trial 2 with value: 292.4727478027344.
LOCAL_RANK: 0 - CUDA_VISIBLE_DEVICES: [0]
[I 2023-12-15 14:00:22,718] Trial 5 finished with value: 144.20335388183594 and parameters: {'gradient_clip_val': 0.15613363504452993, 'hidden_size': 23, 'dropout': 0.3365919286403045, 'hidden_continuous_size': 6, 'attention_head_size': 4, 'learning_rate': 0.0019754800351770153}. Best is trial 5 with value: 144.20335388183594.
LOCAL_RANK: 0 - CUDA_VISIBLE_DEVICES: [0]
[I 2023-12-15 14:00:56,413] Trial 6 finished with value: 143.9578094482422 and parameters: {'gradient_clip_val': 0.8509625808435355, 'hidden_size': 6, 'dropout': 0.3236301673844232, 'hidden_continuous_size': 6, 'attention_head_size': 2, 'learning_rate': 0.002994313608843038}. Best is trial 6 with value: 143.9578094482422.
LOCAL_RANK: 0 - CUDA_VISIBLE_DEVICES: [0]
[I 2023-12-15 14:01:48,370] Trial 7 finished with value: 479.0615234375 and parameters: {'gradient_clip_val': 0.10591462409964093, 'hidden_size': 42, 'dropout': 0.2022791384032399, 'hidden_continuous_size': 14, 'attention_head_size': 2, 'learning_rate': 0.03144608173546873}. Best is trial 6 with value: 143.9578094482422.
LOCAL_RANK: 0 - CUDA_VISIBLE_DEVICES: [0]
[I 2023-12-15 14:02:22,669] Trial 8 finished with value: 249.7649383544922 and parameters: {'gradient_clip_val': 0.7983768994384431, 'hidden_size': 6, 'dropout': 0.38544321923657676, 'hidden_continuous_size': 6, 'attention_head_size': 4, 'learning_rate': 0.06379832592976535}. Best is trial 6 with value: 143.9578094482422.
LOCAL_RANK: 0 - CUDA_VISIBLE_DEVICES: [0]
[I 2023-12-15 14:03:16,773] Trial 9 finished with value: 397.1473693847656 and parameters: {'gradient_clip_val': 0.511118119898646, 'hidden_size': 65, 'dropout': 0.1088502912152302, 'hidden_continuous_size': 24, 'attention_head_size': 3, 'learning_rate': 0.01700130814747011}. Best is trial 6 with value: 143.9578094482422.
LOCAL_RANK: 0 - CUDA_VISIBLE_DEVICES: [0]
[I 2023-12-15 14:03:50,213] Trial 10 finished with value: 156.94737243652344 and parameters: {'gradient_clip_val': 0.2595148805240825, 'hidden_size': 5, 'dropout': 0.3985934920215027, 'hidden_continuous_size': 5, 'attention_head_size': 1, 'learning_rate': 0.0033958980616526917}. Best is trial 6 with value: 143.9578094482422.
LOCAL_RANK: 0 - CUDA_VISIBLE_DEVICES: [0]
[I 2023-12-15 14:04:36,588] Trial 11 finished with value: 180.8467559814453 and parameters: {'gradient_clip_val': 0.22447087471746757, 'hidden_size': 20, 'dropout': 0.32639141561885376, 'hidden_continuous_size': 5, 'attention_head_size': 3, 'learning_rate': 0.0007379195559844844}. Best is trial 6 with value: 143.9578094482422.
LOCAL_RANK: 0 - CUDA_VISIBLE_DEVICES: [0]
[I 2023-12-15 14:05:22,010] Trial 12 finished with value: 147.94970703125 and parameters: {'gradient_clip_val': 0.17446108433639354, 'hidden_size': 14, 'dropout': 0.31857701157568746, 'hidden_continuous_size': 6, 'attention_head_size': 2, 'learning_rate': 0.003038206744694}. Best is trial 6 with value: 143.9578094482422.
LOCAL_RANK: 0 - CUDA_VISIBLE_DEVICES: [0]
[I 2023-12-15 14:06:10,577] Trial 13 finished with value: 359.469482421875 and parameters: {'gradient_clip_val': 0.34077910966173175, 'hidden_size': 26, 'dropout': 0.29552070071896225, 'hidden_continuous_size': 5, 'attention_head_size': 3, 'learning_rate': 0.0032045019130194355}. Best is trial 6 with value: 143.9578094482422.
LOCAL_RANK: 0 - CUDA_VISIBLE_DEVICES: [0]
[I 2023-12-15 14:06:55,970] Trial 14 finished with value: 256.4578552246094 and parameters: {'gradient_clip_val': 0.16358685680674848, 'hidden_size': 13, 'dropout': 0.362170884241667, 'hidden_continuous_size': 6, 'attention_head_size': 2, 'learning_rate': 0.0005200890803501832}. Best is trial 6 with value: 143.9578094482422.
LOCAL_RANK: 0 - CUDA_VISIBLE_DEVICES: [0]
[I 2023-12-15 14:07:45,447] Trial 15 finished with value: 154.9418182373047 and parameters: {'gradient_clip_val': 0.3731547021906784, 'hidden_size': 30, 'dropout': 0.3565531026757834, 'hidden_continuous_size': 10, 'attention_head_size': 3, 'learning_rate': 0.0014603371269670893}. Best is trial 6 with value: 143.9578094482422.
LOCAL_RANK: 0 - CUDA_VISIBLE_DEVICES: [0]
[I 2023-12-15 14:08:30,997] Trial 16 finished with value: 220.85899353027344 and parameters: {'gradient_clip_val': 0.2527999282464381, 'hidden_size': 17, 'dropout': 0.29137000398867646, 'hidden_continuous_size': 6, 'attention_head_size': 1, 'learning_rate': 0.004377246518397014}. Best is trial 6 with value: 143.9578094482422.
LOCAL_RANK: 0 - CUDA_VISIBLE_DEVICES: [0]
[I 2023-12-15 14:09:16,744] Trial 17 finished with value: 208.824951171875 and parameters: {'gradient_clip_val': 0.6830427283956114, 'hidden_size': 11, 'dropout': 0.3694801201415711, 'hidden_continuous_size': 5, 'attention_head_size': 3, 'learning_rate': 0.001551373869598277}. Best is trial 6 with value: 143.9578094482422.
LOCAL_RANK: 0 - CUDA_VISIBLE_DEVICES: [0]
[I 2023-12-15 14:10:12,582] Trial 18 finished with value: 270.31884765625 and parameters: {'gradient_clip_val': 0.3873008032614822, 'hidden_size': 83, 'dropout': 0.33270829081089304, 'hidden_continuous_size': 51, 'attention_head_size': 2, 'learning_rate': 0.0062074412206918565}. Best is trial 6 with value: 143.9578094482422.
LOCAL_RANK: 0 - CUDA_VISIBLE_DEVICES: [0]
[I 2023-12-15 14:11:01,019] Trial 19 finished with value: 194.9704132080078 and parameters: {'gradient_clip_val': 0.9725582119685753, 'hidden_size': 26, 'dropout': 0.3990581170641974, 'hidden_continuous_size': 7, 'attention_head_size': 1, 'learning_rate': 0.002065495241899496}. Best is trial 6 with value: 143.9578094482422.
LOCAL_RANK: 0 - CUDA_VISIBLE_DEVICES: [0]
[I 2023-12-15 14:11:47,610] Trial 20 finished with value: 138.6324920654297 and parameters: {'gradient_clip_val': 0.7300166196089618, 'hidden_size': 17, 'dropout': 0.30394061267552247, 'hidden_continuous_size': 5, 'attention_head_size': 4, 'learning_rate': 0.0010100086413562046}. Best is trial 20 with value: 138.6324920654297.
LOCAL_RANK: 0 - CUDA_VISIBLE_DEVICES: [0]
[I 2023-12-15 14:12:34,072] Trial 21 finished with value: 186.54359436035156 and parameters: {'gradient_clip_val': 0.7064084476138475, 'hidden_size': 17, 'dropout': 0.3037592360241049, 'hidden_continuous_size': 5, 'attention_head_size': 4, 'learning_rate': 0.0008999822698146149}. Best is trial 20 with value: 138.6324920654297.
LOCAL_RANK: 0 - CUDA_VISIBLE_DEVICES: [0]
[I 2023-12-15 14:13:19,944] Trial 22 finished with value: 202.4874267578125 and parameters: {'gradient_clip_val': 0.6531688660998727, 'hidden_size': 7, 'dropout': 0.3441213350988584, 'hidden_continuous_size': 5, 'attention_head_size': 4, 'learning_rate': 0.0010762110193886685}. Best is trial 20 with value: 138.6324920654297.
LOCAL_RANK: 0 - CUDA_VISIBLE_DEVICES: [0]
[I 2023-12-15 14:13:53,886] Trial 23 finished with value: 211.4622344970703 and parameters: {'gradient_clip_val': 0.4348389431227936, 'hidden_size': 5, 'dropout': 0.2786941867578413, 'hidden_continuous_size': 5, 'attention_head_size': 3, 'learning_rate': 0.0023370054141530947}. Best is trial 20 with value: 138.6324920654297.
LOCAL_RANK: 0 - CUDA_VISIBLE_DEVICES: [0]
[I 2023-12-15 14:14:39,928] Trial 24 finished with value: 298.6382751464844 and parameters: {'gradient_clip_val': 0.9992490555736627, 'hidden_size': 10, 'dropout': 0.319537159074279, 'hidden_continuous_size': 6, 'attention_head_size': 4, 'learning_rate': 0.0005002672908055915}. Best is trial 20 with value: 138.6324920654297.
LOCAL_RANK: 0 - CUDA_VISIBLE_DEVICES: [0]
[I 2023-12-15 14:15:25,032] Trial 25 finished with value: 136.48501586914062 and parameters: {'gradient_clip_val': 0.7772401811071695, 'hidden_size': 7, 'dropout': 0.3701002062615877, 'hidden_continuous_size': 5, 'attention_head_size': 3, 'learning_rate': 0.004956639664145966}. Best is trial 25 with value: 136.48501586914062.
LOCAL_RANK: 0 - CUDA_VISIBLE_DEVICES: [0]
[I 2023-12-15 14:16:09,738] Trial 26 finished with value: 142.5792694091797 and parameters: {'gradient_clip_val': 0.7566288931181905, 'hidden_size': 7, 'dropout': 0.3732728721988456, 'hidden_continuous_size': 5, 'attention_head_size': 2, 'learning_rate': 0.004825925616724717}. Best is trial 25 with value: 136.48501586914062.
LOCAL_RANK: 0 - CUDA_VISIBLE_DEVICES: [0]
[I 2023-12-15 14:16:55,101] Trial 27 finished with value: 229.71229553222656 and parameters: {'gradient_clip_val': 0.6144503724176468, 'hidden_size': 7, 'dropout': 0.3624334908296332, 'hidden_continuous_size': 5, 'attention_head_size': 3, 'learning_rate': 0.005322633896382293}. Best is trial 25 with value: 136.48501586914062.
LOCAL_RANK: 0 - CUDA_VISIBLE_DEVICES: [0]
[I 2023-12-15 14:17:40,286] Trial 28 finished with value: 245.51104736328125 and parameters: {'gradient_clip_val': 0.5906248913968843, 'hidden_size': 11, 'dropout': 0.3778539465729467, 'hidden_continuous_size': 5, 'attention_head_size': 2, 'learning_rate': 0.004739218714461937}. Best is trial 25 with value: 136.48501586914062.
LOCAL_RANK: 0 - CUDA_VISIBLE_DEVICES: [0]
[I 2023-12-15 14:18:24,408] Trial 29 finished with value: 211.615234375 and parameters: {'gradient_clip_val': 0.7786969231176417, 'hidden_size': 8, 'dropout': 0.34734577687130275, 'hidden_continuous_size': 5, 'attention_head_size': 3, 'learning_rate': 0.007283168026159496}. Best is trial 25 with value: 136.48501586914062.
LOCAL_RANK: 0 - CUDA_VISIBLE_DEVICES: [0]
[I 2023-12-15 14:19:09,772] Trial 30 finished with value: 344.6715393066406 and parameters: {'gradient_clip_val': 0.7397676292000039, 'hidden_size': 9, 'dropout': 0.38138854196256783, 'hidden_continuous_size': 5, 'attention_head_size': 3, 'learning_rate': 0.013865529951309491}. Best is trial 25 with value: 136.48501586914062.
LOCAL_RANK: 0 - CUDA_VISIBLE_DEVICES: [0]
[I 2023-12-15 14:19:54,316] Trial 31 finished with value: 204.8219451904297 and parameters: {'gradient_clip_val': 0.8517834620458178, 'hidden_size': 7, 'dropout': 0.34809832998707946, 'hidden_continuous_size': 5, 'attention_head_size': 2, 'learning_rate': 0.0034854517523270545}. Best is trial 25 with value: 136.48501586914062.
LOCAL_RANK: 0 - CUDA_VISIBLE_DEVICES: [0]
[I 2023-12-15 14:20:28,274] Trial 32 finished with value: 153.69422912597656 and parameters: {'gradient_clip_val': 0.8548801956483858, 'hidden_size': 5, 'dropout': 0.3131931935330508, 'hidden_continuous_size': 5, 'attention_head_size': 2, 'learning_rate': 0.006222585008170854}. Best is trial 25 with value: 136.48501586914062.
LOCAL_RANK: 0 - CUDA_VISIBLE_DEVICES: [0]
[I 2023-12-15 14:21:13,216] Trial 33 finished with value: 185.16282653808594 and parameters: {'gradient_clip_val': 0.9928992721500547, 'hidden_size': 6, 'dropout': 0.33334975204319484, 'hidden_continuous_size': 5, 'attention_head_size': 2, 'learning_rate': 0.009935130580694614}. Best is trial 25 with value: 136.48501586914062.
LOCAL_RANK: 0 - CUDA_VISIBLE_DEVICES: [0]
[I 2023-12-15 14:21:57,882] Trial 34 finished with value: 215.3570556640625 and parameters: {'gradient_clip_val': 0.760188337084626, 'hidden_size': 9, 'dropout': 0.369841200188284, 'hidden_continuous_size': 6, 'attention_head_size': 1, 'learning_rate': 0.007883073397394302}. Best is trial 25 with value: 136.48501586914062.
LOCAL_RANK: 0 - CUDA_VISIBLE_DEVICES: [0]
[I 2023-12-15 14:22:42,778] Trial 35 finished with value: 185.6655731201172 and parameters: {'gradient_clip_val': 0.5868689900275559, 'hidden_size': 6, 'dropout': 0.35489708665757697, 'hidden_continuous_size': 5, 'attention_head_size': 2, 'learning_rate': 0.004529756375257987}. Best is trial 25 with value: 136.48501586914062.
LOCAL_RANK: 0 - CUDA_VISIBLE_DEVICES: [0]
[I 2023-12-15 14:23:27,276] Trial 36 finished with value: 153.96665954589844 and parameters: {'gradient_clip_val': 0.8282730718779872, 'hidden_size': 8, 'dropout': 0.3082158833566062, 'hidden_continuous_size': 5, 'attention_head_size': 4, 'learning_rate': 0.002591105121028017}. Best is trial 25 with value: 136.48501586914062.
LOCAL_RANK: 0 - CUDA_VISIBLE_DEVICES: [0]
[I 2023-12-15 14:24:11,328] Trial 37 finished with value: 143.94345092773438 and parameters: {'gradient_clip_val': 0.6734553180905758, 'hidden_size': 12, 'dropout': 0.2822856483273299, 'hidden_continuous_size': 6, 'attention_head_size': 2, 'learning_rate': 0.0018675475068155403}. Best is trial 25 with value: 136.48501586914062.
LOCAL_RANK: 0 - CUDA_VISIBLE_DEVICES: [0]
[I 2023-12-15 14:24:57,603] Trial 38 finished with value: 153.97080993652344 and parameters: {'gradient_clip_val': 0.5452064695950769, 'hidden_size': 13, 'dropout': 0.2676425110491082, 'hidden_continuous_size': 7, 'attention_head_size': 4, 'learning_rate': 0.0015063097221929985}. Best is trial 25 with value: 136.48501586914062.
LOCAL_RANK: 0 - CUDA_VISIBLE_DEVICES: [0]
