[I 2023-12-26 13:15:52,964] Trial 37 finished with value: 2.9524428844451904 and parameters: {'gradient_clip_val': 0.2118291067653328, 'hidden_size': 11, 'dropout': 0.10405914266843397, 'hidden_continuous_size': 6, 'attention_head_size': 2, 'learning_rate': 0.0009790871943838868}. Best is trial 0 with value: 0.036036890000104904.
[I 2023-12-26 13:15:55,419] Trial 38 finished with value: 2.3075108528137207 and parameters: {'gradient_clip_val': 0.17225659575139726, 'hidden_size': 31, 'dropout': 0.4800078275640636, 'hidden_continuous_size': 9, 'attention_head_size': 2, 'learning_rate': 0.001673886464527568}. Best is trial 0 with value: 0.036036890000104904.
[I 2023-12-26 13:15:57,717] Trial 39 finished with value: 4.037563323974609 and parameters: {'gradient_clip_val': 0.14084558157329677, 'hidden_size': 32, 'dropout': 0.47616047203557454, 'hidden_continuous_size': 9, 'attention_head_size': 4, 'learning_rate': 0.002456455555388765}. Best is trial 0 with value: 0.036036890000104904.
[I 2023-12-26 13:16:00,711] Trial 40 finished with value: 2.885218858718872 and parameters: {'gradient_clip_val': 0.20262889765704037, 'hidden_size': 54, 'dropout': 0.4284569121270065, 'hidden_continuous_size': 10, 'attention_head_size': 1, 'learning_rate': 0.0016859947040759125}. Best is trial 0 with value: 0.036036890000104904.
[I 2023-12-26 13:16:03,146] Trial 41 finished with value: 4.07993745803833 and parameters: {'gradient_clip_val': 0.17030132352269003, 'hidden_size': 31, 'dropout': 0.498618983638709, 'hidden_continuous_size': 8, 'attention_head_size': 2, 'learning_rate': 0.0012952963906441375}. Best is trial 0 with value: 0.036036890000104904.
[I 2023-12-26 13:16:06,588] Trial 42 finished with value: 3.5633785724639893 and parameters: {'gradient_clip_val': 0.15246988297849415, 'hidden_size': 59, 'dropout': 0.4548652612162034, 'hidden_continuous_size': 7, 'attention_head_size': 2, 'learning_rate': 0.0006142935559539168}. Best is trial 0 with value: 0.036036890000104904.
[I 2023-12-26 13:16:10,093] Trial 43 finished with value: 3.9053831100463867 and parameters: {'gradient_clip_val': 0.133921615000337, 'hidden_size': 66, 'dropout': 0.4779795123149215, 'hidden_continuous_size': 12, 'attention_head_size': 2, 'learning_rate': 0.0008466281620806646}. Best is trial 0 with value: 0.036036890000104904.
[I 2023-12-26 13:16:12,285] Trial 44 finished with value: 3.640035629272461 and parameters: {'gradient_clip_val': 0.23977176328353442, 'hidden_size': 22, 'dropout': 0.4361581228411815, 'hidden_continuous_size': 9, 'attention_head_size': 3, 'learning_rate': 0.0016844568065802186}. Best is trial 0 with value: 0.036036890000104904.
[I 2023-12-26 13:16:14,565] Trial 45 finished with value: 3.2532365322113037 and parameters: {'gradient_clip_val': 0.1116577118964389, 'hidden_size': 32, 'dropout': 0.4504351828932789, 'hidden_continuous_size': 14, 'attention_head_size': 2, 'learning_rate': 0.0011212945915533355}. Best is trial 0 with value: 0.036036890000104904.
[I 2023-12-26 13:16:18,607] Trial 46 finished with value: 3.3133649826049805 and parameters: {'gradient_clip_val': 0.1801132501453158, 'hidden_size': 73, 'dropout': 0.4822332181600548, 'hidden_continuous_size': 20, 'attention_head_size': 3, 'learning_rate': 0.004957198758022922}. Best is trial 0 with value: 0.036036890000104904.
[I 2023-12-26 13:16:21,457] Trial 47 finished with value: 4.406465530395508 and parameters: {'gradient_clip_val': 0.2099771835309594, 'hidden_size': 46, 'dropout': 0.376222206863396, 'hidden_continuous_size': 12, 'attention_head_size': 2, 'learning_rate': 0.0018856415449112441}. Best is trial 0 with value: 0.036036890000104904.
[I 2023-12-26 13:16:24,079] Trial 48 finished with value: 3.566795587539673 and parameters: {'gradient_clip_val': 0.1670915115448969, 'hidden_size': 40, 'dropout': 0.4168549759669738, 'hidden_continuous_size': 27, 'attention_head_size': 3, 'learning_rate': 0.001478295918558489}. Best is trial 0 with value: 0.036036890000104904.
[I 2023-12-26 13:16:26,248] Trial 49 finished with value: 3.982905626296997 and parameters: {'gradient_clip_val': 0.39647552568885136, 'hidden_size': 24, 'dropout': 0.28382233247975064, 'hidden_continuous_size': 10, 'attention_head_size': 3, 'learning_rate': 0.0006342910298626902}. Best is trial 0 with value: 0.036036890000104904.
[I 2023-12-26 13:16:26,365] A new study created in memory with name: no-name-0dd1ffc9-60e3-472c-b626-49247441cc5e
/home/le004/conda/anaconda3/envs/tsff_env/lib/python3.9/site-packages/lightning/fabric/plugins/environments/slurm.py:191: The `srun` command is available on your system but is not used. HINT: If your intention is to run Lightning on SLURM, prepend your python command with `srun` like so: srun python /home/le004/master_thesis/git/TSFusionForecast/code/ ...
[I 2023-12-26 13:21:56,002] Trial 0 finished with value: 0.04013460502028465 and parameters: {'gradient_clip_val': 0.1707815588936639, 'hidden_size': 34, 'dropout': 0.4408730764815386, 'hidden_continuous_size': 10, 'attention_head_size': 1, 'learning_rate': 0.016914373165632}. Best is trial 0 with value: 0.04013460502028465.
[I 2023-12-26 13:21:59,932] Trial 1 finished with value: 3.2824594974517822 and parameters: {'gradient_clip_val': 0.8852800626565913, 'hidden_size': 43, 'dropout': 0.28570705214261005, 'hidden_continuous_size': 9, 'attention_head_size': 1, 'learning_rate': 0.0043975750168353265}. Best is trial 0 with value: 0.04013460502028465.
[I 2023-12-26 13:22:07,378] Trial 2 finished with value: 2.792494535446167 and parameters: {'gradient_clip_val': 0.2745614282006856, 'hidden_size': 90, 'dropout': 0.39114173380533124, 'hidden_continuous_size': 13, 'attention_head_size': 1, 'learning_rate': 0.0063768365163993385}. Best is trial 0 with value: 0.04013460502028465.
[I 2023-12-26 13:22:10,287] Trial 3 finished with value: 3.398106813430786 and parameters: {'gradient_clip_val': 0.15560280408829674, 'hidden_size': 24, 'dropout': 0.4729096267479592, 'hidden_continuous_size': 12, 'attention_head_size': 3, 'learning_rate': 0.0013394854673512686}. Best is trial 0 with value: 0.04013460502028465.
[I 2023-12-26 13:22:13,088] Trial 4 finished with value: 3.0973269939422607 and parameters: {'gradient_clip_val': 0.3501400652472858, 'hidden_size': 21, 'dropout': 0.36934641064999285, 'hidden_continuous_size': 5, 'attention_head_size': 4, 'learning_rate': 0.005820711420620361}. Best is trial 0 with value: 0.04013460502028465.
[I 2023-12-26 13:22:16,787] Trial 5 finished with value: 2.502802610397339 and parameters: {'gradient_clip_val': 0.7640619556398495, 'hidden_size': 33, 'dropout': 0.16990500985590495, 'hidden_continuous_size': 7, 'attention_head_size': 3, 'learning_rate': 0.0008671903732350253}. Best is trial 0 with value: 0.04013460502028465.
[I 2023-12-26 13:22:19,549] Trial 6 finished with value: 3.0803182125091553 and parameters: {'gradient_clip_val': 0.1766515450322698, 'hidden_size': 21, 'dropout': 0.11006438951330177, 'hidden_continuous_size': 14, 'attention_head_size': 1, 'learning_rate': 0.07114841035911194}. Best is trial 0 with value: 0.04013460502028465.
[I 2023-12-26 13:22:23,169] Trial 7 finished with value: 2.6778831481933594 and parameters: {'gradient_clip_val': 0.2933760869219127, 'hidden_size': 39, 'dropout': 0.20801863462227949, 'hidden_continuous_size': 5, 'attention_head_size': 3, 'learning_rate': 0.0011448221761150284}. Best is trial 0 with value: 0.04013460502028465.
[I 2023-12-26 13:22:25,415] Trial 8 finished with value: 3.103001594543457 and parameters: {'gradient_clip_val': 0.26158652106072, 'hidden_size': 6, 'dropout': 0.35322016089136343, 'hidden_continuous_size': 5, 'attention_head_size': 2, 'learning_rate': 0.09325192763446402}. Best is trial 0 with value: 0.04013460502028465.
[I 2023-12-26 13:22:35,765] Trial 9 finished with value: 2.6265320777893066 and parameters: {'gradient_clip_val': 0.9996796047355115, 'hidden_size': 132, 'dropout': 0.21550812953923693, 'hidden_continuous_size': 12, 'attention_head_size': 4, 'learning_rate': 0.00123038587587218}. Best is trial 0 with value: 0.04013460502028465.
[I 2023-12-26 13:22:38,230] Trial 10 finished with value: 3.0695083141326904 and parameters: {'gradient_clip_val': 0.10471175283425466, 'hidden_size': 10, 'dropout': 0.48530806800913456, 'hidden_continuous_size': 9, 'attention_head_size': 2, 'learning_rate': 0.026181537330545183}. Best is trial 0 with value: 0.04013460502028465.
[I 2023-12-26 13:22:43,076] Trial 11 finished with value: 2.5717499256134033 and parameters: {'gradient_clip_val': 0.5735937316671741, 'hidden_size': 53, 'dropout': 0.10371715617486658, 'hidden_continuous_size': 27, 'attention_head_size': 3, 'learning_rate': 0.018372195927346416}. Best is trial 0 with value: 0.04013460502028465.
[I 2023-12-26 13:22:45,638] Trial 12 finished with value: 3.046581983566284 and parameters: {'gradient_clip_val': 0.48218736458280664, 'hidden_size': 15, 'dropout': 0.44220963933841384, 'hidden_continuous_size': 7, 'attention_head_size': 2, 'learning_rate': 0.0006961192343304427}. Best is trial 0 with value: 0.04013460502028465.
[I 2023-12-26 13:22:51,359] Trial 13 finished with value: 4.117568492889404 and parameters: {'gradient_clip_val': 0.6832318139369769, 'hidden_size': 62, 'dropout': 0.2970476080874245, 'hidden_continuous_size': 62, 'attention_head_size': 3, 'learning_rate': 0.0005153336878323147}. Best is trial 0 with value: 0.04013460502028465.
[I 2023-12-26 13:22:54,826] Trial 14 finished with value: 2.4551124572753906 and parameters: {'gradient_clip_val': 0.4044578200350481, 'hidden_size': 34, 'dropout': 0.43219598645839385, 'hidden_continuous_size': 7, 'attention_head_size': 2, 'learning_rate': 0.002814067352780779}. Best is trial 0 with value: 0.04013460502028465.
[I 2023-12-26 13:23:00,246] Trial 15 finished with value: 2.862358808517456 and parameters: {'gradient_clip_val': 0.44592812158421236, 'hidden_size': 62, 'dropout': 0.41996442397037553, 'hidden_continuous_size': 20, 'attention_head_size': 1, 'learning_rate': 0.0024332998727546085}. Best is trial 0 with value: 0.04013460502028465.
[I 2023-12-26 13:23:03,374] Trial 16 finished with value: 3.2267720699310303 and parameters: {'gradient_clip_val': 0.20373675859812293, 'hidden_size': 32, 'dropout': 0.4852081189848799, 'hidden_continuous_size': 7, 'attention_head_size': 2, 'learning_rate': 0.016846205377562515}. Best is trial 0 with value: 0.04013460502028465.
[I 2023-12-26 13:23:06,152] Trial 17 finished with value: 3.534435272216797 and parameters: {'gradient_clip_val': 0.43293868298092403, 'hidden_size': 16, 'dropout': 0.43205989549638757, 'hidden_continuous_size': 6, 'attention_head_size': 1, 'learning_rate': 0.002834407264966745}. Best is trial 0 with value: 0.04013460502028465.
[I 2023-12-26 13:23:09,415] Trial 18 finished with value: 2.6405584812164307 and parameters: {'gradient_clip_val': 0.35422712434410075, 'hidden_size': 31, 'dropout': 0.3425257237281375, 'hidden_continuous_size': 9, 'attention_head_size': 2, 'learning_rate': 0.013427051173821942}. Best is trial 0 with value: 0.04013460502028465.
[I 2023-12-26 13:23:16,340] Trial 19 finished with value: 2.8166849613189697 and parameters: {'gradient_clip_val': 0.22720994374303152, 'hidden_size': 84, 'dropout': 0.49852234977410115, 'hidden_continuous_size': 19, 'attention_head_size': 1, 'learning_rate': 0.011418810779809382}. Best is trial 0 with value: 0.04013460502028465.
[I 2023-12-26 13:23:20,503] Trial 20 finished with value: 3.3605995178222656 and parameters: {'gradient_clip_val': 0.1322540503593027, 'hidden_size': 44, 'dropout': 0.4017725853675426, 'hidden_continuous_size': 10, 'attention_head_size': 2, 'learning_rate': 0.009081628647216197}. Best is trial 0 with value: 0.04013460502028465.
[I 2023-12-26 13:23:23,860] Trial 21 finished with value: 1.8809083700180054 and parameters: {'gradient_clip_val': 0.7598674033170498, 'hidden_size': 31, 'dropout': 0.45265828226730637, 'hidden_continuous_size': 7, 'attention_head_size': 3, 'learning_rate': 0.002675882553962015}. Best is trial 0 with value: 0.04013460502028465.
[I 2023-12-26 13:23:27,096] Trial 22 finished with value: 2.957707643508911 and parameters: {'gradient_clip_val': 0.6056969049843478, 'hidden_size': 28, 'dropout': 0.4532461747238711, 'hidden_continuous_size': 6, 'attention_head_size': 4, 'learning_rate': 0.002431547155726326}. Best is trial 0 with value: 0.04013460502028465.
[I 2023-12-26 13:23:31,112] Trial 23 finished with value: 2.239764928817749 and parameters: {'gradient_clip_val': 0.3631558921215858, 'hidden_size': 42, 'dropout': 0.4497994482603248, 'hidden_continuous_size': 7, 'attention_head_size': 3, 'learning_rate': 0.003354758765388526}. Best is trial 0 with value: 0.04013460502028465.
[I 2023-12-26 13:23:35,540] Trial 24 finished with value: 3.2684824466705322 and parameters: {'gradient_clip_val': 0.32550647879357264, 'hidden_size': 50, 'dropout': 0.4586520551835882, 'hidden_continuous_size': 10, 'attention_head_size': 3, 'learning_rate': 0.004355610525072225}. Best is trial 0 with value: 0.04013460502028465.
[I 2023-12-26 13:23:38,678] Trial 25 finished with value: 2.6233785152435303 and parameters: {'gradient_clip_val': 0.5520044594055518, 'hidden_size': 26, 'dropout': 0.4062906217178107, 'hidden_continuous_size': 8, 'attention_head_size': 4, 'learning_rate': 0.0017750005588225706}. Best is trial 0 with value: 0.04013460502028465.
[I 2023-12-26 13:23:42,408] Trial 26 finished with value: 3.3614091873168945 and parameters: {'gradient_clip_val': 0.23099809605650493, 'hidden_size': 40, 'dropout': 0.49901248850827873, 'hidden_continuous_size': 6, 'attention_head_size': 3, 'learning_rate': 0.007988402476949779}. Best is trial 0 with value: 0.04013460502028465.
[I 2023-12-26 13:23:44,976] Trial 27 finished with value: 3.13504695892334 and parameters: {'gradient_clip_val': 0.7440202093404674, 'hidden_size': 17, 'dropout': 0.45950604655971433, 'hidden_continuous_size': 8, 'attention_head_size': 3, 'learning_rate': 0.004244654538866798}. Best is trial 0 with value: 0.04013460502028465.
[I 2023-12-26 13:23:50,650] Trial 28 finished with value: 3.430201292037964 and parameters: {'gradient_clip_val': 0.5081826297476709, 'hidden_size': 62, 'dropout': 0.384996365494053, 'hidden_continuous_size': 11, 'attention_head_size': 4, 'learning_rate': 0.027779250300164877}. Best is trial 0 with value: 0.04013460502028465.
[I 2023-12-26 13:23:54,881] Trial 29 finished with value: 2.4338316917419434 and parameters: {'gradient_clip_val': 0.8609130584109794, 'hidden_size': 42, 'dropout': 0.31523769208049246, 'hidden_continuous_size': 8, 'attention_head_size': 3, 'learning_rate': 0.004455262747331773}. Best is trial 0 with value: 0.04013460502028465.
[I 2023-12-26 13:23:57,910] Trial 30 finished with value: 2.791741132736206 and parameters: {'gradient_clip_val': 0.3778919587816226, 'hidden_size': 26, 'dropout': 0.41584679391475654, 'hidden_continuous_size': 6, 'attention_head_size': 3, 'learning_rate': 0.0017513764676617795}. Best is trial 0 with value: 0.04013460502028465.
[I 2023-12-26 13:24:01,742] Trial 31 finished with value: 3.576570749282837 and parameters: {'gradient_clip_val': 0.8742903240160063, 'hidden_size': 41, 'dropout': 0.3293906029577456, 'hidden_continuous_size': 8, 'attention_head_size': 3, 'learning_rate': 0.003737141919877091}. Best is trial 0 with value: 0.04013460502028465.
[I 2023-12-26 13:24:05,522] Trial 32 finished with value: 3.1227798461914062 and parameters: {'gradient_clip_val': 0.6621318674153698, 'hidden_size': 38, 'dropout': 0.3809846984623793, 'hidden_continuous_size': 9, 'attention_head_size': 3, 'learning_rate': 0.005540126969635142}. Best is trial 0 with value: 0.04013460502028465.
[I 2023-12-26 13:24:09,986] Trial 33 finished with value: 2.7330875396728516 and parameters: {'gradient_clip_val': 0.8715236783696109, 'hidden_size': 49, 'dropout': 0.3177998977008828, 'hidden_continuous_size': 11, 'attention_head_size': 3, 'learning_rate': 0.006712358359749456}. Best is trial 0 with value: 0.04013460502028465.
[I 2023-12-26 13:24:13,296] Trial 34 finished with value: 2.8188211917877197 and parameters: {'gradient_clip_val': 0.30828445645199004, 'hidden_size': 31, 'dropout': 0.4686433310538714, 'hidden_continuous_size': 8, 'attention_head_size': 4, 'learning_rate': 0.005254654073753606}. Best is trial 0 with value: 0.04013460502028465.
[I 2023-12-26 13:24:16,180] Trial 35 finished with value: 2.8652379512786865 and parameters: {'gradient_clip_val': 0.7773131999696171, 'hidden_size': 22, 'dropout': 0.37784033580905874, 'hidden_continuous_size': 8, 'attention_head_size': 3, 'learning_rate': 0.003752387034036102}. Best is trial 0 with value: 0.04013460502028465.
[I 2023-12-26 13:24:22,588] Trial 36 finished with value: 3.521806478500366 and parameters: {'gradient_clip_val': 0.975754164011045, 'hidden_size': 77, 'dropout': 0.3546626586346996, 'hidden_continuous_size': 14, 'attention_head_size': 2, 'learning_rate': 0.007519877917754557}. Best is trial 0 with value: 0.04013460502028465.
[I 2023-12-26 13:24:26,861] Trial 37 finished with value: 3.108262300491333 and parameters: {'gradient_clip_val': 0.6393420495828274, 'hidden_size': 46, 'dropout': 0.43923959468734974, 'hidden_continuous_size': 10, 'attention_head_size': 3, 'learning_rate': 0.0032971369003861354}. Best is trial 0 with value: 0.04013460502028465.
[I 2023-12-26 13:24:30,369] Trial 38 finished with value: 3.8033416271209717 and parameters: {'gradient_clip_val': 0.5276218068097674, 'hidden_size': 35, 'dropout': 0.39879408221670987, 'hidden_continuous_size': 5, 'attention_head_size': 4, 'learning_rate': 0.0051704922024317914}. Best is trial 0 with value: 0.04013460502028465.
[I 2023-12-26 13:24:33,436] Trial 39 finished with value: 3.132887125015259 and parameters: {'gradient_clip_val': 0.7770608081362826, 'hidden_size': 28, 'dropout': 0.2784882300374524, 'hidden_continuous_size': 7, 'attention_head_size': 1, 'learning_rate': 0.0017229676851250875}. Best is trial 0 with value: 0.04013460502028465.
[I 2023-12-26 13:24:36,810] Trial 40 finished with value: 3.339665412902832 and parameters: {'gradient_clip_val': 0.2840151326681628, 'hidden_size': 23, 'dropout': 0.4193112458210253, 'hidden_continuous_size': 6, 'attention_head_size': 3, 'learning_rate': 0.006197769726835743}. Best is trial 0 with value: 0.04013460502028465.
[I 2023-12-26 13:24:40,224] Trial 41 finished with value: 3.7055504322052 and parameters: {'gradient_clip_val': 0.3982124939313476, 'hidden_size': 33, 'dropout': 0.4305480881804699, 'hidden_continuous_size': 7, 'attention_head_size': 2, 'learning_rate': 0.0026869070137149507}. Best is trial 0 with value: 0.04013460502028465.
[I 2023-12-26 13:24:43,863] Trial 42 finished with value: 3.4698619842529297 and parameters: {'gradient_clip_val': 0.3418894279169969, 'hidden_size': 38, 'dropout': 0.4706939875801327, 'hidden_continuous_size': 7, 'attention_head_size': 1, 'learning_rate': 0.003345617962112903}. Best is trial 0 with value: 0.04013460502028465.
[I 2023-12-26 13:24:47,426] Trial 43 finished with value: 3.760443925857544 and parameters: {'gradient_clip_val': 0.26421805450340125, 'hidden_size': 37, 'dropout': 0.44166990141566204, 'hidden_continuous_size': 9, 'attention_head_size': 2, 'learning_rate': 0.002129817160094319}. Best is trial 0 with value: 0.04013460502028465.
[I 2023-12-26 13:24:52,157] Trial 44 finished with value: 4.1105637550354 and parameters: {'gradient_clip_val': 0.4651542686518697, 'hidden_size': 53, 'dropout': 0.3962482414886174, 'hidden_continuous_size': 5, 'attention_head_size': 2, 'learning_rate': 0.0012805428424401424}. Best is trial 0 with value: 0.04013460502028465.
[I 2023-12-26 13:24:54,839] Trial 45 finished with value: 4.052469253540039 and parameters: {'gradient_clip_val': 0.5698183492420571, 'hidden_size': 20, 'dropout': 0.3679620132122133, 'hidden_continuous_size': 7, 'attention_head_size': 3, 'learning_rate': 0.003092406191219145}. Best is trial 0 with value: 0.04013460502028465.
[I 2023-12-26 13:24:58,737] Trial 46 finished with value: 2.952177047729492 and parameters: {'gradient_clip_val': 0.30765374680366414, 'hidden_size': 42, 'dropout': 0.4775907447523372, 'hidden_continuous_size': 12, 'attention_head_size': 1, 'learning_rate': 0.004576584652797278}. Best is trial 0 with value: 0.04013460502028465.
[I 2023-12-26 13:25:02,059] Trial 47 finished with value: 3.614314317703247 and parameters: {'gradient_clip_val': 0.41751267706488865, 'hidden_size': 30, 'dropout': 0.45343223365197427, 'hidden_continuous_size': 8, 'attention_head_size': 3, 'learning_rate': 0.0023022206543804615}. Best is trial 0 with value: 0.04013460502028465.
[I 2023-12-26 13:25:05,106] Trial 48 finished with value: 3.04730486869812 and parameters: {'gradient_clip_val': 0.3888350081515177, 'hidden_size': 25, 'dropout': 0.4232214540504144, 'hidden_continuous_size': 9, 'attention_head_size': 2, 'learning_rate': 0.0010409098691092488}. Best is trial 0 with value: 0.04013460502028465.
[I 2023-12-26 13:25:08,557] Trial 49 finished with value: 2.8798437118530273 and parameters: {'gradient_clip_val': 0.46620102028935023, 'hidden_size': 35, 'dropout': 0.44831863038821335, 'hidden_continuous_size': 6, 'attention_head_size': 3, 'learning_rate': 0.00415173581379099}. Best is trial 0 with value: 0.04013460502028465.
[I 2023-12-26 13:25:08,747] A new study created in memory with name: no-name-ac218182-ae94-41a4-91a7-6b487a6234e9
/home/le004/conda/anaconda3/envs/tsff_env/lib/python3.9/site-packages/lightning/fabric/plugins/environments/slurm.py:191: The `srun` command is available on your system but is not used. HINT: If your intention is to run Lightning on SLURM, prepend your python command with `srun` like so: srun python /home/le004/master_thesis/git/TSFusionForecast/code/ ...
