[rank: 0] Seed set to 42
[I 2023-12-26 11:21:50,396] A new study created in memory with name: no-name-dadf74d6-8c0e-42c1-9e65-52b8fdd14839
/home/le004/conda/anaconda3/envs/tsff_env/lib/python3.9/site-packages/lightning/fabric/plugins/environments/slurm.py:191: The `srun` command is available on your system but is not used. HINT: If your intention is to run Lightning on SLURM, prepend your python command with `srun` like so: srun python /home/le004/master_thesis/git/TSFusionForecast/code/ ...
[I 2023-12-26 11:27:01,020] Trial 0 finished with value: 15.08996868133545 and parameters: {'gradient_clip_val': 0.16223549473669013, 'hidden_size': 9, 'dropout': 0.26903355193395934, 'hidden_continuous_size': 7, 'attention_head_size': 4, 'learning_rate': 0.014946623671923016}. Best is trial 0 with value: 15.08996868133545.
[I 2023-12-26 11:27:45,507] Trial 1 finished with value: 20.68321418762207 and parameters: {'gradient_clip_val': 0.4481569792461606, 'hidden_size': 10, 'dropout': 0.2799096528881059, 'hidden_continuous_size': 8, 'attention_head_size': 1, 'learning_rate': 0.036112394716271236}. Best is trial 0 with value: 15.08996868133545.
[I 2023-12-26 11:27:48,147] Trial 2 finished with value: 105.6891860961914 and parameters: {'gradient_clip_val': 0.11510696313502491, 'hidden_size': 24, 'dropout': 0.26666113660512925, 'hidden_continuous_size': 13, 'attention_head_size': 3, 'learning_rate': 0.01045744736792546}. Best is trial 0 with value: 15.08996868133545.
[I 2023-12-26 11:27:50,227] Trial 3 finished with value: 91.66315460205078 and parameters: {'gradient_clip_val': 0.16501082888165575, 'hidden_size': 9, 'dropout': 0.3416371864523314, 'hidden_continuous_size': 5, 'attention_head_size': 1, 'learning_rate': 0.0012481556753406457}. Best is trial 0 with value: 15.08996868133545.
[I 2023-12-26 11:27:54,187] Trial 4 finished with value: 113.1395263671875 and parameters: {'gradient_clip_val': 0.6743083670243039, 'hidden_size': 51, 'dropout': 0.2160708598913632, 'hidden_continuous_size': 18, 'attention_head_size': 3, 'learning_rate': 0.0009010517671308869}. Best is trial 0 with value: 15.08996868133545.
[I 2023-12-26 11:27:56,432] Trial 5 finished with value: 128.63661193847656 and parameters: {'gradient_clip_val': 0.5535230173580127, 'hidden_size': 9, 'dropout': 0.49228853899505987, 'hidden_continuous_size': 7, 'attention_head_size': 3, 'learning_rate': 0.003982060448388747}. Best is trial 0 with value: 15.08996868133545.
[I 2023-12-26 11:28:00,190] Trial 6 finished with value: 134.57127380371094 and parameters: {'gradient_clip_val': 0.3194909228930131, 'hidden_size': 42, 'dropout': 0.2554870286842695, 'hidden_continuous_size': 30, 'attention_head_size': 2, 'learning_rate': 0.002508605628961685}. Best is trial 0 with value: 15.08996868133545.
[I 2023-12-26 11:28:02,920] Trial 7 finished with value: 123.77355194091797 and parameters: {'gradient_clip_val': 0.2687413867751528, 'hidden_size': 19, 'dropout': 0.3427941188707958, 'hidden_continuous_size': 12, 'attention_head_size': 3, 'learning_rate': 0.07517263809971317}. Best is trial 0 with value: 15.08996868133545.
[I 2023-12-26 11:28:05,272] Trial 8 finished with value: 125.67730712890625 and parameters: {'gradient_clip_val': 0.13155596583019297, 'hidden_size': 11, 'dropout': 0.47041131638018185, 'hidden_continuous_size': 5, 'attention_head_size': 4, 'learning_rate': 0.0021539422722767244}. Best is trial 0 with value: 15.08996868133545.
[I 2023-12-26 11:28:08,124] Trial 9 finished with value: 140.9427032470703 and parameters: {'gradient_clip_val': 0.24162254516678458, 'hidden_size': 24, 'dropout': 0.40194453665350716, 'hidden_continuous_size': 16, 'attention_head_size': 4, 'learning_rate': 0.02766428042836577}. Best is trial 0 with value: 15.08996868133545.
[I 2023-12-26 11:28:10,249] Trial 10 finished with value: 82.61952209472656 and parameters: {'gradient_clip_val': 0.9423439143262219, 'hidden_size': 5, 'dropout': 0.1242906917540959, 'hidden_continuous_size': 5, 'attention_head_size': 4, 'learning_rate': 0.009185585896068611}. Best is trial 0 with value: 15.08996868133545.
[I 2023-12-26 11:28:19,329] Trial 11 finished with value: 130.9988555908203 and parameters: {'gradient_clip_val': 0.3832181658561263, 'hidden_size': 103, 'dropout': 0.20290493214508537, 'hidden_continuous_size': 71, 'attention_head_size': 1, 'learning_rate': 0.025347325104208583}. Best is trial 0 with value: 15.08996868133545.
[I 2023-12-26 11:28:21,621] Trial 12 finished with value: 113.39261627197266 and parameters: {'gradient_clip_val': 0.18399822214959569, 'hidden_size': 12, 'dropout': 0.3220810391995415, 'hidden_continuous_size': 7, 'attention_head_size': 2, 'learning_rate': 0.022179316826856817}. Best is trial 0 with value: 15.08996868133545.
[I 2023-12-26 11:28:23,990] Trial 13 finished with value: 141.06192016601562 and parameters: {'gradient_clip_val': 0.4307460805724995, 'hidden_size': 5, 'dropout': 0.2860239759658562, 'hidden_continuous_size': 5, 'attention_head_size': 2, 'learning_rate': 0.07982742537744979}. Best is trial 0 with value: 15.08996868133545.
[I 2023-12-26 11:28:26,423] Trial 14 finished with value: 163.37701416015625 and parameters: {'gradient_clip_val': 0.10092988018603649, 'hidden_size': 13, 'dropout': 0.18860945201201107, 'hidden_continuous_size': 6, 'attention_head_size': 1, 'learning_rate': 0.014777166658395426}. Best is trial 0 with value: 15.08996868133545.
[I 2023-12-26 11:28:28,589] Trial 15 finished with value: 118.43073272705078 and parameters: {'gradient_clip_val': 0.18042590415865933, 'hidden_size': 7, 'dropout': 0.3778643178049836, 'hidden_continuous_size': 6, 'attention_head_size': 2, 'learning_rate': 0.04834748124624175}. Best is trial 0 with value: 15.08996868133545.
[I 2023-12-26 11:28:31,134] Trial 16 finished with value: 119.8050765991211 and parameters: {'gradient_clip_val': 0.23461425358934423, 'hidden_size': 17, 'dropout': 0.2890643697995812, 'hidden_continuous_size': 8, 'attention_head_size': 1, 'learning_rate': 0.0060176021842914046}. Best is trial 0 with value: 15.08996868133545.
[I 2023-12-26 11:28:33,442] Trial 17 finished with value: 80.11917877197266 and parameters: {'gradient_clip_val': 0.3332288368707897, 'hidden_size': 7, 'dropout': 0.24168738507908394, 'hidden_continuous_size': 5, 'attention_head_size': 4, 'learning_rate': 0.04077469679275806}. Best is trial 0 with value: 15.08996868133545.
[I 2023-12-26 11:28:35,812] Trial 18 finished with value: 173.30128479003906 and parameters: {'gradient_clip_val': 0.5203021086032324, 'hidden_size': 16, 'dropout': 0.17055406099921086, 'hidden_continuous_size': 8, 'attention_head_size': 2, 'learning_rate': 0.014742468721940086}. Best is trial 0 with value: 15.08996868133545.
[I 2023-12-26 11:28:37,995] Trial 19 finished with value: 103.0136947631836 and parameters: {'gradient_clip_val': 0.13301299175410164, 'hidden_size': 8, 'dropout': 0.24199354677171042, 'hidden_continuous_size': 6, 'attention_head_size': 3, 'learning_rate': 0.006140551284840734}. Best is trial 0 with value: 15.08996868133545.
[I 2023-12-26 11:28:39,887] Trial 20 finished with value: 80.51298522949219 and parameters: {'gradient_clip_val': 0.2938932804575904, 'hidden_size': 5, 'dropout': 0.2931910518617845, 'hidden_continuous_size': 5, 'attention_head_size': 1, 'learning_rate': 0.042297320193268845}. Best is trial 0 with value: 15.08996868133545.
[I 2023-12-26 11:28:41,997] Trial 21 finished with value: 117.0430679321289 and parameters: {'gradient_clip_val': 0.33904363750495914, 'hidden_size': 7, 'dropout': 0.24300288269096904, 'hidden_continuous_size': 5, 'attention_head_size': 4, 'learning_rate': 0.042204581956774984}. Best is trial 0 with value: 15.08996868133545.
[I 2023-12-26 11:28:44,424] Trial 22 finished with value: 109.0816421508789 and parameters: {'gradient_clip_val': 0.37546041397062785, 'hidden_size': 11, 'dropout': 0.22909380169907, 'hidden_continuous_size': 6, 'attention_head_size': 4, 'learning_rate': 0.020316824054626974}. Best is trial 0 with value: 15.08996868133545.
[I 2023-12-26 11:28:46,753] Trial 23 finished with value: 166.2799530029297 and parameters: {'gradient_clip_val': 0.21316686243344438, 'hidden_size': 7, 'dropout': 0.164971187402857, 'hidden_continuous_size': 5, 'attention_head_size': 4, 'learning_rate': 0.09990398120391786}. Best is trial 0 with value: 15.08996868133545.
[I 2023-12-26 11:28:49,551] Trial 24 finished with value: 98.64681243896484 and parameters: {'gradient_clip_val': 0.29234238276239116, 'hidden_size': 14, 'dropout': 0.26365786612037334, 'hidden_continuous_size': 7, 'attention_head_size': 4, 'learning_rate': 0.03688985837112322}. Best is trial 0 with value: 15.08996868133545.
[I 2023-12-26 11:28:51,930] Trial 25 finished with value: 134.4716339111328 and parameters: {'gradient_clip_val': 0.4337500065813473, 'hidden_size': 10, 'dropout': 0.3166734733400598, 'hidden_continuous_size': 6, 'attention_head_size': 3, 'learning_rate': 0.05935403769216498}. Best is trial 0 with value: 15.08996868133545.
[I 2023-12-26 11:28:54,252] Trial 26 finished with value: 93.77252960205078 and parameters: {'gradient_clip_val': 0.22231544422555166, 'hidden_size': 7, 'dropout': 0.20241998576778705, 'hidden_continuous_size': 5, 'attention_head_size': 4, 'learning_rate': 0.02768109950890371}. Best is trial 0 with value: 15.08996868133545.
[I 2023-12-26 11:28:56,256] Trial 27 finished with value: 130.9462432861328 and parameters: {'gradient_clip_val': 0.272479593113785, 'hidden_size': 6, 'dropout': 0.23051569808148065, 'hidden_continuous_size': 5, 'attention_head_size': 3, 'learning_rate': 0.016555084045485596}. Best is trial 0 with value: 15.08996868133545.
[I 2023-12-26 11:28:58,373] Trial 28 finished with value: 134.5331573486328 and parameters: {'gradient_clip_val': 0.3368266437856276, 'hidden_size': 9, 'dropout': 0.2688442178276526, 'hidden_continuous_size': 6, 'attention_head_size': 4, 'learning_rate': 0.03426789516458992}. Best is trial 0 with value: 15.08996868133545.
[I 2023-12-26 11:29:01,012] Trial 29 finished with value: 118.31558227539062 and parameters: {'gradient_clip_val': 0.14990104102087753, 'hidden_size': 19, 'dropout': 0.25743549728233683, 'hidden_continuous_size': 9, 'attention_head_size': 2, 'learning_rate': 0.010944986667213637}. Best is trial 0 with value: 15.08996868133545.
[I 2023-12-26 11:29:03,487] Trial 30 finished with value: 120.23190307617188 and parameters: {'gradient_clip_val': 0.19952659616793775, 'hidden_size': 14, 'dropout': 0.2898603836890848, 'hidden_continuous_size': 7, 'attention_head_size': 3, 'learning_rate': 0.05905022092861054}. Best is trial 0 with value: 15.08996868133545.
[I 2023-12-26 11:29:05,607] Trial 31 finished with value: 100.47884368896484 and parameters: {'gradient_clip_val': 0.26271428832517674, 'hidden_size': 5, 'dropout': 0.3021200052251007, 'hidden_continuous_size': 5, 'attention_head_size': 1, 'learning_rate': 0.040070635641502796}. Best is trial 0 with value: 15.08996868133545.
[I 2023-12-26 11:29:07,791] Trial 32 finished with value: 121.06104278564453 and parameters: {'gradient_clip_val': 0.29956871028294646, 'hidden_size': 6, 'dropout': 0.27512806383161303, 'hidden_continuous_size': 5, 'attention_head_size': 1, 'learning_rate': 0.048072644849403226}. Best is trial 0 with value: 15.08996868133545.
[I 2023-12-26 11:29:10,067] Trial 33 finished with value: 117.17544555664062 and parameters: {'gradient_clip_val': 0.17130331102735155, 'hidden_size': 9, 'dropout': 0.24054947686225242, 'hidden_continuous_size': 5, 'attention_head_size': 1, 'learning_rate': 0.02890696692830461}. Best is trial 0 with value: 15.08996868133545.
[I 2023-12-26 11:29:12,303] Trial 34 finished with value: 122.92838287353516 and parameters: {'gradient_clip_val': 0.15087717584258784, 'hidden_size': 6, 'dropout': 0.30803466548417374, 'hidden_continuous_size': 5, 'attention_head_size': 1, 'learning_rate': 0.017282632658466943}. Best is trial 0 with value: 15.08996868133545.
[I 2023-12-26 11:29:14,648] Trial 35 finished with value: 113.69222259521484 and parameters: {'gradient_clip_val': 0.21019020629458443, 'hidden_size': 9, 'dropout': 0.2735793533663453, 'hidden_continuous_size': 6, 'attention_head_size': 1, 'learning_rate': 0.022049063335639257}. Best is trial 0 with value: 15.08996868133545.
[I 2023-12-26 11:29:16,993] Trial 36 finished with value: 148.2808380126953 and parameters: {'gradient_clip_val': 0.24839924565119906, 'hidden_size': 5, 'dropout': 0.32616346108430566, 'hidden_continuous_size': 5, 'attention_head_size': 3, 'learning_rate': 0.057123940286126634}. Best is trial 0 with value: 15.08996868133545.
[I 2023-12-26 11:29:19,305] Trial 37 finished with value: 125.46340942382812 and parameters: {'gradient_clip_val': 0.3010210019305995, 'hidden_size': 11, 'dropout': 0.21960385392368587, 'hidden_continuous_size': 8, 'attention_head_size': 2, 'learning_rate': 0.032981997417647305}. Best is trial 0 with value: 15.08996868133545.
[I 2023-12-26 11:29:21,356] Trial 38 finished with value: 139.6190643310547 and parameters: {'gradient_clip_val': 0.4771916713810525, 'hidden_size': 8, 'dropout': 0.3577867644962023, 'hidden_continuous_size': 5, 'attention_head_size': 1, 'learning_rate': 0.03564805069748119}. Best is trial 0 with value: 15.08996868133545.
[I 2023-12-26 11:29:24,292] Trial 39 finished with value: 119.40764617919922 and parameters: {'gradient_clip_val': 0.6140527655912379, 'hidden_size': 29, 'dropout': 0.29302645093082835, 'hidden_continuous_size': 10, 'attention_head_size': 3, 'learning_rate': 0.009713618983321622}. Best is trial 0 with value: 15.08996868133545.
[I 2023-12-26 11:29:26,715] Trial 40 finished with value: 129.10028076171875 and parameters: {'gradient_clip_val': 0.3713317697334004, 'hidden_size': 10, 'dropout': 0.2567839334501246, 'hidden_continuous_size': 7, 'attention_head_size': 4, 'learning_rate': 0.07594076887463752}. Best is trial 0 with value: 15.08996868133545.
[I 2023-12-26 11:29:28,736] Trial 41 finished with value: 105.83981323242188 and parameters: {'gradient_clip_val': 0.9320144555256443, 'hidden_size': 5, 'dropout': 0.12003245252716487, 'hidden_continuous_size': 5, 'attention_head_size': 4, 'learning_rate': 0.010123099491709132}. Best is trial 0 with value: 15.08996868133545.
[I 2023-12-26 11:29:31,045] Trial 42 finished with value: 155.9892578125 and parameters: {'gradient_clip_val': 0.7528777094936214, 'hidden_size': 6, 'dropout': 0.11462505692433292, 'hidden_continuous_size': 5, 'attention_head_size': 4, 'learning_rate': 0.020817878401964945}. Best is trial 0 with value: 15.08996868133545.
[I 2023-12-26 11:29:33,184] Trial 43 finished with value: 92.9625244140625 and parameters: {'gradient_clip_val': 0.580376156710864, 'hidden_size': 5, 'dropout': 0.33352628107611865, 'hidden_continuous_size': 5, 'attention_head_size': 4, 'learning_rate': 0.027450499021018846}. Best is trial 0 with value: 15.08996868133545.
[I 2023-12-26 11:29:35,338] Trial 44 finished with value: 165.0639190673828 and parameters: {'gradient_clip_val': 0.7542442721632557, 'hidden_size': 8, 'dropout': 0.1407597655986424, 'hidden_continuous_size': 7, 'attention_head_size': 4, 'learning_rate': 0.012949771765230784}. Best is trial 0 with value: 15.08996868133545.
[I 2023-12-26 11:29:37,473] Trial 45 finished with value: 147.99501037597656 and parameters: {'gradient_clip_val': 0.4286908201909876, 'hidden_size': 6, 'dropout': 0.21959488885628609, 'hidden_continuous_size': 5, 'attention_head_size': 4, 'learning_rate': 0.007930264607100184}. Best is trial 0 with value: 15.08996868133545.
[I 2023-12-26 11:29:39,740] Trial 46 finished with value: 118.62566375732422 and parameters: {'gradient_clip_val': 0.516141741529955, 'hidden_size': 12, 'dropout': 0.2094853003969464, 'hidden_continuous_size': 6, 'attention_head_size': 3, 'learning_rate': 0.012387990783506572}. Best is trial 0 with value: 15.08996868133545.
[I 2023-12-26 11:29:41,859] Trial 47 finished with value: 142.44273376464844 and parameters: {'gradient_clip_val': 0.3377900203460718, 'hidden_size': 5, 'dropout': 0.18971181246242194, 'hidden_continuous_size': 5, 'attention_head_size': 2, 'learning_rate': 0.0006147498022123181}. Best is trial 0 with value: 15.08996868133545.
[I 2023-12-26 11:29:44,447] Trial 48 finished with value: 140.3237762451172 and parameters: {'gradient_clip_val': 0.18967082347203915, 'hidden_size': 7, 'dropout': 0.2810967918222449, 'hidden_continuous_size': 6, 'attention_head_size': 1, 'learning_rate': 0.043908392531977224}. Best is trial 0 with value: 15.08996868133545.
[I 2023-12-26 11:29:46,787] Trial 49 finished with value: 89.46707916259766 and parameters: {'gradient_clip_val': 0.23246096457067852, 'hidden_size': 8, 'dropout': 0.24793303354761703, 'hidden_continuous_size': 7, 'attention_head_size': 4, 'learning_rate': 0.005033462207634085}. Best is trial 0 with value: 15.08996868133545.
[I 2023-12-26 11:29:46,943] A new study created in memory with name: no-name-8710c572-7e79-4f2d-8166-f6522d6f4831
/home/le004/conda/anaconda3/envs/tsff_env/lib/python3.9/site-packages/lightning/fabric/plugins/environments/slurm.py:191: The `srun` command is available on your system but is not used. HINT: If your intention is to run Lightning on SLURM, prepend your python command with `srun` like so: srun python /home/le004/master_thesis/git/TSFusionForecast/code/ ...
[I 2023-12-26 11:33:17,776] Trial 0 finished with value: 553.1021118164062 and parameters: {'gradient_clip_val': 0.88371141173371, 'hidden_size': 20, 'dropout': 0.30351014332766246, 'hidden_continuous_size': 8, 'attention_head_size': 1, 'learning_rate': 0.0009011188868317835}. Best is trial 0 with value: 553.1021118164062.
[I 2023-12-26 11:33:28,161] Trial 1 finished with value: 713.6823120117188 and parameters: {'gradient_clip_val': 0.4186083743898479, 'hidden_size': 141, 'dropout': 0.48956393219253125, 'hidden_continuous_size': 132, 'attention_head_size': 4, 'learning_rate': 0.06045443532029094}. Best is trial 0 with value: 553.1021118164062.
[I 2023-12-26 11:33:30,188] Trial 2 finished with value: 940.6251831054688 and parameters: {'gradient_clip_val': 0.10839562020684403, 'hidden_size': 13, 'dropout': 0.38857092491503864, 'hidden_continuous_size': 7, 'attention_head_size': 3, 'learning_rate': 0.000989491895124804}. Best is trial 0 with value: 553.1021118164062.
[I 2023-12-26 11:33:32,026] Trial 3 finished with value: 861.17431640625 and parameters: {'gradient_clip_val': 0.2980076165942403, 'hidden_size': 16, 'dropout': 0.44778831826827104, 'hidden_continuous_size': 8, 'attention_head_size': 2, 'learning_rate': 0.010418757805671974}. Best is trial 0 with value: 553.1021118164062.
[I 2023-12-26 11:33:37,196] Trial 4 finished with value: 932.6666870117188 and parameters: {'gradient_clip_val': 0.8863598102933189, 'hidden_size': 74, 'dropout': 0.3088582718855367, 'hidden_continuous_size': 28, 'attention_head_size': 1, 'learning_rate': 0.0005354904124883132}. Best is trial 0 with value: 553.1021118164062.
[I 2023-12-26 11:33:38,956] Trial 5 finished with value: 831.866455078125 and parameters: {'gradient_clip_val': 0.10997086025496491, 'hidden_size': 5, 'dropout': 0.12406044684769842, 'hidden_continuous_size': 5, 'attention_head_size': 2, 'learning_rate': 0.0008097289447432787}. Best is trial 0 with value: 553.1021118164062.
[I 2023-12-26 11:33:41,200] Trial 6 finished with value: 1029.4281005859375 and parameters: {'gradient_clip_val': 0.18269957159442962, 'hidden_size': 21, 'dropout': 0.49449227194451373, 'hidden_continuous_size': 10, 'attention_head_size': 4, 'learning_rate': 0.00363032267236995}. Best is trial 0 with value: 553.1021118164062.
[I 2023-12-26 11:33:42,915] Trial 7 finished with value: 1054.52197265625 and parameters: {'gradient_clip_val': 0.28080673059581773, 'hidden_size': 6, 'dropout': 0.351753148256302, 'hidden_continuous_size': 6, 'attention_head_size': 1, 'learning_rate': 0.024836024620529824}. Best is trial 0 with value: 553.1021118164062.
[I 2023-12-26 11:33:44,907] Trial 8 finished with value: 1003.6312866210938 and parameters: {'gradient_clip_val': 0.6647966740701927, 'hidden_size': 12, 'dropout': 0.3387042373282574, 'hidden_continuous_size': 9, 'attention_head_size': 4, 'learning_rate': 0.004089683657586788}. Best is trial 0 with value: 553.1021118164062.
[I 2023-12-26 11:33:48,326] Trial 9 finished with value: 936.9811401367188 and parameters: {'gradient_clip_val': 0.1521414050499294, 'hidden_size': 54, 'dropout': 0.4743282021386488, 'hidden_continuous_size': 16, 'attention_head_size': 4, 'learning_rate': 0.002395178929628396}. Best is trial 0 with value: 553.1021118164062.
[I 2023-12-26 11:33:50,768] Trial 10 finished with value: 987.252685546875 and parameters: {'gradient_clip_val': 0.9863287238586469, 'hidden_size': 29, 'dropout': 0.22763386208595676, 'hidden_continuous_size': 5, 'attention_head_size': 1, 'learning_rate': 0.0015130032945971257}. Best is trial 0 with value: 553.1021118164062.
[I 2023-12-26 11:34:02,823] Trial 11 finished with value: 537.1958618164062 and parameters: {'gradient_clip_val': 0.5212194098218677, 'hidden_size': 136, 'dropout': 0.4054991568982952, 'hidden_continuous_size': 130, 'attention_head_size': 3, 'learning_rate': 0.052500305285954514}. Best is trial 11 with value: 537.1958618164062.
[I 2023-12-26 11:34:05,924] Trial 12 finished with value: 959.4730834960938 and parameters: {'gradient_clip_val': 0.5633133569280155, 'hidden_size': 38, 'dropout': 0.2486984219350736, 'hidden_continuous_size': 15, 'attention_head_size': 3, 'learning_rate': 0.07635131270977422}. Best is trial 11 with value: 537.1958618164062.
[I 2023-12-26 11:34:15,088] Trial 13 finished with value: 1031.6534423828125 and parameters: {'gradient_clip_val': 0.6287427347052187, 'hidden_size': 118, 'dropout': 0.3968941512920687, 'hidden_continuous_size': 44, 'attention_head_size': 2, 'learning_rate': 0.009552732234971639}. Best is trial 11 with value: 537.1958618164062.
