[I 2023-12-15 14:34:00,231] Trial 38 finished with value: 158.84120178222656 and parameters: {'gradient_clip_val': 0.32148456221080596, 'hidden_size': 10, 'dropout': 0.1515079822473383, 'hidden_continuous_size': 5, 'attention_head_size': 3, 'learning_rate': 0.000652248232764386}. Best is trial 20 with value: 84.7418212890625.
LOCAL_RANK: 0 - CUDA_VISIBLE_DEVICES: [0]
[I 2023-12-15 14:34:53,783] Trial 39 finished with value: 190.30596923828125 and parameters: {'gradient_clip_val': 0.16797713585411572, 'hidden_size': 47, 'dropout': 0.2149977925375212, 'hidden_continuous_size': 19, 'attention_head_size': 4, 'learning_rate': 0.0013929425369311572}. Best is trial 20 with value: 84.7418212890625.
LOCAL_RANK: 0 - CUDA_VISIBLE_DEVICES: [0]
[I 2023-12-15 14:35:42,736] Trial 40 finished with value: 177.1268310546875 and parameters: {'gradient_clip_val': 0.2799416142494611, 'hidden_size': 35, 'dropout': 0.1865666578897995, 'hidden_continuous_size': 6, 'attention_head_size': 1, 'learning_rate': 0.0009943316915791804}. Best is trial 20 with value: 84.7418212890625.
LOCAL_RANK: 0 - CUDA_VISIBLE_DEVICES: [0]
[I 2023-12-15 14:36:34,916] Trial 41 finished with value: 89.83716583251953 and parameters: {'gradient_clip_val': 0.2509524701073564, 'hidden_size': 56, 'dropout': 0.2556002671764525, 'hidden_continuous_size': 15, 'attention_head_size': 1, 'learning_rate': 0.0008305424726394732}. Best is trial 20 with value: 84.7418212890625.
LOCAL_RANK: 0 - CUDA_VISIBLE_DEVICES: [0]
[I 2023-12-15 14:37:27,724] Trial 42 finished with value: 262.6391296386719 and parameters: {'gradient_clip_val': 0.2234977005527546, 'hidden_size': 57, 'dropout': 0.2614061184869174, 'hidden_continuous_size': 20, 'attention_head_size': 1, 'learning_rate': 0.0006234540441140874}. Best is trial 20 with value: 84.7418212890625.
LOCAL_RANK: 0 - CUDA_VISIBLE_DEVICES: [0]
[I 2023-12-15 14:38:18,845] Trial 43 finished with value: 165.61996459960938 and parameters: {'gradient_clip_val': 0.18595317548396106, 'hidden_size': 39, 'dropout': 0.23607651484230405, 'hidden_continuous_size': 12, 'attention_head_size': 1, 'learning_rate': 0.0008772399329349029}. Best is trial 20 with value: 84.7418212890625.
LOCAL_RANK: 0 - CUDA_VISIBLE_DEVICES: [0]
[I 2023-12-15 14:39:10,218] Trial 44 finished with value: 249.7696990966797 and parameters: {'gradient_clip_val': 0.2362438156904591, 'hidden_size': 44, 'dropout': 0.221079792088814, 'hidden_continuous_size': 16, 'attention_head_size': 1, 'learning_rate': 0.0005067798008012708}. Best is trial 20 with value: 84.7418212890625.
LOCAL_RANK: 0 - CUDA_VISIBLE_DEVICES: [0]
[I 2023-12-15 14:39:58,709] Trial 45 finished with value: 418.3040466308594 and parameters: {'gradient_clip_val': 0.27484645106174516, 'hidden_size': 32, 'dropout': 0.27904436503492575, 'hidden_continuous_size': 13, 'attention_head_size': 2, 'learning_rate': 0.0018174280547363162}. Best is trial 20 with value: 84.7418212890625.
LOCAL_RANK: 0 - CUDA_VISIBLE_DEVICES: [0]
[I 2023-12-15 14:40:51,911] Trial 46 finished with value: 208.2176971435547 and parameters: {'gradient_clip_val': 0.20745139627328785, 'hidden_size': 59, 'dropout': 0.2580038348555706, 'hidden_continuous_size': 20, 'attention_head_size': 1, 'learning_rate': 0.002603996054664133}. Best is trial 20 with value: 84.7418212890625.
LOCAL_RANK: 0 - CUDA_VISIBLE_DEVICES: [0]
[I 2023-12-15 14:41:40,565] Trial 47 finished with value: 105.7910385131836 and parameters: {'gradient_clip_val': 0.18200192408458873, 'hidden_size': 23, 'dropout': 0.20826290691420443, 'hidden_continuous_size': 11, 'attention_head_size': 1, 'learning_rate': 0.001089212535781663}. Best is trial 20 with value: 84.7418212890625.
LOCAL_RANK: 0 - CUDA_VISIBLE_DEVICES: [0]
[I 2023-12-15 14:42:29,332] Trial 48 finished with value: 134.1053009033203 and parameters: {'gradient_clip_val': 0.17971163708550236, 'hidden_size': 23, 'dropout': 0.23278306459775067, 'hidden_continuous_size': 11, 'attention_head_size': 2, 'learning_rate': 0.0015287183943594063}. Best is trial 20 with value: 84.7418212890625.
LOCAL_RANK: 0 - CUDA_VISIBLE_DEVICES: [0]
[I 2023-12-15 14:43:17,886] Trial 49 finished with value: 120.64913940429688 and parameters: {'gradient_clip_val': 0.14022851942158368, 'hidden_size': 18, 'dropout': 0.24633684630897879, 'hidden_continuous_size': 11, 'attention_head_size': 3, 'learning_rate': 0.0010341016272665204}. Best is trial 20 with value: 84.7418212890625.
[I 2023-12-15 14:43:17,979] A new study created in memory with name: no-name-142e3c58-3c2c-4044-afa9-8343959c6286
/home/le004/conda/anaconda3/envs/tsff_env/lib/python3.9/site-packages/lightning/fabric/plugins/environments/slurm.py:191: The `srun` command is available on your system but is not used. HINT: If your intention is to run Lightning on SLURM, prepend your python command with `srun` like so: srun python /home/le004/master_thesis/git/TSFusionForecast/code/ ...
LOCAL_RANK: 0 - CUDA_VISIBLE_DEVICES: [0]
[I 2023-12-15 14:44:10,935] Trial 0 finished with value: 339.3786926269531 and parameters: {'gradient_clip_val': 0.9100338457529966, 'hidden_size': 39, 'dropout': 0.10719380213198137, 'hidden_continuous_size': 23, 'attention_head_size': 3, 'learning_rate': 0.0036307716241743655}. Best is trial 0 with value: 339.3786926269531.
LOCAL_RANK: 0 - CUDA_VISIBLE_DEVICES: [0]
[I 2023-12-15 14:45:05,772] Trial 1 finished with value: 317.62176513671875 and parameters: {'gradient_clip_val': 0.3068748133698835, 'hidden_size': 74, 'dropout': 0.1203942936448861, 'hidden_continuous_size': 30, 'attention_head_size': 4, 'learning_rate': 0.00397316973165546}. Best is trial 1 with value: 317.62176513671875.
LOCAL_RANK: 0 - CUDA_VISIBLE_DEVICES: [0]
[I 2023-12-15 14:46:01,404] Trial 2 finished with value: 234.74134826660156 and parameters: {'gradient_clip_val': 0.8182326721924307, 'hidden_size': 69, 'dropout': 0.2213401852129884, 'hidden_continuous_size': 53, 'attention_head_size': 3, 'learning_rate': 0.03777016971209624}. Best is trial 2 with value: 234.74134826660156.
LOCAL_RANK: 0 - CUDA_VISIBLE_DEVICES: [0]
[I 2023-12-15 14:46:52,837] Trial 3 finished with value: 176.6760711669922 and parameters: {'gradient_clip_val': 0.1458562068243298, 'hidden_size': 29, 'dropout': 0.34701514860096494, 'hidden_continuous_size': 28, 'attention_head_size': 1, 'learning_rate': 0.0007095979116525011}. Best is trial 3 with value: 176.6760711669922.
LOCAL_RANK: 0 - CUDA_VISIBLE_DEVICES: [0]
[I 2023-12-15 14:47:37,869] Trial 4 finished with value: 184.7416534423828 and parameters: {'gradient_clip_val': 0.2963489016902173, 'hidden_size': 6, 'dropout': 0.2602356231073307, 'hidden_continuous_size': 5, 'attention_head_size': 2, 'learning_rate': 0.004975766846488829}. Best is trial 3 with value: 176.6760711669922.
LOCAL_RANK: 0 - CUDA_VISIBLE_DEVICES: [0]
[I 2023-12-15 14:48:26,833] Trial 5 finished with value: 129.007568359375 and parameters: {'gradient_clip_val': 0.30838739609788113, 'hidden_size': 24, 'dropout': 0.11202673614745148, 'hidden_continuous_size': 14, 'attention_head_size': 4, 'learning_rate': 0.003795898970563228}. Best is trial 5 with value: 129.007568359375.
LOCAL_RANK: 0 - CUDA_VISIBLE_DEVICES: [0]
[I 2023-12-15 14:49:15,480] Trial 6 finished with value: 474.4661560058594 and parameters: {'gradient_clip_val': 0.5225832180541885, 'hidden_size': 22, 'dropout': 0.3282425990618678, 'hidden_continuous_size': 20, 'attention_head_size': 1, 'learning_rate': 0.01860998213439783}. Best is trial 5 with value: 129.007568359375.
LOCAL_RANK: 0 - CUDA_VISIBLE_DEVICES: [0]
[I 2023-12-15 14:49:50,459] Trial 7 finished with value: 388.82373046875 and parameters: {'gradient_clip_val': 0.20059043592089526, 'hidden_size': 5, 'dropout': 0.15439610021212885, 'hidden_continuous_size': 5, 'attention_head_size': 4, 'learning_rate': 0.08278462088996384}. Best is trial 5 with value: 129.007568359375.
LOCAL_RANK: 0 - CUDA_VISIBLE_DEVICES: [0]
[I 2023-12-15 14:50:24,813] Trial 8 finished with value: 88.42301177978516 and parameters: {'gradient_clip_val': 0.20787160929438833, 'hidden_size': 8, 'dropout': 0.15671245242739998, 'hidden_continuous_size': 8, 'attention_head_size': 2, 'learning_rate': 0.0030597296951566364}. Best is trial 8 with value: 88.42301177978516.
LOCAL_RANK: 0 - CUDA_VISIBLE_DEVICES: [0]
[I 2023-12-15 14:51:10,159] Trial 9 finished with value: 335.9405212402344 and parameters: {'gradient_clip_val': 0.3647856914804883, 'hidden_size': 9, 'dropout': 0.17839652453484395, 'hidden_continuous_size': 5, 'attention_head_size': 3, 'learning_rate': 0.008070095273511168}. Best is trial 8 with value: 88.42301177978516.
LOCAL_RANK: 0 - CUDA_VISIBLE_DEVICES: [0]
[I 2023-12-15 14:51:55,362] Trial 10 finished with value: 204.3760986328125 and parameters: {'gradient_clip_val': 0.10550020216378626, 'hidden_size': 11, 'dropout': 0.2105687427713604, 'hidden_continuous_size': 6, 'attention_head_size': 2, 'learning_rate': 0.0010819511366779323}. Best is trial 8 with value: 88.42301177978516.
LOCAL_RANK: 0 - CUDA_VISIBLE_DEVICES: [0]
[I 2023-12-15 14:52:41,112] Trial 11 finished with value: 102.626953125 and parameters: {'gradient_clip_val': 0.19414910018922488, 'hidden_size': 14, 'dropout': 0.10305394845638095, 'hidden_continuous_size': 8, 'attention_head_size': 2, 'learning_rate': 0.002310347943691415}. Best is trial 8 with value: 88.42301177978516.
LOCAL_RANK: 0 - CUDA_VISIBLE_DEVICES: [0]
[I 2023-12-15 14:53:25,274] Trial 12 finished with value: 298.0024108886719 and parameters: {'gradient_clip_val': 0.19413072536645026, 'hidden_size': 12, 'dropout': 0.16108828243323736, 'hidden_continuous_size': 7, 'attention_head_size': 2, 'learning_rate': 0.0017552624734999403}. Best is trial 8 with value: 88.42301177978516.
LOCAL_RANK: 0 - CUDA_VISIBLE_DEVICES: [0]
[I 2023-12-15 14:54:10,724] Trial 13 finished with value: 165.39486694335938 and parameters: {'gradient_clip_val': 0.20105230228369197, 'hidden_size': 14, 'dropout': 0.10104738757592291, 'hidden_continuous_size': 8, 'attention_head_size': 2, 'learning_rate': 0.0017288724270066557}. Best is trial 8 with value: 88.42301177978516.
LOCAL_RANK: 0 - CUDA_VISIBLE_DEVICES: [0]
[I 2023-12-15 14:54:55,484] Trial 14 finished with value: 300.6000671386719 and parameters: {'gradient_clip_val': 0.1397681746787976, 'hidden_size': 7, 'dropout': 0.14639025601501793, 'hidden_continuous_size': 5, 'attention_head_size': 1, 'learning_rate': 0.0005922440916388139}. Best is trial 8 with value: 88.42301177978516.
LOCAL_RANK: 0 - CUDA_VISIBLE_DEVICES: [0]
[I 2023-12-15 14:55:39,540] Trial 15 finished with value: 119.9200210571289 and parameters: {'gradient_clip_val': 0.22996039823195077, 'hidden_size': 8, 'dropout': 0.19389492121456559, 'hidden_continuous_size': 6, 'attention_head_size': 2, 'learning_rate': 0.010507216657713226}. Best is trial 8 with value: 88.42301177978516.
LOCAL_RANK: 0 - CUDA_VISIBLE_DEVICES: [0]
[I 2023-12-15 14:56:25,111] Trial 16 finished with value: 358.0706481933594 and parameters: {'gradient_clip_val': 0.14754852326184525, 'hidden_size': 16, 'dropout': 0.14335735008930534, 'hidden_continuous_size': 9, 'attention_head_size': 3, 'learning_rate': 0.002046920012017503}. Best is trial 8 with value: 88.42301177978516.
LOCAL_RANK: 0 - CUDA_VISIBLE_DEVICES: [0]
[I 2023-12-15 14:57:09,972] Trial 17 finished with value: 142.6584930419922 and parameters: {'gradient_clip_val': 0.2421468125260626, 'hidden_size': 16, 'dropout': 0.25070204324110157, 'hidden_continuous_size': 9, 'attention_head_size': 1, 'learning_rate': 0.002502152758130521}. Best is trial 8 with value: 88.42301177978516.
LOCAL_RANK: 0 - CUDA_VISIBLE_DEVICES: [0]
[I 2023-12-15 14:57:44,205] Trial 18 finished with value: 295.623291015625 and parameters: {'gradient_clip_val': 0.4112344549488927, 'hidden_size': 5, 'dropout': 0.13559215826371623, 'hidden_continuous_size': 5, 'attention_head_size': 2, 'learning_rate': 0.0011727216749720202}. Best is trial 8 with value: 88.42301177978516.
LOCAL_RANK: 0 - CUDA_VISIBLE_DEVICES: [0]
[I 2023-12-15 14:58:29,857] Trial 19 finished with value: 211.17279052734375 and parameters: {'gradient_clip_val': 0.17023506385638834, 'hidden_size': 9, 'dropout': 0.17346405074425778, 'hidden_continuous_size': 7, 'attention_head_size': 3, 'learning_rate': 0.00723736846873019}. Best is trial 8 with value: 88.42301177978516.
LOCAL_RANK: 0 - CUDA_VISIBLE_DEVICES: [0]
[I 2023-12-15 14:59:14,842] Trial 20 finished with value: 312.407470703125 and parameters: {'gradient_clip_val': 0.1041989379591331, 'hidden_size': 11, 'dropout': 0.1301511981002056, 'hidden_continuous_size': 6, 'attention_head_size': 1, 'learning_rate': 0.002718479184583637}. Best is trial 8 with value: 88.42301177978516.
LOCAL_RANK: 0 - CUDA_VISIBLE_DEVICES: [0]
[I 2023-12-15 14:59:59,952] Trial 21 finished with value: 601.8886108398438 and parameters: {'gradient_clip_val': 0.24535163725758802, 'hidden_size': 9, 'dropout': 0.18516838497397464, 'hidden_continuous_size': 6, 'attention_head_size': 2, 'learning_rate': 0.008661982496258748}. Best is trial 8 with value: 88.42301177978516.
LOCAL_RANK: 0 - CUDA_VISIBLE_DEVICES: [0]
[I 2023-12-15 15:00:43,871] Trial 22 finished with value: 362.2145080566406 and parameters: {'gradient_clip_val': 0.23464745484310168, 'hidden_size': 8, 'dropout': 0.20629142238619272, 'hidden_continuous_size': 6, 'attention_head_size': 2, 'learning_rate': 0.012505417273306644}. Best is trial 8 with value: 88.42301177978516.
LOCAL_RANK: 0 - CUDA_VISIBLE_DEVICES: [0]
[I 2023-12-15 15:01:28,858] Trial 23 finished with value: 224.91188049316406 and parameters: {'gradient_clip_val': 0.24397586671017252, 'hidden_size': 7, 'dropout': 0.10099360864809794, 'hidden_continuous_size': 5, 'attention_head_size': 2, 'learning_rate': 0.004845427331751882}. Best is trial 8 with value: 88.42301177978516.
LOCAL_RANK: 0 - CUDA_VISIBLE_DEVICES: [0]
[I 2023-12-15 15:02:13,873] Trial 24 finished with value: 197.70301818847656 and parameters: {'gradient_clip_val': 0.17189662041263704, 'hidden_size': 6, 'dropout': 0.1570817137604646, 'hidden_continuous_size': 5, 'attention_head_size': 2, 'learning_rate': 0.01280843501972141}. Best is trial 8 with value: 88.42301177978516.
LOCAL_RANK: 0 - CUDA_VISIBLE_DEVICES: [0]
[I 2023-12-15 15:02:59,089] Trial 25 finished with value: 215.98565673828125 and parameters: {'gradient_clip_val': 0.12751361012079243, 'hidden_size': 16, 'dropout': 0.12980935927427606, 'hidden_continuous_size': 8, 'attention_head_size': 3, 'learning_rate': 0.0012357317564153925}. Best is trial 8 with value: 88.42301177978516.
LOCAL_RANK: 0 - CUDA_VISIBLE_DEVICES: [0]
[I 2023-12-15 15:03:43,526] Trial 26 finished with value: 70.74818420410156 and parameters: {'gradient_clip_val': 0.17292844191138432, 'hidden_size': 12, 'dropout': 0.19105697870285213, 'hidden_continuous_size': 7, 'attention_head_size': 2, 'learning_rate': 0.0054129672930048585}. Best is trial 26 with value: 70.74818420410156.
LOCAL_RANK: 0 - CUDA_VISIBLE_DEVICES: [0]
[I 2023-12-15 15:04:28,618] Trial 27 finished with value: 390.8952941894531 and parameters: {'gradient_clip_val': 0.1653260223008304, 'hidden_size': 13, 'dropout': 0.22908793440492486, 'hidden_continuous_size': 7, 'attention_head_size': 1, 'learning_rate': 0.005051331755801962}. Best is trial 26 with value: 70.74818420410156.
LOCAL_RANK: 0 - CUDA_VISIBLE_DEVICES: [0]
[I 2023-12-15 15:05:16,541] Trial 28 finished with value: 396.6938171386719 and parameters: {'gradient_clip_val': 0.1278818844162718, 'hidden_size': 19, 'dropout': 0.1736502436764195, 'hidden_continuous_size': 10, 'attention_head_size': 2, 'learning_rate': 0.0026091918784967786}. Best is trial 26 with value: 70.74818420410156.
LOCAL_RANK: 0 - CUDA_VISIBLE_DEVICES: [0]
[I 2023-12-15 15:06:06,216] Trial 29 finished with value: 180.0498504638672 and parameters: {'gradient_clip_val': 0.18763916042671053, 'hidden_size': 30, 'dropout': 0.12024697861518406, 'hidden_continuous_size': 11, 'attention_head_size': 3, 'learning_rate': 0.00331193249304082}. Best is trial 26 with value: 70.74818420410156.
LOCAL_RANK: 0 - CUDA_VISIBLE_DEVICES: [0]
[I 2023-12-15 15:06:51,303] Trial 30 finished with value: 133.50022888183594 and parameters: {'gradient_clip_val': 0.15796841486800575, 'hidden_size': 11, 'dropout': 0.14470841115361696, 'hidden_continuous_size': 7, 'attention_head_size': 1, 'learning_rate': 0.00539814936665281}. Best is trial 26 with value: 70.74818420410156.
LOCAL_RANK: 0 - CUDA_VISIBLE_DEVICES: [0]
[I 2023-12-15 15:07:36,556] Trial 31 finished with value: 363.0121154785156 and parameters: {'gradient_clip_val': 0.210314288816053, 'hidden_size': 10, 'dropout': 0.1895742582050291, 'hidden_continuous_size': 6, 'attention_head_size': 2, 'learning_rate': 0.003026920344812242}. Best is trial 26 with value: 70.74818420410156.
LOCAL_RANK: 0 - CUDA_VISIBLE_DEVICES: [0]
[I 2023-12-15 15:08:20,807] Trial 32 finished with value: 841.4778442382812 and parameters: {'gradient_clip_val': 0.28007445230073025, 'hidden_size': 8, 'dropout': 0.19858316053701222, 'hidden_continuous_size': 6, 'attention_head_size': 2, 'learning_rate': 0.006158815466467352}. Best is trial 26 with value: 70.74818420410156.
LOCAL_RANK: 0 - CUDA_VISIBLE_DEVICES: [0]
[I 2023-12-15 15:09:06,471] Trial 33 finished with value: 141.9453125 and parameters: {'gradient_clip_val': 0.20695307674939661, 'hidden_size': 14, 'dropout': 0.12006055692140767, 'hidden_continuous_size': 8, 'attention_head_size': 2, 'learning_rate': 0.0038795680676053357}. Best is trial 26 with value: 70.74818420410156.
LOCAL_RANK: 0 - CUDA_VISIBLE_DEVICES: [0]
[I 2023-12-15 15:09:51,738] Trial 34 finished with value: 64.20449829101562 and parameters: {'gradient_clip_val': 0.1752768694810273, 'hidden_size': 10, 'dropout': 0.23119894413271685, 'hidden_continuous_size': 7, 'attention_head_size': 2, 'learning_rate': 0.003931153345175658}. Best is trial 34 with value: 64.20449829101562.
LOCAL_RANK: 0 - CUDA_VISIBLE_DEVICES: [0]
[I 2023-12-15 15:10:37,827] Trial 35 finished with value: 78.7825698852539 and parameters: {'gradient_clip_val': 0.17955096175664917, 'hidden_size': 13, 'dropout': 0.2374340461899754, 'hidden_continuous_size': 7, 'attention_head_size': 3, 'learning_rate': 0.003930992436450596}. Best is trial 34 with value: 64.20449829101562.
LOCAL_RANK: 0 - CUDA_VISIBLE_DEVICES: [0]
[I 2023-12-15 15:11:31,236] Trial 36 finished with value: 358.2904968261719 and parameters: {'gradient_clip_val': 0.17699938950894445, 'hidden_size': 54, 'dropout': 0.2275925129306211, 'hidden_continuous_size': 12, 'attention_head_size': 3, 'learning_rate': 0.0041108694500740705}. Best is trial 34 with value: 64.20449829101562.
LOCAL_RANK: 0 - CUDA_VISIBLE_DEVICES: [0]
[I 2023-12-15 15:12:17,475] Trial 37 finished with value: 191.4636688232422 and parameters: {'gradient_clip_val': 0.15140847642345262, 'hidden_size': 10, 'dropout': 0.2722018746825292, 'hidden_continuous_size': 7, 'attention_head_size': 4, 'learning_rate': 0.00603191315622128}. Best is trial 34 with value: 64.20449829101562.
LOCAL_RANK: 0 - CUDA_VISIBLE_DEVICES: [0]
[I 2023-12-15 15:13:12,443] Trial 38 finished with value: 162.3355255126953 and parameters: {'gradient_clip_val': 0.12036615911070549, 'hidden_size': 99, 'dropout': 0.2307188878514178, 'hidden_continuous_size': 12, 'attention_head_size': 3, 'learning_rate': 0.003337518354953574}. Best is trial 34 with value: 64.20449829101562.
LOCAL_RANK: 0 - CUDA_VISIBLE_DEVICES: [0]
[I 2023-12-15 15:14:00,613] Trial 39 finished with value: 162.70741271972656 and parameters: {'gradient_clip_val': 0.2762699622333803, 'hidden_size': 18, 'dropout': 0.2702933403124061, 'hidden_continuous_size': 9, 'attention_head_size': 4, 'learning_rate': 0.0043462617445119015}. Best is trial 34 with value: 64.20449829101562.
LOCAL_RANK: 0 - CUDA_VISIBLE_DEVICES: [0]
[I 2023-12-15 15:14:45,536] Trial 40 finished with value: 189.8713836669922 and parameters: {'gradient_clip_val': 0.15934826279391603, 'hidden_size': 12, 'dropout': 0.21209767789603384, 'hidden_continuous_size': 7, 'attention_head_size': 3, 'learning_rate': 0.007467047488301332}. Best is trial 34 with value: 64.20449829101562.
LOCAL_RANK: 0 - CUDA_VISIBLE_DEVICES: [0]
[I 2023-12-15 15:15:31,212] Trial 41 finished with value: 190.1206817626953 and parameters: {'gradient_clip_val': 0.18099229199957628, 'hidden_size': 14, 'dropout': 0.16772288369200902, 'hidden_continuous_size': 8, 'attention_head_size': 2, 'learning_rate': 0.001987551027468658}. Best is trial 34 with value: 64.20449829101562.
LOCAL_RANK: 0 - CUDA_VISIBLE_DEVICES: [0]
[I 2023-12-15 15:16:19,534] Trial 42 finished with value: 294.9322814941406 and parameters: {'gradient_clip_val': 0.21194313888667557, 'hidden_size': 21, 'dropout': 0.24166494254991064, 'hidden_continuous_size': 8, 'attention_head_size': 2, 'learning_rate': 0.003466286725990136}. Best is trial 34 with value: 64.20449829101562.
LOCAL_RANK: 0 - CUDA_VISIBLE_DEVICES: [0]
[I 2023-12-15 15:17:03,923] Trial 43 finished with value: 115.2379379272461 and parameters: {'gradient_clip_val': 0.18135947661803095, 'hidden_size': 12, 'dropout': 0.11386737639452356, 'hidden_continuous_size': 7, 'attention_head_size': 2, 'learning_rate': 0.002513520666635475}. Best is trial 34 with value: 64.20449829101562.
LOCAL_RANK: 0 - CUDA_VISIBLE_DEVICES: [0]
[I 2023-12-15 15:17:49,818] Trial 44 finished with value: 388.1661071777344 and parameters: {'gradient_clip_val': 0.1364174730191904, 'hidden_size': 10, 'dropout': 0.16215791962303924, 'hidden_continuous_size': 8, 'attention_head_size': 3, 'learning_rate': 0.004449977205153822}. Best is trial 34 with value: 64.20449829101562.
LOCAL_RANK: 0 - CUDA_VISIBLE_DEVICES: [0]
[I 2023-12-15 15:18:35,736] Trial 45 finished with value: 389.3589782714844 and parameters: {'gradient_clip_val': 0.1922558125443764, 'hidden_size': 14, 'dropout': 0.2030681810293521, 'hidden_continuous_size': 9, 'attention_head_size': 2, 'learning_rate': 0.001491451453993199}. Best is trial 34 with value: 64.20449829101562.
LOCAL_RANK: 0 - CUDA_VISIBLE_DEVICES: [0]
