[I 2023-12-15 19:56:15,945] Trial 42 finished with value: 9.06705093383789 and parameters: {'gradient_clip_val': 0.4443625636192879, 'hidden_size': 6, 'dropout': 0.27204967862983126, 'hidden_continuous_size': 5, 'attention_head_size': 2, 'learning_rate': 0.0066006822648762755}. Best is trial 42 with value: 9.06705093383789.
LOCAL_RANK: 0 - CUDA_VISIBLE_DEVICES: [0]
[I 2023-12-15 19:57:01,175] Trial 43 finished with value: 30.98081398010254 and parameters: {'gradient_clip_val': 0.4494488087827294, 'hidden_size': 6, 'dropout': 0.25431994928682916, 'hidden_continuous_size': 5, 'attention_head_size': 1, 'learning_rate': 0.007321788646809902}. Best is trial 42 with value: 9.06705093383789.
LOCAL_RANK: 0 - CUDA_VISIBLE_DEVICES: [0]
[I 2023-12-15 19:57:47,707] Trial 44 finished with value: 12.386433601379395 and parameters: {'gradient_clip_val': 0.5155663249210032, 'hidden_size': 11, 'dropout': 0.2730998960163245, 'hidden_continuous_size': 6, 'attention_head_size': 2, 'learning_rate': 0.016034861155105374}. Best is trial 42 with value: 9.06705093383789.
LOCAL_RANK: 0 - CUDA_VISIBLE_DEVICES: [0]
[I 2023-12-15 19:58:37,604] Trial 45 finished with value: 13.722061157226562 and parameters: {'gradient_clip_val': 0.4130184771111529, 'hidden_size': 23, 'dropout': 0.3301647201803293, 'hidden_continuous_size': 12, 'attention_head_size': 3, 'learning_rate': 0.0005631247494772436}. Best is trial 42 with value: 9.06705093383789.
LOCAL_RANK: 0 - CUDA_VISIBLE_DEVICES: [0]
[I 2023-12-15 19:59:25,950] Trial 46 finished with value: 35.92764663696289 and parameters: {'gradient_clip_val': 0.465470120352772, 'hidden_size': 19, 'dropout': 0.30641865796535167, 'hidden_continuous_size': 11, 'attention_head_size': 1, 'learning_rate': 0.004139469781600002}. Best is trial 42 with value: 9.06705093383789.
LOCAL_RANK: 0 - CUDA_VISIBLE_DEVICES: [0]
[I 2023-12-15 20:00:10,816] Trial 47 finished with value: 12.325301170349121 and parameters: {'gradient_clip_val': 0.5689950222399396, 'hidden_size': 8, 'dropout': 0.23981900519930657, 'hidden_continuous_size': 7, 'attention_head_size': 2, 'learning_rate': 0.002911634471942954}. Best is trial 42 with value: 9.06705093383789.
LOCAL_RANK: 0 - CUDA_VISIBLE_DEVICES: [0]
[I 2023-12-15 20:00:58,076] Trial 48 finished with value: 14.732059478759766 and parameters: {'gradient_clip_val': 0.4790256491693234, 'hidden_size': 14, 'dropout': 0.2609489829079597, 'hidden_continuous_size': 13, 'attention_head_size': 3, 'learning_rate': 0.006478160787735007}. Best is trial 42 with value: 9.06705093383789.
LOCAL_RANK: 0 - CUDA_VISIBLE_DEVICES: [0]
[I 2023-12-15 20:01:45,442] Trial 49 finished with value: 8.148917198181152 and parameters: {'gradient_clip_val': 0.6657274215907756, 'hidden_size': 17, 'dropout': 0.2960611257118521, 'hidden_continuous_size': 10, 'attention_head_size': 1, 'learning_rate': 0.012473751266842794}. Best is trial 49 with value: 8.148917198181152.
[I 2023-12-15 20:01:45,537] A new study created in memory with name: no-name-7d1ddf5d-100a-4b9c-9b66-528c70770010
/home/le004/conda/anaconda3/envs/tsff_env/lib/python3.9/site-packages/lightning/fabric/plugins/environments/slurm.py:191: The `srun` command is available on your system but is not used. HINT: If your intention is to run Lightning on SLURM, prepend your python command with `srun` like so: srun python /home/le004/master_thesis/git/TSFusionForecast/code/ ...
LOCAL_RANK: 0 - CUDA_VISIBLE_DEVICES: [0]
[I 2023-12-15 20:02:31,190] Trial 0 finished with value: 127.0336685180664 and parameters: {'gradient_clip_val': 0.1039173898703482, 'hidden_size': 14, 'dropout': 0.10643567384753107, 'hidden_continuous_size': 8, 'attention_head_size': 1, 'learning_rate': 0.004162142176535374}. Best is trial 0 with value: 127.0336685180664.
LOCAL_RANK: 0 - CUDA_VISIBLE_DEVICES: [0]
[I 2023-12-15 20:03:16,944] Trial 1 finished with value: 165.2458038330078 and parameters: {'gradient_clip_val': 0.6599387505400691, 'hidden_size': 7, 'dropout': 0.27195255804452956, 'hidden_continuous_size': 6, 'attention_head_size': 2, 'learning_rate': 0.002036138876743823}. Best is trial 0 with value: 127.0336685180664.
LOCAL_RANK: 0 - CUDA_VISIBLE_DEVICES: [0]
[I 2023-12-15 20:04:03,635] Trial 2 finished with value: 264.71673583984375 and parameters: {'gradient_clip_val': 0.11616377245571884, 'hidden_size': 10, 'dropout': 0.1830696694147274, 'hidden_continuous_size': 6, 'attention_head_size': 4, 'learning_rate': 0.0038901976527514967}. Best is trial 0 with value: 127.0336685180664.
LOCAL_RANK: 0 - CUDA_VISIBLE_DEVICES: [0]
[I 2023-12-15 20:04:55,440] Trial 3 finished with value: 250.5333251953125 and parameters: {'gradient_clip_val': 0.4328822670441804, 'hidden_size': 70, 'dropout': 0.29690052782917364, 'hidden_continuous_size': 5, 'attention_head_size': 1, 'learning_rate': 0.08177277724758422}. Best is trial 0 with value: 127.0336685180664.
LOCAL_RANK: 0 - CUDA_VISIBLE_DEVICES: [0]
[I 2023-12-15 20:05:41,709] Trial 4 finished with value: 176.95860290527344 and parameters: {'gradient_clip_val': 0.16303533335492376, 'hidden_size': 10, 'dropout': 0.20336704738142938, 'hidden_continuous_size': 9, 'attention_head_size': 2, 'learning_rate': 0.05203098006324515}. Best is trial 0 with value: 127.0336685180664.
LOCAL_RANK: 0 - CUDA_VISIBLE_DEVICES: [0]
[I 2023-12-15 20:06:18,685] Trial 5 finished with value: 269.1838073730469 and parameters: {'gradient_clip_val': 0.9497545106298769, 'hidden_size': 5, 'dropout': 0.3440202143237955, 'hidden_continuous_size': 5, 'attention_head_size': 2, 'learning_rate': 0.0006082421899423587}. Best is trial 0 with value: 127.0336685180664.
LOCAL_RANK: 0 - CUDA_VISIBLE_DEVICES: [0]
[I 2023-12-15 20:06:54,982] Trial 6 finished with value: 212.0685577392578 and parameters: {'gradient_clip_val': 0.2893096759458965, 'hidden_size': 8, 'dropout': 0.33334517596645663, 'hidden_continuous_size': 8, 'attention_head_size': 2, 'learning_rate': 0.0025408928635699208}. Best is trial 0 with value: 127.0336685180664.
LOCAL_RANK: 0 - CUDA_VISIBLE_DEVICES: [0]
[I 2023-12-15 20:07:32,092] Trial 7 finished with value: 173.42942810058594 and parameters: {'gradient_clip_val': 0.21172802889846734, 'hidden_size': 11, 'dropout': 0.3694187500528283, 'hidden_continuous_size': 11, 'attention_head_size': 2, 'learning_rate': 0.0029826084698544326}. Best is trial 0 with value: 127.0336685180664.
LOCAL_RANK: 0 - CUDA_VISIBLE_DEVICES: [0]
[I 2023-12-15 20:08:23,646] Trial 8 finished with value: 241.0331573486328 and parameters: {'gradient_clip_val': 0.7915857161119625, 'hidden_size': 52, 'dropout': 0.22061935671845154, 'hidden_continuous_size': 6, 'attention_head_size': 2, 'learning_rate': 0.0006160608066863135}. Best is trial 0 with value: 127.0336685180664.
LOCAL_RANK: 0 - CUDA_VISIBLE_DEVICES: [0]
[I 2023-12-15 20:09:01,109] Trial 9 finished with value: 179.2518310546875 and parameters: {'gradient_clip_val': 0.2028418750996557, 'hidden_size': 5, 'dropout': 0.26563743845659304, 'hidden_continuous_size': 5, 'attention_head_size': 4, 'learning_rate': 0.006017821694936504}. Best is trial 0 with value: 127.0336685180664.
LOCAL_RANK: 0 - CUDA_VISIBLE_DEVICES: [0]
[I 2023-12-15 20:09:51,555] Trial 10 finished with value: 134.73098754882812 and parameters: {'gradient_clip_val': 0.10405402388522565, 'hidden_size': 25, 'dropout': 0.10203304047286949, 'hidden_continuous_size': 24, 'attention_head_size': 1, 'learning_rate': 0.019806749848158237}. Best is trial 0 with value: 127.0336685180664.
LOCAL_RANK: 0 - CUDA_VISIBLE_DEVICES: [0]
[I 2023-12-15 20:10:28,032] Trial 11 finished with value: 376.853271484375 and parameters: {'gradient_clip_val': 0.11369430000480749, 'hidden_size': 22, 'dropout': 0.1186935835473872, 'hidden_continuous_size': 22, 'attention_head_size': 1, 'learning_rate': 0.015469419453263663}. Best is trial 0 with value: 127.0336685180664.
LOCAL_RANK: 0 - CUDA_VISIBLE_DEVICES: [0]
[I 2023-12-15 20:11:17,138] Trial 12 finished with value: 175.9766845703125 and parameters: {'gradient_clip_val': 0.10374390459356482, 'hidden_size': 21, 'dropout': 0.11219411191166859, 'hidden_continuous_size': 19, 'attention_head_size': 1, 'learning_rate': 0.014623186695065309}. Best is trial 0 with value: 127.0336685180664.
LOCAL_RANK: 0 - CUDA_VISIBLE_DEVICES: [0]
[I 2023-12-15 20:12:05,733] Trial 13 finished with value: 159.5491180419922 and parameters: {'gradient_clip_val': 0.15844923086861035, 'hidden_size': 20, 'dropout': 0.1487758450361374, 'hidden_continuous_size': 14, 'attention_head_size': 3, 'learning_rate': 0.014965565568254137}. Best is trial 0 with value: 127.0336685180664.
LOCAL_RANK: 0 - CUDA_VISIBLE_DEVICES: [0]
[I 2023-12-15 20:12:57,547] Trial 14 finished with value: 162.2556610107422 and parameters: {'gradient_clip_val': 0.10623664038376833, 'hidden_size': 36, 'dropout': 0.10641820263911864, 'hidden_continuous_size': 34, 'attention_head_size': 1, 'learning_rate': 0.029255165389837884}. Best is trial 0 with value: 127.0336685180664.
LOCAL_RANK: 0 - CUDA_VISIBLE_DEVICES: [0]
[I 2023-12-15 20:13:43,765] Trial 15 finished with value: 346.4878845214844 and parameters: {'gradient_clip_val': 0.15267710149950192, 'hidden_size': 16, 'dropout': 0.15868972377706766, 'hidden_continuous_size': 8, 'attention_head_size': 3, 'learning_rate': 0.01020323798117246}. Best is trial 0 with value: 127.0336685180664.
LOCAL_RANK: 0 - CUDA_VISIBLE_DEVICES: [0]
[I 2023-12-15 20:14:33,158] Trial 16 finished with value: 202.80047607421875 and parameters: {'gradient_clip_val': 0.2857926669448665, 'hidden_size': 30, 'dropout': 0.14464854463623372, 'hidden_continuous_size': 13, 'attention_head_size': 1, 'learning_rate': 0.029286906677605994}. Best is trial 0 with value: 127.0336685180664.
LOCAL_RANK: 0 - CUDA_VISIBLE_DEVICES: [0]
[I 2023-12-15 20:15:19,382] Trial 17 finished with value: 279.0809020996094 and parameters: {'gradient_clip_val': 0.14205999001522948, 'hidden_size': 15, 'dropout': 0.10132452844346422, 'hidden_continuous_size': 7, 'attention_head_size': 1, 'learning_rate': 0.005990935651321457}. Best is trial 0 with value: 127.0336685180664.
LOCAL_RANK: 0 - CUDA_VISIBLE_DEVICES: [0]
[I 2023-12-15 20:16:10,220] Trial 18 finished with value: 264.6981201171875 and parameters: {'gradient_clip_val': 0.10073801301533822, 'hidden_size': 33, 'dropout': 0.2276905432968579, 'hidden_continuous_size': 10, 'attention_head_size': 3, 'learning_rate': 0.0014381201763110022}. Best is trial 0 with value: 127.0336685180664.
LOCAL_RANK: 0 - CUDA_VISIBLE_DEVICES: [0]
[I 2023-12-15 20:17:03,170] Trial 19 finished with value: 156.76284790039062 and parameters: {'gradient_clip_val': 0.20301700613990542, 'hidden_size': 46, 'dropout': 0.1745062138014319, 'hidden_continuous_size': 19, 'attention_head_size': 1, 'learning_rate': 0.008487525925015933}. Best is trial 0 with value: 127.0336685180664.
LOCAL_RANK: 0 - CUDA_VISIBLE_DEVICES: [0]
[I 2023-12-15 20:17:58,958] Trial 20 finished with value: 162.9683380126953 and parameters: {'gradient_clip_val': 0.12806540001130168, 'hidden_size': 76, 'dropout': 0.14030306093719733, 'hidden_continuous_size': 74, 'attention_head_size': 1, 'learning_rate': 0.0045121704927948755}. Best is trial 0 with value: 127.0336685180664.
LOCAL_RANK: 0 - CUDA_VISIBLE_DEVICES: [0]
[I 2023-12-15 20:18:54,374] Trial 21 finished with value: 201.4394073486328 and parameters: {'gradient_clip_val': 0.18944511410857312, 'hidden_size': 97, 'dropout': 0.17126003800630407, 'hidden_continuous_size': 26, 'attention_head_size': 1, 'learning_rate': 0.009177848726062128}. Best is trial 0 with value: 127.0336685180664.
LOCAL_RANK: 0 - CUDA_VISIBLE_DEVICES: [0]
[I 2023-12-15 20:19:46,995] Trial 22 finished with value: 177.55157470703125 and parameters: {'gradient_clip_val': 0.1377448401308565, 'hidden_size': 49, 'dropout': 0.13828817629849516, 'hidden_continuous_size': 17, 'attention_head_size': 1, 'learning_rate': 0.006021126332639532}. Best is trial 0 with value: 127.0336685180664.
LOCAL_RANK: 0 - CUDA_VISIBLE_DEVICES: [0]
[I 2023-12-15 20:20:36,085] Trial 23 finished with value: 283.75347900390625 and parameters: {'gradient_clip_val': 0.13123470613788482, 'hidden_size': 27, 'dropout': 0.18050826038276413, 'hidden_continuous_size': 12, 'attention_head_size': 1, 'learning_rate': 0.009765645807768234}. Best is trial 0 with value: 127.0336685180664.
LOCAL_RANK: 0 - CUDA_VISIBLE_DEVICES: [0]
[I 2023-12-15 20:21:28,981] Trial 24 finished with value: 215.0146484375 and parameters: {'gradient_clip_val': 0.2378328679476288, 'hidden_size': 42, 'dropout': 0.12174547257023727, 'hidden_continuous_size': 15, 'attention_head_size': 2, 'learning_rate': 0.027059654904111396}. Best is trial 0 with value: 127.0336685180664.
LOCAL_RANK: 0 - CUDA_VISIBLE_DEVICES: [0]
[I 2023-12-15 20:22:17,974] Trial 25 finished with value: 166.9938201904297 and parameters: {'gradient_clip_val': 0.17697232326588472, 'hidden_size': 27, 'dropout': 0.10145380263302019, 'hidden_continuous_size': 10, 'attention_head_size': 1, 'learning_rate': 0.004457643076243954}. Best is trial 0 with value: 127.0336685180664.
LOCAL_RANK: 0 - CUDA_VISIBLE_DEVICES: [0]
[I 2023-12-15 20:23:10,221] Trial 26 finished with value: 200.94805908203125 and parameters: {'gradient_clip_val': 0.1318970661736021, 'hidden_size': 39, 'dropout': 0.1638880790552172, 'hidden_continuous_size': 15, 'attention_head_size': 2, 'learning_rate': 0.007673010434699041}. Best is trial 0 with value: 127.0336685180664.
LOCAL_RANK: 0 - CUDA_VISIBLE_DEVICES: [0]
[I 2023-12-15 20:23:56,268] Trial 27 finished with value: 155.9398651123047 and parameters: {'gradient_clip_val': 0.10007623870326535, 'hidden_size': 15, 'dropout': 0.13429274539410285, 'hidden_continuous_size': 7, 'attention_head_size': 1, 'learning_rate': 0.01892104760008926}. Best is trial 0 with value: 127.0336685180664.
LOCAL_RANK: 0 - CUDA_VISIBLE_DEVICES: [0]
[I 2023-12-15 20:24:43,200] Trial 28 finished with value: 178.21665954589844 and parameters: {'gradient_clip_val': 0.11982808648134954, 'hidden_size': 15, 'dropout': 0.12628942627459294, 'hidden_continuous_size': 7, 'attention_head_size': 3, 'learning_rate': 0.020750573922436868}. Best is trial 0 with value: 127.0336685180664.
LOCAL_RANK: 0 - CUDA_VISIBLE_DEVICES: [0]
[I 2023-12-15 20:25:29,393] Trial 29 finished with value: 168.2302703857422 and parameters: {'gradient_clip_val': 0.10422191227042442, 'hidden_size': 14, 'dropout': 0.13081786143535554, 'hidden_continuous_size': 7, 'attention_head_size': 2, 'learning_rate': 0.048852493724647485}. Best is trial 0 with value: 127.0336685180664.
LOCAL_RANK: 0 - CUDA_VISIBLE_DEVICES: [0]
[I 2023-12-15 20:26:16,287] Trial 30 finished with value: 386.4670104980469 and parameters: {'gradient_clip_val': 0.1602385988881555, 'hidden_size': 20, 'dropout': 0.13120035151499343, 'hidden_continuous_size': 9, 'attention_head_size': 1, 'learning_rate': 0.013589548996218165}. Best is trial 0 with value: 127.0336685180664.
LOCAL_RANK: 0 - CUDA_VISIBLE_DEVICES: [0]
[I 2023-12-15 20:27:05,176] Trial 31 finished with value: 234.2802276611328 and parameters: {'gradient_clip_val': 0.1273023152093225, 'hidden_size': 24, 'dropout': 0.15368232313803312, 'hidden_continuous_size': 8, 'attention_head_size': 1, 'learning_rate': 0.0206213888732945}. Best is trial 0 with value: 127.0336685180664.
LOCAL_RANK: 0 - CUDA_VISIBLE_DEVICES: [0]
[I 2023-12-15 20:27:50,108] Trial 32 finished with value: 359.63232421875 and parameters: {'gradient_clip_val': 0.11510000880977844, 'hidden_size': 12, 'dropout': 0.18682933128348725, 'hidden_continuous_size': 6, 'attention_head_size': 1, 'learning_rate': 0.01076074666009797}. Best is trial 0 with value: 127.0336685180664.
LOCAL_RANK: 0 - CUDA_VISIBLE_DEVICES: [0]
[I 2023-12-15 20:28:38,054] Trial 33 finished with value: 138.8035888671875 and parameters: {'gradient_clip_val': 0.4387411719376533, 'hidden_size': 19, 'dropout': 0.12003543515471604, 'hidden_continuous_size': 7, 'attention_head_size': 1, 'learning_rate': 0.0035791825211751024}. Best is trial 0 with value: 127.0336685180664.
LOCAL_RANK: 0 - CUDA_VISIBLE_DEVICES: [0]
[I 2023-12-15 20:29:25,535] Trial 34 finished with value: 310.3169250488281 and parameters: {'gradient_clip_val': 0.39705379386911777, 'hidden_size': 18, 'dropout': 0.11978874943049692, 'hidden_continuous_size': 7, 'attention_head_size': 1, 'learning_rate': 0.003593591027910379}. Best is trial 0 with value: 127.0336685180664.
LOCAL_RANK: 0 - CUDA_VISIBLE_DEVICES: [0]
[I 2023-12-15 20:30:12,337] Trial 35 finished with value: 416.5271301269531 and parameters: {'gradient_clip_val': 0.5238107724192566, 'hidden_size': 13, 'dropout': 0.10027010896857261, 'hidden_continuous_size': 6, 'attention_head_size': 4, 'learning_rate': 0.00232248533133169}. Best is trial 0 with value: 127.0336685180664.
LOCAL_RANK: 0 - CUDA_VISIBLE_DEVICES: [0]
[I 2023-12-15 20:31:00,096] Trial 36 finished with value: 219.5532989501953 and parameters: {'gradient_clip_val': 0.3644280129120745, 'hidden_size': 18, 'dropout': 0.14714179525242438, 'hidden_continuous_size': 8, 'attention_head_size': 2, 'learning_rate': 0.001844610776060248}. Best is trial 0 with value: 127.0336685180664.
LOCAL_RANK: 0 - CUDA_VISIBLE_DEVICES: [0]
[I 2023-12-15 20:31:46,856] Trial 37 finished with value: 266.6916198730469 and parameters: {'gradient_clip_val': 0.12039780363587026, 'hidden_size': 10, 'dropout': 0.190553219523734, 'hidden_continuous_size': 6, 'attention_head_size': 2, 'learning_rate': 0.04604439915894221}. Best is trial 0 with value: 127.0336685180664.
LOCAL_RANK: 0 - CUDA_VISIBLE_DEVICES: [0]
[I 2023-12-15 20:32:32,558] Trial 38 finished with value: 154.4901123046875 and parameters: {'gradient_clip_val': 0.518736386954237, 'hidden_size': 9, 'dropout': 0.11999355728325263, 'hidden_continuous_size': 5, 'attention_head_size': 1, 'learning_rate': 0.08212948193216814}. Best is trial 0 with value: 127.0336685180664.
LOCAL_RANK: 0 - CUDA_VISIBLE_DEVICES: [0]
[I 2023-12-15 20:33:17,964] Trial 39 finished with value: 410.353271484375 and parameters: {'gradient_clip_val': 0.5171784128716704, 'hidden_size': 8, 'dropout': 0.11193470363817186, 'hidden_continuous_size': 5, 'attention_head_size': 2, 'learning_rate': 0.06827658663151619}. Best is trial 0 with value: 127.0336685180664.
LOCAL_RANK: 0 - CUDA_VISIBLE_DEVICES: [0]
[I 2023-12-15 20:34:03,132] Trial 40 finished with value: 165.65167236328125 and parameters: {'gradient_clip_val': 0.4982328277964177, 'hidden_size': 12, 'dropout': 0.15652165252767808, 'hidden_continuous_size': 5, 'attention_head_size': 1, 'learning_rate': 0.07012323547525141}. Best is trial 0 with value: 127.0336685180664.
LOCAL_RANK: 0 - CUDA_VISIBLE_DEVICES: [0]
[I 2023-12-15 20:34:48,536] Trial 41 finished with value: 152.0893096923828 and parameters: {'gradient_clip_val': 0.6112034350435936, 'hidden_size': 10, 'dropout': 0.12692639511694706, 'hidden_continuous_size': 5, 'attention_head_size': 1, 'learning_rate': 0.049126577981191695}. Best is trial 0 with value: 127.0336685180664.
LOCAL_RANK: 0 - CUDA_VISIBLE_DEVICES: [0]
[I 2023-12-15 20:35:34,092] Trial 42 finished with value: 204.56764221191406 and parameters: {'gradient_clip_val': 0.6466445309284109, 'hidden_size': 9, 'dropout': 0.12442947355203023, 'hidden_continuous_size': 5, 'attention_head_size': 1, 'learning_rate': 0.09644283518867083}. Best is trial 0 with value: 127.0336685180664.
LOCAL_RANK: 0 - CUDA_VISIBLE_DEVICES: [0]
[I 2023-12-15 20:36:19,287] Trial 43 finished with value: 147.52012634277344 and parameters: {'gradient_clip_val': 0.6246698626351027, 'hidden_size': 7, 'dropout': 0.11317854159268942, 'hidden_continuous_size': 5, 'attention_head_size': 1, 'learning_rate': 0.09527238133107596}. Best is trial 0 with value: 127.0336685180664.
LOCAL_RANK: 0 - CUDA_VISIBLE_DEVICES: [0]
[I 2023-12-15 20:37:04,347] Trial 44 finished with value: 149.09889221191406 and parameters: {'gradient_clip_val': 0.6329709586563695, 'hidden_size': 7, 'dropout': 0.11251350054064779, 'hidden_continuous_size': 5, 'attention_head_size': 1, 'learning_rate': 0.05900059458677383}. Best is trial 0 with value: 127.0336685180664.
LOCAL_RANK: 0 - CUDA_VISIBLE_DEVICES: [0]
[I 2023-12-15 20:37:50,287] Trial 45 finished with value: 197.6477813720703 and parameters: {'gradient_clip_val': 0.7539239593227388, 'hidden_size': 6, 'dropout': 0.11190425535363574, 'hidden_continuous_size': 5, 'attention_head_size': 2, 'learning_rate': 0.06562393495518598}. Best is trial 0 with value: 127.0336685180664.
LOCAL_RANK: 0 - CUDA_VISIBLE_DEVICES: [0]
[I 2023-12-15 20:38:35,321] Trial 46 finished with value: 418.2143249511719 and parameters: {'gradient_clip_val': 0.43486917468043795, 'hidden_size': 6, 'dropout': 0.10161067420173549, 'hidden_continuous_size': 5, 'attention_head_size': 1, 'learning_rate': 0.09236028683801749}. Best is trial 0 with value: 127.0336685180664.
LOCAL_RANK: 0 - CUDA_VISIBLE_DEVICES: [0]
[I 2023-12-15 20:39:20,869] Trial 47 finished with value: 380.2208251953125 and parameters: {'gradient_clip_val': 0.8965097436963294, 'hidden_size': 7, 'dropout': 0.14523783345862445, 'hidden_continuous_size': 6, 'attention_head_size': 1, 'learning_rate': 0.03728927449772587}. Best is trial 0 with value: 127.0336685180664.
LOCAL_RANK: 0 - CUDA_VISIBLE_DEVICES: [0]
[I 2023-12-15 20:39:57,217] Trial 48 finished with value: 213.70579528808594 and parameters: {'gradient_clip_val': 0.6045243599546878, 'hidden_size': 5, 'dropout': 0.163590514238686, 'hidden_continuous_size': 5, 'attention_head_size': 2, 'learning_rate': 0.06428864342694587}. Best is trial 0 with value: 127.0336685180664.
LOCAL_RANK: 0 - CUDA_VISIBLE_DEVICES: [0]
