[I 2023-12-16 11:10:24,576] Trial 37 finished with value: 16.464982986450195 and parameters: {'gradient_clip_val': 0.18427961164684853, 'hidden_size': 9, 'dropout': 0.29938540516371237, 'hidden_continuous_size': 6, 'attention_head_size': 2, 'learning_rate': 0.004928658910136597}. Best is trial 34 with value: 11.470002174377441.
LOCAL_RANK: 0 - CUDA_VISIBLE_DEVICES: [0]
[I 2023-12-16 11:11:08,210] Trial 38 finished with value: 26.441247940063477 and parameters: {'gradient_clip_val': 0.15666556521605268, 'hidden_size': 8, 'dropout': 0.2904573528737248, 'hidden_continuous_size': 5, 'attention_head_size': 2, 'learning_rate': 0.0024678807029622396}. Best is trial 34 with value: 11.470002174377441.
LOCAL_RANK: 0 - CUDA_VISIBLE_DEVICES: [0]
[I 2023-12-16 11:11:52,520] Trial 39 finished with value: 11.29544448852539 and parameters: {'gradient_clip_val': 0.1789736528124345, 'hidden_size': 6, 'dropout': 0.31761933014766464, 'hidden_continuous_size': 5, 'attention_head_size': 1, 'learning_rate': 0.007531019578737341}. Best is trial 39 with value: 11.29544448852539.
LOCAL_RANK: 0 - CUDA_VISIBLE_DEVICES: [0]
[I 2023-12-16 11:12:36,443] Trial 40 finished with value: 20.369516372680664 and parameters: {'gradient_clip_val': 0.2237417137544043, 'hidden_size': 6, 'dropout': 0.28267998227197877, 'hidden_continuous_size': 5, 'attention_head_size': 1, 'learning_rate': 0.007589169126386994}. Best is trial 39 with value: 11.29544448852539.
LOCAL_RANK: 0 - CUDA_VISIBLE_DEVICES: [0]
[I 2023-12-16 11:13:21,128] Trial 41 finished with value: 23.569028854370117 and parameters: {'gradient_clip_val': 0.13673490827214188, 'hidden_size': 10, 'dropout': 0.32388386406451425, 'hidden_continuous_size': 5, 'attention_head_size': 1, 'learning_rate': 0.005882466804990489}. Best is trial 39 with value: 11.29544448852539.
LOCAL_RANK: 0 - CUDA_VISIBLE_DEVICES: [0]
[I 2023-12-16 11:14:04,644] Trial 42 finished with value: 12.144404411315918 and parameters: {'gradient_clip_val': 0.1591141240236506, 'hidden_size': 8, 'dropout': 0.31037499902668114, 'hidden_continuous_size': 5, 'attention_head_size': 2, 'learning_rate': 0.010138691841016479}. Best is trial 39 with value: 11.29544448852539.
LOCAL_RANK: 0 - CUDA_VISIBLE_DEVICES: [0]
[I 2023-12-16 11:14:47,343] Trial 43 finished with value: 13.892102241516113 and parameters: {'gradient_clip_val': 0.18968957051296392, 'hidden_size': 8, 'dropout': 0.27036972428947803, 'hidden_continuous_size': 5, 'attention_head_size': 1, 'learning_rate': 0.009004875114765805}. Best is trial 39 with value: 11.29544448852539.
LOCAL_RANK: 0 - CUDA_VISIBLE_DEVICES: [0]
[I 2023-12-16 11:15:30,254] Trial 44 finished with value: 33.10631561279297 and parameters: {'gradient_clip_val': 0.18053298472183746, 'hidden_size': 8, 'dropout': 0.26743558600257183, 'hidden_continuous_size': 5, 'attention_head_size': 1, 'learning_rate': 0.009141578691418045}. Best is trial 39 with value: 11.29544448852539.
LOCAL_RANK: 0 - CUDA_VISIBLE_DEVICES: [0]
[I 2023-12-16 11:16:14,663] Trial 45 finished with value: 39.95756912231445 and parameters: {'gradient_clip_val': 0.19459894260866947, 'hidden_size': 6, 'dropout': 0.31272452136899653, 'hidden_continuous_size': 5, 'attention_head_size': 1, 'learning_rate': 0.012446137039443018}. Best is trial 39 with value: 11.29544448852539.
LOCAL_RANK: 0 - CUDA_VISIBLE_DEVICES: [0]
[I 2023-12-16 11:16:48,078] Trial 46 finished with value: 11.747669219970703 and parameters: {'gradient_clip_val': 0.16878016014884648, 'hidden_size': 5, 'dropout': 0.32944887606946616, 'hidden_continuous_size': 5, 'attention_head_size': 1, 'learning_rate': 0.00914898666014573}. Best is trial 39 with value: 11.29544448852539.
LOCAL_RANK: 0 - CUDA_VISIBLE_DEVICES: [0]
[I 2023-12-16 11:17:21,550] Trial 47 finished with value: 9.877805709838867 and parameters: {'gradient_clip_val': 0.1708601963422938, 'hidden_size': 5, 'dropout': 0.25158672285337524, 'hidden_continuous_size': 5, 'attention_head_size': 1, 'learning_rate': 0.013866477864586297}. Best is trial 47 with value: 9.877805709838867.
LOCAL_RANK: 0 - CUDA_VISIBLE_DEVICES: [0]
[I 2023-12-16 11:17:54,550] Trial 48 finished with value: 58.087581634521484 and parameters: {'gradient_clip_val': 0.17181613515009694, 'hidden_size': 5, 'dropout': 0.25242449530020944, 'hidden_continuous_size': 5, 'attention_head_size': 1, 'learning_rate': 0.014456825969457906}. Best is trial 47 with value: 9.877805709838867.
LOCAL_RANK: 0 - CUDA_VISIBLE_DEVICES: [0]
[I 2023-12-16 11:18:27,552] Trial 49 finished with value: 13.633370399475098 and parameters: {'gradient_clip_val': 0.23514023838848605, 'hidden_size': 5, 'dropout': 0.3227604267742439, 'hidden_continuous_size': 5, 'attention_head_size': 1, 'learning_rate': 0.007845343511643024}. Best is trial 47 with value: 9.877805709838867.
[I 2023-12-16 11:18:27,646] A new study created in memory with name: no-name-44bd349b-eff6-408c-9121-1f7626a6eced
/home/le004/conda/anaconda3/envs/tsff_env/lib/python3.9/site-packages/lightning/fabric/plugins/environments/slurm.py:191: The `srun` command is available on your system but is not used. HINT: If your intention is to run Lightning on SLURM, prepend your python command with `srun` like so: srun python /home/le004/master_thesis/git/TSFusionForecast/code/ ...
LOCAL_RANK: 0 - CUDA_VISIBLE_DEVICES: [0]
[I 2023-12-16 11:19:01,129] Trial 0 finished with value: 10.13561725616455 and parameters: {'gradient_clip_val': 0.869820997716652, 'hidden_size': 5, 'dropout': 0.36228809171870224, 'hidden_continuous_size': 5, 'attention_head_size': 3, 'learning_rate': 0.0017321416357245108}. Best is trial 0 with value: 10.13561725616455.
LOCAL_RANK: 0 - CUDA_VISIBLE_DEVICES: [0]
[I 2023-12-16 11:19:53,983] Trial 1 finished with value: 18.556238174438477 and parameters: {'gradient_clip_val': 0.11685671245214749, 'hidden_size': 77, 'dropout': 0.22055941897115736, 'hidden_continuous_size': 9, 'attention_head_size': 3, 'learning_rate': 0.06289162409545965}. Best is trial 0 with value: 10.13561725616455.
LOCAL_RANK: 0 - CUDA_VISIBLE_DEVICES: [0]
[I 2023-12-16 11:20:27,543] Trial 2 finished with value: 12.934714317321777 and parameters: {'gradient_clip_val': 0.6797032609731285, 'hidden_size': 6, 'dropout': 0.12191819379085059, 'hidden_continuous_size': 6, 'attention_head_size': 1, 'learning_rate': 0.00089929953679321}. Best is trial 0 with value: 10.13561725616455.
LOCAL_RANK: 0 - CUDA_VISIBLE_DEVICES: [0]
[I 2023-12-16 11:21:16,610] Trial 3 finished with value: 8.606324195861816 and parameters: {'gradient_clip_val': 0.2904918656361626, 'hidden_size': 25, 'dropout': 0.10973957522359191, 'hidden_continuous_size': 21, 'attention_head_size': 3, 'learning_rate': 0.058353658293272784}. Best is trial 3 with value: 8.606324195861816.
LOCAL_RANK: 0 - CUDA_VISIBLE_DEVICES: [0]
[I 2023-12-16 11:22:01,969] Trial 4 finished with value: 10.989628791809082 and parameters: {'gradient_clip_val': 0.339859183951323, 'hidden_size': 9, 'dropout': 0.33924407130878065, 'hidden_continuous_size': 6, 'attention_head_size': 4, 'learning_rate': 0.001122013445116865}. Best is trial 3 with value: 8.606324195861816.
LOCAL_RANK: 0 - CUDA_VISIBLE_DEVICES: [0]
[I 2023-12-16 11:22:51,504] Trial 5 finished with value: 14.754656791687012 and parameters: {'gradient_clip_val': 0.3411340824846203, 'hidden_size': 34, 'dropout': 0.15764897550151208, 'hidden_continuous_size': 8, 'attention_head_size': 4, 'learning_rate': 0.006166025946453744}. Best is trial 3 with value: 8.606324195861816.
LOCAL_RANK: 0 - CUDA_VISIBLE_DEVICES: [0]
[I 2023-12-16 11:23:36,622] Trial 6 finished with value: 11.252685546875 and parameters: {'gradient_clip_val': 0.24121580274643653, 'hidden_size': 7, 'dropout': 0.17145404018682558, 'hidden_continuous_size': 6, 'attention_head_size': 3, 'learning_rate': 0.049894275967976576}. Best is trial 3 with value: 8.606324195861816.
LOCAL_RANK: 0 - CUDA_VISIBLE_DEVICES: [0]
[I 2023-12-16 11:24:22,623] Trial 7 finished with value: 14.222747802734375 and parameters: {'gradient_clip_val': 0.48704916864062286, 'hidden_size': 14, 'dropout': 0.39714566455033773, 'hidden_continuous_size': 6, 'attention_head_size': 4, 'learning_rate': 0.02361872138726324}. Best is trial 3 with value: 8.606324195861816.
LOCAL_RANK: 0 - CUDA_VISIBLE_DEVICES: [0]
[I 2023-12-16 11:25:08,241] Trial 8 finished with value: 12.837295532226562 and parameters: {'gradient_clip_val': 0.21533018938500553, 'hidden_size': 16, 'dropout': 0.11729005577905208, 'hidden_continuous_size': 14, 'attention_head_size': 2, 'learning_rate': 0.0044675147763287865}. Best is trial 3 with value: 8.606324195861816.
LOCAL_RANK: 0 - CUDA_VISIBLE_DEVICES: [0]
[I 2023-12-16 11:25:41,709] Trial 9 finished with value: 23.30104637145996 and parameters: {'gradient_clip_val': 0.8187975413067944, 'hidden_size': 7, 'dropout': 0.11574031287079614, 'hidden_continuous_size': 7, 'attention_head_size': 2, 'learning_rate': 0.00415176596386415}. Best is trial 3 with value: 8.606324195861816.
LOCAL_RANK: 0 - CUDA_VISIBLE_DEVICES: [0]
[I 2023-12-16 11:26:32,759] Trial 10 finished with value: 6.622814655303955 and parameters: {'gradient_clip_val': 0.14687491430823166, 'hidden_size': 30, 'dropout': 0.26528333145357313, 'hidden_continuous_size': 26, 'attention_head_size': 1, 'learning_rate': 0.018038254344329995}. Best is trial 10 with value: 6.622814655303955.
LOCAL_RANK: 0 - CUDA_VISIBLE_DEVICES: [0]
[I 2023-12-16 11:27:23,777] Trial 11 finished with value: 9.201109886169434 and parameters: {'gradient_clip_val': 0.13509381145656255, 'hidden_size': 31, 'dropout': 0.26785560400147546, 'hidden_continuous_size': 26, 'attention_head_size': 1, 'learning_rate': 0.022252750185431967}. Best is trial 10 with value: 6.622814655303955.
LOCAL_RANK: 0 - CUDA_VISIBLE_DEVICES: [0]
[I 2023-12-16 11:28:14,084] Trial 12 finished with value: 12.60113525390625 and parameters: {'gradient_clip_val': 0.16438635898129564, 'hidden_size': 28, 'dropout': 0.260976251836162, 'hidden_continuous_size': 26, 'attention_head_size': 2, 'learning_rate': 0.09494160021521957}. Best is trial 10 with value: 6.622814655303955.
LOCAL_RANK: 0 - CUDA_VISIBLE_DEVICES: [0]
[I 2023-12-16 11:29:06,540] Trial 13 finished with value: 11.525424003601074 and parameters: {'gradient_clip_val': 0.10305347967704746, 'hidden_size': 47, 'dropout': 0.20366877330197866, 'hidden_continuous_size': 41, 'attention_head_size': 1, 'learning_rate': 0.01771428233693897}. Best is trial 10 with value: 6.622814655303955.
LOCAL_RANK: 0 - CUDA_VISIBLE_DEVICES: [0]
[I 2023-12-16 11:29:53,911] Trial 14 finished with value: 9.077836990356445 and parameters: {'gradient_clip_val': 0.16626497408317373, 'hidden_size': 20, 'dropout': 0.28126896876265955, 'hidden_continuous_size': 11, 'attention_head_size': 2, 'learning_rate': 0.012725756449409603}. Best is trial 10 with value: 6.622814655303955.
LOCAL_RANK: 0 - CUDA_VISIBLE_DEVICES: [0]
[I 2023-12-16 11:30:46,922] Trial 15 finished with value: 11.805347442626953 and parameters: {'gradient_clip_val': 0.2506850414043795, 'hidden_size': 53, 'dropout': 0.304791559642207, 'hidden_continuous_size': 22, 'attention_head_size': 3, 'learning_rate': 0.03902175423709259}. Best is trial 10 with value: 6.622814655303955.
LOCAL_RANK: 0 - CUDA_VISIBLE_DEVICES: [0]
[I 2023-12-16 11:31:31,733] Trial 16 finished with value: 34.01646041870117 and parameters: {'gradient_clip_val': 0.4422208917716846, 'hidden_size': 13, 'dropout': 0.2240509019104996, 'hidden_continuous_size': 5, 'attention_head_size': 1, 'learning_rate': 0.012107578343600245}. Best is trial 10 with value: 6.622814655303955.
LOCAL_RANK: 0 - CUDA_VISIBLE_DEVICES: [0]
[I 2023-12-16 11:32:20,218] Trial 17 finished with value: 16.841636657714844 and parameters: {'gradient_clip_val': 0.14919254438918653, 'hidden_size': 22, 'dropout': 0.2404431238549705, 'hidden_continuous_size': 13, 'attention_head_size': 2, 'learning_rate': 0.03987943362955606}. Best is trial 10 with value: 6.622814655303955.
LOCAL_RANK: 0 - CUDA_VISIBLE_DEVICES: [0]
[I 2023-12-16 11:33:12,327] Trial 18 finished with value: 12.128829956054688 and parameters: {'gradient_clip_val': 0.1922869530246474, 'hidden_size': 38, 'dropout': 0.1872696968582266, 'hidden_continuous_size': 19, 'attention_head_size': 3, 'learning_rate': 0.0932932500268677}. Best is trial 10 with value: 6.622814655303955.
LOCAL_RANK: 0 - CUDA_VISIBLE_DEVICES: [0]
[I 2023-12-16 11:34:02,018] Trial 19 finished with value: 8.576422691345215 and parameters: {'gradient_clip_val': 0.27005929385185534, 'hidden_size': 23, 'dropout': 0.14643231049758879, 'hidden_continuous_size': 15, 'attention_head_size': 4, 'learning_rate': 0.030249657889123493}. Best is trial 10 with value: 6.622814655303955.
LOCAL_RANK: 0 - CUDA_VISIBLE_DEVICES: [0]
[I 2023-12-16 11:34:49,840] Trial 20 finished with value: 3.9953229427337646 and parameters: {'gradient_clip_val': 0.18067191204118846, 'hidden_size': 18, 'dropout': 0.15681357438165103, 'hidden_continuous_size': 10, 'attention_head_size': 4, 'learning_rate': 0.009689276563094474}. Best is trial 20 with value: 3.9953229427337646.
LOCAL_RANK: 0 - CUDA_VISIBLE_DEVICES: [0]
[I 2023-12-16 11:35:38,258] Trial 21 finished with value: 6.255134105682373 and parameters: {'gradient_clip_val': 0.18800706798810007, 'hidden_size': 19, 'dropout': 0.15167255223581333, 'hidden_continuous_size': 10, 'attention_head_size': 4, 'learning_rate': 0.008508291146665665}. Best is trial 20 with value: 3.9953229427337646.
LOCAL_RANK: 0 - CUDA_VISIBLE_DEVICES: [0]
[I 2023-12-16 11:36:26,009] Trial 22 finished with value: 18.99764060974121 and parameters: {'gradient_clip_val': 0.1994481361884927, 'hidden_size': 18, 'dropout': 0.18660951863771, 'hidden_continuous_size': 10, 'attention_head_size': 4, 'learning_rate': 0.009526996257116178}. Best is trial 20 with value: 3.9953229427337646.
LOCAL_RANK: 0 - CUDA_VISIBLE_DEVICES: [0]
[I 2023-12-16 11:37:11,022] Trial 23 finished with value: 11.71865177154541 and parameters: {'gradient_clip_val': 0.13107684755863105, 'hidden_size': 12, 'dropout': 0.14586494049539175, 'hidden_continuous_size': 8, 'attention_head_size': 4, 'learning_rate': 0.007840413282117431}. Best is trial 20 with value: 3.9953229427337646.
LOCAL_RANK: 0 - CUDA_VISIBLE_DEVICES: [0]
[I 2023-12-16 11:37:59,154] Trial 24 finished with value: 7.837093830108643 and parameters: {'gradient_clip_val': 0.17783179774712188, 'hidden_size': 19, 'dropout': 0.20490682468340277, 'hidden_continuous_size': 11, 'attention_head_size': 4, 'learning_rate': 0.01524954606115408}. Best is trial 20 with value: 3.9953229427337646.
LOCAL_RANK: 0 - CUDA_VISIBLE_DEVICES: [0]
[I 2023-12-16 11:38:45,308] Trial 25 finished with value: 14.784225463867188 and parameters: {'gradient_clip_val': 0.13662272968871772, 'hidden_size': 11, 'dropout': 0.24620481046293924, 'hidden_continuous_size': 7, 'attention_head_size': 4, 'learning_rate': 0.009156345031078534}. Best is trial 20 with value: 3.9953229427337646.
LOCAL_RANK: 0 - CUDA_VISIBLE_DEVICES: [0]
[I 2023-12-16 11:39:30,366] Trial 26 finished with value: 33.03959274291992 and parameters: {'gradient_clip_val': 0.21059735908031527, 'hidden_size': 16, 'dropout': 0.10121145444089326, 'hidden_continuous_size': 9, 'attention_head_size': 3, 'learning_rate': 0.01896080014441998}. Best is trial 20 with value: 3.9953229427337646.
LOCAL_RANK: 0 - CUDA_VISIBLE_DEVICES: [0]
[I 2023-12-16 11:40:18,826] Trial 27 finished with value: 17.41195297241211 and parameters: {'gradient_clip_val': 0.15923036055433096, 'hidden_size': 27, 'dropout': 0.14214258421867365, 'hidden_continuous_size': 12, 'attention_head_size': 1, 'learning_rate': 0.005900996605360705}. Best is trial 20 with value: 3.9953229427337646.
LOCAL_RANK: 0 - CUDA_VISIBLE_DEVICES: [0]
[I 2023-12-16 11:41:08,085] Trial 28 finished with value: 24.87061882019043 and parameters: {'gradient_clip_val': 0.11181689060524233, 'hidden_size': 21, 'dropout': 0.1715455848975853, 'hidden_continuous_size': 10, 'attention_head_size': 4, 'learning_rate': 0.0030638713583730896}. Best is trial 20 with value: 3.9953229427337646.
LOCAL_RANK: 0 - CUDA_VISIBLE_DEVICES: [0]
[I 2023-12-16 11:41:52,744] Trial 29 finished with value: 14.82635498046875 and parameters: {'gradient_clip_val': 0.10133236418857047, 'hidden_size': 10, 'dropout': 0.13345788802351727, 'hidden_continuous_size': 5, 'attention_head_size': 2, 'learning_rate': 0.002238929858033999}. Best is trial 20 with value: 3.9953229427337646.
LOCAL_RANK: 0 - CUDA_VISIBLE_DEVICES: [0]
[I 2023-12-16 11:42:37,898] Trial 30 finished with value: 14.94439697265625 and parameters: {'gradient_clip_val': 0.17850443476456956, 'hidden_size': 16, 'dropout': 0.1634360778409878, 'hidden_continuous_size': 10, 'attention_head_size': 3, 'learning_rate': 0.01029679710718007}. Best is trial 20 with value: 3.9953229427337646.
LOCAL_RANK: 0 - CUDA_VISIBLE_DEVICES: [0]
[I 2023-12-16 11:43:26,445] Trial 31 finished with value: 35.981754302978516 and parameters: {'gradient_clip_val': 0.17688539975310139, 'hidden_size': 19, 'dropout': 0.19913826041473057, 'hidden_continuous_size': 11, 'attention_head_size': 4, 'learning_rate': 0.015509968608790536}. Best is trial 20 with value: 3.9953229427337646.
LOCAL_RANK: 0 - CUDA_VISIBLE_DEVICES: [0]
[I 2023-12-16 11:44:15,705] Trial 32 finished with value: 10.097455024719238 and parameters: {'gradient_clip_val': 0.12560018759624772, 'hidden_size': 25, 'dropout': 0.21472738034315214, 'hidden_continuous_size': 12, 'attention_head_size': 4, 'learning_rate': 0.013999931414130725}. Best is trial 20 with value: 3.9953229427337646.
LOCAL_RANK: 0 - CUDA_VISIBLE_DEVICES: [0]
[I 2023-12-16 11:45:02,150] Trial 33 finished with value: 12.902499198913574 and parameters: {'gradient_clip_val': 0.14752460910950074, 'hidden_size': 14, 'dropout': 0.18586975619867466, 'hidden_continuous_size': 9, 'attention_head_size': 4, 'learning_rate': 0.007921951892582069}. Best is trial 20 with value: 3.9953229427337646.
LOCAL_RANK: 0 - CUDA_VISIBLE_DEVICES: [0]
[I 2023-12-16 11:45:49,072] Trial 34 finished with value: 11.690009117126465 and parameters: {'gradient_clip_val': 0.1221019002630568, 'hidden_size': 18, 'dropout': 0.23391554146191862, 'hidden_continuous_size': 8, 'attention_head_size': 3, 'learning_rate': 0.02616771694052166}. Best is trial 20 with value: 3.9953229427337646.
LOCAL_RANK: 0 - CUDA_VISIBLE_DEVICES: [0]
[I 2023-12-16 11:46:37,363] Trial 35 finished with value: 6.040956497192383 and parameters: {'gradient_clip_val': 0.22204627980307937, 'hidden_size': 24, 'dropout': 0.21578378144275143, 'hidden_continuous_size': 15, 'attention_head_size': 4, 'learning_rate': 0.012077553442929153}. Best is trial 20 with value: 3.9953229427337646.
LOCAL_RANK: 0 - CUDA_VISIBLE_DEVICES: [0]
[I 2023-12-16 11:47:26,677] Trial 36 finished with value: 13.15436840057373 and parameters: {'gradient_clip_val': 0.23151123364328158, 'hidden_size': 31, 'dropout': 0.2188205182305129, 'hidden_continuous_size': 15, 'attention_head_size': 3, 'learning_rate': 0.006344401651108186}. Best is trial 20 with value: 3.9953229427337646.
LOCAL_RANK: 0 - CUDA_VISIBLE_DEVICES: [0]
[I 2023-12-16 11:48:16,165] Trial 37 finished with value: 12.583111763000488 and parameters: {'gradient_clip_val': 0.20630025097987373, 'hidden_size': 25, 'dropout': 0.12664582453429668, 'hidden_continuous_size': 13, 'attention_head_size': 4, 'learning_rate': 0.011311813422014866}. Best is trial 20 with value: 3.9953229427337646.
LOCAL_RANK: 0 - CUDA_VISIBLE_DEVICES: [0]
[I 2023-12-16 11:49:08,441] Trial 38 finished with value: 40.548458099365234 and parameters: {'gradient_clip_val': 0.29642447708274644, 'hidden_size': 39, 'dropout': 0.15714970498860212, 'hidden_continuous_size': 17, 'attention_head_size': 3, 'learning_rate': 0.017223539173649098}. Best is trial 20 with value: 3.9953229427337646.
LOCAL_RANK: 0 - CUDA_VISIBLE_DEVICES: [0]
[I 2023-12-16 11:49:57,659] Trial 39 finished with value: 36.101627349853516 and parameters: {'gradient_clip_val': 0.25242407267300176, 'hidden_size': 23, 'dropout': 0.23633110555876166, 'hidden_continuous_size': 12, 'attention_head_size': 4, 'learning_rate': 0.005453397923313376}. Best is trial 20 with value: 3.9953229427337646.
LOCAL_RANK: 0 - CUDA_VISIBLE_DEVICES: [0]
[I 2023-12-16 11:50:51,556] Trial 40 finished with value: 19.62955093383789 and parameters: {'gradient_clip_val': 0.23279919374085173, 'hidden_size': 73, 'dropout': 0.17238283655852532, 'hidden_continuous_size': 17, 'attention_head_size': 4, 'learning_rate': 0.008123835399626954}. Best is trial 20 with value: 3.9953229427337646.
LOCAL_RANK: 0 - CUDA_VISIBLE_DEVICES: [0]
[I 2023-12-16 11:51:39,643] Trial 41 finished with value: 22.0000057220459 and parameters: {'gradient_clip_val': 0.18758936962988643, 'hidden_size': 20, 'dropout': 0.20462323850585873, 'hidden_continuous_size': 11, 'attention_head_size': 4, 'learning_rate': 0.013673296108006397}. Best is trial 20 with value: 3.9953229427337646.
LOCAL_RANK: 0 - CUDA_VISIBLE_DEVICES: [0]
[I 2023-12-16 11:52:28,333] Trial 42 finished with value: 12.674817085266113 and parameters: {'gradient_clip_val': 0.14800735006612434, 'hidden_size': 28, 'dropout': 0.2273692966142222, 'hidden_continuous_size': 13, 'attention_head_size': 4, 'learning_rate': 0.02038712443708934}. Best is trial 20 with value: 3.9953229427337646.
LOCAL_RANK: 0 - CUDA_VISIBLE_DEVICES: [0]
[I 2023-12-16 11:53:14,119] Trial 43 finished with value: 50.57243347167969 and parameters: {'gradient_clip_val': 0.21674746274002413, 'hidden_size': 16, 'dropout': 0.2515785038648026, 'hidden_continuous_size': 10, 'attention_head_size': 4, 'learning_rate': 0.009986335678939159}. Best is trial 20 with value: 3.9953229427337646.
LOCAL_RANK: 0 - CUDA_VISIBLE_DEVICES: [0]
[I 2023-12-16 11:54:02,989] Trial 44 finished with value: 13.910487174987793 and parameters: {'gradient_clip_val': 0.17314231538605676, 'hidden_size': 23, 'dropout': 0.21190340975459152, 'hidden_continuous_size': 9, 'attention_head_size': 4, 'learning_rate': 0.014699423486185775}. Best is trial 20 with value: 3.9953229427337646.
LOCAL_RANK: 0 - CUDA_VISIBLE_DEVICES: [0]
