[I 2023-12-26 12:20:24,598] Trial 7 finished with value: 2.8728644847869873 and parameters: {'gradient_clip_val': 0.43904486472005705, 'hidden_size': 18, 'dropout': 0.1468842939117852, 'hidden_continuous_size': 5, 'attention_head_size': 4, 'learning_rate': 0.002880591839950459}. Best is trial 0 with value: 0.05768193304538727.
[I 2023-12-26 12:20:26,506] Trial 8 finished with value: 3.1724319458007812 and parameters: {'gradient_clip_val': 0.13599197131657711, 'hidden_size': 6, 'dropout': 0.42139536588273596, 'hidden_continuous_size': 5, 'attention_head_size': 3, 'learning_rate': 0.010298748660079697}. Best is trial 0 with value: 0.05768193304538727.
[I 2023-12-26 12:20:28,474] Trial 9 finished with value: 3.4454658031463623 and parameters: {'gradient_clip_val': 0.3873097441942617, 'hidden_size': 12, 'dropout': 0.1536545047635964, 'hidden_continuous_size': 10, 'attention_head_size': 1, 'learning_rate': 0.0010707512164468659}. Best is trial 0 with value: 0.05768193304538727.
[I 2023-12-26 12:20:36,138] Trial 10 finished with value: 1.8653193712234497 and parameters: {'gradient_clip_val': 0.993593388542398, 'hidden_size': 120, 'dropout': 0.3410212543348683, 'hidden_continuous_size': 94, 'attention_head_size': 2, 'learning_rate': 0.00331343082076797}. Best is trial 0 with value: 0.05768193304538727.
[I 2023-12-26 12:20:38,872] Trial 11 finished with value: 3.182636260986328 and parameters: {'gradient_clip_val': 0.437499588894051, 'hidden_size': 40, 'dropout': 0.2560003196470404, 'hidden_continuous_size': 23, 'attention_head_size': 2, 'learning_rate': 0.062397461733786734}. Best is trial 0 with value: 0.05768193304538727.
[I 2023-12-26 12:20:40,619] Trial 12 finished with value: 3.2501094341278076 and parameters: {'gradient_clip_val': 0.27529954582504845, 'hidden_size': 5, 'dropout': 0.3040173553776383, 'hidden_continuous_size': 5, 'attention_head_size': 2, 'learning_rate': 0.09781666584588936}. Best is trial 0 with value: 0.05768193304538727.
[I 2023-12-26 12:20:43,457] Trial 13 finished with value: 3.1234853267669678 and parameters: {'gradient_clip_val': 0.10102918484105441, 'hidden_size': 31, 'dropout': 0.10246669442213724, 'hidden_continuous_size': 7, 'attention_head_size': 4, 'learning_rate': 0.03760206615676375}. Best is trial 0 with value: 0.05768193304538727.
[I 2023-12-26 12:20:47,789] Trial 14 finished with value: 2.7339916229248047 and parameters: {'gradient_clip_val': 0.3713175096731027, 'hidden_size': 59, 'dropout': 0.36904216845987503, 'hidden_continuous_size': 22, 'attention_head_size': 2, 'learning_rate': 0.0044061992514262144}. Best is trial 0 with value: 0.05768193304538727.
[I 2023-12-26 12:20:50,158] Trial 15 finished with value: 3.789334535598755 and parameters: {'gradient_clip_val': 0.5741284559421921, 'hidden_size': 19, 'dropout': 0.4218570586202694, 'hidden_continuous_size': 6, 'attention_head_size': 3, 'learning_rate': 0.0021499850738442646}. Best is trial 0 with value: 0.05768193304538727.
[I 2023-12-26 12:20:54,866] Trial 16 finished with value: 3.618115186691284 and parameters: {'gradient_clip_val': 0.23768047175210197, 'hidden_size': 77, 'dropout': 0.27383747994764435, 'hidden_continuous_size': 38, 'attention_head_size': 1, 'learning_rate': 0.006228687165448575}. Best is trial 0 with value: 0.05768193304538727.
[I 2023-12-26 12:20:56,928] Trial 17 finished with value: 3.4372024536132812 and parameters: {'gradient_clip_val': 0.49905061645492327, 'hidden_size': 17, 'dropout': 0.21477399562797034, 'hidden_continuous_size': 6, 'attention_head_size': 4, 'learning_rate': 0.0005798941593102211}. Best is trial 0 with value: 0.05768193304538727.
[I 2023-12-26 12:20:59,236] Trial 18 finished with value: 3.540201187133789 and parameters: {'gradient_clip_val': 0.34822724349070056, 'hidden_size': 7, 'dropout': 0.3523795589539278, 'hidden_continuous_size': 5, 'attention_head_size': 2, 'learning_rate': 0.02779617178955405}. Best is trial 0 with value: 0.05768193304538727.
[I 2023-12-26 12:21:02,269] Trial 19 finished with value: 2.6391985416412354 and parameters: {'gradient_clip_val': 0.3371844925962231, 'hidden_size': 27, 'dropout': 0.4788676624412768, 'hidden_continuous_size': 12, 'attention_head_size': 3, 'learning_rate': 0.0054734346837025435}. Best is trial 0 with value: 0.05768193304538727.
[I 2023-12-26 12:21:04,377] Trial 20 finished with value: 4.073599338531494 and parameters: {'gradient_clip_val': 0.49520894063990295, 'hidden_size': 14, 'dropout': 0.2944060177884149, 'hidden_continuous_size': 6, 'attention_head_size': 1, 'learning_rate': 0.0017547922901842814}. Best is trial 0 with value: 0.05768193304538727.
[I 2023-12-26 12:21:14,575] Trial 21 finished with value: 3.2142741680145264 and parameters: {'gradient_clip_val': 0.8567364470951908, 'hidden_size': 127, 'dropout': 0.32822046838479946, 'hidden_continuous_size': 117, 'attention_head_size': 2, 'learning_rate': 0.0037799999314532926}. Best is trial 0 with value: 0.05768193304538727.
[I 2023-12-26 12:21:22,799] Trial 22 finished with value: 2.9499728679656982 and parameters: {'gradient_clip_val': 0.9833850136208407, 'hidden_size': 133, 'dropout': 0.365639005353234, 'hidden_continuous_size': 51, 'attention_head_size': 2, 'learning_rate': 0.0027660216635567825}. Best is trial 0 with value: 0.05768193304538727.
[I 2023-12-26 12:21:28,385] Trial 23 finished with value: 3.568284273147583 and parameters: {'gradient_clip_val': 0.653905895997415, 'hidden_size': 98, 'dropout': 0.42968305444510035, 'hidden_continuous_size': 16, 'attention_head_size': 1, 'learning_rate': 0.0016435941695359612}. Best is trial 0 with value: 0.05768193304538727.
[I 2023-12-26 12:21:32,361] Trial 24 finished with value: 1.6734381914138794 and parameters: {'gradient_clip_val': 0.700119532242908, 'hidden_size': 69, 'dropout': 0.38700429946281845, 'hidden_continuous_size': 37, 'attention_head_size': 2, 'learning_rate': 0.003820048923822021}. Best is trial 0 with value: 0.05768193304538727.
[I 2023-12-26 12:21:36,223] Trial 25 finished with value: 2.838351011276245 and parameters: {'gradient_clip_val': 0.5517216077414637, 'hidden_size': 65, 'dropout': 0.3920445779153303, 'hidden_continuous_size': 29, 'attention_head_size': 3, 'learning_rate': 0.006737630978660554}. Best is trial 0 with value: 0.05768193304538727.
[I 2023-12-26 12:21:39,141] Trial 26 finished with value: 3.123943328857422 and parameters: {'gradient_clip_val': 0.6815773314408377, 'hidden_size': 48, 'dropout': 0.4464841303187542, 'hidden_continuous_size': 17, 'attention_head_size': 1, 'learning_rate': 0.004456703641677386}. Best is trial 0 with value: 0.05768193304538727.
[I 2023-12-26 12:21:42,176] Trial 27 finished with value: 3.538881301879883 and parameters: {'gradient_clip_val': 0.7351651915886319, 'hidden_size': 52, 'dropout': 0.4708754053364887, 'hidden_continuous_size': 14, 'attention_head_size': 4, 'learning_rate': 0.0021614961533701986}. Best is trial 0 with value: 0.05768193304538727.
[I 2023-12-26 12:21:46,612] Trial 28 finished with value: 1.812073826789856 and parameters: {'gradient_clip_val': 0.42331459474232686, 'hidden_size': 76, 'dropout': 0.3835027273369962, 'hidden_continuous_size': 36, 'attention_head_size': 2, 'learning_rate': 0.017369445204893898}. Best is trial 0 with value: 0.05768193304538727.
[I 2023-12-26 12:21:48,388] Trial 29 finished with value: 2.998058319091797 and parameters: {'gradient_clip_val': 0.31118871913464125, 'hidden_size': 8, 'dropout': 0.49803415753485775, 'hidden_continuous_size': 5, 'attention_head_size': 1, 'learning_rate': 0.01180323511536276}. Best is trial 0 with value: 0.05768193304538727.
[I 2023-12-26 12:21:50,773] Trial 30 finished with value: 4.517373561859131 and parameters: {'gradient_clip_val': 0.5102258575454507, 'hidden_size': 33, 'dropout': 0.44712901195937427, 'hidden_continuous_size': 11, 'attention_head_size': 1, 'learning_rate': 0.007793482979798977}. Best is trial 0 with value: 0.05768193304538727.
[I 2023-12-26 12:21:55,002] Trial 31 finished with value: 3.076817750930786 and parameters: {'gradient_clip_val': 0.4487134560630024, 'hidden_size': 76, 'dropout': 0.3966259535462498, 'hidden_continuous_size': 37, 'attention_head_size': 2, 'learning_rate': 0.0169452018994067}. Best is trial 0 with value: 0.05768193304538727.
[I 2023-12-26 12:22:01,946] Trial 32 finished with value: 2.0472190380096436 and parameters: {'gradient_clip_val': 0.39447328725948544, 'hidden_size': 95, 'dropout': 0.3832948729009519, 'hidden_continuous_size': 29, 'attention_head_size': 2, 'learning_rate': 0.018216975605536225}. Best is trial 0 with value: 0.05768193304538727.
[I 2023-12-26 12:22:05,737] Trial 33 finished with value: 2.4683847427368164 and parameters: {'gradient_clip_val': 0.28457621983696313, 'hidden_size': 43, 'dropout': 0.35911715541967304, 'hidden_continuous_size': 8, 'attention_head_size': 3, 'learning_rate': 0.044091590240297275}. Best is trial 0 with value: 0.05768193304538727.
[I 2023-12-26 12:22:10,388] Trial 34 finished with value: 3.0489540100097656 and parameters: {'gradient_clip_val': 0.4095242893744391, 'hidden_size': 56, 'dropout': 0.4035978593978146, 'hidden_continuous_size': 8, 'attention_head_size': 3, 'learning_rate': 0.09839230524612498}. Best is trial 0 with value: 0.05768193304538727.
[I 2023-12-26 12:22:13,143] Trial 35 finished with value: 2.338987112045288 and parameters: {'gradient_clip_val': 0.5696158565635832, 'hidden_size': 24, 'dropout': 0.334827637355641, 'hidden_continuous_size': 10, 'attention_head_size': 2, 'learning_rate': 0.00866610755061263}. Best is trial 0 with value: 0.05768193304538727.
[I 2023-12-26 12:22:16,548] Trial 36 finished with value: 2.924504041671753 and parameters: {'gradient_clip_val': 0.3313696054907533, 'hidden_size': 34, 'dropout': 0.37419028088270245, 'hidden_continuous_size': 9, 'attention_head_size': 3, 'learning_rate': 0.01387150067019672}. Best is trial 0 with value: 0.05768193304538727.
[I 2023-12-26 12:22:22,540] Trial 37 finished with value: 2.9973771572113037 and parameters: {'gradient_clip_val': 0.455813680978658, 'hidden_size': 71, 'dropout': 0.39058269216927305, 'hidden_continuous_size': 14, 'attention_head_size': 2, 'learning_rate': 0.0011423561359072832}. Best is trial 0 with value: 0.05768193304538727.
[I 2023-12-26 12:22:27,118] Trial 38 finished with value: 3.3149402141571045 and parameters: {'gradient_clip_val': 0.3614018734116921, 'hidden_size': 47, 'dropout': 0.40967012869756647, 'hidden_continuous_size': 19, 'attention_head_size': 1, 'learning_rate': 0.005444380549406596}. Best is trial 0 with value: 0.05768193304538727.
[I 2023-12-26 12:22:29,620] Trial 39 finished with value: 3.1648342609405518 and parameters: {'gradient_clip_val': 0.2388246850631417, 'hidden_size': 10, 'dropout': 0.35518882083773184, 'hidden_continuous_size': 6, 'attention_head_size': 4, 'learning_rate': 0.009283200555365148}. Best is trial 0 with value: 0.05768193304538727.
[I 2023-12-26 12:22:34,946] Trial 40 finished with value: 3.2671520709991455 and parameters: {'gradient_clip_val': 0.6227592104612983, 'hidden_size': 60, 'dropout': 0.30899458861325374, 'hidden_continuous_size': 41, 'attention_head_size': 3, 'learning_rate': 0.0009349890978406142}. Best is trial 0 with value: 0.05768193304538727.
[I 2023-12-26 12:22:42,886] Trial 41 finished with value: 2.9923808574676514 and parameters: {'gradient_clip_val': 0.8461318537028278, 'hidden_size': 95, 'dropout': 0.3399920382806964, 'hidden_continuous_size': 57, 'attention_head_size': 2, 'learning_rate': 0.003397717232400229}. Best is trial 0 with value: 0.05768193304538727.
[I 2023-12-26 12:22:54,657] Trial 42 finished with value: 2.6483776569366455 and parameters: {'gradient_clip_val': 0.9530777649264943, 'hidden_size': 144, 'dropout': 0.3367925001741453, 'hidden_continuous_size': 70, 'attention_head_size': 2, 'learning_rate': 0.0028319568963859156}. Best is trial 0 with value: 0.05768193304538727.
[I 2023-12-26 12:23:04,213] Trial 43 finished with value: 3.4592971801757812 and parameters: {'gradient_clip_val': 0.7498100131769944, 'hidden_size': 120, 'dropout': 0.38484109266272215, 'hidden_continuous_size': 28, 'attention_head_size': 2, 'learning_rate': 0.053450923450824035}. Best is trial 0 with value: 0.05768193304538727.
[I 2023-12-26 12:23:11,290] Trial 44 finished with value: 3.0379679203033447 and parameters: {'gradient_clip_val': 0.84285773985645, 'hidden_size': 86, 'dropout': 0.41546296525550697, 'hidden_continuous_size': 24, 'attention_head_size': 2, 'learning_rate': 0.024341575742606595}. Best is trial 0 with value: 0.05768193304538727.
[I 2023-12-26 12:23:20,504] Trial 45 finished with value: 2.7152721881866455 and parameters: {'gradient_clip_val': 0.39927926450473084, 'hidden_size': 116, 'dropout': 0.3519670432733657, 'hidden_continuous_size': 35, 'attention_head_size': 2, 'learning_rate': 0.06288679363181682}. Best is trial 0 with value: 0.05768193304538727.
[I 2023-12-26 12:23:26,153] Trial 46 finished with value: 3.0984981060028076 and parameters: {'gradient_clip_val': 0.2630412020701449, 'hidden_size': 68, 'dropout': 0.31471857352758986, 'hidden_continuous_size': 20, 'attention_head_size': 1, 'learning_rate': 0.0014826957609569726}. Best is trial 0 with value: 0.05768193304538727.
[I 2023-12-26 12:23:30,076] Trial 47 finished with value: 3.1302449703216553 and parameters: {'gradient_clip_val': 0.3092498318838785, 'hidden_size': 39, 'dropout': 0.4354155114318332, 'hidden_continuous_size': 25, 'attention_head_size': 3, 'learning_rate': 0.0023138221819170323}. Best is trial 0 with value: 0.05768193304538727.
[I 2023-12-26 12:23:39,076] Trial 48 finished with value: 2.6289589405059814 and parameters: {'gradient_clip_val': 0.3600075434530986, 'hidden_size': 109, 'dropout': 0.37811324746427943, 'hidden_continuous_size': 33, 'attention_head_size': 2, 'learning_rate': 0.003916032502223667}. Best is trial 0 with value: 0.05768193304538727.
[I 2023-12-26 12:23:46,129] Trial 49 finished with value: 2.7272136211395264 and parameters: {'gradient_clip_val': 0.19643327978819614, 'hidden_size': 79, 'dropout': 0.4067058017804125, 'hidden_continuous_size': 42, 'attention_head_size': 4, 'learning_rate': 0.007372466502588598}. Best is trial 0 with value: 0.05768193304538727.
[I 2023-12-26 12:23:46,270] A new study created in memory with name: no-name-ee73e55a-7560-404d-b934-695ac0d4d7a6
/home/le004/conda/anaconda3/envs/tsff_env/lib/python3.9/site-packages/lightning/fabric/plugins/environments/slurm.py:191: The `srun` command is available on your system but is not used. HINT: If your intention is to run Lightning on SLURM, prepend your python command with `srun` like so: srun python /home/le004/master_thesis/git/TSFusionForecast/code/ ...
[I 2023-12-26 12:27:51,698] Trial 0 finished with value: 0.19381223618984222 and parameters: {'gradient_clip_val': 0.6564766931600746, 'hidden_size': 37, 'dropout': 0.20126375449678824, 'hidden_continuous_size': 22, 'attention_head_size': 4, 'learning_rate': 0.013189461860917196}. Best is trial 0 with value: 0.19381223618984222.
[I 2023-12-26 12:27:54,062] Trial 1 finished with value: 3.603557825088501 and parameters: {'gradient_clip_val': 0.34414735074462427, 'hidden_size': 11, 'dropout': 0.2300660158462287, 'hidden_continuous_size': 6, 'attention_head_size': 2, 'learning_rate': 0.022666616451431656}. Best is trial 0 with value: 0.19381223618984222.
[I 2023-12-26 12:28:03,526] Trial 2 finished with value: 2.3351824283599854 and parameters: {'gradient_clip_val': 0.21577990956061488, 'hidden_size': 112, 'dropout': 0.38244077209224325, 'hidden_continuous_size': 60, 'attention_head_size': 4, 'learning_rate': 0.014424447593428135}. Best is trial 0 with value: 0.19381223618984222.
[I 2023-12-26 12:28:07,051] Trial 3 finished with value: 3.1890676021575928 and parameters: {'gradient_clip_val': 0.39453758945063466, 'hidden_size': 35, 'dropout': 0.10159311843253645, 'hidden_continuous_size': 21, 'attention_head_size': 1, 'learning_rate': 0.015343112244426707}. Best is trial 0 with value: 0.19381223618984222.
[I 2023-12-26 12:28:12,641] Trial 4 finished with value: 3.3735177516937256 and parameters: {'gradient_clip_val': 0.5636580861220658, 'hidden_size': 65, 'dropout': 0.3448557898200271, 'hidden_continuous_size': 7, 'attention_head_size': 2, 'learning_rate': 0.00866018445633499}. Best is trial 0 with value: 0.19381223618984222.
[I 2023-12-26 12:28:16,222] Trial 5 finished with value: 2.7622222900390625 and parameters: {'gradient_clip_val': 0.12318361803620763, 'hidden_size': 38, 'dropout': 0.35321751682463476, 'hidden_continuous_size': 12, 'attention_head_size': 3, 'learning_rate': 0.0005511220722123411}. Best is trial 0 with value: 0.19381223618984222.
[I 2023-12-26 12:28:18,601] Trial 6 finished with value: 3.1196165084838867 and parameters: {'gradient_clip_val': 0.11376466149737885, 'hidden_size': 12, 'dropout': 0.3069857643351337, 'hidden_continuous_size': 8, 'attention_head_size': 1, 'learning_rate': 0.06671107035694918}. Best is trial 0 with value: 0.19381223618984222.
[I 2023-12-26 12:28:27,742] Trial 7 finished with value: 3.2177953720092773 and parameters: {'gradient_clip_val': 0.6250058360738044, 'hidden_size': 98, 'dropout': 0.14281413086996575, 'hidden_continuous_size': 84, 'attention_head_size': 4, 'learning_rate': 0.003927857408962244}. Best is trial 0 with value: 0.19381223618984222.
[I 2023-12-26 12:28:30,153] Trial 8 finished with value: 3.5326087474823 and parameters: {'gradient_clip_val': 0.47382653915183415, 'hidden_size': 14, 'dropout': 0.44728863392038, 'hidden_continuous_size': 14, 'attention_head_size': 4, 'learning_rate': 0.005533963828338808}. Best is trial 0 with value: 0.19381223618984222.
[I 2023-12-26 12:28:32,254] Trial 9 finished with value: 3.067150354385376 and parameters: {'gradient_clip_val': 0.3034220193833644, 'hidden_size': 6, 'dropout': 0.4423370965660288, 'hidden_continuous_size': 6, 'attention_head_size': 4, 'learning_rate': 0.0038124221609577864}. Best is trial 0 with value: 0.19381223618984222.
[I 2023-12-26 12:28:35,275] Trial 10 finished with value: 4.053183078765869 and parameters: {'gradient_clip_val': 0.8771023818952475, 'hidden_size': 26, 'dropout': 0.23378023075452858, 'hidden_continuous_size': 17, 'attention_head_size': 3, 'learning_rate': 0.09760461391818916}. Best is trial 0 with value: 0.19381223618984222.
[I 2023-12-26 12:28:47,278] Trial 11 finished with value: 2.8747708797454834 and parameters: {'gradient_clip_val': 0.2313122605385546, 'hidden_size': 150, 'dropout': 0.3826825190283901, 'hidden_continuous_size': 40, 'attention_head_size': 3, 'learning_rate': 0.022273233475528814}. Best is trial 0 with value: 0.19381223618984222.
[I 2023-12-26 12:28:52,633] Trial 12 finished with value: 3.285902976989746 and parameters: {'gradient_clip_val': 0.9934282592316227, 'hidden_size': 64, 'dropout': 0.2516910117735616, 'hidden_continuous_size': 29, 'attention_head_size': 4, 'learning_rate': 0.03327324892575527}. Best is trial 0 with value: 0.19381223618984222.
[I 2023-12-26 12:29:03,814] Trial 13 finished with value: 3.9917917251586914 and parameters: {'gradient_clip_val': 0.21192474878458378, 'hidden_size': 133, 'dropout': 0.48171039637811536, 'hidden_continuous_size': 58, 'attention_head_size': 4, 'learning_rate': 0.010396097950619571}. Best is trial 0 with value: 0.19381223618984222.
[I 2023-12-26 12:29:10,567] Trial 14 finished with value: 3.5059967041015625 and parameters: {'gradient_clip_val': 0.6301461713821601, 'hidden_size': 79, 'dropout': 0.1855217575638307, 'hidden_continuous_size': 33, 'attention_head_size': 3, 'learning_rate': 0.03787389268731208}. Best is trial 0 with value: 0.19381223618984222.
[I 2023-12-26 12:29:15,041] Trial 15 finished with value: 3.8198816776275635 and parameters: {'gradient_clip_val': 0.17679215975791762, 'hidden_size': 52, 'dropout': 0.29942398247061913, 'hidden_continuous_size': 24, 'attention_head_size': 4, 'learning_rate': 0.011640954678221318}. Best is trial 0 with value: 0.19381223618984222.
[I 2023-12-26 12:29:23,412] Trial 16 finished with value: 3.8056294918060303 and parameters: {'gradient_clip_val': 0.2869330746022109, 'hidden_size': 102, 'dropout': 0.17677855127645045, 'hidden_continuous_size': 47, 'attention_head_size': 2, 'learning_rate': 0.0024358951836977744}. Best is trial 0 with value: 0.19381223618984222.
[I 2023-12-26 12:29:27,523] Trial 17 finished with value: 3.1232478618621826 and parameters: {'gradient_clip_val': 0.43155791760433054, 'hidden_size': 48, 'dropout': 0.4139542452470912, 'hidden_continuous_size': 22, 'attention_head_size': 3, 'learning_rate': 0.015176688634165708}. Best is trial 0 with value: 0.19381223618984222.
[I 2023-12-26 12:29:30,778] Trial 18 finished with value: 4.2192606925964355 and parameters: {'gradient_clip_val': 0.1541187758607857, 'hidden_size': 25, 'dropout': 0.2882308256151604, 'hidden_continuous_size': 10, 'attention_head_size': 4, 'learning_rate': 0.006632466775106253}. Best is trial 0 with value: 0.19381223618984222.
[I 2023-12-26 12:29:38,611] Trial 19 finished with value: 2.5953891277313232 and parameters: {'gradient_clip_val': 0.25403128868395897, 'hidden_size': 90, 'dropout': 0.368056075023782, 'hidden_continuous_size': 76, 'attention_head_size': 3, 'learning_rate': 0.04441237873849289}. Best is trial 0 with value: 0.19381223618984222.
[I 2023-12-26 12:29:41,409] Trial 20 finished with value: 3.4693334102630615 and parameters: {'gradient_clip_val': 0.3607657575352767, 'hidden_size': 20, 'dropout': 0.32301729993782236, 'hidden_continuous_size': 14, 'attention_head_size': 4, 'learning_rate': 0.023005212615090472}. Best is trial 0 with value: 0.19381223618984222.
[I 2023-12-26 12:29:50,034] Trial 21 finished with value: 3.3673484325408936 and parameters: {'gradient_clip_val': 0.2549309535284121, 'hidden_size': 97, 'dropout': 0.3783634332009404, 'hidden_continuous_size': 91, 'attention_head_size': 3, 'learning_rate': 0.04699061982891735}. Best is trial 0 with value: 0.19381223618984222.
