[I 2023-12-26 11:52:30,395] Trial 28 finished with value: 205.1754913330078 and parameters: {'gradient_clip_val': 0.1554619250750614, 'hidden_size': 27, 'dropout': 0.3524733748106107, 'hidden_continuous_size': 8, 'attention_head_size': 1, 'learning_rate': 0.0025098706794553995}. Best is trial 0 with value: 112.5379409790039.
[I 2023-12-26 11:52:33,434] Trial 29 finished with value: 335.4197082519531 and parameters: {'gradient_clip_val': 0.19755436077567645, 'hidden_size': 29, 'dropout': 0.3400344186383969, 'hidden_continuous_size': 8, 'attention_head_size': 1, 'learning_rate': 0.005154260783326908}. Best is trial 0 with value: 112.5379409790039.
[I 2023-12-26 11:52:36,410] Trial 30 finished with value: 332.1754455566406 and parameters: {'gradient_clip_val': 0.25984973656742205, 'hidden_size': 29, 'dropout': 0.33041257550970987, 'hidden_continuous_size': 8, 'attention_head_size': 1, 'learning_rate': 0.0026869873015646726}. Best is trial 0 with value: 112.5379409790039.
[I 2023-12-26 11:52:38,961] Trial 31 finished with value: 253.87994384765625 and parameters: {'gradient_clip_val': 0.15860151727555746, 'hidden_size': 20, 'dropout': 0.3548581459685879, 'hidden_continuous_size': 7, 'attention_head_size': 1, 'learning_rate': 0.002422350150893852}. Best is trial 0 with value: 112.5379409790039.
[I 2023-12-26 11:52:43,368] Trial 32 finished with value: 235.7164764404297 and parameters: {'gradient_clip_val': 0.16753156457606475, 'hidden_size': 51, 'dropout': 0.4328021086289451, 'hidden_continuous_size': 14, 'attention_head_size': 1, 'learning_rate': 0.0008940553318497221}. Best is trial 0 with value: 112.5379409790039.
[I 2023-12-26 11:52:46,677] Trial 33 finished with value: 334.2662658691406 and parameters: {'gradient_clip_val': 0.1509709901487601, 'hidden_size': 36, 'dropout': 0.3861093144014433, 'hidden_continuous_size': 6, 'attention_head_size': 2, 'learning_rate': 0.009874090973877665}. Best is trial 0 with value: 112.5379409790039.
[I 2023-12-26 11:52:49,776] Trial 34 finished with value: 424.6571044921875 and parameters: {'gradient_clip_val': 0.11686240920680586, 'hidden_size': 27, 'dropout': 0.36741432841637406, 'hidden_continuous_size': 7, 'attention_head_size': 3, 'learning_rate': 0.0015375709376877183}. Best is trial 0 with value: 112.5379409790039.
[I 2023-12-26 11:52:52,479] Trial 35 finished with value: 374.00439453125 and parameters: {'gradient_clip_val': 0.13548841838429687, 'hidden_size': 24, 'dropout': 0.4180554434083454, 'hidden_continuous_size': 6, 'attention_head_size': 3, 'learning_rate': 0.0031576206972586253}. Best is trial 0 with value: 112.5379409790039.
[I 2023-12-26 11:52:57,526] Trial 36 finished with value: 304.90142822265625 and parameters: {'gradient_clip_val': 0.18222989652889357, 'hidden_size': 60, 'dropout': 0.3643786901733716, 'hidden_continuous_size': 11, 'attention_head_size': 1, 'learning_rate': 0.003995458770972274}. Best is trial 0 with value: 112.5379409790039.
[I 2023-12-26 11:53:00,867] Trial 37 finished with value: 320.7313232421875 and parameters: {'gradient_clip_val': 0.11639300265310226, 'hidden_size': 33, 'dropout': 0.38951364939200844, 'hidden_continuous_size': 8, 'attention_head_size': 2, 'learning_rate': 0.0021585539815719723}. Best is trial 0 with value: 112.5379409790039.
[I 2023-12-26 11:53:04,915] Trial 38 finished with value: 261.3335876464844 and parameters: {'gradient_clip_val': 0.24907331191684048, 'hidden_size': 39, 'dropout': 0.3205601072375385, 'hidden_continuous_size': 7, 'attention_head_size': 2, 'learning_rate': 0.0013484139575689752}. Best is trial 0 with value: 112.5379409790039.
[I 2023-12-26 11:53:07,719] Trial 39 finished with value: 192.3961944580078 and parameters: {'gradient_clip_val': 0.19083008143378297, 'hidden_size': 24, 'dropout': 0.29079752308707363, 'hidden_continuous_size': 6, 'attention_head_size': 4, 'learning_rate': 0.0007626131267306724}. Best is trial 0 with value: 112.5379409790039.
[I 2023-12-26 11:53:14,428] Trial 40 finished with value: 333.5719299316406 and parameters: {'gradient_clip_val': 0.2086729569281408, 'hidden_size': 79, 'dropout': 0.28639621717517344, 'hidden_continuous_size': 22, 'attention_head_size': 4, 'learning_rate': 0.0007406370514082166}. Best is trial 0 with value: 112.5379409790039.
[I 2023-12-26 11:53:17,224] Trial 41 finished with value: 304.3190612792969 and parameters: {'gradient_clip_val': 0.16403653232475554, 'hidden_size': 22, 'dropout': 0.26511562163755453, 'hidden_continuous_size': 6, 'attention_head_size': 4, 'learning_rate': 0.0010103652032345057}. Best is trial 0 with value: 112.5379409790039.
[I 2023-12-26 11:53:20,706] Trial 42 finished with value: 455.183837890625 and parameters: {'gradient_clip_val': 0.13894697304530176, 'hidden_size': 34, 'dropout': 0.3497123381325341, 'hidden_continuous_size': 5, 'attention_head_size': 4, 'learning_rate': 0.0006627502525617933}. Best is trial 0 with value: 112.5379409790039.
[I 2023-12-26 11:53:23,475] Trial 43 finished with value: 289.830810546875 and parameters: {'gradient_clip_val': 0.1888405126322579, 'hidden_size': 24, 'dropout': 0.31025278657993016, 'hidden_continuous_size': 7, 'attention_head_size': 3, 'learning_rate': 0.0008976214059473121}. Best is trial 0 with value: 112.5379409790039.
[I 2023-12-26 11:53:26,661] Trial 44 finished with value: 234.7248077392578 and parameters: {'gradient_clip_val': 0.1434770624156359, 'hidden_size': 29, 'dropout': 0.13806726289022603, 'hidden_continuous_size': 8, 'attention_head_size': 3, 'learning_rate': 0.001540760165752621}. Best is trial 0 with value: 112.5379409790039.
[I 2023-12-26 11:53:29,311] Trial 45 finished with value: 292.947265625 and parameters: {'gradient_clip_val': 0.11762853487747425, 'hidden_size': 18, 'dropout': 0.10722322541260731, 'hidden_continuous_size': 5, 'attention_head_size': 4, 'learning_rate': 0.000619120922077523}. Best is trial 0 with value: 112.5379409790039.
[I 2023-12-26 11:53:32,444] Trial 46 finished with value: 306.5089111328125 and parameters: {'gradient_clip_val': 0.16252362521951533, 'hidden_size': 32, 'dropout': 0.34252611147934586, 'hidden_continuous_size': 9, 'attention_head_size': 3, 'learning_rate': 0.001167406820569335}. Best is trial 0 with value: 112.5379409790039.
[I 2023-12-26 11:53:34,841] Trial 47 finished with value: 410.1378173828125 and parameters: {'gradient_clip_val': 0.19255781101612718, 'hidden_size': 11, 'dropout': 0.37467723354064053, 'hidden_continuous_size': 6, 'attention_head_size': 2, 'learning_rate': 0.0022497614557881905}. Best is trial 0 with value: 112.5379409790039.
[I 2023-12-26 11:53:37,182] Trial 48 finished with value: 397.3011779785156 and parameters: {'gradient_clip_val': 0.1543519712179719, 'hidden_size': 7, 'dropout': 0.29523793013036487, 'hidden_continuous_size': 5, 'attention_head_size': 4, 'learning_rate': 0.0007563634699428812}. Best is trial 0 with value: 112.5379409790039.
[I 2023-12-26 11:53:40,209] Trial 49 finished with value: 300.4408874511719 and parameters: {'gradient_clip_val': 0.11300308799199756, 'hidden_size': 15, 'dropout': 0.246953928143583, 'hidden_continuous_size': 6, 'attention_head_size': 3, 'learning_rate': 0.0031534280095614313}. Best is trial 0 with value: 112.5379409790039.
[I 2023-12-26 11:53:40,369] A new study created in memory with name: no-name-4df4a177-c592-4f6e-b988-0b675fdb738b
/home/le004/conda/anaconda3/envs/tsff_env/lib/python3.9/site-packages/lightning/fabric/plugins/environments/slurm.py:191: The `srun` command is available on your system but is not used. HINT: If your intention is to run Lightning on SLURM, prepend your python command with `srun` like so: srun python /home/le004/master_thesis/git/TSFusionForecast/code/ ...
[I 2023-12-26 11:56:32,891] Trial 0 finished with value: 142.11695861816406 and parameters: {'gradient_clip_val': 0.10889284142348696, 'hidden_size': 31, 'dropout': 0.1566565116259968, 'hidden_continuous_size': 22, 'attention_head_size': 1, 'learning_rate': 0.04123133103200489}. Best is trial 0 with value: 142.11695861816406.
[I 2023-12-26 11:56:40,981] Trial 1 finished with value: 198.24578857421875 and parameters: {'gradient_clip_val': 0.12125611861450945, 'hidden_size': 95, 'dropout': 0.2876726723132131, 'hidden_continuous_size': 19, 'attention_head_size': 4, 'learning_rate': 0.033286522578710495}. Best is trial 0 with value: 142.11695861816406.
[I 2023-12-26 11:56:43,432] Trial 2 finished with value: 230.00457763671875 and parameters: {'gradient_clip_val': 0.6375978892307135, 'hidden_size': 13, 'dropout': 0.4738743971087803, 'hidden_continuous_size': 8, 'attention_head_size': 4, 'learning_rate': 0.008159185803927882}. Best is trial 0 with value: 142.11695861816406.
[I 2023-12-26 11:56:46,925] Trial 3 finished with value: 259.5616760253906 and parameters: {'gradient_clip_val': 0.28050353608025985, 'hidden_size': 40, 'dropout': 0.4178019687647694, 'hidden_continuous_size': 13, 'attention_head_size': 2, 'learning_rate': 0.0707950252685638}. Best is trial 0 with value: 142.11695861816406.
[I 2023-12-26 11:56:49,226] Trial 4 finished with value: 254.52049255371094 and parameters: {'gradient_clip_val': 0.3885501454022239, 'hidden_size': 9, 'dropout': 0.40089957434770473, 'hidden_continuous_size': 7, 'attention_head_size': 2, 'learning_rate': 0.0008331073049107816}. Best is trial 0 with value: 142.11695861816406.
[I 2023-12-26 11:56:51,481] Trial 5 finished with value: 246.27276611328125 and parameters: {'gradient_clip_val': 0.6256996644357855, 'hidden_size': 7, 'dropout': 0.18906931807177565, 'hidden_continuous_size': 5, 'attention_head_size': 3, 'learning_rate': 0.0008063360296622958}. Best is trial 0 with value: 142.11695861816406.
[I 2023-12-26 11:56:54,192] Trial 6 finished with value: 270.34808349609375 and parameters: {'gradient_clip_val': 0.9622618703667308, 'hidden_size': 12, 'dropout': 0.3410066287114587, 'hidden_continuous_size': 8, 'attention_head_size': 4, 'learning_rate': 0.003267841584627825}. Best is trial 0 with value: 142.11695861816406.
[I 2023-12-26 11:56:56,876] Trial 7 finished with value: 363.0016784667969 and parameters: {'gradient_clip_val': 0.40557001959258676, 'hidden_size': 27, 'dropout': 0.4848047525318665, 'hidden_continuous_size': 14, 'attention_head_size': 2, 'learning_rate': 0.03460249783643877}. Best is trial 0 with value: 142.11695861816406.
[I 2023-12-26 11:57:03,238] Trial 8 finished with value: 182.67669677734375 and parameters: {'gradient_clip_val': 0.11063704962518218, 'hidden_size': 96, 'dropout': 0.31022541733967024, 'hidden_continuous_size': 53, 'attention_head_size': 1, 'learning_rate': 0.001857590166744839}. Best is trial 0 with value: 142.11695861816406.
[I 2023-12-26 11:57:09,700] Trial 9 finished with value: 330.6746520996094 and parameters: {'gradient_clip_val': 0.8487857720844469, 'hidden_size': 78, 'dropout': 0.2850124826755761, 'hidden_continuous_size': 11, 'attention_head_size': 1, 'learning_rate': 0.005161892760988613}. Best is trial 0 with value: 142.11695861816406.
[I 2023-12-26 11:57:11,734] Trial 10 finished with value: 308.3891296386719 and parameters: {'gradient_clip_val': 0.18121515041448732, 'hidden_size': 5, 'dropout': 0.12648377574446681, 'hidden_continuous_size': 5, 'attention_head_size': 1, 'learning_rate': 0.014242646024453704}. Best is trial 0 with value: 142.11695861816406.
[I 2023-12-26 11:57:23,301] Trial 11 finished with value: 269.48443603515625 and parameters: {'gradient_clip_val': 0.10183289563327097, 'hidden_size': 150, 'dropout': 0.22132519493177294, 'hidden_continuous_size': 44, 'attention_head_size': 1, 'learning_rate': 0.002148969166384554}. Best is trial 0 with value: 142.11695861816406.
[I 2023-12-26 11:57:27,743] Trial 12 finished with value: 176.8681640625 and parameters: {'gradient_clip_val': 0.1471689637365979, 'hidden_size': 50, 'dropout': 0.1315833335539554, 'hidden_continuous_size': 50, 'attention_head_size': 1, 'learning_rate': 0.09151117699059576}. Best is trial 0 with value: 142.11695861816406.
[I 2023-12-26 11:57:30,987] Trial 13 finished with value: 163.4046173095703 and parameters: {'gradient_clip_val': 0.15642041495220718, 'hidden_size': 48, 'dropout': 0.1134887336956178, 'hidden_continuous_size': 33, 'attention_head_size': 3, 'learning_rate': 0.09788743135506175}. Best is trial 0 with value: 142.11695861816406.
[I 2023-12-26 11:57:33,297] Trial 14 finished with value: 202.4384307861328 and parameters: {'gradient_clip_val': 0.18940072793164942, 'hidden_size': 23, 'dropout': 0.1248879101837489, 'hidden_continuous_size': 20, 'attention_head_size': 3, 'learning_rate': 0.0478299921310625}. Best is trial 0 with value: 142.11695861816406.
[I 2023-12-26 11:57:35,659] Trial 15 finished with value: 240.73028564453125 and parameters: {'gradient_clip_val': 0.15308641695906614, 'hidden_size': 21, 'dropout': 0.18343478839231295, 'hidden_continuous_size': 20, 'attention_head_size': 3, 'learning_rate': 0.021649081229560694}. Best is trial 0 with value: 142.11695861816406.
[I 2023-12-26 11:57:38,351] Trial 16 finished with value: 231.5552520751953 and parameters: {'gradient_clip_val': 0.23937365572369432, 'hidden_size': 40, 'dropout': 0.10812501108395492, 'hidden_continuous_size': 32, 'attention_head_size': 3, 'learning_rate': 0.0886925164860185}. Best is trial 0 with value: 142.11695861816406.
[I 2023-12-26 11:57:42,797] Trial 17 finished with value: 174.6310272216797 and parameters: {'gradient_clip_val': 0.13302408280348138, 'hidden_size': 58, 'dropout': 0.17871516349057037, 'hidden_continuous_size': 32, 'attention_head_size': 2, 'learning_rate': 0.054768349583151424}. Best is trial 0 with value: 142.11695861816406.
[I 2023-12-26 11:57:46,345] Trial 18 finished with value: 310.808837890625 and parameters: {'gradient_clip_val': 0.10040706989191076, 'hidden_size': 29, 'dropout': 0.24210492521174065, 'hidden_continuous_size': 17, 'attention_head_size': 2, 'learning_rate': 0.01902702900819478}. Best is trial 0 with value: 142.11695861816406.
[I 2023-12-26 11:57:48,889] Trial 19 finished with value: 313.3106994628906 and parameters: {'gradient_clip_val': 0.2023639779132699, 'hidden_size': 17, 'dropout': 0.1504666235771989, 'hidden_continuous_size': 10, 'attention_head_size': 3, 'learning_rate': 0.04138704490346766}. Best is trial 0 with value: 142.11695861816406.
[I 2023-12-26 11:57:52,266] Trial 20 finished with value: 151.78770446777344 and parameters: {'gradient_clip_val': 0.1516721958399658, 'hidden_size': 34, 'dropout': 0.11001377388692413, 'hidden_continuous_size': 25, 'attention_head_size': 4, 'learning_rate': 0.0928009350687654}. Best is trial 0 with value: 142.11695861816406.
[I 2023-12-26 11:57:55,727] Trial 21 finished with value: 232.9453582763672 and parameters: {'gradient_clip_val': 0.14441489367107369, 'hidden_size': 33, 'dropout': 0.10561194140847252, 'hidden_continuous_size': 24, 'attention_head_size': 4, 'learning_rate': 0.09992753527057631}. Best is trial 0 with value: 142.11695861816406.
[I 2023-12-26 11:57:59,552] Trial 22 finished with value: 269.9895935058594 and parameters: {'gradient_clip_val': 0.12940854007870026, 'hidden_size': 37, 'dropout': 0.10126866311295973, 'hidden_continuous_size': 25, 'attention_head_size': 4, 'learning_rate': 0.05770967245291979}. Best is trial 0 with value: 142.11695861816406.
[I 2023-12-26 11:58:03,787] Trial 23 finished with value: 298.2181396484375 and parameters: {'gradient_clip_val': 0.1666330900135455, 'hidden_size': 48, 'dropout': 0.14950247516868254, 'hidden_continuous_size': 30, 'attention_head_size': 3, 'learning_rate': 0.06206564030381425}. Best is trial 0 with value: 142.11695861816406.
[I 2023-12-26 11:58:06,613] Trial 24 finished with value: 244.2457275390625 and parameters: {'gradient_clip_val': 0.11932179381123952, 'hidden_size': 20, 'dropout': 0.15818068390829837, 'hidden_continuous_size': 14, 'attention_head_size': 4, 'learning_rate': 0.09843969005069518}. Best is trial 0 with value: 142.11695861816406.
[I 2023-12-26 11:58:09,698] Trial 25 finished with value: 280.49267578125 and parameters: {'gradient_clip_val': 0.22269844895284593, 'hidden_size': 28, 'dropout': 0.21476952290698398, 'hidden_continuous_size': 17, 'attention_head_size': 3, 'learning_rate': 0.029547596156547302}. Best is trial 0 with value: 142.11695861816406.
[I 2023-12-26 11:58:14,144] Trial 26 finished with value: 244.3125 and parameters: {'gradient_clip_val': 0.1686068021904308, 'hidden_size': 56, 'dropout': 0.1591451328048727, 'hidden_continuous_size': 41, 'attention_head_size': 2, 'learning_rate': 0.04954921844218629}. Best is trial 0 with value: 142.11695861816406.
[I 2023-12-26 11:58:17,109] Trial 27 finished with value: 180.45843505859375 and parameters: {'gradient_clip_val': 0.13666512097745842, 'hidden_size': 33, 'dropout': 0.13944894590003332, 'hidden_continuous_size': 25, 'attention_head_size': 4, 'learning_rate': 0.06704534678302021}. Best is trial 0 with value: 142.11695861816406.
[I 2023-12-26 11:58:19,321] Trial 28 finished with value: 258.6258850097656 and parameters: {'gradient_clip_val': 0.11032033239299835, 'hidden_size': 17, 'dropout': 0.10085663674049587, 'hidden_continuous_size': 12, 'attention_head_size': 3, 'learning_rate': 0.025888303757605386}. Best is trial 0 with value: 142.11695861816406.
[I 2023-12-26 11:58:24,965] Trial 29 finished with value: 297.0406494140625 and parameters: {'gradient_clip_val': 0.12313617028504263, 'hidden_size': 67, 'dropout': 0.18597949934719593, 'hidden_continuous_size': 38, 'attention_head_size': 4, 'learning_rate': 0.03557325584486144}. Best is trial 0 with value: 142.11695861816406.
[I 2023-12-26 11:58:28,337] Trial 30 finished with value: 275.5534973144531 and parameters: {'gradient_clip_val': 0.1539116620595129, 'hidden_size': 44, 'dropout': 0.13111712372220086, 'hidden_continuous_size': 28, 'attention_head_size': 4, 'learning_rate': 0.015378890084687588}. Best is trial 0 with value: 142.11695861816406.
[I 2023-12-26 11:58:33,011] Trial 31 finished with value: 193.26837158203125 and parameters: {'gradient_clip_val': 0.1260213906609816, 'hidden_size': 58, 'dropout': 0.17400497197607953, 'hidden_continuous_size': 36, 'attention_head_size': 2, 'learning_rate': 0.04988534351846745}. Best is trial 0 with value: 142.11695861816406.
[I 2023-12-26 11:58:36,231] Trial 32 finished with value: 185.44017028808594 and parameters: {'gradient_clip_val': 0.1353029422486577, 'hidden_size': 34, 'dropout': 0.16416641074331345, 'hidden_continuous_size': 23, 'attention_head_size': 2, 'learning_rate': 0.0700000950394407}. Best is trial 0 with value: 142.11695861816406.
[I 2023-12-26 11:58:40,249] Trial 33 finished with value: 273.76812744140625 and parameters: {'gradient_clip_val': 0.16582541837265583, 'hidden_size': 45, 'dropout': 0.2081581658411263, 'hidden_continuous_size': 31, 'attention_head_size': 1, 'learning_rate': 0.03574897426301603}. Best is trial 0 with value: 142.11695861816406.
[I 2023-12-26 11:58:44,607] Trial 34 finished with value: 114.24301147460938 and parameters: {'gradient_clip_val': 0.20479381124784188, 'hidden_size': 64, 'dropout': 0.12609676331266986, 'hidden_continuous_size': 36, 'attention_head_size': 2, 'learning_rate': 0.06995667367208393}. Best is trial 34 with value: 114.24301147460938.
[I 2023-12-26 11:58:48,015] Trial 35 finished with value: 266.3720703125 and parameters: {'gradient_clip_val': 0.21306953721825334, 'hidden_size': 38, 'dropout': 0.12404425443926925, 'hidden_continuous_size': 27, 'attention_head_size': 2, 'learning_rate': 0.07004705149036176}. Best is trial 34 with value: 114.24301147460938.
[I 2023-12-26 11:58:54,841] Trial 36 finished with value: 142.10739135742188 and parameters: {'gradient_clip_val': 0.25433604733465837, 'hidden_size': 76, 'dropout': 0.14445777737886867, 'hidden_continuous_size': 68, 'attention_head_size': 3, 'learning_rate': 0.07692621611060463}. Best is trial 34 with value: 114.24301147460938.
[I 2023-12-26 11:59:02,246] Trial 37 finished with value: 285.9607238769531 and parameters: {'gradient_clip_val': 0.25991656076874925, 'hidden_size': 77, 'dropout': 0.14677190723947225, 'hidden_continuous_size': 68, 'attention_head_size': 1, 'learning_rate': 0.04323609557322232}. Best is trial 34 with value: 114.24301147460938.
[I 2023-12-26 11:59:10,850] Trial 38 finished with value: 179.75634765625 and parameters: {'gradient_clip_val': 0.29068405012124665, 'hidden_size': 99, 'dropout': 0.20250639024972533, 'hidden_continuous_size': 84, 'attention_head_size': 2, 'learning_rate': 0.07038257313117104}. Best is trial 34 with value: 114.24301147460938.
[I 2023-12-26 11:59:13,661] Trial 39 finished with value: 285.2352294921875 and parameters: {'gradient_clip_val': 0.3509557499059733, 'hidden_size': 25, 'dropout': 0.24631262918917557, 'hidden_continuous_size': 20, 'attention_head_size': 1, 'learning_rate': 0.02815350931729602}. Best is trial 34 with value: 114.24301147460938.
[I 2023-12-26 11:59:19,638] Trial 40 finished with value: 187.75006103515625 and parameters: {'gradient_clip_val': 0.1897432507553979, 'hidden_size': 69, 'dropout': 0.16250841000914312, 'hidden_continuous_size': 45, 'attention_head_size': 2, 'learning_rate': 0.03977151605575178}. Best is trial 34 with value: 114.24301147460938.
[I 2023-12-26 11:59:23,885] Trial 41 finished with value: 192.2150115966797 and parameters: {'gradient_clip_val': 0.23460072715135172, 'hidden_size': 44, 'dropout': 0.11957060841971101, 'hidden_continuous_size': 28, 'attention_head_size': 3, 'learning_rate': 0.07500095923069505}. Best is trial 34 with value: 114.24301147460938.
[I 2023-12-26 11:59:28,761] Trial 42 finished with value: 172.848876953125 and parameters: {'gradient_clip_val': 0.20151353554194903, 'hidden_size': 54, 'dropout': 0.1379633533864563, 'hidden_continuous_size': 35, 'attention_head_size': 3, 'learning_rate': 0.09856354928530177}. Best is trial 34 with value: 114.24301147460938.
