[I 2023-12-27 10:59:34,706] Trial 6 finished with value: 2.9821224212646484 and parameters: {'gradient_clip_val': 0.24561198016587032, 'hidden_size': 40, 'dropout': 0.49624438587443886, 'hidden_continuous_size': 34, 'attention_head_size': 4, 'learning_rate': 0.0016650558056971788}. Best is trial 1 with value: 0.1433563381433487.
[I 2023-12-27 10:59:35,019] Trial 7 finished with value: 4.332682132720947 and parameters: {'gradient_clip_val': 0.7611543249064288, 'hidden_size': 6, 'dropout': 0.3238944805831681, 'hidden_continuous_size': 6, 'attention_head_size': 3, 'learning_rate': 0.05427609796269884}. Best is trial 1 with value: 0.1433563381433487.
[I 2023-12-27 10:59:35,513] Trial 8 finished with value: 2.9491965770721436 and parameters: {'gradient_clip_val': 0.3634109902838454, 'hidden_size': 112, 'dropout': 0.1545626592510367, 'hidden_continuous_size': 38, 'attention_head_size': 2, 'learning_rate': 0.028371461644914123}. Best is trial 1 with value: 0.1433563381433487.
[I 2023-12-27 10:59:36,072] Trial 9 finished with value: 3.226297616958618 and parameters: {'gradient_clip_val': 0.27091933310693034, 'hidden_size': 26, 'dropout': 0.32763916911357027, 'hidden_continuous_size': 18, 'attention_head_size': 3, 'learning_rate': 0.03936918572574503}. Best is trial 1 with value: 0.1433563381433487.
[I 2023-12-27 10:59:36,496] Trial 10 finished with value: 3.780505895614624 and parameters: {'gradient_clip_val': 0.9678904442443811, 'hidden_size': 58, 'dropout': 0.10371999425354941, 'hidden_continuous_size': 10, 'attention_head_size': 2, 'learning_rate': 0.09071499647846973}. Best is trial 1 with value: 0.1433563381433487.
[I 2023-12-27 10:59:36,872] Trial 11 finished with value: 3.154555559158325 and parameters: {'gradient_clip_val': 0.5717006150625075, 'hidden_size': 17, 'dropout': 0.24817804096244267, 'hidden_continuous_size': 8, 'attention_head_size': 4, 'learning_rate': 0.005276684196077276}. Best is trial 1 with value: 0.1433563381433487.
[I 2023-12-27 10:59:37,250] Trial 12 finished with value: 3.1245381832122803 and parameters: {'gradient_clip_val': 0.5165316198641129, 'hidden_size': 12, 'dropout': 0.39586256550142535, 'hidden_continuous_size': 6, 'attention_head_size': 4, 'learning_rate': 0.013678145108577237}. Best is trial 1 with value: 0.1433563381433487.
[I 2023-12-27 10:59:37,626] Trial 13 finished with value: 3.831364631652832 and parameters: {'gradient_clip_val': 0.9491164729886564, 'hidden_size': 9, 'dropout': 0.31067108903059937, 'hidden_continuous_size': 5, 'attention_head_size': 3, 'learning_rate': 0.004132941344417917}. Best is trial 1 with value: 0.1433563381433487.
[I 2023-12-27 10:59:38,004] Trial 14 finished with value: 3.2351932525634766 and parameters: {'gradient_clip_val': 0.5016416564630588, 'hidden_size': 18, 'dropout': 0.2107303507039452, 'hidden_continuous_size': 10, 'attention_head_size': 4, 'learning_rate': 0.0021968949457793125}. Best is trial 1 with value: 0.1433563381433487.
[I 2023-12-27 10:59:38,404] Trial 15 finished with value: 3.115112543106079 and parameters: {'gradient_clip_val': 0.6945733360444776, 'hidden_size': 43, 'dropout': 0.2796072127911421, 'hidden_continuous_size': 12, 'attention_head_size': 3, 'learning_rate': 0.016539020309577813}. Best is trial 1 with value: 0.1433563381433487.
[I 2023-12-27 10:59:38,766] Trial 16 finished with value: 4.24580717086792 and parameters: {'gradient_clip_val': 0.44062708329351913, 'hidden_size': 9, 'dropout': 0.35558433764913866, 'hidden_continuous_size': 6, 'attention_head_size': 2, 'learning_rate': 0.01714232866555677}. Best is trial 1 with value: 0.1433563381433487.
[I 2023-12-27 10:59:39,148] Trial 17 finished with value: 3.269322633743286 and parameters: {'gradient_clip_val': 0.9560208845837304, 'hidden_size': 21, 'dropout': 0.43573929587968263, 'hidden_continuous_size': 8, 'attention_head_size': 4, 'learning_rate': 0.00750974815388109}. Best is trial 1 with value: 0.1433563381433487.
[I 2023-12-27 10:59:39,541] Trial 18 finished with value: 3.4739856719970703 and parameters: {'gradient_clip_val': 0.6484304726671758, 'hidden_size': 33, 'dropout': 0.34059059111706635, 'hidden_continuous_size': 14, 'attention_head_size': 3, 'learning_rate': 0.002918750846758864}. Best is trial 1 with value: 0.1433563381433487.
[I 2023-12-27 10:59:39,873] Trial 19 finished with value: 3.470640182495117 and parameters: {'gradient_clip_val': 0.41446497281279077, 'hidden_size': 5, 'dropout': 0.2993798048374241, 'hidden_continuous_size': 5, 'attention_head_size': 4, 'learning_rate': 0.0012767325739525151}. Best is trial 1 with value: 0.1433563381433487.
[I 2023-12-27 10:59:40,246] Trial 20 finished with value: 3.370105743408203 and parameters: {'gradient_clip_val': 0.8059149006455432, 'hidden_size': 19, 'dropout': 0.2708470318915797, 'hidden_continuous_size': 8, 'attention_head_size': 3, 'learning_rate': 0.00351128651655954}. Best is trial 1 with value: 0.1433563381433487.
[I 2023-12-27 10:59:40,618] Trial 21 finished with value: 3.2746706008911133 and parameters: {'gradient_clip_val': 0.6380980100552734, 'hidden_size': 14, 'dropout': 0.40610768028085364, 'hidden_continuous_size': 7, 'attention_head_size': 2, 'learning_rate': 0.0006841711236611622}. Best is trial 1 with value: 0.1433563381433487.
[I 2023-12-27 10:59:40,986] Trial 22 finished with value: 3.2800827026367188 and parameters: {'gradient_clip_val': 0.7776914173428744, 'hidden_size': 13, 'dropout': 0.36629987453263, 'hidden_continuous_size': 7, 'attention_head_size': 2, 'learning_rate': 0.0006124892946909832}. Best is trial 1 with value: 0.1433563381433487.
[I 2023-12-27 10:59:41,602] Trial 23 finished with value: 2.8667118549346924 and parameters: {'gradient_clip_val': 0.589410390990942, 'hidden_size': 23, 'dropout': 0.42900558550121826, 'hidden_continuous_size': 9, 'attention_head_size': 1, 'learning_rate': 0.0013286945120679153}. Best is trial 1 with value: 0.1433563381433487.
[I 2023-12-27 10:59:41,987] Trial 24 finished with value: 3.638843536376953 and parameters: {'gradient_clip_val': 0.8081185142629909, 'hidden_size': 15, 'dropout': 0.3517833259304152, 'hidden_continuous_size': 7, 'attention_head_size': 3, 'learning_rate': 0.000522117485500028}. Best is trial 1 with value: 0.1433563381433487.
[I 2023-12-27 10:59:42,359] Trial 25 finished with value: 3.045090436935425 and parameters: {'gradient_clip_val': 0.681543300389472, 'hidden_size': 10, 'dropout': 0.38696314449718267, 'hidden_continuous_size': 6, 'attention_head_size': 2, 'learning_rate': 0.0010239497758370078}. Best is trial 1 with value: 0.1433563381433487.
[I 2023-12-27 10:59:42,739] Trial 26 finished with value: 3.359351396560669 and parameters: {'gradient_clip_val': 0.532696304695146, 'hidden_size': 21, 'dropout': 0.3204546021114806, 'hidden_continuous_size': 9, 'attention_head_size': 4, 'learning_rate': 0.0019579955120513585}. Best is trial 1 with value: 0.1433563381433487.
[I 2023-12-27 10:59:43,123] Trial 27 finished with value: 3.306920289993286 and parameters: {'gradient_clip_val': 0.8536243927596477, 'hidden_size': 34, 'dropout': 0.34453603578330194, 'hidden_continuous_size': 13, 'attention_head_size': 1, 'learning_rate': 0.000908379867486076}. Best is trial 1 with value: 0.1433563381433487.
[I 2023-12-27 10:59:43,481] Trial 28 finished with value: 3.766364336013794 and parameters: {'gradient_clip_val': 0.6733793958346361, 'hidden_size': 16, 'dropout': 0.29869653772545995, 'hidden_continuous_size': 7, 'attention_head_size': 3, 'learning_rate': 0.0022858877538395393}. Best is trial 1 with value: 0.1433563381433487.
[I 2023-12-27 10:59:43,870] Trial 29 finished with value: 3.8070573806762695 and parameters: {'gradient_clip_val': 0.8927851153652665, 'hidden_size': 28, 'dropout': 0.41924150768084334, 'hidden_continuous_size': 11, 'attention_head_size': 1, 'learning_rate': 0.004709379593359211}. Best is trial 1 with value: 0.1433563381433487.
[I 2023-12-27 10:59:44,254] Trial 30 finished with value: 2.4649240970611572 and parameters: {'gradient_clip_val': 0.9814464401752215, 'hidden_size': 11, 'dropout': 0.3765671997561118, 'hidden_continuous_size': 6, 'attention_head_size': 4, 'learning_rate': 0.0005107953388302265}. Best is trial 1 with value: 0.1433563381433487.
[I 2023-12-27 10:59:44,630] Trial 31 finished with value: 2.115100145339966 and parameters: {'gradient_clip_val': 0.9978799037489651, 'hidden_size': 11, 'dropout': 0.37298660512891396, 'hidden_continuous_size': 6, 'attention_head_size': 4, 'learning_rate': 0.0005626614827976017}. Best is trial 1 with value: 0.1433563381433487.
[I 2023-12-27 10:59:44,996] Trial 32 finished with value: 3.2493855953216553 and parameters: {'gradient_clip_val': 0.7500525716139371, 'hidden_size': 8, 'dropout': 0.38017822359178505, 'hidden_continuous_size': 5, 'attention_head_size': 4, 'learning_rate': 0.0008995611505392974}. Best is trial 1 with value: 0.1433563381433487.
[I 2023-12-27 10:59:45,378] Trial 33 finished with value: 3.8827083110809326 and parameters: {'gradient_clip_val': 0.8598236379390236, 'hidden_size': 13, 'dropout': 0.35428078085035025, 'hidden_continuous_size': 7, 'attention_head_size': 4, 'learning_rate': 0.0007778795273416008}. Best is trial 1 with value: 0.1433563381433487.
[I 2023-12-27 10:59:45,763] Trial 34 finished with value: 4.615461349487305 and parameters: {'gradient_clip_val': 0.7263135311186597, 'hidden_size': 24, 'dropout': 0.4515427262397771, 'hidden_continuous_size': 5, 'attention_head_size': 4, 'learning_rate': 0.001349823196936478}. Best is trial 1 with value: 0.1433563381433487.
[I 2023-12-27 10:59:46,121] Trial 35 finished with value: 4.8560261726379395 and parameters: {'gradient_clip_val': 0.5912362890065452, 'hidden_size': 7, 'dropout': 0.39679458817161906, 'hidden_continuous_size': 5, 'attention_head_size': 1, 'learning_rate': 0.0006321996888738453}. Best is trial 1 with value: 0.1433563381433487.
[I 2023-12-27 10:59:46,715] Trial 36 finished with value: 3.5830681324005127 and parameters: {'gradient_clip_val': 0.8538390390453388, 'hidden_size': 11, 'dropout': 0.3734912771564162, 'hidden_continuous_size': 6, 'attention_head_size': 3, 'learning_rate': 0.0011545122354879999}. Best is trial 1 with value: 0.1433563381433487.
[I 2023-12-27 10:59:47,086] Trial 37 finished with value: 3.1506335735321045 and parameters: {'gradient_clip_val': 0.7505870667991704, 'hidden_size': 17, 'dropout': 0.46235160529529384, 'hidden_continuous_size': 8, 'attention_head_size': 4, 'learning_rate': 0.0016127678111547115}. Best is trial 1 with value: 0.1433563381433487.
[I 2023-12-27 10:59:47,474] Trial 38 finished with value: 3.5109481811523438 and parameters: {'gradient_clip_val': 0.3189252780953251, 'hidden_size': 26, 'dropout': 0.3269829608815855, 'hidden_continuous_size': 16, 'attention_head_size': 3, 'learning_rate': 0.0007638062502309113}. Best is trial 1 with value: 0.1433563381433487.
[I 2023-12-27 10:59:47,849] Trial 39 finished with value: 2.184962034225464 and parameters: {'gradient_clip_val': 0.9872038457789938, 'hidden_size': 15, 'dropout': 0.4036820097308183, 'hidden_continuous_size': 9, 'attention_head_size': 2, 'learning_rate': 0.0009465608686197656}. Best is trial 1 with value: 0.1433563381433487.
[I 2023-12-27 10:59:48,228] Trial 40 finished with value: 3.509908676147461 and parameters: {'gradient_clip_val': 0.9723994051423485, 'hidden_size': 15, 'dropout': 0.4100988326976931, 'hidden_continuous_size': 10, 'attention_head_size': 2, 'learning_rate': 0.001022230137646218}. Best is trial 1 with value: 0.1433563381433487.
[I 2023-12-27 10:59:48,593] Trial 41 finished with value: 3.196352005004883 and parameters: {'gradient_clip_val': 0.8452605103943353, 'hidden_size': 19, 'dropout': 0.3964728887558836, 'hidden_continuous_size': 9, 'attention_head_size': 1, 'learning_rate': 0.0008056704853094542}. Best is trial 1 with value: 0.1433563381433487.
[I 2023-12-27 10:59:48,962] Trial 42 finished with value: 3.348583221435547 and parameters: {'gradient_clip_val': 0.9691906549275819, 'hidden_size': 13, 'dropout': 0.36489387732886824, 'hidden_continuous_size': 11, 'attention_head_size': 2, 'learning_rate': 0.0005192322334872972}. Best is trial 1 with value: 0.1433563381433487.
[I 2023-12-27 10:59:49,330] Trial 43 finished with value: 2.9170262813568115 and parameters: {'gradient_clip_val': 0.7805145787361966, 'hidden_size': 11, 'dropout': 0.33632409389323664, 'hidden_continuous_size': 6, 'attention_head_size': 1, 'learning_rate': 0.001516140931468377}. Best is trial 1 with value: 0.1433563381433487.
[I 2023-12-27 10:59:49,707] Trial 44 finished with value: 2.281144618988037 and parameters: {'gradient_clip_val': 0.6304522524667581, 'hidden_size': 15, 'dropout': 0.3810725370077536, 'hidden_continuous_size': 12, 'attention_head_size': 2, 'learning_rate': 0.001061207209378741}. Best is trial 1 with value: 0.1433563381433487.
[I 2023-12-27 10:59:50,085] Trial 45 finished with value: 3.2739734649658203 and parameters: {'gradient_clip_val': 0.6309534385001963, 'hidden_size': 22, 'dropout': 0.3832120448588752, 'hidden_continuous_size': 14, 'attention_head_size': 2, 'learning_rate': 0.0018121521837461906}. Best is trial 1 with value: 0.1433563381433487.
[I 2023-12-27 10:59:50,444] Trial 46 finished with value: 3.021353006362915 and parameters: {'gradient_clip_val': 0.7111132146530974, 'hidden_size': 16, 'dropout': 0.3122632189918524, 'hidden_continuous_size': 12, 'attention_head_size': 2, 'learning_rate': 0.0011262180416967162}. Best is trial 1 with value: 0.1433563381433487.
[I 2023-12-27 10:59:50,837] Trial 47 finished with value: 3.1250717639923096 and parameters: {'gradient_clip_val': 0.895800284717145, 'hidden_size': 19, 'dropout': 0.3585728738873473, 'hidden_continuous_size': 15, 'attention_head_size': 2, 'learning_rate': 0.0024480011612397976}. Best is trial 1 with value: 0.1433563381433487.
[I 2023-12-27 10:59:51,230] Trial 48 finished with value: 3.3024775981903076 and parameters: {'gradient_clip_val': 0.9894530472855992, 'hidden_size': 9, 'dropout': 0.3364467356136668, 'hidden_continuous_size': 8, 'attention_head_size': 2, 'learning_rate': 0.006150879089428856}. Best is trial 1 with value: 0.1433563381433487.
[I 2023-12-27 10:59:51,819] Trial 49 finished with value: 2.915250778198242 and parameters: {'gradient_clip_val': 0.5449709006593751, 'hidden_size': 12, 'dropout': 0.41528370900370065, 'hidden_continuous_size': 11, 'attention_head_size': 3, 'learning_rate': 0.001625891041957947}. Best is trial 1 with value: 0.1433563381433487.
[I 2023-12-27 10:59:51,931] A new study created in memory with name: no-name-a81578da-5bd9-4d70-93f6-07ed1c566524
/home/le004/conda/anaconda3/envs/tsff_env/lib/python3.9/site-packages/lightning/fabric/plugins/environments/slurm.py:191: The `srun` command is available on your system but is not used. HINT: If your intention is to run Lightning on SLURM, prepend your python command with `srun` like so: srun python /home/le004/master_thesis/git/TSFusionForecast/code/ ...
[I 2023-12-27 11:00:20,635] Trial 0 finished with value: 0.17181678116321564 and parameters: {'gradient_clip_val': 0.10995784090117108, 'hidden_size': 10, 'dropout': 0.2514158638018536, 'hidden_continuous_size': 10, 'attention_head_size': 1, 'learning_rate': 0.025450709128150666}. Best is trial 0 with value: 0.17181678116321564.
[I 2023-12-27 11:00:23,221] Trial 1 finished with value: 2.405463457107544 and parameters: {'gradient_clip_val': 0.6395809112514343, 'hidden_size': 14, 'dropout': 0.39002861805915445, 'hidden_continuous_size': 6, 'attention_head_size': 1, 'learning_rate': 0.00542033758703122}. Best is trial 0 with value: 0.17181678116321564.
[I 2023-12-27 11:00:23,642] Trial 2 finished with value: 4.660028457641602 and parameters: {'gradient_clip_val': 0.2362086615739403, 'hidden_size': 58, 'dropout': 0.1239950234620184, 'hidden_continuous_size': 55, 'attention_head_size': 3, 'learning_rate': 0.00558522012747562}. Best is trial 0 with value: 0.17181678116321564.
[I 2023-12-27 11:00:23,977] Trial 3 finished with value: 3.413870096206665 and parameters: {'gradient_clip_val': 0.780177330644049, 'hidden_size': 13, 'dropout': 0.4488694615946831, 'hidden_continuous_size': 12, 'attention_head_size': 1, 'learning_rate': 0.003553428121246963}. Best is trial 0 with value: 0.17181678116321564.
[I 2023-12-27 11:00:24,313] Trial 4 finished with value: 3.1642839908599854 and parameters: {'gradient_clip_val': 0.47779699201558434, 'hidden_size': 18, 'dropout': 0.23860636234278154, 'hidden_continuous_size': 7, 'attention_head_size': 3, 'learning_rate': 0.013089960694059589}. Best is trial 0 with value: 0.17181678116321564.
[I 2023-12-27 11:00:24,777] Trial 5 finished with value: 2.7921359539031982 and parameters: {'gradient_clip_val': 0.2281549036126997, 'hidden_size': 101, 'dropout': 0.4045531596300138, 'hidden_continuous_size': 6, 'attention_head_size': 4, 'learning_rate': 0.007877583588034068}. Best is trial 0 with value: 0.17181678116321564.
[I 2023-12-27 11:00:25,142] Trial 6 finished with value: 3.9817771911621094 and parameters: {'gradient_clip_val': 0.21748237308604737, 'hidden_size': 28, 'dropout': 0.4504263885199288, 'hidden_continuous_size': 25, 'attention_head_size': 2, 'learning_rate': 0.06743294601137172}. Best is trial 0 with value: 0.17181678116321564.
[I 2023-12-27 11:00:25,505] Trial 7 finished with value: 3.6287333965301514 and parameters: {'gradient_clip_val': 0.22269980544822307, 'hidden_size': 26, 'dropout': 0.25036370120571017, 'hidden_continuous_size': 14, 'attention_head_size': 4, 'learning_rate': 0.0013651188299383236}. Best is trial 0 with value: 0.17181678116321564.
[I 2023-12-27 11:00:25,982] Trial 8 finished with value: 4.061347007751465 and parameters: {'gradient_clip_val': 0.8343511141067556, 'hidden_size': 115, 'dropout': 0.4969665029461886, 'hidden_continuous_size': 22, 'attention_head_size': 2, 'learning_rate': 0.007796282279912265}. Best is trial 0 with value: 0.17181678116321564.
[I 2023-12-27 11:00:26,792] Trial 9 finished with value: 2.7649104595184326 and parameters: {'gradient_clip_val': 0.20440420375562712, 'hidden_size': 138, 'dropout': 0.29926696780407325, 'hidden_continuous_size': 104, 'attention_head_size': 1, 'learning_rate': 0.0358549564842129}. Best is trial 0 with value: 0.17181678116321564.
[I 2023-12-27 11:00:27,147] Trial 10 finished with value: 2.93705153465271 and parameters: {'gradient_clip_val': 0.10240027499257788, 'hidden_size': 5, 'dropout': 0.16235292942236745, 'hidden_continuous_size': 5, 'attention_head_size': 2, 'learning_rate': 0.0005917861170849982}. Best is trial 0 with value: 0.17181678116321564.
[I 2023-12-27 11:00:27,510] Trial 11 finished with value: 3.2542340755462646 and parameters: {'gradient_clip_val': 0.45922584867801575, 'hidden_size': 9, 'dropout': 0.35941743547243954, 'hidden_continuous_size': 5, 'attention_head_size': 1, 'learning_rate': 0.022448034166906265}. Best is trial 0 with value: 0.17181678116321564.
[I 2023-12-27 11:00:27,862] Trial 12 finished with value: 2.4277713298797607 and parameters: {'gradient_clip_val': 0.1049263386589925, 'hidden_size': 8, 'dropout': 0.33438113539440123, 'hidden_continuous_size': 5, 'attention_head_size': 1, 'learning_rate': 0.0975058701479124}. Best is trial 0 with value: 0.17181678116321564.
[I 2023-12-27 11:00:28,245] Trial 13 finished with value: 4.264936447143555 and parameters: {'gradient_clip_val': 0.1413359789906382, 'hidden_size': 13, 'dropout': 0.36820105540116266, 'hidden_continuous_size': 6, 'attention_head_size': 1, 'learning_rate': 0.023397579756912902}. Best is trial 0 with value: 0.17181678116321564.
[I 2023-12-27 11:00:28,574] Trial 14 finished with value: 3.5355052947998047 and parameters: {'gradient_clip_val': 0.36956484395575867, 'hidden_size': 5, 'dropout': 0.2881428030592528, 'hidden_continuous_size': 5, 'attention_head_size': 2, 'learning_rate': 0.0024312851760931627}. Best is trial 0 with value: 0.17181678116321564.
[I 2023-12-27 11:00:28,942] Trial 15 finished with value: 2.981384515762329 and parameters: {'gradient_clip_val': 0.5991239597734158, 'hidden_size': 24, 'dropout': 0.20788777304650766, 'hidden_continuous_size': 8, 'attention_head_size': 1, 'learning_rate': 0.013405163503755082}. Best is trial 0 with value: 0.17181678116321564.
[I 2023-12-27 11:00:29,307] Trial 16 finished with value: 2.7646045684814453 and parameters: {'gradient_clip_val': 0.31514707786682783, 'hidden_size': 8, 'dropout': 0.3154366109561347, 'hidden_continuous_size': 5, 'attention_head_size': 3, 'learning_rate': 0.04773233711393406}. Best is trial 0 with value: 0.17181678116321564.
[I 2023-12-27 11:00:29,711] Trial 17 finished with value: 4.283178806304932 and parameters: {'gradient_clip_val': 0.9013034938111859, 'hidden_size': 39, 'dropout': 0.19407537798900226, 'hidden_continuous_size': 9, 'attention_head_size': 2, 'learning_rate': 0.0175133136538222}. Best is trial 0 with value: 0.17181678116321564.
[I 2023-12-27 11:00:30,099] Trial 18 finished with value: 3.21264910697937 and parameters: {'gradient_clip_val': 0.15178261368931717, 'hidden_size': 14, 'dropout': 0.2586370390166613, 'hidden_continuous_size': 6, 'attention_head_size': 1, 'learning_rate': 0.037242304091109686}. Best is trial 0 with value: 0.17181678116321564.
[I 2023-12-27 11:00:30,480] Trial 19 finished with value: 3.858623504638672 and parameters: {'gradient_clip_val': 0.6153554302528154, 'hidden_size': 19, 'dropout': 0.39278295901110627, 'hidden_continuous_size': 7, 'attention_head_size': 2, 'learning_rate': 0.00913709356418617}. Best is trial 0 with value: 0.17181678116321564.
[I 2023-12-27 11:00:30,838] Trial 20 finished with value: 2.457263708114624 and parameters: {'gradient_clip_val': 0.31106614036637054, 'hidden_size': 11, 'dropout': 0.33114228546055635, 'hidden_continuous_size': 6, 'attention_head_size': 1, 'learning_rate': 0.004224868304174846}. Best is trial 0 with value: 0.17181678116321564.
