[I 2023-12-16 04:20:17,866] Trial 23 finished with value: 40.19565200805664 and parameters: {'gradient_clip_val': 0.539090474953478, 'hidden_size': 5, 'dropout': 0.17369263733612753, 'hidden_continuous_size': 5, 'attention_head_size': 3, 'learning_rate': 0.005781933991942125}. Best is trial 15 with value: 29.03009033203125.
LOCAL_RANK: 0 - CUDA_VISIBLE_DEVICES: [0]
[I 2023-12-16 04:21:02,727] Trial 24 finished with value: 42.81635665893555 and parameters: {'gradient_clip_val': 0.7781550960564957, 'hidden_size': 7, 'dropout': 0.15711979174187354, 'hidden_continuous_size': 5, 'attention_head_size': 2, 'learning_rate': 0.003879829973819866}. Best is trial 15 with value: 29.03009033203125.
LOCAL_RANK: 0 - CUDA_VISIBLE_DEVICES: [0]
[I 2023-12-16 04:21:48,180] Trial 25 finished with value: 49.876338958740234 and parameters: {'gradient_clip_val': 0.3910140836667456, 'hidden_size': 13, 'dropout': 0.12318429938380246, 'hidden_continuous_size': 6, 'attention_head_size': 3, 'learning_rate': 0.009702407187689286}. Best is trial 15 with value: 29.03009033203125.
LOCAL_RANK: 0 - CUDA_VISIBLE_DEVICES: [0]
[I 2023-12-16 04:22:33,235] Trial 26 finished with value: 26.636877059936523 and parameters: {'gradient_clip_val': 0.6399743892100174, 'hidden_size': 6, 'dropout': 0.1961451400034529, 'hidden_continuous_size': 5, 'attention_head_size': 2, 'learning_rate': 0.019111930350565312}. Best is trial 26 with value: 26.636877059936523.
LOCAL_RANK: 0 - CUDA_VISIBLE_DEVICES: [0]
[I 2023-12-16 04:23:17,418] Trial 27 finished with value: 51.28163528442383 and parameters: {'gradient_clip_val': 0.4795905122644542, 'hidden_size': 6, 'dropout': 0.20481838004510997, 'hidden_continuous_size': 5, 'attention_head_size': 1, 'learning_rate': 0.021070242989620437}. Best is trial 26 with value: 26.636877059936523.
LOCAL_RANK: 0 - CUDA_VISIBLE_DEVICES: [0]
[I 2023-12-16 04:24:02,528] Trial 28 finished with value: 58.861663818359375 and parameters: {'gradient_clip_val': 0.6417218162185231, 'hidden_size': 6, 'dropout': 0.20083584039762098, 'hidden_continuous_size': 5, 'attention_head_size': 3, 'learning_rate': 0.012028947677392798}. Best is trial 26 with value: 26.636877059936523.
LOCAL_RANK: 0 - CUDA_VISIBLE_DEVICES: [0]
[I 2023-12-16 04:24:47,181] Trial 29 finished with value: 83.22207641601562 and parameters: {'gradient_clip_val': 0.34846703124597583, 'hidden_size': 16, 'dropout': 0.13033523762535448, 'hidden_continuous_size': 6, 'attention_head_size': 2, 'learning_rate': 0.020841860884591223}. Best is trial 26 with value: 26.636877059936523.
LOCAL_RANK: 0 - CUDA_VISIBLE_DEVICES: [0]
[I 2023-12-16 04:25:32,645] Trial 30 finished with value: 51.348751068115234 and parameters: {'gradient_clip_val': 0.8373775952181913, 'hidden_size': 10, 'dropout': 0.1393099671499452, 'hidden_continuous_size': 6, 'attention_head_size': 3, 'learning_rate': 0.006587188955806308}. Best is trial 26 with value: 26.636877059936523.
LOCAL_RANK: 0 - CUDA_VISIBLE_DEVICES: [0]
[I 2023-12-16 04:26:17,613] Trial 31 finished with value: 32.871036529541016 and parameters: {'gradient_clip_val': 0.8169709028300394, 'hidden_size': 9, 'dropout': 0.16167034681769996, 'hidden_continuous_size': 5, 'attention_head_size': 2, 'learning_rate': 0.0070262111556601}. Best is trial 26 with value: 26.636877059936523.
LOCAL_RANK: 0 - CUDA_VISIBLE_DEVICES: [0]
[I 2023-12-16 04:27:02,817] Trial 32 finished with value: 35.099124908447266 and parameters: {'gradient_clip_val': 0.5771163638313178, 'hidden_size': 7, 'dropout': 0.16705815992931078, 'hidden_continuous_size': 5, 'attention_head_size': 2, 'learning_rate': 0.009945510027724227}. Best is trial 26 with value: 26.636877059936523.
LOCAL_RANK: 0 - CUDA_VISIBLE_DEVICES: [0]
[I 2023-12-16 04:27:36,588] Trial 33 finished with value: 52.93922805786133 and parameters: {'gradient_clip_val': 0.7084638184399805, 'hidden_size': 5, 'dropout': 0.19078035845402727, 'hidden_continuous_size': 5, 'attention_head_size': 2, 'learning_rate': 0.0034033557413225323}. Best is trial 26 with value: 26.636877059936523.
LOCAL_RANK: 0 - CUDA_VISIBLE_DEVICES: [0]
[I 2023-12-16 04:28:21,232] Trial 34 finished with value: 29.721635818481445 and parameters: {'gradient_clip_val': 0.6886953889873612, 'hidden_size': 9, 'dropout': 0.1445623841977806, 'hidden_continuous_size': 6, 'attention_head_size': 2, 'learning_rate': 0.00585853234360274}. Best is trial 26 with value: 26.636877059936523.
LOCAL_RANK: 0 - CUDA_VISIBLE_DEVICES: [0]
[I 2023-12-16 04:29:05,283] Trial 35 finished with value: 43.005428314208984 and parameters: {'gradient_clip_val': 0.5478269003114813, 'hidden_size': 12, 'dropout': 0.1067296505226156, 'hidden_continuous_size': 6, 'attention_head_size': 2, 'learning_rate': 0.0058453676972327045}. Best is trial 26 with value: 26.636877059936523.
LOCAL_RANK: 0 - CUDA_VISIBLE_DEVICES: [0]
[I 2023-12-16 04:29:50,915] Trial 36 finished with value: 36.61495590209961 and parameters: {'gradient_clip_val': 0.6539140321209986, 'hidden_size': 9, 'dropout': 0.13845753628838653, 'hidden_continuous_size': 6, 'attention_head_size': 3, 'learning_rate': 0.0023455023967235396}. Best is trial 26 with value: 26.636877059936523.
LOCAL_RANK: 0 - CUDA_VISIBLE_DEVICES: [0]
[I 2023-12-16 04:30:35,897] Trial 37 finished with value: 38.414798736572266 and parameters: {'gradient_clip_val': 0.892360720138496, 'hidden_size': 14, 'dropout': 0.18676429932089617, 'hidden_continuous_size': 7, 'attention_head_size': 1, 'learning_rate': 0.001364770985321937}. Best is trial 26 with value: 26.636877059936523.
LOCAL_RANK: 0 - CUDA_VISIBLE_DEVICES: [0]
[I 2023-12-16 04:31:24,465] Trial 38 finished with value: 69.99408721923828 and parameters: {'gradient_clip_val': 0.481671234230761, 'hidden_size': 23, 'dropout': 0.1274062084810602, 'hidden_continuous_size': 7, 'attention_head_size': 2, 'learning_rate': 0.007575486415619032}. Best is trial 26 with value: 26.636877059936523.
LOCAL_RANK: 0 - CUDA_VISIBLE_DEVICES: [0]
[I 2023-12-16 04:32:10,339] Trial 39 finished with value: 30.87088966369629 and parameters: {'gradient_clip_val': 0.7266484708004777, 'hidden_size': 11, 'dropout': 0.14790927628187725, 'hidden_continuous_size': 6, 'attention_head_size': 4, 'learning_rate': 0.0033486230876771986}. Best is trial 26 with value: 26.636877059936523.
LOCAL_RANK: 0 - CUDA_VISIBLE_DEVICES: [0]
[I 2023-12-16 04:32:55,496] Trial 40 finished with value: 33.863624572753906 and parameters: {'gradient_clip_val': 0.6120849933845554, 'hidden_size': 6, 'dropout': 0.11609692706029981, 'hidden_continuous_size': 5, 'attention_head_size': 3, 'learning_rate': 0.030761771892877102}. Best is trial 26 with value: 26.636877059936523.
LOCAL_RANK: 0 - CUDA_VISIBLE_DEVICES: [0]
[I 2023-12-16 04:33:40,565] Trial 41 finished with value: 55.6737060546875 and parameters: {'gradient_clip_val': 0.7373156248126489, 'hidden_size': 9, 'dropout': 0.16484113883829826, 'hidden_continuous_size': 6, 'attention_head_size': 2, 'learning_rate': 0.00936359636586855}. Best is trial 26 with value: 26.636877059936523.
LOCAL_RANK: 0 - CUDA_VISIBLE_DEVICES: [0]
[I 2023-12-16 04:34:25,482] Trial 42 finished with value: 29.286605834960938 and parameters: {'gradient_clip_val': 0.8324741824089741, 'hidden_size': 7, 'dropout': 0.17339318706921092, 'hidden_continuous_size': 5, 'attention_head_size': 2, 'learning_rate': 0.004900178686492004}. Best is trial 26 with value: 26.636877059936523.
LOCAL_RANK: 0 - CUDA_VISIBLE_DEVICES: [0]
[I 2023-12-16 04:35:10,183] Trial 43 finished with value: 32.5771598815918 and parameters: {'gradient_clip_val': 0.901613135935466, 'hidden_size': 7, 'dropout': 0.17879968103969998, 'hidden_continuous_size': 5, 'attention_head_size': 2, 'learning_rate': 0.004388230053221612}. Best is trial 26 with value: 26.636877059936523.
LOCAL_RANK: 0 - CUDA_VISIBLE_DEVICES: [0]
[I 2023-12-16 04:35:44,186] Trial 44 finished with value: 42.029998779296875 and parameters: {'gradient_clip_val': 0.817664944663231, 'hidden_size': 5, 'dropout': 0.18735932351213475, 'hidden_continuous_size': 5, 'attention_head_size': 2, 'learning_rate': 0.005221901044633503}. Best is trial 26 with value: 26.636877059936523.
LOCAL_RANK: 0 - CUDA_VISIBLE_DEVICES: [0]
[I 2023-12-16 04:36:28,858] Trial 45 finished with value: 32.43806076049805 and parameters: {'gradient_clip_val': 0.9910825739311941, 'hidden_size': 6, 'dropout': 0.21682997960560987, 'hidden_continuous_size': 5, 'attention_head_size': 2, 'learning_rate': 0.006853665836840964}. Best is trial 26 with value: 26.636877059936523.
LOCAL_RANK: 0 - CUDA_VISIBLE_DEVICES: [0]
[I 2023-12-16 04:37:14,551] Trial 46 finished with value: 30.754831314086914 and parameters: {'gradient_clip_val': 0.560158350247042, 'hidden_size': 10, 'dropout': 0.14780178243318193, 'hidden_continuous_size': 7, 'attention_head_size': 3, 'learning_rate': 0.0028460130363602114}. Best is trial 26 with value: 26.636877059936523.
LOCAL_RANK: 0 - CUDA_VISIBLE_DEVICES: [0]
[I 2023-12-16 04:37:59,171] Trial 47 finished with value: 32.5117073059082 and parameters: {'gradient_clip_val': 0.6618490787514428, 'hidden_size': 7, 'dropout': 0.1699617584300721, 'hidden_continuous_size': 6, 'attention_head_size': 1, 'learning_rate': 0.011784776768624309}. Best is trial 26 with value: 26.636877059936523.
LOCAL_RANK: 0 - CUDA_VISIBLE_DEVICES: [0]
[I 2023-12-16 04:38:32,672] Trial 48 finished with value: 70.8791732788086 and parameters: {'gradient_clip_val': 0.5252518264543764, 'hidden_size': 5, 'dropout': 0.1582044017440507, 'hidden_continuous_size': 5, 'attention_head_size': 2, 'learning_rate': 0.005032650994932682}. Best is trial 26 with value: 26.636877059936523.
LOCAL_RANK: 0 - CUDA_VISIBLE_DEVICES: [0]
[I 2023-12-16 04:39:18,376] Trial 49 finished with value: 57.524322509765625 and parameters: {'gradient_clip_val': 0.7923650482372177, 'hidden_size': 9, 'dropout': 0.2220889986209976, 'hidden_continuous_size': 7, 'attention_head_size': 3, 'learning_rate': 0.015422930882743414}. Best is trial 26 with value: 26.636877059936523.
[I 2023-12-16 04:39:18,468] A new study created in memory with name: no-name-41b0ff07-9657-462b-a1c3-d97ad239ad19
/home/le004/conda/anaconda3/envs/tsff_env/lib/python3.9/site-packages/lightning/fabric/plugins/environments/slurm.py:191: The `srun` command is available on your system but is not used. HINT: If your intention is to run Lightning on SLURM, prepend your python command with `srun` like so: srun python /home/le004/master_thesis/git/TSFusionForecast/code/ ...
LOCAL_RANK: 0 - CUDA_VISIBLE_DEVICES: [0]
[I 2023-12-16 04:40:12,113] Trial 0 finished with value: 48.6234245300293 and parameters: {'gradient_clip_val': 0.16346352416059304, 'hidden_size': 81, 'dropout': 0.3009027735016629, 'hidden_continuous_size': 9, 'attention_head_size': 3, 'learning_rate': 0.07435975646265545}. Best is trial 0 with value: 48.6234245300293.
LOCAL_RANK: 0 - CUDA_VISIBLE_DEVICES: [0]
[I 2023-12-16 04:40:56,109] Trial 1 finished with value: 36.807762145996094 and parameters: {'gradient_clip_val': 0.48664023948438107, 'hidden_size': 8, 'dropout': 0.24788132263356813, 'hidden_continuous_size': 5, 'attention_head_size': 3, 'learning_rate': 0.036555754126371506}. Best is trial 1 with value: 36.807762145996094.
LOCAL_RANK: 0 - CUDA_VISIBLE_DEVICES: [0]
[I 2023-12-16 04:41:40,753] Trial 2 finished with value: 36.79165267944336 and parameters: {'gradient_clip_val': 0.1682527364087372, 'hidden_size': 9, 'dropout': 0.2865797089904777, 'hidden_continuous_size': 6, 'attention_head_size': 1, 'learning_rate': 0.09582903600461314}. Best is trial 2 with value: 36.79165267944336.
LOCAL_RANK: 0 - CUDA_VISIBLE_DEVICES: [0]
[I 2023-12-16 04:42:31,561] Trial 3 finished with value: 26.7292537689209 and parameters: {'gradient_clip_val': 0.7446710250048832, 'hidden_size': 43, 'dropout': 0.2548325670285266, 'hidden_continuous_size': 5, 'attention_head_size': 4, 'learning_rate': 0.0009534539684000819}. Best is trial 3 with value: 26.7292537689209.
LOCAL_RANK: 0 - CUDA_VISIBLE_DEVICES: [0]
[I 2023-12-16 04:43:16,524] Trial 4 finished with value: 58.07905197143555 and parameters: {'gradient_clip_val': 0.21382984494544705, 'hidden_size': 10, 'dropout': 0.14795778105379895, 'hidden_continuous_size': 7, 'attention_head_size': 1, 'learning_rate': 0.08093122877328383}. Best is trial 3 with value: 26.7292537689209.
LOCAL_RANK: 0 - CUDA_VISIBLE_DEVICES: [0]
[I 2023-12-16 04:43:50,604] Trial 5 finished with value: 26.99501609802246 and parameters: {'gradient_clip_val': 0.11245388195934261, 'hidden_size': 10, 'dropout': 0.3848264315573572, 'hidden_continuous_size': 10, 'attention_head_size': 2, 'learning_rate': 0.025261525212368265}. Best is trial 3 with value: 26.7292537689209.
LOCAL_RANK: 0 - CUDA_VISIBLE_DEVICES: [0]
[I 2023-12-16 04:44:41,150] Trial 6 finished with value: 35.213836669921875 and parameters: {'gradient_clip_val': 0.2594693200767203, 'hidden_size': 47, 'dropout': 0.1918765459688278, 'hidden_continuous_size': 5, 'attention_head_size': 2, 'learning_rate': 0.0570947457041409}. Best is trial 3 with value: 26.7292537689209.
LOCAL_RANK: 0 - CUDA_VISIBLE_DEVICES: [0]
[I 2023-12-16 04:45:30,420] Trial 7 finished with value: 27.21993064880371 and parameters: {'gradient_clip_val': 0.18234678381319447, 'hidden_size': 33, 'dropout': 0.16070947620880455, 'hidden_continuous_size': 9, 'attention_head_size': 2, 'learning_rate': 0.005807631258187174}. Best is trial 3 with value: 26.7292537689209.
LOCAL_RANK: 0 - CUDA_VISIBLE_DEVICES: [0]
[I 2023-12-16 04:46:20,267] Trial 8 finished with value: 34.56265640258789 and parameters: {'gradient_clip_val': 0.597613170098494, 'hidden_size': 29, 'dropout': 0.33737042878652507, 'hidden_continuous_size': 12, 'attention_head_size': 4, 'learning_rate': 0.013304375640795346}. Best is trial 3 with value: 26.7292537689209.
LOCAL_RANK: 0 - CUDA_VISIBLE_DEVICES: [0]
[I 2023-12-16 04:47:10,101] Trial 9 finished with value: 39.929683685302734 and parameters: {'gradient_clip_val': 0.28173607469014933, 'hidden_size': 40, 'dropout': 0.18901758342912403, 'hidden_continuous_size': 8, 'attention_head_size': 4, 'learning_rate': 0.0025097435144651146}. Best is trial 3 with value: 26.7292537689209.
LOCAL_RANK: 0 - CUDA_VISIBLE_DEVICES: [0]
[I 2023-12-16 04:47:58,465] Trial 10 finished with value: 46.77863693237305 and parameters: {'gradient_clip_val': 0.9819677710272021, 'hidden_size': 17, 'dropout': 0.11747453812699982, 'hidden_continuous_size': 14, 'attention_head_size': 4, 'learning_rate': 0.0007607104564472046}. Best is trial 3 with value: 26.7292537689209.
LOCAL_RANK: 0 - CUDA_VISIBLE_DEVICES: [0]
[I 2023-12-16 04:48:32,551] Trial 11 finished with value: 127.23528289794922 and parameters: {'gradient_clip_val': 0.10787453319791218, 'hidden_size': 5, 'dropout': 0.39422964410744815, 'hidden_continuous_size': 5, 'attention_head_size': 2, 'learning_rate': 0.0005962227452082577}. Best is trial 3 with value: 26.7292537689209.
LOCAL_RANK: 0 - CUDA_VISIBLE_DEVICES: [0]
[I 2023-12-16 04:49:21,872] Trial 12 finished with value: 42.77418518066406 and parameters: {'gradient_clip_val': 0.3718293730844528, 'hidden_size': 19, 'dropout': 0.38773487624876934, 'hidden_continuous_size': 18, 'attention_head_size': 3, 'learning_rate': 0.022256802097170913}. Best is trial 3 with value: 26.7292537689209.
LOCAL_RANK: 0 - CUDA_VISIBLE_DEVICES: [0]
[I 2023-12-16 04:50:16,589] Trial 13 finished with value: 33.49354553222656 and parameters: {'gradient_clip_val': 0.10180619089497323, 'hidden_size': 89, 'dropout': 0.23759617525585766, 'hidden_continuous_size': 32, 'attention_head_size': 2, 'learning_rate': 0.0070312132967521555}. Best is trial 3 with value: 26.7292537689209.
LOCAL_RANK: 0 - CUDA_VISIBLE_DEVICES: [0]
[I 2023-12-16 04:51:01,398] Trial 14 finished with value: 26.306398391723633 and parameters: {'gradient_clip_val': 0.8358987403708855, 'hidden_size': 16, 'dropout': 0.3462036633982677, 'hidden_continuous_size': 6, 'attention_head_size': 3, 'learning_rate': 0.002478153081670203}. Best is trial 14 with value: 26.306398391723633.
LOCAL_RANK: 0 - CUDA_VISIBLE_DEVICES: [0]
[I 2023-12-16 04:51:53,771] Trial 15 finished with value: 26.742277145385742 and parameters: {'gradient_clip_val': 0.8836716829839405, 'hidden_size': 55, 'dropout': 0.33707691137016205, 'hidden_continuous_size': 7, 'attention_head_size': 4, 'learning_rate': 0.0014538020376132163}. Best is trial 14 with value: 26.306398391723633.
LOCAL_RANK: 0 - CUDA_VISIBLE_DEVICES: [0]
[I 2023-12-16 04:52:42,274] Trial 16 finished with value: 27.37227439880371 and parameters: {'gradient_clip_val': 0.7071628235522307, 'hidden_size': 23, 'dropout': 0.2831387923162373, 'hidden_continuous_size': 6, 'attention_head_size': 3, 'learning_rate': 0.0025991927225469825}. Best is trial 14 with value: 26.306398391723633.
LOCAL_RANK: 0 - CUDA_VISIBLE_DEVICES: [0]
[I 2023-12-16 04:53:35,925] Trial 17 finished with value: 26.02504539489746 and parameters: {'gradient_clip_val': 0.7405921621988076, 'hidden_size': 59, 'dropout': 0.2303549378237419, 'hidden_continuous_size': 19, 'attention_head_size': 4, 'learning_rate': 0.0012426611084187305}. Best is trial 17 with value: 26.02504539489746.
LOCAL_RANK: 0 - CUDA_VISIBLE_DEVICES: [0]
[I 2023-12-16 04:54:29,903] Trial 18 finished with value: 26.808874130249023 and parameters: {'gradient_clip_val': 0.4817072230499871, 'hidden_size': 65, 'dropout': 0.2163611748899412, 'hidden_continuous_size': 21, 'attention_head_size': 3, 'learning_rate': 0.0017066725686936657}. Best is trial 17 with value: 26.02504539489746.
LOCAL_RANK: 0 - CUDA_VISIBLE_DEVICES: [0]
[I 2023-12-16 04:55:25,016] Trial 19 finished with value: 31.79576873779297 and parameters: {'gradient_clip_val': 0.9616175090352382, 'hidden_size': 63, 'dropout': 0.3263564116625238, 'hidden_continuous_size': 50, 'attention_head_size': 4, 'learning_rate': 0.0034372740508943895}. Best is trial 17 with value: 26.02504539489746.
LOCAL_RANK: 0 - CUDA_VISIBLE_DEVICES: [0]
[I 2023-12-16 04:56:10,659] Trial 20 finished with value: 30.06242561340332 and parameters: {'gradient_clip_val': 0.647071383866541, 'hidden_size': 14, 'dropout': 0.25951324751866406, 'hidden_continuous_size': 6, 'attention_head_size': 3, 'learning_rate': 0.0012858871489963375}. Best is trial 17 with value: 26.02504539489746.
LOCAL_RANK: 0 - CUDA_VISIBLE_DEVICES: [0]
[I 2023-12-16 04:56:59,973] Trial 21 finished with value: 28.942773818969727 and parameters: {'gradient_clip_val': 0.7594317298695932, 'hidden_size': 33, 'dropout': 0.22363877524508763, 'hidden_continuous_size': 5, 'attention_head_size': 4, 'learning_rate': 0.0008940532477469111}. Best is trial 17 with value: 26.02504539489746.
LOCAL_RANK: 0 - CUDA_VISIBLE_DEVICES: [0]
[I 2023-12-16 04:57:52,791] Trial 22 finished with value: 27.927047729492188 and parameters: {'gradient_clip_val': 0.8390666190290642, 'hidden_size': 43, 'dropout': 0.26345674574352, 'hidden_continuous_size': 11, 'attention_head_size': 4, 'learning_rate': 0.001014830001639281}. Best is trial 17 with value: 26.02504539489746.
LOCAL_RANK: 0 - CUDA_VISIBLE_DEVICES: [0]
[I 2023-12-16 04:58:51,521] Trial 23 finished with value: 25.825876235961914 and parameters: {'gradient_clip_val': 0.5720494053032468, 'hidden_size': 97, 'dropout': 0.2078474375710663, 'hidden_continuous_size': 91, 'attention_head_size': 4, 'learning_rate': 0.0005371585234651183}. Best is trial 23 with value: 25.825876235961914.
LOCAL_RANK: 0 - CUDA_VISIBLE_DEVICES: [0]
[I 2023-12-16 04:59:49,505] Trial 24 finished with value: 25.58243751525879 and parameters: {'gradient_clip_val': 0.5537489741555582, 'hidden_size': 95, 'dropout': 0.21138036635986787, 'hidden_continuous_size': 65, 'attention_head_size': 3, 'learning_rate': 0.0007065760203021025}. Best is trial 24 with value: 25.58243751525879.
LOCAL_RANK: 0 - CUDA_VISIBLE_DEVICES: [0]
[I 2023-12-16 05:00:47,950] Trial 25 finished with value: 26.229753494262695 and parameters: {'gradient_clip_val': 0.5522246996259291, 'hidden_size': 95, 'dropout': 0.19504447036290634, 'hidden_continuous_size': 88, 'attention_head_size': 4, 'learning_rate': 0.0005511632518697151}. Best is trial 24 with value: 25.58243751525879.
LOCAL_RANK: 0 - CUDA_VISIBLE_DEVICES: [0]
[I 2023-12-16 05:01:44,736] Trial 26 finished with value: 25.980072021484375 and parameters: {'gradient_clip_val': 0.40821123328295933, 'hidden_size': 74, 'dropout': 0.21973026638132576, 'hidden_continuous_size': 69, 'attention_head_size': 3, 'learning_rate': 0.0005326439671337195}. Best is trial 24 with value: 25.58243751525879.
LOCAL_RANK: 0 - CUDA_VISIBLE_DEVICES: [0]
[I 2023-12-16 05:02:43,317] Trial 27 finished with value: 25.964445114135742 and parameters: {'gradient_clip_val': 0.3885424432143215, 'hidden_size': 99, 'dropout': 0.20651170901616916, 'hidden_continuous_size': 89, 'attention_head_size': 3, 'learning_rate': 0.000524558182781687}. Best is trial 24 with value: 25.58243751525879.
LOCAL_RANK: 0 - CUDA_VISIBLE_DEVICES: [0]
[I 2023-12-16 05:03:41,524] Trial 28 finished with value: 26.439027786254883 and parameters: {'gradient_clip_val': 0.36370576014846306, 'hidden_size': 95, 'dropout': 0.1719306571011913, 'hidden_continuous_size': 94, 'attention_head_size': 3, 'learning_rate': 0.0005031127081829754}. Best is trial 24 with value: 25.58243751525879.
LOCAL_RANK: 0 - CUDA_VISIBLE_DEVICES: [0]
[I 2023-12-16 05:04:37,304] Trial 29 finished with value: 27.385953903198242 and parameters: {'gradient_clip_val': 0.5194456959917058, 'hidden_size': 78, 'dropout': 0.2035888969446053, 'hidden_continuous_size': 56, 'attention_head_size': 3, 'learning_rate': 0.0007571965140959712}. Best is trial 24 with value: 25.58243751525879.
LOCAL_RANK: 0 - CUDA_VISIBLE_DEVICES: [0]
[I 2023-12-16 05:05:31,542] Trial 30 finished with value: 26.4075870513916 and parameters: {'gradient_clip_val': 0.468706316806349, 'hidden_size': 76, 'dropout': 0.14740730411870467, 'hidden_continuous_size': 48, 'attention_head_size': 2, 'learning_rate': 0.0007320640979668634}. Best is trial 24 with value: 25.58243751525879.
LOCAL_RANK: 0 - CUDA_VISIBLE_DEVICES: [0]
