[I 2023-12-26 13:12:14,634] Trial 49 finished with value: 6952.75244140625 and parameters: {'gradient_clip_val': 0.12732675754027611, 'hidden_size': 106, 'dropout': 0.41564392076712464, 'hidden_continuous_size': 24, 'attention_head_size': 2, 'learning_rate': 0.02101751744818224}. Best is trial 0 with value: 3167.974365234375.
[I 2023-12-26 13:12:14,788] A new study created in memory with name: no-name-8699c4bb-a18d-43e9-b2cd-3238dab3a0de
/home/le004/conda/anaconda3/envs/tsff_env/lib/python3.9/site-packages/lightning/fabric/plugins/environments/slurm.py:191: The `srun` command is available on your system but is not used. HINT: If your intention is to run Lightning on SLURM, prepend your python command with `srun` like so: srun python /home/le004/master_thesis/git/TSFusionForecast/code/ ...
[I 2023-12-26 13:18:31,227] Trial 0 finished with value: 2045.1781005859375 and parameters: {'gradient_clip_val': 0.840931162809397, 'hidden_size': 92, 'dropout': 0.2644216467296161, 'hidden_continuous_size': 6, 'attention_head_size': 4, 'learning_rate': 0.05357677810197314}. Best is trial 0 with value: 2045.1781005859375.
[I 2023-12-26 13:18:34,628] Trial 1 finished with value: 6769.26806640625 and parameters: {'gradient_clip_val': 0.28736353920840063, 'hidden_size': 35, 'dropout': 0.3036388101016749, 'hidden_continuous_size': 5, 'attention_head_size': 3, 'learning_rate': 0.009119651789864248}. Best is trial 0 with value: 2045.1781005859375.
[I 2023-12-26 13:18:37,148] Trial 2 finished with value: 7703.34521484375 and parameters: {'gradient_clip_val': 0.7942631722403773, 'hidden_size': 11, 'dropout': 0.3653916121102878, 'hidden_continuous_size': 6, 'attention_head_size': 4, 'learning_rate': 0.052721117541952155}. Best is trial 0 with value: 2045.1781005859375.
[I 2023-12-26 13:18:42,036] Trial 3 finished with value: 7737.0234375 and parameters: {'gradient_clip_val': 0.2175797991493319, 'hidden_size': 57, 'dropout': 0.2523136718936171, 'hidden_continuous_size': 28, 'attention_head_size': 4, 'learning_rate': 0.013042412653276669}. Best is trial 0 with value: 2045.1781005859375.
[I 2023-12-26 13:18:44,433] Trial 4 finished with value: 7325.51611328125 and parameters: {'gradient_clip_val': 0.538836780375363, 'hidden_size': 10, 'dropout': 0.13466273142261717, 'hidden_continuous_size': 9, 'attention_head_size': 2, 'learning_rate': 0.0006214014913409796}. Best is trial 0 with value: 2045.1781005859375.
[I 2023-12-26 13:18:46,512] Trial 5 finished with value: 7164.83251953125 and parameters: {'gradient_clip_val': 0.8483779388637908, 'hidden_size': 6, 'dropout': 0.3236947739661434, 'hidden_continuous_size': 6, 'attention_head_size': 4, 'learning_rate': 0.057070225474455914}. Best is trial 0 with value: 2045.1781005859375.
[I 2023-12-26 13:18:51,837] Trial 6 finished with value: 8089.884765625 and parameters: {'gradient_clip_val': 0.21123892413101505, 'hidden_size': 67, 'dropout': 0.27361244297091464, 'hidden_continuous_size': 26, 'attention_head_size': 3, 'learning_rate': 0.0018559727353247629}. Best is trial 0 with value: 2045.1781005859375.
[I 2023-12-26 13:18:54,539] Trial 7 finished with value: 7078.22265625 and parameters: {'gradient_clip_val': 0.5129083878227082, 'hidden_size': 22, 'dropout': 0.2901454186166026, 'hidden_continuous_size': 17, 'attention_head_size': 1, 'learning_rate': 0.00754859790821428}. Best is trial 0 with value: 2045.1781005859375.
[I 2023-12-26 13:18:56,321] Trial 8 finished with value: 5995.47119140625 and parameters: {'gradient_clip_val': 0.4463364430199259, 'hidden_size': 5, 'dropout': 0.17554620516946595, 'hidden_continuous_size': 5, 'attention_head_size': 1, 'learning_rate': 0.0007076744013451109}. Best is trial 0 with value: 2045.1781005859375.
[I 2023-12-26 13:19:05,122] Trial 9 finished with value: 6680.3515625 and parameters: {'gradient_clip_val': 0.1617729283389285, 'hidden_size': 111, 'dropout': 0.28195938283016286, 'hidden_continuous_size': 69, 'attention_head_size': 4, 'learning_rate': 0.011052991134947957}. Best is trial 0 with value: 2045.1781005859375.
[I 2023-12-26 13:19:14,231] Trial 10 finished with value: 5459.57861328125 and parameters: {'gradient_clip_val': 0.10649069849508637, 'hidden_size': 119, 'dropout': 0.4488373805748441, 'hidden_continuous_size': 13, 'attention_head_size': 2, 'learning_rate': 0.07667610065304943}. Best is trial 0 with value: 2045.1781005859375.
[I 2023-12-26 13:19:25,042] Trial 11 finished with value: 5853.103515625 and parameters: {'gradient_clip_val': 0.10984626866623447, 'hidden_size': 135, 'dropout': 0.48264558928984086, 'hidden_continuous_size': 12, 'attention_head_size': 2, 'learning_rate': 0.09946638190306914}. Best is trial 0 with value: 2045.1781005859375.
[I 2023-12-26 13:19:36,088] Trial 12 finished with value: 5504.39404296875 and parameters: {'gradient_clip_val': 0.10001084512080514, 'hidden_size': 145, 'dropout': 0.418619222029164, 'hidden_continuous_size': 10, 'attention_head_size': 2, 'learning_rate': 0.03067582737174768}. Best is trial 0 with value: 2045.1781005859375.
[I 2023-12-26 13:19:41,482] Trial 13 finished with value: 5275.44482421875 and parameters: {'gradient_clip_val': 0.3716738209230448, 'hidden_size': 73, 'dropout': 0.4901423158361835, 'hidden_continuous_size': 8, 'attention_head_size': 3, 'learning_rate': 0.02596942635090714}. Best is trial 0 with value: 2045.1781005859375.
[I 2023-12-26 13:19:46,596] Trial 14 finished with value: 8023.78515625 and parameters: {'gradient_clip_val': 0.9459791546679984, 'hidden_size': 69, 'dropout': 0.49497711098934405, 'hidden_continuous_size': 7, 'attention_head_size': 3, 'learning_rate': 0.027972361602966768}. Best is trial 0 with value: 2045.1781005859375.
[I 2023-12-26 13:19:50,182] Trial 15 finished with value: 6457.625 and parameters: {'gradient_clip_val': 0.6512035990154553, 'hidden_size': 41, 'dropout': 0.39363202418753984, 'hidden_continuous_size': 8, 'attention_head_size': 3, 'learning_rate': 0.024858949862799507}. Best is trial 0 with value: 2045.1781005859375.
[I 2023-12-26 13:19:55,345] Trial 16 finished with value: 5501.83642578125 and parameters: {'gradient_clip_val': 0.34165974899905616, 'hidden_size': 72, 'dropout': 0.22272175195094462, 'hidden_continuous_size': 8, 'attention_head_size': 4, 'learning_rate': 0.022032996283819984}. Best is trial 0 with value: 2045.1781005859375.
[I 2023-12-26 13:20:02,711] Trial 17 finished with value: 7512.81787109375 and parameters: {'gradient_clip_val': 0.9939679956583314, 'hidden_size': 97, 'dropout': 0.3538566086036504, 'hidden_continuous_size': 5, 'attention_head_size': 3, 'learning_rate': 0.003979323139780613}. Best is trial 0 with value: 2045.1781005859375.
[I 2023-12-26 13:20:06,775] Trial 18 finished with value: 6544.72705078125 and parameters: {'gradient_clip_val': 0.6740493427784658, 'hidden_size': 45, 'dropout': 0.43401288066779686, 'hidden_continuous_size': 7, 'attention_head_size': 4, 'learning_rate': 0.046187285657100424}. Best is trial 0 with value: 2045.1781005859375.
[I 2023-12-26 13:20:09,896] Trial 19 finished with value: 4843.09228515625 and parameters: {'gradient_clip_val': 0.39098399121399247, 'hidden_size': 30, 'dropout': 0.3824076539683891, 'hidden_continuous_size': 6, 'attention_head_size': 3, 'learning_rate': 0.015928872381642492}. Best is trial 0 with value: 2045.1781005859375.
[I 2023-12-26 13:20:12,734] Trial 20 finished with value: 6997.55126953125 and parameters: {'gradient_clip_val': 0.6912463107361594, 'hidden_size': 26, 'dropout': 0.3470837131064679, 'hidden_continuous_size': 6, 'attention_head_size': 4, 'learning_rate': 0.014058462086390553}. Best is trial 0 with value: 2045.1781005859375.
[I 2023-12-26 13:20:17,542] Trial 21 finished with value: 7402.96484375 and parameters: {'gradient_clip_val': 0.42477634662817654, 'hidden_size': 88, 'dropout': 0.4049135737517846, 'hidden_continuous_size': 10, 'attention_head_size': 3, 'learning_rate': 0.03783909219474037}. Best is trial 0 with value: 2045.1781005859375.
[I 2023-12-26 13:20:20,489] Trial 22 finished with value: 7066.52099609375 and parameters: {'gradient_clip_val': 0.3525214076900445, 'hidden_size': 51, 'dropout': 0.46141360642213647, 'hidden_continuous_size': 7, 'attention_head_size': 3, 'learning_rate': 0.01605743711906355}. Best is trial 0 with value: 2045.1781005859375.
[I 2023-12-26 13:20:24,864] Trial 23 finished with value: 6920.49609375 and parameters: {'gradient_clip_val': 0.3967489937742246, 'hidden_size': 78, 'dropout': 0.4665497837428737, 'hidden_continuous_size': 5, 'attention_head_size': 3, 'learning_rate': 0.022050818531579346}. Best is trial 0 with value: 2045.1781005859375.
[I 2023-12-26 13:20:27,306] Trial 24 finished with value: 7241.23828125 and parameters: {'gradient_clip_val': 0.5668122300055636, 'hidden_size': 34, 'dropout': 0.4993983769317656, 'hidden_continuous_size': 6, 'attention_head_size': 2, 'learning_rate': 0.03922820290821202}. Best is trial 0 with value: 2045.1781005859375.
[I 2023-12-26 13:20:32,906] Trial 25 finished with value: 5247.0908203125 and parameters: {'gradient_clip_val': 0.2949716461832661, 'hidden_size': 95, 'dropout': 0.40857084498452034, 'hidden_continuous_size': 11, 'attention_head_size': 3, 'learning_rate': 0.0694835227749351}. Best is trial 0 with value: 2045.1781005859375.
[I 2023-12-26 13:20:38,527] Trial 26 finished with value: 5427.59619140625 and parameters: {'gradient_clip_val': 0.2935831356262506, 'hidden_size': 95, 'dropout': 0.3768093732095261, 'hidden_continuous_size': 12, 'attention_head_size': 4, 'learning_rate': 0.07109309306279457}. Best is trial 0 with value: 2045.1781005859375.
[I 2023-12-26 13:20:45,358] Trial 27 finished with value: 4962.8447265625 and parameters: {'gradient_clip_val': 0.48497593842050524, 'hidden_size': 111, 'dropout': 0.32742640227016945, 'hidden_continuous_size': 16, 'attention_head_size': 3, 'learning_rate': 0.09989703960264165}. Best is trial 0 with value: 2045.1781005859375.
[I 2023-12-26 13:20:52,311] Trial 28 finished with value: 6811.55615234375 and parameters: {'gradient_clip_val': 0.5078080990343278, 'hidden_size': 118, 'dropout': 0.32491412130737146, 'hidden_continuous_size': 18, 'attention_head_size': 2, 'learning_rate': 0.09718121739277083}. Best is trial 0 with value: 2045.1781005859375.
[I 2023-12-26 13:21:00,529] Trial 29 finished with value: 7079.0078125 and parameters: {'gradient_clip_val': 0.4534921717004728, 'hidden_size': 140, 'dropout': 0.3084463395487605, 'hidden_continuous_size': 16, 'attention_head_size': 3, 'learning_rate': 0.03894605976462124}. Best is trial 0 with value: 2045.1781005859375.
[I 2023-12-26 13:21:03,634] Trial 30 finished with value: 6642.13232421875 and parameters: {'gradient_clip_val': 0.6027121420474023, 'hidden_size': 56, 'dropout': 0.3357259941700025, 'hidden_continuous_size': 14, 'attention_head_size': 4, 'learning_rate': 0.05747222471302462}. Best is trial 0 with value: 2045.1781005859375.
[I 2023-12-26 13:21:09,189] Trial 31 finished with value: 3994.002197265625 and parameters: {'gradient_clip_val': 0.3050267149000477, 'hidden_size': 98, 'dropout': 0.37579044044103793, 'hidden_continuous_size': 10, 'attention_head_size': 3, 'learning_rate': 0.07742075667394484}. Best is trial 0 with value: 2045.1781005859375.
[I 2023-12-26 13:21:17,772] Trial 32 finished with value: 7662.63671875 and parameters: {'gradient_clip_val': 0.7734638835666916, 'hidden_size': 148, 'dropout': 0.3734796528073054, 'hidden_continuous_size': 9, 'attention_head_size': 3, 'learning_rate': 0.09739936917487797}. Best is trial 0 with value: 2045.1781005859375.
[I 2023-12-26 13:21:24,082] Trial 33 finished with value: 6275.806640625 and parameters: {'gradient_clip_val': 0.3302360275470665, 'hidden_size': 107, 'dropout': 0.3794877258582329, 'hidden_continuous_size': 21, 'attention_head_size': 3, 'learning_rate': 0.050935457409427926}. Best is trial 0 with value: 2045.1781005859375.
[I 2023-12-26 13:21:29,067] Trial 34 finished with value: 5179.76806640625 and parameters: {'gradient_clip_val': 0.2575231859697433, 'hidden_size': 87, 'dropout': 0.35082249432424306, 'hidden_continuous_size': 10, 'attention_head_size': 4, 'learning_rate': 0.061916878297614455}. Best is trial 0 with value: 2045.1781005859375.
[I 2023-12-26 13:21:32,368] Trial 35 finished with value: 6511.95849609375 and parameters: {'gradient_clip_val': 0.47992475029786974, 'hidden_size': 59, 'dropout': 0.30731876894621873, 'hidden_continuous_size': 5, 'attention_head_size': 3, 'learning_rate': 0.04763060231189964}. Best is trial 0 with value: 2045.1781005859375.
[I 2023-12-26 13:21:34,454] Trial 36 finished with value: 6623.32177734375 and parameters: {'gradient_clip_val': 0.38814541510440337, 'hidden_size': 17, 'dropout': 0.25549633961277673, 'hidden_continuous_size': 7, 'attention_head_size': 4, 'learning_rate': 0.07658233285651865}. Best is trial 0 with value: 2045.1781005859375.
[I 2023-12-26 13:21:38,003] Trial 37 finished with value: 5777.15576171875 and parameters: {'gradient_clip_val': 0.5518124661588856, 'hidden_size': 63, 'dropout': 0.3292885187154058, 'hidden_continuous_size': 14, 'attention_head_size': 2, 'learning_rate': 0.034746786587478734}. Best is trial 0 with value: 2045.1781005859375.
[I 2023-12-26 13:21:40,465] Trial 38 finished with value: 8318.6025390625 and parameters: {'gradient_clip_val': 0.8420183011757825, 'hidden_size': 40, 'dropout': 0.3610682090844006, 'hidden_continuous_size': 6, 'attention_head_size': 1, 'learning_rate': 0.019421039961747547}. Best is trial 0 with value: 2045.1781005859375.
[I 2023-12-26 13:21:45,054] Trial 39 finished with value: 8155.5859375 and parameters: {'gradient_clip_val': 0.4249821644460957, 'hidden_size': 80, 'dropout': 0.30181151018456726, 'hidden_continuous_size': 9, 'attention_head_size': 4, 'learning_rate': 0.05139011766317417}. Best is trial 0 with value: 2045.1781005859375.
[I 2023-12-26 13:21:48,031] Trial 40 finished with value: 7381.474609375 and parameters: {'gradient_clip_val': 0.7568133217010498, 'hidden_size': 52, 'dropout': 0.39038553067729864, 'hidden_continuous_size': 11, 'attention_head_size': 2, 'learning_rate': 0.008771870594961075}. Best is trial 0 with value: 2045.1781005859375.
[I 2023-12-26 13:21:52,914] Trial 41 finished with value: 6703.275390625 and parameters: {'gradient_clip_val': 0.2549276120905474, 'hidden_size': 85, 'dropout': 0.3520558947800927, 'hidden_continuous_size': 10, 'attention_head_size': 4, 'learning_rate': 0.06602084524438653}. Best is trial 0 with value: 2045.1781005859375.
[I 2023-12-26 13:21:59,791] Trial 42 finished with value: 4667.15380859375 and parameters: {'gradient_clip_val': 0.2588248067864477, 'hidden_size': 117, 'dropout': 0.33926927147678365, 'hidden_continuous_size': 15, 'attention_head_size': 4, 'learning_rate': 0.05777091635801281}. Best is trial 0 with value: 2045.1781005859375.
[I 2023-12-26 13:22:06,861] Trial 43 finished with value: 4630.41845703125 and parameters: {'gradient_clip_val': 0.32011907491966834, 'hidden_size': 118, 'dropout': 0.2704728871933869, 'hidden_continuous_size': 21, 'attention_head_size': 4, 'learning_rate': 0.08111935685674468}. Best is trial 0 with value: 2045.1781005859375.
[I 2023-12-26 13:22:14,121] Trial 44 finished with value: 6213.30224609375 and parameters: {'gradient_clip_val': 0.2623394560756614, 'hidden_size': 122, 'dropout': 0.2688491106904069, 'hidden_continuous_size': 29, 'attention_head_size': 4, 'learning_rate': 0.03102431953048645}. Best is trial 0 with value: 2045.1781005859375.
[I 2023-12-26 13:22:21,718] Trial 45 finished with value: 7310.26513671875 and parameters: {'gradient_clip_val': 0.30892196173570274, 'hidden_size': 126, 'dropout': 0.2307064645149635, 'hidden_continuous_size': 23, 'attention_head_size': 4, 'learning_rate': 0.04326025155731097}. Best is trial 0 with value: 2045.1781005859375.
[I 2023-12-26 13:22:27,790] Trial 46 finished with value: 5527.83447265625 and parameters: {'gradient_clip_val': 0.22800392078201315, 'hidden_size': 102, 'dropout': 0.29197441382028183, 'hidden_continuous_size': 31, 'attention_head_size': 4, 'learning_rate': 0.05542131532184399}. Best is trial 0 with value: 2045.1781005859375.
[I 2023-12-26 13:22:37,328] Trial 47 finished with value: 7612.41796875 and parameters: {'gradient_clip_val': 0.3329234721089441, 'hidden_size': 150, 'dropout': 0.27877414980810405, 'hidden_continuous_size': 14, 'attention_head_size': 4, 'learning_rate': 0.03143480323626264}. Best is trial 0 with value: 2045.1781005859375.
[I 2023-12-26 13:22:43,017] Trial 48 finished with value: 5044.70751953125 and parameters: {'gradient_clip_val': 0.19800867858127152, 'hidden_size': 63, 'dropout': 0.42733739394393216, 'hidden_continuous_size': 18, 'attention_head_size': 4, 'learning_rate': 0.08112168408066348}. Best is trial 0 with value: 2045.1781005859375.
[I 2023-12-26 13:22:48,748] Trial 49 finished with value: 5543.94091796875 and parameters: {'gradient_clip_val': 0.367690119112521, 'hidden_size': 77, 'dropout': 0.3162379371274416, 'hidden_continuous_size': 21, 'attention_head_size': 4, 'learning_rate': 0.01152179725106435}. Best is trial 0 with value: 2045.1781005859375.
[I 2023-12-26 13:22:48,873] A new study created in memory with name: no-name-5d62fbd0-6db9-4d17-9fab-b65b771ac67c
/home/le004/conda/anaconda3/envs/tsff_env/lib/python3.9/site-packages/lightning/fabric/plugins/environments/slurm.py:191: The `srun` command is available on your system but is not used. HINT: If your intention is to run Lightning on SLURM, prepend your python command with `srun` like so: srun python /home/le004/master_thesis/git/TSFusionForecast/code/ ...
[I 2023-12-26 13:24:55,449] Trial 0 finished with value: 109.19244384765625 and parameters: {'gradient_clip_val': 0.26099874977573057, 'hidden_size': 5, 'dropout': 0.16195354062239292, 'hidden_continuous_size': 5, 'attention_head_size': 4, 'learning_rate': 0.057641999630815635}. Best is trial 0 with value: 109.19244384765625.
[I 2023-12-26 13:24:57,691] Trial 1 finished with value: 264.4026794433594 and parameters: {'gradient_clip_val': 0.36872331026968747, 'hidden_size': 25, 'dropout': 0.3058676358200395, 'hidden_continuous_size': 10, 'attention_head_size': 2, 'learning_rate': 0.0069883228378208526}. Best is trial 0 with value: 109.19244384765625.
[I 2023-12-26 13:24:59,348] Trial 2 finished with value: 323.5806579589844 and parameters: {'gradient_clip_val': 0.16459818928000186, 'hidden_size': 5, 'dropout': 0.1950795873414295, 'hidden_continuous_size': 5, 'attention_head_size': 1, 'learning_rate': 0.023978033544193294}. Best is trial 0 with value: 109.19244384765625.
[I 2023-12-26 13:25:03,206] Trial 3 finished with value: 236.1513671875 and parameters: {'gradient_clip_val': 0.13270590134634053, 'hidden_size': 64, 'dropout': 0.2754197990483326, 'hidden_continuous_size': 63, 'attention_head_size': 3, 'learning_rate': 0.022491293845348776}. Best is trial 0 with value: 109.19244384765625.
[I 2023-12-26 13:25:06,083] Trial 4 finished with value: 182.97877502441406 and parameters: {'gradient_clip_val': 0.23926784917121835, 'hidden_size': 47, 'dropout': 0.2877667519968719, 'hidden_continuous_size': 5, 'attention_head_size': 3, 'learning_rate': 0.020774572030537054}. Best is trial 0 with value: 109.19244384765625.
[I 2023-12-26 13:25:08,156] Trial 5 finished with value: 246.594482421875 and parameters: {'gradient_clip_val': 0.19933282507618583, 'hidden_size': 13, 'dropout': 0.26045176568239936, 'hidden_continuous_size': 12, 'attention_head_size': 3, 'learning_rate': 0.02010659296241415}. Best is trial 0 with value: 109.19244384765625.
[I 2023-12-26 13:25:15,997] Trial 6 finished with value: 276.0143737792969 and parameters: {'gradient_clip_val': 0.5880841058535832, 'hidden_size': 130, 'dropout': 0.1959507422702032, 'hidden_continuous_size': 11, 'attention_head_size': 3, 'learning_rate': 0.010285914381474132}. Best is trial 0 with value: 109.19244384765625.
[I 2023-12-26 13:25:19,561] Trial 7 finished with value: 306.30810546875 and parameters: {'gradient_clip_val': 0.8672507552177663, 'hidden_size': 65, 'dropout': 0.4334352092966357, 'hidden_continuous_size': 24, 'attention_head_size': 1, 'learning_rate': 0.014341966760865084}. Best is trial 0 with value: 109.19244384765625.
[I 2023-12-26 13:25:21,462] Trial 8 finished with value: 251.83837890625 and parameters: {'gradient_clip_val': 0.2293966880240108, 'hidden_size': 16, 'dropout': 0.26300971592128586, 'hidden_continuous_size': 13, 'attention_head_size': 1, 'learning_rate': 0.08102412925862953}. Best is trial 0 with value: 109.19244384765625.
[I 2023-12-26 13:25:23,410] Trial 9 finished with value: 277.6702880859375 and parameters: {'gradient_clip_val': 0.2359891922005187, 'hidden_size': 12, 'dropout': 0.17750816506689968, 'hidden_continuous_size': 9, 'attention_head_size': 1, 'learning_rate': 0.031344652666046836}. Best is trial 0 with value: 109.19244384765625.
[I 2023-12-26 13:25:25,173] Trial 10 finished with value: 227.4853515625 and parameters: {'gradient_clip_val': 0.10037125271617038, 'hidden_size': 5, 'dropout': 0.11743434783244316, 'hidden_continuous_size': 5, 'attention_head_size': 4, 'learning_rate': 0.0015524285349453875}. Best is trial 0 with value: 109.19244384765625.
[I 2023-12-26 13:25:27,735] Trial 11 finished with value: 328.4015808105469 and parameters: {'gradient_clip_val': 0.3274541230406226, 'hidden_size': 37, 'dropout': 0.10925553385881634, 'hidden_continuous_size': 5, 'attention_head_size': 4, 'learning_rate': 0.05638551189269002}. Best is trial 0 with value: 109.19244384765625.
[I 2023-12-26 13:25:29,711] Trial 12 finished with value: 206.53309631347656 and parameters: {'gradient_clip_val': 0.39451266776382954, 'hidden_size': 9, 'dropout': 0.3448704305702886, 'hidden_continuous_size': 5, 'attention_head_size': 4, 'learning_rate': 0.09980057480871325}. Best is trial 0 with value: 109.19244384765625.
