[I 2023-12-15 12:13:13,983] Trial 15 finished with value: 180.80706787109375 and parameters: {'gradient_clip_val': 0.48639971705717533, 'hidden_size': 8, 'dropout': 0.2702385824044795, 'hidden_continuous_size': 5, 'attention_head_size': 1, 'learning_rate': 0.006473721241329586}. Best is trial 12 with value: 113.55331420898438.
LOCAL_RANK: 0 - CUDA_VISIBLE_DEVICES: [0]
[I 2023-12-15 12:13:48,694] Trial 16 finished with value: 134.65130615234375 and parameters: {'gradient_clip_val': 0.2466738426174214, 'hidden_size': 5, 'dropout': 0.39893871629689526, 'hidden_continuous_size': 5, 'attention_head_size': 4, 'learning_rate': 0.009461677121019734}. Best is trial 12 with value: 113.55331420898438.
LOCAL_RANK: 0 - CUDA_VISIBLE_DEVICES: [0]
[I 2023-12-15 12:14:23,102] Trial 17 finished with value: 117.64925384521484 and parameters: {'gradient_clip_val': 0.23478350964452124, 'hidden_size': 5, 'dropout': 0.3085771225566576, 'hidden_continuous_size': 5, 'attention_head_size': 4, 'learning_rate': 0.058446250827456026}. Best is trial 12 with value: 113.55331420898438.
LOCAL_RANK: 0 - CUDA_VISIBLE_DEVICES: [0]
[I 2023-12-15 12:15:09,218] Trial 18 finished with value: 184.36474609375 and parameters: {'gradient_clip_val': 0.2178778594504267, 'hidden_size': 10, 'dropout': 0.22068655248819874, 'hidden_continuous_size': 6, 'attention_head_size': 4, 'learning_rate': 0.05476020027652253}. Best is trial 12 with value: 113.55331420898438.
LOCAL_RANK: 0 - CUDA_VISIBLE_DEVICES: [0]
[I 2023-12-15 12:15:54,527] Trial 19 finished with value: 158.9774932861328 and parameters: {'gradient_clip_val': 0.1713522954833643, 'hidden_size': 9, 'dropout': 0.3157949767593027, 'hidden_continuous_size': 6, 'attention_head_size': 3, 'learning_rate': 0.05894095494564322}. Best is trial 12 with value: 113.55331420898438.
LOCAL_RANK: 0 - CUDA_VISIBLE_DEVICES: [0]
[I 2023-12-15 12:16:40,412] Trial 20 finished with value: 233.1438751220703 and parameters: {'gradient_clip_val': 0.2957492299726065, 'hidden_size': 6, 'dropout': 0.29560989596904413, 'hidden_continuous_size': 5, 'attention_head_size': 4, 'learning_rate': 0.056614040250773406}. Best is trial 12 with value: 113.55331420898438.
LOCAL_RANK: 0 - CUDA_VISIBLE_DEVICES: [0]
[I 2023-12-15 12:17:14,642] Trial 21 finished with value: 145.83258056640625 and parameters: {'gradient_clip_val': 0.24174353949167365, 'hidden_size': 5, 'dropout': 0.39877270978028134, 'hidden_continuous_size': 5, 'attention_head_size': 4, 'learning_rate': 0.012881130281428364}. Best is trial 12 with value: 113.55331420898438.
LOCAL_RANK: 0 - CUDA_VISIBLE_DEVICES: [0]
[I 2023-12-15 12:17:49,044] Trial 22 finished with value: 142.50486755371094 and parameters: {'gradient_clip_val': 0.24850767111696004, 'hidden_size': 5, 'dropout': 0.3457487388710432, 'hidden_continuous_size': 5, 'attention_head_size': 4, 'learning_rate': 0.022906916631427063}. Best is trial 12 with value: 113.55331420898438.
LOCAL_RANK: 0 - CUDA_VISIBLE_DEVICES: [0]
[I 2023-12-15 12:18:34,432] Trial 23 finished with value: 158.79751586914062 and parameters: {'gradient_clip_val': 0.19650891487755529, 'hidden_size': 7, 'dropout': 0.31734212324390415, 'hidden_continuous_size': 5, 'attention_head_size': 3, 'learning_rate': 0.010721055108085327}. Best is trial 12 with value: 113.55331420898438.
LOCAL_RANK: 0 - CUDA_VISIBLE_DEVICES: [0]
[I 2023-12-15 12:19:20,312] Trial 24 finished with value: 164.16957092285156 and parameters: {'gradient_clip_val': 0.2526078779306132, 'hidden_size': 11, 'dropout': 0.26496061496799095, 'hidden_continuous_size': 6, 'attention_head_size': 4, 'learning_rate': 0.01854970709186244}. Best is trial 12 with value: 113.55331420898438.
LOCAL_RANK: 0 - CUDA_VISIBLE_DEVICES: [0]
[I 2023-12-15 12:20:05,736] Trial 25 finished with value: 108.77680206298828 and parameters: {'gradient_clip_val': 0.14180687968905525, 'hidden_size': 6, 'dropout': 0.37692396006151724, 'hidden_continuous_size': 5, 'attention_head_size': 4, 'learning_rate': 0.04258089034626009}. Best is trial 25 with value: 108.77680206298828.
LOCAL_RANK: 0 - CUDA_VISIBLE_DEVICES: [0]
[I 2023-12-15 12:20:50,803] Trial 26 finished with value: 128.24342346191406 and parameters: {'gradient_clip_val': 0.13637100945075983, 'hidden_size': 7, 'dropout': 0.3681105655610848, 'hidden_continuous_size': 5, 'attention_head_size': 3, 'learning_rate': 0.04075803951889701}. Best is trial 25 with value: 108.77680206298828.
LOCAL_RANK: 0 - CUDA_VISIBLE_DEVICES: [0]
[I 2023-12-15 12:21:37,711] Trial 27 finished with value: 210.2651824951172 and parameters: {'gradient_clip_val': 0.14106401559788967, 'hidden_size': 17, 'dropout': 0.33134433691591864, 'hidden_continuous_size': 7, 'attention_head_size': 4, 'learning_rate': 0.06933659501855834}. Best is trial 25 with value: 108.77680206298828.
LOCAL_RANK: 0 - CUDA_VISIBLE_DEVICES: [0]
[I 2023-12-15 12:22:23,452] Trial 28 finished with value: 174.9832000732422 and parameters: {'gradient_clip_val': 0.19322269636759137, 'hidden_size': 9, 'dropout': 0.2851853344273337, 'hidden_continuous_size': 6, 'attention_head_size': 3, 'learning_rate': 0.04083035662077354}. Best is trial 25 with value: 108.77680206298828.
LOCAL_RANK: 0 - CUDA_VISIBLE_DEVICES: [0]
[I 2023-12-15 12:23:08,929] Trial 29 finished with value: 227.5090789794922 and parameters: {'gradient_clip_val': 0.17421340173440186, 'hidden_size': 6, 'dropout': 0.230246139746551, 'hidden_continuous_size': 5, 'attention_head_size': 4, 'learning_rate': 0.07880700017723012}. Best is trial 25 with value: 108.77680206298828.
LOCAL_RANK: 0 - CUDA_VISIBLE_DEVICES: [0]
[I 2023-12-15 12:23:54,647] Trial 30 finished with value: 183.5012664794922 and parameters: {'gradient_clip_val': 0.1283386612599766, 'hidden_size': 11, 'dropout': 0.3759822391205667, 'hidden_continuous_size': 6, 'attention_head_size': 3, 'learning_rate': 0.04876696816471423}. Best is trial 25 with value: 108.77680206298828.
LOCAL_RANK: 0 - CUDA_VISIBLE_DEVICES: [0]
[I 2023-12-15 12:24:39,644] Trial 31 finished with value: 237.4161376953125 and parameters: {'gradient_clip_val': 0.1523601576956029, 'hidden_size': 7, 'dropout': 0.3691945429651826, 'hidden_continuous_size': 5, 'attention_head_size': 3, 'learning_rate': 0.041333878113216246}. Best is trial 25 with value: 108.77680206298828.
LOCAL_RANK: 0 - CUDA_VISIBLE_DEVICES: [0]
[I 2023-12-15 12:25:24,950] Trial 32 finished with value: 134.5253143310547 and parameters: {'gradient_clip_val': 0.1293447671288957, 'hidden_size': 6, 'dropout': 0.3359277168796228, 'hidden_continuous_size': 5, 'attention_head_size': 3, 'learning_rate': 0.026646594531039385}. Best is trial 25 with value: 108.77680206298828.
LOCAL_RANK: 0 - CUDA_VISIBLE_DEVICES: [0]
[I 2023-12-15 12:26:09,538] Trial 33 finished with value: 215.83226013183594 and parameters: {'gradient_clip_val': 0.17404852055972056, 'hidden_size': 8, 'dropout': 0.3527294702736592, 'hidden_continuous_size': 5, 'attention_head_size': 4, 'learning_rate': 0.07833843110912353}. Best is trial 25 with value: 108.77680206298828.
LOCAL_RANK: 0 - CUDA_VISIBLE_DEVICES: [0]
[I 2023-12-15 12:26:54,704] Trial 34 finished with value: 178.4419403076172 and parameters: {'gradient_clip_val': 0.14877037366700796, 'hidden_size': 6, 'dropout': 0.37314912114429144, 'hidden_continuous_size': 5, 'attention_head_size': 3, 'learning_rate': 0.03649549896674257}. Best is trial 25 with value: 108.77680206298828.
LOCAL_RANK: 0 - CUDA_VISIBLE_DEVICES: [0]
[I 2023-12-15 12:27:28,253] Trial 35 finished with value: 138.1715850830078 and parameters: {'gradient_clip_val': 0.12149101024290727, 'hidden_size': 5, 'dropout': 0.3159906013628983, 'hidden_continuous_size': 5, 'attention_head_size': 2, 'learning_rate': 0.049681232860648177}. Best is trial 25 with value: 108.77680206298828.
LOCAL_RANK: 0 - CUDA_VISIBLE_DEVICES: [0]
[I 2023-12-15 12:28:13,749] Trial 36 finished with value: 319.0705261230469 and parameters: {'gradient_clip_val': 0.10791795990379106, 'hidden_size': 7, 'dropout': 0.2005890220660007, 'hidden_continuous_size': 5, 'attention_head_size': 4, 'learning_rate': 0.023735497844326922}. Best is trial 25 with value: 108.77680206298828.
LOCAL_RANK: 0 - CUDA_VISIBLE_DEVICES: [0]
[I 2023-12-15 12:29:00,462] Trial 37 finished with value: 210.88230895996094 and parameters: {'gradient_clip_val': 0.14299927522965467, 'hidden_size': 18, 'dropout': 0.33482524773846595, 'hidden_continuous_size': 7, 'attention_head_size': 2, 'learning_rate': 0.032295660757578254}. Best is trial 25 with value: 108.77680206298828.
LOCAL_RANK: 0 - CUDA_VISIBLE_DEVICES: [0]
[I 2023-12-15 12:29:45,875] Trial 38 finished with value: 344.6011657714844 and parameters: {'gradient_clip_val': 0.16236317115457982, 'hidden_size': 9, 'dropout': 0.17509795822691487, 'hidden_continuous_size': 6, 'attention_head_size': 3, 'learning_rate': 0.0656511862119827}. Best is trial 25 with value: 108.77680206298828.
LOCAL_RANK: 0 - CUDA_VISIBLE_DEVICES: [0]
[I 2023-12-15 12:30:30,067] Trial 39 finished with value: 124.6414794921875 and parameters: {'gradient_clip_val': 0.19761484316081018, 'hidden_size': 6, 'dropout': 0.11920698044591568, 'hidden_continuous_size': 5, 'attention_head_size': 1, 'learning_rate': 0.015573892537466182}. Best is trial 25 with value: 108.77680206298828.
LOCAL_RANK: 0 - CUDA_VISIBLE_DEVICES: [0]
[I 2023-12-15 12:31:18,441] Trial 40 finished with value: 265.55975341796875 and parameters: {'gradient_clip_val': 0.22274272064059683, 'hidden_size': 26, 'dropout': 0.1173558593495309, 'hidden_continuous_size': 8, 'attention_head_size': 1, 'learning_rate': 0.015441499528511387}. Best is trial 25 with value: 108.77680206298828.
LOCAL_RANK: 0 - CUDA_VISIBLE_DEVICES: [0]
[I 2023-12-15 12:31:51,987] Trial 41 finished with value: 215.0071563720703 and parameters: {'gradient_clip_val': 0.193843078013439, 'hidden_size': 5, 'dropout': 0.12043777957408607, 'hidden_continuous_size': 5, 'attention_head_size': 2, 'learning_rate': 0.04179832479158722}. Best is trial 25 with value: 108.77680206298828.
LOCAL_RANK: 0 - CUDA_VISIBLE_DEVICES: [0]
[I 2023-12-15 12:32:36,292] Trial 42 finished with value: 270.1963806152344 and parameters: {'gradient_clip_val': 0.13252645816771133, 'hidden_size': 6, 'dropout': 0.10418843698480001, 'hidden_continuous_size': 5, 'attention_head_size': 1, 'learning_rate': 0.029798824928368734}. Best is trial 25 with value: 108.77680206298828.
LOCAL_RANK: 0 - CUDA_VISIBLE_DEVICES: [0]
[I 2023-12-15 12:33:21,335] Trial 43 finished with value: 190.342529296875 and parameters: {'gradient_clip_val': 0.1607364131437759, 'hidden_size': 7, 'dropout': 0.1499983549056055, 'hidden_continuous_size': 5, 'attention_head_size': 1, 'learning_rate': 0.021106095178896774}. Best is trial 25 with value: 108.77680206298828.
LOCAL_RANK: 0 - CUDA_VISIBLE_DEVICES: [0]
[I 2023-12-15 12:34:05,535] Trial 44 finished with value: 326.9953918457031 and parameters: {'gradient_clip_val': 0.1941929621442961, 'hidden_size': 6, 'dropout': 0.13617804354909205, 'hidden_continuous_size': 5, 'attention_head_size': 1, 'learning_rate': 0.07673868329065035}. Best is trial 25 with value: 108.77680206298828.
LOCAL_RANK: 0 - CUDA_VISIBLE_DEVICES: [0]
[I 2023-12-15 12:34:49,341] Trial 45 finished with value: 188.6007843017578 and parameters: {'gradient_clip_val': 0.11762835906798275, 'hidden_size': 8, 'dropout': 0.168313402632368, 'hidden_continuous_size': 5, 'attention_head_size': 2, 'learning_rate': 0.03295939911801105}. Best is trial 25 with value: 108.77680206298828.
LOCAL_RANK: 0 - CUDA_VISIBLE_DEVICES: [0]
[I 2023-12-15 12:35:22,325] Trial 46 finished with value: 169.2477264404297 and parameters: {'gradient_clip_val': 0.3455021274823135, 'hidden_size': 5, 'dropout': 0.3876423772706105, 'hidden_continuous_size': 5, 'attention_head_size': 1, 'learning_rate': 0.047348131321292196}. Best is trial 25 with value: 108.77680206298828.
LOCAL_RANK: 0 - CUDA_VISIBLE_DEVICES: [0]
[I 2023-12-15 12:36:06,347] Trial 47 finished with value: 199.8819122314453 and parameters: {'gradient_clip_val': 0.2800093948103504, 'hidden_size': 12, 'dropout': 0.3681929129213162, 'hidden_continuous_size': 6, 'attention_head_size': 2, 'learning_rate': 0.09523742153031306}. Best is trial 25 with value: 108.77680206298828.
LOCAL_RANK: 0 - CUDA_VISIBLE_DEVICES: [0]
[I 2023-12-15 12:36:50,901] Trial 48 finished with value: 128.41815185546875 and parameters: {'gradient_clip_val': 0.3234492906572629, 'hidden_size': 10, 'dropout': 0.38777627813609744, 'hidden_continuous_size': 6, 'attention_head_size': 1, 'learning_rate': 0.0611206080281837}. Best is trial 25 with value: 108.77680206298828.
LOCAL_RANK: 0 - CUDA_VISIBLE_DEVICES: [0]
[I 2023-12-15 12:37:36,935] Trial 49 finished with value: 115.25604248046875 and parameters: {'gradient_clip_val': 0.14985869053060177, 'hidden_size': 7, 'dropout': 0.34954208944964715, 'hidden_continuous_size': 5, 'attention_head_size': 4, 'learning_rate': 0.02676780332078678}. Best is trial 25 with value: 108.77680206298828.
[I 2023-12-15 12:37:37,030] A new study created in memory with name: no-name-d921eb94-18d1-4c3e-a0cf-d9f2de2ffd74
/home/le004/conda/anaconda3/envs/tsff_env/lib/python3.9/site-packages/lightning/fabric/plugins/environments/slurm.py:191: The `srun` command is available on your system but is not used. HINT: If your intention is to run Lightning on SLURM, prepend your python command with `srun` like so: srun python /home/le004/master_thesis/git/TSFusionForecast/code/ ...
LOCAL_RANK: 0 - CUDA_VISIBLE_DEVICES: [0]
[I 2023-12-15 12:38:22,412] Trial 0 finished with value: 293.295166015625 and parameters: {'gradient_clip_val': 0.4220690163108619, 'hidden_size': 11, 'dropout': 0.3392342937535284, 'hidden_continuous_size': 5, 'attention_head_size': 3, 'learning_rate': 0.02332772902679528}. Best is trial 0 with value: 293.295166015625.
LOCAL_RANK: 0 - CUDA_VISIBLE_DEVICES: [0]
[I 2023-12-15 12:39:07,881] Trial 1 finished with value: 165.8710479736328 and parameters: {'gradient_clip_val': 0.7163492208809135, 'hidden_size': 9, 'dropout': 0.16249575576762754, 'hidden_continuous_size': 5, 'attention_head_size': 3, 'learning_rate': 0.003508206794541382}. Best is trial 1 with value: 165.8710479736328.
LOCAL_RANK: 0 - CUDA_VISIBLE_DEVICES: [0]
[I 2023-12-15 12:40:01,421] Trial 2 finished with value: 122.6933822631836 and parameters: {'gradient_clip_val': 0.10135111464353441, 'hidden_size': 41, 'dropout': 0.18284135914633864, 'hidden_continuous_size': 33, 'attention_head_size': 4, 'learning_rate': 0.008267190337681085}. Best is trial 2 with value: 122.6933822631836.
LOCAL_RANK: 0 - CUDA_VISIBLE_DEVICES: [0]
[I 2023-12-15 12:40:35,049] Trial 3 finished with value: 169.9776153564453 and parameters: {'gradient_clip_val': 0.34423871162933256, 'hidden_size': 5, 'dropout': 0.24398532476998727, 'hidden_continuous_size': 5, 'attention_head_size': 2, 'learning_rate': 0.0059375150936352775}. Best is trial 2 with value: 122.6933822631836.
LOCAL_RANK: 0 - CUDA_VISIBLE_DEVICES: [0]
[I 2023-12-15 12:41:09,400] Trial 4 finished with value: 166.30868530273438 and parameters: {'gradient_clip_val': 0.10181134281996494, 'hidden_size': 5, 'dropout': 0.19917439906366807, 'hidden_continuous_size': 5, 'attention_head_size': 4, 'learning_rate': 0.031160854136493662}. Best is trial 2 with value: 122.6933822631836.
LOCAL_RANK: 0 - CUDA_VISIBLE_DEVICES: [0]
[I 2023-12-15 12:41:54,124] Trial 5 finished with value: 116.42138671875 and parameters: {'gradient_clip_val': 0.4255655301783237, 'hidden_size': 7, 'dropout': 0.3901952294861296, 'hidden_continuous_size': 6, 'attention_head_size': 1, 'learning_rate': 0.08018391509803038}. Best is trial 5 with value: 116.42138671875.
LOCAL_RANK: 0 - CUDA_VISIBLE_DEVICES: [0]
[I 2023-12-15 12:42:50,873] Trial 6 finished with value: 150.66859436035156 and parameters: {'gradient_clip_val': 0.8223454048510551, 'hidden_size': 99, 'dropout': 0.2369255284303076, 'hidden_continuous_size': 40, 'attention_head_size': 4, 'learning_rate': 0.004898640845221713}. Best is trial 5 with value: 116.42138671875.
LOCAL_RANK: 0 - CUDA_VISIBLE_DEVICES: [0]
[I 2023-12-15 12:43:35,501] Trial 7 finished with value: 369.6831970214844 and parameters: {'gradient_clip_val': 0.19981144677576232, 'hidden_size': 8, 'dropout': 0.1889354804759904, 'hidden_continuous_size': 6, 'attention_head_size': 4, 'learning_rate': 0.000596925060148192}. Best is trial 5 with value: 116.42138671875.
LOCAL_RANK: 0 - CUDA_VISIBLE_DEVICES: [0]
[I 2023-12-15 12:44:28,206] Trial 8 finished with value: 400.9544982910156 and parameters: {'gradient_clip_val': 0.4127013142243074, 'hidden_size': 58, 'dropout': 0.23836365348088304, 'hidden_continuous_size': 16, 'attention_head_size': 1, 'learning_rate': 0.0391347564779455}. Best is trial 5 with value: 116.42138671875.
LOCAL_RANK: 0 - CUDA_VISIBLE_DEVICES: [0]
[I 2023-12-15 12:45:02,255] Trial 9 finished with value: 163.4777069091797 and parameters: {'gradient_clip_val': 0.24127396839931223, 'hidden_size': 6, 'dropout': 0.19844360224756713, 'hidden_continuous_size': 6, 'attention_head_size': 3, 'learning_rate': 0.0023465766700621177}. Best is trial 5 with value: 116.42138671875.
LOCAL_RANK: 0 - CUDA_VISIBLE_DEVICES: [0]
[I 2023-12-15 12:45:47,536] Trial 10 finished with value: 131.12045288085938 and parameters: {'gradient_clip_val': 0.5598686566561973, 'hidden_size': 14, 'dropout': 0.395477065816152, 'hidden_continuous_size': 7, 'attention_head_size': 1, 'learning_rate': 0.08860044147006914}. Best is trial 5 with value: 116.42138671875.
LOCAL_RANK: 0 - CUDA_VISIBLE_DEVICES: [0]
[I 2023-12-15 12:46:36,656] Trial 11 finished with value: 140.00558471679688 and parameters: {'gradient_clip_val': 0.10074921916279228, 'hidden_size': 27, 'dropout': 0.12126306306078222, 'hidden_continuous_size': 9, 'attention_head_size': 2, 'learning_rate': 0.01330512542316486}. Best is trial 5 with value: 116.42138671875.
LOCAL_RANK: 0 - CUDA_VISIBLE_DEVICES: [0]
[I 2023-12-15 12:47:24,352] Trial 12 finished with value: 170.54248046875 and parameters: {'gradient_clip_val': 0.15972464201344203, 'hidden_size': 24, 'dropout': 0.2995049715898187, 'hidden_continuous_size': 13, 'attention_head_size': 2, 'learning_rate': 0.06854879432036219}. Best is trial 5 with value: 116.42138671875.
LOCAL_RANK: 0 - CUDA_VISIBLE_DEVICES: [0]
[I 2023-12-15 12:48:08,907] Trial 13 finished with value: 131.2913360595703 and parameters: {'gradient_clip_val': 0.2950829400555782, 'hidden_size': 16, 'dropout': 0.2914839464051345, 'hidden_continuous_size': 9, 'attention_head_size': 1, 'learning_rate': 0.014006923462730015}. Best is trial 5 with value: 116.42138671875.
LOCAL_RANK: 0 - CUDA_VISIBLE_DEVICES: [0]
[I 2023-12-15 12:49:01,395] Trial 14 finished with value: 141.26123046875 and parameters: {'gradient_clip_val': 0.14926707353054222, 'hidden_size': 37, 'dropout': 0.38779698834984705, 'hidden_continuous_size': 22, 'attention_head_size': 3, 'learning_rate': 0.08777054075770323}. Best is trial 5 with value: 116.42138671875.
LOCAL_RANK: 0 - CUDA_VISIBLE_DEVICES: [0]
[I 2023-12-15 12:49:45,690] Trial 15 finished with value: 130.2660675048828 and parameters: {'gradient_clip_val': 0.9590089624703668, 'hidden_size': 16, 'dropout': 0.10472067214017808, 'hidden_continuous_size': 7, 'attention_head_size': 2, 'learning_rate': 0.014654696961026224}. Best is trial 5 with value: 116.42138671875.
LOCAL_RANK: 0 - CUDA_VISIBLE_DEVICES: [0]
[I 2023-12-15 12:50:37,231] Trial 16 finished with value: 154.46530151367188 and parameters: {'gradient_clip_val': 0.5210556526311628, 'hidden_size': 34, 'dropout': 0.3344832289397238, 'hidden_continuous_size': 23, 'attention_head_size': 1, 'learning_rate': 0.035585649813929136}. Best is trial 5 with value: 116.42138671875.
LOCAL_RANK: 0 - CUDA_VISIBLE_DEVICES: [0]
[I 2023-12-15 12:51:25,282] Trial 17 finished with value: 209.16212463378906 and parameters: {'gradient_clip_val': 0.22905218733186147, 'hidden_size': 20, 'dropout': 0.27491470089699394, 'hidden_continuous_size': 10, 'attention_head_size': 4, 'learning_rate': 0.009121997790812606}. Best is trial 5 with value: 116.42138671875.
LOCAL_RANK: 0 - CUDA_VISIBLE_DEVICES: [0]
[I 2023-12-15 12:52:10,503] Trial 18 finished with value: 181.253662109375 and parameters: {'gradient_clip_val': 0.3279346739292889, 'hidden_size': 7, 'dropout': 0.35451041758298957, 'hidden_continuous_size': 5, 'attention_head_size': 3, 'learning_rate': 0.05185697397934676}. Best is trial 5 with value: 116.42138671875.
LOCAL_RANK: 0 - CUDA_VISIBLE_DEVICES: [0]
[I 2023-12-15 12:52:55,823] Trial 19 finished with value: 110.27618408203125 and parameters: {'gradient_clip_val': 0.12996972932470602, 'hidden_size': 11, 'dropout': 0.31182714961556746, 'hidden_continuous_size': 6, 'attention_head_size': 2, 'learning_rate': 0.02223398604213922}. Best is trial 19 with value: 110.27618408203125.
LOCAL_RANK: 0 - CUDA_VISIBLE_DEVICES: [0]
[I 2023-12-15 12:53:40,413] Trial 20 finished with value: 229.101318359375 and parameters: {'gradient_clip_val': 0.2821708434674915, 'hidden_size': 10, 'dropout': 0.3667529517341824, 'hidden_continuous_size': 6, 'attention_head_size': 1, 'learning_rate': 0.05252889278450349}. Best is trial 19 with value: 110.27618408203125.
LOCAL_RANK: 0 - CUDA_VISIBLE_DEVICES: [0]
[I 2023-12-15 12:54:24,201] Trial 21 finished with value: 117.23941802978516 and parameters: {'gradient_clip_val': 0.12786102264651558, 'hidden_size': 8, 'dropout': 0.3065917995581104, 'hidden_continuous_size': 6, 'attention_head_size': 2, 'learning_rate': 0.021250693369723496}. Best is trial 19 with value: 110.27618408203125.
LOCAL_RANK: 0 - CUDA_VISIBLE_DEVICES: [0]
[I 2023-12-15 12:55:09,214] Trial 22 finished with value: 148.16725158691406 and parameters: {'gradient_clip_val': 0.13650746461493446, 'hidden_size': 7, 'dropout': 0.3171520901721336, 'hidden_continuous_size': 6, 'attention_head_size': 2, 'learning_rate': 0.023353595578146168}. Best is trial 19 with value: 110.27618408203125.
LOCAL_RANK: 0 - CUDA_VISIBLE_DEVICES: [0]
