[I 2023-12-26 15:02:12,625] Trial 49 finished with value: 110783.5625 and parameters: {'gradient_clip_val': 0.1453761949187773, 'hidden_size': 15, 'dropout': 0.2739504406980388, 'hidden_continuous_size': 7, 'attention_head_size': 2, 'learning_rate': 0.002220357266745328}. Best is trial 0 with value: 25343.654296875.
[I 2023-12-26 15:02:12,749] A new study created in memory with name: no-name-5fd22162-b1f3-442e-8669-01dbee06347f
/home/le004/conda/anaconda3/envs/tsff_env/lib/python3.9/site-packages/lightning/fabric/plugins/environments/slurm.py:191: The `srun` command is available on your system but is not used. HINT: If your intention is to run Lightning on SLURM, prepend your python command with `srun` like so: srun python /home/le004/master_thesis/git/TSFusionForecast/code/ ...
[I 2023-12-26 15:04:58,192] Trial 0 finished with value: 186.7703094482422 and parameters: {'gradient_clip_val': 0.3916893945576553, 'hidden_size': 6, 'dropout': 0.3652592622901889, 'hidden_continuous_size': 6, 'attention_head_size': 3, 'learning_rate': 0.00910384946454761}. Best is trial 0 with value: 186.7703094482422.
[I 2023-12-26 15:05:08,644] Trial 1 finished with value: 375.7826843261719 and parameters: {'gradient_clip_val': 0.3687353021214766, 'hidden_size': 133, 'dropout': 0.14934849038536202, 'hidden_continuous_size': 12, 'attention_head_size': 2, 'learning_rate': 0.03078752770720514}. Best is trial 0 with value: 186.7703094482422.
[I 2023-12-26 15:05:10,900] Trial 2 finished with value: 498.7396545410156 and parameters: {'gradient_clip_val': 0.1423017058051564, 'hidden_size': 9, 'dropout': 0.2981437741257408, 'hidden_continuous_size': 5, 'attention_head_size': 2, 'learning_rate': 0.0829313445032149}. Best is trial 0 with value: 186.7703094482422.
[I 2023-12-26 15:05:22,150] Trial 3 finished with value: 527.2869873046875 and parameters: {'gradient_clip_val': 0.580460406277769, 'hidden_size': 141, 'dropout': 0.4659028723482893, 'hidden_continuous_size': 11, 'attention_head_size': 1, 'learning_rate': 0.0008487204370547615}. Best is trial 0 with value: 186.7703094482422.
[I 2023-12-26 15:05:24,137] Trial 4 finished with value: 491.6637268066406 and parameters: {'gradient_clip_val': 0.5483469515210864, 'hidden_size': 7, 'dropout': 0.4939384062008704, 'hidden_continuous_size': 7, 'attention_head_size': 3, 'learning_rate': 0.047484316479720894}. Best is trial 0 with value: 186.7703094482422.
[I 2023-12-26 15:05:27,258] Trial 5 finished with value: 478.3421325683594 and parameters: {'gradient_clip_val': 0.12099193478151159, 'hidden_size': 31, 'dropout': 0.4254901800962929, 'hidden_continuous_size': 22, 'attention_head_size': 2, 'learning_rate': 0.00631701239310978}. Best is trial 0 with value: 186.7703094482422.
[I 2023-12-26 15:05:29,444] Trial 6 finished with value: 422.2066955566406 and parameters: {'gradient_clip_val': 0.1743885697669554, 'hidden_size': 6, 'dropout': 0.32525068788185535, 'hidden_continuous_size': 5, 'attention_head_size': 1, 'learning_rate': 0.010303635478660339}. Best is trial 0 with value: 186.7703094482422.
[I 2023-12-26 15:05:34,167] Trial 7 finished with value: 367.4544677734375 and parameters: {'gradient_clip_val': 0.1361638460972099, 'hidden_size': 54, 'dropout': 0.48660428291722313, 'hidden_continuous_size': 30, 'attention_head_size': 2, 'learning_rate': 0.0005803430789314916}. Best is trial 0 with value: 186.7703094482422.
[I 2023-12-26 15:05:36,767] Trial 8 finished with value: 452.0577697753906 and parameters: {'gradient_clip_val': 0.4768601853562805, 'hidden_size': 19, 'dropout': 0.48175854632719595, 'hidden_continuous_size': 17, 'attention_head_size': 1, 'learning_rate': 0.015032128112974245}. Best is trial 0 with value: 186.7703094482422.
[I 2023-12-26 15:05:39,178] Trial 9 finished with value: 411.9599609375 and parameters: {'gradient_clip_val': 0.1695191485751974, 'hidden_size': 14, 'dropout': 0.1853999166957403, 'hidden_continuous_size': 11, 'attention_head_size': 1, 'learning_rate': 0.041724678702230324}. Best is trial 0 with value: 186.7703094482422.
[I 2023-12-26 15:05:41,343] Trial 10 finished with value: 455.366943359375 and parameters: {'gradient_clip_val': 0.9428399403303911, 'hidden_size': 5, 'dropout': 0.3690835264349746, 'hidden_continuous_size': 5, 'attention_head_size': 4, 'learning_rate': 0.003470204455628776}. Best is trial 0 with value: 186.7703094482422.
[I 2023-12-26 15:05:45,370] Trial 11 finished with value: 410.4597473144531 and parameters: {'gradient_clip_val': 0.24717183779967097, 'hidden_size': 40, 'dropout': 0.39771337878867685, 'hidden_continuous_size': 39, 'attention_head_size': 3, 'learning_rate': 0.000513049772565575}. Best is trial 0 with value: 186.7703094482422.
[I 2023-12-26 15:05:49,136] Trial 12 finished with value: 539.6867065429688 and parameters: {'gradient_clip_val': 0.10198967988850555, 'hidden_size': 51, 'dropout': 0.4136237831808748, 'hidden_continuous_size': 30, 'attention_head_size': 4, 'learning_rate': 0.0018693486242860496}. Best is trial 0 with value: 186.7703094482422.
[I 2023-12-26 15:05:51,397] Trial 13 finished with value: 464.7137756347656 and parameters: {'gradient_clip_val': 0.25775998038303244, 'hidden_size': 11, 'dropout': 0.33025450750106616, 'hidden_continuous_size': 6, 'attention_head_size': 3, 'learning_rate': 0.002012733273230885}. Best is trial 0 with value: 186.7703094482422.
[I 2023-12-26 15:05:53,547] Trial 14 finished with value: 594.9861450195312 and parameters: {'gradient_clip_val': 0.22270132016449135, 'hidden_size': 20, 'dropout': 0.2555880634447437, 'hidden_continuous_size': 8, 'attention_head_size': 3, 'learning_rate': 0.005913744920247943}. Best is trial 0 with value: 186.7703094482422.
[I 2023-12-26 15:05:57,875] Trial 15 finished with value: 576.7105102539062 and parameters: {'gradient_clip_val': 0.3374167626489479, 'hidden_size': 61, 'dropout': 0.44145102655879587, 'hidden_continuous_size': 56, 'attention_head_size': 2, 'learning_rate': 0.0167083407838033}. Best is trial 0 with value: 186.7703094482422.
[I 2023-12-26 15:06:00,034] Trial 16 finished with value: 616.359619140625 and parameters: {'gradient_clip_val': 0.10020339926026588, 'hidden_size': 5, 'dropout': 0.49997958515963054, 'hidden_continuous_size': 5, 'attention_head_size': 4, 'learning_rate': 0.003628486522165267}. Best is trial 0 with value: 186.7703094482422.
[I 2023-12-26 15:06:02,485] Trial 17 finished with value: 406.9664001464844 and parameters: {'gradient_clip_val': 0.1891961061017909, 'hidden_size': 10, 'dropout': 0.3768458252455735, 'hidden_continuous_size': 6, 'attention_head_size': 3, 'learning_rate': 0.0008988248914624402}. Best is trial 0 with value: 186.7703094482422.
[I 2023-12-26 15:06:05,441] Trial 18 finished with value: 567.5192260742188 and parameters: {'gradient_clip_val': 0.27567478430072534, 'hidden_size': 26, 'dropout': 0.44502512422794854, 'hidden_continuous_size': 9, 'attention_head_size': 2, 'learning_rate': 0.010480408638096437}. Best is trial 0 with value: 186.7703094482422.
[I 2023-12-26 15:06:08,096] Trial 19 finished with value: 413.15673828125 and parameters: {'gradient_clip_val': 0.1456912684132587, 'hidden_size': 15, 'dropout': 0.36292209293259775, 'hidden_continuous_size': 7, 'attention_head_size': 3, 'learning_rate': 0.001585403115852081}. Best is trial 0 with value: 186.7703094482422.
[I 2023-12-26 15:06:10,346] Trial 20 finished with value: 443.7427062988281 and parameters: {'gradient_clip_val': 0.20902022123204497, 'hidden_size': 8, 'dropout': 0.44664909022108523, 'hidden_continuous_size': 6, 'attention_head_size': 2, 'learning_rate': 0.0037348168251365712}. Best is trial 0 with value: 186.7703094482422.
[I 2023-12-26 15:06:17,545] Trial 21 finished with value: 429.8030090332031 and parameters: {'gradient_clip_val': 0.3535162163703117, 'hidden_size': 90, 'dropout': 0.10250479212858271, 'hidden_continuous_size': 15, 'attention_head_size': 2, 'learning_rate': 0.02232502578833529}. Best is trial 0 with value: 186.7703094482422.
[I 2023-12-26 15:06:24,987] Trial 22 finished with value: 408.3802795410156 and parameters: {'gradient_clip_val': 0.38641629804739386, 'hidden_size': 96, 'dropout': 0.2640789109857346, 'hidden_continuous_size': 12, 'attention_head_size': 2, 'learning_rate': 0.0224495872470295}. Best is trial 0 with value: 186.7703094482422.
[I 2023-12-26 15:06:38,070] Trial 23 finished with value: 380.09228515625 and parameters: {'gradient_clip_val': 0.3108998379056429, 'hidden_size': 147, 'dropout': 0.20171746336232255, 'hidden_continuous_size': 111, 'attention_head_size': 2, 'learning_rate': 0.0070310646917522}. Best is trial 0 with value: 186.7703094482422.
[I 2023-12-26 15:06:44,161] Trial 24 finished with value: 426.1661376953125 and parameters: {'gradient_clip_val': 0.42518535149339587, 'hidden_size': 66, 'dropout': 0.4197926929424362, 'hidden_continuous_size': 14, 'attention_head_size': 3, 'learning_rate': 0.03291221802078725}. Best is trial 0 with value: 186.7703094482422.
[I 2023-12-26 15:06:47,516] Trial 25 finished with value: 534.0125122070312 and parameters: {'gradient_clip_val': 0.280191415427313, 'hidden_size': 31, 'dropout': 0.3853492540872472, 'hidden_continuous_size': 9, 'attention_head_size': 2, 'learning_rate': 0.010714062872894187}. Best is trial 0 with value: 186.7703094482422.
[I 2023-12-26 15:06:51,613] Trial 26 finished with value: 459.1412658691406 and parameters: {'gradient_clip_val': 0.2212789342290875, 'hidden_size': 48, 'dropout': 0.3452204418734319, 'hidden_continuous_size': 19, 'attention_head_size': 1, 'learning_rate': 0.07260369838178339}. Best is trial 0 with value: 186.7703094482422.
[I 2023-12-26 15:06:58,651] Trial 27 finished with value: 460.07763671875 and parameters: {'gradient_clip_val': 0.2946656399870413, 'hidden_size': 82, 'dropout': 0.4668315276961938, 'hidden_continuous_size': 24, 'attention_head_size': 3, 'learning_rate': 0.027619442837107565}. Best is trial 0 with value: 186.7703094482422.
[I 2023-12-26 15:07:07,821] Trial 28 finished with value: 473.8174743652344 and parameters: {'gradient_clip_val': 0.3561466354314271, 'hidden_size': 112, 'dropout': 0.39779648020213076, 'hidden_continuous_size': 13, 'attention_head_size': 4, 'learning_rate': 0.05899955919476174}. Best is trial 0 with value: 186.7703094482422.
[I 2023-12-26 15:07:16,817] Trial 29 finished with value: 290.3545837402344 and parameters: {'gradient_clip_val': 0.42326817566668123, 'hidden_size': 116, 'dropout': 0.30604818292380653, 'hidden_continuous_size': 10, 'attention_head_size': 2, 'learning_rate': 0.0846423954229648}. Best is trial 0 with value: 186.7703094482422.
[I 2023-12-26 15:07:25,646] Trial 30 finished with value: 424.4468078613281 and parameters: {'gradient_clip_val': 0.4264095878886069, 'hidden_size': 110, 'dropout': 0.3025850938232096, 'hidden_continuous_size': 9, 'attention_head_size': 3, 'learning_rate': 0.05470011664098634}. Best is trial 0 with value: 186.7703094482422.
[I 2023-12-26 15:07:31,679] Trial 31 finished with value: 684.0639038085938 and parameters: {'gradient_clip_val': 0.33175834516397446, 'hidden_size': 72, 'dropout': 0.3017296393810319, 'hidden_continuous_size': 11, 'attention_head_size': 2, 'learning_rate': 0.06976792320724011}. Best is trial 0 with value: 186.7703094482422.
[I 2023-12-26 15:07:41,576] Trial 32 finished with value: 363.3087158203125 and parameters: {'gradient_clip_val': 0.5018450066881136, 'hidden_size': 124, 'dropout': 0.35169583312024116, 'hidden_continuous_size': 15, 'attention_head_size': 2, 'learning_rate': 0.09844222976923754}. Best is trial 0 with value: 186.7703094482422.
[I 2023-12-26 15:07:51,331] Trial 33 finished with value: 369.6026306152344 and parameters: {'gradient_clip_val': 0.5297361789390236, 'hidden_size': 124, 'dropout': 0.3493785126252054, 'hidden_continuous_size': 17, 'attention_head_size': 2, 'learning_rate': 0.09919161091383726}. Best is trial 0 with value: 186.7703094482422.
[I 2023-12-26 15:07:59,768] Trial 34 finished with value: 551.8680419921875 and parameters: {'gradient_clip_val': 0.6648800583456581, 'hidden_size': 105, 'dropout': 0.3865151622452034, 'hidden_continuous_size': 10, 'attention_head_size': 2, 'learning_rate': 0.0895206170511656}. Best is trial 0 with value: 186.7703094482422.
[I 2023-12-26 15:08:11,493] Trial 35 finished with value: 342.4320373535156 and parameters: {'gradient_clip_val': 0.40564449227348015, 'hidden_size': 149, 'dropout': 0.32170403366512756, 'hidden_continuous_size': 15, 'attention_head_size': 1, 'learning_rate': 0.03572279943577653}. Best is trial 0 with value: 186.7703094482422.
[I 2023-12-26 15:08:23,196] Trial 36 finished with value: 416.1977233886719 and parameters: {'gradient_clip_val': 0.4175015731023323, 'hidden_size': 146, 'dropout': 0.31926531210693987, 'hidden_continuous_size': 13, 'attention_head_size': 1, 'learning_rate': 0.04030543548262546}. Best is trial 0 with value: 186.7703094482422.
[I 2023-12-26 15:08:33,183] Trial 37 finished with value: 333.2257995605469 and parameters: {'gradient_clip_val': 0.4808058780409765, 'hidden_size': 125, 'dropout': 0.3508320797809981, 'hidden_continuous_size': 8, 'attention_head_size': 1, 'learning_rate': 0.06439848964689064}. Best is trial 0 with value: 186.7703094482422.
[I 2023-12-26 15:08:40,265] Trial 38 finished with value: 481.2046203613281 and parameters: {'gradient_clip_val': 0.6027156871570934, 'hidden_size': 87, 'dropout': 0.2782844401851253, 'hidden_continuous_size': 8, 'attention_head_size': 1, 'learning_rate': 0.05220670845947996}. Best is trial 0 with value: 186.7703094482422.
[I 2023-12-26 15:08:51,943] Trial 39 finished with value: 399.3348083496094 and parameters: {'gradient_clip_val': 0.4762051747375745, 'hidden_size': 150, 'dropout': 0.33425263396998833, 'hidden_continuous_size': 7, 'attention_head_size': 1, 'learning_rate': 0.06526670979700284}. Best is trial 0 with value: 186.7703094482422.
[I 2023-12-26 15:09:01,589] Trial 40 finished with value: 511.1544189453125 and parameters: {'gradient_clip_val': 0.379718320293414, 'hidden_size': 122, 'dropout': 0.3149399498629765, 'hidden_continuous_size': 11, 'attention_head_size': 1, 'learning_rate': 0.04110148283846464}. Best is trial 0 with value: 186.7703094482422.
[I 2023-12-26 15:09:10,920] Trial 41 finished with value: 510.9664611816406 and parameters: {'gradient_clip_val': 0.48785912407035675, 'hidden_size': 117, 'dropout': 0.29021857709945975, 'hidden_continuous_size': 16, 'attention_head_size': 1, 'learning_rate': 0.09600160051519102}. Best is trial 0 with value: 186.7703094482422.
[I 2023-12-26 15:09:20,732] Trial 42 finished with value: 428.6283874511719 and parameters: {'gradient_clip_val': 0.4543698829583446, 'hidden_size': 128, 'dropout': 0.35191404830865936, 'hidden_continuous_size': 14, 'attention_head_size': 1, 'learning_rate': 0.07281416873057785}. Best is trial 0 with value: 186.7703094482422.
[I 2023-12-26 15:09:27,244] Trial 43 finished with value: 404.3280944824219 and parameters: {'gradient_clip_val': 0.5329959931216967, 'hidden_size': 77, 'dropout': 0.3634127115453156, 'hidden_continuous_size': 12, 'attention_head_size': 1, 'learning_rate': 0.049386347045210686}. Best is trial 0 with value: 186.7703094482422.
[I 2023-12-26 15:09:34,840] Trial 44 finished with value: 402.1775207519531 and parameters: {'gradient_clip_val': 0.39443143340834647, 'hidden_size': 98, 'dropout': 0.3359704104004929, 'hidden_continuous_size': 10, 'attention_head_size': 1, 'learning_rate': 0.07614116881467285}. Best is trial 0 with value: 186.7703094482422.
[I 2023-12-26 15:09:41,431] Trial 45 finished with value: 512.2443237304688 and parameters: {'gradient_clip_val': 0.6200146373928591, 'hidden_size': 78, 'dropout': 0.3171727775053773, 'hidden_continuous_size': 19, 'attention_head_size': 2, 'learning_rate': 0.09864223057723433}. Best is trial 0 with value: 186.7703094482422.
[I 2023-12-26 15:09:51,868] Trial 46 finished with value: 369.6337890625 and parameters: {'gradient_clip_val': 0.318242986628398, 'hidden_size': 133, 'dropout': 0.3593208058964738, 'hidden_continuous_size': 8, 'attention_head_size': 1, 'learning_rate': 0.04198167585217421}. Best is trial 0 with value: 186.7703094482422.
[I 2023-12-26 15:09:59,665] Trial 47 finished with value: 490.1644287109375 and parameters: {'gradient_clip_val': 0.49842425115138467, 'hidden_size': 93, 'dropout': 0.34247447474657566, 'hidden_continuous_size': 14, 'attention_head_size': 3, 'learning_rate': 0.060710325688516156}. Best is trial 0 with value: 186.7703094482422.
[I 2023-12-26 15:10:05,194] Trial 48 finished with value: 424.2835998535156 and parameters: {'gradient_clip_val': 0.439707305119284, 'hidden_size': 61, 'dropout': 0.36619694439426015, 'hidden_continuous_size': 7, 'attention_head_size': 2, 'learning_rate': 0.035143445041300965}. Best is trial 0 with value: 186.7703094482422.
[I 2023-12-26 15:10:13,737] Trial 49 finished with value: 402.0500793457031 and parameters: {'gradient_clip_val': 0.3780924199418797, 'hidden_size': 105, 'dropout': 0.4079938121896531, 'hidden_continuous_size': 5, 'attention_head_size': 1, 'learning_rate': 0.04844417540768025}. Best is trial 0 with value: 186.7703094482422.
[I 2023-12-26 15:10:13,871] A new study created in memory with name: no-name-274a5ccf-e7e5-45ec-af1f-83f80f225923
/home/le004/conda/anaconda3/envs/tsff_env/lib/python3.9/site-packages/lightning/fabric/plugins/environments/slurm.py:191: The `srun` command is available on your system but is not used. HINT: If your intention is to run Lightning on SLURM, prepend your python command with `srun` like so: srun python /home/le004/master_thesis/git/TSFusionForecast/code/ ...
[I 2023-12-26 15:12:51,345] Trial 0 finished with value: 135.45835876464844 and parameters: {'gradient_clip_val': 0.13199959606079084, 'hidden_size': 21, 'dropout': 0.330936875746154, 'hidden_continuous_size': 7, 'attention_head_size': 2, 'learning_rate': 0.013317179533653717}. Best is trial 0 with value: 135.45835876464844.
[I 2023-12-26 15:12:53,498] Trial 1 finished with value: 299.9356384277344 and parameters: {'gradient_clip_val': 0.496409515216688, 'hidden_size': 11, 'dropout': 0.2860224731191875, 'hidden_continuous_size': 10, 'attention_head_size': 3, 'learning_rate': 0.0019351049700301168}. Best is trial 0 with value: 135.45835876464844.
[I 2023-12-26 15:12:59,632] Trial 2 finished with value: 313.4472961425781 and parameters: {'gradient_clip_val': 0.9895632935922744, 'hidden_size': 102, 'dropout': 0.1771877435190905, 'hidden_continuous_size': 9, 'attention_head_size': 2, 'learning_rate': 0.008435640869792671}. Best is trial 0 with value: 135.45835876464844.
[I 2023-12-26 15:13:09,017] Trial 3 finished with value: 205.89208984375 and parameters: {'gradient_clip_val': 0.521187074476407, 'hidden_size': 129, 'dropout': 0.15143104782452485, 'hidden_continuous_size': 37, 'attention_head_size': 3, 'learning_rate': 0.0024134267706215702}. Best is trial 0 with value: 135.45835876464844.
[I 2023-12-26 15:13:11,884] Trial 4 finished with value: 339.18560791015625 and parameters: {'gradient_clip_val': 0.37208439867540305, 'hidden_size': 34, 'dropout': 0.4891462356792343, 'hidden_continuous_size': 23, 'attention_head_size': 2, 'learning_rate': 0.004369370789859782}. Best is trial 0 with value: 135.45835876464844.
[I 2023-12-26 15:13:21,039] Trial 5 finished with value: 283.48797607421875 and parameters: {'gradient_clip_val': 0.17521048328588343, 'hidden_size': 124, 'dropout': 0.1669736192656206, 'hidden_continuous_size': 19, 'attention_head_size': 3, 'learning_rate': 0.014730302381364174}. Best is trial 0 with value: 135.45835876464844.
[I 2023-12-26 15:13:23,269] Trial 6 finished with value: 420.5318908691406 and parameters: {'gradient_clip_val': 0.8504507881528278, 'hidden_size': 9, 'dropout': 0.38112399001789965, 'hidden_continuous_size': 9, 'attention_head_size': 2, 'learning_rate': 0.0009463184329583361}. Best is trial 0 with value: 135.45835876464844.
[I 2023-12-26 15:13:31,465] Trial 7 finished with value: 358.291748046875 and parameters: {'gradient_clip_val': 0.5116642264701091, 'hidden_size': 110, 'dropout': 0.10312560863067195, 'hidden_continuous_size': 14, 'attention_head_size': 3, 'learning_rate': 0.0010231625483400593}. Best is trial 0 with value: 135.45835876464844.
[I 2023-12-26 15:13:33,493] Trial 8 finished with value: 426.8459777832031 and parameters: {'gradient_clip_val': 0.2764110477442703, 'hidden_size': 5, 'dropout': 0.35083957240969976, 'hidden_continuous_size': 5, 'attention_head_size': 1, 'learning_rate': 0.0014773823046319568}. Best is trial 0 with value: 135.45835876464844.
[I 2023-12-26 15:13:35,688] Trial 9 finished with value: 337.1767883300781 and parameters: {'gradient_clip_val': 0.190131320339266, 'hidden_size': 7, 'dropout': 0.21903417316211837, 'hidden_continuous_size': 7, 'attention_head_size': 2, 'learning_rate': 0.0019185688236789138}. Best is trial 0 with value: 135.45835876464844.
[I 2023-12-26 15:13:38,496] Trial 10 finished with value: 438.8924560546875 and parameters: {'gradient_clip_val': 0.10047746074925804, 'hidden_size': 21, 'dropout': 0.2783268851467065, 'hidden_continuous_size': 5, 'attention_head_size': 4, 'learning_rate': 0.058184189700949296}. Best is trial 0 with value: 135.45835876464844.
[I 2023-12-26 15:13:42,999] Trial 11 finished with value: 301.5168151855469 and parameters: {'gradient_clip_val': 0.11848980073546088, 'hidden_size': 48, 'dropout': 0.22548788675529757, 'hidden_continuous_size': 41, 'attention_head_size': 4, 'learning_rate': 0.0005368744528547557}. Best is trial 0 with value: 135.45835876464844.
[I 2023-12-26 15:13:47,441] Trial 12 finished with value: 611.6734008789062 and parameters: {'gradient_clip_val': 0.25631365887881824, 'hidden_size': 49, 'dropout': 0.3476963418256042, 'hidden_continuous_size': 46, 'attention_head_size': 1, 'learning_rate': 0.019255335495203092}. Best is trial 0 with value: 135.45835876464844.
