[I 2023-12-15 17:44:47,795] Trial 12 finished with value: 248.5387725830078 and parameters: {'gradient_clip_val': 0.4621646761854969, 'hidden_size': 42, 'dropout': 0.2370769276381751, 'hidden_continuous_size': 5, 'attention_head_size': 3, 'learning_rate': 0.0005119500632628046}. Best is trial 5 with value: 99.72659301757812.
LOCAL_RANK: 0 - CUDA_VISIBLE_DEVICES: [0]
[I 2023-12-15 17:45:43,284] Trial 13 finished with value: 139.85069274902344 and parameters: {'gradient_clip_val': 0.6512121421602234, 'hidden_size': 87, 'dropout': 0.3092640355643747, 'hidden_continuous_size': 51, 'attention_head_size': 2, 'learning_rate': 0.002044840830268113}. Best is trial 5 with value: 99.72659301757812.
LOCAL_RANK: 0 - CUDA_VISIBLE_DEVICES: [0]
[I 2023-12-15 17:46:32,112] Trial 14 finished with value: 243.7073516845703 and parameters: {'gradient_clip_val': 0.42388515363232465, 'hidden_size': 30, 'dropout': 0.24395956159534396, 'hidden_continuous_size': 7, 'attention_head_size': 3, 'learning_rate': 0.006895414601776446}. Best is trial 5 with value: 99.72659301757812.
LOCAL_RANK: 0 - CUDA_VISIBLE_DEVICES: [0]
[I 2023-12-15 17:47:24,287] Trial 15 finished with value: 226.06214904785156 and parameters: {'gradient_clip_val': 0.3602505056849273, 'hidden_size': 60, 'dropout': 0.3383399782260878, 'hidden_continuous_size': 14, 'attention_head_size': 1, 'learning_rate': 0.0015023781800553456}. Best is trial 5 with value: 99.72659301757812.
LOCAL_RANK: 0 - CUDA_VISIBLE_DEVICES: [0]
[I 2023-12-15 17:48:15,187] Trial 16 finished with value: 128.4025421142578 and parameters: {'gradient_clip_val': 0.7832535132254655, 'hidden_size': 52, 'dropout': 0.21574990870214375, 'hidden_continuous_size': 5, 'attention_head_size': 4, 'learning_rate': 0.004387249450066934}. Best is trial 5 with value: 99.72659301757812.
LOCAL_RANK: 0 - CUDA_VISIBLE_DEVICES: [0]
[I 2023-12-15 17:49:03,507] Trial 17 finished with value: 153.7225799560547 and parameters: {'gradient_clip_val': 0.6235795714349327, 'hidden_size': 26, 'dropout': 0.2682764765469045, 'hidden_continuous_size': 6, 'attention_head_size': 3, 'learning_rate': 0.0015154035129885824}. Best is trial 5 with value: 99.72659301757812.
LOCAL_RANK: 0 - CUDA_VISIBLE_DEVICES: [0]
[I 2023-12-15 17:49:56,456] Trial 18 finished with value: 162.03355407714844 and parameters: {'gradient_clip_val': 0.19696919622097012, 'hidden_size': 92, 'dropout': 0.29795180127555887, 'hidden_continuous_size': 21, 'attention_head_size': 2, 'learning_rate': 0.0006933097033361117}. Best is trial 5 with value: 99.72659301757812.
LOCAL_RANK: 0 - CUDA_VISIBLE_DEVICES: [0]
[I 2023-12-15 17:50:48,411] Trial 19 finished with value: 522.5950317382812 and parameters: {'gradient_clip_val': 0.7815566311790112, 'hidden_size': 53, 'dropout': 0.23786582024121147, 'hidden_continuous_size': 8, 'attention_head_size': 1, 'learning_rate': 0.0015706714802962134}. Best is trial 5 with value: 99.72659301757812.
LOCAL_RANK: 0 - CUDA_VISIBLE_DEVICES: [0]
[I 2023-12-15 17:51:37,173] Trial 20 finished with value: 337.3765563964844 and parameters: {'gradient_clip_val': 0.37739549286755014, 'hidden_size': 26, 'dropout': 0.2680713796656078, 'hidden_continuous_size': 8, 'attention_head_size': 4, 'learning_rate': 0.0040923597813441424}. Best is trial 5 with value: 99.72659301757812.
LOCAL_RANK: 0 - CUDA_VISIBLE_DEVICES: [0]
[I 2023-12-15 17:52:27,854] Trial 21 finished with value: 389.9591369628906 and parameters: {'gradient_clip_val': 0.7273391734116831, 'hidden_size': 46, 'dropout': 0.2152442009608383, 'hidden_continuous_size': 5, 'attention_head_size': 4, 'learning_rate': 0.0053947146297853}. Best is trial 5 with value: 99.72659301757812.
LOCAL_RANK: 0 - CUDA_VISIBLE_DEVICES: [0]
[I 2023-12-15 17:53:19,231] Trial 22 finished with value: 460.0143127441406 and parameters: {'gradient_clip_val': 0.8044273075276774, 'hidden_size': 59, 'dropout': 0.22038756745985677, 'hidden_continuous_size': 5, 'attention_head_size': 4, 'learning_rate': 0.0027731813659229404}. Best is trial 5 with value: 99.72659301757812.
LOCAL_RANK: 0 - CUDA_VISIBLE_DEVICES: [0]
[I 2023-12-15 17:54:07,397] Trial 23 finished with value: 129.22303771972656 and parameters: {'gradient_clip_val': 0.9697678477614426, 'hidden_size': 36, 'dropout': 0.19542034552904888, 'hidden_continuous_size': 6, 'attention_head_size': 3, 'learning_rate': 0.004260945926773902}. Best is trial 5 with value: 99.72659301757812.
LOCAL_RANK: 0 - CUDA_VISIBLE_DEVICES: [0]
[I 2023-12-15 17:54:59,320] Trial 24 finished with value: 178.6091766357422 and parameters: {'gradient_clip_val': 0.5449830133358834, 'hidden_size': 51, 'dropout': 0.2438819729037344, 'hidden_continuous_size': 6, 'attention_head_size': 4, 'learning_rate': 0.010088385794916806}. Best is trial 5 with value: 99.72659301757812.
LOCAL_RANK: 0 - CUDA_VISIBLE_DEVICES: [0]
[I 2023-12-15 17:55:51,960] Trial 25 finished with value: 202.37646484375 and parameters: {'gradient_clip_val': 0.6308532192671039, 'hidden_size': 66, 'dropout': 0.26155656251681564, 'hidden_continuous_size': 13, 'attention_head_size': 3, 'learning_rate': 0.0011418880821645256}. Best is trial 5 with value: 99.72659301757812.
LOCAL_RANK: 0 - CUDA_VISIBLE_DEVICES: [0]
[I 2023-12-15 17:56:43,664] Trial 26 finished with value: 726.0296020507812 and parameters: {'gradient_clip_val': 0.7467969532574263, 'hidden_size': 47, 'dropout': 0.2293002004142533, 'hidden_continuous_size': 8, 'attention_head_size': 2, 'learning_rate': 0.0005645847500181001}. Best is trial 5 with value: 99.72659301757812.
LOCAL_RANK: 0 - CUDA_VISIBLE_DEVICES: [0]
[I 2023-12-15 17:57:31,492] Trial 27 finished with value: 685.2705078125 and parameters: {'gradient_clip_val': 0.7808675988659558, 'hidden_size': 32, 'dropout': 0.19880582443060923, 'hidden_continuous_size': 5, 'attention_head_size': 4, 'learning_rate': 0.0019918469897062434}. Best is trial 5 with value: 99.72659301757812.
LOCAL_RANK: 0 - CUDA_VISIBLE_DEVICES: [0]
[I 2023-12-15 17:58:24,811] Trial 28 finished with value: 150.07997131347656 and parameters: {'gradient_clip_val': 0.8631316797557392, 'hidden_size': 79, 'dropout': 0.2521729641259602, 'hidden_continuous_size': 10, 'attention_head_size': 3, 'learning_rate': 0.012569201074331009}. Best is trial 5 with value: 99.72659301757812.
LOCAL_RANK: 0 - CUDA_VISIBLE_DEVICES: [0]
[I 2023-12-15 17:59:13,736] Trial 29 finished with value: 874.51904296875 and parameters: {'gradient_clip_val': 0.5331604972364744, 'hidden_size': 41, 'dropout': 0.2976391723005182, 'hidden_continuous_size': 6, 'attention_head_size': 1, 'learning_rate': 0.0009052426133772962}. Best is trial 5 with value: 99.72659301757812.
LOCAL_RANK: 0 - CUDA_VISIBLE_DEVICES: [0]
[I 2023-12-15 18:00:07,547] Trial 30 finished with value: 469.8773193359375 and parameters: {'gradient_clip_val': 0.9920497564197394, 'hidden_size': 68, 'dropout': 0.22349960387013526, 'hidden_continuous_size': 21, 'attention_head_size': 4, 'learning_rate': 0.004038810332450602}. Best is trial 5 with value: 99.72659301757812.
LOCAL_RANK: 0 - CUDA_VISIBLE_DEVICES: [0]
[I 2023-12-15 18:00:56,231] Trial 31 finished with value: 444.9098815917969 and parameters: {'gradient_clip_val': 0.8742543762899656, 'hidden_size': 36, 'dropout': 0.18573129053575443, 'hidden_continuous_size': 6, 'attention_head_size': 3, 'learning_rate': 0.004760356944482146}. Best is trial 5 with value: 99.72659301757812.
LOCAL_RANK: 0 - CUDA_VISIBLE_DEVICES: [0]
[I 2023-12-15 18:01:45,970] Trial 32 finished with value: 196.8787078857422 and parameters: {'gradient_clip_val': 0.6822891639645668, 'hidden_size': 48, 'dropout': 0.39798091068913344, 'hidden_continuous_size': 5, 'attention_head_size': 3, 'learning_rate': 0.005800096397854252}. Best is trial 5 with value: 99.72659301757812.
LOCAL_RANK: 0 - CUDA_VISIBLE_DEVICES: [0]
[I 2023-12-15 18:02:35,327] Trial 33 finished with value: 215.2529296875 and parameters: {'gradient_clip_val': 0.9751820957869142, 'hidden_size': 33, 'dropout': 0.17827668067004326, 'hidden_continuous_size': 6, 'attention_head_size': 4, 'learning_rate': 0.0032530456087688795}. Best is trial 5 with value: 99.72659301757812.
LOCAL_RANK: 0 - CUDA_VISIBLE_DEVICES: [0]
[I 2023-12-15 18:03:23,433] Trial 34 finished with value: 419.0577087402344 and parameters: {'gradient_clip_val': 0.841043413646834, 'hidden_size': 27, 'dropout': 0.20328886408342, 'hidden_continuous_size': 7, 'attention_head_size': 2, 'learning_rate': 0.0007309096909961794}. Best is trial 5 with value: 99.72659301757812.
LOCAL_RANK: 0 - CUDA_VISIBLE_DEVICES: [0]
[I 2023-12-15 18:04:14,954] Trial 35 finished with value: 150.57582092285156 and parameters: {'gradient_clip_val': 0.5881443742366947, 'hidden_size': 57, 'dropout': 0.15547284270025252, 'hidden_continuous_size': 5, 'attention_head_size': 4, 'learning_rate': 0.0038792091666031868}. Best is trial 5 with value: 99.72659301757812.
LOCAL_RANK: 0 - CUDA_VISIBLE_DEVICES: [0]
[I 2023-12-15 18:05:04,093] Trial 36 finished with value: 241.835693359375 and parameters: {'gradient_clip_val': 0.6930504634740974, 'hidden_size': 39, 'dropout': 0.20821950344995677, 'hidden_continuous_size': 6, 'attention_head_size': 3, 'learning_rate': 0.0023172108020436157}. Best is trial 5 with value: 99.72659301757812.
LOCAL_RANK: 0 - CUDA_VISIBLE_DEVICES: [0]
[I 2023-12-15 18:05:55,582] Trial 37 finished with value: 191.05645751953125 and parameters: {'gradient_clip_val': 0.8918178570532134, 'hidden_size': 45, 'dropout': 0.17200836673426087, 'hidden_continuous_size': 9, 'attention_head_size': 2, 'learning_rate': 0.00640610895130153}. Best is trial 5 with value: 99.72659301757812.
LOCAL_RANK: 0 - CUDA_VISIBLE_DEVICES: [0]
[I 2023-12-15 18:06:44,446] Trial 38 finished with value: 580.4679565429688 and parameters: {'gradient_clip_val': 0.48620215054619287, 'hidden_size': 23, 'dropout': 0.1965295017056887, 'hidden_continuous_size': 7, 'attention_head_size': 4, 'learning_rate': 0.0010373823937788154}. Best is trial 5 with value: 99.72659301757812.
LOCAL_RANK: 0 - CUDA_VISIBLE_DEVICES: [0]
[I 2023-12-15 18:07:30,764] Trial 39 finished with value: 377.7613525390625 and parameters: {'gradient_clip_val': 0.5727433123144283, 'hidden_size': 18, 'dropout': 0.22474890329421476, 'hidden_continuous_size': 5, 'attention_head_size': 3, 'learning_rate': 0.0007930886879813921}. Best is trial 5 with value: 99.72659301757812.
LOCAL_RANK: 0 - CUDA_VISIBLE_DEVICES: [0]
[I 2023-12-15 18:08:20,388] Trial 40 finished with value: 161.05931091308594 and parameters: {'gradient_clip_val': 0.9995508614153511, 'hidden_size': 35, 'dropout': 0.25616405958340704, 'hidden_continuous_size': 6, 'attention_head_size': 4, 'learning_rate': 0.007840904451965556}. Best is trial 5 with value: 99.72659301757812.
LOCAL_RANK: 0 - CUDA_VISIBLE_DEVICES: [0]
[I 2023-12-15 18:08:57,787] Trial 41 finished with value: 1077.2503662109375 and parameters: {'gradient_clip_val': 0.6694428787547035, 'hidden_size': 97, 'dropout': 0.3150657595356802, 'hidden_continuous_size': 97, 'attention_head_size': 2, 'learning_rate': 0.002000168666664761}. Best is trial 5 with value: 99.72659301757812.
LOCAL_RANK: 0 - CUDA_VISIBLE_DEVICES: [0]
[I 2023-12-15 18:09:52,454] Trial 42 finished with value: 105.33880615234375 and parameters: {'gradient_clip_val': 0.7532539761510184, 'hidden_size': 85, 'dropout': 0.22971516919886092, 'hidden_continuous_size': 41, 'attention_head_size': 2, 'learning_rate': 0.0028253448054409614}. Best is trial 5 with value: 99.72659301757812.
LOCAL_RANK: 0 - CUDA_VISIBLE_DEVICES: [0]
[I 2023-12-15 18:10:45,018] Trial 43 finished with value: 219.03489685058594 and parameters: {'gradient_clip_val': 0.788005593513148, 'hidden_size': 53, 'dropout': 0.23351604008406954, 'hidden_continuous_size': 12, 'attention_head_size': 2, 'learning_rate': 0.0026773195157675914}. Best is trial 5 with value: 99.72659301757812.
LOCAL_RANK: 0 - CUDA_VISIBLE_DEVICES: [0]
[I 2023-12-15 18:11:36,602] Trial 44 finished with value: 294.9535217285156 and parameters: {'gradient_clip_val': 0.8810184929291388, 'hidden_size': 64, 'dropout': 0.2124686271342901, 'hidden_continuous_size': 11, 'attention_head_size': 2, 'learning_rate': 0.0033752882383051123}. Best is trial 5 with value: 99.72659301757812.
LOCAL_RANK: 0 - CUDA_VISIBLE_DEVICES: [0]
[I 2023-12-15 18:12:28,344] Trial 45 finished with value: 164.5883331298828 and parameters: {'gradient_clip_val': 0.7206321521290601, 'hidden_size': 78, 'dropout': 0.24735403387819968, 'hidden_continuous_size': 7, 'attention_head_size': 1, 'learning_rate': 0.003114071606622673}. Best is trial 5 with value: 99.72659301757812.
LOCAL_RANK: 0 - CUDA_VISIBLE_DEVICES: [0]
[I 2023-12-15 18:13:20,579] Trial 46 finished with value: 1378.7308349609375 and parameters: {'gradient_clip_val': 0.5984852875388783, 'hidden_size': 76, 'dropout': 0.19661039548161324, 'hidden_continuous_size': 8, 'attention_head_size': 2, 'learning_rate': 0.004735333150252009}. Best is trial 5 with value: 99.72659301757812.
LOCAL_RANK: 0 - CUDA_VISIBLE_DEVICES: [0]
[I 2023-12-15 18:14:11,717] Trial 47 finished with value: 681.5706787109375 and parameters: {'gradient_clip_val': 0.8875664632490552, 'hidden_size': 42, 'dropout': 0.1701027074503365, 'hidden_continuous_size': 9, 'attention_head_size': 2, 'learning_rate': 0.000594354588369607}. Best is trial 5 with value: 99.72659301757812.
LOCAL_RANK: 0 - CUDA_VISIBLE_DEVICES: [0]
[I 2023-12-15 18:15:00,842] Trial 48 finished with value: 120.36520385742188 and parameters: {'gradient_clip_val': 0.2778652474453955, 'hidden_size': 30, 'dropout': 0.2719873892648124, 'hidden_continuous_size': 15, 'attention_head_size': 3, 'learning_rate': 0.0012507093911501117}. Best is trial 5 with value: 99.72659301757812.
LOCAL_RANK: 0 - CUDA_VISIBLE_DEVICES: [0]
[I 2023-12-15 18:15:54,673] Trial 49 finished with value: 599.5703735351562 and parameters: {'gradient_clip_val': 0.2816702522851058, 'hidden_size': 83, 'dropout': 0.2731179239740285, 'hidden_continuous_size': 17, 'attention_head_size': 2, 'learning_rate': 0.0010291676002662077}. Best is trial 5 with value: 99.72659301757812.
[I 2023-12-15 18:15:54,767] A new study created in memory with name: no-name-cfa642a6-8a32-4252-9eea-a4c341538fe3
/home/le004/conda/anaconda3/envs/tsff_env/lib/python3.9/site-packages/lightning/fabric/plugins/environments/slurm.py:191: The `srun` command is available on your system but is not used. HINT: If your intention is to run Lightning on SLURM, prepend your python command with `srun` like so: srun python /home/le004/master_thesis/git/TSFusionForecast/code/ ...
LOCAL_RANK: 0 - CUDA_VISIBLE_DEVICES: [0]
[I 2023-12-15 18:16:41,104] Trial 0 finished with value: 15.454228401184082 and parameters: {'gradient_clip_val': 0.33351958485599076, 'hidden_size': 13, 'dropout': 0.20344937276695088, 'hidden_continuous_size': 10, 'attention_head_size': 4, 'learning_rate': 0.0007213375789287541}. Best is trial 0 with value: 15.454228401184082.
LOCAL_RANK: 0 - CUDA_VISIBLE_DEVICES: [0]
[I 2023-12-15 18:17:28,264] Trial 1 finished with value: 12.395797729492188 and parameters: {'gradient_clip_val': 0.5058540794794949, 'hidden_size': 22, 'dropout': 0.14422849214643352, 'hidden_continuous_size': 6, 'attention_head_size': 1, 'learning_rate': 0.0007341240135598839}. Best is trial 1 with value: 12.395797729492188.
LOCAL_RANK: 0 - CUDA_VISIBLE_DEVICES: [0]
[I 2023-12-15 18:18:17,084] Trial 2 finished with value: 14.272132873535156 and parameters: {'gradient_clip_val': 0.2521188535312998, 'hidden_size': 26, 'dropout': 0.1605945804005532, 'hidden_continuous_size': 18, 'attention_head_size': 2, 'learning_rate': 0.000845871497421304}. Best is trial 1 with value: 12.395797729492188.
LOCAL_RANK: 0 - CUDA_VISIBLE_DEVICES: [0]
[I 2023-12-15 18:19:09,408] Trial 3 finished with value: 14.495129585266113 and parameters: {'gradient_clip_val': 0.16590473923251028, 'hidden_size': 43, 'dropout': 0.24328036483760523, 'hidden_continuous_size': 10, 'attention_head_size': 4, 'learning_rate': 0.0017628947508777238}. Best is trial 1 with value: 12.395797729492188.
LOCAL_RANK: 0 - CUDA_VISIBLE_DEVICES: [0]
[I 2023-12-15 18:20:01,739] Trial 4 finished with value: 8.699227333068848 and parameters: {'gradient_clip_val': 0.21826777656491353, 'hidden_size': 88, 'dropout': 0.14497543334521568, 'hidden_continuous_size': 7, 'attention_head_size': 4, 'learning_rate': 0.08831519604859894}. Best is trial 4 with value: 8.699227333068848.
LOCAL_RANK: 0 - CUDA_VISIBLE_DEVICES: [0]
[I 2023-12-15 18:20:51,007] Trial 5 finished with value: 8.934891700744629 and parameters: {'gradient_clip_val': 0.8633307227367638, 'hidden_size': 29, 'dropout': 0.2541925963628843, 'hidden_continuous_size': 13, 'attention_head_size': 3, 'learning_rate': 0.0033845694656417895}. Best is trial 4 with value: 8.699227333068848.
LOCAL_RANK: 0 - CUDA_VISIBLE_DEVICES: [0]
[I 2023-12-15 18:21:35,473] Trial 6 finished with value: 6.281949520111084 and parameters: {'gradient_clip_val': 0.3528740330715535, 'hidden_size': 9, 'dropout': 0.12736903531397334, 'hidden_continuous_size': 5, 'attention_head_size': 1, 'learning_rate': 0.07359571496848535}. Best is trial 6 with value: 6.281949520111084.
LOCAL_RANK: 0 - CUDA_VISIBLE_DEVICES: [0]
[I 2023-12-15 18:22:23,464] Trial 7 finished with value: 13.948799133300781 and parameters: {'gradient_clip_val': 0.26772124252704704, 'hidden_size': 21, 'dropout': 0.20387668814210488, 'hidden_continuous_size': 16, 'attention_head_size': 1, 'learning_rate': 0.013744550884308053}. Best is trial 6 with value: 6.281949520111084.
LOCAL_RANK: 0 - CUDA_VISIBLE_DEVICES: [0]
[I 2023-12-15 18:23:16,002] Trial 8 finished with value: 23.25554847717285 and parameters: {'gradient_clip_val': 0.25898029337830775, 'hidden_size': 56, 'dropout': 0.267289143537357, 'hidden_continuous_size': 33, 'attention_head_size': 2, 'learning_rate': 0.004037500399556294}. Best is trial 6 with value: 6.281949520111084.
LOCAL_RANK: 0 - CUDA_VISIBLE_DEVICES: [0]
[I 2023-12-15 18:24:00,357] Trial 9 finished with value: 11.617347717285156 and parameters: {'gradient_clip_val': 0.24658373246655174, 'hidden_size': 12, 'dropout': 0.2736556948511707, 'hidden_continuous_size': 8, 'attention_head_size': 3, 'learning_rate': 0.0025006123924179373}. Best is trial 6 with value: 6.281949520111084.
LOCAL_RANK: 0 - CUDA_VISIBLE_DEVICES: [0]
[I 2023-12-15 18:24:33,402] Trial 10 finished with value: 9.344756126403809 and parameters: {'gradient_clip_val': 0.11806626348366026, 'hidden_size': 5, 'dropout': 0.3535981856196577, 'hidden_continuous_size': 5, 'attention_head_size': 1, 'learning_rate': 0.08142994284964183}. Best is trial 6 with value: 6.281949520111084.
LOCAL_RANK: 0 - CUDA_VISIBLE_DEVICES: [0]
[I 2023-12-15 18:25:26,259] Trial 11 finished with value: 7.8199591636657715 and parameters: {'gradient_clip_val': 0.4248532714784643, 'hidden_size': 97, 'dropout': 0.11251994133077071, 'hidden_continuous_size': 5, 'attention_head_size': 3, 'learning_rate': 0.0858769783564359}. Best is trial 6 with value: 6.281949520111084.
LOCAL_RANK: 0 - CUDA_VISIBLE_DEVICES: [0]
[I 2023-12-15 18:26:17,948] Trial 12 finished with value: 15.406844139099121 and parameters: {'gradient_clip_val': 0.432969696173025, 'hidden_size': 100, 'dropout': 0.10861827587473223, 'hidden_continuous_size': 5, 'attention_head_size': 2, 'learning_rate': 0.034979770108685464}. Best is trial 6 with value: 6.281949520111084.
LOCAL_RANK: 0 - CUDA_VISIBLE_DEVICES: [0]
[I 2023-12-15 18:27:08,699] Trial 13 finished with value: 8.443961143493652 and parameters: {'gradient_clip_val': 0.4939996286366851, 'hidden_size': 60, 'dropout': 0.1124808623186356, 'hidden_continuous_size': 5, 'attention_head_size': 3, 'learning_rate': 0.029894024179173136}. Best is trial 6 with value: 6.281949520111084.
LOCAL_RANK: 0 - CUDA_VISIBLE_DEVICES: [0]
[I 2023-12-15 18:27:53,034] Trial 14 finished with value: 9.594929695129395 and parameters: {'gradient_clip_val': 0.38200203136423727, 'hidden_size': 7, 'dropout': 0.11382905520082907, 'hidden_continuous_size': 5, 'attention_head_size': 2, 'learning_rate': 0.09957943175480531}. Best is trial 6 with value: 6.281949520111084.
LOCAL_RANK: 0 - CUDA_VISIBLE_DEVICES: [0]
[I 2023-12-15 18:28:37,040] Trial 15 finished with value: 16.07486915588379 and parameters: {'gradient_clip_val': 0.6371633356077133, 'hidden_size': 12, 'dropout': 0.10257930829799258, 'hidden_continuous_size': 6, 'attention_head_size': 3, 'learning_rate': 0.008971418112263938}. Best is trial 6 with value: 6.281949520111084.
LOCAL_RANK: 0 - CUDA_VISIBLE_DEVICES: [0]
[I 2023-12-15 18:29:25,903] Trial 16 finished with value: 7.599520206451416 and parameters: {'gradient_clip_val': 0.36042042243643974, 'hidden_size': 38, 'dropout': 0.17367065597030806, 'hidden_continuous_size': 8, 'attention_head_size': 1, 'learning_rate': 0.042545880760591986}. Best is trial 6 with value: 6.281949520111084.
LOCAL_RANK: 0 - CUDA_VISIBLE_DEVICES: [0]
[I 2023-12-15 18:30:08,850] Trial 17 finished with value: 15.617473602294922 and parameters: {'gradient_clip_val': 0.3392016398358775, 'hidden_size': 8, 'dropout': 0.17842887128089846, 'hidden_continuous_size': 5, 'attention_head_size': 1, 'learning_rate': 0.038129755149214066}. Best is trial 6 with value: 6.281949520111084.
LOCAL_RANK: 0 - CUDA_VISIBLE_DEVICES: [0]
[I 2023-12-15 18:30:53,958] Trial 18 finished with value: 11.48059368133545 and parameters: {'gradient_clip_val': 0.6616839648282, 'hidden_size': 17, 'dropout': 0.18138577935054082, 'hidden_continuous_size': 6, 'attention_head_size': 1, 'learning_rate': 0.018254075008131622}. Best is trial 6 with value: 6.281949520111084.
LOCAL_RANK: 0 - CUDA_VISIBLE_DEVICES: [0]
[I 2023-12-15 18:31:42,525] Trial 19 finished with value: 16.069311141967773 and parameters: {'gradient_clip_val': 0.18868836990083407, 'hidden_size': 35, 'dropout': 0.14170009139943923, 'hidden_continuous_size': 8, 'attention_head_size': 1, 'learning_rate': 0.049191422876836144}. Best is trial 6 with value: 6.281949520111084.
LOCAL_RANK: 0 - CUDA_VISIBLE_DEVICES: [0]
