[I 2023-12-27 11:28:25,333] Trial 32 finished with value: 630.4107055664062 and parameters: {'gradient_clip_val': 0.1514446640961624, 'hidden_size': 12, 'dropout': 0.194348462543748, 'hidden_continuous_size': 6, 'attention_head_size': 4, 'learning_rate': 0.02049692264895969}. Best is trial 0 with value: 79.60243225097656.
[I 2023-12-27 11:28:25,735] Trial 33 finished with value: 678.7030029296875 and parameters: {'gradient_clip_val': 0.170245502294848, 'hidden_size': 18, 'dropout': 0.22649083355286984, 'hidden_continuous_size': 8, 'attention_head_size': 4, 'learning_rate': 0.017842964340846732}. Best is trial 0 with value: 79.60243225097656.
[I 2023-12-27 11:28:26,131] Trial 34 finished with value: 429.7026672363281 and parameters: {'gradient_clip_val': 0.1432073180661413, 'hidden_size': 11, 'dropout': 0.1792048234144562, 'hidden_continuous_size': 5, 'attention_head_size': 4, 'learning_rate': 0.02807580589888044}. Best is trial 0 with value: 79.60243225097656.
[I 2023-12-27 11:28:26,781] Trial 35 finished with value: 859.2211303710938 and parameters: {'gradient_clip_val': 0.11587857425781717, 'hidden_size': 9, 'dropout': 0.14418370157246158, 'hidden_continuous_size': 5, 'attention_head_size': 2, 'learning_rate': 0.031965216783117964}. Best is trial 0 with value: 79.60243225097656.
[I 2023-12-27 11:28:27,200] Trial 36 finished with value: 809.2446899414062 and parameters: {'gradient_clip_val': 0.14126812387533266, 'hidden_size': 7, 'dropout': 0.2635955099951965, 'hidden_continuous_size': 5, 'attention_head_size': 4, 'learning_rate': 0.06717239493143619}. Best is trial 0 with value: 79.60243225097656.
[I 2023-12-27 11:28:27,634] Trial 37 finished with value: 488.255615234375 and parameters: {'gradient_clip_val': 0.11669037705629015, 'hidden_size': 10, 'dropout': 0.12932104800614586, 'hidden_continuous_size': 6, 'attention_head_size': 2, 'learning_rate': 0.04711915558608029}. Best is trial 0 with value: 79.60243225097656.
[I 2023-12-27 11:28:28,031] Trial 38 finished with value: 676.3595581054688 and parameters: {'gradient_clip_val': 0.11748003057755214, 'hidden_size': 9, 'dropout': 0.12461521806022308, 'hidden_continuous_size': 6, 'attention_head_size': 2, 'learning_rate': 0.04670537622002805}. Best is trial 0 with value: 79.60243225097656.
[I 2023-12-27 11:28:28,417] Trial 39 finished with value: 755.6025390625 and parameters: {'gradient_clip_val': 0.1028677499860774, 'hidden_size': 6, 'dropout': 0.10400393444381524, 'hidden_continuous_size': 5, 'attention_head_size': 2, 'learning_rate': 0.07415810461962967}. Best is trial 0 with value: 79.60243225097656.
[I 2023-12-27 11:28:28,840] Trial 40 finished with value: 778.6882934570312 and parameters: {'gradient_clip_val': 0.24672225592421096, 'hidden_size': 10, 'dropout': 0.13234535841653877, 'hidden_continuous_size': 6, 'attention_head_size': 2, 'learning_rate': 0.05408694683945194}. Best is trial 0 with value: 79.60243225097656.
[I 2023-12-27 11:28:29,236] Trial 41 finished with value: 694.280517578125 and parameters: {'gradient_clip_val': 0.14228014338374284, 'hidden_size': 11, 'dropout': 0.16417418126772182, 'hidden_continuous_size': 5, 'attention_head_size': 2, 'learning_rate': 0.0273407633177903}. Best is trial 0 with value: 79.60243225097656.
[I 2023-12-27 11:28:29,641] Trial 42 finished with value: 880.9550170898438 and parameters: {'gradient_clip_val': 0.1286429474152785, 'hidden_size': 15, 'dropout': 0.18983077771195736, 'hidden_continuous_size': 6, 'attention_head_size': 2, 'learning_rate': 0.04267132541597541}. Best is trial 0 with value: 79.60243225097656.
[I 2023-12-27 11:28:30,049] Trial 43 finished with value: 645.8840942382812 and parameters: {'gradient_clip_val': 0.1577409066947395, 'hidden_size': 12, 'dropout': 0.16532467401665912, 'hidden_continuous_size': 6, 'attention_head_size': 3, 'learning_rate': 0.021045398652333607}. Best is trial 0 with value: 79.60243225097656.
[I 2023-12-27 11:28:30,449] Trial 44 finished with value: 814.6911010742188 and parameters: {'gradient_clip_val': 0.11468449291529138, 'hidden_size': 17, 'dropout': 0.2035523409579793, 'hidden_continuous_size': 10, 'attention_head_size': 1, 'learning_rate': 0.033161263801177523}. Best is trial 0 with value: 79.60243225097656.
[I 2023-12-27 11:28:30,862] Trial 45 finished with value: 618.9530639648438 and parameters: {'gradient_clip_val': 0.18436905718733793, 'hidden_size': 10, 'dropout': 0.13816344223622934, 'hidden_continuous_size': 5, 'attention_head_size': 4, 'learning_rate': 0.057590787054824996}. Best is trial 0 with value: 79.60243225097656.
[I 2023-12-27 11:28:31,268] Trial 46 finished with value: 773.4992065429688 and parameters: {'gradient_clip_val': 0.1412401020513732, 'hidden_size': 13, 'dropout': 0.17781410948027027, 'hidden_continuous_size': 7, 'attention_head_size': 3, 'learning_rate': 0.00543720839481719}. Best is trial 0 with value: 79.60243225097656.
[I 2023-12-27 11:28:31,683] Trial 47 finished with value: 711.1521606445312 and parameters: {'gradient_clip_val': 0.11231770109457778, 'hidden_size': 15, 'dropout': 0.22245063594290992, 'hidden_continuous_size': 8, 'attention_head_size': 4, 'learning_rate': 0.0792897787998485}. Best is trial 0 with value: 79.60243225097656.
[I 2023-12-27 11:28:32,078] Trial 48 finished with value: 858.0149536132812 and parameters: {'gradient_clip_val': 0.10132761225875624, 'hidden_size': 11, 'dropout': 0.15557538662144846, 'hidden_continuous_size': 6, 'attention_head_size': 2, 'learning_rate': 0.040540748455116925}. Best is trial 0 with value: 79.60243225097656.
[I 2023-12-27 11:28:32,717] Trial 49 finished with value: 912.1301879882812 and parameters: {'gradient_clip_val': 0.12987395783774625, 'hidden_size': 22, 'dropout': 0.12582280224911688, 'hidden_continuous_size': 12, 'attention_head_size': 4, 'learning_rate': 0.09854539832596362}. Best is trial 0 with value: 79.60243225097656.
[I 2023-12-27 11:28:32,826] A new study created in memory with name: no-name-f148da7c-087b-45dc-9445-8f3131ef5358
/home/le004/conda/anaconda3/envs/tsff_env/lib/python3.9/site-packages/lightning/fabric/plugins/environments/slurm.py:191: The `srun` command is available on your system but is not used. HINT: If your intention is to run Lightning on SLURM, prepend your python command with `srun` like so: srun python /home/le004/master_thesis/git/TSFusionForecast/code/ ...
[I 2023-12-27 11:29:08,194] Trial 0 finished with value: 211.2495574951172 and parameters: {'gradient_clip_val': 0.538630630647506, 'hidden_size': 68, 'dropout': 0.44768190745445635, 'hidden_continuous_size': 10, 'attention_head_size': 4, 'learning_rate': 0.02359521701100612}. Best is trial 0 with value: 211.2495574951172.
[I 2023-12-27 11:29:08,717] Trial 1 finished with value: 1087.7843017578125 and parameters: {'gradient_clip_val': 0.20065824785499561, 'hidden_size': 98, 'dropout': 0.29012404519628465, 'hidden_continuous_size': 76, 'attention_head_size': 1, 'learning_rate': 0.01687371404546861}. Best is trial 0 with value: 211.2495574951172.
[I 2023-12-27 11:29:09,091] Trial 2 finished with value: 1216.666748046875 and parameters: {'gradient_clip_val': 0.46125745637587834, 'hidden_size': 9, 'dropout': 0.10366176941774086, 'hidden_continuous_size': 7, 'attention_head_size': 3, 'learning_rate': 0.0028618357770304396}. Best is trial 0 with value: 211.2495574951172.
[I 2023-12-27 11:29:09,450] Trial 3 finished with value: 1557.8453369140625 and parameters: {'gradient_clip_val': 0.17212833154761847, 'hidden_size': 6, 'dropout': 0.3370650547415388, 'hidden_continuous_size': 5, 'attention_head_size': 2, 'learning_rate': 0.04713312778529125}. Best is trial 0 with value: 211.2495574951172.
[I 2023-12-27 11:29:09,835] Trial 4 finished with value: 1084.645263671875 and parameters: {'gradient_clip_val': 0.13100428332881847, 'hidden_size': 23, 'dropout': 0.1904514307995817, 'hidden_continuous_size': 10, 'attention_head_size': 2, 'learning_rate': 0.011727968030258272}. Best is trial 0 with value: 211.2495574951172.
[I 2023-12-27 11:29:10,199] Trial 5 finished with value: 1242.086669921875 and parameters: {'gradient_clip_val': 0.24784771575023923, 'hidden_size': 17, 'dropout': 0.22928650729827882, 'hidden_continuous_size': 5, 'attention_head_size': 1, 'learning_rate': 0.03660500009884521}. Best is trial 0 with value: 211.2495574951172.
[I 2023-12-27 11:29:10,567] Trial 6 finished with value: 1630.193359375 and parameters: {'gradient_clip_val': 0.6198748836232402, 'hidden_size': 6, 'dropout': 0.28017244899168914, 'hidden_continuous_size': 5, 'attention_head_size': 3, 'learning_rate': 0.04087215690744601}. Best is trial 0 with value: 211.2495574951172.
[I 2023-12-27 11:29:10,952] Trial 7 finished with value: 1401.0576171875 and parameters: {'gradient_clip_val': 0.8682082742837943, 'hidden_size': 32, 'dropout': 0.4458585849849236, 'hidden_continuous_size': 23, 'attention_head_size': 1, 'learning_rate': 0.007673664102889234}. Best is trial 0 with value: 211.2495574951172.
[I 2023-12-27 11:29:11,326] Trial 8 finished with value: 1442.0574951171875 and parameters: {'gradient_clip_val': 0.4658976696587314, 'hidden_size': 14, 'dropout': 0.35446053316452786, 'hidden_continuous_size': 5, 'attention_head_size': 3, 'learning_rate': 0.08772920503531868}. Best is trial 0 with value: 211.2495574951172.
[I 2023-12-27 11:29:11,978] Trial 9 finished with value: 1685.12451171875 and parameters: {'gradient_clip_val': 0.1357104020726568, 'hidden_size': 124, 'dropout': 0.35422054226676936, 'hidden_continuous_size': 109, 'attention_head_size': 4, 'learning_rate': 0.0018427337405090064}. Best is trial 0 with value: 211.2495574951172.
[I 2023-12-27 11:29:12,439] Trial 10 finished with value: 1075.92919921875 and parameters: {'gradient_clip_val': 0.33554966473069375, 'hidden_size': 61, 'dropout': 0.49107528892129304, 'hidden_continuous_size': 13, 'attention_head_size': 4, 'learning_rate': 0.0008786398268510317}. Best is trial 0 with value: 211.2495574951172.
[I 2023-12-27 11:29:13,136] Trial 11 finished with value: 1424.75244140625 and parameters: {'gradient_clip_val': 0.3247971657324162, 'hidden_size': 55, 'dropout': 0.489916853084826, 'hidden_continuous_size': 13, 'attention_head_size': 4, 'learning_rate': 0.0005398547185416607}. Best is trial 0 with value: 211.2495574951172.
[I 2023-12-27 11:29:13,590] Trial 12 finished with value: 1657.9766845703125 and parameters: {'gradient_clip_val': 0.326160706794696, 'hidden_size': 56, 'dropout': 0.43497307101505656, 'hidden_continuous_size': 17, 'attention_head_size': 4, 'learning_rate': 0.0005035208596234887}. Best is trial 0 with value: 211.2495574951172.
[I 2023-12-27 11:29:14,080] Trial 13 finished with value: 1472.8355712890625 and parameters: {'gradient_clip_val': 0.10074768191456161, 'hidden_size': 63, 'dropout': 0.49105588381392795, 'hidden_continuous_size': 10, 'attention_head_size': 4, 'learning_rate': 0.0026721615617083085}. Best is trial 0 with value: 211.2495574951172.
[I 2023-12-27 11:29:14,701] Trial 14 finished with value: 1350.0439453125 and parameters: {'gradient_clip_val': 0.44354225635512484, 'hidden_size': 138, 'dropout': 0.4047459157419555, 'hidden_continuous_size': 41, 'attention_head_size': 3, 'learning_rate': 0.005304229220783293}. Best is trial 0 with value: 211.2495574951172.
[I 2023-12-27 11:29:15,123] Trial 15 finished with value: 1471.01708984375 and parameters: {'gradient_clip_val': 0.6263276749543097, 'hidden_size': 33, 'dropout': 0.4931247114964704, 'hidden_continuous_size': 9, 'attention_head_size': 4, 'learning_rate': 0.000980181243544309}. Best is trial 0 with value: 211.2495574951172.
[I 2023-12-27 11:29:15,624] Trial 16 finished with value: 1630.4073486328125 and parameters: {'gradient_clip_val': 0.2661104463451086, 'hidden_size': 76, 'dropout': 0.40414787074102587, 'hidden_continuous_size': 18, 'attention_head_size': 4, 'learning_rate': 0.018102220246353648}. Best is trial 0 with value: 211.2495574951172.
[I 2023-12-27 11:29:16,053] Trial 17 finished with value: 1412.1605224609375 and parameters: {'gradient_clip_val': 0.9794881071390392, 'hidden_size': 43, 'dropout': 0.44773978097014455, 'hidden_continuous_size': 12, 'attention_head_size': 2, 'learning_rate': 0.0012842789938466252}. Best is trial 0 with value: 211.2495574951172.
[I 2023-12-27 11:29:16,554] Trial 18 finished with value: 1281.11669921875 and parameters: {'gradient_clip_val': 0.3755156027858708, 'hidden_size': 82, 'dropout': 0.40755060377224744, 'hidden_continuous_size': 26, 'attention_head_size': 3, 'learning_rate': 0.00460323094269691}. Best is trial 0 with value: 211.2495574951172.
[I 2023-12-27 11:29:17,094] Trial 19 finished with value: 1065.5521240234375 and parameters: {'gradient_clip_val': 0.2626132168334625, 'hidden_size': 100, 'dropout': 0.4558743213435986, 'hidden_continuous_size': 7, 'attention_head_size': 4, 'learning_rate': 0.008714536633308765}. Best is trial 0 with value: 211.2495574951172.
[I 2023-12-27 11:29:17,615] Trial 20 finished with value: 1538.236328125 and parameters: {'gradient_clip_val': 0.27633468963178937, 'hidden_size': 103, 'dropout': 0.37158742199430833, 'hidden_continuous_size': 7, 'attention_head_size': 3, 'learning_rate': 0.008985465503281236}. Best is trial 0 with value: 211.2495574951172.
[I 2023-12-27 11:29:18,228] Trial 21 finished with value: 1227.0352783203125 and parameters: {'gradient_clip_val': 0.2267102751722883, 'hidden_size': 137, 'dropout': 0.4691643212877557, 'hidden_continuous_size': 14, 'attention_head_size': 4, 'learning_rate': 0.004224326316442007}. Best is trial 0 with value: 211.2495574951172.
[I 2023-12-27 11:29:18,703] Trial 22 finished with value: 1015.8244018554688 and parameters: {'gradient_clip_val': 0.29888797622494645, 'hidden_size': 78, 'dropout': 0.4607443630401095, 'hidden_continuous_size': 8, 'attention_head_size': 4, 'learning_rate': 0.015347993212974828}. Best is trial 0 with value: 211.2495574951172.
[I 2023-12-27 11:29:19,477] Trial 23 finished with value: 1291.0340576171875 and parameters: {'gradient_clip_val': 0.20788206606175588, 'hidden_size': 92, 'dropout': 0.4462574966132934, 'hidden_continuous_size': 7, 'attention_head_size': 4, 'learning_rate': 0.015988944459838568}. Best is trial 0 with value: 211.2495574951172.
[I 2023-12-27 11:29:19,920] Trial 24 finished with value: 1377.4393310546875 and parameters: {'gradient_clip_val': 0.2610996052536104, 'hidden_size': 46, 'dropout': 0.41337630959364235, 'hidden_continuous_size': 8, 'attention_head_size': 4, 'learning_rate': 0.024141792000452786}. Best is trial 0 with value: 211.2495574951172.
[I 2023-12-27 11:29:20,415] Trial 25 finished with value: 1405.95751953125 and parameters: {'gradient_clip_val': 0.3742491675013619, 'hidden_size': 81, 'dropout': 0.4542352077952703, 'hidden_continuous_size': 6, 'attention_head_size': 3, 'learning_rate': 0.011170394978188858}. Best is trial 0 with value: 211.2495574951172.
[I 2023-12-27 11:29:20,944] Trial 26 finished with value: 1331.2930908203125 and parameters: {'gradient_clip_val': 0.30545240821277686, 'hidden_size': 112, 'dropout': 0.39016311725726527, 'hidden_continuous_size': 9, 'attention_head_size': 4, 'learning_rate': 0.0071546368272151625}. Best is trial 0 with value: 211.2495574951172.
[I 2023-12-27 11:29:21,408] Trial 27 finished with value: 1374.0465087890625 and parameters: {'gradient_clip_val': 0.18269726049776824, 'hidden_size': 72, 'dropout': 0.4296400395562753, 'hidden_continuous_size': 11, 'attention_head_size': 3, 'learning_rate': 0.024108088714020696}. Best is trial 0 with value: 211.2495574951172.
[I 2023-12-27 11:29:22,058] Trial 28 finished with value: 1396.3929443359375 and parameters: {'gradient_clip_val': 0.2263457588880274, 'hidden_size': 146, 'dropout': 0.473548932119104, 'hidden_continuous_size': 8, 'attention_head_size': 4, 'learning_rate': 0.013285083586867905}. Best is trial 0 with value: 211.2495574951172.
[I 2023-12-27 11:29:22,592] Trial 29 finished with value: 1066.1295166015625 and parameters: {'gradient_clip_val': 0.2924027788388617, 'hidden_size': 108, 'dropout': 0.434154139796528, 'hidden_continuous_size': 6, 'attention_head_size': 2, 'learning_rate': 0.009292550053234648}. Best is trial 0 with value: 211.2495574951172.
[I 2023-12-27 11:29:23,113] Trial 30 finished with value: 1557.2501220703125 and parameters: {'gradient_clip_val': 0.40041061257059973, 'hidden_size': 92, 'dropout': 0.3820038400135625, 'hidden_continuous_size': 11, 'attention_head_size': 4, 'learning_rate': 0.020052798311398785}. Best is trial 0 with value: 211.2495574951172.
[I 2023-12-27 11:29:23,632] Trial 31 finished with value: 1728.3232421875 and parameters: {'gradient_clip_val': 0.29083279296819975, 'hidden_size': 106, 'dropout': 0.4648165270584655, 'hidden_continuous_size': 6, 'attention_head_size': 2, 'learning_rate': 0.010138750272529801}. Best is trial 0 with value: 211.2495574951172.
[I 2023-12-27 11:29:24,184] Trial 32 finished with value: 1459.61767578125 and parameters: {'gradient_clip_val': 0.24808595574413267, 'hidden_size': 114, 'dropout': 0.42083920724699975, 'hidden_continuous_size': 6, 'attention_head_size': 2, 'learning_rate': 0.014142972808242173}. Best is trial 0 with value: 211.2495574951172.
[I 2023-12-27 11:29:24,651] Trial 33 finished with value: 1275.580078125 and parameters: {'gradient_clip_val': 0.29188377576634106, 'hidden_size': 71, 'dropout': 0.43017676136632, 'hidden_continuous_size': 8, 'attention_head_size': 1, 'learning_rate': 0.006060831501843051}. Best is trial 0 with value: 211.2495574951172.
[I 2023-12-27 11:29:25,167] Trial 34 finished with value: 1469.8492431640625 and parameters: {'gradient_clip_val': 0.19332650090230227, 'hidden_size': 99, 'dropout': 0.4675896437719633, 'hidden_continuous_size': 6, 'attention_head_size': 2, 'learning_rate': 0.008540874365509071}. Best is trial 0 with value: 211.2495574951172.
[I 2023-12-27 11:29:25,666] Trial 35 finished with value: 1396.5577392578125 and parameters: {'gradient_clip_val': 0.22436740451408244, 'hidden_size': 87, 'dropout': 0.31877599026778775, 'hidden_continuous_size': 9, 'attention_head_size': 2, 'learning_rate': 0.027068254894936774}. Best is trial 0 with value: 211.2495574951172.
[I 2023-12-27 11:29:26,207] Trial 36 finished with value: 1350.2657470703125 and parameters: {'gradient_clip_val': 0.3352997829315868, 'hidden_size': 117, 'dropout': 0.3925805980502572, 'hidden_continuous_size': 7, 'attention_head_size': 3, 'learning_rate': 0.012892306402069741}. Best is trial 0 with value: 211.2495574951172.
[I 2023-12-27 11:29:26,987] Trial 37 finished with value: 1304.4991455078125 and parameters: {'gradient_clip_val': 0.25611237111377366, 'hidden_size': 145, 'dropout': 0.4336783111710133, 'hidden_continuous_size': 5, 'attention_head_size': 1, 'learning_rate': 0.029797129636794515}. Best is trial 0 with value: 211.2495574951172.
[I 2023-12-27 11:29:27,403] Trial 38 finished with value: 1768.72314453125 and parameters: {'gradient_clip_val': 0.5236505350890912, 'hidden_size': 53, 'dropout': 0.46197796986010115, 'hidden_continuous_size': 10, 'attention_head_size': 2, 'learning_rate': 0.04935917931085417}. Best is trial 0 with value: 211.2495574951172.
[I 2023-12-27 11:29:27,860] Trial 39 finished with value: 1625.9249267578125 and parameters: {'gradient_clip_val': 0.3693676035935781, 'hidden_size': 71, 'dropout': 0.3763292447040963, 'hidden_continuous_size': 5, 'attention_head_size': 3, 'learning_rate': 0.01741701757917044}. Best is trial 0 with value: 211.2495574951172.
[I 2023-12-27 11:29:28,265] Trial 40 finished with value: 1165.67333984375 and parameters: {'gradient_clip_val': 0.16078334037442799, 'hidden_size': 40, 'dropout': 0.41940974279983256, 'hidden_continuous_size': 7, 'attention_head_size': 3, 'learning_rate': 0.010200860063385777}. Best is trial 0 with value: 211.2495574951172.
[I 2023-12-27 11:29:28,711] Trial 41 finished with value: 1549.7613525390625 and parameters: {'gradient_clip_val': 0.3376241550664568, 'hidden_size': 63, 'dropout': 0.49834041455359696, 'hidden_continuous_size': 13, 'attention_head_size': 4, 'learning_rate': 0.007279588447366262}. Best is trial 0 with value: 211.2495574951172.
[I 2023-12-27 11:29:29,227] Trial 42 finished with value: 1192.2589111328125 and parameters: {'gradient_clip_val': 0.30217236459905616, 'hidden_size': 95, 'dropout': 0.4782827925006962, 'hidden_continuous_size': 15, 'attention_head_size': 4, 'learning_rate': 0.005826148851346736}. Best is trial 0 with value: 211.2495574951172.
[I 2023-12-27 11:29:29,655] Trial 43 finished with value: 1055.78271484375 and parameters: {'gradient_clip_val': 0.40797562630997175, 'hidden_size': 62, 'dropout': 0.48220129085158037, 'hidden_continuous_size': 11, 'attention_head_size': 4, 'learning_rate': 0.003647830067874644}. Best is trial 0 with value: 211.2495574951172.
[I 2023-12-27 11:29:30,082] Trial 44 finished with value: 1901.39306640625 and parameters: {'gradient_clip_val': 0.43825219705128116, 'hidden_size': 51, 'dropout': 0.4439454881497809, 'hidden_continuous_size': 11, 'attention_head_size': 4, 'learning_rate': 0.013313285136764014}. Best is trial 0 with value: 211.2495574951172.
[I 2023-12-27 11:29:30,523] Trial 45 finished with value: 1509.2906494140625 and parameters: {'gradient_clip_val': 0.5085090100037086, 'hidden_size': 64, 'dropout': 0.4792511477328816, 'hidden_continuous_size': 8, 'attention_head_size': 4, 'learning_rate': 0.0034833477118343305}. Best is trial 0 with value: 211.2495574951172.
[I 2023-12-27 11:29:31,036] Trial 46 finished with value: 1487.626953125 and parameters: {'gradient_clip_val': 0.28099924385800257, 'hidden_size': 124, 'dropout': 0.45325964504074795, 'hidden_continuous_size': 10, 'attention_head_size': 4, 'learning_rate': 0.008853573665967429}. Best is trial 0 with value: 211.2495574951172.
