[I 2023-12-26 17:41:32,932] Trial 9 finished with value: 316.387451171875 and parameters: {'gradient_clip_val': 0.27133554372363267, 'hidden_size': 59, 'dropout': 0.43850392328293986, 'hidden_continuous_size': 20, 'attention_head_size': 2, 'learning_rate': 0.0037228284922873702}. Best is trial 0 with value: 112.0430908203125.
[I 2023-12-26 17:41:35,652] Trial 10 finished with value: 277.6173095703125 and parameters: {'gradient_clip_val': 0.9734148557130853, 'hidden_size': 20, 'dropout': 0.1616157844309845, 'hidden_continuous_size': 9, 'attention_head_size': 3, 'learning_rate': 0.021085931637300347}. Best is trial 0 with value: 112.0430908203125.
[I 2023-12-26 17:41:39,226] Trial 11 finished with value: 273.0267333984375 and parameters: {'gradient_clip_val': 0.24444621873493752, 'hidden_size': 36, 'dropout': 0.2512731008120296, 'hidden_continuous_size': 7, 'attention_head_size': 2, 'learning_rate': 0.0008635661734658423}. Best is trial 0 with value: 112.0430908203125.
[I 2023-12-26 17:41:41,844] Trial 12 finished with value: 339.0612487792969 and parameters: {'gradient_clip_val': 0.10870036497775512, 'hidden_size': 17, 'dropout': 0.3223899105868815, 'hidden_continuous_size': 6, 'attention_head_size': 3, 'learning_rate': 0.0005073504491208314}. Best is trial 0 with value: 112.0430908203125.
[I 2023-12-26 17:41:45,622] Trial 13 finished with value: 363.8531494140625 and parameters: {'gradient_clip_val': 0.3415221098668185, 'hidden_size': 40, 'dropout': 0.198951179205887, 'hidden_continuous_size': 11, 'attention_head_size': 1, 'learning_rate': 0.004045408639770676}. Best is trial 0 with value: 112.0430908203125.
[I 2023-12-26 17:41:49,958] Trial 14 finished with value: 468.7525329589844 and parameters: {'gradient_clip_val': 0.19199082803745296, 'hidden_size': 45, 'dropout': 0.11635357748298786, 'hidden_continuous_size': 15, 'attention_head_size': 2, 'learning_rate': 0.0057289006845676425}. Best is trial 0 with value: 112.0430908203125.
[I 2023-12-26 17:41:53,221] Trial 15 finished with value: 408.0922546386719 and parameters: {'gradient_clip_val': 0.3410452413079059, 'hidden_size': 23, 'dropout': 0.3728332233962431, 'hidden_continuous_size': 7, 'attention_head_size': 3, 'learning_rate': 0.0025433823659951464}. Best is trial 0 with value: 112.0430908203125.
[I 2023-12-26 17:41:55,794] Trial 16 finished with value: 356.8447570800781 and parameters: {'gradient_clip_val': 0.672270198819483, 'hidden_size': 13, 'dropout': 0.26830334466257155, 'hidden_continuous_size': 6, 'attention_head_size': 1, 'learning_rate': 0.0009536806323858364}. Best is trial 0 with value: 112.0430908203125.
[I 2023-12-26 17:42:08,528] Trial 17 finished with value: 363.4754638671875 and parameters: {'gradient_clip_val': 0.3483253365165632, 'hidden_size': 150, 'dropout': 0.21958657138906834, 'hidden_continuous_size': 90, 'attention_head_size': 2, 'learning_rate': 0.008191268719159435}. Best is trial 0 with value: 112.0430908203125.
[I 2023-12-26 17:42:11,844] Trial 18 finished with value: 276.0269470214844 and parameters: {'gradient_clip_val': 0.19972080429110126, 'hidden_size': 30, 'dropout': 0.30227131143563885, 'hidden_continuous_size': 5, 'attention_head_size': 3, 'learning_rate': 0.019989682461436658}. Best is trial 0 with value: 112.0430908203125.
[I 2023-12-26 17:42:16,123] Trial 19 finished with value: 454.0438232421875 and parameters: {'gradient_clip_val': 0.643481635000788, 'hidden_size': 49, 'dropout': 0.3552304586771663, 'hidden_continuous_size': 8, 'attention_head_size': 4, 'learning_rate': 0.0005593307178134042}. Best is trial 0 with value: 112.0430908203125.
[I 2023-12-26 17:42:19,463] Trial 20 finished with value: 350.7453308105469 and parameters: {'gradient_clip_val': 0.38725717690482264, 'hidden_size': 31, 'dropout': 0.27409461483237313, 'hidden_continuous_size': 5, 'attention_head_size': 1, 'learning_rate': 0.001415370357832685}. Best is trial 0 with value: 112.0430908203125.
[I 2023-12-26 17:42:25,709] Trial 21 finished with value: 234.2223663330078 and parameters: {'gradient_clip_val': 0.10546165316149489, 'hidden_size': 75, 'dropout': 0.4077316058841285, 'hidden_continuous_size': 11, 'attention_head_size': 2, 'learning_rate': 0.0019570366990378264}. Best is trial 0 with value: 112.0430908203125.
[I 2023-12-26 17:42:31,219] Trial 22 finished with value: 287.60137939453125 and parameters: {'gradient_clip_val': 0.10788084477379037, 'hidden_size': 67, 'dropout': 0.3905051909892031, 'hidden_continuous_size': 10, 'attention_head_size': 2, 'learning_rate': 0.0028396402721304745}. Best is trial 0 with value: 112.0430908203125.
[I 2023-12-26 17:42:35,703] Trial 23 finished with value: 357.9188537597656 and parameters: {'gradient_clip_val': 0.2910902109464507, 'hidden_size': 51, 'dropout': 0.3441958400125771, 'hidden_continuous_size': 12, 'attention_head_size': 3, 'learning_rate': 0.001080060449307952}. Best is trial 0 with value: 112.0430908203125.
[I 2023-12-26 17:42:41,747] Trial 24 finished with value: 344.6080627441406 and parameters: {'gradient_clip_val': 0.20052929748259035, 'hidden_size': 70, 'dropout': 0.41314425505178953, 'hidden_continuous_size': 14, 'attention_head_size': 1, 'learning_rate': 0.0017937574991266927}. Best is trial 0 with value: 112.0430908203125.
[I 2023-12-26 17:42:48,104] Trial 25 finished with value: 334.9115295410156 and parameters: {'gradient_clip_val': 0.15750019458177175, 'hidden_size': 76, 'dropout': 0.302838891760433, 'hidden_continuous_size': 9, 'attention_head_size': 2, 'learning_rate': 0.0008352613668079984}. Best is trial 0 with value: 112.0430908203125.
[I 2023-12-26 17:42:58,934] Trial 26 finished with value: 391.6462707519531 and parameters: {'gradient_clip_val': 0.1001037395424612, 'hidden_size': 138, 'dropout': 0.40210719013295915, 'hidden_continuous_size': 14, 'attention_head_size': 3, 'learning_rate': 0.0043317310390532755}. Best is trial 0 with value: 112.0430908203125.
[I 2023-12-26 17:43:03,031] Trial 27 finished with value: 300.7480773925781 and parameters: {'gradient_clip_val': 0.12915701406697888, 'hidden_size': 38, 'dropout': 0.339672571147419, 'hidden_continuous_size': 10, 'attention_head_size': 2, 'learning_rate': 0.0018163517708492806}. Best is trial 0 with value: 112.0430908203125.
[I 2023-12-26 17:43:07,698] Trial 28 finished with value: 370.9293212890625 and parameters: {'gradient_clip_val': 0.295587606597146, 'hidden_size': 53, 'dropout': 0.38235140662591277, 'hidden_continuous_size': 6, 'attention_head_size': 1, 'learning_rate': 0.000719787280877942}. Best is trial 0 with value: 112.0430908203125.
[I 2023-12-26 17:43:16,172] Trial 29 finished with value: 340.7112731933594 and parameters: {'gradient_clip_val': 0.12887912678076718, 'hidden_size': 101, 'dropout': 0.44807739398950613, 'hidden_continuous_size': 15, 'attention_head_size': 2, 'learning_rate': 0.0015704571245639225}. Best is trial 0 with value: 112.0430908203125.
[I 2023-12-26 17:43:23,398] Trial 30 finished with value: 378.47314453125 and parameters: {'gradient_clip_val': 0.15827212304088473, 'hidden_size': 88, 'dropout': 0.29066143027308544, 'hidden_continuous_size': 17, 'attention_head_size': 3, 'learning_rate': 0.0012250895306239265}. Best is trial 0 with value: 112.0430908203125.
[I 2023-12-26 17:43:32,928] Trial 31 finished with value: 362.6863708496094 and parameters: {'gradient_clip_val': 0.11889731415471905, 'hidden_size': 122, 'dropout': 0.47213569971105396, 'hidden_continuous_size': 26, 'attention_head_size': 2, 'learning_rate': 0.0023817132282661292}. Best is trial 0 with value: 112.0430908203125.
[I 2023-12-26 17:43:39,960] Trial 32 finished with value: 373.5218200683594 and parameters: {'gradient_clip_val': 0.1300587578348306, 'hidden_size': 83, 'dropout': 0.43992547329972437, 'hidden_continuous_size': 20, 'attention_head_size': 1, 'learning_rate': 0.005761417730699362}. Best is trial 0 with value: 112.0430908203125.
[I 2023-12-26 17:43:48,782] Trial 33 finished with value: 305.9195556640625 and parameters: {'gradient_clip_val': 0.1004973400178328, 'hidden_size': 106, 'dropout': 0.4878846871723358, 'hidden_continuous_size': 33, 'attention_head_size': 2, 'learning_rate': 0.0006881473424923668}. Best is trial 0 with value: 112.0430908203125.
[I 2023-12-26 17:43:53,198] Trial 34 finished with value: 278.3609313964844 and parameters: {'gradient_clip_val': 0.23360466572152302, 'hidden_size': 62, 'dropout': 0.41991300526214914, 'hidden_continuous_size': 11, 'attention_head_size': 4, 'learning_rate': 0.00192381286090728}. Best is trial 0 with value: 112.0430908203125.
[I 2023-12-26 17:43:59,171] Trial 35 finished with value: 387.0824279785156 and parameters: {'gradient_clip_val': 0.4150609966414525, 'hidden_size': 89, 'dropout': 0.4610206076889636, 'hidden_continuous_size': 34, 'attention_head_size': 1, 'learning_rate': 0.003303048574060964}. Best is trial 0 with value: 112.0430908203125.
[I 2023-12-26 17:44:06,678] Trial 36 finished with value: 232.29669189453125 and parameters: {'gradient_clip_val': 0.1470255082118603, 'hidden_size': 119, 'dropout': 0.49822703720573275, 'hidden_continuous_size': 7, 'attention_head_size': 3, 'learning_rate': 0.001132686260121121}. Best is trial 0 with value: 112.0430908203125.
[I 2023-12-26 17:44:15,419] Trial 37 finished with value: 398.8573303222656 and parameters: {'gradient_clip_val': 0.15442880539304754, 'hidden_size': 129, 'dropout': 0.4907006651353209, 'hidden_continuous_size': 8, 'attention_head_size': 3, 'learning_rate': 0.0010791273700561542}. Best is trial 0 with value: 112.0430908203125.
[I 2023-12-26 17:44:23,414] Trial 38 finished with value: 339.70745849609375 and parameters: {'gradient_clip_val': 0.1419052455805007, 'hidden_size': 111, 'dropout': 0.39939498261212136, 'hidden_continuous_size': 7, 'attention_head_size': 4, 'learning_rate': 0.001156756537833174}. Best is trial 0 with value: 112.0430908203125.
[I 2023-12-26 17:44:30,172] Trial 39 finished with value: 341.5121154785156 and parameters: {'gradient_clip_val': 0.17469684264448837, 'hidden_size': 77, 'dropout': 0.3715648292946101, 'hidden_continuous_size': 6, 'attention_head_size': 3, 'learning_rate': 0.0021095485350837483}. Best is trial 0 with value: 112.0430908203125.
[I 2023-12-26 17:44:34,433] Trial 40 finished with value: 274.60540771484375 and parameters: {'gradient_clip_val': 0.11646165365637258, 'hidden_size': 57, 'dropout': 0.41947613231300374, 'hidden_continuous_size': 5, 'attention_head_size': 3, 'learning_rate': 0.0014552290763877585}. Best is trial 0 with value: 112.0430908203125.
[I 2023-12-26 17:44:40,963] Trial 41 finished with value: 266.4597473144531 and parameters: {'gradient_clip_val': 0.14332698431751603, 'hidden_size': 113, 'dropout': 0.45967463914903073, 'hidden_continuous_size': 8, 'attention_head_size': 2, 'learning_rate': 0.0027077344680073025}. Best is trial 0 with value: 112.0430908203125.
[I 2023-12-26 17:44:45,944] Trial 42 finished with value: 314.2831115722656 and parameters: {'gradient_clip_val': 0.23078673232476274, 'hidden_size': 72, 'dropout': 0.4960333350680026, 'hidden_continuous_size': 9, 'attention_head_size': 3, 'learning_rate': 0.0006725498475143995}. Best is trial 0 with value: 112.0430908203125.
[I 2023-12-26 17:44:52,393] Trial 43 finished with value: 282.9042053222656 and parameters: {'gradient_clip_val': 0.174373772589128, 'hidden_size': 89, 'dropout': 0.4447585900733562, 'hidden_continuous_size': 12, 'attention_head_size': 3, 'learning_rate': 0.0009023732342357197}. Best is trial 0 with value: 112.0430908203125.
[I 2023-12-26 17:44:59,224] Trial 44 finished with value: 361.349365234375 and parameters: {'gradient_clip_val': 0.12597861477599834, 'hidden_size': 96, 'dropout': 0.4722896855045419, 'hidden_continuous_size': 7, 'attention_head_size': 2, 'learning_rate': 0.0014704193560082263}. Best is trial 0 with value: 112.0430908203125.
[I 2023-12-26 17:45:07,466] Trial 45 finished with value: 334.848876953125 and parameters: {'gradient_clip_val': 0.25928819248054435, 'hidden_size': 132, 'dropout': 0.43287022554371873, 'hidden_continuous_size': 41, 'attention_head_size': 3, 'learning_rate': 0.0033876664529444906}. Best is trial 0 with value: 112.0430908203125.
[I 2023-12-26 17:45:11,648] Trial 46 finished with value: 320.7344055175781 and parameters: {'gradient_clip_val': 0.11422183526537925, 'hidden_size': 63, 'dropout': 0.4984573684164304, 'hidden_continuous_size': 18, 'attention_head_size': 2, 'learning_rate': 0.0022360161073052554}. Best is trial 0 with value: 112.0430908203125.
[I 2023-12-26 17:45:14,962] Trial 47 finished with value: 254.30401611328125 and parameters: {'gradient_clip_val': 0.4344141688188588, 'hidden_size': 45, 'dropout': 0.47580047222638566, 'hidden_continuous_size': 13, 'attention_head_size': 4, 'learning_rate': 0.009274102235102864}. Best is trial 0 with value: 112.0430908203125.
[I 2023-12-26 17:45:17,938] Trial 48 finished with value: 373.7422790527344 and parameters: {'gradient_clip_val': 0.5016470212454743, 'hidden_size': 43, 'dropout': 0.4745121596790157, 'hidden_continuous_size': 13, 'attention_head_size': 4, 'learning_rate': 0.01038155168691805}. Best is trial 0 with value: 112.0430908203125.
[I 2023-12-26 17:45:20,583] Trial 49 finished with value: 264.3628845214844 and parameters: {'gradient_clip_val': 0.473393024052707, 'hidden_size': 33, 'dropout': 0.4509008387415948, 'hidden_continuous_size': 11, 'attention_head_size': 4, 'learning_rate': 0.012770945524378055}. Best is trial 0 with value: 112.0430908203125.
