[I 2023-12-16 10:12:06,926] Trial 29 finished with value: 327.1630554199219 and parameters: {'gradient_clip_val': 0.1493106761104344, 'hidden_size': 22, 'dropout': 0.24474210874766406, 'hidden_continuous_size': 6, 'attention_head_size': 1, 'learning_rate': 0.0008736923128761501}. Best is trial 6 with value: 68.05831146240234.
LOCAL_RANK: 0 - CUDA_VISIBLE_DEVICES: [0]
[I 2023-12-16 10:13:00,495] Trial 30 finished with value: 242.89158630371094 and parameters: {'gradient_clip_val': 0.11342751760413099, 'hidden_size': 38, 'dropout': 0.23537280822471365, 'hidden_continuous_size': 15, 'attention_head_size': 4, 'learning_rate': 0.0005524286340092732}. Best is trial 6 with value: 68.05831146240234.
LOCAL_RANK: 0 - CUDA_VISIBLE_DEVICES: [0]
[I 2023-12-16 10:13:53,318] Trial 31 finished with value: 504.3550720214844 and parameters: {'gradient_clip_val': 0.13892140673109668, 'hidden_size': 70, 'dropout': 0.24724279363278934, 'hidden_continuous_size': 7, 'attention_head_size': 2, 'learning_rate': 0.0014114982649288325}. Best is trial 6 with value: 68.05831146240234.
LOCAL_RANK: 0 - CUDA_VISIBLE_DEVICES: [0]
[I 2023-12-16 10:14:46,084] Trial 32 finished with value: 163.45248413085938 and parameters: {'gradient_clip_val': 0.166018058395748, 'hidden_size': 54, 'dropout': 0.21762090355791047, 'hidden_continuous_size': 12, 'attention_head_size': 1, 'learning_rate': 0.0010274588932953621}. Best is trial 6 with value: 68.05831146240234.
LOCAL_RANK: 0 - CUDA_VISIBLE_DEVICES: [0]
[I 2023-12-16 10:15:38,036] Trial 33 finished with value: 798.400390625 and parameters: {'gradient_clip_val': 0.18274714048918939, 'hidden_size': 80, 'dropout': 0.17532958913181843, 'hidden_continuous_size': 5, 'attention_head_size': 3, 'learning_rate': 0.0021868138037616264}. Best is trial 6 with value: 68.05831146240234.
LOCAL_RANK: 0 - CUDA_VISIBLE_DEVICES: [0]
[I 2023-12-16 10:16:31,337] Trial 34 finished with value: 157.57554626464844 and parameters: {'gradient_clip_val': 0.13533766518756107, 'hidden_size': 63, 'dropout': 0.13821849823680582, 'hidden_continuous_size': 14, 'attention_head_size': 1, 'learning_rate': 0.0011863453199496081}. Best is trial 6 with value: 68.05831146240234.
LOCAL_RANK: 0 - CUDA_VISIBLE_DEVICES: [0]
[I 2023-12-16 10:17:26,131] Trial 35 finished with value: 193.3211212158203 and parameters: {'gradient_clip_val': 0.11847000863676244, 'hidden_size': 83, 'dropout': 0.20027096419010088, 'hidden_continuous_size': 20, 'attention_head_size': 2, 'learning_rate': 0.0029351102614644893}. Best is trial 6 with value: 68.05831146240234.
LOCAL_RANK: 0 - CUDA_VISIBLE_DEVICES: [0]
[I 2023-12-16 10:18:17,357] Trial 36 finished with value: 216.8314971923828 and parameters: {'gradient_clip_val': 0.11059856137589523, 'hidden_size': 47, 'dropout': 0.23313527119614727, 'hidden_continuous_size': 5, 'attention_head_size': 3, 'learning_rate': 0.001653412282026665}. Best is trial 6 with value: 68.05831146240234.
LOCAL_RANK: 0 - CUDA_VISIBLE_DEVICES: [0]
[I 2023-12-16 10:19:02,813] Trial 37 finished with value: 84.43197631835938 and parameters: {'gradient_clip_val': 0.1337152263270557, 'hidden_size': 16, 'dropout': 0.2550566516704387, 'hidden_continuous_size': 7, 'attention_head_size': 1, 'learning_rate': 0.0007422671966774669}. Best is trial 6 with value: 68.05831146240234.
LOCAL_RANK: 0 - CUDA_VISIBLE_DEVICES: [0]
[I 2023-12-16 10:19:49,733] Trial 38 finished with value: 370.7812805175781 and parameters: {'gradient_clip_val': 0.10056766602529231, 'hidden_size': 15, 'dropout': 0.2365705780905805, 'hidden_continuous_size': 9, 'attention_head_size': 1, 'learning_rate': 0.0006653002743561837}. Best is trial 6 with value: 68.05831146240234.
LOCAL_RANK: 0 - CUDA_VISIBLE_DEVICES: [0]
[I 2023-12-16 10:20:35,329] Trial 39 finished with value: 373.1003112792969 and parameters: {'gradient_clip_val': 0.12470477090873557, 'hidden_size': 16, 'dropout': 0.2588813920816135, 'hidden_continuous_size': 7, 'attention_head_size': 1, 'learning_rate': 0.0005091346463996387}. Best is trial 6 with value: 68.05831146240234.
LOCAL_RANK: 0 - CUDA_VISIBLE_DEVICES: [0]
[I 2023-12-16 10:21:21,127] Trial 40 finished with value: 273.76727294921875 and parameters: {'gradient_clip_val': 0.1377694428301821, 'hidden_size': 12, 'dropout': 0.2960890109649729, 'hidden_continuous_size': 6, 'attention_head_size': 4, 'learning_rate': 0.0008037166235912534}. Best is trial 6 with value: 68.05831146240234.
LOCAL_RANK: 0 - CUDA_VISIBLE_DEVICES: [0]
[I 2023-12-16 10:22:09,630] Trial 41 finished with value: 387.3379821777344 and parameters: {'gradient_clip_val': 0.11294424054838276, 'hidden_size': 19, 'dropout': 0.2212871047702728, 'hidden_continuous_size': 8, 'attention_head_size': 2, 'learning_rate': 0.001043471009077789}. Best is trial 6 with value: 68.05831146240234.
LOCAL_RANK: 0 - CUDA_VISIBLE_DEVICES: [0]
[I 2023-12-16 10:22:56,540] Trial 42 finished with value: 525.0508422851562 and parameters: {'gradient_clip_val': 0.1366143763238887, 'hidden_size': 17, 'dropout': 0.2511385808703504, 'hidden_continuous_size': 7, 'attention_head_size': 1, 'learning_rate': 0.0007631818690745473}. Best is trial 6 with value: 68.05831146240234.
LOCAL_RANK: 0 - CUDA_VISIBLE_DEVICES: [0]
[I 2023-12-16 10:23:42,292] Trial 43 finished with value: 284.843505859375 and parameters: {'gradient_clip_val': 0.20926586659773405, 'hidden_size': 11, 'dropout': 0.19528783616053655, 'hidden_continuous_size': 6, 'attention_head_size': 1, 'learning_rate': 0.0013460358686006443}. Best is trial 6 with value: 68.05831146240234.
LOCAL_RANK: 0 - CUDA_VISIBLE_DEVICES: [0]
[I 2023-12-16 10:24:27,590] Trial 44 finished with value: 132.1426239013672 and parameters: {'gradient_clip_val': 0.16472305438776633, 'hidden_size': 8, 'dropout': 0.22562141153990656, 'hidden_continuous_size': 5, 'attention_head_size': 2, 'learning_rate': 0.002173127136065562}. Best is trial 6 with value: 68.05831146240234.
LOCAL_RANK: 0 - CUDA_VISIBLE_DEVICES: [0]
[I 2023-12-16 10:25:16,829] Trial 45 finished with value: 351.384033203125 and parameters: {'gradient_clip_val': 0.10906909484154625, 'hidden_size': 22, 'dropout': 0.2084289381244716, 'hidden_continuous_size': 9, 'attention_head_size': 2, 'learning_rate': 0.018453271096736994}. Best is trial 6 with value: 68.05831146240234.
LOCAL_RANK: 0 - CUDA_VISIBLE_DEVICES: [0]
[I 2023-12-16 10:26:13,047] Trial 46 finished with value: 382.984619140625 and parameters: {'gradient_clip_val': 0.19583438204186474, 'hidden_size': 89, 'dropout': 0.23897355615217836, 'hidden_continuous_size': 26, 'attention_head_size': 4, 'learning_rate': 0.0006993059917312287}. Best is trial 6 with value: 68.05831146240234.
LOCAL_RANK: 0 - CUDA_VISIBLE_DEVICES: [0]
[I 2023-12-16 10:27:06,355] Trial 47 finished with value: 803.326171875 and parameters: {'gradient_clip_val': 0.17203555102293044, 'hidden_size': 63, 'dropout': 0.1824560913639438, 'hidden_continuous_size': 18, 'attention_head_size': 1, 'learning_rate': 0.0037330807347218543}. Best is trial 6 with value: 68.05831146240234.
LOCAL_RANK: 0 - CUDA_VISIBLE_DEVICES: [0]
[I 2023-12-16 10:27:56,111] Trial 48 finished with value: 296.5124816894531 and parameters: {'gradient_clip_val': 0.23143220363892267, 'hidden_size': 28, 'dropout': 0.16419472413429745, 'hidden_continuous_size': 10, 'attention_head_size': 4, 'learning_rate': 0.00577454928423502}. Best is trial 6 with value: 68.05831146240234.
LOCAL_RANK: 0 - CUDA_VISIBLE_DEVICES: [0]
[I 2023-12-16 10:28:44,814] Trial 49 finished with value: 426.4283142089844 and parameters: {'gradient_clip_val': 0.1489941216402399, 'hidden_size': 24, 'dropout': 0.18916458822452584, 'hidden_continuous_size': 12, 'attention_head_size': 3, 'learning_rate': 0.0034533539475808694}. Best is trial 6 with value: 68.05831146240234.
[I 2023-12-16 10:28:44,908] A new study created in memory with name: no-name-ea82c935-d3fe-48cc-917f-e22ad3a77cde
/home/le004/conda/anaconda3/envs/tsff_env/lib/python3.9/site-packages/lightning/fabric/plugins/environments/slurm.py:191: The `srun` command is available on your system but is not used. HINT: If your intention is to run Lightning on SLURM, prepend your python command with `srun` like so: srun python /home/le004/master_thesis/git/TSFusionForecast/code/ ...
LOCAL_RANK: 0 - CUDA_VISIBLE_DEVICES: [0]
[I 2023-12-16 10:29:38,242] Trial 0 finished with value: 142.8046875 and parameters: {'gradient_clip_val': 0.4311081218745788, 'hidden_size': 70, 'dropout': 0.2756142046669428, 'hidden_continuous_size': 7, 'attention_head_size': 4, 'learning_rate': 0.0013059683464134429}. Best is trial 0 with value: 142.8046875.
LOCAL_RANK: 0 - CUDA_VISIBLE_DEVICES: [0]
[I 2023-12-16 10:30:30,228] Trial 1 finished with value: 89.65301513671875 and parameters: {'gradient_clip_val': 0.5419032258351678, 'hidden_size': 58, 'dropout': 0.3351071257634515, 'hidden_continuous_size': 7, 'attention_head_size': 1, 'learning_rate': 0.039325586344878594}. Best is trial 1 with value: 89.65301513671875.
LOCAL_RANK: 0 - CUDA_VISIBLE_DEVICES: [0]
[I 2023-12-16 10:31:06,607] Trial 2 finished with value: 154.55833435058594 and parameters: {'gradient_clip_val': 0.12892492210838083, 'hidden_size': 8, 'dropout': 0.3103873870169932, 'hidden_continuous_size': 8, 'attention_head_size': 3, 'learning_rate': 0.05888288392738687}. Best is trial 1 with value: 89.65301513671875.
LOCAL_RANK: 0 - CUDA_VISIBLE_DEVICES: [0]
[I 2023-12-16 10:31:51,870] Trial 3 finished with value: 91.75809478759766 and parameters: {'gradient_clip_val': 0.23039627598193815, 'hidden_size': 16, 'dropout': 0.3591428692270906, 'hidden_continuous_size': 5, 'attention_head_size': 2, 'learning_rate': 0.0024722419344206286}. Best is trial 1 with value: 89.65301513671875.
LOCAL_RANK: 0 - CUDA_VISIBLE_DEVICES: [0]
[I 2023-12-16 10:32:39,596] Trial 4 finished with value: 155.70948791503906 and parameters: {'gradient_clip_val': 0.27456582650449546, 'hidden_size': 18, 'dropout': 0.3315944319839754, 'hidden_continuous_size': 5, 'attention_head_size': 3, 'learning_rate': 0.00555964104716253}. Best is trial 1 with value: 89.65301513671875.
LOCAL_RANK: 0 - CUDA_VISIBLE_DEVICES: [0]
[I 2023-12-16 10:33:24,684] Trial 5 finished with value: 110.80850219726562 and parameters: {'gradient_clip_val': 0.44790254138100266, 'hidden_size': 12, 'dropout': 0.1469196432726546, 'hidden_continuous_size': 8, 'attention_head_size': 1, 'learning_rate': 0.03661476658247804}. Best is trial 1 with value: 89.65301513671875.
LOCAL_RANK: 0 - CUDA_VISIBLE_DEVICES: [0]
[I 2023-12-16 10:34:13,518] Trial 6 finished with value: 136.0355987548828 and parameters: {'gradient_clip_val': 0.551697345772772, 'hidden_size': 22, 'dropout': 0.21602850037088508, 'hidden_continuous_size': 15, 'attention_head_size': 1, 'learning_rate': 0.022970587622801443}. Best is trial 1 with value: 89.65301513671875.
LOCAL_RANK: 0 - CUDA_VISIBLE_DEVICES: [0]
[I 2023-12-16 10:34:58,908] Trial 7 finished with value: 86.9052963256836 and parameters: {'gradient_clip_val': 0.25773450418471766, 'hidden_size': 12, 'dropout': 0.11750760988914415, 'hidden_continuous_size': 7, 'attention_head_size': 3, 'learning_rate': 0.0017462575592922355}. Best is trial 7 with value: 86.9052963256836.
LOCAL_RANK: 0 - CUDA_VISIBLE_DEVICES: [0]
[I 2023-12-16 10:35:51,450] Trial 8 finished with value: 185.9459228515625 and parameters: {'gradient_clip_val': 0.22410892803908486, 'hidden_size': 68, 'dropout': 0.1394519509811916, 'hidden_continuous_size': 7, 'attention_head_size': 3, 'learning_rate': 0.07866665468824749}. Best is trial 7 with value: 86.9052963256836.
LOCAL_RANK: 0 - CUDA_VISIBLE_DEVICES: [0]
[I 2023-12-16 10:36:38,098] Trial 9 finished with value: 152.4183349609375 and parameters: {'gradient_clip_val': 0.2925443397279302, 'hidden_size': 7, 'dropout': 0.23048381348905658, 'hidden_continuous_size': 5, 'attention_head_size': 2, 'learning_rate': 0.0020707672340268186}. Best is trial 7 with value: 86.9052963256836.
LOCAL_RANK: 0 - CUDA_VISIBLE_DEVICES: [0]
[I 2023-12-16 10:37:15,676] Trial 10 finished with value: 197.77001953125 and parameters: {'gradient_clip_val': 0.9845596473846211, 'hidden_size': 5, 'dropout': 0.10501685796974258, 'hidden_continuous_size': 5, 'attention_head_size': 4, 'learning_rate': 0.000780970991001436}. Best is trial 7 with value: 86.9052963256836.
LOCAL_RANK: 0 - CUDA_VISIBLE_DEVICES: [0]
[I 2023-12-16 10:38:08,953] Trial 11 finished with value: 102.12102508544922 and parameters: {'gradient_clip_val': 0.6664644513796949, 'hidden_size': 38, 'dropout': 0.39458226174368277, 'hidden_continuous_size': 26, 'attention_head_size': 2, 'learning_rate': 0.012779619270824423}. Best is trial 7 with value: 86.9052963256836.
LOCAL_RANK: 0 - CUDA_VISIBLE_DEVICES: [0]
[I 2023-12-16 10:39:05,733] Trial 12 finished with value: 138.46559143066406 and parameters: {'gradient_clip_val': 0.3781949704491937, 'hidden_size': 94, 'dropout': 0.19143774081009163, 'hidden_continuous_size': 53, 'attention_head_size': 1, 'learning_rate': 0.00587322105715367}. Best is trial 7 with value: 86.9052963256836.
LOCAL_RANK: 0 - CUDA_VISIBLE_DEVICES: [0]
[I 2023-12-16 10:39:55,576] Trial 13 finished with value: 217.0180206298828 and parameters: {'gradient_clip_val': 0.17465296440371608, 'hidden_size': 31, 'dropout': 0.26941063057671694, 'hidden_continuous_size': 10, 'attention_head_size': 3, 'learning_rate': 0.01497051707965361}. Best is trial 7 with value: 86.9052963256836.
LOCAL_RANK: 0 - CUDA_VISIBLE_DEVICES: [0]
[I 2023-12-16 10:40:46,331] Trial 14 finished with value: 87.36846160888672 and parameters: {'gradient_clip_val': 0.3210104858000431, 'hidden_size': 40, 'dropout': 0.2962209462630011, 'hidden_continuous_size': 11, 'attention_head_size': 2, 'learning_rate': 0.0005946736070088509}. Best is trial 7 with value: 86.9052963256836.
LOCAL_RANK: 0 - CUDA_VISIBLE_DEVICES: [0]
[I 2023-12-16 10:41:35,667] Trial 15 finished with value: 108.71829223632812 and parameters: {'gradient_clip_val': 0.10567297128878217, 'hidden_size': 30, 'dropout': 0.18718990148483716, 'hidden_continuous_size': 12, 'attention_head_size': 2, 'learning_rate': 0.0005491342655511975}. Best is trial 7 with value: 86.9052963256836.
LOCAL_RANK: 0 - CUDA_VISIBLE_DEVICES: [0]
[I 2023-12-16 10:42:23,014] Trial 16 finished with value: 126.3426513671875 and parameters: {'gradient_clip_val': 0.330527568657557, 'hidden_size': 14, 'dropout': 0.26255157788827765, 'hidden_continuous_size': 6, 'attention_head_size': 4, 'learning_rate': 0.0009461312143105942}. Best is trial 7 with value: 86.9052963256836.
LOCAL_RANK: 0 - CUDA_VISIBLE_DEVICES: [0]
[I 2023-12-16 10:43:09,762] Trial 17 finished with value: 219.73731994628906 and parameters: {'gradient_clip_val': 0.17382854302954223, 'hidden_size': 10, 'dropout': 0.2850152872878369, 'hidden_continuous_size': 6, 'attention_head_size': 3, 'learning_rate': 0.0005210556583482264}. Best is trial 7 with value: 86.9052963256836.
LOCAL_RANK: 0 - CUDA_VISIBLE_DEVICES: [0]
[I 2023-12-16 10:43:59,364] Trial 18 finished with value: 110.54553985595703 and parameters: {'gradient_clip_val': 0.3299468846715658, 'hidden_size': 22, 'dropout': 0.2373246799939073, 'hidden_continuous_size': 10, 'attention_head_size': 2, 'learning_rate': 0.0015492556825012606}. Best is trial 7 with value: 86.9052963256836.
LOCAL_RANK: 0 - CUDA_VISIBLE_DEVICES: [0]
[I 2023-12-16 10:44:52,900] Trial 19 finished with value: 163.1085968017578 and parameters: {'gradient_clip_val': 0.20016713912916514, 'hidden_size': 49, 'dropout': 0.10253963030268451, 'hidden_continuous_size': 16, 'attention_head_size': 3, 'learning_rate': 0.0029399851334122313}. Best is trial 7 with value: 86.9052963256836.
LOCAL_RANK: 0 - CUDA_VISIBLE_DEVICES: [0]
[I 2023-12-16 10:45:43,096] Trial 20 finished with value: 98.12579345703125 and parameters: {'gradient_clip_val': 0.256886090259455, 'hidden_size': 26, 'dropout': 0.2959754344236649, 'hidden_continuous_size': 9, 'attention_head_size': 2, 'learning_rate': 0.0010265104288190911}. Best is trial 7 with value: 86.9052963256836.
LOCAL_RANK: 0 - CUDA_VISIBLE_DEVICES: [0]
[I 2023-12-16 10:46:35,090] Trial 21 finished with value: 138.31422424316406 and parameters: {'gradient_clip_val': 0.3675097193004867, 'hidden_size': 43, 'dropout': 0.32157525158800876, 'hidden_continuous_size': 12, 'attention_head_size': 1, 'learning_rate': 0.0035830822556926064}. Best is trial 7 with value: 86.9052963256836.
LOCAL_RANK: 0 - CUDA_VISIBLE_DEVICES: [0]
[I 2023-12-16 10:47:27,052] Trial 22 finished with value: 101.54541778564453 and parameters: {'gradient_clip_val': 0.5588751349152034, 'hidden_size': 53, 'dropout': 0.34879004021004023, 'hidden_continuous_size': 7, 'attention_head_size': 1, 'learning_rate': 0.0014941932150424491}. Best is trial 7 with value: 86.9052963256836.
LOCAL_RANK: 0 - CUDA_VISIBLE_DEVICES: [0]
[I 2023-12-16 10:48:16,208] Trial 23 finished with value: 148.1915740966797 and parameters: {'gradient_clip_val': 0.28072068777596315, 'hidden_size': 36, 'dropout': 0.24687039173205994, 'hidden_continuous_size': 9, 'attention_head_size': 1, 'learning_rate': 0.009409166386534135}. Best is trial 7 with value: 86.9052963256836.
LOCAL_RANK: 0 - CUDA_VISIBLE_DEVICES: [0]
[I 2023-12-16 10:49:05,124] Trial 24 finished with value: 121.92630767822266 and parameters: {'gradient_clip_val': 0.4250943480825998, 'hidden_size': 26, 'dropout': 0.30439148405899075, 'hidden_continuous_size': 6, 'attention_head_size': 2, 'learning_rate': 0.00402915104830715}. Best is trial 7 with value: 86.9052963256836.
LOCAL_RANK: 0 - CUDA_VISIBLE_DEVICES: [0]
[I 2023-12-16 10:49:59,603] Trial 25 finished with value: 134.35682678222656 and parameters: {'gradient_clip_val': 0.30626375954817325, 'hidden_size': 62, 'dropout': 0.2854276491506712, 'hidden_continuous_size': 12, 'attention_head_size': 3, 'learning_rate': 0.00073217417699062}. Best is trial 7 with value: 86.9052963256836.
LOCAL_RANK: 0 - CUDA_VISIBLE_DEVICES: [0]
[I 2023-12-16 10:50:51,393] Trial 26 finished with value: 138.40016174316406 and parameters: {'gradient_clip_val': 0.23996495880308003, 'hidden_size': 43, 'dropout': 0.26246228316214015, 'hidden_continuous_size': 8, 'attention_head_size': 2, 'learning_rate': 0.09625906943718932}. Best is trial 7 with value: 86.9052963256836.
LOCAL_RANK: 0 - CUDA_VISIBLE_DEVICES: [0]
[I 2023-12-16 10:51:44,856] Trial 27 finished with value: 146.07276916503906 and parameters: {'gradient_clip_val': 0.3697032657138822, 'hidden_size': 88, 'dropout': 0.34280546004028817, 'hidden_continuous_size': 22, 'attention_head_size': 1, 'learning_rate': 0.002142152878928982}. Best is trial 7 with value: 86.9052963256836.
LOCAL_RANK: 0 - CUDA_VISIBLE_DEVICES: [0]
[I 2023-12-16 10:52:38,820] Trial 28 finished with value: 136.9940643310547 and parameters: {'gradient_clip_val': 0.514317840537055, 'hidden_size': 53, 'dropout': 0.31937704067049955, 'hidden_continuous_size': 10, 'attention_head_size': 4, 'learning_rate': 0.004378457722797279}. Best is trial 7 with value: 86.9052963256836.
LOCAL_RANK: 0 - CUDA_VISIBLE_DEVICES: [0]
[I 2023-12-16 10:53:31,842] Trial 29 finished with value: 127.6581802368164 and parameters: {'gradient_clip_val': 0.6976166425387326, 'hidden_size': 73, 'dropout': 0.2814198474341787, 'hidden_continuous_size': 7, 'attention_head_size': 3, 'learning_rate': 0.0012448051040931886}. Best is trial 7 with value: 86.9052963256836.
LOCAL_RANK: 0 - CUDA_VISIBLE_DEVICES: [0]
[I 2023-12-16 10:54:20,370] Trial 30 finished with value: 109.0428695678711 and parameters: {'gradient_clip_val': 0.4504876839034292, 'hidden_size': 19, 'dropout': 0.3578261004743029, 'hidden_continuous_size': 6, 'attention_head_size': 4, 'learning_rate': 0.00847729300103129}. Best is trial 7 with value: 86.9052963256836.
LOCAL_RANK: 0 - CUDA_VISIBLE_DEVICES: [0]
[I 2023-12-16 10:55:07,129] Trial 31 finished with value: 115.95313262939453 and parameters: {'gradient_clip_val': 0.21608221028010724, 'hidden_size': 15, 'dropout': 0.3686423328111474, 'hidden_continuous_size': 5, 'attention_head_size': 2, 'learning_rate': 0.0013827789684303846}. Best is trial 7 with value: 86.9052963256836.
LOCAL_RANK: 0 - CUDA_VISIBLE_DEVICES: [0]
[I 2023-12-16 10:55:53,348] Trial 32 finished with value: 105.1194839477539 and parameters: {'gradient_clip_val': 0.24998791626351255, 'hidden_size': 11, 'dropout': 0.3680458145846669, 'hidden_continuous_size': 6, 'attention_head_size': 2, 'learning_rate': 0.0030017857254843725}. Best is trial 7 with value: 86.9052963256836.
LOCAL_RANK: 0 - CUDA_VISIBLE_DEVICES: [0]
[I 2023-12-16 10:56:38,998] Trial 33 finished with value: 81.94560241699219 and parameters: {'gradient_clip_val': 0.19307107706024465, 'hidden_size': 16, 'dropout': 0.33412714669233556, 'hidden_continuous_size': 7, 'attention_head_size': 2, 'learning_rate': 0.0021928307489793614}. Best is trial 33 with value: 81.94560241699219.
LOCAL_RANK: 0 - CUDA_VISIBLE_DEVICES: [0]
[I 2023-12-16 10:57:26,594] Trial 34 finished with value: 107.17378997802734 and parameters: {'gradient_clip_val': 0.1851207482879, 'hidden_size': 17, 'dropout': 0.30906161231084034, 'hidden_continuous_size': 7, 'attention_head_size': 3, 'learning_rate': 0.0019182780876765306}. Best is trial 33 with value: 81.94560241699219.
LOCAL_RANK: 0 - CUDA_VISIBLE_DEVICES: [0]
[I 2023-12-16 10:58:12,795] Trial 35 finished with value: 156.39117431640625 and parameters: {'gradient_clip_val': 0.15953966805746253, 'hidden_size': 13, 'dropout': 0.33230941748549425, 'hidden_continuous_size': 7, 'attention_head_size': 2, 'learning_rate': 0.049915748169123794}. Best is trial 33 with value: 81.94560241699219.
LOCAL_RANK: 0 - CUDA_VISIBLE_DEVICES: [0]
[I 2023-12-16 10:58:58,141] Trial 36 finished with value: 78.94463348388672 and parameters: {'gradient_clip_val': 0.14269196074156024, 'hidden_size': 16, 'dropout': 0.3053878793801975, 'hidden_continuous_size': 8, 'attention_head_size': 1, 'learning_rate': 0.002830478826808573}. Best is trial 36 with value: 78.94463348388672.
LOCAL_RANK: 0 - CUDA_VISIBLE_DEVICES: [0]
