[I 2023-12-16 05:59:16,366] Trial 41 finished with value: 387.5683288574219 and parameters: {'gradient_clip_val': 0.2926351322494691, 'hidden_size': 55, 'dropout': 0.2992013362473962, 'hidden_continuous_size': 44, 'attention_head_size': 4, 'learning_rate': 0.013411153606690223}. Best is trial 3 with value: 166.89427185058594.
LOCAL_RANK: 0 - CUDA_VISIBLE_DEVICES: [0]
[I 2023-12-16 06:00:13,473] Trial 42 finished with value: 243.0498046875 and parameters: {'gradient_clip_val': 0.19359022735010012, 'hidden_size': 85, 'dropout': 0.27568422595363296, 'hidden_continuous_size': 63, 'attention_head_size': 3, 'learning_rate': 0.01707968622378367}. Best is trial 3 with value: 166.89427185058594.
LOCAL_RANK: 0 - CUDA_VISIBLE_DEVICES: [0]
[I 2023-12-16 06:01:10,026] Trial 43 finished with value: 368.3431396484375 and parameters: {'gradient_clip_val': 0.25605547995893213, 'hidden_size': 83, 'dropout': 0.25255853314666893, 'hidden_continuous_size': 63, 'attention_head_size': 4, 'learning_rate': 0.021482231614296257}. Best is trial 3 with value: 166.89427185058594.
LOCAL_RANK: 0 - CUDA_VISIBLE_DEVICES: [0]
[I 2023-12-16 06:02:06,435] Trial 44 finished with value: 1262.3529052734375 and parameters: {'gradient_clip_val': 0.18051369346392232, 'hidden_size': 88, 'dropout': 0.2853381668504206, 'hidden_continuous_size': 73, 'attention_head_size': 3, 'learning_rate': 0.011192403112189416}. Best is trial 3 with value: 166.89427185058594.
LOCAL_RANK: 0 - CUDA_VISIBLE_DEVICES: [0]
[I 2023-12-16 06:03:00,819] Trial 45 finished with value: 338.7359924316406 and parameters: {'gradient_clip_val': 0.328603995946234, 'hidden_size': 69, 'dropout': 0.32163511380477866, 'hidden_continuous_size': 38, 'attention_head_size': 3, 'learning_rate': 0.07054304348643811}. Best is trial 3 with value: 166.89427185058594.
LOCAL_RANK: 0 - CUDA_VISIBLE_DEVICES: [0]
[I 2023-12-16 06:03:55,330] Trial 46 finished with value: 604.4593505859375 and parameters: {'gradient_clip_val': 0.3449430095191858, 'hidden_size': 70, 'dropout': 0.3271267899908131, 'hidden_continuous_size': 38, 'attention_head_size': 3, 'learning_rate': 0.04774668915851743}. Best is trial 3 with value: 166.89427185058594.
LOCAL_RANK: 0 - CUDA_VISIBLE_DEVICES: [0]
[I 2023-12-16 06:04:48,664] Trial 47 finished with value: 1160.3192138671875 and parameters: {'gradient_clip_val': 0.38383984064175675, 'hidden_size': 52, 'dropout': 0.30909956236193264, 'hidden_continuous_size': 37, 'attention_head_size': 4, 'learning_rate': 0.06963689004752911}. Best is trial 3 with value: 166.89427185058594.
LOCAL_RANK: 0 - CUDA_VISIBLE_DEVICES: [0]
[I 2023-12-16 06:05:41,432] Trial 48 finished with value: 452.6156005859375 and parameters: {'gradient_clip_val': 0.30262641964757103, 'hidden_size': 45, 'dropout': 0.34559312555132826, 'hidden_continuous_size': 31, 'attention_head_size': 3, 'learning_rate': 0.006061526163915373}. Best is trial 3 with value: 166.89427185058594.
LOCAL_RANK: 0 - CUDA_VISIBLE_DEVICES: [0]
[I 2023-12-16 06:06:36,203] Trial 49 finished with value: 536.0889892578125 and parameters: {'gradient_clip_val': 0.5622453135069192, 'hidden_size': 70, 'dropout': 0.37555627919932955, 'hidden_continuous_size': 50, 'attention_head_size': 3, 'learning_rate': 0.06543685903756134}. Best is trial 3 with value: 166.89427185058594.
[I 2023-12-16 06:06:36,296] A new study created in memory with name: no-name-8395ff94-7fe3-42bd-bd65-33675ef6aa5e
/home/le004/conda/anaconda3/envs/tsff_env/lib/python3.9/site-packages/lightning/fabric/plugins/environments/slurm.py:191: The `srun` command is available on your system but is not used. HINT: If your intention is to run Lightning on SLURM, prepend your python command with `srun` like so: srun python /home/le004/master_thesis/git/TSFusionForecast/code/ ...
LOCAL_RANK: 0 - CUDA_VISIBLE_DEVICES: [0]
[I 2023-12-16 06:07:29,573] Trial 0 finished with value: 674.4150390625 and parameters: {'gradient_clip_val': 0.21790626568819552, 'hidden_size': 64, 'dropout': 0.388645856552276, 'hidden_continuous_size': 29, 'attention_head_size': 4, 'learning_rate': 0.00568444052628122}. Best is trial 0 with value: 674.4150390625.
LOCAL_RANK: 0 - CUDA_VISIBLE_DEVICES: [0]
[I 2023-12-16 06:08:17,957] Trial 1 finished with value: 625.0311279296875 and parameters: {'gradient_clip_val': 0.1808123962430201, 'hidden_size': 26, 'dropout': 0.2802884896745592, 'hidden_continuous_size': 6, 'attention_head_size': 3, 'learning_rate': 0.0011624200155953579}. Best is trial 1 with value: 625.0311279296875.
LOCAL_RANK: 0 - CUDA_VISIBLE_DEVICES: [0]
[I 2023-12-16 06:09:04,266] Trial 2 finished with value: 1427.423828125 and parameters: {'gradient_clip_val': 0.9660310682707602, 'hidden_size': 18, 'dropout': 0.1386842719360521, 'hidden_continuous_size': 5, 'attention_head_size': 3, 'learning_rate': 0.0066604862292134}. Best is trial 1 with value: 625.0311279296875.
LOCAL_RANK: 0 - CUDA_VISIBLE_DEVICES: [0]
[I 2023-12-16 06:09:56,936] Trial 3 finished with value: 611.4268188476562 and parameters: {'gradient_clip_val': 0.1317261378989158, 'hidden_size': 49, 'dropout': 0.3021097310878113, 'hidden_continuous_size': 9, 'attention_head_size': 4, 'learning_rate': 0.029639925408086316}. Best is trial 3 with value: 611.4268188476562.
LOCAL_RANK: 0 - CUDA_VISIBLE_DEVICES: [0]
[I 2023-12-16 06:10:51,484] Trial 4 finished with value: 971.11328125 and parameters: {'gradient_clip_val': 0.376724320154431, 'hidden_size': 87, 'dropout': 0.11025228627889984, 'hidden_continuous_size': 27, 'attention_head_size': 3, 'learning_rate': 0.002858225422429601}. Best is trial 3 with value: 611.4268188476562.
LOCAL_RANK: 0 - CUDA_VISIBLE_DEVICES: [0]
[I 2023-12-16 06:11:39,493] Trial 5 finished with value: 962.8599243164062 and parameters: {'gradient_clip_val': 0.5139024032882341, 'hidden_size': 19, 'dropout': 0.3417335944067734, 'hidden_continuous_size': 9, 'attention_head_size': 4, 'learning_rate': 0.0007941644036646242}. Best is trial 3 with value: 611.4268188476562.
LOCAL_RANK: 0 - CUDA_VISIBLE_DEVICES: [0]
[I 2023-12-16 06:12:24,101] Trial 6 finished with value: 991.0968627929688 and parameters: {'gradient_clip_val': 0.14492365858147258, 'hidden_size': 16, 'dropout': 0.3702035782172596, 'hidden_continuous_size': 7, 'attention_head_size': 3, 'learning_rate': 0.004867685545321236}. Best is trial 3 with value: 611.4268188476562.
LOCAL_RANK: 0 - CUDA_VISIBLE_DEVICES: [0]
[I 2023-12-16 06:13:17,151] Trial 7 finished with value: 1190.8876953125 and parameters: {'gradient_clip_val': 0.2188213312915238, 'hidden_size': 82, 'dropout': 0.31002271215828814, 'hidden_continuous_size': 9, 'attention_head_size': 2, 'learning_rate': 0.002183015589827147}. Best is trial 3 with value: 611.4268188476562.
LOCAL_RANK: 0 - CUDA_VISIBLE_DEVICES: [0]
[I 2023-12-16 06:14:04,787] Trial 8 finished with value: 308.5586242675781 and parameters: {'gradient_clip_val': 0.3816033444180319, 'hidden_size': 19, 'dropout': 0.160714739249121, 'hidden_continuous_size': 17, 'attention_head_size': 1, 'learning_rate': 0.0007461418342463701}. Best is trial 8 with value: 308.5586242675781.
LOCAL_RANK: 0 - CUDA_VISIBLE_DEVICES: [0]
[I 2023-12-16 06:14:39,123] Trial 9 finished with value: 352.7940368652344 and parameters: {'gradient_clip_val': 0.4535468737227869, 'hidden_size': 9, 'dropout': 0.1297546577047637, 'hidden_continuous_size': 9, 'attention_head_size': 3, 'learning_rate': 0.0005954898461760284}. Best is trial 8 with value: 308.5586242675781.
LOCAL_RANK: 0 - CUDA_VISIBLE_DEVICES: [0]
[I 2023-12-16 06:15:23,142] Trial 10 finished with value: 183.0851287841797 and parameters: {'gradient_clip_val': 0.10305483917307594, 'hidden_size': 6, 'dropout': 0.20115498023038655, 'hidden_continuous_size': 5, 'attention_head_size': 1, 'learning_rate': 0.016753788105899045}. Best is trial 10 with value: 183.0851287841797.
LOCAL_RANK: 0 - CUDA_VISIBLE_DEVICES: [0]
[I 2023-12-16 06:15:56,409] Trial 11 finished with value: 164.47084045410156 and parameters: {'gradient_clip_val': 0.10727353812978005, 'hidden_size': 5, 'dropout': 0.2019002838150749, 'hidden_continuous_size': 5, 'attention_head_size': 1, 'learning_rate': 0.020020349186019915}. Best is trial 11 with value: 164.47084045410156.
LOCAL_RANK: 0 - CUDA_VISIBLE_DEVICES: [0]
[I 2023-12-16 06:16:29,462] Trial 12 finished with value: 402.8907775878906 and parameters: {'gradient_clip_val': 0.10247119450523604, 'hidden_size': 5, 'dropout': 0.20915480490804375, 'hidden_continuous_size': 5, 'attention_head_size': 1, 'learning_rate': 0.021440131574080847}. Best is trial 11 with value: 164.47084045410156.
LOCAL_RANK: 0 - CUDA_VISIBLE_DEVICES: [0]
[I 2023-12-16 06:17:02,504] Trial 13 finished with value: 1671.4713134765625 and parameters: {'gradient_clip_val': 0.10251880301463837, 'hidden_size': 5, 'dropout': 0.22067962125172957, 'hidden_continuous_size': 5, 'attention_head_size': 1, 'learning_rate': 0.0676345534082256}. Best is trial 11 with value: 164.47084045410156.
LOCAL_RANK: 0 - CUDA_VISIBLE_DEVICES: [0]
[I 2023-12-16 06:17:45,939] Trial 14 finished with value: 443.1742858886719 and parameters: {'gradient_clip_val': 0.14180774814661334, 'hidden_size': 8, 'dropout': 0.1866562360479559, 'hidden_continuous_size': 5, 'attention_head_size': 2, 'learning_rate': 0.015028582952449923}. Best is trial 11 with value: 164.47084045410156.
LOCAL_RANK: 0 - CUDA_VISIBLE_DEVICES: [0]
[I 2023-12-16 06:18:29,494] Trial 15 finished with value: 482.7599182128906 and parameters: {'gradient_clip_val': 0.10229654417554063, 'hidden_size': 8, 'dropout': 0.2324114567838797, 'hidden_continuous_size': 5, 'attention_head_size': 2, 'learning_rate': 0.015324225437893699}. Best is trial 11 with value: 164.47084045410156.
LOCAL_RANK: 0 - CUDA_VISIBLE_DEVICES: [0]
[I 2023-12-16 06:19:02,398] Trial 16 finished with value: 1053.2926025390625 and parameters: {'gradient_clip_val': 0.2539809487452478, 'hidden_size': 5, 'dropout': 0.18029308727476964, 'hidden_continuous_size': 5, 'attention_head_size': 1, 'learning_rate': 0.04611968069238972}. Best is trial 11 with value: 164.47084045410156.
LOCAL_RANK: 0 - CUDA_VISIBLE_DEVICES: [0]
[I 2023-12-16 06:19:47,268] Trial 17 finished with value: 274.9855651855469 and parameters: {'gradient_clip_val': 0.16448958690539503, 'hidden_size': 11, 'dropout': 0.2513548896853188, 'hidden_continuous_size': 6, 'attention_head_size': 2, 'learning_rate': 0.09085589720839517}. Best is trial 11 with value: 164.47084045410156.
LOCAL_RANK: 0 - CUDA_VISIBLE_DEVICES: [0]
[I 2023-12-16 06:20:31,740] Trial 18 finished with value: 1070.85400390625 and parameters: {'gradient_clip_val': 0.12413249865803609, 'hidden_size': 6, 'dropout': 0.25410286733441045, 'hidden_continuous_size': 5, 'attention_head_size': 1, 'learning_rate': 0.010796895269194333}. Best is trial 11 with value: 164.47084045410156.
LOCAL_RANK: 0 - CUDA_VISIBLE_DEVICES: [0]
[I 2023-12-16 06:21:15,576] Trial 19 finished with value: 449.731689453125 and parameters: {'gradient_clip_val': 0.17118180724392892, 'hidden_size': 6, 'dropout': 0.19515696387877396, 'hidden_continuous_size': 5, 'attention_head_size': 1, 'learning_rate': 0.0362572494807503}. Best is trial 11 with value: 164.47084045410156.
LOCAL_RANK: 0 - CUDA_VISIBLE_DEVICES: [0]
[I 2023-12-16 06:22:00,273] Trial 20 finished with value: 719.4734497070312 and parameters: {'gradient_clip_val': 0.1296700982115472, 'hidden_size': 11, 'dropout': 0.1642048834126863, 'hidden_continuous_size': 6, 'attention_head_size': 2, 'learning_rate': 0.010357431774811068}. Best is trial 11 with value: 164.47084045410156.
LOCAL_RANK: 0 - CUDA_VISIBLE_DEVICES: [0]
[I 2023-12-16 06:22:43,959] Trial 21 finished with value: 213.1175537109375 and parameters: {'gradient_clip_val': 0.16513161657494194, 'hidden_size': 12, 'dropout': 0.24633156633892786, 'hidden_continuous_size': 6, 'attention_head_size': 2, 'learning_rate': 0.06930297991977535}. Best is trial 11 with value: 164.47084045410156.
LOCAL_RANK: 0 - CUDA_VISIBLE_DEVICES: [0]
[I 2023-12-16 06:23:27,940] Trial 22 finished with value: 838.5243530273438 and parameters: {'gradient_clip_val': 0.11825270721402274, 'hidden_size': 7, 'dropout': 0.22751943662667257, 'hidden_continuous_size': 5, 'attention_head_size': 1, 'learning_rate': 0.051371126792038445}. Best is trial 11 with value: 164.47084045410156.
LOCAL_RANK: 0 - CUDA_VISIBLE_DEVICES: [0]
[I 2023-12-16 06:24:12,594] Trial 23 finished with value: 560.3322143554688 and parameters: {'gradient_clip_val': 0.15584423508063597, 'hidden_size': 11, 'dropout': 0.201139738766517, 'hidden_continuous_size': 6, 'attention_head_size': 2, 'learning_rate': 0.02918399722634285}. Best is trial 11 with value: 164.47084045410156.
LOCAL_RANK: 0 - CUDA_VISIBLE_DEVICES: [0]
[I 2023-12-16 06:24:56,624] Trial 24 finished with value: 559.7658081054688 and parameters: {'gradient_clip_val': 0.11830618493121077, 'hidden_size': 7, 'dropout': 0.25679089103092473, 'hidden_continuous_size': 5, 'attention_head_size': 1, 'learning_rate': 0.08108261799572786}. Best is trial 11 with value: 164.47084045410156.
LOCAL_RANK: 0 - CUDA_VISIBLE_DEVICES: [0]
[I 2023-12-16 06:25:30,299] Trial 25 finished with value: 203.17816162109375 and parameters: {'gradient_clip_val': 0.10063007677642896, 'hidden_size': 5, 'dropout': 0.2159804466580997, 'hidden_continuous_size': 5, 'attention_head_size': 2, 'learning_rate': 0.0237542247671699}. Best is trial 11 with value: 164.47084045410156.
LOCAL_RANK: 0 - CUDA_VISIBLE_DEVICES: [0]
[I 2023-12-16 06:26:03,069] Trial 26 finished with value: 368.4880676269531 and parameters: {'gradient_clip_val': 0.10084384570938228, 'hidden_size': 5, 'dropout': 0.20820792627881546, 'hidden_continuous_size': 5, 'attention_head_size': 1, 'learning_rate': 0.022327136370177025}. Best is trial 11 with value: 164.47084045410156.
LOCAL_RANK: 0 - CUDA_VISIBLE_DEVICES: [0]
[I 2023-12-16 06:26:47,593] Trial 27 finished with value: 381.3240966796875 and parameters: {'gradient_clip_val': 0.12034370331636911, 'hidden_size': 6, 'dropout': 0.17360822273824675, 'hidden_continuous_size': 5, 'attention_head_size': 2, 'learning_rate': 0.01886848991318579}. Best is trial 11 with value: 164.47084045410156.
LOCAL_RANK: 0 - CUDA_VISIBLE_DEVICES: [0]
[I 2023-12-16 06:27:32,178] Trial 28 finished with value: 381.872802734375 and parameters: {'gradient_clip_val': 0.1345879614446951, 'hidden_size': 9, 'dropout': 0.15161926514466872, 'hidden_continuous_size': 6, 'attention_head_size': 1, 'learning_rate': 0.01033042747230686}. Best is trial 11 with value: 164.47084045410156.
LOCAL_RANK: 0 - CUDA_VISIBLE_DEVICES: [0]
[I 2023-12-16 06:28:15,994] Trial 29 finished with value: 494.6395568847656 and parameters: {'gradient_clip_val': 0.19945523583520092, 'hidden_size': 6, 'dropout': 0.1901126987084443, 'hidden_continuous_size': 5, 'attention_head_size': 1, 'learning_rate': 0.031665613468416696}. Best is trial 11 with value: 164.47084045410156.
LOCAL_RANK: 0 - CUDA_VISIBLE_DEVICES: [0]
[I 2023-12-16 06:28:48,941] Trial 30 finished with value: 261.529052734375 and parameters: {'gradient_clip_val': 0.1946611823778363, 'hidden_size': 5, 'dropout': 0.21694186777111527, 'hidden_continuous_size': 5, 'attention_head_size': 2, 'learning_rate': 0.04458969661794238}. Best is trial 11 with value: 164.47084045410156.
LOCAL_RANK: 0 - CUDA_VISIBLE_DEVICES: [0]
[I 2023-12-16 06:29:33,490] Trial 31 finished with value: 355.0604248046875 and parameters: {'gradient_clip_val': 0.15537281228722583, 'hidden_size': 7, 'dropout': 0.23487521440147008, 'hidden_continuous_size': 5, 'attention_head_size': 2, 'learning_rate': 0.0245141537313684}. Best is trial 11 with value: 164.47084045410156.
LOCAL_RANK: 0 - CUDA_VISIBLE_DEVICES: [0]
[I 2023-12-16 06:30:18,792] Trial 32 finished with value: 515.8223266601562 and parameters: {'gradient_clip_val': 0.11452395505607994, 'hidden_size': 13, 'dropout': 0.27046473558046413, 'hidden_continuous_size': 6, 'attention_head_size': 2, 'learning_rate': 0.06265048166807148}. Best is trial 11 with value: 164.47084045410156.
LOCAL_RANK: 0 - CUDA_VISIBLE_DEVICES: [0]
[I 2023-12-16 06:31:07,345] Trial 33 finished with value: 513.296142578125 and parameters: {'gradient_clip_val': 0.14512643619685295, 'hidden_size': 26, 'dropout': 0.2296832560154514, 'hidden_continuous_size': 7, 'attention_head_size': 3, 'learning_rate': 0.04016045237604327}. Best is trial 11 with value: 164.47084045410156.
LOCAL_RANK: 0 - CUDA_VISIBLE_DEVICES: [0]
[I 2023-12-16 06:31:52,308] Trial 34 finished with value: 885.8384399414062 and parameters: {'gradient_clip_val': 0.18106839715227108, 'hidden_size': 9, 'dropout': 0.23967919355388745, 'hidden_continuous_size': 6, 'attention_head_size': 2, 'learning_rate': 0.05865315034410688}. Best is trial 11 with value: 164.47084045410156.
LOCAL_RANK: 0 - CUDA_VISIBLE_DEVICES: [0]
[I 2023-12-16 06:32:37,257] Trial 35 finished with value: 202.9212188720703 and parameters: {'gradient_clip_val': 0.11683275878465862, 'hidden_size': 6, 'dropout': 0.20225626994686732, 'hidden_continuous_size': 5, 'attention_head_size': 3, 'learning_rate': 0.09640541228881022}. Best is trial 11 with value: 164.47084045410156.
LOCAL_RANK: 0 - CUDA_VISIBLE_DEVICES: [0]
[I 2023-12-16 06:33:22,533] Trial 36 finished with value: 1082.92529296875 and parameters: {'gradient_clip_val': 0.11570702874099159, 'hidden_size': 6, 'dropout': 0.20069372724989054, 'hidden_continuous_size': 5, 'attention_head_size': 4, 'learning_rate': 0.033072108055077286}. Best is trial 11 with value: 164.47084045410156.
LOCAL_RANK: 0 - CUDA_VISIBLE_DEVICES: [0]
[I 2023-12-16 06:34:08,286] Trial 37 finished with value: 547.195068359375 and parameters: {'gradient_clip_val': 0.1359647243368652, 'hidden_size': 15, 'dropout': 0.1671791280781137, 'hidden_continuous_size': 7, 'attention_head_size': 3, 'learning_rate': 0.09453084254056683}. Best is trial 11 with value: 164.47084045410156.
LOCAL_RANK: 0 - CUDA_VISIBLE_DEVICES: [0]
[I 2023-12-16 06:34:57,434] Trial 38 finished with value: 426.5112609863281 and parameters: {'gradient_clip_val': 0.11129091687943414, 'hidden_size': 33, 'dropout': 0.18145497294987206, 'hidden_continuous_size': 8, 'attention_head_size': 3, 'learning_rate': 0.016003569000064114}. Best is trial 11 with value: 164.47084045410156.
LOCAL_RANK: 0 - CUDA_VISIBLE_DEVICES: [0]
[I 2023-12-16 06:35:31,867] Trial 39 finished with value: 603.9208984375 and parameters: {'gradient_clip_val': 0.1320517618119943, 'hidden_size': 5, 'dropout': 0.21705347918746912, 'hidden_continuous_size': 5, 'attention_head_size': 4, 'learning_rate': 0.00677002665752817}. Best is trial 11 with value: 164.47084045410156.
LOCAL_RANK: 0 - CUDA_VISIBLE_DEVICES: [0]
[I 2023-12-16 06:36:15,734] Trial 40 finished with value: 1000.15966796875 and parameters: {'gradient_clip_val': 0.11047501605797468, 'hidden_size': 8, 'dropout': 0.27589176029326096, 'hidden_continuous_size': 5, 'attention_head_size': 3, 'learning_rate': 0.004624943244726643}. Best is trial 11 with value: 164.47084045410156.
LOCAL_RANK: 0 - CUDA_VISIBLE_DEVICES: [0]
[I 2023-12-16 06:37:00,612] Trial 41 finished with value: 253.3767852783203 and parameters: {'gradient_clip_val': 0.10059456330526373, 'hidden_size': 7, 'dropout': 0.2005842823803514, 'hidden_continuous_size': 5, 'attention_head_size': 3, 'learning_rate': 0.06924708259303596}. Best is trial 11 with value: 164.47084045410156.
LOCAL_RANK: 0 - CUDA_VISIBLE_DEVICES: [0]
[I 2023-12-16 06:37:45,677] Trial 42 finished with value: 199.16949462890625 and parameters: {'gradient_clip_val': 0.1525978733052344, 'hidden_size': 6, 'dropout': 0.21270214203371923, 'hidden_continuous_size': 5, 'attention_head_size': 3, 'learning_rate': 0.05289041316948211}. Best is trial 11 with value: 164.47084045410156.
LOCAL_RANK: 0 - CUDA_VISIBLE_DEVICES: [0]
[I 2023-12-16 06:38:30,449] Trial 43 finished with value: 291.0937194824219 and parameters: {'gradient_clip_val': 0.14784602802095026, 'hidden_size': 6, 'dropout': 0.2169985868423163, 'hidden_continuous_size': 5, 'attention_head_size': 3, 'learning_rate': 0.05019989176323853}. Best is trial 11 with value: 164.47084045410156.
LOCAL_RANK: 0 - CUDA_VISIBLE_DEVICES: [0]
[I 2023-12-16 06:39:04,244] Trial 44 finished with value: 497.4330139160156 and parameters: {'gradient_clip_val': 0.12950556717664108, 'hidden_size': 5, 'dropout': 0.14539474702847913, 'hidden_continuous_size': 5, 'attention_head_size': 3, 'learning_rate': 0.038779574745744026}. Best is trial 11 with value: 164.47084045410156.
LOCAL_RANK: 0 - CUDA_VISIBLE_DEVICES: [0]
[I 2023-12-16 06:39:49,790] Trial 45 finished with value: 396.5509948730469 and parameters: {'gradient_clip_val': 0.11152553747745159, 'hidden_size': 10, 'dropout': 0.18484278804981694, 'hidden_continuous_size': 6, 'attention_head_size': 4, 'learning_rate': 0.023450251907372006}. Best is trial 11 with value: 164.47084045410156.
LOCAL_RANK: 0 - CUDA_VISIBLE_DEVICES: [0]
[I 2023-12-16 06:40:33,714] Trial 46 finished with value: 586.5779418945312 and parameters: {'gradient_clip_val': 0.14369101480120444, 'hidden_size': 8, 'dropout': 0.2112761259135017, 'hidden_continuous_size': 5, 'attention_head_size': 3, 'learning_rate': 0.027668712868344103}. Best is trial 11 with value: 164.47084045410156.
LOCAL_RANK: 0 - CUDA_VISIBLE_DEVICES: [0]
[I 2023-12-16 06:41:18,931] Trial 47 finished with value: 347.9615783691406 and parameters: {'gradient_clip_val': 0.13062651297837458, 'hidden_size': 7, 'dropout': 0.17297712484434552, 'hidden_continuous_size': 5, 'attention_head_size': 4, 'learning_rate': 0.054451509876765974}. Best is trial 11 with value: 164.47084045410156.
LOCAL_RANK: 0 - CUDA_VISIBLE_DEVICES: [0]
[I 2023-12-16 06:41:51,748] Trial 48 finished with value: 633.3338623046875 and parameters: {'gradient_clip_val': 0.10607060078122664, 'hidden_size': 5, 'dropout': 0.12949879503545308, 'hidden_continuous_size': 5, 'attention_head_size': 1, 'learning_rate': 0.036876363967777714}. Best is trial 11 with value: 164.47084045410156.
LOCAL_RANK: 0 - CUDA_VISIBLE_DEVICES: [0]
