[I 2023-12-26 17:18:21,244] Trial 31 finished with value: 363.7144775390625 and parameters: {'gradient_clip_val': 0.16594814415255826, 'hidden_size': 123, 'dropout': 0.21617772676663466, 'hidden_continuous_size': 93, 'attention_head_size': 3, 'learning_rate': 0.09786081077218574}. Best is trial 0 with value: 115.3639144897461.
[I 2023-12-26 17:18:26,640] Trial 32 finished with value: 681.807373046875 and parameters: {'gradient_clip_val': 0.21066422707343813, 'hidden_size': 75, 'dropout': 0.21753612934512645, 'hidden_continuous_size': 51, 'attention_head_size': 3, 'learning_rate': 0.06703734023505772}. Best is trial 0 with value: 115.3639144897461.
[I 2023-12-26 17:18:34,647] Trial 33 finished with value: 454.4239807128906 and parameters: {'gradient_clip_val': 0.1519864959367652, 'hidden_size': 118, 'dropout': 0.18934489687066403, 'hidden_continuous_size': 91, 'attention_head_size': 4, 'learning_rate': 0.06721016778060103}. Best is trial 0 with value: 115.3639144897461.
[I 2023-12-26 17:18:42,207] Trial 34 finished with value: 503.9986877441406 and parameters: {'gradient_clip_val': 0.1967929150327432, 'hidden_size': 90, 'dropout': 0.22197383608992055, 'hidden_continuous_size': 68, 'attention_head_size': 3, 'learning_rate': 0.09983694856602011}. Best is trial 0 with value: 115.3639144897461.
[I 2023-12-26 17:18:53,837] Trial 35 finished with value: 365.6118469238281 and parameters: {'gradient_clip_val': 0.1596288537414283, 'hidden_size': 148, 'dropout': 0.2719479488560573, 'hidden_continuous_size': 148, 'attention_head_size': 2, 'learning_rate': 0.07245614305814814}. Best is trial 0 with value: 115.3639144897461.
[I 2023-12-26 17:19:04,067] Trial 36 finished with value: 442.3334045410156 and parameters: {'gradient_clip_val': 0.11450961849022287, 'hidden_size': 147, 'dropout': 0.30991559727972795, 'hidden_continuous_size': 132, 'attention_head_size': 2, 'learning_rate': 0.04238887783324696}. Best is trial 0 with value: 115.3639144897461.
[I 2023-12-26 17:19:07,946] Trial 37 finished with value: 702.1686401367188 and parameters: {'gradient_clip_val': 0.1513409809031346, 'hidden_size': 65, 'dropout': 0.26598298646196417, 'hidden_continuous_size': 50, 'attention_head_size': 2, 'learning_rate': 0.07065227243119274}. Best is trial 0 with value: 115.3639144897461.
[I 2023-12-26 17:19:16,503] Trial 38 finished with value: 541.164306640625 and parameters: {'gradient_clip_val': 0.16516392008519495, 'hidden_size': 126, 'dropout': 0.27444072599869596, 'hidden_continuous_size': 104, 'attention_head_size': 2, 'learning_rate': 0.04807704251365818}. Best is trial 0 with value: 115.3639144897461.
[I 2023-12-26 17:19:22,536] Trial 39 finished with value: 611.5889892578125 and parameters: {'gradient_clip_val': 0.14054429439901883, 'hidden_size': 89, 'dropout': 0.2448069427527611, 'hidden_continuous_size': 71, 'attention_head_size': 4, 'learning_rate': 0.02383059593696099}. Best is trial 0 with value: 115.3639144897461.
[I 2023-12-26 17:19:35,068] Trial 40 finished with value: 490.0038146972656 and parameters: {'gradient_clip_val': 0.1151757934663141, 'hidden_size': 150, 'dropout': 0.13185361027755502, 'hidden_continuous_size': 148, 'attention_head_size': 2, 'learning_rate': 0.07293146449584668}. Best is trial 0 with value: 115.3639144897461.
[I 2023-12-26 17:19:42,962] Trial 41 finished with value: 548.4644165039062 and parameters: {'gradient_clip_val': 0.21648234231383423, 'hidden_size': 99, 'dropout': 0.17335892650397874, 'hidden_continuous_size': 81, 'attention_head_size': 3, 'learning_rate': 0.07878980769379597}. Best is trial 0 with value: 115.3639144897461.
[I 2023-12-26 17:19:52,854] Trial 42 finished with value: 528.178466796875 and parameters: {'gradient_clip_val': 0.180357906903859, 'hidden_size': 123, 'dropout': 0.18180693823133762, 'hidden_continuous_size': 97, 'attention_head_size': 3, 'learning_rate': 0.09869033307402587}. Best is trial 0 with value: 115.3639144897461.
[I 2023-12-26 17:20:01,941] Trial 43 finished with value: 466.2955627441406 and parameters: {'gradient_clip_val': 0.19567389318695994, 'hidden_size': 116, 'dropout': 0.20286087204911246, 'hidden_continuous_size': 91, 'attention_head_size': 2, 'learning_rate': 0.05594501683198659}. Best is trial 0 with value: 115.3639144897461.
[I 2023-12-26 17:20:08,145] Trial 44 finished with value: 534.1074829101562 and parameters: {'gradient_clip_val': 0.15986851464604288, 'hidden_size': 78, 'dropout': 0.23892645641739746, 'hidden_continuous_size': 60, 'attention_head_size': 4, 'learning_rate': 0.038252718133821535}. Best is trial 0 with value: 115.3639144897461.
[I 2023-12-26 17:20:18,362] Trial 45 finished with value: 396.8807373046875 and parameters: {'gradient_clip_val': 0.22384696637254475, 'hidden_size': 129, 'dropout': 0.26034939129178514, 'hidden_continuous_size': 105, 'attention_head_size': 1, 'learning_rate': 0.07885198198495243}. Best is trial 0 with value: 115.3639144897461.
[I 2023-12-26 17:20:29,213] Trial 46 finished with value: 493.7138977050781 and parameters: {'gradient_clip_val': 0.14052755900934713, 'hidden_size': 132, 'dropout': 0.30598271628035056, 'hidden_continuous_size': 102, 'attention_head_size': 1, 'learning_rate': 0.07389276538346497}. Best is trial 0 with value: 115.3639144897461.
[I 2023-12-26 17:20:36,954] Trial 47 finished with value: 652.0184936523438 and parameters: {'gradient_clip_val': 0.2599665827289823, 'hidden_size': 98, 'dropout': 0.2554110883017581, 'hidden_continuous_size': 77, 'attention_head_size': 1, 'learning_rate': 0.048769661177926076}. Best is trial 0 with value: 115.3639144897461.
[I 2023-12-26 17:20:41,258] Trial 48 finished with value: 572.6356811523438 and parameters: {'gradient_clip_val': 0.22064659888778052, 'hidden_size': 52, 'dropout': 0.26648153792979656, 'hidden_continuous_size': 44, 'attention_head_size': 1, 'learning_rate': 0.030304736405229172}. Best is trial 0 with value: 115.3639144897461.
[I 2023-12-26 17:20:47,170] Trial 49 finished with value: 542.0488891601562 and parameters: {'gradient_clip_val': 0.19338910875943752, 'hidden_size': 76, 'dropout': 0.32140853773972977, 'hidden_continuous_size': 63, 'attention_head_size': 1, 'learning_rate': 0.038896794455875634}. Best is trial 0 with value: 115.3639144897461.
[I 2023-12-26 17:20:47,300] A new study created in memory with name: no-name-6fcc3188-907f-431d-900e-d59de3a1b6ad
/home/le004/conda/anaconda3/envs/tsff_env/lib/python3.9/site-packages/lightning/fabric/plugins/environments/slurm.py:191: The `srun` command is available on your system but is not used. HINT: If your intention is to run Lightning on SLURM, prepend your python command with `srun` like so: srun python /home/le004/master_thesis/git/TSFusionForecast/code/ ...
[I 2023-12-26 17:25:50,721] Trial 0 finished with value: 162.32769775390625 and parameters: {'gradient_clip_val': 0.8962769616193157, 'hidden_size': 61, 'dropout': 0.2695151338307945, 'hidden_continuous_size': 7, 'attention_head_size': 4, 'learning_rate': 0.02576946465626706}. Best is trial 0 with value: 162.32769775390625.
[I 2023-12-26 17:25:53,176] Trial 1 finished with value: 1704.8529052734375 and parameters: {'gradient_clip_val': 0.1580974986591064, 'hidden_size': 22, 'dropout': 0.1607813163417295, 'hidden_continuous_size': 10, 'attention_head_size': 2, 'learning_rate': 0.0948674333069699}. Best is trial 0 with value: 162.32769775390625.
[I 2023-12-26 17:25:58,365] Trial 2 finished with value: 1161.7364501953125 and parameters: {'gradient_clip_val': 0.42376008219538625, 'hidden_size': 68, 'dropout': 0.3450643144805451, 'hidden_continuous_size': 28, 'attention_head_size': 4, 'learning_rate': 0.000684682269080631}. Best is trial 0 with value: 162.32769775390625.
[I 2023-12-26 17:26:06,838] Trial 3 finished with value: 1802.83837890625 and parameters: {'gradient_clip_val': 0.1151414654021651, 'hidden_size': 120, 'dropout': 0.20689117753822456, 'hidden_continuous_size': 13, 'attention_head_size': 2, 'learning_rate': 0.002507686777990469}. Best is trial 0 with value: 162.32769775390625.
[I 2023-12-26 17:26:09,041] Trial 4 finished with value: 1425.2718505859375 and parameters: {'gradient_clip_val': 0.8044911001238954, 'hidden_size': 11, 'dropout': 0.2731153718545626, 'hidden_continuous_size': 7, 'attention_head_size': 4, 'learning_rate': 0.023681200191676858}. Best is trial 0 with value: 162.32769775390625.
[I 2023-12-26 17:26:12,335] Trial 5 finished with value: 762.9358520507812 and parameters: {'gradient_clip_val': 0.2763097798884953, 'hidden_size': 39, 'dropout': 0.3422430870449613, 'hidden_continuous_size': 8, 'attention_head_size': 3, 'learning_rate': 0.05082867657481593}. Best is trial 0 with value: 162.32769775390625.
[I 2023-12-26 17:26:14,669] Trial 6 finished with value: 1375.4273681640625 and parameters: {'gradient_clip_val': 0.31106826497193374, 'hidden_size': 20, 'dropout': 0.16050288620519548, 'hidden_continuous_size': 20, 'attention_head_size': 4, 'learning_rate': 0.09929213382451015}. Best is trial 0 with value: 162.32769775390625.
[I 2023-12-26 17:26:17,969] Trial 7 finished with value: 1426.7982177734375 and parameters: {'gradient_clip_val': 0.26001983013052143, 'hidden_size': 38, 'dropout': 0.20716583324155502, 'hidden_continuous_size': 15, 'attention_head_size': 4, 'learning_rate': 0.0033094343316303868}. Best is trial 0 with value: 162.32769775390625.
[I 2023-12-26 17:26:20,079] Trial 8 finished with value: 1426.5657958984375 and parameters: {'gradient_clip_val': 0.13663257160181513, 'hidden_size': 16, 'dropout': 0.13933656916855167, 'hidden_continuous_size': 9, 'attention_head_size': 3, 'learning_rate': 0.0557541505088764}. Best is trial 0 with value: 162.32769775390625.
[I 2023-12-26 17:26:22,479] Trial 9 finished with value: 1347.6195068359375 and parameters: {'gradient_clip_val': 0.10477501594420914, 'hidden_size': 21, 'dropout': 0.476309039434613, 'hidden_continuous_size': 12, 'attention_head_size': 1, 'learning_rate': 0.039627462773192366}. Best is trial 0 with value: 162.32769775390625.
[I 2023-12-26 17:26:24,520] Trial 10 finished with value: 1382.9835205078125 and parameters: {'gradient_clip_val': 0.9373398573470046, 'hidden_size': 6, 'dropout': 0.10773009445332243, 'hidden_continuous_size': 5, 'attention_head_size': 3, 'learning_rate': 0.0140231861774598}. Best is trial 0 with value: 162.32769775390625.
[I 2023-12-26 17:26:27,977] Trial 11 finished with value: 1302.6865234375 and parameters: {'gradient_clip_val': 0.5670696484284068, 'hidden_size': 48, 'dropout': 0.34532198246500667, 'hidden_continuous_size': 5, 'attention_head_size': 3, 'learning_rate': 0.01451314492776459}. Best is trial 0 with value: 162.32769775390625.
[I 2023-12-26 17:26:35,504] Trial 12 finished with value: 1441.4361572265625 and parameters: {'gradient_clip_val': 0.5020878224108793, 'hidden_size': 93, 'dropout': 0.29440101507783617, 'hidden_continuous_size': 54, 'attention_head_size': 3, 'learning_rate': 0.028539429982183305}. Best is trial 0 with value: 162.32769775390625.
[I 2023-12-26 17:26:38,753] Trial 13 finished with value: 1315.3455810546875 and parameters: {'gradient_clip_val': 0.21537203621500214, 'hidden_size': 41, 'dropout': 0.384818302742845, 'hidden_continuous_size': 7, 'attention_head_size': 2, 'learning_rate': 0.009462933819995816}. Best is trial 0 with value: 162.32769775390625.
[I 2023-12-26 17:26:44,124] Trial 14 finished with value: 1147.6005859375 and parameters: {'gradient_clip_val': 0.38109542190558243, 'hidden_size': 70, 'dropout': 0.26512325239772255, 'hidden_continuous_size': 7, 'attention_head_size': 4, 'learning_rate': 0.04401320218950744}. Best is trial 0 with value: 162.32769775390625.
[I 2023-12-26 17:26:54,264] Trial 15 finished with value: 1148.572998046875 and parameters: {'gradient_clip_val': 0.6721787723900509, 'hidden_size': 139, 'dropout': 0.3986873388093255, 'hidden_continuous_size': 31, 'attention_head_size': 3, 'learning_rate': 0.021073168090558116}. Best is trial 0 with value: 162.32769775390625.
[I 2023-12-26 17:26:56,935] Trial 16 finished with value: 2046.43359375 and parameters: {'gradient_clip_val': 0.9123022215415163, 'hidden_size': 32, 'dropout': 0.24691414785225047, 'hidden_continuous_size': 8, 'attention_head_size': 1, 'learning_rate': 0.05160619248336602}. Best is trial 0 with value: 162.32769775390625.
[I 2023-12-26 17:27:01,319] Trial 17 finished with value: 1503.41796875 and parameters: {'gradient_clip_val': 0.6946063397773811, 'hidden_size': 55, 'dropout': 0.29876317222573423, 'hidden_continuous_size': 5, 'attention_head_size': 4, 'learning_rate': 0.006041074035881817}. Best is trial 0 with value: 162.32769775390625.
[I 2023-12-26 17:27:04,321] Trial 18 finished with value: 1585.2230224609375 and parameters: {'gradient_clip_val': 0.35598066063833017, 'hidden_size': 33, 'dropout': 0.3260468418198099, 'hidden_continuous_size': 6, 'attention_head_size': 3, 'learning_rate': 0.02602624157080604}. Best is trial 0 with value: 162.32769775390625.
[I 2023-12-26 17:27:10,834] Trial 19 finished with value: 1536.4749755859375 and parameters: {'gradient_clip_val': 0.5016921186557607, 'hidden_size': 87, 'dropout': 0.24000484092759167, 'hidden_continuous_size': 10, 'attention_head_size': 2, 'learning_rate': 0.06575452550640555}. Best is trial 0 with value: 162.32769775390625.
[I 2023-12-26 17:27:14,818] Trial 20 finished with value: 1003.8425903320312 and parameters: {'gradient_clip_val': 0.21006734792827064, 'hidden_size': 54, 'dropout': 0.3861872287841632, 'hidden_continuous_size': 11, 'attention_head_size': 4, 'learning_rate': 0.03835045484009638}. Best is trial 0 with value: 162.32769775390625.
[I 2023-12-26 17:27:19,341] Trial 21 finished with value: 1168.230712890625 and parameters: {'gradient_clip_val': 0.21524856376997217, 'hidden_size': 54, 'dropout': 0.3904911953139949, 'hidden_continuous_size': 10, 'attention_head_size': 4, 'learning_rate': 0.03806148431671448}. Best is trial 0 with value: 162.32769775390625.
[I 2023-12-26 17:27:22,180] Trial 22 finished with value: 1943.1417236328125 and parameters: {'gradient_clip_val': 0.28578588495534746, 'hidden_size': 29, 'dropout': 0.43626690982937955, 'hidden_continuous_size': 8, 'attention_head_size': 4, 'learning_rate': 0.06841435874685345}. Best is trial 0 with value: 162.32769775390625.
[I 2023-12-26 17:27:25,579] Trial 23 finished with value: 1695.6875 and parameters: {'gradient_clip_val': 0.23333885426646161, 'hidden_size': 43, 'dropout': 0.32430464820916244, 'hidden_continuous_size': 6, 'attention_head_size': 3, 'learning_rate': 0.03357481322740636}. Best is trial 0 with value: 162.32769775390625.
[I 2023-12-26 17:27:30,647] Trial 24 finished with value: 1650.3013916015625 and parameters: {'gradient_clip_val': 0.18421108747078843, 'hidden_size': 60, 'dropout': 0.3722940526662041, 'hidden_continuous_size': 14, 'attention_head_size': 4, 'learning_rate': 0.022794712668051886}. Best is trial 0 with value: 162.32769775390625.
[I 2023-12-26 17:27:36,949] Trial 25 finished with value: 2075.971435546875 and parameters: {'gradient_clip_val': 0.31951389688016396, 'hidden_size': 87, 'dropout': 0.42771950519587926, 'hidden_continuous_size': 11, 'attention_head_size': 3, 'learning_rate': 0.06169462626523876}. Best is trial 0 with value: 162.32769775390625.
[I 2023-12-26 17:27:39,958] Trial 26 finished with value: 1495.6270751953125 and parameters: {'gradient_clip_val': 0.26491767709165015, 'hidden_size': 45, 'dropout': 0.3572014623803224, 'hidden_continuous_size': 9, 'attention_head_size': 4, 'learning_rate': 0.014807632128516301}. Best is trial 0 with value: 162.32769775390625.
[I 2023-12-26 17:27:44,769] Trial 27 finished with value: 1711.0616455078125 and parameters: {'gradient_clip_val': 0.18905117560413956, 'hidden_size': 68, 'dropout': 0.32706470377244873, 'hidden_continuous_size': 16, 'attention_head_size': 4, 'learning_rate': 0.03651805164186438}. Best is trial 0 with value: 162.32769775390625.
[I 2023-12-26 17:27:48,403] Trial 28 finished with value: 1275.8726806640625 and parameters: {'gradient_clip_val': 0.41007185174790367, 'hidden_size': 37, 'dropout': 0.2998145124486384, 'hidden_continuous_size': 12, 'attention_head_size': 3, 'learning_rate': 0.06946226447874357}. Best is trial 0 with value: 162.32769775390625.
[I 2023-12-26 17:27:51,676] Trial 29 finished with value: 1240.1505126953125 and parameters: {'gradient_clip_val': 0.15544281254010958, 'hidden_size': 27, 'dropout': 0.49047222258643297, 'hidden_continuous_size': 9, 'attention_head_size': 2, 'learning_rate': 0.09867207864779531}. Best is trial 0 with value: 162.32769775390625.
[I 2023-12-26 17:27:55,734] Trial 30 finished with value: 1770.4788818359375 and parameters: {'gradient_clip_val': 0.3385241655862382, 'hidden_size': 50, 'dropout': 0.41542377757302884, 'hidden_continuous_size': 11, 'attention_head_size': 1, 'learning_rate': 0.04791411624329355}. Best is trial 0 with value: 162.32769775390625.
[I 2023-12-26 17:28:00,554] Trial 31 finished with value: 1393.6783447265625 and parameters: {'gradient_clip_val': 0.38812264991566053, 'hidden_size': 70, 'dropout': 0.2655934547414673, 'hidden_continuous_size': 7, 'attention_head_size': 4, 'learning_rate': 0.039468107112960414}. Best is trial 0 with value: 162.32769775390625.
[I 2023-12-26 17:28:05,462] Trial 32 finished with value: 1455.00390625 and parameters: {'gradient_clip_val': 0.2906659368184816, 'hidden_size': 69, 'dropout': 0.35529370129352283, 'hidden_continuous_size': 6, 'attention_head_size': 4, 'learning_rate': 0.07267237190877233}. Best is trial 0 with value: 162.32769775390625.
[I 2023-12-26 17:28:12,313] Trial 33 finished with value: 1066.46533203125 and parameters: {'gradient_clip_val': 0.37849503291439085, 'hidden_size': 109, 'dropout': 0.3170411412897873, 'hidden_continuous_size': 8, 'attention_head_size': 4, 'learning_rate': 0.04799544224715146}. Best is trial 0 with value: 162.32769775390625.
[I 2023-12-26 17:28:19,067] Trial 34 finished with value: 1410.34423828125 and parameters: {'gradient_clip_val': 0.48604268086250785, 'hidden_size': 114, 'dropout': 0.32320874421515877, 'hidden_continuous_size': 8, 'attention_head_size': 4, 'learning_rate': 0.019174437915539976}. Best is trial 0 with value: 162.32769775390625.
[I 2023-12-26 17:28:28,056] Trial 35 finished with value: 1146.32958984375 and parameters: {'gradient_clip_val': 0.4300098036280172, 'hidden_size': 142, 'dropout': 0.3719918200226967, 'hidden_continuous_size': 21, 'attention_head_size': 4, 'learning_rate': 0.033948212169413496}. Best is trial 0 with value: 162.32769775390625.
[I 2023-12-26 17:28:35,252] Trial 36 finished with value: 1054.66943359375 and parameters: {'gradient_clip_val': 0.24749498685180124, 'hidden_size': 90, 'dropout': 0.2818072905107888, 'hidden_continuous_size': 13, 'attention_head_size': 4, 'learning_rate': 0.08560573246548693}. Best is trial 0 with value: 162.32769775390625.
[I 2023-12-26 17:28:38,879] Trial 37 finished with value: 1118.0018310546875 and parameters: {'gradient_clip_val': 0.25382227857153755, 'hidden_size': 61, 'dropout': 0.2856235175451019, 'hidden_continuous_size': 13, 'attention_head_size': 3, 'learning_rate': 0.09191227116007049}. Best is trial 0 with value: 162.32769775390625.
[I 2023-12-26 17:28:42,406] Trial 38 finished with value: 1164.6773681640625 and parameters: {'gradient_clip_val': 0.29765504490710276, 'hidden_size': 36, 'dropout': 0.21415840267770458, 'hidden_continuous_size': 10, 'attention_head_size': 4, 'learning_rate': 0.07591662853205292}. Best is trial 0 with value: 162.32769775390625.
[I 2023-12-26 17:28:45,478] Trial 39 finished with value: 1465.8363037109375 and parameters: {'gradient_clip_val': 0.323281081680956, 'hidden_size': 25, 'dropout': 0.27915838632942563, 'hidden_continuous_size': 9, 'attention_head_size': 3, 'learning_rate': 0.029726186366846416}. Best is trial 0 with value: 162.32769775390625.
[I 2023-12-26 17:28:51,476] Trial 40 finished with value: 1372.77978515625 and parameters: {'gradient_clip_val': 0.9971101086891059, 'hidden_size': 84, 'dropout': 0.18687634359030725, 'hidden_continuous_size': 16, 'attention_head_size': 2, 'learning_rate': 0.0561465892938563}. Best is trial 0 with value: 162.32769775390625.
[I 2023-12-26 17:28:58,615] Trial 41 finished with value: 1028.431884765625 and parameters: {'gradient_clip_val': 0.247225837091022, 'hidden_size': 107, 'dropout': 0.31393916466547944, 'hidden_continuous_size': 13, 'attention_head_size': 4, 'learning_rate': 0.08756666215911217}. Best is trial 0 with value: 162.32769775390625.
[I 2023-12-26 17:29:05,922] Trial 42 finished with value: 1408.2750244140625 and parameters: {'gradient_clip_val': 0.24296082109741432, 'hidden_size': 102, 'dropout': 0.3100096780318385, 'hidden_continuous_size': 18, 'attention_head_size': 4, 'learning_rate': 0.09582619518626158}. Best is trial 0 with value: 162.32769775390625.
[I 2023-12-26 17:29:14,001] Trial 43 finished with value: 1418.7138671875 and parameters: {'gradient_clip_val': 0.28079681899576775, 'hidden_size': 118, 'dropout': 0.3366894085660408, 'hidden_continuous_size': 13, 'attention_head_size': 4, 'learning_rate': 0.050810437253111}. Best is trial 0 with value: 162.32769775390625.
[I 2023-12-26 17:29:19,029] Trial 44 finished with value: 1505.4798583984375 and parameters: {'gradient_clip_val': 0.2289916878941395, 'hidden_size': 78, 'dropout': 0.3489206271037464, 'hidden_continuous_size': 14, 'attention_head_size': 4, 'learning_rate': 0.08313575250306468}. Best is trial 0 with value: 162.32769775390625.
[I 2023-12-26 17:29:25,932] Trial 45 finished with value: 1322.7515869140625 and parameters: {'gradient_clip_val': 0.19823590944003364, 'hidden_size': 97, 'dropout': 0.2999694787250491, 'hidden_continuous_size': 12, 'attention_head_size': 4, 'learning_rate': 0.057549127299783856}. Best is trial 0 with value: 162.32769775390625.
