[I 2023-12-15 13:00:07,768] Trial 22 finished with value: 853.2932739257812 and parameters: {'gradient_clip_val': 0.40086600150901097, 'hidden_size': 7, 'dropout': 0.3185375425751721, 'hidden_continuous_size': 5, 'attention_head_size': 2, 'learning_rate': 0.017074428183880823}. Best is trial 14 with value: 148.20021057128906.
LOCAL_RANK: 0 - CUDA_VISIBLE_DEVICES: [0]
[I 2023-12-15 13:00:53,354] Trial 23 finished with value: 460.6634826660156 and parameters: {'gradient_clip_val': 0.1598539687081794, 'hidden_size': 15, 'dropout': 0.3457172426601839, 'hidden_continuous_size': 6, 'attention_head_size': 2, 'learning_rate': 0.007887121812283914}. Best is trial 14 with value: 148.20021057128906.
LOCAL_RANK: 0 - CUDA_VISIBLE_DEVICES: [0]
[I 2023-12-15 13:01:41,638] Trial 24 finished with value: 479.8203125 and parameters: {'gradient_clip_val': 0.25092379860407454, 'hidden_size': 21, 'dropout': 0.32422981467038253, 'hidden_continuous_size': 6, 'attention_head_size': 3, 'learning_rate': 0.02530665026994913}. Best is trial 14 with value: 148.20021057128906.
LOCAL_RANK: 0 - CUDA_VISIBLE_DEVICES: [0]
[I 2023-12-15 13:02:26,962] Trial 25 finished with value: 719.4939575195312 and parameters: {'gradient_clip_val': 0.3618852920174627, 'hidden_size': 10, 'dropout': 0.2859022423811191, 'hidden_continuous_size': 5, 'attention_head_size': 2, 'learning_rate': 0.010732688826320195}. Best is trial 14 with value: 148.20021057128906.
LOCAL_RANK: 0 - CUDA_VISIBLE_DEVICES: [0]
[I 2023-12-15 13:03:11,711] Trial 26 finished with value: 403.3536682128906 and parameters: {'gradient_clip_val': 0.11070341818387353, 'hidden_size': 7, 'dropout': 0.31368295115718203, 'hidden_continuous_size': 5, 'attention_head_size': 1, 'learning_rate': 0.05143917058704458}. Best is trial 14 with value: 148.20021057128906.
LOCAL_RANK: 0 - CUDA_VISIBLE_DEVICES: [0]
[I 2023-12-15 13:03:56,688] Trial 27 finished with value: 137.6900634765625 and parameters: {'gradient_clip_val': 0.48500189556777934, 'hidden_size': 11, 'dropout': 0.2435223299509479, 'hidden_continuous_size': 6, 'attention_head_size': 2, 'learning_rate': 0.01756794120137963}. Best is trial 27 with value: 137.6900634765625.
LOCAL_RANK: 0 - CUDA_VISIBLE_DEVICES: [0]
[I 2023-12-15 13:04:41,286] Trial 28 finished with value: 267.9042053222656 and parameters: {'gradient_clip_val': 0.510080177017572, 'hidden_size': 8, 'dropout': 0.24116072055078083, 'hidden_continuous_size': 6, 'attention_head_size': 3, 'learning_rate': 0.022459000214032365}. Best is trial 27 with value: 137.6900634765625.
LOCAL_RANK: 0 - CUDA_VISIBLE_DEVICES: [0]
[I 2023-12-15 13:05:26,703] Trial 29 finished with value: 344.2471923828125 and parameters: {'gradient_clip_val': 0.49659696969318196, 'hidden_size': 6, 'dropout': 0.2612928817372211, 'hidden_continuous_size': 5, 'attention_head_size': 3, 'learning_rate': 0.03988435921436443}. Best is trial 27 with value: 137.6900634765625.
LOCAL_RANK: 0 - CUDA_VISIBLE_DEVICES: [0]
[I 2023-12-15 13:06:11,574] Trial 30 finished with value: 793.9700317382812 and parameters: {'gradient_clip_val': 0.12292645068539805, 'hidden_size': 10, 'dropout': 0.28682648945506195, 'hidden_continuous_size': 6, 'attention_head_size': 1, 'learning_rate': 0.019111722816182133}. Best is trial 27 with value: 137.6900634765625.
LOCAL_RANK: 0 - CUDA_VISIBLE_DEVICES: [0]
[I 2023-12-15 13:06:56,831] Trial 31 finished with value: 346.7139587402344 and parameters: {'gradient_clip_val': 0.3586241458939213, 'hidden_size': 13, 'dropout': 0.3091496499835804, 'hidden_continuous_size': 5, 'attention_head_size': 2, 'learning_rate': 0.014862985711918415}. Best is trial 27 with value: 137.6900634765625.
LOCAL_RANK: 0 - CUDA_VISIBLE_DEVICES: [0]
[I 2023-12-15 13:07:44,077] Trial 32 finished with value: 744.2568359375 and parameters: {'gradient_clip_val': 0.45579164730354627, 'hidden_size': 19, 'dropout': 0.2317700303316594, 'hidden_continuous_size': 7, 'attention_head_size': 2, 'learning_rate': 0.014872210926299567}. Best is trial 27 with value: 137.6900634765625.
LOCAL_RANK: 0 - CUDA_VISIBLE_DEVICES: [0]
[I 2023-12-15 13:08:28,447] Trial 33 finished with value: 794.5708618164062 and parameters: {'gradient_clip_val': 0.5383289825170536, 'hidden_size': 16, 'dropout': 0.3339374037791659, 'hidden_continuous_size': 6, 'attention_head_size': 2, 'learning_rate': 0.009492279539306175}. Best is trial 27 with value: 137.6900634765625.
LOCAL_RANK: 0 - CUDA_VISIBLE_DEVICES: [0]
[I 2023-12-15 13:09:13,860] Trial 34 finished with value: 271.9050598144531 and parameters: {'gradient_clip_val': 0.3221928057119236, 'hidden_size': 11, 'dropout': 0.2743831285521684, 'hidden_continuous_size': 5, 'attention_head_size': 2, 'learning_rate': 0.014470485723427436}. Best is trial 27 with value: 137.6900634765625.
LOCAL_RANK: 0 - CUDA_VISIBLE_DEVICES: [0]
[I 2023-12-15 13:09:59,611] Trial 35 finished with value: 242.5359344482422 and parameters: {'gradient_clip_val': 0.23073297068145524, 'hidden_size': 14, 'dropout': 0.22566355122894124, 'hidden_continuous_size': 6, 'attention_head_size': 3, 'learning_rate': 0.018822336436470872}. Best is trial 27 with value: 137.6900634765625.
LOCAL_RANK: 0 - CUDA_VISIBLE_DEVICES: [0]
[I 2023-12-15 13:10:47,481] Trial 36 finished with value: 175.2958526611328 and parameters: {'gradient_clip_val': 0.1890930008498521, 'hidden_size': 18, 'dropout': 0.25816638538812836, 'hidden_continuous_size': 8, 'attention_head_size': 4, 'learning_rate': 0.005545295241546402}. Best is trial 27 with value: 137.6900634765625.
LOCAL_RANK: 0 - CUDA_VISIBLE_DEVICES: [0]
[I 2023-12-15 13:11:35,214] Trial 37 finished with value: 228.93017578125 and parameters: {'gradient_clip_val': 0.6034161487967077, 'hidden_size': 24, 'dropout': 0.3982197555931881, 'hidden_continuous_size': 9, 'attention_head_size': 2, 'learning_rate': 0.006065724978676884}. Best is trial 27 with value: 137.6900634765625.
LOCAL_RANK: 0 - CUDA_VISIBLE_DEVICES: [0]
[I 2023-12-15 13:12:19,701] Trial 38 finished with value: 1000.5061645507812 and parameters: {'gradient_clip_val': 0.14960373620669046, 'hidden_size': 6, 'dropout': 0.2993104812878977, 'hidden_continuous_size': 5, 'attention_head_size': 1, 'learning_rate': 0.00983277389123336}. Best is trial 27 with value: 137.6900634765625.
LOCAL_RANK: 0 - CUDA_VISIBLE_DEVICES: [0]
[I 2023-12-15 13:13:05,189] Trial 39 finished with value: 338.1498107910156 and parameters: {'gradient_clip_val': 0.1878741378945743, 'hidden_size': 9, 'dropout': 0.250990880703311, 'hidden_continuous_size': 6, 'attention_head_size': 2, 'learning_rate': 0.003889195090261307}. Best is trial 27 with value: 137.6900634765625.
LOCAL_RANK: 0 - CUDA_VISIBLE_DEVICES: [0]
[I 2023-12-15 13:13:50,393] Trial 40 finished with value: 870.8308715820312 and parameters: {'gradient_clip_val': 0.793616409307074, 'hidden_size': 11, 'dropout': 0.36850274292765517, 'hidden_continuous_size': 6, 'attention_head_size': 2, 'learning_rate': 0.013189356456903235}. Best is trial 27 with value: 137.6900634765625.
LOCAL_RANK: 0 - CUDA_VISIBLE_DEVICES: [0]
[I 2023-12-15 13:14:25,326] Trial 41 finished with value: 301.9257507324219 and parameters: {'gradient_clip_val': 0.11027791869922952, 'hidden_size': 5, 'dropout': 0.28232365980304835, 'hidden_continuous_size': 5, 'attention_head_size': 3, 'learning_rate': 0.007196286218351728}. Best is trial 27 with value: 137.6900634765625.
LOCAL_RANK: 0 - CUDA_VISIBLE_DEVICES: [0]
[I 2023-12-15 13:15:00,360] Trial 42 finished with value: 185.8088836669922 and parameters: {'gradient_clip_val': 0.11307129107770905, 'hidden_size': 5, 'dropout': 0.2724051532914741, 'hidden_continuous_size': 5, 'attention_head_size': 4, 'learning_rate': 0.008131686347960049}. Best is trial 27 with value: 137.6900634765625.
LOCAL_RANK: 0 - CUDA_VISIBLE_DEVICES: [0]
[I 2023-12-15 13:15:45,737] Trial 43 finished with value: 203.94737243652344 and parameters: {'gradient_clip_val': 0.10063852608682801, 'hidden_size': 6, 'dropout': 0.29798163253006416, 'hidden_continuous_size': 5, 'attention_head_size': 3, 'learning_rate': 0.006003482157161069}. Best is trial 27 with value: 137.6900634765625.
LOCAL_RANK: 0 - CUDA_VISIBLE_DEVICES: [0]
[I 2023-12-15 13:16:30,049] Trial 44 finished with value: 185.77919006347656 and parameters: {'gradient_clip_val': 0.13898596432881144, 'hidden_size': 8, 'dropout': 0.2080543676885956, 'hidden_continuous_size': 5, 'attention_head_size': 3, 'learning_rate': 0.011531544600446142}. Best is trial 27 with value: 137.6900634765625.
LOCAL_RANK: 0 - CUDA_VISIBLE_DEVICES: [0]
[I 2023-12-15 13:17:15,623] Trial 45 finished with value: 227.0340576171875 and parameters: {'gradient_clip_val': 0.12200066616395909, 'hidden_size': 7, 'dropout': 0.3080582053600066, 'hidden_continuous_size': 5, 'attention_head_size': 3, 'learning_rate': 0.0034081193131557316}. Best is trial 27 with value: 137.6900634765625.
LOCAL_RANK: 0 - CUDA_VISIBLE_DEVICES: [0]
[I 2023-12-15 13:18:01,089] Trial 46 finished with value: 606.9251708984375 and parameters: {'gradient_clip_val': 0.10139552631714777, 'hidden_size': 9, 'dropout': 0.3366193496863631, 'hidden_continuous_size': 7, 'attention_head_size': 2, 'learning_rate': 0.02256000503517623}. Best is trial 27 with value: 137.6900634765625.
LOCAL_RANK: 0 - CUDA_VISIBLE_DEVICES: [0]
[I 2023-12-15 13:18:35,463] Trial 47 finished with value: 506.6388244628906 and parameters: {'gradient_clip_val': 0.14681430369176582, 'hidden_size': 5, 'dropout': 0.358124196874155, 'hidden_continuous_size': 5, 'attention_head_size': 2, 'learning_rate': 0.008693206908631068}. Best is trial 27 with value: 137.6900634765625.
LOCAL_RANK: 0 - CUDA_VISIBLE_DEVICES: [0]
[I 2023-12-15 13:19:22,059] Trial 48 finished with value: 614.2333374023438 and parameters: {'gradient_clip_val': 0.11946544124671035, 'hidden_size': 14, 'dropout': 0.27324728395703013, 'hidden_continuous_size': 6, 'attention_head_size': 4, 'learning_rate': 0.006713471988329051}. Best is trial 27 with value: 137.6900634765625.
LOCAL_RANK: 0 - CUDA_VISIBLE_DEVICES: [0]
[I 2023-12-15 13:20:07,357] Trial 49 finished with value: 958.8191528320312 and parameters: {'gradient_clip_val': 0.1307383252252264, 'hidden_size': 6, 'dropout': 0.3191013793790458, 'hidden_continuous_size': 5, 'attention_head_size': 2, 'learning_rate': 0.011714979723482474}. Best is trial 27 with value: 137.6900634765625.
[I 2023-12-15 13:20:07,450] A new study created in memory with name: no-name-6cc6bef3-e274-40f7-94a2-04fb32a47d64
/home/le004/conda/anaconda3/envs/tsff_env/lib/python3.9/site-packages/lightning/fabric/plugins/environments/slurm.py:191: The `srun` command is available on your system but is not used. HINT: If your intention is to run Lightning on SLURM, prepend your python command with `srun` like so: srun python /home/le004/master_thesis/git/TSFusionForecast/code/ ...
LOCAL_RANK: 0 - CUDA_VISIBLE_DEVICES: [0]
[I 2023-12-15 13:21:01,971] Trial 0 finished with value: 157.90371704101562 and parameters: {'gradient_clip_val': 0.8329360650270436, 'hidden_size': 79, 'dropout': 0.28989478039701005, 'hidden_continuous_size': 34, 'attention_head_size': 1, 'learning_rate': 0.007742630448918528}. Best is trial 0 with value: 157.90371704101562.
LOCAL_RANK: 0 - CUDA_VISIBLE_DEVICES: [0]
[I 2023-12-15 13:21:47,146] Trial 1 finished with value: 88.14234161376953 and parameters: {'gradient_clip_val': 0.19628773637809166, 'hidden_size': 12, 'dropout': 0.15813058485789683, 'hidden_continuous_size': 6, 'attention_head_size': 4, 'learning_rate': 0.0039572466694346746}. Best is trial 1 with value: 88.14234161376953.
LOCAL_RANK: 0 - CUDA_VISIBLE_DEVICES: [0]
[I 2023-12-15 13:22:22,504] Trial 2 finished with value: 96.82738494873047 and parameters: {'gradient_clip_val': 0.5038849464366296, 'hidden_size': 15, 'dropout': 0.30981390321183144, 'hidden_continuous_size': 15, 'attention_head_size': 4, 'learning_rate': 0.0647372446989746}. Best is trial 1 with value: 88.14234161376953.
LOCAL_RANK: 0 - CUDA_VISIBLE_DEVICES: [0]
[I 2023-12-15 13:23:11,572] Trial 3 finished with value: 147.31349182128906 and parameters: {'gradient_clip_val': 0.627158818607499, 'hidden_size': 35, 'dropout': 0.3613452459217755, 'hidden_continuous_size': 5, 'attention_head_size': 2, 'learning_rate': 0.002217375301026631}. Best is trial 1 with value: 88.14234161376953.
LOCAL_RANK: 0 - CUDA_VISIBLE_DEVICES: [0]
[I 2023-12-15 13:24:05,380] Trial 4 finished with value: 242.56117248535156 and parameters: {'gradient_clip_val': 0.2822903366140519, 'hidden_size': 87, 'dropout': 0.23684306245384698, 'hidden_continuous_size': 6, 'attention_head_size': 4, 'learning_rate': 0.0017188980050129891}. Best is trial 1 with value: 88.14234161376953.
LOCAL_RANK: 0 - CUDA_VISIBLE_DEVICES: [0]
[I 2023-12-15 13:24:52,278] Trial 5 finished with value: 137.3382110595703 and parameters: {'gradient_clip_val': 0.7274720297819846, 'hidden_size': 20, 'dropout': 0.2543547751610957, 'hidden_continuous_size': 5, 'attention_head_size': 4, 'learning_rate': 0.053318436623999176}. Best is trial 1 with value: 88.14234161376953.
LOCAL_RANK: 0 - CUDA_VISIBLE_DEVICES: [0]
[I 2023-12-15 13:25:39,647] Trial 6 finished with value: 164.55894470214844 and parameters: {'gradient_clip_val': 0.13850163475730234, 'hidden_size': 32, 'dropout': 0.38978815159368696, 'hidden_continuous_size': 5, 'attention_head_size': 1, 'learning_rate': 0.08726884444623349}. Best is trial 1 with value: 88.14234161376953.
LOCAL_RANK: 0 - CUDA_VISIBLE_DEVICES: [0]
[I 2023-12-15 13:26:33,091] Trial 7 finished with value: 63.99293899536133 and parameters: {'gradient_clip_val': 0.24292001936820698, 'hidden_size': 34, 'dropout': 0.20124466399173613, 'hidden_continuous_size': 28, 'attention_head_size': 4, 'learning_rate': 0.0028073603604951295}. Best is trial 7 with value: 63.99293899536133.
LOCAL_RANK: 0 - CUDA_VISIBLE_DEVICES: [0]
[I 2023-12-15 13:27:17,930] Trial 8 finished with value: 93.23462677001953 and parameters: {'gradient_clip_val': 0.40249362825079343, 'hidden_size': 9, 'dropout': 0.2824632783726419, 'hidden_continuous_size': 6, 'attention_head_size': 1, 'learning_rate': 0.003803452314390546}. Best is trial 7 with value: 63.99293899536133.
LOCAL_RANK: 0 - CUDA_VISIBLE_DEVICES: [0]
[I 2023-12-15 13:28:09,059] Trial 9 finished with value: 147.98011779785156 and parameters: {'gradient_clip_val': 0.7731245786240761, 'hidden_size': 34, 'dropout': 0.1463138380520663, 'hidden_continuous_size': 17, 'attention_head_size': 1, 'learning_rate': 0.004248085925264667}. Best is trial 7 with value: 63.99293899536133.
LOCAL_RANK: 0 - CUDA_VISIBLE_DEVICES: [0]
[I 2023-12-15 13:28:44,118] Trial 10 finished with value: 90.5477066040039 and parameters: {'gradient_clip_val': 0.10441278178215488, 'hidden_size': 5, 'dropout': 0.10260444660364612, 'hidden_continuous_size': 5, 'attention_head_size': 3, 'learning_rate': 0.0005433718839726172}. Best is trial 7 with value: 63.99293899536133.
LOCAL_RANK: 0 - CUDA_VISIBLE_DEVICES: [0]
[I 2023-12-15 13:29:30,032] Trial 11 finished with value: 83.43609619140625 and parameters: {'gradient_clip_val': 0.22976495640308545, 'hidden_size': 13, 'dropout': 0.18942538958212055, 'hidden_continuous_size': 7, 'attention_head_size': 3, 'learning_rate': 0.010276439401522827}. Best is trial 7 with value: 63.99293899536133.
LOCAL_RANK: 0 - CUDA_VISIBLE_DEVICES: [0]
[I 2023-12-15 13:30:19,369] Trial 12 finished with value: 218.3911590576172 and parameters: {'gradient_clip_val': 0.2542973937582299, 'hidden_size': 22, 'dropout': 0.19495625461532465, 'hidden_continuous_size': 9, 'attention_head_size': 3, 'learning_rate': 0.012973956634251688}. Best is trial 7 with value: 63.99293899536133.
LOCAL_RANK: 0 - CUDA_VISIBLE_DEVICES: [0]
[I 2023-12-15 13:31:04,014] Trial 13 finished with value: 99.36285400390625 and parameters: {'gradient_clip_val': 0.19098116835027865, 'hidden_size': 8, 'dropout': 0.22265607363092124, 'hidden_continuous_size': 7, 'attention_head_size': 3, 'learning_rate': 0.016224179840311433}. Best is trial 7 with value: 63.99293899536133.
LOCAL_RANK: 0 - CUDA_VISIBLE_DEVICES: [0]
[I 2023-12-15 13:31:40,187] Trial 14 finished with value: 110.4811019897461 and parameters: {'gradient_clip_val': 0.374611686016614, 'hidden_size': 53, 'dropout': 0.1913239182343328, 'hidden_continuous_size': 53, 'attention_head_size': 2, 'learning_rate': 0.02005703483410131}. Best is trial 7 with value: 63.99293899536133.
LOCAL_RANK: 0 - CUDA_VISIBLE_DEVICES: [0]
[I 2023-12-15 13:32:29,106] Trial 15 finished with value: 77.81963348388672 and parameters: {'gradient_clip_val': 0.22648935179017532, 'hidden_size': 22, 'dropout': 0.20011805939100247, 'hidden_continuous_size': 9, 'attention_head_size': 3, 'learning_rate': 0.00903441768741379}. Best is trial 7 with value: 63.99293899536133.
LOCAL_RANK: 0 - CUDA_VISIBLE_DEVICES: [0]
[I 2023-12-15 13:33:21,976] Trial 16 finished with value: 270.3688049316406 and parameters: {'gradient_clip_val': 0.34523959175549396, 'hidden_size': 51, 'dropout': 0.22156604885808587, 'hidden_continuous_size': 12, 'attention_head_size': 2, 'learning_rate': 0.026579536543825787}. Best is trial 7 with value: 63.99293899536133.
LOCAL_RANK: 0 - CUDA_VISIBLE_DEVICES: [0]
[I 2023-12-15 13:34:11,409] Trial 17 finished with value: 235.3113250732422 and parameters: {'gradient_clip_val': 0.16654881519550474, 'hidden_size': 22, 'dropout': 0.15342440721967834, 'hidden_continuous_size': 10, 'attention_head_size': 4, 'learning_rate': 0.007868227507029264}. Best is trial 7 with value: 63.99293899536133.
LOCAL_RANK: 0 - CUDA_VISIBLE_DEVICES: [0]
[I 2023-12-15 13:35:00,748] Trial 18 finished with value: 53.9099235534668 and parameters: {'gradient_clip_val': 0.2855006338375546, 'hidden_size': 26, 'dropout': 0.2537434176252548, 'hidden_continuous_size': 12, 'attention_head_size': 3, 'learning_rate': 0.0012145124060339346}. Best is trial 18 with value: 53.9099235534668.
LOCAL_RANK: 0 - CUDA_VISIBLE_DEVICES: [0]
[I 2023-12-15 13:35:54,491] Trial 19 finished with value: 66.00179290771484 and parameters: {'gradient_clip_val': 0.29985656260083415, 'hidden_size': 47, 'dropout': 0.25777902290227594, 'hidden_continuous_size': 20, 'attention_head_size': 4, 'learning_rate': 0.0009265430438982389}. Best is trial 18 with value: 53.9099235534668.
LOCAL_RANK: 0 - CUDA_VISIBLE_DEVICES: [0]
[I 2023-12-15 13:36:44,038] Trial 20 finished with value: 166.99937438964844 and parameters: {'gradient_clip_val': 0.4076137474870286, 'hidden_size': 29, 'dropout': 0.32398574102745825, 'hidden_continuous_size': 13, 'attention_head_size': 3, 'learning_rate': 0.001428946091846256}. Best is trial 18 with value: 53.9099235534668.
LOCAL_RANK: 0 - CUDA_VISIBLE_DEVICES: [0]
[I 2023-12-15 13:37:38,186] Trial 21 finished with value: 55.693145751953125 and parameters: {'gradient_clip_val': 0.2923350295475081, 'hidden_size': 54, 'dropout': 0.2478880995480621, 'hidden_continuous_size': 21, 'attention_head_size': 4, 'learning_rate': 0.0008712818246646553}. Best is trial 18 with value: 53.9099235534668.
LOCAL_RANK: 0 - CUDA_VISIBLE_DEVICES: [0]
[I 2023-12-15 13:38:32,378] Trial 22 finished with value: 99.46117401123047 and parameters: {'gradient_clip_val': 0.3051081198361475, 'hidden_size': 65, 'dropout': 0.2553135889859738, 'hidden_continuous_size': 23, 'attention_head_size': 4, 'learning_rate': 0.0006624978355661061}. Best is trial 18 with value: 53.9099235534668.
LOCAL_RANK: 0 - CUDA_VISIBLE_DEVICES: [0]
[I 2023-12-15 13:39:25,726] Trial 23 finished with value: 83.56604766845703 and parameters: {'gradient_clip_val': 0.2454016222248472, 'hidden_size': 42, 'dropout': 0.26754854156898744, 'hidden_continuous_size': 23, 'attention_head_size': 4, 'learning_rate': 0.0010656634401598677}. Best is trial 18 with value: 53.9099235534668.
LOCAL_RANK: 0 - CUDA_VISIBLE_DEVICES: [0]
[I 2023-12-15 13:40:21,608] Trial 24 finished with value: 105.39098358154297 and parameters: {'gradient_clip_val': 0.47331134567553956, 'hidden_size': 98, 'dropout': 0.23374393620679218, 'hidden_continuous_size': 29, 'attention_head_size': 3, 'learning_rate': 0.002428639635907949}. Best is trial 18 with value: 53.9099235534668.
LOCAL_RANK: 0 - CUDA_VISIBLE_DEVICES: [0]
[I 2023-12-15 13:41:15,722] Trial 25 finished with value: 62.71022415161133 and parameters: {'gradient_clip_val': 0.32821362473518717, 'hidden_size': 65, 'dropout': 0.2814962189347124, 'hidden_continuous_size': 17, 'attention_head_size': 4, 'learning_rate': 0.0008028037463646448}. Best is trial 18 with value: 53.9099235534668.
LOCAL_RANK: 0 - CUDA_VISIBLE_DEVICES: [0]
[I 2023-12-15 13:42:09,302] Trial 26 finished with value: 139.25665283203125 and parameters: {'gradient_clip_val': 0.3296949889596695, 'hidden_size': 69, 'dropout': 0.2878083645415258, 'hidden_continuous_size': 16, 'attention_head_size': 2, 'learning_rate': 0.0005218602747421163}. Best is trial 18 with value: 53.9099235534668.
LOCAL_RANK: 0 - CUDA_VISIBLE_DEVICES: [0]
[I 2023-12-15 13:43:02,916] Trial 27 finished with value: 89.3633804321289 and parameters: {'gradient_clip_val': 0.30036044084883, 'hidden_size': 62, 'dropout': 0.3301508227137777, 'hidden_continuous_size': 12, 'attention_head_size': 3, 'learning_rate': 0.000892049004332262}. Best is trial 18 with value: 53.9099235534668.
LOCAL_RANK: 0 - CUDA_VISIBLE_DEVICES: [0]
[I 2023-12-15 13:43:56,288] Trial 28 finished with value: 91.07393646240234 and parameters: {'gradient_clip_val': 0.3639633794855449, 'hidden_size': 42, 'dropout': 0.2726307832345042, 'hidden_continuous_size': 17, 'attention_head_size': 4, 'learning_rate': 0.0013303163312695114}. Best is trial 18 with value: 53.9099235534668.
LOCAL_RANK: 0 - CUDA_VISIBLE_DEVICES: [0]
[I 2023-12-15 13:44:50,734] Trial 29 finished with value: 99.22378540039062 and parameters: {'gradient_clip_val': 0.4622145085720932, 'hidden_size': 69, 'dropout': 0.29212743577179207, 'hidden_continuous_size': 21, 'attention_head_size': 4, 'learning_rate': 0.0008574875148044094}. Best is trial 18 with value: 53.9099235534668.
LOCAL_RANK: 0 - CUDA_VISIBLE_DEVICES: [0]
