[I 2023-12-26 17:39:03,981] Trial 7 finished with value: 3.8760268688201904 and parameters: {'gradient_clip_val': 0.5841363011900528, 'hidden_size': 55, 'dropout': 0.4912718662390295, 'hidden_continuous_size': 22, 'attention_head_size': 3, 'learning_rate': 0.002815401968750619}. Best is trial 0 with value: 0.033483557403087616.
[I 2023-12-26 17:39:05,814] Trial 8 finished with value: 4.044490337371826 and parameters: {'gradient_clip_val': 0.36676914507163555, 'hidden_size': 9, 'dropout': 0.3044750092717261, 'hidden_continuous_size': 7, 'attention_head_size': 1, 'learning_rate': 0.0008385286196995179}. Best is trial 0 with value: 0.033483557403087616.
[I 2023-12-26 17:39:07,929] Trial 9 finished with value: 3.0227813720703125 and parameters: {'gradient_clip_val': 0.1589907625505381, 'hidden_size': 10, 'dropout': 0.38996767932136156, 'hidden_continuous_size': 9, 'attention_head_size': 3, 'learning_rate': 0.0019350148962854643}. Best is trial 0 with value: 0.033483557403087616.
[I 2023-12-26 17:39:09,621] Trial 10 finished with value: 2.7351436614990234 and parameters: {'gradient_clip_val': 0.11706486611083966, 'hidden_size': 5, 'dropout': 0.2310684222631617, 'hidden_continuous_size': 5, 'attention_head_size': 4, 'learning_rate': 0.012933144836475879}. Best is trial 0 with value: 0.033483557403087616.
[I 2023-12-26 17:39:12,089] Trial 11 finished with value: 3.8026981353759766 and parameters: {'gradient_clip_val': 0.20337500473503647, 'hidden_size': 29, 'dropout': 0.11797763682738684, 'hidden_continuous_size': 27, 'attention_head_size': 4, 'learning_rate': 0.05989465311473185}. Best is trial 0 with value: 0.033483557403087616.
[I 2023-12-26 17:39:14,601] Trial 12 finished with value: 3.0217607021331787 and parameters: {'gradient_clip_val': 0.2361603762518, 'hidden_size': 31, 'dropout': 0.2145013308258085, 'hidden_continuous_size': 19, 'attention_head_size': 4, 'learning_rate': 0.008947199154741122}. Best is trial 0 with value: 0.033483557403087616.
[I 2023-12-26 17:39:16,231] Trial 13 finished with value: 3.767948865890503 and parameters: {'gradient_clip_val': 0.10404127651528391, 'hidden_size': 5, 'dropout': 0.22940620050408428, 'hidden_continuous_size': 5, 'attention_head_size': 2, 'learning_rate': 0.07719335714647492}. Best is trial 0 with value: 0.033483557403087616.
[I 2023-12-26 17:39:19,047] Trial 14 finished with value: 3.6233882904052734 and parameters: {'gradient_clip_val': 0.27971588913454704, 'hidden_size': 44, 'dropout': 0.1787017213843542, 'hidden_continuous_size': 34, 'attention_head_size': 4, 'learning_rate': 0.020557260335803417}. Best is trial 0 with value: 0.033483557403087616.
[I 2023-12-26 17:39:21,110] Trial 15 finished with value: 4.296139240264893 and parameters: {'gradient_clip_val': 0.23151104299408798, 'hidden_size': 19, 'dropout': 0.270808076072413, 'hidden_continuous_size': 10, 'attention_head_size': 3, 'learning_rate': 0.006104315435914568}. Best is trial 0 with value: 0.033483557403087616.
[I 2023-12-26 17:39:23,209] Trial 16 finished with value: 3.595219373703003 and parameters: {'gradient_clip_val': 0.12883995897808317, 'hidden_size': 21, 'dropout': 0.12063962880403231, 'hidden_continuous_size': 9, 'attention_head_size': 2, 'learning_rate': 0.08599976362884819}. Best is trial 0 with value: 0.033483557403087616.
[I 2023-12-26 17:39:26,296] Trial 17 finished with value: 4.005327224731445 and parameters: {'gradient_clip_val': 0.16171810108248466, 'hidden_size': 56, 'dropout': 0.16823858712147668, 'hidden_continuous_size': 42, 'attention_head_size': 4, 'learning_rate': 0.033695567553671986}. Best is trial 0 with value: 0.033483557403087616.
[I 2023-12-26 17:39:27,956] Trial 18 finished with value: 3.9823315143585205 and parameters: {'gradient_clip_val': 0.10076253514698355, 'hidden_size': 5, 'dropout': 0.1040502428799438, 'hidden_continuous_size': 5, 'attention_head_size': 3, 'learning_rate': 0.01527175499980578}. Best is trial 0 with value: 0.033483557403087616.
[I 2023-12-26 17:39:29,813] Trial 19 finished with value: 2.937896966934204 and parameters: {'gradient_clip_val': 0.6068859253293674, 'hidden_size': 7, 'dropout': 0.33861929550736225, 'hidden_continuous_size': 5, 'attention_head_size': 4, 'learning_rate': 0.007144785179030766}. Best is trial 0 with value: 0.033483557403087616.
[I 2023-12-26 17:39:31,698] Trial 20 finished with value: 3.462148427963257 and parameters: {'gradient_clip_val': 0.2826062609677856, 'hidden_size': 16, 'dropout': 0.2855095102758203, 'hidden_continuous_size': 11, 'attention_head_size': 3, 'learning_rate': 0.03246739549272616}. Best is trial 0 with value: 0.033483557403087616.
[I 2023-12-26 17:39:33,737] Trial 21 finished with value: 2.8913190364837646 and parameters: {'gradient_clip_val': 0.4224807703277867, 'hidden_size': 7, 'dropout': 0.34523386376232357, 'hidden_continuous_size': 6, 'attention_head_size': 3, 'learning_rate': 0.00425112046383297}. Best is trial 0 with value: 0.033483557403087616.
[I 2023-12-26 17:39:35,732] Trial 22 finished with value: 4.0541605949401855 and parameters: {'gradient_clip_val': 0.5067715828759732, 'hidden_size': 14, 'dropout': 0.36638983507190315, 'hidden_continuous_size': 11, 'attention_head_size': 2, 'learning_rate': 0.0014035176764681451}. Best is trial 0 with value: 0.033483557403087616.
[I 2023-12-26 17:39:37,951] Trial 23 finished with value: 3.620556592941284 and parameters: {'gradient_clip_val': 0.4263775266206416, 'hidden_size': 23, 'dropout': 0.2689234222888306, 'hidden_continuous_size': 14, 'attention_head_size': 3, 'learning_rate': 0.0038478460236758523}. Best is trial 0 with value: 0.033483557403087616.
[I 2023-12-26 17:39:39,917] Trial 24 finished with value: 3.1156933307647705 and parameters: {'gradient_clip_val': 0.7618955463923939, 'hidden_size': 13, 'dropout': 0.32771120410703575, 'hidden_continuous_size': 8, 'attention_head_size': 3, 'learning_rate': 0.0011143027624611747}. Best is trial 0 with value: 0.033483557403087616.
[I 2023-12-26 17:39:41,949] Trial 25 finished with value: 3.8207290172576904 and parameters: {'gradient_clip_val': 0.4382672618847843, 'hidden_size': 17, 'dropout': 0.30222510288017745, 'hidden_continuous_size': 12, 'attention_head_size': 4, 'learning_rate': 0.004262697782626807}. Best is trial 0 with value: 0.033483557403087616.
[I 2023-12-26 17:39:43,780] Trial 26 finished with value: 3.6890714168548584 and parameters: {'gradient_clip_val': 0.3218103062257149, 'hidden_size': 7, 'dropout': 0.25991908226580285, 'hidden_continuous_size': 6, 'attention_head_size': 2, 'learning_rate': 0.011231873010082329}. Best is trial 0 with value: 0.033483557403087616.
[I 2023-12-26 17:39:45,983] Trial 27 finished with value: 4.259366035461426 and parameters: {'gradient_clip_val': 0.5290087264800506, 'hidden_size': 22, 'dropout': 0.3632938518746293, 'hidden_continuous_size': 15, 'attention_head_size': 3, 'learning_rate': 0.0029795857522443322}. Best is trial 0 with value: 0.033483557403087616.
[I 2023-12-26 17:39:48,286] Trial 28 finished with value: 3.4908626079559326 and parameters: {'gradient_clip_val': 0.6754691219464212, 'hidden_size': 32, 'dropout': 0.20516949960064285, 'hidden_continuous_size': 17, 'attention_head_size': 4, 'learning_rate': 0.005587364412042194}. Best is trial 0 with value: 0.033483557403087616.
[I 2023-12-26 17:39:53,176] Trial 29 finished with value: 4.066490173339844 and parameters: {'gradient_clip_val': 0.389667587464667, 'hidden_size': 88, 'dropout': 0.4304609204360632, 'hidden_continuous_size': 65, 'attention_head_size': 3, 'learning_rate': 0.0005127373626027492}. Best is trial 0 with value: 0.033483557403087616.
[I 2023-12-26 17:39:55,426] Trial 30 finished with value: 3.2723777294158936 and parameters: {'gradient_clip_val': 0.34628426994494504, 'hidden_size': 26, 'dropout': 0.24799885738995353, 'hidden_continuous_size': 12, 'attention_head_size': 2, 'learning_rate': 0.00879221519519143}. Best is trial 0 with value: 0.033483557403087616.
[I 2023-12-26 17:39:57,136] Trial 31 finished with value: 2.610419988632202 and parameters: {'gradient_clip_val': 0.11530002817068011, 'hidden_size': 5, 'dropout': 0.23479676580943745, 'hidden_continuous_size': 5, 'attention_head_size': 4, 'learning_rate': 0.014409878331124231}. Best is trial 0 with value: 0.033483557403087616.
[I 2023-12-26 17:39:58,976] Trial 32 finished with value: 4.0235185623168945 and parameters: {'gradient_clip_val': 0.13904192348590833, 'hidden_size': 6, 'dropout': 0.15356287140610647, 'hidden_continuous_size': 5, 'attention_head_size': 4, 'learning_rate': 0.001723280687005234}. Best is trial 0 with value: 0.033483557403087616.
[I 2023-12-26 17:40:01,146] Trial 33 finished with value: 4.240209579467773 and parameters: {'gradient_clip_val': 0.11302242446803382, 'hidden_size': 9, 'dropout': 0.19495132484070898, 'hidden_continuous_size': 7, 'attention_head_size': 4, 'learning_rate': 0.04608694213849845}. Best is trial 0 with value: 0.033483557403087616.
[I 2023-12-26 17:40:03,098] Trial 34 finished with value: 4.096424102783203 and parameters: {'gradient_clip_val': 0.11442493304253495, 'hidden_size': 11, 'dropout': 0.16035798650648966, 'hidden_continuous_size': 8, 'attention_head_size': 4, 'learning_rate': 0.017742205726780872}. Best is trial 0 with value: 0.033483557403087616.
[I 2023-12-26 17:40:04,901] Trial 35 finished with value: 3.3532304763793945 and parameters: {'gradient_clip_val': 0.4719251432768362, 'hidden_size': 8, 'dropout': 0.1859261397771057, 'hidden_continuous_size': 6, 'attention_head_size': 3, 'learning_rate': 0.023734560166287534}. Best is trial 0 with value: 0.033483557403087616.
[I 2023-12-26 17:40:06,751] Trial 36 finished with value: 3.8597757816314697 and parameters: {'gradient_clip_val': 0.12816732711649872, 'hidden_size': 6, 'dropout': 0.3102862773023865, 'hidden_continuous_size': 5, 'attention_head_size': 4, 'learning_rate': 0.002383441609522405}. Best is trial 0 with value: 0.033483557403087616.
[I 2023-12-26 17:40:08,653] Trial 37 finished with value: 4.110970973968506 and parameters: {'gradient_clip_val': 0.15994001892901516, 'hidden_size': 11, 'dropout': 0.14243516143308269, 'hidden_continuous_size': 7, 'attention_head_size': 1, 'learning_rate': 0.0007507681467182497}. Best is trial 0 with value: 0.033483557403087616.
[I 2023-12-26 17:40:10,584] Trial 38 finished with value: 4.487491130828857 and parameters: {'gradient_clip_val': 0.17685826875088484, 'hidden_size': 12, 'dropout': 0.29811596203425184, 'hidden_continuous_size': 8, 'attention_head_size': 3, 'learning_rate': 0.015250581161707289}. Best is trial 0 with value: 0.033483557403087616.
[I 2023-12-26 17:40:12,371] Trial 39 finished with value: 2.598149538040161 and parameters: {'gradient_clip_val': 0.3789703214685666, 'hidden_size': 8, 'dropout': 0.22957767995300332, 'hidden_continuous_size': 6, 'attention_head_size': 3, 'learning_rate': 0.0030049782327648453}. Best is trial 0 with value: 0.033483557403087616.
[I 2023-12-26 17:40:14,272] Trial 40 finished with value: 4.332133769989014 and parameters: {'gradient_clip_val': 0.3641130965305549, 'hidden_size': 9, 'dropout': 0.2125121802994247, 'hidden_continuous_size': 6, 'attention_head_size': 3, 'learning_rate': 0.002538894036270202}. Best is trial 0 with value: 0.033483557403087616.
[I 2023-12-26 17:40:16,092] Trial 41 finished with value: 4.075411796569824 and parameters: {'gradient_clip_val': 0.38299501647422535, 'hidden_size': 6, 'dropout': 0.23996841308029937, 'hidden_continuous_size': 5, 'attention_head_size': 3, 'learning_rate': 0.0019395439686897375}. Best is trial 0 with value: 0.033483557403087616.
[I 2023-12-26 17:40:17,786] Trial 42 finished with value: 3.295140504837036 and parameters: {'gradient_clip_val': 0.29898602929758783, 'hidden_size': 5, 'dropout': 0.2813731994123512, 'hidden_continuous_size': 5, 'attention_head_size': 3, 'learning_rate': 0.0032066618479684337}. Best is trial 0 with value: 0.033483557403087616.
[I 2023-12-26 17:40:19,611] Trial 43 finished with value: 2.940943479537964 and parameters: {'gradient_clip_val': 0.1462359812064071, 'hidden_size': 8, 'dropout': 0.2503241500966984, 'hidden_continuous_size': 6, 'attention_head_size': 4, 'learning_rate': 0.0014240985764464478}. Best is trial 0 with value: 0.033483557403087616.
[I 2023-12-26 17:40:21,536] Trial 44 finished with value: 3.6055848598480225 and parameters: {'gradient_clip_val': 0.33243590000420464, 'hidden_size': 10, 'dropout': 0.22293979478915055, 'hidden_continuous_size': 7, 'attention_head_size': 2, 'learning_rate': 0.005285333850080854}. Best is trial 0 with value: 0.033483557403087616.
[I 2023-12-26 17:40:23,425] Trial 45 finished with value: 3.744173049926758 and parameters: {'gradient_clip_val': 0.522894993958311, 'hidden_size': 5, 'dropout': 0.19556226510444788, 'hidden_continuous_size': 5, 'attention_head_size': 4, 'learning_rate': 0.002072849225601628}. Best is trial 0 with value: 0.033483557403087616.
[I 2023-12-26 17:40:25,254] Trial 46 finished with value: 4.51528263092041 and parameters: {'gradient_clip_val': 0.2534048967379172, 'hidden_size': 6, 'dropout': 0.2343157215529183, 'hidden_continuous_size': 5, 'attention_head_size': 3, 'learning_rate': 0.0032671462017147784}. Best is trial 0 with value: 0.033483557403087616.
[I 2023-12-26 17:40:27,061] Trial 47 finished with value: 3.7500526905059814 and parameters: {'gradient_clip_val': 0.18756650212756398, 'hidden_size': 8, 'dropout': 0.1671483722141763, 'hidden_continuous_size': 6, 'attention_head_size': 4, 'learning_rate': 0.05910757485134396}. Best is trial 0 with value: 0.033483557403087616.
[I 2023-12-26 17:40:29,031] Trial 48 finished with value: 2.601025342941284 and parameters: {'gradient_clip_val': 0.20497975999459886, 'hidden_size': 14, 'dropout': 0.18017971961730803, 'hidden_continuous_size': 9, 'attention_head_size': 1, 'learning_rate': 0.011786885442988518}. Best is trial 0 with value: 0.033483557403087616.
[I 2023-12-26 17:40:30,988] Trial 49 finished with value: 3.560222864151001 and parameters: {'gradient_clip_val': 0.20037319850788154, 'hidden_size': 17, 'dropout': 0.14221544721760246, 'hidden_continuous_size': 10, 'attention_head_size': 1, 'learning_rate': 0.007802493476640856}. Best is trial 0 with value: 0.033483557403087616.
