[I 2023-12-26 17:06:13,756] Trial 18 finished with value: 70.15900421142578 and parameters: {'gradient_clip_val': 0.2715517779932592, 'hidden_size': 47, 'dropout': 0.45715384519162583, 'hidden_continuous_size': 8, 'attention_head_size': 3, 'learning_rate': 0.006632270482639328}. Best is trial 0 with value: 64.44483184814453.
[I 2023-12-26 17:06:24,604] Trial 19 finished with value: 86.4793472290039 and parameters: {'gradient_clip_val': 0.2556006196468327, 'hidden_size': 138, 'dropout': 0.4520567325122001, 'hidden_continuous_size': 21, 'attention_head_size': 2, 'learning_rate': 0.009024369407944873}. Best is trial 0 with value: 64.44483184814453.
[I 2023-12-26 17:06:33,266] Trial 20 finished with value: 92.59426879882812 and parameters: {'gradient_clip_val': 0.2651510094998186, 'hidden_size': 103, 'dropout': 0.4605032120928321, 'hidden_continuous_size': 13, 'attention_head_size': 3, 'learning_rate': 0.0017136636932456371}. Best is trial 0 with value: 64.44483184814453.
[I 2023-12-26 17:06:37,480] Trial 21 finished with value: 78.59333801269531 and parameters: {'gradient_clip_val': 0.17626903144484757, 'hidden_size': 47, 'dropout': 0.4223801460925459, 'hidden_continuous_size': 10, 'attention_head_size': 4, 'learning_rate': 0.00492963333900531}. Best is trial 0 with value: 64.44483184814453.
[I 2023-12-26 17:06:42,040] Trial 22 finished with value: 91.03408813476562 and parameters: {'gradient_clip_val': 0.19055893241985825, 'hidden_size': 51, 'dropout': 0.41842649988491304, 'hidden_continuous_size': 8, 'attention_head_size': 3, 'learning_rate': 0.002496926031778027}. Best is trial 0 with value: 64.44483184814453.
[I 2023-12-26 17:06:48,144] Trial 23 finished with value: 138.45481872558594 and parameters: {'gradient_clip_val': 0.27499315561147486, 'hidden_size': 70, 'dropout': 0.4989986827754409, 'hidden_continuous_size': 11, 'attention_head_size': 4, 'learning_rate': 0.005565143641053468}. Best is trial 0 with value: 64.44483184814453.
[I 2023-12-26 17:06:52,557] Trial 24 finished with value: 90.05007934570312 and parameters: {'gradient_clip_val': 0.129273108237579, 'hidden_size': 47, 'dropout': 0.3886793940884168, 'hidden_continuous_size': 7, 'attention_head_size': 3, 'learning_rate': 0.0024252005012609466}. Best is trial 0 with value: 64.44483184814453.
[I 2023-12-26 17:07:00,094] Trial 25 finished with value: 91.24663543701172 and parameters: {'gradient_clip_val': 0.17520710165785477, 'hidden_size': 97, 'dropout': 0.4603353653795014, 'hidden_continuous_size': 5, 'attention_head_size': 2, 'learning_rate': 0.0009167093784023065}. Best is trial 0 with value: 64.44483184814453.
[I 2023-12-26 17:07:05,589] Trial 26 finished with value: 79.15020751953125 and parameters: {'gradient_clip_val': 0.19496760955648273, 'hidden_size': 65, 'dropout': 0.4420261701374476, 'hidden_continuous_size': 11, 'attention_head_size': 4, 'learning_rate': 0.003961756368924709}. Best is trial 0 with value: 64.44483184814453.
[I 2023-12-26 17:07:09,488] Trial 27 finished with value: 112.41278076171875 and parameters: {'gradient_clip_val': 0.12814198585633926, 'hidden_size': 44, 'dropout': 0.3840076235794727, 'hidden_continuous_size': 7, 'attention_head_size': 1, 'learning_rate': 0.0074070429220861565}. Best is trial 0 with value: 64.44483184814453.
[I 2023-12-26 17:07:16,161] Trial 28 finished with value: 96.3641128540039 and parameters: {'gradient_clip_val': 0.3125797952257133, 'hidden_size': 79, 'dropout': 0.4248232007058739, 'hidden_continuous_size': 14, 'attention_head_size': 3, 'learning_rate': 0.0020394147740174454}. Best is trial 0 with value: 64.44483184814453.
[I 2023-12-26 17:07:25,410] Trial 29 finished with value: 119.4603500366211 and parameters: {'gradient_clip_val': 0.15807621621761636, 'hidden_size': 116, 'dropout': 0.4779192246783444, 'hidden_continuous_size': 18, 'attention_head_size': 4, 'learning_rate': 0.004484945393938206}. Best is trial 0 with value: 64.44483184814453.
[I 2023-12-26 17:07:28,497] Trial 30 finished with value: 109.50130462646484 and parameters: {'gradient_clip_val': 0.16800880014360706, 'hidden_size': 26, 'dropout': 0.4413210946923345, 'hidden_continuous_size': 9, 'attention_head_size': 4, 'learning_rate': 0.006671680215804784}. Best is trial 0 with value: 64.44483184814453.
[I 2023-12-26 17:07:33,818] Trial 31 finished with value: 96.47745513916016 and parameters: {'gradient_clip_val': 0.19395994467041278, 'hidden_size': 62, 'dropout': 0.44166114149259594, 'hidden_continuous_size': 11, 'attention_head_size': 4, 'learning_rate': 0.00405964487325015}. Best is trial 0 with value: 64.44483184814453.
[I 2023-12-26 17:07:39,166] Trial 32 finished with value: 115.0254135131836 and parameters: {'gradient_clip_val': 0.18329225160603946, 'hidden_size': 59, 'dropout': 0.469087980404749, 'hidden_continuous_size': 10, 'attention_head_size': 4, 'learning_rate': 0.003122221893657698}. Best is trial 0 with value: 64.44483184814453.
[I 2023-12-26 17:07:46,291] Trial 33 finished with value: 101.72396850585938 and parameters: {'gradient_clip_val': 0.24085154588493798, 'hidden_size': 88, 'dropout': 0.416684927008479, 'hidden_continuous_size': 9, 'attention_head_size': 4, 'learning_rate': 0.012043743313809061}. Best is trial 0 with value: 64.44483184814453.
[I 2023-12-26 17:07:49,776] Trial 34 finished with value: 97.1081771850586 and parameters: {'gradient_clip_val': 0.2877024804365295, 'hidden_size': 39, 'dropout': 0.49981131220027525, 'hidden_continuous_size': 7, 'attention_head_size': 3, 'learning_rate': 0.0057882561816174245}. Best is trial 0 with value: 64.44483184814453.
[I 2023-12-26 17:07:55,006] Trial 35 finished with value: 79.46118927001953 and parameters: {'gradient_clip_val': 0.38264512563857195, 'hidden_size': 61, 'dropout': 0.453776367328741, 'hidden_continuous_size': 12, 'attention_head_size': 4, 'learning_rate': 0.0042227815070443805}. Best is trial 0 with value: 64.44483184814453.
[I 2023-12-26 17:07:58,567] Trial 36 finished with value: 109.80547332763672 and parameters: {'gradient_clip_val': 0.1938172118327551, 'hidden_size': 35, 'dropout': 0.369676311258588, 'hidden_continuous_size': 10, 'attention_head_size': 2, 'learning_rate': 0.02178228531536847}. Best is trial 0 with value: 64.44483184814453.
[I 2023-12-26 17:08:08,520] Trial 37 finished with value: 80.49199676513672 and parameters: {'gradient_clip_val': 0.24229724372475456, 'hidden_size': 126, 'dropout': 0.40339951752677866, 'hidden_continuous_size': 15, 'attention_head_size': 4, 'learning_rate': 0.03814525908004341}. Best is trial 0 with value: 64.44483184814453.
[I 2023-12-26 17:08:12,509] Trial 38 finished with value: 135.647705078125 and parameters: {'gradient_clip_val': 0.2109609572890997, 'hidden_size': 48, 'dropout': 0.4267540299169157, 'hidden_continuous_size': 9, 'attention_head_size': 2, 'learning_rate': 0.007944392001648785}. Best is trial 0 with value: 64.44483184814453.
[I 2023-12-26 17:08:21,038] Trial 39 finished with value: 100.6415786743164 and parameters: {'gradient_clip_val': 0.3658372363006239, 'hidden_size': 107, 'dropout': 0.47087402512767146, 'hidden_continuous_size': 5, 'attention_head_size': 4, 'learning_rate': 0.00531316912372179}. Best is trial 0 with value: 64.44483184814453.
[I 2023-12-26 17:08:24,145] Trial 40 finished with value: 113.32471466064453 and parameters: {'gradient_clip_val': 0.3078998352810505, 'hidden_size': 32, 'dropout': 0.4008586041470984, 'hidden_continuous_size': 8, 'attention_head_size': 2, 'learning_rate': 0.012172513224809571}. Best is trial 0 with value: 64.44483184814453.
[I 2023-12-26 17:08:28,923] Trial 41 finished with value: 145.18365478515625 and parameters: {'gradient_clip_val': 0.3422684056829271, 'hidden_size': 54, 'dropout': 0.4466536307648939, 'hidden_continuous_size': 12, 'attention_head_size': 4, 'learning_rate': 0.0044196253553795955}. Best is trial 0 with value: 64.44483184814453.
[I 2023-12-26 17:08:34,586] Trial 42 finished with value: 102.45633697509766 and parameters: {'gradient_clip_val': 0.4305371488929224, 'hidden_size': 65, 'dropout': 0.46876244906070924, 'hidden_continuous_size': 13, 'attention_head_size': 4, 'learning_rate': 0.0036311373745597435}. Best is trial 0 with value: 64.44483184814453.
[I 2023-12-26 17:08:41,754] Trial 43 finished with value: 122.01676177978516 and parameters: {'gradient_clip_val': 0.4032561619049954, 'hidden_size': 81, 'dropout': 0.44422438583463203, 'hidden_continuous_size': 12, 'attention_head_size': 4, 'learning_rate': 0.0041886573296016}. Best is trial 0 with value: 64.44483184814453.
[I 2023-12-26 17:08:53,557] Trial 44 finished with value: 102.76912689208984 and parameters: {'gradient_clip_val': 0.3815370183311755, 'hidden_size': 149, 'dropout': 0.42016469030317094, 'hidden_continuous_size': 6, 'attention_head_size': 4, 'learning_rate': 0.0066293335203025374}. Best is trial 0 with value: 64.44483184814453.
[I 2023-12-26 17:08:57,146] Trial 45 finished with value: 94.54671478271484 and parameters: {'gradient_clip_val': 0.2781243051404487, 'hidden_size': 40, 'dropout': 0.4771304848103494, 'hidden_continuous_size': 9, 'attention_head_size': 3, 'learning_rate': 0.0026935805890323282}. Best is trial 0 with value: 64.44483184814453.
[I 2023-12-26 17:09:02,007] Trial 46 finished with value: 76.94969177246094 and parameters: {'gradient_clip_val': 0.49969233940054225, 'hidden_size': 55, 'dropout': 0.4882963024584253, 'hidden_continuous_size': 10, 'attention_head_size': 1, 'learning_rate': 0.003494978013756111}. Best is trial 0 with value: 64.44483184814453.
[I 2023-12-26 17:09:07,971] Trial 47 finished with value: 94.57532501220703 and parameters: {'gradient_clip_val': 0.20758063928756396, 'hidden_size': 71, 'dropout': 0.49196396333070214, 'hidden_continuous_size': 10, 'attention_head_size': 1, 'learning_rate': 0.0007199401335775955}. Best is trial 0 with value: 64.44483184814453.
[I 2023-12-26 17:09:12,494] Trial 48 finished with value: 93.62976837158203 and parameters: {'gradient_clip_val': 0.475724273523032, 'hidden_size': 53, 'dropout': 0.48649850735925027, 'hidden_continuous_size': 7, 'attention_head_size': 1, 'learning_rate': 0.0014057407705254103}. Best is trial 0 with value: 64.44483184814453.
[I 2023-12-26 17:09:19,258] Trial 49 finished with value: 97.32806396484375 and parameters: {'gradient_clip_val': 0.552885405791144, 'hidden_size': 89, 'dropout': 0.43125445355360975, 'hidden_continuous_size': 6, 'attention_head_size': 1, 'learning_rate': 0.001211006204408125}. Best is trial 0 with value: 64.44483184814453.
[I 2023-12-26 17:09:19,453] A new study created in memory with name: no-name-11bbe454-7988-4628-8a75-2dab8c19b6eb
/home/le004/conda/anaconda3/envs/tsff_env/lib/python3.9/site-packages/lightning/fabric/plugins/environments/slurm.py:191: The `srun` command is available on your system but is not used. HINT: If your intention is to run Lightning on SLURM, prepend your python command with `srun` like so: srun python /home/le004/master_thesis/git/TSFusionForecast/code/ ...
[I 2023-12-26 17:14:07,482] Trial 0 finished with value: 23.618568420410156 and parameters: {'gradient_clip_val': 0.412067505315974, 'hidden_size': 30, 'dropout': 0.1359855315754341, 'hidden_continuous_size': 7, 'attention_head_size': 3, 'learning_rate': 0.0006497667246129879}. Best is trial 0 with value: 23.618568420410156.
[I 2023-12-26 17:14:11,836] Trial 1 finished with value: 58.8277473449707 and parameters: {'gradient_clip_val': 0.11918758688813423, 'hidden_size': 44, 'dropout': 0.22457036775608052, 'hidden_continuous_size': 26, 'attention_head_size': 1, 'learning_rate': 0.009573293902592223}. Best is trial 0 with value: 23.618568420410156.
[I 2023-12-26 17:14:14,220] Trial 2 finished with value: 78.76233673095703 and parameters: {'gradient_clip_val': 0.16315985597834035, 'hidden_size': 8, 'dropout': 0.10638589653354487, 'hidden_continuous_size': 6, 'attention_head_size': 4, 'learning_rate': 0.04872651591426699}. Best is trial 0 with value: 23.618568420410156.
[I 2023-12-26 17:14:21,470] Trial 3 finished with value: 51.41324234008789 and parameters: {'gradient_clip_val': 0.2027502973974117, 'hidden_size': 76, 'dropout': 0.1532474306031841, 'hidden_continuous_size': 74, 'attention_head_size': 2, 'learning_rate': 0.0011593292207243671}. Best is trial 0 with value: 23.618568420410156.
[I 2023-12-26 17:14:23,713] Trial 4 finished with value: 70.25222778320312 and parameters: {'gradient_clip_val': 0.9192942262396246, 'hidden_size': 6, 'dropout': 0.43177737364691327, 'hidden_continuous_size': 5, 'attention_head_size': 2, 'learning_rate': 0.0018832686336463947}. Best is trial 0 with value: 23.618568420410156.
[I 2023-12-26 17:14:26,547] Trial 5 finished with value: 62.4368896484375 and parameters: {'gradient_clip_val': 0.3446236154882921, 'hidden_size': 18, 'dropout': 0.48668833630162334, 'hidden_continuous_size': 9, 'attention_head_size': 4, 'learning_rate': 0.0007932565225832809}. Best is trial 0 with value: 23.618568420410156.
[I 2023-12-26 17:14:30,177] Trial 6 finished with value: 76.01728057861328 and parameters: {'gradient_clip_val': 0.8785563773725162, 'hidden_size': 33, 'dropout': 0.17846286637095146, 'hidden_continuous_size': 11, 'attention_head_size': 4, 'learning_rate': 0.03518855463772472}. Best is trial 0 with value: 23.618568420410156.
[I 2023-12-26 17:14:35,814] Trial 7 finished with value: 65.36750030517578 and parameters: {'gradient_clip_val': 0.34323470871244016, 'hidden_size': 63, 'dropout': 0.1708831572584099, 'hidden_continuous_size': 20, 'attention_head_size': 2, 'learning_rate': 0.010354359061687567}. Best is trial 0 with value: 23.618568420410156.
[I 2023-12-26 17:14:39,261] Trial 8 finished with value: 60.726688385009766 and parameters: {'gradient_clip_val': 0.11951238410352107, 'hidden_size': 25, 'dropout': 0.3848054812764935, 'hidden_continuous_size': 5, 'attention_head_size': 2, 'learning_rate': 0.013246322713980484}. Best is trial 0 with value: 23.618568420410156.
[I 2023-12-26 17:14:51,475] Trial 9 finished with value: 67.80561065673828 and parameters: {'gradient_clip_val': 0.4400388153911258, 'hidden_size': 148, 'dropout': 0.41362703392454747, 'hidden_continuous_size': 75, 'attention_head_size': 2, 'learning_rate': 0.04264530716716497}. Best is trial 0 with value: 23.618568420410156.
[I 2023-12-26 17:14:54,025] Trial 10 finished with value: 63.751678466796875 and parameters: {'gradient_clip_val': 0.5385347587010332, 'hidden_size': 14, 'dropout': 0.2791540533968158, 'hidden_continuous_size': 6, 'attention_head_size': 3, 'learning_rate': 0.0029386387136545724}. Best is trial 0 with value: 23.618568420410156.
[I 2023-12-26 17:15:00,404] Trial 11 finished with value: 66.44247436523438 and parameters: {'gradient_clip_val': 0.21308300542180944, 'hidden_size': 69, 'dropout': 0.10847818169654955, 'hidden_continuous_size': 61, 'attention_head_size': 3, 'learning_rate': 0.0005994311569061098}. Best is trial 0 with value: 23.618568420410156.
[I 2023-12-26 17:15:09,286] Trial 12 finished with value: 70.71590423583984 and parameters: {'gradient_clip_val': 0.24075606633930408, 'hidden_size': 116, 'dropout': 0.26247970207760357, 'hidden_continuous_size': 41, 'attention_head_size': 1, 'learning_rate': 0.000520505351505092}. Best is trial 0 with value: 23.618568420410156.
[I 2023-12-26 17:15:13,872] Trial 13 finished with value: 83.56475830078125 and parameters: {'gradient_clip_val': 0.23117673155329155, 'hidden_size': 51, 'dropout': 0.17575016646352956, 'hidden_continuous_size': 14, 'attention_head_size': 3, 'learning_rate': 0.0013979781233279737}. Best is trial 0 with value: 23.618568420410156.
[I 2023-12-26 17:15:20,859] Trial 14 finished with value: 48.8404426574707 and parameters: {'gradient_clip_val': 0.17286895204213112, 'hidden_size': 88, 'dropout': 0.33623310163514103, 'hidden_continuous_size': 38, 'attention_head_size': 3, 'learning_rate': 0.003888124828527709}. Best is trial 0 with value: 23.618568420410156.
[I 2023-12-26 17:15:23,364] Trial 15 finished with value: 69.27484893798828 and parameters: {'gradient_clip_val': 0.2911787370217426, 'hidden_size': 33, 'dropout': 0.33534421838158907, 'hidden_continuous_size': 9, 'attention_head_size': 3, 'learning_rate': 0.0033465779194289825}. Best is trial 0 with value: 23.618568420410156.
[I 2023-12-26 17:15:28,692] Trial 16 finished with value: 70.99371337890625 and parameters: {'gradient_clip_val': 0.14573053603590375, 'hidden_size': 90, 'dropout': 0.3271453955931586, 'hidden_continuous_size': 34, 'attention_head_size': 3, 'learning_rate': 0.0039637449989246435}. Best is trial 0 with value: 23.618568420410156.
[I 2023-12-26 17:15:34,522] Trial 17 finished with value: 57.86445617675781 and parameters: {'gradient_clip_val': 0.1013014226706616, 'hidden_size': 98, 'dropout': 0.230232847680489, 'hidden_continuous_size': 18, 'attention_head_size': 4, 'learning_rate': 0.0010451218854765575}. Best is trial 0 with value: 23.618568420410156.
[I 2023-12-26 17:15:37,389] Trial 18 finished with value: 74.97840118408203 and parameters: {'gradient_clip_val': 0.16477701933004735, 'hidden_size': 48, 'dropout': 0.3131899951073114, 'hidden_continuous_size': 13, 'attention_head_size': 3, 'learning_rate': 0.0019140260060859498}. Best is trial 0 with value: 23.618568420410156.
[I 2023-12-26 17:15:46,260] Trial 19 finished with value: 69.1983413696289 and parameters: {'gradient_clip_val': 0.5834369422461969, 'hidden_size': 143, 'dropout': 0.3584270822897878, 'hidden_continuous_size': 48, 'attention_head_size': 4, 'learning_rate': 0.005411486994865582}. Best is trial 0 with value: 23.618568420410156.
[I 2023-12-26 17:15:48,697] Trial 20 finished with value: 58.74154281616211 and parameters: {'gradient_clip_val': 0.28581503919481394, 'hidden_size': 20, 'dropout': 0.2865025851391077, 'hidden_continuous_size': 8, 'attention_head_size': 3, 'learning_rate': 0.002384833948592282}. Best is trial 0 with value: 23.618568420410156.
[I 2023-12-26 17:15:53,730] Trial 21 finished with value: 62.93576431274414 and parameters: {'gradient_clip_val': 0.19328811357711748, 'hidden_size': 78, 'dropout': 0.13647627902580575, 'hidden_continuous_size': 74, 'attention_head_size': 2, 'learning_rate': 0.001072459881127061}. Best is trial 0 with value: 23.618568420410156.
[I 2023-12-26 17:15:57,483] Trial 22 finished with value: 60.68562698364258 and parameters: {'gradient_clip_val': 0.18594129820291672, 'hidden_size': 65, 'dropout': 0.22252746975837878, 'hidden_continuous_size': 30, 'attention_head_size': 1, 'learning_rate': 0.0012410067033533805}. Best is trial 0 with value: 23.618568420410156.
[I 2023-12-26 17:16:04,090] Trial 23 finished with value: 71.0073013305664 and parameters: {'gradient_clip_val': 0.25246138770103194, 'hidden_size': 104, 'dropout': 0.13345700225396723, 'hidden_continuous_size': 88, 'attention_head_size': 2, 'learning_rate': 0.0007629693479513093}. Best is trial 0 with value: 23.618568420410156.
[I 2023-12-26 17:16:06,887] Trial 24 finished with value: 55.6270866394043 and parameters: {'gradient_clip_val': 0.21891279302631797, 'hidden_size': 39, 'dropout': 0.26394384844786767, 'hidden_continuous_size': 25, 'attention_head_size': 3, 'learning_rate': 0.0015869751499175174}. Best is trial 0 with value: 23.618568420410156.
[I 2023-12-26 17:16:10,303] Trial 25 finished with value: 53.343475341796875 and parameters: {'gradient_clip_val': 0.375575365625607, 'hidden_size': 57, 'dropout': 0.19791006187767662, 'hidden_continuous_size': 40, 'attention_head_size': 2, 'learning_rate': 0.0005228118183821924}. Best is trial 0 with value: 23.618568420410156.
[I 2023-12-26 17:16:15,513] Trial 26 finished with value: 75.79427337646484 and parameters: {'gradient_clip_val': 0.27478509691692243, 'hidden_size': 83, 'dropout': 0.14787195776622114, 'hidden_continuous_size': 53, 'attention_head_size': 3, 'learning_rate': 0.0009821452451777}. Best is trial 0 with value: 23.618568420410156.
[I 2023-12-26 17:16:18,821] Trial 27 finished with value: 65.11541748046875 and parameters: {'gradient_clip_val': 0.1754601472309774, 'hidden_size': 54, 'dropout': 0.10688249769621389, 'hidden_continuous_size': 39, 'attention_head_size': 2, 'learning_rate': 0.0022233031477616413}. Best is trial 0 with value: 23.618568420410156.
[I 2023-12-26 17:16:23,311] Trial 28 finished with value: 51.86919021606445 and parameters: {'gradient_clip_val': 0.14402970354576608, 'hidden_size': 75, 'dropout': 0.3056538923876447, 'hidden_continuous_size': 52, 'attention_head_size': 1, 'learning_rate': 0.0007934239526039714}. Best is trial 0 with value: 23.618568420410156.
[I 2023-12-26 17:16:26,055] Trial 29 finished with value: 55.30900192260742 and parameters: {'gradient_clip_val': 0.20153266939657843, 'hidden_size': 39, 'dropout': 0.23482988108442876, 'hidden_continuous_size': 28, 'attention_head_size': 1, 'learning_rate': 0.005165126348044264}. Best is trial 0 with value: 23.618568420410156.
[I 2023-12-26 17:16:34,106] Trial 30 finished with value: 60.75124740600586 and parameters: {'gradient_clip_val': 0.25625546635461594, 'hidden_size': 123, 'dropout': 0.204153849173225, 'hidden_continuous_size': 90, 'attention_head_size': 3, 'learning_rate': 0.0016631812906925316}. Best is trial 0 with value: 23.618568420410156.
[I 2023-12-26 17:16:39,328] Trial 31 finished with value: 74.15475463867188 and parameters: {'gradient_clip_val': 0.14282763840770993, 'hidden_size': 82, 'dropout': 0.30506606602874053, 'hidden_continuous_size': 58, 'attention_head_size': 1, 'learning_rate': 0.0008057468389652527}. Best is trial 0 with value: 23.618568420410156.
[I 2023-12-26 17:16:43,338] Trial 32 finished with value: 69.77082061767578 and parameters: {'gradient_clip_val': 0.1442366103186458, 'hidden_size': 67, 'dropout': 0.24934134736873936, 'hidden_continuous_size': 48, 'attention_head_size': 1, 'learning_rate': 0.0007203947405118697}. Best is trial 0 with value: 23.618568420410156.
