[I 2023-12-26 18:04:00,699] Trial 36 finished with value: 46.43815994262695 and parameters: {'gradient_clip_val': 0.2806634964107067, 'hidden_size': 14, 'dropout': 0.3495002270878877, 'hidden_continuous_size': 8, 'attention_head_size': 4, 'learning_rate': 0.007652746919365609}. Best is trial 0 with value: 6.558720111846924.
[I 2023-12-26 18:04:02,610] Trial 37 finished with value: 62.69050216674805 and parameters: {'gradient_clip_val': 0.31560787571569354, 'hidden_size': 6, 'dropout': 0.31868679779275044, 'hidden_continuous_size': 5, 'attention_head_size': 3, 'learning_rate': 0.0029210030127842265}. Best is trial 0 with value: 6.558720111846924.
[I 2023-12-26 18:04:05,093] Trial 38 finished with value: 42.508182525634766 and parameters: {'gradient_clip_val': 0.3564278600718489, 'hidden_size': 35, 'dropout': 0.2128838480297196, 'hidden_continuous_size': 10, 'attention_head_size': 3, 'learning_rate': 0.004680753580703439}. Best is trial 0 with value: 6.558720111846924.
[I 2023-12-26 18:04:07,622] Trial 39 finished with value: 48.47708511352539 and parameters: {'gradient_clip_val': 0.34662053157072287, 'hidden_size': 38, 'dropout': 0.1998539050316036, 'hidden_continuous_size': 10, 'attention_head_size': 2, 'learning_rate': 0.0041244303117587465}. Best is trial 0 with value: 6.558720111846924.
[I 2023-12-26 18:04:10,717] Trial 40 finished with value: 42.3253173828125 and parameters: {'gradient_clip_val': 0.29073765798965434, 'hidden_size': 57, 'dropout': 0.15640956783566037, 'hidden_continuous_size': 11, 'attention_head_size': 3, 'learning_rate': 0.005346612392285915}. Best is trial 0 with value: 6.558720111846924.
[I 2023-12-26 18:04:13,897] Trial 41 finished with value: 53.145816802978516 and parameters: {'gradient_clip_val': 0.2614748983827861, 'hidden_size': 59, 'dropout': 0.16240626069271732, 'hidden_continuous_size': 10, 'attention_head_size': 3, 'learning_rate': 0.0054113903237922685}. Best is trial 0 with value: 6.558720111846924.
[I 2023-12-26 18:04:16,374] Trial 42 finished with value: 45.844058990478516 and parameters: {'gradient_clip_val': 0.3860716082931016, 'hidden_size': 34, 'dropout': 0.15841708847190178, 'hidden_continuous_size': 15, 'attention_head_size': 3, 'learning_rate': 0.0072961961952830905}. Best is trial 0 with value: 6.558720111846924.
[I 2023-12-26 18:04:18,667] Trial 43 finished with value: 52.29426956176758 and parameters: {'gradient_clip_val': 0.31823575198792203, 'hidden_size': 26, 'dropout': 0.22909511403952906, 'hidden_continuous_size': 9, 'attention_head_size': 3, 'learning_rate': 0.003898271322899725}. Best is trial 0 with value: 6.558720111846924.
[I 2023-12-26 18:04:21,771] Trial 44 finished with value: 59.657073974609375 and parameters: {'gradient_clip_val': 0.21050891143874303, 'hidden_size': 51, 'dropout': 0.19266911075612042, 'hidden_continuous_size': 12, 'attention_head_size': 3, 'learning_rate': 0.013399383628505084}. Best is trial 0 with value: 6.558720111846924.
[I 2023-12-26 18:04:25,331] Trial 45 finished with value: 52.36543273925781 and parameters: {'gradient_clip_val': 0.17856148268789282, 'hidden_size': 69, 'dropout': 0.2682744217023154, 'hidden_continuous_size': 11, 'attention_head_size': 3, 'learning_rate': 0.005269690240390192}. Best is trial 0 with value: 6.558720111846924.
[I 2023-12-26 18:04:27,705] Trial 46 finished with value: 41.654319763183594 and parameters: {'gradient_clip_val': 0.24055482235372877, 'hidden_size': 27, 'dropout': 0.2415343238688543, 'hidden_continuous_size': 9, 'attention_head_size': 4, 'learning_rate': 0.0019050910438188197}. Best is trial 0 with value: 6.558720111846924.
[I 2023-12-26 18:04:30,060] Trial 47 finished with value: 47.69477844238281 and parameters: {'gradient_clip_val': 0.23940806606614023, 'hidden_size': 27, 'dropout': 0.23954186186454482, 'hidden_continuous_size': 9, 'attention_head_size': 4, 'learning_rate': 0.001969132415714992}. Best is trial 0 with value: 6.558720111846924.
[I 2023-12-26 18:04:32,480] Trial 48 finished with value: 43.63877868652344 and parameters: {'gradient_clip_val': 0.20246233812763928, 'hidden_size': 30, 'dropout': 0.238688435976717, 'hidden_continuous_size': 8, 'attention_head_size': 4, 'learning_rate': 0.002952228508735645}. Best is trial 0 with value: 6.558720111846924.
[I 2023-12-26 18:04:35,090] Trial 49 finished with value: 62.18550491333008 and parameters: {'gradient_clip_val': 0.16925243617059235, 'hidden_size': 41, 'dropout': 0.2562921088380227, 'hidden_continuous_size': 14, 'attention_head_size': 1, 'learning_rate': 0.0009965163684549775}. Best is trial 0 with value: 6.558720111846924.
[I 2023-12-26 18:04:35,203] A new study created in memory with name: no-name-a470dbf0-6bf1-463d-a262-4c31f27dbb4e
/home/le004/conda/anaconda3/envs/tsff_env/lib/python3.9/site-packages/lightning/fabric/plugins/environments/slurm.py:191: The `srun` command is available on your system but is not used. HINT: If your intention is to run Lightning on SLURM, prepend your python command with `srun` like so: srun python /home/le004/master_thesis/git/TSFusionForecast/code/ ...
[I 2023-12-26 18:06:23,862] Trial 0 finished with value: 116.65582275390625 and parameters: {'gradient_clip_val': 0.2429054149211549, 'hidden_size': 9, 'dropout': 0.4585650326456282, 'hidden_continuous_size': 6, 'attention_head_size': 1, 'learning_rate': 0.021753519378234804}. Best is trial 0 with value: 116.65582275390625.
[I 2023-12-26 18:06:26,226] Trial 1 finished with value: 209.6293182373047 and parameters: {'gradient_clip_val': 0.47058716141363255, 'hidden_size': 32, 'dropout': 0.24613570747877844, 'hidden_continuous_size': 6, 'attention_head_size': 1, 'learning_rate': 0.0010325022746414938}. Best is trial 0 with value: 116.65582275390625.
[I 2023-12-26 18:06:32,055] Trial 2 finished with value: 193.88067626953125 and parameters: {'gradient_clip_val': 0.6668201923866582, 'hidden_size': 105, 'dropout': 0.4350597418525253, 'hidden_continuous_size': 6, 'attention_head_size': 4, 'learning_rate': 0.025570306956561307}. Best is trial 0 with value: 116.65582275390625.
[I 2023-12-26 18:06:38,270] Trial 3 finished with value: 176.0282440185547 and parameters: {'gradient_clip_val': 0.46566551559077485, 'hidden_size': 114, 'dropout': 0.4021586530772523, 'hidden_continuous_size': 9, 'attention_head_size': 1, 'learning_rate': 0.020600744380221962}. Best is trial 0 with value: 116.65582275390625.
[I 2023-12-26 18:06:39,955] Trial 4 finished with value: 214.54962158203125 and parameters: {'gradient_clip_val': 0.10637417704791385, 'hidden_size': 5, 'dropout': 0.20290875880450057, 'hidden_continuous_size': 5, 'attention_head_size': 4, 'learning_rate': 0.01038732219635112}. Best is trial 0 with value: 116.65582275390625.
[I 2023-12-26 18:06:42,471] Trial 5 finished with value: 171.6939697265625 and parameters: {'gradient_clip_val': 0.15575634646987233, 'hidden_size': 38, 'dropout': 0.12280113664148945, 'hidden_continuous_size': 8, 'attention_head_size': 4, 'learning_rate': 0.013572339236948136}. Best is trial 0 with value: 116.65582275390625.
[I 2023-12-26 18:06:50,888] Trial 6 finished with value: 167.34765625 and parameters: {'gradient_clip_val': 0.9858122980172388, 'hidden_size': 143, 'dropout': 0.24198498326879347, 'hidden_continuous_size': 48, 'attention_head_size': 1, 'learning_rate': 0.02723871460338952}. Best is trial 0 with value: 116.65582275390625.
[I 2023-12-26 18:06:52,775] Trial 7 finished with value: 244.4629364013672 and parameters: {'gradient_clip_val': 0.323564011503097, 'hidden_size': 10, 'dropout': 0.40524530784430923, 'hidden_continuous_size': 9, 'attention_head_size': 1, 'learning_rate': 0.0008973660427531669}. Best is trial 0 with value: 116.65582275390625.
[I 2023-12-26 18:06:54,760] Trial 8 finished with value: 209.2015380859375 and parameters: {'gradient_clip_val': 0.5008618593713601, 'hidden_size': 14, 'dropout': 0.24203160878021418, 'hidden_continuous_size': 5, 'attention_head_size': 2, 'learning_rate': 0.0021928460107063785}. Best is trial 0 with value: 116.65582275390625.
[I 2023-12-26 18:06:58,576] Trial 9 finished with value: 220.24815368652344 and parameters: {'gradient_clip_val': 0.368653951382462, 'hidden_size': 72, 'dropout': 0.27388752179663706, 'hidden_continuous_size': 56, 'attention_head_size': 2, 'learning_rate': 0.002180506582345399}. Best is trial 0 with value: 116.65582275390625.
[I 2023-12-26 18:07:00,260] Trial 10 finished with value: 204.47991943359375 and parameters: {'gradient_clip_val': 0.21461220126297076, 'hidden_size': 5, 'dropout': 0.49747077251874444, 'hidden_continuous_size': 5, 'attention_head_size': 3, 'learning_rate': 0.09792716617597867}. Best is trial 0 with value: 116.65582275390625.
[I 2023-12-26 18:07:03,229] Trial 11 finished with value: 210.34913635253906 and parameters: {'gradient_clip_val': 0.9610381396588604, 'hidden_size': 53, 'dropout': 0.33164039108177484, 'hidden_continuous_size': 20, 'attention_head_size': 2, 'learning_rate': 0.043927077693802476}. Best is trial 0 with value: 116.65582275390625.
[I 2023-12-26 18:07:05,303] Trial 12 finished with value: 212.7864990234375 and parameters: {'gradient_clip_val': 0.24489710690448302, 'hidden_size': 20, 'dropout': 0.3302983834882415, 'hidden_continuous_size': 12, 'attention_head_size': 1, 'learning_rate': 0.006220155792154964}. Best is trial 0 with value: 116.65582275390625.
[I 2023-12-26 18:07:13,032] Trial 13 finished with value: 185.1879119873047 and parameters: {'gradient_clip_val': 0.82949565005277, 'hidden_size': 126, 'dropout': 0.3431267518817266, 'hidden_continuous_size': 51, 'attention_head_size': 3, 'learning_rate': 0.04234174039081239}. Best is trial 0 with value: 116.65582275390625.
[I 2023-12-26 18:07:15,266] Trial 14 finished with value: 280.8526611328125 and parameters: {'gradient_clip_val': 0.687118140288407, 'hidden_size': 23, 'dropout': 0.1789443829801685, 'hidden_continuous_size': 13, 'attention_head_size': 2, 'learning_rate': 0.0062030946717284855}. Best is trial 0 with value: 116.65582275390625.
[I 2023-12-26 18:07:18,497] Trial 15 finished with value: 167.24195861816406 and parameters: {'gradient_clip_val': 0.25628785451166414, 'hidden_size': 64, 'dropout': 0.48451881267472796, 'hidden_continuous_size': 25, 'attention_head_size': 1, 'learning_rate': 0.08086109814282122}. Best is trial 0 with value: 116.65582275390625.
[I 2023-12-26 18:07:21,425] Trial 16 finished with value: 174.28382873535156 and parameters: {'gradient_clip_val': 0.24231657222456843, 'hidden_size': 52, 'dropout': 0.49281104862040115, 'hidden_continuous_size': 21, 'attention_head_size': 1, 'learning_rate': 0.08098356253780627}. Best is trial 0 with value: 116.65582275390625.
[I 2023-12-26 18:07:23,383] Trial 17 finished with value: 210.847412109375 and parameters: {'gradient_clip_val': 0.18792399033484047, 'hidden_size': 10, 'dropout': 0.4452561627003078, 'hidden_continuous_size': 6, 'attention_head_size': 3, 'learning_rate': 0.05548340669003543}. Best is trial 0 with value: 116.65582275390625.
[I 2023-12-26 18:07:27,884] Trial 18 finished with value: 175.86228942871094 and parameters: {'gradient_clip_val': 0.29164205123345194, 'hidden_size': 83, 'dropout': 0.4601854336169111, 'hidden_continuous_size': 25, 'attention_head_size': 2, 'learning_rate': 0.0675279841420416}. Best is trial 0 with value: 116.65582275390625.
[I 2023-12-26 18:07:30,414] Trial 19 finished with value: 211.89366149902344 and parameters: {'gradient_clip_val': 0.16282677755472358, 'hidden_size': 37, 'dropout': 0.37425341195924083, 'hidden_continuous_size': 14, 'attention_head_size': 1, 'learning_rate': 0.039484872823603155}. Best is trial 0 with value: 116.65582275390625.
[I 2023-12-26 18:07:32,449] Trial 20 finished with value: 213.35215759277344 and parameters: {'gradient_clip_val': 0.29775503044878837, 'hidden_size': 18, 'dropout': 0.46806497583110307, 'hidden_continuous_size': 7, 'attention_head_size': 2, 'learning_rate': 0.0931138532104205}. Best is trial 0 with value: 116.65582275390625.
[I 2023-12-26 18:07:40,321] Trial 21 finished with value: 198.4480743408203 and parameters: {'gradient_clip_val': 0.3665127051757409, 'hidden_size': 135, 'dropout': 0.41584022020361955, 'hidden_continuous_size': 38, 'attention_head_size': 1, 'learning_rate': 0.02543916684049021}. Best is trial 0 with value: 116.65582275390625.
[I 2023-12-26 18:07:49,632] Trial 22 finished with value: 230.79429626464844 and parameters: {'gradient_clip_val': 0.9593244640981397, 'hidden_size': 148, 'dropout': 0.3712294654548381, 'hidden_continuous_size': 107, 'attention_head_size': 1, 'learning_rate': 0.03434354563093085}. Best is trial 0 with value: 116.65582275390625.
[I 2023-12-26 18:07:54,266] Trial 23 finished with value: 184.7394256591797 and parameters: {'gradient_clip_val': 0.4074153983234971, 'hidden_size': 86, 'dropout': 0.49889947776868826, 'hidden_continuous_size': 29, 'attention_head_size': 1, 'learning_rate': 0.01796027256138337}. Best is trial 0 with value: 116.65582275390625.
[I 2023-12-26 18:07:57,134] Trial 24 finished with value: 216.8257293701172 and parameters: {'gradient_clip_val': 0.5977924349362959, 'hidden_size': 56, 'dropout': 0.4645685378860484, 'hidden_continuous_size': 16, 'attention_head_size': 1, 'learning_rate': 0.05662729510910091}. Best is trial 0 with value: 116.65582275390625.
[I 2023-12-26 18:08:05,823] Trial 25 finished with value: 170.83741760253906 and parameters: {'gradient_clip_val': 0.28044829286948547, 'hidden_size': 150, 'dropout': 0.29810344070844547, 'hidden_continuous_size': 11, 'attention_head_size': 2, 'learning_rate': 0.026398885988234106}. Best is trial 0 with value: 116.65582275390625.
[I 2023-12-26 18:08:10,993] Trial 26 finished with value: 112.8245620727539 and parameters: {'gradient_clip_val': 0.5637563349225018, 'hidden_size': 94, 'dropout': 0.43290080221384536, 'hidden_continuous_size': 18, 'attention_head_size': 1, 'learning_rate': 0.05998595804138464}. Best is trial 26 with value: 112.8245620727539.
[I 2023-12-26 18:08:14,465] Trial 27 finished with value: 199.1154022216797 and parameters: {'gradient_clip_val': 0.3346910423841346, 'hidden_size': 67, 'dropout': 0.43638061433164604, 'hidden_continuous_size': 17, 'attention_head_size': 2, 'learning_rate': 0.06605269449243298}. Best is trial 26 with value: 112.8245620727539.
[I 2023-12-26 18:08:17,218] Trial 28 finished with value: 224.5157470703125 and parameters: {'gradient_clip_val': 0.40938459333767874, 'hidden_size': 46, 'dropout': 0.47365430573253453, 'hidden_continuous_size': 11, 'attention_head_size': 1, 'learning_rate': 0.05234080532035372}. Best is trial 26 with value: 112.8245620727539.
[I 2023-12-26 18:08:19,482] Trial 29 finished with value: 247.6599578857422 and parameters: {'gradient_clip_val': 0.5105351738272697, 'hidden_size': 28, 'dropout': 0.41681623972204557, 'hidden_continuous_size': 7, 'attention_head_size': 1, 'learning_rate': 0.09755184787462101}. Best is trial 26 with value: 112.8245620727539.
[I 2023-12-26 18:08:24,462] Trial 30 finished with value: 169.11143493652344 and parameters: {'gradient_clip_val': 0.2600740953406133, 'hidden_size': 91, 'dropout': 0.4386596092112994, 'hidden_continuous_size': 16, 'attention_head_size': 3, 'learning_rate': 0.03905906339572648}. Best is trial 26 with value: 112.8245620727539.
[I 2023-12-26 18:08:30,152] Trial 31 finished with value: 203.0027618408203 and parameters: {'gradient_clip_val': 0.7600587197521046, 'hidden_size': 104, 'dropout': 0.4750391798063681, 'hidden_continuous_size': 29, 'attention_head_size': 1, 'learning_rate': 0.030605488861881146}. Best is trial 26 with value: 112.8245620727539.
[I 2023-12-26 18:08:36,265] Trial 32 finished with value: 234.2786407470703 and parameters: {'gradient_clip_val': 0.5628014022326877, 'hidden_size': 112, 'dropout': 0.3857688192684773, 'hidden_continuous_size': 36, 'attention_head_size': 1, 'learning_rate': 0.05818807604432026}. Best is trial 26 with value: 112.8245620727539.
[I 2023-12-26 18:08:40,041] Trial 33 finished with value: 302.3951416015625 and parameters: {'gradient_clip_val': 0.6147066623430273, 'hidden_size': 71, 'dropout': 0.44527528518392223, 'hidden_continuous_size': 21, 'attention_head_size': 1, 'learning_rate': 0.020098798841493702}. Best is trial 26 with value: 112.8245620727539.
[I 2023-12-26 18:08:46,607] Trial 34 finished with value: 236.81927490234375 and parameters: {'gradient_clip_val': 0.7703779611001359, 'hidden_size': 118, 'dropout': 0.4223966044816758, 'hidden_continuous_size': 10, 'attention_head_size': 1, 'learning_rate': 0.031076530104687753}. Best is trial 26 with value: 112.8245620727539.
[I 2023-12-26 18:08:52,007] Trial 35 finished with value: 197.30516052246094 and parameters: {'gradient_clip_val': 0.47123730916583517, 'hidden_size': 99, 'dropout': 0.38993721252530306, 'hidden_continuous_size': 14, 'attention_head_size': 1, 'learning_rate': 0.071036077026308}. Best is trial 26 with value: 112.8245620727539.
[I 2023-12-26 18:08:54,337] Trial 36 finished with value: 309.8749084472656 and parameters: {'gradient_clip_val': 0.8548508091254989, 'hidden_size': 33, 'dropout': 0.4048266067005902, 'hidden_continuous_size': 8, 'attention_head_size': 1, 'learning_rate': 0.012711503774279898}. Best is trial 26 with value: 112.8245620727539.
[I 2023-12-26 18:09:00,820] Trial 37 finished with value: 257.73101806640625 and parameters: {'gradient_clip_val': 0.6715238170307216, 'hidden_size': 109, 'dropout': 0.4557627782715395, 'hidden_continuous_size': 18, 'attention_head_size': 4, 'learning_rate': 0.047111062671151165}. Best is trial 26 with value: 112.8245620727539.
[I 2023-12-26 18:09:04,891] Trial 38 finished with value: 197.6056671142578 and parameters: {'gradient_clip_val': 0.570582539017482, 'hidden_size': 78, 'dropout': 0.4282551736122574, 'hidden_continuous_size': 9, 'attention_head_size': 2, 'learning_rate': 0.017732214419934087}. Best is trial 26 with value: 112.8245620727539.
[I 2023-12-26 18:09:08,268] Trial 39 finished with value: 198.9969024658203 and parameters: {'gradient_clip_val': 0.3277695640979011, 'hidden_size': 63, 'dropout': 0.4857546663018133, 'hidden_continuous_size': 14, 'attention_head_size': 1, 'learning_rate': 0.07686050069305035}. Best is trial 26 with value: 112.8245620727539.
[I 2023-12-26 18:09:10,937] Trial 40 finished with value: 258.95281982421875 and parameters: {'gradient_clip_val': 0.9860145748708473, 'hidden_size': 41, 'dropout': 0.24721729912976917, 'hidden_continuous_size': 19, 'attention_head_size': 2, 'learning_rate': 0.02332510827859576}. Best is trial 26 with value: 112.8245620727539.
[I 2023-12-26 18:09:16,151] Trial 41 finished with value: 222.5013885498047 and parameters: {'gradient_clip_val': 0.25449279297126076, 'hidden_size': 93, 'dropout': 0.4451857345434227, 'hidden_continuous_size': 25, 'attention_head_size': 3, 'learning_rate': 0.034530701760422305}. Best is trial 26 with value: 112.8245620727539.
[I 2023-12-26 18:09:21,350] Trial 42 finished with value: 162.890625 and parameters: {'gradient_clip_val': 0.2141164914598051, 'hidden_size': 95, 'dropout': 0.4739779492289256, 'hidden_continuous_size': 16, 'attention_head_size': 3, 'learning_rate': 0.04648490070786905}. Best is trial 26 with value: 112.8245620727539.
[I 2023-12-26 18:09:28,459] Trial 43 finished with value: 174.70835876464844 and parameters: {'gradient_clip_val': 0.2134177711599987, 'hidden_size': 126, 'dropout': 0.48205140436281463, 'hidden_continuous_size': 5, 'attention_head_size': 3, 'learning_rate': 0.05513497578752836}. Best is trial 26 with value: 112.8245620727539.
[I 2023-12-26 18:09:32,269] Trial 44 finished with value: 216.89219665527344 and parameters: {'gradient_clip_val': 0.21970061503577024, 'hidden_size': 73, 'dropout': 0.45943916941688434, 'hidden_continuous_size': 12, 'attention_head_size': 4, 'learning_rate': 0.04540200890688885}. Best is trial 26 with value: 112.8245620727539.
[I 2023-12-26 18:09:37,411] Trial 45 finished with value: 184.90553283691406 and parameters: {'gradient_clip_val': 0.1802504830120512, 'hidden_size': 97, 'dropout': 0.4922153473050546, 'hidden_continuous_size': 6, 'attention_head_size': 1, 'learning_rate': 0.07334279651917734}. Best is trial 26 with value: 112.8245620727539.
[I 2023-12-26 18:09:40,699] Trial 46 finished with value: 143.5581512451172 and parameters: {'gradient_clip_val': 0.27721573200212746, 'hidden_size': 61, 'dropout': 0.47750526749643907, 'hidden_continuous_size': 17, 'attention_head_size': 3, 'learning_rate': 0.03001612375977743}. Best is trial 26 with value: 112.8245620727539.
[I 2023-12-26 18:09:43,351] Trial 47 finished with value: 203.8832244873047 and parameters: {'gradient_clip_val': 0.2727203109154237, 'hidden_size': 48, 'dropout': 0.472699258133115, 'hidden_continuous_size': 15, 'attention_head_size': 3, 'learning_rate': 0.03771077565756909}. Best is trial 26 with value: 112.8245620727539.
[I 2023-12-26 18:09:46,538] Trial 48 finished with value: 202.0049591064453 and parameters: {'gradient_clip_val': 0.23212619628131093, 'hidden_size': 59, 'dropout': 0.4988851550889574, 'hidden_continuous_size': 17, 'attention_head_size': 3, 'learning_rate': 0.028504860657305245}. Best is trial 26 with value: 112.8245620727539.
[I 2023-12-26 18:09:50,204] Trial 49 finished with value: 208.16465759277344 and parameters: {'gradient_clip_val': 0.3047433722663071, 'hidden_size': 63, 'dropout': 0.42851603136118716, 'hidden_continuous_size': 19, 'attention_head_size': 3, 'learning_rate': 0.04630155901749433}. Best is trial 26 with value: 112.8245620727539.
[I 2023-12-26 18:09:50,314] A new study created in memory with name: no-name-2268f6f7-94c3-4d92-b9c1-35c6fcb36087
/home/le004/conda/anaconda3/envs/tsff_env/lib/python3.9/site-packages/lightning/fabric/plugins/environments/slurm.py:191: The `srun` command is available on your system but is not used. HINT: If your intention is to run Lightning on SLURM, prepend your python command with `srun` like so: srun python /home/le004/master_thesis/git/TSFusionForecast/code/ ...
