[I 2023-12-27 11:20:55,692] Trial 9 finished with value: 2.867251396179199 and parameters: {'gradient_clip_val': 0.36292149180218364, 'hidden_size': 81, 'dropout': 0.12288159646389758, 'hidden_continuous_size': 19, 'attention_head_size': 1, 'learning_rate': 0.029036364884147327}. Best is trial 1 with value: 0.06935223191976547.
[I 2023-12-27 11:20:56,073] Trial 10 finished with value: 2.7440273761749268 and parameters: {'gradient_clip_val': 0.9319434680931248, 'hidden_size': 28, 'dropout': 0.4142209862526511, 'hidden_continuous_size': 5, 'attention_head_size': 2, 'learning_rate': 0.06900400205345804}. Best is trial 1 with value: 0.06935223191976547.
[I 2023-12-27 11:20:56,469] Trial 11 finished with value: 3.001697301864624 and parameters: {'gradient_clip_val': 0.6052747746564188, 'hidden_size': 10, 'dropout': 0.4864528148506805, 'hidden_continuous_size': 5, 'attention_head_size': 2, 'learning_rate': 0.0088591136060915}. Best is trial 1 with value: 0.06935223191976547.
[I 2023-12-27 11:20:56,833] Trial 12 finished with value: 3.690697431564331 and parameters: {'gradient_clip_val': 0.25000160294117413, 'hidden_size': 8, 'dropout': 0.4974466574234169, 'hidden_continuous_size': 6, 'attention_head_size': 1, 'learning_rate': 0.09695695129351545}. Best is trial 1 with value: 0.06935223191976547.
[I 2023-12-27 11:20:57,171] Trial 13 finished with value: 2.4826619625091553 and parameters: {'gradient_clip_val': 0.23223212849031266, 'hidden_size': 5, 'dropout': 0.4071796986916475, 'hidden_continuous_size': 5, 'attention_head_size': 2, 'learning_rate': 0.013168681986115465}. Best is trial 1 with value: 0.06935223191976547.
[I 2023-12-27 11:20:57,532] Trial 14 finished with value: 2.0815799236297607 and parameters: {'gradient_clip_val': 0.6128854173576124, 'hidden_size': 8, 'dropout': 0.42221162296022946, 'hidden_continuous_size': 6, 'attention_head_size': 3, 'learning_rate': 0.004135723928828631}. Best is trial 1 with value: 0.06935223191976547.
[I 2023-12-27 11:20:57,897] Trial 15 finished with value: 2.054342746734619 and parameters: {'gradient_clip_val': 0.24688288228288394, 'hidden_size': 16, 'dropout': 0.3632486660109735, 'hidden_continuous_size': 7, 'attention_head_size': 1, 'learning_rate': 0.013581461843879386}. Best is trial 1 with value: 0.06935223191976547.
[I 2023-12-27 11:20:58,265] Trial 16 finished with value: 3.1780662536621094 and parameters: {'gradient_clip_val': 0.5113081607763816, 'hidden_size': 8, 'dropout': 0.44972066499038355, 'hidden_continuous_size': 5, 'attention_head_size': 2, 'learning_rate': 0.057771758574254276}. Best is trial 1 with value: 0.06935223191976547.
[I 2023-12-27 11:20:58,638] Trial 17 finished with value: 2.5503337383270264 and parameters: {'gradient_clip_val': 0.7721545163921524, 'hidden_size': 12, 'dropout': 0.49591581285534214, 'hidden_continuous_size': 7, 'attention_head_size': 1, 'learning_rate': 0.023892111624878126}. Best is trial 1 with value: 0.06935223191976547.
[I 2023-12-27 11:20:59,023] Trial 18 finished with value: 2.729663848876953 and parameters: {'gradient_clip_val': 0.33396107730590924, 'hidden_size': 23, 'dropout': 0.4486174919247851, 'hidden_continuous_size': 8, 'attention_head_size': 2, 'learning_rate': 0.015061345993576876}. Best is trial 1 with value: 0.06935223191976547.
[I 2023-12-27 11:20:59,400] Trial 19 finished with value: 2.5731210708618164 and parameters: {'gradient_clip_val': 0.5137414735717682, 'hidden_size': 6, 'dropout': 0.37252221520953677, 'hidden_continuous_size': 5, 'attention_head_size': 3, 'learning_rate': 0.09519540539518456}. Best is trial 1 with value: 0.06935223191976547.
[I 2023-12-27 11:20:59,766] Trial 20 finished with value: 2.9127957820892334 and parameters: {'gradient_clip_val': 0.7499021426669149, 'hidden_size': 11, 'dropout': 0.443864095324276, 'hidden_continuous_size': 6, 'attention_head_size': 1, 'learning_rate': 0.04283683719934385}. Best is trial 1 with value: 0.06935223191976547.
[I 2023-12-27 11:21:00,329] Trial 21 finished with value: 3.117567777633667 and parameters: {'gradient_clip_val': 0.18837304376395214, 'hidden_size': 5, 'dropout': 0.2795439717564719, 'hidden_continuous_size': 5, 'attention_head_size': 4, 'learning_rate': 0.029322734022164728}. Best is trial 1 with value: 0.06935223191976547.
[I 2023-12-27 11:21:00,660] Trial 22 finished with value: 2.559396982192993 and parameters: {'gradient_clip_val': 0.12262998120798452, 'hidden_size': 5, 'dropout': 0.1006162317153563, 'hidden_continuous_size': 5, 'attention_head_size': 4, 'learning_rate': 0.055363070465681785}. Best is trial 1 with value: 0.06935223191976547.
[I 2023-12-27 11:21:01,037] Trial 23 finished with value: 3.3584277629852295 and parameters: {'gradient_clip_val': 0.16223249674514395, 'hidden_size': 7, 'dropout': 0.4962286091364767, 'hidden_continuous_size': 5, 'attention_head_size': 3, 'learning_rate': 0.02371865936713132}. Best is trial 1 with value: 0.06935223191976547.
[I 2023-12-27 11:21:01,419] Trial 24 finished with value: 2.389005422592163 and parameters: {'gradient_clip_val': 0.2859440199505233, 'hidden_size': 9, 'dropout': 0.38110873599807454, 'hidden_continuous_size': 6, 'attention_head_size': 4, 'learning_rate': 0.0422229112479813}. Best is trial 1 with value: 0.06935223191976547.
[I 2023-12-27 11:21:01,787] Trial 25 finished with value: 2.5877931118011475 and parameters: {'gradient_clip_val': 0.10432034748864182, 'hidden_size': 6, 'dropout': 0.46669804461573156, 'hidden_continuous_size': 5, 'attention_head_size': 2, 'learning_rate': 0.01789029913006043}. Best is trial 1 with value: 0.06935223191976547.
[I 2023-12-27 11:21:02,168] Trial 26 finished with value: 2.5315215587615967 and parameters: {'gradient_clip_val': 0.1998155764960294, 'hidden_size': 7, 'dropout': 0.32222162771235413, 'hidden_continuous_size': 5, 'attention_head_size': 3, 'learning_rate': 0.009770259359419489}. Best is trial 1 with value: 0.06935223191976547.
[I 2023-12-27 11:21:02,562] Trial 27 finished with value: 1.72627592086792 and parameters: {'gradient_clip_val': 0.28320586589515934, 'hidden_size': 11, 'dropout': 0.23796040338729196, 'hidden_continuous_size': 6, 'attention_head_size': 4, 'learning_rate': 0.00529398904111006}. Best is trial 1 with value: 0.06935223191976547.
[I 2023-12-27 11:21:02,944] Trial 28 finished with value: 3.1214659214019775 and parameters: {'gradient_clip_val': 0.29556109720944124, 'hidden_size': 13, 'dropout': 0.24557596107675325, 'hidden_continuous_size': 7, 'attention_head_size': 2, 'learning_rate': 0.005498206838227244}. Best is trial 1 with value: 0.06935223191976547.
[I 2023-12-27 11:21:03,353] Trial 29 finished with value: 3.2262496948242188 and parameters: {'gradient_clip_val': 0.37726912777381505, 'hidden_size': 10, 'dropout': 0.35679105779844333, 'hidden_continuous_size': 6, 'attention_head_size': 4, 'learning_rate': 0.002845712493200536}. Best is trial 1 with value: 0.06935223191976547.
[I 2023-12-27 11:21:03,727] Trial 30 finished with value: 3.756871223449707 and parameters: {'gradient_clip_val': 0.285794039495221, 'hidden_size': 13, 'dropout': 0.2361636204297585, 'hidden_continuous_size': 8, 'attention_head_size': 1, 'learning_rate': 0.005657339035482922}. Best is trial 1 with value: 0.06935223191976547.
[I 2023-12-27 11:21:04,119] Trial 31 finished with value: 2.8860251903533936 and parameters: {'gradient_clip_val': 0.16306094872608262, 'hidden_size': 9, 'dropout': 0.17878594082941968, 'hidden_continuous_size': 6, 'attention_head_size': 4, 'learning_rate': 0.010721173681672766}. Best is trial 1 with value: 0.06935223191976547.
[I 2023-12-27 11:21:04,495] Trial 32 finished with value: 2.166234254837036 and parameters: {'gradient_clip_val': 0.2244713994978841, 'hidden_size': 7, 'dropout': 0.18853293546440736, 'hidden_continuous_size': 5, 'attention_head_size': 4, 'learning_rate': 0.007654494690369423}. Best is trial 1 with value: 0.06935223191976547.
[I 2023-12-27 11:21:04,863] Trial 33 finished with value: 2.56770396232605 and parameters: {'gradient_clip_val': 0.19366658724685976, 'hidden_size': 6, 'dropout': 0.16213853401551215, 'hidden_continuous_size': 5, 'attention_head_size': 3, 'learning_rate': 0.01858203241439239}. Best is trial 1 with value: 0.06935223191976547.
[I 2023-12-27 11:21:05,447] Trial 34 finished with value: 2.6200151443481445 and parameters: {'gradient_clip_val': 0.4374787821951243, 'hidden_size': 5, 'dropout': 0.21695696414146554, 'hidden_continuous_size': 5, 'attention_head_size': 4, 'learning_rate': 0.0015901492085427427}. Best is trial 1 with value: 0.06935223191976547.
[I 2023-12-27 11:21:05,818] Trial 35 finished with value: 1.8947652578353882 and parameters: {'gradient_clip_val': 0.2652497592115003, 'hidden_size': 10, 'dropout': 0.2104986271294725, 'hidden_continuous_size': 6, 'attention_head_size': 3, 'learning_rate': 0.006702255416804695}. Best is trial 1 with value: 0.06935223191976547.
[I 2023-12-27 11:21:06,215] Trial 36 finished with value: 2.1384809017181396 and parameters: {'gradient_clip_val': 0.3273041100860994, 'hidden_size': 14, 'dropout': 0.15254286394131603, 'hidden_continuous_size': 7, 'attention_head_size': 4, 'learning_rate': 0.01118951256197735}. Best is trial 1 with value: 0.06935223191976547.
[I 2023-12-27 11:21:06,583] Trial 37 finished with value: 2.85723614692688 and parameters: {'gradient_clip_val': 0.1516417782780246, 'hidden_size': 17, 'dropout': 0.2674647347715482, 'hidden_continuous_size': 9, 'attention_head_size': 3, 'learning_rate': 0.07581316638435832}. Best is trial 1 with value: 0.06935223191976547.
[I 2023-12-27 11:21:06,963] Trial 38 finished with value: 2.9661941528320312 and parameters: {'gradient_clip_val': 0.2096176766474317, 'hidden_size': 11, 'dropout': 0.46862432265418064, 'hidden_continuous_size': 8, 'attention_head_size': 2, 'learning_rate': 0.035762928179397135}. Best is trial 1 with value: 0.06935223191976547.
[I 2023-12-27 11:21:07,351] Trial 39 finished with value: 2.5515029430389404 and parameters: {'gradient_clip_val': 0.22177681418872294, 'hidden_size': 15, 'dropout': 0.3382819214622782, 'hidden_continuous_size': 9, 'attention_head_size': 1, 'learning_rate': 0.05193986472908753}. Best is trial 1 with value: 0.06935223191976547.
[I 2023-12-27 11:21:07,731] Trial 40 finished with value: 1.7501163482666016 and parameters: {'gradient_clip_val': 0.3655117525427546, 'hidden_size': 19, 'dropout': 0.2945186684405304, 'hidden_continuous_size': 7, 'attention_head_size': 4, 'learning_rate': 0.008647867322179707}. Best is trial 1 with value: 0.06935223191976547.
[I 2023-12-27 11:21:08,112] Trial 41 finished with value: 3.140270948410034 and parameters: {'gradient_clip_val': 0.37548503733049937, 'hidden_size': 20, 'dropout': 0.2937309644715001, 'hidden_continuous_size': 7, 'attention_head_size': 4, 'learning_rate': 0.0042806831304288695}. Best is trial 1 with value: 0.06935223191976547.
[I 2023-12-27 11:21:08,494] Trial 42 finished with value: 2.694883346557617 and parameters: {'gradient_clip_val': 0.27063640146221857, 'hidden_size': 12, 'dropout': 0.3056153489008993, 'hidden_continuous_size': 6, 'attention_head_size': 4, 'learning_rate': 0.008591915431928773}. Best is trial 1 with value: 0.06935223191976547.
[I 2023-12-27 11:21:08,916] Trial 43 finished with value: 2.2273144721984863 and parameters: {'gradient_clip_val': 0.32403782586106206, 'hidden_size': 29, 'dropout': 0.2579293358926403, 'hidden_continuous_size': 14, 'attention_head_size': 4, 'learning_rate': 0.0059569061495218035}. Best is trial 1 with value: 0.06935223191976547.
[I 2023-12-27 11:21:09,318] Trial 44 finished with value: 2.619037389755249 and parameters: {'gradient_clip_val': 0.18463641424693364, 'hidden_size': 18, 'dropout': 0.29478759357459, 'hidden_continuous_size': 10, 'attention_head_size': 4, 'learning_rate': 0.007713984582872729}. Best is trial 1 with value: 0.06935223191976547.
[I 2023-12-27 11:21:09,739] Trial 45 finished with value: 2.9142913818359375 and parameters: {'gradient_clip_val': 0.2467691642202487, 'hidden_size': 14, 'dropout': 0.28217448801448336, 'hidden_continuous_size': 7, 'attention_head_size': 3, 'learning_rate': 0.003196349212490269}. Best is trial 1 with value: 0.06935223191976547.
[I 2023-12-27 11:21:10,141] Trial 46 finished with value: 2.294229745864868 and parameters: {'gradient_clip_val': 0.41542954801872606, 'hidden_size': 9, 'dropout': 0.13522647281438013, 'hidden_continuous_size': 6, 'attention_head_size': 1, 'learning_rate': 0.0018851642881590929}. Best is trial 1 with value: 0.06935223191976547.
[I 2023-12-27 11:21:10,793] Trial 47 finished with value: 3.3855931758880615 and parameters: {'gradient_clip_val': 0.9513121459489293, 'hidden_size': 20, 'dropout': 0.22829331981105577, 'hidden_continuous_size': 11, 'attention_head_size': 4, 'learning_rate': 0.004631531919693614}. Best is trial 1 with value: 0.06935223191976547.
[I 2023-12-27 11:21:11,185] Trial 48 finished with value: 2.3726325035095215 and parameters: {'gradient_clip_val': 0.34986973435163377, 'hidden_size': 8, 'dropout': 0.20625184552669928, 'hidden_continuous_size': 7, 'attention_head_size': 2, 'learning_rate': 0.003471615642380523}. Best is trial 1 with value: 0.06935223191976547.
[I 2023-12-27 11:21:11,579] Trial 49 finished with value: 2.7366855144500732 and parameters: {'gradient_clip_val': 0.30071649937271927, 'hidden_size': 15, 'dropout': 0.3207482168167192, 'hidden_continuous_size': 8, 'attention_head_size': 3, 'learning_rate': 0.0048198725863647296}. Best is trial 1 with value: 0.06935223191976547.
[I 2023-12-27 11:21:11,691] A new study created in memory with name: no-name-9e7a4030-0ef7-41e0-8920-6629f865b485
/home/le004/conda/anaconda3/envs/tsff_env/lib/python3.9/site-packages/lightning/fabric/plugins/environments/slurm.py:191: The `srun` command is available on your system but is not used. HINT: If your intention is to run Lightning on SLURM, prepend your python command with `srun` like so: srun python /home/le004/master_thesis/git/TSFusionForecast/code/ ...
[I 2023-12-27 11:21:41,333] Trial 0 finished with value: 0.044820647686719894 and parameters: {'gradient_clip_val': 0.31435840801464, 'hidden_size': 16, 'dropout': 0.29160752118400257, 'hidden_continuous_size': 7, 'attention_head_size': 2, 'learning_rate': 0.06879249340093722}. Best is trial 0 with value: 0.044820647686719894.
[I 2023-12-27 11:21:58,763] Trial 1 finished with value: 1.3594199419021606 and parameters: {'gradient_clip_val': 0.20748299279037985, 'hidden_size': 111, 'dropout': 0.3391583377092009, 'hidden_continuous_size': 36, 'attention_head_size': 4, 'learning_rate': 0.0005036860850114747}. Best is trial 0 with value: 0.044820647686719894.
[I 2023-12-27 11:21:59,119] Trial 2 finished with value: 2.2910587787628174 and parameters: {'gradient_clip_val': 0.2846104902195569, 'hidden_size': 19, 'dropout': 0.47915153001663213, 'hidden_continuous_size': 17, 'attention_head_size': 3, 'learning_rate': 0.013184378774930259}. Best is trial 0 with value: 0.044820647686719894.
[I 2023-12-27 11:21:59,500] Trial 3 finished with value: 2.17604660987854 and parameters: {'gradient_clip_val': 0.19936060010758286, 'hidden_size': 37, 'dropout': 0.20915494671784868, 'hidden_continuous_size': 17, 'attention_head_size': 4, 'learning_rate': 0.00839705625579349}. Best is trial 0 with value: 0.044820647686719894.
[I 2023-12-27 11:21:59,854] Trial 4 finished with value: 2.3291003704071045 and parameters: {'gradient_clip_val': 0.1375717686124131, 'hidden_size': 22, 'dropout': 0.30476417828394275, 'hidden_continuous_size': 5, 'attention_head_size': 3, 'learning_rate': 0.047675717471181864}. Best is trial 0 with value: 0.044820647686719894.
[I 2023-12-27 11:22:00,189] Trial 5 finished with value: 2.3012752532958984 and parameters: {'gradient_clip_val': 0.406567569225036, 'hidden_size': 10, 'dropout': 0.40187508586138887, 'hidden_continuous_size': 10, 'attention_head_size': 1, 'learning_rate': 0.027160442052123607}. Best is trial 0 with value: 0.044820647686719894.
[I 2023-12-27 11:22:00,720] Trial 6 finished with value: 2.50014328956604 and parameters: {'gradient_clip_val': 0.24846147929610524, 'hidden_size': 147, 'dropout': 0.20106057321692763, 'hidden_continuous_size': 13, 'attention_head_size': 2, 'learning_rate': 0.0866681009052024}. Best is trial 0 with value: 0.044820647686719894.
[I 2023-12-27 11:22:01,052] Trial 7 finished with value: 3.1843345165252686 and parameters: {'gradient_clip_val': 0.16875817158988848, 'hidden_size': 6, 'dropout': 0.315861496408926, 'hidden_continuous_size': 5, 'attention_head_size': 3, 'learning_rate': 0.05055192712965883}. Best is trial 0 with value: 0.044820647686719894.
[I 2023-12-27 11:22:01,570] Trial 8 finished with value: 2.378880023956299 and parameters: {'gradient_clip_val': 0.39443466432756696, 'hidden_size': 6, 'dropout': 0.32148981654730746, 'hidden_continuous_size': 6, 'attention_head_size': 3, 'learning_rate': 0.02208330446603981}. Best is trial 0 with value: 0.044820647686719894.
[I 2023-12-27 11:22:01,974] Trial 9 finished with value: 1.5707488059997559 and parameters: {'gradient_clip_val': 0.13640523740788768, 'hidden_size': 61, 'dropout': 0.3873456550515184, 'hidden_continuous_size': 12, 'attention_head_size': 2, 'learning_rate': 0.004657585495630736}. Best is trial 0 with value: 0.044820647686719894.
[I 2023-12-27 11:22:02,359] Trial 10 finished with value: 2.6736934185028076 and parameters: {'gradient_clip_val': 0.6530454980747022, 'hidden_size': 14, 'dropout': 0.16785897942169298, 'hidden_continuous_size': 7, 'attention_head_size': 1, 'learning_rate': 0.09358599753251406}. Best is trial 0 with value: 0.044820647686719894.
[I 2023-12-27 11:22:02,791] Trial 11 finished with value: 2.6506943702697754 and parameters: {'gradient_clip_val': 0.10018734802011872, 'hidden_size': 47, 'dropout': 0.10962511726674945, 'hidden_continuous_size': 37, 'attention_head_size': 4, 'learning_rate': 0.0005148225662920806}. Best is trial 0 with value: 0.044820647686719894.
[I 2023-12-27 11:22:03,324] Trial 12 finished with value: 2.3783938884735107 and parameters: {'gradient_clip_val': 0.34637622724978484, 'hidden_size': 114, 'dropout': 0.24857042048477151, 'hidden_continuous_size': 78, 'attention_head_size': 2, 'learning_rate': 0.0029864299712703455}. Best is trial 0 with value: 0.044820647686719894.
[I 2023-12-27 11:22:03,777] Trial 13 finished with value: 2.1800811290740967 and parameters: {'gradient_clip_val': 0.5363571769746565, 'hidden_size': 78, 'dropout': 0.26863403836964356, 'hidden_continuous_size': 29, 'attention_head_size': 4, 'learning_rate': 0.0016853064445044464}. Best is trial 0 with value: 0.044820647686719894.
[I 2023-12-27 11:22:04,157] Trial 14 finished with value: 2.112277030944824 and parameters: {'gradient_clip_val': 0.8072463298822098, 'hidden_size': 36, 'dropout': 0.365547798695809, 'hidden_continuous_size': 8, 'attention_head_size': 2, 'learning_rate': 0.0005631019437819765}. Best is trial 0 with value: 0.044820647686719894.
[I 2023-12-27 11:22:04,539] Trial 15 finished with value: 2.3378641605377197 and parameters: {'gradient_clip_val': 0.24026504723738404, 'hidden_size': 27, 'dropout': 0.35038593224156145, 'hidden_continuous_size': 8, 'attention_head_size': 1, 'learning_rate': 0.0013739742175730987}. Best is trial 0 with value: 0.044820647686719894.
[I 2023-12-27 11:22:05,002] Trial 16 finished with value: 2.1035172939300537 and parameters: {'gradient_clip_val': 0.28402053438623487, 'hidden_size': 77, 'dropout': 0.27326135661580936, 'hidden_continuous_size': 27, 'attention_head_size': 4, 'learning_rate': 0.009388289519246031}. Best is trial 0 with value: 0.044820647686719894.
[I 2023-12-27 11:22:05,369] Trial 17 finished with value: 2.699160575866699 and parameters: {'gradient_clip_val': 0.46371278587393244, 'hidden_size': 13, 'dropout': 0.4384428501436173, 'hidden_continuous_size': 6, 'attention_head_size': 3, 'learning_rate': 0.00410958631950453}. Best is trial 0 with value: 0.044820647686719894.
[I 2023-12-27 11:22:05,764] Trial 18 finished with value: 2.2490108013153076 and parameters: {'gradient_clip_val': 0.21088618088936045, 'hidden_size': 30, 'dropout': 0.32902083796513865, 'hidden_continuous_size': 10, 'attention_head_size': 2, 'learning_rate': 0.014549665340879401}. Best is trial 0 with value: 0.044820647686719894.
[I 2023-12-27 11:22:06,178] Trial 19 finished with value: 2.2351455688476562 and parameters: {'gradient_clip_val': 0.3242071082392553, 'hidden_size': 55, 'dropout': 0.41472060473603156, 'hidden_continuous_size': 20, 'attention_head_size': 1, 'learning_rate': 0.00623050747074466}. Best is trial 0 with value: 0.044820647686719894.
[I 2023-12-27 11:22:06,693] Trial 20 finished with value: 2.2544314861297607 and parameters: {'gradient_clip_val': 0.34238465379284877, 'hidden_size': 104, 'dropout': 0.36385519592029314, 'hidden_continuous_size': 49, 'attention_head_size': 4, 'learning_rate': 0.002427753119536582}. Best is trial 0 with value: 0.044820647686719894.
[I 2023-12-27 11:22:07,116] Trial 21 finished with value: 2.529709577560425 and parameters: {'gradient_clip_val': 0.15800585828998673, 'hidden_size': 62, 'dropout': 0.3773299399633376, 'hidden_continuous_size': 12, 'attention_head_size': 2, 'learning_rate': 0.004758720013576483}. Best is trial 0 with value: 0.044820647686719894.
[I 2023-12-27 11:22:07,756] Trial 22 finished with value: 2.116544485092163 and parameters: {'gradient_clip_val': 0.12627391057701154, 'hidden_size': 47, 'dropout': 0.3403415431711275, 'hidden_continuous_size': 11, 'attention_head_size': 2, 'learning_rate': 0.0009191513349350134}. Best is trial 0 with value: 0.044820647686719894.
[I 2023-12-27 11:22:08,405] Trial 23 finished with value: 2.716344118118286 and parameters: {'gradient_clip_val': 0.2055899555303192, 'hidden_size': 147, 'dropout': 0.29207371267400334, 'hidden_continuous_size': 147, 'attention_head_size': 2, 'learning_rate': 0.0029505055204787126}. Best is trial 0 with value: 0.044820647686719894.
