[I 2023-12-15 11:34:45,904] Trial 6 finished with value: 1.466448187828064 and parameters: {'gradient_clip_val': 0.3153097258352841, 'hidden_size': 78, 'dropout': 0.18475034454173966, 'hidden_continuous_size': 43, 'attention_head_size': 4, 'learning_rate': 0.010700549859717228}. Best is trial 4 with value: 0.39128759503364563.
LOCAL_RANK: 0 - CUDA_VISIBLE_DEVICES: [0]
[I 2023-12-15 11:35:32,545] Trial 7 finished with value: 2.9422805309295654 and parameters: {'gradient_clip_val': 0.997109220439085, 'hidden_size': 14, 'dropout': 0.2554154103286852, 'hidden_continuous_size': 12, 'attention_head_size': 1, 'learning_rate': 0.009395371541227306}. Best is trial 4 with value: 0.39128759503364563.
LOCAL_RANK: 0 - CUDA_VISIBLE_DEVICES: [0]
[I 2023-12-15 11:36:30,817] Trial 8 finished with value: 1.5763195753097534 and parameters: {'gradient_clip_val': 0.3541436859740886, 'hidden_size': 96, 'dropout': 0.13032694767339942, 'hidden_continuous_size': 95, 'attention_head_size': 3, 'learning_rate': 0.009970923609960424}. Best is trial 4 with value: 0.39128759503364563.
LOCAL_RANK: 0 - CUDA_VISIBLE_DEVICES: [0]
[I 2023-12-15 11:37:18,054] Trial 9 finished with value: 0.6909434199333191 and parameters: {'gradient_clip_val': 0.6258741413230106, 'hidden_size': 18, 'dropout': 0.23151830365580237, 'hidden_continuous_size': 6, 'attention_head_size': 2, 'learning_rate': 0.0017459410122769399}. Best is trial 4 with value: 0.39128759503364563.
LOCAL_RANK: 0 - CUDA_VISIBLE_DEVICES: [0]
[I 2023-12-15 11:37:53,566] Trial 10 finished with value: 1.9285985231399536 and parameters: {'gradient_clip_val': 0.11710343214622906, 'hidden_size': 5, 'dropout': 0.39368213561873683, 'hidden_continuous_size': 5, 'attention_head_size': 1, 'learning_rate': 0.0007509549139775018}. Best is trial 4 with value: 0.39128759503364563.
LOCAL_RANK: 0 - CUDA_VISIBLE_DEVICES: [0]
[I 2023-12-15 11:38:39,958] Trial 11 finished with value: 1.6420866250991821 and parameters: {'gradient_clip_val': 0.5729597836854606, 'hidden_size': 9, 'dropout': 0.3273495977635573, 'hidden_continuous_size': 5, 'attention_head_size': 2, 'learning_rate': 0.00220766194067358}. Best is trial 4 with value: 0.39128759503364563.
LOCAL_RANK: 0 - CUDA_VISIBLE_DEVICES: [0]
[I 2023-12-15 11:39:18,088] Trial 12 finished with value: 1.9838523864746094 and parameters: {'gradient_clip_val': 0.5040467977856393, 'hidden_size': 5, 'dropout': 0.31870798936200573, 'hidden_continuous_size': 5, 'attention_head_size': 3, 'learning_rate': 0.09273167896301798}. Best is trial 4 with value: 0.39128759503364563.
LOCAL_RANK: 0 - CUDA_VISIBLE_DEVICES: [0]
[I 2023-12-15 11:40:04,368] Trial 13 finished with value: 2.392448663711548 and parameters: {'gradient_clip_val': 0.7130405321457944, 'hidden_size': 10, 'dropout': 0.3968787061904706, 'hidden_continuous_size': 5, 'attention_head_size': 1, 'learning_rate': 0.003382208620781987}. Best is trial 4 with value: 0.39128759503364563.
LOCAL_RANK: 0 - CUDA_VISIBLE_DEVICES: [0]
[I 2023-12-15 11:40:54,464] Trial 14 finished with value: 2.2747435569763184 and parameters: {'gradient_clip_val': 0.48364839136902976, 'hidden_size': 33, 'dropout': 0.28899743501771935, 'hidden_continuous_size': 8, 'attention_head_size': 2, 'learning_rate': 0.000509867286154054}. Best is trial 4 with value: 0.39128759503364563.
LOCAL_RANK: 0 - CUDA_VISIBLE_DEVICES: [0]
[I 2023-12-15 11:41:40,184] Trial 15 finished with value: 1.2832703590393066 and parameters: {'gradient_clip_val': 0.7722850185385288, 'hidden_size': 12, 'dropout': 0.35775468249509274, 'hidden_continuous_size': 6, 'attention_head_size': 3, 'learning_rate': 0.01911185646549822}. Best is trial 4 with value: 0.39128759503364563.
LOCAL_RANK: 0 - CUDA_VISIBLE_DEVICES: [0]
[I 2023-12-15 11:42:26,238] Trial 16 finished with value: 2.2668001651763916 and parameters: {'gradient_clip_val': 0.426574282986634, 'hidden_size': 7, 'dropout': 0.20500522269923105, 'hidden_continuous_size': 5, 'attention_head_size': 1, 'learning_rate': 0.003800774206900362}. Best is trial 4 with value: 0.39128759503364563.
LOCAL_RANK: 0 - CUDA_VISIBLE_DEVICES: [0]
[I 2023-12-15 11:43:14,425] Trial 17 finished with value: 1.3171693086624146 and parameters: {'gradient_clip_val': 0.7119628184417104, 'hidden_size': 18, 'dropout': 0.2683660302097502, 'hidden_continuous_size': 6, 'attention_head_size': 2, 'learning_rate': 0.021395314709320396}. Best is trial 4 with value: 0.39128759503364563.
LOCAL_RANK: 0 - CUDA_VISIBLE_DEVICES: [0]
[I 2023-12-15 11:44:00,470] Trial 18 finished with value: 2.329922914505005 and parameters: {'gradient_clip_val': 0.4438390691162319, 'hidden_size': 11, 'dropout': 0.3370051045580613, 'hidden_continuous_size': 5, 'attention_head_size': 1, 'learning_rate': 0.005128820873443608}. Best is trial 4 with value: 0.39128759503364563.
LOCAL_RANK: 0 - CUDA_VISIBLE_DEVICES: [0]
[I 2023-12-15 11:44:45,355] Trial 19 finished with value: 1.4544333219528198 and parameters: {'gradient_clip_val': 0.5933115480389277, 'hidden_size': 8, 'dropout': 0.2894074891112961, 'hidden_continuous_size': 5, 'attention_head_size': 2, 'learning_rate': 0.0012023362806705337}. Best is trial 4 with value: 0.39128759503364563.
LOCAL_RANK: 0 - CUDA_VISIBLE_DEVICES: [0]
[I 2023-12-15 11:45:21,466] Trial 20 finished with value: 0.4954436123371124 and parameters: {'gradient_clip_val': 0.22419106317007484, 'hidden_size': 5, 'dropout': 0.16924319487338804, 'hidden_continuous_size': 5, 'attention_head_size': 3, 'learning_rate': 0.0055667220337506105}. Best is trial 4 with value: 0.39128759503364563.
LOCAL_RANK: 0 - CUDA_VISIBLE_DEVICES: [0]
[I 2023-12-15 11:46:00,185] Trial 21 finished with value: 0.3232773542404175 and parameters: {'gradient_clip_val': 0.2160909279539687, 'hidden_size': 5, 'dropout': 0.17409045373239532, 'hidden_continuous_size': 5, 'attention_head_size': 3, 'learning_rate': 0.005919743079317391}. Best is trial 21 with value: 0.3232773542404175.
LOCAL_RANK: 0 - CUDA_VISIBLE_DEVICES: [0]
[I 2023-12-15 11:46:36,969] Trial 22 finished with value: 3.552353620529175 and parameters: {'gradient_clip_val': 0.21615157643985408, 'hidden_size': 5, 'dropout': 0.1613200178023706, 'hidden_continuous_size': 5, 'attention_head_size': 3, 'learning_rate': 0.0057908184692353065}. Best is trial 21 with value: 0.3232773542404175.
LOCAL_RANK: 0 - CUDA_VISIBLE_DEVICES: [0]
[I 2023-12-15 11:47:23,267] Trial 23 finished with value: 1.4224209785461426 and parameters: {'gradient_clip_val': 0.19838672291605908, 'hidden_size': 6, 'dropout': 0.11408958561157906, 'hidden_continuous_size': 5, 'attention_head_size': 3, 'learning_rate': 0.005867442640034848}. Best is trial 21 with value: 0.3232773542404175.
LOCAL_RANK: 0 - CUDA_VISIBLE_DEVICES: [0]
[I 2023-12-15 11:48:09,891] Trial 24 finished with value: 1.8580341339111328 and parameters: {'gradient_clip_val': 0.1638057750072006, 'hidden_size': 7, 'dropout': 0.1605718233824092, 'hidden_continuous_size': 5, 'attention_head_size': 3, 'learning_rate': 0.0161877599312569}. Best is trial 21 with value: 0.3232773542404175.
LOCAL_RANK: 0 - CUDA_VISIBLE_DEVICES: [0]
[I 2023-12-15 11:48:46,027] Trial 25 finished with value: 2.5119991302490234 and parameters: {'gradient_clip_val': 0.23306525645638138, 'hidden_size': 5, 'dropout': 0.20057155595025794, 'hidden_continuous_size': 5, 'attention_head_size': 4, 'learning_rate': 0.003981842871084085}. Best is trial 21 with value: 0.3232773542404175.
LOCAL_RANK: 0 - CUDA_VISIBLE_DEVICES: [0]
[I 2023-12-15 11:49:32,804] Trial 26 finished with value: 0.46181443333625793 and parameters: {'gradient_clip_val': 0.18007105623972372, 'hidden_size': 7, 'dropout': 0.14423708656457257, 'hidden_continuous_size': 5, 'attention_head_size': 3, 'learning_rate': 0.007058548110978316}. Best is trial 21 with value: 0.3232773542404175.
LOCAL_RANK: 0 - CUDA_VISIBLE_DEVICES: [0]
[I 2023-12-15 11:50:19,084] Trial 27 finished with value: 1.5043076276779175 and parameters: {'gradient_clip_val': 0.1661205720023371, 'hidden_size': 7, 'dropout': 0.13509797779280447, 'hidden_continuous_size': 5, 'attention_head_size': 3, 'learning_rate': 0.026204087317442806}. Best is trial 21 with value: 0.3232773542404175.
LOCAL_RANK: 0 - CUDA_VISIBLE_DEVICES: [0]
[I 2023-12-15 11:51:06,190] Trial 28 finished with value: 1.4584298133850098 and parameters: {'gradient_clip_val': 0.39028449518694364, 'hidden_size': 9, 'dropout': 0.10933303778514605, 'hidden_continuous_size': 5, 'attention_head_size': 4, 'learning_rate': 0.00828884567728208}. Best is trial 21 with value: 0.3232773542404175.
LOCAL_RANK: 0 - CUDA_VISIBLE_DEVICES: [0]
[I 2023-12-15 11:51:52,186] Trial 29 finished with value: 1.2778666019439697 and parameters: {'gradient_clip_val': 0.28008408825327896, 'hidden_size': 12, 'dropout': 0.21902436308611672, 'hidden_continuous_size': 6, 'attention_head_size': 4, 'learning_rate': 0.011432456746388486}. Best is trial 21 with value: 0.3232773542404175.
LOCAL_RANK: 0 - CUDA_VISIBLE_DEVICES: [0]
[I 2023-12-15 11:52:38,646] Trial 30 finished with value: 1.7187892198562622 and parameters: {'gradient_clip_val': 0.2635453230029852, 'hidden_size': 6, 'dropout': 0.1403762399864997, 'hidden_continuous_size': 5, 'attention_head_size': 3, 'learning_rate': 0.017586962670059623}. Best is trial 21 with value: 0.3232773542404175.
LOCAL_RANK: 0 - CUDA_VISIBLE_DEVICES: [0]
[I 2023-12-15 11:53:16,361] Trial 31 finished with value: 3.199934244155884 and parameters: {'gradient_clip_val': 0.2454256779712685, 'hidden_size': 5, 'dropout': 0.17772521144830286, 'hidden_continuous_size': 5, 'attention_head_size': 3, 'learning_rate': 0.006797935421488621}. Best is trial 21 with value: 0.3232773542404175.
LOCAL_RANK: 0 - CUDA_VISIBLE_DEVICES: [0]
[I 2023-12-15 11:54:02,720] Trial 32 finished with value: 2.411844491958618 and parameters: {'gradient_clip_val': 0.19647349769826436, 'hidden_size': 6, 'dropout': 0.10117996820808242, 'hidden_continuous_size': 5, 'attention_head_size': 3, 'learning_rate': 0.013818720566874556}. Best is trial 21 with value: 0.3232773542404175.
LOCAL_RANK: 0 - CUDA_VISIBLE_DEVICES: [0]
[I 2023-12-15 11:54:48,598] Trial 33 finished with value: 1.1385773420333862 and parameters: {'gradient_clip_val': 0.3525881792019088, 'hidden_size': 8, 'dropout': 0.16027824106169278, 'hidden_continuous_size': 5, 'attention_head_size': 3, 'learning_rate': 0.007460991800497231}. Best is trial 21 with value: 0.3232773542404175.
LOCAL_RANK: 0 - CUDA_VISIBLE_DEVICES: [0]
[I 2023-12-15 11:55:34,763] Trial 34 finished with value: 3.0658531188964844 and parameters: {'gradient_clip_val': 0.29872470696398634, 'hidden_size': 6, 'dropout': 0.24286275578015554, 'hidden_continuous_size': 5, 'attention_head_size': 3, 'learning_rate': 0.00452925625023097}. Best is trial 21 with value: 0.3232773542404175.
LOCAL_RANK: 0 - CUDA_VISIBLE_DEVICES: [0]
[I 2023-12-15 11:56:21,630] Trial 35 finished with value: 0.9036436080932617 and parameters: {'gradient_clip_val': 0.267882721864087, 'hidden_size': 9, 'dropout': 0.18676513055592336, 'hidden_continuous_size': 6, 'attention_head_size': 4, 'learning_rate': 0.0029936798095935757}. Best is trial 21 with value: 0.3232773542404175.
LOCAL_RANK: 0 - CUDA_VISIBLE_DEVICES: [0]
[I 2023-12-15 11:56:57,721] Trial 36 finished with value: 1.4509754180908203 and parameters: {'gradient_clip_val': 0.16891558249079272, 'hidden_size': 5, 'dropout': 0.21171916529651352, 'hidden_continuous_size': 5, 'attention_head_size': 2, 'learning_rate': 0.007269540574860815}. Best is trial 21 with value: 0.3232773542404175.
LOCAL_RANK: 0 - CUDA_VISIBLE_DEVICES: [0]
[I 2023-12-15 11:57:43,794] Trial 37 finished with value: 3.432694673538208 and parameters: {'gradient_clip_val': 0.3202021062662925, 'hidden_size': 7, 'dropout': 0.22867263576924152, 'hidden_continuous_size': 5, 'attention_head_size': 2, 'learning_rate': 0.012525906131976279}. Best is trial 21 with value: 0.3232773542404175.
LOCAL_RANK: 0 - CUDA_VISIBLE_DEVICES: [0]
[I 2023-12-15 11:58:30,396] Trial 38 finished with value: 0.2429003119468689 and parameters: {'gradient_clip_val': 0.14796368548165814, 'hidden_size': 13, 'dropout': 0.19480504459782896, 'hidden_continuous_size': 7, 'attention_head_size': 3, 'learning_rate': 0.02925562751240762}. Best is trial 38 with value: 0.2429003119468689.
LOCAL_RANK: 0 - CUDA_VISIBLE_DEVICES: [0]
[I 2023-12-15 11:59:18,316] Trial 39 finished with value: 1.7365732192993164 and parameters: {'gradient_clip_val': 0.13673892559833825, 'hidden_size': 15, 'dropout': 0.1998912087803174, 'hidden_continuous_size': 7, 'attention_head_size': 4, 'learning_rate': 0.03224543009721926}. Best is trial 38 with value: 0.2429003119468689.
LOCAL_RANK: 0 - CUDA_VISIBLE_DEVICES: [0]
[I 2023-12-15 12:00:08,110] Trial 40 finished with value: 2.9832069873809814 and parameters: {'gradient_clip_val': 0.11761791340611756, 'hidden_size': 22, 'dropout': 0.14410620144828903, 'hidden_continuous_size': 7, 'attention_head_size': 3, 'learning_rate': 0.04308819543274369}. Best is trial 38 with value: 0.2429003119468689.
LOCAL_RANK: 0 - CUDA_VISIBLE_DEVICES: [0]
[I 2023-12-15 12:00:54,737] Trial 41 finished with value: 1.4528894424438477 and parameters: {'gradient_clip_val': 0.2256556997122948, 'hidden_size': 6, 'dropout': 0.17671453954686978, 'hidden_continuous_size': 5, 'attention_head_size': 3, 'learning_rate': 0.010542618158556312}. Best is trial 38 with value: 0.2429003119468689.
LOCAL_RANK: 0 - CUDA_VISIBLE_DEVICES: [0]
[I 2023-12-15 12:01:41,670] Trial 42 finished with value: 3.5758559703826904 and parameters: {'gradient_clip_val': 0.1932620749082203, 'hidden_size': 13, 'dropout': 0.19033689599198528, 'hidden_continuous_size': 6, 'attention_head_size': 3, 'learning_rate': 0.02476064964567057}. Best is trial 38 with value: 0.2429003119468689.
LOCAL_RANK: 0 - CUDA_VISIBLE_DEVICES: [0]
[I 2023-12-15 12:02:28,746] Trial 43 finished with value: 0.29727113246917725 and parameters: {'gradient_clip_val': 0.13691467557434006, 'hidden_size': 10, 'dropout': 0.16993182734474746, 'hidden_continuous_size': 7, 'attention_head_size': 3, 'learning_rate': 0.008745095661960573}. Best is trial 38 with value: 0.2429003119468689.
LOCAL_RANK: 0 - CUDA_VISIBLE_DEVICES: [0]
[I 2023-12-15 12:03:14,933] Trial 44 finished with value: 0.54421466588974 and parameters: {'gradient_clip_val': 0.10346544605044113, 'hidden_size': 10, 'dropout': 0.15119538042295103, 'hidden_continuous_size': 7, 'attention_head_size': 2, 'learning_rate': 0.015122757885839267}. Best is trial 38 with value: 0.2429003119468689.
LOCAL_RANK: 0 - CUDA_VISIBLE_DEVICES: [0]
[I 2023-12-15 12:04:01,822] Trial 45 finished with value: 2.364715576171875 and parameters: {'gradient_clip_val': 0.14428553858903878, 'hidden_size': 11, 'dropout': 0.12829222084323874, 'hidden_continuous_size': 8, 'attention_head_size': 3, 'learning_rate': 0.032521608232374495}. Best is trial 38 with value: 0.2429003119468689.
LOCAL_RANK: 0 - CUDA_VISIBLE_DEVICES: [0]
[I 2023-12-15 12:04:48,488] Trial 46 finished with value: 3.090104341506958 and parameters: {'gradient_clip_val': 0.1421400729178016, 'hidden_size': 16, 'dropout': 0.1931458651852221, 'hidden_continuous_size': 7, 'attention_head_size': 4, 'learning_rate': 0.009314634545666884}. Best is trial 38 with value: 0.2429003119468689.
LOCAL_RANK: 0 - CUDA_VISIBLE_DEVICES: [0]
[I 2023-12-15 12:05:34,801] Trial 47 finished with value: 0.7543847560882568 and parameters: {'gradient_clip_val': 0.18300800447334709, 'hidden_size': 14, 'dropout': 0.17668431695128828, 'hidden_continuous_size': 9, 'attention_head_size': 1, 'learning_rate': 0.05988207115109125}. Best is trial 38 with value: 0.2429003119468689.
LOCAL_RANK: 0 - CUDA_VISIBLE_DEVICES: [0]
[I 2023-12-15 12:06:20,394] Trial 48 finished with value: 3.3757050037384033 and parameters: {'gradient_clip_val': 0.15181668405140822, 'hidden_size': 8, 'dropout': 0.22362331822884146, 'hidden_continuous_size': 6, 'attention_head_size': 2, 'learning_rate': 0.012065112890942444}. Best is trial 38 with value: 0.2429003119468689.
LOCAL_RANK: 0 - CUDA_VISIBLE_DEVICES: [0]
[I 2023-12-15 12:07:09,057] Trial 49 finished with value: 0.47833213210105896 and parameters: {'gradient_clip_val': 0.12891896055403346, 'hidden_size': 18, 'dropout': 0.24641810560127342, 'hidden_continuous_size': 9, 'attention_head_size': 3, 'learning_rate': 0.009008546636540396}. Best is trial 38 with value: 0.2429003119468689.
[I 2023-12-15 12:07:09,153] A new study created in memory with name: no-name-eb7b7529-bfda-48fe-bf46-941fc2e076e2
/home/le004/conda/anaconda3/envs/tsff_env/lib/python3.9/site-packages/lightning/fabric/plugins/environments/slurm.py:191: The `srun` command is available on your system but is not used. HINT: If your intention is to run Lightning on SLURM, prepend your python command with `srun` like so: srun python /home/le004/master_thesis/git/TSFusionForecast/code/ ...
LOCAL_RANK: 0 - CUDA_VISIBLE_DEVICES: [0]
[I 2023-12-15 12:07:56,222] Trial 0 finished with value: 3.965818405151367 and parameters: {'gradient_clip_val': 0.10347358801806845, 'hidden_size': 7, 'dropout': 0.2986893614253484, 'hidden_continuous_size': 5, 'attention_head_size': 4, 'learning_rate': 0.060767995724046925}. Best is trial 0 with value: 3.965818405151367.
LOCAL_RANK: 0 - CUDA_VISIBLE_DEVICES: [0]
[I 2023-12-15 12:08:49,404] Trial 1 finished with value: 2.270280599594116 and parameters: {'gradient_clip_val': 0.14693992737745493, 'hidden_size': 29, 'dropout': 0.1259030771517504, 'hidden_continuous_size': 24, 'attention_head_size': 4, 'learning_rate': 0.0005052736982704051}. Best is trial 1 with value: 2.270280599594116.
LOCAL_RANK: 0 - CUDA_VISIBLE_DEVICES: [0]
[I 2023-12-15 12:09:27,300] Trial 2 finished with value: 2.355551242828369 and parameters: {'gradient_clip_val': 0.5387359218037463, 'hidden_size': 11, 'dropout': 0.38171777304497123, 'hidden_continuous_size': 11, 'attention_head_size': 3, 'learning_rate': 0.0005632349154304052}. Best is trial 1 with value: 2.270280599594116.
LOCAL_RANK: 0 - CUDA_VISIBLE_DEVICES: [0]
[I 2023-12-15 12:10:03,221] Trial 3 finished with value: 0.7103739380836487 and parameters: {'gradient_clip_val': 0.25809798257042077, 'hidden_size': 13, 'dropout': 0.26059749304898416, 'hidden_continuous_size': 13, 'attention_head_size': 1, 'learning_rate': 0.0650165905773582}. Best is trial 3 with value: 0.7103739380836487.
LOCAL_RANK: 0 - CUDA_VISIBLE_DEVICES: [0]
[I 2023-12-15 12:10:57,823] Trial 4 finished with value: 3.0583674907684326 and parameters: {'gradient_clip_val': 0.1285355588485009, 'hidden_size': 73, 'dropout': 0.27934763193592954, 'hidden_continuous_size': 16, 'attention_head_size': 2, 'learning_rate': 0.0742685738646323}. Best is trial 3 with value: 0.7103739380836487.
LOCAL_RANK: 0 - CUDA_VISIBLE_DEVICES: [0]
[I 2023-12-15 12:11:45,310] Trial 5 finished with value: 4.807300567626953 and parameters: {'gradient_clip_val': 0.1901060669280185, 'hidden_size': 7, 'dropout': 0.28466671590597215, 'hidden_continuous_size': 5, 'attention_head_size': 4, 'learning_rate': 0.06666415672538793}. Best is trial 3 with value: 0.7103739380836487.
LOCAL_RANK: 0 - CUDA_VISIBLE_DEVICES: [0]
[I 2023-12-15 12:12:34,360] Trial 6 finished with value: 1.7948211431503296 and parameters: {'gradient_clip_val': 0.2680038693962408, 'hidden_size': 24, 'dropout': 0.24861934836238805, 'hidden_continuous_size': 17, 'attention_head_size': 2, 'learning_rate': 0.08290564745166057}. Best is trial 3 with value: 0.7103739380836487.
LOCAL_RANK: 0 - CUDA_VISIBLE_DEVICES: [0]
[I 2023-12-15 12:13:21,183] Trial 7 finished with value: 2.695343255996704 and parameters: {'gradient_clip_val': 0.34614491421100146, 'hidden_size': 6, 'dropout': 0.21122627642688085, 'hidden_continuous_size': 5, 'attention_head_size': 4, 'learning_rate': 0.052626457234438304}. Best is trial 3 with value: 0.7103739380836487.
LOCAL_RANK: 0 - CUDA_VISIBLE_DEVICES: [0]
[I 2023-12-15 12:13:55,930] Trial 8 finished with value: 2.1785805225372314 and parameters: {'gradient_clip_val': 0.10064216085917929, 'hidden_size': 5, 'dropout': 0.11222282940738211, 'hidden_continuous_size': 5, 'attention_head_size': 1, 'learning_rate': 0.07114500171349648}. Best is trial 3 with value: 0.7103739380836487.
LOCAL_RANK: 0 - CUDA_VISIBLE_DEVICES: [0]
[I 2023-12-15 12:14:42,510] Trial 9 finished with value: 4.1768107414245605 and parameters: {'gradient_clip_val': 0.6844579304296383, 'hidden_size': 6, 'dropout': 0.32353839861616124, 'hidden_continuous_size': 5, 'attention_head_size': 3, 'learning_rate': 0.004665540769788954}. Best is trial 3 with value: 0.7103739380836487.
LOCAL_RANK: 0 - CUDA_VISIBLE_DEVICES: [0]
[I 2023-12-15 12:15:28,716] Trial 10 finished with value: 1.6269093751907349 and parameters: {'gradient_clip_val': 0.9999767414331383, 'hidden_size': 13, 'dropout': 0.18590830009545403, 'hidden_continuous_size': 7, 'attention_head_size': 1, 'learning_rate': 0.016098491306453744}. Best is trial 3 with value: 0.7103739380836487.
LOCAL_RANK: 0 - CUDA_VISIBLE_DEVICES: [0]
[I 2023-12-15 12:16:13,893] Trial 11 finished with value: 4.027583599090576 and parameters: {'gradient_clip_val': 0.8863502796527659, 'hidden_size': 16, 'dropout': 0.19480062592671393, 'hidden_continuous_size': 7, 'attention_head_size': 1, 'learning_rate': 0.018819284182122344}. Best is trial 3 with value: 0.7103739380836487.
LOCAL_RANK: 0 - CUDA_VISIBLE_DEVICES: [0]
[I 2023-12-15 12:17:00,143] Trial 12 finished with value: 2.0214970111846924 and parameters: {'gradient_clip_val': 0.42093550311301897, 'hidden_size': 13, 'dropout': 0.17866209514749118, 'hidden_continuous_size': 7, 'attention_head_size': 1, 'learning_rate': 0.01598964080068686}. Best is trial 3 with value: 0.7103739380836487.
LOCAL_RANK: 0 - CUDA_VISIBLE_DEVICES: [0]
[I 2023-12-15 12:17:46,400] Trial 13 finished with value: 3.6745293140411377 and parameters: {'gradient_clip_val': 0.25975447037054167, 'hidden_size': 11, 'dropout': 0.23556775969923097, 'hidden_continuous_size': 6, 'attention_head_size': 2, 'learning_rate': 0.02362146616851666}. Best is trial 3 with value: 0.7103739380836487.
LOCAL_RANK: 0 - CUDA_VISIBLE_DEVICES: [0]
