[I 2023-12-27 11:25:53,243] Trial 2 finished with value: 3.5473992824554443 and parameters: {'gradient_clip_val': 0.13345746869321984, 'hidden_size': 13, 'dropout': 0.27761308685508335, 'hidden_continuous_size': 11, 'attention_head_size': 2, 'learning_rate': 0.00420054599725099}. Best is trial 1 with value: 0.5708478689193726.
[I 2023-12-27 11:25:53,643] Trial 3 finished with value: 3.093573570251465 and parameters: {'gradient_clip_val': 0.3740952977198532, 'hidden_size': 23, 'dropout': 0.32108433164326444, 'hidden_continuous_size': 14, 'attention_head_size': 3, 'learning_rate': 0.0017855811819484765}. Best is trial 1 with value: 0.5708478689193726.
[I 2023-12-27 11:25:54,006] Trial 4 finished with value: 3.8724544048309326 and parameters: {'gradient_clip_val': 0.1880542398307015, 'hidden_size': 12, 'dropout': 0.19423770796535855, 'hidden_continuous_size': 5, 'attention_head_size': 3, 'learning_rate': 0.008742493758931793}. Best is trial 1 with value: 0.5708478689193726.
[I 2023-12-27 11:25:54,369] Trial 5 finished with value: 3.840386390686035 and parameters: {'gradient_clip_val': 0.8867712359650296, 'hidden_size': 8, 'dropout': 0.27260548564278886, 'hidden_continuous_size': 5, 'attention_head_size': 2, 'learning_rate': 0.002061719923299656}. Best is trial 1 with value: 0.5708478689193726.
[I 2023-12-27 11:25:54,732] Trial 6 finished with value: 4.194944381713867 and parameters: {'gradient_clip_val': 0.16775254877123874, 'hidden_size': 19, 'dropout': 0.12692511509560292, 'hidden_continuous_size': 9, 'attention_head_size': 1, 'learning_rate': 0.0725895205297861}. Best is trial 1 with value: 0.5708478689193726.
[I 2023-12-27 11:25:55,229] Trial 7 finished with value: 3.616641044616699 and parameters: {'gradient_clip_val': 0.8195483472744923, 'hidden_size': 105, 'dropout': 0.15187058552724186, 'hidden_continuous_size': 13, 'attention_head_size': 2, 'learning_rate': 0.011480479464457918}. Best is trial 1 with value: 0.5708478689193726.
[I 2023-12-27 11:25:55,816] Trial 8 finished with value: 2.754399061203003 and parameters: {'gradient_clip_val': 0.12117303165441697, 'hidden_size': 12, 'dropout': 0.17692882972030374, 'hidden_continuous_size': 6, 'attention_head_size': 4, 'learning_rate': 0.002442261961623348}. Best is trial 1 with value: 0.5708478689193726.
[I 2023-12-27 11:25:56,371] Trial 9 finished with value: 5.333770275115967 and parameters: {'gradient_clip_val': 0.4297071603999363, 'hidden_size': 135, 'dropout': 0.33338510380921216, 'hidden_continuous_size': 6, 'attention_head_size': 4, 'learning_rate': 0.021883503235896298}. Best is trial 1 with value: 0.5708478689193726.
[I 2023-12-27 11:25:56,789] Trial 10 finished with value: 4.407271385192871 and parameters: {'gradient_clip_val': 0.6181504989334313, 'hidden_size': 48, 'dropout': 0.44365068826975984, 'hidden_continuous_size': 26, 'attention_head_size': 3, 'learning_rate': 0.08761737054505513}. Best is trial 1 with value: 0.5708478689193726.
[I 2023-12-27 11:25:57,205] Trial 11 finished with value: 3.039057970046997 and parameters: {'gradient_clip_val': 0.2705989354336705, 'hidden_size': 39, 'dropout': 0.2469031865099705, 'hidden_continuous_size': 21, 'attention_head_size': 4, 'learning_rate': 0.0014702908136063832}. Best is trial 1 with value: 0.5708478689193726.
[I 2023-12-27 11:25:57,618] Trial 12 finished with value: 2.6077780723571777 and parameters: {'gradient_clip_val': 0.5349164006162308, 'hidden_size': 37, 'dropout': 0.3751080205639997, 'hidden_continuous_size': 36, 'attention_head_size': 4, 'learning_rate': 0.000501912537046693}. Best is trial 1 with value: 0.5708478689193726.
[I 2023-12-27 11:25:57,982] Trial 13 finished with value: 3.1171324253082275 and parameters: {'gradient_clip_val': 0.9967682646607365, 'hidden_size': 6, 'dropout': 0.2139620045233782, 'hidden_continuous_size': 5, 'attention_head_size': 4, 'learning_rate': 0.022670697595165087}. Best is trial 1 with value: 0.5708478689193726.
[I 2023-12-27 11:25:58,428] Trial 14 finished with value: 3.99875545501709 and parameters: {'gradient_clip_val': 0.26549786405581766, 'hidden_size': 60, 'dropout': 0.1029587648514931, 'hidden_continuous_size': 9, 'attention_head_size': 3, 'learning_rate': 0.0005241412873055884}. Best is trial 1 with value: 0.5708478689193726.
[I 2023-12-27 11:25:58,840] Trial 15 finished with value: 2.4987878799438477 and parameters: {'gradient_clip_val': 0.6256833621014058, 'hidden_size': 31, 'dropout': 0.24401109353772274, 'hidden_continuous_size': 16, 'attention_head_size': 1, 'learning_rate': 0.005668469662146011}. Best is trial 1 with value: 0.5708478689193726.
[I 2023-12-27 11:25:59,240] Trial 16 finished with value: 4.923441410064697 and parameters: {'gradient_clip_val': 0.4550595601636324, 'hidden_size': 23, 'dropout': 0.38409723465108386, 'hidden_continuous_size': 8, 'attention_head_size': 4, 'learning_rate': 0.0009656445420599096}. Best is trial 1 with value: 0.5708478689193726.
[I 2023-12-27 11:25:59,724] Trial 17 finished with value: 3.776233434677124 and parameters: {'gradient_clip_val': 0.3158825892818885, 'hidden_size': 68, 'dropout': 0.209440600668149, 'hidden_continuous_size': 67, 'attention_head_size': 3, 'learning_rate': 0.00431948218432693}. Best is trial 1 with value: 0.5708478689193726.
[I 2023-12-27 11:26:00,105] Trial 18 finished with value: 4.232213497161865 and parameters: {'gradient_clip_val': 0.7050671892142982, 'hidden_size': 17, 'dropout': 0.48619420106108596, 'hidden_continuous_size': 8, 'attention_head_size': 4, 'learning_rate': 0.0008437832995668056}. Best is trial 1 with value: 0.5708478689193726.
[I 2023-12-27 11:26:00,488] Trial 19 finished with value: 1.9010848999023438 and parameters: {'gradient_clip_val': 0.7218508641147687, 'hidden_size': 27, 'dropout': 0.3037058368590082, 'hidden_continuous_size': 10, 'attention_head_size': 3, 'learning_rate': 0.003132214649469844}. Best is trial 1 with value: 0.5708478689193726.
[I 2023-12-27 11:26:00,895] Trial 20 finished with value: 5.323005199432373 and parameters: {'gradient_clip_val': 0.5120047706315268, 'hidden_size': 31, 'dropout': 0.16074598584358138, 'hidden_continuous_size': 11, 'attention_head_size': 4, 'learning_rate': 0.012002897002220925}. Best is trial 1 with value: 0.5708478689193726.
[I 2023-12-27 11:26:01,289] Trial 21 finished with value: 3.735853910446167 and parameters: {'gradient_clip_val': 0.7589810452359772, 'hidden_size': 27, 'dropout': 0.29966633513859176, 'hidden_continuous_size': 10, 'attention_head_size': 3, 'learning_rate': 0.0031424365943852287}. Best is trial 1 with value: 0.5708478689193726.
[I 2023-12-27 11:26:01,962] Trial 22 finished with value: 4.323007106781006 and parameters: {'gradient_clip_val': 0.9999964081731033, 'hidden_size': 43, 'dropout': 0.23473986942586583, 'hidden_continuous_size': 13, 'attention_head_size': 3, 'learning_rate': 0.001431238769346842}. Best is trial 1 with value: 0.5708478689193726.
[I 2023-12-27 11:26:02,340] Trial 23 finished with value: 3.7925140857696533 and parameters: {'gradient_clip_val': 0.6626006994227496, 'hidden_size': 18, 'dropout': 0.27283417821119565, 'hidden_continuous_size': 8, 'attention_head_size': 4, 'learning_rate': 0.0028953445703751228}. Best is trial 1 with value: 0.5708478689193726.
[I 2023-12-27 11:26:02,741] Trial 24 finished with value: 2.986083984375 and parameters: {'gradient_clip_val': 0.5588296275786666, 'hidden_size': 29, 'dropout': 0.329824811788511, 'hidden_continuous_size': 10, 'attention_head_size': 2, 'learning_rate': 0.0009182676364616731}. Best is trial 1 with value: 0.5708478689193726.
[I 2023-12-27 11:26:03,174] Trial 25 finished with value: 3.34944748878479 and parameters: {'gradient_clip_val': 0.852859971673915, 'hidden_size': 55, 'dropout': 0.35741894476017044, 'hidden_continuous_size': 18, 'attention_head_size': 3, 'learning_rate': 0.004926224321935267}. Best is trial 1 with value: 0.5708478689193726.
[I 2023-12-27 11:26:03,573] Trial 26 finished with value: 4.010807514190674 and parameters: {'gradient_clip_val': 0.7311951995536009, 'hidden_size': 36, 'dropout': 0.3016877076880173, 'hidden_continuous_size': 12, 'attention_head_size': 4, 'learning_rate': 0.007189277371897458}. Best is trial 1 with value: 0.5708478689193726.
[I 2023-12-27 11:26:03,970] Trial 27 finished with value: 3.4929921627044678 and parameters: {'gradient_clip_val': 0.4549845986628657, 'hidden_size': 26, 'dropout': 0.22376719118162533, 'hidden_continuous_size': 7, 'attention_head_size': 4, 'learning_rate': 0.002950919163191192}. Best is trial 1 with value: 0.5708478689193726.
[I 2023-12-27 11:26:04,372] Trial 28 finished with value: 3.154085874557495 and parameters: {'gradient_clip_val': 0.6067184136768036, 'hidden_size': 21, 'dropout': 0.18344221253572493, 'hidden_continuous_size': 9, 'attention_head_size': 3, 'learning_rate': 0.00109717108978033}. Best is trial 1 with value: 0.5708478689193726.
[I 2023-12-27 11:26:04,751] Trial 29 finished with value: 4.012960910797119 and parameters: {'gradient_clip_val': 0.8015630949172894, 'hidden_size': 14, 'dropout': 0.2618654055439235, 'hidden_continuous_size': 7, 'attention_head_size': 2, 'learning_rate': 0.0034410516898156335}. Best is trial 1 with value: 0.5708478689193726.
[I 2023-12-27 11:26:05,170] Trial 30 finished with value: 3.403468370437622 and parameters: {'gradient_clip_val': 0.1030003645353449, 'hidden_size': 15, 'dropout': 0.29903102424156425, 'hidden_continuous_size': 10, 'attention_head_size': 2, 'learning_rate': 0.0006296104727684199}. Best is trial 1 with value: 0.5708478689193726.
[I 2023-12-27 11:26:05,578] Trial 31 finished with value: 3.565610885620117 and parameters: {'gradient_clip_val': 0.6305021243827046, 'hidden_size': 31, 'dropout': 0.24751813805910924, 'hidden_continuous_size': 15, 'attention_head_size': 1, 'learning_rate': 0.006448918819109408}. Best is trial 1 with value: 0.5708478689193726.
[I 2023-12-27 11:26:05,976] Trial 32 finished with value: 4.050289630889893 and parameters: {'gradient_clip_val': 0.6972929732155774, 'hidden_size': 23, 'dropout': 0.24553682508413582, 'hidden_continuous_size': 11, 'attention_head_size': 1, 'learning_rate': 0.0018568542351534742}. Best is trial 1 with value: 0.5708478689193726.
[I 2023-12-27 11:26:06,378] Trial 33 finished with value: 3.677537202835083 and parameters: {'gradient_clip_val': 0.37113860599360965, 'hidden_size': 34, 'dropout': 0.28248558004309515, 'hidden_continuous_size': 15, 'attention_head_size': 1, 'learning_rate': 0.004973116165083869}. Best is trial 1 with value: 0.5708478689193726.
[I 2023-12-27 11:26:06,781] Trial 34 finished with value: 2.4663093090057373 and parameters: {'gradient_clip_val': 0.559643783516225, 'hidden_size': 26, 'dropout': 0.20558399088282298, 'hidden_continuous_size': 12, 'attention_head_size': 3, 'learning_rate': 0.0021549302783535934}. Best is trial 1 with value: 0.5708478689193726.
[I 2023-12-27 11:26:07,392] Trial 35 finished with value: 4.357207298278809 and parameters: {'gradient_clip_val': 0.8983655037151383, 'hidden_size': 21, 'dropout': 0.20696704086452086, 'hidden_continuous_size': 11, 'attention_head_size': 3, 'learning_rate': 0.001446821896700859}. Best is trial 1 with value: 0.5708478689193726.
[I 2023-12-27 11:26:07,769] Trial 36 finished with value: 3.1919257640838623 and parameters: {'gradient_clip_val': 0.49907826316137255, 'hidden_size': 10, 'dropout': 0.18644934045932382, 'hidden_continuous_size': 8, 'attention_head_size': 3, 'learning_rate': 0.0022046090182376173}. Best is trial 1 with value: 0.5708478689193726.
[I 2023-12-27 11:26:08,155] Trial 37 finished with value: 3.396381378173828 and parameters: {'gradient_clip_val': 0.5645403459816639, 'hidden_size': 17, 'dropout': 0.14919960653190584, 'hidden_continuous_size': 10, 'attention_head_size': 3, 'learning_rate': 0.0007079495217162645}. Best is trial 1 with value: 0.5708478689193726.
[I 2023-12-27 11:26:08,555] Trial 38 finished with value: 3.7131786346435547 and parameters: {'gradient_clip_val': 0.7464002690603618, 'hidden_size': 24, 'dropout': 0.199537099271655, 'hidden_continuous_size': 12, 'attention_head_size': 4, 'learning_rate': 0.0038084616283928356}. Best is trial 1 with value: 0.5708478689193726.
[I 2023-12-27 11:26:08,979] Trial 39 finished with value: 2.9380176067352295 and parameters: {'gradient_clip_val': 0.8799196521735727, 'hidden_size': 47, 'dropout': 0.2661100212729903, 'hidden_continuous_size': 12, 'attention_head_size': 3, 'learning_rate': 0.001223329442734895}. Best is trial 1 with value: 0.5708478689193726.
[I 2023-12-27 11:26:09,378] Trial 40 finished with value: 4.389559745788574 and parameters: {'gradient_clip_val': 0.40681415650001057, 'hidden_size': 20, 'dropout': 0.23232382092528966, 'hidden_continuous_size': 9, 'attention_head_size': 2, 'learning_rate': 0.0007712143209537943}. Best is trial 1 with value: 0.5708478689193726.
[I 2023-12-27 11:26:09,766] Trial 41 finished with value: 2.8968143463134766 and parameters: {'gradient_clip_val': 0.6383103823265442, 'hidden_size': 26, 'dropout': 0.2173324093710077, 'hidden_continuous_size': 14, 'attention_head_size': 1, 'learning_rate': 0.002092482432505012}. Best is trial 1 with value: 0.5708478689193726.
[I 2023-12-27 11:26:10,172] Trial 42 finished with value: 2.53326153755188 and parameters: {'gradient_clip_val': 0.5762112160974848, 'hidden_size': 30, 'dropout': 0.2885992247374518, 'hidden_continuous_size': 13, 'attention_head_size': 2, 'learning_rate': 0.0025976724391244}. Best is trial 1 with value: 0.5708478689193726.
[I 2023-12-27 11:26:10,578] Trial 43 finished with value: 3.44987416267395 and parameters: {'gradient_clip_val': 0.6818235493942258, 'hidden_size': 39, 'dropout': 0.3168565746427062, 'hidden_continuous_size': 16, 'attention_head_size': 4, 'learning_rate': 0.0019858141094527674}. Best is trial 1 with value: 0.5708478689193726.
[I 2023-12-27 11:26:10,975] Trial 44 finished with value: 4.29714298248291 and parameters: {'gradient_clip_val': 0.7876312266087094, 'hidden_size': 27, 'dropout': 0.25814055930937174, 'hidden_continuous_size': 12, 'attention_head_size': 3, 'learning_rate': 0.0015389480185103426}. Best is trial 1 with value: 0.5708478689193726.
[I 2023-12-27 11:26:11,368] Trial 45 finished with value: 3.166455030441284 and parameters: {'gradient_clip_val': 0.4814292657527751, 'hidden_size': 33, 'dropout': 0.23321660030456262, 'hidden_continuous_size': 14, 'attention_head_size': 4, 'learning_rate': 0.003904229336955575}. Best is trial 1 with value: 0.5708478689193726.
[I 2023-12-27 11:26:11,749] Trial 46 finished with value: 2.8793437480926514 and parameters: {'gradient_clip_val': 0.5324902124149452, 'hidden_size': 20, 'dropout': 0.19537239177651647, 'hidden_continuous_size': 11, 'attention_head_size': 3, 'learning_rate': 0.002642424212236193}. Best is trial 1 with value: 0.5708478689193726.
[I 2023-12-27 11:26:12,149] Trial 47 finished with value: 3.672186851501465 and parameters: {'gradient_clip_val': 0.586812751784014, 'hidden_size': 37, 'dropout': 0.17487386627010776, 'hidden_continuous_size': 16, 'attention_head_size': 2, 'learning_rate': 0.0011160436760132971}. Best is trial 1 with value: 0.5708478689193726.
[I 2023-12-27 11:26:12,810] Trial 48 finished with value: 3.6642444133758545 and parameters: {'gradient_clip_val': 0.8989644698573096, 'hidden_size': 44, 'dropout': 0.25306721462144655, 'hidden_continuous_size': 19, 'attention_head_size': 4, 'learning_rate': 0.009231414358213133}. Best is trial 1 with value: 0.5708478689193726.
[I 2023-12-27 11:26:13,199] Trial 49 finished with value: 3.1987240314483643 and parameters: {'gradient_clip_val': 0.6673825067045035, 'hidden_size': 25, 'dropout': 0.27644796082764456, 'hidden_continuous_size': 13, 'attention_head_size': 1, 'learning_rate': 0.001712045251762189}. Best is trial 1 with value: 0.5708478689193726.
[I 2023-12-27 11:26:13,317] A new study created in memory with name: no-name-22607a3a-3320-4c48-849b-42801bae0287
/home/le004/conda/anaconda3/envs/tsff_env/lib/python3.9/site-packages/lightning/fabric/plugins/environments/slurm.py:191: The `srun` command is available on your system but is not used. HINT: If your intention is to run Lightning on SLURM, prepend your python command with `srun` like so: srun python /home/le004/master_thesis/git/TSFusionForecast/code/ ...
[I 2023-12-27 11:26:44,911] Trial 0 finished with value: 0.28293147683143616 and parameters: {'gradient_clip_val': 0.11104570644560169, 'hidden_size': 11, 'dropout': 0.17210214493276216, 'hidden_continuous_size': 6, 'attention_head_size': 4, 'learning_rate': 0.009808580113757221}. Best is trial 0 with value: 0.28293147683143616.
[I 2023-12-27 11:26:57,119] Trial 1 finished with value: 0.4015224874019623 and parameters: {'gradient_clip_val': 0.7362816935574334, 'hidden_size': 45, 'dropout': 0.3844721851614271, 'hidden_continuous_size': 5, 'attention_head_size': 3, 'learning_rate': 0.009406672335237412}. Best is trial 0 with value: 0.28293147683143616.
[I 2023-12-27 11:26:57,578] Trial 2 finished with value: 3.075852632522583 and parameters: {'gradient_clip_val': 0.9415307757931504, 'hidden_size': 78, 'dropout': 0.24657820458698196, 'hidden_continuous_size': 62, 'attention_head_size': 3, 'learning_rate': 0.0035036407872248757}. Best is trial 0 with value: 0.28293147683143616.
[I 2023-12-27 11:26:58,141] Trial 3 finished with value: 3.137988328933716 and parameters: {'gradient_clip_val': 0.40257755245881094, 'hidden_size': 144, 'dropout': 0.4728916811798627, 'hidden_continuous_size': 73, 'attention_head_size': 3, 'learning_rate': 0.010608285797479482}. Best is trial 0 with value: 0.28293147683143616.
[I 2023-12-27 11:26:58,465] Trial 4 finished with value: 3.198512077331543 and parameters: {'gradient_clip_val': 0.7872057141551332, 'hidden_size': 5, 'dropout': 0.21719409609573337, 'hidden_continuous_size': 5, 'attention_head_size': 4, 'learning_rate': 0.001373119318406463}. Best is trial 0 with value: 0.28293147683143616.
[I 2023-12-27 11:26:58,828] Trial 5 finished with value: 3.727855920791626 and parameters: {'gradient_clip_val': 0.6291544127142936, 'hidden_size': 12, 'dropout': 0.2657006140241195, 'hidden_continuous_size': 6, 'attention_head_size': 4, 'learning_rate': 0.032023328690260616}. Best is trial 0 with value: 0.28293147683143616.
[I 2023-12-27 11:26:59,144] Trial 6 finished with value: 3.8689091205596924 and parameters: {'gradient_clip_val': 0.42489825952289906, 'hidden_size': 6, 'dropout': 0.2797200780799488, 'hidden_continuous_size': 6, 'attention_head_size': 4, 'learning_rate': 0.0005218368902068062}. Best is trial 0 with value: 0.28293147683143616.
[I 2023-12-27 11:26:59,508] Trial 7 finished with value: 3.235915422439575 and parameters: {'gradient_clip_val': 0.760091408066166, 'hidden_size': 22, 'dropout': 0.40531753126174697, 'hidden_continuous_size': 15, 'attention_head_size': 4, 'learning_rate': 0.003755342294802381}. Best is trial 0 with value: 0.28293147683143616.
[I 2023-12-27 11:27:00,079] Trial 8 finished with value: 3.3713972568511963 and parameters: {'gradient_clip_val': 0.8822485091363292, 'hidden_size': 18, 'dropout': 0.4690777182947631, 'hidden_continuous_size': 6, 'attention_head_size': 2, 'learning_rate': 0.002089339339363867}. Best is trial 0 with value: 0.28293147683143616.
[I 2023-12-27 11:27:00,498] Trial 9 finished with value: 2.5330936908721924 and parameters: {'gradient_clip_val': 0.17153963331912342, 'hidden_size': 57, 'dropout': 0.1841499253285439, 'hidden_continuous_size': 42, 'attention_head_size': 4, 'learning_rate': 0.07419206606977964}. Best is trial 0 with value: 0.28293147683143616.
[I 2023-12-27 11:27:00,862] Trial 10 finished with value: 3.3943469524383545 and parameters: {'gradient_clip_val': 0.11016970866585543, 'hidden_size': 11, 'dropout': 0.1193960845541692, 'hidden_continuous_size': 7, 'attention_head_size': 1, 'learning_rate': 0.0187656728821644}. Best is trial 0 with value: 0.28293147683143616.
[I 2023-12-27 11:27:01,265] Trial 11 finished with value: 3.628041982650757 and parameters: {'gradient_clip_val': 0.2576376727945358, 'hidden_size': 39, 'dropout': 0.3664327568981732, 'hidden_continuous_size': 9, 'attention_head_size': 3, 'learning_rate': 0.008355741055887012}. Best is trial 0 with value: 0.28293147683143616.
[I 2023-12-27 11:27:01,671] Trial 12 finished with value: 2.0587852001190186 and parameters: {'gradient_clip_val': 0.22321924334438165, 'hidden_size': 34, 'dropout': 0.3364519057883196, 'hidden_continuous_size': 5, 'attention_head_size': 2, 'learning_rate': 0.012749250033797977}. Best is trial 0 with value: 0.28293147683143616.
[I 2023-12-27 11:27:02,042] Trial 13 finished with value: 2.94223690032959 and parameters: {'gradient_clip_val': 0.11866101249488371, 'hidden_size': 15, 'dropout': 0.11830811284383827, 'hidden_continuous_size': 5, 'attention_head_size': 3, 'learning_rate': 0.00593182338070256}. Best is trial 0 with value: 0.28293147683143616.
[I 2023-12-27 11:27:02,416] Trial 14 finished with value: 3.91174578666687 and parameters: {'gradient_clip_val': 0.5063212788915454, 'hidden_size': 27, 'dropout': 0.31657147599034174, 'hidden_continuous_size': 8, 'attention_head_size': 2, 'learning_rate': 0.0246955909004069}. Best is trial 0 with value: 0.28293147683143616.
[I 2023-12-27 11:27:02,786] Trial 15 finished with value: 2.942234992980957 and parameters: {'gradient_clip_val': 0.30432860401178985, 'hidden_size': 9, 'dropout': 0.18299260466624778, 'hidden_continuous_size': 5, 'attention_head_size': 3, 'learning_rate': 0.006283784996005492}. Best is trial 0 with value: 0.28293147683143616.
[I 2023-12-27 11:27:03,165] Trial 16 finished with value: 4.221184730529785 and parameters: {'gradient_clip_val': 0.16296873872943565, 'hidden_size': 20, 'dropout': 0.3942803753494428, 'hidden_continuous_size': 7, 'attention_head_size': 1, 'learning_rate': 0.015969108395837494}. Best is trial 0 with value: 0.28293147683143616.
