[I 2023-12-26 11:38:02,976] Trial 14 finished with value: 27.34300994873047 and parameters: {'gradient_clip_val': 0.4219050983207299, 'hidden_size': 65, 'dropout': 0.42406039146501984, 'hidden_continuous_size': 10, 'attention_head_size': 1, 'learning_rate': 0.032022114175743695}. Best is trial 0 with value: 9.698600769042969.
[I 2023-12-26 11:38:05,726] Trial 15 finished with value: 33.4247932434082 and parameters: {'gradient_clip_val': 0.21111838844856134, 'hidden_size': 22, 'dropout': 0.4776656523331412, 'hidden_continuous_size': 8, 'attention_head_size': 2, 'learning_rate': 0.06581834374272522}. Best is trial 0 with value: 9.698600769042969.
[I 2023-12-26 11:38:09,571] Trial 16 finished with value: 37.166290283203125 and parameters: {'gradient_clip_val': 0.384321518239091, 'hidden_size': 36, 'dropout': 0.39181253675901684, 'hidden_continuous_size': 7, 'attention_head_size': 1, 'learning_rate': 0.016563551283191657}. Best is trial 0 with value: 9.698600769042969.
[I 2023-12-26 11:38:11,750] Trial 17 finished with value: 51.62481689453125 and parameters: {'gradient_clip_val': 0.2117923214911448, 'hidden_size': 8, 'dropout': 0.19385826642072954, 'hidden_continuous_size': 5, 'attention_head_size': 2, 'learning_rate': 0.09809349885485472}. Best is trial 0 with value: 9.698600769042969.
[I 2023-12-26 11:38:13,847] Trial 18 finished with value: 39.879329681396484 and parameters: {'gradient_clip_val': 0.3379685405316627, 'hidden_size': 5, 'dropout': 0.16200598644823092, 'hidden_continuous_size': 5, 'attention_head_size': 1, 'learning_rate': 0.051176846608023796}. Best is trial 0 with value: 9.698600769042969.
[I 2023-12-26 11:38:16,394] Trial 19 finished with value: 36.95881271362305 and parameters: {'gradient_clip_val': 0.2578355094897932, 'hidden_size': 19, 'dropout': 0.16659699894916427, 'hidden_continuous_size': 6, 'attention_head_size': 2, 'learning_rate': 0.04872209486915577}. Best is trial 0 with value: 9.698600769042969.
[I 2023-12-26 11:38:20,333] Trial 20 finished with value: 29.489959716796875 and parameters: {'gradient_clip_val': 0.18424293099047792, 'hidden_size': 43, 'dropout': 0.44370674083960343, 'hidden_continuous_size': 16, 'attention_head_size': 1, 'learning_rate': 0.09715088533288176}. Best is trial 0 with value: 9.698600769042969.
[I 2023-12-26 11:38:27,409] Trial 21 finished with value: 45.292903900146484 and parameters: {'gradient_clip_val': 0.4224733335861847, 'hidden_size': 88, 'dropout': 0.42453691308688984, 'hidden_continuous_size': 10, 'attention_head_size': 1, 'learning_rate': 0.03534736851231268}. Best is trial 0 with value: 9.698600769042969.
[I 2023-12-26 11:38:32,090] Trial 22 finished with value: 38.473472595214844 and parameters: {'gradient_clip_val': 0.347362632707027, 'hidden_size': 53, 'dropout': 0.4903120890998486, 'hidden_continuous_size': 10, 'attention_head_size': 1, 'learning_rate': 0.030704748826635948}. Best is trial 0 with value: 9.698600769042969.
[I 2023-12-26 11:38:39,582] Trial 23 finished with value: 23.771760940551758 and parameters: {'gradient_clip_val': 0.45974937098578955, 'hidden_size': 90, 'dropout': 0.10004419721405715, 'hidden_continuous_size': 29, 'attention_head_size': 2, 'learning_rate': 0.018062437143476093}. Best is trial 0 with value: 9.698600769042969.
[I 2023-12-26 11:38:51,513] Trial 24 finished with value: 36.55250930786133 and parameters: {'gradient_clip_val': 0.5028487112974707, 'hidden_size': 150, 'dropout': 0.10977064585793982, 'hidden_continuous_size': 39, 'attention_head_size': 2, 'learning_rate': 0.01672548130698686}. Best is trial 0 with value: 9.698600769042969.
[I 2023-12-26 11:38:59,809] Trial 25 finished with value: 35.19968795776367 and parameters: {'gradient_clip_val': 0.30283053237006813, 'hidden_size': 99, 'dropout': 0.11178519114700962, 'hidden_continuous_size': 29, 'attention_head_size': 2, 'learning_rate': 0.046234010100909426}. Best is trial 0 with value: 9.698600769042969.
[I 2023-12-26 11:39:08,704] Trial 26 finished with value: 33.60246276855469 and parameters: {'gradient_clip_val': 0.34174953234551364, 'hidden_size': 106, 'dropout': 0.1937832130068195, 'hidden_continuous_size': 17, 'attention_head_size': 3, 'learning_rate': 0.01923839855559445}. Best is trial 0 with value: 9.698600769042969.
[I 2023-12-26 11:39:16,103] Trial 27 finished with value: 30.150192260742188 and parameters: {'gradient_clip_val': 0.23234415472243103, 'hidden_size': 85, 'dropout': 0.10056088206316632, 'hidden_continuous_size': 13, 'attention_head_size': 2, 'learning_rate': 0.05378809253952761}. Best is trial 0 with value: 9.698600769042969.
[I 2023-12-26 11:39:20,765] Trial 28 finished with value: 38.46390914916992 and parameters: {'gradient_clip_val': 0.26961361162473657, 'hidden_size': 52, 'dropout': 0.1289816467523224, 'hidden_continuous_size': 15, 'attention_head_size': 2, 'learning_rate': 0.02330908076078982}. Best is trial 0 with value: 9.698600769042969.
[I 2023-12-26 11:39:32,343] Trial 29 finished with value: 35.08784484863281 and parameters: {'gradient_clip_val': 0.2895867592844816, 'hidden_size': 125, 'dropout': 0.23363667934850507, 'hidden_continuous_size': 96, 'attention_head_size': 3, 'learning_rate': 0.012446937536131804}. Best is trial 0 with value: 9.698600769042969.
[I 2023-12-26 11:39:35,657] Trial 30 finished with value: 48.11680603027344 and parameters: {'gradient_clip_val': 0.49950316668123584, 'hidden_size': 30, 'dropout': 0.15510713993271064, 'hidden_continuous_size': 15, 'attention_head_size': 4, 'learning_rate': 0.039952075885016786}. Best is trial 0 with value: 9.698600769042969.
[I 2023-12-26 11:39:42,468] Trial 31 finished with value: 29.11287498474121 and parameters: {'gradient_clip_val': 0.4261687760943492, 'hidden_size': 78, 'dropout': 0.41489143983816246, 'hidden_continuous_size': 34, 'attention_head_size': 1, 'learning_rate': 0.02868014698766801}. Best is trial 0 with value: 9.698600769042969.
[I 2023-12-26 11:39:47,851] Trial 32 finished with value: 24.663850784301758 and parameters: {'gradient_clip_val': 0.41782792470666735, 'hidden_size': 62, 'dropout': 0.4540427832512051, 'hidden_continuous_size': 21, 'attention_head_size': 1, 'learning_rate': 0.06115592328946852}. Best is trial 0 with value: 9.698600769042969.
[I 2023-12-26 11:39:55,539] Trial 33 finished with value: 33.400909423828125 and parameters: {'gradient_clip_val': 0.356153563420277, 'hidden_size': 92, 'dropout': 0.4897824287870778, 'hidden_continuous_size': 21, 'attention_head_size': 1, 'learning_rate': 0.06812421090537601}. Best is trial 0 with value: 9.698600769042969.
[I 2023-12-26 11:40:05,641] Trial 34 finished with value: 31.49101448059082 and parameters: {'gradient_clip_val': 0.313591085882211, 'hidden_size': 119, 'dropout': 0.13707618334513044, 'hidden_continuous_size': 43, 'attention_head_size': 2, 'learning_rate': 0.05070598569029902}. Best is trial 0 with value: 9.698600769042969.
[I 2023-12-26 11:40:10,586] Trial 35 finished with value: 29.82439613342285 and parameters: {'gradient_clip_val': 0.1480067110220125, 'hidden_size': 54, 'dropout': 0.4551070320902138, 'hidden_continuous_size': 21, 'attention_head_size': 1, 'learning_rate': 0.09668488266552495}. Best is trial 0 with value: 9.698600769042969.
[I 2023-12-26 11:40:16,537] Trial 36 finished with value: 33.27505111694336 and parameters: {'gradient_clip_val': 0.1728877499023206, 'hidden_size': 72, 'dropout': 0.3637611935804464, 'hidden_continuous_size': 27, 'attention_head_size': 3, 'learning_rate': 0.06261382882855952}. Best is trial 0 with value: 9.698600769042969.
[I 2023-12-26 11:40:25,585] Trial 37 finished with value: 28.939062118530273 and parameters: {'gradient_clip_val': 0.5985357930217488, 'hidden_size': 103, 'dropout': 0.2519880785743462, 'hidden_continuous_size': 69, 'attention_head_size': 1, 'learning_rate': 0.03836238250653647}. Best is trial 0 with value: 9.698600769042969.
[I 2023-12-26 11:40:31,179] Trial 38 finished with value: 30.074357986450195 and parameters: {'gradient_clip_val': 0.25999706533928896, 'hidden_size': 62, 'dropout': 0.187696187204887, 'hidden_continuous_size': 19, 'attention_head_size': 2, 'learning_rate': 0.025019378588930066}. Best is trial 0 with value: 9.698600769042969.
[I 2023-12-26 11:40:33,943] Trial 39 finished with value: 35.0015754699707 and parameters: {'gradient_clip_val': 0.9522752979304783, 'hidden_size': 13, 'dropout': 0.32632305984204085, 'hidden_continuous_size': 11, 'attention_head_size': 1, 'learning_rate': 0.039837834511160415}. Best is trial 0 with value: 9.698600769042969.
[I 2023-12-26 11:40:41,146] Trial 40 finished with value: 46.81209945678711 and parameters: {'gradient_clip_val': 0.36864648652061394, 'hidden_size': 81, 'dropout': 0.209676981734228, 'hidden_continuous_size': 31, 'attention_head_size': 3, 'learning_rate': 0.07882497522309373}. Best is trial 0 with value: 9.698600769042969.
[I 2023-12-26 11:40:46,503] Trial 41 finished with value: 34.12441635131836 and parameters: {'gradient_clip_val': 0.43049839328714345, 'hidden_size': 60, 'dropout': 0.44130138556735427, 'hidden_continuous_size': 25, 'attention_head_size': 1, 'learning_rate': 0.05835454769165419}. Best is trial 0 with value: 9.698600769042969.
[I 2023-12-26 11:40:52,240] Trial 42 finished with value: 32.63906478881836 and parameters: {'gradient_clip_val': 0.31757805773159187, 'hidden_size': 67, 'dropout': 0.4991815922684942, 'hidden_continuous_size': 12, 'attention_head_size': 1, 'learning_rate': 0.030138222193265802}. Best is trial 0 with value: 9.698600769042969.
[I 2023-12-26 11:40:56,089] Trial 43 finished with value: 29.475683212280273 and parameters: {'gradient_clip_val': 0.3864281497730991, 'hidden_size': 41, 'dropout': 0.46643812360256226, 'hidden_continuous_size': 14, 'attention_head_size': 1, 'learning_rate': 0.041338242265971874}. Best is trial 0 with value: 9.698600769042969.
[I 2023-12-26 11:41:02,845] Trial 44 finished with value: 41.82661056518555 and parameters: {'gradient_clip_val': 0.4675480792943929, 'hidden_size': 80, 'dropout': 0.2638647507644732, 'hidden_continuous_size': 17, 'attention_head_size': 2, 'learning_rate': 0.004723318861139334}. Best is trial 0 with value: 9.698600769042969.
[I 2023-12-26 11:41:13,614] Trial 45 finished with value: 35.9591178894043 and parameters: {'gradient_clip_val': 0.5497403211970987, 'hidden_size': 135, 'dropout': 0.47090424014610477, 'hidden_continuous_size': 8, 'attention_head_size': 1, 'learning_rate': 0.012997413555523741}. Best is trial 0 with value: 9.698600769042969.
[I 2023-12-26 11:41:23,403] Trial 46 finished with value: 30.366804122924805 and parameters: {'gradient_clip_val': 0.3929986571145441, 'hidden_size': 116, 'dropout': 0.2846522956817058, 'hidden_continuous_size': 52, 'attention_head_size': 2, 'learning_rate': 0.07325488887902663}. Best is trial 0 with value: 9.698600769042969.
[I 2023-12-26 11:41:31,138] Trial 47 finished with value: 37.5897102355957 and parameters: {'gradient_clip_val': 0.657444239421807, 'hidden_size': 91, 'dropout': 0.41925822631766785, 'hidden_continuous_size': 25, 'attention_head_size': 4, 'learning_rate': 0.03068822089785358}. Best is trial 0 with value: 9.698600769042969.
[I 2023-12-26 11:41:42,429] Trial 48 finished with value: 31.32785987854004 and parameters: {'gradient_clip_val': 0.327307175244502, 'hidden_size': 137, 'dropout': 0.13913173170650522, 'hidden_continuous_size': 11, 'attention_head_size': 1, 'learning_rate': 0.058699540760512925}. Best is trial 0 with value: 9.698600769042969.
[I 2023-12-26 11:41:46,924] Trial 49 finished with value: 33.08799362182617 and parameters: {'gradient_clip_val': 0.28548238418715804, 'hidden_size': 46, 'dropout': 0.3947116321748028, 'hidden_continuous_size': 22, 'attention_head_size': 2, 'learning_rate': 0.04431130007690671}. Best is trial 0 with value: 9.698600769042969.
[I 2023-12-26 11:41:47,050] A new study created in memory with name: no-name-2c5555c3-1753-40c4-97ec-65fe9b915414
/home/le004/conda/anaconda3/envs/tsff_env/lib/python3.9/site-packages/lightning/fabric/plugins/environments/slurm.py:191: The `srun` command is available on your system but is not used. HINT: If your intention is to run Lightning on SLURM, prepend your python command with `srun` like so: srun python /home/le004/master_thesis/git/TSFusionForecast/code/ ...
[I 2023-12-26 11:44:33,294] Trial 0 finished with value: 1001.9214477539062 and parameters: {'gradient_clip_val': 0.46261869315457144, 'hidden_size': 15, 'dropout': 0.147070627264208, 'hidden_continuous_size': 9, 'attention_head_size': 4, 'learning_rate': 0.05448571822834152}. Best is trial 0 with value: 1001.9214477539062.
[I 2023-12-26 11:44:35,852] Trial 1 finished with value: 4837.24072265625 and parameters: {'gradient_clip_val': 0.5293699072708746, 'hidden_size': 15, 'dropout': 0.10542935633542548, 'hidden_continuous_size': 13, 'attention_head_size': 1, 'learning_rate': 0.00393673631286387}. Best is trial 0 with value: 1001.9214477539062.
[I 2023-12-26 11:44:44,822] Trial 2 finished with value: 5709.12255859375 and parameters: {'gradient_clip_val': 0.37106745184360695, 'hidden_size': 109, 'dropout': 0.24557957739335148, 'hidden_continuous_size': 8, 'attention_head_size': 3, 'learning_rate': 0.021713769634803187}. Best is trial 0 with value: 1001.9214477539062.
[I 2023-12-26 11:44:49,001] Trial 3 finished with value: 5240.9140625 and parameters: {'gradient_clip_val': 0.36962737399718104, 'hidden_size': 47, 'dropout': 0.4985594567978312, 'hidden_continuous_size': 18, 'attention_head_size': 1, 'learning_rate': 0.0046337099865222395}. Best is trial 0 with value: 1001.9214477539062.
[I 2023-12-26 11:44:51,588] Trial 4 finished with value: 5369.36962890625 and parameters: {'gradient_clip_val': 0.46204623910233267, 'hidden_size': 18, 'dropout': 0.29617872631461717, 'hidden_continuous_size': 10, 'attention_head_size': 2, 'learning_rate': 0.0011693590833211508}. Best is trial 0 with value: 1001.9214477539062.
[I 2023-12-26 11:45:02,674] Trial 5 finished with value: 6279.90771484375 and parameters: {'gradient_clip_val': 0.3475812999885377, 'hidden_size': 137, 'dropout': 0.3413973233327482, 'hidden_continuous_size': 12, 'attention_head_size': 4, 'learning_rate': 0.001432078086364512}. Best is trial 0 with value: 1001.9214477539062.
[I 2023-12-26 11:45:05,266] Trial 6 finished with value: 4228.93310546875 and parameters: {'gradient_clip_val': 0.6655591420522401, 'hidden_size': 19, 'dropout': 0.36289640291310776, 'hidden_continuous_size': 7, 'attention_head_size': 3, 'learning_rate': 0.008541019031951199}. Best is trial 0 with value: 1001.9214477539062.
[I 2023-12-26 11:45:09,079] Trial 7 finished with value: 4306.51220703125 and parameters: {'gradient_clip_val': 0.12221056242760578, 'hidden_size': 35, 'dropout': 0.33092907223425694, 'hidden_continuous_size': 18, 'attention_head_size': 3, 'learning_rate': 0.0017118406962233768}. Best is trial 0 with value: 1001.9214477539062.
[I 2023-12-26 11:45:11,110] Trial 8 finished with value: 4957.98388671875 and parameters: {'gradient_clip_val': 0.15844938132922992, 'hidden_size': 5, 'dropout': 0.425672403152461, 'hidden_continuous_size': 5, 'attention_head_size': 2, 'learning_rate': 0.002804580271228199}. Best is trial 0 with value: 1001.9214477539062.
[I 2023-12-26 11:45:13,358] Trial 9 finished with value: 4819.68701171875 and parameters: {'gradient_clip_val': 0.2908356930185675, 'hidden_size': 7, 'dropout': 0.32765190926055754, 'hidden_continuous_size': 5, 'attention_head_size': 4, 'learning_rate': 0.0010646244376029013}. Best is trial 0 with value: 1001.9214477539062.
[I 2023-12-26 11:45:15,857] Trial 10 finished with value: 7029.4296875 and parameters: {'gradient_clip_val': 0.9862541295473711, 'hidden_size': 9, 'dropout': 0.1048089007285882, 'hidden_continuous_size': 6, 'attention_head_size': 4, 'learning_rate': 0.09787646199169073}. Best is trial 0 with value: 1001.9214477539062.
[I 2023-12-26 11:45:18,278] Trial 11 finished with value: 5293.77880859375 and parameters: {'gradient_clip_val': 0.7393502639646337, 'hidden_size': 16, 'dropout': 0.19526758764189056, 'hidden_continuous_size': 7, 'attention_head_size': 3, 'learning_rate': 0.01294730805989479}. Best is trial 0 with value: 1001.9214477539062.
[I 2023-12-26 11:45:21,383] Trial 12 finished with value: 6683.96533203125 and parameters: {'gradient_clip_val': 0.6452759003322522, 'hidden_size': 26, 'dropout': 0.19267759506821203, 'hidden_continuous_size': 9, 'attention_head_size': 4, 'learning_rate': 0.03706969599113255}. Best is trial 0 with value: 1001.9214477539062.
[I 2023-12-26 11:45:23,985] Trial 13 finished with value: 5605.654296875 and parameters: {'gradient_clip_val': 0.9604766676738871, 'hidden_size': 15, 'dropout': 0.4052324692120337, 'hidden_continuous_size': 7, 'attention_head_size': 3, 'learning_rate': 0.007954224875099843}. Best is trial 0 with value: 1001.9214477539062.
[I 2023-12-26 11:45:26,397] Trial 14 finished with value: 6352.29248046875 and parameters: {'gradient_clip_val': 0.6146183246314284, 'hidden_size': 10, 'dropout': 0.25859209504875147, 'hidden_continuous_size': 6, 'attention_head_size': 2, 'learning_rate': 0.04335200172742035}. Best is trial 0 with value: 1001.9214477539062.
[I 2023-12-26 11:45:29,515] Trial 15 finished with value: 6247.73291015625 and parameters: {'gradient_clip_val': 0.46833328099383975, 'hidden_size': 26, 'dropout': 0.17920656528509044, 'hidden_continuous_size': 10, 'attention_head_size': 4, 'learning_rate': 0.009985530668196617}. Best is trial 0 with value: 1001.9214477539062.
[I 2023-12-26 11:45:33,736] Trial 16 finished with value: 6335.041015625 and parameters: {'gradient_clip_val': 0.8014285138440919, 'hidden_size': 47, 'dropout': 0.3796242301098096, 'hidden_continuous_size': 32, 'attention_head_size': 3, 'learning_rate': 0.0007006609355257844}. Best is trial 0 with value: 1001.9214477539062.
[I 2023-12-26 11:45:36,236] Trial 17 finished with value: 5063.54833984375 and parameters: {'gradient_clip_val': 0.2518771523389987, 'hidden_size': 10, 'dropout': 0.2830168633702956, 'hidden_continuous_size': 6, 'attention_head_size': 4, 'learning_rate': 0.018575999018594053}. Best is trial 0 with value: 1001.9214477539062.
[I 2023-12-26 11:45:38,788] Trial 18 finished with value: 6518.04296875 and parameters: {'gradient_clip_val': 0.565507169296245, 'hidden_size': 5, 'dropout': 0.2341756426627009, 'hidden_continuous_size': 5, 'attention_head_size': 3, 'learning_rate': 0.007263647819979762}. Best is trial 0 with value: 1001.9214477539062.
[I 2023-12-26 11:45:41,312] Trial 19 finished with value: 5676.55224609375 and parameters: {'gradient_clip_val': 0.7142654634160426, 'hidden_size': 18, 'dropout': 0.1553485439451353, 'hidden_continuous_size': 8, 'attention_head_size': 2, 'learning_rate': 0.09168931090209287}. Best is trial 0 with value: 1001.9214477539062.
[I 2023-12-26 11:45:44,221] Trial 20 finished with value: 5007.19677734375 and parameters: {'gradient_clip_val': 0.4534668494704911, 'hidden_size': 23, 'dropout': 0.2269839235191055, 'hidden_continuous_size': 7, 'attention_head_size': 4, 'learning_rate': 0.01617193645589703}. Best is trial 0 with value: 1001.9214477539062.
[I 2023-12-26 11:45:47,595] Trial 21 finished with value: 5746.71484375 and parameters: {'gradient_clip_val': 0.11008533037764544, 'hidden_size': 34, 'dropout': 0.3477159345255262, 'hidden_continuous_size': 17, 'attention_head_size': 3, 'learning_rate': 0.0023854499275218106}. Best is trial 0 with value: 1001.9214477539062.
[I 2023-12-26 11:45:51,296] Trial 22 finished with value: 6613.130859375 and parameters: {'gradient_clip_val': 0.22404884850531204, 'hidden_size': 38, 'dropout': 0.3104479594600527, 'hidden_continuous_size': 16, 'attention_head_size': 3, 'learning_rate': 0.005379224484727938}. Best is trial 0 with value: 1001.9214477539062.
[I 2023-12-26 11:45:57,289] Trial 23 finished with value: 5199.00927734375 and parameters: {'gradient_clip_val': 0.10126605648220649, 'hidden_size': 69, 'dropout': 0.27399687282723867, 'hidden_continuous_size': 24, 'attention_head_size': 3, 'learning_rate': 0.001833345940016246}. Best is trial 0 with value: 1001.9214477539062.
[I 2023-12-26 11:46:00,069] Trial 24 finished with value: 4501.58056640625 and parameters: {'gradient_clip_val': 0.19384154868014405, 'hidden_size': 21, 'dropout': 0.3084221522320684, 'hidden_continuous_size': 11, 'attention_head_size': 2, 'learning_rate': 0.0036661670238329574}. Best is trial 0 with value: 1001.9214477539062.
[I 2023-12-26 11:46:03,376] Trial 25 finished with value: 4234.07275390625 and parameters: {'gradient_clip_val': 0.3002567360928215, 'hidden_size': 31, 'dropout': 0.36911388834044856, 'hidden_continuous_size': 13, 'attention_head_size': 3, 'learning_rate': 0.0005091809294576708}. Best is trial 0 with value: 1001.9214477539062.
[I 2023-12-26 11:46:05,926] Trial 26 finished with value: 6647.697265625 and parameters: {'gradient_clip_val': 0.3123303851917216, 'hidden_size': 13, 'dropout': 0.36796751231731817, 'hidden_continuous_size': 9, 'attention_head_size': 4, 'learning_rate': 0.0006367845562816549}. Best is trial 0 with value: 1001.9214477539062.
[I 2023-12-26 11:46:08,757] Trial 27 finished with value: 5398.04345703125 and parameters: {'gradient_clip_val': 0.3945437328505885, 'hidden_size': 21, 'dropout': 0.4204249550112268, 'hidden_continuous_size': 12, 'attention_head_size': 3, 'learning_rate': 0.0005377557822902134}. Best is trial 0 with value: 1001.9214477539062.
[I 2023-12-26 11:46:11,284] Trial 28 finished with value: 5367.2587890625 and parameters: {'gradient_clip_val': 0.5259761051714983, 'hidden_size': 13, 'dropout': 0.27589424194068296, 'hidden_continuous_size': 9, 'attention_head_size': 2, 'learning_rate': 0.005453973505154274}. Best is trial 0 with value: 1001.9214477539062.
