[I 2023-12-26 11:49:27,251] Trial 44 finished with value: 720.2786254882812 and parameters: {'gradient_clip_val': 0.24292104787730187, 'hidden_size': 85, 'dropout': 0.3732936144011324, 'hidden_continuous_size': 5, 'attention_head_size': 4, 'learning_rate': 0.01894677437592369}. Best is trial 0 with value: 205.33892822265625.
[I 2023-12-26 11:49:33,861] Trial 45 finished with value: 761.1327514648438 and parameters: {'gradient_clip_val': 0.49397025311570936, 'hidden_size': 100, 'dropout': 0.44270083581534614, 'hidden_continuous_size': 12, 'attention_head_size': 3, 'learning_rate': 0.06159839691478344}. Best is trial 0 with value: 205.33892822265625.
[I 2023-12-26 11:49:42,506] Trial 46 finished with value: 853.9075317382812 and parameters: {'gradient_clip_val': 0.32707376330539906, 'hidden_size': 130, 'dropout': 0.47491163299066164, 'hidden_continuous_size': 31, 'attention_head_size': 2, 'learning_rate': 0.011801625550810454}. Best is trial 0 with value: 205.33892822265625.
[I 2023-12-26 11:49:46,601] Trial 47 finished with value: 394.5550842285156 and parameters: {'gradient_clip_val': 0.2054365583539892, 'hidden_size': 58, 'dropout': 0.40110827128704074, 'hidden_continuous_size': 6, 'attention_head_size': 4, 'learning_rate': 0.09689725566586557}. Best is trial 0 with value: 205.33892822265625.
[I 2023-12-26 11:49:49,383] Trial 48 finished with value: 854.8665161132812 and parameters: {'gradient_clip_val': 0.20348018665811987, 'hidden_size': 34, 'dropout': 0.39897639540794183, 'hidden_continuous_size': 8, 'attention_head_size': 4, 'learning_rate': 0.09759961389637783}. Best is trial 0 with value: 205.33892822265625.
[I 2023-12-26 11:49:53,286] Trial 49 finished with value: 709.5322265625 and parameters: {'gradient_clip_val': 0.2602631353999505, 'hidden_size': 58, 'dropout': 0.4547591763799758, 'hidden_continuous_size': 11, 'attention_head_size': 4, 'learning_rate': 0.06952621278317093}. Best is trial 0 with value: 205.33892822265625.
[I 2023-12-26 11:49:53,423] A new study created in memory with name: no-name-d4448714-fa68-411e-9ec4-ef6601ffa786
/home/le004/conda/anaconda3/envs/tsff_env/lib/python3.9/site-packages/lightning/fabric/plugins/environments/slurm.py:191: The `srun` command is available on your system but is not used. HINT: If your intention is to run Lightning on SLURM, prepend your python command with `srun` like so: srun python /home/le004/master_thesis/git/TSFusionForecast/code/ ...
[I 2023-12-26 11:56:56,033] Trial 0 finished with value: 10.908634185791016 and parameters: {'gradient_clip_val': 0.14348403336433152, 'hidden_size': 119, 'dropout': 0.2882905334196296, 'hidden_continuous_size': 56, 'attention_head_size': 4, 'learning_rate': 0.054164928533728354}. Best is trial 0 with value: 10.908634185791016.
[I 2023-12-26 11:56:58,081] Trial 1 finished with value: 27.85146141052246 and parameters: {'gradient_clip_val': 0.5023439245549077, 'hidden_size': 11, 'dropout': 0.1248027240618951, 'hidden_continuous_size': 11, 'attention_head_size': 3, 'learning_rate': 0.02929249042338973}. Best is trial 0 with value: 10.908634185791016.
[I 2023-12-26 11:57:02,155] Trial 2 finished with value: 28.08976173400879 and parameters: {'gradient_clip_val': 0.18656298553355102, 'hidden_size': 43, 'dropout': 0.42851365535547425, 'hidden_continuous_size': 9, 'attention_head_size': 4, 'learning_rate': 0.01191439123875729}. Best is trial 0 with value: 10.908634185791016.
[I 2023-12-26 11:57:11,700] Trial 3 finished with value: 17.26422691345215 and parameters: {'gradient_clip_val': 0.8202929438609514, 'hidden_size': 134, 'dropout': 0.12128967635818642, 'hidden_continuous_size': 32, 'attention_head_size': 2, 'learning_rate': 0.014667922307778991}. Best is trial 0 with value: 10.908634185791016.
[I 2023-12-26 11:57:19,312] Trial 4 finished with value: 29.10782814025879 and parameters: {'gradient_clip_val': 0.6448541182615452, 'hidden_size': 87, 'dropout': 0.2889185817478046, 'hidden_continuous_size': 6, 'attention_head_size': 3, 'learning_rate': 0.005551419678802064}. Best is trial 0 with value: 10.908634185791016.
[I 2023-12-26 11:57:29,050] Trial 5 finished with value: 27.216920852661133 and parameters: {'gradient_clip_val': 0.23505684784612982, 'hidden_size': 127, 'dropout': 0.44133242273238427, 'hidden_continuous_size': 22, 'attention_head_size': 2, 'learning_rate': 0.0006632624353076969}. Best is trial 0 with value: 10.908634185791016.
[I 2023-12-26 11:57:31,116] Trial 6 finished with value: 26.810073852539062 and parameters: {'gradient_clip_val': 0.38318118195098605, 'hidden_size': 10, 'dropout': 0.286391123916132, 'hidden_continuous_size': 7, 'attention_head_size': 2, 'learning_rate': 0.003735639281639738}. Best is trial 0 with value: 10.908634185791016.
[I 2023-12-26 11:57:32,785] Trial 7 finished with value: 24.618064880371094 and parameters: {'gradient_clip_val': 0.3354100444792715, 'hidden_size': 5, 'dropout': 0.4020080514311527, 'hidden_continuous_size': 5, 'attention_head_size': 1, 'learning_rate': 0.003851966060533779}. Best is trial 0 with value: 10.908634185791016.
[I 2023-12-26 11:57:35,604] Trial 8 finished with value: 25.435224533081055 and parameters: {'gradient_clip_val': 0.15176342223216666, 'hidden_size': 44, 'dropout': 0.23804933696439026, 'hidden_continuous_size': 24, 'attention_head_size': 1, 'learning_rate': 0.02796791283773208}. Best is trial 0 with value: 10.908634185791016.
[I 2023-12-26 11:57:37,709] Trial 9 finished with value: 32.910133361816406 and parameters: {'gradient_clip_val': 0.5699046090989494, 'hidden_size': 15, 'dropout': 0.20604769784308108, 'hidden_continuous_size': 7, 'attention_head_size': 1, 'learning_rate': 0.03141061804452772}. Best is trial 0 with value: 10.908634185791016.
[I 2023-12-26 11:57:42,747] Trial 10 finished with value: 25.73313331604004 and parameters: {'gradient_clip_val': 0.10753401936512114, 'hidden_size': 63, 'dropout': 0.359516016831514, 'hidden_continuous_size': 62, 'attention_head_size': 4, 'learning_rate': 0.09463166703184193}. Best is trial 0 with value: 10.908634185791016.
[I 2023-12-26 11:57:50,518] Trial 11 finished with value: 25.7843074798584 and parameters: {'gradient_clip_val': 0.999529411548139, 'hidden_size': 114, 'dropout': 0.14061247068425853, 'hidden_continuous_size': 89, 'attention_head_size': 3, 'learning_rate': 0.09594332872107951}. Best is trial 0 with value: 10.908634185791016.
[I 2023-12-26 11:57:59,812] Trial 12 finished with value: 26.687650680541992 and parameters: {'gradient_clip_val': 0.253858182149871, 'hidden_size': 139, 'dropout': 0.18851151361377888, 'hidden_continuous_size': 47, 'attention_head_size': 2, 'learning_rate': 0.013262240695211322}. Best is trial 0 with value: 10.908634185791016.
[I 2023-12-26 11:58:10,863] Trial 13 finished with value: 19.499025344848633 and parameters: {'gradient_clip_val': 0.10793853180893832, 'hidden_size': 150, 'dropout': 0.10780319876940678, 'hidden_continuous_size': 118, 'attention_head_size': 4, 'learning_rate': 0.04715618066185963}. Best is trial 0 with value: 10.908634185791016.
[I 2023-12-26 11:58:16,060] Trial 14 finished with value: 32.63972854614258 and parameters: {'gradient_clip_val': 0.869802542164531, 'hidden_size': 74, 'dropout': 0.33990934963913544, 'hidden_continuous_size': 34, 'attention_head_size': 3, 'learning_rate': 0.013186007507553625}. Best is trial 0 with value: 10.908634185791016.
[I 2023-12-26 11:58:19,323] Trial 15 finished with value: 22.225229263305664 and parameters: {'gradient_clip_val': 0.41077566601481647, 'hidden_size': 53, 'dropout': 0.24550866542890393, 'hidden_continuous_size': 28, 'attention_head_size': 2, 'learning_rate': 0.04982473899890833}. Best is trial 0 with value: 10.908634185791016.
[I 2023-12-26 11:58:25,906] Trial 16 finished with value: 28.008169174194336 and parameters: {'gradient_clip_val': 0.2690920286262879, 'hidden_size': 89, 'dropout': 0.481631881096286, 'hidden_continuous_size': 16, 'attention_head_size': 4, 'learning_rate': 0.015698727016120646}. Best is trial 0 with value: 10.908634185791016.
[I 2023-12-26 11:58:28,894] Trial 17 finished with value: 34.63362121582031 and parameters: {'gradient_clip_val': 0.7251436422397692, 'hidden_size': 31, 'dropout': 0.159410108560488, 'hidden_continuous_size': 17, 'attention_head_size': 3, 'learning_rate': 0.00812932918635004}. Best is trial 0 with value: 10.908634185791016.
[I 2023-12-26 11:58:35,489] Trial 18 finished with value: 16.217647552490234 and parameters: {'gradient_clip_val': 0.480482511602392, 'hidden_size': 92, 'dropout': 0.1003760788144338, 'hidden_continuous_size': 42, 'attention_head_size': 2, 'learning_rate': 0.05668875142114401}. Best is trial 0 with value: 10.908634185791016.
[I 2023-12-26 11:58:41,860] Trial 19 finished with value: 22.30712890625 and parameters: {'gradient_clip_val': 0.4852645183841323, 'hidden_size': 91, 'dropout': 0.16640024095153227, 'hidden_continuous_size': 45, 'attention_head_size': 1, 'learning_rate': 0.06704285579965694}. Best is trial 0 with value: 10.908634185791016.
[I 2023-12-26 11:58:46,206] Trial 20 finished with value: 25.223291397094727 and parameters: {'gradient_clip_val': 0.36152182746505246, 'hidden_size': 59, 'dropout': 0.2243721212694857, 'hidden_continuous_size': 37, 'attention_head_size': 4, 'learning_rate': 0.057332967043330296}. Best is trial 0 with value: 10.908634185791016.
[I 2023-12-26 11:58:54,702] Trial 21 finished with value: 28.137006759643555 and parameters: {'gradient_clip_val': 0.7242432825178909, 'hidden_size': 109, 'dropout': 0.10029435668694207, 'hidden_continuous_size': 60, 'attention_head_size': 2, 'learning_rate': 0.02612746906074563}. Best is trial 0 with value: 10.908634185791016.
[I 2023-12-26 11:59:06,228] Trial 22 finished with value: 20.015661239624023 and parameters: {'gradient_clip_val': 0.4301616005616051, 'hidden_size': 147, 'dropout': 0.15058281567769383, 'hidden_continuous_size': 63, 'attention_head_size': 2, 'learning_rate': 0.04031451165874745}. Best is trial 0 with value: 10.908634185791016.
[I 2023-12-26 11:59:12,020] Trial 23 finished with value: 31.563135147094727 and parameters: {'gradient_clip_val': 0.5835894264429395, 'hidden_size': 76, 'dropout': 0.18174073242879474, 'hidden_continuous_size': 33, 'attention_head_size': 2, 'learning_rate': 0.07043314060714861}. Best is trial 0 with value: 10.908634185791016.
[I 2023-12-26 11:59:19,359] Trial 24 finished with value: 24.061872482299805 and parameters: {'gradient_clip_val': 0.302481361670813, 'hidden_size': 100, 'dropout': 0.1279213212017563, 'hidden_continuous_size': 44, 'attention_head_size': 3, 'learning_rate': 0.02013048064707734}. Best is trial 0 with value: 10.908634185791016.
[I 2023-12-26 11:59:26,695] Trial 25 finished with value: 29.678787231445312 and parameters: {'gradient_clip_val': 0.49043348727689906, 'hidden_size': 105, 'dropout': 0.2644168439465982, 'hidden_continuous_size': 25, 'attention_head_size': 2, 'learning_rate': 0.03927252323566902}. Best is trial 0 with value: 10.908634185791016.
[I 2023-12-26 11:59:32,335] Trial 26 finished with value: 24.24274444580078 and parameters: {'gradient_clip_val': 0.8334505735486756, 'hidden_size': 71, 'dropout': 0.19680735212533496, 'hidden_continuous_size': 30, 'attention_head_size': 1, 'learning_rate': 0.021916375118134525}. Best is trial 0 with value: 10.908634185791016.
[I 2023-12-26 11:59:41,362] Trial 27 finished with value: 17.460718154907227 and parameters: {'gradient_clip_val': 0.2987208677672925, 'hidden_size': 119, 'dropout': 0.21385025547717784, 'hidden_continuous_size': 80, 'attention_head_size': 3, 'learning_rate': 0.062213163589476754}. Best is trial 0 with value: 10.908634185791016.
[I 2023-12-26 11:59:47,026] Trial 28 finished with value: 22.84010887145996 and parameters: {'gradient_clip_val': 0.5840316979965342, 'hidden_size': 81, 'dropout': 0.16082446736945957, 'hidden_continuous_size': 41, 'attention_head_size': 2, 'learning_rate': 0.03825370756176534}. Best is trial 0 with value: 10.908634185791016.
[I 2023-12-26 11:59:51,004] Trial 29 finished with value: 24.46785545349121 and parameters: {'gradient_clip_val': 0.4214229874960432, 'hidden_size': 53, 'dropout': 0.1311563031302287, 'hidden_continuous_size': 19, 'attention_head_size': 3, 'learning_rate': 0.09984050341938035}. Best is trial 0 with value: 10.908634185791016.
[I 2023-12-26 12:00:00,164] Trial 30 finished with value: 26.090682983398438 and parameters: {'gradient_clip_val': 0.5316153029428201, 'hidden_size': 120, 'dropout': 0.12154564423813737, 'hidden_continuous_size': 12, 'attention_head_size': 2, 'learning_rate': 0.03114860738836614}. Best is trial 0 with value: 10.908634185791016.
[I 2023-12-26 12:00:08,058] Trial 31 finished with value: 14.715407371520996 and parameters: {'gradient_clip_val': 0.3276023909015006, 'hidden_size': 110, 'dropout': 0.2120189966566957, 'hidden_continuous_size': 53, 'attention_head_size': 4, 'learning_rate': 0.0601455075285312}. Best is trial 0 with value: 10.908634185791016.
[I 2023-12-26 12:00:18,289] Trial 32 finished with value: 15.960491180419922 and parameters: {'gradient_clip_val': 0.34043675609047563, 'hidden_size': 150, 'dropout': 0.10830085371785814, 'hidden_continuous_size': 52, 'attention_head_size': 4, 'learning_rate': 0.06755727655987703}. Best is trial 0 with value: 10.908634185791016.
[I 2023-12-26 12:00:28,269] Trial 33 finished with value: 15.86459732055664 and parameters: {'gradient_clip_val': 0.21674669395489057, 'hidden_size': 149, 'dropout': 0.18196846335389577, 'hidden_continuous_size': 53, 'attention_head_size': 4, 'learning_rate': 0.06811749751555722}. Best is trial 0 with value: 10.908634185791016.
[I 2023-12-26 12:00:38,506] Trial 34 finished with value: 21.37318229675293 and parameters: {'gradient_clip_val': 0.20005862971792338, 'hidden_size': 149, 'dropout': 0.18061216135100738, 'hidden_continuous_size': 55, 'attention_head_size': 4, 'learning_rate': 0.07594709497720051}. Best is trial 0 with value: 10.908634185791016.
[I 2023-12-26 12:00:46,504] Trial 35 finished with value: 27.92447853088379 and parameters: {'gradient_clip_val': 0.21883645807588928, 'hidden_size': 113, 'dropout': 0.2647846005885003, 'hidden_continuous_size': 76, 'attention_head_size': 4, 'learning_rate': 0.04700726556301223}. Best is trial 0 with value: 10.908634185791016.
[I 2023-12-26 12:00:52,903] Trial 36 finished with value: 19.59187126159668 and parameters: {'gradient_clip_val': 0.1786758757457387, 'hidden_size': 96, 'dropout': 0.21156364960173735, 'hidden_continuous_size': 52, 'attention_head_size': 4, 'learning_rate': 0.07576402333038375}. Best is trial 0 with value: 10.908634185791016.
[I 2023-12-26 12:01:01,273] Trial 37 finished with value: 24.632505416870117 and parameters: {'gradient_clip_val': 0.3419015487698504, 'hidden_size': 122, 'dropout': 0.17969040913856144, 'hidden_continuous_size': 51, 'attention_head_size': 4, 'learning_rate': 0.03660467086845564}. Best is trial 0 with value: 10.908634185791016.
[I 2023-12-26 12:01:12,241] Trial 38 finished with value: 19.248958587646484 and parameters: {'gradient_clip_val': 0.2750282948280135, 'hidden_size': 149, 'dropout': 0.2370569213296963, 'hidden_continuous_size': 109, 'attention_head_size': 4, 'learning_rate': 0.07562282267371079}. Best is trial 0 with value: 10.908634185791016.
[I 2023-12-26 12:01:16,881] Trial 39 finished with value: 21.220932006835938 and parameters: {'gradient_clip_val': 0.3227960190086918, 'hidden_size': 68, 'dropout': 0.3115589797122753, 'hidden_continuous_size': 37, 'attention_head_size': 4, 'learning_rate': 0.05058052448261855}. Best is trial 0 with value: 10.908634185791016.
[I 2023-12-26 12:01:23,157] Trial 40 finished with value: 24.521699905395508 and parameters: {'gradient_clip_val': 0.2413838895541912, 'hidden_size': 86, 'dropout': 0.14617079956616372, 'hidden_continuous_size': 56, 'attention_head_size': 4, 'learning_rate': 0.023692146635840586}. Best is trial 0 with value: 10.908634185791016.
[I 2023-12-26 12:01:30,017] Trial 41 finished with value: 22.43880271911621 and parameters: {'gradient_clip_val': 0.3657585312666733, 'hidden_size': 100, 'dropout': 0.10785203011924033, 'hidden_continuous_size': 42, 'attention_head_size': 4, 'learning_rate': 0.05677507440781262}. Best is trial 0 with value: 10.908634185791016.
[I 2023-12-26 12:01:38,914] Trial 42 finished with value: 25.63774299621582 and parameters: {'gradient_clip_val': 0.2833713030353905, 'hidden_size': 128, 'dropout': 0.12579991025026252, 'hidden_continuous_size': 70, 'attention_head_size': 4, 'learning_rate': 0.03224608086875019}. Best is trial 0 with value: 10.908634185791016.
[I 2023-12-26 12:01:47,545] Trial 43 finished with value: 17.388660430908203 and parameters: {'gradient_clip_val': 0.16066428898408133, 'hidden_size': 125, 'dropout': 0.14853742248585056, 'hidden_continuous_size': 68, 'attention_head_size': 3, 'learning_rate': 0.09836746490360787}. Best is trial 0 with value: 10.908634185791016.
[I 2023-12-26 12:01:53,496] Trial 44 finished with value: 18.4155216217041 and parameters: {'gradient_clip_val': 0.2214668596678707, 'hidden_size': 86, 'dropout': 0.10015077609543746, 'hidden_continuous_size': 48, 'attention_head_size': 4, 'learning_rate': 0.045400209988870836}. Best is trial 0 with value: 10.908634185791016.
[I 2023-12-26 12:02:01,013] Trial 45 finished with value: 29.47045135498047 and parameters: {'gradient_clip_val': 0.30499728966863004, 'hidden_size': 106, 'dropout': 0.19857038071843258, 'hidden_continuous_size': 55, 'attention_head_size': 4, 'learning_rate': 0.06216667949620999}. Best is trial 0 with value: 10.908634185791016.
[I 2023-12-26 12:02:10,024] Trial 46 finished with value: 16.862567901611328 and parameters: {'gradient_clip_val': 0.2501968063965374, 'hidden_size': 129, 'dropout': 0.16916992502738606, 'hidden_continuous_size': 80, 'attention_head_size': 3, 'learning_rate': 0.08302557046097422}. Best is trial 0 with value: 10.908634185791016.
[I 2023-12-26 12:02:15,627] Trial 47 finished with value: 28.548585891723633 and parameters: {'gradient_clip_val': 0.12600211913406084, 'hidden_size': 81, 'dropout': 0.14470730000275547, 'hidden_continuous_size': 39, 'attention_head_size': 4, 'learning_rate': 0.05733455830818215}. Best is trial 0 with value: 10.908634185791016.
[I 2023-12-26 12:02:25,124] Trial 48 finished with value: 14.078801155090332 and parameters: {'gradient_clip_val': 0.3970311263272095, 'hidden_size': 133, 'dropout': 0.12050291599930821, 'hidden_continuous_size': 88, 'attention_head_size': 4, 'learning_rate': 0.08180846078884081}. Best is trial 0 with value: 10.908634185791016.
[I 2023-12-26 12:02:34,536] Trial 49 finished with value: 19.307493209838867 and parameters: {'gradient_clip_val': 0.3289213495080195, 'hidden_size': 130, 'dropout': 0.1352054438162046, 'hidden_continuous_size': 87, 'attention_head_size': 4, 'learning_rate': 0.08299210524211972}. Best is trial 0 with value: 10.908634185791016.
[I 2023-12-26 12:02:34,676] A new study created in memory with name: no-name-6b296061-7105-4b85-814d-124e222b793c
/home/le004/conda/anaconda3/envs/tsff_env/lib/python3.9/site-packages/lightning/fabric/plugins/environments/slurm.py:191: The `srun` command is available on your system but is not used. HINT: If your intention is to run Lightning on SLURM, prepend your python command with `srun` like so: srun python /home/le004/master_thesis/git/TSFusionForecast/code/ ...
[I 2023-12-26 12:04:27,524] Trial 0 finished with value: 341.9160461425781 and parameters: {'gradient_clip_val': 0.12761925377180566, 'hidden_size': 16, 'dropout': 0.19238371365187465, 'hidden_continuous_size': 13, 'attention_head_size': 2, 'learning_rate': 0.014096594468466783}. Best is trial 0 with value: 341.9160461425781.
[I 2023-12-26 12:04:29,526] Trial 1 finished with value: 496.0663146972656 and parameters: {'gradient_clip_val': 0.3101195554195212, 'hidden_size': 12, 'dropout': 0.1577509940933473, 'hidden_continuous_size': 5, 'attention_head_size': 1, 'learning_rate': 0.0026898704061154403}. Best is trial 0 with value: 341.9160461425781.
[I 2023-12-26 12:04:31,309] Trial 2 finished with value: 476.1743469238281 and parameters: {'gradient_clip_val': 0.18977820755602848, 'hidden_size': 5, 'dropout': 0.13873709897103836, 'hidden_continuous_size': 5, 'attention_head_size': 4, 'learning_rate': 0.008577285285616618}. Best is trial 0 with value: 341.9160461425781.
[I 2023-12-26 12:04:36,972] Trial 3 finished with value: 419.6944274902344 and parameters: {'gradient_clip_val': 0.2906615988620427, 'hidden_size': 83, 'dropout': 0.1567964938362597, 'hidden_continuous_size': 46, 'attention_head_size': 3, 'learning_rate': 0.014407983253158216}. Best is trial 0 with value: 341.9160461425781.
[I 2023-12-26 12:04:42,353] Trial 4 finished with value: 505.9306335449219 and parameters: {'gradient_clip_val': 0.19347209544321725, 'hidden_size': 79, 'dropout': 0.19695435706852066, 'hidden_continuous_size': 47, 'attention_head_size': 3, 'learning_rate': 0.01960453976847206}. Best is trial 0 with value: 341.9160461425781.
[I 2023-12-26 12:04:44,357] Trial 5 finished with value: 416.143310546875 and parameters: {'gradient_clip_val': 0.12064958938628045, 'hidden_size': 13, 'dropout': 0.12348533341094643, 'hidden_continuous_size': 13, 'attention_head_size': 3, 'learning_rate': 0.0021966800079363737}. Best is trial 0 with value: 341.9160461425781.
[I 2023-12-26 12:04:46,387] Trial 6 finished with value: 362.4746398925781 and parameters: {'gradient_clip_val': 0.3402142894713156, 'hidden_size': 6, 'dropout': 0.4525340074088664, 'hidden_continuous_size': 5, 'attention_head_size': 1, 'learning_rate': 0.08568774717816695}. Best is trial 0 with value: 341.9160461425781.
[I 2023-12-26 12:04:49,116] Trial 7 finished with value: 454.7218933105469 and parameters: {'gradient_clip_val': 0.15624653863400226, 'hidden_size': 41, 'dropout': 0.31398599038237485, 'hidden_continuous_size': 6, 'attention_head_size': 2, 'learning_rate': 0.002974419023178184}. Best is trial 0 with value: 341.9160461425781.
