[I 2023-12-26 17:08:06,935] Trial 35 finished with value: 24053.673828125 and parameters: {'gradient_clip_val': 0.13734470385229838, 'hidden_size': 20, 'dropout': 0.2803443176845143, 'hidden_continuous_size': 7, 'attention_head_size': 4, 'learning_rate': 0.05622730794602263}. Best is trial 0 with value: 4550.71630859375.
[I 2023-12-26 17:08:09,575] Trial 36 finished with value: 23566.783203125 and parameters: {'gradient_clip_val': 0.12426443277370865, 'hidden_size': 25, 'dropout': 0.14495079894331778, 'hidden_continuous_size': 12, 'attention_head_size': 3, 'learning_rate': 0.07357137068397773}. Best is trial 0 with value: 4550.71630859375.
[I 2023-12-26 17:08:11,728] Trial 37 finished with value: 17614.078125 and parameters: {'gradient_clip_val': 0.8103518725741042, 'hidden_size': 16, 'dropout': 0.2143006464919886, 'hidden_continuous_size': 8, 'attention_head_size': 4, 'learning_rate': 0.04522633181699423}. Best is trial 0 with value: 4550.71630859375.
[I 2023-12-26 17:08:14,600] Trial 38 finished with value: 13222.6728515625 and parameters: {'gradient_clip_val': 0.18215217498207767, 'hidden_size': 31, 'dropout': 0.24819777323327796, 'hidden_continuous_size': 10, 'attention_head_size': 2, 'learning_rate': 0.029026698767112086}. Best is trial 0 with value: 4550.71630859375.
[I 2023-12-26 17:08:18,692] Trial 39 finished with value: 18761.32421875 and parameters: {'gradient_clip_val': 0.1614368098442959, 'hidden_size': 52, 'dropout': 0.10653300933284814, 'hidden_continuous_size': 15, 'attention_head_size': 3, 'learning_rate': 0.017341406566840134}. Best is trial 0 with value: 4550.71630859375.
[I 2023-12-26 17:08:21,730] Trial 40 finished with value: 17059.548828125 and parameters: {'gradient_clip_val': 0.11457065319564302, 'hidden_size': 40, 'dropout': 0.2736993117681168, 'hidden_continuous_size': 13, 'attention_head_size': 1, 'learning_rate': 0.06974995929628454}. Best is trial 0 with value: 4550.71630859375.
[I 2023-12-26 17:08:24,394] Trial 41 finished with value: 18917.279296875 and parameters: {'gradient_clip_val': 0.19243133938764934, 'hidden_size': 32, 'dropout': 0.1032729800548483, 'hidden_continuous_size': 7, 'attention_head_size': 3, 'learning_rate': 0.08304172677435281}. Best is trial 0 with value: 4550.71630859375.
[I 2023-12-26 17:08:27,315] Trial 42 finished with value: 23044.515625 and parameters: {'gradient_clip_val': 0.1669825522097306, 'hidden_size': 27, 'dropout': 0.1387925264900256, 'hidden_continuous_size': 6, 'attention_head_size': 3, 'learning_rate': 0.054533428902936186}. Best is trial 0 with value: 4550.71630859375.
[I 2023-12-26 17:08:29,789] Trial 43 finished with value: 21231.58203125 and parameters: {'gradient_clip_val': 0.22673129692590369, 'hidden_size': 22, 'dropout': 0.21120231229277248, 'hidden_continuous_size': 9, 'attention_head_size': 3, 'learning_rate': 0.036619264724758}. Best is trial 0 with value: 4550.71630859375.
[I 2023-12-26 17:08:32,102] Trial 44 finished with value: 17401.708984375 and parameters: {'gradient_clip_val': 0.24485141640911137, 'hidden_size': 18, 'dropout': 0.13213849055551244, 'hidden_continuous_size': 5, 'attention_head_size': 4, 'learning_rate': 0.09704609121994463}. Best is trial 0 with value: 4550.71630859375.
[I 2023-12-26 17:08:34,854] Trial 45 finished with value: 15392.0654296875 and parameters: {'gradient_clip_val': 0.19646239956843567, 'hidden_size': 29, 'dropout': 0.18929390267787016, 'hidden_continuous_size': 7, 'attention_head_size': 2, 'learning_rate': 0.0736862628353909}. Best is trial 0 with value: 4550.71630859375.
[I 2023-12-26 17:08:37,093] Trial 46 finished with value: 19012.04296875 and parameters: {'gradient_clip_val': 0.2506830372233203, 'hidden_size': 13, 'dropout': 0.24762840182981682, 'hidden_continuous_size': 6, 'attention_head_size': 2, 'learning_rate': 0.0063413119966657895}. Best is trial 0 with value: 4550.71630859375.
[I 2023-12-26 17:08:39,636] Trial 47 finished with value: 14967.2626953125 and parameters: {'gradient_clip_val': 0.21624352685126977, 'hidden_size': 22, 'dropout': 0.37130491169554847, 'hidden_continuous_size': 9, 'attention_head_size': 3, 'learning_rate': 0.012929093769862903}. Best is trial 0 with value: 4550.71630859375.
[I 2023-12-26 17:08:41,871] Trial 48 finished with value: 20298.267578125 and parameters: {'gradient_clip_val': 0.18060774622513204, 'hidden_size': 18, 'dropout': 0.34420303179022943, 'hidden_continuous_size': 5, 'attention_head_size': 1, 'learning_rate': 0.04518600040428918}. Best is trial 0 with value: 4550.71630859375.
[I 2023-12-26 17:08:46,809] Trial 49 finished with value: 16094.4423828125 and parameters: {'gradient_clip_val': 0.16215797646871827, 'hidden_size': 61, 'dropout': 0.12300013668073684, 'hidden_continuous_size': 20, 'attention_head_size': 4, 'learning_rate': 0.02503791294862381}. Best is trial 0 with value: 4550.71630859375.
[I 2023-12-26 17:08:46,943] A new study created in memory with name: no-name-e702297c-24c5-4483-b302-19c68e962585
/home/le004/conda/anaconda3/envs/tsff_env/lib/python3.9/site-packages/lightning/fabric/plugins/environments/slurm.py:191: The `srun` command is available on your system but is not used. HINT: If your intention is to run Lightning on SLURM, prepend your python command with `srun` like so: srun python /home/le004/master_thesis/git/TSFusionForecast/code/ ...
[I 2023-12-26 17:11:49,651] Trial 0 finished with value: 0.052069198340177536 and parameters: {'gradient_clip_val': 0.5841776065631918, 'hidden_size': 16, 'dropout': 0.3643049639408541, 'hidden_continuous_size': 16, 'attention_head_size': 4, 'learning_rate': 0.03048363654739643}. Best is trial 0 with value: 0.052069198340177536.
[I 2023-12-26 17:11:57,925] Trial 1 finished with value: 3.6623849868774414 and parameters: {'gradient_clip_val': 0.9335277696700277, 'hidden_size': 102, 'dropout': 0.1665594437312342, 'hidden_continuous_size': 32, 'attention_head_size': 2, 'learning_rate': 0.029857215824750507}. Best is trial 0 with value: 0.052069198340177536.
[I 2023-12-26 17:12:04,755] Trial 2 finished with value: 2.6799709796905518 and parameters: {'gradient_clip_val': 0.28572760717280404, 'hidden_size': 72, 'dropout': 0.4058245853240878, 'hidden_continuous_size': 60, 'attention_head_size': 3, 'learning_rate': 0.006582955464166624}. Best is trial 0 with value: 0.052069198340177536.
[I 2023-12-26 17:12:07,103] Trial 3 finished with value: 3.5963871479034424 and parameters: {'gradient_clip_val': 0.43589070371957983, 'hidden_size': 11, 'dropout': 0.1420801622848636, 'hidden_continuous_size': 5, 'attention_head_size': 4, 'learning_rate': 0.005332567596054354}. Best is trial 0 with value: 0.052069198340177536.
[I 2023-12-26 17:12:09,540] Trial 4 finished with value: 2.788123846054077 and parameters: {'gradient_clip_val': 0.1481712952330731, 'hidden_size': 10, 'dropout': 0.2950964484726394, 'hidden_continuous_size': 7, 'attention_head_size': 2, 'learning_rate': 0.0005139869151133358}. Best is trial 0 with value: 0.052069198340177536.
[I 2023-12-26 17:12:18,695] Trial 5 finished with value: 2.7854843139648438 and parameters: {'gradient_clip_val': 0.1900268436844572, 'hidden_size': 109, 'dropout': 0.13996033671374786, 'hidden_continuous_size': 59, 'attention_head_size': 2, 'learning_rate': 0.025578268806796402}. Best is trial 0 with value: 0.052069198340177536.
[I 2023-12-26 17:12:21,375] Trial 6 finished with value: 3.6330325603485107 and parameters: {'gradient_clip_val': 0.40633381069729213, 'hidden_size': 27, 'dropout': 0.3166036569262335, 'hidden_continuous_size': 16, 'attention_head_size': 1, 'learning_rate': 0.08210504752466986}. Best is trial 0 with value: 0.052069198340177536.
[I 2023-12-26 17:12:24,607] Trial 7 finished with value: 2.8400604724884033 and parameters: {'gradient_clip_val': 0.16252389824420493, 'hidden_size': 25, 'dropout': 0.23598915117663544, 'hidden_continuous_size': 14, 'attention_head_size': 4, 'learning_rate': 0.004204850207470147}. Best is trial 0 with value: 0.052069198340177536.
[I 2023-12-26 17:12:27,546] Trial 8 finished with value: 4.226647853851318 and parameters: {'gradient_clip_val': 0.20595644580871356, 'hidden_size': 29, 'dropout': 0.19824906055903413, 'hidden_continuous_size': 12, 'attention_head_size': 3, 'learning_rate': 0.04224271165871758}. Best is trial 0 with value: 0.052069198340177536.
[I 2023-12-26 17:12:36,902] Trial 9 finished with value: 3.361395835876465 and parameters: {'gradient_clip_val': 0.5217933088407245, 'hidden_size': 128, 'dropout': 0.4705207489023595, 'hidden_continuous_size': 6, 'attention_head_size': 3, 'learning_rate': 0.0686768977707431}. Best is trial 0 with value: 0.052069198340177536.
[I 2023-12-26 17:12:39,041] Trial 10 finished with value: 4.547449588775635 and parameters: {'gradient_clip_val': 0.10112980892120488, 'hidden_size': 5, 'dropout': 0.3746426213170491, 'hidden_continuous_size': 5, 'attention_head_size': 4, 'learning_rate': 0.015143371667825674}. Best is trial 0 with value: 0.052069198340177536.
[I 2023-12-26 17:12:44,532] Trial 11 finished with value: 4.556920528411865 and parameters: {'gradient_clip_val': 0.2975497159607848, 'hidden_size': 63, 'dropout': 0.42956405382539875, 'hidden_continuous_size': 26, 'attention_head_size': 3, 'learning_rate': 0.010179824354039158}. Best is trial 0 with value: 0.052069198340177536.
[I 2023-12-26 17:12:49,800] Trial 12 finished with value: 3.6744892597198486 and parameters: {'gradient_clip_val': 0.623118081105412, 'hidden_size': 55, 'dropout': 0.38574681552562284, 'hidden_continuous_size': 42, 'attention_head_size': 4, 'learning_rate': 0.012247868388654685}. Best is trial 0 with value: 0.052069198340177536.
[I 2023-12-26 17:12:54,331] Trial 13 finished with value: 3.0971672534942627 and parameters: {'gradient_clip_val': 0.30036904182925145, 'hidden_size': 52, 'dropout': 0.46659249373006123, 'hidden_continuous_size': 21, 'attention_head_size': 3, 'learning_rate': 0.0032070932302876967}. Best is trial 0 with value: 0.052069198340177536.
[I 2023-12-26 17:12:56,939] Trial 14 finished with value: 2.9231250286102295 and parameters: {'gradient_clip_val': 0.7191430590227295, 'hidden_size': 18, 'dropout': 0.3836615037105369, 'hidden_continuous_size': 9, 'attention_head_size': 4, 'learning_rate': 0.020192057601599166}. Best is trial 0 with value: 0.052069198340177536.
[I 2023-12-26 17:13:00,640] Trial 15 finished with value: 3.4075915813446045 and parameters: {'gradient_clip_val': 0.3705463680031852, 'hidden_size': 42, 'dropout': 0.49580853031138766, 'hidden_continuous_size': 20, 'attention_head_size': 3, 'learning_rate': 0.006602833099471458}. Best is trial 0 with value: 0.052069198340177536.
[I 2023-12-26 17:13:07,452] Trial 16 finished with value: 3.98345947265625 and parameters: {'gradient_clip_val': 0.2790451009780142, 'hidden_size': 76, 'dropout': 0.3187778240190128, 'hidden_continuous_size': 65, 'attention_head_size': 1, 'learning_rate': 0.038034753081511635}. Best is trial 0 with value: 0.052069198340177536.
[I 2023-12-26 17:13:15,142] Trial 17 finished with value: 2.9495556354522705 and parameters: {'gradient_clip_val': 0.5099413601020003, 'hidden_size': 81, 'dropout': 0.42019164190324954, 'hidden_continuous_size': 78, 'attention_head_size': 4, 'learning_rate': 0.09442475480671704}. Best is trial 0 with value: 0.052069198340177536.
[I 2023-12-26 17:13:19,045] Trial 18 finished with value: 4.5558319091796875 and parameters: {'gradient_clip_val': 0.9842189783133571, 'hidden_size': 47, 'dropout': 0.3428184276748373, 'hidden_continuous_size': 9, 'attention_head_size': 3, 'learning_rate': 0.0023213237724014936}. Best is trial 0 with value: 0.052069198340177536.
[I 2023-12-26 17:13:30,061] Trial 19 finished with value: 2.445561170578003 and parameters: {'gradient_clip_val': 0.6859128984633304, 'hidden_size': 129, 'dropout': 0.27363223249457, 'hidden_continuous_size': 98, 'attention_head_size': 2, 'learning_rate': 0.009314028863838222}. Best is trial 0 with value: 0.052069198340177536.
[I 2023-12-26 17:13:42,919] Trial 20 finished with value: 1.5159093141555786 and parameters: {'gradient_clip_val': 0.7585946404966173, 'hidden_size': 147, 'dropout': 0.26190598428805234, 'hidden_continuous_size': 119, 'attention_head_size': 2, 'learning_rate': 0.017337572510880236}. Best is trial 0 with value: 0.052069198340177536.
[I 2023-12-26 17:13:53,220] Trial 21 finished with value: 3.3443031311035156 and parameters: {'gradient_clip_val': 0.7358205402157364, 'hidden_size': 130, 'dropout': 0.27275584279401877, 'hidden_continuous_size': 121, 'attention_head_size': 2, 'learning_rate': 0.01995540220282216}. Best is trial 0 with value: 0.052069198340177536.
[I 2023-12-26 17:14:03,215] Trial 22 finished with value: 2.864985704421997 and parameters: {'gradient_clip_val': 0.6964073604562543, 'hidden_size': 140, 'dropout': 0.2567748729575039, 'hidden_continuous_size': 127, 'attention_head_size': 1, 'learning_rate': 0.010729853149943597}. Best is trial 0 with value: 0.052069198340177536.
[I 2023-12-26 17:14:09,134] Trial 23 finished with value: 3.5860586166381836 and parameters: {'gradient_clip_val': 0.8328578775351971, 'hidden_size': 94, 'dropout': 0.22627150701112714, 'hidden_continuous_size': 38, 'attention_head_size': 2, 'learning_rate': 0.039447627654822556}. Best is trial 0 with value: 0.052069198340177536.
[I 2023-12-26 17:14:18,614] Trial 24 finished with value: 2.7397584915161133 and parameters: {'gradient_clip_val': 0.6043478623517295, 'hidden_size': 139, 'dropout': 0.2843462641031459, 'hidden_continuous_size': 100, 'attention_head_size': 2, 'learning_rate': 0.018170947948227836}. Best is trial 0 with value: 0.052069198340177536.
[I 2023-12-26 17:14:24,889] Trial 25 finished with value: 3.6986496448516846 and parameters: {'gradient_clip_val': 0.8544094572709757, 'hidden_size': 99, 'dropout': 0.3345920140421131, 'hidden_continuous_size': 49, 'attention_head_size': 1, 'learning_rate': 0.054916402969619145}. Best is trial 0 with value: 0.052069198340177536.
[I 2023-12-26 17:14:27,656] Trial 26 finished with value: 4.073991298675537 and parameters: {'gradient_clip_val': 0.5921113154952523, 'hidden_size': 38, 'dropout': 0.25375060059793286, 'hidden_continuous_size': 27, 'attention_head_size': 2, 'learning_rate': 0.025841245049804375}. Best is trial 0 with value: 0.052069198340177536.
[I 2023-12-26 17:14:38,298] Trial 27 finished with value: 3.5272748470306396 and parameters: {'gradient_clip_val': 0.8312535876464121, 'hidden_size': 149, 'dropout': 0.2991153828081539, 'hidden_continuous_size': 139, 'attention_head_size': 2, 'learning_rate': 0.009675772898374938}. Best is trial 0 with value: 0.052069198340177536.
[I 2023-12-26 17:14:42,386] Trial 28 finished with value: 2.721980333328247 and parameters: {'gradient_clip_val': 0.5209459508327684, 'hidden_size': 66, 'dropout': 0.10479713047654998, 'hidden_continuous_size': 44, 'attention_head_size': 1, 'learning_rate': 0.014877710382701805}. Best is trial 0 with value: 0.052069198340177536.
[I 2023-12-26 17:14:49,370] Trial 29 finished with value: 4.4515228271484375 and parameters: {'gradient_clip_val': 0.9263433756328003, 'hidden_size': 106, 'dropout': 0.34533015375694853, 'hidden_continuous_size': 76, 'attention_head_size': 2, 'learning_rate': 0.028953488925603274}. Best is trial 0 with value: 0.052069198340177536.
[I 2023-12-26 17:14:55,324] Trial 30 finished with value: 2.919443368911743 and parameters: {'gradient_clip_val': 0.7374801262993375, 'hidden_size': 95, 'dropout': 0.2056614091646502, 'hidden_continuous_size': 32, 'attention_head_size': 2, 'learning_rate': 0.05111068820844736}. Best is trial 0 with value: 0.052069198340177536.
[I 2023-12-26 17:14:59,743] Trial 31 finished with value: 3.646578550338745 and parameters: {'gradient_clip_val': 0.35053255484836754, 'hidden_size': 66, 'dropout': 0.2764010680327776, 'hidden_continuous_size': 50, 'attention_head_size': 3, 'learning_rate': 0.0074770149647320795}. Best is trial 0 with value: 0.052069198340177536.
[I 2023-12-26 17:15:04,839] Trial 32 finished with value: 3.1303551197052 and parameters: {'gradient_clip_val': 0.4936535208428246, 'hidden_size': 79, 'dropout': 0.36227158324682907, 'hidden_continuous_size': 56, 'attention_head_size': 3, 'learning_rate': 0.00816464816725784}. Best is trial 0 with value: 0.052069198340177536.
[I 2023-12-26 17:15:12,817] Trial 33 finished with value: 3.053007125854492 and parameters: {'gradient_clip_val': 0.45869732305030864, 'hidden_size': 118, 'dropout': 0.30096535244141964, 'hidden_continuous_size': 90, 'attention_head_size': 2, 'learning_rate': 0.005629579018031241}. Best is trial 0 with value: 0.052069198340177536.
[I 2023-12-26 17:15:20,594] Trial 34 finished with value: 4.190479755401611 and parameters: {'gradient_clip_val': 0.44070710794817564, 'hidden_size': 117, 'dropout': 0.31148965116029476, 'hidden_continuous_size': 69, 'attention_head_size': 4, 'learning_rate': 0.014087108528195554}. Best is trial 0 with value: 0.052069198340177536.
[I 2023-12-26 17:15:30,933] Trial 35 finished with value: 3.1986196041107178 and parameters: {'gradient_clip_val': 0.6234010862107694, 'hidden_size': 150, 'dropout': 0.39674465445442103, 'hidden_continuous_size': 109, 'attention_head_size': 3, 'learning_rate': 0.023676637024684262}. Best is trial 0 with value: 0.052069198340177536.
[I 2023-12-26 17:15:36,588] Trial 36 finished with value: 2.8482844829559326 and parameters: {'gradient_clip_val': 0.39907045045270145, 'hidden_size': 87, 'dropout': 0.3612361720244997, 'hidden_continuous_size': 60, 'attention_head_size': 2, 'learning_rate': 0.004546147066887281}. Best is trial 0 with value: 0.052069198340177536.
[I 2023-12-26 17:15:44,760] Trial 37 finished with value: 3.6822471618652344 and parameters: {'gradient_clip_val': 0.972558617544757, 'hidden_size': 119, 'dropout': 0.3293037606257783, 'hidden_continuous_size': 88, 'attention_head_size': 4, 'learning_rate': 0.029112200824101236}. Best is trial 0 with value: 0.052069198340177536.
[I 2023-12-26 17:15:51,961] Trial 38 finished with value: 3.2216804027557373 and parameters: {'gradient_clip_val': 0.3405924339003804, 'hidden_size': 105, 'dropout': 0.18192210007785692, 'hidden_continuous_size': 85, 'attention_head_size': 3, 'learning_rate': 0.008950216219447298}. Best is trial 0 with value: 0.052069198340177536.
[I 2023-12-26 17:15:53,875] Trial 39 finished with value: 3.695183515548706 and parameters: {'gradient_clip_val': 0.25342754901278447, 'hidden_size': 16, 'dropout': 0.23871093256275874, 'hidden_continuous_size': 11, 'attention_head_size': 1, 'learning_rate': 0.015631540242968058}. Best is trial 0 with value: 0.052069198340177536.
[I 2023-12-26 17:15:58,746] Trial 40 finished with value: 3.2913284301757812 and parameters: {'gradient_clip_val': 0.43007795789112363, 'hidden_size': 75, 'dropout': 0.2965255882299441, 'hidden_continuous_size': 62, 'attention_head_size': 2, 'learning_rate': 0.032866232579496626}. Best is trial 0 with value: 0.052069198340177536.
[I 2023-12-26 17:16:03,044] Trial 41 finished with value: 4.169946193695068 and parameters: {'gradient_clip_val': 0.5424501220382985, 'hidden_size': 68, 'dropout': 0.14088637505535295, 'hidden_continuous_size': 55, 'attention_head_size': 1, 'learning_rate': 0.013432184688916039}. Best is trial 0 with value: 0.052069198340177536.
[I 2023-12-26 17:16:06,999] Trial 42 finished with value: 3.5565402507781982 and parameters: {'gradient_clip_val': 0.5359288708939969, 'hidden_size': 57, 'dropout': 0.1903874251233516, 'hidden_continuous_size': 50, 'attention_head_size': 1, 'learning_rate': 0.017166958371772373}. Best is trial 0 with value: 0.052069198340177536.
[I 2023-12-26 17:16:13,433] Trial 43 finished with value: 3.9755256175994873 and parameters: {'gradient_clip_val': 0.6695545780877699, 'hidden_size': 95, 'dropout': 0.16102141043255447, 'hidden_continuous_size': 73, 'attention_head_size': 1, 'learning_rate': 0.012030121892245976}. Best is trial 0 with value: 0.052069198340177536.
[I 2023-12-26 17:16:16,167] Trial 44 finished with value: 2.771414041519165 and parameters: {'gradient_clip_val': 0.5831224343322595, 'hidden_size': 35, 'dropout': 0.1342261850942275, 'hidden_continuous_size': 31, 'attention_head_size': 2, 'learning_rate': 0.02108703533817293}. Best is trial 0 with value: 0.052069198340177536.
[I 2023-12-26 17:16:20,166] Trial 45 finished with value: 4.123566150665283 and parameters: {'gradient_clip_val': 0.46956991021081357, 'hidden_size': 61, 'dropout': 0.10899857896839253, 'hidden_continuous_size': 44, 'attention_head_size': 4, 'learning_rate': 0.006990644406919986}. Best is trial 0 with value: 0.052069198340177536.
[I 2023-12-26 17:16:27,946] Trial 46 finished with value: 3.8879921436309814 and parameters: {'gradient_clip_val': 0.7796081064344781, 'hidden_size': 114, 'dropout': 0.21104152470747267, 'hidden_continuous_size': 96, 'attention_head_size': 3, 'learning_rate': 0.011099264662529819}. Best is trial 0 with value: 0.052069198340177536.
[I 2023-12-26 17:16:31,274] Trial 47 finished with value: 3.361844062805176 and parameters: {'gradient_clip_val': 0.6599397971769126, 'hidden_size': 53, 'dropout': 0.10613543093013542, 'hidden_continuous_size': 41, 'attention_head_size': 2, 'learning_rate': 0.01609863225217192}. Best is trial 0 with value: 0.052069198340177536.
[I 2023-12-26 17:16:37,110] Trial 48 finished with value: 2.4608631134033203 and parameters: {'gradient_clip_val': 0.5604555373381026, 'hidden_size': 85, 'dropout': 0.17199060739361954, 'hidden_continuous_size': 71, 'attention_head_size': 4, 'learning_rate': 0.021952611076821536}. Best is trial 0 with value: 0.052069198340177536.
