[I 2023-12-26 14:16:05,511] Trial 10 finished with value: 4275.06103515625 and parameters: {'gradient_clip_val': 0.271312122462968, 'hidden_size': 51, 'dropout': 0.13430222929119104, 'hidden_continuous_size': 25, 'attention_head_size': 2, 'learning_rate': 0.006309680484773638}. Best is trial 0 with value: 2236.71875.
[I 2023-12-26 14:16:16,449] Trial 11 finished with value: 4119.23291015625 and parameters: {'gradient_clip_val': 0.9833093567691139, 'hidden_size': 122, 'dropout': 0.3667519417766625, 'hidden_continuous_size': 113, 'attention_head_size': 3, 'learning_rate': 0.004151828133250333}. Best is trial 0 with value: 2236.71875.
[I 2023-12-26 14:16:28,258] Trial 12 finished with value: 3917.5625 and parameters: {'gradient_clip_val': 0.6174270106991436, 'hidden_size': 147, 'dropout': 0.3675394578558334, 'hidden_continuous_size': 21, 'attention_head_size': 2, 'learning_rate': 0.0037606343243440105}. Best is trial 0 with value: 2236.71875.
[I 2023-12-26 14:16:32,134] Trial 13 finished with value: 5133.08740234375 and parameters: {'gradient_clip_val': 0.7331921642569283, 'hidden_size': 42, 'dropout': 0.3651801099734925, 'hidden_continuous_size': 9, 'attention_head_size': 3, 'learning_rate': 0.010400390461929115}. Best is trial 0 with value: 2236.71875.
[I 2023-12-26 14:16:38,457] Trial 14 finished with value: 3057.512451171875 and parameters: {'gradient_clip_val': 0.3134707154185627, 'hidden_size': 79, 'dropout': 0.4922659939277607, 'hidden_continuous_size': 14, 'attention_head_size': 2, 'learning_rate': 0.0029688156574793068}. Best is trial 0 with value: 2236.71875.
[I 2023-12-26 14:16:44,011] Trial 15 finished with value: 3573.975341796875 and parameters: {'gradient_clip_val': 0.304736505595166, 'hidden_size': 67, 'dropout': 0.48705676622488736, 'hidden_continuous_size': 10, 'attention_head_size': 2, 'learning_rate': 0.009917421313700712}. Best is trial 0 with value: 2236.71875.
[I 2023-12-26 14:16:47,342] Trial 16 finished with value: 4218.52783203125 and parameters: {'gradient_clip_val': 0.24876913605094655, 'hidden_size': 31, 'dropout': 0.4195612571252283, 'hidden_continuous_size': 7, 'attention_head_size': 2, 'learning_rate': 0.001968421389585594}. Best is trial 0 with value: 2236.71875.
[I 2023-12-26 14:16:50,622] Trial 17 finished with value: 4210.412109375 and parameters: {'gradient_clip_val': 0.39660893122900875, 'hidden_size': 31, 'dropout': 0.4930626498474079, 'hidden_continuous_size': 12, 'attention_head_size': 1, 'learning_rate': 0.006674392114445253}. Best is trial 0 with value: 2236.71875.
[I 2023-12-26 14:16:55,663] Trial 18 finished with value: 3158.552734375 and parameters: {'gradient_clip_val': 0.3576509990564731, 'hidden_size': 58, 'dropout': 0.41564588947290176, 'hidden_continuous_size': 18, 'attention_head_size': 2, 'learning_rate': 0.01816735929594652}. Best is trial 0 with value: 2236.71875.
[I 2023-12-26 14:17:02,516] Trial 19 finished with value: 3898.546875 and parameters: {'gradient_clip_val': 0.5099534265212305, 'hidden_size': 79, 'dropout': 0.497764126965586, 'hidden_continuous_size': 27, 'attention_head_size': 3, 'learning_rate': 0.0008188899702304764}. Best is trial 0 with value: 2236.71875.
[I 2023-12-26 14:17:06,176] Trial 20 finished with value: 4412.56298828125 and parameters: {'gradient_clip_val': 0.22658191060640007, 'hidden_size': 39, 'dropout': 0.45577435336364713, 'hidden_continuous_size': 16, 'attention_head_size': 2, 'learning_rate': 0.0005125954575145785}. Best is trial 0 with value: 2236.71875.
[I 2023-12-26 14:17:11,145] Trial 21 finished with value: 3870.727294921875 and parameters: {'gradient_clip_val': 0.383144165361947, 'hidden_size': 57, 'dropout': 0.40638995781894865, 'hidden_continuous_size': 18, 'attention_head_size': 2, 'learning_rate': 0.02105668115883612}. Best is trial 0 with value: 2236.71875.
[I 2023-12-26 14:17:19,810] Trial 22 finished with value: 4248.04736328125 and parameters: {'gradient_clip_val': 0.33498751321941916, 'hidden_size': 99, 'dropout': 0.39888324183491686, 'hidden_continuous_size': 20, 'attention_head_size': 2, 'learning_rate': 0.013935031745027353}. Best is trial 0 with value: 2236.71875.
[I 2023-12-26 14:17:24,389] Trial 23 finished with value: 4251.56884765625 and parameters: {'gradient_clip_val': 0.3095441992013476, 'hidden_size': 52, 'dropout': 0.4489543327166876, 'hidden_continuous_size': 13, 'attention_head_size': 3, 'learning_rate': 0.024386779400585368}. Best is trial 0 with value: 2236.71875.
[I 2023-12-26 14:17:32,171] Trial 24 finished with value: 3420.3896484375 and parameters: {'gradient_clip_val': 0.4307547714227639, 'hidden_size': 89, 'dropout': 0.39857202602474945, 'hidden_continuous_size': 17, 'attention_head_size': 1, 'learning_rate': 0.010577715867710424}. Best is trial 0 with value: 2236.71875.
[I 2023-12-26 14:17:38,159] Trial 25 finished with value: 4106.83203125 and parameters: {'gradient_clip_val': 0.5300342598284402, 'hidden_size': 72, 'dropout': 0.4651792723242663, 'hidden_continuous_size': 11, 'attention_head_size': 2, 'learning_rate': 0.007448613749013681}. Best is trial 0 with value: 2236.71875.
[I 2023-12-26 14:17:43,275] Trial 26 finished with value: 3772.418701171875 and parameters: {'gradient_clip_val': 0.3297348037744478, 'hidden_size': 59, 'dropout': 0.4348002546102186, 'hidden_continuous_size': 14, 'attention_head_size': 3, 'learning_rate': 0.02824185820501449}. Best is trial 0 with value: 2236.71875.
[I 2023-12-26 14:17:51,514] Trial 27 finished with value: 4640.67724609375 and parameters: {'gradient_clip_val': 0.4527837511371385, 'hidden_size': 103, 'dropout': 0.47149831605659476, 'hidden_continuous_size': 29, 'attention_head_size': 2, 'learning_rate': 0.054965986891188826}. Best is trial 0 with value: 2236.71875.
[I 2023-12-26 14:17:54,751] Trial 28 finished with value: 4387.12890625 and parameters: {'gradient_clip_val': 0.358529340916254, 'hidden_size': 28, 'dropout': 0.39202371538528574, 'hidden_continuous_size': 15, 'attention_head_size': 3, 'learning_rate': 0.02932602476777514}. Best is trial 0 with value: 2236.71875.
[I 2023-12-26 14:17:58,756] Trial 29 finished with value: 3807.58203125 and parameters: {'gradient_clip_val': 0.4331902392639813, 'hidden_size': 45, 'dropout': 0.4504068739776877, 'hidden_continuous_size': 8, 'attention_head_size': 1, 'learning_rate': 0.05740245244337155}. Best is trial 0 with value: 2236.71875.
[I 2023-12-26 14:18:04,221] Trial 30 finished with value: 4176.16015625 and parameters: {'gradient_clip_val': 0.651482146514128, 'hidden_size': 66, 'dropout': 0.4324092251866257, 'hidden_continuous_size': 11, 'attention_head_size': 2, 'learning_rate': 0.015340333932613304}. Best is trial 0 with value: 2236.71875.
[I 2023-12-26 14:18:12,384] Trial 31 finished with value: 3846.79296875 and parameters: {'gradient_clip_val': 0.433958665862193, 'hidden_size': 95, 'dropout': 0.3889634297085957, 'hidden_continuous_size': 18, 'attention_head_size': 1, 'learning_rate': 0.011424381722168349}. Best is trial 0 with value: 2236.71875.
[I 2023-12-26 14:18:19,459] Trial 32 finished with value: 3873.362548828125 and parameters: {'gradient_clip_val': 0.4958896920189047, 'hidden_size': 84, 'dropout': 0.41176099636134705, 'hidden_continuous_size': 17, 'attention_head_size': 1, 'learning_rate': 0.00868849572896236}. Best is trial 0 with value: 2236.71875.
[I 2023-12-26 14:18:24,666] Trial 33 finished with value: 4610.07763671875 and parameters: {'gradient_clip_val': 0.4283271721337116, 'hidden_size': 62, 'dropout': 0.4608483516432123, 'hidden_continuous_size': 13, 'attention_head_size': 1, 'learning_rate': 0.018107090942017658}. Best is trial 0 with value: 2236.71875.
[I 2023-12-26 14:18:34,613] Trial 34 finished with value: 4391.79931640625 and parameters: {'gradient_clip_val': 0.5504623435996173, 'hidden_size': 128, 'dropout': 0.3416691768288954, 'hidden_continuous_size': 22, 'attention_head_size': 1, 'learning_rate': 0.013662108870261704}. Best is trial 0 with value: 2236.71875.
[I 2023-12-26 14:18:38,573] Trial 35 finished with value: 4309.26708984375 and parameters: {'gradient_clip_val': 0.4806248153230681, 'hidden_size': 48, 'dropout': 0.3339908845533139, 'hidden_continuous_size': 12, 'attention_head_size': 1, 'learning_rate': 0.0063654555393115484}. Best is trial 0 with value: 2236.71875.
[I 2023-12-26 14:18:41,808] Trial 36 finished with value: 4050.8828125 and parameters: {'gradient_clip_val': 0.3635938386162808, 'hidden_size': 23, 'dropout': 0.38103303479947015, 'hidden_continuous_size': 14, 'attention_head_size': 2, 'learning_rate': 0.02294427138760266}. Best is trial 0 with value: 2236.71875.
[I 2023-12-26 14:18:44,547] Trial 37 finished with value: 4297.7099609375 and parameters: {'gradient_clip_val': 0.6166764873833389, 'hidden_size': 18, 'dropout': 0.4157919952128499, 'hidden_continuous_size': 15, 'attention_head_size': 4, 'learning_rate': 0.004630506961890196}. Best is trial 0 with value: 2236.71875.
[I 2023-12-26 14:18:47,904] Trial 38 finished with value: 3628.897705078125 and parameters: {'gradient_clip_val': 0.40192595335856, 'hidden_size': 33, 'dropout': 0.47408146820814634, 'hidden_continuous_size': 16, 'attention_head_size': 3, 'learning_rate': 0.011782487575435227}. Best is trial 0 with value: 2236.71875.
[I 2023-12-26 14:18:50,720] Trial 39 finished with value: 5187.07177734375 and parameters: {'gradient_clip_val': 0.5619572789111651, 'hidden_size': 38, 'dropout': 0.4329206183631829, 'hidden_continuous_size': 12, 'attention_head_size': 1, 'learning_rate': 0.08747474843726141}. Best is trial 0 with value: 2236.71875.
[I 2023-12-26 14:18:57,105] Trial 40 finished with value: 4091.577880859375 and parameters: {'gradient_clip_val': 0.4777954020230496, 'hidden_size': 90, 'dropout': 0.3312515416044465, 'hidden_continuous_size': 8, 'attention_head_size': 3, 'learning_rate': 0.008543844916803286}. Best is trial 0 with value: 2236.71875.
[I 2023-12-26 14:19:02,064] Trial 41 finished with value: 3703.260498046875 and parameters: {'gradient_clip_val': 0.28835823302206814, 'hidden_size': 80, 'dropout': 0.49065646022498227, 'hidden_continuous_size': 10, 'attention_head_size': 2, 'learning_rate': 0.017092594570417546}. Best is trial 0 with value: 2236.71875.
[I 2023-12-26 14:19:05,566] Trial 42 finished with value: 4233.9482421875 and parameters: {'gradient_clip_val': 0.3265444282153079, 'hidden_size': 64, 'dropout': 0.4796016291904351, 'hidden_continuous_size': 6, 'attention_head_size': 2, 'learning_rate': 0.009841319936981185}. Best is trial 0 with value: 2236.71875.
[I 2023-12-26 14:19:09,976] Trial 43 finished with value: 4577.771484375 and parameters: {'gradient_clip_val': 0.28706314664567606, 'hidden_size': 76, 'dropout': 0.49577862660092425, 'hidden_continuous_size': 10, 'attention_head_size': 2, 'learning_rate': 0.0051160573458257814}. Best is trial 0 with value: 2236.71875.
[I 2023-12-26 14:19:17,640] Trial 44 finished with value: 4624.98828125 and parameters: {'gradient_clip_val': 0.36271217599957495, 'hidden_size': 109, 'dropout': 0.44434107423930636, 'hidden_continuous_size': 19, 'attention_head_size': 2, 'learning_rate': 0.012514203445322558}. Best is trial 0 with value: 2236.71875.
[I 2023-12-26 14:19:22,774] Trial 45 finished with value: 4698.0126953125 and parameters: {'gradient_clip_val': 0.3063463473653512, 'hidden_size': 53, 'dropout': 0.42080174771786255, 'hidden_continuous_size': 16, 'attention_head_size': 3, 'learning_rate': 0.017397197353769583}. Best is trial 0 with value: 2236.71875.
[I 2023-12-26 14:19:28,441] Trial 46 finished with value: 4561.42333984375 and parameters: {'gradient_clip_val': 0.2633534284115703, 'hidden_size': 69, 'dropout': 0.37590992271771834, 'hidden_continuous_size': 13, 'attention_head_size': 2, 'learning_rate': 0.002761999012087177}. Best is trial 0 with value: 2236.71875.
[I 2023-12-26 14:19:36,133] Trial 47 finished with value: 4642.89990234375 and parameters: {'gradient_clip_val': 0.4061586762887262, 'hidden_size': 89, 'dropout': 0.39682876873284995, 'hidden_continuous_size': 23, 'attention_head_size': 4, 'learning_rate': 0.008813109597435179}. Best is trial 0 with value: 2236.71875.
[I 2023-12-26 14:19:44,868] Trial 48 finished with value: 3935.969482421875 and parameters: {'gradient_clip_val': 0.24168551688375955, 'hidden_size': 113, 'dropout': 0.46732035553394224, 'hidden_continuous_size': 9, 'attention_head_size': 2, 'learning_rate': 0.005885817468214865}. Best is trial 0 with value: 2236.71875.
[I 2023-12-26 14:19:56,719] Trial 49 finished with value: 3876.235595703125 and parameters: {'gradient_clip_val': 0.20763605497675866, 'hidden_size': 148, 'dropout': 0.3542324577200302, 'hidden_continuous_size': 31, 'attention_head_size': 3, 'learning_rate': 0.010530773922375102}. Best is trial 0 with value: 2236.71875.
[I 2023-12-26 14:19:56,874] A new study created in memory with name: no-name-9d6a1a00-3059-4069-839a-0f5656aa06b6
/home/le004/conda/anaconda3/envs/tsff_env/lib/python3.9/site-packages/lightning/fabric/plugins/environments/slurm.py:191: The `srun` command is available on your system but is not used. HINT: If your intention is to run Lightning on SLURM, prepend your python command with `srun` like so: srun python /home/le004/master_thesis/git/TSFusionForecast/code/ ...
[I 2023-12-26 14:23:53,253] Trial 0 finished with value: 0.03375162556767464 and parameters: {'gradient_clip_val': 0.167843792832276, 'hidden_size': 16, 'dropout': 0.25097005583497045, 'hidden_continuous_size': 6, 'attention_head_size': 3, 'learning_rate': 0.05926472281808955}. Best is trial 0 with value: 0.03375162556767464.
[I 2023-12-26 14:23:55,023] Trial 1 finished with value: 2.3756895065307617 and parameters: {'gradient_clip_val': 0.24843936351966137, 'hidden_size': 6, 'dropout': 0.3224424147521284, 'hidden_continuous_size': 6, 'attention_head_size': 3, 'learning_rate': 0.0852249689894907}. Best is trial 0 with value: 0.03375162556767464.
[I 2023-12-26 14:23:57,574] Trial 2 finished with value: 3.4003713130950928 and parameters: {'gradient_clip_val': 0.19724620029727105, 'hidden_size': 35, 'dropout': 0.2669452730784457, 'hidden_continuous_size': 10, 'attention_head_size': 2, 'learning_rate': 0.02729584777308008}. Best is trial 0 with value: 0.03375162556767464.
[I 2023-12-26 14:24:00,098] Trial 3 finished with value: 3.8931286334991455 and parameters: {'gradient_clip_val': 0.13374959279104148, 'hidden_size': 35, 'dropout': 0.4518400617409424, 'hidden_continuous_size': 15, 'attention_head_size': 1, 'learning_rate': 0.0031281461171553926}. Best is trial 0 with value: 0.03375162556767464.
[I 2023-12-26 14:24:07,269] Trial 4 finished with value: 3.724199056625366 and parameters: {'gradient_clip_val': 0.37006343756925725, 'hidden_size': 118, 'dropout': 0.3681144698145322, 'hidden_continuous_size': 17, 'attention_head_size': 1, 'learning_rate': 0.0008849519276618676}. Best is trial 0 with value: 0.03375162556767464.
[I 2023-12-26 14:24:09,225] Trial 5 finished with value: 3.7507152557373047 and parameters: {'gradient_clip_val': 0.9323545157577657, 'hidden_size': 9, 'dropout': 0.34475835315802295, 'hidden_continuous_size': 5, 'attention_head_size': 3, 'learning_rate': 0.011886740221213247}. Best is trial 0 with value: 0.03375162556767464.
[I 2023-12-26 14:24:12,505] Trial 6 finished with value: 3.927774667739868 and parameters: {'gradient_clip_val': 0.4421245433765814, 'hidden_size': 53, 'dropout': 0.21578123420368533, 'hidden_continuous_size': 25, 'attention_head_size': 3, 'learning_rate': 0.0018516595140089065}. Best is trial 0 with value: 0.03375162556767464.
[I 2023-12-26 14:24:15,539] Trial 7 finished with value: 4.231967449188232 and parameters: {'gradient_clip_val': 0.8715099011319878, 'hidden_size': 50, 'dropout': 0.2778362154747139, 'hidden_continuous_size': 13, 'attention_head_size': 1, 'learning_rate': 0.007699697478392011}. Best is trial 0 with value: 0.03375162556767464.
[I 2023-12-26 14:24:21,614] Trial 8 finished with value: 4.015450954437256 and parameters: {'gradient_clip_val': 0.31924253060918273, 'hidden_size': 97, 'dropout': 0.2817280057913325, 'hidden_continuous_size': 34, 'attention_head_size': 2, 'learning_rate': 0.0016536266741610816}. Best is trial 0 with value: 0.03375162556767464.
[I 2023-12-26 14:24:24,132] Trial 9 finished with value: 4.502443790435791 and parameters: {'gradient_clip_val': 0.43266935332445366, 'hidden_size': 34, 'dropout': 0.4860064294254951, 'hidden_continuous_size': 10, 'attention_head_size': 3, 'learning_rate': 0.0033253309064874325}. Best is trial 0 with value: 0.03375162556767464.
[I 2023-12-26 14:24:26,277] Trial 10 finished with value: 3.208489179611206 and parameters: {'gradient_clip_val': 0.10252131011895516, 'hidden_size': 15, 'dropout': 0.10009726810642156, 'hidden_continuous_size': 7, 'attention_head_size': 4, 'learning_rate': 0.08693034935446928}. Best is trial 0 with value: 0.03375162556767464.
[I 2023-12-26 14:24:28,201] Trial 11 finished with value: 3.462794542312622 and parameters: {'gradient_clip_val': 0.20034131105371372, 'hidden_size': 6, 'dropout': 0.2013617511984379, 'hidden_continuous_size': 5, 'attention_head_size': 4, 'learning_rate': 0.09679995195690119}. Best is trial 0 with value: 0.03375162556767464.
[I 2023-12-26 14:24:29,964] Trial 12 finished with value: 2.969892740249634 and parameters: {'gradient_clip_val': 0.21709970067107232, 'hidden_size': 5, 'dropout': 0.3725981332484073, 'hidden_continuous_size': 5, 'attention_head_size': 3, 'learning_rate': 0.03749741332189893}. Best is trial 0 with value: 0.03375162556767464.
[I 2023-12-26 14:24:32,035] Trial 13 finished with value: 5.492946147918701 and parameters: {'gradient_clip_val': 0.15436932626390876, 'hidden_size': 12, 'dropout': 0.3376216736499616, 'hidden_continuous_size': 6, 'attention_head_size': 4, 'learning_rate': 0.039270610445014266}. Best is trial 0 with value: 0.03375162556767464.
[I 2023-12-26 14:24:34,128] Trial 14 finished with value: 4.1183953285217285 and parameters: {'gradient_clip_val': 0.2478846929824136, 'hidden_size': 18, 'dropout': 0.4169833286971495, 'hidden_continuous_size': 7, 'attention_head_size': 2, 'learning_rate': 0.018751473344944272}. Best is trial 0 with value: 0.03375162556767464.
[I 2023-12-26 14:24:36,121] Trial 15 finished with value: 2.9246666431427 and parameters: {'gradient_clip_val': 0.1356126349540991, 'hidden_size': 9, 'dropout': 0.22992495850177258, 'hidden_continuous_size': 6, 'attention_head_size': 3, 'learning_rate': 0.06098818833279765}. Best is trial 0 with value: 0.03375162556767464.
[I 2023-12-26 14:24:38,316] Trial 16 finished with value: 3.201451063156128 and parameters: {'gradient_clip_val': 0.26901926855278496, 'hidden_size': 21, 'dropout': 0.31230804027753184, 'hidden_continuous_size': 7, 'attention_head_size': 2, 'learning_rate': 0.051006904115854054}. Best is trial 0 with value: 0.03375162556767464.
[I 2023-12-26 14:24:40,271] Trial 17 finished with value: 3.6465911865234375 and parameters: {'gradient_clip_val': 0.156786731745946, 'hidden_size': 7, 'dropout': 0.39620378596929867, 'hidden_continuous_size': 5, 'attention_head_size': 4, 'learning_rate': 0.01834300184769838}. Best is trial 0 with value: 0.03375162556767464.
[I 2023-12-26 14:24:42,313] Trial 18 finished with value: 3.194862127304077 and parameters: {'gradient_clip_val': 0.1017364512088043, 'hidden_size': 12, 'dropout': 0.3188959407415255, 'hidden_continuous_size': 6, 'attention_head_size': 3, 'learning_rate': 0.08890553538735262}. Best is trial 0 with value: 0.03375162556767464.
[I 2023-12-26 14:24:44,073] Trial 19 finished with value: 3.1674022674560547 and parameters: {'gradient_clip_val': 0.2844325807274447, 'hidden_size': 5, 'dropout': 0.16257424539559379, 'hidden_continuous_size': 5, 'attention_head_size': 2, 'learning_rate': 0.027653969996927923}. Best is trial 0 with value: 0.03375162556767464.
[I 2023-12-26 14:24:46,234] Trial 20 finished with value: 3.6203672885894775 and parameters: {'gradient_clip_val': 0.18105168037695454, 'hidden_size': 8, 'dropout': 0.24891728716148043, 'hidden_continuous_size': 6, 'attention_head_size': 4, 'learning_rate': 0.05853492705559882}. Best is trial 0 with value: 0.03375162556767464.
[I 2023-12-26 14:24:48,316] Trial 21 finished with value: 2.933166742324829 and parameters: {'gradient_clip_val': 0.138712820987694, 'hidden_size': 10, 'dropout': 0.23007728915397344, 'hidden_continuous_size': 6, 'attention_head_size': 3, 'learning_rate': 0.06650046534182927}. Best is trial 0 with value: 0.03375162556767464.
[I 2023-12-26 14:24:50,284] Trial 22 finished with value: 4.570926189422607 and parameters: {'gradient_clip_val': 0.132122313065134, 'hidden_size': 7, 'dropout': 0.29798163689964724, 'hidden_continuous_size': 6, 'attention_head_size': 3, 'learning_rate': 0.053469577733799845}. Best is trial 0 with value: 0.03375162556767464.
[I 2023-12-26 14:24:52,363] Trial 23 finished with value: 3.356713056564331 and parameters: {'gradient_clip_val': 0.17411803628479708, 'hidden_size': 13, 'dropout': 0.25092330680422836, 'hidden_continuous_size': 7, 'attention_head_size': 3, 'learning_rate': 0.03931740528296098}. Best is trial 0 with value: 0.03375162556767464.
[I 2023-12-26 14:24:54,378] Trial 24 finished with value: 3.718362808227539 and parameters: {'gradient_clip_val': 0.22648871971047602, 'hidden_size': 10, 'dropout': 0.182796460741839, 'hidden_continuous_size': 6, 'attention_head_size': 3, 'learning_rate': 0.09878192855679903}. Best is trial 0 with value: 0.03375162556767464.
[I 2023-12-26 14:24:56,293] Trial 25 finished with value: 4.071458339691162 and parameters: {'gradient_clip_val': 0.12762015536439053, 'hidden_size': 16, 'dropout': 0.24243030359358814, 'hidden_continuous_size': 8, 'attention_head_size': 2, 'learning_rate': 0.06544665439315712}. Best is trial 0 with value: 0.03375162556767464.
