[I 2023-12-15 21:30:40,135] Trial 5 finished with value: 2711.57763671875 and parameters: {'gradient_clip_val': 0.985274311463731, 'hidden_size': 63, 'dropout': 0.26592720956191795, 'hidden_continuous_size': 10, 'attention_head_size': 2, 'learning_rate': 0.0036552663724476134}. Best is trial 2 with value: 1948.4228515625.
LOCAL_RANK: 0 - CUDA_VISIBLE_DEVICES: [0]
[I 2023-12-15 21:31:25,215] Trial 6 finished with value: 1916.3001708984375 and parameters: {'gradient_clip_val': 0.5092667835168088, 'hidden_size': 14, 'dropout': 0.3778938027946094, 'hidden_continuous_size': 6, 'attention_head_size': 2, 'learning_rate': 0.00061928727310526}. Best is trial 6 with value: 1916.3001708984375.
LOCAL_RANK: 0 - CUDA_VISIBLE_DEVICES: [0]
[I 2023-12-15 21:32:14,053] Trial 7 finished with value: 938.4252319335938 and parameters: {'gradient_clip_val': 0.12873281358617059, 'hidden_size': 21, 'dropout': 0.10081830420873007, 'hidden_continuous_size': 18, 'attention_head_size': 3, 'learning_rate': 0.009727727950253548}. Best is trial 7 with value: 938.4252319335938.
LOCAL_RANK: 0 - CUDA_VISIBLE_DEVICES: [0]
[I 2023-12-15 21:33:06,283] Trial 8 finished with value: 2301.484130859375 and parameters: {'gradient_clip_val': 0.7021258719789896, 'hidden_size': 55, 'dropout': 0.27984353576793997, 'hidden_continuous_size': 21, 'attention_head_size': 1, 'learning_rate': 0.0026820613181720073}. Best is trial 7 with value: 938.4252319335938.
LOCAL_RANK: 0 - CUDA_VISIBLE_DEVICES: [0]
[I 2023-12-15 21:33:54,744] Trial 9 finished with value: 1006.650390625 and parameters: {'gradient_clip_val': 0.14683218995594804, 'hidden_size': 21, 'dropout': 0.3836341077116041, 'hidden_continuous_size': 16, 'attention_head_size': 2, 'learning_rate': 0.0013066016564220837}. Best is trial 7 with value: 938.4252319335938.
LOCAL_RANK: 0 - CUDA_VISIBLE_DEVICES: [0]
[I 2023-12-15 21:34:29,414] Trial 10 finished with value: 2696.440673828125 and parameters: {'gradient_clip_val': 0.10133025668021922, 'hidden_size': 5, 'dropout': 0.10200626419768523, 'hidden_continuous_size': 5, 'attention_head_size': 4, 'learning_rate': 0.014706597260969994}. Best is trial 7 with value: 938.4252319335938.
LOCAL_RANK: 0 - CUDA_VISIBLE_DEVICES: [0]
[I 2023-12-15 21:35:17,952] Trial 11 finished with value: 2090.558837890625 and parameters: {'gradient_clip_val': 0.15580894102904985, 'hidden_size': 23, 'dropout': 0.21157219850120007, 'hidden_continuous_size': 15, 'attention_head_size': 2, 'learning_rate': 0.0019339153112343005}. Best is trial 7 with value: 938.4252319335938.
LOCAL_RANK: 0 - CUDA_VISIBLE_DEVICES: [0]
[I 2023-12-15 21:36:06,065] Trial 12 finished with value: 1466.794921875 and parameters: {'gradient_clip_val': 0.1607023249413084, 'hidden_size': 28, 'dropout': 0.3993429496262547, 'hidden_continuous_size': 16, 'attention_head_size': 3, 'learning_rate': 0.0072674213214738055}. Best is trial 7 with value: 938.4252319335938.
LOCAL_RANK: 0 - CUDA_VISIBLE_DEVICES: [0]
[I 2023-12-15 21:37:01,853] Trial 13 finished with value: 1187.3013916015625 and parameters: {'gradient_clip_val': 0.15092341777368662, 'hidden_size': 97, 'dropout': 0.2990129171000322, 'hidden_continuous_size': 48, 'attention_head_size': 2, 'learning_rate': 0.01801685186987874}. Best is trial 7 with value: 938.4252319335938.
LOCAL_RANK: 0 - CUDA_VISIBLE_DEVICES: [0]
[I 2023-12-15 21:37:48,889] Trial 14 finished with value: 1573.5577392578125 and parameters: {'gradient_clip_val': 0.35694506143916926, 'hidden_size': 19, 'dropout': 0.1046378679135996, 'hidden_continuous_size': 9, 'attention_head_size': 1, 'learning_rate': 0.0014241894610928063}. Best is trial 7 with value: 938.4252319335938.
LOCAL_RANK: 0 - CUDA_VISIBLE_DEVICES: [0]
[I 2023-12-15 21:38:38,487] Trial 15 finished with value: 2760.927734375 and parameters: {'gradient_clip_val': 0.12389192921668268, 'hidden_size': 30, 'dropout': 0.32271672940505586, 'hidden_continuous_size': 12, 'attention_head_size': 4, 'learning_rate': 0.003601607255403038}. Best is trial 7 with value: 938.4252319335938.
LOCAL_RANK: 0 - CUDA_VISIBLE_DEVICES: [0]
[I 2023-12-15 21:39:25,444] Trial 16 finished with value: 1599.6832275390625 and parameters: {'gradient_clip_val': 0.20647541011213125, 'hidden_size': 18, 'dropout': 0.2416819087428594, 'hidden_continuous_size': 9, 'attention_head_size': 2, 'learning_rate': 0.004576170514953557}. Best is trial 7 with value: 938.4252319335938.
LOCAL_RANK: 0 - CUDA_VISIBLE_DEVICES: [0]
[I 2023-12-15 21:40:10,913] Trial 17 finished with value: 3334.501220703125 and parameters: {'gradient_clip_val': 0.10152796349781594, 'hidden_size': 11, 'dropout': 0.16987694405078674, 'hidden_continuous_size': 5, 'attention_head_size': 3, 'learning_rate': 0.0005587350030373011}. Best is trial 7 with value: 938.4252319335938.
LOCAL_RANK: 0 - CUDA_VISIBLE_DEVICES: [0]
[I 2023-12-15 21:40:58,661] Trial 18 finished with value: 2305.63671875 and parameters: {'gradient_clip_val': 0.136216808891767, 'hidden_size': 18, 'dropout': 0.32521494589609856, 'hidden_continuous_size': 11, 'attention_head_size': 3, 'learning_rate': 0.0012662940444791045}. Best is trial 7 with value: 938.4252319335938.
LOCAL_RANK: 0 - CUDA_VISIBLE_DEVICES: [0]
[I 2023-12-15 21:41:48,777] Trial 19 finished with value: 1562.4134521484375 and parameters: {'gradient_clip_val': 0.1931566534631198, 'hidden_size': 35, 'dropout': 0.2893128693063596, 'hidden_continuous_size': 14, 'attention_head_size': 2, 'learning_rate': 0.005706027877056571}. Best is trial 7 with value: 938.4252319335938.
LOCAL_RANK: 0 - CUDA_VISIBLE_DEVICES: [0]
[I 2023-12-15 21:42:36,953] Trial 20 finished with value: 803.9962768554688 and parameters: {'gradient_clip_val': 0.1298494335594601, 'hidden_size': 24, 'dropout': 0.2562975192220607, 'hidden_continuous_size': 13, 'attention_head_size': 4, 'learning_rate': 0.0022928388656655195}. Best is trial 20 with value: 803.9962768554688.
LOCAL_RANK: 0 - CUDA_VISIBLE_DEVICES: [0]
[I 2023-12-15 21:43:24,984] Trial 21 finished with value: 937.7755737304688 and parameters: {'gradient_clip_val': 0.13572941523747123, 'hidden_size': 24, 'dropout': 0.25853067130672475, 'hidden_continuous_size': 13, 'attention_head_size': 4, 'learning_rate': 0.0025152107605489376}. Best is trial 20 with value: 803.9962768554688.
LOCAL_RANK: 0 - CUDA_VISIBLE_DEVICES: [0]
[I 2023-12-15 21:44:14,644] Trial 22 finished with value: 3242.0498046875 and parameters: {'gradient_clip_val': 0.12181302525491511, 'hidden_size': 26, 'dropout': 0.2512645612472192, 'hidden_continuous_size': 12, 'attention_head_size': 4, 'learning_rate': 0.0024450770354679336}. Best is trial 20 with value: 803.9962768554688.
LOCAL_RANK: 0 - CUDA_VISIBLE_DEVICES: [0]
[I 2023-12-15 21:45:07,320] Trial 23 finished with value: 1706.4725341796875 and parameters: {'gradient_clip_val': 0.1772001274426613, 'hidden_size': 37, 'dropout': 0.23540464914643672, 'hidden_continuous_size': 19, 'attention_head_size': 4, 'learning_rate': 0.002686350780975708}. Best is trial 20 with value: 803.9962768554688.
LOCAL_RANK: 0 - CUDA_VISIBLE_DEVICES: [0]
[I 2023-12-15 21:45:52,743] Trial 24 finished with value: 1724.6195068359375 and parameters: {'gradient_clip_val': 0.12190235756797187, 'hidden_size': 16, 'dropout': 0.2662979625897893, 'hidden_continuous_size': 8, 'attention_head_size': 4, 'learning_rate': 0.010754418736166243}. Best is trial 20 with value: 803.9962768554688.
LOCAL_RANK: 0 - CUDA_VISIBLE_DEVICES: [0]
[I 2023-12-15 21:46:42,091] Trial 25 finished with value: 1726.6806640625 and parameters: {'gradient_clip_val': 0.13360656923621655, 'hidden_size': 25, 'dropout': 0.20934722743894324, 'hidden_continuous_size': 13, 'attention_head_size': 4, 'learning_rate': 0.00567486601207477}. Best is trial 20 with value: 803.9962768554688.
LOCAL_RANK: 0 - CUDA_VISIBLE_DEVICES: [0]
[I 2023-12-15 21:47:31,433] Trial 26 finished with value: 2983.374755859375 and parameters: {'gradient_clip_val': 0.17638045277240702, 'hidden_size': 21, 'dropout': 0.1939487759031271, 'hidden_continuous_size': 12, 'attention_head_size': 4, 'learning_rate': 0.004126064786242815}. Best is trial 20 with value: 803.9962768554688.
LOCAL_RANK: 0 - CUDA_VISIBLE_DEVICES: [0]
[I 2023-12-15 21:48:17,532] Trial 27 finished with value: 1096.57763671875 and parameters: {'gradient_clip_val': 0.10042202620539623, 'hidden_size': 15, 'dropout': 0.13217693043563908, 'hidden_continuous_size': 10, 'attention_head_size': 3, 'learning_rate': 0.00191208934394848}. Best is trial 20 with value: 803.9962768554688.
LOCAL_RANK: 0 - CUDA_VISIBLE_DEVICES: [0]
[I 2023-12-15 21:49:07,146] Trial 28 finished with value: 2640.048095703125 and parameters: {'gradient_clip_val': 0.23206428719829694, 'hidden_size': 31, 'dropout': 0.23029527923690837, 'hidden_continuous_size': 14, 'attention_head_size': 4, 'learning_rate': 0.010242901706547224}. Best is trial 20 with value: 803.9962768554688.
LOCAL_RANK: 0 - CUDA_VISIBLE_DEVICES: [0]
[I 2023-12-15 21:49:56,365] Trial 29 finished with value: 1715.9810791015625 and parameters: {'gradient_clip_val': 0.24771455354980235, 'hidden_size': 23, 'dropout': 0.18260910029403016, 'hidden_continuous_size': 11, 'attention_head_size': 3, 'learning_rate': 0.006080285444024342}. Best is trial 20 with value: 803.9962768554688.
LOCAL_RANK: 0 - CUDA_VISIBLE_DEVICES: [0]
[I 2023-12-15 21:50:48,755] Trial 30 finished with value: 2615.426513671875 and parameters: {'gradient_clip_val': 0.17119585914672988, 'hidden_size': 45, 'dropout': 0.15015735892182386, 'hidden_continuous_size': 18, 'attention_head_size': 3, 'learning_rate': 0.0009096846333644568}. Best is trial 20 with value: 803.9962768554688.
LOCAL_RANK: 0 - CUDA_VISIBLE_DEVICES: [0]
[I 2023-12-15 21:51:38,048] Trial 31 finished with value: 2588.942138671875 and parameters: {'gradient_clip_val': 0.13690655963699883, 'hidden_size': 22, 'dropout': 0.2603975966190611, 'hidden_continuous_size': 13, 'attention_head_size': 4, 'learning_rate': 0.0019326046566771793}. Best is trial 20 with value: 803.9962768554688.
LOCAL_RANK: 0 - CUDA_VISIBLE_DEVICES: [0]
[I 2023-12-15 21:52:25,823] Trial 32 finished with value: 1274.61181640625 and parameters: {'gradient_clip_val': 0.1438995958527234, 'hidden_size': 28, 'dropout': 0.22275431131560425, 'hidden_continuous_size': 16, 'attention_head_size': 2, 'learning_rate': 0.001303097838828828}. Best is trial 20 with value: 803.9962768554688.
LOCAL_RANK: 0 - CUDA_VISIBLE_DEVICES: [0]
[I 2023-12-15 21:53:14,056] Trial 33 finished with value: 2866.458251953125 and parameters: {'gradient_clip_val': 0.11991783008624453, 'hidden_size': 20, 'dropout': 0.19577280129708513, 'hidden_continuous_size': 14, 'attention_head_size': 4, 'learning_rate': 0.04094356499803145}. Best is trial 20 with value: 803.9962768554688.
LOCAL_RANK: 0 - CUDA_VISIBLE_DEVICES: [0]
[I 2023-12-15 21:53:58,618] Trial 34 finished with value: 2697.7744140625 and parameters: {'gradient_clip_val': 0.15457609781787718, 'hidden_size': 13, 'dropout': 0.25241650696213874, 'hidden_continuous_size': 7, 'attention_head_size': 1, 'learning_rate': 0.00088508576457625}. Best is trial 20 with value: 803.9962768554688.
LOCAL_RANK: 0 - CUDA_VISIBLE_DEVICES: [0]
[I 2023-12-15 21:54:44,270] Trial 35 finished with value: 1349.9947509765625 and parameters: {'gradient_clip_val': 0.11572888859474834, 'hidden_size': 11, 'dropout': 0.34503557937347695, 'hidden_continuous_size': 8, 'attention_head_size': 3, 'learning_rate': 0.0029568273342035164}. Best is trial 20 with value: 803.9962768554688.
LOCAL_RANK: 0 - CUDA_VISIBLE_DEVICES: [0]
[I 2023-12-15 21:55:31,487] Trial 36 finished with value: 3474.188232421875 and parameters: {'gradient_clip_val': 0.18961251267498025, 'hidden_size': 17, 'dropout': 0.27925731321052033, 'hidden_continuous_size': 11, 'attention_head_size': 3, 'learning_rate': 0.004307532221626201}. Best is trial 20 with value: 803.9962768554688.
LOCAL_RANK: 0 - CUDA_VISIBLE_DEVICES: [0]
[I 2023-12-15 21:56:18,895] Trial 37 finished with value: 880.2175903320312 and parameters: {'gradient_clip_val': 0.14099890259102715, 'hidden_size': 24, 'dropout': 0.30048848154136387, 'hidden_continuous_size': 16, 'attention_head_size': 2, 'learning_rate': 0.0015374691214030817}. Best is trial 20 with value: 803.9962768554688.
LOCAL_RANK: 0 - CUDA_VISIBLE_DEVICES: [0]
[I 2023-12-15 21:57:10,806] Trial 38 finished with value: 2171.430908203125 and parameters: {'gradient_clip_val': 0.2231807869320119, 'hidden_size': 33, 'dropout': 0.24391547902541813, 'hidden_continuous_size': 18, 'attention_head_size': 4, 'learning_rate': 0.0031989040680393916}. Best is trial 20 with value: 803.9962768554688.
LOCAL_RANK: 0 - CUDA_VISIBLE_DEVICES: [0]
[I 2023-12-15 21:57:59,792] Trial 39 finished with value: 2665.150634765625 and parameters: {'gradient_clip_val': 0.2719098222716874, 'hidden_size': 27, 'dropout': 0.30377330926073276, 'hidden_continuous_size': 15, 'attention_head_size': 3, 'learning_rate': 0.002321559598013303}. Best is trial 20 with value: 803.9962768554688.
LOCAL_RANK: 0 - CUDA_VISIBLE_DEVICES: [0]
[I 2023-12-15 21:58:51,923] Trial 40 finished with value: 985.398193359375 and parameters: {'gradient_clip_val': 0.10783952771279572, 'hidden_size': 41, 'dropout': 0.27224544566484454, 'hidden_continuous_size': 20, 'attention_head_size': 2, 'learning_rate': 0.0007517931956083544}. Best is trial 20 with value: 803.9962768554688.
LOCAL_RANK: 0 - CUDA_VISIBLE_DEVICES: [0]
[I 2023-12-15 21:59:44,053] Trial 41 finished with value: 1565.5765380859375 and parameters: {'gradient_clip_val': 0.1086425163493136, 'hidden_size': 43, 'dropout': 0.27303190002499655, 'hidden_continuous_size': 23, 'attention_head_size': 2, 'learning_rate': 0.0007185042130037638}. Best is trial 20 with value: 803.9962768554688.
LOCAL_RANK: 0 - CUDA_VISIBLE_DEVICES: [0]
[I 2023-12-15 22:00:35,159] Trial 42 finished with value: 2014.0347900390625 and parameters: {'gradient_clip_val': 0.13759190023042495, 'hidden_size': 33, 'dropout': 0.2868063343374824, 'hidden_continuous_size': 20, 'attention_head_size': 2, 'learning_rate': 0.0005366731142601141}. Best is trial 20 with value: 803.9962768554688.
LOCAL_RANK: 0 - CUDA_VISIBLE_DEVICES: [0]
[I 2023-12-15 22:01:22,167] Trial 43 finished with value: 450.164794921875 and parameters: {'gradient_clip_val': 0.1111391583255511, 'hidden_size': 24, 'dropout': 0.2620908919278147, 'hidden_continuous_size': 17, 'attention_head_size': 1, 'learning_rate': 0.000773789634895438}. Best is trial 43 with value: 450.164794921875.
LOCAL_RANK: 0 - CUDA_VISIBLE_DEVICES: [0]
[I 2023-12-15 22:02:10,617] Trial 44 finished with value: 1257.6220703125 and parameters: {'gradient_clip_val': 0.12833377064877421, 'hidden_size': 25, 'dropout': 0.2557783977347418, 'hidden_continuous_size': 16, 'attention_head_size': 1, 'learning_rate': 0.0010626981043200248}. Best is trial 43 with value: 450.164794921875.
LOCAL_RANK: 0 - CUDA_VISIBLE_DEVICES: [0]
[I 2023-12-15 22:02:58,682] Trial 45 finished with value: 784.24853515625 and parameters: {'gradient_clip_val': 0.16094940525650075, 'hidden_size': 22, 'dropout': 0.22541760894875412, 'hidden_continuous_size': 15, 'attention_head_size': 1, 'learning_rate': 0.0016427715794867766}. Best is trial 43 with value: 450.164794921875.
LOCAL_RANK: 0 - CUDA_VISIBLE_DEVICES: [0]
[I 2023-12-15 22:03:45,587] Trial 46 finished with value: 505.704345703125 and parameters: {'gradient_clip_val': 0.15830280902835056, 'hidden_size': 24, 'dropout': 0.226134430610606, 'hidden_continuous_size': 13, 'attention_head_size': 1, 'learning_rate': 0.0016933154765332462}. Best is trial 43 with value: 450.164794921875.
LOCAL_RANK: 0 - CUDA_VISIBLE_DEVICES: [0]
[I 2023-12-15 22:04:31,395] Trial 47 finished with value: 1890.4873046875 and parameters: {'gradient_clip_val': 0.16399936605349133, 'hidden_size': 15, 'dropout': 0.22613866223750004, 'hidden_continuous_size': 13, 'attention_head_size': 1, 'learning_rate': 0.0014851713381862576}. Best is trial 43 with value: 450.164794921875.
LOCAL_RANK: 0 - CUDA_VISIBLE_DEVICES: [0]
[I 2023-12-15 22:05:19,444] Trial 48 finished with value: 2048.324462890625 and parameters: {'gradient_clip_val': 0.11268474389897898, 'hidden_size': 19, 'dropout': 0.24049521843782412, 'hidden_continuous_size': 15, 'attention_head_size': 1, 'learning_rate': 0.001016999945070871}. Best is trial 43 with value: 450.164794921875.
LOCAL_RANK: 0 - CUDA_VISIBLE_DEVICES: [0]
[I 2023-12-15 22:06:08,174] Trial 49 finished with value: 811.4846801757812 and parameters: {'gradient_clip_val': 0.15009388411381708, 'hidden_size': 29, 'dropout': 0.21234892496000923, 'hidden_continuous_size': 17, 'attention_head_size': 1, 'learning_rate': 0.0016278417687120106}. Best is trial 43 with value: 450.164794921875.
[I 2023-12-15 22:06:08,267] A new study created in memory with name: no-name-15cf324f-f5d7-4ebf-a13a-bd6ed019d2a5
/home/le004/conda/anaconda3/envs/tsff_env/lib/python3.9/site-packages/lightning/fabric/plugins/environments/slurm.py:191: The `srun` command is available on your system but is not used. HINT: If your intention is to run Lightning on SLURM, prepend your python command with `srun` like so: srun python /home/le004/master_thesis/git/TSFusionForecast/code/ ...
LOCAL_RANK: 0 - CUDA_VISIBLE_DEVICES: [0]
[I 2023-12-15 22:06:54,469] Trial 0 finished with value: 2916.123046875 and parameters: {'gradient_clip_val': 0.4385682544262511, 'hidden_size': 24, 'dropout': 0.16184149167382783, 'hidden_continuous_size': 7, 'attention_head_size': 1, 'learning_rate': 0.009323409562279424}. Best is trial 0 with value: 2916.123046875.
LOCAL_RANK: 0 - CUDA_VISIBLE_DEVICES: [0]
[I 2023-12-15 22:07:42,805] Trial 1 finished with value: 2372.610595703125 and parameters: {'gradient_clip_val': 0.6459442373701357, 'hidden_size': 25, 'dropout': 0.21276552064411913, 'hidden_continuous_size': 7, 'attention_head_size': 2, 'learning_rate': 0.0005267146140272018}. Best is trial 1 with value: 2372.610595703125.
LOCAL_RANK: 0 - CUDA_VISIBLE_DEVICES: [0]
[I 2023-12-15 22:08:31,642] Trial 2 finished with value: 2674.4794921875 and parameters: {'gradient_clip_val': 0.34082789677512, 'hidden_size': 40, 'dropout': 0.32846201220197857, 'hidden_continuous_size': 6, 'attention_head_size': 3, 'learning_rate': 0.008637326172236132}. Best is trial 1 with value: 2372.610595703125.
LOCAL_RANK: 0 - CUDA_VISIBLE_DEVICES: [0]
[I 2023-12-15 22:09:20,387] Trial 3 finished with value: 2452.44140625 and parameters: {'gradient_clip_val': 0.6502654842839759, 'hidden_size': 34, 'dropout': 0.3667047000103675, 'hidden_continuous_size': 6, 'attention_head_size': 1, 'learning_rate': 0.0008027893758428778}. Best is trial 1 with value: 2372.610595703125.
LOCAL_RANK: 0 - CUDA_VISIBLE_DEVICES: [0]
[I 2023-12-15 22:10:05,837] Trial 4 finished with value: 2498.583251953125 and parameters: {'gradient_clip_val': 0.6115009952840037, 'hidden_size': 14, 'dropout': 0.2839370638322213, 'hidden_continuous_size': 7, 'attention_head_size': 3, 'learning_rate': 0.006123479854974073}. Best is trial 1 with value: 2372.610595703125.
LOCAL_RANK: 0 - CUDA_VISIBLE_DEVICES: [0]
[I 2023-12-15 22:10:52,622] Trial 5 finished with value: 4515.23681640625 and parameters: {'gradient_clip_val': 0.2169407342820025, 'hidden_size': 17, 'dropout': 0.3030426703383349, 'hidden_continuous_size': 8, 'attention_head_size': 4, 'learning_rate': 0.0006716539428802998}. Best is trial 1 with value: 2372.610595703125.
LOCAL_RANK: 0 - CUDA_VISIBLE_DEVICES: [0]
[I 2023-12-15 22:11:27,287] Trial 6 finished with value: 3574.974609375 and parameters: {'gradient_clip_val': 0.31032924204536916, 'hidden_size': 6, 'dropout': 0.13084367140692205, 'hidden_continuous_size': 6, 'attention_head_size': 4, 'learning_rate': 0.035070817454796635}. Best is trial 1 with value: 2372.610595703125.
LOCAL_RANK: 0 - CUDA_VISIBLE_DEVICES: [0]
[I 2023-12-15 22:12:15,923] Trial 7 finished with value: 2648.599609375 and parameters: {'gradient_clip_val': 0.4687269486077752, 'hidden_size': 31, 'dropout': 0.2907009608511153, 'hidden_continuous_size': 10, 'attention_head_size': 2, 'learning_rate': 0.0006215968887798477}. Best is trial 1 with value: 2372.610595703125.
LOCAL_RANK: 0 - CUDA_VISIBLE_DEVICES: [0]
[I 2023-12-15 22:13:03,984] Trial 8 finished with value: 3776.1015625 and parameters: {'gradient_clip_val': 0.4534331761024788, 'hidden_size': 24, 'dropout': 0.23896636857814502, 'hidden_continuous_size': 12, 'attention_head_size': 4, 'learning_rate': 0.0017705436020584622}. Best is trial 1 with value: 2372.610595703125.
LOCAL_RANK: 0 - CUDA_VISIBLE_DEVICES: [0]
[I 2023-12-15 22:13:53,400] Trial 9 finished with value: 5244.7353515625 and parameters: {'gradient_clip_val': 0.3013210270243061, 'hidden_size': 30, 'dropout': 0.2408192831583834, 'hidden_continuous_size': 15, 'attention_head_size': 3, 'learning_rate': 0.001194883512798892}. Best is trial 1 with value: 2372.610595703125.
LOCAL_RANK: 0 - CUDA_VISIBLE_DEVICES: [0]
[I 2023-12-15 22:14:47,660] Trial 10 finished with value: 7594.52783203125 and parameters: {'gradient_clip_val': 0.9761095640400043, 'hidden_size': 90, 'dropout': 0.1848296786488121, 'hidden_continuous_size': 27, 'attention_head_size': 2, 'learning_rate': 0.002697256209010536}. Best is trial 1 with value: 2372.610595703125.
LOCAL_RANK: 0 - CUDA_VISIBLE_DEVICES: [0]
[I 2023-12-15 22:15:37,683] Trial 11 finished with value: 3471.120361328125 and parameters: {'gradient_clip_val': 0.12577385117127934, 'hidden_size': 49, 'dropout': 0.37645032007683804, 'hidden_continuous_size': 5, 'attention_head_size': 1, 'learning_rate': 0.0005466313848304178}. Best is trial 1 with value: 2372.610595703125.
LOCAL_RANK: 0 - CUDA_VISIBLE_DEVICES: [0]
[I 2023-12-15 22:16:20,930] Trial 12 finished with value: 3059.000732421875 and parameters: {'gradient_clip_val': 0.8605221153335905, 'hidden_size': 12, 'dropout': 0.3913341807937584, 'hidden_continuous_size': 5, 'attention_head_size': 1, 'learning_rate': 0.0012992000996707585}. Best is trial 1 with value: 2372.610595703125.
LOCAL_RANK: 0 - CUDA_VISIBLE_DEVICES: [0]
