[I 2023-12-16 16:13:56,026] Trial 45 finished with value: 134.50975036621094 and parameters: {'gradient_clip_val': 0.3028779686449403, 'hidden_size': 15, 'dropout': 0.3386508771131066, 'hidden_continuous_size': 11, 'attention_head_size': 1, 'learning_rate': 0.024012331332649697}. Best is trial 17 with value: 61.56669998168945.
LOCAL_RANK: 0 - CUDA_VISIBLE_DEVICES: [0]
[I 2023-12-16 16:14:40,661] Trial 46 finished with value: 85.72992706298828 and parameters: {'gradient_clip_val': 0.26737301326403534, 'hidden_size': 11, 'dropout': 0.3869648978058694, 'hidden_continuous_size': 6, 'attention_head_size': 2, 'learning_rate': 0.014864767655220431}. Best is trial 17 with value: 61.56669998168945.
LOCAL_RANK: 0 - CUDA_VISIBLE_DEVICES: [0]
[I 2023-12-16 16:15:25,804] Trial 47 finished with value: 122.1949691772461 and parameters: {'gradient_clip_val': 0.17334763244383083, 'hidden_size': 15, 'dropout': 0.36662832933463124, 'hidden_continuous_size': 11, 'attention_head_size': 1, 'learning_rate': 0.05828970418485758}. Best is trial 17 with value: 61.56669998168945.
LOCAL_RANK: 0 - CUDA_VISIBLE_DEVICES: [0]
[I 2023-12-16 16:16:10,355] Trial 48 finished with value: 302.1368713378906 and parameters: {'gradient_clip_val': 0.21448644906702033, 'hidden_size': 7, 'dropout': 0.25865091491656006, 'hidden_continuous_size': 5, 'attention_head_size': 2, 'learning_rate': 0.03292230043985951}. Best is trial 17 with value: 61.56669998168945.
LOCAL_RANK: 0 - CUDA_VISIBLE_DEVICES: [0]
[I 2023-12-16 16:16:57,568] Trial 49 finished with value: 87.87567138671875 and parameters: {'gradient_clip_val': 0.15196637664741774, 'hidden_size': 18, 'dropout': 0.2871015746147499, 'hidden_continuous_size': 13, 'attention_head_size': 1, 'learning_rate': 0.08246286770420103}. Best is trial 17 with value: 61.56669998168945.
[I 2023-12-16 16:16:57,665] A new study created in memory with name: no-name-191299e9-9783-4d43-8ccc-3bf7784eee49
/home/le004/conda/anaconda3/envs/tsff_env/lib/python3.9/site-packages/lightning/fabric/plugins/environments/slurm.py:191: The `srun` command is available on your system but is not used. HINT: If your intention is to run Lightning on SLURM, prepend your python command with `srun` like so: srun python /home/le004/master_thesis/git/TSFusionForecast/code/ ...
LOCAL_RANK: 0 - CUDA_VISIBLE_DEVICES: [0]
[I 2023-12-16 16:17:49,267] Trial 0 finished with value: 1119.0360107421875 and parameters: {'gradient_clip_val': 0.10560924684277313, 'hidden_size': 43, 'dropout': 0.3273791484610795, 'hidden_continuous_size': 11, 'attention_head_size': 2, 'learning_rate': 0.0016273419478609063}. Best is trial 0 with value: 1119.0360107421875.
LOCAL_RANK: 0 - CUDA_VISIBLE_DEVICES: [0]
[I 2023-12-16 16:18:23,449] Trial 1 finished with value: 2169.633544921875 and parameters: {'gradient_clip_val': 0.7783913095755577, 'hidden_size': 5, 'dropout': 0.2413946680124824, 'hidden_continuous_size': 5, 'attention_head_size': 4, 'learning_rate': 0.029404067918015565}. Best is trial 0 with value: 1119.0360107421875.
LOCAL_RANK: 0 - CUDA_VISIBLE_DEVICES: [0]
[I 2023-12-16 16:19:07,942] Trial 2 finished with value: 739.5689086914062 and parameters: {'gradient_clip_val': 0.6766420333006335, 'hidden_size': 10, 'dropout': 0.21716097405997273, 'hidden_continuous_size': 6, 'attention_head_size': 2, 'learning_rate': 0.01528481198691989}. Best is trial 2 with value: 739.5689086914062.
LOCAL_RANK: 0 - CUDA_VISIBLE_DEVICES: [0]
[I 2023-12-16 16:19:53,020] Trial 3 finished with value: 1788.4925537109375 and parameters: {'gradient_clip_val': 0.9093493782353695, 'hidden_size': 10, 'dropout': 0.2250414561630662, 'hidden_continuous_size': 6, 'attention_head_size': 3, 'learning_rate': 0.0031405168418411292}. Best is trial 2 with value: 739.5689086914062.
LOCAL_RANK: 0 - CUDA_VISIBLE_DEVICES: [0]
[I 2023-12-16 16:20:38,209] Trial 4 finished with value: 2631.740966796875 and parameters: {'gradient_clip_val': 0.21959239266457278, 'hidden_size': 9, 'dropout': 0.10021915041328561, 'hidden_continuous_size': 6, 'attention_head_size': 4, 'learning_rate': 0.0007341467544450273}. Best is trial 2 with value: 739.5689086914062.
LOCAL_RANK: 0 - CUDA_VISIBLE_DEVICES: [0]
[I 2023-12-16 16:21:22,830] Trial 5 finished with value: 721.6996459960938 and parameters: {'gradient_clip_val': 0.8304452911976008, 'hidden_size': 8, 'dropout': 0.1741942153771503, 'hidden_continuous_size': 7, 'attention_head_size': 4, 'learning_rate': 0.010035309054148546}. Best is trial 5 with value: 721.6996459960938.
LOCAL_RANK: 0 - CUDA_VISIBLE_DEVICES: [0]
[I 2023-12-16 16:22:11,259] Trial 6 finished with value: 1630.5283203125 and parameters: {'gradient_clip_val': 0.2984060151133231, 'hidden_size': 29, 'dropout': 0.21021877159403685, 'hidden_continuous_size': 7, 'attention_head_size': 3, 'learning_rate': 0.0012850777317673133}. Best is trial 5 with value: 721.6996459960938.
LOCAL_RANK: 0 - CUDA_VISIBLE_DEVICES: [0]
[I 2023-12-16 16:22:55,871] Trial 7 finished with value: 2679.19140625 and parameters: {'gradient_clip_val': 0.15861432252580973, 'hidden_size': 11, 'dropout': 0.37541168239950773, 'hidden_continuous_size': 5, 'attention_head_size': 2, 'learning_rate': 0.0015691971679835308}. Best is trial 5 with value: 721.6996459960938.
LOCAL_RANK: 0 - CUDA_VISIBLE_DEVICES: [0]
[I 2023-12-16 16:23:30,091] Trial 8 finished with value: 942.6449584960938 and parameters: {'gradient_clip_val': 0.23176230874059953, 'hidden_size': 5, 'dropout': 0.1201185134253614, 'hidden_continuous_size': 5, 'attention_head_size': 2, 'learning_rate': 0.01973457581614964}. Best is trial 5 with value: 721.6996459960938.
LOCAL_RANK: 0 - CUDA_VISIBLE_DEVICES: [0]
[I 2023-12-16 16:24:15,122] Trial 9 finished with value: 783.37646484375 and parameters: {'gradient_clip_val': 0.12625581458233762, 'hidden_size': 11, 'dropout': 0.1405853011550806, 'hidden_continuous_size': 10, 'attention_head_size': 1, 'learning_rate': 0.02701069522718628}. Best is trial 5 with value: 721.6996459960938.
LOCAL_RANK: 0 - CUDA_VISIBLE_DEVICES: [0]
[I 2023-12-16 16:25:10,829] Trial 10 finished with value: 1573.79296875 and parameters: {'gradient_clip_val': 0.5214571319904657, 'hidden_size': 99, 'dropout': 0.17007205335411776, 'hidden_continuous_size': 34, 'attention_head_size': 4, 'learning_rate': 0.06371183528782866}. Best is trial 5 with value: 721.6996459960938.
LOCAL_RANK: 0 - CUDA_VISIBLE_DEVICES: [0]
[I 2023-12-16 16:25:56,726] Trial 11 finished with value: 1238.2769775390625 and parameters: {'gradient_clip_val': 0.5488722976216579, 'hidden_size': 17, 'dropout': 0.17125385700355086, 'hidden_continuous_size': 8, 'attention_head_size': 1, 'learning_rate': 0.0062360038080901915}. Best is trial 5 with value: 721.6996459960938.
LOCAL_RANK: 0 - CUDA_VISIBLE_DEVICES: [0]
[I 2023-12-16 16:26:41,565] Trial 12 finished with value: 1510.3065185546875 and parameters: {'gradient_clip_val': 0.52848631297127, 'hidden_size': 7, 'dropout': 0.288084473115072, 'hidden_continuous_size': 6, 'attention_head_size': 3, 'learning_rate': 0.007758840712416704}. Best is trial 5 with value: 721.6996459960938.
LOCAL_RANK: 0 - CUDA_VISIBLE_DEVICES: [0]
[I 2023-12-16 16:27:26,519] Trial 13 finished with value: 2000.9447021484375 and parameters: {'gradient_clip_val': 0.9333693075291931, 'hidden_size': 15, 'dropout': 0.18444980509160294, 'hidden_continuous_size': 7, 'attention_head_size': 2, 'learning_rate': 0.009064572425570752}. Best is trial 5 with value: 721.6996459960938.
LOCAL_RANK: 0 - CUDA_VISIBLE_DEVICES: [0]
[I 2023-12-16 16:28:11,168] Trial 14 finished with value: 2492.396484375 and parameters: {'gradient_clip_val': 0.6333524956215563, 'hidden_size': 7, 'dropout': 0.2448865356232874, 'hidden_continuous_size': 5, 'attention_head_size': 3, 'learning_rate': 0.09681837738106644}. Best is trial 5 with value: 721.6996459960938.
LOCAL_RANK: 0 - CUDA_VISIBLE_DEVICES: [0]
[I 2023-12-16 16:28:54,900] Trial 15 finished with value: 1396.4537353515625 and parameters: {'gradient_clip_val': 0.38671286150926726, 'hidden_size': 16, 'dropout': 0.27708611676641814, 'hidden_continuous_size': 8, 'attention_head_size': 1, 'learning_rate': 0.013105485938057701}. Best is trial 5 with value: 721.6996459960938.
LOCAL_RANK: 0 - CUDA_VISIBLE_DEVICES: [0]
[I 2023-12-16 16:29:40,046] Trial 16 finished with value: 1500.3670654296875 and parameters: {'gradient_clip_val': 0.7059286560506649, 'hidden_size': 7, 'dropout': 0.20217669638296745, 'hidden_continuous_size': 5, 'attention_head_size': 4, 'learning_rate': 0.004744428414076453}. Best is trial 5 with value: 721.6996459960938.
LOCAL_RANK: 0 - CUDA_VISIBLE_DEVICES: [0]
[I 2023-12-16 16:30:28,353] Trial 17 finished with value: 2776.218994140625 and parameters: {'gradient_clip_val': 0.42460390110124885, 'hidden_size': 23, 'dropout': 0.14519557698267674, 'hidden_continuous_size': 10, 'attention_head_size': 3, 'learning_rate': 0.013928015602688514}. Best is trial 5 with value: 721.6996459960938.
LOCAL_RANK: 0 - CUDA_VISIBLE_DEVICES: [0]
[I 2023-12-16 16:31:01,674] Trial 18 finished with value: 2189.474853515625 and parameters: {'gradient_clip_val': 0.7573482255846262, 'hidden_size': 5, 'dropout': 0.20139988936929598, 'hidden_continuous_size': 5, 'attention_head_size': 2, 'learning_rate': 0.003846194073420633}. Best is trial 5 with value: 721.6996459960938.
LOCAL_RANK: 0 - CUDA_VISIBLE_DEVICES: [0]
[I 2023-12-16 16:31:45,027] Trial 19 finished with value: 2530.774169921875 and parameters: {'gradient_clip_val': 0.9713331559323, 'hidden_size': 12, 'dropout': 0.15903304893057227, 'hidden_continuous_size': 6, 'attention_head_size': 1, 'learning_rate': 0.009014044584208205}. Best is trial 5 with value: 721.6996459960938.
LOCAL_RANK: 0 - CUDA_VISIBLE_DEVICES: [0]
[I 2023-12-16 16:32:29,824] Trial 20 finished with value: 1634.13818359375 and parameters: {'gradient_clip_val': 0.6456874124400138, 'hidden_size': 8, 'dropout': 0.18885688549857532, 'hidden_continuous_size': 6, 'attention_head_size': 4, 'learning_rate': 0.0387691320992661}. Best is trial 5 with value: 721.6996459960938.
LOCAL_RANK: 0 - CUDA_VISIBLE_DEVICES: [0]
[I 2023-12-16 16:33:12,995] Trial 21 finished with value: 2099.046630859375 and parameters: {'gradient_clip_val': 0.3454282716014836, 'hidden_size': 12, 'dropout': 0.14669305432601332, 'hidden_continuous_size': 7, 'attention_head_size': 1, 'learning_rate': 0.02268217395662912}. Best is trial 5 with value: 721.6996459960938.
LOCAL_RANK: 0 - CUDA_VISIBLE_DEVICES: [0]
[I 2023-12-16 16:33:57,676] Trial 22 finished with value: 1409.1763916015625 and parameters: {'gradient_clip_val': 0.4752385741338691, 'hidden_size': 10, 'dropout': 0.13641192001202343, 'hidden_continuous_size': 8, 'attention_head_size': 1, 'learning_rate': 0.042803950984629434}. Best is trial 5 with value: 721.6996459960938.
LOCAL_RANK: 0 - CUDA_VISIBLE_DEVICES: [0]
[I 2023-12-16 16:34:43,282] Trial 23 finished with value: 1172.4615478515625 and parameters: {'gradient_clip_val': 0.6203393419871043, 'hidden_size': 13, 'dropout': 0.12704896313495428, 'hidden_continuous_size': 10, 'attention_head_size': 2, 'learning_rate': 0.01642440631605557}. Best is trial 5 with value: 721.6996459960938.
LOCAL_RANK: 0 - CUDA_VISIBLE_DEVICES: [0]
[I 2023-12-16 16:35:25,955] Trial 24 finished with value: 2388.545654296875 and parameters: {'gradient_clip_val': 0.10033993584691775, 'hidden_size': 8, 'dropout': 0.16567863024467414, 'hidden_continuous_size': 6, 'attention_head_size': 1, 'learning_rate': 0.02651009801348585}. Best is trial 5 with value: 721.6996459960938.
LOCAL_RANK: 0 - CUDA_VISIBLE_DEVICES: [0]
[I 2023-12-16 16:36:10,521] Trial 25 finished with value: 964.0510864257812 and parameters: {'gradient_clip_val': 0.8318921832166959, 'hidden_size': 6, 'dropout': 0.22413427495228375, 'hidden_continuous_size': 5, 'attention_head_size': 2, 'learning_rate': 0.011306600476449996}. Best is trial 5 with value: 721.6996459960938.
LOCAL_RANK: 0 - CUDA_VISIBLE_DEVICES: [0]
[I 2023-12-16 16:36:55,571] Trial 26 finished with value: 1783.2265625 and parameters: {'gradient_clip_val': 0.43541320064752914, 'hidden_size': 9, 'dropout': 0.10202200693274063, 'hidden_continuous_size': 7, 'attention_head_size': 3, 'learning_rate': 0.01648093839595662}. Best is trial 5 with value: 721.6996459960938.
LOCAL_RANK: 0 - CUDA_VISIBLE_DEVICES: [0]
[I 2023-12-16 16:37:39,434] Trial 27 finished with value: 2260.337158203125 and parameters: {'gradient_clip_val': 0.7530214205082312, 'hidden_size': 6, 'dropout': 0.18848427735386086, 'hidden_continuous_size': 5, 'attention_head_size': 1, 'learning_rate': 0.034582226468558075}. Best is trial 5 with value: 721.6996459960938.
LOCAL_RANK: 0 - CUDA_VISIBLE_DEVICES: [0]
[I 2023-12-16 16:38:24,792] Trial 28 finished with value: 2545.728515625 and parameters: {'gradient_clip_val': 0.5923899878158215, 'hidden_size': 14, 'dropout': 0.15391990274489128, 'hidden_continuous_size': 9, 'attention_head_size': 2, 'learning_rate': 0.021547272604696986}. Best is trial 5 with value: 721.6996459960938.
LOCAL_RANK: 0 - CUDA_VISIBLE_DEVICES: [0]
[I 2023-12-16 16:39:12,486] Trial 29 finished with value: 2233.120849609375 and parameters: {'gradient_clip_val': 0.14309654010907072, 'hidden_size': 22, 'dropout': 0.27370534183892464, 'hidden_continuous_size': 12, 'attention_head_size': 1, 'learning_rate': 0.005970996910999566}. Best is trial 5 with value: 721.6996459960938.
LOCAL_RANK: 0 - CUDA_VISIBLE_DEVICES: [0]
[I 2023-12-16 16:40:00,484] Trial 30 finished with value: 1862.2547607421875 and parameters: {'gradient_clip_val': 0.1106002664516319, 'hidden_size': 19, 'dropout': 0.1328725619309914, 'hidden_continuous_size': 12, 'attention_head_size': 3, 'learning_rate': 0.012052498887536404}. Best is trial 5 with value: 721.6996459960938.
LOCAL_RANK: 0 - CUDA_VISIBLE_DEVICES: [0]
[I 2023-12-16 16:40:34,460] Trial 31 finished with value: 1576.2509765625 and parameters: {'gradient_clip_val': 0.2547042261470115, 'hidden_size': 5, 'dropout': 0.12294064609513608, 'hidden_continuous_size': 5, 'attention_head_size': 2, 'learning_rate': 0.017100442065535324}. Best is trial 5 with value: 721.6996459960938.
LOCAL_RANK: 0 - CUDA_VISIBLE_DEVICES: [0]
[I 2023-12-16 16:41:18,879] Trial 32 finished with value: 1766.4603271484375 and parameters: {'gradient_clip_val': 0.16983289813506655, 'hidden_size': 6, 'dropout': 0.11339821286670926, 'hidden_continuous_size': 5, 'attention_head_size': 2, 'learning_rate': 0.0207494408645943}. Best is trial 5 with value: 721.6996459960938.
LOCAL_RANK: 0 - CUDA_VISIBLE_DEVICES: [0]
[I 2023-12-16 16:42:04,017] Trial 33 finished with value: 2362.490966796875 and parameters: {'gradient_clip_val': 0.19682973144074434, 'hidden_size': 10, 'dropout': 0.14388224314610604, 'hidden_continuous_size': 6, 'attention_head_size': 2, 'learning_rate': 0.02756500342181724}. Best is trial 5 with value: 721.6996459960938.
LOCAL_RANK: 0 - CUDA_VISIBLE_DEVICES: [0]
[I 2023-12-16 16:42:37,797] Trial 34 finished with value: 1556.1806640625 and parameters: {'gradient_clip_val': 0.2716050733484612, 'hidden_size': 5, 'dropout': 0.11337347770309664, 'hidden_continuous_size': 5, 'attention_head_size': 2, 'learning_rate': 0.010017664093283942}. Best is trial 5 with value: 721.6996459960938.
LOCAL_RANK: 0 - CUDA_VISIBLE_DEVICES: [0]
[I 2023-12-16 16:43:23,271] Trial 35 finished with value: 1669.1781005859375 and parameters: {'gradient_clip_val': 0.33425929008445937, 'hidden_size': 9, 'dropout': 0.2224811341430271, 'hidden_continuous_size': 6, 'attention_head_size': 4, 'learning_rate': 0.04791793809536643}. Best is trial 5 with value: 721.6996459960938.
LOCAL_RANK: 0 - CUDA_VISIBLE_DEVICES: [0]
[I 2023-12-16 16:44:07,925] Trial 36 finished with value: 1237.465087890625 and parameters: {'gradient_clip_val': 0.8006324519680693, 'hidden_size': 11, 'dropout': 0.16388333832788238, 'hidden_continuous_size': 7, 'attention_head_size': 2, 'learning_rate': 0.03074321305200926}. Best is trial 5 with value: 721.6996459960938.
LOCAL_RANK: 0 - CUDA_VISIBLE_DEVICES: [0]
[I 2023-12-16 16:44:53,720] Trial 37 finished with value: 1379.6046142578125 and parameters: {'gradient_clip_val': 0.22294864441281584, 'hidden_size': 14, 'dropout': 0.18157952475054528, 'hidden_continuous_size': 9, 'attention_head_size': 3, 'learning_rate': 0.0026552165421297644}. Best is trial 5 with value: 721.6996459960938.
LOCAL_RANK: 0 - CUDA_VISIBLE_DEVICES: [0]
[I 2023-12-16 16:45:37,809] Trial 38 finished with value: 1336.6212158203125 and parameters: {'gradient_clip_val': 0.29043545161207546, 'hidden_size': 8, 'dropout': 0.21058799207751983, 'hidden_continuous_size': 6, 'attention_head_size': 4, 'learning_rate': 0.0067428724807885015}. Best is trial 5 with value: 721.6996459960938.
LOCAL_RANK: 0 - CUDA_VISIBLE_DEVICES: [0]
[I 2023-12-16 16:46:23,124] Trial 39 finished with value: 1217.2742919921875 and parameters: {'gradient_clip_val': 0.8752600979663775, 'hidden_size': 11, 'dropout': 0.15661308554876577, 'hidden_continuous_size': 7, 'attention_head_size': 3, 'learning_rate': 0.01924788764510236}. Best is trial 5 with value: 721.6996459960938.
LOCAL_RANK: 0 - CUDA_VISIBLE_DEVICES: [0]
[I 2023-12-16 16:47:07,088] Trial 40 finished with value: 3188.809326171875 and parameters: {'gradient_clip_val': 0.970316406845273, 'hidden_size': 6, 'dropout': 0.17772218972313705, 'hidden_continuous_size': 5, 'attention_head_size': 1, 'learning_rate': 0.014163019886954143}. Best is trial 5 with value: 721.6996459960938.
LOCAL_RANK: 0 - CUDA_VISIBLE_DEVICES: [0]
[I 2023-12-16 16:47:51,329] Trial 41 finished with value: 1430.4183349609375 and parameters: {'gradient_clip_val': 0.7409467616028234, 'hidden_size': 6, 'dropout': 0.21885851972016082, 'hidden_continuous_size': 5, 'attention_head_size': 2, 'learning_rate': 0.010960482304034925}. Best is trial 5 with value: 721.6996459960938.
LOCAL_RANK: 0 - CUDA_VISIBLE_DEVICES: [0]
[I 2023-12-16 16:48:24,884] Trial 42 finished with value: 1387.6004638671875 and parameters: {'gradient_clip_val': 0.8365283889039182, 'hidden_size': 5, 'dropout': 0.23379837886338975, 'hidden_continuous_size': 5, 'attention_head_size': 2, 'learning_rate': 0.008196588178162802}. Best is trial 5 with value: 721.6996459960938.
LOCAL_RANK: 0 - CUDA_VISIBLE_DEVICES: [0]
[I 2023-12-16 16:49:09,330] Trial 43 finished with value: 1181.8140869140625 and parameters: {'gradient_clip_val': 0.8586190262153127, 'hidden_size': 7, 'dropout': 0.23430518298316239, 'hidden_continuous_size': 6, 'attention_head_size': 2, 'learning_rate': 0.011227616346916722}. Best is trial 5 with value: 721.6996459960938.
LOCAL_RANK: 0 - CUDA_VISIBLE_DEVICES: [0]
[I 2023-12-16 16:49:54,220] Trial 44 finished with value: 1346.0528564453125 and parameters: {'gradient_clip_val': 0.6997111894071615, 'hidden_size': 9, 'dropout': 0.19891505916230195, 'hidden_continuous_size': 7, 'attention_head_size': 2, 'learning_rate': 0.024012695810949468}. Best is trial 5 with value: 721.6996459960938.
LOCAL_RANK: 0 - CUDA_VISIBLE_DEVICES: [0]
[I 2023-12-16 16:50:38,779] Trial 45 finished with value: 894.565673828125 and parameters: {'gradient_clip_val': 0.5404386697862874, 'hidden_size': 7, 'dropout': 0.17425117959667477, 'hidden_continuous_size': 5, 'attention_head_size': 3, 'learning_rate': 0.014868707413947833}. Best is trial 5 with value: 721.6996459960938.
LOCAL_RANK: 0 - CUDA_VISIBLE_DEVICES: [0]
[I 2023-12-16 16:51:26,206] Trial 46 finished with value: 2058.540283203125 and parameters: {'gradient_clip_val': 0.5636509364879799, 'hidden_size': 17, 'dropout': 0.17269297207990578, 'hidden_continuous_size': 11, 'attention_head_size': 3, 'learning_rate': 0.0162007179297767}. Best is trial 5 with value: 721.6996459960938.
LOCAL_RANK: 0 - CUDA_VISIBLE_DEVICES: [0]
[I 2023-12-16 16:52:10,246] Trial 47 finished with value: 1400.7921142578125 and parameters: {'gradient_clip_val': 0.4741495289662884, 'hidden_size': 8, 'dropout': 0.13763723979114803, 'hidden_continuous_size': 6, 'attention_head_size': 4, 'learning_rate': 0.02513853990292728}. Best is trial 5 with value: 721.6996459960938.
LOCAL_RANK: 0 - CUDA_VISIBLE_DEVICES: [0]
[I 2023-12-16 16:52:55,845] Trial 48 finished with value: 1333.4967041015625 and parameters: {'gradient_clip_val': 0.6907487166079325, 'hidden_size': 13, 'dropout': 0.15089065086512918, 'hidden_continuous_size': 9, 'attention_head_size': 3, 'learning_rate': 0.014002019627804958}. Best is trial 5 with value: 721.6996459960938.
LOCAL_RANK: 0 - CUDA_VISIBLE_DEVICES: [0]
[I 2023-12-16 16:53:40,803] Trial 49 finished with value: 879.889404296875 and parameters: {'gradient_clip_val': 0.5353253204567443, 'hidden_size': 7, 'dropout': 0.1695921451675306, 'hidden_continuous_size': 6, 'attention_head_size': 4, 'learning_rate': 0.007853762515448084}. Best is trial 5 with value: 721.6996459960938.
