[I 2023-12-26 15:21:24,616] Trial 37 finished with value: 75.45440673828125 and parameters: {'gradient_clip_val': 0.5450146386798628, 'hidden_size': 42, 'dropout': 0.23583748666887996, 'hidden_continuous_size': 13, 'attention_head_size': 3, 'learning_rate': 0.012482212686797046}. Best is trial 0 with value: 33.93392562866211.
[I 2023-12-26 15:21:27,165] Trial 38 finished with value: 58.382808685302734 and parameters: {'gradient_clip_val': 0.46618426829004683, 'hidden_size': 29, 'dropout': 0.206200498358959, 'hidden_continuous_size': 15, 'attention_head_size': 3, 'learning_rate': 0.007326755081568045}. Best is trial 0 with value: 33.93392562866211.
[I 2023-12-26 15:21:29,680] Trial 39 finished with value: 73.01499938964844 and parameters: {'gradient_clip_val': 0.35036856162416136, 'hidden_size': 33, 'dropout': 0.2968455382759464, 'hidden_continuous_size': 11, 'attention_head_size': 2, 'learning_rate': 0.020990864336724854}. Best is trial 0 with value: 33.93392562866211.
[I 2023-12-26 15:21:33,264] Trial 40 finished with value: 70.55953979492188 and parameters: {'gradient_clip_val': 0.4284228463320741, 'hidden_size': 64, 'dropout': 0.13229639232820048, 'hidden_continuous_size': 21, 'attention_head_size': 2, 'learning_rate': 0.009864069692298893}. Best is trial 0 with value: 33.93392562866211.
[I 2023-12-26 15:21:35,927] Trial 41 finished with value: 68.62357330322266 and parameters: {'gradient_clip_val': 0.47685992428498336, 'hidden_size': 37, 'dropout': 0.21119897991672942, 'hidden_continuous_size': 13, 'attention_head_size': 3, 'learning_rate': 0.0051012697189713055}. Best is trial 0 with value: 33.93392562866211.
[I 2023-12-26 15:21:38,908] Trial 42 finished with value: 70.61901092529297 and parameters: {'gradient_clip_val': 0.49603808619976575, 'hidden_size': 45, 'dropout': 0.18055511869021462, 'hidden_continuous_size': 14, 'attention_head_size': 3, 'learning_rate': 0.004393695151497213}. Best is trial 0 with value: 33.93392562866211.
[I 2023-12-26 15:21:41,555] Trial 43 finished with value: 56.616397857666016 and parameters: {'gradient_clip_val': 0.3391298306529254, 'hidden_size': 37, 'dropout': 0.24948882022092597, 'hidden_continuous_size': 12, 'attention_head_size': 1, 'learning_rate': 0.007078266007979924}. Best is trial 0 with value: 33.93392562866211.
[I 2023-12-26 15:21:43,999] Trial 44 finished with value: 53.77408218383789 and parameters: {'gradient_clip_val': 0.31873748405714686, 'hidden_size': 27, 'dropout': 0.24926671785100019, 'hidden_continuous_size': 15, 'attention_head_size': 1, 'learning_rate': 0.006999270920120033}. Best is trial 0 with value: 33.93392562866211.
[I 2023-12-26 15:21:46,775] Trial 45 finished with value: 60.81679153442383 and parameters: {'gradient_clip_val': 0.30168520293269674, 'hidden_size': 30, 'dropout': 0.23111755436892284, 'hidden_continuous_size': 15, 'attention_head_size': 1, 'learning_rate': 0.01345223463718202}. Best is trial 0 with value: 33.93392562866211.
[I 2023-12-26 15:21:49,131] Trial 46 finished with value: 57.1842155456543 and parameters: {'gradient_clip_val': 0.37352780606803915, 'hidden_size': 26, 'dropout': 0.2520260997886424, 'hidden_continuous_size': 12, 'attention_head_size': 1, 'learning_rate': 0.009914159810664392}. Best is trial 0 with value: 33.93392562866211.
[I 2023-12-26 15:21:51,313] Trial 47 finished with value: 78.06551361083984 and parameters: {'gradient_clip_val': 0.27709236822480104, 'hidden_size': 20, 'dropout': 0.22096179350553927, 'hidden_continuous_size': 14, 'attention_head_size': 1, 'learning_rate': 0.015855955962437697}. Best is trial 0 with value: 33.93392562866211.
[I 2023-12-26 15:21:53,709] Trial 48 finished with value: 64.94271087646484 and parameters: {'gradient_clip_val': 0.41325716283905345, 'hidden_size': 32, 'dropout': 0.19017251320427658, 'hidden_continuous_size': 18, 'attention_head_size': 1, 'learning_rate': 0.024630187091295355}. Best is trial 0 with value: 33.93392562866211.
[I 2023-12-26 15:21:55,886] Trial 49 finished with value: 64.8934555053711 and parameters: {'gradient_clip_val': 0.5570708149347876, 'hidden_size': 18, 'dropout': 0.15816057762671487, 'hidden_continuous_size': 13, 'attention_head_size': 2, 'learning_rate': 0.011071832114602333}. Best is trial 0 with value: 33.93392562866211.
[I 2023-12-26 15:21:56,018] A new study created in memory with name: no-name-9c953977-1d2f-4e44-9f3e-939b582d8b7f
/home/le004/conda/anaconda3/envs/tsff_env/lib/python3.9/site-packages/lightning/fabric/plugins/environments/slurm.py:191: The `srun` command is available on your system but is not used. HINT: If your intention is to run Lightning on SLURM, prepend your python command with `srun` like so: srun python /home/le004/master_thesis/git/TSFusionForecast/code/ ...
[I 2023-12-26 15:28:50,631] Trial 0 finished with value: 17.221519470214844 and parameters: {'gradient_clip_val': 0.12100032882569764, 'hidden_size': 43, 'dropout': 0.4936670757439513, 'hidden_continuous_size': 6, 'attention_head_size': 3, 'learning_rate': 0.0006599521722000705}. Best is trial 0 with value: 17.221519470214844.
[I 2023-12-26 15:29:40,169] Trial 1 finished with value: 23.67679786682129 and parameters: {'gradient_clip_val': 0.19618839519666695, 'hidden_size': 11, 'dropout': 0.2748398116378528, 'hidden_continuous_size': 7, 'attention_head_size': 2, 'learning_rate': 0.0028181087235965127}. Best is trial 0 with value: 17.221519470214844.
[I 2023-12-26 15:29:42,232] Trial 2 finished with value: 76.8431167602539 and parameters: {'gradient_clip_val': 0.23926148558780247, 'hidden_size': 17, 'dropout': 0.40057549381026814, 'hidden_continuous_size': 17, 'attention_head_size': 3, 'learning_rate': 0.0013007659787505972}. Best is trial 0 with value: 17.221519470214844.
[I 2023-12-26 15:29:48,522] Trial 3 finished with value: 99.2464828491211 and parameters: {'gradient_clip_val': 0.1416855246622885, 'hidden_size': 97, 'dropout': 0.31956972326783184, 'hidden_continuous_size': 21, 'attention_head_size': 3, 'learning_rate': 0.02276212757141746}. Best is trial 0 with value: 17.221519470214844.
[I 2023-12-26 15:29:50,517] Trial 4 finished with value: 63.7483024597168 and parameters: {'gradient_clip_val': 0.17124787126771032, 'hidden_size': 7, 'dropout': 0.40319238755913767, 'hidden_continuous_size': 5, 'attention_head_size': 4, 'learning_rate': 0.02143530955332836}. Best is trial 0 with value: 17.221519470214844.
[I 2023-12-26 15:29:53,405] Trial 5 finished with value: 63.87936019897461 and parameters: {'gradient_clip_val': 0.46184893959707535, 'hidden_size': 46, 'dropout': 0.12928576527112365, 'hidden_continuous_size': 5, 'attention_head_size': 2, 'learning_rate': 0.011045350574197147}. Best is trial 0 with value: 17.221519470214844.
[I 2023-12-26 15:29:56,140] Trial 6 finished with value: 74.96092224121094 and parameters: {'gradient_clip_val': 0.4559115470919568, 'hidden_size': 40, 'dropout': 0.3324371645788136, 'hidden_continuous_size': 10, 'attention_head_size': 3, 'learning_rate': 0.09130156955366882}. Best is trial 0 with value: 17.221519470214844.
[I 2023-12-26 15:30:05,415] Trial 7 finished with value: 48.53666305541992 and parameters: {'gradient_clip_val': 0.39811930027299924, 'hidden_size': 137, 'dropout': 0.49571625051030177, 'hidden_continuous_size': 63, 'attention_head_size': 3, 'learning_rate': 0.025086485069399134}. Best is trial 0 with value: 17.221519470214844.
[I 2023-12-26 15:30:07,656] Trial 8 finished with value: 83.60488891601562 and parameters: {'gradient_clip_val': 0.20155850524228305, 'hidden_size': 21, 'dropout': 0.14130966159575592, 'hidden_continuous_size': 14, 'attention_head_size': 2, 'learning_rate': 0.01755170575046247}. Best is trial 0 with value: 17.221519470214844.
[I 2023-12-26 15:30:10,048] Trial 9 finished with value: 96.45745086669922 and parameters: {'gradient_clip_val': 0.11056665980393897, 'hidden_size': 27, 'dropout': 0.25525323426793817, 'hidden_continuous_size': 11, 'attention_head_size': 4, 'learning_rate': 0.000701728908840561}. Best is trial 0 with value: 17.221519470214844.
[I 2023-12-26 15:30:14,217] Trial 10 finished with value: 78.28855895996094 and parameters: {'gradient_clip_val': 0.9498472123287781, 'hidden_size': 67, 'dropout': 0.4901413692120806, 'hidden_continuous_size': 8, 'attention_head_size': 1, 'learning_rate': 0.0005716120446345213}. Best is trial 0 with value: 17.221519470214844.
[I 2023-12-26 15:30:16,295] Trial 11 finished with value: 54.12733459472656 and parameters: {'gradient_clip_val': 0.11220885317651884, 'hidden_size': 10, 'dropout': 0.2317227067378721, 'hidden_continuous_size': 6, 'attention_head_size': 1, 'learning_rate': 0.002272877133119906}. Best is trial 0 with value: 17.221519470214844.
[I 2023-12-26 15:30:18,295] Trial 12 finished with value: 168.1880645751953 and parameters: {'gradient_clip_val': 0.10049846238207999, 'hidden_size': 5, 'dropout': 0.21768191086086405, 'hidden_continuous_size': 5, 'attention_head_size': 2, 'learning_rate': 0.0033007193769768453}. Best is trial 0 with value: 17.221519470214844.
[I 2023-12-26 15:30:20,326] Trial 13 finished with value: 73.9052505493164 and parameters: {'gradient_clip_val': 0.15249002796560243, 'hidden_size': 11, 'dropout': 0.38001457591877735, 'hidden_continuous_size': 6, 'attention_head_size': 2, 'learning_rate': 0.002784022960458816}. Best is trial 0 with value: 17.221519470214844.
[I 2023-12-26 15:30:22,494] Trial 14 finished with value: 59.39799118041992 and parameters: {'gradient_clip_val': 0.25595858236423247, 'hidden_size': 15, 'dropout': 0.2800559845602583, 'hidden_continuous_size': 7, 'attention_head_size': 4, 'learning_rate': 0.0010625023649365624}. Best is trial 0 with value: 17.221519470214844.
[I 2023-12-26 15:30:24,933] Trial 15 finished with value: 90.755126953125 and parameters: {'gradient_clip_val': 0.1487059843424019, 'hidden_size': 29, 'dropout': 0.4606321763081799, 'hidden_continuous_size': 8, 'attention_head_size': 1, 'learning_rate': 0.0005197385352436969}. Best is trial 0 with value: 17.221519470214844.
[I 2023-12-26 15:30:27,858] Trial 16 finished with value: 56.46208572387695 and parameters: {'gradient_clip_val': 0.20082478973078813, 'hidden_size': 43, 'dropout': 0.34659592243794146, 'hidden_continuous_size': 9, 'attention_head_size': 2, 'learning_rate': 0.005199106884706878}. Best is trial 0 with value: 17.221519470214844.
[I 2023-12-26 15:30:30,021] Trial 17 finished with value: 91.3910140991211 and parameters: {'gradient_clip_val': 0.1283704446312285, 'hidden_size': 14, 'dropout': 0.44643060879527496, 'hidden_continuous_size': 6, 'attention_head_size': 3, 'learning_rate': 0.0010712028080731967}. Best is trial 0 with value: 17.221519470214844.
[I 2023-12-26 15:30:32,252] Trial 18 finished with value: 54.29746627807617 and parameters: {'gradient_clip_val': 0.17443661988953413, 'hidden_size': 24, 'dropout': 0.2917438517644431, 'hidden_continuous_size': 7, 'attention_head_size': 2, 'learning_rate': 0.0016349524006129459}. Best is trial 0 with value: 17.221519470214844.
[I 2023-12-26 15:30:34,301] Trial 19 finished with value: 58.40972900390625 and parameters: {'gradient_clip_val': 0.12543652097540617, 'hidden_size': 9, 'dropout': 0.37040952338726385, 'hidden_continuous_size': 6, 'attention_head_size': 3, 'learning_rate': 0.0050345359791932175}. Best is trial 0 with value: 17.221519470214844.
[I 2023-12-26 15:30:36,133] Trial 20 finished with value: 99.93531036376953 and parameters: {'gradient_clip_val': 0.2936166723299017, 'hidden_size': 5, 'dropout': 0.4308843291532413, 'hidden_continuous_size': 5, 'attention_head_size': 4, 'learning_rate': 0.0018958683117199294}. Best is trial 0 with value: 17.221519470214844.
[I 2023-12-26 15:30:45,394] Trial 21 finished with value: 65.06830596923828 and parameters: {'gradient_clip_val': 0.3518319327763738, 'hidden_size': 141, 'dropout': 0.480487469104405, 'hidden_continuous_size': 47, 'attention_head_size': 3, 'learning_rate': 0.0008262679269214166}. Best is trial 0 with value: 17.221519470214844.
[I 2023-12-26 15:30:50,085] Trial 22 finished with value: 65.39562225341797 and parameters: {'gradient_clip_val': 0.10058046896471787, 'hidden_size': 69, 'dropout': 0.4881950621661615, 'hidden_continuous_size': 64, 'attention_head_size': 3, 'learning_rate': 0.003818594505286364}. Best is trial 0 with value: 17.221519470214844.
[I 2023-12-26 15:30:58,978] Trial 23 finished with value: 80.72802734375 and parameters: {'gradient_clip_val': 0.1915990810835721, 'hidden_size': 140, 'dropout': 0.4337103053029755, 'hidden_continuous_size': 31, 'attention_head_size': 3, 'learning_rate': 0.008125024124147303}. Best is trial 0 with value: 17.221519470214844.
[I 2023-12-26 15:31:05,574] Trial 24 finished with value: 60.55214309692383 and parameters: {'gradient_clip_val': 0.2351451898978783, 'hidden_size': 91, 'dropout': 0.45817191564765, 'hidden_continuous_size': 70, 'attention_head_size': 2, 'learning_rate': 0.0017519384079345513}. Best is trial 0 with value: 17.221519470214844.
[I 2023-12-26 15:31:08,271] Trial 25 finished with value: 69.2852554321289 and parameters: {'gradient_clip_val': 0.13023991892855732, 'hidden_size': 36, 'dropout': 0.4991515777796828, 'hidden_continuous_size': 12, 'attention_head_size': 3, 'learning_rate': 0.0008672726359627601}. Best is trial 0 with value: 17.221519470214844.
[I 2023-12-26 15:31:11,867] Trial 26 finished with value: 57.48820114135742 and parameters: {'gradient_clip_val': 0.1618980353052441, 'hidden_size': 55, 'dropout': 0.400890941320714, 'hidden_continuous_size': 22, 'attention_head_size': 4, 'learning_rate': 0.0013533196299981005}. Best is trial 0 with value: 17.221519470214844.
[I 2023-12-26 15:31:14,503] Trial 27 finished with value: 90.56110382080078 and parameters: {'gradient_clip_val': 0.34496497837913864, 'hidden_size': 34, 'dropout': 0.42307330323947007, 'hidden_continuous_size': 14, 'attention_head_size': 2, 'learning_rate': 0.0026636212147738746}. Best is trial 0 with value: 17.221519470214844.
[I 2023-12-26 15:31:16,688] Trial 28 finished with value: 86.7427749633789 and parameters: {'gradient_clip_val': 0.20113781552032486, 'hidden_size': 20, 'dropout': 0.4652172601379812, 'hidden_continuous_size': 10, 'attention_head_size': 1, 'learning_rate': 0.0006760331861575497}. Best is trial 0 with value: 17.221519470214844.
[I 2023-12-26 15:31:18,803] Trial 29 finished with value: 71.2214126586914 and parameters: {'gradient_clip_val': 0.23979572327451548, 'hidden_size': 17, 'dropout': 0.36076883281220706, 'hidden_continuous_size': 7, 'attention_head_size': 3, 'learning_rate': 0.001122196112350831}. Best is trial 0 with value: 17.221519470214844.
[I 2023-12-26 15:31:21,955] Trial 30 finished with value: 60.656612396240234 and parameters: {'gradient_clip_val': 0.13891402680965112, 'hidden_size': 51, 'dropout': 0.3864878767114862, 'hidden_continuous_size': 16, 'attention_head_size': 2, 'learning_rate': 0.0014993722912333943}. Best is trial 0 with value: 17.221519470214844.
[I 2023-12-26 15:31:24,005] Trial 31 finished with value: 80.0201416015625 and parameters: {'gradient_clip_val': 0.11684004877331984, 'hidden_size': 12, 'dropout': 0.23280210799639717, 'hidden_continuous_size': 6, 'attention_head_size': 1, 'learning_rate': 0.002215657270913994}. Best is trial 0 with value: 17.221519470214844.
[I 2023-12-26 15:31:26,015] Trial 32 finished with value: 90.67922973632812 and parameters: {'gradient_clip_val': 0.11632352203434701, 'hidden_size': 9, 'dropout': 0.30597792261670714, 'hidden_continuous_size': 6, 'attention_head_size': 1, 'learning_rate': 0.003928495369715025}. Best is trial 0 with value: 17.221519470214844.
[I 2023-12-26 15:31:28,149] Trial 33 finished with value: 66.98670959472656 and parameters: {'gradient_clip_val': 0.14441252442236222, 'hidden_size': 18, 'dropout': 0.3269006690920966, 'hidden_continuous_size': 8, 'attention_head_size': 1, 'learning_rate': 0.00598212904417331}. Best is trial 0 with value: 17.221519470214844.
[I 2023-12-26 15:31:30,718] Trial 34 finished with value: 82.50005340576172 and parameters: {'gradient_clip_val': 0.16527732105109333, 'hidden_size': 30, 'dropout': 0.4128711050363673, 'hidden_continuous_size': 9, 'attention_head_size': 3, 'learning_rate': 0.002352749185409132}. Best is trial 0 with value: 17.221519470214844.
[I 2023-12-26 15:31:33,064] Trial 35 finished with value: 81.0205307006836 and parameters: {'gradient_clip_val': 0.12296711695805071, 'hidden_size': 22, 'dropout': 0.44137874410136924, 'hidden_continuous_size': 11, 'attention_head_size': 3, 'learning_rate': 0.008947552051805223}. Best is trial 0 with value: 17.221519470214844.
[I 2023-12-26 15:31:40,545] Trial 36 finished with value: 56.50300598144531 and parameters: {'gradient_clip_val': 0.10113660668346232, 'hidden_size': 111, 'dropout': 0.4709501208469214, 'hidden_continuous_size': 30, 'attention_head_size': 1, 'learning_rate': 0.012120092370948106}. Best is trial 0 with value: 17.221519470214844.
[I 2023-12-26 15:31:42,556] Trial 37 finished with value: 116.65750885009766 and parameters: {'gradient_clip_val': 0.17995675435534936, 'hidden_size': 7, 'dropout': 0.2040752581869747, 'hidden_continuous_size': 5, 'attention_head_size': 3, 'learning_rate': 0.03532875909168623}. Best is trial 0 with value: 17.221519470214844.
[I 2023-12-26 15:31:45,050] Trial 38 finished with value: 79.64958953857422 and parameters: {'gradient_clip_val': 0.14262844676812, 'hidden_size': 26, 'dropout': 0.2717519112358233, 'hidden_continuous_size': 12, 'attention_head_size': 4, 'learning_rate': 0.0019482451403070617}. Best is trial 0 with value: 17.221519470214844.
[I 2023-12-26 15:31:50,101] Trial 39 finished with value: 34.66116714477539 and parameters: {'gradient_clip_val': 0.17019275117353982, 'hidden_size': 79, 'dropout': 0.30815698010908416, 'hidden_continuous_size': 21, 'attention_head_size': 2, 'learning_rate': 0.0034325778710008713}. Best is trial 0 with value: 17.221519470214844.
[I 2023-12-26 15:31:55,221] Trial 40 finished with value: 80.4894790649414 and parameters: {'gradient_clip_val': 0.42942347596914043, 'hidden_size': 82, 'dropout': 0.34621704018269495, 'hidden_continuous_size': 19, 'attention_head_size': 2, 'learning_rate': 0.0042296057436624025}. Best is trial 0 with value: 17.221519470214844.
[I 2023-12-26 15:32:03,589] Trial 41 finished with value: 68.7366943359375 and parameters: {'gradient_clip_val': 0.11151728296011638, 'hidden_size': 115, 'dropout': 0.31916854786597054, 'hidden_continuous_size': 113, 'attention_head_size': 2, 'learning_rate': 0.0035743521634351745}. Best is trial 0 with value: 17.221519470214844.
[I 2023-12-26 15:32:08,037] Trial 42 finished with value: 54.95484924316406 and parameters: {'gradient_clip_val': 0.16059951805465056, 'hidden_size': 72, 'dropout': 0.2572880739475989, 'hidden_continuous_size': 25, 'attention_head_size': 2, 'learning_rate': 0.0026380160601785683}. Best is trial 0 with value: 17.221519470214844.
[I 2023-12-26 15:32:11,773] Trial 43 finished with value: 69.56739044189453 and parameters: {'gradient_clip_val': 0.1358313553843946, 'hidden_size': 58, 'dropout': 0.39768870300851245, 'hidden_continuous_size': 15, 'attention_head_size': 2, 'learning_rate': 0.0029415090120151473}. Best is trial 0 with value: 17.221519470214844.
[I 2023-12-26 15:32:17,855] Trial 44 finished with value: 61.59995651245117 and parameters: {'gradient_clip_val': 0.1779037197793988, 'hidden_size': 97, 'dropout': 0.19528804156192828, 'hidden_continuous_size': 17, 'attention_head_size': 3, 'learning_rate': 0.0014797298110920027}. Best is trial 0 with value: 17.221519470214844.
[I 2023-12-26 15:32:21,071] Trial 45 finished with value: 77.19791412353516 and parameters: {'gradient_clip_val': 0.15090934173805926, 'hidden_size': 50, 'dropout': 0.2977507222642621, 'hidden_continuous_size': 12, 'attention_head_size': 1, 'learning_rate': 0.006533420641220424}. Best is trial 0 with value: 17.221519470214844.
[I 2023-12-26 15:32:24,970] Trial 46 finished with value: 64.46420288085938 and parameters: {'gradient_clip_val': 0.11001534097658529, 'hidden_size': 61, 'dropout': 0.4957445696207657, 'hidden_continuous_size': 19, 'attention_head_size': 2, 'learning_rate': 0.004962907660865945}. Best is trial 0 with value: 17.221519470214844.
[I 2023-12-26 15:32:30,316] Trial 47 finished with value: 86.25238037109375 and parameters: {'gradient_clip_val': 0.21928424590259762, 'hidden_size': 79, 'dropout': 0.16029870194441997, 'hidden_continuous_size': 14, 'attention_head_size': 3, 'learning_rate': 0.0033693816288468776}. Best is trial 0 with value: 17.221519470214844.
[I 2023-12-26 15:32:33,270] Trial 48 finished with value: 112.70105743408203 and parameters: {'gradient_clip_val': 0.13076207729199074, 'hidden_size': 45, 'dropout': 0.2511142977363318, 'hidden_continuous_size': 5, 'attention_head_size': 2, 'learning_rate': 0.0005796570465310494}. Best is trial 0 with value: 17.221519470214844.
[I 2023-12-26 15:32:35,918] Trial 49 finished with value: 67.18667602539062 and parameters: {'gradient_clip_val': 0.1564113488446401, 'hidden_size': 35, 'dropout': 0.45273321267888694, 'hidden_continuous_size': 13, 'attention_head_size': 1, 'learning_rate': 0.002398861051905959}. Best is trial 0 with value: 17.221519470214844.
[I 2023-12-26 15:32:36,056] A new study created in memory with name: no-name-32934686-8a04-4e56-9686-33f541daafd8
/home/le004/conda/anaconda3/envs/tsff_env/lib/python3.9/site-packages/lightning/fabric/plugins/environments/slurm.py:191: The `srun` command is available on your system but is not used. HINT: If your intention is to run Lightning on SLURM, prepend your python command with `srun` like so: srun python /home/le004/master_thesis/git/TSFusionForecast/code/ ...
[I 2023-12-26 15:42:36,570] Trial 0 finished with value: 26.49352264404297 and parameters: {'gradient_clip_val': 0.7763554248649753, 'hidden_size': 93, 'dropout': 0.45333842527218393, 'hidden_continuous_size': 26, 'attention_head_size': 4, 'learning_rate': 0.0005792047531541589}. Best is trial 0 with value: 26.49352264404297.
