[I 2023-12-15 16:45:37,821] Trial 11 finished with value: 271.5946044921875 and parameters: {'gradient_clip_val': 0.6695940120863082, 'hidden_size': 26, 'dropout': 0.12868466121919558, 'hidden_continuous_size': 11, 'attention_head_size': 3, 'learning_rate': 0.000550631434200221}. Best is trial 4 with value: 138.88926696777344.
LOCAL_RANK: 0 - CUDA_VISIBLE_DEVICES: [0]
[I 2023-12-15 16:46:33,441] Trial 12 finished with value: 419.4631652832031 and parameters: {'gradient_clip_val': 0.6490438914516938, 'hidden_size': 100, 'dropout': 0.10573134543842302, 'hidden_continuous_size': 33, 'attention_head_size': 2, 'learning_rate': 0.0011564330476716478}. Best is trial 4 with value: 138.88926696777344.
LOCAL_RANK: 0 - CUDA_VISIBLE_DEVICES: [0]
[I 2023-12-15 16:47:20,147] Trial 13 finished with value: 229.0947723388672 and parameters: {'gradient_clip_val': 0.6876415898113861, 'hidden_size': 15, 'dropout': 0.21619065081218658, 'hidden_continuous_size': 9, 'attention_head_size': 4, 'learning_rate': 0.0021787714610318394}. Best is trial 4 with value: 138.88926696777344.
LOCAL_RANK: 0 - CUDA_VISIBLE_DEVICES: [0]
[I 2023-12-15 16:48:10,514] Trial 14 finished with value: 118.78255462646484 and parameters: {'gradient_clip_val': 0.9828447251832203, 'hidden_size': 34, 'dropout': 0.15812321591564207, 'hidden_continuous_size': 15, 'attention_head_size': 2, 'learning_rate': 0.0038187824182749756}. Best is trial 14 with value: 118.78255462646484.
LOCAL_RANK: 0 - CUDA_VISIBLE_DEVICES: [0]
[I 2023-12-15 16:48:56,122] Trial 15 finished with value: 288.7237243652344 and parameters: {'gradient_clip_val': 0.9784342497922267, 'hidden_size': 17, 'dropout': 0.1629754482333838, 'hidden_continuous_size': 6, 'attention_head_size': 1, 'learning_rate': 0.015511804580477549}. Best is trial 14 with value: 118.78255462646484.
LOCAL_RANK: 0 - CUDA_VISIBLE_DEVICES: [0]
[I 2023-12-15 16:49:41,286] Trial 16 finished with value: 310.5195007324219 and parameters: {'gradient_clip_val': 0.5007425753294303, 'hidden_size': 11, 'dropout': 0.23601542001681622, 'hidden_continuous_size': 5, 'attention_head_size': 2, 'learning_rate': 0.004028910399963882}. Best is trial 14 with value: 118.78255462646484.
LOCAL_RANK: 0 - CUDA_VISIBLE_DEVICES: [0]
[I 2023-12-15 16:50:28,393] Trial 17 finished with value: 399.9030456542969 and parameters: {'gradient_clip_val': 0.5162963261998804, 'hidden_size': 24, 'dropout': 0.17812298973162866, 'hidden_continuous_size': 11, 'attention_head_size': 1, 'learning_rate': 0.004223307617575555}. Best is trial 14 with value: 118.78255462646484.
LOCAL_RANK: 0 - CUDA_VISIBLE_DEVICES: [0]
[I 2023-12-15 16:51:02,328] Trial 18 finished with value: 322.8820495605469 and parameters: {'gradient_clip_val': 0.8173775461912695, 'hidden_size': 5, 'dropout': 0.24983275348811812, 'hidden_continuous_size': 5, 'attention_head_size': 2, 'learning_rate': 0.014266939464202355}. Best is trial 14 with value: 118.78255462646484.
LOCAL_RANK: 0 - CUDA_VISIBLE_DEVICES: [0]
[I 2023-12-15 16:51:53,347] Trial 19 finished with value: 262.4024353027344 and parameters: {'gradient_clip_val': 0.812529977304002, 'hidden_size': 37, 'dropout': 0.18663669012435752, 'hidden_continuous_size': 15, 'attention_head_size': 1, 'learning_rate': 0.019626861381601423}. Best is trial 14 with value: 118.78255462646484.
LOCAL_RANK: 0 - CUDA_VISIBLE_DEVICES: [0]
[I 2023-12-15 16:52:39,808] Trial 20 finished with value: 258.2216796875 and parameters: {'gradient_clip_val': 0.5677227133283717, 'hidden_size': 20, 'dropout': 0.3306530338046345, 'hidden_continuous_size': 7, 'attention_head_size': 2, 'learning_rate': 0.03315775301811536}. Best is trial 14 with value: 118.78255462646484.
LOCAL_RANK: 0 - CUDA_VISIBLE_DEVICES: [0]
[I 2023-12-15 16:53:31,951] Trial 21 finished with value: 137.3291778564453 and parameters: {'gradient_clip_val': 0.7688510443180668, 'hidden_size': 44, 'dropout': 0.14011513468396314, 'hidden_continuous_size': 21, 'attention_head_size': 3, 'learning_rate': 0.0014413381094706163}. Best is trial 14 with value: 118.78255462646484.
LOCAL_RANK: 0 - CUDA_VISIBLE_DEVICES: [0]
[I 2023-12-15 16:54:22,917] Trial 22 finished with value: 143.784423828125 and parameters: {'gradient_clip_val': 0.807306844272174, 'hidden_size': 34, 'dropout': 0.14727325113291437, 'hidden_continuous_size': 15, 'attention_head_size': 3, 'learning_rate': 0.0019837358011811977}. Best is trial 14 with value: 118.78255462646484.
LOCAL_RANK: 0 - CUDA_VISIBLE_DEVICES: [0]
[I 2023-12-15 16:55:15,994] Trial 23 finished with value: 361.1441955566406 and parameters: {'gradient_clip_val': 0.9487978527604655, 'hidden_size': 49, 'dropout': 0.14723216677918358, 'hidden_continuous_size': 18, 'attention_head_size': 3, 'learning_rate': 0.0050213363549030925}. Best is trial 14 with value: 118.78255462646484.
LOCAL_RANK: 0 - CUDA_VISIBLE_DEVICES: [0]
[I 2023-12-15 16:56:04,624] Trial 24 finished with value: 299.0083312988281 and parameters: {'gradient_clip_val': 0.6101757269799644, 'hidden_size': 28, 'dropout': 0.10202445776924769, 'hidden_continuous_size': 9, 'attention_head_size': 3, 'learning_rate': 0.0023026623965416585}. Best is trial 14 with value: 118.78255462646484.
LOCAL_RANK: 0 - CUDA_VISIBLE_DEVICES: [0]
[I 2023-12-15 16:56:50,632] Trial 25 finished with value: 243.734130859375 and parameters: {'gradient_clip_val': 0.7942220469186999, 'hidden_size': 20, 'dropout': 0.19293434923224018, 'hidden_continuous_size': 7, 'attention_head_size': 2, 'learning_rate': 0.0107168387604552}. Best is trial 14 with value: 118.78255462646484.
LOCAL_RANK: 0 - CUDA_VISIBLE_DEVICES: [0]
[I 2023-12-15 16:57:43,240] Trial 26 finished with value: 283.805419921875 and parameters: {'gradient_clip_val': 0.9881346765961238, 'hidden_size': 43, 'dropout': 0.14565848263298856, 'hidden_continuous_size': 12, 'attention_head_size': 3, 'learning_rate': 0.006444476051585231}. Best is trial 14 with value: 118.78255462646484.
LOCAL_RANK: 0 - CUDA_VISIBLE_DEVICES: [0]
[I 2023-12-15 16:58:32,054] Trial 27 finished with value: 276.6049499511719 and parameters: {'gradient_clip_val': 0.7777827327044128, 'hidden_size': 29, 'dropout': 0.16848530596481098, 'hidden_continuous_size': 13, 'attention_head_size': 2, 'learning_rate': 0.002992594811042993}. Best is trial 14 with value: 118.78255462646484.
LOCAL_RANK: 0 - CUDA_VISIBLE_DEVICES: [0]
[I 2023-12-15 16:59:15,674] Trial 28 finished with value: 224.45338439941406 and parameters: {'gradient_clip_val': 0.5647661886094457, 'hidden_size': 12, 'dropout': 0.13589559623885222, 'hidden_continuous_size': 6, 'attention_head_size': 1, 'learning_rate': 0.0013918967529976047}. Best is trial 14 with value: 118.78255462646484.
LOCAL_RANK: 0 - CUDA_VISIBLE_DEVICES: [0]
[I 2023-12-15 17:00:00,398] Trial 29 finished with value: 258.6044006347656 and parameters: {'gradient_clip_val': 0.4457582447948364, 'hidden_size': 9, 'dropout': 0.20229293779735658, 'hidden_continuous_size': 5, 'attention_head_size': 1, 'learning_rate': 0.006464817564182065}. Best is trial 14 with value: 118.78255462646484.
LOCAL_RANK: 0 - CUDA_VISIBLE_DEVICES: [0]
[I 2023-12-15 17:00:48,449] Trial 30 finished with value: 212.6366729736328 and parameters: {'gradient_clip_val': 0.6376437611243336, 'hidden_size': 21, 'dropout': 0.22550244854939874, 'hidden_continuous_size': 8, 'attention_head_size': 2, 'learning_rate': 0.0033183474317144326}. Best is trial 14 with value: 118.78255462646484.
LOCAL_RANK: 0 - CUDA_VISIBLE_DEVICES: [0]
[I 2023-12-15 17:01:42,454] Trial 31 finished with value: 157.21852111816406 and parameters: {'gradient_clip_val': 0.7340845729486678, 'hidden_size': 53, 'dropout': 0.11820442072327722, 'hidden_continuous_size': 24, 'attention_head_size': 4, 'learning_rate': 0.000781231841242582}. Best is trial 14 with value: 118.78255462646484.
LOCAL_RANK: 0 - CUDA_VISIBLE_DEVICES: [0]
[I 2023-12-15 17:02:35,807] Trial 32 finished with value: 181.3355255126953 and parameters: {'gradient_clip_val': 0.8610941193934175, 'hidden_size': 38, 'dropout': 0.11962451879095153, 'hidden_continuous_size': 19, 'attention_head_size': 4, 'learning_rate': 0.0012798634135008878}. Best is trial 14 with value: 118.78255462646484.
LOCAL_RANK: 0 - CUDA_VISIBLE_DEVICES: [0]
[I 2023-12-15 17:03:29,560] Trial 33 finished with value: 204.1603546142578 and parameters: {'gradient_clip_val': 0.7173139239658015, 'hidden_size': 60, 'dropout': 0.16190311189163475, 'hidden_continuous_size': 23, 'attention_head_size': 4, 'learning_rate': 0.000955504894403444}. Best is trial 14 with value: 118.78255462646484.
LOCAL_RANK: 0 - CUDA_VISIBLE_DEVICES: [0]
[I 2023-12-15 17:04:19,046] Trial 34 finished with value: 134.4925537109375 and parameters: {'gradient_clip_val': 0.8673730777487755, 'hidden_size': 31, 'dropout': 0.12149685324592963, 'hidden_continuous_size': 10, 'attention_head_size': 3, 'learning_rate': 0.0006363917631136863}. Best is trial 14 with value: 118.78255462646484.
LOCAL_RANK: 0 - CUDA_VISIBLE_DEVICES: [0]
[I 2023-12-15 17:05:08,656] Trial 35 finished with value: 132.79222106933594 and parameters: {'gradient_clip_val': 0.8782244845500711, 'hidden_size': 31, 'dropout': 0.1806961858138683, 'hidden_continuous_size': 10, 'attention_head_size': 3, 'learning_rate': 0.03854634114292271}. Best is trial 14 with value: 118.78255462646484.
LOCAL_RANK: 0 - CUDA_VISIBLE_DEVICES: [0]
[I 2023-12-15 17:05:57,595] Trial 36 finished with value: 283.7329406738281 and parameters: {'gradient_clip_val': 0.8740978280125622, 'hidden_size': 32, 'dropout': 0.18392943271800816, 'hidden_continuous_size': 10, 'attention_head_size': 3, 'learning_rate': 0.001501468277306734}. Best is trial 14 with value: 118.78255462646484.
LOCAL_RANK: 0 - CUDA_VISIBLE_DEVICES: [0]
[I 2023-12-15 17:06:46,936] Trial 37 finished with value: 308.0876159667969 and parameters: {'gradient_clip_val': 0.8682501996614568, 'hidden_size': 31, 'dropout': 0.15496926580733988, 'hidden_continuous_size': 13, 'attention_head_size': 3, 'learning_rate': 0.0009091105175557422}. Best is trial 14 with value: 118.78255462646484.
LOCAL_RANK: 0 - CUDA_VISIBLE_DEVICES: [0]
[I 2023-12-15 17:07:38,280] Trial 38 finished with value: 184.8002471923828 and parameters: {'gradient_clip_val': 0.7349125601219001, 'hidden_size': 40, 'dropout': 0.17178592237972204, 'hidden_continuous_size': 14, 'attention_head_size': 3, 'learning_rate': 0.04669398250687927}. Best is trial 14 with value: 118.78255462646484.
LOCAL_RANK: 0 - CUDA_VISIBLE_DEVICES: [0]
[I 2023-12-15 17:08:27,279] Trial 39 finished with value: 267.2928466796875 and parameters: {'gradient_clip_val': 0.4207153485470625, 'hidden_size': 25, 'dropout': 0.13889189178754374, 'hidden_continuous_size': 10, 'attention_head_size': 3, 'learning_rate': 0.0005062417503634841}. Best is trial 14 with value: 118.78255462646484.
LOCAL_RANK: 0 - CUDA_VISIBLE_DEVICES: [0]
[I 2023-12-15 17:09:17,555] Trial 40 finished with value: 321.1881408691406 and parameters: {'gradient_clip_val': 0.6079102968326641, 'hidden_size': 34, 'dropout': 0.1290682642662307, 'hidden_continuous_size': 12, 'attention_head_size': 3, 'learning_rate': 0.000699913830752305}. Best is trial 14 with value: 118.78255462646484.
LOCAL_RANK: 0 - CUDA_VISIBLE_DEVICES: [0]
[I 2023-12-15 17:10:05,296] Trial 41 finished with value: 378.8930969238281 and parameters: {'gradient_clip_val': 0.9945098659251305, 'hidden_size': 24, 'dropout': 0.19966613656673587, 'hidden_continuous_size': 9, 'attention_head_size': 3, 'learning_rate': 0.06407886425581867}. Best is trial 14 with value: 118.78255462646484.
LOCAL_RANK: 0 - CUDA_VISIBLE_DEVICES: [0]
[I 2023-12-15 17:10:50,782] Trial 42 finished with value: 207.93524169921875 and parameters: {'gradient_clip_val': 0.890024738829482, 'hidden_size': 7, 'dropout': 0.26841121688995917, 'hidden_continuous_size': 6, 'attention_head_size': 3, 'learning_rate': 0.03568449139995163}. Best is trial 14 with value: 118.78255462646484.
LOCAL_RANK: 0 - CUDA_VISIBLE_DEVICES: [0]
[I 2023-12-15 17:11:43,368] Trial 43 finished with value: 201.60418701171875 and parameters: {'gradient_clip_val': 0.9212775665867531, 'hidden_size': 42, 'dropout': 0.17445864637240133, 'hidden_continuous_size': 17, 'attention_head_size': 2, 'learning_rate': 0.06917778651395866}. Best is trial 14 with value: 118.78255462646484.
LOCAL_RANK: 0 - CUDA_VISIBLE_DEVICES: [0]
[I 2023-12-15 17:12:28,576] Trial 44 finished with value: 285.8212585449219 and parameters: {'gradient_clip_val': 0.7494848285840933, 'hidden_size': 6, 'dropout': 0.13138346894153521, 'hidden_continuous_size': 5, 'attention_head_size': 3, 'learning_rate': 0.0450684228724196}. Best is trial 14 with value: 118.78255462646484.
LOCAL_RANK: 0 - CUDA_VISIBLE_DEVICES: [0]
[I 2023-12-15 17:13:17,851] Trial 45 finished with value: 171.42547607421875 and parameters: {'gradient_clip_val': 0.9979283613978318, 'hidden_size': 31, 'dropout': 0.1551220418053842, 'hidden_continuous_size': 8, 'attention_head_size': 2, 'learning_rate': 0.08947421528129518}. Best is trial 14 with value: 118.78255462646484.
LOCAL_RANK: 0 - CUDA_VISIBLE_DEVICES: [0]
[I 2023-12-15 17:14:06,095] Trial 46 finished with value: 137.9878692626953 and parameters: {'gradient_clip_val': 0.6929284314773494, 'hidden_size': 28, 'dropout': 0.11214283194507799, 'hidden_continuous_size': 10, 'attention_head_size': 3, 'learning_rate': 0.05858128062336121}. Best is trial 14 with value: 118.78255462646484.
LOCAL_RANK: 0 - CUDA_VISIBLE_DEVICES: [0]
[I 2023-12-15 17:14:55,585] Trial 47 finished with value: 265.2523193359375 and parameters: {'gradient_clip_val': 0.6687587719152857, 'hidden_size': 29, 'dropout': 0.11098612124484852, 'hidden_continuous_size': 10, 'attention_head_size': 3, 'learning_rate': 0.026424730647599606}. Best is trial 14 with value: 118.78255462646484.
LOCAL_RANK: 0 - CUDA_VISIBLE_DEVICES: [0]
[I 2023-12-15 17:15:44,827] Trial 48 finished with value: 183.1021270751953 and parameters: {'gradient_clip_val': 0.32098492053649097, 'hidden_size': 25, 'dropout': 0.11688897024996735, 'hidden_continuous_size': 11, 'attention_head_size': 3, 'learning_rate': 0.06003957595619888}. Best is trial 14 with value: 118.78255462646484.
LOCAL_RANK: 0 - CUDA_VISIBLE_DEVICES: [0]
[I 2023-12-15 17:16:36,305] Trial 49 finished with value: 214.9378204345703 and parameters: {'gradient_clip_val': 0.8697890127372078, 'hidden_size': 37, 'dropout': 0.10257217574643518, 'hidden_continuous_size': 12, 'attention_head_size': 4, 'learning_rate': 0.04121867008833327}. Best is trial 14 with value: 118.78255462646484.
[I 2023-12-15 17:16:36,398] A new study created in memory with name: no-name-246d3f1d-295d-4d1a-a47e-3ca0c40b9640
/home/le004/conda/anaconda3/envs/tsff_env/lib/python3.9/site-packages/lightning/fabric/plugins/environments/slurm.py:191: The `srun` command is available on your system but is not used. HINT: If your intention is to run Lightning on SLURM, prepend your python command with `srun` like so: srun python /home/le004/master_thesis/git/TSFusionForecast/code/ ...
LOCAL_RANK: 0 - CUDA_VISIBLE_DEVICES: [0]
[I 2023-12-15 17:17:11,108] Trial 0 finished with value: 351.7161865234375 and parameters: {'gradient_clip_val': 0.4158594775636379, 'hidden_size': 6, 'dropout': 0.35076585510147085, 'hidden_continuous_size': 6, 'attention_head_size': 4, 'learning_rate': 0.017734530470230173}. Best is trial 0 with value: 351.7161865234375.
LOCAL_RANK: 0 - CUDA_VISIBLE_DEVICES: [0]
[I 2023-12-15 17:18:05,558] Trial 1 finished with value: 689.3505859375 and parameters: {'gradient_clip_val': 0.4700724683989787, 'hidden_size': 73, 'dropout': 0.2834929845193425, 'hidden_continuous_size': 19, 'attention_head_size': 4, 'learning_rate': 0.028950321722325957}. Best is trial 0 with value: 351.7161865234375.
LOCAL_RANK: 0 - CUDA_VISIBLE_DEVICES: [0]
[I 2023-12-15 17:18:50,429] Trial 2 finished with value: 1259.928955078125 and parameters: {'gradient_clip_val': 0.10477837728694107, 'hidden_size': 6, 'dropout': 0.10601947267168423, 'hidden_continuous_size': 5, 'attention_head_size': 2, 'learning_rate': 0.01864999045998933}. Best is trial 0 with value: 351.7161865234375.
LOCAL_RANK: 0 - CUDA_VISIBLE_DEVICES: [0]
[I 2023-12-15 17:19:23,949] Trial 3 finished with value: 557.761474609375 and parameters: {'gradient_clip_val': 0.271172729150964, 'hidden_size': 6, 'dropout': 0.19430807548302043, 'hidden_continuous_size': 6, 'attention_head_size': 2, 'learning_rate': 0.02658550097457981}. Best is trial 0 with value: 351.7161865234375.
LOCAL_RANK: 0 - CUDA_VISIBLE_DEVICES: [0]
[I 2023-12-15 17:19:58,664] Trial 4 finished with value: 383.3182678222656 and parameters: {'gradient_clip_val': 0.2778525096236771, 'hidden_size': 5, 'dropout': 0.26424077623602527, 'hidden_continuous_size': 5, 'attention_head_size': 4, 'learning_rate': 0.009822513238633243}. Best is trial 0 with value: 351.7161865234375.
LOCAL_RANK: 0 - CUDA_VISIBLE_DEVICES: [0]
[I 2023-12-15 17:20:48,536] Trial 5 finished with value: 413.715576171875 and parameters: {'gradient_clip_val': 0.11155348033555226, 'hidden_size': 42, 'dropout': 0.32679164588033993, 'hidden_continuous_size': 7, 'attention_head_size': 1, 'learning_rate': 0.004448212778098205}. Best is trial 0 with value: 351.7161865234375.
LOCAL_RANK: 0 - CUDA_VISIBLE_DEVICES: [0]
[I 2023-12-15 17:21:44,561] Trial 6 finished with value: 894.7322387695312 and parameters: {'gradient_clip_val': 0.9364303691627524, 'hidden_size': 84, 'dropout': 0.24100295356790863, 'hidden_continuous_size': 65, 'attention_head_size': 1, 'learning_rate': 0.00251218856349443}. Best is trial 0 with value: 351.7161865234375.
LOCAL_RANK: 0 - CUDA_VISIBLE_DEVICES: [0]
[I 2023-12-15 17:22:35,686] Trial 7 finished with value: 541.4705200195312 and parameters: {'gradient_clip_val': 0.44238422232816543, 'hidden_size': 31, 'dropout': 0.20944496067263182, 'hidden_continuous_size': 23, 'attention_head_size': 1, 'learning_rate': 0.06400601932565585}. Best is trial 0 with value: 351.7161865234375.
LOCAL_RANK: 0 - CUDA_VISIBLE_DEVICES: [0]
[I 2023-12-15 17:23:21,483] Trial 8 finished with value: 188.14134216308594 and parameters: {'gradient_clip_val': 0.371297728202407, 'hidden_size': 11, 'dropout': 0.310256248474477, 'hidden_continuous_size': 10, 'attention_head_size': 2, 'learning_rate': 0.004953331201666918}. Best is trial 8 with value: 188.14134216308594.
LOCAL_RANK: 0 - CUDA_VISIBLE_DEVICES: [0]
[I 2023-12-15 17:24:12,061] Trial 9 finished with value: 407.3423767089844 and parameters: {'gradient_clip_val': 0.1484702798092676, 'hidden_size': 41, 'dropout': 0.2838429299620635, 'hidden_continuous_size': 7, 'attention_head_size': 3, 'learning_rate': 0.022153182519825426}. Best is trial 8 with value: 188.14134216308594.
LOCAL_RANK: 0 - CUDA_VISIBLE_DEVICES: [0]
[I 2023-12-15 17:24:58,227] Trial 10 finished with value: 631.6325073242188 and parameters: {'gradient_clip_val': 0.19704515713003218, 'hidden_size': 13, 'dropout': 0.3878629676863591, 'hidden_continuous_size': 9, 'attention_head_size': 3, 'learning_rate': 0.0006263592159887119}. Best is trial 8 with value: 188.14134216308594.
LOCAL_RANK: 0 - CUDA_VISIBLE_DEVICES: [0]
[I 2023-12-15 17:25:42,930] Trial 11 finished with value: 295.5924987792969 and parameters: {'gradient_clip_val': 0.4451419028815722, 'hidden_size': 12, 'dropout': 0.3745779476645777, 'hidden_continuous_size': 6, 'attention_head_size': 3, 'learning_rate': 0.006306628217948314}. Best is trial 8 with value: 188.14134216308594.
LOCAL_RANK: 0 - CUDA_VISIBLE_DEVICES: [0]
[I 2023-12-15 17:26:28,457] Trial 12 finished with value: 289.6159973144531 and parameters: {'gradient_clip_val': 0.695107919951912, 'hidden_size': 13, 'dropout': 0.3987755440374292, 'hidden_continuous_size': 8, 'attention_head_size': 3, 'learning_rate': 0.0037076188931929434}. Best is trial 8 with value: 188.14134216308594.
LOCAL_RANK: 0 - CUDA_VISIBLE_DEVICES: [0]
[I 2023-12-15 17:27:14,318] Trial 13 finished with value: 433.4058532714844 and parameters: {'gradient_clip_val': 0.7645436816697079, 'hidden_size': 14, 'dropout': 0.39518503606437116, 'hidden_continuous_size': 9, 'attention_head_size': 2, 'learning_rate': 0.0025149685011743197}. Best is trial 8 with value: 188.14134216308594.
LOCAL_RANK: 0 - CUDA_VISIBLE_DEVICES: [0]
[I 2023-12-15 17:28:02,709] Trial 14 finished with value: 429.5547790527344 and parameters: {'gradient_clip_val': 0.8072621874601829, 'hidden_size': 19, 'dropout': 0.3306431432522558, 'hidden_continuous_size': 10, 'attention_head_size': 3, 'learning_rate': 0.00238181809273394}. Best is trial 8 with value: 188.14134216308594.
LOCAL_RANK: 0 - CUDA_VISIBLE_DEVICES: [0]
[I 2023-12-15 17:28:48,141] Trial 15 finished with value: 458.5451354980469 and parameters: {'gradient_clip_val': 0.5732154305527234, 'hidden_size': 9, 'dropout': 0.33869695755129714, 'hidden_continuous_size': 8, 'attention_head_size': 2, 'learning_rate': 0.0010597963178074778}. Best is trial 8 with value: 188.14134216308594.
LOCAL_RANK: 0 - CUDA_VISIBLE_DEVICES: [0]
[I 2023-12-15 17:29:33,856] Trial 16 finished with value: 288.1163635253906 and parameters: {'gradient_clip_val': 0.6734269374641625, 'hidden_size': 9, 'dropout': 0.3110194602210703, 'hidden_continuous_size': 8, 'attention_head_size': 3, 'learning_rate': 0.008115332691466212}. Best is trial 8 with value: 188.14134216308594.
LOCAL_RANK: 0 - CUDA_VISIBLE_DEVICES: [0]
[I 2023-12-15 17:30:18,735] Trial 17 finished with value: 283.1066589355469 and parameters: {'gradient_clip_val': 0.332210938853786, 'hidden_size': 9, 'dropout': 0.30381345563807594, 'hidden_continuous_size': 5, 'attention_head_size': 2, 'learning_rate': 0.008578405410238755}. Best is trial 8 with value: 188.14134216308594.
LOCAL_RANK: 0 - CUDA_VISIBLE_DEVICES: [0]
[I 2023-12-15 17:31:04,719] Trial 18 finished with value: 594.6837158203125 and parameters: {'gradient_clip_val': 0.3389557851108322, 'hidden_size': 20, 'dropout': 0.30224428746526855, 'hidden_continuous_size': 5, 'attention_head_size': 2, 'learning_rate': 0.010057824419157198}. Best is trial 8 with value: 188.14134216308594.
LOCAL_RANK: 0 - CUDA_VISIBLE_DEVICES: [0]
