[I 2023-12-26 14:43:15,551] Trial 16 finished with value: 111.15001678466797 and parameters: {'gradient_clip_val': 0.21208552323021276, 'hidden_size': 21, 'dropout': 0.3547304174687229, 'hidden_continuous_size': 14, 'attention_head_size': 1, 'learning_rate': 0.016928494290214875}. Best is trial 0 with value: 28.739173889160156.
[I 2023-12-26 14:43:17,572] Trial 17 finished with value: 104.5492935180664 and parameters: {'gradient_clip_val': 0.13000891472211276, 'hidden_size': 12, 'dropout': 0.15135965184066696, 'hidden_continuous_size': 7, 'attention_head_size': 1, 'learning_rate': 0.054313192762885085}. Best is trial 0 with value: 28.739173889160156.
[I 2023-12-26 14:43:19,935] Trial 18 finished with value: 89.13980865478516 and parameters: {'gradient_clip_val': 0.18564432578683657, 'hidden_size': 23, 'dropout': 0.25940887309491195, 'hidden_continuous_size': 9, 'attention_head_size': 2, 'learning_rate': 0.017972172494633884}. Best is trial 0 with value: 28.739173889160156.
[I 2023-12-26 14:43:21,963] Trial 19 finished with value: 100.56206512451172 and parameters: {'gradient_clip_val': 0.12352943217453877, 'hidden_size': 7, 'dropout': 0.2578085769925551, 'hidden_continuous_size': 5, 'attention_head_size': 3, 'learning_rate': 0.05421942291602688}. Best is trial 0 with value: 28.739173889160156.
[I 2023-12-26 14:43:24,174] Trial 20 finished with value: 100.846435546875 and parameters: {'gradient_clip_val': 0.15040873620220035, 'hidden_size': 13, 'dropout': 0.3240137100958247, 'hidden_continuous_size': 7, 'attention_head_size': 1, 'learning_rate': 0.01745605766805161}. Best is trial 0 with value: 28.739173889160156.
[I 2023-12-26 14:43:26,637] Trial 21 finished with value: 94.7809829711914 and parameters: {'gradient_clip_val': 0.17101353838286287, 'hidden_size': 26, 'dropout': 0.26226012957602557, 'hidden_continuous_size': 18, 'attention_head_size': 1, 'learning_rate': 0.00515492884774086}. Best is trial 0 with value: 28.739173889160156.
[I 2023-12-26 14:43:28,777] Trial 22 finished with value: 96.5910415649414 and parameters: {'gradient_clip_val': 0.1970488499537932, 'hidden_size': 19, 'dropout': 0.2374181377017505, 'hidden_continuous_size': 16, 'attention_head_size': 1, 'learning_rate': 0.002864226333485476}. Best is trial 0 with value: 28.739173889160156.
[I 2023-12-26 14:43:31,088] Trial 23 finished with value: 92.5793685913086 and parameters: {'gradient_clip_val': 0.2846342041213383, 'hidden_size': 24, 'dropout': 0.27680227081629094, 'hidden_continuous_size': 22, 'attention_head_size': 2, 'learning_rate': 0.000623739656538034}. Best is trial 0 with value: 28.739173889160156.
[I 2023-12-26 14:43:33,070] Trial 24 finished with value: 94.9207763671875 and parameters: {'gradient_clip_val': 0.15275495262798267, 'hidden_size': 16, 'dropout': 0.3270902324133706, 'hidden_continuous_size': 11, 'attention_head_size': 1, 'learning_rate': 0.0005000904304269361}. Best is trial 0 with value: 28.739173889160156.
[I 2023-12-26 14:43:37,125] Trial 25 finished with value: 116.57382202148438 and parameters: {'gradient_clip_val': 0.2583974346181917, 'hidden_size': 43, 'dropout': 0.2432197605437445, 'hidden_continuous_size': 39, 'attention_head_size': 2, 'learning_rate': 0.0009746288932828322}. Best is trial 0 with value: 28.739173889160156.
[I 2023-12-26 14:43:39,966] Trial 26 finished with value: 87.92304229736328 and parameters: {'gradient_clip_val': 0.18793346424695317, 'hidden_size': 27, 'dropout': 0.2878896635147144, 'hidden_continuous_size': 14, 'attention_head_size': 1, 'learning_rate': 0.0011748427137337188}. Best is trial 0 with value: 28.739173889160156.
[I 2023-12-26 14:43:42,521] Trial 27 finished with value: 77.69476318359375 and parameters: {'gradient_clip_val': 0.11771627857370319, 'hidden_size': 20, 'dropout': 0.19078707359293393, 'hidden_continuous_size': 10, 'attention_head_size': 1, 'learning_rate': 0.008077461986753612}. Best is trial 0 with value: 28.739173889160156.
[I 2023-12-26 14:43:45,244] Trial 28 finished with value: 119.15496063232422 and parameters: {'gradient_clip_val': 0.10098111900831089, 'hidden_size': 12, 'dropout': 0.2172460507788863, 'hidden_continuous_size': 7, 'attention_head_size': 2, 'learning_rate': 0.005148962403299533}. Best is trial 0 with value: 28.739173889160156.
[I 2023-12-26 14:43:48,708] Trial 29 finished with value: 116.2020492553711 and parameters: {'gradient_clip_val': 0.13872168059805126, 'hidden_size': 31, 'dropout': 0.1929965035572903, 'hidden_continuous_size': 15, 'attention_head_size': 2, 'learning_rate': 0.003387822469384717}. Best is trial 0 with value: 28.739173889160156.
[I 2023-12-26 14:43:52,288] Trial 30 finished with value: 107.33919525146484 and parameters: {'gradient_clip_val': 0.17249408394506213, 'hidden_size': 36, 'dropout': 0.24529868838683727, 'hidden_continuous_size': 22, 'attention_head_size': 3, 'learning_rate': 0.014256043502864663}. Best is trial 0 with value: 28.739173889160156.
[I 2023-12-26 14:43:55,005] Trial 31 finished with value: 68.91191864013672 and parameters: {'gradient_clip_val': 0.11684484163960708, 'hidden_size': 21, 'dropout': 0.20036423628607725, 'hidden_continuous_size': 10, 'attention_head_size': 1, 'learning_rate': 0.007234891238640092}. Best is trial 0 with value: 28.739173889160156.
[I 2023-12-26 14:43:57,358] Trial 32 finished with value: 103.82176971435547 and parameters: {'gradient_clip_val': 0.12020562252719573, 'hidden_size': 24, 'dropout': 0.15958069262130933, 'hidden_continuous_size': 13, 'attention_head_size': 1, 'learning_rate': 0.005307097550966534}. Best is trial 0 with value: 28.739173889160156.
[I 2023-12-26 14:43:59,391] Trial 33 finished with value: 62.792816162109375 and parameters: {'gradient_clip_val': 0.14482357389961448, 'hidden_size': 17, 'dropout': 0.21529079717912022, 'hidden_continuous_size': 10, 'attention_head_size': 1, 'learning_rate': 0.007028804110764081}. Best is trial 0 with value: 28.739173889160156.
[I 2023-12-26 14:44:01,483] Trial 34 finished with value: 99.981689453125 and parameters: {'gradient_clip_val': 0.14252119915785316, 'hidden_size': 15, 'dropout': 0.2139065525667137, 'hidden_continuous_size': 10, 'attention_head_size': 1, 'learning_rate': 0.011607053036795103}. Best is trial 0 with value: 28.739173889160156.
[I 2023-12-26 14:44:03,580] Trial 35 finished with value: 70.74583435058594 and parameters: {'gradient_clip_val': 0.11261692869374995, 'hidden_size': 19, 'dropout': 0.17799784088390902, 'hidden_continuous_size': 11, 'attention_head_size': 1, 'learning_rate': 0.007374156833336155}. Best is trial 0 with value: 28.739173889160156.
[I 2023-12-26 14:44:05,537] Trial 36 finished with value: 109.94097137451172 and parameters: {'gradient_clip_val': 0.12899519653196337, 'hidden_size': 10, 'dropout': 0.2103382754136398, 'hidden_continuous_size': 8, 'attention_head_size': 2, 'learning_rate': 0.007595986447911392}. Best is trial 0 with value: 28.739173889160156.
[I 2023-12-26 14:44:07,879] Trial 37 finished with value: 84.49293518066406 and parameters: {'gradient_clip_val': 0.16403258013002914, 'hidden_size': 28, 'dropout': 0.23123288051373225, 'hidden_continuous_size': 10, 'attention_head_size': 1, 'learning_rate': 0.023242779737110038}. Best is trial 0 with value: 28.739173889160156.
[I 2023-12-26 14:44:09,921] Trial 38 finished with value: 108.24471282958984 and parameters: {'gradient_clip_val': 0.2048473291678033, 'hidden_size': 13, 'dropout': 0.1501194571545963, 'hidden_continuous_size': 9, 'attention_head_size': 2, 'learning_rate': 0.010057144142066444}. Best is trial 0 with value: 28.739173889160156.
[I 2023-12-26 14:44:12,111] Trial 39 finished with value: 99.2933120727539 and parameters: {'gradient_clip_val': 0.10021712098937821, 'hidden_size': 21, 'dropout': 0.26495734913893115, 'hidden_continuous_size': 12, 'attention_head_size': 2, 'learning_rate': 0.012840935118595432}. Best is trial 0 with value: 28.739173889160156.
[I 2023-12-26 14:44:14,706] Trial 40 finished with value: 106.54452514648438 and parameters: {'gradient_clip_val': 0.22331468136837446, 'hidden_size': 32, 'dropout': 0.20286502395188444, 'hidden_continuous_size': 12, 'attention_head_size': 4, 'learning_rate': 0.00400834221765884}. Best is trial 0 with value: 28.739173889160156.
[I 2023-12-26 14:44:16,745] Trial 41 finished with value: 103.09073638916016 and parameters: {'gradient_clip_val': 0.11199638732955043, 'hidden_size': 18, 'dropout': 0.18273991119580044, 'hidden_continuous_size': 11, 'attention_head_size': 1, 'learning_rate': 0.006431543987587519}. Best is trial 0 with value: 28.739173889160156.
[I 2023-12-26 14:44:18,773] Trial 42 finished with value: 103.32514190673828 and parameters: {'gradient_clip_val': 0.11438114275405196, 'hidden_size': 18, 'dropout': 0.16694997516961807, 'hidden_continuous_size': 10, 'attention_head_size': 1, 'learning_rate': 0.007193347702577093}. Best is trial 0 with value: 28.739173889160156.
[I 2023-12-26 14:44:20,926] Trial 43 finished with value: 90.09143829345703 and parameters: {'gradient_clip_val': 0.13975757454469365, 'hidden_size': 21, 'dropout': 0.13107421808875566, 'hidden_continuous_size': 11, 'attention_head_size': 1, 'learning_rate': 0.010421053069107488}. Best is trial 0 with value: 28.739173889160156.
[I 2023-12-26 14:44:22,748] Trial 44 finished with value: 101.42073822021484 and parameters: {'gradient_clip_val': 0.12619123248465797, 'hidden_size': 16, 'dropout': 0.1831568420889209, 'hidden_continuous_size': 8, 'attention_head_size': 1, 'learning_rate': 0.006035992792332165}. Best is trial 0 with value: 28.739173889160156.
[I 2023-12-26 14:44:24,879] Trial 45 finished with value: 89.34186553955078 and parameters: {'gradient_clip_val': 0.15835689376537787, 'hidden_size': 24, 'dropout': 0.2231351399807751, 'hidden_continuous_size': 13, 'attention_head_size': 1, 'learning_rate': 0.008864826449168996}. Best is trial 0 with value: 28.739173889160156.
[I 2023-12-26 14:44:26,896] Trial 46 finished with value: 101.41079711914062 and parameters: {'gradient_clip_val': 0.1856867704497317, 'hidden_size': 14, 'dropout': 0.1758312452426438, 'hidden_continuous_size': 9, 'attention_head_size': 1, 'learning_rate': 0.004244426995576488}. Best is trial 0 with value: 28.739173889160156.
[I 2023-12-26 14:44:28,905] Trial 47 finished with value: 104.13025665283203 and parameters: {'gradient_clip_val': 0.10850410152427208, 'hidden_size': 17, 'dropout': 0.20080018698647334, 'hidden_continuous_size': 6, 'attention_head_size': 2, 'learning_rate': 0.03684400626068893}. Best is trial 0 with value: 28.739173889160156.
[I 2023-12-26 14:44:30,875] Trial 48 finished with value: 104.94387817382812 and parameters: {'gradient_clip_val': 0.14204617711408113, 'hidden_size': 11, 'dropout': 0.23089415961718035, 'hidden_continuous_size': 8, 'attention_head_size': 2, 'learning_rate': 0.0238333113813655}. Best is trial 0 with value: 28.739173889160156.
[I 2023-12-26 14:44:32,916] Trial 49 finished with value: 88.3279800415039 and parameters: {'gradient_clip_val': 0.15701467635860802, 'hidden_size': 15, 'dropout': 0.13279003055823968, 'hidden_continuous_size': 5, 'attention_head_size': 1, 'learning_rate': 0.013641181444838953}. Best is trial 0 with value: 28.739173889160156.
[I 2023-12-26 14:44:33,051] A new study created in memory with name: no-name-521b7655-c327-4cc2-b567-f9fee71b6c67
/home/le004/conda/anaconda3/envs/tsff_env/lib/python3.9/site-packages/lightning/fabric/plugins/environments/slurm.py:191: The `srun` command is available on your system but is not used. HINT: If your intention is to run Lightning on SLURM, prepend your python command with `srun` like so: srun python /home/le004/master_thesis/git/TSFusionForecast/code/ ...
[I 2023-12-26 14:55:56,770] Trial 0 finished with value: 165.1336669921875 and parameters: {'gradient_clip_val': 0.22924618634554797, 'hidden_size': 123, 'dropout': 0.42016338514282636, 'hidden_continuous_size': 18, 'attention_head_size': 3, 'learning_rate': 0.001387004298618836}. Best is trial 0 with value: 165.1336669921875.
[I 2023-12-26 14:56:04,663] Trial 1 finished with value: 1007.123291015625 and parameters: {'gradient_clip_val': 0.22029768049074502, 'hidden_size': 107, 'dropout': 0.2607878845511381, 'hidden_continuous_size': 61, 'attention_head_size': 4, 'learning_rate': 0.007993748372019892}. Best is trial 0 with value: 165.1336669921875.
[I 2023-12-26 14:56:06,839] Trial 2 finished with value: 1419.2799072265625 and parameters: {'gradient_clip_val': 0.526571775503951, 'hidden_size': 13, 'dropout': 0.2931481233014524, 'hidden_continuous_size': 10, 'attention_head_size': 4, 'learning_rate': 0.000730820573291467}. Best is trial 0 with value: 165.1336669921875.
[I 2023-12-26 14:56:09,992] Trial 3 finished with value: 1082.1932373046875 and parameters: {'gradient_clip_val': 0.1396700912218648, 'hidden_size': 41, 'dropout': 0.33599339935244565, 'hidden_continuous_size': 10, 'attention_head_size': 3, 'learning_rate': 0.09879766372625735}. Best is trial 0 with value: 165.1336669921875.
[I 2023-12-26 14:56:12,230] Trial 4 finished with value: 1100.8980712890625 and parameters: {'gradient_clip_val': 0.6713586641270656, 'hidden_size': 22, 'dropout': 0.11005684475655686, 'hidden_continuous_size': 11, 'attention_head_size': 2, 'learning_rate': 0.002606994655668572}. Best is trial 0 with value: 165.1336669921875.
[I 2023-12-26 14:56:16,159] Trial 5 finished with value: 1391.64990234375 and parameters: {'gradient_clip_val': 0.6919153874871741, 'hidden_size': 65, 'dropout': 0.15353082740593582, 'hidden_continuous_size': 7, 'attention_head_size': 4, 'learning_rate': 0.002165796095860352}. Best is trial 0 with value: 165.1336669921875.
[I 2023-12-26 14:56:18,072] Trial 6 finished with value: 939.0673828125 and parameters: {'gradient_clip_val': 0.15243259567050693, 'hidden_size': 5, 'dropout': 0.4892675308707718, 'hidden_continuous_size': 5, 'attention_head_size': 2, 'learning_rate': 0.014561316518479882}. Best is trial 0 with value: 165.1336669921875.
[I 2023-12-26 14:56:20,031] Trial 7 finished with value: 616.8566284179688 and parameters: {'gradient_clip_val': 0.1192150170260409, 'hidden_size': 10, 'dropout': 0.31685832225702826, 'hidden_continuous_size': 6, 'attention_head_size': 1, 'learning_rate': 0.03337534332415956}. Best is trial 0 with value: 165.1336669921875.
[I 2023-12-26 14:56:25,076] Trial 8 finished with value: 1204.892578125 and parameters: {'gradient_clip_val': 0.18453606572810485, 'hidden_size': 82, 'dropout': 0.37337256616070313, 'hidden_continuous_size': 10, 'attention_head_size': 2, 'learning_rate': 0.006427733947043916}. Best is trial 0 with value: 165.1336669921875.
[I 2023-12-26 14:56:27,642] Trial 9 finished with value: 1664.0684814453125 and parameters: {'gradient_clip_val': 0.1442031055820328, 'hidden_size': 33, 'dropout': 0.42080592148062346, 'hidden_continuous_size': 19, 'attention_head_size': 3, 'learning_rate': 0.004840951512498906}. Best is trial 0 with value: 165.1336669921875.
[I 2023-12-26 14:56:36,624] Trial 10 finished with value: 1166.4063720703125 and parameters: {'gradient_clip_val': 0.31447893184805537, 'hidden_size': 144, 'dropout': 0.49791222006679914, 'hidden_continuous_size': 38, 'attention_head_size': 1, 'learning_rate': 0.0007780914439580452}. Best is trial 0 with value: 165.1336669921875.
[I 2023-12-26 14:56:38,693] Trial 11 finished with value: 1010.07080078125 and parameters: {'gradient_clip_val': 0.10184883758440447, 'hidden_size': 14, 'dropout': 0.39677218449121726, 'hidden_continuous_size': 5, 'attention_head_size': 1, 'learning_rate': 0.02682073405448465}. Best is trial 0 with value: 165.1336669921875.
[I 2023-12-26 14:56:47,785] Trial 12 finished with value: 1304.193115234375 and parameters: {'gradient_clip_val': 0.28924737456100214, 'hidden_size': 142, 'dropout': 0.24690005857354758, 'hidden_continuous_size': 21, 'attention_head_size': 3, 'learning_rate': 0.038129499215316415}. Best is trial 0 with value: 165.1336669921875.
[I 2023-12-26 14:56:51,393] Trial 13 finished with value: 901.40869140625 and parameters: {'gradient_clip_val': 0.10781118390612036, 'hidden_size': 58, 'dropout': 0.33879767479326345, 'hidden_continuous_size': 15, 'attention_head_size': 1, 'learning_rate': 0.0005403500496484116}. Best is trial 0 with value: 165.1336669921875.
[I 2023-12-26 14:56:54,439] Trial 14 finished with value: 1088.4295654296875 and parameters: {'gradient_clip_val': 0.23477998738312372, 'hidden_size': 49, 'dropout': 0.4360706669559782, 'hidden_continuous_size': 7, 'attention_head_size': 2, 'learning_rate': 0.0024896184511630647}. Best is trial 0 with value: 165.1336669921875.
[I 2023-12-26 14:56:56,628] Trial 15 finished with value: 1417.88037109375 and parameters: {'gradient_clip_val': 0.40759911507621427, 'hidden_size': 24, 'dropout': 0.4389667482022556, 'hidden_continuous_size': 6, 'attention_head_size': 3, 'learning_rate': 0.01633031078428547}. Best is trial 0 with value: 165.1336669921875.
[I 2023-12-26 14:57:01,402] Trial 16 finished with value: 707.5585327148438 and parameters: {'gradient_clip_val': 0.1938636072663577, 'hidden_size': 76, 'dropout': 0.3664946409550864, 'hidden_continuous_size': 28, 'attention_head_size': 1, 'learning_rate': 0.08855961132893184}. Best is trial 0 with value: 165.1336669921875.
[I 2023-12-26 14:57:03,259] Trial 17 finished with value: 1029.88330078125 and parameters: {'gradient_clip_val': 0.27272230885153664, 'hidden_size': 8, 'dropout': 0.32310243002520733, 'hidden_continuous_size': 6, 'attention_head_size': 2, 'learning_rate': 0.0013422435345143494}. Best is trial 0 with value: 165.1336669921875.
[I 2023-12-26 14:57:06,230] Trial 18 finished with value: 1032.89208984375 and parameters: {'gradient_clip_val': 0.3619718429964559, 'hidden_size': 35, 'dropout': 0.2776364380169859, 'hidden_continuous_size': 14, 'attention_head_size': 3, 'learning_rate': 0.004118457470487906}. Best is trial 0 with value: 165.1336669921875.
[I 2023-12-26 14:57:08,349] Trial 19 finished with value: 1235.0367431640625 and parameters: {'gradient_clip_val': 0.17032602795934793, 'hidden_size': 17, 'dropout': 0.23785113313118178, 'hidden_continuous_size': 8, 'attention_head_size': 4, 'learning_rate': 0.0012801937927169023}. Best is trial 0 with value: 165.1336669921875.
[I 2023-12-26 14:57:10,335] Trial 20 finished with value: 1128.4503173828125 and parameters: {'gradient_clip_val': 0.1295592785757487, 'hidden_size': 10, 'dropout': 0.38294721877745547, 'hidden_continuous_size': 6, 'attention_head_size': 1, 'learning_rate': 0.011354072535893375}. Best is trial 0 with value: 165.1336669921875.
[I 2023-12-26 14:57:15,992] Trial 21 finished with value: 1197.2637939453125 and parameters: {'gradient_clip_val': 0.19692980348103026, 'hidden_size': 87, 'dropout': 0.3619982895697801, 'hidden_continuous_size': 28, 'attention_head_size': 1, 'learning_rate': 0.09389036483431247}. Best is trial 0 with value: 165.1336669921875.
[I 2023-12-26 14:57:22,381] Trial 22 finished with value: 735.169189453125 and parameters: {'gradient_clip_val': 0.22988925735637344, 'hidden_size': 100, 'dropout': 0.3205070286891508, 'hidden_continuous_size': 30, 'attention_head_size': 1, 'learning_rate': 0.0506496653228118}. Best is trial 0 with value: 165.1336669921875.
[I 2023-12-26 14:57:26,962] Trial 23 finished with value: 1000.165283203125 and parameters: {'gradient_clip_val': 0.17890459510867582, 'hidden_size': 73, 'dropout': 0.4058532458093584, 'hidden_continuous_size': 15, 'attention_head_size': 2, 'learning_rate': 0.061241778914042366}. Best is trial 0 with value: 165.1336669921875.
[I 2023-12-26 14:57:30,197] Trial 24 finished with value: 1567.3115234375 and parameters: {'gradient_clip_val': 0.994799124023823, 'hidden_size': 52, 'dropout': 0.36631127859560686, 'hidden_continuous_size': 19, 'attention_head_size': 1, 'learning_rate': 0.027033168442204703}. Best is trial 0 with value: 165.1336669921875.
[I 2023-12-26 14:57:38,442] Trial 25 finished with value: 1079.0936279296875 and parameters: {'gradient_clip_val': 0.11756704038630313, 'hidden_size': 120, 'dropout': 0.46196730630855987, 'hidden_continuous_size': 104, 'attention_head_size': 2, 'learning_rate': 0.07130618696834201}. Best is trial 0 with value: 165.1336669921875.
[I 2023-12-26 14:57:43,340] Trial 26 finished with value: 1220.6910400390625 and parameters: {'gradient_clip_val': 0.12336921414093678, 'hidden_size': 77, 'dropout': 0.44662351632618713, 'hidden_continuous_size': 13, 'attention_head_size': 3, 'learning_rate': 0.03813654600075783}. Best is trial 0 with value: 165.1336669921875.
[I 2023-12-26 14:57:50,297] Trial 27 finished with value: 869.3201293945312 and parameters: {'gradient_clip_val': 0.1628046427088121, 'hidden_size': 109, 'dropout': 0.3990571206040959, 'hidden_continuous_size': 26, 'attention_head_size': 1, 'learning_rate': 0.020703668762021635}. Best is trial 0 with value: 165.1336669921875.
[I 2023-12-26 14:57:52,808] Trial 28 finished with value: 1240.0211181640625 and parameters: {'gradient_clip_val': 0.2059368488459979, 'hidden_size': 30, 'dropout': 0.3534894713545741, 'hidden_continuous_size': 9, 'attention_head_size': 2, 'learning_rate': 0.04328192632957039}. Best is trial 0 with value: 165.1336669921875.
[I 2023-12-26 14:57:56,137] Trial 29 finished with value: 1287.3697509765625 and parameters: {'gradient_clip_val': 0.23214544100982543, 'hidden_size': 44, 'dropout': 0.3065251966639744, 'hidden_continuous_size': 17, 'attention_head_size': 4, 'learning_rate': 0.00810313569446834}. Best is trial 0 with value: 165.1336669921875.
[I 2023-12-26 14:58:00,108] Trial 30 finished with value: 1058.0726318359375 and parameters: {'gradient_clip_val': 0.1519937563180592, 'hidden_size': 62, 'dropout': 0.39118832030166756, 'hidden_continuous_size': 13, 'attention_head_size': 1, 'learning_rate': 0.06627380642159514}. Best is trial 0 with value: 165.1336669921875.
