[I 2023-12-26 14:22:17,667] Trial 45 finished with value: 4.444725036621094 and parameters: {'gradient_clip_val': 0.3583172950762493, 'hidden_size': 71, 'dropout': 0.23495076233454176, 'hidden_continuous_size': 19, 'attention_head_size': 1, 'learning_rate': 0.004209202397900935}. Best is trial 0 with value: 0.06829600036144257.
[I 2023-12-26 14:22:20,233] Trial 46 finished with value: 3.2631747722625732 and parameters: {'gradient_clip_val': 0.4208392364049599, 'hidden_size': 31, 'dropout': 0.269529175706065, 'hidden_continuous_size': 20, 'attention_head_size': 2, 'learning_rate': 0.008302339105768495}. Best is trial 0 with value: 0.06829600036144257.
[I 2023-12-26 14:22:27,723] Trial 47 finished with value: 3.3246190547943115 and parameters: {'gradient_clip_val': 0.4711314758134746, 'hidden_size': 122, 'dropout': 0.16708453180699195, 'hidden_continuous_size': 12, 'attention_head_size': 2, 'learning_rate': 0.004980040342067039}. Best is trial 0 with value: 0.06829600036144257.
[I 2023-12-26 14:22:33,053] Trial 48 finished with value: 4.865016460418701 and parameters: {'gradient_clip_val': 0.3157909408135829, 'hidden_size': 89, 'dropout': 0.25745980731921303, 'hidden_continuous_size': 26, 'attention_head_size': 1, 'learning_rate': 0.013121297056209756}. Best is trial 0 with value: 0.06829600036144257.
[I 2023-12-26 14:22:36,080] Trial 49 finished with value: 3.5783112049102783 and parameters: {'gradient_clip_val': 0.2503594444849605, 'hidden_size': 46, 'dropout': 0.13165670283484776, 'hidden_continuous_size': 16, 'attention_head_size': 4, 'learning_rate': 0.0739951973509308}. Best is trial 0 with value: 0.06829600036144257.
[I 2023-12-26 14:22:36,201] A new study created in memory with name: no-name-f4f50f5b-bc87-4cf9-8570-a3d65ca6e318
/home/le004/conda/anaconda3/envs/tsff_env/lib/python3.9/site-packages/lightning/fabric/plugins/environments/slurm.py:191: The `srun` command is available on your system but is not used. HINT: If your intention is to run Lightning on SLURM, prepend your python command with `srun` like so: srun python /home/le004/master_thesis/git/TSFusionForecast/code/ ...
[I 2023-12-26 14:27:34,736] Trial 0 finished with value: 0.039503950625658035 and parameters: {'gradient_clip_val': 0.5268079573860563, 'hidden_size': 18, 'dropout': 0.4067929970618116, 'hidden_continuous_size': 13, 'attention_head_size': 3, 'learning_rate': 0.010082963864401401}. Best is trial 0 with value: 0.039503950625658035.
[I 2023-12-26 14:27:38,438] Trial 1 finished with value: 4.99752140045166 and parameters: {'gradient_clip_val': 0.5191075949296545, 'hidden_size': 46, 'dropout': 0.33309606572751843, 'hidden_continuous_size': 6, 'attention_head_size': 4, 'learning_rate': 0.06133533400924517}. Best is trial 0 with value: 0.039503950625658035.
[I 2023-12-26 14:27:41,036] Trial 2 finished with value: 2.8750264644622803 and parameters: {'gradient_clip_val': 0.5311390659399605, 'hidden_size': 26, 'dropout': 0.2887369205165862, 'hidden_continuous_size': 18, 'attention_head_size': 3, 'learning_rate': 0.05439127827024103}. Best is trial 0 with value: 0.039503950625658035.
[I 2023-12-26 14:27:46,642] Trial 3 finished with value: 4.202027320861816 and parameters: {'gradient_clip_val': 0.16133046462246367, 'hidden_size': 74, 'dropout': 0.4040162308914337, 'hidden_continuous_size': 54, 'attention_head_size': 1, 'learning_rate': 0.03410299107354305}. Best is trial 0 with value: 0.039503950625658035.
[I 2023-12-26 14:27:56,757] Trial 4 finished with value: 3.143505811691284 and parameters: {'gradient_clip_val': 0.12100443967788399, 'hidden_size': 146, 'dropout': 0.15095236116379973, 'hidden_continuous_size': 15, 'attention_head_size': 4, 'learning_rate': 0.006119282783569519}. Best is trial 0 with value: 0.039503950625658035.
[I 2023-12-26 14:28:01,492] Trial 5 finished with value: 2.714437246322632 and parameters: {'gradient_clip_val': 0.11925181310711708, 'hidden_size': 63, 'dropout': 0.13624955742362413, 'hidden_continuous_size': 11, 'attention_head_size': 2, 'learning_rate': 0.0006171356377183066}. Best is trial 0 with value: 0.039503950625658035.
[I 2023-12-26 14:28:04,953] Trial 6 finished with value: 3.9649112224578857 and parameters: {'gradient_clip_val': 0.1054407018388486, 'hidden_size': 46, 'dropout': 0.35800068807356444, 'hidden_continuous_size': 7, 'attention_head_size': 2, 'learning_rate': 0.07715329098829139}. Best is trial 0 with value: 0.039503950625658035.
[I 2023-12-26 14:28:07,846] Trial 7 finished with value: 4.13132381439209 and parameters: {'gradient_clip_val': 0.7389897973949283, 'hidden_size': 26, 'dropout': 0.46235456695530963, 'hidden_continuous_size': 22, 'attention_head_size': 2, 'learning_rate': 0.002308215712764924}. Best is trial 0 with value: 0.039503950625658035.
[I 2023-12-26 14:28:17,874] Trial 8 finished with value: 4.41042423248291 and parameters: {'gradient_clip_val': 0.1694608704764367, 'hidden_size': 143, 'dropout': 0.1261614673024404, 'hidden_continuous_size': 12, 'attention_head_size': 4, 'learning_rate': 0.0068476443057977785}. Best is trial 0 with value: 0.039503950625658035.
[I 2023-12-26 14:28:19,811] Trial 9 finished with value: 2.8485352993011475 and parameters: {'gradient_clip_val': 0.9955928633216237, 'hidden_size': 16, 'dropout': 0.1920142658150577, 'hidden_continuous_size': 5, 'attention_head_size': 1, 'learning_rate': 0.0015921161992082612}. Best is trial 0 with value: 0.039503950625658035.
[I 2023-12-26 14:28:21,675] Trial 10 finished with value: 4.287858009338379 and parameters: {'gradient_clip_val': 0.3149156002801028, 'hidden_size': 5, 'dropout': 0.48257353018169535, 'hidden_continuous_size': 5, 'attention_head_size': 3, 'learning_rate': 0.021197704731166125}. Best is trial 0 with value: 0.039503950625658035.
[I 2023-12-26 14:28:23,873] Trial 11 finished with value: 3.3170156478881836 and parameters: {'gradient_clip_val': 0.2954888675603005, 'hidden_size': 14, 'dropout': 0.24086961880913965, 'hidden_continuous_size': 9, 'attention_head_size': 2, 'learning_rate': 0.0005149441434410056}. Best is trial 0 with value: 0.039503950625658035.
[I 2023-12-26 14:28:26,000] Trial 12 finished with value: 3.257143020629883 and parameters: {'gradient_clip_val': 0.21785653888671921, 'hidden_size': 12, 'dropout': 0.10686990645205457, 'hidden_continuous_size': 9, 'attention_head_size': 3, 'learning_rate': 0.015109005369609322}. Best is trial 0 with value: 0.039503950625658035.
[I 2023-12-26 14:28:30,454] Trial 13 finished with value: 4.186582088470459 and parameters: {'gradient_clip_val': 0.39501162829041814, 'hidden_size': 63, 'dropout': 0.24527139449109242, 'hidden_continuous_size': 24, 'attention_head_size': 2, 'learning_rate': 0.0005186556229980738}. Best is trial 0 with value: 0.039503950625658035.
[I 2023-12-26 14:28:33,433] Trial 14 finished with value: 3.799428939819336 and parameters: {'gradient_clip_val': 0.23397546722664736, 'hidden_size': 35, 'dropout': 0.40527028945991317, 'hidden_continuous_size': 11, 'attention_head_size': 3, 'learning_rate': 0.0033419304928401566}. Best is trial 0 with value: 0.039503950625658035.
[I 2023-12-26 14:28:39,556] Trial 15 finished with value: 4.048766136169434 and parameters: {'gradient_clip_val': 0.41498499534585154, 'hidden_size': 84, 'dropout': 0.17969412638372034, 'hidden_continuous_size': 30, 'attention_head_size': 1, 'learning_rate': 0.01279561376997338}. Best is trial 0 with value: 0.039503950625658035.
[I 2023-12-26 14:28:41,888] Trial 16 finished with value: 3.797445297241211 and parameters: {'gradient_clip_val': 0.13281838961906267, 'hidden_size': 20, 'dropout': 0.10250074202301632, 'hidden_continuous_size': 10, 'attention_head_size': 3, 'learning_rate': 0.0012512263626440246}. Best is trial 0 with value: 0.039503950625658035.
[I 2023-12-26 14:28:43,980] Trial 17 finished with value: 3.5876877307891846 and parameters: {'gradient_clip_val': 0.10061585857406445, 'hidden_size': 9, 'dropout': 0.2783425252639788, 'hidden_continuous_size': 6, 'attention_head_size': 2, 'learning_rate': 0.003996167624323965}. Best is trial 0 with value: 0.039503950625658035.
[I 2023-12-26 14:28:46,930] Trial 18 finished with value: 3.9233644008636475 and parameters: {'gradient_clip_val': 0.2230633734804126, 'hidden_size': 35, 'dropout': 0.208403358575081, 'hidden_continuous_size': 15, 'attention_head_size': 3, 'learning_rate': 0.011908966433694993}. Best is trial 0 with value: 0.039503950625658035.
[I 2023-12-26 14:28:49,471] Trial 19 finished with value: 3.585034132003784 and parameters: {'gradient_clip_val': 0.1731143575097883, 'hidden_size': 19, 'dropout': 0.32589994949591305, 'hidden_continuous_size': 8, 'attention_head_size': 2, 'learning_rate': 0.001081442968889501}. Best is trial 0 with value: 0.039503950625658035.
[I 2023-12-26 14:28:51,529] Trial 20 finished with value: 3.056363821029663 and parameters: {'gradient_clip_val': 0.2533220552793241, 'hidden_size': 10, 'dropout': 0.1399631485650459, 'hidden_continuous_size': 7, 'attention_head_size': 1, 'learning_rate': 0.004739161327182203}. Best is trial 0 with value: 0.039503950625658035.
[I 2023-12-26 14:28:53,522] Trial 21 finished with value: 5.352417469024658 and parameters: {'gradient_clip_val': 0.951185437157063, 'hidden_size': 16, 'dropout': 0.1581003974566633, 'hidden_continuous_size': 5, 'attention_head_size': 1, 'learning_rate': 0.0017844695715460732}. Best is trial 0 with value: 0.039503950625658035.
[I 2023-12-26 14:28:55,889] Trial 22 finished with value: 4.319833278656006 and parameters: {'gradient_clip_val': 0.9998087117028863, 'hidden_size': 21, 'dropout': 0.19391293707852325, 'hidden_continuous_size': 11, 'attention_head_size': 1, 'learning_rate': 0.0009739756138812194}. Best is trial 0 with value: 0.039503950625658035.
[I 2023-12-26 14:28:58,055] Trial 23 finished with value: 3.934885263442993 and parameters: {'gradient_clip_val': 0.7616758334089253, 'hidden_size': 14, 'dropout': 0.21920598094688398, 'hidden_continuous_size': 5, 'attention_head_size': 1, 'learning_rate': 0.0027974615919369025}. Best is trial 0 with value: 0.039503950625658035.
[I 2023-12-26 14:29:00,858] Trial 24 finished with value: 4.061235427856445 and parameters: {'gradient_clip_val': 0.702658615673639, 'hidden_size': 33, 'dropout': 0.1761748100654546, 'hidden_continuous_size': 13, 'attention_head_size': 2, 'learning_rate': 0.0007796176515198568}. Best is trial 0 with value: 0.039503950625658035.
[I 2023-12-26 14:29:02,813] Trial 25 finished with value: 3.9123408794403076 and parameters: {'gradient_clip_val': 0.4046452650314292, 'hidden_size': 8, 'dropout': 0.1603578130136135, 'hidden_continuous_size': 5, 'attention_head_size': 3, 'learning_rate': 0.0017426718666979741}. Best is trial 0 with value: 0.039503950625658035.
[I 2023-12-26 14:29:05,038] Trial 26 finished with value: 3.773427724838257 and parameters: {'gradient_clip_val': 0.5839028753777075, 'hidden_size': 18, 'dropout': 0.2610494418030302, 'hidden_continuous_size': 8, 'attention_head_size': 2, 'learning_rate': 0.008847859340245469}. Best is trial 0 with value: 0.039503950625658035.
[I 2023-12-26 14:29:07,361] Trial 27 finished with value: 2.978092908859253 and parameters: {'gradient_clip_val': 0.35060682541219534, 'hidden_size': 24, 'dropout': 0.2220326706006253, 'hidden_continuous_size': 10, 'attention_head_size': 1, 'learning_rate': 0.0014754170674990974}. Best is trial 0 with value: 0.039503950625658035.
[I 2023-12-26 14:29:09,529] Trial 28 finished with value: 3.888723134994507 and parameters: {'gradient_clip_val': 0.49198433566046984, 'hidden_size': 12, 'dropout': 0.19894385884085464, 'hidden_continuous_size': 6, 'attention_head_size': 4, 'learning_rate': 0.0024424583764620852}. Best is trial 0 with value: 0.039503950625658035.
[I 2023-12-26 14:29:13,266] Trial 29 finished with value: 2.573385000228882 and parameters: {'gradient_clip_val': 0.6339247889764734, 'hidden_size': 47, 'dropout': 0.309471048180587, 'hidden_continuous_size': 13, 'attention_head_size': 4, 'learning_rate': 0.0008005833078909598}. Best is trial 0 with value: 0.039503950625658035.
[I 2023-12-26 14:29:17,195] Trial 30 finished with value: 3.916541814804077 and parameters: {'gradient_clip_val': 0.4671847678685398, 'hidden_size': 44, 'dropout': 0.31669752917747046, 'hidden_continuous_size': 13, 'attention_head_size': 4, 'learning_rate': 0.000672984559265316}. Best is trial 0 with value: 0.039503950625658035.
[I 2023-12-26 14:29:21,182] Trial 31 finished with value: 4.164634704589844 and parameters: {'gradient_clip_val': 0.5927770341108636, 'hidden_size': 57, 'dropout': 0.35726810255222596, 'hidden_continuous_size': 13, 'attention_head_size': 4, 'learning_rate': 0.0008194312258418501}. Best is trial 0 with value: 0.039503950625658035.
[I 2023-12-26 14:29:23,992] Trial 32 finished with value: 3.7543163299560547 and parameters: {'gradient_clip_val': 0.6492293744014812, 'hidden_size': 30, 'dropout': 0.2787948962773215, 'hidden_continuous_size': 15, 'attention_head_size': 4, 'learning_rate': 0.0011908457383979741}. Best is trial 0 with value: 0.039503950625658035.
[I 2023-12-26 14:29:26,416] Trial 33 finished with value: 3.285998582839966 and parameters: {'gradient_clip_val': 0.8589338493902129, 'hidden_size': 24, 'dropout': 0.31523675881348084, 'hidden_continuous_size': 11, 'attention_head_size': 3, 'learning_rate': 0.0008870490111646129}. Best is trial 0 with value: 0.039503950625658035.
[I 2023-12-26 14:29:29,879] Trial 34 finished with value: 3.7158870697021484 and parameters: {'gradient_clip_val': 0.8416786607619358, 'hidden_size': 44, 'dropout': 0.29672749334874027, 'hidden_continuous_size': 17, 'attention_head_size': 4, 'learning_rate': 0.001810375932399897}. Best is trial 0 with value: 0.039503950625658035.
[I 2023-12-26 14:29:32,616] Trial 35 finished with value: 3.434100866317749 and parameters: {'gradient_clip_val': 0.5511701067552071, 'hidden_size': 30, 'dropout': 0.2563643701438279, 'hidden_continuous_size': 7, 'attention_head_size': 2, 'learning_rate': 0.000669251993532534}. Best is trial 0 with value: 0.039503950625658035.
[I 2023-12-26 14:29:38,827] Trial 36 finished with value: 3.4974327087402344 and parameters: {'gradient_clip_val': 0.6094083058339319, 'hidden_size': 85, 'dropout': 0.13529471322723366, 'hidden_continuous_size': 18, 'attention_head_size': 3, 'learning_rate': 0.001265929338907914}. Best is trial 0 with value: 0.039503950625658035.
[I 2023-12-26 14:29:42,332] Trial 37 finished with value: 3.9766311645507812 and parameters: {'gradient_clip_val': 0.7092491758580991, 'hidden_size': 54, 'dropout': 0.40811700022862996, 'hidden_continuous_size': 9, 'attention_head_size': 1, 'learning_rate': 0.0051893689032832015}. Best is trial 0 with value: 0.039503950625658035.
[I 2023-12-26 14:29:45,446] Trial 38 finished with value: 3.161989450454712 and parameters: {'gradient_clip_val': 0.4904343116700134, 'hidden_size': 40, 'dropout': 0.34767674124048703, 'hidden_continuous_size': 12, 'attention_head_size': 4, 'learning_rate': 0.0005139490513882421}. Best is trial 0 with value: 0.039503950625658035.
[I 2023-12-26 14:29:48,078] Trial 39 finished with value: 2.693341016769409 and parameters: {'gradient_clip_val': 0.6478349469637344, 'hidden_size': 27, 'dropout': 0.37909074363587963, 'hidden_continuous_size': 6, 'attention_head_size': 3, 'learning_rate': 0.007825255931740811}. Best is trial 0 with value: 0.039503950625658035.
[I 2023-12-26 14:29:50,752] Trial 40 finished with value: 3.6183900833129883 and parameters: {'gradient_clip_val': 0.5294276555923473, 'hidden_size': 28, 'dropout': 0.3838826600039463, 'hidden_continuous_size': 10, 'attention_head_size': 3, 'learning_rate': 0.0065951309595276885}. Best is trial 0 with value: 0.039503950625658035.
[I 2023-12-26 14:29:53,250] Trial 41 finished with value: 4.15838623046875 and parameters: {'gradient_clip_val': 0.6646560787531062, 'hidden_size': 25, 'dropout': 0.3778483820299505, 'hidden_continuous_size': 6, 'attention_head_size': 3, 'learning_rate': 0.008955092253691677}. Best is trial 0 with value: 0.039503950625658035.
[I 2023-12-26 14:29:55,903] Trial 42 finished with value: 4.674283981323242 and parameters: {'gradient_clip_val': 0.6397923702605319, 'hidden_size': 21, 'dropout': 0.4285027248005055, 'hidden_continuous_size': 5, 'attention_head_size': 3, 'learning_rate': 0.024823549071985522}. Best is trial 0 with value: 0.039503950625658035.
[I 2023-12-26 14:29:59,040] Trial 43 finished with value: 2.6433517932891846 and parameters: {'gradient_clip_val': 0.776260425022347, 'hidden_size': 38, 'dropout': 0.3328979805760792, 'hidden_continuous_size': 14, 'attention_head_size': 2, 'learning_rate': 0.0056677617437245415}. Best is trial 0 with value: 0.039503950625658035.
[I 2023-12-26 14:30:02,151] Trial 44 finished with value: 4.395447731018066 and parameters: {'gradient_clip_val': 0.7793941829716183, 'hidden_size': 38, 'dropout': 0.3346690151316416, 'hidden_continuous_size': 15, 'attention_head_size': 2, 'learning_rate': 0.003702013973536778}. Best is trial 0 with value: 0.039503950625658035.
[I 2023-12-26 14:30:06,089] Trial 45 finished with value: 4.110994338989258 and parameters: {'gradient_clip_val': 0.5635975650159916, 'hidden_size': 50, 'dropout': 0.3079160849546021, 'hidden_continuous_size': 17, 'attention_head_size': 2, 'learning_rate': 0.04912266323785222}. Best is trial 0 with value: 0.039503950625658035.
[I 2023-12-26 14:30:10,829] Trial 46 finished with value: 3.52742075920105 and parameters: {'gradient_clip_val': 0.4462414731911641, 'hidden_size': 66, 'dropout': 0.3373940297113513, 'hidden_continuous_size': 21, 'attention_head_size': 2, 'learning_rate': 0.0082882888511622}. Best is trial 0 with value: 0.039503950625658035.
[I 2023-12-26 14:30:14,435] Trial 47 finished with value: 3.61700177192688 and parameters: {'gradient_clip_val': 0.6909577683738021, 'hidden_size': 46, 'dropout': 0.36538706953694183, 'hidden_continuous_size': 14, 'attention_head_size': 3, 'learning_rate': 0.005511541965743322}. Best is trial 0 with value: 0.039503950625658035.
[I 2023-12-26 14:30:17,568] Trial 48 finished with value: 2.7961695194244385 and parameters: {'gradient_clip_val': 0.5004447747396606, 'hidden_size': 39, 'dropout': 0.3022193355496438, 'hidden_continuous_size': 14, 'attention_head_size': 2, 'learning_rate': 0.017205938326486463}. Best is trial 0 with value: 0.039503950625658035.
[I 2023-12-26 14:30:20,210] Trial 49 finished with value: 3.939882278442383 and parameters: {'gradient_clip_val': 0.11249253630756847, 'hidden_size': 32, 'dropout': 0.3437949041425633, 'hidden_continuous_size': 12, 'attention_head_size': 2, 'learning_rate': 0.01105644880556517}. Best is trial 0 with value: 0.039503950625658035.
[I 2023-12-26 14:30:20,344] A new study created in memory with name: no-name-ec84cc14-0742-4fd8-816d-db746a606477
/home/le004/conda/anaconda3/envs/tsff_env/lib/python3.9/site-packages/lightning/fabric/plugins/environments/slurm.py:191: The `srun` command is available on your system but is not used. HINT: If your intention is to run Lightning on SLURM, prepend your python command with `srun` like so: srun python /home/le004/master_thesis/git/TSFusionForecast/code/ ...
[I 2023-12-26 14:48:44,074] Trial 0 finished with value: 0.03599891439080238 and parameters: {'gradient_clip_val': 0.5264226177445452, 'hidden_size': 92, 'dropout': 0.1785229189954028, 'hidden_continuous_size': 61, 'attention_head_size': 1, 'learning_rate': 0.0005507924507506758}. Best is trial 0 with value: 0.03599891439080238.
[I 2023-12-26 14:51:39,380] Trial 1 finished with value: 0.05074155330657959 and parameters: {'gradient_clip_val': 0.11360945209777032, 'hidden_size': 52, 'dropout': 0.18173959219361852, 'hidden_continuous_size': 33, 'attention_head_size': 2, 'learning_rate': 0.013633527746481976}. Best is trial 0 with value: 0.03599891439080238.
[I 2023-12-26 14:51:41,901] Trial 2 finished with value: 3.4934775829315186 and parameters: {'gradient_clip_val': 0.35981138253043043, 'hidden_size': 13, 'dropout': 0.23223645769300966, 'hidden_continuous_size': 7, 'attention_head_size': 3, 'learning_rate': 0.08745300872710052}. Best is trial 0 with value: 0.03599891439080238.
[I 2023-12-26 14:51:44,375] Trial 3 finished with value: 3.400543212890625 and parameters: {'gradient_clip_val': 0.20244218495777286, 'hidden_size': 10, 'dropout': 0.23792489044132134, 'hidden_continuous_size': 9, 'attention_head_size': 4, 'learning_rate': 0.011277329187781123}. Best is trial 0 with value: 0.03599891439080238.
[I 2023-12-26 14:51:46,633] Trial 4 finished with value: 3.9411098957061768 and parameters: {'gradient_clip_val': 0.6890933456739186, 'hidden_size': 12, 'dropout': 0.32948377506405435, 'hidden_continuous_size': 5, 'attention_head_size': 4, 'learning_rate': 0.017934312784733362}. Best is trial 0 with value: 0.03599891439080238.
[I 2023-12-26 14:51:48,936] Trial 5 finished with value: 5.119875431060791 and parameters: {'gradient_clip_val': 0.6870951866450854, 'hidden_size': 11, 'dropout': 0.27630187209396817, 'hidden_continuous_size': 8, 'attention_head_size': 2, 'learning_rate': 0.08116840429377559}. Best is trial 0 with value: 0.03599891439080238.
[I 2023-12-26 14:51:51,451] Trial 6 finished with value: 3.51678204536438 and parameters: {'gradient_clip_val': 0.18289593920951044, 'hidden_size': 29, 'dropout': 0.26916457846350006, 'hidden_continuous_size': 8, 'attention_head_size': 3, 'learning_rate': 0.0014552075774090156}. Best is trial 0 with value: 0.03599891439080238.
[I 2023-12-26 14:51:54,118] Trial 7 finished with value: 3.91167950630188 and parameters: {'gradient_clip_val': 0.575879959676535, 'hidden_size': 21, 'dropout': 0.4767346468476146, 'hidden_continuous_size': 11, 'attention_head_size': 4, 'learning_rate': 0.0014913067907092068}. Best is trial 0 with value: 0.03599891439080238.
