[I 2023-12-15 20:48:18,891] Trial 40 finished with value: 0.04932326078414917 and parameters: {'gradient_clip_val': 0.9077967732552342, 'hidden_size': 47, 'dropout': 0.14771990998012907, 'hidden_continuous_size': 15, 'attention_head_size': 3, 'learning_rate': 0.005689603443057582}. Best is trial 32 with value: 0.04496258497238159.
LOCAL_RANK: 0 - CUDA_VISIBLE_DEVICES: [0]
[I 2023-12-15 20:49:08,282] Trial 41 finished with value: 0.0521954782307148 and parameters: {'gradient_clip_val': 0.8010256739935319, 'hidden_size': 32, 'dropout': 0.18252692735117057, 'hidden_continuous_size': 13, 'attention_head_size': 4, 'learning_rate': 0.010036260475269017}. Best is trial 32 with value: 0.04496258497238159.
LOCAL_RANK: 0 - CUDA_VISIBLE_DEVICES: [0]
[I 2023-12-15 20:49:58,699] Trial 42 finished with value: 0.052385445684194565 and parameters: {'gradient_clip_val': 0.670566604751856, 'hidden_size': 36, 'dropout': 0.11808866064327773, 'hidden_continuous_size': 12, 'attention_head_size': 4, 'learning_rate': 0.007971578491955721}. Best is trial 32 with value: 0.04496258497238159.
LOCAL_RANK: 0 - CUDA_VISIBLE_DEVICES: [0]
[I 2023-12-15 20:50:51,384] Trial 43 finished with value: 0.07763059437274933 and parameters: {'gradient_clip_val': 0.9973474863781674, 'hidden_size': 43, 'dropout': 0.20899221847955998, 'hidden_continuous_size': 9, 'attention_head_size': 4, 'learning_rate': 0.012559133532520497}. Best is trial 32 with value: 0.04496258497238159.
LOCAL_RANK: 0 - CUDA_VISIBLE_DEVICES: [0]
[I 2023-12-15 20:51:45,330] Trial 44 finished with value: 0.046081673353910446 and parameters: {'gradient_clip_val': 0.5815048376999509, 'hidden_size': 53, 'dropout': 0.1883817868411112, 'hidden_continuous_size': 17, 'attention_head_size': 4, 'learning_rate': 0.008560590720995192}. Best is trial 32 with value: 0.04496258497238159.
LOCAL_RANK: 0 - CUDA_VISIBLE_DEVICES: [0]
[I 2023-12-15 20:52:38,292] Trial 45 finished with value: 0.051354434341192245 and parameters: {'gradient_clip_val': 0.5823175488021658, 'hidden_size': 64, 'dropout': 0.16258440391116974, 'hidden_continuous_size': 18, 'attention_head_size': 4, 'learning_rate': 0.006368406364262306}. Best is trial 32 with value: 0.04496258497238159.
LOCAL_RANK: 0 - CUDA_VISIBLE_DEVICES: [0]
[I 2023-12-15 20:53:30,070] Trial 46 finished with value: 0.0487397201359272 and parameters: {'gradient_clip_val': 0.8057764334442076, 'hidden_size': 52, 'dropout': 0.14845985401124132, 'hidden_continuous_size': 16, 'attention_head_size': 1, 'learning_rate': 0.008321675587675199}. Best is trial 32 with value: 0.04496258497238159.
LOCAL_RANK: 0 - CUDA_VISIBLE_DEVICES: [0]
[I 2023-12-15 20:54:24,699] Trial 47 finished with value: 0.08284125477075577 and parameters: {'gradient_clip_val': 0.6930447257880161, 'hidden_size': 73, 'dropout': 0.16957070413435762, 'hidden_continuous_size': 15, 'attention_head_size': 4, 'learning_rate': 0.005236043146536614}. Best is trial 32 with value: 0.04496258497238159.
LOCAL_RANK: 0 - CUDA_VISIBLE_DEVICES: [0]
[I 2023-12-15 20:55:18,728] Trial 48 finished with value: 0.06116657331585884 and parameters: {'gradient_clip_val': 0.88779383870569, 'hidden_size': 71, 'dropout': 0.11732796977516811, 'hidden_continuous_size': 18, 'attention_head_size': 3, 'learning_rate': 0.014988297655436736}. Best is trial 32 with value: 0.04496258497238159.
LOCAL_RANK: 0 - CUDA_VISIBLE_DEVICES: [0]
[I 2023-12-15 20:56:12,885] Trial 49 finished with value: 0.05761834979057312 and parameters: {'gradient_clip_val': 0.5575109775793355, 'hidden_size': 58, 'dropout': 0.19111162872014845, 'hidden_continuous_size': 21, 'attention_head_size': 4, 'learning_rate': 0.02109181566567872}. Best is trial 32 with value: 0.04496258497238159.
[I 2023-12-15 20:56:12,979] A new study created in memory with name: no-name-5915c77e-2840-48d3-974d-30fcd07456f4
/home/le004/conda/anaconda3/envs/tsff_env/lib/python3.9/site-packages/lightning/fabric/plugins/environments/slurm.py:191: The `srun` command is available on your system but is not used. HINT: If your intention is to run Lightning on SLURM, prepend your python command with `srun` like so: srun python /home/le004/master_thesis/git/TSFusionForecast/code/ ...
LOCAL_RANK: 0 - CUDA_VISIBLE_DEVICES: [0]
[I 2023-12-15 20:57:07,303] Trial 0 finished with value: 0.21066011488437653 and parameters: {'gradient_clip_val': 0.3307441050501863, 'hidden_size': 66, 'dropout': 0.26300525052571644, 'hidden_continuous_size': 14, 'attention_head_size': 4, 'learning_rate': 0.03702271148718242}. Best is trial 0 with value: 0.21066011488437653.
LOCAL_RANK: 0 - CUDA_VISIBLE_DEVICES: [0]
[I 2023-12-15 20:58:00,812] Trial 1 finished with value: 0.2829242944717407 and parameters: {'gradient_clip_val': 0.10120518561524236, 'hidden_size': 60, 'dropout': 0.3514287985499387, 'hidden_continuous_size': 39, 'attention_head_size': 2, 'learning_rate': 0.01327958648658636}. Best is trial 0 with value: 0.21066011488437653.
LOCAL_RANK: 0 - CUDA_VISIBLE_DEVICES: [0]
[I 2023-12-15 20:58:49,111] Trial 2 finished with value: 0.05594150722026825 and parameters: {'gradient_clip_val': 0.12436755961176227, 'hidden_size': 19, 'dropout': 0.22698464573014124, 'hidden_continuous_size': 8, 'attention_head_size': 4, 'learning_rate': 0.027534298375075202}. Best is trial 2 with value: 0.05594150722026825.
LOCAL_RANK: 0 - CUDA_VISIBLE_DEVICES: [0]
[I 2023-12-15 20:59:41,769] Trial 3 finished with value: 0.2953176498413086 and parameters: {'gradient_clip_val': 0.30672647484669335, 'hidden_size': 43, 'dropout': 0.2243329822373154, 'hidden_continuous_size': 27, 'attention_head_size': 2, 'learning_rate': 0.0005032775682831128}. Best is trial 2 with value: 0.05594150722026825.
LOCAL_RANK: 0 - CUDA_VISIBLE_DEVICES: [0]
[I 2023-12-15 21:00:27,615] Trial 4 finished with value: 1.2411919832229614 and parameters: {'gradient_clip_val': 0.7277831309237507, 'hidden_size': 11, 'dropout': 0.24659330763202483, 'hidden_continuous_size': 7, 'attention_head_size': 3, 'learning_rate': 0.0008497401323055158}. Best is trial 2 with value: 0.05594150722026825.
LOCAL_RANK: 0 - CUDA_VISIBLE_DEVICES: [0]
[I 2023-12-15 21:01:14,994] Trial 5 finished with value: 0.20719335973262787 and parameters: {'gradient_clip_val': 0.7617778553339041, 'hidden_size': 18, 'dropout': 0.20927156359843518, 'hidden_continuous_size': 6, 'attention_head_size': 4, 'learning_rate': 0.0018335120644176574}. Best is trial 2 with value: 0.05594150722026825.
LOCAL_RANK: 0 - CUDA_VISIBLE_DEVICES: [0]
[I 2023-12-15 21:02:08,094] Trial 6 finished with value: 0.12396057695150375 and parameters: {'gradient_clip_val': 0.13447363593844014, 'hidden_size': 50, 'dropout': 0.30308510735606736, 'hidden_continuous_size': 10, 'attention_head_size': 2, 'learning_rate': 0.018678386987505805}. Best is trial 2 with value: 0.05594150722026825.
LOCAL_RANK: 0 - CUDA_VISIBLE_DEVICES: [0]
[I 2023-12-15 21:03:01,547] Trial 7 finished with value: 0.5034052133560181 and parameters: {'gradient_clip_val': 0.3153650693080043, 'hidden_size': 79, 'dropout': 0.3492910145260575, 'hidden_continuous_size': 10, 'attention_head_size': 2, 'learning_rate': 0.002842130372931609}. Best is trial 2 with value: 0.05594150722026825.
LOCAL_RANK: 0 - CUDA_VISIBLE_DEVICES: [0]
[I 2023-12-15 21:03:56,986] Trial 8 finished with value: 0.21626746654510498 and parameters: {'gradient_clip_val': 0.11879570641563615, 'hidden_size': 70, 'dropout': 0.32515076693214995, 'hidden_continuous_size': 35, 'attention_head_size': 4, 'learning_rate': 0.0027281954148945294}. Best is trial 2 with value: 0.05594150722026825.
LOCAL_RANK: 0 - CUDA_VISIBLE_DEVICES: [0]
[I 2023-12-15 21:04:32,186] Trial 9 finished with value: 0.6915211081504822 and parameters: {'gradient_clip_val': 0.1988882169882876, 'hidden_size': 6, 'dropout': 0.29220285956626796, 'hidden_continuous_size': 6, 'attention_head_size': 4, 'learning_rate': 0.002143342413798507}. Best is trial 2 with value: 0.05594150722026825.
LOCAL_RANK: 0 - CUDA_VISIBLE_DEVICES: [0]
[I 2023-12-15 21:05:20,228] Trial 10 finished with value: 0.13454876840114594 and parameters: {'gradient_clip_val': 0.16404116777236774, 'hidden_size': 25, 'dropout': 0.13919194405652902, 'hidden_continuous_size': 5, 'attention_head_size': 1, 'learning_rate': 0.0663190730165503}. Best is trial 2 with value: 0.05594150722026825.
LOCAL_RANK: 0 - CUDA_VISIBLE_DEVICES: [0]
[I 2023-12-15 21:06:09,846] Trial 11 finished with value: 0.049040865153074265 and parameters: {'gradient_clip_val': 0.14409459242062392, 'hidden_size': 30, 'dropout': 0.29612141406379044, 'hidden_continuous_size': 10, 'attention_head_size': 3, 'learning_rate': 0.012193708583150607}. Best is trial 11 with value: 0.049040865153074265.
LOCAL_RANK: 0 - CUDA_VISIBLE_DEVICES: [0]
[I 2023-12-15 21:06:58,366] Trial 12 finished with value: 0.08618196099996567 and parameters: {'gradient_clip_val': 0.1809881116649073, 'hidden_size': 32, 'dropout': 0.3868467402526258, 'hidden_continuous_size': 8, 'attention_head_size': 3, 'learning_rate': 0.00827796798917832}. Best is trial 11 with value: 0.049040865153074265.
LOCAL_RANK: 0 - CUDA_VISIBLE_DEVICES: [0]
[I 2023-12-15 21:07:45,728] Trial 13 finished with value: 0.24384088814258575 and parameters: {'gradient_clip_val': 0.10737788316995214, 'hidden_size': 17, 'dropout': 0.18929397924207322, 'hidden_continuous_size': 9, 'attention_head_size': 3, 'learning_rate': 0.02866379275535739}. Best is trial 11 with value: 0.049040865153074265.
LOCAL_RANK: 0 - CUDA_VISIBLE_DEVICES: [0]
[I 2023-12-15 21:08:34,675] Trial 14 finished with value: 0.10040327161550522 and parameters: {'gradient_clip_val': 0.1449650756160171, 'hidden_size': 32, 'dropout': 0.27150435127715655, 'hidden_continuous_size': 13, 'attention_head_size': 3, 'learning_rate': 0.09977964885834437}. Best is trial 11 with value: 0.049040865153074265.
LOCAL_RANK: 0 - CUDA_VISIBLE_DEVICES: [0]
[I 2023-12-15 21:09:21,128] Trial 15 finished with value: 0.14063498377799988 and parameters: {'gradient_clip_val': 0.2205247368816487, 'hidden_size': 11, 'dropout': 0.17695298439725698, 'hidden_continuous_size': 7, 'attention_head_size': 4, 'learning_rate': 0.007957993960281884}. Best is trial 11 with value: 0.049040865153074265.
LOCAL_RANK: 0 - CUDA_VISIBLE_DEVICES: [0]
[I 2023-12-15 21:10:16,436] Trial 16 finished with value: 0.09560468047857285 and parameters: {'gradient_clip_val': 0.12803030148803082, 'hidden_size': 98, 'dropout': 0.10729825239894253, 'hidden_continuous_size': 18, 'attention_head_size': 3, 'learning_rate': 0.01547981680013789}. Best is trial 11 with value: 0.049040865153074265.
LOCAL_RANK: 0 - CUDA_VISIBLE_DEVICES: [0]
[I 2023-12-15 21:11:06,544] Trial 17 finished with value: 0.10796742886304855 and parameters: {'gradient_clip_val': 0.10021105984681374, 'hidden_size': 37, 'dropout': 0.23875058152910414, 'hidden_continuous_size': 11, 'attention_head_size': 1, 'learning_rate': 0.037617304438664366}. Best is trial 11 with value: 0.049040865153074265.
LOCAL_RANK: 0 - CUDA_VISIBLE_DEVICES: [0]
[I 2023-12-15 21:11:56,006] Trial 18 finished with value: 0.534403383731842 and parameters: {'gradient_clip_val': 0.1545568399811543, 'hidden_size': 23, 'dropout': 0.28412789509570435, 'hidden_continuous_size': 8, 'attention_head_size': 4, 'learning_rate': 0.004808221173379023}. Best is trial 11 with value: 0.049040865153074265.
LOCAL_RANK: 0 - CUDA_VISIBLE_DEVICES: [0]
[I 2023-12-15 21:12:49,230] Trial 19 finished with value: 0.05707801505923271 and parameters: {'gradient_clip_val': 0.2291500499307354, 'hidden_size': 45, 'dropout': 0.2543900217171502, 'hidden_continuous_size': 19, 'attention_head_size': 3, 'learning_rate': 0.012328481654373436}. Best is trial 11 with value: 0.049040865153074265.
LOCAL_RANK: 0 - CUDA_VISIBLE_DEVICES: [0]
[I 2023-12-15 21:13:39,110] Trial 20 finished with value: 0.04985890910029411 and parameters: {'gradient_clip_val': 0.12839700696134382, 'hidden_size': 27, 'dropout': 0.2081414556722132, 'hidden_continuous_size': 12, 'attention_head_size': 4, 'learning_rate': 0.02833983080105189}. Best is trial 11 with value: 0.049040865153074265.
LOCAL_RANK: 0 - CUDA_VISIBLE_DEVICES: [0]
[I 2023-12-15 21:14:28,122] Trial 21 finished with value: 0.15712378919124603 and parameters: {'gradient_clip_val': 0.13388673116086533, 'hidden_size': 28, 'dropout': 0.2212622626055602, 'hidden_continuous_size': 13, 'attention_head_size': 4, 'learning_rate': 0.023155148782368982}. Best is trial 11 with value: 0.049040865153074265.
LOCAL_RANK: 0 - CUDA_VISIBLE_DEVICES: [0]
[I 2023-12-15 21:15:16,797] Trial 22 finished with value: 0.10298621654510498 and parameters: {'gradient_clip_val': 0.15388878672845352, 'hidden_size': 19, 'dropout': 0.1948707912018948, 'hidden_continuous_size': 9, 'attention_head_size': 4, 'learning_rate': 0.044819241513902666}. Best is trial 11 with value: 0.049040865153074265.
LOCAL_RANK: 0 - CUDA_VISIBLE_DEVICES: [0]
[I 2023-12-15 21:16:06,414] Trial 23 finished with value: 0.1091688871383667 and parameters: {'gradient_clip_val': 0.12199859327274533, 'hidden_size': 25, 'dropout': 0.15988812679508713, 'hidden_continuous_size': 11, 'attention_head_size': 3, 'learning_rate': 0.024271691104380908}. Best is trial 11 with value: 0.049040865153074265.
LOCAL_RANK: 0 - CUDA_VISIBLE_DEVICES: [0]
[I 2023-12-15 21:16:57,512] Trial 24 finished with value: 0.37310823798179626 and parameters: {'gradient_clip_val': 0.17983721747594744, 'hidden_size': 36, 'dropout': 0.23479984525215722, 'hidden_continuous_size': 15, 'attention_head_size': 4, 'learning_rate': 0.013164732365765158}. Best is trial 11 with value: 0.049040865153074265.
LOCAL_RANK: 0 - CUDA_VISIBLE_DEVICES: [0]
[I 2023-12-15 21:17:44,244] Trial 25 finished with value: 0.20455653965473175 and parameters: {'gradient_clip_val': 0.11676171981320957, 'hidden_size': 15, 'dropout': 0.21100302447156777, 'hidden_continuous_size': 9, 'attention_head_size': 3, 'learning_rate': 0.04899696777812063}. Best is trial 11 with value: 0.049040865153074265.
LOCAL_RANK: 0 - CUDA_VISIBLE_DEVICES: [0]
[I 2023-12-15 21:18:33,673] Trial 26 finished with value: 0.2877092659473419 and parameters: {'gradient_clip_val': 0.1505382058117636, 'hidden_size': 21, 'dropout': 0.2635798073613876, 'hidden_continuous_size': 11, 'attention_head_size': 4, 'learning_rate': 0.024923056276890593}. Best is trial 11 with value: 0.049040865153074265.
LOCAL_RANK: 0 - CUDA_VISIBLE_DEVICES: [0]
[I 2023-12-15 21:19:22,483] Trial 27 finished with value: 0.15738441050052643 and parameters: {'gradient_clip_val': 0.10047041713299229, 'hidden_size': 28, 'dropout': 0.24322307066609183, 'hidden_continuous_size': 12, 'attention_head_size': 4, 'learning_rate': 0.009636159240463927}. Best is trial 11 with value: 0.049040865153074265.
LOCAL_RANK: 0 - CUDA_VISIBLE_DEVICES: [0]
[I 2023-12-15 21:20:14,872] Trial 28 finished with value: 0.17188340425491333 and parameters: {'gradient_clip_val': 0.12693979004873607, 'hidden_size': 39, 'dropout': 0.3080774357184876, 'hidden_continuous_size': 15, 'attention_head_size': 3, 'learning_rate': 0.022031916045578505}. Best is trial 11 with value: 0.049040865153074265.
LOCAL_RANK: 0 - CUDA_VISIBLE_DEVICES: [0]
[I 2023-12-15 21:21:08,647] Trial 29 finished with value: 0.06747502088546753 and parameters: {'gradient_clip_val': 0.2470735510684501, 'hidden_size': 50, 'dropout': 0.27437792573749376, 'hidden_continuous_size': 19, 'attention_head_size': 4, 'learning_rate': 0.034746929139015205}. Best is trial 11 with value: 0.049040865153074265.
LOCAL_RANK: 0 - CUDA_VISIBLE_DEVICES: [0]
[I 2023-12-15 21:21:54,635] Trial 30 finished with value: 1.5629884004592896 and parameters: {'gradient_clip_val': 0.18918339299393275, 'hidden_size': 14, 'dropout': 0.250768894936061, 'hidden_continuous_size': 8, 'attention_head_size': 2, 'learning_rate': 0.005883569466161451}. Best is trial 11 with value: 0.049040865153074265.
LOCAL_RANK: 0 - CUDA_VISIBLE_DEVICES: [0]
[I 2023-12-15 21:22:47,745] Trial 31 finished with value: 0.14174620807170868 and parameters: {'gradient_clip_val': 0.2317857166501889, 'hidden_size': 46, 'dropout': 0.25835259893752494, 'hidden_continuous_size': 17, 'attention_head_size': 3, 'learning_rate': 0.011304597259903487}. Best is trial 11 with value: 0.049040865153074265.
LOCAL_RANK: 0 - CUDA_VISIBLE_DEVICES: [0]
[I 2023-12-15 21:23:41,634] Trial 32 finished with value: 0.17059315741062164 and parameters: {'gradient_clip_val': 0.1714521065923776, 'hidden_size': 60, 'dropout': 0.27562946159704704, 'hidden_continuous_size': 23, 'attention_head_size': 3, 'learning_rate': 0.014678022471447252}. Best is trial 11 with value: 0.049040865153074265.
LOCAL_RANK: 0 - CUDA_VISIBLE_DEVICES: [0]
[I 2023-12-15 21:24:31,438] Trial 33 finished with value: 0.08016230911016464 and parameters: {'gradient_clip_val': 0.1441772985347475, 'hidden_size': 31, 'dropout': 0.22532360753531697, 'hidden_continuous_size': 14, 'attention_head_size': 3, 'learning_rate': 0.01725584539884907}. Best is trial 11 with value: 0.049040865153074265.
LOCAL_RANK: 0 - CUDA_VISIBLE_DEVICES: [0]
[I 2023-12-15 21:25:23,831] Trial 34 finished with value: 0.09978105872869492 and parameters: {'gradient_clip_val': 0.2681146393763423, 'hidden_size': 42, 'dropout': 0.25436161533408297, 'hidden_continuous_size': 16, 'attention_head_size': 2, 'learning_rate': 0.012199769491653854}. Best is trial 11 with value: 0.049040865153074265.
LOCAL_RANK: 0 - CUDA_VISIBLE_DEVICES: [0]
[I 2023-12-15 21:26:12,525] Trial 35 finished with value: 0.15517550706863403 and parameters: {'gradient_clip_val': 0.20881823559599136, 'hidden_size': 24, 'dropout': 0.21057525332626437, 'hidden_continuous_size': 12, 'attention_head_size': 4, 'learning_rate': 0.01779653127896732}. Best is trial 11 with value: 0.049040865153074265.
LOCAL_RANK: 0 - CUDA_VISIBLE_DEVICES: [0]
[I 2023-12-15 21:27:05,621] Trial 36 finished with value: 0.24845029413700104 and parameters: {'gradient_clip_val': 0.38563859783851506, 'hidden_size': 49, 'dropout': 0.23355352182993602, 'hidden_continuous_size': 14, 'attention_head_size': 3, 'learning_rate': 0.03190414492456117}. Best is trial 11 with value: 0.049040865153074265.
LOCAL_RANK: 0 - CUDA_VISIBLE_DEVICES: [0]
[I 2023-12-15 21:27:54,302] Trial 37 finished with value: 0.13590854406356812 and parameters: {'gradient_clip_val': 0.11235282597177859, 'hidden_size': 21, 'dropout': 0.2926708033951511, 'hidden_continuous_size': 10, 'attention_head_size': 2, 'learning_rate': 0.01034239672510346}. Best is trial 11 with value: 0.049040865153074265.
LOCAL_RANK: 0 - CUDA_VISIBLE_DEVICES: [0]
[I 2023-12-15 21:28:49,391] Trial 38 finished with value: 0.3393327295780182 and parameters: {'gradient_clip_val': 0.1344495889856468, 'hidden_size': 57, 'dropout': 0.2612104755714418, 'hidden_continuous_size': 55, 'attention_head_size': 4, 'learning_rate': 0.02076361633234518}. Best is trial 11 with value: 0.049040865153074265.
LOCAL_RANK: 0 - CUDA_VISIBLE_DEVICES: [0]
[I 2023-12-15 21:29:42,244] Trial 39 finished with value: 0.10371247678995132 and parameters: {'gradient_clip_val': 0.17018851726803516, 'hidden_size': 39, 'dropout': 0.3132762833765303, 'hidden_continuous_size': 21, 'attention_head_size': 3, 'learning_rate': 0.006088022659679587}. Best is trial 11 with value: 0.049040865153074265.
LOCAL_RANK: 0 - CUDA_VISIBLE_DEVICES: [0]
[I 2023-12-15 21:30:32,653] Trial 40 finished with value: 0.11620915681123734 and parameters: {'gradient_clip_val': 0.11194774259373735, 'hidden_size': 33, 'dropout': 0.32791256675426894, 'hidden_continuous_size': 16, 'attention_head_size': 1, 'learning_rate': 0.014503285723443293}. Best is trial 11 with value: 0.049040865153074265.
LOCAL_RANK: 0 - CUDA_VISIBLE_DEVICES: [0]
[I 2023-12-15 21:31:25,741] Trial 41 finished with value: 0.08112218230962753 and parameters: {'gradient_clip_val': 0.23777103150472453, 'hidden_size': 52, 'dropout': 0.2817351954188267, 'hidden_continuous_size': 20, 'attention_head_size': 4, 'learning_rate': 0.032822422102663014}. Best is trial 11 with value: 0.049040865153074265.
LOCAL_RANK: 0 - CUDA_VISIBLE_DEVICES: [0]
[I 2023-12-15 21:32:18,912] Trial 42 finished with value: 0.23593191802501678 and parameters: {'gradient_clip_val': 0.1980823892272428, 'hidden_size': 44, 'dropout': 0.24842432264041117, 'hidden_continuous_size': 19, 'attention_head_size': 4, 'learning_rate': 0.03846113796739161}. Best is trial 11 with value: 0.049040865153074265.
LOCAL_RANK: 0 - CUDA_VISIBLE_DEVICES: [0]
[I 2023-12-15 21:33:13,662] Trial 43 finished with value: 0.28033414483070374 and parameters: {'gradient_clip_val': 0.33937548896579933, 'hidden_size': 71, 'dropout': 0.2768363845949315, 'hidden_continuous_size': 24, 'attention_head_size': 4, 'learning_rate': 0.01880102623763793}. Best is trial 11 with value: 0.049040865153074265.
LOCAL_RANK: 0 - CUDA_VISIBLE_DEVICES: [0]
[I 2023-12-15 21:34:03,235] Trial 44 finished with value: 0.2629123628139496 and parameters: {'gradient_clip_val': 0.27024621258586634, 'hidden_size': 28, 'dropout': 0.29390468832104943, 'hidden_continuous_size': 19, 'attention_head_size': 4, 'learning_rate': 0.028194497144632662}. Best is trial 11 with value: 0.049040865153074265.
LOCAL_RANK: 0 - CUDA_VISIBLE_DEVICES: [0]
[I 2023-12-15 21:34:57,217] Trial 45 finished with value: 0.08350116014480591 and parameters: {'gradient_clip_val': 0.16231694243134728, 'hidden_size': 54, 'dropout': 0.26422995871685934, 'hidden_continuous_size': 29, 'attention_head_size': 4, 'learning_rate': 0.05801925816759181}. Best is trial 11 with value: 0.049040865153074265.
LOCAL_RANK: 0 - CUDA_VISIBLE_DEVICES: [0]
[I 2023-12-15 21:35:50,117] Trial 46 finished with value: 0.1850440502166748 and parameters: {'gradient_clip_val': 0.14464310655864704, 'hidden_size': 46, 'dropout': 0.22438009636371636, 'hidden_continuous_size': 18, 'attention_head_size': 2, 'learning_rate': 0.028531347678094048}. Best is trial 11 with value: 0.049040865153074265.
LOCAL_RANK: 0 - CUDA_VISIBLE_DEVICES: [0]
