[I 2023-12-26 17:42:24,121] Trial 42 finished with value: 15.210792541503906 and parameters: {'gradient_clip_val': 0.10004298393769027, 'hidden_size': 11, 'dropout': 0.23054972731684648, 'hidden_continuous_size': 7, 'attention_head_size': 1, 'learning_rate': 0.016592026933382104}. Best is trial 0 with value: 4.262673377990723.
[I 2023-12-26 17:42:26,126] Trial 43 finished with value: 24.91845703125 and parameters: {'gradient_clip_val': 0.11268655795604722, 'hidden_size': 13, 'dropout': 0.2699598436694943, 'hidden_continuous_size': 9, 'attention_head_size': 2, 'learning_rate': 0.011758366263165551}. Best is trial 0 with value: 4.262673377990723.
[I 2023-12-26 17:42:28,118] Trial 44 finished with value: 20.90506935119629 and parameters: {'gradient_clip_val': 0.1260930128667609, 'hidden_size': 17, 'dropout': 0.322832812838822, 'hidden_continuous_size': 10, 'attention_head_size': 1, 'learning_rate': 0.02201107815671844}. Best is trial 0 with value: 4.262673377990723.
[I 2023-12-26 17:42:30,257] Trial 45 finished with value: 22.89019775390625 and parameters: {'gradient_clip_val': 0.1104278334019692, 'hidden_size': 22, 'dropout': 0.36134860545260056, 'hidden_continuous_size': 11, 'attention_head_size': 1, 'learning_rate': 0.03183259648198186}. Best is trial 0 with value: 4.262673377990723.
[I 2023-12-26 17:42:32,188] Trial 46 finished with value: 16.10887908935547 and parameters: {'gradient_clip_val': 0.14273906187956464, 'hidden_size': 10, 'dropout': 0.2218292324499436, 'hidden_continuous_size': 6, 'attention_head_size': 2, 'learning_rate': 0.0036785451227045788}. Best is trial 0 with value: 4.262673377990723.
[I 2023-12-26 17:42:34,278] Trial 47 finished with value: 19.06904411315918 and parameters: {'gradient_clip_val': 0.16214162809260751, 'hidden_size': 16, 'dropout': 0.30658325973837564, 'hidden_continuous_size': 8, 'attention_head_size': 3, 'learning_rate': 0.008693721719437044}. Best is trial 0 with value: 4.262673377990723.
[I 2023-12-26 17:42:36,346] Trial 48 finished with value: 22.66691017150879 and parameters: {'gradient_clip_val': 0.1227314311519049, 'hidden_size': 19, 'dropout': 0.3800082593834165, 'hidden_continuous_size': 12, 'attention_head_size': 1, 'learning_rate': 0.014152215905249454}. Best is trial 0 with value: 4.262673377990723.
[I 2023-12-26 17:42:38,824] Trial 49 finished with value: 16.910673141479492 and parameters: {'gradient_clip_val': 0.13753959689259607, 'hidden_size': 31, 'dropout': 0.359228104547973, 'hidden_continuous_size': 16, 'attention_head_size': 2, 'learning_rate': 0.01868012425203495}. Best is trial 0 with value: 4.262673377990723.
[I 2023-12-26 17:42:38,938] A new study created in memory with name: no-name-21f6e98d-e8f6-4093-b5e4-cf1754686278
/home/le004/conda/anaconda3/envs/tsff_env/lib/python3.9/site-packages/lightning/fabric/plugins/environments/slurm.py:191: The `srun` command is available on your system but is not used. HINT: If your intention is to run Lightning on SLURM, prepend your python command with `srun` like so: srun python /home/le004/master_thesis/git/TSFusionForecast/code/ ...
[I 2023-12-26 17:46:05,607] Trial 0 finished with value: 116.17678833007812 and parameters: {'gradient_clip_val': 0.3286242618577162, 'hidden_size': 32, 'dropout': 0.42387014047055105, 'hidden_continuous_size': 9, 'attention_head_size': 3, 'learning_rate': 0.0014321096303987822}. Best is trial 0 with value: 116.17678833007812.
[I 2023-12-26 17:46:07,656] Trial 1 finished with value: 158.1633758544922 and parameters: {'gradient_clip_val': 0.9003652163595874, 'hidden_size': 20, 'dropout': 0.48665380431881433, 'hidden_continuous_size': 5, 'attention_head_size': 2, 'learning_rate': 0.0049435526962622895}. Best is trial 0 with value: 116.17678833007812.
[I 2023-12-26 17:46:09,591] Trial 2 finished with value: 232.74363708496094 and parameters: {'gradient_clip_val': 0.21870501159822994, 'hidden_size': 6, 'dropout': 0.21894863790495656, 'hidden_continuous_size': 5, 'attention_head_size': 1, 'learning_rate': 0.04277262809295458}. Best is trial 0 with value: 116.17678833007812.
[I 2023-12-26 17:46:11,448] Trial 3 finished with value: 208.6461944580078 and parameters: {'gradient_clip_val': 0.13792556928697475, 'hidden_size': 7, 'dropout': 0.1832542661122898, 'hidden_continuous_size': 5, 'attention_head_size': 4, 'learning_rate': 0.0033021300877511886}. Best is trial 0 with value: 116.17678833007812.
[I 2023-12-26 17:46:16,455] Trial 4 finished with value: 241.24969482421875 and parameters: {'gradient_clip_val': 0.15788269145914363, 'hidden_size': 91, 'dropout': 0.10874299005103204, 'hidden_continuous_size': 27, 'attention_head_size': 2, 'learning_rate': 0.0008810357893692595}. Best is trial 0 with value: 116.17678833007812.
[I 2023-12-26 17:46:18,544] Trial 5 finished with value: 252.50672912597656 and parameters: {'gradient_clip_val': 0.7196011244986491, 'hidden_size': 20, 'dropout': 0.1754941198304199, 'hidden_continuous_size': 5, 'attention_head_size': 4, 'learning_rate': 0.022809906359106492}. Best is trial 0 with value: 116.17678833007812.
[I 2023-12-26 17:46:20,572] Trial 6 finished with value: 247.3169403076172 and parameters: {'gradient_clip_val': 0.13827802297158528, 'hidden_size': 18, 'dropout': 0.12737619228636815, 'hidden_continuous_size': 7, 'attention_head_size': 4, 'learning_rate': 0.053494114557492284}. Best is trial 0 with value: 116.17678833007812.
[I 2023-12-26 17:46:22,675] Trial 7 finished with value: 222.41419982910156 and parameters: {'gradient_clip_val': 0.25994517223002883, 'hidden_size': 20, 'dropout': 0.44438124121907874, 'hidden_continuous_size': 10, 'attention_head_size': 4, 'learning_rate': 0.021053135318423174}. Best is trial 0 with value: 116.17678833007812.
[I 2023-12-26 17:46:24,373] Trial 8 finished with value: 243.2226104736328 and parameters: {'gradient_clip_val': 0.9568757586286989, 'hidden_size': 8, 'dropout': 0.49469732437912817, 'hidden_continuous_size': 8, 'attention_head_size': 3, 'learning_rate': 0.001080524227563258}. Best is trial 0 with value: 116.17678833007812.
[I 2023-12-26 17:46:27,913] Trial 9 finished with value: 135.8437042236328 and parameters: {'gradient_clip_val': 0.13096897685291867, 'hidden_size': 72, 'dropout': 0.3253734512680222, 'hidden_continuous_size': 5, 'attention_head_size': 3, 'learning_rate': 0.07213006088536254}. Best is trial 0 with value: 116.17678833007812.
[I 2023-12-26 17:46:30,670] Trial 10 finished with value: 225.85108947753906 and parameters: {'gradient_clip_val': 0.42306465426584255, 'hidden_size': 49, 'dropout': 0.38219140209012986, 'hidden_continuous_size': 17, 'attention_head_size': 1, 'learning_rate': 0.0005905239357369949}. Best is trial 0 with value: 116.17678833007812.
[I 2023-12-26 17:46:39,101] Trial 11 finished with value: 170.14906311035156 and parameters: {'gradient_clip_val': 0.10808605378720662, 'hidden_size': 133, 'dropout': 0.3262474217331699, 'hidden_continuous_size': 98, 'attention_head_size': 3, 'learning_rate': 0.09663968084390821}. Best is trial 0 with value: 116.17678833007812.
[I 2023-12-26 17:46:41,897] Trial 12 finished with value: 179.4436798095703 and parameters: {'gradient_clip_val': 0.3770711276620789, 'hidden_size': 50, 'dropout': 0.36050119481742415, 'hidden_continuous_size': 10, 'attention_head_size': 3, 'learning_rate': 0.009809779494225297}. Best is trial 0 with value: 116.17678833007812.
[I 2023-12-26 17:46:44,634] Trial 13 finished with value: 235.7185821533203 and parameters: {'gradient_clip_val': 0.21525514117064434, 'hidden_size': 46, 'dropout': 0.275959564929946, 'hidden_continuous_size': 7, 'attention_head_size': 2, 'learning_rate': 0.0020285415928957386}. Best is trial 0 with value: 116.17678833007812.
[I 2023-12-26 17:46:48,960] Trial 14 finished with value: 252.0253448486328 and parameters: {'gradient_clip_val': 0.3193474151868251, 'hidden_size': 78, 'dropout': 0.4031961917380476, 'hidden_continuous_size': 11, 'attention_head_size': 3, 'learning_rate': 0.009103027532982016}. Best is trial 0 with value: 116.17678833007812.
[I 2023-12-26 17:46:51,405] Trial 15 finished with value: 233.0267791748047 and parameters: {'gradient_clip_val': 0.10072327701026397, 'hidden_size': 31, 'dropout': 0.29822552996303003, 'hidden_continuous_size': 7, 'attention_head_size': 3, 'learning_rate': 0.002078710424225276}. Best is trial 0 with value: 116.17678833007812.
[I 2023-12-26 17:46:53,766] Trial 16 finished with value: 231.5978240966797 and parameters: {'gradient_clip_val': 0.4706618876482815, 'hidden_size': 33, 'dropout': 0.43071383256211226, 'hidden_continuous_size': 6, 'attention_head_size': 2, 'learning_rate': 0.005535787447895013}. Best is trial 0 with value: 116.17678833007812.
[I 2023-12-26 17:47:01,584] Trial 17 finished with value: 206.4154815673828 and parameters: {'gradient_clip_val': 0.18506440806154792, 'hidden_size': 137, 'dropout': 0.35840759374067965, 'hidden_continuous_size': 15, 'attention_head_size': 3, 'learning_rate': 0.016801855300262812}. Best is trial 0 with value: 116.17678833007812.
[I 2023-12-26 17:47:05,583] Trial 18 finished with value: 263.9880065917969 and parameters: {'gradient_clip_val': 0.282025237363146, 'hidden_size': 75, 'dropout': 0.3332316539350123, 'hidden_continuous_size': 11, 'attention_head_size': 2, 'learning_rate': 0.01253372624222235}. Best is trial 0 with value: 116.17678833007812.
[I 2023-12-26 17:47:07,604] Trial 19 finished with value: 247.96527099609375 and parameters: {'gradient_clip_val': 0.5457763007465701, 'hidden_size': 13, 'dropout': 0.27297494407238254, 'hidden_continuous_size': 6, 'attention_head_size': 4, 'learning_rate': 0.005988676251899882}. Best is trial 0 with value: 116.17678833007812.
[I 2023-12-26 17:47:10,093] Trial 20 finished with value: 310.6907043457031 and parameters: {'gradient_clip_val': 0.35297002186713305, 'hidden_size': 37, 'dropout': 0.41081500939446736, 'hidden_continuous_size': 8, 'attention_head_size': 3, 'learning_rate': 0.034351419006513874}. Best is trial 0 with value: 116.17678833007812.
[I 2023-12-26 17:47:12,027] Trial 21 finished with value: 292.06353759765625 and parameters: {'gradient_clip_val': 0.601653404838008, 'hidden_size': 12, 'dropout': 0.48967230727065264, 'hidden_continuous_size': 5, 'attention_head_size': 2, 'learning_rate': 0.004759403990651191}. Best is trial 0 with value: 116.17678833007812.
[I 2023-12-26 17:47:14,302] Trial 22 finished with value: 179.74134826660156 and parameters: {'gradient_clip_val': 0.9370948732284432, 'hidden_size': 27, 'dropout': 0.4435281833684974, 'hidden_continuous_size': 6, 'attention_head_size': 1, 'learning_rate': 0.003606012274004674}. Best is trial 0 with value: 116.17678833007812.
[I 2023-12-26 17:47:16,552] Trial 23 finished with value: 290.1907653808594 and parameters: {'gradient_clip_val': 0.2907083016788011, 'hidden_size': 26, 'dropout': 0.4660842599625188, 'hidden_continuous_size': 5, 'attention_head_size': 2, 'learning_rate': 0.00916963572418732}. Best is trial 0 with value: 116.17678833007812.
[I 2023-12-26 17:47:19,864] Trial 24 finished with value: 235.5802764892578 and parameters: {'gradient_clip_val': 0.45689541903786535, 'hidden_size': 65, 'dropout': 0.4627092458390448, 'hidden_continuous_size': 9, 'attention_head_size': 3, 'learning_rate': 0.002106860056421358}. Best is trial 0 with value: 116.17678833007812.
[I 2023-12-26 17:47:22,668] Trial 25 finished with value: 251.65419006347656 and parameters: {'gradient_clip_val': 0.7892001410679514, 'hidden_size': 42, 'dropout': 0.40460299008779765, 'hidden_continuous_size': 6, 'attention_head_size': 2, 'learning_rate': 0.012420239188285605}. Best is trial 0 with value: 116.17678833007812.
[I 2023-12-26 17:47:25,667] Trial 26 finished with value: 255.76312255859375 and parameters: {'gradient_clip_val': 0.5992946463830134, 'hidden_size': 55, 'dropout': 0.49938300092760113, 'hidden_continuous_size': 8, 'attention_head_size': 3, 'learning_rate': 0.0889189628516737}. Best is trial 0 with value: 116.17678833007812.
[I 2023-12-26 17:47:28,181] Trial 27 finished with value: 235.3667449951172 and parameters: {'gradient_clip_val': 0.24996447254072088, 'hidden_size': 38, 'dropout': 0.4218618040587091, 'hidden_continuous_size': 6, 'attention_head_size': 2, 'learning_rate': 0.006533219983306686}. Best is trial 0 with value: 116.17678833007812.
[I 2023-12-26 17:47:31,209] Trial 28 finished with value: 295.4079284667969 and parameters: {'gradient_clip_val': 0.3295997781226243, 'hidden_size': 58, 'dropout': 0.3840103105725758, 'hidden_continuous_size': 5, 'attention_head_size': 1, 'learning_rate': 0.030137376122748426}. Best is trial 0 with value: 116.17678833007812.
[I 2023-12-26 17:47:33,495] Trial 29 finished with value: 202.01136779785156 and parameters: {'gradient_clip_val': 0.2186910558316894, 'hidden_size': 27, 'dropout': 0.4566820956446517, 'hidden_continuous_size': 5, 'attention_head_size': 1, 'learning_rate': 0.04971607556166024}. Best is trial 0 with value: 116.17678833007812.
[I 2023-12-26 17:47:38,902] Trial 30 finished with value: 218.6473388671875 and parameters: {'gradient_clip_val': 0.18035793523169993, 'hidden_size': 100, 'dropout': 0.42272826263333363, 'hidden_continuous_size': 13, 'attention_head_size': 3, 'learning_rate': 0.0031357358403195663}. Best is trial 0 with value: 116.17678833007812.
[I 2023-12-26 17:47:43,329] Trial 31 finished with value: 144.1680145263672 and parameters: {'gradient_clip_val': 0.11016475993858789, 'hidden_size': 80, 'dropout': 0.3435037342286784, 'hidden_continuous_size': 67, 'attention_head_size': 3, 'learning_rate': 0.09929790991816134}. Best is trial 0 with value: 116.17678833007812.
[I 2023-12-26 17:47:47,006] Trial 32 finished with value: 184.67018127441406 and parameters: {'gradient_clip_val': 0.1334568259479271, 'hidden_size': 72, 'dropout': 0.3362114174127278, 'hidden_continuous_size': 24, 'attention_head_size': 3, 'learning_rate': 0.061484631105574825}. Best is trial 0 with value: 116.17678833007812.
[I 2023-12-26 17:47:52,647] Trial 33 finished with value: 211.94236755371094 and parameters: {'gradient_clip_val': 0.11961240051243326, 'hidden_size': 100, 'dropout': 0.3856910558531571, 'hidden_continuous_size': 34, 'attention_head_size': 4, 'learning_rate': 0.07585014823086178}. Best is trial 0 with value: 116.17678833007812.
[I 2023-12-26 17:47:55,492] Trial 34 finished with value: 260.4537658691406 and parameters: {'gradient_clip_val': 0.15956113509022685, 'hidden_size': 56, 'dropout': 0.46981940785538934, 'hidden_continuous_size': 9, 'attention_head_size': 3, 'learning_rate': 0.04051207133802445}. Best is trial 0 with value: 116.17678833007812.
[I 2023-12-26 17:48:00,401] Trial 35 finished with value: 192.5997314453125 and parameters: {'gradient_clip_val': 0.11551822788358836, 'hidden_size': 87, 'dropout': 0.2446446028114884, 'hidden_continuous_size': 43, 'attention_head_size': 2, 'learning_rate': 0.06666018604926614}. Best is trial 0 with value: 116.17678833007812.
[I 2023-12-26 17:48:03,118] Trial 36 finished with value: 300.5931091308594 and parameters: {'gradient_clip_val': 0.12663071189860986, 'hidden_size': 43, 'dropout': 0.3048496345536309, 'hidden_continuous_size': 7, 'attention_head_size': 4, 'learning_rate': 0.046329670236746785}. Best is trial 0 with value: 116.17678833007812.
[I 2023-12-26 17:48:06,653] Trial 37 finished with value: 204.67674255371094 and parameters: {'gradient_clip_val': 0.13892273889717827, 'hidden_size': 62, 'dropout': 0.3658242241828292, 'hidden_continuous_size': 12, 'attention_head_size': 3, 'learning_rate': 0.07158703536756084}. Best is trial 0 with value: 116.17678833007812.
[I 2023-12-26 17:48:13,107] Trial 38 finished with value: 201.3471221923828 and parameters: {'gradient_clip_val': 0.10385460289398708, 'hidden_size': 114, 'dropout': 0.44523970835941523, 'hidden_continuous_size': 17, 'attention_head_size': 4, 'learning_rate': 0.09720445021931579}. Best is trial 0 with value: 116.17678833007812.
[I 2023-12-26 17:48:22,125] Trial 39 finished with value: 210.6357421875 and parameters: {'gradient_clip_val': 0.14503393547474044, 'hidden_size': 147, 'dropout': 0.4810486408378494, 'hidden_continuous_size': 75, 'attention_head_size': 2, 'learning_rate': 0.025051425226546232}. Best is trial 0 with value: 116.17678833007812.
[I 2023-12-26 17:48:26,835] Trial 40 finished with value: 282.8989562988281 and parameters: {'gradient_clip_val': 0.11615162202586178, 'hidden_size': 86, 'dropout': 0.43623186448722245, 'hidden_continuous_size': 24, 'attention_head_size': 3, 'learning_rate': 0.055500227817525366}. Best is trial 0 with value: 116.17678833007812.
[I 2023-12-26 17:48:34,041] Trial 41 finished with value: 196.1638946533203 and parameters: {'gradient_clip_val': 0.15645212657420318, 'hidden_size': 111, 'dropout': 0.33206889303962395, 'hidden_continuous_size': 108, 'attention_head_size': 3, 'learning_rate': 0.09187406623045404}. Best is trial 0 with value: 116.17678833007812.
[I 2023-12-26 17:48:40,890] Trial 42 finished with value: 223.5582275390625 and parameters: {'gradient_clip_val': 0.10124368213290438, 'hidden_size': 114, 'dropout': 0.3477897604394127, 'hidden_continuous_size': 70, 'attention_head_size': 3, 'learning_rate': 0.0991121346642358}. Best is trial 0 with value: 116.17678833007812.
[I 2023-12-26 17:48:44,669] Trial 43 finished with value: 189.79046630859375 and parameters: {'gradient_clip_val': 0.11092797032229267, 'hidden_size': 71, 'dropout': 0.3073837329459154, 'hidden_continuous_size': 20, 'attention_head_size': 3, 'learning_rate': 0.03969482297352323}. Best is trial 0 with value: 116.17678833007812.
[I 2023-12-26 17:48:49,322] Trial 44 finished with value: 203.2243194580078 and parameters: {'gradient_clip_val': 0.12688859817528417, 'hidden_size': 87, 'dropout': 0.37073196851525886, 'hidden_continuous_size': 14, 'attention_head_size': 3, 'learning_rate': 0.05928903924710147}. Best is trial 0 with value: 116.17678833007812.
[I 2023-12-26 17:48:57,451] Trial 45 finished with value: 229.5355987548828 and parameters: {'gradient_clip_val': 0.1864760565324065, 'hidden_size': 132, 'dropout': 0.3947986201036152, 'hidden_continuous_size': 85, 'attention_head_size': 3, 'learning_rate': 0.07404303846083483}. Best is trial 0 with value: 116.17678833007812.
[I 2023-12-26 17:49:00,393] Trial 46 finished with value: 258.6741027832031 and parameters: {'gradient_clip_val': 0.384381571530975, 'hidden_size': 53, 'dropout': 0.32318827812993156, 'hidden_continuous_size': 14, 'attention_head_size': 2, 'learning_rate': 0.018759697638688674}. Best is trial 0 with value: 116.17678833007812.
[I 2023-12-26 17:49:10,306] Trial 47 finished with value: 170.5807647705078 and parameters: {'gradient_clip_val': 0.24587360262240424, 'hidden_size': 148, 'dropout': 0.34575968254685624, 'hidden_continuous_size': 147, 'attention_head_size': 3, 'learning_rate': 0.03205411087893952}. Best is trial 0 with value: 116.17678833007812.
[I 2023-12-26 17:49:12,474] Trial 48 finished with value: 211.1988983154297 and parameters: {'gradient_clip_val': 0.11213956046037715, 'hidden_size': 21, 'dropout': 0.37396087793584315, 'hidden_continuous_size': 9, 'attention_head_size': 4, 'learning_rate': 0.0012183898332022887}. Best is trial 0 with value: 116.17678833007812.
[I 2023-12-26 17:49:16,714] Trial 49 finished with value: 260.5433654785156 and parameters: {'gradient_clip_val': 0.14913455035104253, 'hidden_size': 76, 'dropout': 0.4136997994908778, 'hidden_continuous_size': 10, 'attention_head_size': 3, 'learning_rate': 0.045212566547251656}. Best is trial 0 with value: 116.17678833007812.
[I 2023-12-26 17:49:16,826] A new study created in memory with name: no-name-853377d7-a1ab-4e38-a377-d08d38fed65a
/home/le004/conda/anaconda3/envs/tsff_env/lib/python3.9/site-packages/lightning/fabric/plugins/environments/slurm.py:191: The `srun` command is available on your system but is not used. HINT: If your intention is to run Lightning on SLURM, prepend your python command with `srun` like so: srun python /home/le004/master_thesis/git/TSFusionForecast/code/ ...
[I 2023-12-26 17:51:36,664] Trial 0 finished with value: 18.162158966064453 and parameters: {'gradient_clip_val': 0.2412907398720651, 'hidden_size': 29, 'dropout': 0.2739531192367768, 'hidden_continuous_size': 21, 'attention_head_size': 1, 'learning_rate': 0.09603652880042163}. Best is trial 0 with value: 18.162158966064453.
[I 2023-12-26 17:51:42,596] Trial 1 finished with value: 43.91984939575195 and parameters: {'gradient_clip_val': 0.2946188870056405, 'hidden_size': 105, 'dropout': 0.29685198397939205, 'hidden_continuous_size': 36, 'attention_head_size': 1, 'learning_rate': 0.021943849286410095}. Best is trial 0 with value: 18.162158966064453.
[I 2023-12-26 17:51:44,551] Trial 2 finished with value: 45.85688400268555 and parameters: {'gradient_clip_val': 0.4312847917117848, 'hidden_size': 10, 'dropout': 0.19293895842431735, 'hidden_continuous_size': 9, 'attention_head_size': 2, 'learning_rate': 0.044712710018142934}. Best is trial 0 with value: 18.162158966064453.
[I 2023-12-26 17:51:46,282] Trial 3 finished with value: 38.13260269165039 and parameters: {'gradient_clip_val': 0.5276011989814162, 'hidden_size': 6, 'dropout': 0.22151896283838585, 'hidden_continuous_size': 6, 'attention_head_size': 4, 'learning_rate': 0.00257519705169185}. Best is trial 0 with value: 18.162158966064453.
[I 2023-12-26 17:51:51,575] Trial 4 finished with value: 37.58089065551758 and parameters: {'gradient_clip_val': 0.3305124515068408, 'hidden_size': 94, 'dropout': 0.29868062184040617, 'hidden_continuous_size': 6, 'attention_head_size': 3, 'learning_rate': 0.01582106606329358}. Best is trial 0 with value: 18.162158966064453.
[I 2023-12-26 17:51:53,316] Trial 5 finished with value: 39.7807502746582 and parameters: {'gradient_clip_val': 0.7876133525288326, 'hidden_size': 9, 'dropout': 0.406355625519343, 'hidden_continuous_size': 9, 'attention_head_size': 1, 'learning_rate': 0.0007964174442358202}. Best is trial 0 with value: 18.162158966064453.
