[rank: 0] Seed set to 42
[I 2023-12-26 11:21:49,220] A new study created in memory with name: no-name-8ecd3dd3-a168-460f-a0a0-3a0917d725e7
/home/le004/conda/anaconda3/envs/tsff_env/lib/python3.9/site-packages/lightning/fabric/plugins/environments/slurm.py:191: The `srun` command is available on your system but is not used. HINT: If your intention is to run Lightning on SLURM, prepend your python command with `srun` like so: srun python /home/le004/master_thesis/git/TSFusionForecast/code/ ...
[I 2023-12-26 11:26:16,229] Trial 0 finished with value: 0.05725378915667534 and parameters: {'gradient_clip_val': 0.20585881710080087, 'hidden_size': 39, 'dropout': 0.1955928930617662, 'hidden_continuous_size': 24, 'attention_head_size': 4, 'learning_rate': 0.022430551760555077}. Best is trial 0 with value: 0.05725378915667534.
[I 2023-12-26 11:26:18,374] Trial 1 finished with value: 3.1521799564361572 and parameters: {'gradient_clip_val': 0.2627551821093933, 'hidden_size': 21, 'dropout': 0.17648383067168572, 'hidden_continuous_size': 10, 'attention_head_size': 3, 'learning_rate': 0.0011029942782365904}. Best is trial 0 with value: 0.05725378915667534.
[I 2023-12-26 11:26:20,504] Trial 2 finished with value: 2.906508684158325 and parameters: {'gradient_clip_val': 0.10271230887548712, 'hidden_size': 24, 'dropout': 0.11908699019642502, 'hidden_continuous_size': 6, 'attention_head_size': 3, 'learning_rate': 0.0007153542822504836}. Best is trial 0 with value: 0.05725378915667534.
[I 2023-12-26 11:26:22,461] Trial 3 finished with value: 3.3909847736358643 and parameters: {'gradient_clip_val': 0.5457828810888595, 'hidden_size': 10, 'dropout': 0.3720228949718962, 'hidden_continuous_size': 9, 'attention_head_size': 2, 'learning_rate': 0.018005549985078344}. Best is trial 0 with value: 0.05725378915667534.
[I 2023-12-26 11:26:24,649] Trial 4 finished with value: 2.8213417530059814 and parameters: {'gradient_clip_val': 0.19405264535549713, 'hidden_size': 25, 'dropout': 0.4445607001635806, 'hidden_continuous_size': 5, 'attention_head_size': 3, 'learning_rate': 0.06152515092433264}. Best is trial 0 with value: 0.05725378915667534.
[I 2023-12-26 11:26:26,766] Trial 5 finished with value: 3.021176338195801 and parameters: {'gradient_clip_val': 0.7536822365535849, 'hidden_size': 22, 'dropout': 0.2788958147744134, 'hidden_continuous_size': 5, 'attention_head_size': 3, 'learning_rate': 0.016235507186736976}. Best is trial 0 with value: 0.05725378915667534.
[I 2023-12-26 11:26:28,765] Trial 6 finished with value: 3.3994903564453125 and parameters: {'gradient_clip_val': 0.48027794839600624, 'hidden_size': 13, 'dropout': 0.3645079336486393, 'hidden_continuous_size': 11, 'attention_head_size': 1, 'learning_rate': 0.08698857221432871}. Best is trial 0 with value: 0.05725378915667534.
[I 2023-12-26 11:26:33,205] Trial 7 finished with value: 2.653421401977539 and parameters: {'gradient_clip_val': 0.6948028987873266, 'hidden_size': 80, 'dropout': 0.2184319847147918, 'hidden_continuous_size': 6, 'attention_head_size': 2, 'learning_rate': 0.0014427241300520573}. Best is trial 0 with value: 0.05725378915667534.
[I 2023-12-26 11:26:37,419] Trial 8 finished with value: 3.426156997680664 and parameters: {'gradient_clip_val': 0.9231183857388702, 'hidden_size': 67, 'dropout': 0.40371496230181003, 'hidden_continuous_size': 5, 'attention_head_size': 3, 'learning_rate': 0.0009376331691848461}. Best is trial 0 with value: 0.05725378915667534.
[I 2023-12-26 11:26:40,395] Trial 9 finished with value: 2.9789631366729736 and parameters: {'gradient_clip_val': 0.9475540154307017, 'hidden_size': 48, 'dropout': 0.23455949976729512, 'hidden_continuous_size': 20, 'attention_head_size': 2, 'learning_rate': 0.0074106006393602816}. Best is trial 0 with value: 0.05725378915667534.
[I 2023-12-26 11:26:49,945] Trial 10 finished with value: 3.4751815795898438 and parameters: {'gradient_clip_val': 0.17402762570085673, 'hidden_size': 137, 'dropout': 0.48690747166411763, 'hidden_continuous_size': 67, 'attention_head_size': 4, 'learning_rate': 0.0033046474898135547}. Best is trial 0 with value: 0.05725378915667534.
[I 2023-12-26 11:26:51,705] Trial 11 finished with value: 3.771970748901367 and parameters: {'gradient_clip_val': 0.39606412748399944, 'hidden_size': 5, 'dropout': 0.2172079219614227, 'hidden_continuous_size': 5, 'attention_head_size': 4, 'learning_rate': 0.002375958775899019}. Best is trial 0 with value: 0.05725378915667534.
[I 2023-12-26 11:26:55,466] Trial 12 finished with value: 3.033231496810913 and parameters: {'gradient_clip_val': 0.34421239335404863, 'hidden_size': 55, 'dropout': 0.29063689083576916, 'hidden_continuous_size': 21, 'attention_head_size': 1, 'learning_rate': 0.00275060174231493}. Best is trial 0 with value: 0.05725378915667534.
[I 2023-12-26 11:27:02,865] Trial 13 finished with value: 3.0421714782714844 and parameters: {'gradient_clip_val': 0.6236416160018493, 'hidden_size': 99, 'dropout': 0.10359755875773607, 'hidden_continuous_size': 36, 'attention_head_size': 2, 'learning_rate': 0.0005827678956779712}. Best is trial 0 with value: 0.05725378915667534.
[I 2023-12-26 11:27:06,457] Trial 14 finished with value: 3.232375144958496 and parameters: {'gradient_clip_val': 0.28016177083479304, 'hidden_size': 43, 'dropout': 0.1824129210777721, 'hidden_continuous_size': 8, 'attention_head_size': 4, 'learning_rate': 0.030951512171896754}. Best is trial 0 with value: 0.05725378915667534.
[I 2023-12-26 11:27:12,133] Trial 15 finished with value: 2.931267023086548 and parameters: {'gradient_clip_val': 0.4386061155574609, 'hidden_size': 74, 'dropout': 0.25121975071975267, 'hidden_continuous_size': 13, 'attention_head_size': 2, 'learning_rate': 0.006592122259660582}. Best is trial 0 with value: 0.05725378915667534.
[I 2023-12-26 11:27:15,261] Trial 16 finished with value: 3.6997382640838623 and parameters: {'gradient_clip_val': 0.6699847776916676, 'hidden_size': 41, 'dropout': 0.3188058511334847, 'hidden_continuous_size': 8, 'attention_head_size': 1, 'learning_rate': 0.0016076510703118844}. Best is trial 0 with value: 0.05725378915667534.
[I 2023-12-26 11:27:27,381] Trial 17 finished with value: 3.4866678714752197 and parameters: {'gradient_clip_val': 0.35772756845055464, 'hidden_size': 142, 'dropout': 0.17314153118751105, 'hidden_continuous_size': 113, 'attention_head_size': 4, 'learning_rate': 0.0047339679928133675}. Best is trial 0 with value: 0.05725378915667534.
[I 2023-12-26 11:27:33,588] Trial 18 finished with value: 3.827173948287964 and parameters: {'gradient_clip_val': 0.5084302538151465, 'hidden_size': 88, 'dropout': 0.22003768976211316, 'hidden_continuous_size': 15, 'attention_head_size': 2, 'learning_rate': 0.001534768819694613}. Best is trial 0 with value: 0.05725378915667534.
[I 2023-12-26 11:27:36,523] Trial 19 finished with value: 3.9123713970184326 and parameters: {'gradient_clip_val': 0.7883261781470896, 'hidden_size': 36, 'dropout': 0.1503924198542036, 'hidden_continuous_size': 7, 'attention_head_size': 1, 'learning_rate': 0.010198489128378566}. Best is trial 0 with value: 0.05725378915667534.
[I 2023-12-26 11:27:40,785] Trial 20 finished with value: 2.813030958175659 and parameters: {'gradient_clip_val': 0.6131908885836007, 'hidden_size': 60, 'dropout': 0.2589696674997459, 'hidden_continuous_size': 20, 'attention_head_size': 4, 'learning_rate': 0.0005085470264160208}. Best is trial 0 with value: 0.05725378915667534.
[I 2023-12-26 11:27:45,557] Trial 21 finished with value: 3.419893503189087 and parameters: {'gradient_clip_val': 0.5996655593724224, 'hidden_size': 61, 'dropout': 0.2604128354223907, 'hidden_continuous_size': 19, 'attention_head_size': 4, 'learning_rate': 0.0005237463805713799}. Best is trial 0 with value: 0.05725378915667534.
[I 2023-12-26 11:27:52,548] Trial 22 finished with value: 3.208420515060425 and parameters: {'gradient_clip_val': 0.6586481779815414, 'hidden_size': 101, 'dropout': 0.21207079967882225, 'hidden_continuous_size': 33, 'attention_head_size': 4, 'learning_rate': 0.0005152141776568797}. Best is trial 0 with value: 0.05725378915667534.
[I 2023-12-26 11:27:55,624] Trial 23 finished with value: 1.704443097114563 and parameters: {'gradient_clip_val': 0.4454932175846861, 'hidden_size': 38, 'dropout': 0.3082387895664517, 'hidden_continuous_size': 6, 'attention_head_size': 3, 'learning_rate': 0.0015296337455145187}. Best is trial 0 with value: 0.05725378915667534.
[I 2023-12-26 11:27:58,614] Trial 24 finished with value: 3.734574556350708 and parameters: {'gradient_clip_val': 0.44112616181897, 'hidden_size': 40, 'dropout': 0.3109769595593821, 'hidden_continuous_size': 7, 'attention_head_size': 3, 'learning_rate': 0.0017889138650151886}. Best is trial 0 with value: 0.05725378915667534.
[I 2023-12-26 11:28:01,067] Trial 25 finished with value: 4.698040962219238 and parameters: {'gradient_clip_val': 0.3939609938151494, 'hidden_size': 32, 'dropout': 0.1994599255486325, 'hidden_continuous_size': 6, 'attention_head_size': 2, 'learning_rate': 0.003638554967050721}. Best is trial 0 with value: 0.05725378915667534.
[I 2023-12-26 11:28:03,832] Trial 26 finished with value: 2.5830206871032715 and parameters: {'gradient_clip_val': 0.5191747312409817, 'hidden_size': 32, 'dropout': 0.13612274375944342, 'hidden_continuous_size': 6, 'attention_head_size': 3, 'learning_rate': 0.0010206391763074626}. Best is trial 0 with value: 0.05725378915667534.
[I 2023-12-26 11:28:07,266] Trial 27 finished with value: 2.381856679916382 and parameters: {'gradient_clip_val': 0.5222841654083196, 'hidden_size': 34, 'dropout': 0.13179644028262222, 'hidden_continuous_size': 9, 'attention_head_size': 3, 'learning_rate': 0.0008854566742595487}. Best is trial 0 with value: 0.05725378915667534.
[I 2023-12-26 11:28:11,435] Trial 28 finished with value: 3.150117874145508 and parameters: {'gradient_clip_val': 0.3032348275497462, 'hidden_size': 51, 'dropout': 0.14814780962136243, 'hidden_continuous_size': 11, 'attention_head_size': 3, 'learning_rate': 0.0023299829065197533}. Best is trial 0 with value: 0.05725378915667534.
[I 2023-12-26 11:28:14,613] Trial 29 finished with value: 3.213391065597534 and parameters: {'gradient_clip_val': 0.2968436266848906, 'hidden_size': 30, 'dropout': 0.17742675977830763, 'hidden_continuous_size': 10, 'attention_head_size': 3, 'learning_rate': 0.0008706387651511031}. Best is trial 0 with value: 0.05725378915667534.
[I 2023-12-26 11:28:17,055] Trial 30 finished with value: 3.671121597290039 and parameters: {'gradient_clip_val': 0.24503691491643437, 'hidden_size': 17, 'dropout': 0.10445155639847746, 'hidden_continuous_size': 7, 'attention_head_size': 3, 'learning_rate': 0.0012583119410967852}. Best is trial 0 with value: 0.05725378915667534.
[I 2023-12-26 11:28:20,070] Trial 31 finished with value: 2.332075834274292 and parameters: {'gradient_clip_val': 0.504447506194954, 'hidden_size': 29, 'dropout': 0.1433345846189466, 'hidden_continuous_size': 8, 'attention_head_size': 3, 'learning_rate': 0.0008994682643598753}. Best is trial 0 with value: 0.05725378915667534.
[I 2023-12-26 11:28:23,331] Trial 32 finished with value: 2.9251041412353516 and parameters: {'gradient_clip_val': 0.4637116613411756, 'hidden_size': 27, 'dropout': 0.12330051120402302, 'hidden_continuous_size': 8, 'attention_head_size': 3, 'learning_rate': 0.0008183835749611541}. Best is trial 0 with value: 0.05725378915667534.
[I 2023-12-26 11:28:26,810] Trial 33 finished with value: 3.9462640285491943 and parameters: {'gradient_clip_val': 0.5500338963637774, 'hidden_size': 38, 'dropout': 0.15809814863737545, 'hidden_continuous_size': 9, 'attention_head_size': 3, 'learning_rate': 0.0007517346475096545}. Best is trial 0 with value: 0.05725378915667534.
[I 2023-12-26 11:28:29,366] Trial 34 finished with value: 3.1642868518829346 and parameters: {'gradient_clip_val': 0.39302889080728515, 'hidden_size': 19, 'dropout': 0.13381293437473452, 'hidden_continuous_size': 9, 'attention_head_size': 4, 'learning_rate': 0.0011012634730757033}. Best is trial 0 with value: 0.05725378915667534.
[I 2023-12-26 11:28:32,123] Trial 35 finished with value: 3.6410064697265625 and parameters: {'gradient_clip_val': 0.24787267951984046, 'hidden_size': 25, 'dropout': 0.1909443987545032, 'hidden_continuous_size': 7, 'attention_head_size': 3, 'learning_rate': 0.0007122598296039197}. Best is trial 0 with value: 0.05725378915667534.
[I 2023-12-26 11:28:34,776] Trial 36 finished with value: 3.458233594894409 and parameters: {'gradient_clip_val': 0.5483310564309948, 'hidden_size': 22, 'dropout': 0.15902783648253926, 'hidden_continuous_size': 8, 'attention_head_size': 3, 'learning_rate': 0.002011898994867765}. Best is trial 0 with value: 0.05725378915667534.
[I 2023-12-26 11:28:38,815] Trial 37 finished with value: 3.2247655391693115 and parameters: {'gradient_clip_val': 0.13735647336203383, 'hidden_size': 48, 'dropout': 0.12714058619212726, 'hidden_continuous_size': 11, 'attention_head_size': 4, 'learning_rate': 0.0012404628109386907}. Best is trial 0 with value: 0.05725378915667534.
[I 2023-12-26 11:28:41,764] Trial 38 finished with value: 2.434903383255005 and parameters: {'gradient_clip_val': 0.34258979217977426, 'hidden_size': 29, 'dropout': 0.10057451004807547, 'hidden_continuous_size': 10, 'attention_head_size': 3, 'learning_rate': 0.0018038372081223887}. Best is trial 0 with value: 0.05725378915667534.
[I 2023-12-26 11:28:45,018] Trial 39 finished with value: 3.2050540447235107 and parameters: {'gradient_clip_val': 0.48006435415850235, 'hidden_size': 34, 'dropout': 0.19429804723690416, 'hidden_continuous_size': 6, 'attention_head_size': 2, 'learning_rate': 0.0013352461759049373}. Best is trial 0 with value: 0.05725378915667534.
[I 2023-12-26 11:28:47,628] Trial 40 finished with value: 3.755295753479004 and parameters: {'gradient_clip_val': 0.218088516969926, 'hidden_size': 24, 'dropout': 0.16193588610233767, 'hidden_continuous_size': 9, 'attention_head_size': 3, 'learning_rate': 0.0007159028686331568}. Best is trial 0 with value: 0.05725378915667534.
[I 2023-12-26 11:28:50,596] Trial 41 finished with value: 2.8983986377716064 and parameters: {'gradient_clip_val': 0.30722926429468994, 'hidden_size': 28, 'dropout': 0.10820759080684089, 'hidden_continuous_size': 12, 'attention_head_size': 3, 'learning_rate': 0.0018378329477823868}. Best is trial 0 with value: 0.05725378915667534.
[I 2023-12-26 11:28:54,529] Trial 42 finished with value: 3.2385847568511963 and parameters: {'gradient_clip_val': 0.346462399341799, 'hidden_size': 45, 'dropout': 0.11769472811503721, 'hidden_continuous_size': 10, 'attention_head_size': 3, 'learning_rate': 0.0011429775996433307}. Best is trial 0 with value: 0.05725378915667534.
[I 2023-12-26 11:28:57,895] Trial 43 finished with value: 3.1668856143951416 and parameters: {'gradient_clip_val': 0.41296112054728223, 'hidden_size': 36, 'dropout': 0.1396465007198842, 'hidden_continuous_size': 5, 'attention_head_size': 3, 'learning_rate': 0.000951065107125352}. Best is trial 0 with value: 0.05725378915667534.
[I 2023-12-26 11:29:00,791] Trial 44 finished with value: 3.5422327518463135 and parameters: {'gradient_clip_val': 0.37491443493310594, 'hidden_size': 20, 'dropout': 0.12353735391813293, 'hidden_continuous_size': 9, 'attention_head_size': 3, 'learning_rate': 0.0021093572743345213}. Best is trial 0 with value: 0.05725378915667534.
[I 2023-12-26 11:29:03,774] Trial 45 finished with value: 2.6072442531585693 and parameters: {'gradient_clip_val': 0.4635281397720106, 'hidden_size': 29, 'dropout': 0.10569775574987275, 'hidden_continuous_size': 12, 'attention_head_size': 2, 'learning_rate': 0.001399529277427429}. Best is trial 0 with value: 0.05725378915667534.
[I 2023-12-26 11:29:07,766] Trial 46 finished with value: 4.424872875213623 and parameters: {'gradient_clip_val': 0.32567495738809804, 'hidden_size': 48, 'dropout': 0.17019901379118293, 'hidden_continuous_size': 14, 'attention_head_size': 4, 'learning_rate': 0.002713394825001257}. Best is trial 0 with value: 0.05725378915667534.
[I 2023-12-26 11:29:10,744] Trial 47 finished with value: 3.9461677074432373 and parameters: {'gradient_clip_val': 0.34738696179929995, 'hidden_size': 27, 'dropout': 0.14379477697512819, 'hidden_continuous_size': 10, 'attention_head_size': 3, 'learning_rate': 0.02674053749794203}. Best is trial 0 with value: 0.05725378915667534.
[I 2023-12-26 11:29:14,367] Trial 48 finished with value: 4.151566982269287 and parameters: {'gradient_clip_val': 0.42084300604632996, 'hidden_size': 42, 'dropout': 0.1004890704575784, 'hidden_continuous_size': 8, 'attention_head_size': 3, 'learning_rate': 0.0015424675425565804}. Best is trial 0 with value: 0.05725378915667534.
[I 2023-12-26 11:29:18,927] Trial 49 finished with value: 3.5528268814086914 and parameters: {'gradient_clip_val': 0.2789607112440721, 'hidden_size': 55, 'dropout': 0.33833587482740013, 'hidden_continuous_size': 5, 'attention_head_size': 4, 'learning_rate': 0.001032384682086602}. Best is trial 0 with value: 0.05725378915667534.
[I 2023-12-26 11:29:19,079] A new study created in memory with name: no-name-bba08145-8e90-465c-9ead-d2929ac3d647
/home/le004/conda/anaconda3/envs/tsff_env/lib/python3.9/site-packages/lightning/fabric/plugins/environments/slurm.py:191: The `srun` command is available on your system but is not used. HINT: If your intention is to run Lightning on SLURM, prepend your python command with `srun` like so: srun python /home/le004/master_thesis/git/TSFusionForecast/code/ ...
[I 2023-12-26 11:33:26,250] Trial 0 finished with value: 0.36050453782081604 and parameters: {'gradient_clip_val': 0.2564571572327364, 'hidden_size': 42, 'dropout': 0.299998445149928, 'hidden_continuous_size': 8, 'attention_head_size': 1, 'learning_rate': 0.012437424017044953}. Best is trial 0 with value: 0.36050453782081604.
[I 2023-12-26 11:33:28,626] Trial 1 finished with value: 3.83590030670166 and parameters: {'gradient_clip_val': 0.17968005344302487, 'hidden_size': 12, 'dropout': 0.28810057921042553, 'hidden_continuous_size': 8, 'attention_head_size': 3, 'learning_rate': 0.05966420941202816}. Best is trial 0 with value: 0.36050453782081604.
[I 2023-12-26 11:33:30,569] Trial 2 finished with value: 3.8841936588287354 and parameters: {'gradient_clip_val': 0.11638394578348545, 'hidden_size': 5, 'dropout': 0.19656267155672383, 'hidden_continuous_size': 5, 'attention_head_size': 1, 'learning_rate': 0.007816795495290204}. Best is trial 0 with value: 0.36050453782081604.
[I 2023-12-26 11:33:33,570] Trial 3 finished with value: 4.072606563568115 and parameters: {'gradient_clip_val': 0.5306422134253198, 'hidden_size': 27, 'dropout': 0.38063520136904894, 'hidden_continuous_size': 18, 'attention_head_size': 2, 'learning_rate': 0.0607678874399792}. Best is trial 0 with value: 0.36050453782081604.
[I 2023-12-26 11:33:37,494] Trial 4 finished with value: 3.655195951461792 and parameters: {'gradient_clip_val': 0.6094168039156308, 'hidden_size': 46, 'dropout': 0.2810558768761783, 'hidden_continuous_size': 6, 'attention_head_size': 1, 'learning_rate': 0.0811612455498671}. Best is trial 0 with value: 0.36050453782081604.
[I 2023-12-26 11:33:39,643] Trial 5 finished with value: 3.4452426433563232 and parameters: {'gradient_clip_val': 0.12810221688523604, 'hidden_size': 12, 'dropout': 0.25336934374965814, 'hidden_continuous_size': 12, 'attention_head_size': 1, 'learning_rate': 0.016533512741423114}. Best is trial 0 with value: 0.36050453782081604.
[I 2023-12-26 11:33:43,585] Trial 6 finished with value: 3.160778045654297 and parameters: {'gradient_clip_val': 0.14046009032185106, 'hidden_size': 48, 'dropout': 0.31616616705933764, 'hidden_continuous_size': 7, 'attention_head_size': 4, 'learning_rate': 0.0023827589138113612}. Best is trial 0 with value: 0.36050453782081604.
[I 2023-12-26 11:33:49,878] Trial 7 finished with value: 3.6014444828033447 and parameters: {'gradient_clip_val': 0.2078517085783332, 'hidden_size': 78, 'dropout': 0.369562031888618, 'hidden_continuous_size': 11, 'attention_head_size': 2, 'learning_rate': 0.019530671605151723}. Best is trial 0 with value: 0.36050453782081604.
[I 2023-12-26 11:33:53,333] Trial 8 finished with value: 3.07991886138916 and parameters: {'gradient_clip_val': 0.4315109971807202, 'hidden_size': 40, 'dropout': 0.3340382732607884, 'hidden_continuous_size': 11, 'attention_head_size': 3, 'learning_rate': 0.03164220866800867}. Best is trial 0 with value: 0.36050453782081604.
[I 2023-12-26 11:33:56,240] Trial 9 finished with value: 4.305359363555908 and parameters: {'gradient_clip_val': 0.29272415305348815, 'hidden_size': 25, 'dropout': 0.4750323345779207, 'hidden_continuous_size': 11, 'attention_head_size': 4, 'learning_rate': 0.029968982555654118}. Best is trial 0 with value: 0.36050453782081604.
[I 2023-12-26 11:34:04,999] Trial 10 finished with value: 3.367504119873047 and parameters: {'gradient_clip_val': 0.8873051053794129, 'hidden_size': 112, 'dropout': 0.11719396168150717, 'hidden_continuous_size': 43, 'attention_head_size': 2, 'learning_rate': 0.001518453809407432}. Best is trial 0 with value: 0.36050453782081604.
[I 2023-12-26 11:34:18,272] Trial 11 finished with value: 3.1356849670410156 and parameters: {'gradient_clip_val': 0.3617759940287841, 'hidden_size': 146, 'dropout': 0.3660454774899319, 'hidden_continuous_size': 133, 'attention_head_size': 3, 'learning_rate': 0.0005300858885141813}. Best is trial 0 with value: 0.36050453782081604.
[I 2023-12-26 11:34:23,304] Trial 12 finished with value: 2.979565382003784 and parameters: {'gradient_clip_val': 0.31322377319598743, 'hidden_size': 61, 'dropout': 0.2202579125099272, 'hidden_continuous_size': 5, 'attention_head_size': 3, 'learning_rate': 0.009549009121388551}. Best is trial 0 with value: 0.36050453782081604.
