[I 2023-12-16 02:35:52,002] Trial 40 finished with value: 0.1727638840675354 and parameters: {'gradient_clip_val': 0.4442038382364204, 'hidden_size': 58, 'dropout': 0.1560433042408988, 'hidden_continuous_size': 48, 'attention_head_size': 2, 'learning_rate': 0.020774919322999755}. Best is trial 22 with value: 0.09846510738134384.
LOCAL_RANK: 0 - CUDA_VISIBLE_DEVICES: [0]
[I 2023-12-16 02:36:47,665] Trial 41 finished with value: 0.3001462519168854 and parameters: {'gradient_clip_val': 0.8905889174694885, 'hidden_size': 68, 'dropout': 0.22488689399515963, 'hidden_continuous_size': 58, 'attention_head_size': 2, 'learning_rate': 0.08048917181685589}. Best is trial 22 with value: 0.09846510738134384.
LOCAL_RANK: 0 - CUDA_VISIBLE_DEVICES: [0]
[I 2023-12-16 02:37:45,623] Trial 42 finished with value: 0.11973639577627182 and parameters: {'gradient_clip_val': 0.8158758297890686, 'hidden_size': 87, 'dropout': 0.21123266091699366, 'hidden_continuous_size': 77, 'attention_head_size': 1, 'learning_rate': 0.06353705649568786}. Best is trial 22 with value: 0.09846510738134384.
LOCAL_RANK: 0 - CUDA_VISIBLE_DEVICES: [0]
[I 2023-12-16 02:38:43,058] Trial 43 finished with value: 0.3118116557598114 and parameters: {'gradient_clip_val': 0.6542564683638765, 'hidden_size': 87, 'dropout': 0.21340019022569295, 'hidden_continuous_size': 75, 'attention_head_size': 1, 'learning_rate': 0.04042114002586054}. Best is trial 22 with value: 0.09846510738134384.
LOCAL_RANK: 0 - CUDA_VISIBLE_DEVICES: [0]
[I 2023-12-16 02:39:41,284] Trial 44 finished with value: 0.29504385590553284 and parameters: {'gradient_clip_val': 0.7687237578128662, 'hidden_size': 86, 'dropout': 0.23996653394191553, 'hidden_continuous_size': 78, 'attention_head_size': 1, 'learning_rate': 0.05646114675167842}. Best is trial 22 with value: 0.09846510738134384.
LOCAL_RANK: 0 - CUDA_VISIBLE_DEVICES: [0]
[I 2023-12-16 02:40:36,876] Trial 45 finished with value: 0.23297129571437836 and parameters: {'gradient_clip_val': 0.9794790491309567, 'hidden_size': 69, 'dropout': 0.1853160251031231, 'hidden_continuous_size': 58, 'attention_head_size': 1, 'learning_rate': 0.07953791966922003}. Best is trial 22 with value: 0.09846510738134384.
LOCAL_RANK: 0 - CUDA_VISIBLE_DEVICES: [0]
[I 2023-12-16 02:41:35,403] Trial 46 finished with value: 0.11595981568098068 and parameters: {'gradient_clip_val': 0.5517173037139367, 'hidden_size': 100, 'dropout': 0.20093900306260296, 'hidden_continuous_size': 91, 'attention_head_size': 1, 'learning_rate': 0.030459374615420497}. Best is trial 22 with value: 0.09846510738134384.
LOCAL_RANK: 0 - CUDA_VISIBLE_DEVICES: [0]
[I 2023-12-16 02:42:34,593] Trial 47 finished with value: 0.5560349225997925 and parameters: {'gradient_clip_val': 0.5641140133876575, 'hidden_size': 100, 'dropout': 0.16882051645970148, 'hidden_continuous_size': 89, 'attention_head_size': 4, 'learning_rate': 0.029877538186519247}. Best is trial 22 with value: 0.09846510738134384.
LOCAL_RANK: 0 - CUDA_VISIBLE_DEVICES: [0]
[I 2023-12-16 02:43:31,329] Trial 48 finished with value: 0.31188008189201355 and parameters: {'gradient_clip_val': 0.7163328569168336, 'hidden_size': 77, 'dropout': 0.20107544228282567, 'hidden_continuous_size': 65, 'attention_head_size': 1, 'learning_rate': 0.04619211431283844}. Best is trial 22 with value: 0.09846510738134384.
LOCAL_RANK: 0 - CUDA_VISIBLE_DEVICES: [0]
[I 2023-12-16 02:44:25,916] Trial 49 finished with value: 0.09875056892633438 and parameters: {'gradient_clip_val': 0.5030307982066868, 'hidden_size': 47, 'dropout': 0.250333670831673, 'hidden_continuous_size': 44, 'attention_head_size': 2, 'learning_rate': 0.0967124856971707}. Best is trial 22 with value: 0.09846510738134384.
[I 2023-12-16 02:44:26,010] A new study created in memory with name: no-name-8b7c095c-5cdc-4847-8889-5d44b5070d89
/home/le004/conda/anaconda3/envs/tsff_env/lib/python3.9/site-packages/lightning/fabric/plugins/environments/slurm.py:191: The `srun` command is available on your system but is not used. HINT: If your intention is to run Lightning on SLURM, prepend your python command with `srun` like so: srun python /home/le004/master_thesis/git/TSFusionForecast/code/ ...
LOCAL_RANK: 0 - CUDA_VISIBLE_DEVICES: [0]
[I 2023-12-16 02:45:02,117] Trial 0 finished with value: 1.565538763999939 and parameters: {'gradient_clip_val': 0.22674849745089093, 'hidden_size': 11, 'dropout': 0.2884626295502196, 'hidden_continuous_size': 11, 'attention_head_size': 2, 'learning_rate': 0.0022098264910625906}. Best is trial 0 with value: 1.565538763999939.
LOCAL_RANK: 0 - CUDA_VISIBLE_DEVICES: [0]
[I 2023-12-16 02:45:38,025] Trial 1 finished with value: 1.304956316947937 and parameters: {'gradient_clip_val': 0.18921093453592935, 'hidden_size': 6, 'dropout': 0.13754867278899263, 'hidden_continuous_size': 6, 'attention_head_size': 1, 'learning_rate': 0.0024169068766050406}. Best is trial 1 with value: 1.304956316947937.
LOCAL_RANK: 0 - CUDA_VISIBLE_DEVICES: [0]
[I 2023-12-16 02:46:28,481] Trial 2 finished with value: 0.9782617688179016 and parameters: {'gradient_clip_val': 0.17045111928821519, 'hidden_size': 22, 'dropout': 0.2832094172254944, 'hidden_continuous_size': 8, 'attention_head_size': 4, 'learning_rate': 0.0006412030089783713}. Best is trial 2 with value: 0.9782617688179016.
LOCAL_RANK: 0 - CUDA_VISIBLE_DEVICES: [0]
[I 2023-12-16 02:47:20,688] Trial 3 finished with value: 0.23841768503189087 and parameters: {'gradient_clip_val': 0.2019741160662941, 'hidden_size': 40, 'dropout': 0.24652745079116078, 'hidden_continuous_size': 11, 'attention_head_size': 4, 'learning_rate': 0.031004299069391048}. Best is trial 3 with value: 0.23841768503189087.
LOCAL_RANK: 0 - CUDA_VISIBLE_DEVICES: [0]
[I 2023-12-16 02:48:07,038] Trial 4 finished with value: 1.4509458541870117 and parameters: {'gradient_clip_val': 0.48440674381840343, 'hidden_size': 11, 'dropout': 0.15974273353612917, 'hidden_continuous_size': 7, 'attention_head_size': 1, 'learning_rate': 0.0032815599521490947}. Best is trial 3 with value: 0.23841768503189087.
LOCAL_RANK: 0 - CUDA_VISIBLE_DEVICES: [0]
[I 2023-12-16 02:48:54,160] Trial 5 finished with value: 0.42684057354927063 and parameters: {'gradient_clip_val': 0.6647099570362004, 'hidden_size': 13, 'dropout': 0.3941362524219796, 'hidden_continuous_size': 10, 'attention_head_size': 2, 'learning_rate': 0.02830393083715061}. Best is trial 3 with value: 0.23841768503189087.
LOCAL_RANK: 0 - CUDA_VISIBLE_DEVICES: [0]
[I 2023-12-16 02:49:50,690] Trial 6 finished with value: 0.2615530788898468 and parameters: {'gradient_clip_val': 0.4457548082692413, 'hidden_size': 89, 'dropout': 0.1304851172416271, 'hidden_continuous_size': 22, 'attention_head_size': 4, 'learning_rate': 0.0272573354529865}. Best is trial 3 with value: 0.23841768503189087.
LOCAL_RANK: 0 - CUDA_VISIBLE_DEVICES: [0]
[I 2023-12-16 02:50:40,704] Trial 7 finished with value: 0.5007461905479431 and parameters: {'gradient_clip_val': 0.924464921115504, 'hidden_size': 29, 'dropout': 0.2788717664638831, 'hidden_continuous_size': 13, 'attention_head_size': 2, 'learning_rate': 0.04592490362686012}. Best is trial 3 with value: 0.23841768503189087.
LOCAL_RANK: 0 - CUDA_VISIBLE_DEVICES: [0]
[I 2023-12-16 02:51:34,848] Trial 8 finished with value: 0.5560638904571533 and parameters: {'gradient_clip_val': 0.14280340072473882, 'hidden_size': 73, 'dropout': 0.16051626080516354, 'hidden_continuous_size': 10, 'attention_head_size': 3, 'learning_rate': 0.012609555809955602}. Best is trial 3 with value: 0.23841768503189087.
LOCAL_RANK: 0 - CUDA_VISIBLE_DEVICES: [0]
[I 2023-12-16 02:52:20,989] Trial 9 finished with value: 1.2951726913452148 and parameters: {'gradient_clip_val': 0.19433795822186786, 'hidden_size': 12, 'dropout': 0.11307436399881511, 'hidden_continuous_size': 5, 'attention_head_size': 4, 'learning_rate': 0.010959998312613852}. Best is trial 3 with value: 0.23841768503189087.
LOCAL_RANK: 0 - CUDA_VISIBLE_DEVICES: [0]
[I 2023-12-16 02:53:14,225] Trial 10 finished with value: 0.5931500792503357 and parameters: {'gradient_clip_val': 0.10074289449757491, 'hidden_size': 44, 'dropout': 0.21936475852017442, 'hidden_continuous_size': 20, 'attention_head_size': 3, 'learning_rate': 0.07813999646379483}. Best is trial 3 with value: 0.23841768503189087.
LOCAL_RANK: 0 - CUDA_VISIBLE_DEVICES: [0]
[I 2023-12-16 02:54:11,169] Trial 11 finished with value: 0.7141796946525574 and parameters: {'gradient_clip_val': 0.3369924503947819, 'hidden_size': 92, 'dropout': 0.20633318170323195, 'hidden_continuous_size': 44, 'attention_head_size': 4, 'learning_rate': 0.025602697320340453}. Best is trial 3 with value: 0.23841768503189087.
LOCAL_RANK: 0 - CUDA_VISIBLE_DEVICES: [0]
[I 2023-12-16 02:55:05,180] Trial 12 finished with value: 0.22829049825668335 and parameters: {'gradient_clip_val': 0.33862049441694336, 'hidden_size': 52, 'dropout': 0.10820669689019169, 'hidden_continuous_size': 21, 'attention_head_size': 3, 'learning_rate': 0.08775455040353469}. Best is trial 12 with value: 0.22829049825668335.
LOCAL_RANK: 0 - CUDA_VISIBLE_DEVICES: [0]
[I 2023-12-16 02:55:58,330] Trial 13 finished with value: 0.21428906917572021 and parameters: {'gradient_clip_val': 0.2732378627761272, 'hidden_size': 48, 'dropout': 0.19761399652092115, 'hidden_continuous_size': 17, 'attention_head_size': 3, 'learning_rate': 0.09744212394701232}. Best is trial 13 with value: 0.21428906917572021.
LOCAL_RANK: 0 - CUDA_VISIBLE_DEVICES: [0]
[I 2023-12-16 02:56:52,964] Trial 14 finished with value: 0.2964801788330078 and parameters: {'gradient_clip_val': 0.29073987454736905, 'hidden_size': 57, 'dropout': 0.10867643817048188, 'hidden_continuous_size': 26, 'attention_head_size': 3, 'learning_rate': 0.08769139136922861}. Best is trial 13 with value: 0.21428906917572021.
LOCAL_RANK: 0 - CUDA_VISIBLE_DEVICES: [0]
[I 2023-12-16 02:57:47,475] Trial 15 finished with value: 0.28013941645622253 and parameters: {'gradient_clip_val': 0.3012757723424866, 'hidden_size': 54, 'dropout': 0.17781619382144637, 'hidden_continuous_size': 17, 'attention_head_size': 3, 'learning_rate': 0.09860318891718944}. Best is trial 13 with value: 0.21428906917572021.
LOCAL_RANK: 0 - CUDA_VISIBLE_DEVICES: [0]
[I 2023-12-16 02:58:39,119] Trial 16 finished with value: 0.783886194229126 and parameters: {'gradient_clip_val': 0.3924962362703783, 'hidden_size': 33, 'dropout': 0.18910207965259035, 'hidden_continuous_size': 16, 'attention_head_size': 3, 'learning_rate': 0.05447912861265792}. Best is trial 13 with value: 0.21428906917572021.
LOCAL_RANK: 0 - CUDA_VISIBLE_DEVICES: [0]
[I 2023-12-16 02:59:32,714] Trial 17 finished with value: 0.5715888142585754 and parameters: {'gradient_clip_val': 0.2476113287933283, 'hidden_size': 64, 'dropout': 0.15236596233791677, 'hidden_continuous_size': 29, 'attention_head_size': 2, 'learning_rate': 0.05464621836218484}. Best is trial 13 with value: 0.21428906917572021.
LOCAL_RANK: 0 - CUDA_VISIBLE_DEVICES: [0]
[I 2023-12-16 03:00:26,610] Trial 18 finished with value: 0.7079208493232727 and parameters: {'gradient_clip_val': 0.3611370185054691, 'hidden_size': 42, 'dropout': 0.10243327077302256, 'hidden_continuous_size': 15, 'attention_head_size': 3, 'learning_rate': 0.09824004046560839}. Best is trial 13 with value: 0.21428906917572021.
LOCAL_RANK: 0 - CUDA_VISIBLE_DEVICES: [0]
[I 2023-12-16 03:01:16,520] Trial 19 finished with value: 0.5534334182739258 and parameters: {'gradient_clip_val': 0.27418625038226496, 'hidden_size': 29, 'dropout': 0.1361339831387594, 'hidden_continuous_size': 13, 'attention_head_size': 2, 'learning_rate': 0.012784084885394321}. Best is trial 13 with value: 0.21428906917572021.
LOCAL_RANK: 0 - CUDA_VISIBLE_DEVICES: [0]
[I 2023-12-16 03:02:12,665] Trial 20 finished with value: 0.45103082060813904 and parameters: {'gradient_clip_val': 0.5084470814300484, 'hidden_size': 74, 'dropout': 0.10033828926247876, 'hidden_continuous_size': 40, 'attention_head_size': 3, 'learning_rate': 0.0456108515633617}. Best is trial 13 with value: 0.21428906917572021.
LOCAL_RANK: 0 - CUDA_VISIBLE_DEVICES: [0]
[I 2023-12-16 03:03:06,057] Trial 21 finished with value: 0.3849833905696869 and parameters: {'gradient_clip_val': 0.23644015810132737, 'hidden_size': 48, 'dropout': 0.23435714076227668, 'hidden_continuous_size': 19, 'attention_head_size': 4, 'learning_rate': 0.03601275993854823}. Best is trial 13 with value: 0.21428906917572021.
LOCAL_RANK: 0 - CUDA_VISIBLE_DEVICES: [0]
[I 2023-12-16 03:03:59,599] Trial 22 finished with value: 0.27471718192100525 and parameters: {'gradient_clip_val': 0.31933159967544233, 'hidden_size': 37, 'dropout': 0.18788468411637468, 'hidden_continuous_size': 16, 'attention_head_size': 4, 'learning_rate': 0.06852779747643813}. Best is trial 13 with value: 0.21428906917572021.
LOCAL_RANK: 0 - CUDA_VISIBLE_DEVICES: [0]
[I 2023-12-16 03:04:53,400] Trial 23 finished with value: 0.7843243479728699 and parameters: {'gradient_clip_val': 0.22736293694664408, 'hidden_size': 52, 'dropout': 0.2628162251932247, 'hidden_continuous_size': 25, 'attention_head_size': 3, 'learning_rate': 0.020336110095287196}. Best is trial 13 with value: 0.21428906917572021.
LOCAL_RANK: 0 - CUDA_VISIBLE_DEVICES: [0]
[I 2023-12-16 03:05:46,080] Trial 24 finished with value: 0.7399215698242188 and parameters: {'gradient_clip_val': 0.3865478114458198, 'hidden_size': 38, 'dropout': 0.24136102392405323, 'hidden_continuous_size': 12, 'attention_head_size': 4, 'learning_rate': 0.04283812238425436}. Best is trial 13 with value: 0.21428906917572021.
LOCAL_RANK: 0 - CUDA_VISIBLE_DEVICES: [0]
[I 2023-12-16 03:06:42,489] Trial 25 finished with value: 0.28548452258110046 and parameters: {'gradient_clip_val': 0.27595995625329695, 'hidden_size': 69, 'dropout': 0.21323163036079595, 'hidden_continuous_size': 58, 'attention_head_size': 3, 'learning_rate': 0.06388184270045022}. Best is trial 13 with value: 0.21428906917572021.
LOCAL_RANK: 0 - CUDA_VISIBLE_DEVICES: [0]
[I 2023-12-16 03:07:35,800] Trial 26 finished with value: 0.22212068736553192 and parameters: {'gradient_clip_val': 0.3348027075542744, 'hidden_size': 44, 'dropout': 0.17436558029048627, 'hidden_continuous_size': 18, 'attention_head_size': 4, 'learning_rate': 0.06594632387787755}. Best is trial 13 with value: 0.21428906917572021.
LOCAL_RANK: 0 - CUDA_VISIBLE_DEVICES: [0]
[I 2023-12-16 03:08:30,402] Trial 27 finished with value: 0.2443101555109024 and parameters: {'gradient_clip_val': 0.3394401583195058, 'hidden_size': 57, 'dropout': 0.17365225770491668, 'hidden_continuous_size': 21, 'attention_head_size': 3, 'learning_rate': 0.06576556736663056}. Best is trial 13 with value: 0.21428906917572021.
LOCAL_RANK: 0 - CUDA_VISIBLE_DEVICES: [0]
[I 2023-12-16 03:09:29,446] Trial 28 finished with value: 0.22872161865234375 and parameters: {'gradient_clip_val': 0.4254785014186113, 'hidden_size': 97, 'dropout': 0.12505090206933467, 'hidden_continuous_size': 95, 'attention_head_size': 2, 'learning_rate': 0.09579248911719344}. Best is trial 13 with value: 0.21428906917572021.
LOCAL_RANK: 0 - CUDA_VISIBLE_DEVICES: [0]
[I 2023-12-16 03:10:17,793] Trial 29 finished with value: 0.6661221385002136 and parameters: {'gradient_clip_val': 0.266057052852339, 'hidden_size': 24, 'dropout': 0.1569531581760524, 'hidden_continuous_size': 14, 'attention_head_size': 1, 'learning_rate': 0.019568866817808145}. Best is trial 13 with value: 0.21428906917572021.
LOCAL_RANK: 0 - CUDA_VISIBLE_DEVICES: [0]
[I 2023-12-16 03:11:07,523] Trial 30 finished with value: 0.3321388065814972 and parameters: {'gradient_clip_val': 0.5194657477401466, 'hidden_size': 18, 'dropout': 0.19812904803883657, 'hidden_continuous_size': 11, 'attention_head_size': 4, 'learning_rate': 0.04066197144186418}. Best is trial 13 with value: 0.21428906917572021.
LOCAL_RANK: 0 - CUDA_VISIBLE_DEVICES: [0]
[I 2023-12-16 03:12:06,179] Trial 31 finished with value: 0.30653616786003113 and parameters: {'gradient_clip_val': 0.41082631440569795, 'hidden_size': 93, 'dropout': 0.12402887065674753, 'hidden_continuous_size': 85, 'attention_head_size': 2, 'learning_rate': 0.09764420413715313}. Best is trial 13 with value: 0.21428906917572021.
LOCAL_RANK: 0 - CUDA_VISIBLE_DEVICES: [0]
[I 2023-12-16 03:13:01,468] Trial 32 finished with value: 0.6965132355690002 and parameters: {'gradient_clip_val': 0.3343916741287037, 'hidden_size': 78, 'dropout': 0.1381832046471218, 'hidden_continuous_size': 28, 'attention_head_size': 2, 'learning_rate': 0.06410125554686714}. Best is trial 13 with value: 0.21428906917572021.
LOCAL_RANK: 0 - CUDA_VISIBLE_DEVICES: [0]
[I 2023-12-16 03:13:54,615] Trial 33 finished with value: 0.30211782455444336 and parameters: {'gradient_clip_val': 0.436305428415395, 'hidden_size': 64, 'dropout': 0.12146924902251777, 'hidden_continuous_size': 19, 'attention_head_size': 1, 'learning_rate': 0.07528212182140118}. Best is trial 13 with value: 0.21428906917572021.
LOCAL_RANK: 0 - CUDA_VISIBLE_DEVICES: [0]
[I 2023-12-16 03:14:47,318] Trial 34 finished with value: 0.5305973291397095 and parameters: {'gradient_clip_val': 0.30681827761608554, 'hidden_size': 48, 'dropout': 0.14499679523659298, 'hidden_continuous_size': 17, 'attention_head_size': 2, 'learning_rate': 0.052625820474985624}. Best is trial 13 with value: 0.21428906917572021.
LOCAL_RANK: 0 - CUDA_VISIBLE_DEVICES: [0]
[I 2023-12-16 03:15:43,156] Trial 35 finished with value: 0.22507672011852264 and parameters: {'gradient_clip_val': 0.3624808741744661, 'hidden_size': 100, 'dropout': 0.1729194387576188, 'hidden_continuous_size': 31, 'attention_head_size': 3, 'learning_rate': 0.03690091838037669}. Best is trial 13 with value: 0.21428906917572021.
LOCAL_RANK: 0 - CUDA_VISIBLE_DEVICES: [0]
[I 2023-12-16 03:16:38,494] Trial 36 finished with value: 0.2555393576622009 and parameters: {'gradient_clip_val': 0.2200622904630954, 'hidden_size': 79, 'dropout': 0.1731846909483623, 'hidden_continuous_size': 23, 'attention_head_size': 3, 'learning_rate': 0.04124157298558298}. Best is trial 13 with value: 0.21428906917572021.
LOCAL_RANK: 0 - CUDA_VISIBLE_DEVICES: [0]
[I 2023-12-16 03:17:33,154] Trial 37 finished with value: 0.33285725116729736 and parameters: {'gradient_clip_val': 0.36173551559215383, 'hidden_size': 55, 'dropout': 0.16884845998383372, 'hidden_continuous_size': 23, 'attention_head_size': 3, 'learning_rate': 0.03278892059527731}. Best is trial 13 with value: 0.21428906917572021.
LOCAL_RANK: 0 - CUDA_VISIBLE_DEVICES: [0]
[I 2023-12-16 03:18:27,614] Trial 38 finished with value: 0.3966066837310791 and parameters: {'gradient_clip_val': 0.2480156145504299, 'hidden_size': 45, 'dropout': 0.1909175593489306, 'hidden_continuous_size': 18, 'attention_head_size': 4, 'learning_rate': 0.005018194526200765}. Best is trial 13 with value: 0.21428906917572021.
LOCAL_RANK: 0 - CUDA_VISIBLE_DEVICES: [0]
[I 2023-12-16 03:19:23,281] Trial 39 finished with value: 0.27200207114219666 and parameters: {'gradient_clip_val': 0.5692991450502739, 'hidden_size': 100, 'dropout': 0.14722450887587374, 'hidden_continuous_size': 8, 'attention_head_size': 3, 'learning_rate': 0.06986899529740352}. Best is trial 13 with value: 0.21428906917572021.
LOCAL_RANK: 0 - CUDA_VISIBLE_DEVICES: [0]
[I 2023-12-16 03:20:17,738] Trial 40 finished with value: 0.24800491333007812 and parameters: {'gradient_clip_val': 0.3770339258634213, 'hidden_size': 64, 'dropout': 0.21561202736745133, 'hidden_continuous_size': 15, 'attention_head_size': 4, 'learning_rate': 0.05550757399530931}. Best is trial 13 with value: 0.21428906917572021.
LOCAL_RANK: 0 - CUDA_VISIBLE_DEVICES: [0]
[I 2023-12-16 03:21:12,602] Trial 41 finished with value: 0.2850744426250458 and parameters: {'gradient_clip_val': 0.4321627589240602, 'hidden_size': 84, 'dropout': 0.11981542044067396, 'hidden_continuous_size': 32, 'attention_head_size': 2, 'learning_rate': 0.08154683128642981}. Best is trial 13 with value: 0.21428906917572021.
LOCAL_RANK: 0 - CUDA_VISIBLE_DEVICES: [0]
[I 2023-12-16 03:22:11,472] Trial 42 finished with value: 0.24844564497470856 and parameters: {'gradient_clip_val': 0.31728922854415326, 'hidden_size': 99, 'dropout': 0.12631251799475854, 'hidden_continuous_size': 91, 'attention_head_size': 1, 'learning_rate': 0.07720987830233603}. Best is trial 13 with value: 0.21428906917572021.
LOCAL_RANK: 0 - CUDA_VISIBLE_DEVICES: [0]
[I 2023-12-16 03:23:07,450] Trial 43 finished with value: 0.5769031643867493 and parameters: {'gradient_clip_val': 0.4581902140257971, 'hidden_size': 79, 'dropout': 0.15858918654044096, 'hidden_continuous_size': 34, 'attention_head_size': 2, 'learning_rate': 0.035400991584845366}. Best is trial 13 with value: 0.21428906917572021.
LOCAL_RANK: 0 - CUDA_VISIBLE_DEVICES: [0]
[I 2023-12-16 03:24:02,317] Trial 44 finished with value: 0.3824819028377533 and parameters: {'gradient_clip_val': 0.41424991760327284, 'hidden_size': 67, 'dropout': 0.14020732301053948, 'hidden_continuous_size': 21, 'attention_head_size': 3, 'learning_rate': 0.09642925795003797}. Best is trial 13 with value: 0.21428906917572021.
LOCAL_RANK: 0 - CUDA_VISIBLE_DEVICES: [0]
[I 2023-12-16 03:24:57,116] Trial 45 finished with value: 0.3588588535785675 and parameters: {'gradient_clip_val': 0.28376685298752646, 'hidden_size': 84, 'dropout': 0.1335942878894389, 'hidden_continuous_size': 25, 'attention_head_size': 3, 'learning_rate': 0.05277438528282776}. Best is trial 13 with value: 0.21428906917572021.
LOCAL_RANK: 0 - CUDA_VISIBLE_DEVICES: [0]
[I 2023-12-16 03:25:49,746] Trial 46 finished with value: 0.2813464403152466 and parameters: {'gradient_clip_val': 0.36241138215520013, 'hidden_size': 40, 'dropout': 0.16681944605037807, 'hidden_continuous_size': 18, 'attention_head_size': 2, 'learning_rate': 0.07619775254631526}. Best is trial 13 with value: 0.21428906917572021.
LOCAL_RANK: 0 - CUDA_VISIBLE_DEVICES: [0]
