[I 2023-12-26 12:26:18,164] Trial 39 finished with value: 58.8533821105957 and parameters: {'gradient_clip_val': 0.3963116383932688, 'hidden_size': 7, 'dropout': 0.3247738692494905, 'hidden_continuous_size': 6, 'attention_head_size': 1, 'learning_rate': 0.007446563564787618}. Best is trial 0 with value: 33.92519760131836.
[I 2023-12-26 12:26:20,426] Trial 40 finished with value: 59.864593505859375 and parameters: {'gradient_clip_val': 0.4909342545218764, 'hidden_size': 8, 'dropout': 0.3876682473254277, 'hidden_continuous_size': 5, 'attention_head_size': 1, 'learning_rate': 0.02432412140694229}. Best is trial 0 with value: 33.92519760131836.
[I 2023-12-26 12:26:22,951] Trial 41 finished with value: 57.96650314331055 and parameters: {'gradient_clip_val': 0.5385615219620128, 'hidden_size': 18, 'dropout': 0.32985418496354163, 'hidden_continuous_size': 11, 'attention_head_size': 1, 'learning_rate': 0.008761290875800432}. Best is trial 0 with value: 33.92519760131836.
[I 2023-12-26 12:26:25,396] Trial 42 finished with value: 63.62617874145508 and parameters: {'gradient_clip_val': 0.4156671177934957, 'hidden_size': 11, 'dropout': 0.28878785471326757, 'hidden_continuous_size': 9, 'attention_head_size': 2, 'learning_rate': 0.014584609247535641}. Best is trial 0 with value: 33.92519760131836.
[I 2023-12-26 12:26:27,911] Trial 43 finished with value: 61.38935470581055 and parameters: {'gradient_clip_val': 0.3278302537254603, 'hidden_size': 14, 'dropout': 0.25481428687167107, 'hidden_continuous_size': 11, 'attention_head_size': 1, 'learning_rate': 0.00411132629613756}. Best is trial 0 with value: 33.92519760131836.
[I 2023-12-26 12:26:30,384] Trial 44 finished with value: 60.74423599243164 and parameters: {'gradient_clip_val': 0.45983439677878735, 'hidden_size': 11, 'dropout': 0.3011614216102062, 'hidden_continuous_size': 9, 'attention_head_size': 2, 'learning_rate': 0.006024125560336756}. Best is trial 0 with value: 33.92519760131836.
[I 2023-12-26 12:26:33,132] Trial 45 finished with value: 42.766849517822266 and parameters: {'gradient_clip_val': 0.29732563378843896, 'hidden_size': 15, 'dropout': 0.3434935663537636, 'hidden_continuous_size': 10, 'attention_head_size': 4, 'learning_rate': 0.009862752808486662}. Best is trial 0 with value: 33.92519760131836.
[I 2023-12-26 12:26:35,597] Trial 46 finished with value: 59.65764236450195 and parameters: {'gradient_clip_val': 0.3106744768040734, 'hidden_size': 12, 'dropout': 0.33813382289303845, 'hidden_continuous_size': 10, 'attention_head_size': 3, 'learning_rate': 0.010378094702069752}. Best is trial 0 with value: 33.92519760131836.
[I 2023-12-26 12:26:38,403] Trial 47 finished with value: 53.86384201049805 and parameters: {'gradient_clip_val': 0.34550542371423365, 'hidden_size': 16, 'dropout': 0.40979126301162727, 'hidden_continuous_size': 10, 'attention_head_size': 4, 'learning_rate': 0.014293325497151453}. Best is trial 0 with value: 33.92519760131836.
[I 2023-12-26 12:26:41,011] Trial 48 finished with value: 48.8140754699707 and parameters: {'gradient_clip_val': 0.27990699028567795, 'hidden_size': 15, 'dropout': 0.3477525837786744, 'hidden_continuous_size': 9, 'attention_head_size': 1, 'learning_rate': 0.005745079915526707}. Best is trial 0 with value: 33.92519760131836.
[I 2023-12-26 12:26:43,388] Trial 49 finished with value: 61.96425247192383 and parameters: {'gradient_clip_val': 0.2471915521172413, 'hidden_size': 9, 'dropout': 0.1728837518660633, 'hidden_continuous_size': 7, 'attention_head_size': 2, 'learning_rate': 0.018346866616859}. Best is trial 0 with value: 33.92519760131836.
[I 2023-12-26 12:26:43,521] A new study created in memory with name: no-name-ac4480d9-4979-4c12-bb70-d1ee4c9b0617
/home/le004/conda/anaconda3/envs/tsff_env/lib/python3.9/site-packages/lightning/fabric/plugins/environments/slurm.py:191: The `srun` command is available on your system but is not used. HINT: If your intention is to run Lightning on SLURM, prepend your python command with `srun` like so: srun python /home/le004/master_thesis/git/TSFusionForecast/code/ ...
[I 2023-12-26 12:32:17,110] Trial 0 finished with value: 3.0865590572357178 and parameters: {'gradient_clip_val': 0.2657115533757779, 'hidden_size': 34, 'dropout': 0.1963614156484954, 'hidden_continuous_size': 5, 'attention_head_size': 4, 'learning_rate': 0.0033076318419565263}. Best is trial 0 with value: 3.0865590572357178.
[I 2023-12-26 12:32:22,044] Trial 1 finished with value: 30.038490295410156 and parameters: {'gradient_clip_val': 0.28639380433090694, 'hidden_size': 59, 'dropout': 0.11180073926177894, 'hidden_continuous_size': 12, 'attention_head_size': 3, 'learning_rate': 0.006856178168139788}. Best is trial 0 with value: 3.0865590572357178.
[I 2023-12-26 12:32:24,925] Trial 2 finished with value: 19.547515869140625 and parameters: {'gradient_clip_val': 0.4498424781111558, 'hidden_size': 24, 'dropout': 0.3683506527862548, 'hidden_continuous_size': 9, 'attention_head_size': 3, 'learning_rate': 0.014073650200273164}. Best is trial 0 with value: 3.0865590572357178.
[I 2023-12-26 12:32:27,837] Trial 3 finished with value: 22.74468231201172 and parameters: {'gradient_clip_val': 0.7380851376916747, 'hidden_size': 24, 'dropout': 0.4665436951168196, 'hidden_continuous_size': 19, 'attention_head_size': 2, 'learning_rate': 0.04382225759988986}. Best is trial 0 with value: 3.0865590572357178.
[I 2023-12-26 12:32:31,661] Trial 4 finished with value: 29.49210548400879 and parameters: {'gradient_clip_val': 0.16279220919991463, 'hidden_size': 43, 'dropout': 0.19493910034476203, 'hidden_continuous_size': 5, 'attention_head_size': 4, 'learning_rate': 0.009585458942986862}. Best is trial 0 with value: 3.0865590572357178.
[I 2023-12-26 12:32:35,893] Trial 5 finished with value: 20.878259658813477 and parameters: {'gradient_clip_val': 0.16414085466009976, 'hidden_size': 52, 'dropout': 0.37598567078031364, 'hidden_continuous_size': 21, 'attention_head_size': 3, 'learning_rate': 0.0022471702670101464}. Best is trial 0 with value: 3.0865590572357178.
[I 2023-12-26 12:32:41,975] Trial 6 finished with value: 28.827829360961914 and parameters: {'gradient_clip_val': 0.12622983036014931, 'hidden_size': 76, 'dropout': 0.41480056465965043, 'hidden_continuous_size': 18, 'attention_head_size': 3, 'learning_rate': 0.001409559055069202}. Best is trial 0 with value: 3.0865590572357178.
[I 2023-12-26 12:32:45,414] Trial 7 finished with value: 16.561906814575195 and parameters: {'gradient_clip_val': 0.12345885810095888, 'hidden_size': 37, 'dropout': 0.3318467720479377, 'hidden_continuous_size': 17, 'attention_head_size': 3, 'learning_rate': 0.006059778263041354}. Best is trial 0 with value: 3.0865590572357178.
[I 2023-12-26 12:32:48,581] Trial 8 finished with value: 26.15069007873535 and parameters: {'gradient_clip_val': 0.2728751588021515, 'hidden_size': 31, 'dropout': 0.10792478899017205, 'hidden_continuous_size': 7, 'attention_head_size': 2, 'learning_rate': 0.0027233809700955604}. Best is trial 0 with value: 3.0865590572357178.
[I 2023-12-26 12:32:55,551] Trial 9 finished with value: 20.51954460144043 and parameters: {'gradient_clip_val': 0.14706051330411535, 'hidden_size': 88, 'dropout': 0.38139969247924255, 'hidden_continuous_size': 11, 'attention_head_size': 4, 'learning_rate': 0.0012626781926923954}. Best is trial 0 with value: 3.0865590572357178.
[I 2023-12-26 12:32:58,355] Trial 10 finished with value: 18.507875442504883 and parameters: {'gradient_clip_val': 0.4510380236992244, 'hidden_size': 10, 'dropout': 0.2573052095768712, 'hidden_continuous_size': 5, 'attention_head_size': 1, 'learning_rate': 0.0007342216042891753}. Best is trial 0 with value: 3.0865590572357178.
[I 2023-12-26 12:33:10,502] Trial 11 finished with value: 24.977354049682617 and parameters: {'gradient_clip_val': 0.11126432287367313, 'hidden_size': 143, 'dropout': 0.28021123817096466, 'hidden_continuous_size': 51, 'attention_head_size': 4, 'learning_rate': 0.0044277159905198645}. Best is trial 0 with value: 3.0865590572357178.
[I 2023-12-26 12:33:13,131] Trial 12 finished with value: 27.880186080932617 and parameters: {'gradient_clip_val': 0.21011248665072196, 'hidden_size': 17, 'dropout': 0.21505872124796968, 'hidden_continuous_size': 6, 'attention_head_size': 4, 'learning_rate': 0.020523716763136322}. Best is trial 0 with value: 3.0865590572357178.
[I 2023-12-26 12:33:15,664] Trial 13 finished with value: 20.46774673461914 and parameters: {'gradient_clip_val': 0.11028736235933828, 'hidden_size': 13, 'dropout': 0.30934841953780445, 'hidden_continuous_size': 5, 'attention_head_size': 2, 'learning_rate': 0.0059990200342720235}. Best is trial 0 with value: 3.0865590572357178.
[I 2023-12-26 12:33:17,829] Trial 14 finished with value: 26.38636016845703 and parameters: {'gradient_clip_val': 0.21090911421241768, 'hidden_size': 5, 'dropout': 0.31815530012121757, 'hidden_continuous_size': 5, 'attention_head_size': 4, 'learning_rate': 0.0036677605179510084}. Best is trial 0 with value: 3.0865590572357178.
[I 2023-12-26 12:33:21,548] Trial 15 finished with value: 17.69408416748047 and parameters: {'gradient_clip_val': 0.10482048348837614, 'hidden_size': 37, 'dropout': 0.18114471879259741, 'hidden_continuous_size': 7, 'attention_head_size': 3, 'learning_rate': 0.09738904414769521}. Best is trial 0 with value: 3.0865590572357178.
[I 2023-12-26 12:33:24,938] Trial 16 finished with value: 21.42900848388672 and parameters: {'gradient_clip_val': 0.21720886636725287, 'hidden_size': 33, 'dropout': 0.24849706186457965, 'hidden_continuous_size': 9, 'attention_head_size': 1, 'learning_rate': 0.007701346881712158}. Best is trial 0 with value: 3.0865590572357178.
[I 2023-12-26 12:33:27,621] Trial 17 finished with value: 18.46795082092285 and parameters: {'gradient_clip_val': 0.3825349925475705, 'hidden_size': 21, 'dropout': 0.32939661285699673, 'hidden_continuous_size': 6, 'attention_head_size': 4, 'learning_rate': 0.002875578176878984}. Best is trial 0 with value: 3.0865590572357178.
[I 2023-12-26 12:33:31,680] Trial 18 finished with value: 24.668031692504883 and parameters: {'gradient_clip_val': 0.14139121329089857, 'hidden_size': 43, 'dropout': 0.49926152139601565, 'hidden_continuous_size': 16, 'attention_head_size': 3, 'learning_rate': 0.0005543108231239618}. Best is trial 0 with value: 3.0865590572357178.
[I 2023-12-26 12:33:34,458] Trial 19 finished with value: 19.590038299560547 and parameters: {'gradient_clip_val': 0.18034351319127437, 'hidden_size': 29, 'dropout': 0.16053281312489837, 'hidden_continuous_size': 13, 'attention_head_size': 2, 'learning_rate': 0.015647523676317533}. Best is trial 0 with value: 3.0865590572357178.
[I 2023-12-26 12:33:39,429] Trial 20 finished with value: 22.354721069335938 and parameters: {'gradient_clip_val': 0.13165358526416426, 'hidden_size': 63, 'dropout': 0.22961577212089296, 'hidden_continuous_size': 25, 'attention_head_size': 4, 'learning_rate': 0.004663924227319446}. Best is trial 0 with value: 3.0865590572357178.
[I 2023-12-26 12:33:42,506] Trial 21 finished with value: 23.419050216674805 and parameters: {'gradient_clip_val': 0.1270399055181566, 'hidden_size': 38, 'dropout': 0.17775434993365696, 'hidden_continuous_size': 7, 'attention_head_size': 3, 'learning_rate': 0.0931623871458698}. Best is trial 0 with value: 3.0865590572357178.
[I 2023-12-26 12:33:46,009] Trial 22 finished with value: 17.951318740844727 and parameters: {'gradient_clip_val': 0.10412005252482669, 'hidden_size': 39, 'dropout': 0.27725146098416054, 'hidden_continuous_size': 9, 'attention_head_size': 3, 'learning_rate': 0.031744927773264695}. Best is trial 0 with value: 3.0865590572357178.
[I 2023-12-26 12:33:48,779] Trial 23 finished with value: 33.25944137573242 and parameters: {'gradient_clip_val': 0.10118529100719358, 'hidden_size': 30, 'dropout': 0.13746301251840337, 'hidden_continuous_size': 6, 'attention_head_size': 3, 'learning_rate': 0.010255037918819902}. Best is trial 0 with value: 3.0865590572357178.
[I 2023-12-26 12:33:52,206] Trial 24 finished with value: 20.073747634887695 and parameters: {'gradient_clip_val': 0.1786750608571105, 'hidden_size': 48, 'dropout': 0.20600134453897576, 'hidden_continuous_size': 14, 'attention_head_size': 2, 'learning_rate': 0.08328594231006181}. Best is trial 0 with value: 3.0865590572357178.
[I 2023-12-26 12:33:54,539] Trial 25 finished with value: 20.806272506713867 and parameters: {'gradient_clip_val': 0.12268677380092952, 'hidden_size': 19, 'dropout': 0.1608859127064982, 'hidden_continuous_size': 8, 'attention_head_size': 3, 'learning_rate': 0.005873906613557324}. Best is trial 0 with value: 3.0865590572357178.
[I 2023-12-26 12:33:57,239] Trial 26 finished with value: 27.68230438232422 and parameters: {'gradient_clip_val': 0.14864567973362544, 'hidden_size': 28, 'dropout': 0.23490093638873857, 'hidden_continuous_size': 6, 'attention_head_size': 4, 'learning_rate': 0.02582994363073693}. Best is trial 0 with value: 3.0865590572357178.
[I 2023-12-26 12:34:00,232] Trial 27 finished with value: 23.903120040893555 and parameters: {'gradient_clip_val': 0.23761897218840045, 'hidden_size': 36, 'dropout': 0.19540132954220213, 'hidden_continuous_size': 11, 'attention_head_size': 3, 'learning_rate': 0.05205430836012904}. Best is trial 0 with value: 3.0865590572357178.
[I 2023-12-26 12:34:04,116] Trial 28 finished with value: 26.760988235473633 and parameters: {'gradient_clip_val': 0.1847035123994497, 'hidden_size': 53, 'dropout': 0.2615709319275051, 'hidden_continuous_size': 10, 'attention_head_size': 2, 'learning_rate': 0.016613814381716746}. Best is trial 0 with value: 3.0865590572357178.
[I 2023-12-26 12:34:08,666] Trial 29 finished with value: 25.7565975189209 and parameters: {'gradient_clip_val': 0.2614948411326996, 'hidden_size': 63, 'dropout': 0.13742884650808895, 'hidden_continuous_size': 12, 'attention_head_size': 4, 'learning_rate': 0.009934543031648136}. Best is trial 0 with value: 3.0865590572357178.
[I 2023-12-26 12:34:10,958] Trial 30 finished with value: 17.555845260620117 and parameters: {'gradient_clip_val': 0.3104676496280292, 'hidden_size': 17, 'dropout': 0.2877704285767114, 'hidden_continuous_size': 7, 'attention_head_size': 3, 'learning_rate': 0.007083160985888405}. Best is trial 0 with value: 3.0865590572357178.
[I 2023-12-26 12:34:13,380] Trial 31 finished with value: 24.3729248046875 and parameters: {'gradient_clip_val': 0.31989110328449066, 'hidden_size': 24, 'dropout': 0.2902522257737043, 'hidden_continuous_size': 7, 'attention_head_size': 3, 'learning_rate': 0.006260353227108505}. Best is trial 0 with value: 3.0865590572357178.
[I 2023-12-26 12:34:15,653] Trial 32 finished with value: 22.865324020385742 and parameters: {'gradient_clip_val': 0.30162867847345404, 'hidden_size': 17, 'dropout': 0.33548614500452184, 'hidden_continuous_size': 8, 'attention_head_size': 3, 'learning_rate': 0.008790962558764773}. Best is trial 0 with value: 3.0865590572357178.
[I 2023-12-26 12:34:18,088] Trial 33 finished with value: 15.46062183380127 and parameters: {'gradient_clip_val': 0.37209758446359237, 'hidden_size': 24, 'dropout': 0.2288885706245332, 'hidden_continuous_size': 6, 'attention_head_size': 3, 'learning_rate': 0.03461399432839566}. Best is trial 0 with value: 3.0865590572357178.
[I 2023-12-26 12:34:20,743] Trial 34 finished with value: 21.081235885620117 and parameters: {'gradient_clip_val': 0.3497783454667317, 'hidden_size': 24, 'dropout': 0.23164205137950417, 'hidden_continuous_size': 5, 'attention_head_size': 3, 'learning_rate': 0.004245497761065395}. Best is trial 0 with value: 3.0865590572357178.
[I 2023-12-26 12:34:23,006] Trial 35 finished with value: 22.103567123413086 and parameters: {'gradient_clip_val': 0.488440213257053, 'hidden_size': 14, 'dropout': 0.297118034072679, 'hidden_continuous_size': 6, 'attention_head_size': 3, 'learning_rate': 0.011355450571410788}. Best is trial 0 with value: 3.0865590572357178.
[I 2023-12-26 12:34:25,411] Trial 36 finished with value: 22.841093063354492 and parameters: {'gradient_clip_val': 0.3916668650975685, 'hidden_size': 24, 'dropout': 0.3493186854288021, 'hidden_continuous_size': 5, 'attention_head_size': 2, 'learning_rate': 0.012886251425740214}. Best is trial 0 with value: 3.0865590572357178.
[I 2023-12-26 12:34:27,883] Trial 37 finished with value: 19.536062240600586 and parameters: {'gradient_clip_val': 0.2677116294224749, 'hidden_size': 21, 'dropout': 0.2651888709811963, 'hidden_continuous_size': 8, 'attention_head_size': 4, 'learning_rate': 0.008265150006137253}. Best is trial 0 with value: 3.0865590572357178.
[I 2023-12-26 12:34:30,626] Trial 38 finished with value: 19.779523849487305 and parameters: {'gradient_clip_val': 0.498342915229975, 'hidden_size': 28, 'dropout': 0.30291225395699084, 'hidden_continuous_size': 10, 'attention_head_size': 2, 'learning_rate': 0.002108030806197238}. Best is trial 0 with value: 3.0865590572357178.
[I 2023-12-26 12:34:34,249] Trial 39 finished with value: 23.692419052124023 and parameters: {'gradient_clip_val': 0.3180454763554151, 'hidden_size': 46, 'dropout': 0.2151712691887377, 'hidden_continuous_size': 15, 'attention_head_size': 3, 'learning_rate': 0.013284694851587658}. Best is trial 0 with value: 3.0865590572357178.
[I 2023-12-26 12:34:37,165] Trial 40 finished with value: 23.71879005432129 and parameters: {'gradient_clip_val': 0.24840546694654167, 'hidden_size': 33, 'dropout': 0.2784688288310326, 'hidden_continuous_size': 5, 'attention_head_size': 4, 'learning_rate': 0.0033177840071573683}. Best is trial 0 with value: 3.0865590572357178.
[I 2023-12-26 12:34:40,297] Trial 41 finished with value: 28.15839958190918 and parameters: {'gradient_clip_val': 0.15746916805862815, 'hidden_size': 39, 'dropout': 0.19410140976600232, 'hidden_continuous_size': 7, 'attention_head_size': 3, 'learning_rate': 0.060139158643466}. Best is trial 0 with value: 3.0865590572357178.
[I 2023-12-26 12:34:43,290] Trial 42 finished with value: 16.48743438720703 and parameters: {'gradient_clip_val': 0.11910407043255807, 'hidden_size': 35, 'dropout': 0.2444541729470309, 'hidden_continuous_size': 6, 'attention_head_size': 3, 'learning_rate': 0.03570034413716313}. Best is trial 0 with value: 3.0865590572357178.
[I 2023-12-26 12:34:45,889] Trial 43 finished with value: 22.330713272094727 and parameters: {'gradient_clip_val': 0.28401839810521967, 'hidden_size': 25, 'dropout': 0.24558243230570748, 'hidden_continuous_size': 6, 'attention_head_size': 3, 'learning_rate': 0.04059482836718726}. Best is trial 0 with value: 3.0865590572357178.
[I 2023-12-26 12:34:48,554] Trial 44 finished with value: 19.7432804107666 and parameters: {'gradient_clip_val': 0.11979506089300962, 'hidden_size': 32, 'dropout': 0.2615417793250673, 'hidden_continuous_size': 5, 'attention_head_size': 3, 'learning_rate': 0.02397319482643966}. Best is trial 0 with value: 3.0865590572357178.
[I 2023-12-26 12:34:52,634] Trial 45 finished with value: 19.775592803955078 and parameters: {'gradient_clip_val': 0.1674968801330982, 'hidden_size': 52, 'dropout': 0.36232045595903073, 'hidden_continuous_size': 21, 'attention_head_size': 1, 'learning_rate': 0.0320429080935513}. Best is trial 0 with value: 3.0865590572357178.
[I 2023-12-26 12:34:55,959] Trial 46 finished with value: 15.551133155822754 and parameters: {'gradient_clip_val': 0.1934022887540044, 'hidden_size': 43, 'dropout': 0.3946902509260517, 'hidden_continuous_size': 6, 'attention_head_size': 3, 'learning_rate': 0.016537763015310833}. Best is trial 0 with value: 3.0865590572357178.
[I 2023-12-26 12:34:59,207] Trial 47 finished with value: 18.440319061279297 and parameters: {'gradient_clip_val': 0.1342691197733845, 'hidden_size': 41, 'dropout': 0.3979235021441818, 'hidden_continuous_size': 6, 'attention_head_size': 2, 'learning_rate': 0.01805229618168258}. Best is trial 0 with value: 3.0865590572357178.
[I 2023-12-26 12:35:04,588] Trial 48 finished with value: 15.520464897155762 and parameters: {'gradient_clip_val': 0.11786079171174438, 'hidden_size': 74, 'dropout': 0.44482487099896545, 'hidden_continuous_size': 34, 'attention_head_size': 4, 'learning_rate': 0.0228732683033679}. Best is trial 0 with value: 3.0865590572357178.
[I 2023-12-26 12:35:09,727] Trial 49 finished with value: 25.737382888793945 and parameters: {'gradient_clip_val': 0.11435777727017987, 'hidden_size': 68, 'dropout': 0.4325299258277285, 'hidden_continuous_size': 32, 'attention_head_size': 4, 'learning_rate': 0.018563779154191287}. Best is trial 0 with value: 3.0865590572357178.
[I 2023-12-26 12:35:09,877] A new study created in memory with name: no-name-365ab47e-4055-4a98-94ef-26ed145397db
/home/le004/conda/anaconda3/envs/tsff_env/lib/python3.9/site-packages/lightning/fabric/plugins/environments/slurm.py:191: The `srun` command is available on your system but is not used. HINT: If your intention is to run Lightning on SLURM, prepend your python command with `srun` like so: srun python /home/le004/master_thesis/git/TSFusionForecast/code/ ...
[I 2023-12-26 12:39:24,011] Trial 0 finished with value: 3.9558866024017334 and parameters: {'gradient_clip_val': 0.2216832599099535, 'hidden_size': 9, 'dropout': 0.30143934171562736, 'hidden_continuous_size': 9, 'attention_head_size': 1, 'learning_rate': 0.0009078369026787164}. Best is trial 0 with value: 3.9558866024017334.
[I 2023-12-26 12:39:25,866] Trial 1 finished with value: 53.141597747802734 and parameters: {'gradient_clip_val': 0.12570080658546362, 'hidden_size': 5, 'dropout': 0.15339220070849724, 'hidden_continuous_size': 5, 'attention_head_size': 3, 'learning_rate': 0.033945348809174776}. Best is trial 0 with value: 3.9558866024017334.
[I 2023-12-26 12:39:27,836] Trial 2 finished with value: 28.99748420715332 and parameters: {'gradient_clip_val': 0.10383114809181515, 'hidden_size': 8, 'dropout': 0.28777152654309024, 'hidden_continuous_size': 5, 'attention_head_size': 3, 'learning_rate': 0.04245984949172651}. Best is trial 0 with value: 3.9558866024017334.
