[I 2023-12-16 03:04:22,296] Trial 10 finished with value: 279.5706481933594 and parameters: {'gradient_clip_val': 0.8322205801135986, 'hidden_size': 16, 'dropout': 0.10417925521128962, 'hidden_continuous_size': 5, 'attention_head_size': 4, 'learning_rate': 0.0006022283992196914}. Best is trial 2 with value: 230.9175567626953.
LOCAL_RANK: 0 - CUDA_VISIBLE_DEVICES: [0]
[I 2023-12-16 03:05:07,184] Trial 11 finished with value: 272.7970886230469 and parameters: {'gradient_clip_val': 0.990673777123247, 'hidden_size': 16, 'dropout': 0.10073605693515505, 'hidden_continuous_size': 5, 'attention_head_size': 4, 'learning_rate': 0.0005837533137321258}. Best is trial 2 with value: 230.9175567626953.
LOCAL_RANK: 0 - CUDA_VISIBLE_DEVICES: [0]
[I 2023-12-16 03:05:54,525] Trial 12 finished with value: 266.9908752441406 and parameters: {'gradient_clip_val': 0.20557054524364626, 'hidden_size': 19, 'dropout': 0.11616495379971194, 'hidden_continuous_size': 6, 'attention_head_size': 3, 'learning_rate': 0.0005012149951594511}. Best is trial 2 with value: 230.9175567626953.
LOCAL_RANK: 0 - CUDA_VISIBLE_DEVICES: [0]
[I 2023-12-16 03:06:39,947] Trial 13 finished with value: 315.1057434082031 and parameters: {'gradient_clip_val': 0.19628865216796332, 'hidden_size': 9, 'dropout': 0.1497652501099651, 'hidden_continuous_size': 6, 'attention_head_size': 3, 'learning_rate': 0.0011796062875048935}. Best is trial 2 with value: 230.9175567626953.
LOCAL_RANK: 0 - CUDA_VISIBLE_DEVICES: [0]
[I 2023-12-16 03:07:27,673] Trial 14 finished with value: 267.6410217285156 and parameters: {'gradient_clip_val': 0.21535015656091774, 'hidden_size': 24, 'dropout': 0.17386146455141513, 'hidden_continuous_size': 7, 'attention_head_size': 3, 'learning_rate': 0.001310373789874757}. Best is trial 2 with value: 230.9175567626953.
LOCAL_RANK: 0 - CUDA_VISIBLE_DEVICES: [0]
[I 2023-12-16 03:08:01,779] Trial 15 finished with value: 243.15943908691406 and parameters: {'gradient_clip_val': 0.211949766162625, 'hidden_size': 5, 'dropout': 0.14240263512292547, 'hidden_continuous_size': 5, 'attention_head_size': 3, 'learning_rate': 0.006110837428161902}. Best is trial 2 with value: 230.9175567626953.
LOCAL_RANK: 0 - CUDA_VISIBLE_DEVICES: [0]
[I 2023-12-16 03:08:35,773] Trial 16 finished with value: 306.1411437988281 and parameters: {'gradient_clip_val': 0.2552360990619852, 'hidden_size': 5, 'dropout': 0.18826648555371234, 'hidden_continuous_size': 5, 'attention_head_size': 2, 'learning_rate': 0.005373449562267737}. Best is trial 2 with value: 230.9175567626953.
LOCAL_RANK: 0 - CUDA_VISIBLE_DEVICES: [0]
[I 2023-12-16 03:09:21,135] Trial 17 finished with value: 236.77796936035156 and parameters: {'gradient_clip_val': 0.16087400330013266, 'hidden_size': 7, 'dropout': 0.3929010488314861, 'hidden_continuous_size': 5, 'attention_head_size': 3, 'learning_rate': 0.008827715577522932}. Best is trial 2 with value: 230.9175567626953.
LOCAL_RANK: 0 - CUDA_VISIBLE_DEVICES: [0]
[I 2023-12-16 03:10:06,197] Trial 18 finished with value: 299.1488952636719 and parameters: {'gradient_clip_val': 0.15028594773067505, 'hidden_size': 9, 'dropout': 0.3809558381270119, 'hidden_continuous_size': 5, 'attention_head_size': 3, 'learning_rate': 0.011196958288927203}. Best is trial 2 with value: 230.9175567626953.
LOCAL_RANK: 0 - CUDA_VISIBLE_DEVICES: [0]
[I 2023-12-16 03:10:51,067] Trial 19 finished with value: 401.1897888183594 and parameters: {'gradient_clip_val': 0.1593167925302974, 'hidden_size': 7, 'dropout': 0.3879497140016037, 'hidden_continuous_size': 5, 'attention_head_size': 2, 'learning_rate': 0.010450974912382937}. Best is trial 2 with value: 230.9175567626953.
LOCAL_RANK: 0 - CUDA_VISIBLE_DEVICES: [0]
[I 2023-12-16 03:11:34,635] Trial 20 finished with value: 337.1773681640625 and parameters: {'gradient_clip_val': 0.16488368367749756, 'hidden_size': 12, 'dropout': 0.2252336165033852, 'hidden_continuous_size': 6, 'attention_head_size': 1, 'learning_rate': 0.09853561956325363}. Best is trial 2 with value: 230.9175567626953.
LOCAL_RANK: 0 - CUDA_VISIBLE_DEVICES: [0]
[I 2023-12-16 03:12:08,361] Trial 21 finished with value: 280.1945495605469 and parameters: {'gradient_clip_val': 0.27048407420804527, 'hidden_size': 5, 'dropout': 0.14054003928944747, 'hidden_continuous_size': 5, 'attention_head_size': 3, 'learning_rate': 0.006281596844585868}. Best is trial 2 with value: 230.9175567626953.
LOCAL_RANK: 0 - CUDA_VISIBLE_DEVICES: [0]
[I 2023-12-16 03:12:53,522] Trial 22 finished with value: 267.5647888183594 and parameters: {'gradient_clip_val': 0.1750856988778379, 'hidden_size': 7, 'dropout': 0.22278493119577222, 'hidden_continuous_size': 5, 'attention_head_size': 3, 'learning_rate': 0.003923341971139424}. Best is trial 2 with value: 230.9175567626953.
LOCAL_RANK: 0 - CUDA_VISIBLE_DEVICES: [0]
[I 2023-12-16 03:13:28,136] Trial 23 finished with value: 328.1182861328125 and parameters: {'gradient_clip_val': 0.1372395628090419, 'hidden_size': 5, 'dropout': 0.14556958725570507, 'hidden_continuous_size': 5, 'attention_head_size': 4, 'learning_rate': 0.008669000522062398}. Best is trial 2 with value: 230.9175567626953.
LOCAL_RANK: 0 - CUDA_VISIBLE_DEVICES: [0]
[I 2023-12-16 03:14:13,067] Trial 24 finished with value: 291.781005859375 and parameters: {'gradient_clip_val': 0.2297040324433805, 'hidden_size': 7, 'dropout': 0.20990458131570758, 'hidden_continuous_size': 5, 'attention_head_size': 3, 'learning_rate': 0.0020337163190799995}. Best is trial 2 with value: 230.9175567626953.
LOCAL_RANK: 0 - CUDA_VISIBLE_DEVICES: [0]
[I 2023-12-16 03:14:58,380] Trial 25 finished with value: 321.2351379394531 and parameters: {'gradient_clip_val': 0.18256059727853802, 'hidden_size': 10, 'dropout': 0.1670496050426247, 'hidden_continuous_size': 6, 'attention_head_size': 2, 'learning_rate': 0.005862456415838573}. Best is trial 2 with value: 230.9175567626953.
LOCAL_RANK: 0 - CUDA_VISIBLE_DEVICES: [0]
[I 2023-12-16 03:15:42,476] Trial 26 finished with value: 351.4698181152344 and parameters: {'gradient_clip_val': 0.27232621222776526, 'hidden_size': 8, 'dropout': 0.123533205710641, 'hidden_continuous_size': 5, 'attention_head_size': 3, 'learning_rate': 0.007750959578882975}. Best is trial 2 with value: 230.9175567626953.
LOCAL_RANK: 0 - CUDA_VISIBLE_DEVICES: [0]
[I 2023-12-16 03:16:27,337] Trial 27 finished with value: 321.8650207519531 and parameters: {'gradient_clip_val': 0.1275270636306992, 'hidden_size': 12, 'dropout': 0.39934798183858644, 'hidden_continuous_size': 6, 'attention_head_size': 4, 'learning_rate': 0.004258650763337084}. Best is trial 2 with value: 230.9175567626953.
LOCAL_RANK: 0 - CUDA_VISIBLE_DEVICES: [0]
[I 2023-12-16 03:17:12,098] Trial 28 finished with value: 324.24853515625 and parameters: {'gradient_clip_val': 0.18038736331801963, 'hidden_size': 6, 'dropout': 0.20135373937020354, 'hidden_continuous_size': 5, 'attention_head_size': 2, 'learning_rate': 0.0023808025071347188}. Best is trial 2 with value: 230.9175567626953.
LOCAL_RANK: 0 - CUDA_VISIBLE_DEVICES: [0]
[I 2023-12-16 03:17:56,425] Trial 29 finished with value: 349.2776794433594 and parameters: {'gradient_clip_val': 0.1012165139789556, 'hidden_size': 6, 'dropout': 0.3712034138241891, 'hidden_continuous_size': 5, 'attention_head_size': 1, 'learning_rate': 0.013897413530413677}. Best is trial 2 with value: 230.9175567626953.
LOCAL_RANK: 0 - CUDA_VISIBLE_DEVICES: [0]
[I 2023-12-16 03:18:40,903] Trial 30 finished with value: 388.2264099121094 and parameters: {'gradient_clip_val': 0.14329794696010423, 'hidden_size': 8, 'dropout': 0.3681623321981586, 'hidden_continuous_size': 6, 'attention_head_size': 3, 'learning_rate': 0.024697361619510468}. Best is trial 2 with value: 230.9175567626953.
LOCAL_RANK: 0 - CUDA_VISIBLE_DEVICES: [0]
[I 2023-12-16 03:19:26,922] Trial 31 finished with value: 240.78392028808594 and parameters: {'gradient_clip_val': 0.20488332841113177, 'hidden_size': 15, 'dropout': 0.12756030901210785, 'hidden_continuous_size': 7, 'attention_head_size': 3, 'learning_rate': 0.0010787033979086354}. Best is trial 2 with value: 230.9175567626953.
LOCAL_RANK: 0 - CUDA_VISIBLE_DEVICES: [0]
[I 2023-12-16 03:20:12,870] Trial 32 finished with value: 215.90647888183594 and parameters: {'gradient_clip_val': 0.22979810166191855, 'hidden_size': 13, 'dropout': 0.13087327730246195, 'hidden_continuous_size': 7, 'attention_head_size': 3, 'learning_rate': 0.0014678006957268047}. Best is trial 32 with value: 215.90647888183594.
LOCAL_RANK: 0 - CUDA_VISIBLE_DEVICES: [0]
[I 2023-12-16 03:20:58,212] Trial 33 finished with value: 243.9751739501953 and parameters: {'gradient_clip_val': 0.11389761607032807, 'hidden_size': 13, 'dropout': 0.1652363084140022, 'hidden_continuous_size': 7, 'attention_head_size': 3, 'learning_rate': 0.0015472687781139308}. Best is trial 32 with value: 215.90647888183594.
LOCAL_RANK: 0 - CUDA_VISIBLE_DEVICES: [0]
[I 2023-12-16 03:21:44,474] Trial 34 finished with value: 281.62506103515625 and parameters: {'gradient_clip_val': 0.16267713409015888, 'hidden_size': 14, 'dropout': 0.12298473301435983, 'hidden_continuous_size': 7, 'attention_head_size': 4, 'learning_rate': 0.0009668006021231552}. Best is trial 32 with value: 215.90647888183594.
LOCAL_RANK: 0 - CUDA_VISIBLE_DEVICES: [0]
[I 2023-12-16 03:22:30,325] Trial 35 finished with value: 325.7854919433594 and parameters: {'gradient_clip_val': 0.23913849638491014, 'hidden_size': 10, 'dropout': 0.3572240638629259, 'hidden_continuous_size': 7, 'attention_head_size': 3, 'learning_rate': 0.0008334021728705375}. Best is trial 32 with value: 215.90647888183594.
LOCAL_RANK: 0 - CUDA_VISIBLE_DEVICES: [0]
[I 2023-12-16 03:23:18,694] Trial 36 finished with value: 303.3184509277344 and parameters: {'gradient_clip_val': 0.29790168621639807, 'hidden_size': 22, 'dropout': 0.32981343907461036, 'hidden_continuous_size': 8, 'attention_head_size': 2, 'learning_rate': 0.0017642229061923102}. Best is trial 32 with value: 215.90647888183594.
LOCAL_RANK: 0 - CUDA_VISIBLE_DEVICES: [0]
[I 2023-12-16 03:24:04,286] Trial 37 finished with value: 253.9813995361328 and parameters: {'gradient_clip_val': 0.19184462663273197, 'hidden_size': 15, 'dropout': 0.2973702734531633, 'hidden_continuous_size': 8, 'attention_head_size': 2, 'learning_rate': 0.0029116722264651363}. Best is trial 32 with value: 215.90647888183594.
LOCAL_RANK: 0 - CUDA_VISIBLE_DEVICES: [0]
[I 2023-12-16 03:24:51,783] Trial 38 finished with value: 286.15771484375 and parameters: {'gradient_clip_val': 0.231148484030776, 'hidden_size': 18, 'dropout': 0.2848843011180764, 'hidden_continuous_size': 8, 'attention_head_size': 3, 'learning_rate': 0.002070073693158104}. Best is trial 32 with value: 215.90647888183594.
LOCAL_RANK: 0 - CUDA_VISIBLE_DEVICES: [0]
[I 2023-12-16 03:25:37,802] Trial 39 finished with value: 257.7364501953125 and parameters: {'gradient_clip_val': 0.11300730524502758, 'hidden_size': 11, 'dropout': 0.334818586417631, 'hidden_continuous_size': 7, 'attention_head_size': 4, 'learning_rate': 0.0027382825987553165}. Best is trial 32 with value: 215.90647888183594.
LOCAL_RANK: 0 - CUDA_VISIBLE_DEVICES: [0]
[I 2023-12-16 03:26:26,699] Trial 40 finished with value: 169.34788513183594 and parameters: {'gradient_clip_val': 0.148619611395122, 'hidden_size': 25, 'dropout': 0.3481135602342136, 'hidden_continuous_size': 9, 'attention_head_size': 2, 'learning_rate': 0.00150024122832911}. Best is trial 40 with value: 169.34788513183594.
LOCAL_RANK: 0 - CUDA_VISIBLE_DEVICES: [0]
[I 2023-12-16 03:27:14,191] Trial 41 finished with value: 202.5860595703125 and parameters: {'gradient_clip_val': 0.15967378223319068, 'hidden_size': 24, 'dropout': 0.3544949146918133, 'hidden_continuous_size': 9, 'attention_head_size': 2, 'learning_rate': 0.0016389058734505011}. Best is trial 40 with value: 169.34788513183594.
LOCAL_RANK: 0 - CUDA_VISIBLE_DEVICES: [0]
[I 2023-12-16 03:28:02,065] Trial 42 finished with value: 307.1574401855469 and parameters: {'gradient_clip_val': 0.14887222862245764, 'hidden_size': 28, 'dropout': 0.3551033897585594, 'hidden_continuous_size': 10, 'attention_head_size': 2, 'learning_rate': 0.0012715809905218872}. Best is trial 40 with value: 169.34788513183594.
LOCAL_RANK: 0 - CUDA_VISIBLE_DEVICES: [0]
[I 2023-12-16 03:28:51,175] Trial 43 finished with value: 390.0674133300781 and parameters: {'gradient_clip_val': 0.12855194182891796, 'hidden_size': 33, 'dropout': 0.34870987599133046, 'hidden_continuous_size': 9, 'attention_head_size': 2, 'learning_rate': 0.0018296043139722925}. Best is trial 40 with value: 169.34788513183594.
LOCAL_RANK: 0 - CUDA_VISIBLE_DEVICES: [0]
[I 2023-12-16 03:29:38,741] Trial 44 finished with value: 258.5476989746094 and parameters: {'gradient_clip_val': 0.16314466446172474, 'hidden_size': 18, 'dropout': 0.34090709244674, 'hidden_continuous_size': 10, 'attention_head_size': 2, 'learning_rate': 0.0007460307409125681}. Best is trial 40 with value: 169.34788513183594.
LOCAL_RANK: 0 - CUDA_VISIBLE_DEVICES: [0]
[I 2023-12-16 03:30:27,025] Trial 45 finished with value: 303.5036926269531 and parameters: {'gradient_clip_val': 0.1253359205081783, 'hidden_size': 25, 'dropout': 0.31042595915513166, 'hidden_continuous_size': 11, 'attention_head_size': 1, 'learning_rate': 0.0015079093415267318}. Best is trial 40 with value: 169.34788513183594.
LOCAL_RANK: 0 - CUDA_VISIBLE_DEVICES: [0]
[I 2023-12-16 03:31:14,030] Trial 46 finished with value: 329.0017395019531 and parameters: {'gradient_clip_val': 0.18055938741579128, 'hidden_size': 20, 'dropout': 0.36373733205895703, 'hidden_continuous_size': 9, 'attention_head_size': 2, 'learning_rate': 0.00316756375495973}. Best is trial 40 with value: 169.34788513183594.
LOCAL_RANK: 0 - CUDA_VISIBLE_DEVICES: [0]
[I 2023-12-16 03:32:05,515] Trial 47 finished with value: 216.8380126953125 and parameters: {'gradient_clip_val': 0.13997381326870584, 'hidden_size': 44, 'dropout': 0.3812862613146782, 'hidden_continuous_size': 13, 'attention_head_size': 2, 'learning_rate': 0.0009153291800524641}. Best is trial 40 with value: 169.34788513183594.
LOCAL_RANK: 0 - CUDA_VISIBLE_DEVICES: [0]
[I 2023-12-16 03:32:57,711] Trial 48 finished with value: 338.69482421875 and parameters: {'gradient_clip_val': 0.13766575058339864, 'hidden_size': 46, 'dropout': 0.3783679058069661, 'hidden_continuous_size': 14, 'attention_head_size': 2, 'learning_rate': 0.0009291366704681759}. Best is trial 40 with value: 169.34788513183594.
LOCAL_RANK: 0 - CUDA_VISIBLE_DEVICES: [0]
[I 2023-12-16 03:33:50,475] Trial 49 finished with value: 191.7791290283203 and parameters: {'gradient_clip_val': 0.10902454011302277, 'hidden_size': 63, 'dropout': 0.3455078837263661, 'hidden_continuous_size': 12, 'attention_head_size': 1, 'learning_rate': 0.000680200760680187}. Best is trial 40 with value: 169.34788513183594.
[I 2023-12-16 03:33:50,568] A new study created in memory with name: no-name-156097b6-5296-4a0f-a4e0-ef13415b4cac
/home/le004/conda/anaconda3/envs/tsff_env/lib/python3.9/site-packages/lightning/fabric/plugins/environments/slurm.py:191: The `srun` command is available on your system but is not used. HINT: If your intention is to run Lightning on SLURM, prepend your python command with `srun` like so: srun python /home/le004/master_thesis/git/TSFusionForecast/code/ ...
LOCAL_RANK: 0 - CUDA_VISIBLE_DEVICES: [0]
[I 2023-12-16 03:34:36,348] Trial 0 finished with value: 5.333184242248535 and parameters: {'gradient_clip_val': 0.2923418814356468, 'hidden_size': 14, 'dropout': 0.3992392339908861, 'hidden_continuous_size': 13, 'attention_head_size': 1, 'learning_rate': 0.0027166379675311737}. Best is trial 0 with value: 5.333184242248535.
LOCAL_RANK: 0 - CUDA_VISIBLE_DEVICES: [0]
[I 2023-12-16 03:35:28,295] Trial 1 finished with value: 10.735858917236328 and parameters: {'gradient_clip_val': 0.2655464710872322, 'hidden_size': 41, 'dropout': 0.28733090720278787, 'hidden_continuous_size': 13, 'attention_head_size': 2, 'learning_rate': 0.07638112641126113}. Best is trial 0 with value: 5.333184242248535.
LOCAL_RANK: 0 - CUDA_VISIBLE_DEVICES: [0]
[I 2023-12-16 03:36:21,663] Trial 2 finished with value: 14.048609733581543 and parameters: {'gradient_clip_val': 0.4335192802784827, 'hidden_size': 62, 'dropout': 0.12689397046580375, 'hidden_continuous_size': 36, 'attention_head_size': 1, 'learning_rate': 0.003374215911768981}. Best is trial 0 with value: 5.333184242248535.
LOCAL_RANK: 0 - CUDA_VISIBLE_DEVICES: [0]
[I 2023-12-16 03:36:55,010] Trial 3 finished with value: 5.408127307891846 and parameters: {'gradient_clip_val': 0.2311877764681826, 'hidden_size': 5, 'dropout': 0.23699025202580373, 'hidden_continuous_size': 5, 'attention_head_size': 1, 'learning_rate': 0.009220785340330138}. Best is trial 0 with value: 5.333184242248535.
LOCAL_RANK: 0 - CUDA_VISIBLE_DEVICES: [0]
[I 2023-12-16 03:37:40,508] Trial 4 finished with value: 5.83997106552124 and parameters: {'gradient_clip_val': 0.7387708106651714, 'hidden_size': 13, 'dropout': 0.18214909409344637, 'hidden_continuous_size': 9, 'attention_head_size': 1, 'learning_rate': 0.0045559398689795135}. Best is trial 0 with value: 5.333184242248535.
LOCAL_RANK: 0 - CUDA_VISIBLE_DEVICES: [0]
[I 2023-12-16 03:38:29,522] Trial 5 finished with value: 7.3699951171875 and parameters: {'gradient_clip_val': 0.3141360924068987, 'hidden_size': 29, 'dropout': 0.2503541657995936, 'hidden_continuous_size': 5, 'attention_head_size': 4, 'learning_rate': 0.0011533832640679693}. Best is trial 0 with value: 5.333184242248535.
LOCAL_RANK: 0 - CUDA_VISIBLE_DEVICES: [0]
[I 2023-12-16 03:39:25,272] Trial 6 finished with value: 6.569132328033447 and parameters: {'gradient_clip_val': 0.7059939513825885, 'hidden_size': 91, 'dropout': 0.3563971843711222, 'hidden_continuous_size': 43, 'attention_head_size': 2, 'learning_rate': 0.02480714741541285}. Best is trial 0 with value: 5.333184242248535.
LOCAL_RANK: 0 - CUDA_VISIBLE_DEVICES: [0]
[I 2023-12-16 03:40:11,549] Trial 7 finished with value: 13.819778442382812 and parameters: {'gradient_clip_val': 0.27631054010983774, 'hidden_size': 13, 'dropout': 0.3546355238951716, 'hidden_continuous_size': 8, 'attention_head_size': 4, 'learning_rate': 0.007285275847960137}. Best is trial 0 with value: 5.333184242248535.
LOCAL_RANK: 0 - CUDA_VISIBLE_DEVICES: [0]
[I 2023-12-16 03:40:54,872] Trial 8 finished with value: 10.264110565185547 and parameters: {'gradient_clip_val': 0.1647042027878423, 'hidden_size': 8, 'dropout': 0.20253801609155037, 'hidden_continuous_size': 5, 'attention_head_size': 1, 'learning_rate': 0.0028537889988252342}. Best is trial 0 with value: 5.333184242248535.
LOCAL_RANK: 0 - CUDA_VISIBLE_DEVICES: [0]
[I 2023-12-16 03:41:48,881] Trial 9 finished with value: 6.621820449829102 and parameters: {'gradient_clip_val': 0.6978141638406424, 'hidden_size': 69, 'dropout': 0.16375879218424494, 'hidden_continuous_size': 12, 'attention_head_size': 3, 'learning_rate': 0.07674064455308927}. Best is trial 0 with value: 5.333184242248535.
LOCAL_RANK: 0 - CUDA_VISIBLE_DEVICES: [0]
[I 2023-12-16 03:42:37,996] Trial 10 finished with value: 7.596393585205078 and parameters: {'gradient_clip_val': 0.1086592453044225, 'hidden_size': 21, 'dropout': 0.39165454221348955, 'hidden_continuous_size': 15, 'attention_head_size': 3, 'learning_rate': 0.00060863956613489}. Best is trial 0 with value: 5.333184242248535.
LOCAL_RANK: 0 - CUDA_VISIBLE_DEVICES: [0]
[I 2023-12-16 03:43:12,054] Trial 11 finished with value: 8.877710342407227 and parameters: {'gradient_clip_val': 0.19028577864295212, 'hidden_size': 5, 'dropout': 0.2862350487179589, 'hidden_continuous_size': 5, 'attention_head_size': 2, 'learning_rate': 0.011117178912292105}. Best is trial 0 with value: 5.333184242248535.
LOCAL_RANK: 0 - CUDA_VISIBLE_DEVICES: [0]
[I 2023-12-16 03:43:56,842] Trial 12 finished with value: 9.527527809143066 and parameters: {'gradient_clip_val': 0.449132280789006, 'hidden_size': 7, 'dropout': 0.23288810472808308, 'hidden_continuous_size': 5, 'attention_head_size': 1, 'learning_rate': 0.001877686927636063}. Best is trial 0 with value: 5.333184242248535.
LOCAL_RANK: 0 - CUDA_VISIBLE_DEVICES: [0]
[I 2023-12-16 03:44:30,361] Trial 13 finished with value: 7.6256279945373535 and parameters: {'gradient_clip_val': 0.21969344856592712, 'hidden_size': 5, 'dropout': 0.3119233539435116, 'hidden_continuous_size': 5, 'attention_head_size': 1, 'learning_rate': 0.010204867504390156}. Best is trial 0 with value: 5.333184242248535.
LOCAL_RANK: 0 - CUDA_VISIBLE_DEVICES: [0]
[I 2023-12-16 03:45:14,613] Trial 14 finished with value: 6.854747295379639 and parameters: {'gradient_clip_val': 0.40593044072402107, 'hidden_size': 12, 'dropout': 0.24288224539661243, 'hidden_continuous_size': 6, 'attention_head_size': 2, 'learning_rate': 0.001378116563586301}. Best is trial 0 with value: 5.333184242248535.
LOCAL_RANK: 0 - CUDA_VISIBLE_DEVICES: [0]
[I 2023-12-16 03:45:59,319] Trial 15 finished with value: 7.259135723114014 and parameters: {'gradient_clip_val': 0.14224417167877, 'hidden_size': 9, 'dropout': 0.3166130176646855, 'hidden_continuous_size': 6, 'attention_head_size': 1, 'learning_rate': 0.005075648151618581}. Best is trial 0 with value: 5.333184242248535.
LOCAL_RANK: 0 - CUDA_VISIBLE_DEVICES: [0]
[I 2023-12-16 03:46:46,738] Trial 16 finished with value: 7.195825099945068 and parameters: {'gradient_clip_val': 0.2388957826514049, 'hidden_size': 19, 'dropout': 0.10263497170531344, 'hidden_continuous_size': 7, 'attention_head_size': 3, 'learning_rate': 0.01633289422011325}. Best is trial 0 with value: 5.333184242248535.
LOCAL_RANK: 0 - CUDA_VISIBLE_DEVICES: [0]
[I 2023-12-16 03:47:20,456] Trial 17 finished with value: 15.270686149597168 and parameters: {'gradient_clip_val': 0.34693463382178047, 'hidden_size': 5, 'dropout': 0.2167478353437696, 'hidden_continuous_size': 5, 'attention_head_size': 2, 'learning_rate': 0.002604418587618284}. Best is trial 0 with value: 5.333184242248535.
LOCAL_RANK: 0 - CUDA_VISIBLE_DEVICES: [0]
