[I 2023-12-15 22:27:00,839] Trial 2 finished with value: 0.0497119314968586 and parameters: {'gradient_clip_val': 0.26618264258659485, 'hidden_size': 12, 'dropout': 0.29780952483129247, 'hidden_continuous_size': 8, 'attention_head_size': 1, 'learning_rate': 0.01491671768084572}. Best is trial 2 with value: 0.0497119314968586.
LOCAL_RANK: 0 - CUDA_VISIBLE_DEVICES: [0]
[I 2023-12-15 22:27:52,016] Trial 3 finished with value: 0.4223308861255646 and parameters: {'gradient_clip_val': 0.11428300655566703, 'hidden_size': 60, 'dropout': 0.18476230979756258, 'hidden_continuous_size': 6, 'attention_head_size': 4, 'learning_rate': 0.001688813006179046}. Best is trial 2 with value: 0.0497119314968586.
LOCAL_RANK: 0 - CUDA_VISIBLE_DEVICES: [0]
[I 2023-12-15 22:28:25,822] Trial 4 finished with value: 1.0930707454681396 and parameters: {'gradient_clip_val': 0.10980241379160027, 'hidden_size': 5, 'dropout': 0.387444760788094, 'hidden_continuous_size': 5, 'attention_head_size': 2, 'learning_rate': 0.0039985895835281515}. Best is trial 2 with value: 0.0497119314968586.
LOCAL_RANK: 0 - CUDA_VISIBLE_DEVICES: [0]
[I 2023-12-15 22:29:18,701] Trial 5 finished with value: 0.08518896251916885 and parameters: {'gradient_clip_val': 0.27759586421383137, 'hidden_size': 51, 'dropout': 0.28404137376652383, 'hidden_continuous_size': 22, 'attention_head_size': 2, 'learning_rate': 0.05685522030024252}. Best is trial 2 with value: 0.0497119314968586.
LOCAL_RANK: 0 - CUDA_VISIBLE_DEVICES: [0]
[I 2023-12-15 22:30:12,696] Trial 6 finished with value: 0.056129347532987595 and parameters: {'gradient_clip_val': 0.10633346614018381, 'hidden_size': 66, 'dropout': 0.14922933329296423, 'hidden_continuous_size': 25, 'attention_head_size': 3, 'learning_rate': 0.021496188582587582}. Best is trial 2 with value: 0.0497119314968586.
LOCAL_RANK: 0 - CUDA_VISIBLE_DEVICES: [0]
[I 2023-12-15 22:31:04,240] Trial 7 finished with value: 0.2149110585451126 and parameters: {'gradient_clip_val': 0.4233995699284404, 'hidden_size': 42, 'dropout': 0.10504918094279796, 'hidden_continuous_size': 9, 'attention_head_size': 2, 'learning_rate': 0.002203068270482476}. Best is trial 2 with value: 0.0497119314968586.
LOCAL_RANK: 0 - CUDA_VISIBLE_DEVICES: [0]
[I 2023-12-15 22:31:37,794] Trial 8 finished with value: 1.7137913703918457 and parameters: {'gradient_clip_val': 0.8831754273343769, 'hidden_size': 6, 'dropout': 0.3067533154517721, 'hidden_continuous_size': 6, 'attention_head_size': 1, 'learning_rate': 0.0012854671501195056}. Best is trial 2 with value: 0.0497119314968586.
LOCAL_RANK: 0 - CUDA_VISIBLE_DEVICES: [0]
[I 2023-12-15 22:32:23,525] Trial 9 finished with value: 1.5867847204208374 and parameters: {'gradient_clip_val': 0.22358915224552475, 'hidden_size': 10, 'dropout': 0.3920806239863339, 'hidden_continuous_size': 6, 'attention_head_size': 3, 'learning_rate': 0.000632416093966532}. Best is trial 2 with value: 0.0497119314968586.
LOCAL_RANK: 0 - CUDA_VISIBLE_DEVICES: [0]
[I 2023-12-15 22:33:07,941] Trial 10 finished with value: 0.0675598680973053 and parameters: {'gradient_clip_val': 0.20009245187228464, 'hidden_size': 16, 'dropout': 0.24631349792962198, 'hidden_continuous_size': 8, 'attention_head_size': 1, 'learning_rate': 0.012228412980373417}. Best is trial 2 with value: 0.0497119314968586.
LOCAL_RANK: 0 - CUDA_VISIBLE_DEVICES: [0]
[I 2023-12-15 22:34:05,308] Trial 11 finished with value: 0.07851653546094894 and parameters: {'gradient_clip_val': 0.15821778023554517, 'hidden_size': 92, 'dropout': 0.15573072896491974, 'hidden_continuous_size': 75, 'attention_head_size': 3, 'learning_rate': 0.014697991428772794}. Best is trial 2 with value: 0.0497119314968586.
LOCAL_RANK: 0 - CUDA_VISIBLE_DEVICES: [0]
[I 2023-12-15 22:34:54,712] Trial 12 finished with value: 0.059005577117204666 and parameters: {'gradient_clip_val': 0.32980738221175915, 'hidden_size': 26, 'dropout': 0.2319045336661105, 'hidden_continuous_size': 12, 'attention_head_size': 3, 'learning_rate': 0.02435128401498666}. Best is trial 2 with value: 0.0497119314968586.
LOCAL_RANK: 0 - CUDA_VISIBLE_DEVICES: [0]
[I 2023-12-15 22:35:42,187] Trial 13 finished with value: 0.08714041113853455 and parameters: {'gradient_clip_val': 0.15266923899571186, 'hidden_size': 18, 'dropout': 0.10031143903030272, 'hidden_continuous_size': 8, 'attention_head_size': 3, 'learning_rate': 0.008172459255952624}. Best is trial 2 with value: 0.0497119314968586.
LOCAL_RANK: 0 - CUDA_VISIBLE_DEVICES: [0]
[I 2023-12-15 22:36:30,992] Trial 14 finished with value: 0.05275769159197807 and parameters: {'gradient_clip_val': 0.10087078655582067, 'hidden_size': 26, 'dropout': 0.27241855884336563, 'hidden_continuous_size': 12, 'attention_head_size': 2, 'learning_rate': 0.030913010515514143}. Best is trial 2 with value: 0.0497119314968586.
LOCAL_RANK: 0 - CUDA_VISIBLE_DEVICES: [0]
[I 2023-12-15 22:37:19,406] Trial 15 finished with value: 0.07209727168083191 and parameters: {'gradient_clip_val': 0.20122527011917335, 'hidden_size': 27, 'dropout': 0.2746377953534624, 'hidden_continuous_size': 11, 'attention_head_size': 1, 'learning_rate': 0.034881065672567456}. Best is trial 2 with value: 0.0497119314968586.
LOCAL_RANK: 0 - CUDA_VISIBLE_DEVICES: [0]
[I 2023-12-15 22:38:05,050] Trial 16 finished with value: 0.08141691237688065 and parameters: {'gradient_clip_val': 0.10229637826046714, 'hidden_size': 13, 'dropout': 0.3372925433038212, 'hidden_continuous_size': 5, 'attention_head_size': 2, 'learning_rate': 0.0928248286960603}. Best is trial 2 with value: 0.0497119314968586.
LOCAL_RANK: 0 - CUDA_VISIBLE_DEVICES: [0]
[I 2023-12-15 22:38:53,491] Trial 17 finished with value: 0.07530754059553146 and parameters: {'gradient_clip_val': 0.2864948692188753, 'hidden_size': 27, 'dropout': 0.25512585750868405, 'hidden_continuous_size': 11, 'attention_head_size': 1, 'learning_rate': 0.005985981393510994}. Best is trial 2 with value: 0.0497119314968586.
LOCAL_RANK: 0 - CUDA_VISIBLE_DEVICES: [0]
[I 2023-12-15 22:39:38,695] Trial 18 finished with value: 0.03996563330292702 and parameters: {'gradient_clip_val': 0.13751238190146586, 'hidden_size': 11, 'dropout': 0.30537249605596706, 'hidden_continuous_size': 7, 'attention_head_size': 2, 'learning_rate': 0.040652069811332486}. Best is trial 18 with value: 0.03996563330292702.
LOCAL_RANK: 0 - CUDA_VISIBLE_DEVICES: [0]
[I 2023-12-15 22:40:23,735] Trial 19 finished with value: 0.04726657271385193 and parameters: {'gradient_clip_val': 0.15046086712554038, 'hidden_size': 11, 'dropout': 0.31597943373638465, 'hidden_continuous_size': 7, 'attention_head_size': 1, 'learning_rate': 0.04548622656537168}. Best is trial 18 with value: 0.03996563330292702.
LOCAL_RANK: 0 - CUDA_VISIBLE_DEVICES: [0]
[I 2023-12-15 22:41:07,338] Trial 20 finished with value: 0.20882189273834229 and parameters: {'gradient_clip_val': 0.15136598978283725, 'hidden_size': 8, 'dropout': 0.3572407265479254, 'hidden_continuous_size': 5, 'attention_head_size': 2, 'learning_rate': 0.05318225312452019}. Best is trial 18 with value: 0.03996563330292702.
LOCAL_RANK: 0 - CUDA_VISIBLE_DEVICES: [0]
[I 2023-12-15 22:41:52,023] Trial 21 finished with value: 0.04883881285786629 and parameters: {'gradient_clip_val': 0.13206470830710698, 'hidden_size': 11, 'dropout': 0.3150146581465375, 'hidden_continuous_size': 7, 'attention_head_size': 1, 'learning_rate': 0.04454274797794081}. Best is trial 18 with value: 0.03996563330292702.
LOCAL_RANK: 0 - CUDA_VISIBLE_DEVICES: [0]
[I 2023-12-15 22:42:36,918] Trial 22 finished with value: 0.049043893814086914 and parameters: {'gradient_clip_val': 0.12866848679878778, 'hidden_size': 10, 'dropout': 0.31481538791191144, 'hidden_continuous_size': 7, 'attention_head_size': 1, 'learning_rate': 0.04674321446278747}. Best is trial 18 with value: 0.03996563330292702.
LOCAL_RANK: 0 - CUDA_VISIBLE_DEVICES: [0]
[I 2023-12-15 22:43:21,194] Trial 23 finished with value: 0.08293196558952332 and parameters: {'gradient_clip_val': 0.1299061551095536, 'hidden_size': 16, 'dropout': 0.3428011303204236, 'hidden_continuous_size': 7, 'attention_head_size': 1, 'learning_rate': 0.037296678196379}. Best is trial 18 with value: 0.03996563330292702.
LOCAL_RANK: 0 - CUDA_VISIBLE_DEVICES: [0]
[I 2023-12-15 22:44:06,084] Trial 24 finished with value: 0.07373366504907608 and parameters: {'gradient_clip_val': 0.16622324230107247, 'hidden_size': 7, 'dropout': 0.2982570731075392, 'hidden_continuous_size': 5, 'attention_head_size': 2, 'learning_rate': 0.08565013562361298}. Best is trial 18 with value: 0.03996563330292702.
LOCAL_RANK: 0 - CUDA_VISIBLE_DEVICES: [0]
[I 2023-12-15 22:44:51,045] Trial 25 finished with value: 0.05876655504107475 and parameters: {'gradient_clip_val': 0.1285548623436545, 'hidden_size': 11, 'dropout': 0.320391760735302, 'hidden_continuous_size': 7, 'attention_head_size': 1, 'learning_rate': 0.06001914784760007}. Best is trial 18 with value: 0.03996563330292702.
LOCAL_RANK: 0 - CUDA_VISIBLE_DEVICES: [0]
[I 2023-12-15 22:45:36,576] Trial 26 finished with value: 0.05313408002257347 and parameters: {'gradient_clip_val': 0.18562290081556232, 'hidden_size': 14, 'dropout': 0.36323385022755234, 'hidden_continuous_size': 7, 'attention_head_size': 2, 'learning_rate': 0.0991999704913636}. Best is trial 18 with value: 0.03996563330292702.
LOCAL_RANK: 0 - CUDA_VISIBLE_DEVICES: [0]
[I 2023-12-15 22:46:21,030] Trial 27 finished with value: 0.08519180864095688 and parameters: {'gradient_clip_val': 0.13154910849298032, 'hidden_size': 10, 'dropout': 0.2911165811203403, 'hidden_continuous_size': 6, 'attention_head_size': 1, 'learning_rate': 0.025323049196536548}. Best is trial 18 with value: 0.03996563330292702.
LOCAL_RANK: 0 - CUDA_VISIBLE_DEVICES: [0]
[I 2023-12-15 22:47:07,534] Trial 28 finished with value: 0.07562167942523956 and parameters: {'gradient_clip_val': 0.16761616885329456, 'hidden_size': 20, 'dropout': 0.3192334067181159, 'hidden_continuous_size': 9, 'attention_head_size': 1, 'learning_rate': 0.040567416632183884}. Best is trial 18 with value: 0.03996563330292702.
LOCAL_RANK: 0 - CUDA_VISIBLE_DEVICES: [0]
[I 2023-12-15 22:47:41,997] Trial 29 finished with value: 0.05180615186691284 and parameters: {'gradient_clip_val': 0.1453721136404853, 'hidden_size': 5, 'dropout': 0.2650640789461266, 'hidden_continuous_size': 5, 'attention_head_size': 4, 'learning_rate': 0.060808158493704884}. Best is trial 18 with value: 0.03996563330292702.
LOCAL_RANK: 0 - CUDA_VISIBLE_DEVICES: [0]
[I 2023-12-15 22:48:26,031] Trial 30 finished with value: 0.09735814481973648 and parameters: {'gradient_clip_val': 0.1830674102520055, 'hidden_size': 8, 'dropout': 0.35269874021828357, 'hidden_continuous_size': 6, 'attention_head_size': 2, 'learning_rate': 0.019951367060677034}. Best is trial 18 with value: 0.03996563330292702.
LOCAL_RANK: 0 - CUDA_VISIBLE_DEVICES: [0]
[I 2023-12-15 22:49:10,747] Trial 31 finished with value: 0.24233698844909668 and parameters: {'gradient_clip_val': 0.1252736646818752, 'hidden_size': 10, 'dropout': 0.3199303946278408, 'hidden_continuous_size': 7, 'attention_head_size': 1, 'learning_rate': 0.037214335268787625}. Best is trial 18 with value: 0.03996563330292702.
LOCAL_RANK: 0 - CUDA_VISIBLE_DEVICES: [0]
[I 2023-12-15 22:49:55,631] Trial 32 finished with value: 0.05558376386761665 and parameters: {'gradient_clip_val': 0.13335737203987838, 'hidden_size': 9, 'dropout': 0.3093565070147789, 'hidden_continuous_size': 7, 'attention_head_size': 1, 'learning_rate': 0.04702701123721973}. Best is trial 18 with value: 0.03996563330292702.
LOCAL_RANK: 0 - CUDA_VISIBLE_DEVICES: [0]
[I 2023-12-15 22:50:40,816] Trial 33 finished with value: 0.05776355788111687 and parameters: {'gradient_clip_val': 0.1397977476632306, 'hidden_size': 13, 'dropout': 0.3356719810696866, 'hidden_continuous_size': 7, 'attention_head_size': 1, 'learning_rate': 0.07115565476668954}. Best is trial 18 with value: 0.03996563330292702.
LOCAL_RANK: 0 - CUDA_VISIBLE_DEVICES: [0]
[I 2023-12-15 22:51:24,411] Trial 34 finished with value: 0.08828059583902359 and parameters: {'gradient_clip_val': 0.23586016055829434, 'hidden_size': 12, 'dropout': 0.29608595065030857, 'hidden_continuous_size': 6, 'attention_head_size': 1, 'learning_rate': 0.046110365608587216}. Best is trial 18 with value: 0.03996563330292702.
LOCAL_RANK: 0 - CUDA_VISIBLE_DEVICES: [0]
[I 2023-12-15 22:52:08,878] Trial 35 finished with value: 0.14879246056079865 and parameters: {'gradient_clip_val': 0.11852068795216902, 'hidden_size': 7, 'dropout': 0.32523499371461834, 'hidden_continuous_size': 5, 'attention_head_size': 1, 'learning_rate': 0.027171809019503546}. Best is trial 18 with value: 0.03996563330292702.
LOCAL_RANK: 0 - CUDA_VISIBLE_DEVICES: [0]
[I 2023-12-15 22:52:54,390] Trial 36 finished with value: 0.11472445726394653 and parameters: {'gradient_clip_val': 0.11085597129047023, 'hidden_size': 11, 'dropout': 0.2849163190069136, 'hidden_continuous_size': 7, 'attention_head_size': 2, 'learning_rate': 0.0734373815294553}. Best is trial 18 with value: 0.03996563330292702.
LOCAL_RANK: 0 - CUDA_VISIBLE_DEVICES: [0]
[I 2023-12-15 22:53:39,025] Trial 37 finished with value: 0.06682922691106796 and parameters: {'gradient_clip_val': 0.11529453221753938, 'hidden_size': 9, 'dropout': 0.36802290036984, 'hidden_continuous_size': 7, 'attention_head_size': 1, 'learning_rate': 0.01878764355018282}. Best is trial 18 with value: 0.03996563330292702.
LOCAL_RANK: 0 - CUDA_VISIBLE_DEVICES: [0]
[I 2023-12-15 22:54:24,493] Trial 38 finished with value: 0.07896440476179123 and parameters: {'gradient_clip_val': 0.17292720235946338, 'hidden_size': 13, 'dropout': 0.3067586355738439, 'hidden_continuous_size': 8, 'attention_head_size': 2, 'learning_rate': 0.04855227853780732}. Best is trial 18 with value: 0.03996563330292702.
LOCAL_RANK: 0 - CUDA_VISIBLE_DEVICES: [0]
[I 2023-12-15 22:55:09,029] Trial 39 finished with value: 0.16314814984798431 and parameters: {'gradient_clip_val': 0.14592999376270271, 'hidden_size': 6, 'dropout': 0.373686138031111, 'hidden_continuous_size': 5, 'attention_head_size': 1, 'learning_rate': 0.029641960764442626}. Best is trial 18 with value: 0.03996563330292702.
LOCAL_RANK: 0 - CUDA_VISIBLE_DEVICES: [0]
[I 2023-12-15 22:55:54,721] Trial 40 finished with value: 0.0680650994181633 and parameters: {'gradient_clip_val': 0.12112467023421761, 'hidden_size': 15, 'dropout': 0.3424052860060296, 'hidden_continuous_size': 6, 'attention_head_size': 2, 'learning_rate': 0.06388300886018987}. Best is trial 18 with value: 0.03996563330292702.
LOCAL_RANK: 0 - CUDA_VISIBLE_DEVICES: [0]
[I 2023-12-15 22:56:39,683] Trial 41 finished with value: 0.05461632087826729 and parameters: {'gradient_clip_val': 0.15874930566482356, 'hidden_size': 11, 'dropout': 0.2880505574456116, 'hidden_continuous_size': 8, 'attention_head_size': 1, 'learning_rate': 0.016041535867032795}. Best is trial 18 with value: 0.03996563330292702.
LOCAL_RANK: 0 - CUDA_VISIBLE_DEVICES: [0]
[I 2023-12-15 22:57:23,459] Trial 42 finished with value: 0.10075110197067261 and parameters: {'gradient_clip_val': 0.2292567403162875, 'hidden_size': 12, 'dropout': 0.30782484443731295, 'hidden_continuous_size': 8, 'attention_head_size': 1, 'learning_rate': 0.03363368869017849}. Best is trial 18 with value: 0.03996563330292702.
LOCAL_RANK: 0 - CUDA_VISIBLE_DEVICES: [0]
[I 2023-12-15 22:58:09,141] Trial 43 finished with value: 0.04981861636042595 and parameters: {'gradient_clip_val': 0.10018601423848007, 'hidden_size': 15, 'dropout': 0.33000682149302185, 'hidden_continuous_size': 9, 'attention_head_size': 1, 'learning_rate': 0.02241979873803074}. Best is trial 18 with value: 0.03996563330292702.
LOCAL_RANK: 0 - CUDA_VISIBLE_DEVICES: [0]
[I 2023-12-15 22:58:54,047] Trial 44 finished with value: 0.07679539918899536 and parameters: {'gradient_clip_val': 0.11519924212848848, 'hidden_size': 9, 'dropout': 0.2756171910701727, 'hidden_continuous_size': 7, 'attention_head_size': 1, 'learning_rate': 0.04239519779990514}. Best is trial 18 with value: 0.03996563330292702.
LOCAL_RANK: 0 - CUDA_VISIBLE_DEVICES: [0]
[I 2023-12-15 22:59:39,477] Trial 45 finished with value: 0.09690845012664795 and parameters: {'gradient_clip_val': 0.13784397700842468, 'hidden_size': 16, 'dropout': 0.3019146841289586, 'hidden_continuous_size': 8, 'attention_head_size': 4, 'learning_rate': 0.011263349328412475}. Best is trial 18 with value: 0.03996563330292702.
LOCAL_RANK: 0 - CUDA_VISIBLE_DEVICES: [0]
[I 2023-12-15 23:00:26,654] Trial 46 finished with value: 0.06366592645645142 and parameters: {'gradient_clip_val': 0.20205341834139612, 'hidden_size': 18, 'dropout': 0.3467488477180377, 'hidden_continuous_size': 9, 'attention_head_size': 1, 'learning_rate': 0.029076423837075562}. Best is trial 18 with value: 0.03996563330292702.
LOCAL_RANK: 0 - CUDA_VISIBLE_DEVICES: [0]
[I 2023-12-15 23:01:12,320] Trial 47 finished with value: 0.05553962290287018 and parameters: {'gradient_clip_val': 0.15422709128519338, 'hidden_size': 10, 'dropout': 0.3162649432408146, 'hidden_continuous_size': 7, 'attention_head_size': 3, 'learning_rate': 0.0536857567869962}. Best is trial 18 with value: 0.03996563330292702.
LOCAL_RANK: 0 - CUDA_VISIBLE_DEVICES: [0]
[I 2023-12-15 23:01:56,845] Trial 48 finished with value: 0.04738470911979675 and parameters: {'gradient_clip_val': 0.17593415839118465, 'hidden_size': 7, 'dropout': 0.330697788371359, 'hidden_continuous_size': 6, 'attention_head_size': 1, 'learning_rate': 0.08115197179881695}. Best is trial 18 with value: 0.03996563330292702.
LOCAL_RANK: 0 - CUDA_VISIBLE_DEVICES: [0]
[I 2023-12-15 23:02:41,786] Trial 49 finished with value: 0.05842866003513336 and parameters: {'gradient_clip_val': 0.17737931202271065, 'hidden_size': 7, 'dropout': 0.32988490712153673, 'hidden_continuous_size': 6, 'attention_head_size': 2, 'learning_rate': 0.08909094033817908}. Best is trial 18 with value: 0.03996563330292702.
[I 2023-12-15 23:02:41,886] A new study created in memory with name: no-name-e7bc0085-d380-497d-b3a8-b562cdc3aae2
/home/le004/conda/anaconda3/envs/tsff_env/lib/python3.9/site-packages/lightning/fabric/plugins/environments/slurm.py:191: The `srun` command is available on your system but is not used. HINT: If your intention is to run Lightning on SLURM, prepend your python command with `srun` like so: srun python /home/le004/master_thesis/git/TSFusionForecast/code/ ...
LOCAL_RANK: 0 - CUDA_VISIBLE_DEVICES: [0]
[I 2023-12-15 23:03:35,262] Trial 0 finished with value: 0.03693348914384842 and parameters: {'gradient_clip_val': 0.9571262066840158, 'hidden_size': 58, 'dropout': 0.2674596627182201, 'hidden_continuous_size': 13, 'attention_head_size': 3, 'learning_rate': 0.019364204784808242}. Best is trial 0 with value: 0.03693348914384842.
LOCAL_RANK: 0 - CUDA_VISIBLE_DEVICES: [0]
[I 2023-12-15 23:04:08,755] Trial 1 finished with value: 1.0730279684066772 and parameters: {'gradient_clip_val': 0.3212442339095062, 'hidden_size': 5, 'dropout': 0.1504137563936349, 'hidden_continuous_size': 5, 'attention_head_size': 1, 'learning_rate': 0.0029686412976481984}. Best is trial 0 with value: 0.03693348914384842.
LOCAL_RANK: 0 - CUDA_VISIBLE_DEVICES: [0]
[I 2023-12-15 23:04:58,251] Trial 2 finished with value: 0.8047530055046082 and parameters: {'gradient_clip_val': 0.15279728913571639, 'hidden_size': 23, 'dropout': 0.1890049550707929, 'hidden_continuous_size': 19, 'attention_head_size': 3, 'learning_rate': 0.0006479269620954018}. Best is trial 0 with value: 0.03693348914384842.
LOCAL_RANK: 0 - CUDA_VISIBLE_DEVICES: [0]
[I 2023-12-15 23:05:52,197] Trial 3 finished with value: 0.1370360255241394 and parameters: {'gradient_clip_val': 0.3244629540769432, 'hidden_size': 49, 'dropout': 0.16675706589303763, 'hidden_continuous_size': 44, 'attention_head_size': 3, 'learning_rate': 0.0026653287021499994}. Best is trial 0 with value: 0.03693348914384842.
LOCAL_RANK: 0 - CUDA_VISIBLE_DEVICES: [0]
[I 2023-12-15 23:06:26,799] Trial 4 finished with value: 0.15428979694843292 and parameters: {'gradient_clip_val': 0.6268605620136445, 'hidden_size': 5, 'dropout': 0.2207432848300021, 'hidden_continuous_size': 5, 'attention_head_size': 4, 'learning_rate': 0.005703619701746495}. Best is trial 0 with value: 0.03693348914384842.
LOCAL_RANK: 0 - CUDA_VISIBLE_DEVICES: [0]
[I 2023-12-15 23:07:12,695] Trial 5 finished with value: 0.29892849922180176 and parameters: {'gradient_clip_val': 0.3508878741094262, 'hidden_size': 9, 'dropout': 0.13242319833130778, 'hidden_continuous_size': 7, 'attention_head_size': 3, 'learning_rate': 0.006353002373740574}. Best is trial 0 with value: 0.03693348914384842.
LOCAL_RANK: 0 - CUDA_VISIBLE_DEVICES: [0]
[I 2023-12-15 23:08:04,802] Trial 6 finished with value: 0.03664131835103035 and parameters: {'gradient_clip_val': 0.3632084833784904, 'hidden_size': 42, 'dropout': 0.19417126894839398, 'hidden_continuous_size': 24, 'attention_head_size': 1, 'learning_rate': 0.0018272833862525422}. Best is trial 6 with value: 0.03664131835103035.
LOCAL_RANK: 0 - CUDA_VISIBLE_DEVICES: [0]
[I 2023-12-15 23:08:49,087] Trial 7 finished with value: 0.4952767789363861 and parameters: {'gradient_clip_val': 0.85958706461757, 'hidden_size': 12, 'dropout': 0.3996998616721922, 'hidden_continuous_size': 5, 'attention_head_size': 3, 'learning_rate': 0.001626985739270645}. Best is trial 6 with value: 0.03664131835103035.
LOCAL_RANK: 0 - CUDA_VISIBLE_DEVICES: [0]
[I 2023-12-15 23:09:22,475] Trial 8 finished with value: 0.8594076037406921 and parameters: {'gradient_clip_val': 0.7876995980997987, 'hidden_size': 5, 'dropout': 0.27131237984390566, 'hidden_continuous_size': 5, 'attention_head_size': 1, 'learning_rate': 0.002457146884591682}. Best is trial 6 with value: 0.03664131835103035.
LOCAL_RANK: 0 - CUDA_VISIBLE_DEVICES: [0]
