[I 2023-12-27 11:03:20,750] Trial 26 finished with value: 65.7696304321289 and parameters: {'gradient_clip_val': 0.8476883233170399, 'hidden_size': 31, 'dropout': 0.46491474686181844, 'hidden_continuous_size': 11, 'attention_head_size': 3, 'learning_rate': 0.06474446595221041}. Best is trial 1 with value: 17.96956443786621.
LOCAL_RANK: 0 - CUDA_VISIBLE_DEVICES: [0]
[I 2023-12-27 11:03:21,201] Trial 27 finished with value: 64.63774871826172 and parameters: {'gradient_clip_val': 0.3727929896835856, 'hidden_size': 54, 'dropout': 0.3996747074571743, 'hidden_continuous_size': 20, 'attention_head_size': 1, 'learning_rate': 0.03540309584542984}. Best is trial 1 with value: 17.96956443786621.
LOCAL_RANK: 0 - CUDA_VISIBLE_DEVICES: [0]
[I 2023-12-27 11:03:21,665] Trial 28 finished with value: 67.1806869506836 and parameters: {'gradient_clip_val': 0.469124294662109, 'hidden_size': 28, 'dropout': 0.4345687891061633, 'hidden_continuous_size': 15, 'attention_head_size': 2, 'learning_rate': 0.05556682894197369}. Best is trial 1 with value: 17.96956443786621.
LOCAL_RANK: 0 - CUDA_VISIBLE_DEVICES: [0]
[I 2023-12-27 11:03:22,162] Trial 29 finished with value: 65.37179565429688 and parameters: {'gradient_clip_val': 0.269991319488785, 'hidden_size': 21, 'dropout': 0.47100133270890987, 'hidden_continuous_size': 12, 'attention_head_size': 3, 'learning_rate': 0.026413223286906252}. Best is trial 1 with value: 17.96956443786621.
LOCAL_RANK: 0 - CUDA_VISIBLE_DEVICES: [0]
[I 2023-12-27 11:03:22,686] Trial 30 finished with value: 80.70550537109375 and parameters: {'gradient_clip_val': 0.6404088628346926, 'hidden_size': 150, 'dropout': 0.4339092076675928, 'hidden_continuous_size': 28, 'attention_head_size': 1, 'learning_rate': 0.003674947547356136}. Best is trial 1 with value: 17.96956443786621.
LOCAL_RANK: 0 - CUDA_VISIBLE_DEVICES: [0]
[I 2023-12-27 11:03:23,181] Trial 31 finished with value: 59.599639892578125 and parameters: {'gradient_clip_val': 0.19423986504445465, 'hidden_size': 25, 'dropout': 0.48215619978680274, 'hidden_continuous_size': 13, 'attention_head_size': 4, 'learning_rate': 0.0021254751110924004}. Best is trial 1 with value: 17.96956443786621.
LOCAL_RANK: 0 - CUDA_VISIBLE_DEVICES: [0]
[I 2023-12-27 11:03:23,639] Trial 32 finished with value: 51.22291946411133 and parameters: {'gradient_clip_val': 0.38311707770945436, 'hidden_size': 19, 'dropout': 0.3724857154785831, 'hidden_continuous_size': 11, 'attention_head_size': 4, 'learning_rate': 0.002168091206236337}. Best is trial 1 with value: 17.96956443786621.
LOCAL_RANK: 0 - CUDA_VISIBLE_DEVICES: [0]
[I 2023-12-27 11:03:24,104] Trial 33 finished with value: 59.32268142700195 and parameters: {'gradient_clip_val': 0.46232086558920643, 'hidden_size': 25, 'dropout': 0.33860680699844103, 'hidden_continuous_size': 14, 'attention_head_size': 4, 'learning_rate': 0.0013633102313674375}. Best is trial 1 with value: 17.96956443786621.
LOCAL_RANK: 0 - CUDA_VISIBLE_DEVICES: [0]
[I 2023-12-27 11:03:24,563] Trial 34 finished with value: 76.4232406616211 and parameters: {'gradient_clip_val': 0.16357353519012713, 'hidden_size': 36, 'dropout': 0.49825373125107547, 'hidden_continuous_size': 9, 'attention_head_size': 3, 'learning_rate': 0.01576900271971226}. Best is trial 1 with value: 17.96956443786621.
LOCAL_RANK: 0 - CUDA_VISIBLE_DEVICES: [0]
[I 2023-12-27 11:03:25,021] Trial 35 finished with value: 62.38037109375 and parameters: {'gradient_clip_val': 0.5714474912071841, 'hidden_size': 13, 'dropout': 0.4402502177879117, 'hidden_continuous_size': 5, 'attention_head_size': 4, 'learning_rate': 0.003561487190047013}. Best is trial 1 with value: 17.96956443786621.
LOCAL_RANK: 0 - CUDA_VISIBLE_DEVICES: [0]
[I 2023-12-27 11:03:25,512] Trial 36 finished with value: 61.224239349365234 and parameters: {'gradient_clip_val': 0.22662590425699775, 'hidden_size': 33, 'dropout': 0.47532080127182774, 'hidden_continuous_size': 14, 'attention_head_size': 2, 'learning_rate': 0.0028092406345449784}. Best is trial 1 with value: 17.96956443786621.
LOCAL_RANK: 0 - CUDA_VISIBLE_DEVICES: [0]
[I 2023-12-27 11:03:26,227] Trial 37 finished with value: 56.98727798461914 and parameters: {'gradient_clip_val': 0.13994308198346775, 'hidden_size': 25, 'dropout': 0.39295444889071685, 'hidden_continuous_size': 13, 'attention_head_size': 4, 'learning_rate': 0.005136874058452724}. Best is trial 1 with value: 17.96956443786621.
LOCAL_RANK: 0 - CUDA_VISIBLE_DEVICES: [0]
[I 2023-12-27 11:03:26,684] Trial 38 finished with value: 60.327362060546875 and parameters: {'gradient_clip_val': 0.3268230728994733, 'hidden_size': 19, 'dropout': 0.4443109481475732, 'hidden_continuous_size': 8, 'attention_head_size': 2, 'learning_rate': 0.0016109311736969526}. Best is trial 1 with value: 17.96956443786621.
LOCAL_RANK: 0 - CUDA_VISIBLE_DEVICES: [0]
[I 2023-12-27 11:03:27,203] Trial 39 finished with value: 58.51918029785156 and parameters: {'gradient_clip_val': 0.487509840585638, 'hidden_size': 70, 'dropout': 0.41490008427359715, 'hidden_continuous_size': 25, 'attention_head_size': 3, 'learning_rate': 0.000894769058282543}. Best is trial 1 with value: 17.96956443786621.
LOCAL_RANK: 0 - CUDA_VISIBLE_DEVICES: [0]
[I 2023-12-27 11:03:27,694] Trial 40 finished with value: 50.7214469909668 and parameters: {'gradient_clip_val': 0.39424351785378686, 'hidden_size': 37, 'dropout': 0.47911336832634066, 'hidden_continuous_size': 16, 'attention_head_size': 2, 'learning_rate': 0.004239432882913848}. Best is trial 1 with value: 17.96956443786621.
LOCAL_RANK: 0 - CUDA_VISIBLE_DEVICES: [0]
[I 2023-12-27 11:03:28,198] Trial 41 finished with value: 67.7638168334961 and parameters: {'gradient_clip_val': 0.2999123284480853, 'hidden_size': 42, 'dropout': 0.4445396335972457, 'hidden_continuous_size': 19, 'attention_head_size': 1, 'learning_rate': 0.09614386598936757}. Best is trial 1 with value: 17.96956443786621.
LOCAL_RANK: 0 - CUDA_VISIBLE_DEVICES: [0]
[I 2023-12-27 11:03:28,642] Trial 42 finished with value: 63.29037857055664 and parameters: {'gradient_clip_val': 0.35083411953630134, 'hidden_size': 43, 'dropout': 0.4762451321254793, 'hidden_continuous_size': 20, 'attention_head_size': 1, 'learning_rate': 0.0715502667355082}. Best is trial 1 with value: 17.96956443786621.
LOCAL_RANK: 0 - CUDA_VISIBLE_DEVICES: [0]
[I 2023-12-27 11:03:29,109] Trial 43 finished with value: 54.6297721862793 and parameters: {'gradient_clip_val': 0.42969569154417736, 'hidden_size': 29, 'dropout': 0.41649110264331524, 'hidden_continuous_size': 16, 'attention_head_size': 1, 'learning_rate': 0.05063845403753818}. Best is trial 1 with value: 17.96956443786621.
LOCAL_RANK: 0 - CUDA_VISIBLE_DEVICES: [0]
[I 2023-12-27 11:03:29,557] Trial 44 finished with value: 60.36051559448242 and parameters: {'gradient_clip_val': 0.5555231092193212, 'hidden_size': 27, 'dropout': 0.45248807311895267, 'hidden_continuous_size': 18, 'attention_head_size': 1, 'learning_rate': 0.09483621933432337}. Best is trial 1 with value: 17.96956443786621.
LOCAL_RANK: 0 - CUDA_VISIBLE_DEVICES: [0]
[I 2023-12-27 11:03:30,030] Trial 45 finished with value: 60.89472579956055 and parameters: {'gradient_clip_val': 0.1182910093317186, 'hidden_size': 35, 'dropout': 0.4337655737514073, 'hidden_continuous_size': 21, 'attention_head_size': 1, 'learning_rate': 0.07284666835233271}. Best is trial 1 with value: 17.96956443786621.
LOCAL_RANK: 0 - CUDA_VISIBLE_DEVICES: [0]
[I 2023-12-27 11:03:30,476] Trial 46 finished with value: 45.62461471557617 and parameters: {'gradient_clip_val': 0.33409613318702086, 'hidden_size': 23, 'dropout': 0.48487925826898026, 'hidden_continuous_size': 13, 'attention_head_size': 1, 'learning_rate': 0.04440568525782837}. Best is trial 1 with value: 17.96956443786621.
LOCAL_RANK: 0 - CUDA_VISIBLE_DEVICES: [0]
[I 2023-12-27 11:03:30,964] Trial 47 finished with value: 67.18305206298828 and parameters: {'gradient_clip_val': 0.4969793676036081, 'hidden_size': 45, 'dropout': 0.36467504987806343, 'hidden_continuous_size': 23, 'attention_head_size': 3, 'learning_rate': 0.03411790977823151}. Best is trial 1 with value: 17.96956443786621.
LOCAL_RANK: 0 - CUDA_VISIBLE_DEVICES: [0]
[I 2023-12-27 11:03:31,428] Trial 48 finished with value: 63.13087844848633 and parameters: {'gradient_clip_val': 0.30107983057935744, 'hidden_size': 18, 'dropout': 0.4045070851374687, 'hidden_continuous_size': 16, 'attention_head_size': 2, 'learning_rate': 0.006278518885446683}. Best is trial 1 with value: 17.96956443786621.
LOCAL_RANK: 0 - CUDA_VISIBLE_DEVICES: [0]
[I 2023-12-27 11:03:31,867] Trial 49 finished with value: 84.55432891845703 and parameters: {'gradient_clip_val': 0.6374555501392423, 'hidden_size': 16, 'dropout': 0.4614510934402988, 'hidden_continuous_size': 15, 'attention_head_size': 1, 'learning_rate': 0.060798477086995636}. Best is trial 1 with value: 17.96956443786621.
[I 2023-12-27 11:03:32,005] A new study created in memory with name: no-name-36f95292-e699-4e2a-9cb3-408da60c47ee
/home/le004/conda/anaconda3/envs/tsff_env/lib/python3.9/site-packages/lightning/fabric/plugins/environments/slurm.py:191: The `srun` command is available on your system but is not used. HINT: If your intention is to run Lightning on SLURM, prepend your python command with `srun` like so: srun python /home/le004/master_thesis/git/TSFusionForecast/code/ ...
LOCAL_RANK: 0 - CUDA_VISIBLE_DEVICES: [0]
[I 2023-12-27 11:04:00,733] Trial 0 finished with value: 41.284542083740234 and parameters: {'gradient_clip_val': 0.6307386443534636, 'hidden_size': 11, 'dropout': 0.3516516373987877, 'hidden_continuous_size': 6, 'attention_head_size': 4, 'learning_rate': 0.007080174621066965}. Best is trial 0 with value: 41.284542083740234.
LOCAL_RANK: 0 - CUDA_VISIBLE_DEVICES: [0]
[I 2023-12-27 11:04:09,125] Trial 1 finished with value: 136.7692413330078 and parameters: {'gradient_clip_val': 0.49911125840914505, 'hidden_size': 7, 'dropout': 0.44910315237205733, 'hidden_continuous_size': 7, 'attention_head_size': 2, 'learning_rate': 0.004155767300667401}. Best is trial 0 with value: 41.284542083740234.
LOCAL_RANK: 0 - CUDA_VISIBLE_DEVICES: [0]
[I 2023-12-27 11:04:09,553] Trial 2 finished with value: 157.13238525390625 and parameters: {'gradient_clip_val': 0.16228762595022095, 'hidden_size': 20, 'dropout': 0.4685341045096859, 'hidden_continuous_size': 13, 'attention_head_size': 3, 'learning_rate': 0.012705256957238103}. Best is trial 0 with value: 41.284542083740234.
LOCAL_RANK: 0 - CUDA_VISIBLE_DEVICES: [0]
[I 2023-12-27 11:04:10,016] Trial 3 finished with value: 147.58892822265625 and parameters: {'gradient_clip_val': 0.4031892408935306, 'hidden_size': 65, 'dropout': 0.26691349145938764, 'hidden_continuous_size': 20, 'attention_head_size': 2, 'learning_rate': 0.024401847651905305}. Best is trial 0 with value: 41.284542083740234.
LOCAL_RANK: 0 - CUDA_VISIBLE_DEVICES: [0]
[I 2023-12-27 11:04:10,499] Trial 4 finished with value: 205.29566955566406 and parameters: {'gradient_clip_val': 0.22565081279324314, 'hidden_size': 121, 'dropout': 0.4376375337178894, 'hidden_continuous_size': 54, 'attention_head_size': 2, 'learning_rate': 0.03394400495636789}. Best is trial 0 with value: 41.284542083740234.
LOCAL_RANK: 0 - CUDA_VISIBLE_DEVICES: [0]
[I 2023-12-27 11:04:10,994] Trial 5 finished with value: 156.53956604003906 and parameters: {'gradient_clip_val': 0.2160753167934768, 'hidden_size': 114, 'dropout': 0.30681759113788476, 'hidden_continuous_size': 97, 'attention_head_size': 3, 'learning_rate': 0.0031631948350894766}. Best is trial 0 with value: 41.284542083740234.
LOCAL_RANK: 0 - CUDA_VISIBLE_DEVICES: [0]
[I 2023-12-27 11:04:11,428] Trial 6 finished with value: 143.97312927246094 and parameters: {'gradient_clip_val': 0.15067363951372872, 'hidden_size': 6, 'dropout': 0.1328916711029871, 'hidden_continuous_size': 5, 'attention_head_size': 4, 'learning_rate': 0.0008600762005162404}. Best is trial 0 with value: 41.284542083740234.
LOCAL_RANK: 0 - CUDA_VISIBLE_DEVICES: [0]
[I 2023-12-27 11:04:11,876] Trial 7 finished with value: 176.1446990966797 and parameters: {'gradient_clip_val': 0.17645566723108408, 'hidden_size': 53, 'dropout': 0.48862935390788287, 'hidden_continuous_size': 5, 'attention_head_size': 2, 'learning_rate': 0.011692002848741731}. Best is trial 0 with value: 41.284542083740234.
LOCAL_RANK: 0 - CUDA_VISIBLE_DEVICES: [0]
[I 2023-12-27 11:04:12,334] Trial 8 finished with value: 186.95411682128906 and parameters: {'gradient_clip_val': 0.31047099386227295, 'hidden_size': 88, 'dropout': 0.15143646943805106, 'hidden_continuous_size': 5, 'attention_head_size': 4, 'learning_rate': 0.06942055710121015}. Best is trial 0 with value: 41.284542083740234.
LOCAL_RANK: 0 - CUDA_VISIBLE_DEVICES: [0]
[I 2023-12-27 11:04:12,799] Trial 9 finished with value: 164.9201202392578 and parameters: {'gradient_clip_val': 0.12463740758495233, 'hidden_size': 77, 'dropout': 0.42886116944847086, 'hidden_continuous_size': 41, 'attention_head_size': 2, 'learning_rate': 0.0005262026100679493}. Best is trial 0 with value: 41.284542083740234.
LOCAL_RANK: 0 - CUDA_VISIBLE_DEVICES: [0]
[I 2023-12-27 11:04:13,539] Trial 10 finished with value: 166.32164001464844 and parameters: {'gradient_clip_val': 0.9115116829349869, 'hidden_size': 14, 'dropout': 0.33647635084615435, 'hidden_continuous_size': 6, 'attention_head_size': 1, 'learning_rate': 0.0019818825637003463}. Best is trial 0 with value: 41.284542083740234.
LOCAL_RANK: 0 - CUDA_VISIBLE_DEVICES: [0]
[I 2023-12-27 11:04:13,966] Trial 11 finished with value: 171.1239013671875 and parameters: {'gradient_clip_val': 0.61263297058753, 'hidden_size': 7, 'dropout': 0.39274495063407133, 'hidden_continuous_size': 6, 'attention_head_size': 1, 'learning_rate': 0.004884020636147541}. Best is trial 0 with value: 41.284542083740234.
LOCAL_RANK: 0 - CUDA_VISIBLE_DEVICES: [0]
[I 2023-12-27 11:04:14,428] Trial 12 finished with value: 198.2940216064453 and parameters: {'gradient_clip_val': 0.5317478534045345, 'hidden_size': 10, 'dropout': 0.3863882778287411, 'hidden_continuous_size': 6, 'attention_head_size': 3, 'learning_rate': 0.006753585707669438}. Best is trial 0 with value: 41.284542083740234.
LOCAL_RANK: 0 - CUDA_VISIBLE_DEVICES: [0]
[I 2023-12-27 11:04:14,856] Trial 13 finished with value: 200.0708465576172 and parameters: {'gradient_clip_val': 0.953428081644229, 'hidden_size': 5, 'dropout': 0.36477609266347466, 'hidden_continuous_size': 5, 'attention_head_size': 4, 'learning_rate': 0.0020685489867368827}. Best is trial 0 with value: 41.284542083740234.
LOCAL_RANK: 0 - CUDA_VISIBLE_DEVICES: [0]
[I 2023-12-27 11:04:15,291] Trial 14 finished with value: 146.4463348388672 and parameters: {'gradient_clip_val': 0.5426568581928307, 'hidden_size': 10, 'dropout': 0.4848789019610421, 'hidden_continuous_size': 6, 'attention_head_size': 3, 'learning_rate': 0.004870978433908142}. Best is trial 0 with value: 41.284542083740234.
LOCAL_RANK: 0 - CUDA_VISIBLE_DEVICES: [0]
[I 2023-12-27 11:04:15,740] Trial 15 finished with value: 157.7384796142578 and parameters: {'gradient_clip_val': 0.6921435921616866, 'hidden_size': 33, 'dropout': 0.26454126105099995, 'hidden_continuous_size': 8, 'attention_head_size': 1, 'learning_rate': 0.011275060315016915}. Best is trial 0 with value: 41.284542083740234.
LOCAL_RANK: 0 - CUDA_VISIBLE_DEVICES: [0]
[I 2023-12-27 11:04:16,203] Trial 16 finished with value: 191.67578125 and parameters: {'gradient_clip_val': 0.3896461126624259, 'hidden_size': 9, 'dropout': 0.42271023273861547, 'hidden_continuous_size': 6, 'attention_head_size': 4, 'learning_rate': 0.002357414596504522}. Best is trial 0 with value: 41.284542083740234.
LOCAL_RANK: 0 - CUDA_VISIBLE_DEVICES: [0]
[I 2023-12-27 11:04:16,670] Trial 17 finished with value: 148.81744384765625 and parameters: {'gradient_clip_val': 0.7594868923642123, 'hidden_size': 17, 'dropout': 0.3529858441959699, 'hidden_continuous_size': 7, 'attention_head_size': 3, 'learning_rate': 0.0041156129547496425}. Best is trial 0 with value: 41.284542083740234.
LOCAL_RANK: 0 - CUDA_VISIBLE_DEVICES: [0]
[I 2023-12-27 11:04:17,071] Trial 18 finished with value: 177.56280517578125 and parameters: {'gradient_clip_val': 0.47728537198963783, 'hidden_size': 5, 'dropout': 0.45098656240705143, 'hidden_continuous_size': 5, 'attention_head_size': 2, 'learning_rate': 0.008794084629448666}. Best is trial 0 with value: 41.284542083740234.
LOCAL_RANK: 0 - CUDA_VISIBLE_DEVICES: [0]
[I 2023-12-27 11:04:17,504] Trial 19 finished with value: 158.09400939941406 and parameters: {'gradient_clip_val': 0.7108462013749429, 'hidden_size': 13, 'dropout': 0.4038163946728822, 'hidden_continuous_size': 7, 'attention_head_size': 1, 'learning_rate': 0.01711906890835851}. Best is trial 0 with value: 41.284542083740234.
LOCAL_RANK: 0 - CUDA_VISIBLE_DEVICES: [0]
[I 2023-12-27 11:04:17,941] Trial 20 finished with value: 141.34312438964844 and parameters: {'gradient_clip_val': 0.31839506458361744, 'hidden_size': 25, 'dropout': 0.45054540626750333, 'hidden_continuous_size': 9, 'attention_head_size': 4, 'learning_rate': 0.00775354006774375}. Best is trial 0 with value: 41.284542083740234.
LOCAL_RANK: 0 - CUDA_VISIBLE_DEVICES: [0]
[I 2023-12-27 11:04:18,416] Trial 21 finished with value: 167.35504150390625 and parameters: {'gradient_clip_val': 0.32409437333538843, 'hidden_size': 26, 'dropout': 0.49992640239804453, 'hidden_continuous_size': 8, 'attention_head_size': 4, 'learning_rate': 0.006202248664110227}. Best is trial 0 with value: 41.284542083740234.
LOCAL_RANK: 0 - CUDA_VISIBLE_DEVICES: [0]
[I 2023-12-27 11:04:18,875] Trial 22 finished with value: 136.7486572265625 and parameters: {'gradient_clip_val': 0.4608294929281437, 'hidden_size': 8, 'dropout': 0.45097342610620955, 'hidden_continuous_size': 6, 'attention_head_size': 4, 'learning_rate': 0.006533190741944676}. Best is trial 0 with value: 41.284542083740234.
LOCAL_RANK: 0 - CUDA_VISIBLE_DEVICES: [0]
[I 2023-12-27 11:04:19,590] Trial 23 finished with value: 106.9426040649414 and parameters: {'gradient_clip_val': 0.47748494477088854, 'hidden_size': 7, 'dropout': 0.42340921434982187, 'hidden_continuous_size': 5, 'attention_head_size': 3, 'learning_rate': 0.0034853252374206127}. Best is trial 0 with value: 41.284542083740234.
LOCAL_RANK: 0 - CUDA_VISIBLE_DEVICES: [0]
[I 2023-12-27 11:04:20,033] Trial 24 finished with value: 138.18983459472656 and parameters: {'gradient_clip_val': 0.5733553648394831, 'hidden_size': 8, 'dropout': 0.40545012254743296, 'hidden_continuous_size': 5, 'attention_head_size': 4, 'learning_rate': 0.0016321576455444137}. Best is trial 0 with value: 41.284542083740234.
LOCAL_RANK: 0 - CUDA_VISIBLE_DEVICES: [0]
[I 2023-12-27 11:04:20,471] Trial 25 finished with value: 202.4086151123047 and parameters: {'gradient_clip_val': 0.4425542414321595, 'hidden_size': 11, 'dropout': 0.37821649974303795, 'hidden_continuous_size': 6, 'attention_head_size': 3, 'learning_rate': 0.0032501725128650395}. Best is trial 0 with value: 41.284542083740234.
LOCAL_RANK: 0 - CUDA_VISIBLE_DEVICES: [0]
[I 2023-12-27 11:04:20,909] Trial 26 finished with value: 151.8171844482422 and parameters: {'gradient_clip_val': 0.6257788103285017, 'hidden_size': 6, 'dropout': 0.42044680766520415, 'hidden_continuous_size': 5, 'attention_head_size': 4, 'learning_rate': 0.007821722405834983}. Best is trial 0 with value: 41.284542083740234.
LOCAL_RANK: 0 - CUDA_VISIBLE_DEVICES: [0]
[I 2023-12-27 11:04:21,337] Trial 27 finished with value: 178.63340759277344 and parameters: {'gradient_clip_val': 0.8216392795973653, 'hidden_size': 8, 'dropout': 0.32997202630907735, 'hidden_continuous_size': 5, 'attention_head_size': 3, 'learning_rate': 0.001288198037501184}. Best is trial 0 with value: 41.284542083740234.
LOCAL_RANK: 0 - CUDA_VISIBLE_DEVICES: [0]
[I 2023-12-27 11:04:21,801] Trial 28 finished with value: 175.9204864501953 and parameters: {'gradient_clip_val': 0.6389804752396078, 'hidden_size': 12, 'dropout': 0.4678023396444309, 'hidden_continuous_size': 6, 'attention_head_size': 4, 'learning_rate': 0.002943245578699006}. Best is trial 0 with value: 41.284542083740234.
LOCAL_RANK: 0 - CUDA_VISIBLE_DEVICES: [0]
[I 2023-12-27 11:04:22,226] Trial 29 finished with value: 192.8301239013672 and parameters: {'gradient_clip_val': 0.46350275589277, 'hidden_size': 7, 'dropout': 0.37879136077183123, 'hidden_continuous_size': 5, 'attention_head_size': 3, 'learning_rate': 0.005221262251764657}. Best is trial 0 with value: 41.284542083740234.
LOCAL_RANK: 0 - CUDA_VISIBLE_DEVICES: [0]
[I 2023-12-27 11:04:22,690] Trial 30 finished with value: 155.0705108642578 and parameters: {'gradient_clip_val': 0.5242567757934681, 'hidden_size': 15, 'dropout': 0.4473211365393698, 'hidden_continuous_size': 7, 'attention_head_size': 4, 'learning_rate': 0.003987333215120202}. Best is trial 0 with value: 41.284542083740234.
LOCAL_RANK: 0 - CUDA_VISIBLE_DEVICES: [0]
[I 2023-12-27 11:04:23,135] Trial 31 finished with value: 135.00454711914062 and parameters: {'gradient_clip_val': 0.3910430967904567, 'hidden_size': 9, 'dropout': 0.4601208195613557, 'hidden_continuous_size': 6, 'attention_head_size': 2, 'learning_rate': 0.006014226925303869}. Best is trial 0 with value: 41.284542083740234.
LOCAL_RANK: 0 - CUDA_VISIBLE_DEVICES: [0]
[I 2023-12-27 11:04:23,568] Trial 32 finished with value: 176.9442901611328 and parameters: {'gradient_clip_val': 0.4456745295981168, 'hidden_size': 9, 'dropout': 0.46582395769761464, 'hidden_continuous_size': 6, 'attention_head_size': 2, 'learning_rate': 0.006073503042810473}. Best is trial 0 with value: 41.284542083740234.
LOCAL_RANK: 0 - CUDA_VISIBLE_DEVICES: [0]
[I 2023-12-27 11:04:23,997] Trial 33 finished with value: 157.0146942138672 and parameters: {'gradient_clip_val': 0.379111190603769, 'hidden_size': 11, 'dropout': 0.4158357189161462, 'hidden_continuous_size': 6, 'attention_head_size': 2, 'learning_rate': 0.00986218711706781}. Best is trial 0 with value: 41.284542083740234.
LOCAL_RANK: 0 - CUDA_VISIBLE_DEVICES: [0]
