[I 2023-12-26 18:36:31,491] Trial 21 finished with value: 3.310192108154297 and parameters: {'gradient_clip_val': 0.10266998688621137, 'hidden_size': 5, 'dropout': 0.34836696597605976, 'hidden_continuous_size': 5, 'attention_head_size': 2, 'learning_rate': 0.0011539744494638436}. Best is trial 0 with value: 0.47894391417503357.
[I 2023-12-26 18:36:33,595] Trial 22 finished with value: 4.080075740814209 and parameters: {'gradient_clip_val': 0.13664152195001672, 'hidden_size': 15, 'dropout': 0.41673898540729915, 'hidden_continuous_size': 7, 'attention_head_size': 2, 'learning_rate': 0.0008760779340121721}. Best is trial 0 with value: 0.47894391417503357.
[I 2023-12-26 18:36:37,885] Trial 23 finished with value: 2.47021746635437 and parameters: {'gradient_clip_val': 0.1288565499112222, 'hidden_size': 75, 'dropout': 0.3610069214684969, 'hidden_continuous_size': 12, 'attention_head_size': 2, 'learning_rate': 0.0015807683303957502}. Best is trial 0 with value: 0.47894391417503357.
[I 2023-12-26 18:36:44,281] Trial 24 finished with value: 2.6604056358337402 and parameters: {'gradient_clip_val': 0.17376817408830714, 'hidden_size': 108, 'dropout': 0.30810784132873864, 'hidden_continuous_size': 19, 'attention_head_size': 3, 'learning_rate': 0.0005373907031200984}. Best is trial 0 with value: 0.47894391417503357.
[I 2023-12-26 18:36:46,917] Trial 25 finished with value: 3.8661410808563232 and parameters: {'gradient_clip_val': 0.10033090116726671, 'hidden_size': 39, 'dropout': 0.3691379839960761, 'hidden_continuous_size': 7, 'attention_head_size': 2, 'learning_rate': 0.0008620636596931946}. Best is trial 0 with value: 0.47894391417503357.
[I 2023-12-26 18:36:53,079] Trial 26 finished with value: 4.9344282150268555 and parameters: {'gradient_clip_val': 0.1946917350614951, 'hidden_size': 108, 'dropout': 0.4284299675758989, 'hidden_continuous_size': 9, 'attention_head_size': 1, 'learning_rate': 0.002239656891463909}. Best is trial 0 with value: 0.47894391417503357.
[I 2023-12-26 18:36:55,314] Trial 27 finished with value: 3.4067161083221436 and parameters: {'gradient_clip_val': 0.1243632059641996, 'hidden_size': 23, 'dropout': 0.45376008352587066, 'hidden_continuous_size': 6, 'attention_head_size': 2, 'learning_rate': 0.00419222053635941}. Best is trial 0 with value: 0.47894391417503357.
[I 2023-12-26 18:36:59,612] Trial 28 finished with value: 2.613593816757202 and parameters: {'gradient_clip_val': 0.15821455284731545, 'hidden_size': 72, 'dropout': 0.3739091047066493, 'hidden_continuous_size': 12, 'attention_head_size': 3, 'learning_rate': 0.008677238395308092}. Best is trial 0 with value: 0.47894391417503357.
[I 2023-12-26 18:37:02,661] Trial 29 finished with value: 3.725731611251831 and parameters: {'gradient_clip_val': 0.250128689735798, 'hidden_size': 46, 'dropout': 0.2982481276417194, 'hidden_continuous_size': 12, 'attention_head_size': 1, 'learning_rate': 0.0009598871866726914}. Best is trial 0 with value: 0.47894391417503357.
[I 2023-12-26 18:37:06,855] Trial 30 finished with value: 2.990770101547241 and parameters: {'gradient_clip_val': 0.205673776739835, 'hidden_size': 72, 'dropout': 0.15620298402619065, 'hidden_continuous_size': 8, 'attention_head_size': 4, 'learning_rate': 0.0006864622283951825}. Best is trial 0 with value: 0.47894391417503357.
[I 2023-12-26 18:37:10,744] Trial 31 finished with value: 3.61682391166687 and parameters: {'gradient_clip_val': 0.356032211325538, 'hidden_size': 63, 'dropout': 0.3273558744516032, 'hidden_continuous_size': 7, 'attention_head_size': 3, 'learning_rate': 0.012132103573751454}. Best is trial 0 with value: 0.47894391417503357.
[I 2023-12-26 18:37:17,344] Trial 32 finished with value: 3.1042110919952393 and parameters: {'gradient_clip_val': 0.40489299327719186, 'hidden_size': 107, 'dropout': 0.3421054983250573, 'hidden_continuous_size': 5, 'attention_head_size': 3, 'learning_rate': 0.01661419927776832}. Best is trial 0 with value: 0.47894391417503357.
[I 2023-12-26 18:37:21,298] Trial 33 finished with value: 3.222437620162964 and parameters: {'gradient_clip_val': 0.25248778045928677, 'hidden_size': 61, 'dropout': 0.35119683708373056, 'hidden_continuous_size': 8, 'attention_head_size': 4, 'learning_rate': 0.0011615636440838238}. Best is trial 0 with value: 0.47894391417503357.
[I 2023-12-26 18:37:29,119] Trial 34 finished with value: 3.1264877319335938 and parameters: {'gradient_clip_val': 0.2912412616408426, 'hidden_size': 119, 'dropout': 0.2704248052102384, 'hidden_continuous_size': 64, 'attention_head_size': 3, 'learning_rate': 0.0007044328697790768}. Best is trial 0 with value: 0.47894391417503357.
[I 2023-12-26 18:37:38,557] Trial 35 finished with value: 2.24214506149292 and parameters: {'gradient_clip_val': 0.11891026107348117, 'hidden_size': 149, 'dropout': 0.31649819872909934, 'hidden_continuous_size': 38, 'attention_head_size': 3, 'learning_rate': 0.032857179875244356}. Best is trial 0 with value: 0.47894391417503357.
[I 2023-12-26 18:37:40,528] Trial 36 finished with value: 3.4103927612304688 and parameters: {'gradient_clip_val': 0.11911933907090705, 'hidden_size': 9, 'dropout': 0.2902838870663593, 'hidden_continuous_size': 6, 'attention_head_size': 2, 'learning_rate': 0.001779610928664283}. Best is trial 0 with value: 0.47894391417503357.
[I 2023-12-26 18:37:43,497] Trial 37 finished with value: 2.763486623764038 and parameters: {'gradient_clip_val': 0.4516484658219451, 'hidden_size': 48, 'dropout': 0.33169243431996914, 'hidden_continuous_size': 16, 'attention_head_size': 2, 'learning_rate': 0.008035988789014107}. Best is trial 0 with value: 0.47894391417503357.
[I 2023-12-26 18:37:49,406] Trial 38 finished with value: 1.8242305517196655 and parameters: {'gradient_clip_val': 0.27707455319951124, 'hidden_size': 91, 'dropout': 0.3989983514472424, 'hidden_continuous_size': 21, 'attention_head_size': 4, 'learning_rate': 0.0006508534732655521}. Best is trial 0 with value: 0.47894391417503357.
[I 2023-12-26 18:37:55,083] Trial 39 finished with value: 3.041081428527832 and parameters: {'gradient_clip_val': 0.268652050624846, 'hidden_size': 89, 'dropout': 0.40969130003173493, 'hidden_continuous_size': 23, 'attention_head_size': 4, 'learning_rate': 0.0005090934302844953}. Best is trial 0 with value: 0.47894391417503357.
[I 2023-12-26 18:38:03,561] Trial 40 finished with value: 3.752852201461792 and parameters: {'gradient_clip_val': 0.21084359456355833, 'hidden_size': 124, 'dropout': 0.38726083822406887, 'hidden_continuous_size': 84, 'attention_head_size': 4, 'learning_rate': 0.0006972705037627925}. Best is trial 0 with value: 0.47894391417503357.
[I 2023-12-26 18:38:07,477] Trial 41 finished with value: 3.9916560649871826 and parameters: {'gradient_clip_val': 0.3166950591240737, 'hidden_size': 60, 'dropout': 0.43746106709572796, 'hidden_continuous_size': 36, 'attention_head_size': 4, 'learning_rate': 0.0010532060206993733}. Best is trial 0 with value: 0.47894391417503357.
[I 2023-12-26 18:38:13,897] Trial 42 finished with value: 3.246910333633423 and parameters: {'gradient_clip_val': 0.36143362977690197, 'hidden_size': 101, 'dropout': 0.4075501073952051, 'hidden_continuous_size': 20, 'attention_head_size': 4, 'learning_rate': 0.0008246694290196912}. Best is trial 0 with value: 0.47894391417503357.
[I 2023-12-26 18:38:22,363] Trial 43 finished with value: 3.684337615966797 and parameters: {'gradient_clip_val': 0.28477275372130967, 'hidden_size': 120, 'dropout': 0.3583614801991466, 'hidden_continuous_size': 119, 'attention_head_size': 1, 'learning_rate': 0.0006520604079693048}. Best is trial 0 with value: 0.47894391417503357.
[I 2023-12-26 18:38:27,705] Trial 44 finished with value: 3.806166887283325 and parameters: {'gradient_clip_val': 0.5033747765004306, 'hidden_size': 84, 'dropout': 0.470348319329295, 'hidden_continuous_size': 41, 'attention_head_size': 2, 'learning_rate': 0.0013233062901945303}. Best is trial 0 with value: 0.47894391417503357.
[I 2023-12-26 18:38:37,383] Trial 45 finished with value: 2.503305196762085 and parameters: {'gradient_clip_val': 0.1828159719456787, 'hidden_size': 149, 'dropout': 0.3905058713639323, 'hidden_continuous_size': 33, 'attention_head_size': 3, 'learning_rate': 0.0005461592938282178}. Best is trial 0 with value: 0.47894391417503357.
[I 2023-12-26 18:38:43,415] Trial 46 finished with value: 3.3470840454101562 and parameters: {'gradient_clip_val': 0.15619863455767136, 'hidden_size': 94, 'dropout': 0.42515208081872785, 'hidden_continuous_size': 29, 'attention_head_size': 1, 'learning_rate': 0.0032915966437468158}. Best is trial 0 with value: 0.47894391417503357.
[I 2023-12-26 18:38:51,359] Trial 47 finished with value: 4.037603855133057 and parameters: {'gradient_clip_val': 0.22661538855293747, 'hidden_size': 129, 'dropout': 0.3337681332481708, 'hidden_continuous_size': 15, 'attention_head_size': 2, 'learning_rate': 0.0019286471439502802}. Best is trial 0 with value: 0.47894391417503357.
[I 2023-12-26 18:38:56,420] Trial 48 finished with value: 3.5689632892608643 and parameters: {'gradient_clip_val': 0.16251173953383785, 'hidden_size': 79, 'dropout': 0.4033719728878582, 'hidden_continuous_size': 21, 'attention_head_size': 2, 'learning_rate': 0.0057250670253897445}. Best is trial 0 with value: 0.47894391417503357.
[I 2023-12-26 18:38:59,954] Trial 49 finished with value: 2.7024333477020264 and parameters: {'gradient_clip_val': 0.14558506793667525, 'hidden_size': 53, 'dropout': 0.30580213024210956, 'hidden_continuous_size': 29, 'attention_head_size': 4, 'learning_rate': 0.0034091332926167936}. Best is trial 0 with value: 0.47894391417503357.
[I 2023-12-26 18:39:00,076] A new study created in memory with name: no-name-130521f7-5b4d-4f4c-972f-95adac4059cf
/home/le004/conda/anaconda3/envs/tsff_env/lib/python3.9/site-packages/lightning/fabric/plugins/environments/slurm.py:191: The `srun` command is available on your system but is not used. HINT: If your intention is to run Lightning on SLURM, prepend your python command with `srun` like so: srun python /home/le004/master_thesis/git/TSFusionForecast/code/ ...
[I 2023-12-26 18:46:20,753] Trial 0 finished with value: 0.536704957485199 and parameters: {'gradient_clip_val': 0.13714132859844175, 'hidden_size': 110, 'dropout': 0.49871619631809094, 'hidden_continuous_size': 5, 'attention_head_size': 3, 'learning_rate': 0.033339555413849566}. Best is trial 0 with value: 0.536704957485199.
[I 2023-12-26 18:46:26,875] Trial 1 finished with value: 2.3740944862365723 and parameters: {'gradient_clip_val': 0.540222981036709, 'hidden_size': 94, 'dropout': 0.37040316838349174, 'hidden_continuous_size': 31, 'attention_head_size': 3, 'learning_rate': 0.0006518781920786889}. Best is trial 0 with value: 0.536704957485199.
[I 2023-12-26 18:46:31,903] Trial 2 finished with value: 2.827293634414673 and parameters: {'gradient_clip_val': 0.41598861266188675, 'hidden_size': 76, 'dropout': 0.3067178756795568, 'hidden_continuous_size': 62, 'attention_head_size': 3, 'learning_rate': 0.002021892004430121}. Best is trial 0 with value: 0.536704957485199.
[I 2023-12-26 18:46:34,358] Trial 3 finished with value: 2.179508924484253 and parameters: {'gradient_clip_val': 0.6356091396166329, 'hidden_size': 27, 'dropout': 0.14137384095478614, 'hidden_continuous_size': 12, 'attention_head_size': 4, 'learning_rate': 0.0006484731771183894}. Best is trial 0 with value: 0.536704957485199.
[I 2023-12-26 18:46:41,908] Trial 4 finished with value: 2.6895506381988525 and parameters: {'gradient_clip_val': 0.30922874414938434, 'hidden_size': 121, 'dropout': 0.40063995830827004, 'hidden_continuous_size': 28, 'attention_head_size': 4, 'learning_rate': 0.0005500896582764515}. Best is trial 0 with value: 0.536704957485199.
[I 2023-12-26 18:46:50,019] Trial 5 finished with value: 1.4850441217422485 and parameters: {'gradient_clip_val': 0.23219260273581688, 'hidden_size': 125, 'dropout': 0.4765079995481165, 'hidden_continuous_size': 59, 'attention_head_size': 4, 'learning_rate': 0.015046238171976296}. Best is trial 0 with value: 0.536704957485199.
[I 2023-12-26 18:46:51,932] Trial 6 finished with value: 2.0679285526275635 and parameters: {'gradient_clip_val': 0.34585135548907114, 'hidden_size': 16, 'dropout': 0.12302460289484946, 'hidden_continuous_size': 5, 'attention_head_size': 2, 'learning_rate': 0.021992395840349434}. Best is trial 0 with value: 0.536704957485199.
[I 2023-12-26 18:46:54,870] Trial 7 finished with value: 1.943780541419983 and parameters: {'gradient_clip_val': 0.6104402005324497, 'hidden_size': 46, 'dropout': 0.3894828829621889, 'hidden_continuous_size': 6, 'attention_head_size': 2, 'learning_rate': 0.0084909104259148}. Best is trial 0 with value: 0.536704957485199.
[I 2023-12-26 18:46:56,823] Trial 8 finished with value: 3.1902828216552734 and parameters: {'gradient_clip_val': 0.3476778407236384, 'hidden_size': 10, 'dropout': 0.4900534199747124, 'hidden_continuous_size': 8, 'attention_head_size': 1, 'learning_rate': 0.004287312009321829}. Best is trial 0 with value: 0.536704957485199.
[I 2023-12-26 18:46:58,770] Trial 9 finished with value: 2.84366774559021 and parameters: {'gradient_clip_val': 0.7877517692820504, 'hidden_size': 7, 'dropout': 0.35054691364066914, 'hidden_continuous_size': 5, 'attention_head_size': 3, 'learning_rate': 0.0006941662381462332}. Best is trial 0 with value: 0.536704957485199.
[I 2023-12-26 18:47:01,750] Trial 10 finished with value: 1.2194992303848267 and parameters: {'gradient_clip_val': 0.111902749735777, 'hidden_size': 47, 'dropout': 0.2620438404274942, 'hidden_continuous_size': 10, 'attention_head_size': 1, 'learning_rate': 0.08891253144419207}. Best is trial 0 with value: 0.536704957485199.
[I 2023-12-26 18:47:04,846] Trial 11 finished with value: 1.697567105293274 and parameters: {'gradient_clip_val': 0.10200871330678161, 'hidden_size': 51, 'dropout': 0.241763815733317, 'hidden_continuous_size': 9, 'attention_head_size': 1, 'learning_rate': 0.09489860490736489}. Best is trial 0 with value: 0.536704957485199.
[I 2023-12-26 18:47:07,974] Trial 12 finished with value: 1.9392547607421875 and parameters: {'gradient_clip_val': 0.11211203431118208, 'hidden_size': 52, 'dropout': 0.24377637389026463, 'hidden_continuous_size': 8, 'attention_head_size': 2, 'learning_rate': 0.09227902174857823}. Best is trial 0 with value: 0.536704957485199.
[I 2023-12-26 18:47:10,615] Trial 13 finished with value: 2.8109867572784424 and parameters: {'gradient_clip_val': 0.1511416393454878, 'hidden_size': 28, 'dropout': 0.42931759248977736, 'hidden_continuous_size': 6, 'attention_head_size': 1, 'learning_rate': 0.04090644568762477}. Best is trial 0 with value: 0.536704957485199.
[I 2023-12-26 18:47:19,760] Trial 14 finished with value: 1.7373021841049194 and parameters: {'gradient_clip_val': 0.16250423824136176, 'hidden_size': 149, 'dropout': 0.4511096428817574, 'hidden_continuous_size': 15, 'attention_head_size': 2, 'learning_rate': 0.040022638279121246}. Best is trial 0 with value: 0.536704957485199.
[I 2023-12-26 18:47:24,136] Trial 15 finished with value: 1.6724821329116821 and parameters: {'gradient_clip_val': 0.17910651771196978, 'hidden_size': 73, 'dropout': 0.4922263791385478, 'hidden_continuous_size': 11, 'attention_head_size': 3, 'learning_rate': 0.04920575525593252}. Best is trial 0 with value: 0.536704957485199.
[I 2023-12-26 18:47:26,784] Trial 16 finished with value: 2.828615188598633 and parameters: {'gradient_clip_val': 0.12711444026736016, 'hidden_size': 38, 'dropout': 0.29688709158964743, 'hidden_continuous_size': 7, 'attention_head_size': 1, 'learning_rate': 0.02261647689762083}. Best is trial 0 with value: 0.536704957485199.
[I 2023-12-26 18:47:31,350] Trial 17 finished with value: 2.0593390464782715 and parameters: {'gradient_clip_val': 0.2182010039841404, 'hidden_size': 76, 'dropout': 0.43985161223354347, 'hidden_continuous_size': 11, 'attention_head_size': 2, 'learning_rate': 0.06198397286083442}. Best is trial 0 with value: 0.536704957485199.
[I 2023-12-26 18:47:33,446] Trial 18 finished with value: 2.411566734313965 and parameters: {'gradient_clip_val': 0.1282465828759926, 'hidden_size': 18, 'dropout': 0.32048686144051836, 'hidden_continuous_size': 5, 'attention_head_size': 3, 'learning_rate': 0.026307020571835295}. Best is trial 0 with value: 0.536704957485199.
[I 2023-12-26 18:47:39,413] Trial 19 finished with value: 1.7887611389160156 and parameters: {'gradient_clip_val': 0.10142558668091779, 'hidden_size': 97, 'dropout': 0.40378110490986513, 'hidden_continuous_size': 15, 'attention_head_size': 4, 'learning_rate': 0.07030726727600393}. Best is trial 0 with value: 0.536704957485199.
[I 2023-12-26 18:47:41,984] Trial 20 finished with value: 1.7688385248184204 and parameters: {'gradient_clip_val': 0.1340001672333743, 'hidden_size': 36, 'dropout': 0.25332713794949363, 'hidden_continuous_size': 6, 'attention_head_size': 1, 'learning_rate': 0.0976770872082055}. Best is trial 0 with value: 0.536704957485199.
[I 2023-12-26 18:47:53,560] Trial 21 finished with value: 2.1272168159484863 and parameters: {'gradient_clip_val': 0.21151634549503207, 'hidden_size': 144, 'dropout': 0.4990434370198316, 'hidden_continuous_size': 129, 'attention_head_size': 4, 'learning_rate': 0.013287328575244298}. Best is trial 0 with value: 0.536704957485199.
[I 2023-12-26 18:48:01,008] Trial 22 finished with value: 2.325432777404785 and parameters: {'gradient_clip_val': 0.20578790858081913, 'hidden_size': 113, 'dropout': 0.45644798741471304, 'hidden_continuous_size': 24, 'attention_head_size': 4, 'learning_rate': 0.0367481825258396}. Best is trial 0 with value: 0.536704957485199.
[I 2023-12-26 18:48:05,045] Trial 23 finished with value: 2.3328142166137695 and parameters: {'gradient_clip_val': 0.24771143198605824, 'hidden_size': 64, 'dropout': 0.45187071633229686, 'hidden_continuous_size': 9, 'attention_head_size': 3, 'learning_rate': 0.014659938391470343}. Best is trial 0 with value: 0.536704957485199.
[I 2023-12-26 18:48:13,309] Trial 24 finished with value: 2.375960350036621 and parameters: {'gradient_clip_val': 0.16476415280095894, 'hidden_size': 97, 'dropout': 0.47091392525470205, 'hidden_continuous_size': 19, 'attention_head_size': 4, 'learning_rate': 0.03099045644772843}. Best is trial 0 with value: 0.536704957485199.
[I 2023-12-26 18:48:22,710] Trial 25 finished with value: 2.0811607837677 and parameters: {'gradient_clip_val': 0.13891866837009237, 'hidden_size': 147, 'dropout': 0.4953242863615011, 'hidden_continuous_size': 41, 'attention_head_size': 3, 'learning_rate': 0.06234064487757971}. Best is trial 0 with value: 0.536704957485199.
[I 2023-12-26 18:48:26,561] Trial 26 finished with value: 2.54007887840271 and parameters: {'gradient_clip_val': 0.1216182949462901, 'hidden_size': 62, 'dropout': 0.41499354485999584, 'hidden_continuous_size': 10, 'attention_head_size': 2, 'learning_rate': 0.014169938474468026}. Best is trial 0 with value: 0.536704957485199.
[I 2023-12-26 18:48:32,063] Trial 27 finished with value: 1.866981029510498 and parameters: {'gradient_clip_val': 0.16823437462465762, 'hidden_size': 86, 'dropout': 0.4257438348876708, 'hidden_continuous_size': 14, 'attention_head_size': 4, 'learning_rate': 0.04793413059752423}. Best is trial 0 with value: 0.536704957485199.
[I 2023-12-26 18:48:38,970] Trial 28 finished with value: 1.7365942001342773 and parameters: {'gradient_clip_val': 0.11311385976172673, 'hidden_size': 115, 'dropout': 0.47237438727741565, 'hidden_continuous_size': 18, 'attention_head_size': 3, 'learning_rate': 0.025271412608695202}. Best is trial 0 with value: 0.536704957485199.
[I 2023-12-26 18:48:43,898] Trial 29 finished with value: 1.762459397315979 and parameters: {'gradient_clip_val': 0.14375957478198298, 'hidden_size': 84, 'dropout': 0.36142200906537375, 'hidden_continuous_size': 7, 'attention_head_size': 4, 'learning_rate': 0.06343947905456224}. Best is trial 0 with value: 0.536704957485199.
[I 2023-12-26 18:48:50,106] Trial 30 finished with value: 2.5530953407287598 and parameters: {'gradient_clip_val': 0.1869468094039045, 'hidden_size': 101, 'dropout': 0.3924194972158205, 'hidden_continuous_size': 38, 'attention_head_size': 2, 'learning_rate': 0.016875340577184143}. Best is trial 0 with value: 0.536704957485199.
[I 2023-12-26 18:48:54,088] Trial 31 finished with value: 2.8346951007843018 and parameters: {'gradient_clip_val': 0.18421667237222056, 'hidden_size': 67, 'dropout': 0.4993175127837425, 'hidden_continuous_size': 12, 'attention_head_size': 3, 'learning_rate': 0.05360506534678093}. Best is trial 0 with value: 0.536704957485199.
[I 2023-12-26 18:48:58,470] Trial 32 finished with value: 3.1476383209228516 and parameters: {'gradient_clip_val': 0.2510390506698508, 'hidden_size': 77, 'dropout': 0.47177450391296305, 'hidden_continuous_size': 11, 'attention_head_size': 3, 'learning_rate': 0.03788182897483557}. Best is trial 0 with value: 0.536704957485199.
[I 2023-12-26 18:49:02,069] Trial 33 finished with value: 2.533630132675171 and parameters: {'gradient_clip_val': 0.15789771661070326, 'hidden_size': 61, 'dropout': 0.4290107175533663, 'hidden_continuous_size': 12, 'attention_head_size': 3, 'learning_rate': 0.031068757201863886}. Best is trial 0 with value: 0.536704957485199.
[I 2023-12-26 18:49:09,611] Trial 34 finished with value: 2.5384743213653564 and parameters: {'gradient_clip_val': 0.14384832386340723, 'hidden_size': 125, 'dropout': 0.4613636137956209, 'hidden_continuous_size': 21, 'attention_head_size': 3, 'learning_rate': 0.04675739963051942}. Best is trial 0 with value: 0.536704957485199.
[I 2023-12-26 18:49:15,827] Trial 35 finished with value: 2.4922924041748047 and parameters: {'gradient_clip_val': 0.2620228603437996, 'hidden_size': 89, 'dropout': 0.4703760395829339, 'hidden_continuous_size': 10, 'attention_head_size': 4, 'learning_rate': 0.020151788076122563}. Best is trial 0 with value: 0.536704957485199.
