[I 2023-12-27 11:05:35,554] Trial 30 finished with value: 2.859657049179077 and parameters: {'gradient_clip_val': 0.564041243227239, 'hidden_size': 75, 'dropout': 0.38443148039154595, 'hidden_continuous_size': 8, 'attention_head_size': 3, 'learning_rate': 0.0055255889191962795}. Best is trial 0 with value: 0.05607825145125389.
[I 2023-12-27 11:05:35,937] Trial 31 finished with value: 2.729746103286743 and parameters: {'gradient_clip_val': 0.10325188636724422, 'hidden_size': 22, 'dropout': 0.4142903714901177, 'hidden_continuous_size': 10, 'attention_head_size': 2, 'learning_rate': 0.0012125006866865295}. Best is trial 0 with value: 0.05607825145125389.
[I 2023-12-27 11:05:36,321] Trial 32 finished with value: 3.166160821914673 and parameters: {'gradient_clip_val': 0.19029641947883982, 'hidden_size': 17, 'dropout': 0.40774241114351456, 'hidden_continuous_size': 9, 'attention_head_size': 2, 'learning_rate': 0.001037846270107135}. Best is trial 0 with value: 0.05607825145125389.
[I 2023-12-27 11:05:36,724] Trial 33 finished with value: 3.5405843257904053 and parameters: {'gradient_clip_val': 0.1607385370343733, 'hidden_size': 39, 'dropout': 0.36488906275358646, 'hidden_continuous_size': 7, 'attention_head_size': 2, 'learning_rate': 0.0006687649916320007}. Best is trial 0 with value: 0.05607825145125389.
[I 2023-12-27 11:05:37,115] Trial 34 finished with value: 3.991224527359009 and parameters: {'gradient_clip_val': 0.25510476617027134, 'hidden_size': 29, 'dropout': 0.4318544500498238, 'hidden_continuous_size': 10, 'attention_head_size': 2, 'learning_rate': 0.0009980083669276177}. Best is trial 0 with value: 0.05607825145125389.
[I 2023-12-27 11:05:37,533] Trial 35 finished with value: 2.940171003341675 and parameters: {'gradient_clip_val': 0.32287098080709614, 'hidden_size': 50, 'dropout': 0.33937001457387544, 'hidden_continuous_size': 13, 'attention_head_size': 1, 'learning_rate': 0.002589638850276494}. Best is trial 0 with value: 0.05607825145125389.
[I 2023-12-27 11:05:37,919] Trial 36 finished with value: 3.6781527996063232 and parameters: {'gradient_clip_val': 0.42736793563651027, 'hidden_size': 15, 'dropout': 0.38586506139745597, 'hidden_continuous_size': 8, 'attention_head_size': 4, 'learning_rate': 0.0015295513749587133}. Best is trial 0 with value: 0.05607825145125389.
[I 2023-12-27 11:05:38,315] Trial 37 finished with value: 3.1851911544799805 and parameters: {'gradient_clip_val': 0.28747531862366343, 'hidden_size': 31, 'dropout': 0.24201036240061102, 'hidden_continuous_size': 15, 'attention_head_size': 1, 'learning_rate': 0.000769446406439473}. Best is trial 0 with value: 0.05607825145125389.
[I 2023-12-27 11:05:38,734] Trial 38 finished with value: 4.3444318771362305 and parameters: {'gradient_clip_val': 0.39313254695831945, 'hidden_size': 55, 'dropout': 0.316561596527799, 'hidden_continuous_size': 12, 'attention_head_size': 2, 'learning_rate': 0.0005042891528688129}. Best is trial 0 with value: 0.05607825145125389.
[I 2023-12-27 11:05:39,120] Trial 39 finished with value: 3.318950891494751 and parameters: {'gradient_clip_val': 0.25289683600458207, 'hidden_size': 25, 'dropout': 0.34620986591000025, 'hidden_continuous_size': 6, 'attention_head_size': 3, 'learning_rate': 0.0016402768614394957}. Best is trial 0 with value: 0.05607825145125389.
[I 2023-12-27 11:05:39,741] Trial 40 finished with value: 4.5609259605407715 and parameters: {'gradient_clip_val': 0.3148356829434125, 'hidden_size': 13, 'dropout': 0.3487045832508844, 'hidden_continuous_size': 9, 'attention_head_size': 2, 'learning_rate': 0.09164748426387227}. Best is trial 0 with value: 0.05607825145125389.
[I 2023-12-27 11:05:40,122] Trial 41 finished with value: 2.863508939743042 and parameters: {'gradient_clip_val': 0.10167197919637097, 'hidden_size': 21, 'dropout': 0.4171609018671844, 'hidden_continuous_size': 10, 'attention_head_size': 2, 'learning_rate': 0.0020547771364538706}. Best is trial 0 with value: 0.05607825145125389.
[I 2023-12-27 11:05:40,508] Trial 42 finished with value: 4.03677225112915 and parameters: {'gradient_clip_val': 0.10060713520277713, 'hidden_size': 23, 'dropout': 0.4685378711298996, 'hidden_continuous_size': 11, 'attention_head_size': 2, 'learning_rate': 0.0012911139165564908}. Best is trial 0 with value: 0.05607825145125389.
[I 2023-12-27 11:05:40,924] Trial 43 finished with value: 3.613856315612793 and parameters: {'gradient_clip_val': 0.12565958800758847, 'hidden_size': 44, 'dropout': 0.4081245651093781, 'hidden_continuous_size': 13, 'attention_head_size': 2, 'learning_rate': 0.002506647977669103}. Best is trial 0 with value: 0.05607825145125389.
[I 2023-12-27 11:05:41,323] Trial 44 finished with value: 4.188068866729736 and parameters: {'gradient_clip_val': 0.12452966203399628, 'hidden_size': 31, 'dropout': 0.3855230386529538, 'hidden_continuous_size': 10, 'attention_head_size': 2, 'learning_rate': 0.0030969710215197977}. Best is trial 0 with value: 0.05607825145125389.
[I 2023-12-27 11:05:41,728] Trial 45 finished with value: 3.7471580505371094 and parameters: {'gradient_clip_val': 0.2228058670934207, 'hidden_size': 26, 'dropout': 0.41576083401688146, 'hidden_continuous_size': 8, 'attention_head_size': 3, 'learning_rate': 0.0020365795973808615}. Best is trial 0 with value: 0.05607825145125389.
[I 2023-12-27 11:05:42,200] Trial 46 finished with value: 4.190248012542725 and parameters: {'gradient_clip_val': 0.42059138060352447, 'hidden_size': 86, 'dropout': 0.3277290242236728, 'hidden_continuous_size': 17, 'attention_head_size': 2, 'learning_rate': 0.004519654411600023}. Best is trial 0 with value: 0.05607825145125389.
[I 2023-12-27 11:05:42,604] Trial 47 finished with value: 3.8141591548919678 and parameters: {'gradient_clip_val': 0.3418420534114313, 'hidden_size': 37, 'dropout': 0.4604155554622012, 'hidden_continuous_size': 12, 'attention_head_size': 1, 'learning_rate': 0.0011894635163852167}. Best is trial 0 with value: 0.05607825145125389.
[I 2023-12-27 11:05:43,033] Trial 48 finished with value: 4.401968479156494 and parameters: {'gradient_clip_val': 0.5188789972502363, 'hidden_size': 47, 'dropout': 0.4926913676411824, 'hidden_continuous_size': 15, 'attention_head_size': 3, 'learning_rate': 0.07136710086181168}. Best is trial 0 with value: 0.05607825145125389.
[I 2023-12-27 11:05:43,637] Trial 49 finished with value: 4.843411445617676 and parameters: {'gradient_clip_val': 0.27260921749541334, 'hidden_size': 123, 'dropout': 0.39403076153637706, 'hidden_continuous_size': 86, 'attention_head_size': 2, 'learning_rate': 0.0008278517487040053}. Best is trial 0 with value: 0.05607825145125389.
[I 2023-12-27 11:05:43,749] A new study created in memory with name: no-name-b0cef0c4-c9f2-40e9-a6b9-5bb6fe77cf92
/home/le004/conda/anaconda3/envs/tsff_env/lib/python3.9/site-packages/lightning/fabric/plugins/environments/slurm.py:191: The `srun` command is available on your system but is not used. HINT: If your intention is to run Lightning on SLURM, prepend your python command with `srun` like so: srun python /home/le004/master_thesis/git/TSFusionForecast/code/ ...
[I 2023-12-27 11:06:14,927] Trial 0 finished with value: 0.12823230028152466 and parameters: {'gradient_clip_val': 0.19582153718435963, 'hidden_size': 13, 'dropout': 0.27751020953089767, 'hidden_continuous_size': 7, 'attention_head_size': 1, 'learning_rate': 0.02237584611372043}. Best is trial 0 with value: 0.12823230028152466.
[I 2023-12-27 11:06:24,746] Trial 1 finished with value: 3.7156600952148438 and parameters: {'gradient_clip_val': 0.21781367653397654, 'hidden_size': 6, 'dropout': 0.1345730538523426, 'hidden_continuous_size': 5, 'attention_head_size': 3, 'learning_rate': 0.0012961449149481799}. Best is trial 0 with value: 0.12823230028152466.
[I 2023-12-27 11:06:25,142] Trial 2 finished with value: 4.0993733406066895 and parameters: {'gradient_clip_val': 0.4700797833815946, 'hidden_size': 45, 'dropout': 0.3393081810268951, 'hidden_continuous_size': 9, 'attention_head_size': 4, 'learning_rate': 0.0011351326895669821}. Best is trial 0 with value: 0.12823230028152466.
[I 2023-12-27 11:06:25,548] Trial 3 finished with value: 3.5646965503692627 and parameters: {'gradient_clip_val': 0.3205513969388794, 'hidden_size': 55, 'dropout': 0.12415161505788466, 'hidden_continuous_size': 10, 'attention_head_size': 3, 'learning_rate': 0.0011263085673690538}. Best is trial 0 with value: 0.12823230028152466.
[I 2023-12-27 11:06:26,054] Trial 4 finished with value: 3.145570755004883 and parameters: {'gradient_clip_val': 0.26947797863001655, 'hidden_size': 119, 'dropout': 0.25100595782237023, 'hidden_continuous_size': 7, 'attention_head_size': 4, 'learning_rate': 0.04058888150823162}. Best is trial 0 with value: 0.12823230028152466.
[I 2023-12-27 11:06:26,434] Trial 5 finished with value: 3.425034761428833 and parameters: {'gradient_clip_val': 0.34054408458048335, 'hidden_size': 26, 'dropout': 0.49842113534761723, 'hidden_continuous_size': 13, 'attention_head_size': 3, 'learning_rate': 0.0066404692003720405}. Best is trial 0 with value: 0.12823230028152466.
[I 2023-12-27 11:06:26,807] Trial 6 finished with value: 3.0960872173309326 and parameters: {'gradient_clip_val': 0.5727999332594951, 'hidden_size': 35, 'dropout': 0.4688663020625553, 'hidden_continuous_size': 9, 'attention_head_size': 2, 'learning_rate': 0.0010151969735648027}. Best is trial 0 with value: 0.12823230028152466.
[I 2023-12-27 11:06:27,186] Trial 7 finished with value: 2.7678911685943604 and parameters: {'gradient_clip_val': 0.12118123708615311, 'hidden_size': 34, 'dropout': 0.4907708952154911, 'hidden_continuous_size': 17, 'attention_head_size': 4, 'learning_rate': 0.0034499149254783967}. Best is trial 0 with value: 0.12823230028152466.
[I 2023-12-27 11:06:27,732] Trial 8 finished with value: 3.692829132080078 and parameters: {'gradient_clip_val': 0.16866975314920096, 'hidden_size': 118, 'dropout': 0.18402943809003022, 'hidden_continuous_size': 8, 'attention_head_size': 2, 'learning_rate': 0.05593288745777918}. Best is trial 0 with value: 0.12823230028152466.
[I 2023-12-27 11:06:28,184] Trial 9 finished with value: 3.7750656604766846 and parameters: {'gradient_clip_val': 0.5530945694778202, 'hidden_size': 71, 'dropout': 0.3472537539149152, 'hidden_continuous_size': 5, 'attention_head_size': 2, 'learning_rate': 0.0023492104373959914}. Best is trial 0 with value: 0.12823230028152466.
[I 2023-12-27 11:06:28,568] Trial 10 finished with value: 4.12001371383667 and parameters: {'gradient_clip_val': 0.10158156655060319, 'hidden_size': 13, 'dropout': 0.2571704516415487, 'hidden_continuous_size': 6, 'attention_head_size': 1, 'learning_rate': 0.019009250286559205}. Best is trial 0 with value: 0.12823230028152466.
[I 2023-12-27 11:06:28,945] Trial 11 finished with value: 4.474754810333252 and parameters: {'gradient_clip_val': 0.93689351499746, 'hidden_size': 17, 'dropout': 0.4217344328363187, 'hidden_continuous_size': 17, 'attention_head_size': 1, 'learning_rate': 0.007327066688325239}. Best is trial 0 with value: 0.12823230028152466.
[I 2023-12-27 11:06:29,573] Trial 12 finished with value: 3.5801594257354736 and parameters: {'gradient_clip_val': 0.13886742020706716, 'hidden_size': 13, 'dropout': 0.4015272767196812, 'hidden_continuous_size': 7, 'attention_head_size': 4, 'learning_rate': 0.014450856458289155}. Best is trial 0 with value: 0.12823230028152466.
[I 2023-12-27 11:06:29,990] Trial 13 finished with value: 3.806623697280884 and parameters: {'gradient_clip_val': 0.11095980731060283, 'hidden_size': 23, 'dropout': 0.30179019596955664, 'hidden_continuous_size': 21, 'attention_head_size': 1, 'learning_rate': 0.004008877390227067}. Best is trial 0 with value: 0.12823230028152466.
[I 2023-12-27 11:06:30,376] Trial 14 finished with value: 4.3037943840026855 and parameters: {'gradient_clip_val': 0.17101020423622595, 'hidden_size': 8, 'dropout': 0.40873889939236024, 'hidden_continuous_size': 6, 'attention_head_size': 2, 'learning_rate': 0.025444579853623507}. Best is trial 0 with value: 0.12823230028152466.
[I 2023-12-27 11:06:30,738] Trial 15 finished with value: 5.085214138031006 and parameters: {'gradient_clip_val': 0.14311243163104378, 'hidden_size': 5, 'dropout': 0.23291606300487389, 'hidden_continuous_size': 5, 'attention_head_size': 3, 'learning_rate': 0.0998866892308271}. Best is trial 0 with value: 0.12823230028152466.
[I 2023-12-27 11:06:31,127] Trial 16 finished with value: 2.4313764572143555 and parameters: {'gradient_clip_val': 0.2176816966344787, 'hidden_size': 32, 'dropout': 0.3487649766900911, 'hidden_continuous_size': 32, 'attention_head_size': 1, 'learning_rate': 0.010342849078566786}. Best is trial 0 with value: 0.12823230028152466.
[I 2023-12-27 11:06:31,539] Trial 17 finished with value: 3.754730224609375 and parameters: {'gradient_clip_val': 0.22469094138220636, 'hidden_size': 9, 'dropout': 0.3185430320057513, 'hidden_continuous_size': 6, 'attention_head_size': 1, 'learning_rate': 0.0005010679304616167}. Best is trial 0 with value: 0.12823230028152466.
[I 2023-12-27 11:06:31,941] Trial 18 finished with value: 3.8503494262695312 and parameters: {'gradient_clip_val': 0.18963465141703448, 'hidden_size': 19, 'dropout': 0.35984835185244846, 'hidden_continuous_size': 12, 'attention_head_size': 1, 'learning_rate': 0.011877073129180874}. Best is trial 0 with value: 0.12823230028152466.
[I 2023-12-27 11:06:32,349] Trial 19 finished with value: 4.519773960113525 and parameters: {'gradient_clip_val': 0.2525057053614548, 'hidden_size': 15, 'dropout': 0.2707896913391003, 'hidden_continuous_size': 10, 'attention_head_size': 1, 'learning_rate': 0.025786704108089968}. Best is trial 0 with value: 0.12823230028152466.
[I 2023-12-27 11:06:32,745] Trial 20 finished with value: 2.8271865844726562 and parameters: {'gradient_clip_val': 0.19820072854387308, 'hidden_size': 22, 'dropout': 0.20621555824458127, 'hidden_continuous_size': 22, 'attention_head_size': 2, 'learning_rate': 0.009862336404205542}. Best is trial 0 with value: 0.12823230028152466.
[I 2023-12-27 11:06:33,166] Trial 21 finished with value: 3.4255130290985107 and parameters: {'gradient_clip_val': 0.12770064846612042, 'hidden_size': 32, 'dropout': 0.2903574359731179, 'hidden_continuous_size': 32, 'attention_head_size': 4, 'learning_rate': 0.004530743064937159}. Best is trial 0 with value: 0.12823230028152466.
[I 2023-12-27 11:06:33,588] Trial 22 finished with value: 3.9946839809417725 and parameters: {'gradient_clip_val': 0.15666133117544725, 'hidden_size': 33, 'dropout': 0.37749519271821685, 'hidden_continuous_size': 31, 'attention_head_size': 1, 'learning_rate': 0.01627297429456654}. Best is trial 0 with value: 0.12823230028152466.
[I 2023-12-27 11:06:34,023] Trial 23 finished with value: 3.178956985473633 and parameters: {'gradient_clip_val': 0.12012012842437486, 'hidden_size': 29, 'dropout': 0.44667371450462356, 'hidden_continuous_size': 14, 'attention_head_size': 2, 'learning_rate': 0.007496647848709392}. Best is trial 0 with value: 0.12823230028152466.
[I 2023-12-27 11:06:34,494] Trial 24 finished with value: 4.801542282104492 and parameters: {'gradient_clip_val': 0.1433740273157898, 'hidden_size': 47, 'dropout': 0.3254807574955051, 'hidden_continuous_size': 46, 'attention_head_size': 3, 'learning_rate': 0.003936642389874892}. Best is trial 0 with value: 0.12823230028152466.
[I 2023-12-27 11:06:34,894] Trial 25 finished with value: 3.939453125 and parameters: {'gradient_clip_val': 0.17051112331195215, 'hidden_size': 21, 'dropout': 0.3850537496102101, 'hidden_continuous_size': 12, 'attention_head_size': 1, 'learning_rate': 0.009982009244495715}. Best is trial 0 with value: 0.12823230028152466.
[I 2023-12-27 11:06:35,535] Trial 26 finished with value: 3.8154489994049072 and parameters: {'gradient_clip_val': 0.10157975100784909, 'hidden_size': 11, 'dropout': 0.43863302503967494, 'hidden_continuous_size': 8, 'attention_head_size': 2, 'learning_rate': 0.02029349344949345}. Best is trial 0 with value: 0.12823230028152466.
[I 2023-12-27 11:06:35,959] Trial 27 finished with value: 3.859917402267456 and parameters: {'gradient_clip_val': 0.12592819979438125, 'hidden_size': 27, 'dropout': 0.49714247610246787, 'hidden_continuous_size': 15, 'attention_head_size': 4, 'learning_rate': 0.01313363548950698}. Best is trial 0 with value: 0.12823230028152466.
[I 2023-12-27 11:06:36,375] Trial 28 finished with value: 4.915337085723877 and parameters: {'gradient_clip_val': 0.19175764030305337, 'hidden_size': 15, 'dropout': 0.36803300418601187, 'hidden_continuous_size': 10, 'attention_head_size': 1, 'learning_rate': 0.0026648984922631107}. Best is trial 0 with value: 0.12823230028152466.
[I 2023-12-27 11:06:36,786] Trial 29 finished with value: 3.7435057163238525 and parameters: {'gradient_clip_val': 0.2271962443140508, 'hidden_size': 19, 'dropout': 0.29734156817407514, 'hidden_continuous_size': 11, 'attention_head_size': 3, 'learning_rate': 0.0058003763787518705}. Best is trial 0 with value: 0.12823230028152466.
[I 2023-12-27 11:06:37,178] Trial 30 finished with value: 4.831448078155518 and parameters: {'gradient_clip_val': 0.1530804987378006, 'hidden_size': 7, 'dropout': 0.391290942400287, 'hidden_continuous_size': 5, 'attention_head_size': 3, 'learning_rate': 0.00965099417837068}. Best is trial 0 with value: 0.12823230028152466.
[I 2023-12-27 11:06:37,602] Trial 31 finished with value: 4.216426372528076 and parameters: {'gradient_clip_val': 0.19563972128760487, 'hidden_size': 19, 'dropout': 0.17975101821389183, 'hidden_continuous_size': 15, 'attention_head_size': 2, 'learning_rate': 0.008875649470487941}. Best is trial 0 with value: 0.12823230028152466.
[I 2023-12-27 11:06:38,003] Trial 32 finished with value: 3.9494130611419678 and parameters: {'gradient_clip_val': 0.2071477976820174, 'hidden_size': 24, 'dropout': 0.3392913722647844, 'hidden_continuous_size': 18, 'attention_head_size': 2, 'learning_rate': 0.010410016796048738}. Best is trial 0 with value: 0.12823230028152466.
[I 2023-12-27 11:06:38,433] Trial 33 finished with value: 3.579071044921875 and parameters: {'gradient_clip_val': 0.23459106924211565, 'hidden_size': 36, 'dropout': 0.22057252827014748, 'hidden_continuous_size': 22, 'attention_head_size': 1, 'learning_rate': 0.005667729786257794}. Best is trial 0 with value: 0.12823230028152466.
[I 2023-12-27 11:06:38,844] Trial 34 finished with value: 3.819434404373169 and parameters: {'gradient_clip_val': 0.28133990209148274, 'hidden_size': 25, 'dropout': 0.10499300218423088, 'hidden_continuous_size': 12, 'attention_head_size': 2, 'learning_rate': 0.014025679809526244}. Best is trial 0 with value: 0.12823230028152466.
[I 2023-12-27 11:06:39,293] Trial 35 finished with value: 3.384638547897339 and parameters: {'gradient_clip_val': 0.20690963287977315, 'hidden_size': 41, 'dropout': 0.35030827680803756, 'hidden_continuous_size': 23, 'attention_head_size': 4, 'learning_rate': 0.008372182328546463}. Best is trial 0 with value: 0.12823230028152466.
[I 2023-12-27 11:06:39,744] Trial 36 finished with value: 3.943796396255493 and parameters: {'gradient_clip_val': 0.29238007766626706, 'hidden_size': 54, 'dropout': 0.3205879174878992, 'hidden_continuous_size': 18, 'attention_head_size': 1, 'learning_rate': 0.030057265726426}. Best is trial 0 with value: 0.12823230028152466.
[I 2023-12-27 11:06:40,182] Trial 37 finished with value: 4.443530559539795 and parameters: {'gradient_clip_val': 0.3457608030567079, 'hidden_size': 29, 'dropout': 0.28033721903055464, 'hidden_continuous_size': 13, 'attention_head_size': 2, 'learning_rate': 0.016428351920881264}. Best is trial 0 with value: 0.12823230028152466.
[I 2023-12-27 11:06:40,621] Trial 38 finished with value: 4.799671649932861 and parameters: {'gradient_clip_val': 0.24723346784340408, 'hidden_size': 39, 'dropout': 0.472017779614221, 'hidden_continuous_size': 25, 'attention_head_size': 3, 'learning_rate': 0.03627455350537472}. Best is trial 0 with value: 0.12823230028152466.
[I 2023-12-27 11:06:41,297] Trial 39 finished with value: 4.171253681182861 and parameters: {'gradient_clip_val': 0.18808300330464614, 'hidden_size': 22, 'dropout': 0.23813763637689295, 'hidden_continuous_size': 9, 'attention_head_size': 1, 'learning_rate': 0.012027976889164066}. Best is trial 0 with value: 0.12823230028152466.
[I 2023-12-27 11:06:41,817] Trial 40 finished with value: 3.0416781902313232 and parameters: {'gradient_clip_val': 0.16795313544951654, 'hidden_size': 69, 'dropout': 0.20492352933198563, 'hidden_continuous_size': 29, 'attention_head_size': 2, 'learning_rate': 0.020585183238409178}. Best is trial 0 with value: 0.12823230028152466.
[I 2023-12-27 11:06:42,309] Trial 41 finished with value: 3.5058774948120117 and parameters: {'gradient_clip_val': 0.17969278120333432, 'hidden_size': 71, 'dropout': 0.19990266896132033, 'hidden_continuous_size': 30, 'attention_head_size': 2, 'learning_rate': 0.0240711143101095}. Best is trial 0 with value: 0.12823230028152466.
[I 2023-12-27 11:06:42,785] Trial 42 finished with value: 3.8751699924468994 and parameters: {'gradient_clip_val': 0.21300367396890807, 'hidden_size': 47, 'dropout': 0.26218981270231223, 'hidden_continuous_size': 26, 'attention_head_size': 2, 'learning_rate': 0.021085702257386887}. Best is trial 0 with value: 0.12823230028152466.
[I 2023-12-27 11:06:43,279] Trial 43 finished with value: 3.1638126373291016 and parameters: {'gradient_clip_val': 0.16115277386672533, 'hidden_size': 73, 'dropout': 0.14544641438670866, 'hidden_continuous_size': 37, 'attention_head_size': 2, 'learning_rate': 0.016952943300456123}. Best is trial 0 with value: 0.12823230028152466.
[I 2023-12-27 11:06:43,704] Trial 44 finished with value: 4.024880886077881 and parameters: {'gradient_clip_val': 0.1361353625047922, 'hidden_size': 32, 'dropout': 0.2550845891885615, 'hidden_continuous_size': 20, 'attention_head_size': 1, 'learning_rate': 0.006828889807016995}. Best is trial 0 with value: 0.12823230028152466.
