[I 2023-12-15 22:17:36,652] Trial 8 finished with value: 66.20523071289062 and parameters: {'gradient_clip_val': 0.8182030533756411, 'hidden_size': 79, 'dropout': 0.22413512138919411, 'hidden_continuous_size': 24, 'attention_head_size': 4, 'learning_rate': 0.001437755157494518}. Best is trial 7 with value: 21.5419979095459.
LOCAL_RANK: 0 - CUDA_VISIBLE_DEVICES: [0]
[I 2023-12-15 22:18:09,797] Trial 9 finished with value: 19.74057388305664 and parameters: {'gradient_clip_val': 0.4886402041218322, 'hidden_size': 5, 'dropout': 0.21769121543751116, 'hidden_continuous_size': 5, 'attention_head_size': 1, 'learning_rate': 0.0065965266568596154}. Best is trial 9 with value: 19.74057388305664.
LOCAL_RANK: 0 - CUDA_VISIBLE_DEVICES: [0]
[I 2023-12-15 22:18:56,920] Trial 10 finished with value: 33.3493537902832 and parameters: {'gradient_clip_val': 0.5612103350483951, 'hidden_size': 24, 'dropout': 0.27226625821375333, 'hidden_continuous_size': 14, 'attention_head_size': 1, 'learning_rate': 0.020189748830461644}. Best is trial 9 with value: 19.74057388305664.
LOCAL_RANK: 0 - CUDA_VISIBLE_DEVICES: [0]
[I 2023-12-15 22:19:30,113] Trial 11 finished with value: 23.183107376098633 and parameters: {'gradient_clip_val': 0.2521399931531071, 'hidden_size': 5, 'dropout': 0.38485536466011655, 'hidden_continuous_size': 5, 'attention_head_size': 2, 'learning_rate': 0.0052326858142692214}. Best is trial 9 with value: 19.74057388305664.
LOCAL_RANK: 0 - CUDA_VISIBLE_DEVICES: [0]
[I 2023-12-15 22:20:15,019] Trial 12 finished with value: 32.548484802246094 and parameters: {'gradient_clip_val': 0.21663268226759294, 'hidden_size': 10, 'dropout': 0.30096339113400883, 'hidden_continuous_size': 6, 'attention_head_size': 2, 'learning_rate': 0.005781365951479408}. Best is trial 9 with value: 19.74057388305664.
LOCAL_RANK: 0 - CUDA_VISIBLE_DEVICES: [0]
[I 2023-12-15 22:20:48,359] Trial 13 finished with value: 17.6579532623291 and parameters: {'gradient_clip_val': 0.1819422796092449, 'hidden_size': 5, 'dropout': 0.23445226721702375, 'hidden_continuous_size': 5, 'attention_head_size': 2, 'learning_rate': 0.014604665598310682}. Best is trial 13 with value: 17.6579532623291.
LOCAL_RANK: 0 - CUDA_VISIBLE_DEVICES: [0]
[I 2023-12-15 22:21:21,013] Trial 14 finished with value: 25.483871459960938 and parameters: {'gradient_clip_val': 0.9962207569192636, 'hidden_size': 5, 'dropout': 0.2138891051017377, 'hidden_continuous_size': 5, 'attention_head_size': 1, 'learning_rate': 0.0947637247383734}. Best is trial 13 with value: 17.6579532623291.
LOCAL_RANK: 0 - CUDA_VISIBLE_DEVICES: [0]
[I 2023-12-15 22:22:05,971] Trial 15 finished with value: 31.628149032592773 and parameters: {'gradient_clip_val': 0.16811806681809793, 'hidden_size': 13, 'dropout': 0.2393579858650793, 'hidden_continuous_size': 6, 'attention_head_size': 2, 'learning_rate': 0.014710427203275065}. Best is trial 13 with value: 17.6579532623291.
LOCAL_RANK: 0 - CUDA_VISIBLE_DEVICES: [0]
[I 2023-12-15 22:22:49,050] Trial 16 finished with value: 23.1956787109375 and parameters: {'gradient_clip_val': 0.38510108591369285, 'hidden_size': 8, 'dropout': 0.27038523608528, 'hidden_continuous_size': 5, 'attention_head_size': 1, 'learning_rate': 0.02485202869195303}. Best is trial 13 with value: 17.6579532623291.
LOCAL_RANK: 0 - CUDA_VISIBLE_DEVICES: [0]
[I 2023-12-15 22:23:22,466] Trial 17 finished with value: 19.573659896850586 and parameters: {'gradient_clip_val': 0.1612296962221115, 'hidden_size': 5, 'dropout': 0.19592283296323587, 'hidden_continuous_size': 5, 'attention_head_size': 2, 'learning_rate': 0.010288417807518123}. Best is trial 13 with value: 17.6579532623291.
LOCAL_RANK: 0 - CUDA_VISIBLE_DEVICES: [0]
[I 2023-12-15 22:24:08,149] Trial 18 finished with value: 31.103288650512695 and parameters: {'gradient_clip_val': 0.14732247659992564, 'hidden_size': 17, 'dropout': 0.18153470663575058, 'hidden_continuous_size': 7, 'attention_head_size': 2, 'learning_rate': 0.01136050333017393}. Best is trial 13 with value: 17.6579532623291.
LOCAL_RANK: 0 - CUDA_VISIBLE_DEVICES: [0]
[I 2023-12-15 22:24:52,991] Trial 19 finished with value: 61.01771545410156 and parameters: {'gradient_clip_val': 0.14543559439473666, 'hidden_size': 10, 'dropout': 0.19536651608638098, 'hidden_continuous_size': 6, 'attention_head_size': 2, 'learning_rate': 0.030233837880337573}. Best is trial 13 with value: 17.6579532623291.
LOCAL_RANK: 0 - CUDA_VISIBLE_DEVICES: [0]
[I 2023-12-15 22:25:37,452] Trial 20 finished with value: 33.69068145751953 and parameters: {'gradient_clip_val': 0.10280171649794084, 'hidden_size': 7, 'dropout': 0.24785427963039702, 'hidden_continuous_size': 5, 'attention_head_size': 2, 'learning_rate': 0.01029084900882643}. Best is trial 13 with value: 17.6579532623291.
LOCAL_RANK: 0 - CUDA_VISIBLE_DEVICES: [0]
[I 2023-12-15 22:26:10,264] Trial 21 finished with value: 29.951751708984375 and parameters: {'gradient_clip_val': 0.271074419587562, 'hidden_size': 5, 'dropout': 0.21778829935130253, 'hidden_continuous_size': 5, 'attention_head_size': 1, 'learning_rate': 0.008785258707478918}. Best is trial 13 with value: 17.6579532623291.
LOCAL_RANK: 0 - CUDA_VISIBLE_DEVICES: [0]
[I 2023-12-15 22:26:54,316] Trial 22 finished with value: 18.247282028198242 and parameters: {'gradient_clip_val': 0.1890451609169867, 'hidden_size': 6, 'dropout': 0.19968836596803152, 'hidden_continuous_size': 5, 'attention_head_size': 1, 'learning_rate': 0.017656380879645585}. Best is trial 13 with value: 17.6579532623291.
LOCAL_RANK: 0 - CUDA_VISIBLE_DEVICES: [0]
[I 2023-12-15 22:27:39,072] Trial 23 finished with value: 16.85426902770996 and parameters: {'gradient_clip_val': 0.18639002546830236, 'hidden_size': 6, 'dropout': 0.1960728542331741, 'hidden_continuous_size': 5, 'attention_head_size': 2, 'learning_rate': 0.016478538823441465}. Best is trial 23 with value: 16.85426902770996.
LOCAL_RANK: 0 - CUDA_VISIBLE_DEVICES: [0]
[I 2023-12-15 22:28:23,404] Trial 24 finished with value: 36.32469177246094 and parameters: {'gradient_clip_val': 0.1904100508505472, 'hidden_size': 6, 'dropout': 0.1002845159113477, 'hidden_continuous_size': 5, 'attention_head_size': 2, 'learning_rate': 0.01971285624909517}. Best is trial 23 with value: 16.85426902770996.
LOCAL_RANK: 0 - CUDA_VISIBLE_DEVICES: [0]
[I 2023-12-15 22:29:07,569] Trial 25 finished with value: 52.965087890625 and parameters: {'gradient_clip_val': 0.23007788390144834, 'hidden_size': 9, 'dropout': 0.2701808570050106, 'hidden_continuous_size': 6, 'attention_head_size': 1, 'learning_rate': 0.033328997764533685}. Best is trial 23 with value: 16.85426902770996.
LOCAL_RANK: 0 - CUDA_VISIBLE_DEVICES: [0]
[I 2023-12-15 22:29:52,471] Trial 26 finished with value: 48.24589920043945 and parameters: {'gradient_clip_val': 0.1852595390635363, 'hidden_size': 7, 'dropout': 0.1587873585150037, 'hidden_continuous_size': 5, 'attention_head_size': 3, 'learning_rate': 0.016415858627615982}. Best is trial 23 with value: 16.85426902770996.
LOCAL_RANK: 0 - CUDA_VISIBLE_DEVICES: [0]
[I 2023-12-15 22:30:36,089] Trial 27 finished with value: 26.122886657714844 and parameters: {'gradient_clip_val': 0.13357085361153517, 'hidden_size': 12, 'dropout': 0.19025067303252408, 'hidden_continuous_size': 6, 'attention_head_size': 2, 'learning_rate': 0.023539238567511066}. Best is trial 23 with value: 16.85426902770996.
LOCAL_RANK: 0 - CUDA_VISIBLE_DEVICES: [0]
[I 2023-12-15 22:31:19,967] Trial 28 finished with value: 20.724119186401367 and parameters: {'gradient_clip_val': 0.17379891838670947, 'hidden_size': 6, 'dropout': 0.23730432028899884, 'hidden_continuous_size': 5, 'attention_head_size': 1, 'learning_rate': 0.015577263779970844}. Best is trial 23 with value: 16.85426902770996.
LOCAL_RANK: 0 - CUDA_VISIBLE_DEVICES: [0]
[I 2023-12-15 22:32:05,093] Trial 29 finished with value: 55.89677810668945 and parameters: {'gradient_clip_val': 0.12554589514549624, 'hidden_size': 9, 'dropout': 0.1572328647985175, 'hidden_continuous_size': 6, 'attention_head_size': 3, 'learning_rate': 0.05121860521254856}. Best is trial 23 with value: 16.85426902770996.
LOCAL_RANK: 0 - CUDA_VISIBLE_DEVICES: [0]
[I 2023-12-15 22:32:48,492] Trial 30 finished with value: 57.418704986572266 and parameters: {'gradient_clip_val': 0.19851865588178869, 'hidden_size': 8, 'dropout': 0.2026916648074449, 'hidden_continuous_size': 5, 'attention_head_size': 2, 'learning_rate': 0.04320439767184107}. Best is trial 23 with value: 16.85426902770996.
LOCAL_RANK: 0 - CUDA_VISIBLE_DEVICES: [0]
[I 2023-12-15 22:33:32,915] Trial 31 finished with value: 25.6007022857666 and parameters: {'gradient_clip_val': 0.16716773335022103, 'hidden_size': 6, 'dropout': 0.1871851078332153, 'hidden_continuous_size': 5, 'attention_head_size': 2, 'learning_rate': 0.00882294712477157}. Best is trial 23 with value: 16.85426902770996.
LOCAL_RANK: 0 - CUDA_VISIBLE_DEVICES: [0]
[I 2023-12-15 22:34:17,110] Trial 32 finished with value: 18.405118942260742 and parameters: {'gradient_clip_val': 0.14310338352745977, 'hidden_size': 6, 'dropout': 0.2040418596781215, 'hidden_continuous_size': 5, 'attention_head_size': 2, 'learning_rate': 0.014331460233157785}. Best is trial 23 with value: 16.85426902770996.
LOCAL_RANK: 0 - CUDA_VISIBLE_DEVICES: [0]
[I 2023-12-15 22:35:01,842] Trial 33 finished with value: 20.672075271606445 and parameters: {'gradient_clip_val': 0.13906570980852107, 'hidden_size': 7, 'dropout': 0.2301233091521069, 'hidden_continuous_size': 5, 'attention_head_size': 3, 'learning_rate': 0.03160162091180499}. Best is trial 23 with value: 16.85426902770996.
LOCAL_RANK: 0 - CUDA_VISIBLE_DEVICES: [0]
[I 2023-12-15 22:35:46,432] Trial 34 finished with value: 31.072553634643555 and parameters: {'gradient_clip_val': 0.12368060919287147, 'hidden_size': 6, 'dropout': 0.17121514260435355, 'hidden_continuous_size': 5, 'attention_head_size': 2, 'learning_rate': 0.01772849665160682}. Best is trial 23 with value: 16.85426902770996.
LOCAL_RANK: 0 - CUDA_VISIBLE_DEVICES: [0]
[I 2023-12-15 22:36:31,241] Trial 35 finished with value: 65.397216796875 and parameters: {'gradient_clip_val': 0.23367981380071925, 'hidden_size': 9, 'dropout': 0.2042839771904852, 'hidden_continuous_size': 6, 'attention_head_size': 3, 'learning_rate': 0.023629395300538893}. Best is trial 23 with value: 16.85426902770996.
LOCAL_RANK: 0 - CUDA_VISIBLE_DEVICES: [0]
[I 2023-12-15 22:37:16,057] Trial 36 finished with value: 39.0461540222168 and parameters: {'gradient_clip_val': 0.2705817924933429, 'hidden_size': 14, 'dropout': 0.2535251380918442, 'hidden_continuous_size': 8, 'attention_head_size': 1, 'learning_rate': 0.012727684537813122}. Best is trial 23 with value: 16.85426902770996.
LOCAL_RANK: 0 - CUDA_VISIBLE_DEVICES: [0]
[I 2023-12-15 22:38:00,266] Trial 37 finished with value: 25.008695602416992 and parameters: {'gradient_clip_val': 0.15975481110407463, 'hidden_size': 6, 'dropout': 0.17815293439269142, 'hidden_continuous_size': 5, 'attention_head_size': 2, 'learning_rate': 0.014530191849751564}. Best is trial 23 with value: 16.85426902770996.
LOCAL_RANK: 0 - CUDA_VISIBLE_DEVICES: [0]
[I 2023-12-15 22:38:45,357] Trial 38 finished with value: 25.228727340698242 and parameters: {'gradient_clip_val': 0.11349299787722142, 'hidden_size': 11, 'dropout': 0.1497148441675307, 'hidden_continuous_size': 6, 'attention_head_size': 3, 'learning_rate': 0.007771362491815818}. Best is trial 23 with value: 16.85426902770996.
LOCAL_RANK: 0 - CUDA_VISIBLE_DEVICES: [0]
[I 2023-12-15 22:39:29,373] Trial 39 finished with value: 35.62587356567383 and parameters: {'gradient_clip_val': 0.1908102050750532, 'hidden_size': 16, 'dropout': 0.20622497883507376, 'hidden_continuous_size': 8, 'attention_head_size': 1, 'learning_rate': 0.004239361742094348}. Best is trial 23 with value: 16.85426902770996.
LOCAL_RANK: 0 - CUDA_VISIBLE_DEVICES: [0]
[I 2023-12-15 22:40:13,795] Trial 40 finished with value: 20.54208755493164 and parameters: {'gradient_clip_val': 0.1494787538980454, 'hidden_size': 7, 'dropout': 0.17051415057920502, 'hidden_continuous_size': 5, 'attention_head_size': 2, 'learning_rate': 0.012277903228597441}. Best is trial 23 with value: 16.85426902770996.
LOCAL_RANK: 0 - CUDA_VISIBLE_DEVICES: [0]
[I 2023-12-15 22:40:47,298] Trial 41 finished with value: 30.17508888244629 and parameters: {'gradient_clip_val': 0.15702516978926934, 'hidden_size': 5, 'dropout': 0.19266181188942044, 'hidden_continuous_size': 5, 'attention_head_size': 2, 'learning_rate': 0.009447659950366259}. Best is trial 23 with value: 16.85426902770996.
LOCAL_RANK: 0 - CUDA_VISIBLE_DEVICES: [0]
[I 2023-12-15 22:41:20,493] Trial 42 finished with value: 46.57197189331055 and parameters: {'gradient_clip_val': 0.21115192336889987, 'hidden_size': 5, 'dropout': 0.22432413400234644, 'hidden_continuous_size': 5, 'attention_head_size': 2, 'learning_rate': 0.011729261483514062}. Best is trial 23 with value: 16.85426902770996.
LOCAL_RANK: 0 - CUDA_VISIBLE_DEVICES: [0]
[I 2023-12-15 22:42:04,807] Trial 43 finished with value: 73.43708038330078 and parameters: {'gradient_clip_val': 0.13291704599203794, 'hidden_size': 6, 'dropout': 0.20389508204055584, 'hidden_continuous_size': 5, 'attention_head_size': 2, 'learning_rate': 0.018604801153027043}. Best is trial 23 with value: 16.85426902770996.
LOCAL_RANK: 0 - CUDA_VISIBLE_DEVICES: [0]
[I 2023-12-15 22:42:38,379] Trial 44 finished with value: 17.940046310424805 and parameters: {'gradient_clip_val': 0.1831440901486007, 'hidden_size': 5, 'dropout': 0.18267449539255692, 'hidden_continuous_size': 5, 'attention_head_size': 2, 'learning_rate': 0.006382130130369774}. Best is trial 23 with value: 16.85426902770996.
LOCAL_RANK: 0 - CUDA_VISIBLE_DEVICES: [0]
[I 2023-12-15 22:43:23,418] Trial 45 finished with value: 18.880800247192383 and parameters: {'gradient_clip_val': 0.18001080169241684, 'hidden_size': 7, 'dropout': 0.17898885648245177, 'hidden_continuous_size': 5, 'attention_head_size': 4, 'learning_rate': 0.0068041257795430875}. Best is trial 23 with value: 16.85426902770996.
LOCAL_RANK: 0 - CUDA_VISIBLE_DEVICES: [0]
[I 2023-12-15 22:44:06,420] Trial 46 finished with value: 24.395477294921875 and parameters: {'gradient_clip_val': 0.11454803225850417, 'hidden_size': 8, 'dropout': 0.216898204028447, 'hidden_continuous_size': 5, 'attention_head_size': 1, 'learning_rate': 0.0038087152125758678}. Best is trial 23 with value: 16.85426902770996.
LOCAL_RANK: 0 - CUDA_VISIBLE_DEVICES: [0]
[I 2023-12-15 22:44:40,331] Trial 47 finished with value: 26.561426162719727 and parameters: {'gradient_clip_val': 0.20980401420360542, 'hidden_size': 5, 'dropout': 0.1439541703310233, 'hidden_continuous_size': 5, 'attention_head_size': 3, 'learning_rate': 0.006500762197333079}. Best is trial 23 with value: 16.85426902770996.
LOCAL_RANK: 0 - CUDA_VISIBLE_DEVICES: [0]
[I 2023-12-15 22:45:24,672] Trial 48 finished with value: 43.94363021850586 and parameters: {'gradient_clip_val': 0.18665548100861354, 'hidden_size': 6, 'dropout': 0.1600499121526341, 'hidden_continuous_size': 5, 'attention_head_size': 2, 'learning_rate': 0.00781421434110914}. Best is trial 23 with value: 16.85426902770996.
LOCAL_RANK: 0 - CUDA_VISIBLE_DEVICES: [0]
[I 2023-12-15 22:46:11,755] Trial 49 finished with value: 59.52092361450195 and parameters: {'gradient_clip_val': 0.23343660177519188, 'hidden_size': 24, 'dropout': 0.21153588489737707, 'hidden_continuous_size': 11, 'attention_head_size': 1, 'learning_rate': 0.01525987540862607}. Best is trial 23 with value: 16.85426902770996.
[I 2023-12-15 22:46:11,848] A new study created in memory with name: no-name-54038ca0-20aa-4363-a44e-e87075a47be5
/home/le004/conda/anaconda3/envs/tsff_env/lib/python3.9/site-packages/lightning/fabric/plugins/environments/slurm.py:191: The `srun` command is available on your system but is not used. HINT: If your intention is to run Lightning on SLURM, prepend your python command with `srun` like so: srun python /home/le004/master_thesis/git/TSFusionForecast/code/ ...
LOCAL_RANK: 0 - CUDA_VISIBLE_DEVICES: [0]
[I 2023-12-15 22:46:59,822] Trial 0 finished with value: 111.28900146484375 and parameters: {'gradient_clip_val': 0.40208653633431923, 'hidden_size': 22, 'dropout': 0.2398053111740939, 'hidden_continuous_size': 12, 'attention_head_size': 1, 'learning_rate': 0.004989425173305013}. Best is trial 0 with value: 111.28900146484375.
LOCAL_RANK: 0 - CUDA_VISIBLE_DEVICES: [0]
[I 2023-12-15 22:47:44,179] Trial 1 finished with value: 33.44160842895508 and parameters: {'gradient_clip_val': 0.7219214516492867, 'hidden_size': 10, 'dropout': 0.10201130023944016, 'hidden_continuous_size': 6, 'attention_head_size': 1, 'learning_rate': 0.02655094858573066}. Best is trial 1 with value: 33.44160842895508.
LOCAL_RANK: 0 - CUDA_VISIBLE_DEVICES: [0]
[I 2023-12-15 22:48:31,141] Trial 2 finished with value: 37.06564712524414 and parameters: {'gradient_clip_val': 0.8074583847923871, 'hidden_size': 20, 'dropout': 0.14469627987051836, 'hidden_continuous_size': 16, 'attention_head_size': 2, 'learning_rate': 0.07299325284933536}. Best is trial 1 with value: 33.44160842895508.
LOCAL_RANK: 0 - CUDA_VISIBLE_DEVICES: [0]
[I 2023-12-15 22:49:20,524] Trial 3 finished with value: 31.284414291381836 and parameters: {'gradient_clip_val': 0.5833100271161841, 'hidden_size': 30, 'dropout': 0.3418809873218885, 'hidden_continuous_size': 9, 'attention_head_size': 4, 'learning_rate': 0.006957080095112312}. Best is trial 3 with value: 31.284414291381836.
LOCAL_RANK: 0 - CUDA_VISIBLE_DEVICES: [0]
[I 2023-12-15 22:50:08,215] Trial 4 finished with value: 70.8484878540039 and parameters: {'gradient_clip_val': 0.11274074262221771, 'hidden_size': 22, 'dropout': 0.10903588970900335, 'hidden_continuous_size': 6, 'attention_head_size': 3, 'learning_rate': 0.000532883600732527}. Best is trial 3 with value: 31.284414291381836.
LOCAL_RANK: 0 - CUDA_VISIBLE_DEVICES: [0]
[I 2023-12-15 22:50:58,439] Trial 5 finished with value: 35.10526657104492 and parameters: {'gradient_clip_val': 0.4877330879156034, 'hidden_size': 43, 'dropout': 0.27572909538979884, 'hidden_continuous_size': 6, 'attention_head_size': 3, 'learning_rate': 0.010408076829699084}. Best is trial 3 with value: 31.284414291381836.
LOCAL_RANK: 0 - CUDA_VISIBLE_DEVICES: [0]
[I 2023-12-15 22:51:45,723] Trial 6 finished with value: 33.61759948730469 and parameters: {'gradient_clip_val': 0.5581699528590536, 'hidden_size': 24, 'dropout': 0.3107841649880668, 'hidden_continuous_size': 21, 'attention_head_size': 1, 'learning_rate': 0.000766983336280941}. Best is trial 3 with value: 31.284414291381836.
LOCAL_RANK: 0 - CUDA_VISIBLE_DEVICES: [0]
[I 2023-12-15 22:52:19,411] Trial 7 finished with value: 36.95725631713867 and parameters: {'gradient_clip_val': 0.16966377770443913, 'hidden_size': 6, 'dropout': 0.3947590243619842, 'hidden_continuous_size': 6, 'attention_head_size': 3, 'learning_rate': 0.008850340480555776}. Best is trial 3 with value: 31.284414291381836.
LOCAL_RANK: 0 - CUDA_VISIBLE_DEVICES: [0]
[I 2023-12-15 22:53:04,505] Trial 8 finished with value: 43.42570114135742 and parameters: {'gradient_clip_val': 0.7541315458618508, 'hidden_size': 9, 'dropout': 0.24750449712031614, 'hidden_continuous_size': 8, 'attention_head_size': 2, 'learning_rate': 0.0023809253886969556}. Best is trial 3 with value: 31.284414291381836.
LOCAL_RANK: 0 - CUDA_VISIBLE_DEVICES: [0]
[I 2023-12-15 22:53:57,983] Trial 9 finished with value: 48.07441711425781 and parameters: {'gradient_clip_val': 0.11961665514905308, 'hidden_size': 62, 'dropout': 0.2992588877408763, 'hidden_continuous_size': 52, 'attention_head_size': 1, 'learning_rate': 0.03551771086688369}. Best is trial 3 with value: 31.284414291381836.
LOCAL_RANK: 0 - CUDA_VISIBLE_DEVICES: [0]
[I 2023-12-15 22:54:52,153] Trial 10 finished with value: 27.71134376525879 and parameters: {'gradient_clip_val': 0.28083343967037677, 'hidden_size': 84, 'dropout': 0.3992494544300047, 'hidden_continuous_size': 30, 'attention_head_size': 4, 'learning_rate': 0.0024839575269108094}. Best is trial 10 with value: 27.71134376525879.
LOCAL_RANK: 0 - CUDA_VISIBLE_DEVICES: [0]
[I 2023-12-15 22:55:47,235] Trial 11 finished with value: 46.69331741333008 and parameters: {'gradient_clip_val': 0.27833625056621975, 'hidden_size': 90, 'dropout': 0.39967432234257927, 'hidden_continuous_size': 28, 'attention_head_size': 4, 'learning_rate': 0.0022108453591807736}. Best is trial 10 with value: 27.71134376525879.
LOCAL_RANK: 0 - CUDA_VISIBLE_DEVICES: [0]
[I 2023-12-15 22:56:39,831] Trial 12 finished with value: 80.53807830810547 and parameters: {'gradient_clip_val': 0.3290857412283224, 'hidden_size': 46, 'dropout': 0.3628914247991275, 'hidden_continuous_size': 10, 'attention_head_size': 4, 'learning_rate': 0.003525802492344989}. Best is trial 10 with value: 27.71134376525879.
LOCAL_RANK: 0 - CUDA_VISIBLE_DEVICES: [0]
[I 2023-12-15 22:57:35,837] Trial 13 finished with value: 109.2955093383789 and parameters: {'gradient_clip_val': 0.9789317663269014, 'hidden_size': 99, 'dropout': 0.3459501176813439, 'hidden_continuous_size': 35, 'attention_head_size': 4, 'learning_rate': 0.0013429194227777789}. Best is trial 10 with value: 27.71134376525879.
LOCAL_RANK: 0 - CUDA_VISIBLE_DEVICES: [0]
[I 2023-12-15 22:58:27,456] Trial 14 finished with value: 66.49907684326172 and parameters: {'gradient_clip_val': 0.23604903948137987, 'hidden_size': 40, 'dropout': 0.3434231343706072, 'hidden_continuous_size': 16, 'attention_head_size': 4, 'learning_rate': 0.006661972396908291}. Best is trial 10 with value: 27.71134376525879.
LOCAL_RANK: 0 - CUDA_VISIBLE_DEVICES: [0]
[I 2023-12-15 22:59:22,245] Trial 15 finished with value: 50.169795989990234 and parameters: {'gradient_clip_val': 0.39749057803433147, 'hidden_size': 67, 'dropout': 0.3719738097210814, 'hidden_continuous_size': 60, 'attention_head_size': 3, 'learning_rate': 0.0014083343872347608}. Best is trial 10 with value: 27.71134376525879.
LOCAL_RANK: 0 - CUDA_VISIBLE_DEVICES: [0]
