[I 2023-12-26 15:47:09,191] Trial 48 finished with value: 1.6905523538589478 and parameters: {'gradient_clip_val': 0.24774512175339286, 'hidden_size': 104, 'dropout': 0.45271880639103845, 'hidden_continuous_size': 23, 'attention_head_size': 2, 'learning_rate': 0.000501911486515088}. Best is trial 0 with value: 0.032552409917116165.
[I 2023-12-26 15:47:12,440] Trial 49 finished with value: 1.2234190702438354 and parameters: {'gradient_clip_val': 0.3157894454551858, 'hidden_size': 30, 'dropout': 0.28827863105877477, 'hidden_continuous_size': 11, 'attention_head_size': 3, 'learning_rate': 0.0010840597622683967}. Best is trial 0 with value: 0.032552409917116165.
[I 2023-12-26 15:47:12,610] A new study created in memory with name: no-name-ff589a19-3d3e-4ba5-83b5-8bbf1bac0f07
/home/le004/conda/anaconda3/envs/tsff_env/lib/python3.9/site-packages/lightning/fabric/plugins/environments/slurm.py:191: The `srun` command is available on your system but is not used. HINT: If your intention is to run Lightning on SLURM, prepend your python command with `srun` like so: srun python /home/le004/master_thesis/git/TSFusionForecast/code/ ...
[I 2023-12-26 15:52:58,853] Trial 0 finished with value: 0.1587267518043518 and parameters: {'gradient_clip_val': 0.2707853631498322, 'hidden_size': 34, 'dropout': 0.4236682620629941, 'hidden_continuous_size': 17, 'attention_head_size': 2, 'learning_rate': 0.0005234219410036765}. Best is trial 0 with value: 0.1587267518043518.
[I 2023-12-26 15:53:00,614] Trial 1 finished with value: 3.313462018966675 and parameters: {'gradient_clip_val': 0.421574255613164, 'hidden_size': 5, 'dropout': 0.11604803437585837, 'hidden_continuous_size': 5, 'attention_head_size': 2, 'learning_rate': 0.0018684450839684687}. Best is trial 0 with value: 0.1587267518043518.
[I 2023-12-26 15:53:03,416] Trial 2 finished with value: 3.536855936050415 and parameters: {'gradient_clip_val': 0.10017110450118734, 'hidden_size': 39, 'dropout': 0.35969185654473923, 'hidden_continuous_size': 13, 'attention_head_size': 1, 'learning_rate': 0.005679194430879698}. Best is trial 0 with value: 0.1587267518043518.
[I 2023-12-26 15:53:06,075] Trial 3 finished with value: 2.780893564224243 and parameters: {'gradient_clip_val': 0.24711032842969538, 'hidden_size': 31, 'dropout': 0.24255732912647332, 'hidden_continuous_size': 11, 'attention_head_size': 2, 'learning_rate': 0.0012199782649511867}. Best is trial 0 with value: 0.1587267518043518.
[I 2023-12-26 15:53:15,318] Trial 4 finished with value: 2.687771797180176 and parameters: {'gradient_clip_val': 0.1513959826508977, 'hidden_size': 123, 'dropout': 0.15879796052065528, 'hidden_continuous_size': 54, 'attention_head_size': 4, 'learning_rate': 0.01764728986659758}. Best is trial 0 with value: 0.1587267518043518.
[I 2023-12-26 15:53:21,774] Trial 5 finished with value: 4.628622531890869 and parameters: {'gradient_clip_val': 0.9549507916054514, 'hidden_size': 90, 'dropout': 0.4208692029065334, 'hidden_continuous_size': 51, 'attention_head_size': 2, 'learning_rate': 0.010413852950369925}. Best is trial 0 with value: 0.1587267518043518.
[I 2023-12-26 15:53:23,642] Trial 6 finished with value: 3.907350540161133 and parameters: {'gradient_clip_val': 0.4572291146727339, 'hidden_size': 6, 'dropout': 0.17547596750032446, 'hidden_continuous_size': 5, 'attention_head_size': 1, 'learning_rate': 0.015370210873064463}. Best is trial 0 with value: 0.1587267518043518.
[I 2023-12-26 15:53:28,789] Trial 7 finished with value: 3.400191068649292 and parameters: {'gradient_clip_val': 0.7651333460834228, 'hidden_size': 60, 'dropout': 0.23340684377138673, 'hidden_continuous_size': 25, 'attention_head_size': 3, 'learning_rate': 0.0016693146332735335}. Best is trial 0 with value: 0.1587267518043518.
[I 2023-12-26 15:53:30,625] Trial 8 finished with value: 4.2790608406066895 and parameters: {'gradient_clip_val': 0.1355397322131847, 'hidden_size': 6, 'dropout': 0.45451574311929954, 'hidden_continuous_size': 5, 'attention_head_size': 1, 'learning_rate': 0.0074857616771995825}. Best is trial 0 with value: 0.1587267518043518.
[I 2023-12-26 15:53:32,749] Trial 9 finished with value: 3.904913902282715 and parameters: {'gradient_clip_val': 0.3039714448627252, 'hidden_size': 15, 'dropout': 0.14232072961516362, 'hidden_continuous_size': 7, 'attention_head_size': 3, 'learning_rate': 0.059376500289348724}. Best is trial 0 with value: 0.1587267518043518.
[I 2023-12-26 15:53:34,807] Trial 10 finished with value: 5.003457546234131 and parameters: {'gradient_clip_val': 0.22216797840267333, 'hidden_size': 16, 'dropout': 0.4898455879472832, 'hidden_continuous_size': 8, 'attention_head_size': 4, 'learning_rate': 0.0005038122818761345}. Best is trial 0 with value: 0.1587267518043518.
[I 2023-12-26 15:53:45,143] Trial 11 finished with value: 2.8080577850341797 and parameters: {'gradient_clip_val': 0.17515072753907523, 'hidden_size': 132, 'dropout': 0.3168606932721824, 'hidden_continuous_size': 127, 'attention_head_size': 4, 'learning_rate': 0.023325879569660847}. Best is trial 0 with value: 0.1587267518043518.
[I 2023-12-26 15:53:55,613] Trial 12 finished with value: 3.3697316646575928 and parameters: {'gradient_clip_val': 0.16407858498630326, 'hidden_size': 150, 'dropout': 0.3815387136768736, 'hidden_continuous_size': 33, 'attention_head_size': 3, 'learning_rate': 0.004429623839425874}. Best is trial 0 with value: 0.1587267518043518.
[I 2023-12-26 15:53:59,918] Trial 13 finished with value: 4.095869064331055 and parameters: {'gradient_clip_val': 0.2177921111951772, 'hidden_size': 65, 'dropout': 0.28730581609230477, 'hidden_continuous_size': 18, 'attention_head_size': 4, 'learning_rate': 0.027868399162896313}. Best is trial 0 with value: 0.1587267518043518.
[I 2023-12-26 15:54:03,175] Trial 14 finished with value: 2.75019907951355 and parameters: {'gradient_clip_val': 0.12202654484158525, 'hidden_size': 45, 'dropout': 0.19558020448684957, 'hidden_continuous_size': 17, 'attention_head_size': 3, 'learning_rate': 0.0005007912529942149}. Best is trial 0 with value: 0.1587267518043518.
[I 2023-12-26 15:54:10,013] Trial 15 finished with value: 3.2022483348846436 and parameters: {'gradient_clip_val': 0.1612131512957205, 'hidden_size': 99, 'dropout': 0.11366866415767826, 'hidden_continuous_size': 43, 'attention_head_size': 2, 'learning_rate': 0.003484401949384338}. Best is trial 0 with value: 0.1587267518043518.
[I 2023-12-26 15:54:12,218] Trial 16 finished with value: 4.262588977813721 and parameters: {'gradient_clip_val': 0.3141778267948617, 'hidden_size': 21, 'dropout': 0.3124774726136825, 'hidden_continuous_size': 8, 'attention_head_size': 4, 'learning_rate': 0.09321717852848546}. Best is trial 0 with value: 0.1587267518043518.
[I 2023-12-26 15:54:16,584] Trial 17 finished with value: 3.613970994949341 and parameters: {'gradient_clip_val': 0.1895436790989298, 'hidden_size': 71, 'dropout': 0.3979247778208586, 'hidden_continuous_size': 23, 'attention_head_size': 3, 'learning_rate': 0.011398152960840784}. Best is trial 0 with value: 0.1587267518043518.
[I 2023-12-26 15:54:23,325] Trial 18 finished with value: 4.42399263381958 and parameters: {'gradient_clip_val': 0.26859309433274065, 'hidden_size': 106, 'dropout': 0.4386524832023928, 'hidden_continuous_size': 65, 'attention_head_size': 2, 'learning_rate': 0.0009320580324306619}. Best is trial 0 with value: 0.1587267518043518.
[I 2023-12-26 15:54:26,274] Trial 19 finished with value: 3.2774131298065186 and parameters: {'gradient_clip_val': 0.13780764528174647, 'hidden_size': 47, 'dropout': 0.35105389582702495, 'hidden_continuous_size': 12, 'attention_head_size': 1, 'learning_rate': 0.0027824687569158206}. Best is trial 0 with value: 0.1587267518043518.
[I 2023-12-26 15:54:28,748] Trial 20 finished with value: 3.5222585201263428 and parameters: {'gradient_clip_val': 0.20312028754076528, 'hidden_size': 29, 'dropout': 0.49654936483235, 'hidden_continuous_size': 10, 'attention_head_size': 4, 'learning_rate': 0.00648744118501778}. Best is trial 0 with value: 0.1587267518043518.
[I 2023-12-26 15:54:31,813] Trial 21 finished with value: 3.6225063800811768 and parameters: {'gradient_clip_val': 0.10823287030290522, 'hidden_size': 51, 'dropout': 0.1844931906287864, 'hidden_continuous_size': 16, 'attention_head_size': 3, 'learning_rate': 0.0005248666969476873}. Best is trial 0 with value: 0.1587267518043518.
[I 2023-12-26 15:54:34,517] Trial 22 finished with value: 4.043985843658447 and parameters: {'gradient_clip_val': 0.12737258538486795, 'hidden_size': 39, 'dropout': 0.20749153116313696, 'hidden_continuous_size': 16, 'attention_head_size': 3, 'learning_rate': 0.0008138399031503054}. Best is trial 0 with value: 0.1587267518043518.
[I 2023-12-26 15:54:39,216] Trial 23 finished with value: 3.657212257385254 and parameters: {'gradient_clip_val': 0.1270421435887172, 'hidden_size': 81, 'dropout': 0.16114898507109227, 'hidden_continuous_size': 22, 'attention_head_size': 2, 'learning_rate': 0.000822486118500492}. Best is trial 0 with value: 0.1587267518043518.
[I 2023-12-26 15:54:46,596] Trial 24 finished with value: 3.686375379562378 and parameters: {'gradient_clip_val': 0.1616401974925802, 'hidden_size': 121, 'dropout': 0.27384488189570233, 'hidden_continuous_size': 30, 'attention_head_size': 4, 'learning_rate': 0.0023362772067864537}. Best is trial 0 with value: 0.1587267518043518.
[I 2023-12-26 15:54:51,023] Trial 25 finished with value: 4.485641002655029 and parameters: {'gradient_clip_val': 0.1490681079565247, 'hidden_size': 75, 'dropout': 0.20729593454256567, 'hidden_continuous_size': 15, 'attention_head_size': 3, 'learning_rate': 0.0013311828293244858}. Best is trial 0 with value: 0.1587267518043518.
[I 2023-12-26 15:54:54,118] Trial 26 finished with value: 3.4898312091827393 and parameters: {'gradient_clip_val': 0.11481695663891726, 'hidden_size': 53, 'dropout': 0.14552493716753243, 'hidden_continuous_size': 18, 'attention_head_size': 2, 'learning_rate': 0.003176468612432564}. Best is trial 0 with value: 0.1587267518043518.
[I 2023-12-26 15:55:00,211] Trial 27 finished with value: 3.5057671070098877 and parameters: {'gradient_clip_val': 0.181556736243802, 'hidden_size': 95, 'dropout': 0.2600217160638608, 'hidden_continuous_size': 21, 'attention_head_size': 3, 'learning_rate': 0.0006465136180480175}. Best is trial 0 with value: 0.1587267518043518.
[I 2023-12-26 15:55:07,328] Trial 28 finished with value: 2.8193671703338623 and parameters: {'gradient_clip_val': 0.10158153611281298, 'hidden_size': 116, 'dropout': 0.20081368261693025, 'hidden_continuous_size': 29, 'attention_head_size': 4, 'learning_rate': 0.0011514236903292035}. Best is trial 0 with value: 0.1587267518043518.
[I 2023-12-26 15:55:09,998] Trial 29 finished with value: 3.1924831867218018 and parameters: {'gradient_clip_val': 0.379642135245345, 'hidden_size': 39, 'dropout': 0.1006818741527709, 'hidden_continuous_size': 14, 'attention_head_size': 2, 'learning_rate': 0.0018011836318876724}. Best is trial 0 with value: 0.1587267518043518.
[I 2023-12-26 15:55:18,718] Trial 30 finished with value: 3.0715904235839844 and parameters: {'gradient_clip_val': 0.12040646863034585, 'hidden_size': 145, 'dropout': 0.1332422693217819, 'hidden_continuous_size': 36, 'attention_head_size': 3, 'learning_rate': 0.0007285061721379136}. Best is trial 0 with value: 0.1587267518043518.
[I 2023-12-26 15:55:21,043] Trial 31 finished with value: 2.958552122116089 and parameters: {'gradient_clip_val': 0.24658884913218618, 'hidden_size': 32, 'dropout': 0.2377532660668536, 'hidden_continuous_size': 12, 'attention_head_size': 2, 'learning_rate': 0.0011286574093538437}. Best is trial 0 with value: 0.1587267518043518.
[I 2023-12-26 15:55:23,323] Trial 32 finished with value: 3.853184700012207 and parameters: {'gradient_clip_val': 0.2449514551738896, 'hidden_size': 23, 'dropout': 0.23927876438744616, 'hidden_continuous_size': 11, 'attention_head_size': 2, 'learning_rate': 0.0005635690717696911}. Best is trial 0 with value: 0.1587267518043518.
[I 2023-12-26 15:55:25,813] Trial 33 finished with value: 3.014169931411743 and parameters: {'gradient_clip_val': 0.14603217707261357, 'hidden_size': 34, 'dropout': 0.17498770587675966, 'hidden_continuous_size': 13, 'attention_head_size': 1, 'learning_rate': 0.0013727361534193704}. Best is trial 0 with value: 0.1587267518043518.
[I 2023-12-26 15:55:28,673] Trial 34 finished with value: 2.9007949829101562 and parameters: {'gradient_clip_val': 0.19634182962563898, 'hidden_size': 44, 'dropout': 0.3350805315426382, 'hidden_continuous_size': 18, 'attention_head_size': 2, 'learning_rate': 0.0009451577288796115}. Best is trial 0 with value: 0.1587267518043518.
[I 2023-12-26 15:55:32,152] Trial 35 finished with value: 3.646698236465454 and parameters: {'gradient_clip_val': 0.37026286762092625, 'hidden_size': 59, 'dropout': 0.25867902246639846, 'hidden_continuous_size': 14, 'attention_head_size': 2, 'learning_rate': 0.0006979354126371956}. Best is trial 0 with value: 0.1587267518043518.
[I 2023-12-26 15:55:34,503] Trial 36 finished with value: 2.587036609649658 and parameters: {'gradient_clip_val': 0.11376110423884248, 'hidden_size': 27, 'dropout': 0.3020670515186812, 'hidden_continuous_size': 9, 'attention_head_size': 1, 'learning_rate': 0.0018415347937387914}. Best is trial 0 with value: 0.1587267518043518.
[I 2023-12-26 15:55:39,322] Trial 37 finished with value: 3.711458921432495 and parameters: {'gradient_clip_val': 0.10373225321934033, 'hidden_size': 82, 'dropout': 0.3674053442061278, 'hidden_continuous_size': 20, 'attention_head_size': 1, 'learning_rate': 0.0017123699927911185}. Best is trial 0 with value: 0.1587267518043518.
[I 2023-12-26 15:55:42,927] Trial 38 finished with value: 3.676896333694458 and parameters: {'gradient_clip_val': 0.11949221797323659, 'hidden_size': 62, 'dropout': 0.2837964559784088, 'hidden_continuous_size': 24, 'attention_head_size': 1, 'learning_rate': 0.0005072026439676782}. Best is trial 0 with value: 0.1587267518043518.
[I 2023-12-26 15:55:45,415] Trial 39 finished with value: 4.267818927764893 and parameters: {'gradient_clip_val': 0.1291499493285909, 'hidden_size': 25, 'dropout': 0.3025313527434188, 'hidden_continuous_size': 10, 'attention_head_size': 1, 'learning_rate': 0.0023226571961139785}. Best is trial 0 with value: 0.1587267518043518.
[I 2023-12-26 15:55:48,048] Trial 40 finished with value: 3.6054189205169678 and parameters: {'gradient_clip_val': 0.14356202833497633, 'hidden_size': 39, 'dropout': 0.33696086016493815, 'hidden_continuous_size': 6, 'attention_head_size': 1, 'learning_rate': 0.0014343212681860063}. Best is trial 0 with value: 0.1587267518043518.
[I 2023-12-26 15:55:50,413] Trial 41 finished with value: 2.4162890911102295 and parameters: {'gradient_clip_val': 0.2848581116796724, 'hidden_size': 28, 'dropout': 0.39913299726671614, 'hidden_continuous_size': 9, 'attention_head_size': 2, 'learning_rate': 0.0010305138140595384}. Best is trial 0 with value: 0.1587267518043518.
[I 2023-12-26 15:55:52,738] Trial 42 finished with value: 3.2884483337402344 and parameters: {'gradient_clip_val': 0.11261384044678797, 'hidden_size': 26, 'dropout': 0.40125420902690845, 'hidden_continuous_size': 9, 'attention_head_size': 3, 'learning_rate': 0.0009874148317797276}. Best is trial 0 with value: 0.1587267518043518.
[I 2023-12-26 15:55:54,887] Trial 43 finished with value: 2.945002794265747 and parameters: {'gradient_clip_val': 0.2814061099969427, 'hidden_size': 20, 'dropout': 0.43419547049605545, 'hidden_continuous_size': 9, 'attention_head_size': 2, 'learning_rate': 0.0006847348150858863}. Best is trial 0 with value: 0.1587267518043518.
[I 2023-12-26 15:55:57,295] Trial 44 finished with value: 3.1363184452056885 and parameters: {'gradient_clip_val': 0.21672030262675188, 'hidden_size': 29, 'dropout': 0.4104078594927731, 'hidden_continuous_size': 7, 'attention_head_size': 1, 'learning_rate': 0.0006697379691593744}. Best is trial 0 with value: 0.1587267518043518.
[I 2023-12-26 15:55:59,806] Trial 45 finished with value: 4.1621928215026855 and parameters: {'gradient_clip_val': 0.17522315014807652, 'hidden_size': 34, 'dropout': 0.3817759453521361, 'hidden_continuous_size': 11, 'attention_head_size': 2, 'learning_rate': 0.0010717945987335543}. Best is trial 0 with value: 0.1587267518043518.
[I 2023-12-26 15:56:01,928] Trial 46 finished with value: 2.542222261428833 and parameters: {'gradient_clip_val': 0.14987319357988307, 'hidden_size': 18, 'dropout': 0.457330374191961, 'hidden_continuous_size': 8, 'attention_head_size': 4, 'learning_rate': 0.0005073336972059567}. Best is trial 0 with value: 0.1587267518043518.
[I 2023-12-26 15:56:04,031] Trial 47 finished with value: 2.4753103256225586 and parameters: {'gradient_clip_val': 0.15552679093444027, 'hidden_size': 17, 'dropout': 0.4663774464313676, 'hidden_continuous_size': 8, 'attention_head_size': 4, 'learning_rate': 0.004114794510735832}. Best is trial 0 with value: 0.1587267518043518.
[I 2023-12-26 15:56:06,109] Trial 48 finished with value: 3.7890541553497314 and parameters: {'gradient_clip_val': 0.16039037853514918, 'hidden_size': 17, 'dropout': 0.4672612709871795, 'hidden_continuous_size': 8, 'attention_head_size': 4, 'learning_rate': 0.004133913877588544}. Best is trial 0 with value: 0.1587267518043518.
[I 2023-12-26 15:56:08,242] Trial 49 finished with value: 3.2291946411132812 and parameters: {'gradient_clip_val': 0.138099751788249, 'hidden_size': 14, 'dropout': 0.46948306428105363, 'hidden_continuous_size': 7, 'attention_head_size': 4, 'learning_rate': 0.0021082537365773152}. Best is trial 0 with value: 0.1587267518043518.
[I 2023-12-26 15:56:08,358] A new study created in memory with name: no-name-5d7d0d62-2a8c-4e6c-b839-32c1711002b6
/home/le004/conda/anaconda3/envs/tsff_env/lib/python3.9/site-packages/lightning/fabric/plugins/environments/slurm.py:191: The `srun` command is available on your system but is not used. HINT: If your intention is to run Lightning on SLURM, prepend your python command with `srun` like so: srun python /home/le004/master_thesis/git/TSFusionForecast/code/ ...
[I 2023-12-26 16:00:50,758] Trial 0 finished with value: 0.3885882794857025 and parameters: {'gradient_clip_val': 0.11644949089547815, 'hidden_size': 18, 'dropout': 0.2948385340991967, 'hidden_continuous_size': 11, 'attention_head_size': 3, 'learning_rate': 0.0014960628251437472}. Best is trial 0 with value: 0.3885882794857025.
[I 2023-12-26 16:00:52,600] Trial 1 finished with value: 4.957488536834717 and parameters: {'gradient_clip_val': 0.31317861625406973, 'hidden_size': 5, 'dropout': 0.44078132043630125, 'hidden_continuous_size': 5, 'attention_head_size': 1, 'learning_rate': 0.00108696110181772}. Best is trial 0 with value: 0.3885882794857025.
[I 2023-12-26 16:00:54,461] Trial 2 finished with value: 4.751353740692139 and parameters: {'gradient_clip_val': 0.37401972690026036, 'hidden_size': 8, 'dropout': 0.3706297585515793, 'hidden_continuous_size': 5, 'attention_head_size': 4, 'learning_rate': 0.004730080638207444}. Best is trial 0 with value: 0.3885882794857025.
[I 2023-12-26 16:00:57,378] Trial 3 finished with value: 5.0007500648498535 and parameters: {'gradient_clip_val': 0.17276981478788234, 'hidden_size': 49, 'dropout': 0.3662384852205658, 'hidden_continuous_size': 7, 'attention_head_size': 2, 'learning_rate': 0.014085192579095372}. Best is trial 0 with value: 0.3885882794857025.
[I 2023-12-26 16:01:00,239] Trial 4 finished with value: 4.573631286621094 and parameters: {'gradient_clip_val': 0.4686056530243696, 'hidden_size': 48, 'dropout': 0.2802823333071147, 'hidden_continuous_size': 8, 'attention_head_size': 2, 'learning_rate': 0.014848077737940172}. Best is trial 0 with value: 0.3885882794857025.
[I 2023-12-26 16:01:02,387] Trial 5 finished with value: 7.157022476196289 and parameters: {'gradient_clip_val': 0.12970719855032975, 'hidden_size': 14, 'dropout': 0.39691286130977554, 'hidden_continuous_size': 13, 'attention_head_size': 4, 'learning_rate': 0.04826136784210977}. Best is trial 0 with value: 0.3885882794857025.
[I 2023-12-26 16:01:04,982] Trial 6 finished with value: 3.2910306453704834 and parameters: {'gradient_clip_val': 0.44036429241428526, 'hidden_size': 34, 'dropout': 0.2917209751301609, 'hidden_continuous_size': 12, 'attention_head_size': 3, 'learning_rate': 0.03353588922312263}. Best is trial 0 with value: 0.3885882794857025.
[I 2023-12-26 16:01:06,991] Trial 7 finished with value: 5.887364864349365 and parameters: {'gradient_clip_val': 0.7973855078491213, 'hidden_size': 11, 'dropout': 0.10044444642775563, 'hidden_continuous_size': 5, 'attention_head_size': 3, 'learning_rate': 0.006155710807843145}. Best is trial 0 with value: 0.3885882794857025.
[I 2023-12-26 16:01:10,025] Trial 8 finished with value: 5.5685553550720215 and parameters: {'gradient_clip_val': 0.9495258518270271, 'hidden_size': 52, 'dropout': 0.128921079521628, 'hidden_continuous_size': 6, 'attention_head_size': 4, 'learning_rate': 0.010504982178880734}. Best is trial 0 with value: 0.3885882794857025.
[I 2023-12-26 16:01:11,774] Trial 9 finished with value: 6.1561431884765625 and parameters: {'gradient_clip_val': 0.7422475539185269, 'hidden_size': 5, 'dropout': 0.12487028888170225, 'hidden_continuous_size': 5, 'attention_head_size': 3, 'learning_rate': 0.002682676921350128}. Best is trial 0 with value: 0.3885882794857025.
[I 2023-12-26 16:01:20,713] Trial 10 finished with value: 4.612304210662842 and parameters: {'gradient_clip_val': 0.10121569037331625, 'hidden_size': 134, 'dropout': 0.22547813897268332, 'hidden_continuous_size': 38, 'attention_head_size': 1, 'learning_rate': 0.0005939238533486307}. Best is trial 0 with value: 0.3885882794857025.
