[I 2023-12-26 15:30:08,977] Trial 28 finished with value: 1194.3865966796875 and parameters: {'gradient_clip_val': 0.2304242007486295, 'hidden_size': 102, 'dropout': 0.4495984391940153, 'hidden_continuous_size': 67, 'attention_head_size': 3, 'learning_rate': 0.0405917791925225}. Best is trial 1 with value: 206.53240966796875.
[I 2023-12-26 15:30:11,885] Trial 29 finished with value: 1033.0892333984375 and parameters: {'gradient_clip_val': 0.28185050634693093, 'hidden_size': 41, 'dropout': 0.4043596513861425, 'hidden_continuous_size': 11, 'attention_head_size': 1, 'learning_rate': 0.02240938541403421}. Best is trial 1 with value: 206.53240966796875.
[I 2023-12-26 15:30:15,621] Trial 30 finished with value: 1056.5491943359375 and parameters: {'gradient_clip_val': 0.17090870561514046, 'hidden_size': 55, 'dropout': 0.4385044874073836, 'hidden_continuous_size': 21, 'attention_head_size': 3, 'learning_rate': 0.03980439446905764}. Best is trial 1 with value: 206.53240966796875.
[I 2023-12-26 15:30:25,738] Trial 31 finished with value: 1117.518798828125 and parameters: {'gradient_clip_val': 0.15192587051993373, 'hidden_size': 142, 'dropout': 0.3121068864187153, 'hidden_continuous_size': 123, 'attention_head_size': 1, 'learning_rate': 0.029072966759928147}. Best is trial 1 with value: 206.53240966796875.
[I 2023-12-26 15:30:30,759] Trial 32 finished with value: 1014.9431762695312 and parameters: {'gradient_clip_val': 0.113627204958849, 'hidden_size': 78, 'dropout': 0.3214957578425741, 'hidden_continuous_size': 72, 'attention_head_size': 1, 'learning_rate': 0.023608382036398146}. Best is trial 1 with value: 206.53240966796875.
[I 2023-12-26 15:30:38,648] Trial 33 finished with value: 897.600830078125 and parameters: {'gradient_clip_val': 0.1484136109634984, 'hidden_size': 119, 'dropout': 0.35342749535943396, 'hidden_continuous_size': 119, 'attention_head_size': 1, 'learning_rate': 0.011605128291607312}. Best is trial 1 with value: 206.53240966796875.
[I 2023-12-26 15:30:45,812] Trial 34 finished with value: 735.1450805664062 and parameters: {'gradient_clip_val': 0.18694777187864134, 'hidden_size': 106, 'dropout': 0.2765262362692521, 'hidden_continuous_size': 87, 'attention_head_size': 1, 'learning_rate': 0.07279357317877448}. Best is trial 1 with value: 206.53240966796875.
[I 2023-12-26 15:30:50,813] Trial 35 finished with value: 1040.954833984375 and parameters: {'gradient_clip_val': 0.1837197543239189, 'hidden_size': 84, 'dropout': 0.26226878090634603, 'hidden_continuous_size': 33, 'attention_head_size': 2, 'learning_rate': 0.07339667046915162}. Best is trial 1 with value: 206.53240966796875.
[I 2023-12-26 15:30:58,291] Trial 36 finished with value: 920.0317993164062 and parameters: {'gradient_clip_val': 0.11309926662712304, 'hidden_size': 113, 'dropout': 0.19226117479185847, 'hidden_continuous_size': 89, 'attention_head_size': 4, 'learning_rate': 0.06935616383141492}. Best is trial 1 with value: 206.53240966796875.
[I 2023-12-26 15:31:02,155] Trial 37 finished with value: 871.0387573242188 and parameters: {'gradient_clip_val': 0.12714476812927117, 'hidden_size': 65, 'dropout': 0.2954508984593138, 'hidden_continuous_size': 40, 'attention_head_size': 4, 'learning_rate': 0.04588052685687012}. Best is trial 1 with value: 206.53240966796875.
[I 2023-12-26 15:31:06,329] Trial 38 finished with value: 839.0552368164062 and parameters: {'gradient_clip_val': 0.1362340146742139, 'hidden_size': 72, 'dropout': 0.2500934544921928, 'hidden_continuous_size': 27, 'attention_head_size': 2, 'learning_rate': 0.06592844680659017}. Best is trial 1 with value: 206.53240966796875.
[I 2023-12-26 15:31:09,003] Trial 39 finished with value: 1154.1630859375 and parameters: {'gradient_clip_val': 0.13610629198889476, 'hidden_size': 36, 'dropout': 0.2511113279876884, 'hidden_continuous_size': 27, 'attention_head_size': 1, 'learning_rate': 0.09151203834918666}. Best is trial 1 with value: 206.53240966796875.
[I 2023-12-26 15:31:13,170] Trial 40 finished with value: 782.6835327148438 and parameters: {'gradient_clip_val': 0.1651622814598888, 'hidden_size': 74, 'dropout': 0.22038606076143222, 'hidden_continuous_size': 26, 'attention_head_size': 2, 'learning_rate': 0.060857849996519726}. Best is trial 1 with value: 206.53240966796875.
[I 2023-12-26 15:31:17,826] Trial 41 finished with value: 1040.660888671875 and parameters: {'gradient_clip_val': 0.1697412830244488, 'hidden_size': 75, 'dropout': 0.23374305820735666, 'hidden_continuous_size': 25, 'attention_head_size': 2, 'learning_rate': 0.05911734453160261}. Best is trial 1 with value: 206.53240966796875.
[I 2023-12-26 15:31:24,761] Trial 42 finished with value: 1170.3946533203125 and parameters: {'gradient_clip_val': 0.1376745079563218, 'hidden_size': 114, 'dropout': 0.1966964171500617, 'hidden_continuous_size': 36, 'attention_head_size': 2, 'learning_rate': 0.06915598438110607}. Best is trial 1 with value: 206.53240966796875.
[I 2023-12-26 15:31:28,642] Trial 43 finished with value: 1088.3126220703125 and parameters: {'gradient_clip_val': 0.11175730527120102, 'hidden_size': 60, 'dropout': 0.2190508293876445, 'hidden_continuous_size': 29, 'attention_head_size': 2, 'learning_rate': 0.04215239863888433}. Best is trial 1 with value: 206.53240966796875.
[I 2023-12-26 15:31:31,662] Trial 44 finished with value: 1295.541259765625 and parameters: {'gradient_clip_val': 0.12471819200343522, 'hidden_size': 49, 'dropout': 0.2808966287564215, 'hidden_continuous_size': 21, 'attention_head_size': 1, 'learning_rate': 0.054448826517871675}. Best is trial 1 with value: 206.53240966796875.
[I 2023-12-26 15:31:36,761] Trial 45 finished with value: 1274.376953125 and parameters: {'gradient_clip_val': 0.1547944071289109, 'hidden_size': 87, 'dropout': 0.25959474800413074, 'hidden_continuous_size': 25, 'attention_head_size': 2, 'learning_rate': 0.07717668075609352}. Best is trial 1 with value: 206.53240966796875.
[I 2023-12-26 15:31:41,413] Trial 46 finished with value: 1197.78515625 and parameters: {'gradient_clip_val': 0.10795011557314375, 'hidden_size': 70, 'dropout': 0.23562899135147042, 'hidden_continuous_size': 35, 'attention_head_size': 1, 'learning_rate': 0.09685192966805893}. Best is trial 1 with value: 206.53240966796875.
[I 2023-12-26 15:31:45,412] Trial 47 finished with value: 990.7234497070312 and parameters: {'gradient_clip_val': 0.10077521158691682, 'hidden_size': 55, 'dropout': 0.30519605467760136, 'hidden_continuous_size': 29, 'attention_head_size': 2, 'learning_rate': 0.034506380932767464}. Best is trial 1 with value: 206.53240966796875.
[I 2023-12-26 15:31:55,818] Trial 48 finished with value: 861.0078735351562 and parameters: {'gradient_clip_val': 0.1843030120930759, 'hidden_size': 148, 'dropout': 0.27400471761867673, 'hidden_continuous_size': 44, 'attention_head_size': 1, 'learning_rate': 0.059972184278609196}. Best is trial 1 with value: 206.53240966796875.
[I 2023-12-26 15:31:58,458] Trial 49 finished with value: 1329.6158447265625 and parameters: {'gradient_clip_val': 0.13546934141630204, 'hidden_size': 28, 'dropout': 0.1756348804876593, 'hidden_continuous_size': 17, 'attention_head_size': 2, 'learning_rate': 0.03614465111958989}. Best is trial 1 with value: 206.53240966796875.
[I 2023-12-26 15:31:58,593] A new study created in memory with name: no-name-151b3d99-57b5-4db0-9d5f-1abb5b498d04
/home/le004/conda/anaconda3/envs/tsff_env/lib/python3.9/site-packages/lightning/fabric/plugins/environments/slurm.py:191: The `srun` command is available on your system but is not used. HINT: If your intention is to run Lightning on SLURM, prepend your python command with `srun` like so: srun python /home/le004/master_thesis/git/TSFusionForecast/code/ ...
[I 2023-12-26 15:37:00,885] Trial 0 finished with value: 116.82955169677734 and parameters: {'gradient_clip_val': 0.10177088088007574, 'hidden_size': 18, 'dropout': 0.10276716871668708, 'hidden_continuous_size': 8, 'attention_head_size': 1, 'learning_rate': 0.0006831749586920013}. Best is trial 0 with value: 116.82955169677734.
[I 2023-12-26 15:42:41,989] Trial 1 finished with value: 323.28070068359375 and parameters: {'gradient_clip_val': 0.7843732380527946, 'hidden_size': 113, 'dropout': 0.1033188373742347, 'hidden_continuous_size': 45, 'attention_head_size': 2, 'learning_rate': 0.03659199961963906}. Best is trial 0 with value: 116.82955169677734.
[I 2023-12-26 15:42:43,732] Trial 2 finished with value: 784.266357421875 and parameters: {'gradient_clip_val': 0.17954304649283345, 'hidden_size': 5, 'dropout': 0.2745382106005, 'hidden_continuous_size': 5, 'attention_head_size': 1, 'learning_rate': 0.0014010871822401345}. Best is trial 0 with value: 116.82955169677734.
[I 2023-12-26 15:42:46,805] Trial 3 finished with value: 1078.0115966796875 and parameters: {'gradient_clip_val': 0.489926419730991, 'hidden_size': 48, 'dropout': 0.318940561229793, 'hidden_continuous_size': 9, 'attention_head_size': 1, 'learning_rate': 0.007481435799248712}. Best is trial 0 with value: 116.82955169677734.
[I 2023-12-26 15:42:52,871] Trial 4 finished with value: 738.5021362304688 and parameters: {'gradient_clip_val': 0.5293007065441551, 'hidden_size': 89, 'dropout': 0.30456695464704, 'hidden_continuous_size': 20, 'attention_head_size': 1, 'learning_rate': 0.004312613526834411}. Best is trial 0 with value: 116.82955169677734.
[I 2023-12-26 15:42:55,138] Trial 5 finished with value: 923.12158203125 and parameters: {'gradient_clip_val': 0.19853380511092827, 'hidden_size': 22, 'dropout': 0.29016659938429123, 'hidden_continuous_size': 5, 'attention_head_size': 2, 'learning_rate': 0.003999693980455402}. Best is trial 0 with value: 116.82955169677734.
[I 2023-12-26 15:43:02,887] Trial 6 finished with value: 1012.3427124023438 and parameters: {'gradient_clip_val': 0.2027926458195952, 'hidden_size': 115, 'dropout': 0.12629601857774922, 'hidden_continuous_size': 18, 'attention_head_size': 1, 'learning_rate': 0.004698419345971385}. Best is trial 0 with value: 116.82955169677734.
[I 2023-12-26 15:43:12,318] Trial 7 finished with value: 659.4381103515625 and parameters: {'gradient_clip_val': 0.6672168662580383, 'hidden_size': 134, 'dropout': 0.13334361529323036, 'hidden_continuous_size': 55, 'attention_head_size': 3, 'learning_rate': 0.027256254555469567}. Best is trial 0 with value: 116.82955169677734.
[I 2023-12-26 15:43:14,088] Trial 8 finished with value: 959.04833984375 and parameters: {'gradient_clip_val': 0.24027454883438307, 'hidden_size': 6, 'dropout': 0.3648787245565027, 'hidden_continuous_size': 6, 'attention_head_size': 2, 'learning_rate': 0.006658036154525073}. Best is trial 0 with value: 116.82955169677734.
[I 2023-12-26 15:43:23,563] Trial 9 finished with value: 930.988525390625 and parameters: {'gradient_clip_val': 0.21823078438741764, 'hidden_size': 144, 'dropout': 0.10315701401951963, 'hidden_continuous_size': 5, 'attention_head_size': 4, 'learning_rate': 0.0010509982739110022}. Best is trial 0 with value: 116.82955169677734.
[I 2023-12-26 15:43:25,586] Trial 10 finished with value: 733.693359375 and parameters: {'gradient_clip_val': 0.10069819936470495, 'hidden_size': 16, 'dropout': 0.499680893474866, 'hidden_continuous_size': 7, 'attention_head_size': 3, 'learning_rate': 0.0005876097523337843}. Best is trial 0 with value: 116.82955169677734.
[I 2023-12-26 15:43:28,945] Trial 11 finished with value: 914.701904296875 and parameters: {'gradient_clip_val': 0.9998871223156037, 'hidden_size': 46, 'dropout': 0.17938960430983392, 'hidden_continuous_size': 10, 'attention_head_size': 2, 'learning_rate': 0.09562572125277982}. Best is trial 0 with value: 116.82955169677734.
[I 2023-12-26 15:43:31,056] Trial 12 finished with value: 1060.0997314453125 and parameters: {'gradient_clip_val': 0.35710060151586864, 'hidden_size': 13, 'dropout': 0.19172140274881988, 'hidden_continuous_size': 7, 'attention_head_size': 2, 'learning_rate': 0.0189543623733922}. Best is trial 0 with value: 116.82955169677734.
[I 2023-12-26 15:43:34,581] Trial 13 finished with value: 1173.6751708984375 and parameters: {'gradient_clip_val': 0.10684031812496668, 'hidden_size': 42, 'dropout': 0.1913542295450661, 'hidden_continuous_size': 35, 'attention_head_size': 3, 'learning_rate': 0.0019342713254816106}. Best is trial 0 with value: 116.82955169677734.
[I 2023-12-26 15:43:39,579] Trial 14 finished with value: 651.9242553710938 and parameters: {'gradient_clip_val': 0.14956985185688404, 'hidden_size': 67, 'dropout': 0.11300116563884745, 'hidden_continuous_size': 62, 'attention_head_size': 1, 'learning_rate': 0.0006155201775441612}. Best is trial 0 with value: 116.82955169677734.
[I 2023-12-26 15:43:42,148] Trial 15 finished with value: 1249.1021728515625 and parameters: {'gradient_clip_val': 0.33209643221370644, 'hidden_size': 28, 'dropout': 0.16220778154796037, 'hidden_continuous_size': 13, 'attention_head_size': 2, 'learning_rate': 0.0020404188113498406}. Best is trial 0 with value: 116.82955169677734.
[I 2023-12-26 15:43:48,370] Trial 16 finished with value: 853.76123046875 and parameters: {'gradient_clip_val': 0.2686975363144919, 'hidden_size': 88, 'dropout': 0.2303796432141153, 'hidden_continuous_size': 39, 'attention_head_size': 4, 'learning_rate': 0.01489234308945345}. Best is trial 0 with value: 116.82955169677734.
[I 2023-12-26 15:43:50,381] Trial 17 finished with value: 728.00390625 and parameters: {'gradient_clip_val': 0.12718699435707237, 'hidden_size': 10, 'dropout': 0.10107681568147588, 'hidden_continuous_size': 6, 'attention_head_size': 1, 'learning_rate': 0.04679110127343053}. Best is trial 0 with value: 116.82955169677734.
[I 2023-12-26 15:43:53,025] Trial 18 finished with value: 756.1836547851562 and parameters: {'gradient_clip_val': 0.15507116330881726, 'hidden_size': 29, 'dropout': 0.15737368944598343, 'hidden_continuous_size': 12, 'attention_head_size': 2, 'learning_rate': 0.011536967169958166}. Best is trial 0 with value: 116.82955169677734.
[I 2023-12-26 15:43:55,258] Trial 19 finished with value: 941.989990234375 and parameters: {'gradient_clip_val': 0.2729198120203811, 'hidden_size': 20, 'dropout': 0.23159816239508318, 'hidden_continuous_size': 8, 'attention_head_size': 3, 'learning_rate': 0.03139722244761085}. Best is trial 0 with value: 116.82955169677734.
[I 2023-12-26 15:43:58,024] Trial 20 finished with value: 807.8477172851562 and parameters: {'gradient_clip_val': 0.1311773658743065, 'hidden_size': 34, 'dropout': 0.14630230486006576, 'hidden_continuous_size': 16, 'attention_head_size': 1, 'learning_rate': 0.0027341234004035378}. Best is trial 0 with value: 116.82955169677734.
[I 2023-12-26 15:44:03,350] Trial 21 finished with value: 868.14111328125 and parameters: {'gradient_clip_val': 0.15551241866255705, 'hidden_size': 69, 'dropout': 0.13597313154592602, 'hidden_continuous_size': 61, 'attention_head_size': 1, 'learning_rate': 0.0005099943032806805}. Best is trial 0 with value: 116.82955169677734.
[I 2023-12-26 15:44:08,077] Trial 22 finished with value: 905.2438354492188 and parameters: {'gradient_clip_val': 0.12408740443726736, 'hidden_size': 65, 'dropout': 0.11312699355189276, 'hidden_continuous_size': 47, 'attention_head_size': 1, 'learning_rate': 0.0007412820194259648}. Best is trial 0 with value: 116.82955169677734.
[I 2023-12-26 15:44:16,347] Trial 23 finished with value: 953.1007690429688 and parameters: {'gradient_clip_val': 0.16189013525331197, 'hidden_size': 109, 'dropout': 0.10141048961204545, 'hidden_continuous_size': 96, 'attention_head_size': 2, 'learning_rate': 0.0009921499398084141}. Best is trial 0 with value: 116.82955169677734.
[I 2023-12-26 15:44:20,721] Trial 24 finished with value: 809.6608276367188 and parameters: {'gradient_clip_val': 0.10113145482662551, 'hidden_size': 66, 'dropout': 0.14888663348940595, 'hidden_continuous_size': 25, 'attention_head_size': 1, 'learning_rate': 0.0009203897891896266}. Best is trial 0 with value: 116.82955169677734.
[I 2023-12-26 15:44:23,282] Trial 25 finished with value: 1070.3809814453125 and parameters: {'gradient_clip_val': 0.14421967339218453, 'hidden_size': 36, 'dropout': 0.1758764799592898, 'hidden_continuous_size': 12, 'attention_head_size': 2, 'learning_rate': 0.0005288762965524692}. Best is trial 0 with value: 116.82955169677734.
[I 2023-12-26 15:44:33,970] Trial 26 finished with value: 795.0691528320312 and parameters: {'gradient_clip_val': 0.17644971036446022, 'hidden_size': 146, 'dropout': 0.1361241661843011, 'hidden_continuous_size': 83, 'attention_head_size': 1, 'learning_rate': 0.0014414935939232342}. Best is trial 0 with value: 116.82955169677734.
[I 2023-12-26 15:44:37,980] Trial 27 finished with value: 912.2859497070312 and parameters: {'gradient_clip_val': 0.11836492496957239, 'hidden_size': 56, 'dropout': 0.12422067946795226, 'hidden_continuous_size': 29, 'attention_head_size': 1, 'learning_rate': 0.0007348217783895026}. Best is trial 0 with value: 116.82955169677734.
[I 2023-12-26 15:44:45,116] Trial 28 finished with value: 838.83837890625 and parameters: {'gradient_clip_val': 0.13923293062605427, 'hidden_size': 103, 'dropout': 0.2150617860749082, 'hidden_continuous_size': 67, 'attention_head_size': 2, 'learning_rate': 0.0013204943345339376}. Best is trial 0 with value: 116.82955169677734.
[I 2023-12-26 15:44:50,510] Trial 29 finished with value: 737.250732421875 and parameters: {'gradient_clip_val': 0.1734727453167456, 'hidden_size': 83, 'dropout': 0.15658025086360242, 'hidden_continuous_size': 49, 'attention_head_size': 1, 'learning_rate': 0.0024857618466101357}. Best is trial 0 with value: 116.82955169677734.
[I 2023-12-26 15:44:54,924] Trial 30 finished with value: 965.9224243164062 and parameters: {'gradient_clip_val': 0.18622117325914508, 'hidden_size': 52, 'dropout': 0.10156157568064912, 'hidden_continuous_size': 39, 'attention_head_size': 3, 'learning_rate': 0.0007355178380071888}. Best is trial 0 with value: 116.82955169677734.
[I 2023-12-26 15:45:07,344] Trial 31 finished with value: 760.4650268554688 and parameters: {'gradient_clip_val': 0.8383805211909647, 'hidden_size': 149, 'dropout': 0.12706409101328683, 'hidden_continuous_size': 147, 'attention_head_size': 3, 'learning_rate': 0.03296279295658934}. Best is trial 0 with value: 116.82955169677734.
[I 2023-12-26 15:45:15,089] Trial 32 finished with value: 935.635986328125 and parameters: {'gradient_clip_val': 0.6653621696506804, 'hidden_size': 124, 'dropout': 0.13185732246263626, 'hidden_continuous_size': 31, 'attention_head_size': 4, 'learning_rate': 0.0013833159735046183}. Best is trial 0 with value: 116.82955169677734.
[I 2023-12-26 15:45:20,281] Trial 33 finished with value: 944.30712890625 and parameters: {'gradient_clip_val': 0.4389675612983026, 'hidden_size': 83, 'dropout': 0.15997682108667532, 'hidden_continuous_size': 25, 'attention_head_size': 3, 'learning_rate': 0.009414818739223072}. Best is trial 0 with value: 116.82955169677734.
[I 2023-12-26 15:45:26,742] Trial 34 finished with value: 917.735107421875 and parameters: {'gradient_clip_val': 0.6381075669964188, 'hidden_size': 100, 'dropout': 0.12542513610500866, 'hidden_continuous_size': 47, 'attention_head_size': 3, 'learning_rate': 0.019283308198610995}. Best is trial 0 with value: 116.82955169677734.
[I 2023-12-26 15:45:34,217] Trial 35 finished with value: 697.8584594726562 and parameters: {'gradient_clip_val': 0.4917781356551711, 'hidden_size': 115, 'dropout': 0.10078011939073211, 'hidden_continuous_size': 21, 'attention_head_size': 1, 'learning_rate': 0.004050767742645318}. Best is trial 0 with value: 116.82955169677734.
[I 2023-12-26 15:45:39,305] Trial 36 finished with value: 709.5674438476562 and parameters: {'gradient_clip_val': 0.4110363958001195, 'hidden_size': 82, 'dropout': 0.14009156191971528, 'hidden_continuous_size': 40, 'attention_head_size': 2, 'learning_rate': 0.0063118524256456435}. Best is trial 0 with value: 116.82955169677734.
[I 2023-12-26 15:45:42,614] Trial 37 finished with value: 584.2888793945312 and parameters: {'gradient_clip_val': 0.6511317738269528, 'hidden_size': 57, 'dropout': 0.12053289249155642, 'hidden_continuous_size': 16, 'attention_head_size': 4, 'learning_rate': 0.0032366572694950153}. Best is trial 0 with value: 116.82955169677734.
[I 2023-12-26 15:45:46,062] Trial 38 finished with value: 771.4426879882812 and parameters: {'gradient_clip_val': 0.11220139864417059, 'hidden_size': 58, 'dropout': 0.171845135690054, 'hidden_continuous_size': 16, 'attention_head_size': 4, 'learning_rate': 0.0035315153869288187}. Best is trial 0 with value: 116.82955169677734.
[I 2023-12-26 15:45:49,029] Trial 39 finished with value: 895.05322265625 and parameters: {'gradient_clip_val': 0.5978392652572752, 'hidden_size': 44, 'dropout': 0.2019953260451237, 'hidden_continuous_size': 14, 'attention_head_size': 4, 'learning_rate': 0.0058821086825109285}. Best is trial 0 with value: 116.82955169677734.
[I 2023-12-26 15:45:54,010] Trial 40 finished with value: 817.23828125 and parameters: {'gradient_clip_val': 0.7166607170878657, 'hidden_size': 71, 'dropout': 0.27132683896021625, 'hidden_continuous_size': 9, 'attention_head_size': 1, 'learning_rate': 0.008354299936460382}. Best is trial 0 with value: 116.82955169677734.
[I 2023-12-26 15:46:01,797] Trial 41 finished with value: 666.4200439453125 and parameters: {'gradient_clip_val': 0.5409027680962899, 'hidden_size': 130, 'dropout': 0.11996155501086272, 'hidden_continuous_size': 11, 'attention_head_size': 4, 'learning_rate': 0.005542712343808065}. Best is trial 0 with value: 116.82955169677734.
[I 2023-12-26 15:46:07,189] Trial 42 finished with value: 793.3191528320312 and parameters: {'gradient_clip_val': 0.7844351767965968, 'hidden_size': 96, 'dropout': 0.11821533521361441, 'hidden_continuous_size': 21, 'attention_head_size': 3, 'learning_rate': 0.0011576223001686832}. Best is trial 0 with value: 116.82955169677734.
