[I 2023-12-15 18:26:05,953] Trial 26 finished with value: 5.932043552398682 and parameters: {'gradient_clip_val': 0.35367111975022025, 'hidden_size': 11, 'dropout': 0.3087857176069917, 'hidden_continuous_size': 6, 'attention_head_size': 4, 'learning_rate': 0.03089279807110651}. Best is trial 17 with value: 5.184982776641846.
LOCAL_RANK: 0 - CUDA_VISIBLE_DEVICES: [0]
[I 2023-12-15 18:26:43,229] Trial 27 finished with value: 5.820162296295166 and parameters: {'gradient_clip_val': 0.6044133883776346, 'hidden_size': 5, 'dropout': 0.33386227420318193, 'hidden_continuous_size': 5, 'attention_head_size': 4, 'learning_rate': 0.014304324950450092}. Best is trial 17 with value: 5.184982776641846.
LOCAL_RANK: 0 - CUDA_VISIBLE_DEVICES: [0]
[I 2023-12-15 18:27:33,270] Trial 28 finished with value: 3.6113884449005127 and parameters: {'gradient_clip_val': 0.7239604855236041, 'hidden_size': 26, 'dropout': 0.3668754492751096, 'hidden_continuous_size': 8, 'attention_head_size': 3, 'learning_rate': 0.009454867790765615}. Best is trial 28 with value: 3.6113884449005127.
LOCAL_RANK: 0 - CUDA_VISIBLE_DEVICES: [0]
[I 2023-12-15 18:28:22,449] Trial 29 finished with value: 15.34986400604248 and parameters: {'gradient_clip_val': 0.7947453996839782, 'hidden_size': 25, 'dropout': 0.37535829785731917, 'hidden_continuous_size': 8, 'attention_head_size': 2, 'learning_rate': 0.008007687539141247}. Best is trial 28 with value: 3.6113884449005127.
LOCAL_RANK: 0 - CUDA_VISIBLE_DEVICES: [0]
[I 2023-12-15 18:29:09,998] Trial 30 finished with value: 7.931884765625 and parameters: {'gradient_clip_val': 0.40901760363922607, 'hidden_size': 18, 'dropout': 0.37654094314846176, 'hidden_continuous_size': 8, 'attention_head_size': 3, 'learning_rate': 0.020241353396124217}. Best is trial 28 with value: 3.6113884449005127.
LOCAL_RANK: 0 - CUDA_VISIBLE_DEVICES: [0]
[I 2023-12-15 18:29:59,606] Trial 31 finished with value: 8.34293270111084 and parameters: {'gradient_clip_val': 0.5158768541011505, 'hidden_size': 25, 'dropout': 0.3197853564150828, 'hidden_continuous_size': 8, 'attention_head_size': 3, 'learning_rate': 0.004546996066542599}. Best is trial 28 with value: 3.6113884449005127.
LOCAL_RANK: 0 - CUDA_VISIBLE_DEVICES: [0]
[I 2023-12-15 18:30:49,645] Trial 32 finished with value: 5.594062805175781 and parameters: {'gradient_clip_val': 0.6932394711652365, 'hidden_size': 30, 'dropout': 0.33818784278707315, 'hidden_continuous_size': 7, 'attention_head_size': 3, 'learning_rate': 0.006530775374193699}. Best is trial 28 with value: 3.6113884449005127.
LOCAL_RANK: 0 - CUDA_VISIBLE_DEVICES: [0]
[I 2023-12-15 18:31:36,960] Trial 33 finished with value: 5.95146369934082 and parameters: {'gradient_clip_val': 0.9935639281815868, 'hidden_size': 20, 'dropout': 0.39961584823951624, 'hidden_continuous_size': 9, 'attention_head_size': 1, 'learning_rate': 0.009343087782993222}. Best is trial 28 with value: 3.6113884449005127.
LOCAL_RANK: 0 - CUDA_VISIBLE_DEVICES: [0]
[I 2023-12-15 18:32:30,016] Trial 34 finished with value: 4.909793853759766 and parameters: {'gradient_clip_val': 0.3785744609839349, 'hidden_size': 44, 'dropout': 0.3763147592622895, 'hidden_continuous_size': 17, 'attention_head_size': 4, 'learning_rate': 0.014176914653230694}. Best is trial 28 with value: 3.6113884449005127.
LOCAL_RANK: 0 - CUDA_VISIBLE_DEVICES: [0]
[I 2023-12-15 18:33:23,945] Trial 35 finished with value: 8.295178413391113 and parameters: {'gradient_clip_val': 0.35329040163707337, 'hidden_size': 53, 'dropout': 0.37180143735882476, 'hidden_continuous_size': 18, 'attention_head_size': 4, 'learning_rate': 0.017000573324285433}. Best is trial 28 with value: 3.6113884449005127.
LOCAL_RANK: 0 - CUDA_VISIBLE_DEVICES: [0]
[I 2023-12-15 18:34:18,471] Trial 36 finished with value: 7.856841564178467 and parameters: {'gradient_clip_val': 0.27394657547313117, 'hidden_size': 59, 'dropout': 0.384982659269294, 'hidden_continuous_size': 14, 'attention_head_size': 4, 'learning_rate': 0.023542170769413086}. Best is trial 28 with value: 3.6113884449005127.
LOCAL_RANK: 0 - CUDA_VISIBLE_DEVICES: [0]
[I 2023-12-15 18:35:10,695] Trial 37 finished with value: 9.582684516906738 and parameters: {'gradient_clip_val': 0.40192574964579686, 'hidden_size': 44, 'dropout': 0.3606390393145177, 'hidden_continuous_size': 11, 'attention_head_size': 4, 'learning_rate': 0.002052064819140552}. Best is trial 28 with value: 3.6113884449005127.
LOCAL_RANK: 0 - CUDA_VISIBLE_DEVICES: [0]
[I 2023-12-15 18:36:05,184] Trial 38 finished with value: 6.272066116333008 and parameters: {'gradient_clip_val': 0.32903759673493116, 'hidden_size': 70, 'dropout': 0.34913174150324555, 'hidden_continuous_size': 16, 'attention_head_size': 4, 'learning_rate': 0.014811487375338833}. Best is trial 28 with value: 3.6113884449005127.
LOCAL_RANK: 0 - CUDA_VISIBLE_DEVICES: [0]
[I 2023-12-15 18:36:56,892] Trial 39 finished with value: 8.251496315002441 and parameters: {'gradient_clip_val': 0.8022670634040288, 'hidden_size': 40, 'dropout': 0.3877694851833589, 'hidden_continuous_size': 10, 'attention_head_size': 4, 'learning_rate': 0.0879029496059247}. Best is trial 28 with value: 3.6113884449005127.
LOCAL_RANK: 0 - CUDA_VISIBLE_DEVICES: [0]
[I 2023-12-15 18:37:49,429] Trial 40 finished with value: 4.924286842346191 and parameters: {'gradient_clip_val': 0.38142077651634226, 'hidden_size': 31, 'dropout': 0.36561870829977605, 'hidden_continuous_size': 21, 'attention_head_size': 4, 'learning_rate': 0.007274217703710422}. Best is trial 28 with value: 3.6113884449005127.
LOCAL_RANK: 0 - CUDA_VISIBLE_DEVICES: [0]
[I 2023-12-15 18:38:41,744] Trial 41 finished with value: 8.003464698791504 and parameters: {'gradient_clip_val': 0.39248015064154523, 'hidden_size': 30, 'dropout': 0.3634997210234404, 'hidden_continuous_size': 23, 'attention_head_size': 4, 'learning_rate': 0.007049914866356612}. Best is trial 28 with value: 3.6113884449005127.
LOCAL_RANK: 0 - CUDA_VISIBLE_DEVICES: [0]
[I 2023-12-15 18:39:35,311] Trial 42 finished with value: 8.537558555603027 and parameters: {'gradient_clip_val': 0.5484234900050186, 'hidden_size': 38, 'dropout': 0.37983691668423414, 'hidden_continuous_size': 21, 'attention_head_size': 4, 'learning_rate': 0.01028973549214681}. Best is trial 28 with value: 3.6113884449005127.
LOCAL_RANK: 0 - CUDA_VISIBLE_DEVICES: [0]
[I 2023-12-15 18:40:27,446] Trial 43 finished with value: 14.497540473937988 and parameters: {'gradient_clip_val': 0.27484839905487324, 'hidden_size': 30, 'dropout': 0.34148678354677237, 'hidden_continuous_size': 23, 'attention_head_size': 4, 'learning_rate': 0.00433179331626645}. Best is trial 28 with value: 3.6113884449005127.
LOCAL_RANK: 0 - CUDA_VISIBLE_DEVICES: [0]
[I 2023-12-15 18:41:19,566] Trial 44 finished with value: 5.884322643280029 and parameters: {'gradient_clip_val': 0.47162342887278264, 'hidden_size': 35, 'dropout': 0.39817449189952947, 'hidden_continuous_size': 15, 'attention_head_size': 4, 'learning_rate': 0.0027586496431605215}. Best is trial 28 with value: 3.6113884449005127.
LOCAL_RANK: 0 - CUDA_VISIBLE_DEVICES: [0]
[I 2023-12-15 18:42:13,421] Trial 45 finished with value: 14.450057983398438 and parameters: {'gradient_clip_val': 0.6062836556244311, 'hidden_size': 47, 'dropout': 0.321533881771815, 'hidden_continuous_size': 27, 'attention_head_size': 4, 'learning_rate': 0.0056730956312108045}. Best is trial 28 with value: 3.6113884449005127.
LOCAL_RANK: 0 - CUDA_VISIBLE_DEVICES: [0]
[I 2023-12-15 18:43:06,589] Trial 46 finished with value: 7.734133243560791 and parameters: {'gradient_clip_val': 0.3259506670877713, 'hidden_size': 43, 'dropout': 0.36506343533791735, 'hidden_continuous_size': 12, 'attention_head_size': 3, 'learning_rate': 0.007280450479599315}. Best is trial 28 with value: 3.6113884449005127.
LOCAL_RANK: 0 - CUDA_VISIBLE_DEVICES: [0]
[I 2023-12-15 18:43:57,072] Trial 47 finished with value: 13.42968463897705 and parameters: {'gradient_clip_val': 0.7379373707521844, 'hidden_size': 27, 'dropout': 0.3851078893133687, 'hidden_continuous_size': 9, 'attention_head_size': 4, 'learning_rate': 0.009267924028827356}. Best is trial 28 with value: 3.6113884449005127.
LOCAL_RANK: 0 - CUDA_VISIBLE_DEVICES: [0]
[I 2023-12-15 18:44:47,212] Trial 48 finished with value: 6.394689083099365 and parameters: {'gradient_clip_val': 0.21965496951019975, 'hidden_size': 22, 'dropout': 0.3535914813937499, 'hidden_continuous_size': 11, 'attention_head_size': 4, 'learning_rate': 0.00493054807937314}. Best is trial 28 with value: 3.6113884449005127.
LOCAL_RANK: 0 - CUDA_VISIBLE_DEVICES: [0]
[I 2023-12-15 18:45:40,066] Trial 49 finished with value: 7.576055526733398 and parameters: {'gradient_clip_val': 0.39607674413353405, 'hidden_size': 38, 'dropout': 0.303878622457812, 'hidden_continuous_size': 16, 'attention_head_size': 2, 'learning_rate': 0.014815992228914056}. Best is trial 28 with value: 3.6113884449005127.
[I 2023-12-15 18:45:40,159] A new study created in memory with name: no-name-d2e1667e-9c41-427a-860f-e2cdc782bd5f
/home/le004/conda/anaconda3/envs/tsff_env/lib/python3.9/site-packages/lightning/fabric/plugins/environments/slurm.py:191: The `srun` command is available on your system but is not used. HINT: If your intention is to run Lightning on SLURM, prepend your python command with `srun` like so: srun python /home/le004/master_thesis/git/TSFusionForecast/code/ ...
LOCAL_RANK: 0 - CUDA_VISIBLE_DEVICES: [0]
[I 2023-12-15 18:46:18,131] Trial 0 finished with value: 85.12223052978516 and parameters: {'gradient_clip_val': 0.12846391100545726, 'hidden_size': 7, 'dropout': 0.3245326545593359, 'hidden_continuous_size': 7, 'attention_head_size': 4, 'learning_rate': 0.0023694611883724194}. Best is trial 0 with value: 85.12223052978516.
LOCAL_RANK: 0 - CUDA_VISIBLE_DEVICES: [0]
[I 2023-12-15 18:47:04,546] Trial 1 finished with value: 54.36178207397461 and parameters: {'gradient_clip_val': 0.2185388048507973, 'hidden_size': 11, 'dropout': 0.13653616055986684, 'hidden_continuous_size': 10, 'attention_head_size': 2, 'learning_rate': 0.07933990504764274}. Best is trial 1 with value: 54.36178207397461.
LOCAL_RANK: 0 - CUDA_VISIBLE_DEVICES: [0]
[I 2023-12-15 18:47:53,129] Trial 2 finished with value: 63.95745849609375 and parameters: {'gradient_clip_val': 0.19422500684009714, 'hidden_size': 23, 'dropout': 0.23901424247421768, 'hidden_continuous_size': 7, 'attention_head_size': 1, 'learning_rate': 0.01834082172840898}. Best is trial 1 with value: 54.36178207397461.
LOCAL_RANK: 0 - CUDA_VISIBLE_DEVICES: [0]
[I 2023-12-15 18:48:39,018] Trial 3 finished with value: 111.86356353759766 and parameters: {'gradient_clip_val': 0.2575733509709251, 'hidden_size': 7, 'dropout': 0.22335284207617412, 'hidden_continuous_size': 6, 'attention_head_size': 3, 'learning_rate': 0.0005782693195240774}. Best is trial 1 with value: 54.36178207397461.
LOCAL_RANK: 0 - CUDA_VISIBLE_DEVICES: [0]
[I 2023-12-15 18:49:32,692] Trial 4 finished with value: 93.4043197631836 and parameters: {'gradient_clip_val': 0.12050600265103431, 'hidden_size': 67, 'dropout': 0.34676830636100825, 'hidden_continuous_size': 18, 'attention_head_size': 2, 'learning_rate': 0.031363685312672404}. Best is trial 1 with value: 54.36178207397461.
LOCAL_RANK: 0 - CUDA_VISIBLE_DEVICES: [0]
[I 2023-12-15 18:50:25,185] Trial 5 finished with value: 107.06192779541016 and parameters: {'gradient_clip_val': 0.5560021589026864, 'hidden_size': 79, 'dropout': 0.38817846806218914, 'hidden_continuous_size': 5, 'attention_head_size': 3, 'learning_rate': 0.0016069968469075448}. Best is trial 1 with value: 54.36178207397461.
LOCAL_RANK: 0 - CUDA_VISIBLE_DEVICES: [0]
[I 2023-12-15 18:51:12,300] Trial 6 finished with value: 71.81471252441406 and parameters: {'gradient_clip_val': 0.9064917107766834, 'hidden_size': 11, 'dropout': 0.16157743602835153, 'hidden_continuous_size': 8, 'attention_head_size': 4, 'learning_rate': 0.004649418437017656}. Best is trial 1 with value: 54.36178207397461.
LOCAL_RANK: 0 - CUDA_VISIBLE_DEVICES: [0]
[I 2023-12-15 18:52:02,232] Trial 7 finished with value: 106.86042022705078 and parameters: {'gradient_clip_val': 0.21370146631046213, 'hidden_size': 22, 'dropout': 0.143152020855631, 'hidden_continuous_size': 10, 'attention_head_size': 3, 'learning_rate': 0.050879095902433266}. Best is trial 1 with value: 54.36178207397461.
LOCAL_RANK: 0 - CUDA_VISIBLE_DEVICES: [0]
[I 2023-12-15 18:52:51,898] Trial 8 finished with value: 134.13275146484375 and parameters: {'gradient_clip_val': 0.7754815199201451, 'hidden_size': 36, 'dropout': 0.21307675035934456, 'hidden_continuous_size': 6, 'attention_head_size': 4, 'learning_rate': 0.000796685670142362}. Best is trial 1 with value: 54.36178207397461.
LOCAL_RANK: 0 - CUDA_VISIBLE_DEVICES: [0]
[I 2023-12-15 18:53:40,710] Trial 9 finished with value: 103.20801544189453 and parameters: {'gradient_clip_val': 0.3360857932121432, 'hidden_size': 28, 'dropout': 0.3587968268164978, 'hidden_continuous_size': 10, 'attention_head_size': 2, 'learning_rate': 0.001036905898799024}. Best is trial 1 with value: 54.36178207397461.
LOCAL_RANK: 0 - CUDA_VISIBLE_DEVICES: [0]
[I 2023-12-15 18:54:25,457] Trial 10 finished with value: 87.5538101196289 and parameters: {'gradient_clip_val': 0.4039799125684426, 'hidden_size': 12, 'dropout': 0.11293565809680783, 'hidden_continuous_size': 10, 'attention_head_size': 1, 'learning_rate': 0.07362756939348007}. Best is trial 1 with value: 54.36178207397461.
LOCAL_RANK: 0 - CUDA_VISIBLE_DEVICES: [0]
[I 2023-12-15 18:55:11,482] Trial 11 finished with value: 103.91925811767578 and parameters: {'gradient_clip_val': 0.19225336587711314, 'hidden_size': 14, 'dropout': 0.287233948230434, 'hidden_continuous_size': 9, 'attention_head_size': 1, 'learning_rate': 0.016691511706773035}. Best is trial 1 with value: 54.36178207397461.
LOCAL_RANK: 0 - CUDA_VISIBLE_DEVICES: [0]
[I 2023-12-15 18:56:00,199] Trial 12 finished with value: 137.3475341796875 and parameters: {'gradient_clip_val': 0.1714466144299572, 'hidden_size': 18, 'dropout': 0.1887726665271888, 'hidden_continuous_size': 13, 'attention_head_size': 1, 'learning_rate': 0.01464865701469578}. Best is trial 1 with value: 54.36178207397461.
LOCAL_RANK: 0 - CUDA_VISIBLE_DEVICES: [0]
[I 2023-12-15 18:56:37,100] Trial 13 finished with value: 111.0964584350586 and parameters: {'gradient_clip_val': 0.2984068506579998, 'hidden_size': 5, 'dropout': 0.25267889013991035, 'hidden_continuous_size': 5, 'attention_head_size': 2, 'learning_rate': 0.07362588950325549}. Best is trial 1 with value: 54.36178207397461.
LOCAL_RANK: 0 - CUDA_VISIBLE_DEVICES: [0]
[I 2023-12-15 18:57:29,696] Trial 14 finished with value: 91.4482650756836 and parameters: {'gradient_clip_val': 0.15533294470613235, 'hidden_size': 34, 'dropout': 0.11545021976398674, 'hidden_continuous_size': 29, 'attention_head_size': 1, 'learning_rate': 0.030459911290846103}. Best is trial 1 with value: 54.36178207397461.
LOCAL_RANK: 0 - CUDA_VISIBLE_DEVICES: [0]
[I 2023-12-15 18:58:16,832] Trial 15 finished with value: 98.19574737548828 and parameters: {'gradient_clip_val': 0.10361902095868744, 'hidden_size': 18, 'dropout': 0.1722904663607959, 'hidden_continuous_size': 7, 'attention_head_size': 2, 'learning_rate': 0.09394361074917905}. Best is trial 1 with value: 54.36178207397461.
LOCAL_RANK: 0 - CUDA_VISIBLE_DEVICES: [0]
[I 2023-12-15 18:59:08,257] Trial 16 finished with value: 189.5211639404297 and parameters: {'gradient_clip_val': 0.2252389402104012, 'hidden_size': 48, 'dropout': 0.24959672789084417, 'hidden_continuous_size': 15, 'attention_head_size': 1, 'learning_rate': 0.00834948246659452}. Best is trial 1 with value: 54.36178207397461.
LOCAL_RANK: 0 - CUDA_VISIBLE_DEVICES: [0]
[I 2023-12-15 18:59:54,942] Trial 17 finished with value: 53.34164810180664 and parameters: {'gradient_clip_val': 0.15643196770885182, 'hidden_size': 10, 'dropout': 0.1445593780259819, 'hidden_continuous_size': 6, 'attention_head_size': 2, 'learning_rate': 0.031192305189451125}. Best is trial 17 with value: 53.34164810180664.
LOCAL_RANK: 0 - CUDA_VISIBLE_DEVICES: [0]
[I 2023-12-15 19:00:40,554] Trial 18 finished with value: 77.2247314453125 and parameters: {'gradient_clip_val': 0.14192293767939487, 'hidden_size': 10, 'dropout': 0.13689163842994745, 'hidden_continuous_size': 6, 'attention_head_size': 2, 'learning_rate': 0.042158833358764296}. Best is trial 17 with value: 53.34164810180664.
LOCAL_RANK: 0 - CUDA_VISIBLE_DEVICES: [0]
[I 2023-12-15 19:01:25,977] Trial 19 finished with value: 83.58779907226562 and parameters: {'gradient_clip_val': 0.15623140874573235, 'hidden_size': 8, 'dropout': 0.10737950618021312, 'hidden_continuous_size': 5, 'attention_head_size': 3, 'learning_rate': 0.09542712865711701}. Best is trial 17 with value: 53.34164810180664.
LOCAL_RANK: 0 - CUDA_VISIBLE_DEVICES: [0]
[I 2023-12-15 19:02:12,583] Trial 20 finished with value: 69.59111785888672 and parameters: {'gradient_clip_val': 0.25135818870615706, 'hidden_size': 15, 'dropout': 0.19158427608234227, 'hidden_continuous_size': 8, 'attention_head_size': 2, 'learning_rate': 0.049798206552611864}. Best is trial 17 with value: 53.34164810180664.
LOCAL_RANK: 0 - CUDA_VISIBLE_DEVICES: [0]
[I 2023-12-15 19:03:01,281] Trial 21 finished with value: 158.37535095214844 and parameters: {'gradient_clip_val': 0.1906561942894539, 'hidden_size': 23, 'dropout': 0.14825290020127485, 'hidden_continuous_size': 8, 'attention_head_size': 1, 'learning_rate': 0.01879987275697351}. Best is trial 17 with value: 53.34164810180664.
LOCAL_RANK: 0 - CUDA_VISIBLE_DEVICES: [0]
[I 2023-12-15 19:03:47,405] Trial 22 finished with value: 55.38064956665039 and parameters: {'gradient_clip_val': 0.18170056554959518, 'hidden_size': 15, 'dropout': 0.17071054119161838, 'hidden_continuous_size': 7, 'attention_head_size': 2, 'learning_rate': 0.02768125274982774}. Best is trial 17 with value: 53.34164810180664.
LOCAL_RANK: 0 - CUDA_VISIBLE_DEVICES: [0]
[I 2023-12-15 19:04:33,091] Trial 23 finished with value: 63.45277786254883 and parameters: {'gradient_clip_val': 0.14995415025454706, 'hidden_size': 9, 'dropout': 0.17519667643306613, 'hidden_continuous_size': 6, 'attention_head_size': 2, 'learning_rate': 0.03331849249719429}. Best is trial 17 with value: 53.34164810180664.
LOCAL_RANK: 0 - CUDA_VISIBLE_DEVICES: [0]
[I 2023-12-15 19:05:19,403] Trial 24 finished with value: 141.17576599121094 and parameters: {'gradient_clip_val': 0.10528699970505853, 'hidden_size': 13, 'dropout': 0.13138722939389844, 'hidden_continuous_size': 7, 'attention_head_size': 2, 'learning_rate': 0.026257318150459074}. Best is trial 17 with value: 53.34164810180664.
LOCAL_RANK: 0 - CUDA_VISIBLE_DEVICES: [0]
[I 2023-12-15 19:06:05,642] Trial 25 finished with value: 75.33077239990234 and parameters: {'gradient_clip_val': 0.17161264776868285, 'hidden_size': 16, 'dropout': 0.15381102995340945, 'hidden_continuous_size': 9, 'attention_head_size': 3, 'learning_rate': 0.056982498196404094}. Best is trial 17 with value: 53.34164810180664.
LOCAL_RANK: 0 - CUDA_VISIBLE_DEVICES: [0]
[I 2023-12-15 19:06:51,539] Trial 26 finished with value: 96.1726303100586 and parameters: {'gradient_clip_val': 0.24199744926124236, 'hidden_size': 11, 'dropout': 0.10573581059619847, 'hidden_continuous_size': 6, 'attention_head_size': 2, 'learning_rate': 0.010549159688562473}. Best is trial 17 with value: 53.34164810180664.
LOCAL_RANK: 0 - CUDA_VISIBLE_DEVICES: [0]
[I 2023-12-15 19:07:37,579] Trial 27 finished with value: 194.4963836669922 and parameters: {'gradient_clip_val': 0.1400831815461884, 'hidden_size': 9, 'dropout': 0.18874832154172516, 'hidden_continuous_size': 5, 'attention_head_size': 3, 'learning_rate': 0.023958924418400394}. Best is trial 17 with value: 53.34164810180664.
LOCAL_RANK: 0 - CUDA_VISIBLE_DEVICES: [0]
[I 2023-12-15 19:08:23,542] Trial 28 finished with value: 77.6727523803711 and parameters: {'gradient_clip_val': 0.11781711414078641, 'hidden_size': 13, 'dropout': 0.12836770372730266, 'hidden_continuous_size': 7, 'attention_head_size': 2, 'learning_rate': 0.04167212686621505}. Best is trial 17 with value: 53.34164810180664.
LOCAL_RANK: 0 - CUDA_VISIBLE_DEVICES: [0]
[I 2023-12-15 19:09:09,233] Trial 29 finished with value: 87.49484252929688 and parameters: {'gradient_clip_val': 0.12793624013845525, 'hidden_size': 6, 'dropout': 0.15317578989025682, 'hidden_continuous_size': 5, 'attention_head_size': 2, 'learning_rate': 0.005844766036023974}. Best is trial 17 with value: 53.34164810180664.
LOCAL_RANK: 0 - CUDA_VISIBLE_DEVICES: [0]
[I 2023-12-15 19:09:55,395] Trial 30 finished with value: 47.6839714050293 and parameters: {'gradient_clip_val': 0.2114818839366295, 'hidden_size': 7, 'dropout': 0.12572750980864644, 'hidden_continuous_size': 5, 'attention_head_size': 3, 'learning_rate': 0.061801288206277866}. Best is trial 30 with value: 47.6839714050293.
LOCAL_RANK: 0 - CUDA_VISIBLE_DEVICES: [0]
[I 2023-12-15 19:10:41,119] Trial 31 finished with value: 91.96247100830078 and parameters: {'gradient_clip_val': 0.2036733000107457, 'hidden_size': 7, 'dropout': 0.10078949578246359, 'hidden_continuous_size': 5, 'attention_head_size': 3, 'learning_rate': 0.06233980661438193}. Best is trial 30 with value: 47.6839714050293.
LOCAL_RANK: 0 - CUDA_VISIBLE_DEVICES: [0]
[I 2023-12-15 19:11:26,331] Trial 32 finished with value: 148.43724060058594 and parameters: {'gradient_clip_val': 0.1816304078822437, 'hidden_size': 8, 'dropout': 0.12685399525258192, 'hidden_continuous_size': 5, 'attention_head_size': 4, 'learning_rate': 0.03818433896674348}. Best is trial 30 with value: 47.6839714050293.
LOCAL_RANK: 0 - CUDA_VISIBLE_DEVICES: [0]
[I 2023-12-15 19:12:12,570] Trial 33 finished with value: 43.08941650390625 and parameters: {'gradient_clip_val': 0.2116656139977792, 'hidden_size': 6, 'dropout': 0.1669119254112446, 'hidden_continuous_size': 5, 'attention_head_size': 3, 'learning_rate': 0.09986393904695956}. Best is trial 33 with value: 43.08941650390625.
LOCAL_RANK: 0 - CUDA_VISIBLE_DEVICES: [0]
