[I 2023-12-16 13:00:31,698] Trial 13 finished with value: 3300.605712890625 and parameters: {'gradient_clip_val': 0.48154051118215185, 'hidden_size': 5, 'dropout': 0.3531134255195181, 'hidden_continuous_size': 5, 'attention_head_size': 1, 'learning_rate': 0.008862914222462132}. Best is trial 8 with value: 2564.41162109375.
LOCAL_RANK: 0 - CUDA_VISIBLE_DEVICES: [0]
[I 2023-12-16 13:01:21,006] Trial 14 finished with value: 4878.21435546875 and parameters: {'gradient_clip_val': 0.7141250088995291, 'hidden_size': 25, 'dropout': 0.27183833250567724, 'hidden_continuous_size': 10, 'attention_head_size': 3, 'learning_rate': 0.0010201267223945568}. Best is trial 8 with value: 2564.41162109375.
LOCAL_RANK: 0 - CUDA_VISIBLE_DEVICES: [0]
[I 2023-12-16 13:02:15,396] Trial 15 finished with value: 7520.68603515625 and parameters: {'gradient_clip_val': 0.402386311792054, 'hidden_size': 62, 'dropout': 0.190502865180034, 'hidden_continuous_size': 58, 'attention_head_size': 1, 'learning_rate': 0.003606320853061561}. Best is trial 8 with value: 2564.41162109375.
LOCAL_RANK: 0 - CUDA_VISIBLE_DEVICES: [0]
[I 2023-12-16 13:03:07,456] Trial 16 finished with value: 2389.663818359375 and parameters: {'gradient_clip_val': 0.7662394467385764, 'hidden_size': 51, 'dropout': 0.31858262372996016, 'hidden_continuous_size': 7, 'attention_head_size': 2, 'learning_rate': 0.0025207571555850867}. Best is trial 16 with value: 2389.663818359375.
LOCAL_RANK: 0 - CUDA_VISIBLE_DEVICES: [0]
[I 2023-12-16 13:04:02,382] Trial 17 finished with value: 1958.66845703125 and parameters: {'gradient_clip_val': 0.5800949794933928, 'hidden_size': 99, 'dropout': 0.3983022870305142, 'hidden_continuous_size': 16, 'attention_head_size': 2, 'learning_rate': 0.0021049026729381003}. Best is trial 17 with value: 1958.66845703125.
LOCAL_RANK: 0 - CUDA_VISIBLE_DEVICES: [0]
[I 2023-12-16 13:04:57,989] Trial 18 finished with value: 6511.18701171875 and parameters: {'gradient_clip_val': 0.8717383749589535, 'hidden_size': 97, 'dropout': 0.3914307569033354, 'hidden_continuous_size': 16, 'attention_head_size': 3, 'learning_rate': 0.0012838868640456837}. Best is trial 17 with value: 1958.66845703125.
LOCAL_RANK: 0 - CUDA_VISIBLE_DEVICES: [0]
[I 2023-12-16 13:05:52,628] Trial 19 finished with value: 2505.075439453125 and parameters: {'gradient_clip_val': 0.6530437385014334, 'hidden_size': 100, 'dropout': 0.3675347995835256, 'hidden_continuous_size': 28, 'attention_head_size': 2, 'learning_rate': 0.0007914480256919201}. Best is trial 17 with value: 1958.66845703125.
LOCAL_RANK: 0 - CUDA_VISIBLE_DEVICES: [0]
[I 2023-12-16 13:06:46,278] Trial 20 finished with value: 2547.457275390625 and parameters: {'gradient_clip_val': 0.8052214372046971, 'hidden_size': 68, 'dropout': 0.3735846662244423, 'hidden_continuous_size': 12, 'attention_head_size': 3, 'learning_rate': 0.001903309729069558}. Best is trial 17 with value: 1958.66845703125.
LOCAL_RANK: 0 - CUDA_VISIBLE_DEVICES: [0]
[I 2023-12-16 13:07:40,540] Trial 21 finished with value: 3034.706787109375 and parameters: {'gradient_clip_val': 0.6419198715969126, 'hidden_size': 92, 'dropout': 0.3724054861047191, 'hidden_continuous_size': 26, 'attention_head_size': 2, 'learning_rate': 0.0006445870099216847}. Best is trial 17 with value: 1958.66845703125.
LOCAL_RANK: 0 - CUDA_VISIBLE_DEVICES: [0]
[I 2023-12-16 13:08:35,333] Trial 22 finished with value: 1964.74365234375 and parameters: {'gradient_clip_val': 0.5845123998462557, 'hidden_size': 77, 'dropout': 0.3967911709571468, 'hidden_continuous_size': 33, 'attention_head_size': 2, 'learning_rate': 0.0009385405727420649}. Best is trial 17 with value: 1958.66845703125.
LOCAL_RANK: 0 - CUDA_VISIBLE_DEVICES: [0]
[I 2023-12-16 13:09:30,028] Trial 23 finished with value: 2800.678955078125 and parameters: {'gradient_clip_val': 0.8024845408946527, 'hidden_size': 70, 'dropout': 0.3984492777074735, 'hidden_continuous_size': 38, 'attention_head_size': 2, 'learning_rate': 0.0010427878939558118}. Best is trial 17 with value: 1958.66845703125.
LOCAL_RANK: 0 - CUDA_VISIBLE_DEVICES: [0]
[I 2023-12-16 13:10:23,117] Trial 24 finished with value: 2657.017822265625 and parameters: {'gradient_clip_val': 0.9980315852827432, 'hidden_size': 54, 'dropout': 0.33918481436469883, 'hidden_continuous_size': 19, 'attention_head_size': 2, 'learning_rate': 0.0005277331542369942}. Best is trial 17 with value: 1958.66845703125.
LOCAL_RANK: 0 - CUDA_VISIBLE_DEVICES: [0]
[I 2023-12-16 13:11:18,285] Trial 25 finished with value: 1775.7572021484375 and parameters: {'gradient_clip_val': 0.5427660950719461, 'hidden_size': 74, 'dropout': 0.3715657415570705, 'hidden_continuous_size': 41, 'attention_head_size': 3, 'learning_rate': 0.0017820128696822426}. Best is trial 25 with value: 1775.7572021484375.
LOCAL_RANK: 0 - CUDA_VISIBLE_DEVICES: [0]
[I 2023-12-16 13:12:13,710] Trial 26 finished with value: 1680.7965087890625 and parameters: {'gradient_clip_val': 0.49362030716241856, 'hidden_size': 77, 'dropout': 0.37834987227566164, 'hidden_continuous_size': 44, 'attention_head_size': 4, 'learning_rate': 0.0008747867317143931}. Best is trial 26 with value: 1680.7965087890625.
LOCAL_RANK: 0 - CUDA_VISIBLE_DEVICES: [0]
[I 2023-12-16 13:13:10,615] Trial 27 finished with value: 4410.80322265625 and parameters: {'gradient_clip_val': 0.4197448618109119, 'hidden_size': 76, 'dropout': 0.3752461528848187, 'hidden_continuous_size': 74, 'attention_head_size': 4, 'learning_rate': 0.0013379379159750248}. Best is trial 26 with value: 1680.7965087890625.
LOCAL_RANK: 0 - CUDA_VISIBLE_DEVICES: [0]
[I 2023-12-16 13:14:07,733] Trial 28 finished with value: 4108.140625 and parameters: {'gradient_clip_val': 0.5261618602718278, 'hidden_size': 99, 'dropout': 0.3503965388734949, 'hidden_continuous_size': 44, 'attention_head_size': 4, 'learning_rate': 0.0007681461347003229}. Best is trial 26 with value: 1680.7965087890625.
LOCAL_RANK: 0 - CUDA_VISIBLE_DEVICES: [0]
[I 2023-12-16 13:15:03,924] Trial 29 finished with value: 3040.977783203125 and parameters: {'gradient_clip_val': 0.39388093923282835, 'hidden_size': 75, 'dropout': 0.3848613145535764, 'hidden_continuous_size': 47, 'attention_head_size': 4, 'learning_rate': 0.0016917605428750633}. Best is trial 26 with value: 1680.7965087890625.
LOCAL_RANK: 0 - CUDA_VISIBLE_DEVICES: [0]
[I 2023-12-16 13:16:00,284] Trial 30 finished with value: 5935.62744140625 and parameters: {'gradient_clip_val': 0.4703902615600062, 'hidden_size': 84, 'dropout': 0.36292533198135424, 'hidden_continuous_size': 58, 'attention_head_size': 3, 'learning_rate': 0.0034552789079258022}. Best is trial 26 with value: 1680.7965087890625.
LOCAL_RANK: 0 - CUDA_VISIBLE_DEVICES: [0]
[I 2023-12-16 13:16:56,047] Trial 31 finished with value: 4743.65380859375 and parameters: {'gradient_clip_val': 0.6023536997211065, 'hidden_size': 82, 'dropout': 0.398591360990562, 'hidden_continuous_size': 33, 'attention_head_size': 3, 'learning_rate': 0.0009646066773126613}. Best is trial 26 with value: 1680.7965087890625.
LOCAL_RANK: 0 - CUDA_VISIBLE_DEVICES: [0]
[I 2023-12-16 13:17:50,762] Trial 32 finished with value: 3685.396484375 and parameters: {'gradient_clip_val': 0.5735002879835901, 'hidden_size': 62, 'dropout': 0.39987573053113, 'hidden_continuous_size': 33, 'attention_head_size': 3, 'learning_rate': 0.0008476290847635848}. Best is trial 26 with value: 1680.7965087890625.
LOCAL_RANK: 0 - CUDA_VISIBLE_DEVICES: [0]
[I 2023-12-16 13:18:45,866] Trial 33 finished with value: 3409.910888671875 and parameters: {'gradient_clip_val': 0.691160847458027, 'hidden_size': 81, 'dropout': 0.3766849415587389, 'hidden_continuous_size': 21, 'attention_head_size': 4, 'learning_rate': 0.0012696793257139867}. Best is trial 26 with value: 1680.7965087890625.
LOCAL_RANK: 0 - CUDA_VISIBLE_DEVICES: [0]
[I 2023-12-16 13:19:38,664] Trial 34 finished with value: 8744.9970703125 and parameters: {'gradient_clip_val': 0.548529859159818, 'hidden_size': 64, 'dropout': 0.3829163128681845, 'hidden_continuous_size': 27, 'attention_head_size': 2, 'learning_rate': 0.0019578921383826948}. Best is trial 26 with value: 1680.7965087890625.
LOCAL_RANK: 0 - CUDA_VISIBLE_DEVICES: [0]
[I 2023-12-16 13:20:34,886] Trial 35 finished with value: 1536.4921875 and parameters: {'gradient_clip_val': 0.6647810605527595, 'hidden_size': 82, 'dropout': 0.3432571909261617, 'hidden_continuous_size': 42, 'attention_head_size': 4, 'learning_rate': 0.0007139901589941836}. Best is trial 35 with value: 1536.4921875.
LOCAL_RANK: 0 - CUDA_VISIBLE_DEVICES: [0]
[I 2023-12-16 13:21:27,428] Trial 36 finished with value: 2986.285888671875 and parameters: {'gradient_clip_val': 0.7033349390376358, 'hidden_size': 48, 'dropout': 0.34273109994980594, 'hidden_continuous_size': 14, 'attention_head_size': 4, 'learning_rate': 0.0005162285506578166}. Best is trial 35 with value: 1536.4921875.
LOCAL_RANK: 0 - CUDA_VISIBLE_DEVICES: [0]
[I 2023-12-16 13:22:21,601] Trial 37 finished with value: 2918.505126953125 and parameters: {'gradient_clip_val': 0.34801499575736805, 'hidden_size': 60, 'dropout': 0.35875706746417957, 'hidden_continuous_size': 23, 'attention_head_size': 4, 'learning_rate': 0.0006907438597326945}. Best is trial 35 with value: 1536.4921875.
LOCAL_RANK: 0 - CUDA_VISIBLE_DEVICES: [0]
[I 2023-12-16 13:23:18,139] Trial 38 finished with value: 3537.376953125 and parameters: {'gradient_clip_val': 0.45344350867734945, 'hidden_size': 86, 'dropout': 0.3286645665933106, 'hidden_continuous_size': 43, 'attention_head_size': 4, 'learning_rate': 0.0015631403404538031}. Best is trial 35 with value: 1536.4921875.
LOCAL_RANK: 0 - CUDA_VISIBLE_DEVICES: [0]
[I 2023-12-16 13:24:13,447] Trial 39 finished with value: 1706.90185546875 and parameters: {'gradient_clip_val': 0.5149048047821057, 'hidden_size': 69, 'dropout': 0.3605664314847409, 'hidden_continuous_size': 38, 'attention_head_size': 4, 'learning_rate': 0.0011271647982676557}. Best is trial 35 with value: 1536.4921875.
LOCAL_RANK: 0 - CUDA_VISIBLE_DEVICES: [0]
[I 2023-12-16 13:25:07,394] Trial 40 finished with value: 1485.0179443359375 and parameters: {'gradient_clip_val': 0.258701837692874, 'hidden_size': 45, 'dropout': 0.30693068070229274, 'hidden_continuous_size': 30, 'attention_head_size': 4, 'learning_rate': 0.001131324127710032}. Best is trial 40 with value: 1485.0179443359375.
LOCAL_RANK: 0 - CUDA_VISIBLE_DEVICES: [0]
[I 2023-12-16 13:26:01,882] Trial 41 finished with value: 2464.330078125 and parameters: {'gradient_clip_val': 0.2328497832246977, 'hidden_size': 54, 'dropout': 0.3075970186100984, 'hidden_continuous_size': 38, 'attention_head_size': 4, 'learning_rate': 0.001116219252259277}. Best is trial 40 with value: 1485.0179443359375.
LOCAL_RANK: 0 - CUDA_VISIBLE_DEVICES: [0]
[I 2023-12-16 13:26:57,888] Trial 42 finished with value: 2534.072998046875 and parameters: {'gradient_clip_val': 0.26302213154078813, 'hidden_size': 70, 'dropout': 0.34754664829661897, 'hidden_continuous_size': 49, 'attention_head_size': 4, 'learning_rate': 0.0006978500169629574}. Best is trial 40 with value: 1485.0179443359375.
LOCAL_RANK: 0 - CUDA_VISIBLE_DEVICES: [0]
[I 2023-12-16 13:27:51,818] Trial 43 finished with value: 2844.167724609375 and parameters: {'gradient_clip_val': 0.3464541868631886, 'hidden_size': 60, 'dropout': 0.3336843641976108, 'hidden_continuous_size': 38, 'attention_head_size': 4, 'learning_rate': 0.0014636412868365462}. Best is trial 40 with value: 1485.0179443359375.
LOCAL_RANK: 0 - CUDA_VISIBLE_DEVICES: [0]
[I 2023-12-16 13:28:45,864] Trial 44 finished with value: 3139.3427734375 and parameters: {'gradient_clip_val': 0.5170861029058451, 'hidden_size': 46, 'dropout': 0.3628516312831333, 'hidden_continuous_size': 30, 'attention_head_size': 4, 'learning_rate': 0.0008487366513863644}. Best is trial 40 with value: 1485.0179443359375.
LOCAL_RANK: 0 - CUDA_VISIBLE_DEVICES: [0]
[I 2023-12-16 13:29:41,410] Trial 45 finished with value: 1723.0101318359375 and parameters: {'gradient_clip_val': 0.43847950992335333, 'hidden_size': 70, 'dropout': 0.30758665681460945, 'hidden_continuous_size': 41, 'attention_head_size': 4, 'learning_rate': 0.0006297875242420916}. Best is trial 40 with value: 1485.0179443359375.
LOCAL_RANK: 0 - CUDA_VISIBLE_DEVICES: [0]
[I 2023-12-16 13:30:35,334] Trial 46 finished with value: 2235.743896484375 and parameters: {'gradient_clip_val': 0.44523079997234205, 'hidden_size': 43, 'dropout': 0.29327958889132316, 'hidden_continuous_size': 33, 'attention_head_size': 4, 'learning_rate': 0.0006035982615196681}. Best is trial 40 with value: 1485.0179443359375.
LOCAL_RANK: 0 - CUDA_VISIBLE_DEVICES: [0]
[I 2023-12-16 13:31:28,536] Trial 47 finished with value: 2475.483154296875 and parameters: {'gradient_clip_val': 0.5020192377701176, 'hidden_size': 34, 'dropout': 0.3077052557611502, 'hidden_continuous_size': 25, 'attention_head_size': 4, 'learning_rate': 0.0011594094850497143}. Best is trial 40 with value: 1485.0179443359375.
LOCAL_RANK: 0 - CUDA_VISIBLE_DEVICES: [0]
[I 2023-12-16 13:32:22,480] Trial 48 finished with value: 3550.7890625 and parameters: {'gradient_clip_val': 0.3687890357899206, 'hidden_size': 55, 'dropout': 0.3255785594840398, 'hidden_continuous_size': 30, 'attention_head_size': 4, 'learning_rate': 0.0006284124049456701}. Best is trial 40 with value: 1485.0179443359375.
LOCAL_RANK: 0 - CUDA_VISIBLE_DEVICES: [0]
[I 2023-12-16 13:33:19,339] Trial 49 finished with value: 3265.575439453125 and parameters: {'gradient_clip_val': 0.2878598850602453, 'hidden_size': 86, 'dropout': 0.34349163278078004, 'hidden_continuous_size': 52, 'attention_head_size': 4, 'learning_rate': 0.0005142847681515782}. Best is trial 40 with value: 1485.0179443359375.
[I 2023-12-16 13:33:19,429] A new study created in memory with name: no-name-c19d75a3-2bd5-47bf-a400-99d587fe2b9d
/home/le004/conda/anaconda3/envs/tsff_env/lib/python3.9/site-packages/lightning/fabric/plugins/environments/slurm.py:191: The `srun` command is available on your system but is not used. HINT: If your intention is to run Lightning on SLURM, prepend your python command with `srun` like so: srun python /home/le004/master_thesis/git/TSFusionForecast/code/ ...
LOCAL_RANK: 0 - CUDA_VISIBLE_DEVICES: [0]
[I 2023-12-16 13:34:05,677] Trial 0 finished with value: 6916.11962890625 and parameters: {'gradient_clip_val': 0.8902656100563784, 'hidden_size': 15, 'dropout': 0.23262867569852652, 'hidden_continuous_size': 6, 'attention_head_size': 4, 'learning_rate': 0.005317025167492906}. Best is trial 0 with value: 6916.11962890625.
LOCAL_RANK: 0 - CUDA_VISIBLE_DEVICES: [0]
[I 2023-12-16 13:35:00,318] Trial 1 finished with value: 8425.7919921875 and parameters: {'gradient_clip_val': 0.12386750844644158, 'hidden_size': 80, 'dropout': 0.14971484980055808, 'hidden_continuous_size': 26, 'attention_head_size': 3, 'learning_rate': 0.0038744518264196316}. Best is trial 0 with value: 6916.11962890625.
LOCAL_RANK: 0 - CUDA_VISIBLE_DEVICES: [0]
[I 2023-12-16 13:35:49,102] Trial 2 finished with value: 3360.869873046875 and parameters: {'gradient_clip_val': 0.17488309631487128, 'hidden_size': 28, 'dropout': 0.2234542214068606, 'hidden_continuous_size': 21, 'attention_head_size': 1, 'learning_rate': 0.005417942318803694}. Best is trial 2 with value: 3360.869873046875.
LOCAL_RANK: 0 - CUDA_VISIBLE_DEVICES: [0]
[I 2023-12-16 13:36:23,999] Trial 3 finished with value: 5321.4130859375 and parameters: {'gradient_clip_val': 0.18065371927869253, 'hidden_size': 5, 'dropout': 0.3830623522921731, 'hidden_continuous_size': 5, 'attention_head_size': 3, 'learning_rate': 0.07188743697555446}. Best is trial 2 with value: 3360.869873046875.
LOCAL_RANK: 0 - CUDA_VISIBLE_DEVICES: [0]
[I 2023-12-16 13:37:09,871] Trial 4 finished with value: 2898.384033203125 and parameters: {'gradient_clip_val': 0.13335318893784706, 'hidden_size': 15, 'dropout': 0.1781779444715867, 'hidden_continuous_size': 9, 'attention_head_size': 1, 'learning_rate': 0.011785448681219978}. Best is trial 4 with value: 2898.384033203125.
LOCAL_RANK: 0 - CUDA_VISIBLE_DEVICES: [0]
[I 2023-12-16 13:38:03,401] Trial 5 finished with value: 3594.552001953125 and parameters: {'gradient_clip_val': 0.2194199093738732, 'hidden_size': 59, 'dropout': 0.11951980405645767, 'hidden_continuous_size': 28, 'attention_head_size': 2, 'learning_rate': 0.0006510485696985985}. Best is trial 4 with value: 2898.384033203125.
LOCAL_RANK: 0 - CUDA_VISIBLE_DEVICES: [0]
[I 2023-12-16 13:38:56,096] Trial 6 finished with value: 3034.332275390625 and parameters: {'gradient_clip_val': 0.8928630016648226, 'hidden_size': 88, 'dropout': 0.2938577122533981, 'hidden_continuous_size': 11, 'attention_head_size': 2, 'learning_rate': 0.0030491078726429775}. Best is trial 4 with value: 2898.384033203125.
LOCAL_RANK: 0 - CUDA_VISIBLE_DEVICES: [0]
[I 2023-12-16 13:39:50,654] Trial 7 finished with value: 6133.544921875 and parameters: {'gradient_clip_val': 0.27939942646940974, 'hidden_size': 93, 'dropout': 0.21572258457070764, 'hidden_continuous_size': 8, 'attention_head_size': 2, 'learning_rate': 0.053524485141209624}. Best is trial 4 with value: 2898.384033203125.
LOCAL_RANK: 0 - CUDA_VISIBLE_DEVICES: [0]
[I 2023-12-16 13:40:41,409] Trial 8 finished with value: 5061.693359375 and parameters: {'gradient_clip_val': 0.24392041384994192, 'hidden_size': 53, 'dropout': 0.10019009946195706, 'hidden_continuous_size': 5, 'attention_head_size': 1, 'learning_rate': 0.040648459349208625}. Best is trial 4 with value: 2898.384033203125.
LOCAL_RANK: 0 - CUDA_VISIBLE_DEVICES: [0]
[I 2023-12-16 13:41:34,592] Trial 9 finished with value: 7898.451171875 and parameters: {'gradient_clip_val': 0.1264951325441394, 'hidden_size': 94, 'dropout': 0.3086815922113805, 'hidden_continuous_size': 6, 'attention_head_size': 2, 'learning_rate': 0.007981840785073956}. Best is trial 4 with value: 2898.384033203125.
LOCAL_RANK: 0 - CUDA_VISIBLE_DEVICES: [0]
[I 2023-12-16 13:42:19,061] Trial 10 finished with value: 3680.908203125 and parameters: {'gradient_clip_val': 0.42501477045714126, 'hidden_size': 12, 'dropout': 0.16576624298981302, 'hidden_continuous_size': 9, 'attention_head_size': 1, 'learning_rate': 0.017648562421005258}. Best is trial 4 with value: 2898.384033203125.
LOCAL_RANK: 0 - CUDA_VISIBLE_DEVICES: [0]
[I 2023-12-16 13:43:08,408] Trial 11 finished with value: 1655.1175537109375 and parameters: {'gradient_clip_val': 0.4484544709542819, 'hidden_size': 36, 'dropout': 0.2880060264825562, 'hidden_continuous_size': 13, 'attention_head_size': 1, 'learning_rate': 0.0017013704056919724}. Best is trial 11 with value: 1655.1175537109375.
LOCAL_RANK: 0 - CUDA_VISIBLE_DEVICES: [0]
[I 2023-12-16 13:43:57,521] Trial 12 finished with value: 3255.876953125 and parameters: {'gradient_clip_val': 0.41644301926083727, 'hidden_size': 29, 'dropout': 0.1879076604220514, 'hidden_continuous_size': 14, 'attention_head_size': 1, 'learning_rate': 0.0013290254424467855}. Best is trial 11 with value: 1655.1175537109375.
LOCAL_RANK: 0 - CUDA_VISIBLE_DEVICES: [0]
[I 2023-12-16 13:44:45,708] Trial 13 finished with value: 3497.7578125 and parameters: {'gradient_clip_val': 0.38169881744742695, 'hidden_size': 19, 'dropout': 0.2687540821903177, 'hidden_continuous_size': 12, 'attention_head_size': 1, 'learning_rate': 0.014977929516823424}. Best is trial 11 with value: 1655.1175537109375.
LOCAL_RANK: 0 - CUDA_VISIBLE_DEVICES: [0]
[I 2023-12-16 13:45:38,775] Trial 14 finished with value: 1667.5849609375 and parameters: {'gradient_clip_val': 0.1082491985420168, 'hidden_size': 37, 'dropout': 0.19582511386030638, 'hidden_continuous_size': 17, 'attention_head_size': 4, 'learning_rate': 0.0015964678719623082}. Best is trial 11 with value: 1655.1175537109375.
LOCAL_RANK: 0 - CUDA_VISIBLE_DEVICES: [0]
[I 2023-12-16 13:46:31,475] Trial 15 finished with value: 2481.745849609375 and parameters: {'gradient_clip_val': 0.5626189990378399, 'hidden_size': 39, 'dropout': 0.2604354102005517, 'hidden_continuous_size': 15, 'attention_head_size': 4, 'learning_rate': 0.00180625104023318}. Best is trial 11 with value: 1655.1175537109375.
LOCAL_RANK: 0 - CUDA_VISIBLE_DEVICES: [0]
[I 2023-12-16 13:47:25,526] Trial 16 finished with value: 3848.7724609375 and parameters: {'gradient_clip_val': 0.3097915975843491, 'hidden_size': 41, 'dropout': 0.3293492696381379, 'hidden_continuous_size': 40, 'attention_head_size': 3, 'learning_rate': 0.0005501378062760929}. Best is trial 11 with value: 1655.1175537109375.
LOCAL_RANK: 0 - CUDA_VISIBLE_DEVICES: [0]
[I 2023-12-16 13:48:17,624] Trial 17 finished with value: 4310.47998046875 and parameters: {'gradient_clip_val': 0.1083233728256691, 'hidden_size': 33, 'dropout': 0.20702549767671105, 'hidden_continuous_size': 17, 'attention_head_size': 4, 'learning_rate': 0.0014373276704466654}. Best is trial 11 with value: 1655.1175537109375.
LOCAL_RANK: 0 - CUDA_VISIBLE_DEVICES: [0]
[I 2023-12-16 13:49:11,048] Trial 18 finished with value: 3821.944580078125 and parameters: {'gradient_clip_val': 0.16690187824215563, 'hidden_size': 53, 'dropout': 0.24948042099878404, 'hidden_continuous_size': 19, 'attention_head_size': 3, 'learning_rate': 0.0009243974271729532}. Best is trial 11 with value: 1655.1175537109375.
LOCAL_RANK: 0 - CUDA_VISIBLE_DEVICES: [0]
[I 2023-12-16 13:50:00,844] Trial 19 finished with value: 8293.6328125 and parameters: {'gradient_clip_val': 0.565640430912833, 'hidden_size': 23, 'dropout': 0.34546907359023954, 'hidden_continuous_size': 13, 'attention_head_size': 4, 'learning_rate': 0.002664090656920281}. Best is trial 11 with value: 1655.1175537109375.
LOCAL_RANK: 0 - CUDA_VISIBLE_DEVICES: [0]
[I 2023-12-16 13:50:53,120] Trial 20 finished with value: 3428.423828125 and parameters: {'gradient_clip_val': 0.23474808575225056, 'hidden_size': 39, 'dropout': 0.2805686218624185, 'hidden_continuous_size': 15, 'attention_head_size': 3, 'learning_rate': 0.0020971000770140928}. Best is trial 11 with value: 1655.1175537109375.
LOCAL_RANK: 0 - CUDA_VISIBLE_DEVICES: [0]
