[I 2023-12-16 03:47:16,615] Trial 17 finished with value: 69.19066619873047 and parameters: {'gradient_clip_val': 0.27725947904700854, 'hidden_size': 37, 'dropout': 0.3586975801449894, 'hidden_continuous_size': 17, 'attention_head_size': 3, 'learning_rate': 0.0009267341212512333}. Best is trial 9 with value: 38.93623733520508.
LOCAL_RANK: 0 - CUDA_VISIBLE_DEVICES: [0]
[I 2023-12-16 03:48:10,946] Trial 18 finished with value: 103.6015396118164 and parameters: {'gradient_clip_val': 0.17238580202344506, 'hidden_size': 63, 'dropout': 0.31080096191803763, 'hidden_continuous_size': 32, 'attention_head_size': 2, 'learning_rate': 0.04042396948004187}. Best is trial 9 with value: 38.93623733520508.
LOCAL_RANK: 0 - CUDA_VISIBLE_DEVICES: [0]
[I 2023-12-16 03:49:02,396] Trial 19 finished with value: 169.27952575683594 and parameters: {'gradient_clip_val': 0.11322322933982447, 'hidden_size': 39, 'dropout': 0.36249982654170493, 'hidden_continuous_size': 12, 'attention_head_size': 1, 'learning_rate': 0.010920859404621187}. Best is trial 9 with value: 38.93623733520508.
LOCAL_RANK: 0 - CUDA_VISIBLE_DEVICES: [0]
[I 2023-12-16 03:49:57,023] Trial 20 finished with value: 132.1092529296875 and parameters: {'gradient_clip_val': 0.13169855227466554, 'hidden_size': 67, 'dropout': 0.38026451914150544, 'hidden_continuous_size': 21, 'attention_head_size': 4, 'learning_rate': 0.0232273676558239}. Best is trial 9 with value: 38.93623733520508.
LOCAL_RANK: 0 - CUDA_VISIBLE_DEVICES: [0]
[I 2023-12-16 03:50:48,911] Trial 21 finished with value: 51.106536865234375 and parameters: {'gradient_clip_val': 0.2303602563768296, 'hidden_size': 44, 'dropout': 0.3413545041828403, 'hidden_continuous_size': 10, 'attention_head_size': 2, 'learning_rate': 0.0005073938645850994}. Best is trial 9 with value: 38.93623733520508.
LOCAL_RANK: 0 - CUDA_VISIBLE_DEVICES: [0]
[I 2023-12-16 03:51:41,904] Trial 22 finished with value: 24.723739624023438 and parameters: {'gradient_clip_val': 0.25919703963995966, 'hidden_size': 49, 'dropout': 0.2876047048620595, 'hidden_continuous_size': 13, 'attention_head_size': 2, 'learning_rate': 0.0005043372877853559}. Best is trial 22 with value: 24.723739624023438.
LOCAL_RANK: 0 - CUDA_VISIBLE_DEVICES: [0]
[I 2023-12-16 03:52:34,569] Trial 23 finished with value: 125.35723876953125 and parameters: {'gradient_clip_val': 0.18943180864660425, 'hidden_size': 52, 'dropout': 0.27705195775439595, 'hidden_continuous_size': 16, 'attention_head_size': 2, 'learning_rate': 0.0008974512338636726}. Best is trial 22 with value: 24.723739624023438.
LOCAL_RANK: 0 - CUDA_VISIBLE_DEVICES: [0]
[I 2023-12-16 03:53:24,514] Trial 24 finished with value: 29.200828552246094 and parameters: {'gradient_clip_val': 0.2677867392176362, 'hidden_size': 31, 'dropout': 0.31820643669077997, 'hidden_continuous_size': 10, 'attention_head_size': 3, 'learning_rate': 0.0016293358359531244}. Best is trial 22 with value: 24.723739624023438.
LOCAL_RANK: 0 - CUDA_VISIBLE_DEVICES: [0]
[I 2023-12-16 03:54:14,477] Trial 25 finished with value: 52.55744934082031 and parameters: {'gradient_clip_val': 0.28060194538180105, 'hidden_size': 31, 'dropout': 0.3118629158958005, 'hidden_continuous_size': 10, 'attention_head_size': 3, 'learning_rate': 0.0034506852900631486}. Best is trial 22 with value: 24.723739624023438.
LOCAL_RANK: 0 - CUDA_VISIBLE_DEVICES: [0]
[I 2023-12-16 03:55:04,533] Trial 26 finished with value: 99.75167083740234 and parameters: {'gradient_clip_val': 0.3685367278691859, 'hidden_size': 21, 'dropout': 0.28303046418546735, 'hidden_continuous_size': 11, 'attention_head_size': 4, 'learning_rate': 0.0013755255337862392}. Best is trial 22 with value: 24.723739624023438.
LOCAL_RANK: 0 - CUDA_VISIBLE_DEVICES: [0]
[I 2023-12-16 03:55:57,001] Trial 27 finished with value: 54.35606002807617 and parameters: {'gradient_clip_val': 0.29790461936571266, 'hidden_size': 38, 'dropout': 0.320228107343127, 'hidden_continuous_size': 15, 'attention_head_size': 3, 'learning_rate': 0.0016361901070780082}. Best is trial 22 with value: 24.723739624023438.
LOCAL_RANK: 0 - CUDA_VISIBLE_DEVICES: [0]
[I 2023-12-16 03:56:51,613] Trial 28 finished with value: 70.558837890625 and parameters: {'gradient_clip_val': 0.15750474052380684, 'hidden_size': 80, 'dropout': 0.29285633960539886, 'hidden_continuous_size': 18, 'attention_head_size': 3, 'learning_rate': 0.0033210965664328116}. Best is trial 22 with value: 24.723739624023438.
LOCAL_RANK: 0 - CUDA_VISIBLE_DEVICES: [0]
[I 2023-12-16 03:57:41,809] Trial 29 finished with value: 95.92584228515625 and parameters: {'gradient_clip_val': 0.1485840640141925, 'hidden_size': 22, 'dropout': 0.2592879738703837, 'hidden_continuous_size': 12, 'attention_head_size': 4, 'learning_rate': 0.06011635312877948}. Best is trial 22 with value: 24.723739624023438.
LOCAL_RANK: 0 - CUDA_VISIBLE_DEVICES: [0]
[I 2023-12-16 03:58:32,012] Trial 30 finished with value: 130.7284698486328 and parameters: {'gradient_clip_val': 0.1988198733602992, 'hidden_size': 29, 'dropout': 0.330289103780353, 'hidden_continuous_size': 14, 'attention_head_size': 3, 'learning_rate': 0.000781579450936375}. Best is trial 22 with value: 24.723739624023438.
LOCAL_RANK: 0 - CUDA_VISIBLE_DEVICES: [0]
[I 2023-12-16 03:59:24,036] Trial 31 finished with value: 44.60816955566406 and parameters: {'gradient_clip_val': 0.2651564534493598, 'hidden_size': 56, 'dropout': 0.36754059177972326, 'hidden_continuous_size': 9, 'attention_head_size': 2, 'learning_rate': 0.000736444172803632}. Best is trial 22 with value: 24.723739624023438.
LOCAL_RANK: 0 - CUDA_VISIBLE_DEVICES: [0]
[I 2023-12-16 04:00:17,317] Trial 32 finished with value: 19.116111755371094 and parameters: {'gradient_clip_val': 0.2568313359483971, 'hidden_size': 60, 'dropout': 0.3689470417964343, 'hidden_continuous_size': 9, 'attention_head_size': 2, 'learning_rate': 0.0007028498298424432}. Best is trial 32 with value: 19.116111755371094.
LOCAL_RANK: 0 - CUDA_VISIBLE_DEVICES: [0]
[I 2023-12-16 04:01:10,932] Trial 33 finished with value: 54.79901123046875 and parameters: {'gradient_clip_val': 0.31934535688216037, 'hidden_size': 77, 'dropout': 0.3467236419664718, 'hidden_continuous_size': 8, 'attention_head_size': 1, 'learning_rate': 0.0011655233078793983}. Best is trial 32 with value: 19.116111755371094.
LOCAL_RANK: 0 - CUDA_VISIBLE_DEVICES: [0]
[I 2023-12-16 04:02:03,373] Trial 34 finished with value: 111.62017822265625 and parameters: {'gradient_clip_val': 0.25838908645597525, 'hidden_size': 61, 'dropout': 0.29796353577092843, 'hidden_continuous_size': 5, 'attention_head_size': 2, 'learning_rate': 0.0007284025928651735}. Best is trial 32 with value: 19.116111755371094.
LOCAL_RANK: 0 - CUDA_VISIBLE_DEVICES: [0]
[I 2023-12-16 04:02:53,534] Trial 35 finished with value: 85.036865234375 and parameters: {'gradient_clip_val': 0.21048195580618834, 'hidden_size': 34, 'dropout': 0.32286393017740245, 'hidden_continuous_size': 12, 'attention_head_size': 1, 'learning_rate': 0.0018866252116163432}. Best is trial 32 with value: 19.116111755371094.
LOCAL_RANK: 0 - CUDA_VISIBLE_DEVICES: [0]
[I 2023-12-16 04:03:46,987] Trial 36 finished with value: 73.81475067138672 and parameters: {'gradient_clip_val': 0.3647720210919053, 'hidden_size': 43, 'dropout': 0.3013535487364035, 'hidden_continuous_size': 13, 'attention_head_size': 3, 'learning_rate': 0.0011563925003106104}. Best is trial 32 with value: 19.116111755371094.
LOCAL_RANK: 0 - CUDA_VISIBLE_DEVICES: [0]
[I 2023-12-16 04:04:42,112] Trial 37 finished with value: 94.6817398071289 and parameters: {'gradient_clip_val': 0.23434618602974477, 'hidden_size': 100, 'dropout': 0.2756552173418263, 'hidden_continuous_size': 8, 'attention_head_size': 3, 'learning_rate': 0.0006917873892491846}. Best is trial 32 with value: 19.116111755371094.
LOCAL_RANK: 0 - CUDA_VISIBLE_DEVICES: [0]
[I 2023-12-16 04:05:35,456] Trial 38 finished with value: 33.852054595947266 and parameters: {'gradient_clip_val': 0.41836887574300197, 'hidden_size': 55, 'dropout': 0.320906234664311, 'hidden_continuous_size': 9, 'attention_head_size': 4, 'learning_rate': 0.002427515921930179}. Best is trial 32 with value: 19.116111755371094.
LOCAL_RANK: 0 - CUDA_VISIBLE_DEVICES: [0]
[I 2023-12-16 04:06:27,142] Trial 39 finished with value: 98.1463623046875 and parameters: {'gradient_clip_val': 0.5115154557307386, 'hidden_size': 68, 'dropout': 0.24049241668117807, 'hidden_continuous_size': 7, 'attention_head_size': 2, 'learning_rate': 0.0025753222543799695}. Best is trial 32 with value: 19.116111755371094.
LOCAL_RANK: 0 - CUDA_VISIBLE_DEVICES: [0]
[I 2023-12-16 04:07:20,364] Trial 40 finished with value: 207.76025390625 and parameters: {'gradient_clip_val': 0.421236632194981, 'hidden_size': 84, 'dropout': 0.32331747043722087, 'hidden_continuous_size': 6, 'attention_head_size': 4, 'learning_rate': 0.0015602581463680808}. Best is trial 32 with value: 19.116111755371094.
LOCAL_RANK: 0 - CUDA_VISIBLE_DEVICES: [0]
[I 2023-12-16 04:08:13,532] Trial 41 finished with value: 116.798583984375 and parameters: {'gradient_clip_val': 0.3110736764797801, 'hidden_size': 53, 'dropout': 0.3513964492657623, 'hidden_continuous_size': 9, 'attention_head_size': 4, 'learning_rate': 0.0021998286985358433}. Best is trial 32 with value: 19.116111755371094.
LOCAL_RANK: 0 - CUDA_VISIBLE_DEVICES: [0]
[I 2023-12-16 04:09:06,310] Trial 42 finished with value: 75.69670867919922 and parameters: {'gradient_clip_val': 0.2527549882868742, 'hidden_size': 48, 'dropout': 0.33168769755067057, 'hidden_continuous_size': 11, 'attention_head_size': 4, 'learning_rate': 0.0010217304770776929}. Best is trial 32 with value: 19.116111755371094.
LOCAL_RANK: 0 - CUDA_VISIBLE_DEVICES: [0]
[I 2023-12-16 04:09:55,883] Trial 43 finished with value: 107.71734619140625 and parameters: {'gradient_clip_val': 0.20958899463358968, 'hidden_size': 25, 'dropout': 0.3805665896700797, 'hidden_continuous_size': 9, 'attention_head_size': 4, 'learning_rate': 0.004191862828964768}. Best is trial 32 with value: 19.116111755371094.
LOCAL_RANK: 0 - CUDA_VISIBLE_DEVICES: [0]
[I 2023-12-16 04:10:49,398] Trial 44 finished with value: 153.4310760498047 and parameters: {'gradient_clip_val': 0.4995379539753045, 'hidden_size': 41, 'dropout': 0.342832452840338, 'hidden_continuous_size': 14, 'attention_head_size': 4, 'learning_rate': 0.007087995682414327}. Best is trial 32 with value: 19.116111755371094.
LOCAL_RANK: 0 - CUDA_VISIBLE_DEVICES: [0]
[I 2023-12-16 04:11:39,310] Trial 45 finished with value: 113.1553726196289 and parameters: {'gradient_clip_val': 0.3849078403593181, 'hidden_size': 36, 'dropout': 0.3142843409216052, 'hidden_continuous_size': 11, 'attention_head_size': 2, 'learning_rate': 0.0006413073277482309}. Best is trial 32 with value: 19.116111755371094.
LOCAL_RANK: 0 - CUDA_VISIBLE_DEVICES: [0]
[I 2023-12-16 04:12:32,515] Trial 46 finished with value: 35.36235427856445 and parameters: {'gradient_clip_val': 0.35087798222810423, 'hidden_size': 56, 'dropout': 0.3327268405635003, 'hidden_continuous_size': 14, 'attention_head_size': 4, 'learning_rate': 0.0014185071021588283}. Best is trial 32 with value: 19.116111755371094.
LOCAL_RANK: 0 - CUDA_VISIBLE_DEVICES: [0]
[I 2023-12-16 04:13:27,156] Trial 47 finished with value: 69.20602416992188 and parameters: {'gradient_clip_val': 0.3386765601095927, 'hidden_size': 57, 'dropout': 0.3654502767469519, 'hidden_continuous_size': 13, 'attention_head_size': 4, 'learning_rate': 0.0014770022451710623}. Best is trial 32 with value: 19.116111755371094.
LOCAL_RANK: 0 - CUDA_VISIBLE_DEVICES: [0]
[I 2023-12-16 04:14:20,718] Trial 48 finished with value: 95.54676055908203 and parameters: {'gradient_clip_val': 0.34948097116893045, 'hidden_size': 72, 'dropout': 0.3335101156655042, 'hidden_continuous_size': 16, 'attention_head_size': 3, 'learning_rate': 0.002478683411144549}. Best is trial 32 with value: 19.116111755371094.
LOCAL_RANK: 0 - CUDA_VISIBLE_DEVICES: [0]
[I 2023-12-16 04:15:14,102] Trial 49 finished with value: 100.13225555419922 and parameters: {'gradient_clip_val': 0.3001954742799357, 'hidden_size': 49, 'dropout': 0.29257821553734875, 'hidden_continuous_size': 9, 'attention_head_size': 2, 'learning_rate': 0.0010554168113677729}. Best is trial 32 with value: 19.116111755371094.
[I 2023-12-16 04:15:14,196] A new study created in memory with name: no-name-0e84a79a-6033-4b3d-90b9-7d9c35f524af
/home/le004/conda/anaconda3/envs/tsff_env/lib/python3.9/site-packages/lightning/fabric/plugins/environments/slurm.py:191: The `srun` command is available on your system but is not used. HINT: If your intention is to run Lightning on SLURM, prepend your python command with `srun` like so: srun python /home/le004/master_thesis/git/TSFusionForecast/code/ ...
LOCAL_RANK: 0 - CUDA_VISIBLE_DEVICES: [0]
[I 2023-12-16 04:16:04,210] Trial 0 finished with value: 3963.0546875 and parameters: {'gradient_clip_val': 0.18390196982501536, 'hidden_size': 27, 'dropout': 0.2902911598597932, 'hidden_continuous_size': 7, 'attention_head_size': 4, 'learning_rate': 0.004992770268024476}. Best is trial 0 with value: 3963.0546875.
LOCAL_RANK: 0 - CUDA_VISIBLE_DEVICES: [0]
[I 2023-12-16 04:16:53,902] Trial 1 finished with value: 2089.737548828125 and parameters: {'gradient_clip_val': 0.4980523893784294, 'hidden_size': 21, 'dropout': 0.2369424697578599, 'hidden_continuous_size': 12, 'attention_head_size': 3, 'learning_rate': 0.0063102074781684805}. Best is trial 1 with value: 2089.737548828125.
LOCAL_RANK: 0 - CUDA_VISIBLE_DEVICES: [0]
[I 2023-12-16 04:17:43,571] Trial 2 finished with value: 2664.640625 and parameters: {'gradient_clip_val': 0.13306352178474515, 'hidden_size': 29, 'dropout': 0.32624610243409635, 'hidden_continuous_size': 11, 'attention_head_size': 1, 'learning_rate': 0.0539018476230216}. Best is trial 1 with value: 2089.737548828125.
LOCAL_RANK: 0 - CUDA_VISIBLE_DEVICES: [0]
[I 2023-12-16 04:18:20,925] Trial 3 finished with value: 3065.395751953125 and parameters: {'gradient_clip_val': 0.9320476432862024, 'hidden_size': 6, 'dropout': 0.11831564864374941, 'hidden_continuous_size': 6, 'attention_head_size': 4, 'learning_rate': 0.008538638527644127}. Best is trial 1 with value: 2089.737548828125.
LOCAL_RANK: 0 - CUDA_VISIBLE_DEVICES: [0]
[I 2023-12-16 04:19:06,304] Trial 4 finished with value: 5674.43505859375 and parameters: {'gradient_clip_val': 0.4928492946237519, 'hidden_size': 6, 'dropout': 0.39353824949822647, 'hidden_continuous_size': 5, 'attention_head_size': 2, 'learning_rate': 0.003953082632205217}. Best is trial 1 with value: 2089.737548828125.
LOCAL_RANK: 0 - CUDA_VISIBLE_DEVICES: [0]
[I 2023-12-16 04:19:52,585] Trial 5 finished with value: 3075.147216796875 and parameters: {'gradient_clip_val': 0.414657583209221, 'hidden_size': 6, 'dropout': 0.26030721687039454, 'hidden_continuous_size': 5, 'attention_head_size': 4, 'learning_rate': 0.026135618148181876}. Best is trial 1 with value: 2089.737548828125.
LOCAL_RANK: 0 - CUDA_VISIBLE_DEVICES: [0]
[I 2023-12-16 04:20:28,723] Trial 6 finished with value: 4371.591796875 and parameters: {'gradient_clip_val': 0.12050590231688503, 'hidden_size': 12, 'dropout': 0.2778864831227989, 'hidden_continuous_size': 12, 'attention_head_size': 2, 'learning_rate': 0.0005844416039771417}. Best is trial 1 with value: 2089.737548828125.
LOCAL_RANK: 0 - CUDA_VISIBLE_DEVICES: [0]
[I 2023-12-16 04:21:18,061] Trial 7 finished with value: 1631.4752197265625 and parameters: {'gradient_clip_val': 0.8060098660139378, 'hidden_size': 28, 'dropout': 0.23174003332605433, 'hidden_continuous_size': 11, 'attention_head_size': 4, 'learning_rate': 0.000527161259208756}. Best is trial 7 with value: 1631.4752197265625.
LOCAL_RANK: 0 - CUDA_VISIBLE_DEVICES: [0]
[I 2023-12-16 04:21:54,302] Trial 8 finished with value: 9777.3837890625 and parameters: {'gradient_clip_val': 0.10542021307922943, 'hidden_size': 5, 'dropout': 0.3716379198145029, 'hidden_continuous_size': 5, 'attention_head_size': 1, 'learning_rate': 0.08661512835955955}. Best is trial 7 with value: 1631.4752197265625.
LOCAL_RANK: 0 - CUDA_VISIBLE_DEVICES: [0]
[I 2023-12-16 04:22:40,669] Trial 9 finished with value: 3161.541015625 and parameters: {'gradient_clip_val': 0.9377638347394632, 'hidden_size': 11, 'dropout': 0.16287084972982607, 'hidden_continuous_size': 6, 'attention_head_size': 3, 'learning_rate': 0.0030998123360465556}. Best is trial 7 with value: 1631.4752197265625.
LOCAL_RANK: 0 - CUDA_VISIBLE_DEVICES: [0]
[I 2023-12-16 04:23:35,384] Trial 10 finished with value: 5875.34716796875 and parameters: {'gradient_clip_val': 0.2900081593842271, 'hidden_size': 77, 'dropout': 0.20740481922571494, 'hidden_continuous_size': 28, 'attention_head_size': 3, 'learning_rate': 0.0005411257174984256}. Best is trial 7 with value: 1631.4752197265625.
LOCAL_RANK: 0 - CUDA_VISIBLE_DEVICES: [0]
[I 2023-12-16 04:24:28,338] Trial 11 finished with value: 2624.236572265625 and parameters: {'gradient_clip_val': 0.6350246794066109, 'hidden_size': 39, 'dropout': 0.20995084468677794, 'hidden_continuous_size': 18, 'attention_head_size': 3, 'learning_rate': 0.0012268254778158303}. Best is trial 7 with value: 1631.4752197265625.
LOCAL_RANK: 0 - CUDA_VISIBLE_DEVICES: [0]
[I 2023-12-16 04:25:16,948] Trial 12 finished with value: 5789.20166015625 and parameters: {'gradient_clip_val': 0.6637992371919732, 'hidden_size': 17, 'dropout': 0.21890118515229878, 'hidden_continuous_size': 9, 'attention_head_size': 4, 'learning_rate': 0.0016068863837424305}. Best is trial 7 with value: 1631.4752197265625.
LOCAL_RANK: 0 - CUDA_VISIBLE_DEVICES: [0]
[I 2023-12-16 04:26:10,468] Trial 13 finished with value: 2313.1435546875 and parameters: {'gradient_clip_val': 0.32093810542551465, 'hidden_size': 46, 'dropout': 0.22785316807518494, 'hidden_continuous_size': 17, 'attention_head_size': 3, 'learning_rate': 0.009131964168582762}. Best is trial 7 with value: 1631.4752197265625.
LOCAL_RANK: 0 - CUDA_VISIBLE_DEVICES: [0]
[I 2023-12-16 04:26:58,974] Trial 14 finished with value: 3418.077392578125 and parameters: {'gradient_clip_val': 0.6304468106659898, 'hidden_size': 19, 'dropout': 0.17281971182743194, 'hidden_continuous_size': 9, 'attention_head_size': 2, 'learning_rate': 0.01630066622696409}. Best is trial 7 with value: 1631.4752197265625.
LOCAL_RANK: 0 - CUDA_VISIBLE_DEVICES: [0]
[I 2023-12-16 04:27:52,576] Trial 15 finished with value: 3207.508544921875 and parameters: {'gradient_clip_val': 0.7716865223299092, 'hidden_size': 45, 'dropout': 0.3072415528375813, 'hidden_continuous_size': 15, 'attention_head_size': 4, 'learning_rate': 0.0022358462067098178}. Best is trial 7 with value: 1631.4752197265625.
LOCAL_RANK: 0 - CUDA_VISIBLE_DEVICES: [0]
[I 2023-12-16 04:28:32,328] Trial 16 finished with value: 3172.115234375 and parameters: {'gradient_clip_val': 0.4858153500978317, 'hidden_size': 78, 'dropout': 0.25088310442905026, 'hidden_continuous_size': 78, 'attention_head_size': 3, 'learning_rate': 0.0009477356392049822}. Best is trial 7 with value: 1631.4752197265625.
LOCAL_RANK: 0 - CUDA_VISIBLE_DEVICES: [0]
[I 2023-12-16 04:29:20,898] Trial 17 finished with value: 3281.496826171875 and parameters: {'gradient_clip_val': 0.9258727014053053, 'hidden_size': 24, 'dropout': 0.25247058157939783, 'hidden_continuous_size': 8, 'attention_head_size': 4, 'learning_rate': 0.00214045541524542}. Best is trial 7 with value: 1631.4752197265625.
LOCAL_RANK: 0 - CUDA_VISIBLE_DEVICES: [0]
[I 2023-12-16 04:30:08,813] Trial 18 finished with value: 3693.779541015625 and parameters: {'gradient_clip_val': 0.5180235519588778, 'hidden_size': 15, 'dropout': 0.3248933875058665, 'hidden_continuous_size': 10, 'attention_head_size': 3, 'learning_rate': 0.0010416019216996002}. Best is trial 7 with value: 1631.4752197265625.
LOCAL_RANK: 0 - CUDA_VISIBLE_DEVICES: [0]
[I 2023-12-16 04:30:59,229] Trial 19 finished with value: 2961.890625 and parameters: {'gradient_clip_val': 0.7608988154110384, 'hidden_size': 34, 'dropout': 0.18330317232230775, 'hidden_continuous_size': 13, 'attention_head_size': 2, 'learning_rate': 0.00497527652037701}. Best is trial 7 with value: 1631.4752197265625.
LOCAL_RANK: 0 - CUDA_VISIBLE_DEVICES: [0]
[I 2023-12-16 04:31:49,360] Trial 20 finished with value: 1637.3587646484375 and parameters: {'gradient_clip_val': 0.34593589104763534, 'hidden_size': 22, 'dropout': 0.2780417941976653, 'hidden_continuous_size': 10, 'attention_head_size': 4, 'learning_rate': 0.0027663867842063687}. Best is trial 7 with value: 1631.4752197265625.
LOCAL_RANK: 0 - CUDA_VISIBLE_DEVICES: [0]
[I 2023-12-16 04:32:39,178] Trial 21 finished with value: 5075.767578125 and parameters: {'gradient_clip_val': 0.3594843141392683, 'hidden_size': 23, 'dropout': 0.27545869597641387, 'hidden_continuous_size': 10, 'attention_head_size': 4, 'learning_rate': 0.0030719901440986745}. Best is trial 7 with value: 1631.4752197265625.
LOCAL_RANK: 0 - CUDA_VISIBLE_DEVICES: [0]
[I 2023-12-16 04:33:27,414] Trial 22 finished with value: 1612.1473388671875 and parameters: {'gradient_clip_val': 0.28354019198230757, 'hidden_size': 20, 'dropout': 0.2369232908477436, 'hidden_continuous_size': 8, 'attention_head_size': 4, 'learning_rate': 0.001948718780983574}. Best is trial 22 with value: 1612.1473388671875.
LOCAL_RANK: 0 - CUDA_VISIBLE_DEVICES: [0]
[I 2023-12-16 04:34:17,562] Trial 23 finished with value: 4127.60546875 and parameters: {'gradient_clip_val': 0.26176880790658197, 'hidden_size': 31, 'dropout': 0.28694837381455024, 'hidden_continuous_size': 8, 'attention_head_size': 4, 'learning_rate': 0.0007375205329411799}. Best is trial 22 with value: 1612.1473388671875.
LOCAL_RANK: 0 - CUDA_VISIBLE_DEVICES: [0]
[I 2023-12-16 04:35:04,858] Trial 24 finished with value: 1495.2568359375 and parameters: {'gradient_clip_val': 0.25612077109391296, 'hidden_size': 15, 'dropout': 0.23957667367967814, 'hidden_continuous_size': 7, 'attention_head_size': 4, 'learning_rate': 0.0015533596438561529}. Best is trial 24 with value: 1495.2568359375.
LOCAL_RANK: 0 - CUDA_VISIBLE_DEVICES: [0]
