[I 2023-12-26 16:03:14,230] Trial 19 finished with value: 333.0936584472656 and parameters: {'gradient_clip_val': 0.5563177881980602, 'hidden_size': 35, 'dropout': 0.3287742958433866, 'hidden_continuous_size': 9, 'attention_head_size': 2, 'learning_rate': 0.057759620990517756}. Best is trial 0 with value: 55.370670318603516.
[I 2023-12-26 16:03:19,638] Trial 20 finished with value: 279.1986999511719 and parameters: {'gradient_clip_val': 0.3906967048847955, 'hidden_size': 59, 'dropout': 0.25838417998337126, 'hidden_continuous_size': 22, 'attention_head_size': 1, 'learning_rate': 0.010270248483185366}. Best is trial 0 with value: 55.370670318603516.
[I 2023-12-26 16:03:29,669] Trial 21 finished with value: 224.04530334472656 and parameters: {'gradient_clip_val': 0.4936931201031517, 'hidden_size': 104, 'dropout': 0.4835038081392957, 'hidden_continuous_size': 85, 'attention_head_size': 1, 'learning_rate': 0.027487239354249984}. Best is trial 0 with value: 55.370670318603516.
[I 2023-12-26 16:03:42,843] Trial 22 finished with value: 233.88075256347656 and parameters: {'gradient_clip_val': 0.5184292041196896, 'hidden_size': 142, 'dropout': 0.4473803470839204, 'hidden_continuous_size': 119, 'attention_head_size': 1, 'learning_rate': 0.037828511197561976}. Best is trial 0 with value: 55.370670318603516.
[I 2023-12-26 16:03:52,422] Trial 23 finished with value: 266.9804992675781 and parameters: {'gradient_clip_val': 0.42454448021420443, 'hidden_size': 106, 'dropout': 0.49330190594537837, 'hidden_continuous_size': 67, 'attention_head_size': 1, 'learning_rate': 0.058160101524576915}. Best is trial 0 with value: 55.370670318603516.
[I 2023-12-26 16:04:05,655] Trial 24 finished with value: 206.8393096923828 and parameters: {'gradient_clip_val': 0.744896630022487, 'hidden_size': 143, 'dropout': 0.41647407993949587, 'hidden_continuous_size': 112, 'attention_head_size': 2, 'learning_rate': 0.02269861324383568}. Best is trial 0 with value: 55.370670318603516.
[I 2023-12-26 16:04:14,476] Trial 25 finished with value: 295.9966125488281 and parameters: {'gradient_clip_val': 0.5377022625657568, 'hidden_size': 101, 'dropout': 0.4591214140700116, 'hidden_continuous_size': 56, 'attention_head_size': 1, 'learning_rate': 0.037342704433317254}. Best is trial 0 with value: 55.370670318603516.
[I 2023-12-26 16:04:20,208] Trial 26 finished with value: 284.0711364746094 and parameters: {'gradient_clip_val': 0.35158391663472033, 'hidden_size': 64, 'dropout': 0.41362388566705566, 'hidden_continuous_size': 44, 'attention_head_size': 2, 'learning_rate': 0.0784903276457172}. Best is trial 0 with value: 55.370670318603516.
[I 2023-12-26 16:04:27,855] Trial 27 finished with value: 313.0612487792969 and parameters: {'gradient_clip_val': 0.4774064205405564, 'hidden_size': 89, 'dropout': 0.46773772534888647, 'hidden_continuous_size': 29, 'attention_head_size': 1, 'learning_rate': 0.048372172751742375}. Best is trial 0 with value: 55.370670318603516.
[I 2023-12-26 16:04:38,372] Trial 28 finished with value: 275.7933654785156 and parameters: {'gradient_clip_val': 0.41036463929364053, 'hidden_size': 116, 'dropout': 0.4648173399620194, 'hidden_continuous_size': 85, 'attention_head_size': 3, 'learning_rate': 0.02987076793897642}. Best is trial 0 with value: 55.370670318603516.
[I 2023-12-26 16:04:44,301] Trial 29 finished with value: 350.57275390625 and parameters: {'gradient_clip_val': 0.8267189966448775, 'hidden_size': 62, 'dropout': 0.35556091580221144, 'hidden_continuous_size': 43, 'attention_head_size': 2, 'learning_rate': 0.07112205688594832}. Best is trial 0 with value: 55.370670318603516.
[I 2023-12-26 16:04:58,229] Trial 30 finished with value: 259.4854431152344 and parameters: {'gradient_clip_val': 0.7354399380393523, 'hidden_size': 150, 'dropout': 0.4198493284259228, 'hidden_continuous_size': 130, 'attention_head_size': 1, 'learning_rate': 0.013438850638225665}. Best is trial 0 with value: 55.370670318603516.
[I 2023-12-26 16:05:09,286] Trial 31 finished with value: 327.0406799316406 and parameters: {'gradient_clip_val': 0.6645356963298237, 'hidden_size': 121, 'dropout': 0.40819962947946775, 'hidden_continuous_size': 95, 'attention_head_size': 2, 'learning_rate': 0.023681674861373757}. Best is trial 0 with value: 55.370670318603516.
[I 2023-12-26 16:05:23,445] Trial 32 finished with value: 300.6182556152344 and parameters: {'gradient_clip_val': 0.8477223409672532, 'hidden_size': 150, 'dropout': 0.4977449022415354, 'hidden_continuous_size': 128, 'attention_head_size': 1, 'learning_rate': 0.04380111685868555}. Best is trial 0 with value: 55.370670318603516.
[I 2023-12-26 16:05:32,057] Trial 33 finished with value: 289.3468322753906 and parameters: {'gradient_clip_val': 0.5723410404528532, 'hidden_size': 91, 'dropout': 0.44137179305559443, 'hidden_continuous_size': 68, 'attention_head_size': 2, 'learning_rate': 0.019385042542861972}. Best is trial 0 with value: 55.370670318603516.
[I 2023-12-26 16:05:42,923] Trial 34 finished with value: 248.1822509765625 and parameters: {'gradient_clip_val': 0.6926953124152493, 'hidden_size': 116, 'dropout': 0.43191896511523903, 'hidden_continuous_size': 97, 'attention_head_size': 2, 'learning_rate': 0.07048759262131679}. Best is trial 0 with value: 55.370670318603516.
[I 2023-12-26 16:05:49,929] Trial 35 finished with value: 281.4657897949219 and parameters: {'gradient_clip_val': 0.7093402218171241, 'hidden_size': 76, 'dropout': 0.4622423550876018, 'hidden_continuous_size': 58, 'attention_head_size': 1, 'learning_rate': 0.03770524809432351}. Best is trial 0 with value: 55.370670318603516.
[I 2023-12-26 16:05:58,554] Trial 36 finished with value: 334.3437805175781 and parameters: {'gradient_clip_val': 0.9055089091633408, 'hidden_size': 96, 'dropout': 0.3090616796084462, 'hidden_continuous_size': 76, 'attention_head_size': 2, 'learning_rate': 0.09941308719271377}. Best is trial 0 with value: 55.370670318603516.
[I 2023-12-26 16:06:10,702] Trial 37 finished with value: 212.3936004638672 and parameters: {'gradient_clip_val': 0.5734102348844305, 'hidden_size': 135, 'dropout': 0.47650408633687075, 'hidden_continuous_size': 102, 'attention_head_size': 1, 'learning_rate': 0.02630731966062951}. Best is trial 0 with value: 55.370670318603516.
[I 2023-12-26 16:06:18,420] Trial 38 finished with value: 266.1036682128906 and parameters: {'gradient_clip_val': 0.6289392029688616, 'hidden_size': 84, 'dropout': 0.3984881153920636, 'hidden_continuous_size': 65, 'attention_head_size': 2, 'learning_rate': 0.05057451575511599}. Best is trial 0 with value: 55.370670318603516.
[I 2023-12-26 16:06:29,300] Trial 39 finished with value: 264.1804504394531 and parameters: {'gradient_clip_val': 0.47181885315136013, 'hidden_size': 121, 'dropout': 0.43066101352957326, 'hidden_continuous_size': 98, 'attention_head_size': 4, 'learning_rate': 0.06972472040336898}. Best is trial 0 with value: 55.370670318603516.
[I 2023-12-26 16:06:38,765] Trial 40 finished with value: 262.8708190917969 and parameters: {'gradient_clip_val': 0.7528521005785586, 'hidden_size': 102, 'dropout': 0.3731151622057476, 'hidden_continuous_size': 83, 'attention_head_size': 1, 'learning_rate': 0.037068716536173406}. Best is trial 0 with value: 55.370670318603516.
[I 2023-12-26 16:06:50,565] Trial 41 finished with value: 207.89125061035156 and parameters: {'gradient_clip_val': 0.4271085236925651, 'hidden_size': 128, 'dropout': 0.47730987546145054, 'hidden_continuous_size': 111, 'attention_head_size': 1, 'learning_rate': 0.02375508493835892}. Best is trial 0 with value: 55.370670318603516.
[I 2023-12-26 16:07:02,354] Trial 42 finished with value: 215.1148681640625 and parameters: {'gradient_clip_val': 0.5141843373891846, 'hidden_size': 126, 'dropout': 0.4999764561254515, 'hidden_continuous_size': 112, 'attention_head_size': 1, 'learning_rate': 0.02329086862656352}. Best is trial 0 with value: 55.370670318603516.
[I 2023-12-26 16:07:16,383] Trial 43 finished with value: 243.4593963623047 and parameters: {'gradient_clip_val': 0.43719565129816035, 'hidden_size': 150, 'dropout': 0.4503748780445117, 'hidden_continuous_size': 134, 'attention_head_size': 1, 'learning_rate': 0.030150747391728884}. Best is trial 0 with value: 55.370670318603516.
[I 2023-12-26 16:07:23,747] Trial 44 finished with value: 343.26318359375 and parameters: {'gradient_clip_val': 0.3421901952589797, 'hidden_size': 74, 'dropout': 0.4775642798318568, 'hidden_continuous_size': 59, 'attention_head_size': 1, 'learning_rate': 0.016429402552367172}. Best is trial 0 with value: 55.370670318603516.
[I 2023-12-26 16:07:35,201] Trial 45 finished with value: 264.8312072753906 and parameters: {'gradient_clip_val': 0.5915537813150692, 'hidden_size': 125, 'dropout': 0.42105120508454214, 'hidden_continuous_size': 108, 'attention_head_size': 1, 'learning_rate': 0.008082047763647971}. Best is trial 0 with value: 55.370670318603516.
[I 2023-12-26 16:07:44,194] Trial 46 finished with value: 216.5689239501953 and parameters: {'gradient_clip_val': 0.4488291632529214, 'hidden_size': 93, 'dropout': 0.48206323776874765, 'hidden_continuous_size': 82, 'attention_head_size': 2, 'learning_rate': 0.05158692022731006}. Best is trial 0 with value: 55.370670318603516.
[I 2023-12-26 16:07:54,305] Trial 47 finished with value: 202.40211486816406 and parameters: {'gradient_clip_val': 0.311570899587972, 'hidden_size': 109, 'dropout': 0.4574050001794312, 'hidden_continuous_size': 89, 'attention_head_size': 3, 'learning_rate': 0.020274430630229507}. Best is trial 0 with value: 55.370670318603516.
[I 2023-12-26 16:08:02,059] Trial 48 finished with value: 253.6122589111328 and parameters: {'gradient_clip_val': 0.2888790269334922, 'hidden_size': 81, 'dropout': 0.45229658875497103, 'hidden_continuous_size': 71, 'attention_head_size': 3, 'learning_rate': 0.03398276298276499}. Best is trial 0 with value: 55.370670318603516.
[I 2023-12-26 16:08:12,375] Trial 49 finished with value: 311.7808532714844 and parameters: {'gradient_clip_val': 0.37931298776587963, 'hidden_size': 107, 'dropout': 0.39773098316873, 'hidden_continuous_size': 91, 'attention_head_size': 3, 'learning_rate': 0.043763370360271156}. Best is trial 0 with value: 55.370670318603516.
[I 2023-12-26 16:08:12,536] A new study created in memory with name: no-name-fe901736-0158-467d-8524-c3a496e22dfe
/home/le004/conda/anaconda3/envs/tsff_env/lib/python3.9/site-packages/lightning/fabric/plugins/environments/slurm.py:191: The `srun` command is available on your system but is not used. HINT: If your intention is to run Lightning on SLURM, prepend your python command with `srun` like so: srun python /home/le004/master_thesis/git/TSFusionForecast/code/ ...
[I 2023-12-26 16:18:13,535] Trial 0 finished with value: 155.30564880371094 and parameters: {'gradient_clip_val': 0.1408806675266834, 'hidden_size': 133, 'dropout': 0.14200807122029568, 'hidden_continuous_size': 26, 'attention_head_size': 1, 'learning_rate': 0.024057128913188803}. Best is trial 0 with value: 155.30564880371094.
[I 2023-12-26 16:18:15,997] Trial 1 finished with value: 293.19671630859375 and parameters: {'gradient_clip_val': 0.3522431995426586, 'hidden_size': 14, 'dropout': 0.48091292058207524, 'hidden_continuous_size': 13, 'attention_head_size': 1, 'learning_rate': 0.0544606572746047}. Best is trial 0 with value: 155.30564880371094.
[I 2023-12-26 16:18:27,278] Trial 2 finished with value: 209.608154296875 and parameters: {'gradient_clip_val': 0.2840841864138267, 'hidden_size': 146, 'dropout': 0.2995257241745377, 'hidden_continuous_size': 14, 'attention_head_size': 4, 'learning_rate': 0.002988296161451186}. Best is trial 0 with value: 155.30564880371094.
[I 2023-12-26 16:18:32,222] Trial 3 finished with value: 291.5526428222656 and parameters: {'gradient_clip_val': 0.3383355076108296, 'hidden_size': 67, 'dropout': 0.37473771247484133, 'hidden_continuous_size': 11, 'attention_head_size': 2, 'learning_rate': 0.0018848951453123899}. Best is trial 0 with value: 155.30564880371094.
[I 2023-12-26 16:18:34,706] Trial 4 finished with value: 348.87548828125 and parameters: {'gradient_clip_val': 0.14750968464637654, 'hidden_size': 15, 'dropout': 0.19699059663525118, 'hidden_continuous_size': 7, 'attention_head_size': 4, 'learning_rate': 0.0019932312793171686}. Best is trial 0 with value: 155.30564880371094.
[I 2023-12-26 16:18:37,446] Trial 5 finished with value: 284.60797119140625 and parameters: {'gradient_clip_val': 0.14183314791874424, 'hidden_size': 19, 'dropout': 0.37574569774124467, 'hidden_continuous_size': 14, 'attention_head_size': 3, 'learning_rate': 0.006389984702058038}. Best is trial 0 with value: 155.30564880371094.
[I 2023-12-26 16:18:43,125] Trial 6 finished with value: 283.5825500488281 and parameters: {'gradient_clip_val': 0.1210125852256948, 'hidden_size': 69, 'dropout': 0.4567353448050647, 'hidden_continuous_size': 6, 'attention_head_size': 3, 'learning_rate': 0.0010592028244013271}. Best is trial 0 with value: 155.30564880371094.
[I 2023-12-26 16:18:46,269] Trial 7 finished with value: 314.0655822753906 and parameters: {'gradient_clip_val': 0.10632345448085515, 'hidden_size': 28, 'dropout': 0.46185996447993416, 'hidden_continuous_size': 11, 'attention_head_size': 3, 'learning_rate': 0.0013825515965041157}. Best is trial 0 with value: 155.30564880371094.
[I 2023-12-26 16:18:52,240] Trial 8 finished with value: 373.8785095214844 and parameters: {'gradient_clip_val': 0.9120091476259862, 'hidden_size': 74, 'dropout': 0.20695975027639613, 'hidden_continuous_size': 13, 'attention_head_size': 1, 'learning_rate': 0.010691213946576147}. Best is trial 0 with value: 155.30564880371094.
[I 2023-12-26 16:18:54,575] Trial 9 finished with value: 272.6854553222656 and parameters: {'gradient_clip_val': 0.26200997131880804, 'hidden_size': 10, 'dropout': 0.19660740367290475, 'hidden_continuous_size': 8, 'attention_head_size': 1, 'learning_rate': 0.001073778692680303}. Best is trial 0 with value: 155.30564880371094.
[I 2023-12-26 16:18:56,738] Trial 10 finished with value: 321.4559631347656 and parameters: {'gradient_clip_val': 0.19870138528838138, 'hidden_size': 5, 'dropout': 0.10681345430940785, 'hidden_continuous_size': 5, 'attention_head_size': 2, 'learning_rate': 0.09365874604971666}. Best is trial 0 with value: 155.30564880371094.
[I 2023-12-26 16:19:08,996] Trial 11 finished with value: 215.6092987060547 and parameters: {'gradient_clip_val': 0.21580723208230249, 'hidden_size': 150, 'dropout': 0.28480609736014556, 'hidden_continuous_size': 47, 'attention_head_size': 4, 'learning_rate': 0.01725038820136676}. Best is trial 0 with value: 155.30564880371094.
[I 2023-12-26 16:19:20,589] Trial 12 finished with value: 281.4333190917969 and parameters: {'gradient_clip_val': 0.43388732485131215, 'hidden_size': 133, 'dropout': 0.11098150006956906, 'hidden_continuous_size': 30, 'attention_head_size': 2, 'learning_rate': 0.004583819682706515}. Best is trial 0 with value: 155.30564880371094.
[I 2023-12-26 16:19:28,913] Trial 13 finished with value: 325.2669372558594 and parameters: {'gradient_clip_val': 0.18079247898978418, 'hidden_size': 101, 'dropout': 0.2742016245562387, 'hidden_continuous_size': 25, 'attention_head_size': 4, 'learning_rate': 0.02161406741038364}. Best is trial 0 with value: 155.30564880371094.
[I 2023-12-26 16:19:32,538] Trial 14 finished with value: 359.5154724121094 and parameters: {'gradient_clip_val': 0.25938110379601514, 'hidden_size': 38, 'dropout': 0.3405670411664385, 'hidden_continuous_size': 19, 'attention_head_size': 3, 'learning_rate': 0.0006208534365436521}. Best is trial 0 with value: 155.30564880371094.
[I 2023-12-26 16:19:37,114] Trial 15 finished with value: 226.58412170410156 and parameters: {'gradient_clip_val': 0.1028098754109798, 'hidden_size': 49, 'dropout': 0.24344747184428467, 'hidden_continuous_size': 19, 'attention_head_size': 2, 'learning_rate': 0.003490153464097451}. Best is trial 0 with value: 155.30564880371094.
[I 2023-12-26 16:19:46,079] Trial 16 finished with value: 292.9266357421875 and parameters: {'gradient_clip_val': 0.16178370305154427, 'hidden_size': 104, 'dropout': 0.15052131100243524, 'hidden_continuous_size': 78, 'attention_head_size': 1, 'learning_rate': 0.010233038551603898}. Best is trial 0 with value: 155.30564880371094.
[I 2023-12-26 16:19:58,226] Trial 17 finished with value: 233.6063690185547 and parameters: {'gradient_clip_val': 0.44134391612416485, 'hidden_size': 136, 'dropout': 0.15483514786847719, 'hidden_continuous_size': 122, 'attention_head_size': 4, 'learning_rate': 0.0028842998850250145}. Best is trial 0 with value: 155.30564880371094.
[I 2023-12-26 16:20:02,393] Trial 18 finished with value: 313.3205871582031 and parameters: {'gradient_clip_val': 0.1370543754551389, 'hidden_size': 46, 'dropout': 0.322117721746202, 'hidden_continuous_size': 18, 'attention_head_size': 2, 'learning_rate': 0.03407175735342172}. Best is trial 0 with value: 155.30564880371094.
[I 2023-12-26 16:20:09,988] Trial 19 finished with value: 238.5291748046875 and parameters: {'gradient_clip_val': 0.21732579502054672, 'hidden_size': 96, 'dropout': 0.25851734135849236, 'hidden_continuous_size': 43, 'attention_head_size': 3, 'learning_rate': 0.0067314407828061315}. Best is trial 0 with value: 155.30564880371094.
[I 2023-12-26 16:20:16,244] Trial 20 finished with value: 317.3457946777344 and parameters: {'gradient_clip_val': 0.17186460760256395, 'hidden_size': 82, 'dropout': 0.23222351535358882, 'hidden_continuous_size': 25, 'attention_head_size': 4, 'learning_rate': 0.014063602902999147}. Best is trial 0 with value: 155.30564880371094.
[I 2023-12-26 16:20:28,005] Trial 21 finished with value: 237.9330291748047 and parameters: {'gradient_clip_val': 0.2249161093479755, 'hidden_size': 143, 'dropout': 0.2825197665301501, 'hidden_continuous_size': 44, 'attention_head_size': 4, 'learning_rate': 0.01908513885319592}. Best is trial 0 with value: 155.30564880371094.
[I 2023-12-26 16:20:39,383] Trial 22 finished with value: 217.2562255859375 and parameters: {'gradient_clip_val': 0.25369081751930556, 'hidden_size': 146, 'dropout': 0.29556789599648636, 'hidden_continuous_size': 39, 'attention_head_size': 4, 'learning_rate': 0.03204609811273274}. Best is trial 0 with value: 155.30564880371094.
[I 2023-12-26 16:20:48,160] Trial 23 finished with value: 266.0581970214844 and parameters: {'gradient_clip_val': 0.18041009527435037, 'hidden_size': 109, 'dropout': 0.3085997449811548, 'hidden_continuous_size': 32, 'attention_head_size': 4, 'learning_rate': 0.008323603533814965}. Best is trial 0 with value: 155.30564880371094.
[I 2023-12-26 16:20:53,780] Trial 24 finished with value: 299.1870422363281 and parameters: {'gradient_clip_val': 0.12358149982882988, 'hidden_size': 58, 'dropout': 0.24118165997873234, 'hidden_continuous_size': 22, 'attention_head_size': 3, 'learning_rate': 0.018673048308587997}. Best is trial 0 with value: 155.30564880371094.
[I 2023-12-26 16:21:01,210] Trial 25 finished with value: 307.9315490722656 and parameters: {'gradient_clip_val': 0.19892274344611338, 'hidden_size': 84, 'dropout': 0.27534681611406453, 'hidden_continuous_size': 31, 'attention_head_size': 4, 'learning_rate': 0.004986988825714834}. Best is trial 0 with value: 155.30564880371094.
[I 2023-12-26 16:21:13,244] Trial 26 finished with value: 289.3779296875 and parameters: {'gradient_clip_val': 0.2920814068926417, 'hidden_size': 149, 'dropout': 0.3430940181687773, 'hidden_continuous_size': 52, 'attention_head_size': 3, 'learning_rate': 0.012407546277438251}. Best is trial 0 with value: 155.30564880371094.
[I 2023-12-26 16:21:21,042] Trial 27 finished with value: 280.2479553222656 and parameters: {'gradient_clip_val': 0.16580071611580438, 'hidden_size': 109, 'dropout': 0.1614984992015803, 'hidden_continuous_size': 16, 'attention_head_size': 1, 'learning_rate': 0.008248559077484207}. Best is trial 0 with value: 155.30564880371094.
[I 2023-12-26 16:21:28,280] Trial 28 finished with value: 278.5254821777344 and parameters: {'gradient_clip_val': 0.22395904494938762, 'hidden_size': 86, 'dropout': 0.22315226736365612, 'hidden_continuous_size': 23, 'attention_head_size': 4, 'learning_rate': 0.028031342467006504}. Best is trial 0 with value: 155.30564880371094.
[I 2023-12-26 16:21:32,199] Trial 29 finished with value: 306.5726013183594 and parameters: {'gradient_clip_val': 0.2947312523836309, 'hidden_size': 54, 'dropout': 0.26831703089907966, 'hidden_continuous_size': 16, 'attention_head_size': 1, 'learning_rate': 0.047380106835923565}. Best is trial 0 with value: 155.30564880371094.
[I 2023-12-26 16:21:40,539] Trial 30 finished with value: 295.255126953125 and parameters: {'gradient_clip_val': 0.38980677388278806, 'hidden_size': 112, 'dropout': 0.16949679396441866, 'hidden_continuous_size': 61, 'attention_head_size': 2, 'learning_rate': 0.015102016426762602}. Best is trial 0 with value: 155.30564880371094.
[I 2023-12-26 16:21:50,549] Trial 31 finished with value: 302.2491455078125 and parameters: {'gradient_clip_val': 0.26325291995755074, 'hidden_size': 144, 'dropout': 0.2959490587512239, 'hidden_continuous_size': 32, 'attention_head_size': 4, 'learning_rate': 0.0309628165314717}. Best is trial 0 with value: 155.30564880371094.
[I 2023-12-26 16:21:59,391] Trial 32 finished with value: 348.9136657714844 and parameters: {'gradient_clip_val': 0.31686619597413684, 'hidden_size': 121, 'dropout': 0.31110505296512647, 'hidden_continuous_size': 36, 'attention_head_size': 4, 'learning_rate': 0.04532891218852372}. Best is trial 0 with value: 155.30564880371094.
[I 2023-12-26 16:22:10,100] Trial 33 finished with value: 229.97731018066406 and parameters: {'gradient_clip_val': 0.2311878624828766, 'hidden_size': 148, 'dropout': 0.2568261206346567, 'hidden_continuous_size': 44, 'attention_head_size': 4, 'learning_rate': 0.06969928526138118}. Best is trial 0 with value: 155.30564880371094.
