[I 2023-12-26 18:18:49,378] Trial 40 finished with value: 2.923431396484375 and parameters: {'gradient_clip_val': 0.13449144647288916, 'hidden_size': 132, 'dropout': 0.3861154180520439, 'hidden_continuous_size': 30, 'attention_head_size': 1, 'learning_rate': 0.052395895976134456}. Best is trial 0 with value: 0.09172684699296951.
[I 2023-12-26 18:18:54,946] Trial 41 finished with value: 3.1339914798736572 and parameters: {'gradient_clip_val': 0.15038715957803628, 'hidden_size': 97, 'dropout': 0.3351078993051517, 'hidden_continuous_size': 16, 'attention_head_size': 1, 'learning_rate': 0.04246199362565623}. Best is trial 0 with value: 0.09172684699296951.
[I 2023-12-26 18:19:00,878] Trial 42 finished with value: 3.4073047637939453 and parameters: {'gradient_clip_val': 0.11281985036381315, 'hidden_size': 104, 'dropout': 0.2859002640047148, 'hidden_continuous_size': 13, 'attention_head_size': 2, 'learning_rate': 0.08583438311414063}. Best is trial 0 with value: 0.09172684699296951.
[I 2023-12-26 18:19:08,439] Trial 43 finished with value: 2.151165723800659 and parameters: {'gradient_clip_val': 0.16497152977850812, 'hidden_size': 129, 'dropout': 0.27390567635305124, 'hidden_continuous_size': 20, 'attention_head_size': 1, 'learning_rate': 0.07749181855235154}. Best is trial 0 with value: 0.09172684699296951.
[I 2023-12-26 18:19:17,369] Trial 44 finished with value: 3.3890304565429688 and parameters: {'gradient_clip_val': 0.1717076430839716, 'hidden_size': 149, 'dropout': 0.22656605355375165, 'hidden_continuous_size': 22, 'attention_head_size': 1, 'learning_rate': 0.07300049544081103}. Best is trial 0 with value: 0.09172684699296951.
[I 2023-12-26 18:19:25,019] Trial 45 finished with value: 2.7629270553588867 and parameters: {'gradient_clip_val': 0.13055619524777773, 'hidden_size': 128, 'dropout': 0.265809332628702, 'hidden_continuous_size': 19, 'attention_head_size': 1, 'learning_rate': 0.09633380227156739}. Best is trial 0 with value: 0.09172684699296951.
[I 2023-12-26 18:19:30,253] Trial 46 finished with value: 2.467296600341797 and parameters: {'gradient_clip_val': 0.19036703025512305, 'hidden_size': 89, 'dropout': 0.42289520472061637, 'hidden_continuous_size': 15, 'attention_head_size': 4, 'learning_rate': 0.07422137112019045}. Best is trial 0 with value: 0.09172684699296951.
[I 2023-12-26 18:19:34,629] Trial 47 finished with value: 4.151943206787109 and parameters: {'gradient_clip_val': 0.10926891544754243, 'hidden_size': 77, 'dropout': 0.45659302372696065, 'hidden_continuous_size': 17, 'attention_head_size': 1, 'learning_rate': 0.05040829202285561}. Best is trial 0 with value: 0.09172684699296951.
[I 2023-12-26 18:19:41,659] Trial 48 finished with value: 1.965968132019043 and parameters: {'gradient_clip_val': 0.17159861184447592, 'hidden_size': 118, 'dropout': 0.26384213181615046, 'hidden_continuous_size': 25, 'attention_head_size': 1, 'learning_rate': 0.06419912020152697}. Best is trial 0 with value: 0.09172684699296951.
[I 2023-12-26 18:19:49,236] Trial 49 finished with value: 3.18019700050354 and parameters: {'gradient_clip_val': 0.14196784198786855, 'hidden_size': 126, 'dropout': 0.19010060085588204, 'hidden_continuous_size': 36, 'attention_head_size': 1, 'learning_rate': 0.07325486533364642}. Best is trial 0 with value: 0.09172684699296951.
[I 2023-12-26 18:19:49,363] A new study created in memory with name: no-name-37bf321b-e6d8-4e8a-91ca-880009668007
/home/le004/conda/anaconda3/envs/tsff_env/lib/python3.9/site-packages/lightning/fabric/plugins/environments/slurm.py:191: The `srun` command is available on your system but is not used. HINT: If your intention is to run Lightning on SLURM, prepend your python command with `srun` like so: srun python /home/le004/master_thesis/git/TSFusionForecast/code/ ...
[I 2023-12-26 18:26:09,119] Trial 0 finished with value: 0.0663810595870018 and parameters: {'gradient_clip_val': 0.49338934269887563, 'hidden_size': 60, 'dropout': 0.2921899118298831, 'hidden_continuous_size': 59, 'attention_head_size': 4, 'learning_rate': 0.01079046867528987}. Best is trial 0 with value: 0.0663810595870018.
[I 2023-12-26 18:26:11,350] Trial 1 finished with value: 4.365808963775635 and parameters: {'gradient_clip_val': 0.4334492637993384, 'hidden_size': 5, 'dropout': 0.19284330219149526, 'hidden_continuous_size': 5, 'attention_head_size': 2, 'learning_rate': 0.04253188878290676}. Best is trial 0 with value: 0.0663810595870018.
[I 2023-12-26 18:26:14,162] Trial 2 finished with value: 4.536000728607178 and parameters: {'gradient_clip_val': 0.315153078250337, 'hidden_size': 20, 'dropout': 0.25009038597021377, 'hidden_continuous_size': 11, 'attention_head_size': 4, 'learning_rate': 0.0039425033962813836}. Best is trial 0 with value: 0.0663810595870018.
[I 2023-12-26 18:26:20,996] Trial 3 finished with value: 3.175915479660034 and parameters: {'gradient_clip_val': 0.21704225631382415, 'hidden_size': 74, 'dropout': 0.15233602644841146, 'hidden_continuous_size': 37, 'attention_head_size': 2, 'learning_rate': 0.005318267596126498}. Best is trial 0 with value: 0.0663810595870018.
[I 2023-12-26 18:26:23,348] Trial 4 finished with value: 3.435014486312866 and parameters: {'gradient_clip_val': 0.5969198172463461, 'hidden_size': 9, 'dropout': 0.29893990255682007, 'hidden_continuous_size': 9, 'attention_head_size': 3, 'learning_rate': 0.06945802767349595}. Best is trial 0 with value: 0.0663810595870018.
[I 2023-12-26 18:26:26,545] Trial 5 finished with value: 2.9103710651397705 and parameters: {'gradient_clip_val': 0.11927414385521663, 'hidden_size': 27, 'dropout': 0.26494988376703177, 'hidden_continuous_size': 23, 'attention_head_size': 1, 'learning_rate': 0.010999156017269683}. Best is trial 0 with value: 0.0663810595870018.
[I 2023-12-26 18:26:28,798] Trial 6 finished with value: 4.139204978942871 and parameters: {'gradient_clip_val': 0.11800891818676557, 'hidden_size': 7, 'dropout': 0.3440533220225436, 'hidden_continuous_size': 7, 'attention_head_size': 2, 'learning_rate': 0.01914722007646506}. Best is trial 0 with value: 0.0663810595870018.
[I 2023-12-26 18:26:33,310] Trial 7 finished with value: 4.452008247375488 and parameters: {'gradient_clip_val': 0.955023873021145, 'hidden_size': 50, 'dropout': 0.12976576073731963, 'hidden_continuous_size': 14, 'attention_head_size': 1, 'learning_rate': 0.000558434444259091}. Best is trial 0 with value: 0.0663810595870018.
[I 2023-12-26 18:26:35,410] Trial 8 finished with value: 4.102101802825928 and parameters: {'gradient_clip_val': 0.10980375224101781, 'hidden_size': 8, 'dropout': 0.3861680831844506, 'hidden_continuous_size': 8, 'attention_head_size': 2, 'learning_rate': 0.0025063908782919967}. Best is trial 0 with value: 0.0663810595870018.
[I 2023-12-26 18:26:38,680] Trial 9 finished with value: 4.5100998878479 and parameters: {'gradient_clip_val': 0.9452606877419193, 'hidden_size': 29, 'dropout': 0.42941551258627964, 'hidden_continuous_size': 9, 'attention_head_size': 1, 'learning_rate': 0.002044921563336342}. Best is trial 0 with value: 0.0663810595870018.
[I 2023-12-26 18:26:51,569] Trial 10 finished with value: 3.6648941040039062 and parameters: {'gradient_clip_val': 0.5630382225784414, 'hidden_size': 147, 'dropout': 0.4767881595966049, 'hidden_continuous_size': 94, 'attention_head_size': 4, 'learning_rate': 0.02255034168193168}. Best is trial 0 with value: 0.0663810595870018.
[I 2023-12-26 18:26:55,102] Trial 11 finished with value: 3.3671462535858154 and parameters: {'gradient_clip_val': 0.19254269767934407, 'hidden_size': 30, 'dropout': 0.26382031647014526, 'hidden_continuous_size': 19, 'attention_head_size': 3, 'learning_rate': 0.01210661673798884}. Best is trial 0 with value: 0.0663810595870018.
[I 2023-12-26 18:27:00,521] Trial 12 finished with value: 4.84176778793335 and parameters: {'gradient_clip_val': 0.17024003750669084, 'hidden_size': 55, 'dropout': 0.23013700367230644, 'hidden_continuous_size': 26, 'attention_head_size': 4, 'learning_rate': 0.009375414345535394}. Best is trial 0 with value: 0.0663810595870018.
[I 2023-12-26 18:27:03,277] Trial 13 finished with value: 3.764202117919922 and parameters: {'gradient_clip_val': 0.28835028991491624, 'hidden_size': 15, 'dropout': 0.3256743167518084, 'hidden_continuous_size': 5, 'attention_head_size': 3, 'learning_rate': 0.025161401229173545}. Best is trial 0 with value: 0.0663810595870018.
[I 2023-12-26 18:27:07,567] Trial 14 finished with value: 4.001979827880859 and parameters: {'gradient_clip_val': 0.13597892455424107, 'hidden_size': 41, 'dropout': 0.29579307881595845, 'hidden_continuous_size': 35, 'attention_head_size': 1, 'learning_rate': 0.009255659110921837}. Best is trial 0 with value: 0.0663810595870018.
[I 2023-12-26 18:27:10,239] Trial 15 finished with value: 3.6199779510498047 and parameters: {'gradient_clip_val': 0.24947641989477232, 'hidden_size': 17, 'dropout': 0.19630542278236174, 'hidden_continuous_size': 6, 'attention_head_size': 3, 'learning_rate': 0.08021618561106632}. Best is trial 0 with value: 0.0663810595870018.
[I 2023-12-26 18:27:20,326] Trial 16 finished with value: 2.8091518878936768 and parameters: {'gradient_clip_val': 0.10174015209117848, 'hidden_size': 114, 'dropout': 0.1093460559418063, 'hidden_continuous_size': 64, 'attention_head_size': 1, 'learning_rate': 0.015418803152276263}. Best is trial 0 with value: 0.0663810595870018.
[I 2023-12-26 18:27:29,400] Trial 17 finished with value: 4.307938098907471 and parameters: {'gradient_clip_val': 0.1548382290782935, 'hidden_size': 97, 'dropout': 0.102773295413825, 'hidden_continuous_size': 77, 'attention_head_size': 4, 'learning_rate': 0.03092821165681716}. Best is trial 0 with value: 0.0663810595870018.
[I 2023-12-26 18:27:41,841] Trial 18 finished with value: 3.2864372730255127 and parameters: {'gradient_clip_val': 0.10017466472024963, 'hidden_size': 132, 'dropout': 0.17394899944059883, 'hidden_continuous_size': 129, 'attention_head_size': 3, 'learning_rate': 0.016565159345853626}. Best is trial 0 with value: 0.0663810595870018.
[I 2023-12-26 18:27:49,378] Trial 19 finished with value: 2.8322203159332275 and parameters: {'gradient_clip_val': 0.39373776512095915, 'hidden_size': 83, 'dropout': 0.11751071536330437, 'hidden_continuous_size': 46, 'attention_head_size': 2, 'learning_rate': 0.04824753867318962}. Best is trial 0 with value: 0.0663810595870018.
[I 2023-12-26 18:27:59,037] Trial 20 finished with value: 2.6888625621795654 and parameters: {'gradient_clip_val': 0.21883616495400107, 'hidden_size': 109, 'dropout': 0.21745623256129887, 'hidden_continuous_size': 57, 'attention_head_size': 1, 'learning_rate': 0.005964007465150893}. Best is trial 0 with value: 0.0663810595870018.
[I 2023-12-26 18:28:07,955] Trial 21 finished with value: 2.627187967300415 and parameters: {'gradient_clip_val': 0.15851553813898508, 'hidden_size': 104, 'dropout': 0.2056329913821667, 'hidden_continuous_size': 56, 'attention_head_size': 1, 'learning_rate': 0.006462609142647157}. Best is trial 0 with value: 0.0663810595870018.
[I 2023-12-26 18:28:14,397] Trial 22 finished with value: 3.6283276081085205 and parameters: {'gradient_clip_val': 0.2217383776721064, 'hidden_size': 72, 'dropout': 0.2049871572572669, 'hidden_continuous_size': 44, 'attention_head_size': 1, 'learning_rate': 0.0062630749769202985}. Best is trial 0 with value: 0.0663810595870018.
[I 2023-12-26 18:28:23,596] Trial 23 finished with value: 2.6224396228790283 and parameters: {'gradient_clip_val': 0.17074512285636625, 'hidden_size': 103, 'dropout': 0.2292910166359533, 'hidden_continuous_size': 64, 'attention_head_size': 1, 'learning_rate': 0.006821571900805051}. Best is trial 0 with value: 0.0663810595870018.
[I 2023-12-26 18:28:37,168] Trial 24 finished with value: 2.68172550201416 and parameters: {'gradient_clip_val': 0.16416943788358956, 'hidden_size': 150, 'dropout': 0.2368262369367965, 'hidden_continuous_size': 94, 'attention_head_size': 2, 'learning_rate': 0.003868331297212296}. Best is trial 0 with value: 0.0663810595870018.
[I 2023-12-26 18:28:45,229] Trial 25 finished with value: 3.6421682834625244 and parameters: {'gradient_clip_val': 0.1426811327987411, 'hidden_size': 92, 'dropout': 0.1653095250956256, 'hidden_continuous_size': 50, 'attention_head_size': 1, 'learning_rate': 0.007435627483950682}. Best is trial 0 with value: 0.0663810595870018.
[I 2023-12-26 18:28:51,097] Trial 26 finished with value: 4.075361251831055 and parameters: {'gradient_clip_val': 0.17706366090830536, 'hidden_size': 64, 'dropout': 0.2753210976044458, 'hidden_continuous_size': 35, 'attention_head_size': 2, 'learning_rate': 0.013444956915147585}. Best is trial 0 with value: 0.0663810595870018.
[I 2023-12-26 18:28:59,481] Trial 27 finished with value: 2.70159649848938 and parameters: {'gradient_clip_val': 0.13355005322666663, 'hidden_size': 90, 'dropout': 0.23355743310008398, 'hidden_continuous_size': 59, 'attention_head_size': 4, 'learning_rate': 0.008849990415437447}. Best is trial 0 with value: 0.0663810595870018.
[I 2023-12-26 18:29:03,969] Trial 28 finished with value: 3.722715377807617 and parameters: {'gradient_clip_val': 0.2811931000955963, 'hidden_size': 45, 'dropout': 0.3251308788278215, 'hidden_continuous_size': 30, 'attention_head_size': 1, 'learning_rate': 0.014024375044858312}. Best is trial 0 with value: 0.0663810595870018.
[I 2023-12-26 18:29:09,735] Trial 29 finished with value: 3.401134729385376 and parameters: {'gradient_clip_val': 0.3457835719580365, 'hidden_size': 62, 'dropout': 0.19333958504125548, 'hidden_continuous_size': 41, 'attention_head_size': 2, 'learning_rate': 0.031058901450857407}. Best is trial 0 with value: 0.0663810595870018.
[I 2023-12-26 18:29:19,536] Trial 30 finished with value: 3.854249954223633 and parameters: {'gradient_clip_val': 0.19070026927476916, 'hidden_size': 111, 'dropout': 0.20750201688366932, 'hidden_continuous_size': 52, 'attention_head_size': 3, 'learning_rate': 0.004186014451541314}. Best is trial 0 with value: 0.0663810595870018.
[I 2023-12-26 18:29:31,693] Trial 31 finished with value: 2.4176247119903564 and parameters: {'gradient_clip_val': 0.14904972547258621, 'hidden_size': 141, 'dropout': 0.2377662372903661, 'hidden_continuous_size': 80, 'attention_head_size': 2, 'learning_rate': 0.003896256157065631}. Best is trial 0 with value: 0.0663810595870018.
[I 2023-12-26 18:29:42,642] Trial 32 finished with value: 3.216038942337036 and parameters: {'gradient_clip_val': 0.14551795488326064, 'hidden_size': 122, 'dropout': 0.26348623302536245, 'hidden_continuous_size': 70, 'attention_head_size': 2, 'learning_rate': 0.00786437892909392}. Best is trial 0 with value: 0.0663810595870018.
[I 2023-12-26 18:29:49,896] Trial 33 finished with value: 3.058271646499634 and parameters: {'gradient_clip_val': 0.12666343935335134, 'hidden_size': 82, 'dropout': 0.24510550023628874, 'hidden_continuous_size': 50, 'attention_head_size': 1, 'learning_rate': 0.005038321187028192}. Best is trial 0 with value: 0.0663810595870018.
[I 2023-12-26 18:29:59,007] Trial 34 finished with value: 3.2155754566192627 and parameters: {'gradient_clip_val': 0.16016030622960417, 'hidden_size': 104, 'dropout': 0.14439117771405968, 'hidden_continuous_size': 65, 'attention_head_size': 2, 'learning_rate': 0.003033788131784091}. Best is trial 0 with value: 0.0663810595870018.
[I 2023-12-26 18:30:05,256] Trial 35 finished with value: 2.603386640548706 and parameters: {'gradient_clip_val': 0.19607262710114576, 'hidden_size': 69, 'dropout': 0.16825790115425535, 'hidden_continuous_size': 40, 'attention_head_size': 1, 'learning_rate': 0.006720754133968293}. Best is trial 0 with value: 0.0663810595870018.
[I 2023-12-26 18:30:11,204] Trial 36 finished with value: 2.6809263229370117 and parameters: {'gradient_clip_val': 0.2456844323874381, 'hidden_size': 57, 'dropout': 0.1779039165940396, 'hidden_continuous_size': 40, 'attention_head_size': 3, 'learning_rate': 0.010836489026430916}. Best is trial 0 with value: 0.0663810595870018.
[I 2023-12-26 18:30:18,158] Trial 37 finished with value: 3.014350652694702 and parameters: {'gradient_clip_val': 0.19560231553728868, 'hidden_size': 76, 'dropout': 0.28486541309180663, 'hidden_continuous_size': 45, 'attention_head_size': 2, 'learning_rate': 0.004735327947630532}. Best is trial 0 with value: 0.0663810595870018.
[I 2023-12-26 18:30:29,872] Trial 38 finished with value: 2.6558549404144287 and parameters: {'gradient_clip_val': 0.11810182855408276, 'hidden_size': 133, 'dropout': 0.1419662859736903, 'hidden_continuous_size': 82, 'attention_head_size': 1, 'learning_rate': 0.0018577682386625646}. Best is trial 0 with value: 0.0663810595870018.
[I 2023-12-26 18:30:36,328] Trial 39 finished with value: 3.9804184436798096 and parameters: {'gradient_clip_val': 0.18439291574339997, 'hidden_size': 69, 'dropout': 0.25489498000935235, 'hidden_continuous_size': 39, 'attention_head_size': 4, 'learning_rate': 0.003527826687133702}. Best is trial 0 with value: 0.0663810595870018.
[I 2023-12-26 18:30:40,419] Trial 40 finished with value: 4.009713172912598 and parameters: {'gradient_clip_val': 0.47512048523810474, 'hidden_size': 39, 'dropout': 0.167453795214012, 'hidden_continuous_size': 30, 'attention_head_size': 2, 'learning_rate': 0.0054443202836661556}. Best is trial 0 with value: 0.0663810595870018.
[I 2023-12-26 18:30:48,791] Trial 41 finished with value: 3.6320409774780273 and parameters: {'gradient_clip_val': 0.1488641776261115, 'hidden_size': 95, 'dropout': 0.22029631461971697, 'hidden_continuous_size': 56, 'attention_head_size': 1, 'learning_rate': 0.006794020961194166}. Best is trial 0 with value: 0.0663810595870018.
[I 2023-12-26 18:30:59,865] Trial 42 finished with value: 3.848907470703125 and parameters: {'gradient_clip_val': 0.12746810277081788, 'hidden_size': 126, 'dropout': 0.18841919885814395, 'hidden_continuous_size': 75, 'attention_head_size': 1, 'learning_rate': 0.007144847913240122}. Best is trial 0 with value: 0.0663810595870018.
[I 2023-12-26 18:31:07,031] Trial 43 finished with value: 3.5495002269744873 and parameters: {'gradient_clip_val': 0.17033618983608137, 'hidden_size': 78, 'dropout': 0.2448836826020015, 'hidden_continuous_size': 54, 'attention_head_size': 1, 'learning_rate': 0.010784588146927744}. Best is trial 0 with value: 0.0663810595870018.
[I 2023-12-26 18:31:20,165] Trial 44 finished with value: 3.90643572807312 and parameters: {'gradient_clip_val': 0.2008992303129023, 'hidden_size': 150, 'dropout': 0.21808521928661295, 'hidden_continuous_size': 93, 'attention_head_size': 1, 'learning_rate': 0.0050569653771584755}. Best is trial 0 with value: 0.0663810595870018.
[I 2023-12-26 18:31:25,086] Trial 45 finished with value: 2.585726499557495 and parameters: {'gradient_clip_val': 0.15439381826263443, 'hidden_size': 51, 'dropout': 0.2804331505626677, 'hidden_continuous_size': 42, 'attention_head_size': 1, 'learning_rate': 0.0030574012610139326}. Best is trial 0 with value: 0.0663810595870018.
[I 2023-12-26 18:31:30,242] Trial 46 finished with value: 3.7821242809295654 and parameters: {'gradient_clip_val': 0.21626488317530887, 'hidden_size': 54, 'dropout': 0.28221802923728545, 'hidden_continuous_size': 35, 'attention_head_size': 2, 'learning_rate': 0.002887232290873204}. Best is trial 0 with value: 0.0663810595870018.
[I 2023-12-26 18:31:34,684] Trial 47 finished with value: 3.9755823612213135 and parameters: {'gradient_clip_val': 0.12032342373248295, 'hidden_size': 48, 'dropout': 0.3042305620172276, 'hidden_continuous_size': 40, 'attention_head_size': 1, 'learning_rate': 0.001718829831583245}. Best is trial 0 with value: 0.0663810595870018.
[I 2023-12-26 18:31:41,179] Trial 48 finished with value: 3.937666893005371 and parameters: {'gradient_clip_val': 0.14025335917605666, 'hidden_size': 66, 'dropout': 0.25309022969971107, 'hidden_continuous_size': 47, 'attention_head_size': 1, 'learning_rate': 0.002667913542056622}. Best is trial 0 with value: 0.0663810595870018.
[I 2023-12-26 18:31:44,904] Trial 49 finished with value: 3.0934746265411377 and parameters: {'gradient_clip_val': 0.17512860157027357, 'hidden_size': 34, 'dropout': 0.269666674365425, 'hidden_continuous_size': 23, 'attention_head_size': 3, 'learning_rate': 0.0035332167490466602}. Best is trial 0 with value: 0.0663810595870018.
[I 2023-12-26 18:31:45,049] A new study created in memory with name: no-name-8536f254-4401-4042-864e-bf6f25e091ef
/home/le004/conda/anaconda3/envs/tsff_env/lib/python3.9/site-packages/lightning/fabric/plugins/environments/slurm.py:191: The `srun` command is available on your system but is not used. HINT: If your intention is to run Lightning on SLURM, prepend your python command with `srun` like so: srun python /home/le004/master_thesis/git/TSFusionForecast/code/ ...
[I 2023-12-26 18:36:55,908] Trial 0 finished with value: 0.0964919701218605 and parameters: {'gradient_clip_val': 0.3728293056967663, 'hidden_size': 10, 'dropout': 0.47322161077027813, 'hidden_continuous_size': 10, 'attention_head_size': 1, 'learning_rate': 0.0010833424675803672}. Best is trial 0 with value: 0.0964919701218605.
[I 2023-12-26 18:41:28,790] Trial 1 finished with value: 0.04758380725979805 and parameters: {'gradient_clip_val': 0.4267622129228476, 'hidden_size': 24, 'dropout': 0.4129341597126802, 'hidden_continuous_size': 8, 'attention_head_size': 2, 'learning_rate': 0.05159603920269849}. Best is trial 1 with value: 0.04758380725979805.
[I 2023-12-26 18:41:30,902] Trial 2 finished with value: 5.251691818237305 and parameters: {'gradient_clip_val': 0.20838929556264515, 'hidden_size': 5, 'dropout': 0.4243738843791024, 'hidden_continuous_size': 5, 'attention_head_size': 1, 'learning_rate': 0.012109634524193343}. Best is trial 1 with value: 0.04758380725979805.
