[I 2023-12-16 09:26:16,560] Trial 2 finished with value: 0.1819552779197693 and parameters: {'gradient_clip_val': 0.5897808306252927, 'hidden_size': 6, 'dropout': 0.24812625964262122, 'hidden_continuous_size': 5, 'attention_head_size': 3, 'learning_rate': 0.03692373092152325}. Best is trial 2 with value: 0.1819552779197693.
LOCAL_RANK: 0 - CUDA_VISIBLE_DEVICES: [0]
[I 2023-12-16 09:26:54,026] Trial 3 finished with value: 0.7157939076423645 and parameters: {'gradient_clip_val': 0.4640705074964567, 'hidden_size': 18, 'dropout': 0.23247536664366758, 'hidden_continuous_size': 18, 'attention_head_size': 4, 'learning_rate': 0.0010998644239778486}. Best is trial 2 with value: 0.1819552779197693.
LOCAL_RANK: 0 - CUDA_VISIBLE_DEVICES: [0]
[I 2023-12-16 09:27:48,395] Trial 4 finished with value: 0.15851204097270966 and parameters: {'gradient_clip_val': 0.7232057769684547, 'hidden_size': 67, 'dropout': 0.19244520800548798, 'hidden_continuous_size': 43, 'attention_head_size': 2, 'learning_rate': 0.045148136974029814}. Best is trial 4 with value: 0.15851204097270966.
LOCAL_RANK: 0 - CUDA_VISIBLE_DEVICES: [0]
[I 2023-12-16 09:28:41,513] Trial 5 finished with value: 0.16487200558185577 and parameters: {'gradient_clip_val': 0.5473940212586302, 'hidden_size': 63, 'dropout': 0.10322370078629034, 'hidden_continuous_size': 9, 'attention_head_size': 2, 'learning_rate': 0.06339017684887736}. Best is trial 4 with value: 0.15851204097270966.
LOCAL_RANK: 0 - CUDA_VISIBLE_DEVICES: [0]
[I 2023-12-16 09:29:29,236] Trial 6 finished with value: 0.2682870924472809 and parameters: {'gradient_clip_val': 0.5070483190264411, 'hidden_size': 18, 'dropout': 0.25221294953832707, 'hidden_continuous_size': 7, 'attention_head_size': 4, 'learning_rate': 0.013995357699308469}. Best is trial 4 with value: 0.15851204097270966.
LOCAL_RANK: 0 - CUDA_VISIBLE_DEVICES: [0]
[I 2023-12-16 09:30:05,773] Trial 7 finished with value: 0.46801796555519104 and parameters: {'gradient_clip_val': 0.3890376886693659, 'hidden_size': 5, 'dropout': 0.2748780224589492, 'hidden_continuous_size': 5, 'attention_head_size': 2, 'learning_rate': 0.0061979729685022675}. Best is trial 4 with value: 0.15851204097270966.
LOCAL_RANK: 0 - CUDA_VISIBLE_DEVICES: [0]
[I 2023-12-16 09:30:51,714] Trial 8 finished with value: 0.29729458689689636 and parameters: {'gradient_clip_val': 0.2131032573093265, 'hidden_size': 13, 'dropout': 0.2963449396464362, 'hidden_continuous_size': 6, 'attention_head_size': 2, 'learning_rate': 0.05679034490264486}. Best is trial 4 with value: 0.15851204097270966.
LOCAL_RANK: 0 - CUDA_VISIBLE_DEVICES: [0]
[I 2023-12-16 09:31:27,103] Trial 9 finished with value: 0.8449366688728333 and parameters: {'gradient_clip_val': 0.1635644364553257, 'hidden_size': 5, 'dropout': 0.36498729610520564, 'hidden_continuous_size': 5, 'attention_head_size': 1, 'learning_rate': 0.004919610503433968}. Best is trial 4 with value: 0.15851204097270966.
LOCAL_RANK: 0 - CUDA_VISIBLE_DEVICES: [0]
[I 2023-12-16 09:32:20,721] Trial 10 finished with value: 0.15448376536369324 and parameters: {'gradient_clip_val': 0.10357130364334667, 'hidden_size': 42, 'dropout': 0.1894826413967645, 'hidden_continuous_size': 41, 'attention_head_size': 3, 'learning_rate': 0.013251866433454766}. Best is trial 10 with value: 0.15448376536369324.
LOCAL_RANK: 0 - CUDA_VISIBLE_DEVICES: [0]
[I 2023-12-16 09:32:58,560] Trial 11 finished with value: 0.2269098311662674 and parameters: {'gradient_clip_val': 0.10044859241114412, 'hidden_size': 43, 'dropout': 0.18436334061735854, 'hidden_continuous_size': 43, 'attention_head_size': 3, 'learning_rate': 0.02029486092562818}. Best is trial 10 with value: 0.15448376536369324.
LOCAL_RANK: 0 - CUDA_VISIBLE_DEVICES: [0]
[I 2023-12-16 09:33:36,700] Trial 12 finished with value: 0.16751767694950104 and parameters: {'gradient_clip_val': 0.94312015150115, 'hidden_size': 37, 'dropout': 0.18439461095898407, 'hidden_continuous_size': 37, 'attention_head_size': 3, 'learning_rate': 0.020998151322962563}. Best is trial 10 with value: 0.15448376536369324.
LOCAL_RANK: 0 - CUDA_VISIBLE_DEVICES: [0]
[I 2023-12-16 09:34:29,094] Trial 13 finished with value: 0.19622035324573517 and parameters: {'gradient_clip_val': 0.31895169662386313, 'hidden_size': 33, 'dropout': 0.19369860247298937, 'hidden_continuous_size': 25, 'attention_head_size': 2, 'learning_rate': 0.010945142386672112}. Best is trial 10 with value: 0.15448376536369324.
LOCAL_RANK: 0 - CUDA_VISIBLE_DEVICES: [0]
[I 2023-12-16 09:35:24,538] Trial 14 finished with value: 0.21859025955200195 and parameters: {'gradient_clip_val': 0.10274604928653318, 'hidden_size': 62, 'dropout': 0.16395696680019264, 'hidden_continuous_size': 57, 'attention_head_size': 3, 'learning_rate': 0.08643109550679078}. Best is trial 10 with value: 0.15448376536369324.
LOCAL_RANK: 0 - CUDA_VISIBLE_DEVICES: [0]
[I 2023-12-16 09:36:13,580] Trial 15 finished with value: 0.1820329874753952 and parameters: {'gradient_clip_val': 0.15548963087023462, 'hidden_size': 27, 'dropout': 0.13273491458556155, 'hidden_continuous_size': 13, 'attention_head_size': 1, 'learning_rate': 0.03219595770333851}. Best is trial 10 with value: 0.15448376536369324.
LOCAL_RANK: 0 - CUDA_VISIBLE_DEVICES: [0]
[I 2023-12-16 09:37:07,817] Trial 16 finished with value: 0.1769351214170456 and parameters: {'gradient_clip_val': 0.7480487858848379, 'hidden_size': 57, 'dropout': 0.206579104004826, 'hidden_continuous_size': 51, 'attention_head_size': 2, 'learning_rate': 0.0034576422164758975}. Best is trial 10 with value: 0.15448376536369324.
LOCAL_RANK: 0 - CUDA_VISIBLE_DEVICES: [0]
[I 2023-12-16 09:38:06,434] Trial 17 finished with value: 0.11827219277620316 and parameters: {'gradient_clip_val': 0.2915462554713138, 'hidden_size': 95, 'dropout': 0.2050466658944425, 'hidden_continuous_size': 89, 'attention_head_size': 3, 'learning_rate': 0.010441139946449273}. Best is trial 17 with value: 0.11827219277620316.
LOCAL_RANK: 0 - CUDA_VISIBLE_DEVICES: [0]
[I 2023-12-16 09:39:04,821] Trial 18 finished with value: 0.14844760298728943 and parameters: {'gradient_clip_val': 0.25315562830033483, 'hidden_size': 99, 'dropout': 0.21780381108960542, 'hidden_continuous_size': 93, 'attention_head_size': 3, 'learning_rate': 0.0029829699039651708}. Best is trial 17 with value: 0.11827219277620316.
LOCAL_RANK: 0 - CUDA_VISIBLE_DEVICES: [0]
[I 2023-12-16 09:40:03,451] Trial 19 finished with value: 0.17170698940753937 and parameters: {'gradient_clip_val': 0.27755847427311653, 'hidden_size': 100, 'dropout': 0.22517038406023726, 'hidden_continuous_size': 97, 'attention_head_size': 4, 'learning_rate': 0.002787851543415257}. Best is trial 17 with value: 0.11827219277620316.
LOCAL_RANK: 0 - CUDA_VISIBLE_DEVICES: [0]
[I 2023-12-16 09:41:00,980] Trial 20 finished with value: 0.3157458007335663 and parameters: {'gradient_clip_val': 0.3432948319950873, 'hidden_size': 86, 'dropout': 0.3051456006411654, 'hidden_continuous_size': 70, 'attention_head_size': 3, 'learning_rate': 0.0020148088729368884}. Best is trial 17 with value: 0.11827219277620316.
LOCAL_RANK: 0 - CUDA_VISIBLE_DEVICES: [0]
[I 2023-12-16 09:41:40,379] Trial 21 finished with value: 0.21692945063114166 and parameters: {'gradient_clip_val': 0.2286312445727524, 'hidden_size': 81, 'dropout': 0.2231780834690334, 'hidden_continuous_size': 81, 'attention_head_size': 3, 'learning_rate': 0.008798597396802913}. Best is trial 17 with value: 0.11827219277620316.
LOCAL_RANK: 0 - CUDA_VISIBLE_DEVICES: [0]
[I 2023-12-16 09:42:33,271] Trial 22 finished with value: 0.3323611915111542 and parameters: {'gradient_clip_val': 0.38950515743418285, 'hidden_size': 48, 'dropout': 0.17170551720134475, 'hidden_continuous_size': 35, 'attention_head_size': 3, 'learning_rate': 0.007940260481373859}. Best is trial 17 with value: 0.11827219277620316.
LOCAL_RANK: 0 - CUDA_VISIBLE_DEVICES: [0]
[I 2023-12-16 09:43:28,866] Trial 23 finished with value: 0.21188421547412872 and parameters: {'gradient_clip_val': 0.1506075455912586, 'hidden_size': 73, 'dropout': 0.20940186861045382, 'hidden_continuous_size': 60, 'attention_head_size': 3, 'learning_rate': 0.005060516385551991}. Best is trial 17 with value: 0.11827219277620316.
LOCAL_RANK: 0 - CUDA_VISIBLE_DEVICES: [0]
[I 2023-12-16 09:44:23,262] Trial 24 finished with value: 0.21577541530132294 and parameters: {'gradient_clip_val': 0.20623722130138927, 'hidden_size': 51, 'dropout': 0.15980849333012564, 'hidden_continuous_size': 38, 'attention_head_size': 4, 'learning_rate': 0.013731932249107855}. Best is trial 17 with value: 0.11827219277620316.
LOCAL_RANK: 0 - CUDA_VISIBLE_DEVICES: [0]
[I 2023-12-16 09:45:18,519] Trial 25 finished with value: 0.13438767194747925 and parameters: {'gradient_clip_val': 0.12614311661515018, 'hidden_size': 73, 'dropout': 0.20818539000800054, 'hidden_continuous_size': 52, 'attention_head_size': 3, 'learning_rate': 0.006705813365996207}. Best is trial 17 with value: 0.11827219277620316.
LOCAL_RANK: 0 - CUDA_VISIBLE_DEVICES: [0]
[I 2023-12-16 09:46:14,863] Trial 26 finished with value: 0.23109976947307587 and parameters: {'gradient_clip_val': 0.13053834445997542, 'hidden_size': 78, 'dropout': 0.2452885463492371, 'hidden_continuous_size': 63, 'attention_head_size': 3, 'learning_rate': 0.0020700946344032215}. Best is trial 17 with value: 0.11827219277620316.
LOCAL_RANK: 0 - CUDA_VISIBLE_DEVICES: [0]
[I 2023-12-16 09:47:13,700] Trial 27 finished with value: 0.20800800621509552 and parameters: {'gradient_clip_val': 0.2548396835136761, 'hidden_size': 98, 'dropout': 0.2226731551644006, 'hidden_continuous_size': 92, 'attention_head_size': 4, 'learning_rate': 0.0005411717188414278}. Best is trial 17 with value: 0.11827219277620316.
LOCAL_RANK: 0 - CUDA_VISIBLE_DEVICES: [0]
[I 2023-12-16 09:48:07,628] Trial 28 finished with value: 0.30815160274505615 and parameters: {'gradient_clip_val': 0.21107081845279976, 'hidden_size': 53, 'dropout': 0.2653728774911436, 'hidden_continuous_size': 44, 'attention_head_size': 3, 'learning_rate': 0.0067979832895334255}. Best is trial 17 with value: 0.11827219277620316.
LOCAL_RANK: 0 - CUDA_VISIBLE_DEVICES: [0]
[I 2023-12-16 09:49:04,813] Trial 29 finished with value: 0.19795240461826324 and parameters: {'gradient_clip_val': 0.27421220880698816, 'hidden_size': 100, 'dropout': 0.21177621714911754, 'hidden_continuous_size': 76, 'attention_head_size': 2, 'learning_rate': 0.004110051836516283}. Best is trial 17 with value: 0.11827219277620316.
LOCAL_RANK: 0 - CUDA_VISIBLE_DEVICES: [0]
[I 2023-12-16 09:50:00,729] Trial 30 finished with value: 0.17316187918186188 and parameters: {'gradient_clip_val': 0.18677500535085587, 'hidden_size': 72, 'dropout': 0.20577779131295643, 'hidden_continuous_size': 54, 'attention_head_size': 4, 'learning_rate': 0.008523194071490166}. Best is trial 17 with value: 0.11827219277620316.
LOCAL_RANK: 0 - CUDA_VISIBLE_DEVICES: [0]
[I 2023-12-16 09:50:57,513] Trial 31 finished with value: 0.23593769967556 and parameters: {'gradient_clip_val': 0.1219929923379985, 'hidden_size': 84, 'dropout': 0.17715670776579728, 'hidden_continuous_size': 67, 'attention_head_size': 3, 'learning_rate': 0.0053106355479118125}. Best is trial 17 with value: 0.11827219277620316.
LOCAL_RANK: 0 - CUDA_VISIBLE_DEVICES: [0]
[I 2023-12-16 09:51:51,224] Trial 32 finished with value: 0.19539062678813934 and parameters: {'gradient_clip_val': 0.12772984861039524, 'hidden_size': 60, 'dropout': 0.1975269560452195, 'hidden_continuous_size': 51, 'attention_head_size': 3, 'learning_rate': 0.011038744055630725}. Best is trial 17 with value: 0.11827219277620316.
LOCAL_RANK: 0 - CUDA_VISIBLE_DEVICES: [0]
[I 2023-12-16 09:52:45,801] Trial 33 finished with value: 0.2438577264547348 and parameters: {'gradient_clip_val': 0.17776020892866726, 'hidden_size': 72, 'dropout': 0.14845208191721995, 'hidden_continuous_size': 59, 'attention_head_size': 3, 'learning_rate': 0.0035871962773330844}. Best is trial 17 with value: 0.11827219277620316.
LOCAL_RANK: 0 - CUDA_VISIBLE_DEVICES: [0]
[I 2023-12-16 09:53:38,916] Trial 34 finished with value: 0.20522232353687286 and parameters: {'gradient_clip_val': 0.24271729631168104, 'hidden_size': 45, 'dropout': 0.2351525292650171, 'hidden_continuous_size': 31, 'attention_head_size': 3, 'learning_rate': 0.00671808718787933}. Best is trial 17 with value: 0.11827219277620316.
LOCAL_RANK: 0 - CUDA_VISIBLE_DEVICES: [0]
[I 2023-12-16 09:54:37,491] Trial 35 finished with value: 0.15379144251346588 and parameters: {'gradient_clip_val': 0.2979396716644686, 'hidden_size': 86, 'dropout': 0.17294770973881332, 'hidden_continuous_size': 75, 'attention_head_size': 3, 'learning_rate': 0.02739444521162142}. Best is trial 17 with value: 0.11827219277620316.
LOCAL_RANK: 0 - CUDA_VISIBLE_DEVICES: [0]
[I 2023-12-16 09:55:32,701] Trial 36 finished with value: 0.15500961244106293 and parameters: {'gradient_clip_val': 0.30166349264077297, 'hidden_size': 65, 'dropout': 0.15035851655290478, 'hidden_continuous_size': 50, 'attention_head_size': 4, 'learning_rate': 0.02695270785531983}. Best is trial 17 with value: 0.11827219277620316.
LOCAL_RANK: 0 - CUDA_VISIBLE_DEVICES: [0]
[I 2023-12-16 09:56:30,481] Trial 37 finished with value: 0.21143899857997894 and parameters: {'gradient_clip_val': 0.24281267283811872, 'hidden_size': 82, 'dropout': 0.1313305701566002, 'hidden_continuous_size': 70, 'attention_head_size': 3, 'learning_rate': 0.017231389774619885}. Best is trial 17 with value: 0.11827219277620316.
LOCAL_RANK: 0 - CUDA_VISIBLE_DEVICES: [0]
[I 2023-12-16 09:57:27,421] Trial 38 finished with value: 0.17932967841625214 and parameters: {'gradient_clip_val': 0.3562819023088295, 'hidden_size': 88, 'dropout': 0.17336754565555829, 'hidden_continuous_size': 79, 'attention_head_size': 2, 'learning_rate': 0.023967162010991833}. Best is trial 17 with value: 0.11827219277620316.
LOCAL_RANK: 0 - CUDA_VISIBLE_DEVICES: [0]
[I 2023-12-16 09:58:22,628] Trial 39 finished with value: 0.1862572580575943 and parameters: {'gradient_clip_val': 0.4413048305964951, 'hidden_size': 59, 'dropout': 0.24188802811707616, 'hidden_continuous_size': 50, 'attention_head_size': 4, 'learning_rate': 0.04204300126126527}. Best is trial 17 with value: 0.11827219277620316.
LOCAL_RANK: 0 - CUDA_VISIBLE_DEVICES: [0]
[I 2023-12-16 09:59:17,837] Trial 40 finished with value: 0.16357840597629547 and parameters: {'gradient_clip_val': 0.29678424157158584, 'hidden_size': 70, 'dropout': 0.21491192220618133, 'hidden_continuous_size': 58, 'attention_head_size': 2, 'learning_rate': 0.01757010839391878}. Best is trial 17 with value: 0.11827219277620316.
LOCAL_RANK: 0 - CUDA_VISIBLE_DEVICES: [0]
[I 2023-12-16 10:00:15,495] Trial 41 finished with value: 0.19180041551589966 and parameters: {'gradient_clip_val': 0.11514864117197031, 'hidden_size': 91, 'dropout': 0.19295282513357345, 'hidden_continuous_size': 81, 'attention_head_size': 3, 'learning_rate': 0.011693031795688365}. Best is trial 17 with value: 0.11827219277620316.
LOCAL_RANK: 0 - CUDA_VISIBLE_DEVICES: [0]
[I 2023-12-16 10:01:11,176] Trial 42 finished with value: 0.15877865254878998 and parameters: {'gradient_clip_val': 0.15086428140777208, 'hidden_size': 73, 'dropout': 0.1825541759299995, 'hidden_continuous_size': 63, 'attention_head_size': 3, 'learning_rate': 0.02956888005604947}. Best is trial 17 with value: 0.11827219277620316.
LOCAL_RANK: 0 - CUDA_VISIBLE_DEVICES: [0]
[I 2023-12-16 10:01:50,726] Trial 43 finished with value: 0.16763104498386383 and parameters: {'gradient_clip_val': 0.14242913852001232, 'hidden_size': 100, 'dropout': 0.19824103892219216, 'hidden_continuous_size': 100, 'attention_head_size': 3, 'learning_rate': 0.01628595841495435}. Best is trial 17 with value: 0.11827219277620316.
LOCAL_RANK: 0 - CUDA_VISIBLE_DEVICES: [0]
[I 2023-12-16 10:02:45,580] Trial 44 finished with value: 0.17921732366085052 and parameters: {'gradient_clip_val': 0.11144598493754329, 'hidden_size': 63, 'dropout': 0.23047940125465938, 'hidden_continuous_size': 47, 'attention_head_size': 3, 'learning_rate': 0.010039353649805995}. Best is trial 17 with value: 0.11827219277620316.
LOCAL_RANK: 0 - CUDA_VISIBLE_DEVICES: [0]
[I 2023-12-16 10:03:40,001] Trial 45 finished with value: 0.146834596991539 and parameters: {'gradient_clip_val': 0.13623289666784946, 'hidden_size': 42, 'dropout': 0.18836343105646036, 'hidden_continuous_size': 39, 'attention_head_size': 3, 'learning_rate': 0.013468349919721102}. Best is trial 17 with value: 0.11827219277620316.
LOCAL_RANK: 0 - CUDA_VISIBLE_DEVICES: [0]
[I 2023-12-16 10:04:34,141] Trial 46 finished with value: 0.2335982769727707 and parameters: {'gradient_clip_val': 0.1772167265947304, 'hidden_size': 50, 'dropout': 0.16526487878946766, 'hidden_continuous_size': 44, 'attention_head_size': 3, 'learning_rate': 0.03987844000152385}. Best is trial 17 with value: 0.11827219277620316.
LOCAL_RANK: 0 - CUDA_VISIBLE_DEVICES: [0]
[I 2023-12-16 10:05:31,180] Trial 47 finished with value: 0.16612370312213898 and parameters: {'gradient_clip_val': 0.137216842840136, 'hidden_size': 83, 'dropout': 0.18707076634550235, 'hidden_continuous_size': 69, 'attention_head_size': 2, 'learning_rate': 0.014316050517065538}. Best is trial 17 with value: 0.11827219277620316.
LOCAL_RANK: 0 - CUDA_VISIBLE_DEVICES: [0]
[I 2023-12-16 10:06:25,712] Trial 48 finished with value: 0.1663086861371994 and parameters: {'gradient_clip_val': 0.19325778158436507, 'hidden_size': 54, 'dropout': 0.21808412535822233, 'hidden_continuous_size': 47, 'attention_head_size': 3, 'learning_rate': 0.0197594720846006}. Best is trial 17 with value: 0.11827219277620316.
LOCAL_RANK: 0 - CUDA_VISIBLE_DEVICES: [0]
[I 2023-12-16 10:07:19,543] Trial 49 finished with value: 0.1660587638616562 and parameters: {'gradient_clip_val': 0.16837169909421812, 'hidden_size': 41, 'dropout': 0.20329274253422358, 'hidden_continuous_size': 37, 'attention_head_size': 4, 'learning_rate': 0.05043356617820751}. Best is trial 17 with value: 0.11827219277620316.
[I 2023-12-16 10:07:19,638] A new study created in memory with name: no-name-9fe27727-2b74-4c1d-939a-e90795dc33f9
/home/le004/conda/anaconda3/envs/tsff_env/lib/python3.9/site-packages/lightning/fabric/plugins/environments/slurm.py:191: The `srun` command is available on your system but is not used. HINT: If your intention is to run Lightning on SLURM, prepend your python command with `srun` like so: srun python /home/le004/master_thesis/git/TSFusionForecast/code/ ...
LOCAL_RANK: 0 - CUDA_VISIBLE_DEVICES: [0]
[I 2023-12-16 10:08:06,363] Trial 0 finished with value: 0.2788192927837372 and parameters: {'gradient_clip_val': 0.33798425592152254, 'hidden_size': 10, 'dropout': 0.1325237267551973, 'hidden_continuous_size': 5, 'attention_head_size': 4, 'learning_rate': 0.0020423047168714975}. Best is trial 0 with value: 0.2788192927837372.
LOCAL_RANK: 0 - CUDA_VISIBLE_DEVICES: [0]
[I 2023-12-16 10:08:42,232] Trial 1 finished with value: 0.12702533602714539 and parameters: {'gradient_clip_val': 0.5290146473272639, 'hidden_size': 5, 'dropout': 0.16706183702191008, 'hidden_continuous_size': 5, 'attention_head_size': 2, 'learning_rate': 0.009311139411754644}. Best is trial 1 with value: 0.12702533602714539.
LOCAL_RANK: 0 - CUDA_VISIBLE_DEVICES: [0]
[I 2023-12-16 10:09:29,112] Trial 2 finished with value: 0.10208912938833237 and parameters: {'gradient_clip_val': 0.22894358156541084, 'hidden_size': 14, 'dropout': 0.13104900464404404, 'hidden_continuous_size': 5, 'attention_head_size': 3, 'learning_rate': 0.002239951291355455}. Best is trial 2 with value: 0.10208912938833237.
LOCAL_RANK: 0 - CUDA_VISIBLE_DEVICES: [0]
[I 2023-12-16 10:10:13,318] Trial 3 finished with value: 0.041805699467659 and parameters: {'gradient_clip_val': 0.7810287414448189, 'hidden_size': 12, 'dropout': 0.38992552169382966, 'hidden_continuous_size': 5, 'attention_head_size': 2, 'learning_rate': 0.07876572238207442}. Best is trial 3 with value: 0.041805699467659.
LOCAL_RANK: 0 - CUDA_VISIBLE_DEVICES: [0]
[I 2023-12-16 10:11:07,056] Trial 4 finished with value: 0.07323145866394043 and parameters: {'gradient_clip_val': 0.13292237866422546, 'hidden_size': 50, 'dropout': 0.3511577437055925, 'hidden_continuous_size': 11, 'attention_head_size': 3, 'learning_rate': 0.046148609032739166}. Best is trial 3 with value: 0.041805699467659.
LOCAL_RANK: 0 - CUDA_VISIBLE_DEVICES: [0]
[I 2023-12-16 10:11:42,826] Trial 5 finished with value: 0.040882598608732224 and parameters: {'gradient_clip_val': 0.25788313340984664, 'hidden_size': 6, 'dropout': 0.27955720126940453, 'hidden_continuous_size': 6, 'attention_head_size': 1, 'learning_rate': 0.054501172326510854}. Best is trial 5 with value: 0.040882598608732224.
LOCAL_RANK: 0 - CUDA_VISIBLE_DEVICES: [0]
[I 2023-12-16 10:12:33,187] Trial 6 finished with value: 0.2921179234981537 and parameters: {'gradient_clip_val': 0.3376076222932622, 'hidden_size': 30, 'dropout': 0.3378141597759745, 'hidden_continuous_size': 16, 'attention_head_size': 4, 'learning_rate': 0.000722167749410507}. Best is trial 5 with value: 0.040882598608732224.
LOCAL_RANK: 0 - CUDA_VISIBLE_DEVICES: [0]
[I 2023-12-16 10:13:21,515] Trial 7 finished with value: 0.08460221439599991 and parameters: {'gradient_clip_val': 0.51858441339484, 'hidden_size': 27, 'dropout': 0.20209261281413718, 'hidden_continuous_size': 5, 'attention_head_size': 1, 'learning_rate': 0.0328931711648902}. Best is trial 5 with value: 0.040882598608732224.
LOCAL_RANK: 0 - CUDA_VISIBLE_DEVICES: [0]
[I 2023-12-16 10:14:13,904] Trial 8 finished with value: 0.10717159509658813 and parameters: {'gradient_clip_val': 0.2831702543796711, 'hidden_size': 65, 'dropout': 0.11843081579265721, 'hidden_continuous_size': 6, 'attention_head_size': 3, 'learning_rate': 0.016519188633926367}. Best is trial 5 with value: 0.040882598608732224.
LOCAL_RANK: 0 - CUDA_VISIBLE_DEVICES: [0]
