[I 2023-12-26 13:58:32,182] Trial 20 finished with value: 33.42430114746094 and parameters: {'gradient_clip_val': 0.5791523852217005, 'hidden_size': 6, 'dropout': 0.3254867011255014, 'hidden_continuous_size': 5, 'attention_head_size': 1, 'learning_rate': 0.009240234029055418}. Best is trial 0 with value: 5.371412754058838.
[I 2023-12-26 13:58:41,968] Trial 21 finished with value: 23.315231323242188 and parameters: {'gradient_clip_val': 0.11127120912684431, 'hidden_size': 137, 'dropout': 0.2560587837780536, 'hidden_continuous_size': 41, 'attention_head_size': 3, 'learning_rate': 0.016411316561035304}. Best is trial 0 with value: 5.371412754058838.
[I 2023-12-26 13:58:52,870] Trial 22 finished with value: 29.464460372924805 and parameters: {'gradient_clip_val': 0.2927981127736689, 'hidden_size': 147, 'dropout': 0.256823774712562, 'hidden_continuous_size': 107, 'attention_head_size': 4, 'learning_rate': 0.005959409963957798}. Best is trial 0 with value: 5.371412754058838.
[I 2023-12-26 13:58:56,766] Trial 23 finished with value: 28.445436477661133 and parameters: {'gradient_clip_val': 0.11259580289626976, 'hidden_size': 60, 'dropout': 0.28700545543421574, 'hidden_continuous_size': 8, 'attention_head_size': 3, 'learning_rate': 0.019793592345765564}. Best is trial 0 with value: 5.371412754058838.
[I 2023-12-26 13:58:59,372] Trial 24 finished with value: 30.20758056640625 and parameters: {'gradient_clip_val': 0.4470144309508337, 'hidden_size': 27, 'dropout': 0.20150165611618093, 'hidden_continuous_size': 7, 'attention_head_size': 4, 'learning_rate': 0.010481217818844955}. Best is trial 0 with value: 5.371412754058838.
[I 2023-12-26 13:59:01,349] Trial 25 finished with value: 28.538307189941406 and parameters: {'gradient_clip_val': 0.8326268296748359, 'hidden_size': 7, 'dropout': 0.23119458145297284, 'hidden_continuous_size': 5, 'attention_head_size': 3, 'learning_rate': 0.0074641223180782045}. Best is trial 0 with value: 5.371412754058838.
[I 2023-12-26 13:59:09,089] Trial 26 finished with value: 34.719539642333984 and parameters: {'gradient_clip_val': 0.6375095529537594, 'hidden_size': 109, 'dropout': 0.27161857805032724, 'hidden_continuous_size': 17, 'attention_head_size': 2, 'learning_rate': 0.02703956883729303}. Best is trial 0 with value: 5.371412754058838.
[I 2023-12-26 13:59:15,331] Trial 27 finished with value: 29.750137329101562 and parameters: {'gradient_clip_val': 0.325396061810576, 'hidden_size': 81, 'dropout': 0.23513096579536638, 'hidden_continuous_size': 24, 'attention_head_size': 4, 'learning_rate': 0.013927583011142712}. Best is trial 0 with value: 5.371412754058838.
[I 2023-12-26 13:59:18,471] Trial 28 finished with value: 26.154891967773438 and parameters: {'gradient_clip_val': 0.8388770162261436, 'hidden_size': 38, 'dropout': 0.31710589321403815, 'hidden_continuous_size': 8, 'attention_head_size': 3, 'learning_rate': 0.004143710291442712}. Best is trial 0 with value: 5.371412754058838.
[I 2023-12-26 13:59:20,622] Trial 29 finished with value: 28.335418701171875 and parameters: {'gradient_clip_val': 0.14598867842299973, 'hidden_size': 11, 'dropout': 0.1898769510754343, 'hidden_continuous_size': 6, 'attention_head_size': 4, 'learning_rate': 0.02619816835727403}. Best is trial 0 with value: 5.371412754058838.
[I 2023-12-26 13:59:23,076] Trial 30 finished with value: 29.916414260864258 and parameters: {'gradient_clip_val': 0.1527999672514848, 'hidden_size': 25, 'dropout': 0.17947121643398145, 'hidden_continuous_size': 9, 'attention_head_size': 4, 'learning_rate': 0.05854346029642677}. Best is trial 0 with value: 5.371412754058838.
[I 2023-12-26 13:59:33,688] Trial 31 finished with value: 26.2922420501709 and parameters: {'gradient_clip_val': 0.10437941952174848, 'hidden_size': 144, 'dropout': 0.25308008180987407, 'hidden_continuous_size': 41, 'attention_head_size': 3, 'learning_rate': 0.015513523876336666}. Best is trial 0 with value: 5.371412754058838.
[I 2023-12-26 13:59:40,792] Trial 32 finished with value: 27.47773551940918 and parameters: {'gradient_clip_val': 0.12389561293786856, 'hidden_size': 83, 'dropout': 0.280529160125165, 'hidden_continuous_size': 37, 'attention_head_size': 3, 'learning_rate': 0.017064536954744226}. Best is trial 0 with value: 5.371412754058838.
[I 2023-12-26 13:59:42,877] Trial 33 finished with value: 27.321868896484375 and parameters: {'gradient_clip_val': 0.10072704645493118, 'hidden_size': 16, 'dropout': 0.21235594926496423, 'hidden_continuous_size': 7, 'attention_head_size': 2, 'learning_rate': 0.010543737173862299}. Best is trial 0 with value: 5.371412754058838.
[I 2023-12-26 13:59:49,421] Trial 34 finished with value: 30.003114700317383 and parameters: {'gradient_clip_val': 0.15598693533205538, 'hidden_size': 90, 'dropout': 0.25272714970071075, 'hidden_continuous_size': 11, 'attention_head_size': 3, 'learning_rate': 0.013934843921712825}. Best is trial 0 with value: 5.371412754058838.
[I 2023-12-26 13:59:57,744] Trial 35 finished with value: 28.916624069213867 and parameters: {'gradient_clip_val': 0.22971615629250422, 'hidden_size': 121, 'dropout': 0.4944953576926972, 'hidden_continuous_size': 42, 'attention_head_size': 4, 'learning_rate': 0.026818156053610848}. Best is trial 0 with value: 5.371412754058838.
[I 2023-12-26 14:00:02,244] Trial 36 finished with value: 26.990846633911133 and parameters: {'gradient_clip_val': 0.17375163752673453, 'hidden_size': 70, 'dropout': 0.30450003407635795, 'hidden_continuous_size': 13, 'attention_head_size': 3, 'learning_rate': 0.008263336146326723}. Best is trial 0 with value: 5.371412754058838.
[I 2023-12-26 14:00:09,739] Trial 37 finished with value: 29.79559898376465 and parameters: {'gradient_clip_val': 0.12609346034931918, 'hidden_size': 104, 'dropout': 0.15058057561790186, 'hidden_continuous_size': 31, 'attention_head_size': 2, 'learning_rate': 0.01283437078648263}. Best is trial 0 with value: 5.371412754058838.
[I 2023-12-26 14:00:14,470] Trial 38 finished with value: 32.597049713134766 and parameters: {'gradient_clip_val': 0.17977147523410952, 'hidden_size': 53, 'dropout': 0.3450920594384873, 'hidden_continuous_size': 10, 'attention_head_size': 4, 'learning_rate': 0.020002447995895022}. Best is trial 0 with value: 5.371412754058838.
[I 2023-12-26 14:00:24,107] Trial 39 finished with value: 30.367021560668945 and parameters: {'gradient_clip_val': 0.2410617328643973, 'hidden_size': 126, 'dropout': 0.274730607510753, 'hidden_continuous_size': 18, 'attention_head_size': 3, 'learning_rate': 0.037024402819079504}. Best is trial 0 with value: 5.371412754058838.
[I 2023-12-26 14:00:26,205] Trial 40 finished with value: 26.801881790161133 and parameters: {'gradient_clip_val': 0.2707251675587966, 'hidden_size': 18, 'dropout': 0.38368160775892696, 'hidden_continuous_size': 6, 'attention_head_size': 2, 'learning_rate': 0.010985477260216495}. Best is trial 0 with value: 5.371412754058838.
[I 2023-12-26 14:00:28,210] Trial 41 finished with value: 30.600013732910156 and parameters: {'gradient_clip_val': 0.709182050770635, 'hidden_size': 14, 'dropout': 0.25842762249598666, 'hidden_continuous_size': 7, 'attention_head_size': 1, 'learning_rate': 0.0025415805860354275}. Best is trial 0 with value: 5.371412754058838.
[I 2023-12-26 14:00:30,178] Trial 42 finished with value: 23.479324340820312 and parameters: {'gradient_clip_val': 0.7513028578354588, 'hidden_size': 12, 'dropout': 0.22044916649392368, 'hidden_continuous_size': 7, 'attention_head_size': 2, 'learning_rate': 0.005983308961878937}. Best is trial 0 with value: 5.371412754058838.
[I 2023-12-26 14:00:32,078] Trial 43 finished with value: 28.982526779174805 and parameters: {'gradient_clip_val': 0.9471307006631711, 'hidden_size': 9, 'dropout': 0.2183383207953582, 'hidden_continuous_size': 6, 'attention_head_size': 1, 'learning_rate': 0.006840813392447044}. Best is trial 0 with value: 5.371412754058838.
[I 2023-12-26 14:00:33,799] Trial 44 finished with value: 31.516220092773438 and parameters: {'gradient_clip_val': 0.20855902489243422, 'hidden_size': 5, 'dropout': 0.237204542377826, 'hidden_continuous_size': 5, 'attention_head_size': 2, 'learning_rate': 0.005271971396004457}. Best is trial 0 with value: 5.371412754058838.
[I 2023-12-26 14:00:35,611] Trial 45 finished with value: 31.454689025878906 and parameters: {'gradient_clip_val': 0.35806708670389353, 'hidden_size': 6, 'dropout': 0.17142683758321528, 'hidden_continuous_size': 5, 'attention_head_size': 1, 'learning_rate': 0.011454845463475635}. Best is trial 0 with value: 5.371412754058838.
[I 2023-12-26 14:00:37,609] Trial 46 finished with value: 32.59354019165039 and parameters: {'gradient_clip_val': 0.6525332162938832, 'hidden_size': 11, 'dropout': 0.20100070376454007, 'hidden_continuous_size': 6, 'attention_head_size': 3, 'learning_rate': 0.008940122216818157}. Best is trial 0 with value: 5.371412754058838.
[I 2023-12-26 14:00:39,717] Trial 47 finished with value: 35.1237907409668 and parameters: {'gradient_clip_val': 0.7653356087813108, 'hidden_size': 20, 'dropout': 0.2951823268249678, 'hidden_continuous_size': 9, 'attention_head_size': 2, 'learning_rate': 0.0179374385076017}. Best is trial 0 with value: 5.371412754058838.
[I 2023-12-26 14:00:41,562] Trial 48 finished with value: 29.231584548950195 and parameters: {'gradient_clip_val': 0.5599710866979963, 'hidden_size': 8, 'dropout': 0.22393632762295348, 'hidden_continuous_size': 5, 'attention_head_size': 3, 'learning_rate': 0.0017346827206865467}. Best is trial 0 with value: 5.371412754058838.
[I 2023-12-26 14:00:43,421] Trial 49 finished with value: 27.661598205566406 and parameters: {'gradient_clip_val': 0.4970539753152092, 'hidden_size': 16, 'dropout': 0.26523014697539926, 'hidden_continuous_size': 7, 'attention_head_size': 1, 'learning_rate': 0.00405877684207485}. Best is trial 0 with value: 5.371412754058838.
[I 2023-12-26 14:00:43,540] A new study created in memory with name: no-name-1dfb7e21-7213-4c52-9b42-87eaece0d181
/home/le004/conda/anaconda3/envs/tsff_env/lib/python3.9/site-packages/lightning/fabric/plugins/environments/slurm.py:191: The `srun` command is available on your system but is not used. HINT: If your intention is to run Lightning on SLURM, prepend your python command with `srun` like so: srun python /home/le004/master_thesis/git/TSFusionForecast/code/ ...
[I 2023-12-26 14:16:27,922] Trial 0 finished with value: 15.30281925201416 and parameters: {'gradient_clip_val': 0.42667258258723967, 'hidden_size': 143, 'dropout': 0.39742732727257535, 'hidden_continuous_size': 9, 'attention_head_size': 1, 'learning_rate': 0.011801977228341965}. Best is trial 0 with value: 15.30281925201416.
[I 2023-12-26 14:16:31,279] Trial 1 finished with value: 107.71976470947266 and parameters: {'gradient_clip_val': 0.8300170245594062, 'hidden_size': 33, 'dropout': 0.4251674997199709, 'hidden_continuous_size': 15, 'attention_head_size': 3, 'learning_rate': 0.033304077651306455}. Best is trial 0 with value: 15.30281925201416.
[I 2023-12-26 14:16:37,884] Trial 2 finished with value: 77.29034423828125 and parameters: {'gradient_clip_val': 0.9027110766186794, 'hidden_size': 76, 'dropout': 0.19405906233314837, 'hidden_continuous_size': 50, 'attention_head_size': 2, 'learning_rate': 0.004502199805746499}. Best is trial 0 with value: 15.30281925201416.
[I 2023-12-26 14:16:40,638] Trial 3 finished with value: 82.90816497802734 and parameters: {'gradient_clip_val': 0.5710763350545627, 'hidden_size': 13, 'dropout': 0.3772076359669043, 'hidden_continuous_size': 7, 'attention_head_size': 1, 'learning_rate': 0.004342852865719515}. Best is trial 0 with value: 15.30281925201416.
[I 2023-12-26 14:16:46,270] Trial 4 finished with value: 80.20503997802734 and parameters: {'gradient_clip_val': 0.34405984952542473, 'hidden_size': 66, 'dropout': 0.27336307931502335, 'hidden_continuous_size': 10, 'attention_head_size': 3, 'learning_rate': 0.09315251709416604}. Best is trial 0 with value: 15.30281925201416.
[I 2023-12-26 14:16:53,938] Trial 5 finished with value: 94.20254516601562 and parameters: {'gradient_clip_val': 0.5119130820915331, 'hidden_size': 92, 'dropout': 0.4054938847469107, 'hidden_continuous_size': 7, 'attention_head_size': 2, 'learning_rate': 0.0005596170837760274}. Best is trial 0 with value: 15.30281925201416.
[I 2023-12-26 14:17:01,355] Trial 6 finished with value: 88.10498046875 and parameters: {'gradient_clip_val': 0.2075902101291697, 'hidden_size': 92, 'dropout': 0.10576277731381532, 'hidden_continuous_size': 5, 'attention_head_size': 3, 'learning_rate': 0.004922278789510169}. Best is trial 0 with value: 15.30281925201416.
[I 2023-12-26 14:17:04,686] Trial 7 finished with value: 121.62359619140625 and parameters: {'gradient_clip_val': 0.34878670291078084, 'hidden_size': 30, 'dropout': 0.19564205803532242, 'hidden_continuous_size': 19, 'attention_head_size': 1, 'learning_rate': 0.007308515052044358}. Best is trial 0 with value: 15.30281925201416.
[I 2023-12-26 14:17:11,790] Trial 8 finished with value: 79.94932556152344 and parameters: {'gradient_clip_val': 0.21884100915478674, 'hidden_size': 79, 'dropout': 0.1770580074796204, 'hidden_continuous_size': 64, 'attention_head_size': 1, 'learning_rate': 0.0019737976034971787}. Best is trial 0 with value: 15.30281925201416.
[I 2023-12-26 14:17:14,291] Trial 9 finished with value: 93.98558807373047 and parameters: {'gradient_clip_val': 0.26310953678802296, 'hidden_size': 12, 'dropout': 0.19978996530091828, 'hidden_continuous_size': 6, 'attention_head_size': 3, 'learning_rate': 0.0420785379577367}. Best is trial 0 with value: 15.30281925201416.
[I 2023-12-26 14:17:16,426] Trial 10 finished with value: 75.07809448242188 and parameters: {'gradient_clip_val': 0.1160019238423098, 'hidden_size': 5, 'dropout': 0.48630469176390656, 'hidden_continuous_size': 5, 'attention_head_size': 4, 'learning_rate': 0.013994966838641834}. Best is trial 0 with value: 15.30281925201416.
[I 2023-12-26 14:17:18,601] Trial 11 finished with value: 122.64669799804688 and parameters: {'gradient_clip_val': 0.10667094601985631, 'hidden_size': 5, 'dropout': 0.4938513663185433, 'hidden_continuous_size': 5, 'attention_head_size': 4, 'learning_rate': 0.016304506195392223}. Best is trial 0 with value: 15.30281925201416.
[I 2023-12-26 14:17:29,499] Trial 12 finished with value: 102.05396270751953 and parameters: {'gradient_clip_val': 0.11936514575610224, 'hidden_size': 138, 'dropout': 0.4863164421776279, 'hidden_continuous_size': 13, 'attention_head_size': 4, 'learning_rate': 0.012079341817699811}. Best is trial 0 with value: 15.30281925201416.
[I 2023-12-26 14:17:31,794] Trial 13 finished with value: 107.65167236328125 and parameters: {'gradient_clip_val': 0.1519621584568361, 'hidden_size': 6, 'dropout': 0.3542848778237648, 'hidden_continuous_size': 5, 'attention_head_size': 2, 'learning_rate': 0.017532155005623166}. Best is trial 0 with value: 15.30281925201416.
[I 2023-12-26 14:17:36,184] Trial 14 finished with value: 71.91915130615234 and parameters: {'gradient_clip_val': 0.1488064931048975, 'hidden_size': 47, 'dropout': 0.44003001311678225, 'hidden_continuous_size': 10, 'attention_head_size': 4, 'learning_rate': 0.03172774400987121}. Best is trial 0 with value: 15.30281925201416.
[I 2023-12-26 14:17:40,783] Trial 15 finished with value: 88.27271270751953 and parameters: {'gradient_clip_val': 0.16495643863785933, 'hidden_size': 46, 'dropout': 0.33645027927532256, 'hidden_continuous_size': 9, 'attention_head_size': 2, 'learning_rate': 0.03785414572287052}. Best is trial 0 with value: 15.30281925201416.
[I 2023-12-26 14:17:51,571] Trial 16 finished with value: 68.87210083007812 and parameters: {'gradient_clip_val': 0.4189545123347193, 'hidden_size': 136, 'dropout': 0.43956896999894673, 'hidden_continuous_size': 27, 'attention_head_size': 4, 'learning_rate': 0.09431661474801636}. Best is trial 0 with value: 15.30281925201416.
[I 2023-12-26 14:18:02,011] Trial 17 finished with value: 72.4181137084961 and parameters: {'gradient_clip_val': 0.40982225630083086, 'hidden_size': 132, 'dropout': 0.3019112318966902, 'hidden_continuous_size': 30, 'attention_head_size': 1, 'learning_rate': 0.09617538763453111}. Best is trial 0 with value: 15.30281925201416.
[I 2023-12-26 14:18:14,563] Trial 18 finished with value: 53.23118209838867 and parameters: {'gradient_clip_val': 0.4919321212108133, 'hidden_size': 144, 'dropout': 0.4414435158558745, 'hidden_continuous_size': 113, 'attention_head_size': 2, 'learning_rate': 0.06373223221048196}. Best is trial 0 with value: 15.30281925201416.
[I 2023-12-26 14:18:24,567] Trial 19 finished with value: 64.16999053955078 and parameters: {'gradient_clip_val': 0.6545620974594275, 'hidden_size': 110, 'dropout': 0.39158947065609034, 'hidden_continuous_size': 101, 'attention_head_size': 1, 'learning_rate': 0.05029169751126915}. Best is trial 0 with value: 15.30281925201416.
[I 2023-12-26 14:18:29,681] Trial 20 finished with value: 90.7052230834961 and parameters: {'gradient_clip_val': 0.7021114818370485, 'hidden_size': 55, 'dropout': 0.45307353912108134, 'hidden_continuous_size': 23, 'attention_head_size': 2, 'learning_rate': 0.023029880780873823}. Best is trial 0 with value: 15.30281925201416.
[I 2023-12-26 14:18:39,959] Trial 21 finished with value: 84.82327270507812 and parameters: {'gradient_clip_val': 0.5949101716262591, 'hidden_size': 111, 'dropout': 0.3990178024389305, 'hidden_continuous_size': 90, 'attention_head_size': 1, 'learning_rate': 0.06426654468601832}. Best is trial 0 with value: 15.30281925201416.
[I 2023-12-26 14:18:49,485] Trial 22 finished with value: 52.13300704956055 and parameters: {'gradient_clip_val': 0.48553008640803963, 'hidden_size': 105, 'dropout': 0.3856423772329818, 'hidden_continuous_size': 104, 'attention_head_size': 1, 'learning_rate': 0.061467989533570445}. Best is trial 0 with value: 15.30281925201416.
[I 2023-12-26 14:19:02,793] Trial 23 finished with value: 56.29996871948242 and parameters: {'gradient_clip_val': 0.4586750601048003, 'hidden_size': 141, 'dropout': 0.3677165838445987, 'hidden_continuous_size': 135, 'attention_head_size': 1, 'learning_rate': 0.05797476726997892}. Best is trial 0 with value: 15.30281925201416.
[I 2023-12-26 14:19:11,419] Trial 24 finished with value: 83.98726654052734 and parameters: {'gradient_clip_val': 0.494041692062423, 'hidden_size': 102, 'dropout': 0.4158874501317231, 'hidden_continuous_size': 40, 'attention_head_size': 2, 'learning_rate': 0.02954474924742481}. Best is trial 0 with value: 15.30281925201416.
[I 2023-12-26 14:19:17,473] Trial 25 finished with value: 100.36914825439453 and parameters: {'gradient_clip_val': 0.3817964647769994, 'hidden_size': 67, 'dropout': 0.45990141086600417, 'hidden_continuous_size': 36, 'attention_head_size': 1, 'learning_rate': 0.06245477905289634}. Best is trial 0 with value: 15.30281925201416.
[I 2023-12-26 14:19:31,073] Trial 26 finished with value: 61.80976486206055 and parameters: {'gradient_clip_val': 0.2927432168736949, 'hidden_size': 148, 'dropout': 0.32772097017925905, 'hidden_continuous_size': 147, 'attention_head_size': 2, 'learning_rate': 0.020655469947688868}. Best is trial 0 with value: 15.30281925201416.
[I 2023-12-26 14:19:40,419] Trial 27 finished with value: 79.45616912841797 and parameters: {'gradient_clip_val': 0.4646933858346776, 'hidden_size': 105, 'dropout': 0.38901941880132235, 'hidden_continuous_size': 56, 'attention_head_size': 1, 'learning_rate': 0.05177126996993678}. Best is trial 0 with value: 15.30281925201416.
[I 2023-12-26 14:19:47,198] Trial 28 finished with value: 79.02591705322266 and parameters: {'gradient_clip_val': 0.7458892527057569, 'hidden_size': 80, 'dropout': 0.4201567399020005, 'hidden_continuous_size': 44, 'attention_head_size': 2, 'learning_rate': 0.023946086433936243}. Best is trial 0 with value: 15.30281925201416.
[I 2023-12-26 14:19:52,418] Trial 29 finished with value: 114.50112915039062 and parameters: {'gradient_clip_val': 0.9732520044483317, 'hidden_size': 57, 'dropout': 0.426185820322446, 'hidden_continuous_size': 14, 'attention_head_size': 1, 'learning_rate': 0.028876196444004708}. Best is trial 0 with value: 15.30281925201416.
[I 2023-12-26 14:19:56,401] Trial 30 finished with value: 103.53057861328125 and parameters: {'gradient_clip_val': 0.5542965951180574, 'hidden_size': 43, 'dropout': 0.46302943968086724, 'hidden_continuous_size': 17, 'attention_head_size': 3, 'learning_rate': 0.039978956429524884}. Best is trial 0 with value: 15.30281925201416.
[I 2023-12-26 14:20:10,266] Trial 31 finished with value: 60.504215240478516 and parameters: {'gradient_clip_val': 0.4328775865526887, 'hidden_size': 150, 'dropout': 0.37485371029177317, 'hidden_continuous_size': 146, 'attention_head_size': 1, 'learning_rate': 0.07121259540711235}. Best is trial 0 with value: 15.30281925201416.
[I 2023-12-26 14:20:20,817] Trial 32 finished with value: 69.12540435791016 and parameters: {'gradient_clip_val': 0.4680974008990654, 'hidden_size': 123, 'dropout': 0.3628247496658669, 'hidden_continuous_size': 78, 'attention_head_size': 1, 'learning_rate': 0.05361591957168934}. Best is trial 0 with value: 15.30281925201416.
[I 2023-12-26 14:20:28,916] Trial 33 finished with value: 71.10140991210938 and parameters: {'gradient_clip_val': 0.6027145599690307, 'hidden_size': 94, 'dropout': 0.4041058587532789, 'hidden_continuous_size': 64, 'attention_head_size': 1, 'learning_rate': 0.06931538320573304}. Best is trial 0 with value: 15.30281925201416.
[I 2023-12-26 14:20:39,050] Trial 34 finished with value: 88.35003662109375 and parameters: {'gradient_clip_val': 0.37452138974763055, 'hidden_size': 116, 'dropout': 0.37110165294353287, 'hidden_continuous_size': 94, 'attention_head_size': 2, 'learning_rate': 0.04047690020171356}. Best is trial 0 with value: 15.30281925201416.
