[I 2023-12-26 13:16:49,784] Trial 0 finished with value: 0.10787703841924667 and parameters: {'gradient_clip_val': 0.10229059851856956, 'hidden_size': 6, 'dropout': 0.303995960160925, 'hidden_continuous_size': 5, 'attention_head_size': 2, 'learning_rate': 0.010422658181770225}. Best is trial 0 with value: 0.10787703841924667.
[I 2023-12-26 13:17:16,684] Trial 1 finished with value: 2.7881345748901367 and parameters: {'gradient_clip_val': 0.12597161816160465, 'hidden_size': 62, 'dropout': 0.3287856612902479, 'hidden_continuous_size': 6, 'attention_head_size': 4, 'learning_rate': 0.0005559637842686995}. Best is trial 0 with value: 0.10787703841924667.
[I 2023-12-26 13:17:21,664] Trial 2 finished with value: 4.196349620819092 and parameters: {'gradient_clip_val': 0.5340618738779105, 'hidden_size': 78, 'dropout': 0.30148880790116445, 'hidden_continuous_size': 16, 'attention_head_size': 1, 'learning_rate': 0.000519746992665868}. Best is trial 0 with value: 0.10787703841924667.
[I 2023-12-26 13:17:23,394] Trial 3 finished with value: 3.32566237449646 and parameters: {'gradient_clip_val': 0.9478591453433952, 'hidden_size': 5, 'dropout': 0.3891830421769156, 'hidden_continuous_size': 5, 'attention_head_size': 1, 'learning_rate': 0.006202114708706079}. Best is trial 0 with value: 0.10787703841924667.
[I 2023-12-26 13:17:26,838] Trial 4 finished with value: 3.475437879562378 and parameters: {'gradient_clip_val': 0.253132558061527, 'hidden_size': 49, 'dropout': 0.22819265130294195, 'hidden_continuous_size': 47, 'attention_head_size': 2, 'learning_rate': 0.05828656811205719}. Best is trial 0 with value: 0.10787703841924667.
[I 2023-12-26 13:17:29,922] Trial 5 finished with value: 3.6398231983184814 and parameters: {'gradient_clip_val': 0.23702520389044246, 'hidden_size': 48, 'dropout': 0.3316467207550087, 'hidden_continuous_size': 13, 'attention_head_size': 3, 'learning_rate': 0.057309082297929984}. Best is trial 0 with value: 0.10787703841924667.
[I 2023-12-26 13:17:32,812] Trial 6 finished with value: 4.232814311981201 and parameters: {'gradient_clip_val': 0.3806795836580657, 'hidden_size': 35, 'dropout': 0.3343253324991423, 'hidden_continuous_size': 29, 'attention_head_size': 2, 'learning_rate': 0.06609074890263945}. Best is trial 0 with value: 0.10787703841924667.
[I 2023-12-26 13:17:35,066] Trial 7 finished with value: 4.861775875091553 and parameters: {'gradient_clip_val': 0.4308700396454409, 'hidden_size': 21, 'dropout': 0.19766334552060744, 'hidden_continuous_size': 17, 'attention_head_size': 2, 'learning_rate': 0.07233644352645162}. Best is trial 0 with value: 0.10787703841924667.
[I 2023-12-26 13:17:42,160] Trial 8 finished with value: 3.868117570877075 and parameters: {'gradient_clip_val': 0.8269866007536332, 'hidden_size': 104, 'dropout': 0.2631190677853178, 'hidden_continuous_size': 58, 'attention_head_size': 4, 'learning_rate': 0.003520559641380698}. Best is trial 0 with value: 0.10787703841924667.
[I 2023-12-26 13:17:44,043] Trial 9 finished with value: 4.743462085723877 and parameters: {'gradient_clip_val': 0.17614287307142895, 'hidden_size': 8, 'dropout': 0.40465534175050843, 'hidden_continuous_size': 6, 'attention_head_size': 3, 'learning_rate': 0.014904609449151689}. Best is trial 0 with value: 0.10787703841924667.
[I 2023-12-26 13:17:46,154] Trial 10 finished with value: 3.845179319381714 and parameters: {'gradient_clip_val': 0.10718428016954532, 'hidden_size': 15, 'dropout': 0.11736357581442658, 'hidden_continuous_size': 5, 'attention_head_size': 1, 'learning_rate': 0.015971796436784345}. Best is trial 0 with value: 0.10787703841924667.
[I 2023-12-26 13:17:48,291] Trial 11 finished with value: 2.652500867843628 and parameters: {'gradient_clip_val': 0.10046614341200462, 'hidden_size': 13, 'dropout': 0.35698472674820353, 'hidden_continuous_size': 6, 'attention_head_size': 4, 'learning_rate': 0.0005061327201676797}. Best is trial 0 with value: 0.10787703841924667.
[I 2023-12-26 13:17:50,351] Trial 12 finished with value: 4.785905361175537 and parameters: {'gradient_clip_val': 0.10060352838429135, 'hidden_size': 11, 'dropout': 0.4626583058707648, 'hidden_continuous_size': 5, 'attention_head_size': 3, 'learning_rate': 0.0016374597334980353}. Best is trial 0 with value: 0.10787703841924667.
[I 2023-12-26 13:17:52,320] Trial 13 finished with value: 3.6360952854156494 and parameters: {'gradient_clip_val': 0.15789268496660655, 'hidden_size': 6, 'dropout': 0.4963900107418003, 'hidden_continuous_size': 5, 'attention_head_size': 4, 'learning_rate': 0.001651133601069835}. Best is trial 0 with value: 0.10787703841924667.
[I 2023-12-26 13:17:54,352] Trial 14 finished with value: 3.759381055831909 and parameters: {'gradient_clip_val': 0.14665657208925162, 'hidden_size': 9, 'dropout': 0.3756662465439764, 'hidden_continuous_size': 6, 'attention_head_size': 3, 'learning_rate': 0.01447233225957983}. Best is trial 0 with value: 0.10787703841924667.
[I 2023-12-26 13:17:56,525] Trial 15 finished with value: 4.211177825927734 and parameters: {'gradient_clip_val': 0.10165666546132446, 'hidden_size': 15, 'dropout': 0.268840114328742, 'hidden_continuous_size': 7, 'attention_head_size': 2, 'learning_rate': 0.0014906532147657618}. Best is trial 0 with value: 0.10787703841924667.
[I 2023-12-26 13:17:58,324] Trial 16 finished with value: 3.0069217681884766 and parameters: {'gradient_clip_val': 0.18744699375343443, 'hidden_size': 5, 'dropout': 0.4183552318176648, 'hidden_continuous_size': 5, 'attention_head_size': 4, 'learning_rate': 0.006134603344327296}. Best is trial 0 with value: 0.10787703841924667.
[I 2023-12-26 13:18:00,953] Trial 17 finished with value: 4.285608768463135 and parameters: {'gradient_clip_val': 0.14507703543725764, 'hidden_size': 26, 'dropout': 0.3600446682374723, 'hidden_continuous_size': 8, 'attention_head_size': 3, 'learning_rate': 0.0030216082210320957}. Best is trial 0 with value: 0.10787703841924667.
[I 2023-12-26 13:18:02,894] Trial 18 finished with value: 4.459010124206543 and parameters: {'gradient_clip_val': 0.12468413886518816, 'hidden_size': 7, 'dropout': 0.4201217858023048, 'hidden_continuous_size': 5, 'attention_head_size': 2, 'learning_rate': 0.0007764612715792426}. Best is trial 0 with value: 0.10787703841924667.
[I 2023-12-26 13:18:04,908] Trial 19 finished with value: 4.0334367752075195 and parameters: {'gradient_clip_val': 0.2048151482570385, 'hidden_size': 11, 'dropout': 0.30497136857067325, 'hidden_continuous_size': 6, 'attention_head_size': 1, 'learning_rate': 0.009601552061769686}. Best is trial 0 with value: 0.10787703841924667.
[I 2023-12-26 13:18:06,896] Trial 20 finished with value: 3.3764960765838623 and parameters: {'gradient_clip_val': 0.2852851711295292, 'hidden_size': 7, 'dropout': 0.3586659497790929, 'hidden_continuous_size': 5, 'attention_head_size': 4, 'learning_rate': 0.03155685188805898}. Best is trial 0 with value: 0.10787703841924667.
[I 2023-12-26 13:18:09,108] Trial 21 finished with value: 3.559204339981079 and parameters: {'gradient_clip_val': 0.12717288850694947, 'hidden_size': 19, 'dropout': 0.33003903834591625, 'hidden_continuous_size': 7, 'attention_head_size': 4, 'learning_rate': 0.0005148007016146973}. Best is trial 0 with value: 0.10787703841924667.
[I 2023-12-26 13:18:17,501] Trial 22 finished with value: 4.797923564910889 and parameters: {'gradient_clip_val': 0.1265734754391546, 'hidden_size': 132, 'dropout': 0.27176873534546503, 'hidden_continuous_size': 10, 'attention_head_size': 4, 'learning_rate': 0.0008725442041948892}. Best is trial 0 with value: 0.10787703841924667.
[I 2023-12-26 13:18:19,557] Trial 23 finished with value: 4.731442928314209 and parameters: {'gradient_clip_val': 0.12524993433504436, 'hidden_size': 11, 'dropout': 0.34760244422023273, 'hidden_continuous_size': 6, 'attention_head_size': 3, 'learning_rate': 0.0008566092754731763}. Best is trial 0 with value: 0.10787703841924667.
[I 2023-12-26 13:18:21,363] Trial 24 finished with value: 3.3967409133911133 and parameters: {'gradient_clip_val': 0.10011771778734543, 'hidden_size': 5, 'dropout': 0.31196574284610923, 'hidden_continuous_size': 5, 'attention_head_size': 4, 'learning_rate': 0.0028637183178808643}. Best is trial 0 with value: 0.10787703841924667.
[I 2023-12-26 13:18:23,978] Trial 25 finished with value: 3.5789072513580322 and parameters: {'gradient_clip_val': 0.14990498745695538, 'hidden_size': 33, 'dropout': 0.36908215454199395, 'hidden_continuous_size': 8, 'attention_head_size': 3, 'learning_rate': 0.0005116951352219829}. Best is trial 0 with value: 0.10787703841924667.
[I 2023-12-26 13:18:28,100] Trial 26 finished with value: 4.198170185089111 and parameters: {'gradient_clip_val': 0.1793004995054564, 'hidden_size': 63, 'dropout': 0.29054969604793734, 'hidden_continuous_size': 10, 'attention_head_size': 2, 'learning_rate': 0.0011796915507014387}. Best is trial 0 with value: 0.10787703841924667.
[I 2023-12-26 13:18:30,315] Trial 27 finished with value: 3.546861410140991 and parameters: {'gradient_clip_val': 0.214562428819108, 'hidden_size': 15, 'dropout': 0.3925621083228297, 'hidden_continuous_size': 6, 'attention_head_size': 4, 'learning_rate': 0.0022992890343700523}. Best is trial 0 with value: 0.10787703841924667.
[I 2023-12-26 13:18:32,364] Trial 28 finished with value: 4.466400146484375 and parameters: {'gradient_clip_val': 0.11587889166597413, 'hidden_size': 9, 'dropout': 0.4438430275551477, 'hidden_continuous_size': 6, 'attention_head_size': 3, 'learning_rate': 0.005050302035266182}. Best is trial 0 with value: 0.10787703841924667.
[I 2023-12-26 13:18:37,460] Trial 29 finished with value: 3.9256980419158936 and parameters: {'gradient_clip_val': 0.13761893831947244, 'hidden_size': 80, 'dropout': 0.3149706629555364, 'hidden_continuous_size': 13, 'attention_head_size': 1, 'learning_rate': 0.0006392775043534378}. Best is trial 0 with value: 0.10787703841924667.
[I 2023-12-26 13:18:46,573] Trial 30 finished with value: 3.6424224376678467 and parameters: {'gradient_clip_val': 0.11381172656988987, 'hidden_size': 141, 'dropout': 0.3504942427181474, 'hidden_continuous_size': 9, 'attention_head_size': 4, 'learning_rate': 0.0009925686242416348}. Best is trial 0 with value: 0.10787703841924667.
[I 2023-12-26 13:18:48,360] Trial 31 finished with value: 4.477476596832275 and parameters: {'gradient_clip_val': 0.16672969831492546, 'hidden_size': 5, 'dropout': 0.4158865066881924, 'hidden_continuous_size': 5, 'attention_head_size': 4, 'learning_rate': 0.0011898851069608671}. Best is trial 0 with value: 0.10787703841924667.
[I 2023-12-26 13:18:50,308] Trial 32 finished with value: 4.074359893798828 and parameters: {'gradient_clip_val': 0.117094407730022, 'hidden_size': 6, 'dropout': 0.38685875029623973, 'hidden_continuous_size': 5, 'attention_head_size': 4, 'learning_rate': 0.004790971886274103}. Best is trial 0 with value: 0.10787703841924667.
[I 2023-12-26 13:18:52,105] Trial 33 finished with value: 3.9633028507232666 and parameters: {'gradient_clip_val': 0.19385943245380863, 'hidden_size': 5, 'dropout': 0.38584598516468505, 'hidden_continuous_size': 5, 'attention_head_size': 4, 'learning_rate': 0.008248287843690447}. Best is trial 0 with value: 0.10787703841924667.
[I 2023-12-26 13:18:54,032] Trial 34 finished with value: 3.3202970027923584 and parameters: {'gradient_clip_val': 0.1381363839243916, 'hidden_size': 7, 'dropout': 0.4271237165037741, 'hidden_continuous_size': 5, 'attention_head_size': 2, 'learning_rate': 0.000675351073387555}. Best is trial 0 with value: 0.10787703841924667.
[I 2023-12-26 13:18:55,974] Trial 35 finished with value: 4.3296051025390625 and parameters: {'gradient_clip_val': 0.17008027746281573, 'hidden_size': 6, 'dropout': 0.3282939619038719, 'hidden_continuous_size': 5, 'attention_head_size': 4, 'learning_rate': 0.002127676915624491}. Best is trial 0 with value: 0.10787703841924667.
[I 2023-12-26 13:18:58,849] Trial 36 finished with value: 3.3740780353546143 and parameters: {'gradient_clip_val': 0.24195722977181502, 'hidden_size': 42, 'dropout': 0.3769498549877392, 'hidden_continuous_size': 7, 'attention_head_size': 3, 'learning_rate': 0.000638469375565185}. Best is trial 0 with value: 0.10787703841924667.
[I 2023-12-26 13:19:01,380] Trial 37 finished with value: 2.974893808364868 and parameters: {'gradient_clip_val': 0.11331239027285195, 'hidden_size': 29, 'dropout': 0.34866950999749, 'hidden_continuous_size': 7, 'attention_head_size': 4, 'learning_rate': 0.003896140966610608}. Best is trial 0 with value: 0.10787703841924667.
[I 2023-12-26 13:19:03,893] Trial 38 finished with value: 5.262876033782959 and parameters: {'gradient_clip_val': 0.11162454449448395, 'hidden_size': 30, 'dropout': 0.33854322267463377, 'hidden_continuous_size': 7, 'attention_head_size': 2, 'learning_rate': 0.003889711956961304}. Best is trial 0 with value: 0.10787703841924667.
[I 2023-12-26 13:19:06,770] Trial 39 finished with value: 3.918684244155884 and parameters: {'gradient_clip_val': 0.13303641355794749, 'hidden_size': 42, 'dropout': 0.2907914033706624, 'hidden_continuous_size': 12, 'attention_head_size': 3, 'learning_rate': 0.0012439428697266159}. Best is trial 0 with value: 0.10787703841924667.
[I 2023-12-26 13:19:09,388] Trial 40 finished with value: 3.190877676010132 and parameters: {'gradient_clip_val': 0.11323871029785752, 'hidden_size': 27, 'dropout': 0.22449648275394185, 'hidden_continuous_size': 8, 'attention_head_size': 1, 'learning_rate': 0.0009584363926845398}. Best is trial 0 with value: 0.10787703841924667.
[I 2023-12-26 13:19:11,674] Trial 41 finished with value: 3.6174280643463135 and parameters: {'gradient_clip_val': 0.1557161612802301, 'hidden_size': 22, 'dropout': 0.3517453782745866, 'hidden_continuous_size': 6, 'attention_head_size': 4, 'learning_rate': 0.00839463428466217}. Best is trial 0 with value: 0.10787703841924667.
[I 2023-12-26 13:19:15,198] Trial 42 finished with value: 2.9906749725341797 and parameters: {'gradient_clip_val': 0.10154449154480615, 'hidden_size': 54, 'dropout': 0.4004579213182592, 'hidden_continuous_size': 17, 'attention_head_size': 4, 'learning_rate': 0.007078501455881562}. Best is trial 0 with value: 0.10787703841924667.
[I 2023-12-26 13:19:18,714] Trial 43 finished with value: 3.589228630065918 and parameters: {'gradient_clip_val': 0.1028964914317968, 'hidden_size': 54, 'dropout': 0.4014418118918689, 'hidden_continuous_size': 17, 'attention_head_size': 4, 'learning_rate': 0.011080671952880476}. Best is trial 0 with value: 0.10787703841924667.
[I 2023-12-26 13:19:21,530] Trial 44 finished with value: 4.394160270690918 and parameters: {'gradient_clip_val': 0.10094886437730266, 'hidden_size': 38, 'dropout': 0.3243493502540661, 'hidden_continuous_size': 20, 'attention_head_size': 4, 'learning_rate': 0.006878256224329243}. Best is trial 0 with value: 0.10787703841924667.
[I 2023-12-26 13:19:25,464] Trial 45 finished with value: 3.165175199508667 and parameters: {'gradient_clip_val': 0.11750271948395473, 'hidden_size': 60, 'dropout': 0.3707073418345723, 'hidden_continuous_size': 20, 'attention_head_size': 4, 'learning_rate': 0.0020113179168699175}. Best is trial 0 with value: 0.10787703841924667.
[I 2023-12-26 13:19:28,846] Trial 46 finished with value: 5.014698505401611 and parameters: {'gradient_clip_val': 0.1364317793144664, 'hidden_size': 47, 'dropout': 0.3415651130071562, 'hidden_continuous_size': 15, 'attention_head_size': 4, 'learning_rate': 0.017797943651914075}. Best is trial 0 with value: 0.10787703841924667.
[I 2023-12-26 13:19:33,792] Trial 47 finished with value: 4.648693084716797 and parameters: {'gradient_clip_val': 0.10937655414510855, 'hidden_size': 76, 'dropout': 0.31029367266013946, 'hidden_continuous_size': 27, 'attention_head_size': 2, 'learning_rate': 0.0042358711811278}. Best is trial 0 with value: 0.10787703841924667.
[I 2023-12-26 13:19:36,470] Trial 48 finished with value: 4.342403888702393 and parameters: {'gradient_clip_val': 0.1583546694896374, 'hidden_size': 36, 'dropout': 0.3624137268252324, 'hidden_continuous_size': 7, 'attention_head_size': 3, 'learning_rate': 0.0057972753919464685}. Best is trial 0 with value: 0.10787703841924667.
[I 2023-12-26 13:19:39,605] Trial 49 finished with value: 4.300846576690674 and parameters: {'gradient_clip_val': 0.1254296495738438, 'hidden_size': 48, 'dropout': 0.29498508550858654, 'hidden_continuous_size': 10, 'attention_head_size': 4, 'learning_rate': 0.0033177064700454163}. Best is trial 0 with value: 0.10787703841924667.
[I 2023-12-26 13:19:39,728] A new study created in memory with name: no-name-fe27ea6c-8905-4e70-bdb2-d542c842bb39
/home/le004/conda/anaconda3/envs/tsff_env/lib/python3.9/site-packages/lightning/fabric/plugins/environments/slurm.py:191: The `srun` command is available on your system but is not used. HINT: If your intention is to run Lightning on SLURM, prepend your python command with `srun` like so: srun python /home/le004/master_thesis/git/TSFusionForecast/code/ ...
[I 2023-12-26 13:33:33,156] Trial 0 finished with value: 0.03240843489766121 and parameters: {'gradient_clip_val': 0.3160116896193421, 'hidden_size': 119, 'dropout': 0.18546866166138157, 'hidden_continuous_size': 5, 'attention_head_size': 2, 'learning_rate': 0.005183351271697376}. Best is trial 0 with value: 0.03240843489766121.
[I 2023-12-26 13:33:35,296] Trial 1 finished with value: 1.869376301765442 and parameters: {'gradient_clip_val': 0.4016870681756307, 'hidden_size': 19, 'dropout': 0.3851282855238546, 'hidden_continuous_size': 7, 'attention_head_size': 3, 'learning_rate': 0.06493532923270458}. Best is trial 0 with value: 0.03240843489766121.
[I 2023-12-26 13:33:37,794] Trial 2 finished with value: 2.567371129989624 and parameters: {'gradient_clip_val': 0.3745768026691429, 'hidden_size': 27, 'dropout': 0.3540016669756163, 'hidden_continuous_size': 24, 'attention_head_size': 4, 'learning_rate': 0.05086585730524634}. Best is trial 0 with value: 0.03240843489766121.
[I 2023-12-26 13:33:41,582] Trial 3 finished with value: 1.3602749109268188 and parameters: {'gradient_clip_val': 0.16684962441169549, 'hidden_size': 56, 'dropout': 0.3415905995248894, 'hidden_continuous_size': 50, 'attention_head_size': 3, 'learning_rate': 0.006009143959830036}. Best is trial 0 with value: 0.03240843489766121.
[I 2023-12-26 13:33:47,889] Trial 4 finished with value: 1.9740010499954224 and parameters: {'gradient_clip_val': 0.5259595464803396, 'hidden_size': 90, 'dropout': 0.43585420480455506, 'hidden_continuous_size': 23, 'attention_head_size': 3, 'learning_rate': 0.058977342798432426}. Best is trial 0 with value: 0.03240843489766121.
[I 2023-12-26 13:33:54,622] Trial 5 finished with value: 1.6123886108398438 and parameters: {'gradient_clip_val': 0.7278699143138907, 'hidden_size': 82, 'dropout': 0.4050271962406231, 'hidden_continuous_size': 28, 'attention_head_size': 1, 'learning_rate': 0.03370892726849643}. Best is trial 0 with value: 0.03240843489766121.
[I 2023-12-26 13:34:02,408] Trial 6 finished with value: 1.7589970827102661 and parameters: {'gradient_clip_val': 0.5098356003809696, 'hidden_size': 106, 'dropout': 0.20705183057742707, 'hidden_continuous_size': 17, 'attention_head_size': 1, 'learning_rate': 0.0012704691623447784}. Best is trial 0 with value: 0.03240843489766121.
[I 2023-12-26 13:34:05,532] Trial 7 finished with value: 1.7948485612869263 and parameters: {'gradient_clip_val': 0.489569803257097, 'hidden_size': 26, 'dropout': 0.19116098897052136, 'hidden_continuous_size': 13, 'attention_head_size': 3, 'learning_rate': 0.04261767063457206}. Best is trial 0 with value: 0.03240843489766121.
[I 2023-12-26 13:34:09,437] Trial 8 finished with value: 2.3321826457977295 and parameters: {'gradient_clip_val': 0.3976872878246484, 'hidden_size': 48, 'dropout': 0.3953180069822356, 'hidden_continuous_size': 11, 'attention_head_size': 4, 'learning_rate': 0.003945998175162522}. Best is trial 0 with value: 0.03240843489766121.
[I 2023-12-26 13:34:11,765] Trial 9 finished with value: 2.0232994556427 and parameters: {'gradient_clip_val': 0.5582100749793963, 'hidden_size': 20, 'dropout': 0.15880514070412613, 'hidden_continuous_size': 19, 'attention_head_size': 3, 'learning_rate': 0.0005815369582035509}. Best is trial 0 with value: 0.03240843489766121.
[I 2023-12-26 13:34:22,948] Trial 10 finished with value: 1.8535410165786743 and parameters: {'gradient_clip_val': 0.23453441470522088, 'hidden_size': 150, 'dropout': 0.10752580633093059, 'hidden_continuous_size': 6, 'attention_head_size': 2, 'learning_rate': 0.013829902509781998}. Best is trial 0 with value: 0.03240843489766121.
[I 2023-12-26 13:34:24,875] Trial 11 finished with value: 2.096446990966797 and parameters: {'gradient_clip_val': 0.12518332521322886, 'hidden_size': 6, 'dropout': 0.2795291497622183, 'hidden_continuous_size': 5, 'attention_head_size': 2, 'learning_rate': 0.005823718377874035}. Best is trial 0 with value: 0.03240843489766121.
[I 2023-12-26 13:34:29,129] Trial 12 finished with value: 1.9787458181381226 and parameters: {'gradient_clip_val': 0.23881811237760442, 'hidden_size': 57, 'dropout': 0.28323527142703125, 'hidden_continuous_size': 42, 'attention_head_size': 2, 'learning_rate': 0.0025910769841294415}. Best is trial 0 with value: 0.03240843489766121.
[I 2023-12-26 13:34:33,689] Trial 13 finished with value: 1.6149770021438599 and parameters: {'gradient_clip_val': 0.14845616087692184, 'hidden_size': 49, 'dropout': 0.496028808738174, 'hidden_continuous_size': 48, 'attention_head_size': 2, 'learning_rate': 0.013260990088027497}. Best is trial 0 with value: 0.03240843489766121.
[I 2023-12-26 13:34:43,321] Trial 14 finished with value: 2.0228264331817627 and parameters: {'gradient_clip_val': 0.18497828963519022, 'hidden_size': 149, 'dropout': 0.31492277280932557, 'hidden_continuous_size': 97, 'attention_head_size': 1, 'learning_rate': 0.010883981392871275}. Best is trial 0 with value: 0.03240843489766121.
