[I 2023-12-15 16:14:48,174] Trial 1 finished with value: 7.095048427581787 and parameters: {'gradient_clip_val': 0.8821733550055421, 'hidden_size': 20, 'dropout': 0.1158567609195543, 'hidden_continuous_size': 5, 'attention_head_size': 4, 'learning_rate': 0.011389028537116817}. Best is trial 1 with value: 7.095048427581787.
LOCAL_RANK: 0 - CUDA_VISIBLE_DEVICES: [0]
[I 2023-12-15 16:15:36,282] Trial 2 finished with value: 9.28620433807373 and parameters: {'gradient_clip_val': 0.3812820430661005, 'hidden_size': 21, 'dropout': 0.16204006660149295, 'hidden_continuous_size': 13, 'attention_head_size': 1, 'learning_rate': 0.004476173046452561}. Best is trial 1 with value: 7.095048427581787.
LOCAL_RANK: 0 - CUDA_VISIBLE_DEVICES: [0]
[I 2023-12-15 16:16:24,694] Trial 3 finished with value: 14.037642478942871 and parameters: {'gradient_clip_val': 0.10100038191598204, 'hidden_size': 21, 'dropout': 0.30747378519179414, 'hidden_continuous_size': 11, 'attention_head_size': 2, 'learning_rate': 0.003942909268085194}. Best is trial 1 with value: 7.095048427581787.
LOCAL_RANK: 0 - CUDA_VISIBLE_DEVICES: [0]
[I 2023-12-15 16:17:17,178] Trial 4 finished with value: 10.79808521270752 and parameters: {'gradient_clip_val': 0.30902823027696896, 'hidden_size': 89, 'dropout': 0.283649916978344, 'hidden_continuous_size': 7, 'attention_head_size': 1, 'learning_rate': 0.08237493951750378}. Best is trial 1 with value: 7.095048427581787.
LOCAL_RANK: 0 - CUDA_VISIBLE_DEVICES: [0]
[I 2023-12-15 16:18:05,684] Trial 5 finished with value: 18.034833908081055 and parameters: {'gradient_clip_val': 0.720998715345251, 'hidden_size': 29, 'dropout': 0.10891288461781604, 'hidden_continuous_size': 7, 'attention_head_size': 2, 'learning_rate': 0.016287012450694895}. Best is trial 1 with value: 7.095048427581787.
LOCAL_RANK: 0 - CUDA_VISIBLE_DEVICES: [0]
[I 2023-12-15 16:18:39,495] Trial 6 finished with value: 8.649287223815918 and parameters: {'gradient_clip_val': 0.18234900221851724, 'hidden_size': 5, 'dropout': 0.14232126280373483, 'hidden_continuous_size': 5, 'attention_head_size': 1, 'learning_rate': 0.05844809230136157}. Best is trial 1 with value: 7.095048427581787.
LOCAL_RANK: 0 - CUDA_VISIBLE_DEVICES: [0]
[I 2023-12-15 16:19:12,991] Trial 7 finished with value: 10.40731143951416 and parameters: {'gradient_clip_val': 0.48337693006833315, 'hidden_size': 5, 'dropout': 0.3317531546228646, 'hidden_continuous_size': 5, 'attention_head_size': 1, 'learning_rate': 0.004977455541616516}. Best is trial 1 with value: 7.095048427581787.
LOCAL_RANK: 0 - CUDA_VISIBLE_DEVICES: [0]
[I 2023-12-15 16:20:07,709] Trial 8 finished with value: 11.701419830322266 and parameters: {'gradient_clip_val': 0.4085650663773606, 'hidden_size': 77, 'dropout': 0.36331036171779474, 'hidden_continuous_size': 35, 'attention_head_size': 3, 'learning_rate': 0.02551226320541439}. Best is trial 1 with value: 7.095048427581787.
LOCAL_RANK: 0 - CUDA_VISIBLE_DEVICES: [0]
[I 2023-12-15 16:20:42,515] Trial 9 finished with value: 40.25543212890625 and parameters: {'gradient_clip_val': 0.20484711149410298, 'hidden_size': 5, 'dropout': 0.20000412390162986, 'hidden_continuous_size': 5, 'attention_head_size': 4, 'learning_rate': 0.0008122182701276446}. Best is trial 1 with value: 7.095048427581787.
LOCAL_RANK: 0 - CUDA_VISIBLE_DEVICES: [0]
[I 2023-12-15 16:21:28,337] Trial 10 finished with value: 14.413716316223145 and parameters: {'gradient_clip_val': 0.9467064024330772, 'hidden_size': 10, 'dropout': 0.23662338797544213, 'hidden_continuous_size': 5, 'attention_head_size': 4, 'learning_rate': 0.013636152704698225}. Best is trial 1 with value: 7.095048427581787.
LOCAL_RANK: 0 - CUDA_VISIBLE_DEVICES: [0]
[I 2023-12-15 16:22:13,659] Trial 11 finished with value: 21.03762435913086 and parameters: {'gradient_clip_val': 0.9651202520595393, 'hidden_size': 11, 'dropout': 0.11277035366385835, 'hidden_continuous_size': 5, 'attention_head_size': 3, 'learning_rate': 0.07462452730095451}. Best is trial 1 with value: 7.095048427581787.
LOCAL_RANK: 0 - CUDA_VISIBLE_DEVICES: [0]
[I 2023-12-15 16:22:58,976] Trial 12 finished with value: 15.345301628112793 and parameters: {'gradient_clip_val': 0.23246990438929008, 'hidden_size': 13, 'dropout': 0.15823641318860235, 'hidden_continuous_size': 6, 'attention_head_size': 2, 'learning_rate': 0.043325139321718935}. Best is trial 1 with value: 7.095048427581787.
LOCAL_RANK: 0 - CUDA_VISIBLE_DEVICES: [0]
[I 2023-12-15 16:23:50,512] Trial 13 finished with value: 7.7698187828063965 and parameters: {'gradient_clip_val': 0.1826350833921045, 'hidden_size': 44, 'dropout': 0.10024126719344689, 'hidden_continuous_size': 9, 'attention_head_size': 4, 'learning_rate': 0.03627402075866554}. Best is trial 1 with value: 7.095048427581787.
LOCAL_RANK: 0 - CUDA_VISIBLE_DEVICES: [0]
[I 2023-12-15 16:24:42,341] Trial 14 finished with value: 13.912137031555176 and parameters: {'gradient_clip_val': 0.5870004621897507, 'hidden_size': 44, 'dropout': 0.10368050916047872, 'hidden_continuous_size': 9, 'attention_head_size': 4, 'learning_rate': 0.02871025933763637}. Best is trial 1 with value: 7.095048427581787.
LOCAL_RANK: 0 - CUDA_VISIBLE_DEVICES: [0]
[I 2023-12-15 16:25:35,558] Trial 15 finished with value: 14.222996711730957 and parameters: {'gradient_clip_val': 0.2890471411628494, 'hidden_size': 42, 'dropout': 0.19351435519785806, 'hidden_continuous_size': 18, 'attention_head_size': 4, 'learning_rate': 0.011713054677349207}. Best is trial 1 with value: 7.095048427581787.
LOCAL_RANK: 0 - CUDA_VISIBLE_DEVICES: [0]
[I 2023-12-15 16:26:20,839] Trial 16 finished with value: 9.850703239440918 and parameters: {'gradient_clip_val': 0.16953569606151955, 'hidden_size': 16, 'dropout': 0.13867672274145348, 'hidden_continuous_size': 8, 'attention_head_size': 3, 'learning_rate': 0.03859037999858662}. Best is trial 1 with value: 7.095048427581787.
LOCAL_RANK: 0 - CUDA_VISIBLE_DEVICES: [0]
[I 2023-12-15 16:27:09,762] Trial 17 finished with value: 10.483460426330566 and parameters: {'gradient_clip_val': 0.4818199653775962, 'hidden_size': 32, 'dropout': 0.10004089227222616, 'hidden_continuous_size': 10, 'attention_head_size': 4, 'learning_rate': 0.008547200967366742}. Best is trial 1 with value: 7.095048427581787.
LOCAL_RANK: 0 - CUDA_VISIBLE_DEVICES: [0]
[I 2023-12-15 16:28:03,662] Trial 18 finished with value: 7.735179424285889 and parameters: {'gradient_clip_val': 0.13739897109029287, 'hidden_size': 62, 'dropout': 0.1877258744565717, 'hidden_continuous_size': 14, 'attention_head_size': 4, 'learning_rate': 0.0964878792185247}. Best is trial 1 with value: 7.095048427581787.
LOCAL_RANK: 0 - CUDA_VISIBLE_DEVICES: [0]
[I 2023-12-15 16:28:57,192] Trial 19 finished with value: 8.185575485229492 and parameters: {'gradient_clip_val': 0.12261170022134657, 'hidden_size': 63, 'dropout': 0.20458841956377688, 'hidden_continuous_size': 18, 'attention_head_size': 3, 'learning_rate': 0.07512476662264632}. Best is trial 1 with value: 7.095048427581787.
LOCAL_RANK: 0 - CUDA_VISIBLE_DEVICES: [0]
[I 2023-12-15 16:29:50,431] Trial 20 finished with value: 10.978462219238281 and parameters: {'gradient_clip_val': 0.12867217958517319, 'hidden_size': 60, 'dropout': 0.2444787890452666, 'hidden_continuous_size': 24, 'attention_head_size': 4, 'learning_rate': 0.01942112960738774}. Best is trial 1 with value: 7.095048427581787.
LOCAL_RANK: 0 - CUDA_VISIBLE_DEVICES: [0]
[I 2023-12-15 16:30:45,665] Trial 21 finished with value: 19.58594512939453 and parameters: {'gradient_clip_val': 0.2590565530126045, 'hidden_size': 99, 'dropout': 0.13462574865085067, 'hidden_continuous_size': 13, 'attention_head_size': 4, 'learning_rate': 0.042562775885649384}. Best is trial 1 with value: 7.095048427581787.
LOCAL_RANK: 0 - CUDA_VISIBLE_DEVICES: [0]
[I 2023-12-15 16:31:38,935] Trial 22 finished with value: 13.13904094696045 and parameters: {'gradient_clip_val': 0.15876144480485438, 'hidden_size': 50, 'dropout': 0.17158586868533407, 'hidden_continuous_size': 9, 'attention_head_size': 4, 'learning_rate': 0.09967331976958566}. Best is trial 1 with value: 7.095048427581787.
LOCAL_RANK: 0 - CUDA_VISIBLE_DEVICES: [0]
[I 2023-12-15 16:32:28,556] Trial 23 finished with value: 10.66268539428711 and parameters: {'gradient_clip_val': 0.2233896518160668, 'hidden_size': 36, 'dropout': 0.12455866592858125, 'hidden_continuous_size': 11, 'attention_head_size': 3, 'learning_rate': 0.05294884347244563}. Best is trial 1 with value: 7.095048427581787.
LOCAL_RANK: 0 - CUDA_VISIBLE_DEVICES: [0]
[I 2023-12-15 16:33:18,230] Trial 24 finished with value: 11.698458671569824 and parameters: {'gradient_clip_val': 0.14409892933729326, 'hidden_size': 29, 'dropout': 0.13722780318569103, 'hidden_continuous_size': 13, 'attention_head_size': 4, 'learning_rate': 0.0259266832486011}. Best is trial 1 with value: 7.095048427581787.
LOCAL_RANK: 0 - CUDA_VISIBLE_DEVICES: [0]
[I 2023-12-15 16:34:11,987] Trial 25 finished with value: 11.666186332702637 and parameters: {'gradient_clip_val': 0.1972339096603526, 'hidden_size': 62, 'dropout': 0.17062854003362793, 'hidden_continuous_size': 8, 'attention_head_size': 4, 'learning_rate': 0.09847354704052945}. Best is trial 1 with value: 7.095048427581787.
LOCAL_RANK: 0 - CUDA_VISIBLE_DEVICES: [0]
[I 2023-12-15 16:34:59,841] Trial 26 finished with value: 31.60465431213379 and parameters: {'gradient_clip_val': 0.2557553101008789, 'hidden_size': 28, 'dropout': 0.11868683506877314, 'hidden_continuous_size': 6, 'attention_head_size': 3, 'learning_rate': 0.03680221350808799}. Best is trial 1 with value: 7.095048427581787.
LOCAL_RANK: 0 - CUDA_VISIBLE_DEVICES: [0]
[I 2023-12-15 16:35:51,967] Trial 27 finished with value: 5.462701320648193 and parameters: {'gradient_clip_val': 0.1752096546162432, 'hidden_size': 48, 'dropout': 0.1487798898266908, 'hidden_continuous_size': 15, 'attention_head_size': 4, 'learning_rate': 0.023026389702026705}. Best is trial 27 with value: 5.462701320648193.
LOCAL_RANK: 0 - CUDA_VISIBLE_DEVICES: [0]
[I 2023-12-15 16:36:47,584] Trial 28 finished with value: 11.050930976867676 and parameters: {'gradient_clip_val': 0.1532204924943346, 'hidden_size': 75, 'dropout': 0.1852202002907582, 'hidden_continuous_size': 53, 'attention_head_size': 3, 'learning_rate': 0.01964736081869083}. Best is trial 27 with value: 5.462701320648193.
LOCAL_RANK: 0 - CUDA_VISIBLE_DEVICES: [0]
[I 2023-12-15 16:37:39,782] Trial 29 finished with value: 15.577467918395996 and parameters: {'gradient_clip_val': 0.3249597435016302, 'hidden_size': 37, 'dropout': 0.20492671565582796, 'hidden_continuous_size': 15, 'attention_head_size': 4, 'learning_rate': 0.008965648242648172}. Best is trial 27 with value: 5.462701320648193.
LOCAL_RANK: 0 - CUDA_VISIBLE_DEVICES: [0]
[I 2023-12-15 16:38:28,954] Trial 30 finished with value: 20.150062561035156 and parameters: {'gradient_clip_val': 0.1111222201907696, 'hidden_size': 25, 'dropout': 0.22372298550634437, 'hidden_continuous_size': 12, 'attention_head_size': 3, 'learning_rate': 0.006520513522147627}. Best is trial 27 with value: 5.462701320648193.
LOCAL_RANK: 0 - CUDA_VISIBLE_DEVICES: [0]
[I 2023-12-15 16:39:22,551] Trial 31 finished with value: 15.6243314743042 and parameters: {'gradient_clip_val': 0.17461750866088355, 'hidden_size': 51, 'dropout': 0.15322457982477286, 'hidden_continuous_size': 16, 'attention_head_size': 4, 'learning_rate': 0.06492216863994922}. Best is trial 27 with value: 5.462701320648193.
LOCAL_RANK: 0 - CUDA_VISIBLE_DEVICES: [0]
[I 2023-12-15 16:40:15,008] Trial 32 finished with value: 8.2103853225708 and parameters: {'gradient_clip_val': 0.14295823678619607, 'hidden_size': 43, 'dropout': 0.1280302458915588, 'hidden_continuous_size': 10, 'attention_head_size': 4, 'learning_rate': 0.05386482600966805}. Best is trial 27 with value: 5.462701320648193.
LOCAL_RANK: 0 - CUDA_VISIBLE_DEVICES: [0]
[I 2023-12-15 16:41:08,073] Trial 33 finished with value: 7.554223537445068 and parameters: {'gradient_clip_val': 0.20171098647964655, 'hidden_size': 52, 'dropout': 0.14957165080404256, 'hidden_continuous_size': 14, 'attention_head_size': 4, 'learning_rate': 0.031688099404477615}. Best is trial 27 with value: 5.462701320648193.
LOCAL_RANK: 0 - CUDA_VISIBLE_DEVICES: [0]
[I 2023-12-15 16:41:57,756] Trial 34 finished with value: 40.357574462890625 and parameters: {'gradient_clip_val': 0.20686996908113867, 'hidden_size': 23, 'dropout': 0.15650518337118444, 'hidden_continuous_size': 12, 'attention_head_size': 4, 'learning_rate': 0.0275471157069707}. Best is trial 27 with value: 5.462701320648193.
LOCAL_RANK: 0 - CUDA_VISIBLE_DEVICES: [0]
[I 2023-12-15 16:42:46,900] Trial 35 finished with value: 7.355139255523682 and parameters: {'gradient_clip_val': 0.1327892063380386, 'hidden_size': 21, 'dropout': 0.17808660915197863, 'hidden_continuous_size': 11, 'attention_head_size': 4, 'learning_rate': 0.015904602215134758}. Best is trial 27 with value: 5.462701320648193.
LOCAL_RANK: 0 - CUDA_VISIBLE_DEVICES: [0]
[I 2023-12-15 16:43:35,121] Trial 36 finished with value: 11.590568542480469 and parameters: {'gradient_clip_val': 0.10291657792223345, 'hidden_size': 19, 'dropout': 0.1491922487535382, 'hidden_continuous_size': 11, 'attention_head_size': 2, 'learning_rate': 0.012906955101887137}. Best is trial 27 with value: 5.462701320648193.
LOCAL_RANK: 0 - CUDA_VISIBLE_DEVICES: [0]
[I 2023-12-15 16:44:23,150] Trial 37 finished with value: 42.76255798339844 and parameters: {'gradient_clip_val': 0.15527936154761607, 'hidden_size': 19, 'dropout': 0.17623226818415325, 'hidden_continuous_size': 10, 'attention_head_size': 3, 'learning_rate': 0.017751138440426795}. Best is trial 27 with value: 5.462701320648193.
LOCAL_RANK: 0 - CUDA_VISIBLE_DEVICES: [0]
[I 2023-12-15 16:45:12,580] Trial 38 finished with value: 6.686527252197266 and parameters: {'gradient_clip_val': 0.12033934458712912, 'hidden_size': 25, 'dropout': 0.12213044058255837, 'hidden_continuous_size': 12, 'attention_head_size': 4, 'learning_rate': 0.01520266726222938}. Best is trial 27 with value: 5.462701320648193.
LOCAL_RANK: 0 - CUDA_VISIBLE_DEVICES: [0]
[I 2023-12-15 16:46:02,379] Trial 39 finished with value: 14.081561088562012 and parameters: {'gradient_clip_val': 0.10032107393476965, 'hidden_size': 26, 'dropout': 0.12072479939655513, 'hidden_continuous_size': 12, 'attention_head_size': 4, 'learning_rate': 0.010624082663693473}. Best is trial 27 with value: 5.462701320648193.
LOCAL_RANK: 0 - CUDA_VISIBLE_DEVICES: [0]
[I 2023-12-15 16:46:50,127] Trial 40 finished with value: 7.113824367523193 and parameters: {'gradient_clip_val': 0.12326591772327473, 'hidden_size': 22, 'dropout': 0.1280248283179507, 'hidden_continuous_size': 7, 'attention_head_size': 1, 'learning_rate': 0.006508393172334964}. Best is trial 27 with value: 5.462701320648193.
LOCAL_RANK: 0 - CUDA_VISIBLE_DEVICES: [0]
[I 2023-12-15 16:47:35,855] Trial 41 finished with value: 10.890000343322754 and parameters: {'gradient_clip_val': 0.11906640449891455, 'hidden_size': 17, 'dropout': 0.12357263323732126, 'hidden_continuous_size': 7, 'attention_head_size': 1, 'learning_rate': 0.006981274361311012}. Best is trial 27 with value: 5.462701320648193.
LOCAL_RANK: 0 - CUDA_VISIBLE_DEVICES: [0]
[I 2023-12-15 16:48:23,294] Trial 42 finished with value: 11.561386108398438 and parameters: {'gradient_clip_val': 0.1295821580565005, 'hidden_size': 22, 'dropout': 0.13640465915141872, 'hidden_continuous_size': 6, 'attention_head_size': 1, 'learning_rate': 0.015007254025037445}. Best is trial 27 with value: 5.462701320648193.
LOCAL_RANK: 0 - CUDA_VISIBLE_DEVICES: [0]
[I 2023-12-15 16:49:10,910] Trial 43 finished with value: 7.0827555656433105 and parameters: {'gradient_clip_val': 0.11615765334708444, 'hidden_size': 21, 'dropout': 0.16547268091885586, 'hidden_continuous_size': 6, 'attention_head_size': 2, 'learning_rate': 0.005641167857348614}. Best is trial 27 with value: 5.462701320648193.
LOCAL_RANK: 0 - CUDA_VISIBLE_DEVICES: [0]
[I 2023-12-15 16:49:59,471] Trial 44 finished with value: 9.13532543182373 and parameters: {'gradient_clip_val': 0.11213115494366378, 'hidden_size': 31, 'dropout': 0.1121117989866762, 'hidden_continuous_size': 5, 'attention_head_size': 2, 'learning_rate': 0.003914493486702067}. Best is trial 27 with value: 5.462701320648193.
LOCAL_RANK: 0 - CUDA_VISIBLE_DEVICES: [0]
[I 2023-12-15 16:50:47,438] Trial 45 finished with value: 12.862068176269531 and parameters: {'gradient_clip_val': 0.11071705604467262, 'hidden_size': 25, 'dropout': 0.16169229865390033, 'hidden_continuous_size': 6, 'attention_head_size': 1, 'learning_rate': 0.004038415712161773}. Best is trial 27 with value: 5.462701320648193.
LOCAL_RANK: 0 - CUDA_VISIBLE_DEVICES: [0]
[I 2023-12-15 16:51:32,800] Trial 46 finished with value: 8.718685150146484 and parameters: {'gradient_clip_val': 0.12173529469689462, 'hidden_size': 15, 'dropout': 0.14625866144393487, 'hidden_continuous_size': 7, 'attention_head_size': 2, 'learning_rate': 0.005228806340172062}. Best is trial 27 with value: 5.462701320648193.
LOCAL_RANK: 0 - CUDA_VISIBLE_DEVICES: [0]
[I 2023-12-15 16:52:19,200] Trial 47 finished with value: 11.328869819641113 and parameters: {'gradient_clip_val': 0.7600465843195812, 'hidden_size': 19, 'dropout': 0.11400206163312343, 'hidden_continuous_size': 6, 'attention_head_size': 1, 'learning_rate': 0.0032915132250550903}. Best is trial 27 with value: 5.462701320648193.
LOCAL_RANK: 0 - CUDA_VISIBLE_DEVICES: [0]
[I 2023-12-15 16:53:05,106] Trial 48 finished with value: 8.821388244628906 and parameters: {'gradient_clip_val': 0.1487745505520717, 'hidden_size': 14, 'dropout': 0.16227398695312098, 'hidden_continuous_size': 7, 'attention_head_size': 2, 'learning_rate': 0.010178377234702421}. Best is trial 27 with value: 5.462701320648193.
LOCAL_RANK: 0 - CUDA_VISIBLE_DEVICES: [0]
[I 2023-12-15 16:53:49,117] Trial 49 finished with value: 9.751757621765137 and parameters: {'gradient_clip_val': 0.1616721378396331, 'hidden_size': 12, 'dropout': 0.13254126257105658, 'hidden_continuous_size': 6, 'attention_head_size': 2, 'learning_rate': 0.008073441415468442}. Best is trial 27 with value: 5.462701320648193.
[I 2023-12-15 16:53:49,211] A new study created in memory with name: no-name-00123649-e743-45fc-acc2-bd2b07429a63
/home/le004/conda/anaconda3/envs/tsff_env/lib/python3.9/site-packages/lightning/fabric/plugins/environments/slurm.py:191: The `srun` command is available on your system but is not used. HINT: If your intention is to run Lightning on SLURM, prepend your python command with `srun` like so: srun python /home/le004/master_thesis/git/TSFusionForecast/code/ ...
LOCAL_RANK: 0 - CUDA_VISIBLE_DEVICES: [0]
[I 2023-12-15 16:54:42,616] Trial 0 finished with value: 29.680505752563477 and parameters: {'gradient_clip_val': 0.3073905170011914, 'hidden_size': 94, 'dropout': 0.3836901613111733, 'hidden_continuous_size': 14, 'attention_head_size': 1, 'learning_rate': 0.0593768016665436}. Best is trial 0 with value: 29.680505752563477.
LOCAL_RANK: 0 - CUDA_VISIBLE_DEVICES: [0]
[I 2023-12-15 16:55:35,568] Trial 1 finished with value: 26.979385375976562 and parameters: {'gradient_clip_val': 0.1322365274595612, 'hidden_size': 54, 'dropout': 0.2589737254465281, 'hidden_continuous_size': 28, 'attention_head_size': 2, 'learning_rate': 0.005206787605147122}. Best is trial 1 with value: 26.979385375976562.
LOCAL_RANK: 0 - CUDA_VISIBLE_DEVICES: [0]
[I 2023-12-15 16:56:22,119] Trial 2 finished with value: 25.964431762695312 and parameters: {'gradient_clip_val': 0.6892797430145147, 'hidden_size': 15, 'dropout': 0.29139925261456007, 'hidden_continuous_size': 8, 'attention_head_size': 4, 'learning_rate': 0.0014392017238931173}. Best is trial 2 with value: 25.964431762695312.
LOCAL_RANK: 0 - CUDA_VISIBLE_DEVICES: [0]
[I 2023-12-15 16:57:07,148] Trial 3 finished with value: 28.216867446899414 and parameters: {'gradient_clip_val': 0.41890670247666845, 'hidden_size': 13, 'dropout': 0.31845256831225444, 'hidden_continuous_size': 5, 'attention_head_size': 2, 'learning_rate': 0.05210574555918839}. Best is trial 2 with value: 25.964431762695312.
LOCAL_RANK: 0 - CUDA_VISIBLE_DEVICES: [0]
[I 2023-12-15 16:57:55,167] Trial 4 finished with value: 23.585922241210938 and parameters: {'gradient_clip_val': 0.6188363572177698, 'hidden_size': 24, 'dropout': 0.12726878926032506, 'hidden_continuous_size': 20, 'attention_head_size': 3, 'learning_rate': 0.0369573262510583}. Best is trial 4 with value: 23.585922241210938.
LOCAL_RANK: 0 - CUDA_VISIBLE_DEVICES: [0]
[I 2023-12-15 16:58:29,295] Trial 5 finished with value: 25.0509033203125 and parameters: {'gradient_clip_val': 0.6886113633523903, 'hidden_size': 7, 'dropout': 0.396717217877397, 'hidden_continuous_size': 7, 'attention_head_size': 2, 'learning_rate': 0.018663849860613025}. Best is trial 4 with value: 23.585922241210938.
LOCAL_RANK: 0 - CUDA_VISIBLE_DEVICES: [0]
[I 2023-12-15 16:59:02,943] Trial 6 finished with value: 25.769887924194336 and parameters: {'gradient_clip_val': 0.5083043055556379, 'hidden_size': 5, 'dropout': 0.261275727084979, 'hidden_continuous_size': 5, 'attention_head_size': 2, 'learning_rate': 0.05705111363977053}. Best is trial 4 with value: 23.585922241210938.
LOCAL_RANK: 0 - CUDA_VISIBLE_DEVICES: [0]
[I 2023-12-15 16:59:56,795] Trial 7 finished with value: 22.243507385253906 and parameters: {'gradient_clip_val': 0.9512160125680135, 'hidden_size': 75, 'dropout': 0.10989191971883211, 'hidden_continuous_size': 13, 'attention_head_size': 4, 'learning_rate': 0.01586173633449086}. Best is trial 7 with value: 22.243507385253906.
LOCAL_RANK: 0 - CUDA_VISIBLE_DEVICES: [0]
[I 2023-12-15 17:00:45,421] Trial 8 finished with value: 21.11793327331543 and parameters: {'gradient_clip_val': 0.26762863467027814, 'hidden_size': 23, 'dropout': 0.28572056796718903, 'hidden_continuous_size': 11, 'attention_head_size': 2, 'learning_rate': 0.01033067077080878}. Best is trial 8 with value: 21.11793327331543.
LOCAL_RANK: 0 - CUDA_VISIBLE_DEVICES: [0]
