[I 2023-12-26 17:16:46,343] Trial 33 finished with value: 49.32975387573242 and parameters: {'gradient_clip_val': 0.1598970590459014, 'hidden_size': 45, 'dropout': 0.34801814196519093, 'hidden_continuous_size': 34, 'attention_head_size': 1, 'learning_rate': 0.0012106797739396139}. Best is trial 0 with value: 23.618568420410156.
[I 2023-12-26 17:16:49,171] Trial 34 finished with value: 58.398590087890625 and parameters: {'gradient_clip_val': 0.17469390645216093, 'hidden_size': 42, 'dropout': 0.35268034806099013, 'hidden_continuous_size': 24, 'attention_head_size': 2, 'learning_rate': 0.0015277683063181886}. Best is trial 0 with value: 23.618568420410156.
[I 2023-12-26 17:16:52,341] Trial 35 finished with value: 62.56669616699219 and parameters: {'gradient_clip_val': 0.2090929747472383, 'hidden_size': 47, 'dropout': 0.2899912202337674, 'hidden_continuous_size': 33, 'attention_head_size': 4, 'learning_rate': 0.0011800349919027554}. Best is trial 0 with value: 23.618568420410156.
[I 2023-12-26 17:16:54,945] Trial 36 finished with value: 68.6623306274414 and parameters: {'gradient_clip_val': 0.1236936887918596, 'hidden_size': 33, 'dropout': 0.15596861997041636, 'hidden_continuous_size': 23, 'attention_head_size': 2, 'learning_rate': 0.002700200826981822}. Best is trial 0 with value: 23.618568420410156.
[I 2023-12-26 17:16:57,344] Trial 37 finished with value: 67.88086700439453 and parameters: {'gradient_clip_val': 0.1603652728877449, 'hidden_size': 26, 'dropout': 0.19903823446886745, 'hidden_continuous_size': 21, 'attention_head_size': 1, 'learning_rate': 0.001893134517769128}. Best is trial 0 with value: 23.618568420410156.
[I 2023-12-26 17:17:00,975] Trial 38 finished with value: 70.08759307861328 and parameters: {'gradient_clip_val': 0.3138810600627695, 'hidden_size': 59, 'dropout': 0.38795187812326826, 'hidden_continuous_size': 27, 'attention_head_size': 4, 'learning_rate': 0.0010189464293963455}. Best is trial 0 with value: 23.618568420410156.
[I 2023-12-26 17:17:06,546] Trial 39 finished with value: 65.53253936767578 and parameters: {'gradient_clip_val': 0.23079125909876205, 'hidden_size': 93, 'dropout': 0.12276557345505684, 'hidden_continuous_size': 18, 'attention_head_size': 3, 'learning_rate': 0.00872394595456799}. Best is trial 0 with value: 23.618568420410156.
[I 2023-12-26 17:17:08,342] Trial 40 finished with value: 60.21270751953125 and parameters: {'gradient_clip_val': 0.18851427436330645, 'hidden_size': 5, 'dropout': 0.1646427174277305, 'hidden_continuous_size': 5, 'attention_head_size': 2, 'learning_rate': 0.0006077929232728861}. Best is trial 0 with value: 23.618568420410156.
[I 2023-12-26 17:17:12,698] Trial 41 finished with value: 56.57398986816406 and parameters: {'gradient_clip_val': 0.1293063306647851, 'hidden_size': 73, 'dropout': 0.31155818952121217, 'hidden_continuous_size': 46, 'attention_head_size': 1, 'learning_rate': 0.0007702572368303523}. Best is trial 0 with value: 23.618568420410156.
[I 2023-12-26 17:17:16,108] Trial 42 finished with value: 60.090999603271484 and parameters: {'gradient_clip_val': 0.15743351960258167, 'hidden_size': 57, 'dropout': 0.2755477787165319, 'hidden_continuous_size': 35, 'attention_head_size': 1, 'learning_rate': 0.0013225723046730524}. Best is trial 0 with value: 23.618568420410156.
[I 2023-12-26 17:17:20,498] Trial 43 finished with value: 58.8303108215332 and parameters: {'gradient_clip_val': 0.10578143903344202, 'hidden_size': 70, 'dropout': 0.2973885355403406, 'hidden_continuous_size': 44, 'attention_head_size': 1, 'learning_rate': 0.0006325066965204949}. Best is trial 0 with value: 23.618568420410156.
[I 2023-12-26 17:17:27,259] Trial 44 finished with value: 61.0607795715332 and parameters: {'gradient_clip_val': 0.12755950025465246, 'hidden_size': 106, 'dropout': 0.3387329550670202, 'hidden_continuous_size': 66, 'attention_head_size': 1, 'learning_rate': 0.0005147540603121467}. Best is trial 0 with value: 23.618568420410156.
[I 2023-12-26 17:17:32,016] Trial 45 finished with value: 63.317569732666016 and parameters: {'gradient_clip_val': 0.13689702856169528, 'hidden_size': 80, 'dropout': 0.10192942909390104, 'hidden_continuous_size': 57, 'attention_head_size': 2, 'learning_rate': 0.0009834720257316737}. Best is trial 0 with value: 23.618568420410156.
[I 2023-12-26 17:17:34,776] Trial 46 finished with value: 62.754058837890625 and parameters: {'gradient_clip_val': 0.15310161705247605, 'hidden_size': 37, 'dropout': 0.32033828815535087, 'hidden_continuous_size': 31, 'attention_head_size': 3, 'learning_rate': 0.0008303317558188563}. Best is trial 0 with value: 23.618568420410156.
[I 2023-12-26 17:17:37,724] Trial 47 finished with value: 49.32155227661133 and parameters: {'gradient_clip_val': 0.17278596833872203, 'hidden_size': 48, 'dropout': 0.374433312177301, 'hidden_continuous_size': 37, 'attention_head_size': 1, 'learning_rate': 0.0019757252733060005}. Best is trial 0 with value: 23.618568420410156.
[I 2023-12-26 17:17:40,896] Trial 48 finished with value: 66.01446533203125 and parameters: {'gradient_clip_val': 0.17147510383651868, 'hidden_size': 47, 'dropout': 0.43334509103649316, 'hidden_continuous_size': 37, 'attention_head_size': 3, 'learning_rate': 0.0022150987793576418}. Best is trial 0 with value: 23.618568420410156.
[I 2023-12-26 17:17:43,434] Trial 49 finished with value: 48.44291687011719 and parameters: {'gradient_clip_val': 0.11584287954805896, 'hidden_size': 29, 'dropout': 0.18168171385537418, 'hidden_continuous_size': 26, 'attention_head_size': 2, 'learning_rate': 0.0032025339563485486}. Best is trial 0 with value: 23.618568420410156.
[I 2023-12-26 17:17:43,554] A new study created in memory with name: no-name-ff47cb27-31c3-4da4-bc35-090b1b7307d4
/home/le004/conda/anaconda3/envs/tsff_env/lib/python3.9/site-packages/lightning/fabric/plugins/environments/slurm.py:191: The `srun` command is available on your system but is not used. HINT: If your intention is to run Lightning on SLURM, prepend your python command with `srun` like so: srun python /home/le004/master_thesis/git/TSFusionForecast/code/ ...
[I 2023-12-26 17:20:46,867] Trial 0 finished with value: 13.55854320526123 and parameters: {'gradient_clip_val': 0.18296641312338244, 'hidden_size': 9, 'dropout': 0.3318097646131839, 'hidden_continuous_size': 5, 'attention_head_size': 1, 'learning_rate': 0.003030615867743014}. Best is trial 0 with value: 13.55854320526123.
[I 2023-12-26 17:20:51,358] Trial 1 finished with value: 62.133731842041016 and parameters: {'gradient_clip_val': 0.3751355678357424, 'hidden_size': 69, 'dropout': 0.11043401344917246, 'hidden_continuous_size': 12, 'attention_head_size': 1, 'learning_rate': 0.0009103030346805139}. Best is trial 0 with value: 13.55854320526123.
[I 2023-12-26 17:20:53,331] Trial 2 finished with value: 70.40066528320312 and parameters: {'gradient_clip_val': 0.16421852405751924, 'hidden_size': 7, 'dropout': 0.385941946965385, 'hidden_continuous_size': 5, 'attention_head_size': 3, 'learning_rate': 0.0005977250401812869}. Best is trial 0 with value: 13.55854320526123.
[I 2023-12-26 17:20:55,475] Trial 3 finished with value: 75.59269714355469 and parameters: {'gradient_clip_val': 0.3060197423304026, 'hidden_size': 17, 'dropout': 0.41333887603991204, 'hidden_continuous_size': 16, 'attention_head_size': 1, 'learning_rate': 0.0007680344439908014}. Best is trial 0 with value: 13.55854320526123.
[I 2023-12-26 17:20:57,455] Trial 4 finished with value: 61.51984786987305 and parameters: {'gradient_clip_val': 0.10408393033896847, 'hidden_size': 8, 'dropout': 0.20303391701522866, 'hidden_continuous_size': 6, 'attention_head_size': 4, 'learning_rate': 0.09447819630680188}. Best is trial 0 with value: 13.55854320526123.
[I 2023-12-26 17:21:07,970] Trial 5 finished with value: 61.340213775634766 and parameters: {'gradient_clip_val': 0.3426129046289704, 'hidden_size': 149, 'dropout': 0.37307630249293844, 'hidden_continuous_size': 89, 'attention_head_size': 1, 'learning_rate': 0.01496806139791824}. Best is trial 0 with value: 13.55854320526123.
[I 2023-12-26 17:21:10,301] Trial 6 finished with value: 103.07691192626953 and parameters: {'gradient_clip_val': 0.18700665547856685, 'hidden_size': 11, 'dropout': 0.2729687502662339, 'hidden_continuous_size': 5, 'attention_head_size': 4, 'learning_rate': 0.0009605192145683633}. Best is trial 0 with value: 13.55854320526123.
[I 2023-12-26 17:21:18,590] Trial 7 finished with value: 56.92544937133789 and parameters: {'gradient_clip_val': 0.2771531876715818, 'hidden_size': 123, 'dropout': 0.12254608443677517, 'hidden_continuous_size': 33, 'attention_head_size': 1, 'learning_rate': 0.006598259937284723}. Best is trial 0 with value: 13.55854320526123.
[I 2023-12-26 17:21:20,744] Trial 8 finished with value: 72.62598419189453 and parameters: {'gradient_clip_val': 0.5177101471332239, 'hidden_size': 13, 'dropout': 0.35662956205368845, 'hidden_continuous_size': 12, 'attention_head_size': 1, 'learning_rate': 0.009625514433027933}. Best is trial 0 with value: 13.55854320526123.
[I 2023-12-26 17:21:22,712] Trial 9 finished with value: 41.52125930786133 and parameters: {'gradient_clip_val': 0.43268964921133785, 'hidden_size': 6, 'dropout': 0.13162757587998516, 'hidden_continuous_size': 5, 'attention_head_size': 3, 'learning_rate': 0.019249163661222056}. Best is trial 0 with value: 13.55854320526123.
[I 2023-12-26 17:21:25,281] Trial 10 finished with value: 62.66014099121094 and parameters: {'gradient_clip_val': 0.7185238049134159, 'hidden_size': 28, 'dropout': 0.47286160360914714, 'hidden_continuous_size': 7, 'attention_head_size': 2, 'learning_rate': 0.0029833721254280575}. Best is trial 0 with value: 13.55854320526123.
[I 2023-12-26 17:21:27,121] Trial 11 finished with value: 65.126708984375 and parameters: {'gradient_clip_val': 0.9929967411738905, 'hidden_size': 5, 'dropout': 0.27467347903147615, 'hidden_continuous_size': 5, 'attention_head_size': 3, 'learning_rate': 0.027498960504643618}. Best is trial 0 with value: 13.55854320526123.
[I 2023-12-26 17:21:29,109] Trial 12 finished with value: 72.94293975830078 and parameters: {'gradient_clip_val': 0.45412722726636734, 'hidden_size': 6, 'dropout': 0.2006157617488348, 'hidden_continuous_size': 5, 'attention_head_size': 2, 'learning_rate': 0.0038109555653904788}. Best is trial 0 with value: 13.55854320526123.
[I 2023-12-26 17:21:30,938] Trial 13 finished with value: 72.45968627929688 and parameters: {'gradient_clip_val': 0.22578264728553066, 'hidden_size': 5, 'dropout': 0.31361071861440554, 'hidden_continuous_size': 5, 'attention_head_size': 3, 'learning_rate': 0.002657118534590015}. Best is trial 0 with value: 13.55854320526123.
[I 2023-12-26 17:21:32,975] Trial 14 finished with value: 54.274356842041016 and parameters: {'gradient_clip_val': 0.14597787966603246, 'hidden_size': 9, 'dropout': 0.2120821158888178, 'hidden_continuous_size': 5, 'attention_head_size': 2, 'learning_rate': 0.02946849630210091}. Best is trial 0 with value: 13.55854320526123.
[I 2023-12-26 17:21:35,192] Trial 15 finished with value: 51.06195068359375 and parameters: {'gradient_clip_val': 0.25472938945803664, 'hidden_size': 17, 'dropout': 0.15454917331445558, 'hidden_continuous_size': 6, 'attention_head_size': 3, 'learning_rate': 0.001708049531213662}. Best is trial 0 with value: 13.55854320526123.
[I 2023-12-26 17:21:37,068] Trial 16 finished with value: 53.08314895629883 and parameters: {'gradient_clip_val': 0.20936054461433698, 'hidden_size': 5, 'dropout': 0.3032913128299789, 'hidden_continuous_size': 5, 'attention_head_size': 2, 'learning_rate': 0.007637881715768141}. Best is trial 0 with value: 13.55854320526123.
[I 2023-12-26 17:21:39,206] Trial 17 finished with value: 74.87317657470703 and parameters: {'gradient_clip_val': 0.4530315836455132, 'hidden_size': 11, 'dropout': 0.23989979143302786, 'hidden_continuous_size': 6, 'attention_head_size': 4, 'learning_rate': 0.0048510818053051985}. Best is trial 0 with value: 13.55854320526123.
[I 2023-12-26 17:21:41,409] Trial 18 finished with value: 54.09700393676758 and parameters: {'gradient_clip_val': 0.12853631391258, 'hidden_size': 8, 'dropout': 0.173916709393684, 'hidden_continuous_size': 5, 'attention_head_size': 2, 'learning_rate': 0.0017735023304353418}. Best is trial 0 with value: 13.55854320526123.
[I 2023-12-26 17:21:43,869] Trial 19 finished with value: 65.46699523925781 and parameters: {'gradient_clip_val': 0.19226381432894052, 'hidden_size': 26, 'dropout': 0.1047769109803346, 'hidden_continuous_size': 8, 'attention_head_size': 3, 'learning_rate': 0.01699681504260162}. Best is trial 0 with value: 13.55854320526123.
[I 2023-12-26 17:21:45,912] Trial 20 finished with value: 74.52906036376953 and parameters: {'gradient_clip_val': 0.25134162591641435, 'hidden_size': 7, 'dropout': 0.3358699978515029, 'hidden_continuous_size': 5, 'attention_head_size': 4, 'learning_rate': 0.00500293909463803}. Best is trial 0 with value: 13.55854320526123.
[I 2023-12-26 17:21:48,105] Trial 21 finished with value: 68.51911163330078 and parameters: {'gradient_clip_val': 0.26622300040488606, 'hidden_size': 14, 'dropout': 0.14814117403325766, 'hidden_continuous_size': 6, 'attention_head_size': 3, 'learning_rate': 0.001819753880030565}. Best is trial 0 with value: 13.55854320526123.
[I 2023-12-26 17:21:50,315] Trial 22 finished with value: 57.783477783203125 and parameters: {'gradient_clip_val': 0.23266856474407308, 'hidden_size': 18, 'dropout': 0.16932818500875732, 'hidden_continuous_size': 6, 'attention_head_size': 3, 'learning_rate': 0.0013489267762443863}. Best is trial 0 with value: 13.55854320526123.
[I 2023-12-26 17:21:52,409] Trial 23 finished with value: 57.527618408203125 and parameters: {'gradient_clip_val': 0.31311868867250314, 'hidden_size': 10, 'dropout': 0.1460815054343643, 'hidden_continuous_size': 6, 'attention_head_size': 3, 'learning_rate': 0.0017996971730719537}. Best is trial 0 with value: 13.55854320526123.
[I 2023-12-26 17:21:54,389] Trial 24 finished with value: 58.213134765625 and parameters: {'gradient_clip_val': 0.17283969801868515, 'hidden_size': 6, 'dropout': 0.24156934244279607, 'hidden_continuous_size': 5, 'attention_head_size': 2, 'learning_rate': 0.0028717374947799085}. Best is trial 0 with value: 13.55854320526123.
[I 2023-12-26 17:21:56,480] Trial 25 finished with value: 54.536895751953125 and parameters: {'gradient_clip_val': 0.3704652662167224, 'hidden_size': 9, 'dropout': 0.10044683326803533, 'hidden_continuous_size': 5, 'attention_head_size': 3, 'learning_rate': 0.0005153968460014194}. Best is trial 0 with value: 13.55854320526123.
[I 2023-12-26 17:21:58,849] Trial 26 finished with value: 75.74423217773438 and parameters: {'gradient_clip_val': 0.2551664339487264, 'hidden_size': 22, 'dropout': 0.13981605179433892, 'hidden_continuous_size': 7, 'attention_head_size': 4, 'learning_rate': 0.0013200463412879765}. Best is trial 0 with value: 13.55854320526123.
[I 2023-12-26 17:22:01,045] Trial 27 finished with value: 78.40718841552734 and parameters: {'gradient_clip_val': 0.21287767897644677, 'hidden_size': 14, 'dropout': 0.16547619616604303, 'hidden_continuous_size': 6, 'attention_head_size': 2, 'learning_rate': 0.0035615983142710137}. Best is trial 0 with value: 13.55854320526123.
[I 2023-12-26 17:22:03,910] Trial 28 finished with value: 61.3856315612793 and parameters: {'gradient_clip_val': 0.15444144140985525, 'hidden_size': 35, 'dropout': 0.13593071557102968, 'hidden_continuous_size': 8, 'attention_head_size': 3, 'learning_rate': 0.002488923333495572}. Best is trial 0 with value: 13.55854320526123.
[I 2023-12-26 17:22:06,552] Trial 29 finished with value: 66.95427703857422 and parameters: {'gradient_clip_val': 0.3964383497042387, 'hidden_size': 34, 'dropout': 0.10640375016753334, 'hidden_continuous_size': 9, 'attention_head_size': 1, 'learning_rate': 0.000987909927579456}. Best is trial 0 with value: 13.55854320526123.
[I 2023-12-26 17:22:08,949] Trial 30 finished with value: 59.36705017089844 and parameters: {'gradient_clip_val': 0.2873293988648645, 'hidden_size': 12, 'dropout': 0.1811023619732383, 'hidden_continuous_size': 6, 'attention_head_size': 3, 'learning_rate': 0.004735015672704824}. Best is trial 0 with value: 13.55854320526123.
[I 2023-12-26 17:22:10,779] Trial 31 finished with value: 82.1364517211914 and parameters: {'gradient_clip_val': 0.21312538587690866, 'hidden_size': 5, 'dropout': 0.3008757751076574, 'hidden_continuous_size': 5, 'attention_head_size': 2, 'learning_rate': 0.008085833979381183}. Best is trial 0 with value: 13.55854320526123.
[I 2023-12-26 17:22:12,728] Trial 32 finished with value: 70.43637084960938 and parameters: {'gradient_clip_val': 0.20433355872167383, 'hidden_size': 7, 'dropout': 0.2724220620708444, 'hidden_continuous_size': 5, 'attention_head_size': 1, 'learning_rate': 0.009545034904433751}. Best is trial 0 with value: 13.55854320526123.
[I 2023-12-26 17:22:14,685] Trial 33 finished with value: 88.35570526123047 and parameters: {'gradient_clip_val': 0.17871853061625106, 'hidden_size': 6, 'dropout': 0.3272599336264074, 'hidden_continuous_size': 5, 'attention_head_size': 2, 'learning_rate': 0.005980466699602557}. Best is trial 0 with value: 13.55854320526123.
[I 2023-12-26 17:22:16,567] Trial 34 finished with value: 80.98368835449219 and parameters: {'gradient_clip_val': 0.30323976780599876, 'hidden_size': 8, 'dropout': 0.4042071149331849, 'hidden_continuous_size': 5, 'attention_head_size': 1, 'learning_rate': 0.002119711838560281}. Best is trial 0 with value: 13.55854320526123.
[I 2023-12-26 17:22:18,721] Trial 35 finished with value: 77.25780487060547 and parameters: {'gradient_clip_val': 0.24738082948471196, 'hidden_size': 10, 'dropout': 0.34170121981712137, 'hidden_continuous_size': 6, 'attention_head_size': 3, 'learning_rate': 0.0006509605450155494}. Best is trial 0 with value: 13.55854320526123.
[I 2023-12-26 17:22:20,515] Trial 36 finished with value: 66.32410430908203 and parameters: {'gradient_clip_val': 0.33758840249818756, 'hidden_size': 5, 'dropout': 0.30072871599982065, 'hidden_continuous_size': 5, 'attention_head_size': 2, 'learning_rate': 0.003906374243635657}. Best is trial 0 with value: 13.55854320526123.
[I 2023-12-26 17:22:22,478] Trial 37 finished with value: 60.95012283325195 and parameters: {'gradient_clip_val': 0.13366528103683095, 'hidden_size': 7, 'dropout': 0.37732440709805404, 'hidden_continuous_size': 5, 'attention_head_size': 1, 'learning_rate': 0.006942993602115872}. Best is trial 0 with value: 13.55854320526123.
[I 2023-12-26 17:22:24,710] Trial 38 finished with value: 60.007938385009766 and parameters: {'gradient_clip_val': 0.1846980748379897, 'hidden_size': 17, 'dropout': 0.3566347794089939, 'hidden_continuous_size': 7, 'attention_head_size': 4, 'learning_rate': 0.014256282797905464}. Best is trial 0 with value: 13.55854320526123.
[I 2023-12-26 17:22:26,740] Trial 39 finished with value: 56.730037689208984 and parameters: {'gradient_clip_val': 0.16232255715436106, 'hidden_size': 9, 'dropout': 0.12322157805960393, 'hidden_continuous_size': 6, 'attention_head_size': 1, 'learning_rate': 0.0013944561596127255}. Best is trial 0 with value: 13.55854320526123.
[I 2023-12-26 17:22:28,740] Trial 40 finished with value: 51.30970764160156 and parameters: {'gradient_clip_val': 0.28797802885673734, 'hidden_size': 6, 'dropout': 0.2844319124988485, 'hidden_continuous_size': 5, 'attention_head_size': 3, 'learning_rate': 0.0007733189341459389}. Best is trial 0 with value: 13.55854320526123.
[I 2023-12-26 17:22:30,748] Trial 41 finished with value: 66.91332244873047 and parameters: {'gradient_clip_val': 0.28197036582555424, 'hidden_size': 6, 'dropout': 0.2875226586054578, 'hidden_continuous_size': 5, 'attention_head_size': 3, 'learning_rate': 0.0009642199818676087}. Best is trial 0 with value: 13.55854320526123.
[I 2023-12-26 17:22:32,594] Trial 42 finished with value: 67.66751861572266 and parameters: {'gradient_clip_val': 0.23501333731729973, 'hidden_size': 5, 'dropout': 0.24630536579984544, 'hidden_continuous_size': 5, 'attention_head_size': 3, 'learning_rate': 0.0006859377123494975}. Best is trial 0 with value: 13.55854320526123.
[I 2023-12-26 17:22:34,884] Trial 43 finished with value: 74.48517608642578 and parameters: {'gradient_clip_val': 0.2999332364891226, 'hidden_size': 7, 'dropout': 0.32348417958036696, 'hidden_continuous_size': 5, 'attention_head_size': 3, 'learning_rate': 0.0008122513026136991}. Best is trial 0 with value: 13.55854320526123.
[I 2023-12-26 17:22:36,887] Trial 44 finished with value: 56.18116760253906 and parameters: {'gradient_clip_val': 0.19950643392850717, 'hidden_size': 6, 'dropout': 0.22045599923384263, 'hidden_continuous_size': 5, 'attention_head_size': 3, 'learning_rate': 0.0005633246183376515}. Best is trial 0 with value: 13.55854320526123.
[I 2023-12-26 17:22:38,982] Trial 45 finished with value: 70.14817810058594 and parameters: {'gradient_clip_val': 0.3307291684514746, 'hidden_size': 12, 'dropout': 0.3493355489780516, 'hidden_continuous_size': 6, 'attention_head_size': 2, 'learning_rate': 0.0011170248170416194}. Best is trial 0 with value: 13.55854320526123.
[I 2023-12-26 17:22:40,923] Trial 46 finished with value: 52.844234466552734 and parameters: {'gradient_clip_val': 0.22291624800692703, 'hidden_size': 8, 'dropout': 0.1919474510123142, 'hidden_continuous_size': 5, 'attention_head_size': 3, 'learning_rate': 0.000802952015639328}. Best is trial 0 with value: 13.55854320526123.
[I 2023-12-26 17:22:43,066] Trial 47 finished with value: 81.81739807128906 and parameters: {'gradient_clip_val': 0.23215902417652726, 'hidden_size': 10, 'dropout': 0.18653271781653435, 'hidden_continuous_size': 6, 'attention_head_size': 4, 'learning_rate': 0.0007981846332808215}. Best is trial 0 with value: 13.55854320526123.
