[I 2023-12-16 08:11:02,971] Trial 13 finished with value: 331.2073669433594 and parameters: {'gradient_clip_val': 0.1845945807516862, 'hidden_size': 28, 'dropout': 0.2697454109607587, 'hidden_continuous_size': 13, 'attention_head_size': 4, 'learning_rate': 0.0017772780606717979}. Best is trial 0 with value: 288.3487854003906.
LOCAL_RANK: 0 - CUDA_VISIBLE_DEVICES: [0]
[I 2023-12-16 08:11:56,202] Trial 14 finished with value: 420.6483459472656 and parameters: {'gradient_clip_val': 0.1926704156408624, 'hidden_size': 58, 'dropout': 0.21937687439753614, 'hidden_continuous_size': 14, 'attention_head_size': 4, 'learning_rate': 0.0005445351119416296}. Best is trial 0 with value: 288.3487854003906.
LOCAL_RANK: 0 - CUDA_VISIBLE_DEVICES: [0]
[I 2023-12-16 08:12:45,726] Trial 15 finished with value: 403.0581970214844 and parameters: {'gradient_clip_val': 0.1961715369362628, 'hidden_size': 26, 'dropout': 0.29721831033506246, 'hidden_continuous_size': 12, 'attention_head_size': 4, 'learning_rate': 0.0019329851853070535}. Best is trial 0 with value: 288.3487854003906.
LOCAL_RANK: 0 - CUDA_VISIBLE_DEVICES: [0]
[I 2023-12-16 08:13:38,984] Trial 16 finished with value: 433.20751953125 and parameters: {'gradient_clip_val': 0.20528109748344003, 'hidden_size': 54, 'dropout': 0.19527954283045806, 'hidden_continuous_size': 20, 'attention_head_size': 4, 'learning_rate': 0.0013242842072871408}. Best is trial 0 with value: 288.3487854003906.
LOCAL_RANK: 0 - CUDA_VISIBLE_DEVICES: [0]
[I 2023-12-16 08:14:27,302] Trial 17 finished with value: 509.5523986816406 and parameters: {'gradient_clip_val': 0.33345345311079916, 'hidden_size': 22, 'dropout': 0.16884053378093877, 'hidden_continuous_size': 12, 'attention_head_size': 2, 'learning_rate': 0.00292283178634906}. Best is trial 0 with value: 288.3487854003906.
LOCAL_RANK: 0 - CUDA_VISIBLE_DEVICES: [0]
[I 2023-12-16 08:15:13,564] Trial 18 finished with value: 252.0606231689453 and parameters: {'gradient_clip_val': 0.14183689823577714, 'hidden_size': 15, 'dropout': 0.24300944655011394, 'hidden_continuous_size': 9, 'attention_head_size': 3, 'learning_rate': 0.0009917426427686136}. Best is trial 18 with value: 252.0606231689453.
LOCAL_RANK: 0 - CUDA_VISIBLE_DEVICES: [0]
[I 2023-12-16 08:15:58,976] Trial 19 finished with value: 290.7324523925781 and parameters: {'gradient_clip_val': 0.1298543245346178, 'hidden_size': 13, 'dropout': 0.22561372124148404, 'hidden_continuous_size': 8, 'attention_head_size': 3, 'learning_rate': 0.000827080712564051}. Best is trial 18 with value: 252.0606231689453.
LOCAL_RANK: 0 - CUDA_VISIBLE_DEVICES: [0]
[I 2023-12-16 08:16:44,383] Trial 20 finished with value: 523.5053100585938 and parameters: {'gradient_clip_val': 0.1035521690581591, 'hidden_size': 10, 'dropout': 0.11392475183798234, 'hidden_continuous_size': 6, 'attention_head_size': 3, 'learning_rate': 0.0005195379566855328}. Best is trial 18 with value: 252.0606231689453.
LOCAL_RANK: 0 - CUDA_VISIBLE_DEVICES: [0]
[I 2023-12-16 08:17:29,195] Trial 21 finished with value: 300.7997741699219 and parameters: {'gradient_clip_val': 0.13207255154273845, 'hidden_size': 16, 'dropout': 0.2447592473453344, 'hidden_continuous_size': 8, 'attention_head_size': 3, 'learning_rate': 0.0009254435081501653}. Best is trial 18 with value: 252.0606231689453.
LOCAL_RANK: 0 - CUDA_VISIBLE_DEVICES: [0]
[I 2023-12-16 08:18:13,148] Trial 22 finished with value: 375.9749755859375 and parameters: {'gradient_clip_val': 0.14542761383847308, 'hidden_size': 12, 'dropout': 0.2280654373683718, 'hidden_continuous_size': 8, 'attention_head_size': 2, 'learning_rate': 0.0008725220783200192}. Best is trial 18 with value: 252.0606231689453.
LOCAL_RANK: 0 - CUDA_VISIBLE_DEVICES: [0]
[I 2023-12-16 08:18:46,955] Trial 23 finished with value: 625.1134033203125 and parameters: {'gradient_clip_val': 0.12088835772628707, 'hidden_size': 5, 'dropout': 0.18306699100272947, 'hidden_continuous_size': 5, 'attention_head_size': 3, 'learning_rate': 0.0009913948730526088}. Best is trial 18 with value: 252.0606231689453.
LOCAL_RANK: 0 - CUDA_VISIBLE_DEVICES: [0]
[I 2023-12-16 08:19:33,143] Trial 24 finished with value: 381.0406188964844 and parameters: {'gradient_clip_val': 0.15231374882916102, 'hidden_size': 15, 'dropout': 0.22087574824357734, 'hidden_continuous_size': 9, 'attention_head_size': 3, 'learning_rate': 0.0005189712810237443}. Best is trial 18 with value: 252.0606231689453.
LOCAL_RANK: 0 - CUDA_VISIBLE_DEVICES: [0]
[I 2023-12-16 08:20:18,162] Trial 25 finished with value: 397.5379638671875 and parameters: {'gradient_clip_val': 0.1638119065802063, 'hidden_size': 10, 'dropout': 0.25267036936487186, 'hidden_continuous_size': 7, 'attention_head_size': 2, 'learning_rate': 0.0012002720731466904}. Best is trial 18 with value: 252.0606231689453.
LOCAL_RANK: 0 - CUDA_VISIBLE_DEVICES: [0]
[I 2023-12-16 08:21:05,256] Trial 26 finished with value: 333.55029296875 and parameters: {'gradient_clip_val': 0.12107772629700564, 'hidden_size': 17, 'dropout': 0.20610393939299454, 'hidden_continuous_size': 10, 'attention_head_size': 3, 'learning_rate': 0.002382604897440965}. Best is trial 18 with value: 252.0606231689453.
LOCAL_RANK: 0 - CUDA_VISIBLE_DEVICES: [0]
[I 2023-12-16 08:21:53,484] Trial 27 finished with value: 251.9345245361328 and parameters: {'gradient_clip_val': 0.22792976140253327, 'hidden_size': 24, 'dropout': 0.164682340253806, 'hidden_continuous_size': 11, 'attention_head_size': 4, 'learning_rate': 0.0007411053744828693}. Best is trial 27 with value: 251.9345245361328.
LOCAL_RANK: 0 - CUDA_VISIBLE_DEVICES: [0]
[I 2023-12-16 08:22:42,562] Trial 28 finished with value: 272.6305847167969 and parameters: {'gradient_clip_val': 0.2275136769818936, 'hidden_size': 23, 'dropout': 0.1742000101518221, 'hidden_continuous_size': 10, 'attention_head_size': 4, 'learning_rate': 0.0013092625507063265}. Best is trial 27 with value: 251.9345245361328.
LOCAL_RANK: 0 - CUDA_VISIBLE_DEVICES: [0]
[I 2023-12-16 08:23:31,637] Trial 29 finished with value: 257.1578063964844 and parameters: {'gradient_clip_val': 0.23473051328591396, 'hidden_size': 21, 'dropout': 0.17340360405474292, 'hidden_continuous_size': 11, 'attention_head_size': 4, 'learning_rate': 0.0014750580466044328}. Best is trial 27 with value: 251.9345245361328.
LOCAL_RANK: 0 - CUDA_VISIBLE_DEVICES: [0]
[I 2023-12-16 08:24:19,369] Trial 30 finished with value: 465.2806701660156 and parameters: {'gradient_clip_val': 0.3063333317411273, 'hidden_size': 20, 'dropout': 0.1558243945292139, 'hidden_continuous_size': 11, 'attention_head_size': 4, 'learning_rate': 0.004602725069651619}. Best is trial 27 with value: 251.9345245361328.
LOCAL_RANK: 0 - CUDA_VISIBLE_DEVICES: [0]
[I 2023-12-16 08:25:08,792] Trial 31 finished with value: 543.001220703125 and parameters: {'gradient_clip_val': 0.23341081445533524, 'hidden_size': 25, 'dropout': 0.16346169028040775, 'hidden_continuous_size': 10, 'attention_head_size': 4, 'learning_rate': 0.0014251008908732516}. Best is trial 27 with value: 251.9345245361328.
LOCAL_RANK: 0 - CUDA_VISIBLE_DEVICES: [0]
[I 2023-12-16 08:25:56,822] Trial 32 finished with value: 264.7395324707031 and parameters: {'gradient_clip_val': 0.2224900410021505, 'hidden_size': 24, 'dropout': 0.1823224589484474, 'hidden_continuous_size': 11, 'attention_head_size': 4, 'learning_rate': 0.0007444199008303491}. Best is trial 27 with value: 251.9345245361328.
LOCAL_RANK: 0 - CUDA_VISIBLE_DEVICES: [0]
[I 2023-12-16 08:26:44,538] Trial 33 finished with value: 346.3861083984375 and parameters: {'gradient_clip_val': 0.17582261902326018, 'hidden_size': 17, 'dropout': 0.14970790719235078, 'hidden_continuous_size': 11, 'attention_head_size': 4, 'learning_rate': 0.0007284595096019958}. Best is trial 27 with value: 251.9345245361328.
LOCAL_RANK: 0 - CUDA_VISIBLE_DEVICES: [0]
[I 2023-12-16 08:27:34,158] Trial 34 finished with value: 257.8480224609375 and parameters: {'gradient_clip_val': 0.21415396382788954, 'hidden_size': 23, 'dropout': 0.18398469690214853, 'hidden_continuous_size': 14, 'attention_head_size': 4, 'learning_rate': 0.0007151665794347651}. Best is trial 27 with value: 251.9345245361328.
LOCAL_RANK: 0 - CUDA_VISIBLE_DEVICES: [0]
[I 2023-12-16 08:28:25,655] Trial 35 finished with value: 435.2503967285156 and parameters: {'gradient_clip_val': 0.26329800245069834, 'hidden_size': 34, 'dropout': 0.12766537992649604, 'hidden_continuous_size': 16, 'attention_head_size': 4, 'learning_rate': 0.0010941083548248293}. Best is trial 27 with value: 251.9345245361328.
LOCAL_RANK: 0 - CUDA_VISIBLE_DEVICES: [0]
[I 2023-12-16 08:29:13,923] Trial 36 finished with value: 312.6897277832031 and parameters: {'gradient_clip_val': 0.2057343803647026, 'hidden_size': 20, 'dropout': 0.14261437616402678, 'hidden_continuous_size': 15, 'attention_head_size': 4, 'learning_rate': 0.0021939511693311762}. Best is trial 27 with value: 251.9345245361328.
LOCAL_RANK: 0 - CUDA_VISIBLE_DEVICES: [0]
[I 2023-12-16 08:30:05,933] Trial 37 finished with value: 383.2152404785156 and parameters: {'gradient_clip_val': 0.18078170087509246, 'hidden_size': 38, 'dropout': 0.10332744120668821, 'hidden_continuous_size': 17, 'attention_head_size': 3, 'learning_rate': 0.00068368689609448}. Best is trial 27 with value: 251.9345245361328.
LOCAL_RANK: 0 - CUDA_VISIBLE_DEVICES: [0]
[I 2023-12-16 08:30:54,374] Trial 38 finished with value: 404.9519958496094 and parameters: {'gradient_clip_val': 0.2993190715235444, 'hidden_size': 28, 'dropout': 0.19063446030780762, 'hidden_continuous_size': 14, 'attention_head_size': 4, 'learning_rate': 0.001050508880250845}. Best is trial 27 with value: 251.9345245361328.
LOCAL_RANK: 0 - CUDA_VISIBLE_DEVICES: [0]
[I 2023-12-16 08:31:42,404] Trial 39 finished with value: 321.9176025390625 and parameters: {'gradient_clip_val': 0.16806647459583257, 'hidden_size': 18, 'dropout': 0.16678162705932326, 'hidden_continuous_size': 12, 'attention_head_size': 3, 'learning_rate': 0.0015618314214418682}. Best is trial 27 with value: 251.9345245361328.
LOCAL_RANK: 0 - CUDA_VISIBLE_DEVICES: [0]
[I 2023-12-16 08:32:30,534] Trial 40 finished with value: 302.1625061035156 and parameters: {'gradient_clip_val': 0.25080972303749366, 'hidden_size': 22, 'dropout': 0.1315448003751353, 'hidden_continuous_size': 13, 'attention_head_size': 1, 'learning_rate': 0.0006517378791163506}. Best is trial 27 with value: 251.9345245361328.
LOCAL_RANK: 0 - CUDA_VISIBLE_DEVICES: [0]
[I 2023-12-16 08:33:19,805] Trial 41 finished with value: 256.9358825683594 and parameters: {'gradient_clip_val': 0.22276089325087037, 'hidden_size': 26, 'dropout': 0.18244580058520116, 'hidden_continuous_size': 11, 'attention_head_size': 4, 'learning_rate': 0.0008645598463247682}. Best is trial 27 with value: 251.9345245361328.
LOCAL_RANK: 0 - CUDA_VISIBLE_DEVICES: [0]
[I 2023-12-16 08:34:09,044] Trial 42 finished with value: 484.0822448730469 and parameters: {'gradient_clip_val': 0.2102480878577694, 'hidden_size': 29, 'dropout': 0.1569726139132715, 'hidden_continuous_size': 13, 'attention_head_size': 4, 'learning_rate': 0.000950718731281839}. Best is trial 27 with value: 251.9345245361328.
LOCAL_RANK: 0 - CUDA_VISIBLE_DEVICES: [0]
[I 2023-12-16 08:34:54,687] Trial 43 finished with value: 364.0061950683594 and parameters: {'gradient_clip_val': 0.2812168448078303, 'hidden_size': 16, 'dropout': 0.19979300933427518, 'hidden_continuous_size': 9, 'attention_head_size': 4, 'learning_rate': 0.0005060819056952548}. Best is trial 27 with value: 251.9345245361328.
LOCAL_RANK: 0 - CUDA_VISIBLE_DEVICES: [0]
[I 2023-12-16 08:35:43,068] Trial 44 finished with value: 383.1483459472656 and parameters: {'gradient_clip_val': 0.24349783367438096, 'hidden_size': 19, 'dropout': 0.17810315461584791, 'hidden_continuous_size': 11, 'attention_head_size': 4, 'learning_rate': 0.0011253789518554237}. Best is trial 27 with value: 251.9345245361328.
LOCAL_RANK: 0 - CUDA_VISIBLE_DEVICES: [0]
[I 2023-12-16 08:36:32,655] Trial 45 finished with value: 332.448974609375 and parameters: {'gradient_clip_val': 0.3454368400295969, 'hidden_size': 25, 'dropout': 0.1473886772271386, 'hidden_continuous_size': 12, 'attention_head_size': 4, 'learning_rate': 0.0006990780568154446}. Best is trial 27 with value: 251.9345245361328.
LOCAL_RANK: 0 - CUDA_VISIBLE_DEVICES: [0]
[I 2023-12-16 08:37:21,657] Trial 46 finished with value: 326.170654296875 and parameters: {'gradient_clip_val': 0.2226540281771691, 'hidden_size': 22, 'dropout': 0.184721556269757, 'hidden_continuous_size': 9, 'attention_head_size': 4, 'learning_rate': 0.0015759088452925367}. Best is trial 27 with value: 251.9345245361328.
LOCAL_RANK: 0 - CUDA_VISIBLE_DEVICES: [0]
[I 2023-12-16 08:38:13,629] Trial 47 finished with value: 357.293701171875 and parameters: {'gradient_clip_val': 0.1812827609974714, 'hidden_size': 33, 'dropout': 0.20011352506891872, 'hidden_continuous_size': 19, 'attention_head_size': 4, 'learning_rate': 0.0008722783767224554}. Best is trial 27 with value: 251.9345245361328.
LOCAL_RANK: 0 - CUDA_VISIBLE_DEVICES: [0]
[I 2023-12-16 08:39:02,806] Trial 48 finished with value: 350.17578125 and parameters: {'gradient_clip_val': 0.2652516697030468, 'hidden_size': 27, 'dropout': 0.20982708403759223, 'hidden_continuous_size': 10, 'attention_head_size': 3, 'learning_rate': 0.0017517815158160567}. Best is trial 27 with value: 251.9345245361328.
LOCAL_RANK: 0 - CUDA_VISIBLE_DEVICES: [0]
[I 2023-12-16 08:39:51,144] Trial 49 finished with value: 334.092041015625 and parameters: {'gradient_clip_val': 0.15644642915996723, 'hidden_size': 19, 'dropout': 0.167297751179067, 'hidden_continuous_size': 11, 'attention_head_size': 4, 'learning_rate': 0.000629408946621757}. Best is trial 27 with value: 251.9345245361328.
[I 2023-12-16 08:39:51,238] A new study created in memory with name: no-name-90da7f54-a5da-48a3-be33-d68b24a321ae
/home/le004/conda/anaconda3/envs/tsff_env/lib/python3.9/site-packages/lightning/fabric/plugins/environments/slurm.py:191: The `srun` command is available on your system but is not used. HINT: If your intention is to run Lightning on SLURM, prepend your python command with `srun` like so: srun python /home/le004/master_thesis/git/TSFusionForecast/code/ ...
LOCAL_RANK: 0 - CUDA_VISIBLE_DEVICES: [0]
[I 2023-12-16 08:40:25,698] Trial 0 finished with value: 762.2828979492188 and parameters: {'gradient_clip_val': 0.10892890579558293, 'hidden_size': 5, 'dropout': 0.3174629545335777, 'hidden_continuous_size': 5, 'attention_head_size': 4, 'learning_rate': 0.019001354974362526}. Best is trial 0 with value: 762.2828979492188.
LOCAL_RANK: 0 - CUDA_VISIBLE_DEVICES: [0]
[I 2023-12-16 08:41:21,636] Trial 1 finished with value: 1543.4384765625 and parameters: {'gradient_clip_val': 0.11764186498351208, 'hidden_size': 86, 'dropout': 0.3635395920382467, 'hidden_continuous_size': 51, 'attention_head_size': 3, 'learning_rate': 0.02905546633892183}. Best is trial 0 with value: 762.2828979492188.
LOCAL_RANK: 0 - CUDA_VISIBLE_DEVICES: [0]
[I 2023-12-16 08:42:10,961] Trial 2 finished with value: 294.8224792480469 and parameters: {'gradient_clip_val': 0.8466233032005245, 'hidden_size': 27, 'dropout': 0.32699350835573715, 'hidden_continuous_size': 17, 'attention_head_size': 3, 'learning_rate': 0.0007244724731551712}. Best is trial 2 with value: 294.8224792480469.
LOCAL_RANK: 0 - CUDA_VISIBLE_DEVICES: [0]
[I 2023-12-16 08:43:04,119] Trial 3 finished with value: 1218.951416015625 and parameters: {'gradient_clip_val': 0.1759014150013784, 'hidden_size': 79, 'dropout': 0.2007995962823293, 'hidden_continuous_size': 7, 'attention_head_size': 4, 'learning_rate': 0.01134213977034497}. Best is trial 2 with value: 294.8224792480469.
LOCAL_RANK: 0 - CUDA_VISIBLE_DEVICES: [0]
[I 2023-12-16 08:43:57,593] Trial 4 finished with value: 757.2623901367188 and parameters: {'gradient_clip_val': 0.47258538691998936, 'hidden_size': 58, 'dropout': 0.22710537052521151, 'hidden_continuous_size': 14, 'attention_head_size': 4, 'learning_rate': 0.027735752695195265}. Best is trial 2 with value: 294.8224792480469.
LOCAL_RANK: 0 - CUDA_VISIBLE_DEVICES: [0]
[I 2023-12-16 08:44:46,100] Trial 5 finished with value: 608.6873168945312 and parameters: {'gradient_clip_val': 0.17583851314113494, 'hidden_size': 21, 'dropout': 0.39378715910487416, 'hidden_continuous_size': 11, 'attention_head_size': 2, 'learning_rate': 0.012331884626561622}. Best is trial 2 with value: 294.8224792480469.
LOCAL_RANK: 0 - CUDA_VISIBLE_DEVICES: [0]
[I 2023-12-16 08:45:39,166] Trial 6 finished with value: 1081.29150390625 and parameters: {'gradient_clip_val': 0.7673696647732781, 'hidden_size': 67, 'dropout': 0.2741830179001268, 'hidden_continuous_size': 27, 'attention_head_size': 2, 'learning_rate': 0.004363765206628961}. Best is trial 2 with value: 294.8224792480469.
LOCAL_RANK: 0 - CUDA_VISIBLE_DEVICES: [0]
[I 2023-12-16 08:46:12,859] Trial 7 finished with value: 211.3938751220703 and parameters: {'gradient_clip_val': 0.2675133733082667, 'hidden_size': 6, 'dropout': 0.23010105952313914, 'hidden_continuous_size': 6, 'attention_head_size': 2, 'learning_rate': 0.002411453900836211}. Best is trial 7 with value: 211.3938751220703.
LOCAL_RANK: 0 - CUDA_VISIBLE_DEVICES: [0]
[I 2023-12-16 08:46:57,664] Trial 8 finished with value: 767.7338256835938 and parameters: {'gradient_clip_val': 0.19648683645643641, 'hidden_size': 12, 'dropout': 0.17922288172272144, 'hidden_continuous_size': 10, 'attention_head_size': 3, 'learning_rate': 0.005109734193377648}. Best is trial 7 with value: 211.3938751220703.
LOCAL_RANK: 0 - CUDA_VISIBLE_DEVICES: [0]
[I 2023-12-16 08:47:31,158] Trial 9 finished with value: 966.22216796875 and parameters: {'gradient_clip_val': 0.13084701394696982, 'hidden_size': 12, 'dropout': 0.25215065284713123, 'hidden_continuous_size': 12, 'attention_head_size': 3, 'learning_rate': 0.03134001252080432}. Best is trial 7 with value: 211.3938751220703.
LOCAL_RANK: 0 - CUDA_VISIBLE_DEVICES: [0]
[I 2023-12-16 08:48:04,032] Trial 10 finished with value: 1284.0357666015625 and parameters: {'gradient_clip_val': 0.3011270766914188, 'hidden_size': 5, 'dropout': 0.10427572983492478, 'hidden_continuous_size': 5, 'attention_head_size': 1, 'learning_rate': 0.08081352697775959}. Best is trial 7 with value: 211.3938751220703.
LOCAL_RANK: 0 - CUDA_VISIBLE_DEVICES: [0]
[I 2023-12-16 08:48:52,706] Trial 11 finished with value: 282.798828125 and parameters: {'gradient_clip_val': 0.8774613281697303, 'hidden_size': 33, 'dropout': 0.31053480657102767, 'hidden_continuous_size': 8, 'attention_head_size': 1, 'learning_rate': 0.0008980628507529263}. Best is trial 7 with value: 211.3938751220703.
LOCAL_RANK: 0 - CUDA_VISIBLE_DEVICES: [0]
[I 2023-12-16 08:49:41,133] Trial 12 finished with value: 299.28277587890625 and parameters: {'gradient_clip_val': 0.45248234390651354, 'hidden_size': 37, 'dropout': 0.2897901225248799, 'hidden_continuous_size': 7, 'attention_head_size': 1, 'learning_rate': 0.0010978397102927254}. Best is trial 7 with value: 211.3938751220703.
LOCAL_RANK: 0 - CUDA_VISIBLE_DEVICES: [0]
[I 2023-12-16 08:50:25,458] Trial 13 finished with value: 473.1768798828125 and parameters: {'gradient_clip_val': 0.983077546981083, 'hidden_size': 10, 'dropout': 0.3029306600199088, 'hidden_continuous_size': 6, 'attention_head_size': 1, 'learning_rate': 0.0019723481124027885}. Best is trial 7 with value: 211.3938751220703.
LOCAL_RANK: 0 - CUDA_VISIBLE_DEVICES: [0]
[I 2023-12-16 08:51:17,114] Trial 14 finished with value: 367.2199401855469 and parameters: {'gradient_clip_val': 0.3217416752337931, 'hidden_size': 46, 'dropout': 0.25861054268710804, 'hidden_continuous_size': 8, 'attention_head_size': 2, 'learning_rate': 0.0006239486218708676}. Best is trial 7 with value: 211.3938751220703.
LOCAL_RANK: 0 - CUDA_VISIBLE_DEVICES: [0]
[I 2023-12-16 08:52:04,688] Trial 15 finished with value: 551.043212890625 and parameters: {'gradient_clip_val': 0.5608220078101415, 'hidden_size': 21, 'dropout': 0.34610986963344764, 'hidden_continuous_size': 8, 'attention_head_size': 1, 'learning_rate': 0.0019661159722934394}. Best is trial 7 with value: 211.3938751220703.
LOCAL_RANK: 0 - CUDA_VISIBLE_DEVICES: [0]
[I 2023-12-16 08:52:53,267] Trial 16 finished with value: 274.0521240234375 and parameters: {'gradient_clip_val': 0.6678965407728914, 'hidden_size': 35, 'dropout': 0.2860839665473765, 'hidden_continuous_size': 5, 'attention_head_size': 2, 'learning_rate': 0.002092787585377637}. Best is trial 7 with value: 211.3938751220703.
LOCAL_RANK: 0 - CUDA_VISIBLE_DEVICES: [0]
[I 2023-12-16 08:53:36,767] Trial 17 finished with value: 303.5564270019531 and parameters: {'gradient_clip_val': 0.3079644757089682, 'hidden_size': 8, 'dropout': 0.2309529026248912, 'hidden_continuous_size': 5, 'attention_head_size': 2, 'learning_rate': 0.0030614219665973806}. Best is trial 7 with value: 211.3938751220703.
LOCAL_RANK: 0 - CUDA_VISIBLE_DEVICES: [0]
[I 2023-12-16 08:54:20,929] Trial 18 finished with value: 247.7726287841797 and parameters: {'gradient_clip_val': 0.6281651901174611, 'hidden_size': 16, 'dropout': 0.2792906511137823, 'hidden_continuous_size': 6, 'attention_head_size': 2, 'learning_rate': 0.0016046985052194764}. Best is trial 7 with value: 211.3938751220703.
LOCAL_RANK: 0 - CUDA_VISIBLE_DEVICES: [0]
[I 2023-12-16 08:55:06,511] Trial 19 finished with value: 575.659423828125 and parameters: {'gradient_clip_val': 0.3943502140400168, 'hidden_size': 17, 'dropout': 0.17504318354392998, 'hidden_continuous_size': 6, 'attention_head_size': 2, 'learning_rate': 0.001168475407880889}. Best is trial 7 with value: 211.3938751220703.
LOCAL_RANK: 0 - CUDA_VISIBLE_DEVICES: [0]
[I 2023-12-16 08:55:50,354] Trial 20 finished with value: 352.3109436035156 and parameters: {'gradient_clip_val': 0.6061450792491321, 'hidden_size': 8, 'dropout': 0.2369790676206486, 'hidden_continuous_size': 6, 'attention_head_size': 3, 'learning_rate': 0.0005347539237456028}. Best is trial 7 with value: 211.3938751220703.
LOCAL_RANK: 0 - CUDA_VISIBLE_DEVICES: [0]
