[I 2023-12-26 17:18:31,897] Trial 33 finished with value: 3.215210199356079 and parameters: {'gradient_clip_val': 0.41985880220562377, 'hidden_size': 24, 'dropout': 0.12095697059117165, 'hidden_continuous_size': 10, 'attention_head_size': 2, 'learning_rate': 0.009193234489205922}. Best is trial 0 with value: 0.02692069672048092.
[I 2023-12-26 17:18:34,193] Trial 34 finished with value: 3.6539392471313477 and parameters: {'gradient_clip_val': 0.14478512922508144, 'hidden_size': 8, 'dropout': 0.1204707136547596, 'hidden_continuous_size': 6, 'attention_head_size': 2, 'learning_rate': 0.01282129182169383}. Best is trial 0 with value: 0.02692069672048092.
[I 2023-12-26 17:18:39,684] Trial 35 finished with value: 3.5262510776519775 and parameters: {'gradient_clip_val': 0.36544461453915317, 'hidden_size': 62, 'dropout': 0.1021601958496252, 'hidden_continuous_size': 21, 'attention_head_size': 2, 'learning_rate': 0.00722730455427387}. Best is trial 0 with value: 0.02692069672048092.
[I 2023-12-26 17:18:46,038] Trial 36 finished with value: 3.9016964435577393 and parameters: {'gradient_clip_val': 0.14370865596192406, 'hidden_size': 80, 'dropout': 0.18928100473136036, 'hidden_continuous_size': 27, 'attention_head_size': 2, 'learning_rate': 0.02143121371418028}. Best is trial 0 with value: 0.02692069672048092.
[I 2023-12-26 17:18:49,673] Trial 37 finished with value: 4.037222385406494 and parameters: {'gradient_clip_val': 0.11832479241369157, 'hidden_size': 34, 'dropout': 0.15027268244197495, 'hidden_continuous_size': 12, 'attention_head_size': 3, 'learning_rate': 0.0420170106580884}. Best is trial 0 with value: 0.02692069672048092.
[I 2023-12-26 17:18:54,155] Trial 38 finished with value: 3.1454460620880127 and parameters: {'gradient_clip_val': 0.3154538777929921, 'hidden_size': 51, 'dropout': 0.13082907568026825, 'hidden_continuous_size': 18, 'attention_head_size': 2, 'learning_rate': 0.0023719778358471323}. Best is trial 0 with value: 0.02692069672048092.
[I 2023-12-26 17:18:56,876] Trial 39 finished with value: 3.1571614742279053 and parameters: {'gradient_clip_val': 0.2808869341321581, 'hidden_size': 18, 'dropout': 0.17036370942586238, 'hidden_continuous_size': 9, 'attention_head_size': 3, 'learning_rate': 0.011196491599575902}. Best is trial 0 with value: 0.02692069672048092.
[I 2023-12-26 17:18:59,402] Trial 40 finished with value: 3.301041841506958 and parameters: {'gradient_clip_val': 0.19687464218827905, 'hidden_size': 14, 'dropout': 0.20221152621560412, 'hidden_continuous_size': 7, 'attention_head_size': 2, 'learning_rate': 0.019685117289451645}. Best is trial 0 with value: 0.02692069672048092.
[I 2023-12-26 17:19:01,889] Trial 41 finished with value: 3.809396982192993 and parameters: {'gradient_clip_val': 0.4802943429601972, 'hidden_size': 9, 'dropout': 0.12512324699567612, 'hidden_continuous_size': 5, 'attention_head_size': 1, 'learning_rate': 0.016335987117727147}. Best is trial 0 with value: 0.02692069672048092.
[I 2023-12-26 17:19:04,230] Trial 42 finished with value: 3.7974395751953125 and parameters: {'gradient_clip_val': 0.42514934299440077, 'hidden_size': 10, 'dropout': 0.1816173176578556, 'hidden_continuous_size': 6, 'attention_head_size': 1, 'learning_rate': 0.02953326540373502}. Best is trial 0 with value: 0.02692069672048092.
[I 2023-12-26 17:19:06,325] Trial 43 finished with value: 3.1900596618652344 and parameters: {'gradient_clip_val': 0.5226237284013556, 'hidden_size': 7, 'dropout': 0.15497091330582782, 'hidden_continuous_size': 5, 'attention_head_size': 1, 'learning_rate': 0.013035153270342669}. Best is trial 0 with value: 0.02692069672048092.
[I 2023-12-26 17:19:08,525] Trial 44 finished with value: 3.8940134048461914 and parameters: {'gradient_clip_val': 0.35493782861279966, 'hidden_size': 10, 'dropout': 0.12224433013770393, 'hidden_continuous_size': 6, 'attention_head_size': 2, 'learning_rate': 0.018794560046277647}. Best is trial 0 with value: 0.02692069672048092.
[I 2023-12-26 17:19:11,138] Trial 45 finished with value: 3.556905746459961 and parameters: {'gradient_clip_val': 0.10025601176839487, 'hidden_size': 13, 'dropout': 0.18890234031377254, 'hidden_continuous_size': 8, 'attention_head_size': 3, 'learning_rate': 0.008695071241589105}. Best is trial 0 with value: 0.02692069672048092.
[I 2023-12-26 17:19:13,730] Trial 46 finished with value: 3.2126712799072266 and parameters: {'gradient_clip_val': 0.5607170920055011, 'hidden_size': 11, 'dropout': 0.2101760264560666, 'hidden_continuous_size': 7, 'attention_head_size': 4, 'learning_rate': 0.0007201960580891017}. Best is trial 0 with value: 0.02692069672048092.
[I 2023-12-26 17:19:16,632] Trial 47 finished with value: 2.7734479904174805 and parameters: {'gradient_clip_val': 0.4068886624366531, 'hidden_size': 14, 'dropout': 0.14397827706490213, 'hidden_continuous_size': 9, 'attention_head_size': 1, 'learning_rate': 0.04021142501315163}. Best is trial 0 with value: 0.02692069672048092.
[I 2023-12-26 17:19:19,002] Trial 48 finished with value: 3.9122684001922607 and parameters: {'gradient_clip_val': 0.4210357640835694, 'hidden_size': 16, 'dropout': 0.14903479617167656, 'hidden_continuous_size': 10, 'attention_head_size': 3, 'learning_rate': 0.048602343699434135}. Best is trial 0 with value: 0.02692069672048092.
[I 2023-12-26 17:19:21,498] Trial 49 finished with value: 3.268756866455078 and parameters: {'gradient_clip_val': 0.38283849554802174, 'hidden_size': 14, 'dropout': 0.1149330138540081, 'hidden_continuous_size': 9, 'attention_head_size': 1, 'learning_rate': 0.02629365251195126}. Best is trial 0 with value: 0.02692069672048092.
[I 2023-12-26 17:19:21,633] A new study created in memory with name: no-name-6ce1f839-52d6-48ba-b57f-6efb306c0bc8
/home/le004/conda/anaconda3/envs/tsff_env/lib/python3.9/site-packages/lightning/fabric/plugins/environments/slurm.py:191: The `srun` command is available on your system but is not used. HINT: If your intention is to run Lightning on SLURM, prepend your python command with `srun` like so: srun python /home/le004/master_thesis/git/TSFusionForecast/code/ ...
[I 2023-12-26 17:27:35,883] Trial 0 finished with value: 0.07080107182264328 and parameters: {'gradient_clip_val': 0.9167165407816982, 'hidden_size': 55, 'dropout': 0.39838892436836615, 'hidden_continuous_size': 32, 'attention_head_size': 4, 'learning_rate': 0.004352411314288024}. Best is trial 0 with value: 0.07080107182264328.
[I 2023-12-26 17:27:38,281] Trial 1 finished with value: 4.175751209259033 and parameters: {'gradient_clip_val': 0.1580587664560258, 'hidden_size': 21, 'dropout': 0.1700255167853274, 'hidden_continuous_size': 5, 'attention_head_size': 3, 'learning_rate': 0.03949027440953284}. Best is trial 0 with value: 0.07080107182264328.
[I 2023-12-26 17:27:40,994] Trial 2 finished with value: 5.038898944854736 and parameters: {'gradient_clip_val': 0.19320763047695927, 'hidden_size': 31, 'dropout': 0.3682396500152303, 'hidden_continuous_size': 9, 'attention_head_size': 1, 'learning_rate': 0.0011400445432450264}. Best is trial 0 with value: 0.07080107182264328.
[I 2023-12-26 17:27:44,904] Trial 3 finished with value: 5.773202419281006 and parameters: {'gradient_clip_val': 0.21249003779408687, 'hidden_size': 51, 'dropout': 0.3475901846166246, 'hidden_continuous_size': 5, 'attention_head_size': 1, 'learning_rate': 0.019552467433985286}. Best is trial 0 with value: 0.07080107182264328.
[I 2023-12-26 17:27:53,113] Trial 4 finished with value: 3.9011402130126953 and parameters: {'gradient_clip_val': 0.27209784203772497, 'hidden_size': 127, 'dropout': 0.18684180803681164, 'hidden_continuous_size': 6, 'attention_head_size': 2, 'learning_rate': 0.0009692549680571989}. Best is trial 0 with value: 0.07080107182264328.
[I 2023-12-26 17:27:58,010] Trial 5 finished with value: 5.660698413848877 and parameters: {'gradient_clip_val': 0.4704732236616372, 'hidden_size': 69, 'dropout': 0.1769207417008755, 'hidden_continuous_size': 9, 'attention_head_size': 4, 'learning_rate': 0.00942849432080845}. Best is trial 0 with value: 0.07080107182264328.
[I 2023-12-26 17:28:01,096] Trial 6 finished with value: 5.325355529785156 and parameters: {'gradient_clip_val': 0.8943325963270552, 'hidden_size': 37, 'dropout': 0.16967164259146356, 'hidden_continuous_size': 13, 'attention_head_size': 2, 'learning_rate': 0.05260170921371745}. Best is trial 0 with value: 0.07080107182264328.
[I 2023-12-26 17:28:05,456] Trial 7 finished with value: 5.890277862548828 and parameters: {'gradient_clip_val': 0.312920348059886, 'hidden_size': 56, 'dropout': 0.21362757331334634, 'hidden_continuous_size': 39, 'attention_head_size': 3, 'learning_rate': 0.0012871513015206392}. Best is trial 0 with value: 0.07080107182264328.
[I 2023-12-26 17:28:09,460] Trial 8 finished with value: 3.7093193531036377 and parameters: {'gradient_clip_val': 0.13492821675590794, 'hidden_size': 39, 'dropout': 0.2967085892048552, 'hidden_continuous_size': 5, 'attention_head_size': 3, 'learning_rate': 0.001596787336035072}. Best is trial 0 with value: 0.07080107182264328.
[I 2023-12-26 17:28:11,777] Trial 9 finished with value: 3.7031705379486084 and parameters: {'gradient_clip_val': 0.3878568358111515, 'hidden_size': 8, 'dropout': 0.17363418166755445, 'hidden_continuous_size': 7, 'attention_head_size': 4, 'learning_rate': 0.04958566147677662}. Best is trial 0 with value: 0.07080107182264328.
[I 2023-12-26 17:28:14,293] Trial 10 finished with value: 3.943241834640503 and parameters: {'gradient_clip_val': 0.9808467347969637, 'hidden_size': 15, 'dropout': 0.4911528061825153, 'hidden_continuous_size': 15, 'attention_head_size': 4, 'learning_rate': 0.0038888373275006473}. Best is trial 0 with value: 0.07080107182264328.
[I 2023-12-26 17:28:16,880] Trial 11 finished with value: 5.848064422607422 and parameters: {'gradient_clip_val': 0.48461974687149717, 'hidden_size': 11, 'dropout': 0.10155473950966831, 'hidden_continuous_size': 7, 'attention_head_size': 4, 'learning_rate': 0.07021346831571484}. Best is trial 0 with value: 0.07080107182264328.
[I 2023-12-26 17:28:19,210] Trial 12 finished with value: 5.695526599884033 and parameters: {'gradient_clip_val': 0.10673277377415873, 'hidden_size': 6, 'dropout': 0.4373318767379035, 'hidden_continuous_size': 5, 'attention_head_size': 4, 'learning_rate': 0.09898432696172063}. Best is trial 0 with value: 0.07080107182264328.
[I 2023-12-26 17:28:21,498] Trial 13 finished with value: 5.838155746459961 and parameters: {'gradient_clip_val': 0.6175153438924919, 'hidden_size': 6, 'dropout': 0.2615134382865604, 'hidden_continuous_size': 6, 'attention_head_size': 4, 'learning_rate': 0.006730306778405919}. Best is trial 0 with value: 0.07080107182264328.
[I 2023-12-26 17:28:23,920] Trial 14 finished with value: 5.364828586578369 and parameters: {'gradient_clip_val': 0.4221162351024484, 'hidden_size': 11, 'dropout': 0.37355775205754915, 'hidden_continuous_size': 8, 'attention_head_size': 3, 'learning_rate': 0.021388852383093616}. Best is trial 0 with value: 0.07080107182264328.
[I 2023-12-26 17:28:27,058] Trial 15 finished with value: 5.138228893280029 and parameters: {'gradient_clip_val': 0.6911836810883156, 'hidden_size': 24, 'dropout': 0.26830061979147335, 'hidden_continuous_size': 22, 'attention_head_size': 4, 'learning_rate': 0.003417088640174173}. Best is trial 0 with value: 0.07080107182264328.
[I 2023-12-26 17:28:34,873] Trial 16 finished with value: 3.7368834018707275 and parameters: {'gradient_clip_val': 0.3514356559587643, 'hidden_size': 90, 'dropout': 0.33377319574563763, 'hidden_continuous_size': 67, 'attention_head_size': 2, 'learning_rate': 0.014175410962681328}. Best is trial 0 with value: 0.07080107182264328.
[I 2023-12-26 17:28:37,245] Trial 17 finished with value: 6.228353500366211 and parameters: {'gradient_clip_val': 0.715903299411188, 'hidden_size': 19, 'dropout': 0.4065033293216111, 'hidden_continuous_size': 7, 'attention_head_size': 3, 'learning_rate': 0.042408561947109576}. Best is trial 0 with value: 0.07080107182264328.
[I 2023-12-26 17:28:39,135] Trial 18 finished with value: 4.778296947479248 and parameters: {'gradient_clip_val': 0.5785561152106473, 'hidden_size': 5, 'dropout': 0.10105566958599296, 'hidden_continuous_size': 5, 'attention_head_size': 4, 'learning_rate': 0.0005458665372137916}. Best is trial 0 with value: 0.07080107182264328.
[I 2023-12-26 17:28:48,157] Trial 19 finished with value: 6.187585353851318 and parameters: {'gradient_clip_val': 0.8001866394777744, 'hidden_size': 134, 'dropout': 0.42775081112152774, 'hidden_continuous_size': 30, 'attention_head_size': 3, 'learning_rate': 0.026585109141425853}. Best is trial 0 with value: 0.07080107182264328.
[I 2023-12-26 17:28:51,756] Trial 20 finished with value: 5.218721866607666 and parameters: {'gradient_clip_val': 0.9194885551232076, 'hidden_size': 34, 'dropout': 0.30125702520733316, 'hidden_continuous_size': 11, 'attention_head_size': 4, 'learning_rate': 0.010180594717865627}. Best is trial 0 with value: 0.07080107182264328.
[I 2023-12-26 17:28:55,847] Trial 21 finished with value: 5.714332580566406 and parameters: {'gradient_clip_val': 0.3756868818512858, 'hidden_size': 44, 'dropout': 0.3023130526204213, 'hidden_continuous_size': 11, 'attention_head_size': 3, 'learning_rate': 0.002658976624058738}. Best is trial 0 with value: 0.07080107182264328.
[I 2023-12-26 17:28:59,113] Trial 22 finished with value: 4.20933198928833 and parameters: {'gradient_clip_val': 0.5935704316492109, 'hidden_size': 33, 'dropout': 0.25448329224761707, 'hidden_continuous_size': 6, 'attention_head_size': 3, 'learning_rate': 0.002279667660949211}. Best is trial 0 with value: 0.07080107182264328.
[I 2023-12-26 17:29:03,438] Trial 23 finished with value: 3.799933433532715 and parameters: {'gradient_clip_val': 0.2605762076795312, 'hidden_size': 46, 'dropout': 0.3149779121898052, 'hidden_continuous_size': 17, 'attention_head_size': 4, 'learning_rate': 0.005563573180055424}. Best is trial 0 with value: 0.07080107182264328.
[I 2023-12-26 17:29:09,428] Trial 24 finished with value: 4.461338043212891 and parameters: {'gradient_clip_val': 0.4965851767896896, 'hidden_size': 70, 'dropout': 0.2349579429348768, 'hidden_continuous_size': 21, 'attention_head_size': 2, 'learning_rate': 0.005163490291225579}. Best is trial 0 with value: 0.07080107182264328.
[I 2023-12-26 17:29:12,710] Trial 25 finished with value: 4.3650689125061035 and parameters: {'gradient_clip_val': 0.3735636260382056, 'hidden_size': 27, 'dropout': 0.28199496177843425, 'hidden_continuous_size': 10, 'attention_head_size': 3, 'learning_rate': 0.0021073618931140583}. Best is trial 0 with value: 0.07080107182264328.
[I 2023-12-26 17:29:16,148] Trial 26 finished with value: 4.198507785797119 and parameters: {'gradient_clip_val': 0.1019533597090911, 'hidden_size': 40, 'dropout': 0.3282421290295405, 'hidden_continuous_size': 8, 'attention_head_size': 4, 'learning_rate': 0.009488084350691147}. Best is trial 0 with value: 0.07080107182264328.
[I 2023-12-26 17:29:19,125] Trial 27 finished with value: 3.8286635875701904 and parameters: {'gradient_clip_val': 0.13911966842535956, 'hidden_size': 28, 'dropout': 0.28217240681747957, 'hidden_continuous_size': 12, 'attention_head_size': 4, 'learning_rate': 0.00461081127629392}. Best is trial 0 with value: 0.07080107182264328.
[I 2023-12-26 17:29:24,653] Trial 28 finished with value: 4.180868625640869 and parameters: {'gradient_clip_val': 0.7726016485872871, 'hidden_size': 62, 'dropout': 0.22887933575253616, 'hidden_continuous_size': 13, 'attention_head_size': 3, 'learning_rate': 0.007067858583760932}. Best is trial 0 with value: 0.07080107182264328.
[I 2023-12-26 17:29:27,197] Trial 29 finished with value: 4.984571933746338 and parameters: {'gradient_clip_val': 0.16593791774121786, 'hidden_size': 22, 'dropout': 0.36083414679527903, 'hidden_continuous_size': 7, 'attention_head_size': 3, 'learning_rate': 0.0031853371595968014}. Best is trial 0 with value: 0.07080107182264328.
[I 2023-12-26 17:29:29,427] Trial 30 finished with value: 3.589280128479004 and parameters: {'gradient_clip_val': 0.24314502837631255, 'hidden_size': 18, 'dropout': 0.3988180817758759, 'hidden_continuous_size': 8, 'attention_head_size': 2, 'learning_rate': 0.0017249329637837193}. Best is trial 0 with value: 0.07080107182264328.
[I 2023-12-26 17:29:31,854] Trial 31 finished with value: 3.9108831882476807 and parameters: {'gradient_clip_val': 0.23865110416676996, 'hidden_size': 16, 'dropout': 0.3836397836967846, 'hidden_continuous_size': 8, 'attention_head_size': 2, 'learning_rate': 0.0017992789488629165}. Best is trial 0 with value: 0.07080107182264328.
[I 2023-12-26 17:29:35,976] Trial 32 finished with value: 4.780113220214844 and parameters: {'gradient_clip_val': 0.3111817810046834, 'hidden_size': 40, 'dropout': 0.4019396336388147, 'hidden_continuous_size': 9, 'attention_head_size': 1, 'learning_rate': 0.003868536304383483}. Best is trial 0 with value: 0.07080107182264328.
[I 2023-12-26 17:29:39,015] Trial 33 finished with value: 3.105875015258789 and parameters: {'gradient_clip_val': 0.21552542937952404, 'hidden_size': 29, 'dropout': 0.3454830100976155, 'hidden_continuous_size': 5, 'attention_head_size': 1, 'learning_rate': 0.0017375845750026144}. Best is trial 0 with value: 0.07080107182264328.
[I 2023-12-26 17:29:41,914] Trial 34 finished with value: 4.495927333831787 and parameters: {'gradient_clip_val': 0.20687749995055513, 'hidden_size': 28, 'dropout': 0.3465441792460277, 'hidden_continuous_size': 6, 'attention_head_size': 1, 'learning_rate': 0.002870619629624758}. Best is trial 0 with value: 0.07080107182264328.
[I 2023-12-26 17:29:46,362] Trial 35 finished with value: 4.161210536956787 and parameters: {'gradient_clip_val': 0.1910964083642008, 'hidden_size': 51, 'dropout': 0.3487842929632587, 'hidden_continuous_size': 5, 'attention_head_size': 1, 'learning_rate': 0.0008919513623663522}. Best is trial 0 with value: 0.07080107182264328.
[I 2023-12-26 17:29:49,258] Trial 36 finished with value: 5.6116719245910645 and parameters: {'gradient_clip_val': 0.286129384085601, 'hidden_size': 21, 'dropout': 0.37733623252651016, 'hidden_continuous_size': 9, 'attention_head_size': 1, 'learning_rate': 0.0014675883337535954}. Best is trial 0 with value: 0.07080107182264328.
[I 2023-12-26 17:29:51,735] Trial 37 finished with value: 6.0986328125 and parameters: {'gradient_clip_val': 0.23012865030655033, 'hidden_size': 9, 'dropout': 0.33054474366460423, 'hidden_continuous_size': 6, 'attention_head_size': 2, 'learning_rate': 0.002133563487857996}. Best is trial 0 with value: 0.07080107182264328.
[I 2023-12-26 17:29:54,201] Trial 38 finished with value: 4.703101634979248 and parameters: {'gradient_clip_val': 0.26976019237023663, 'hidden_size': 31, 'dropout': 0.3564882709235858, 'hidden_continuous_size': 10, 'attention_head_size': 1, 'learning_rate': 0.001114193564700827}. Best is trial 0 with value: 0.07080107182264328.
[I 2023-12-26 17:29:56,275] Trial 39 finished with value: 4.248933792114258 and parameters: {'gradient_clip_val': 0.326489540965211, 'hidden_size': 18, 'dropout': 0.39435064322537744, 'hidden_continuous_size': 7, 'attention_head_size': 2, 'learning_rate': 0.01432558190301331}. Best is trial 0 with value: 0.07080107182264328.
[I 2023-12-26 17:29:58,426] Trial 40 finished with value: 3.9682302474975586 and parameters: {'gradient_clip_val': 0.42016270224903934, 'hidden_size': 24, 'dropout': 0.42354507268249336, 'hidden_continuous_size': 10, 'attention_head_size': 1, 'learning_rate': 0.0017948022821316554}. Best is trial 0 with value: 0.07080107182264328.
[I 2023-12-26 17:30:00,955] Trial 41 finished with value: 4.515183925628662 and parameters: {'gradient_clip_val': 0.18412142869022025, 'hidden_size': 37, 'dropout': 0.45264718204108556, 'hidden_continuous_size': 5, 'attention_head_size': 2, 'learning_rate': 0.0015890696699797696}. Best is trial 0 with value: 0.07080107182264328.
[I 2023-12-26 17:30:03,783] Trial 42 finished with value: 4.398175239562988 and parameters: {'gradient_clip_val': 0.16898545280776556, 'hidden_size': 47, 'dropout': 0.19338610441109264, 'hidden_continuous_size': 5, 'attention_head_size': 2, 'learning_rate': 0.0013107473476592969}. Best is trial 0 with value: 0.07080107182264328.
[I 2023-12-26 17:30:05,867] Trial 43 finished with value: 5.394043445587158 and parameters: {'gradient_clip_val': 0.14330613326984334, 'hidden_size': 14, 'dropout': 0.15659269034901543, 'hidden_continuous_size': 8, 'attention_head_size': 4, 'learning_rate': 0.002668102592566441}. Best is trial 0 with value: 0.07080107182264328.
[I 2023-12-26 17:30:08,600] Trial 44 finished with value: 5.718294143676758 and parameters: {'gradient_clip_val': 0.22969301700854766, 'hidden_size': 35, 'dropout': 0.3693835609762637, 'hidden_continuous_size': 6, 'attention_head_size': 3, 'learning_rate': 0.0007960354615725935}. Best is trial 0 with value: 0.07080107182264328.
[I 2023-12-26 17:30:11,804] Trial 45 finished with value: 4.774007320404053 and parameters: {'gradient_clip_val': 0.2067587382822088, 'hidden_size': 57, 'dropout': 0.3161781223987252, 'hidden_continuous_size': 5, 'attention_head_size': 4, 'learning_rate': 0.0045248259912054264}. Best is trial 0 with value: 0.07080107182264328.
[I 2023-12-26 17:30:14,115] Trial 46 finished with value: 3.8414306640625 and parameters: {'gradient_clip_val': 0.2893232170456984, 'hidden_size': 26, 'dropout': 0.3876347664690432, 'hidden_continuous_size': 7, 'attention_head_size': 3, 'learning_rate': 0.0011315317835454764}. Best is trial 0 with value: 0.07080107182264328.
[I 2023-12-26 17:30:16,098] Trial 47 finished with value: 5.736471176147461 and parameters: {'gradient_clip_val': 0.25040099196627663, 'hidden_size': 9, 'dropout': 0.41129809711980797, 'hidden_continuous_size': 5, 'attention_head_size': 4, 'learning_rate': 0.0036491048631035286}. Best is trial 0 with value: 0.07080107182264328.
