[I 2023-12-27 11:34:11,199] Trial 40 finished with value: 4.401602745056152 and parameters: {'gradient_clip_val': 0.650460320944148, 'hidden_size': 55, 'dropout': 0.25225309425815445, 'hidden_continuous_size': 9, 'attention_head_size': 2, 'learning_rate': 0.06797631585019068}. Best is trial 0 with value: 0.06979992240667343.
[I 2023-12-27 11:34:11,602] Trial 41 finished with value: 4.0778021812438965 and parameters: {'gradient_clip_val': 0.7402664866632012, 'hidden_size': 33, 'dropout': 0.3070941486286042, 'hidden_continuous_size': 8, 'attention_head_size': 3, 'learning_rate': 0.07138210320243446}. Best is trial 0 with value: 0.06979992240667343.
[I 2023-12-27 11:34:12,016] Trial 42 finished with value: 3.542820930480957 and parameters: {'gradient_clip_val': 0.5804801060840812, 'hidden_size': 44, 'dropout': 0.4413968951407144, 'hidden_continuous_size': 6, 'attention_head_size': 3, 'learning_rate': 0.03726271067669658}. Best is trial 0 with value: 0.06979992240667343.
[I 2023-12-27 11:34:12,428] Trial 43 finished with value: 3.9678866863250732 and parameters: {'gradient_clip_val': 0.8553915252448999, 'hidden_size': 31, 'dropout': 0.2628584159709261, 'hidden_continuous_size': 13, 'attention_head_size': 3, 'learning_rate': 0.08924527067803419}. Best is trial 0 with value: 0.06979992240667343.
[I 2023-12-27 11:34:12,838] Trial 44 finished with value: 2.5709593296051025 and parameters: {'gradient_clip_val': 0.4638964069635494, 'hidden_size': 26, 'dropout': 0.21621080583264424, 'hidden_continuous_size': 12, 'attention_head_size': 4, 'learning_rate': 0.05091891853177759}. Best is trial 0 with value: 0.06979992240667343.
[I 2023-12-27 11:34:13,242] Trial 45 finished with value: 4.311644554138184 and parameters: {'gradient_clip_val': 0.4684542199130016, 'hidden_size': 23, 'dropout': 0.2182100819402296, 'hidden_continuous_size': 14, 'attention_head_size': 4, 'learning_rate': 0.053437312016620914}. Best is trial 0 with value: 0.06979992240667343.
[I 2023-12-27 11:34:13,652] Trial 46 finished with value: 2.7513387203216553 and parameters: {'gradient_clip_val': 0.6608286499571748, 'hidden_size': 28, 'dropout': 0.4741596385722994, 'hidden_continuous_size': 12, 'attention_head_size': 4, 'learning_rate': 0.027789265295601707}. Best is trial 0 with value: 0.06979992240667343.
[I 2023-12-27 11:34:14,030] Trial 47 finished with value: 4.192854404449463 and parameters: {'gradient_clip_val': 0.9904901631090861, 'hidden_size': 16, 'dropout': 0.1698840533795371, 'hidden_continuous_size': 10, 'attention_head_size': 4, 'learning_rate': 0.03448565575901956}. Best is trial 0 with value: 0.06979992240667343.
[I 2023-12-27 11:34:14,421] Trial 48 finished with value: 4.098837375640869 and parameters: {'gradient_clip_val': 0.3714896450690606, 'hidden_size': 21, 'dropout': 0.11336202843941004, 'hidden_continuous_size': 14, 'attention_head_size': 2, 'learning_rate': 0.058599927728064466}. Best is trial 0 with value: 0.06979992240667343.
[I 2023-12-27 11:34:14,842] Trial 49 finished with value: 3.3743746280670166 and parameters: {'gradient_clip_val': 0.28949761260006374, 'hidden_size': 37, 'dropout': 0.1521225757140196, 'hidden_continuous_size': 12, 'attention_head_size': 4, 'learning_rate': 0.02405786341592526}. Best is trial 0 with value: 0.06979992240667343.
[I 2023-12-27 11:34:14,959] A new study created in memory with name: no-name-262fa4c8-b061-4b9b-8a3f-046737fae896
/home/le004/conda/anaconda3/envs/tsff_env/lib/python3.9/site-packages/lightning/fabric/plugins/environments/slurm.py:191: The `srun` command is available on your system but is not used. HINT: If your intention is to run Lightning on SLURM, prepend your python command with `srun` like so: srun python /home/le004/master_thesis/git/TSFusionForecast/code/ ...
[I 2023-12-27 11:34:47,430] Trial 0 finished with value: 1.9889358282089233 and parameters: {'gradient_clip_val': 0.8978263492518006, 'hidden_size': 13, 'dropout': 0.30268948679327656, 'hidden_continuous_size': 5, 'attention_head_size': 3, 'learning_rate': 0.0011172535892817188}. Best is trial 0 with value: 1.9889358282089233.
[I 2023-12-27 11:35:23,981] Trial 1 finished with value: 0.0833635926246643 and parameters: {'gradient_clip_val': 0.21914814214496495, 'hidden_size': 38, 'dropout': 0.26153993127507663, 'hidden_continuous_size': 28, 'attention_head_size': 2, 'learning_rate': 0.011715653240381776}. Best is trial 1 with value: 0.0833635926246643.
[I 2023-12-27 11:35:31,635] Trial 2 finished with value: 1.8528310060501099 and parameters: {'gradient_clip_val': 0.19707606405294983, 'hidden_size': 5, 'dropout': 0.2680192271137752, 'hidden_continuous_size': 5, 'attention_head_size': 2, 'learning_rate': 0.021689125135666905}. Best is trial 1 with value: 0.0833635926246643.
[I 2023-12-27 11:35:31,992] Trial 3 finished with value: 3.4875853061676025 and parameters: {'gradient_clip_val': 0.3368267306810925, 'hidden_size': 28, 'dropout': 0.2673113394867191, 'hidden_continuous_size': 9, 'attention_head_size': 4, 'learning_rate': 0.0013075099721188027}. Best is trial 1 with value: 0.0833635926246643.
[I 2023-12-27 11:35:32,326] Trial 4 finished with value: 3.1755619049072266 and parameters: {'gradient_clip_val': 0.12301599680108852, 'hidden_size': 13, 'dropout': 0.20596720534954552, 'hidden_continuous_size': 11, 'attention_head_size': 3, 'learning_rate': 0.0009862797954532977}. Best is trial 1 with value: 0.0833635926246643.
[I 2023-12-27 11:35:32,627] Trial 5 finished with value: 3.5025622844696045 and parameters: {'gradient_clip_val': 0.19444085103184858, 'hidden_size': 5, 'dropout': 0.38177793665125537, 'hidden_continuous_size': 5, 'attention_head_size': 1, 'learning_rate': 0.02322022734286979}. Best is trial 1 with value: 0.0833635926246643.
[I 2023-12-27 11:35:32,968] Trial 6 finished with value: 4.1765828132629395 and parameters: {'gradient_clip_val': 0.1058952575159692, 'hidden_size': 20, 'dropout': 0.4482527584252425, 'hidden_continuous_size': 16, 'attention_head_size': 3, 'learning_rate': 0.0012218338940219416}. Best is trial 1 with value: 0.0833635926246643.
[I 2023-12-27 11:35:33,333] Trial 7 finished with value: 3.1664466857910156 and parameters: {'gradient_clip_val': 0.14871357887426526, 'hidden_size': 39, 'dropout': 0.22215759285403425, 'hidden_continuous_size': 26, 'attention_head_size': 1, 'learning_rate': 0.009829161298125836}. Best is trial 1 with value: 0.0833635926246643.
[I 2023-12-27 11:35:33,696] Trial 8 finished with value: 3.1481504440307617 and parameters: {'gradient_clip_val': 0.36067926028631325, 'hidden_size': 29, 'dropout': 0.4500124268435034, 'hidden_continuous_size': 13, 'attention_head_size': 2, 'learning_rate': 0.004181586057622759}. Best is trial 1 with value: 0.0833635926246643.
[I 2023-12-27 11:35:34,051] Trial 9 finished with value: 4.0087127685546875 and parameters: {'gradient_clip_val': 0.767924694580939, 'hidden_size': 32, 'dropout': 0.1297798153887491, 'hidden_continuous_size': 26, 'attention_head_size': 4, 'learning_rate': 0.022177522003406357}. Best is trial 1 with value: 0.0833635926246643.
[I 2023-12-27 11:35:34,749] Trial 10 finished with value: 4.610529899597168 and parameters: {'gradient_clip_val': 0.4478510090409637, 'hidden_size': 103, 'dropout': 0.34801644615750316, 'hidden_continuous_size': 57, 'attention_head_size': 2, 'learning_rate': 0.0914091053734324}. Best is trial 1 with value: 0.0833635926246643.
[I 2023-12-27 11:35:35,095] Trial 11 finished with value: 4.201028347015381 and parameters: {'gradient_clip_val': 0.20893665649716842, 'hidden_size': 6, 'dropout': 0.26882595529285397, 'hidden_continuous_size': 5, 'attention_head_size': 2, 'learning_rate': 0.007011105131891341}. Best is trial 1 with value: 0.0833635926246643.
[I 2023-12-27 11:35:35,487] Trial 12 finished with value: 3.301007032394409 and parameters: {'gradient_clip_val': 0.2212971743386138, 'hidden_size': 52, 'dropout': 0.1835717900605806, 'hidden_continuous_size': 8, 'attention_head_size': 2, 'learning_rate': 0.02681862322162836}. Best is trial 1 with value: 0.0833635926246643.
[I 2023-12-27 11:35:35,826] Trial 13 finished with value: 4.337157726287842 and parameters: {'gradient_clip_val': 0.24372769371562544, 'hidden_size': 8, 'dropout': 0.31728587721423807, 'hidden_continuous_size': 5, 'attention_head_size': 1, 'learning_rate': 0.05870939059134987}. Best is trial 1 with value: 0.0833635926246643.
[I 2023-12-27 11:35:36,251] Trial 14 finished with value: 3.3912408351898193 and parameters: {'gradient_clip_val': 0.1530074656965999, 'hidden_size': 61, 'dropout': 0.11038043104338141, 'hidden_continuous_size': 21, 'attention_head_size': 2, 'learning_rate': 0.014025445934513079}. Best is trial 1 with value: 0.0833635926246643.
[I 2023-12-27 11:35:36,626] Trial 15 finished with value: 3.062662363052368 and parameters: {'gradient_clip_val': 0.1756067227496896, 'hidden_size': 18, 'dropout': 0.2636240012053668, 'hidden_continuous_size': 7, 'attention_head_size': 3, 'learning_rate': 0.005450884563419811}. Best is trial 1 with value: 0.0833635926246643.
[I 2023-12-27 11:35:36,988] Trial 16 finished with value: 3.6127994060516357 and parameters: {'gradient_clip_val': 0.27410118963259156, 'hidden_size': 9, 'dropout': 0.36849636804222974, 'hidden_continuous_size': 6, 'attention_head_size': 1, 'learning_rate': 0.0035284212311729097}. Best is trial 1 with value: 0.0833635926246643.
[I 2023-12-27 11:35:37,312] Trial 17 finished with value: 3.1221392154693604 and parameters: {'gradient_clip_val': 0.1363749019234668, 'hidden_size': 5, 'dropout': 0.16861310918342748, 'hidden_continuous_size': 5, 'attention_head_size': 2, 'learning_rate': 0.04050309469098729}. Best is trial 1 with value: 0.0833635926246643.
[I 2023-12-27 11:35:37,672] Trial 18 finished with value: 2.357616662979126 and parameters: {'gradient_clip_val': 0.10182436718632759, 'hidden_size': 18, 'dropout': 0.238817174518444, 'hidden_continuous_size': 6, 'attention_head_size': 3, 'learning_rate': 0.01253708383799245}. Best is trial 1 with value: 0.0833635926246643.
[I 2023-12-27 11:35:38,219] Trial 19 finished with value: 2.1713716983795166 and parameters: {'gradient_clip_val': 0.1757340149581206, 'hidden_size': 140, 'dropout': 0.1582540922047561, 'hidden_continuous_size': 43, 'attention_head_size': 1, 'learning_rate': 0.0027672920787036653}. Best is trial 1 with value: 0.0833635926246643.
[I 2023-12-27 11:35:38,562] Trial 20 finished with value: 4.4615912437438965 and parameters: {'gradient_clip_val': 0.26737213352606637, 'hidden_size': 8, 'dropout': 0.21013494721657092, 'hidden_continuous_size': 6, 'attention_head_size': 2, 'learning_rate': 0.01457929936990651}. Best is trial 1 with value: 0.0833635926246643.
[I 2023-12-27 11:35:38,916] Trial 21 finished with value: 3.0738160610198975 and parameters: {'gradient_clip_val': 0.9812326490509456, 'hidden_size': 12, 'dropout': 0.30836970719238965, 'hidden_continuous_size': 6, 'attention_head_size': 3, 'learning_rate': 0.002290162769806518}. Best is trial 1 with value: 0.0833635926246643.
[I 2023-12-27 11:35:39,275] Trial 22 finished with value: 3.4610822200775146 and parameters: {'gradient_clip_val': 0.4956393966138082, 'hidden_size': 12, 'dropout': 0.31032928470978544, 'hidden_continuous_size': 7, 'attention_head_size': 4, 'learning_rate': 0.0006576325282993197}. Best is trial 1 with value: 0.0833635926246643.
[I 2023-12-27 11:35:39,847] Trial 23 finished with value: 4.229400634765625 and parameters: {'gradient_clip_val': 0.28234798964332236, 'hidden_size': 7, 'dropout': 0.2783335786089039, 'hidden_continuous_size': 5, 'attention_head_size': 3, 'learning_rate': 0.007258336556235185}. Best is trial 1 with value: 0.0833635926246643.
[I 2023-12-27 11:35:40,166] Trial 24 finished with value: 4.669647216796875 and parameters: {'gradient_clip_val': 0.21660032918105454, 'hidden_size': 5, 'dropout': 0.2442023259347864, 'hidden_continuous_size': 5, 'attention_head_size': 2, 'learning_rate': 0.0005349031574311951}. Best is trial 1 with value: 0.0833635926246643.
[I 2023-12-27 11:35:40,533] Trial 25 finished with value: 2.9322617053985596 and parameters: {'gradient_clip_val': 0.6467815231105426, 'hidden_size': 10, 'dropout': 0.2962346789050649, 'hidden_continuous_size': 6, 'attention_head_size': 3, 'learning_rate': 0.0021600129589954033}. Best is trial 1 with value: 0.0833635926246643.
[I 2023-12-27 11:35:40,876] Trial 26 finished with value: 2.8900210857391357 and parameters: {'gradient_clip_val': 0.3551922640266884, 'hidden_size': 16, 'dropout': 0.3379044978289851, 'hidden_continuous_size': 9, 'attention_head_size': 2, 'learning_rate': 0.008666382541729805}. Best is trial 1 with value: 0.0833635926246643.
[I 2023-12-27 11:35:41,253] Trial 27 finished with value: 3.691115379333496 and parameters: {'gradient_clip_val': 0.30943997390350486, 'hidden_size': 23, 'dropout': 0.2391260286296175, 'hidden_continuous_size': 11, 'attention_head_size': 3, 'learning_rate': 0.004925332879797426}. Best is trial 1 with value: 0.0833635926246643.
[I 2023-12-27 11:35:41,629] Trial 28 finished with value: 4.084178447723389 and parameters: {'gradient_clip_val': 0.2383791239890762, 'hidden_size': 7, 'dropout': 0.2884936265284453, 'hidden_continuous_size': 5, 'attention_head_size': 4, 'learning_rate': 0.011987670328977384}. Best is trial 1 with value: 0.0833635926246643.
[I 2023-12-27 11:35:42,014] Trial 29 finished with value: 3.0001678466796875 and parameters: {'gradient_clip_val': 0.4062782662662251, 'hidden_size': 26, 'dropout': 0.25688788272877505, 'hidden_continuous_size': 9, 'attention_head_size': 4, 'learning_rate': 0.01747524868525873}. Best is trial 1 with value: 0.0833635926246643.
[I 2023-12-27 11:35:42,372] Trial 30 finished with value: 3.5174970626831055 and parameters: {'gradient_clip_val': 0.3080858715563937, 'hidden_size': 10, 'dropout': 0.2819532107724409, 'hidden_continuous_size': 7, 'attention_head_size': 2, 'learning_rate': 0.001737174033794694}. Best is trial 1 with value: 0.0833635926246643.
[I 2023-12-27 11:35:42,927] Trial 31 finished with value: 4.194673538208008 and parameters: {'gradient_clip_val': 0.17670240714054974, 'hidden_size': 139, 'dropout': 0.1564405421300893, 'hidden_continuous_size': 37, 'attention_head_size': 1, 'learning_rate': 0.0031383321217526576}. Best is trial 1 with value: 0.0833635926246643.
[I 2023-12-27 11:35:43,375] Trial 32 finished with value: 3.5128982067108154 and parameters: {'gradient_clip_val': 0.18000700204342912, 'hidden_size': 72, 'dropout': 0.19451407218007227, 'hidden_continuous_size': 43, 'attention_head_size': 1, 'learning_rate': 0.0014582970683092106}. Best is trial 1 with value: 0.0833635926246643.
[I 2023-12-27 11:35:43,755] Trial 33 finished with value: 3.8621644973754883 and parameters: {'gradient_clip_val': 0.20330352261768805, 'hidden_size': 37, 'dropout': 0.2197658891169592, 'hidden_continuous_size': 12, 'attention_head_size': 1, 'learning_rate': 0.000969021805024954}. Best is trial 1 with value: 0.0833635926246643.
[I 2023-12-27 11:35:44,132] Trial 34 finished with value: 3.3624963760375977 and parameters: {'gradient_clip_val': 0.15553283241122345, 'hidden_size': 15, 'dropout': 0.15859487555925145, 'hidden_continuous_size': 10, 'attention_head_size': 3, 'learning_rate': 0.002756487589798514}. Best is trial 1 with value: 0.0833635926246643.
[I 2023-12-27 11:35:44,487] Trial 35 finished with value: 3.512394905090332 and parameters: {'gradient_clip_val': 0.1262035160432776, 'hidden_size': 14, 'dropout': 0.19625494760380222, 'hidden_continuous_size': 8, 'attention_head_size': 1, 'learning_rate': 0.001148798582580688}. Best is trial 1 with value: 0.0833635926246643.
[I 2023-12-27 11:35:45,062] Trial 36 finished with value: 3.6648495197296143 and parameters: {'gradient_clip_val': 0.19149358491535184, 'hidden_size': 23, 'dropout': 0.22482665328697599, 'hidden_continuous_size': 14, 'attention_head_size': 2, 'learning_rate': 0.001918175751017569}. Best is trial 1 with value: 0.0833635926246643.
[I 2023-12-27 11:35:45,464] Trial 37 finished with value: 2.853201150894165 and parameters: {'gradient_clip_val': 0.11723843641144671, 'hidden_size': 42, 'dropout': 0.4201093236851165, 'hidden_continuous_size': 16, 'attention_head_size': 1, 'learning_rate': 0.0038062454206894167}. Best is trial 1 with value: 0.0833635926246643.
[I 2023-12-27 11:35:45,830] Trial 38 finished with value: 2.4452860355377197 and parameters: {'gradient_clip_val': 0.24223180335807246, 'hidden_size': 22, 'dropout': 0.3272997769265361, 'hidden_continuous_size': 10, 'attention_head_size': 3, 'learning_rate': 0.002663725256736369}. Best is trial 1 with value: 0.0833635926246643.
[I 2023-12-27 11:35:46,317] Trial 39 finished with value: 2.6403443813323975 and parameters: {'gradient_clip_val': 0.16055496073635872, 'hidden_size': 90, 'dropout': 0.2548603338868371, 'hidden_continuous_size': 71, 'attention_head_size': 2, 'learning_rate': 0.005336390563616454}. Best is trial 1 with value: 0.0833635926246643.
[I 2023-12-27 11:35:46,727] Trial 40 finished with value: 4.562355041503906 and parameters: {'gradient_clip_val': 0.14302308099620542, 'hidden_size': 47, 'dropout': 0.29186345262940444, 'hidden_continuous_size': 19, 'attention_head_size': 3, 'learning_rate': 0.000878032347342935}. Best is trial 1 with value: 0.0833635926246643.
[I 2023-12-27 11:35:47,111] Trial 41 finished with value: 3.098440408706665 and parameters: {'gradient_clip_val': 0.10904924779139717, 'hidden_size': 19, 'dropout': 0.2419215147371096, 'hidden_continuous_size': 13, 'attention_head_size': 3, 'learning_rate': 0.010311748223217652}. Best is trial 1 with value: 0.0833635926246643.
[I 2023-12-27 11:35:47,491] Trial 42 finished with value: 2.6221747398376465 and parameters: {'gradient_clip_val': 0.10510138163116932, 'hidden_size': 28, 'dropout': 0.22706533648672567, 'hidden_continuous_size': 6, 'attention_head_size': 3, 'learning_rate': 0.01911760488632808}. Best is trial 1 with value: 0.0833635926246643.
[I 2023-12-27 11:35:47,885] Trial 43 finished with value: 3.1834309101104736 and parameters: {'gradient_clip_val': 0.10092430378190989, 'hidden_size': 33, 'dropout': 0.27098244482800377, 'hidden_continuous_size': 24, 'attention_head_size': 3, 'learning_rate': 0.02278230238795977}. Best is trial 1 with value: 0.0833635926246643.
[I 2023-12-27 11:35:48,247] Trial 44 finished with value: 3.409489870071411 and parameters: {'gradient_clip_val': 0.1363041645404267, 'hidden_size': 18, 'dropout': 0.20365596025654487, 'hidden_continuous_size': 12, 'attention_head_size': 2, 'learning_rate': 0.011235799705426592}. Best is trial 1 with value: 0.0833635926246643.
[I 2023-12-27 11:35:48,598] Trial 45 finished with value: 2.942913770675659 and parameters: {'gradient_clip_val': 0.12120048535128196, 'hidden_size': 16, 'dropout': 0.29959683825372213, 'hidden_continuous_size': 10, 'attention_head_size': 4, 'learning_rate': 0.00800082162320546}. Best is trial 1 with value: 0.0833635926246643.
[I 2023-12-27 11:35:48,956] Trial 46 finished with value: 3.961526870727539 and parameters: {'gradient_clip_val': 0.1674883077158388, 'hidden_size': 13, 'dropout': 0.26234240270736503, 'hidden_continuous_size': 8, 'attention_head_size': 2, 'learning_rate': 0.030389945728425953}. Best is trial 1 with value: 0.0833635926246643.
[I 2023-12-27 11:35:49,353] Trial 47 finished with value: 3.558457136154175 and parameters: {'gradient_clip_val': 0.1948564271987589, 'hidden_size': 34, 'dropout': 0.1317802298432493, 'hidden_continuous_size': 19, 'attention_head_size': 3, 'learning_rate': 0.014974615463325285}. Best is trial 1 with value: 0.0833635926246643.
[I 2023-12-27 11:35:49,727] Trial 48 finished with value: 3.6654434204101562 and parameters: {'gradient_clip_val': 0.21955683202548487, 'hidden_size': 26, 'dropout': 0.3208628583406491, 'hidden_continuous_size': 15, 'attention_head_size': 2, 'learning_rate': 0.006318067337386127}. Best is trial 1 with value: 0.0833635926246643.
[I 2023-12-27 11:35:50,369] Trial 49 finished with value: 3.347266912460327 and parameters: {'gradient_clip_val': 0.18666913294197893, 'hidden_size': 54, 'dropout': 0.3548528754379579, 'hidden_continuous_size': 28, 'attention_head_size': 1, 'learning_rate': 0.009224379794895878}. Best is trial 1 with value: 0.0833635926246643.
[I 2023-12-27 11:35:50,475] A new study created in memory with name: no-name-8fe96d63-ccdb-4219-850f-f5148d40d605
/home/le004/conda/anaconda3/envs/tsff_env/lib/python3.9/site-packages/lightning/fabric/plugins/environments/slurm.py:191: The `srun` command is available on your system but is not used. HINT: If your intention is to run Lightning on SLURM, prepend your python command with `srun` like so: srun python /home/le004/master_thesis/git/TSFusionForecast/code/ ...
[I 2023-12-27 11:36:20,193] Trial 0 finished with value: 1.8201016187667847 and parameters: {'gradient_clip_val': 0.5375670777663845, 'hidden_size': 7, 'dropout': 0.48448859308010583, 'hidden_continuous_size': 5, 'attention_head_size': 2, 'learning_rate': 0.004182550937707379}. Best is trial 0 with value: 1.8201016187667847.
[I 2023-12-27 11:36:29,920] Trial 1 finished with value: 2.555603504180908 and parameters: {'gradient_clip_val': 0.12308419629502891, 'hidden_size': 6, 'dropout': 0.14287351466513282, 'hidden_continuous_size': 5, 'attention_head_size': 4, 'learning_rate': 0.005917383275085174}. Best is trial 0 with value: 1.8201016187667847.
[I 2023-12-27 11:36:30,279] Trial 2 finished with value: 4.179022312164307 and parameters: {'gradient_clip_val': 0.3105918504306109, 'hidden_size': 28, 'dropout': 0.37007847267646865, 'hidden_continuous_size': 10, 'attention_head_size': 4, 'learning_rate': 0.011165250589645508}. Best is trial 0 with value: 1.8201016187667847.
[I 2023-12-27 11:36:30,750] Trial 3 finished with value: 5.081965446472168 and parameters: {'gradient_clip_val': 0.43618744916663366, 'hidden_size': 114, 'dropout': 0.12542458917812105, 'hidden_continuous_size': 32, 'attention_head_size': 1, 'learning_rate': 0.0019548554864706595}. Best is trial 0 with value: 1.8201016187667847.
