[I 2023-12-16 11:42:55,886] Trial 23 finished with value: 0.07160534709692001 and parameters: {'gradient_clip_val': 0.5616039038303904, 'hidden_size': 7, 'dropout': 0.14390374275504836, 'hidden_continuous_size': 5, 'attention_head_size': 4, 'learning_rate': 0.030623267768331682}. Best is trial 6 with value: 0.03695615008473396.
LOCAL_RANK: 0 - CUDA_VISIBLE_DEVICES: [0]
[I 2023-12-16 11:43:42,480] Trial 24 finished with value: 0.07734783738851547 and parameters: {'gradient_clip_val': 0.3864201992239245, 'hidden_size': 10, 'dropout': 0.184809478662961, 'hidden_continuous_size': 6, 'attention_head_size': 4, 'learning_rate': 0.01799163601054265}. Best is trial 6 with value: 0.03695615008473396.
LOCAL_RANK: 0 - CUDA_VISIBLE_DEVICES: [0]
[I 2023-12-16 11:44:17,157] Trial 25 finished with value: 0.1296539157629013 and parameters: {'gradient_clip_val': 0.3861766160826037, 'hidden_size': 5, 'dropout': 0.20393671710580222, 'hidden_continuous_size': 5, 'attention_head_size': 3, 'learning_rate': 0.03704767448494576}. Best is trial 6 with value: 0.03695615008473396.
LOCAL_RANK: 0 - CUDA_VISIBLE_DEVICES: [0]
[I 2023-12-16 11:45:04,700] Trial 26 finished with value: 0.05264398455619812 and parameters: {'gradient_clip_val': 0.5797270127470971, 'hidden_size': 17, 'dropout': 0.15622973281643784, 'hidden_continuous_size': 7, 'attention_head_size': 4, 'learning_rate': 0.010321479768996418}. Best is trial 6 with value: 0.03695615008473396.
LOCAL_RANK: 0 - CUDA_VISIBLE_DEVICES: [0]
[I 2023-12-16 11:45:53,332] Trial 27 finished with value: 0.14037038385868073 and parameters: {'gradient_clip_val': 0.6125218011228007, 'hidden_size': 21, 'dropout': 0.1557561897304888, 'hidden_continuous_size': 7, 'attention_head_size': 3, 'learning_rate': 0.005693475624453947}. Best is trial 6 with value: 0.03695615008473396.
LOCAL_RANK: 0 - CUDA_VISIBLE_DEVICES: [0]
[I 2023-12-16 11:46:46,642] Trial 28 finished with value: 0.06752148270606995 and parameters: {'gradient_clip_val': 0.48537404865911504, 'hidden_size': 31, 'dropout': 0.18228804944827004, 'hidden_continuous_size': 28, 'attention_head_size': 4, 'learning_rate': 0.011928278431688416}. Best is trial 6 with value: 0.03695615008473396.
LOCAL_RANK: 0 - CUDA_VISIBLE_DEVICES: [0]
[I 2023-12-16 11:47:33,656] Trial 29 finished with value: 0.06330850720405579 and parameters: {'gradient_clip_val': 0.6202306888651209, 'hidden_size': 17, 'dropout': 0.2128429085765622, 'hidden_continuous_size': 7, 'attention_head_size': 4, 'learning_rate': 0.009494941132259817}. Best is trial 6 with value: 0.03695615008473396.
LOCAL_RANK: 0 - CUDA_VISIBLE_DEVICES: [0]
[I 2023-12-16 11:48:19,666] Trial 30 finished with value: 0.06298068165779114 and parameters: {'gradient_clip_val': 0.2854284416718962, 'hidden_size': 15, 'dropout': 0.16840715832904327, 'hidden_continuous_size': 8, 'attention_head_size': 2, 'learning_rate': 0.005782857074778281}. Best is trial 6 with value: 0.03695615008473396.
LOCAL_RANK: 0 - CUDA_VISIBLE_DEVICES: [0]
[I 2023-12-16 11:49:05,800] Trial 31 finished with value: 0.07134794443845749 and parameters: {'gradient_clip_val': 0.2561317306056305, 'hidden_size': 14, 'dropout': 0.1676065082164812, 'hidden_continuous_size': 8, 'attention_head_size': 2, 'learning_rate': 0.00611269435730652}. Best is trial 6 with value: 0.03695615008473396.
LOCAL_RANK: 0 - CUDA_VISIBLE_DEVICES: [0]
[I 2023-12-16 11:49:52,703] Trial 32 finished with value: 0.1353113204240799 and parameters: {'gradient_clip_val': 0.2914147486828222, 'hidden_size': 20, 'dropout': 0.19596227861564475, 'hidden_continuous_size': 8, 'attention_head_size': 2, 'learning_rate': 0.005171123254722636}. Best is trial 6 with value: 0.03695615008473396.
LOCAL_RANK: 0 - CUDA_VISIBLE_DEVICES: [0]
[I 2023-12-16 11:50:38,424] Trial 33 finished with value: 0.09281785041093826 and parameters: {'gradient_clip_val': 0.3490486336450247, 'hidden_size': 17, 'dropout': 0.15167236788328442, 'hidden_continuous_size': 6, 'attention_head_size': 1, 'learning_rate': 0.009359427404070982}. Best is trial 6 with value: 0.03695615008473396.
LOCAL_RANK: 0 - CUDA_VISIBLE_DEVICES: [0]
[I 2023-12-16 11:51:26,297] Trial 34 finished with value: 0.1810247153043747 and parameters: {'gradient_clip_val': 0.7233540359544832, 'hidden_size': 24, 'dropout': 0.17435786194541117, 'hidden_continuous_size': 9, 'attention_head_size': 2, 'learning_rate': 0.0038530162503121242}. Best is trial 6 with value: 0.03695615008473396.
LOCAL_RANK: 0 - CUDA_VISIBLE_DEVICES: [0]
[I 2023-12-16 11:52:14,304] Trial 35 finished with value: 0.0497557707130909 and parameters: {'gradient_clip_val': 0.8880269912168561, 'hidden_size': 19, 'dropout': 0.2011995882555217, 'hidden_continuous_size': 7, 'attention_head_size': 3, 'learning_rate': 0.017212728320519437}. Best is trial 6 with value: 0.03695615008473396.
LOCAL_RANK: 0 - CUDA_VISIBLE_DEVICES: [0]
[I 2023-12-16 11:53:00,848] Trial 36 finished with value: 0.048226844519376755 and parameters: {'gradient_clip_val': 0.9128357198647659, 'hidden_size': 20, 'dropout': 0.1927990038420561, 'hidden_continuous_size': 6, 'attention_head_size': 3, 'learning_rate': 0.017433567309939127}. Best is trial 6 with value: 0.03695615008473396.
LOCAL_RANK: 0 - CUDA_VISIBLE_DEVICES: [0]
[I 2023-12-16 11:53:50,349] Trial 37 finished with value: 0.07163884490728378 and parameters: {'gradient_clip_val': 0.9252257426801425, 'hidden_size': 31, 'dropout': 0.24502857459139982, 'hidden_continuous_size': 6, 'attention_head_size': 3, 'learning_rate': 0.01750665146348727}. Best is trial 6 with value: 0.03695615008473396.
LOCAL_RANK: 0 - CUDA_VISIBLE_DEVICES: [0]
[I 2023-12-16 11:54:36,941] Trial 38 finished with value: 0.07496711611747742 and parameters: {'gradient_clip_val': 0.845043910448037, 'hidden_size': 20, 'dropout': 0.2245288383660472, 'hidden_continuous_size': 6, 'attention_head_size': 3, 'learning_rate': 0.015553728731531654}. Best is trial 6 with value: 0.03695615008473396.
LOCAL_RANK: 0 - CUDA_VISIBLE_DEVICES: [0]
[I 2023-12-16 11:55:22,739] Trial 39 finished with value: 0.07309634983539581 and parameters: {'gradient_clip_val': 0.9828242876487979, 'hidden_size': 6, 'dropout': 0.19079160696711672, 'hidden_continuous_size': 5, 'attention_head_size': 3, 'learning_rate': 0.01942879966115666}. Best is trial 6 with value: 0.03695615008473396.
LOCAL_RANK: 0 - CUDA_VISIBLE_DEVICES: [0]
[I 2023-12-16 11:56:07,620] Trial 40 finished with value: 0.0739273726940155 and parameters: {'gradient_clip_val': 0.7727739274639883, 'hidden_size': 12, 'dropout': 0.20328387328656444, 'hidden_continuous_size': 6, 'attention_head_size': 3, 'learning_rate': 0.034079331742378136}. Best is trial 6 with value: 0.03695615008473396.
LOCAL_RANK: 0 - CUDA_VISIBLE_DEVICES: [0]
[I 2023-12-16 11:56:55,549] Trial 41 finished with value: 0.08810112625360489 and parameters: {'gradient_clip_val': 0.8535351733121388, 'hidden_size': 18, 'dropout': 0.1886369822319394, 'hidden_continuous_size': 7, 'attention_head_size': 4, 'learning_rate': 0.011350353456878055}. Best is trial 6 with value: 0.03695615008473396.
LOCAL_RANK: 0 - CUDA_VISIBLE_DEVICES: [0]
[I 2023-12-16 11:57:45,192] Trial 42 finished with value: 0.0640740916132927 and parameters: {'gradient_clip_val': 0.7872754915468181, 'hidden_size': 22, 'dropout': 0.20840238972694647, 'hidden_continuous_size': 7, 'attention_head_size': 4, 'learning_rate': 0.008114447314896286}. Best is trial 6 with value: 0.03695615008473396.
LOCAL_RANK: 0 - CUDA_VISIBLE_DEVICES: [0]
[I 2023-12-16 11:58:32,142] Trial 43 finished with value: 0.051200274378061295 and parameters: {'gradient_clip_val': 0.6795442444187865, 'hidden_size': 15, 'dropout': 0.2219423062341056, 'hidden_continuous_size': 7, 'attention_head_size': 4, 'learning_rate': 0.011048791375947834}. Best is trial 6 with value: 0.03695615008473396.
LOCAL_RANK: 0 - CUDA_VISIBLE_DEVICES: [0]
[I 2023-12-16 11:59:22,356] Trial 44 finished with value: 0.07619420439004898 and parameters: {'gradient_clip_val': 0.7393533135189487, 'hidden_size': 27, 'dropout': 0.2622795739307727, 'hidden_continuous_size': 10, 'attention_head_size': 4, 'learning_rate': 0.023521078246065027}. Best is trial 6 with value: 0.03695615008473396.
LOCAL_RANK: 0 - CUDA_VISIBLE_DEVICES: [0]
[I 2023-12-16 12:00:08,527] Trial 45 finished with value: 0.11422855406999588 and parameters: {'gradient_clip_val': 0.9886092705909562, 'hidden_size': 14, 'dropout': 0.2275809683558532, 'hidden_continuous_size': 7, 'attention_head_size': 3, 'learning_rate': 0.017799207163926477}. Best is trial 6 with value: 0.03695615008473396.
LOCAL_RANK: 0 - CUDA_VISIBLE_DEVICES: [0]
[I 2023-12-16 12:00:56,691] Trial 46 finished with value: 0.0554480142891407 and parameters: {'gradient_clip_val': 0.6859572985424921, 'hidden_size': 19, 'dropout': 0.1975500167933981, 'hidden_continuous_size': 6, 'attention_head_size': 4, 'learning_rate': 0.008130429007649275}. Best is trial 6 with value: 0.03695615008473396.
LOCAL_RANK: 0 - CUDA_VISIBLE_DEVICES: [0]
[I 2023-12-16 12:01:46,205] Trial 47 finished with value: 0.07934942841529846 and parameters: {'gradient_clip_val': 0.8762109921148623, 'hidden_size': 23, 'dropout': 0.2195077949620996, 'hidden_continuous_size': 9, 'attention_head_size': 4, 'learning_rate': 0.01175879991382062}. Best is trial 6 with value: 0.03695615008473396.
LOCAL_RANK: 0 - CUDA_VISIBLE_DEVICES: [0]
[I 2023-12-16 12:02:32,305] Trial 48 finished with value: 0.06796099990606308 and parameters: {'gradient_clip_val': 0.6745191513323958, 'hidden_size': 11, 'dropout': 0.24058750988684696, 'hidden_continuous_size': 6, 'attention_head_size': 3, 'learning_rate': 0.05841065332972095}. Best is trial 6 with value: 0.03695615008473396.
LOCAL_RANK: 0 - CUDA_VISIBLE_DEVICES: [0]
[I 2023-12-16 12:03:19,242] Trial 49 finished with value: 0.07227806746959686 and parameters: {'gradient_clip_val': 0.7959594506206353, 'hidden_size': 15, 'dropout': 0.25099626119896046, 'hidden_continuous_size': 8, 'attention_head_size': 4, 'learning_rate': 0.026790313297995787}. Best is trial 6 with value: 0.03695615008473396.
[I 2023-12-16 12:03:19,338] A new study created in memory with name: no-name-4a6b9062-aeb2-401b-88f7-920ed42ac572
/home/le004/conda/anaconda3/envs/tsff_env/lib/python3.9/site-packages/lightning/fabric/plugins/environments/slurm.py:191: The `srun` command is available on your system but is not used. HINT: If your intention is to run Lightning on SLURM, prepend your python command with `srun` like so: srun python /home/le004/master_thesis/git/TSFusionForecast/code/ ...
LOCAL_RANK: 0 - CUDA_VISIBLE_DEVICES: [0]
[I 2023-12-16 12:04:14,057] Trial 0 finished with value: 0.1449221968650818 and parameters: {'gradient_clip_val': 0.1861460409011325, 'hidden_size': 70, 'dropout': 0.2782473903322087, 'hidden_continuous_size': 22, 'attention_head_size': 3, 'learning_rate': 0.05028611625561251}. Best is trial 0 with value: 0.1449221968650818.
LOCAL_RANK: 0 - CUDA_VISIBLE_DEVICES: [0]
[I 2023-12-16 12:05:00,507] Trial 1 finished with value: 0.1257437914609909 and parameters: {'gradient_clip_val': 0.3184633795933877, 'hidden_size': 14, 'dropout': 0.1966126542359245, 'hidden_continuous_size': 10, 'attention_head_size': 2, 'learning_rate': 0.04815364921111771}. Best is trial 1 with value: 0.1257437914609909.
LOCAL_RANK: 0 - CUDA_VISIBLE_DEVICES: [0]
[I 2023-12-16 12:05:49,837] Trial 2 finished with value: 0.19565530121326447 and parameters: {'gradient_clip_val': 0.28569477375812957, 'hidden_size': 26, 'dropout': 0.11964571513536301, 'hidden_continuous_size': 5, 'attention_head_size': 2, 'learning_rate': 0.0027015820565629224}. Best is trial 1 with value: 0.1257437914609909.
LOCAL_RANK: 0 - CUDA_VISIBLE_DEVICES: [0]
[I 2023-12-16 12:06:35,146] Trial 3 finished with value: 0.5309456586837769 and parameters: {'gradient_clip_val': 0.4808710524475742, 'hidden_size': 9, 'dropout': 0.28055397093608336, 'hidden_continuous_size': 5, 'attention_head_size': 2, 'learning_rate': 0.03159446934866006}. Best is trial 1 with value: 0.1257437914609909.
LOCAL_RANK: 0 - CUDA_VISIBLE_DEVICES: [0]
[I 2023-12-16 12:07:21,666] Trial 4 finished with value: 0.34339991211891174 and parameters: {'gradient_clip_val': 0.3021534535394174, 'hidden_size': 6, 'dropout': 0.22733128958115495, 'hidden_continuous_size': 5, 'attention_head_size': 4, 'learning_rate': 0.0789417712557546}. Best is trial 1 with value: 0.1257437914609909.
LOCAL_RANK: 0 - CUDA_VISIBLE_DEVICES: [0]
[I 2023-12-16 12:08:14,418] Trial 5 finished with value: 5.08429479598999 and parameters: {'gradient_clip_val': 0.41264306964066927, 'hidden_size': 65, 'dropout': 0.3886384985471444, 'hidden_continuous_size': 6, 'attention_head_size': 4, 'learning_rate': 0.0005134512894543282}. Best is trial 1 with value: 0.1257437914609909.
LOCAL_RANK: 0 - CUDA_VISIBLE_DEVICES: [0]
[I 2023-12-16 12:09:01,519] Trial 6 finished with value: 0.2597295343875885 and parameters: {'gradient_clip_val': 0.8061352313441491, 'hidden_size': 19, 'dropout': 0.27573715638996227, 'hidden_continuous_size': 7, 'attention_head_size': 1, 'learning_rate': 0.003613732689194538}. Best is trial 1 with value: 0.1257437914609909.
LOCAL_RANK: 0 - CUDA_VISIBLE_DEVICES: [0]
[I 2023-12-16 12:09:48,318] Trial 7 finished with value: 0.2627476453781128 and parameters: {'gradient_clip_val': 0.15173310274839966, 'hidden_size': 20, 'dropout': 0.38717451764646527, 'hidden_continuous_size': 6, 'attention_head_size': 3, 'learning_rate': 0.002722964483035044}. Best is trial 1 with value: 0.1257437914609909.
LOCAL_RANK: 0 - CUDA_VISIBLE_DEVICES: [0]
[I 2023-12-16 12:10:22,775] Trial 8 finished with value: 0.3005712032318115 and parameters: {'gradient_clip_val': 0.32808544196196615, 'hidden_size': 13, 'dropout': 0.17686568828704669, 'hidden_continuous_size': 13, 'attention_head_size': 1, 'learning_rate': 0.05019604756413007}. Best is trial 1 with value: 0.1257437914609909.
LOCAL_RANK: 0 - CUDA_VISIBLE_DEVICES: [0]
[I 2023-12-16 12:11:16,743] Trial 9 finished with value: 0.1690526008605957 and parameters: {'gradient_clip_val': 0.34911376956456835, 'hidden_size': 59, 'dropout': 0.13360052951101611, 'hidden_continuous_size': 15, 'attention_head_size': 2, 'learning_rate': 0.006320921175966532}. Best is trial 1 with value: 0.1257437914609909.
LOCAL_RANK: 0 - CUDA_VISIBLE_DEVICES: [0]
[I 2023-12-16 12:11:50,709] Trial 10 finished with value: 0.42946112155914307 and parameters: {'gradient_clip_val': 0.10865330065589919, 'hidden_size': 5, 'dropout': 0.20722262450933435, 'hidden_continuous_size': 5, 'attention_head_size': 1, 'learning_rate': 0.01690462203134366}. Best is trial 1 with value: 0.1257437914609909.
LOCAL_RANK: 0 - CUDA_VISIBLE_DEVICES: [0]
[I 2023-12-16 12:12:46,484] Trial 11 finished with value: 0.10240217298269272 and parameters: {'gradient_clip_val': 0.20187948161652214, 'hidden_size': 84, 'dropout': 0.2936727777271141, 'hidden_continuous_size': 42, 'attention_head_size': 3, 'learning_rate': 0.02304496644056693}. Best is trial 11 with value: 0.10240217298269272.
LOCAL_RANK: 0 - CUDA_VISIBLE_DEVICES: [0]
[I 2023-12-16 12:13:43,354] Trial 12 finished with value: 0.08793356269598007 and parameters: {'gradient_clip_val': 0.22070230265104906, 'hidden_size': 95, 'dropout': 0.31818711634007946, 'hidden_continuous_size': 51, 'attention_head_size': 3, 'learning_rate': 0.019751488153779903}. Best is trial 12 with value: 0.08793356269598007.
LOCAL_RANK: 0 - CUDA_VISIBLE_DEVICES: [0]
[I 2023-12-16 12:14:40,423] Trial 13 finished with value: 0.07518815249204636 and parameters: {'gradient_clip_val': 0.1922972249034102, 'hidden_size': 100, 'dropout': 0.33046204890993913, 'hidden_continuous_size': 49, 'attention_head_size': 3, 'learning_rate': 0.015009593927521927}. Best is trial 13 with value: 0.07518815249204636.
LOCAL_RANK: 0 - CUDA_VISIBLE_DEVICES: [0]
[I 2023-12-16 12:15:39,273] Trial 14 finished with value: 0.6091484427452087 and parameters: {'gradient_clip_val': 0.22542358183361907, 'hidden_size': 100, 'dropout': 0.33961729560321474, 'hidden_continuous_size': 91, 'attention_head_size': 4, 'learning_rate': 0.013191113344931116}. Best is trial 13 with value: 0.07518815249204636.
LOCAL_RANK: 0 - CUDA_VISIBLE_DEVICES: [0]
[I 2023-12-16 12:16:33,328] Trial 15 finished with value: 0.38569286465644836 and parameters: {'gradient_clip_val': 0.1408149842425755, 'hidden_size': 42, 'dropout': 0.3362354194738483, 'hidden_continuous_size': 35, 'attention_head_size': 3, 'learning_rate': 0.012167359217212017}. Best is trial 13 with value: 0.07518815249204636.
LOCAL_RANK: 0 - CUDA_VISIBLE_DEVICES: [0]
[I 2023-12-16 12:17:27,151] Trial 16 finished with value: 0.12333399057388306 and parameters: {'gradient_clip_val': 0.2320121380374526, 'hidden_size': 45, 'dropout': 0.3281755913422639, 'hidden_continuous_size': 42, 'attention_head_size': 3, 'learning_rate': 0.008320925796194844}. Best is trial 13 with value: 0.07518815249204636.
LOCAL_RANK: 0 - CUDA_VISIBLE_DEVICES: [0]
[I 2023-12-16 12:18:25,955] Trial 17 finished with value: 0.4098323583602905 and parameters: {'gradient_clip_val': 0.10016593458877977, 'hidden_size': 98, 'dropout': 0.24420161693591977, 'hidden_continuous_size': 67, 'attention_head_size': 4, 'learning_rate': 0.028740283875721966}. Best is trial 13 with value: 0.07518815249204636.
LOCAL_RANK: 0 - CUDA_VISIBLE_DEVICES: [0]
[I 2023-12-16 12:19:19,402] Trial 18 finished with value: 0.10264144092798233 and parameters: {'gradient_clip_val': 0.14720302832955082, 'hidden_size': 42, 'dropout': 0.31696204906535314, 'hidden_continuous_size': 25, 'attention_head_size': 3, 'learning_rate': 0.08904596853529925}. Best is trial 13 with value: 0.07518815249204636.
LOCAL_RANK: 0 - CUDA_VISIBLE_DEVICES: [0]
[I 2023-12-16 12:20:12,677] Trial 19 finished with value: 0.08839128166437149 and parameters: {'gradient_clip_val': 0.24537056738245366, 'hidden_size': 54, 'dropout': 0.25290746191839486, 'hidden_continuous_size': 21, 'attention_head_size': 2, 'learning_rate': 0.02399133801985265}. Best is trial 13 with value: 0.07518815249204636.
LOCAL_RANK: 0 - CUDA_VISIBLE_DEVICES: [0]
[I 2023-12-16 12:21:01,890] Trial 20 finished with value: 0.47848621010780334 and parameters: {'gradient_clip_val': 0.17883894956736732, 'hidden_size': 32, 'dropout': 0.3473471665178448, 'hidden_continuous_size': 9, 'attention_head_size': 4, 'learning_rate': 0.00841577695283199}. Best is trial 13 with value: 0.07518815249204636.
LOCAL_RANK: 0 - CUDA_VISIBLE_DEVICES: [0]
[I 2023-12-16 12:21:56,324] Trial 21 finished with value: 0.10793758183717728 and parameters: {'gradient_clip_val': 0.22793425686003702, 'hidden_size': 74, 'dropout': 0.24735848121273638, 'hidden_continuous_size': 30, 'attention_head_size': 2, 'learning_rate': 0.020852749011580584}. Best is trial 13 with value: 0.07518815249204636.
LOCAL_RANK: 0 - CUDA_VISIBLE_DEVICES: [0]
[I 2023-12-16 12:22:50,491] Trial 22 finished with value: 0.12973178923130035 and parameters: {'gradient_clip_val': 0.2555639872230411, 'hidden_size': 59, 'dropout': 0.3105952185415302, 'hidden_continuous_size': 18, 'attention_head_size': 3, 'learning_rate': 0.03173422790356701}. Best is trial 13 with value: 0.07518815249204636.
LOCAL_RANK: 0 - CUDA_VISIBLE_DEVICES: [0]
[I 2023-12-16 12:23:47,057] Trial 23 finished with value: 0.11234406381845474 and parameters: {'gradient_clip_val': 0.2577537101708265, 'hidden_size': 95, 'dropout': 0.3615394073205983, 'hidden_continuous_size': 56, 'attention_head_size': 2, 'learning_rate': 0.015610418024904326}. Best is trial 13 with value: 0.07518815249204636.
LOCAL_RANK: 0 - CUDA_VISIBLE_DEVICES: [0]
[I 2023-12-16 12:24:41,329] Trial 24 finished with value: 0.09938351064920425 and parameters: {'gradient_clip_val': 0.18296022032388157, 'hidden_size': 77, 'dropout': 0.3011547706505199, 'hidden_continuous_size': 25, 'attention_head_size': 3, 'learning_rate': 0.02038352187320037}. Best is trial 13 with value: 0.07518815249204636.
LOCAL_RANK: 0 - CUDA_VISIBLE_DEVICES: [0]
[I 2023-12-16 12:25:35,411] Trial 25 finished with value: 0.13967148959636688 and parameters: {'gradient_clip_val': 0.21090646615554398, 'hidden_size': 54, 'dropout': 0.2639900024197052, 'hidden_continuous_size': 35, 'attention_head_size': 2, 'learning_rate': 0.011373222304053989}. Best is trial 13 with value: 0.07518815249204636.
LOCAL_RANK: 0 - CUDA_VISIBLE_DEVICES: [0]
[I 2023-12-16 12:26:31,427] Trial 26 finished with value: 0.10121310502290726 and parameters: {'gradient_clip_val': 0.2621551084596636, 'hidden_size': 79, 'dropout': 0.3098283485819553, 'hidden_continuous_size': 51, 'attention_head_size': 3, 'learning_rate': 0.0363456984445038}. Best is trial 13 with value: 0.07518815249204636.
LOCAL_RANK: 0 - CUDA_VISIBLE_DEVICES: [0]
[I 2023-12-16 12:27:24,973] Trial 27 finished with value: 0.11514528840780258 and parameters: {'gradient_clip_val': 0.1649067894183886, 'hidden_size': 51, 'dropout': 0.35808391015731084, 'hidden_continuous_size': 20, 'attention_head_size': 2, 'learning_rate': 0.02130410397641827}. Best is trial 13 with value: 0.07518815249204636.
LOCAL_RANK: 0 - CUDA_VISIBLE_DEVICES: [0]
[I 2023-12-16 12:28:22,577] Trial 28 finished with value: 1.2710264921188354 and parameters: {'gradient_clip_val': 0.13085770642456027, 'hidden_size': 100, 'dropout': 0.29331180066298684, 'hidden_continuous_size': 97, 'attention_head_size': 1, 'learning_rate': 0.06107358486045032}. Best is trial 13 with value: 0.07518815249204636.
LOCAL_RANK: 0 - CUDA_VISIBLE_DEVICES: [0]
[I 2023-12-16 12:29:15,928] Trial 29 finished with value: 0.11055940389633179 and parameters: {'gradient_clip_val': 0.17395048580640518, 'hidden_size': 72, 'dropout': 0.26461967864081076, 'hidden_continuous_size': 29, 'attention_head_size': 3, 'learning_rate': 0.042137134026060535}. Best is trial 13 with value: 0.07518815249204636.
LOCAL_RANK: 0 - CUDA_VISIBLE_DEVICES: [0]
