[I 2023-12-16 10:26:30,027] Trial 37 finished with value: 81.64791107177734 and parameters: {'gradient_clip_val': 0.4258701189863574, 'hidden_size': 77, 'dropout': 0.16517697505594403, 'hidden_continuous_size': 23, 'attention_head_size': 4, 'learning_rate': 0.0007188165167258487}. Best is trial 28 with value: 51.45383834838867.
LOCAL_RANK: 0 - CUDA_VISIBLE_DEVICES: [0]
[I 2023-12-16 10:27:22,497] Trial 38 finished with value: 71.43820190429688 and parameters: {'gradient_clip_val': 0.4332290275621567, 'hidden_size': 49, 'dropout': 0.1468388546508136, 'hidden_continuous_size': 11, 'attention_head_size': 3, 'learning_rate': 0.0015438857853983783}. Best is trial 28 with value: 51.45383834838867.
LOCAL_RANK: 0 - CUDA_VISIBLE_DEVICES: [0]
[I 2023-12-16 10:28:11,942] Trial 39 finished with value: 84.0407485961914 and parameters: {'gradient_clip_val': 0.2666786619732977, 'hidden_size': 30, 'dropout': 0.16807217317882375, 'hidden_continuous_size': 13, 'attention_head_size': 3, 'learning_rate': 0.0010181319434613952}. Best is trial 28 with value: 51.45383834838867.
LOCAL_RANK: 0 - CUDA_VISIBLE_DEVICES: [0]
[I 2023-12-16 10:29:04,520] Trial 40 finished with value: 80.4857177734375 and parameters: {'gradient_clip_val': 0.3211026032574998, 'hidden_size': 48, 'dropout': 0.18790336977436933, 'hidden_continuous_size': 18, 'attention_head_size': 4, 'learning_rate': 0.0007414731450843406}. Best is trial 28 with value: 51.45383834838867.
LOCAL_RANK: 0 - CUDA_VISIBLE_DEVICES: [0]
[I 2023-12-16 10:29:57,183] Trial 41 finished with value: 60.12116622924805 and parameters: {'gradient_clip_val': 0.48202845221021917, 'hidden_size': 65, 'dropout': 0.2100483506776451, 'hidden_continuous_size': 15, 'attention_head_size': 2, 'learning_rate': 0.0005031760434826925}. Best is trial 28 with value: 51.45383834838867.
LOCAL_RANK: 0 - CUDA_VISIBLE_DEVICES: [0]
[I 2023-12-16 10:30:49,296] Trial 42 finished with value: 57.90073776245117 and parameters: {'gradient_clip_val': 0.3428817064949443, 'hidden_size': 37, 'dropout': 0.19614333398947487, 'hidden_continuous_size': 18, 'attention_head_size': 2, 'learning_rate': 0.000623148559533663}. Best is trial 28 with value: 51.45383834838867.
LOCAL_RANK: 0 - CUDA_VISIBLE_DEVICES: [0]
[I 2023-12-16 10:31:37,901] Trial 43 finished with value: 54.416839599609375 and parameters: {'gradient_clip_val': 0.3759360906573856, 'hidden_size': 26, 'dropout': 0.22813047578055165, 'hidden_continuous_size': 13, 'attention_head_size': 2, 'learning_rate': 0.0011195505742593477}. Best is trial 28 with value: 51.45383834838867.
LOCAL_RANK: 0 - CUDA_VISIBLE_DEVICES: [0]
[I 2023-12-16 10:32:26,860] Trial 44 finished with value: 72.80097198486328 and parameters: {'gradient_clip_val': 0.3997780473760945, 'hidden_size': 26, 'dropout': 0.2280072069887322, 'hidden_continuous_size': 13, 'attention_head_size': 3, 'learning_rate': 0.0010364383766813506}. Best is trial 28 with value: 51.45383834838867.
LOCAL_RANK: 0 - CUDA_VISIBLE_DEVICES: [0]
[I 2023-12-16 10:33:15,516] Trial 45 finished with value: 81.85482788085938 and parameters: {'gradient_clip_val': 0.5250981703148107, 'hidden_size': 32, 'dropout': 0.21881442222202765, 'hidden_continuous_size': 14, 'attention_head_size': 3, 'learning_rate': 0.0015781344749532225}. Best is trial 28 with value: 51.45383834838867.
LOCAL_RANK: 0 - CUDA_VISIBLE_DEVICES: [0]
[I 2023-12-16 10:34:08,099] Trial 46 finished with value: 51.0209846496582 and parameters: {'gradient_clip_val': 0.2947882524648032, 'hidden_size': 84, 'dropout': 0.2462221455272494, 'hidden_continuous_size': 10, 'attention_head_size': 2, 'learning_rate': 0.0022988812587800885}. Best is trial 46 with value: 51.0209846496582.
LOCAL_RANK: 0 - CUDA_VISIBLE_DEVICES: [0]
[I 2023-12-16 10:35:01,581] Trial 47 finished with value: 117.58743286132812 and parameters: {'gradient_clip_val': 0.2469230691497338, 'hidden_size': 92, 'dropout': 0.2535057793026518, 'hidden_continuous_size': 10, 'attention_head_size': 2, 'learning_rate': 0.002016283917740163}. Best is trial 46 with value: 51.0209846496582.
LOCAL_RANK: 0 - CUDA_VISIBLE_DEVICES: [0]
[I 2023-12-16 10:35:58,372] Trial 48 finished with value: 73.14842224121094 and parameters: {'gradient_clip_val': 0.29970324727953995, 'hidden_size': 87, 'dropout': 0.267005025644494, 'hidden_continuous_size': 74, 'attention_head_size': 2, 'learning_rate': 0.002364502077649903}. Best is trial 46 with value: 51.0209846496582.
LOCAL_RANK: 0 - CUDA_VISIBLE_DEVICES: [0]
[I 2023-12-16 10:36:51,827] Trial 49 finished with value: 99.60214233398438 and parameters: {'gradient_clip_val': 0.5980368781311597, 'hidden_size': 77, 'dropout': 0.29096315533738415, 'hidden_continuous_size': 10, 'attention_head_size': 3, 'learning_rate': 0.0006859162416677783}. Best is trial 46 with value: 51.0209846496582.
[I 2023-12-16 10:36:51,921] A new study created in memory with name: no-name-807addd6-2525-41b4-af59-be09bab2577c
/home/le004/conda/anaconda3/envs/tsff_env/lib/python3.9/site-packages/lightning/fabric/plugins/environments/slurm.py:191: The `srun` command is available on your system but is not used. HINT: If your intention is to run Lightning on SLURM, prepend your python command with `srun` like so: srun python /home/le004/master_thesis/git/TSFusionForecast/code/ ...
LOCAL_RANK: 0 - CUDA_VISIBLE_DEVICES: [0]
[I 2023-12-16 10:37:35,232] Trial 0 finished with value: 40.71152114868164 and parameters: {'gradient_clip_val': 0.3478849132889133, 'hidden_size': 8, 'dropout': 0.11639198807587699, 'hidden_continuous_size': 5, 'attention_head_size': 1, 'learning_rate': 0.02224100987968935}. Best is trial 0 with value: 40.71152114868164.
LOCAL_RANK: 0 - CUDA_VISIBLE_DEVICES: [0]
[I 2023-12-16 10:38:19,578] Trial 1 finished with value: 36.99458694458008 and parameters: {'gradient_clip_val': 0.703719992203142, 'hidden_size': 7, 'dropout': 0.3118937582352532, 'hidden_continuous_size': 6, 'attention_head_size': 1, 'learning_rate': 0.0006726630288232716}. Best is trial 1 with value: 36.99458694458008.
LOCAL_RANK: 0 - CUDA_VISIBLE_DEVICES: [0]
[I 2023-12-16 10:39:12,380] Trial 2 finished with value: 37.3487663269043 and parameters: {'gradient_clip_val': 0.7126884314738191, 'hidden_size': 90, 'dropout': 0.27860735402066383, 'hidden_continuous_size': 5, 'attention_head_size': 4, 'learning_rate': 0.005530547829182264}. Best is trial 1 with value: 36.99458694458008.
LOCAL_RANK: 0 - CUDA_VISIBLE_DEVICES: [0]
[I 2023-12-16 10:39:59,327] Trial 3 finished with value: 38.017948150634766 and parameters: {'gradient_clip_val': 0.23922179059818882, 'hidden_size': 19, 'dropout': 0.31162198923661855, 'hidden_continuous_size': 6, 'attention_head_size': 3, 'learning_rate': 0.01964970561228107}. Best is trial 1 with value: 36.99458694458008.
LOCAL_RANK: 0 - CUDA_VISIBLE_DEVICES: [0]
[I 2023-12-16 10:40:50,634] Trial 4 finished with value: 37.923458099365234 and parameters: {'gradient_clip_val': 0.31361155073368674, 'hidden_size': 46, 'dropout': 0.2794659704367417, 'hidden_continuous_size': 6, 'attention_head_size': 4, 'learning_rate': 0.003098039293682574}. Best is trial 1 with value: 36.99458694458008.
LOCAL_RANK: 0 - CUDA_VISIBLE_DEVICES: [0]
[I 2023-12-16 10:41:36,191] Trial 5 finished with value: 35.666236877441406 and parameters: {'gradient_clip_val': 0.21689793379502273, 'hidden_size': 15, 'dropout': 0.21064808504382845, 'hidden_continuous_size': 11, 'attention_head_size': 1, 'learning_rate': 0.08414592847212324}. Best is trial 5 with value: 35.666236877441406.
LOCAL_RANK: 0 - CUDA_VISIBLE_DEVICES: [0]
[I 2023-12-16 10:42:26,121] Trial 6 finished with value: 25.864715576171875 and parameters: {'gradient_clip_val': 0.2533469052260728, 'hidden_size': 32, 'dropout': 0.32966771673935447, 'hidden_continuous_size': 18, 'attention_head_size': 3, 'learning_rate': 0.0010876578859123122}. Best is trial 6 with value: 25.864715576171875.
LOCAL_RANK: 0 - CUDA_VISIBLE_DEVICES: [0]
[I 2023-12-16 10:43:19,348] Trial 7 finished with value: 45.419769287109375 and parameters: {'gradient_clip_val': 0.34590345049789367, 'hidden_size': 60, 'dropout': 0.18886621004151127, 'hidden_continuous_size': 42, 'attention_head_size': 1, 'learning_rate': 0.06923654640511666}. Best is trial 6 with value: 25.864715576171875.
LOCAL_RANK: 0 - CUDA_VISIBLE_DEVICES: [0]
[I 2023-12-16 10:44:08,013] Trial 8 finished with value: 17.67692756652832 and parameters: {'gradient_clip_val': 0.11518421158647776, 'hidden_size': 28, 'dropout': 0.37156776339283315, 'hidden_continuous_size': 19, 'attention_head_size': 3, 'learning_rate': 0.0006494808961484262}. Best is trial 8 with value: 17.67692756652832.
LOCAL_RANK: 0 - CUDA_VISIBLE_DEVICES: [0]
[I 2023-12-16 10:44:42,452] Trial 9 finished with value: 39.33055114746094 and parameters: {'gradient_clip_val': 0.1575052157002003, 'hidden_size': 5, 'dropout': 0.3741921679740079, 'hidden_continuous_size': 5, 'attention_head_size': 4, 'learning_rate': 0.000999411686382399}. Best is trial 8 with value: 17.67692756652832.
LOCAL_RANK: 0 - CUDA_VISIBLE_DEVICES: [0]
[I 2023-12-16 10:45:30,629] Trial 10 finished with value: 25.09385871887207 and parameters: {'gradient_clip_val': 0.10024361849141532, 'hidden_size': 28, 'dropout': 0.3894484259416167, 'hidden_continuous_size': 18, 'attention_head_size': 2, 'learning_rate': 0.002121150228630614}. Best is trial 8 with value: 17.67692756652832.
LOCAL_RANK: 0 - CUDA_VISIBLE_DEVICES: [0]
[I 2023-12-16 10:46:18,867] Trial 11 finished with value: 16.6798038482666 and parameters: {'gradient_clip_val': 0.1003805677367664, 'hidden_size': 28, 'dropout': 0.3970864502985612, 'hidden_continuous_size': 18, 'attention_head_size': 2, 'learning_rate': 0.0020730638739105277}. Best is trial 11 with value: 16.6798038482666.
LOCAL_RANK: 0 - CUDA_VISIBLE_DEVICES: [0]
[I 2023-12-16 10:46:52,427] Trial 12 finished with value: 25.912084579467773 and parameters: {'gradient_clip_val': 0.1082562173494946, 'hidden_size': 15, 'dropout': 0.385840936763481, 'hidden_continuous_size': 15, 'attention_head_size': 2, 'learning_rate': 0.000554863350601264}. Best is trial 11 with value: 16.6798038482666.
LOCAL_RANK: 0 - CUDA_VISIBLE_DEVICES: [0]
[I 2023-12-16 10:47:44,382] Trial 13 finished with value: 17.977094650268555 and parameters: {'gradient_clip_val': 0.1379419891808164, 'hidden_size': 31, 'dropout': 0.3523499601015435, 'hidden_continuous_size': 25, 'attention_head_size': 3, 'learning_rate': 0.0015886390822952745}. Best is trial 11 with value: 16.6798038482666.
LOCAL_RANK: 0 - CUDA_VISIBLE_DEVICES: [0]
[I 2023-12-16 10:48:32,602] Trial 14 finished with value: 25.303743362426758 and parameters: {'gradient_clip_val': 0.1358811731259558, 'hidden_size': 21, 'dropout': 0.39680539142237803, 'hidden_continuous_size': 10, 'attention_head_size': 2, 'learning_rate': 0.000526250829462391}. Best is trial 11 with value: 16.6798038482666.
LOCAL_RANK: 0 - CUDA_VISIBLE_DEVICES: [0]
[I 2023-12-16 10:49:25,292] Trial 15 finished with value: 27.154151916503906 and parameters: {'gradient_clip_val': 0.10551290868732968, 'hidden_size': 45, 'dropout': 0.3487843162136644, 'hidden_continuous_size': 25, 'attention_head_size': 3, 'learning_rate': 0.0031223549337399334}. Best is trial 11 with value: 16.6798038482666.
LOCAL_RANK: 0 - CUDA_VISIBLE_DEVICES: [0]
[I 2023-12-16 10:50:09,290] Trial 16 finished with value: 20.45571517944336 and parameters: {'gradient_clip_val': 0.1722743740878907, 'hidden_size': 12, 'dropout': 0.35514440292595234, 'hidden_continuous_size': 7, 'attention_head_size': 2, 'learning_rate': 0.001306347919064297}. Best is trial 11 with value: 16.6798038482666.
LOCAL_RANK: 0 - CUDA_VISIBLE_DEVICES: [0]
[I 2023-12-16 10:50:58,504] Trial 17 finished with value: 37.21136474609375 and parameters: {'gradient_clip_val': 0.1252990034847589, 'hidden_size': 29, 'dropout': 0.39198532100005834, 'hidden_continuous_size': 13, 'attention_head_size': 3, 'learning_rate': 0.002279206934961099}. Best is trial 11 with value: 16.6798038482666.
LOCAL_RANK: 0 - CUDA_VISIBLE_DEVICES: [0]
[I 2023-12-16 10:51:46,297] Trial 18 finished with value: 18.99056053161621 and parameters: {'gradient_clip_val': 0.17738576618068966, 'hidden_size': 21, 'dropout': 0.3333475306902544, 'hidden_continuous_size': 8, 'attention_head_size': 2, 'learning_rate': 0.000894394004481705}. Best is trial 11 with value: 16.6798038482666.
LOCAL_RANK: 0 - CUDA_VISIBLE_DEVICES: [0]
[I 2023-12-16 10:52:39,070] Trial 19 finished with value: 23.10955238342285 and parameters: {'gradient_clip_val': 0.10054363865320401, 'hidden_size': 42, 'dropout': 0.3607209793529943, 'hidden_continuous_size': 23, 'attention_head_size': 3, 'learning_rate': 0.0005081912575901565}. Best is trial 11 with value: 16.6798038482666.
LOCAL_RANK: 0 - CUDA_VISIBLE_DEVICES: [0]
[I 2023-12-16 10:53:32,875] Trial 20 finished with value: 30.141794204711914 and parameters: {'gradient_clip_val': 0.13727464063920816, 'hidden_size': 62, 'dropout': 0.30329213376539726, 'hidden_continuous_size': 37, 'attention_head_size': 2, 'learning_rate': 0.0017100361035771612}. Best is trial 11 with value: 16.6798038482666.
LOCAL_RANK: 0 - CUDA_VISIBLE_DEVICES: [0]
[I 2023-12-16 10:54:23,917] Trial 21 finished with value: 17.266969680786133 and parameters: {'gradient_clip_val': 0.1326886497321515, 'hidden_size': 30, 'dropout': 0.3599817528097543, 'hidden_continuous_size': 21, 'attention_head_size': 3, 'learning_rate': 0.001227849716437095}. Best is trial 11 with value: 16.6798038482666.
LOCAL_RANK: 0 - CUDA_VISIBLE_DEVICES: [0]
[I 2023-12-16 10:55:13,198] Trial 22 finished with value: 21.263792037963867 and parameters: {'gradient_clip_val': 0.12185603006054327, 'hidden_size': 25, 'dropout': 0.36928299551179805, 'hidden_continuous_size': 17, 'attention_head_size': 3, 'learning_rate': 0.0008221269233142593}. Best is trial 11 with value: 16.6798038482666.
LOCAL_RANK: 0 - CUDA_VISIBLE_DEVICES: [0]
[I 2023-12-16 10:56:05,718] Trial 23 finished with value: 36.48255920410156 and parameters: {'gradient_clip_val': 0.14617265968840212, 'hidden_size': 38, 'dropout': 0.3949208827361518, 'hidden_continuous_size': 21, 'attention_head_size': 4, 'learning_rate': 0.001409091355030168}. Best is trial 11 with value: 16.6798038482666.
LOCAL_RANK: 0 - CUDA_VISIBLE_DEVICES: [0]
[I 2023-12-16 10:56:54,759] Trial 24 finished with value: 22.439241409301758 and parameters: {'gradient_clip_val': 0.11842428226079768, 'hidden_size': 25, 'dropout': 0.3373591874979223, 'hidden_continuous_size': 14, 'attention_head_size': 3, 'learning_rate': 0.0008894445748077528}. Best is trial 11 with value: 16.6798038482666.
LOCAL_RANK: 0 - CUDA_VISIBLE_DEVICES: [0]
[I 2023-12-16 10:57:46,078] Trial 25 finished with value: 30.94248390197754 and parameters: {'gradient_clip_val': 0.17190432283946092, 'hidden_size': 33, 'dropout': 0.3664564638964596, 'hidden_continuous_size': 20, 'attention_head_size': 2, 'learning_rate': 0.0031618441418449833}. Best is trial 11 with value: 16.6798038482666.
LOCAL_RANK: 0 - CUDA_VISIBLE_DEVICES: [0]
[I 2023-12-16 10:58:34,313] Trial 26 finished with value: 29.738189697265625 and parameters: {'gradient_clip_val': 0.1192607224990936, 'hidden_size': 18, 'dropout': 0.36974800301158817, 'hidden_continuous_size': 12, 'attention_head_size': 3, 'learning_rate': 0.0013026807405783277}. Best is trial 11 with value: 16.6798038482666.
LOCAL_RANK: 0 - CUDA_VISIBLE_DEVICES: [0]
[I 2023-12-16 10:59:22,599] Trial 27 finished with value: 17.401168823242188 and parameters: {'gradient_clip_val': 0.1537497211367965, 'hidden_size': 24, 'dropout': 0.3355379677898317, 'hidden_continuous_size': 15, 'attention_head_size': 4, 'learning_rate': 0.0007816862237288088}. Best is trial 11 with value: 16.6798038482666.
LOCAL_RANK: 0 - CUDA_VISIBLE_DEVICES: [0]
[I 2023-12-16 11:00:10,491] Trial 28 finished with value: 38.277400970458984 and parameters: {'gradient_clip_val': 0.19709216654683828, 'hidden_size': 24, 'dropout': 0.3387380098761066, 'hidden_continuous_size': 16, 'attention_head_size': 4, 'learning_rate': 0.002020767578310029}. Best is trial 11 with value: 16.6798038482666.
LOCAL_RANK: 0 - CUDA_VISIBLE_DEVICES: [0]
[I 2023-12-16 11:00:55,573] Trial 29 finished with value: 32.79661178588867 and parameters: {'gradient_clip_val': 0.1553385556413717, 'hidden_size': 12, 'dropout': 0.3287389001502789, 'hidden_continuous_size': 9, 'attention_head_size': 4, 'learning_rate': 0.005002265911442555}. Best is trial 11 with value: 16.6798038482666.
LOCAL_RANK: 0 - CUDA_VISIBLE_DEVICES: [0]
[I 2023-12-16 11:01:47,270] Trial 30 finished with value: 30.48160743713379 and parameters: {'gradient_clip_val': 0.14747987567797805, 'hidden_size': 37, 'dropout': 0.3991776935232617, 'hidden_continuous_size': 14, 'attention_head_size': 4, 'learning_rate': 0.009325379608468748}. Best is trial 11 with value: 16.6798038482666.
LOCAL_RANK: 0 - CUDA_VISIBLE_DEVICES: [0]
[I 2023-12-16 11:02:36,361] Trial 31 finished with value: 19.337846755981445 and parameters: {'gradient_clip_val': 0.11734793699753403, 'hidden_size': 26, 'dropout': 0.3795388889880887, 'hidden_continuous_size': 15, 'attention_head_size': 3, 'learning_rate': 0.0007126709025482746}. Best is trial 11 with value: 16.6798038482666.
LOCAL_RANK: 0 - CUDA_VISIBLE_DEVICES: [0]
[I 2023-12-16 11:03:27,807] Trial 32 finished with value: 33.346012115478516 and parameters: {'gradient_clip_val': 0.12646810158112487, 'hidden_size': 35, 'dropout': 0.3604475153268585, 'hidden_continuous_size': 19, 'attention_head_size': 1, 'learning_rate': 0.0007592570250160781}. Best is trial 11 with value: 16.6798038482666.
LOCAL_RANK: 0 - CUDA_VISIBLE_DEVICES: [0]
[I 2023-12-16 11:04:14,817] Trial 33 finished with value: 18.273136138916016 and parameters: {'gradient_clip_val': 0.10018807554928987, 'hidden_size': 24, 'dropout': 0.37329276457223365, 'hidden_continuous_size': 16, 'attention_head_size': 2, 'learning_rate': 0.001098904925193439}. Best is trial 11 with value: 16.6798038482666.
LOCAL_RANK: 0 - CUDA_VISIBLE_DEVICES: [0]
[I 2023-12-16 11:05:03,448] Trial 34 finished with value: 22.872825622558594 and parameters: {'gradient_clip_val': 0.47902267214589694, 'hidden_size': 18, 'dropout': 0.30756917249909876, 'hidden_continuous_size': 12, 'attention_head_size': 4, 'learning_rate': 0.0007248015407119865}. Best is trial 11 with value: 16.6798038482666.
LOCAL_RANK: 0 - CUDA_VISIBLE_DEVICES: [0]
[I 2023-12-16 11:05:53,066] Trial 35 finished with value: 16.691553115844727 and parameters: {'gradient_clip_val': 0.2004455892364141, 'hidden_size': 29, 'dropout': 0.28800835912360045, 'hidden_continuous_size': 17, 'attention_head_size': 3, 'learning_rate': 0.0010533597394145945}. Best is trial 11 with value: 16.6798038482666.
LOCAL_RANK: 0 - CUDA_VISIBLE_DEVICES: [0]
[I 2023-12-16 11:06:46,923] Trial 36 finished with value: 28.611602783203125 and parameters: {'gradient_clip_val': 0.1944800529171466, 'hidden_size': 50, 'dropout': 0.28813180557582185, 'hidden_continuous_size': 29, 'attention_head_size': 4, 'learning_rate': 0.0014246640178795554}. Best is trial 11 with value: 16.6798038482666.
LOCAL_RANK: 0 - CUDA_VISIBLE_DEVICES: [0]
[I 2023-12-16 11:07:39,270] Trial 37 finished with value: 26.7744083404541 and parameters: {'gradient_clip_val': 0.24073224787073147, 'hidden_size': 39, 'dropout': 0.2623376724233754, 'hidden_continuous_size': 17, 'attention_head_size': 3, 'learning_rate': 0.0025773764471838504}. Best is trial 11 with value: 16.6798038482666.
LOCAL_RANK: 0 - CUDA_VISIBLE_DEVICES: [0]
[I 2023-12-16 11:08:29,020] Trial 38 finished with value: 26.722055435180664 and parameters: {'gradient_clip_val': 0.16378823460751266, 'hidden_size': 32, 'dropout': 0.3162748082393329, 'hidden_continuous_size': 21, 'attention_head_size': 1, 'learning_rate': 0.0010512297777347426}. Best is trial 11 with value: 16.6798038482666.
LOCAL_RANK: 0 - CUDA_VISIBLE_DEVICES: [0]
[I 2023-12-16 11:09:17,681] Trial 39 finished with value: 30.25537109375 and parameters: {'gradient_clip_val': 0.18608072970870365, 'hidden_size': 21, 'dropout': 0.2912903345540053, 'hidden_continuous_size': 16, 'attention_head_size': 2, 'learning_rate': 0.001876635499712238}. Best is trial 11 with value: 16.6798038482666.
LOCAL_RANK: 0 - CUDA_VISIBLE_DEVICES: [0]
[I 2023-12-16 11:10:11,575] Trial 40 finished with value: 27.628870010375977 and parameters: {'gradient_clip_val': 0.2122108117685908, 'hidden_size': 51, 'dropout': 0.3170042008559332, 'hidden_continuous_size': 30, 'attention_head_size': 4, 'learning_rate': 0.0010743283375314043}. Best is trial 11 with value: 16.6798038482666.
LOCAL_RANK: 0 - CUDA_VISIBLE_DEVICES: [0]
[I 2023-12-16 11:11:00,241] Trial 41 finished with value: 20.851308822631836 and parameters: {'gradient_clip_val': 0.15031641335520576, 'hidden_size': 28, 'dropout': 0.34836515639051485, 'hidden_continuous_size': 19, 'attention_head_size': 3, 'learning_rate': 0.0006397287939960895}. Best is trial 11 with value: 16.6798038482666.
LOCAL_RANK: 0 - CUDA_VISIBLE_DEVICES: [0]
[I 2023-12-16 11:11:49,819] Trial 42 finished with value: 20.59840965270996 and parameters: {'gradient_clip_val': 0.13413246897507838, 'hidden_size': 29, 'dropout': 0.37927808994688705, 'hidden_continuous_size': 18, 'attention_head_size': 3, 'learning_rate': 0.0006385108114012048}. Best is trial 11 with value: 16.6798038482666.
LOCAL_RANK: 0 - CUDA_VISIBLE_DEVICES: [0]
[I 2023-12-16 11:12:42,013] Trial 43 finished with value: 30.47370719909668 and parameters: {'gradient_clip_val': 0.11688836926243028, 'hidden_size': 34, 'dropout': 0.3272294365205255, 'hidden_continuous_size': 21, 'attention_head_size': 3, 'learning_rate': 0.0008532344191245258}. Best is trial 11 with value: 16.6798038482666.
LOCAL_RANK: 0 - CUDA_VISIBLE_DEVICES: [0]
[I 2023-12-16 11:13:30,678] Trial 44 finished with value: 28.367116928100586 and parameters: {'gradient_clip_val': 0.10971238718832425, 'hidden_size': 22, 'dropout': 0.3816669663358876, 'hidden_continuous_size': 17, 'attention_head_size': 3, 'learning_rate': 0.001318114494087144}. Best is trial 11 with value: 16.6798038482666.
LOCAL_RANK: 0 - CUDA_VISIBLE_DEVICES: [0]
