[I 2023-12-16 12:14:05,808] Trial 25 finished with value: 816.56298828125 and parameters: {'gradient_clip_val': 0.1260980149442852, 'hidden_size': 42, 'dropout': 0.16152731995220504, 'hidden_continuous_size': 11, 'attention_head_size': 2, 'learning_rate': 0.07480521285019015}. Best is trial 7 with value: 266.0233459472656.
LOCAL_RANK: 0 - CUDA_VISIBLE_DEVICES: [0]
[I 2023-12-16 12:14:56,841] Trial 26 finished with value: 858.5900268554688 and parameters: {'gradient_clip_val': 0.16349160676859664, 'hidden_size': 30, 'dropout': 0.19216038932888327, 'hidden_continuous_size': 13, 'attention_head_size': 3, 'learning_rate': 0.04237449334232691}. Best is trial 7 with value: 266.0233459472656.
LOCAL_RANK: 0 - CUDA_VISIBLE_DEVICES: [0]
[I 2023-12-16 12:15:46,754] Trial 27 finished with value: 937.9453125 and parameters: {'gradient_clip_val': 0.20520223656848496, 'hidden_size': 22, 'dropout': 0.13143934292350662, 'hidden_continuous_size': 9, 'attention_head_size': 2, 'learning_rate': 0.09382063622789077}. Best is trial 7 with value: 266.0233459472656.
LOCAL_RANK: 0 - CUDA_VISIBLE_DEVICES: [0]
[I 2023-12-16 12:16:42,142] Trial 28 finished with value: 493.2683410644531 and parameters: {'gradient_clip_val': 0.12226140612676832, 'hidden_size': 68, 'dropout': 0.16863555756275078, 'hidden_continuous_size': 25, 'attention_head_size': 4, 'learning_rate': 0.028009746966070812}. Best is trial 7 with value: 266.0233459472656.
LOCAL_RANK: 0 - CUDA_VISIBLE_DEVICES: [0]
[I 2023-12-16 12:17:32,705] Trial 29 finished with value: 501.9716491699219 and parameters: {'gradient_clip_val': 0.26510993954394674, 'hidden_size': 41, 'dropout': 0.12946555925274691, 'hidden_continuous_size': 7, 'attention_head_size': 1, 'learning_rate': 0.053084791639426934}. Best is trial 7 with value: 266.0233459472656.
LOCAL_RANK: 0 - CUDA_VISIBLE_DEVICES: [0]
[I 2023-12-16 12:18:19,396] Trial 30 finished with value: 1360.717041015625 and parameters: {'gradient_clip_val': 0.20779310894179895, 'hidden_size': 11, 'dropout': 0.10615104820357803, 'hidden_continuous_size': 6, 'attention_head_size': 2, 'learning_rate': 0.02286951800049897}. Best is trial 7 with value: 266.0233459472656.
LOCAL_RANK: 0 - CUDA_VISIBLE_DEVICES: [0]
[I 2023-12-16 12:19:04,358] Trial 31 finished with value: 993.512451171875 and parameters: {'gradient_clip_val': 0.1455470395582525, 'hidden_size': 16, 'dropout': 0.2015895964367243, 'hidden_continuous_size': 6, 'attention_head_size': 1, 'learning_rate': 0.012772085318478564}. Best is trial 7 with value: 266.0233459472656.
LOCAL_RANK: 0 - CUDA_VISIBLE_DEVICES: [0]
[I 2023-12-16 12:19:50,484] Trial 32 finished with value: 680.1116333007812 and parameters: {'gradient_clip_val': 0.1594952205834153, 'hidden_size': 11, 'dropout': 0.1846962755208221, 'hidden_continuous_size': 6, 'attention_head_size': 1, 'learning_rate': 0.01096551439096969}. Best is trial 7 with value: 266.0233459472656.
LOCAL_RANK: 0 - CUDA_VISIBLE_DEVICES: [0]
[I 2023-12-16 12:20:37,033] Trial 33 finished with value: 498.5377197265625 and parameters: {'gradient_clip_val': 0.1297739633506042, 'hidden_size': 13, 'dropout': 0.1503103716154783, 'hidden_continuous_size': 7, 'attention_head_size': 1, 'learning_rate': 0.008413630084804707}. Best is trial 7 with value: 266.0233459472656.
LOCAL_RANK: 0 - CUDA_VISIBLE_DEVICES: [0]
[I 2023-12-16 12:21:24,730] Trial 34 finished with value: 378.5794677734375 and parameters: {'gradient_clip_val': 0.11235728927107055, 'hidden_size': 19, 'dropout': 0.20952913715866314, 'hidden_continuous_size': 5, 'attention_head_size': 1, 'learning_rate': 0.017953040017151485}. Best is trial 7 with value: 266.0233459472656.
LOCAL_RANK: 0 - CUDA_VISIBLE_DEVICES: [0]
[I 2023-12-16 12:22:12,973] Trial 35 finished with value: 813.6287231445312 and parameters: {'gradient_clip_val': 0.10010982507050434, 'hidden_size': 19, 'dropout': 0.21675491891320933, 'hidden_continuous_size': 5, 'attention_head_size': 2, 'learning_rate': 0.017272477248190483}. Best is trial 7 with value: 266.0233459472656.
LOCAL_RANK: 0 - CUDA_VISIBLE_DEVICES: [0]
[I 2023-12-16 12:23:02,093] Trial 36 finished with value: 1024.6544189453125 and parameters: {'gradient_clip_val': 0.11206583532263327, 'hidden_size': 25, 'dropout': 0.22887355198528253, 'hidden_continuous_size': 5, 'attention_head_size': 1, 'learning_rate': 0.031678810461035704}. Best is trial 7 with value: 266.0233459472656.
LOCAL_RANK: 0 - CUDA_VISIBLE_DEVICES: [0]
[I 2023-12-16 12:23:52,145] Trial 37 finished with value: 817.7682495117188 and parameters: {'gradient_clip_val': 0.3332520917045722, 'hidden_size': 30, 'dropout': 0.16825631542344507, 'hidden_continuous_size': 7, 'attention_head_size': 2, 'learning_rate': 0.024251565449345293}. Best is trial 7 with value: 266.0233459472656.
LOCAL_RANK: 0 - CUDA_VISIBLE_DEVICES: [0]
[I 2023-12-16 12:24:38,612] Trial 38 finished with value: 1107.8414306640625 and parameters: {'gradient_clip_val': 0.11536114934446813, 'hidden_size': 9, 'dropout': 0.1773814152670318, 'hidden_continuous_size': 5, 'attention_head_size': 2, 'learning_rate': 0.005988789489383554}. Best is trial 7 with value: 266.0233459472656.
LOCAL_RANK: 0 - CUDA_VISIBLE_DEVICES: [0]
[I 2023-12-16 12:25:26,486] Trial 39 finished with value: 717.57861328125 and parameters: {'gradient_clip_val': 0.2686217427832319, 'hidden_size': 18, 'dropout': 0.12000151958144807, 'hidden_continuous_size': 7, 'attention_head_size': 1, 'learning_rate': 0.015285209293786753}. Best is trial 7 with value: 266.0233459472656.
LOCAL_RANK: 0 - CUDA_VISIBLE_DEVICES: [0]
[I 2023-12-16 12:26:15,846] Trial 40 finished with value: 1189.946533203125 and parameters: {'gradient_clip_val': 0.17031048613507999, 'hidden_size': 23, 'dropout': 0.24147072434675365, 'hidden_continuous_size': 5, 'attention_head_size': 2, 'learning_rate': 0.03875584052594579}. Best is trial 7 with value: 266.0233459472656.
LOCAL_RANK: 0 - CUDA_VISIBLE_DEVICES: [0]
[I 2023-12-16 12:27:00,863] Trial 41 finished with value: 564.6514892578125 and parameters: {'gradient_clip_val': 0.1417780164944359, 'hidden_size': 16, 'dropout': 0.19809229949419782, 'hidden_continuous_size': 6, 'attention_head_size': 1, 'learning_rate': 0.012635717962899527}. Best is trial 7 with value: 266.0233459472656.
LOCAL_RANK: 0 - CUDA_VISIBLE_DEVICES: [0]
[I 2023-12-16 12:27:48,181] Trial 42 finished with value: 981.0304565429688 and parameters: {'gradient_clip_val': 0.1287799627342555, 'hidden_size': 20, 'dropout': 0.2168647414859682, 'hidden_continuous_size': 6, 'attention_head_size': 1, 'learning_rate': 0.008816004013688324}. Best is trial 7 with value: 266.0233459472656.
LOCAL_RANK: 0 - CUDA_VISIBLE_DEVICES: [0]
[I 2023-12-16 12:28:34,447] Trial 43 finished with value: 1343.29931640625 and parameters: {'gradient_clip_val': 0.18438555236547632, 'hidden_size': 10, 'dropout': 0.19054405840564323, 'hidden_continuous_size': 6, 'attention_head_size': 1, 'learning_rate': 0.01826683340448042}. Best is trial 7 with value: 266.0233459472656.
LOCAL_RANK: 0 - CUDA_VISIBLE_DEVICES: [0]
[I 2023-12-16 12:29:20,802] Trial 44 finished with value: 488.1053161621094 and parameters: {'gradient_clip_val': 0.11160668756678992, 'hidden_size': 13, 'dropout': 0.19883420344594016, 'hidden_continuous_size': 7, 'attention_head_size': 1, 'learning_rate': 0.00488039002753181}. Best is trial 7 with value: 266.0233459472656.
LOCAL_RANK: 0 - CUDA_VISIBLE_DEVICES: [0]
[I 2023-12-16 12:30:06,585] Trial 45 finished with value: 746.8289184570312 and parameters: {'gradient_clip_val': 0.15314063794190338, 'hidden_size': 7, 'dropout': 0.21029884772390564, 'hidden_continuous_size': 5, 'attention_head_size': 1, 'learning_rate': 0.012913063112305237}. Best is trial 7 with value: 266.0233459472656.
LOCAL_RANK: 0 - CUDA_VISIBLE_DEVICES: [0]
[I 2023-12-16 12:30:54,958] Trial 46 finished with value: 943.1466674804688 and parameters: {'gradient_clip_val': 0.19683702803668565, 'hidden_size': 20, 'dropout': 0.15592179451050395, 'hidden_continuous_size': 8, 'attention_head_size': 3, 'learning_rate': 0.025491767547998163}. Best is trial 7 with value: 266.0233459472656.
LOCAL_RANK: 0 - CUDA_VISIBLE_DEVICES: [0]
[I 2023-12-16 12:31:40,421] Trial 47 finished with value: 326.1557312011719 and parameters: {'gradient_clip_val': 0.17152673901177964, 'hidden_size': 16, 'dropout': 0.18088684920923387, 'hidden_continuous_size': 6, 'attention_head_size': 1, 'learning_rate': 0.0033028032676991046}. Best is trial 7 with value: 266.0233459472656.
LOCAL_RANK: 0 - CUDA_VISIBLE_DEVICES: [0]
[I 2023-12-16 12:32:28,324] Trial 48 finished with value: 245.4882354736328 and parameters: {'gradient_clip_val': 0.22009455888725823, 'hidden_size': 17, 'dropout': 0.18008904904175688, 'hidden_continuous_size': 6, 'attention_head_size': 2, 'learning_rate': 0.001862744250797968}. Best is trial 48 with value: 245.4882354736328.
LOCAL_RANK: 0 - CUDA_VISIBLE_DEVICES: [0]
[I 2023-12-16 12:33:13,637] Trial 49 finished with value: 423.48291015625 and parameters: {'gradient_clip_val': 0.22715496121058187, 'hidden_size': 12, 'dropout': 0.13813747167267354, 'hidden_continuous_size': 7, 'attention_head_size': 2, 'learning_rate': 0.0027999296395492877}. Best is trial 48 with value: 245.4882354736328.
[I 2023-12-16 12:33:13,732] A new study created in memory with name: no-name-ec686b17-05bb-4d2d-a7d6-7f4a5fa97147
/home/le004/conda/anaconda3/envs/tsff_env/lib/python3.9/site-packages/lightning/fabric/plugins/environments/slurm.py:191: The `srun` command is available on your system but is not used. HINT: If your intention is to run Lightning on SLURM, prepend your python command with `srun` like so: srun python /home/le004/master_thesis/git/TSFusionForecast/code/ ...
LOCAL_RANK: 0 - CUDA_VISIBLE_DEVICES: [0]
[I 2023-12-16 12:33:59,816] Trial 0 finished with value: 1.5306200981140137 and parameters: {'gradient_clip_val': 0.25234523540550025, 'hidden_size': 8, 'dropout': 0.18272443083871015, 'hidden_continuous_size': 7, 'attention_head_size': 4, 'learning_rate': 0.0021296747856210415}. Best is trial 0 with value: 1.5306200981140137.
LOCAL_RANK: 0 - CUDA_VISIBLE_DEVICES: [0]
[I 2023-12-16 12:34:49,969] Trial 1 finished with value: 1.9411344528198242 and parameters: {'gradient_clip_val': 0.21867599632988896, 'hidden_size': 24, 'dropout': 0.1756097776614724, 'hidden_continuous_size': 15, 'attention_head_size': 4, 'learning_rate': 0.002054061094980138}. Best is trial 0 with value: 1.5306200981140137.
LOCAL_RANK: 0 - CUDA_VISIBLE_DEVICES: [0]
[I 2023-12-16 12:35:37,676] Trial 2 finished with value: 1.3133862018585205 and parameters: {'gradient_clip_val': 0.484270929404416, 'hidden_size': 18, 'dropout': 0.35796987295026217, 'hidden_continuous_size': 5, 'attention_head_size': 3, 'learning_rate': 0.00166383523971379}. Best is trial 2 with value: 1.3133862018585205.
LOCAL_RANK: 0 - CUDA_VISIBLE_DEVICES: [0]
[I 2023-12-16 12:36:31,614] Trial 3 finished with value: 0.5411712527275085 and parameters: {'gradient_clip_val': 0.1682203235993667, 'hidden_size': 38, 'dropout': 0.38087055622250143, 'hidden_continuous_size': 36, 'attention_head_size': 1, 'learning_rate': 0.0007991205835614127}. Best is trial 3 with value: 0.5411712527275085.
LOCAL_RANK: 0 - CUDA_VISIBLE_DEVICES: [0]
[I 2023-12-16 12:37:23,153] Trial 4 finished with value: 0.33816373348236084 and parameters: {'gradient_clip_val': 0.11951679870087493, 'hidden_size': 31, 'dropout': 0.11330892998475184, 'hidden_continuous_size': 9, 'attention_head_size': 4, 'learning_rate': 0.021908053300131455}. Best is trial 4 with value: 0.33816373348236084.
LOCAL_RANK: 0 - CUDA_VISIBLE_DEVICES: [0]
[I 2023-12-16 12:38:12,937] Trial 5 finished with value: 1.793115496635437 and parameters: {'gradient_clip_val': 0.13950812038613492, 'hidden_size': 25, 'dropout': 0.350298154666732, 'hidden_continuous_size': 13, 'attention_head_size': 1, 'learning_rate': 0.0029166670767368824}. Best is trial 4 with value: 0.33816373348236084.
LOCAL_RANK: 0 - CUDA_VISIBLE_DEVICES: [0]
[I 2023-12-16 12:38:58,411] Trial 6 finished with value: 2.7496039867401123 and parameters: {'gradient_clip_val': 0.15315635733067323, 'hidden_size': 8, 'dropout': 0.3042765254920288, 'hidden_continuous_size': 5, 'attention_head_size': 2, 'learning_rate': 0.0005529312283364402}. Best is trial 4 with value: 0.33816373348236084.
LOCAL_RANK: 0 - CUDA_VISIBLE_DEVICES: [0]
[I 2023-12-16 12:39:45,559] Trial 7 finished with value: 2.9942071437835693 and parameters: {'gradient_clip_val': 0.7326002682196565, 'hidden_size': 14, 'dropout': 0.2003464274037538, 'hidden_continuous_size': 7, 'attention_head_size': 1, 'learning_rate': 0.006348822157416699}. Best is trial 4 with value: 0.33816373348236084.
LOCAL_RANK: 0 - CUDA_VISIBLE_DEVICES: [0]
[I 2023-12-16 12:40:39,630] Trial 8 finished with value: 2.2963905334472656 and parameters: {'gradient_clip_val': 0.23056064550413932, 'hidden_size': 76, 'dropout': 0.27992342211752785, 'hidden_continuous_size': 13, 'attention_head_size': 3, 'learning_rate': 0.018603320967078545}. Best is trial 4 with value: 0.33816373348236084.
LOCAL_RANK: 0 - CUDA_VISIBLE_DEVICES: [0]
[I 2023-12-16 12:41:29,174] Trial 9 finished with value: 0.7368185520172119 and parameters: {'gradient_clip_val': 0.7870560370437543, 'hidden_size': 22, 'dropout': 0.2969534233696052, 'hidden_continuous_size': 5, 'attention_head_size': 3, 'learning_rate': 0.035322573749107355}. Best is trial 4 with value: 0.33816373348236084.
LOCAL_RANK: 0 - CUDA_VISIBLE_DEVICES: [0]
[I 2023-12-16 12:42:06,227] Trial 10 finished with value: 1.71659517288208 and parameters: {'gradient_clip_val': 0.10439148480865262, 'hidden_size': 5, 'dropout': 0.1045302630731878, 'hidden_continuous_size': 5, 'attention_head_size': 4, 'learning_rate': 0.09245650481641746}. Best is trial 4 with value: 0.33816373348236084.
LOCAL_RANK: 0 - CUDA_VISIBLE_DEVICES: [0]
[I 2023-12-16 12:43:00,136] Trial 11 finished with value: 1.2822030782699585 and parameters: {'gradient_clip_val': 0.10092058823211435, 'hidden_size': 39, 'dropout': 0.3983092140545898, 'hidden_continuous_size': 37, 'attention_head_size': 2, 'learning_rate': 0.0005584620907756151}. Best is trial 4 with value: 0.33816373348236084.
LOCAL_RANK: 0 - CUDA_VISIBLE_DEVICES: [0]
[I 2023-12-16 12:43:37,176] Trial 12 finished with value: 0.4031553268432617 and parameters: {'gradient_clip_val': 0.165433425545035, 'hidden_size': 48, 'dropout': 0.23775644132723922, 'hidden_continuous_size': 48, 'attention_head_size': 2, 'learning_rate': 0.01076766967370414}. Best is trial 4 with value: 0.33816373348236084.
LOCAL_RANK: 0 - CUDA_VISIBLE_DEVICES: [0]
[I 2023-12-16 12:44:34,345] Trial 13 finished with value: 0.5423172116279602 and parameters: {'gradient_clip_val': 0.3539689483100297, 'hidden_size': 89, 'dropout': 0.11646683364326678, 'hidden_continuous_size': 64, 'attention_head_size': 2, 'learning_rate': 0.013076436148306298}. Best is trial 4 with value: 0.33816373348236084.
LOCAL_RANK: 0 - CUDA_VISIBLE_DEVICES: [0]
[I 2023-12-16 12:45:27,962] Trial 14 finished with value: 0.8075760006904602 and parameters: {'gradient_clip_val': 0.12745290378205373, 'hidden_size': 56, 'dropout': 0.23594200097810789, 'hidden_continuous_size': 21, 'attention_head_size': 3, 'learning_rate': 0.007355224297991745}. Best is trial 4 with value: 0.33816373348236084.
LOCAL_RANK: 0 - CUDA_VISIBLE_DEVICES: [0]
[I 2023-12-16 12:46:21,309] Trial 15 finished with value: 0.8303611874580383 and parameters: {'gradient_clip_val': 0.18240477304276398, 'hidden_size': 49, 'dropout': 0.13437674756766158, 'hidden_continuous_size': 9, 'attention_head_size': 2, 'learning_rate': 0.030875924773904828}. Best is trial 4 with value: 0.33816373348236084.
LOCAL_RANK: 0 - CUDA_VISIBLE_DEVICES: [0]
[I 2023-12-16 12:47:12,943] Trial 16 finished with value: 2.408242702484131 and parameters: {'gradient_clip_val': 0.12991106858861617, 'hidden_size': 33, 'dropout': 0.1569856690328631, 'hidden_continuous_size': 10, 'attention_head_size': 4, 'learning_rate': 0.0053459561104749346}. Best is trial 4 with value: 0.33816373348236084.
LOCAL_RANK: 0 - CUDA_VISIBLE_DEVICES: [0]
[I 2023-12-16 12:48:07,834] Trial 17 finished with value: 2.1886472702026367 and parameters: {'gradient_clip_val': 0.17565176330921678, 'hidden_size': 61, 'dropout': 0.21677739183043818, 'hidden_continuous_size': 20, 'attention_head_size': 3, 'learning_rate': 0.012428101849173083}. Best is trial 4 with value: 0.33816373348236084.
LOCAL_RANK: 0 - CUDA_VISIBLE_DEVICES: [0]
[I 2023-12-16 12:49:06,285] Trial 18 finished with value: 1.370951771736145 and parameters: {'gradient_clip_val': 0.28238515207646997, 'hidden_size': 100, 'dropout': 0.14633362812098694, 'hidden_continuous_size': 80, 'attention_head_size': 2, 'learning_rate': 0.029603418068209923}. Best is trial 4 with value: 0.33816373348236084.
LOCAL_RANK: 0 - CUDA_VISIBLE_DEVICES: [0]
[I 2023-12-16 12:49:59,425] Trial 19 finished with value: 0.7936649322509766 and parameters: {'gradient_clip_val': 0.1925190946048989, 'hidden_size': 64, 'dropout': 0.2524786047113082, 'hidden_continuous_size': 25, 'attention_head_size': 1, 'learning_rate': 0.05263860753948209}. Best is trial 4 with value: 0.33816373348236084.
LOCAL_RANK: 0 - CUDA_VISIBLE_DEVICES: [0]
[I 2023-12-16 12:50:53,353] Trial 20 finished with value: 1.4504896402359009 and parameters: {'gradient_clip_val': 0.11979033984136399, 'hidden_size': 43, 'dropout': 0.1045552066378555, 'hidden_continuous_size': 11, 'attention_head_size': 4, 'learning_rate': 0.015481774172091432}. Best is trial 4 with value: 0.33816373348236084.
LOCAL_RANK: 0 - CUDA_VISIBLE_DEVICES: [0]
[I 2023-12-16 12:51:45,947] Trial 21 finished with value: 0.7277947068214417 and parameters: {'gradient_clip_val': 0.15505544511284033, 'hidden_size': 33, 'dropout': 0.20505597294340674, 'hidden_continuous_size': 28, 'attention_head_size': 1, 'learning_rate': 0.008920434383038842}. Best is trial 4 with value: 0.33816373348236084.
LOCAL_RANK: 0 - CUDA_VISIBLE_DEVICES: [0]
[I 2023-12-16 12:52:37,357] Trial 22 finished with value: 0.9058024287223816 and parameters: {'gradient_clip_val': 0.1907407415811816, 'hidden_size': 34, 'dropout': 0.2614956904049861, 'hidden_continuous_size': 16, 'attention_head_size': 1, 'learning_rate': 0.003589428449935359}. Best is trial 4 with value: 0.33816373348236084.
LOCAL_RANK: 0 - CUDA_VISIBLE_DEVICES: [0]
[I 2023-12-16 12:53:32,068] Trial 23 finished with value: 1.3891533613204956 and parameters: {'gradient_clip_val': 0.1560611097479218, 'hidden_size': 50, 'dropout': 0.22995028477701504, 'hidden_continuous_size': 33, 'attention_head_size': 2, 'learning_rate': 0.0009711438261115053}. Best is trial 4 with value: 0.33816373348236084.
LOCAL_RANK: 0 - CUDA_VISIBLE_DEVICES: [0]
[I 2023-12-16 12:54:25,334] Trial 24 finished with value: 0.5388731360435486 and parameters: {'gradient_clip_val': 0.11558354772540037, 'hidden_size': 44, 'dropout': 0.17990764333333753, 'hidden_continuous_size': 37, 'attention_head_size': 1, 'learning_rate': 0.00900312318948114}. Best is trial 4 with value: 0.33816373348236084.
LOCAL_RANK: 0 - CUDA_VISIBLE_DEVICES: [0]
[I 2023-12-16 12:55:20,985] Trial 25 finished with value: 2.557918071746826 and parameters: {'gradient_clip_val': 0.1167582144650733, 'hidden_size': 69, 'dropout': 0.1693617118907374, 'hidden_continuous_size': 44, 'attention_head_size': 2, 'learning_rate': 0.010342645992832482}. Best is trial 4 with value: 0.33816373348236084.
LOCAL_RANK: 0 - CUDA_VISIBLE_DEVICES: [0]
[I 2023-12-16 12:56:15,267] Trial 26 finished with value: 0.3823118209838867 and parameters: {'gradient_clip_val': 0.10047221336343388, 'hidden_size': 50, 'dropout': 0.13002364326693122, 'hidden_continuous_size': 19, 'attention_head_size': 3, 'learning_rate': 0.004860600395469005}. Best is trial 4 with value: 0.33816373348236084.
LOCAL_RANK: 0 - CUDA_VISIBLE_DEVICES: [0]
[I 2023-12-16 12:57:10,475] Trial 27 finished with value: 1.9678945541381836 and parameters: {'gradient_clip_val': 0.10277423965992384, 'hidden_size': 80, 'dropout': 0.1337064767775005, 'hidden_continuous_size': 18, 'attention_head_size': 3, 'learning_rate': 0.0050081158256724745}. Best is trial 4 with value: 0.33816373348236084.
LOCAL_RANK: 0 - CUDA_VISIBLE_DEVICES: [0]
[I 2023-12-16 12:58:05,540] Trial 28 finished with value: 1.0918394327163696 and parameters: {'gradient_clip_val': 0.137086050312994, 'hidden_size': 59, 'dropout': 0.1306604012744666, 'hidden_continuous_size': 24, 'attention_head_size': 4, 'learning_rate': 0.018639057890924477}. Best is trial 4 with value: 0.33816373348236084.
LOCAL_RANK: 0 - CUDA_VISIBLE_DEVICES: [0]
[I 2023-12-16 12:58:56,589] Trial 29 finished with value: 1.4461203813552856 and parameters: {'gradient_clip_val': 0.13253875483853872, 'hidden_size': 31, 'dropout': 0.15995662105560585, 'hidden_continuous_size': 8, 'attention_head_size': 4, 'learning_rate': 0.0036131790629019027}. Best is trial 4 with value: 0.33816373348236084.
LOCAL_RANK: 0 - CUDA_VISIBLE_DEVICES: [0]
[I 2023-12-16 12:59:50,620] Trial 30 finished with value: 1.4102238416671753 and parameters: {'gradient_clip_val': 0.1024217695002332, 'hidden_size': 49, 'dropout': 0.18634096442338088, 'hidden_continuous_size': 12, 'attention_head_size': 3, 'learning_rate': 0.00723375333793428}. Best is trial 4 with value: 0.33816373348236084.
LOCAL_RANK: 0 - CUDA_VISIBLE_DEVICES: [0]
[I 2023-12-16 13:00:44,307] Trial 31 finished with value: 0.25376519560813904 and parameters: {'gradient_clip_val': 0.1170598464276135, 'hidden_size': 42, 'dropout': 0.1899298553677894, 'hidden_continuous_size': 18, 'attention_head_size': 2, 'learning_rate': 0.010103077397786906}. Best is trial 31 with value: 0.25376519560813904.
LOCAL_RANK: 0 - CUDA_VISIBLE_DEVICES: [0]
[I 2023-12-16 13:01:33,581] Trial 32 finished with value: 1.6234360933303833 and parameters: {'gradient_clip_val': 0.14385918133554126, 'hidden_size': 28, 'dropout': 0.15121470438902143, 'hidden_continuous_size': 15, 'attention_head_size': 2, 'learning_rate': 0.02100621847098916}. Best is trial 31 with value: 0.25376519560813904.
LOCAL_RANK: 0 - CUDA_VISIBLE_DEVICES: [0]
