[I 2023-12-15 17:47:54,871] Trial 17 finished with value: 21.864404678344727 and parameters: {'gradient_clip_val': 0.5459366267985138, 'hidden_size': 17, 'dropout': 0.3121182165436657, 'hidden_continuous_size': 8, 'attention_head_size': 4, 'learning_rate': 0.0020984624440324355}. Best is trial 4 with value: 15.067034721374512.
LOCAL_RANK: 0 - CUDA_VISIBLE_DEVICES: [0]
[I 2023-12-15 17:48:40,233] Trial 18 finished with value: 14.298344612121582 and parameters: {'gradient_clip_val': 0.3151176159126227, 'hidden_size': 6, 'dropout': 0.35779673938279355, 'hidden_continuous_size': 5, 'attention_head_size': 3, 'learning_rate': 0.005807466488841716}. Best is trial 18 with value: 14.298344612121582.
LOCAL_RANK: 0 - CUDA_VISIBLE_DEVICES: [0]
[I 2023-12-15 17:49:14,880] Trial 19 finished with value: 21.20082664489746 and parameters: {'gradient_clip_val': 0.9941676122527793, 'hidden_size': 5, 'dropout': 0.36662089203228787, 'hidden_continuous_size': 5, 'attention_head_size': 4, 'learning_rate': 0.006133663702665965}. Best is trial 18 with value: 14.298344612121582.
LOCAL_RANK: 0 - CUDA_VISIBLE_DEVICES: [0]
[I 2023-12-15 17:49:59,863] Trial 20 finished with value: 23.23686981201172 and parameters: {'gradient_clip_val': 0.6805997424543986, 'hidden_size': 7, 'dropout': 0.3941375951690875, 'hidden_continuous_size': 5, 'attention_head_size': 3, 'learning_rate': 0.0036271956499556715}. Best is trial 18 with value: 14.298344612121582.
LOCAL_RANK: 0 - CUDA_VISIBLE_DEVICES: [0]
[I 2023-12-15 17:50:45,559] Trial 21 finished with value: 32.12358474731445 and parameters: {'gradient_clip_val': 0.31158114100167855, 'hidden_size': 11, 'dropout': 0.36250102456884936, 'hidden_continuous_size': 7, 'attention_head_size': 3, 'learning_rate': 0.0010332862881027383}. Best is trial 18 with value: 14.298344612121582.
LOCAL_RANK: 0 - CUDA_VISIBLE_DEVICES: [0]
[I 2023-12-15 17:51:30,238] Trial 22 finished with value: 18.27222442626953 and parameters: {'gradient_clip_val': 0.4921616173698984, 'hidden_size': 7, 'dropout': 0.31346534947466764, 'hidden_continuous_size': 5, 'attention_head_size': 2, 'learning_rate': 0.0015613704312209878}. Best is trial 18 with value: 14.298344612121582.
LOCAL_RANK: 0 - CUDA_VISIBLE_DEVICES: [0]
[I 2023-12-15 17:52:16,299] Trial 23 finished with value: 17.549686431884766 and parameters: {'gradient_clip_val': 0.32839098207490736, 'hidden_size': 9, 'dropout': 0.3531447310088758, 'hidden_continuous_size': 6, 'attention_head_size': 4, 'learning_rate': 0.002962782389537253}. Best is trial 18 with value: 14.298344612121582.
LOCAL_RANK: 0 - CUDA_VISIBLE_DEVICES: [0]
[I 2023-12-15 17:53:03,863] Trial 24 finished with value: 16.972501754760742 and parameters: {'gradient_clip_val': 0.408250122027385, 'hidden_size': 19, 'dropout': 0.33511628660828074, 'hidden_continuous_size': 8, 'attention_head_size': 3, 'learning_rate': 0.008270731951652585}. Best is trial 18 with value: 14.298344612121582.
LOCAL_RANK: 0 - CUDA_VISIBLE_DEVICES: [0]
[I 2023-12-15 17:53:48,864] Trial 25 finished with value: 28.344337463378906 and parameters: {'gradient_clip_val': 0.5969095755071586, 'hidden_size': 11, 'dropout': 0.37401947190677964, 'hidden_continuous_size': 6, 'attention_head_size': 2, 'learning_rate': 0.0026025940360085245}. Best is trial 18 with value: 14.298344612121582.
LOCAL_RANK: 0 - CUDA_VISIBLE_DEVICES: [0]
[I 2023-12-15 17:54:34,995] Trial 26 finished with value: 16.282169342041016 and parameters: {'gradient_clip_val': 0.7200407745021724, 'hidden_size': 13, 'dropout': 0.3999664786914391, 'hidden_continuous_size': 7, 'attention_head_size': 4, 'learning_rate': 0.0013449003575940108}. Best is trial 18 with value: 14.298344612121582.
LOCAL_RANK: 0 - CUDA_VISIBLE_DEVICES: [0]
[I 2023-12-15 17:55:19,357] Trial 27 finished with value: 26.622854232788086 and parameters: {'gradient_clip_val': 0.28063916974010367, 'hidden_size': 6, 'dropout': 0.30436974511903236, 'hidden_continuous_size': 5, 'attention_head_size': 1, 'learning_rate': 0.004469592637517231}. Best is trial 18 with value: 14.298344612121582.
LOCAL_RANK: 0 - CUDA_VISIBLE_DEVICES: [0]
[I 2023-12-15 17:56:03,535] Trial 28 finished with value: 28.762083053588867 and parameters: {'gradient_clip_val': 0.378503275614302, 'hidden_size': 8, 'dropout': 0.3513148846568096, 'hidden_continuous_size': 5, 'attention_head_size': 3, 'learning_rate': 0.0008713452042134324}. Best is trial 18 with value: 14.298344612121582.
LOCAL_RANK: 0 - CUDA_VISIBLE_DEVICES: [0]
[I 2023-12-15 17:56:49,270] Trial 29 finished with value: 34.669403076171875 and parameters: {'gradient_clip_val': 0.47336876798288463, 'hidden_size': 6, 'dropout': 0.2931291088280842, 'hidden_continuous_size': 5, 'attention_head_size': 4, 'learning_rate': 0.0012246316564019457}. Best is trial 18 with value: 14.298344612121582.
LOCAL_RANK: 0 - CUDA_VISIBLE_DEVICES: [0]
[I 2023-12-15 17:57:33,094] Trial 30 finished with value: 36.03178787231445 and parameters: {'gradient_clip_val': 0.7502375117840919, 'hidden_size': 8, 'dropout': 0.3272895207875686, 'hidden_continuous_size': 6, 'attention_head_size': 2, 'learning_rate': 0.002087475369924521}. Best is trial 18 with value: 14.298344612121582.
LOCAL_RANK: 0 - CUDA_VISIBLE_DEVICES: [0]
[I 2023-12-15 17:58:21,550] Trial 31 finished with value: 17.571638107299805 and parameters: {'gradient_clip_val': 0.26645003975475023, 'hidden_size': 22, 'dropout': 0.3418418708863611, 'hidden_continuous_size': 11, 'attention_head_size': 1, 'learning_rate': 0.000833588676088312}. Best is trial 18 with value: 14.298344612121582.
LOCAL_RANK: 0 - CUDA_VISIBLE_DEVICES: [0]
[I 2023-12-15 17:59:06,429] Trial 32 finished with value: 36.53959274291992 and parameters: {'gradient_clip_val': 0.5904843076556521, 'hidden_size': 11, 'dropout': 0.35691133551491644, 'hidden_continuous_size': 7, 'attention_head_size': 1, 'learning_rate': 0.00061398425109065}. Best is trial 18 with value: 14.298344612121582.
LOCAL_RANK: 0 - CUDA_VISIBLE_DEVICES: [0]
[I 2023-12-15 17:59:51,839] Trial 33 finished with value: 40.08810043334961 and parameters: {'gradient_clip_val': 0.21004778188811143, 'hidden_size': 15, 'dropout': 0.3795467869191877, 'hidden_continuous_size': 10, 'attention_head_size': 1, 'learning_rate': 0.0008067056317028309}. Best is trial 18 with value: 14.298344612121582.
LOCAL_RANK: 0 - CUDA_VISIBLE_DEVICES: [0]
[I 2023-12-15 18:00:39,618] Trial 34 finished with value: 12.637797355651855 and parameters: {'gradient_clip_val': 0.45518176233602614, 'hidden_size': 19, 'dropout': 0.328893065130938, 'hidden_continuous_size': 8, 'attention_head_size': 3, 'learning_rate': 0.0014989324166341893}. Best is trial 34 with value: 12.637797355651855.
LOCAL_RANK: 0 - CUDA_VISIBLE_DEVICES: [0]
[I 2023-12-15 18:01:24,291] Trial 35 finished with value: 15.018814086914062 and parameters: {'gradient_clip_val': 0.4535945366327035, 'hidden_size': 12, 'dropout': 0.270660946319781, 'hidden_continuous_size': 8, 'attention_head_size': 3, 'learning_rate': 0.0015930822194084979}. Best is trial 34 with value: 12.637797355651855.
LOCAL_RANK: 0 - CUDA_VISIBLE_DEVICES: [0]
[I 2023-12-15 18:02:10,141] Trial 36 finished with value: 14.98773193359375 and parameters: {'gradient_clip_val': 0.4667565500261308, 'hidden_size': 13, 'dropout': 0.2778288047361781, 'hidden_continuous_size': 8, 'attention_head_size': 3, 'learning_rate': 0.001617416775869983}. Best is trial 34 with value: 12.637797355651855.
LOCAL_RANK: 0 - CUDA_VISIBLE_DEVICES: [0]
[I 2023-12-15 18:02:57,543] Trial 37 finished with value: 19.31325340270996 and parameters: {'gradient_clip_val': 0.47487512430681833, 'hidden_size': 18, 'dropout': 0.2748769453414864, 'hidden_continuous_size': 8, 'attention_head_size': 3, 'learning_rate': 0.0019524283617191277}. Best is trial 34 with value: 12.637797355651855.
LOCAL_RANK: 0 - CUDA_VISIBLE_DEVICES: [0]
[I 2023-12-15 18:03:43,374] Trial 38 finished with value: 17.438735961914062 and parameters: {'gradient_clip_val': 0.40279281267303013, 'hidden_size': 13, 'dropout': 0.2637581514397974, 'hidden_continuous_size': 8, 'attention_head_size': 3, 'learning_rate': 0.0017121091650686253}. Best is trial 34 with value: 12.637797355651855.
LOCAL_RANK: 0 - CUDA_VISIBLE_DEVICES: [0]
[I 2023-12-15 18:04:28,763] Trial 39 finished with value: 26.0023193359375 and parameters: {'gradient_clip_val': 0.4591535127153746, 'hidden_size': 6, 'dropout': 0.24757272343115858, 'hidden_continuous_size': 5, 'attention_head_size': 3, 'learning_rate': 0.0021771061807658834}. Best is trial 34 with value: 12.637797355651855.
LOCAL_RANK: 0 - CUDA_VISIBLE_DEVICES: [0]
[I 2023-12-15 18:05:03,105] Trial 40 finished with value: 25.64313507080078 and parameters: {'gradient_clip_val': 0.4386260757650429, 'hidden_size': 5, 'dropout': 0.29756383202616843, 'hidden_continuous_size': 5, 'attention_head_size': 3, 'learning_rate': 0.0010361407211994772}. Best is trial 34 with value: 12.637797355651855.
LOCAL_RANK: 0 - CUDA_VISIBLE_DEVICES: [0]
[I 2023-12-15 18:05:49,623] Trial 41 finished with value: 20.28620147705078 and parameters: {'gradient_clip_val': 0.5680308658485264, 'hidden_size': 15, 'dropout': 0.2803981101026119, 'hidden_continuous_size': 9, 'attention_head_size': 3, 'learning_rate': 0.0014938624670681945}. Best is trial 34 with value: 12.637797355651855.
LOCAL_RANK: 0 - CUDA_VISIBLE_DEVICES: [0]
[I 2023-12-15 18:06:37,856] Trial 42 finished with value: 20.65047264099121 and parameters: {'gradient_clip_val': 0.6501993372480619, 'hidden_size': 19, 'dropout': 0.23076663191575875, 'hidden_continuous_size': 10, 'attention_head_size': 3, 'learning_rate': 0.003173332888544638}. Best is trial 34 with value: 12.637797355651855.
LOCAL_RANK: 0 - CUDA_VISIBLE_DEVICES: [0]
[I 2023-12-15 18:07:24,045] Trial 43 finished with value: 15.947898864746094 and parameters: {'gradient_clip_val': 0.5046865712214316, 'hidden_size': 13, 'dropout': 0.29509928006604647, 'hidden_continuous_size': 9, 'attention_head_size': 3, 'learning_rate': 0.0014514750974131284}. Best is trial 34 with value: 12.637797355651855.
LOCAL_RANK: 0 - CUDA_VISIBLE_DEVICES: [0]
[I 2023-12-15 18:08:08,686] Trial 44 finished with value: 18.755990982055664 and parameters: {'gradient_clip_val': 0.6538063685611396, 'hidden_size': 12, 'dropout': 0.31905729502273655, 'hidden_continuous_size': 8, 'attention_head_size': 3, 'learning_rate': 0.002574669716750269}. Best is trial 34 with value: 12.637797355651855.
LOCAL_RANK: 0 - CUDA_VISIBLE_DEVICES: [0]
[I 2023-12-15 18:08:55,359] Trial 45 finished with value: 12.736483573913574 and parameters: {'gradient_clip_val': 0.38631115684578854, 'hidden_size': 14, 'dropout': 0.30732248379616944, 'hidden_continuous_size': 9, 'attention_head_size': 4, 'learning_rate': 0.0017276033192208126}. Best is trial 34 with value: 12.637797355651855.
LOCAL_RANK: 0 - CUDA_VISIBLE_DEVICES: [0]
[I 2023-12-15 18:09:41,352] Trial 46 finished with value: 36.636409759521484 and parameters: {'gradient_clip_val': 0.369715975841489, 'hidden_size': 16, 'dropout': 0.31111366993388406, 'hidden_continuous_size': 9, 'attention_head_size': 4, 'learning_rate': 0.0017793424678894131}. Best is trial 34 with value: 12.637797355651855.
LOCAL_RANK: 0 - CUDA_VISIBLE_DEVICES: [0]
[I 2023-12-15 18:10:30,556] Trial 47 finished with value: 42.75004196166992 and parameters: {'gradient_clip_val': 0.3819479758102381, 'hidden_size': 21, 'dropout': 0.2803464708819437, 'hidden_continuous_size': 11, 'attention_head_size': 4, 'learning_rate': 0.0006313089862025852}. Best is trial 34 with value: 12.637797355651855.
LOCAL_RANK: 0 - CUDA_VISIBLE_DEVICES: [0]
[I 2023-12-15 18:11:16,508] Trial 48 finished with value: 21.540367126464844 and parameters: {'gradient_clip_val': 0.4274099600512936, 'hidden_size': 15, 'dropout': 0.32485829418811035, 'hidden_continuous_size': 7, 'attention_head_size': 3, 'learning_rate': 0.003857458238803567}. Best is trial 34 with value: 12.637797355651855.
LOCAL_RANK: 0 - CUDA_VISIBLE_DEVICES: [0]
[I 2023-12-15 18:12:00,585] Trial 49 finished with value: 20.135732650756836 and parameters: {'gradient_clip_val': 0.30682483722010234, 'hidden_size': 12, 'dropout': 0.25887859867324914, 'hidden_continuous_size': 8, 'attention_head_size': 2, 'learning_rate': 0.00530179949362007}. Best is trial 34 with value: 12.637797355651855.
[I 2023-12-15 18:12:00,679] A new study created in memory with name: no-name-02be5bd5-139a-404d-8733-7120f58e6691
/home/le004/conda/anaconda3/envs/tsff_env/lib/python3.9/site-packages/lightning/fabric/plugins/environments/slurm.py:191: The `srun` command is available on your system but is not used. HINT: If your intention is to run Lightning on SLURM, prepend your python command with `srun` like so: srun python /home/le004/master_thesis/git/TSFusionForecast/code/ ...
LOCAL_RANK: 0 - CUDA_VISIBLE_DEVICES: [0]
[I 2023-12-15 18:12:53,365] Trial 0 finished with value: 24.369943618774414 and parameters: {'gradient_clip_val': 0.7385346994270158, 'hidden_size': 46, 'dropout': 0.23637325310748156, 'hidden_continuous_size': 9, 'attention_head_size': 4, 'learning_rate': 0.07543430457206912}. Best is trial 0 with value: 24.369943618774414.
LOCAL_RANK: 0 - CUDA_VISIBLE_DEVICES: [0]
[I 2023-12-15 18:13:26,826] Trial 1 finished with value: 8.267364501953125 and parameters: {'gradient_clip_val': 0.31893627193296326, 'hidden_size': 6, 'dropout': 0.13086881568094216, 'hidden_continuous_size': 6, 'attention_head_size': 1, 'learning_rate': 0.01598702393527519}. Best is trial 1 with value: 8.267364501953125.
LOCAL_RANK: 0 - CUDA_VISIBLE_DEVICES: [0]
[I 2023-12-15 18:14:16,878] Trial 2 finished with value: 23.19708251953125 and parameters: {'gradient_clip_val': 0.13677950477315157, 'hidden_size': 52, 'dropout': 0.3591443778754513, 'hidden_continuous_size': 5, 'attention_head_size': 2, 'learning_rate': 0.0012105637357535904}. Best is trial 1 with value: 8.267364501953125.
LOCAL_RANK: 0 - CUDA_VISIBLE_DEVICES: [0]
[I 2023-12-15 18:15:01,612] Trial 3 finished with value: 37.99111557006836 and parameters: {'gradient_clip_val': 0.2897786020296488, 'hidden_size': 7, 'dropout': 0.3774799348041151, 'hidden_continuous_size': 5, 'attention_head_size': 2, 'learning_rate': 0.0007439591598561792}. Best is trial 1 with value: 8.267364501953125.
LOCAL_RANK: 0 - CUDA_VISIBLE_DEVICES: [0]
[I 2023-12-15 18:15:51,003] Trial 4 finished with value: 41.841854095458984 and parameters: {'gradient_clip_val': 0.5543956032896399, 'hidden_size': 27, 'dropout': 0.14733966427668738, 'hidden_continuous_size': 9, 'attention_head_size': 3, 'learning_rate': 0.07515136237595457}. Best is trial 1 with value: 8.267364501953125.
LOCAL_RANK: 0 - CUDA_VISIBLE_DEVICES: [0]
[I 2023-12-15 18:16:26,413] Trial 5 finished with value: 71.93875122070312 and parameters: {'gradient_clip_val': 0.2069220755553548, 'hidden_size': 33, 'dropout': 0.3523259084888074, 'hidden_continuous_size': 33, 'attention_head_size': 3, 'learning_rate': 0.03727935455499514}. Best is trial 1 with value: 8.267364501953125.
LOCAL_RANK: 0 - CUDA_VISIBLE_DEVICES: [0]
[I 2023-12-15 18:17:11,176] Trial 6 finished with value: 17.34138298034668 and parameters: {'gradient_clip_val': 0.8462577331916551, 'hidden_size': 7, 'dropout': 0.13745829845941193, 'hidden_continuous_size': 5, 'attention_head_size': 2, 'learning_rate': 0.006467387268305148}. Best is trial 1 with value: 8.267364501953125.
LOCAL_RANK: 0 - CUDA_VISIBLE_DEVICES: [0]
[I 2023-12-15 18:18:02,270] Trial 7 finished with value: 27.19781494140625 and parameters: {'gradient_clip_val': 0.5897640453388151, 'hidden_size': 30, 'dropout': 0.3273341802226478, 'hidden_continuous_size': 23, 'attention_head_size': 1, 'learning_rate': 0.08811152369740093}. Best is trial 1 with value: 8.267364501953125.
LOCAL_RANK: 0 - CUDA_VISIBLE_DEVICES: [0]
[I 2023-12-15 18:18:53,372] Trial 8 finished with value: 26.422170639038086 and parameters: {'gradient_clip_val': 0.2932552138629278, 'hidden_size': 58, 'dropout': 0.2680512589753372, 'hidden_continuous_size': 5, 'attention_head_size': 2, 'learning_rate': 0.019764801070044632}. Best is trial 1 with value: 8.267364501953125.
LOCAL_RANK: 0 - CUDA_VISIBLE_DEVICES: [0]
[I 2023-12-15 18:19:38,940] Trial 9 finished with value: 31.077430725097656 and parameters: {'gradient_clip_val': 0.29273731408974024, 'hidden_size': 9, 'dropout': 0.3957681222847783, 'hidden_continuous_size': 6, 'attention_head_size': 4, 'learning_rate': 0.0008222628925915927}. Best is trial 1 with value: 8.267364501953125.
LOCAL_RANK: 0 - CUDA_VISIBLE_DEVICES: [0]
[I 2023-12-15 18:20:23,930] Trial 10 finished with value: 12.919127464294434 and parameters: {'gradient_clip_val': 0.4345559668931416, 'hidden_size': 13, 'dropout': 0.10699828407245801, 'hidden_continuous_size': 7, 'attention_head_size': 1, 'learning_rate': 0.007467428598719867}. Best is trial 1 with value: 8.267364501953125.
LOCAL_RANK: 0 - CUDA_VISIBLE_DEVICES: [0]
[I 2023-12-15 18:21:08,640] Trial 11 finished with value: 33.66547393798828 and parameters: {'gradient_clip_val': 0.42132442993120733, 'hidden_size': 13, 'dropout': 0.10966056397945978, 'hidden_continuous_size': 7, 'attention_head_size': 1, 'learning_rate': 0.008890264473851677}. Best is trial 1 with value: 8.267364501953125.
LOCAL_RANK: 0 - CUDA_VISIBLE_DEVICES: [0]
[I 2023-12-15 18:21:42,259] Trial 12 finished with value: 41.74148178100586 and parameters: {'gradient_clip_val': 0.4072268791150867, 'hidden_size': 5, 'dropout': 0.17607385624892602, 'hidden_continuous_size': 5, 'attention_head_size': 1, 'learning_rate': 0.0058669426938533645}. Best is trial 1 with value: 8.267364501953125.
LOCAL_RANK: 0 - CUDA_VISIBLE_DEVICES: [0]
[I 2023-12-15 18:22:26,556] Trial 13 finished with value: 35.27838134765625 and parameters: {'gradient_clip_val': 0.19832996038371473, 'hidden_size': 16, 'dropout': 0.10609966695223694, 'hidden_continuous_size': 7, 'attention_head_size': 1, 'learning_rate': 0.002923582907524207}. Best is trial 1 with value: 8.267364501953125.
LOCAL_RANK: 0 - CUDA_VISIBLE_DEVICES: [0]
[I 2023-12-15 18:23:10,032] Trial 14 finished with value: 15.573731422424316 and parameters: {'gradient_clip_val': 0.10182411522976116, 'hidden_size': 12, 'dropout': 0.1786213705321755, 'hidden_continuous_size': 6, 'attention_head_size': 1, 'learning_rate': 0.015093573327804767}. Best is trial 1 with value: 8.267364501953125.
LOCAL_RANK: 0 - CUDA_VISIBLE_DEVICES: [0]
[I 2023-12-15 18:24:03,677] Trial 15 finished with value: 35.590999603271484 and parameters: {'gradient_clip_val': 0.3969460533341609, 'hidden_size': 94, 'dropout': 0.10329961276241739, 'hidden_continuous_size': 13, 'attention_head_size': 1, 'learning_rate': 0.003110020505342301}. Best is trial 1 with value: 8.267364501953125.
LOCAL_RANK: 0 - CUDA_VISIBLE_DEVICES: [0]
[I 2023-12-15 18:24:50,976] Trial 16 finished with value: 36.832366943359375 and parameters: {'gradient_clip_val': 0.9061902312113346, 'hidden_size': 18, 'dropout': 0.1720280320880096, 'hidden_continuous_size': 7, 'attention_head_size': 3, 'learning_rate': 0.02426747873381753}. Best is trial 1 with value: 8.267364501953125.
LOCAL_RANK: 0 - CUDA_VISIBLE_DEVICES: [0]
[I 2023-12-15 18:25:24,749] Trial 17 finished with value: 27.711267471313477 and parameters: {'gradient_clip_val': 0.5354421687500588, 'hidden_size': 5, 'dropout': 0.1361364202195926, 'hidden_continuous_size': 5, 'attention_head_size': 2, 'learning_rate': 0.012442123301902632}. Best is trial 1 with value: 8.267364501953125.
LOCAL_RANK: 0 - CUDA_VISIBLE_DEVICES: [0]
[I 2023-12-15 18:26:09,387] Trial 18 finished with value: 74.07512664794922 and parameters: {'gradient_clip_val': 0.21817910666460538, 'hidden_size': 10, 'dropout': 0.20788692786174587, 'hidden_continuous_size': 6, 'attention_head_size': 1, 'learning_rate': 0.031493091022257336}. Best is trial 1 with value: 8.267364501953125.
LOCAL_RANK: 0 - CUDA_VISIBLE_DEVICES: [0]
[I 2023-12-15 18:26:55,730] Trial 19 finished with value: 19.622314453125 and parameters: {'gradient_clip_val': 0.3533421969151818, 'hidden_size': 17, 'dropout': 0.2174169722043095, 'hidden_continuous_size': 8, 'attention_head_size': 2, 'learning_rate': 0.012222367146981269}. Best is trial 1 with value: 8.267364501953125.
LOCAL_RANK: 0 - CUDA_VISIBLE_DEVICES: [0]
[I 2023-12-15 18:27:39,486] Trial 20 finished with value: 36.59330368041992 and parameters: {'gradient_clip_val': 0.4918108687082009, 'hidden_size': 8, 'dropout': 0.27081004662048197, 'hidden_continuous_size': 6, 'attention_head_size': 1, 'learning_rate': 0.040800089122428426}. Best is trial 1 with value: 8.267364501953125.
LOCAL_RANK: 0 - CUDA_VISIBLE_DEVICES: [0]
[I 2023-12-15 18:28:22,954] Trial 21 finished with value: 24.80729866027832 and parameters: {'gradient_clip_val': 0.10843784738555888, 'hidden_size': 12, 'dropout': 0.17767287659475686, 'hidden_continuous_size': 6, 'attention_head_size': 1, 'learning_rate': 0.014163932298443866}. Best is trial 1 with value: 8.267364501953125.
LOCAL_RANK: 0 - CUDA_VISIBLE_DEVICES: [0]
[I 2023-12-15 18:29:07,846] Trial 22 finished with value: 82.50621795654297 and parameters: {'gradient_clip_val': 0.15249736294343302, 'hidden_size': 13, 'dropout': 0.13948998449539857, 'hidden_continuous_size': 6, 'attention_head_size': 1, 'learning_rate': 0.01774250547272902}. Best is trial 1 with value: 8.267364501953125.
LOCAL_RANK: 0 - CUDA_VISIBLE_DEVICES: [0]
[I 2023-12-15 18:29:55,822] Trial 23 finished with value: 19.89605712890625 and parameters: {'gradient_clip_val': 0.2564845880018305, 'hidden_size': 22, 'dropout': 0.16453942674579777, 'hidden_continuous_size': 8, 'attention_head_size': 1, 'learning_rate': 0.008190274235236812}. Best is trial 1 with value: 8.267364501953125.
LOCAL_RANK: 0 - CUDA_VISIBLE_DEVICES: [0]
[I 2023-12-15 18:30:41,138] Trial 24 finished with value: 32.723594665527344 and parameters: {'gradient_clip_val': 0.3569860837459887, 'hidden_size': 10, 'dropout': 0.12352059830005516, 'hidden_continuous_size': 6, 'attention_head_size': 2, 'learning_rate': 0.024184492748397544}. Best is trial 1 with value: 8.267364501953125.
LOCAL_RANK: 0 - CUDA_VISIBLE_DEVICES: [0]
