[I 2023-12-15 23:54:12,239] Trial 30 finished with value: 13.967436790466309 and parameters: {'gradient_clip_val': 0.42177233068733594, 'hidden_size': 14, 'dropout': 0.2915280455189328, 'hidden_continuous_size': 6, 'attention_head_size': 2, 'learning_rate': 0.0030834310995473753}. Best is trial 0 with value: 6.134380340576172.
LOCAL_RANK: 0 - CUDA_VISIBLE_DEVICES: [0]
[I 2023-12-15 23:55:00,044] Trial 31 finished with value: 10.665445327758789 and parameters: {'gradient_clip_val': 0.27891791880339073, 'hidden_size': 18, 'dropout': 0.395126108641901, 'hidden_continuous_size': 10, 'attention_head_size': 3, 'learning_rate': 0.005587696351685826}. Best is trial 0 with value: 6.134380340576172.
LOCAL_RANK: 0 - CUDA_VISIBLE_DEVICES: [0]
[I 2023-12-15 23:55:49,509] Trial 32 finished with value: 18.8424129486084 and parameters: {'gradient_clip_val': 0.2288884779278026, 'hidden_size': 29, 'dropout': 0.3757838738831674, 'hidden_continuous_size': 13, 'attention_head_size': 3, 'learning_rate': 0.00844169037411747}. Best is trial 0 with value: 6.134380340576172.
LOCAL_RANK: 0 - CUDA_VISIBLE_DEVICES: [0]
[I 2023-12-15 23:56:40,860] Trial 33 finished with value: 15.252400398254395 and parameters: {'gradient_clip_val': 0.34469322645098593, 'hidden_size': 37, 'dropout': 0.3527408942736753, 'hidden_continuous_size': 12, 'attention_head_size': 4, 'learning_rate': 0.012936574370469358}. Best is trial 0 with value: 6.134380340576172.
LOCAL_RANK: 0 - CUDA_VISIBLE_DEVICES: [0]
[I 2023-12-15 23:57:28,741] Trial 34 finished with value: 17.201364517211914 and parameters: {'gradient_clip_val': 0.27671178319554174, 'hidden_size': 20, 'dropout': 0.32185653425011856, 'hidden_continuous_size': 11, 'attention_head_size': 3, 'learning_rate': 0.0070564111789085384}. Best is trial 0 with value: 6.134380340576172.
LOCAL_RANK: 0 - CUDA_VISIBLE_DEVICES: [0]
[I 2023-12-15 23:58:17,873] Trial 35 finished with value: 19.427906036376953 and parameters: {'gradient_clip_val': 0.16753595868266477, 'hidden_size': 25, 'dropout': 0.3788135682797857, 'hidden_continuous_size': 9, 'attention_head_size': 3, 'learning_rate': 0.009892778235086552}. Best is trial 0 with value: 6.134380340576172.
LOCAL_RANK: 0 - CUDA_VISIBLE_DEVICES: [0]
[I 2023-12-15 23:59:07,744] Trial 36 finished with value: 9.703129768371582 and parameters: {'gradient_clip_val': 0.221073741769746, 'hidden_size': 33, 'dropout': 0.34847356495844717, 'hidden_continuous_size': 15, 'attention_head_size': 2, 'learning_rate': 0.003928131389800211}. Best is trial 0 with value: 6.134380340576172.
LOCAL_RANK: 0 - CUDA_VISIBLE_DEVICES: [0]
[I 2023-12-15 23:59:57,126] Trial 37 finished with value: 7.384344577789307 and parameters: {'gradient_clip_val': 0.24835211086358708, 'hidden_size': 21, 'dropout': 0.3993400428674138, 'hidden_continuous_size': 11, 'attention_head_size': 4, 'learning_rate': 0.002202773044479775}. Best is trial 0 with value: 6.134380340576172.
LOCAL_RANK: 0 - CUDA_VISIBLE_DEVICES: [0]
[I 2023-12-16 00:00:46,222] Trial 38 finished with value: 24.54236602783203 and parameters: {'gradient_clip_val': 0.16200831253597903, 'hidden_size': 22, 'dropout': 0.36272886438849095, 'hidden_continuous_size': 8, 'attention_head_size': 4, 'learning_rate': 0.0021784964740308743}. Best is trial 0 with value: 6.134380340576172.
LOCAL_RANK: 0 - CUDA_VISIBLE_DEVICES: [0]
[I 2023-12-16 00:01:32,118] Trial 39 finished with value: 11.76034927368164 and parameters: {'gradient_clip_val': 0.2436600393126725, 'hidden_size': 16, 'dropout': 0.34066491359574747, 'hidden_continuous_size': 10, 'attention_head_size': 4, 'learning_rate': 0.0016232839958729337}. Best is trial 0 with value: 6.134380340576172.
LOCAL_RANK: 0 - CUDA_VISIBLE_DEVICES: [0]
[I 2023-12-16 00:02:17,512] Trial 40 finished with value: 18.589567184448242 and parameters: {'gradient_clip_val': 0.20607662828173878, 'hidden_size': 11, 'dropout': 0.32536409289104373, 'hidden_continuous_size': 8, 'attention_head_size': 2, 'learning_rate': 0.0009954977564512251}. Best is trial 0 with value: 6.134380340576172.
LOCAL_RANK: 0 - CUDA_VISIBLE_DEVICES: [0]
[I 2023-12-16 00:03:06,396] Trial 41 finished with value: 8.513884544372559 and parameters: {'gradient_clip_val': 0.2947846192474534, 'hidden_size': 19, 'dropout': 0.3973503026916007, 'hidden_continuous_size': 11, 'attention_head_size': 4, 'learning_rate': 0.0025214804159913256}. Best is trial 0 with value: 6.134380340576172.
LOCAL_RANK: 0 - CUDA_VISIBLE_DEVICES: [0]
[I 2023-12-16 00:03:52,836] Trial 42 finished with value: 13.787652015686035 and parameters: {'gradient_clip_val': 0.331703209133595, 'hidden_size': 13, 'dropout': 0.38326494065999683, 'hidden_continuous_size': 9, 'attention_head_size': 4, 'learning_rate': 0.002385980958220928}. Best is trial 0 with value: 6.134380340576172.
LOCAL_RANK: 0 - CUDA_VISIBLE_DEVICES: [0]
[I 2023-12-16 00:04:42,442] Trial 43 finished with value: 16.024328231811523 and parameters: {'gradient_clip_val': 0.2565823670778315, 'hidden_size': 23, 'dropout': 0.3819304878849487, 'hidden_continuous_size': 11, 'attention_head_size': 4, 'learning_rate': 0.0016445772651674964}. Best is trial 0 with value: 6.134380340576172.
LOCAL_RANK: 0 - CUDA_VISIBLE_DEVICES: [0]
[I 2023-12-16 00:05:32,507] Trial 44 finished with value: 7.264247894287109 and parameters: {'gradient_clip_val': 0.38892927602560107, 'hidden_size': 27, 'dropout': 0.3991480498770449, 'hidden_continuous_size': 13, 'attention_head_size': 4, 'learning_rate': 0.0027430017018776607}. Best is trial 0 with value: 6.134380340576172.
LOCAL_RANK: 0 - CUDA_VISIBLE_DEVICES: [0]
[I 2023-12-16 00:06:22,286] Trial 45 finished with value: 18.59283447265625 and parameters: {'gradient_clip_val': 0.3861854305088426, 'hidden_size': 29, 'dropout': 0.36232777586301856, 'hidden_continuous_size': 14, 'attention_head_size': 4, 'learning_rate': 0.00380974884024423}. Best is trial 0 with value: 6.134380340576172.
LOCAL_RANK: 0 - CUDA_VISIBLE_DEVICES: [0]
[I 2023-12-16 00:07:12,797] Trial 46 finished with value: 6.6837334632873535 and parameters: {'gradient_clip_val': 0.4646244347525136, 'hidden_size': 36, 'dropout': 0.3827690356877004, 'hidden_continuous_size': 14, 'attention_head_size': 4, 'learning_rate': 0.002880290581082625}. Best is trial 0 with value: 6.134380340576172.
LOCAL_RANK: 0 - CUDA_VISIBLE_DEVICES: [0]
[I 2023-12-16 00:08:02,509] Trial 47 finished with value: 13.113967895507812 and parameters: {'gradient_clip_val': 0.4633482969110166, 'hidden_size': 26, 'dropout': 0.3869096245334502, 'hidden_continuous_size': 12, 'attention_head_size': 4, 'learning_rate': 0.0028887995320580075}. Best is trial 0 with value: 6.134380340576172.
LOCAL_RANK: 0 - CUDA_VISIBLE_DEVICES: [0]
[I 2023-12-16 00:08:53,820] Trial 48 finished with value: 16.325716018676758 and parameters: {'gradient_clip_val': 0.5502718287734706, 'hidden_size': 35, 'dropout': 0.38572505188670836, 'hidden_continuous_size': 14, 'attention_head_size': 4, 'learning_rate': 0.0012440992777875892}. Best is trial 0 with value: 6.134380340576172.
LOCAL_RANK: 0 - CUDA_VISIBLE_DEVICES: [0]
[I 2023-12-16 00:09:46,724] Trial 49 finished with value: 7.297425746917725 and parameters: {'gradient_clip_val': 0.44977221772274395, 'hidden_size': 41, 'dropout': 0.35004746099263, 'hidden_continuous_size': 15, 'attention_head_size': 4, 'learning_rate': 0.0032424292703066597}. Best is trial 0 with value: 6.134380340576172.
[I 2023-12-16 00:09:46,827] A new study created in memory with name: no-name-92a5d695-2b33-47ee-8857-f7ed4e04a4df
/home/le004/conda/anaconda3/envs/tsff_env/lib/python3.9/site-packages/lightning/fabric/plugins/environments/slurm.py:191: The `srun` command is available on your system but is not used. HINT: If your intention is to run Lightning on SLURM, prepend your python command with `srun` like so: srun python /home/le004/master_thesis/git/TSFusionForecast/code/ ...
LOCAL_RANK: 0 - CUDA_VISIBLE_DEVICES: [0]
[I 2023-12-16 00:10:31,311] Trial 0 finished with value: 23.979833602905273 and parameters: {'gradient_clip_val': 0.65740674424133, 'hidden_size': 6, 'dropout': 0.17048698239227483, 'hidden_continuous_size': 5, 'attention_head_size': 1, 'learning_rate': 0.02637002827338113}. Best is trial 0 with value: 23.979833602905273.
LOCAL_RANK: 0 - CUDA_VISIBLE_DEVICES: [0]
[I 2023-12-16 00:11:17,157] Trial 1 finished with value: 82.22378540039062 and parameters: {'gradient_clip_val': 0.4523480725610074, 'hidden_size': 10, 'dropout': 0.10538827214558832, 'hidden_continuous_size': 8, 'attention_head_size': 3, 'learning_rate': 0.007499675224533306}. Best is trial 0 with value: 23.979833602905273.
LOCAL_RANK: 0 - CUDA_VISIBLE_DEVICES: [0]
[I 2023-12-16 00:12:09,137] Trial 2 finished with value: 72.26441192626953 and parameters: {'gradient_clip_val': 0.13796393550214373, 'hidden_size': 35, 'dropout': 0.11148939032400974, 'hidden_continuous_size': 19, 'attention_head_size': 3, 'learning_rate': 0.0168381509563101}. Best is trial 0 with value: 23.979833602905273.
LOCAL_RANK: 0 - CUDA_VISIBLE_DEVICES: [0]
[I 2023-12-16 00:12:44,083] Trial 3 finished with value: 68.8183364868164 and parameters: {'gradient_clip_val': 0.43660991022881934, 'hidden_size': 5, 'dropout': 0.34333678928299904, 'hidden_continuous_size': 5, 'attention_head_size': 4, 'learning_rate': 0.0007875147384305445}. Best is trial 0 with value: 23.979833602905273.
LOCAL_RANK: 0 - CUDA_VISIBLE_DEVICES: [0]
[I 2023-12-16 00:13:37,928] Trial 4 finished with value: 10.741019248962402 and parameters: {'gradient_clip_val': 0.3202430244038316, 'hidden_size': 47, 'dropout': 0.2787107914425181, 'hidden_continuous_size': 46, 'attention_head_size': 4, 'learning_rate': 0.010405785253659053}. Best is trial 4 with value: 10.741019248962402.
LOCAL_RANK: 0 - CUDA_VISIBLE_DEVICES: [0]
[I 2023-12-16 00:14:32,531] Trial 5 finished with value: 36.160640716552734 and parameters: {'gradient_clip_val': 0.41195800719883124, 'hidden_size': 57, 'dropout': 0.28556284972557056, 'hidden_continuous_size': 41, 'attention_head_size': 4, 'learning_rate': 0.002138169609415796}. Best is trial 4 with value: 10.741019248962402.
LOCAL_RANK: 0 - CUDA_VISIBLE_DEVICES: [0]
[I 2023-12-16 00:15:17,365] Trial 6 finished with value: 42.96599197387695 and parameters: {'gradient_clip_val': 0.10068386794261112, 'hidden_size': 8, 'dropout': 0.3939247741749312, 'hidden_continuous_size': 6, 'attention_head_size': 4, 'learning_rate': 0.03963246189132728}. Best is trial 4 with value: 10.741019248962402.
LOCAL_RANK: 0 - CUDA_VISIBLE_DEVICES: [0]
[I 2023-12-16 00:16:05,802] Trial 7 finished with value: 50.7878532409668 and parameters: {'gradient_clip_val': 0.11616275661767775, 'hidden_size': 19, 'dropout': 0.18876368209099054, 'hidden_continuous_size': 11, 'attention_head_size': 3, 'learning_rate': 0.0008848855816771266}. Best is trial 4 with value: 10.741019248962402.
LOCAL_RANK: 0 - CUDA_VISIBLE_DEVICES: [0]
[I 2023-12-16 00:16:40,452] Trial 8 finished with value: 20.369949340820312 and parameters: {'gradient_clip_val': 0.4709353401089146, 'hidden_size': 6, 'dropout': 0.316854821595711, 'hidden_continuous_size': 6, 'attention_head_size': 4, 'learning_rate': 0.0071087055741916585}. Best is trial 4 with value: 10.741019248962402.
LOCAL_RANK: 0 - CUDA_VISIBLE_DEVICES: [0]
[I 2023-12-16 00:17:31,783] Trial 9 finished with value: 34.24649429321289 and parameters: {'gradient_clip_val': 0.41803473530827046, 'hidden_size': 31, 'dropout': 0.3668789981758628, 'hidden_continuous_size': 20, 'attention_head_size': 3, 'learning_rate': 0.0007004616282827527}. Best is trial 4 with value: 10.741019248962402.
LOCAL_RANK: 0 - CUDA_VISIBLE_DEVICES: [0]
[I 2023-12-16 00:18:29,003] Trial 10 finished with value: 60.01691818237305 and parameters: {'gradient_clip_val': 0.22915004174891188, 'hidden_size': 95, 'dropout': 0.2553245009492706, 'hidden_continuous_size': 78, 'attention_head_size': 1, 'learning_rate': 0.0925591403059931}. Best is trial 4 with value: 10.741019248962402.
LOCAL_RANK: 0 - CUDA_VISIBLE_DEVICES: [0]
[I 2023-12-16 00:19:14,322] Trial 11 finished with value: 42.72145462036133 and parameters: {'gradient_clip_val': 0.9139863571057266, 'hidden_size': 14, 'dropout': 0.30983839618628256, 'hidden_continuous_size': 6, 'attention_head_size': 2, 'learning_rate': 0.005797142143161}. Best is trial 4 with value: 10.741019248962402.
LOCAL_RANK: 0 - CUDA_VISIBLE_DEVICES: [0]
[I 2023-12-16 00:20:00,457] Trial 12 finished with value: 95.14998626708984 and parameters: {'gradient_clip_val': 0.2597365571211824, 'hidden_size': 13, 'dropout': 0.3150905576189037, 'hidden_continuous_size': 7, 'attention_head_size': 4, 'learning_rate': 0.0058872308027638}. Best is trial 4 with value: 10.741019248962402.
LOCAL_RANK: 0 - CUDA_VISIBLE_DEVICES: [0]
[I 2023-12-16 00:20:49,297] Trial 13 finished with value: 22.96381187438965 and parameters: {'gradient_clip_val': 0.21448415739073426, 'hidden_size': 25, 'dropout': 0.2621388506709641, 'hidden_continuous_size': 9, 'attention_head_size': 2, 'learning_rate': 0.011299521225703631}. Best is trial 4 with value: 10.741019248962402.
LOCAL_RANK: 0 - CUDA_VISIBLE_DEVICES: [0]
[I 2023-12-16 00:21:34,793] Trial 14 finished with value: 49.2535400390625 and parameters: {'gradient_clip_val': 0.32971998545643494, 'hidden_size': 7, 'dropout': 0.3344905987358264, 'hidden_continuous_size': 5, 'attention_head_size': 4, 'learning_rate': 0.003447228156246048}. Best is trial 4 with value: 10.741019248962402.
LOCAL_RANK: 0 - CUDA_VISIBLE_DEVICES: [0]
[I 2023-12-16 00:22:09,262] Trial 15 finished with value: 66.6777114868164 and parameters: {'gradient_clip_val': 0.5904983450513226, 'hidden_size': 5, 'dropout': 0.22609454520605635, 'hidden_continuous_size': 5, 'attention_head_size': 4, 'learning_rate': 0.013743103786220455}. Best is trial 4 with value: 10.741019248962402.
LOCAL_RANK: 0 - CUDA_VISIBLE_DEVICES: [0]
[I 2023-12-16 00:23:01,679] Trial 16 finished with value: 15.942255973815918 and parameters: {'gradient_clip_val': 0.3246826134600213, 'hidden_size': 46, 'dropout': 0.2874705932191934, 'hidden_continuous_size': 12, 'attention_head_size': 2, 'learning_rate': 0.0026785744411763767}. Best is trial 4 with value: 10.741019248962402.
LOCAL_RANK: 0 - CUDA_VISIBLE_DEVICES: [0]
[I 2023-12-16 00:23:52,859] Trial 17 finished with value: 12.983512878417969 and parameters: {'gradient_clip_val': 0.30923756845037903, 'hidden_size': 48, 'dropout': 0.2759112209790071, 'hidden_continuous_size': 13, 'attention_head_size': 2, 'learning_rate': 0.0023949070237244117}. Best is trial 4 with value: 10.741019248962402.
LOCAL_RANK: 0 - CUDA_VISIBLE_DEVICES: [0]
[I 2023-12-16 00:24:46,164] Trial 18 finished with value: 24.018936157226562 and parameters: {'gradient_clip_val': 0.17658016263653561, 'hidden_size': 65, 'dropout': 0.23237748582793613, 'hidden_continuous_size': 27, 'attention_head_size': 2, 'learning_rate': 0.0014683625852455991}. Best is trial 4 with value: 10.741019248962402.
LOCAL_RANK: 0 - CUDA_VISIBLE_DEVICES: [0]
[I 2023-12-16 00:25:37,845] Trial 19 finished with value: 22.29038429260254 and parameters: {'gradient_clip_val': 0.2689929311549089, 'hidden_size': 41, 'dropout': 0.2813113293921849, 'hidden_continuous_size': 14, 'attention_head_size': 1, 'learning_rate': 0.0037779311396584233}. Best is trial 4 with value: 10.741019248962402.
LOCAL_RANK: 0 - CUDA_VISIBLE_DEVICES: [0]
[I 2023-12-16 00:26:27,201] Trial 20 finished with value: 42.98428726196289 and parameters: {'gradient_clip_val': 0.16523425045447873, 'hidden_size': 26, 'dropout': 0.2194452331403834, 'hidden_continuous_size': 9, 'attention_head_size': 3, 'learning_rate': 0.001614063463528255}. Best is trial 4 with value: 10.741019248962402.
LOCAL_RANK: 0 - CUDA_VISIBLE_DEVICES: [0]
[I 2023-12-16 00:27:19,646] Trial 21 finished with value: 18.29798698425293 and parameters: {'gradient_clip_val': 0.32008616831981146, 'hidden_size': 47, 'dropout': 0.2879676537031598, 'hidden_continuous_size': 12, 'attention_head_size': 2, 'learning_rate': 0.0030673302080375504}. Best is trial 4 with value: 10.741019248962402.
LOCAL_RANK: 0 - CUDA_VISIBLE_DEVICES: [0]
[I 2023-12-16 00:28:11,917] Trial 22 finished with value: 23.05173683166504 and parameters: {'gradient_clip_val': 0.35041888546574007, 'hidden_size': 46, 'dropout': 0.2679378006256218, 'hidden_continuous_size': 11, 'attention_head_size': 2, 'learning_rate': 0.002134819525988807}. Best is trial 4 with value: 10.741019248962402.
LOCAL_RANK: 0 - CUDA_VISIBLE_DEVICES: [0]
[I 2023-12-16 00:29:05,027] Trial 23 finished with value: 16.702739715576172 and parameters: {'gradient_clip_val': 0.28275217841867345, 'hidden_size': 69, 'dropout': 0.2919873512665998, 'hidden_continuous_size': 14, 'attention_head_size': 2, 'learning_rate': 0.0011756862720937204}. Best is trial 4 with value: 10.741019248962402.
LOCAL_RANK: 0 - CUDA_VISIBLE_DEVICES: [0]
[I 2023-12-16 00:29:55,853] Trial 24 finished with value: 24.256563186645508 and parameters: {'gradient_clip_val': 0.22023493812058173, 'hidden_size': 36, 'dropout': 0.24685874370667224, 'hidden_continuous_size': 17, 'attention_head_size': 1, 'learning_rate': 0.004127162647890037}. Best is trial 4 with value: 10.741019248962402.
LOCAL_RANK: 0 - CUDA_VISIBLE_DEVICES: [0]
[I 2023-12-16 00:30:48,790] Trial 25 finished with value: 74.77179718017578 and parameters: {'gradient_clip_val': 0.35002374799021885, 'hidden_size': 53, 'dropout': 0.3022078552834406, 'hidden_continuous_size': 23, 'attention_head_size': 2, 'learning_rate': 0.002466876788189416}. Best is trial 4 with value: 10.741019248962402.
LOCAL_RANK: 0 - CUDA_VISIBLE_DEVICES: [0]
[I 2023-12-16 00:31:42,962] Trial 26 finished with value: 21.856430053710938 and parameters: {'gradient_clip_val': 0.25000299811552096, 'hidden_size': 79, 'dropout': 0.2734075904690624, 'hidden_continuous_size': 30, 'attention_head_size': 3, 'learning_rate': 0.0011678314903834019}. Best is trial 4 with value: 10.741019248962402.
LOCAL_RANK: 0 - CUDA_VISIBLE_DEVICES: [0]
[I 2023-12-16 00:32:35,517] Trial 27 finished with value: 12.444844245910645 and parameters: {'gradient_clip_val': 0.2815884597265892, 'hidden_size': 53, 'dropout': 0.33689520358073355, 'hidden_continuous_size': 15, 'attention_head_size': 2, 'learning_rate': 0.004565699145909108}. Best is trial 4 with value: 10.741019248962402.
LOCAL_RANK: 0 - CUDA_VISIBLE_DEVICES: [0]
[I 2023-12-16 00:33:30,813] Trial 28 finished with value: 22.28193473815918 and parameters: {'gradient_clip_val': 0.19330850618219583, 'hidden_size': 93, 'dropout': 0.3400982224206435, 'hidden_continuous_size': 42, 'attention_head_size': 1, 'learning_rate': 0.009268479046231563}. Best is trial 4 with value: 10.741019248962402.
LOCAL_RANK: 0 - CUDA_VISIBLE_DEVICES: [0]
[I 2023-12-16 00:34:23,588] Trial 29 finished with value: 82.00994873046875 and parameters: {'gradient_clip_val': 0.3010739292492221, 'hidden_size': 71, 'dropout': 0.3544795236235529, 'hidden_continuous_size': 17, 'attention_head_size': 1, 'learning_rate': 0.0044704408824938705}. Best is trial 4 with value: 10.741019248962402.
LOCAL_RANK: 0 - CUDA_VISIBLE_DEVICES: [0]
[I 2023-12-16 00:35:16,980] Trial 30 finished with value: 91.31864166259766 and parameters: {'gradient_clip_val': 0.25869141380002747, 'hidden_size': 58, 'dropout': 0.3233984007469184, 'hidden_continuous_size': 15, 'attention_head_size': 3, 'learning_rate': 0.00497011816121335}. Best is trial 4 with value: 10.741019248962402.
LOCAL_RANK: 0 - CUDA_VISIBLE_DEVICES: [0]
[I 2023-12-16 00:36:07,485] Trial 31 finished with value: 26.728727340698242 and parameters: {'gradient_clip_val': 0.35399414162496473, 'hidden_size': 40, 'dropout': 0.3056589453929933, 'hidden_continuous_size': 12, 'attention_head_size': 2, 'learning_rate': 0.0005331844342603238}. Best is trial 4 with value: 10.741019248962402.
LOCAL_RANK: 0 - CUDA_VISIBLE_DEVICES: [0]
[I 2023-12-16 00:36:59,705] Trial 32 finished with value: 43.6331901550293 and parameters: {'gradient_clip_val': 0.2929343451344317, 'hidden_size': 49, 'dropout': 0.29470790783016576, 'hidden_continuous_size': 9, 'attention_head_size': 2, 'learning_rate': 0.00282052476381191}. Best is trial 4 with value: 10.741019248962402.
LOCAL_RANK: 0 - CUDA_VISIBLE_DEVICES: [0]
[I 2023-12-16 00:37:51,798] Trial 33 finished with value: 10.742286682128906 and parameters: {'gradient_clip_val': 0.366318733548796, 'hidden_size': 43, 'dropout': 0.24971785384103162, 'hidden_continuous_size': 12, 'attention_head_size': 2, 'learning_rate': 0.00789474084870642}. Best is trial 4 with value: 10.741019248962402.
LOCAL_RANK: 0 - CUDA_VISIBLE_DEVICES: [0]
[I 2023-12-16 00:38:40,031] Trial 34 finished with value: 83.77059173583984 and parameters: {'gradient_clip_val': 0.3862752300647153, 'hidden_size': 32, 'dropout': 0.25599452922313937, 'hidden_continuous_size': 10, 'attention_head_size': 2, 'learning_rate': 0.008503571681006525}. Best is trial 4 with value: 10.741019248962402.
LOCAL_RANK: 0 - CUDA_VISIBLE_DEVICES: [0]
[I 2023-12-16 00:39:33,649] Trial 35 finished with value: 20.806941986083984 and parameters: {'gradient_clip_val': 0.49161126243466996, 'hidden_size': 60, 'dropout': 0.19583835698283375, 'hidden_continuous_size': 14, 'attention_head_size': 3, 'learning_rate': 0.007281618452940895}. Best is trial 4 with value: 10.741019248962402.
LOCAL_RANK: 0 - CUDA_VISIBLE_DEVICES: [0]
[I 2023-12-16 00:40:25,568] Trial 36 finished with value: 43.07827377319336 and parameters: {'gradient_clip_val': 0.3811774623266934, 'hidden_size': 39, 'dropout': 0.24154080793752142, 'hidden_continuous_size': 16, 'attention_head_size': 2, 'learning_rate': 0.020650467894750245}. Best is trial 4 with value: 10.741019248962402.
LOCAL_RANK: 0 - CUDA_VISIBLE_DEVICES: [0]
[I 2023-12-16 00:41:18,776] Trial 37 finished with value: 41.072689056396484 and parameters: {'gradient_clip_val': 0.28970339174306153, 'hidden_size': 54, 'dropout': 0.2710475042053976, 'hidden_continuous_size': 19, 'attention_head_size': 3, 'learning_rate': 0.011404242250512968}. Best is trial 4 with value: 10.741019248962402.
LOCAL_RANK: 0 - CUDA_VISIBLE_DEVICES: [0]
