[I 2023-12-26 12:27:35,927] Trial 6 finished with value: 3.261964797973633 and parameters: {'gradient_clip_val': 0.5486136850860188, 'hidden_size': 6, 'dropout': 0.25581422196185977, 'hidden_continuous_size': 5, 'attention_head_size': 2, 'learning_rate': 0.06903099728930165}. Best is trial 0 with value: 0.09861016273498535.
[I 2023-12-26 12:27:42,717] Trial 7 finished with value: 3.009939432144165 and parameters: {'gradient_clip_val': 0.7149662122979716, 'hidden_size': 102, 'dropout': 0.4706355410685492, 'hidden_continuous_size': 79, 'attention_head_size': 2, 'learning_rate': 0.037082018514262946}. Best is trial 0 with value: 0.09861016273498535.
[I 2023-12-26 12:27:51,184] Trial 8 finished with value: 3.2252957820892334 and parameters: {'gradient_clip_val': 0.7066974433529308, 'hidden_size': 141, 'dropout': 0.21670904465495489, 'hidden_continuous_size': 5, 'attention_head_size': 2, 'learning_rate': 0.003508397958826812}. Best is trial 0 with value: 0.09861016273498535.
[I 2023-12-26 12:27:53,056] Trial 9 finished with value: 2.718010902404785 and parameters: {'gradient_clip_val': 0.11004363584691713, 'hidden_size': 6, 'dropout': 0.3764814323652379, 'hidden_continuous_size': 5, 'attention_head_size': 3, 'learning_rate': 0.06457149896607961}. Best is trial 0 with value: 0.09861016273498535.
[I 2023-12-26 12:27:55,189] Trial 10 finished with value: 2.9109671115875244 and parameters: {'gradient_clip_val': 0.22656052568444854, 'hidden_size': 14, 'dropout': 0.18560525960329669, 'hidden_continuous_size': 7, 'attention_head_size': 4, 'learning_rate': 0.014913152444822594}. Best is trial 0 with value: 0.09861016273498535.
[I 2023-12-26 12:27:57,214] Trial 11 finished with value: 4.37251091003418 and parameters: {'gradient_clip_val': 0.11838618083166795, 'hidden_size': 11, 'dropout': 0.33166892894848515, 'hidden_continuous_size': 6, 'attention_head_size': 3, 'learning_rate': 0.09903861646614481}. Best is trial 0 with value: 0.09861016273498535.
[I 2023-12-26 12:27:59,406] Trial 12 finished with value: 2.328664541244507 and parameters: {'gradient_clip_val': 0.10633782661679682, 'hidden_size': 19, 'dropout': 0.3783788354821008, 'hidden_continuous_size': 7, 'attention_head_size': 4, 'learning_rate': 0.09775879114928498}. Best is trial 0 with value: 0.09861016273498535.
[I 2023-12-26 12:28:01,532] Trial 13 finished with value: 4.8606367111206055 and parameters: {'gradient_clip_val': 0.15113667581796883, 'hidden_size': 17, 'dropout': 0.39375718603876575, 'hidden_continuous_size': 7, 'attention_head_size': 4, 'learning_rate': 0.09960210426769556}. Best is trial 0 with value: 0.09861016273498535.
[I 2023-12-26 12:28:04,039] Trial 14 finished with value: 2.8889923095703125 and parameters: {'gradient_clip_val': 0.10641843957269698, 'hidden_size': 29, 'dropout': 0.28748557079926274, 'hidden_continuous_size': 9, 'attention_head_size': 4, 'learning_rate': 0.019691196008572918}. Best is trial 0 with value: 0.09861016273498535.
[I 2023-12-26 12:28:06,297] Trial 15 finished with value: 3.8556935787200928 and parameters: {'gradient_clip_val': 0.15170818119844875, 'hidden_size': 22, 'dropout': 0.3982004378097376, 'hidden_continuous_size': 7, 'attention_head_size': 4, 'learning_rate': 0.019572453614386136}. Best is trial 0 with value: 0.09861016273498535.
[I 2023-12-26 12:28:08,340] Trial 16 finished with value: 4.1259894371032715 and parameters: {'gradient_clip_val': 0.2529100494885786, 'hidden_size': 10, 'dropout': 0.2677336277098974, 'hidden_continuous_size': 6, 'attention_head_size': 3, 'learning_rate': 0.05168628423981279}. Best is trial 0 with value: 0.09861016273498535.
[I 2023-12-26 12:28:11,093] Trial 17 finished with value: 2.5034842491149902 and parameters: {'gradient_clip_val': 0.14652600382418185, 'hidden_size': 30, 'dropout': 0.308759904795298, 'hidden_continuous_size': 10, 'attention_head_size': 4, 'learning_rate': 0.09928740152032463}. Best is trial 0 with value: 0.09861016273498535.
[I 2023-12-26 12:28:12,974] Trial 18 finished with value: 3.0701515674591064 and parameters: {'gradient_clip_val': 0.10182460159987992, 'hidden_size': 8, 'dropout': 0.23229001742081778, 'hidden_continuous_size': 5, 'attention_head_size': 3, 'learning_rate': 0.027844994200273497}. Best is trial 0 with value: 0.09861016273498535.
[I 2023-12-26 12:28:15,102] Trial 19 finished with value: 3.6696717739105225 and parameters: {'gradient_clip_val': 0.19547010907675597, 'hidden_size': 14, 'dropout': 0.1819611148283189, 'hidden_continuous_size': 6, 'attention_head_size': 4, 'learning_rate': 0.053460729039490826}. Best is trial 0 with value: 0.09861016273498535.
[I 2023-12-26 12:28:17,246] Trial 20 finished with value: 2.736119508743286 and parameters: {'gradient_clip_val': 0.130279753369996, 'hidden_size': 20, 'dropout': 0.350988254414877, 'hidden_continuous_size': 8, 'attention_head_size': 3, 'learning_rate': 0.009192973669594763}. Best is trial 0 with value: 0.09861016273498535.
[I 2023-12-26 12:28:19,833] Trial 21 finished with value: 3.784839630126953 and parameters: {'gradient_clip_val': 0.1485551803296295, 'hidden_size': 31, 'dropout': 0.30341110421766043, 'hidden_continuous_size': 10, 'attention_head_size': 4, 'learning_rate': 0.09845851967338565}. Best is trial 0 with value: 0.09861016273498535.
[I 2023-12-26 12:28:22,473] Trial 22 finished with value: 4.306585788726807 and parameters: {'gradient_clip_val': 0.1336604875231824, 'hidden_size': 36, 'dropout': 0.2991877860285599, 'hidden_continuous_size': 12, 'attention_head_size': 4, 'learning_rate': 0.05929459481747012}. Best is trial 0 with value: 0.09861016273498535.
[I 2023-12-26 12:28:24,704] Trial 23 finished with value: 4.170215129852295 and parameters: {'gradient_clip_val': 0.16641884230707768, 'hidden_size': 22, 'dropout': 0.424207233657411, 'hidden_continuous_size': 8, 'attention_head_size': 4, 'learning_rate': 0.0701536338028778}. Best is trial 0 with value: 0.09861016273498535.
[I 2023-12-26 12:28:27,647] Trial 24 finished with value: 2.347522258758545 and parameters: {'gradient_clip_val': 0.127867476720006, 'hidden_size': 44, 'dropout': 0.3607623476948767, 'hidden_continuous_size': 11, 'attention_head_size': 4, 'learning_rate': 0.041399204857811366}. Best is trial 0 with value: 0.09861016273498535.
[I 2023-12-26 12:28:30,500] Trial 25 finished with value: 3.1476352214813232 and parameters: {'gradient_clip_val': 0.12632574749648126, 'hidden_size': 42, 'dropout': 0.3585921472499883, 'hidden_continuous_size': 13, 'attention_head_size': 3, 'learning_rate': 0.030165477324494608}. Best is trial 0 with value: 0.09861016273498535.
[I 2023-12-26 12:28:33,407] Trial 26 finished with value: 3.1950740814208984 and parameters: {'gradient_clip_val': 0.1859700848456443, 'hidden_size': 44, 'dropout': 0.42859472955995764, 'hidden_continuous_size': 16, 'attention_head_size': 4, 'learning_rate': 0.04446975494631435}. Best is trial 0 with value: 0.09861016273498535.
[I 2023-12-26 12:28:35,723] Trial 27 finished with value: 2.9169585704803467 and parameters: {'gradient_clip_val': 0.11769564079998994, 'hidden_size': 25, 'dropout': 0.3426657964593713, 'hidden_continuous_size': 6, 'attention_head_size': 3, 'learning_rate': 0.026712299280574153}. Best is trial 0 with value: 0.09861016273498535.
[I 2023-12-26 12:28:38,069] Trial 28 finished with value: 3.0683374404907227 and parameters: {'gradient_clip_val': 0.1004929659841181, 'hidden_size': 17, 'dropout': 0.3796790753351872, 'hidden_continuous_size': 6, 'attention_head_size': 4, 'learning_rate': 0.045946295413304625}. Best is trial 0 with value: 0.09861016273498535.
[I 2023-12-26 12:28:41,304] Trial 29 finished with value: 3.0306804180145264 and parameters: {'gradient_clip_val': 0.2821830764216224, 'hidden_size': 52, 'dropout': 0.32553286493373135, 'hidden_continuous_size': 19, 'attention_head_size': 3, 'learning_rate': 0.0033925829811726343}. Best is trial 0 with value: 0.09861016273498535.
[I 2023-12-26 12:28:43,066] Trial 30 finished with value: 1.9916224479675293 and parameters: {'gradient_clip_val': 0.2079659553444521, 'hidden_size': 5, 'dropout': 0.42667149253405495, 'hidden_continuous_size': 5, 'attention_head_size': 4, 'learning_rate': 0.06456321549561952}. Best is trial 0 with value: 0.09861016273498535.
[I 2023-12-26 12:28:44,845] Trial 31 finished with value: 2.897526741027832 and parameters: {'gradient_clip_val': 0.22286959523572356, 'hidden_size': 5, 'dropout': 0.4230035414403948, 'hidden_continuous_size': 5, 'attention_head_size': 4, 'learning_rate': 0.0707364873112149}. Best is trial 0 with value: 0.09861016273498535.
[I 2023-12-26 12:28:46,742] Trial 32 finished with value: 2.5585684776306152 and parameters: {'gradient_clip_val': 0.1748094806522568, 'hidden_size': 8, 'dropout': 0.444321283227326, 'hidden_continuous_size': 5, 'attention_head_size': 4, 'learning_rate': 0.04480843926893435}. Best is trial 0 with value: 0.09861016273498535.
[I 2023-12-26 12:28:48,662] Trial 33 finished with value: 2.3967466354370117 and parameters: {'gradient_clip_val': 0.3352695979613331, 'hidden_size': 6, 'dropout': 0.4929467495413241, 'hidden_continuous_size': 5, 'attention_head_size': 4, 'learning_rate': 0.0758462878561831}. Best is trial 0 with value: 0.09861016273498535.
[I 2023-12-26 12:28:50,357] Trial 34 finished with value: 2.916400194168091 and parameters: {'gradient_clip_val': 0.1225933329862658, 'hidden_size': 5, 'dropout': 0.361395946125631, 'hidden_continuous_size': 5, 'attention_head_size': 1, 'learning_rate': 0.034636872197751155}. Best is trial 0 with value: 0.09861016273498535.
[I 2023-12-26 12:28:52,409] Trial 35 finished with value: 2.712583303451538 and parameters: {'gradient_clip_val': 0.202025286671681, 'hidden_size': 10, 'dropout': 0.40328836855812716, 'hidden_continuous_size': 6, 'attention_head_size': 4, 'learning_rate': 0.05249558912435584}. Best is trial 0 with value: 0.09861016273498535.
[I 2023-12-26 12:28:56,034] Trial 36 finished with value: 2.7155706882476807 and parameters: {'gradient_clip_val': 0.1586309606083714, 'hidden_size': 60, 'dropout': 0.44962977659911146, 'hidden_continuous_size': 8, 'attention_head_size': 3, 'learning_rate': 0.038386571496588084}. Best is trial 0 with value: 0.09861016273498535.
[I 2023-12-26 12:28:58,006] Trial 37 finished with value: 3.270561933517456 and parameters: {'gradient_clip_val': 0.13597520626308363, 'hidden_size': 7, 'dropout': 0.3710020520536695, 'hidden_continuous_size': 5, 'attention_head_size': 4, 'learning_rate': 0.07865344802021558}. Best is trial 0 with value: 0.09861016273498535.
[I 2023-12-26 12:28:59,795] Trial 38 finished with value: 3.110948324203491 and parameters: {'gradient_clip_val': 0.17979055180804665, 'hidden_size': 5, 'dropout': 0.4848373769112171, 'hidden_continuous_size': 5, 'attention_head_size': 4, 'learning_rate': 0.05819004879720238}. Best is trial 0 with value: 0.09861016273498535.
[I 2023-12-26 12:29:01,708] Trial 39 finished with value: 3.1482808589935303 and parameters: {'gradient_clip_val': 0.13823282847637194, 'hidden_size': 7, 'dropout': 0.458109648672562, 'hidden_continuous_size': 5, 'attention_head_size': 1, 'learning_rate': 0.0349790861087808}. Best is trial 0 with value: 0.09861016273498535.
[I 2023-12-26 12:29:04,542] Trial 40 finished with value: 3.4344375133514404 and parameters: {'gradient_clip_val': 0.11620391760113542, 'hidden_size': 37, 'dropout': 0.38701282245061236, 'hidden_continuous_size': 7, 'attention_head_size': 2, 'learning_rate': 0.07976416598625995}. Best is trial 0 with value: 0.09861016273498535.
[I 2023-12-26 12:29:06,475] Trial 41 finished with value: 3.2843353748321533 and parameters: {'gradient_clip_val': 0.3351534666182192, 'hidden_size': 6, 'dropout': 0.48388809103632807, 'hidden_continuous_size': 5, 'attention_head_size': 4, 'learning_rate': 0.07240751591163229}. Best is trial 0 with value: 0.09861016273498535.
[I 2023-12-26 12:29:08,408] Trial 42 finished with value: 4.133133411407471 and parameters: {'gradient_clip_val': 0.37520868235950705, 'hidden_size': 6, 'dropout': 0.4990045444160415, 'hidden_continuous_size': 5, 'attention_head_size': 4, 'learning_rate': 0.06132132383942316}. Best is trial 0 with value: 0.09861016273498535.
[I 2023-12-26 12:29:10,177] Trial 43 finished with value: 3.566937208175659 and parameters: {'gradient_clip_val': 0.16419876165760897, 'hidden_size': 5, 'dropout': 0.47339952443501115, 'hidden_continuous_size': 5, 'attention_head_size': 4, 'learning_rate': 0.07999814920799608}. Best is trial 0 with value: 0.09861016273498535.
[I 2023-12-26 12:29:12,208] Trial 44 finished with value: 2.6504995822906494 and parameters: {'gradient_clip_val': 0.21218870945790855, 'hidden_size': 9, 'dropout': 0.41485865825908647, 'hidden_continuous_size': 6, 'attention_head_size': 4, 'learning_rate': 0.04618113859411143}. Best is trial 0 with value: 0.09861016273498535.
[I 2023-12-26 12:29:14,286] Trial 45 finished with value: 4.208948612213135 and parameters: {'gradient_clip_val': 0.2426303619559722, 'hidden_size': 12, 'dropout': 0.43898694841674024, 'hidden_continuous_size': 7, 'attention_head_size': 4, 'learning_rate': 0.08051273277562218}. Best is trial 0 with value: 0.09861016273498535.
[I 2023-12-26 12:29:16,253] Trial 46 finished with value: 3.1162989139556885 and parameters: {'gradient_clip_val': 0.11389465569095177, 'hidden_size': 7, 'dropout': 0.4647608712824806, 'hidden_continuous_size': 5, 'attention_head_size': 4, 'learning_rate': 0.059847649467820035}. Best is trial 0 with value: 0.09861016273498535.
[I 2023-12-26 12:29:18,178] Trial 47 finished with value: 4.342970371246338 and parameters: {'gradient_clip_val': 0.1937792242248194, 'hidden_size': 6, 'dropout': 0.40566882687690775, 'hidden_continuous_size': 5, 'attention_head_size': 3, 'learning_rate': 0.03992122189568515}. Best is trial 0 with value: 0.09861016273498535.
[I 2023-12-26 12:29:23,068] Trial 48 finished with value: 3.399441957473755 and parameters: {'gradient_clip_val': 0.2705937481271667, 'hidden_size': 79, 'dropout': 0.39147427855525874, 'hidden_continuous_size': 9, 'attention_head_size': 4, 'learning_rate': 0.09414199059618811}. Best is trial 0 with value: 0.09861016273498535.
[I 2023-12-26 12:29:25,078] Trial 49 finished with value: 3.42169451713562 and parameters: {'gradient_clip_val': 0.10816075493398591, 'hidden_size': 9, 'dropout': 0.4414058148665392, 'hidden_continuous_size': 6, 'attention_head_size': 3, 'learning_rate': 0.02686791591387444}. Best is trial 0 with value: 0.09861016273498535.
[I 2023-12-26 12:29:25,199] A new study created in memory with name: no-name-82554ff7-4813-45ed-a152-a51a84d2ea13
/home/le004/conda/anaconda3/envs/tsff_env/lib/python3.9/site-packages/lightning/fabric/plugins/environments/slurm.py:191: The `srun` command is available on your system but is not used. HINT: If your intention is to run Lightning on SLURM, prepend your python command with `srun` like so: srun python /home/le004/master_thesis/git/TSFusionForecast/code/ ...
[I 2023-12-26 12:35:52,428] Trial 0 finished with value: 0.08010680228471756 and parameters: {'gradient_clip_val': 0.5104240144406489, 'hidden_size': 36, 'dropout': 0.3687978169719761, 'hidden_continuous_size': 11, 'attention_head_size': 1, 'learning_rate': 0.0005165827838819435}. Best is trial 0 with value: 0.08010680228471756.
[I 2023-12-26 12:53:13,112] Trial 1 finished with value: 0.0637907013297081 and parameters: {'gradient_clip_val': 0.5243701388480306, 'hidden_size': 112, 'dropout': 0.3028094738135237, 'hidden_continuous_size': 78, 'attention_head_size': 3, 'learning_rate': 0.0011288550919470936}. Best is trial 1 with value: 0.0637907013297081.
[I 2023-12-26 12:53:16,075] Trial 2 finished with value: 2.9547252655029297 and parameters: {'gradient_clip_val': 0.4184499598953343, 'hidden_size': 35, 'dropout': 0.2976223574019984, 'hidden_continuous_size': 7, 'attention_head_size': 4, 'learning_rate': 0.07828076976849693}. Best is trial 1 with value: 0.0637907013297081.
[I 2023-12-26 12:53:23,480] Trial 3 finished with value: 3.801999807357788 and parameters: {'gradient_clip_val': 0.352713292926042, 'hidden_size': 115, 'dropout': 0.25007029805633263, 'hidden_continuous_size': 25, 'attention_head_size': 2, 'learning_rate': 0.025985547599950674}. Best is trial 1 with value: 0.0637907013297081.
[I 2023-12-26 12:53:25,904] Trial 4 finished with value: 3.7147467136383057 and parameters: {'gradient_clip_val': 0.44963992485887894, 'hidden_size': 33, 'dropout': 0.43308503589279546, 'hidden_continuous_size': 11, 'attention_head_size': 1, 'learning_rate': 0.008327910819306597}. Best is trial 1 with value: 0.0637907013297081.
[I 2023-12-26 12:53:27,605] Trial 5 finished with value: 3.358560800552368 and parameters: {'gradient_clip_val': 0.20973119511657015, 'hidden_size': 5, 'dropout': 0.41970745393797027, 'hidden_continuous_size': 5, 'attention_head_size': 1, 'learning_rate': 0.0005506401245590957}. Best is trial 1 with value: 0.0637907013297081.
[I 2023-12-26 12:53:35,838] Trial 6 finished with value: 3.2562637329101562 and parameters: {'gradient_clip_val': 0.2955009927536005, 'hidden_size': 123, 'dropout': 0.34125771310266734, 'hidden_continuous_size': 13, 'attention_head_size': 2, 'learning_rate': 0.0033572123615877667}. Best is trial 1 with value: 0.0637907013297081.
[I 2023-12-26 12:53:38,559] Trial 7 finished with value: 3.1949737071990967 and parameters: {'gradient_clip_val': 0.6771052737980489, 'hidden_size': 35, 'dropout': 0.18115459846744095, 'hidden_continuous_size': 6, 'attention_head_size': 3, 'learning_rate': 0.012472551028802532}. Best is trial 1 with value: 0.0637907013297081.
[I 2023-12-26 12:53:43,149] Trial 8 finished with value: 3.650092363357544 and parameters: {'gradient_clip_val': 0.19038438636091431, 'hidden_size': 59, 'dropout': 0.2957330839282898, 'hidden_continuous_size': 5, 'attention_head_size': 4, 'learning_rate': 0.04114110310701734}. Best is trial 1 with value: 0.0637907013297081.
[I 2023-12-26 12:53:45,551] Trial 9 finished with value: 3.8603084087371826 and parameters: {'gradient_clip_val': 0.11738413825814997, 'hidden_size': 12, 'dropout': 0.4564031526410446, 'hidden_continuous_size': 5, 'attention_head_size': 1, 'learning_rate': 0.0193332934443281}. Best is trial 1 with value: 0.0637907013297081.
[I 2023-12-26 12:53:52,317] Trial 10 finished with value: 3.086960554122925 and parameters: {'gradient_clip_val': 0.8894785206652113, 'hidden_size': 75, 'dropout': 0.10587075911703375, 'hidden_continuous_size': 68, 'attention_head_size': 3, 'learning_rate': 0.0023811047365918775}. Best is trial 1 with value: 0.0637907013297081.
[I 2023-12-26 12:53:58,945] Trial 11 finished with value: 3.414285898208618 and parameters: {'gradient_clip_val': 0.6541392090019315, 'hidden_size': 73, 'dropout': 0.36755469997785317, 'hidden_continuous_size': 42, 'attention_head_size': 3, 'learning_rate': 0.0005040905977701971}. Best is trial 1 with value: 0.0637907013297081.
[I 2023-12-26 12:54:01,740] Trial 12 finished with value: 2.6907970905303955 and parameters: {'gradient_clip_val': 0.5371396738957771, 'hidden_size': 19, 'dropout': 0.4990973741492106, 'hidden_continuous_size': 8, 'attention_head_size': 2, 'learning_rate': 0.0011893760551478574}. Best is trial 1 with value: 0.0637907013297081.
[I 2023-12-26 12:54:12,858] Trial 13 finished with value: 3.337357759475708 and parameters: {'gradient_clip_val': 0.8605862338221685, 'hidden_size': 132, 'dropout': 0.36496405133458176, 'hidden_continuous_size': 116, 'attention_head_size': 3, 'learning_rate': 0.001339706524808253}. Best is trial 1 with value: 0.0637907013297081.
[I 2023-12-26 12:54:16,404] Trial 14 finished with value: 3.009686231613159 and parameters: {'gradient_clip_val': 0.535577820111624, 'hidden_size': 50, 'dropout': 0.2533343758059282, 'hidden_continuous_size': 16, 'attention_head_size': 2, 'learning_rate': 0.004627071970715664}. Best is trial 1 with value: 0.0637907013297081.
[I 2023-12-26 12:54:29,085] Trial 15 finished with value: 3.6571407318115234 and parameters: {'gradient_clip_val': 0.6573834486461294, 'hidden_size': 149, 'dropout': 0.3932778790611565, 'hidden_continuous_size': 135, 'attention_head_size': 4, 'learning_rate': 0.0010055751729984488}. Best is trial 1 with value: 0.0637907013297081.
[I 2023-12-26 12:54:36,168] Trial 16 finished with value: 4.362412452697754 and parameters: {'gradient_clip_val': 0.9771465695370951, 'hidden_size': 84, 'dropout': 0.33281408454490385, 'hidden_continuous_size': 22, 'attention_head_size': 1, 'learning_rate': 0.0021487711059613762}. Best is trial 1 with value: 0.0637907013297081.
[I 2023-12-26 12:54:39,566] Trial 17 finished with value: 4.301795482635498 and parameters: {'gradient_clip_val': 0.32645918245121125, 'hidden_size': 50, 'dropout': 0.3944535130288907, 'hidden_continuous_size': 10, 'attention_head_size': 2, 'learning_rate': 0.0007125886841998304}. Best is trial 1 with value: 0.0637907013297081.
[I 2023-12-26 12:54:42,187] Trial 18 finished with value: 3.0377695560455322 and parameters: {'gradient_clip_val': 0.45946518211609966, 'hidden_size': 22, 'dropout': 0.3230729518528789, 'hidden_continuous_size': 8, 'attention_head_size': 3, 'learning_rate': 0.0018145542858398493}. Best is trial 1 with value: 0.0637907013297081.
[I 2023-12-26 12:54:49,939] Trial 19 finished with value: 3.5087223052978516 and parameters: {'gradient_clip_val': 0.7115331587217081, 'hidden_size': 99, 'dropout': 0.25736658853790806, 'hidden_continuous_size': 31, 'attention_head_size': 4, 'learning_rate': 0.0008521895055555966}. Best is trial 1 with value: 0.0637907013297081.
[I 2023-12-26 12:54:56,997] Trial 20 finished with value: 2.958768844604492 and parameters: {'gradient_clip_val': 0.5341366232215935, 'hidden_size': 88, 'dropout': 0.3716626889177067, 'hidden_continuous_size': 18, 'attention_head_size': 1, 'learning_rate': 0.004500481893263955}. Best is trial 1 with value: 0.0637907013297081.
