[I 2023-12-16 13:26:33,752] Trial 17 finished with value: 129.1261444091797 and parameters: {'gradient_clip_val': 0.16861460932689407, 'hidden_size': 28, 'dropout': 0.21445007751164757, 'hidden_continuous_size': 9, 'attention_head_size': 4, 'learning_rate': 0.000559468953768003}. Best is trial 8 with value: 99.2540283203125.
LOCAL_RANK: 0 - CUDA_VISIBLE_DEVICES: [0]
[I 2023-12-16 13:27:18,560] Trial 18 finished with value: 119.62348175048828 and parameters: {'gradient_clip_val': 0.13418668295674274, 'hidden_size': 16, 'dropout': 0.1693134249124053, 'hidden_continuous_size': 7, 'attention_head_size': 3, 'learning_rate': 0.005897616289087674}. Best is trial 8 with value: 99.2540283203125.
LOCAL_RANK: 0 - CUDA_VISIBLE_DEVICES: [0]
[I 2023-12-16 13:28:07,947] Trial 19 finished with value: 109.08059692382812 and parameters: {'gradient_clip_val': 0.19464807501505527, 'hidden_size': 27, 'dropout': 0.2539927970717384, 'hidden_continuous_size': 10, 'attention_head_size': 4, 'learning_rate': 0.0026351872735056164}. Best is trial 8 with value: 99.2540283203125.
LOCAL_RANK: 0 - CUDA_VISIBLE_DEVICES: [0]
[I 2023-12-16 13:28:53,384] Trial 20 finished with value: 105.077880859375 and parameters: {'gradient_clip_val': 0.15425516446348395, 'hidden_size': 13, 'dropout': 0.12890039244866933, 'hidden_continuous_size': 6, 'attention_head_size': 3, 'learning_rate': 0.005866666719356353}. Best is trial 8 with value: 99.2540283203125.
LOCAL_RANK: 0 - CUDA_VISIBLE_DEVICES: [0]
[I 2023-12-16 13:29:38,744] Trial 21 finished with value: 97.217041015625 and parameters: {'gradient_clip_val': 0.15766180109154015, 'hidden_size': 13, 'dropout': 0.127670801590479, 'hidden_continuous_size': 6, 'attention_head_size': 3, 'learning_rate': 0.005797329695392409}. Best is trial 21 with value: 97.217041015625.
LOCAL_RANK: 0 - CUDA_VISIBLE_DEVICES: [0]
[I 2023-12-16 13:30:24,176] Trial 22 finished with value: 113.10702514648438 and parameters: {'gradient_clip_val': 0.21414261053441636, 'hidden_size': 11, 'dropout': 0.11065224656181494, 'hidden_continuous_size': 6, 'attention_head_size': 3, 'learning_rate': 0.0042171742000390484}. Best is trial 21 with value: 97.217041015625.
LOCAL_RANK: 0 - CUDA_VISIBLE_DEVICES: [0]
[I 2023-12-16 13:31:12,435] Trial 23 finished with value: 86.18121337890625 and parameters: {'gradient_clip_val': 0.12636228368071217, 'hidden_size': 23, 'dropout': 0.17020928987576625, 'hidden_continuous_size': 8, 'attention_head_size': 2, 'learning_rate': 0.007723292843399478}. Best is trial 23 with value: 86.18121337890625.
LOCAL_RANK: 0 - CUDA_VISIBLE_DEVICES: [0]
[I 2023-12-16 13:32:00,020] Trial 24 finished with value: 119.41695404052734 and parameters: {'gradient_clip_val': 0.1308962034427547, 'hidden_size': 21, 'dropout': 0.15956271911794928, 'hidden_continuous_size': 7, 'attention_head_size': 2, 'learning_rate': 0.0024943609565394125}. Best is trial 23 with value: 86.18121337890625.
LOCAL_RANK: 0 - CUDA_VISIBLE_DEVICES: [0]
[I 2023-12-16 13:32:43,628] Trial 25 finished with value: 117.36660766601562 and parameters: {'gradient_clip_val': 0.11322037237273067, 'hidden_size': 12, 'dropout': 0.1290611946418585, 'hidden_continuous_size': 5, 'attention_head_size': 2, 'learning_rate': 0.004357711544115201}. Best is trial 23 with value: 86.18121337890625.
LOCAL_RANK: 0 - CUDA_VISIBLE_DEVICES: [0]
[I 2023-12-16 13:33:28,487] Trial 26 finished with value: 129.60275268554688 and parameters: {'gradient_clip_val': 0.1470583381526953, 'hidden_size': 9, 'dropout': 0.18502089010403333, 'hidden_continuous_size': 6, 'attention_head_size': 2, 'learning_rate': 0.009174801272814162}. Best is trial 23 with value: 86.18121337890625.
LOCAL_RANK: 0 - CUDA_VISIBLE_DEVICES: [0]
[I 2023-12-16 13:34:17,297] Trial 27 finished with value: 151.26602172851562 and parameters: {'gradient_clip_val': 0.10923345214068798, 'hidden_size': 23, 'dropout': 0.1287095495670938, 'hidden_continuous_size': 8, 'attention_head_size': 4, 'learning_rate': 0.014606484761345349}. Best is trial 23 with value: 86.18121337890625.
LOCAL_RANK: 0 - CUDA_VISIBLE_DEVICES: [0]
[I 2023-12-16 13:35:06,744] Trial 28 finished with value: 147.2547149658203 and parameters: {'gradient_clip_val': 0.1270657372321878, 'hidden_size': 34, 'dropout': 0.17376033248584527, 'hidden_continuous_size': 10, 'attention_head_size': 2, 'learning_rate': 0.0067439348301610615}. Best is trial 23 with value: 86.18121337890625.
LOCAL_RANK: 0 - CUDA_VISIBLE_DEVICES: [0]
[I 2023-12-16 13:35:52,942] Trial 29 finished with value: 108.91995239257812 and parameters: {'gradient_clip_val': 0.15143269505725712, 'hidden_size': 17, 'dropout': 0.14448536343241497, 'hidden_continuous_size': 7, 'attention_head_size': 3, 'learning_rate': 0.0026631656728093116}. Best is trial 23 with value: 86.18121337890625.
LOCAL_RANK: 0 - CUDA_VISIBLE_DEVICES: [0]
[I 2023-12-16 13:36:46,193] Trial 30 finished with value: 121.4234619140625 and parameters: {'gradient_clip_val': 0.10201264163169846, 'hidden_size': 42, 'dropout': 0.1043842113341054, 'hidden_continuous_size': 20, 'attention_head_size': 4, 'learning_rate': 0.002207287364095563}. Best is trial 23 with value: 86.18121337890625.
LOCAL_RANK: 0 - CUDA_VISIBLE_DEVICES: [0]
[I 2023-12-16 13:37:35,303] Trial 31 finished with value: 113.97601318359375 and parameters: {'gradient_clip_val': 0.1739910540781455, 'hidden_size': 26, 'dropout': 0.1829738368964043, 'hidden_continuous_size': 12, 'attention_head_size': 3, 'learning_rate': 0.0074444904691267615}. Best is trial 23 with value: 86.18121337890625.
LOCAL_RANK: 0 - CUDA_VISIBLE_DEVICES: [0]
[I 2023-12-16 13:38:24,421] Trial 32 finished with value: 139.8514862060547 and parameters: {'gradient_clip_val': 0.14104357140647428, 'hidden_size': 30, 'dropout': 0.13787307707519394, 'hidden_continuous_size': 10, 'attention_head_size': 3, 'learning_rate': 0.004950503332352949}. Best is trial 23 with value: 86.18121337890625.
LOCAL_RANK: 0 - CUDA_VISIBLE_DEVICES: [0]
[I 2023-12-16 13:39:16,282] Trial 33 finished with value: 98.4039077758789 and parameters: {'gradient_clip_val': 0.11887706102426926, 'hidden_size': 38, 'dropout': 0.15481833727668273, 'hidden_continuous_size': 14, 'attention_head_size': 3, 'learning_rate': 0.00718552114995267}. Best is trial 23 with value: 86.18121337890625.
LOCAL_RANK: 0 - CUDA_VISIBLE_DEVICES: [0]
[I 2023-12-16 13:40:05,509] Trial 34 finished with value: 158.5076141357422 and parameters: {'gradient_clip_val': 0.12394408400543043, 'hidden_size': 36, 'dropout': 0.15649125345677267, 'hidden_continuous_size': 14, 'attention_head_size': 2, 'learning_rate': 0.0033204150908646506}. Best is trial 23 with value: 86.18121337890625.
LOCAL_RANK: 0 - CUDA_VISIBLE_DEVICES: [0]
[I 2023-12-16 13:40:58,025] Trial 35 finished with value: 86.01239776611328 and parameters: {'gradient_clip_val': 0.11863059759873859, 'hidden_size': 39, 'dropout': 0.14717816891796714, 'hidden_continuous_size': 20, 'attention_head_size': 3, 'learning_rate': 0.009003298338980469}. Best is trial 35 with value: 86.01239776611328.
LOCAL_RANK: 0 - CUDA_VISIBLE_DEVICES: [0]
[I 2023-12-16 13:41:51,232] Trial 36 finished with value: 95.6991958618164 and parameters: {'gradient_clip_val': 0.11632475343059114, 'hidden_size': 51, 'dropout': 0.1591238557112184, 'hidden_continuous_size': 20, 'attention_head_size': 3, 'learning_rate': 0.009564080009788728}. Best is trial 35 with value: 86.01239776611328.
LOCAL_RANK: 0 - CUDA_VISIBLE_DEVICES: [0]
[I 2023-12-16 13:42:44,378] Trial 37 finished with value: 159.39796447753906 and parameters: {'gradient_clip_val': 0.11211642675931933, 'hidden_size': 54, 'dropout': 0.2342505944046505, 'hidden_continuous_size': 21, 'attention_head_size': 3, 'learning_rate': 0.010299360665813445}. Best is trial 35 with value: 86.01239776611328.
LOCAL_RANK: 0 - CUDA_VISIBLE_DEVICES: [0]
[I 2023-12-16 13:43:36,222] Trial 38 finished with value: 157.13829040527344 and parameters: {'gradient_clip_val': 0.1333222220881555, 'hidden_size': 44, 'dropout': 0.14134195293144133, 'hidden_continuous_size': 17, 'attention_head_size': 3, 'learning_rate': 0.013891879523279995}. Best is trial 35 with value: 86.01239776611328.
LOCAL_RANK: 0 - CUDA_VISIBLE_DEVICES: [0]
[I 2023-12-16 13:44:29,160] Trial 39 finished with value: 111.59729766845703 and parameters: {'gradient_clip_val': 0.15924314242136786, 'hidden_size': 62, 'dropout': 0.19139921748098765, 'hidden_continuous_size': 23, 'attention_head_size': 2, 'learning_rate': 0.0088261494895277}. Best is trial 35 with value: 86.01239776611328.
LOCAL_RANK: 0 - CUDA_VISIBLE_DEVICES: [0]
[I 2023-12-16 13:45:19,040] Trial 40 finished with value: 112.4699935913086 and parameters: {'gradient_clip_val': 0.10117684079716356, 'hidden_size': 32, 'dropout': 0.16787436087826466, 'hidden_continuous_size': 18, 'attention_head_size': 3, 'learning_rate': 0.0036984129916564443}. Best is trial 35 with value: 86.01239776611328.
LOCAL_RANK: 0 - CUDA_VISIBLE_DEVICES: [0]
[I 2023-12-16 13:46:11,047] Trial 41 finished with value: 123.4051513671875 and parameters: {'gradient_clip_val': 0.11867509083916246, 'hidden_size': 39, 'dropout': 0.15192874455926816, 'hidden_continuous_size': 16, 'attention_head_size': 3, 'learning_rate': 0.008343037080284096}. Best is trial 35 with value: 86.01239776611328.
LOCAL_RANK: 0 - CUDA_VISIBLE_DEVICES: [0]
[I 2023-12-16 13:47:03,712] Trial 42 finished with value: 168.1777801513672 and parameters: {'gradient_clip_val': 0.11992505669402834, 'hidden_size': 51, 'dropout': 0.16327973794966621, 'hidden_continuous_size': 14, 'attention_head_size': 3, 'learning_rate': 0.006436361670678075}. Best is trial 35 with value: 86.01239776611328.
LOCAL_RANK: 0 - CUDA_VISIBLE_DEVICES: [0]
[I 2023-12-16 13:47:54,668] Trial 43 finished with value: 181.9786376953125 and parameters: {'gradient_clip_val': 0.1455555798776333, 'hidden_size': 35, 'dropout': 0.12219796880012482, 'hidden_continuous_size': 15, 'attention_head_size': 3, 'learning_rate': 0.012056188872531782}. Best is trial 35 with value: 86.01239776611328.
LOCAL_RANK: 0 - CUDA_VISIBLE_DEVICES: [0]
[I 2023-12-16 13:48:49,019] Trial 44 finished with value: 152.46128845214844 and parameters: {'gradient_clip_val': 0.12257354035574872, 'hidden_size': 74, 'dropout': 0.1433330309496349, 'hidden_continuous_size': 27, 'attention_head_size': 3, 'learning_rate': 0.007828636461861911}. Best is trial 35 with value: 86.01239776611328.
LOCAL_RANK: 0 - CUDA_VISIBLE_DEVICES: [0]
[I 2023-12-16 13:49:40,332] Trial 45 finished with value: 158.0617218017578 and parameters: {'gradient_clip_val': 0.13924743079349897, 'hidden_size': 39, 'dropout': 0.1529834688812794, 'hidden_continuous_size': 20, 'attention_head_size': 1, 'learning_rate': 0.016403534416447034}. Best is trial 35 with value: 86.01239776611328.
LOCAL_RANK: 0 - CUDA_VISIBLE_DEVICES: [0]
[I 2023-12-16 13:50:32,502] Trial 46 finished with value: 102.5291519165039 and parameters: {'gradient_clip_val': 0.1101910806713893, 'hidden_size': 45, 'dropout': 0.12525804331553508, 'hidden_continuous_size': 22, 'attention_head_size': 2, 'learning_rate': 0.010717443184853457}. Best is trial 35 with value: 86.01239776611328.
LOCAL_RANK: 0 - CUDA_VISIBLE_DEVICES: [0]
[I 2023-12-16 13:51:26,244] Trial 47 finished with value: 100.04167938232422 and parameters: {'gradient_clip_val': 0.1550308193998909, 'hidden_size': 65, 'dropout': 0.17867193231332665, 'hidden_continuous_size': 32, 'attention_head_size': 3, 'learning_rate': 0.004915669665371653}. Best is trial 35 with value: 86.01239776611328.
LOCAL_RANK: 0 - CUDA_VISIBLE_DEVICES: [0]
[I 2023-12-16 13:52:17,491] Trial 48 finished with value: 150.57545471191406 and parameters: {'gradient_clip_val': 0.13217495147077174, 'hidden_size': 33, 'dropout': 0.19125334563770677, 'hidden_continuous_size': 19, 'attention_head_size': 2, 'learning_rate': 0.016988485910007053}. Best is trial 35 with value: 86.01239776611328.
LOCAL_RANK: 0 - CUDA_VISIBLE_DEVICES: [0]
[I 2023-12-16 13:53:05,199] Trial 49 finished with value: 175.2460174560547 and parameters: {'gradient_clip_val': 0.11816573269955513, 'hidden_size': 24, 'dropout': 0.11428870500920094, 'hidden_continuous_size': 13, 'attention_head_size': 3, 'learning_rate': 0.02431399212082133}. Best is trial 35 with value: 86.01239776611328.
