[I 2023-12-15 19:12:16,870] Trial 35 finished with value: 7200.62841796875 and parameters: {'gradient_clip_val': 0.1203913435498049, 'hidden_size': 5, 'dropout': 0.15555265611217328, 'hidden_continuous_size': 5, 'attention_head_size': 3, 'learning_rate': 0.0709636252669421}. Best is trial 9 with value: 1987.4620361328125.
LOCAL_RANK: 0 - CUDA_VISIBLE_DEVICES: [0]
[I 2023-12-15 19:13:01,445] Trial 36 finished with value: 2130.732421875 and parameters: {'gradient_clip_val': 0.20048521872989086, 'hidden_size': 8, 'dropout': 0.25105209614411117, 'hidden_continuous_size': 6, 'attention_head_size': 3, 'learning_rate': 0.03338394926265181}. Best is trial 9 with value: 1987.4620361328125.
LOCAL_RANK: 0 - CUDA_VISIBLE_DEVICES: [0]
[I 2023-12-15 19:13:45,127] Trial 37 finished with value: 2953.831787109375 and parameters: {'gradient_clip_val': 0.21442766629868965, 'hidden_size': 8, 'dropout': 0.24473327119107907, 'hidden_continuous_size': 6, 'attention_head_size': 1, 'learning_rate': 0.031457625860343126}. Best is trial 9 with value: 1987.4620361328125.
LOCAL_RANK: 0 - CUDA_VISIBLE_DEVICES: [0]
[I 2023-12-15 19:14:28,487] Trial 38 finished with value: 8807.9072265625 and parameters: {'gradient_clip_val': 0.24138993130960884, 'hidden_size': 8, 'dropout': 0.2582954527905719, 'hidden_continuous_size': 6, 'attention_head_size': 1, 'learning_rate': 0.017724437443595198}. Best is trial 9 with value: 1987.4620361328125.
LOCAL_RANK: 0 - CUDA_VISIBLE_DEVICES: [0]
[I 2023-12-15 19:15:13,405] Trial 39 finished with value: 3791.728515625 and parameters: {'gradient_clip_val': 0.2035054961534994, 'hidden_size': 11, 'dropout': 0.2838899344888335, 'hidden_continuous_size': 6, 'attention_head_size': 1, 'learning_rate': 0.02776852446755315}. Best is trial 9 with value: 1987.4620361328125.
LOCAL_RANK: 0 - CUDA_VISIBLE_DEVICES: [0]
[I 2023-12-15 19:15:58,265] Trial 40 finished with value: 6334.041015625 and parameters: {'gradient_clip_val': 0.16231328429431896, 'hidden_size': 7, 'dropout': 0.2489011075924582, 'hidden_continuous_size': 6, 'attention_head_size': 1, 'learning_rate': 0.01109032881940243}. Best is trial 9 with value: 1987.4620361328125.
LOCAL_RANK: 0 - CUDA_VISIBLE_DEVICES: [0]
[I 2023-12-15 19:16:42,847] Trial 41 finished with value: 5534.51806640625 and parameters: {'gradient_clip_val': 0.2080020437360651, 'hidden_size': 16, 'dropout': 0.2480858877493245, 'hidden_continuous_size': 8, 'attention_head_size': 1, 'learning_rate': 0.03668817618645815}. Best is trial 9 with value: 1987.4620361328125.
LOCAL_RANK: 0 - CUDA_VISIBLE_DEVICES: [0]
[I 2023-12-15 19:17:28,332] Trial 42 finished with value: 3976.314453125 and parameters: {'gradient_clip_val': 0.17217794063559072, 'hidden_size': 9, 'dropout': 0.2918221089909893, 'hidden_continuous_size': 7, 'attention_head_size': 2, 'learning_rate': 0.024361878862226616}. Best is trial 9 with value: 1987.4620361328125.
LOCAL_RANK: 0 - CUDA_VISIBLE_DEVICES: [0]
[I 2023-12-15 19:18:13,584] Trial 43 finished with value: 4227.48876953125 and parameters: {'gradient_clip_val': 0.3379635417240429, 'hidden_size': 13, 'dropout': 0.350097390220527, 'hidden_continuous_size': 7, 'attention_head_size': 1, 'learning_rate': 0.0165783695406624}. Best is trial 9 with value: 1987.4620361328125.
LOCAL_RANK: 0 - CUDA_VISIBLE_DEVICES: [0]
[I 2023-12-15 19:18:58,557] Trial 44 finished with value: 7154.734375 and parameters: {'gradient_clip_val': 0.21624135995725496, 'hidden_size': 6, 'dropout': 0.25975522768744363, 'hidden_continuous_size': 5, 'attention_head_size': 2, 'learning_rate': 0.03210702686194643}. Best is trial 9 with value: 1987.4620361328125.
LOCAL_RANK: 0 - CUDA_VISIBLE_DEVICES: [0]
[I 2023-12-15 19:19:49,607] Trial 45 finished with value: 5619.427734375 and parameters: {'gradient_clip_val': 0.2440381402068336, 'hidden_size': 36, 'dropout': 0.27614915691346803, 'hidden_continuous_size': 21, 'attention_head_size': 2, 'learning_rate': 0.050062675339605775}. Best is trial 9 with value: 1987.4620361328125.
LOCAL_RANK: 0 - CUDA_VISIBLE_DEVICES: [0]
[I 2023-12-15 19:20:36,753] Trial 46 finished with value: 7605.22021484375 and parameters: {'gradient_clip_val': 0.39068197857595577, 'hidden_size': 19, 'dropout': 0.23596041238867244, 'hidden_continuous_size': 8, 'attention_head_size': 1, 'learning_rate': 0.03385513755185562}. Best is trial 9 with value: 1987.4620361328125.
LOCAL_RANK: 0 - CUDA_VISIBLE_DEVICES: [0]
[I 2023-12-15 19:21:21,475] Trial 47 finished with value: 5800.90087890625 and parameters: {'gradient_clip_val': 0.1960915186139651, 'hidden_size': 8, 'dropout': 0.3053276582300679, 'hidden_continuous_size': 6, 'attention_head_size': 3, 'learning_rate': 0.02229509256103885}. Best is trial 9 with value: 1987.4620361328125.
LOCAL_RANK: 0 - CUDA_VISIBLE_DEVICES: [0]
[I 2023-12-15 19:22:14,990] Trial 48 finished with value: 6128.54833984375 and parameters: {'gradient_clip_val': 0.2605603084248481, 'hidden_size': 58, 'dropout': 0.21609103011179065, 'hidden_continuous_size': 23, 'attention_head_size': 2, 'learning_rate': 0.0162493877130391}. Best is trial 9 with value: 1987.4620361328125.
LOCAL_RANK: 0 - CUDA_VISIBLE_DEVICES: [0]
[I 2023-12-15 19:23:00,176] Trial 49 finished with value: 2513.656005859375 and parameters: {'gradient_clip_val': 0.17216484437931412, 'hidden_size': 11, 'dropout': 0.278993414419593, 'hidden_continuous_size': 7, 'attention_head_size': 1, 'learning_rate': 0.030131422372355506}. Best is trial 9 with value: 1987.4620361328125.
[I 2023-12-15 19:23:00,268] A new study created in memory with name: no-name-d8088c63-7fd7-4218-9782-5c3b9924cc52
/home/le004/conda/anaconda3/envs/tsff_env/lib/python3.9/site-packages/lightning/fabric/plugins/environments/slurm.py:191: The `srun` command is available on your system but is not used. HINT: If your intention is to run Lightning on SLURM, prepend your python command with `srun` like so: srun python /home/le004/master_thesis/git/TSFusionForecast/code/ ...
LOCAL_RANK: 0 - CUDA_VISIBLE_DEVICES: [0]
[I 2023-12-15 19:23:53,533] Trial 0 finished with value: 4562.8232421875 and parameters: {'gradient_clip_val': 0.2044613384566586, 'hidden_size': 59, 'dropout': 0.24698501907712314, 'hidden_continuous_size': 30, 'attention_head_size': 1, 'learning_rate': 0.002756840590674323}. Best is trial 0 with value: 4562.8232421875.
LOCAL_RANK: 0 - CUDA_VISIBLE_DEVICES: [0]
[I 2023-12-15 19:24:45,850] Trial 1 finished with value: 3629.849609375 and parameters: {'gradient_clip_val': 0.5030018693804751, 'hidden_size': 50, 'dropout': 0.3439722613975925, 'hidden_continuous_size': 15, 'attention_head_size': 1, 'learning_rate': 0.03929629211810394}. Best is trial 1 with value: 3629.849609375.
LOCAL_RANK: 0 - CUDA_VISIBLE_DEVICES: [0]
[I 2023-12-15 19:25:19,975] Trial 2 finished with value: 5970.466796875 and parameters: {'gradient_clip_val': 0.5962906996357642, 'hidden_size': 5, 'dropout': 0.2785326419083626, 'hidden_continuous_size': 5, 'attention_head_size': 1, 'learning_rate': 0.0011698134430216487}. Best is trial 1 with value: 3629.849609375.
LOCAL_RANK: 0 - CUDA_VISIBLE_DEVICES: [0]
[I 2023-12-15 19:26:07,671] Trial 3 finished with value: 7728.31494140625 and parameters: {'gradient_clip_val': 0.8402703178020542, 'hidden_size': 19, 'dropout': 0.3484036099888415, 'hidden_continuous_size': 7, 'attention_head_size': 3, 'learning_rate': 0.056675395450647016}. Best is trial 1 with value: 3629.849609375.
LOCAL_RANK: 0 - CUDA_VISIBLE_DEVICES: [0]
[I 2023-12-15 19:27:00,756] Trial 4 finished with value: 6509.146484375 and parameters: {'gradient_clip_val': 0.24914793456875034, 'hidden_size': 42, 'dropout': 0.2532520158865398, 'hidden_continuous_size': 17, 'attention_head_size': 4, 'learning_rate': 0.008140889971777336}. Best is trial 1 with value: 3629.849609375.
LOCAL_RANK: 0 - CUDA_VISIBLE_DEVICES: [0]
[I 2023-12-15 19:27:51,154] Trial 5 finished with value: 5511.50390625 and parameters: {'gradient_clip_val': 0.13265534090995698, 'hidden_size': 33, 'dropout': 0.19581239572987225, 'hidden_continuous_size': 7, 'attention_head_size': 4, 'learning_rate': 0.005653304861617159}. Best is trial 1 with value: 3629.849609375.
LOCAL_RANK: 0 - CUDA_VISIBLE_DEVICES: [0]
[I 2023-12-15 19:28:41,150] Trial 6 finished with value: 4649.88623046875 and parameters: {'gradient_clip_val': 0.18718576873752402, 'hidden_size': 27, 'dropout': 0.29017914612552304, 'hidden_continuous_size': 12, 'attention_head_size': 4, 'learning_rate': 0.08784831950106697}. Best is trial 1 with value: 3629.849609375.
LOCAL_RANK: 0 - CUDA_VISIBLE_DEVICES: [0]
[I 2023-12-15 19:29:34,225] Trial 7 finished with value: 5406.69189453125 and parameters: {'gradient_clip_val': 0.3494042001612025, 'hidden_size': 61, 'dropout': 0.3544361465813112, 'hidden_continuous_size': 11, 'attention_head_size': 2, 'learning_rate': 0.0024621607699904682}. Best is trial 1 with value: 3629.849609375.
LOCAL_RANK: 0 - CUDA_VISIBLE_DEVICES: [0]
[I 2023-12-15 19:30:33,179] Trial 8 finished with value: 5661.37646484375 and parameters: {'gradient_clip_val': 0.2577460544799209, 'hidden_size': 94, 'dropout': 0.3628761150147075, 'hidden_continuous_size': 78, 'attention_head_size': 4, 'learning_rate': 0.062260993419937315}. Best is trial 1 with value: 3629.849609375.
LOCAL_RANK: 0 - CUDA_VISIBLE_DEVICES: [0]
[I 2023-12-15 19:31:25,628] Trial 9 finished with value: 4492.14404296875 and parameters: {'gradient_clip_val': 0.6525345043955492, 'hidden_size': 60, 'dropout': 0.31777571654102554, 'hidden_continuous_size': 9, 'attention_head_size': 3, 'learning_rate': 0.0006583747902977123}. Best is trial 1 with value: 3629.849609375.
LOCAL_RANK: 0 - CUDA_VISIBLE_DEVICES: [0]
[I 2023-12-15 19:32:11,305] Trial 10 finished with value: 5128.13916015625 and parameters: {'gradient_clip_val': 0.4005421214621257, 'hidden_size': 14, 'dropout': 0.39543687106318953, 'hidden_continuous_size': 6, 'attention_head_size': 2, 'learning_rate': 0.02371340915601226}. Best is trial 1 with value: 3629.849609375.
LOCAL_RANK: 0 - CUDA_VISIBLE_DEVICES: [0]
[I 2023-12-15 19:33:06,471] Trial 11 finished with value: 6671.11083984375 and parameters: {'gradient_clip_val': 0.5947855972790987, 'hidden_size': 89, 'dropout': 0.12585122009166233, 'hidden_continuous_size': 24, 'attention_head_size': 3, 'learning_rate': 0.000526715121269153}. Best is trial 1 with value: 3629.849609375.
LOCAL_RANK: 0 - CUDA_VISIBLE_DEVICES: [0]
[I 2023-12-15 19:33:58,681] Trial 12 finished with value: 5249.83837890625 and parameters: {'gradient_clip_val': 0.8641728629413505, 'hidden_size': 52, 'dropout': 0.31818064331112966, 'hidden_continuous_size': 10, 'attention_head_size': 2, 'learning_rate': 0.01792123687779323}. Best is trial 1 with value: 3629.849609375.
LOCAL_RANK: 0 - CUDA_VISIBLE_DEVICES: [0]
[I 2023-12-15 19:34:54,138] Trial 13 finished with value: 4692.677734375 and parameters: {'gradient_clip_val': 0.4778057498178808, 'hidden_size': 100, 'dropout': 0.39999323427237227, 'hidden_continuous_size': 17, 'attention_head_size': 3, 'learning_rate': 0.0006990671828618544}. Best is trial 1 with value: 3629.849609375.
LOCAL_RANK: 0 - CUDA_VISIBLE_DEVICES: [0]
[I 2023-12-15 19:35:43,785] Trial 14 finished with value: 4468.27880859375 and parameters: {'gradient_clip_val': 0.5871984224441014, 'hidden_size': 40, 'dropout': 0.31185310030239766, 'hidden_continuous_size': 9, 'attention_head_size': 1, 'learning_rate': 0.0016647191409008676}. Best is trial 1 with value: 3629.849609375.
LOCAL_RANK: 0 - CUDA_VISIBLE_DEVICES: [0]
[I 2023-12-15 19:36:32,312] Trial 15 finished with value: 5087.681640625 and parameters: {'gradient_clip_val': 0.4173121094132097, 'hidden_size': 31, 'dropout': 0.3251033822476552, 'hidden_continuous_size': 5, 'attention_head_size': 1, 'learning_rate': 0.020426860878924497}. Best is trial 1 with value: 3629.849609375.
LOCAL_RANK: 0 - CUDA_VISIBLE_DEVICES: [0]
[I 2023-12-15 19:37:21,906] Trial 16 finished with value: 3297.2275390625 and parameters: {'gradient_clip_val': 0.9909516074431671, 'hidden_size': 39, 'dropout': 0.29499013752666775, 'hidden_continuous_size': 8, 'attention_head_size': 1, 'learning_rate': 0.0016680221066929118}. Best is trial 16 with value: 3297.2275390625.
LOCAL_RANK: 0 - CUDA_VISIBLE_DEVICES: [0]
[I 2023-12-15 19:38:10,168] Trial 17 finished with value: 4993.82373046875 and parameters: {'gradient_clip_val': 0.9944436966761139, 'hidden_size': 21, 'dropout': 0.2238087092942037, 'hidden_continuous_size': 8, 'attention_head_size': 2, 'learning_rate': 0.00633310073868908}. Best is trial 16 with value: 3297.2275390625.
LOCAL_RANK: 0 - CUDA_VISIBLE_DEVICES: [0]
[I 2023-12-15 19:38:54,355] Trial 18 finished with value: 5022.58056640625 and parameters: {'gradient_clip_val': 0.7725717044157079, 'hidden_size': 16, 'dropout': 0.28395030952430567, 'hidden_continuous_size': 6, 'attention_head_size': 1, 'learning_rate': 0.003385820099404255}. Best is trial 16 with value: 3297.2275390625.
LOCAL_RANK: 0 - CUDA_VISIBLE_DEVICES: [0]
[I 2023-12-15 19:39:43,248] Trial 19 finished with value: 2919.767578125 and parameters: {'gradient_clip_val': 0.9805609195123514, 'hidden_size': 27, 'dropout': 0.36742660889838774, 'hidden_continuous_size': 13, 'attention_head_size': 1, 'learning_rate': 0.0011187918943209125}. Best is trial 19 with value: 2919.767578125.
LOCAL_RANK: 0 - CUDA_VISIBLE_DEVICES: [0]
[I 2023-12-15 19:40:32,221] Trial 20 finished with value: 5016.650390625 and parameters: {'gradient_clip_val': 0.9847540644032361, 'hidden_size': 27, 'dropout': 0.3762537176216482, 'hidden_continuous_size': 8, 'attention_head_size': 2, 'learning_rate': 0.0013640634628329091}. Best is trial 19 with value: 2919.767578125.
LOCAL_RANK: 0 - CUDA_VISIBLE_DEVICES: [0]
[I 2023-12-15 19:41:24,029] Trial 21 finished with value: 2662.138671875 and parameters: {'gradient_clip_val': 0.7271754913240036, 'hidden_size': 41, 'dropout': 0.34089932981049864, 'hidden_continuous_size': 13, 'attention_head_size': 1, 'learning_rate': 0.0012397904646909402}. Best is trial 21 with value: 2662.138671875.
LOCAL_RANK: 0 - CUDA_VISIBLE_DEVICES: [0]
[I 2023-12-15 19:42:13,837] Trial 22 finished with value: 4230.24951171875 and parameters: {'gradient_clip_val': 0.7798560424852035, 'hidden_size': 36, 'dropout': 0.3805101745992661, 'hidden_continuous_size': 14, 'attention_head_size': 1, 'learning_rate': 0.000996978434840965}. Best is trial 21 with value: 2662.138671875.
LOCAL_RANK: 0 - CUDA_VISIBLE_DEVICES: [0]
[I 2023-12-15 19:43:02,503] Trial 23 finished with value: 4415.12646484375 and parameters: {'gradient_clip_val': 0.7051853175171546, 'hidden_size': 27, 'dropout': 0.3463936683457866, 'hidden_continuous_size': 12, 'attention_head_size': 1, 'learning_rate': 0.0018067023326598262}. Best is trial 21 with value: 2662.138671875.
LOCAL_RANK: 0 - CUDA_VISIBLE_DEVICES: [0]
[I 2023-12-15 19:43:54,694] Trial 24 finished with value: 4413.6630859375 and parameters: {'gradient_clip_val': 0.9782460038784835, 'hidden_size': 43, 'dropout': 0.3731505066522331, 'hidden_continuous_size': 11, 'attention_head_size': 2, 'learning_rate': 0.0008881761974274254}. Best is trial 21 with value: 2662.138671875.
LOCAL_RANK: 0 - CUDA_VISIBLE_DEVICES: [0]
[I 2023-12-15 19:44:42,021] Trial 25 finished with value: 3819.014404296875 and parameters: {'gradient_clip_val': 0.7486891249574176, 'hidden_size': 24, 'dropout': 0.32948765352443743, 'hidden_continuous_size': 10, 'attention_head_size': 1, 'learning_rate': 0.0009746003197093323}. Best is trial 21 with value: 2662.138671875.
LOCAL_RANK: 0 - CUDA_VISIBLE_DEVICES: [0]
[I 2023-12-15 19:45:31,543] Trial 26 finished with value: 6902.33056640625 and parameters: {'gradient_clip_val': 0.8547202684995641, 'hidden_size': 34, 'dropout': 0.3015757852639117, 'hidden_continuous_size': 10, 'attention_head_size': 1, 'learning_rate': 0.0017660428184352428}. Best is trial 21 with value: 2662.138671875.
LOCAL_RANK: 0 - CUDA_VISIBLE_DEVICES: [0]
[I 2023-12-15 19:46:19,858] Trial 27 finished with value: 5240.24267578125 and parameters: {'gradient_clip_val': 0.681707715906504, 'hidden_size': 21, 'dropout': 0.3400308449150372, 'hidden_continuous_size': 8, 'attention_head_size': 2, 'learning_rate': 0.0005515794645296201}. Best is trial 21 with value: 2662.138671875.
LOCAL_RANK: 0 - CUDA_VISIBLE_DEVICES: [0]
[I 2023-12-15 19:47:13,067] Trial 28 finished with value: 3545.514892578125 and parameters: {'gradient_clip_val': 0.5094969056456581, 'hidden_size': 73, 'dropout': 0.36879599112759565, 'hidden_continuous_size': 14, 'attention_head_size': 1, 'learning_rate': 0.0012842810662243307}. Best is trial 21 with value: 2662.138671875.
LOCAL_RANK: 0 - CUDA_VISIBLE_DEVICES: [0]
[I 2023-12-15 19:48:05,719] Trial 29 finished with value: 5352.99169921875 and parameters: {'gradient_clip_val': 0.9957252337934538, 'hidden_size': 46, 'dropout': 0.301435776996284, 'hidden_continuous_size': 19, 'attention_head_size': 1, 'learning_rate': 0.0027715891181981206}. Best is trial 21 with value: 2662.138671875.
LOCAL_RANK: 0 - CUDA_VISIBLE_DEVICES: [0]
[I 2023-12-15 19:48:59,319] Trial 30 finished with value: 6050.1171875 and parameters: {'gradient_clip_val': 0.6625964620893492, 'hidden_size': 66, 'dropout': 0.2673691158353235, 'hidden_continuous_size': 21, 'attention_head_size': 2, 'learning_rate': 0.0007639365748590599}. Best is trial 21 with value: 2662.138671875.
LOCAL_RANK: 0 - CUDA_VISIBLE_DEVICES: [0]
[I 2023-12-15 19:49:52,423] Trial 31 finished with value: 4790.83056640625 and parameters: {'gradient_clip_val': 0.8335374248838942, 'hidden_size': 80, 'dropout': 0.3650108264869078, 'hidden_continuous_size': 14, 'attention_head_size': 1, 'learning_rate': 0.0012701737595761352}. Best is trial 21 with value: 2662.138671875.
LOCAL_RANK: 0 - CUDA_VISIBLE_DEVICES: [0]
[I 2023-12-15 19:50:45,820] Trial 32 finished with value: 4446.77978515625 and parameters: {'gradient_clip_val': 0.5228765860559292, 'hidden_size': 69, 'dropout': 0.33555880878216915, 'hidden_continuous_size': 14, 'attention_head_size': 1, 'learning_rate': 0.0008731309827000628}. Best is trial 21 with value: 2662.138671875.
LOCAL_RANK: 0 - CUDA_VISIBLE_DEVICES: [0]
[I 2023-12-15 19:51:37,064] Trial 33 finished with value: 5615.26953125 and parameters: {'gradient_clip_val': 0.5360490811268858, 'hidden_size': 48, 'dropout': 0.35912190623122686, 'hidden_continuous_size': 12, 'attention_head_size': 1, 'learning_rate': 0.0014661958919602095}. Best is trial 21 with value: 2662.138671875.
LOCAL_RANK: 0 - CUDA_VISIBLE_DEVICES: [0]
[I 2023-12-15 19:52:29,565] Trial 34 finished with value: 6632.958984375 and parameters: {'gradient_clip_val': 0.6974550034526409, 'hidden_size': 54, 'dropout': 0.3366749582750195, 'hidden_continuous_size': 16, 'attention_head_size': 1, 'learning_rate': 0.0012056544197814236}. Best is trial 21 with value: 2662.138671875.
LOCAL_RANK: 0 - CUDA_VISIBLE_DEVICES: [0]
[I 2023-12-15 19:53:21,874] Trial 35 finished with value: 4646.75634765625 and parameters: {'gradient_clip_val': 0.8623198473974693, 'hidden_size': 56, 'dropout': 0.38625005514257577, 'hidden_continuous_size': 13, 'attention_head_size': 1, 'learning_rate': 0.002062839067020728}. Best is trial 21 with value: 2662.138671875.
LOCAL_RANK: 0 - CUDA_VISIBLE_DEVICES: [0]
[I 2023-12-15 19:54:15,061] Trial 36 finished with value: 5113.17529296875 and parameters: {'gradient_clip_val': 0.6174155398199767, 'hidden_size': 72, 'dropout': 0.35377958590680647, 'hidden_continuous_size': 15, 'attention_head_size': 1, 'learning_rate': 0.0037415624215943}. Best is trial 21 with value: 2662.138671875.
LOCAL_RANK: 0 - CUDA_VISIBLE_DEVICES: [0]
[I 2023-12-15 19:55:06,988] Trial 37 finished with value: 4612.67919921875 and parameters: {'gradient_clip_val': 0.7598175769504303, 'hidden_size': 39, 'dropout': 0.38469059058281446, 'hidden_continuous_size': 16, 'attention_head_size': 1, 'learning_rate': 0.0011730443757973351}. Best is trial 21 with value: 2662.138671875.
LOCAL_RANK: 0 - CUDA_VISIBLE_DEVICES: [0]
[I 2023-12-15 19:56:00,128] Trial 38 finished with value: 5833.50537109375 and parameters: {'gradient_clip_val': 0.5576136023870277, 'hidden_size': 50, 'dropout': 0.366689217990477, 'hidden_continuous_size': 18, 'attention_head_size': 2, 'learning_rate': 0.002072764406303353}. Best is trial 21 with value: 2662.138671875.
LOCAL_RANK: 0 - CUDA_VISIBLE_DEVICES: [0]
[I 2023-12-15 19:56:54,089] Trial 39 finished with value: 4757.45263671875 and parameters: {'gradient_clip_val': 0.8925234391490644, 'hidden_size': 75, 'dropout': 0.34899471653984965, 'hidden_continuous_size': 23, 'attention_head_size': 1, 'learning_rate': 0.000507436986450714}. Best is trial 21 with value: 2662.138671875.
LOCAL_RANK: 0 - CUDA_VISIBLE_DEVICES: [0]
[I 2023-12-15 19:57:42,248] Trial 40 finished with value: 4434.08642578125 and parameters: {'gradient_clip_val': 0.47108384108801804, 'hidden_size': 32, 'dropout': 0.3004049096692612, 'hidden_continuous_size': 13, 'attention_head_size': 1, 'learning_rate': 0.004150364735142548}. Best is trial 21 with value: 2662.138671875.
LOCAL_RANK: 0 - CUDA_VISIBLE_DEVICES: [0]
[I 2023-12-15 19:58:33,644] Trial 41 finished with value: 4207.68798828125 and parameters: {'gradient_clip_val': 0.6322516267054713, 'hidden_size': 44, 'dropout': 0.3306826728700567, 'hidden_continuous_size': 16, 'attention_head_size': 1, 'learning_rate': 0.0025569986258061057}. Best is trial 21 with value: 2662.138671875.
LOCAL_RANK: 0 - CUDA_VISIBLE_DEVICES: [0]
[I 2023-12-15 19:59:26,450] Trial 42 finished with value: 3388.623046875 and parameters: {'gradient_clip_val': 0.7818425623966587, 'hidden_size': 59, 'dropout': 0.3497139996635312, 'hidden_continuous_size': 11, 'attention_head_size': 1, 'learning_rate': 0.0014352398102722812}. Best is trial 21 with value: 2662.138671875.
LOCAL_RANK: 0 - CUDA_VISIBLE_DEVICES: [0]
