[I 2023-12-15 19:19:24,625] Trial 25 finished with value: 0.08830482512712479 and parameters: {'gradient_clip_val': 0.4433011380726918, 'hidden_size': 55, 'dropout': 0.37247380241374806, 'hidden_continuous_size': 20, 'attention_head_size': 2, 'learning_rate': 0.0076134856428823755}. Best is trial 16 with value: 0.05248883366584778.
LOCAL_RANK: 0 - CUDA_VISIBLE_DEVICES: [0]
[I 2023-12-15 19:20:13,608] Trial 26 finished with value: 0.2772754430770874 and parameters: {'gradient_clip_val': 0.293067179380095, 'hidden_size': 36, 'dropout': 0.35251934065940455, 'hidden_continuous_size': 10, 'attention_head_size': 1, 'learning_rate': 0.03530812877219073}. Best is trial 16 with value: 0.05248883366584778.
LOCAL_RANK: 0 - CUDA_VISIBLE_DEVICES: [0]
[I 2023-12-15 19:21:08,527] Trial 27 finished with value: 0.07986689358949661 and parameters: {'gradient_clip_val': 0.37972489796856845, 'hidden_size': 80, 'dropout': 0.3990237942054045, 'hidden_continuous_size': 49, 'attention_head_size': 2, 'learning_rate': 0.018689967214106554}. Best is trial 16 with value: 0.05248883366584778.
LOCAL_RANK: 0 - CUDA_VISIBLE_DEVICES: [0]
[I 2023-12-15 19:21:56,383] Trial 28 finished with value: 0.32658693194389343 and parameters: {'gradient_clip_val': 0.5427579364015824, 'hidden_size': 24, 'dropout': 0.3705993164332821, 'hidden_continuous_size': 9, 'attention_head_size': 3, 'learning_rate': 0.04227146012904214}. Best is trial 16 with value: 0.05248883366584778.
LOCAL_RANK: 0 - CUDA_VISIBLE_DEVICES: [0]
[I 2023-12-15 19:22:47,017] Trial 29 finished with value: 0.27114352583885193 and parameters: {'gradient_clip_val': 0.6369442008192479, 'hidden_size': 49, 'dropout': 0.27631119429235884, 'hidden_continuous_size': 5, 'attention_head_size': 1, 'learning_rate': 0.013071156760115641}. Best is trial 16 with value: 0.05248883366584778.
LOCAL_RANK: 0 - CUDA_VISIBLE_DEVICES: [0]
[I 2023-12-15 19:23:40,274] Trial 30 finished with value: 0.06648843735456467 and parameters: {'gradient_clip_val': 0.45188670549064136, 'hidden_size': 66, 'dropout': 0.3160222613342041, 'hidden_continuous_size': 26, 'attention_head_size': 1, 'learning_rate': 0.022118900389545625}. Best is trial 16 with value: 0.05248883366584778.
LOCAL_RANK: 0 - CUDA_VISIBLE_DEVICES: [0]
[I 2023-12-15 19:24:25,059] Trial 31 finished with value: 0.26146072149276733 and parameters: {'gradient_clip_val': 0.32220538149227246, 'hidden_size': 8, 'dropout': 0.3806032854250357, 'hidden_continuous_size': 7, 'attention_head_size': 4, 'learning_rate': 0.048322245351945764}. Best is trial 16 with value: 0.05248883366584778.
LOCAL_RANK: 0 - CUDA_VISIBLE_DEVICES: [0]
[I 2023-12-15 19:25:12,525] Trial 32 finished with value: 0.06244805455207825 and parameters: {'gradient_clip_val': 0.36604397922223186, 'hidden_size': 17, 'dropout': 0.38012326836264204, 'hidden_continuous_size': 8, 'attention_head_size': 4, 'learning_rate': 0.05224162741553453}. Best is trial 16 with value: 0.05248883366584778.
LOCAL_RANK: 0 - CUDA_VISIBLE_DEVICES: [0]
[I 2023-12-15 19:26:01,567] Trial 33 finished with value: 0.13988837599754333 and parameters: {'gradient_clip_val': 0.5253297474055822, 'hidden_size': 18, 'dropout': 0.3457922993180722, 'hidden_continuous_size': 13, 'attention_head_size': 4, 'learning_rate': 0.0881341197474604}. Best is trial 16 with value: 0.05248883366584778.
LOCAL_RANK: 0 - CUDA_VISIBLE_DEVICES: [0]
[I 2023-12-15 19:26:48,297] Trial 34 finished with value: 0.11221756786108017 and parameters: {'gradient_clip_val': 0.3860837533275124, 'hidden_size': 17, 'dropout': 0.3694863829025134, 'hidden_continuous_size': 6, 'attention_head_size': 4, 'learning_rate': 0.023067694405309775}. Best is trial 16 with value: 0.05248883366584778.
LOCAL_RANK: 0 - CUDA_VISIBLE_DEVICES: [0]
[I 2023-12-15 19:27:41,142] Trial 35 finished with value: 0.23535078763961792 and parameters: {'gradient_clip_val': 0.7428395855070153, 'hidden_size': 41, 'dropout': 0.3993799973991737, 'hidden_continuous_size': 19, 'attention_head_size': 3, 'learning_rate': 0.010301734730626186}. Best is trial 16 with value: 0.05248883366584778.
LOCAL_RANK: 0 - CUDA_VISIBLE_DEVICES: [0]
[I 2023-12-15 19:28:33,479] Trial 36 finished with value: 0.08645012229681015 and parameters: {'gradient_clip_val': 0.3540029713841575, 'hidden_size': 48, 'dropout': 0.23551008396001316, 'hidden_continuous_size': 18, 'attention_head_size': 2, 'learning_rate': 0.05041118107150314}. Best is trial 16 with value: 0.05248883366584778.
LOCAL_RANK: 0 - CUDA_VISIBLE_DEVICES: [0]
[I 2023-12-15 19:29:23,144] Trial 37 finished with value: 0.059632301330566406 and parameters: {'gradient_clip_val': 0.2996022840633335, 'hidden_size': 30, 'dropout': 0.3870031887428242, 'hidden_continuous_size': 17, 'attention_head_size': 2, 'learning_rate': 0.016865347028246373}. Best is trial 16 with value: 0.05248883366584778.
LOCAL_RANK: 0 - CUDA_VISIBLE_DEVICES: [0]
[I 2023-12-15 19:30:09,809] Trial 38 finished with value: 0.06692557781934738 and parameters: {'gradient_clip_val': 0.30877052023747903, 'hidden_size': 15, 'dropout': 0.3869760455041664, 'hidden_continuous_size': 12, 'attention_head_size': 3, 'learning_rate': 0.09835427431652781}. Best is trial 16 with value: 0.05248883366584778.
LOCAL_RANK: 0 - CUDA_VISIBLE_DEVICES: [0]
[I 2023-12-15 19:31:00,929] Trial 39 finished with value: 0.296476274728775 and parameters: {'gradient_clip_val': 0.20664214637309203, 'hidden_size': 33, 'dropout': 0.38590236137525874, 'hidden_continuous_size': 15, 'attention_head_size': 4, 'learning_rate': 0.05807745705504241}. Best is trial 16 with value: 0.05248883366584778.
LOCAL_RANK: 0 - CUDA_VISIBLE_DEVICES: [0]
[I 2023-12-15 19:31:49,067] Trial 40 finished with value: 0.07915816456079483 and parameters: {'gradient_clip_val': 0.28485293112732896, 'hidden_size': 28, 'dropout': 0.36854108319947604, 'hidden_continuous_size': 16, 'attention_head_size': 2, 'learning_rate': 0.029938122978745856}. Best is trial 16 with value: 0.05248883366584778.
LOCAL_RANK: 0 - CUDA_VISIBLE_DEVICES: [0]
[I 2023-12-15 19:32:41,462] Trial 41 finished with value: 0.14054061472415924 and parameters: {'gradient_clip_val': 0.3365219417944941, 'hidden_size': 39, 'dropout': 0.3384941804210141, 'hidden_continuous_size': 22, 'attention_head_size': 2, 'learning_rate': 0.014595288658848134}. Best is trial 16 with value: 0.05248883366584778.
LOCAL_RANK: 0 - CUDA_VISIBLE_DEVICES: [0]
[I 2023-12-15 19:33:30,530] Trial 42 finished with value: 0.03685152903199196 and parameters: {'gradient_clip_val': 0.40134180803857367, 'hidden_size': 30, 'dropout': 0.35344558197995235, 'hidden_continuous_size': 15, 'attention_head_size': 2, 'learning_rate': 0.018423050944989472}. Best is trial 42 with value: 0.03685152903199196.
LOCAL_RANK: 0 - CUDA_VISIBLE_DEVICES: [0]
[I 2023-12-15 19:34:18,229] Trial 43 finished with value: 0.06298356503248215 and parameters: {'gradient_clip_val': 0.42196296396505967, 'hidden_size': 24, 'dropout': 0.35499298635854026, 'hidden_continuous_size': 16, 'attention_head_size': 2, 'learning_rate': 0.017786340133603463}. Best is trial 42 with value: 0.03685152903199196.
LOCAL_RANK: 0 - CUDA_VISIBLE_DEVICES: [0]
[I 2023-12-15 19:35:07,932] Trial 44 finished with value: 0.07407576590776443 and parameters: {'gradient_clip_val': 0.35608317931779915, 'hidden_size': 29, 'dropout': 0.3835482732151458, 'hidden_continuous_size': 18, 'attention_head_size': 2, 'learning_rate': 0.03999779676321011}. Best is trial 42 with value: 0.03685152903199196.
LOCAL_RANK: 0 - CUDA_VISIBLE_DEVICES: [0]
[I 2023-12-15 19:35:57,205] Trial 45 finished with value: 0.07944957166910172 and parameters: {'gradient_clip_val': 0.4770915211133222, 'hidden_size': 21, 'dropout': 0.32186778228490415, 'hidden_continuous_size': 14, 'attention_head_size': 3, 'learning_rate': 0.025302511408856764}. Best is trial 42 with value: 0.03685152903199196.
LOCAL_RANK: 0 - CUDA_VISIBLE_DEVICES: [0]
[I 2023-12-15 19:36:51,289] Trial 46 finished with value: 0.0949491485953331 and parameters: {'gradient_clip_val': 0.27405416741626176, 'hidden_size': 83, 'dropout': 0.3773467748839321, 'hidden_continuous_size': 27, 'attention_head_size': 1, 'learning_rate': 0.00923434345997909}. Best is trial 42 with value: 0.03685152903199196.
LOCAL_RANK: 0 - CUDA_VISIBLE_DEVICES: [0]
[I 2023-12-15 19:37:43,511] Trial 47 finished with value: 0.1919533610343933 and parameters: {'gradient_clip_val': 0.3157863313686596, 'hidden_size': 34, 'dropout': 0.3371039456490986, 'hidden_continuous_size': 20, 'attention_head_size': 2, 'learning_rate': 0.013529891611696057}. Best is trial 42 with value: 0.03685152903199196.
LOCAL_RANK: 0 - CUDA_VISIBLE_DEVICES: [0]
[I 2023-12-15 19:38:35,818] Trial 48 finished with value: 0.19362880289554596 and parameters: {'gradient_clip_val': 0.3771121384872582, 'hidden_size': 38, 'dropout': 0.35252533901065436, 'hidden_continuous_size': 15, 'attention_head_size': 3, 'learning_rate': 0.016443952348633533}. Best is trial 42 with value: 0.03685152903199196.
LOCAL_RANK: 0 - CUDA_VISIBLE_DEVICES: [0]
[I 2023-12-15 19:39:25,098] Trial 49 finished with value: 0.06010295823216438 and parameters: {'gradient_clip_val': 0.24451137720707575, 'hidden_size': 27, 'dropout': 0.3896246359975582, 'hidden_continuous_size': 17, 'attention_head_size': 2, 'learning_rate': 0.019619754899281864}. Best is trial 42 with value: 0.03685152903199196.
[I 2023-12-15 19:39:25,191] A new study created in memory with name: no-name-1261e5d7-884a-488f-b417-5c2c52e2a211
/home/le004/conda/anaconda3/envs/tsff_env/lib/python3.9/site-packages/lightning/fabric/plugins/environments/slurm.py:191: The `srun` command is available on your system but is not used. HINT: If your intention is to run Lightning on SLURM, prepend your python command with `srun` like so: srun python /home/le004/master_thesis/git/TSFusionForecast/code/ ...
LOCAL_RANK: 0 - CUDA_VISIBLE_DEVICES: [0]
[I 2023-12-15 19:40:11,068] Trial 0 finished with value: 0.0812620222568512 and parameters: {'gradient_clip_val': 0.8736763675068205, 'hidden_size': 6, 'dropout': 0.13014636099805585, 'hidden_continuous_size': 5, 'attention_head_size': 4, 'learning_rate': 0.07903727781828908}. Best is trial 0 with value: 0.0812620222568512.
LOCAL_RANK: 0 - CUDA_VISIBLE_DEVICES: [0]
[I 2023-12-15 19:41:01,075] Trial 1 finished with value: 0.05274634063243866 and parameters: {'gradient_clip_val': 0.6068051705822098, 'hidden_size': 36, 'dropout': 0.17909976488813112, 'hidden_continuous_size': 10, 'attention_head_size': 4, 'learning_rate': 0.004373435815945777}. Best is trial 1 with value: 0.05274634063243866.
LOCAL_RANK: 0 - CUDA_VISIBLE_DEVICES: [0]
[I 2023-12-15 19:41:53,788] Trial 2 finished with value: 0.04829707741737366 and parameters: {'gradient_clip_val': 0.4238781287811683, 'hidden_size': 65, 'dropout': 0.37205201592066905, 'hidden_continuous_size': 10, 'attention_head_size': 2, 'learning_rate': 0.046388819832281956}. Best is trial 2 with value: 0.04829707741737366.
LOCAL_RANK: 0 - CUDA_VISIBLE_DEVICES: [0]
[I 2023-12-15 19:42:45,427] Trial 3 finished with value: 0.04689136520028114 and parameters: {'gradient_clip_val': 0.35352475450141496, 'hidden_size': 54, 'dropout': 0.3825853424133163, 'hidden_continuous_size': 5, 'attention_head_size': 3, 'learning_rate': 0.011768733376956374}. Best is trial 3 with value: 0.04689136520028114.
LOCAL_RANK: 0 - CUDA_VISIBLE_DEVICES: [0]
[I 2023-12-15 19:43:18,949] Trial 4 finished with value: 0.04626326635479927 and parameters: {'gradient_clip_val': 0.1161994333756787, 'hidden_size': 5, 'dropout': 0.26236633903768386, 'hidden_continuous_size': 5, 'attention_head_size': 1, 'learning_rate': 0.009854950554491655}. Best is trial 4 with value: 0.04626326635479927.
LOCAL_RANK: 0 - CUDA_VISIBLE_DEVICES: [0]
[I 2023-12-15 19:44:03,548] Trial 5 finished with value: 0.17851988971233368 and parameters: {'gradient_clip_val': 0.5928556405792008, 'hidden_size': 8, 'dropout': 0.19607234955614217, 'hidden_continuous_size': 7, 'attention_head_size': 3, 'learning_rate': 0.004153670543764135}. Best is trial 4 with value: 0.04626326635479927.
LOCAL_RANK: 0 - CUDA_VISIBLE_DEVICES: [0]
[I 2023-12-15 19:44:49,303] Trial 6 finished with value: 0.04943383112549782 and parameters: {'gradient_clip_val': 0.1911436009387162, 'hidden_size': 7, 'dropout': 0.27671115294755205, 'hidden_continuous_size': 5, 'attention_head_size': 4, 'learning_rate': 0.01393727749743371}. Best is trial 4 with value: 0.04626326635479927.
LOCAL_RANK: 0 - CUDA_VISIBLE_DEVICES: [0]
[I 2023-12-15 19:45:35,293] Trial 7 finished with value: 0.5451034903526306 and parameters: {'gradient_clip_val': 0.2569229302161389, 'hidden_size': 15, 'dropout': 0.2121319672996931, 'hidden_continuous_size': 6, 'attention_head_size': 3, 'learning_rate': 0.0006127540178578559}. Best is trial 4 with value: 0.04626326635479927.
LOCAL_RANK: 0 - CUDA_VISIBLE_DEVICES: [0]
[I 2023-12-15 19:46:20,371] Trial 8 finished with value: 0.11956474930047989 and parameters: {'gradient_clip_val': 0.2596932470877938, 'hidden_size': 6, 'dropout': 0.217302992967086, 'hidden_continuous_size': 5, 'attention_head_size': 2, 'learning_rate': 0.02500193575333975}. Best is trial 4 with value: 0.04626326635479927.
LOCAL_RANK: 0 - CUDA_VISIBLE_DEVICES: [0]
[I 2023-12-15 19:47:13,372] Trial 9 finished with value: 0.03437715396285057 and parameters: {'gradient_clip_val': 0.36178121128555674, 'hidden_size': 43, 'dropout': 0.31624682459765824, 'hidden_continuous_size': 13, 'attention_head_size': 4, 'learning_rate': 0.007014126832568123}. Best is trial 9 with value: 0.03437715396285057.
LOCAL_RANK: 0 - CUDA_VISIBLE_DEVICES: [0]
[I 2023-12-15 19:48:08,787] Trial 10 finished with value: 0.04468965530395508 and parameters: {'gradient_clip_val': 0.18020863374232857, 'hidden_size': 90, 'dropout': 0.32215675776076264, 'hidden_continuous_size': 41, 'attention_head_size': 1, 'learning_rate': 0.0017696847534757261}. Best is trial 9 with value: 0.03437715396285057.
LOCAL_RANK: 0 - CUDA_VISIBLE_DEVICES: [0]
[I 2023-12-15 19:49:02,955] Trial 11 finished with value: 0.04763789474964142 and parameters: {'gradient_clip_val': 0.17960642611716882, 'hidden_size': 80, 'dropout': 0.3175763275612914, 'hidden_continuous_size': 41, 'attention_head_size': 1, 'learning_rate': 0.0019428555741346782}. Best is trial 9 with value: 0.03437715396285057.
LOCAL_RANK: 0 - CUDA_VISIBLE_DEVICES: [0]
[I 2023-12-15 19:49:57,701] Trial 12 finished with value: 0.0387474000453949 and parameters: {'gradient_clip_val': 0.11097829214342433, 'hidden_size': 89, 'dropout': 0.31884280710205054, 'hidden_continuous_size': 28, 'attention_head_size': 2, 'learning_rate': 0.001859225120255634}. Best is trial 9 with value: 0.03437715396285057.
LOCAL_RANK: 0 - CUDA_VISIBLE_DEVICES: [0]
[I 2023-12-15 19:50:50,224] Trial 13 finished with value: 0.03174665942788124 and parameters: {'gradient_clip_val': 0.12185037790302218, 'hidden_size': 42, 'dropout': 0.317668591323683, 'hidden_continuous_size': 21, 'attention_head_size': 2, 'learning_rate': 0.005365021824742198}. Best is trial 13 with value: 0.03174665942788124.
LOCAL_RANK: 0 - CUDA_VISIBLE_DEVICES: [0]
[I 2023-12-15 19:51:42,065] Trial 14 finished with value: 0.031634002923965454 and parameters: {'gradient_clip_val': 0.10048860849559187, 'hidden_size': 34, 'dropout': 0.28950523308903714, 'hidden_continuous_size': 17, 'attention_head_size': 3, 'learning_rate': 0.005452692273365154}. Best is trial 14 with value: 0.031634002923965454.
LOCAL_RANK: 0 - CUDA_VISIBLE_DEVICES: [0]
[I 2023-12-15 19:52:30,498] Trial 15 finished with value: 0.08770826458930969 and parameters: {'gradient_clip_val': 0.10396657404451545, 'hidden_size': 28, 'dropout': 0.26642918472220345, 'hidden_continuous_size': 17, 'attention_head_size': 2, 'learning_rate': 0.020860115854907955}. Best is trial 14 with value: 0.031634002923965454.
LOCAL_RANK: 0 - CUDA_VISIBLE_DEVICES: [0]
[I 2023-12-15 19:53:19,902] Trial 16 finished with value: 0.05522722005844116 and parameters: {'gradient_clip_val': 0.13837605564626348, 'hidden_size': 22, 'dropout': 0.3563868222360013, 'hidden_continuous_size': 15, 'attention_head_size': 3, 'learning_rate': 0.00538998807549342}. Best is trial 14 with value: 0.031634002923965454.
LOCAL_RANK: 0 - CUDA_VISIBLE_DEVICES: [0]
[I 2023-12-15 19:54:11,473] Trial 17 finished with value: 0.0368095263838768 and parameters: {'gradient_clip_val': 0.14521442479127908, 'hidden_size': 44, 'dropout': 0.2871169907739656, 'hidden_continuous_size': 22, 'attention_head_size': 2, 'learning_rate': 0.003898539981950334}. Best is trial 14 with value: 0.031634002923965454.
LOCAL_RANK: 0 - CUDA_VISIBLE_DEVICES: [0]
[I 2023-12-15 19:55:02,372] Trial 18 finished with value: 0.047517985105514526 and parameters: {'gradient_clip_val': 0.1007802641027893, 'hidden_size': 32, 'dropout': 0.3996441481708186, 'hidden_continuous_size': 20, 'attention_head_size': 3, 'learning_rate': 0.00853727699697631}. Best is trial 14 with value: 0.031634002923965454.
LOCAL_RANK: 0 - CUDA_VISIBLE_DEVICES: [0]
[I 2023-12-15 19:55:49,494] Trial 19 finished with value: 0.038620222359895706 and parameters: {'gradient_clip_val': 0.1388836953753488, 'hidden_size': 17, 'dropout': 0.2450682654511362, 'hidden_continuous_size': 11, 'attention_head_size': 2, 'learning_rate': 0.019135148647995943}. Best is trial 14 with value: 0.031634002923965454.
LOCAL_RANK: 0 - CUDA_VISIBLE_DEVICES: [0]
[I 2023-12-15 19:56:42,946] Trial 20 finished with value: 0.05254293605685234 and parameters: {'gradient_clip_val': 0.2271293722492359, 'hidden_size': 53, 'dropout': 0.3512976904300994, 'hidden_continuous_size': 27, 'attention_head_size': 3, 'learning_rate': 0.03339691739233569}. Best is trial 14 with value: 0.031634002923965454.
LOCAL_RANK: 0 - CUDA_VISIBLE_DEVICES: [0]
[I 2023-12-15 19:57:35,832] Trial 21 finished with value: 0.03551597520709038 and parameters: {'gradient_clip_val': 0.32890396975231595, 'hidden_size': 41, 'dropout': 0.3018452010210345, 'hidden_continuous_size': 13, 'attention_head_size': 4, 'learning_rate': 0.007218762721445279}. Best is trial 14 with value: 0.031634002923965454.
LOCAL_RANK: 0 - CUDA_VISIBLE_DEVICES: [0]
[I 2023-12-15 19:58:25,673] Trial 22 finished with value: 0.06813495606184006 and parameters: {'gradient_clip_val': 0.1305068092280036, 'hidden_size': 27, 'dropout': 0.32625030053521265, 'hidden_continuous_size': 13, 'attention_head_size': 4, 'learning_rate': 0.006415250668282942}. Best is trial 14 with value: 0.031634002923965454.
LOCAL_RANK: 0 - CUDA_VISIBLE_DEVICES: [0]
[I 2023-12-15 19:59:19,127] Trial 23 finished with value: 0.0428544320166111 and parameters: {'gradient_clip_val': 0.15024613411089655, 'hidden_size': 46, 'dropout': 0.29560550762761356, 'hidden_continuous_size': 17, 'attention_head_size': 4, 'learning_rate': 0.0030560738994574593}. Best is trial 14 with value: 0.031634002923965454.
LOCAL_RANK: 0 - CUDA_VISIBLE_DEVICES: [0]
[I 2023-12-15 20:00:12,818] Trial 24 finished with value: 0.04279131069779396 and parameters: {'gradient_clip_val': 0.16400977194589725, 'hidden_size': 62, 'dropout': 0.35579848028273164, 'hidden_continuous_size': 21, 'attention_head_size': 3, 'learning_rate': 0.013307555261556614}. Best is trial 14 with value: 0.031634002923965454.
LOCAL_RANK: 0 - CUDA_VISIBLE_DEVICES: [0]
[I 2023-12-15 20:01:04,323] Trial 25 finished with value: 0.042461711913347244 and parameters: {'gradient_clip_val': 0.207470684923151, 'hidden_size': 37, 'dropout': 0.24588924553651287, 'hidden_continuous_size': 15, 'attention_head_size': 2, 'learning_rate': 0.007450413589738566}. Best is trial 14 with value: 0.031634002923965454.
LOCAL_RANK: 0 - CUDA_VISIBLE_DEVICES: [0]
[I 2023-12-15 20:02:00,300] Trial 26 finished with value: 0.03868241608142853 and parameters: {'gradient_clip_val': 0.12222116521150146, 'hidden_size': 68, 'dropout': 0.3352391789634021, 'hidden_continuous_size': 65, 'attention_head_size': 3, 'learning_rate': 0.002521861031953185}. Best is trial 14 with value: 0.031634002923965454.
LOCAL_RANK: 0 - CUDA_VISIBLE_DEVICES: [0]
[I 2023-12-15 20:02:50,172] Trial 27 finished with value: 0.04465648904442787 and parameters: {'gradient_clip_val': 0.17050202199862846, 'hidden_size': 31, 'dropout': 0.3052696415107191, 'hidden_continuous_size': 9, 'attention_head_size': 4, 'learning_rate': 0.005955459489851737}. Best is trial 14 with value: 0.031634002923965454.
LOCAL_RANK: 0 - CUDA_VISIBLE_DEVICES: [0]
[I 2023-12-15 20:03:41,262] Trial 28 finished with value: 0.03652570769190788 and parameters: {'gradient_clip_val': 0.10013527880195118, 'hidden_size': 48, 'dropout': 0.2928878526232841, 'hidden_continuous_size': 12, 'attention_head_size': 1, 'learning_rate': 0.010372948565425309}. Best is trial 14 with value: 0.031634002923965454.
LOCAL_RANK: 0 - CUDA_VISIBLE_DEVICES: [0]
[I 2023-12-15 20:04:36,276] Trial 29 finished with value: 0.06962805986404419 and parameters: {'gradient_clip_val': 0.12335372324378803, 'hidden_size': 100, 'dropout': 0.33445552463493083, 'hidden_continuous_size': 8, 'attention_head_size': 4, 'learning_rate': 0.05213652571474157}. Best is trial 14 with value: 0.031634002923965454.
LOCAL_RANK: 0 - CUDA_VISIBLE_DEVICES: [0]
[I 2023-12-15 20:05:27,759] Trial 30 finished with value: 0.048655007034540176 and parameters: {'gradient_clip_val': 0.15641650026778953, 'hidden_size': 38, 'dropout': 0.277228790543806, 'hidden_continuous_size': 12, 'attention_head_size': 3, 'learning_rate': 0.08669703332658237}. Best is trial 14 with value: 0.031634002923965454.
LOCAL_RANK: 0 - CUDA_VISIBLE_DEVICES: [0]
[I 2023-12-15 20:06:20,272] Trial 31 finished with value: 0.05945118889212608 and parameters: {'gradient_clip_val': 0.3144936085383894, 'hidden_size': 39, 'dropout': 0.30389860342674746, 'hidden_continuous_size': 14, 'attention_head_size': 4, 'learning_rate': 0.00704031625311382}. Best is trial 14 with value: 0.031634002923965454.
LOCAL_RANK: 0 - CUDA_VISIBLE_DEVICES: [0]
