[I 2023-12-15 17:51:34,505] Trial 12 finished with value: 0.9448979496955872 and parameters: {'gradient_clip_val': 0.1493332885127812, 'hidden_size': 47, 'dropout': 0.3998060080999621, 'hidden_continuous_size': 13, 'attention_head_size': 2, 'learning_rate': 0.004242299632873015}. Best is trial 4 with value: 0.20609086751937866.
LOCAL_RANK: 0 - CUDA_VISIBLE_DEVICES: [0]
[I 2023-12-15 17:52:27,001] Trial 13 finished with value: 0.19519533216953278 and parameters: {'gradient_clip_val': 0.1643029119386749, 'hidden_size': 48, 'dropout': 0.2267224708191719, 'hidden_continuous_size': 24, 'attention_head_size': 2, 'learning_rate': 0.0993090165848638}. Best is trial 13 with value: 0.19519533216953278.
LOCAL_RANK: 0 - CUDA_VISIBLE_DEVICES: [0]
[I 2023-12-15 17:53:21,856] Trial 14 finished with value: 0.08535514026880264 and parameters: {'gradient_clip_val': 0.1595101310613089, 'hidden_size': 68, 'dropout': 0.21680897099572918, 'hidden_continuous_size': 28, 'attention_head_size': 4, 'learning_rate': 0.06667130070131584}. Best is trial 14 with value: 0.08535514026880264.
LOCAL_RANK: 0 - CUDA_VISIBLE_DEVICES: [0]
[I 2023-12-15 17:54:16,672] Trial 15 finished with value: 1.4196659326553345 and parameters: {'gradient_clip_val': 0.1720061208397479, 'hidden_size': 61, 'dropout': 0.2154366700584504, 'hidden_continuous_size': 25, 'attention_head_size': 3, 'learning_rate': 0.09818786554170857}. Best is trial 14 with value: 0.08535514026880264.
LOCAL_RANK: 0 - CUDA_VISIBLE_DEVICES: [0]
[I 2023-12-15 17:55:13,550] Trial 16 finished with value: 0.16812944412231445 and parameters: {'gradient_clip_val': 0.2051031224447889, 'hidden_size': 97, 'dropout': 0.2219303570749941, 'hidden_continuous_size': 33, 'attention_head_size': 2, 'learning_rate': 0.09388034181417744}. Best is trial 14 with value: 0.08535514026880264.
LOCAL_RANK: 0 - CUDA_VISIBLE_DEVICES: [0]
[I 2023-12-15 17:56:11,502] Trial 17 finished with value: 0.0988367572426796 and parameters: {'gradient_clip_val': 0.2275183223972384, 'hidden_size': 99, 'dropout': 0.1850004555746051, 'hidden_continuous_size': 38, 'attention_head_size': 4, 'learning_rate': 0.01833990151642618}. Best is trial 14 with value: 0.08535514026880264.
LOCAL_RANK: 0 - CUDA_VISIBLE_DEVICES: [0]
[I 2023-12-15 17:57:07,794] Trial 18 finished with value: 0.641040563583374 and parameters: {'gradient_clip_val': 0.261050310395407, 'hidden_size': 68, 'dropout': 0.18296142689712602, 'hidden_continuous_size': 44, 'attention_head_size': 4, 'learning_rate': 0.015364102706654458}. Best is trial 14 with value: 0.08535514026880264.
LOCAL_RANK: 0 - CUDA_VISIBLE_DEVICES: [0]
[I 2023-12-15 17:58:07,572] Trial 19 finished with value: 0.13587094843387604 and parameters: {'gradient_clip_val': 0.214739099252705, 'hidden_size': 93, 'dropout': 0.17875356296473338, 'hidden_continuous_size': 91, 'attention_head_size': 4, 'learning_rate': 0.017593106668440574}. Best is trial 14 with value: 0.08535514026880264.
LOCAL_RANK: 0 - CUDA_VISIBLE_DEVICES: [0]
[I 2023-12-15 17:59:02,614] Trial 20 finished with value: 2.175921678543091 and parameters: {'gradient_clip_val': 0.13817072810260048, 'hidden_size': 64, 'dropout': 0.24646448789923267, 'hidden_continuous_size': 22, 'attention_head_size': 4, 'learning_rate': 0.05145979665738292}. Best is trial 14 with value: 0.08535514026880264.
LOCAL_RANK: 0 - CUDA_VISIBLE_DEVICES: [0]
[I 2023-12-15 18:00:01,450] Trial 21 finished with value: 0.1647682636976242 and parameters: {'gradient_clip_val': 0.20959279067249337, 'hidden_size': 100, 'dropout': 0.17961304353500251, 'hidden_continuous_size': 95, 'attention_head_size': 4, 'learning_rate': 0.019622184217391064}. Best is trial 14 with value: 0.08535514026880264.
LOCAL_RANK: 0 - CUDA_VISIBLE_DEVICES: [0]
[I 2023-12-15 18:00:57,195] Trial 22 finished with value: 1.6585222482681274 and parameters: {'gradient_clip_val': 0.25007334291866706, 'hidden_size': 72, 'dropout': 0.17547027961673403, 'hidden_continuous_size': 39, 'attention_head_size': 4, 'learning_rate': 0.01484693356873018}. Best is trial 14 with value: 0.08535514026880264.
LOCAL_RANK: 0 - CUDA_VISIBLE_DEVICES: [0]
[I 2023-12-15 18:01:55,186] Trial 23 finished with value: 2.12404465675354 and parameters: {'gradient_clip_val': 0.19260051182089702, 'hidden_size': 99, 'dropout': 0.16068719069145262, 'hidden_continuous_size': 53, 'attention_head_size': 3, 'learning_rate': 0.02441880760400719}. Best is trial 14 with value: 0.08535514026880264.
LOCAL_RANK: 0 - CUDA_VISIBLE_DEVICES: [0]
[I 2023-12-15 18:02:49,263] Trial 24 finished with value: 0.08379528671503067 and parameters: {'gradient_clip_val': 0.1745221871846531, 'hidden_size': 38, 'dropout': 0.19428748019448047, 'hidden_continuous_size': 20, 'attention_head_size': 4, 'learning_rate': 0.04798238055490533}. Best is trial 24 with value: 0.08379528671503067.
LOCAL_RANK: 0 - CUDA_VISIBLE_DEVICES: [0]
[I 2023-12-15 18:03:42,858] Trial 25 finished with value: 1.301618218421936 and parameters: {'gradient_clip_val': 0.1417758370191679, 'hidden_size': 35, 'dropout': 0.20130156510351777, 'hidden_continuous_size': 20, 'attention_head_size': 3, 'learning_rate': 0.05469077104791861}. Best is trial 24 with value: 0.08379528671503067.
LOCAL_RANK: 0 - CUDA_VISIBLE_DEVICES: [0]
[I 2023-12-15 18:04:37,021] Trial 26 finished with value: 1.4210124015808105 and parameters: {'gradient_clip_val': 0.17546948350705982, 'hidden_size': 56, 'dropout': 0.19723657353334637, 'hidden_continuous_size': 30, 'attention_head_size': 4, 'learning_rate': 0.04042380634147413}. Best is trial 24 with value: 0.08379528671503067.
LOCAL_RANK: 0 - CUDA_VISIBLE_DEVICES: [0]
[I 2023-12-15 18:05:31,496] Trial 27 finished with value: 1.7422577142715454 and parameters: {'gradient_clip_val': 0.12973595774383964, 'hidden_size': 42, 'dropout': 0.2467674280085439, 'hidden_continuous_size': 28, 'attention_head_size': 4, 'learning_rate': 0.03358244747305353}. Best is trial 24 with value: 0.08379528671503067.
LOCAL_RANK: 0 - CUDA_VISIBLE_DEVICES: [0]
[I 2023-12-15 18:06:26,124] Trial 28 finished with value: 0.7448456883430481 and parameters: {'gradient_clip_val': 0.30842887177656375, 'hidden_size': 59, 'dropout': 0.15566832523045573, 'hidden_continuous_size': 21, 'attention_head_size': 3, 'learning_rate': 0.064708402468596}. Best is trial 24 with value: 0.08379528671503067.
LOCAL_RANK: 0 - CUDA_VISIBLE_DEVICES: [0]
[I 2023-12-15 18:07:22,777] Trial 29 finished with value: 0.1504071056842804 and parameters: {'gradient_clip_val': 0.2381438182115403, 'hidden_size': 73, 'dropout': 0.205552629122307, 'hidden_continuous_size': 36, 'attention_head_size': 4, 'learning_rate': 0.027387099314113712}. Best is trial 24 with value: 0.08379528671503067.
LOCAL_RANK: 0 - CUDA_VISIBLE_DEVICES: [0]
[I 2023-12-15 18:08:16,150] Trial 30 finished with value: 0.8778676986694336 and parameters: {'gradient_clip_val': 0.16216759293850566, 'hidden_size': 35, 'dropout': 0.22704506021375134, 'hidden_continuous_size': 24, 'attention_head_size': 3, 'learning_rate': 0.06316651574676795}. Best is trial 24 with value: 0.08379528671503067.
LOCAL_RANK: 0 - CUDA_VISIBLE_DEVICES: [0]
[I 2023-12-15 18:09:13,638] Trial 31 finished with value: 0.06854327023029327 and parameters: {'gradient_clip_val': 0.1907021891684688, 'hidden_size': 81, 'dropout': 0.18685423821939318, 'hidden_continuous_size': 49, 'attention_head_size': 4, 'learning_rate': 0.0221835327578253}. Best is trial 31 with value: 0.06854327023029327.
LOCAL_RANK: 0 - CUDA_VISIBLE_DEVICES: [0]
[I 2023-12-15 18:10:10,831] Trial 32 finished with value: 0.1170307993888855 and parameters: {'gradient_clip_val': 0.1963137438736671, 'hidden_size': 82, 'dropout': 0.1980242332066911, 'hidden_continuous_size': 48, 'attention_head_size': 4, 'learning_rate': 0.03567438925136401}. Best is trial 31 with value: 0.06854327023029327.
LOCAL_RANK: 0 - CUDA_VISIBLE_DEVICES: [0]
[I 2023-12-15 18:11:06,170] Trial 33 finished with value: 0.756937563419342 and parameters: {'gradient_clip_val': 0.18411514261864836, 'hidden_size': 55, 'dropout': 0.14636009052352975, 'hidden_continuous_size': 33, 'attention_head_size': 4, 'learning_rate': 0.024391356236602872}. Best is trial 31 with value: 0.06854327023029327.
LOCAL_RANK: 0 - CUDA_VISIBLE_DEVICES: [0]
[I 2023-12-15 18:12:03,467] Trial 34 finished with value: 0.8409066200256348 and parameters: {'gradient_clip_val': 0.16082390568657373, 'hidden_size': 78, 'dropout': 0.16056121865066791, 'hidden_continuous_size': 55, 'attention_head_size': 4, 'learning_rate': 0.03955383922814811}. Best is trial 31 with value: 0.06854327023029327.
LOCAL_RANK: 0 - CUDA_VISIBLE_DEVICES: [0]
[I 2023-12-15 18:12:58,770] Trial 35 finished with value: 0.7073543667793274 and parameters: {'gradient_clip_val': 0.12214079533714413, 'hidden_size': 68, 'dropout': 0.13707210612376464, 'hidden_continuous_size': 38, 'attention_head_size': 4, 'learning_rate': 0.011582684213363245}. Best is trial 31 with value: 0.06854327023029327.
LOCAL_RANK: 0 - CUDA_VISIBLE_DEVICES: [0]
[I 2023-12-15 18:13:56,000] Trial 36 finished with value: 1.5046097040176392 and parameters: {'gradient_clip_val': 0.2821978094283726, 'hidden_size': 85, 'dropout': 0.2334412885770829, 'hidden_continuous_size': 56, 'attention_head_size': 3, 'learning_rate': 0.024917573456721562}. Best is trial 31 with value: 0.06854327023029327.
LOCAL_RANK: 0 - CUDA_VISIBLE_DEVICES: [0]
[I 2023-12-15 18:14:45,467] Trial 37 finished with value: 0.15465281903743744 and parameters: {'gradient_clip_val': 0.23397949287247122, 'hidden_size': 20, 'dropout': 0.1191277596675162, 'hidden_continuous_size': 17, 'attention_head_size': 4, 'learning_rate': 0.03197694860931986}. Best is trial 31 with value: 0.06854327023029327.
LOCAL_RANK: 0 - CUDA_VISIBLE_DEVICES: [0]
[I 2023-12-15 18:15:41,052] Trial 38 finished with value: 1.5509381294250488 and parameters: {'gradient_clip_val': 0.14810072165328572, 'hidden_size': 79, 'dropout': 0.2634419556236233, 'hidden_continuous_size': 29, 'attention_head_size': 3, 'learning_rate': 0.02194105528659483}. Best is trial 31 with value: 0.06854327023029327.
LOCAL_RANK: 0 - CUDA_VISIBLE_DEVICES: [0]
[I 2023-12-15 18:16:36,732] Trial 39 finished with value: 1.435914397239685 and parameters: {'gradient_clip_val': 0.18208429673643373, 'hidden_size': 62, 'dropout': 0.2123062966545406, 'hidden_continuous_size': 34, 'attention_head_size': 4, 'learning_rate': 0.013173109227684129}. Best is trial 31 with value: 0.06854327023029327.
LOCAL_RANK: 0 - CUDA_VISIBLE_DEVICES: [0]
[I 2023-12-15 18:17:31,428] Trial 40 finished with value: 2.5367977619171143 and parameters: {'gradient_clip_val': 0.11813192871061957, 'hidden_size': 47, 'dropout': 0.18781255837975097, 'hidden_continuous_size': 31, 'attention_head_size': 4, 'learning_rate': 0.07061427042601578}. Best is trial 31 with value: 0.06854327023029327.
LOCAL_RANK: 0 - CUDA_VISIBLE_DEVICES: [0]
[I 2023-12-15 18:18:28,700] Trial 41 finished with value: 0.14311634004116058 and parameters: {'gradient_clip_val': 0.201500353805617, 'hidden_size': 87, 'dropout': 0.19331437441102806, 'hidden_continuous_size': 42, 'attention_head_size': 4, 'learning_rate': 0.04146278555604707}. Best is trial 31 with value: 0.06854327023029327.
LOCAL_RANK: 0 - CUDA_VISIBLE_DEVICES: [0]
[I 2023-12-15 18:19:25,782] Trial 42 finished with value: 1.5619772672653198 and parameters: {'gradient_clip_val': 0.2195570028210616, 'hidden_size': 78, 'dropout': 0.20738709336101147, 'hidden_continuous_size': 47, 'attention_head_size': 4, 'learning_rate': 0.03271828338457456}. Best is trial 31 with value: 0.06854327023029327.
LOCAL_RANK: 0 - CUDA_VISIBLE_DEVICES: [0]
[I 2023-12-15 18:20:22,759] Trial 43 finished with value: 1.4289928674697876 and parameters: {'gradient_clip_val': 0.18950450085275009, 'hidden_size': 82, 'dropout': 0.1705832306981983, 'hidden_continuous_size': 38, 'attention_head_size': 4, 'learning_rate': 0.019033761984910545}. Best is trial 31 with value: 0.06854327023029327.
LOCAL_RANK: 0 - CUDA_VISIBLE_DEVICES: [0]
[I 2023-12-15 18:21:19,401] Trial 44 finished with value: 1.0187205076217651 and parameters: {'gradient_clip_val': 0.15604070650695104, 'hidden_size': 67, 'dropout': 0.19406815843665587, 'hidden_continuous_size': 47, 'attention_head_size': 4, 'learning_rate': 0.049300466981898494}. Best is trial 31 with value: 0.06854327023029327.
LOCAL_RANK: 0 - CUDA_VISIBLE_DEVICES: [0]
[I 2023-12-15 18:22:14,618] Trial 45 finished with value: 1.000411033630371 and parameters: {'gradient_clip_val': 0.26729915474187693, 'hidden_size': 53, 'dropout': 0.1920934855634845, 'hidden_continuous_size': 35, 'attention_head_size': 4, 'learning_rate': 0.0321920442365077}. Best is trial 31 with value: 0.06854327023029327.
LOCAL_RANK: 0 - CUDA_VISIBLE_DEVICES: [0]
[I 2023-12-15 18:23:12,882] Trial 46 finished with value: 0.3757981061935425 and parameters: {'gradient_clip_val': 0.23187275804996413, 'hidden_size': 85, 'dropout': 0.16765424385307398, 'hidden_continuous_size': 65, 'attention_head_size': 3, 'learning_rate': 0.07485194407089867}. Best is trial 31 with value: 0.06854327023029327.
LOCAL_RANK: 0 - CUDA_VISIBLE_DEVICES: [0]
[I 2023-12-15 18:24:08,279] Trial 47 finished with value: 0.337337464094162 and parameters: {'gradient_clip_val': 0.17458707329563125, 'hidden_size': 63, 'dropout': 0.21203985043370843, 'hidden_continuous_size': 27, 'attention_head_size': 4, 'learning_rate': 0.043414103530615304}. Best is trial 31 with value: 0.06854327023029327.
LOCAL_RANK: 0 - CUDA_VISIBLE_DEVICES: [0]
[I 2023-12-15 18:25:04,569] Trial 48 finished with value: 0.5932019352912903 and parameters: {'gradient_clip_val': 0.19747371053861665, 'hidden_size': 73, 'dropout': 0.2365759857462057, 'hidden_continuous_size': 41, 'attention_head_size': 3, 'learning_rate': 0.020516180106296644}. Best is trial 31 with value: 0.06854327023029327.
LOCAL_RANK: 0 - CUDA_VISIBLE_DEVICES: [0]
[I 2023-12-15 18:26:03,807] Trial 49 finished with value: 0.06871188431978226 and parameters: {'gradient_clip_val': 0.11194664613715542, 'hidden_size': 100, 'dropout': 0.2191022242714687, 'hidden_continuous_size': 68, 'attention_head_size': 4, 'learning_rate': 0.00672898452356334}. Best is trial 31 with value: 0.06854327023029327.
[I 2023-12-15 18:26:03,901] A new study created in memory with name: no-name-3bd51651-dddc-4596-ae7d-0e60f99cd38f
/home/le004/conda/anaconda3/envs/tsff_env/lib/python3.9/site-packages/lightning/fabric/plugins/environments/slurm.py:191: The `srun` command is available on your system but is not used. HINT: If your intention is to run Lightning on SLURM, prepend your python command with `srun` like so: srun python /home/le004/master_thesis/git/TSFusionForecast/code/ ...
LOCAL_RANK: 0 - CUDA_VISIBLE_DEVICES: [0]
[I 2023-12-15 18:26:39,304] Trial 0 finished with value: 0.1718253344297409 and parameters: {'gradient_clip_val': 0.1268575578389767, 'hidden_size': 5, 'dropout': 0.26745583249094407, 'hidden_continuous_size': 5, 'attention_head_size': 2, 'learning_rate': 0.01172836967756823}. Best is trial 0 with value: 0.1718253344297409.
LOCAL_RANK: 0 - CUDA_VISIBLE_DEVICES: [0]
[I 2023-12-15 18:27:30,026] Trial 1 finished with value: 0.07453114539384842 and parameters: {'gradient_clip_val': 0.30783964325757335, 'hidden_size': 31, 'dropout': 0.15513909035905266, 'hidden_continuous_size': 6, 'attention_head_size': 4, 'learning_rate': 0.05013032496989163}. Best is trial 1 with value: 0.07453114539384842.
LOCAL_RANK: 0 - CUDA_VISIBLE_DEVICES: [0]
[I 2023-12-15 18:28:06,138] Trial 2 finished with value: 0.30757227540016174 and parameters: {'gradient_clip_val': 0.1080316231227095, 'hidden_size': 18, 'dropout': 0.28875337466008744, 'hidden_continuous_size': 18, 'attention_head_size': 2, 'learning_rate': 0.01756823659109496}. Best is trial 1 with value: 0.07453114539384842.
LOCAL_RANK: 0 - CUDA_VISIBLE_DEVICES: [0]
[I 2023-12-15 18:28:56,843] Trial 3 finished with value: 0.07003427296876907 and parameters: {'gradient_clip_val': 0.5933090936921128, 'hidden_size': 30, 'dropout': 0.21472757707407925, 'hidden_continuous_size': 14, 'attention_head_size': 3, 'learning_rate': 0.03154707779971419}. Best is trial 3 with value: 0.07003427296876907.
LOCAL_RANK: 0 - CUDA_VISIBLE_DEVICES: [0]
[I 2023-12-15 18:29:47,298] Trial 4 finished with value: 0.4442499577999115 and parameters: {'gradient_clip_val': 0.8884209782906901, 'hidden_size': 22, 'dropout': 0.20458172631802965, 'hidden_continuous_size': 13, 'attention_head_size': 3, 'learning_rate': 0.0006627177297812547}. Best is trial 3 with value: 0.07003427296876907.
LOCAL_RANK: 0 - CUDA_VISIBLE_DEVICES: [0]
[I 2023-12-15 18:30:34,185] Trial 5 finished with value: 0.937089741230011 and parameters: {'gradient_clip_val': 0.3751401282210913, 'hidden_size': 10, 'dropout': 0.19147240378611452, 'hidden_continuous_size': 5, 'attention_head_size': 4, 'learning_rate': 0.0009339163702087679}. Best is trial 3 with value: 0.07003427296876907.
LOCAL_RANK: 0 - CUDA_VISIBLE_DEVICES: [0]
[I 2023-12-15 18:31:19,899] Trial 6 finished with value: 1.1278624534606934 and parameters: {'gradient_clip_val': 0.9185653042301674, 'hidden_size': 8, 'dropout': 0.1657003185388165, 'hidden_continuous_size': 5, 'attention_head_size': 2, 'learning_rate': 0.001702259863992207}. Best is trial 3 with value: 0.07003427296876907.
LOCAL_RANK: 0 - CUDA_VISIBLE_DEVICES: [0]
[I 2023-12-15 18:32:05,104] Trial 7 finished with value: 0.10668918490409851 and parameters: {'gradient_clip_val': 0.8969371672463196, 'hidden_size': 12, 'dropout': 0.2630291036806645, 'hidden_continuous_size': 6, 'attention_head_size': 2, 'learning_rate': 0.0585643316717202}. Best is trial 3 with value: 0.07003427296876907.
LOCAL_RANK: 0 - CUDA_VISIBLE_DEVICES: [0]
[I 2023-12-15 18:32:51,183] Trial 8 finished with value: 0.23331309854984283 and parameters: {'gradient_clip_val': 0.46531547319216027, 'hidden_size': 16, 'dropout': 0.24277055846489415, 'hidden_continuous_size': 9, 'attention_head_size': 1, 'learning_rate': 0.011590307418677535}. Best is trial 3 with value: 0.07003427296876907.
LOCAL_RANK: 0 - CUDA_VISIBLE_DEVICES: [0]
[I 2023-12-15 18:33:36,413] Trial 9 finished with value: 0.4048207700252533 and parameters: {'gradient_clip_val': 0.7679828953041296, 'hidden_size': 12, 'dropout': 0.15644460609899477, 'hidden_continuous_size': 6, 'attention_head_size': 2, 'learning_rate': 0.02632289865222612}. Best is trial 3 with value: 0.07003427296876907.
LOCAL_RANK: 0 - CUDA_VISIBLE_DEVICES: [0]
[I 2023-12-15 18:34:31,469] Trial 10 finished with value: 0.08645772188901901 and parameters: {'gradient_clip_val': 0.5382735968023972, 'hidden_size': 71, 'dropout': 0.34643203848767407, 'hidden_continuous_size': 29, 'attention_head_size': 3, 'learning_rate': 0.09149639392709327}. Best is trial 3 with value: 0.07003427296876907.
LOCAL_RANK: 0 - CUDA_VISIBLE_DEVICES: [0]
[I 2023-12-15 18:35:22,116] Trial 11 finished with value: 0.0859229788184166 and parameters: {'gradient_clip_val': 0.26882890459782627, 'hidden_size': 36, 'dropout': 0.10538686164546786, 'hidden_continuous_size': 10, 'attention_head_size': 4, 'learning_rate': 0.03931894271305478}. Best is trial 3 with value: 0.07003427296876907.
LOCAL_RANK: 0 - CUDA_VISIBLE_DEVICES: [0]
[I 2023-12-15 18:36:14,983] Trial 12 finished with value: 0.08940178155899048 and parameters: {'gradient_clip_val': 0.26193683327395223, 'hidden_size': 35, 'dropout': 0.11108893595437272, 'hidden_continuous_size': 15, 'attention_head_size': 4, 'learning_rate': 0.09211433738668452}. Best is trial 3 with value: 0.07003427296876907.
LOCAL_RANK: 0 - CUDA_VISIBLE_DEVICES: [0]
[I 2023-12-15 18:37:05,797] Trial 13 finished with value: 0.06276500970125198 and parameters: {'gradient_clip_val': 0.5755495956120636, 'hidden_size': 34, 'dropout': 0.20423100403462352, 'hidden_continuous_size': 9, 'attention_head_size': 3, 'learning_rate': 0.033454484746064904}. Best is trial 13 with value: 0.06276500970125198.
LOCAL_RANK: 0 - CUDA_VISIBLE_DEVICES: [0]
[I 2023-12-15 18:38:00,832] Trial 14 finished with value: 0.0785982608795166 and parameters: {'gradient_clip_val': 0.6166950768665572, 'hidden_size': 66, 'dropout': 0.21426316091546027, 'hidden_continuous_size': 24, 'attention_head_size': 3, 'learning_rate': 0.005816482302607791}. Best is trial 13 with value: 0.06276500970125198.
LOCAL_RANK: 0 - CUDA_VISIBLE_DEVICES: [0]
[I 2023-12-15 18:38:55,706] Trial 15 finished with value: 0.05583231523633003 and parameters: {'gradient_clip_val': 0.619979802664606, 'hidden_size': 50, 'dropout': 0.3197504100588518, 'hidden_continuous_size': 39, 'attention_head_size': 3, 'learning_rate': 0.027830530316199843}. Best is trial 15 with value: 0.05583231523633003.
LOCAL_RANK: 0 - CUDA_VISIBLE_DEVICES: [0]
[I 2023-12-15 18:39:52,999] Trial 16 finished with value: 0.13463442027568817 and parameters: {'gradient_clip_val': 0.44266507616363937, 'hidden_size': 98, 'dropout': 0.3851476461486461, 'hidden_continuous_size': 57, 'attention_head_size': 1, 'learning_rate': 0.005619147934442745}. Best is trial 15 with value: 0.05583231523633003.
LOCAL_RANK: 0 - CUDA_VISIBLE_DEVICES: [0]
[I 2023-12-15 18:40:47,846] Trial 17 finished with value: 0.07536318153142929 and parameters: {'gradient_clip_val': 0.6768247982781476, 'hidden_size': 49, 'dropout': 0.30185555998437, 'hidden_continuous_size': 43, 'attention_head_size': 3, 'learning_rate': 0.022291318068625905}. Best is trial 15 with value: 0.05583231523633003.
LOCAL_RANK: 0 - CUDA_VISIBLE_DEVICES: [0]
[I 2023-12-15 18:41:41,760] Trial 18 finished with value: 0.0694127306342125 and parameters: {'gradient_clip_val': 0.6883132623241077, 'hidden_size': 49, 'dropout': 0.31384461636780536, 'hidden_continuous_size': 25, 'attention_head_size': 3, 'learning_rate': 0.044817997876358186}. Best is trial 15 with value: 0.05583231523633003.
LOCAL_RANK: 0 - CUDA_VISIBLE_DEVICES: [0]
