[I 2023-12-27 11:36:31,057] Trial 4 finished with value: 3.4794723987579346 and parameters: {'gradient_clip_val': 0.516847916684693, 'hidden_size': 5, 'dropout': 0.12509853497676496, 'hidden_continuous_size': 5, 'attention_head_size': 4, 'learning_rate': 0.0009777433812469848}. Best is trial 0 with value: 1.8201016187667847.
[I 2023-12-27 11:36:31,394] Trial 5 finished with value: 5.48516845703125 and parameters: {'gradient_clip_val': 0.9703390335075255, 'hidden_size': 9, 'dropout': 0.24749447184159734, 'hidden_continuous_size': 7, 'attention_head_size': 4, 'learning_rate': 0.04111233155672767}. Best is trial 0 with value: 1.8201016187667847.
[I 2023-12-27 11:36:31,716] Trial 6 finished with value: 3.391130208969116 and parameters: {'gradient_clip_val': 0.4643437518809499, 'hidden_size': 8, 'dropout': 0.3424247902875555, 'hidden_continuous_size': 5, 'attention_head_size': 1, 'learning_rate': 0.04898152961029627}. Best is trial 0 with value: 1.8201016187667847.
[I 2023-12-27 11:36:32,147] Trial 7 finished with value: 3.795132637023926 and parameters: {'gradient_clip_val': 0.24357268293805734, 'hidden_size': 84, 'dropout': 0.14903466512659086, 'hidden_continuous_size': 13, 'attention_head_size': 4, 'learning_rate': 0.05194331113449354}. Best is trial 0 with value: 1.8201016187667847.
[I 2023-12-27 11:36:32,476] Trial 8 finished with value: 3.6260910034179688 and parameters: {'gradient_clip_val': 0.3674679299310481, 'hidden_size': 10, 'dropout': 0.36696023853919146, 'hidden_continuous_size': 5, 'attention_head_size': 1, 'learning_rate': 0.0007333462432196598}. Best is trial 0 with value: 1.8201016187667847.
[I 2023-12-27 11:36:32,791] Trial 9 finished with value: 4.7812347412109375 and parameters: {'gradient_clip_val': 0.1570485556387598, 'hidden_size': 18, 'dropout': 0.3108636117207074, 'hidden_continuous_size': 18, 'attention_head_size': 1, 'learning_rate': 0.0955489313354528}. Best is trial 0 with value: 1.8201016187667847.
[I 2023-12-27 11:36:33,367] Trial 10 finished with value: 3.6810519695281982 and parameters: {'gradient_clip_val': 0.7625377102643411, 'hidden_size': 19, 'dropout': 0.483049265801824, 'hidden_continuous_size': 7, 'attention_head_size': 2, 'learning_rate': 0.003295554343298844}. Best is trial 0 with value: 1.8201016187667847.
[I 2023-12-27 11:36:33,693] Trial 11 finished with value: 4.629031658172607 and parameters: {'gradient_clip_val': 0.11520138710196619, 'hidden_size': 5, 'dropout': 0.4892551202846038, 'hidden_continuous_size': 5, 'attention_head_size': 3, 'learning_rate': 0.007314482027667828}. Best is trial 0 with value: 1.8201016187667847.
[I 2023-12-27 11:36:34,012] Trial 12 finished with value: 4.386009216308594 and parameters: {'gradient_clip_val': 0.10017447184768612, 'hidden_size': 5, 'dropout': 0.22157716986229659, 'hidden_continuous_size': 5, 'attention_head_size': 3, 'learning_rate': 0.0036899092760402053}. Best is trial 0 with value: 1.8201016187667847.
[I 2023-12-27 11:36:34,373] Trial 13 finished with value: 3.5980892181396484 and parameters: {'gradient_clip_val': 0.20445035842349943, 'hidden_size': 11, 'dropout': 0.41760235359622544, 'hidden_continuous_size': 6, 'attention_head_size': 2, 'learning_rate': 0.013299643676761013}. Best is trial 0 with value: 1.8201016187667847.
[I 2023-12-27 11:36:34,736] Trial 14 finished with value: 3.3836638927459717 and parameters: {'gradient_clip_val': 0.14764543374879105, 'hidden_size': 7, 'dropout': 0.2465073040839047, 'hidden_continuous_size': 5, 'attention_head_size': 3, 'learning_rate': 0.004170924598388398}. Best is trial 0 with value: 1.8201016187667847.
[I 2023-12-27 11:36:35,102] Trial 15 finished with value: 4.693143367767334 and parameters: {'gradient_clip_val': 0.27065184606100184, 'hidden_size': 14, 'dropout': 0.19390781554898284, 'hidden_continuous_size': 6, 'attention_head_size': 2, 'learning_rate': 0.0014387866458183943}. Best is trial 0 with value: 1.8201016187667847.
[I 2023-12-27 11:36:35,475] Trial 16 finished with value: 3.841719388961792 and parameters: {'gradient_clip_val': 0.20161609300138597, 'hidden_size': 32, 'dropout': 0.2855492187483149, 'hidden_continuous_size': 9, 'attention_head_size': 3, 'learning_rate': 0.0019581209636296447}. Best is trial 0 with value: 1.8201016187667847.
[I 2023-12-27 11:36:35,827] Trial 17 finished with value: 3.5378119945526123 and parameters: {'gradient_clip_val': 0.5969455466806549, 'hidden_size': 7, 'dropout': 0.16778868704359637, 'hidden_continuous_size': 5, 'attention_head_size': 2, 'learning_rate': 0.01603961212143735}. Best is trial 0 with value: 1.8201016187667847.
[I 2023-12-27 11:36:36,194] Trial 18 finished with value: 4.027266025543213 and parameters: {'gradient_clip_val': 0.36007745347354986, 'hidden_size': 13, 'dropout': 0.42251711062255415, 'hidden_continuous_size': 6, 'attention_head_size': 3, 'learning_rate': 0.0005454660091620474}. Best is trial 0 with value: 1.8201016187667847.
[I 2023-12-27 11:36:36,544] Trial 19 finished with value: 4.326318264007568 and parameters: {'gradient_clip_val': 0.6586223819070058, 'hidden_size': 7, 'dropout': 0.1048013999336489, 'hidden_continuous_size': 5, 'attention_head_size': 2, 'learning_rate': 0.0052609358758469}. Best is trial 0 with value: 1.8201016187667847.
[I 2023-12-27 11:36:36,862] Trial 20 finished with value: 4.261096477508545 and parameters: {'gradient_clip_val': 0.41442470999595554, 'hidden_size': 5, 'dropout': 0.2018599602594331, 'hidden_continuous_size': 5, 'attention_head_size': 4, 'learning_rate': 0.0072034594607628235}. Best is trial 0 with value: 1.8201016187667847.
[I 2023-12-27 11:36:37,212] Trial 21 finished with value: 4.245666027069092 and parameters: {'gradient_clip_val': 0.14751027777697928, 'hidden_size': 7, 'dropout': 0.25994848874262666, 'hidden_continuous_size': 5, 'attention_head_size': 3, 'learning_rate': 0.003589919991351713}. Best is trial 0 with value: 1.8201016187667847.
[I 2023-12-27 11:36:37,561] Trial 22 finished with value: 3.2793216705322266 and parameters: {'gradient_clip_val': 0.13243165278964725, 'hidden_size': 7, 'dropout': 0.2407978861336442, 'hidden_continuous_size': 5, 'attention_head_size': 3, 'learning_rate': 0.0027343134596536896}. Best is trial 0 with value: 1.8201016187667847.
[I 2023-12-27 11:36:37,957] Trial 23 finished with value: 3.987689733505249 and parameters: {'gradient_clip_val': 0.1224333270335531, 'hidden_size': 10, 'dropout': 0.16201360341477578, 'hidden_continuous_size': 6, 'attention_head_size': 2, 'learning_rate': 0.002996466521614217}. Best is trial 0 with value: 1.8201016187667847.
[I 2023-12-27 11:36:38,553] Trial 24 finished with value: 3.765477180480957 and parameters: {'gradient_clip_val': 0.17862660799859706, 'hidden_size': 6, 'dropout': 0.2864758869904865, 'hidden_continuous_size': 5, 'attention_head_size': 4, 'learning_rate': 0.002106150444507506}. Best is trial 0 with value: 1.8201016187667847.
[I 2023-12-27 11:36:38,926] Trial 25 finished with value: 3.917806625366211 and parameters: {'gradient_clip_val': 0.10054982769564752, 'hidden_size': 9, 'dropout': 0.20953136496978564, 'hidden_continuous_size': 6, 'attention_head_size': 3, 'learning_rate': 0.005660070282613758}. Best is trial 0 with value: 1.8201016187667847.
[I 2023-12-27 11:36:39,300] Trial 26 finished with value: 4.440216541290283 and parameters: {'gradient_clip_val': 0.12402948101696659, 'hidden_size': 6, 'dropout': 0.17164301124748682, 'hidden_continuous_size': 5, 'attention_head_size': 2, 'learning_rate': 0.0010942297348882045}. Best is trial 0 with value: 1.8201016187667847.
[I 2023-12-27 11:36:39,678] Trial 27 finished with value: 4.809891223907471 and parameters: {'gradient_clip_val': 0.24112855421954843, 'hidden_size': 12, 'dropout': 0.22620724670677203, 'hidden_continuous_size': 6, 'attention_head_size': 3, 'learning_rate': 0.0027118423249456146}. Best is trial 0 with value: 1.8201016187667847.
[I 2023-12-27 11:36:40,089] Trial 28 finished with value: 3.567133665084839 and parameters: {'gradient_clip_val': 0.1787378962546439, 'hidden_size': 9, 'dropout': 0.196529837250453, 'hidden_continuous_size': 5, 'attention_head_size': 4, 'learning_rate': 0.009129571756003842}. Best is trial 0 with value: 1.8201016187667847.
[I 2023-12-27 11:36:40,474] Trial 29 finished with value: 3.1645920276641846 and parameters: {'gradient_clip_val': 0.32108999607339994, 'hidden_size': 6, 'dropout': 0.3339089754118256, 'hidden_continuous_size': 5, 'attention_head_size': 4, 'learning_rate': 0.005095874869383287}. Best is trial 0 with value: 1.8201016187667847.
[I 2023-12-27 11:36:40,865] Trial 30 finished with value: 2.6721150875091553 and parameters: {'gradient_clip_val': 0.3134845844320738, 'hidden_size': 15, 'dropout': 0.3204111312969574, 'hidden_continuous_size': 7, 'attention_head_size': 4, 'learning_rate': 0.009917173486251343}. Best is trial 0 with value: 1.8201016187667847.
[I 2023-12-27 11:36:41,276] Trial 31 finished with value: 4.436534404754639 and parameters: {'gradient_clip_val': 0.30942881686367724, 'hidden_size': 15, 'dropout': 0.33259860764776966, 'hidden_continuous_size': 7, 'attention_head_size': 4, 'learning_rate': 0.009170862443460279}. Best is trial 0 with value: 1.8201016187667847.
[I 2023-12-27 11:36:41,650] Trial 32 finished with value: 4.632358074188232 and parameters: {'gradient_clip_val': 0.31996857760630154, 'hidden_size': 6, 'dropout': 0.3092085593709438, 'hidden_continuous_size': 5, 'attention_head_size': 4, 'learning_rate': 0.005119157793570987}. Best is trial 0 with value: 1.8201016187667847.
[I 2023-12-27 11:36:42,022] Trial 33 finished with value: 5.139636516571045 and parameters: {'gradient_clip_val': 0.5015892388002137, 'hidden_size': 11, 'dropout': 0.27383246024139296, 'hidden_continuous_size': 6, 'attention_head_size': 4, 'learning_rate': 0.015175628532589608}. Best is trial 0 with value: 1.8201016187667847.
[I 2023-12-27 11:36:42,351] Trial 34 finished with value: 4.850295543670654 and parameters: {'gradient_clip_val': 0.40657017201319967, 'hidden_size': 5, 'dropout': 0.39634916898498534, 'hidden_continuous_size': 5, 'attention_head_size': 4, 'learning_rate': 0.012047100552052263}. Best is trial 0 with value: 1.8201016187667847.
[I 2023-12-27 11:36:42,718] Trial 35 finished with value: 4.617625713348389 and parameters: {'gradient_clip_val': 0.5340669323912417, 'hidden_size': 9, 'dropout': 0.3605315011335978, 'hidden_continuous_size': 7, 'attention_head_size': 4, 'learning_rate': 0.019084753229409335}. Best is trial 0 with value: 1.8201016187667847.
[I 2023-12-27 11:36:43,077] Trial 36 finished with value: 4.326990127563477 and parameters: {'gradient_clip_val': 0.44792791785968267, 'hidden_size': 8, 'dropout': 0.3266172994333851, 'hidden_continuous_size': 5, 'attention_head_size': 4, 'learning_rate': 0.0054999495087963346}. Best is trial 0 with value: 1.8201016187667847.
[I 2023-12-27 11:36:43,486] Trial 37 finished with value: 3.621628522872925 and parameters: {'gradient_clip_val': 0.28810070901414153, 'hidden_size': 25, 'dropout': 0.2984051146378044, 'hidden_continuous_size': 8, 'attention_head_size': 4, 'learning_rate': 0.007835457280648881}. Best is trial 0 with value: 1.8201016187667847.
[I 2023-12-27 11:36:44,082] Trial 38 finished with value: 5.43383264541626 and parameters: {'gradient_clip_val': 0.38872938407603347, 'hidden_size': 6, 'dropout': 0.2655053227555878, 'hidden_continuous_size': 5, 'attention_head_size': 1, 'learning_rate': 0.010996731951219281}. Best is trial 0 with value: 1.8201016187667847.
[I 2023-12-27 11:36:44,456] Trial 39 finished with value: 3.8298282623291016 and parameters: {'gradient_clip_val': 0.3416366797880466, 'hidden_size': 12, 'dropout': 0.35635572268453825, 'hidden_continuous_size': 8, 'attention_head_size': 4, 'learning_rate': 0.004571847265617418}. Best is trial 0 with value: 1.8201016187667847.
[I 2023-12-27 11:36:44,813] Trial 40 finished with value: 4.098999977111816 and parameters: {'gradient_clip_val': 0.4568392916163913, 'hidden_size': 16, 'dropout': 0.45053123313693094, 'hidden_continuous_size': 10, 'attention_head_size': 4, 'learning_rate': 0.006319422267136154}. Best is trial 0 with value: 1.8201016187667847.
[I 2023-12-27 11:36:45,177] Trial 41 finished with value: 3.6885881423950195 and parameters: {'gradient_clip_val': 0.24757448713996258, 'hidden_size': 8, 'dropout': 0.32153741118766105, 'hidden_continuous_size': 5, 'attention_head_size': 3, 'learning_rate': 0.00245475137617632}. Best is trial 0 with value: 1.8201016187667847.
[I 2023-12-27 11:36:45,547] Trial 42 finished with value: 3.9074547290802 and parameters: {'gradient_clip_val': 0.3562281074896616, 'hidden_size': 10, 'dropout': 0.12596559514949146, 'hidden_continuous_size': 6, 'attention_head_size': 4, 'learning_rate': 0.0037731162912677044}. Best is trial 0 with value: 1.8201016187667847.
[I 2023-12-27 11:36:45,867] Trial 43 finished with value: 4.343932628631592 and parameters: {'gradient_clip_val': 0.8485232065689671, 'hidden_size': 5, 'dropout': 0.37909069618258734, 'hidden_continuous_size': 5, 'attention_head_size': 3, 'learning_rate': 0.002910879613170022}. Best is trial 0 with value: 1.8201016187667847.
[I 2023-12-27 11:36:46,222] Trial 44 finished with value: 5.322055816650391 and parameters: {'gradient_clip_val': 0.514433277857883, 'hidden_size': 6, 'dropout': 0.3446454209806349, 'hidden_continuous_size': 5, 'attention_head_size': 4, 'learning_rate': 0.004421600756279167}. Best is trial 0 with value: 1.8201016187667847.
[I 2023-12-27 11:36:46,588] Trial 45 finished with value: 4.551875114440918 and parameters: {'gradient_clip_val': 0.13430448705352832, 'hidden_size': 8, 'dropout': 0.30195045346255145, 'hidden_continuous_size': 7, 'attention_head_size': 2, 'learning_rate': 0.006512122623122637}. Best is trial 0 with value: 1.8201016187667847.
[I 2023-12-27 11:36:46,941] Trial 46 finished with value: 4.251877784729004 and parameters: {'gradient_clip_val': 0.11084642206378725, 'hidden_size': 11, 'dropout': 0.248189677466546, 'hidden_continuous_size': 6, 'attention_head_size': 1, 'learning_rate': 0.0014908830560465833}. Best is trial 0 with value: 1.8201016187667847.
[I 2023-12-27 11:36:47,302] Trial 47 finished with value: 3.888029098510742 and parameters: {'gradient_clip_val': 0.13412891944869465, 'hidden_size': 7, 'dropout': 0.3442570379973894, 'hidden_continuous_size': 5, 'attention_head_size': 3, 'learning_rate': 0.003357429793043143}. Best is trial 0 with value: 1.8201016187667847.
[I 2023-12-27 11:36:47,629] Trial 48 finished with value: 3.7780323028564453 and parameters: {'gradient_clip_val': 0.39139708657319194, 'hidden_size': 5, 'dropout': 0.4807130100605802, 'hidden_continuous_size': 5, 'attention_head_size': 2, 'learning_rate': 0.004108881848999731}. Best is trial 0 with value: 1.8201016187667847.
[I 2023-12-27 11:36:47,994] Trial 49 finished with value: 4.550318717956543 and parameters: {'gradient_clip_val': 0.27555708620687314, 'hidden_size': 13, 'dropout': 0.3778061586792644, 'hidden_continuous_size': 10, 'attention_head_size': 4, 'learning_rate': 0.002369999349894151}. Best is trial 0 with value: 1.8201016187667847.
[I 2023-12-27 11:36:48,100] A new study created in memory with name: no-name-dc6591b4-fd64-49da-b11d-713ac106b98a
/home/le004/conda/anaconda3/envs/tsff_env/lib/python3.9/site-packages/lightning/fabric/plugins/environments/slurm.py:191: The `srun` command is available on your system but is not used. HINT: If your intention is to run Lightning on SLURM, prepend your python command with `srun` like so: srun python /home/le004/master_thesis/git/TSFusionForecast/code/ ...
[I 2023-12-27 11:37:18,935] Trial 0 finished with value: 0.1519877165555954 and parameters: {'gradient_clip_val': 0.5317844848059621, 'hidden_size': 11, 'dropout': 0.31439899228125323, 'hidden_continuous_size': 7, 'attention_head_size': 3, 'learning_rate': 0.02118201150234275}. Best is trial 0 with value: 0.1519877165555954.
[I 2023-12-27 11:37:33,791] Trial 1 finished with value: 0.8962176442146301 and parameters: {'gradient_clip_val': 0.15676063901318088, 'hidden_size': 97, 'dropout': 0.28014896986223686, 'hidden_continuous_size': 12, 'attention_head_size': 2, 'learning_rate': 0.0012887489568606642}. Best is trial 0 with value: 0.1519877165555954.
[I 2023-12-27 11:37:34,171] Trial 2 finished with value: 3.0588014125823975 and parameters: {'gradient_clip_val': 0.17047466658498697, 'hidden_size': 41, 'dropout': 0.2549302933275207, 'hidden_continuous_size': 6, 'attention_head_size': 2, 'learning_rate': 0.0013559550175514768}. Best is trial 0 with value: 0.1519877165555954.
[I 2023-12-27 11:37:34,574] Trial 3 finished with value: 2.7462527751922607 and parameters: {'gradient_clip_val': 0.438578686586878, 'hidden_size': 71, 'dropout': 0.4395657019572363, 'hidden_continuous_size': 6, 'attention_head_size': 1, 'learning_rate': 0.002399557016498723}. Best is trial 0 with value: 0.1519877165555954.
[I 2023-12-27 11:37:34,916] Trial 4 finished with value: 3.003755569458008 and parameters: {'gradient_clip_val': 0.861753165744315, 'hidden_size': 7, 'dropout': 0.4440047875841455, 'hidden_continuous_size': 5, 'attention_head_size': 2, 'learning_rate': 0.025273830490945774}. Best is trial 0 with value: 0.1519877165555954.
[I 2023-12-27 11:37:35,259] Trial 5 finished with value: 2.337765693664551 and parameters: {'gradient_clip_val': 0.8264088014443677, 'hidden_size': 11, 'dropout': 0.32379837199704387, 'hidden_continuous_size': 8, 'attention_head_size': 4, 'learning_rate': 0.011867702328579633}. Best is trial 0 with value: 0.1519877165555954.
[I 2023-12-27 11:37:35,587] Trial 6 finished with value: 3.16438889503479 and parameters: {'gradient_clip_val': 0.14956136071483636, 'hidden_size': 8, 'dropout': 0.32978797469607113, 'hidden_continuous_size': 5, 'attention_head_size': 1, 'learning_rate': 0.03800890357727592}. Best is trial 0 with value: 0.1519877165555954.
[I 2023-12-27 11:37:35,902] Trial 7 finished with value: 2.9214725494384766 and parameters: {'gradient_clip_val': 0.1528585548608795, 'hidden_size': 5, 'dropout': 0.4368826276356793, 'hidden_continuous_size': 5, 'attention_head_size': 4, 'learning_rate': 0.0012521388989392274}. Best is trial 0 with value: 0.1519877165555954.
[I 2023-12-27 11:37:36,397] Trial 8 finished with value: 3.6810872554779053 and parameters: {'gradient_clip_val': 0.18988917905659752, 'hidden_size': 136, 'dropout': 0.3760479159253861, 'hidden_continuous_size': 5, 'attention_head_size': 1, 'learning_rate': 0.003493812602676349}. Best is trial 0 with value: 0.1519877165555954.
[I 2023-12-27 11:37:36,751] Trial 9 finished with value: 3.304800033569336 and parameters: {'gradient_clip_val': 0.26997416148908104, 'hidden_size': 9, 'dropout': 0.25693007742222085, 'hidden_continuous_size': 5, 'attention_head_size': 2, 'learning_rate': 0.00722038622037586}. Best is trial 0 with value: 0.1519877165555954.
[I 2023-12-27 11:37:37,125] Trial 10 finished with value: 3.3750247955322266 and parameters: {'gradient_clip_val': 0.47103902709263795, 'hidden_size': 21, 'dropout': 0.11599083459500564, 'hidden_continuous_size': 18, 'attention_head_size': 3, 'learning_rate': 0.07202249541677773}. Best is trial 0 with value: 0.1519877165555954.
[I 2023-12-27 11:37:37,726] Trial 11 finished with value: 3.0885496139526367 and parameters: {'gradient_clip_val': 0.10380242007162355, 'hidden_size': 22, 'dropout': 0.23423675682707218, 'hidden_continuous_size': 11, 'attention_head_size': 3, 'learning_rate': 0.0005393594065343125}. Best is trial 0 with value: 0.1519877165555954.
[I 2023-12-27 11:37:38,278] Trial 12 finished with value: 3.7697670459747314 and parameters: {'gradient_clip_val': 0.2792615667291404, 'hidden_size': 144, 'dropout': 0.20994225715974948, 'hidden_continuous_size': 40, 'attention_head_size': 3, 'learning_rate': 0.012660817627815672}. Best is trial 0 with value: 0.1519877165555954.
[I 2023-12-27 11:37:38,659] Trial 13 finished with value: 2.469296455383301 and parameters: {'gradient_clip_val': 0.4811693008878034, 'hidden_size': 13, 'dropout': 0.364847463226215, 'hidden_continuous_size': 8, 'attention_head_size': 3, 'learning_rate': 0.004855449940213177}. Best is trial 0 with value: 0.1519877165555954.
[I 2023-12-27 11:37:39,048] Trial 14 finished with value: 2.1355068683624268 and parameters: {'gradient_clip_val': 0.1012993611559652, 'hidden_size': 40, 'dropout': 0.4936712639281959, 'hidden_continuous_size': 13, 'attention_head_size': 2, 'learning_rate': 0.017786538009765738}. Best is trial 0 with value: 0.1519877165555954.
[I 2023-12-27 11:37:39,439] Trial 15 finished with value: 2.5757505893707275 and parameters: {'gradient_clip_val': 0.3523939031228912, 'hidden_size': 14, 'dropout': 0.2929216247673769, 'hidden_continuous_size': 7, 'attention_head_size': 4, 'learning_rate': 0.006271900918457923}. Best is trial 0 with value: 0.1519877165555954.
[I 2023-12-27 11:37:39,926] Trial 16 finished with value: 2.2882211208343506 and parameters: {'gradient_clip_val': 0.7327020411430689, 'hidden_size': 93, 'dropout': 0.18964699624866432, 'hidden_continuous_size': 25, 'attention_head_size': 2, 'learning_rate': 0.05008068863479412}. Best is trial 0 with value: 0.1519877165555954.
[I 2023-12-27 11:37:40,328] Trial 17 finished with value: 3.2003536224365234 and parameters: {'gradient_clip_val': 0.5881132897454846, 'hidden_size': 34, 'dropout': 0.2891051062650021, 'hidden_continuous_size': 10, 'attention_head_size': 3, 'learning_rate': 0.07905505253302687}. Best is trial 0 with value: 0.1519877165555954.
[I 2023-12-27 11:37:40,741] Trial 18 finished with value: 2.90933895111084 and parameters: {'gradient_clip_val': 0.22636391200476186, 'hidden_size': 51, 'dropout': 0.18114081402529464, 'hidden_continuous_size': 17, 'attention_head_size': 3, 'learning_rate': 0.027050579825004636}. Best is trial 0 with value: 0.1519877165555954.
