[I 2023-12-26 16:09:10,284] Trial 26 finished with value: 1.6695185899734497 and parameters: {'gradient_clip_val': 0.8344584242717696, 'hidden_size': 13, 'dropout': 0.1618042349952657, 'hidden_continuous_size': 7, 'attention_head_size': 3, 'learning_rate': 0.005747897738280708}. Best is trial 0 with value: 0.02593986690044403.
[I 2023-12-26 16:09:12,426] Trial 27 finished with value: 2.1873207092285156 and parameters: {'gradient_clip_val': 0.6594859380150581, 'hidden_size': 9, 'dropout': 0.10832969350109115, 'hidden_continuous_size': 6, 'attention_head_size': 4, 'learning_rate': 0.005866193978200639}. Best is trial 0 with value: 0.02593986690044403.
[I 2023-12-26 16:09:14,301] Trial 28 finished with value: 2.97505784034729 and parameters: {'gradient_clip_val': 0.5542945239916087, 'hidden_size': 8, 'dropout': 0.1320469971875564, 'hidden_continuous_size': 5, 'attention_head_size': 3, 'learning_rate': 0.01061294396674835}. Best is trial 0 with value: 0.02593986690044403.
[I 2023-12-26 16:09:16,080] Trial 29 finished with value: 2.2896173000335693 and parameters: {'gradient_clip_val': 0.37819246669723816, 'hidden_size': 5, 'dropout': 0.18105658309703312, 'hidden_continuous_size': 5, 'attention_head_size': 4, 'learning_rate': 0.0024187947388820403}. Best is trial 0 with value: 0.02593986690044403.
[I 2023-12-26 16:09:18,011] Trial 30 finished with value: 2.3688454627990723 and parameters: {'gradient_clip_val': 0.5369629547187256, 'hidden_size': 6, 'dropout': 0.22703429983389106, 'hidden_continuous_size': 5, 'attention_head_size': 4, 'learning_rate': 0.0045278934926845935}. Best is trial 0 with value: 0.02593986690044403.
[I 2023-12-26 16:09:20,088] Trial 31 finished with value: 2.0508952140808105 and parameters: {'gradient_clip_val': 0.8527025526141445, 'hidden_size': 13, 'dropout': 0.1598806244095184, 'hidden_continuous_size': 7, 'attention_head_size': 3, 'learning_rate': 0.007492839210857793}. Best is trial 0 with value: 0.02593986690044403.
[I 2023-12-26 16:09:22,174] Trial 32 finished with value: 2.6339402198791504 and parameters: {'gradient_clip_val': 0.680768121686424, 'hidden_size': 13, 'dropout': 0.18927253923356285, 'hidden_continuous_size': 7, 'attention_head_size': 3, 'learning_rate': 0.0048108941356838335}. Best is trial 0 with value: 0.02593986690044403.
[I 2023-12-26 16:09:24,327] Trial 33 finished with value: 2.467600107192993 and parameters: {'gradient_clip_val': 0.8502696056996282, 'hidden_size': 19, 'dropout': 0.1345013357255456, 'hidden_continuous_size': 6, 'attention_head_size': 3, 'learning_rate': 0.006376725223157826}. Best is trial 0 with value: 0.02593986690044403.
[I 2023-12-26 16:09:26,585] Trial 34 finished with value: 2.402834415435791 and parameters: {'gradient_clip_val': 0.9065393435389791, 'hidden_size': 12, 'dropout': 0.17737550821903808, 'hidden_continuous_size': 7, 'attention_head_size': 2, 'learning_rate': 0.0025918921230083498}. Best is trial 0 with value: 0.02593986690044403.
[I 2023-12-26 16:09:28,769] Trial 35 finished with value: 2.374657154083252 and parameters: {'gradient_clip_val': 0.7539188050157015, 'hidden_size': 15, 'dropout': 0.23556097519685348, 'hidden_continuous_size': 9, 'attention_head_size': 4, 'learning_rate': 0.014201595505882698}. Best is trial 0 with value: 0.02593986690044403.
[I 2023-12-26 16:09:30,909] Trial 36 finished with value: 2.108372449874878 and parameters: {'gradient_clip_val': 0.9941368532388462, 'hidden_size': 19, 'dropout': 0.19483901344222423, 'hidden_continuous_size': 8, 'attention_head_size': 3, 'learning_rate': 0.003913809618330439}. Best is trial 0 with value: 0.02593986690044403.
[I 2023-12-26 16:09:33,347] Trial 37 finished with value: 2.6584408283233643 and parameters: {'gradient_clip_val': 0.8092810174385708, 'hidden_size': 27, 'dropout': 0.14834286936976593, 'hidden_continuous_size': 9, 'attention_head_size': 4, 'learning_rate': 0.007705612999302084}. Best is trial 0 with value: 0.02593986690044403.
[I 2023-12-26 16:09:35,335] Trial 38 finished with value: 1.6772764921188354 and parameters: {'gradient_clip_val': 0.6415893049319173, 'hidden_size': 10, 'dropout': 0.1741376689104775, 'hidden_continuous_size': 6, 'attention_head_size': 2, 'learning_rate': 0.0051881606562870965}. Best is trial 0 with value: 0.02593986690044403.
[I 2023-12-26 16:09:37,400] Trial 39 finished with value: 2.3290669918060303 and parameters: {'gradient_clip_val': 0.6082364135169773, 'hidden_size': 12, 'dropout': 0.21575692746288289, 'hidden_continuous_size': 7, 'attention_head_size': 4, 'learning_rate': 0.0033598160572563098}. Best is trial 0 with value: 0.02593986690044403.
[I 2023-12-26 16:09:39,554] Trial 40 finished with value: 2.3157694339752197 and parameters: {'gradient_clip_val': 0.5035134684376578, 'hidden_size': 18, 'dropout': 0.24552735673335435, 'hidden_continuous_size': 10, 'attention_head_size': 3, 'learning_rate': 0.011967673760325606}. Best is trial 0 with value: 0.02593986690044403.
[I 2023-12-26 16:09:41,561] Trial 41 finished with value: 1.7371349334716797 and parameters: {'gradient_clip_val': 0.6201223397732524, 'hidden_size': 10, 'dropout': 0.1768282617362805, 'hidden_continuous_size': 6, 'attention_head_size': 2, 'learning_rate': 0.005601558678166126}. Best is trial 0 with value: 0.02593986690044403.
[I 2023-12-26 16:09:43,525] Trial 42 finished with value: 2.617553472518921 and parameters: {'gradient_clip_val': 0.6801233807184567, 'hidden_size': 9, 'dropout': 0.20106473593915505, 'hidden_continuous_size': 6, 'attention_head_size': 2, 'learning_rate': 0.005199490139256236}. Best is trial 0 with value: 0.02593986690044403.
[I 2023-12-26 16:09:45,437] Trial 43 finished with value: 2.034975528717041 and parameters: {'gradient_clip_val': 0.7841262512087241, 'hidden_size': 7, 'dropout': 0.12038949882907704, 'hidden_continuous_size': 6, 'attention_head_size': 2, 'learning_rate': 0.0083595132424251}. Best is trial 0 with value: 0.02593986690044403.
[I 2023-12-26 16:09:47,518] Trial 44 finished with value: 1.869680404663086 and parameters: {'gradient_clip_val': 0.9023012335245798, 'hidden_size': 14, 'dropout': 0.14655764885216638, 'hidden_continuous_size': 7, 'attention_head_size': 2, 'learning_rate': 0.004749003044425866}. Best is trial 0 with value: 0.02593986690044403.
[I 2023-12-26 16:09:49,550] Trial 45 finished with value: 2.6993539333343506 and parameters: {'gradient_clip_val': 0.6206537117742974, 'hidden_size': 11, 'dropout': 0.2716807344809239, 'hidden_continuous_size': 7, 'attention_head_size': 3, 'learning_rate': 0.013143154417424778}. Best is trial 0 with value: 0.02593986690044403.
[I 2023-12-26 16:09:51,912] Trial 46 finished with value: 2.8033621311187744 and parameters: {'gradient_clip_val': 0.48968179847069804, 'hidden_size': 15, 'dropout': 0.16847029646321324, 'hidden_continuous_size': 7, 'attention_head_size': 2, 'learning_rate': 0.018104231674510144}. Best is trial 0 with value: 0.02593986690044403.
[I 2023-12-26 16:09:54,202] Trial 47 finished with value: 2.0917534828186035 and parameters: {'gradient_clip_val': 0.6994041830537074, 'hidden_size': 25, 'dropout': 0.14523137088779997, 'hidden_continuous_size': 8, 'attention_head_size': 3, 'learning_rate': 0.006473502597152954}. Best is trial 0 with value: 0.02593986690044403.
[I 2023-12-26 16:09:56,406] Trial 48 finished with value: 2.2277231216430664 and parameters: {'gradient_clip_val': 0.47920058476051697, 'hidden_size': 21, 'dropout': 0.19576715710743875, 'hidden_continuous_size': 10, 'attention_head_size': 2, 'learning_rate': 0.004148255024351384}. Best is trial 0 with value: 0.02593986690044403.
[I 2023-12-26 16:09:58,893] Trial 49 finished with value: 2.3216021060943604 and parameters: {'gradient_clip_val': 0.570156870111916, 'hidden_size': 29, 'dropout': 0.12137628410658155, 'hidden_continuous_size': 11, 'attention_head_size': 3, 'learning_rate': 0.009802773684377826}. Best is trial 0 with value: 0.02593986690044403.
[I 2023-12-26 16:09:59,027] A new study created in memory with name: no-name-d431d75f-c217-4e40-9797-93cc16d2e2fb
/home/le004/conda/anaconda3/envs/tsff_env/lib/python3.9/site-packages/lightning/fabric/plugins/environments/slurm.py:191: The `srun` command is available on your system but is not used. HINT: If your intention is to run Lightning on SLURM, prepend your python command with `srun` like so: srun python /home/le004/master_thesis/git/TSFusionForecast/code/ ...
[I 2023-12-26 16:12:13,830] Trial 0 finished with value: 115.57083892822266 and parameters: {'gradient_clip_val': 0.18716980149682375, 'hidden_size': 9, 'dropout': 0.11308127035308582, 'hidden_continuous_size': 8, 'attention_head_size': 1, 'learning_rate': 0.009204686035800103}. Best is trial 0 with value: 115.57083892822266.
[I 2023-12-26 16:12:16,168] Trial 1 finished with value: 410.9453430175781 and parameters: {'gradient_clip_val': 0.9335029218691838, 'hidden_size': 19, 'dropout': 0.4786164526850256, 'hidden_continuous_size': 16, 'attention_head_size': 1, 'learning_rate': 0.0007180704045160746}. Best is trial 0 with value: 115.57083892822266.
[I 2023-12-26 16:12:18,691] Trial 2 finished with value: 477.5493469238281 and parameters: {'gradient_clip_val': 0.3317391581338787, 'hidden_size': 40, 'dropout': 0.2482431894570425, 'hidden_continuous_size': 5, 'attention_head_size': 1, 'learning_rate': 0.05918565725443452}. Best is trial 0 with value: 115.57083892822266.
[I 2023-12-26 16:12:20,536] Trial 3 finished with value: 506.5749206542969 and parameters: {'gradient_clip_val': 0.12030518113287288, 'hidden_size': 8, 'dropout': 0.45476914233555354, 'hidden_continuous_size': 5, 'attention_head_size': 3, 'learning_rate': 0.08354035893443963}. Best is trial 0 with value: 115.57083892822266.
[I 2023-12-26 16:12:23,414] Trial 4 finished with value: 364.7093200683594 and parameters: {'gradient_clip_val': 0.5259062527392814, 'hidden_size': 44, 'dropout': 0.24882368749873807, 'hidden_continuous_size': 5, 'attention_head_size': 4, 'learning_rate': 0.0009121231300195084}. Best is trial 0 with value: 115.57083892822266.
[I 2023-12-26 16:12:25,997] Trial 5 finished with value: 487.0852355957031 and parameters: {'gradient_clip_val': 0.2786516554189147, 'hidden_size': 33, 'dropout': 0.33739845909037025, 'hidden_continuous_size': 18, 'attention_head_size': 4, 'learning_rate': 0.000711811489305346}. Best is trial 0 with value: 115.57083892822266.
[I 2023-12-26 16:12:30,990] Trial 6 finished with value: 464.8824462890625 and parameters: {'gradient_clip_val': 0.2718758313751296, 'hidden_size': 84, 'dropout': 0.3562181090268721, 'hidden_continuous_size': 5, 'attention_head_size': 3, 'learning_rate': 0.0005744135465555583}. Best is trial 0 with value: 115.57083892822266.
[I 2023-12-26 16:12:36,993] Trial 7 finished with value: 431.8720703125 and parameters: {'gradient_clip_val': 0.1780860270213746, 'hidden_size': 99, 'dropout': 0.15501151544761496, 'hidden_continuous_size': 14, 'attention_head_size': 2, 'learning_rate': 0.045587680968694255}. Best is trial 0 with value: 115.57083892822266.
[I 2023-12-26 16:12:38,984] Trial 8 finished with value: 435.8714294433594 and parameters: {'gradient_clip_val': 0.6734348811069535, 'hidden_size': 12, 'dropout': 0.17180939394461353, 'hidden_continuous_size': 6, 'attention_head_size': 3, 'learning_rate': 0.0009856006562683542}. Best is trial 0 with value: 115.57083892822266.
[I 2023-12-26 16:12:45,078] Trial 9 finished with value: 474.6269836425781 and parameters: {'gradient_clip_val': 0.4781638713996809, 'hidden_size': 98, 'dropout': 0.3399871277742919, 'hidden_continuous_size': 37, 'attention_head_size': 4, 'learning_rate': 0.0226547329567978}. Best is trial 0 with value: 115.57083892822266.
[I 2023-12-26 16:12:46,820] Trial 10 finished with value: 519.75244140625 and parameters: {'gradient_clip_val': 0.11511889196293104, 'hidden_size': 5, 'dropout': 0.10745108957392599, 'hidden_continuous_size': 5, 'attention_head_size': 2, 'learning_rate': 0.005839650950557811}. Best is trial 0 with value: 115.57083892822266.
[I 2023-12-26 16:12:48,899] Trial 11 finished with value: 470.5778503417969 and parameters: {'gradient_clip_val': 0.459819981263142, 'hidden_size': 18, 'dropout': 0.22963045238934884, 'hidden_continuous_size': 7, 'attention_head_size': 1, 'learning_rate': 0.0035744631230097633}. Best is trial 0 with value: 115.57083892822266.
[I 2023-12-26 16:12:51,645] Trial 12 finished with value: 421.3766174316406 and parameters: {'gradient_clip_val': 0.19018972889650468, 'hidden_size': 41, 'dropout': 0.10763278486647596, 'hidden_continuous_size': 8, 'attention_head_size': 2, 'learning_rate': 0.0025004738602945843}. Best is trial 0 with value: 115.57083892822266.
[I 2023-12-26 16:12:53,936] Trial 13 finished with value: 329.41448974609375 and parameters: {'gradient_clip_val': 0.47314187574873484, 'hidden_size': 10, 'dropout': 0.24427360246757948, 'hidden_continuous_size': 6, 'attention_head_size': 4, 'learning_rate': 0.011306750325930294}. Best is trial 0 with value: 115.57083892822266.
[I 2023-12-26 16:12:55,934] Trial 14 finished with value: 499.8855895996094 and parameters: {'gradient_clip_val': 0.34380661173786986, 'hidden_size': 9, 'dropout': 0.17466298028827099, 'hidden_continuous_size': 6, 'attention_head_size': 3, 'learning_rate': 0.01632309901980249}. Best is trial 0 with value: 115.57083892822266.
[I 2023-12-26 16:12:57,667] Trial 15 finished with value: 428.1240234375 and parameters: {'gradient_clip_val': 0.18694283056121247, 'hidden_size': 5, 'dropout': 0.21512885266436022, 'hidden_continuous_size': 5, 'attention_head_size': 2, 'learning_rate': 0.013084395554984135}. Best is trial 0 with value: 115.57083892822266.
[I 2023-12-26 16:12:59,682] Trial 16 finished with value: 363.00732421875 and parameters: {'gradient_clip_val': 0.23099191785291304, 'hidden_size': 13, 'dropout': 0.2747788359472238, 'hidden_continuous_size': 7, 'attention_head_size': 1, 'learning_rate': 0.008247120894743205}. Best is trial 0 with value: 115.57083892822266.
[I 2023-12-26 16:13:01,637] Trial 17 finished with value: 555.8268432617188 and parameters: {'gradient_clip_val': 0.15128058682203077, 'hidden_size': 7, 'dropout': 0.29744540123028995, 'hidden_continuous_size': 6, 'attention_head_size': 4, 'learning_rate': 0.02757623422902292}. Best is trial 0 with value: 115.57083892822266.
[I 2023-12-26 16:13:03,659] Trial 18 finished with value: 444.45654296875 and parameters: {'gradient_clip_val': 0.396249101075269, 'hidden_size': 11, 'dropout': 0.19138131287754412, 'hidden_continuous_size': 8, 'attention_head_size': 3, 'learning_rate': 0.010006337666905552}. Best is trial 0 with value: 115.57083892822266.
[I 2023-12-26 16:13:05,745] Trial 19 finished with value: 473.695068359375 and parameters: {'gradient_clip_val': 0.2464058809164147, 'hidden_size': 17, 'dropout': 0.1418944525002064, 'hidden_continuous_size': 9, 'attention_head_size': 2, 'learning_rate': 0.00621431291968861}. Best is trial 0 with value: 115.57083892822266.
[I 2023-12-26 16:13:07,717] Trial 20 finished with value: 398.8904113769531 and parameters: {'gradient_clip_val': 0.10481114127112665, 'hidden_size': 7, 'dropout': 0.19636585758188924, 'hidden_continuous_size': 5, 'attention_head_size': 4, 'learning_rate': 0.023281926809796745}. Best is trial 0 with value: 115.57083892822266.
[I 2023-12-26 16:13:09,753] Trial 21 finished with value: 439.736083984375 and parameters: {'gradient_clip_val': 0.23404269515623816, 'hidden_size': 13, 'dropout': 0.30262091935836044, 'hidden_continuous_size': 7, 'attention_head_size': 1, 'learning_rate': 0.009308055700847258}. Best is trial 0 with value: 115.57083892822266.
[I 2023-12-26 16:13:11,817] Trial 22 finished with value: 489.2086181640625 and parameters: {'gradient_clip_val': 0.22717739231105968, 'hidden_size': 14, 'dropout': 0.26680281433174347, 'hidden_continuous_size': 7, 'attention_head_size': 1, 'learning_rate': 0.007712517677180363}. Best is trial 0 with value: 115.57083892822266.
[I 2023-12-26 16:13:13,780] Trial 23 finished with value: 492.4156494140625 and parameters: {'gradient_clip_val': 0.3096170196346593, 'hidden_size': 10, 'dropout': 0.1347522284723736, 'hidden_continuous_size': 6, 'attention_head_size': 1, 'learning_rate': 0.014014904207252366}. Best is trial 0 with value: 115.57083892822266.
[I 2023-12-26 16:13:15,956] Trial 24 finished with value: 368.3808898925781 and parameters: {'gradient_clip_val': 0.14107439316935677, 'hidden_size': 24, 'dropout': 0.2142938613573075, 'hidden_continuous_size': 9, 'attention_head_size': 1, 'learning_rate': 0.004643641524299196}. Best is trial 0 with value: 115.57083892822266.
[I 2023-12-26 16:13:18,227] Trial 25 finished with value: 276.864013671875 and parameters: {'gradient_clip_val': 0.3738610744940083, 'hidden_size': 9, 'dropout': 0.15159956767206567, 'hidden_continuous_size': 6, 'attention_head_size': 2, 'learning_rate': 0.008858617243088718}. Best is trial 0 with value: 115.57083892822266.
[I 2023-12-26 16:13:20,124] Trial 26 finished with value: 435.2014465332031 and parameters: {'gradient_clip_val': 0.5779268079229055, 'hidden_size': 6, 'dropout': 0.10450218093361106, 'hidden_continuous_size': 5, 'attention_head_size': 2, 'learning_rate': 0.0033395499493998108}. Best is trial 0 with value: 115.57083892822266.
[I 2023-12-26 16:13:22,097] Trial 27 finished with value: 443.5003356933594 and parameters: {'gradient_clip_val': 0.3819574304408711, 'hidden_size': 9, 'dropout': 0.13842449234691834, 'hidden_continuous_size': 6, 'attention_head_size': 2, 'learning_rate': 0.01123990982443927}. Best is trial 0 with value: 115.57083892822266.
[I 2023-12-26 16:13:24,031] Trial 28 finished with value: 482.7389221191406 and parameters: {'gradient_clip_val': 0.42593115850494245, 'hidden_size': 6, 'dropout': 0.1664027210424163, 'hidden_continuous_size': 5, 'attention_head_size': 3, 'learning_rate': 0.017879534397896062}. Best is trial 0 with value: 115.57083892822266.
[I 2023-12-26 16:13:26,035] Trial 29 finished with value: 492.5606689453125 and parameters: {'gradient_clip_val': 0.785904227882071, 'hidden_size': 10, 'dropout': 0.19528236315689634, 'hidden_continuous_size': 6, 'attention_head_size': 2, 'learning_rate': 0.03061681305694328}. Best is trial 0 with value: 115.57083892822266.
[I 2023-12-26 16:13:27,932] Trial 30 finished with value: 399.3871154785156 and parameters: {'gradient_clip_val': 0.9631884154598253, 'hidden_size': 16, 'dropout': 0.14888748809902663, 'hidden_continuous_size': 8, 'attention_head_size': 1, 'learning_rate': 0.013492457794990816}. Best is trial 0 with value: 115.57083892822266.
[I 2023-12-26 16:13:29,963] Trial 31 finished with value: 384.8128967285156 and parameters: {'gradient_clip_val': 0.37068528410539037, 'hidden_size': 13, 'dropout': 0.11703889818502794, 'hidden_continuous_size': 7, 'attention_head_size': 1, 'learning_rate': 0.00825518673045682}. Best is trial 0 with value: 115.57083892822266.
[I 2023-12-26 16:13:31,793] Trial 32 finished with value: 469.4083251953125 and parameters: {'gradient_clip_val': 0.29959934762500284, 'hidden_size': 8, 'dropout': 0.1272297743584844, 'hidden_continuous_size': 6, 'attention_head_size': 1, 'learning_rate': 0.007342072294609611}. Best is trial 0 with value: 115.57083892822266.
[I 2023-12-26 16:13:33,776] Trial 33 finished with value: 407.4107360839844 and parameters: {'gradient_clip_val': 0.3441914234283453, 'hidden_size': 11, 'dropout': 0.16766657672994123, 'hidden_continuous_size': 7, 'attention_head_size': 1, 'learning_rate': 0.009844358740621105}. Best is trial 0 with value: 115.57083892822266.
[I 2023-12-26 16:13:35,997] Trial 34 finished with value: 419.6732482910156 and parameters: {'gradient_clip_val': 0.21061910392048203, 'hidden_size': 21, 'dropout': 0.24407968990953036, 'hidden_continuous_size': 10, 'attention_head_size': 2, 'learning_rate': 0.005385146760159506}. Best is trial 0 with value: 115.57083892822266.
[I 2023-12-26 16:13:38,132] Trial 35 finished with value: 477.539306640625 and parameters: {'gradient_clip_val': 0.3077828981363542, 'hidden_size': 15, 'dropout': 0.10112375334570627, 'hidden_continuous_size': 7, 'attention_head_size': 1, 'learning_rate': 0.019692601179026558}. Best is trial 0 with value: 115.57083892822266.
[I 2023-12-26 16:13:40,352] Trial 36 finished with value: 355.0024108886719 and parameters: {'gradient_clip_val': 0.2496384912555582, 'hidden_size': 21, 'dropout': 0.26180342218217, 'hidden_continuous_size': 8, 'attention_head_size': 3, 'learning_rate': 0.011610305257959908}. Best is trial 0 with value: 115.57083892822266.
[I 2023-12-26 16:13:43,118] Trial 37 finished with value: 386.9264831542969 and parameters: {'gradient_clip_val': 0.268850488094655, 'hidden_size': 30, 'dropout': 0.21502099138908518, 'hidden_continuous_size': 11, 'attention_head_size': 3, 'learning_rate': 0.012278470903940675}. Best is trial 0 with value: 115.57083892822266.
[I 2023-12-26 16:13:45,298] Trial 38 finished with value: 434.8733825683594 and parameters: {'gradient_clip_val': 0.5598965457460973, 'hidden_size': 20, 'dropout': 0.1502251004996062, 'hidden_continuous_size': 8, 'attention_head_size': 4, 'learning_rate': 0.0335107097328561}. Best is trial 0 with value: 115.57083892822266.
[I 2023-12-26 16:13:47,544] Trial 39 finished with value: 348.0428161621094 and parameters: {'gradient_clip_val': 0.2639598194868043, 'hidden_size': 24, 'dropout': 0.18246460299849498, 'hidden_continuous_size': 11, 'attention_head_size': 3, 'learning_rate': 0.014951377278014917}. Best is trial 0 with value: 115.57083892822266.
[I 2023-12-26 16:13:49,962] Trial 40 finished with value: 463.71435546875 and parameters: {'gradient_clip_val': 0.44095731359549895, 'hidden_size': 26, 'dropout': 0.12709901579562755, 'hidden_continuous_size': 12, 'attention_head_size': 4, 'learning_rate': 0.04876716880308768}. Best is trial 0 with value: 115.57083892822266.
