[I 2023-12-26 14:52:00,795] Trial 8 finished with value: 4.213156700134277 and parameters: {'gradient_clip_val': 0.2022627117268428, 'hidden_size': 78, 'dropout': 0.3419469938704478, 'hidden_continuous_size': 6, 'attention_head_size': 3, 'learning_rate': 0.0007173814640952584}. Best is trial 0 with value: 0.03599891439080238.
[I 2023-12-26 14:52:07,740] Trial 9 finished with value: 4.125190258026123 and parameters: {'gradient_clip_val': 0.11552478302461856, 'hidden_size': 100, 'dropout': 0.22860123420171183, 'hidden_continuous_size': 10, 'attention_head_size': 1, 'learning_rate': 0.0008631112199707882}. Best is trial 0 with value: 0.03599891439080238.
[I 2023-12-26 14:52:09,460] Trial 10 finished with value: 3.8718488216400146 and parameters: {'gradient_clip_val': 0.9950774413985736, 'hidden_size': 5, 'dropout': 0.1029797143762099, 'hidden_continuous_size': 5, 'attention_head_size': 1, 'learning_rate': 0.0034612642648071392}. Best is trial 0 with value: 0.03599891439080238.
[I 2023-12-26 14:52:14,909] Trial 11 finished with value: 3.8730928897857666 and parameters: {'gradient_clip_val': 0.10621112249604402, 'hidden_size': 62, 'dropout': 0.13694776227557953, 'hidden_continuous_size': 55, 'attention_head_size': 2, 'learning_rate': 0.005232942730511004}. Best is trial 0 with value: 0.03599891439080238.
[I 2023-12-26 14:52:23,679] Trial 12 finished with value: 3.9425737857818604 and parameters: {'gradient_clip_val': 0.3667024854669731, 'hidden_size': 129, 'dropout': 0.16532197317813116, 'hidden_continuous_size': 55, 'attention_head_size': 1, 'learning_rate': 0.0005228064114921778}. Best is trial 0 with value: 0.03599891439080238.
[I 2023-12-26 14:52:27,701] Trial 13 finished with value: 3.694552183151245 and parameters: {'gradient_clip_val': 0.30263058869898807, 'hidden_size': 51, 'dropout': 0.17240878633180104, 'hidden_continuous_size': 34, 'attention_head_size': 2, 'learning_rate': 0.020203584357627292}. Best is trial 0 with value: 0.03599891439080238.
[I 2023-12-26 14:52:40,697] Trial 14 finished with value: 3.677609443664551 and parameters: {'gradient_clip_val': 0.14128234215500116, 'hidden_size': 147, 'dropout': 0.1779988621393764, 'hidden_continuous_size': 139, 'attention_head_size': 1, 'learning_rate': 0.003226029097133053}. Best is trial 0 with value: 0.03599891439080238.
[I 2023-12-26 14:52:44,437] Trial 15 finished with value: 3.2670421600341797 and parameters: {'gradient_clip_val': 0.10247919709832716, 'hidden_size': 44, 'dropout': 0.10335397608533305, 'hidden_continuous_size': 17, 'attention_head_size': 2, 'learning_rate': 0.008750587713106071}. Best is trial 0 with value: 0.03599891439080238.
[I 2023-12-26 14:52:51,416] Trial 16 finished with value: 3.676065444946289 and parameters: {'gradient_clip_val': 0.28635284163907365, 'hidden_size': 85, 'dropout': 0.19075742898823644, 'hidden_continuous_size': 27, 'attention_head_size': 1, 'learning_rate': 0.0016607794436212255}. Best is trial 0 with value: 0.03599891439080238.
[I 2023-12-26 14:52:55,518] Trial 17 finished with value: 4.60286283493042 and parameters: {'gradient_clip_val': 0.455062345102353, 'hidden_size': 45, 'dropout': 0.13769928805879572, 'hidden_continuous_size': 16, 'attention_head_size': 2, 'learning_rate': 0.0318685250852549}. Best is trial 0 with value: 0.03599891439080238.
[I 2023-12-26 14:53:00,788] Trial 18 finished with value: 3.9079055786132812 and parameters: {'gradient_clip_val': 0.25745240766390554, 'hidden_size': 66, 'dropout': 0.22086889197025522, 'hidden_continuous_size': 25, 'attention_head_size': 1, 'learning_rate': 0.007177292756938373}. Best is trial 0 with value: 0.03599891439080238.
[I 2023-12-26 14:53:08,776] Trial 19 finished with value: 4.551866054534912 and parameters: {'gradient_clip_val': 0.14597050124502156, 'hidden_size': 104, 'dropout': 0.20070410883139805, 'hidden_continuous_size': 38, 'attention_head_size': 2, 'learning_rate': 0.0029396705936605384}. Best is trial 0 with value: 0.03599891439080238.
[I 2023-12-26 14:53:11,832] Trial 20 finished with value: 4.254690647125244 and parameters: {'gradient_clip_val': 0.24268727930787493, 'hidden_size': 32, 'dropout': 0.2724497020273351, 'hidden_continuous_size': 13, 'attention_head_size': 3, 'learning_rate': 0.004350456670675438}. Best is trial 0 with value: 0.03599891439080238.
[I 2023-12-26 14:53:15,535] Trial 21 finished with value: 3.9230234622955322 and parameters: {'gradient_clip_val': 0.10488318319831173, 'hidden_size': 44, 'dropout': 0.10382325185538248, 'hidden_continuous_size': 18, 'attention_head_size': 2, 'learning_rate': 0.009496389955296534}. Best is trial 0 with value: 0.03599891439080238.
[I 2023-12-26 14:53:20,842] Trial 22 finished with value: 3.839175224304199 and parameters: {'gradient_clip_val': 0.1348938601184346, 'hidden_size': 61, 'dropout': 0.14893120233843551, 'hidden_continuous_size': 20, 'attention_head_size': 2, 'learning_rate': 0.0070703533682021525}. Best is trial 0 with value: 0.03599891439080238.
[I 2023-12-26 14:53:24,562] Trial 23 finished with value: 2.93216872215271 and parameters: {'gradient_clip_val': 0.16028755274375628, 'hidden_size': 39, 'dropout': 0.10021306999658777, 'hidden_continuous_size': 13, 'attention_head_size': 2, 'learning_rate': 0.013055903582494472}. Best is trial 0 with value: 0.03599891439080238.
[I 2023-12-26 14:53:31,240] Trial 24 finished with value: 3.492744207382202 and parameters: {'gradient_clip_val': 0.16817085300089912, 'hidden_size': 83, 'dropout': 0.12969420811250612, 'hidden_continuous_size': 13, 'attention_head_size': 1, 'learning_rate': 0.013966754708714219}. Best is trial 0 with value: 0.03599891439080238.
[I 2023-12-26 14:53:34,778] Trial 25 finished with value: 3.8198471069335938 and parameters: {'gradient_clip_val': 0.12819975144663942, 'hidden_size': 39, 'dropout': 0.1601424622762409, 'hidden_continuous_size': 12, 'attention_head_size': 3, 'learning_rate': 0.030080595542502125}. Best is trial 0 with value: 0.03599891439080238.
[I 2023-12-26 14:53:39,329] Trial 26 finished with value: 3.977247476577759 and parameters: {'gradient_clip_val': 0.1526324346972078, 'hidden_size': 56, 'dropout': 0.19767598432428385, 'hidden_continuous_size': 14, 'attention_head_size': 2, 'learning_rate': 0.005461409382808978}. Best is trial 0 with value: 0.03599891439080238.
[I 2023-12-26 14:53:42,689] Trial 27 finished with value: 3.065214157104492 and parameters: {'gradient_clip_val': 0.12387227490157522, 'hidden_size': 35, 'dropout': 0.1282680858465791, 'hidden_continuous_size': 10, 'attention_head_size': 1, 'learning_rate': 0.002173486187054478}. Best is trial 0 with value: 0.03599891439080238.
[I 2023-12-26 14:53:51,741] Trial 28 finished with value: 3.413719892501831 and parameters: {'gradient_clip_val': 0.16362863615119427, 'hidden_size': 108, 'dropout': 0.1593083575021142, 'hidden_continuous_size': 22, 'attention_head_size': 2, 'learning_rate': 0.014070825016869867}. Best is trial 0 with value: 0.03599891439080238.
[I 2023-12-26 14:53:54,777] Trial 29 finished with value: 4.0614776611328125 and parameters: {'gradient_clip_val': 0.3670196149428761, 'hidden_size': 27, 'dropout': 0.19546520054471392, 'hidden_continuous_size': 6, 'attention_head_size': 3, 'learning_rate': 0.000966252763024561}. Best is trial 0 with value: 0.03599891439080238.
[I 2023-12-26 14:53:57,547] Trial 30 finished with value: 3.1354408264160156 and parameters: {'gradient_clip_val': 0.22287418979430115, 'hidden_size': 21, 'dropout': 0.11776835306706222, 'hidden_continuous_size': 11, 'attention_head_size': 1, 'learning_rate': 0.002308935962531455}. Best is trial 0 with value: 0.03599891439080238.
[I 2023-12-26 14:54:01,006] Trial 31 finished with value: 2.4074442386627197 and parameters: {'gradient_clip_val': 0.12042704201425684, 'hidden_size': 36, 'dropout': 0.13327097217118491, 'hidden_continuous_size': 10, 'attention_head_size': 1, 'learning_rate': 0.0005710727606625943}. Best is trial 0 with value: 0.03599891439080238.
[I 2023-12-26 14:54:04,614] Trial 32 finished with value: 4.39019250869751 and parameters: {'gradient_clip_val': 0.12189644975974859, 'hidden_size': 36, 'dropout': 0.1262936592451725, 'hidden_continuous_size': 15, 'attention_head_size': 1, 'learning_rate': 0.000549815384520766}. Best is trial 0 with value: 0.03599891439080238.
[I 2023-12-26 14:54:10,066] Trial 33 finished with value: 4.100906848907471 and parameters: {'gradient_clip_val': 0.1960515414852972, 'hidden_size': 71, 'dropout': 0.1492837820146095, 'hidden_continuous_size': 9, 'attention_head_size': 1, 'learning_rate': 0.0010342539805969968}. Best is trial 0 with value: 0.03599891439080238.
[I 2023-12-26 14:54:14,534] Trial 34 finished with value: 3.2068984508514404 and parameters: {'gradient_clip_val': 0.16823849727864745, 'hidden_size': 49, 'dropout': 0.10277286724909585, 'hidden_continuous_size': 15, 'attention_head_size': 2, 'learning_rate': 0.0005160341905341083}. Best is trial 0 with value: 0.03599891439080238.
[I 2023-12-26 14:54:19,473] Trial 35 finished with value: 3.6464221477508545 and parameters: {'gradient_clip_val': 0.13629645708717267, 'hidden_size': 56, 'dropout': 0.17353828525411324, 'hidden_continuous_size': 8, 'attention_head_size': 4, 'learning_rate': 0.0006823982383332186}. Best is trial 0 with value: 0.03599891439080238.
[I 2023-12-26 14:54:22,178] Trial 36 finished with value: 4.428719997406006 and parameters: {'gradient_clip_val': 0.11523757927240452, 'hidden_size': 23, 'dropout': 0.2124209288088742, 'hidden_continuous_size': 9, 'attention_head_size': 2, 'learning_rate': 0.0011632438690405966}. Best is trial 0 with value: 0.03599891439080238.
[I 2023-12-26 14:54:25,233] Trial 37 finished with value: 3.3202779293060303 and parameters: {'gradient_clip_val': 0.18615629163738662, 'hidden_size': 28, 'dropout': 0.23652244035005668, 'hidden_continuous_size': 8, 'attention_head_size': 1, 'learning_rate': 0.0006974408395375154}. Best is trial 0 with value: 0.03599891439080238.
[I 2023-12-26 14:54:27,909] Trial 38 finished with value: 3.591514825820923 and parameters: {'gradient_clip_val': 0.10078735496945025, 'hidden_size': 17, 'dropout': 0.24720632375125645, 'hidden_continuous_size': 7, 'attention_head_size': 3, 'learning_rate': 0.001338364866370472}. Best is trial 0 with value: 0.03599891439080238.
[I 2023-12-26 14:54:31,242] Trial 39 finished with value: 4.027492046356201 and parameters: {'gradient_clip_val': 0.21457233117826152, 'hidden_size': 33, 'dropout': 0.14407838669642975, 'hidden_continuous_size': 11, 'attention_head_size': 1, 'learning_rate': 0.0008906731754370086}. Best is trial 0 with value: 0.03599891439080238.
[I 2023-12-26 14:54:34,877] Trial 40 finished with value: 3.4573354721069336 and parameters: {'gradient_clip_val': 0.15765259873874968, 'hidden_size': 39, 'dropout': 0.1858453732885779, 'hidden_continuous_size': 10, 'attention_head_size': 3, 'learning_rate': 0.001277192536544196}. Best is trial 0 with value: 0.03599891439080238.
[I 2023-12-26 14:54:38,045] Trial 41 finished with value: 3.5015618801116943 and parameters: {'gradient_clip_val': 0.12142841251015536, 'hidden_size': 32, 'dropout': 0.12705974938149056, 'hidden_continuous_size': 10, 'attention_head_size': 1, 'learning_rate': 0.0018527375567624264}. Best is trial 0 with value: 0.03599891439080238.
[I 2023-12-26 14:54:41,805] Trial 42 finished with value: 4.62714958190918 and parameters: {'gradient_clip_val': 0.11596740665350833, 'hidden_size': 39, 'dropout': 0.11735572836292951, 'hidden_continuous_size': 12, 'attention_head_size': 1, 'learning_rate': 0.0007748395405341475}. Best is trial 0 with value: 0.03599891439080238.
[I 2023-12-26 14:54:47,390] Trial 43 finished with value: 3.3060073852539062 and parameters: {'gradient_clip_val': 0.1434080258052809, 'hidden_size': 72, 'dropout': 0.1539651418896104, 'hidden_continuous_size': 14, 'attention_head_size': 1, 'learning_rate': 0.0024089362106151334}. Best is trial 0 with value: 0.03599891439080238.
[I 2023-12-26 14:54:51,981] Trial 44 finished with value: 4.609447479248047 and parameters: {'gradient_clip_val': 0.12783661836132648, 'hidden_size': 56, 'dropout': 0.17468183310802904, 'hidden_continuous_size': 7, 'attention_head_size': 1, 'learning_rate': 0.0011158680545515789}. Best is trial 0 with value: 0.03599891439080238.
[I 2023-12-26 14:54:54,978] Trial 45 finished with value: 3.5411760807037354 and parameters: {'gradient_clip_val': 0.1123575101514445, 'hidden_size': 25, 'dropout': 0.13236674311920588, 'hidden_continuous_size': 10, 'attention_head_size': 2, 'learning_rate': 0.001993848162647371}. Best is trial 0 with value: 0.03599891439080238.
[I 2023-12-26 14:54:59,033] Trial 46 finished with value: 4.443836212158203 and parameters: {'gradient_clip_val': 0.17927250306495765, 'hidden_size': 48, 'dropout': 0.1626031624320993, 'hidden_continuous_size': 12, 'attention_head_size': 4, 'learning_rate': 0.0006248997727341161}. Best is trial 0 with value: 0.03599891439080238.
[I 2023-12-26 14:55:06,700] Trial 47 finished with value: 3.49688458442688 and parameters: {'gradient_clip_val': 0.1295728338543289, 'hidden_size': 89, 'dropout': 0.1172334443064578, 'hidden_continuous_size': 18, 'attention_head_size': 1, 'learning_rate': 0.0007156682681178285}. Best is trial 0 with value: 0.03599891439080238.
[I 2023-12-26 14:55:09,861] Trial 48 finished with value: 3.9889705181121826 and parameters: {'gradient_clip_val': 0.1458137157399828, 'hidden_size': 30, 'dropout': 0.13895230567332212, 'hidden_continuous_size': 11, 'attention_head_size': 2, 'learning_rate': 0.0015453829064506067}. Best is trial 0 with value: 0.03599891439080238.
[I 2023-12-26 14:55:15,303] Trial 49 finished with value: 2.8713924884796143 and parameters: {'gradient_clip_val': 0.11008060843605985, 'hidden_size': 65, 'dropout': 0.20875237618381068, 'hidden_continuous_size': 56, 'attention_head_size': 1, 'learning_rate': 0.0009631173216058794}. Best is trial 0 with value: 0.03599891439080238.
[I 2023-12-26 14:55:15,437] A new study created in memory with name: no-name-372875b8-d933-4e2c-a4ac-fc07037f7276
/home/le004/conda/anaconda3/envs/tsff_env/lib/python3.9/site-packages/lightning/fabric/plugins/environments/slurm.py:191: The `srun` command is available on your system but is not used. HINT: If your intention is to run Lightning on SLURM, prepend your python command with `srun` like so: srun python /home/le004/master_thesis/git/TSFusionForecast/code/ ...
[I 2023-12-26 14:57:41,502] Trial 0 finished with value: 0.07226056605577469 and parameters: {'gradient_clip_val': 0.3832765176191633, 'hidden_size': 5, 'dropout': 0.29966861571312614, 'hidden_continuous_size': 5, 'attention_head_size': 4, 'learning_rate': 0.06739697523228658}. Best is trial 0 with value: 0.07226056605577469.
[I 2023-12-26 14:57:48,402] Trial 1 finished with value: 4.034911632537842 and parameters: {'gradient_clip_val': 0.19911017759150496, 'hidden_size': 103, 'dropout': 0.16019737975557052, 'hidden_continuous_size': 15, 'attention_head_size': 4, 'learning_rate': 0.020775757589150404}. Best is trial 0 with value: 0.07226056605577469.
[I 2023-12-26 14:57:51,091] Trial 2 finished with value: 3.763425588607788 and parameters: {'gradient_clip_val': 0.24188375027253256, 'hidden_size': 35, 'dropout': 0.243037565307709, 'hidden_continuous_size': 9, 'attention_head_size': 2, 'learning_rate': 0.01644081591319725}. Best is trial 0 with value: 0.07226056605577469.
[I 2023-12-26 14:57:52,987] Trial 3 finished with value: 3.9741640090942383 and parameters: {'gradient_clip_val': 0.18187696337856826, 'hidden_size': 7, 'dropout': 0.2434486733776105, 'hidden_continuous_size': 5, 'attention_head_size': 2, 'learning_rate': 0.010330073191999826}. Best is trial 0 with value: 0.07226056605577469.
[I 2023-12-26 14:57:55,020] Trial 4 finished with value: 3.3845274448394775 and parameters: {'gradient_clip_val': 0.21986331815675778, 'hidden_size': 16, 'dropout': 0.1471808720026085, 'hidden_continuous_size': 13, 'attention_head_size': 4, 'learning_rate': 0.0072461255466201024}. Best is trial 0 with value: 0.07226056605577469.
[I 2023-12-26 14:57:56,950] Trial 5 finished with value: 4.376209735870361 and parameters: {'gradient_clip_val': 0.15621717545037467, 'hidden_size': 8, 'dropout': 0.29683280498276243, 'hidden_continuous_size': 6, 'attention_head_size': 4, 'learning_rate': 0.0846392191398288}. Best is trial 0 with value: 0.07226056605577469.
[I 2023-12-26 14:57:59,233] Trial 6 finished with value: 3.828190565109253 and parameters: {'gradient_clip_val': 0.7835993126410515, 'hidden_size': 21, 'dropout': 0.16248214343253983, 'hidden_continuous_size': 10, 'attention_head_size': 4, 'learning_rate': 0.0009644779760891845}. Best is trial 0 with value: 0.07226056605577469.
[I 2023-12-26 14:58:01,922] Trial 7 finished with value: 3.840792417526245 and parameters: {'gradient_clip_val': 0.42718311751541105, 'hidden_size': 35, 'dropout': 0.2552502824984504, 'hidden_continuous_size': 7, 'attention_head_size': 4, 'learning_rate': 0.02685186260619576}. Best is trial 0 with value: 0.07226056605577469.
[I 2023-12-26 14:58:04,238] Trial 8 finished with value: 3.4041054248809814 and parameters: {'gradient_clip_val': 0.1980707857078349, 'hidden_size': 25, 'dropout': 0.3139206434517326, 'hidden_continuous_size': 5, 'attention_head_size': 1, 'learning_rate': 0.0008630647172223507}. Best is trial 0 with value: 0.07226056605577469.
[I 2023-12-26 14:58:06,349] Trial 9 finished with value: 4.148803234100342 and parameters: {'gradient_clip_val': 0.3323552828933299, 'hidden_size': 8, 'dropout': 0.12145218980598793, 'hidden_continuous_size': 6, 'attention_head_size': 4, 'learning_rate': 0.025514412465608868}. Best is trial 0 with value: 0.07226056605577469.
[I 2023-12-26 14:58:08,134] Trial 10 finished with value: 3.064758539199829 and parameters: {'gradient_clip_val': 0.12906340790641713, 'hidden_size': 5, 'dropout': 0.4365307286286043, 'hidden_continuous_size': 5, 'attention_head_size': 3, 'learning_rate': 0.09106227358386497}. Best is trial 0 with value: 0.07226056605577469.
[I 2023-12-26 14:58:10,083] Trial 11 finished with value: 3.9101574420928955 and parameters: {'gradient_clip_val': 0.10408843075144245, 'hidden_size': 6, 'dropout': 0.44325938874506765, 'hidden_continuous_size': 5, 'attention_head_size': 3, 'learning_rate': 0.08894713175390305}. Best is trial 0 with value: 0.07226056605577469.
[I 2023-12-26 14:58:11,868] Trial 12 finished with value: 4.336637496948242 and parameters: {'gradient_clip_val': 0.4224422236524286, 'hidden_size': 5, 'dropout': 0.4847703377050527, 'hidden_continuous_size': 5, 'attention_head_size': 3, 'learning_rate': 0.09645301249125428}. Best is trial 0 with value: 0.07226056605577469.
[I 2023-12-26 14:58:13,945] Trial 13 finished with value: 3.7154834270477295 and parameters: {'gradient_clip_val': 0.13301979953997906, 'hidden_size': 12, 'dropout': 0.38029439431650547, 'hidden_continuous_size': 6, 'attention_head_size': 3, 'learning_rate': 0.0478785754239048}. Best is trial 0 with value: 0.07226056605577469.
[I 2023-12-26 14:58:15,750] Trial 14 finished with value: 5.426136016845703 and parameters: {'gradient_clip_val': 0.291013907550429, 'hidden_size': 5, 'dropout': 0.37430148029408894, 'hidden_continuous_size': 5, 'attention_head_size': 3, 'learning_rate': 0.038162249941666886}. Best is trial 0 with value: 0.07226056605577469.
[I 2023-12-26 14:58:17,792] Trial 15 finished with value: 3.809098482131958 and parameters: {'gradient_clip_val': 0.12046141183694366, 'hidden_size': 11, 'dropout': 0.49215420168124735, 'hidden_continuous_size': 6, 'attention_head_size': 2, 'learning_rate': 0.05912133603223321}. Best is trial 0 with value: 0.07226056605577469.
[I 2023-12-26 14:58:19,527] Trial 16 finished with value: 4.082622528076172 and parameters: {'gradient_clip_val': 0.14612727113776272, 'hidden_size': 5, 'dropout': 0.409116316395891, 'hidden_continuous_size': 5, 'attention_head_size': 1, 'learning_rate': 0.047335295032736105}. Best is trial 0 with value: 0.07226056605577469.
[I 2023-12-26 14:58:21,550] Trial 17 finished with value: 3.818951368331909 and parameters: {'gradient_clip_val': 0.11302093822723368, 'hidden_size': 9, 'dropout': 0.3349324860579586, 'hidden_continuous_size': 5, 'attention_head_size': 3, 'learning_rate': 0.003617144889789608}. Best is trial 0 with value: 0.07226056605577469.
[I 2023-12-26 14:58:23,650] Trial 18 finished with value: 3.3214457035064697 and parameters: {'gradient_clip_val': 0.5392306691558145, 'hidden_size': 13, 'dropout': 0.423455506707507, 'hidden_continuous_size': 7, 'attention_head_size': 3, 'learning_rate': 0.04004474928362425}. Best is trial 0 with value: 0.07226056605577469.
[I 2023-12-26 14:58:25,580] Trial 19 finished with value: 3.797172784805298 and parameters: {'gradient_clip_val': 0.2711316724335004, 'hidden_size': 7, 'dropout': 0.3555672304846134, 'hidden_continuous_size': 5, 'attention_head_size': 2, 'learning_rate': 0.014909239277427403}. Best is trial 0 with value: 0.07226056605577469.
[I 2023-12-26 14:58:27,403] Trial 20 finished with value: 5.142132759094238 and parameters: {'gradient_clip_val': 0.16372175351295382, 'hidden_size': 5, 'dropout': 0.4499036163126504, 'hidden_continuous_size': 5, 'attention_head_size': 4, 'learning_rate': 0.06605610131018114}. Best is trial 0 with value: 0.07226056605577469.
[I 2023-12-26 14:58:29,712] Trial 21 finished with value: 4.645666599273682 and parameters: {'gradient_clip_val': 0.5733201899405924, 'hidden_size': 11, 'dropout': 0.4045578948407415, 'hidden_continuous_size': 7, 'attention_head_size': 3, 'learning_rate': 0.03779169483205686}. Best is trial 0 with value: 0.07226056605577469.
[I 2023-12-26 14:58:31,696] Trial 22 finished with value: 4.868028163909912 and parameters: {'gradient_clip_val': 0.38322427391139935, 'hidden_size': 16, 'dropout': 0.43216792929765213, 'hidden_continuous_size': 7, 'attention_head_size': 3, 'learning_rate': 0.09931220361440342}. Best is trial 0 with value: 0.07226056605577469.
