[I 2023-12-16 04:46:48,680] Trial 9 finished with value: 1.0212254524230957 and parameters: {'gradient_clip_val': 0.8479132658448495, 'hidden_size': 26, 'dropout': 0.21124788711355402, 'hidden_continuous_size': 5, 'attention_head_size': 1, 'learning_rate': 0.031023352263293523}. Best is trial 0 with value: 0.09437938779592514.
LOCAL_RANK: 0 - CUDA_VISIBLE_DEVICES: [0]
[I 2023-12-16 04:47:38,475] Trial 10 finished with value: 3.6264383792877197 and parameters: {'gradient_clip_val': 0.10011229150187934, 'hidden_size': 31, 'dropout': 0.39672414095291997, 'hidden_continuous_size': 8, 'attention_head_size': 4, 'learning_rate': 0.008476363225614916}. Best is trial 0 with value: 0.09437938779592514.
LOCAL_RANK: 0 - CUDA_VISIBLE_DEVICES: [0]
[I 2023-12-16 04:48:33,160] Trial 11 finished with value: 0.7429516911506653 and parameters: {'gradient_clip_val': 0.18577776581734778, 'hidden_size': 75, 'dropout': 0.3340552636353777, 'hidden_continuous_size': 28, 'attention_head_size': 4, 'learning_rate': 0.004337956369248767}. Best is trial 0 with value: 0.09437938779592514.
LOCAL_RANK: 0 - CUDA_VISIBLE_DEVICES: [0]
[I 2023-12-16 04:49:29,238] Trial 12 finished with value: 1.8908275365829468 and parameters: {'gradient_clip_val': 0.10218558660245876, 'hidden_size': 100, 'dropout': 0.33716446650911713, 'hidden_continuous_size': 63, 'attention_head_size': 2, 'learning_rate': 0.016256356150132736}. Best is trial 0 with value: 0.09437938779592514.
LOCAL_RANK: 0 - CUDA_VISIBLE_DEVICES: [0]
[I 2023-12-16 04:50:22,168] Trial 13 finished with value: 2.3088111877441406 and parameters: {'gradient_clip_val': 0.2217548426040727, 'hidden_size': 39, 'dropout': 0.28726361494923563, 'hidden_continuous_size': 17, 'attention_head_size': 4, 'learning_rate': 0.014441313836905004}. Best is trial 0 with value: 0.09437938779592514.
LOCAL_RANK: 0 - CUDA_VISIBLE_DEVICES: [0]
[I 2023-12-16 04:51:13,997] Trial 14 finished with value: 0.36704719066619873 and parameters: {'gradient_clip_val': 0.1495840098507791, 'hidden_size': 48, 'dropout': 0.359102841114845, 'hidden_continuous_size': 17, 'attention_head_size': 2, 'learning_rate': 0.0035710998081277825}. Best is trial 0 with value: 0.09437938779592514.
LOCAL_RANK: 0 - CUDA_VISIBLE_DEVICES: [0]
[I 2023-12-16 04:52:02,504] Trial 15 finished with value: 2.542179584503174 and parameters: {'gradient_clip_val': 0.32580701945564294, 'hidden_size': 22, 'dropout': 0.3039464146657624, 'hidden_continuous_size': 7, 'attention_head_size': 3, 'learning_rate': 0.004929519387032139}. Best is trial 0 with value: 0.09437938779592514.
LOCAL_RANK: 0 - CUDA_VISIBLE_DEVICES: [0]
[I 2023-12-16 04:52:47,217] Trial 16 finished with value: 1.0195289850234985 and parameters: {'gradient_clip_val': 0.16992026536256313, 'hidden_size': 13, 'dropout': 0.36268890030439527, 'hidden_continuous_size': 6, 'attention_head_size': 1, 'learning_rate': 0.0024714036840553723}. Best is trial 0 with value: 0.09437938779592514.
LOCAL_RANK: 0 - CUDA_VISIBLE_DEVICES: [0]
[I 2023-12-16 04:53:37,760] Trial 17 finished with value: 1.830426573753357 and parameters: {'gradient_clip_val': 0.1285682362759683, 'hidden_size': 35, 'dropout': 0.24621431626239298, 'hidden_continuous_size': 9, 'attention_head_size': 4, 'learning_rate': 0.000599974437761493}. Best is trial 0 with value: 0.09437938779592514.
LOCAL_RANK: 0 - CUDA_VISIBLE_DEVICES: [0]
[I 2023-12-16 04:54:26,767] Trial 18 finished with value: 1.8725589513778687 and parameters: {'gradient_clip_val': 0.26958674732863014, 'hidden_size': 26, 'dropout': 0.3971235563401371, 'hidden_continuous_size': 9, 'attention_head_size': 2, 'learning_rate': 0.013119989557057996}. Best is trial 0 with value: 0.09437938779592514.
LOCAL_RANK: 0 - CUDA_VISIBLE_DEVICES: [0]
[I 2023-12-16 04:55:12,628] Trial 19 finished with value: 1.56743323802948 and parameters: {'gradient_clip_val': 0.18619064511291222, 'hidden_size': 10, 'dropout': 0.36617755868631574, 'hidden_continuous_size': 6, 'attention_head_size': 3, 'learning_rate': 0.006449063524460894}. Best is trial 0 with value: 0.09437938779592514.
LOCAL_RANK: 0 - CUDA_VISIBLE_DEVICES: [0]
[I 2023-12-16 04:56:00,723] Trial 20 finished with value: 1.519548773765564 and parameters: {'gradient_clip_val': 0.11494785339534326, 'hidden_size': 19, 'dropout': 0.31360456933898734, 'hidden_continuous_size': 7, 'attention_head_size': 4, 'learning_rate': 0.002068258233781703}. Best is trial 0 with value: 0.09437938779592514.
LOCAL_RANK: 0 - CUDA_VISIBLE_DEVICES: [0]
[I 2023-12-16 04:56:52,679] Trial 21 finished with value: 0.4448068141937256 and parameters: {'gradient_clip_val': 0.14441257110361375, 'hidden_size': 48, 'dropout': 0.35688195447486953, 'hidden_continuous_size': 16, 'attention_head_size': 2, 'learning_rate': 0.004370004485882093}. Best is trial 0 with value: 0.09437938779592514.
LOCAL_RANK: 0 - CUDA_VISIBLE_DEVICES: [0]
[I 2023-12-16 04:57:45,615] Trial 22 finished with value: 1.031777262687683 and parameters: {'gradient_clip_val': 0.15217812657196134, 'hidden_size': 53, 'dropout': 0.34978494804516264, 'hidden_continuous_size': 21, 'attention_head_size': 1, 'learning_rate': 0.002971122273200811}. Best is trial 0 with value: 0.09437938779592514.
LOCAL_RANK: 0 - CUDA_VISIBLE_DEVICES: [0]
[I 2023-12-16 04:58:37,026] Trial 23 finished with value: 1.4840062856674194 and parameters: {'gradient_clip_val': 0.12383338087845938, 'hidden_size': 38, 'dropout': 0.37451916619001185, 'hidden_continuous_size': 13, 'attention_head_size': 2, 'learning_rate': 0.007707177136372683}. Best is trial 0 with value: 0.09437938779592514.
LOCAL_RANK: 0 - CUDA_VISIBLE_DEVICES: [0]
[I 2023-12-16 04:59:30,248] Trial 24 finished with value: 0.9811506867408752 and parameters: {'gradient_clip_val': 0.16801400692275295, 'hidden_size': 62, 'dropout': 0.3199994281224694, 'hidden_continuous_size': 22, 'attention_head_size': 1, 'learning_rate': 0.003922744727431373}. Best is trial 0 with value: 0.09437938779592514.
LOCAL_RANK: 0 - CUDA_VISIBLE_DEVICES: [0]
[I 2023-12-16 05:00:26,223] Trial 25 finished with value: 1.1246908903121948 and parameters: {'gradient_clip_val': 0.2129470268200822, 'hidden_size': 98, 'dropout': 0.3464150130843591, 'hidden_continuous_size': 36, 'attention_head_size': 2, 'learning_rate': 0.0017088439749137594}. Best is trial 0 with value: 0.09437938779592514.
LOCAL_RANK: 0 - CUDA_VISIBLE_DEVICES: [0]
[I 2023-12-16 05:01:18,898] Trial 26 finished with value: 0.9360712170600891 and parameters: {'gradient_clip_val': 0.1397972877503963, 'hidden_size': 43, 'dropout': 0.3774583415308983, 'hidden_continuous_size': 11, 'attention_head_size': 3, 'learning_rate': 0.010792999451578147}. Best is trial 0 with value: 0.09437938779592514.
LOCAL_RANK: 0 - CUDA_VISIBLE_DEVICES: [0]
[I 2023-12-16 05:02:07,806] Trial 27 finished with value: 1.4323850870132446 and parameters: {'gradient_clip_val': 0.10939055757289705, 'hidden_size': 31, 'dropout': 0.34208218445750393, 'hidden_continuous_size': 14, 'attention_head_size': 1, 'learning_rate': 0.005615603048174334}. Best is trial 0 with value: 0.09437938779592514.
LOCAL_RANK: 0 - CUDA_VISIBLE_DEVICES: [0]
[I 2023-12-16 05:03:01,059] Trial 28 finished with value: 0.10995811223983765 and parameters: {'gradient_clip_val': 0.1266881961574226, 'hidden_size': 59, 'dropout': 0.3089449112899015, 'hidden_continuous_size': 18, 'attention_head_size': 2, 'learning_rate': 0.020081262222738545}. Best is trial 0 with value: 0.09437938779592514.
LOCAL_RANK: 0 - CUDA_VISIBLE_DEVICES: [0]
[I 2023-12-16 05:03:54,617] Trial 29 finished with value: 1.4766110181808472 and parameters: {'gradient_clip_val': 0.12886030352870623, 'hidden_size': 71, 'dropout': 0.30609349828866034, 'hidden_continuous_size': 22, 'attention_head_size': 1, 'learning_rate': 0.021411418983592594}. Best is trial 0 with value: 0.09437938779592514.
LOCAL_RANK: 0 - CUDA_VISIBLE_DEVICES: [0]
[I 2023-12-16 05:04:47,448] Trial 30 finished with value: 1.3766679763793945 and parameters: {'gradient_clip_val': 0.11187218137368689, 'hidden_size': 58, 'dropout': 0.278214161150968, 'hidden_continuous_size': 10, 'attention_head_size': 3, 'learning_rate': 0.02188934430475629}. Best is trial 0 with value: 0.09437938779592514.
LOCAL_RANK: 0 - CUDA_VISIBLE_DEVICES: [0]
[I 2023-12-16 05:05:41,217] Trial 31 finished with value: 2.1115448474884033 and parameters: {'gradient_clip_val': 0.14544404690688237, 'hidden_size': 76, 'dropout': 0.32144445447631725, 'hidden_continuous_size': 14, 'attention_head_size': 2, 'learning_rate': 0.010552107313735052}. Best is trial 0 with value: 0.09437938779592514.
LOCAL_RANK: 0 - CUDA_VISIBLE_DEVICES: [0]
[I 2023-12-16 05:06:34,465] Trial 32 finished with value: 2.425952672958374 and parameters: {'gradient_clip_val': 0.13711373317722242, 'hidden_size': 61, 'dropout': 0.3500739872723097, 'hidden_continuous_size': 16, 'attention_head_size': 2, 'learning_rate': 0.006361295084481738}. Best is trial 0 with value: 0.09437938779592514.
LOCAL_RANK: 0 - CUDA_VISIBLE_DEVICES: [0]
[I 2023-12-16 05:07:27,238] Trial 33 finished with value: 2.646557092666626 and parameters: {'gradient_clip_val': 0.1661855697258295, 'hidden_size': 47, 'dropout': 0.324940125070437, 'hidden_continuous_size': 18, 'attention_head_size': 2, 'learning_rate': 0.003165037554328282}. Best is trial 0 with value: 0.09437938779592514.
LOCAL_RANK: 0 - CUDA_VISIBLE_DEVICES: [0]
[I 2023-12-16 05:08:22,103] Trial 34 finished with value: 1.3834043741226196 and parameters: {'gradient_clip_val': 0.11832962916164236, 'hidden_size': 82, 'dropout': 0.3641154716454761, 'hidden_continuous_size': 26, 'attention_head_size': 3, 'learning_rate': 0.05272609235439275}. Best is trial 0 with value: 0.09437938779592514.
LOCAL_RANK: 0 - CUDA_VISIBLE_DEVICES: [0]
[I 2023-12-16 05:09:14,628] Trial 35 finished with value: 1.7528495788574219 and parameters: {'gradient_clip_val': 0.15719083046430132, 'hidden_size': 56, 'dropout': 0.33204823623604424, 'hidden_continuous_size': 13, 'attention_head_size': 2, 'learning_rate': 0.010968595697782257}. Best is trial 0 with value: 0.09437938779592514.
LOCAL_RANK: 0 - CUDA_VISIBLE_DEVICES: [0]
[I 2023-12-16 05:10:07,236] Trial 36 finished with value: 3.584592819213867 and parameters: {'gradient_clip_val': 0.18578713650673578, 'hidden_size': 45, 'dropout': 0.27177313618039567, 'hidden_continuous_size': 11, 'attention_head_size': 3, 'learning_rate': 0.01737077552905485}. Best is trial 0 with value: 0.09437938779592514.
LOCAL_RANK: 0 - CUDA_VISIBLE_DEVICES: [0]
[I 2023-12-16 05:11:01,951] Trial 37 finished with value: 1.3098167181015015 and parameters: {'gradient_clip_val': 0.13033670273182554, 'hidden_size': 70, 'dropout': 0.3052358530800024, 'hidden_continuous_size': 36, 'attention_head_size': 2, 'learning_rate': 0.09461451840464873}. Best is trial 0 with value: 0.09437938779592514.
LOCAL_RANK: 0 - CUDA_VISIBLE_DEVICES: [0]
[I 2023-12-16 05:11:54,499] Trial 38 finished with value: 0.5432117581367493 and parameters: {'gradient_clip_val': 0.1500339027554653, 'hidden_size': 53, 'dropout': 0.38283042611789253, 'hidden_continuous_size': 18, 'attention_head_size': 1, 'learning_rate': 0.007360580863908887}. Best is trial 0 with value: 0.09437938779592514.
LOCAL_RANK: 0 - CUDA_VISIBLE_DEVICES: [0]
[I 2023-12-16 05:12:45,040] Trial 39 finished with value: 1.4661809206008911 and parameters: {'gradient_clip_val': 0.23201459116572207, 'hidden_size': 35, 'dropout': 0.3379392314688508, 'hidden_continuous_size': 12, 'attention_head_size': 3, 'learning_rate': 0.032469965254441804}. Best is trial 0 with value: 0.09437938779592514.
LOCAL_RANK: 0 - CUDA_VISIBLE_DEVICES: [0]
[I 2023-12-16 05:13:38,933] Trial 40 finished with value: 1.021741509437561 and parameters: {'gradient_clip_val': 0.10742935697787939, 'hidden_size': 65, 'dropout': 0.2924658298893887, 'hidden_continuous_size': 29, 'attention_head_size': 2, 'learning_rate': 0.05953613879260813}. Best is trial 0 with value: 0.09437938779592514.
LOCAL_RANK: 0 - CUDA_VISIBLE_DEVICES: [0]
[I 2023-12-16 05:14:31,733] Trial 41 finished with value: 3.026658296585083 and parameters: {'gradient_clip_val': 0.14374284452549993, 'hidden_size': 51, 'dropout': 0.35132626665803524, 'hidden_continuous_size': 15, 'attention_head_size': 2, 'learning_rate': 0.003843631246131484}. Best is trial 0 with value: 0.09437938779592514.
LOCAL_RANK: 0 - CUDA_VISIBLE_DEVICES: [0]
[I 2023-12-16 05:15:23,463] Trial 42 finished with value: 0.705372154712677 and parameters: {'gradient_clip_val': 0.12797970300339376, 'hidden_size': 44, 'dropout': 0.3226496840500082, 'hidden_continuous_size': 16, 'attention_head_size': 2, 'learning_rate': 0.004971567410900841}. Best is trial 0 with value: 0.09437938779592514.
LOCAL_RANK: 0 - CUDA_VISIBLE_DEVICES: [0]
[I 2023-12-16 05:16:17,731] Trial 43 finished with value: 2.099688768386841 and parameters: {'gradient_clip_val': 0.17659223226651646, 'hidden_size': 88, 'dropout': 0.3590292503552834, 'hidden_continuous_size': 19, 'attention_head_size': 2, 'learning_rate': 0.008459463876293948}. Best is trial 0 with value: 0.09437938779592514.
LOCAL_RANK: 0 - CUDA_VISIBLE_DEVICES: [0]
[I 2023-12-16 05:17:11,477] Trial 44 finished with value: 0.4028758108615875 and parameters: {'gradient_clip_val': 0.1967552786831817, 'hidden_size': 82, 'dropout': 0.3858699761626753, 'hidden_continuous_size': 24, 'attention_head_size': 1, 'learning_rate': 0.0012774590613674885}. Best is trial 0 with value: 0.09437938779592514.
LOCAL_RANK: 0 - CUDA_VISIBLE_DEVICES: [0]
[I 2023-12-16 05:18:06,210] Trial 45 finished with value: 1.128556489944458 and parameters: {'gradient_clip_val': 0.15665752227385282, 'hidden_size': 84, 'dropout': 0.3883235927874832, 'hidden_continuous_size': 47, 'attention_head_size': 1, 'learning_rate': 0.0010097940571459764}. Best is trial 0 with value: 0.09437938779592514.
LOCAL_RANK: 0 - CUDA_VISIBLE_DEVICES: [0]
[I 2023-12-16 05:18:59,457] Trial 46 finished with value: 2.085951328277588 and parameters: {'gradient_clip_val': 0.19732280125351243, 'hidden_size': 63, 'dropout': 0.37495541067738775, 'hidden_continuous_size': 24, 'attention_head_size': 1, 'learning_rate': 0.0012268030549804796}. Best is trial 0 with value: 0.09437938779592514.
LOCAL_RANK: 0 - CUDA_VISIBLE_DEVICES: [0]
[I 2023-12-16 05:19:53,263] Trial 47 finished with value: 1.3123369216918945 and parameters: {'gradient_clip_val': 0.20122120947930172, 'hidden_size': 74, 'dropout': 0.3890817727058457, 'hidden_continuous_size': 29, 'attention_head_size': 1, 'learning_rate': 0.0019295739486113368}. Best is trial 0 with value: 0.09437938779592514.
LOCAL_RANK: 0 - CUDA_VISIBLE_DEVICES: [0]
[I 2023-12-16 05:20:47,591] Trial 48 finished with value: 1.1360260248184204 and parameters: {'gradient_clip_val': 0.10126372864323792, 'hidden_size': 90, 'dropout': 0.36839511237828815, 'hidden_continuous_size': 20, 'attention_head_size': 1, 'learning_rate': 0.0007635484156034866}. Best is trial 0 with value: 0.09437938779592514.
LOCAL_RANK: 0 - CUDA_VISIBLE_DEVICES: [0]
[I 2023-12-16 05:21:43,932] Trial 49 finished with value: 1.687904953956604 and parameters: {'gradient_clip_val': 0.17133401044207147, 'hidden_size': 99, 'dropout': 0.3346426547908817, 'hidden_continuous_size': 32, 'attention_head_size': 4, 'learning_rate': 0.0023026576012066527}. Best is trial 0 with value: 0.09437938779592514.
[I 2023-12-16 05:21:44,025] A new study created in memory with name: no-name-3e5ddb7f-5833-46d8-9b75-56eed7ce3941
/home/le004/conda/anaconda3/envs/tsff_env/lib/python3.9/site-packages/lightning/fabric/plugins/environments/slurm.py:191: The `srun` command is available on your system but is not used. HINT: If your intention is to run Lightning on SLURM, prepend your python command with `srun` like so: srun python /home/le004/master_thesis/git/TSFusionForecast/code/ ...
LOCAL_RANK: 0 - CUDA_VISIBLE_DEVICES: [0]
[I 2023-12-16 05:22:37,562] Trial 0 finished with value: 1.6681421995162964 and parameters: {'gradient_clip_val': 0.9651407182532661, 'hidden_size': 49, 'dropout': 0.16404276897474257, 'hidden_continuous_size': 42, 'attention_head_size': 2, 'learning_rate': 0.016073601396500076}. Best is trial 0 with value: 1.6681421995162964.
LOCAL_RANK: 0 - CUDA_VISIBLE_DEVICES: [0]
[I 2023-12-16 05:23:28,204] Trial 1 finished with value: 1.0196009874343872 and parameters: {'gradient_clip_val': 0.5542181964811479, 'hidden_size': 33, 'dropout': 0.23453357867183044, 'hidden_continuous_size': 15, 'attention_head_size': 3, 'learning_rate': 0.0034617225155582306}. Best is trial 1 with value: 1.0196009874343872.
LOCAL_RANK: 0 - CUDA_VISIBLE_DEVICES: [0]
[I 2023-12-16 05:24:13,646] Trial 2 finished with value: 0.38406291604042053 and parameters: {'gradient_clip_val': 0.8740228727000711, 'hidden_size': 7, 'dropout': 0.19635072676488363, 'hidden_continuous_size': 5, 'attention_head_size': 3, 'learning_rate': 0.0972801420812297}. Best is trial 2 with value: 0.38406291604042053.
LOCAL_RANK: 0 - CUDA_VISIBLE_DEVICES: [0]
[I 2023-12-16 05:25:01,304] Trial 3 finished with value: 2.001420021057129 and parameters: {'gradient_clip_val': 0.1900690506188022, 'hidden_size': 23, 'dropout': 0.2485217060915759, 'hidden_continuous_size': 6, 'attention_head_size': 1, 'learning_rate': 0.0006295209064580026}. Best is trial 2 with value: 0.38406291604042053.
LOCAL_RANK: 0 - CUDA_VISIBLE_DEVICES: [0]
[I 2023-12-16 05:25:46,244] Trial 4 finished with value: 0.8065593838691711 and parameters: {'gradient_clip_val': 0.18444810361786695, 'hidden_size': 12, 'dropout': 0.36851137997693406, 'hidden_continuous_size': 7, 'attention_head_size': 4, 'learning_rate': 0.003675568593125638}. Best is trial 2 with value: 0.38406291604042053.
LOCAL_RANK: 0 - CUDA_VISIBLE_DEVICES: [0]
[I 2023-12-16 05:26:31,731] Trial 5 finished with value: 0.6257166266441345 and parameters: {'gradient_clip_val': 0.33922207333307997, 'hidden_size': 17, 'dropout': 0.18317673757169922, 'hidden_continuous_size': 6, 'attention_head_size': 1, 'learning_rate': 0.008970661455535574}. Best is trial 2 with value: 0.38406291604042053.
LOCAL_RANK: 0 - CUDA_VISIBLE_DEVICES: [0]
[I 2023-12-16 05:27:21,733] Trial 6 finished with value: 1.5106658935546875 and parameters: {'gradient_clip_val': 0.21828784075806582, 'hidden_size': 41, 'dropout': 0.32077631094095027, 'hidden_continuous_size': 5, 'attention_head_size': 4, 'learning_rate': 0.04349025686673101}. Best is trial 2 with value: 0.38406291604042053.
LOCAL_RANK: 0 - CUDA_VISIBLE_DEVICES: [0]
[I 2023-12-16 05:28:07,337] Trial 7 finished with value: 2.5671138763427734 and parameters: {'gradient_clip_val': 0.2364525168998148, 'hidden_size': 6, 'dropout': 0.3974236494662047, 'hidden_continuous_size': 5, 'attention_head_size': 4, 'learning_rate': 0.0008024124838452424}. Best is trial 2 with value: 0.38406291604042053.
LOCAL_RANK: 0 - CUDA_VISIBLE_DEVICES: [0]
[I 2023-12-16 05:28:50,868] Trial 8 finished with value: 0.8729115128517151 and parameters: {'gradient_clip_val': 0.9275274691623324, 'hidden_size': 8, 'dropout': 0.15592493645859537, 'hidden_continuous_size': 7, 'attention_head_size': 1, 'learning_rate': 0.000951749736237902}. Best is trial 2 with value: 0.38406291604042053.
LOCAL_RANK: 0 - CUDA_VISIBLE_DEVICES: [0]
[I 2023-12-16 05:29:36,535] Trial 9 finished with value: 1.8542404174804688 and parameters: {'gradient_clip_val': 0.11288319597039709, 'hidden_size': 11, 'dropout': 0.34983475142664866, 'hidden_continuous_size': 5, 'attention_head_size': 4, 'learning_rate': 0.0015398074909953976}. Best is trial 2 with value: 0.38406291604042053.
LOCAL_RANK: 0 - CUDA_VISIBLE_DEVICES: [0]
[I 2023-12-16 05:30:10,686] Trial 10 finished with value: 1.6842756271362305 and parameters: {'gradient_clip_val': 0.5881382348028968, 'hidden_size': 5, 'dropout': 0.11289383065400449, 'hidden_continuous_size': 5, 'attention_head_size': 3, 'learning_rate': 0.09681651072931967}. Best is trial 2 with value: 0.38406291604042053.
LOCAL_RANK: 0 - CUDA_VISIBLE_DEVICES: [0]
[I 2023-12-16 05:30:56,162] Trial 11 finished with value: 3.5004727840423584 and parameters: {'gradient_clip_val': 0.4807116743779026, 'hidden_size': 15, 'dropout': 0.18161733195787538, 'hidden_continuous_size': 6, 'attention_head_size': 2, 'learning_rate': 0.012801626396904933}. Best is trial 2 with value: 0.38406291604042053.
LOCAL_RANK: 0 - CUDA_VISIBLE_DEVICES: [0]
[I 2023-12-16 05:31:40,629] Trial 12 finished with value: 2.3365094661712646 and parameters: {'gradient_clip_val': 0.3733948615497966, 'hidden_size': 16, 'dropout': 0.2044662497679451, 'hidden_continuous_size': 6, 'attention_head_size': 2, 'learning_rate': 0.030334962622561436}. Best is trial 2 with value: 0.38406291604042053.
LOCAL_RANK: 0 - CUDA_VISIBLE_DEVICES: [0]
[I 2023-12-16 05:32:35,686] Trial 13 finished with value: 0.9734217524528503 and parameters: {'gradient_clip_val': 0.3321546996505187, 'hidden_size': 99, 'dropout': 0.28077467528852745, 'hidden_continuous_size': 14, 'attention_head_size': 3, 'learning_rate': 0.0898831866418144}. Best is trial 2 with value: 0.38406291604042053.
LOCAL_RANK: 0 - CUDA_VISIBLE_DEVICES: [0]
[I 2023-12-16 05:33:20,412] Trial 14 finished with value: 2.8118159770965576 and parameters: {'gradient_clip_val': 0.6035165919739534, 'hidden_size': 9, 'dropout': 0.21091919174951354, 'hidden_continuous_size': 5, 'attention_head_size': 1, 'learning_rate': 0.009316215514278298}. Best is trial 2 with value: 0.38406291604042053.
LOCAL_RANK: 0 - CUDA_VISIBLE_DEVICES: [0]
[I 2023-12-16 05:34:05,492] Trial 15 finished with value: 1.082114815711975 and parameters: {'gradient_clip_val': 0.7125471920184496, 'hidden_size': 7, 'dropout': 0.12170338866286425, 'hidden_continuous_size': 5, 'attention_head_size': 2, 'learning_rate': 0.005363613054445178}. Best is trial 2 with value: 0.38406291604042053.
LOCAL_RANK: 0 - CUDA_VISIBLE_DEVICES: [0]
