[I 2023-12-16 03:26:46,985] Trial 47 finished with value: 0.2177511602640152 and parameters: {'gradient_clip_val': 0.47999515044082675, 'hidden_size': 89, 'dropout': 0.11340091848702359, 'hidden_continuous_size': 55, 'attention_head_size': 3, 'learning_rate': 0.029447866233618142}. Best is trial 13 with value: 0.21428906917572021.
LOCAL_RANK: 0 - CUDA_VISIBLE_DEVICES: [0]
[I 2023-12-16 03:27:41,380] Trial 48 finished with value: 0.21354909241199493 and parameters: {'gradient_clip_val': 0.4884994917550624, 'hidden_size': 60, 'dropout': 0.1797748128724891, 'hidden_continuous_size': 22, 'attention_head_size': 3, 'learning_rate': 0.026440560124938013}. Best is trial 48 with value: 0.21354909241199493.
LOCAL_RANK: 0 - CUDA_VISIBLE_DEVICES: [0]
[I 2023-12-16 03:28:35,162] Trial 49 finished with value: 0.29103538393974304 and parameters: {'gradient_clip_val': 0.5920406387398827, 'hidden_size': 60, 'dropout': 0.20275976965559944, 'hidden_continuous_size': 19, 'attention_head_size': 4, 'learning_rate': 0.028545224152133623}. Best is trial 48 with value: 0.21354909241199493.
[I 2023-12-16 03:28:35,256] A new study created in memory with name: no-name-d140d392-f4e8-4c70-9c3e-7bddbb4befa9
/home/le004/conda/anaconda3/envs/tsff_env/lib/python3.9/site-packages/lightning/fabric/plugins/environments/slurm.py:191: The `srun` command is available on your system but is not used. HINT: If your intention is to run Lightning on SLURM, prepend your python command with `srun` like so: srun python /home/le004/master_thesis/git/TSFusionForecast/code/ ...
LOCAL_RANK: 0 - CUDA_VISIBLE_DEVICES: [0]
[I 2023-12-16 03:29:22,975] Trial 0 finished with value: 0.25390732288360596 and parameters: {'gradient_clip_val': 0.1431931827136794, 'hidden_size': 10, 'dropout': 0.3527638602427179, 'hidden_continuous_size': 5, 'attention_head_size': 4, 'learning_rate': 0.0028393860096377764}. Best is trial 0 with value: 0.25390732288360596.
LOCAL_RANK: 0 - CUDA_VISIBLE_DEVICES: [0]
[I 2023-12-16 03:30:08,836] Trial 1 finished with value: 0.09953244775533676 and parameters: {'gradient_clip_val': 0.1060002986347132, 'hidden_size': 11, 'dropout': 0.22116600945139697, 'hidden_continuous_size': 5, 'attention_head_size': 1, 'learning_rate': 0.014013150260963872}. Best is trial 1 with value: 0.09953244775533676.
LOCAL_RANK: 0 - CUDA_VISIBLE_DEVICES: [0]
[I 2023-12-16 03:31:02,169] Trial 2 finished with value: 0.10980208963155746 and parameters: {'gradient_clip_val': 0.4533358239955897, 'hidden_size': 40, 'dropout': 0.1660661907075507, 'hidden_continuous_size': 27, 'attention_head_size': 4, 'learning_rate': 0.0033321397895238318}. Best is trial 1 with value: 0.09953244775533676.
LOCAL_RANK: 0 - CUDA_VISIBLE_DEVICES: [0]
[I 2023-12-16 03:31:49,225] Trial 3 finished with value: 0.03780109062790871 and parameters: {'gradient_clip_val': 0.1715225676624482, 'hidden_size': 16, 'dropout': 0.16451608384397065, 'hidden_continuous_size': 9, 'attention_head_size': 4, 'learning_rate': 0.002939153851174795}. Best is trial 3 with value: 0.03780109062790871.
LOCAL_RANK: 0 - CUDA_VISIBLE_DEVICES: [0]
[I 2023-12-16 03:32:37,271] Trial 4 finished with value: 0.029312318190932274 and parameters: {'gradient_clip_val': 0.3614858709619835, 'hidden_size': 13, 'dropout': 0.24530932046121226, 'hidden_continuous_size': 12, 'attention_head_size': 4, 'learning_rate': 0.02585704311492517}. Best is trial 4 with value: 0.029312318190932274.
LOCAL_RANK: 0 - CUDA_VISIBLE_DEVICES: [0]
[I 2023-12-16 03:33:30,869] Trial 5 finished with value: 0.08580426126718521 and parameters: {'gradient_clip_val': 0.7360335631721456, 'hidden_size': 95, 'dropout': 0.12270027718460305, 'hidden_continuous_size': 5, 'attention_head_size': 2, 'learning_rate': 0.025164297778006536}. Best is trial 4 with value: 0.029312318190932274.
LOCAL_RANK: 0 - CUDA_VISIBLE_DEVICES: [0]
[I 2023-12-16 03:34:07,696] Trial 6 finished with value: 0.1422206610441208 and parameters: {'gradient_clip_val': 0.5409016148094665, 'hidden_size': 17, 'dropout': 0.3354114909949571, 'hidden_continuous_size': 17, 'attention_head_size': 1, 'learning_rate': 0.0017716508998726038}. Best is trial 4 with value: 0.029312318190932274.
LOCAL_RANK: 0 - CUDA_VISIBLE_DEVICES: [0]
[I 2023-12-16 03:35:01,237] Trial 7 finished with value: 0.05148150026798248 and parameters: {'gradient_clip_val': 0.15103320435658926, 'hidden_size': 92, 'dropout': 0.2832384887786077, 'hidden_continuous_size': 6, 'attention_head_size': 2, 'learning_rate': 0.0026159073998808457}. Best is trial 4 with value: 0.029312318190932274.
LOCAL_RANK: 0 - CUDA_VISIBLE_DEVICES: [0]
[I 2023-12-16 03:35:55,016] Trial 8 finished with value: 0.038304898887872696 and parameters: {'gradient_clip_val': 0.1965773950078873, 'hidden_size': 49, 'dropout': 0.3249703252290221, 'hidden_continuous_size': 9, 'attention_head_size': 3, 'learning_rate': 0.004317334001804109}. Best is trial 4 with value: 0.029312318190932274.
LOCAL_RANK: 0 - CUDA_VISIBLE_DEVICES: [0]
[I 2023-12-16 03:36:51,510] Trial 9 finished with value: 0.04477563500404358 and parameters: {'gradient_clip_val': 0.13164305054987993, 'hidden_size': 69, 'dropout': 0.2661631492895976, 'hidden_continuous_size': 48, 'attention_head_size': 4, 'learning_rate': 0.09477875458935794}. Best is trial 4 with value: 0.029312318190932274.
LOCAL_RANK: 0 - CUDA_VISIBLE_DEVICES: [0]
[I 2023-12-16 03:37:27,993] Trial 10 finished with value: 1.7147780656814575 and parameters: {'gradient_clip_val': 0.2753377619012842, 'hidden_size': 5, 'dropout': 0.3925056548175803, 'hidden_continuous_size': 5, 'attention_head_size': 3, 'learning_rate': 0.0005407340154754516}. Best is trial 4 with value: 0.029312318190932274.
LOCAL_RANK: 0 - CUDA_VISIBLE_DEVICES: [0]
[I 2023-12-16 03:38:17,863] Trial 11 finished with value: 0.300567626953125 and parameters: {'gradient_clip_val': 0.2966879783992358, 'hidden_size': 21, 'dropout': 0.20169585274110718, 'hidden_continuous_size': 9, 'attention_head_size': 3, 'learning_rate': 0.014088689359651187}. Best is trial 4 with value: 0.029312318190932274.
LOCAL_RANK: 0 - CUDA_VISIBLE_DEVICES: [0]
[I 2023-12-16 03:39:08,908] Trial 12 finished with value: 0.1115981712937355 and parameters: {'gradient_clip_val': 0.21028615539002, 'hidden_size': 29, 'dropout': 0.10224316967746666, 'hidden_continuous_size': 12, 'attention_head_size': 4, 'learning_rate': 0.04425386799235133}. Best is trial 4 with value: 0.029312318190932274.
LOCAL_RANK: 0 - CUDA_VISIBLE_DEVICES: [0]
[I 2023-12-16 03:39:56,466] Trial 13 finished with value: 0.3489325940608978 and parameters: {'gradient_clip_val': 0.3852975884287884, 'hidden_size': 14, 'dropout': 0.17558925314670132, 'hidden_continuous_size': 7, 'attention_head_size': 4, 'learning_rate': 0.007409077112269295}. Best is trial 4 with value: 0.029312318190932274.
LOCAL_RANK: 0 - CUDA_VISIBLE_DEVICES: [0]
[I 2023-12-16 03:40:46,937] Trial 14 finished with value: 0.05070735886693001 and parameters: {'gradient_clip_val': 0.9639920503167158, 'hidden_size': 25, 'dropout': 0.23464549889789968, 'hidden_continuous_size': 11, 'attention_head_size': 3, 'learning_rate': 0.00792789386912655}. Best is trial 4 with value: 0.029312318190932274.
LOCAL_RANK: 0 - CUDA_VISIBLE_DEVICES: [0]
[I 2023-12-16 03:41:33,420] Trial 15 finished with value: 0.03267742320895195 and parameters: {'gradient_clip_val': 0.2360423211158581, 'hidden_size': 8, 'dropout': 0.1531686319022192, 'hidden_continuous_size': 6, 'attention_head_size': 4, 'learning_rate': 0.04090528908862621}. Best is trial 4 with value: 0.029312318190932274.
LOCAL_RANK: 0 - CUDA_VISIBLE_DEVICES: [0]
[I 2023-12-16 03:42:19,353] Trial 16 finished with value: 0.09822762757539749 and parameters: {'gradient_clip_val': 0.24738828191681095, 'hidden_size': 7, 'dropout': 0.2750054019613165, 'hidden_continuous_size': 5, 'attention_head_size': 2, 'learning_rate': 0.04076852103719881}. Best is trial 4 with value: 0.029312318190932274.
LOCAL_RANK: 0 - CUDA_VISIBLE_DEVICES: [0]
[I 2023-12-16 03:43:04,934] Trial 17 finished with value: 0.04003570228815079 and parameters: {'gradient_clip_val': 0.3458848086830339, 'hidden_size': 8, 'dropout': 0.21226073081841107, 'hidden_continuous_size': 6, 'attention_head_size': 3, 'learning_rate': 0.040848109490584386}. Best is trial 4 with value: 0.029312318190932274.
LOCAL_RANK: 0 - CUDA_VISIBLE_DEVICES: [0]
[I 2023-12-16 03:43:41,624] Trial 18 finished with value: 0.03613309562206268 and parameters: {'gradient_clip_val': 0.23961209279269163, 'hidden_size': 5, 'dropout': 0.24620579951925145, 'hidden_continuous_size': 5, 'attention_head_size': 4, 'learning_rate': 0.07896096830857235}. Best is trial 4 with value: 0.029312318190932274.
LOCAL_RANK: 0 - CUDA_VISIBLE_DEVICES: [0]
[I 2023-12-16 03:44:28,495] Trial 19 finished with value: 0.025298617780208588 and parameters: {'gradient_clip_val': 0.32030083497231066, 'hidden_size': 10, 'dropout': 0.13828073087413442, 'hidden_continuous_size': 6, 'attention_head_size': 3, 'learning_rate': 0.022601421332286424}. Best is trial 19 with value: 0.025298617780208588.
LOCAL_RANK: 0 - CUDA_VISIBLE_DEVICES: [0]
[I 2023-12-16 03:45:14,464] Trial 20 finished with value: 0.04172980412840843 and parameters: {'gradient_clip_val': 0.334728339819738, 'hidden_size': 12, 'dropout': 0.1315801483107277, 'hidden_continuous_size': 7, 'attention_head_size': 3, 'learning_rate': 0.018287402925779003}. Best is trial 19 with value: 0.025298617780208588.
LOCAL_RANK: 0 - CUDA_VISIBLE_DEVICES: [0]
[I 2023-12-16 03:46:00,064] Trial 21 finished with value: 0.03470970317721367 and parameters: {'gradient_clip_val': 0.430537946015749, 'hidden_size': 8, 'dropout': 0.14223552766794298, 'hidden_continuous_size': 6, 'attention_head_size': 4, 'learning_rate': 0.027334929924654187}. Best is trial 19 with value: 0.025298617780208588.
LOCAL_RANK: 0 - CUDA_VISIBLE_DEVICES: [0]
[I 2023-12-16 03:46:46,785] Trial 22 finished with value: 0.04667378589510918 and parameters: {'gradient_clip_val': 0.2970493243618736, 'hidden_size': 10, 'dropout': 0.18974489775752268, 'hidden_continuous_size': 6, 'attention_head_size': 3, 'learning_rate': 0.06294038901040341}. Best is trial 19 with value: 0.025298617780208588.
LOCAL_RANK: 0 - CUDA_VISIBLE_DEVICES: [0]
[I 2023-12-16 03:47:34,323] Trial 23 finished with value: 0.03682584688067436 and parameters: {'gradient_clip_val': 0.23123450837894874, 'hidden_size': 14, 'dropout': 0.14796057364371332, 'hidden_continuous_size': 7, 'attention_head_size': 4, 'learning_rate': 0.026603238526665435}. Best is trial 19 with value: 0.025298617780208588.
LOCAL_RANK: 0 - CUDA_VISIBLE_DEVICES: [0]
[I 2023-12-16 03:48:20,456] Trial 24 finished with value: 0.04331626370549202 and parameters: {'gradient_clip_val': 0.2763520037176745, 'hidden_size': 7, 'dropout': 0.18049805729114865, 'hidden_continuous_size': 5, 'attention_head_size': 2, 'learning_rate': 0.05798063914945594}. Best is trial 19 with value: 0.025298617780208588.
LOCAL_RANK: 0 - CUDA_VISIBLE_DEVICES: [0]
[I 2023-12-16 03:49:08,964] Trial 25 finished with value: 0.03042753040790558 and parameters: {'gradient_clip_val': 0.3584269327128763, 'hidden_size': 20, 'dropout': 0.10865022843044661, 'hidden_continuous_size': 8, 'attention_head_size': 3, 'learning_rate': 0.012323720434961598}. Best is trial 19 with value: 0.025298617780208588.
LOCAL_RANK: 0 - CUDA_VISIBLE_DEVICES: [0]
[I 2023-12-16 03:49:58,001] Trial 26 finished with value: 0.04997069761157036 and parameters: {'gradient_clip_val': 0.494960798242532, 'hidden_size': 19, 'dropout': 0.11442685120860269, 'hidden_continuous_size': 8, 'attention_head_size': 3, 'learning_rate': 0.011696016663483223}. Best is trial 19 with value: 0.025298617780208588.
LOCAL_RANK: 0 - CUDA_VISIBLE_DEVICES: [0]
[I 2023-12-16 03:50:46,987] Trial 27 finished with value: 0.037339165806770325 and parameters: {'gradient_clip_val': 0.3723476820703888, 'hidden_size': 24, 'dropout': 0.10391185718674598, 'hidden_continuous_size': 12, 'attention_head_size': 2, 'learning_rate': 0.02031203703518442}. Best is trial 19 with value: 0.025298617780208588.
LOCAL_RANK: 0 - CUDA_VISIBLE_DEVICES: [0]
[I 2023-12-16 03:51:34,595] Trial 28 finished with value: 0.03892837092280388 and parameters: {'gradient_clip_val': 0.5394930900248336, 'hidden_size': 15, 'dropout': 0.13177382575040997, 'hidden_continuous_size': 8, 'attention_head_size': 3, 'learning_rate': 0.01090366970883993}. Best is trial 19 with value: 0.025298617780208588.
LOCAL_RANK: 0 - CUDA_VISIBLE_DEVICES: [0]
[I 2023-12-16 03:52:24,146] Trial 29 finished with value: 0.041285838931798935 and parameters: {'gradient_clip_val': 0.3919656695709564, 'hidden_size': 19, 'dropout': 0.20073650754546005, 'hidden_continuous_size': 10, 'attention_head_size': 3, 'learning_rate': 0.018370676660198943}. Best is trial 19 with value: 0.025298617780208588.
LOCAL_RANK: 0 - CUDA_VISIBLE_DEVICES: [0]
[I 2023-12-16 03:53:10,622] Trial 30 finished with value: 0.047255486249923706 and parameters: {'gradient_clip_val': 0.3304828637322176, 'hidden_size': 11, 'dropout': 0.12525003237492421, 'hidden_continuous_size': 7, 'attention_head_size': 2, 'learning_rate': 0.008741344881373035}. Best is trial 19 with value: 0.025298617780208588.
LOCAL_RANK: 0 - CUDA_VISIBLE_DEVICES: [0]
[I 2023-12-16 03:53:57,829] Trial 31 finished with value: 0.05141224339604378 and parameters: {'gradient_clip_val': 0.2715177675090097, 'hidden_size': 9, 'dropout': 0.15221329268543377, 'hidden_continuous_size': 6, 'attention_head_size': 4, 'learning_rate': 0.033862222358137406}. Best is trial 19 with value: 0.025298617780208588.
LOCAL_RANK: 0 - CUDA_VISIBLE_DEVICES: [0]
[I 2023-12-16 03:54:44,031] Trial 32 finished with value: 0.27230891585350037 and parameters: {'gradient_clip_val': 0.32765220681615276, 'hidden_size': 12, 'dropout': 0.1555230940600875, 'hidden_continuous_size': 6, 'attention_head_size': 4, 'learning_rate': 0.030152690564415212}. Best is trial 19 with value: 0.025298617780208588.
LOCAL_RANK: 0 - CUDA_VISIBLE_DEVICES: [0]
[I 2023-12-16 03:55:31,600] Trial 33 finished with value: 0.07801812887191772 and parameters: {'gradient_clip_val': 0.20879495938218562, 'hidden_size': 13, 'dropout': 0.1665485416173087, 'hidden_continuous_size': 7, 'attention_head_size': 4, 'learning_rate': 0.015833094737120704}. Best is trial 19 with value: 0.025298617780208588.
LOCAL_RANK: 0 - CUDA_VISIBLE_DEVICES: [0]
[I 2023-12-16 03:56:18,260] Trial 34 finished with value: 0.03623896464705467 and parameters: {'gradient_clip_val': 0.42550231254604964, 'hidden_size': 16, 'dropout': 0.13525816883459954, 'hidden_continuous_size': 8, 'attention_head_size': 4, 'learning_rate': 0.05203610701854487}. Best is trial 19 with value: 0.025298617780208588.
LOCAL_RANK: 0 - CUDA_VISIBLE_DEVICES: [0]
[I 2023-12-16 03:57:04,232] Trial 35 finished with value: 0.037658631801605225 and parameters: {'gradient_clip_val': 0.3050070230366085, 'hidden_size': 10, 'dropout': 0.11285763924510779, 'hidden_continuous_size': 6, 'attention_head_size': 1, 'learning_rate': 0.022536809158783536}. Best is trial 19 with value: 0.025298617780208588.
LOCAL_RANK: 0 - CUDA_VISIBLE_DEVICES: [0]
[I 2023-12-16 03:57:50,016] Trial 36 finished with value: 0.04838046431541443 and parameters: {'gradient_clip_val': 0.3788682587153129, 'hidden_size': 12, 'dropout': 0.15682044381279986, 'hidden_continuous_size': 7, 'attention_head_size': 3, 'learning_rate': 0.0335322869071883}. Best is trial 19 with value: 0.025298617780208588.
LOCAL_RANK: 0 - CUDA_VISIBLE_DEVICES: [0]
[I 2023-12-16 03:58:37,255] Trial 37 finished with value: 0.09493076056241989 and parameters: {'gradient_clip_val': 0.47524618118089745, 'hidden_size': 6, 'dropout': 0.17503863866222744, 'hidden_continuous_size': 5, 'attention_head_size': 4, 'learning_rate': 0.013717575390720044}. Best is trial 19 with value: 0.025298617780208588.
LOCAL_RANK: 0 - CUDA_VISIBLE_DEVICES: [0]
[I 2023-12-16 03:59:23,981] Trial 38 finished with value: 0.0826915055513382 and parameters: {'gradient_clip_val': 0.18786290849707965, 'hidden_size': 9, 'dropout': 0.12195492781998866, 'hidden_continuous_size': 6, 'attention_head_size': 3, 'learning_rate': 0.022308906613579354}. Best is trial 19 with value: 0.025298617780208588.
LOCAL_RANK: 0 - CUDA_VISIBLE_DEVICES: [0]
[I 2023-12-16 04:00:11,311] Trial 39 finished with value: 0.026959985494613647 and parameters: {'gradient_clip_val': 0.2527920169192047, 'hidden_size': 16, 'dropout': 0.22773797282352629, 'hidden_continuous_size': 10, 'attention_head_size': 4, 'learning_rate': 0.016608433468416034}. Best is trial 19 with value: 0.025298617780208588.
LOCAL_RANK: 0 - CUDA_VISIBLE_DEVICES: [0]
[I 2023-12-16 04:00:59,253] Trial 40 finished with value: 0.04084836319088936 and parameters: {'gradient_clip_val': 0.5667257844547086, 'hidden_size': 17, 'dropout': 0.22732150871108792, 'hidden_continuous_size': 10, 'attention_head_size': 1, 'learning_rate': 0.005970561052214146}. Best is trial 19 with value: 0.025298617780208588.
LOCAL_RANK: 0 - CUDA_VISIBLE_DEVICES: [0]
[I 2023-12-16 04:01:47,327] Trial 41 finished with value: 0.046077046543359756 and parameters: {'gradient_clip_val': 0.255206745797399, 'hidden_size': 14, 'dropout': 0.21980096228858315, 'hidden_continuous_size': 10, 'attention_head_size': 4, 'learning_rate': 0.018742066113670366}. Best is trial 19 with value: 0.025298617780208588.
LOCAL_RANK: 0 - CUDA_VISIBLE_DEVICES: [0]
[I 2023-12-16 04:02:36,421] Trial 42 finished with value: 0.03595036640763283 and parameters: {'gradient_clip_val': 0.22572823160393024, 'hidden_size': 17, 'dropout': 0.1887398390106503, 'hidden_continuous_size': 11, 'attention_head_size': 4, 'learning_rate': 0.011015179652326578}. Best is trial 19 with value: 0.025298617780208588.
LOCAL_RANK: 0 - CUDA_VISIBLE_DEVICES: [0]
[I 2023-12-16 04:03:24,030] Trial 43 finished with value: 0.03987263888120651 and parameters: {'gradient_clip_val': 0.2915272990310932, 'hidden_size': 11, 'dropout': 0.26241171866069823, 'hidden_continuous_size': 8, 'attention_head_size': 4, 'learning_rate': 0.024756779128961685}. Best is trial 19 with value: 0.025298617780208588.
LOCAL_RANK: 0 - CUDA_VISIBLE_DEVICES: [0]
[I 2023-12-16 04:04:15,385] Trial 44 finished with value: 0.05160771310329437 and parameters: {'gradient_clip_val': 0.2612981168132394, 'hidden_size': 31, 'dropout': 0.24297792484489833, 'hidden_continuous_size': 13, 'attention_head_size': 4, 'learning_rate': 0.015280644474250545}. Best is trial 19 with value: 0.025298617780208588.
LOCAL_RANK: 0 - CUDA_VISIBLE_DEVICES: [0]
[I 2023-12-16 04:05:04,771] Trial 45 finished with value: 0.02912442572414875 and parameters: {'gradient_clip_val': 0.17059241498654285, 'hidden_size': 19, 'dropout': 0.2942891570134709, 'hidden_continuous_size': 9, 'attention_head_size': 3, 'learning_rate': 0.03338416761349479}. Best is trial 19 with value: 0.025298617780208588.
LOCAL_RANK: 0 - CUDA_VISIBLE_DEVICES: [0]
[I 2023-12-16 04:05:53,571] Trial 46 finished with value: 0.03239595517516136 and parameters: {'gradient_clip_val': 0.16474215221243704, 'hidden_size': 20, 'dropout': 0.31752968579962976, 'hidden_continuous_size': 9, 'attention_head_size': 3, 'learning_rate': 0.03184870471146616}. Best is trial 19 with value: 0.025298617780208588.
LOCAL_RANK: 0 - CUDA_VISIBLE_DEVICES: [0]
[I 2023-12-16 04:06:42,468] Trial 47 finished with value: 0.029289470985531807 and parameters: {'gradient_clip_val': 0.12093067998285263, 'hidden_size': 24, 'dropout': 0.29268690211592374, 'hidden_continuous_size': 14, 'attention_head_size': 2, 'learning_rate': 0.02385620790437798}. Best is trial 19 with value: 0.025298617780208588.
LOCAL_RANK: 0 - CUDA_VISIBLE_DEVICES: [0]
[I 2023-12-16 04:07:31,283] Trial 48 finished with value: 0.0771188959479332 and parameters: {'gradient_clip_val': 0.11289731086723268, 'hidden_size': 24, 'dropout': 0.29875509175787124, 'hidden_continuous_size': 15, 'attention_head_size': 2, 'learning_rate': 0.024134143860622126}. Best is trial 19 with value: 0.025298617780208588.
LOCAL_RANK: 0 - CUDA_VISIBLE_DEVICES: [0]
[I 2023-12-16 04:08:17,988] Trial 49 finished with value: 0.03650413453578949 and parameters: {'gradient_clip_val': 0.1479491488036011, 'hidden_size': 16, 'dropout': 0.2588494317514604, 'hidden_continuous_size': 9, 'attention_head_size': 2, 'learning_rate': 0.04788022049239463}. Best is trial 19 with value: 0.025298617780208588.
[I 2023-12-16 04:08:18,083] A new study created in memory with name: no-name-674ff6e4-27c6-4827-be1f-c9827306f603
/home/le004/conda/anaconda3/envs/tsff_env/lib/python3.9/site-packages/lightning/fabric/plugins/environments/slurm.py:191: The `srun` command is available on your system but is not used. HINT: If your intention is to run Lightning on SLURM, prepend your python command with `srun` like so: srun python /home/le004/master_thesis/git/TSFusionForecast/code/ ...
LOCAL_RANK: 0 - CUDA_VISIBLE_DEVICES: [0]
[I 2023-12-16 04:09:14,860] Trial 0 finished with value: 210.3485565185547 and parameters: {'gradient_clip_val': 0.7046296285396163, 'hidden_size': 74, 'dropout': 0.15650363800789313, 'hidden_continuous_size': 63, 'attention_head_size': 2, 'learning_rate': 0.0036537828532630266}. Best is trial 0 with value: 210.3485565185547.
LOCAL_RANK: 0 - CUDA_VISIBLE_DEVICES: [0]
[I 2023-12-16 04:09:59,508] Trial 1 finished with value: 67.33040618896484 and parameters: {'gradient_clip_val': 0.8106928846742985, 'hidden_size': 8, 'dropout': 0.30400033901073376, 'hidden_continuous_size': 7, 'attention_head_size': 1, 'learning_rate': 0.004115321842987904}. Best is trial 1 with value: 67.33040618896484.
LOCAL_RANK: 0 - CUDA_VISIBLE_DEVICES: [0]
[I 2023-12-16 04:10:46,295] Trial 2 finished with value: 82.984375 and parameters: {'gradient_clip_val': 0.15434790008895327, 'hidden_size': 13, 'dropout': 0.265669020073137, 'hidden_continuous_size': 8, 'attention_head_size': 1, 'learning_rate': 0.001325555569036859}. Best is trial 1 with value: 67.33040618896484.
LOCAL_RANK: 0 - CUDA_VISIBLE_DEVICES: [0]
