[I 2023-12-27 11:09:52,832] Trial 23 finished with value: 1.4081863164901733 and parameters: {'gradient_clip_val': 0.1512513215835653, 'hidden_size': 92, 'dropout': 0.4198997098216332, 'hidden_continuous_size': 27, 'attention_head_size': 1, 'learning_rate': 0.031601458034910615}. Best is trial 0 with value: 0.022194569930434227.
[I 2023-12-27 11:09:53,372] Trial 24 finished with value: 2.017958879470825 and parameters: {'gradient_clip_val': 0.12183890630567933, 'hidden_size': 118, 'dropout': 0.4955313593600876, 'hidden_continuous_size': 15, 'attention_head_size': 1, 'learning_rate': 0.05937438116415774}. Best is trial 0 with value: 0.022194569930434227.
[I 2023-12-27 11:09:54,098] Trial 25 finished with value: 1.4034217596054077 and parameters: {'gradient_clip_val': 0.10091866124876303, 'hidden_size': 78, 'dropout': 0.44160326101662484, 'hidden_continuous_size': 20, 'attention_head_size': 2, 'learning_rate': 0.01898469485186161}. Best is trial 0 with value: 0.022194569930434227.
[I 2023-12-27 11:09:54,749] Trial 26 finished with value: 1.8885307312011719 and parameters: {'gradient_clip_val': 0.1679927060165584, 'hidden_size': 148, 'dropout': 0.39270417380482114, 'hidden_continuous_size': 54, 'attention_head_size': 1, 'learning_rate': 0.06369210903396816}. Best is trial 0 with value: 0.022194569930434227.
[I 2023-12-27 11:09:55,203] Trial 27 finished with value: 1.633440613746643 and parameters: {'gradient_clip_val': 0.12402238199066289, 'hidden_size': 57, 'dropout': 0.46766606397612015, 'hidden_continuous_size': 14, 'attention_head_size': 2, 'learning_rate': 0.027366895021207434}. Best is trial 0 with value: 0.022194569930434227.
[I 2023-12-27 11:09:55,677] Trial 28 finished with value: 1.3887795209884644 and parameters: {'gradient_clip_val': 0.146411906487946, 'hidden_size': 76, 'dropout': 0.4993174613238807, 'hidden_continuous_size': 22, 'attention_head_size': 1, 'learning_rate': 0.009191820472886495}. Best is trial 0 with value: 0.022194569930434227.
[I 2023-12-27 11:09:56,200] Trial 29 finished with value: 1.3514761924743652 and parameters: {'gradient_clip_val': 0.18805391234236796, 'hidden_size': 104, 'dropout': 0.47348791520089223, 'hidden_continuous_size': 29, 'attention_head_size': 4, 'learning_rate': 0.016317064066831536}. Best is trial 0 with value: 0.022194569930434227.
[I 2023-12-27 11:09:56,694] Trial 30 finished with value: 1.8624128103256226 and parameters: {'gradient_clip_val': 0.15762509218117948, 'hidden_size': 90, 'dropout': 0.43675075284735454, 'hidden_continuous_size': 18, 'attention_head_size': 3, 'learning_rate': 0.03686655056445327}. Best is trial 0 with value: 0.022194569930434227.
[I 2023-12-27 11:09:57,233] Trial 31 finished with value: 1.8566354513168335 and parameters: {'gradient_clip_val': 0.11648549258911163, 'hidden_size': 114, 'dropout': 0.47763170432944535, 'hidden_continuous_size': 25, 'attention_head_size': 1, 'learning_rate': 0.013459380119746978}. Best is trial 0 with value: 0.022194569930434227.
[I 2023-12-27 11:09:57,780] Trial 32 finished with value: 1.279938817024231 and parameters: {'gradient_clip_val': 0.10855416064878189, 'hidden_size': 121, 'dropout': 0.46921711454250886, 'hidden_continuous_size': 22, 'attention_head_size': 1, 'learning_rate': 0.02213371573370571}. Best is trial 0 with value: 0.022194569930434227.
[I 2023-12-27 11:09:58,330] Trial 33 finished with value: 1.2487361431121826 and parameters: {'gradient_clip_val': 0.11540125696381331, 'hidden_size': 116, 'dropout': 0.4929745616062537, 'hidden_continuous_size': 30, 'attention_head_size': 1, 'learning_rate': 0.014934672060984889}. Best is trial 0 with value: 0.022194569930434227.
[I 2023-12-27 11:09:58,866] Trial 34 finished with value: 1.6071381568908691 and parameters: {'gradient_clip_val': 0.1433057951546079, 'hidden_size': 122, 'dropout': 0.4569492659549751, 'hidden_continuous_size': 42, 'attention_head_size': 2, 'learning_rate': 0.024814968610299883}. Best is trial 0 with value: 0.022194569930434227.
[I 2023-12-27 11:09:59,462] Trial 35 finished with value: 1.389691948890686 and parameters: {'gradient_clip_val': 0.11663223114370498, 'hidden_size': 150, 'dropout': 0.43592113611598404, 'hidden_continuous_size': 40, 'attention_head_size': 1, 'learning_rate': 0.03103224255821499}. Best is trial 0 with value: 0.022194569930434227.
[I 2023-12-27 11:09:59,913] Trial 36 finished with value: 1.2055736780166626 and parameters: {'gradient_clip_val': 0.13410504248194338, 'hidden_size': 62, 'dropout': 0.4995672956294937, 'hidden_continuous_size': 24, 'attention_head_size': 2, 'learning_rate': 0.010378229393001703}. Best is trial 0 with value: 0.022194569930434227.
[I 2023-12-27 11:10:00,356] Trial 37 finished with value: 1.1296288967132568 and parameters: {'gradient_clip_val': 0.15603295381546137, 'hidden_size': 63, 'dropout': 0.4787760960613571, 'hidden_continuous_size': 19, 'attention_head_size': 2, 'learning_rate': 0.00990335248935237}. Best is trial 0 with value: 0.022194569930434227.
[I 2023-12-27 11:10:01,064] Trial 38 finished with value: 1.5695300102233887 and parameters: {'gradient_clip_val': 0.23950563928022978, 'hidden_size': 82, 'dropout': 0.47384806819213365, 'hidden_continuous_size': 16, 'attention_head_size': 2, 'learning_rate': 0.0067270301599729855}. Best is trial 0 with value: 0.022194569930434227.
[I 2023-12-27 11:10:01,492] Trial 39 finished with value: 1.680496335029602 and parameters: {'gradient_clip_val': 0.1782599869966524, 'hidden_size': 57, 'dropout': 0.40466700812433865, 'hidden_continuous_size': 13, 'attention_head_size': 4, 'learning_rate': 0.0497326144616345}. Best is trial 0 with value: 0.022194569930434227.
[I 2023-12-27 11:10:01,912] Trial 40 finished with value: 1.4976553916931152 and parameters: {'gradient_clip_val': 0.16002964334439593, 'hidden_size': 43, 'dropout': 0.37111609671222573, 'hidden_continuous_size': 19, 'attention_head_size': 3, 'learning_rate': 0.019807799675531028}. Best is trial 0 with value: 0.022194569930434227.
[I 2023-12-27 11:10:02,399] Trial 41 finished with value: 1.2423181533813477 and parameters: {'gradient_clip_val': 0.13636323618179508, 'hidden_size': 65, 'dropout': 0.4500902823464578, 'hidden_continuous_size': 22, 'attention_head_size': 2, 'learning_rate': 0.011538740833307512}. Best is trial 0 with value: 0.022194569930434227.
[I 2023-12-27 11:10:02,859] Trial 42 finished with value: 1.7122081518173218 and parameters: {'gradient_clip_val': 0.15258147584270076, 'hidden_size': 85, 'dropout': 0.484892391525329, 'hidden_continuous_size': 27, 'attention_head_size': 2, 'learning_rate': 0.008709274904361887}. Best is trial 0 with value: 0.022194569930434227.
[I 2023-12-27 11:10:03,341] Trial 43 finished with value: 1.4829216003417969 and parameters: {'gradient_clip_val': 0.12632869967418361, 'hidden_size': 104, 'dropout': 0.4579343734074277, 'hidden_continuous_size': 15, 'attention_head_size': 2, 'learning_rate': 0.016547997947111065}. Best is trial 0 with value: 0.022194569930434227.
[I 2023-12-27 11:10:03,735] Trial 44 finished with value: 1.1077560186386108 and parameters: {'gradient_clip_val': 0.18694709704335052, 'hidden_size': 36, 'dropout': 0.48186600411567193, 'hidden_continuous_size': 20, 'attention_head_size': 2, 'learning_rate': 0.0054018925374751765}. Best is trial 0 with value: 0.022194569930434227.
[I 2023-12-27 11:10:04,136] Trial 45 finished with value: 1.375296950340271 and parameters: {'gradient_clip_val': 0.18330131121017854, 'hidden_size': 29, 'dropout': 0.47720512207990856, 'hidden_continuous_size': 18, 'attention_head_size': 3, 'learning_rate': 0.005415884972348154}. Best is trial 0 with value: 0.022194569930434227.
[I 2023-12-27 11:10:04,559] Trial 46 finished with value: 1.2497237920761108 and parameters: {'gradient_clip_val': 0.1664626195870575, 'hidden_size': 72, 'dropout': 0.42567816482337345, 'hidden_continuous_size': 12, 'attention_head_size': 2, 'learning_rate': 0.003068168436623717}. Best is trial 0 with value: 0.022194569930434227.
[I 2023-12-27 11:10:04,961] Trial 47 finished with value: 1.2883145809173584 and parameters: {'gradient_clip_val': 0.10992398678533899, 'hidden_size': 40, 'dropout': 0.4542975061105516, 'hidden_continuous_size': 19, 'attention_head_size': 3, 'learning_rate': 0.00755419963794636}. Best is trial 0 with value: 0.022194569930434227.
[I 2023-12-27 11:10:05,353] Trial 48 finished with value: 2.1427500247955322 and parameters: {'gradient_clip_val': 0.26120589832131647, 'hidden_size': 36, 'dropout': 0.48303493952990695, 'hidden_continuous_size': 21, 'attention_head_size': 2, 'learning_rate': 0.034913475985944596}. Best is trial 0 with value: 0.022194569930434227.
[I 2023-12-27 11:10:05,757] Trial 49 finished with value: 1.6815510988235474 and parameters: {'gradient_clip_val': 0.18714023921547213, 'hidden_size': 51, 'dropout': 0.2738853922099256, 'hidden_continuous_size': 16, 'attention_head_size': 1, 'learning_rate': 0.004179456349505297}. Best is trial 0 with value: 0.022194569930434227.
[I 2023-12-27 11:10:05,872] A new study created in memory with name: no-name-9e760d97-58d3-491a-9a77-1f9143b7d0bc
/home/le004/conda/anaconda3/envs/tsff_env/lib/python3.9/site-packages/lightning/fabric/plugins/environments/slurm.py:191: The `srun` command is available on your system but is not used. HINT: If your intention is to run Lightning on SLURM, prepend your python command with `srun` like so: srun python /home/le004/master_thesis/git/TSFusionForecast/code/ ...
[I 2023-12-27 11:10:52,292] Trial 0 finished with value: 0.10658589005470276 and parameters: {'gradient_clip_val': 0.5085906886329448, 'hidden_size': 132, 'dropout': 0.14240513065269386, 'hidden_continuous_size': 8, 'attention_head_size': 1, 'learning_rate': 0.010895232523582583}. Best is trial 0 with value: 0.10658589005470276.
[I 2023-12-27 11:10:52,655] Trial 1 finished with value: 2.928241729736328 and parameters: {'gradient_clip_val': 0.19599423999551563, 'hidden_size': 16, 'dropout': 0.2680875043741606, 'hidden_continuous_size': 10, 'attention_head_size': 1, 'learning_rate': 0.018737837295460302}. Best is trial 0 with value: 0.10658589005470276.
[I 2023-12-27 11:10:53,040] Trial 2 finished with value: 2.550525426864624 and parameters: {'gradient_clip_val': 0.394017180984092, 'hidden_size': 33, 'dropout': 0.17829478685468947, 'hidden_continuous_size': 19, 'attention_head_size': 4, 'learning_rate': 0.0012388338125598032}. Best is trial 0 with value: 0.10658589005470276.
[I 2023-12-27 11:10:53,441] Trial 3 finished with value: 2.88749098777771 and parameters: {'gradient_clip_val': 0.2085425631363464, 'hidden_size': 50, 'dropout': 0.3314690116655182, 'hidden_continuous_size': 5, 'attention_head_size': 2, 'learning_rate': 0.0114293251514316}. Best is trial 0 with value: 0.10658589005470276.
[I 2023-12-27 11:10:53,842] Trial 4 finished with value: 2.9344475269317627 and parameters: {'gradient_clip_val': 0.20251342318555962, 'hidden_size': 50, 'dropout': 0.46433139881168883, 'hidden_continuous_size': 10, 'attention_head_size': 3, 'learning_rate': 0.001312380837070337}. Best is trial 0 with value: 0.10658589005470276.
[I 2023-12-27 11:10:54,215] Trial 5 finished with value: 2.738631010055542 and parameters: {'gradient_clip_val': 0.6952016498975816, 'hidden_size': 33, 'dropout': 0.22084855712740126, 'hidden_continuous_size': 7, 'attention_head_size': 1, 'learning_rate': 0.0008240741770855132}. Best is trial 0 with value: 0.10658589005470276.
[I 2023-12-27 11:10:54,694] Trial 6 finished with value: 2.525038003921509 and parameters: {'gradient_clip_val': 0.30272669392427953, 'hidden_size': 105, 'dropout': 0.3307955166119849, 'hidden_continuous_size': 8, 'attention_head_size': 2, 'learning_rate': 0.01787605582652237}. Best is trial 0 with value: 0.10658589005470276.
[I 2023-12-27 11:10:55,160] Trial 7 finished with value: 3.544140100479126 and parameters: {'gradient_clip_val': 0.6041290792873764, 'hidden_size': 84, 'dropout': 0.28809731610872197, 'hidden_continuous_size': 53, 'attention_head_size': 1, 'learning_rate': 0.038001681116680966}. Best is trial 0 with value: 0.10658589005470276.
[I 2023-12-27 11:10:55,627] Trial 8 finished with value: 2.634765386581421 and parameters: {'gradient_clip_val': 0.7207070270103887, 'hidden_size': 85, 'dropout': 0.19364942813463273, 'hidden_continuous_size': 46, 'attention_head_size': 2, 'learning_rate': 0.009270112884174108}. Best is trial 0 with value: 0.10658589005470276.
[I 2023-12-27 11:10:55,977] Trial 9 finished with value: 2.967231035232544 and parameters: {'gradient_clip_val': 0.18480523338810223, 'hidden_size': 24, 'dropout': 0.32692595300060245, 'hidden_continuous_size': 7, 'attention_head_size': 1, 'learning_rate': 0.0059197447790970146}. Best is trial 0 with value: 0.10658589005470276.
[I 2023-12-27 11:10:56,320] Trial 10 finished with value: 3.3417224884033203 and parameters: {'gradient_clip_val': 0.10405557187440136, 'hidden_size': 5, 'dropout': 0.11390540331663031, 'hidden_continuous_size': 5, 'attention_head_size': 3, 'learning_rate': 0.06534042557809348}. Best is trial 0 with value: 0.10658589005470276.
[I 2023-12-27 11:10:56,877] Trial 11 finished with value: 2.7848408222198486 and parameters: {'gradient_clip_val': 0.4138646467536685, 'hidden_size': 127, 'dropout': 0.10907470893279872, 'hidden_continuous_size': 18, 'attention_head_size': 2, 'learning_rate': 0.0038497399595199358}. Best is trial 0 with value: 0.10658589005470276.
[I 2023-12-27 11:10:57,463] Trial 12 finished with value: 3.3341217041015625 and parameters: {'gradient_clip_val': 0.9847762803424223, 'hidden_size': 147, 'dropout': 0.38503314561841756, 'hidden_continuous_size': 14, 'attention_head_size': 2, 'learning_rate': 0.026331583667592983}. Best is trial 0 with value: 0.10658589005470276.
[I 2023-12-27 11:10:58,303] Trial 13 finished with value: 2.2494773864746094 and parameters: {'gradient_clip_val': 0.33082076374246067, 'hidden_size': 143, 'dropout': 0.3937158902427422, 'hidden_continuous_size': 30, 'attention_head_size': 3, 'learning_rate': 0.07439147263039073}. Best is trial 0 with value: 0.10658589005470276.
[I 2023-12-27 11:10:58,895] Trial 14 finished with value: 3.93290638923645 and parameters: {'gradient_clip_val': 0.49001333929731744, 'hidden_size': 141, 'dropout': 0.4130276526605905, 'hidden_continuous_size': 33, 'attention_head_size': 4, 'learning_rate': 0.07698683273595087}. Best is trial 0 with value: 0.10658589005470276.
[I 2023-12-27 11:10:59,357] Trial 15 finished with value: 2.278980016708374 and parameters: {'gradient_clip_val': 0.29766891759278, 'hidden_size': 72, 'dropout': 0.4864429092511359, 'hidden_continuous_size': 30, 'attention_head_size': 3, 'learning_rate': 0.09513993553179166}. Best is trial 0 with value: 0.10658589005470276.
[I 2023-12-27 11:10:59,986] Trial 16 finished with value: 2.946446180343628 and parameters: {'gradient_clip_val': 0.4764065591546055, 'hidden_size': 140, 'dropout': 0.38489695948285196, 'hidden_continuous_size': 86, 'attention_head_size': 3, 'learning_rate': 0.03132497041023379}. Best is trial 0 with value: 0.10658589005470276.
[I 2023-12-27 11:11:00,439] Trial 17 finished with value: 2.977198600769043 and parameters: {'gradient_clip_val': 0.3435651170565949, 'hidden_size': 69, 'dropout': 0.2377573883703459, 'hidden_continuous_size': 15, 'attention_head_size': 4, 'learning_rate': 0.045101262662061}. Best is trial 0 with value: 0.10658589005470276.
[I 2023-12-27 11:11:00,888] Trial 18 finished with value: 2.93401837348938 and parameters: {'gradient_clip_val': 0.5394056953147484, 'hidden_size': 60, 'dropout': 0.15914372813415703, 'hidden_continuous_size': 26, 'attention_head_size': 3, 'learning_rate': 0.09943965672169704}. Best is trial 0 with value: 0.10658589005470276.
[I 2023-12-27 11:11:01,390] Trial 19 finished with value: 2.709620237350464 and parameters: {'gradient_clip_val': 0.2672282815380645, 'hidden_size': 99, 'dropout': 0.2462730502438943, 'hidden_continuous_size': 13, 'attention_head_size': 4, 'learning_rate': 0.04887242178471867}. Best is trial 0 with value: 0.10658589005470276.
[I 2023-12-27 11:11:01,905] Trial 20 finished with value: 3.142062187194824 and parameters: {'gradient_clip_val': 0.44890525129053954, 'hidden_size': 101, 'dropout': 0.2968805580632936, 'hidden_continuous_size': 22, 'attention_head_size': 1, 'learning_rate': 0.0032954404524793116}. Best is trial 0 with value: 0.10658589005470276.
[I 2023-12-27 11:11:02,532] Trial 21 finished with value: 2.8545684814453125 and parameters: {'gradient_clip_val': 0.34646498625249067, 'hidden_size': 150, 'dropout': 0.47888678342999574, 'hidden_continuous_size': 28, 'attention_head_size': 3, 'learning_rate': 0.08705392539949923}. Best is trial 0 with value: 0.10658589005470276.
[I 2023-12-27 11:11:03,033] Trial 22 finished with value: 3.961163282394409 and parameters: {'gradient_clip_val': 0.28558332685935334, 'hidden_size': 83, 'dropout': 0.4992320753917876, 'hidden_continuous_size': 33, 'attention_head_size': 3, 'learning_rate': 0.0572433338785554}. Best is trial 0 with value: 0.10658589005470276.
[I 2023-12-27 11:11:03,566] Trial 23 finished with value: 3.277444839477539 and parameters: {'gradient_clip_val': 0.39149527868993866, 'hidden_size': 108, 'dropout': 0.4400164297292509, 'hidden_continuous_size': 42, 'attention_head_size': 3, 'learning_rate': 0.09623987492540263}. Best is trial 0 with value: 0.10658589005470276.
[I 2023-12-27 11:11:04,033] Trial 24 finished with value: 1.6930499076843262 and parameters: {'gradient_clip_val': 0.23990731176216434, 'hidden_size': 69, 'dropout': 0.43208664405908237, 'hidden_continuous_size': 24, 'attention_head_size': 2, 'learning_rate': 0.024465789054328713}. Best is trial 0 with value: 0.10658589005470276.
[I 2023-12-27 11:11:04,583] Trial 25 finished with value: 2.3741962909698486 and parameters: {'gradient_clip_val': 0.2426349417528476, 'hidden_size': 110, 'dropout': 0.43338510232789895, 'hidden_continuous_size': 21, 'attention_head_size': 2, 'learning_rate': 0.025135981933592188}. Best is trial 0 with value: 0.10658589005470276.
[I 2023-12-27 11:11:05,428] Trial 26 finished with value: 2.4867210388183594 and parameters: {'gradient_clip_val': 0.3530626676783063, 'hidden_size': 117, 'dropout': 0.3674611434727312, 'hidden_continuous_size': 17, 'attention_head_size': 1, 'learning_rate': 0.015026944094896603}. Best is trial 0 with value: 0.10658589005470276.
[I 2023-12-27 11:11:05,891] Trial 27 finished with value: 3.185391664505005 and parameters: {'gradient_clip_val': 0.23774345032107777, 'hidden_size': 57, 'dropout': 0.4079210479111442, 'hidden_continuous_size': 23, 'attention_head_size': 2, 'learning_rate': 0.03431747616652856}. Best is trial 0 with value: 0.10658589005470276.
[I 2023-12-27 11:11:06,389] Trial 28 finished with value: 2.6465017795562744 and parameters: {'gradient_clip_val': 0.15401930452209617, 'hidden_size': 78, 'dropout': 0.45196783203767815, 'hidden_continuous_size': 24, 'attention_head_size': 2, 'learning_rate': 0.012930859438942269}. Best is trial 0 with value: 0.10658589005470276.
[I 2023-12-27 11:11:06,825] Trial 29 finished with value: 3.1385443210601807 and parameters: {'gradient_clip_val': 0.3244221215299714, 'hidden_size': 43, 'dropout': 0.27939567228508383, 'hidden_continuous_size': 12, 'attention_head_size': 1, 'learning_rate': 0.019243864882621708}. Best is trial 0 with value: 0.10658589005470276.
[I 2023-12-27 11:11:07,298] Trial 30 finished with value: 3.4430418014526367 and parameters: {'gradient_clip_val': 0.4091883293762497, 'hidden_size': 67, 'dropout': 0.36377270482071977, 'hidden_continuous_size': 16, 'attention_head_size': 1, 'learning_rate': 0.02466472126449385}. Best is trial 0 with value: 0.10658589005470276.
[I 2023-12-27 11:11:07,789] Trial 31 finished with value: 2.141472816467285 and parameters: {'gradient_clip_val': 0.2851820617687615, 'hidden_size': 74, 'dropout': 0.4955024682208109, 'hidden_continuous_size': 28, 'attention_head_size': 3, 'learning_rate': 0.05798202747975807}. Best is trial 0 with value: 0.10658589005470276.
[I 2023-12-27 11:11:08,281] Trial 32 finished with value: 2.5691609382629395 and parameters: {'gradient_clip_val': 0.27081354851404893, 'hidden_size': 88, 'dropout': 0.46038765038826635, 'hidden_continuous_size': 19, 'attention_head_size': 3, 'learning_rate': 0.049711648490739224}. Best is trial 0 with value: 0.10658589005470276.
[I 2023-12-27 11:11:08,885] Trial 33 finished with value: 3.335533380508423 and parameters: {'gradient_clip_val': 0.3756218602361977, 'hidden_size': 126, 'dropout': 0.4240002727985228, 'hidden_continuous_size': 37, 'attention_head_size': 4, 'learning_rate': 0.06383179834744465}. Best is trial 0 with value: 0.10658589005470276.
[I 2023-12-27 11:11:09,333] Trial 34 finished with value: 2.9092605113983154 and parameters: {'gradient_clip_val': 0.2348627355978333, 'hidden_size': 53, 'dropout': 0.46286970272824857, 'hidden_continuous_size': 20, 'attention_head_size': 3, 'learning_rate': 0.03422722563677658}. Best is trial 0 with value: 0.10658589005470276.
[I 2023-12-27 11:11:09,773] Trial 35 finished with value: 2.8079097270965576 and parameters: {'gradient_clip_val': 0.3270346679853737, 'hidden_size': 42, 'dropout': 0.4970445769144645, 'hidden_continuous_size': 25, 'attention_head_size': 2, 'learning_rate': 0.04105277464221511}. Best is trial 0 with value: 0.10658589005470276.
[I 2023-12-27 11:11:10,297] Trial 36 finished with value: 2.9180567264556885 and parameters: {'gradient_clip_val': 0.2107122485247012, 'hidden_size': 95, 'dropout': 0.44519092540722827, 'hidden_continuous_size': 11, 'attention_head_size': 3, 'learning_rate': 0.01813043214434054}. Best is trial 0 with value: 0.10658589005470276.
[I 2023-12-27 11:11:10,858] Trial 37 finished with value: 2.1393635272979736 and parameters: {'gradient_clip_val': 0.27572354175508734, 'hidden_size': 118, 'dropout': 0.4784350350350871, 'hidden_continuous_size': 28, 'attention_head_size': 2, 'learning_rate': 0.010608086146812867}. Best is trial 0 with value: 0.10658589005470276.
