[I 2023-12-27 10:56:13,620] Trial 30 finished with value: 34.557559967041016 and parameters: {'gradient_clip_val': 0.2678856445278063, 'hidden_size': 33, 'dropout': 0.35671106210621484, 'hidden_continuous_size': 12, 'attention_head_size': 3, 'learning_rate': 0.006812039042603835}. Best is trial 0 with value: 10.173556327819824.
LOCAL_RANK: 0 - CUDA_VISIBLE_DEVICES: [0]
[I 2023-12-27 10:56:14,094] Trial 31 finished with value: 36.64572525024414 and parameters: {'gradient_clip_val': 0.1209347206645803, 'hidden_size': 5, 'dropout': 0.40620333306338097, 'hidden_continuous_size': 5, 'attention_head_size': 2, 'learning_rate': 0.0029274093958586403}. Best is trial 0 with value: 10.173556327819824.
LOCAL_RANK: 0 - CUDA_VISIBLE_DEVICES: [0]
[I 2023-12-27 10:56:14,494] Trial 32 finished with value: 29.940841674804688 and parameters: {'gradient_clip_val': 0.149516242862197, 'hidden_size': 5, 'dropout': 0.46373993875672936, 'hidden_continuous_size': 5, 'attention_head_size': 2, 'learning_rate': 0.003992633139001165}. Best is trial 0 with value: 10.173556327819824.
LOCAL_RANK: 0 - CUDA_VISIBLE_DEVICES: [0]
[I 2023-12-27 10:56:14,934] Trial 33 finished with value: 36.79274368286133 and parameters: {'gradient_clip_val': 0.12636603952637707, 'hidden_size': 7, 'dropout': 0.4284175389719625, 'hidden_continuous_size': 5, 'attention_head_size': 2, 'learning_rate': 0.0027196929448964143}. Best is trial 0 with value: 10.173556327819824.
LOCAL_RANK: 0 - CUDA_VISIBLE_DEVICES: [0]
[I 2023-12-27 10:56:15,398] Trial 34 finished with value: 37.73591232299805 and parameters: {'gradient_clip_val': 0.19834211505036137, 'hidden_size': 12, 'dropout': 0.39998092637738286, 'hidden_continuous_size': 6, 'attention_head_size': 1, 'learning_rate': 0.006373786966245069}. Best is trial 0 with value: 10.173556327819824.
LOCAL_RANK: 0 - CUDA_VISIBLE_DEVICES: [0]
[I 2023-12-27 10:56:15,888] Trial 35 finished with value: 35.48871994018555 and parameters: {'gradient_clip_val': 0.16299456705675713, 'hidden_size': 17, 'dropout': 0.35862152633420585, 'hidden_continuous_size': 8, 'attention_head_size': 2, 'learning_rate': 0.0020069355619596273}. Best is trial 0 with value: 10.173556327819824.
LOCAL_RANK: 0 - CUDA_VISIBLE_DEVICES: [0]
[I 2023-12-27 10:56:16,369] Trial 36 finished with value: 33.297481536865234 and parameters: {'gradient_clip_val': 0.11394058713885437, 'hidden_size': 6, 'dropout': 0.43387258435671916, 'hidden_continuous_size': 5, 'attention_head_size': 2, 'learning_rate': 0.004334887379872536}. Best is trial 0 with value: 10.173556327819824.
LOCAL_RANK: 0 - CUDA_VISIBLE_DEVICES: [0]
[I 2023-12-27 10:56:16,817] Trial 37 finished with value: 43.90127944946289 and parameters: {'gradient_clip_val': 0.21601699643164668, 'hidden_size': 9, 'dropout': 0.4785343420293174, 'hidden_continuous_size': 6, 'attention_head_size': 1, 'learning_rate': 0.010851687656455713}. Best is trial 0 with value: 10.173556327819824.
LOCAL_RANK: 0 - CUDA_VISIBLE_DEVICES: [0]
[I 2023-12-27 10:56:17,320] Trial 38 finished with value: 36.152442932128906 and parameters: {'gradient_clip_val': 0.1395739848791047, 'hidden_size': 106, 'dropout': 0.3796726038480547, 'hidden_continuous_size': 14, 'attention_head_size': 3, 'learning_rate': 0.007963790446192397}. Best is trial 0 with value: 10.173556327819824.
LOCAL_RANK: 0 - CUDA_VISIBLE_DEVICES: [0]
[I 2023-12-27 10:56:17,801] Trial 39 finished with value: 30.57668113708496 and parameters: {'gradient_clip_val': 0.19738198641413157, 'hidden_size': 149, 'dropout': 0.44914097570629297, 'hidden_continuous_size': 10, 'attention_head_size': 2, 'learning_rate': 0.0038102138630007635}. Best is trial 0 with value: 10.173556327819824.
LOCAL_RANK: 0 - CUDA_VISIBLE_DEVICES: [0]
[I 2023-12-27 10:56:18,299] Trial 40 finished with value: 39.70725631713867 and parameters: {'gradient_clip_val': 0.18431968144827018, 'hidden_size': 115, 'dropout': 0.4123864392332539, 'hidden_continuous_size': 12, 'attention_head_size': 1, 'learning_rate': 0.006530990776273127}. Best is trial 0 with value: 10.173556327819824.
LOCAL_RANK: 0 - CUDA_VISIBLE_DEVICES: [0]
[I 2023-12-27 10:56:18,702] Trial 41 finished with value: 38.8309211730957 and parameters: {'gradient_clip_val': 0.4816778689771263, 'hidden_size': 5, 'dropout': 0.1010213730871361, 'hidden_continuous_size': 5, 'attention_head_size': 2, 'learning_rate': 0.002438263425683363}. Best is trial 0 with value: 10.173556327819824.
LOCAL_RANK: 0 - CUDA_VISIBLE_DEVICES: [0]
[I 2023-12-27 10:56:19,450] Trial 42 finished with value: 26.316293716430664 and parameters: {'gradient_clip_val': 0.3786570858532165, 'hidden_size': 6, 'dropout': 0.16952836184065506, 'hidden_continuous_size': 5, 'attention_head_size': 2, 'learning_rate': 0.003924112844766104}. Best is trial 0 with value: 10.173556327819824.
LOCAL_RANK: 0 - CUDA_VISIBLE_DEVICES: [0]
[I 2023-12-27 10:56:19,901] Trial 43 finished with value: 26.145719528198242 and parameters: {'gradient_clip_val': 0.37685835819900476, 'hidden_size': 6, 'dropout': 0.21151653019339295, 'hidden_continuous_size': 5, 'attention_head_size': 2, 'learning_rate': 0.0035990649727728028}. Best is trial 0 with value: 10.173556327819824.
LOCAL_RANK: 0 - CUDA_VISIBLE_DEVICES: [0]
[I 2023-12-27 10:56:20,389] Trial 44 finished with value: 43.09101486206055 and parameters: {'gradient_clip_val': 0.3276425597834127, 'hidden_size': 8, 'dropout': 0.1892866698208186, 'hidden_continuous_size': 6, 'attention_head_size': 3, 'learning_rate': 0.005156106631514521}. Best is trial 0 with value: 10.173556327819824.
LOCAL_RANK: 0 - CUDA_VISIBLE_DEVICES: [0]
[I 2023-12-27 10:56:20,836] Trial 45 finished with value: 28.566003799438477 and parameters: {'gradient_clip_val': 0.38813640238994596, 'hidden_size': 6, 'dropout': 0.21831518813588607, 'hidden_continuous_size': 5, 'attention_head_size': 2, 'learning_rate': 0.007307353432325279}. Best is trial 0 with value: 10.173556327819824.
LOCAL_RANK: 0 - CUDA_VISIBLE_DEVICES: [0]
[I 2023-12-27 10:56:21,312] Trial 46 finished with value: 30.071813583374023 and parameters: {'gradient_clip_val': 0.2758149901900535, 'hidden_size': 11, 'dropout': 0.15683219523834163, 'hidden_continuous_size': 7, 'attention_head_size': 1, 'learning_rate': 0.003279538745161592}. Best is trial 0 with value: 10.173556327819824.
LOCAL_RANK: 0 - CUDA_VISIBLE_DEVICES: [0]
[I 2023-12-27 10:56:21,765] Trial 47 finished with value: 34.911136627197266 and parameters: {'gradient_clip_val': 0.6490932472390939, 'hidden_size': 11, 'dropout': 0.24979463395207602, 'hidden_continuous_size': 7, 'attention_head_size': 2, 'learning_rate': 0.0045762318346182435}. Best is trial 0 with value: 10.173556327819824.
LOCAL_RANK: 0 - CUDA_VISIBLE_DEVICES: [0]
[I 2023-12-27 10:56:22,213] Trial 48 finished with value: 32.87853240966797 and parameters: {'gradient_clip_val': 0.2182555958930397, 'hidden_size': 8, 'dropout': 0.27035989196449195, 'hidden_continuous_size': 6, 'attention_head_size': 3, 'learning_rate': 0.0017771135240841542}. Best is trial 0 with value: 10.173556327819824.
LOCAL_RANK: 0 - CUDA_VISIBLE_DEVICES: [0]
[I 2023-12-27 10:56:22,652] Trial 49 finished with value: 22.2772274017334 and parameters: {'gradient_clip_val': 0.3980481721023769, 'hidden_size': 6, 'dropout': 0.21136367076882553, 'hidden_continuous_size': 5, 'attention_head_size': 1, 'learning_rate': 0.01046025300220281}. Best is trial 0 with value: 10.173556327819824.
[I 2023-12-27 10:56:22,781] A new study created in memory with name: no-name-e7c2d7f1-67f1-411e-b348-d084c14fff92
/home/le004/conda/anaconda3/envs/tsff_env/lib/python3.9/site-packages/lightning/fabric/plugins/environments/slurm.py:191: The `srun` command is available on your system but is not used. HINT: If your intention is to run Lightning on SLURM, prepend your python command with `srun` like so: srun python /home/le004/master_thesis/git/TSFusionForecast/code/ ...
LOCAL_RANK: 0 - CUDA_VISIBLE_DEVICES: [0]
[I 2023-12-27 10:56:49,597] Trial 0 finished with value: 14.331039428710938 and parameters: {'gradient_clip_val': 0.9851487724298625, 'hidden_size': 6, 'dropout': 0.37427180856313746, 'hidden_continuous_size': 6, 'attention_head_size': 1, 'learning_rate': 0.033397515262574264}. Best is trial 0 with value: 14.331039428710938.
LOCAL_RANK: 0 - CUDA_VISIBLE_DEVICES: [0]
[I 2023-12-27 10:56:50,215] Trial 1 finished with value: 45.63282775878906 and parameters: {'gradient_clip_val': 0.4224233306707996, 'hidden_size': 24, 'dropout': 0.23274931475051042, 'hidden_continuous_size': 17, 'attention_head_size': 3, 'learning_rate': 0.09700298308615317}. Best is trial 0 with value: 14.331039428710938.
LOCAL_RANK: 0 - CUDA_VISIBLE_DEVICES: [0]
[I 2023-12-27 10:56:50,670] Trial 2 finished with value: 50.42437744140625 and parameters: {'gradient_clip_val': 0.12099391195148533, 'hidden_size': 37, 'dropout': 0.19144788901706003, 'hidden_continuous_size': 14, 'attention_head_size': 4, 'learning_rate': 0.0017901588864740652}. Best is trial 0 with value: 14.331039428710938.
LOCAL_RANK: 0 - CUDA_VISIBLE_DEVICES: [0]
[I 2023-12-27 10:56:51,110] Trial 3 finished with value: 58.68680191040039 and parameters: {'gradient_clip_val': 0.33931672434986493, 'hidden_size': 21, 'dropout': 0.26515112282402115, 'hidden_continuous_size': 5, 'attention_head_size': 1, 'learning_rate': 0.0016438154612822442}. Best is trial 0 with value: 14.331039428710938.
LOCAL_RANK: 0 - CUDA_VISIBLE_DEVICES: [0]
[I 2023-12-27 10:56:51,839] Trial 4 finished with value: 57.22703170776367 and parameters: {'gradient_clip_val': 0.13631830958599017, 'hidden_size': 126, 'dropout': 0.1219551920829515, 'hidden_continuous_size': 7, 'attention_head_size': 1, 'learning_rate': 0.004215015436518935}. Best is trial 0 with value: 14.331039428710938.
LOCAL_RANK: 0 - CUDA_VISIBLE_DEVICES: [0]
[I 2023-12-27 10:56:52,269] Trial 5 finished with value: 40.32976150512695 and parameters: {'gradient_clip_val': 0.21540479347050392, 'hidden_size': 11, 'dropout': 0.48953626978193654, 'hidden_continuous_size': 9, 'attention_head_size': 3, 'learning_rate': 0.016412035889003723}. Best is trial 0 with value: 14.331039428710938.
LOCAL_RANK: 0 - CUDA_VISIBLE_DEVICES: [0]
[I 2023-12-27 10:56:52,686] Trial 6 finished with value: 50.61392593383789 and parameters: {'gradient_clip_val': 0.6564686699909985, 'hidden_size': 10, 'dropout': 0.3262681184368421, 'hidden_continuous_size': 8, 'attention_head_size': 2, 'learning_rate': 0.0028393098156875127}. Best is trial 0 with value: 14.331039428710938.
LOCAL_RANK: 0 - CUDA_VISIBLE_DEVICES: [0]
[I 2023-12-27 10:56:53,158] Trial 7 finished with value: 60.595245361328125 and parameters: {'gradient_clip_val': 0.7342686391713786, 'hidden_size': 60, 'dropout': 0.4835647447789878, 'hidden_continuous_size': 49, 'attention_head_size': 1, 'learning_rate': 0.0005938279276078561}. Best is trial 0 with value: 14.331039428710938.
LOCAL_RANK: 0 - CUDA_VISIBLE_DEVICES: [0]
[I 2023-12-27 10:56:53,573] Trial 8 finished with value: 65.39180755615234 and parameters: {'gradient_clip_val': 0.12519905543472679, 'hidden_size': 11, 'dropout': 0.19184006582553695, 'hidden_continuous_size': 8, 'attention_head_size': 3, 'learning_rate': 0.0031230158901508496}. Best is trial 0 with value: 14.331039428710938.
LOCAL_RANK: 0 - CUDA_VISIBLE_DEVICES: [0]
[I 2023-12-27 10:56:54,038] Trial 9 finished with value: 58.5354118347168 and parameters: {'gradient_clip_val': 0.17927713565417677, 'hidden_size': 65, 'dropout': 0.11848001986766321, 'hidden_continuous_size': 28, 'attention_head_size': 1, 'learning_rate': 0.0032546084714776304}. Best is trial 0 with value: 14.331039428710938.
LOCAL_RANK: 0 - CUDA_VISIBLE_DEVICES: [0]
[I 2023-12-27 10:56:54,457] Trial 10 finished with value: 59.7028923034668 and parameters: {'gradient_clip_val': 0.9499587503180857, 'hidden_size': 5, 'dropout': 0.37325823540668995, 'hidden_continuous_size': 5, 'attention_head_size': 2, 'learning_rate': 0.01706256657864771}. Best is trial 0 with value: 14.331039428710938.
LOCAL_RANK: 0 - CUDA_VISIBLE_DEVICES: [0]
[I 2023-12-27 10:56:54,868] Trial 11 finished with value: 54.38984680175781 and parameters: {'gradient_clip_val': 0.22709842189264415, 'hidden_size': 5, 'dropout': 0.49431909492536086, 'hidden_continuous_size': 5, 'attention_head_size': 4, 'learning_rate': 0.015090709944852737}. Best is trial 0 with value: 14.331039428710938.
LOCAL_RANK: 0 - CUDA_VISIBLE_DEVICES: [0]
[I 2023-12-27 10:56:55,314] Trial 12 finished with value: 54.40715408325195 and parameters: {'gradient_clip_val': 0.23783381808594978, 'hidden_size': 11, 'dropout': 0.4145633773422084, 'hidden_continuous_size': 6, 'attention_head_size': 3, 'learning_rate': 0.03330950763977653}. Best is trial 0 with value: 14.331039428710938.
LOCAL_RANK: 0 - CUDA_VISIBLE_DEVICES: [0]
[I 2023-12-27 10:56:55,764] Trial 13 finished with value: 61.15336990356445 and parameters: {'gradient_clip_val': 0.4714694592023154, 'hidden_size': 8, 'dropout': 0.42634730838435025, 'hidden_continuous_size': 6, 'attention_head_size': 2, 'learning_rate': 0.012371720164216638}. Best is trial 0 with value: 14.331039428710938.
LOCAL_RANK: 0 - CUDA_VISIBLE_DEVICES: [0]
[I 2023-12-27 10:56:56,239] Trial 14 finished with value: 43.12895584106445 and parameters: {'gradient_clip_val': 0.31819443242972834, 'hidden_size': 16, 'dropout': 0.3474121921858127, 'hidden_continuous_size': 7, 'attention_head_size': 3, 'learning_rate': 0.032226270753306904}. Best is trial 0 with value: 14.331039428710938.
LOCAL_RANK: 0 - CUDA_VISIBLE_DEVICES: [0]
[I 2023-12-27 10:56:56,679] Trial 15 finished with value: 64.45519256591797 and parameters: {'gradient_clip_val': 0.4928677354483058, 'hidden_size': 7, 'dropout': 0.4224220948867478, 'hidden_continuous_size': 5, 'attention_head_size': 2, 'learning_rate': 0.008895599176105514}. Best is trial 0 with value: 14.331039428710938.
LOCAL_RANK: 0 - CUDA_VISIBLE_DEVICES: [0]
[I 2023-12-27 10:56:57,137] Trial 16 finished with value: 52.56886291503906 and parameters: {'gradient_clip_val': 0.2379068277634075, 'hidden_size': 16, 'dropout': 0.3038640268205501, 'hidden_continuous_size': 9, 'attention_head_size': 4, 'learning_rate': 0.03233390391744328}. Best is trial 0 with value: 14.331039428710938.
LOCAL_RANK: 0 - CUDA_VISIBLE_DEVICES: [0]
[I 2023-12-27 10:56:57,856] Trial 17 finished with value: 60.86187744140625 and parameters: {'gradient_clip_val': 0.9782718231179418, 'hidden_size': 7, 'dropout': 0.4615559002124891, 'hidden_continuous_size': 5, 'attention_head_size': 2, 'learning_rate': 0.08488659670344408}. Best is trial 0 with value: 14.331039428710938.
LOCAL_RANK: 0 - CUDA_VISIBLE_DEVICES: [0]
[I 2023-12-27 10:56:58,258] Trial 18 finished with value: 55.80841064453125 and parameters: {'gradient_clip_val': 0.621919842795911, 'hidden_size': 5, 'dropout': 0.37958679010355867, 'hidden_continuous_size': 5, 'attention_head_size': 3, 'learning_rate': 0.007699094747027334}. Best is trial 0 with value: 14.331039428710938.
LOCAL_RANK: 0 - CUDA_VISIBLE_DEVICES: [0]
[I 2023-12-27 10:56:58,706] Trial 19 finished with value: 51.75230026245117 and parameters: {'gradient_clip_val': 0.10025016138166694, 'hidden_size': 14, 'dropout': 0.45917813825207204, 'hidden_continuous_size': 6, 'attention_head_size': 4, 'learning_rate': 0.05456133482340167}. Best is trial 0 with value: 14.331039428710938.
LOCAL_RANK: 0 - CUDA_VISIBLE_DEVICES: [0]
[I 2023-12-27 10:56:59,143] Trial 20 finished with value: 61.82938003540039 and parameters: {'gradient_clip_val': 0.3923776322629674, 'hidden_size': 8, 'dropout': 0.3892777292317526, 'hidden_continuous_size': 6, 'attention_head_size': 1, 'learning_rate': 0.016995204011468503}. Best is trial 0 with value: 14.331039428710938.
LOCAL_RANK: 0 - CUDA_VISIBLE_DEVICES: [0]
[I 2023-12-27 10:56:59,590] Trial 21 finished with value: 47.289886474609375 and parameters: {'gradient_clip_val': 0.30327045877918246, 'hidden_size': 16, 'dropout': 0.3419248277318275, 'hidden_continuous_size': 7, 'attention_head_size': 3, 'learning_rate': 0.026477119132242252}. Best is trial 0 with value: 14.331039428710938.
LOCAL_RANK: 0 - CUDA_VISIBLE_DEVICES: [0]
[I 2023-12-27 10:57:00,036] Trial 22 finished with value: 42.98496627807617 and parameters: {'gradient_clip_val': 0.5393020717970294, 'hidden_size': 14, 'dropout': 0.3470944928637325, 'hidden_continuous_size': 7, 'attention_head_size': 3, 'learning_rate': 0.05084862877637908}. Best is trial 0 with value: 14.331039428710938.
LOCAL_RANK: 0 - CUDA_VISIBLE_DEVICES: [0]
[I 2023-12-27 10:57:00,478] Trial 23 finished with value: 68.9093246459961 and parameters: {'gradient_clip_val': 0.8320251582311752, 'hidden_size': 11, 'dropout': 0.4392252200327984, 'hidden_continuous_size': 6, 'attention_head_size': 3, 'learning_rate': 0.05318814202617732}. Best is trial 0 with value: 14.331039428710938.
LOCAL_RANK: 0 - CUDA_VISIBLE_DEVICES: [0]
[I 2023-12-27 10:57:00,923] Trial 24 finished with value: 46.8094482421875 and parameters: {'gradient_clip_val': 0.6039675634548586, 'hidden_size': 7, 'dropout': 0.38711803064419664, 'hidden_continuous_size': 6, 'attention_head_size': 2, 'learning_rate': 0.023985021544520018}. Best is trial 0 with value: 14.331039428710938.
LOCAL_RANK: 0 - CUDA_VISIBLE_DEVICES: [0]
[I 2023-12-27 10:57:01,377] Trial 25 finished with value: 51.64188766479492 and parameters: {'gradient_clip_val': 0.7788690565262183, 'hidden_size': 21, 'dropout': 0.4980869546356458, 'hidden_continuous_size': 10, 'attention_head_size': 3, 'learning_rate': 0.05022632268785622}. Best is trial 0 with value: 14.331039428710938.
LOCAL_RANK: 0 - CUDA_VISIBLE_DEVICES: [0]
[I 2023-12-27 10:57:01,827] Trial 26 finished with value: 52.9113883972168 and parameters: {'gradient_clip_val': 0.5347425504913099, 'hidden_size': 9, 'dropout': 0.30510729572990936, 'hidden_continuous_size': 6, 'attention_head_size': 4, 'learning_rate': 0.02059440764422076}. Best is trial 0 with value: 14.331039428710938.
LOCAL_RANK: 0 - CUDA_VISIBLE_DEVICES: [0]
[I 2023-12-27 10:57:02,287] Trial 27 finished with value: 53.52735900878906 and parameters: {'gradient_clip_val': 0.7066391027672063, 'hidden_size': 6, 'dropout': 0.3611667865892307, 'hidden_continuous_size': 5, 'attention_head_size': 2, 'learning_rate': 0.012645473248748563}. Best is trial 0 with value: 14.331039428710938.
LOCAL_RANK: 0 - CUDA_VISIBLE_DEVICES: [0]
[I 2023-12-27 10:57:02,775] Trial 28 finished with value: 38.201881408691406 and parameters: {'gradient_clip_val': 0.5617290007974507, 'hidden_size': 12, 'dropout': 0.32877416196327325, 'hidden_continuous_size': 7, 'attention_head_size': 3, 'learning_rate': 0.04351825695630201}. Best is trial 0 with value: 14.331039428710938.
LOCAL_RANK: 0 - CUDA_VISIBLE_DEVICES: [0]
[I 2023-12-27 10:57:03,233] Trial 29 finished with value: 55.06757736206055 and parameters: {'gradient_clip_val': 0.4180167350810128, 'hidden_size': 9, 'dropout': 0.4020717692918351, 'hidden_continuous_size': 6, 'attention_head_size': 3, 'learning_rate': 0.0872500683216276}. Best is trial 0 with value: 14.331039428710938.
LOCAL_RANK: 0 - CUDA_VISIBLE_DEVICES: [0]
[I 2023-12-27 10:57:03,944] Trial 30 finished with value: 52.08607482910156 and parameters: {'gradient_clip_val': 0.8656634280719248, 'hidden_size': 6, 'dropout': 0.4569603631947698, 'hidden_continuous_size': 5, 'attention_head_size': 4, 'learning_rate': 0.012202616022581594}. Best is trial 0 with value: 14.331039428710938.
LOCAL_RANK: 0 - CUDA_VISIBLE_DEVICES: [0]
[I 2023-12-27 10:57:04,384] Trial 31 finished with value: 49.85124588012695 and parameters: {'gradient_clip_val': 0.5488538679270908, 'hidden_size': 14, 'dropout': 0.3279441792577613, 'hidden_continuous_size': 7, 'attention_head_size': 3, 'learning_rate': 0.03964012333100898}. Best is trial 0 with value: 14.331039428710938.
LOCAL_RANK: 0 - CUDA_VISIBLE_DEVICES: [0]
[I 2023-12-27 10:57:04,827] Trial 32 finished with value: 54.35220718383789 and parameters: {'gradient_clip_val': 0.9988503462913831, 'hidden_size': 12, 'dropout': 0.2753562157788523, 'hidden_continuous_size': 7, 'attention_head_size': 3, 'learning_rate': 0.06627518944272795}. Best is trial 0 with value: 14.331039428710938.
LOCAL_RANK: 0 - CUDA_VISIBLE_DEVICES: [0]
[I 2023-12-27 10:57:05,318] Trial 33 finished with value: 45.67335891723633 and parameters: {'gradient_clip_val': 0.6978399302196999, 'hidden_size': 25, 'dropout': 0.3521881773394635, 'hidden_continuous_size': 11, 'attention_head_size': 3, 'learning_rate': 0.022784423656401643}. Best is trial 0 with value: 14.331039428710938.
LOCAL_RANK: 0 - CUDA_VISIBLE_DEVICES: [0]
[I 2023-12-27 10:57:05,798] Trial 34 finished with value: 60.265533447265625 and parameters: {'gradient_clip_val': 0.7918348695665213, 'hidden_size': 19, 'dropout': 0.39732900233549573, 'hidden_continuous_size': 8, 'attention_head_size': 4, 'learning_rate': 0.04184658027194147}. Best is trial 0 with value: 14.331039428710938.
LOCAL_RANK: 0 - CUDA_VISIBLE_DEVICES: [0]
[I 2023-12-27 10:57:06,277] Trial 35 finished with value: 62.525604248046875 and parameters: {'gradient_clip_val': 0.5988544198432404, 'hidden_size': 26, 'dropout': 0.2801899202952099, 'hidden_continuous_size': 9, 'attention_head_size': 2, 'learning_rate': 0.09982202086692818}. Best is trial 0 with value: 14.331039428710938.
LOCAL_RANK: 0 - CUDA_VISIBLE_DEVICES: [0]
[I 2023-12-27 10:57:06,725] Trial 36 finished with value: 48.900203704833984 and parameters: {'gradient_clip_val': 0.3694200653344585, 'hidden_size': 9, 'dropout': 0.25142584953013347, 'hidden_continuous_size': 7, 'attention_head_size': 3, 'learning_rate': 0.0730010909039}. Best is trial 0 with value: 14.331039428710938.
LOCAL_RANK: 0 - CUDA_VISIBLE_DEVICES: [0]
[I 2023-12-27 10:57:07,175] Trial 37 finished with value: 52.22663879394531 and parameters: {'gradient_clip_val': 0.700009807711979, 'hidden_size': 13, 'dropout': 0.3133114234628877, 'hidden_continuous_size': 8, 'attention_head_size': 1, 'learning_rate': 0.0418176807525778}. Best is trial 0 with value: 14.331039428710938.
LOCAL_RANK: 0 - CUDA_VISIBLE_DEVICES: [0]
