[I 2023-12-27 11:31:33,377] Trial 10 finished with value: 3.0795376300811768 and parameters: {'gradient_clip_val': 0.10414646328641212, 'hidden_size': 61, 'dropout': 0.11948004922942052, 'hidden_continuous_size': 57, 'attention_head_size': 4, 'learning_rate': 0.03089389436609106}. Best is trial 0 with value: 0.10704434663057327.
[I 2023-12-27 11:31:33,945] Trial 11 finished with value: 2.5547351837158203 and parameters: {'gradient_clip_val': 0.1491304011377847, 'hidden_size': 142, 'dropout': 0.3546436467342453, 'hidden_continuous_size': 24, 'attention_head_size': 2, 'learning_rate': 0.0005508036241087817}. Best is trial 0 with value: 0.10704434663057327.
[I 2023-12-27 11:31:34,412] Trial 12 finished with value: 4.281564712524414 and parameters: {'gradient_clip_val': 0.13164351984620076, 'hidden_size': 76, 'dropout': 0.2940179323493456, 'hidden_continuous_size': 27, 'attention_head_size': 3, 'learning_rate': 0.0005231925868368827}. Best is trial 0 with value: 0.10704434663057327.
[I 2023-12-27 11:31:35,064] Trial 13 finished with value: 3.6620712280273438 and parameters: {'gradient_clip_val': 0.15062380977652354, 'hidden_size': 40, 'dropout': 0.2109319604278139, 'hidden_continuous_size': 22, 'attention_head_size': 2, 'learning_rate': 0.0015272733976276448}. Best is trial 0 with value: 0.10704434663057327.
[I 2023-12-27 11:31:35,555] Trial 14 finished with value: 3.077840805053711 and parameters: {'gradient_clip_val': 0.23137290983495024, 'hidden_size': 94, 'dropout': 0.3657049119660427, 'hidden_continuous_size': 36, 'attention_head_size': 3, 'learning_rate': 0.00467556788258749}. Best is trial 0 with value: 0.10704434663057327.
[I 2023-12-27 11:31:36,097] Trial 15 finished with value: 2.906386613845825 and parameters: {'gradient_clip_val': 0.1039833728283787, 'hidden_size': 110, 'dropout': 0.3332370310625984, 'hidden_continuous_size': 67, 'attention_head_size': 1, 'learning_rate': 0.003323938504529557}. Best is trial 0 with value: 0.10704434663057327.
[I 2023-12-27 11:31:36,534] Trial 16 finished with value: 3.921241044998169 and parameters: {'gradient_clip_val': 0.2724792550039214, 'hidden_size': 62, 'dropout': 0.26565060311409244, 'hidden_continuous_size': 18, 'attention_head_size': 4, 'learning_rate': 0.0010968891320085503}. Best is trial 0 with value: 0.10704434663057327.
[I 2023-12-27 11:31:37,199] Trial 17 finished with value: 4.219506740570068 and parameters: {'gradient_clip_val': 0.1732194653924523, 'hidden_size': 143, 'dropout': 0.37695879388663067, 'hidden_continuous_size': 137, 'attention_head_size': 3, 'learning_rate': 0.0010439936192070298}. Best is trial 0 with value: 0.10704434663057327.
[I 2023-12-27 11:31:37,636] Trial 18 finished with value: 4.450376033782959 and parameters: {'gradient_clip_val': 0.1285920791224714, 'hidden_size': 72, 'dropout': 0.1776239916301074, 'hidden_continuous_size': 16, 'attention_head_size': 2, 'learning_rate': 0.0027281868075256584}. Best is trial 0 with value: 0.10704434663057327.
[I 2023-12-27 11:31:38,048] Trial 19 finished with value: 2.3728444576263428 and parameters: {'gradient_clip_val': 0.20399673364696422, 'hidden_size': 43, 'dropout': 0.26506481256637315, 'hidden_continuous_size': 18, 'attention_head_size': 1, 'learning_rate': 0.008358766458821946}. Best is trial 0 with value: 0.10704434663057327.
[I 2023-12-27 11:31:38,448] Trial 20 finished with value: 4.5723724365234375 and parameters: {'gradient_clip_val': 0.22433108086490705, 'hidden_size': 39, 'dropout': 0.2676508281417487, 'hidden_continuous_size': 15, 'attention_head_size': 1, 'learning_rate': 0.010554371707128992}. Best is trial 0 with value: 0.10704434663057327.
[I 2023-12-27 11:31:38,934] Trial 21 finished with value: 3.293893575668335 and parameters: {'gradient_clip_val': 0.18906693328836344, 'hidden_size': 99, 'dropout': 0.23298936072594434, 'hidden_continuous_size': 30, 'attention_head_size': 1, 'learning_rate': 0.006128111038633543}. Best is trial 0 with value: 0.10704434663057327.
[I 2023-12-27 11:31:39,347] Trial 22 finished with value: 4.057292461395264 and parameters: {'gradient_clip_val': 0.14960590158493192, 'hidden_size': 51, 'dropout': 0.33723232144725707, 'hidden_continuous_size': 20, 'attention_head_size': 2, 'learning_rate': 0.0045624866158533745}. Best is trial 0 with value: 0.10704434663057327.
[I 2023-12-27 11:31:39,742] Trial 23 finished with value: 2.3226447105407715 and parameters: {'gradient_clip_val': 0.27007570863519154, 'hidden_size': 28, 'dropout': 0.28845464297922185, 'hidden_continuous_size': 14, 'attention_head_size': 1, 'learning_rate': 0.012261406771340572}. Best is trial 0 with value: 0.10704434663057327.
[I 2023-12-27 11:31:40,136] Trial 24 finished with value: 2.221620559692383 and parameters: {'gradient_clip_val': 0.27346331383256495, 'hidden_size': 30, 'dropout': 0.26956273037586653, 'hidden_continuous_size': 14, 'attention_head_size': 1, 'learning_rate': 0.010237100744563438}. Best is trial 0 with value: 0.10704434663057327.
[I 2023-12-27 11:31:40,513] Trial 25 finished with value: 2.8261356353759766 and parameters: {'gradient_clip_val': 0.30539121443628775, 'hidden_size': 32, 'dropout': 0.18384121278984786, 'hidden_continuous_size': 13, 'attention_head_size': 1, 'learning_rate': 0.022184558530208065}. Best is trial 0 with value: 0.10704434663057327.
[I 2023-12-27 11:31:41,129] Trial 26 finished with value: 2.391385316848755 and parameters: {'gradient_clip_val': 0.26477011921322474, 'hidden_size': 23, 'dropout': 0.3051919120639925, 'hidden_continuous_size': 9, 'attention_head_size': 1, 'learning_rate': 0.01253329085668479}. Best is trial 0 with value: 0.10704434663057327.
[I 2023-12-27 11:31:41,529] Trial 27 finished with value: 3.832343339920044 and parameters: {'gradient_clip_val': 0.3225854247895484, 'hidden_size': 23, 'dropout': 0.2897771398011967, 'hidden_continuous_size': 13, 'attention_head_size': 4, 'learning_rate': 0.03204892316304228}. Best is trial 0 with value: 0.10704434663057327.
[I 2023-12-27 11:31:41,927] Trial 28 finished with value: 3.4908626079559326 and parameters: {'gradient_clip_val': 0.4397106763132786, 'hidden_size': 30, 'dropout': 0.24539082105025162, 'hidden_continuous_size': 10, 'attention_head_size': 1, 'learning_rate': 0.00929116101181795}. Best is trial 0 with value: 0.10704434663057327.
[I 2023-12-27 11:31:42,302] Trial 29 finished with value: 2.77657413482666 and parameters: {'gradient_clip_val': 0.5276994758417672, 'hidden_size': 17, 'dropout': 0.18365220001178847, 'hidden_continuous_size': 7, 'attention_head_size': 3, 'learning_rate': 0.006300875601921269}. Best is trial 0 with value: 0.10704434663057327.
[I 2023-12-27 11:31:42,714] Trial 30 finished with value: 3.331902503967285 and parameters: {'gradient_clip_val': 0.2536580395137192, 'hidden_size': 29, 'dropout': 0.2861876962123689, 'hidden_continuous_size': 14, 'attention_head_size': 2, 'learning_rate': 0.012382218040666894}. Best is trial 0 with value: 0.10704434663057327.
[I 2023-12-27 11:31:43,123] Trial 31 finished with value: 2.8700780868530273 and parameters: {'gradient_clip_val': 0.20883962057185834, 'hidden_size': 48, 'dropout': 0.2630534475478826, 'hidden_continuous_size': 18, 'attention_head_size': 1, 'learning_rate': 0.008009362260823877}. Best is trial 0 with value: 0.10704434663057327.
[I 2023-12-27 11:31:43,532] Trial 32 finished with value: 3.890002489089966 and parameters: {'gradient_clip_val': 0.2351364157898866, 'hidden_size': 37, 'dropout': 0.21469124465449385, 'hidden_continuous_size': 16, 'attention_head_size': 1, 'learning_rate': 0.008324530082362972}. Best is trial 0 with value: 0.10704434663057327.
[I 2023-12-27 11:31:43,935] Trial 33 finished with value: 3.196868896484375 and parameters: {'gradient_clip_val': 0.19168271822165206, 'hidden_size': 27, 'dropout': 0.24488539976966067, 'hidden_continuous_size': 12, 'attention_head_size': 1, 'learning_rate': 0.007693388458395473}. Best is trial 0 with value: 0.10704434663057327.
[I 2023-12-27 11:31:44,321] Trial 34 finished with value: 3.380885124206543 and parameters: {'gradient_clip_val': 0.3077894427582696, 'hidden_size': 21, 'dropout': 0.3165326354172568, 'hidden_continuous_size': 12, 'attention_head_size': 1, 'learning_rate': 0.0048771704586297124}. Best is trial 0 with value: 0.10704434663057327.
[I 2023-12-27 11:31:44,742] Trial 35 finished with value: 3.1622095108032227 and parameters: {'gradient_clip_val': 0.2071685990979798, 'hidden_size': 51, 'dropout': 0.26462923690693113, 'hidden_continuous_size': 17, 'attention_head_size': 1, 'learning_rate': 0.01849169286989474}. Best is trial 0 with value: 0.10704434663057327.
[I 2023-12-27 11:31:45,143] Trial 36 finished with value: 3.1416571140289307 and parameters: {'gradient_clip_val': 0.24628267630362888, 'hidden_size': 37, 'dropout': 0.21617175050832532, 'hidden_continuous_size': 15, 'attention_head_size': 2, 'learning_rate': 0.011285902736142718}. Best is trial 0 with value: 0.10704434663057327.
[I 2023-12-27 11:31:45,517] Trial 37 finished with value: 2.502568483352661 and parameters: {'gradient_clip_val': 0.2832307539632623, 'hidden_size': 12, 'dropout': 0.15596380399477738, 'hidden_continuous_size': 6, 'attention_head_size': 1, 'learning_rate': 0.014181009060151472}. Best is trial 0 with value: 0.10704434663057327.
[I 2023-12-27 11:31:45,919] Trial 38 finished with value: 2.8363730907440186 and parameters: {'gradient_clip_val': 0.3411212992211033, 'hidden_size': 33, 'dropout': 0.23535579666294934, 'hidden_continuous_size': 10, 'attention_head_size': 4, 'learning_rate': 0.022349105675373297}. Best is trial 0 with value: 0.10704434663057327.
[I 2023-12-27 11:31:46,553] Trial 39 finished with value: 3.008209228515625 and parameters: {'gradient_clip_val': 0.4119299970506054, 'hidden_size': 46, 'dropout': 0.2826542326007894, 'hidden_continuous_size': 14, 'attention_head_size': 2, 'learning_rate': 0.009431638270683539}. Best is trial 0 with value: 0.10704434663057327.
[I 2023-12-27 11:31:46,987] Trial 40 finished with value: 3.8350841999053955 and parameters: {'gradient_clip_val': 0.2908898046270467, 'hidden_size': 57, 'dropout': 0.3142372238476074, 'hidden_continuous_size': 19, 'attention_head_size': 3, 'learning_rate': 0.006663626927602871}. Best is trial 0 with value: 0.10704434663057327.
[I 2023-12-27 11:31:47,363] Trial 41 finished with value: 4.2410969734191895 and parameters: {'gradient_clip_val': 0.25403597555292046, 'hidden_size': 23, 'dropout': 0.30378252283492535, 'hidden_continuous_size': 9, 'attention_head_size': 1, 'learning_rate': 0.012473043073782037}. Best is trial 0 with value: 0.10704434663057327.
[I 2023-12-27 11:31:47,749] Trial 42 finished with value: 4.297610759735107 and parameters: {'gradient_clip_val': 0.21292459919575965, 'hidden_size': 26, 'dropout': 0.30357063167745724, 'hidden_continuous_size': 8, 'attention_head_size': 1, 'learning_rate': 0.015692689249700693}. Best is trial 0 with value: 0.10704434663057327.
[I 2023-12-27 11:31:48,122] Trial 43 finished with value: 3.2259414196014404 and parameters: {'gradient_clip_val': 0.26709051730563127, 'hidden_size': 19, 'dropout': 0.3287445854691833, 'hidden_continuous_size': 9, 'attention_head_size': 1, 'learning_rate': 0.010456653269164676}. Best is trial 0 with value: 0.10704434663057327.
[I 2023-12-27 11:31:48,493] Trial 44 finished with value: 4.043234348297119 and parameters: {'gradient_clip_val': 0.2405926710543228, 'hidden_size': 14, 'dropout': 0.28187742039716696, 'hidden_continuous_size': 7, 'attention_head_size': 1, 'learning_rate': 0.013131248613081646}. Best is trial 0 with value: 0.10704434663057327.
[I 2023-12-27 11:31:48,895] Trial 45 finished with value: 3.149433135986328 and parameters: {'gradient_clip_val': 0.3431491291482788, 'hidden_size': 43, 'dropout': 0.25475030459585324, 'hidden_continuous_size': 16, 'attention_head_size': 1, 'learning_rate': 0.01841506640383452}. Best is trial 0 with value: 0.10704434663057327.
[I 2023-12-27 11:31:49,298] Trial 46 finished with value: 2.934385061264038 and parameters: {'gradient_clip_val': 0.284899385818589, 'hidden_size': 37, 'dropout': 0.22420754892721545, 'hidden_continuous_size': 14, 'attention_head_size': 2, 'learning_rate': 0.007582144604856061}. Best is trial 0 with value: 0.10704434663057327.
[I 2023-12-27 11:31:49,691] Trial 47 finished with value: 3.751683235168457 and parameters: {'gradient_clip_val': 0.2208654199573963, 'hidden_size': 25, 'dropout': 0.2050236103173505, 'hidden_continuous_size': 11, 'attention_head_size': 1, 'learning_rate': 0.03002355930620958}. Best is trial 0 with value: 0.10704434663057327.
[I 2023-12-27 11:31:50,103] Trial 48 finished with value: 3.1314287185668945 and parameters: {'gradient_clip_val': 0.18942658720992545, 'hidden_size': 31, 'dropout': 0.24594334005956384, 'hidden_continuous_size': 12, 'attention_head_size': 4, 'learning_rate': 0.005354791984597227}. Best is trial 0 with value: 0.10704434663057327.
[I 2023-12-27 11:31:50,577] Trial 49 finished with value: 3.027233123779297 and parameters: {'gradient_clip_val': 0.2585275480584235, 'hidden_size': 79, 'dropout': 0.27127740657474736, 'hidden_continuous_size': 23, 'attention_head_size': 3, 'learning_rate': 0.0037032516757637655}. Best is trial 0 with value: 0.10704434663057327.
[I 2023-12-27 11:31:50,689] A new study created in memory with name: no-name-7a72c73e-d916-452d-ab70-003c880730d8
/home/le004/conda/anaconda3/envs/tsff_env/lib/python3.9/site-packages/lightning/fabric/plugins/environments/slurm.py:191: The `srun` command is available on your system but is not used. HINT: If your intention is to run Lightning on SLURM, prepend your python command with `srun` like so: srun python /home/le004/master_thesis/git/TSFusionForecast/code/ ...
[I 2023-12-27 11:32:20,858] Trial 0 finished with value: 0.4796316921710968 and parameters: {'gradient_clip_val': 0.8397382814221438, 'hidden_size': 10, 'dropout': 0.4380611927907545, 'hidden_continuous_size': 10, 'attention_head_size': 3, 'learning_rate': 0.012306343642290187}. Best is trial 0 with value: 0.4796316921710968.
[I 2023-12-27 11:32:53,399] Trial 1 finished with value: 0.14718498289585114 and parameters: {'gradient_clip_val': 0.28337546020041393, 'hidden_size': 19, 'dropout': 0.27876403302022684, 'hidden_continuous_size': 8, 'attention_head_size': 4, 'learning_rate': 0.08033638800237629}. Best is trial 1 with value: 0.14718498289585114.
[I 2023-12-27 11:33:02,048] Trial 2 finished with value: 2.4179294109344482 and parameters: {'gradient_clip_val': 0.3274936082116097, 'hidden_size': 13, 'dropout': 0.13081785945035512, 'hidden_continuous_size': 7, 'attention_head_size': 3, 'learning_rate': 0.0005256675388536613}. Best is trial 1 with value: 0.14718498289585114.
[I 2023-12-27 11:33:02,399] Trial 3 finished with value: 2.693777084350586 and parameters: {'gradient_clip_val': 0.5885992844107352, 'hidden_size': 11, 'dropout': 0.4018933559564265, 'hidden_continuous_size': 5, 'attention_head_size': 2, 'learning_rate': 0.07558015640610455}. Best is trial 1 with value: 0.14718498289585114.
[I 2023-12-27 11:33:02,778] Trial 4 finished with value: 2.210446834564209 and parameters: {'gradient_clip_val': 0.30443481831713043, 'hidden_size': 48, 'dropout': 0.415774270985124, 'hidden_continuous_size': 15, 'attention_head_size': 3, 'learning_rate': 0.009609620264377998}. Best is trial 1 with value: 0.14718498289585114.
[I 2023-12-27 11:33:03,109] Trial 5 finished with value: 2.779731512069702 and parameters: {'gradient_clip_val': 0.4922946375026345, 'hidden_size': 8, 'dropout': 0.4626831275047695, 'hidden_continuous_size': 5, 'attention_head_size': 1, 'learning_rate': 0.0005212665368253125}. Best is trial 1 with value: 0.14718498289585114.
[I 2023-12-27 11:33:03,431] Trial 6 finished with value: 2.2999815940856934 and parameters: {'gradient_clip_val': 0.3603042950384737, 'hidden_size': 13, 'dropout': 0.24245949729007152, 'hidden_continuous_size': 13, 'attention_head_size': 1, 'learning_rate': 0.0031783718947265577}. Best is trial 1 with value: 0.14718498289585114.
[I 2023-12-27 11:33:03,795] Trial 7 finished with value: 2.899078607559204 and parameters: {'gradient_clip_val': 0.4426672757419684, 'hidden_size': 26, 'dropout': 0.10803098623536363, 'hidden_continuous_size': 6, 'attention_head_size': 3, 'learning_rate': 0.003471500240679924}. Best is trial 1 with value: 0.14718498289585114.
[I 2023-12-27 11:33:04,124] Trial 8 finished with value: 3.8896591663360596 and parameters: {'gradient_clip_val': 0.7585852021310987, 'hidden_size': 10, 'dropout': 0.4769160835058337, 'hidden_continuous_size': 10, 'attention_head_size': 3, 'learning_rate': 0.011007629662668274}. Best is trial 1 with value: 0.14718498289585114.
[I 2023-12-27 11:33:04,440] Trial 9 finished with value: 2.06762433052063 and parameters: {'gradient_clip_val': 0.2366155719794052, 'hidden_size': 8, 'dropout': 0.42596468928086006, 'hidden_continuous_size': 8, 'attention_head_size': 3, 'learning_rate': 0.0022490575278059973}. Best is trial 1 with value: 0.14718498289585114.
[I 2023-12-27 11:33:05,129] Trial 10 finished with value: 2.0913007259368896 and parameters: {'gradient_clip_val': 0.1324092590245527, 'hidden_size': 75, 'dropout': 0.3066089622851644, 'hidden_continuous_size': 29, 'attention_head_size': 4, 'learning_rate': 0.09989962261907337}. Best is trial 1 with value: 0.14718498289585114.
[I 2023-12-27 11:33:05,469] Trial 11 finished with value: 3.04715633392334 and parameters: {'gradient_clip_val': 0.9914714371606956, 'hidden_size': 5, 'dropout': 0.33537268544058296, 'hidden_continuous_size': 5, 'attention_head_size': 4, 'learning_rate': 0.032061704715432904}. Best is trial 1 with value: 0.14718498289585114.
[I 2023-12-27 11:33:05,858] Trial 12 finished with value: 2.9536664485931396 and parameters: {'gradient_clip_val': 0.21243791917498994, 'hidden_size': 23, 'dropout': 0.24574786425439846, 'hidden_continuous_size': 9, 'attention_head_size': 4, 'learning_rate': 0.032004257766882586}. Best is trial 1 with value: 0.14718498289585114.
[I 2023-12-27 11:33:06,240] Trial 13 finished with value: 2.4538259506225586 and parameters: {'gradient_clip_val': 0.9647336355385498, 'hidden_size': 22, 'dropout': 0.3592564279837594, 'hidden_continuous_size': 7, 'attention_head_size': 2, 'learning_rate': 0.025526996526279995}. Best is trial 1 with value: 0.14718498289585114.
[I 2023-12-27 11:33:06,845] Trial 14 finished with value: 3.9049394130706787 and parameters: {'gradient_clip_val': 0.6385532367569883, 'hidden_size': 150, 'dropout': 0.4955493665430496, 'hidden_continuous_size': 55, 'attention_head_size': 4, 'learning_rate': 0.04961727050064239}. Best is trial 1 with value: 0.14718498289585114.
[I 2023-12-27 11:33:07,209] Trial 15 finished with value: 2.281780481338501 and parameters: {'gradient_clip_val': 0.4571789188838095, 'hidden_size': 17, 'dropout': 0.26342300036684996, 'hidden_continuous_size': 9, 'attention_head_size': 2, 'learning_rate': 0.014009996559414673}. Best is trial 1 with value: 0.14718498289585114.
[I 2023-12-27 11:33:07,615] Trial 16 finished with value: 2.1971278190612793 and parameters: {'gradient_clip_val': 0.6963226366760732, 'hidden_size': 37, 'dropout': 0.3477201217689669, 'hidden_continuous_size': 11, 'attention_head_size': 4, 'learning_rate': 0.018615807929916316}. Best is trial 1 with value: 0.14718498289585114.
[I 2023-12-27 11:33:07,946] Trial 17 finished with value: 2.729235887527466 and parameters: {'gradient_clip_val': 0.18127571294377592, 'hidden_size': 5, 'dropout': 0.38526673859821636, 'hidden_continuous_size': 5, 'attention_head_size': 4, 'learning_rate': 0.05930162595919167}. Best is trial 1 with value: 0.14718498289585114.
[I 2023-12-27 11:33:08,302] Trial 18 finished with value: 3.1458237171173096 and parameters: {'gradient_clip_val': 0.10295245894558293, 'hidden_size': 16, 'dropout': 0.293202908384319, 'hidden_continuous_size': 7, 'attention_head_size': 3, 'learning_rate': 0.05050302595126275}. Best is trial 1 with value: 0.14718498289585114.
[I 2023-12-27 11:33:08,672] Trial 19 finished with value: 2.3259246349334717 and parameters: {'gradient_clip_val': 0.2632324331922136, 'hidden_size': 18, 'dropout': 0.44096674908059025, 'hidden_continuous_size': 8, 'attention_head_size': 2, 'learning_rate': 0.021238856269974273}. Best is trial 1 with value: 0.14718498289585114.
[I 2023-12-27 11:33:09,089] Trial 20 finished with value: 2.5365326404571533 and parameters: {'gradient_clip_val': 0.3803128543250957, 'hidden_size': 31, 'dropout': 0.38636169524773006, 'hidden_continuous_size': 13, 'attention_head_size': 4, 'learning_rate': 0.006520564778893686}. Best is trial 1 with value: 0.14718498289585114.
[I 2023-12-27 11:33:09,452] Trial 21 finished with value: 2.6040408611297607 and parameters: {'gradient_clip_val': 0.25249151852542373, 'hidden_size': 8, 'dropout': 0.4410528442869841, 'hidden_continuous_size': 6, 'attention_head_size': 3, 'learning_rate': 0.005695550639386317}. Best is trial 1 with value: 0.14718498289585114.
[I 2023-12-27 11:33:09,817] Trial 22 finished with value: 2.0832247734069824 and parameters: {'gradient_clip_val': 0.1900754984658686, 'hidden_size': 8, 'dropout': 0.44831108719669827, 'hidden_continuous_size': 6, 'attention_head_size': 3, 'learning_rate': 0.0018012746773931475}. Best is trial 1 with value: 0.14718498289585114.
[I 2023-12-27 11:33:10,439] Trial 23 finished with value: 2.6223537921905518 and parameters: {'gradient_clip_val': 0.27371813444009585, 'hidden_size': 6, 'dropout': 0.48537667959262676, 'hidden_continuous_size': 5, 'attention_head_size': 3, 'learning_rate': 0.014640060368778357}. Best is trial 1 with value: 0.14718498289585114.
[I 2023-12-27 11:33:10,818] Trial 24 finished with value: 3.1178367137908936 and parameters: {'gradient_clip_val': 0.33404821299028375, 'hidden_size': 10, 'dropout': 0.4252234123695133, 'hidden_continuous_size': 8, 'attention_head_size': 2, 'learning_rate': 0.03947593213015215}. Best is trial 1 with value: 0.14718498289585114.
