[I 2023-12-16 09:16:10,158] Trial 21 finished with value: 7.982973575592041 and parameters: {'gradient_clip_val': 0.697301398387585, 'hidden_size': 48, 'dropout': 0.3206082449748862, 'hidden_continuous_size': 9, 'attention_head_size': 3, 'learning_rate': 0.0017560839257896904}. Best is trial 18 with value: 7.270778656005859.
LOCAL_RANK: 0 - CUDA_VISIBLE_DEVICES: [0]
[I 2023-12-16 09:17:02,910] Trial 22 finished with value: 7.307420253753662 and parameters: {'gradient_clip_val': 0.9853084244564729, 'hidden_size': 58, 'dropout': 0.33850625860160133, 'hidden_continuous_size': 9, 'attention_head_size': 3, 'learning_rate': 0.002144077593821867}. Best is trial 18 with value: 7.270778656005859.
LOCAL_RANK: 0 - CUDA_VISIBLE_DEVICES: [0]
[I 2023-12-16 09:17:55,487] Trial 23 finished with value: 8.90622329711914 and parameters: {'gradient_clip_val': 0.9894079702468813, 'hidden_size': 47, 'dropout': 0.34111471216704287, 'hidden_continuous_size': 9, 'attention_head_size': 3, 'learning_rate': 0.0015507641237249802}. Best is trial 18 with value: 7.270778656005859.
LOCAL_RANK: 0 - CUDA_VISIBLE_DEVICES: [0]
[I 2023-12-16 09:18:49,167] Trial 24 finished with value: 8.354632377624512 and parameters: {'gradient_clip_val': 0.7023405651752126, 'hidden_size': 74, 'dropout': 0.2987020837059235, 'hidden_continuous_size': 13, 'attention_head_size': 3, 'learning_rate': 0.0005474242492908356}. Best is trial 18 with value: 7.270778656005859.
LOCAL_RANK: 0 - CUDA_VISIBLE_DEVICES: [0]
[I 2023-12-16 09:19:42,354] Trial 25 finished with value: 8.146591186523438 and parameters: {'gradient_clip_val': 0.9492484151160031, 'hidden_size': 51, 'dropout': 0.3454815034739633, 'hidden_continuous_size': 8, 'attention_head_size': 4, 'learning_rate': 0.0020970266376940413}. Best is trial 18 with value: 7.270778656005859.
LOCAL_RANK: 0 - CUDA_VISIBLE_DEVICES: [0]
[I 2023-12-16 09:20:36,597] Trial 26 finished with value: 8.93940544128418 and parameters: {'gradient_clip_val': 0.7550816225661444, 'hidden_size': 82, 'dropout': 0.32982036560312805, 'hidden_continuous_size': 24, 'attention_head_size': 3, 'learning_rate': 0.0038047814511626555}. Best is trial 18 with value: 7.270778656005859.
LOCAL_RANK: 0 - CUDA_VISIBLE_DEVICES: [0]
[I 2023-12-16 09:21:31,475] Trial 27 finished with value: 10.61729621887207 and parameters: {'gradient_clip_val': 0.9747108542900581, 'hidden_size': 99, 'dropout': 0.35337661756912153, 'hidden_continuous_size': 14, 'attention_head_size': 2, 'learning_rate': 0.006626534445724863}. Best is trial 18 with value: 7.270778656005859.
LOCAL_RANK: 0 - CUDA_VISIBLE_DEVICES: [0]
[I 2023-12-16 09:22:24,523] Trial 28 finished with value: 8.805460929870605 and parameters: {'gradient_clip_val': 0.6347946980840108, 'hidden_size': 58, 'dropout': 0.39692424530868736, 'hidden_continuous_size': 11, 'attention_head_size': 3, 'learning_rate': 0.0015438418384912996}. Best is trial 18 with value: 7.270778656005859.
LOCAL_RANK: 0 - CUDA_VISIBLE_DEVICES: [0]
[I 2023-12-16 09:23:15,614] Trial 29 finished with value: 7.757959365844727 and parameters: {'gradient_clip_val': 0.4188937255446675, 'hidden_size': 39, 'dropout': 0.2911342804478799, 'hidden_continuous_size': 9, 'attention_head_size': 4, 'learning_rate': 0.0025965065432048723}. Best is trial 18 with value: 7.270778656005859.
LOCAL_RANK: 0 - CUDA_VISIBLE_DEVICES: [0]
[I 2023-12-16 09:24:06,568] Trial 30 finished with value: 8.295062065124512 and parameters: {'gradient_clip_val': 0.43994290932723984, 'hidden_size': 38, 'dropout': 0.28987226660523085, 'hidden_continuous_size': 10, 'attention_head_size': 4, 'learning_rate': 0.0031190893973438876}. Best is trial 18 with value: 7.270778656005859.
LOCAL_RANK: 0 - CUDA_VISIBLE_DEVICES: [0]
[I 2023-12-16 09:24:59,226] Trial 31 finished with value: 7.853758335113525 and parameters: {'gradient_clip_val': 0.593656542314615, 'hidden_size': 52, 'dropout': 0.31979653821154985, 'hidden_continuous_size': 8, 'attention_head_size': 4, 'learning_rate': 0.0023428335301354493}. Best is trial 18 with value: 7.270778656005859.
LOCAL_RANK: 0 - CUDA_VISIBLE_DEVICES: [0]
[I 2023-12-16 09:25:51,781] Trial 32 finished with value: 8.673491477966309 and parameters: {'gradient_clip_val': 0.5841747003408018, 'hidden_size': 58, 'dropout': 0.296781935971572, 'hidden_continuous_size': 7, 'attention_head_size': 4, 'learning_rate': 0.005164905714193508}. Best is trial 18 with value: 7.270778656005859.
LOCAL_RANK: 0 - CUDA_VISIBLE_DEVICES: [0]
[I 2023-12-16 09:26:43,204] Trial 33 finished with value: 8.090859413146973 and parameters: {'gradient_clip_val': 0.4088896716309733, 'hidden_size': 41, 'dropout': 0.2562788500891431, 'hidden_continuous_size': 8, 'attention_head_size': 4, 'learning_rate': 0.0025652570975373697}. Best is trial 18 with value: 7.270778656005859.
LOCAL_RANK: 0 - CUDA_VISIBLE_DEVICES: [0]
[I 2023-12-16 09:27:32,927] Trial 34 finished with value: 8.425829887390137 and parameters: {'gradient_clip_val': 0.7818349932555748, 'hidden_size': 26, 'dropout': 0.31894092306691973, 'hidden_continuous_size': 10, 'attention_head_size': 4, 'learning_rate': 0.004124010073191493}. Best is trial 18 with value: 7.270778656005859.
LOCAL_RANK: 0 - CUDA_VISIBLE_DEVICES: [0]
[I 2023-12-16 09:28:25,498] Trial 35 finished with value: 9.224068641662598 and parameters: {'gradient_clip_val': 0.3534360157442848, 'hidden_size': 73, 'dropout': 0.2844908788208581, 'hidden_continuous_size': 6, 'attention_head_size': 4, 'learning_rate': 0.0010795503672440662}. Best is trial 18 with value: 7.270778656005859.
LOCAL_RANK: 0 - CUDA_VISIBLE_DEVICES: [0]
[I 2023-12-16 09:29:19,581] Trial 36 finished with value: 8.864845275878906 and parameters: {'gradient_clip_val': 0.4716456136013731, 'hidden_size': 55, 'dropout': 0.3609177019627566, 'hidden_continuous_size': 13, 'attention_head_size': 4, 'learning_rate': 0.005196315010029658}. Best is trial 18 with value: 7.270778656005859.
LOCAL_RANK: 0 - CUDA_VISIBLE_DEVICES: [0]
[I 2023-12-16 09:30:10,240] Trial 37 finished with value: 11.020215034484863 and parameters: {'gradient_clip_val': 0.8096145200271073, 'hidden_size': 38, 'dropout': 0.3334500292070115, 'hidden_continuous_size': 9, 'attention_head_size': 4, 'learning_rate': 0.002084105318303606}. Best is trial 18 with value: 7.270778656005859.
LOCAL_RANK: 0 - CUDA_VISIBLE_DEVICES: [0]
[I 2023-12-16 09:31:05,163] Trial 38 finished with value: 9.43472671508789 and parameters: {'gradient_clip_val': 0.5732791033973844, 'hidden_size': 64, 'dropout': 0.375064567465474, 'hidden_continuous_size': 59, 'attention_head_size': 4, 'learning_rate': 0.007781880985521594}. Best is trial 18 with value: 7.270778656005859.
LOCAL_RANK: 0 - CUDA_VISIBLE_DEVICES: [0]
[I 2023-12-16 09:31:59,070] Trial 39 finished with value: 8.721534729003906 and parameters: {'gradient_clip_val': 0.3621198532776521, 'hidden_size': 53, 'dropout': 0.2706762208043409, 'hidden_continuous_size': 15, 'attention_head_size': 3, 'learning_rate': 0.0035164609557839037}. Best is trial 18 with value: 7.270778656005859.
LOCAL_RANK: 0 - CUDA_VISIBLE_DEVICES: [0]
[I 2023-12-16 09:32:50,978] Trial 40 finished with value: 8.367683410644531 and parameters: {'gradient_clip_val': 0.44408032307662026, 'hidden_size': 41, 'dropout': 0.38300261733034785, 'hidden_continuous_size': 12, 'attention_head_size': 2, 'learning_rate': 0.002647591962389847}. Best is trial 18 with value: 7.270778656005859.
LOCAL_RANK: 0 - CUDA_VISIBLE_DEVICES: [0]
[I 2023-12-16 09:33:43,841] Trial 41 finished with value: 7.6138529777526855 and parameters: {'gradient_clip_val': 0.7020898529550259, 'hidden_size': 49, 'dropout': 0.3197990821654925, 'hidden_continuous_size': 9, 'attention_head_size': 3, 'learning_rate': 0.0018796932394927607}. Best is trial 18 with value: 7.270778656005859.
LOCAL_RANK: 0 - CUDA_VISIBLE_DEVICES: [0]
[I 2023-12-16 09:34:33,662] Trial 42 finished with value: 8.411442756652832 and parameters: {'gradient_clip_val': 0.8653250467371981, 'hidden_size': 35, 'dropout': 0.3506370382622208, 'hidden_continuous_size': 9, 'attention_head_size': 3, 'learning_rate': 0.0012786632331028471}. Best is trial 18 with value: 7.270778656005859.
LOCAL_RANK: 0 - CUDA_VISIBLE_DEVICES: [0]
[I 2023-12-16 09:35:26,218] Trial 43 finished with value: 9.140402793884277 and parameters: {'gradient_clip_val': 0.7220889992956911, 'hidden_size': 46, 'dropout': 0.30613898058034084, 'hidden_continuous_size': 8, 'attention_head_size': 3, 'learning_rate': 0.0022005198003808286}. Best is trial 18 with value: 7.270778656005859.
LOCAL_RANK: 0 - CUDA_VISIBLE_DEVICES: [0]
[I 2023-12-16 09:36:15,423] Trial 44 finished with value: 7.7014479637146 and parameters: {'gradient_clip_val': 0.5845033313248604, 'hidden_size': 29, 'dropout': 0.3261400663916865, 'hidden_continuous_size': 10, 'attention_head_size': 3, 'learning_rate': 0.003380057312848063}. Best is trial 18 with value: 7.270778656005859.
LOCAL_RANK: 0 - CUDA_VISIBLE_DEVICES: [0]
[I 2023-12-16 09:37:04,784] Trial 45 finished with value: 7.654810428619385 and parameters: {'gradient_clip_val': 0.8834520191555905, 'hidden_size': 26, 'dropout': 0.33412662395760434, 'hidden_continuous_size': 10, 'attention_head_size': 3, 'learning_rate': 0.0033657574083215463}. Best is trial 18 with value: 7.270778656005859.
LOCAL_RANK: 0 - CUDA_VISIBLE_DEVICES: [0]
[I 2023-12-16 09:37:52,996] Trial 46 finished with value: 8.471440315246582 and parameters: {'gradient_clip_val': 0.8397400984439003, 'hidden_size': 28, 'dropout': 0.3610277109940828, 'hidden_continuous_size': 12, 'attention_head_size': 3, 'learning_rate': 0.0036385413567065206}. Best is trial 18 with value: 7.270778656005859.
LOCAL_RANK: 0 - CUDA_VISIBLE_DEVICES: [0]
[I 2023-12-16 09:38:41,111] Trial 47 finished with value: 8.030484199523926 and parameters: {'gradient_clip_val': 0.7323979750113166, 'hidden_size': 24, 'dropout': 0.33174636705610383, 'hidden_continuous_size': 10, 'attention_head_size': 3, 'learning_rate': 0.00453829470574455}. Best is trial 18 with value: 7.270778656005859.
LOCAL_RANK: 0 - CUDA_VISIBLE_DEVICES: [0]
[I 2023-12-16 09:39:29,081] Trial 48 finished with value: 7.3457489013671875 and parameters: {'gradient_clip_val': 0.88755688828272, 'hidden_size': 20, 'dropout': 0.34232969449665035, 'hidden_continuous_size': 11, 'attention_head_size': 3, 'learning_rate': 0.0032934389740421495}. Best is trial 18 with value: 7.270778656005859.
LOCAL_RANK: 0 - CUDA_VISIBLE_DEVICES: [0]
[I 2023-12-16 09:40:16,330] Trial 49 finished with value: 7.780473232269287 and parameters: {'gradient_clip_val': 0.91681752418319, 'hidden_size': 20, 'dropout': 0.33960179920305544, 'hidden_continuous_size': 11, 'attention_head_size': 2, 'learning_rate': 0.005656495224974363}. Best is trial 18 with value: 7.270778656005859.
[I 2023-12-16 09:40:16,421] A new study created in memory with name: no-name-c9780172-808f-4032-b2d3-11e4491dbe1b
/home/le004/conda/anaconda3/envs/tsff_env/lib/python3.9/site-packages/lightning/fabric/plugins/environments/slurm.py:191: The `srun` command is available on your system but is not used. HINT: If your intention is to run Lightning on SLURM, prepend your python command with `srun` like so: srun python /home/le004/master_thesis/git/TSFusionForecast/code/ ...
LOCAL_RANK: 0 - CUDA_VISIBLE_DEVICES: [0]
[I 2023-12-16 09:41:05,106] Trial 0 finished with value: 11.272071838378906 and parameters: {'gradient_clip_val': 0.19710410789395347, 'hidden_size': 19, 'dropout': 0.14238295972879841, 'hidden_continuous_size': 14, 'attention_head_size': 3, 'learning_rate': 0.0026806596486084722}. Best is trial 0 with value: 11.272071838378906.
LOCAL_RANK: 0 - CUDA_VISIBLE_DEVICES: [0]
[I 2023-12-16 09:41:38,433] Trial 1 finished with value: 18.69392967224121 and parameters: {'gradient_clip_val': 0.11205508218701561, 'hidden_size': 5, 'dropout': 0.3468868554569221, 'hidden_continuous_size': 5, 'attention_head_size': 1, 'learning_rate': 0.001949927251173709}. Best is trial 0 with value: 11.272071838378906.
LOCAL_RANK: 0 - CUDA_VISIBLE_DEVICES: [0]
[I 2023-12-16 09:42:31,144] Trial 2 finished with value: 13.44159984588623 and parameters: {'gradient_clip_val': 0.4988243601630742, 'hidden_size': 73, 'dropout': 0.1036929151298258, 'hidden_continuous_size': 7, 'attention_head_size': 2, 'learning_rate': 0.008989044589191584}. Best is trial 0 with value: 11.272071838378906.
LOCAL_RANK: 0 - CUDA_VISIBLE_DEVICES: [0]
[I 2023-12-16 09:43:17,595] Trial 3 finished with value: 13.22961139678955 and parameters: {'gradient_clip_val': 0.37368834886887603, 'hidden_size': 14, 'dropout': 0.10398672153872104, 'hidden_continuous_size': 6, 'attention_head_size': 4, 'learning_rate': 0.0010959403131120557}. Best is trial 0 with value: 11.272071838378906.
LOCAL_RANK: 0 - CUDA_VISIBLE_DEVICES: [0]
[I 2023-12-16 09:44:10,263] Trial 4 finished with value: 12.434931755065918 and parameters: {'gradient_clip_val': 0.28208430924310257, 'hidden_size': 45, 'dropout': 0.33649404155323925, 'hidden_continuous_size': 11, 'attention_head_size': 4, 'learning_rate': 0.0026586113950844655}. Best is trial 0 with value: 11.272071838378906.
LOCAL_RANK: 0 - CUDA_VISIBLE_DEVICES: [0]
[I 2023-12-16 09:44:59,632] Trial 5 finished with value: 11.400729179382324 and parameters: {'gradient_clip_val': 0.9521081801064211, 'hidden_size': 27, 'dropout': 0.38700778017985427, 'hidden_continuous_size': 12, 'attention_head_size': 3, 'learning_rate': 0.009486436658543417}. Best is trial 0 with value: 11.272071838378906.
LOCAL_RANK: 0 - CUDA_VISIBLE_DEVICES: [0]
[I 2023-12-16 09:45:54,289] Trial 6 finished with value: 11.070406913757324 and parameters: {'gradient_clip_val': 0.8354276338820411, 'hidden_size': 97, 'dropout': 0.30614114218933935, 'hidden_continuous_size': 15, 'attention_head_size': 2, 'learning_rate': 0.0077904141208977595}. Best is trial 6 with value: 11.070406913757324.
LOCAL_RANK: 0 - CUDA_VISIBLE_DEVICES: [0]
[I 2023-12-16 09:46:28,398] Trial 7 finished with value: 12.211886405944824 and parameters: {'gradient_clip_val': 0.8726641214037268, 'hidden_size': 6, 'dropout': 0.17320941526471578, 'hidden_continuous_size': 6, 'attention_head_size': 1, 'learning_rate': 0.01862278415458951}. Best is trial 6 with value: 11.070406913757324.
LOCAL_RANK: 0 - CUDA_VISIBLE_DEVICES: [0]
[I 2023-12-16 09:47:13,646] Trial 8 finished with value: 13.277289390563965 and parameters: {'gradient_clip_val': 0.20828389693835206, 'hidden_size': 14, 'dropout': 0.18380181880098512, 'hidden_continuous_size': 6, 'attention_head_size': 2, 'learning_rate': 0.0006803943186348752}. Best is trial 6 with value: 11.070406913757324.
LOCAL_RANK: 0 - CUDA_VISIBLE_DEVICES: [0]
[I 2023-12-16 09:48:02,016] Trial 9 finished with value: 14.111495971679688 and parameters: {'gradient_clip_val': 0.4387142557221081, 'hidden_size': 22, 'dropout': 0.13827317241693102, 'hidden_continuous_size': 7, 'attention_head_size': 3, 'learning_rate': 0.017165540345077574}. Best is trial 6 with value: 11.070406913757324.
LOCAL_RANK: 0 - CUDA_VISIBLE_DEVICES: [0]
[I 2023-12-16 09:48:57,822] Trial 10 finished with value: 13.825997352600098 and parameters: {'gradient_clip_val': 0.6484845424584561, 'hidden_size': 92, 'dropout': 0.2657872427778197, 'hidden_continuous_size': 38, 'attention_head_size': 2, 'learning_rate': 0.0469908434053894}. Best is trial 6 with value: 11.070406913757324.
LOCAL_RANK: 0 - CUDA_VISIBLE_DEVICES: [0]
[I 2023-12-16 09:49:50,479] Trial 11 finished with value: 10.294132232666016 and parameters: {'gradient_clip_val': 0.2384773316623381, 'hidden_size': 45, 'dropout': 0.24284724362382842, 'hidden_continuous_size': 19, 'attention_head_size': 3, 'learning_rate': 0.0034979591362333503}. Best is trial 11 with value: 10.294132232666016.
LOCAL_RANK: 0 - CUDA_VISIBLE_DEVICES: [0]
[I 2023-12-16 09:50:43,732] Trial 12 finished with value: 12.2263765335083 and parameters: {'gradient_clip_val': 0.6272787590213561, 'hidden_size': 59, 'dropout': 0.2601842150755614, 'hidden_continuous_size': 23, 'attention_head_size': 2, 'learning_rate': 0.0041487652362640175}. Best is trial 11 with value: 10.294132232666016.
LOCAL_RANK: 0 - CUDA_VISIBLE_DEVICES: [0]
[I 2023-12-16 09:51:42,055] Trial 13 finished with value: 13.255577087402344 and parameters: {'gradient_clip_val': 0.2971380250365112, 'hidden_size': 93, 'dropout': 0.29275552277556843, 'hidden_continuous_size': 79, 'attention_head_size': 3, 'learning_rate': 0.004902151827915118}. Best is trial 11 with value: 10.294132232666016.
LOCAL_RANK: 0 - CUDA_VISIBLE_DEVICES: [0]
[I 2023-12-16 09:52:34,186] Trial 14 finished with value: 10.836552619934082 and parameters: {'gradient_clip_val': 0.6442327715100531, 'hidden_size': 47, 'dropout': 0.22184781664773398, 'hidden_continuous_size': 16, 'attention_head_size': 1, 'learning_rate': 0.0005136873540866619}. Best is trial 11 with value: 10.294132232666016.
LOCAL_RANK: 0 - CUDA_VISIBLE_DEVICES: [0]
[I 2023-12-16 09:53:26,011] Trial 15 finished with value: 11.604523658752441 and parameters: {'gradient_clip_val': 0.5356665017307299, 'hidden_size': 38, 'dropout': 0.22474760257661003, 'hidden_continuous_size': 19, 'attention_head_size': 1, 'learning_rate': 0.0005273691769252197}. Best is trial 11 with value: 10.294132232666016.
LOCAL_RANK: 0 - CUDA_VISIBLE_DEVICES: [0]
[I 2023-12-16 09:54:19,166] Trial 16 finished with value: 11.42906665802002 and parameters: {'gradient_clip_val': 0.36592954681450574, 'hidden_size': 56, 'dropout': 0.22482880018992332, 'hidden_continuous_size': 24, 'attention_head_size': 4, 'learning_rate': 0.0012277802907529579}. Best is trial 11 with value: 10.294132232666016.
LOCAL_RANK: 0 - CUDA_VISIBLE_DEVICES: [0]
[I 2023-12-16 09:55:09,094] Trial 17 finished with value: 10.40689754486084 and parameters: {'gradient_clip_val': 0.7117241125122581, 'hidden_size': 37, 'dropout': 0.22607362380811963, 'hidden_continuous_size': 10, 'attention_head_size': 1, 'learning_rate': 0.0012286997831068038}. Best is trial 11 with value: 10.294132232666016.
LOCAL_RANK: 0 - CUDA_VISIBLE_DEVICES: [0]
[I 2023-12-16 09:55:59,395] Trial 18 finished with value: 11.985583305358887 and parameters: {'gradient_clip_val': 0.23881088775683262, 'hidden_size': 33, 'dropout': 0.20006574132331942, 'hidden_continuous_size': 11, 'attention_head_size': 3, 'learning_rate': 0.0015086901760485633}. Best is trial 11 with value: 10.294132232666016.
LOCAL_RANK: 0 - CUDA_VISIBLE_DEVICES: [0]
[I 2023-12-16 09:56:50,594] Trial 19 finished with value: 11.301274299621582 and parameters: {'gradient_clip_val': 0.1735288091058117, 'hidden_size': 34, 'dropout': 0.24783104002701137, 'hidden_continuous_size': 9, 'attention_head_size': 4, 'learning_rate': 0.0010739705235314233}. Best is trial 11 with value: 10.294132232666016.
LOCAL_RANK: 0 - CUDA_VISIBLE_DEVICES: [0]
[I 2023-12-16 09:57:42,841] Trial 20 finished with value: 13.435460090637207 and parameters: {'gradient_clip_val': 0.37816826037268136, 'hidden_size': 63, 'dropout': 0.28626566069613624, 'hidden_continuous_size': 9, 'attention_head_size': 1, 'learning_rate': 0.0033354899205020254}. Best is trial 11 with value: 10.294132232666016.
LOCAL_RANK: 0 - CUDA_VISIBLE_DEVICES: [0]
[I 2023-12-16 09:58:34,573] Trial 21 finished with value: 10.789283752441406 and parameters: {'gradient_clip_val': 0.7455285256831082, 'hidden_size': 44, 'dropout': 0.2186776356562194, 'hidden_continuous_size': 16, 'attention_head_size': 1, 'learning_rate': 0.0005010741051981408}. Best is trial 11 with value: 10.294132232666016.
LOCAL_RANK: 0 - CUDA_VISIBLE_DEVICES: [0]
[I 2023-12-16 09:59:25,730] Trial 22 finished with value: 11.836585998535156 and parameters: {'gradient_clip_val': 0.7529068897935248, 'hidden_size': 48, 'dropout': 0.24157981094405587, 'hidden_continuous_size': 19, 'attention_head_size': 1, 'learning_rate': 0.0008000432150883185}. Best is trial 11 with value: 10.294132232666016.
LOCAL_RANK: 0 - CUDA_VISIBLE_DEVICES: [0]
[I 2023-12-16 10:00:17,754] Trial 23 finished with value: 10.88050365447998 and parameters: {'gradient_clip_val': 0.9684221687634116, 'hidden_size': 39, 'dropout': 0.20113352734506246, 'hidden_continuous_size': 13, 'attention_head_size': 2, 'learning_rate': 0.0019183831476673075}. Best is trial 11 with value: 10.294132232666016.
LOCAL_RANK: 0 - CUDA_VISIBLE_DEVICES: [0]
[I 2023-12-16 10:01:07,141] Trial 24 finished with value: 11.358283996582031 and parameters: {'gradient_clip_val': 0.7400702329304045, 'hidden_size': 31, 'dropout': 0.26229519029418313, 'hidden_continuous_size': 10, 'attention_head_size': 1, 'learning_rate': 0.0008442943443624322}. Best is trial 11 with value: 10.294132232666016.
LOCAL_RANK: 0 - CUDA_VISIBLE_DEVICES: [0]
[I 2023-12-16 10:02:01,120] Trial 25 finished with value: 12.631828308105469 and parameters: {'gradient_clip_val': 0.5248387777517081, 'hidden_size': 71, 'dropout': 0.23521864981123142, 'hidden_continuous_size': 17, 'attention_head_size': 2, 'learning_rate': 0.0017117044453303111}. Best is trial 11 with value: 10.294132232666016.
LOCAL_RANK: 0 - CUDA_VISIBLE_DEVICES: [0]
[I 2023-12-16 10:02:54,238] Trial 26 finished with value: 10.68603801727295 and parameters: {'gradient_clip_val': 0.7396243334862893, 'hidden_size': 47, 'dropout': 0.2073885283524284, 'hidden_continuous_size': 13, 'attention_head_size': 3, 'learning_rate': 0.0008466857250350721}. Best is trial 11 with value: 10.294132232666016.
LOCAL_RANK: 0 - CUDA_VISIBLE_DEVICES: [0]
[I 2023-12-16 10:03:42,685] Trial 27 finished with value: 10.537383079528809 and parameters: {'gradient_clip_val': 0.4593006680198176, 'hidden_size': 28, 'dropout': 0.2061267044850213, 'hidden_continuous_size': 13, 'attention_head_size': 3, 'learning_rate': 0.0012495600388357732}. Best is trial 11 with value: 10.294132232666016.
LOCAL_RANK: 0 - CUDA_VISIBLE_DEVICES: [0]
