[rank: 0] Seed set to 42
[I 2023-12-27 10:51:54,592] A new study created in memory with name: no-name-797c40a8-e187-4c0a-8c87-71dc044a497b
/home/le004/conda/anaconda3/envs/tsff_env/lib/python3.9/site-packages/lightning/fabric/plugins/environments/slurm.py:191: The `srun` command is available on your system but is not used. HINT: If your intention is to run Lightning on SLURM, prepend your python command with `srun` like so: srun python /home/le004/master_thesis/git/TSFusionForecast/code/ ...
LOCAL_RANK: 0 - CUDA_VISIBLE_DEVICES: [0]
[I 2023-12-27 10:52:12,839] Trial 0 finished with value: 23.85066032409668 and parameters: {'gradient_clip_val': 0.1494358659489965, 'hidden_size': 34, 'dropout': 0.18682086564956413, 'hidden_continuous_size': 24, 'attention_head_size': 4, 'learning_rate': 0.06227902790951242}. Best is trial 0 with value: 23.85066032409668.
LOCAL_RANK: 0 - CUDA_VISIBLE_DEVICES: [0]
[I 2023-12-27 10:52:13,258] Trial 1 finished with value: 64.49099731445312 and parameters: {'gradient_clip_val': 0.12994300367592762, 'hidden_size': 26, 'dropout': 0.15529936161329846, 'hidden_continuous_size': 15, 'attention_head_size': 2, 'learning_rate': 0.0061501341748251516}. Best is trial 0 with value: 23.85066032409668.
LOCAL_RANK: 0 - CUDA_VISIBLE_DEVICES: [0]
[I 2023-12-27 10:52:13,667] Trial 2 finished with value: 66.53006744384766 and parameters: {'gradient_clip_val': 0.13209866390869368, 'hidden_size': 33, 'dropout': 0.26018797151492035, 'hidden_continuous_size': 10, 'attention_head_size': 1, 'learning_rate': 0.007737539424007466}. Best is trial 0 with value: 23.85066032409668.
LOCAL_RANK: 0 - CUDA_VISIBLE_DEVICES: [0]
[I 2023-12-27 10:52:14,093] Trial 3 finished with value: 76.05490112304688 and parameters: {'gradient_clip_val': 0.35455433542375797, 'hidden_size': 25, 'dropout': 0.4191137854012229, 'hidden_continuous_size': 9, 'attention_head_size': 3, 'learning_rate': 0.008227573392411215}. Best is trial 0 with value: 23.85066032409668.
LOCAL_RANK: 0 - CUDA_VISIBLE_DEVICES: [0]
[I 2023-12-27 10:52:14,516] Trial 4 finished with value: 60.13759231567383 and parameters: {'gradient_clip_val': 0.11770363318731476, 'hidden_size': 40, 'dropout': 0.3842336512134753, 'hidden_continuous_size': 10, 'attention_head_size': 2, 'learning_rate': 0.05029058435815518}. Best is trial 0 with value: 23.85066032409668.
LOCAL_RANK: 0 - CUDA_VISIBLE_DEVICES: [0]
[I 2023-12-27 10:52:14,939] Trial 5 finished with value: 57.23817825317383 and parameters: {'gradient_clip_val': 0.30766378371543635, 'hidden_size': 16, 'dropout': 0.2771887643665495, 'hidden_continuous_size': 8, 'attention_head_size': 4, 'learning_rate': 0.009217048494123772}. Best is trial 0 with value: 23.85066032409668.
LOCAL_RANK: 0 - CUDA_VISIBLE_DEVICES: [0]
[I 2023-12-27 10:52:15,369] Trial 6 finished with value: 62.33127975463867 and parameters: {'gradient_clip_val': 0.16881538442265578, 'hidden_size': 103, 'dropout': 0.131742805105237, 'hidden_continuous_size': 9, 'attention_head_size': 1, 'learning_rate': 0.0010640443598383502}. Best is trial 0 with value: 23.85066032409668.
LOCAL_RANK: 0 - CUDA_VISIBLE_DEVICES: [0]
[I 2023-12-27 10:52:15,995] Trial 7 finished with value: 69.7538070678711 and parameters: {'gradient_clip_val': 0.26828835457423433, 'hidden_size': 6, 'dropout': 0.46778210773805085, 'hidden_continuous_size': 6, 'attention_head_size': 2, 'learning_rate': 0.06508380092487115}. Best is trial 0 with value: 23.85066032409668.
LOCAL_RANK: 0 - CUDA_VISIBLE_DEVICES: [0]
[I 2023-12-27 10:52:16,400] Trial 8 finished with value: 69.26091766357422 and parameters: {'gradient_clip_val': 0.5930231252831398, 'hidden_size': 8, 'dropout': 0.34677023037061905, 'hidden_continuous_size': 5, 'attention_head_size': 3, 'learning_rate': 0.0020542808859927474}. Best is trial 0 with value: 23.85066032409668.
LOCAL_RANK: 0 - CUDA_VISIBLE_DEVICES: [0]
[I 2023-12-27 10:52:16,809] Trial 9 finished with value: 61.09809875488281 and parameters: {'gradient_clip_val': 0.5726027293167458, 'hidden_size': 20, 'dropout': 0.2987929874919442, 'hidden_continuous_size': 5, 'attention_head_size': 1, 'learning_rate': 0.0008143451123996757}. Best is trial 0 with value: 23.85066032409668.
LOCAL_RANK: 0 - CUDA_VISIBLE_DEVICES: [0]
[I 2023-12-27 10:52:17,264] Trial 10 finished with value: 79.66162872314453 and parameters: {'gradient_clip_val': 0.9697616243391027, 'hidden_size': 69, 'dropout': 0.20561541611220463, 'hidden_continuous_size': 39, 'attention_head_size': 4, 'learning_rate': 0.028558734819022772}. Best is trial 0 with value: 23.85066032409668.
LOCAL_RANK: 0 - CUDA_VISIBLE_DEVICES: [0]
[I 2023-12-27 10:52:17,782] Trial 11 finished with value: 72.0189437866211 and parameters: {'gradient_clip_val': 0.22763079197793534, 'hidden_size': 13, 'dropout': 0.22554144822947877, 'hidden_continuous_size': 7, 'attention_head_size': 4, 'learning_rate': 0.024573969202299227}. Best is trial 0 with value: 23.85066032409668.
LOCAL_RANK: 0 - CUDA_VISIBLE_DEVICES: [0]
[I 2023-12-27 10:52:18,228] Trial 12 finished with value: 56.83760452270508 and parameters: {'gradient_clip_val': 0.20076330015726473, 'hidden_size': 12, 'dropout': 0.28981492575138096, 'hidden_continuous_size': 6, 'attention_head_size': 4, 'learning_rate': 0.07080499969813325}. Best is trial 0 with value: 23.85066032409668.
LOCAL_RANK: 0 - CUDA_VISIBLE_DEVICES: [0]
[I 2023-12-27 10:52:18,669] Trial 13 finished with value: 65.69390106201172 and parameters: {'gradient_clip_val': 0.16955222247123328, 'hidden_size': 10, 'dropout': 0.16689720181988404, 'hidden_continuous_size': 6, 'attention_head_size': 3, 'learning_rate': 0.09580691643976334}. Best is trial 0 with value: 23.85066032409668.
LOCAL_RANK: 0 - CUDA_VISIBLE_DEVICES: [0]
[I 2023-12-27 10:52:19,070] Trial 14 finished with value: 72.05904388427734 and parameters: {'gradient_clip_val': 0.1856132208378362, 'hidden_size': 5, 'dropout': 0.11338054263271607, 'hidden_continuous_size': 5, 'attention_head_size': 4, 'learning_rate': 0.09597946941687815}. Best is trial 0 with value: 23.85066032409668.
LOCAL_RANK: 0 - CUDA_VISIBLE_DEVICES: [0]
[I 2023-12-27 10:52:19,525] Trial 15 finished with value: 67.23272705078125 and parameters: {'gradient_clip_val': 0.10068675039509295, 'hidden_size': 49, 'dropout': 0.33428993927681416, 'hidden_continuous_size': 20, 'attention_head_size': 3, 'learning_rate': 0.033750367756059343}. Best is trial 0 with value: 23.85066032409668.
LOCAL_RANK: 0 - CUDA_VISIBLE_DEVICES: [0]
[I 2023-12-27 10:52:19,975] Trial 16 finished with value: 66.89871978759766 and parameters: {'gradient_clip_val': 0.20946585624036634, 'hidden_size': 17, 'dropout': 0.21965957909092199, 'hidden_continuous_size': 7, 'attention_head_size': 4, 'learning_rate': 0.017932608579789053}. Best is trial 0 with value: 23.85066032409668.
LOCAL_RANK: 0 - CUDA_VISIBLE_DEVICES: [0]
[I 2023-12-27 10:52:20,417] Trial 17 finished with value: 68.62877655029297 and parameters: {'gradient_clip_val': 0.15047420327430674, 'hidden_size': 12, 'dropout': 0.25302676439779437, 'hidden_continuous_size': 6, 'attention_head_size': 4, 'learning_rate': 0.04885159241473141}. Best is trial 0 with value: 23.85066032409668.
LOCAL_RANK: 0 - CUDA_VISIBLE_DEVICES: [0]
[I 2023-12-27 10:52:20,922] Trial 18 finished with value: 62.17619705200195 and parameters: {'gradient_clip_val': 0.2340795243449091, 'hidden_size': 138, 'dropout': 0.18087396568479053, 'hidden_continuous_size': 99, 'attention_head_size': 3, 'learning_rate': 0.05416253154532555}. Best is trial 0 with value: 23.85066032409668.
LOCAL_RANK: 0 - CUDA_VISIBLE_DEVICES: [0]
[I 2023-12-27 10:52:21,476] Trial 19 finished with value: 78.00988006591797 and parameters: {'gradient_clip_val': 0.15717221408990195, 'hidden_size': 20, 'dropout': 0.31481865250950947, 'hidden_continuous_size': 5, 'attention_head_size': 4, 'learning_rate': 0.016466442832868636}. Best is trial 0 with value: 23.85066032409668.
LOCAL_RANK: 0 - CUDA_VISIBLE_DEVICES: [0]
[I 2023-12-27 10:52:22,200] Trial 20 finished with value: 55.7363166809082 and parameters: {'gradient_clip_val': 0.12048827201478729, 'hidden_size': 9, 'dropout': 0.23470863868508757, 'hidden_continuous_size': 6, 'attention_head_size': 3, 'learning_rate': 0.08880892146640548}. Best is trial 0 with value: 23.85066032409668.
LOCAL_RANK: 0 - CUDA_VISIBLE_DEVICES: [0]
[I 2023-12-27 10:52:22,638] Trial 21 finished with value: 72.109619140625 and parameters: {'gradient_clip_val': 0.10396143688836516, 'hidden_size': 8, 'dropout': 0.24370507857022009, 'hidden_continuous_size': 6, 'attention_head_size': 3, 'learning_rate': 0.08750495689167606}. Best is trial 0 with value: 23.85066032409668.
LOCAL_RANK: 0 - CUDA_VISIBLE_DEVICES: [0]
[I 2023-12-27 10:52:23,169] Trial 22 finished with value: 68.6320571899414 and parameters: {'gradient_clip_val': 0.13369149703457328, 'hidden_size': 13, 'dropout': 0.19425531641055466, 'hidden_continuous_size': 6, 'attention_head_size': 4, 'learning_rate': 0.06121472663703623}. Best is trial 0 with value: 23.85066032409668.
LOCAL_RANK: 0 - CUDA_VISIBLE_DEVICES: [0]
[I 2023-12-27 10:52:23,696] Trial 23 finished with value: 61.78717041015625 and parameters: {'gradient_clip_val': 0.1882736126787057, 'hidden_size': 8, 'dropout': 0.277691575388289, 'hidden_continuous_size': 5, 'attention_head_size': 3, 'learning_rate': 0.04151865149656361}. Best is trial 0 with value: 23.85066032409668.
LOCAL_RANK: 0 - CUDA_VISIBLE_DEVICES: [0]
[I 2023-12-27 10:52:24,229] Trial 24 finished with value: 78.85269927978516 and parameters: {'gradient_clip_val': 0.14475758230520097, 'hidden_size': 32, 'dropout': 0.22248635672542022, 'hidden_continuous_size': 11, 'attention_head_size': 4, 'learning_rate': 0.07278287740824456}. Best is trial 0 with value: 23.85066032409668.
LOCAL_RANK: 0 - CUDA_VISIBLE_DEVICES: [0]
[I 2023-12-27 10:52:24,709] Trial 25 finished with value: 66.20551300048828 and parameters: {'gradient_clip_val': 0.11392109388870113, 'hidden_size': 5, 'dropout': 0.14474343851184904, 'hidden_continuous_size': 5, 'attention_head_size': 2, 'learning_rate': 0.036858677636260814}. Best is trial 0 with value: 23.85066032409668.
LOCAL_RANK: 0 - CUDA_VISIBLE_DEVICES: [0]
[I 2023-12-27 10:52:25,241] Trial 26 finished with value: 101.13912963867188 and parameters: {'gradient_clip_val': 0.12150932664326622, 'hidden_size': 11, 'dropout': 0.17921200862553974, 'hidden_continuous_size': 6, 'attention_head_size': 3, 'learning_rate': 0.09235999028657614}. Best is trial 0 with value: 23.85066032409668.
LOCAL_RANK: 0 - CUDA_VISIBLE_DEVICES: [0]
[I 2023-12-27 10:52:25,800] Trial 27 finished with value: 64.97162628173828 and parameters: {'gradient_clip_val': 0.18819269281785295, 'hidden_size': 21, 'dropout': 0.24756387488562664, 'hidden_continuous_size': 7, 'attention_head_size': 4, 'learning_rate': 0.05890168350769417}. Best is trial 0 with value: 23.85066032409668.
LOCAL_RANK: 0 - CUDA_VISIBLE_DEVICES: [0]
[I 2023-12-27 10:52:26,341] Trial 28 finished with value: 56.448883056640625 and parameters: {'gradient_clip_val': 0.1506393785704764, 'hidden_size': 15, 'dropout': 0.19622435248980608, 'hidden_continuous_size': 7, 'attention_head_size': 4, 'learning_rate': 0.040468859129390015}. Best is trial 0 with value: 23.85066032409668.
LOCAL_RANK: 0 - CUDA_VISIBLE_DEVICES: [0]
[I 2023-12-27 10:52:26,870] Trial 29 finished with value: 78.79132080078125 and parameters: {'gradient_clip_val': 0.14665087861175222, 'hidden_size': 24, 'dropout': 0.15532381853540697, 'hidden_continuous_size': 12, 'attention_head_size': 2, 'learning_rate': 0.021221127638369957}. Best is trial 0 with value: 23.85066032409668.
LOCAL_RANK: 0 - CUDA_VISIBLE_DEVICES: [0]
[I 2023-12-27 10:52:27,421] Trial 30 finished with value: 60.2962646484375 and parameters: {'gradient_clip_val': 0.12784668028419036, 'hidden_size': 16, 'dropout': 0.11053074345537153, 'hidden_continuous_size': 7, 'attention_head_size': 3, 'learning_rate': 0.0327237936713651}. Best is trial 0 with value: 23.85066032409668.
LOCAL_RANK: 0 - CUDA_VISIBLE_DEVICES: [0]
[I 2023-12-27 10:52:27,990] Trial 31 finished with value: 74.51192474365234 and parameters: {'gradient_clip_val': 0.15384359393452343, 'hidden_size': 10, 'dropout': 0.19834159738894136, 'hidden_continuous_size': 6, 'attention_head_size': 4, 'learning_rate': 0.042753304022287504}. Best is trial 0 with value: 23.85066032409668.
LOCAL_RANK: 0 - CUDA_VISIBLE_DEVICES: [0]
[I 2023-12-27 10:52:28,791] Trial 32 finished with value: 72.47329711914062 and parameters: {'gradient_clip_val': 0.13082884577188214, 'hidden_size': 31, 'dropout': 0.16451204187207547, 'hidden_continuous_size': 8, 'attention_head_size': 4, 'learning_rate': 0.06942265894354355}. Best is trial 0 with value: 23.85066032409668.
LOCAL_RANK: 0 - CUDA_VISIBLE_DEVICES: [0]
[I 2023-12-27 10:52:29,236] Trial 33 finished with value: 85.2805404663086 and parameters: {'gradient_clip_val': 0.11293656801554355, 'hidden_size': 14, 'dropout': 0.22978921778047, 'hidden_continuous_size': 7, 'attention_head_size': 4, 'learning_rate': 0.0708187038498565}. Best is trial 0 with value: 23.85066032409668.
LOCAL_RANK: 0 - CUDA_VISIBLE_DEVICES: [0]
[I 2023-12-27 10:52:29,768] Trial 34 finished with value: 72.82907104492188 and parameters: {'gradient_clip_val': 0.13607168629897917, 'hidden_size': 28, 'dropout': 0.27433738574512995, 'hidden_continuous_size': 8, 'attention_head_size': 4, 'learning_rate': 0.04267809887944632}. Best is trial 0 with value: 23.85066032409668.
LOCAL_RANK: 0 - CUDA_VISIBLE_DEVICES: [0]
[I 2023-12-27 10:52:30,300] Trial 35 finished with value: 66.39539337158203 and parameters: {'gradient_clip_val': 0.16976052425180882, 'hidden_size': 24, 'dropout': 0.20076242491135393, 'hidden_continuous_size': 9, 'attention_head_size': 3, 'learning_rate': 0.09886738873473855}. Best is trial 0 with value: 23.85066032409668.
LOCAL_RANK: 0 - CUDA_VISIBLE_DEVICES: [0]
[I 2023-12-27 10:52:30,849] Trial 36 finished with value: 68.37750244140625 and parameters: {'gradient_clip_val': 0.10015834639104235, 'hidden_size': 37, 'dropout': 0.2571100053290139, 'hidden_continuous_size': 14, 'attention_head_size': 4, 'learning_rate': 0.013702669096825916}. Best is trial 0 with value: 23.85066032409668.
LOCAL_RANK: 0 - CUDA_VISIBLE_DEVICES: [0]
[I 2023-12-27 10:52:31,388] Trial 37 finished with value: 66.64958953857422 and parameters: {'gradient_clip_val': 0.11941797765080713, 'hidden_size': 17, 'dropout': 0.14356898216638025, 'hidden_continuous_size': 8, 'attention_head_size': 3, 'learning_rate': 0.030938849889048263}. Best is trial 0 with value: 23.85066032409668.
LOCAL_RANK: 0 - CUDA_VISIBLE_DEVICES: [0]
[I 2023-12-27 10:52:31,917] Trial 38 finished with value: 72.47185516357422 and parameters: {'gradient_clip_val': 0.21202052567774862, 'hidden_size': 10, 'dropout': 0.2940509350588472, 'hidden_continuous_size': 6, 'attention_head_size': 1, 'learning_rate': 0.050499406734630735}. Best is trial 0 with value: 23.85066032409668.
LOCAL_RANK: 0 - CUDA_VISIBLE_DEVICES: [0]
[I 2023-12-27 10:52:32,445] Trial 39 finished with value: 68.01091766357422 and parameters: {'gradient_clip_val': 0.2738760558655149, 'hidden_size': 7, 'dropout': 0.2307390479437975, 'hidden_continuous_size': 5, 'attention_head_size': 4, 'learning_rate': 0.023811998355745375}. Best is trial 0 with value: 23.85066032409668.
LOCAL_RANK: 0 - CUDA_VISIBLE_DEVICES: [0]
[I 2023-12-27 10:52:32,987] Trial 40 finished with value: 52.925384521484375 and parameters: {'gradient_clip_val': 0.14140204494416692, 'hidden_size': 46, 'dropout': 0.18010229722201368, 'hidden_continuous_size': 9, 'attention_head_size': 2, 'learning_rate': 0.06896195344333336}. Best is trial 0 with value: 23.85066032409668.
LOCAL_RANK: 0 - CUDA_VISIBLE_DEVICES: [0]
[I 2023-12-27 10:52:33,521] Trial 41 finished with value: 52.38822555541992 and parameters: {'gradient_clip_val': 0.14068778821765485, 'hidden_size': 52, 'dropout': 0.18146936490274088, 'hidden_continuous_size': 9, 'attention_head_size': 2, 'learning_rate': 0.0739324788337391}. Best is trial 0 with value: 23.85066032409668.
LOCAL_RANK: 0 - CUDA_VISIBLE_DEVICES: [0]
[I 2023-12-27 10:52:34,066] Trial 42 finished with value: 80.29950714111328 and parameters: {'gradient_clip_val': 0.13888693136897654, 'hidden_size': 49, 'dropout': 0.17652677145682216, 'hidden_continuous_size': 14, 'attention_head_size': 2, 'learning_rate': 0.051642072534200945}. Best is trial 0 with value: 23.85066032409668.
LOCAL_RANK: 0 - CUDA_VISIBLE_DEVICES: [0]
[I 2023-12-27 10:52:34,527] Trial 43 finished with value: 75.71764373779297 and parameters: {'gradient_clip_val': 0.16677401591574, 'hidden_size': 44, 'dropout': 0.1289967445809415, 'hidden_continuous_size': 9, 'attention_head_size': 2, 'learning_rate': 0.07744717387533075}. Best is trial 0 with value: 23.85066032409668.
LOCAL_RANK: 0 - CUDA_VISIBLE_DEVICES: [0]
[I 2023-12-27 10:52:35,066] Trial 44 finished with value: 66.66182708740234 and parameters: {'gradient_clip_val': 0.11725559757448537, 'hidden_size': 65, 'dropout': 0.2102364866829435, 'hidden_continuous_size': 11, 'attention_head_size': 2, 'learning_rate': 0.06013833357589548}. Best is trial 0 with value: 23.85066032409668.
LOCAL_RANK: 0 - CUDA_VISIBLE_DEVICES: [0]
[I 2023-12-27 10:52:35,800] Trial 45 finished with value: 72.79461669921875 and parameters: {'gradient_clip_val': 0.12691601932302612, 'hidden_size': 38, 'dropout': 0.1881925019194978, 'hidden_continuous_size': 9, 'attention_head_size': 1, 'learning_rate': 0.039170408838862025}. Best is trial 0 with value: 23.85066032409668.
LOCAL_RANK: 0 - CUDA_VISIBLE_DEVICES: [0]
[I 2023-12-27 10:52:36,345] Trial 46 finished with value: 63.73565673828125 and parameters: {'gradient_clip_val': 0.16294406004251027, 'hidden_size': 56, 'dropout': 0.16252250013805597, 'hidden_continuous_size': 17, 'attention_head_size': 2, 'learning_rate': 0.07698774063305532}. Best is trial 0 with value: 23.85066032409668.
LOCAL_RANK: 0 - CUDA_VISIBLE_DEVICES: [0]
[I 2023-12-27 10:52:36,884] Trial 47 finished with value: 67.42240905761719 and parameters: {'gradient_clip_val': 0.14188621074522423, 'hidden_size': 36, 'dropout': 0.20829375073594777, 'hidden_continuous_size': 10, 'attention_head_size': 2, 'learning_rate': 0.028541243788292245}. Best is trial 0 with value: 23.85066032409668.
LOCAL_RANK: 0 - CUDA_VISIBLE_DEVICES: [0]
[I 2023-12-27 10:52:37,427] Trial 48 finished with value: 60.14262008666992 and parameters: {'gradient_clip_val': 0.1103291391816919, 'hidden_size': 83, 'dropout': 0.18489837693584826, 'hidden_continuous_size': 21, 'attention_head_size': 1, 'learning_rate': 0.049076434429576675}. Best is trial 0 with value: 23.85066032409668.
LOCAL_RANK: 0 - CUDA_VISIBLE_DEVICES: [0]
[I 2023-12-27 10:52:37,988] Trial 49 finished with value: 61.78767395019531 and parameters: {'gradient_clip_val': 0.17598582685561204, 'hidden_size': 42, 'dropout': 0.1321058738415982, 'hidden_continuous_size': 12, 'attention_head_size': 2, 'learning_rate': 0.06355080774767903}. Best is trial 0 with value: 23.85066032409668.
[I 2023-12-27 10:52:38,119] A new study created in memory with name: no-name-3d037ccd-c6a7-49eb-85c8-9b302ba8db37
/home/le004/conda/anaconda3/envs/tsff_env/lib/python3.9/site-packages/lightning/fabric/plugins/environments/slurm.py:191: The `srun` command is available on your system but is not used. HINT: If your intention is to run Lightning on SLURM, prepend your python command with `srun` like so: srun python /home/le004/master_thesis/git/TSFusionForecast/code/ ...
LOCAL_RANK: 0 - CUDA_VISIBLE_DEVICES: [0]
[I 2023-12-27 10:53:01,605] Trial 0 finished with value: 7.9883880615234375 and parameters: {'gradient_clip_val': 0.3188661823084521, 'hidden_size': 16, 'dropout': 0.25392858486085174, 'hidden_continuous_size': 15, 'attention_head_size': 1, 'learning_rate': 0.06285682674153367}. Best is trial 0 with value: 7.9883880615234375.
LOCAL_RANK: 0 - CUDA_VISIBLE_DEVICES: [0]
[I 2023-12-27 10:53:02,091] Trial 1 finished with value: 57.28656005859375 and parameters: {'gradient_clip_val': 0.4247289042123726, 'hidden_size': 78, 'dropout': 0.37659959285257416, 'hidden_continuous_size': 18, 'attention_head_size': 3, 'learning_rate': 0.07175009635829166}. Best is trial 0 with value: 7.9883880615234375.
LOCAL_RANK: 0 - CUDA_VISIBLE_DEVICES: [0]
[I 2023-12-27 10:53:02,533] Trial 2 finished with value: 28.480478286743164 and parameters: {'gradient_clip_val': 0.719315076627921, 'hidden_size': 38, 'dropout': 0.1575410587409914, 'hidden_continuous_size': 27, 'attention_head_size': 2, 'learning_rate': 0.006525604200879617}. Best is trial 0 with value: 7.9883880615234375.
LOCAL_RANK: 0 - CUDA_VISIBLE_DEVICES: [0]
[I 2023-12-27 10:53:02,926] Trial 3 finished with value: 34.72856521606445 and parameters: {'gradient_clip_val': 0.16377652753978955, 'hidden_size': 7, 'dropout': 0.33657578016106504, 'hidden_continuous_size': 7, 'attention_head_size': 3, 'learning_rate': 0.0006776508311944777}. Best is trial 0 with value: 7.9883880615234375.
LOCAL_RANK: 0 - CUDA_VISIBLE_DEVICES: [0]
[I 2023-12-27 10:53:03,358] Trial 4 finished with value: 47.1524658203125 and parameters: {'gradient_clip_val': 0.4447505420085666, 'hidden_size': 44, 'dropout': 0.3760378267739187, 'hidden_continuous_size': 16, 'attention_head_size': 2, 'learning_rate': 0.00304993387422687}. Best is trial 0 with value: 7.9883880615234375.
LOCAL_RANK: 0 - CUDA_VISIBLE_DEVICES: [0]
[I 2023-12-27 10:53:04,047] Trial 5 finished with value: 45.34354782104492 and parameters: {'gradient_clip_val': 0.21494262019042687, 'hidden_size': 17, 'dropout': 0.3554683549701826, 'hidden_continuous_size': 6, 'attention_head_size': 2, 'learning_rate': 0.0067629750908254046}. Best is trial 0 with value: 7.9883880615234375.
LOCAL_RANK: 0 - CUDA_VISIBLE_DEVICES: [0]
