[I 2023-12-15 19:18:16,506] Trial 28 finished with value: 10.2978515625 and parameters: {'gradient_clip_val': 0.6137493317161967, 'hidden_size': 10, 'dropout': 0.2918571361122774, 'hidden_continuous_size': 6, 'attention_head_size': 3, 'learning_rate': 0.03156762547569783}. Best is trial 3 with value: 2.6677358150482178.
LOCAL_RANK: 0 - CUDA_VISIBLE_DEVICES: [0]
[I 2023-12-15 19:18:49,729] Trial 29 finished with value: 4.571054935455322 and parameters: {'gradient_clip_val': 0.5063348414857187, 'hidden_size': 5, 'dropout': 0.26315525313232657, 'hidden_continuous_size': 5, 'attention_head_size': 1, 'learning_rate': 0.07191736628075497}. Best is trial 3 with value: 2.6677358150482178.
LOCAL_RANK: 0 - CUDA_VISIBLE_DEVICES: [0]
[I 2023-12-15 19:19:34,330] Trial 30 finished with value: 6.021189212799072 and parameters: {'gradient_clip_val': 0.834013199050588, 'hidden_size': 14, 'dropout': 0.29565037832650215, 'hidden_continuous_size': 7, 'attention_head_size': 1, 'learning_rate': 0.05945889088775164}. Best is trial 3 with value: 2.6677358150482178.
LOCAL_RANK: 0 - CUDA_VISIBLE_DEVICES: [0]
[I 2023-12-15 19:20:19,005] Trial 31 finished with value: 4.973215579986572 and parameters: {'gradient_clip_val': 0.6185075154845624, 'hidden_size': 7, 'dropout': 0.3696062210941371, 'hidden_continuous_size': 5, 'attention_head_size': 2, 'learning_rate': 0.004511872852645264}. Best is trial 3 with value: 2.6677358150482178.
LOCAL_RANK: 0 - CUDA_VISIBLE_DEVICES: [0]
[I 2023-12-15 19:21:03,477] Trial 32 finished with value: 6.337953090667725 and parameters: {'gradient_clip_val': 0.6204838333528309, 'hidden_size': 6, 'dropout': 0.3746237386979377, 'hidden_continuous_size': 5, 'attention_head_size': 2, 'learning_rate': 0.008740589343339643}. Best is trial 3 with value: 2.6677358150482178.
LOCAL_RANK: 0 - CUDA_VISIBLE_DEVICES: [0]
[I 2023-12-15 19:21:48,002] Trial 33 finished with value: 3.3385117053985596 and parameters: {'gradient_clip_val': 0.635843923761606, 'hidden_size': 10, 'dropout': 0.3987164222262813, 'hidden_continuous_size': 6, 'attention_head_size': 2, 'learning_rate': 0.013512653194768945}. Best is trial 3 with value: 2.6677358150482178.
LOCAL_RANK: 0 - CUDA_VISIBLE_DEVICES: [0]
[I 2023-12-15 19:22:31,519] Trial 34 finished with value: 5.669840335845947 and parameters: {'gradient_clip_val': 0.543792992003899, 'hidden_size': 8, 'dropout': 0.3492938433395692, 'hidden_continuous_size': 5, 'attention_head_size': 2, 'learning_rate': 0.03875945310375587}. Best is trial 3 with value: 2.6677358150482178.
LOCAL_RANK: 0 - CUDA_VISIBLE_DEVICES: [0]
[I 2023-12-15 19:23:20,111] Trial 35 finished with value: 12.553709983825684 and parameters: {'gradient_clip_val': 0.7152882443795983, 'hidden_size': 23, 'dropout': 0.3144146671020408, 'hidden_continuous_size': 12, 'attention_head_size': 3, 'learning_rate': 0.019520291095208038}. Best is trial 3 with value: 2.6677358150482178.
LOCAL_RANK: 0 - CUDA_VISIBLE_DEVICES: [0]
[I 2023-12-15 19:24:06,463] Trial 36 finished with value: 13.282563209533691 and parameters: {'gradient_clip_val': 0.480803911379925, 'hidden_size': 18, 'dropout': 0.23701502377350284, 'hidden_continuous_size': 8, 'attention_head_size': 2, 'learning_rate': 0.04629485844356499}. Best is trial 3 with value: 2.6677358150482178.
LOCAL_RANK: 0 - CUDA_VISIBLE_DEVICES: [0]
[I 2023-12-15 19:24:56,680] Trial 37 finished with value: 9.54662799835205 and parameters: {'gradient_clip_val': 0.5825547901670589, 'hidden_size': 33, 'dropout': 0.3271685251815295, 'hidden_continuous_size': 16, 'attention_head_size': 2, 'learning_rate': 0.007818254876476211}. Best is trial 3 with value: 2.6677358150482178.
LOCAL_RANK: 0 - CUDA_VISIBLE_DEVICES: [0]
[I 2023-12-15 19:25:45,468] Trial 38 finished with value: 2.777817487716675 and parameters: {'gradient_clip_val': 0.8067417183207048, 'hidden_size': 21, 'dropout': 0.3789988891124881, 'hidden_continuous_size': 10, 'attention_head_size': 4, 'learning_rate': 0.0035521327936207945}. Best is trial 3 with value: 2.6677358150482178.
LOCAL_RANK: 0 - CUDA_VISIBLE_DEVICES: [0]
[I 2023-12-15 19:26:34,651] Trial 39 finished with value: 5.939552307128906 and parameters: {'gradient_clip_val': 0.8352991228607954, 'hidden_size': 22, 'dropout': 0.2089395511792898, 'hidden_continuous_size': 11, 'attention_head_size': 4, 'learning_rate': 0.00349186043006668}. Best is trial 3 with value: 2.6677358150482178.
LOCAL_RANK: 0 - CUDA_VISIBLE_DEVICES: [0]
[I 2023-12-15 19:27:23,735] Trial 40 finished with value: 10.672454833984375 and parameters: {'gradient_clip_val': 0.16421030759487895, 'hidden_size': 25, 'dropout': 0.3008707548368812, 'hidden_continuous_size': 10, 'attention_head_size': 4, 'learning_rate': 0.0033203902975044736}. Best is trial 3 with value: 2.6677358150482178.
LOCAL_RANK: 0 - CUDA_VISIBLE_DEVICES: [0]
[I 2023-12-15 19:28:09,794] Trial 41 finished with value: 4.524144649505615 and parameters: {'gradient_clip_val': 0.7057800108623687, 'hidden_size': 15, 'dropout': 0.3784955494960389, 'hidden_continuous_size': 7, 'attention_head_size': 4, 'learning_rate': 0.006513314262894292}. Best is trial 3 with value: 2.6677358150482178.
LOCAL_RANK: 0 - CUDA_VISIBLE_DEVICES: [0]
[I 2023-12-15 19:28:57,738] Trial 42 finished with value: 5.293819904327393 and parameters: {'gradient_clip_val': 0.5383628758891393, 'hidden_size': 19, 'dropout': 0.36183980884071326, 'hidden_continuous_size': 13, 'attention_head_size': 2, 'learning_rate': 0.002574756483826083}. Best is trial 3 with value: 2.6677358150482178.
LOCAL_RANK: 0 - CUDA_VISIBLE_DEVICES: [0]
[I 2023-12-15 19:29:47,226] Trial 43 finished with value: 3.251103162765503 and parameters: {'gradient_clip_val': 0.8770583432443951, 'hidden_size': 31, 'dropout': 0.3830740220402689, 'hidden_continuous_size': 16, 'attention_head_size': 3, 'learning_rate': 0.012793124211355254}. Best is trial 3 with value: 2.6677358150482178.
LOCAL_RANK: 0 - CUDA_VISIBLE_DEVICES: [0]
[I 2023-12-15 19:30:32,684] Trial 44 finished with value: 5.2137017250061035 and parameters: {'gradient_clip_val': 0.66860230906429, 'hidden_size': 13, 'dropout': 0.34193729731938655, 'hidden_continuous_size': 9, 'attention_head_size': 2, 'learning_rate': 0.00498896543760822}. Best is trial 3 with value: 2.6677358150482178.
LOCAL_RANK: 0 - CUDA_VISIBLE_DEVICES: [0]
[I 2023-12-15 19:31:19,534] Trial 45 finished with value: 17.92826271057129 and parameters: {'gradient_clip_val': 0.5763645274557917, 'hidden_size': 20, 'dropout': 0.3638346856705781, 'hidden_continuous_size': 10, 'attention_head_size': 2, 'learning_rate': 0.007687100780771522}. Best is trial 3 with value: 2.6677358150482178.
LOCAL_RANK: 0 - CUDA_VISIBLE_DEVICES: [0]
[I 2023-12-15 19:32:08,609] Trial 46 finished with value: 4.13806676864624 and parameters: {'gradient_clip_val': 0.7831607150235337, 'hidden_size': 36, 'dropout': 0.3881475742152187, 'hidden_continuous_size': 14, 'attention_head_size': 2, 'learning_rate': 0.01692234301437105}. Best is trial 3 with value: 2.6677358150482178.
LOCAL_RANK: 0 - CUDA_VISIBLE_DEVICES: [0]
[I 2023-12-15 19:32:57,849] Trial 47 finished with value: 7.78164529800415 and parameters: {'gradient_clip_val': 0.6661686899016636, 'hidden_size': 26, 'dropout': 0.39936413820219174, 'hidden_continuous_size': 11, 'attention_head_size': 4, 'learning_rate': 0.0045458194707674055}. Best is trial 3 with value: 2.6677358150482178.
LOCAL_RANK: 0 - CUDA_VISIBLE_DEVICES: [0]
[I 2023-12-15 19:33:45,160] Trial 48 finished with value: 3.4565460681915283 and parameters: {'gradient_clip_val': 0.946421669696303, 'hidden_size': 18, 'dropout': 0.37808249269462835, 'hidden_continuous_size': 10, 'attention_head_size': 3, 'learning_rate': 0.01099451109130652}. Best is trial 3 with value: 2.6677358150482178.
LOCAL_RANK: 0 - CUDA_VISIBLE_DEVICES: [0]
[I 2023-12-15 19:34:30,017] Trial 49 finished with value: 10.608277320861816 and parameters: {'gradient_clip_val': 0.767907214431746, 'hidden_size': 11, 'dropout': 0.3502656185895321, 'hidden_continuous_size': 8, 'attention_head_size': 2, 'learning_rate': 0.02507828462170705}. Best is trial 3 with value: 2.6677358150482178.
[I 2023-12-15 19:34:30,110] A new study created in memory with name: no-name-af44337c-b3dd-42f3-9445-5477f8342e31
/home/le004/conda/anaconda3/envs/tsff_env/lib/python3.9/site-packages/lightning/fabric/plugins/environments/slurm.py:191: The `srun` command is available on your system but is not used. HINT: If your intention is to run Lightning on SLURM, prepend your python command with `srun` like so: srun python /home/le004/master_thesis/git/TSFusionForecast/code/ ...
LOCAL_RANK: 0 - CUDA_VISIBLE_DEVICES: [0]
[I 2023-12-15 19:35:21,914] Trial 0 finished with value: 43.03987503051758 and parameters: {'gradient_clip_val': 0.306249526876668, 'hidden_size': 41, 'dropout': 0.3254989351568492, 'hidden_continuous_size': 25, 'attention_head_size': 1, 'learning_rate': 0.02686754852330817}. Best is trial 0 with value: 43.03987503051758.
LOCAL_RANK: 0 - CUDA_VISIBLE_DEVICES: [0]
[I 2023-12-15 19:35:55,370] Trial 1 finished with value: 59.159053802490234 and parameters: {'gradient_clip_val': 0.1500486372147733, 'hidden_size': 6, 'dropout': 0.21299419546358533, 'hidden_continuous_size': 6, 'attention_head_size': 2, 'learning_rate': 0.005554732566136744}. Best is trial 0 with value: 43.03987503051758.
LOCAL_RANK: 0 - CUDA_VISIBLE_DEVICES: [0]
[I 2023-12-15 19:36:40,731] Trial 2 finished with value: 29.196273803710938 and parameters: {'gradient_clip_val': 0.27007279864804395, 'hidden_size': 9, 'dropout': 0.21200573827666386, 'hidden_continuous_size': 7, 'attention_head_size': 3, 'learning_rate': 0.0019037684504048366}. Best is trial 2 with value: 29.196273803710938.
LOCAL_RANK: 0 - CUDA_VISIBLE_DEVICES: [0]
[I 2023-12-15 19:37:29,728] Trial 3 finished with value: 39.46592330932617 and parameters: {'gradient_clip_val': 0.18705608745533997, 'hidden_size': 34, 'dropout': 0.1945090579639192, 'hidden_continuous_size': 6, 'attention_head_size': 3, 'learning_rate': 0.06131507010759737}. Best is trial 2 with value: 29.196273803710938.
LOCAL_RANK: 0 - CUDA_VISIBLE_DEVICES: [0]
[I 2023-12-15 19:38:14,697] Trial 4 finished with value: 27.947662353515625 and parameters: {'gradient_clip_val': 0.49738641876226825, 'hidden_size': 6, 'dropout': 0.34915563728980165, 'hidden_continuous_size': 5, 'attention_head_size': 4, 'learning_rate': 0.00564859741730233}. Best is trial 4 with value: 27.947662353515625.
LOCAL_RANK: 0 - CUDA_VISIBLE_DEVICES: [0]
[I 2023-12-15 19:39:00,672] Trial 5 finished with value: 28.184099197387695 and parameters: {'gradient_clip_val': 0.14962499148793984, 'hidden_size': 15, 'dropout': 0.3086791146210206, 'hidden_continuous_size': 12, 'attention_head_size': 2, 'learning_rate': 0.0036546055508178193}. Best is trial 4 with value: 27.947662353515625.
LOCAL_RANK: 0 - CUDA_VISIBLE_DEVICES: [0]
[I 2023-12-15 19:39:47,036] Trial 6 finished with value: 23.959604263305664 and parameters: {'gradient_clip_val': 0.20746509570205957, 'hidden_size': 18, 'dropout': 0.25044797271999897, 'hidden_continuous_size': 7, 'attention_head_size': 3, 'learning_rate': 0.01208748757894317}. Best is trial 6 with value: 23.959604263305664.
LOCAL_RANK: 0 - CUDA_VISIBLE_DEVICES: [0]
[I 2023-12-15 19:40:34,144] Trial 7 finished with value: 40.61628341674805 and parameters: {'gradient_clip_val': 0.4421125102259131, 'hidden_size': 24, 'dropout': 0.34257791266666016, 'hidden_continuous_size': 5, 'attention_head_size': 3, 'learning_rate': 0.033857642690856136}. Best is trial 6 with value: 23.959604263305664.
LOCAL_RANK: 0 - CUDA_VISIBLE_DEVICES: [0]
[I 2023-12-15 19:41:22,064] Trial 8 finished with value: 14.105238914489746 and parameters: {'gradient_clip_val': 0.7105254174346449, 'hidden_size': 30, 'dropout': 0.27674321958339143, 'hidden_continuous_size': 7, 'attention_head_size': 1, 'learning_rate': 0.024394792622392834}. Best is trial 8 with value: 14.105238914489746.
LOCAL_RANK: 0 - CUDA_VISIBLE_DEVICES: [0]
[I 2023-12-15 19:42:12,934] Trial 9 finished with value: 46.089447021484375 and parameters: {'gradient_clip_val': 0.2941512375436194, 'hidden_size': 29, 'dropout': 0.3263134432363939, 'hidden_continuous_size': 22, 'attention_head_size': 3, 'learning_rate': 0.006558532009308947}. Best is trial 8 with value: 14.105238914489746.
LOCAL_RANK: 0 - CUDA_VISIBLE_DEVICES: [0]
[I 2023-12-15 19:43:08,376] Trial 10 finished with value: 57.85105514526367 and parameters: {'gradient_clip_val': 0.9780024546986845, 'hidden_size': 90, 'dropout': 0.11756955140604353, 'hidden_continuous_size': 55, 'attention_head_size': 1, 'learning_rate': 0.0006259906214550671}. Best is trial 8 with value: 14.105238914489746.
LOCAL_RANK: 0 - CUDA_VISIBLE_DEVICES: [0]
[I 2023-12-15 19:43:54,434] Trial 11 finished with value: 33.56138229370117 and parameters: {'gradient_clip_val': 0.10064089998526624, 'hidden_size': 15, 'dropout': 0.27016587726680896, 'hidden_continuous_size': 7, 'attention_head_size': 4, 'learning_rate': 0.017736975277144355}. Best is trial 8 with value: 14.105238914489746.
LOCAL_RANK: 0 - CUDA_VISIBLE_DEVICES: [0]
[I 2023-12-15 19:44:40,298] Trial 12 finished with value: 29.417434692382812 and parameters: {'gradient_clip_val': 0.996009616776133, 'hidden_size': 17, 'dropout': 0.39588416129832127, 'hidden_continuous_size': 8, 'attention_head_size': 2, 'learning_rate': 0.0133840839246595}. Best is trial 8 with value: 14.105238914489746.
LOCAL_RANK: 0 - CUDA_VISIBLE_DEVICES: [0]
[I 2023-12-15 19:45:32,350] Trial 13 finished with value: 38.57197189331055 and parameters: {'gradient_clip_val': 0.6194544802570253, 'hidden_size': 62, 'dropout': 0.2691314169196501, 'hidden_continuous_size': 11, 'attention_head_size': 1, 'learning_rate': 0.09503584265645143}. Best is trial 8 with value: 14.105238914489746.
LOCAL_RANK: 0 - CUDA_VISIBLE_DEVICES: [0]
[I 2023-12-15 19:46:24,294] Trial 14 finished with value: 71.24845123291016 and parameters: {'gradient_clip_val': 0.6641410348567083, 'hidden_size': 47, 'dropout': 0.25067191101073644, 'hidden_continuous_size': 10, 'attention_head_size': 2, 'learning_rate': 0.012804296996180586}. Best is trial 8 with value: 14.105238914489746.
LOCAL_RANK: 0 - CUDA_VISIBLE_DEVICES: [0]
[I 2023-12-15 19:47:12,244] Trial 15 finished with value: 9.455174446105957 and parameters: {'gradient_clip_val': 0.4072742933006833, 'hidden_size': 22, 'dropout': 0.2779389627500928, 'hidden_continuous_size': 5, 'attention_head_size': 4, 'learning_rate': 0.034441999921417055}. Best is trial 15 with value: 9.455174446105957.
LOCAL_RANK: 0 - CUDA_VISIBLE_DEVICES: [0]
[I 2023-12-15 19:47:59,788] Trial 16 finished with value: 25.795129776000977 and parameters: {'gradient_clip_val': 0.3872999806001014, 'hidden_size': 24, 'dropout': 0.29224248391801255, 'hidden_continuous_size': 5, 'attention_head_size': 4, 'learning_rate': 0.04954778716195321}. Best is trial 15 with value: 9.455174446105957.
LOCAL_RANK: 0 - CUDA_VISIBLE_DEVICES: [0]
[I 2023-12-15 19:48:43,962] Trial 17 finished with value: 49.648128509521484 and parameters: {'gradient_clip_val': 0.64386685297176, 'hidden_size': 11, 'dropout': 0.29604781189028184, 'hidden_continuous_size': 5, 'attention_head_size': 1, 'learning_rate': 0.028826369522154727}. Best is trial 15 with value: 9.455174446105957.
LOCAL_RANK: 0 - CUDA_VISIBLE_DEVICES: [0]
[I 2023-12-15 19:49:33,109] Trial 18 finished with value: 56.02095413208008 and parameters: {'gradient_clip_val': 0.3840435060317482, 'hidden_size': 30, 'dropout': 0.37295281418707166, 'hidden_continuous_size': 8, 'attention_head_size': 4, 'learning_rate': 0.09155330541963067}. Best is trial 15 with value: 9.455174446105957.
LOCAL_RANK: 0 - CUDA_VISIBLE_DEVICES: [0]
[I 2023-12-15 19:50:25,411] Trial 19 finished with value: 47.82441329956055 and parameters: {'gradient_clip_val': 0.5337573157464854, 'hidden_size': 53, 'dropout': 0.2887563972682985, 'hidden_continuous_size': 14, 'attention_head_size': 2, 'learning_rate': 0.05184326986285793}. Best is trial 15 with value: 9.455174446105957.
LOCAL_RANK: 0 - CUDA_VISIBLE_DEVICES: [0]
[I 2023-12-15 19:51:13,789] Trial 20 finished with value: 48.662349700927734 and parameters: {'gradient_clip_val': 0.8056084774745489, 'hidden_size': 23, 'dropout': 0.22625666748725742, 'hidden_continuous_size': 6, 'attention_head_size': 4, 'learning_rate': 0.020571975699906188}. Best is trial 15 with value: 9.455174446105957.
LOCAL_RANK: 0 - CUDA_VISIBLE_DEVICES: [0]
[I 2023-12-15 19:52:00,718] Trial 21 finished with value: 28.798913955688477 and parameters: {'gradient_clip_val': 0.23866368478864747, 'hidden_size': 19, 'dropout': 0.24723498015556447, 'hidden_continuous_size': 6, 'attention_head_size': 3, 'learning_rate': 0.011316793542778817}. Best is trial 15 with value: 9.455174446105957.
LOCAL_RANK: 0 - CUDA_VISIBLE_DEVICES: [0]
[I 2023-12-15 19:52:50,797] Trial 22 finished with value: 54.4521484375 and parameters: {'gradient_clip_val': 0.35391410722278094, 'hidden_size': 38, 'dropout': 0.2733245663723021, 'hidden_continuous_size': 9, 'attention_head_size': 3, 'learning_rate': 0.03612753925315271}. Best is trial 15 with value: 9.455174446105957.
LOCAL_RANK: 0 - CUDA_VISIBLE_DEVICES: [0]
[I 2023-12-15 19:53:37,631] Trial 23 finished with value: 36.69554901123047 and parameters: {'gradient_clip_val': 0.47145338958692323, 'hidden_size': 20, 'dropout': 0.24594201514309944, 'hidden_continuous_size': 7, 'attention_head_size': 4, 'learning_rate': 0.01986953342394517}. Best is trial 15 with value: 9.455174446105957.
LOCAL_RANK: 0 - CUDA_VISIBLE_DEVICES: [0]
[I 2023-12-15 19:54:24,787] Trial 24 finished with value: 45.322872161865234 and parameters: {'gradient_clip_val': 0.2403630374612085, 'hidden_size': 28, 'dropout': 0.31093202785939783, 'hidden_continuous_size': 5, 'attention_head_size': 3, 'learning_rate': 0.009495784312299376}. Best is trial 15 with value: 9.455174446105957.
LOCAL_RANK: 0 - CUDA_VISIBLE_DEVICES: [0]
[I 2023-12-15 19:55:09,654] Trial 25 finished with value: 83.0467758178711 and parameters: {'gradient_clip_val': 0.35010521647458503, 'hidden_size': 13, 'dropout': 0.17479033838375813, 'hidden_continuous_size': 6, 'attention_head_size': 2, 'learning_rate': 0.018242274888454754}. Best is trial 15 with value: 9.455174446105957.
LOCAL_RANK: 0 - CUDA_VISIBLE_DEVICES: [0]
[I 2023-12-15 19:55:56,570] Trial 26 finished with value: 16.74955177307129 and parameters: {'gradient_clip_val': 0.7880495847404858, 'hidden_size': 18, 'dropout': 0.27814249191842977, 'hidden_continuous_size': 7, 'attention_head_size': 4, 'learning_rate': 0.036822784622855854}. Best is trial 15 with value: 9.455174446105957.
LOCAL_RANK: 0 - CUDA_VISIBLE_DEVICES: [0]
[I 2023-12-15 19:56:46,282] Trial 27 finished with value: 42.125728607177734 and parameters: {'gradient_clip_val': 0.7871587641143185, 'hidden_size': 34, 'dropout': 0.2911683133713776, 'hidden_continuous_size': 9, 'attention_head_size': 4, 'learning_rate': 0.04208921679727908}. Best is trial 15 with value: 9.455174446105957.
LOCAL_RANK: 0 - CUDA_VISIBLE_DEVICES: [0]
[I 2023-12-15 19:57:34,367] Trial 28 finished with value: 69.80765533447266 and parameters: {'gradient_clip_val': 0.5434972353973132, 'hidden_size': 22, 'dropout': 0.3174218167222316, 'hidden_continuous_size': 5, 'attention_head_size': 4, 'learning_rate': 0.06713126755478936}. Best is trial 15 with value: 9.455174446105957.
LOCAL_RANK: 0 - CUDA_VISIBLE_DEVICES: [0]
[I 2023-12-15 19:58:25,538] Trial 29 finished with value: 38.99156188964844 and parameters: {'gradient_clip_val': 0.7834485856735501, 'hidden_size': 43, 'dropout': 0.3259511104514846, 'hidden_continuous_size': 13, 'attention_head_size': 1, 'learning_rate': 0.0324641694011067}. Best is trial 15 with value: 9.455174446105957.
LOCAL_RANK: 0 - CUDA_VISIBLE_DEVICES: [0]
[I 2023-12-15 19:59:13,507] Trial 30 finished with value: 51.1544303894043 and parameters: {'gradient_clip_val': 0.4512618271761709, 'hidden_size': 27, 'dropout': 0.278195796487687, 'hidden_continuous_size': 8, 'attention_head_size': 1, 'learning_rate': 0.025135196637584473}. Best is trial 15 with value: 9.455174446105957.
LOCAL_RANK: 0 - CUDA_VISIBLE_DEVICES: [0]
[I 2023-12-15 20:00:00,331] Trial 31 finished with value: 22.56096649169922 and parameters: {'gradient_clip_val': 0.5506776383012584, 'hidden_size': 18, 'dropout': 0.25792800711425656, 'hidden_continuous_size': 7, 'attention_head_size': 4, 'learning_rate': 0.025960969210017157}. Best is trial 15 with value: 9.455174446105957.
LOCAL_RANK: 0 - CUDA_VISIBLE_DEVICES: [0]
[I 2023-12-15 20:00:46,799] Trial 32 finished with value: 48.5114860534668 and parameters: {'gradient_clip_val': 0.5808517434389092, 'hidden_size': 18, 'dropout': 0.26316811266007856, 'hidden_continuous_size': 6, 'attention_head_size': 4, 'learning_rate': 0.024985194147030952}. Best is trial 15 with value: 9.455174446105957.
LOCAL_RANK: 0 - CUDA_VISIBLE_DEVICES: [0]
[I 2023-12-15 20:01:32,625] Trial 33 finished with value: 45.14995193481445 and parameters: {'gradient_clip_val': 0.6706220865130071, 'hidden_size': 11, 'dropout': 0.22517510455994982, 'hidden_continuous_size': 7, 'attention_head_size': 4, 'learning_rate': 0.043828627694646974}. Best is trial 15 with value: 9.455174446105957.
LOCAL_RANK: 0 - CUDA_VISIBLE_DEVICES: [0]
[I 2023-12-15 20:02:20,417] Trial 34 finished with value: 20.761451721191406 and parameters: {'gradient_clip_val': 0.5536862222398948, 'hidden_size': 21, 'dropout': 0.30025269459020965, 'hidden_continuous_size': 6, 'attention_head_size': 4, 'learning_rate': 0.05949748523246853}. Best is trial 15 with value: 9.455174446105957.
LOCAL_RANK: 0 - CUDA_VISIBLE_DEVICES: [0]
[I 2023-12-15 20:03:09,644] Trial 35 finished with value: 42.755126953125 and parameters: {'gradient_clip_val': 0.7243838911165827, 'hidden_size': 33, 'dropout': 0.3039551949665003, 'hidden_continuous_size': 6, 'attention_head_size': 4, 'learning_rate': 0.056741812040268576}. Best is trial 15 with value: 9.455174446105957.
LOCAL_RANK: 0 - CUDA_VISIBLE_DEVICES: [0]
