[I 2023-12-26 12:33:51,371] Trial 22 finished with value: 902.992431640625 and parameters: {'gradient_clip_val': 0.10549209665625237, 'hidden_size': 96, 'dropout': 0.14122129863952967, 'hidden_continuous_size': 76, 'attention_head_size': 1, 'learning_rate': 0.002499974348707084}. Best is trial 0 with value: 319.3028869628906.
[I 2023-12-26 12:33:55,462] Trial 23 finished with value: 1239.2659912109375 and parameters: {'gradient_clip_val': 0.17596579177942573, 'hidden_size': 48, 'dropout': 0.13796860424345292, 'hidden_continuous_size': 18, 'attention_head_size': 2, 'learning_rate': 0.001101633593182079}. Best is trial 0 with value: 319.3028869628906.
[I 2023-12-26 12:34:01,454] Trial 24 finished with value: 872.6229858398438 and parameters: {'gradient_clip_val': 0.12668420174362174, 'hidden_size': 72, 'dropout': 0.1041870307408594, 'hidden_continuous_size': 42, 'attention_head_size': 1, 'learning_rate': 0.0018396981239068209}. Best is trial 0 with value: 319.3028869628906.
[I 2023-12-26 12:34:07,273] Trial 25 finished with value: 799.952880859375 and parameters: {'gradient_clip_val': 0.13268464529259386, 'hidden_size': 68, 'dropout': 0.15275432778208414, 'hidden_continuous_size': 41, 'attention_head_size': 2, 'learning_rate': 0.0006001303392139292}. Best is trial 0 with value: 319.3028869628906.
[I 2023-12-26 12:34:10,873] Trial 26 finished with value: 875.4238891601562 and parameters: {'gradient_clip_val': 0.12553348250742621, 'hidden_size': 38, 'dropout': 0.1612632909707141, 'hidden_continuous_size': 14, 'attention_head_size': 2, 'learning_rate': 0.0007202176767672247}. Best is trial 0 with value: 319.3028869628906.
[I 2023-12-26 12:34:16,314] Trial 27 finished with value: 1102.9049072265625 and parameters: {'gradient_clip_val': 0.20481863218994117, 'hidden_size': 64, 'dropout': 0.20702665873026807, 'hidden_continuous_size': 39, 'attention_head_size': 2, 'learning_rate': 0.0005610171580349758}. Best is trial 0 with value: 319.3028869628906.
[I 2023-12-26 12:34:26,008] Trial 28 finished with value: 884.1471557617188 and parameters: {'gradient_clip_val': 0.13571066721838781, 'hidden_size': 118, 'dropout': 0.14756917989778925, 'hidden_continuous_size': 58, 'attention_head_size': 3, 'learning_rate': 0.0011604874078370998}. Best is trial 0 with value: 319.3028869628906.
[I 2023-12-26 12:34:29,434] Trial 29 finished with value: 1156.078125 and parameters: {'gradient_clip_val': 0.1027825961364986, 'hidden_size': 35, 'dropout': 0.19337968435978803, 'hidden_continuous_size': 20, 'attention_head_size': 2, 'learning_rate': 0.0005207310588928338}. Best is trial 0 with value: 319.3028869628906.
[I 2023-12-26 12:34:34,014] Trial 30 finished with value: 1154.1485595703125 and parameters: {'gradient_clip_val': 0.11654717484199768, 'hidden_size': 53, 'dropout': 0.15155559290636328, 'hidden_continuous_size': 33, 'attention_head_size': 2, 'learning_rate': 0.006488108430928086}. Best is trial 0 with value: 319.3028869628906.
[I 2023-12-26 12:34:40,099] Trial 31 finished with value: 1183.978271484375 and parameters: {'gradient_clip_val': 0.12621725706961384, 'hidden_size': 72, 'dropout': 0.10125223878111224, 'hidden_continuous_size': 39, 'attention_head_size': 1, 'learning_rate': 0.0009266103071878979}. Best is trial 0 with value: 319.3028869628906.
[I 2023-12-26 12:34:45,062] Trial 32 finished with value: 815.324462890625 and parameters: {'gradient_clip_val': 0.10205212285210165, 'hidden_size': 60, 'dropout': 0.13105703383127337, 'hidden_continuous_size': 21, 'attention_head_size': 1, 'learning_rate': 0.0014567055846462682}. Best is trial 0 with value: 319.3028869628906.
[I 2023-12-26 12:34:49,121] Trial 33 finished with value: 819.252685546875 and parameters: {'gradient_clip_val': 0.10383485122439859, 'hidden_size': 46, 'dropout': 0.18459135624896245, 'hidden_continuous_size': 22, 'attention_head_size': 1, 'learning_rate': 0.0013083137857943458}. Best is trial 0 with value: 319.3028869628906.
[I 2023-12-26 12:34:53,855] Trial 34 finished with value: 970.525390625 and parameters: {'gradient_clip_val': 0.16153191336932377, 'hidden_size': 55, 'dropout': 0.1603613909884106, 'hidden_continuous_size': 32, 'attention_head_size': 1, 'learning_rate': 0.0007770100824703204}. Best is trial 0 with value: 319.3028869628906.
[I 2023-12-26 12:34:57,489] Trial 35 finished with value: 1227.8297119140625 and parameters: {'gradient_clip_val': 0.11756977202748944, 'hidden_size': 39, 'dropout': 0.13239264750039692, 'hidden_continuous_size': 24, 'attention_head_size': 2, 'learning_rate': 0.0016646668895660423}. Best is trial 0 with value: 319.3028869628906.
[I 2023-12-26 12:35:02,461] Trial 36 finished with value: 1212.2921142578125 and parameters: {'gradient_clip_val': 0.10126265632693353, 'hidden_size': 60, 'dropout': 0.2221688070676874, 'hidden_continuous_size': 18, 'attention_head_size': 2, 'learning_rate': 0.0009222662712774337}. Best is trial 0 with value: 319.3028869628906.
[I 2023-12-26 12:35:12,694] Trial 37 finished with value: 1107.5914306640625 and parameters: {'gradient_clip_val': 0.11619736589203901, 'hidden_size': 117, 'dropout': 0.18978771466123634, 'hidden_continuous_size': 91, 'attention_head_size': 1, 'learning_rate': 0.0022121822860954516}. Best is trial 0 with value: 319.3028869628906.
[I 2023-12-26 12:35:19,204] Trial 38 finished with value: 966.56005859375 and parameters: {'gradient_clip_val': 0.17763005136627022, 'hidden_size': 77, 'dropout': 0.1253507527065424, 'hidden_continuous_size': 53, 'attention_head_size': 3, 'learning_rate': 0.0005037164564477123}. Best is trial 0 with value: 319.3028869628906.
[I 2023-12-26 12:35:22,930] Trial 39 finished with value: 1057.6236572265625 and parameters: {'gradient_clip_val': 0.14061754672120216, 'hidden_size': 31, 'dropout': 0.15695706403403514, 'hidden_continuous_size': 25, 'attention_head_size': 2, 'learning_rate': 0.009983201353523243}. Best is trial 0 with value: 319.3028869628906.
[I 2023-12-26 12:35:26,747] Trial 40 finished with value: 1399.3990478515625 and parameters: {'gradient_clip_val': 0.14270512748447894, 'hidden_size': 42, 'dropout': 0.12782732067856042, 'hidden_continuous_size': 29, 'attention_head_size': 2, 'learning_rate': 0.0006736080147647487}. Best is trial 0 with value: 319.3028869628906.
[I 2023-12-26 12:35:30,984] Trial 41 finished with value: 924.572265625 and parameters: {'gradient_clip_val': 0.10070556696752965, 'hidden_size': 47, 'dropout': 0.17427785202349477, 'hidden_continuous_size': 33, 'attention_head_size': 1, 'learning_rate': 0.0013626905136591592}. Best is trial 0 with value: 319.3028869628906.
[I 2023-12-26 12:35:35,374] Trial 42 finished with value: 933.9671020507812 and parameters: {'gradient_clip_val': 0.11302110217995173, 'hidden_size': 47, 'dropout': 0.19029356173398335, 'hidden_continuous_size': 35, 'attention_head_size': 1, 'learning_rate': 0.0010704710770313678}. Best is trial 0 with value: 319.3028869628906.
[I 2023-12-26 12:35:40,713] Trial 43 finished with value: 802.0133666992188 and parameters: {'gradient_clip_val': 0.11196828829411422, 'hidden_size': 64, 'dropout': 0.1481153132572272, 'hidden_continuous_size': 23, 'attention_head_size': 1, 'learning_rate': 0.0012274558436114918}. Best is trial 0 with value: 319.3028869628906.
[I 2023-12-26 12:35:46,169] Trial 44 finished with value: 736.302978515625 and parameters: {'gradient_clip_val': 0.12610208120905742, 'hidden_size': 63, 'dropout': 0.12239092977163864, 'hidden_continuous_size': 21, 'attention_head_size': 1, 'learning_rate': 0.0006971678397132412}. Best is trial 0 with value: 319.3028869628906.
[I 2023-12-26 12:35:53,823] Trial 45 finished with value: 879.655517578125 and parameters: {'gradient_clip_val': 0.1281217503670189, 'hidden_size': 84, 'dropout': 0.15201792306234393, 'hidden_continuous_size': 61, 'attention_head_size': 1, 'learning_rate': 0.000627782649225157}. Best is trial 0 with value: 319.3028869628906.
[I 2023-12-26 12:35:59,611] Trial 46 finished with value: 1029.4649658203125 and parameters: {'gradient_clip_val': 0.1539655265202322, 'hidden_size': 69, 'dropout': 0.1187161067303233, 'hidden_continuous_size': 28, 'attention_head_size': 2, 'learning_rate': 0.0007750020828433694}. Best is trial 0 with value: 319.3028869628906.
[I 2023-12-26 12:36:08,407] Trial 47 finished with value: 1058.4063720703125 and parameters: {'gradient_clip_val': 0.11607841101555035, 'hidden_size': 104, 'dropout': 0.17147385292506184, 'hidden_continuous_size': 62, 'attention_head_size': 1, 'learning_rate': 0.0009463261016817742}. Best is trial 0 with value: 319.3028869628906.
[I 2023-12-26 12:36:16,953] Trial 48 finished with value: 950.4541015625 and parameters: {'gradient_clip_val': 0.18044210184474047, 'hidden_size': 106, 'dropout': 0.11899668008144035, 'hidden_continuous_size': 43, 'attention_head_size': 3, 'learning_rate': 0.000674342307971794}. Best is trial 0 with value: 319.3028869628906.
[I 2023-12-26 12:36:24,155] Trial 49 finished with value: 1232.0296630859375 and parameters: {'gradient_clip_val': 0.13671761078978842, 'hidden_size': 86, 'dropout': 0.14622672985144097, 'hidden_continuous_size': 50, 'attention_head_size': 4, 'learning_rate': 0.004399507470969561}. Best is trial 0 with value: 319.3028869628906.
[I 2023-12-26 12:36:24,299] A new study created in memory with name: no-name-daca53c4-03c3-4c2a-ab9b-8f26a3f29897
/home/le004/conda/anaconda3/envs/tsff_env/lib/python3.9/site-packages/lightning/fabric/plugins/environments/slurm.py:191: The `srun` command is available on your system but is not used. HINT: If your intention is to run Lightning on SLURM, prepend your python command with `srun` like so: srun python /home/le004/master_thesis/git/TSFusionForecast/code/ ...
[I 2023-12-26 12:42:03,565] Trial 0 finished with value: 0.07745848596096039 and parameters: {'gradient_clip_val': 0.6859759124718476, 'hidden_size': 17, 'dropout': 0.2601341071091313, 'hidden_continuous_size': 11, 'attention_head_size': 1, 'learning_rate': 0.0019443512867981295}. Best is trial 0 with value: 0.07745848596096039.
[I 2023-12-26 12:48:21,391] Trial 1 finished with value: 0.13707612454891205 and parameters: {'gradient_clip_val': 0.19633164852298648, 'hidden_size': 102, 'dropout': 0.31102620997170477, 'hidden_continuous_size': 7, 'attention_head_size': 1, 'learning_rate': 0.015405926797563602}. Best is trial 0 with value: 0.07745848596096039.
[I 2023-12-26 12:48:23,623] Trial 2 finished with value: 3.62628173828125 and parameters: {'gradient_clip_val': 0.34208652136637385, 'hidden_size': 7, 'dropout': 0.2982753343426151, 'hidden_continuous_size': 5, 'attention_head_size': 3, 'learning_rate': 0.003129411386696225}. Best is trial 0 with value: 0.07745848596096039.
[I 2023-12-26 12:48:27,383] Trial 3 finished with value: 5.060125827789307 and parameters: {'gradient_clip_val': 0.18655024387819663, 'hidden_size': 39, 'dropout': 0.23821765092091166, 'hidden_continuous_size': 18, 'attention_head_size': 4, 'learning_rate': 0.0005618786117253927}. Best is trial 0 with value: 0.07745848596096039.
[I 2023-12-26 12:48:37,569] Trial 4 finished with value: 3.280492067337036 and parameters: {'gradient_clip_val': 0.2411653291071858, 'hidden_size': 119, 'dropout': 0.32436845497670364, 'hidden_continuous_size': 71, 'attention_head_size': 4, 'learning_rate': 0.07083173000975942}. Best is trial 0 with value: 0.07745848596096039.
[I 2023-12-26 12:48:41,244] Trial 5 finished with value: 4.035001277923584 and parameters: {'gradient_clip_val': 0.9495757174397034, 'hidden_size': 34, 'dropout': 0.4057144338655073, 'hidden_continuous_size': 28, 'attention_head_size': 4, 'learning_rate': 0.0013371928225070484}. Best is trial 0 with value: 0.07745848596096039.
[I 2023-12-26 12:48:48,023] Trial 6 finished with value: 4.641623497009277 and parameters: {'gradient_clip_val': 0.2308652705388106, 'hidden_size': 81, 'dropout': 0.3095650693599308, 'hidden_continuous_size': 31, 'attention_head_size': 4, 'learning_rate': 0.0015986974822568088}. Best is trial 0 with value: 0.07745848596096039.
[I 2023-12-26 12:48:50,713] Trial 7 finished with value: 4.136361598968506 and parameters: {'gradient_clip_val': 0.2549702502159663, 'hidden_size': 22, 'dropout': 0.39659083169751874, 'hidden_continuous_size': 11, 'attention_head_size': 4, 'learning_rate': 0.05976678720265935}. Best is trial 0 with value: 0.07745848596096039.
[I 2023-12-26 12:48:56,676] Trial 8 finished with value: 4.925958156585693 and parameters: {'gradient_clip_val': 0.165933296154519, 'hidden_size': 72, 'dropout': 0.1414736193849762, 'hidden_continuous_size': 28, 'attention_head_size': 3, 'learning_rate': 0.0032623293646474667}. Best is trial 0 with value: 0.07745848596096039.
[I 2023-12-26 12:48:58,965] Trial 9 finished with value: 5.410130977630615 and parameters: {'gradient_clip_val': 0.3817528136156358, 'hidden_size': 12, 'dropout': 0.11629105168582919, 'hidden_continuous_size': 5, 'attention_head_size': 1, 'learning_rate': 0.0015843263692730616}. Best is trial 0 with value: 0.07745848596096039.
[I 2023-12-26 12:49:00,938] Trial 10 finished with value: 4.4353346824646 and parameters: {'gradient_clip_val': 0.6632922986725129, 'hidden_size': 5, 'dropout': 0.49338084879620886, 'hidden_continuous_size': 5, 'attention_head_size': 2, 'learning_rate': 0.010474525021909785}. Best is trial 0 with value: 0.07745848596096039.
[I 2023-12-26 12:49:11,827] Trial 11 finished with value: 4.144015312194824 and parameters: {'gradient_clip_val': 0.1042087933221486, 'hidden_size': 142, 'dropout': 0.2300995492175146, 'hidden_continuous_size': 10, 'attention_head_size': 1, 'learning_rate': 0.013258098877701852}. Best is trial 0 with value: 0.07745848596096039.
[I 2023-12-26 12:49:14,395] Trial 12 finished with value: 5.618249893188477 and parameters: {'gradient_clip_val': 0.6257122193374851, 'hidden_size': 19, 'dropout': 0.21692730778790728, 'hidden_continuous_size': 7, 'attention_head_size': 2, 'learning_rate': 0.02679041201242538}. Best is trial 0 with value: 0.07745848596096039.
[I 2023-12-26 12:49:18,123] Trial 13 finished with value: 4.5489888191223145 and parameters: {'gradient_clip_val': 0.4408432566854932, 'hidden_size': 48, 'dropout': 0.16313292362276952, 'hidden_continuous_size': 8, 'attention_head_size': 1, 'learning_rate': 0.0077649565655379645}. Best is trial 0 with value: 0.07745848596096039.
[I 2023-12-26 12:49:20,569] Trial 14 finished with value: 4.542789936065674 and parameters: {'gradient_clip_val': 0.5119164138179481, 'hidden_size': 17, 'dropout': 0.2727560543184556, 'hidden_continuous_size': 7, 'attention_head_size': 2, 'learning_rate': 0.01693582163166802}. Best is trial 0 with value: 0.07745848596096039.
[I 2023-12-26 12:49:23,664] Trial 15 finished with value: 4.875233173370361 and parameters: {'gradient_clip_val': 0.997546199745349, 'hidden_size': 31, 'dropout': 0.19008279521837695, 'hidden_continuous_size': 9, 'attention_head_size': 1, 'learning_rate': 0.005308474994252933}. Best is trial 0 with value: 0.07745848596096039.
[I 2023-12-26 12:49:29,045] Trial 16 finished with value: 5.1088948249816895 and parameters: {'gradient_clip_val': 0.36784185556872695, 'hidden_size': 60, 'dropout': 0.3485827237035615, 'hidden_continuous_size': 15, 'attention_head_size': 2, 'learning_rate': 0.02426294622510044}. Best is trial 0 with value: 0.07745848596096039.
[I 2023-12-26 12:49:31,880] Trial 17 finished with value: 3.738568067550659 and parameters: {'gradient_clip_val': 0.28835178435079895, 'hidden_size': 26, 'dropout': 0.26198979574030473, 'hidden_continuous_size': 6, 'attention_head_size': 1, 'learning_rate': 0.005141713489222333}. Best is trial 0 with value: 0.07745848596096039.
[I 2023-12-26 12:49:39,521] Trial 18 finished with value: 4.4680304527282715 and parameters: {'gradient_clip_val': 0.4873337730126187, 'hidden_size': 92, 'dropout': 0.1990509551555571, 'hidden_continuous_size': 12, 'attention_head_size': 1, 'learning_rate': 0.03762893900591741}. Best is trial 0 with value: 0.07745848596096039.
[I 2023-12-26 12:49:43,916] Trial 19 finished with value: 3.9151108264923096 and parameters: {'gradient_clip_val': 0.7349490657296762, 'hidden_size': 54, 'dropout': 0.27226866561928575, 'hidden_continuous_size': 8, 'attention_head_size': 3, 'learning_rate': 0.009800421693285537}. Best is trial 0 with value: 0.07745848596096039.
[I 2023-12-26 12:49:46,226] Trial 20 finished with value: 4.5152764320373535 and parameters: {'gradient_clip_val': 0.3123433755693887, 'hidden_size': 12, 'dropout': 0.1733807863778111, 'hidden_continuous_size': 6, 'attention_head_size': 2, 'learning_rate': 0.08739943295412388}. Best is trial 0 with value: 0.07745848596096039.
[I 2023-12-26 12:49:57,399] Trial 21 finished with value: 2.981595993041992 and parameters: {'gradient_clip_val': 0.2188439921161027, 'hidden_size': 144, 'dropout': 0.3185745623398453, 'hidden_continuous_size': 59, 'attention_head_size': 3, 'learning_rate': 0.09932460870944775}. Best is trial 0 with value: 0.07745848596096039.
[I 2023-12-26 12:50:08,614] Trial 22 finished with value: 4.068474292755127 and parameters: {'gradient_clip_val': 0.1863584142218875, 'hidden_size': 146, 'dropout': 0.33436600852511433, 'hidden_continuous_size': 48, 'attention_head_size': 3, 'learning_rate': 0.04838338413164657}. Best is trial 0 with value: 0.07745848596096039.
[I 2023-12-26 12:50:17,894] Trial 23 finished with value: 3.6562576293945312 and parameters: {'gradient_clip_val': 0.14756726591606695, 'hidden_size': 104, 'dropout': 0.24679291354236468, 'hidden_continuous_size': 101, 'attention_head_size': 3, 'learning_rate': 0.08600596879126769}. Best is trial 0 with value: 0.07745848596096039.
[I 2023-12-26 12:50:25,180] Trial 24 finished with value: 4.457075119018555 and parameters: {'gradient_clip_val': 0.2963813124733469, 'hidden_size': 95, 'dropout': 0.28334680855376476, 'hidden_continuous_size': 14, 'attention_head_size': 2, 'learning_rate': 0.03380909549462917}. Best is trial 0 with value: 0.07745848596096039.
[I 2023-12-26 12:50:34,679] Trial 25 finished with value: 3.991150140762329 and parameters: {'gradient_clip_val': 0.22005251442377355, 'hidden_size': 123, 'dropout': 0.3639518846115666, 'hidden_continuous_size': 20, 'attention_head_size': 1, 'learning_rate': 0.01795044577173795}. Best is trial 0 with value: 0.07745848596096039.
[I 2023-12-26 12:50:40,412] Trial 26 finished with value: 4.831572532653809 and parameters: {'gradient_clip_val': 0.13285978391355577, 'hidden_size': 73, 'dropout': 0.29968551467180704, 'hidden_continuous_size': 10, 'attention_head_size': 2, 'learning_rate': 0.04845250666726348}. Best is trial 0 with value: 0.07745848596096039.
[I 2023-12-26 12:50:51,515] Trial 27 finished with value: 3.057374954223633 and parameters: {'gradient_clip_val': 0.20158188651075998, 'hidden_size': 146, 'dropout': 0.2261071075397382, 'hidden_continuous_size': 38, 'attention_head_size': 3, 'learning_rate': 0.09365046511076322}. Best is trial 0 with value: 0.07745848596096039.
[I 2023-12-26 12:50:55,598] Trial 28 finished with value: 3.757725715637207 and parameters: {'gradient_clip_val': 0.2594017365318883, 'hidden_size': 44, 'dropout': 0.25922808895411525, 'hidden_continuous_size': 13, 'attention_head_size': 1, 'learning_rate': 0.021544153487830488}. Best is trial 0 with value: 0.07745848596096039.
[I 2023-12-26 12:51:00,721] Trial 29 finished with value: 3.978266716003418 and parameters: {'gradient_clip_val': 0.3294881065763396, 'hidden_size': 64, 'dropout': 0.29995848285298327, 'hidden_continuous_size': 20, 'attention_head_size': 2, 'learning_rate': 0.03401641727304714}. Best is trial 0 with value: 0.07745848596096039.
[I 2023-12-26 12:51:08,769] Trial 30 finished with value: 5.002398490905762 and parameters: {'gradient_clip_val': 0.27694663303274564, 'hidden_size': 103, 'dropout': 0.31713141785135773, 'hidden_continuous_size': 15, 'attention_head_size': 3, 'learning_rate': 0.013823668638031342}. Best is trial 0 with value: 0.07745848596096039.
[I 2023-12-26 12:51:20,331] Trial 31 finished with value: 3.3655340671539307 and parameters: {'gradient_clip_val': 0.2095975379542169, 'hidden_size': 149, 'dropout': 0.21532230129311664, 'hidden_continuous_size': 38, 'attention_head_size': 3, 'learning_rate': 0.09388576279131824}. Best is trial 0 with value: 0.07745848596096039.
[I 2023-12-26 12:51:29,458] Trial 32 finished with value: 3.716196060180664 and parameters: {'gradient_clip_val': 0.1999345072295173, 'hidden_size': 116, 'dropout': 0.23114060308650644, 'hidden_continuous_size': 52, 'attention_head_size': 3, 'learning_rate': 0.07455778735236568}. Best is trial 0 with value: 0.07745848596096039.
[I 2023-12-26 12:51:36,987] Trial 33 finished with value: 2.779010057449341 and parameters: {'gradient_clip_val': 0.1859903695151351, 'hidden_size': 88, 'dropout': 0.2492812453061505, 'hidden_continuous_size': 59, 'attention_head_size': 3, 'learning_rate': 0.09999454412752674}. Best is trial 0 with value: 0.07745848596096039.
[I 2023-12-26 12:51:44,513] Trial 34 finished with value: 3.6289455890655518 and parameters: {'gradient_clip_val': 0.17658138540144167, 'hidden_size': 87, 'dropout': 0.28655420806889903, 'hidden_continuous_size': 61, 'attention_head_size': 4, 'learning_rate': 0.051829672631928524}. Best is trial 0 with value: 0.07745848596096039.
[I 2023-12-26 12:51:50,733] Trial 35 finished with value: 3.8570187091827393 and parameters: {'gradient_clip_val': 0.24335293815253262, 'hidden_size': 74, 'dropout': 0.2503055847859503, 'hidden_continuous_size': 23, 'attention_head_size': 4, 'learning_rate': 0.06762067889185776}. Best is trial 0 with value: 0.07745848596096039.
[I 2023-12-26 12:52:00,191] Trial 36 finished with value: 3.723264694213867 and parameters: {'gradient_clip_val': 0.23100242604388954, 'hidden_size': 110, 'dropout': 0.32116255834087415, 'hidden_continuous_size': 84, 'attention_head_size': 3, 'learning_rate': 0.000603421990704305}. Best is trial 0 with value: 0.07745848596096039.
