[I 2023-12-27 11:33:11,191] Trial 25 finished with value: 2.2734007835388184 and parameters: {'gradient_clip_val': 0.22829619018429834, 'hidden_size': 7, 'dropout': 0.4991423309719047, 'hidden_continuous_size': 6, 'attention_head_size': 3, 'learning_rate': 0.08155619029502403}. Best is trial 1 with value: 0.14718498289585114.
[I 2023-12-27 11:33:11,592] Trial 26 finished with value: 2.4563348293304443 and parameters: {'gradient_clip_val': 0.4174867860449096, 'hidden_size': 15, 'dropout': 0.3804638252681831, 'hidden_continuous_size': 8, 'attention_head_size': 4, 'learning_rate': 0.03384842431251466}. Best is trial 1 with value: 0.14718498289585114.
[I 2023-12-27 11:33:11,978] Trial 27 finished with value: 2.991689443588257 and parameters: {'gradient_clip_val': 0.30124737922482275, 'hidden_size': 11, 'dropout': 0.4111421670531108, 'hidden_continuous_size': 8, 'attention_head_size': 3, 'learning_rate': 0.09645813721555808}. Best is trial 1 with value: 0.14718498289585114.
[I 2023-12-27 11:33:12,353] Trial 28 finished with value: 2.507465124130249 and parameters: {'gradient_clip_val': 0.5573602555852758, 'hidden_size': 6, 'dropout': 0.46777347946475334, 'hidden_continuous_size': 5, 'attention_head_size': 2, 'learning_rate': 0.020245534109615087}. Best is trial 1 with value: 0.14718498289585114.
[I 2023-12-27 11:33:12,732] Trial 29 finished with value: 3.0530624389648438 and parameters: {'gradient_clip_val': 0.5081160663188347, 'hidden_size': 13, 'dropout': 0.20155301839278256, 'hidden_continuous_size': 7, 'attention_head_size': 3, 'learning_rate': 0.0009942068356557116}. Best is trial 1 with value: 0.14718498289585114.
[I 2023-12-27 11:33:13,112] Trial 30 finished with value: 3.4705097675323486 and parameters: {'gradient_clip_val': 0.3807956554340538, 'hidden_size': 20, 'dropout': 0.32847664153048045, 'hidden_continuous_size': 9, 'attention_head_size': 4, 'learning_rate': 0.008572867762854283}. Best is trial 1 with value: 0.14718498289585114.
[I 2023-12-27 11:33:13,509] Trial 31 finished with value: 2.5443265438079834 and parameters: {'gradient_clip_val': 0.19197339682434467, 'hidden_size': 9, 'dropout': 0.44904931149325344, 'hidden_continuous_size': 6, 'attention_head_size': 3, 'learning_rate': 0.001766277573959514}. Best is trial 1 with value: 0.14718498289585114.
[I 2023-12-27 11:33:13,885] Trial 32 finished with value: 2.7484090328216553 and parameters: {'gradient_clip_val': 0.18028163645290277, 'hidden_size': 7, 'dropout': 0.43134283310402105, 'hidden_continuous_size': 6, 'attention_head_size': 3, 'learning_rate': 0.0012111836709113631}. Best is trial 1 with value: 0.14718498289585114.
[I 2023-12-27 11:33:14,272] Trial 33 finished with value: 2.383838415145874 and parameters: {'gradient_clip_val': 0.2894889455951946, 'hidden_size': 12, 'dropout': 0.40665416874586513, 'hidden_continuous_size': 7, 'attention_head_size': 3, 'learning_rate': 0.00448178042704478}. Best is trial 1 with value: 0.14718498289585114.
[I 2023-12-27 11:33:14,667] Trial 34 finished with value: 2.9605321884155273 and parameters: {'gradient_clip_val': 0.3235557222791211, 'hidden_size': 9, 'dropout': 0.457345959879457, 'hidden_continuous_size': 7, 'attention_head_size': 3, 'learning_rate': 0.002116087944490436}. Best is trial 1 with value: 0.14718498289585114.
[I 2023-12-27 11:33:15,055] Trial 35 finished with value: 2.834751844406128 and parameters: {'gradient_clip_val': 0.21573415183026975, 'hidden_size': 14, 'dropout': 0.42407972870514143, 'hidden_continuous_size': 8, 'attention_head_size': 1, 'learning_rate': 0.007185630096099475}. Best is trial 1 with value: 0.14718498289585114.
[I 2023-12-27 11:33:15,433] Trial 36 finished with value: 2.271491289138794 and parameters: {'gradient_clip_val': 0.25099359698910495, 'hidden_size': 11, 'dropout': 0.46306621926355335, 'hidden_continuous_size': 6, 'attention_head_size': 2, 'learning_rate': 0.003138147678577085}. Best is trial 1 with value: 0.14718498289585114.
[I 2023-12-27 11:33:16,023] Trial 37 finished with value: 2.9757585525512695 and parameters: {'gradient_clip_val': 0.1566037079386633, 'hidden_size': 8, 'dropout': 0.36779458916957375, 'hidden_continuous_size': 6, 'attention_head_size': 3, 'learning_rate': 0.0007131128513584758}. Best is trial 1 with value: 0.14718498289585114.
[I 2023-12-27 11:33:16,401] Trial 38 finished with value: 3.2898404598236084 and parameters: {'gradient_clip_val': 0.3338135086330579, 'hidden_size': 14, 'dropout': 0.4003723720677217, 'hidden_continuous_size': 9, 'attention_head_size': 3, 'learning_rate': 0.0024712782857716138}. Best is trial 1 with value: 0.14718498289585114.
[I 2023-12-27 11:33:16,779] Trial 39 finished with value: 2.2556815147399902 and parameters: {'gradient_clip_val': 0.2411011299103924, 'hidden_size': 12, 'dropout': 0.46305389642230066, 'hidden_continuous_size': 7, 'attention_head_size': 4, 'learning_rate': 0.0038621377062389773}. Best is trial 1 with value: 0.14718498289585114.
[I 2023-12-27 11:33:17,163] Trial 40 finished with value: 2.4950673580169678 and parameters: {'gradient_clip_val': 0.29647425819330425, 'hidden_size': 19, 'dropout': 0.4771130093654478, 'hidden_continuous_size': 10, 'attention_head_size': 1, 'learning_rate': 0.004792994782140522}. Best is trial 1 with value: 0.14718498289585114.
[I 2023-12-27 11:33:17,661] Trial 41 finished with value: 2.845395088195801 and parameters: {'gradient_clip_val': 0.13852084437552423, 'hidden_size': 76, 'dropout': 0.314952676426434, 'hidden_continuous_size': 17, 'attention_head_size': 4, 'learning_rate': 0.07385559835834651}. Best is trial 1 with value: 0.14718498289585114.
[I 2023-12-27 11:33:18,053] Trial 42 finished with value: 2.5333635807037354 and parameters: {'gradient_clip_val': 0.21136804692197034, 'hidden_size': 27, 'dropout': 0.36252742011895356, 'hidden_continuous_size': 11, 'attention_head_size': 4, 'learning_rate': 0.06783515949797873}. Best is trial 1 with value: 0.14718498289585114.
[I 2023-12-27 11:33:18,432] Trial 43 finished with value: 2.3130180835723877 and parameters: {'gradient_clip_val': 0.824689268376177, 'hidden_size': 10, 'dropout': 0.2982554662749096, 'hidden_continuous_size': 8, 'attention_head_size': 4, 'learning_rate': 0.09409732727276522}. Best is trial 1 with value: 0.14718498289585114.
[I 2023-12-27 11:33:18,817] Trial 44 finished with value: 2.4360387325286865 and parameters: {'gradient_clip_val': 0.5862101901697448, 'hidden_size': 16, 'dropout': 0.4073100162917013, 'hidden_continuous_size': 15, 'attention_head_size': 4, 'learning_rate': 0.04703380827428852}. Best is trial 1 with value: 0.14718498289585114.
[I 2023-12-27 11:33:19,239] Trial 45 finished with value: 3.001230001449585 and parameters: {'gradient_clip_val': 0.2698120975944988, 'hidden_size': 50, 'dropout': 0.34382230147961884, 'hidden_continuous_size': 20, 'attention_head_size': 4, 'learning_rate': 0.059003777751972804}. Best is trial 1 with value: 0.14718498289585114.
[I 2023-12-27 11:33:19,609] Trial 46 finished with value: 2.558715343475342 and parameters: {'gradient_clip_val': 0.1528826977445178, 'hidden_size': 6, 'dropout': 0.43177106325514053, 'hidden_continuous_size': 5, 'attention_head_size': 3, 'learning_rate': 0.09974058088004559}. Best is trial 1 with value: 0.14718498289585114.
[I 2023-12-27 11:33:19,945] Trial 47 finished with value: 1.9719667434692383 and parameters: {'gradient_clip_val': 0.4957474743956791, 'hidden_size': 5, 'dropout': 0.26428505128941276, 'hidden_continuous_size': 5, 'attention_head_size': 3, 'learning_rate': 0.010397164339802586}. Best is trial 1 with value: 0.14718498289585114.
[I 2023-12-27 11:33:20,280] Trial 48 finished with value: 2.4882144927978516 and parameters: {'gradient_clip_val': 0.6495254580286153, 'hidden_size': 5, 'dropout': 0.2761247284119228, 'hidden_continuous_size': 5, 'attention_head_size': 2, 'learning_rate': 0.009817776432771588}. Best is trial 1 with value: 0.14718498289585114.
[I 2023-12-27 11:33:20,641] Trial 49 finished with value: 2.5654051303863525 and parameters: {'gradient_clip_val': 0.8281408862144425, 'hidden_size': 7, 'dropout': 0.22683306349324223, 'hidden_continuous_size': 5, 'attention_head_size': 3, 'learning_rate': 0.01236531267145631}. Best is trial 1 with value: 0.14718498289585114.
[I 2023-12-27 11:33:20,750] A new study created in memory with name: no-name-321bfaec-28dc-487a-966e-279f7ec05320
/home/le004/conda/anaconda3/envs/tsff_env/lib/python3.9/site-packages/lightning/fabric/plugins/environments/slurm.py:191: The `srun` command is available on your system but is not used. HINT: If your intention is to run Lightning on SLURM, prepend your python command with `srun` like so: srun python /home/le004/master_thesis/git/TSFusionForecast/code/ ...
[I 2023-12-27 11:33:53,959] Trial 0 finished with value: 0.06979992240667343 and parameters: {'gradient_clip_val': 0.9430392658690255, 'hidden_size': 45, 'dropout': 0.13133092419161763, 'hidden_continuous_size': 34, 'attention_head_size': 3, 'learning_rate': 0.036552069757917874}. Best is trial 0 with value: 0.06979992240667343.
[I 2023-12-27 11:33:54,396] Trial 1 finished with value: 3.7720787525177 and parameters: {'gradient_clip_val': 0.2608231749327885, 'hidden_size': 65, 'dropout': 0.3783056706704644, 'hidden_continuous_size': 55, 'attention_head_size': 4, 'learning_rate': 0.0613575140141674}. Best is trial 0 with value: 0.06979992240667343.
[I 2023-12-27 11:33:54,770] Trial 2 finished with value: 2.708012342453003 and parameters: {'gradient_clip_val': 0.6892026316962552, 'hidden_size': 34, 'dropout': 0.4248467992154138, 'hidden_continuous_size': 14, 'attention_head_size': 2, 'learning_rate': 0.012256268701561324}. Best is trial 0 with value: 0.06979992240667343.
[I 2023-12-27 11:33:55,112] Trial 3 finished with value: 3.4815940856933594 and parameters: {'gradient_clip_val': 0.5325103846611208, 'hidden_size': 10, 'dropout': 0.22690475240902597, 'hidden_continuous_size': 10, 'attention_head_size': 4, 'learning_rate': 0.010282495497824753}. Best is trial 0 with value: 0.06979992240667343.
[I 2023-12-27 11:33:55,493] Trial 4 finished with value: 2.4584076404571533 and parameters: {'gradient_clip_val': 0.2771616738785007, 'hidden_size': 40, 'dropout': 0.3830895223880094, 'hidden_continuous_size': 20, 'attention_head_size': 2, 'learning_rate': 0.0015955970963778437}. Best is trial 0 with value: 0.06979992240667343.
[I 2023-12-27 11:33:56,043] Trial 5 finished with value: 3.719883680343628 and parameters: {'gradient_clip_val': 0.14828420175990234, 'hidden_size': 139, 'dropout': 0.4703169861401173, 'hidden_continuous_size': 29, 'attention_head_size': 3, 'learning_rate': 0.006681114454994876}. Best is trial 0 with value: 0.06979992240667343.
[I 2023-12-27 11:33:56,421] Trial 6 finished with value: 3.375096559524536 and parameters: {'gradient_clip_val': 0.9696778466649844, 'hidden_size': 30, 'dropout': 0.2727021552138156, 'hidden_continuous_size': 26, 'attention_head_size': 3, 'learning_rate': 0.026869445022592815}. Best is trial 0 with value: 0.06979992240667343.
[I 2023-12-27 11:33:56,969] Trial 7 finished with value: 4.585709571838379 and parameters: {'gradient_clip_val': 0.853483300602385, 'hidden_size': 143, 'dropout': 0.3505126101642705, 'hidden_continuous_size': 15, 'attention_head_size': 2, 'learning_rate': 0.02626013019568553}. Best is trial 0 with value: 0.06979992240667343.
[I 2023-12-27 11:33:57,336] Trial 8 finished with value: 2.8892946243286133 and parameters: {'gradient_clip_val': 0.5755693172145655, 'hidden_size': 33, 'dropout': 0.31372889057415376, 'hidden_continuous_size': 8, 'attention_head_size': 3, 'learning_rate': 0.0713175438105194}. Best is trial 0 with value: 0.06979992240667343.
[I 2023-12-27 11:33:57,655] Trial 9 finished with value: 3.692889451980591 and parameters: {'gradient_clip_val': 0.6953294731905438, 'hidden_size': 5, 'dropout': 0.48729138120334936, 'hidden_continuous_size': 5, 'attention_head_size': 2, 'learning_rate': 0.032806268017179285}. Best is trial 0 with value: 0.06979992240667343.
[I 2023-12-27 11:33:58,023] Trial 10 finished with value: 3.878302812576294 and parameters: {'gradient_clip_val': 0.4141658823368179, 'hidden_size': 18, 'dropout': 0.10766305136023709, 'hidden_continuous_size': 5, 'attention_head_size': 1, 'learning_rate': 0.09826468231763046}. Best is trial 0 with value: 0.06979992240667343.
[I 2023-12-27 11:33:58,648] Trial 11 finished with value: 3.553341865539551 and parameters: {'gradient_clip_val': 0.29818571599375104, 'hidden_size': 56, 'dropout': 0.12866957249171768, 'hidden_continuous_size': 26, 'attention_head_size': 1, 'learning_rate': 0.0014419367685155355}. Best is trial 0 with value: 0.06979992240667343.
[I 2023-12-27 11:33:59,116] Trial 12 finished with value: 3.3449344635009766 and parameters: {'gradient_clip_val': 0.21626853903101917, 'hidden_size': 67, 'dropout': 0.19181398628050303, 'hidden_continuous_size': 43, 'attention_head_size': 2, 'learning_rate': 0.0006194973088054352}. Best is trial 0 with value: 0.06979992240667343.
[I 2023-12-27 11:33:59,495] Trial 13 finished with value: 3.994466781616211 and parameters: {'gradient_clip_val': 0.400230484303997, 'hidden_size': 18, 'dropout': 0.2749583898641438, 'hidden_continuous_size': 12, 'attention_head_size': 3, 'learning_rate': 0.0029795999496881028}. Best is trial 0 with value: 0.06979992240667343.
[I 2023-12-27 11:33:59,897] Trial 14 finished with value: 3.009648323059082 and parameters: {'gradient_clip_val': 0.3892454738252251, 'hidden_size': 48, 'dropout': 0.16749499507787965, 'hidden_continuous_size': 20, 'attention_head_size': 1, 'learning_rate': 0.0037242015549813273}. Best is trial 0 with value: 0.06979992240667343.
[I 2023-12-27 11:34:00,417] Trial 15 finished with value: 4.4477152824401855 and parameters: {'gradient_clip_val': 0.10248340028867892, 'hidden_size': 95, 'dropout': 0.2409647834455384, 'hidden_continuous_size': 80, 'attention_head_size': 4, 'learning_rate': 0.0013191846118200724}. Best is trial 0 with value: 0.06979992240667343.
[I 2023-12-27 11:34:00,806] Trial 16 finished with value: 3.2525367736816406 and parameters: {'gradient_clip_val': 0.20841796615362848, 'hidden_size': 22, 'dropout': 0.330329116429902, 'hidden_continuous_size': 15, 'attention_head_size': 3, 'learning_rate': 0.013806102880566195}. Best is trial 0 with value: 0.06979992240667343.
[I 2023-12-27 11:34:01,209] Trial 17 finished with value: 4.4993767738342285 and parameters: {'gradient_clip_val': 0.9741621528881095, 'hidden_size': 40, 'dropout': 0.38065671451605987, 'hidden_continuous_size': 20, 'attention_head_size': 2, 'learning_rate': 0.005730358594798484}. Best is trial 0 with value: 0.06979992240667343.
[I 2023-12-27 11:34:01,695] Trial 18 finished with value: 3.6157572269439697 and parameters: {'gradient_clip_val': 0.5042759983712254, 'hidden_size': 91, 'dropout': 0.14988322247680896, 'hidden_continuous_size': 40, 'attention_head_size': 2, 'learning_rate': 0.002718509164390029}. Best is trial 0 with value: 0.06979992240667343.
[I 2023-12-27 11:34:02,119] Trial 19 finished with value: 2.9103095531463623 and parameters: {'gradient_clip_val': 0.33422545248680624, 'hidden_size': 46, 'dropout': 0.2020430543095393, 'hidden_continuous_size': 20, 'attention_head_size': 3, 'learning_rate': 0.0006051859413360483}. Best is trial 0 with value: 0.06979992240667343.
[I 2023-12-27 11:34:02,525] Trial 20 finished with value: 4.527721405029297 and parameters: {'gradient_clip_val': 0.4518982868458611, 'hidden_size': 26, 'dropout': 0.10256936667336777, 'hidden_continuous_size': 17, 'attention_head_size': 4, 'learning_rate': 0.019365845453436257}. Best is trial 0 with value: 0.06979992240667343.
[I 2023-12-27 11:34:02,925] Trial 21 finished with value: 2.320077657699585 and parameters: {'gradient_clip_val': 0.7166697278198372, 'hidden_size': 35, 'dropout': 0.43119744161687484, 'hidden_continuous_size': 13, 'attention_head_size': 2, 'learning_rate': 0.01265339027872666}. Best is trial 0 with value: 0.06979992240667343.
[I 2023-12-27 11:34:03,317] Trial 22 finished with value: 3.030876874923706 and parameters: {'gradient_clip_val': 0.7210947072263856, 'hidden_size': 40, 'dropout': 0.42085462558862763, 'hidden_continuous_size': 11, 'attention_head_size': 2, 'learning_rate': 0.009481099551088052}. Best is trial 0 with value: 0.06979992240667343.
[I 2023-12-27 11:34:03,719] Trial 23 finished with value: 4.753990650177002 and parameters: {'gradient_clip_val': 0.8004638416902103, 'hidden_size': 25, 'dropout': 0.30820786627844665, 'hidden_continuous_size': 9, 'attention_head_size': 1, 'learning_rate': 0.04421368224202441}. Best is trial 0 with value: 0.06979992240667343.
[I 2023-12-27 11:34:04,398] Trial 24 finished with value: 4.274178981781006 and parameters: {'gradient_clip_val': 0.63414075930117, 'hidden_size': 63, 'dropout': 0.43359614823978265, 'hidden_continuous_size': 29, 'attention_head_size': 2, 'learning_rate': 0.020272899064533757}. Best is trial 0 with value: 0.06979992240667343.
[I 2023-12-27 11:34:04,824] Trial 25 finished with value: 3.5132758617401123 and parameters: {'gradient_clip_val': 0.5645576195107004, 'hidden_size': 43, 'dropout': 0.3594634473390622, 'hidden_continuous_size': 18, 'attention_head_size': 3, 'learning_rate': 0.042262184687718134}. Best is trial 0 with value: 0.06979992240667343.
[I 2023-12-27 11:34:05,210] Trial 26 finished with value: 3.463690996170044 and parameters: {'gradient_clip_val': 0.7894262379421013, 'hidden_size': 32, 'dropout': 0.39786525053456784, 'hidden_continuous_size': 13, 'attention_head_size': 2, 'learning_rate': 0.01657925750572147}. Best is trial 0 with value: 0.06979992240667343.
[I 2023-12-27 11:34:05,635] Trial 27 finished with value: 3.559814214706421 and parameters: {'gradient_clip_val': 0.985181461065359, 'hidden_size': 51, 'dropout': 0.45632916206260976, 'hidden_continuous_size': 22, 'attention_head_size': 1, 'learning_rate': 0.007474900917325984}. Best is trial 0 with value: 0.06979992240667343.
[I 2023-12-27 11:34:06,023] Trial 28 finished with value: 3.543227434158325 and parameters: {'gradient_clip_val': 0.6224936194389034, 'hidden_size': 20, 'dropout': 0.39809507064664007, 'hidden_continuous_size': 13, 'attention_head_size': 3, 'learning_rate': 0.016503033160603673}. Best is trial 0 with value: 0.06979992240667343.
[I 2023-12-27 11:34:06,467] Trial 29 finished with value: 3.8878583908081055 and parameters: {'gradient_clip_val': 0.3285571469028529, 'hidden_size': 66, 'dropout': 0.34579582601317926, 'hidden_continuous_size': 34, 'attention_head_size': 2, 'learning_rate': 0.04834007434752861}. Best is trial 0 with value: 0.06979992240667343.
[I 2023-12-27 11:34:06,850] Trial 30 finished with value: 4.3070902824401855 and parameters: {'gradient_clip_val': 0.8324939876610208, 'hidden_size': 14, 'dropout': 0.3674225143690327, 'hidden_continuous_size': 11, 'attention_head_size': 3, 'learning_rate': 0.029332574373571726}. Best is trial 0 with value: 0.06979992240667343.
[I 2023-12-27 11:34:07,252] Trial 31 finished with value: 3.4170753955841064 and parameters: {'gradient_clip_val': 0.6769674595130185, 'hidden_size': 35, 'dropout': 0.4318111465313665, 'hidden_continuous_size': 15, 'attention_head_size': 2, 'learning_rate': 0.011599931967684118}. Best is trial 0 with value: 0.06979992240667343.
[I 2023-12-27 11:34:07,651] Trial 32 finished with value: 4.051937103271484 and parameters: {'gradient_clip_val': 0.5051517072679137, 'hidden_size': 31, 'dropout': 0.49259570266432556, 'hidden_continuous_size': 16, 'attention_head_size': 2, 'learning_rate': 0.011197301568909508}. Best is trial 0 with value: 0.06979992240667343.
[I 2023-12-27 11:34:08,061] Trial 33 finished with value: 3.2948319911956787 and parameters: {'gradient_clip_val': 0.70525504178197, 'hidden_size': 36, 'dropout': 0.45479344768274405, 'hidden_continuous_size': 23, 'attention_head_size': 2, 'learning_rate': 0.008378946500236885}. Best is trial 0 with value: 0.06979992240667343.
[I 2023-12-27 11:34:08,461] Trial 34 finished with value: 3.4074745178222656 and parameters: {'gradient_clip_val': 0.5977215429587394, 'hidden_size': 28, 'dropout': 0.39603203002812526, 'hidden_continuous_size': 18, 'attention_head_size': 2, 'learning_rate': 0.013786834451969005}. Best is trial 0 with value: 0.06979992240667343.
[I 2023-12-27 11:34:08,861] Trial 35 finished with value: 3.712017059326172 and parameters: {'gradient_clip_val': 0.8938062498814999, 'hidden_size': 40, 'dropout': 0.41374301103825367, 'hidden_continuous_size': 15, 'attention_head_size': 4, 'learning_rate': 0.005409399311933749}. Best is trial 0 with value: 0.06979992240667343.
[I 2023-12-27 11:34:09,252] Trial 36 finished with value: 4.08075475692749 and parameters: {'gradient_clip_val': 0.7531786214491486, 'hidden_size': 25, 'dropout': 0.3728716490560429, 'hidden_continuous_size': 14, 'attention_head_size': 3, 'learning_rate': 0.020565798413048737}. Best is trial 0 with value: 0.06979992240667343.
[I 2023-12-27 11:34:09,672] Trial 37 finished with value: 3.595334053039551 and parameters: {'gradient_clip_val': 0.8994400175156446, 'hidden_size': 52, 'dropout': 0.3323092154031739, 'hidden_continuous_size': 25, 'attention_head_size': 1, 'learning_rate': 0.02444254290489663}. Best is trial 0 with value: 0.06979992240667343.
[I 2023-12-27 11:34:10,358] Trial 38 finished with value: 3.980752944946289 and parameters: {'gradient_clip_val': 0.5328872831677129, 'hidden_size': 31, 'dropout': 0.46378093969689627, 'hidden_continuous_size': 17, 'attention_head_size': 3, 'learning_rate': 0.008697476925281595}. Best is trial 0 with value: 0.06979992240667343.
[I 2023-12-27 11:34:10,767] Trial 39 finished with value: 3.6221930980682373 and parameters: {'gradient_clip_val': 0.8265550540223412, 'hidden_size': 37, 'dropout': 0.28722500508829785, 'hidden_continuous_size': 23, 'attention_head_size': 2, 'learning_rate': 0.034096878981412365}. Best is trial 0 with value: 0.06979992240667343.
