[I 2023-12-15 22:21:25,826] Trial 14 finished with value: 63.07407760620117 and parameters: {'gradient_clip_val': 0.7153077654203458, 'hidden_size': 45, 'dropout': 0.10169370792093052, 'hidden_continuous_size': 37, 'attention_head_size': 1, 'learning_rate': 0.0031082396056773677}. Best is trial 9 with value: 15.224535942077637.
LOCAL_RANK: 0 - CUDA_VISIBLE_DEVICES: [0]
[I 2023-12-15 22:22:15,423] Trial 15 finished with value: 54.98221969604492 and parameters: {'gradient_clip_val': 0.7200717310966454, 'hidden_size': 31, 'dropout': 0.2930606984781905, 'hidden_continuous_size': 10, 'attention_head_size': 3, 'learning_rate': 0.005996667258281255}. Best is trial 9 with value: 15.224535942077637.
LOCAL_RANK: 0 - CUDA_VISIBLE_DEVICES: [0]
[I 2023-12-15 22:23:07,689] Trial 16 finished with value: 16.569313049316406 and parameters: {'gradient_clip_val': 0.9670523028438214, 'hidden_size': 53, 'dropout': 0.39945538335777897, 'hidden_continuous_size': 8, 'attention_head_size': 2, 'learning_rate': 0.0005073902166503474}. Best is trial 9 with value: 15.224535942077637.
LOCAL_RANK: 0 - CUDA_VISIBLE_DEVICES: [0]
[I 2023-12-15 22:23:57,846] Trial 17 finished with value: 15.113932609558105 and parameters: {'gradient_clip_val': 0.5400709262601572, 'hidden_size': 35, 'dropout': 0.24203461053652042, 'hidden_continuous_size': 12, 'attention_head_size': 3, 'learning_rate': 0.002405715225563292}. Best is trial 17 with value: 15.113932609558105.
LOCAL_RANK: 0 - CUDA_VISIBLE_DEVICES: [0]
[I 2023-12-15 22:24:51,539] Trial 18 finished with value: 45.6422233581543 and parameters: {'gradient_clip_val': 0.49019566164691425, 'hidden_size': 62, 'dropout': 0.15361546536969733, 'hidden_continuous_size': 13, 'attention_head_size': 3, 'learning_rate': 0.008203147188865393}. Best is trial 17 with value: 15.113932609558105.
LOCAL_RANK: 0 - CUDA_VISIBLE_DEVICES: [0]
[I 2023-12-15 22:25:40,776] Trial 19 finished with value: 26.611867904663086 and parameters: {'gradient_clip_val': 0.3988192854419244, 'hidden_size': 25, 'dropout': 0.2382564310778152, 'hidden_continuous_size': 12, 'attention_head_size': 3, 'learning_rate': 0.0010273066709971504}. Best is trial 17 with value: 15.113932609558105.
LOCAL_RANK: 0 - CUDA_VISIBLE_DEVICES: [0]
[I 2023-12-15 22:26:29,317] Trial 20 finished with value: 10.97586441040039 and parameters: {'gradient_clip_val': 0.5747763730433895, 'hidden_size': 32, 'dropout': 0.22551589381040188, 'hidden_continuous_size': 8, 'attention_head_size': 3, 'learning_rate': 0.0025113475463498414}. Best is trial 20 with value: 10.97586441040039.
LOCAL_RANK: 0 - CUDA_VISIBLE_DEVICES: [0]
[I 2023-12-15 22:27:18,848] Trial 21 finished with value: 41.50151443481445 and parameters: {'gradient_clip_val': 0.5637112505946217, 'hidden_size': 35, 'dropout': 0.2235179357667641, 'hidden_continuous_size': 8, 'attention_head_size': 3, 'learning_rate': 0.0023795458828726372}. Best is trial 20 with value: 10.97586441040039.
LOCAL_RANK: 0 - CUDA_VISIBLE_DEVICES: [0]
[I 2023-12-15 22:28:08,217] Trial 22 finished with value: 73.81175994873047 and parameters: {'gradient_clip_val': 0.8411178289325011, 'hidden_size': 27, 'dropout': 0.16672040997662108, 'hidden_continuous_size': 11, 'attention_head_size': 3, 'learning_rate': 0.0039286641044974195}. Best is trial 20 with value: 10.97586441040039.
LOCAL_RANK: 0 - CUDA_VISIBLE_DEVICES: [0]
[I 2023-12-15 22:28:58,784] Trial 23 finished with value: 54.46208572387695 and parameters: {'gradient_clip_val': 0.5941231816100662, 'hidden_size': 42, 'dropout': 0.22727232342026382, 'hidden_continuous_size': 7, 'attention_head_size': 3, 'learning_rate': 0.0023527596677940664}. Best is trial 20 with value: 10.97586441040039.
LOCAL_RANK: 0 - CUDA_VISIBLE_DEVICES: [0]
[I 2023-12-15 22:29:48,022] Trial 24 finished with value: 25.57201385498047 and parameters: {'gradient_clip_val': 0.8139753190007918, 'hidden_size': 30, 'dropout': 0.2153049428519427, 'hidden_continuous_size': 14, 'attention_head_size': 2, 'learning_rate': 0.004981220963535136}. Best is trial 20 with value: 10.97586441040039.
LOCAL_RANK: 0 - CUDA_VISIBLE_DEVICES: [0]
[I 2023-12-15 22:30:41,019] Trial 25 finished with value: 17.0513858795166 and parameters: {'gradient_clip_val': 0.7013912260337268, 'hidden_size': 55, 'dropout': 0.16347636021739978, 'hidden_continuous_size': 10, 'attention_head_size': 3, 'learning_rate': 0.0008807275315423716}. Best is trial 20 with value: 10.97586441040039.
LOCAL_RANK: 0 - CUDA_VISIBLE_DEVICES: [0]
[I 2023-12-15 22:31:31,465] Trial 26 finished with value: 31.886856079101562 and parameters: {'gradient_clip_val': 0.5597487334845709, 'hidden_size': 37, 'dropout': 0.25871747890228525, 'hidden_continuous_size': 9, 'attention_head_size': 4, 'learning_rate': 0.0017672261085142096}. Best is trial 20 with value: 10.97586441040039.
LOCAL_RANK: 0 - CUDA_VISIBLE_DEVICES: [0]
[I 2023-12-15 22:32:20,427] Trial 27 finished with value: 17.56540870666504 and parameters: {'gradient_clip_val': 0.3868289606194306, 'hidden_size': 23, 'dropout': 0.20118493005361474, 'hidden_continuous_size': 12, 'attention_head_size': 2, 'learning_rate': 0.0033707259251078646}. Best is trial 20 with value: 10.97586441040039.
LOCAL_RANK: 0 - CUDA_VISIBLE_DEVICES: [0]
[I 2023-12-15 22:33:15,973] Trial 28 finished with value: 32.11024856567383 and parameters: {'gradient_clip_val': 0.5015448873412333, 'hidden_size': 69, 'dropout': 0.23126583115547947, 'hidden_continuous_size': 66, 'attention_head_size': 1, 'learning_rate': 0.0027372545716192903}. Best is trial 20 with value: 10.97586441040039.
LOCAL_RANK: 0 - CUDA_VISIBLE_DEVICES: [0]
[I 2023-12-15 22:34:07,954] Trial 29 finished with value: 10.785629272460938 and parameters: {'gradient_clip_val': 0.4599277351582724, 'hidden_size': 44, 'dropout': 0.27130563845892164, 'hidden_continuous_size': 16, 'attention_head_size': 3, 'learning_rate': 0.09516961042088345}. Best is trial 29 with value: 10.785629272460938.
LOCAL_RANK: 0 - CUDA_VISIBLE_DEVICES: [0]
[I 2023-12-15 22:35:02,068] Trial 30 finished with value: 21.325828552246094 and parameters: {'gradient_clip_val': 0.42899356395261684, 'hidden_size': 75, 'dropout': 0.27578253570655725, 'hidden_continuous_size': 16, 'attention_head_size': 3, 'learning_rate': 0.06572309945484545}. Best is trial 29 with value: 10.785629272460938.
LOCAL_RANK: 0 - CUDA_VISIBLE_DEVICES: [0]
[I 2023-12-15 22:35:53,685] Trial 31 finished with value: 19.792978286743164 and parameters: {'gradient_clip_val': 0.4365391554705845, 'hidden_size': 48, 'dropout': 0.2505305078833005, 'hidden_continuous_size': 15, 'attention_head_size': 3, 'learning_rate': 0.06823864577666851}. Best is trial 29 with value: 10.785629272460938.
LOCAL_RANK: 0 - CUDA_VISIBLE_DEVICES: [0]
[I 2023-12-15 22:36:46,394] Trial 32 finished with value: 27.707557678222656 and parameters: {'gradient_clip_val': 0.6197089584279507, 'hidden_size': 41, 'dropout': 0.21470620959707232, 'hidden_continuous_size': 17, 'attention_head_size': 3, 'learning_rate': 0.007546960536510386}. Best is trial 29 with value: 10.785629272460938.
LOCAL_RANK: 0 - CUDA_VISIBLE_DEVICES: [0]
[I 2023-12-15 22:37:38,610] Trial 33 finished with value: 26.189895629882812 and parameters: {'gradient_clip_val': 0.3578209370100495, 'hidden_size': 52, 'dropout': 0.23730465658791094, 'hidden_continuous_size': 13, 'attention_head_size': 3, 'learning_rate': 0.04366190696045845}. Best is trial 29 with value: 10.785629272460938.
LOCAL_RANK: 0 - CUDA_VISIBLE_DEVICES: [0]
[I 2023-12-15 22:38:27,354] Trial 34 finished with value: 59.78218460083008 and parameters: {'gradient_clip_val': 0.48197992658498173, 'hidden_size': 32, 'dropout': 0.2815397048423494, 'hidden_continuous_size': 11, 'attention_head_size': 4, 'learning_rate': 0.004151340246371595}. Best is trial 29 with value: 10.785629272460938.
LOCAL_RANK: 0 - CUDA_VISIBLE_DEVICES: [0]
[I 2023-12-15 22:39:18,979] Trial 35 finished with value: 34.6348762512207 and parameters: {'gradient_clip_val': 0.5298733529854224, 'hidden_size': 44, 'dropout': 0.2602878501260469, 'hidden_continuous_size': 18, 'attention_head_size': 2, 'learning_rate': 0.0014620920094424632}. Best is trial 29 with value: 10.785629272460938.
LOCAL_RANK: 0 - CUDA_VISIBLE_DEVICES: [0]
[I 2023-12-15 22:40:08,487] Trial 36 finished with value: 43.17396545410156 and parameters: {'gradient_clip_val': 0.24483869626121257, 'hidden_size': 30, 'dropout': 0.19352694535698156, 'hidden_continuous_size': 13, 'attention_head_size': 3, 'learning_rate': 0.08697055272917519}. Best is trial 29 with value: 10.785629272460938.
LOCAL_RANK: 0 - CUDA_VISIBLE_DEVICES: [0]
[I 2023-12-15 22:40:55,675] Trial 37 finished with value: 18.692928314208984 and parameters: {'gradient_clip_val': 0.4726383242786584, 'hidden_size': 20, 'dropout': 0.2441347610895342, 'hidden_continuous_size': 9, 'attention_head_size': 2, 'learning_rate': 0.0028272071525635724}. Best is trial 29 with value: 10.785629272460938.
LOCAL_RANK: 0 - CUDA_VISIBLE_DEVICES: [0]
[I 2023-12-15 22:41:45,150] Trial 38 finished with value: 12.5590181350708 and parameters: {'gradient_clip_val': 0.7404941535645087, 'hidden_size': 23, 'dropout': 0.1830691194717411, 'hidden_continuous_size': 12, 'attention_head_size': 4, 'learning_rate': 0.006186664587143647}. Best is trial 29 with value: 10.785629272460938.
LOCAL_RANK: 0 - CUDA_VISIBLE_DEVICES: [0]
[I 2023-12-15 22:42:32,371] Trial 39 finished with value: 28.705469131469727 and parameters: {'gradient_clip_val': 0.7508267785435389, 'hidden_size': 17, 'dropout': 0.2081130542146201, 'hidden_continuous_size': 8, 'attention_head_size': 4, 'learning_rate': 0.007881371394359812}. Best is trial 29 with value: 10.785629272460938.
LOCAL_RANK: 0 - CUDA_VISIBLE_DEVICES: [0]
[I 2023-12-15 22:43:21,775] Trial 40 finished with value: 50.665008544921875 and parameters: {'gradient_clip_val': 0.6221273234951802, 'hidden_size': 23, 'dropout': 0.31456460979779355, 'hidden_continuous_size': 9, 'attention_head_size': 4, 'learning_rate': 0.010734022141129005}. Best is trial 29 with value: 10.785629272460938.
LOCAL_RANK: 0 - CUDA_VISIBLE_DEVICES: [0]
[I 2023-12-15 22:44:11,611] Trial 41 finished with value: 75.63409423828125 and parameters: {'gradient_clip_val': 0.7964969453405165, 'hidden_size': 26, 'dropout': 0.17634274854361326, 'hidden_continuous_size': 12, 'attention_head_size': 4, 'learning_rate': 0.0021246595991364172}. Best is trial 29 with value: 10.785629272460938.
LOCAL_RANK: 0 - CUDA_VISIBLE_DEVICES: [0]
[I 2023-12-15 22:45:03,307] Trial 42 finished with value: 35.07407760620117 and parameters: {'gradient_clip_val': 0.6640063431699366, 'hidden_size': 37, 'dropout': 0.1891810937970208, 'hidden_continuous_size': 15, 'attention_head_size': 3, 'learning_rate': 0.0033790151431778584}. Best is trial 29 with value: 10.785629272460938.
LOCAL_RANK: 0 - CUDA_VISIBLE_DEVICES: [0]
[I 2023-12-15 22:45:52,352] Trial 43 finished with value: 55.31370544433594 and parameters: {'gradient_clip_val': 0.8902473437265813, 'hidden_size': 32, 'dropout': 0.20214902735839757, 'hidden_continuous_size': 14, 'attention_head_size': 4, 'learning_rate': 0.00552589581466698}. Best is trial 29 with value: 10.785629272460938.
LOCAL_RANK: 0 - CUDA_VISIBLE_DEVICES: [0]
[I 2023-12-15 22:46:39,914] Trial 44 finished with value: 32.852718353271484 and parameters: {'gradient_clip_val': 0.544006844766326, 'hidden_size': 18, 'dropout': 0.22029390972425808, 'hidden_continuous_size': 10, 'attention_head_size': 2, 'learning_rate': 0.0015029875188627472}. Best is trial 29 with value: 10.785629272460938.
LOCAL_RANK: 0 - CUDA_VISIBLE_DEVICES: [0]
[I 2023-12-15 22:47:28,866] Trial 45 finished with value: 19.034948348999023 and parameters: {'gradient_clip_val': 0.7616310098893344, 'hidden_size': 40, 'dropout': 0.1831898853109653, 'hidden_continuous_size': 6, 'attention_head_size': 3, 'learning_rate': 0.09875593111952982}. Best is trial 29 with value: 10.785629272460938.
LOCAL_RANK: 0 - CUDA_VISIBLE_DEVICES: [0]
[I 2023-12-15 22:48:17,677] Trial 46 finished with value: 33.58351516723633 and parameters: {'gradient_clip_val': 0.9894851445373514, 'hidden_size': 28, 'dropout': 0.25340637720895554, 'hidden_continuous_size': 11, 'attention_head_size': 4, 'learning_rate': 0.004464542429355204}. Best is trial 29 with value: 10.785629272460938.
LOCAL_RANK: 0 - CUDA_VISIBLE_DEVICES: [0]
[I 2023-12-15 22:49:10,183] Trial 47 finished with value: 46.869930267333984 and parameters: {'gradient_clip_val': 0.664443828015822, 'hidden_size': 47, 'dropout': 0.24141754254104947, 'hidden_continuous_size': 17, 'attention_head_size': 2, 'learning_rate': 0.005815992810824417}. Best is trial 29 with value: 10.785629272460938.
LOCAL_RANK: 0 - CUDA_VISIBLE_DEVICES: [0]
[I 2023-12-15 22:50:00,681] Trial 48 finished with value: 30.46912384033203 and parameters: {'gradient_clip_val': 0.5727214548524436, 'hidden_size': 34, 'dropout': 0.14296063572276618, 'hidden_continuous_size': 14, 'attention_head_size': 3, 'learning_rate': 0.0037593750947314646}. Best is trial 29 with value: 10.785629272460938.
LOCAL_RANK: 0 - CUDA_VISIBLE_DEVICES: [0]
[I 2023-12-15 22:50:48,343] Trial 49 finished with value: 83.75862884521484 and parameters: {'gradient_clip_val': 0.890066882779716, 'hidden_size': 24, 'dropout': 0.1944985119097136, 'hidden_continuous_size': 12, 'attention_head_size': 2, 'learning_rate': 0.0026873734398902183}. Best is trial 29 with value: 10.785629272460938.
[I 2023-12-15 22:50:48,437] A new study created in memory with name: no-name-74726dbe-ff76-4d24-94b8-d20db4258bad
/home/le004/conda/anaconda3/envs/tsff_env/lib/python3.9/site-packages/lightning/fabric/plugins/environments/slurm.py:191: The `srun` command is available on your system but is not used. HINT: If your intention is to run Lightning on SLURM, prepend your python command with `srun` like so: srun python /home/le004/master_thesis/git/TSFusionForecast/code/ ...
LOCAL_RANK: 0 - CUDA_VISIBLE_DEVICES: [0]
[I 2023-12-15 22:51:34,267] Trial 0 finished with value: 84.6954116821289 and parameters: {'gradient_clip_val': 0.2332735060788505, 'hidden_size': 9, 'dropout': 0.31946738167886535, 'hidden_continuous_size': 8, 'attention_head_size': 3, 'learning_rate': 0.005868970392059667}. Best is trial 0 with value: 84.6954116821289.
LOCAL_RANK: 0 - CUDA_VISIBLE_DEVICES: [0]
[I 2023-12-15 22:52:22,661] Trial 1 finished with value: 119.0029525756836 and parameters: {'gradient_clip_val': 0.8827688749569529, 'hidden_size': 30, 'dropout': 0.30263013998614596, 'hidden_continuous_size': 6, 'attention_head_size': 1, 'learning_rate': 0.003685863095965944}. Best is trial 0 with value: 84.6954116821289.
LOCAL_RANK: 0 - CUDA_VISIBLE_DEVICES: [0]
[I 2023-12-15 22:53:08,109] Trial 2 finished with value: 100.2071762084961 and parameters: {'gradient_clip_val': 0.7357256842143174, 'hidden_size': 9, 'dropout': 0.20347549967207834, 'hidden_continuous_size': 7, 'attention_head_size': 3, 'learning_rate': 0.012639446633027325}. Best is trial 0 with value: 84.6954116821289.
LOCAL_RANK: 0 - CUDA_VISIBLE_DEVICES: [0]
[I 2023-12-15 22:54:01,168] Trial 3 finished with value: 133.00343322753906 and parameters: {'gradient_clip_val': 0.11918393776602265, 'hidden_size': 38, 'dropout': 0.15639263758327365, 'hidden_continuous_size': 20, 'attention_head_size': 4, 'learning_rate': 0.0009408456470490726}. Best is trial 0 with value: 84.6954116821289.
LOCAL_RANK: 0 - CUDA_VISIBLE_DEVICES: [0]
[I 2023-12-15 22:54:49,883] Trial 4 finished with value: 83.36565399169922 and parameters: {'gradient_clip_val': 0.36384868960435984, 'hidden_size': 25, 'dropout': 0.21597724066019033, 'hidden_continuous_size': 5, 'attention_head_size': 3, 'learning_rate': 0.07243694210048442}. Best is trial 4 with value: 83.36565399169922.
LOCAL_RANK: 0 - CUDA_VISIBLE_DEVICES: [0]
[I 2023-12-15 22:55:24,240] Trial 5 finished with value: 135.43064880371094 and parameters: {'gradient_clip_val': 0.7273512324619217, 'hidden_size': 5, 'dropout': 0.3472721303128751, 'hidden_continuous_size': 5, 'attention_head_size': 3, 'learning_rate': 0.03580662638907913}. Best is trial 4 with value: 83.36565399169922.
LOCAL_RANK: 0 - CUDA_VISIBLE_DEVICES: [0]
[I 2023-12-15 22:56:13,772] Trial 6 finished with value: 162.54818725585938 and parameters: {'gradient_clip_val': 0.6729634120469811, 'hidden_size': 42, 'dropout': 0.18759323158641938, 'hidden_continuous_size': 6, 'attention_head_size': 1, 'learning_rate': 0.0603090974589332}. Best is trial 4 with value: 83.36565399169922.
LOCAL_RANK: 0 - CUDA_VISIBLE_DEVICES: [0]
[I 2023-12-15 22:57:10,148] Trial 7 finished with value: 150.69456481933594 and parameters: {'gradient_clip_val': 0.10711685699644946, 'hidden_size': 81, 'dropout': 0.21784220847996125, 'hidden_continuous_size': 80, 'attention_head_size': 1, 'learning_rate': 0.010736880404379767}. Best is trial 4 with value: 83.36565399169922.
LOCAL_RANK: 0 - CUDA_VISIBLE_DEVICES: [0]
[I 2023-12-15 22:58:02,532] Trial 8 finished with value: 112.72380828857422 and parameters: {'gradient_clip_val': 0.6766033668415372, 'hidden_size': 77, 'dropout': 0.3097052131996254, 'hidden_continuous_size': 10, 'attention_head_size': 1, 'learning_rate': 0.006125583680531385}. Best is trial 4 with value: 83.36565399169922.
LOCAL_RANK: 0 - CUDA_VISIBLE_DEVICES: [0]
[I 2023-12-15 22:58:46,580] Trial 9 finished with value: 79.01024627685547 and parameters: {'gradient_clip_val': 0.25754935829881986, 'hidden_size': 8, 'dropout': 0.25888945474241976, 'hidden_continuous_size': 7, 'attention_head_size': 2, 'learning_rate': 0.0051317365831475845}. Best is trial 9 with value: 79.01024627685547.
LOCAL_RANK: 0 - CUDA_VISIBLE_DEVICES: [0]
[I 2023-12-15 22:59:32,738] Trial 10 finished with value: 115.34809112548828 and parameters: {'gradient_clip_val': 0.24871545385599947, 'hidden_size': 15, 'dropout': 0.11082886377130088, 'hidden_continuous_size': 9, 'attention_head_size': 2, 'learning_rate': 0.0005226997157898996}. Best is trial 9 with value: 79.01024627685547.
LOCAL_RANK: 0 - CUDA_VISIBLE_DEVICES: [0]
[I 2023-12-15 23:00:18,865] Trial 11 finished with value: 253.1033172607422 and parameters: {'gradient_clip_val': 0.42109393151991165, 'hidden_size': 18, 'dropout': 0.2595619553524513, 'hidden_continuous_size': 5, 'attention_head_size': 2, 'learning_rate': 0.08561548105734107}. Best is trial 9 with value: 79.01024627685547.
LOCAL_RANK: 0 - CUDA_VISIBLE_DEVICES: [0]
[I 2023-12-15 23:01:07,054] Trial 12 finished with value: 117.97515869140625 and parameters: {'gradient_clip_val': 0.3841362484141293, 'hidden_size': 21, 'dropout': 0.26207823969079075, 'hidden_continuous_size': 5, 'attention_head_size': 4, 'learning_rate': 0.02796151776656734}. Best is trial 9 with value: 79.01024627685547.
LOCAL_RANK: 0 - CUDA_VISIBLE_DEVICES: [0]
[I 2023-12-15 23:01:52,466] Trial 13 finished with value: 115.87574005126953 and parameters: {'gradient_clip_val': 0.2664626320094725, 'hidden_size': 13, 'dropout': 0.2516799342510433, 'hidden_continuous_size': 6, 'attention_head_size': 2, 'learning_rate': 0.0946751663141969}. Best is trial 9 with value: 79.01024627685547.
LOCAL_RANK: 0 - CUDA_VISIBLE_DEVICES: [0]
[I 2023-12-15 23:02:27,027] Trial 14 finished with value: 87.6746826171875 and parameters: {'gradient_clip_val': 0.1928190306216707, 'hidden_size': 5, 'dropout': 0.3912826580193014, 'hidden_continuous_size': 5, 'attention_head_size': 3, 'learning_rate': 0.002466452913748555}. Best is trial 9 with value: 79.01024627685547.
LOCAL_RANK: 0 - CUDA_VISIBLE_DEVICES: [0]
[I 2023-12-15 23:03:15,462] Trial 15 finished with value: 119.947509765625 and parameters: {'gradient_clip_val': 0.39769516861866583, 'hidden_size': 27, 'dropout': 0.2187019448549136, 'hidden_continuous_size': 7, 'attention_head_size': 2, 'learning_rate': 0.023804850012115776}. Best is trial 9 with value: 79.01024627685547.
LOCAL_RANK: 0 - CUDA_VISIBLE_DEVICES: [0]
[I 2023-12-15 23:04:01,414] Trial 16 finished with value: 240.0081787109375 and parameters: {'gradient_clip_val': 0.17424337972975057, 'hidden_size': 11, 'dropout': 0.1525959518289706, 'hidden_continuous_size': 6, 'attention_head_size': 4, 'learning_rate': 0.018594130054820735}. Best is trial 9 with value: 79.01024627685547.
LOCAL_RANK: 0 - CUDA_VISIBLE_DEVICES: [0]
[I 2023-12-15 23:04:45,424] Trial 17 finished with value: 109.25665283203125 and parameters: {'gradient_clip_val': 0.32272161071397404, 'hidden_size': 8, 'dropout': 0.27632060104873923, 'hidden_continuous_size': 5, 'attention_head_size': 3, 'learning_rate': 0.04440590429797495}. Best is trial 9 with value: 79.01024627685547.
LOCAL_RANK: 0 - CUDA_VISIBLE_DEVICES: [0]
[I 2023-12-15 23:05:29,948] Trial 18 finished with value: 102.53656768798828 and parameters: {'gradient_clip_val': 0.5028306731313106, 'hidden_size': 16, 'dropout': 0.21837478865303955, 'hidden_continuous_size': 7, 'attention_head_size': 2, 'learning_rate': 0.015980411160924402}. Best is trial 9 with value: 79.01024627685547.
LOCAL_RANK: 0 - CUDA_VISIBLE_DEVICES: [0]
[I 2023-12-15 23:06:15,216] Trial 19 finished with value: 101.1266860961914 and parameters: {'gradient_clip_val': 0.3028291967823667, 'hidden_size': 7, 'dropout': 0.23992507727426957, 'hidden_continuous_size': 5, 'attention_head_size': 3, 'learning_rate': 0.04435305673581154}. Best is trial 9 with value: 79.01024627685547.
LOCAL_RANK: 0 - CUDA_VISIBLE_DEVICES: [0]
[I 2023-12-15 23:07:00,470] Trial 20 finished with value: 85.20465850830078 and parameters: {'gradient_clip_val': 0.5256191531573234, 'hidden_size': 13, 'dropout': 0.28805309727242284, 'hidden_continuous_size': 6, 'attention_head_size': 2, 'learning_rate': 0.00991974975609635}. Best is trial 9 with value: 79.01024627685547.
LOCAL_RANK: 0 - CUDA_VISIBLE_DEVICES: [0]
[I 2023-12-15 23:07:46,278] Trial 21 finished with value: 149.24644470214844 and parameters: {'gradient_clip_val': 0.2280998882120238, 'hidden_size': 10, 'dropout': 0.32312485539144, 'hidden_continuous_size': 7, 'attention_head_size': 3, 'learning_rate': 0.006021884629003717}. Best is trial 9 with value: 79.01024627685547.
LOCAL_RANK: 0 - CUDA_VISIBLE_DEVICES: [0]
