[I 2023-12-26 15:45:32,228] Trial 33 finished with value: 3.967928171157837 and parameters: {'gradient_clip_val': 0.1410909444555157, 'hidden_size': 89, 'dropout': 0.3244798649242247, 'hidden_continuous_size': 18, 'attention_head_size': 3, 'learning_rate': 0.001798940026266949}. Best is trial 0 with value: 0.21486078202724457.
[I 2023-12-26 15:45:41,068] Trial 34 finished with value: 4.703210830688477 and parameters: {'gradient_clip_val': 0.1656891337526528, 'hidden_size': 123, 'dropout': 0.32008181137804936, 'hidden_continuous_size': 17, 'attention_head_size': 4, 'learning_rate': 0.0007183140477772641}. Best is trial 0 with value: 0.21486078202724457.
[I 2023-12-26 15:45:45,572] Trial 35 finished with value: 3.487043619155884 and parameters: {'gradient_clip_val': 0.1143925809872501, 'hidden_size': 71, 'dropout': 0.3627825815380581, 'hidden_continuous_size': 12, 'attention_head_size': 2, 'learning_rate': 0.011229923878407424}. Best is trial 0 with value: 0.21486078202724457.
[I 2023-12-26 15:45:54,685] Trial 36 finished with value: 3.62884783744812 and parameters: {'gradient_clip_val': 0.14149260491499516, 'hidden_size': 126, 'dropout': 0.28735507848970615, 'hidden_continuous_size': 28, 'attention_head_size': 3, 'learning_rate': 0.0014872457792902694}. Best is trial 0 with value: 0.21486078202724457.
[I 2023-12-26 15:46:05,444] Trial 37 finished with value: 3.332935094833374 and parameters: {'gradient_clip_val': 0.16103312746305826, 'hidden_size': 150, 'dropout': 0.3981809553641427, 'hidden_continuous_size': 19, 'attention_head_size': 4, 'learning_rate': 0.0024011884299299418}. Best is trial 0 with value: 0.21486078202724457.
[I 2023-12-26 15:46:12,059] Trial 38 finished with value: 5.393014430999756 and parameters: {'gradient_clip_val': 0.19505736035015883, 'hidden_size': 98, 'dropout': 0.32623210866495544, 'hidden_continuous_size': 16, 'attention_head_size': 2, 'learning_rate': 0.001092629813161287}. Best is trial 0 with value: 0.21486078202724457.
[I 2023-12-26 15:46:20,589] Trial 39 finished with value: 2.516850471496582 and parameters: {'gradient_clip_val': 0.12904079058161147, 'hidden_size': 108, 'dropout': 0.2950108989399892, 'hidden_continuous_size': 10, 'attention_head_size': 3, 'learning_rate': 0.0006311538463645624}. Best is trial 0 with value: 0.21486078202724457.
[I 2023-12-26 15:46:23,130] Trial 40 finished with value: 3.930999517440796 and parameters: {'gradient_clip_val': 0.13465077396022584, 'hidden_size': 22, 'dropout': 0.28997551382062603, 'hidden_continuous_size': 9, 'attention_head_size': 4, 'learning_rate': 0.0006255442301826341}. Best is trial 0 with value: 0.21486078202724457.
[I 2023-12-26 15:46:31,162] Trial 41 finished with value: 2.922546625137329 and parameters: {'gradient_clip_val': 0.11649088378474043, 'hidden_size': 105, 'dropout': 0.3487034562461481, 'hidden_continuous_size': 14, 'attention_head_size': 3, 'learning_rate': 0.00065822573297963}. Best is trial 0 with value: 0.21486078202724457.
[I 2023-12-26 15:46:37,054] Trial 42 finished with value: 3.1867692470550537 and parameters: {'gradient_clip_val': 0.11315929061965581, 'hidden_size': 85, 'dropout': 0.3096057226153581, 'hidden_continuous_size': 15, 'attention_head_size': 3, 'learning_rate': 0.0006473314537383843}. Best is trial 0 with value: 0.21486078202724457.
[I 2023-12-26 15:46:44,496] Trial 43 finished with value: 4.05462646484375 and parameters: {'gradient_clip_val': 0.12675424625860182, 'hidden_size': 103, 'dropout': 0.348172102013699, 'hidden_continuous_size': 8, 'attention_head_size': 3, 'learning_rate': 0.0005248129497171289}. Best is trial 0 with value: 0.21486078202724457.
[I 2023-12-26 15:46:50,148] Trial 44 finished with value: 4.488983154296875 and parameters: {'gradient_clip_val': 0.10205359897538661, 'hidden_size': 70, 'dropout': 0.33058962328976305, 'hidden_continuous_size': 10, 'attention_head_size': 3, 'learning_rate': 0.0008556000749497259}. Best is trial 0 with value: 0.21486078202724457.
[I 2023-12-26 15:46:57,842] Trial 45 finished with value: 3.5692827701568604 and parameters: {'gradient_clip_val': 0.1794926209188263, 'hidden_size': 107, 'dropout': 0.3777478605860234, 'hidden_continuous_size': 14, 'attention_head_size': 2, 'learning_rate': 0.0006284061779598694}. Best is trial 0 with value: 0.21486078202724457.
[I 2023-12-26 15:47:03,272] Trial 46 finished with value: 4.179318904876709 and parameters: {'gradient_clip_val': 0.12907485167844102, 'hidden_size': 79, 'dropout': 0.2540222003118638, 'hidden_continuous_size': 7, 'attention_head_size': 3, 'learning_rate': 0.000976555197985712}. Best is trial 0 with value: 0.21486078202724457.
[I 2023-12-26 15:47:08,966] Trial 47 finished with value: 3.153339385986328 and parameters: {'gradient_clip_val': 0.14576535518313766, 'hidden_size': 63, 'dropout': 0.3000760329694158, 'hidden_continuous_size': 5, 'attention_head_size': 2, 'learning_rate': 0.0007624949251387843}. Best is trial 0 with value: 0.21486078202724457.
[I 2023-12-26 15:47:15,096] Trial 48 finished with value: 2.8849494457244873 and parameters: {'gradient_clip_val': 0.11421824004605807, 'hidden_size': 94, 'dropout': 0.3878591977885057, 'hidden_continuous_size': 23, 'attention_head_size': 3, 'learning_rate': 0.0005061445418934397}. Best is trial 0 with value: 0.21486078202724457.
[I 2023-12-26 15:47:18,586] Trial 49 finished with value: 4.141825199127197 and parameters: {'gradient_clip_val': 0.13162651091510202, 'hidden_size': 51, 'dropout': 0.393872595136995, 'hidden_continuous_size': 20, 'attention_head_size': 4, 'learning_rate': 0.0005033758987620496}. Best is trial 0 with value: 0.21486078202724457.
[I 2023-12-26 15:47:18,711] A new study created in memory with name: no-name-719fb0a0-5691-4a91-a330-041e3703370c
/home/le004/conda/anaconda3/envs/tsff_env/lib/python3.9/site-packages/lightning/fabric/plugins/environments/slurm.py:191: The `srun` command is available on your system but is not used. HINT: If your intention is to run Lightning on SLURM, prepend your python command with `srun` like so: srun python /home/le004/master_thesis/git/TSFusionForecast/code/ ...
[I 2023-12-26 15:51:24,721] Trial 0 finished with value: 0.20204651355743408 and parameters: {'gradient_clip_val': 0.20292126633900065, 'hidden_size': 8, 'dropout': 0.2036872881821289, 'hidden_continuous_size': 5, 'attention_head_size': 3, 'learning_rate': 0.002304238356372024}. Best is trial 0 with value: 0.20204651355743408.
[I 2023-12-26 15:51:26,821] Trial 1 finished with value: 3.6914279460906982 and parameters: {'gradient_clip_val': 0.33939075801081303, 'hidden_size': 10, 'dropout': 0.35260273207760573, 'hidden_continuous_size': 9, 'attention_head_size': 4, 'learning_rate': 0.027486387843808302}. Best is trial 0 with value: 0.20204651355743408.
[I 2023-12-26 15:51:30,574] Trial 2 finished with value: 2.754901647567749 and parameters: {'gradient_clip_val': 0.3684440528326494, 'hidden_size': 58, 'dropout': 0.19447843648869678, 'hidden_continuous_size': 5, 'attention_head_size': 2, 'learning_rate': 0.044294532634998225}. Best is trial 0 with value: 0.20204651355743408.
[I 2023-12-26 15:51:34,980] Trial 3 finished with value: 2.8588974475860596 and parameters: {'gradient_clip_val': 0.1879398459015611, 'hidden_size': 67, 'dropout': 0.35806919791945824, 'hidden_continuous_size': 13, 'attention_head_size': 3, 'learning_rate': 0.008374309273040503}. Best is trial 0 with value: 0.20204651355743408.
[I 2023-12-26 15:51:38,701] Trial 4 finished with value: 2.066110849380493 and parameters: {'gradient_clip_val': 0.433676841732971, 'hidden_size': 49, 'dropout': 0.46279239796373817, 'hidden_continuous_size': 39, 'attention_head_size': 4, 'learning_rate': 0.0005227885722958027}. Best is trial 0 with value: 0.20204651355743408.
[I 2023-12-26 15:51:40,692] Trial 5 finished with value: 2.9758450984954834 and parameters: {'gradient_clip_val': 0.7796515616008989, 'hidden_size': 11, 'dropout': 0.16027488427032377, 'hidden_continuous_size': 6, 'attention_head_size': 1, 'learning_rate': 0.001197810522320858}. Best is trial 0 with value: 0.20204651355743408.
[I 2023-12-26 15:51:43,129] Trial 6 finished with value: 2.531952381134033 and parameters: {'gradient_clip_val': 0.5726467399510734, 'hidden_size': 28, 'dropout': 0.19499622745489878, 'hidden_continuous_size': 9, 'attention_head_size': 3, 'learning_rate': 0.011766286489309273}. Best is trial 0 with value: 0.20204651355743408.
[I 2023-12-26 15:51:45,683] Trial 7 finished with value: 3.0758941173553467 and parameters: {'gradient_clip_val': 0.9156729514669871, 'hidden_size': 28, 'dropout': 0.32191798877208677, 'hidden_continuous_size': 26, 'attention_head_size': 2, 'learning_rate': 0.008399719602813209}. Best is trial 0 with value: 0.20204651355743408.
[I 2023-12-26 15:51:49,290] Trial 8 finished with value: 2.7242519855499268 and parameters: {'gradient_clip_val': 0.24546655624338065, 'hidden_size': 58, 'dropout': 0.3559619476865814, 'hidden_continuous_size': 5, 'attention_head_size': 2, 'learning_rate': 0.0011883507181212594}. Best is trial 0 with value: 0.20204651355743408.
[I 2023-12-26 15:51:51,183] Trial 9 finished with value: 3.304774522781372 and parameters: {'gradient_clip_val': 0.1549454260505273, 'hidden_size': 7, 'dropout': 0.2164964528344523, 'hidden_continuous_size': 6, 'attention_head_size': 1, 'learning_rate': 0.02567836265707459}. Best is trial 0 with value: 0.20204651355743408.
[I 2023-12-26 15:51:52,948] Trial 10 finished with value: 3.407893180847168 and parameters: {'gradient_clip_val': 0.10720417694016467, 'hidden_size': 5, 'dropout': 0.25145221548424007, 'hidden_continuous_size': 5, 'attention_head_size': 3, 'learning_rate': 0.0028128309559621663}. Best is trial 0 with value: 0.20204651355743408.
[I 2023-12-26 15:52:00,306] Trial 11 finished with value: 3.1710386276245117 and parameters: {'gradient_clip_val': 0.4519253250501418, 'hidden_size': 106, 'dropout': 0.47523573062080576, 'hidden_continuous_size': 53, 'attention_head_size': 4, 'learning_rate': 0.0005336574836889196}. Best is trial 0 with value: 0.20204651355743408.
[I 2023-12-26 15:52:02,437] Trial 12 finished with value: 3.0683164596557617 and parameters: {'gradient_clip_val': 0.2748499808804688, 'hidden_size': 17, 'dropout': 0.10150363789911429, 'hidden_continuous_size': 7, 'attention_head_size': 4, 'learning_rate': 0.0030209101029433113}. Best is trial 0 with value: 0.20204651355743408.
[I 2023-12-26 15:52:04,573] Trial 13 finished with value: 3.1497983932495117 and parameters: {'gradient_clip_val': 0.46144563214583373, 'hidden_size': 17, 'dropout': 0.49106232417648343, 'hidden_continuous_size': 8, 'attention_head_size': 4, 'learning_rate': 0.0006023357820622226}. Best is trial 0 with value: 0.20204651355743408.
[I 2023-12-26 15:52:06,363] Trial 14 finished with value: 2.838890314102173 and parameters: {'gradient_clip_val': 0.2278654749144363, 'hidden_size': 5, 'dropout': 0.4312256769837813, 'hidden_continuous_size': 5, 'attention_head_size': 3, 'learning_rate': 0.0031299058574995263}. Best is trial 0 with value: 0.20204651355743408.
[I 2023-12-26 15:52:09,354] Trial 15 finished with value: 2.5539190769195557 and parameters: {'gradient_clip_val': 0.3302120337237016, 'hidden_size': 42, 'dropout': 0.27385021076410204, 'hidden_continuous_size': 18, 'attention_head_size': 4, 'learning_rate': 0.08686293902201338}. Best is trial 0 with value: 0.20204651355743408.
[I 2023-12-26 15:52:16,194] Trial 16 finished with value: 3.271801710128784 and parameters: {'gradient_clip_val': 0.17358762794341023, 'hidden_size': 100, 'dropout': 0.4164810078394993, 'hidden_continuous_size': 41, 'attention_head_size': 3, 'learning_rate': 0.0012076327569140784}. Best is trial 0 with value: 0.20204651355743408.
[I 2023-12-26 15:52:26,747] Trial 17 finished with value: 2.660583734512329 and parameters: {'gradient_clip_val': 0.6289908281151882, 'hidden_size': 145, 'dropout': 0.286568786749266, 'hidden_continuous_size': 111, 'attention_head_size': 4, 'learning_rate': 0.001635104469461014}. Best is trial 0 with value: 0.20204651355743408.
[I 2023-12-26 15:52:29,588] Trial 18 finished with value: 3.8845999240875244 and parameters: {'gradient_clip_val': 0.27221643347996755, 'hidden_size': 37, 'dropout': 0.24433767789873875, 'hidden_continuous_size': 11, 'attention_head_size': 3, 'learning_rate': 0.0005375413781389637}. Best is trial 0 with value: 0.20204651355743408.
[I 2023-12-26 15:52:31,708] Trial 19 finished with value: 3.7569048404693604 and parameters: {'gradient_clip_val': 0.40765999214072635, 'hidden_size': 17, 'dropout': 0.3123469186176209, 'hidden_continuous_size': 6, 'attention_head_size': 2, 'learning_rate': 0.004893766184950932}. Best is trial 0 with value: 0.20204651355743408.
[I 2023-12-26 15:52:33,969] Trial 20 finished with value: 3.6599559783935547 and parameters: {'gradient_clip_val': 0.5280181135915812, 'hidden_size': 21, 'dropout': 0.41474318909996566, 'hidden_continuous_size': 7, 'attention_head_size': 4, 'learning_rate': 0.000879875448388978}. Best is trial 0 with value: 0.20204651355743408.
[I 2023-12-26 15:52:36,447] Trial 21 finished with value: 2.6196892261505127 and parameters: {'gradient_clip_val': 0.5967207471946611, 'hidden_size': 27, 'dropout': 0.17444724275994442, 'hidden_continuous_size': 10, 'attention_head_size': 3, 'learning_rate': 0.010301281456635796}. Best is trial 0 with value: 0.20204651355743408.
[I 2023-12-26 15:52:39,122] Trial 22 finished with value: 2.6839702129364014 and parameters: {'gradient_clip_val': 0.6915501815535586, 'hidden_size': 36, 'dropout': 0.2309815900901581, 'hidden_continuous_size': 12, 'attention_head_size': 3, 'learning_rate': 0.0019312247814870375}. Best is trial 0 with value: 0.20204651355743408.
[I 2023-12-26 15:52:41,241] Trial 23 finished with value: 2.980325937271118 and parameters: {'gradient_clip_val': 0.5229531150857231, 'hidden_size': 13, 'dropout': 0.15283437672063896, 'hidden_continuous_size': 6, 'attention_head_size': 3, 'learning_rate': 0.0053123604229487415}. Best is trial 0 with value: 0.20204651355743408.
[I 2023-12-26 15:52:43,605] Trial 24 finished with value: 3.3598687648773193 and parameters: {'gradient_clip_val': 0.3875927231777922, 'hidden_size': 25, 'dropout': 0.2050146291520346, 'hidden_continuous_size': 9, 'attention_head_size': 2, 'learning_rate': 0.0008214346347729623}. Best is trial 0 with value: 0.20204651355743408.
[I 2023-12-26 15:52:45,577] Trial 25 finished with value: 4.01607084274292 and parameters: {'gradient_clip_val': 0.9681450510170916, 'hidden_size': 7, 'dropout': 0.26079104261334524, 'hidden_continuous_size': 5, 'attention_head_size': 3, 'learning_rate': 0.014280400764763584}. Best is trial 0 with value: 0.20204651355743408.
[I 2023-12-26 15:52:48,702] Trial 26 finished with value: 2.563185214996338 and parameters: {'gradient_clip_val': 0.501472144957622, 'hidden_size': 45, 'dropout': 0.2886869806522263, 'hidden_continuous_size': 16, 'attention_head_size': 4, 'learning_rate': 0.004496539687185107}. Best is trial 0 with value: 0.20204651355743408.
[I 2023-12-26 15:52:51,318] Trial 27 finished with value: 2.9863598346710205 and parameters: {'gradient_clip_val': 0.41183057190956673, 'hidden_size': 31, 'dropout': 0.2322099821818816, 'hidden_continuous_size': 8, 'attention_head_size': 3, 'learning_rate': 0.0017962178164522894}. Best is trial 0 with value: 0.20204651355743408.
[I 2023-12-26 15:52:53,871] Trial 28 finished with value: 3.004998207092285 and parameters: {'gradient_clip_val': 0.2930010046641618, 'hidden_size': 23, 'dropout': 0.13130303324258807, 'hidden_continuous_size': 10, 'attention_head_size': 2, 'learning_rate': 0.01207252164071892}. Best is trial 0 with value: 0.20204651355743408.
[I 2023-12-26 15:52:56,082] Trial 29 finished with value: 3.239919900894165 and parameters: {'gradient_clip_val': 0.342705376807781, 'hidden_size': 20, 'dropout': 0.1978540267264876, 'hidden_continuous_size': 8, 'attention_head_size': 4, 'learning_rate': 0.006634382569904441}. Best is trial 0 with value: 0.20204651355743408.
[I 2023-12-26 15:52:58,240] Trial 30 finished with value: 3.5842082500457764 and parameters: {'gradient_clip_val': 0.5832096005940974, 'hidden_size': 14, 'dropout': 0.3266376177217595, 'hidden_continuous_size': 7, 'attention_head_size': 4, 'learning_rate': 0.0007826737874826854}. Best is trial 0 with value: 0.20204651355743408.
[I 2023-12-26 15:53:01,110] Trial 31 finished with value: 3.8331048488616943 and parameters: {'gradient_clip_val': 0.3104223787634381, 'hidden_size': 44, 'dropout': 0.26371181580088304, 'hidden_continuous_size': 18, 'attention_head_size': 4, 'learning_rate': 0.08159907525179548}. Best is trial 0 with value: 0.20204651355743408.
[I 2023-12-26 15:53:03,849] Trial 32 finished with value: 2.5698182582855225 and parameters: {'gradient_clip_val': 0.344402615640203, 'hidden_size': 31, 'dropout': 0.1847187539815308, 'hidden_continuous_size': 13, 'attention_head_size': 4, 'learning_rate': 0.01826316833607985}. Best is trial 0 with value: 0.20204651355743408.
[I 2023-12-26 15:53:07,178] Trial 33 finished with value: 3.393186330795288 and parameters: {'gradient_clip_val': 0.3693013560412863, 'hidden_size': 47, 'dropout': 0.2100014808164775, 'hidden_continuous_size': 17, 'attention_head_size': 4, 'learning_rate': 0.03627154906973573}. Best is trial 0 with value: 0.20204651355743408.
[I 2023-12-26 15:53:12,673] Trial 34 finished with value: 3.6536922454833984 and parameters: {'gradient_clip_val': 0.31871954452902096, 'hidden_size': 62, 'dropout': 0.27995530298121435, 'hidden_continuous_size': 21, 'attention_head_size': 3, 'learning_rate': 0.09892454897549241}. Best is trial 0 with value: 0.20204651355743408.
[I 2023-12-26 15:53:16,436] Trial 35 finished with value: 3.371358633041382 and parameters: {'gradient_clip_val': 0.44745940785941307, 'hidden_size': 40, 'dropout': 0.22609117762640163, 'hidden_continuous_size': 12, 'attention_head_size': 4, 'learning_rate': 0.05579657503873261}. Best is trial 0 with value: 0.20204651355743408.
[I 2023-12-26 15:53:20,886] Trial 36 finished with value: 3.383678674697876 and parameters: {'gradient_clip_val': 0.7964057283588061, 'hidden_size': 51, 'dropout': 0.3363540310606827, 'hidden_continuous_size': 14, 'attention_head_size': 1, 'learning_rate': 0.01800187554815225}. Best is trial 0 with value: 0.20204651355743408.
[I 2023-12-26 15:53:23,375] Trial 37 finished with value: 3.664971351623535 and parameters: {'gradient_clip_val': 0.22498812408128666, 'hidden_size': 32, 'dropout': 0.38185502192875076, 'hidden_continuous_size': 11, 'attention_head_size': 3, 'learning_rate': 0.007847837035700337}. Best is trial 0 with value: 0.20204651355743408.
[I 2023-12-26 15:53:28,789] Trial 38 finished with value: 3.298919439315796 and parameters: {'gradient_clip_val': 0.39678585271798267, 'hidden_size': 70, 'dropout': 0.296915297487408, 'hidden_continuous_size': 27, 'attention_head_size': 2, 'learning_rate': 0.03809806469998335}. Best is trial 0 with value: 0.20204651355743408.
[I 2023-12-26 15:53:30,780] Trial 39 finished with value: 3.374469041824341 and parameters: {'gradient_clip_val': 0.33323454407397574, 'hidden_size': 10, 'dropout': 0.27370843240804343, 'hidden_continuous_size': 6, 'attention_head_size': 4, 'learning_rate': 0.05573996436008388}. Best is trial 0 with value: 0.20204651355743408.
[I 2023-12-26 15:53:33,310] Trial 40 finished with value: 2.7083816528320312 and parameters: {'gradient_clip_val': 0.251481658451405, 'hidden_size': 25, 'dropout': 0.2550675774741993, 'hidden_continuous_size': 9, 'attention_head_size': 3, 'learning_rate': 0.026436764437768545}. Best is trial 0 with value: 0.20204651355743408.
[I 2023-12-26 15:53:37,232] Trial 41 finished with value: 3.15002703666687 and parameters: {'gradient_clip_val': 0.4976069671472967, 'hidden_size': 53, 'dropout': 0.3049387136647958, 'hidden_continuous_size': 14, 'attention_head_size': 4, 'learning_rate': 0.003792556923686695}. Best is trial 0 with value: 0.20204651355743408.
[I 2023-12-26 15:53:41,457] Trial 42 finished with value: 4.21829891204834 and parameters: {'gradient_clip_val': 0.47840774433878075, 'hidden_size': 43, 'dropout': 0.28551358161643414, 'hidden_continuous_size': 15, 'attention_head_size': 4, 'learning_rate': 0.005691773564699972}. Best is trial 0 with value: 0.20204651355743408.
[I 2023-12-26 15:53:45,191] Trial 43 finished with value: 3.357102155685425 and parameters: {'gradient_clip_val': 0.5312451719381247, 'hidden_size': 38, 'dropout': 0.3423280030746795, 'hidden_continuous_size': 15, 'attention_head_size': 4, 'learning_rate': 0.003940257672951161}. Best is trial 0 with value: 0.20204651355743408.
[I 2023-12-26 15:53:51,239] Trial 44 finished with value: 3.5606296062469482 and parameters: {'gradient_clip_val': 0.44263034606747176, 'hidden_size': 68, 'dropout': 0.31188424303860246, 'hidden_continuous_size': 23, 'attention_head_size': 4, 'learning_rate': 0.0024474242844974257}. Best is trial 0 with value: 0.20204651355743408.
[I 2023-12-26 15:53:54,956] Trial 45 finished with value: 2.6891210079193115 and parameters: {'gradient_clip_val': 0.36428237327956664, 'hidden_size': 33, 'dropout': 0.24249469936117915, 'hidden_continuous_size': 17, 'attention_head_size': 4, 'learning_rate': 0.0023301957606405004}. Best is trial 0 with value: 0.20204651355743408.
[I 2023-12-26 15:53:57,793] Trial 46 finished with value: 2.6378843784332275 and parameters: {'gradient_clip_val': 0.658989780354123, 'hidden_size': 28, 'dropout': 0.21995816155953313, 'hidden_continuous_size': 12, 'attention_head_size': 3, 'learning_rate': 0.0014182948758980837}. Best is trial 0 with value: 0.20204651355743408.
[I 2023-12-26 15:54:01,720] Trial 47 finished with value: 2.9020774364471436 and parameters: {'gradient_clip_val': 0.5835417107400661, 'hidden_size': 54, 'dropout': 0.18871725635820497, 'hidden_continuous_size': 18, 'attention_head_size': 4, 'learning_rate': 0.009077884574566744}. Best is trial 0 with value: 0.20204651355743408.
