[I 2023-12-16 12:33:42,573] Trial 1 finished with value: 1142.950439453125 and parameters: {'gradient_clip_val': 0.3474717339694833, 'hidden_size': 47, 'dropout': 0.3212484152468244, 'hidden_continuous_size': 9, 'attention_head_size': 1, 'learning_rate': 0.0010416778162224839}. Best is trial 0 with value: 845.2962036132812.
LOCAL_RANK: 0 - CUDA_VISIBLE_DEVICES: [0]
[I 2023-12-16 12:34:19,038] Trial 2 finished with value: 2453.7509765625 and parameters: {'gradient_clip_val': 0.3398090196767183, 'hidden_size': 5, 'dropout': 0.12695691832427466, 'hidden_continuous_size': 5, 'attention_head_size': 2, 'learning_rate': 0.00087384071074606}. Best is trial 0 with value: 845.2962036132812.
LOCAL_RANK: 0 - CUDA_VISIBLE_DEVICES: [0]
[I 2023-12-16 12:35:11,822] Trial 3 finished with value: 692.777099609375 and parameters: {'gradient_clip_val': 0.4061257231168216, 'hidden_size': 67, 'dropout': 0.22347692624868826, 'hidden_continuous_size': 5, 'attention_head_size': 4, 'learning_rate': 0.000613330636331604}. Best is trial 3 with value: 692.777099609375.
LOCAL_RANK: 0 - CUDA_VISIBLE_DEVICES: [0]
[I 2023-12-16 12:35:57,773] Trial 4 finished with value: 855.8132934570312 and parameters: {'gradient_clip_val': 0.35373482760022146, 'hidden_size': 6, 'dropout': 0.15165204613138555, 'hidden_continuous_size': 5, 'attention_head_size': 2, 'learning_rate': 0.022116107633729176}. Best is trial 3 with value: 692.777099609375.
LOCAL_RANK: 0 - CUDA_VISIBLE_DEVICES: [0]
[I 2023-12-16 12:36:53,370] Trial 5 finished with value: 2435.591064453125 and parameters: {'gradient_clip_val': 0.9081896058490359, 'hidden_size': 89, 'dropout': 0.32290898829276593, 'hidden_continuous_size': 36, 'attention_head_size': 1, 'learning_rate': 0.001245688766764594}. Best is trial 3 with value: 692.777099609375.
LOCAL_RANK: 0 - CUDA_VISIBLE_DEVICES: [0]
[I 2023-12-16 12:37:42,614] Trial 6 finished with value: 1167.503173828125 and parameters: {'gradient_clip_val': 0.3660036445504936, 'hidden_size': 26, 'dropout': 0.1359043929124537, 'hidden_continuous_size': 11, 'attention_head_size': 1, 'learning_rate': 0.0005004389355347913}. Best is trial 3 with value: 692.777099609375.
LOCAL_RANK: 0 - CUDA_VISIBLE_DEVICES: [0]
[I 2023-12-16 12:38:28,337] Trial 7 finished with value: 1754.6031494140625 and parameters: {'gradient_clip_val': 0.7514946189679592, 'hidden_size': 10, 'dropout': 0.34531737289364656, 'hidden_continuous_size': 5, 'attention_head_size': 2, 'learning_rate': 0.0010227191791308996}. Best is trial 3 with value: 692.777099609375.
LOCAL_RANK: 0 - CUDA_VISIBLE_DEVICES: [0]
[I 2023-12-16 12:39:22,350] Trial 8 finished with value: 708.7610473632812 and parameters: {'gradient_clip_val': 0.5065201700422876, 'hidden_size': 62, 'dropout': 0.24861651516901853, 'hidden_continuous_size': 10, 'attention_head_size': 3, 'learning_rate': 0.03252285869004371}. Best is trial 3 with value: 692.777099609375.
LOCAL_RANK: 0 - CUDA_VISIBLE_DEVICES: [0]
[I 2023-12-16 12:40:15,645] Trial 9 finished with value: 993.78466796875 and parameters: {'gradient_clip_val': 0.5866687017967331, 'hidden_size': 45, 'dropout': 0.32333026737247095, 'hidden_continuous_size': 38, 'attention_head_size': 1, 'learning_rate': 0.04940339215816427}. Best is trial 3 with value: 692.777099609375.
LOCAL_RANK: 0 - CUDA_VISIBLE_DEVICES: [0]
[I 2023-12-16 12:41:14,753] Trial 10 finished with value: 855.4747924804688 and parameters: {'gradient_clip_val': 0.14990691375507775, 'hidden_size': 97, 'dropout': 0.20954896832620906, 'hidden_continuous_size': 95, 'attention_head_size': 4, 'learning_rate': 0.004275425013327033}. Best is trial 3 with value: 692.777099609375.
LOCAL_RANK: 0 - CUDA_VISIBLE_DEVICES: [0]
[I 2023-12-16 12:42:08,473] Trial 11 finished with value: 1223.7391357421875 and parameters: {'gradient_clip_val': 0.5354196361959043, 'hidden_size': 54, 'dropout': 0.24529276780047737, 'hidden_continuous_size': 8, 'attention_head_size': 4, 'learning_rate': 0.012495229757967009}. Best is trial 3 with value: 692.777099609375.
LOCAL_RANK: 0 - CUDA_VISIBLE_DEVICES: [0]
[I 2023-12-16 12:42:58,026] Trial 12 finished with value: 1840.7601318359375 and parameters: {'gradient_clip_val': 0.2213882026685537, 'hidden_size': 25, 'dropout': 0.2572864410184271, 'hidden_continuous_size': 7, 'attention_head_size': 3, 'learning_rate': 0.004837352078028331}. Best is trial 3 with value: 692.777099609375.
LOCAL_RANK: 0 - CUDA_VISIBLE_DEVICES: [0]
[I 2023-12-16 12:43:52,516] Trial 13 finished with value: 1122.6881103515625 and parameters: {'gradient_clip_val': 0.4901352303680438, 'hidden_size': 67, 'dropout': 0.1876601854177119, 'hidden_continuous_size': 12, 'attention_head_size': 3, 'learning_rate': 0.09634062447721492}. Best is trial 3 with value: 692.777099609375.
LOCAL_RANK: 0 - CUDA_VISIBLE_DEVICES: [0]
[I 2023-12-16 12:44:45,079] Trial 14 finished with value: 3067.705078125 and parameters: {'gradient_clip_val': 0.23706232903499072, 'hidden_size': 43, 'dropout': 0.2668697315874313, 'hidden_continuous_size': 7, 'attention_head_size': 4, 'learning_rate': 0.002479228118528827}. Best is trial 3 with value: 692.777099609375.
LOCAL_RANK: 0 - CUDA_VISIBLE_DEVICES: [0]
[I 2023-12-16 12:45:35,530] Trial 15 finished with value: 1279.7945556640625 and parameters: {'gradient_clip_val': 0.48457276118396925, 'hidden_size': 33, 'dropout': 0.21009242106189568, 'hidden_continuous_size': 9, 'attention_head_size': 3, 'learning_rate': 0.01011462314450833}. Best is trial 3 with value: 692.777099609375.
LOCAL_RANK: 0 - CUDA_VISIBLE_DEVICES: [0]
[I 2023-12-16 12:46:21,478] Trial 16 finished with value: 999.4075317382812 and parameters: {'gradient_clip_val': 0.11116307206608758, 'hidden_size': 16, 'dropout': 0.28295589358521617, 'hidden_continuous_size': 6, 'attention_head_size': 4, 'learning_rate': 0.0024507131577401232}. Best is trial 3 with value: 692.777099609375.
LOCAL_RANK: 0 - CUDA_VISIBLE_DEVICES: [0]
[I 2023-12-16 12:47:15,896] Trial 17 finished with value: 1395.5889892578125 and parameters: {'gradient_clip_val': 0.4364748697678426, 'hidden_size': 69, 'dropout': 0.17509314706761336, 'hidden_continuous_size': 13, 'attention_head_size': 3, 'learning_rate': 0.017678518813132687}. Best is trial 3 with value: 692.777099609375.
LOCAL_RANK: 0 - CUDA_VISIBLE_DEVICES: [0]
[I 2023-12-16 12:48:11,908] Trial 18 finished with value: 1557.5595703125 and parameters: {'gradient_clip_val': 0.26272667407749584, 'hidden_size': 100, 'dropout': 0.39884150572613364, 'hidden_continuous_size': 17, 'attention_head_size': 4, 'learning_rate': 0.008125057239239989}. Best is trial 3 with value: 692.777099609375.
LOCAL_RANK: 0 - CUDA_VISIBLE_DEVICES: [0]
[I 2023-12-16 12:49:02,508] Trial 19 finished with value: 1257.014404296875 and parameters: {'gradient_clip_val': 0.9795469135089893, 'hidden_size': 35, 'dropout': 0.10982281693791796, 'hidden_continuous_size': 6, 'attention_head_size': 3, 'learning_rate': 0.024357029122687814}. Best is trial 3 with value: 692.777099609375.
LOCAL_RANK: 0 - CUDA_VISIBLE_DEVICES: [0]
[I 2023-12-16 12:49:56,507] Trial 20 finished with value: 822.76025390625 and parameters: {'gradient_clip_val': 0.6183715039757993, 'hidden_size': 71, 'dropout': 0.24637098033687505, 'hidden_continuous_size': 10, 'attention_head_size': 4, 'learning_rate': 0.005752947282787254}. Best is trial 3 with value: 692.777099609375.
LOCAL_RANK: 0 - CUDA_VISIBLE_DEVICES: [0]
[I 2023-12-16 12:50:50,281] Trial 21 finished with value: 990.7771606445312 and parameters: {'gradient_clip_val': 0.6727953865542381, 'hidden_size': 67, 'dropout': 0.23797010485065617, 'hidden_continuous_size': 10, 'attention_head_size': 4, 'learning_rate': 0.005954513362264426}. Best is trial 3 with value: 692.777099609375.
LOCAL_RANK: 0 - CUDA_VISIBLE_DEVICES: [0]
[I 2023-12-16 12:51:44,814] Trial 22 finished with value: 983.4273071289062 and parameters: {'gradient_clip_val': 0.4181207714026777, 'hidden_size': 59, 'dropout': 0.22818007031683543, 'hidden_continuous_size': 8, 'attention_head_size': 4, 'learning_rate': 0.003187296837716328}. Best is trial 3 with value: 692.777099609375.
LOCAL_RANK: 0 - CUDA_VISIBLE_DEVICES: [0]
[I 2023-12-16 12:52:38,945] Trial 23 finished with value: 565.6829223632812 and parameters: {'gradient_clip_val': 0.5746678323384903, 'hidden_size': 77, 'dropout': 0.2799585393596129, 'hidden_continuous_size': 15, 'attention_head_size': 3, 'learning_rate': 0.006910582680060728}. Best is trial 23 with value: 565.6829223632812.
LOCAL_RANK: 0 - CUDA_VISIBLE_DEVICES: [0]
[I 2023-12-16 12:53:33,477] Trial 24 finished with value: 1332.30126953125 and parameters: {'gradient_clip_val': 0.5458262473190927, 'hidden_size': 79, 'dropout': 0.2783586303788944, 'hidden_continuous_size': 14, 'attention_head_size': 3, 'learning_rate': 0.0018276531032737655}. Best is trial 23 with value: 565.6829223632812.
LOCAL_RANK: 0 - CUDA_VISIBLE_DEVICES: [0]
[I 2023-12-16 12:54:26,338] Trial 25 finished with value: 977.212890625 and parameters: {'gradient_clip_val': 0.4302472640770702, 'hidden_size': 56, 'dropout': 0.2889354103885232, 'hidden_continuous_size': 16, 'attention_head_size': 3, 'learning_rate': 0.01266438528754295}. Best is trial 23 with value: 565.6829223632812.
LOCAL_RANK: 0 - CUDA_VISIBLE_DEVICES: [0]
[I 2023-12-16 12:55:21,678] Trial 26 finished with value: 644.2945556640625 and parameters: {'gradient_clip_val': 0.7606081031964418, 'hidden_size': 82, 'dropout': 0.21794774521660576, 'hidden_continuous_size': 19, 'attention_head_size': 3, 'learning_rate': 0.007909419228319736}. Best is trial 23 with value: 565.6829223632812.
LOCAL_RANK: 0 - CUDA_VISIBLE_DEVICES: [0]
[I 2023-12-16 12:56:16,266] Trial 27 finished with value: 1116.6414794921875 and parameters: {'gradient_clip_val': 0.7601607928289686, 'hidden_size': 83, 'dropout': 0.2142811365879906, 'hidden_continuous_size': 22, 'attention_head_size': 2, 'learning_rate': 0.007702878560738816}. Best is trial 23 with value: 565.6829223632812.
LOCAL_RANK: 0 - CUDA_VISIBLE_DEVICES: [0]
[I 2023-12-16 12:57:11,330] Trial 28 finished with value: 1937.8560791015625 and parameters: {'gradient_clip_val': 0.6096040566531826, 'hidden_size': 100, 'dropout': 0.18478289221720498, 'hidden_continuous_size': 19, 'attention_head_size': 3, 'learning_rate': 0.004069452004172705}. Best is trial 23 with value: 565.6829223632812.
LOCAL_RANK: 0 - CUDA_VISIBLE_DEVICES: [0]
[I 2023-12-16 12:58:05,788] Trial 29 finished with value: 822.655029296875 and parameters: {'gradient_clip_val': 0.8104222530822405, 'hidden_size': 78, 'dropout': 0.22301707628814857, 'hidden_continuous_size': 24, 'attention_head_size': 2, 'learning_rate': 0.007411086402786661}. Best is trial 23 with value: 565.6829223632812.
LOCAL_RANK: 0 - CUDA_VISIBLE_DEVICES: [0]
[I 2023-12-16 12:58:58,984] Trial 30 finished with value: 617.76318359375 and parameters: {'gradient_clip_val': 0.6824442850018562, 'hidden_size': 52, 'dropout': 0.2940554274412379, 'hidden_continuous_size': 12, 'attention_head_size': 3, 'learning_rate': 0.001567154263771064}. Best is trial 23 with value: 565.6829223632812.
LOCAL_RANK: 0 - CUDA_VISIBLE_DEVICES: [0]
[I 2023-12-16 12:59:52,939] Trial 31 finished with value: 869.8882446289062 and parameters: {'gradient_clip_val': 0.6775413495021592, 'hidden_size': 54, 'dropout': 0.2966270700055662, 'hidden_continuous_size': 15, 'attention_head_size': 3, 'learning_rate': 0.0005016155328301095}. Best is trial 23 with value: 565.6829223632812.
LOCAL_RANK: 0 - CUDA_VISIBLE_DEVICES: [0]
[I 2023-12-16 13:00:47,537] Trial 32 finished with value: 954.5071411132812 and parameters: {'gradient_clip_val': 0.8114120666771119, 'hidden_size': 79, 'dropout': 0.3040662018558384, 'hidden_continuous_size': 12, 'attention_head_size': 3, 'learning_rate': 0.001483165859365073}. Best is trial 23 with value: 565.6829223632812.
LOCAL_RANK: 0 - CUDA_VISIBLE_DEVICES: [0]
[I 2023-12-16 13:01:41,078] Trial 33 finished with value: 596.4938354492188 and parameters: {'gradient_clip_val': 0.6929842505707534, 'hidden_size': 46, 'dropout': 0.2666325152165391, 'hidden_continuous_size': 13, 'attention_head_size': 3, 'learning_rate': 0.0007536344085991973}. Best is trial 23 with value: 565.6829223632812.
LOCAL_RANK: 0 - CUDA_VISIBLE_DEVICES: [0]
[I 2023-12-16 13:02:33,329] Trial 34 finished with value: 1207.9935302734375 and parameters: {'gradient_clip_val': 0.9203154502822485, 'hidden_size': 44, 'dropout': 0.2624091647842859, 'hidden_continuous_size': 14, 'attention_head_size': 3, 'learning_rate': 0.0007748569229014011}. Best is trial 23 with value: 565.6829223632812.
LOCAL_RANK: 0 - CUDA_VISIBLE_DEVICES: [0]
[I 2023-12-16 13:03:26,345] Trial 35 finished with value: 623.5732421875 and parameters: {'gradient_clip_val': 0.6534046954378933, 'hidden_size': 51, 'dropout': 0.264410570744695, 'hidden_continuous_size': 13, 'attention_head_size': 2, 'learning_rate': 0.0007889130908774641}. Best is trial 23 with value: 565.6829223632812.
LOCAL_RANK: 0 - CUDA_VISIBLE_DEVICES: [0]
[I 2023-12-16 13:04:18,290] Trial 36 finished with value: 2337.262939453125 and parameters: {'gradient_clip_val': 0.6700868486730377, 'hidden_size': 38, 'dropout': 0.30519134292328953, 'hidden_continuous_size': 13, 'attention_head_size': 2, 'learning_rate': 0.0007761374873044722}. Best is trial 23 with value: 565.6829223632812.
LOCAL_RANK: 0 - CUDA_VISIBLE_DEVICES: [0]
[I 2023-12-16 13:05:11,508] Trial 37 finished with value: 824.9375610351562 and parameters: {'gradient_clip_val': 0.8769114803912821, 'hidden_size': 49, 'dropout': 0.2766505167537978, 'hidden_continuous_size': 11, 'attention_head_size': 2, 'learning_rate': 0.0012546731999903847}. Best is trial 23 with value: 565.6829223632812.
LOCAL_RANK: 0 - CUDA_VISIBLE_DEVICES: [0]
[I 2023-12-16 13:06:05,177] Trial 38 finished with value: 1079.5810546875 and parameters: {'gradient_clip_val': 0.9994773348551419, 'hidden_size': 51, 'dropout': 0.26850924841967366, 'hidden_continuous_size': 12, 'attention_head_size': 2, 'learning_rate': 0.0007342434407190898}. Best is trial 23 with value: 565.6829223632812.
LOCAL_RANK: 0 - CUDA_VISIBLE_DEVICES: [0]
[I 2023-12-16 13:06:53,995] Trial 39 finished with value: 674.3978881835938 and parameters: {'gradient_clip_val': 0.5818647658137172, 'hidden_size': 32, 'dropout': 0.3134461835874848, 'hidden_continuous_size': 11, 'attention_head_size': 2, 'learning_rate': 0.0010928109568745104}. Best is trial 23 with value: 565.6829223632812.
LOCAL_RANK: 0 - CUDA_VISIBLE_DEVICES: [0]
[I 2023-12-16 13:07:46,406] Trial 40 finished with value: 1289.2166748046875 and parameters: {'gradient_clip_val': 0.6577753822586102, 'hidden_size': 41, 'dropout': 0.29048570629075426, 'hidden_continuous_size': 14, 'attention_head_size': 1, 'learning_rate': 0.001645629831689575}. Best is trial 23 with value: 565.6829223632812.
LOCAL_RANK: 0 - CUDA_VISIBLE_DEVICES: [0]
[I 2023-12-16 13:08:40,008] Trial 41 finished with value: 1126.6959228515625 and parameters: {'gradient_clip_val': 0.7487476068388018, 'hidden_size': 60, 'dropout': 0.2593379328981938, 'hidden_continuous_size': 17, 'attention_head_size': 3, 'learning_rate': 0.0008365564531584792}. Best is trial 23 with value: 565.6829223632812.
LOCAL_RANK: 0 - CUDA_VISIBLE_DEVICES: [0]
[I 2023-12-16 13:09:34,096] Trial 42 finished with value: 495.22509765625 and parameters: {'gradient_clip_val': 0.817434160074939, 'hidden_size': 49, 'dropout': 0.23329925920968783, 'hidden_continuous_size': 16, 'attention_head_size': 3, 'learning_rate': 0.0006440331363919535}. Best is trial 42 with value: 495.22509765625.
LOCAL_RANK: 0 - CUDA_VISIBLE_DEVICES: [0]
[I 2023-12-16 13:10:26,608] Trial 43 finished with value: 492.187255859375 and parameters: {'gradient_clip_val': 0.8681721153233698, 'hidden_size': 48, 'dropout': 0.23642626059622637, 'hidden_continuous_size': 15, 'attention_head_size': 3, 'learning_rate': 0.0006204479896030063}. Best is trial 43 with value: 492.187255859375.
LOCAL_RANK: 0 - CUDA_VISIBLE_DEVICES: [0]
[I 2023-12-16 13:11:20,214] Trial 44 finished with value: 615.471923828125 and parameters: {'gradient_clip_val': 0.8519476194531412, 'hidden_size': 47, 'dropout': 0.24463358858223586, 'hidden_continuous_size': 16, 'attention_head_size': 3, 'learning_rate': 0.0005897215272790113}. Best is trial 43 with value: 492.187255859375.
LOCAL_RANK: 0 - CUDA_VISIBLE_DEVICES: [0]
[I 2023-12-16 13:12:12,503] Trial 45 finished with value: 459.1438293457031 and parameters: {'gradient_clip_val': 0.7939724325469496, 'hidden_size': 40, 'dropout': 0.23759461823450664, 'hidden_continuous_size': 16, 'attention_head_size': 3, 'learning_rate': 0.0005779834477069602}. Best is trial 45 with value: 459.1438293457031.
LOCAL_RANK: 0 - CUDA_VISIBLE_DEVICES: [0]
[I 2023-12-16 13:13:05,520] Trial 46 finished with value: 528.2771606445312 and parameters: {'gradient_clip_val': 0.8864506088737965, 'hidden_size': 39, 'dropout': 0.23956371345077643, 'hidden_continuous_size': 15, 'attention_head_size': 3, 'learning_rate': 0.00106236920574241}. Best is trial 45 with value: 459.1438293457031.
LOCAL_RANK: 0 - CUDA_VISIBLE_DEVICES: [0]
[I 2023-12-16 13:13:55,776] Trial 47 finished with value: 779.0354614257812 and parameters: {'gradient_clip_val': 0.8798213632668219, 'hidden_size': 29, 'dropout': 0.23806497705622426, 'hidden_continuous_size': 16, 'attention_head_size': 3, 'learning_rate': 0.0010267513185945585}. Best is trial 45 with value: 459.1438293457031.
LOCAL_RANK: 0 - CUDA_VISIBLE_DEVICES: [0]
[I 2023-12-16 13:14:45,741] Trial 48 finished with value: 789.586669921875 and parameters: {'gradient_clip_val': 0.8071443805622606, 'hidden_size': 23, 'dropout': 0.2014687943046869, 'hidden_continuous_size': 15, 'attention_head_size': 3, 'learning_rate': 0.0006074703442742184}. Best is trial 45 with value: 459.1438293457031.
LOCAL_RANK: 0 - CUDA_VISIBLE_DEVICES: [0]
[I 2023-12-16 13:15:38,124] Trial 49 finished with value: 881.6366577148438 and parameters: {'gradient_clip_val': 0.942254495015311, 'hidden_size': 37, 'dropout': 0.22765966083571187, 'hidden_continuous_size': 15, 'attention_head_size': 3, 'learning_rate': 0.0009668787467848093}. Best is trial 45 with value: 459.1438293457031.
[I 2023-12-16 13:15:38,219] A new study created in memory with name: no-name-d5a19410-2b3d-464c-989e-9b9bf79b8547
/home/le004/conda/anaconda3/envs/tsff_env/lib/python3.9/site-packages/lightning/fabric/plugins/environments/slurm.py:191: The `srun` command is available on your system but is not used. HINT: If your intention is to run Lightning on SLURM, prepend your python command with `srun` like so: srun python /home/le004/master_thesis/git/TSFusionForecast/code/ ...
LOCAL_RANK: 0 - CUDA_VISIBLE_DEVICES: [0]
[I 2023-12-16 13:16:15,192] Trial 0 finished with value: 17361.25390625 and parameters: {'gradient_clip_val': 0.5623224962331557, 'hidden_size': 5, 'dropout': 0.23510466011350847, 'hidden_continuous_size': 5, 'attention_head_size': 3, 'learning_rate': 0.011747756161721844}. Best is trial 0 with value: 17361.25390625.
LOCAL_RANK: 0 - CUDA_VISIBLE_DEVICES: [0]
[I 2023-12-16 13:17:02,675] Trial 1 finished with value: 38758.40234375 and parameters: {'gradient_clip_val': 0.5426540900802446, 'hidden_size': 10, 'dropout': 0.2030476687919971, 'hidden_continuous_size': 9, 'attention_head_size': 4, 'learning_rate': 0.0009208147002660496}. Best is trial 0 with value: 17361.25390625.
LOCAL_RANK: 0 - CUDA_VISIBLE_DEVICES: [0]
[I 2023-12-16 13:17:49,314] Trial 2 finished with value: 19621.580078125 and parameters: {'gradient_clip_val': 0.1703159901225908, 'hidden_size': 14, 'dropout': 0.2802728721569737, 'hidden_continuous_size': 13, 'attention_head_size': 1, 'learning_rate': 0.006160182956219936}. Best is trial 0 with value: 17361.25390625.
LOCAL_RANK: 0 - CUDA_VISIBLE_DEVICES: [0]
[I 2023-12-16 13:18:37,769] Trial 3 finished with value: 14592.65625 and parameters: {'gradient_clip_val': 0.9119357440483926, 'hidden_size': 19, 'dropout': 0.297980846664198, 'hidden_continuous_size': 8, 'attention_head_size': 3, 'learning_rate': 0.07493733198878544}. Best is trial 3 with value: 14592.65625.
LOCAL_RANK: 0 - CUDA_VISIBLE_DEVICES: [0]
[I 2023-12-16 13:19:27,129] Trial 4 finished with value: 20872.150390625 and parameters: {'gradient_clip_val': 0.2380922373291167, 'hidden_size': 24, 'dropout': 0.28521705888459625, 'hidden_continuous_size': 18, 'attention_head_size': 4, 'learning_rate': 0.0057844548684884}. Best is trial 3 with value: 14592.65625.
LOCAL_RANK: 0 - CUDA_VISIBLE_DEVICES: [0]
[I 2023-12-16 13:20:21,114] Trial 5 finished with value: 28319.306640625 and parameters: {'gradient_clip_val': 0.11424043619745936, 'hidden_size': 63, 'dropout': 0.243845554741303, 'hidden_continuous_size': 9, 'attention_head_size': 4, 'learning_rate': 0.07831275122812839}. Best is trial 3 with value: 14592.65625.
LOCAL_RANK: 0 - CUDA_VISIBLE_DEVICES: [0]
[I 2023-12-16 13:21:06,612] Trial 6 finished with value: 50826.5625 and parameters: {'gradient_clip_val': 0.8219814192383801, 'hidden_size': 7, 'dropout': 0.2926246602978202, 'hidden_continuous_size': 5, 'attention_head_size': 1, 'learning_rate': 0.0013024945478154646}. Best is trial 3 with value: 14592.65625.
LOCAL_RANK: 0 - CUDA_VISIBLE_DEVICES: [0]
[I 2023-12-16 13:21:53,951] Trial 7 finished with value: 42190.64453125 and parameters: {'gradient_clip_val': 0.2023122405847154, 'hidden_size': 20, 'dropout': 0.12902003116197297, 'hidden_continuous_size': 5, 'attention_head_size': 4, 'learning_rate': 0.025692511773846315}. Best is trial 3 with value: 14592.65625.
LOCAL_RANK: 0 - CUDA_VISIBLE_DEVICES: [0]
[I 2023-12-16 13:22:42,741] Trial 8 finished with value: 17185.208984375 and parameters: {'gradient_clip_val': 0.2684284386594596, 'hidden_size': 18, 'dropout': 0.24301956509943606, 'hidden_continuous_size': 14, 'attention_head_size': 2, 'learning_rate': 0.0014500202213723324}. Best is trial 3 with value: 14592.65625.
LOCAL_RANK: 0 - CUDA_VISIBLE_DEVICES: [0]
