[I 2023-12-16 05:34:40,387] Trial 16 finished with value: 0.6479951739311218 and parameters: {'gradient_clip_val': 0.4300123456075457, 'hidden_size': 5, 'dropout': 0.2742338717220074, 'hidden_continuous_size': 5, 'attention_head_size': 3, 'learning_rate': 0.02017907588152279}. Best is trial 2 with value: 0.38406291604042053.
LOCAL_RANK: 0 - CUDA_VISIBLE_DEVICES: [0]
[I 2023-12-16 05:35:25,024] Trial 17 finished with value: 3.443420648574829 and parameters: {'gradient_clip_val': 0.7452825206185568, 'hidden_size': 9, 'dropout': 0.19758955508072032, 'hidden_continuous_size': 6, 'attention_head_size': 1, 'learning_rate': 0.03878663044017895}. Best is trial 2 with value: 0.38406291604042053.
LOCAL_RANK: 0 - CUDA_VISIBLE_DEVICES: [0]
[I 2023-12-16 05:36:12,514] Trial 18 finished with value: 0.5725305080413818 and parameters: {'gradient_clip_val': 0.3138587874175914, 'hidden_size': 19, 'dropout': 0.1319839563123351, 'hidden_continuous_size': 8, 'attention_head_size': 2, 'learning_rate': 0.007547127754633837}. Best is trial 2 with value: 0.38406291604042053.
LOCAL_RANK: 0 - CUDA_VISIBLE_DEVICES: [0]
[I 2023-12-16 05:37:01,685] Trial 19 finished with value: 1.8199987411499023 and parameters: {'gradient_clip_val': 0.4345816410486785, 'hidden_size': 22, 'dropout': 0.1001306889616166, 'hidden_continuous_size': 9, 'attention_head_size': 3, 'learning_rate': 0.051785876888177595}. Best is trial 2 with value: 0.38406291604042053.
LOCAL_RANK: 0 - CUDA_VISIBLE_DEVICES: [0]
[I 2023-12-16 05:37:46,471] Trial 20 finished with value: 2.666121244430542 and parameters: {'gradient_clip_val': 0.2860525935907243, 'hidden_size': 7, 'dropout': 0.1424246401100601, 'hidden_continuous_size': 5, 'attention_head_size': 2, 'learning_rate': 0.020074139778440296}. Best is trial 2 with value: 0.38406291604042053.
LOCAL_RANK: 0 - CUDA_VISIBLE_DEVICES: [0]
[I 2023-12-16 05:38:31,674] Trial 21 finished with value: 2.0150129795074463 and parameters: {'gradient_clip_val': 0.2995511315734142, 'hidden_size': 13, 'dropout': 0.1402616488791375, 'hidden_continuous_size': 7, 'attention_head_size': 1, 'learning_rate': 0.006904308800501277}. Best is trial 2 with value: 0.38406291604042053.
LOCAL_RANK: 0 - CUDA_VISIBLE_DEVICES: [0]
[I 2023-12-16 05:39:18,397] Trial 22 finished with value: 1.8959717750549316 and parameters: {'gradient_clip_val': 0.3450853415370028, 'hidden_size': 17, 'dropout': 0.1749048049209408, 'hidden_continuous_size': 8, 'attention_head_size': 2, 'learning_rate': 0.010442185802467068}. Best is trial 2 with value: 0.38406291604042053.
LOCAL_RANK: 0 - CUDA_VISIBLE_DEVICES: [0]
[I 2023-12-16 05:40:05,513] Trial 23 finished with value: 0.32011300325393677 and parameters: {'gradient_clip_val': 0.4919102907712058, 'hidden_size': 20, 'dropout': 0.14276223059050533, 'hidden_continuous_size': 8, 'attention_head_size': 3, 'learning_rate': 0.020707234659686068}. Best is trial 23 with value: 0.32011300325393677.
LOCAL_RANK: 0 - CUDA_VISIBLE_DEVICES: [0]
[I 2023-12-16 05:40:51,267] Trial 24 finished with value: 1.0473195314407349 and parameters: {'gradient_clip_val': 0.7862151741753828, 'hidden_size': 10, 'dropout': 0.12575036330076475, 'hidden_continuous_size': 8, 'attention_head_size': 3, 'learning_rate': 0.02517413947930626}. Best is trial 23 with value: 0.32011300325393677.
LOCAL_RANK: 0 - CUDA_VISIBLE_DEVICES: [0]
[I 2023-12-16 05:41:39,693] Trial 25 finished with value: 1.4980703592300415 and parameters: {'gradient_clip_val': 0.514069001632409, 'hidden_size': 28, 'dropout': 0.15574878599401856, 'hidden_continuous_size': 10, 'attention_head_size': 3, 'learning_rate': 0.05832906819614578}. Best is trial 23 with value: 0.32011300325393677.
LOCAL_RANK: 0 - CUDA_VISIBLE_DEVICES: [0]
[I 2023-12-16 05:42:26,937] Trial 26 finished with value: 1.9007714986801147 and parameters: {'gradient_clip_val': 0.6253209852562325, 'hidden_size': 20, 'dropout': 0.14442920792685968, 'hidden_continuous_size': 10, 'attention_head_size': 3, 'learning_rate': 0.030777463145175512}. Best is trial 23 with value: 0.32011300325393677.
LOCAL_RANK: 0 - CUDA_VISIBLE_DEVICES: [0]
[I 2023-12-16 05:43:12,484] Trial 27 finished with value: 1.7173179388046265 and parameters: {'gradient_clip_val': 0.8372143527487186, 'hidden_size': 13, 'dropout': 0.13517844611359914, 'hidden_continuous_size': 7, 'attention_head_size': 2, 'learning_rate': 0.015029071437713287}. Best is trial 23 with value: 0.32011300325393677.
LOCAL_RANK: 0 - CUDA_VISIBLE_DEVICES: [0]
[I 2023-12-16 05:43:58,313] Trial 28 finished with value: 2.491168260574341 and parameters: {'gradient_clip_val': 0.6407000255774461, 'hidden_size': 11, 'dropout': 0.10926002048334571, 'hidden_continuous_size': 8, 'attention_head_size': 3, 'learning_rate': 0.05358590714261818}. Best is trial 23 with value: 0.32011300325393677.
LOCAL_RANK: 0 - CUDA_VISIBLE_DEVICES: [0]
[I 2023-12-16 05:44:47,557] Trial 29 finished with value: 1.850713849067688 and parameters: {'gradient_clip_val': 0.9381473278481187, 'hidden_size': 27, 'dropout': 0.1669555401368938, 'hidden_continuous_size': 13, 'attention_head_size': 2, 'learning_rate': 0.017579476859205034}. Best is trial 23 with value: 0.32011300325393677.
LOCAL_RANK: 0 - CUDA_VISIBLE_DEVICES: [0]
[I 2023-12-16 05:45:35,588] Trial 30 finished with value: 1.6621030569076538 and parameters: {'gradient_clip_val': 0.4785480685597213, 'hidden_size': 20, 'dropout': 0.15860816598020697, 'hidden_continuous_size': 11, 'attention_head_size': 4, 'learning_rate': 0.0719496686537231}. Best is trial 23 with value: 0.32011300325393677.
LOCAL_RANK: 0 - CUDA_VISIBLE_DEVICES: [0]
[I 2023-12-16 05:46:21,584] Trial 31 finished with value: 0.4967624247074127 and parameters: {'gradient_clip_val': 0.3936863484371618, 'hidden_size': 17, 'dropout': 0.1889680357052282, 'hidden_continuous_size': 6, 'attention_head_size': 1, 'learning_rate': 0.013162627710712506}. Best is trial 23 with value: 0.32011300325393677.
LOCAL_RANK: 0 - CUDA_VISIBLE_DEVICES: [0]
[I 2023-12-16 05:47:13,826] Trial 32 finished with value: 0.32872018218040466 and parameters: {'gradient_clip_val': 0.4053937411856566, 'hidden_size': 31, 'dropout': 0.2258688317790362, 'hidden_continuous_size': 24, 'attention_head_size': 3, 'learning_rate': 0.013925281767358829}. Best is trial 23 with value: 0.32011300325393677.
LOCAL_RANK: 0 - CUDA_VISIBLE_DEVICES: [0]
[I 2023-12-16 05:48:06,417] Trial 33 finished with value: 0.16409456729888916 and parameters: {'gradient_clip_val': 0.39879901687253466, 'hidden_size': 35, 'dropout': 0.21157659868043432, 'hidden_continuous_size': 26, 'attention_head_size': 3, 'learning_rate': 0.01328611079981212}. Best is trial 33 with value: 0.16409456729888916.
LOCAL_RANK: 0 - CUDA_VISIBLE_DEVICES: [0]
[I 2023-12-16 05:48:59,329] Trial 34 finished with value: 0.6310964226722717 and parameters: {'gradient_clip_val': 0.9968421120656877, 'hidden_size': 37, 'dropout': 0.22105562162853604, 'hidden_continuous_size': 28, 'attention_head_size': 3, 'learning_rate': 0.025921641556167524}. Best is trial 33 with value: 0.16409456729888916.
LOCAL_RANK: 0 - CUDA_VISIBLE_DEVICES: [0]
[I 2023-12-16 05:49:51,559] Trial 35 finished with value: 0.4612264931201935 and parameters: {'gradient_clip_val': 0.5351643703967712, 'hidden_size': 48, 'dropout': 0.2288852133227577, 'hidden_continuous_size': 25, 'attention_head_size': 3, 'learning_rate': 0.03649142481031256}. Best is trial 33 with value: 0.16409456729888916.
LOCAL_RANK: 0 - CUDA_VISIBLE_DEVICES: [0]
[I 2023-12-16 05:50:41,972] Trial 36 finished with value: 2.0811588764190674 and parameters: {'gradient_clip_val': 0.4223629062033624, 'hidden_size': 27, 'dropout': 0.2395104895042594, 'hidden_continuous_size': 20, 'attention_head_size': 4, 'learning_rate': 0.019578668565187272}. Best is trial 33 with value: 0.16409456729888916.
LOCAL_RANK: 0 - CUDA_VISIBLE_DEVICES: [0]
[I 2023-12-16 05:51:17,522] Trial 37 finished with value: 1.7716506719589233 and parameters: {'gradient_clip_val': 0.6895299972719776, 'hidden_size': 34, 'dropout': 0.21392772905437804, 'hidden_continuous_size': 34, 'attention_head_size': 3, 'learning_rate': 0.011574915222389251}. Best is trial 33 with value: 0.16409456729888916.
LOCAL_RANK: 0 - CUDA_VISIBLE_DEVICES: [0]
[I 2023-12-16 05:52:07,013] Trial 38 finished with value: 2.5415029525756836 and parameters: {'gradient_clip_val': 0.5478959180288376, 'hidden_size': 25, 'dropout': 0.1946096425085461, 'hidden_continuous_size': 18, 'attention_head_size': 3, 'learning_rate': 0.01405715115557192}. Best is trial 33 with value: 0.16409456729888916.
LOCAL_RANK: 0 - CUDA_VISIBLE_DEVICES: [0]
[I 2023-12-16 05:52:56,921] Trial 39 finished with value: 2.425323247909546 and parameters: {'gradient_clip_val': 0.840318363352657, 'hidden_size': 32, 'dropout': 0.24572142715764392, 'hidden_continuous_size': 16, 'attention_head_size': 4, 'learning_rate': 0.06745742954659495}. Best is trial 33 with value: 0.16409456729888916.
LOCAL_RANK: 0 - CUDA_VISIBLE_DEVICES: [0]
[I 2023-12-16 05:53:45,988] Trial 40 finished with value: 2.6245744228363037 and parameters: {'gradient_clip_val': 0.6620036890014401, 'hidden_size': 23, 'dropout': 0.22188882517051695, 'hidden_continuous_size': 13, 'attention_head_size': 3, 'learning_rate': 0.03958519263782969}. Best is trial 33 with value: 0.16409456729888916.
LOCAL_RANK: 0 - CUDA_VISIBLE_DEVICES: [0]
[I 2023-12-16 05:54:38,940] Trial 41 finished with value: 1.608850121498108 and parameters: {'gradient_clip_val': 0.5480586265653633, 'hidden_size': 46, 'dropout': 0.2318502088205051, 'hidden_continuous_size': 24, 'attention_head_size': 3, 'learning_rate': 0.038774202497316765}. Best is trial 33 with value: 0.16409456729888916.
LOCAL_RANK: 0 - CUDA_VISIBLE_DEVICES: [0]
[I 2023-12-16 05:55:14,868] Trial 42 finished with value: 3.133262872695923 and parameters: {'gradient_clip_val': 0.4674369601820032, 'hidden_size': 50, 'dropout': 0.17982756438165012, 'hidden_continuous_size': 50, 'attention_head_size': 3, 'learning_rate': 0.024757087160592182}. Best is trial 33 with value: 0.16409456729888916.
LOCAL_RANK: 0 - CUDA_VISIBLE_DEVICES: [0]
[I 2023-12-16 05:56:08,401] Trial 43 finished with value: 0.7526328563690186 and parameters: {'gradient_clip_val': 0.5649824516802515, 'hidden_size': 53, 'dropout': 0.2579112069795308, 'hidden_continuous_size': 23, 'attention_head_size': 3, 'learning_rate': 0.01640592806639559}. Best is trial 33 with value: 0.16409456729888916.
LOCAL_RANK: 0 - CUDA_VISIBLE_DEVICES: [0]
[I 2023-12-16 05:57:00,362] Trial 44 finished with value: 0.48129478096961975 and parameters: {'gradient_clip_val': 0.3872534474084898, 'hidden_size': 40, 'dropout': 0.19998692380753086, 'hidden_continuous_size': 30, 'attention_head_size': 3, 'learning_rate': 0.08215610947115354}. Best is trial 33 with value: 0.16409456729888916.
LOCAL_RANK: 0 - CUDA_VISIBLE_DEVICES: [0]
[I 2023-12-16 05:57:53,466] Trial 45 finished with value: 2.3602964878082275 and parameters: {'gradient_clip_val': 0.5101296557651619, 'hidden_size': 43, 'dropout': 0.2260106848151382, 'hidden_continuous_size': 22, 'attention_head_size': 4, 'learning_rate': 0.0459612365428622}. Best is trial 33 with value: 0.16409456729888916.
LOCAL_RANK: 0 - CUDA_VISIBLE_DEVICES: [0]
[I 2023-12-16 05:58:47,287] Trial 46 finished with value: 0.43073105812072754 and parameters: {'gradient_clip_val': 0.3675923028682371, 'hidden_size': 55, 'dropout': 0.2114498599281737, 'hidden_continuous_size': 26, 'attention_head_size': 3, 'learning_rate': 0.09671767513582995}. Best is trial 33 with value: 0.16409456729888916.
LOCAL_RANK: 0 - CUDA_VISIBLE_DEVICES: [0]
[I 2023-12-16 05:59:40,697] Trial 47 finished with value: 0.08423712104558945 and parameters: {'gradient_clip_val': 0.26806526648415635, 'hidden_size': 60, 'dropout': 0.20474078957485092, 'hidden_continuous_size': 36, 'attention_head_size': 3, 'learning_rate': 0.09837008007700508}. Best is trial 47 with value: 0.08423712104558945.
LOCAL_RANK: 0 - CUDA_VISIBLE_DEVICES: [0]
[I 2023-12-16 06:00:34,789] Trial 48 finished with value: 0.2887897789478302 and parameters: {'gradient_clip_val': 0.23935901873052645, 'hidden_size': 60, 'dropout': 0.17386923003645227, 'hidden_continuous_size': 33, 'attention_head_size': 4, 'learning_rate': 0.062215594942949745}. Best is trial 47 with value: 0.08423712104558945.
LOCAL_RANK: 0 - CUDA_VISIBLE_DEVICES: [0]
[I 2023-12-16 06:01:29,016] Trial 49 finished with value: 2.5762317180633545 and parameters: {'gradient_clip_val': 0.2663544641678275, 'hidden_size': 68, 'dropout': 0.17492941061972317, 'hidden_continuous_size': 38, 'attention_head_size': 4, 'learning_rate': 0.062251242998285675}. Best is trial 47 with value: 0.08423712104558945.
[I 2023-12-16 06:01:29,111] A new study created in memory with name: no-name-96b37dfd-bb52-42ee-88a1-57072cf03e7b
/home/le004/conda/anaconda3/envs/tsff_env/lib/python3.9/site-packages/lightning/fabric/plugins/environments/slurm.py:191: The `srun` command is available on your system but is not used. HINT: If your intention is to run Lightning on SLURM, prepend your python command with `srun` like so: srun python /home/le004/master_thesis/git/TSFusionForecast/code/ ...
LOCAL_RANK: 0 - CUDA_VISIBLE_DEVICES: [0]
[I 2023-12-16 06:02:14,390] Trial 0 finished with value: 2.259972333908081 and parameters: {'gradient_clip_val': 0.32674341793984574, 'hidden_size': 7, 'dropout': 0.15945694621253703, 'hidden_continuous_size': 6, 'attention_head_size': 2, 'learning_rate': 0.013825929415749862}. Best is trial 0 with value: 2.259972333908081.
LOCAL_RANK: 0 - CUDA_VISIBLE_DEVICES: [0]
[I 2023-12-16 06:02:59,781] Trial 1 finished with value: 1.3663638830184937 and parameters: {'gradient_clip_val': 0.9476101200070763, 'hidden_size': 14, 'dropout': 0.11725274153495127, 'hidden_continuous_size': 7, 'attention_head_size': 2, 'learning_rate': 0.0027178325921383417}. Best is trial 1 with value: 1.3663638830184937.
LOCAL_RANK: 0 - CUDA_VISIBLE_DEVICES: [0]
[I 2023-12-16 06:03:45,700] Trial 2 finished with value: 1.7686065435409546 and parameters: {'gradient_clip_val': 0.2035583425664239, 'hidden_size': 10, 'dropout': 0.1098917911859172, 'hidden_continuous_size': 9, 'attention_head_size': 3, 'learning_rate': 0.023182444311004347}. Best is trial 1 with value: 1.3663638830184937.
LOCAL_RANK: 0 - CUDA_VISIBLE_DEVICES: [0]
[I 2023-12-16 06:04:34,432] Trial 3 finished with value: 1.6881961822509766 and parameters: {'gradient_clip_val': 0.5582849976373228, 'hidden_size': 19, 'dropout': 0.15803230590346043, 'hidden_continuous_size': 11, 'attention_head_size': 3, 'learning_rate': 0.003588970504067438}. Best is trial 1 with value: 1.3663638830184937.
LOCAL_RANK: 0 - CUDA_VISIBLE_DEVICES: [0]
[I 2023-12-16 06:05:28,055] Trial 4 finished with value: 0.5759257078170776 and parameters: {'gradient_clip_val': 0.718741870998289, 'hidden_size': 57, 'dropout': 0.36145584403974007, 'hidden_continuous_size': 25, 'attention_head_size': 3, 'learning_rate': 0.001998752883547956}. Best is trial 4 with value: 0.5759257078170776.
LOCAL_RANK: 0 - CUDA_VISIBLE_DEVICES: [0]
[I 2023-12-16 06:06:20,519] Trial 5 finished with value: 1.4210461378097534 and parameters: {'gradient_clip_val': 0.29218465187478915, 'hidden_size': 85, 'dropout': 0.3947501058149907, 'hidden_continuous_size': 7, 'attention_head_size': 1, 'learning_rate': 0.012428851572186704}. Best is trial 4 with value: 0.5759257078170776.
LOCAL_RANK: 0 - CUDA_VISIBLE_DEVICES: [0]
[I 2023-12-16 06:07:09,669] Trial 6 finished with value: 2.1492292881011963 and parameters: {'gradient_clip_val': 0.27280530584879803, 'hidden_size': 37, 'dropout': 0.2277933213222552, 'hidden_continuous_size': 5, 'attention_head_size': 3, 'learning_rate': 0.05465918309920123}. Best is trial 4 with value: 0.5759257078170776.
LOCAL_RANK: 0 - CUDA_VISIBLE_DEVICES: [0]
[I 2023-12-16 06:08:05,315] Trial 7 finished with value: 1.5576602220535278 and parameters: {'gradient_clip_val': 0.5015255703997826, 'hidden_size': 94, 'dropout': 0.2933595299652359, 'hidden_continuous_size': 52, 'attention_head_size': 1, 'learning_rate': 0.013787164265892946}. Best is trial 4 with value: 0.5759257078170776.
LOCAL_RANK: 0 - CUDA_VISIBLE_DEVICES: [0]
[I 2023-12-16 06:08:52,068] Trial 8 finished with value: 1.3035602569580078 and parameters: {'gradient_clip_val': 0.3184927570092595, 'hidden_size': 14, 'dropout': 0.1865192090268663, 'hidden_continuous_size': 9, 'attention_head_size': 4, 'learning_rate': 0.025318024139061975}. Best is trial 4 with value: 0.5759257078170776.
LOCAL_RANK: 0 - CUDA_VISIBLE_DEVICES: [0]
[I 2023-12-16 06:09:37,363] Trial 9 finished with value: 1.956407904624939 and parameters: {'gradient_clip_val': 0.13570666042430965, 'hidden_size': 7, 'dropout': 0.2607635465308709, 'hidden_continuous_size': 5, 'attention_head_size': 3, 'learning_rate': 0.07984112077265704}. Best is trial 4 with value: 0.5759257078170776.
LOCAL_RANK: 0 - CUDA_VISIBLE_DEVICES: [0]
[I 2023-12-16 06:10:30,322] Trial 10 finished with value: 1.8963149785995483 and parameters: {'gradient_clip_val': 0.9811610424618766, 'hidden_size': 35, 'dropout': 0.3960863794687243, 'hidden_continuous_size': 20, 'attention_head_size': 4, 'learning_rate': 0.0006399281555951347}. Best is trial 4 with value: 0.5759257078170776.
LOCAL_RANK: 0 - CUDA_VISIBLE_DEVICES: [0]
[I 2023-12-16 06:11:05,018] Trial 11 finished with value: 1.6451886892318726 and parameters: {'gradient_clip_val': 0.5575085542141557, 'hidden_size': 5, 'dropout': 0.33570087879200544, 'hidden_continuous_size': 5, 'attention_head_size': 4, 'learning_rate': 0.0021229327020099616}. Best is trial 4 with value: 0.5759257078170776.
LOCAL_RANK: 0 - CUDA_VISIBLE_DEVICES: [0]
[I 2023-12-16 06:11:53,814] Trial 12 finished with value: 2.0860936641693115 and parameters: {'gradient_clip_val': 0.10284577979253534, 'hidden_size': 28, 'dropout': 0.22802361274040076, 'hidden_continuous_size': 13, 'attention_head_size': 4, 'learning_rate': 0.006213400230899397}. Best is trial 4 with value: 0.5759257078170776.
LOCAL_RANK: 0 - CUDA_VISIBLE_DEVICES: [0]
[I 2023-12-16 06:12:47,510] Trial 13 finished with value: 1.393215537071228 and parameters: {'gradient_clip_val': 0.4021238395698114, 'hidden_size': 54, 'dropout': 0.3335782808092269, 'hidden_continuous_size': 19, 'attention_head_size': 4, 'learning_rate': 0.0009858880667041948}. Best is trial 4 with value: 0.5759257078170776.
LOCAL_RANK: 0 - CUDA_VISIBLE_DEVICES: [0]
[I 2023-12-16 06:13:34,212] Trial 14 finished with value: 0.7922487258911133 and parameters: {'gradient_clip_val': 0.6547131819451675, 'hidden_size': 17, 'dropout': 0.20308819178579574, 'hidden_continuous_size': 8, 'attention_head_size': 2, 'learning_rate': 0.0336956778804681}. Best is trial 4 with value: 0.5759257078170776.
LOCAL_RANK: 0 - CUDA_VISIBLE_DEVICES: [0]
[I 2023-12-16 06:14:26,896] Trial 15 finished with value: 1.640185832977295 and parameters: {'gradient_clip_val': 0.7618838450719156, 'hidden_size': 54, 'dropout': 0.27305704910177353, 'hidden_continuous_size': 28, 'attention_head_size': 2, 'learning_rate': 0.0015754103569926266}. Best is trial 4 with value: 0.5759257078170776.
LOCAL_RANK: 0 - CUDA_VISIBLE_DEVICES: [0]
[I 2023-12-16 06:15:15,278] Trial 16 finished with value: 1.6960033178329468 and parameters: {'gradient_clip_val': 0.6979651909966966, 'hidden_size': 22, 'dropout': 0.207131888514608, 'hidden_continuous_size': 8, 'attention_head_size': 2, 'learning_rate': 0.005539548409451653}. Best is trial 4 with value: 0.5759257078170776.
LOCAL_RANK: 0 - CUDA_VISIBLE_DEVICES: [0]
[I 2023-12-16 06:16:02,252] Trial 17 finished with value: 1.2001532316207886 and parameters: {'gradient_clip_val': 0.7092277996252798, 'hidden_size': 20, 'dropout': 0.30798325532452847, 'hidden_continuous_size': 11, 'attention_head_size': 1, 'learning_rate': 0.003883755383601529}. Best is trial 4 with value: 0.5759257078170776.
LOCAL_RANK: 0 - CUDA_VISIBLE_DEVICES: [0]
[I 2023-12-16 06:16:54,440] Trial 18 finished with value: 2.0112009048461914 and parameters: {'gradient_clip_val': 0.45991831138952133, 'hidden_size': 52, 'dropout': 0.2464383143936726, 'hidden_continuous_size': 15, 'attention_head_size': 2, 'learning_rate': 0.0005473011518925522}. Best is trial 4 with value: 0.5759257078170776.
LOCAL_RANK: 0 - CUDA_VISIBLE_DEVICES: [0]
[I 2023-12-16 06:17:43,903] Trial 19 finished with value: 2.0117430686950684 and parameters: {'gradient_clip_val': 0.6452704001772245, 'hidden_size': 29, 'dropout': 0.3543043510213914, 'hidden_continuous_size': 10, 'attention_head_size': 3, 'learning_rate': 0.0014161341948051116}. Best is trial 4 with value: 0.5759257078170776.
LOCAL_RANK: 0 - CUDA_VISIBLE_DEVICES: [0]
[I 2023-12-16 06:18:37,812] Trial 20 finished with value: 1.7425419092178345 and parameters: {'gradient_clip_val': 0.860708657131676, 'hidden_size': 71, 'dropout': 0.27318789737535215, 'hidden_continuous_size': 27, 'attention_head_size': 2, 'learning_rate': 0.008076270034909188}. Best is trial 4 with value: 0.5759257078170776.
LOCAL_RANK: 0 - CUDA_VISIBLE_DEVICES: [0]
[I 2023-12-16 06:19:25,631] Trial 21 finished with value: 2.561419725418091 and parameters: {'gradient_clip_val': 0.6897688236055985, 'hidden_size': 21, 'dropout': 0.29885838772416584, 'hidden_continuous_size': 8, 'attention_head_size': 1, 'learning_rate': 0.0043631424771131055}. Best is trial 4 with value: 0.5759257078170776.
LOCAL_RANK: 0 - CUDA_VISIBLE_DEVICES: [0]
[I 2023-12-16 06:20:09,745] Trial 22 finished with value: 1.426477074623108 and parameters: {'gradient_clip_val': 0.8088390208704497, 'hidden_size': 16, 'dropout': 0.31044835488558575, 'hidden_continuous_size': 6, 'attention_head_size': 1, 'learning_rate': 0.002422414512431473}. Best is trial 4 with value: 0.5759257078170776.
LOCAL_RANK: 0 - CUDA_VISIBLE_DEVICES: [0]
