[I 2023-12-15 20:03:57,687] Trial 36 finished with value: 35.47739791870117 and parameters: {'gradient_clip_val': 0.8671095107126098, 'hidden_size': 23, 'dropout': 0.28715070327360237, 'hidden_continuous_size': 6, 'attention_head_size': 3, 'learning_rate': 0.06506488538532999}. Best is trial 15 with value: 9.455174446105957.
LOCAL_RANK: 0 - CUDA_VISIBLE_DEVICES: [0]
[I 2023-12-15 20:04:43,820] Trial 37 finished with value: 22.742753982543945 and parameters: {'gradient_clip_val': 0.603806528371237, 'hidden_size': 15, 'dropout': 0.344529650754211, 'hidden_continuous_size': 7, 'attention_head_size': 4, 'learning_rate': 0.0742563340432992}. Best is trial 15 with value: 9.455174446105957.
LOCAL_RANK: 0 - CUDA_VISIBLE_DEVICES: [0]
[I 2023-12-15 20:05:32,970] Trial 38 finished with value: 11.862213134765625 and parameters: {'gradient_clip_val': 0.5004057340416572, 'hidden_size': 38, 'dropout': 0.304067704407965, 'hidden_continuous_size': 5, 'attention_head_size': 3, 'learning_rate': 0.040260668804336874}. Best is trial 15 with value: 9.455174446105957.
LOCAL_RANK: 0 - CUDA_VISIBLE_DEVICES: [0]
[I 2023-12-15 20:06:22,254] Trial 39 finished with value: 13.38178539276123 and parameters: {'gradient_clip_val': 0.425978868041085, 'hidden_size': 41, 'dropout': 0.32978682869849685, 'hidden_continuous_size': 5, 'attention_head_size': 3, 'learning_rate': 0.03898440226088253}. Best is trial 15 with value: 9.455174446105957.
LOCAL_RANK: 0 - CUDA_VISIBLE_DEVICES: [0]
[I 2023-12-15 20:07:10,968] Trial 40 finished with value: 45.67116165161133 and parameters: {'gradient_clip_val': 0.4936287689279286, 'hidden_size': 35, 'dropout': 0.3294683368206132, 'hidden_continuous_size': 5, 'attention_head_size': 3, 'learning_rate': 0.03502238913173303}. Best is trial 15 with value: 9.455174446105957.
LOCAL_RANK: 0 - CUDA_VISIBLE_DEVICES: [0]
[I 2023-12-15 20:07:59,871] Trial 41 finished with value: 57.54478073120117 and parameters: {'gradient_clip_val': 0.4065610421406711, 'hidden_size': 37, 'dropout': 0.27819085769593377, 'hidden_continuous_size': 5, 'attention_head_size': 3, 'learning_rate': 0.043264894115944544}. Best is trial 15 with value: 9.455174446105957.
LOCAL_RANK: 0 - CUDA_VISIBLE_DEVICES: [0]
[I 2023-12-15 20:08:48,957] Trial 42 finished with value: 57.080963134765625 and parameters: {'gradient_clip_val': 0.4453629587350018, 'hidden_size': 41, 'dropout': 0.30153990163826405, 'hidden_continuous_size': 5, 'attention_head_size': 3, 'learning_rate': 0.03796019226658097}. Best is trial 15 with value: 9.455174446105957.
LOCAL_RANK: 0 - CUDA_VISIBLE_DEVICES: [0]
[I 2023-12-15 20:09:35,851] Trial 43 finished with value: 28.668838500976562 and parameters: {'gradient_clip_val': 0.49786624189798173, 'hidden_size': 28, 'dropout': 0.31615026323962436, 'hidden_continuous_size': 5, 'attention_head_size': 2, 'learning_rate': 0.031110180895368635}. Best is trial 15 with value: 9.455174446105957.
LOCAL_RANK: 0 - CUDA_VISIBLE_DEVICES: [0]
[I 2023-12-15 20:10:24,087] Trial 44 finished with value: 23.08036231994629 and parameters: {'gradient_clip_val': 0.32628285730614875, 'hidden_size': 25, 'dropout': 0.33387148762118046, 'hidden_continuous_size': 6, 'attention_head_size': 3, 'learning_rate': 0.04799563761951389}. Best is trial 15 with value: 9.455174446105957.
LOCAL_RANK: 0 - CUDA_VISIBLE_DEVICES: [0]
[I 2023-12-15 20:11:13,154] Trial 45 finished with value: 41.732627868652344 and parameters: {'gradient_clip_val': 0.7044030519714232, 'hidden_size': 31, 'dropout': 0.35494209945600064, 'hidden_continuous_size': 8, 'attention_head_size': 3, 'learning_rate': 0.01692928253811872}. Best is trial 15 with value: 9.455174446105957.
LOCAL_RANK: 0 - CUDA_VISIBLE_DEVICES: [0]
[I 2023-12-15 20:12:04,170] Trial 46 finished with value: 47.801177978515625 and parameters: {'gradient_clip_val': 0.4244132600964567, 'hidden_size': 48, 'dropout': 0.3108787987491417, 'hidden_continuous_size': 11, 'attention_head_size': 2, 'learning_rate': 0.07885104509961954}. Best is trial 15 with value: 9.455174446105957.
LOCAL_RANK: 0 - CUDA_VISIBLE_DEVICES: [0]
[I 2023-12-15 20:12:52,630] Trial 47 finished with value: 41.621368408203125 and parameters: {'gradient_clip_val': 0.608577864071511, 'hidden_size': 26, 'dropout': 0.2819749465995867, 'hidden_continuous_size': 5, 'attention_head_size': 3, 'learning_rate': 0.023250486121923045}. Best is trial 15 with value: 9.455174446105957.
LOCAL_RANK: 0 - CUDA_VISIBLE_DEVICES: [0]
[I 2023-12-15 20:13:44,978] Trial 48 finished with value: 46.39254379272461 and parameters: {'gradient_clip_val': 0.507370760760197, 'hidden_size': 55, 'dropout': 0.2635964153650349, 'hidden_continuous_size': 15, 'attention_head_size': 2, 'learning_rate': 0.016097562560374538}. Best is trial 15 with value: 9.455174446105957.
LOCAL_RANK: 0 - CUDA_VISIBLE_DEVICES: [0]
[I 2023-12-15 20:14:32,451] Trial 49 finished with value: 35.50748062133789 and parameters: {'gradient_clip_val': 0.29416150935578445, 'hidden_size': 32, 'dropout': 0.32431689934859464, 'hidden_continuous_size': 7, 'attention_head_size': 1, 'learning_rate': 0.029459362894614188}. Best is trial 15 with value: 9.455174446105957.
[I 2023-12-15 20:14:32,544] A new study created in memory with name: no-name-05fe9f1b-54b4-46d2-abb6-4bb7b4c17baf
/home/le004/conda/anaconda3/envs/tsff_env/lib/python3.9/site-packages/lightning/fabric/plugins/environments/slurm.py:191: The `srun` command is available on your system but is not used. HINT: If your intention is to run Lightning on SLURM, prepend your python command with `srun` like so: srun python /home/le004/master_thesis/git/TSFusionForecast/code/ ...
LOCAL_RANK: 0 - CUDA_VISIBLE_DEVICES: [0]
[I 2023-12-15 20:15:05,157] Trial 0 finished with value: 375.9571533203125 and parameters: {'gradient_clip_val': 0.33228262848553114, 'hidden_size': 5, 'dropout': 0.3292604418306164, 'hidden_continuous_size': 5, 'attention_head_size': 1, 'learning_rate': 0.05415270414325995}. Best is trial 0 with value: 375.9571533203125.
LOCAL_RANK: 0 - CUDA_VISIBLE_DEVICES: [0]
[I 2023-12-15 20:15:57,589] Trial 1 finished with value: 693.5144653320312 and parameters: {'gradient_clip_val': 0.12864610918332464, 'hidden_size': 42, 'dropout': 0.12986326598993936, 'hidden_continuous_size': 19, 'attention_head_size': 4, 'learning_rate': 0.020594093648540247}. Best is trial 0 with value: 375.9571533203125.
LOCAL_RANK: 0 - CUDA_VISIBLE_DEVICES: [0]
[I 2023-12-15 20:16:48,002] Trial 2 finished with value: 381.8330383300781 and parameters: {'gradient_clip_val': 0.8526248684854941, 'hidden_size': 28, 'dropout': 0.17379884576363064, 'hidden_continuous_size': 24, 'attention_head_size': 4, 'learning_rate': 0.0006935083331392341}. Best is trial 0 with value: 375.9571533203125.
LOCAL_RANK: 0 - CUDA_VISIBLE_DEVICES: [0]
[I 2023-12-15 20:17:39,304] Trial 3 finished with value: 314.8737487792969 and parameters: {'gradient_clip_val': 0.5084897125505334, 'hidden_size': 43, 'dropout': 0.3133051637087359, 'hidden_continuous_size': 8, 'attention_head_size': 3, 'learning_rate': 0.025482461433769782}. Best is trial 3 with value: 314.8737487792969.
LOCAL_RANK: 0 - CUDA_VISIBLE_DEVICES: [0]
[I 2023-12-15 20:18:36,945] Trial 4 finished with value: 434.7940368652344 and parameters: {'gradient_clip_val': 0.5500354036685086, 'hidden_size': 89, 'dropout': 0.3918409794831068, 'hidden_continuous_size': 78, 'attention_head_size': 4, 'learning_rate': 0.00527950137094717}. Best is trial 3 with value: 314.8737487792969.
LOCAL_RANK: 0 - CUDA_VISIBLE_DEVICES: [0]
[I 2023-12-15 20:19:20,781] Trial 5 finished with value: 270.3671569824219 and parameters: {'gradient_clip_val': 0.6131018287201676, 'hidden_size': 12, 'dropout': 0.37024569673057617, 'hidden_continuous_size': 10, 'attention_head_size': 1, 'learning_rate': 0.07299184226109554}. Best is trial 5 with value: 270.3671569824219.
LOCAL_RANK: 0 - CUDA_VISIBLE_DEVICES: [0]
[I 2023-12-15 20:20:09,664] Trial 6 finished with value: 162.2286834716797 and parameters: {'gradient_clip_val': 0.25830619650431, 'hidden_size': 37, 'dropout': 0.31301285663517836, 'hidden_continuous_size': 6, 'attention_head_size': 3, 'learning_rate': 0.012004694563886012}. Best is trial 6 with value: 162.2286834716797.
LOCAL_RANK: 0 - CUDA_VISIBLE_DEVICES: [0]
[I 2023-12-15 20:20:54,024] Trial 7 finished with value: 610.304443359375 and parameters: {'gradient_clip_val': 0.15521051663365787, 'hidden_size': 7, 'dropout': 0.33159721009620235, 'hidden_continuous_size': 6, 'attention_head_size': 1, 'learning_rate': 0.017023614731443055}. Best is trial 6 with value: 162.2286834716797.
LOCAL_RANK: 0 - CUDA_VISIBLE_DEVICES: [0]
[I 2023-12-15 20:21:38,132] Trial 8 finished with value: 235.9694061279297 and parameters: {'gradient_clip_val': 0.2755370686406716, 'hidden_size': 8, 'dropout': 0.389865469396513, 'hidden_continuous_size': 6, 'attention_head_size': 4, 'learning_rate': 0.0033654757176507103}. Best is trial 6 with value: 162.2286834716797.
LOCAL_RANK: 0 - CUDA_VISIBLE_DEVICES: [0]
[I 2023-12-15 20:22:27,719] Trial 9 finished with value: 300.8658142089844 and parameters: {'gradient_clip_val': 0.88681429987804, 'hidden_size': 33, 'dropout': 0.18262269301453654, 'hidden_continuous_size': 8, 'attention_head_size': 4, 'learning_rate': 0.017339366712807298}. Best is trial 6 with value: 162.2286834716797.
LOCAL_RANK: 0 - CUDA_VISIBLE_DEVICES: [0]
[I 2023-12-15 20:23:12,412] Trial 10 finished with value: 155.7479705810547 and parameters: {'gradient_clip_val': 0.22447859564952588, 'hidden_size': 14, 'dropout': 0.2666772455691674, 'hidden_continuous_size': 5, 'attention_head_size': 2, 'learning_rate': 0.002471184894929395}. Best is trial 10 with value: 155.7479705810547.
LOCAL_RANK: 0 - CUDA_VISIBLE_DEVICES: [0]
[I 2023-12-15 20:23:57,818] Trial 11 finished with value: 242.2258758544922 and parameters: {'gradient_clip_val': 0.21603704633074874, 'hidden_size': 17, 'dropout': 0.2620305160405261, 'hidden_continuous_size': 5, 'attention_head_size': 2, 'learning_rate': 0.0023967092904716813}. Best is trial 10 with value: 155.7479705810547.
LOCAL_RANK: 0 - CUDA_VISIBLE_DEVICES: [0]
[I 2023-12-15 20:24:43,994] Trial 12 finished with value: 601.9393920898438 and parameters: {'gradient_clip_val': 0.19476111193504708, 'hidden_size': 19, 'dropout': 0.26786315930726173, 'hidden_continuous_size': 5, 'attention_head_size': 2, 'learning_rate': 0.00787437026718678}. Best is trial 10 with value: 155.7479705810547.
LOCAL_RANK: 0 - CUDA_VISIBLE_DEVICES: [0]
[I 2023-12-15 20:25:29,283] Trial 13 finished with value: 249.50743103027344 and parameters: {'gradient_clip_val': 0.12243222905708082, 'hidden_size': 13, 'dropout': 0.23602059609037723, 'hidden_continuous_size': 6, 'attention_head_size': 3, 'learning_rate': 0.001808752410693808}. Best is trial 10 with value: 155.7479705810547.
LOCAL_RANK: 0 - CUDA_VISIBLE_DEVICES: [0]
[I 2023-12-15 20:26:17,318] Trial 14 finished with value: 240.82203674316406 and parameters: {'gradient_clip_val': 0.28727886917095674, 'hidden_size': 25, 'dropout': 0.29348516409865677, 'hidden_continuous_size': 7, 'attention_head_size': 2, 'learning_rate': 0.007716284452700242}. Best is trial 10 with value: 155.7479705810547.
LOCAL_RANK: 0 - CUDA_VISIBLE_DEVICES: [0]
[I 2023-12-15 20:27:10,155] Trial 15 finished with value: 292.8382873535156 and parameters: {'gradient_clip_val': 0.3858766470905329, 'hidden_size': 57, 'dropout': 0.23625493330144182, 'hidden_continuous_size': 11, 'attention_head_size': 3, 'learning_rate': 0.0013405368557661685}. Best is trial 10 with value: 155.7479705810547.
LOCAL_RANK: 0 - CUDA_VISIBLE_DEVICES: [0]
[I 2023-12-15 20:27:56,317] Trial 16 finished with value: 327.47503662109375 and parameters: {'gradient_clip_val': 0.21294371738423815, 'hidden_size': 19, 'dropout': 0.28621035636286946, 'hidden_continuous_size': 5, 'attention_head_size': 2, 'learning_rate': 0.0005226317703049341}. Best is trial 10 with value: 155.7479705810547.
LOCAL_RANK: 0 - CUDA_VISIBLE_DEVICES: [0]
[I 2023-12-15 20:28:41,375] Trial 17 finished with value: 324.4744873046875 and parameters: {'gradient_clip_val': 0.10628641594670334, 'hidden_size': 13, 'dropout': 0.33336663382762666, 'hidden_continuous_size': 5, 'attention_head_size': 3, 'learning_rate': 0.004152306444844144}. Best is trial 10 with value: 155.7479705810547.
LOCAL_RANK: 0 - CUDA_VISIBLE_DEVICES: [0]
[I 2023-12-15 20:29:29,314] Trial 18 finished with value: 297.2135925292969 and parameters: {'gradient_clip_val': 0.15948358206200858, 'hidden_size': 25, 'dropout': 0.3532867799768179, 'hidden_continuous_size': 7, 'attention_head_size': 2, 'learning_rate': 0.009760160665209235}. Best is trial 10 with value: 155.7479705810547.
LOCAL_RANK: 0 - CUDA_VISIBLE_DEVICES: [0]
[I 2023-12-15 20:30:18,616] Trial 19 finished with value: 364.9891662597656 and parameters: {'gradient_clip_val': 0.23732892749799464, 'hidden_size': 35, 'dropout': 0.3004070302423123, 'hidden_continuous_size': 9, 'attention_head_size': 3, 'learning_rate': 0.0011363742227006647}. Best is trial 10 with value: 155.7479705810547.
LOCAL_RANK: 0 - CUDA_VISIBLE_DEVICES: [0]
[I 2023-12-15 20:31:11,261] Trial 20 finished with value: 509.5382385253906 and parameters: {'gradient_clip_val': 0.37499037990789674, 'hidden_size': 60, 'dropout': 0.22386136561493133, 'hidden_continuous_size': 12, 'attention_head_size': 2, 'learning_rate': 0.003254528108862629}. Best is trial 10 with value: 155.7479705810547.
LOCAL_RANK: 0 - CUDA_VISIBLE_DEVICES: [0]
[I 2023-12-15 20:31:55,451] Trial 21 finished with value: 383.1972961425781 and parameters: {'gradient_clip_val': 0.2686734901941701, 'hidden_size': 8, 'dropout': 0.3994391274043019, 'hidden_continuous_size': 6, 'attention_head_size': 4, 'learning_rate': 0.0030464134001810545}. Best is trial 10 with value: 155.7479705810547.
LOCAL_RANK: 0 - CUDA_VISIBLE_DEVICES: [0]
[I 2023-12-15 20:32:39,160] Trial 22 finished with value: 481.1882629394531 and parameters: {'gradient_clip_val': 0.2734516360259101, 'hidden_size': 8, 'dropout': 0.36698515172687995, 'hidden_continuous_size': 5, 'attention_head_size': 3, 'learning_rate': 0.004260945709221113}. Best is trial 10 with value: 155.7479705810547.
LOCAL_RANK: 0 - CUDA_VISIBLE_DEVICES: [0]
[I 2023-12-15 20:33:24,806] Trial 23 finished with value: 184.869873046875 and parameters: {'gradient_clip_val': 0.17609841118469344, 'hidden_size': 10, 'dropout': 0.3544314312063737, 'hidden_continuous_size': 6, 'attention_head_size': 4, 'learning_rate': 0.002147694687805113}. Best is trial 10 with value: 155.7479705810547.
LOCAL_RANK: 0 - CUDA_VISIBLE_DEVICES: [0]
[I 2023-12-15 20:34:10,101] Trial 24 finished with value: 153.1230010986328 and parameters: {'gradient_clip_val': 0.18083126840104455, 'hidden_size': 15, 'dropout': 0.28082566390380853, 'hidden_continuous_size': 6, 'attention_head_size': 3, 'learning_rate': 0.002340343139216172}. Best is trial 24 with value: 153.1230010986328.
LOCAL_RANK: 0 - CUDA_VISIBLE_DEVICES: [0]
[I 2023-12-15 20:34:54,763] Trial 25 finished with value: 415.8678283691406 and parameters: {'gradient_clip_val': 0.1825884274624905, 'hidden_size': 16, 'dropout': 0.27744335825050476, 'hidden_continuous_size': 6, 'attention_head_size': 3, 'learning_rate': 0.005913085026144944}. Best is trial 24 with value: 153.1230010986328.
LOCAL_RANK: 0 - CUDA_VISIBLE_DEVICES: [0]
[I 2023-12-15 20:35:38,843] Trial 26 finished with value: 350.8992919921875 and parameters: {'gradient_clip_val': 0.22554918701367332, 'hidden_size': 16, 'dropout': 0.25613093065644793, 'hidden_continuous_size': 5, 'attention_head_size': 3, 'learning_rate': 0.001436803975078564}. Best is trial 24 with value: 153.1230010986328.
LOCAL_RANK: 0 - CUDA_VISIBLE_DEVICES: [0]
[I 2023-12-15 20:36:27,002] Trial 27 finished with value: 253.7186737060547 and parameters: {'gradient_clip_val': 0.16370843705889626, 'hidden_size': 23, 'dropout': 0.30707107204944045, 'hidden_continuous_size': 7, 'attention_head_size': 2, 'learning_rate': 0.0009454590621611564}. Best is trial 24 with value: 153.1230010986328.
LOCAL_RANK: 0 - CUDA_VISIBLE_DEVICES: [0]
[I 2023-12-15 20:37:14,333] Trial 28 finished with value: 229.27992248535156 and parameters: {'gradient_clip_val': 0.23473870072381636, 'hidden_size': 21, 'dropout': 0.2714312997347867, 'hidden_continuous_size': 6, 'attention_head_size': 3, 'learning_rate': 0.001867015087081267}. Best is trial 24 with value: 153.1230010986328.
LOCAL_RANK: 0 - CUDA_VISIBLE_DEVICES: [0]
[I 2023-12-15 20:37:58,614] Trial 29 finished with value: 545.7811279296875 and parameters: {'gradient_clip_val': 0.32247701034659293, 'hidden_size': 11, 'dropout': 0.3173782856759259, 'hidden_continuous_size': 5, 'attention_head_size': 1, 'learning_rate': 0.010604002357160063}. Best is trial 24 with value: 153.1230010986328.
LOCAL_RANK: 0 - CUDA_VISIBLE_DEVICES: [0]
[I 2023-12-15 20:38:43,581] Trial 30 finished with value: 345.5765686035156 and parameters: {'gradient_clip_val': 0.14118521862259684, 'hidden_size': 15, 'dropout': 0.2923003686131255, 'hidden_continuous_size': 5, 'attention_head_size': 2, 'learning_rate': 0.0025060602336072746}. Best is trial 24 with value: 153.1230010986328.
LOCAL_RANK: 0 - CUDA_VISIBLE_DEVICES: [0]
[I 2023-12-15 20:39:17,890] Trial 31 finished with value: 267.4684143066406 and parameters: {'gradient_clip_val': 0.1864429077910997, 'hidden_size': 5, 'dropout': 0.3403368364739777, 'hidden_continuous_size': 5, 'attention_head_size': 4, 'learning_rate': 0.0021916864930511403}. Best is trial 24 with value: 153.1230010986328.
LOCAL_RANK: 0 - CUDA_VISIBLE_DEVICES: [0]
[I 2023-12-15 20:40:02,981] Trial 32 finished with value: 172.7305145263672 and parameters: {'gradient_clip_val': 0.1857629192006838, 'hidden_size': 10, 'dropout': 0.319035699328963, 'hidden_continuous_size': 6, 'attention_head_size': 3, 'learning_rate': 0.0014659469927085886}. Best is trial 24 with value: 153.1230010986328.
LOCAL_RANK: 0 - CUDA_VISIBLE_DEVICES: [0]
[I 2023-12-15 20:40:48,011] Trial 33 finished with value: 404.9302673339844 and parameters: {'gradient_clip_val': 0.20001922498191044, 'hidden_size': 10, 'dropout': 0.30814233116094136, 'hidden_continuous_size': 6, 'attention_head_size': 3, 'learning_rate': 0.0015662529305274214}. Best is trial 24 with value: 153.1230010986328.
LOCAL_RANK: 0 - CUDA_VISIBLE_DEVICES: [0]
[I 2023-12-15 20:41:35,673] Trial 34 finished with value: 352.6524658203125 and parameters: {'gradient_clip_val': 0.14865332046220422, 'hidden_size': 21, 'dropout': 0.3225814859707956, 'hidden_continuous_size': 7, 'attention_head_size': 3, 'learning_rate': 0.0009180329184393357}. Best is trial 24 with value: 153.1230010986328.
LOCAL_RANK: 0 - CUDA_VISIBLE_DEVICES: [0]
[I 2023-12-15 20:42:21,288] Trial 35 finished with value: 185.5823516845703 and parameters: {'gradient_clip_val': 0.13193906347670625, 'hidden_size': 15, 'dropout': 0.28384047093300124, 'hidden_continuous_size': 7, 'attention_head_size': 3, 'learning_rate': 0.0009453786725161151}. Best is trial 24 with value: 153.1230010986328.
LOCAL_RANK: 0 - CUDA_VISIBLE_DEVICES: [0]
[I 2023-12-15 20:43:10,152] Trial 36 finished with value: 230.48211669921875 and parameters: {'gradient_clip_val': 0.24202545653970603, 'hidden_size': 30, 'dropout': 0.3192046481381168, 'hidden_continuous_size': 8, 'attention_head_size': 3, 'learning_rate': 0.03841490269445652}. Best is trial 24 with value: 153.1230010986328.
LOCAL_RANK: 0 - CUDA_VISIBLE_DEVICES: [0]
[I 2023-12-15 20:43:57,924] Trial 37 finished with value: 332.5210266113281 and parameters: {'gradient_clip_val': 0.1728488038588106, 'hidden_size': 28, 'dropout': 0.3030374328289621, 'hidden_continuous_size': 9, 'attention_head_size': 2, 'learning_rate': 0.005129502792732075}. Best is trial 24 with value: 153.1230010986328.
LOCAL_RANK: 0 - CUDA_VISIBLE_DEVICES: [0]
[I 2023-12-15 20:44:42,438] Trial 38 finished with value: 290.7362060546875 and parameters: {'gradient_clip_val': 0.19075360672236866, 'hidden_size': 13, 'dropout': 0.2503791084263666, 'hidden_continuous_size': 6, 'attention_head_size': 1, 'learning_rate': 0.0007405841008140741}. Best is trial 24 with value: 153.1230010986328.
LOCAL_RANK: 0 - CUDA_VISIBLE_DEVICES: [0]
[I 2023-12-15 20:45:27,633] Trial 39 finished with value: 480.2247009277344 and parameters: {'gradient_clip_val': 0.20545524263436302, 'hidden_size': 11, 'dropout': 0.2775195511181071, 'hidden_continuous_size': 6, 'attention_head_size': 3, 'learning_rate': 0.0012819222036835175}. Best is trial 24 with value: 153.1230010986328.
LOCAL_RANK: 0 - CUDA_VISIBLE_DEVICES: [0]
[I 2023-12-15 20:46:19,855] Trial 40 finished with value: 272.6356201171875 and parameters: {'gradient_clip_val': 0.25028650360699056, 'hidden_size': 39, 'dropout': 0.3363501350685172, 'hidden_continuous_size': 15, 'attention_head_size': 4, 'learning_rate': 0.002560910793059451}. Best is trial 24 with value: 153.1230010986328.
LOCAL_RANK: 0 - CUDA_VISIBLE_DEVICES: [0]
[I 2023-12-15 20:47:05,642] Trial 41 finished with value: 461.6818542480469 and parameters: {'gradient_clip_val': 0.17552525471861524, 'hidden_size': 10, 'dropout': 0.347067645623638, 'hidden_continuous_size': 6, 'attention_head_size': 4, 'learning_rate': 0.001982030952256635}. Best is trial 24 with value: 153.1230010986328.
LOCAL_RANK: 0 - CUDA_VISIBLE_DEVICES: [0]
[I 2023-12-15 20:47:51,242] Trial 42 finished with value: 337.3128356933594 and parameters: {'gradient_clip_val': 0.15816890515150964, 'hidden_size': 10, 'dropout': 0.32345309885878737, 'hidden_continuous_size': 6, 'attention_head_size': 4, 'learning_rate': 0.001760019650813522}. Best is trial 24 with value: 153.1230010986328.
LOCAL_RANK: 0 - CUDA_VISIBLE_DEVICES: [0]
[I 2023-12-15 20:48:38,184] Trial 43 finished with value: 286.7046813964844 and parameters: {'gradient_clip_val': 0.21691105828761284, 'hidden_size': 18, 'dropout': 0.3540994181086845, 'hidden_continuous_size': 7, 'attention_head_size': 4, 'learning_rate': 0.0026909254943737635}. Best is trial 24 with value: 153.1230010986328.
LOCAL_RANK: 0 - CUDA_VISIBLE_DEVICES: [0]
