[I 2023-12-15 23:48:04,744] Trial 24 finished with value: 18.1601619720459 and parameters: {'gradient_clip_val': 0.17677155437307643, 'hidden_size': 5, 'dropout': 0.3686662474481346, 'hidden_continuous_size': 5, 'attention_head_size': 3, 'learning_rate': 0.008536420674276072}. Best is trial 17 with value: 5.334169864654541.
LOCAL_RANK: 0 - CUDA_VISIBLE_DEVICES: [0]
[I 2023-12-15 23:48:49,384] Trial 25 finished with value: 9.855504035949707 and parameters: {'gradient_clip_val': 0.16464881184719624, 'hidden_size': 7, 'dropout': 0.3901070133940351, 'hidden_continuous_size': 5, 'attention_head_size': 2, 'learning_rate': 0.004675694170267304}. Best is trial 17 with value: 5.334169864654541.
LOCAL_RANK: 0 - CUDA_VISIBLE_DEVICES: [0]
[I 2023-12-15 23:49:34,422] Trial 26 finished with value: 8.53467082977295 and parameters: {'gradient_clip_val': 0.22192486907811143, 'hidden_size': 10, 'dropout': 0.3535798872517089, 'hidden_continuous_size': 6, 'attention_head_size': 3, 'learning_rate': 0.0024028023667412393}. Best is trial 17 with value: 5.334169864654541.
LOCAL_RANK: 0 - CUDA_VISIBLE_DEVICES: [0]
[I 2023-12-15 23:50:18,549] Trial 27 finished with value: 18.708131790161133 and parameters: {'gradient_clip_val': 0.12820460095327343, 'hidden_size': 8, 'dropout': 0.3997543933354285, 'hidden_continuous_size': 5, 'attention_head_size': 4, 'learning_rate': 0.010044149274668285}. Best is trial 17 with value: 5.334169864654541.
LOCAL_RANK: 0 - CUDA_VISIBLE_DEVICES: [0]
[I 2023-12-15 23:50:52,270] Trial 28 finished with value: 18.5321102142334 and parameters: {'gradient_clip_val': 0.16131094616750336, 'hidden_size': 5, 'dropout': 0.3668464889867341, 'hidden_continuous_size': 5, 'attention_head_size': 3, 'learning_rate': 0.00638964588608143}. Best is trial 17 with value: 5.334169864654541.
LOCAL_RANK: 0 - CUDA_VISIBLE_DEVICES: [0]
[I 2023-12-15 23:51:37,341] Trial 29 finished with value: 12.426751136779785 and parameters: {'gradient_clip_val': 0.11976169373796507, 'hidden_size': 13, 'dropout': 0.32837509240877444, 'hidden_continuous_size': 6, 'attention_head_size': 3, 'learning_rate': 0.002540692974322386}. Best is trial 17 with value: 5.334169864654541.
LOCAL_RANK: 0 - CUDA_VISIBLE_DEVICES: [0]
[I 2023-12-15 23:52:22,076] Trial 30 finished with value: 9.122193336486816 and parameters: {'gradient_clip_val': 0.19190231866498997, 'hidden_size': 6, 'dropout': 0.3760476134955976, 'hidden_continuous_size': 5, 'attention_head_size': 2, 'learning_rate': 0.0038153476307836286}. Best is trial 17 with value: 5.334169864654541.
LOCAL_RANK: 0 - CUDA_VISIBLE_DEVICES: [0]
[I 2023-12-15 23:53:06,225] Trial 31 finished with value: 12.645530700683594 and parameters: {'gradient_clip_val': 0.11870437488728357, 'hidden_size': 12, 'dropout': 0.31580883673036486, 'hidden_continuous_size': 7, 'attention_head_size': 3, 'learning_rate': 0.0008751368077166376}. Best is trial 17 with value: 5.334169864654541.
LOCAL_RANK: 0 - CUDA_VISIBLE_DEVICES: [0]
[I 2023-12-15 23:53:51,500] Trial 32 finished with value: 6.98257303237915 and parameters: {'gradient_clip_val': 0.15038772042538587, 'hidden_size': 11, 'dropout': 0.3453369883809958, 'hidden_continuous_size': 6, 'attention_head_size': 3, 'learning_rate': 0.002314815664040744}. Best is trial 17 with value: 5.334169864654541.
LOCAL_RANK: 0 - CUDA_VISIBLE_DEVICES: [0]
[I 2023-12-15 23:54:36,388] Trial 33 finished with value: 11.062667846679688 and parameters: {'gradient_clip_val': 0.15068515473135397, 'hidden_size': 11, 'dropout': 0.345784132053465, 'hidden_continuous_size': 6, 'attention_head_size': 3, 'learning_rate': 0.001966752095656123}. Best is trial 17 with value: 5.334169864654541.
LOCAL_RANK: 0 - CUDA_VISIBLE_DEVICES: [0]
[I 2023-12-15 23:55:21,543] Trial 34 finished with value: 11.614724159240723 and parameters: {'gradient_clip_val': 0.13042945998144756, 'hidden_size': 9, 'dropout': 0.3705164914968729, 'hidden_continuous_size': 6, 'attention_head_size': 3, 'learning_rate': 0.0020170274103712697}. Best is trial 17 with value: 5.334169864654541.
LOCAL_RANK: 0 - CUDA_VISIBLE_DEVICES: [0]
[I 2023-12-15 23:56:08,520] Trial 35 finished with value: 4.307338237762451 and parameters: {'gradient_clip_val': 0.16205060760175288, 'hidden_size': 18, 'dropout': 0.3790967521032301, 'hidden_continuous_size': 7, 'attention_head_size': 4, 'learning_rate': 0.0029577666416923105}. Best is trial 35 with value: 4.307338237762451.
LOCAL_RANK: 0 - CUDA_VISIBLE_DEVICES: [0]
[I 2023-12-15 23:56:55,322] Trial 36 finished with value: 17.088951110839844 and parameters: {'gradient_clip_val': 0.19892598124787753, 'hidden_size': 18, 'dropout': 0.37741067756759206, 'hidden_continuous_size': 7, 'attention_head_size': 4, 'learning_rate': 0.004949070596656176}. Best is trial 35 with value: 4.307338237762451.
LOCAL_RANK: 0 - CUDA_VISIBLE_DEVICES: [0]
[I 2023-12-15 23:57:41,456] Trial 37 finished with value: 10.437019348144531 and parameters: {'gradient_clip_val': 0.16681536634464192, 'hidden_size': 15, 'dropout': 0.39675142828083826, 'hidden_continuous_size': 7, 'attention_head_size': 4, 'learning_rate': 0.003004819750617854}. Best is trial 35 with value: 4.307338237762451.
LOCAL_RANK: 0 - CUDA_VISIBLE_DEVICES: [0]
[I 2023-12-15 23:58:25,930] Trial 38 finished with value: 13.37945556640625 and parameters: {'gradient_clip_val': 0.11513198464594866, 'hidden_size': 8, 'dropout': 0.3283827504942556, 'hidden_continuous_size': 5, 'attention_head_size': 4, 'learning_rate': 0.0015643486226506254}. Best is trial 35 with value: 4.307338237762451.
LOCAL_RANK: 0 - CUDA_VISIBLE_DEVICES: [0]
[I 2023-12-15 23:59:13,107] Trial 39 finished with value: 10.280052185058594 and parameters: {'gradient_clip_val': 0.2628252089092733, 'hidden_size': 18, 'dropout': 0.38211020746977237, 'hidden_continuous_size': 11, 'attention_head_size': 2, 'learning_rate': 0.0035890859676764777}. Best is trial 35 with value: 4.307338237762451.
LOCAL_RANK: 0 - CUDA_VISIBLE_DEVICES: [0]
[I 2023-12-15 23:59:58,643] Trial 40 finished with value: 14.764521598815918 and parameters: {'gradient_clip_val': 0.23394187637174632, 'hidden_size': 13, 'dropout': 0.3569575765566272, 'hidden_continuous_size': 6, 'attention_head_size': 4, 'learning_rate': 0.005536944289025307}. Best is trial 35 with value: 4.307338237762451.
LOCAL_RANK: 0 - CUDA_VISIBLE_DEVICES: [0]
[I 2023-12-16 00:00:43,968] Trial 41 finished with value: 8.370137214660645 and parameters: {'gradient_clip_val': 0.15229386467447992, 'hidden_size': 10, 'dropout': 0.348247500670552, 'hidden_continuous_size': 6, 'attention_head_size': 3, 'learning_rate': 0.002261631473902881}. Best is trial 35 with value: 4.307338237762451.
LOCAL_RANK: 0 - CUDA_VISIBLE_DEVICES: [0]
[I 2023-12-16 00:01:37,857] Trial 42 finished with value: 8.083141326904297 and parameters: {'gradient_clip_val': 0.19822793975427036, 'hidden_size': 86, 'dropout': 0.37938420227609665, 'hidden_continuous_size': 12, 'attention_head_size': 3, 'learning_rate': 0.003260323511883952}. Best is trial 35 with value: 4.307338237762451.
LOCAL_RANK: 0 - CUDA_VISIBLE_DEVICES: [0]
[I 2023-12-16 00:02:23,388] Trial 43 finished with value: 11.454376220703125 and parameters: {'gradient_clip_val': 0.17484530859951536, 'hidden_size': 11, 'dropout': 0.39915325521462736, 'hidden_continuous_size': 6, 'attention_head_size': 3, 'learning_rate': 0.0027354997998915954}. Best is trial 35 with value: 4.307338237762451.
LOCAL_RANK: 0 - CUDA_VISIBLE_DEVICES: [0]
[I 2023-12-16 00:03:06,994] Trial 44 finished with value: 11.466339111328125 and parameters: {'gradient_clip_val': 0.14104170024316243, 'hidden_size': 8, 'dropout': 0.3413410268268983, 'hidden_continuous_size': 5, 'attention_head_size': 3, 'learning_rate': 0.0017465093518140536}. Best is trial 35 with value: 4.307338237762451.
LOCAL_RANK: 0 - CUDA_VISIBLE_DEVICES: [0]
[I 2023-12-16 00:03:52,915] Trial 45 finished with value: 4.970710277557373 and parameters: {'gradient_clip_val': 0.12536062322470523, 'hidden_size': 20, 'dropout': 0.364790378601098, 'hidden_continuous_size': 7, 'attention_head_size': 2, 'learning_rate': 0.0013103511882805406}. Best is trial 35 with value: 4.307338237762451.
LOCAL_RANK: 0 - CUDA_VISIBLE_DEVICES: [0]
[I 2023-12-16 00:04:41,456] Trial 46 finished with value: 20.30659294128418 and parameters: {'gradient_clip_val': 0.12828851001957392, 'hidden_size': 26, 'dropout': 0.3805056286211554, 'hidden_continuous_size': 10, 'attention_head_size': 2, 'learning_rate': 0.0015122834110215429}. Best is trial 35 with value: 4.307338237762451.
LOCAL_RANK: 0 - CUDA_VISIBLE_DEVICES: [0]
[I 2023-12-16 00:05:28,068] Trial 47 finished with value: 7.000698089599609 and parameters: {'gradient_clip_val': 0.10973031604385121, 'hidden_size': 19, 'dropout': 0.3649448999533014, 'hidden_continuous_size': 7, 'attention_head_size': 2, 'learning_rate': 0.0012810928216310938}. Best is trial 35 with value: 4.307338237762451.
LOCAL_RANK: 0 - CUDA_VISIBLE_DEVICES: [0]
[I 2023-12-16 00:06:15,707] Trial 48 finished with value: 5.009305000305176 and parameters: {'gradient_clip_val': 0.20366561743183403, 'hidden_size': 21, 'dropout': 0.3807889915676217, 'hidden_continuous_size': 8, 'attention_head_size': 2, 'learning_rate': 0.0010167749746715004}. Best is trial 35 with value: 4.307338237762451.
LOCAL_RANK: 0 - CUDA_VISIBLE_DEVICES: [0]
[I 2023-12-16 00:07:02,959] Trial 49 finished with value: 10.507370948791504 and parameters: {'gradient_clip_val': 0.23959770768365, 'hidden_size': 21, 'dropout': 0.3633573376382626, 'hidden_continuous_size': 8, 'attention_head_size': 1, 'learning_rate': 0.000698099716304169}. Best is trial 35 with value: 4.307338237762451.
[I 2023-12-16 00:07:03,052] A new study created in memory with name: no-name-d6896741-a2b8-4134-b580-1c98d4bf27dc
/home/le004/conda/anaconda3/envs/tsff_env/lib/python3.9/site-packages/lightning/fabric/plugins/environments/slurm.py:191: The `srun` command is available on your system but is not used. HINT: If your intention is to run Lightning on SLURM, prepend your python command with `srun` like so: srun python /home/le004/master_thesis/git/TSFusionForecast/code/ ...
LOCAL_RANK: 0 - CUDA_VISIBLE_DEVICES: [0]
[I 2023-12-16 00:07:55,972] Trial 0 finished with value: 21.527847290039062 and parameters: {'gradient_clip_val': 0.24284471549240522, 'hidden_size': 88, 'dropout': 0.28383147468883185, 'hidden_continuous_size': 10, 'attention_head_size': 4, 'learning_rate': 0.0006425245666874437}. Best is trial 0 with value: 21.527847290039062.
LOCAL_RANK: 0 - CUDA_VISIBLE_DEVICES: [0]
[I 2023-12-16 00:08:44,553] Trial 1 finished with value: 59.00541305541992 and parameters: {'gradient_clip_val': 0.8961379117122094, 'hidden_size': 48, 'dropout': 0.2060030525935558, 'hidden_continuous_size': 5, 'attention_head_size': 1, 'learning_rate': 0.001107299666836547}. Best is trial 0 with value: 21.527847290039062.
LOCAL_RANK: 0 - CUDA_VISIBLE_DEVICES: [0]
[I 2023-12-16 00:09:27,878] Trial 2 finished with value: 13.430222511291504 and parameters: {'gradient_clip_val': 0.15937463133865432, 'hidden_size': 8, 'dropout': 0.2757957825683622, 'hidden_continuous_size': 5, 'attention_head_size': 1, 'learning_rate': 0.010680618817459193}. Best is trial 2 with value: 13.430222511291504.
LOCAL_RANK: 0 - CUDA_VISIBLE_DEVICES: [0]
[I 2023-12-16 00:10:15,895] Trial 3 finished with value: 14.551648139953613 and parameters: {'gradient_clip_val': 0.5541505094234784, 'hidden_size': 23, 'dropout': 0.37957840261499365, 'hidden_continuous_size': 8, 'attention_head_size': 2, 'learning_rate': 0.0013577303544884205}. Best is trial 2 with value: 13.430222511291504.
LOCAL_RANK: 0 - CUDA_VISIBLE_DEVICES: [0]
[I 2023-12-16 00:11:09,078] Trial 4 finished with value: 14.446362495422363 and parameters: {'gradient_clip_val': 0.16889735299262387, 'hidden_size': 88, 'dropout': 0.22347485140187945, 'hidden_continuous_size': 8, 'attention_head_size': 3, 'learning_rate': 0.0006290829909506605}. Best is trial 2 with value: 13.430222511291504.
LOCAL_RANK: 0 - CUDA_VISIBLE_DEVICES: [0]
[I 2023-12-16 00:11:54,662] Trial 5 finished with value: 49.3734130859375 and parameters: {'gradient_clip_val': 0.44110930149713085, 'hidden_size': 16, 'dropout': 0.11029904487778369, 'hidden_continuous_size': 11, 'attention_head_size': 3, 'learning_rate': 0.05049239111038358}. Best is trial 2 with value: 13.430222511291504.
LOCAL_RANK: 0 - CUDA_VISIBLE_DEVICES: [0]
[I 2023-12-16 00:12:38,786] Trial 6 finished with value: 16.43821907043457 and parameters: {'gradient_clip_val': 0.1203455489049586, 'hidden_size': 6, 'dropout': 0.15533346281522875, 'hidden_continuous_size': 5, 'attention_head_size': 1, 'learning_rate': 0.028166867326052305}. Best is trial 2 with value: 13.430222511291504.
LOCAL_RANK: 0 - CUDA_VISIBLE_DEVICES: [0]
[I 2023-12-16 00:13:27,999] Trial 7 finished with value: 38.10359191894531 and parameters: {'gradient_clip_val': 0.3857784801486945, 'hidden_size': 39, 'dropout': 0.1709951359360819, 'hidden_continuous_size': 8, 'attention_head_size': 2, 'learning_rate': 0.005411832629142038}. Best is trial 2 with value: 13.430222511291504.
LOCAL_RANK: 0 - CUDA_VISIBLE_DEVICES: [0]
[I 2023-12-16 00:14:20,270] Trial 8 finished with value: 30.585947036743164 and parameters: {'gradient_clip_val': 0.24776442538088747, 'hidden_size': 46, 'dropout': 0.25117510546154964, 'hidden_continuous_size': 15, 'attention_head_size': 3, 'learning_rate': 0.001266332911436094}. Best is trial 2 with value: 13.430222511291504.
LOCAL_RANK: 0 - CUDA_VISIBLE_DEVICES: [0]
[I 2023-12-16 00:15:04,136] Trial 9 finished with value: 24.288000106811523 and parameters: {'gradient_clip_val': 0.16900848910857388, 'hidden_size': 12, 'dropout': 0.23401441503049925, 'hidden_continuous_size': 8, 'attention_head_size': 2, 'learning_rate': 0.01246922831391021}. Best is trial 2 with value: 13.430222511291504.
LOCAL_RANK: 0 - CUDA_VISIBLE_DEVICES: [0]
[I 2023-12-16 00:15:37,647] Trial 10 finished with value: 106.7175521850586 and parameters: {'gradient_clip_val': 0.1075243569211836, 'hidden_size': 5, 'dropout': 0.3143823093257721, 'hidden_continuous_size': 5, 'attention_head_size': 1, 'learning_rate': 0.07619579612605608}. Best is trial 2 with value: 13.430222511291504.
LOCAL_RANK: 0 - CUDA_VISIBLE_DEVICES: [0]
[I 2023-12-16 00:16:33,526] Trial 11 finished with value: 54.044097900390625 and parameters: {'gradient_clip_val': 0.17159606410618253, 'hidden_size': 99, 'dropout': 0.3046408740879649, 'hidden_continuous_size': 32, 'attention_head_size': 4, 'learning_rate': 0.004840438877424924}. Best is trial 2 with value: 13.430222511291504.
LOCAL_RANK: 0 - CUDA_VISIBLE_DEVICES: [0]
[I 2023-12-16 00:17:18,655] Trial 12 finished with value: 21.282209396362305 and parameters: {'gradient_clip_val': 0.15937772717538465, 'hidden_size': 9, 'dropout': 0.25408252914286883, 'hidden_continuous_size': 6, 'attention_head_size': 3, 'learning_rate': 0.00287867207684565}. Best is trial 2 with value: 13.430222511291504.
LOCAL_RANK: 0 - CUDA_VISIBLE_DEVICES: [0]
[I 2023-12-16 00:18:06,809] Trial 13 finished with value: 31.78851890563965 and parameters: {'gradient_clip_val': 0.10050605046691616, 'hidden_size': 23, 'dropout': 0.20187019252906654, 'hidden_continuous_size': 6, 'attention_head_size': 3, 'learning_rate': 0.0155926984945143}. Best is trial 2 with value: 13.430222511291504.
LOCAL_RANK: 0 - CUDA_VISIBLE_DEVICES: [0]
[I 2023-12-16 00:18:51,183] Trial 14 finished with value: 18.365938186645508 and parameters: {'gradient_clip_val': 0.24562669136611331, 'hidden_size': 9, 'dropout': 0.3401115849287957, 'hidden_continuous_size': 5, 'attention_head_size': 2, 'learning_rate': 0.0005475557008136062}. Best is trial 2 with value: 13.430222511291504.
LOCAL_RANK: 0 - CUDA_VISIBLE_DEVICES: [0]
[I 2023-12-16 00:19:40,280] Trial 15 finished with value: 18.56328582763672 and parameters: {'gradient_clip_val': 0.15434497406008285, 'hidden_size': 29, 'dropout': 0.27783124801085857, 'hidden_continuous_size': 7, 'attention_head_size': 4, 'learning_rate': 0.009569341685148364}. Best is trial 2 with value: 13.430222511291504.
LOCAL_RANK: 0 - CUDA_VISIBLE_DEVICES: [0]
[I 2023-12-16 00:20:24,815] Trial 16 finished with value: 18.51716423034668 and parameters: {'gradient_clip_val': 0.19594996279576016, 'hidden_size': 15, 'dropout': 0.23071394770254622, 'hidden_continuous_size': 6, 'attention_head_size': 1, 'learning_rate': 0.0031034264637743387}. Best is trial 2 with value: 13.430222511291504.
LOCAL_RANK: 0 - CUDA_VISIBLE_DEVICES: [0]
[I 2023-12-16 00:21:20,099] Trial 17 finished with value: 19.960081100463867 and parameters: {'gradient_clip_val': 0.13364636222185244, 'hidden_size': 67, 'dropout': 0.34501424713851553, 'hidden_continuous_size': 66, 'attention_head_size': 2, 'learning_rate': 0.020547995981258577}. Best is trial 2 with value: 13.430222511291504.
LOCAL_RANK: 0 - CUDA_VISIBLE_DEVICES: [0]
[I 2023-12-16 00:22:09,425] Trial 18 finished with value: 23.156982421875 and parameters: {'gradient_clip_val': 0.13543438200188232, 'hidden_size': 30, 'dropout': 0.26937761229513457, 'hidden_continuous_size': 10, 'attention_head_size': 3, 'learning_rate': 0.007707204780095748}. Best is trial 2 with value: 13.430222511291504.
LOCAL_RANK: 0 - CUDA_VISIBLE_DEVICES: [0]
[I 2023-12-16 00:23:02,715] Trial 19 finished with value: 28.846235275268555 and parameters: {'gradient_clip_val': 0.20697730130906172, 'hidden_size': 65, 'dropout': 0.39298009667499323, 'hidden_continuous_size': 14, 'attention_head_size': 4, 'learning_rate': 0.0028924126191269633}. Best is trial 2 with value: 13.430222511291504.
LOCAL_RANK: 0 - CUDA_VISIBLE_DEVICES: [0]
[I 2023-12-16 00:23:48,181] Trial 20 finished with value: 15.301139831542969 and parameters: {'gradient_clip_val': 0.28496556078801594, 'hidden_size': 20, 'dropout': 0.21894100806218025, 'hidden_continuous_size': 7, 'attention_head_size': 1, 'learning_rate': 0.026943143692485728}. Best is trial 2 with value: 13.430222511291504.
LOCAL_RANK: 0 - CUDA_VISIBLE_DEVICES: [0]
[I 2023-12-16 00:24:37,261] Trial 21 finished with value: 17.950836181640625 and parameters: {'gradient_clip_val': 0.3586485892739596, 'hidden_size': 33, 'dropout': 0.39119319922663515, 'hidden_continuous_size': 9, 'attention_head_size': 2, 'learning_rate': 0.0012647038232399541}. Best is trial 2 with value: 13.430222511291504.
LOCAL_RANK: 0 - CUDA_VISIBLE_DEVICES: [0]
[I 2023-12-16 00:25:23,439] Trial 22 finished with value: 16.98113441467285 and parameters: {'gradient_clip_val': 0.5234735875358446, 'hidden_size': 18, 'dropout': 0.36134733669639174, 'hidden_continuous_size': 7, 'attention_head_size': 2, 'learning_rate': 0.0008844597132144447}. Best is trial 2 with value: 13.430222511291504.
LOCAL_RANK: 0 - CUDA_VISIBLE_DEVICES: [0]
[I 2023-12-16 00:26:10,399] Trial 23 finished with value: 31.081247329711914 and parameters: {'gradient_clip_val': 0.6235202876952106, 'hidden_size': 24, 'dropout': 0.30055067753796394, 'hidden_continuous_size': 6, 'attention_head_size': 3, 'learning_rate': 0.0017770479196571945}. Best is trial 2 with value: 13.430222511291504.
LOCAL_RANK: 0 - CUDA_VISIBLE_DEVICES: [0]
[I 2023-12-16 00:26:54,952] Trial 24 finished with value: 53.90605545043945 and parameters: {'gradient_clip_val': 0.2945218325029742, 'hidden_size': 11, 'dropout': 0.3244388854585644, 'hidden_continuous_size': 5, 'attention_head_size': 1, 'learning_rate': 0.0005035904168624065}. Best is trial 2 with value: 13.430222511291504.
LOCAL_RANK: 0 - CUDA_VISIBLE_DEVICES: [0]
[I 2023-12-16 00:27:39,422] Trial 25 finished with value: 28.32634735107422 and parameters: {'gradient_clip_val': 0.20142537328917126, 'hidden_size': 7, 'dropout': 0.36171453826700145, 'hidden_continuous_size': 5, 'attention_head_size': 2, 'learning_rate': 0.0008039445849131687}. Best is trial 2 with value: 13.430222511291504.
LOCAL_RANK: 0 - CUDA_VISIBLE_DEVICES: [0]
[I 2023-12-16 00:28:25,011] Trial 26 finished with value: 32.711368560791016 and parameters: {'gradient_clip_val': 0.33584736648672864, 'hidden_size': 14, 'dropout': 0.28954430973499296, 'hidden_continuous_size': 7, 'attention_head_size': 3, 'learning_rate': 0.0018534933918110692}. Best is trial 2 with value: 13.430222511291504.
LOCAL_RANK: 0 - CUDA_VISIBLE_DEVICES: [0]
[I 2023-12-16 00:29:13,166] Trial 27 finished with value: 12.759323120117188 and parameters: {'gradient_clip_val': 0.13779971872123806, 'hidden_size': 22, 'dropout': 0.26018084758548266, 'hidden_continuous_size': 8, 'attention_head_size': 2, 'learning_rate': 0.0008546007620904073}. Best is trial 27 with value: 12.759323120117188.
LOCAL_RANK: 0 - CUDA_VISIBLE_DEVICES: [0]
[I 2023-12-16 00:29:59,148] Trial 28 finished with value: 29.833337783813477 and parameters: {'gradient_clip_val': 0.13103596632142156, 'hidden_size': 19, 'dropout': 0.2621888352101485, 'hidden_continuous_size': 6, 'attention_head_size': 1, 'learning_rate': 0.0007639632130936771}. Best is trial 27 with value: 12.759323120117188.
LOCAL_RANK: 0 - CUDA_VISIBLE_DEVICES: [0]
[I 2023-12-16 00:30:51,446] Trial 29 finished with value: 28.0484619140625 and parameters: {'gradient_clip_val': 0.11195464103684608, 'hidden_size': 76, 'dropout': 0.286004832227603, 'hidden_continuous_size': 11, 'attention_head_size': 3, 'learning_rate': 0.0006472933074532835}. Best is trial 27 with value: 12.759323120117188.
LOCAL_RANK: 0 - CUDA_VISIBLE_DEVICES: [0]
[I 2023-12-16 00:31:43,963] Trial 30 finished with value: 16.850187301635742 and parameters: {'gradient_clip_val': 0.14336980455981346, 'hidden_size': 84, 'dropout': 0.23919873953322843, 'hidden_continuous_size': 13, 'attention_head_size': 2, 'learning_rate': 0.0006610940129357843}. Best is trial 27 with value: 12.759323120117188.
LOCAL_RANK: 0 - CUDA_VISIBLE_DEVICES: [0]
[I 2023-12-16 00:32:32,213] Trial 31 finished with value: 18.895877838134766 and parameters: {'gradient_clip_val': 0.18808949621956583, 'hidden_size': 26, 'dropout': 0.2844639424125394, 'hidden_continuous_size': 8, 'attention_head_size': 2, 'learning_rate': 0.0008843899768750708}. Best is trial 27 with value: 12.759323120117188.
LOCAL_RANK: 0 - CUDA_VISIBLE_DEVICES: [0]
