[I 2023-12-15 15:12:42,868] Trial 47 finished with value: 193.8134002685547 and parameters: {'gradient_clip_val': 0.5069517746662345, 'hidden_size': 82, 'dropout': 0.1923662210599977, 'hidden_continuous_size': 31, 'attention_head_size': 3, 'learning_rate': 0.0006900447542753351}. Best is trial 41 with value: 104.56449127197266.
LOCAL_RANK: 0 - CUDA_VISIBLE_DEVICES: [0]
[I 2023-12-15 15:13:35,774] Trial 48 finished with value: 185.7390899658203 and parameters: {'gradient_clip_val': 0.5561232750264921, 'hidden_size': 47, 'dropout': 0.14021274100816075, 'hidden_continuous_size': 20, 'attention_head_size': 3, 'learning_rate': 0.0011912636070884014}. Best is trial 41 with value: 104.56449127197266.
LOCAL_RANK: 0 - CUDA_VISIBLE_DEVICES: [0]
[I 2023-12-15 15:14:29,909] Trial 49 finished with value: 289.1647644042969 and parameters: {'gradient_clip_val': 0.4665287162292692, 'hidden_size': 63, 'dropout': 0.2075825393941262, 'hidden_continuous_size': 16, 'attention_head_size': 4, 'learning_rate': 0.0018486569474388626}. Best is trial 41 with value: 104.56449127197266.
[I 2023-12-15 15:14:30,004] A new study created in memory with name: no-name-39897b1b-f681-4a36-a7e7-c0e75baad2ee
/home/le004/conda/anaconda3/envs/tsff_env/lib/python3.9/site-packages/lightning/fabric/plugins/environments/slurm.py:191: The `srun` command is available on your system but is not used. HINT: If your intention is to run Lightning on SLURM, prepend your python command with `srun` like so: srun python /home/le004/master_thesis/git/TSFusionForecast/code/ ...
LOCAL_RANK: 0 - CUDA_VISIBLE_DEVICES: [0]
[I 2023-12-15 15:15:21,502] Trial 0 finished with value: 110.2925033569336 and parameters: {'gradient_clip_val': 0.14981439085828788, 'hidden_size': 54, 'dropout': 0.21616361783784205, 'hidden_continuous_size': 7, 'attention_head_size': 2, 'learning_rate': 0.0015191794177483095}. Best is trial 0 with value: 110.2925033569336.
LOCAL_RANK: 0 - CUDA_VISIBLE_DEVICES: [0]
[I 2023-12-15 15:16:10,645] Trial 1 finished with value: 61.087554931640625 and parameters: {'gradient_clip_val': 0.26779662037794605, 'hidden_size': 25, 'dropout': 0.29941570582431787, 'hidden_continuous_size': 15, 'attention_head_size': 3, 'learning_rate': 0.00152571532358672}. Best is trial 1 with value: 61.087554931640625.
LOCAL_RANK: 0 - CUDA_VISIBLE_DEVICES: [0]
[I 2023-12-15 15:17:03,663] Trial 2 finished with value: 47.40818405151367 and parameters: {'gradient_clip_val': 0.17173199116917823, 'hidden_size': 55, 'dropout': 0.2339267151476232, 'hidden_continuous_size': 14, 'attention_head_size': 2, 'learning_rate': 0.002069611041139646}. Best is trial 2 with value: 47.40818405151367.
LOCAL_RANK: 0 - CUDA_VISIBLE_DEVICES: [0]
[I 2023-12-15 15:17:56,652] Trial 3 finished with value: 115.63346099853516 and parameters: {'gradient_clip_val': 0.2711407672164454, 'hidden_size': 48, 'dropout': 0.1743160956797477, 'hidden_continuous_size': 38, 'attention_head_size': 4, 'learning_rate': 0.001534764010514613}. Best is trial 2 with value: 47.40818405151367.
LOCAL_RANK: 0 - CUDA_VISIBLE_DEVICES: [0]
[I 2023-12-15 15:18:44,756] Trial 4 finished with value: 79.40497589111328 and parameters: {'gradient_clip_val': 0.8593731332961798, 'hidden_size': 20, 'dropout': 0.18752618782910196, 'hidden_continuous_size': 13, 'attention_head_size': 4, 'learning_rate': 0.008021587281565072}. Best is trial 2 with value: 47.40818405151367.
LOCAL_RANK: 0 - CUDA_VISIBLE_DEVICES: [0]
[I 2023-12-15 15:19:32,390] Trial 5 finished with value: 54.46986389160156 and parameters: {'gradient_clip_val': 0.16214185157262476, 'hidden_size': 28, 'dropout': 0.2890768698622667, 'hidden_continuous_size': 6, 'attention_head_size': 3, 'learning_rate': 0.00113760738772947}. Best is trial 2 with value: 47.40818405151367.
LOCAL_RANK: 0 - CUDA_VISIBLE_DEVICES: [0]
[I 2023-12-15 15:20:20,606] Trial 6 finished with value: 63.8414192199707 and parameters: {'gradient_clip_val': 0.5273488099572304, 'hidden_size': 28, 'dropout': 0.39371792150928353, 'hidden_continuous_size': 11, 'attention_head_size': 3, 'learning_rate': 0.0027300096815112214}. Best is trial 2 with value: 47.40818405151367.
LOCAL_RANK: 0 - CUDA_VISIBLE_DEVICES: [0]
[I 2023-12-15 15:21:06,572] Trial 7 finished with value: 112.6260757446289 and parameters: {'gradient_clip_val': 0.22740917274580913, 'hidden_size': 15, 'dropout': 0.12555894340040102, 'hidden_continuous_size': 6, 'attention_head_size': 4, 'learning_rate': 0.002131054003500172}. Best is trial 2 with value: 47.40818405151367.
LOCAL_RANK: 0 - CUDA_VISIBLE_DEVICES: [0]
[I 2023-12-15 15:21:50,971] Trial 8 finished with value: 64.35428619384766 and parameters: {'gradient_clip_val': 0.6268387323796738, 'hidden_size': 6, 'dropout': 0.3986412243000451, 'hidden_continuous_size': 5, 'attention_head_size': 1, 'learning_rate': 0.01602227972187358}. Best is trial 2 with value: 47.40818405151367.
LOCAL_RANK: 0 - CUDA_VISIBLE_DEVICES: [0]
[I 2023-12-15 15:22:25,169] Trial 9 finished with value: 80.32112884521484 and parameters: {'gradient_clip_val': 0.674007179782575, 'hidden_size': 5, 'dropout': 0.3193125214604364, 'hidden_continuous_size': 5, 'attention_head_size': 3, 'learning_rate': 0.08788974867657663}. Best is trial 2 with value: 47.40818405151367.
LOCAL_RANK: 0 - CUDA_VISIBLE_DEVICES: [0]
[I 2023-12-15 15:23:19,649] Trial 10 finished with value: 88.246826171875 and parameters: {'gradient_clip_val': 0.10452527730135762, 'hidden_size': 90, 'dropout': 0.10303551001762068, 'hidden_continuous_size': 29, 'attention_head_size': 1, 'learning_rate': 0.0005002799810119857}. Best is trial 2 with value: 47.40818405151367.
LOCAL_RANK: 0 - CUDA_VISIBLE_DEVICES: [0]
[I 2023-12-15 15:24:11,194] Trial 11 finished with value: 57.91212844848633 and parameters: {'gradient_clip_val': 0.17359731483001134, 'hidden_size': 43, 'dropout': 0.25933610890976655, 'hidden_continuous_size': 8, 'attention_head_size': 2, 'learning_rate': 0.0006003540922011708}. Best is trial 2 with value: 47.40818405151367.
LOCAL_RANK: 0 - CUDA_VISIBLE_DEVICES: [0]
[I 2023-12-15 15:25:08,856] Trial 12 finished with value: 46.73709487915039 and parameters: {'gradient_clip_val': 0.38636994649293344, 'hidden_size': 99, 'dropout': 0.27174864568667917, 'hidden_continuous_size': 72, 'attention_head_size': 2, 'learning_rate': 0.0046029012355428426}. Best is trial 12 with value: 46.73709487915039.
LOCAL_RANK: 0 - CUDA_VISIBLE_DEVICES: [0]
[I 2023-12-15 15:26:06,815] Trial 13 finished with value: 114.01165771484375 and parameters: {'gradient_clip_val': 0.39963149247454455, 'hidden_size': 98, 'dropout': 0.23893068212143329, 'hidden_continuous_size': 92, 'attention_head_size': 2, 'learning_rate': 0.004436504705022633}. Best is trial 12 with value: 46.73709487915039.
LOCAL_RANK: 0 - CUDA_VISIBLE_DEVICES: [0]
[I 2023-12-15 15:27:00,474] Trial 14 finished with value: 98.10030364990234 and parameters: {'gradient_clip_val': 0.36928137958016094, 'hidden_size': 73, 'dropout': 0.26291791196786835, 'hidden_continuous_size': 23, 'attention_head_size': 1, 'learning_rate': 0.0060685148464740815}. Best is trial 12 with value: 46.73709487915039.
LOCAL_RANK: 0 - CUDA_VISIBLE_DEVICES: [0]
[I 2023-12-15 15:27:54,111] Trial 15 finished with value: 91.06256103515625 and parameters: {'gradient_clip_val': 0.41744177953112943, 'hidden_size': 71, 'dropout': 0.3321811186772072, 'hidden_continuous_size': 19, 'attention_head_size': 2, 'learning_rate': 0.011432269350438111}. Best is trial 12 with value: 46.73709487915039.
LOCAL_RANK: 0 - CUDA_VISIBLE_DEVICES: [0]
[I 2023-12-15 15:28:46,179] Trial 16 finished with value: 56.20427322387695 and parameters: {'gradient_clip_val': 0.21807297327578992, 'hidden_size': 60, 'dropout': 0.22409765138865317, 'hidden_continuous_size': 10, 'attention_head_size': 2, 'learning_rate': 0.0035290351573221473}. Best is trial 12 with value: 46.73709487915039.
LOCAL_RANK: 0 - CUDA_VISIBLE_DEVICES: [0]
[I 2023-12-15 15:29:41,978] Trial 17 finished with value: 112.6318359375 and parameters: {'gradient_clip_val': 0.3228911749962434, 'hidden_size': 91, 'dropout': 0.19618187855719685, 'hidden_continuous_size': 50, 'attention_head_size': 1, 'learning_rate': 0.004586855301817261}. Best is trial 12 with value: 46.73709487915039.
LOCAL_RANK: 0 - CUDA_VISIBLE_DEVICES: [0]
[I 2023-12-15 15:30:33,645] Trial 18 finished with value: 110.51737213134766 and parameters: {'gradient_clip_val': 0.46170233659342913, 'hidden_size': 40, 'dropout': 0.15915475974995302, 'hidden_continuous_size': 16, 'attention_head_size': 2, 'learning_rate': 0.017687880838289066}. Best is trial 12 with value: 46.73709487915039.
LOCAL_RANK: 0 - CUDA_VISIBLE_DEVICES: [0]
[I 2023-12-15 15:31:27,962] Trial 19 finished with value: 77.31270599365234 and parameters: {'gradient_clip_val': 0.9989140358894516, 'hidden_size': 70, 'dropout': 0.25483226739192694, 'hidden_continuous_size': 21, 'attention_head_size': 3, 'learning_rate': 0.002682791231187248}. Best is trial 12 with value: 46.73709487915039.
LOCAL_RANK: 0 - CUDA_VISIBLE_DEVICES: [0]
[I 2023-12-15 15:32:25,507] Trial 20 finished with value: 73.9278793334961 and parameters: {'gradient_clip_val': 0.32266803703581753, 'hidden_size': 99, 'dropout': 0.2051708050862701, 'hidden_continuous_size': 83, 'attention_head_size': 1, 'learning_rate': 0.000975136477438217}. Best is trial 12 with value: 46.73709487915039.
LOCAL_RANK: 0 - CUDA_VISIBLE_DEVICES: [0]
[I 2023-12-15 15:33:15,554] Trial 21 finished with value: 66.40951538085938 and parameters: {'gradient_clip_val': 0.15738874459120233, 'hidden_size': 35, 'dropout': 0.2925899480748945, 'hidden_continuous_size': 9, 'attention_head_size': 3, 'learning_rate': 0.0009944576412087628}. Best is trial 12 with value: 46.73709487915039.
LOCAL_RANK: 0 - CUDA_VISIBLE_DEVICES: [0]
[I 2023-12-15 15:34:08,565] Trial 22 finished with value: 87.575927734375 and parameters: {'gradient_clip_val': 0.12568046745905523, 'hidden_size': 54, 'dropout': 0.27679671732735484, 'hidden_continuous_size': 12, 'attention_head_size': 2, 'learning_rate': 0.0008539982048565207}. Best is trial 12 with value: 46.73709487915039.
LOCAL_RANK: 0 - CUDA_VISIBLE_DEVICES: [0]
[I 2023-12-15 15:34:58,823] Trial 23 finished with value: 86.7506332397461 and parameters: {'gradient_clip_val': 0.20759430894892075, 'hidden_size': 39, 'dropout': 0.23658837607199412, 'hidden_continuous_size': 8, 'attention_head_size': 3, 'learning_rate': 0.0019661322064222194}. Best is trial 12 with value: 46.73709487915039.
LOCAL_RANK: 0 - CUDA_VISIBLE_DEVICES: [0]
[I 2023-12-15 15:35:52,237] Trial 24 finished with value: 56.83988571166992 and parameters: {'gradient_clip_val': 0.18415530713750772, 'hidden_size': 63, 'dropout': 0.27851161813602016, 'hidden_continuous_size': 16, 'attention_head_size': 2, 'learning_rate': 0.00331100032202121}. Best is trial 12 with value: 46.73709487915039.
LOCAL_RANK: 0 - CUDA_VISIBLE_DEVICES: [0]
[I 2023-12-15 15:36:41,201] Trial 25 finished with value: 58.458099365234375 and parameters: {'gradient_clip_val': 0.1320354260701246, 'hidden_size': 30, 'dropout': 0.2402314622051449, 'hidden_continuous_size': 6, 'attention_head_size': 3, 'learning_rate': 0.0011002349767933676}. Best is trial 12 with value: 46.73709487915039.
LOCAL_RANK: 0 - CUDA_VISIBLE_DEVICES: [0]
[I 2023-12-15 15:37:33,876] Trial 26 finished with value: 64.00480651855469 and parameters: {'gradient_clip_val': 0.2596095556142114, 'hidden_size': 54, 'dropout': 0.22476086316535981, 'hidden_continuous_size': 11, 'attention_head_size': 2, 'learning_rate': 0.0023280476663756506}. Best is trial 12 with value: 46.73709487915039.
LOCAL_RANK: 0 - CUDA_VISIBLE_DEVICES: [0]
[I 2023-12-15 15:38:28,492] Trial 27 finished with value: 56.36105728149414 and parameters: {'gradient_clip_val': 0.19654907519722575, 'hidden_size': 78, 'dropout': 0.3133409856376378, 'hidden_continuous_size': 26, 'attention_head_size': 3, 'learning_rate': 0.0007190784130819096}. Best is trial 12 with value: 46.73709487915039.
LOCAL_RANK: 0 - CUDA_VISIBLE_DEVICES: [0]
[I 2023-12-15 15:39:21,924] Trial 28 finished with value: 94.92020416259766 and parameters: {'gradient_clip_val': 0.1727080143329867, 'hidden_size': 46, 'dropout': 0.3417513327243833, 'hidden_continuous_size': 13, 'attention_head_size': 4, 'learning_rate': 0.0013373597293988909}. Best is trial 12 with value: 46.73709487915039.
LOCAL_RANK: 0 - CUDA_VISIBLE_DEVICES: [0]
[I 2023-12-15 15:40:13,030] Trial 29 finished with value: 46.19783401489258 and parameters: {'gradient_clip_val': 0.13775394904117577, 'hidden_size': 56, 'dropout': 0.21868318896034522, 'hidden_continuous_size': 7, 'attention_head_size': 2, 'learning_rate': 0.001428659128399784}. Best is trial 29 with value: 46.19783401489258.
LOCAL_RANK: 0 - CUDA_VISIBLE_DEVICES: [0]
[I 2023-12-15 15:41:05,951] Trial 30 finished with value: 79.33475494384766 and parameters: {'gradient_clip_val': 0.1345670689030137, 'hidden_size': 61, 'dropout': 0.21664201639764058, 'hidden_continuous_size': 9, 'attention_head_size': 2, 'learning_rate': 0.001901708211122797}. Best is trial 29 with value: 46.19783401489258.
LOCAL_RANK: 0 - CUDA_VISIBLE_DEVICES: [0]
[I 2023-12-15 15:41:58,585] Trial 31 finished with value: 81.0433349609375 and parameters: {'gradient_clip_val': 0.1526256578962404, 'hidden_size': 79, 'dropout': 0.26914986383546746, 'hidden_continuous_size': 7, 'attention_head_size': 2, 'learning_rate': 0.0012237484815978918}. Best is trial 29 with value: 46.19783401489258.
LOCAL_RANK: 0 - CUDA_VISIBLE_DEVICES: [0]
[I 2023-12-15 15:42:50,382] Trial 32 finished with value: 114.96183013916016 and parameters: {'gradient_clip_val': 0.10228542561394949, 'hidden_size': 51, 'dropout': 0.2452378493787511, 'hidden_continuous_size': 7, 'attention_head_size': 2, 'learning_rate': 0.0007356894754341136}. Best is trial 29 with value: 46.19783401489258.
LOCAL_RANK: 0 - CUDA_VISIBLE_DEVICES: [0]
[I 2023-12-15 15:43:39,949] Trial 33 finished with value: 53.5994873046875 and parameters: {'gradient_clip_val': 0.11707270469180207, 'hidden_size': 34, 'dropout': 0.21025611659270033, 'hidden_continuous_size': 6, 'attention_head_size': 2, 'learning_rate': 0.0015459946698073365}. Best is trial 29 with value: 46.19783401489258.
LOCAL_RANK: 0 - CUDA_VISIBLE_DEVICES: [0]
[I 2023-12-15 15:44:33,324] Trial 34 finished with value: 54.83906173706055 and parameters: {'gradient_clip_val': 0.11954372135662612, 'hidden_size': 49, 'dropout': 0.20968096928738977, 'hidden_continuous_size': 17, 'attention_head_size': 2, 'learning_rate': 0.0016864098427521767}. Best is trial 29 with value: 46.19783401489258.
LOCAL_RANK: 0 - CUDA_VISIBLE_DEVICES: [0]
[I 2023-12-15 15:45:26,299] Trial 35 finished with value: 90.2870864868164 and parameters: {'gradient_clip_val': 0.14189772730187433, 'hidden_size': 62, 'dropout': 0.178866650178073, 'hidden_continuous_size': 15, 'attention_head_size': 1, 'learning_rate': 0.0015530575368248344}. Best is trial 29 with value: 46.19783401489258.
LOCAL_RANK: 0 - CUDA_VISIBLE_DEVICES: [0]
[I 2023-12-15 15:46:15,679] Trial 36 finished with value: 68.36674499511719 and parameters: {'gradient_clip_val': 0.11287537347555343, 'hidden_size': 38, 'dropout': 0.19869431798763898, 'hidden_continuous_size': 5, 'attention_head_size': 2, 'learning_rate': 0.0013312922987943697}. Best is trial 29 with value: 46.19783401489258.
LOCAL_RANK: 0 - CUDA_VISIBLE_DEVICES: [0]
[I 2023-12-15 15:47:08,992] Trial 37 finished with value: 66.34517669677734 and parameters: {'gradient_clip_val': 0.1455541543849609, 'hidden_size': 82, 'dropout': 0.16240806956598014, 'hidden_continuous_size': 14, 'attention_head_size': 1, 'learning_rate': 0.002632481728002308}. Best is trial 29 with value: 46.19783401489258.
LOCAL_RANK: 0 - CUDA_VISIBLE_DEVICES: [0]
[I 2023-12-15 15:48:01,570] Trial 38 finished with value: 59.59395980834961 and parameters: {'gradient_clip_val': 0.12051365104994748, 'hidden_size': 46, 'dropout': 0.22725296369381537, 'hidden_continuous_size': 11, 'attention_head_size': 2, 'learning_rate': 0.0019087783073807988}. Best is trial 29 with value: 46.19783401489258.
LOCAL_RANK: 0 - CUDA_VISIBLE_DEVICES: [0]
[I 2023-12-15 15:48:50,610] Trial 39 finished with value: 76.21519470214844 and parameters: {'gradient_clip_val': 0.2589611507445943, 'hidden_size': 34, 'dropout': 0.24800900871869686, 'hidden_continuous_size': 6, 'attention_head_size': 2, 'learning_rate': 0.0016584994417993156}. Best is trial 29 with value: 46.19783401489258.
LOCAL_RANK: 0 - CUDA_VISIBLE_DEVICES: [0]
[I 2023-12-15 15:49:39,628] Trial 40 finished with value: 51.4598503112793 and parameters: {'gradient_clip_val': 0.1565372082190047, 'hidden_size': 23, 'dropout': 0.1875603581470084, 'hidden_continuous_size': 13, 'attention_head_size': 2, 'learning_rate': 0.00311896222034054}. Best is trial 29 with value: 46.19783401489258.
LOCAL_RANK: 0 - CUDA_VISIBLE_DEVICES: [0]
[I 2023-12-15 15:50:28,516] Trial 41 finished with value: 67.18567657470703 and parameters: {'gradient_clip_val': 0.1614499177590637, 'hidden_size': 23, 'dropout': 0.1841247407792312, 'hidden_continuous_size': 14, 'attention_head_size': 2, 'learning_rate': 0.003299389068058094}. Best is trial 29 with value: 46.19783401489258.
LOCAL_RANK: 0 - CUDA_VISIBLE_DEVICES: [0]
[I 2023-12-15 15:51:15,565] Trial 42 finished with value: 73.03887939453125 and parameters: {'gradient_clip_val': 0.10049498137778852, 'hidden_size': 20, 'dropout': 0.21611843505171294, 'hidden_continuous_size': 10, 'attention_head_size': 2, 'learning_rate': 0.002199559436272552}. Best is trial 29 with value: 46.19783401489258.
LOCAL_RANK: 0 - CUDA_VISIBLE_DEVICES: [0]
[I 2023-12-15 15:52:04,766] Trial 43 finished with value: 128.58302307128906 and parameters: {'gradient_clip_val': 0.14164024820287757, 'hidden_size': 27, 'dropout': 0.1933770745885767, 'hidden_continuous_size': 12, 'attention_head_size': 2, 'learning_rate': 0.0027180054111538084}. Best is trial 29 with value: 46.19783401489258.
LOCAL_RANK: 0 - CUDA_VISIBLE_DEVICES: [0]
[I 2023-12-15 15:52:57,365] Trial 44 finished with value: 46.72658157348633 and parameters: {'gradient_clip_val': 0.11734564387121088, 'hidden_size': 43, 'dropout': 0.2308229589408294, 'hidden_continuous_size': 19, 'attention_head_size': 2, 'learning_rate': 0.0013943499676797313}. Best is trial 29 with value: 46.19783401489258.
LOCAL_RANK: 0 - CUDA_VISIBLE_DEVICES: [0]
[I 2023-12-15 15:53:52,063] Trial 45 finished with value: 61.3304443359375 and parameters: {'gradient_clip_val': 0.18614572026149812, 'hidden_size': 88, 'dropout': 0.258262212265649, 'hidden_continuous_size': 19, 'attention_head_size': 3, 'learning_rate': 0.0043080882118302286}. Best is trial 29 with value: 46.19783401489258.
LOCAL_RANK: 0 - CUDA_VISIBLE_DEVICES: [0]
[I 2023-12-15 15:54:46,660] Trial 46 finished with value: 73.95276641845703 and parameters: {'gradient_clip_val': 0.22541800629173456, 'hidden_size': 70, 'dropout': 0.2342529809631762, 'hidden_continuous_size': 33, 'attention_head_size': 1, 'learning_rate': 0.005796722039128406}. Best is trial 29 with value: 46.19783401489258.
LOCAL_RANK: 0 - CUDA_VISIBLE_DEVICES: [0]
[I 2023-12-15 15:55:34,839] Trial 47 finished with value: 53.710723876953125 and parameters: {'gradient_clip_val': 0.1307113559257934, 'hidden_size': 18, 'dropout': 0.2493943623136184, 'hidden_continuous_size': 13, 'attention_head_size': 2, 'learning_rate': 0.0013236118597351766}. Best is trial 29 with value: 46.19783401489258.
LOCAL_RANK: 0 - CUDA_VISIBLE_DEVICES: [0]
[I 2023-12-15 15:56:27,440] Trial 48 finished with value: 52.895015716552734 and parameters: {'gradient_clip_val': 0.16134313505547634, 'hidden_size': 45, 'dropout': 0.22674426055591593, 'hidden_continuous_size': 18, 'attention_head_size': 2, 'learning_rate': 0.002232145710203163}. Best is trial 29 with value: 46.19783401489258.
LOCAL_RANK: 0 - CUDA_VISIBLE_DEVICES: [0]
[I 2023-12-15 15:57:20,464] Trial 49 finished with value: 87.3350830078125 and parameters: {'gradient_clip_val': 0.11043087472943808, 'hidden_size': 55, 'dropout': 0.17547834487492767, 'hidden_continuous_size': 23, 'attention_head_size': 1, 'learning_rate': 0.0032739984506380145}. Best is trial 29 with value: 46.19783401489258.
[I 2023-12-15 15:57:20,556] A new study created in memory with name: no-name-fb55eab3-f92e-419f-9547-d97dd9acc95a
/home/le004/conda/anaconda3/envs/tsff_env/lib/python3.9/site-packages/lightning/fabric/plugins/environments/slurm.py:191: The `srun` command is available on your system but is not used. HINT: If your intention is to run Lightning on SLURM, prepend your python command with `srun` like so: srun python /home/le004/master_thesis/git/TSFusionForecast/code/ ...
LOCAL_RANK: 0 - CUDA_VISIBLE_DEVICES: [0]
[I 2023-12-15 15:58:09,425] Trial 0 finished with value: 82.86821746826172 and parameters: {'gradient_clip_val': 0.14703789704378037, 'hidden_size': 25, 'dropout': 0.3181295521670661, 'hidden_continuous_size': 17, 'attention_head_size': 2, 'learning_rate': 0.002630152011437221}. Best is trial 0 with value: 82.86821746826172.
LOCAL_RANK: 0 - CUDA_VISIBLE_DEVICES: [0]
[I 2023-12-15 15:59:01,776] Trial 1 finished with value: 160.86363220214844 and parameters: {'gradient_clip_val': 0.417721967438308, 'hidden_size': 35, 'dropout': 0.13339232715640842, 'hidden_continuous_size': 26, 'attention_head_size': 2, 'learning_rate': 0.0022819881104625653}. Best is trial 0 with value: 82.86821746826172.
LOCAL_RANK: 0 - CUDA_VISIBLE_DEVICES: [0]
[I 2023-12-15 15:59:50,147] Trial 2 finished with value: 118.79193115234375 and parameters: {'gradient_clip_val': 0.29754631420869715, 'hidden_size': 17, 'dropout': 0.3715664181627608, 'hidden_continuous_size': 16, 'attention_head_size': 3, 'learning_rate': 0.005695670415034975}. Best is trial 0 with value: 82.86821746826172.
LOCAL_RANK: 0 - CUDA_VISIBLE_DEVICES: [0]
