[I 2023-12-15 20:40:44,166] Trial 49 finished with value: 349.6046447753906 and parameters: {'gradient_clip_val': 0.7192556157414586, 'hidden_size': 11, 'dropout': 0.11392151428499238, 'hidden_continuous_size': 6, 'attention_head_size': 4, 'learning_rate': 0.03627680093228382}. Best is trial 0 with value: 127.0336685180664.
[I 2023-12-15 20:40:44,260] A new study created in memory with name: no-name-0552f29a-ac78-49f6-86ce-f57a47cd81a7
/home/le004/conda/anaconda3/envs/tsff_env/lib/python3.9/site-packages/lightning/fabric/plugins/environments/slurm.py:191: The `srun` command is available on your system but is not used. HINT: If your intention is to run Lightning on SLURM, prepend your python command with `srun` like so: srun python /home/le004/master_thesis/git/TSFusionForecast/code/ ...
LOCAL_RANK: 0 - CUDA_VISIBLE_DEVICES: [0]
[I 2023-12-15 20:41:36,798] Trial 0 finished with value: 96.10355377197266 and parameters: {'gradient_clip_val': 0.35386376628697913, 'hidden_size': 67, 'dropout': 0.3105289016774144, 'hidden_continuous_size': 6, 'attention_head_size': 3, 'learning_rate': 0.010322221154602813}. Best is trial 0 with value: 96.10355377197266.
LOCAL_RANK: 0 - CUDA_VISIBLE_DEVICES: [0]
[I 2023-12-15 20:42:25,180] Trial 1 finished with value: 36.21338653564453 and parameters: {'gradient_clip_val': 0.573690195008986, 'hidden_size': 23, 'dropout': 0.2679346830007616, 'hidden_continuous_size': 5, 'attention_head_size': 2, 'learning_rate': 0.021712100611177003}. Best is trial 1 with value: 36.21338653564453.
LOCAL_RANK: 0 - CUDA_VISIBLE_DEVICES: [0]
[I 2023-12-15 20:43:20,386] Trial 2 finished with value: 42.177921295166016 and parameters: {'gradient_clip_val': 0.6587917997261108, 'hidden_size': 77, 'dropout': 0.20141228849534773, 'hidden_continuous_size': 54, 'attention_head_size': 1, 'learning_rate': 0.011464369354977582}. Best is trial 1 with value: 36.21338653564453.
LOCAL_RANK: 0 - CUDA_VISIBLE_DEVICES: [0]
[I 2023-12-15 20:44:15,446] Trial 3 finished with value: 41.970436096191406 and parameters: {'gradient_clip_val': 0.48560194504734067, 'hidden_size': 84, 'dropout': 0.18879924780910842, 'hidden_continuous_size': 28, 'attention_head_size': 3, 'learning_rate': 0.07507474402707275}. Best is trial 1 with value: 36.21338653564453.
LOCAL_RANK: 0 - CUDA_VISIBLE_DEVICES: [0]
[I 2023-12-15 20:45:03,230] Trial 4 finished with value: 42.650943756103516 and parameters: {'gradient_clip_val': 0.3964499887647915, 'hidden_size': 18, 'dropout': 0.33520381429661233, 'hidden_continuous_size': 7, 'attention_head_size': 2, 'learning_rate': 0.09938328727513172}. Best is trial 1 with value: 36.21338653564453.
LOCAL_RANK: 0 - CUDA_VISIBLE_DEVICES: [0]
[I 2023-12-15 20:45:53,458] Trial 5 finished with value: 69.85922241210938 and parameters: {'gradient_clip_val': 0.20359709627867403, 'hidden_size': 29, 'dropout': 0.1184617006451976, 'hidden_continuous_size': 11, 'attention_head_size': 3, 'learning_rate': 0.018341086136885378}. Best is trial 1 with value: 36.21338653564453.
LOCAL_RANK: 0 - CUDA_VISIBLE_DEVICES: [0]
[I 2023-12-15 20:46:40,247] Trial 6 finished with value: 55.15396499633789 and parameters: {'gradient_clip_val': 0.11857430540665725, 'hidden_size': 13, 'dropout': 0.2973331609775613, 'hidden_continuous_size': 10, 'attention_head_size': 3, 'learning_rate': 0.003424811882151415}. Best is trial 1 with value: 36.21338653564453.
LOCAL_RANK: 0 - CUDA_VISIBLE_DEVICES: [0]
[I 2023-12-15 20:47:30,446] Trial 7 finished with value: 64.99297332763672 and parameters: {'gradient_clip_val': 0.5443253496670564, 'hidden_size': 31, 'dropout': 0.3328500529169523, 'hidden_continuous_size': 10, 'attention_head_size': 3, 'learning_rate': 0.0011588577537789716}. Best is trial 1 with value: 36.21338653564453.
LOCAL_RANK: 0 - CUDA_VISIBLE_DEVICES: [0]
[I 2023-12-15 20:48:18,661] Trial 8 finished with value: 42.7491340637207 and parameters: {'gradient_clip_val': 0.7634965341305664, 'hidden_size': 18, 'dropout': 0.2029674277723612, 'hidden_continuous_size': 12, 'attention_head_size': 1, 'learning_rate': 0.0352518619908013}. Best is trial 1 with value: 36.21338653564453.
LOCAL_RANK: 0 - CUDA_VISIBLE_DEVICES: [0]
[I 2023-12-15 20:49:06,280] Trial 9 finished with value: 133.5546417236328 and parameters: {'gradient_clip_val': 0.11262408288049688, 'hidden_size': 28, 'dropout': 0.28209565224104793, 'hidden_continuous_size': 6, 'attention_head_size': 1, 'learning_rate': 0.001311480191106209}. Best is trial 1 with value: 36.21338653564453.
LOCAL_RANK: 0 - CUDA_VISIBLE_DEVICES: [0]
[I 2023-12-15 20:49:52,717] Trial 10 finished with value: 36.98391342163086 and parameters: {'gradient_clip_val': 0.9981445680750999, 'hidden_size': 7, 'dropout': 0.39884429967316937, 'hidden_continuous_size': 5, 'attention_head_size': 4, 'learning_rate': 0.005272959048097035}. Best is trial 1 with value: 36.21338653564453.
LOCAL_RANK: 0 - CUDA_VISIBLE_DEVICES: [0]
[I 2023-12-15 20:50:30,319] Trial 11 finished with value: 80.48372650146484 and parameters: {'gradient_clip_val': 0.9765371363479294, 'hidden_size': 5, 'dropout': 0.3864915801041581, 'hidden_continuous_size': 5, 'attention_head_size': 4, 'learning_rate': 0.004416934613484876}. Best is trial 1 with value: 36.21338653564453.
LOCAL_RANK: 0 - CUDA_VISIBLE_DEVICES: [0]
[I 2023-12-15 20:51:15,623] Trial 12 finished with value: 52.08930587768555 and parameters: {'gradient_clip_val': 0.9988282777301896, 'hidden_size': 8, 'dropout': 0.398625642940935, 'hidden_continuous_size': 5, 'attention_head_size': 4, 'learning_rate': 0.02400143925360371}. Best is trial 1 with value: 36.21338653564453.
LOCAL_RANK: 0 - CUDA_VISIBLE_DEVICES: [0]
[I 2023-12-15 20:52:01,412] Trial 13 finished with value: 46.12163162231445 and parameters: {'gradient_clip_val': 0.6909365040083615, 'hidden_size': 10, 'dropout': 0.2561189539624172, 'hidden_continuous_size': 5, 'attention_head_size': 2, 'learning_rate': 0.006098184888289241}. Best is trial 1 with value: 36.21338653564453.
LOCAL_RANK: 0 - CUDA_VISIBLE_DEVICES: [0]
[I 2023-12-15 20:52:37,449] Trial 14 finished with value: 95.07574462890625 and parameters: {'gradient_clip_val': 0.4880235518393068, 'hidden_size': 5, 'dropout': 0.34803244021196617, 'hidden_continuous_size': 5, 'attention_head_size': 2, 'learning_rate': 0.002651890974812313}. Best is trial 1 with value: 36.21338653564453.
LOCAL_RANK: 0 - CUDA_VISIBLE_DEVICES: [0]
[I 2023-12-15 20:53:22,706] Trial 15 finished with value: 99.7085189819336 and parameters: {'gradient_clip_val': 0.7351000858243201, 'hidden_size': 8, 'dropout': 0.3606181245448632, 'hidden_continuous_size': 5, 'attention_head_size': 4, 'learning_rate': 0.008552217014242325}. Best is trial 1 with value: 36.21338653564453.
LOCAL_RANK: 0 - CUDA_VISIBLE_DEVICES: [0]
[I 2023-12-15 20:54:14,333] Trial 16 finished with value: 103.06880950927734 and parameters: {'gradient_clip_val': 0.2857128987441745, 'hidden_size': 45, 'dropout': 0.37616644124066617, 'hidden_continuous_size': 7, 'attention_head_size': 2, 'learning_rate': 0.000628866359918824}. Best is trial 1 with value: 36.21338653564453.
LOCAL_RANK: 0 - CUDA_VISIBLE_DEVICES: [0]
[I 2023-12-15 20:54:59,900] Trial 17 finished with value: 48.8250846862793 and parameters: {'gradient_clip_val': 0.887308898006643, 'hidden_size': 12, 'dropout': 0.26410141072680615, 'hidden_continuous_size': 6, 'attention_head_size': 4, 'learning_rate': 0.015978698413815603}. Best is trial 1 with value: 36.21338653564453.
LOCAL_RANK: 0 - CUDA_VISIBLE_DEVICES: [0]
[I 2023-12-15 20:55:47,291] Trial 18 finished with value: 46.76272201538086 and parameters: {'gradient_clip_val': 0.5515311805000132, 'hidden_size': 20, 'dropout': 0.3052440026461453, 'hidden_continuous_size': 8, 'attention_head_size': 2, 'learning_rate': 0.03752865366328366}. Best is trial 1 with value: 36.21338653564453.
LOCAL_RANK: 0 - CUDA_VISIBLE_DEVICES: [0]
[I 2023-12-15 20:56:33,138] Trial 19 finished with value: 94.6789321899414 and parameters: {'gradient_clip_val': 0.8486511660521774, 'hidden_size': 15, 'dropout': 0.39866405995557963, 'hidden_continuous_size': 6, 'attention_head_size': 1, 'learning_rate': 0.005926293876581179}. Best is trial 1 with value: 36.21338653564453.
LOCAL_RANK: 0 - CUDA_VISIBLE_DEVICES: [0]
[I 2023-12-15 20:57:22,790] Trial 20 finished with value: 41.43156814575195 and parameters: {'gradient_clip_val': 0.615798507127723, 'hidden_size': 25, 'dropout': 0.3698212916247372, 'hidden_continuous_size': 8, 'attention_head_size': 4, 'learning_rate': 0.012735037426983226}. Best is trial 1 with value: 36.21338653564453.
LOCAL_RANK: 0 - CUDA_VISIBLE_DEVICES: [0]
[I 2023-12-15 20:58:12,694] Trial 21 finished with value: 105.09979248046875 and parameters: {'gradient_clip_val': 0.6202692159540204, 'hidden_size': 23, 'dropout': 0.36796174242023544, 'hidden_continuous_size': 8, 'attention_head_size': 4, 'learning_rate': 0.011930011109913008}. Best is trial 1 with value: 36.21338653564453.
LOCAL_RANK: 0 - CUDA_VISIBLE_DEVICES: [0]
[I 2023-12-15 20:59:05,330] Trial 22 finished with value: 70.54696655273438 and parameters: {'gradient_clip_val': 0.7918724547601277, 'hidden_size': 42, 'dropout': 0.34957856753889693, 'hidden_continuous_size': 8, 'attention_head_size': 4, 'learning_rate': 0.007009437814625703}. Best is trial 1 with value: 36.21338653564453.
LOCAL_RANK: 0 - CUDA_VISIBLE_DEVICES: [0]
[I 2023-12-15 20:59:54,277] Trial 23 finished with value: 85.79349517822266 and parameters: {'gradient_clip_val': 0.6232686421021009, 'hidden_size': 23, 'dropout': 0.32430217031276537, 'hidden_continuous_size': 5, 'attention_head_size': 3, 'learning_rate': 0.021683882808820477}. Best is trial 1 with value: 36.21338653564453.
LOCAL_RANK: 0 - CUDA_VISIBLE_DEVICES: [0]
[I 2023-12-15 21:00:40,855] Trial 24 finished with value: 32.166595458984375 and parameters: {'gradient_clip_val': 0.8749676779333324, 'hidden_size': 15, 'dropout': 0.36699646374291556, 'hidden_continuous_size': 6, 'attention_head_size': 4, 'learning_rate': 0.012378510170993994}. Best is trial 24 with value: 32.166595458984375.
LOCAL_RANK: 0 - CUDA_VISIBLE_DEVICES: [0]
[I 2023-12-15 21:01:27,664] Trial 25 finished with value: 40.5777587890625 and parameters: {'gradient_clip_val': 0.9863574141215702, 'hidden_size': 15, 'dropout': 0.3982707428599842, 'hidden_continuous_size': 6, 'attention_head_size': 3, 'learning_rate': 0.0083437421422555}. Best is trial 24 with value: 32.166595458984375.
LOCAL_RANK: 0 - CUDA_VISIBLE_DEVICES: [0]
[I 2023-12-15 21:02:14,058] Trial 26 finished with value: 106.50513458251953 and parameters: {'gradient_clip_val': 0.809648436799925, 'hidden_size': 7, 'dropout': 0.35502586363885164, 'hidden_continuous_size': 5, 'attention_head_size': 2, 'learning_rate': 0.004395017929989226}. Best is trial 24 with value: 32.166595458984375.
LOCAL_RANK: 0 - CUDA_VISIBLE_DEVICES: [0]
[I 2023-12-15 21:03:01,218] Trial 27 finished with value: 50.3220100402832 and parameters: {'gradient_clip_val': 0.7904879810607298, 'hidden_size': 10, 'dropout': 0.3195491284112881, 'hidden_continuous_size': 5, 'attention_head_size': 4, 'learning_rate': 0.02986962621122066}. Best is trial 24 with value: 32.166595458984375.
LOCAL_RANK: 0 - CUDA_VISIBLE_DEVICES: [0]
[I 2023-12-15 21:03:47,718] Trial 28 finished with value: 57.284061431884766 and parameters: {'gradient_clip_val': 0.8568241600123049, 'hidden_size': 6, 'dropout': 0.3785809302253759, 'hidden_continuous_size': 5, 'attention_head_size': 3, 'learning_rate': 0.015212173141569096}. Best is trial 24 with value: 32.166595458984375.
LOCAL_RANK: 0 - CUDA_VISIBLE_DEVICES: [0]
[I 2023-12-15 21:04:34,618] Trial 29 finished with value: 37.44203567504883 and parameters: {'gradient_clip_val': 0.7146173526926455, 'hidden_size': 10, 'dropout': 0.31563638638682334, 'hidden_continuous_size': 6, 'attention_head_size': 4, 'learning_rate': 0.010179338867360721}. Best is trial 24 with value: 32.166595458984375.
LOCAL_RANK: 0 - CUDA_VISIBLE_DEVICES: [0]
[I 2023-12-15 21:05:21,178] Trial 30 finished with value: 40.46669387817383 and parameters: {'gradient_clip_val': 0.4191815223749529, 'hidden_size': 15, 'dropout': 0.28662895412350253, 'hidden_continuous_size': 6, 'attention_head_size': 3, 'learning_rate': 0.054296299392512876}. Best is trial 24 with value: 32.166595458984375.
LOCAL_RANK: 0 - CUDA_VISIBLE_DEVICES: [0]
[I 2023-12-15 21:06:07,739] Trial 31 finished with value: 55.53764724731445 and parameters: {'gradient_clip_val': 0.7128091410905606, 'hidden_size': 10, 'dropout': 0.3405649602819231, 'hidden_continuous_size': 6, 'attention_head_size': 4, 'learning_rate': 0.009966726653021863}. Best is trial 24 with value: 32.166595458984375.
LOCAL_RANK: 0 - CUDA_VISIBLE_DEVICES: [0]
[I 2023-12-15 21:06:53,507] Trial 32 finished with value: 36.92314529418945 and parameters: {'gradient_clip_val': 0.6893548467223375, 'hidden_size': 12, 'dropout': 0.3154203150104252, 'hidden_continuous_size': 6, 'attention_head_size': 4, 'learning_rate': 0.013010363761436617}. Best is trial 24 with value: 32.166595458984375.
LOCAL_RANK: 0 - CUDA_VISIBLE_DEVICES: [0]
[I 2023-12-15 21:07:39,116] Trial 33 finished with value: 50.47549819946289 and parameters: {'gradient_clip_val': 0.9248362989041995, 'hidden_size': 12, 'dropout': 0.3590954542965555, 'hidden_continuous_size': 7, 'attention_head_size': 4, 'learning_rate': 0.016550592267383972}. Best is trial 24 with value: 32.166595458984375.
LOCAL_RANK: 0 - CUDA_VISIBLE_DEVICES: [0]
[I 2023-12-15 21:08:27,665] Trial 34 finished with value: 38.2588996887207 and parameters: {'gradient_clip_val': 0.6480166719758996, 'hidden_size': 18, 'dropout': 0.3363212672078187, 'hidden_continuous_size': 7, 'attention_head_size': 4, 'learning_rate': 0.01257554492710513}. Best is trial 24 with value: 32.166595458984375.
LOCAL_RANK: 0 - CUDA_VISIBLE_DEVICES: [0]
[I 2023-12-15 21:09:13,894] Trial 35 finished with value: 136.0767059326172 and parameters: {'gradient_clip_val': 0.869193738591933, 'hidden_size': 6, 'dropout': 0.3170283183252491, 'hidden_continuous_size': 5, 'attention_head_size': 3, 'learning_rate': 0.022418059817258074}. Best is trial 24 with value: 32.166595458984375.
LOCAL_RANK: 0 - CUDA_VISIBLE_DEVICES: [0]
[I 2023-12-15 21:10:01,258] Trial 36 finished with value: 48.79054260253906 and parameters: {'gradient_clip_val': 0.9994395966848127, 'hidden_size': 20, 'dropout': 0.23844520456290066, 'hidden_continuous_size': 7, 'attention_head_size': 2, 'learning_rate': 0.04936840062695961}. Best is trial 24 with value: 32.166595458984375.
LOCAL_RANK: 0 - CUDA_VISIBLE_DEVICES: [0]
[I 2023-12-15 21:10:47,341] Trial 37 finished with value: 39.939537048339844 and parameters: {'gradient_clip_val': 0.5636415998339857, 'hidden_size': 16, 'dropout': 0.3018523018194343, 'hidden_continuous_size': 6, 'attention_head_size': 3, 'learning_rate': 0.017788041855064447}. Best is trial 24 with value: 32.166595458984375.
LOCAL_RANK: 0 - CUDA_VISIBLE_DEVICES: [0]
[I 2023-12-15 21:11:42,444] Trial 38 finished with value: 50.21784591674805 and parameters: {'gradient_clip_val': 0.49247292602439385, 'hidden_size': 93, 'dropout': 0.38468750409539376, 'hidden_continuous_size': 13, 'attention_head_size': 4, 'learning_rate': 0.02891505766659883}. Best is trial 24 with value: 32.166595458984375.
LOCAL_RANK: 0 - CUDA_VISIBLE_DEVICES: [0]
[I 2023-12-15 21:12:28,604] Trial 39 finished with value: 79.22926330566406 and parameters: {'gradient_clip_val': 0.6998139052364343, 'hidden_size': 14, 'dropout': 0.33066745196830616, 'hidden_continuous_size': 7, 'attention_head_size': 1, 'learning_rate': 0.008048952427587418}. Best is trial 24 with value: 32.166595458984375.
LOCAL_RANK: 0 - CUDA_VISIBLE_DEVICES: [0]
[I 2023-12-15 21:13:13,974] Trial 40 finished with value: 90.5583267211914 and parameters: {'gradient_clip_val': 0.7887681117467504, 'hidden_size': 12, 'dropout': 0.3453989894736277, 'hidden_continuous_size': 6, 'attention_head_size': 3, 'learning_rate': 0.013161031929841445}. Best is trial 24 with value: 32.166595458984375.
LOCAL_RANK: 0 - CUDA_VISIBLE_DEVICES: [0]
[I 2023-12-15 21:14:00,855] Trial 41 finished with value: 197.3285675048828 and parameters: {'gradient_clip_val': 0.7145362675232401, 'hidden_size': 9, 'dropout': 0.31239360070389943, 'hidden_continuous_size': 6, 'attention_head_size': 4, 'learning_rate': 0.01016156934811137}. Best is trial 24 with value: 32.166595458984375.
LOCAL_RANK: 0 - CUDA_VISIBLE_DEVICES: [0]
[I 2023-12-15 21:14:46,165] Trial 42 finished with value: 54.96202087402344 and parameters: {'gradient_clip_val': 0.5875035200917568, 'hidden_size': 12, 'dropout': 0.2873105694277192, 'hidden_continuous_size': 6, 'attention_head_size': 4, 'learning_rate': 0.010160462451499427}. Best is trial 24 with value: 32.166595458984375.
LOCAL_RANK: 0 - CUDA_VISIBLE_DEVICES: [0]
[I 2023-12-15 21:15:34,229] Trial 43 finished with value: 107.49160766601562 and parameters: {'gradient_clip_val': 0.6687753195613789, 'hidden_size': 18, 'dropout': 0.2742483610903463, 'hidden_continuous_size': 5, 'attention_head_size': 4, 'learning_rate': 0.021804273679316713}. Best is trial 24 with value: 32.166595458984375.
LOCAL_RANK: 0 - CUDA_VISIBLE_DEVICES: [0]
[I 2023-12-15 21:16:21,368] Trial 44 finished with value: 76.03602600097656 and parameters: {'gradient_clip_val': 0.8941225993142965, 'hidden_size': 11, 'dropout': 0.2957696177159884, 'hidden_continuous_size': 6, 'attention_head_size': 4, 'learning_rate': 0.006195391404944906}. Best is trial 24 with value: 32.166595458984375.
LOCAL_RANK: 0 - CUDA_VISIBLE_DEVICES: [0]
[I 2023-12-15 21:17:08,181] Trial 45 finished with value: 57.420162200927734 and parameters: {'gradient_clip_val': 0.7375535875869248, 'hidden_size': 9, 'dropout': 0.32795416445151054, 'hidden_continuous_size': 5, 'attention_head_size': 4, 'learning_rate': 0.014394914657425317}. Best is trial 24 with value: 32.166595458984375.
LOCAL_RANK: 0 - CUDA_VISIBLE_DEVICES: [0]
[I 2023-12-15 21:17:56,016] Trial 46 finished with value: 37.554107666015625 and parameters: {'gradient_clip_val': 0.5248206146874863, 'hidden_size': 14, 'dropout': 0.3625090211778591, 'hidden_continuous_size': 7, 'attention_head_size': 4, 'learning_rate': 0.01748466929601547}. Best is trial 24 with value: 32.166595458984375.
LOCAL_RANK: 0 - CUDA_VISIBLE_DEVICES: [0]
[I 2023-12-15 21:18:40,831] Trial 47 finished with value: 46.981197357177734 and parameters: {'gradient_clip_val': 0.9092452154642835, 'hidden_size': 8, 'dropout': 0.3849386911097195, 'hidden_continuous_size': 5, 'attention_head_size': 2, 'learning_rate': 0.005076393316265432}. Best is trial 24 with value: 32.166595458984375.
LOCAL_RANK: 0 - CUDA_VISIBLE_DEVICES: [0]
[I 2023-12-15 21:19:27,635] Trial 48 finished with value: 66.31076049804688 and parameters: {'gradient_clip_val': 0.43660778186758814, 'hidden_size': 13, 'dropout': 0.31044030411842793, 'hidden_continuous_size': 5, 'attention_head_size': 3, 'learning_rate': 0.0033398934739134207}. Best is trial 24 with value: 32.166595458984375.
LOCAL_RANK: 0 - CUDA_VISIBLE_DEVICES: [0]
[I 2023-12-15 21:20:15,453] Trial 49 finished with value: 71.16757202148438 and parameters: {'gradient_clip_val': 0.7695975846993662, 'hidden_size': 17, 'dropout': 0.34150254756182, 'hidden_continuous_size': 9, 'attention_head_size': 2, 'learning_rate': 0.008387139790966835}. Best is trial 24 with value: 32.166595458984375.
[I 2023-12-15 21:20:15,546] A new study created in memory with name: no-name-90cbfd60-addf-4cd4-b286-c7fafb023f5b
/home/le004/conda/anaconda3/envs/tsff_env/lib/python3.9/site-packages/lightning/fabric/plugins/environments/slurm.py:191: The `srun` command is available on your system but is not used. HINT: If your intention is to run Lightning on SLURM, prepend your python command with `srun` like so: srun python /home/le004/master_thesis/git/TSFusionForecast/code/ ...
LOCAL_RANK: 0 - CUDA_VISIBLE_DEVICES: [0]
[I 2023-12-15 21:21:02,403] Trial 0 finished with value: 22.1284122467041 and parameters: {'gradient_clip_val': 0.14308701792579764, 'hidden_size': 13, 'dropout': 0.16867897860463066, 'hidden_continuous_size': 8, 'attention_head_size': 3, 'learning_rate': 0.05214377612796888}. Best is trial 0 with value: 22.1284122467041.
LOCAL_RANK: 0 - CUDA_VISIBLE_DEVICES: [0]
[I 2023-12-15 21:21:49,151] Trial 1 finished with value: 69.47140502929688 and parameters: {'gradient_clip_val': 0.38256445370076647, 'hidden_size': 13, 'dropout': 0.10757353220506721, 'hidden_continuous_size': 6, 'attention_head_size': 4, 'learning_rate': 0.06670979305024265}. Best is trial 0 with value: 22.1284122467041.
LOCAL_RANK: 0 - CUDA_VISIBLE_DEVICES: [0]
[I 2023-12-15 21:22:42,427] Trial 2 finished with value: 62.4660530090332 and parameters: {'gradient_clip_val': 0.4349944323826394, 'hidden_size': 70, 'dropout': 0.32053746717678816, 'hidden_continuous_size': 7, 'attention_head_size': 4, 'learning_rate': 0.0041130577475541105}. Best is trial 0 with value: 22.1284122467041.
LOCAL_RANK: 0 - CUDA_VISIBLE_DEVICES: [0]
[I 2023-12-15 21:23:29,216] Trial 3 finished with value: 24.727630615234375 and parameters: {'gradient_clip_val': 0.2816729738419006, 'hidden_size': 16, 'dropout': 0.28749749617425746, 'hidden_continuous_size': 15, 'attention_head_size': 1, 'learning_rate': 0.011906252573403048}. Best is trial 0 with value: 22.1284122467041.
LOCAL_RANK: 0 - CUDA_VISIBLE_DEVICES: [0]
[I 2023-12-15 21:24:05,261] Trial 4 finished with value: 21.661415100097656 and parameters: {'gradient_clip_val': 0.10192056589657172, 'hidden_size': 5, 'dropout': 0.1084517904202881, 'hidden_continuous_size': 5, 'attention_head_size': 1, 'learning_rate': 0.05826717451611716}. Best is trial 4 with value: 21.661415100097656.
LOCAL_RANK: 0 - CUDA_VISIBLE_DEVICES: [0]
[I 2023-12-15 21:24:53,101] Trial 5 finished with value: 20.840919494628906 and parameters: {'gradient_clip_val': 0.6529315516542922, 'hidden_size': 18, 'dropout': 0.3063334709718065, 'hidden_continuous_size': 12, 'attention_head_size': 1, 'learning_rate': 0.0017044920841038222}. Best is trial 5 with value: 20.840919494628906.
LOCAL_RANK: 0 - CUDA_VISIBLE_DEVICES: [0]
