[I 2023-12-26 13:01:42,512] Trial 6 finished with value: 4.518673419952393 and parameters: {'gradient_clip_val': 0.5229516623741917, 'hidden_size': 37, 'dropout': 0.18225849376887868, 'hidden_continuous_size': 11, 'attention_head_size': 1, 'learning_rate': 0.022524600188524733}. Best is trial 1 with value: 0.16814953088760376.
[I 2023-12-26 13:01:50,102] Trial 7 finished with value: 3.7766520977020264 and parameters: {'gradient_clip_val': 0.10983083991010785, 'hidden_size': 96, 'dropout': 0.26483628111934326, 'hidden_continuous_size': 5, 'attention_head_size': 1, 'learning_rate': 0.000895668108022017}. Best is trial 1 with value: 0.16814953088760376.
[I 2023-12-26 13:01:58,469] Trial 8 finished with value: 4.386900901794434 and parameters: {'gradient_clip_val': 0.19611858215323824, 'hidden_size': 100, 'dropout': 0.32166227511531487, 'hidden_continuous_size': 13, 'attention_head_size': 3, 'learning_rate': 0.08845662590389909}. Best is trial 1 with value: 0.16814953088760376.
[I 2023-12-26 13:02:01,540] Trial 9 finished with value: 3.716040849685669 and parameters: {'gradient_clip_val': 0.1679269392759065, 'hidden_size': 15, 'dropout': 0.47320568730359924, 'hidden_continuous_size': 14, 'attention_head_size': 4, 'learning_rate': 0.0006856513074812024}. Best is trial 1 with value: 0.16814953088760376.
[I 2023-12-26 13:02:04,411] Trial 10 finished with value: 4.669207572937012 and parameters: {'gradient_clip_val': 0.25702308889436426, 'hidden_size': 19, 'dropout': 0.35867536430772673, 'hidden_continuous_size': 8, 'attention_head_size': 2, 'learning_rate': 0.0031365734810258577}. Best is trial 1 with value: 0.16814953088760376.
[I 2023-12-26 13:02:07,833] Trial 11 finished with value: 3.6508541107177734 and parameters: {'gradient_clip_val': 0.3418651591789159, 'hidden_size': 33, 'dropout': 0.10444654671633874, 'hidden_continuous_size': 7, 'attention_head_size': 3, 'learning_rate': 0.0005109976503778514}. Best is trial 1 with value: 0.16814953088760376.
[I 2023-12-26 13:02:13,035] Trial 12 finished with value: 3.484161376953125 and parameters: {'gradient_clip_val': 0.1106194801461184, 'hidden_size': 58, 'dropout': 0.11272785390449505, 'hidden_continuous_size': 24, 'attention_head_size': 3, 'learning_rate': 0.0017814432500427193}. Best is trial 1 with value: 0.16814953088760376.
[I 2023-12-26 13:02:16,285] Trial 13 finished with value: 3.1261088848114014 and parameters: {'gradient_clip_val': 0.4111267840107683, 'hidden_size': 26, 'dropout': 0.37242302837684466, 'hidden_continuous_size': 5, 'attention_head_size': 4, 'learning_rate': 0.002133811681674579}. Best is trial 1 with value: 0.16814953088760376.
[I 2023-12-26 13:02:21,933] Trial 14 finished with value: 2.6087634563446045 and parameters: {'gradient_clip_val': 0.2576878570882131, 'hidden_size': 61, 'dropout': 0.23829238323715182, 'hidden_continuous_size': 20, 'attention_head_size': 2, 'learning_rate': 0.0005459124031126165}. Best is trial 1 with value: 0.16814953088760376.
[I 2023-12-26 13:02:24,871] Trial 15 finished with value: 3.417263984680176 and parameters: {'gradient_clip_val': 0.16793400291981936, 'hidden_size': 23, 'dropout': 0.16376195472871022, 'hidden_continuous_size': 8, 'attention_head_size': 3, 'learning_rate': 0.0012223099544427796}. Best is trial 1 with value: 0.16814953088760376.
[I 2023-12-26 13:02:27,548] Trial 16 finished with value: 3.560333490371704 and parameters: {'gradient_clip_val': 0.801519166611775, 'hidden_size': 14, 'dropout': 0.1494475381027366, 'hidden_continuous_size': 6, 'attention_head_size': 2, 'learning_rate': 0.0043757721753498605}. Best is trial 1 with value: 0.16814953088760376.
[I 2023-12-26 13:02:31,149] Trial 17 finished with value: 4.046046257019043 and parameters: {'gradient_clip_val': 0.9568356500247128, 'hidden_size': 36, 'dropout': 0.23186102845189588, 'hidden_continuous_size': 17, 'attention_head_size': 4, 'learning_rate': 0.0010657452985851788}. Best is trial 1 with value: 0.16814953088760376.
[I 2023-12-26 13:02:34,515] Trial 18 finished with value: 3.593388557434082 and parameters: {'gradient_clip_val': 0.45831348761422086, 'hidden_size': 29, 'dropout': 0.20968517496953876, 'hidden_continuous_size': 10, 'attention_head_size': 3, 'learning_rate': 0.0025600225966586647}. Best is trial 1 with value: 0.16814953088760376.
[I 2023-12-26 13:02:39,151] Trial 19 finished with value: 4.382951259613037 and parameters: {'gradient_clip_val': 0.6941950672854226, 'hidden_size': 47, 'dropout': 0.2697121286244441, 'hidden_continuous_size': 27, 'attention_head_size': 2, 'learning_rate': 0.007257649691727548}. Best is trial 1 with value: 0.16814953088760376.
[I 2023-12-26 13:02:42,034] Trial 20 finished with value: 3.4327564239501953 and parameters: {'gradient_clip_val': 0.2709878754562233, 'hidden_size': 20, 'dropout': 0.14121181693072432, 'hidden_continuous_size': 8, 'attention_head_size': 4, 'learning_rate': 0.0007790349947327723}. Best is trial 1 with value: 0.16814953088760376.
[I 2023-12-26 13:02:48,203] Trial 21 finished with value: 3.0974836349487305 and parameters: {'gradient_clip_val': 0.23998476658981605, 'hidden_size': 65, 'dropout': 0.24408915250808338, 'hidden_continuous_size': 30, 'attention_head_size': 2, 'learning_rate': 0.0005219273482462907}. Best is trial 1 with value: 0.16814953088760376.
[I 2023-12-26 13:02:54,335] Trial 22 finished with value: 4.595248222351074 and parameters: {'gradient_clip_val': 0.37546493393531755, 'hidden_size': 68, 'dropout': 0.20331985049600915, 'hidden_continuous_size': 19, 'attention_head_size': 3, 'learning_rate': 0.000734985285409401}. Best is trial 1 with value: 0.16814953088760376.
[I 2023-12-26 13:02:58,739] Trial 23 finished with value: 4.404933452606201 and parameters: {'gradient_clip_val': 0.29011927471016014, 'hidden_size': 45, 'dropout': 0.19920119869781014, 'hidden_continuous_size': 17, 'attention_head_size': 2, 'learning_rate': 0.0005039356598201602}. Best is trial 1 with value: 0.16814953088760376.
[I 2023-12-26 13:03:02,250] Trial 24 finished with value: 3.0997402667999268 and parameters: {'gradient_clip_val': 0.21213875028504756, 'hidden_size': 29, 'dropout': 0.25338954675621544, 'hidden_continuous_size': 13, 'attention_head_size': 3, 'learning_rate': 0.0013853244481869002}. Best is trial 1 with value: 0.16814953088760376.
[I 2023-12-26 13:03:08,975] Trial 25 finished with value: 3.148463487625122 and parameters: {'gradient_clip_val': 0.3255516569288864, 'hidden_size': 77, 'dropout': 0.2909748383788371, 'hidden_continuous_size': 32, 'attention_head_size': 2, 'learning_rate': 0.0009313503921104863}. Best is trial 1 with value: 0.16814953088760376.
[I 2023-12-26 13:03:13,903] Trial 26 finished with value: 3.591538190841675 and parameters: {'gradient_clip_val': 0.4302940381139894, 'hidden_size': 53, 'dropout': 0.14966888259163633, 'hidden_continuous_size': 19, 'attention_head_size': 3, 'learning_rate': 0.0014631038223979758}. Best is trial 1 with value: 0.16814953088760376.
[I 2023-12-26 13:03:17,559] Trial 27 finished with value: 3.1203250885009766 and parameters: {'gradient_clip_val': 0.3068957073311335, 'hidden_size': 36, 'dropout': 0.22370348597372813, 'hidden_continuous_size': 15, 'attention_head_size': 2, 'learning_rate': 0.000764493019880019}. Best is trial 1 with value: 0.16814953088760376.
[I 2023-12-26 13:03:21,608] Trial 28 finished with value: 3.175706148147583 and parameters: {'gradient_clip_val': 0.14280324400477556, 'hidden_size': 43, 'dropout': 0.17374950602470343, 'hidden_continuous_size': 11, 'attention_head_size': 1, 'learning_rate': 0.0018392999206383854}. Best is trial 1 with value: 0.16814953088760376.
[I 2023-12-26 13:03:26,512] Trial 29 finished with value: 3.834719657897949 and parameters: {'gradient_clip_val': 0.22800609201066235, 'hidden_size': 53, 'dropout': 0.19015660678711374, 'hidden_continuous_size': 20, 'attention_head_size': 4, 'learning_rate': 0.0013276123224950523}. Best is trial 1 with value: 0.16814953088760376.
[I 2023-12-26 13:03:33,457] Trial 30 finished with value: 5.251324653625488 and parameters: {'gradient_clip_val': 0.2928912906316213, 'hidden_size': 76, 'dropout': 0.11728152245199386, 'hidden_continuous_size': 34, 'attention_head_size': 3, 'learning_rate': 0.0016990251246116498}. Best is trial 1 with value: 0.16814953088760376.
[I 2023-12-26 13:03:38,827] Trial 31 finished with value: 3.8645617961883545 and parameters: {'gradient_clip_val': 0.24251255776544897, 'hidden_size': 59, 'dropout': 0.2476385342066124, 'hidden_continuous_size': 24, 'attention_head_size': 2, 'learning_rate': 0.0005172469079984085}. Best is trial 1 with value: 0.16814953088760376.
[I 2023-12-26 13:03:43,050] Trial 32 finished with value: 4.335210800170898 and parameters: {'gradient_clip_val': 0.25451706827148013, 'hidden_size': 42, 'dropout': 0.23542918113739658, 'hidden_continuous_size': 23, 'attention_head_size': 2, 'learning_rate': 0.0006605964958509962}. Best is trial 1 with value: 0.16814953088760376.
[I 2023-12-26 13:03:46,896] Trial 33 finished with value: 4.214669704437256 and parameters: {'gradient_clip_val': 0.20032858027208453, 'hidden_size': 31, 'dropout': 0.21994329597462497, 'hidden_continuous_size': 10, 'attention_head_size': 2, 'learning_rate': 0.000982808467534462}. Best is trial 1 with value: 0.16814953088760376.
[I 2023-12-26 13:03:52,945] Trial 34 finished with value: 3.187331438064575 and parameters: {'gradient_clip_val': 0.22897948273367427, 'hidden_size': 67, 'dropout': 0.27180884576018727, 'hidden_continuous_size': 29, 'attention_head_size': 1, 'learning_rate': 0.000624064002587184}. Best is trial 1 with value: 0.16814953088760376.
[I 2023-12-26 13:03:57,235] Trial 35 finished with value: 3.232731819152832 and parameters: {'gradient_clip_val': 0.3682043042793027, 'hidden_size': 42, 'dropout': 0.3136659356196194, 'hidden_continuous_size': 22, 'attention_head_size': 3, 'learning_rate': 0.0010157290200334425}. Best is trial 1 with value: 0.16814953088760376.
[I 2023-12-26 13:04:07,036] Trial 36 finished with value: 3.925062894821167 and parameters: {'gradient_clip_val': 0.5579584764341694, 'hidden_size': 117, 'dropout': 0.18180200162108842, 'hidden_continuous_size': 42, 'attention_head_size': 2, 'learning_rate': 0.0005138722132882286}. Best is trial 1 with value: 0.16814953088760376.
[I 2023-12-26 13:04:18,650] Trial 37 finished with value: 3.9574368000030518 and parameters: {'gradient_clip_val': 0.2732068396163461, 'hidden_size': 140, 'dropout': 0.2873618030707675, 'hidden_continuous_size': 43, 'attention_head_size': 1, 'learning_rate': 0.0008601679559610102}. Best is trial 1 with value: 0.16814953088760376.
[I 2023-12-26 13:04:25,703] Trial 38 finished with value: 3.726370096206665 and parameters: {'gradient_clip_val': 0.19000687962573748, 'hidden_size': 84, 'dropout': 0.22236028920387518, 'hidden_continuous_size': 16, 'attention_head_size': 3, 'learning_rate': 0.0012358374979023748}. Best is trial 1 with value: 0.16814953088760376.
[I 2023-12-26 13:04:34,227] Trial 39 finished with value: 3.2989790439605713 and parameters: {'gradient_clip_val': 0.4812192059336289, 'hidden_size': 91, 'dropout': 0.25814619896010527, 'hidden_continuous_size': 89, 'attention_head_size': 2, 'learning_rate': 0.0008091685235810424}. Best is trial 1 with value: 0.16814953088760376.
[I 2023-12-26 13:04:43,551] Trial 40 finished with value: 3.1713552474975586 and parameters: {'gradient_clip_val': 0.31804642518594917, 'hidden_size': 108, 'dropout': 0.24013909708650563, 'hidden_continuous_size': 39, 'attention_head_size': 3, 'learning_rate': 0.0006021980478380172}. Best is trial 1 with value: 0.16814953088760376.
[I 2023-12-26 13:04:47,110] Trial 41 finished with value: 4.373401641845703 and parameters: {'gradient_clip_val': 0.19657924209015365, 'hidden_size': 30, 'dropout': 0.2579101548031239, 'hidden_continuous_size': 13, 'attention_head_size': 3, 'learning_rate': 0.001448389670954864}. Best is trial 1 with value: 0.16814953088760376.
[I 2023-12-26 13:04:50,206] Trial 42 finished with value: 3.232495069503784 and parameters: {'gradient_clip_val': 0.2223609851126299, 'hidden_size': 25, 'dropout': 0.19732449677912253, 'hidden_continuous_size': 12, 'attention_head_size': 3, 'learning_rate': 0.0011241754693326273}. Best is trial 1 with value: 0.16814953088760376.
[I 2023-12-26 13:04:54,003] Trial 43 finished with value: 4.33473014831543 and parameters: {'gradient_clip_val': 0.25606579513502603, 'hidden_size': 36, 'dropout': 0.24709560634198866, 'hidden_continuous_size': 15, 'attention_head_size': 3, 'learning_rate': 0.0006711624704124561}. Best is trial 1 with value: 0.16814953088760376.
[I 2023-12-26 13:04:57,502] Trial 44 finished with value: 3.982377290725708 and parameters: {'gradient_clip_val': 0.2131289427617592, 'hidden_size': 28, 'dropout': 0.31048510741556357, 'hidden_continuous_size': 12, 'attention_head_size': 2, 'learning_rate': 0.0014785529029881597}. Best is trial 1 with value: 0.16814953088760376.
[I 2023-12-26 13:05:00,590] Trial 45 finished with value: 4.356119632720947 and parameters: {'gradient_clip_val': 0.16898802086432477, 'hidden_size': 23, 'dropout': 0.27782402648173626, 'hidden_continuous_size': 10, 'attention_head_size': 4, 'learning_rate': 0.0009676626866296094}. Best is trial 1 with value: 0.16814953088760376.
[I 2023-12-26 13:05:05,483] Trial 46 finished with value: 3.8482797145843506 and parameters: {'gradient_clip_val': 0.14591818998667352, 'hidden_size': 51, 'dropout': 0.33438932720354064, 'hidden_continuous_size': 27, 'attention_head_size': 3, 'learning_rate': 0.0020836156807412186}. Best is trial 1 with value: 0.16814953088760376.
[I 2023-12-26 13:05:09,362] Trial 47 finished with value: 3.336604356765747 and parameters: {'gradient_clip_val': 0.24413022376677695, 'hidden_size': 39, 'dropout': 0.2910148681604249, 'hidden_continuous_size': 9, 'attention_head_size': 3, 'learning_rate': 0.0012426333268873875}. Best is trial 1 with value: 0.16814953088760376.
[I 2023-12-26 13:05:12,806] Trial 48 finished with value: 5.101818561553955 and parameters: {'gradient_clip_val': 0.3633859852089961, 'hidden_size': 33, 'dropout': 0.218688275386779, 'hidden_continuous_size': 14, 'attention_head_size': 2, 'learning_rate': 0.0023314397223711397}. Best is trial 1 with value: 0.16814953088760376.
[I 2023-12-26 13:05:18,179] Trial 49 finished with value: 2.991162061691284 and parameters: {'gradient_clip_val': 0.27466055775012826, 'hidden_size': 60, 'dropout': 0.2562484777364856, 'hidden_continuous_size': 6, 'attention_head_size': 3, 'learning_rate': 0.0006163123449880555}. Best is trial 1 with value: 0.16814953088760376.
[I 2023-12-26 13:05:18,326] A new study created in memory with name: no-name-3aef9cd8-75ed-443c-8be2-ea1a6a912e75
/home/le004/conda/anaconda3/envs/tsff_env/lib/python3.9/site-packages/lightning/fabric/plugins/environments/slurm.py:191: The `srun` command is available on your system but is not used. HINT: If your intention is to run Lightning on SLURM, prepend your python command with `srun` like so: srun python /home/le004/master_thesis/git/TSFusionForecast/code/ ...
[I 2023-12-26 13:26:32,243] Trial 0 finished with value: 0.04378215968608856 and parameters: {'gradient_clip_val': 0.6929253620379718, 'hidden_size': 128, 'dropout': 0.12456713091020695, 'hidden_continuous_size': 87, 'attention_head_size': 4, 'learning_rate': 0.02428164117966221}. Best is trial 0 with value: 0.04378215968608856.
[I 2023-12-26 13:26:34,098] Trial 1 finished with value: 3.8952744007110596 and parameters: {'gradient_clip_val': 0.8398385950743916, 'hidden_size': 7, 'dropout': 0.29022615752502856, 'hidden_continuous_size': 6, 'attention_head_size': 1, 'learning_rate': 0.07808344255814291}. Best is trial 0 with value: 0.04378215968608856.
[I 2023-12-26 13:26:38,306] Trial 2 finished with value: 4.301513195037842 and parameters: {'gradient_clip_val': 0.4268722950322778, 'hidden_size': 71, 'dropout': 0.17407215873220175, 'hidden_continuous_size': 34, 'attention_head_size': 3, 'learning_rate': 0.0005197164699911557}. Best is trial 0 with value: 0.04378215968608856.
[I 2023-12-26 13:26:40,064] Trial 3 finished with value: 5.646146297454834 and parameters: {'gradient_clip_val': 0.9483947925517346, 'hidden_size': 8, 'dropout': 0.29922710331640445, 'hidden_continuous_size': 8, 'attention_head_size': 3, 'learning_rate': 0.005862131273967039}. Best is trial 0 with value: 0.04378215968608856.
[I 2023-12-26 13:26:45,508] Trial 4 finished with value: 4.668453693389893 and parameters: {'gradient_clip_val': 0.20105527594878184, 'hidden_size': 82, 'dropout': 0.44139310963056366, 'hidden_continuous_size': 17, 'attention_head_size': 1, 'learning_rate': 0.0020896310700549026}. Best is trial 0 with value: 0.04378215968608856.
[I 2023-12-26 13:26:48,154] Trial 5 finished with value: 3.6363697052001953 and parameters: {'gradient_clip_val': 0.23538229382119497, 'hidden_size': 27, 'dropout': 0.39566516242614824, 'hidden_continuous_size': 6, 'attention_head_size': 2, 'learning_rate': 0.04044060776793036}. Best is trial 0 with value: 0.04378215968608856.
[I 2023-12-26 13:26:51,921] Trial 6 finished with value: 4.157103061676025 and parameters: {'gradient_clip_val': 0.27795372638121013, 'hidden_size': 39, 'dropout': 0.47151211361229817, 'hidden_continuous_size': 5, 'attention_head_size': 2, 'learning_rate': 0.027176752781822175}. Best is trial 0 with value: 0.04378215968608856.
[I 2023-12-26 13:26:53,924] Trial 7 finished with value: 4.804347038269043 and parameters: {'gradient_clip_val': 0.2582865982212475, 'hidden_size': 5, 'dropout': 0.4058269354185974, 'hidden_continuous_size': 5, 'attention_head_size': 4, 'learning_rate': 0.010337575049230515}. Best is trial 0 with value: 0.04378215968608856.
[I 2023-12-26 13:26:58,644] Trial 8 finished with value: 4.343601226806641 and parameters: {'gradient_clip_val': 0.4894813611918289, 'hidden_size': 51, 'dropout': 0.21359371352322098, 'hidden_continuous_size': 18, 'attention_head_size': 2, 'learning_rate': 0.001215154964314641}. Best is trial 0 with value: 0.04378215968608856.
[I 2023-12-26 13:27:00,702] Trial 9 finished with value: 4.379481792449951 and parameters: {'gradient_clip_val': 0.30290056358577677, 'hidden_size': 5, 'dropout': 0.3344178743787616, 'hidden_continuous_size': 5, 'attention_head_size': 2, 'learning_rate': 0.003102032623508484}. Best is trial 0 with value: 0.04378215968608856.
[I 2023-12-26 13:27:11,390] Trial 10 finished with value: 2.9578857421875 and parameters: {'gradient_clip_val': 0.10707633891799778, 'hidden_size': 123, 'dropout': 0.1047784028749917, 'hidden_continuous_size': 118, 'attention_head_size': 4, 'learning_rate': 0.018373157157003002}. Best is trial 0 with value: 0.04378215968608856.
[I 2023-12-26 13:27:24,793] Trial 11 finished with value: 3.3977115154266357 and parameters: {'gradient_clip_val': 0.10263101508816262, 'hidden_size': 143, 'dropout': 0.10866690109290784, 'hidden_continuous_size': 137, 'attention_head_size': 4, 'learning_rate': 0.016496723650745528}. Best is trial 0 with value: 0.04378215968608856.
[I 2023-12-26 13:27:35,808] Trial 12 finished with value: 3.3448712825775146 and parameters: {'gradient_clip_val': 0.10151535141673518, 'hidden_size': 133, 'dropout': 0.10075534683521886, 'hidden_continuous_size': 127, 'attention_head_size': 4, 'learning_rate': 0.01950586357923758}. Best is trial 0 with value: 0.04378215968608856.
[I 2023-12-26 13:27:48,235] Trial 13 finished with value: 3.090341329574585 and parameters: {'gradient_clip_val': 0.15553194953336066, 'hidden_size': 150, 'dropout': 0.1669551066818727, 'hidden_continuous_size': 80, 'attention_head_size': 3, 'learning_rate': 0.0508192537313315}. Best is trial 0 with value: 0.04378215968608856.
[I 2023-12-26 13:27:55,965] Trial 14 finished with value: 3.0774147510528564 and parameters: {'gradient_clip_val': 0.6022837344365193, 'hidden_size': 87, 'dropout': 0.22811488780857037, 'hidden_continuous_size': 54, 'attention_head_size': 4, 'learning_rate': 0.009433175431266818}. Best is trial 0 with value: 0.04378215968608856.
[I 2023-12-26 13:28:03,078] Trial 15 finished with value: 2.618601083755493 and parameters: {'gradient_clip_val': 0.4044585915971456, 'hidden_size': 92, 'dropout': 0.14295674959785765, 'hidden_continuous_size': 52, 'attention_head_size': 4, 'learning_rate': 0.02611176628953287}. Best is trial 0 with value: 0.04378215968608856.
[I 2023-12-26 13:28:07,919] Trial 16 finished with value: 4.416773319244385 and parameters: {'gradient_clip_val': 0.42850942931827973, 'hidden_size': 52, 'dropout': 0.15803578205777213, 'hidden_continuous_size': 30, 'attention_head_size': 3, 'learning_rate': 0.029511477272300864}. Best is trial 0 with value: 0.04378215968608856.
[I 2023-12-26 13:28:16,200] Trial 17 finished with value: 3.6779162883758545 and parameters: {'gradient_clip_val': 0.6855863261191155, 'hidden_size': 92, 'dropout': 0.22904925997609554, 'hidden_continuous_size': 54, 'attention_head_size': 4, 'learning_rate': 0.09427036994201828}. Best is trial 0 with value: 0.04378215968608856.
[I 2023-12-26 13:28:19,097] Trial 18 finished with value: 3.094811201095581 and parameters: {'gradient_clip_val': 0.367479199395397, 'hidden_size': 20, 'dropout': 0.14671724294505767, 'hidden_continuous_size': 9, 'attention_head_size': 3, 'learning_rate': 0.04139271209859766}. Best is trial 0 with value: 0.04378215968608856.
[I 2023-12-26 13:28:28,478] Trial 19 finished with value: 4.271229267120361 and parameters: {'gradient_clip_val': 0.5614869702454677, 'hidden_size': 105, 'dropout': 0.22698013632219016, 'hidden_continuous_size': 61, 'attention_head_size': 4, 'learning_rate': 0.0063303903081583296}. Best is trial 0 with value: 0.04378215968608856.
[I 2023-12-26 13:28:33,871] Trial 20 finished with value: 3.794820547103882 and parameters: {'gradient_clip_val': 0.727051295692884, 'hidden_size': 63, 'dropout': 0.13637184930900922, 'hidden_continuous_size': 33, 'attention_head_size': 3, 'learning_rate': 0.014352551008528716}. Best is trial 0 with value: 0.04378215968608856.
