[I 2023-12-26 15:35:55,480] Trial 18 finished with value: 2.22407603263855 and parameters: {'gradient_clip_val': 0.13694965979171542, 'hidden_size': 23, 'dropout': 0.20073167419178356, 'hidden_continuous_size': 9, 'attention_head_size': 2, 'learning_rate': 0.03218407527280529}. Best is trial 0 with value: 0.04919302091002464.
[I 2023-12-26 15:35:59,142] Trial 19 finished with value: 3.5178747177124023 and parameters: {'gradient_clip_val': 0.3108877809200408, 'hidden_size': 57, 'dropout': 0.29702033614989987, 'hidden_continuous_size': 24, 'attention_head_size': 1, 'learning_rate': 0.010038577054504576}. Best is trial 0 with value: 0.04919302091002464.
[I 2023-12-26 15:36:05,821] Trial 20 finished with value: 3.2125885486602783 and parameters: {'gradient_clip_val': 0.17448114410095653, 'hidden_size': 92, 'dropout': 0.369090085974928, 'hidden_continuous_size': 45, 'attention_head_size': 2, 'learning_rate': 0.05528394915696076}. Best is trial 0 with value: 0.04919302091002464.
[I 2023-12-26 15:36:08,178] Trial 21 finished with value: 4.271608352661133 and parameters: {'gradient_clip_val': 0.12771665142445682, 'hidden_size': 24, 'dropout': 0.21167788862850082, 'hidden_continuous_size': 9, 'attention_head_size': 2, 'learning_rate': 0.0322727567854994}. Best is trial 0 with value: 0.04919302091002464.
[I 2023-12-26 15:36:10,703] Trial 22 finished with value: 3.4797744750976562 and parameters: {'gradient_clip_val': 0.1319568846375034, 'hidden_size': 25, 'dropout': 0.18876163506277682, 'hidden_continuous_size': 14, 'attention_head_size': 3, 'learning_rate': 0.02198391823320288}. Best is trial 0 with value: 0.04919302091002464.
[I 2023-12-26 15:36:21,090] Trial 23 finished with value: 2.720506429672241 and parameters: {'gradient_clip_val': 0.14984064758738305, 'hidden_size': 150, 'dropout': 0.2670058996676738, 'hidden_continuous_size': 20, 'attention_head_size': 2, 'learning_rate': 0.03267115367475631}. Best is trial 0 with value: 0.04919302091002464.
[I 2023-12-26 15:36:24,998] Trial 24 finished with value: 2.7275009155273438 and parameters: {'gradient_clip_val': 0.12117415485447647, 'hidden_size': 47, 'dropout': 0.1751631660084087, 'hidden_continuous_size': 16, 'attention_head_size': 2, 'learning_rate': 0.05115453985566607}. Best is trial 0 with value: 0.04919302091002464.
[I 2023-12-26 15:36:30,002] Trial 25 finished with value: 3.481909990310669 and parameters: {'gradient_clip_val': 0.10472452788120132, 'hidden_size': 70, 'dropout': 0.22770245674737608, 'hidden_continuous_size': 22, 'attention_head_size': 1, 'learning_rate': 0.014532730390537598}. Best is trial 0 with value: 0.04919302091002464.
[I 2023-12-26 15:36:33,021] Trial 26 finished with value: 2.9792377948760986 and parameters: {'gradient_clip_val': 0.19814839618447, 'hidden_size': 33, 'dropout': 0.25214743205149304, 'hidden_continuous_size': 11, 'attention_head_size': 3, 'learning_rate': 0.06102410077139005}. Best is trial 0 with value: 0.04919302091002464.
[I 2023-12-26 15:36:35,266] Trial 27 finished with value: 3.697051763534546 and parameters: {'gradient_clip_val': 0.14865050996739126, 'hidden_size': 20, 'dropout': 0.2955804453228222, 'hidden_continuous_size': 8, 'attention_head_size': 2, 'learning_rate': 0.030259315264559602}. Best is trial 0 with value: 0.04919302091002464.
[I 2023-12-26 15:36:43,060] Trial 28 finished with value: 2.6191246509552 and parameters: {'gradient_clip_val': 0.24752110914614092, 'hidden_size': 108, 'dropout': 0.1442805745536156, 'hidden_continuous_size': 47, 'attention_head_size': 1, 'learning_rate': 0.07230283056278579}. Best is trial 0 with value: 0.04919302091002464.
[I 2023-12-26 15:36:46,634] Trial 29 finished with value: 3.713205337524414 and parameters: {'gradient_clip_val': 0.17968921651417868, 'hidden_size': 50, 'dropout': 0.19846574256336355, 'hidden_continuous_size': 14, 'attention_head_size': 3, 'learning_rate': 0.03792489605872039}. Best is trial 0 with value: 0.04919302091002464.
[I 2023-12-26 15:36:48,788] Trial 30 finished with value: 3.410031318664551 and parameters: {'gradient_clip_val': 0.1666604303546134, 'hidden_size': 17, 'dropout': 0.2422961428082973, 'hidden_continuous_size': 8, 'attention_head_size': 2, 'learning_rate': 0.039105131737311685}. Best is trial 0 with value: 0.04919302091002464.
[I 2023-12-26 15:36:51,687] Trial 31 finished with value: 3.5753087997436523 and parameters: {'gradient_clip_val': 0.24311943050889545, 'hidden_size': 30, 'dropout': 0.33242432904311753, 'hidden_continuous_size': 19, 'attention_head_size': 4, 'learning_rate': 0.004064140400648398}. Best is trial 0 with value: 0.04919302091002464.
[I 2023-12-26 15:36:54,391] Trial 32 finished with value: 2.83644962310791 and parameters: {'gradient_clip_val': 0.18963380265900476, 'hidden_size': 29, 'dropout': 0.2515447800204272, 'hidden_continuous_size': 17, 'attention_head_size': 4, 'learning_rate': 0.005231649230493738}. Best is trial 0 with value: 0.04919302091002464.
[I 2023-12-26 15:36:57,470] Trial 33 finished with value: 3.220471143722534 and parameters: {'gradient_clip_val': 0.12157164265639432, 'hidden_size': 38, 'dropout': 0.27585511633941995, 'hidden_continuous_size': 21, 'attention_head_size': 2, 'learning_rate': 0.018970608365209477}. Best is trial 0 with value: 0.04919302091002464.
[I 2023-12-26 15:36:59,660] Trial 34 finished with value: 4.516375541687012 and parameters: {'gradient_clip_val': 0.15846263515286702, 'hidden_size': 14, 'dropout': 0.22251881540583257, 'hidden_continuous_size': 5, 'attention_head_size': 3, 'learning_rate': 0.007728805145082012}. Best is trial 0 with value: 0.04919302091002464.
[I 2023-12-26 15:37:02,028] Trial 35 finished with value: 3.1005914211273193 and parameters: {'gradient_clip_val': 0.13295396766440834, 'hidden_size': 24, 'dropout': 0.32165463726910665, 'hidden_continuous_size': 10, 'attention_head_size': 4, 'learning_rate': 0.07231294089307444}. Best is trial 0 with value: 0.04919302091002464.
[I 2023-12-26 15:37:07,076] Trial 36 finished with value: 2.907428503036499 and parameters: {'gradient_clip_val': 0.19936649128911327, 'hidden_size': 71, 'dropout': 0.3672736476197554, 'hidden_continuous_size': 26, 'attention_head_size': 3, 'learning_rate': 0.043512130411017355}. Best is trial 0 with value: 0.04919302091002464.
[I 2023-12-26 15:37:09,990] Trial 37 finished with value: 3.7065908908843994 and parameters: {'gradient_clip_val': 0.13892334663962824, 'hidden_size': 36, 'dropout': 0.420999250487941, 'hidden_continuous_size': 19, 'attention_head_size': 1, 'learning_rate': 0.02588127893578021}. Best is trial 0 with value: 0.04919302091002464.
[I 2023-12-26 15:37:12,405] Trial 38 finished with value: 4.027529239654541 and parameters: {'gradient_clip_val': 0.16860082731747292, 'hidden_size': 11, 'dropout': 0.23557539732433602, 'hidden_continuous_size': 6, 'attention_head_size': 4, 'learning_rate': 0.0031044061721513675}. Best is trial 0 with value: 0.04919302091002464.
[I 2023-12-26 15:37:16,963] Trial 39 finished with value: 4.261143207550049 and parameters: {'gradient_clip_val': 0.11715739526859999, 'hidden_size': 59, 'dropout': 0.16303831752156567, 'hidden_continuous_size': 27, 'attention_head_size': 1, 'learning_rate': 0.010484883499879808}. Best is trial 0 with value: 0.04919302091002464.
[I 2023-12-26 15:37:20,304] Trial 40 finished with value: 4.5012898445129395 and parameters: {'gradient_clip_val': 0.37043373822156567, 'hidden_size': 45, 'dropout': 0.43610280919952904, 'hidden_continuous_size': 22, 'attention_head_size': 2, 'learning_rate': 0.016392390622429982}. Best is trial 0 with value: 0.04919302091002464.
[I 2023-12-26 15:37:27,519] Trial 41 finished with value: 2.820330858230591 and parameters: {'gradient_clip_val': 0.24591149482790695, 'hidden_size': 101, 'dropout': 0.13966617550831673, 'hidden_continuous_size': 44, 'attention_head_size': 1, 'learning_rate': 0.07213978561337851}. Best is trial 0 with value: 0.04919302091002464.
[I 2023-12-26 15:37:33,540] Trial 42 finished with value: 2.2890825271606445 and parameters: {'gradient_clip_val': 0.21717501622393628, 'hidden_size': 80, 'dropout': 0.1398499180654424, 'hidden_continuous_size': 75, 'attention_head_size': 1, 'learning_rate': 0.06542722951949657}. Best is trial 0 with value: 0.04919302091002464.
[I 2023-12-26 15:37:42,820] Trial 43 finished with value: 2.2987611293792725 and parameters: {'gradient_clip_val': 0.21340596769521517, 'hidden_size': 122, 'dropout': 0.1916279310739964, 'hidden_continuous_size': 122, 'attention_head_size': 1, 'learning_rate': 0.043769755709329346}. Best is trial 0 with value: 0.04919302091002464.
[I 2023-12-26 15:37:52,536] Trial 44 finished with value: 2.3141744136810303 and parameters: {'gradient_clip_val': 0.20353849254293763, 'hidden_size': 124, 'dropout': 0.1967195292414502, 'hidden_continuous_size': 113, 'attention_head_size': 1, 'learning_rate': 0.042413882930568456}. Best is trial 0 with value: 0.04919302091002464.
[I 2023-12-26 15:37:58,596] Trial 45 finished with value: 2.4704835414886475 and parameters: {'gradient_clip_val': 0.1867291313646705, 'hidden_size': 78, 'dropout': 0.11885545766385255, 'hidden_continuous_size': 76, 'attention_head_size': 1, 'learning_rate': 0.05526127819570228}. Best is trial 0 with value: 0.04919302091002464.
[I 2023-12-26 15:38:04,953] Trial 46 finished with value: 2.469982862472534 and parameters: {'gradient_clip_val': 0.15976898641907347, 'hidden_size': 87, 'dropout': 0.16871452153106092, 'hidden_continuous_size': 29, 'attention_head_size': 1, 'learning_rate': 0.031763589807548745}. Best is trial 0 with value: 0.04919302091002464.
[I 2023-12-26 15:38:14,141] Trial 47 finished with value: 1.7967640161514282 and parameters: {'gradient_clip_val': 0.13899300010423912, 'hidden_size': 115, 'dropout': 0.18980480360745194, 'hidden_continuous_size': 112, 'attention_head_size': 1, 'learning_rate': 0.08244884186328982}. Best is trial 0 with value: 0.04919302091002464.
[I 2023-12-26 15:38:18,946] Trial 48 finished with value: 3.712954521179199 and parameters: {'gradient_clip_val': 0.11306721656376913, 'hidden_size': 66, 'dropout': 0.1778270038323999, 'hidden_continuous_size': 29, 'attention_head_size': 2, 'learning_rate': 0.09944513061193822}. Best is trial 0 with value: 0.04919302091002464.
[I 2023-12-26 15:38:29,608] Trial 49 finished with value: 2.538825750350952 and parameters: {'gradient_clip_val': 0.13903278578908074, 'hidden_size': 139, 'dropout': 0.14819646855121046, 'hidden_continuous_size': 104, 'attention_head_size': 1, 'learning_rate': 0.06417514873698574}. Best is trial 0 with value: 0.04919302091002464.
[I 2023-12-26 15:38:29,735] A new study created in memory with name: no-name-0f28ce37-de51-4157-9873-a2b130ef49b6
/home/le004/conda/anaconda3/envs/tsff_env/lib/python3.9/site-packages/lightning/fabric/plugins/environments/slurm.py:191: The `srun` command is available on your system but is not used. HINT: If your intention is to run Lightning on SLURM, prepend your python command with `srun` like so: srun python /home/le004/master_thesis/git/TSFusionForecast/code/ ...
[I 2023-12-26 15:42:57,366] Trial 0 finished with value: 0.21486078202724457 and parameters: {'gradient_clip_val': 0.19229428320235653, 'hidden_size': 23, 'dropout': 0.3775809078041358, 'hidden_continuous_size': 5, 'attention_head_size': 3, 'learning_rate': 0.0015030068435554667}. Best is trial 0 with value: 0.21486078202724457.
[I 2023-12-26 15:42:59,937] Trial 1 finished with value: 3.913137435913086 and parameters: {'gradient_clip_val': 0.10341943995968175, 'hidden_size': 27, 'dropout': 0.1350632692209306, 'hidden_continuous_size': 14, 'attention_head_size': 4, 'learning_rate': 0.01386544134319447}. Best is trial 0 with value: 0.21486078202724457.
[I 2023-12-26 15:43:01,795] Trial 2 finished with value: 3.6682240962982178 and parameters: {'gradient_clip_val': 0.3734285187097388, 'hidden_size': 10, 'dropout': 0.22092772588912948, 'hidden_continuous_size': 10, 'attention_head_size': 1, 'learning_rate': 0.03857250887262902}. Best is trial 0 with value: 0.21486078202724457.
[I 2023-12-26 15:43:03,912] Trial 3 finished with value: 4.072295665740967 and parameters: {'gradient_clip_val': 0.7604870763123588, 'hidden_size': 17, 'dropout': 0.3305292479992644, 'hidden_continuous_size': 5, 'attention_head_size': 4, 'learning_rate': 0.00155279965910928}. Best is trial 0 with value: 0.21486078202724457.
[I 2023-12-26 15:43:05,823] Trial 4 finished with value: 3.325883150100708 and parameters: {'gradient_clip_val': 0.33243458700362194, 'hidden_size': 7, 'dropout': 0.13223236429066146, 'hidden_continuous_size': 5, 'attention_head_size': 2, 'learning_rate': 0.013853996700155044}. Best is trial 0 with value: 0.21486078202724457.
[I 2023-12-26 15:43:14,994] Trial 5 finished with value: 3.216710329055786 and parameters: {'gradient_clip_val': 0.10225903765954741, 'hidden_size': 146, 'dropout': 0.304422347793894, 'hidden_continuous_size': 8, 'attention_head_size': 4, 'learning_rate': 0.04462907704428738}. Best is trial 0 with value: 0.21486078202724457.
[I 2023-12-26 15:43:24,253] Trial 6 finished with value: 2.877394914627075 and parameters: {'gradient_clip_val': 0.11980714644774322, 'hidden_size': 111, 'dropout': 0.3324219086654839, 'hidden_continuous_size': 17, 'attention_head_size': 3, 'learning_rate': 0.0015125294659494486}. Best is trial 0 with value: 0.21486078202724457.
[I 2023-12-26 15:43:32,742] Trial 7 finished with value: 3.1303341388702393 and parameters: {'gradient_clip_val': 0.13143835667788709, 'hidden_size': 108, 'dropout': 0.1909894514247483, 'hidden_continuous_size': 23, 'attention_head_size': 4, 'learning_rate': 0.07890326823401957}. Best is trial 0 with value: 0.21486078202724457.
[I 2023-12-26 15:43:38,178] Trial 8 finished with value: 4.501245021820068 and parameters: {'gradient_clip_val': 0.3739708764189006, 'hidden_size': 75, 'dropout': 0.42753128692160036, 'hidden_continuous_size': 62, 'attention_head_size': 3, 'learning_rate': 0.0020301247309741505}. Best is trial 0 with value: 0.21486078202724457.
[I 2023-12-26 15:43:40,413] Trial 9 finished with value: 3.5085554122924805 and parameters: {'gradient_clip_val': 0.7815375903447591, 'hidden_size': 23, 'dropout': 0.10067146318569438, 'hidden_continuous_size': 16, 'attention_head_size': 3, 'learning_rate': 0.006051776238291086}. Best is trial 0 with value: 0.21486078202724457.
[I 2023-12-26 15:43:44,344] Trial 10 finished with value: 3.6727726459503174 and parameters: {'gradient_clip_val': 0.20863100530675885, 'hidden_size': 44, 'dropout': 0.4605352258416051, 'hidden_continuous_size': 5, 'attention_head_size': 2, 'learning_rate': 0.0005301927823646452}. Best is trial 0 with value: 0.21486078202724457.
[I 2023-12-26 15:43:49,713] Trial 11 finished with value: 3.8545968532562256 and parameters: {'gradient_clip_val': 0.1744405382750575, 'hidden_size': 59, 'dropout': 0.38778958780476136, 'hidden_continuous_size': 24, 'attention_head_size': 3, 'learning_rate': 0.0014679362899438807}. Best is trial 0 with value: 0.21486078202724457.
[I 2023-12-26 15:43:52,780] Trial 12 finished with value: 2.6480586528778076 and parameters: {'gradient_clip_val': 0.14906327487565835, 'hidden_size': 45, 'dropout': 0.37856925763646027, 'hidden_continuous_size': 10, 'attention_head_size': 2, 'learning_rate': 0.0005447614522475473}. Best is trial 0 with value: 0.21486078202724457.
[I 2023-12-26 15:43:55,469] Trial 13 finished with value: 3.78179669380188 and parameters: {'gradient_clip_val': 0.2132490903705892, 'hidden_size': 38, 'dropout': 0.383328438145013, 'hidden_continuous_size': 7, 'attention_head_size': 1, 'learning_rate': 0.0005417653250041265}. Best is trial 0 with value: 0.21486078202724457.
[I 2023-12-26 15:43:57,710] Trial 14 finished with value: 3.10248064994812 and parameters: {'gradient_clip_val': 0.15986612858462984, 'hidden_size': 17, 'dropout': 0.48208139363162067, 'hidden_continuous_size': 6, 'attention_head_size': 2, 'learning_rate': 0.0008094550631932949}. Best is trial 0 with value: 0.21486078202724457.
[I 2023-12-26 15:44:00,400] Trial 15 finished with value: 3.1597156524658203 and parameters: {'gradient_clip_val': 0.2465050431405411, 'hidden_size': 38, 'dropout': 0.3841443699250103, 'hidden_continuous_size': 9, 'attention_head_size': 2, 'learning_rate': 0.0033290375084986438}. Best is trial 0 with value: 0.21486078202724457.
[I 2023-12-26 15:44:02,386] Trial 16 finished with value: 4.164392948150635 and parameters: {'gradient_clip_val': 0.14610354893552385, 'hidden_size': 13, 'dropout': 0.26305018760025806, 'hidden_continuous_size': 6, 'attention_head_size': 1, 'learning_rate': 0.0010319153940789494}. Best is trial 0 with value: 0.21486078202724457.
[I 2023-12-26 15:44:05,172] Trial 17 finished with value: 3.6139209270477295 and parameters: {'gradient_clip_val': 0.17567895416925403, 'hidden_size': 27, 'dropout': 0.4290610256539721, 'hidden_continuous_size': 7, 'attention_head_size': 2, 'learning_rate': 0.002533675921875172}. Best is trial 0 with value: 0.21486078202724457.
[I 2023-12-26 15:44:09,111] Trial 18 finished with value: 3.137026071548462 and parameters: {'gradient_clip_val': 0.2707571759991845, 'hidden_size': 58, 'dropout': 0.4917119118466328, 'hidden_continuous_size': 11, 'attention_head_size': 3, 'learning_rate': 0.0008532752117981113}. Best is trial 0 with value: 0.21486078202724457.
[I 2023-12-26 15:44:11,726] Trial 19 finished with value: 3.174259901046753 and parameters: {'gradient_clip_val': 0.13047708436434963, 'hidden_size': 31, 'dropout': 0.34528055718161865, 'hidden_continuous_size': 9, 'attention_head_size': 2, 'learning_rate': 0.0005000275298768837}. Best is trial 0 with value: 0.21486078202724457.
[I 2023-12-26 15:44:13,661] Trial 20 finished with value: 3.937466859817505 and parameters: {'gradient_clip_val': 0.1987642650077329, 'hidden_size': 6, 'dropout': 0.26836897273373084, 'hidden_continuous_size': 5, 'attention_head_size': 3, 'learning_rate': 0.0010711973826926795}. Best is trial 0 with value: 0.21486078202724457.
[I 2023-12-26 15:44:20,434] Trial 21 finished with value: 3.931039571762085 and parameters: {'gradient_clip_val': 0.12269314310882211, 'hidden_size': 88, 'dropout': 0.3378375604869164, 'hidden_continuous_size': 13, 'attention_head_size': 3, 'learning_rate': 0.0031814286296207236}. Best is trial 0 with value: 0.21486078202724457.
[I 2023-12-26 15:44:30,610] Trial 22 finished with value: 2.9233968257904053 and parameters: {'gradient_clip_val': 0.1568365536102963, 'hidden_size': 143, 'dropout': 0.3621289290492553, 'hidden_continuous_size': 18, 'attention_head_size': 3, 'learning_rate': 0.0015311929773423058}. Best is trial 0 with value: 0.21486078202724457.
[I 2023-12-26 15:44:34,973] Trial 23 finished with value: 4.129225254058838 and parameters: {'gradient_clip_val': 0.11881852173511363, 'hidden_size': 59, 'dropout': 0.3072910704712128, 'hidden_continuous_size': 12, 'attention_head_size': 3, 'learning_rate': 0.0008566324218999372}. Best is trial 0 with value: 0.21486078202724457.
[I 2023-12-26 15:44:43,015] Trial 24 finished with value: 3.4881811141967773 and parameters: {'gradient_clip_val': 0.15666866285270284, 'hidden_size': 104, 'dropout': 0.4165221944925187, 'hidden_continuous_size': 20, 'attention_head_size': 2, 'learning_rate': 0.004253742665605738}. Best is trial 0 with value: 0.21486078202724457.
[I 2023-12-26 15:44:47,064] Trial 25 finished with value: 4.594170093536377 and parameters: {'gradient_clip_val': 0.10358265570862492, 'hidden_size': 47, 'dropout': 0.370021386898314, 'hidden_continuous_size': 11, 'attention_head_size': 3, 'learning_rate': 0.001931110527744271}. Best is trial 0 with value: 0.21486078202724457.
[I 2023-12-26 15:44:53,049] Trial 26 finished with value: 4.021785736083984 and parameters: {'gradient_clip_val': 0.1393617190310173, 'hidden_size': 76, 'dropout': 0.4075421072662569, 'hidden_continuous_size': 8, 'attention_head_size': 4, 'learning_rate': 0.0023608886680608204}. Best is trial 0 with value: 0.21486078202724457.
[I 2023-12-26 15:44:55,330] Trial 27 finished with value: 4.8511176109313965 and parameters: {'gradient_clip_val': 0.18504167075233582, 'hidden_size': 20, 'dropout': 0.34020831430308873, 'hidden_continuous_size': 6, 'attention_head_size': 2, 'learning_rate': 0.0013175052547939232}. Best is trial 0 with value: 0.21486078202724457.
[I 2023-12-26 15:44:57,871] Trial 28 finished with value: 3.7149200439453125 and parameters: {'gradient_clip_val': 0.24023679904971548, 'hidden_size': 32, 'dropout': 0.45708533553305475, 'hidden_continuous_size': 14, 'attention_head_size': 1, 'learning_rate': 0.0007102527937379382}. Best is trial 0 with value: 0.21486078202724457.
[I 2023-12-26 15:45:00,734] Trial 29 finished with value: 3.140277147293091 and parameters: {'gradient_clip_val': 0.11090870784179836, 'hidden_size': 27, 'dropout': 0.3978931477009302, 'hidden_continuous_size': 13, 'attention_head_size': 4, 'learning_rate': 0.004177780099572884}. Best is trial 0 with value: 0.21486078202724457.
[I 2023-12-26 15:45:05,257] Trial 30 finished with value: 4.266252040863037 and parameters: {'gradient_clip_val': 0.12110313023113331, 'hidden_size': 50, 'dropout': 0.3580492943314417, 'hidden_continuous_size': 15, 'attention_head_size': 3, 'learning_rate': 0.0011378527627352616}. Best is trial 0 with value: 0.21486078202724457.
[I 2023-12-26 15:45:16,895] Trial 31 finished with value: 4.998860836029053 and parameters: {'gradient_clip_val': 0.1515045577241515, 'hidden_size': 144, 'dropout': 0.3570645293692562, 'hidden_continuous_size': 34, 'attention_head_size': 3, 'learning_rate': 0.0016630431881778955}. Best is trial 0 with value: 0.21486078202724457.
[I 2023-12-26 15:45:25,489] Trial 32 finished with value: 3.7009525299072266 and parameters: {'gradient_clip_val': 0.10044798695621342, 'hidden_size': 120, 'dropout': 0.3721783818872222, 'hidden_continuous_size': 10, 'attention_head_size': 3, 'learning_rate': 0.001331554608271757}. Best is trial 0 with value: 0.21486078202724457.
