[I 2023-12-27 11:10:03,986] Trial 22 finished with value: 153.74671936035156 and parameters: {'gradient_clip_val': 0.3766725817198153, 'hidden_size': 34, 'dropout': 0.42259413818994795, 'hidden_continuous_size': 11, 'attention_head_size': 3, 'learning_rate': 0.0008514197469216317}. Best is trial 0 with value: 72.5859603881836.
LOCAL_RANK: 0 - CUDA_VISIBLE_DEVICES: [0]
[I 2023-12-27 11:10:04,486] Trial 23 finished with value: 143.26502990722656 and parameters: {'gradient_clip_val': 0.6565553659240038, 'hidden_size': 36, 'dropout': 0.3861269938291827, 'hidden_continuous_size': 20, 'attention_head_size': 4, 'learning_rate': 0.0018224958169542958}. Best is trial 0 with value: 72.5859603881836.
LOCAL_RANK: 0 - CUDA_VISIBLE_DEVICES: [0]
[I 2023-12-27 11:10:04,993] Trial 24 finished with value: 209.4089813232422 and parameters: {'gradient_clip_val': 0.8438828626444416, 'hidden_size': 103, 'dropout': 0.44490021503667304, 'hidden_continuous_size': 27, 'attention_head_size': 3, 'learning_rate': 0.000732375090321254}. Best is trial 0 with value: 72.5859603881836.
LOCAL_RANK: 0 - CUDA_VISIBLE_DEVICES: [0]
[I 2023-12-27 11:10:05,475] Trial 25 finished with value: 195.04296875 and parameters: {'gradient_clip_val': 0.5122653948045454, 'hidden_size': 56, 'dropout': 0.31229999898389427, 'hidden_continuous_size': 24, 'attention_head_size': 2, 'learning_rate': 0.0029008815532000753}. Best is trial 0 with value: 72.5859603881836.
LOCAL_RANK: 0 - CUDA_VISIBLE_DEVICES: [0]
[I 2023-12-27 11:10:05,937] Trial 26 finished with value: 194.40562438964844 and parameters: {'gradient_clip_val': 0.6476378013210514, 'hidden_size': 23, 'dropout': 0.4625679891069245, 'hidden_continuous_size': 9, 'attention_head_size': 3, 'learning_rate': 0.001344339764267182}. Best is trial 0 with value: 72.5859603881836.
LOCAL_RANK: 0 - CUDA_VISIBLE_DEVICES: [0]
[I 2023-12-27 11:10:06,444] Trial 27 finished with value: 206.137939453125 and parameters: {'gradient_clip_val': 0.8478099172764694, 'hidden_size': 32, 'dropout': 0.37254593398537805, 'hidden_continuous_size': 15, 'attention_head_size': 4, 'learning_rate': 0.0005282454731573282}. Best is trial 0 with value: 72.5859603881836.
LOCAL_RANK: 0 - CUDA_VISIBLE_DEVICES: [0]
[I 2023-12-27 11:10:06,938] Trial 28 finished with value: 209.9918670654297 and parameters: {'gradient_clip_val': 0.9540525024655672, 'hidden_size': 61, 'dropout': 0.3406810630776814, 'hidden_continuous_size': 27, 'attention_head_size': 2, 'learning_rate': 0.0031298934137552886}. Best is trial 0 with value: 72.5859603881836.
LOCAL_RANK: 0 - CUDA_VISIBLE_DEVICES: [0]
[I 2023-12-27 11:10:07,387] Trial 29 finished with value: 129.0906524658203 and parameters: {'gradient_clip_val': 0.48284321412701664, 'hidden_size': 7, 'dropout': 0.41528720227530214, 'hidden_continuous_size': 6, 'attention_head_size': 4, 'learning_rate': 0.0011269159230087372}. Best is trial 0 with value: 72.5859603881836.
LOCAL_RANK: 0 - CUDA_VISIBLE_DEVICES: [0]
[I 2023-12-27 11:10:07,851] Trial 30 finished with value: 206.3880157470703 and parameters: {'gradient_clip_val': 0.44983555385519797, 'hidden_size': 6, 'dropout': 0.18858838806316133, 'hidden_continuous_size': 5, 'attention_head_size': 4, 'learning_rate': 0.0024281310965596067}. Best is trial 0 with value: 72.5859603881836.
LOCAL_RANK: 0 - CUDA_VISIBLE_DEVICES: [0]
[I 2023-12-27 11:10:08,270] Trial 31 finished with value: 189.49290466308594 and parameters: {'gradient_clip_val': 0.5219791489939996, 'hidden_size': 5, 'dropout': 0.40178240549592537, 'hidden_continuous_size': 5, 'attention_head_size': 4, 'learning_rate': 0.0010650177617564983}. Best is trial 0 with value: 72.5859603881836.
LOCAL_RANK: 0 - CUDA_VISIBLE_DEVICES: [0]
[I 2023-12-27 11:10:08,723] Trial 32 finished with value: 205.90480041503906 and parameters: {'gradient_clip_val': 0.4625863604109646, 'hidden_size': 8, 'dropout': 0.41433916238285073, 'hidden_continuous_size': 6, 'attention_head_size': 4, 'learning_rate': 0.0007122792598826382}. Best is trial 0 with value: 72.5859603881836.
LOCAL_RANK: 0 - CUDA_VISIBLE_DEVICES: [0]
[I 2023-12-27 11:10:09,200] Trial 33 finished with value: 187.052490234375 and parameters: {'gradient_clip_val': 0.37643334553907315, 'hidden_size': 10, 'dropout': 0.3596297401498315, 'hidden_continuous_size': 6, 'attention_head_size': 3, 'learning_rate': 0.0014087776878515567}. Best is trial 0 with value: 72.5859603881836.
LOCAL_RANK: 0 - CUDA_VISIBLE_DEVICES: [0]
[I 2023-12-27 11:10:09,652] Trial 34 finished with value: 176.17933654785156 and parameters: {'gradient_clip_val': 0.3509430694374682, 'hidden_size': 7, 'dropout': 0.46840791693486183, 'hidden_continuous_size': 6, 'attention_head_size': 4, 'learning_rate': 0.0077015024294862545}. Best is trial 0 with value: 72.5859603881836.
LOCAL_RANK: 0 - CUDA_VISIBLE_DEVICES: [0]
[I 2023-12-27 11:10:10,132] Trial 35 finished with value: 183.5004425048828 and parameters: {'gradient_clip_val': 0.33003527992059134, 'hidden_size': 76, 'dropout': 0.4280935111834645, 'hidden_continuous_size': 12, 'attention_head_size': 3, 'learning_rate': 0.0018914638727839403}. Best is trial 0 with value: 72.5859603881836.
LOCAL_RANK: 0 - CUDA_VISIBLE_DEVICES: [0]
[I 2023-12-27 11:10:10,878] Trial 36 finished with value: 202.7706756591797 and parameters: {'gradient_clip_val': 0.4270979483193815, 'hidden_size': 19, 'dropout': 0.10182338744965713, 'hidden_continuous_size': 7, 'attention_head_size': 1, 'learning_rate': 0.0006870611095181064}. Best is trial 0 with value: 72.5859603881836.
LOCAL_RANK: 0 - CUDA_VISIBLE_DEVICES: [0]
[I 2023-12-27 11:10:11,366] Trial 37 finished with value: 201.97703552246094 and parameters: {'gradient_clip_val': 0.2626079954993985, 'hidden_size': 13, 'dropout': 0.29153971317493604, 'hidden_continuous_size': 7, 'attention_head_size': 2, 'learning_rate': 0.0009930166246528904}. Best is trial 0 with value: 72.5859603881836.
LOCAL_RANK: 0 - CUDA_VISIBLE_DEVICES: [0]
[I 2023-12-27 11:10:11,837] Trial 38 finished with value: 215.26220703125 and parameters: {'gradient_clip_val': 0.4889909494478424, 'hidden_size': 9, 'dropout': 0.40017097937511703, 'hidden_continuous_size': 6, 'attention_head_size': 4, 'learning_rate': 0.0006576302687495739}. Best is trial 0 with value: 72.5859603881836.
LOCAL_RANK: 0 - CUDA_VISIBLE_DEVICES: [0]
[I 2023-12-27 11:10:12,321] Trial 39 finished with value: 205.0176239013672 and parameters: {'gradient_clip_val': 0.4195455566462567, 'hidden_size': 30, 'dropout': 0.4718793797847154, 'hidden_continuous_size': 10, 'attention_head_size': 1, 'learning_rate': 0.0009284733981191938}. Best is trial 0 with value: 72.5859603881836.
LOCAL_RANK: 0 - CUDA_VISIBLE_DEVICES: [0]
[I 2023-12-27 11:10:12,828] Trial 40 finished with value: 166.73109436035156 and parameters: {'gradient_clip_val': 0.5837622779900569, 'hidden_size': 94, 'dropout': 0.4259943042179265, 'hidden_continuous_size': 15, 'attention_head_size': 2, 'learning_rate': 0.0023991843111744095}. Best is trial 0 with value: 72.5859603881836.
LOCAL_RANK: 0 - CUDA_VISIBLE_DEVICES: [0]
[I 2023-12-27 11:10:13,317] Trial 41 finished with value: 159.32933044433594 and parameters: {'gradient_clip_val': 0.6815238467304012, 'hidden_size': 39, 'dropout': 0.3904769988842335, 'hidden_continuous_size': 18, 'attention_head_size': 4, 'learning_rate': 0.0017305392962937579}. Best is trial 0 with value: 72.5859603881836.
LOCAL_RANK: 0 - CUDA_VISIBLE_DEVICES: [0]
[I 2023-12-27 11:10:13,807] Trial 42 finished with value: 182.5831756591797 and parameters: {'gradient_clip_val': 0.8573258161335765, 'hidden_size': 25, 'dropout': 0.37401933981102425, 'hidden_continuous_size': 8, 'attention_head_size': 4, 'learning_rate': 0.0012114404431973012}. Best is trial 0 with value: 72.5859603881836.
LOCAL_RANK: 0 - CUDA_VISIBLE_DEVICES: [0]
[I 2023-12-27 11:10:14,320] Trial 43 finished with value: 230.2057647705078 and parameters: {'gradient_clip_val': 0.6386040456625374, 'hidden_size': 72, 'dropout': 0.44733014018600104, 'hidden_continuous_size': 17, 'attention_head_size': 4, 'learning_rate': 0.001622628648795886}. Best is trial 0 with value: 72.5859603881836.
LOCAL_RANK: 0 - CUDA_VISIBLE_DEVICES: [0]
[I 2023-12-27 11:10:14,823] Trial 44 finished with value: 222.7680206298828 and parameters: {'gradient_clip_val': 0.9997591401718992, 'hidden_size': 21, 'dropout': 0.4052168292965544, 'hidden_continuous_size': 9, 'attention_head_size': 3, 'learning_rate': 0.0008355429407711442}. Best is trial 0 with value: 72.5859603881836.
LOCAL_RANK: 0 - CUDA_VISIBLE_DEVICES: [0]
[I 2023-12-27 11:10:15,316] Trial 45 finished with value: 145.86485290527344 and parameters: {'gradient_clip_val': 0.7323220434638306, 'hidden_size': 14, 'dropout': 0.3847164814868931, 'hidden_continuous_size': 7, 'attention_head_size': 4, 'learning_rate': 0.001188964073802588}. Best is trial 0 with value: 72.5859603881836.
LOCAL_RANK: 0 - CUDA_VISIBLE_DEVICES: [0]
[I 2023-12-27 11:10:15,818] Trial 46 finished with value: 223.2101287841797 and parameters: {'gradient_clip_val': 0.577809836673169, 'hidden_size': 29, 'dropout': 0.43255589152777923, 'hidden_continuous_size': 12, 'attention_head_size': 3, 'learning_rate': 0.0005878460592861138}. Best is trial 0 with value: 72.5859603881836.
LOCAL_RANK: 0 - CUDA_VISIBLE_DEVICES: [0]
[I 2023-12-27 11:10:16,318] Trial 47 finished with value: 135.53062438964844 and parameters: {'gradient_clip_val': 0.720012019667238, 'hidden_size': 42, 'dropout': 0.34017852411286076, 'hidden_continuous_size': 20, 'attention_head_size': 3, 'learning_rate': 0.0019011205672437993}. Best is trial 0 with value: 72.5859603881836.
LOCAL_RANK: 0 - CUDA_VISIBLE_DEVICES: [0]
[I 2023-12-27 11:10:16,813] Trial 48 finished with value: 165.21018981933594 and parameters: {'gradient_clip_val': 0.7882944130758072, 'hidden_size': 44, 'dropout': 0.3314336450802651, 'hidden_continuous_size': 13, 'attention_head_size': 3, 'learning_rate': 0.0005090893552470215}. Best is trial 0 with value: 72.5859603881836.
LOCAL_RANK: 0 - CUDA_VISIBLE_DEVICES: [0]
[I 2023-12-27 11:10:17,530] Trial 49 finished with value: 225.4924774169922 and parameters: {'gradient_clip_val': 0.7205577154311908, 'hidden_size': 26, 'dropout': 0.3194193081111791, 'hidden_continuous_size': 10, 'attention_head_size': 2, 'learning_rate': 0.0008563440286962947}. Best is trial 0 with value: 72.5859603881836.
[I 2023-12-27 11:10:17,659] A new study created in memory with name: no-name-a3492a1c-01db-42da-9586-efb4be295702
/home/le004/conda/anaconda3/envs/tsff_env/lib/python3.9/site-packages/lightning/fabric/plugins/environments/slurm.py:191: The `srun` command is available on your system but is not used. HINT: If your intention is to run Lightning on SLURM, prepend your python command with `srun` like so: srun python /home/le004/master_thesis/git/TSFusionForecast/code/ ...
LOCAL_RANK: 0 - CUDA_VISIBLE_DEVICES: [0]
[I 2023-12-27 11:10:43,652] Trial 0 finished with value: 6.689095973968506 and parameters: {'gradient_clip_val': 0.16402557158893977, 'hidden_size': 34, 'dropout': 0.31512320157001605, 'hidden_continuous_size': 7, 'attention_head_size': 4, 'learning_rate': 0.016297673847134313}. Best is trial 0 with value: 6.689095973968506.
LOCAL_RANK: 0 - CUDA_VISIBLE_DEVICES: [0]
[I 2023-12-27 11:10:44,077] Trial 1 finished with value: 29.822616577148438 and parameters: {'gradient_clip_val': 0.14123511841958103, 'hidden_size': 9, 'dropout': 0.37796337932546364, 'hidden_continuous_size': 7, 'attention_head_size': 4, 'learning_rate': 0.0019866386745309326}. Best is trial 0 with value: 6.689095973968506.
LOCAL_RANK: 0 - CUDA_VISIBLE_DEVICES: [0]
[I 2023-12-27 11:10:44,559] Trial 2 finished with value: 26.85955047607422 and parameters: {'gradient_clip_val': 0.12846766279346453, 'hidden_size': 47, 'dropout': 0.2827336203511642, 'hidden_continuous_size': 7, 'attention_head_size': 3, 'learning_rate': 0.0006865671533333253}. Best is trial 0 with value: 6.689095973968506.
LOCAL_RANK: 0 - CUDA_VISIBLE_DEVICES: [0]
[I 2023-12-27 11:10:44,997] Trial 3 finished with value: 31.19951820373535 and parameters: {'gradient_clip_val': 0.10301964320888732, 'hidden_size': 25, 'dropout': 0.28270107210716255, 'hidden_continuous_size': 11, 'attention_head_size': 2, 'learning_rate': 0.017102950945355886}. Best is trial 0 with value: 6.689095973968506.
LOCAL_RANK: 0 - CUDA_VISIBLE_DEVICES: [0]
[I 2023-12-27 11:10:45,406] Trial 4 finished with value: 26.925613403320312 and parameters: {'gradient_clip_val': 0.4817942402449347, 'hidden_size': 7, 'dropout': 0.47671397246612035, 'hidden_continuous_size': 6, 'attention_head_size': 2, 'learning_rate': 0.0005052788949519194}. Best is trial 0 with value: 6.689095973968506.
LOCAL_RANK: 0 - CUDA_VISIBLE_DEVICES: [0]
[I 2023-12-27 11:10:45,845] Trial 5 finished with value: 29.518239974975586 and parameters: {'gradient_clip_val': 0.34814546368913346, 'hidden_size': 36, 'dropout': 0.33971318356180347, 'hidden_continuous_size': 13, 'attention_head_size': 4, 'learning_rate': 0.005847049319758264}. Best is trial 0 with value: 6.689095973968506.
LOCAL_RANK: 0 - CUDA_VISIBLE_DEVICES: [0]
[I 2023-12-27 11:10:46,224] Trial 6 finished with value: 28.003707885742188 and parameters: {'gradient_clip_val': 0.39244849657530845, 'hidden_size': 5, 'dropout': 0.17961087529177056, 'hidden_continuous_size': 5, 'attention_head_size': 3, 'learning_rate': 0.03426575672747741}. Best is trial 0 with value: 6.689095973968506.
LOCAL_RANK: 0 - CUDA_VISIBLE_DEVICES: [0]
[I 2023-12-27 11:10:46,602] Trial 7 finished with value: 25.26929473876953 and parameters: {'gradient_clip_val': 0.10039442577651371, 'hidden_size': 5, 'dropout': 0.33179429834760144, 'hidden_continuous_size': 5, 'attention_head_size': 1, 'learning_rate': 0.0071667764335654445}. Best is trial 0 with value: 6.689095973968506.
LOCAL_RANK: 0 - CUDA_VISIBLE_DEVICES: [0]
[I 2023-12-27 11:10:47,054] Trial 8 finished with value: 29.618253707885742 and parameters: {'gradient_clip_val': 0.7904893794266772, 'hidden_size': 55, 'dropout': 0.34720254200431877, 'hidden_continuous_size': 5, 'attention_head_size': 1, 'learning_rate': 0.007681035411195354}. Best is trial 0 with value: 6.689095973968506.
LOCAL_RANK: 0 - CUDA_VISIBLE_DEVICES: [0]
[I 2023-12-27 11:10:47,432] Trial 9 finished with value: 29.001991271972656 and parameters: {'gradient_clip_val': 0.7435099432747446, 'hidden_size': 5, 'dropout': 0.3873620799799965, 'hidden_continuous_size': 5, 'attention_head_size': 3, 'learning_rate': 0.00667473677743286}. Best is trial 0 with value: 6.689095973968506.
LOCAL_RANK: 0 - CUDA_VISIBLE_DEVICES: [0]
[I 2023-12-27 11:10:48,225] Trial 10 finished with value: 38.74201583862305 and parameters: {'gradient_clip_val': 0.20977227809126045, 'hidden_size': 150, 'dropout': 0.1179098077743253, 'hidden_continuous_size': 40, 'attention_head_size': 4, 'learning_rate': 0.09584310214720206}. Best is trial 0 with value: 6.689095973968506.
LOCAL_RANK: 0 - CUDA_VISIBLE_DEVICES: [0]
[I 2023-12-27 11:10:48,669] Trial 11 finished with value: 26.99896812438965 and parameters: {'gradient_clip_val': 0.1848763847331272, 'hidden_size': 17, 'dropout': 0.2477805627224091, 'hidden_continuous_size': 7, 'attention_head_size': 1, 'learning_rate': 0.0201134479356888}. Best is trial 0 with value: 6.689095973968506.
LOCAL_RANK: 0 - CUDA_VISIBLE_DEVICES: [0]
[I 2023-12-27 11:10:49,142] Trial 12 finished with value: 32.704933166503906 and parameters: {'gradient_clip_val': 0.10515415664938661, 'hidden_size': 12, 'dropout': 0.23743575820235374, 'hidden_continuous_size': 6, 'attention_head_size': 2, 'learning_rate': 0.003437348180923026}. Best is trial 0 with value: 6.689095973968506.
LOCAL_RANK: 0 - CUDA_VISIBLE_DEVICES: [0]
[I 2023-12-27 11:10:49,583] Trial 13 finished with value: 20.009546279907227 and parameters: {'gradient_clip_val': 0.213087766538563, 'hidden_size': 16, 'dropout': 0.41447878104217306, 'hidden_continuous_size': 5, 'attention_head_size': 1, 'learning_rate': 0.012865295669009876}. Best is trial 0 with value: 6.689095973968506.
LOCAL_RANK: 0 - CUDA_VISIBLE_DEVICES: [0]
[I 2023-12-27 11:10:50,028] Trial 14 finished with value: 27.974159240722656 and parameters: {'gradient_clip_val': 0.23663736593994292, 'hidden_size': 17, 'dropout': 0.43497177062393577, 'hidden_continuous_size': 8, 'attention_head_size': 3, 'learning_rate': 0.017774061160811306}. Best is trial 0 with value: 6.689095973968506.
LOCAL_RANK: 0 - CUDA_VISIBLE_DEVICES: [0]
[I 2023-12-27 11:10:50,471] Trial 15 finished with value: 22.788671493530273 and parameters: {'gradient_clip_val': 0.26010515854542166, 'hidden_size': 25, 'dropout': 0.4227582349531372, 'hidden_continuous_size': 9, 'attention_head_size': 2, 'learning_rate': 0.04004216564808038}. Best is trial 0 with value: 6.689095973968506.
LOCAL_RANK: 0 - CUDA_VISIBLE_DEVICES: [0]
[I 2023-12-27 11:10:50,942] Trial 16 finished with value: 25.71497917175293 and parameters: {'gradient_clip_val': 0.1603196070825685, 'hidden_size': 15, 'dropout': 0.49587760819305776, 'hidden_continuous_size': 6, 'attention_head_size': 1, 'learning_rate': 0.011134783852533182}. Best is trial 0 with value: 6.689095973968506.
LOCAL_RANK: 0 - CUDA_VISIBLE_DEVICES: [0]
[I 2023-12-27 11:10:51,404] Trial 17 finished with value: 27.964584350585938 and parameters: {'gradient_clip_val': 0.2721559211488011, 'hidden_size': 32, 'dropout': 0.4270695740650428, 'hidden_continuous_size': 9, 'attention_head_size': 4, 'learning_rate': 0.03524008397707164}. Best is trial 0 with value: 6.689095973968506.
LOCAL_RANK: 0 - CUDA_VISIBLE_DEVICES: [0]
[I 2023-12-27 11:10:51,888] Trial 18 finished with value: 25.866979598999023 and parameters: {'gradient_clip_val': 0.18706303644428682, 'hidden_size': 11, 'dropout': 0.3129147672839131, 'hidden_continuous_size': 6, 'attention_head_size': 3, 'learning_rate': 0.004063899597601502}. Best is trial 0 with value: 6.689095973968506.
LOCAL_RANK: 0 - CUDA_VISIBLE_DEVICES: [0]
[I 2023-12-27 11:10:52,382] Trial 19 finished with value: 27.066513061523438 and parameters: {'gradient_clip_val': 0.17359541900026187, 'hidden_size': 68, 'dropout': 0.3803815380212778, 'hidden_continuous_size': 18, 'attention_head_size': 2, 'learning_rate': 0.011884632382311003}. Best is trial 0 with value: 6.689095973968506.
LOCAL_RANK: 0 - CUDA_VISIBLE_DEVICES: [0]
[I 2023-12-27 11:10:52,829] Trial 20 finished with value: 34.42091751098633 and parameters: {'gradient_clip_val': 0.22321217628249765, 'hidden_size': 21, 'dropout': 0.4478258531765557, 'hidden_continuous_size': 5, 'attention_head_size': 1, 'learning_rate': 0.0711288097830076}. Best is trial 0 with value: 6.689095973968506.
LOCAL_RANK: 0 - CUDA_VISIBLE_DEVICES: [0]
[I 2023-12-27 11:10:53,302] Trial 21 finished with value: 34.63068389892578 and parameters: {'gradient_clip_val': 0.2591647950742916, 'hidden_size': 24, 'dropout': 0.40665112785283497, 'hidden_continuous_size': 9, 'attention_head_size': 2, 'learning_rate': 0.03145978979014647}. Best is trial 0 with value: 6.689095973968506.
LOCAL_RANK: 0 - CUDA_VISIBLE_DEVICES: [0]
[I 2023-12-27 11:10:53,756] Trial 22 finished with value: 30.114004135131836 and parameters: {'gradient_clip_val': 0.29265277450627447, 'hidden_size': 32, 'dropout': 0.4689964452100953, 'hidden_continuous_size': 10, 'attention_head_size': 2, 'learning_rate': 0.05165890779743175}. Best is trial 0 with value: 6.689095973968506.
LOCAL_RANK: 0 - CUDA_VISIBLE_DEVICES: [0]
[I 2023-12-27 11:10:54,486] Trial 23 finished with value: 32.80891799926758 and parameters: {'gradient_clip_val': 0.21678607234561395, 'hidden_size': 21, 'dropout': 0.4093605472978879, 'hidden_continuous_size': 7, 'attention_head_size': 1, 'learning_rate': 0.024313411615764474}. Best is trial 0 with value: 6.689095973968506.
LOCAL_RANK: 0 - CUDA_VISIBLE_DEVICES: [0]
[I 2023-12-27 11:10:54,934] Trial 24 finished with value: 31.99456787109375 and parameters: {'gradient_clip_val': 0.1470577917321361, 'hidden_size': 14, 'dropout': 0.36730197610450366, 'hidden_continuous_size': 8, 'attention_head_size': 2, 'learning_rate': 0.051185518954375085}. Best is trial 0 with value: 6.689095973968506.
LOCAL_RANK: 0 - CUDA_VISIBLE_DEVICES: [0]
[I 2023-12-27 11:10:55,390] Trial 25 finished with value: 24.04602813720703 and parameters: {'gradient_clip_val': 0.31650214014587896, 'hidden_size': 19, 'dropout': 0.4483307622944512, 'hidden_continuous_size': 6, 'attention_head_size': 3, 'learning_rate': 0.012716454257044119}. Best is trial 0 with value: 6.689095973968506.
LOCAL_RANK: 0 - CUDA_VISIBLE_DEVICES: [0]
[I 2023-12-27 11:10:55,964] Trial 26 finished with value: 27.01894187927246 and parameters: {'gradient_clip_val': 0.19261806630501016, 'hidden_size': 30, 'dropout': 0.4037350309793363, 'hidden_continuous_size': 12, 'attention_head_size': 1, 'learning_rate': 0.027113448666639894}. Best is trial 0 with value: 6.689095973968506.
LOCAL_RANK: 0 - CUDA_VISIBLE_DEVICES: [0]
[I 2023-12-27 11:10:56,511] Trial 27 finished with value: 27.47003173828125 and parameters: {'gradient_clip_val': 0.24829842204343788, 'hidden_size': 41, 'dropout': 0.3635779029897086, 'hidden_continuous_size': 15, 'attention_head_size': 4, 'learning_rate': 0.01564954226342313}. Best is trial 0 with value: 6.689095973968506.
LOCAL_RANK: 0 - CUDA_VISIBLE_DEVICES: [0]
[I 2023-12-27 11:10:56,960] Trial 28 finished with value: 30.192764282226562 and parameters: {'gradient_clip_val': 0.16449382642673974, 'hidden_size': 25, 'dropout': 0.3210492226487199, 'hidden_continuous_size': 8, 'attention_head_size': 2, 'learning_rate': 0.022643070382820582}. Best is trial 0 with value: 6.689095973968506.
LOCAL_RANK: 0 - CUDA_VISIBLE_DEVICES: [0]
[I 2023-12-27 11:10:57,427] Trial 29 finished with value: 36.51259231567383 and parameters: {'gradient_clip_val': 0.12237315380664976, 'hidden_size': 11, 'dropout': 0.366041975797099, 'hidden_continuous_size': 7, 'attention_head_size': 4, 'learning_rate': 0.009884865358549504}. Best is trial 0 with value: 6.689095973968506.
LOCAL_RANK: 0 - CUDA_VISIBLE_DEVICES: [0]
