[I 2023-12-26 11:38:43,596] Trial 13 finished with value: 2.475816011428833 and parameters: {'gradient_clip_val': 0.6871914237565749, 'hidden_size': 136, 'dropout': 0.16119844795851113, 'hidden_continuous_size': 20, 'attention_head_size': 3, 'learning_rate': 0.012182560040148336}. Best is trial 0 with value: 0.22005848586559296.
[I 2023-12-26 11:38:46,469] Trial 14 finished with value: 2.7747068405151367 and parameters: {'gradient_clip_val': 0.40831544481220705, 'hidden_size': 31, 'dropout': 0.23360975945251836, 'hidden_continuous_size': 5, 'attention_head_size': 2, 'learning_rate': 0.000631325522761509}. Best is trial 0 with value: 0.22005848586559296.
[I 2023-12-26 11:38:48,731] Trial 15 finished with value: 3.130910634994507 and parameters: {'gradient_clip_val': 0.6567343998051207, 'hidden_size': 14, 'dropout': 0.10951381946410593, 'hidden_continuous_size': 6, 'attention_head_size': 4, 'learning_rate': 0.0014366635179896142}. Best is trial 0 with value: 0.22005848586559296.
[I 2023-12-26 11:38:59,483] Trial 16 finished with value: 2.4261319637298584 and parameters: {'gradient_clip_val': 0.361279687613023, 'hidden_size': 148, 'dropout': 0.15308550236610147, 'hidden_continuous_size': 16, 'attention_head_size': 1, 'learning_rate': 0.004568093343691376}. Best is trial 0 with value: 0.22005848586559296.
[I 2023-12-26 11:39:01,496] Trial 17 finished with value: 3.0382564067840576 and parameters: {'gradient_clip_val': 0.6458195411472906, 'hidden_size': 5, 'dropout': 0.20646769823702463, 'hidden_continuous_size': 5, 'attention_head_size': 2, 'learning_rate': 0.014683558621694046}. Best is trial 0 with value: 0.22005848586559296.
[I 2023-12-26 11:39:05,321] Trial 18 finished with value: 3.474215269088745 and parameters: {'gradient_clip_val': 0.9972992013146391, 'hidden_size': 38, 'dropout': 0.26273351762155767, 'hidden_continuous_size': 9, 'attention_head_size': 3, 'learning_rate': 0.09959620011630939}. Best is trial 0 with value: 0.22005848586559296.
[I 2023-12-26 11:39:07,959] Trial 19 finished with value: 2.4960780143737793 and parameters: {'gradient_clip_val': 0.38369979851101893, 'hidden_size': 18, 'dropout': 0.1734254776267745, 'hidden_continuous_size': 6, 'attention_head_size': 4, 'learning_rate': 0.0022141659806341786}. Best is trial 0 with value: 0.22005848586559296.
[I 2023-12-26 11:39:09,898] Trial 20 finished with value: 3.2122862339019775 and parameters: {'gradient_clip_val': 0.27378055793823186, 'hidden_size': 10, 'dropout': 0.2862424255401009, 'hidden_continuous_size': 6, 'attention_head_size': 1, 'learning_rate': 0.0008312078320860015}. Best is trial 0 with value: 0.22005848586559296.
[I 2023-12-26 11:39:13,663] Trial 21 finished with value: 2.625190496444702 and parameters: {'gradient_clip_val': 0.3173417085103437, 'hidden_size': 48, 'dropout': 0.31475394890468283, 'hidden_continuous_size': 28, 'attention_head_size': 3, 'learning_rate': 0.035846994970140815}. Best is trial 0 with value: 0.22005848586559296.
[I 2023-12-26 11:39:15,987] Trial 22 finished with value: 2.332467555999756 and parameters: {'gradient_clip_val': 0.24120637398866668, 'hidden_size': 25, 'dropout': 0.2136093066458047, 'hidden_continuous_size': 11, 'attention_head_size': 3, 'learning_rate': 0.03926380300498553}. Best is trial 0 with value: 0.22005848586559296.
[I 2023-12-26 11:39:19,001] Trial 23 finished with value: 2.566556215286255 and parameters: {'gradient_clip_val': 0.3487551204127521, 'hidden_size': 42, 'dropout': 0.2570924918658808, 'hidden_continuous_size': 31, 'attention_head_size': 3, 'learning_rate': 0.02073182510970881}. Best is trial 0 with value: 0.22005848586559296.
[I 2023-12-26 11:39:23,769] Trial 24 finished with value: 2.4242422580718994 and parameters: {'gradient_clip_val': 0.5181859726519878, 'hidden_size': 63, 'dropout': 0.17808990850563006, 'hidden_continuous_size': 20, 'attention_head_size': 2, 'learning_rate': 0.05367884347354901}. Best is trial 0 with value: 0.22005848586559296.
[I 2023-12-26 11:39:27,026] Trial 25 finished with value: 2.890467882156372 and parameters: {'gradient_clip_val': 0.41535785739310194, 'hidden_size': 38, 'dropout': 0.28033883146778776, 'hidden_continuous_size': 13, 'attention_head_size': 3, 'learning_rate': 0.007776440163681874}. Best is trial 0 with value: 0.22005848586559296.
[I 2023-12-26 11:39:35,382] Trial 26 finished with value: 1.8276728391647339 and parameters: {'gradient_clip_val': 0.2916146144146026, 'hidden_size': 108, 'dropout': 0.2288502071774694, 'hidden_continuous_size': 55, 'attention_head_size': 4, 'learning_rate': 0.017687479783048486}. Best is trial 0 with value: 0.22005848586559296.
[I 2023-12-26 11:39:40,886] Trial 27 finished with value: 2.888115167617798 and parameters: {'gradient_clip_val': 0.7792209298537389, 'hidden_size': 65, 'dropout': 0.13147183681437435, 'hidden_continuous_size': 33, 'attention_head_size': 2, 'learning_rate': 0.009645577032552683}. Best is trial 0 with value: 0.22005848586559296.
[I 2023-12-26 11:39:48,660] Trial 28 finished with value: 2.4091298580169678 and parameters: {'gradient_clip_val': 0.5510390594273237, 'hidden_size': 105, 'dropout': 0.19335196476418623, 'hidden_continuous_size': 38, 'attention_head_size': 3, 'learning_rate': 0.005546191848047221}. Best is trial 0 with value: 0.22005848586559296.
[I 2023-12-26 11:39:51,121] Trial 29 finished with value: 2.9593498706817627 and parameters: {'gradient_clip_val': 0.4602654188159109, 'hidden_size': 22, 'dropout': 0.13289523265004566, 'hidden_continuous_size': 8, 'attention_head_size': 1, 'learning_rate': 0.05956630168257126}. Best is trial 0 with value: 0.22005848586559296.
[I 2023-12-26 11:39:56,783] Trial 30 finished with value: 3.001321792602539 and parameters: {'gradient_clip_val': 0.5920306042523078, 'hidden_size': 68, 'dropout': 0.1501952128680769, 'hidden_continuous_size': 22, 'attention_head_size': 3, 'learning_rate': 0.019069001658682506}. Best is trial 0 with value: 0.22005848586559296.
[I 2023-12-26 11:40:03,987] Trial 31 finished with value: 2.4058239459991455 and parameters: {'gradient_clip_val': 0.2880145582997897, 'hidden_size': 109, 'dropout': 0.2324204584666324, 'hidden_continuous_size': 44, 'attention_head_size': 4, 'learning_rate': 0.01774409706284435}. Best is trial 0 with value: 0.22005848586559296.
[I 2023-12-26 11:40:12,297] Trial 32 finished with value: 2.7254638671875 and parameters: {'gradient_clip_val': 0.35477292943382954, 'hidden_size': 101, 'dropout': 0.22188856959239295, 'hidden_continuous_size': 52, 'attention_head_size': 4, 'learning_rate': 0.025964882320769527}. Best is trial 0 with value: 0.22005848586559296.
[I 2023-12-26 11:40:23,474] Trial 33 finished with value: 2.238863706588745 and parameters: {'gradient_clip_val': 0.25110576105986954, 'hidden_size': 120, 'dropout': 0.19364722443573634, 'hidden_continuous_size': 116, 'attention_head_size': 4, 'learning_rate': 0.03335673452528135}. Best is trial 0 with value: 0.22005848586559296.
[I 2023-12-26 11:40:29,399] Trial 34 finished with value: 1.944711685180664 and parameters: {'gradient_clip_val': 0.21585218336292836, 'hidden_size': 89, 'dropout': 0.17762245543100047, 'hidden_continuous_size': 17, 'attention_head_size': 4, 'learning_rate': 0.022776801995804653}. Best is trial 0 with value: 0.22005848586559296.
[I 2023-12-26 11:40:34,288] Trial 35 finished with value: 2.566279888153076 and parameters: {'gradient_clip_val': 0.3212909542619004, 'hidden_size': 75, 'dropout': 0.24780328434689003, 'hidden_continuous_size': 24, 'attention_head_size': 4, 'learning_rate': 0.010536838033924138}. Best is trial 0 with value: 0.22005848586559296.
[I 2023-12-26 11:40:44,706] Trial 36 finished with value: 2.4812967777252197 and parameters: {'gradient_clip_val': 0.31150608627904347, 'hidden_size': 138, 'dropout': 0.21646237092285883, 'hidden_continuous_size': 61, 'attention_head_size': 3, 'learning_rate': 0.026808194508080585}. Best is trial 0 with value: 0.22005848586559296.
[I 2023-12-26 11:40:52,081] Trial 37 finished with value: 2.4711408615112305 and parameters: {'gradient_clip_val': 0.20204388598481668, 'hidden_size': 91, 'dropout': 0.3136660971173002, 'hidden_continuous_size': 27, 'attention_head_size': 2, 'learning_rate': 0.01629408015503887}. Best is trial 0 with value: 0.22005848586559296.
[I 2023-12-26 11:40:56,250] Trial 38 finished with value: 3.37274432182312 and parameters: {'gradient_clip_val': 0.14999672513503218, 'hidden_size': 53, 'dropout': 0.2653606868534165, 'hidden_continuous_size': 12, 'attention_head_size': 3, 'learning_rate': 0.04546622763383535}. Best is trial 0 with value: 0.22005848586559296.
[I 2023-12-26 11:41:07,116] Trial 39 finished with value: 1.7948774099349976 and parameters: {'gradient_clip_val': 0.27590966997238814, 'hidden_size': 150, 'dropout': 0.24035722796844677, 'hidden_continuous_size': 38, 'attention_head_size': 4, 'learning_rate': 0.060048072005755564}. Best is trial 0 with value: 0.22005848586559296.
[I 2023-12-26 11:41:13,402] Trial 40 finished with value: 2.6199514865875244 and parameters: {'gradient_clip_val': 0.2614715087837732, 'hidden_size': 73, 'dropout': 0.343957627919327, 'hidden_continuous_size': 24, 'attention_head_size': 1, 'learning_rate': 0.0723856449851997}. Best is trial 0 with value: 0.22005848586559296.
[I 2023-12-26 11:41:24,853] Trial 41 finished with value: 1.9927687644958496 and parameters: {'gradient_clip_val': 0.2849973260347474, 'hidden_size': 150, 'dropout': 0.24061505994033508, 'hidden_continuous_size': 37, 'attention_head_size': 4, 'learning_rate': 0.035292284761515094}. Best is trial 0 with value: 0.22005848586559296.
[I 2023-12-26 11:41:34,052] Trial 42 finished with value: 1.8495458364486694 and parameters: {'gradient_clip_val': 0.22473787964190933, 'hidden_size': 117, 'dropout': 0.22626718369154242, 'hidden_continuous_size': 48, 'attention_head_size': 4, 'learning_rate': 0.06475909262749446}. Best is trial 0 with value: 0.22005848586559296.
[I 2023-12-26 11:41:40,624] Trial 43 finished with value: 2.605181932449341 and parameters: {'gradient_clip_val': 0.2873053500532188, 'hidden_size': 90, 'dropout': 0.20105136628115042, 'hidden_continuous_size': 37, 'attention_head_size': 4, 'learning_rate': 0.04841923813134451}. Best is trial 0 with value: 0.22005848586559296.
[I 2023-12-26 11:41:50,121] Trial 44 finished with value: 2.85186767578125 and parameters: {'gradient_clip_val': 0.42923110995563774, 'hidden_size': 125, 'dropout': 0.23270890620699003, 'hidden_continuous_size': 10, 'attention_head_size': 4, 'learning_rate': 0.0746369471695843}. Best is trial 0 with value: 0.22005848586559296.
[I 2023-12-26 11:41:57,309] Trial 45 finished with value: 2.571986436843872 and parameters: {'gradient_clip_val': 0.3387864160805086, 'hidden_size': 100, 'dropout': 0.24713115974841435, 'hidden_continuous_size': 31, 'attention_head_size': 3, 'learning_rate': 0.02738724553292154}. Best is trial 0 with value: 0.22005848586559296.
[I 2023-12-26 11:42:02,432] Trial 46 finished with value: 3.431485414505005 and parameters: {'gradient_clip_val': 0.8721449582090453, 'hidden_size': 80, 'dropout': 0.18798896654233155, 'hidden_continuous_size': 17, 'attention_head_size': 4, 'learning_rate': 0.04227709447013179}. Best is trial 0 with value: 0.22005848586559296.
[I 2023-12-26 11:42:12,713] Trial 47 finished with value: 2.833404541015625 and parameters: {'gradient_clip_val': 0.3905549239124514, 'hidden_size': 140, 'dropout': 0.2129890563813377, 'hidden_continuous_size': 64, 'attention_head_size': 2, 'learning_rate': 0.05138136439665859}. Best is trial 0 with value: 0.22005848586559296.
[I 2023-12-26 11:42:22,089] Trial 48 finished with value: 2.0053398609161377 and parameters: {'gradient_clip_val': 0.23950539794454023, 'hidden_size': 115, 'dropout': 0.41433523066802264, 'hidden_continuous_size': 42, 'attention_head_size': 3, 'learning_rate': 0.029873481497852086}. Best is trial 0 with value: 0.22005848586559296.
[I 2023-12-26 11:42:26,771] Trial 49 finished with value: 2.3288040161132812 and parameters: {'gradient_clip_val': 0.26498395208143427, 'hidden_size': 57, 'dropout': 0.1668897110248557, 'hidden_continuous_size': 19, 'attention_head_size': 2, 'learning_rate': 0.022260942332047316}. Best is trial 0 with value: 0.22005848586559296.
[I 2023-12-26 11:42:26,966] A new study created in memory with name: no-name-c824e7a3-f37b-4fc0-a4a7-07b0574a64b4
/home/le004/conda/anaconda3/envs/tsff_env/lib/python3.9/site-packages/lightning/fabric/plugins/environments/slurm.py:191: The `srun` command is available on your system but is not used. HINT: If your intention is to run Lightning on SLURM, prepend your python command with `srun` like so: srun python /home/le004/master_thesis/git/TSFusionForecast/code/ ...
[I 2023-12-26 11:48:11,934] Trial 0 finished with value: 0.24812941253185272 and parameters: {'gradient_clip_val': 0.25725469811099394, 'hidden_size': 26, 'dropout': 0.12542036937635803, 'hidden_continuous_size': 14, 'attention_head_size': 3, 'learning_rate': 0.0007608736109187585}. Best is trial 0 with value: 0.24812941253185272.
[I 2023-12-26 11:49:49,348] Trial 1 finished with value: 0.38729333877563477 and parameters: {'gradient_clip_val': 0.4082693846589917, 'hidden_size': 27, 'dropout': 0.21562621049588726, 'hidden_continuous_size': 17, 'attention_head_size': 2, 'learning_rate': 0.0021028513298518596}. Best is trial 0 with value: 0.24812941253185272.
[I 2023-12-26 11:49:54,446] Trial 2 finished with value: 4.787286281585693 and parameters: {'gradient_clip_val': 0.12612245389747867, 'hidden_size': 59, 'dropout': 0.2394742141423746, 'hidden_continuous_size': 12, 'attention_head_size': 4, 'learning_rate': 0.006247423482278606}. Best is trial 0 with value: 0.24812941253185272.
[I 2023-12-26 11:49:56,633] Trial 3 finished with value: 5.9067840576171875 and parameters: {'gradient_clip_val': 0.9202085097566488, 'hidden_size': 17, 'dropout': 0.3924995869916351, 'hidden_continuous_size': 15, 'attention_head_size': 4, 'learning_rate': 0.020049918715808693}. Best is trial 0 with value: 0.24812941253185272.
[I 2023-12-26 11:49:58,441] Trial 4 finished with value: 4.108943939208984 and parameters: {'gradient_clip_val': 0.7431670189717748, 'hidden_size': 8, 'dropout': 0.10908345635173317, 'hidden_continuous_size': 6, 'attention_head_size': 3, 'learning_rate': 0.0013283090155625512}. Best is trial 0 with value: 0.24812941253185272.
[I 2023-12-26 11:50:07,702] Trial 5 finished with value: 7.019078731536865 and parameters: {'gradient_clip_val': 0.5192779615037484, 'hidden_size': 117, 'dropout': 0.18857714645402904, 'hidden_continuous_size': 13, 'attention_head_size': 1, 'learning_rate': 0.010180968087856538}. Best is trial 0 with value: 0.24812941253185272.
[I 2023-12-26 11:50:09,830] Trial 6 finished with value: 4.72827672958374 and parameters: {'gradient_clip_val': 0.2745962055991017, 'hidden_size': 16, 'dropout': 0.21800969594583217, 'hidden_continuous_size': 5, 'attention_head_size': 2, 'learning_rate': 0.0019354088079941202}. Best is trial 0 with value: 0.24812941253185272.
[I 2023-12-26 11:50:17,803] Trial 7 finished with value: 4.150876522064209 and parameters: {'gradient_clip_val': 0.5863776938250344, 'hidden_size': 119, 'dropout': 0.4221556349372374, 'hidden_continuous_size': 32, 'attention_head_size': 2, 'learning_rate': 0.018689922255939937}. Best is trial 0 with value: 0.24812941253185272.
[I 2023-12-26 11:50:20,185] Trial 8 finished with value: 4.1548686027526855 and parameters: {'gradient_clip_val': 0.10447464351327518, 'hidden_size': 22, 'dropout': 0.21407368567199514, 'hidden_continuous_size': 21, 'attention_head_size': 1, 'learning_rate': 0.06360304426085697}. Best is trial 0 with value: 0.24812941253185272.
[I 2023-12-26 11:50:23,701] Trial 9 finished with value: 4.009608745574951 and parameters: {'gradient_clip_val': 0.11409635691412036, 'hidden_size': 48, 'dropout': 0.35078164238152076, 'hidden_continuous_size': 15, 'attention_head_size': 2, 'learning_rate': 0.01845898259621935}. Best is trial 0 with value: 0.24812941253185272.
[I 2023-12-26 11:50:25,584] Trial 10 finished with value: 4.848448276519775 and parameters: {'gradient_clip_val': 0.2307094076156193, 'hidden_size': 7, 'dropout': 0.4831116492703376, 'hidden_continuous_size': 5, 'attention_head_size': 3, 'learning_rate': 0.0005091198047859685}. Best is trial 0 with value: 0.24812941253185272.
[I 2023-12-26 11:50:28,181] Trial 11 finished with value: 5.706815242767334 and parameters: {'gradient_clip_val': 0.38756993546731466, 'hidden_size': 36, 'dropout': 0.13270064702968873, 'hidden_continuous_size': 9, 'attention_head_size': 3, 'learning_rate': 0.000561048141676654}. Best is trial 0 with value: 0.24812941253185272.
[I 2023-12-26 11:50:30,618] Trial 12 finished with value: 3.784602403640747 and parameters: {'gradient_clip_val': 0.3548912609405146, 'hidden_size': 29, 'dropout': 0.28366557010212495, 'hidden_continuous_size': 20, 'attention_head_size': 2, 'learning_rate': 0.001881216071417236}. Best is trial 0 with value: 0.24812941253185272.
[I 2023-12-26 11:50:32,727] Trial 13 finished with value: 4.579472064971924 and parameters: {'gradient_clip_val': 0.22273296355871414, 'hidden_size': 16, 'dropout': 0.15470929564995206, 'hidden_continuous_size': 9, 'attention_head_size': 3, 'learning_rate': 0.0036696786645365846}. Best is trial 0 with value: 0.24812941253185272.
[I 2023-12-26 11:50:34,629] Trial 14 finished with value: 4.031393527984619 and parameters: {'gradient_clip_val': 0.43703443430484895, 'hidden_size': 11, 'dropout': 0.10380192075493222, 'hidden_continuous_size': 6, 'attention_head_size': 1, 'learning_rate': 0.001100581165684681}. Best is trial 0 with value: 0.24812941253185272.
[I 2023-12-26 11:50:37,229] Trial 15 finished with value: 4.455703258514404 and parameters: {'gradient_clip_val': 0.29843850634995944, 'hidden_size': 31, 'dropout': 0.16697497586895269, 'hidden_continuous_size': 19, 'attention_head_size': 4, 'learning_rate': 0.0009367848358952914}. Best is trial 0 with value: 0.24812941253185272.
[I 2023-12-26 11:50:41,292] Trial 16 finished with value: 5.4051194190979 and parameters: {'gradient_clip_val': 0.1724722314903119, 'hidden_size': 58, 'dropout': 0.2608820322675155, 'hidden_continuous_size': 49, 'attention_head_size': 3, 'learning_rate': 0.0029344107492347274}. Best is trial 0 with value: 0.24812941253185272.
[I 2023-12-26 11:50:42,996] Trial 17 finished with value: 4.467936038970947 and parameters: {'gradient_clip_val': 0.3405082171240206, 'hidden_size': 5, 'dropout': 0.1820434494706609, 'hidden_continuous_size': 5, 'attention_head_size': 2, 'learning_rate': 0.0007498311128043418}. Best is trial 0 with value: 0.24812941253185272.
[I 2023-12-26 11:50:45,213] Trial 18 finished with value: 4.838860988616943 and parameters: {'gradient_clip_val': 0.4807278014139338, 'hidden_size': 23, 'dropout': 0.3067634348518945, 'hidden_continuous_size': 11, 'attention_head_size': 2, 'learning_rate': 0.001391244984718746}. Best is trial 0 with value: 0.24812941253185272.
[I 2023-12-26 11:50:47,304] Trial 19 finished with value: 5.359966278076172 and parameters: {'gradient_clip_val': 0.6014402729192765, 'hidden_size': 13, 'dropout': 0.1530353832860726, 'hidden_continuous_size': 7, 'attention_head_size': 3, 'learning_rate': 0.0028036581606181287}. Best is trial 0 with value: 0.24812941253185272.
[I 2023-12-26 11:50:49,976] Trial 20 finished with value: 4.389736175537109 and parameters: {'gradient_clip_val': 0.3990975905404109, 'hidden_size': 41, 'dropout': 0.20425012565416184, 'hidden_continuous_size': 17, 'attention_head_size': 1, 'learning_rate': 0.0007422119674481703}. Best is trial 0 with value: 0.24812941253185272.
[I 2023-12-26 11:50:52,321] Trial 21 finished with value: 4.388432025909424 and parameters: {'gradient_clip_val': 0.368398690483818, 'hidden_size': 27, 'dropout': 0.27449379694941056, 'hidden_continuous_size': 16, 'attention_head_size': 2, 'learning_rate': 0.0017415072982092956}. Best is trial 0 with value: 0.24812941253185272.
[I 2023-12-26 11:50:54,593] Trial 22 finished with value: 5.02063512802124 and parameters: {'gradient_clip_val': 0.3132679500366026, 'hidden_size': 25, 'dropout': 0.2946460005327717, 'hidden_continuous_size': 13, 'attention_head_size': 2, 'learning_rate': 0.001966320740249792}. Best is trial 0 with value: 0.24812941253185272.
[I 2023-12-26 11:50:57,112] Trial 23 finished with value: 6.608203887939453 and parameters: {'gradient_clip_val': 0.257680837469521, 'hidden_size': 35, 'dropout': 0.23098736179915907, 'hidden_continuous_size': 24, 'attention_head_size': 2, 'learning_rate': 0.0009835204222822963}. Best is trial 0 with value: 0.24812941253185272.
[I 2023-12-26 11:50:59,555] Trial 24 finished with value: 3.879208564758301 and parameters: {'gradient_clip_val': 0.33645863605206855, 'hidden_size': 22, 'dropout': 0.2518486191983445, 'hidden_continuous_size': 14, 'attention_head_size': 3, 'learning_rate': 0.004131738827839867}. Best is trial 0 with value: 0.24812941253185272.
[I 2023-12-26 11:51:01,948] Trial 25 finished with value: 4.168649196624756 and parameters: {'gradient_clip_val': 0.18872281992192105, 'hidden_size': 29, 'dropout': 0.17938536273110117, 'hidden_continuous_size': 18, 'attention_head_size': 2, 'learning_rate': 0.0022471529340952127}. Best is trial 0 with value: 0.24812941253185272.
[I 2023-12-26 11:51:04,736] Trial 26 finished with value: 3.7386109828948975 and parameters: {'gradient_clip_val': 0.4058733526651462, 'hidden_size': 43, 'dropout': 0.14212288204174753, 'hidden_continuous_size': 24, 'attention_head_size': 1, 'learning_rate': 0.0014621944902002177}. Best is trial 0 with value: 0.24812941253185272.
[I 2023-12-26 11:51:07,711] Trial 27 finished with value: 5.588102340698242 and parameters: {'gradient_clip_val': 0.4712910559000644, 'hidden_size': 46, 'dropout': 0.13026095534444776, 'hidden_continuous_size': 26, 'attention_head_size': 1, 'learning_rate': 0.0014139429510917848}. Best is trial 0 with value: 0.24812941253185272.
