[I 2023-12-26 13:51:20,037] Trial 5 finished with value: 276.0189514160156 and parameters: {'gradient_clip_val': 0.9219557221487049, 'hidden_size': 34, 'dropout': 0.3247487194751253, 'hidden_continuous_size': 5, 'attention_head_size': 2, 'learning_rate': 0.0843145729954805}. Best is trial 0 with value: 103.94379425048828.
[I 2023-12-26 13:51:23,488] Trial 6 finished with value: 250.3743133544922 and parameters: {'gradient_clip_val': 0.4078181510693552, 'hidden_size': 37, 'dropout': 0.19866351312020325, 'hidden_continuous_size': 11, 'attention_head_size': 3, 'learning_rate': 0.0049124104429322055}. Best is trial 0 with value: 103.94379425048828.
[I 2023-12-26 13:51:27,885] Trial 7 finished with value: 187.68272399902344 and parameters: {'gradient_clip_val': 0.4070255434949461, 'hidden_size': 51, 'dropout': 0.3288944614631888, 'hidden_continuous_size': 12, 'attention_head_size': 3, 'learning_rate': 0.003506764833045807}. Best is trial 0 with value: 103.94379425048828.
[I 2023-12-26 13:51:29,977] Trial 8 finished with value: 193.6405792236328 and parameters: {'gradient_clip_val': 0.19547416736891882, 'hidden_size': 8, 'dropout': 0.173548907356655, 'hidden_continuous_size': 6, 'attention_head_size': 3, 'learning_rate': 0.005356689381917768}. Best is trial 0 with value: 103.94379425048828.
[I 2023-12-26 13:51:39,860] Trial 9 finished with value: 260.2175598144531 and parameters: {'gradient_clip_val': 0.5707788206321882, 'hidden_size': 114, 'dropout': 0.3538515961834027, 'hidden_continuous_size': 105, 'attention_head_size': 4, 'learning_rate': 0.0020280018679018096}. Best is trial 0 with value: 103.94379425048828.
[I 2023-12-26 13:51:50,746] Trial 10 finished with value: 196.71690368652344 and parameters: {'gradient_clip_val': 0.10728411163683031, 'hidden_size': 144, 'dropout': 0.48294100830281017, 'hidden_continuous_size': 44, 'attention_head_size': 1, 'learning_rate': 0.024008142942697666}. Best is trial 0 with value: 103.94379425048828.
[I 2023-12-26 13:51:56,068] Trial 11 finished with value: 186.64727783203125 and parameters: {'gradient_clip_val': 0.2751375957113608, 'hidden_size': 63, 'dropout': 0.10309626611584252, 'hidden_continuous_size': 23, 'attention_head_size': 4, 'learning_rate': 0.01867216051467943}. Best is trial 0 with value: 103.94379425048828.
[I 2023-12-26 13:52:01,819] Trial 12 finished with value: 192.31890869140625 and parameters: {'gradient_clip_val': 0.17056898805766163, 'hidden_size': 68, 'dropout': 0.11723951744407346, 'hidden_continuous_size': 27, 'attention_head_size': 4, 'learning_rate': 0.016619442595046687}. Best is trial 0 with value: 103.94379425048828.
[I 2023-12-26 13:52:08,395] Trial 13 finished with value: 166.3642120361328 and parameters: {'gradient_clip_val': 0.2616118170052795, 'hidden_size': 69, 'dropout': 0.11159701621001726, 'hidden_continuous_size': 25, 'attention_head_size': 4, 'learning_rate': 0.04879153555046106}. Best is trial 0 with value: 103.94379425048828.
[I 2023-12-26 13:52:19,537] Trial 14 finished with value: 130.09471130371094 and parameters: {'gradient_clip_val': 0.15010395592499082, 'hidden_size': 144, 'dropout': 0.42636390975265276, 'hidden_continuous_size': 58, 'attention_head_size': 2, 'learning_rate': 0.09582380110571583}. Best is trial 0 with value: 103.94379425048828.
[I 2023-12-26 13:52:31,294] Trial 15 finished with value: 174.01756286621094 and parameters: {'gradient_clip_val': 0.12692743711711954, 'hidden_size': 145, 'dropout': 0.4285855265620112, 'hidden_continuous_size': 71, 'attention_head_size': 2, 'learning_rate': 0.09157906662855775}. Best is trial 0 with value: 103.94379425048828.
[I 2023-12-26 13:52:37,869] Trial 16 finished with value: 163.39772033691406 and parameters: {'gradient_clip_val': 0.1533119050461779, 'hidden_size': 88, 'dropout': 0.40509295167449366, 'hidden_continuous_size': 41, 'attention_head_size': 1, 'learning_rate': 0.047903168269894325}. Best is trial 0 with value: 103.94379425048828.
[I 2023-12-26 13:52:50,934] Trial 17 finished with value: 165.4820556640625 and parameters: {'gradient_clip_val': 0.14609475941641226, 'hidden_size': 150, 'dropout': 0.4884234176535041, 'hidden_continuous_size': 138, 'attention_head_size': 2, 'learning_rate': 0.03828270960532728}. Best is trial 0 with value: 103.94379425048828.
[I 2023-12-26 13:52:57,936] Trial 18 finished with value: 266.77581787109375 and parameters: {'gradient_clip_val': 0.10221845891524335, 'hidden_size': 88, 'dropout': 0.4224612066852255, 'hidden_continuous_size': 40, 'attention_head_size': 1, 'learning_rate': 0.011391469472533642}. Best is trial 0 with value: 103.94379425048828.
[I 2023-12-26 13:53:00,612] Trial 19 finished with value: 148.60267639160156 and parameters: {'gradient_clip_val': 0.20251616604378428, 'hidden_size': 23, 'dropout': 0.26072953521036, 'hidden_continuous_size': 8, 'attention_head_size': 2, 'learning_rate': 0.033212544132954554}. Best is trial 0 with value: 103.94379425048828.
[I 2023-12-26 13:53:04,991] Trial 20 finished with value: 181.3067169189453 and parameters: {'gradient_clip_val': 0.13791914805761177, 'hidden_size': 56, 'dropout': 0.2772751704641536, 'hidden_continuous_size': 18, 'attention_head_size': 3, 'learning_rate': 0.06953562466522564}. Best is trial 0 with value: 103.94379425048828.
[I 2023-12-26 13:53:07,486] Trial 21 finished with value: 143.60501098632812 and parameters: {'gradient_clip_val': 0.1984057498196498, 'hidden_size': 20, 'dropout': 0.2790845729258592, 'hidden_continuous_size': 8, 'attention_head_size': 2, 'learning_rate': 0.03289968664567431}. Best is trial 0 with value: 103.94379425048828.
[I 2023-12-26 13:53:09,946] Trial 22 finished with value: 188.6670684814453 and parameters: {'gradient_clip_val': 0.17112237968019448, 'hidden_size': 15, 'dropout': 0.3842109566105275, 'hidden_continuous_size': 7, 'attention_head_size': 2, 'learning_rate': 0.05893074942389609}. Best is trial 0 with value: 103.94379425048828.
[I 2023-12-26 13:53:12,262] Trial 23 finished with value: 225.09986877441406 and parameters: {'gradient_clip_val': 0.12908396806107458, 'hidden_size': 11, 'dropout': 0.4548619906540191, 'hidden_continuous_size': 6, 'attention_head_size': 2, 'learning_rate': 0.09548864923796838}. Best is trial 0 with value: 103.94379425048828.
[I 2023-12-26 13:53:15,308] Trial 24 finished with value: 221.67425537109375 and parameters: {'gradient_clip_val': 0.19107658835140762, 'hidden_size': 29, 'dropout': 0.3963230227488973, 'hidden_continuous_size': 8, 'attention_head_size': 1, 'learning_rate': 0.03522269699662972}. Best is trial 0 with value: 103.94379425048828.
[I 2023-12-26 13:53:17,665] Trial 25 finished with value: 209.1078643798828 and parameters: {'gradient_clip_val': 0.159061299973821, 'hidden_size': 5, 'dropout': 0.35300581862067637, 'hidden_continuous_size': 5, 'attention_head_size': 2, 'learning_rate': 0.010634436071960926}. Best is trial 0 with value: 103.94379425048828.
[I 2023-12-26 13:53:20,364] Trial 26 finished with value: 186.87176513671875 and parameters: {'gradient_clip_val': 0.12390086135266155, 'hidden_size': 24, 'dropout': 0.2929389697098162, 'hidden_continuous_size': 9, 'attention_head_size': 3, 'learning_rate': 0.05517331344683928}. Best is trial 0 with value: 103.94379425048828.
[I 2023-12-26 13:53:24,199] Trial 27 finished with value: 248.7003173828125 and parameters: {'gradient_clip_val': 0.10048099158257225, 'hidden_size': 43, 'dropout': 0.4523667563048148, 'hidden_continuous_size': 18, 'attention_head_size': 2, 'learning_rate': 0.028087369511090914}. Best is trial 0 with value: 103.94379425048828.
[I 2023-12-26 13:53:31,038] Trial 28 finished with value: 152.76101684570312 and parameters: {'gradient_clip_val': 0.21960488088532354, 'hidden_size': 77, 'dropout': 0.36869357691710575, 'hidden_continuous_size': 33, 'attention_head_size': 1, 'learning_rate': 0.06669341491707863}. Best is trial 0 with value: 103.94379425048828.
[I 2023-12-26 13:53:34,833] Trial 29 finished with value: 196.33001708984375 and parameters: {'gradient_clip_val': 0.247878543082404, 'hidden_size': 48, 'dropout': 0.2591938048707466, 'hidden_continuous_size': 16, 'attention_head_size': 2, 'learning_rate': 0.04336988245624241}. Best is trial 0 with value: 103.94379425048828.
[I 2023-12-26 13:53:44,123] Trial 30 finished with value: 172.33673095703125 and parameters: {'gradient_clip_val': 0.1770689088576788, 'hidden_size': 115, 'dropout': 0.33695231965256806, 'hidden_continuous_size': 57, 'attention_head_size': 3, 'learning_rate': 0.027353112436416253}. Best is trial 0 with value: 103.94379425048828.
[I 2023-12-26 13:53:46,949] Trial 31 finished with value: 192.0140380859375 and parameters: {'gradient_clip_val': 0.21236421233800273, 'hidden_size': 26, 'dropout': 0.26134943364475915, 'hidden_continuous_size': 9, 'attention_head_size': 2, 'learning_rate': 0.0340119724601388}. Best is trial 0 with value: 103.94379425048828.
[I 2023-12-26 13:53:49,453] Trial 32 finished with value: 216.3634796142578 and parameters: {'gradient_clip_val': 0.15070961457458262, 'hidden_size': 19, 'dropout': 0.29139203552744053, 'hidden_continuous_size': 8, 'attention_head_size': 2, 'learning_rate': 0.0666814414534611}. Best is trial 0 with value: 103.94379425048828.
[I 2023-12-26 13:53:52,730] Trial 33 finished with value: 212.1737518310547 and parameters: {'gradient_clip_val': 0.20956927341352338, 'hidden_size': 36, 'dropout': 0.30869002830428427, 'hidden_continuous_size': 14, 'attention_head_size': 2, 'learning_rate': 0.04172641388812419}. Best is trial 0 with value: 103.94379425048828.
[I 2023-12-26 13:53:55,325] Trial 34 finished with value: 155.303955078125 and parameters: {'gradient_clip_val': 0.11602302325457454, 'hidden_size': 22, 'dropout': 0.2361326695624049, 'hidden_continuous_size': 9, 'attention_head_size': 2, 'learning_rate': 0.09712373629883415}. Best is trial 0 with value: 103.94379425048828.
[I 2023-12-26 13:53:58,517] Trial 35 finished with value: 180.37351989746094 and parameters: {'gradient_clip_val': 0.14012664327423632, 'hidden_size': 30, 'dropout': 0.3095523447139145, 'hidden_continuous_size': 11, 'attention_head_size': 1, 'learning_rate': 0.02420939718202614}. Best is trial 0 with value: 103.94379425048828.
[I 2023-12-26 13:54:07,018] Trial 36 finished with value: 167.55906677246094 and parameters: {'gradient_clip_val': 0.182529011880483, 'hidden_size': 112, 'dropout': 0.3736391787316059, 'hidden_continuous_size': 31, 'attention_head_size': 2, 'learning_rate': 0.013112793388907607}. Best is trial 0 with value: 103.94379425048828.
[I 2023-12-26 13:54:10,896] Trial 37 finished with value: 171.3760986328125 and parameters: {'gradient_clip_val': 0.11894028593695714, 'hidden_size': 41, 'dropout': 0.33870435906028656, 'hidden_continuous_size': 14, 'attention_head_size': 2, 'learning_rate': 0.00782756407879185}. Best is trial 0 with value: 103.94379425048828.
[I 2023-12-26 13:54:14,066] Trial 38 finished with value: 139.41726684570312 and parameters: {'gradient_clip_val': 0.2322462549352111, 'hidden_size': 33, 'dropout': 0.32823753803933475, 'hidden_continuous_size': 12, 'attention_head_size': 3, 'learning_rate': 0.02017969886588523}. Best is trial 0 with value: 103.94379425048828.
[I 2023-12-26 13:54:18,802] Trial 39 finished with value: 187.22991943359375 and parameters: {'gradient_clip_val': 0.23217787521386668, 'hidden_size': 57, 'dropout': 0.3560378803689372, 'hidden_continuous_size': 11, 'attention_head_size': 3, 'learning_rate': 0.0208156230411119}. Best is trial 0 with value: 103.94379425048828.
[I 2023-12-26 13:54:26,428] Trial 40 finished with value: 203.61082458496094 and parameters: {'gradient_clip_val': 0.31225294469207154, 'hidden_size': 96, 'dropout': 0.329121521542972, 'hidden_continuous_size': 19, 'attention_head_size': 3, 'learning_rate': 0.014891403277763823}. Best is trial 0 with value: 103.94379425048828.
[I 2023-12-26 13:54:29,718] Trial 41 finished with value: 155.38623046875 and parameters: {'gradient_clip_val': 0.20350380419545858, 'hidden_size': 33, 'dropout': 0.3132616196394924, 'hidden_continuous_size': 12, 'attention_head_size': 3, 'learning_rate': 0.028699802980049618}. Best is trial 0 with value: 103.94379425048828.
[I 2023-12-26 13:54:32,309] Trial 42 finished with value: 255.0283660888672 and parameters: {'gradient_clip_val': 0.16788687560729887, 'hidden_size': 21, 'dropout': 0.38766371833288277, 'hidden_continuous_size': 10, 'attention_head_size': 2, 'learning_rate': 0.033175130675851726}. Best is trial 0 with value: 103.94379425048828.
[I 2023-12-26 13:54:34,725] Trial 43 finished with value: 175.21484375 and parameters: {'gradient_clip_val': 0.19413501571409636, 'hidden_size': 17, 'dropout': 0.23324677697803564, 'hidden_continuous_size': 8, 'attention_head_size': 2, 'learning_rate': 0.019210708223856825}. Best is trial 0 with value: 103.94379425048828.
[I 2023-12-26 13:54:37,628] Trial 44 finished with value: 166.50225830078125 and parameters: {'gradient_clip_val': 0.23570143419667605, 'hidden_size': 27, 'dropout': 0.28131303039147937, 'hidden_continuous_size': 6, 'attention_head_size': 3, 'learning_rate': 0.04931848305619636}. Best is trial 0 with value: 103.94379425048828.
[I 2023-12-26 13:54:41,684] Trial 45 finished with value: 158.16204833984375 and parameters: {'gradient_clip_val': 0.2735114339996056, 'hidden_size': 47, 'dropout': 0.31868599090707334, 'hidden_continuous_size': 13, 'attention_head_size': 2, 'learning_rate': 0.07493067543664933}. Best is trial 0 with value: 103.94379425048828.
[I 2023-12-26 13:54:52,190] Trial 46 finished with value: 168.39393615722656 and parameters: {'gradient_clip_val': 0.15680983423626643, 'hidden_size': 131, 'dropout': 0.41065865331616697, 'hidden_continuous_size': 63, 'attention_head_size': 3, 'learning_rate': 0.02391056851231544}. Best is trial 0 with value: 103.94379425048828.
[I 2023-12-26 13:54:58,537] Trial 47 finished with value: 180.1334228515625 and parameters: {'gradient_clip_val': 0.1345236453079397, 'hidden_size': 78, 'dropout': 0.20586872269603576, 'hidden_continuous_size': 50, 'attention_head_size': 2, 'learning_rate': 0.05855203537330057}. Best is trial 0 with value: 103.94379425048828.
[I 2023-12-26 13:55:02,143] Trial 48 finished with value: 149.14146423339844 and parameters: {'gradient_clip_val': 0.18076017062939279, 'hidden_size': 39, 'dropout': 0.33958817428977445, 'hidden_continuous_size': 21, 'attention_head_size': 1, 'learning_rate': 0.017502511574309917}. Best is trial 0 with value: 103.94379425048828.
[I 2023-12-26 13:55:12,222] Trial 49 finished with value: 205.68309020996094 and parameters: {'gradient_clip_val': 0.11164364402573933, 'hidden_size': 121, 'dropout': 0.29908506337591856, 'hidden_continuous_size': 72, 'attention_head_size': 3, 'learning_rate': 0.04389471499389338}. Best is trial 0 with value: 103.94379425048828.
[I 2023-12-26 13:55:12,367] A new study created in memory with name: no-name-4c920b62-583d-4168-b489-19c403a1991b
/home/le004/conda/anaconda3/envs/tsff_env/lib/python3.9/site-packages/lightning/fabric/plugins/environments/slurm.py:191: The `srun` command is available on your system but is not used. HINT: If your intention is to run Lightning on SLURM, prepend your python command with `srun` like so: srun python /home/le004/master_thesis/git/TSFusionForecast/code/ ...
[I 2023-12-26 13:57:36,887] Trial 0 finished with value: 5.371412754058838 and parameters: {'gradient_clip_val': 0.9123677713723459, 'hidden_size': 6, 'dropout': 0.2936740124259841, 'hidden_continuous_size': 5, 'attention_head_size': 1, 'learning_rate': 0.018765001448097632}. Best is trial 0 with value: 5.371412754058838.
[I 2023-12-26 13:57:39,456] Trial 1 finished with value: 30.783777236938477 and parameters: {'gradient_clip_val': 0.15053441370439005, 'hidden_size': 14, 'dropout': 0.17208586707838885, 'hidden_continuous_size': 10, 'attention_head_size': 4, 'learning_rate': 0.046065732611297656}. Best is trial 0 with value: 5.371412754058838.
[I 2023-12-26 13:57:42,186] Trial 2 finished with value: 25.448976516723633 and parameters: {'gradient_clip_val': 0.20718202015853412, 'hidden_size': 17, 'dropout': 0.46274712910127336, 'hidden_continuous_size': 10, 'attention_head_size': 4, 'learning_rate': 0.0005393052825148428}. Best is trial 0 with value: 5.371412754058838.
[I 2023-12-26 13:57:44,226] Trial 3 finished with value: 25.035608291625977 and parameters: {'gradient_clip_val': 0.19565948081781223, 'hidden_size': 5, 'dropout': 0.36311387048508237, 'hidden_continuous_size': 5, 'attention_head_size': 2, 'learning_rate': 0.010775366095013797}. Best is trial 0 with value: 5.371412754058838.
[I 2023-12-26 13:57:52,883] Trial 4 finished with value: 18.823556900024414 and parameters: {'gradient_clip_val': 0.10802037820395535, 'hidden_size': 109, 'dropout': 0.2584552288379053, 'hidden_continuous_size': 37, 'attention_head_size': 3, 'learning_rate': 0.014686043471237547}. Best is trial 0 with value: 5.371412754058838.
[I 2023-12-26 13:57:55,642] Trial 5 finished with value: 36.28725051879883 and parameters: {'gradient_clip_val': 0.2461331912578295, 'hidden_size': 19, 'dropout': 0.1590092800988943, 'hidden_continuous_size': 14, 'attention_head_size': 4, 'learning_rate': 0.0038704050796428916}. Best is trial 0 with value: 5.371412754058838.
[I 2023-12-26 13:57:57,649] Trial 6 finished with value: 27.651391983032227 and parameters: {'gradient_clip_val': 0.710001430382145, 'hidden_size': 5, 'dropout': 0.27602676205887056, 'hidden_continuous_size': 5, 'attention_head_size': 3, 'learning_rate': 0.0406670390977761}. Best is trial 0 with value: 5.371412754058838.
[I 2023-12-26 13:58:00,389] Trial 7 finished with value: 29.907285690307617 and parameters: {'gradient_clip_val': 0.33626888796996485, 'hidden_size': 20, 'dropout': 0.16176327755885322, 'hidden_continuous_size': 11, 'attention_head_size': 3, 'learning_rate': 0.0365414116849985}. Best is trial 0 with value: 5.371412754058838.
[I 2023-12-26 13:58:02,668] Trial 8 finished with value: 37.454280853271484 and parameters: {'gradient_clip_val': 0.20292002319020366, 'hidden_size': 7, 'dropout': 0.19671117817912276, 'hidden_continuous_size': 6, 'attention_head_size': 1, 'learning_rate': 0.014129794564347162}. Best is trial 0 with value: 5.371412754058838.
[I 2023-12-26 13:58:05,004] Trial 9 finished with value: 17.2694149017334 and parameters: {'gradient_clip_val': 0.7565165024017481, 'hidden_size': 9, 'dropout': 0.2022209020583577, 'hidden_continuous_size': 6, 'attention_head_size': 4, 'learning_rate': 0.0014070568359859676}. Best is trial 0 with value: 5.371412754058838.
[I 2023-12-26 13:58:08,846] Trial 10 finished with value: 37.8701057434082 and parameters: {'gradient_clip_val': 0.5028573766155883, 'hidden_size': 48, 'dropout': 0.3525593672431292, 'hidden_continuous_size': 25, 'attention_head_size': 1, 'learning_rate': 0.09574557409204755}. Best is trial 0 with value: 5.371412754058838.
[I 2023-12-26 13:58:11,003] Trial 11 finished with value: 29.71018409729004 and parameters: {'gradient_clip_val': 0.8547486448047934, 'hidden_size': 9, 'dropout': 0.24128822766374264, 'hidden_continuous_size': 5, 'attention_head_size': 2, 'learning_rate': 0.0024266396327568963}. Best is trial 0 with value: 5.371412754058838.
[I 2023-12-26 13:58:13,109] Trial 12 finished with value: 28.841819763183594 and parameters: {'gradient_clip_val': 0.9640300712278193, 'hidden_size': 10, 'dropout': 0.10439521688718595, 'hidden_continuous_size': 6, 'attention_head_size': 2, 'learning_rate': 0.0013300797889940984}. Best is trial 0 with value: 5.371412754058838.
[I 2023-12-26 13:58:15,334] Trial 13 finished with value: 25.49346923828125 and parameters: {'gradient_clip_val': 0.6089917042978605, 'hidden_size': 10, 'dropout': 0.32109909809259635, 'hidden_continuous_size': 6, 'attention_head_size': 1, 'learning_rate': 0.00589841557145289}. Best is trial 0 with value: 5.371412754058838.
[I 2023-12-26 13:58:17,699] Trial 14 finished with value: 30.442888259887695 and parameters: {'gradient_clip_val': 0.997384950129074, 'hidden_size': 5, 'dropout': 0.22673447488909243, 'hidden_continuous_size': 5, 'attention_head_size': 3, 'learning_rate': 0.001559196566223345}. Best is trial 0 with value: 5.371412754058838.
[I 2023-12-26 13:58:20,937] Trial 15 finished with value: 27.823453903198242 and parameters: {'gradient_clip_val': 0.5297578019849409, 'hidden_size': 33, 'dropout': 0.3053352854195827, 'hidden_continuous_size': 8, 'attention_head_size': 2, 'learning_rate': 0.004861389266265302}. Best is trial 0 with value: 5.371412754058838.
[I 2023-12-26 13:58:23,216] Trial 16 finished with value: 32.556758880615234 and parameters: {'gradient_clip_val': 0.3925761723480331, 'hidden_size': 8, 'dropout': 0.21233021056711265, 'hidden_continuous_size': 5, 'attention_head_size': 1, 'learning_rate': 0.0005785445674549978}. Best is trial 0 with value: 5.371412754058838.
[I 2023-12-26 13:58:25,766] Trial 17 finished with value: 27.2293758392334 and parameters: {'gradient_clip_val': 0.7151134348769346, 'hidden_size': 13, 'dropout': 0.2886676439194057, 'hidden_continuous_size': 6, 'attention_head_size': 4, 'learning_rate': 0.007697301264565635}. Best is trial 0 with value: 5.371412754058838.
[I 2023-12-26 13:58:28,129] Trial 18 finished with value: 29.179353713989258 and parameters: {'gradient_clip_val': 0.4364934180427786, 'hidden_size': 7, 'dropout': 0.4090967236781748, 'hidden_continuous_size': 5, 'attention_head_size': 3, 'learning_rate': 0.021580591716672846}. Best is trial 0 with value: 5.371412754058838.
[I 2023-12-26 13:58:30,274] Trial 19 finished with value: 24.307592391967773 and parameters: {'gradient_clip_val': 0.7467454909299635, 'hidden_size': 13, 'dropout': 0.2589319716475702, 'hidden_continuous_size': 7, 'attention_head_size': 2, 'learning_rate': 0.003053751134722818}. Best is trial 0 with value: 5.371412754058838.
