[I 2023-12-16 02:03:13,114] Trial 1 finished with value: 1279.7633056640625 and parameters: {'gradient_clip_val': 0.17293339360306234, 'hidden_size': 73, 'dropout': 0.22542860651584412, 'hidden_continuous_size': 24, 'attention_head_size': 2, 'learning_rate': 0.012109714437140902}. Best is trial 1 with value: 1279.7633056640625.
LOCAL_RANK: 0 - CUDA_VISIBLE_DEVICES: [0]
[I 2023-12-16 02:04:01,495] Trial 2 finished with value: 570.2431640625 and parameters: {'gradient_clip_val': 0.30136255884496793, 'hidden_size': 23, 'dropout': 0.2502539998848129, 'hidden_continuous_size': 6, 'attention_head_size': 4, 'learning_rate': 0.0007322524876136633}. Best is trial 2 with value: 570.2431640625.
LOCAL_RANK: 0 - CUDA_VISIBLE_DEVICES: [0]
[I 2023-12-16 02:04:49,839] Trial 3 finished with value: 994.48828125 and parameters: {'gradient_clip_val': 0.12810315905604772, 'hidden_size': 30, 'dropout': 0.25827788984015887, 'hidden_continuous_size': 5, 'attention_head_size': 2, 'learning_rate': 0.003928049517505904}. Best is trial 2 with value: 570.2431640625.
LOCAL_RANK: 0 - CUDA_VISIBLE_DEVICES: [0]
[I 2023-12-16 02:05:44,330] Trial 4 finished with value: 424.9657287597656 and parameters: {'gradient_clip_val': 0.7013584007625964, 'hidden_size': 99, 'dropout': 0.16201295907041485, 'hidden_continuous_size': 31, 'attention_head_size': 1, 'learning_rate': 0.010102077403614733}. Best is trial 4 with value: 424.9657287597656.
LOCAL_RANK: 0 - CUDA_VISIBLE_DEVICES: [0]
[I 2023-12-16 02:06:18,209] Trial 5 finished with value: 196.9128875732422 and parameters: {'gradient_clip_val': 0.12822674612148452, 'hidden_size': 5, 'dropout': 0.3756806639453514, 'hidden_continuous_size': 5, 'attention_head_size': 3, 'learning_rate': 0.06326720037275999}. Best is trial 5 with value: 196.9128875732422.
LOCAL_RANK: 0 - CUDA_VISIBLE_DEVICES: [0]
[I 2023-12-16 02:06:51,945] Trial 6 finished with value: 822.8414916992188 and parameters: {'gradient_clip_val': 0.658647483430207, 'hidden_size': 5, 'dropout': 0.3683417890817755, 'hidden_continuous_size': 5, 'attention_head_size': 2, 'learning_rate': 0.014007823973580233}. Best is trial 5 with value: 196.9128875732422.
LOCAL_RANK: 0 - CUDA_VISIBLE_DEVICES: [0]
[I 2023-12-16 02:07:42,963] Trial 7 finished with value: 1612.4727783203125 and parameters: {'gradient_clip_val': 0.20998744681232645, 'hidden_size': 44, 'dropout': 0.265370312863442, 'hidden_continuous_size': 10, 'attention_head_size': 2, 'learning_rate': 0.03454681397475329}. Best is trial 5 with value: 196.9128875732422.
LOCAL_RANK: 0 - CUDA_VISIBLE_DEVICES: [0]
[I 2023-12-16 02:08:27,761] Trial 8 finished with value: 385.0994567871094 and parameters: {'gradient_clip_val': 0.12247749045585428, 'hidden_size': 6, 'dropout': 0.11160248166002518, 'hidden_continuous_size': 5, 'attention_head_size': 3, 'learning_rate': 0.04153975043012605}. Best is trial 5 with value: 196.9128875732422.
LOCAL_RANK: 0 - CUDA_VISIBLE_DEVICES: [0]
[I 2023-12-16 02:09:15,860] Trial 9 finished with value: 322.3208923339844 and parameters: {'gradient_clip_val': 0.6046430406705495, 'hidden_size': 23, 'dropout': 0.39214707579080954, 'hidden_continuous_size': 9, 'attention_head_size': 1, 'learning_rate': 0.009229185888681267}. Best is trial 5 with value: 196.9128875732422.
LOCAL_RANK: 0 - CUDA_VISIBLE_DEVICES: [0]
[I 2023-12-16 02:10:01,611] Trial 10 finished with value: 672.122802734375 and parameters: {'gradient_clip_val': 0.10321905208591055, 'hidden_size': 11, 'dropout': 0.3346055581036729, 'hidden_continuous_size': 6, 'attention_head_size': 4, 'learning_rate': 0.09260066679081781}. Best is trial 5 with value: 196.9128875732422.
LOCAL_RANK: 0 - CUDA_VISIBLE_DEVICES: [0]
[I 2023-12-16 02:10:46,326] Trial 11 finished with value: 446.9505920410156 and parameters: {'gradient_clip_val': 0.9248145405730978, 'hidden_size': 13, 'dropout': 0.3980482523019862, 'hidden_continuous_size': 8, 'attention_head_size': 1, 'learning_rate': 0.002473933010712615}. Best is trial 5 with value: 196.9128875732422.
LOCAL_RANK: 0 - CUDA_VISIBLE_DEVICES: [0]
[I 2023-12-16 02:11:30,689] Trial 12 finished with value: 1103.2196044921875 and parameters: {'gradient_clip_val': 0.38106537644413224, 'hidden_size': 12, 'dropout': 0.33846672489173485, 'hidden_continuous_size': 8, 'attention_head_size': 3, 'learning_rate': 0.02498056707839996}. Best is trial 5 with value: 196.9128875732422.
LOCAL_RANK: 0 - CUDA_VISIBLE_DEVICES: [0]
[I 2023-12-16 02:12:16,862] Trial 13 finished with value: 1395.8760986328125 and parameters: {'gradient_clip_val': 0.3119403945588998, 'hidden_size': 17, 'dropout': 0.3955694593628285, 'hidden_continuous_size': 9, 'attention_head_size': 1, 'learning_rate': 0.09882417045811495}. Best is trial 5 with value: 196.9128875732422.
LOCAL_RANK: 0 - CUDA_VISIBLE_DEVICES: [0]
[I 2023-12-16 02:13:06,843] Trial 14 finished with value: 478.81787109375 and parameters: {'gradient_clip_val': 0.21855537603048733, 'hidden_size': 33, 'dropout': 0.33222830481321336, 'hidden_continuous_size': 14, 'attention_head_size': 3, 'learning_rate': 0.005923308158547981}. Best is trial 5 with value: 196.9128875732422.
LOCAL_RANK: 0 - CUDA_VISIBLE_DEVICES: [0]
[I 2023-12-16 02:13:50,925] Trial 15 finished with value: 247.2921905517578 and parameters: {'gradient_clip_val': 0.4258743550835755, 'hidden_size': 8, 'dropout': 0.31496702341242555, 'hidden_continuous_size': 5, 'attention_head_size': 4, 'learning_rate': 0.018003358202593554}. Best is trial 5 with value: 196.9128875732422.
LOCAL_RANK: 0 - CUDA_VISIBLE_DEVICES: [0]
[I 2023-12-16 02:14:34,975] Trial 16 finished with value: 2096.806884765625 and parameters: {'gradient_clip_val': 0.37383435901723394, 'hidden_size': 8, 'dropout': 0.29962611491294183, 'hidden_continuous_size': 5, 'attention_head_size': 4, 'learning_rate': 0.054046131403903644}. Best is trial 5 with value: 196.9128875732422.
LOCAL_RANK: 0 - CUDA_VISIBLE_DEVICES: [0]
[I 2023-12-16 02:15:19,129] Trial 17 finished with value: 1064.3043212890625 and parameters: {'gradient_clip_val': 0.1596571143363541, 'hidden_size': 8, 'dropout': 0.29475896706864985, 'hidden_continuous_size': 5, 'attention_head_size': 4, 'learning_rate': 0.02490547094909941}. Best is trial 5 with value: 196.9128875732422.
LOCAL_RANK: 0 - CUDA_VISIBLE_DEVICES: [0]
[I 2023-12-16 02:16:04,321] Trial 18 finished with value: 674.7601318359375 and parameters: {'gradient_clip_val': 0.23973667216564265, 'hidden_size': 7, 'dropout': 0.36067874418814755, 'hidden_continuous_size': 5, 'attention_head_size': 4, 'learning_rate': 0.018531992981716185}. Best is trial 5 with value: 196.9128875732422.
LOCAL_RANK: 0 - CUDA_VISIBLE_DEVICES: [0]
[I 2023-12-16 02:16:38,465] Trial 19 finished with value: 157.55894470214844 and parameters: {'gradient_clip_val': 0.41245744576649424, 'hidden_size': 5, 'dropout': 0.3094178573509477, 'hidden_continuous_size': 5, 'attention_head_size': 3, 'learning_rate': 0.054141536153898}. Best is trial 19 with value: 157.55894470214844.
LOCAL_RANK: 0 - CUDA_VISIBLE_DEVICES: [0]
[I 2023-12-16 02:17:12,117] Trial 20 finished with value: 1047.5352783203125 and parameters: {'gradient_clip_val': 0.26491008529756244, 'hidden_size': 5, 'dropout': 0.36464275136059415, 'hidden_continuous_size': 5, 'attention_head_size': 3, 'learning_rate': 0.058559058398233096}. Best is trial 19 with value: 157.55894470214844.
LOCAL_RANK: 0 - CUDA_VISIBLE_DEVICES: [0]
[I 2023-12-16 02:17:57,276] Trial 21 finished with value: 1406.4322509765625 and parameters: {'gradient_clip_val': 0.41274622921401244, 'hidden_size': 9, 'dropout': 0.30298220715726254, 'hidden_continuous_size': 6, 'attention_head_size': 3, 'learning_rate': 0.03226460538467348}. Best is trial 19 with value: 157.55894470214844.
LOCAL_RANK: 0 - CUDA_VISIBLE_DEVICES: [0]
[I 2023-12-16 02:18:42,749] Trial 22 finished with value: 1118.0543212890625 and parameters: {'gradient_clip_val': 0.47313458435590267, 'hidden_size': 6, 'dropout': 0.3178572767122372, 'hidden_continuous_size': 5, 'attention_head_size': 4, 'learning_rate': 0.05899842259464277}. Best is trial 19 with value: 157.55894470214844.
LOCAL_RANK: 0 - CUDA_VISIBLE_DEVICES: [0]
[I 2023-12-16 02:19:27,676] Trial 23 finished with value: 909.5396118164062 and parameters: {'gradient_clip_val': 0.3378794694185818, 'hidden_size': 7, 'dropout': 0.2777052815796922, 'hidden_continuous_size': 5, 'attention_head_size': 3, 'learning_rate': 0.01946267589519706}. Best is trial 19 with value: 157.55894470214844.
LOCAL_RANK: 0 - CUDA_VISIBLE_DEVICES: [0]
[I 2023-12-16 02:20:13,165] Trial 24 finished with value: 630.1007080078125 and parameters: {'gradient_clip_val': 0.4363123078624044, 'hidden_size': 10, 'dropout': 0.31835463791633745, 'hidden_continuous_size': 6, 'attention_head_size': 3, 'learning_rate': 0.042356793318084264}. Best is trial 19 with value: 157.55894470214844.
LOCAL_RANK: 0 - CUDA_VISIBLE_DEVICES: [0]
[I 2023-12-16 02:20:47,331] Trial 25 finished with value: 630.09716796875 and parameters: {'gradient_clip_val': 0.27081736606679024, 'hidden_size': 5, 'dropout': 0.3518628136386627, 'hidden_continuous_size': 5, 'attention_head_size': 4, 'learning_rate': 0.0654926782516561}. Best is trial 19 with value: 157.55894470214844.
LOCAL_RANK: 0 - CUDA_VISIBLE_DEVICES: [0]
[I 2023-12-16 02:21:31,848] Trial 26 finished with value: 1510.3509521484375 and parameters: {'gradient_clip_val': 0.34098175331293284, 'hidden_size': 6, 'dropout': 0.3719810099416539, 'hidden_continuous_size': 5, 'attention_head_size': 2, 'learning_rate': 0.028906706752249232}. Best is trial 19 with value: 157.55894470214844.
LOCAL_RANK: 0 - CUDA_VISIBLE_DEVICES: [0]
[I 2023-12-16 02:22:17,067] Trial 27 finished with value: 510.78759765625 and parameters: {'gradient_clip_val': 0.48995861043511857, 'hidden_size': 9, 'dropout': 0.34183652170105217, 'hidden_continuous_size': 6, 'attention_head_size': 3, 'learning_rate': 0.01861812736297005}. Best is trial 19 with value: 157.55894470214844.
LOCAL_RANK: 0 - CUDA_VISIBLE_DEVICES: [0]
[I 2023-12-16 02:23:02,828] Trial 28 finished with value: 481.1386413574219 and parameters: {'gradient_clip_val': 0.4022154307029182, 'hidden_size': 13, 'dropout': 0.2797859900952412, 'hidden_continuous_size': 7, 'attention_head_size': 4, 'learning_rate': 0.07933298211983748}. Best is trial 19 with value: 157.55894470214844.
LOCAL_RANK: 0 - CUDA_VISIBLE_DEVICES: [0]
[I 2023-12-16 02:23:36,594] Trial 29 finished with value: 645.4002685546875 and parameters: {'gradient_clip_val': 0.5501861223026958, 'hidden_size': 5, 'dropout': 0.2330123098901639, 'hidden_continuous_size': 5, 'attention_head_size': 3, 'learning_rate': 0.043633981154621033}. Best is trial 19 with value: 157.55894470214844.
LOCAL_RANK: 0 - CUDA_VISIBLE_DEVICES: [0]
[I 2023-12-16 02:24:21,168] Trial 30 finished with value: 1130.4134521484375 and parameters: {'gradient_clip_val': 0.5177684429080276, 'hidden_size': 7, 'dropout': 0.3182531368702707, 'hidden_continuous_size': 5, 'attention_head_size': 2, 'learning_rate': 0.08270698686301255}. Best is trial 19 with value: 157.55894470214844.
LOCAL_RANK: 0 - CUDA_VISIBLE_DEVICES: [0]
[I 2023-12-16 02:25:06,694] Trial 31 finished with value: 1515.4730224609375 and parameters: {'gradient_clip_val': 0.5818723456254773, 'hidden_size': 17, 'dropout': 0.38309452865354593, 'hidden_continuous_size': 7, 'attention_head_size': 1, 'learning_rate': 0.007158119421229526}. Best is trial 19 with value: 157.55894470214844.
LOCAL_RANK: 0 - CUDA_VISIBLE_DEVICES: [0]
[I 2023-12-16 02:25:51,136] Trial 32 finished with value: 572.7511596679688 and parameters: {'gradient_clip_val': 0.4308497513533619, 'hidden_size': 6, 'dropout': 0.38103526195934656, 'hidden_continuous_size': 5, 'attention_head_size': 2, 'learning_rate': 0.011852660164887957}. Best is trial 19 with value: 157.55894470214844.
LOCAL_RANK: 0 - CUDA_VISIBLE_DEVICES: [0]
[I 2023-12-16 02:26:36,476] Trial 33 finished with value: 582.5826416015625 and parameters: {'gradient_clip_val': 0.3044877211757889, 'hidden_size': 16, 'dropout': 0.35639920069710485, 'hidden_continuous_size': 10, 'attention_head_size': 3, 'learning_rate': 0.044922174427605634}. Best is trial 19 with value: 157.55894470214844.
LOCAL_RANK: 0 - CUDA_VISIBLE_DEVICES: [0]
[I 2023-12-16 02:27:24,845] Trial 34 finished with value: 484.766845703125 and parameters: {'gradient_clip_val': 0.17838736343786216, 'hidden_size': 22, 'dropout': 0.39703081009909125, 'hidden_continuous_size': 13, 'attention_head_size': 2, 'learning_rate': 0.01536033723560744}. Best is trial 19 with value: 157.55894470214844.
LOCAL_RANK: 0 - CUDA_VISIBLE_DEVICES: [0]
[I 2023-12-16 02:28:12,955] Trial 35 finished with value: 446.5550842285156 and parameters: {'gradient_clip_val': 0.606405209880909, 'hidden_size': 26, 'dropout': 0.37727522239626904, 'hidden_continuous_size': 7, 'attention_head_size': 1, 'learning_rate': 0.009091271177603118}. Best is trial 19 with value: 157.55894470214844.
LOCAL_RANK: 0 - CUDA_VISIBLE_DEVICES: [0]
[I 2023-12-16 02:28:47,563] Trial 36 finished with value: 1862.7772216796875 and parameters: {'gradient_clip_val': 0.7735132513759896, 'hidden_size': 5, 'dropout': 0.3554159560918186, 'hidden_continuous_size': 5, 'attention_head_size': 4, 'learning_rate': 0.024928440027178367}. Best is trial 19 with value: 157.55894470214844.
LOCAL_RANK: 0 - CUDA_VISIBLE_DEVICES: [0]
[I 2023-12-16 02:29:32,784] Trial 37 finished with value: 928.4772338867188 and parameters: {'gradient_clip_val': 0.49265554947823614, 'hidden_size': 10, 'dropout': 0.3464317106756509, 'hidden_continuous_size': 6, 'attention_head_size': 3, 'learning_rate': 0.07119312537464849}. Best is trial 19 with value: 157.55894470214844.
LOCAL_RANK: 0 - CUDA_VISIBLE_DEVICES: [0]
[I 2023-12-16 02:30:22,856] Trial 38 finished with value: 1443.8931884765625 and parameters: {'gradient_clip_val': 0.6218395000166371, 'hidden_size': 36, 'dropout': 0.38065525991749144, 'hidden_continuous_size': 15, 'attention_head_size': 2, 'learning_rate': 0.033575494613883275}. Best is trial 19 with value: 157.55894470214844.
LOCAL_RANK: 0 - CUDA_VISIBLE_DEVICES: [0]
[I 2023-12-16 02:31:08,259] Trial 39 finished with value: 1135.2071533203125 and parameters: {'gradient_clip_val': 0.3611103864858465, 'hidden_size': 20, 'dropout': 0.32539788517240775, 'hidden_continuous_size': 6, 'attention_head_size': 1, 'learning_rate': 0.015856583049920082}. Best is trial 19 with value: 157.55894470214844.
LOCAL_RANK: 0 - CUDA_VISIBLE_DEVICES: [0]
[I 2023-12-16 02:31:52,977] Trial 40 finished with value: 1453.64453125 and parameters: {'gradient_clip_val': 0.7056877919373528, 'hidden_size': 6, 'dropout': 0.20074025775212992, 'hidden_continuous_size': 5, 'attention_head_size': 2, 'learning_rate': 0.01187047235371582}. Best is trial 19 with value: 157.55894470214844.
LOCAL_RANK: 0 - CUDA_VISIBLE_DEVICES: [0]
[I 2023-12-16 02:32:37,988] Trial 41 finished with value: 1323.7513427734375 and parameters: {'gradient_clip_val': 0.12344058826956116, 'hidden_size': 6, 'dropout': 0.10683605120430192, 'hidden_continuous_size': 5, 'attention_head_size': 3, 'learning_rate': 0.04184488989875236}. Best is trial 19 with value: 157.55894470214844.
LOCAL_RANK: 0 - CUDA_VISIBLE_DEVICES: [0]
[I 2023-12-16 02:33:11,767] Trial 42 finished with value: 3065.775390625 and parameters: {'gradient_clip_val': 0.1170542698015598, 'hidden_size': 5, 'dropout': 0.1557512115372629, 'hidden_continuous_size': 5, 'attention_head_size': 3, 'learning_rate': 0.052605795697609946}. Best is trial 19 with value: 157.55894470214844.
LOCAL_RANK: 0 - CUDA_VISIBLE_DEVICES: [0]
[I 2023-12-16 02:33:55,676] Trial 43 finished with value: 375.456787109375 and parameters: {'gradient_clip_val': 0.14069614313458537, 'hidden_size': 8, 'dropout': 0.24766477880089244, 'hidden_continuous_size': 6, 'attention_head_size': 3, 'learning_rate': 0.06971631508074153}. Best is trial 19 with value: 157.55894470214844.
LOCAL_RANK: 0 - CUDA_VISIBLE_DEVICES: [0]
[I 2023-12-16 02:34:41,142] Trial 44 finished with value: 555.8341674804688 and parameters: {'gradient_clip_val': 0.1536934103337513, 'hidden_size': 14, 'dropout': 0.247491698883489, 'hidden_continuous_size': 6, 'attention_head_size': 3, 'learning_rate': 0.0955758700350698}. Best is trial 19 with value: 157.55894470214844.
LOCAL_RANK: 0 - CUDA_VISIBLE_DEVICES: [0]
[I 2023-12-16 02:35:26,389] Trial 45 finished with value: 1458.791015625 and parameters: {'gradient_clip_val': 0.10460004658837507, 'hidden_size': 10, 'dropout': 0.33678569743615344, 'hidden_continuous_size': 6, 'attention_head_size': 3, 'learning_rate': 0.08118920932050207}. Best is trial 19 with value: 157.55894470214844.
LOCAL_RANK: 0 - CUDA_VISIBLE_DEVICES: [0]
[I 2023-12-16 02:36:10,540] Trial 46 finished with value: 383.0479736328125 and parameters: {'gradient_clip_val': 0.14886178650305137, 'hidden_size': 12, 'dropout': 0.30944800391557253, 'hidden_continuous_size': 8, 'attention_head_size': 2, 'learning_rate': 0.07005760041411938}. Best is trial 19 with value: 157.55894470214844.
LOCAL_RANK: 0 - CUDA_VISIBLE_DEVICES: [0]
[I 2023-12-16 02:36:54,668] Trial 47 finished with value: 1742.8084716796875 and parameters: {'gradient_clip_val': 0.13925341032720223, 'hidden_size': 8, 'dropout': 0.28944423362693333, 'hidden_continuous_size': 6, 'attention_head_size': 4, 'learning_rate': 0.04997321594970513}. Best is trial 19 with value: 157.55894470214844.
LOCAL_RANK: 0 - CUDA_VISIBLE_DEVICES: [0]
[I 2023-12-16 02:37:39,699] Trial 48 finished with value: 1341.668701171875 and parameters: {'gradient_clip_val': 0.17094014940182753, 'hidden_size': 7, 'dropout': 0.26953695937010547, 'hidden_continuous_size': 5, 'attention_head_size': 3, 'learning_rate': 0.0323983320405842}. Best is trial 19 with value: 157.55894470214844.
LOCAL_RANK: 0 - CUDA_VISIBLE_DEVICES: [0]
[I 2023-12-16 02:38:32,262] Trial 49 finished with value: 1145.8262939453125 and parameters: {'gradient_clip_val': 0.19542750967124944, 'hidden_size': 56, 'dropout': 0.36426236122513306, 'hidden_continuous_size': 18, 'attention_head_size': 4, 'learning_rate': 0.060344859115686635}. Best is trial 19 with value: 157.55894470214844.
[I 2023-12-16 02:38:32,358] A new study created in memory with name: no-name-ee9b9a3b-8ab5-41de-8c9b-9b900dbbfdc9
/home/le004/conda/anaconda3/envs/tsff_env/lib/python3.9/site-packages/lightning/fabric/plugins/environments/slurm.py:191: The `srun` command is available on your system but is not used. HINT: If your intention is to run Lightning on SLURM, prepend your python command with `srun` like so: srun python /home/le004/master_thesis/git/TSFusionForecast/code/ ...
LOCAL_RANK: 0 - CUDA_VISIBLE_DEVICES: [0]
[I 2023-12-16 02:39:23,719] Trial 0 finished with value: 970.3925170898438 and parameters: {'gradient_clip_val': 0.4242241229373078, 'hidden_size': 41, 'dropout': 0.26125933922843014, 'hidden_continuous_size': 15, 'attention_head_size': 1, 'learning_rate': 0.0025153410344378414}. Best is trial 0 with value: 970.3925170898438.
LOCAL_RANK: 0 - CUDA_VISIBLE_DEVICES: [0]
[I 2023-12-16 02:39:57,280] Trial 1 finished with value: 3497.621826171875 and parameters: {'gradient_clip_val': 0.4815839650420379, 'hidden_size': 6, 'dropout': 0.24655641713336757, 'hidden_continuous_size': 6, 'attention_head_size': 1, 'learning_rate': 0.0005651392559939678}. Best is trial 0 with value: 970.3925170898438.
LOCAL_RANK: 0 - CUDA_VISIBLE_DEVICES: [0]
[I 2023-12-16 02:40:41,725] Trial 2 finished with value: 2562.263916015625 and parameters: {'gradient_clip_val': 0.11778491964657181, 'hidden_size': 12, 'dropout': 0.2679446361016613, 'hidden_continuous_size': 11, 'attention_head_size': 2, 'learning_rate': 0.0005519059160958195}. Best is trial 0 with value: 970.3925170898438.
LOCAL_RANK: 0 - CUDA_VISIBLE_DEVICES: [0]
[I 2023-12-16 02:41:34,784] Trial 3 finished with value: 1561.2247314453125 and parameters: {'gradient_clip_val': 0.44532166202921164, 'hidden_size': 91, 'dropout': 0.20281634250440728, 'hidden_continuous_size': 7, 'attention_head_size': 3, 'learning_rate': 0.0013171623403386067}. Best is trial 0 with value: 970.3925170898438.
LOCAL_RANK: 0 - CUDA_VISIBLE_DEVICES: [0]
[I 2023-12-16 02:42:23,754] Trial 4 finished with value: 761.5702514648438 and parameters: {'gradient_clip_val': 0.3467676414573015, 'hidden_size': 23, 'dropout': 0.28433726443899643, 'hidden_continuous_size': 11, 'attention_head_size': 3, 'learning_rate': 0.036535945818458905}. Best is trial 4 with value: 761.5702514648438.
LOCAL_RANK: 0 - CUDA_VISIBLE_DEVICES: [0]
[I 2023-12-16 02:43:14,621] Trial 5 finished with value: 760.0671997070312 and parameters: {'gradient_clip_val': 0.11647125566524905, 'hidden_size': 31, 'dropout': 0.1475443222713258, 'hidden_continuous_size': 23, 'attention_head_size': 1, 'learning_rate': 0.08410581760726682}. Best is trial 5 with value: 760.0671997070312.
LOCAL_RANK: 0 - CUDA_VISIBLE_DEVICES: [0]
[I 2023-12-16 02:43:57,896] Trial 6 finished with value: 1305.4466552734375 and parameters: {'gradient_clip_val': 0.6074416521205639, 'hidden_size': 8, 'dropout': 0.17541187703271321, 'hidden_continuous_size': 7, 'attention_head_size': 1, 'learning_rate': 0.04506117350033143}. Best is trial 5 with value: 760.0671997070312.
LOCAL_RANK: 0 - CUDA_VISIBLE_DEVICES: [0]
[I 2023-12-16 02:44:46,007] Trial 7 finished with value: 1155.0157470703125 and parameters: {'gradient_clip_val': 0.3722416366647641, 'hidden_size': 21, 'dropout': 0.21936075812031905, 'hidden_continuous_size': 12, 'attention_head_size': 1, 'learning_rate': 0.09846102558052178}. Best is trial 5 with value: 760.0671997070312.
LOCAL_RANK: 0 - CUDA_VISIBLE_DEVICES: [0]
[I 2023-12-16 02:45:36,119] Trial 8 finished with value: 1693.97509765625 and parameters: {'gradient_clip_val': 0.7838067939923414, 'hidden_size': 46, 'dropout': 0.25385179632038807, 'hidden_continuous_size': 5, 'attention_head_size': 1, 'learning_rate': 0.06910053619477367}. Best is trial 5 with value: 760.0671997070312.
LOCAL_RANK: 0 - CUDA_VISIBLE_DEVICES: [0]
