[I 2023-12-16 13:07:55,944] Trial 8 finished with value: 4.44843053817749 and parameters: {'gradient_clip_val': 0.6839187533258656, 'hidden_size': 12, 'dropout': 0.2278621872571346, 'hidden_continuous_size': 5, 'attention_head_size': 1, 'learning_rate': 0.0019230504577267713}. Best is trial 2 with value: 3.8957178592681885.
LOCAL_RANK: 0 - CUDA_VISIBLE_DEVICES: [0]
[I 2023-12-16 13:08:43,130] Trial 9 finished with value: 4.776319980621338 and parameters: {'gradient_clip_val': 0.22799465950201048, 'hidden_size': 20, 'dropout': 0.20133791169864254, 'hidden_continuous_size': 11, 'attention_head_size': 2, 'learning_rate': 0.0011181854886782394}. Best is trial 2 with value: 3.8957178592681885.
LOCAL_RANK: 0 - CUDA_VISIBLE_DEVICES: [0]
[I 2023-12-16 13:09:28,901] Trial 10 finished with value: 4.046842098236084 and parameters: {'gradient_clip_val': 0.9374223406745874, 'hidden_size': 6, 'dropout': 0.10099110339262604, 'hidden_continuous_size': 5, 'attention_head_size': 4, 'learning_rate': 0.005158465805292692}. Best is trial 2 with value: 3.8957178592681885.
LOCAL_RANK: 0 - CUDA_VISIBLE_DEVICES: [0]
[I 2023-12-16 13:10:03,824] Trial 11 finished with value: 3.6243374347686768 and parameters: {'gradient_clip_val': 0.8914260425822464, 'hidden_size': 5, 'dropout': 0.10318258528990855, 'hidden_continuous_size': 5, 'attention_head_size': 4, 'learning_rate': 0.006340112076213772}. Best is trial 11 with value: 3.6243374347686768.
LOCAL_RANK: 0 - CUDA_VISIBLE_DEVICES: [0]
[I 2023-12-16 13:10:38,571] Trial 12 finished with value: 6.744790554046631 and parameters: {'gradient_clip_val': 0.978274527972647, 'hidden_size': 5, 'dropout': 0.2854504791853855, 'hidden_continuous_size': 5, 'attention_head_size': 4, 'learning_rate': 0.019963392587242494}. Best is trial 11 with value: 3.6243374347686768.
LOCAL_RANK: 0 - CUDA_VISIBLE_DEVICES: [0]
[I 2023-12-16 13:11:22,692] Trial 13 finished with value: 3.796224594116211 and parameters: {'gradient_clip_val': 0.26798467278144633, 'hidden_size': 8, 'dropout': 0.3744706267291285, 'hidden_continuous_size': 6, 'attention_head_size': 3, 'learning_rate': 0.00528829060169405}. Best is trial 11 with value: 3.6243374347686768.
LOCAL_RANK: 0 - CUDA_VISIBLE_DEVICES: [0]
[I 2023-12-16 13:12:07,092] Trial 14 finished with value: 3.744396924972534 and parameters: {'gradient_clip_val': 0.4004187234311201, 'hidden_size': 8, 'dropout': 0.3908521934926556, 'hidden_continuous_size': 6, 'attention_head_size': 3, 'learning_rate': 0.004490547489057031}. Best is trial 11 with value: 3.6243374347686768.
LOCAL_RANK: 0 - CUDA_VISIBLE_DEVICES: [0]
[I 2023-12-16 13:12:51,362] Trial 15 finished with value: 6.315313816070557 and parameters: {'gradient_clip_val': 0.4409463131858087, 'hidden_size': 8, 'dropout': 0.39231293975789694, 'hidden_continuous_size': 5, 'attention_head_size': 3, 'learning_rate': 0.0038343374187080857}. Best is trial 11 with value: 3.6243374347686768.
LOCAL_RANK: 0 - CUDA_VISIBLE_DEVICES: [0]
[I 2023-12-16 13:13:25,700] Trial 16 finished with value: 10.931340217590332 and parameters: {'gradient_clip_val': 0.7932345459986141, 'hidden_size': 5, 'dropout': 0.3917028313813575, 'hidden_continuous_size': 5, 'attention_head_size': 3, 'learning_rate': 0.0005236386481284373}. Best is trial 11 with value: 3.6243374347686768.
LOCAL_RANK: 0 - CUDA_VISIBLE_DEVICES: [0]
[I 2023-12-16 13:14:10,084] Trial 17 finished with value: 4.571761608123779 and parameters: {'gradient_clip_val': 0.5240395847509361, 'hidden_size': 8, 'dropout': 0.11740681798783087, 'hidden_continuous_size': 6, 'attention_head_size': 4, 'learning_rate': 0.0031570026598369636}. Best is trial 11 with value: 3.6243374347686768.
LOCAL_RANK: 0 - CUDA_VISIBLE_DEVICES: [0]
[I 2023-12-16 13:14:55,920] Trial 18 finished with value: 13.4649019241333 and parameters: {'gradient_clip_val': 0.8331482987920267, 'hidden_size': 10, 'dropout': 0.1437222198998302, 'hidden_continuous_size': 6, 'attention_head_size': 3, 'learning_rate': 0.006719406710633792}. Best is trial 11 with value: 3.6243374347686768.
LOCAL_RANK: 0 - CUDA_VISIBLE_DEVICES: [0]
[I 2023-12-16 13:15:30,550] Trial 19 finished with value: 10.507172584533691 and parameters: {'gradient_clip_val': 0.7338486240906886, 'hidden_size': 5, 'dropout': 0.2666734757585807, 'hidden_continuous_size': 5, 'attention_head_size': 4, 'learning_rate': 0.02408015983835127}. Best is trial 11 with value: 3.6243374347686768.
LOCAL_RANK: 0 - CUDA_VISIBLE_DEVICES: [0]
[I 2023-12-16 13:16:15,806] Trial 20 finished with value: 6.766343593597412 and parameters: {'gradient_clip_val': 0.3876328248935224, 'hidden_size': 7, 'dropout': 0.22926050663535008, 'hidden_continuous_size': 5, 'attention_head_size': 3, 'learning_rate': 0.008131279228962932}. Best is trial 11 with value: 3.6243374347686768.
LOCAL_RANK: 0 - CUDA_VISIBLE_DEVICES: [0]
[I 2023-12-16 13:17:01,316] Trial 21 finished with value: 5.5846734046936035 and parameters: {'gradient_clip_val': 0.29523615446980267, 'hidden_size': 10, 'dropout': 0.36231391059264473, 'hidden_continuous_size': 6, 'attention_head_size': 3, 'learning_rate': 0.00453951810081354}. Best is trial 11 with value: 3.6243374347686768.
LOCAL_RANK: 0 - CUDA_VISIBLE_DEVICES: [0]
[I 2023-12-16 13:17:46,102] Trial 22 finished with value: 2.861278772354126 and parameters: {'gradient_clip_val': 0.531276607837551, 'hidden_size': 7, 'dropout': 0.3993852151118685, 'hidden_continuous_size': 6, 'attention_head_size': 2, 'learning_rate': 0.007054882427812644}. Best is trial 22 with value: 2.861278772354126.
LOCAL_RANK: 0 - CUDA_VISIBLE_DEVICES: [0]
[I 2023-12-16 13:18:31,007] Trial 23 finished with value: 5.318966388702393 and parameters: {'gradient_clip_val': 0.5500373959764463, 'hidden_size': 6, 'dropout': 0.39888547314003375, 'hidden_continuous_size': 5, 'attention_head_size': 2, 'learning_rate': 0.008061053599679685}. Best is trial 22 with value: 2.861278772354126.
LOCAL_RANK: 0 - CUDA_VISIBLE_DEVICES: [0]
[I 2023-12-16 13:19:15,818] Trial 24 finished with value: 4.180267333984375 and parameters: {'gradient_clip_val': 0.4777034975429928, 'hidden_size': 6, 'dropout': 0.35090200541085276, 'hidden_continuous_size': 5, 'attention_head_size': 2, 'learning_rate': 0.002876628896461986}. Best is trial 22 with value: 2.861278772354126.
LOCAL_RANK: 0 - CUDA_VISIBLE_DEVICES: [0]
[I 2023-12-16 13:20:01,301] Trial 25 finished with value: 5.340927600860596 and parameters: {'gradient_clip_val': 0.7840027085741718, 'hidden_size': 11, 'dropout': 0.29871921478877916, 'hidden_continuous_size': 7, 'attention_head_size': 2, 'learning_rate': 0.012264912732338651}. Best is trial 22 with value: 2.861278772354126.
LOCAL_RANK: 0 - CUDA_VISIBLE_DEVICES: [0]
[I 2023-12-16 13:20:46,513] Trial 26 finished with value: 4.255859375 and parameters: {'gradient_clip_val': 0.5813519814936564, 'hidden_size': 9, 'dropout': 0.3398981172004738, 'hidden_continuous_size': 6, 'attention_head_size': 2, 'learning_rate': 0.005288091186428008}. Best is trial 22 with value: 2.861278772354126.
LOCAL_RANK: 0 - CUDA_VISIBLE_DEVICES: [0]
[I 2023-12-16 13:21:32,524] Trial 27 finished with value: 5.257071018218994 and parameters: {'gradient_clip_val': 0.7030039642033676, 'hidden_size': 13, 'dropout': 0.37474800241562894, 'hidden_continuous_size': 7, 'attention_head_size': 3, 'learning_rate': 0.0026757641179613024}. Best is trial 22 with value: 2.861278772354126.
LOCAL_RANK: 0 - CUDA_VISIBLE_DEVICES: [0]
[I 2023-12-16 13:22:17,988] Trial 28 finished with value: 5.261353015899658 and parameters: {'gradient_clip_val': 0.47266893733375875, 'hidden_size': 7, 'dropout': 0.28031895476582075, 'hidden_continuous_size': 6, 'attention_head_size': 4, 'learning_rate': 0.007221407414318692}. Best is trial 22 with value: 2.861278772354126.
LOCAL_RANK: 0 - CUDA_VISIBLE_DEVICES: [0]
[I 2023-12-16 13:23:11,403] Trial 29 finished with value: 12.769442558288574 and parameters: {'gradient_clip_val': 0.3817557690382873, 'hidden_size': 72, 'dropout': 0.32247474753791067, 'hidden_continuous_size': 15, 'attention_head_size': 2, 'learning_rate': 0.009213152413909945}. Best is trial 22 with value: 2.861278772354126.
LOCAL_RANK: 0 - CUDA_VISIBLE_DEVICES: [0]
[I 2023-12-16 13:23:57,462] Trial 30 finished with value: 8.785258293151855 and parameters: {'gradient_clip_val': 0.9191496675967474, 'hidden_size': 15, 'dropout': 0.33664551086314054, 'hidden_continuous_size': 8, 'attention_head_size': 3, 'learning_rate': 0.012053377486191862}. Best is trial 22 with value: 2.861278772354126.
LOCAL_RANK: 0 - CUDA_VISIBLE_DEVICES: [0]
[I 2023-12-16 13:24:41,950] Trial 31 finished with value: 4.823452949523926 and parameters: {'gradient_clip_val': 0.3396115863163564, 'hidden_size': 8, 'dropout': 0.37065144352533924, 'hidden_continuous_size': 6, 'attention_head_size': 3, 'learning_rate': 0.005041810513555518}. Best is trial 22 with value: 2.861278772354126.
LOCAL_RANK: 0 - CUDA_VISIBLE_DEVICES: [0]
[I 2023-12-16 13:25:27,627] Trial 32 finished with value: 4.415414333343506 and parameters: {'gradient_clip_val': 0.42981577375125773, 'hidden_size': 10, 'dropout': 0.38264061532358046, 'hidden_continuous_size': 6, 'attention_head_size': 3, 'learning_rate': 0.003703730509426797}. Best is trial 22 with value: 2.861278772354126.
LOCAL_RANK: 0 - CUDA_VISIBLE_DEVICES: [0]
[I 2023-12-16 13:26:13,172] Trial 33 finished with value: 5.042811870574951 and parameters: {'gradient_clip_val': 0.2534822299836583, 'hidden_size': 7, 'dropout': 0.39977074828634357, 'hidden_continuous_size': 6, 'attention_head_size': 4, 'learning_rate': 0.005889365651783962}. Best is trial 22 with value: 2.861278772354126.
LOCAL_RANK: 0 - CUDA_VISIBLE_DEVICES: [0]
[I 2023-12-16 13:26:47,985] Trial 34 finished with value: 8.812005996704102 and parameters: {'gradient_clip_val': 0.6382735515429909, 'hidden_size': 5, 'dropout': 0.3750533656548782, 'hidden_continuous_size': 5, 'attention_head_size': 4, 'learning_rate': 0.010334526672703065}. Best is trial 22 with value: 2.861278772354126.
LOCAL_RANK: 0 - CUDA_VISIBLE_DEVICES: [0]
[I 2023-12-16 13:27:32,456] Trial 35 finished with value: 4.091088771820068 and parameters: {'gradient_clip_val': 0.19082021072486957, 'hidden_size': 12, 'dropout': 0.35625743127796605, 'hidden_continuous_size': 7, 'attention_head_size': 3, 'learning_rate': 0.006205528202226257}. Best is trial 22 with value: 2.861278772354126.
LOCAL_RANK: 0 - CUDA_VISIBLE_DEVICES: [0]
[I 2023-12-16 13:28:17,334] Trial 36 finished with value: 8.80850887298584 and parameters: {'gradient_clip_val': 0.34586267507949436, 'hidden_size': 9, 'dropout': 0.3099495689379672, 'hidden_continuous_size': 6, 'attention_head_size': 2, 'learning_rate': 0.015458317622822702}. Best is trial 22 with value: 2.861278772354126.
LOCAL_RANK: 0 - CUDA_VISIBLE_DEVICES: [0]
[I 2023-12-16 13:29:02,741] Trial 37 finished with value: 6.093494415283203 and parameters: {'gradient_clip_val': 0.3920938165291505, 'hidden_size': 15, 'dropout': 0.3792602476199264, 'hidden_continuous_size': 8, 'attention_head_size': 1, 'learning_rate': 0.004251843364487698}. Best is trial 22 with value: 2.861278772354126.
LOCAL_RANK: 0 - CUDA_VISIBLE_DEVICES: [0]
[I 2023-12-16 13:29:47,959] Trial 38 finished with value: 6.229308605194092 and parameters: {'gradient_clip_val': 0.5104263022074391, 'hidden_size': 6, 'dropout': 0.3486614893464756, 'hidden_continuous_size': 5, 'attention_head_size': 3, 'learning_rate': 0.002310248079820333}. Best is trial 22 with value: 2.861278772354126.
LOCAL_RANK: 0 - CUDA_VISIBLE_DEVICES: [0]
[I 2023-12-16 13:30:36,271] Trial 39 finished with value: 5.808868408203125 and parameters: {'gradient_clip_val': 0.5984008555830135, 'hidden_size': 18, 'dropout': 0.3257407804447131, 'hidden_continuous_size': 9, 'attention_head_size': 4, 'learning_rate': 0.003566161308122536}. Best is trial 22 with value: 2.861278772354126.
LOCAL_RANK: 0 - CUDA_VISIBLE_DEVICES: [0]
[I 2023-12-16 13:31:21,492] Trial 40 finished with value: 4.468606948852539 and parameters: {'gradient_clip_val': 0.3119013075811659, 'hidden_size': 14, 'dropout': 0.3614938362597551, 'hidden_continuous_size': 7, 'attention_head_size': 1, 'learning_rate': 0.006944641052471807}. Best is trial 22 with value: 2.861278772354126.
LOCAL_RANK: 0 - CUDA_VISIBLE_DEVICES: [0]
[I 2023-12-16 13:32:06,360] Trial 41 finished with value: 7.576490879058838 and parameters: {'gradient_clip_val': 0.2796841869026477, 'hidden_size': 12, 'dropout': 0.38595351502589903, 'hidden_continuous_size': 8, 'attention_head_size': 4, 'learning_rate': 0.010241347282642078}. Best is trial 22 with value: 2.861278772354126.
LOCAL_RANK: 0 - CUDA_VISIBLE_DEVICES: [0]
[I 2023-12-16 13:33:00,579] Trial 42 finished with value: 7.4085259437561035 and parameters: {'gradient_clip_val': 0.27185249832419267, 'hidden_size': 100, 'dropout': 0.3675579055148998, 'hidden_continuous_size': 10, 'attention_head_size': 4, 'learning_rate': 0.013885390553694497}. Best is trial 22 with value: 2.861278772354126.
LOCAL_RANK: 0 - CUDA_VISIBLE_DEVICES: [0]
[I 2023-12-16 13:33:49,175] Trial 43 finished with value: 4.083061695098877 and parameters: {'gradient_clip_val': 0.2403022083876724, 'hidden_size': 24, 'dropout': 0.3094327880713895, 'hidden_continuous_size': 22, 'attention_head_size': 4, 'learning_rate': 0.008743313653501587}. Best is trial 22 with value: 2.861278772354126.
LOCAL_RANK: 0 - CUDA_VISIBLE_DEVICES: [0]
[I 2023-12-16 13:34:35,056] Trial 44 finished with value: 6.781782150268555 and parameters: {'gradient_clip_val': 0.6602657506953992, 'hidden_size': 11, 'dropout': 0.33512952557176806, 'hidden_continuous_size': 7, 'attention_head_size': 3, 'learning_rate': 0.005562520775597197}. Best is trial 22 with value: 2.861278772354126.
LOCAL_RANK: 0 - CUDA_VISIBLE_DEVICES: [0]
[I 2023-12-16 13:35:23,190] Trial 45 finished with value: 6.261724472045898 and parameters: {'gradient_clip_val': 0.2083619936947278, 'hidden_size': 17, 'dropout': 0.35054860943223176, 'hidden_continuous_size': 12, 'attention_head_size': 4, 'learning_rate': 0.018909179800583573}. Best is trial 22 with value: 2.861278772354126.
LOCAL_RANK: 0 - CUDA_VISIBLE_DEVICES: [0]
[I 2023-12-16 13:36:08,258] Trial 46 finished with value: 6.651811122894287 and parameters: {'gradient_clip_val': 0.35683427932837025, 'hidden_size': 7, 'dropout': 0.17006824894589082, 'hidden_continuous_size': 6, 'attention_head_size': 2, 'learning_rate': 0.004220950314918328}. Best is trial 22 with value: 2.861278772354126.
LOCAL_RANK: 0 - CUDA_VISIBLE_DEVICES: [0]
[I 2023-12-16 13:36:55,296] Trial 47 finished with value: 3.753300905227661 and parameters: {'gradient_clip_val': 0.3123572089972613, 'hidden_size': 20, 'dropout': 0.3841000881606531, 'hidden_continuous_size': 8, 'attention_head_size': 3, 'learning_rate': 0.0019158345357621089}. Best is trial 22 with value: 2.861278772354126.
LOCAL_RANK: 0 - CUDA_VISIBLE_DEVICES: [0]
[I 2023-12-16 13:37:43,645] Trial 48 finished with value: 4.958805084228516 and parameters: {'gradient_clip_val': 0.3115508214189654, 'hidden_size': 19, 'dropout': 0.3897148039395224, 'hidden_continuous_size': 10, 'attention_head_size': 3, 'learning_rate': 0.0018551370650000466}. Best is trial 22 with value: 2.861278772354126.
LOCAL_RANK: 0 - CUDA_VISIBLE_DEVICES: [0]
[I 2023-12-16 13:38:32,772] Trial 49 finished with value: 5.48197603225708 and parameters: {'gradient_clip_val': 0.43346844811127855, 'hidden_size': 23, 'dropout': 0.37823900479612693, 'hidden_continuous_size': 14, 'attention_head_size': 3, 'learning_rate': 0.0015414033166580362}. Best is trial 22 with value: 2.861278772354126.
[I 2023-12-16 13:38:32,866] A new study created in memory with name: no-name-551eb957-05b4-4961-ba6c-177450032226
/home/le004/conda/anaconda3/envs/tsff_env/lib/python3.9/site-packages/lightning/fabric/plugins/environments/slurm.py:191: The `srun` command is available on your system but is not used. HINT: If your intention is to run Lightning on SLURM, prepend your python command with `srun` like so: srun python /home/le004/master_thesis/git/TSFusionForecast/code/ ...
LOCAL_RANK: 0 - CUDA_VISIBLE_DEVICES: [0]
[I 2023-12-16 13:39:19,990] Trial 0 finished with value: 30.393966674804688 and parameters: {'gradient_clip_val': 0.9189141666523258, 'hidden_size': 20, 'dropout': 0.2445156111989365, 'hidden_continuous_size': 19, 'attention_head_size': 2, 'learning_rate': 0.03635051954376528}. Best is trial 0 with value: 30.393966674804688.
LOCAL_RANK: 0 - CUDA_VISIBLE_DEVICES: [0]
[I 2023-12-16 13:40:05,060] Trial 1 finished with value: 28.0421199798584 and parameters: {'gradient_clip_val': 0.15913180599234836, 'hidden_size': 12, 'dropout': 0.3981696847564312, 'hidden_continuous_size': 8, 'attention_head_size': 4, 'learning_rate': 0.0513495674021564}. Best is trial 1 with value: 28.0421199798584.
LOCAL_RANK: 0 - CUDA_VISIBLE_DEVICES: [0]
[I 2023-12-16 13:40:58,456] Trial 2 finished with value: 29.5041446685791 and parameters: {'gradient_clip_val': 0.4914481907603844, 'hidden_size': 58, 'dropout': 0.19734702860873943, 'hidden_continuous_size': 41, 'attention_head_size': 1, 'learning_rate': 0.0005224145627399638}. Best is trial 1 with value: 28.0421199798584.
LOCAL_RANK: 0 - CUDA_VISIBLE_DEVICES: [0]
[I 2023-12-16 13:41:45,041] Trial 3 finished with value: 33.11772537231445 and parameters: {'gradient_clip_val': 0.8203046775349232, 'hidden_size': 20, 'dropout': 0.23535415772152699, 'hidden_continuous_size': 8, 'attention_head_size': 3, 'learning_rate': 0.0489088342288084}. Best is trial 1 with value: 28.0421199798584.
LOCAL_RANK: 0 - CUDA_VISIBLE_DEVICES: [0]
[I 2023-12-16 13:42:35,786] Trial 4 finished with value: 62.77370071411133 and parameters: {'gradient_clip_val': 0.3215323590174408, 'hidden_size': 80, 'dropout': 0.14792799875108045, 'hidden_continuous_size': 5, 'attention_head_size': 2, 'learning_rate': 0.03606609648753113}. Best is trial 1 with value: 28.0421199798584.
LOCAL_RANK: 0 - CUDA_VISIBLE_DEVICES: [0]
[I 2023-12-16 13:43:20,623] Trial 5 finished with value: 33.45186996459961 and parameters: {'gradient_clip_val': 0.10079338592384796, 'hidden_size': 15, 'dropout': 0.1858782812711126, 'hidden_continuous_size': 5, 'attention_head_size': 1, 'learning_rate': 0.05191494829064677}. Best is trial 1 with value: 28.0421199798584.
LOCAL_RANK: 0 - CUDA_VISIBLE_DEVICES: [0]
[I 2023-12-16 13:43:56,158] Trial 6 finished with value: 31.321592330932617 and parameters: {'gradient_clip_val': 0.11871191182530652, 'hidden_size': 26, 'dropout': 0.23321548590738084, 'hidden_continuous_size': 26, 'attention_head_size': 4, 'learning_rate': 0.0011432604885412711}. Best is trial 1 with value: 28.0421199798584.
LOCAL_RANK: 0 - CUDA_VISIBLE_DEVICES: [0]
[I 2023-12-16 13:44:41,111] Trial 7 finished with value: 25.55373191833496 and parameters: {'gradient_clip_val': 0.39880790405484845, 'hidden_size': 7, 'dropout': 0.15574277468050512, 'hidden_continuous_size': 6, 'attention_head_size': 2, 'learning_rate': 0.03211497983044747}. Best is trial 7 with value: 25.55373191833496.
LOCAL_RANK: 0 - CUDA_VISIBLE_DEVICES: [0]
[I 2023-12-16 13:45:34,164] Trial 8 finished with value: 28.588821411132812 and parameters: {'gradient_clip_val': 0.5366347770123889, 'hidden_size': 54, 'dropout': 0.29443980853198, 'hidden_continuous_size': 13, 'attention_head_size': 2, 'learning_rate': 0.001745945234099193}. Best is trial 7 with value: 25.55373191833496.
LOCAL_RANK: 0 - CUDA_VISIBLE_DEVICES: [0]
[I 2023-12-16 13:46:23,563] Trial 9 finished with value: 28.4135799407959 and parameters: {'gradient_clip_val': 0.12435650281080483, 'hidden_size': 26, 'dropout': 0.36273790030105657, 'hidden_continuous_size': 20, 'attention_head_size': 3, 'learning_rate': 0.007381462667546145}. Best is trial 7 with value: 25.55373191833496.
LOCAL_RANK: 0 - CUDA_VISIBLE_DEVICES: [0]
[I 2023-12-16 13:46:56,785] Trial 10 finished with value: 23.820556640625 and parameters: {'gradient_clip_val': 0.25683762643902897, 'hidden_size': 5, 'dropout': 0.1110885657455313, 'hidden_continuous_size': 5, 'attention_head_size': 1, 'learning_rate': 0.008485735298215282}. Best is trial 10 with value: 23.820556640625.
LOCAL_RANK: 0 - CUDA_VISIBLE_DEVICES: [0]
[I 2023-12-16 13:47:30,043] Trial 11 finished with value: 35.31374740600586 and parameters: {'gradient_clip_val': 0.2225033646516345, 'hidden_size': 5, 'dropout': 0.10322805456519664, 'hidden_continuous_size': 5, 'attention_head_size': 1, 'learning_rate': 0.012458284487917843}. Best is trial 10 with value: 23.820556640625.
LOCAL_RANK: 0 - CUDA_VISIBLE_DEVICES: [0]
[I 2023-12-16 13:48:03,607] Trial 12 finished with value: 35.56083297729492 and parameters: {'gradient_clip_val': 0.28092858756116795, 'hidden_size': 5, 'dropout': 0.11370125219875482, 'hidden_continuous_size': 5, 'attention_head_size': 1, 'learning_rate': 0.015171464517366477}. Best is trial 10 with value: 23.820556640625.
LOCAL_RANK: 0 - CUDA_VISIBLE_DEVICES: [0]
[I 2023-12-16 13:48:47,408] Trial 13 finished with value: 37.96921157836914 and parameters: {'gradient_clip_val': 0.37890513889896976, 'hidden_size': 8, 'dropout': 0.1548236175939547, 'hidden_continuous_size': 6, 'attention_head_size': 2, 'learning_rate': 0.004786389129143955}. Best is trial 10 with value: 23.820556640625.
LOCAL_RANK: 0 - CUDA_VISIBLE_DEVICES: [0]
[I 2023-12-16 13:49:32,700] Trial 14 finished with value: 61.05521011352539 and parameters: {'gradient_clip_val': 0.21051360631022442, 'hidden_size': 7, 'dropout': 0.10548782453387012, 'hidden_continuous_size': 5, 'attention_head_size': 3, 'learning_rate': 0.019570165674464585}. Best is trial 10 with value: 23.820556640625.
LOCAL_RANK: 0 - CUDA_VISIBLE_DEVICES: [0]
[I 2023-12-16 13:50:16,150] Trial 15 finished with value: 34.42766189575195 and parameters: {'gradient_clip_val': 0.4109586087237355, 'hidden_size': 8, 'dropout': 0.1465363298825105, 'hidden_continuous_size': 6, 'attention_head_size': 1, 'learning_rate': 0.08576218264791319}. Best is trial 10 with value: 23.820556640625.
LOCAL_RANK: 0 - CUDA_VISIBLE_DEVICES: [0]
