[I 2023-12-27 11:29:20,562] Trial 46 finished with value: 11.361348152160645 and parameters: {'gradient_clip_val': 0.12242197331886967, 'hidden_size': 55, 'dropout': 0.29250944936540196, 'hidden_continuous_size': 25, 'attention_head_size': 3, 'learning_rate': 0.0024319580302621874}. Best is trial 1 with value: 2.886701822280884.
LOCAL_RANK: 0 - CUDA_VISIBLE_DEVICES: [0]
[I 2023-12-27 11:29:21,040] Trial 47 finished with value: 9.142218589782715 and parameters: {'gradient_clip_val': 0.24687833938576212, 'hidden_size': 46, 'dropout': 0.3499350792999626, 'hidden_continuous_size': 24, 'attention_head_size': 3, 'learning_rate': 0.003982286825026059}. Best is trial 1 with value: 2.886701822280884.
LOCAL_RANK: 0 - CUDA_VISIBLE_DEVICES: [0]
[I 2023-12-27 11:29:21,500] Trial 48 finished with value: 10.430729866027832 and parameters: {'gradient_clip_val': 0.18576433205927867, 'hidden_size': 82, 'dropout': 0.30604795429948256, 'hidden_continuous_size': 30, 'attention_head_size': 3, 'learning_rate': 0.0008579736196045581}. Best is trial 1 with value: 2.886701822280884.
LOCAL_RANK: 0 - CUDA_VISIBLE_DEVICES: [0]
[I 2023-12-27 11:29:21,973] Trial 49 finished with value: 10.149092674255371 and parameters: {'gradient_clip_val': 0.2063690388875707, 'hidden_size': 31, 'dropout': 0.3270343348019452, 'hidden_continuous_size': 18, 'attention_head_size': 3, 'learning_rate': 0.052458519731574095}. Best is trial 1 with value: 2.886701822280884.
[I 2023-12-27 11:29:22,103] A new study created in memory with name: no-name-db2ea988-e3d2-4a00-99f6-09a8cb3d0bd8
/home/le004/conda/anaconda3/envs/tsff_env/lib/python3.9/site-packages/lightning/fabric/plugins/environments/slurm.py:191: The `srun` command is available on your system but is not used. HINT: If your intention is to run Lightning on SLURM, prepend your python command with `srun` like so: srun python /home/le004/master_thesis/git/TSFusionForecast/code/ ...
LOCAL_RANK: 0 - CUDA_VISIBLE_DEVICES: [0]
[I 2023-12-27 11:29:49,266] Trial 0 finished with value: 20.41446876525879 and parameters: {'gradient_clip_val': 0.8276974132439755, 'hidden_size': 12, 'dropout': 0.19418472850914276, 'hidden_continuous_size': 9, 'attention_head_size': 2, 'learning_rate': 0.004622014804547535}. Best is trial 0 with value: 20.41446876525879.
LOCAL_RANK: 0 - CUDA_VISIBLE_DEVICES: [0]
[I 2023-12-27 11:30:12,151] Trial 1 finished with value: 13.56815242767334 and parameters: {'gradient_clip_val': 0.26105460699957084, 'hidden_size': 14, 'dropout': 0.26311760255724637, 'hidden_continuous_size': 5, 'attention_head_size': 1, 'learning_rate': 0.06095231866459761}. Best is trial 1 with value: 13.56815242767334.
LOCAL_RANK: 0 - CUDA_VISIBLE_DEVICES: [0]
[I 2023-12-27 11:30:12,540] Trial 2 finished with value: 64.07510375976562 and parameters: {'gradient_clip_val': 0.1328724238778611, 'hidden_size': 5, 'dropout': 0.2795546454202912, 'hidden_continuous_size': 5, 'attention_head_size': 4, 'learning_rate': 0.03444670830967804}. Best is trial 1 with value: 13.56815242767334.
LOCAL_RANK: 0 - CUDA_VISIBLE_DEVICES: [0]
[I 2023-12-27 11:30:12,913] Trial 3 finished with value: 58.404266357421875 and parameters: {'gradient_clip_val': 0.14652406367577056, 'hidden_size': 5, 'dropout': 0.35270230605591624, 'hidden_continuous_size': 5, 'attention_head_size': 1, 'learning_rate': 0.09238888380849629}. Best is trial 1 with value: 13.56815242767334.
LOCAL_RANK: 0 - CUDA_VISIBLE_DEVICES: [0]
[I 2023-12-27 11:30:13,671] Trial 4 finished with value: 65.72846221923828 and parameters: {'gradient_clip_val': 0.606853076555372, 'hidden_size': 62, 'dropout': 0.3905183429046747, 'hidden_continuous_size': 25, 'attention_head_size': 3, 'learning_rate': 0.005788330163493604}. Best is trial 1 with value: 13.56815242767334.
LOCAL_RANK: 0 - CUDA_VISIBLE_DEVICES: [0]
[I 2023-12-27 11:30:14,216] Trial 5 finished with value: 93.7862777709961 and parameters: {'gradient_clip_val': 0.9114880829662846, 'hidden_size': 136, 'dropout': 0.36662806503339884, 'hidden_continuous_size': 49, 'attention_head_size': 4, 'learning_rate': 0.030371999758347847}. Best is trial 1 with value: 13.56815242767334.
LOCAL_RANK: 0 - CUDA_VISIBLE_DEVICES: [0]
[I 2023-12-27 11:30:14,629] Trial 6 finished with value: 57.69696044921875 and parameters: {'gradient_clip_val': 0.32842652326905236, 'hidden_size': 14, 'dropout': 0.308087002662765, 'hidden_continuous_size': 11, 'attention_head_size': 2, 'learning_rate': 0.017025952585072397}. Best is trial 1 with value: 13.56815242767334.
LOCAL_RANK: 0 - CUDA_VISIBLE_DEVICES: [0]
[I 2023-12-27 11:30:15,118] Trial 7 finished with value: 80.57054901123047 and parameters: {'gradient_clip_val': 0.30864467762755293, 'hidden_size': 109, 'dropout': 0.3051769488247317, 'hidden_continuous_size': 17, 'attention_head_size': 4, 'learning_rate': 0.002498983469466431}. Best is trial 1 with value: 13.56815242767334.
LOCAL_RANK: 0 - CUDA_VISIBLE_DEVICES: [0]
[I 2023-12-27 11:30:15,578] Trial 8 finished with value: 58.53727340698242 and parameters: {'gradient_clip_val': 0.4521558482379424, 'hidden_size': 72, 'dropout': 0.2539330255243526, 'hidden_continuous_size': 27, 'attention_head_size': 1, 'learning_rate': 0.019630234675152656}. Best is trial 1 with value: 13.56815242767334.
LOCAL_RANK: 0 - CUDA_VISIBLE_DEVICES: [0]
[I 2023-12-27 11:30:16,050] Trial 9 finished with value: 47.84189987182617 and parameters: {'gradient_clip_val': 0.2625544251859044, 'hidden_size': 60, 'dropout': 0.4382372550223461, 'hidden_continuous_size': 10, 'attention_head_size': 3, 'learning_rate': 0.002970878857326618}. Best is trial 1 with value: 13.56815242767334.
LOCAL_RANK: 0 - CUDA_VISIBLE_DEVICES: [0]
[I 2023-12-27 11:30:16,488] Trial 10 finished with value: 50.20175552368164 and parameters: {'gradient_clip_val': 0.18389320579715832, 'hidden_size': 28, 'dropout': 0.11736077066127415, 'hidden_continuous_size': 7, 'attention_head_size': 1, 'learning_rate': 0.0007732370269054122}. Best is trial 1 with value: 13.56815242767334.
LOCAL_RANK: 0 - CUDA_VISIBLE_DEVICES: [0]
[I 2023-12-27 11:30:16,954] Trial 11 finished with value: 85.77176666259766 and parameters: {'gradient_clip_val': 0.7708166246565594, 'hidden_size': 15, 'dropout': 0.21307014369328112, 'hidden_continuous_size': 6, 'attention_head_size': 2, 'learning_rate': 0.09507822965632563}. Best is trial 1 with value: 13.56815242767334.
LOCAL_RANK: 0 - CUDA_VISIBLE_DEVICES: [0]
[I 2023-12-27 11:30:17,389] Trial 12 finished with value: 65.1353530883789 and parameters: {'gradient_clip_val': 0.5148306952852908, 'hidden_size': 11, 'dropout': 0.19148485876917823, 'hidden_continuous_size': 5, 'attention_head_size': 2, 'learning_rate': 0.00834992305100049}. Best is trial 1 with value: 13.56815242767334.
LOCAL_RANK: 0 - CUDA_VISIBLE_DEVICES: [0]
[I 2023-12-27 11:30:17,840] Trial 13 finished with value: 47.81965255737305 and parameters: {'gradient_clip_val': 0.21972433732002825, 'hidden_size': 25, 'dropout': 0.16059798879907491, 'hidden_continuous_size': 7, 'attention_head_size': 1, 'learning_rate': 0.00828593256332739}. Best is trial 1 with value: 13.56815242767334.
LOCAL_RANK: 0 - CUDA_VISIBLE_DEVICES: [0]
[I 2023-12-27 11:30:18,274] Trial 14 finished with value: 54.94504928588867 and parameters: {'gradient_clip_val': 0.40801676688254335, 'hidden_size': 9, 'dropout': 0.23894971910906054, 'hidden_continuous_size': 5, 'attention_head_size': 2, 'learning_rate': 0.04153607670670202}. Best is trial 1 with value: 13.56815242767334.
LOCAL_RANK: 0 - CUDA_VISIBLE_DEVICES: [0]
[I 2023-12-27 11:30:18,753] Trial 15 finished with value: 64.06975555419922 and parameters: {'gradient_clip_val': 0.971776740212571, 'hidden_size': 22, 'dropout': 0.1684769407285339, 'hidden_continuous_size': 8, 'attention_head_size': 3, 'learning_rate': 0.013207740486611956}. Best is trial 1 with value: 13.56815242767334.
LOCAL_RANK: 0 - CUDA_VISIBLE_DEVICES: [0]
[I 2023-12-27 11:30:19,204] Trial 16 finished with value: 50.183834075927734 and parameters: {'gradient_clip_val': 0.6216536682327293, 'hidden_size': 8, 'dropout': 0.22419298279377847, 'hidden_continuous_size': 5, 'attention_head_size': 1, 'learning_rate': 0.05578883738282933}. Best is trial 1 with value: 13.56815242767334.
LOCAL_RANK: 0 - CUDA_VISIBLE_DEVICES: [0]
[I 2023-12-27 11:30:19,981] Trial 17 finished with value: 76.53170013427734 and parameters: {'gradient_clip_val': 0.10463151354731451, 'hidden_size': 17, 'dropout': 0.11113822689257333, 'hidden_continuous_size': 6, 'attention_head_size': 2, 'learning_rate': 0.004415429999789836}. Best is trial 1 with value: 13.56815242767334.
LOCAL_RANK: 0 - CUDA_VISIBLE_DEVICES: [0]
[I 2023-12-27 11:30:20,466] Trial 18 finished with value: 70.2680435180664 and parameters: {'gradient_clip_val': 0.3707924872917374, 'hidden_size': 34, 'dropout': 0.48046636614562444, 'hidden_continuous_size': 9, 'attention_head_size': 1, 'learning_rate': 0.011045655166228458}. Best is trial 1 with value: 13.56815242767334.
LOCAL_RANK: 0 - CUDA_VISIBLE_DEVICES: [0]
[I 2023-12-27 11:30:20,933] Trial 19 finished with value: 70.8717041015625 and parameters: {'gradient_clip_val': 0.2629944884506989, 'hidden_size': 7, 'dropout': 0.27489057829876673, 'hidden_continuous_size': 5, 'attention_head_size': 2, 'learning_rate': 0.021934771452984954}. Best is trial 1 with value: 13.56815242767334.
LOCAL_RANK: 0 - CUDA_VISIBLE_DEVICES: [0]
[I 2023-12-27 11:30:21,381] Trial 20 finished with value: 61.84190368652344 and parameters: {'gradient_clip_val': 0.49316119314391504, 'hidden_size': 11, 'dropout': 0.20132611589095856, 'hidden_continuous_size': 6, 'attention_head_size': 3, 'learning_rate': 0.05525323916394138}. Best is trial 1 with value: 13.56815242767334.
LOCAL_RANK: 0 - CUDA_VISIBLE_DEVICES: [0]
[I 2023-12-27 11:30:21,822] Trial 21 finished with value: 87.6666259765625 and parameters: {'gradient_clip_val': 0.24159531446033658, 'hidden_size': 22, 'dropout': 0.1628290214942435, 'hidden_continuous_size': 7, 'attention_head_size': 1, 'learning_rate': 0.008078018937321832}. Best is trial 1 with value: 13.56815242767334.
LOCAL_RANK: 0 - CUDA_VISIBLE_DEVICES: [0]
[I 2023-12-27 11:30:22,276] Trial 22 finished with value: 72.73172760009766 and parameters: {'gradient_clip_val': 0.21482266520464507, 'hidden_size': 31, 'dropout': 0.15587526007364919, 'hidden_continuous_size': 8, 'attention_head_size': 1, 'learning_rate': 0.01272630428119807}. Best is trial 1 with value: 13.56815242767334.
LOCAL_RANK: 0 - CUDA_VISIBLE_DEVICES: [0]
[I 2023-12-27 11:30:22,721] Trial 23 finished with value: 69.0732421875 and parameters: {'gradient_clip_val': 0.3212337730858038, 'hidden_size': 17, 'dropout': 0.24435033734965955, 'hidden_continuous_size': 6, 'attention_head_size': 1, 'learning_rate': 0.004789327056593595}. Best is trial 1 with value: 13.56815242767334.
LOCAL_RANK: 0 - CUDA_VISIBLE_DEVICES: [0]
[I 2023-12-27 11:30:23,218] Trial 24 finished with value: 90.13541412353516 and parameters: {'gradient_clip_val': 0.20022150308428346, 'hidden_size': 40, 'dropout': 0.14512814788045653, 'hidden_continuous_size': 12, 'attention_head_size': 2, 'learning_rate': 0.001905759230698445}. Best is trial 1 with value: 13.56815242767334.
LOCAL_RANK: 0 - CUDA_VISIBLE_DEVICES: [0]
[I 2023-12-27 11:30:23,660] Trial 25 finished with value: 55.10725402832031 and parameters: {'gradient_clip_val': 0.39062546020758515, 'hidden_size': 22, 'dropout': 0.1969252595236166, 'hidden_continuous_size': 7, 'attention_head_size': 1, 'learning_rate': 0.008313515772222162}. Best is trial 1 with value: 13.56815242767334.
LOCAL_RANK: 0 - CUDA_VISIBLE_DEVICES: [0]
[I 2023-12-27 11:30:24,103] Trial 26 finished with value: 59.55458450317383 and parameters: {'gradient_clip_val': 0.1725165548782263, 'hidden_size': 12, 'dropout': 0.1851293909986222, 'hidden_continuous_size': 6, 'attention_head_size': 2, 'learning_rate': 0.026397214551767013}. Best is trial 1 with value: 13.56815242767334.
LOCAL_RANK: 0 - CUDA_VISIBLE_DEVICES: [0]
[I 2023-12-27 11:30:24,583] Trial 27 finished with value: 70.3529281616211 and parameters: {'gradient_clip_val': 0.23225992305905202, 'hidden_size': 18, 'dropout': 0.1228516524612625, 'hidden_continuous_size': 8, 'attention_head_size': 1, 'learning_rate': 0.015876658986216725}. Best is trial 1 with value: 13.56815242767334.
LOCAL_RANK: 0 - CUDA_VISIBLE_DEVICES: [0]
[I 2023-12-27 11:30:25,035] Trial 28 finished with value: 74.37347412109375 and parameters: {'gradient_clip_val': 0.29196467352567773, 'hidden_size': 13, 'dropout': 0.21967803615566436, 'hidden_continuous_size': 7, 'attention_head_size': 1, 'learning_rate': 0.010781757470456284}. Best is trial 1 with value: 13.56815242767334.
LOCAL_RANK: 0 - CUDA_VISIBLE_DEVICES: [0]
[I 2023-12-27 11:30:25,479] Trial 29 finished with value: 75.26079559326172 and parameters: {'gradient_clip_val': 0.16692856346192705, 'hidden_size': 9, 'dropout': 0.2723048114961332, 'hidden_continuous_size': 5, 'attention_head_size': 2, 'learning_rate': 0.03763860517332025}. Best is trial 1 with value: 13.56815242767334.
LOCAL_RANK: 0 - CUDA_VISIBLE_DEVICES: [0]
[I 2023-12-27 11:30:26,260] Trial 30 finished with value: 78.2665786743164 and parameters: {'gradient_clip_val': 0.21781310500332784, 'hidden_size': 23, 'dropout': 0.14230403329151237, 'hidden_continuous_size': 9, 'attention_head_size': 3, 'learning_rate': 0.024660838403752453}. Best is trial 1 with value: 13.56815242767334.
LOCAL_RANK: 0 - CUDA_VISIBLE_DEVICES: [0]
[I 2023-12-27 11:30:26,728] Trial 31 finished with value: 54.40620040893555 and parameters: {'gradient_clip_val': 0.2728770968145039, 'hidden_size': 37, 'dropout': 0.10057323934208062, 'hidden_continuous_size': 11, 'attention_head_size': 3, 'learning_rate': 0.00391347666095272}. Best is trial 1 with value: 13.56815242767334.
LOCAL_RANK: 0 - CUDA_VISIBLE_DEVICES: [0]
[I 2023-12-27 11:30:27,207] Trial 32 finished with value: 63.23368453979492 and parameters: {'gradient_clip_val': 0.2495653979150344, 'hidden_size': 46, 'dropout': 0.17840840091420052, 'hidden_continuous_size': 10, 'attention_head_size': 4, 'learning_rate': 0.002751835173952271}. Best is trial 1 with value: 13.56815242767334.
LOCAL_RANK: 0 - CUDA_VISIBLE_DEVICES: [0]
[I 2023-12-27 11:30:27,699] Trial 33 finished with value: 64.63763427734375 and parameters: {'gradient_clip_val': 0.340508735341549, 'hidden_size': 27, 'dropout': 0.44714064992116065, 'hidden_continuous_size': 9, 'attention_head_size': 3, 'learning_rate': 0.006320855037524745}. Best is trial 1 with value: 13.56815242767334.
LOCAL_RANK: 0 - CUDA_VISIBLE_DEVICES: [0]
[I 2023-12-27 11:30:28,210] Trial 34 finished with value: 77.47522735595703 and parameters: {'gradient_clip_val': 0.27484814301942007, 'hidden_size': 51, 'dropout': 0.316434318782664, 'hidden_continuous_size': 13, 'attention_head_size': 3, 'learning_rate': 0.0014461368023601859}. Best is trial 1 with value: 13.56815242767334.
LOCAL_RANK: 0 - CUDA_VISIBLE_DEVICES: [0]
[I 2023-12-27 11:30:28,705] Trial 35 finished with value: 72.20079803466797 and parameters: {'gradient_clip_val': 0.19796810853683144, 'hidden_size': 19, 'dropout': 0.335773579674508, 'hidden_continuous_size': 8, 'attention_head_size': 4, 'learning_rate': 0.005945308903797946}. Best is trial 1 with value: 13.56815242767334.
LOCAL_RANK: 0 - CUDA_VISIBLE_DEVICES: [0]
[I 2023-12-27 11:30:29,193] Trial 36 finished with value: 46.305572509765625 and parameters: {'gradient_clip_val': 0.1451688768863387, 'hidden_size': 29, 'dropout': 0.4093934016807007, 'hidden_continuous_size': 10, 'attention_head_size': 2, 'learning_rate': 0.003557316191374011}. Best is trial 1 with value: 13.56815242767334.
LOCAL_RANK: 0 - CUDA_VISIBLE_DEVICES: [0]
[I 2023-12-27 11:30:29,650] Trial 37 finished with value: 58.067867279052734 and parameters: {'gradient_clip_val': 0.15145060031116292, 'hidden_size': 28, 'dropout': 0.28924345805885676, 'hidden_continuous_size': 12, 'attention_head_size': 2, 'learning_rate': 0.0036948140031739284}. Best is trial 1 with value: 13.56815242767334.
LOCAL_RANK: 0 - CUDA_VISIBLE_DEVICES: [0]
[I 2023-12-27 11:30:30,058] Trial 38 finished with value: 72.4957046508789 and parameters: {'gradient_clip_val': 0.152998436460396, 'hidden_size': 5, 'dropout': 0.25807524098483736, 'hidden_continuous_size': 5, 'attention_head_size': 1, 'learning_rate': 0.005215435689607904}. Best is trial 1 with value: 13.56815242767334.
LOCAL_RANK: 0 - CUDA_VISIBLE_DEVICES: [0]
[I 2023-12-27 11:30:30,517] Trial 39 finished with value: 71.45091247558594 and parameters: {'gradient_clip_val': 0.1313757769002941, 'hidden_size': 15, 'dropout': 0.37622421946263196, 'hidden_continuous_size': 7, 'attention_head_size': 2, 'learning_rate': 0.016615104417046327}. Best is trial 1 with value: 13.56815242767334.
LOCAL_RANK: 0 - CUDA_VISIBLE_DEVICES: [0]
[I 2023-12-27 11:30:31,018] Trial 40 finished with value: 91.34224700927734 and parameters: {'gradient_clip_val': 0.30043605175444804, 'hidden_size': 33, 'dropout': 0.39516838874807525, 'hidden_continuous_size': 13, 'attention_head_size': 1, 'learning_rate': 0.0034734586939097313}. Best is trial 1 with value: 13.56815242767334.
LOCAL_RANK: 0 - CUDA_VISIBLE_DEVICES: [0]
[I 2023-12-27 11:30:31,531] Trial 41 finished with value: 61.5882682800293 and parameters: {'gradient_clip_val': 0.2315413435554389, 'hidden_size': 70, 'dropout': 0.42728086885358313, 'hidden_continuous_size': 16, 'attention_head_size': 3, 'learning_rate': 0.002458185070280414}. Best is trial 1 with value: 13.56815242767334.
LOCAL_RANK: 0 - CUDA_VISIBLE_DEVICES: [0]
[I 2023-12-27 11:30:32,031] Trial 42 finished with value: 56.746917724609375 and parameters: {'gradient_clip_val': 0.835896637144106, 'hidden_size': 54, 'dropout': 0.3417157773721231, 'hidden_continuous_size': 10, 'attention_head_size': 2, 'learning_rate': 0.005717861525193705}. Best is trial 1 with value: 13.56815242767334.
LOCAL_RANK: 0 - CUDA_VISIBLE_DEVICES: [0]
[I 2023-12-27 11:30:32,800] Trial 43 finished with value: 66.57965087890625 and parameters: {'gradient_clip_val': 0.3507259471339099, 'hidden_size': 42, 'dropout': 0.40258351544239446, 'hidden_continuous_size': 15, 'attention_head_size': 3, 'learning_rate': 0.007787739532608175}. Best is trial 1 with value: 13.56815242767334.
LOCAL_RANK: 0 - CUDA_VISIBLE_DEVICES: [0]
[I 2023-12-27 11:30:33,308] Trial 44 finished with value: 60.77643966674805 and parameters: {'gradient_clip_val': 0.29782619908136965, 'hidden_size': 108, 'dropout': 0.3702794037563883, 'hidden_continuous_size': 21, 'attention_head_size': 2, 'learning_rate': 0.003162949124161519}. Best is trial 1 with value: 13.56815242767334.
LOCAL_RANK: 0 - CUDA_VISIBLE_DEVICES: [0]
[I 2023-12-27 11:30:33,758] Trial 45 finished with value: 46.22998046875 and parameters: {'gradient_clip_val': 0.1909974547231699, 'hidden_size': 15, 'dropout': 0.23210244249574977, 'hidden_continuous_size': 10, 'attention_head_size': 2, 'learning_rate': 0.07823838497095692}. Best is trial 1 with value: 13.56815242767334.
LOCAL_RANK: 0 - CUDA_VISIBLE_DEVICES: [0]
[I 2023-12-27 11:30:34,205] Trial 46 finished with value: 81.28710174560547 and parameters: {'gradient_clip_val': 0.18342337710449924, 'hidden_size': 14, 'dropout': 0.2344867908874359, 'hidden_continuous_size': 9, 'attention_head_size': 2, 'learning_rate': 0.060629437170776734}. Best is trial 1 with value: 13.56815242767334.
LOCAL_RANK: 0 - CUDA_VISIBLE_DEVICES: [0]
[I 2023-12-27 11:30:34,660] Trial 47 finished with value: 70.0960693359375 and parameters: {'gradient_clip_val': 0.712898457648329, 'hidden_size': 19, 'dropout': 0.20637297993725165, 'hidden_continuous_size': 10, 'attention_head_size': 2, 'learning_rate': 0.09943278093664625}. Best is trial 1 with value: 13.56815242767334.
LOCAL_RANK: 0 - CUDA_VISIBLE_DEVICES: [0]
[I 2023-12-27 11:30:35,109] Trial 48 finished with value: 90.22919464111328 and parameters: {'gradient_clip_val': 0.44279120469749633, 'hidden_size': 25, 'dropout': 0.26111606937582, 'hidden_continuous_size': 11, 'attention_head_size': 1, 'learning_rate': 0.08693557566692212}. Best is trial 1 with value: 13.56815242767334.
LOCAL_RANK: 0 - CUDA_VISIBLE_DEVICES: [0]
[I 2023-12-27 11:30:35,556] Trial 49 finished with value: 53.10520935058594 and parameters: {'gradient_clip_val': 0.12980626012378396, 'hidden_size': 15, 'dropout': 0.23965863520168929, 'hidden_continuous_size': 9, 'attention_head_size': 2, 'learning_rate': 0.034532891581840926}. Best is trial 1 with value: 13.56815242767334.
[I 2023-12-27 11:30:35,688] A new study created in memory with name: no-name-cac5fa9a-fd2f-4a04-bc42-0a6b501a69df
/home/le004/conda/anaconda3/envs/tsff_env/lib/python3.9/site-packages/lightning/fabric/plugins/environments/slurm.py:191: The `srun` command is available on your system but is not used. HINT: If your intention is to run Lightning on SLURM, prepend your python command with `srun` like so: srun python /home/le004/master_thesis/git/TSFusionForecast/code/ ...
LOCAL_RANK: 0 - CUDA_VISIBLE_DEVICES: [0]
[I 2023-12-27 11:31:04,758] Trial 0 finished with value: 10.22988224029541 and parameters: {'gradient_clip_val': 0.40854458651252523, 'hidden_size': 71, 'dropout': 0.4502692902860659, 'hidden_continuous_size': 10, 'attention_head_size': 1, 'learning_rate': 0.0005328896664323687}. Best is trial 0 with value: 10.22988224029541.
LOCAL_RANK: 0 - CUDA_VISIBLE_DEVICES: [0]
[I 2023-12-27 11:31:14,142] Trial 1 finished with value: 19.89225196838379 and parameters: {'gradient_clip_val': 0.16085707986555658, 'hidden_size': 6, 'dropout': 0.41673394057119784, 'hidden_continuous_size': 5, 'attention_head_size': 1, 'learning_rate': 0.02913627736931726}. Best is trial 0 with value: 10.22988224029541.
LOCAL_RANK: 0 - CUDA_VISIBLE_DEVICES: [0]
[I 2023-12-27 11:31:14,573] Trial 2 finished with value: 29.11018180847168 and parameters: {'gradient_clip_val': 0.15549994187634075, 'hidden_size': 17, 'dropout': 0.10805485536917342, 'hidden_continuous_size': 5, 'attention_head_size': 3, 'learning_rate': 0.011434639396866569}. Best is trial 0 with value: 10.22988224029541.
LOCAL_RANK: 0 - CUDA_VISIBLE_DEVICES: [0]
