[I 2023-12-16 02:08:03,661] Trial 1 finished with value: 143.6728973388672 and parameters: {'gradient_clip_val': 0.7779166224664571, 'hidden_size': 32, 'dropout': 0.2521711335331866, 'hidden_continuous_size': 18, 'attention_head_size': 1, 'learning_rate': 0.0009498551902681946}. Best is trial 1 with value: 143.6728973388672.
LOCAL_RANK: 0 - CUDA_VISIBLE_DEVICES: [0]
[I 2023-12-16 02:08:53,743] Trial 2 finished with value: 270.6866149902344 and parameters: {'gradient_clip_val': 0.2151216346158182, 'hidden_size': 25, 'dropout': 0.2018491089530875, 'hidden_continuous_size': 22, 'attention_head_size': 1, 'learning_rate': 0.004255303798553507}. Best is trial 1 with value: 143.6728973388672.
LOCAL_RANK: 0 - CUDA_VISIBLE_DEVICES: [0]
[I 2023-12-16 02:09:31,245] Trial 3 finished with value: 456.4021911621094 and parameters: {'gradient_clip_val': 0.5583439199635132, 'hidden_size': 7, 'dropout': 0.20524393479727812, 'hidden_continuous_size': 7, 'attention_head_size': 4, 'learning_rate': 0.012358859904691037}. Best is trial 1 with value: 143.6728973388672.
LOCAL_RANK: 0 - CUDA_VISIBLE_DEVICES: [0]
[I 2023-12-16 02:10:17,816] Trial 4 finished with value: 161.5683135986328 and parameters: {'gradient_clip_val': 0.8885580121139094, 'hidden_size': 10, 'dropout': 0.39424304730063364, 'hidden_continuous_size': 6, 'attention_head_size': 3, 'learning_rate': 0.0016735949039076942}. Best is trial 1 with value: 143.6728973388672.
LOCAL_RANK: 0 - CUDA_VISIBLE_DEVICES: [0]
[I 2023-12-16 02:11:04,037] Trial 5 finished with value: 145.1684112548828 and parameters: {'gradient_clip_val': 0.8587393610572299, 'hidden_size': 9, 'dropout': 0.3444139325287574, 'hidden_continuous_size': 8, 'attention_head_size': 1, 'learning_rate': 0.002160425076743828}. Best is trial 1 with value: 143.6728973388672.
LOCAL_RANK: 0 - CUDA_VISIBLE_DEVICES: [0]
[I 2023-12-16 02:11:51,423] Trial 6 finished with value: 138.32191467285156 and parameters: {'gradient_clip_val': 0.5531152494036886, 'hidden_size': 9, 'dropout': 0.34145742121846545, 'hidden_continuous_size': 8, 'attention_head_size': 4, 'learning_rate': 0.07238322154010336}. Best is trial 6 with value: 138.32191467285156.
LOCAL_RANK: 0 - CUDA_VISIBLE_DEVICES: [0]
[I 2023-12-16 02:12:44,847] Trial 7 finished with value: 151.73231506347656 and parameters: {'gradient_clip_val': 0.8558364435593757, 'hidden_size': 38, 'dropout': 0.22661610066493695, 'hidden_continuous_size': 15, 'attention_head_size': 4, 'learning_rate': 0.0009496875517191152}. Best is trial 6 with value: 138.32191467285156.
LOCAL_RANK: 0 - CUDA_VISIBLE_DEVICES: [0]
[I 2023-12-16 02:13:38,291] Trial 8 finished with value: 155.53021240234375 and parameters: {'gradient_clip_val': 0.17104665146096587, 'hidden_size': 47, 'dropout': 0.2717654748724777, 'hidden_continuous_size': 8, 'attention_head_size': 4, 'learning_rate': 0.048382150765005905}. Best is trial 6 with value: 138.32191467285156.
LOCAL_RANK: 0 - CUDA_VISIBLE_DEVICES: [0]
[I 2023-12-16 02:14:14,384] Trial 9 finished with value: 138.42185974121094 and parameters: {'gradient_clip_val': 0.1312628895950478, 'hidden_size': 6, 'dropout': 0.19032426592788232, 'hidden_continuous_size': 6, 'attention_head_size': 2, 'learning_rate': 0.00688260291421674}. Best is trial 6 with value: 138.32191467285156.
LOCAL_RANK: 0 - CUDA_VISIBLE_DEVICES: [0]
[I 2023-12-16 02:15:11,904] Trial 10 finished with value: 60.111515045166016 and parameters: {'gradient_clip_val': 0.3999626253382756, 'hidden_size': 97, 'dropout': 0.31329292823786364, 'hidden_continuous_size': 57, 'attention_head_size': 3, 'learning_rate': 0.09684750573339554}. Best is trial 10 with value: 60.111515045166016.
LOCAL_RANK: 0 - CUDA_VISIBLE_DEVICES: [0]
[I 2023-12-16 02:16:09,923] Trial 11 finished with value: 231.6278839111328 and parameters: {'gradient_clip_val': 0.40349892410582533, 'hidden_size': 94, 'dropout': 0.31317481140640935, 'hidden_continuous_size': 68, 'attention_head_size': 3, 'learning_rate': 0.09188015205040058}. Best is trial 10 with value: 60.111515045166016.
LOCAL_RANK: 0 - CUDA_VISIBLE_DEVICES: [0]
[I 2023-12-16 02:16:58,378] Trial 12 finished with value: 296.2228698730469 and parameters: {'gradient_clip_val': 0.3583814337489373, 'hidden_size': 14, 'dropout': 0.31574249108715763, 'hidden_continuous_size': 10, 'attention_head_size': 3, 'learning_rate': 0.03188361727691253}. Best is trial 10 with value: 60.111515045166016.
LOCAL_RANK: 0 - CUDA_VISIBLE_DEVICES: [0]
[I 2023-12-16 02:17:46,314] Trial 13 finished with value: 57.79429244995117 and parameters: {'gradient_clip_val': 0.5013015187480863, 'hidden_size': 17, 'dropout': 0.380258008225032, 'hidden_continuous_size': 10, 'attention_head_size': 2, 'learning_rate': 0.08999087932269981}. Best is trial 13 with value: 57.79429244995117.
LOCAL_RANK: 0 - CUDA_VISIBLE_DEVICES: [0]
[I 2023-12-16 02:18:31,267] Trial 14 finished with value: 363.6404113769531 and parameters: {'gradient_clip_val': 0.30114483188420443, 'hidden_size': 16, 'dropout': 0.3842344290200891, 'hidden_continuous_size': 5, 'attention_head_size': 2, 'learning_rate': 0.02649551215153695}. Best is trial 13 with value: 57.79429244995117.
LOCAL_RANK: 0 - CUDA_VISIBLE_DEVICES: [0]
[I 2023-12-16 02:19:29,742] Trial 15 finished with value: 211.4266357421875 and parameters: {'gradient_clip_val': 0.27163654724732417, 'hidden_size': 98, 'dropout': 0.2852561231920944, 'hidden_continuous_size': 71, 'attention_head_size': 2, 'learning_rate': 0.09543815317483974}. Best is trial 13 with value: 57.79429244995117.
LOCAL_RANK: 0 - CUDA_VISIBLE_DEVICES: [0]
[I 2023-12-16 02:20:24,360] Trial 16 finished with value: 53.503353118896484 and parameters: {'gradient_clip_val': 0.4580985193034075, 'hidden_size': 58, 'dropout': 0.3646561802232091, 'hidden_continuous_size': 37, 'attention_head_size': 3, 'learning_rate': 0.020492007328938376}. Best is trial 16 with value: 53.503353118896484.
LOCAL_RANK: 0 - CUDA_VISIBLE_DEVICES: [0]
[I 2023-12-16 02:21:12,172] Trial 17 finished with value: 362.8825378417969 and parameters: {'gradient_clip_val': 0.5218020310796325, 'hidden_size': 20, 'dropout': 0.367850791055572, 'hidden_continuous_size': 11, 'attention_head_size': 2, 'learning_rate': 0.016142599369670316}. Best is trial 16 with value: 53.503353118896484.
LOCAL_RANK: 0 - CUDA_VISIBLE_DEVICES: [0]
[I 2023-12-16 02:22:06,317] Trial 18 finished with value: 116.2076416015625 and parameters: {'gradient_clip_val': 0.6476257451325395, 'hidden_size': 54, 'dropout': 0.385808764681313, 'hidden_continuous_size': 28, 'attention_head_size': 3, 'learning_rate': 0.04257500188177039}. Best is trial 16 with value: 53.503353118896484.
LOCAL_RANK: 0 - CUDA_VISIBLE_DEVICES: [0]
[I 2023-12-16 02:22:55,832] Trial 19 finished with value: 271.4725341796875 and parameters: {'gradient_clip_val': 0.460466380126175, 'hidden_size': 25, 'dropout': 0.36252363002816534, 'hidden_continuous_size': 11, 'attention_head_size': 2, 'learning_rate': 0.02370620310456551}. Best is trial 16 with value: 53.503353118896484.
LOCAL_RANK: 0 - CUDA_VISIBLE_DEVICES: [0]
[I 2023-12-16 02:23:50,188] Trial 20 finished with value: 93.47052764892578 and parameters: {'gradient_clip_val': 0.3286568111880377, 'hidden_size': 63, 'dropout': 0.39784469827095675, 'hidden_continuous_size': 35, 'attention_head_size': 2, 'learning_rate': 0.04595765639579227}. Best is trial 16 with value: 53.503353118896484.
LOCAL_RANK: 0 - CUDA_VISIBLE_DEVICES: [0]
[I 2023-12-16 02:24:46,049] Trial 21 finished with value: 370.535400390625 and parameters: {'gradient_clip_val': 0.46406082340706545, 'hidden_size': 75, 'dropout': 0.3395097593396513, 'hidden_continuous_size': 49, 'attention_head_size': 3, 'learning_rate': 0.06417502349244548}. Best is trial 16 with value: 53.503353118896484.
LOCAL_RANK: 0 - CUDA_VISIBLE_DEVICES: [0]
[I 2023-12-16 02:25:41,739] Trial 22 finished with value: 244.6422576904297 and parameters: {'gradient_clip_val': 0.4083259526213006, 'hidden_size': 78, 'dropout': 0.30666712928056394, 'hidden_continuous_size': 42, 'attention_head_size': 3, 'learning_rate': 0.09770571236430682}. Best is trial 16 with value: 53.503353118896484.
LOCAL_RANK: 0 - CUDA_VISIBLE_DEVICES: [0]
[I 2023-12-16 02:26:35,086] Trial 23 finished with value: 94.1341781616211 and parameters: {'gradient_clip_val': 0.6604157599000563, 'hidden_size': 47, 'dropout': 0.3601436727403512, 'hidden_continuous_size': 25, 'attention_head_size': 3, 'learning_rate': 0.056485602534446795}. Best is trial 16 with value: 53.503353118896484.
LOCAL_RANK: 0 - CUDA_VISIBLE_DEVICES: [0]
[I 2023-12-16 02:27:30,558] Trial 24 finished with value: 152.0577850341797 and parameters: {'gradient_clip_val': 0.3776774259084768, 'hidden_size': 66, 'dropout': 0.3337504771096563, 'hidden_continuous_size': 51, 'attention_head_size': 3, 'learning_rate': 0.0341432441695007}. Best is trial 16 with value: 53.503353118896484.
LOCAL_RANK: 0 - CUDA_VISIBLE_DEVICES: [0]
[I 2023-12-16 02:28:27,820] Trial 25 finished with value: 221.0217742919922 and parameters: {'gradient_clip_val': 0.26282269228001504, 'hidden_size': 96, 'dropout': 0.36837065702520505, 'hidden_continuous_size': 87, 'attention_head_size': 2, 'learning_rate': 0.02005886919229296}. Best is trial 16 with value: 53.503353118896484.
LOCAL_RANK: 0 - CUDA_VISIBLE_DEVICES: [0]
[I 2023-12-16 02:29:20,321] Trial 26 finished with value: 195.58251953125 and parameters: {'gradient_clip_val': 0.47076967606827647, 'hidden_size': 39, 'dropout': 0.29440909828084305, 'hidden_continuous_size': 15, 'attention_head_size': 3, 'learning_rate': 0.06557229210163557}. Best is trial 16 with value: 53.503353118896484.
LOCAL_RANK: 0 - CUDA_VISIBLE_DEVICES: [0]
[I 2023-12-16 02:30:15,420] Trial 27 finished with value: 73.96676635742188 and parameters: {'gradient_clip_val': 0.33233055227217734, 'hidden_size': 63, 'dropout': 0.32539257885918355, 'hidden_continuous_size': 30, 'attention_head_size': 4, 'learning_rate': 0.03424657503709613}. Best is trial 16 with value: 53.503353118896484.
LOCAL_RANK: 0 - CUDA_VISIBLE_DEVICES: [0]
[I 2023-12-16 02:31:06,972] Trial 28 finished with value: 96.84976959228516 and parameters: {'gradient_clip_val': 0.9972704929441168, 'hidden_size': 30, 'dropout': 0.35773216278014763, 'hidden_continuous_size': 21, 'attention_head_size': 2, 'learning_rate': 0.013109119785900479}. Best is trial 16 with value: 53.503353118896484.
LOCAL_RANK: 0 - CUDA_VISIBLE_DEVICES: [0]
[I 2023-12-16 02:32:02,092] Trial 29 finished with value: 229.68580627441406 and parameters: {'gradient_clip_val': 0.6445499299790421, 'hidden_size': 79, 'dropout': 0.12298617655247554, 'hidden_continuous_size': 35, 'attention_head_size': 1, 'learning_rate': 0.04464501861783532}. Best is trial 16 with value: 53.503353118896484.
LOCAL_RANK: 0 - CUDA_VISIBLE_DEVICES: [0]
[I 2023-12-16 02:32:55,756] Trial 30 finished with value: 104.04696655273438 and parameters: {'gradient_clip_val': 0.40649760971290405, 'hidden_size': 54, 'dropout': 0.32486271635947644, 'hidden_continuous_size': 13, 'attention_head_size': 3, 'learning_rate': 0.06763226272029497}. Best is trial 16 with value: 53.503353118896484.
LOCAL_RANK: 0 - CUDA_VISIBLE_DEVICES: [0]
[I 2023-12-16 02:33:49,629] Trial 31 finished with value: 80.8503189086914 and parameters: {'gradient_clip_val': 0.33536431292403784, 'hidden_size': 64, 'dropout': 0.3251314711103094, 'hidden_continuous_size': 30, 'attention_head_size': 4, 'learning_rate': 0.0323585934371767}. Best is trial 16 with value: 53.503353118896484.
LOCAL_RANK: 0 - CUDA_VISIBLE_DEVICES: [0]
[I 2023-12-16 02:34:44,474] Trial 32 finished with value: 134.74879455566406 and parameters: {'gradient_clip_val': 0.28349507511032046, 'hidden_size': 84, 'dropout': 0.30011598816438195, 'hidden_continuous_size': 18, 'attention_head_size': 4, 'learning_rate': 0.036675473314314117}. Best is trial 16 with value: 53.503353118896484.
LOCAL_RANK: 0 - CUDA_VISIBLE_DEVICES: [0]
[I 2023-12-16 02:35:40,600] Trial 33 finished with value: 193.9762420654297 and parameters: {'gradient_clip_val': 0.34997188073623964, 'hidden_size': 74, 'dropout': 0.2719892138255779, 'hidden_continuous_size': 39, 'attention_head_size': 4, 'learning_rate': 0.021063063502060424}. Best is trial 16 with value: 53.503353118896484.
LOCAL_RANK: 0 - CUDA_VISIBLE_DEVICES: [0]
[I 2023-12-16 02:36:36,579] Trial 34 finished with value: 356.474853515625 and parameters: {'gradient_clip_val': 0.22792632275731303, 'hidden_size': 100, 'dropout': 0.3802846760781672, 'hidden_continuous_size': 29, 'attention_head_size': 4, 'learning_rate': 0.05660761979477759}. Best is trial 16 with value: 53.503353118896484.
LOCAL_RANK: 0 - CUDA_VISIBLE_DEVICES: [0]
[I 2023-12-16 02:37:27,091] Trial 35 finished with value: 108.9180908203125 and parameters: {'gradient_clip_val': 0.4245118549112582, 'hidden_size': 32, 'dropout': 0.34843235098434505, 'hidden_continuous_size': 21, 'attention_head_size': 1, 'learning_rate': 0.08420412916181946}. Best is trial 16 with value: 53.503353118896484.
LOCAL_RANK: 0 - CUDA_VISIBLE_DEVICES: [0]
[I 2023-12-16 02:38:21,354] Trial 36 finished with value: 297.9082946777344 and parameters: {'gradient_clip_val': 0.5113506144596932, 'hidden_size': 58, 'dropout': 0.39879077281368414, 'hidden_continuous_size': 24, 'attention_head_size': 3, 'learning_rate': 0.009839756179315545}. Best is trial 16 with value: 53.503353118896484.
LOCAL_RANK: 0 - CUDA_VISIBLE_DEVICES: [0]
[I 2023-12-16 02:39:14,620] Trial 37 finished with value: 154.21771240234375 and parameters: {'gradient_clip_val': 0.5970894216570856, 'hidden_size': 43, 'dropout': 0.3303994445428114, 'hidden_continuous_size': 26, 'attention_head_size': 2, 'learning_rate': 0.026314674827728972}. Best is trial 16 with value: 53.503353118896484.
LOCAL_RANK: 0 - CUDA_VISIBLE_DEVICES: [0]
[I 2023-12-16 02:40:08,876] Trial 38 finished with value: 309.7699279785156 and parameters: {'gradient_clip_val': 0.37466374296494775, 'hidden_size': 52, 'dropout': 0.3541967515996551, 'hidden_continuous_size': 32, 'attention_head_size': 4, 'learning_rate': 0.07235796877159972}. Best is trial 16 with value: 53.503353118896484.
LOCAL_RANK: 0 - CUDA_VISIBLE_DEVICES: [0]
[I 2023-12-16 02:41:02,152] Trial 39 finished with value: 130.43724060058594 and parameters: {'gradient_clip_val': 0.7243393960854911, 'hidden_size': 38, 'dropout': 0.3778983373234889, 'hidden_continuous_size': 27, 'attention_head_size': 3, 'learning_rate': 0.000548199016082589}. Best is trial 16 with value: 53.503353118896484.
LOCAL_RANK: 0 - CUDA_VISIBLE_DEVICES: [0]
[I 2023-12-16 02:41:55,817] Trial 40 finished with value: 320.7022705078125 and parameters: {'gradient_clip_val': 0.5535610506675794, 'hidden_size': 65, 'dropout': 0.3459793599714122, 'hidden_continuous_size': 21, 'attention_head_size': 1, 'learning_rate': 0.05185568471832055}. Best is trial 16 with value: 53.503353118896484.
LOCAL_RANK: 0 - CUDA_VISIBLE_DEVICES: [0]
[I 2023-12-16 02:42:50,426] Trial 41 finished with value: 478.163330078125 and parameters: {'gradient_clip_val': 0.33084243270333336, 'hidden_size': 66, 'dropout': 0.3220940562401831, 'hidden_continuous_size': 31, 'attention_head_size': 4, 'learning_rate': 0.03765447184633376}. Best is trial 16 with value: 53.503353118896484.
LOCAL_RANK: 0 - CUDA_VISIBLE_DEVICES: [0]
[I 2023-12-16 02:43:47,182] Trial 42 finished with value: 64.20470428466797 and parameters: {'gradient_clip_val': 0.3150720533573914, 'hidden_size': 85, 'dropout': 0.32842765024349113, 'hidden_continuous_size': 44, 'attention_head_size': 4, 'learning_rate': 0.030973533088666304}. Best is trial 16 with value: 53.503353118896484.
LOCAL_RANK: 0 - CUDA_VISIBLE_DEVICES: [0]
[I 2023-12-16 02:44:44,171] Trial 43 finished with value: 139.05892944335938 and parameters: {'gradient_clip_val': 0.30086670880173727, 'hidden_size': 91, 'dropout': 0.339933622988968, 'hidden_continuous_size': 46, 'attention_head_size': 4, 'learning_rate': 0.018523256734934934}. Best is trial 16 with value: 53.503353118896484.
LOCAL_RANK: 0 - CUDA_VISIBLE_DEVICES: [0]
[I 2023-12-16 02:45:41,234] Trial 44 finished with value: 104.0433349609375 and parameters: {'gradient_clip_val': 0.4367615465549788, 'hidden_size': 83, 'dropout': 0.3131162327339075, 'hidden_continuous_size': 55, 'attention_head_size': 4, 'learning_rate': 0.02845933401321591}. Best is trial 16 with value: 53.503353118896484.
LOCAL_RANK: 0 - CUDA_VISIBLE_DEVICES: [0]
[I 2023-12-16 02:46:34,989] Trial 45 finished with value: 198.41017150878906 and parameters: {'gradient_clip_val': 0.5066738371999121, 'hidden_size': 48, 'dropout': 0.37175545984597463, 'hidden_continuous_size': 36, 'attention_head_size': 4, 'learning_rate': 0.05065249122745339}. Best is trial 16 with value: 53.503353118896484.
LOCAL_RANK: 0 - CUDA_VISIBLE_DEVICES: [0]
[I 2023-12-16 02:47:31,521] Trial 46 finished with value: 101.37493133544922 and parameters: {'gradient_clip_val': 0.3795020803964734, 'hidden_size': 87, 'dropout': 0.35061083715060354, 'hidden_continuous_size': 42, 'attention_head_size': 3, 'learning_rate': 0.0750636685097606}. Best is trial 16 with value: 53.503353118896484.
LOCAL_RANK: 0 - CUDA_VISIBLE_DEVICES: [0]
[I 2023-12-16 02:48:27,393] Trial 47 finished with value: 147.91586303710938 and parameters: {'gradient_clip_val': 0.24827738215982617, 'hidden_size': 71, 'dropout': 0.291236183597781, 'hidden_continuous_size': 44, 'attention_head_size': 4, 'learning_rate': 0.09955318336012169}. Best is trial 16 with value: 53.503353118896484.
LOCAL_RANK: 0 - CUDA_VISIBLE_DEVICES: [0]
[I 2023-12-16 02:49:22,021] Trial 48 finished with value: 141.32688903808594 and parameters: {'gradient_clip_val': 0.30691684716135853, 'hidden_size': 61, 'dropout': 0.3105233774117112, 'hidden_continuous_size': 39, 'attention_head_size': 2, 'learning_rate': 0.037337705687303956}. Best is trial 16 with value: 53.503353118896484.
LOCAL_RANK: 0 - CUDA_VISIBLE_DEVICES: [0]
[I 2023-12-16 02:50:19,200] Trial 49 finished with value: 100.1466293334961 and parameters: {'gradient_clip_val': 0.48271779808435783, 'hidden_size': 100, 'dropout': 0.38968785863353395, 'hidden_continuous_size': 57, 'attention_head_size': 3, 'learning_rate': 0.024408665178250247}. Best is trial 16 with value: 53.503353118896484.
[I 2023-12-16 02:50:19,292] A new study created in memory with name: no-name-19082c20-27bd-4e01-ac87-185f6d92c518
/home/le004/conda/anaconda3/envs/tsff_env/lib/python3.9/site-packages/lightning/fabric/plugins/environments/slurm.py:191: The `srun` command is available on your system but is not used. HINT: If your intention is to run Lightning on SLURM, prepend your python command with `srun` like so: srun python /home/le004/master_thesis/git/TSFusionForecast/code/ ...
LOCAL_RANK: 0 - CUDA_VISIBLE_DEVICES: [0]
[I 2023-12-16 02:51:04,948] Trial 0 finished with value: 391.3572692871094 and parameters: {'gradient_clip_val': 0.5560090298644436, 'hidden_size': 7, 'dropout': 0.2158996558893244, 'hidden_continuous_size': 5, 'attention_head_size': 2, 'learning_rate': 0.018251287467031294}. Best is trial 0 with value: 391.3572692871094.
LOCAL_RANK: 0 - CUDA_VISIBLE_DEVICES: [0]
[I 2023-12-16 02:51:59,462] Trial 1 finished with value: 198.9106903076172 and parameters: {'gradient_clip_val': 0.2920383883872874, 'hidden_size': 74, 'dropout': 0.2035288323949882, 'hidden_continuous_size': 14, 'attention_head_size': 3, 'learning_rate': 0.08411827565825045}. Best is trial 1 with value: 198.9106903076172.
LOCAL_RANK: 0 - CUDA_VISIBLE_DEVICES: [0]
[I 2023-12-16 02:52:48,084] Trial 2 finished with value: 123.59545135498047 and parameters: {'gradient_clip_val': 0.30855016706322885, 'hidden_size': 19, 'dropout': 0.2719751584893504, 'hidden_continuous_size': 18, 'attention_head_size': 1, 'learning_rate': 0.08700304704121452}. Best is trial 2 with value: 123.59545135498047.
LOCAL_RANK: 0 - CUDA_VISIBLE_DEVICES: [0]
[I 2023-12-16 02:53:33,475] Trial 3 finished with value: 160.0989227294922 and parameters: {'gradient_clip_val': 0.7114336143980355, 'hidden_size': 16, 'dropout': 0.31480187085467204, 'hidden_continuous_size': 7, 'attention_head_size': 1, 'learning_rate': 0.08571180149960078}. Best is trial 2 with value: 123.59545135498047.
LOCAL_RANK: 0 - CUDA_VISIBLE_DEVICES: [0]
[I 2023-12-16 02:54:19,114] Trial 4 finished with value: 127.58856201171875 and parameters: {'gradient_clip_val': 0.8396979203037471, 'hidden_size': 14, 'dropout': 0.12337756853509516, 'hidden_continuous_size': 6, 'attention_head_size': 1, 'learning_rate': 0.001841204178217393}. Best is trial 2 with value: 123.59545135498047.
LOCAL_RANK: 0 - CUDA_VISIBLE_DEVICES: [0]
[I 2023-12-16 02:55:11,736] Trial 5 finished with value: 99.2353286743164 and parameters: {'gradient_clip_val': 0.2671739718226655, 'hidden_size': 39, 'dropout': 0.2724648711896499, 'hidden_continuous_size': 15, 'attention_head_size': 2, 'learning_rate': 0.001172813438010887}. Best is trial 5 with value: 99.2353286743164.
LOCAL_RANK: 0 - CUDA_VISIBLE_DEVICES: [0]
[I 2023-12-16 02:56:01,590] Trial 6 finished with value: 121.96539306640625 and parameters: {'gradient_clip_val': 0.13584357946274542, 'hidden_size': 27, 'dropout': 0.14980367545153378, 'hidden_continuous_size': 16, 'attention_head_size': 3, 'learning_rate': 0.0005336430295534545}. Best is trial 5 with value: 99.2353286743164.
LOCAL_RANK: 0 - CUDA_VISIBLE_DEVICES: [0]
[I 2023-12-16 02:56:56,887] Trial 7 finished with value: 156.09043884277344 and parameters: {'gradient_clip_val': 0.5852821498904348, 'hidden_size': 81, 'dropout': 0.21574989639296077, 'hidden_continuous_size': 16, 'attention_head_size': 4, 'learning_rate': 0.06177175267184392}. Best is trial 5 with value: 99.2353286743164.
LOCAL_RANK: 0 - CUDA_VISIBLE_DEVICES: [0]
[I 2023-12-16 02:57:33,853] Trial 8 finished with value: 578.10400390625 and parameters: {'gradient_clip_val': 0.47341790014079405, 'hidden_size': 13, 'dropout': 0.3084381708925823, 'hidden_continuous_size': 13, 'attention_head_size': 2, 'learning_rate': 0.0013471816878268198}. Best is trial 5 with value: 99.2353286743164.
LOCAL_RANK: 0 - CUDA_VISIBLE_DEVICES: [0]
