[I 2023-12-15 17:53:37,576] Trial 12 finished with value: 0.08322922140359879 and parameters: {'gradient_clip_val': 0.2406820169808444, 'hidden_size': 13, 'dropout': 0.26405643951584684, 'hidden_continuous_size': 8, 'attention_head_size': 1, 'learning_rate': 0.008748369407025051}. Best is trial 4 with value: 0.02399466373026371.
LOCAL_RANK: 0 - CUDA_VISIBLE_DEVICES: [0]
[I 2023-12-15 17:54:23,492] Trial 13 finished with value: 0.030872464179992676 and parameters: {'gradient_clip_val': 0.4469760877263773, 'hidden_size': 13, 'dropout': 0.21580547092658117, 'hidden_continuous_size': 8, 'attention_head_size': 2, 'learning_rate': 0.03600506085115387}. Best is trial 4 with value: 0.02399466373026371.
LOCAL_RANK: 0 - CUDA_VISIBLE_DEVICES: [0]
[I 2023-12-15 17:55:09,415] Trial 14 finished with value: 0.035575732588768005 and parameters: {'gradient_clip_val': 0.4807447493217436, 'hidden_size': 9, 'dropout': 0.19131247881981256, 'hidden_continuous_size': 6, 'attention_head_size': 3, 'learning_rate': 0.05725254261129762}. Best is trial 4 with value: 0.02399466373026371.
LOCAL_RANK: 0 - CUDA_VISIBLE_DEVICES: [0]
[I 2023-12-15 17:55:54,417] Trial 15 finished with value: 0.031935807317495346 and parameters: {'gradient_clip_val': 0.2609595046542386, 'hidden_size': 16, 'dropout': 0.20998381419498297, 'hidden_continuous_size': 7, 'attention_head_size': 1, 'learning_rate': 0.038681144809323234}. Best is trial 4 with value: 0.02399466373026371.
LOCAL_RANK: 0 - CUDA_VISIBLE_DEVICES: [0]
[I 2023-12-15 17:56:40,112] Trial 16 finished with value: 0.054577961564064026 and parameters: {'gradient_clip_val': 0.43789774904086765, 'hidden_size': 9, 'dropout': 0.15766453873831027, 'hidden_continuous_size': 5, 'attention_head_size': 2, 'learning_rate': 0.0945997186816945}. Best is trial 4 with value: 0.02399466373026371.
LOCAL_RANK: 0 - CUDA_VISIBLE_DEVICES: [0]
[I 2023-12-15 17:57:24,224] Trial 17 finished with value: 0.05071152746677399 and parameters: {'gradient_clip_val': 0.18504323823847135, 'hidden_size': 16, 'dropout': 0.15488869610018907, 'hidden_continuous_size': 6, 'attention_head_size': 1, 'learning_rate': 0.03361153883965123}. Best is trial 4 with value: 0.02399466373026371.
LOCAL_RANK: 0 - CUDA_VISIBLE_DEVICES: [0]
[I 2023-12-15 17:58:08,676] Trial 18 finished with value: 0.041435014456510544 and parameters: {'gradient_clip_val': 0.311964315177764, 'hidden_size': 8, 'dropout': 0.2324149092166386, 'hidden_continuous_size': 5, 'attention_head_size': 2, 'learning_rate': 0.044061032135948405}. Best is trial 4 with value: 0.02399466373026371.
LOCAL_RANK: 0 - CUDA_VISIBLE_DEVICES: [0]
[I 2023-12-15 17:58:45,054] Trial 19 finished with value: 0.04367780685424805 and parameters: {'gradient_clip_val': 0.5258006567664586, 'hidden_size': 5, 'dropout': 0.17949691648201627, 'hidden_continuous_size': 5, 'attention_head_size': 3, 'learning_rate': 0.022519137767687155}. Best is trial 4 with value: 0.02399466373026371.
LOCAL_RANK: 0 - CUDA_VISIBLE_DEVICES: [0]
[I 2023-12-15 17:59:31,994] Trial 20 finished with value: 0.03233272209763527 and parameters: {'gradient_clip_val': 0.3589726364881698, 'hidden_size': 18, 'dropout': 0.24586366487783395, 'hidden_continuous_size': 8, 'attention_head_size': 1, 'learning_rate': 0.08122311956018867}. Best is trial 4 with value: 0.02399466373026371.
LOCAL_RANK: 0 - CUDA_VISIBLE_DEVICES: [0]
[I 2023-12-15 18:00:17,668] Trial 21 finished with value: 0.05622759833931923 and parameters: {'gradient_clip_val': 0.2779727930543142, 'hidden_size': 11, 'dropout': 0.22369822484987062, 'hidden_continuous_size': 7, 'attention_head_size': 1, 'learning_rate': 0.04562064764772118}. Best is trial 4 with value: 0.02399466373026371.
LOCAL_RANK: 0 - CUDA_VISIBLE_DEVICES: [0]
[I 2023-12-15 18:01:02,144] Trial 22 finished with value: 0.04532980918884277 and parameters: {'gradient_clip_val': 0.26706721944858863, 'hidden_size': 16, 'dropout': 0.21297583753519309, 'hidden_continuous_size': 7, 'attention_head_size': 1, 'learning_rate': 0.03345228818255105}. Best is trial 4 with value: 0.02399466373026371.
LOCAL_RANK: 0 - CUDA_VISIBLE_DEVICES: [0]
[I 2023-12-15 18:01:48,588] Trial 23 finished with value: 0.021065667271614075 and parameters: {'gradient_clip_val': 0.20933945694695594, 'hidden_size': 10, 'dropout': 0.1832907659737815, 'hidden_continuous_size': 6, 'attention_head_size': 2, 'learning_rate': 0.017299147739392815}. Best is trial 23 with value: 0.021065667271614075.
LOCAL_RANK: 0 - CUDA_VISIBLE_DEVICES: [0]
[I 2023-12-15 18:02:33,917] Trial 24 finished with value: 0.04858751222491264 and parameters: {'gradient_clip_val': 0.20284526181148319, 'hidden_size': 10, 'dropout': 0.1774370795357259, 'hidden_continuous_size': 6, 'attention_head_size': 2, 'learning_rate': 0.016955229218942495}. Best is trial 23 with value: 0.021065667271614075.
LOCAL_RANK: 0 - CUDA_VISIBLE_DEVICES: [0]
[I 2023-12-15 18:03:19,335] Trial 25 finished with value: 0.14395399391651154 and parameters: {'gradient_clip_val': 0.15419393646762297, 'hidden_size': 8, 'dropout': 0.13675155374977938, 'hidden_continuous_size': 6, 'attention_head_size': 2, 'learning_rate': 0.013955729020804617}. Best is trial 23 with value: 0.021065667271614075.
LOCAL_RANK: 0 - CUDA_VISIBLE_DEVICES: [0]
[I 2023-12-15 18:04:05,555] Trial 26 finished with value: 0.14397196471691132 and parameters: {'gradient_clip_val': 0.212198544661645, 'hidden_size': 7, 'dropout': 0.13441843057843111, 'hidden_continuous_size': 5, 'attention_head_size': 3, 'learning_rate': 0.007922507238317526}. Best is trial 23 with value: 0.021065667271614075.
LOCAL_RANK: 0 - CUDA_VISIBLE_DEVICES: [0]
[I 2023-12-15 18:04:51,277] Trial 27 finished with value: 0.0557577945291996 and parameters: {'gradient_clip_val': 0.3690454336459462, 'hidden_size': 11, 'dropout': 0.19213736700647335, 'hidden_continuous_size': 6, 'attention_head_size': 2, 'learning_rate': 0.027726744968271627}. Best is trial 23 with value: 0.021065667271614075.
LOCAL_RANK: 0 - CUDA_VISIBLE_DEVICES: [0]
[I 2023-12-15 18:05:36,227] Trial 28 finished with value: 0.04079347476363182 and parameters: {'gradient_clip_val': 0.2960602512346384, 'hidden_size': 12, 'dropout': 0.17809466010597763, 'hidden_continuous_size': 8, 'attention_head_size': 2, 'learning_rate': 0.017811780674565597}. Best is trial 23 with value: 0.021065667271614075.
LOCAL_RANK: 0 - CUDA_VISIBLE_DEVICES: [0]
[I 2023-12-15 18:06:22,791] Trial 29 finished with value: 0.0460393987596035 and parameters: {'gradient_clip_val': 0.23777701369492826, 'hidden_size': 13, 'dropout': 0.23471135861631523, 'hidden_continuous_size': 9, 'attention_head_size': 3, 'learning_rate': 0.011173146765680424}. Best is trial 23 with value: 0.021065667271614075.
LOCAL_RANK: 0 - CUDA_VISIBLE_DEVICES: [0]
[I 2023-12-15 18:07:10,454] Trial 30 finished with value: 0.035293374210596085 and parameters: {'gradient_clip_val': 0.16572011266464118, 'hidden_size': 19, 'dropout': 0.14440840118365997, 'hidden_continuous_size': 8, 'attention_head_size': 2, 'learning_rate': 0.058079173396078494}. Best is trial 23 with value: 0.021065667271614075.
LOCAL_RANK: 0 - CUDA_VISIBLE_DEVICES: [0]
[I 2023-12-15 18:07:55,950] Trial 31 finished with value: 0.03771039471030235 and parameters: {'gradient_clip_val': 0.24704480488232716, 'hidden_size': 15, 'dropout': 0.2056733365198138, 'hidden_continuous_size': 7, 'attention_head_size': 1, 'learning_rate': 0.03237715559078045}. Best is trial 23 with value: 0.021065667271614075.
LOCAL_RANK: 0 - CUDA_VISIBLE_DEVICES: [0]
[I 2023-12-15 18:08:41,559] Trial 32 finished with value: 0.03718814253807068 and parameters: {'gradient_clip_val': 0.2687617088250526, 'hidden_size': 15, 'dropout': 0.16494128847345252, 'hidden_continuous_size': 7, 'attention_head_size': 1, 'learning_rate': 0.016007686617590763}. Best is trial 23 with value: 0.021065667271614075.
LOCAL_RANK: 0 - CUDA_VISIBLE_DEVICES: [0]
[I 2023-12-15 18:09:27,219] Trial 33 finished with value: 0.03397994115948677 and parameters: {'gradient_clip_val': 0.2164204985822406, 'hidden_size': 10, 'dropout': 0.11619769204692934, 'hidden_continuous_size': 6, 'attention_head_size': 2, 'learning_rate': 0.043495591078089556}. Best is trial 23 with value: 0.021065667271614075.
LOCAL_RANK: 0 - CUDA_VISIBLE_DEVICES: [0]
[I 2023-12-15 18:10:15,450] Trial 34 finished with value: 0.0767577588558197 and parameters: {'gradient_clip_val': 0.3126088901505865, 'hidden_size': 21, 'dropout': 0.21728192748109673, 'hidden_continuous_size': 9, 'attention_head_size': 1, 'learning_rate': 0.02260227365919336}. Best is trial 23 with value: 0.021065667271614075.
LOCAL_RANK: 0 - CUDA_VISIBLE_DEVICES: [0]
[I 2023-12-15 18:11:01,996] Trial 35 finished with value: 0.07995956391096115 and parameters: {'gradient_clip_val': 0.9967807331278125, 'hidden_size': 6, 'dropout': 0.12275789864393376, 'hidden_continuous_size': 5, 'attention_head_size': 4, 'learning_rate': 0.011287043183213623}. Best is trial 23 with value: 0.021065667271614075.
LOCAL_RANK: 0 - CUDA_VISIBLE_DEVICES: [0]
[I 2023-12-15 18:11:50,864] Trial 36 finished with value: 0.04913513362407684 and parameters: {'gradient_clip_val': 0.2536307857859212, 'hidden_size': 26, 'dropout': 0.19575660308480863, 'hidden_continuous_size': 11, 'attention_head_size': 2, 'learning_rate': 0.027782663952770136}. Best is trial 23 with value: 0.021065667271614075.
LOCAL_RANK: 0 - CUDA_VISIBLE_DEVICES: [0]
[I 2023-12-15 18:12:37,885] Trial 37 finished with value: 0.039742544293403625 and parameters: {'gradient_clip_val': 0.19229790885448758, 'hidden_size': 13, 'dropout': 0.25365229743154405, 'hidden_continuous_size': 7, 'attention_head_size': 1, 'learning_rate': 0.013683340015150225}. Best is trial 23 with value: 0.021065667271614075.
LOCAL_RANK: 0 - CUDA_VISIBLE_DEVICES: [0]
[I 2023-12-15 18:13:24,286] Trial 38 finished with value: 0.04490072652697563 and parameters: {'gradient_clip_val': 0.7223987888540381, 'hidden_size': 20, 'dropout': 0.10178268790375015, 'hidden_continuous_size': 9, 'attention_head_size': 1, 'learning_rate': 0.006028520589748832}. Best is trial 23 with value: 0.021065667271614075.
LOCAL_RANK: 0 - CUDA_VISIBLE_DEVICES: [0]
[I 2023-12-15 18:14:11,396] Trial 39 finished with value: 0.035407453775405884 and parameters: {'gradient_clip_val': 0.28620952820060813, 'hidden_size': 18, 'dropout': 0.1698071120850174, 'hidden_continuous_size': 8, 'attention_head_size': 2, 'learning_rate': 0.019981150710704082}. Best is trial 23 with value: 0.021065667271614075.
LOCAL_RANK: 0 - CUDA_VISIBLE_DEVICES: [0]
[I 2023-12-15 18:15:00,881] Trial 40 finished with value: 0.038003820925951004 and parameters: {'gradient_clip_val': 0.22008179943596537, 'hidden_size': 34, 'dropout': 0.14822986002139915, 'hidden_continuous_size': 11, 'attention_head_size': 1, 'learning_rate': 0.0411450698883362}. Best is trial 23 with value: 0.021065667271614075.
LOCAL_RANK: 0 - CUDA_VISIBLE_DEVICES: [0]
[I 2023-12-15 18:15:46,730] Trial 41 finished with value: 0.08676961809396744 and parameters: {'gradient_clip_val': 0.3636192484164259, 'hidden_size': 15, 'dropout': 0.23488679555912154, 'hidden_continuous_size': 8, 'attention_head_size': 1, 'learning_rate': 0.0875327680857459}. Best is trial 23 with value: 0.021065667271614075.
LOCAL_RANK: 0 - CUDA_VISIBLE_DEVICES: [0]
[I 2023-12-15 18:16:33,439] Trial 42 finished with value: 0.03529416024684906 and parameters: {'gradient_clip_val': 0.33849739882060365, 'hidden_size': 18, 'dropout': 0.24712203368071067, 'hidden_continuous_size': 8, 'attention_head_size': 1, 'learning_rate': 0.07313745994462963}. Best is trial 23 with value: 0.021065667271614075.
LOCAL_RANK: 0 - CUDA_VISIBLE_DEVICES: [0]
[I 2023-12-15 18:17:21,735] Trial 43 finished with value: 0.03994275629520416 and parameters: {'gradient_clip_val': 0.5611926860289559, 'hidden_size': 21, 'dropout': 0.2826213576021025, 'hidden_continuous_size': 9, 'attention_head_size': 1, 'learning_rate': 0.05542275756828073}. Best is trial 23 with value: 0.021065667271614075.
LOCAL_RANK: 0 - CUDA_VISIBLE_DEVICES: [0]
[I 2023-12-15 18:18:09,763] Trial 44 finished with value: 0.04469878599047661 and parameters: {'gradient_clip_val': 0.4348477995996489, 'hidden_size': 28, 'dropout': 0.20842027890530587, 'hidden_continuous_size': 10, 'attention_head_size': 1, 'learning_rate': 0.08102936889284056}. Best is trial 23 with value: 0.021065667271614075.
LOCAL_RANK: 0 - CUDA_VISIBLE_DEVICES: [0]
[I 2023-12-15 18:18:54,974] Trial 45 finished with value: 0.025354763492941856 and parameters: {'gradient_clip_val': 0.3764193310879705, 'hidden_size': 14, 'dropout': 0.18894307780457625, 'hidden_continuous_size': 7, 'attention_head_size': 1, 'learning_rate': 0.026310179813472733}. Best is trial 23 with value: 0.021065667271614075.
LOCAL_RANK: 0 - CUDA_VISIBLE_DEVICES: [0]
[I 2023-12-15 18:19:41,427] Trial 46 finished with value: 0.17213089764118195 and parameters: {'gradient_clip_val': 0.3889865183884543, 'hidden_size': 11, 'dropout': 0.19077306348564999, 'hidden_continuous_size': 7, 'attention_head_size': 4, 'learning_rate': 0.02642749388228996}. Best is trial 23 with value: 0.021065667271614075.
LOCAL_RANK: 0 - CUDA_VISIBLE_DEVICES: [0]
[I 2023-12-15 18:20:26,927] Trial 47 finished with value: 0.03594931587576866 and parameters: {'gradient_clip_val': 0.3198516324694143, 'hidden_size': 14, 'dropout': 0.1815433213847511, 'hidden_continuous_size': 7, 'attention_head_size': 2, 'learning_rate': 0.018920632406949158}. Best is trial 23 with value: 0.021065667271614075.
LOCAL_RANK: 0 - CUDA_VISIBLE_DEVICES: [0]
[I 2023-12-15 18:21:12,475] Trial 48 finished with value: 0.026777945458889008 and parameters: {'gradient_clip_val': 0.2580984371704756, 'hidden_size': 13, 'dropout': 0.15772659701762123, 'hidden_continuous_size': 7, 'attention_head_size': 1, 'learning_rate': 0.03328959182400015}. Best is trial 23 with value: 0.021065667271614075.
LOCAL_RANK: 0 - CUDA_VISIBLE_DEVICES: [0]
[I 2023-12-15 18:21:59,002] Trial 49 finished with value: 0.04528126120567322 and parameters: {'gradient_clip_val': 0.41012836325593227, 'hidden_size': 13, 'dropout': 0.16446386796847196, 'hidden_continuous_size': 6, 'attention_head_size': 3, 'learning_rate': 0.024694848392130007}. Best is trial 23 with value: 0.021065667271614075.
[I 2023-12-15 18:21:59,094] A new study created in memory with name: no-name-0c6ad744-58df-4971-bb51-4349d58e0b86
/home/le004/conda/anaconda3/envs/tsff_env/lib/python3.9/site-packages/lightning/fabric/plugins/environments/slurm.py:191: The `srun` command is available on your system but is not used. HINT: If your intention is to run Lightning on SLURM, prepend your python command with `srun` like so: srun python /home/le004/master_thesis/git/TSFusionForecast/code/ ...
LOCAL_RANK: 0 - CUDA_VISIBLE_DEVICES: [0]
[I 2023-12-15 18:22:35,229] Trial 0 finished with value: 1.7774854898452759 and parameters: {'gradient_clip_val': 0.3078114053957138, 'hidden_size': 5, 'dropout': 0.2939350298606292, 'hidden_continuous_size': 5, 'attention_head_size': 3, 'learning_rate': 0.0008584296384550229}. Best is trial 0 with value: 1.7774854898452759.
LOCAL_RANK: 0 - CUDA_VISIBLE_DEVICES: [0]
[I 2023-12-15 18:23:27,817] Trial 1 finished with value: 0.09865095466375351 and parameters: {'gradient_clip_val': 0.366662644164358, 'hidden_size': 66, 'dropout': 0.15456580071198908, 'hidden_continuous_size': 6, 'attention_head_size': 4, 'learning_rate': 0.001595902692726916}. Best is trial 1 with value: 0.09865095466375351.
LOCAL_RANK: 0 - CUDA_VISIBLE_DEVICES: [0]
[I 2023-12-15 18:24:05,011] Trial 2 finished with value: 0.4818591773509979 and parameters: {'gradient_clip_val': 0.6916346428209259, 'hidden_size': 6, 'dropout': 0.331534677107303, 'hidden_continuous_size': 6, 'attention_head_size': 4, 'learning_rate': 0.010064654693317717}. Best is trial 1 with value: 0.09865095466375351.
LOCAL_RANK: 0 - CUDA_VISIBLE_DEVICES: [0]
[I 2023-12-15 18:24:50,483] Trial 3 finished with value: 1.4809597730636597 and parameters: {'gradient_clip_val': 0.12784251531160798, 'hidden_size': 9, 'dropout': 0.16127953336607342, 'hidden_continuous_size': 5, 'attention_head_size': 2, 'learning_rate': 0.0010331879352986186}. Best is trial 1 with value: 0.09865095466375351.
LOCAL_RANK: 0 - CUDA_VISIBLE_DEVICES: [0]
[I 2023-12-15 18:25:44,746] Trial 4 finished with value: 0.11777440458536148 and parameters: {'gradient_clip_val': 0.3691117597888887, 'hidden_size': 62, 'dropout': 0.32990748443985984, 'hidden_continuous_size': 57, 'attention_head_size': 2, 'learning_rate': 0.09490484426761353}. Best is trial 1 with value: 0.09865095466375351.
LOCAL_RANK: 0 - CUDA_VISIBLE_DEVICES: [0]
[I 2023-12-15 18:26:32,390] Trial 5 finished with value: 0.12197234481573105 and parameters: {'gradient_clip_val': 0.44312852164406297, 'hidden_size': 22, 'dropout': 0.28948898613162694, 'hidden_continuous_size': 5, 'attention_head_size': 1, 'learning_rate': 0.0029418304787745407}. Best is trial 1 with value: 0.09865095466375351.
LOCAL_RANK: 0 - CUDA_VISIBLE_DEVICES: [0]
[I 2023-12-15 18:27:18,861] Trial 6 finished with value: 0.10952236503362656 and parameters: {'gradient_clip_val': 0.7299270359527879, 'hidden_size': 14, 'dropout': 0.16151821441269862, 'hidden_continuous_size': 12, 'attention_head_size': 1, 'learning_rate': 0.003218992946644823}. Best is trial 1 with value: 0.09865095466375351.
LOCAL_RANK: 0 - CUDA_VISIBLE_DEVICES: [0]
[I 2023-12-15 18:28:05,414] Trial 7 finished with value: 0.17337316274642944 and parameters: {'gradient_clip_val': 0.1327874916329558, 'hidden_size': 8, 'dropout': 0.11176765508508517, 'hidden_continuous_size': 6, 'attention_head_size': 4, 'learning_rate': 0.006423846199822223}. Best is trial 1 with value: 0.09865095466375351.
LOCAL_RANK: 0 - CUDA_VISIBLE_DEVICES: [0]
[I 2023-12-15 18:28:52,041] Trial 8 finished with value: 0.07902054488658905 and parameters: {'gradient_clip_val': 0.9802128464724468, 'hidden_size': 12, 'dropout': 0.11699649280050034, 'hidden_continuous_size': 9, 'attention_head_size': 4, 'learning_rate': 0.008927661573109652}. Best is trial 8 with value: 0.07902054488658905.
LOCAL_RANK: 0 - CUDA_VISIBLE_DEVICES: [0]
[I 2023-12-15 18:29:40,957] Trial 9 finished with value: 0.5033802390098572 and parameters: {'gradient_clip_val': 0.3092884268600783, 'hidden_size': 29, 'dropout': 0.12236714348643646, 'hidden_continuous_size': 5, 'attention_head_size': 3, 'learning_rate': 0.0010509501920269834}. Best is trial 8 with value: 0.07902054488658905.
LOCAL_RANK: 0 - CUDA_VISIBLE_DEVICES: [0]
[I 2023-12-15 18:30:27,825] Trial 10 finished with value: 0.04973891004920006 and parameters: {'gradient_clip_val': 0.9316169381083536, 'hidden_size': 13, 'dropout': 0.21057258151062827, 'hidden_continuous_size': 9, 'attention_head_size': 3, 'learning_rate': 0.01896881520716283}. Best is trial 10 with value: 0.04973891004920006.
LOCAL_RANK: 0 - CUDA_VISIBLE_DEVICES: [0]
[I 2023-12-15 18:31:14,417] Trial 11 finished with value: 0.057205673307180405 and parameters: {'gradient_clip_val': 0.9170859683716795, 'hidden_size': 14, 'dropout': 0.21679181758113686, 'hidden_continuous_size': 9, 'attention_head_size': 3, 'learning_rate': 0.020788848425542943}. Best is trial 10 with value: 0.04973891004920006.
LOCAL_RANK: 0 - CUDA_VISIBLE_DEVICES: [0]
[I 2023-12-15 18:32:00,136] Trial 12 finished with value: 0.07382204383611679 and parameters: {'gradient_clip_val': 0.9382109549454861, 'hidden_size': 16, 'dropout': 0.22470606393720588, 'hidden_continuous_size': 9, 'attention_head_size': 3, 'learning_rate': 0.028670441806059103}. Best is trial 10 with value: 0.04973891004920006.
LOCAL_RANK: 0 - CUDA_VISIBLE_DEVICES: [0]
[I 2023-12-15 18:32:49,380] Trial 13 finished with value: 0.058272141963243484 and parameters: {'gradient_clip_val': 0.589938823794591, 'hidden_size': 26, 'dropout': 0.21969407680967992, 'hidden_continuous_size': 11, 'attention_head_size': 2, 'learning_rate': 0.02257024488463959}. Best is trial 10 with value: 0.04973891004920006.
LOCAL_RANK: 0 - CUDA_VISIBLE_DEVICES: [0]
[I 2023-12-15 18:33:35,882] Trial 14 finished with value: 0.047671329230070114 and parameters: {'gradient_clip_val': 0.9942726730616058, 'hidden_size': 10, 'dropout': 0.3780584832851605, 'hidden_continuous_size': 8, 'attention_head_size': 3, 'learning_rate': 0.02788570429477975}. Best is trial 14 with value: 0.047671329230070114.
LOCAL_RANK: 0 - CUDA_VISIBLE_DEVICES: [0]
[I 2023-12-15 18:34:20,955] Trial 15 finished with value: 0.06713644415140152 and parameters: {'gradient_clip_val': 0.521086849988838, 'hidden_size': 8, 'dropout': 0.38965543982049744, 'hidden_continuous_size': 7, 'attention_head_size': 3, 'learning_rate': 0.0656773607958702}. Best is trial 14 with value: 0.047671329230070114.
LOCAL_RANK: 0 - CUDA_VISIBLE_DEVICES: [0]
[I 2023-12-15 18:34:56,845] Trial 16 finished with value: 0.046351101249456406 and parameters: {'gradient_clip_val': 0.7345597070205063, 'hidden_size': 5, 'dropout': 0.3999098227142025, 'hidden_continuous_size': 5, 'attention_head_size': 2, 'learning_rate': 0.05030914440789261}. Best is trial 16 with value: 0.046351101249456406.
LOCAL_RANK: 0 - CUDA_VISIBLE_DEVICES: [0]
[I 2023-12-15 18:35:32,618] Trial 17 finished with value: 0.09608916193246841 and parameters: {'gradient_clip_val': 0.6805808274442087, 'hidden_size': 5, 'dropout': 0.3967773805776673, 'hidden_continuous_size': 5, 'attention_head_size': 2, 'learning_rate': 0.053940382440757065}. Best is trial 16 with value: 0.046351101249456406.
LOCAL_RANK: 0 - CUDA_VISIBLE_DEVICES: [0]
[I 2023-12-15 18:36:18,208] Trial 18 finished with value: 0.1667969673871994 and parameters: {'gradient_clip_val': 0.5133613073256607, 'hidden_size': 7, 'dropout': 0.37391664782216033, 'hidden_continuous_size': 5, 'attention_head_size': 1, 'learning_rate': 0.040701639549702025}. Best is trial 16 with value: 0.046351101249456406.
LOCAL_RANK: 0 - CUDA_VISIBLE_DEVICES: [0]
