[I 2023-12-15 19:13:40,360] Trial 33 finished with value: 5133.36962890625 and parameters: {'gradient_clip_val': 0.38971187710705024, 'hidden_size': 6, 'dropout': 0.30274035288410767, 'hidden_continuous_size': 5, 'attention_head_size': 3, 'learning_rate': 0.009461354848713705}. Best is trial 30 with value: 2169.737060546875.
LOCAL_RANK: 0 - CUDA_VISIBLE_DEVICES: [0]
[I 2023-12-15 19:14:23,749] Trial 34 finished with value: 3999.231201171875 and parameters: {'gradient_clip_val': 0.29533025902581544, 'hidden_size': 8, 'dropout': 0.2725508580751948, 'hidden_continuous_size': 5, 'attention_head_size': 2, 'learning_rate': 0.004321838450105295}. Best is trial 30 with value: 2169.737060546875.
LOCAL_RANK: 0 - CUDA_VISIBLE_DEVICES: [0]
[I 2023-12-15 19:14:57,859] Trial 35 finished with value: 2487.47216796875 and parameters: {'gradient_clip_val': 0.4213034503189295, 'hidden_size': 5, 'dropout': 0.2890012976222288, 'hidden_continuous_size': 5, 'attention_head_size': 3, 'learning_rate': 0.01822682219905532}. Best is trial 30 with value: 2169.737060546875.
LOCAL_RANK: 0 - CUDA_VISIBLE_DEVICES: [0]
[I 2023-12-15 19:15:31,890] Trial 36 finished with value: 2379.166015625 and parameters: {'gradient_clip_val': 0.5932085222852195, 'hidden_size': 5, 'dropout': 0.2844154401780535, 'hidden_continuous_size': 5, 'attention_head_size': 3, 'learning_rate': 0.017739167197807663}. Best is trial 30 with value: 2169.737060546875.
LOCAL_RANK: 0 - CUDA_VISIBLE_DEVICES: [0]
[I 2023-12-15 19:16:16,339] Trial 37 finished with value: 3339.735595703125 and parameters: {'gradient_clip_val': 0.5958210330616328, 'hidden_size': 6, 'dropout': 0.23295478287132992, 'hidden_continuous_size': 5, 'attention_head_size': 2, 'learning_rate': 0.01191564904946907}. Best is trial 30 with value: 2169.737060546875.
LOCAL_RANK: 0 - CUDA_VISIBLE_DEVICES: [0]
[I 2023-12-15 19:16:50,261] Trial 38 finished with value: 6951.822265625 and parameters: {'gradient_clip_val': 0.48938820094528995, 'hidden_size': 5, 'dropout': 0.2823437214996911, 'hidden_continuous_size': 5, 'attention_head_size': 3, 'learning_rate': 0.008819337613559148}. Best is trial 30 with value: 2169.737060546875.
LOCAL_RANK: 0 - CUDA_VISIBLE_DEVICES: [0]
[I 2023-12-15 19:17:34,698] Trial 39 finished with value: 3988.737548828125 and parameters: {'gradient_clip_val': 0.5269444624924186, 'hidden_size': 6, 'dropout': 0.307236288398385, 'hidden_continuous_size': 5, 'attention_head_size': 2, 'learning_rate': 0.015080702247430463}. Best is trial 30 with value: 2169.737060546875.
LOCAL_RANK: 0 - CUDA_VISIBLE_DEVICES: [0]
[I 2023-12-15 19:18:18,532] Trial 40 finished with value: 4295.8759765625 and parameters: {'gradient_clip_val': 0.6034103649742468, 'hidden_size': 8, 'dropout': 0.33320511168376743, 'hidden_continuous_size': 5, 'attention_head_size': 3, 'learning_rate': 0.019287137848678793}. Best is trial 30 with value: 2169.737060546875.
LOCAL_RANK: 0 - CUDA_VISIBLE_DEVICES: [0]
[I 2023-12-15 19:18:52,088] Trial 41 finished with value: 7907.71923828125 and parameters: {'gradient_clip_val': 0.44608539669902847, 'hidden_size': 5, 'dropout': 0.28958439093239235, 'hidden_continuous_size': 5, 'attention_head_size': 3, 'learning_rate': 0.018558894618356813}. Best is trial 30 with value: 2169.737060546875.
LOCAL_RANK: 0 - CUDA_VISIBLE_DEVICES: [0]
[I 2023-12-15 19:19:26,033] Trial 42 finished with value: 2692.464599609375 and parameters: {'gradient_clip_val': 0.3730810915345674, 'hidden_size': 5, 'dropout': 0.27609025143016863, 'hidden_continuous_size': 5, 'attention_head_size': 3, 'learning_rate': 0.01223569610340832}. Best is trial 30 with value: 2169.737060546875.
LOCAL_RANK: 0 - CUDA_VISIBLE_DEVICES: [0]
[I 2023-12-15 19:20:10,170] Trial 43 finished with value: 5800.08740234375 and parameters: {'gradient_clip_val': 0.5018648042758068, 'hidden_size': 6, 'dropout': 0.2937358586712633, 'hidden_continuous_size': 5, 'attention_head_size': 1, 'learning_rate': 0.01610485188168073}. Best is trial 30 with value: 2169.737060546875.
LOCAL_RANK: 0 - CUDA_VISIBLE_DEVICES: [0]
[I 2023-12-15 19:20:55,058] Trial 44 finished with value: 2702.037353515625 and parameters: {'gradient_clip_val': 0.43699069287299497, 'hidden_size': 7, 'dropout': 0.32099386333719654, 'hidden_continuous_size': 5, 'attention_head_size': 3, 'learning_rate': 0.009729932177703546}. Best is trial 30 with value: 2169.737060546875.
LOCAL_RANK: 0 - CUDA_VISIBLE_DEVICES: [0]
[I 2023-12-15 19:21:28,448] Trial 45 finished with value: 2941.538818359375 and parameters: {'gradient_clip_val': 0.7368638931239594, 'hidden_size': 5, 'dropout': 0.24750325118479025, 'hidden_continuous_size': 5, 'attention_head_size': 3, 'learning_rate': 0.0073533156198795635}. Best is trial 30 with value: 2169.737060546875.
LOCAL_RANK: 0 - CUDA_VISIBLE_DEVICES: [0]
[I 2023-12-15 19:22:13,397] Trial 46 finished with value: 5713.171875 and parameters: {'gradient_clip_val': 0.5781495576882829, 'hidden_size': 9, 'dropout': 0.2996593409787192, 'hidden_continuous_size': 6, 'attention_head_size': 2, 'learning_rate': 0.02079110325454773}. Best is trial 30 with value: 2169.737060546875.
LOCAL_RANK: 0 - CUDA_VISIBLE_DEVICES: [0]
[I 2023-12-15 19:22:58,093] Trial 47 finished with value: 6985.830078125 and parameters: {'gradient_clip_val': 0.4103844213007618, 'hidden_size': 6, 'dropout': 0.33677240015172805, 'hidden_continuous_size': 5, 'attention_head_size': 3, 'learning_rate': 0.013499368320522252}. Best is trial 30 with value: 2169.737060546875.
LOCAL_RANK: 0 - CUDA_VISIBLE_DEVICES: [0]
[I 2023-12-15 19:23:42,603] Trial 48 finished with value: 10349.861328125 and parameters: {'gradient_clip_val': 0.4734952831618566, 'hidden_size': 7, 'dropout': 0.3132936936341564, 'hidden_continuous_size': 5, 'attention_head_size': 2, 'learning_rate': 0.023777310835001116}. Best is trial 30 with value: 2169.737060546875.
LOCAL_RANK: 0 - CUDA_VISIBLE_DEVICES: [0]
[I 2023-12-15 19:24:16,505] Trial 49 finished with value: 3087.061767578125 and parameters: {'gradient_clip_val': 0.2754160490079281, 'hidden_size': 5, 'dropout': 0.3561558845271668, 'hidden_continuous_size': 5, 'attention_head_size': 3, 'learning_rate': 0.01671582696225625}. Best is trial 30 with value: 2169.737060546875.
[I 2023-12-15 19:24:16,602] A new study created in memory with name: no-name-b99093d9-9b75-45d9-a640-3356efb93738
/home/le004/conda/anaconda3/envs/tsff_env/lib/python3.9/site-packages/lightning/fabric/plugins/environments/slurm.py:191: The `srun` command is available on your system but is not used. HINT: If your intention is to run Lightning on SLURM, prepend your python command with `srun` like so: srun python /home/le004/master_thesis/git/TSFusionForecast/code/ ...
LOCAL_RANK: 0 - CUDA_VISIBLE_DEVICES: [0]
[I 2023-12-15 19:25:01,849] Trial 0 finished with value: 1172.48681640625 and parameters: {'gradient_clip_val': 0.9684841430445299, 'hidden_size': 6, 'dropout': 0.12150854696577776, 'hidden_continuous_size': 5, 'attention_head_size': 4, 'learning_rate': 0.008297384015914658}. Best is trial 0 with value: 1172.48681640625.
LOCAL_RANK: 0 - CUDA_VISIBLE_DEVICES: [0]
[I 2023-12-15 19:25:47,495] Trial 1 finished with value: 6493.078125 and parameters: {'gradient_clip_val': 0.5477018528835482, 'hidden_size': 15, 'dropout': 0.24988847878654125, 'hidden_continuous_size': 7, 'attention_head_size': 3, 'learning_rate': 0.07462016617144707}. Best is trial 0 with value: 1172.48681640625.
LOCAL_RANK: 0 - CUDA_VISIBLE_DEVICES: [0]
[I 2023-12-15 19:26:35,404] Trial 2 finished with value: 3166.814453125 and parameters: {'gradient_clip_val': 0.8554801341258711, 'hidden_size': 19, 'dropout': 0.3303133951573971, 'hidden_continuous_size': 12, 'attention_head_size': 2, 'learning_rate': 0.039501593968190044}. Best is trial 0 with value: 1172.48681640625.
LOCAL_RANK: 0 - CUDA_VISIBLE_DEVICES: [0]
[I 2023-12-15 19:27:27,933] Trial 3 finished with value: 3217.533203125 and parameters: {'gradient_clip_val': 0.24234007473760055, 'hidden_size': 65, 'dropout': 0.18329540984714165, 'hidden_continuous_size': 25, 'attention_head_size': 1, 'learning_rate': 0.018989724539457995}. Best is trial 0 with value: 1172.48681640625.
LOCAL_RANK: 0 - CUDA_VISIBLE_DEVICES: [0]
[I 2023-12-15 19:28:15,388] Trial 4 finished with value: 6204.609375 and parameters: {'gradient_clip_val': 0.28420856318762816, 'hidden_size': 18, 'dropout': 0.35836838766721346, 'hidden_continuous_size': 9, 'attention_head_size': 3, 'learning_rate': 0.001575493295681231}. Best is trial 0 with value: 1172.48681640625.
LOCAL_RANK: 0 - CUDA_VISIBLE_DEVICES: [0]
[I 2023-12-15 19:29:03,126] Trial 5 finished with value: 3316.449951171875 and parameters: {'gradient_clip_val': 0.6574018752874218, 'hidden_size': 21, 'dropout': 0.18894814092863776, 'hidden_continuous_size': 5, 'attention_head_size': 4, 'learning_rate': 0.0013016210883748708}. Best is trial 0 with value: 1172.48681640625.
LOCAL_RANK: 0 - CUDA_VISIBLE_DEVICES: [0]
[I 2023-12-15 19:29:51,513] Trial 6 finished with value: 934.0928344726562 and parameters: {'gradient_clip_val': 0.8976283877780155, 'hidden_size': 40, 'dropout': 0.34033189619982407, 'hidden_continuous_size': 5, 'attention_head_size': 3, 'learning_rate': 0.0009799615165160668}. Best is trial 6 with value: 934.0928344726562.
LOCAL_RANK: 0 - CUDA_VISIBLE_DEVICES: [0]
[I 2023-12-15 19:30:42,633] Trial 7 finished with value: 2816.744873046875 and parameters: {'gradient_clip_val': 0.12745184028797718, 'hidden_size': 56, 'dropout': 0.22450008461693832, 'hidden_continuous_size': 8, 'attention_head_size': 1, 'learning_rate': 0.0007387753001175851}. Best is trial 6 with value: 934.0928344726562.
LOCAL_RANK: 0 - CUDA_VISIBLE_DEVICES: [0]
[I 2023-12-15 19:31:16,406] Trial 8 finished with value: 5447.45458984375 and parameters: {'gradient_clip_val': 0.599113713509341, 'hidden_size': 6, 'dropout': 0.28685019002045836, 'hidden_continuous_size': 6, 'attention_head_size': 1, 'learning_rate': 0.023556011622424964}. Best is trial 6 with value: 934.0928344726562.
LOCAL_RANK: 0 - CUDA_VISIBLE_DEVICES: [0]
[I 2023-12-15 19:32:10,406] Trial 9 finished with value: 3832.661376953125 and parameters: {'gradient_clip_val': 0.1745669264813332, 'hidden_size': 53, 'dropout': 0.14232040872725066, 'hidden_continuous_size': 36, 'attention_head_size': 4, 'learning_rate': 0.045705153324072476}. Best is trial 6 with value: 934.0928344726562.
LOCAL_RANK: 0 - CUDA_VISIBLE_DEVICES: [0]
[I 2023-12-15 19:33:00,564] Trial 10 finished with value: 5286.24169921875 and parameters: {'gradient_clip_val': 0.3964420985916905, 'hidden_size': 35, 'dropout': 0.39564316738553906, 'hidden_continuous_size': 14, 'attention_head_size': 2, 'learning_rate': 0.0031248307386553}. Best is trial 6 with value: 934.0928344726562.
LOCAL_RANK: 0 - CUDA_VISIBLE_DEVICES: [0]
[I 2023-12-15 19:33:45,615] Trial 11 finished with value: 3487.725341796875 and parameters: {'gradient_clip_val': 0.9225071276300352, 'hidden_size': 6, 'dropout': 0.10872080790389892, 'hidden_continuous_size': 5, 'attention_head_size': 4, 'learning_rate': 0.0065609095664540835}. Best is trial 6 with value: 934.0928344726562.
LOCAL_RANK: 0 - CUDA_VISIBLE_DEVICES: [0]
[I 2023-12-15 19:34:43,642] Trial 12 finished with value: 2712.971435546875 and parameters: {'gradient_clip_val': 0.986331783085965, 'hidden_size': 97, 'dropout': 0.2944638125695166, 'hidden_continuous_size': 84, 'attention_head_size': 3, 'learning_rate': 0.006188042924154204}. Best is trial 6 with value: 934.0928344726562.
LOCAL_RANK: 0 - CUDA_VISIBLE_DEVICES: [0]
[I 2023-12-15 19:35:29,242] Trial 13 finished with value: 4972.64404296875 and parameters: {'gradient_clip_val': 0.41270274279279046, 'hidden_size': 10, 'dropout': 0.10286125146061634, 'hidden_continuous_size': 5, 'attention_head_size': 4, 'learning_rate': 0.0006250806505669623}. Best is trial 6 with value: 934.0928344726562.
LOCAL_RANK: 0 - CUDA_VISIBLE_DEVICES: [0]
[I 2023-12-15 19:36:18,144] Trial 14 finished with value: 1984.62841796875 and parameters: {'gradient_clip_val': 0.7361319968311528, 'hidden_size': 30, 'dropout': 0.2925252358638037, 'hidden_continuous_size': 6, 'attention_head_size': 3, 'learning_rate': 0.003396304254799677}. Best is trial 6 with value: 934.0928344726562.
LOCAL_RANK: 0 - CUDA_VISIBLE_DEVICES: [0]
[I 2023-12-15 19:37:02,688] Trial 15 finished with value: 1855.00390625 and parameters: {'gradient_clip_val': 0.9838822350785875, 'hidden_size': 10, 'dropout': 0.20402187642055958, 'hidden_continuous_size': 5, 'attention_head_size': 2, 'learning_rate': 0.012568633504457293}. Best is trial 6 with value: 934.0928344726562.
LOCAL_RANK: 0 - CUDA_VISIBLE_DEVICES: [0]
[I 2023-12-15 19:37:36,925] Trial 16 finished with value: 2386.708740234375 and parameters: {'gradient_clip_val': 0.4952805639207944, 'hidden_size': 5, 'dropout': 0.15589873810196736, 'hidden_continuous_size': 5, 'attention_head_size': 4, 'learning_rate': 0.010144189507989511}. Best is trial 6 with value: 934.0928344726562.
LOCAL_RANK: 0 - CUDA_VISIBLE_DEVICES: [0]
[I 2023-12-15 19:38:25,931] Trial 17 finished with value: 1531.0391845703125 and parameters: {'gradient_clip_val': 0.7172017974537883, 'hidden_size': 31, 'dropout': 0.25080938515213286, 'hidden_continuous_size': 7, 'attention_head_size': 3, 'learning_rate': 0.0005162451268753103}. Best is trial 6 with value: 934.0928344726562.
LOCAL_RANK: 0 - CUDA_VISIBLE_DEVICES: [0]
[I 2023-12-15 19:39:11,385] Trial 18 finished with value: 5761.09228515625 and parameters: {'gradient_clip_val': 0.7595124986847667, 'hidden_size': 13, 'dropout': 0.14567249652300288, 'hidden_continuous_size': 6, 'attention_head_size': 4, 'learning_rate': 0.0038222708893103077}. Best is trial 6 with value: 934.0928344726562.
LOCAL_RANK: 0 - CUDA_VISIBLE_DEVICES: [0]
[I 2023-12-15 19:39:56,389] Trial 19 finished with value: 5977.29296875 and parameters: {'gradient_clip_val': 0.516842120544421, 'hidden_size': 9, 'dropout': 0.3392866668025439, 'hidden_continuous_size': 5, 'attention_head_size': 3, 'learning_rate': 0.002022891902241774}. Best is trial 6 with value: 934.0928344726562.
LOCAL_RANK: 0 - CUDA_VISIBLE_DEVICES: [0]
[I 2023-12-15 19:40:45,021] Trial 20 finished with value: 3151.3984375 and parameters: {'gradient_clip_val': 0.7830669993481886, 'hidden_size': 26, 'dropout': 0.38771306362017965, 'hidden_continuous_size': 9, 'attention_head_size': 2, 'learning_rate': 0.0010365711496992547}. Best is trial 6 with value: 934.0928344726562.
LOCAL_RANK: 0 - CUDA_VISIBLE_DEVICES: [0]
[I 2023-12-15 19:41:34,924] Trial 21 finished with value: 3539.499755859375 and parameters: {'gradient_clip_val': 0.6858254160535773, 'hidden_size': 39, 'dropout': 0.24148190928588215, 'hidden_continuous_size': 7, 'attention_head_size': 3, 'learning_rate': 0.000605184526829296}. Best is trial 6 with value: 934.0928344726562.
LOCAL_RANK: 0 - CUDA_VISIBLE_DEVICES: [0]
[I 2023-12-15 19:42:23,360] Trial 22 finished with value: 3969.998779296875 and parameters: {'gradient_clip_val': 0.987719369154366, 'hidden_size': 25, 'dropout': 0.2670576190109833, 'hidden_continuous_size': 6, 'attention_head_size': 3, 'learning_rate': 0.0005004005324260499}. Best is trial 6 with value: 934.0928344726562.
LOCAL_RANK: 0 - CUDA_VISIBLE_DEVICES: [0]
[I 2023-12-15 19:43:12,701] Trial 23 finished with value: 5695.69677734375 and parameters: {'gradient_clip_val': 0.6518324510473159, 'hidden_size': 39, 'dropout': 0.22474331827490307, 'hidden_continuous_size': 7, 'attention_head_size': 3, 'learning_rate': 0.0008853020690741962}. Best is trial 6 with value: 934.0928344726562.
LOCAL_RANK: 0 - CUDA_VISIBLE_DEVICES: [0]
[I 2023-12-15 19:44:01,363] Trial 24 finished with value: 2587.307373046875 and parameters: {'gradient_clip_val': 0.8000563575248639, 'hidden_size': 25, 'dropout': 0.2692643506536154, 'hidden_continuous_size': 6, 'attention_head_size': 4, 'learning_rate': 0.0018475631067312592}. Best is trial 6 with value: 934.0928344726562.
LOCAL_RANK: 0 - CUDA_VISIBLE_DEVICES: [0]
[I 2023-12-15 19:44:48,958] Trial 25 finished with value: 2047.6531982421875 and parameters: {'gradient_clip_val': 0.7980426309746421, 'hidden_size': 32, 'dropout': 0.31592329628561366, 'hidden_continuous_size': 8, 'attention_head_size': 2, 'learning_rate': 0.0010030137276695339}. Best is trial 6 with value: 934.0928344726562.
LOCAL_RANK: 0 - CUDA_VISIBLE_DEVICES: [0]
[I 2023-12-15 19:45:34,354] Trial 26 finished with value: 5069.583984375 and parameters: {'gradient_clip_val': 0.5961888919929895, 'hidden_size': 15, 'dropout': 0.36617146664822886, 'hidden_continuous_size': 5, 'attention_head_size': 3, 'learning_rate': 0.0005121622319991397}. Best is trial 6 with value: 934.0928344726562.
LOCAL_RANK: 0 - CUDA_VISIBLE_DEVICES: [0]
[I 2023-12-15 19:46:26,910] Trial 27 finished with value: 3477.2734375 and parameters: {'gradient_clip_val': 0.8523283551179514, 'hidden_size': 45, 'dropout': 0.3121680810398295, 'hidden_continuous_size': 10, 'attention_head_size': 4, 'learning_rate': 0.0012156937000495735}. Best is trial 6 with value: 934.0928344726562.
LOCAL_RANK: 0 - CUDA_VISIBLE_DEVICES: [0]
[I 2023-12-15 19:47:14,296] Trial 28 finished with value: 4805.47509765625 and parameters: {'gradient_clip_val': 0.6868421330040737, 'hidden_size': 28, 'dropout': 0.2716957892689549, 'hidden_continuous_size': 6, 'attention_head_size': 3, 'learning_rate': 0.0024708350383913866}. Best is trial 6 with value: 934.0928344726562.
LOCAL_RANK: 0 - CUDA_VISIBLE_DEVICES: [0]
[I 2023-12-15 19:48:00,179] Trial 29 finished with value: 1994.6005859375 and parameters: {'gradient_clip_val': 0.5259016874534772, 'hidden_size': 17, 'dropout': 0.2496746576065426, 'hidden_continuous_size': 7, 'attention_head_size': 2, 'learning_rate': 0.00520572342310593}. Best is trial 6 with value: 934.0928344726562.
LOCAL_RANK: 0 - CUDA_VISIBLE_DEVICES: [0]
[I 2023-12-15 19:48:48,590] Trial 30 finished with value: 2255.725830078125 and parameters: {'gradient_clip_val': 0.4578795937352407, 'hidden_size': 22, 'dropout': 0.23389570516453564, 'hidden_continuous_size': 7, 'attention_head_size': 4, 'learning_rate': 0.0014844848261035665}. Best is trial 6 with value: 934.0928344726562.
LOCAL_RANK: 0 - CUDA_VISIBLE_DEVICES: [0]
[I 2023-12-15 19:49:32,069] Trial 31 finished with value: 3605.747314453125 and parameters: {'gradient_clip_val': 0.9945817844388578, 'hidden_size': 8, 'dropout': 0.17676155955018044, 'hidden_continuous_size': 5, 'attention_head_size': 2, 'learning_rate': 0.010223965078836206}. Best is trial 6 with value: 934.0928344726562.
LOCAL_RANK: 0 - CUDA_VISIBLE_DEVICES: [0]
[I 2023-12-15 19:50:15,515] Trial 32 finished with value: 2285.123291015625 and parameters: {'gradient_clip_val': 0.8791409366993599, 'hidden_size': 12, 'dropout': 0.21215087073159017, 'hidden_continuous_size': 5, 'attention_head_size': 2, 'learning_rate': 0.0007890293932382934}. Best is trial 6 with value: 934.0928344726562.
LOCAL_RANK: 0 - CUDA_VISIBLE_DEVICES: [0]
[I 2023-12-15 19:51:00,047] Trial 33 finished with value: 2644.244384765625 and parameters: {'gradient_clip_val': 0.8698128318373002, 'hidden_size': 7, 'dropout': 0.20590820916783165, 'hidden_continuous_size': 5, 'attention_head_size': 2, 'learning_rate': 0.009776624653467429}. Best is trial 6 with value: 934.0928344726562.
LOCAL_RANK: 0 - CUDA_VISIBLE_DEVICES: [0]
[I 2023-12-15 19:51:33,913] Trial 34 finished with value: 8267.4619140625 and parameters: {'gradient_clip_val': 0.9981883617160432, 'hidden_size': 5, 'dropout': 0.24800633301290756, 'hidden_continuous_size': 5, 'attention_head_size': 3, 'learning_rate': 0.017602336401796616}. Best is trial 6 with value: 934.0928344726562.
LOCAL_RANK: 0 - CUDA_VISIBLE_DEVICES: [0]
[I 2023-12-15 19:52:18,167] Trial 35 finished with value: 5568.01025390625 and parameters: {'gradient_clip_val': 0.5876751926178744, 'hidden_size': 10, 'dropout': 0.20809882814292324, 'hidden_continuous_size': 5, 'attention_head_size': 1, 'learning_rate': 0.00463944731522335}. Best is trial 6 with value: 934.0928344726562.
LOCAL_RANK: 0 - CUDA_VISIBLE_DEVICES: [0]
[I 2023-12-15 19:53:05,582] Trial 36 finished with value: 4294.0048828125 and parameters: {'gradient_clip_val': 0.743463980680907, 'hidden_size': 22, 'dropout': 0.1856022066324214, 'hidden_continuous_size': 6, 'attention_head_size': 2, 'learning_rate': 0.002278722112197789}. Best is trial 6 with value: 934.0928344726562.
LOCAL_RANK: 0 - CUDA_VISIBLE_DEVICES: [0]
[I 2023-12-15 19:53:52,626] Trial 37 finished with value: 4402.44384765625 and parameters: {'gradient_clip_val': 0.8491249269797161, 'hidden_size': 19, 'dropout': 0.1230626642306323, 'hidden_continuous_size': 6, 'attention_head_size': 3, 'learning_rate': 0.0012892841095861636}. Best is trial 6 with value: 934.0928344726562.
LOCAL_RANK: 0 - CUDA_VISIBLE_DEVICES: [0]
[I 2023-12-15 19:54:35,775] Trial 38 finished with value: 4017.353515625 and parameters: {'gradient_clip_val': 0.657173572754329, 'hidden_size': 8, 'dropout': 0.19625989470067529, 'hidden_continuous_size': 5, 'attention_head_size': 1, 'learning_rate': 0.0007442354080435799}. Best is trial 6 with value: 934.0928344726562.
LOCAL_RANK: 0 - CUDA_VISIBLE_DEVICES: [0]
[I 2023-12-15 19:55:21,228] Trial 39 finished with value: 5600.64599609375 and parameters: {'gradient_clip_val': 0.8872540781620796, 'hidden_size': 15, 'dropout': 0.15723552479414873, 'hidden_continuous_size': 6, 'attention_head_size': 3, 'learning_rate': 0.014185065954406533}. Best is trial 6 with value: 934.0928344726562.
LOCAL_RANK: 0 - CUDA_VISIBLE_DEVICES: [0]
[I 2023-12-15 19:56:05,691] Trial 40 finished with value: 8628.5751953125 and parameters: {'gradient_clip_val': 0.7403347906068475, 'hidden_size': 6, 'dropout': 0.1729201221771023, 'hidden_continuous_size': 5, 'attention_head_size': 2, 'learning_rate': 0.026004422152808078}. Best is trial 6 with value: 934.0928344726562.
LOCAL_RANK: 0 - CUDA_VISIBLE_DEVICES: [0]
