[I 2023-12-26 11:51:11,457] Trial 28 finished with value: 5.960079669952393 and parameters: {'gradient_clip_val': 0.42097225559154294, 'hidden_size': 68, 'dropout': 0.13442521153540016, 'hidden_continuous_size': 30, 'attention_head_size': 1, 'learning_rate': 0.0008239497601806023}. Best is trial 0 with value: 0.24812941253185272.
[I 2023-12-26 11:51:15,419] Trial 29 finished with value: 5.121287822723389 and parameters: {'gradient_clip_val': 0.15114939948052403, 'hidden_size': 72, 'dropout': 0.19836151219748768, 'hidden_continuous_size': 11, 'attention_head_size': 4, 'learning_rate': 0.005887565606310163}. Best is trial 0 with value: 0.24812941253185272.
[I 2023-12-26 11:51:18,107] Trial 30 finished with value: 5.246109485626221 and parameters: {'gradient_clip_val': 0.2982388224287559, 'hidden_size': 43, 'dropout': 0.23616066319294068, 'hidden_continuous_size': 17, 'attention_head_size': 1, 'learning_rate': 0.0005045517968234537}. Best is trial 0 with value: 0.24812941253185272.
[I 2023-12-26 11:51:20,438] Trial 31 finished with value: 6.2294697761535645 and parameters: {'gradient_clip_val': 0.3647594310777688, 'hidden_size': 32, 'dropout': 0.16424011923017792, 'hidden_continuous_size': 19, 'attention_head_size': 2, 'learning_rate': 0.0013567766451994129}. Best is trial 0 with value: 0.24812941253185272.
[I 2023-12-26 11:51:22,621] Trial 32 finished with value: 5.127880096435547 and parameters: {'gradient_clip_val': 0.26527851126503704, 'hidden_size': 20, 'dropout': 0.1011206350517625, 'hidden_continuous_size': 15, 'attention_head_size': 4, 'learning_rate': 0.0024211741295954415}. Best is trial 0 with value: 0.24812941253185272.
[I 2023-12-26 11:51:25,086] Trial 33 finished with value: 6.042989730834961 and parameters: {'gradient_clip_val': 0.34110579238416916, 'hidden_size': 29, 'dropout': 0.21689573130582857, 'hidden_continuous_size': 19, 'attention_head_size': 3, 'learning_rate': 0.0016929241334129779}. Best is trial 0 with value: 0.24812941253185272.
[I 2023-12-26 11:51:27,214] Trial 34 finished with value: 5.380733489990234 and parameters: {'gradient_clip_val': 0.42371892458505805, 'hidden_size': 19, 'dropout': 0.12844048177039266, 'hidden_continuous_size': 14, 'attention_head_size': 1, 'learning_rate': 0.001081778677047031}. Best is trial 0 with value: 0.24812941253185272.
[I 2023-12-26 11:51:29,564] Trial 35 finished with value: 5.465654373168945 and parameters: {'gradient_clip_val': 0.9939123401955866, 'hidden_size': 26, 'dropout': 0.18221439097272998, 'hidden_continuous_size': 12, 'attention_head_size': 3, 'learning_rate': 0.004026070030968601}. Best is trial 0 with value: 0.24812941253185272.
[I 2023-12-26 11:51:32,427] Trial 36 finished with value: 4.977426528930664 and parameters: {'gradient_clip_val': 0.5648454931023641, 'hidden_size': 35, 'dropout': 0.19511377556907558, 'hidden_continuous_size': 21, 'attention_head_size': 2, 'learning_rate': 0.0016170838082101657}. Best is trial 0 with value: 0.24812941253185272.
[I 2023-12-26 11:51:34,492] Trial 37 finished with value: 7.32241678237915 and parameters: {'gradient_clip_val': 0.6833709729241696, 'hidden_size': 18, 'dropout': 0.2414149561666223, 'hidden_continuous_size': 10, 'attention_head_size': 2, 'learning_rate': 0.002366884532219396}. Best is trial 0 with value: 0.24812941253185272.
[I 2023-12-26 11:51:37,641] Trial 38 finished with value: 3.5360419750213623 and parameters: {'gradient_clip_val': 0.49963677491770586, 'hidden_size': 53, 'dropout': 0.156028617110961, 'hidden_continuous_size': 23, 'attention_head_size': 1, 'learning_rate': 0.0006798971445471511}. Best is trial 0 with value: 0.24812941253185272.
[I 2023-12-26 11:51:42,747] Trial 39 finished with value: 4.554056167602539 and parameters: {'gradient_clip_val': 0.5117988135683973, 'hidden_size': 85, 'dropout': 0.1470978959877265, 'hidden_continuous_size': 35, 'attention_head_size': 1, 'learning_rate': 0.0006749889658420209}. Best is trial 0 with value: 0.24812941253185272.
[I 2023-12-26 11:51:46,169] Trial 40 finished with value: 5.40954065322876 and parameters: {'gradient_clip_val': 0.7669377340077411, 'hidden_size': 54, 'dropout': 0.11342002261902004, 'hidden_continuous_size': 24, 'attention_head_size': 1, 'learning_rate': 0.0011129865175167398}. Best is trial 0 with value: 0.24812941253185272.
[I 2023-12-26 11:51:49,159] Trial 41 finished with value: 5.936300754547119 and parameters: {'gradient_clip_val': 0.4522746807506314, 'hidden_size': 51, 'dropout': 0.1662415838882711, 'hidden_continuous_size': 21, 'attention_head_size': 1, 'learning_rate': 0.0006701067940284441}. Best is trial 0 with value: 0.24812941253185272.
[I 2023-12-26 11:51:51,864] Trial 42 finished with value: 4.122351169586182 and parameters: {'gradient_clip_val': 0.3929982485193782, 'hidden_size': 43, 'dropout': 0.2083394317001963, 'hidden_continuous_size': 16, 'attention_head_size': 1, 'learning_rate': 0.0008648508496969839}. Best is trial 0 with value: 0.24812941253185272.
[I 2023-12-26 11:51:54,512] Trial 43 finished with value: 4.994808673858643 and parameters: {'gradient_clip_val': 0.48266463834144463, 'hidden_size': 38, 'dropout': 0.14112160057666168, 'hidden_continuous_size': 20, 'attention_head_size': 2, 'learning_rate': 0.001137545658425838}. Best is trial 0 with value: 0.24812941253185272.
[I 2023-12-26 11:51:56,791] Trial 44 finished with value: 4.535703182220459 and parameters: {'gradient_clip_val': 0.5219804819942564, 'hidden_size': 32, 'dropout': 0.12597835584745656, 'hidden_continuous_size': 17, 'attention_head_size': 1, 'learning_rate': 0.0006100039150464508}. Best is trial 0 with value: 0.24812941253185272.
[I 2023-12-26 11:51:59,486] Trial 45 finished with value: 5.546297550201416 and parameters: {'gradient_clip_val': 0.2904238498598394, 'hidden_size': 39, 'dropout': 0.15189031556217525, 'hidden_continuous_size': 21, 'attention_head_size': 2, 'learning_rate': 0.0012785732141827395}. Best is trial 0 with value: 0.24812941253185272.
[I 2023-12-26 11:52:01,824] Trial 46 finished with value: 4.127679824829102 and parameters: {'gradient_clip_val': 0.3296039111031319, 'hidden_size': 23, 'dropout': 0.17386584512947278, 'hidden_continuous_size': 18, 'attention_head_size': 3, 'learning_rate': 0.0008994604794353247}. Best is trial 0 with value: 0.24812941253185272.
[I 2023-12-26 11:52:05,030] Trial 47 finished with value: 4.719662666320801 and parameters: {'gradient_clip_val': 0.37647696467850306, 'hidden_size': 54, 'dropout': 0.1186482977729034, 'hidden_continuous_size': 23, 'attention_head_size': 3, 'learning_rate': 0.0005009278408532298}. Best is trial 0 with value: 0.24812941253185272.
[I 2023-12-26 11:52:08,216] Trial 48 finished with value: 3.556863784790039 and parameters: {'gradient_clip_val': 0.41879199309777526, 'hidden_size': 47, 'dropout': 0.10079360877002053, 'hidden_continuous_size': 28, 'attention_head_size': 1, 'learning_rate': 0.0015595615487765389}. Best is trial 0 with value: 0.24812941253185272.
[I 2023-12-26 11:52:11,870] Trial 49 finished with value: 4.46990966796875 and parameters: {'gradient_clip_val': 0.42031053764246556, 'hidden_size': 63, 'dropout': 0.10258198157778026, 'hidden_continuous_size': 28, 'attention_head_size': 1, 'learning_rate': 0.0006316075432953412}. Best is trial 0 with value: 0.24812941253185272.
[I 2023-12-26 11:52:11,998] A new study created in memory with name: no-name-07dff2ef-605b-4b58-969d-1ecc4a5488ed
/home/le004/conda/anaconda3/envs/tsff_env/lib/python3.9/site-packages/lightning/fabric/plugins/environments/slurm.py:191: The `srun` command is available on your system but is not used. HINT: If your intention is to run Lightning on SLURM, prepend your python command with `srun` like so: srun python /home/le004/master_thesis/git/TSFusionForecast/code/ ...
[I 2023-12-26 11:54:55,792] Trial 0 finished with value: 116.4582748413086 and parameters: {'gradient_clip_val': 0.43228141236818113, 'hidden_size': 17, 'dropout': 0.46852009960006014, 'hidden_continuous_size': 17, 'attention_head_size': 3, 'learning_rate': 0.00169749289367321}. Best is trial 0 with value: 116.4582748413086.
[I 2023-12-26 11:54:58,285] Trial 1 finished with value: 326.7939147949219 and parameters: {'gradient_clip_val': 0.8711011642902913, 'hidden_size': 37, 'dropout': 0.2554363896258357, 'hidden_continuous_size': 9, 'attention_head_size': 1, 'learning_rate': 0.0021502458040503374}. Best is trial 0 with value: 116.4582748413086.
[I 2023-12-26 11:55:03,333] Trial 2 finished with value: 279.4361267089844 and parameters: {'gradient_clip_val': 0.6715830784864165, 'hidden_size': 87, 'dropout': 0.1793320798056342, 'hidden_continuous_size': 38, 'attention_head_size': 1, 'learning_rate': 0.0009161470455222796}. Best is trial 0 with value: 116.4582748413086.
[I 2023-12-26 11:55:07,221] Trial 3 finished with value: 373.0393371582031 and parameters: {'gradient_clip_val': 0.9606514526188524, 'hidden_size': 69, 'dropout': 0.4869942326796509, 'hidden_continuous_size': 7, 'attention_head_size': 3, 'learning_rate': 0.0014452797890214997}. Best is trial 0 with value: 116.4582748413086.
[I 2023-12-26 11:55:09,447] Trial 4 finished with value: 208.38340759277344 and parameters: {'gradient_clip_val': 0.26765696109315035, 'hidden_size': 23, 'dropout': 0.23762405060352232, 'hidden_continuous_size': 17, 'attention_head_size': 2, 'learning_rate': 0.002143757720683503}. Best is trial 0 with value: 116.4582748413086.
[I 2023-12-26 11:55:11,882] Trial 5 finished with value: 367.1229553222656 and parameters: {'gradient_clip_val': 0.34402841597742617, 'hidden_size': 34, 'dropout': 0.2330337662553469, 'hidden_continuous_size': 9, 'attention_head_size': 3, 'learning_rate': 0.0013926068553462853}. Best is trial 0 with value: 116.4582748413086.
[I 2023-12-26 11:55:16,233] Trial 6 finished with value: 262.46533203125 and parameters: {'gradient_clip_val': 0.19567561803488606, 'hidden_size': 78, 'dropout': 0.4701200222002231, 'hidden_continuous_size': 5, 'attention_head_size': 3, 'learning_rate': 0.004336655948091947}. Best is trial 0 with value: 116.4582748413086.
[I 2023-12-26 11:55:18,124] Trial 7 finished with value: 354.0270690917969 and parameters: {'gradient_clip_val': 0.6169598177446347, 'hidden_size': 7, 'dropout': 0.3377531224309594, 'hidden_continuous_size': 6, 'attention_head_size': 4, 'learning_rate': 0.002385077741175749}. Best is trial 0 with value: 116.4582748413086.
[I 2023-12-26 11:55:20,319] Trial 8 finished with value: 393.0721130371094 and parameters: {'gradient_clip_val': 0.6171144649306314, 'hidden_size': 21, 'dropout': 0.3995649566119338, 'hidden_continuous_size': 13, 'attention_head_size': 4, 'learning_rate': 0.030330959684461162}. Best is trial 0 with value: 116.4582748413086.
[I 2023-12-26 11:55:22,164] Trial 9 finished with value: 360.0812072753906 and parameters: {'gradient_clip_val': 0.2512316030896735, 'hidden_size': 6, 'dropout': 0.2053772508283725, 'hidden_continuous_size': 5, 'attention_head_size': 3, 'learning_rate': 0.021153217446232032}. Best is trial 0 with value: 116.4582748413086.
[I 2023-12-26 11:55:32,118] Trial 10 finished with value: 305.7394104003906 and parameters: {'gradient_clip_val': 0.10071315746850806, 'hidden_size': 149, 'dropout': 0.10767563794253865, 'hidden_continuous_size': 107, 'attention_head_size': 2, 'learning_rate': 0.00897303646019294}. Best is trial 0 with value: 116.4582748413086.
[I 2023-12-26 11:55:34,071] Trial 11 finished with value: 440.2856750488281 and parameters: {'gradient_clip_val': 0.39568342458902583, 'hidden_size': 14, 'dropout': 0.3321786510187942, 'hidden_continuous_size': 14, 'attention_head_size': 2, 'learning_rate': 0.0005927835379024788}. Best is trial 0 with value: 116.4582748413086.
[I 2023-12-26 11:55:36,223] Trial 12 finished with value: 285.8416748046875 and parameters: {'gradient_clip_val': 0.42890800761716974, 'hidden_size': 14, 'dropout': 0.38269206075913165, 'hidden_continuous_size': 14, 'attention_head_size': 2, 'learning_rate': 0.07555444650189626}. Best is trial 0 with value: 116.4582748413086.
[I 2023-12-26 11:55:38,331] Trial 13 finished with value: 288.7607421875 and parameters: {'gradient_clip_val': 0.24394468264295524, 'hidden_size': 20, 'dropout': 0.2906418733132828, 'hidden_continuous_size': 16, 'attention_head_size': 2, 'learning_rate': 0.00377827224628239}. Best is trial 0 with value: 116.4582748413086.
[I 2023-12-26 11:55:40,323] Trial 14 finished with value: 280.0640869140625 and parameters: {'gradient_clip_val': 0.45823460986027587, 'hidden_size': 10, 'dropout': 0.4388644970672027, 'hidden_continuous_size': 6, 'attention_head_size': 4, 'learning_rate': 0.0005554761531450924}. Best is trial 0 with value: 116.4582748413086.
[I 2023-12-26 11:55:42,742] Trial 15 finished with value: 268.39410400390625 and parameters: {'gradient_clip_val': 0.2848753031381986, 'hidden_size': 29, 'dropout': 0.49286939733852947, 'hidden_continuous_size': 18, 'attention_head_size': 1, 'learning_rate': 0.006643663001564275}. Best is trial 0 with value: 116.4582748413086.
[I 2023-12-26 11:55:44,682] Trial 16 finished with value: 281.37060546875 and parameters: {'gradient_clip_val': 0.19654457246798926, 'hidden_size': 10, 'dropout': 0.4246915138445431, 'hidden_continuous_size': 5, 'attention_head_size': 2, 'learning_rate': 0.0010971441395515897}. Best is trial 0 with value: 116.4582748413086.
[I 2023-12-26 11:55:47,594] Trial 17 finished with value: 272.8774108886719 and parameters: {'gradient_clip_val': 0.3316038874849529, 'hidden_size': 45, 'dropout': 0.3414780056527935, 'hidden_continuous_size': 21, 'attention_head_size': 3, 'learning_rate': 0.002288079102545872}. Best is trial 0 with value: 116.4582748413086.
[I 2023-12-26 11:55:49,322] Trial 18 finished with value: 379.7821350097656 and parameters: {'gradient_clip_val': 0.4935274567465057, 'hidden_size': 5, 'dropout': 0.28115091914477436, 'hidden_continuous_size': 5, 'attention_head_size': 3, 'learning_rate': 0.0008171880580422338}. Best is trial 0 with value: 116.4582748413086.
[I 2023-12-26 11:55:51,476] Trial 19 finished with value: 421.2210388183594 and parameters: {'gradient_clip_val': 0.351917048095107, 'hidden_size': 24, 'dropout': 0.44652278514949684, 'hidden_continuous_size': 12, 'attention_head_size': 2, 'learning_rate': 0.0016350448843714298}. Best is trial 0 with value: 116.4582748413086.
[I 2023-12-26 11:55:53,584] Trial 20 finished with value: 341.52685546875 and parameters: {'gradient_clip_val': 0.5089560094463073, 'hidden_size': 17, 'dropout': 0.3687082509416144, 'hidden_continuous_size': 11, 'attention_head_size': 4, 'learning_rate': 0.003663586360151958}. Best is trial 0 with value: 116.4582748413086.
[I 2023-12-26 11:55:56,604] Trial 21 finished with value: 307.439208984375 and parameters: {'gradient_clip_val': 0.18441503469651746, 'hidden_size': 47, 'dropout': 0.468560427006821, 'hidden_continuous_size': 21, 'attention_head_size': 3, 'learning_rate': 0.004081113078158418}. Best is trial 0 with value: 116.4582748413086.
[I 2023-12-26 11:55:59,001] Trial 22 finished with value: 217.4165496826172 and parameters: {'gradient_clip_val': 0.19199570307384897, 'hidden_size': 29, 'dropout': 0.4119536356018795, 'hidden_continuous_size': 8, 'attention_head_size': 3, 'learning_rate': 0.006444994036788039}. Best is trial 0 with value: 116.4582748413086.
[I 2023-12-26 11:56:01,146] Trial 23 finished with value: 322.8385314941406 and parameters: {'gradient_clip_val': 0.2761048348802808, 'hidden_size': 24, 'dropout': 0.4075588630066037, 'hidden_continuous_size': 9, 'attention_head_size': 3, 'learning_rate': 0.007444015330269932}. Best is trial 0 with value: 116.4582748413086.
[I 2023-12-26 11:56:03,827] Trial 24 finished with value: 358.5971374511719 and parameters: {'gradient_clip_val': 0.15139395294020558, 'hidden_size': 30, 'dropout': 0.4502197971754644, 'hidden_continuous_size': 11, 'attention_head_size': 2, 'learning_rate': 0.0025381207196099437}. Best is trial 0 with value: 116.4582748413086.
[I 2023-12-26 11:56:05,858] Trial 25 finished with value: 288.1421203613281 and parameters: {'gradient_clip_val': 0.3113392745889775, 'hidden_size': 17, 'dropout': 0.4954021999370675, 'hidden_continuous_size': 8, 'attention_head_size': 3, 'learning_rate': 0.0011691881228908297}. Best is trial 0 with value: 116.4582748413086.
[I 2023-12-26 11:56:08,021] Trial 26 finished with value: 394.0316467285156 and parameters: {'gradient_clip_val': 0.238421780643509, 'hidden_size': 24, 'dropout': 0.4196245999183962, 'hidden_continuous_size': 8, 'attention_head_size': 4, 'learning_rate': 0.01222023892818058}. Best is trial 0 with value: 116.4582748413086.
[I 2023-12-26 11:56:10,582] Trial 27 finished with value: 291.4833984375 and parameters: {'gradient_clip_val': 0.37694263781570386, 'hidden_size': 38, 'dropout': 0.3217511371355672, 'hidden_continuous_size': 16, 'attention_head_size': 2, 'learning_rate': 0.00538406753837148}. Best is trial 0 with value: 116.4582748413086.
[I 2023-12-26 11:56:12,883] Trial 28 finished with value: 366.4457092285156 and parameters: {'gradient_clip_val': 0.3119349503544081, 'hidden_size': 27, 'dropout': 0.37825472730922993, 'hidden_continuous_size': 11, 'attention_head_size': 1, 'learning_rate': 0.00320542876385712}. Best is trial 0 with value: 116.4582748413086.
[I 2023-12-26 11:56:15,354] Trial 29 finished with value: 242.48353576660156 and parameters: {'gradient_clip_val': 0.762822379253309, 'hidden_size': 36, 'dropout': 0.254847330796239, 'hidden_continuous_size': 10, 'attention_head_size': 1, 'learning_rate': 0.0022770477407635546}. Best is trial 0 with value: 116.4582748413086.
[I 2023-12-26 11:56:17,402] Trial 30 finished with value: 227.4414520263672 and parameters: {'gradient_clip_val': 0.41765758980663265, 'hidden_size': 18, 'dropout': 0.45977332378386315, 'hidden_continuous_size': 8, 'attention_head_size': 3, 'learning_rate': 0.0017561624291125607}. Best is trial 0 with value: 116.4582748413086.
[I 2023-12-26 11:56:19,449] Trial 31 finished with value: 241.8694305419922 and parameters: {'gradient_clip_val': 0.40369470238681576, 'hidden_size': 17, 'dropout': 0.45942543070711456, 'hidden_continuous_size': 7, 'attention_head_size': 3, 'learning_rate': 0.0018543920005718582}. Best is trial 0 with value: 116.4582748413086.
[I 2023-12-26 11:56:21,490] Trial 32 finished with value: 273.3611145019531 and parameters: {'gradient_clip_val': 0.529182351391201, 'hidden_size': 13, 'dropout': 0.4369512589600345, 'hidden_continuous_size': 7, 'attention_head_size': 3, 'learning_rate': 0.0015558338645732847}. Best is trial 0 with value: 116.4582748413086.
[I 2023-12-26 11:56:23,652] Trial 33 finished with value: 364.8300476074219 and parameters: {'gradient_clip_val': 0.4247730507049926, 'hidden_size': 21, 'dropout': 0.4969070264272607, 'hidden_continuous_size': 8, 'attention_head_size': 3, 'learning_rate': 0.0008351962102878408}. Best is trial 0 with value: 116.4582748413086.
[I 2023-12-26 11:56:26,092] Trial 34 finished with value: 322.37933349609375 and parameters: {'gradient_clip_val': 0.984898280194583, 'hidden_size': 30, 'dropout': 0.4741339883339765, 'hidden_continuous_size': 10, 'attention_head_size': 3, 'learning_rate': 0.0031816936037819122}. Best is trial 0 with value: 116.4582748413086.
[I 2023-12-26 11:56:30,626] Trial 35 finished with value: 347.645751953125 and parameters: {'gradient_clip_val': 0.3650485258162139, 'hidden_size': 55, 'dropout': 0.4102670695781425, 'hidden_continuous_size': 19, 'attention_head_size': 2, 'learning_rate': 0.0018781147178155166}. Best is trial 0 with value: 116.4582748413086.
[I 2023-12-26 11:56:33,989] Trial 36 finished with value: 403.3310546875 and parameters: {'gradient_clip_val': 0.5868675664912962, 'hidden_size': 36, 'dropout': 0.472733932945691, 'hidden_continuous_size': 6, 'attention_head_size': 3, 'learning_rate': 0.0011372894208864484}. Best is trial 0 with value: 116.4582748413086.
[I 2023-12-26 11:56:36,401] Trial 37 finished with value: 354.3232727050781 and parameters: {'gradient_clip_val': 0.7922392387519057, 'hidden_size': 19, 'dropout': 0.4293541005601948, 'hidden_continuous_size': 9, 'attention_head_size': 4, 'learning_rate': 0.00520424106485619}. Best is trial 0 with value: 116.4582748413086.
[I 2023-12-26 11:56:39,109] Trial 38 finished with value: 341.7347106933594 and parameters: {'gradient_clip_val': 0.46933530196602374, 'hidden_size': 26, 'dropout': 0.4485107970093068, 'hidden_continuous_size': 10, 'attention_head_size': 3, 'learning_rate': 0.002845932335009238}. Best is trial 0 with value: 116.4582748413086.
[I 2023-12-26 11:56:41,315] Trial 39 finished with value: 245.692626953125 and parameters: {'gradient_clip_val': 0.6970038455234006, 'hidden_size': 11, 'dropout': 0.40156573471060586, 'hidden_continuous_size': 6, 'attention_head_size': 3, 'learning_rate': 0.0014128159057319309}. Best is trial 0 with value: 116.4582748413086.
[I 2023-12-26 11:56:44,164] Trial 40 finished with value: 332.8810729980469 and parameters: {'gradient_clip_val': 0.5832018901303879, 'hidden_size': 32, 'dropout': 0.4787888452648712, 'hidden_continuous_size': 13, 'attention_head_size': 4, 'learning_rate': 0.0022902141423566556}. Best is trial 0 with value: 116.4582748413086.
[I 2023-12-26 11:56:46,470] Trial 41 finished with value: 395.7419128417969 and parameters: {'gradient_clip_val': 0.4078912217221562, 'hidden_size': 17, 'dropout': 0.4603966959906801, 'hidden_continuous_size': 7, 'attention_head_size': 3, 'learning_rate': 0.0013864027360853915}. Best is trial 0 with value: 116.4582748413086.
[I 2023-12-26 11:56:48,854] Trial 42 finished with value: 351.3402404785156 and parameters: {'gradient_clip_val': 0.3739083389790273, 'hidden_size': 15, 'dropout': 0.4548111988870431, 'hidden_continuous_size': 7, 'attention_head_size': 3, 'learning_rate': 0.002115001007040483}. Best is trial 0 with value: 116.4582748413086.
