[I 2023-12-27 10:58:10,301] Trial 46 finished with value: 214.4010467529297 and parameters: {'gradient_clip_val': 0.11352809690770017, 'hidden_size': 43, 'dropout': 0.4167687107226201, 'hidden_continuous_size': 18, 'attention_head_size': 4, 'learning_rate': 0.015125989780809843}. Best is trial 0 with value: 21.980714797973633.
LOCAL_RANK: 0 - CUDA_VISIBLE_DEVICES: [0]
[I 2023-12-27 10:58:10,760] Trial 47 finished with value: 155.35105895996094 and parameters: {'gradient_clip_val': 0.1284173220405387, 'hidden_size': 69, 'dropout': 0.37815123742747847, 'hidden_continuous_size': 30, 'attention_head_size': 3, 'learning_rate': 0.02815665486345998}. Best is trial 0 with value: 21.980714797973633.
LOCAL_RANK: 0 - CUDA_VISIBLE_DEVICES: [0]
[I 2023-12-27 10:58:11,210] Trial 48 finished with value: 253.4393310546875 and parameters: {'gradient_clip_val': 0.10913863392988382, 'hidden_size': 40, 'dropout': 0.3553849620926086, 'hidden_continuous_size': 20, 'attention_head_size': 4, 'learning_rate': 0.016924290365690844}. Best is trial 0 with value: 21.980714797973633.
LOCAL_RANK: 0 - CUDA_VISIBLE_DEVICES: [0]
[I 2023-12-27 10:58:11,692] Trial 49 finished with value: 283.563232421875 and parameters: {'gradient_clip_val': 0.16965164672320093, 'hidden_size': 70, 'dropout': 0.45919253946160915, 'hidden_continuous_size': 26, 'attention_head_size': 4, 'learning_rate': 0.023268371397298204}. Best is trial 0 with value: 21.980714797973633.
[I 2023-12-27 10:58:11,822] A new study created in memory with name: no-name-88216932-7f38-4366-a66b-aa7ecff144cc
/home/le004/conda/anaconda3/envs/tsff_env/lib/python3.9/site-packages/lightning/fabric/plugins/environments/slurm.py:191: The `srun` command is available on your system but is not used. HINT: If your intention is to run Lightning on SLURM, prepend your python command with `srun` like so: srun python /home/le004/master_thesis/git/TSFusionForecast/code/ ...
LOCAL_RANK: 0 - CUDA_VISIBLE_DEVICES: [0]
[I 2023-12-27 10:58:39,942] Trial 0 finished with value: 7.332126617431641 and parameters: {'gradient_clip_val': 0.38047142103025366, 'hidden_size': 18, 'dropout': 0.13275877279074716, 'hidden_continuous_size': 5, 'attention_head_size': 2, 'learning_rate': 0.0012050305146014664}. Best is trial 0 with value: 7.332126617431641.
LOCAL_RANK: 0 - CUDA_VISIBLE_DEVICES: [0]
[I 2023-12-27 10:59:09,103] Trial 1 finished with value: 3.8183391094207764 and parameters: {'gradient_clip_val': 0.7383987288896392, 'hidden_size': 19, 'dropout': 0.30938497894370776, 'hidden_continuous_size': 5, 'attention_head_size': 2, 'learning_rate': 0.004130689734565752}. Best is trial 1 with value: 3.8183391094207764.
LOCAL_RANK: 0 - CUDA_VISIBLE_DEVICES: [0]
[I 2023-12-27 10:59:09,531] Trial 2 finished with value: 10.274388313293457 and parameters: {'gradient_clip_val': 0.2853140190633321, 'hidden_size': 9, 'dropout': 0.47642408101319056, 'hidden_continuous_size': 9, 'attention_head_size': 4, 'learning_rate': 0.001740020609975049}. Best is trial 1 with value: 3.8183391094207764.
LOCAL_RANK: 0 - CUDA_VISIBLE_DEVICES: [0]
[I 2023-12-27 10:59:09,946] Trial 3 finished with value: 15.617828369140625 and parameters: {'gradient_clip_val': 0.44429093796666763, 'hidden_size': 6, 'dropout': 0.24629576162528655, 'hidden_continuous_size': 6, 'attention_head_size': 3, 'learning_rate': 0.0031694241772143566}. Best is trial 1 with value: 3.8183391094207764.
LOCAL_RANK: 0 - CUDA_VISIBLE_DEVICES: [0]
[I 2023-12-27 10:59:10,378] Trial 4 finished with value: 15.351710319519043 and parameters: {'gradient_clip_val': 0.24538803338494247, 'hidden_size': 7, 'dropout': 0.41817899212158816, 'hidden_continuous_size': 5, 'attention_head_size': 1, 'learning_rate': 0.00542879704293626}. Best is trial 1 with value: 3.8183391094207764.
LOCAL_RANK: 0 - CUDA_VISIBLE_DEVICES: [0]
[I 2023-12-27 10:59:10,834] Trial 5 finished with value: 14.132357597351074 and parameters: {'gradient_clip_val': 0.24328202418367664, 'hidden_size': 72, 'dropout': 0.38168391577288296, 'hidden_continuous_size': 9, 'attention_head_size': 3, 'learning_rate': 0.03874365011698435}. Best is trial 1 with value: 3.8183391094207764.
LOCAL_RANK: 0 - CUDA_VISIBLE_DEVICES: [0]
[I 2023-12-27 10:59:11,277] Trial 6 finished with value: 10.994492530822754 and parameters: {'gradient_clip_val': 0.27851920884715525, 'hidden_size': 15, 'dropout': 0.3117195067855594, 'hidden_continuous_size': 8, 'attention_head_size': 2, 'learning_rate': 0.017158964197890154}. Best is trial 1 with value: 3.8183391094207764.
LOCAL_RANK: 0 - CUDA_VISIBLE_DEVICES: [0]
[I 2023-12-27 10:59:11,722] Trial 7 finished with value: 8.915831565856934 and parameters: {'gradient_clip_val': 0.4468142450559809, 'hidden_size': 8, 'dropout': 0.16854632836630584, 'hidden_continuous_size': 5, 'attention_head_size': 3, 'learning_rate': 0.02986784193888043}. Best is trial 1 with value: 3.8183391094207764.
LOCAL_RANK: 0 - CUDA_VISIBLE_DEVICES: [0]
[I 2023-12-27 10:59:12,177] Trial 8 finished with value: 7.186357021331787 and parameters: {'gradient_clip_val': 0.15020390575119327, 'hidden_size': 11, 'dropout': 0.26601304777323875, 'hidden_continuous_size': 7, 'attention_head_size': 4, 'learning_rate': 0.00536387055706692}. Best is trial 1 with value: 3.8183391094207764.
LOCAL_RANK: 0 - CUDA_VISIBLE_DEVICES: [0]
[I 2023-12-27 10:59:12,694] Trial 9 finished with value: 12.256060600280762 and parameters: {'gradient_clip_val': 0.11963669304523748, 'hidden_size': 143, 'dropout': 0.49079325366126636, 'hidden_continuous_size': 76, 'attention_head_size': 3, 'learning_rate': 0.027644725449175976}. Best is trial 1 with value: 3.8183391094207764.
LOCAL_RANK: 0 - CUDA_VISIBLE_DEVICES: [0]
[I 2023-12-27 10:59:13,177] Trial 10 finished with value: 15.432679176330566 and parameters: {'gradient_clip_val': 0.8170390826174599, 'hidden_size': 31, 'dropout': 0.3387265459371829, 'hidden_continuous_size': 13, 'attention_head_size': 1, 'learning_rate': 0.01182496485362184}. Best is trial 1 with value: 3.8183391094207764.
LOCAL_RANK: 0 - CUDA_VISIBLE_DEVICES: [0]
[I 2023-12-27 10:59:13,655] Trial 11 finished with value: 10.204955101013184 and parameters: {'gradient_clip_val': 0.9082525162580286, 'hidden_size': 30, 'dropout': 0.250171694839175, 'hidden_continuous_size': 7, 'attention_head_size': 4, 'learning_rate': 0.0005410947465705028}. Best is trial 1 with value: 3.8183391094207764.
LOCAL_RANK: 0 - CUDA_VISIBLE_DEVICES: [0]
[I 2023-12-27 10:59:14,123] Trial 12 finished with value: 14.588805198669434 and parameters: {'gradient_clip_val': 0.10065045251087064, 'hidden_size': 13, 'dropout': 0.22724474681019716, 'hidden_continuous_size': 6, 'attention_head_size': 2, 'learning_rate': 0.0069972205627277335}. Best is trial 1 with value: 3.8183391094207764.
LOCAL_RANK: 0 - CUDA_VISIBLE_DEVICES: [0]
[I 2023-12-27 10:59:14,602] Trial 13 finished with value: 13.053733825683594 and parameters: {'gradient_clip_val': 0.17369492422675648, 'hidden_size': 22, 'dropout': 0.2937457172042785, 'hidden_continuous_size': 7, 'attention_head_size': 4, 'learning_rate': 0.0033646112353598887}. Best is trial 1 with value: 3.8183391094207764.
LOCAL_RANK: 0 - CUDA_VISIBLE_DEVICES: [0]
[I 2023-12-27 10:59:15,268] Trial 14 finished with value: 14.264984130859375 and parameters: {'gradient_clip_val': 0.6308936596548285, 'hidden_size': 5, 'dropout': 0.3496269881378933, 'hidden_continuous_size': 5, 'attention_head_size': 2, 'learning_rate': 0.08884640519257016}. Best is trial 1 with value: 3.8183391094207764.
LOCAL_RANK: 0 - CUDA_VISIBLE_DEVICES: [0]
[I 2023-12-27 10:59:15,724] Trial 15 finished with value: 11.893695831298828 and parameters: {'gradient_clip_val': 0.16285003153028005, 'hidden_size': 11, 'dropout': 0.289438355550495, 'hidden_continuous_size': 6, 'attention_head_size': 1, 'learning_rate': 0.008754917936233446}. Best is trial 1 with value: 3.8183391094207764.
LOCAL_RANK: 0 - CUDA_VISIBLE_DEVICES: [0]
[I 2023-12-27 10:59:16,194] Trial 16 finished with value: 13.342707633972168 and parameters: {'gradient_clip_val': 0.588191425375026, 'hidden_size': 22, 'dropout': 0.20077825069938998, 'hidden_continuous_size': 7, 'attention_head_size': 4, 'learning_rate': 0.004705347871974105}. Best is trial 1 with value: 3.8183391094207764.
LOCAL_RANK: 0 - CUDA_VISIBLE_DEVICES: [0]
[I 2023-12-27 10:59:16,662] Trial 17 finished with value: 11.327953338623047 and parameters: {'gradient_clip_val': 0.9602244343036115, 'hidden_size': 11, 'dropout': 0.11800000107084124, 'hidden_continuous_size': 6, 'attention_head_size': 3, 'learning_rate': 0.01055687690010403}. Best is trial 1 with value: 3.8183391094207764.
LOCAL_RANK: 0 - CUDA_VISIBLE_DEVICES: [0]
[I 2023-12-27 10:59:17,074] Trial 18 finished with value: 13.740307807922363 and parameters: {'gradient_clip_val': 0.18869730469812368, 'hidden_size': 5, 'dropout': 0.2785065497549892, 'hidden_continuous_size': 5, 'attention_head_size': 2, 'learning_rate': 0.0018559079970410736}. Best is trial 1 with value: 3.8183391094207764.
LOCAL_RANK: 0 - CUDA_VISIBLE_DEVICES: [0]
[I 2023-12-27 10:59:17,537] Trial 19 finished with value: 9.143613815307617 and parameters: {'gradient_clip_val': 0.6560778099567264, 'hidden_size': 41, 'dropout': 0.19718748422317134, 'hidden_continuous_size': 11, 'attention_head_size': 1, 'learning_rate': 0.0040367867217076655}. Best is trial 1 with value: 3.8183391094207764.
LOCAL_RANK: 0 - CUDA_VISIBLE_DEVICES: [0]
[I 2023-12-27 10:59:18,060] Trial 20 finished with value: 11.01049518585205 and parameters: {'gradient_clip_val': 0.3654967692039107, 'hidden_size': 16, 'dropout': 0.32747524111989584, 'hidden_continuous_size': 6, 'attention_head_size': 4, 'learning_rate': 0.0064311682084745355}. Best is trial 1 with value: 3.8183391094207764.
LOCAL_RANK: 0 - CUDA_VISIBLE_DEVICES: [0]
[I 2023-12-27 10:59:18,539] Trial 21 finished with value: 11.854911804199219 and parameters: {'gradient_clip_val': 0.3598196949705847, 'hidden_size': 17, 'dropout': 0.13539552573575406, 'hidden_continuous_size': 5, 'attention_head_size': 2, 'learning_rate': 0.0018641126219761494}. Best is trial 1 with value: 3.8183391094207764.
LOCAL_RANK: 0 - CUDA_VISIBLE_DEVICES: [0]
[I 2023-12-27 10:59:19,007] Trial 22 finished with value: 12.834220886230469 and parameters: {'gradient_clip_val': 0.4829154455461325, 'hidden_size': 10, 'dropout': 0.14710720062740584, 'hidden_continuous_size': 5, 'attention_head_size': 2, 'learning_rate': 0.0011595842317554314}. Best is trial 1 with value: 3.8183391094207764.
LOCAL_RANK: 0 - CUDA_VISIBLE_DEVICES: [0]
[I 2023-12-27 10:59:19,449] Trial 23 finished with value: 10.121474266052246 and parameters: {'gradient_clip_val': 0.7645309059571715, 'hidden_size': 18, 'dropout': 0.1009318833340167, 'hidden_continuous_size': 5, 'attention_head_size': 2, 'learning_rate': 0.000786453674018969}. Best is trial 1 with value: 3.8183391094207764.
LOCAL_RANK: 0 - CUDA_VISIBLE_DEVICES: [0]
[I 2023-12-27 10:59:19,934] Trial 24 finished with value: 12.512005805969238 and parameters: {'gradient_clip_val': 0.5302824262597639, 'hidden_size': 12, 'dropout': 0.16680818792617716, 'hidden_continuous_size': 6, 'attention_head_size': 3, 'learning_rate': 0.0025050449354287797}. Best is trial 1 with value: 3.8183391094207764.
LOCAL_RANK: 0 - CUDA_VISIBLE_DEVICES: [0]
[I 2023-12-27 10:59:20,392] Trial 25 finished with value: 11.963271141052246 and parameters: {'gradient_clip_val': 0.3747169474599285, 'hidden_size': 8, 'dropout': 0.26209420167476166, 'hidden_continuous_size': 5, 'attention_head_size': 2, 'learning_rate': 0.0010480158732347979}. Best is trial 1 with value: 3.8183391094207764.
LOCAL_RANK: 0 - CUDA_VISIBLE_DEVICES: [0]
[I 2023-12-27 10:59:20,845] Trial 26 finished with value: 9.97619915008545 and parameters: {'gradient_clip_val': 0.7712778725210062, 'hidden_size': 22, 'dropout': 0.19592690589252096, 'hidden_continuous_size': 7, 'attention_head_size': 1, 'learning_rate': 0.002612413428277329}. Best is trial 1 with value: 3.8183391094207764.
LOCAL_RANK: 0 - CUDA_VISIBLE_DEVICES: [0]
[I 2023-12-27 10:59:21,599] Trial 27 finished with value: 11.06815242767334 and parameters: {'gradient_clip_val': 0.5534338843718059, 'hidden_size': 14, 'dropout': 0.2436284255276857, 'hidden_continuous_size': 6, 'attention_head_size': 3, 'learning_rate': 0.004932510902912137}. Best is trial 1 with value: 3.8183391094207764.
LOCAL_RANK: 0 - CUDA_VISIBLE_DEVICES: [0]
[I 2023-12-27 10:59:22,046] Trial 28 finished with value: 13.043899536132812 and parameters: {'gradient_clip_val': 0.427083466721581, 'hidden_size': 10, 'dropout': 0.2196033935187353, 'hidden_continuous_size': 5, 'attention_head_size': 2, 'learning_rate': 0.0013511053858118983}. Best is trial 1 with value: 3.8183391094207764.
LOCAL_RANK: 0 - CUDA_VISIBLE_DEVICES: [0]
[I 2023-12-27 10:59:22,501] Trial 29 finished with value: 13.4763822555542 and parameters: {'gradient_clip_val': 0.30660005948300134, 'hidden_size': 9, 'dropout': 0.27636385534677865, 'hidden_continuous_size': 5, 'attention_head_size': 3, 'learning_rate': 0.0020395221204882546}. Best is trial 1 with value: 3.8183391094207764.
LOCAL_RANK: 0 - CUDA_VISIBLE_DEVICES: [0]
[I 2023-12-27 10:59:22,949] Trial 30 finished with value: 11.807422637939453 and parameters: {'gradient_clip_val': 0.6824023921160007, 'hidden_size': 18, 'dropout': 0.31440750169159853, 'hidden_continuous_size': 8, 'attention_head_size': 2, 'learning_rate': 0.003447804709626265}. Best is trial 1 with value: 3.8183391094207764.
LOCAL_RANK: 0 - CUDA_VISIBLE_DEVICES: [0]
[I 2023-12-27 10:59:23,385] Trial 31 finished with value: 10.692910194396973 and parameters: {'gradient_clip_val': 0.47181635827329615, 'hidden_size': 8, 'dropout': 0.16513405279361462, 'hidden_continuous_size': 5, 'attention_head_size': 4, 'learning_rate': 0.008871152911459892}. Best is trial 1 with value: 3.8183391094207764.
LOCAL_RANK: 0 - CUDA_VISIBLE_DEVICES: [0]
[I 2023-12-27 10:59:23,828] Trial 32 finished with value: 13.041531562805176 and parameters: {'gradient_clip_val': 0.43438997433289434, 'hidden_size': 8, 'dropout': 0.16822947760834692, 'hidden_continuous_size': 5, 'attention_head_size': 4, 'learning_rate': 0.0025975906234355873}. Best is trial 1 with value: 3.8183391094207764.
LOCAL_RANK: 0 - CUDA_VISIBLE_DEVICES: [0]
[I 2023-12-27 10:59:24,285] Trial 33 finished with value: 9.133537292480469 and parameters: {'gradient_clip_val': 0.5175018334704933, 'hidden_size': 6, 'dropout': 0.12908253672729794, 'hidden_continuous_size': 5, 'attention_head_size': 3, 'learning_rate': 0.005112584363739756}. Best is trial 1 with value: 3.8183391094207764.
LOCAL_RANK: 0 - CUDA_VISIBLE_DEVICES: [0]
[I 2023-12-27 10:59:24,745] Trial 34 finished with value: 11.310272216796875 and parameters: {'gradient_clip_val': 0.4030798286818642, 'hidden_size': 13, 'dropout': 0.10399846666705098, 'hidden_continuous_size': 6, 'attention_head_size': 3, 'learning_rate': 0.014086934988807368}. Best is trial 1 with value: 3.8183391094207764.
LOCAL_RANK: 0 - CUDA_VISIBLE_DEVICES: [0]
[I 2023-12-27 10:59:25,196] Trial 35 finished with value: 10.16010570526123 and parameters: {'gradient_clip_val': 0.33014492850370136, 'hidden_size': 7, 'dropout': 0.37364207768046126, 'hidden_continuous_size': 5, 'attention_head_size': 3, 'learning_rate': 0.006638621570158157}. Best is trial 1 with value: 3.8183391094207764.
LOCAL_RANK: 0 - CUDA_VISIBLE_DEVICES: [0]
[I 2023-12-27 10:59:25,651] Trial 36 finished with value: 13.835564613342285 and parameters: {'gradient_clip_val': 0.27729356012808093, 'hidden_size': 14, 'dropout': 0.15152952721418497, 'hidden_continuous_size': 6, 'attention_head_size': 2, 'learning_rate': 0.020514141479931903}. Best is trial 1 with value: 3.8183391094207764.
LOCAL_RANK: 0 - CUDA_VISIBLE_DEVICES: [0]
[I 2023-12-27 10:59:26,122] Trial 37 finished with value: 10.662014961242676 and parameters: {'gradient_clip_val': 0.4791690065315132, 'hidden_size': 10, 'dropout': 0.41249179296680877, 'hidden_continuous_size': 6, 'attention_head_size': 3, 'learning_rate': 0.004392329230841435}. Best is trial 1 with value: 3.8183391094207764.
LOCAL_RANK: 0 - CUDA_VISIBLE_DEVICES: [0]
[I 2023-12-27 10:59:26,577] Trial 38 finished with value: 11.338231086730957 and parameters: {'gradient_clip_val': 0.25783866962614654, 'hidden_size': 6, 'dropout': 0.3055732158442202, 'hidden_continuous_size': 5, 'attention_head_size': 4, 'learning_rate': 0.014465989164890792}. Best is trial 1 with value: 3.8183391094207764.
LOCAL_RANK: 0 - CUDA_VISIBLE_DEVICES: [0]
[I 2023-12-27 10:59:27,037] Trial 39 finished with value: 10.384188652038574 and parameters: {'gradient_clip_val': 0.3406938099117472, 'hidden_size': 15, 'dropout': 0.2593161232261062, 'hidden_continuous_size': 7, 'attention_head_size': 1, 'learning_rate': 0.0014159021490127769}. Best is trial 1 with value: 3.8183391094207764.
LOCAL_RANK: 0 - CUDA_VISIBLE_DEVICES: [0]
[I 2023-12-27 10:59:27,751] Trial 40 finished with value: 7.706441402435303 and parameters: {'gradient_clip_val': 0.22450771434723002, 'hidden_size': 12, 'dropout': 0.22506346080109219, 'hidden_continuous_size': 8, 'attention_head_size': 2, 'learning_rate': 0.028541400259796276}. Best is trial 1 with value: 3.8183391094207764.
LOCAL_RANK: 0 - CUDA_VISIBLE_DEVICES: [0]
[I 2023-12-27 10:59:28,199] Trial 41 finished with value: 12.825851440429688 and parameters: {'gradient_clip_val': 0.21789551357278408, 'hidden_size': 12, 'dropout': 0.228058152802631, 'hidden_continuous_size': 8, 'attention_head_size': 2, 'learning_rate': 0.0323975411153252}. Best is trial 1 with value: 3.8183391094207764.
LOCAL_RANK: 0 - CUDA_VISIBLE_DEVICES: [0]
[I 2023-12-27 10:59:28,655] Trial 42 finished with value: 12.295921325683594 and parameters: {'gradient_clip_val': 0.3098729256680295, 'hidden_size': 9, 'dropout': 0.1775780275054565, 'hidden_continuous_size': 7, 'attention_head_size': 2, 'learning_rate': 0.021868341372712173}. Best is trial 1 with value: 3.8183391094207764.
LOCAL_RANK: 0 - CUDA_VISIBLE_DEVICES: [0]
[I 2023-12-27 10:59:29,104] Trial 43 finished with value: 12.78477954864502 and parameters: {'gradient_clip_val': 0.1379965421531851, 'hidden_size': 19, 'dropout': 0.23535150408559008, 'hidden_continuous_size': 9, 'attention_head_size': 2, 'learning_rate': 0.042435894244570754}. Best is trial 1 with value: 3.8183391094207764.
LOCAL_RANK: 0 - CUDA_VISIBLE_DEVICES: [0]
[I 2023-12-27 10:59:29,600] Trial 44 finished with value: 13.325210571289062 and parameters: {'gradient_clip_val': 0.2136627119255523, 'hidden_size': 27, 'dropout': 0.2150490970095152, 'hidden_continuous_size': 8, 'attention_head_size': 2, 'learning_rate': 0.007890332656543991}. Best is trial 1 with value: 3.8183391094207764.
LOCAL_RANK: 0 - CUDA_VISIBLE_DEVICES: [0]
[I 2023-12-27 10:59:30,048] Trial 45 finished with value: 15.86458683013916 and parameters: {'gradient_clip_val': 0.2905796453822172, 'hidden_size': 13, 'dropout': 0.18541763104080744, 'hidden_continuous_size': 9, 'attention_head_size': 1, 'learning_rate': 0.010988354551227115}. Best is trial 1 with value: 3.8183391094207764.
LOCAL_RANK: 0 - CUDA_VISIBLE_DEVICES: [0]
[I 2023-12-27 10:59:30,509] Trial 46 finished with value: 12.01430892944336 and parameters: {'gradient_clip_val': 0.40489475461264207, 'hidden_size': 15, 'dropout': 0.21174494257742676, 'hidden_continuous_size': 10, 'attention_head_size': 2, 'learning_rate': 0.005811825424577716}. Best is trial 1 with value: 3.8183391094207764.
LOCAL_RANK: 0 - CUDA_VISIBLE_DEVICES: [0]
[I 2023-12-27 10:59:31,007] Trial 47 finished with value: 9.596555709838867 and parameters: {'gradient_clip_val': 0.23789312920808178, 'hidden_size': 21, 'dropout': 0.24970931736929633, 'hidden_continuous_size': 7, 'attention_head_size': 3, 'learning_rate': 0.0038597132709377265}. Best is trial 1 with value: 3.8183391094207764.
LOCAL_RANK: 0 - CUDA_VISIBLE_DEVICES: [0]
[I 2023-12-27 10:59:31,504] Trial 48 finished with value: 16.628463745117188 and parameters: {'gradient_clip_val': 0.5953782742583138, 'hidden_size': 25, 'dropout': 0.2706135119488222, 'hidden_continuous_size': 12, 'attention_head_size': 4, 'learning_rate': 0.045859266236484016}. Best is trial 1 with value: 3.8183391094207764.
LOCAL_RANK: 0 - CUDA_VISIBLE_DEVICES: [0]
[I 2023-12-27 10:59:31,964] Trial 49 finished with value: 15.594515800476074 and parameters: {'gradient_clip_val': 0.8566419078505743, 'hidden_size': 11, 'dropout': 0.2872242254470847, 'hidden_continuous_size': 8, 'attention_head_size': 2, 'learning_rate': 0.009397892519541231}. Best is trial 1 with value: 3.8183391094207764.
[I 2023-12-27 10:59:32,097] A new study created in memory with name: no-name-28ec92b8-a2ad-4bf7-a90f-d260340a0f29
/home/le004/conda/anaconda3/envs/tsff_env/lib/python3.9/site-packages/lightning/fabric/plugins/environments/slurm.py:191: The `srun` command is available on your system but is not used. HINT: If your intention is to run Lightning on SLURM, prepend your python command with `srun` like so: srun python /home/le004/master_thesis/git/TSFusionForecast/code/ ...
LOCAL_RANK: 0 - CUDA_VISIBLE_DEVICES: [0]
[I 2023-12-27 11:00:02,573] Trial 0 finished with value: 5.580170154571533 and parameters: {'gradient_clip_val': 0.11305743067462741, 'hidden_size': 122, 'dropout': 0.3097022318044742, 'hidden_continuous_size': 8, 'attention_head_size': 3, 'learning_rate': 0.002059178503506706}. Best is trial 0 with value: 5.580170154571533.
LOCAL_RANK: 0 - CUDA_VISIBLE_DEVICES: [0]
[I 2023-12-27 11:00:12,011] Trial 1 finished with value: 29.946348190307617 and parameters: {'gradient_clip_val': 0.5066766055197096, 'hidden_size': 15, 'dropout': 0.18523332099945816, 'hidden_continuous_size': 14, 'attention_head_size': 3, 'learning_rate': 0.002854412373700263}. Best is trial 0 with value: 5.580170154571533.
LOCAL_RANK: 0 - CUDA_VISIBLE_DEVICES: [0]
