[I 2023-12-26 16:26:39,237] Trial 8 finished with value: 2.540168285369873 and parameters: {'gradient_clip_val': 0.24299492759379446, 'hidden_size': 5, 'dropout': 0.36956642897972725, 'hidden_continuous_size': 5, 'attention_head_size': 2, 'learning_rate': 0.03191068410650616}. Best is trial 0 with value: 0.08874877542257309.
[I 2023-12-26 16:26:40,996] Trial 9 finished with value: 2.1405928134918213 and parameters: {'gradient_clip_val': 0.30059676898198057, 'hidden_size': 5, 'dropout': 0.31925145379520814, 'hidden_continuous_size': 5, 'attention_head_size': 2, 'learning_rate': 0.001259664855571176}. Best is trial 0 with value: 0.08874877542257309.
[I 2023-12-26 16:26:51,068] Trial 10 finished with value: 1.614145278930664 and parameters: {'gradient_clip_val': 0.1051972833049532, 'hidden_size': 150, 'dropout': 0.2552690973649189, 'hidden_continuous_size': 44, 'attention_head_size': 4, 'learning_rate': 0.08712321872723022}. Best is trial 0 with value: 0.08874877542257309.
[I 2023-12-26 16:27:01,956] Trial 11 finished with value: 1.9647303819656372 and parameters: {'gradient_clip_val': 0.10778990294357214, 'hidden_size': 148, 'dropout': 0.25149495449746817, 'hidden_continuous_size': 47, 'attention_head_size': 4, 'learning_rate': 0.0743505927905787}. Best is trial 0 with value: 0.08874877542257309.
[I 2023-12-26 16:27:12,358] Trial 12 finished with value: 1.720698356628418 and parameters: {'gradient_clip_val': 0.14428346654139584, 'hidden_size': 146, 'dropout': 0.2939597993599707, 'hidden_continuous_size': 39, 'attention_head_size': 4, 'learning_rate': 0.09339310967679487}. Best is trial 0 with value: 0.08874877542257309.
[I 2023-12-26 16:27:14,706] Trial 13 finished with value: 3.4772942066192627 and parameters: {'gradient_clip_val': 0.1056712538100526, 'hidden_size': 18, 'dropout': 0.3867912720732416, 'hidden_continuous_size': 15, 'attention_head_size': 4, 'learning_rate': 0.0239183055819713}. Best is trial 0 with value: 0.08874877542257309.
[I 2023-12-26 16:27:21,414] Trial 14 finished with value: 2.205134153366089 and parameters: {'gradient_clip_val': 0.14127595273691249, 'hidden_size': 83, 'dropout': 0.49695358103406095, 'hidden_continuous_size': 75, 'attention_head_size': 4, 'learning_rate': 0.03986189925791734}. Best is trial 0 with value: 0.08874877542257309.
[I 2023-12-26 16:27:24,387] Trial 15 finished with value: 3.137701988220215 and parameters: {'gradient_clip_val': 0.15755464215708784, 'hidden_size': 34, 'dropout': 0.24104145215771025, 'hidden_continuous_size': 20, 'attention_head_size': 3, 'learning_rate': 0.013284912916885876}. Best is trial 0 with value: 0.08874877542257309.
[I 2023-12-26 16:27:31,198] Trial 16 finished with value: 2.3605973720550537 and parameters: {'gradient_clip_val': 0.1020068460088118, 'hidden_size': 94, 'dropout': 0.35165891823904666, 'hidden_continuous_size': 30, 'attention_head_size': 1, 'learning_rate': 0.05828590607330439}. Best is trial 0 with value: 0.08874877542257309.
[I 2023-12-26 16:27:33,382] Trial 17 finished with value: 2.322036027908325 and parameters: {'gradient_clip_val': 0.17608321589617748, 'hidden_size': 12, 'dropout': 0.10006626157382137, 'hidden_continuous_size': 8, 'attention_head_size': 4, 'learning_rate': 0.02066548997330523}. Best is trial 0 with value: 0.08874877542257309.
[I 2023-12-26 16:27:36,558] Trial 18 finished with value: 1.98426353931427 and parameters: {'gradient_clip_val': 0.19785889092839806, 'hidden_size': 41, 'dropout': 0.40687854333607826, 'hidden_continuous_size': 11, 'attention_head_size': 3, 'learning_rate': 0.0469213038291862}. Best is trial 0 with value: 0.08874877542257309.
[I 2023-12-26 16:27:39,298] Trial 19 finished with value: 2.5507400035858154 and parameters: {'gradient_clip_val': 0.13225452124329404, 'hidden_size': 29, 'dropout': 0.3205434073654059, 'hidden_continuous_size': 9, 'attention_head_size': 4, 'learning_rate': 0.09162113995501142}. Best is trial 0 with value: 0.08874877542257309.
[I 2023-12-26 16:27:47,099] Trial 20 finished with value: 2.6693875789642334 and parameters: {'gradient_clip_val': 0.1352276322535803, 'hidden_size': 107, 'dropout': 0.271027886624001, 'hidden_continuous_size': 28, 'attention_head_size': 3, 'learning_rate': 0.03801904402354331}. Best is trial 0 with value: 0.08874877542257309.
[I 2023-12-26 16:27:57,491] Trial 21 finished with value: 2.0831806659698486 and parameters: {'gradient_clip_val': 0.13695516211537728, 'hidden_size': 146, 'dropout': 0.2986372357908987, 'hidden_continuous_size': 41, 'attention_head_size': 4, 'learning_rate': 0.06367125016681424}. Best is trial 0 with value: 0.08874877542257309.
[I 2023-12-26 16:28:01,573] Trial 22 finished with value: 2.2444376945495605 and parameters: {'gradient_clip_val': 0.10032396088780597, 'hidden_size': 51, 'dropout': 0.28422027156406143, 'hidden_continuous_size': 26, 'attention_head_size': 4, 'learning_rate': 0.07457157841295252}. Best is trial 0 with value: 0.08874877542257309.
[I 2023-12-26 16:28:07,022] Trial 23 finished with value: 1.6748847961425781 and parameters: {'gradient_clip_val': 0.15776977755922192, 'hidden_size': 73, 'dropout': 0.34184192193967544, 'hidden_continuous_size': 40, 'attention_head_size': 4, 'learning_rate': 0.09513015724431503}. Best is trial 0 with value: 0.08874877542257309.
[I 2023-12-26 16:28:12,610] Trial 24 finished with value: 1.5367841720581055 and parameters: {'gradient_clip_val': 0.16819189331668952, 'hidden_size': 71, 'dropout': 0.3479553492840276, 'hidden_continuous_size': 56, 'attention_head_size': 4, 'learning_rate': 0.09583015370809153}. Best is trial 0 with value: 0.08874877542257309.
[I 2023-12-26 16:28:16,687] Trial 25 finished with value: 3.515925645828247 and parameters: {'gradient_clip_val': 0.1306296080940309, 'hidden_size': 47, 'dropout': 0.40611816010827306, 'hidden_continuous_size': 22, 'attention_head_size': 3, 'learning_rate': 0.04957970165933097}. Best is trial 0 with value: 0.08874877542257309.
[I 2023-12-26 16:28:24,832] Trial 26 finished with value: 2.307886838912964 and parameters: {'gradient_clip_val': 0.17338688260902468, 'hidden_size': 106, 'dropout': 0.34548481346455123, 'hidden_continuous_size': 68, 'attention_head_size': 4, 'learning_rate': 0.025416706596217375}. Best is trial 0 with value: 0.08874877542257309.
[I 2023-12-26 16:28:30,132] Trial 27 finished with value: 2.062706232070923 and parameters: {'gradient_clip_val': 0.12391618394555481, 'hidden_size': 68, 'dropout': 0.22897042948522195, 'hidden_continuous_size': 54, 'attention_head_size': 3, 'learning_rate': 0.016829430566622887}. Best is trial 0 with value: 0.08874877542257309.
[I 2023-12-26 16:28:33,707] Trial 28 finished with value: 3.622908592224121 and parameters: {'gradient_clip_val': 0.1147548194753947, 'hidden_size': 45, 'dropout': 0.4961528466803425, 'hidden_continuous_size': 34, 'attention_head_size': 4, 'learning_rate': 0.02934009430012303}. Best is trial 0 with value: 0.08874877542257309.
[I 2023-12-26 16:28:39,720] Trial 29 finished with value: 1.8554471731185913 and parameters: {'gradient_clip_val': 0.3899718927416396, 'hidden_size': 80, 'dropout': 0.3897754431308119, 'hidden_continuous_size': 63, 'attention_head_size': 3, 'learning_rate': 0.05129517391265815}. Best is trial 0 with value: 0.08874877542257309.
[I 2023-12-26 16:28:44,284] Trial 30 finished with value: 3.1471080780029297 and parameters: {'gradient_clip_val': 0.20683541114988652, 'hidden_size': 60, 'dropout': 0.42548524434515456, 'hidden_continuous_size': 48, 'attention_head_size': 4, 'learning_rate': 0.008301009724033744}. Best is trial 0 with value: 0.08874877542257309.
[I 2023-12-26 16:28:50,702] Trial 31 finished with value: 1.6448379755020142 and parameters: {'gradient_clip_val': 0.15352223481311833, 'hidden_size': 81, 'dropout': 0.3449057685254341, 'hidden_continuous_size': 62, 'attention_head_size': 4, 'learning_rate': 0.09218354033375627}. Best is trial 0 with value: 0.08874877542257309.
[I 2023-12-26 16:28:59,782] Trial 32 finished with value: 1.948412299156189 and parameters: {'gradient_clip_val': 0.1566908934396545, 'hidden_size': 116, 'dropout': 0.31532738306185654, 'hidden_continuous_size': 96, 'attention_head_size': 4, 'learning_rate': 0.05539794239388512}. Best is trial 0 with value: 0.08874877542257309.
[I 2023-12-26 16:29:06,511] Trial 33 finished with value: 1.7900019884109497 and parameters: {'gradient_clip_val': 0.12301266265231325, 'hidden_size': 87, 'dropout': 0.3671434302881659, 'hidden_continuous_size': 57, 'attention_head_size': 4, 'learning_rate': 0.038143988519752224}. Best is trial 0 with value: 0.08874877542257309.
[I 2023-12-26 16:29:11,916] Trial 34 finished with value: 2.681014060974121 and parameters: {'gradient_clip_val': 0.11885575260648014, 'hidden_size': 66, 'dropout': 0.2684546965822449, 'hidden_continuous_size': 34, 'attention_head_size': 4, 'learning_rate': 0.06674622516848093}. Best is trial 0 with value: 0.08874877542257309.
[I 2023-12-26 16:29:16,915] Trial 35 finished with value: 2.1125521659851074 and parameters: {'gradient_clip_val': 0.21558674461716207, 'hidden_size': 60, 'dropout': 0.4430229750769689, 'hidden_continuous_size': 24, 'attention_head_size': 3, 'learning_rate': 0.0995399763310538}. Best is trial 0 with value: 0.08874877542257309.
[I 2023-12-26 16:29:21,297] Trial 36 finished with value: 2.6972129344940186 and parameters: {'gradient_clip_val': 0.1689603800121547, 'hidden_size': 55, 'dropout': 0.1970700929925619, 'hidden_continuous_size': 33, 'attention_head_size': 4, 'learning_rate': 0.018147102152970905}. Best is trial 0 with value: 0.08874877542257309.
[I 2023-12-26 16:29:30,184] Trial 37 finished with value: 2.5150833129882812 and parameters: {'gradient_clip_val': 0.18314003122412353, 'hidden_size': 115, 'dropout': 0.33446586903618764, 'hidden_continuous_size': 84, 'attention_head_size': 1, 'learning_rate': 0.0306968496030525}. Best is trial 0 with value: 0.08874877542257309.
[I 2023-12-26 16:29:33,457] Trial 38 finished with value: 2.3581790924072266 and parameters: {'gradient_clip_val': 0.11223772807363729, 'hidden_size': 40, 'dropout': 0.36818171066113553, 'hidden_continuous_size': 17, 'attention_head_size': 3, 'learning_rate': 0.07092799529229202}. Best is trial 0 with value: 0.08874877542257309.
[I 2023-12-26 16:29:39,661] Trial 39 finished with value: 1.7511471509933472 and parameters: {'gradient_clip_val': 0.23480771512198884, 'hidden_size': 79, 'dropout': 0.3056284508563396, 'hidden_continuous_size': 58, 'attention_head_size': 4, 'learning_rate': 0.04256959674832173}. Best is trial 0 with value: 0.08874877542257309.
[I 2023-12-26 16:29:47,017] Trial 40 finished with value: 2.8129875659942627 and parameters: {'gradient_clip_val': 0.2760131877569648, 'hidden_size': 94, 'dropout': 0.45567592908194293, 'hidden_continuous_size': 72, 'attention_head_size': 3, 'learning_rate': 0.005522116293411752}. Best is trial 0 with value: 0.08874877542257309.
[I 2023-12-26 16:29:52,386] Trial 41 finished with value: 1.9974220991134644 and parameters: {'gradient_clip_val': 0.15538120753347937, 'hidden_size': 72, 'dropout': 0.3411913253023812, 'hidden_continuous_size': 49, 'attention_head_size': 4, 'learning_rate': 0.09471154158363955}. Best is trial 0 with value: 0.08874877542257309.
[I 2023-12-26 16:29:57,580] Trial 42 finished with value: 2.1993839740753174 and parameters: {'gradient_clip_val': 0.14781011694785726, 'hidden_size': 68, 'dropout': 0.31976047986546013, 'hidden_continuous_size': 41, 'attention_head_size': 4, 'learning_rate': 0.07622991552138214}. Best is trial 0 with value: 0.08874877542257309.
[I 2023-12-26 16:30:01,597] Trial 43 finished with value: 2.8453128337860107 and parameters: {'gradient_clip_val': 0.11780737048491866, 'hidden_size': 51, 'dropout': 0.33230364228238884, 'hidden_continuous_size': 41, 'attention_head_size': 4, 'learning_rate': 0.0991666631907399}. Best is trial 0 with value: 0.08874877542257309.
[I 2023-12-26 16:30:11,748] Trial 44 finished with value: 2.0231738090515137 and parameters: {'gradient_clip_val': 0.1897054262041002, 'hidden_size': 123, 'dropout': 0.28046199170393077, 'hidden_continuous_size': 117, 'attention_head_size': 4, 'learning_rate': 0.053064276727635876}. Best is trial 0 with value: 0.08874877542257309.
[I 2023-12-26 16:30:19,461] Trial 45 finished with value: 1.6894844770431519 and parameters: {'gradient_clip_val': 0.14884881719166554, 'hidden_size': 95, 'dropout': 0.3529522287781444, 'hidden_continuous_size': 53, 'attention_head_size': 4, 'learning_rate': 0.06716635730041365}. Best is trial 0 with value: 0.08874877542257309.
[I 2023-12-26 16:30:31,081] Trial 46 finished with value: 1.506418228149414 and parameters: {'gradient_clip_val': 0.16495817066775548, 'hidden_size': 132, 'dropout': 0.3832796526408232, 'hidden_continuous_size': 64, 'attention_head_size': 4, 'learning_rate': 0.07766147353405373}. Best is trial 0 with value: 0.08874877542257309.
[I 2023-12-26 16:30:41,394] Trial 47 finished with value: 2.703444480895996 and parameters: {'gradient_clip_val': 0.10943765128239012, 'hidden_size': 132, 'dropout': 0.38733296034021386, 'hidden_continuous_size': 65, 'attention_head_size': 2, 'learning_rate': 0.036943846654301726}. Best is trial 0 with value: 0.08874877542257309.
[I 2023-12-26 16:30:52,693] Trial 48 finished with value: 2.2042171955108643 and parameters: {'gradient_clip_val': 0.10118982393431543, 'hidden_size': 127, 'dropout': 0.42470599174876145, 'hidden_continuous_size': 81, 'attention_head_size': 4, 'learning_rate': 0.0573381903833765}. Best is trial 0 with value: 0.08874877542257309.
[I 2023-12-26 16:31:00,308] Trial 49 finished with value: 2.379871368408203 and parameters: {'gradient_clip_val': 0.12759997256176644, 'hidden_size': 101, 'dropout': 0.36270931048227967, 'hidden_continuous_size': 61, 'attention_head_size': 2, 'learning_rate': 0.07539949715193754}. Best is trial 0 with value: 0.08874877542257309.
[I 2023-12-26 16:31:00,439] A new study created in memory with name: no-name-67a2ed7e-fbf2-42a1-a2e9-d56c1274ee53
/home/le004/conda/anaconda3/envs/tsff_env/lib/python3.9/site-packages/lightning/fabric/plugins/environments/slurm.py:191: The `srun` command is available on your system but is not used. HINT: If your intention is to run Lightning on SLURM, prepend your python command with `srun` like so: srun python /home/le004/master_thesis/git/TSFusionForecast/code/ ...
[I 2023-12-26 16:35:11,722] Trial 0 finished with value: 0.12863987684249878 and parameters: {'gradient_clip_val': 0.11020730592274379, 'hidden_size': 26, 'dropout': 0.49432574492648906, 'hidden_continuous_size': 12, 'attention_head_size': 1, 'learning_rate': 0.002639859128623661}. Best is trial 0 with value: 0.12863987684249878.
[I 2023-12-26 16:35:13,713] Trial 1 finished with value: 2.272430419921875 and parameters: {'gradient_clip_val': 0.3581772981112162, 'hidden_size': 11, 'dropout': 0.4437255177336099, 'hidden_continuous_size': 7, 'attention_head_size': 2, 'learning_rate': 0.004105868415963131}. Best is trial 0 with value: 0.12863987684249878.
[I 2023-12-26 16:35:15,532] Trial 2 finished with value: 2.0960662364959717 and parameters: {'gradient_clip_val': 0.19230385051064397, 'hidden_size': 8, 'dropout': 0.44911276083980667, 'hidden_continuous_size': 5, 'attention_head_size': 2, 'learning_rate': 0.043449950692584775}. Best is trial 0 with value: 0.12863987684249878.
[I 2023-12-26 16:35:17,520] Trial 3 finished with value: 2.6145918369293213 and parameters: {'gradient_clip_val': 0.22901857742243165, 'hidden_size': 11, 'dropout': 0.13619268964226847, 'hidden_continuous_size': 6, 'attention_head_size': 3, 'learning_rate': 0.005451519234835441}. Best is trial 0 with value: 0.12863987684249878.
[I 2023-12-26 16:35:19,258] Trial 4 finished with value: 2.4038572311401367 and parameters: {'gradient_clip_val': 0.3785163536568781, 'hidden_size': 5, 'dropout': 0.13689020441094463, 'hidden_continuous_size': 5, 'attention_head_size': 4, 'learning_rate': 0.01383374239472821}. Best is trial 0 with value: 0.12863987684249878.
[I 2023-12-26 16:35:21,418] Trial 5 finished with value: 3.2932522296905518 and parameters: {'gradient_clip_val': 0.11277645454851076, 'hidden_size': 22, 'dropout': 0.2027352471585073, 'hidden_continuous_size': 5, 'attention_head_size': 2, 'learning_rate': 0.0008395759722982281}. Best is trial 0 with value: 0.12863987684249878.
[I 2023-12-26 16:35:23,966] Trial 6 finished with value: 2.3835580348968506 and parameters: {'gradient_clip_val': 0.36385743473458554, 'hidden_size': 37, 'dropout': 0.47566593219913245, 'hidden_continuous_size': 6, 'attention_head_size': 2, 'learning_rate': 0.003434413967284129}. Best is trial 0 with value: 0.12863987684249878.
[I 2023-12-26 16:35:25,809] Trial 7 finished with value: 2.6428585052490234 and parameters: {'gradient_clip_val': 0.15708720477802882, 'hidden_size': 16, 'dropout': 0.2964330929130683, 'hidden_continuous_size': 6, 'attention_head_size': 1, 'learning_rate': 0.05608183161938187}. Best is trial 0 with value: 0.12863987684249878.
[I 2023-12-26 16:35:29,496] Trial 8 finished with value: 1.7336622476577759 and parameters: {'gradient_clip_val': 0.3033341856663473, 'hidden_size': 62, 'dropout': 0.46967059250233956, 'hidden_continuous_size': 62, 'attention_head_size': 4, 'learning_rate': 0.0702044995207545}. Best is trial 0 with value: 0.12863987684249878.
[I 2023-12-26 16:35:34,157] Trial 9 finished with value: 3.1069953441619873 and parameters: {'gradient_clip_val': 0.5082531818489454, 'hidden_size': 80, 'dropout': 0.46288333059788933, 'hidden_continuous_size': 18, 'attention_head_size': 3, 'learning_rate': 0.08484376633279318}. Best is trial 0 with value: 0.12863987684249878.
[I 2023-12-26 16:35:40,751] Trial 10 finished with value: 2.5014612674713135 and parameters: {'gradient_clip_val': 0.8073782640535381, 'hidden_size': 111, 'dropout': 0.37079054067196765, 'hidden_continuous_size': 15, 'attention_head_size': 1, 'learning_rate': 0.0006839191897498005}. Best is trial 0 with value: 0.12863987684249878.
[I 2023-12-26 16:35:43,833] Trial 11 finished with value: 2.7016685009002686 and parameters: {'gradient_clip_val': 0.1083851543437173, 'hidden_size': 45, 'dropout': 0.4983677946014985, 'hidden_continuous_size': 43, 'attention_head_size': 4, 'learning_rate': 0.014624584128361854}. Best is trial 0 with value: 0.12863987684249878.
[I 2023-12-26 16:35:47,239] Trial 12 finished with value: 3.1302506923675537 and parameters: {'gradient_clip_val': 0.23930443124444736, 'hidden_size': 54, 'dropout': 0.3953870978662488, 'hidden_continuous_size': 52, 'attention_head_size': 4, 'learning_rate': 0.0020995395921086213}. Best is trial 0 with value: 0.12863987684249878.
[I 2023-12-26 16:35:49,576] Trial 13 finished with value: 2.192307472229004 and parameters: {'gradient_clip_val': 0.1725971681405773, 'hidden_size': 28, 'dropout': 0.3835070016040532, 'hidden_continuous_size': 9, 'attention_head_size': 3, 'learning_rate': 0.027053408231752}. Best is trial 0 with value: 0.12863987684249878.
[I 2023-12-26 16:35:58,320] Trial 14 finished with value: 2.8201510906219482 and parameters: {'gradient_clip_val': 0.10020627889047501, 'hidden_size': 138, 'dropout': 0.49103967637249857, 'hidden_continuous_size': 88, 'attention_head_size': 1, 'learning_rate': 0.010872184672277503}. Best is trial 0 with value: 0.12863987684249878.
[I 2023-12-26 16:36:01,931] Trial 15 finished with value: 1.9037014245986938 and parameters: {'gradient_clip_val': 0.14821114388150075, 'hidden_size': 65, 'dropout': 0.31502680326614996, 'hidden_continuous_size': 20, 'attention_head_size': 3, 'learning_rate': 0.09315197077101976}. Best is trial 0 with value: 0.12863987684249878.
[I 2023-12-26 16:36:04,466] Trial 16 finished with value: 1.4908369779586792 and parameters: {'gradient_clip_val': 0.26577765941214904, 'hidden_size': 31, 'dropout': 0.4308328784885364, 'hidden_continuous_size': 11, 'attention_head_size': 4, 'learning_rate': 0.027208176166546243}. Best is trial 0 with value: 0.12863987684249878.
[I 2023-12-26 16:36:06,908] Trial 17 finished with value: 2.1138741970062256 and parameters: {'gradient_clip_val': 0.14937523016061166, 'hidden_size': 34, 'dropout': 0.4106590647061887, 'hidden_continuous_size': 11, 'attention_head_size': 1, 'learning_rate': 0.030399185632345678}. Best is trial 0 with value: 0.12863987684249878.
[I 2023-12-26 16:36:09,078] Trial 18 finished with value: 1.898760199546814 and parameters: {'gradient_clip_val': 0.2393428830608034, 'hidden_size': 21, 'dropout': 0.4278865760906293, 'hidden_continuous_size': 10, 'attention_head_size': 2, 'learning_rate': 0.008627703364132105}. Best is trial 0 with value: 0.12863987684249878.
[I 2023-12-26 16:36:11,524] Trial 19 finished with value: 2.779397964477539 and parameters: {'gradient_clip_val': 0.12923772676524606, 'hidden_size': 30, 'dropout': 0.49625429784663067, 'hidden_continuous_size': 9, 'attention_head_size': 3, 'learning_rate': 0.0020520380345494006}. Best is trial 0 with value: 0.12863987684249878.
[I 2023-12-26 16:36:14,214] Trial 20 finished with value: 2.8901994228363037 and parameters: {'gradient_clip_val': 0.18911781776339887, 'hidden_size': 42, 'dropout': 0.3549333671176891, 'hidden_continuous_size': 13, 'attention_head_size': 1, 'learning_rate': 0.01974814254547832}. Best is trial 0 with value: 0.12863987684249878.
[I 2023-12-26 16:36:18,030] Trial 21 finished with value: 2.335709810256958 and parameters: {'gradient_clip_val': 0.3006292845900993, 'hidden_size': 64, 'dropout': 0.4321777365170258, 'hidden_continuous_size': 22, 'attention_head_size': 4, 'learning_rate': 0.053383244528265573}. Best is trial 0 with value: 0.12863987684249878.
[I 2023-12-26 16:36:20,872] Trial 22 finished with value: 2.462472438812256 and parameters: {'gradient_clip_val': 0.2698221601508493, 'hidden_size': 43, 'dropout': 0.45842119694348826, 'hidden_continuous_size': 12, 'attention_head_size': 4, 'learning_rate': 0.03408896168540048}. Best is trial 0 with value: 0.12863987684249878.
