[I 2023-12-26 15:30:24,955] Trial 34 finished with value: 2.603259801864624 and parameters: {'gradient_clip_val': 0.5561303246966858, 'hidden_size': 114, 'dropout': 0.4172843063721344, 'hidden_continuous_size': 41, 'attention_head_size': 3, 'learning_rate': 0.09450629446489645}. Best is trial 0 with value: 0.03720485791563988.
[I 2023-12-26 15:30:32,851] Trial 35 finished with value: 5.2836456298828125 and parameters: {'gradient_clip_val': 0.5555692648256566, 'hidden_size': 94, 'dropout': 0.4043186375713487, 'hidden_continuous_size': 29, 'attention_head_size': 3, 'learning_rate': 0.0594425408552539}. Best is trial 0 with value: 0.03720485791563988.
[I 2023-12-26 15:30:42,936] Trial 36 finished with value: 4.935565948486328 and parameters: {'gradient_clip_val': 0.6915492017898013, 'hidden_size': 126, 'dropout': 0.10984554939119548, 'hidden_continuous_size': 24, 'attention_head_size': 2, 'learning_rate': 0.04280965426731116}. Best is trial 0 with value: 0.03720485791563988.
[I 2023-12-26 15:30:50,025] Trial 37 finished with value: 4.698310375213623 and parameters: {'gradient_clip_val': 0.86110308958895, 'hidden_size': 81, 'dropout': 0.13124944387404644, 'hidden_continuous_size': 33, 'attention_head_size': 4, 'learning_rate': 0.029682532899085255}. Best is trial 0 with value: 0.03720485791563988.
[I 2023-12-26 15:30:52,498] Trial 38 finished with value: 5.946588039398193 and parameters: {'gradient_clip_val': 0.4749097222317906, 'hidden_size': 12, 'dropout': 0.41160784522536276, 'hidden_continuous_size': 8, 'attention_head_size': 1, 'learning_rate': 0.04968025392842247}. Best is trial 0 with value: 0.03720485791563988.
[I 2023-12-26 15:31:02,011] Trial 39 finished with value: 4.095312118530273 and parameters: {'gradient_clip_val': 0.5633317969677746, 'hidden_size': 111, 'dropout': 0.47235388982573395, 'hidden_continuous_size': 13, 'attention_head_size': 3, 'learning_rate': 0.062427358004835364}. Best is trial 0 with value: 0.03720485791563988.
[I 2023-12-26 15:31:07,893] Trial 40 finished with value: 6.533348560333252 and parameters: {'gradient_clip_val': 0.8481420362786716, 'hidden_size': 61, 'dropout': 0.4997825746279406, 'hidden_continuous_size': 19, 'attention_head_size': 3, 'learning_rate': 0.0997360503037909}. Best is trial 0 with value: 0.03720485791563988.
[I 2023-12-26 15:31:18,181] Trial 41 finished with value: 4.43930196762085 and parameters: {'gradient_clip_val': 0.6687749345733426, 'hidden_size': 122, 'dropout': 0.35502223497587143, 'hidden_continuous_size': 48, 'attention_head_size': 3, 'learning_rate': 0.09570035484594341}. Best is trial 0 with value: 0.03720485791563988.
[I 2023-12-26 15:31:27,242] Trial 42 finished with value: 3.7750015258789062 and parameters: {'gradient_clip_val': 0.29061936361510454, 'hidden_size': 101, 'dropout': 0.3866751833386315, 'hidden_continuous_size': 41, 'attention_head_size': 3, 'learning_rate': 0.07455534344956168}. Best is trial 0 with value: 0.03720485791563988.
[I 2023-12-26 15:31:34,706] Trial 43 finished with value: 4.327110767364502 and parameters: {'gradient_clip_val': 0.4122494959496216, 'hidden_size': 84, 'dropout': 0.31265528045203567, 'hidden_continuous_size': 40, 'attention_head_size': 2, 'learning_rate': 0.04543271604307334}. Best is trial 0 with value: 0.03720485791563988.
[I 2023-12-26 15:31:44,957] Trial 44 finished with value: 4.296813488006592 and parameters: {'gradient_clip_val': 0.5212654522481492, 'hidden_size': 122, 'dropout': 0.43464845579863814, 'hidden_continuous_size': 61, 'attention_head_size': 3, 'learning_rate': 0.0996544424729415}. Best is trial 0 with value: 0.03720485791563988.
[I 2023-12-26 15:31:50,969] Trial 45 finished with value: 4.2729058265686035 and parameters: {'gradient_clip_val': 0.6296016002098863, 'hidden_size': 72, 'dropout': 0.3420131075092856, 'hidden_continuous_size': 10, 'attention_head_size': 2, 'learning_rate': 0.0349524652823276}. Best is trial 0 with value: 0.03720485791563988.
[I 2023-12-26 15:31:58,832] Trial 46 finished with value: 4.246684551239014 and parameters: {'gradient_clip_val': 0.9340569719716845, 'hidden_size': 92, 'dropout': 0.41583334370897534, 'hidden_continuous_size': 25, 'attention_head_size': 4, 'learning_rate': 0.01764383162023174}. Best is trial 0 with value: 0.03720485791563988.
[I 2023-12-26 15:32:09,314] Trial 47 finished with value: 5.0475640296936035 and parameters: {'gradient_clip_val': 0.7377976457835942, 'hidden_size': 132, 'dropout': 0.19232494509699746, 'hidden_continuous_size': 7, 'attention_head_size': 3, 'learning_rate': 0.0661292890380501}. Best is trial 0 with value: 0.03720485791563988.
[I 2023-12-26 15:32:18,698] Trial 48 finished with value: 3.4387800693511963 and parameters: {'gradient_clip_val': 0.25357536668324643, 'hidden_size': 109, 'dropout': 0.39544521068487676, 'hidden_continuous_size': 47, 'attention_head_size': 4, 'learning_rate': 0.04996346650769888}. Best is trial 0 with value: 0.03720485791563988.
[I 2023-12-26 15:32:23,493] Trial 49 finished with value: 5.428107738494873 and parameters: {'gradient_clip_val': 0.5961552380214922, 'hidden_size': 54, 'dropout': 0.35793722080449675, 'hidden_continuous_size': 14, 'attention_head_size': 3, 'learning_rate': 0.02688015397753228}. Best is trial 0 with value: 0.03720485791563988.
[I 2023-12-26 15:32:23,624] A new study created in memory with name: no-name-e11c2e58-bc62-4f47-8985-d4357648e931
/home/le004/conda/anaconda3/envs/tsff_env/lib/python3.9/site-packages/lightning/fabric/plugins/environments/slurm.py:191: The `srun` command is available on your system but is not used. HINT: If your intention is to run Lightning on SLURM, prepend your python command with `srun` like so: srun python /home/le004/master_thesis/git/TSFusionForecast/code/ ...
[I 2023-12-26 15:41:26,252] Trial 0 finished with value: 0.032552409917116165 and parameters: {'gradient_clip_val': 0.3764019802096409, 'hidden_size': 50, 'dropout': 0.46223406931748123, 'hidden_continuous_size': 20, 'attention_head_size': 3, 'learning_rate': 0.0007846098975353485}. Best is trial 0 with value: 0.032552409917116165.
[I 2023-12-26 15:43:10,883] Trial 1 finished with value: 0.06789775937795639 and parameters: {'gradient_clip_val': 0.3460702170695401, 'hidden_size': 37, 'dropout': 0.2574856149391076, 'hidden_continuous_size': 19, 'attention_head_size': 3, 'learning_rate': 0.0011409298049330629}. Best is trial 0 with value: 0.032552409917116165.
[I 2023-12-26 15:43:14,606] Trial 2 finished with value: 1.0835965871810913 and parameters: {'gradient_clip_val': 0.2691767857896837, 'hidden_size': 31, 'dropout': 0.11080913417752734, 'hidden_continuous_size': 5, 'attention_head_size': 4, 'learning_rate': 0.009050952873378523}. Best is trial 0 with value: 0.032552409917116165.
[I 2023-12-26 15:43:26,558] Trial 3 finished with value: 0.9799377918243408 and parameters: {'gradient_clip_val': 0.1886314895490036, 'hidden_size': 133, 'dropout': 0.4677708502671266, 'hidden_continuous_size': 120, 'attention_head_size': 1, 'learning_rate': 0.004370410058856767}. Best is trial 0 with value: 0.032552409917116165.
[I 2023-12-26 15:43:33,055] Trial 4 finished with value: 0.9353888630867004 and parameters: {'gradient_clip_val': 0.10498404443627804, 'hidden_size': 78, 'dropout': 0.4837875881382129, 'hidden_continuous_size': 15, 'attention_head_size': 3, 'learning_rate': 0.04736249373986784}. Best is trial 0 with value: 0.032552409917116165.
[I 2023-12-26 15:43:37,146] Trial 5 finished with value: 1.0937345027923584 and parameters: {'gradient_clip_val': 0.10907345575189853, 'hidden_size': 47, 'dropout': 0.10824459302827849, 'hidden_continuous_size': 9, 'attention_head_size': 1, 'learning_rate': 0.00223818930129719}. Best is trial 0 with value: 0.032552409917116165.
[I 2023-12-26 15:43:39,204] Trial 6 finished with value: 1.2354336977005005 and parameters: {'gradient_clip_val': 0.30722676577635777, 'hidden_size': 10, 'dropout': 0.3865621404947074, 'hidden_continuous_size': 6, 'attention_head_size': 1, 'learning_rate': 0.02746810696903147}. Best is trial 0 with value: 0.032552409917116165.
[I 2023-12-26 15:43:41,058] Trial 7 finished with value: 1.081512212753296 and parameters: {'gradient_clip_val': 0.21913795545652867, 'hidden_size': 8, 'dropout': 0.29501804191062586, 'hidden_continuous_size': 6, 'attention_head_size': 3, 'learning_rate': 0.0005775199175125335}. Best is trial 0 with value: 0.032552409917116165.
[I 2023-12-26 15:43:49,636] Trial 8 finished with value: 0.9946938157081604 and parameters: {'gradient_clip_val': 0.8517752173802569, 'hidden_size': 128, 'dropout': 0.1586829556435929, 'hidden_continuous_size': 15, 'attention_head_size': 3, 'learning_rate': 0.004268610914754522}. Best is trial 0 with value: 0.032552409917116165.
[I 2023-12-26 15:43:52,617] Trial 9 finished with value: 1.0422757863998413 and parameters: {'gradient_clip_val': 0.15842447930035014, 'hidden_size': 34, 'dropout': 0.10792694347176086, 'hidden_continuous_size': 7, 'attention_head_size': 2, 'learning_rate': 0.0006936585592117656}. Best is trial 0 with value: 0.032552409917116165.
[I 2023-12-26 15:43:54,795] Trial 10 finished with value: 1.290446400642395 and parameters: {'gradient_clip_val': 0.5368472519695441, 'hidden_size': 18, 'dropout': 0.390839958686885, 'hidden_continuous_size': 10, 'attention_head_size': 4, 'learning_rate': 0.0013491479180609875}. Best is trial 0 with value: 0.032552409917116165.
[I 2023-12-26 15:43:58,209] Trial 11 finished with value: 1.2744134664535522 and parameters: {'gradient_clip_val': 0.42465022989888646, 'hidden_size': 55, 'dropout': 0.25915172608824444, 'hidden_continuous_size': 25, 'attention_head_size': 2, 'learning_rate': 0.0005174511609497053}. Best is trial 0 with value: 0.032552409917116165.
[I 2023-12-26 15:44:00,545] Trial 12 finished with value: 1.3012187480926514 and parameters: {'gradient_clip_val': 0.3998452890964413, 'hidden_size': 20, 'dropout': 0.22761945651093357, 'hidden_continuous_size': 19, 'attention_head_size': 3, 'learning_rate': 0.0014447997065249723}. Best is trial 0 with value: 0.032552409917116165.
[I 2023-12-26 15:44:02,309] Trial 13 finished with value: 1.20575749874115 and parameters: {'gradient_clip_val': 0.569365854837056, 'hidden_size': 5, 'dropout': 0.3336414603715746, 'hidden_continuous_size': 5, 'attention_head_size': 4, 'learning_rate': 0.0013414047076422211}. Best is trial 0 with value: 0.032552409917116165.
[I 2023-12-26 15:44:07,207] Trial 14 finished with value: 1.542850136756897 and parameters: {'gradient_clip_val': 0.3472125943809546, 'hidden_size': 75, 'dropout': 0.20873512054603044, 'hidden_continuous_size': 26, 'attention_head_size': 2, 'learning_rate': 0.0024529264506351384}. Best is trial 0 with value: 0.032552409917116165.
[I 2023-12-26 15:44:09,891] Trial 15 finished with value: 0.9779191017150879 and parameters: {'gradient_clip_val': 0.26888350757312723, 'hidden_size': 27, 'dropout': 0.34601035179511697, 'hidden_continuous_size': 14, 'attention_head_size': 3, 'learning_rate': 0.0007857669106324138}. Best is trial 0 with value: 0.032552409917116165.
[I 2023-12-26 15:44:12,869] Trial 16 finished with value: 1.2060528993606567 and parameters: {'gradient_clip_val': 0.45453408575970206, 'hidden_size': 45, 'dropout': 0.43926524699190556, 'hidden_continuous_size': 25, 'attention_head_size': 2, 'learning_rate': 0.010453715364198998}. Best is trial 0 with value: 0.032552409917116165.
[I 2023-12-26 15:44:15,343] Trial 17 finished with value: 1.0529597997665405 and parameters: {'gradient_clip_val': 0.7394783483990013, 'hidden_size': 19, 'dropout': 0.4930272895189355, 'hidden_continuous_size': 12, 'attention_head_size': 4, 'learning_rate': 0.0010903965115687114}. Best is trial 0 with value: 0.032552409917116165.
[I 2023-12-26 15:44:22,431] Trial 18 finished with value: 0.7560860514640808 and parameters: {'gradient_clip_val': 0.9891832972240253, 'hidden_size': 84, 'dropout': 0.29086998094860045, 'hidden_continuous_size': 36, 'attention_head_size': 3, 'learning_rate': 0.0024136901912739494}. Best is trial 0 with value: 0.032552409917116165.
[I 2023-12-26 15:44:26,643] Trial 19 finished with value: 0.8170649409294128 and parameters: {'gradient_clip_val': 0.34542476962926344, 'hidden_size': 42, 'dropout': 0.4281022308044946, 'hidden_continuous_size': 11, 'attention_head_size': 2, 'learning_rate': 0.0009171918104087785}. Best is trial 0 with value: 0.032552409917116165.
[I 2023-12-26 15:44:31,751] Trial 20 finished with value: 0.9422974586486816 and parameters: {'gradient_clip_val': 0.6204556806618152, 'hidden_size': 60, 'dropout': 0.36134220771175124, 'hidden_continuous_size': 19, 'attention_head_size': 4, 'learning_rate': 0.0005098534104113475}. Best is trial 0 with value: 0.032552409917116165.
[I 2023-12-26 15:44:37,783] Trial 21 finished with value: 1.3453162908554077 and parameters: {'gradient_clip_val': 0.8503983744126737, 'hidden_size': 73, 'dropout': 0.29176966677330723, 'hidden_continuous_size': 36, 'attention_head_size': 3, 'learning_rate': 0.0024222963689050545}. Best is trial 0 with value: 0.032552409917116165.
[I 2023-12-26 15:44:45,594] Trial 22 finished with value: 1.5085278749465942 and parameters: {'gradient_clip_val': 0.6527346769485085, 'hidden_size': 100, 'dropout': 0.31032856484975435, 'hidden_continuous_size': 37, 'attention_head_size': 3, 'learning_rate': 0.001578860326939667}. Best is trial 0 with value: 0.032552409917116165.
[I 2023-12-26 15:44:52,604] Trial 23 finished with value: 1.1745957136154175 and parameters: {'gradient_clip_val': 0.960670542217772, 'hidden_size': 91, 'dropout': 0.26431225489005056, 'hidden_continuous_size': 37, 'attention_head_size': 3, 'learning_rate': 0.0009502002548811738}. Best is trial 0 with value: 0.032552409917116165.
[I 2023-12-26 15:44:56,143] Trial 24 finished with value: 1.1961745023727417 and parameters: {'gradient_clip_val': 0.5424848159347233, 'hidden_size': 57, 'dropout': 0.38206365047989643, 'hidden_continuous_size': 19, 'attention_head_size': 3, 'learning_rate': 0.0035170686473979425}. Best is trial 0 with value: 0.032552409917116165.
[I 2023-12-26 15:44:58,897] Trial 25 finished with value: 1.1415224075317383 and parameters: {'gradient_clip_val': 0.4613479242810692, 'hidden_size': 40, 'dropout': 0.3064684865707923, 'hidden_continuous_size': 17, 'attention_head_size': 2, 'learning_rate': 0.0020461114625607768}. Best is trial 0 with value: 0.032552409917116165.
[I 2023-12-26 15:45:06,933] Trial 26 finished with value: 1.239283800125122 and parameters: {'gradient_clip_val': 0.726479309086337, 'hidden_size': 111, 'dropout': 0.33217836000921114, 'hidden_continuous_size': 31, 'attention_head_size': 3, 'learning_rate': 0.0008855538869661513}. Best is trial 0 with value: 0.032552409917116165.
[I 2023-12-26 15:45:19,151] Trial 27 finished with value: 1.4468494653701782 and parameters: {'gradient_clip_val': 0.5142370983926227, 'hidden_size': 146, 'dropout': 0.2563085153741138, 'hidden_continuous_size': 50, 'attention_head_size': 4, 'learning_rate': 0.001194513879416183}. Best is trial 0 with value: 0.032552409917116165.
[I 2023-12-26 15:45:24,621] Trial 28 finished with value: 1.1495546102523804 and parameters: {'gradient_clip_val': 0.4127122187794095, 'hidden_size': 64, 'dropout': 0.41535698453429976, 'hidden_continuous_size': 12, 'attention_head_size': 3, 'learning_rate': 0.0007035676839844562}. Best is trial 0 with value: 0.032552409917116165.
[I 2023-12-26 15:45:28,026] Trial 29 finished with value: 1.687196135520935 and parameters: {'gradient_clip_val': 0.2770653496509878, 'hidden_size': 35, 'dropout': 0.4554549756276523, 'hidden_continuous_size': 17, 'attention_head_size': 4, 'learning_rate': 0.0063609271519996}. Best is trial 0 with value: 0.032552409917116165.
[I 2023-12-26 15:45:35,541] Trial 30 finished with value: 1.6477891206741333 and parameters: {'gradient_clip_val': 0.3648555902169815, 'hidden_size': 92, 'dropout': 0.49865428047773597, 'hidden_continuous_size': 22, 'attention_head_size': 2, 'learning_rate': 0.001858639881379857}. Best is trial 0 with value: 0.032552409917116165.
[I 2023-12-26 15:45:39,859] Trial 31 finished with value: 1.1095088720321655 and parameters: {'gradient_clip_val': 0.3280630435913582, 'hidden_size': 46, 'dropout': 0.4132266367202887, 'hidden_continuous_size': 9, 'attention_head_size': 2, 'learning_rate': 0.0009456946513362375}. Best is trial 0 with value: 0.032552409917116165.
[I 2023-12-26 15:45:42,980] Trial 32 finished with value: 0.9544098377227783 and parameters: {'gradient_clip_val': 0.470929266598885, 'hidden_size': 31, 'dropout': 0.45029849907794534, 'hidden_continuous_size': 13, 'attention_head_size': 2, 'learning_rate': 0.0009303788093460865}. Best is trial 0 with value: 0.032552409917116165.
[I 2023-12-26 15:45:46,807] Trial 33 finished with value: 1.4254183769226074 and parameters: {'gradient_clip_val': 0.37804767633537417, 'hidden_size': 40, 'dropout': 0.4680611336861453, 'hidden_continuous_size': 16, 'attention_head_size': 3, 'learning_rate': 0.0030554075758720657}. Best is trial 0 with value: 0.032552409917116165.
[I 2023-12-26 15:45:51,849] Trial 34 finished with value: 1.0235509872436523 and parameters: {'gradient_clip_val': 0.30156695923176025, 'hidden_size': 55, 'dropout': 0.4324283691299427, 'hidden_continuous_size': 12, 'attention_head_size': 1, 'learning_rate': 0.0016545350526767553}. Best is trial 0 with value: 0.032552409917116165.
[I 2023-12-26 15:45:58,871] Trial 35 finished with value: 1.3283909559249878 and parameters: {'gradient_clip_val': 0.23711164218305358, 'hidden_size': 77, 'dropout': 0.46900913726764015, 'hidden_continuous_size': 52, 'attention_head_size': 3, 'learning_rate': 0.0006986716289285461}. Best is trial 0 with value: 0.032552409917116165.
[I 2023-12-26 15:46:03,564] Trial 36 finished with value: 1.052176833152771 and parameters: {'gradient_clip_val': 0.3411986957256048, 'hidden_size': 50, 'dropout': 0.3643603173662191, 'hidden_continuous_size': 10, 'attention_head_size': 1, 'learning_rate': 0.0011719905013603303}. Best is trial 0 with value: 0.032552409917116165.
[I 2023-12-26 15:46:09,294] Trial 37 finished with value: 1.4814977645874023 and parameters: {'gradient_clip_val': 0.38337629277153173, 'hidden_size': 66, 'dropout': 0.4794786747407339, 'hidden_continuous_size': 20, 'attention_head_size': 3, 'learning_rate': 0.001606625312170532}. Best is trial 0 with value: 0.032552409917116165.
[I 2023-12-26 15:46:12,259] Trial 38 finished with value: 1.3068047761917114 and parameters: {'gradient_clip_val': 0.19911648226774886, 'hidden_size': 25, 'dropout': 0.41239909857414936, 'hidden_continuous_size': 14, 'attention_head_size': 2, 'learning_rate': 0.0006190878146086116}. Best is trial 0 with value: 0.032552409917116165.
[I 2023-12-26 15:46:21,415] Trial 39 finished with value: 1.1446245908737183 and parameters: {'gradient_clip_val': 0.2606159994059476, 'hidden_size': 121, 'dropout': 0.4320230418365194, 'hidden_continuous_size': 8, 'attention_head_size': 3, 'learning_rate': 0.002232748735406959}. Best is trial 0 with value: 0.032552409917116165.
[I 2023-12-26 15:46:24,654] Trial 40 finished with value: 1.0992779731750488 and parameters: {'gradient_clip_val': 0.29706491432440996, 'hidden_size': 42, 'dropout': 0.478879141460858, 'hidden_continuous_size': 16, 'attention_head_size': 2, 'learning_rate': 0.0008097490378606645}. Best is trial 0 with value: 0.032552409917116165.
[I 2023-12-26 15:46:31,951] Trial 41 finished with value: 1.0273312330245972 and parameters: {'gradient_clip_val': 0.10118536319572263, 'hidden_size': 87, 'dropout': 0.4968554646125335, 'hidden_continuous_size': 10, 'attention_head_size': 3, 'learning_rate': 0.07180532066760698}. Best is trial 0 with value: 0.032552409917116165.
[I 2023-12-26 15:46:36,494] Trial 42 finished with value: 1.6448332071304321 and parameters: {'gradient_clip_val': 0.13857432592249846, 'hidden_size': 53, 'dropout': 0.454920562988037, 'hidden_continuous_size': 15, 'attention_head_size': 3, 'learning_rate': 0.016821599440616956}. Best is trial 0 with value: 0.032552409917116165.
[I 2023-12-26 15:46:42,458] Trial 43 finished with value: 1.4513274431228638 and parameters: {'gradient_clip_val': 0.21944526590879476, 'hidden_size': 71, 'dropout': 0.40082919255944544, 'hidden_continuous_size': 22, 'attention_head_size': 3, 'learning_rate': 0.004202111688027527}. Best is trial 0 with value: 0.032552409917116165.
[I 2023-12-26 15:46:48,867] Trial 44 finished with value: 1.0882540941238403 and parameters: {'gradient_clip_val': 0.18016016642169724, 'hidden_size': 81, 'dropout': 0.43751992423734254, 'hidden_continuous_size': 11, 'attention_head_size': 3, 'learning_rate': 0.0012943595966287808}. Best is trial 0 with value: 0.032552409917116165.
[I 2023-12-26 15:46:54,056] Trial 45 finished with value: 1.5101909637451172 and parameters: {'gradient_clip_val': 0.1306123331187266, 'hidden_size': 62, 'dropout': 0.4766662075273779, 'hidden_continuous_size': 14, 'attention_head_size': 2, 'learning_rate': 0.0005948825958816649}. Best is trial 0 with value: 0.032552409917116165.
[I 2023-12-26 15:46:58,100] Trial 46 finished with value: 1.5777932405471802 and parameters: {'gradient_clip_val': 0.32989419966000194, 'hidden_size': 48, 'dropout': 0.20098870844120933, 'hidden_continuous_size': 16, 'attention_head_size': 3, 'learning_rate': 0.002818035554321344}. Best is trial 0 with value: 0.032552409917116165.
[I 2023-12-26 15:47:01,551] Trial 47 finished with value: 1.1605583429336548 and parameters: {'gradient_clip_val': 0.4226168532397955, 'hidden_size': 37, 'dropout': 0.38388516665362743, 'hidden_continuous_size': 13, 'attention_head_size': 4, 'learning_rate': 0.005320448792453669}. Best is trial 0 with value: 0.032552409917116165.
