[I 2023-12-26 15:07:24,974] Trial 1 finished with value: 2.810610771179199 and parameters: {'gradient_clip_val': 0.16671642536345235, 'hidden_size': 8, 'dropout': 0.3223523046425144, 'hidden_continuous_size': 5, 'attention_head_size': 2, 'learning_rate': 0.02390188313884928}. Best is trial 0 with value: 0.04986770823597908.
[I 2023-12-26 15:07:29,826] Trial 2 finished with value: 3.319514274597168 and parameters: {'gradient_clip_val': 0.31036738103626016, 'hidden_size': 86, 'dropout': 0.30435994053250215, 'hidden_continuous_size': 5, 'attention_head_size': 3, 'learning_rate': 0.0013132901284562417}. Best is trial 0 with value: 0.04986770823597908.
[I 2023-12-26 15:07:31,775] Trial 3 finished with value: 2.7806079387664795 and parameters: {'gradient_clip_val': 0.7223432313054452, 'hidden_size': 9, 'dropout': 0.4737944509315678, 'hidden_continuous_size': 8, 'attention_head_size': 4, 'learning_rate': 0.0028564078563138844}. Best is trial 0 with value: 0.04986770823597908.
[I 2023-12-26 15:07:40,751] Trial 4 finished with value: 2.688896894454956 and parameters: {'gradient_clip_val': 0.6472024223034841, 'hidden_size': 136, 'dropout': 0.1622607149573145, 'hidden_continuous_size': 122, 'attention_head_size': 3, 'learning_rate': 0.005307877025754602}. Best is trial 0 with value: 0.04986770823597908.
[I 2023-12-26 15:07:42,559] Trial 5 finished with value: 2.487804651260376 and parameters: {'gradient_clip_val': 0.3695328147246005, 'hidden_size': 6, 'dropout': 0.19841017986504408, 'hidden_continuous_size': 5, 'attention_head_size': 1, 'learning_rate': 0.009245549359097686}. Best is trial 0 with value: 0.04986770823597908.
[I 2023-12-26 15:07:44,549] Trial 6 finished with value: 3.2500007152557373 and parameters: {'gradient_clip_val': 0.5899371327475721, 'hidden_size': 17, 'dropout': 0.42836060255626385, 'hidden_continuous_size': 10, 'attention_head_size': 1, 'learning_rate': 0.0013055765487709886}. Best is trial 0 with value: 0.04986770823597908.
[I 2023-12-26 15:07:46,589] Trial 7 finished with value: 3.020226240158081 and parameters: {'gradient_clip_val': 0.11738563390545527, 'hidden_size': 18, 'dropout': 0.2497453098646811, 'hidden_continuous_size': 11, 'attention_head_size': 1, 'learning_rate': 0.01551916800732936}. Best is trial 0 with value: 0.04986770823597908.
[I 2023-12-26 15:07:49,637] Trial 8 finished with value: 2.5952188968658447 and parameters: {'gradient_clip_val': 0.11417574492469387, 'hidden_size': 52, 'dropout': 0.3792926621473639, 'hidden_continuous_size': 52, 'attention_head_size': 4, 'learning_rate': 0.02042224621138801}. Best is trial 0 with value: 0.04986770823597908.
[I 2023-12-26 15:07:52,375] Trial 9 finished with value: 3.3316328525543213 and parameters: {'gradient_clip_val': 0.4333362110633791, 'hidden_size': 39, 'dropout': 0.4129993408861087, 'hidden_continuous_size': 22, 'attention_head_size': 4, 'learning_rate': 0.027533526533474784}. Best is trial 0 with value: 0.04986770823597908.
[I 2023-12-26 15:07:54,538] Trial 10 finished with value: 4.378448009490967 and parameters: {'gradient_clip_val': 0.9414220898210371, 'hidden_size': 22, 'dropout': 0.10280294007287337, 'hidden_continuous_size': 7, 'attention_head_size': 2, 'learning_rate': 0.06979367893974861}. Best is trial 0 with value: 0.04986770823597908.
[I 2023-12-26 15:07:56,219] Trial 11 finished with value: 3.706580877304077 and parameters: {'gradient_clip_val': 0.3242173386610122, 'hidden_size': 5, 'dropout': 0.2229119685214101, 'hidden_continuous_size': 5, 'attention_head_size': 1, 'learning_rate': 0.08407473472006294}. Best is trial 0 with value: 0.04986770823597908.
[I 2023-12-26 15:07:58,441] Trial 12 finished with value: 2.8678719997406006 and parameters: {'gradient_clip_val': 0.3408909771364068, 'hidden_size': 11, 'dropout': 0.2203822948596431, 'hidden_continuous_size': 6, 'attention_head_size': 2, 'learning_rate': 0.00789143731849722}. Best is trial 0 with value: 0.04986770823597908.
[I 2023-12-26 15:08:00,109] Trial 13 finished with value: 2.570101737976074 and parameters: {'gradient_clip_val': 0.2393916018993048, 'hidden_size': 5, 'dropout': 0.16568864905640784, 'hidden_continuous_size': 5, 'attention_head_size': 1, 'learning_rate': 0.0005686510849024928}. Best is trial 0 with value: 0.04986770823597908.
[I 2023-12-26 15:08:02,094] Trial 14 finished with value: 3.7484524250030518 and parameters: {'gradient_clip_val': 0.4623394837960736, 'hidden_size': 12, 'dropout': 0.2662128352293186, 'hidden_continuous_size': 6, 'attention_head_size': 2, 'learning_rate': 0.09050441293053235}. Best is trial 0 with value: 0.04986770823597908.
[I 2023-12-26 15:08:04,549] Trial 15 finished with value: 3.0165958404541016 and parameters: {'gradient_clip_val': 0.4598428192087444, 'hidden_size': 31, 'dropout': 0.1671480345691219, 'hidden_continuous_size': 8, 'attention_head_size': 1, 'learning_rate': 0.032914330137715546}. Best is trial 0 with value: 0.04986770823597908.
[I 2023-12-26 15:08:06,406] Trial 16 finished with value: 2.319289207458496 and parameters: {'gradient_clip_val': 0.23371665615235526, 'hidden_size': 7, 'dropout': 0.33203413954091016, 'hidden_continuous_size': 5, 'attention_head_size': 1, 'learning_rate': 0.05061972438765473}. Best is trial 0 with value: 0.04986770823597908.
[I 2023-12-26 15:08:08,448] Trial 17 finished with value: 2.3683993816375732 and parameters: {'gradient_clip_val': 0.22637798055138614, 'hidden_size': 13, 'dropout': 0.3407281543301254, 'hidden_continuous_size': 6, 'attention_head_size': 3, 'learning_rate': 0.0474582404928522}. Best is trial 0 with value: 0.04986770823597908.
[I 2023-12-26 15:08:10,286] Trial 18 finished with value: 3.283546209335327 and parameters: {'gradient_clip_val': 0.24517305282492752, 'hidden_size': 8, 'dropout': 0.2709778564886442, 'hidden_continuous_size': 5, 'attention_head_size': 2, 'learning_rate': 0.04154880728140559}. Best is trial 0 with value: 0.04986770823597908.
[I 2023-12-26 15:08:12,329] Trial 19 finished with value: 2.9763481616973877 and parameters: {'gradient_clip_val': 0.18101016663978706, 'hidden_size': 14, 'dropout': 0.360434318052749, 'hidden_continuous_size': 6, 'attention_head_size': 1, 'learning_rate': 0.05148701632768037}. Best is trial 0 with value: 0.04986770823597908.
[I 2023-12-26 15:08:14,515] Trial 20 finished with value: 2.949727773666382 and parameters: {'gradient_clip_val': 0.5367658569010019, 'hidden_size': 22, 'dropout': 0.2908565840970502, 'hidden_continuous_size': 7, 'attention_head_size': 2, 'learning_rate': 0.09644234981331111}. Best is trial 0 with value: 0.04986770823597908.
[I 2023-12-26 15:08:16,591] Trial 21 finished with value: 3.23022198677063 and parameters: {'gradient_clip_val': 0.23904989879068342, 'hidden_size': 14, 'dropout': 0.3294272906227025, 'hidden_continuous_size': 6, 'attention_head_size': 3, 'learning_rate': 0.04907826757333021}. Best is trial 0 with value: 0.04986770823597908.
[I 2023-12-26 15:08:18,596] Trial 22 finished with value: 1.838257908821106 and parameters: {'gradient_clip_val': 0.2713749064314175, 'hidden_size': 10, 'dropout': 0.3509895457751107, 'hidden_continuous_size': 5, 'attention_head_size': 3, 'learning_rate': 0.05563975797146614}. Best is trial 0 with value: 0.04986770823597908.
[I 2023-12-26 15:08:20,513] Trial 23 finished with value: 3.005213499069214 and parameters: {'gradient_clip_val': 0.28323787412851203, 'hidden_size': 7, 'dropout': 0.29871081363625757, 'hidden_continuous_size': 5, 'attention_head_size': 3, 'learning_rate': 0.06273371308641484}. Best is trial 0 with value: 0.04986770823597908.
[I 2023-12-26 15:08:22,709] Trial 24 finished with value: 3.5975725650787354 and parameters: {'gradient_clip_val': 0.3933088749269038, 'hidden_size': 10, 'dropout': 0.3714365208487526, 'hidden_continuous_size': 5, 'attention_head_size': 2, 'learning_rate': 0.03484103954116452}. Best is trial 0 with value: 0.04986770823597908.
[I 2023-12-26 15:08:24,634] Trial 25 finished with value: 2.9888579845428467 and parameters: {'gradient_clip_val': 0.2821572252693519, 'hidden_size': 7, 'dropout': 0.3393730487634398, 'hidden_continuous_size': 5, 'attention_head_size': 3, 'learning_rate': 0.0154657371271446}. Best is trial 0 with value: 0.04986770823597908.
[I 2023-12-26 15:08:26,598] Trial 26 finished with value: 2.538195848464966 and parameters: {'gradient_clip_val': 0.3676535259488561, 'hidden_size': 10, 'dropout': 0.2858860881165946, 'hidden_continuous_size': 5, 'attention_head_size': 1, 'learning_rate': 0.056334761983528416}. Best is trial 0 with value: 0.04986770823597908.
[I 2023-12-26 15:08:28,349] Trial 27 finished with value: 3.853534698486328 and parameters: {'gradient_clip_val': 0.1720401905902886, 'hidden_size': 5, 'dropout': 0.39534964894359376, 'hidden_continuous_size': 5, 'attention_head_size': 4, 'learning_rate': 0.0904013768507262}. Best is trial 0 with value: 0.04986770823597908.
[I 2023-12-26 15:08:30,295] Trial 28 finished with value: 2.808046340942383 and parameters: {'gradient_clip_val': 0.502081957086354, 'hidden_size': 9, 'dropout': 0.31361675369712066, 'hidden_continuous_size': 6, 'attention_head_size': 2, 'learning_rate': 0.034702509902140896}. Best is trial 0 with value: 0.04986770823597908.
[I 2023-12-26 15:08:32,165] Trial 29 finished with value: 3.3486549854278564 and parameters: {'gradient_clip_val': 0.19565419757758742, 'hidden_size': 7, 'dropout': 0.3472465901385127, 'hidden_continuous_size': 5, 'attention_head_size': 1, 'learning_rate': 0.06435760327197028}. Best is trial 0 with value: 0.04986770823597908.
[I 2023-12-26 15:08:34,104] Trial 30 finished with value: 2.9531240463256836 and parameters: {'gradient_clip_val': 0.14516617016444447, 'hidden_size': 16, 'dropout': 0.3192275352742385, 'hidden_continuous_size': 7, 'attention_head_size': 3, 'learning_rate': 0.024660224586969915}. Best is trial 0 with value: 0.04986770823597908.
[I 2023-12-26 15:08:36,120] Trial 31 finished with value: 4.559342384338379 and parameters: {'gradient_clip_val': 0.21838656220767694, 'hidden_size': 12, 'dropout': 0.3449141731490968, 'hidden_continuous_size': 6, 'attention_head_size': 3, 'learning_rate': 0.04303391739607379}. Best is trial 0 with value: 0.04986770823597908.
[I 2023-12-26 15:08:38,184] Trial 32 finished with value: 2.597473621368408 and parameters: {'gradient_clip_val': 0.2828529857183629, 'hidden_size': 13, 'dropout': 0.3267842094571508, 'hidden_continuous_size': 6, 'attention_head_size': 3, 'learning_rate': 0.06113923330210478}. Best is trial 0 with value: 0.04986770823597908.
[I 2023-12-26 15:08:40,146] Trial 33 finished with value: 3.051523447036743 and parameters: {'gradient_clip_val': 0.2145405862283623, 'hidden_size': 9, 'dropout': 0.36143616467097334, 'hidden_continuous_size': 5, 'attention_head_size': 3, 'learning_rate': 0.04316538824905488}. Best is trial 0 with value: 0.04986770823597908.
[I 2023-12-26 15:08:42,183] Trial 34 finished with value: 2.7092339992523193 and parameters: {'gradient_clip_val': 0.14716281170905127, 'hidden_size': 10, 'dropout': 0.3120142545301748, 'hidden_continuous_size': 5, 'attention_head_size': 4, 'learning_rate': 0.09788055082689258}. Best is trial 0 with value: 0.04986770823597908.
[I 2023-12-26 15:08:44,287] Trial 35 finished with value: 3.0827853679656982 and parameters: {'gradient_clip_val': 0.3082432317981956, 'hidden_size': 8, 'dropout': 0.45029203245593463, 'hidden_continuous_size': 5, 'attention_head_size': 3, 'learning_rate': 0.02034766392738017}. Best is trial 0 with value: 0.04986770823597908.
[I 2023-12-26 15:08:46,177] Trial 36 finished with value: 2.9230425357818604 and parameters: {'gradient_clip_val': 0.39156962415680185, 'hidden_size': 6, 'dropout': 0.49736457583391414, 'hidden_continuous_size': 5, 'attention_head_size': 2, 'learning_rate': 0.0703802645489386}. Best is trial 0 with value: 0.04986770823597908.
[I 2023-12-26 15:08:48,108] Trial 37 finished with value: 2.795501947402954 and parameters: {'gradient_clip_val': 0.2639824529695531, 'hidden_size': 16, 'dropout': 0.3936122049157985, 'hidden_continuous_size': 7, 'attention_head_size': 3, 'learning_rate': 0.03322523700537315}. Best is trial 0 with value: 0.04986770823597908.
[I 2023-12-26 15:08:50,180] Trial 38 finished with value: 3.032465934753418 and parameters: {'gradient_clip_val': 0.3320287956447355, 'hidden_size': 19, 'dropout': 0.30489935392688633, 'hidden_continuous_size': 8, 'attention_head_size': 1, 'learning_rate': 0.04913048780664521}. Best is trial 0 with value: 0.04986770823597908.
[I 2023-12-26 15:08:52,268] Trial 39 finished with value: 3.037707567214966 and parameters: {'gradient_clip_val': 0.2010806614007256, 'hidden_size': 13, 'dropout': 0.38052201094064203, 'hidden_continuous_size': 6, 'attention_head_size': 4, 'learning_rate': 0.011682284023982505}. Best is trial 0 with value: 0.04986770823597908.
[I 2023-12-26 15:08:54,422] Trial 40 finished with value: 2.780254602432251 and parameters: {'gradient_clip_val': 0.22739516110496824, 'hidden_size': 15, 'dropout': 0.417992727929175, 'hidden_continuous_size': 9, 'attention_head_size': 3, 'learning_rate': 0.025634834611492855}. Best is trial 0 with value: 0.04986770823597908.
[I 2023-12-26 15:08:56,278] Trial 41 finished with value: 2.495823621749878 and parameters: {'gradient_clip_val': 0.3664877308244134, 'hidden_size': 6, 'dropout': 0.23301174277084685, 'hidden_continuous_size': 5, 'attention_head_size': 1, 'learning_rate': 0.004487943635173426}. Best is trial 0 with value: 0.04986770823597908.
[I 2023-12-26 15:08:58,262] Trial 42 finished with value: 3.616358995437622 and parameters: {'gradient_clip_val': 0.3067466456773131, 'hidden_size': 11, 'dropout': 0.2027883466874456, 'hidden_continuous_size': 6, 'attention_head_size': 1, 'learning_rate': 0.01651169994782753}. Best is trial 0 with value: 0.04986770823597908.
[I 2023-12-26 15:09:00,112] Trial 43 finished with value: 2.4422059059143066 and parameters: {'gradient_clip_val': 0.26727345070625413, 'hidden_size': 6, 'dropout': 0.25111733403413145, 'hidden_continuous_size': 5, 'attention_head_size': 1, 'learning_rate': 0.0689517401800527}. Best is trial 0 with value: 0.04986770823597908.
[I 2023-12-26 15:09:01,943] Trial 44 finished with value: 3.7316372394561768 and parameters: {'gradient_clip_val': 0.25642553622582315, 'hidden_size': 8, 'dropout': 0.25488609854502825, 'hidden_continuous_size': 5, 'attention_head_size': 1, 'learning_rate': 0.06664050332281063}. Best is trial 0 with value: 0.04986770823597908.
[I 2023-12-26 15:09:03,834] Trial 45 finished with value: 3.6009740829467773 and parameters: {'gradient_clip_val': 0.2581425543658195, 'hidden_size': 6, 'dropout': 0.29322589960721895, 'hidden_continuous_size': 5, 'attention_head_size': 2, 'learning_rate': 0.07533554837358675}. Best is trial 0 with value: 0.04986770823597908.
[I 2023-12-26 15:09:05,931] Trial 46 finished with value: 3.2710399627685547 and parameters: {'gradient_clip_val': 0.20189057608049463, 'hidden_size': 18, 'dropout': 0.2405103143037959, 'hidden_continuous_size': 11, 'attention_head_size': 1, 'learning_rate': 0.052479507287473984}. Best is trial 0 with value: 0.04986770823597908.
[I 2023-12-26 15:09:08,155] Trial 47 finished with value: 3.346986770629883 and parameters: {'gradient_clip_val': 0.22700761151545695, 'hidden_size': 11, 'dropout': 0.2665180293622643, 'hidden_continuous_size': 6, 'attention_head_size': 1, 'learning_rate': 0.07893791045443242}. Best is trial 0 with value: 0.04986770823597908.
[I 2023-12-26 15:09:10,135] Trial 48 finished with value: 3.322179079055786 and parameters: {'gradient_clip_val': 0.2981047503535134, 'hidden_size': 12, 'dropout': 0.28079651516011084, 'hidden_continuous_size': 7, 'attention_head_size': 1, 'learning_rate': 0.04112249628576631}. Best is trial 0 with value: 0.04986770823597908.
[I 2023-12-26 15:09:12,408] Trial 49 finished with value: 3.537566900253296 and parameters: {'gradient_clip_val': 0.34285907239199465, 'hidden_size': 25, 'dropout': 0.32795562580807797, 'hidden_continuous_size': 8, 'attention_head_size': 2, 'learning_rate': 0.030624130749607553}. Best is trial 0 with value: 0.04986770823597908.
[I 2023-12-26 15:09:12,527] A new study created in memory with name: no-name-014da033-4a1c-4768-af39-0dc46f1916a9
/home/le004/conda/anaconda3/envs/tsff_env/lib/python3.9/site-packages/lightning/fabric/plugins/environments/slurm.py:191: The `srun` command is available on your system but is not used. HINT: If your intention is to run Lightning on SLURM, prepend your python command with `srun` like so: srun python /home/le004/master_thesis/git/TSFusionForecast/code/ ...
[I 2023-12-26 15:13:13,389] Trial 0 finished with value: 0.6206055283546448 and parameters: {'gradient_clip_val': 0.5920023807918553, 'hidden_size': 5, 'dropout': 0.33915526140178986, 'hidden_continuous_size': 5, 'attention_head_size': 1, 'learning_rate': 0.0008618216632747066}. Best is trial 0 with value: 0.6206055283546448.
[I 2023-12-26 15:23:30,137] Trial 1 finished with value: 0.03091169334948063 and parameters: {'gradient_clip_val': 0.10746725777590575, 'hidden_size': 64, 'dropout': 0.16333142470925, 'hidden_continuous_size': 11, 'attention_head_size': 1, 'learning_rate': 0.0028316505792084206}. Best is trial 1 with value: 0.03091169334948063.
[I 2023-12-26 15:25:11,263] Trial 2 finished with value: 0.0380423404276371 and parameters: {'gradient_clip_val': 0.10078095802022524, 'hidden_size': 19, 'dropout': 0.3331711522254165, 'hidden_continuous_size': 10, 'attention_head_size': 2, 'learning_rate': 0.04534321721532297}. Best is trial 1 with value: 0.03091169334948063.
[I 2023-12-26 15:25:21,998] Trial 3 finished with value: 3.190871238708496 and parameters: {'gradient_clip_val': 0.49189597237560684, 'hidden_size': 132, 'dropout': 0.4949129577066548, 'hidden_continuous_size': 25, 'attention_head_size': 2, 'learning_rate': 0.009299050709668273}. Best is trial 1 with value: 0.03091169334948063.
[I 2023-12-26 15:25:32,315] Trial 4 finished with value: 3.556800603866577 and parameters: {'gradient_clip_val': 0.8338448488113759, 'hidden_size': 123, 'dropout': 0.11098797809933143, 'hidden_continuous_size': 28, 'attention_head_size': 3, 'learning_rate': 0.01572337235060902}. Best is trial 1 with value: 0.03091169334948063.
[I 2023-12-26 15:25:35,682] Trial 5 finished with value: 3.9064130783081055 and parameters: {'gradient_clip_val': 0.14120148157086695, 'hidden_size': 30, 'dropout': 0.15863224320604596, 'hidden_continuous_size': 6, 'attention_head_size': 2, 'learning_rate': 0.0009114036673504537}. Best is trial 1 with value: 0.03091169334948063.
[I 2023-12-26 15:25:38,795] Trial 6 finished with value: 3.4445908069610596 and parameters: {'gradient_clip_val': 0.764935591266672, 'hidden_size': 27, 'dropout': 0.40283886325184404, 'hidden_continuous_size': 9, 'attention_head_size': 1, 'learning_rate': 0.055251204736402854}. Best is trial 1 with value: 0.03091169334948063.
[I 2023-12-26 15:25:41,202] Trial 7 finished with value: 3.0958023071289062 and parameters: {'gradient_clip_val': 0.19244623673677905, 'hidden_size': 11, 'dropout': 0.40062626097334286, 'hidden_continuous_size': 6, 'attention_head_size': 2, 'learning_rate': 0.005164194720768396}. Best is trial 1 with value: 0.03091169334948063.
[I 2023-12-26 15:25:43,933] Trial 8 finished with value: 3.5687811374664307 and parameters: {'gradient_clip_val': 0.8835796919228786, 'hidden_size': 19, 'dropout': 0.26749582651922954, 'hidden_continuous_size': 8, 'attention_head_size': 4, 'learning_rate': 0.08192176469511207}. Best is trial 1 with value: 0.03091169334948063.
[I 2023-12-26 15:25:54,819] Trial 9 finished with value: 2.250673532485962 and parameters: {'gradient_clip_val': 0.15005159780971813, 'hidden_size': 127, 'dropout': 0.3488384927740542, 'hidden_continuous_size': 59, 'attention_head_size': 1, 'learning_rate': 0.0022244941312913025}. Best is trial 1 with value: 0.03091169334948063.
[I 2023-12-26 15:25:59,964] Trial 10 finished with value: 3.2539684772491455 and parameters: {'gradient_clip_val': 0.28885219169486814, 'hidden_size': 57, 'dropout': 0.21174659101138238, 'hidden_continuous_size': 15, 'attention_head_size': 4, 'learning_rate': 0.0024919874596630856}. Best is trial 1 with value: 0.03091169334948063.
[I 2023-12-26 15:26:05,776] Trial 11 finished with value: 3.3817694187164307 and parameters: {'gradient_clip_val': 0.10088894940665398, 'hidden_size': 59, 'dropout': 0.2499036656853189, 'hidden_continuous_size': 12, 'attention_head_size': 3, 'learning_rate': 0.024956909597047605}. Best is trial 1 with value: 0.03091169334948063.
[I 2023-12-26 15:26:10,327] Trial 12 finished with value: 3.3660061359405518 and parameters: {'gradient_clip_val': 0.10251032196143924, 'hidden_size': 51, 'dropout': 0.18800622217943266, 'hidden_continuous_size': 10, 'attention_head_size': 1, 'learning_rate': 0.03380899460322269}. Best is trial 1 with value: 0.03091169334948063.
[I 2023-12-26 15:26:12,979] Trial 13 finished with value: 3.6674423217773438 and parameters: {'gradient_clip_val': 0.23985029342622433, 'hidden_size': 15, 'dropout': 0.10359141884159245, 'hidden_continuous_size': 8, 'attention_head_size': 2, 'learning_rate': 0.09991736098629564}. Best is trial 1 with value: 0.03091169334948063.
[I 2023-12-26 15:26:15,505] Trial 14 finished with value: 2.506035089492798 and parameters: {'gradient_clip_val': 0.14495620678425933, 'hidden_size': 9, 'dropout': 0.27767019395535547, 'hidden_continuous_size': 5, 'attention_head_size': 3, 'learning_rate': 0.010574016010715389}. Best is trial 1 with value: 0.03091169334948063.
[I 2023-12-26 15:26:19,000] Trial 15 finished with value: 2.580637216567993 and parameters: {'gradient_clip_val': 0.3503987198095871, 'hidden_size': 36, 'dropout': 0.23792902616737566, 'hidden_continuous_size': 12, 'attention_head_size': 1, 'learning_rate': 0.029622506624174396}. Best is trial 1 with value: 0.03091169334948063.
