[I 2023-12-27 11:06:44,323] Trial 45 finished with value: 3.0260469913482666 and parameters: {'gradient_clip_val': 0.11724551260404993, 'hidden_size': 144, 'dropout': 0.27877634407917384, 'hidden_continuous_size': 57, 'attention_head_size': 3, 'learning_rate': 0.039874600025168544}. Best is trial 0 with value: 0.12823230028152466.
[I 2023-12-27 11:06:44,971] Trial 46 finished with value: 3.5393552780151367 and parameters: {'gradient_clip_val': 0.10779065442431393, 'hidden_size': 129, 'dropout': 0.28272055891423353, 'hidden_continuous_size': 60, 'attention_head_size': 4, 'learning_rate': 0.048503402751194566}. Best is trial 0 with value: 0.12823230028152466.
[I 2023-12-27 11:06:45,558] Trial 47 finished with value: 3.6138460636138916 and parameters: {'gradient_clip_val': 0.11946236066838704, 'hidden_size': 106, 'dropout': 0.24818161549106393, 'hidden_continuous_size': 84, 'attention_head_size': 3, 'learning_rate': 0.03328856177280627}. Best is trial 0 with value: 0.12823230028152466.
[I 2023-12-27 11:06:46,226] Trial 48 finished with value: 4.475241661071777 and parameters: {'gradient_clip_val': 0.14822677739446935, 'hidden_size': 139, 'dropout': 0.2706773780673951, 'hidden_continuous_size': 41, 'attention_head_size': 4, 'learning_rate': 0.044885624421189874}. Best is trial 0 with value: 0.12823230028152466.
[I 2023-12-27 11:06:46,637] Trial 49 finished with value: 4.101028919219971 and parameters: {'gradient_clip_val': 0.1138749866063883, 'hidden_size': 11, 'dropout': 0.3066684946394804, 'hidden_continuous_size': 8, 'attention_head_size': 3, 'learning_rate': 0.062165424263512375}. Best is trial 0 with value: 0.12823230028152466.
[I 2023-12-27 11:06:46,769] A new study created in memory with name: no-name-a0b9fc77-ae57-48d9-818f-2e91681a4bee
/home/le004/conda/anaconda3/envs/tsff_env/lib/python3.9/site-packages/lightning/fabric/plugins/environments/slurm.py:191: The `srun` command is available on your system but is not used. HINT: If your intention is to run Lightning on SLURM, prepend your python command with `srun` like so: srun python /home/le004/master_thesis/git/TSFusionForecast/code/ ...
[I 2023-12-27 11:07:16,461] Trial 0 finished with value: 0.23541176319122314 and parameters: {'gradient_clip_val': 0.22000453761867306, 'hidden_size': 7, 'dropout': 0.326684835188215, 'hidden_continuous_size': 7, 'attention_head_size': 2, 'learning_rate': 0.03492151656158608}. Best is trial 0 with value: 0.23541176319122314.
[I 2023-12-27 11:07:30,383] Trial 1 finished with value: 0.4124620854854584 and parameters: {'gradient_clip_val': 0.3003191000286975, 'hidden_size': 90, 'dropout': 0.28200280808555256, 'hidden_continuous_size': 8, 'attention_head_size': 1, 'learning_rate': 0.06809862139838704}. Best is trial 0 with value: 0.23541176319122314.
[I 2023-12-27 11:07:30,699] Trial 2 finished with value: 2.5154311656951904 and parameters: {'gradient_clip_val': 0.5547181995161932, 'hidden_size': 5, 'dropout': 0.24093673750526012, 'hidden_continuous_size': 5, 'attention_head_size': 4, 'learning_rate': 0.00474974754934024}. Best is trial 0 with value: 0.23541176319122314.
[I 2023-12-27 11:07:31,089] Trial 3 finished with value: 3.5084335803985596 and parameters: {'gradient_clip_val': 0.5526688040089578, 'hidden_size': 48, 'dropout': 0.15896402428023798, 'hidden_continuous_size': 5, 'attention_head_size': 4, 'learning_rate': 0.003837046234220943}. Best is trial 0 with value: 0.23541176319122314.
[I 2023-12-27 11:07:31,475] Trial 4 finished with value: 2.4306583404541016 and parameters: {'gradient_clip_val': 0.26720234750805605, 'hidden_size': 43, 'dropout': 0.153013016308759, 'hidden_continuous_size': 18, 'attention_head_size': 2, 'learning_rate': 0.0011259427362249495}. Best is trial 0 with value: 0.23541176319122314.
[I 2023-12-27 11:07:31,823] Trial 5 finished with value: 2.747972249984741 and parameters: {'gradient_clip_val': 0.24343403505556166, 'hidden_size': 9, 'dropout': 0.3535060138648235, 'hidden_continuous_size': 6, 'attention_head_size': 3, 'learning_rate': 0.004992294834489828}. Best is trial 0 with value: 0.23541176319122314.
[I 2023-12-27 11:07:32,153] Trial 6 finished with value: 4.116575241088867 and parameters: {'gradient_clip_val': 0.15623491364098066, 'hidden_size': 6, 'dropout': 0.10268622883466257, 'hidden_continuous_size': 5, 'attention_head_size': 1, 'learning_rate': 0.003395734963573611}. Best is trial 0 with value: 0.23541176319122314.
[I 2023-12-27 11:07:32,470] Trial 7 finished with value: 3.266289710998535 and parameters: {'gradient_clip_val': 0.10727133137243056, 'hidden_size': 6, 'dropout': 0.26319542428653464, 'hidden_continuous_size': 6, 'attention_head_size': 1, 'learning_rate': 0.00246295823893052}. Best is trial 0 with value: 0.23541176319122314.
[I 2023-12-27 11:07:32,954] Trial 8 finished with value: 3.6791772842407227 and parameters: {'gradient_clip_val': 0.4062161480282613, 'hidden_size': 113, 'dropout': 0.2286628469409807, 'hidden_continuous_size': 22, 'attention_head_size': 3, 'learning_rate': 0.001086670185904088}. Best is trial 0 with value: 0.23541176319122314.
[I 2023-12-27 11:07:33,416] Trial 9 finished with value: 3.503310203552246 and parameters: {'gradient_clip_val': 0.7981551431843309, 'hidden_size': 90, 'dropout': 0.23471807775404302, 'hidden_continuous_size': 42, 'attention_head_size': 4, 'learning_rate': 0.03931084034342825}. Best is trial 0 with value: 0.23541176319122314.
[I 2023-12-27 11:07:33,784] Trial 10 finished with value: 3.017864465713501 and parameters: {'gradient_clip_val': 0.18011645535739726, 'hidden_size': 14, 'dropout': 0.45332787543525155, 'hidden_continuous_size': 7, 'attention_head_size': 2, 'learning_rate': 0.018102689492037458}. Best is trial 0 with value: 0.23541176319122314.
[I 2023-12-27 11:07:34,144] Trial 11 finished with value: 2.5408105850219727 and parameters: {'gradient_clip_val': 0.31765214944100806, 'hidden_size': 19, 'dropout': 0.3490735671029638, 'hidden_continuous_size': 8, 'attention_head_size': 1, 'learning_rate': 0.0778705427088169}. Best is trial 0 with value: 0.23541176319122314.
[I 2023-12-27 11:07:34,911] Trial 12 finished with value: 3.1509850025177 and parameters: {'gradient_clip_val': 0.20030616949128047, 'hidden_size': 150, 'dropout': 0.3281346762135782, 'hidden_continuous_size': 12, 'attention_head_size': 2, 'learning_rate': 0.09872258227428006}. Best is trial 0 with value: 0.23541176319122314.
[I 2023-12-27 11:07:35,300] Trial 13 finished with value: 2.7822325229644775 and parameters: {'gradient_clip_val': 0.32557606256828775, 'hidden_size': 28, 'dropout': 0.402394650182884, 'hidden_continuous_size': 9, 'attention_head_size': 1, 'learning_rate': 0.01637726789166844}. Best is trial 0 with value: 0.23541176319122314.
[I 2023-12-27 11:07:35,681] Trial 14 finished with value: 3.1866064071655273 and parameters: {'gradient_clip_val': 0.1478923000590813, 'hidden_size': 13, 'dropout': 0.29603353976876795, 'hidden_continuous_size': 7, 'attention_head_size': 2, 'learning_rate': 0.03700066753747662}. Best is trial 0 with value: 0.23541176319122314.
[I 2023-12-27 11:07:36,109] Trial 15 finished with value: 3.1169989109039307 and parameters: {'gradient_clip_val': 0.23351085099995797, 'hidden_size': 59, 'dropout': 0.4854511989664555, 'hidden_continuous_size': 12, 'attention_head_size': 3, 'learning_rate': 0.011689453750522714}. Best is trial 0 with value: 0.23541176319122314.
[I 2023-12-27 11:07:36,476] Trial 16 finished with value: 4.470707416534424 and parameters: {'gradient_clip_val': 0.3517212527230309, 'hidden_size': 24, 'dropout': 0.40257553941986046, 'hidden_continuous_size': 9, 'attention_head_size': 1, 'learning_rate': 0.042118965329762996}. Best is trial 0 with value: 0.23541176319122314.
[I 2023-12-27 11:07:36,855] Trial 17 finished with value: 2.823453903198242 and parameters: {'gradient_clip_val': 0.2534378148944257, 'hidden_size': 33, 'dropout': 0.2973833071395017, 'hidden_continuous_size': 11, 'attention_head_size': 2, 'learning_rate': 0.06454521735050434}. Best is trial 0 with value: 0.23541176319122314.
[I 2023-12-27 11:07:37,301] Trial 18 finished with value: 3.398465871810913 and parameters: {'gradient_clip_val': 0.4190121461882962, 'hidden_size': 73, 'dropout': 0.38800812870379703, 'hidden_continuous_size': 15, 'attention_head_size': 1, 'learning_rate': 0.024832374402733896}. Best is trial 0 with value: 0.23541176319122314.
[I 2023-12-27 11:07:37,713] Trial 19 finished with value: 3.079305648803711 and parameters: {'gradient_clip_val': 0.20023929383743272, 'hidden_size': 43, 'dropout': 0.27384288614471997, 'hidden_continuous_size': 9, 'attention_head_size': 2, 'learning_rate': 0.010776876535986182}. Best is trial 0 with value: 0.23541176319122314.
[I 2023-12-27 11:07:38,177] Trial 20 finished with value: 3.3462255001068115 and parameters: {'gradient_clip_val': 0.11292537612595031, 'hidden_size': 71, 'dropout': 0.3234924317146491, 'hidden_continuous_size': 24, 'attention_head_size': 3, 'learning_rate': 0.056233583629316304}. Best is trial 0 with value: 0.23541176319122314.
[I 2023-12-27 11:07:38,575] Trial 21 finished with value: 4.0599684715271 and parameters: {'gradient_clip_val': 0.26803182169479944, 'hidden_size': 39, 'dropout': 0.1956147953541346, 'hidden_continuous_size': 16, 'attention_head_size': 2, 'learning_rate': 0.0006413746803652924}. Best is trial 0 with value: 0.23541176319122314.
[I 2023-12-27 11:07:38,986] Trial 22 finished with value: 3.005944013595581 and parameters: {'gradient_clip_val': 0.2943066208493125, 'hidden_size': 54, 'dropout': 0.17898761131888993, 'hidden_continuous_size': 7, 'attention_head_size': 2, 'learning_rate': 0.027073549928337208}. Best is trial 0 with value: 0.23541176319122314.
[I 2023-12-27 11:07:39,384] Trial 23 finished with value: 3.548142194747925 and parameters: {'gradient_clip_val': 0.21830696973961905, 'hidden_size': 35, 'dropout': 0.1278292864579837, 'hidden_continuous_size': 10, 'attention_head_size': 2, 'learning_rate': 0.09632989251324552}. Best is trial 0 with value: 0.23541176319122314.
[I 2023-12-27 11:07:39,753] Trial 24 finished with value: 2.6939611434936523 and parameters: {'gradient_clip_val': 0.26426847405338877, 'hidden_size': 23, 'dropout': 0.19922671692878538, 'hidden_continuous_size': 8, 'attention_head_size': 1, 'learning_rate': 0.0018416544325564653}. Best is trial 0 with value: 0.23541176319122314.
[I 2023-12-27 11:07:40,484] Trial 25 finished with value: 4.073302268981934 and parameters: {'gradient_clip_val': 0.17136011385526154, 'hidden_size': 92, 'dropout': 0.15847682948160352, 'hidden_continuous_size': 88, 'attention_head_size': 3, 'learning_rate': 0.006701996568677522}. Best is trial 0 with value: 0.23541176319122314.
[I 2023-12-27 11:07:40,904] Trial 26 finished with value: 2.7045745849609375 and parameters: {'gradient_clip_val': 0.20806022639466698, 'hidden_size': 49, 'dropout': 0.2666311883745111, 'hidden_continuous_size': 13, 'attention_head_size': 2, 'learning_rate': 0.048666992289267984}. Best is trial 0 with value: 0.23541176319122314.
[I 2023-12-27 11:07:41,335] Trial 27 finished with value: 3.695072889328003 and parameters: {'gradient_clip_val': 0.1437826213974329, 'hidden_size': 65, 'dropout': 0.2101053718740408, 'hidden_continuous_size': 20, 'attention_head_size': 1, 'learning_rate': 0.007842414494468913}. Best is trial 0 with value: 0.23541176319122314.
[I 2023-12-27 11:07:41,740] Trial 28 finished with value: 3.492995500564575 and parameters: {'gradient_clip_val': 0.27999969735996516, 'hidden_size': 35, 'dropout': 0.2587305197003947, 'hidden_continuous_size': 6, 'attention_head_size': 2, 'learning_rate': 0.06628363030602814}. Best is trial 0 with value: 0.23541176319122314.
[I 2023-12-27 11:07:42,086] Trial 29 finished with value: 3.013627290725708 and parameters: {'gradient_clip_val': 0.4297445816642642, 'hidden_size': 5, 'dropout': 0.23551649365665572, 'hidden_continuous_size': 5, 'attention_head_size': 3, 'learning_rate': 0.028671922922043555}. Best is trial 0 with value: 0.23541176319122314.
[I 2023-12-27 11:07:42,459] Trial 30 finished with value: 2.309751510620117 and parameters: {'gradient_clip_val': 0.35110407715145037, 'hidden_size': 19, 'dropout': 0.13834903807491253, 'hidden_continuous_size': 8, 'attention_head_size': 1, 'learning_rate': 0.0005203595102312229}. Best is trial 0 with value: 0.23541176319122314.
[I 2023-12-27 11:07:42,827] Trial 31 finished with value: 3.522191047668457 and parameters: {'gradient_clip_val': 0.351452956041024, 'hidden_size': 17, 'dropout': 0.14496668767344262, 'hidden_continuous_size': 8, 'attention_head_size': 1, 'learning_rate': 0.0006361263777447919}. Best is trial 0 with value: 0.23541176319122314.
[I 2023-12-27 11:07:43,216] Trial 32 finished with value: 3.3691179752349854 and parameters: {'gradient_clip_val': 0.30839944407179404, 'hidden_size': 28, 'dropout': 0.10817082671923367, 'hidden_continuous_size': 10, 'attention_head_size': 1, 'learning_rate': 0.0005216888095757162}. Best is trial 0 with value: 0.23541176319122314.
[I 2023-12-27 11:07:43,591] Trial 33 finished with value: 2.952239990234375 and parameters: {'gradient_clip_val': 0.2450904594228726, 'hidden_size': 9, 'dropout': 0.17735082933269844, 'hidden_continuous_size': 5, 'attention_head_size': 4, 'learning_rate': 0.000947005441524663}. Best is trial 0 with value: 0.23541176319122314.
[I 2023-12-27 11:07:43,998] Trial 34 finished with value: 2.4533843994140625 and parameters: {'gradient_clip_val': 0.5569106350161237, 'hidden_size': 47, 'dropout': 0.1377238031017136, 'hidden_continuous_size': 6, 'attention_head_size': 1, 'learning_rate': 0.0014718950887059375}. Best is trial 0 with value: 0.23541176319122314.
[I 2023-12-27 11:07:44,360] Trial 35 finished with value: 3.003000497817993 and parameters: {'gradient_clip_val': 0.22318771135022597, 'hidden_size': 9, 'dropout': 0.17001089249343276, 'hidden_continuous_size': 5, 'attention_head_size': 1, 'learning_rate': 0.0030542959149954907}. Best is trial 0 with value: 0.23541176319122314.
[I 2023-12-27 11:07:44,797] Trial 36 finished with value: 3.707984685897827 and parameters: {'gradient_clip_val': 0.2888543598152016, 'hidden_size': 57, 'dropout': 0.10050716861390746, 'hidden_continuous_size': 14, 'attention_head_size': 2, 'learning_rate': 0.0008605321813220186}. Best is trial 0 with value: 0.23541176319122314.
[I 2023-12-27 11:07:45,194] Trial 37 finished with value: 2.9035797119140625 and parameters: {'gradient_clip_val': 0.37092154259800375, 'hidden_size': 43, 'dropout': 0.21943758149304438, 'hidden_continuous_size': 7, 'attention_head_size': 1, 'learning_rate': 0.0016063080662539217}. Best is trial 0 with value: 0.23541176319122314.
[I 2023-12-27 11:07:45,579] Trial 38 finished with value: 3.370727300643921 and parameters: {'gradient_clip_val': 0.4762060128740986, 'hidden_size': 21, 'dropout': 0.253615976954675, 'hidden_continuous_size': 8, 'attention_head_size': 2, 'learning_rate': 0.0025460075588936947}. Best is trial 0 with value: 0.23541176319122314.
[I 2023-12-27 11:07:46,169] Trial 39 finished with value: 3.353102684020996 and parameters: {'gradient_clip_val': 0.2435394765284947, 'hidden_size': 7, 'dropout': 0.12899414947583737, 'hidden_continuous_size': 5, 'attention_head_size': 3, 'learning_rate': 0.005447325459766573}. Best is trial 0 with value: 0.23541176319122314.
[I 2023-12-27 11:07:46,549] Trial 40 finished with value: 3.4465811252593994 and parameters: {'gradient_clip_val': 0.3094103082644996, 'hidden_size': 13, 'dropout': 0.19200183669440235, 'hidden_continuous_size': 6, 'attention_head_size': 1, 'learning_rate': 0.0005060307361134612}. Best is trial 0 with value: 0.23541176319122314.
[I 2023-12-27 11:07:46,953] Trial 41 finished with value: 2.8458034992218018 and parameters: {'gradient_clip_val': 0.7456275635724042, 'hidden_size': 48, 'dropout': 0.1451537159027363, 'hidden_continuous_size': 6, 'attention_head_size': 1, 'learning_rate': 0.0012063378213981568}. Best is trial 0 with value: 0.23541176319122314.
[I 2023-12-27 11:07:47,339] Trial 42 finished with value: 2.6242549419403076 and parameters: {'gradient_clip_val': 0.5387550766143073, 'hidden_size': 27, 'dropout': 0.15400234509640873, 'hidden_continuous_size': 7, 'attention_head_size': 1, 'learning_rate': 0.004254343652302638}. Best is trial 0 with value: 0.23541176319122314.
[I 2023-12-27 11:07:47,718] Trial 43 finished with value: 3.2408504486083984 and parameters: {'gradient_clip_val': 0.6726914632754377, 'hidden_size': 32, 'dropout': 0.11818486962004462, 'hidden_continuous_size': 6, 'attention_head_size': 1, 'learning_rate': 0.0013346545588384022}. Best is trial 0 with value: 0.23541176319122314.
[I 2023-12-27 11:07:48,078] Trial 44 finished with value: 3.0828893184661865 and parameters: {'gradient_clip_val': 0.36312864234239217, 'hidden_size': 17, 'dropout': 0.13704653335557337, 'hidden_continuous_size': 8, 'attention_head_size': 1, 'learning_rate': 0.0008365471802343119}. Best is trial 0 with value: 0.23541176319122314.
[I 2023-12-27 11:07:48,536] Trial 45 finished with value: 3.3237838745117188 and parameters: {'gradient_clip_val': 0.623431561579989, 'hidden_size': 86, 'dropout': 0.1597008631372726, 'hidden_continuous_size': 10, 'attention_head_size': 2, 'learning_rate': 0.001963964135173238}. Best is trial 0 with value: 0.23541176319122314.
[I 2023-12-27 11:07:49,021] Trial 46 finished with value: 3.0068533420562744 and parameters: {'gradient_clip_val': 0.45772497122662736, 'hidden_size': 108, 'dropout': 0.21834915739421484, 'hidden_continuous_size': 11, 'attention_head_size': 1, 'learning_rate': 0.0012930708826081473}. Best is trial 0 with value: 0.23541176319122314.
[I 2023-12-27 11:07:49,455] Trial 47 finished with value: 3.614352226257324 and parameters: {'gradient_clip_val': 0.5287759470707317, 'hidden_size': 62, 'dropout': 0.1185403973025426, 'hidden_continuous_size': 17, 'attention_head_size': 2, 'learning_rate': 0.003528007990739529}. Best is trial 0 with value: 0.23541176319122314.
[I 2023-12-27 11:07:49,828] Trial 48 finished with value: 2.9336435794830322 and parameters: {'gradient_clip_val': 0.37351522798420483, 'hidden_size': 11, 'dropout': 0.17247735568332592, 'hidden_continuous_size': 6, 'attention_head_size': 1, 'learning_rate': 0.0007651036285398248}. Best is trial 0 with value: 0.23541176319122314.
[I 2023-12-27 11:07:50,187] Trial 49 finished with value: 3.2065279483795166 and parameters: {'gradient_clip_val': 0.3348811897850754, 'hidden_size': 7, 'dropout': 0.27750914175579144, 'hidden_continuous_size': 5, 'attention_head_size': 1, 'learning_rate': 0.0010207199259579054}. Best is trial 0 with value: 0.23541176319122314.
[I 2023-12-27 11:07:50,298] A new study created in memory with name: no-name-6f5bbb31-833f-4919-8ce9-c845c5a1f7c3
/home/le004/conda/anaconda3/envs/tsff_env/lib/python3.9/site-packages/lightning/fabric/plugins/environments/slurm.py:191: The `srun` command is available on your system but is not used. HINT: If your intention is to run Lightning on SLURM, prepend your python command with `srun` like so: srun python /home/le004/master_thesis/git/TSFusionForecast/code/ ...
[I 2023-12-27 11:08:24,283] Trial 0 finished with value: 0.3004581928253174 and parameters: {'gradient_clip_val': 0.19206794626158172, 'hidden_size': 28, 'dropout': 0.47119251658233274, 'hidden_continuous_size': 6, 'attention_head_size': 3, 'learning_rate': 0.015943413127122403}. Best is trial 0 with value: 0.3004581928253174.
[I 2023-12-27 11:08:26,452] Trial 1 finished with value: 1.9930213689804077 and parameters: {'gradient_clip_val': 0.7403009145917077, 'hidden_size': 9, 'dropout': 0.4349488653158594, 'hidden_continuous_size': 5, 'attention_head_size': 1, 'learning_rate': 0.0031103750752160065}. Best is trial 0 with value: 0.3004581928253174.
[I 2023-12-27 11:08:26,772] Trial 2 finished with value: 2.320871114730835 and parameters: {'gradient_clip_val': 0.6235180308133629, 'hidden_size': 16, 'dropout': 0.1536254549939003, 'hidden_continuous_size': 16, 'attention_head_size': 4, 'learning_rate': 0.021553101416098463}. Best is trial 0 with value: 0.3004581928253174.
[I 2023-12-27 11:08:27,248] Trial 3 finished with value: 2.2953009605407715 and parameters: {'gradient_clip_val': 0.622336526890119, 'hidden_size': 106, 'dropout': 0.41868106156613993, 'hidden_continuous_size': 5, 'attention_head_size': 3, 'learning_rate': 0.002576020913713303}. Best is trial 0 with value: 0.3004581928253174.
[I 2023-12-27 11:08:27,741] Trial 4 finished with value: 1.5346876382827759 and parameters: {'gradient_clip_val': 0.5099144022311451, 'hidden_size': 114, 'dropout': 0.14503548928935, 'hidden_continuous_size': 31, 'attention_head_size': 3, 'learning_rate': 0.013377036563355304}. Best is trial 0 with value: 0.3004581928253174.
[I 2023-12-27 11:08:28,080] Trial 5 finished with value: 1.7165536880493164 and parameters: {'gradient_clip_val': 0.41331684496242427, 'hidden_size': 22, 'dropout': 0.28385345463950223, 'hidden_continuous_size': 22, 'attention_head_size': 3, 'learning_rate': 0.0005406756066931899}. Best is trial 0 with value: 0.3004581928253174.
[I 2023-12-27 11:08:28,531] Trial 6 finished with value: 1.9133529663085938 and parameters: {'gradient_clip_val': 0.41261449793128935, 'hidden_size': 91, 'dropout': 0.38985677861942014, 'hidden_continuous_size': 7, 'attention_head_size': 4, 'learning_rate': 0.002510155027154477}. Best is trial 0 with value: 0.3004581928253174.
[I 2023-12-27 11:08:28,874] Trial 7 finished with value: 2.0935018062591553 and parameters: {'gradient_clip_val': 0.8791666799334961, 'hidden_size': 17, 'dropout': 0.48853253743888947, 'hidden_continuous_size': 6, 'attention_head_size': 3, 'learning_rate': 0.05534779104207884}. Best is trial 0 with value: 0.3004581928253174.
