[I 2023-12-16 02:24:57,125] Trial 38 finished with value: 45.504093170166016 and parameters: {'gradient_clip_val': 0.7890168901176424, 'hidden_size': 20, 'dropout': 0.24094225512408446, 'hidden_continuous_size': 9, 'attention_head_size': 3, 'learning_rate': 0.03750502678578939}. Best is trial 22 with value: 15.458763122558594.
LOCAL_RANK: 0 - CUDA_VISIBLE_DEVICES: [0]
[I 2023-12-16 02:25:41,957] Trial 39 finished with value: 32.8418083190918 and parameters: {'gradient_clip_val': 0.9871218265402942, 'hidden_size': 11, 'dropout': 0.31738746965736514, 'hidden_continuous_size': 6, 'attention_head_size': 1, 'learning_rate': 0.05446739201628143}. Best is trial 22 with value: 15.458763122558594.
LOCAL_RANK: 0 - CUDA_VISIBLE_DEVICES: [0]
[I 2023-12-16 02:26:34,307] Trial 40 finished with value: 16.624282836914062 and parameters: {'gradient_clip_val': 0.3616066644666592, 'hidden_size': 46, 'dropout': 0.3728555444280031, 'hidden_continuous_size': 15, 'attention_head_size': 2, 'learning_rate': 0.018647593521637813}. Best is trial 22 with value: 15.458763122558594.
LOCAL_RANK: 0 - CUDA_VISIBLE_DEVICES: [0]
[I 2023-12-16 02:27:27,559] Trial 41 finished with value: 42.17628860473633 and parameters: {'gradient_clip_val': 0.36591803687327157, 'hidden_size': 65, 'dropout': 0.37389961989900317, 'hidden_continuous_size': 14, 'attention_head_size': 2, 'learning_rate': 0.07521973065668083}. Best is trial 22 with value: 15.458763122558594.
LOCAL_RANK: 0 - CUDA_VISIBLE_DEVICES: [0]
[I 2023-12-16 02:28:17,755] Trial 42 finished with value: 49.7015495300293 and parameters: {'gradient_clip_val': 0.613143893087543, 'hidden_size': 33, 'dropout': 0.3597998440932685, 'hidden_continuous_size': 15, 'attention_head_size': 2, 'learning_rate': 0.018881043608109684}. Best is trial 22 with value: 15.458763122558594.
LOCAL_RANK: 0 - CUDA_VISIBLE_DEVICES: [0]
[I 2023-12-16 02:29:09,702] Trial 43 finished with value: 60.5095100402832 and parameters: {'gradient_clip_val': 0.5187174827115268, 'hidden_size': 46, 'dropout': 0.3760119287680319, 'hidden_continuous_size': 11, 'attention_head_size': 2, 'learning_rate': 0.011449326562995231}. Best is trial 22 with value: 15.458763122558594.
LOCAL_RANK: 0 - CUDA_VISIBLE_DEVICES: [0]
[I 2023-12-16 02:30:02,918] Trial 44 finished with value: 67.7188949584961 and parameters: {'gradient_clip_val': 0.4262272571937048, 'hidden_size': 47, 'dropout': 0.3864653152586019, 'hidden_continuous_size': 21, 'attention_head_size': 3, 'learning_rate': 0.030024363464541178}. Best is trial 22 with value: 15.458763122558594.
LOCAL_RANK: 0 - CUDA_VISIBLE_DEVICES: [0]
[I 2023-12-16 02:30:56,332] Trial 45 finished with value: 59.02577209472656 and parameters: {'gradient_clip_val': 0.26965384698970113, 'hidden_size': 83, 'dropout': 0.33153871707576454, 'hidden_continuous_size': 13, 'attention_head_size': 2, 'learning_rate': 0.04117577879862933}. Best is trial 22 with value: 15.458763122558594.
LOCAL_RANK: 0 - CUDA_VISIBLE_DEVICES: [0]
[I 2023-12-16 02:31:41,510] Trial 46 finished with value: 40.68013000488281 and parameters: {'gradient_clip_val': 0.37994826721045427, 'hidden_size': 14, 'dropout': 0.39842316777411596, 'hidden_continuous_size': 8, 'attention_head_size': 1, 'learning_rate': 0.08317693694812726}. Best is trial 22 with value: 15.458763122558594.
LOCAL_RANK: 0 - CUDA_VISIBLE_DEVICES: [0]
[I 2023-12-16 02:32:29,146] Trial 47 finished with value: 50.99583053588867 and parameters: {'gradient_clip_val': 0.6971896193699373, 'hidden_size': 17, 'dropout': 0.30906604640215696, 'hidden_continuous_size': 11, 'attention_head_size': 3, 'learning_rate': 0.05633690027288087}. Best is trial 22 with value: 15.458763122558594.
LOCAL_RANK: 0 - CUDA_VISIBLE_DEVICES: [0]
[I 2023-12-16 02:33:14,512] Trial 48 finished with value: 67.97242736816406 and parameters: {'gradient_clip_val': 0.47511657797442813, 'hidden_size': 13, 'dropout': 0.35359863199772684, 'hidden_continuous_size': 7, 'attention_head_size': 2, 'learning_rate': 0.08354765032999222}. Best is trial 22 with value: 15.458763122558594.
LOCAL_RANK: 0 - CUDA_VISIBLE_DEVICES: [0]
[I 2023-12-16 02:34:03,685] Trial 49 finished with value: 82.3308334350586 and parameters: {'gradient_clip_val': 0.5650175769382896, 'hidden_size': 23, 'dropout': 0.376485550002628, 'hidden_continuous_size': 9, 'attention_head_size': 3, 'learning_rate': 0.02814960090675626}. Best is trial 22 with value: 15.458763122558594.
[I 2023-12-16 02:34:03,779] A new study created in memory with name: no-name-61bb7ae3-7299-4b7c-858a-d75f5d771ddb
/home/le004/conda/anaconda3/envs/tsff_env/lib/python3.9/site-packages/lightning/fabric/plugins/environments/slurm.py:191: The `srun` command is available on your system but is not used. HINT: If your intention is to run Lightning on SLURM, prepend your python command with `srun` like so: srun python /home/le004/master_thesis/git/TSFusionForecast/code/ ...
LOCAL_RANK: 0 - CUDA_VISIBLE_DEVICES: [0]
[I 2023-12-16 02:34:52,879] Trial 0 finished with value: 1.5342823266983032 and parameters: {'gradient_clip_val': 0.9924364315195743, 'hidden_size': 39, 'dropout': 0.33672928621598086, 'hidden_continuous_size': 5, 'attention_head_size': 2, 'learning_rate': 0.005838282897174373}. Best is trial 0 with value: 1.5342823266983032.
LOCAL_RANK: 0 - CUDA_VISIBLE_DEVICES: [0]
[I 2023-12-16 02:35:47,531] Trial 1 finished with value: 2.716526746749878 and parameters: {'gradient_clip_val': 0.5376158125372713, 'hidden_size': 91, 'dropout': 0.23951528598948657, 'hidden_continuous_size': 10, 'attention_head_size': 4, 'learning_rate': 0.0015871006718160693}. Best is trial 0 with value: 1.5342823266983032.
LOCAL_RANK: 0 - CUDA_VISIBLE_DEVICES: [0]
[I 2023-12-16 02:36:32,809] Trial 2 finished with value: 1.5028046369552612 and parameters: {'gradient_clip_val': 0.14054946871701038, 'hidden_size': 9, 'dropout': 0.19943875721762688, 'hidden_continuous_size': 7, 'attention_head_size': 2, 'learning_rate': 0.00147724726293704}. Best is trial 2 with value: 1.5028046369552612.
LOCAL_RANK: 0 - CUDA_VISIBLE_DEVICES: [0]
[I 2023-12-16 02:37:18,385] Trial 3 finished with value: 1.7276066541671753 and parameters: {'gradient_clip_val': 0.2122022773370758, 'hidden_size': 11, 'dropout': 0.3963880944684235, 'hidden_continuous_size': 5, 'attention_head_size': 3, 'learning_rate': 0.002408969239815307}. Best is trial 2 with value: 1.5028046369552612.
LOCAL_RANK: 0 - CUDA_VISIBLE_DEVICES: [0]
[I 2023-12-16 02:38:10,941] Trial 4 finished with value: 2.3826987743377686 and parameters: {'gradient_clip_val': 0.11967696414379017, 'hidden_size': 74, 'dropout': 0.31592285384098817, 'hidden_continuous_size': 7, 'attention_head_size': 3, 'learning_rate': 0.050650571623205444}. Best is trial 2 with value: 1.5028046369552612.
LOCAL_RANK: 0 - CUDA_VISIBLE_DEVICES: [0]
[I 2023-12-16 02:38:44,547] Trial 5 finished with value: 2.8496334552764893 and parameters: {'gradient_clip_val': 0.159443428567268, 'hidden_size': 8, 'dropout': 0.19567731072068428, 'hidden_continuous_size': 8, 'attention_head_size': 1, 'learning_rate': 0.0005740535341527725}. Best is trial 2 with value: 1.5028046369552612.
LOCAL_RANK: 0 - CUDA_VISIBLE_DEVICES: [0]
[I 2023-12-16 02:39:30,581] Trial 6 finished with value: 2.658151149749756 and parameters: {'gradient_clip_val': 0.2782971719468676, 'hidden_size': 14, 'dropout': 0.32102256901325454, 'hidden_continuous_size': 6, 'attention_head_size': 4, 'learning_rate': 0.013908018892436624}. Best is trial 2 with value: 1.5028046369552612.
LOCAL_RANK: 0 - CUDA_VISIBLE_DEVICES: [0]
[I 2023-12-16 02:40:15,556] Trial 7 finished with value: 2.874121904373169 and parameters: {'gradient_clip_val': 0.2520558755097345, 'hidden_size': 9, 'dropout': 0.37201762002370187, 'hidden_continuous_size': 6, 'attention_head_size': 2, 'learning_rate': 0.0018730468867147018}. Best is trial 2 with value: 1.5028046369552612.
LOCAL_RANK: 0 - CUDA_VISIBLE_DEVICES: [0]
[I 2023-12-16 02:41:07,184] Trial 8 finished with value: 2.647090435028076 and parameters: {'gradient_clip_val': 0.9167188354438938, 'hidden_size': 31, 'dropout': 0.26170443249823516, 'hidden_continuous_size': 27, 'attention_head_size': 1, 'learning_rate': 0.0006193191342944151}. Best is trial 2 with value: 1.5028046369552612.
LOCAL_RANK: 0 - CUDA_VISIBLE_DEVICES: [0]
[I 2023-12-16 02:41:55,001] Trial 9 finished with value: 1.4956121444702148 and parameters: {'gradient_clip_val': 0.4925100322140564, 'hidden_size': 22, 'dropout': 0.38189680442696206, 'hidden_continuous_size': 6, 'attention_head_size': 2, 'learning_rate': 0.0021395001290653894}. Best is trial 9 with value: 1.4956121444702148.
LOCAL_RANK: 0 - CUDA_VISIBLE_DEVICES: [0]
[I 2023-12-16 02:42:28,573] Trial 10 finished with value: 4.839883804321289 and parameters: {'gradient_clip_val': 0.4504383902902664, 'hidden_size': 5, 'dropout': 0.13346340655642694, 'hidden_continuous_size': 5, 'attention_head_size': 1, 'learning_rate': 0.00987835793496657}. Best is trial 9 with value: 1.4956121444702148.
LOCAL_RANK: 0 - CUDA_VISIBLE_DEVICES: [0]
[I 2023-12-16 02:43:16,370] Trial 11 finished with value: 2.2239339351654053 and parameters: {'gradient_clip_val': 0.11717817777166714, 'hidden_size': 19, 'dropout': 0.1847602174156227, 'hidden_continuous_size': 9, 'attention_head_size': 2, 'learning_rate': 0.003536104452907189}. Best is trial 9 with value: 1.4956121444702148.
LOCAL_RANK: 0 - CUDA_VISIBLE_DEVICES: [0]
[I 2023-12-16 02:44:03,679] Trial 12 finished with value: 2.9035484790802 and parameters: {'gradient_clip_val': 0.38262730254062743, 'hidden_size': 19, 'dropout': 0.2801103631860687, 'hidden_continuous_size': 7, 'attention_head_size': 2, 'learning_rate': 0.0012155103901148642}. Best is trial 9 with value: 1.4956121444702148.
LOCAL_RANK: 0 - CUDA_VISIBLE_DEVICES: [0]
[I 2023-12-16 02:44:37,939] Trial 13 finished with value: 2.9779417514801025 and parameters: {'gradient_clip_val': 0.1853676399901476, 'hidden_size': 5, 'dropout': 0.203798677813546, 'hidden_continuous_size': 5, 'attention_head_size': 3, 'learning_rate': 0.004329283897199876}. Best is trial 9 with value: 1.4956121444702148.
LOCAL_RANK: 0 - CUDA_VISIBLE_DEVICES: [0]
[I 2023-12-16 02:45:26,845] Trial 14 finished with value: 2.544529676437378 and parameters: {'gradient_clip_val': 0.10355401859640448, 'hidden_size': 25, 'dropout': 0.11680145139944348, 'hidden_continuous_size': 14, 'attention_head_size': 2, 'learning_rate': 0.0010059626434629472}. Best is trial 9 with value: 1.4956121444702148.
LOCAL_RANK: 0 - CUDA_VISIBLE_DEVICES: [0]
[I 2023-12-16 02:46:12,698] Trial 15 finished with value: 3.887274980545044 and parameters: {'gradient_clip_val': 0.35881360606105495, 'hidden_size': 14, 'dropout': 0.39572227305329427, 'hidden_continuous_size': 6, 'attention_head_size': 3, 'learning_rate': 0.002607167917775178}. Best is trial 9 with value: 1.4956121444702148.
LOCAL_RANK: 0 - CUDA_VISIBLE_DEVICES: [0]
[I 2023-12-16 02:47:03,529] Trial 16 finished with value: 3.8004329204559326 and parameters: {'gradient_clip_val': 0.1535475664892849, 'hidden_size': 44, 'dropout': 0.2805495205540399, 'hidden_continuous_size': 11, 'attention_head_size': 1, 'learning_rate': 0.0012634730076821093}. Best is trial 9 with value: 1.4956121444702148.
LOCAL_RANK: 0 - CUDA_VISIBLE_DEVICES: [0]
[I 2023-12-16 02:47:51,992] Trial 17 finished with value: 2.225816011428833 and parameters: {'gradient_clip_val': 0.5887665507087397, 'hidden_size': 22, 'dropout': 0.35399973580191557, 'hidden_continuous_size': 8, 'attention_head_size': 2, 'learning_rate': 0.0060780016936944625}. Best is trial 9 with value: 1.4956121444702148.
LOCAL_RANK: 0 - CUDA_VISIBLE_DEVICES: [0]
[I 2023-12-16 02:48:37,444] Trial 18 finished with value: 2.1755030155181885 and parameters: {'gradient_clip_val': 0.2753637635174403, 'hidden_size': 7, 'dropout': 0.30600655427726936, 'hidden_continuous_size': 6, 'attention_head_size': 3, 'learning_rate': 0.0008889212977995349}. Best is trial 9 with value: 1.4956121444702148.
LOCAL_RANK: 0 - CUDA_VISIBLE_DEVICES: [0]
[I 2023-12-16 02:49:22,304] Trial 19 finished with value: 4.518182277679443 and parameters: {'gradient_clip_val': 0.21654340899115718, 'hidden_size': 14, 'dropout': 0.23341336008242286, 'hidden_continuous_size': 7, 'attention_head_size': 1, 'learning_rate': 0.0026648475609646646}. Best is trial 9 with value: 1.4956121444702148.
LOCAL_RANK: 0 - CUDA_VISIBLE_DEVICES: [0]
[I 2023-12-16 02:50:07,593] Trial 20 finished with value: 2.3650460243225098 and parameters: {'gradient_clip_val': 0.3286149927779872, 'hidden_size': 11, 'dropout': 0.36277553590781064, 'hidden_continuous_size': 6, 'attention_head_size': 2, 'learning_rate': 0.0005387826759397621}. Best is trial 9 with value: 1.4956121444702148.
LOCAL_RANK: 0 - CUDA_VISIBLE_DEVICES: [0]
[I 2023-12-16 02:50:59,829] Trial 21 finished with value: 2.3282017707824707 and parameters: {'gradient_clip_val': 0.9963107953565223, 'hidden_size': 41, 'dropout': 0.3377638301176591, 'hidden_continuous_size': 13, 'attention_head_size': 2, 'learning_rate': 0.004799418973398232}. Best is trial 9 with value: 1.4956121444702148.
LOCAL_RANK: 0 - CUDA_VISIBLE_DEVICES: [0]
[I 2023-12-16 02:51:48,339] Trial 22 finished with value: 0.5095718502998352 and parameters: {'gradient_clip_val': 0.6345804327325522, 'hidden_size': 31, 'dropout': 0.3512360646213198, 'hidden_continuous_size': 5, 'attention_head_size': 2, 'learning_rate': 0.00789433271637127}. Best is trial 22 with value: 0.5095718502998352.
LOCAL_RANK: 0 - CUDA_VISIBLE_DEVICES: [0]
[I 2023-12-16 02:52:36,714] Trial 23 finished with value: 0.8685567378997803 and parameters: {'gradient_clip_val': 0.6686136352205276, 'hidden_size': 31, 'dropout': 0.376495815195336, 'hidden_continuous_size': 5, 'attention_head_size': 2, 'learning_rate': 0.009022263878030134}. Best is trial 22 with value: 0.5095718502998352.
LOCAL_RANK: 0 - CUDA_VISIBLE_DEVICES: [0]
[I 2023-12-16 02:53:25,769] Trial 24 finished with value: 2.998342514038086 and parameters: {'gradient_clip_val': 0.7262809045535921, 'hidden_size': 29, 'dropout': 0.37716809399142326, 'hidden_continuous_size': 5, 'attention_head_size': 3, 'learning_rate': 0.010290039792511921}. Best is trial 22 with value: 0.5095718502998352.
LOCAL_RANK: 0 - CUDA_VISIBLE_DEVICES: [0]
[I 2023-12-16 02:54:18,444] Trial 25 finished with value: 2.7631800174713135 and parameters: {'gradient_clip_val': 0.6935514762554785, 'hidden_size': 50, 'dropout': 0.3505590005994603, 'hidden_continuous_size': 11, 'attention_head_size': 2, 'learning_rate': 0.01882306046513015}. Best is trial 22 with value: 0.5095718502998352.
LOCAL_RANK: 0 - CUDA_VISIBLE_DEVICES: [0]
[I 2023-12-16 02:55:05,464] Trial 26 finished with value: 2.0679941177368164 and parameters: {'gradient_clip_val': 0.4568148895167834, 'hidden_size': 32, 'dropout': 0.39825753879860876, 'hidden_continuous_size': 5, 'attention_head_size': 1, 'learning_rate': 0.008439495878132787}. Best is trial 22 with value: 0.5095718502998352.
LOCAL_RANK: 0 - CUDA_VISIBLE_DEVICES: [0]
[I 2023-12-16 02:55:58,661] Trial 27 finished with value: 0.37129858136177063 and parameters: {'gradient_clip_val': 0.729280290161247, 'hidden_size': 54, 'dropout': 0.37541097721207445, 'hidden_continuous_size': 21, 'attention_head_size': 2, 'learning_rate': 0.02159661057915001}. Best is trial 27 with value: 0.37129858136177063.
LOCAL_RANK: 0 - CUDA_VISIBLE_DEVICES: [0]
[I 2023-12-16 02:56:52,017] Trial 28 finished with value: 2.96039080619812 and parameters: {'gradient_clip_val': 0.7893753375375623, 'hidden_size': 57, 'dropout': 0.36100697375742546, 'hidden_continuous_size': 20, 'attention_head_size': 3, 'learning_rate': 0.022408356196462885}. Best is trial 27 with value: 0.37129858136177063.
LOCAL_RANK: 0 - CUDA_VISIBLE_DEVICES: [0]
[I 2023-12-16 02:57:46,167] Trial 29 finished with value: 1.276642918586731 and parameters: {'gradient_clip_val': 0.6127783049394311, 'hidden_size': 59, 'dropout': 0.33278664361998106, 'hidden_continuous_size': 46, 'attention_head_size': 2, 'learning_rate': 0.0071564550177979185}. Best is trial 27 with value: 0.37129858136177063.
LOCAL_RANK: 0 - CUDA_VISIBLE_DEVICES: [0]
[I 2023-12-16 02:58:38,330] Trial 30 finished with value: 0.4088716506958008 and parameters: {'gradient_clip_val': 0.784458248229538, 'hidden_size': 43, 'dropout': 0.34067485459387614, 'hidden_continuous_size': 18, 'attention_head_size': 1, 'learning_rate': 0.03280163667390172}. Best is trial 27 with value: 0.37129858136177063.
LOCAL_RANK: 0 - CUDA_VISIBLE_DEVICES: [0]
[I 2023-12-16 02:59:30,184] Trial 31 finished with value: 0.9434232711791992 and parameters: {'gradient_clip_val': 0.7938611125074345, 'hidden_size': 39, 'dropout': 0.3407900461730045, 'hidden_continuous_size': 18, 'attention_head_size': 1, 'learning_rate': 0.032641879648122395}. Best is trial 27 with value: 0.37129858136177063.
LOCAL_RANK: 0 - CUDA_VISIBLE_DEVICES: [0]
[I 2023-12-16 03:00:21,999] Trial 32 finished with value: 0.33744993805885315 and parameters: {'gradient_clip_val': 0.6570125361911197, 'hidden_size': 38, 'dropout': 0.36650641351367036, 'hidden_continuous_size': 18, 'attention_head_size': 1, 'learning_rate': 0.07999111866283846}. Best is trial 32 with value: 0.33744993805885315.
LOCAL_RANK: 0 - CUDA_VISIBLE_DEVICES: [0]
[I 2023-12-16 03:01:15,417] Trial 33 finished with value: 0.26424360275268555 and parameters: {'gradient_clip_val': 0.5766288681574019, 'hidden_size': 70, 'dropout': 0.35252921761946293, 'hidden_continuous_size': 22, 'attention_head_size': 1, 'learning_rate': 0.09255097065288305}. Best is trial 33 with value: 0.26424360275268555.
LOCAL_RANK: 0 - CUDA_VISIBLE_DEVICES: [0]
[I 2023-12-16 03:02:09,407] Trial 34 finished with value: 0.35129544138908386 and parameters: {'gradient_clip_val': 0.5432171171321809, 'hidden_size': 78, 'dropout': 0.31270407265077904, 'hidden_continuous_size': 26, 'attention_head_size': 1, 'learning_rate': 0.0963865759984629}. Best is trial 33 with value: 0.26424360275268555.
LOCAL_RANK: 0 - CUDA_VISIBLE_DEVICES: [0]
[I 2023-12-16 03:03:03,944] Trial 35 finished with value: 0.4504159390926361 and parameters: {'gradient_clip_val': 0.5481655160311615, 'hidden_size': 98, 'dropout': 0.3192913310779224, 'hidden_continuous_size': 26, 'attention_head_size': 1, 'learning_rate': 0.09540996148218168}. Best is trial 33 with value: 0.26424360275268555.
LOCAL_RANK: 0 - CUDA_VISIBLE_DEVICES: [0]
[I 2023-12-16 03:03:57,129] Trial 36 finished with value: 0.26300695538520813 and parameters: {'gradient_clip_val': 0.5631415715990082, 'hidden_size': 80, 'dropout': 0.30598528152390725, 'hidden_continuous_size': 30, 'attention_head_size': 1, 'learning_rate': 0.09703336842658428}. Best is trial 36 with value: 0.26300695538520813.
LOCAL_RANK: 0 - CUDA_VISIBLE_DEVICES: [0]
[I 2023-12-16 03:04:51,554] Trial 37 finished with value: 0.21567989885807037 and parameters: {'gradient_clip_val': 0.5194334529236798, 'hidden_size': 78, 'dropout': 0.30171812064365094, 'hidden_continuous_size': 34, 'attention_head_size': 1, 'learning_rate': 0.09244082386798716}. Best is trial 37 with value: 0.21567989885807037.
LOCAL_RANK: 0 - CUDA_VISIBLE_DEVICES: [0]
[I 2023-12-16 03:05:45,782] Trial 38 finished with value: 0.6081373691558838 and parameters: {'gradient_clip_val': 0.4185985456180576, 'hidden_size': 77, 'dropout': 0.29091822060978645, 'hidden_continuous_size': 35, 'attention_head_size': 1, 'learning_rate': 0.06454533127732985}. Best is trial 37 with value: 0.21567989885807037.
LOCAL_RANK: 0 - CUDA_VISIBLE_DEVICES: [0]
[I 2023-12-16 03:06:39,609] Trial 39 finished with value: 0.322940856218338 and parameters: {'gradient_clip_val': 0.4978379003400834, 'hidden_size': 68, 'dropout': 0.3020314561631632, 'hidden_continuous_size': 34, 'attention_head_size': 1, 'learning_rate': 0.06317512722076983}. Best is trial 37 with value: 0.21567989885807037.
LOCAL_RANK: 0 - CUDA_VISIBLE_DEVICES: [0]
[I 2023-12-16 03:07:34,236] Trial 40 finished with value: 0.3983505666255951 and parameters: {'gradient_clip_val': 0.47908374529993114, 'hidden_size': 68, 'dropout': 0.29834329154950767, 'hidden_continuous_size': 37, 'attention_head_size': 4, 'learning_rate': 0.05904076250489637}. Best is trial 37 with value: 0.21567989885807037.
LOCAL_RANK: 0 - CUDA_VISIBLE_DEVICES: [0]
[I 2023-12-16 03:08:30,113] Trial 41 finished with value: 0.41004157066345215 and parameters: {'gradient_clip_val': 0.5410767324105777, 'hidden_size': 92, 'dropout': 0.3257822579686262, 'hidden_continuous_size': 68, 'attention_head_size': 1, 'learning_rate': 0.07294226630707912}. Best is trial 37 with value: 0.21567989885807037.
LOCAL_RANK: 0 - CUDA_VISIBLE_DEVICES: [0]
[I 2023-12-16 03:09:23,290] Trial 42 finished with value: 0.6679682731628418 and parameters: {'gradient_clip_val': 0.5067116942277242, 'hidden_size': 65, 'dropout': 0.32446522765687436, 'hidden_continuous_size': 22, 'attention_head_size': 1, 'learning_rate': 0.04831808077163092}. Best is trial 37 with value: 0.21567989885807037.
LOCAL_RANK: 0 - CUDA_VISIBLE_DEVICES: [0]
[I 2023-12-16 03:10:17,365] Trial 43 finished with value: 0.2932264804840088 and parameters: {'gradient_clip_val': 0.6027429533047282, 'hidden_size': 75, 'dropout': 0.30690127616853674, 'hidden_continuous_size': 31, 'attention_head_size': 1, 'learning_rate': 0.07608945176753373}. Best is trial 37 with value: 0.21567989885807037.
LOCAL_RANK: 0 - CUDA_VISIBLE_DEVICES: [0]
[I 2023-12-16 03:11:10,903] Trial 44 finished with value: 0.5370499491691589 and parameters: {'gradient_clip_val': 0.4114198558771692, 'hidden_size': 84, 'dropout': 0.3038026641816916, 'hidden_continuous_size': 32, 'attention_head_size': 1, 'learning_rate': 0.0968290033481258}. Best is trial 37 with value: 0.21567989885807037.
LOCAL_RANK: 0 - CUDA_VISIBLE_DEVICES: [0]
