[I 2023-12-26 12:39:05,373] Trial 2 finished with value: 69.41365814208984 and parameters: {'gradient_clip_val': 0.9101052414920944, 'hidden_size': 63, 'dropout': 0.19442052648076602, 'hidden_continuous_size': 7, 'attention_head_size': 4, 'learning_rate': 0.061593091848118404}. Best is trial 0 with value: 15.054591178894043.
[I 2023-12-26 12:39:07,590] Trial 3 finished with value: 74.9156494140625 and parameters: {'gradient_clip_val': 0.7872747732258649, 'hidden_size': 11, 'dropout': 0.27533733314880293, 'hidden_continuous_size': 6, 'attention_head_size': 3, 'learning_rate': 0.020618186741470593}. Best is trial 0 with value: 15.054591178894043.
[I 2023-12-26 12:39:14,861] Trial 4 finished with value: 61.12577819824219 and parameters: {'gradient_clip_val': 0.6802820832052642, 'hidden_size': 100, 'dropout': 0.2152386260502429, 'hidden_continuous_size': 12, 'attention_head_size': 4, 'learning_rate': 0.03083613634121044}. Best is trial 0 with value: 15.054591178894043.
[I 2023-12-26 12:39:17,104] Trial 5 finished with value: 75.94367218017578 and parameters: {'gradient_clip_val': 0.10187965492698685, 'hidden_size': 24, 'dropout': 0.20179588322917286, 'hidden_continuous_size': 12, 'attention_head_size': 3, 'learning_rate': 0.0011816083727544775}. Best is trial 0 with value: 15.054591178894043.
[I 2023-12-26 12:39:19,258] Trial 6 finished with value: 74.37422180175781 and parameters: {'gradient_clip_val': 0.5923918102693152, 'hidden_size': 11, 'dropout': 0.30497417853308806, 'hidden_continuous_size': 8, 'attention_head_size': 4, 'learning_rate': 0.09310867345395721}. Best is trial 0 with value: 15.054591178894043.
[I 2023-12-26 12:39:27,057] Trial 7 finished with value: 79.2063217163086 and parameters: {'gradient_clip_val': 0.9794753332855716, 'hidden_size': 99, 'dropout': 0.3917813171040808, 'hidden_continuous_size': 57, 'attention_head_size': 1, 'learning_rate': 0.00335961236643145}. Best is trial 0 with value: 15.054591178894043.
[I 2023-12-26 12:39:29,610] Trial 8 finished with value: 52.99790573120117 and parameters: {'gradient_clip_val': 0.11479556344311938, 'hidden_size': 14, 'dropout': 0.4700797475314751, 'hidden_continuous_size': 9, 'attention_head_size': 3, 'learning_rate': 0.0010329217190669655}. Best is trial 0 with value: 15.054591178894043.
[I 2023-12-26 12:39:31,913] Trial 9 finished with value: 69.01007080078125 and parameters: {'gradient_clip_val': 0.3753997698533366, 'hidden_size': 11, 'dropout': 0.18164149903815086, 'hidden_continuous_size': 9, 'attention_head_size': 3, 'learning_rate': 0.0009426582152143936}. Best is trial 0 with value: 15.054591178894043.
[I 2023-12-26 12:39:33,684] Trial 10 finished with value: 46.674591064453125 and parameters: {'gradient_clip_val': 0.4766258455107675, 'hidden_size': 6, 'dropout': 0.13688326636037496, 'hidden_continuous_size': 5, 'attention_head_size': 1, 'learning_rate': 0.011729338131775999}. Best is trial 0 with value: 15.054591178894043.
[I 2023-12-26 12:39:35,355] Trial 11 finished with value: 66.89469146728516 and parameters: {'gradient_clip_val': 0.2436393075835998, 'hidden_size': 5, 'dropout': 0.4979580969741954, 'hidden_continuous_size': 5, 'attention_head_size': 2, 'learning_rate': 0.005257192264727961}. Best is trial 0 with value: 15.054591178894043.
[I 2023-12-26 12:39:37,019] Trial 12 finished with value: 51.65566635131836 and parameters: {'gradient_clip_val': 0.2775905218706392, 'hidden_size': 5, 'dropout': 0.3597772216446987, 'hidden_continuous_size': 5, 'attention_head_size': 2, 'learning_rate': 0.0026874905778670236}. Best is trial 0 with value: 15.054591178894043.
[I 2023-12-26 12:39:38,876] Trial 13 finished with value: 41.80670166015625 and parameters: {'gradient_clip_val': 0.21672299018155985, 'hidden_size': 7, 'dropout': 0.4189162995062626, 'hidden_continuous_size': 5, 'attention_head_size': 2, 'learning_rate': 0.008666742363198513}. Best is trial 0 with value: 15.054591178894043.
[I 2023-12-26 12:39:40,955] Trial 14 finished with value: 53.891998291015625 and parameters: {'gradient_clip_val': 0.39409852167349285, 'hidden_size': 21, 'dropout': 0.32218131026264324, 'hidden_continuous_size': 6, 'attention_head_size': 1, 'learning_rate': 0.002276319289634987}. Best is trial 0 with value: 15.054591178894043.
[I 2023-12-26 12:39:42,744] Trial 15 finished with value: 58.193607330322266 and parameters: {'gradient_clip_val': 0.5488626942299392, 'hidden_size': 8, 'dropout': 0.2570338617883909, 'hidden_continuous_size': 5, 'attention_head_size': 2, 'learning_rate': 0.016211091710504485}. Best is trial 0 with value: 15.054591178894043.
[I 2023-12-26 12:39:45,413] Trial 16 finished with value: 42.63137435913086 and parameters: {'gradient_clip_val': 0.716448397118968, 'hidden_size': 41, 'dropout': 0.34368058430554044, 'hidden_continuous_size': 17, 'attention_head_size': 1, 'learning_rate': 0.0005687244934245243}. Best is trial 0 with value: 15.054591178894043.
[I 2023-12-26 12:39:47,542] Trial 17 finished with value: 63.87681579589844 and parameters: {'gradient_clip_val': 0.19358401832256472, 'hidden_size': 16, 'dropout': 0.4377619992524291, 'hidden_continuous_size': 6, 'attention_head_size': 2, 'learning_rate': 0.005526232950999664}. Best is trial 0 with value: 15.054591178894043.
[I 2023-12-26 12:39:49,410] Trial 18 finished with value: 66.94168090820312 and parameters: {'gradient_clip_val': 0.34637032042418137, 'hidden_size': 8, 'dropout': 0.37153293889657135, 'hidden_continuous_size': 5, 'attention_head_size': 3, 'learning_rate': 0.03941430665352704}. Best is trial 0 with value: 15.054591178894043.
[I 2023-12-26 12:39:51,136] Trial 19 finished with value: 62.479095458984375 and parameters: {'gradient_clip_val': 0.3010987596670392, 'hidden_size': 5, 'dropout': 0.2665666335109106, 'hidden_continuous_size': 5, 'attention_head_size': 4, 'learning_rate': 0.01045558068067433}. Best is trial 0 with value: 15.054591178894043.
[I 2023-12-26 12:39:53,487] Trial 20 finished with value: 63.995819091796875 and parameters: {'gradient_clip_val': 0.44296031574007716, 'hidden_size': 29, 'dropout': 0.10284770292042761, 'hidden_continuous_size': 7, 'attention_head_size': 1, 'learning_rate': 0.023609660925373425}. Best is trial 0 with value: 15.054591178894043.
[I 2023-12-26 12:39:55,407] Trial 21 finished with value: 66.52123260498047 and parameters: {'gradient_clip_val': 0.18496780673232543, 'hidden_size': 9, 'dropout': 0.4115177277173695, 'hidden_continuous_size': 5, 'attention_head_size': 2, 'learning_rate': 0.009329994975121755}. Best is trial 0 with value: 15.054591178894043.
[I 2023-12-26 12:39:57,271] Trial 22 finished with value: 53.280029296875 and parameters: {'gradient_clip_val': 0.23327138138363265, 'hidden_size': 7, 'dropout': 0.4277330114391412, 'hidden_continuous_size': 5, 'attention_head_size': 2, 'learning_rate': 0.007038221853823498}. Best is trial 0 with value: 15.054591178894043.
[I 2023-12-26 12:39:59,141] Trial 23 finished with value: 45.39610290527344 and parameters: {'gradient_clip_val': 0.32422730428133706, 'hidden_size': 6, 'dropout': 0.4443134154488523, 'hidden_continuous_size': 5, 'attention_head_size': 3, 'learning_rate': 0.013797313742236516}. Best is trial 0 with value: 15.054591178894043.
[I 2023-12-26 12:40:01,011] Trial 24 finished with value: 58.27171325683594 and parameters: {'gradient_clip_val': 0.45882496393620614, 'hidden_size': 7, 'dropout': 0.3954818211414479, 'hidden_continuous_size': 5, 'attention_head_size': 1, 'learning_rate': 0.03835406128477607}. Best is trial 0 with value: 15.054591178894043.
[I 2023-12-26 12:40:02,926] Trial 25 finished with value: 58.31038284301758 and parameters: {'gradient_clip_val': 0.17173561156820108, 'hidden_size': 9, 'dropout': 0.4669805104833605, 'hidden_continuous_size': 6, 'attention_head_size': 2, 'learning_rate': 0.017010392047929562}. Best is trial 0 with value: 15.054591178894043.
[I 2023-12-26 12:40:04,938] Trial 26 finished with value: 43.37646484375 and parameters: {'gradient_clip_val': 0.2652909660361883, 'hidden_size': 14, 'dropout': 0.33224822066969323, 'hidden_continuous_size': 6, 'attention_head_size': 3, 'learning_rate': 0.0017011341350416872}. Best is trial 0 with value: 15.054591178894043.
[I 2023-12-26 12:40:06,784] Trial 27 finished with value: 65.24169158935547 and parameters: {'gradient_clip_val': 0.21885274820424752, 'hidden_size': 6, 'dropout': 0.3835118733570667, 'hidden_continuous_size': 5, 'attention_head_size': 2, 'learning_rate': 0.004660633892249502}. Best is trial 0 with value: 15.054591178894043.
[I 2023-12-26 12:40:08,711] Trial 28 finished with value: 50.92031478881836 and parameters: {'gradient_clip_val': 0.31109487471406155, 'hidden_size': 10, 'dropout': 0.3533949558359749, 'hidden_continuous_size': 6, 'attention_head_size': 1, 'learning_rate': 0.006607845442975683}. Best is trial 0 with value: 15.054591178894043.
[I 2023-12-26 12:40:10,823] Trial 29 finished with value: 68.6531753540039 and parameters: {'gradient_clip_val': 0.5667741078456628, 'hidden_size': 7, 'dropout': 0.4174858775582907, 'hidden_continuous_size': 5, 'attention_head_size': 4, 'learning_rate': 0.05818075058875576}. Best is trial 0 with value: 15.054591178894043.
[I 2023-12-26 12:40:12,512] Trial 30 finished with value: 46.07185745239258 and parameters: {'gradient_clip_val': 0.8125400183883477, 'hidden_size': 5, 'dropout': 0.299344409660693, 'hidden_continuous_size': 5, 'attention_head_size': 2, 'learning_rate': 0.009327688410240051}. Best is trial 0 with value: 15.054591178894043.
[I 2023-12-26 12:40:14,991] Trial 31 finished with value: 52.51618576049805 and parameters: {'gradient_clip_val': 0.776906684725581, 'hidden_size': 36, 'dropout': 0.3436426782358858, 'hidden_continuous_size': 18, 'attention_head_size': 1, 'learning_rate': 0.0006479832545910044}. Best is trial 0 with value: 15.054591178894043.
[I 2023-12-26 12:40:17,665] Trial 32 finished with value: 52.51078796386719 and parameters: {'gradient_clip_val': 0.9421911167523597, 'hidden_size': 43, 'dropout': 0.3759080963972091, 'hidden_continuous_size': 7, 'attention_head_size': 1, 'learning_rate': 0.000610104871342119}. Best is trial 0 with value: 15.054591178894043.
[I 2023-12-26 12:40:21,173] Trial 33 finished with value: 46.504032135009766 and parameters: {'gradient_clip_val': 0.6809909325219469, 'hidden_size': 61, 'dropout': 0.4022638933390826, 'hidden_continuous_size': 17, 'attention_head_size': 1, 'learning_rate': 0.0015682458157263639}. Best is trial 0 with value: 15.054591178894043.
[I 2023-12-26 12:40:23,255] Trial 34 finished with value: 44.89235305786133 and parameters: {'gradient_clip_val': 0.7783832812327889, 'hidden_size': 19, 'dropout': 0.2328106146542212, 'hidden_continuous_size': 7, 'attention_head_size': 3, 'learning_rate': 0.000576844354927}. Best is trial 0 with value: 15.054591178894043.
[I 2023-12-26 12:40:25,189] Trial 35 finished with value: 49.41484451293945 and parameters: {'gradient_clip_val': 0.855378521762285, 'hidden_size': 12, 'dropout': 0.3116122922825234, 'hidden_continuous_size': 6, 'attention_head_size': 1, 'learning_rate': 0.02493435738335335}. Best is trial 0 with value: 15.054591178894043.
[I 2023-12-26 12:40:27,156] Trial 36 finished with value: 47.701812744140625 and parameters: {'gradient_clip_val': 0.6687750870280769, 'hidden_size': 17, 'dropout': 0.29011011383692875, 'hidden_continuous_size': 8, 'attention_head_size': 1, 'learning_rate': 0.0008004067816054361}. Best is trial 0 with value: 15.054591178894043.
[I 2023-12-26 12:40:29,438] Trial 37 finished with value: 71.64337158203125 and parameters: {'gradient_clip_val': 0.9786195596725236, 'hidden_size': 25, 'dropout': 0.3426304864731461, 'hidden_continuous_size': 11, 'attention_head_size': 3, 'learning_rate': 0.0012719554213971689}. Best is trial 0 with value: 15.054591178894043.
[I 2023-12-26 12:40:31,531] Trial 38 finished with value: 60.51821517944336 and parameters: {'gradient_clip_val': 0.6655991733173051, 'hidden_size': 15, 'dropout': 0.36252864916113625, 'hidden_continuous_size': 7, 'attention_head_size': 4, 'learning_rate': 0.0005167280435002285}. Best is trial 0 with value: 15.054591178894043.
[I 2023-12-26 12:40:33,466] Trial 39 finished with value: 38.19893264770508 and parameters: {'gradient_clip_val': 0.86698708357954, 'hidden_size': 12, 'dropout': 0.2848423259991488, 'hidden_continuous_size': 6, 'attention_head_size': 1, 'learning_rate': 0.0007874340481831039}. Best is trial 0 with value: 15.054591178894043.
[I 2023-12-26 12:40:35,455] Trial 40 finished with value: 42.889774322509766 and parameters: {'gradient_clip_val': 0.8919897616248368, 'hidden_size': 12, 'dropout': 0.286836732217247, 'hidden_continuous_size': 6, 'attention_head_size': 3, 'learning_rate': 0.0038553510201156907}. Best is trial 0 with value: 15.054591178894043.
[I 2023-12-26 12:40:37,608] Trial 41 finished with value: 57.30110168457031 and parameters: {'gradient_clip_val': 0.7442141661902769, 'hidden_size': 9, 'dropout': 0.2548153534156344, 'hidden_continuous_size': 6, 'attention_head_size': 1, 'learning_rate': 0.0007542822233513505}. Best is trial 0 with value: 15.054591178894043.
[I 2023-12-26 12:40:39,554] Trial 42 finished with value: 55.08882141113281 and parameters: {'gradient_clip_val': 0.9002293119228688, 'hidden_size': 11, 'dropout': 0.2730206362437063, 'hidden_continuous_size': 6, 'attention_head_size': 1, 'learning_rate': 0.0009535971716746577}. Best is trial 0 with value: 15.054591178894043.
[I 2023-12-26 12:40:41,384] Trial 43 finished with value: 69.19320678710938 and parameters: {'gradient_clip_val': 0.968506401234621, 'hidden_size': 6, 'dropout': 0.31708888730399426, 'hidden_continuous_size': 5, 'attention_head_size': 1, 'learning_rate': 0.0005004338514862527}. Best is trial 0 with value: 15.054591178894043.
[I 2023-12-26 12:40:43,425] Trial 44 finished with value: 83.2363510131836 and parameters: {'gradient_clip_val': 0.525039370369545, 'hidden_size': 13, 'dropout': 0.21359550329375687, 'hidden_continuous_size': 9, 'attention_head_size': 2, 'learning_rate': 0.0012469647073030834}. Best is trial 0 with value: 15.054591178894043.
[I 2023-12-26 12:40:45,361] Trial 45 finished with value: 72.62133026123047 and parameters: {'gradient_clip_val': 0.8529420922475993, 'hidden_size': 10, 'dropout': 0.3927849716458703, 'hidden_continuous_size': 8, 'attention_head_size': 1, 'learning_rate': 0.0007449356613585937}. Best is trial 0 with value: 15.054591178894043.
[I 2023-12-26 12:40:47,189] Trial 46 finished with value: 76.32657623291016 and parameters: {'gradient_clip_val': 0.5977241981925915, 'hidden_size': 8, 'dropout': 0.23917528283577333, 'hidden_continuous_size': 5, 'attention_head_size': 1, 'learning_rate': 0.0026555305919754644}. Best is trial 0 with value: 15.054591178894043.
[I 2023-12-26 12:40:49,429] Trial 47 finished with value: 53.39253616333008 and parameters: {'gradient_clip_val': 0.7216466306442955, 'hidden_size': 22, 'dropout': 0.33160901191661263, 'hidden_continuous_size': 16, 'attention_head_size': 2, 'learning_rate': 0.0010595823615345442}. Best is trial 0 with value: 15.054591178894043.
[I 2023-12-26 12:40:51,468] Trial 48 finished with value: 61.69638442993164 and parameters: {'gradient_clip_val': 0.6405685607116164, 'hidden_size': 17, 'dropout': 0.4541851997866917, 'hidden_continuous_size': 10, 'attention_head_size': 1, 'learning_rate': 0.002167840281626165}. Best is trial 0 with value: 15.054591178894043.
[I 2023-12-26 12:40:53,229] Trial 49 finished with value: 98.96026611328125 and parameters: {'gradient_clip_val': 0.8110582121280475, 'hidden_size': 5, 'dropout': 0.41785082367878884, 'hidden_continuous_size': 5, 'attention_head_size': 3, 'learning_rate': 0.09014626362369321}. Best is trial 0 with value: 15.054591178894043.
[I 2023-12-26 12:40:53,350] A new study created in memory with name: no-name-7c91ae2e-6033-44e7-9f7e-25f8c3922dd5
/home/le004/conda/anaconda3/envs/tsff_env/lib/python3.9/site-packages/lightning/fabric/plugins/environments/slurm.py:191: The `srun` command is available on your system but is not used. HINT: If your intention is to run Lightning on SLURM, prepend your python command with `srun` like so: srun python /home/le004/master_thesis/git/TSFusionForecast/code/ ...
[I 2023-12-26 12:43:17,629] Trial 0 finished with value: 16.979909896850586 and parameters: {'gradient_clip_val': 0.21555304100967834, 'hidden_size': 32, 'dropout': 0.34466866946505714, 'hidden_continuous_size': 32, 'attention_head_size': 1, 'learning_rate': 0.005255094299555627}. Best is trial 0 with value: 16.979909896850586.
[I 2023-12-26 12:43:19,542] Trial 1 finished with value: 48.6248664855957 and parameters: {'gradient_clip_val': 0.36986666211448355, 'hidden_size': 9, 'dropout': 0.15159168348812124, 'hidden_continuous_size': 5, 'attention_head_size': 1, 'learning_rate': 0.0853800558242466}. Best is trial 0 with value: 16.979909896850586.
[I 2023-12-26 12:43:27,884] Trial 2 finished with value: 71.96196746826172 and parameters: {'gradient_clip_val': 0.854550975897936, 'hidden_size': 133, 'dropout': 0.1853039936723676, 'hidden_continuous_size': 6, 'attention_head_size': 1, 'learning_rate': 0.0010145135087437612}. Best is trial 0 with value: 16.979909896850586.
[I 2023-12-26 12:43:30,050] Trial 3 finished with value: 40.34202575683594 and parameters: {'gradient_clip_val': 0.34200024762377984, 'hidden_size': 19, 'dropout': 0.3333780562125642, 'hidden_continuous_size': 15, 'attention_head_size': 3, 'learning_rate': 0.031938778997454384}. Best is trial 0 with value: 16.979909896850586.
[I 2023-12-26 12:43:38,409] Trial 4 finished with value: 45.67805862426758 and parameters: {'gradient_clip_val': 0.2781228994164488, 'hidden_size': 131, 'dropout': 0.3171569911543266, 'hidden_continuous_size': 25, 'attention_head_size': 2, 'learning_rate': 0.09778653137438711}. Best is trial 0 with value: 16.979909896850586.
[I 2023-12-26 12:43:40,477] Trial 5 finished with value: 62.281280517578125 and parameters: {'gradient_clip_val': 0.46683181169411436, 'hidden_size': 21, 'dropout': 0.2644678813320067, 'hidden_continuous_size': 21, 'attention_head_size': 1, 'learning_rate': 0.0005538998122915766}. Best is trial 0 with value: 16.979909896850586.
[I 2023-12-26 12:43:42,306] Trial 6 finished with value: 51.261871337890625 and parameters: {'gradient_clip_val': 0.7696523515748465, 'hidden_size': 8, 'dropout': 0.3704127622040946, 'hidden_continuous_size': 5, 'attention_head_size': 3, 'learning_rate': 0.0020201184991668307}. Best is trial 0 with value: 16.979909896850586.
[I 2023-12-26 12:43:44,928] Trial 7 finished with value: 64.1705093383789 and parameters: {'gradient_clip_val': 0.11069241745122402, 'hidden_size': 40, 'dropout': 0.10105912985634564, 'hidden_continuous_size': 6, 'attention_head_size': 2, 'learning_rate': 0.0008756874132030435}. Best is trial 0 with value: 16.979909896850586.
[I 2023-12-26 12:43:47,170] Trial 8 finished with value: 46.829803466796875 and parameters: {'gradient_clip_val': 0.464460537844076, 'hidden_size': 12, 'dropout': 0.32316108035316626, 'hidden_continuous_size': 6, 'attention_head_size': 4, 'learning_rate': 0.0015884154774369898}. Best is trial 0 with value: 16.979909896850586.
[I 2023-12-26 12:43:50,267] Trial 9 finished with value: 46.875118255615234 and parameters: {'gradient_clip_val': 0.4537357276238685, 'hidden_size': 50, 'dropout': 0.26358339870559117, 'hidden_continuous_size': 24, 'attention_head_size': 2, 'learning_rate': 0.09726277725448726}. Best is trial 0 with value: 16.979909896850586.
[I 2023-12-26 12:43:52,041] Trial 10 finished with value: 64.1749038696289 and parameters: {'gradient_clip_val': 0.18935451105304796, 'hidden_size': 5, 'dropout': 0.45893826210898675, 'hidden_continuous_size': 5, 'attention_head_size': 4, 'learning_rate': 0.005575314290707575}. Best is trial 0 with value: 16.979909896850586.
[I 2023-12-26 12:43:54,344] Trial 11 finished with value: 42.460269927978516 and parameters: {'gradient_clip_val': 0.21364146035077833, 'hidden_size': 22, 'dropout': 0.3965106352720452, 'hidden_continuous_size': 15, 'attention_head_size': 3, 'learning_rate': 0.02202834359132935}. Best is trial 0 with value: 16.979909896850586.
[I 2023-12-26 12:43:57,086] Trial 12 finished with value: 40.514041900634766 and parameters: {'gradient_clip_val': 0.25383314242425775, 'hidden_size': 35, 'dropout': 0.46999434361670367, 'hidden_continuous_size': 34, 'attention_head_size': 3, 'learning_rate': 0.011327266083033156}. Best is trial 0 with value: 16.979909896850586.
[I 2023-12-26 12:43:59,287] Trial 13 finished with value: 51.48952865600586 and parameters: {'gradient_clip_val': 0.15995739981186757, 'hidden_size': 19, 'dropout': 0.3733026898813439, 'hidden_continuous_size': 11, 'attention_head_size': 3, 'learning_rate': 0.030965969128973994}. Best is trial 0 with value: 16.979909896850586.
[I 2023-12-26 12:44:01,402] Trial 14 finished with value: 48.132633209228516 and parameters: {'gradient_clip_val': 0.3251158001189444, 'hidden_size': 15, 'dropout': 0.26911988244437596, 'hidden_continuous_size': 9, 'attention_head_size': 2, 'learning_rate': 0.004681420180624833}. Best is trial 0 with value: 16.979909896850586.
[I 2023-12-26 12:44:03,959] Trial 15 finished with value: 50.28861618041992 and parameters: {'gradient_clip_val': 0.1577376172662738, 'hidden_size': 30, 'dropout': 0.4151079752093967, 'hidden_continuous_size': 16, 'attention_head_size': 4, 'learning_rate': 0.011091120440977499}. Best is trial 0 with value: 16.979909896850586.
[I 2023-12-26 12:44:07,481] Trial 16 finished with value: 44.007781982421875 and parameters: {'gradient_clip_val': 0.23914351736492054, 'hidden_size': 53, 'dropout': 0.3384917571368788, 'hidden_continuous_size': 43, 'attention_head_size': 1, 'learning_rate': 0.003354863164036488}. Best is trial 0 with value: 16.979909896850586.
