[I 2023-12-15 22:06:56,324] Trial 13 finished with value: 234.59326171875 and parameters: {'gradient_clip_val': 0.13519558942994675, 'hidden_size': 31, 'dropout': 0.39900335733176917, 'hidden_continuous_size': 23, 'attention_head_size': 1, 'learning_rate': 0.0018024849981229725}. Best is trial 10 with value: 200.45928955078125.
LOCAL_RANK: 0 - CUDA_VISIBLE_DEVICES: [0]
[I 2023-12-15 22:07:30,041] Trial 14 finished with value: 602.729248046875 and parameters: {'gradient_clip_val': 0.17063860430669037, 'hidden_size': 5, 'dropout': 0.35422901651083233, 'hidden_continuous_size': 5, 'attention_head_size': 2, 'learning_rate': 0.0005994406495717777}. Best is trial 10 with value: 200.45928955078125.
LOCAL_RANK: 0 - CUDA_VISIBLE_DEVICES: [0]
[I 2023-12-15 22:08:18,398] Trial 15 finished with value: 266.8683166503906 and parameters: {'gradient_clip_val': 0.10433573631712516, 'hidden_size': 21, 'dropout': 0.3479176389057148, 'hidden_continuous_size': 18, 'attention_head_size': 1, 'learning_rate': 0.0032953812175197813}. Best is trial 10 with value: 200.45928955078125.
LOCAL_RANK: 0 - CUDA_VISIBLE_DEVICES: [0]
[I 2023-12-15 22:08:54,236] Trial 16 finished with value: 219.36212158203125 and parameters: {'gradient_clip_val': 0.1854491837597941, 'hidden_size': 46, 'dropout': 0.3588685588737024, 'hidden_continuous_size': 46, 'attention_head_size': 2, 'learning_rate': 0.0018323904883427078}. Best is trial 10 with value: 200.45928955078125.
LOCAL_RANK: 0 - CUDA_VISIBLE_DEVICES: [0]
[I 2023-12-15 22:09:51,418] Trial 17 finished with value: 295.0745849609375 and parameters: {'gradient_clip_val': 0.20618176220601162, 'hidden_size': 90, 'dropout': 0.3187307670125235, 'hidden_continuous_size': 89, 'attention_head_size': 1, 'learning_rate': 0.0005045284638377363}. Best is trial 10 with value: 200.45928955078125.
LOCAL_RANK: 0 - CUDA_VISIBLE_DEVICES: [0]
[I 2023-12-15 22:10:39,524] Trial 18 finished with value: 266.5638122558594 and parameters: {'gradient_clip_val': 0.14192423668093396, 'hidden_size': 21, 'dropout': 0.39486550114557745, 'hidden_continuous_size': 14, 'attention_head_size': 1, 'learning_rate': 0.0014117880661491155}. Best is trial 10 with value: 200.45928955078125.
LOCAL_RANK: 0 - CUDA_VISIBLE_DEVICES: [0]
[I 2023-12-15 22:11:30,277] Trial 19 finished with value: 401.1302490234375 and parameters: {'gradient_clip_val': 0.22541118169690172, 'hidden_size': 34, 'dropout': 0.3252402698420941, 'hidden_continuous_size': 16, 'attention_head_size': 2, 'learning_rate': 0.002828313563493216}. Best is trial 10 with value: 200.45928955078125.
LOCAL_RANK: 0 - CUDA_VISIBLE_DEVICES: [0]
[I 2023-12-15 22:12:23,700] Trial 20 finished with value: 292.7693786621094 and parameters: {'gradient_clip_val': 0.1590809443737981, 'hidden_size': 61, 'dropout': 0.37626662959424784, 'hidden_continuous_size': 37, 'attention_head_size': 1, 'learning_rate': 0.005941408592226045}. Best is trial 10 with value: 200.45928955078125.
LOCAL_RANK: 0 - CUDA_VISIBLE_DEVICES: [0]
[I 2023-12-15 22:13:15,882] Trial 21 finished with value: 245.1287384033203 and parameters: {'gradient_clip_val': 0.18604229239861547, 'hidden_size': 44, 'dropout': 0.35731865773026217, 'hidden_continuous_size': 43, 'attention_head_size': 2, 'learning_rate': 0.0018624547776891673}. Best is trial 10 with value: 200.45928955078125.
LOCAL_RANK: 0 - CUDA_VISIBLE_DEVICES: [0]
[I 2023-12-15 22:14:09,681] Trial 22 finished with value: 257.9738464355469 and parameters: {'gradient_clip_val': 0.10146569602247381, 'hidden_size': 53, 'dropout': 0.36711772961637523, 'hidden_continuous_size': 45, 'attention_head_size': 2, 'learning_rate': 0.001183460555201022}. Best is trial 10 with value: 200.45928955078125.
LOCAL_RANK: 0 - CUDA_VISIBLE_DEVICES: [0]
[I 2023-12-15 22:15:00,792] Trial 23 finished with value: 552.1306762695312 and parameters: {'gradient_clip_val': 0.1661760321920446, 'hidden_size': 36, 'dropout': 0.39925428476513014, 'hidden_continuous_size': 22, 'attention_head_size': 1, 'learning_rate': 0.0021935597323612622}. Best is trial 10 with value: 200.45928955078125.
LOCAL_RANK: 0 - CUDA_VISIBLE_DEVICES: [0]
[I 2023-12-15 22:15:56,356] Trial 24 finished with value: 302.5966491699219 and parameters: {'gradient_clip_val': 0.2137921183322776, 'hidden_size': 100, 'dropout': 0.3711269142616162, 'hidden_continuous_size': 62, 'attention_head_size': 2, 'learning_rate': 0.0011297097806764911}. Best is trial 10 with value: 200.45928955078125.
LOCAL_RANK: 0 - CUDA_VISIBLE_DEVICES: [0]
[I 2023-12-15 22:16:47,316] Trial 25 finished with value: 229.3275604248047 and parameters: {'gradient_clip_val': 0.13466681437126463, 'hidden_size': 40, 'dropout': 0.3422443243764402, 'hidden_continuous_size': 23, 'attention_head_size': 1, 'learning_rate': 0.002632725200926494}. Best is trial 10 with value: 200.45928955078125.
LOCAL_RANK: 0 - CUDA_VISIBLE_DEVICES: [0]
[I 2023-12-15 22:17:40,906] Trial 26 finished with value: 321.543212890625 and parameters: {'gradient_clip_val': 0.18511523454615353, 'hidden_size': 57, 'dropout': 0.3759173636409487, 'hidden_continuous_size': 29, 'attention_head_size': 3, 'learning_rate': 0.004772609683363726}. Best is trial 10 with value: 200.45928955078125.
LOCAL_RANK: 0 - CUDA_VISIBLE_DEVICES: [0]
[I 2023-12-15 22:18:30,237] Trial 27 finished with value: 223.2921600341797 and parameters: {'gradient_clip_val': 0.25315709559219657, 'hidden_size': 26, 'dropout': 0.3327966844989858, 'hidden_continuous_size': 18, 'attention_head_size': 2, 'learning_rate': 0.0008582080235528532}. Best is trial 10 with value: 200.45928955078125.
LOCAL_RANK: 0 - CUDA_VISIBLE_DEVICES: [0]
[I 2023-12-15 22:19:20,881] Trial 28 finished with value: 235.0012969970703 and parameters: {'gradient_clip_val': 0.14897698272473192, 'hidden_size': 36, 'dropout': 0.3744859194561722, 'hidden_continuous_size': 25, 'attention_head_size': 1, 'learning_rate': 0.001663440780273839}. Best is trial 10 with value: 200.45928955078125.
LOCAL_RANK: 0 - CUDA_VISIBLE_DEVICES: [0]
[I 2023-12-15 22:20:12,746] Trial 29 finished with value: 334.8582458496094 and parameters: {'gradient_clip_val': 0.12369029103238624, 'hidden_size': 48, 'dropout': 0.3118459242669274, 'hidden_continuous_size': 33, 'attention_head_size': 1, 'learning_rate': 0.003885597552588299}. Best is trial 10 with value: 200.45928955078125.
LOCAL_RANK: 0 - CUDA_VISIBLE_DEVICES: [0]
[I 2023-12-15 22:21:07,302] Trial 30 finished with value: 251.929443359375 and parameters: {'gradient_clip_val': 0.1865611845028006, 'hidden_size': 71, 'dropout': 0.34379251512155495, 'hidden_continuous_size': 39, 'attention_head_size': 2, 'learning_rate': 0.0023720673019662487}. Best is trial 10 with value: 200.45928955078125.
LOCAL_RANK: 0 - CUDA_VISIBLE_DEVICES: [0]
[I 2023-12-15 22:21:56,267] Trial 31 finished with value: 232.2794189453125 and parameters: {'gradient_clip_val': 0.24788262572471098, 'hidden_size': 26, 'dropout': 0.3343878435463431, 'hidden_continuous_size': 19, 'attention_head_size': 2, 'learning_rate': 0.0007693482277762351}. Best is trial 10 with value: 200.45928955078125.
LOCAL_RANK: 0 - CUDA_VISIBLE_DEVICES: [0]
[I 2023-12-15 22:22:48,227] Trial 32 finished with value: 195.9766387939453 and parameters: {'gradient_clip_val': 0.28663001481983497, 'hidden_size': 40, 'dropout': 0.35851499526108493, 'hidden_continuous_size': 26, 'attention_head_size': 3, 'learning_rate': 0.0013237681824543111}. Best is trial 32 with value: 195.9766387939453.
LOCAL_RANK: 0 - CUDA_VISIBLE_DEVICES: [0]
[I 2023-12-15 22:23:40,981] Trial 33 finished with value: 250.76629638671875 and parameters: {'gradient_clip_val': 0.2979625092269881, 'hidden_size': 41, 'dropout': 0.36007695696345865, 'hidden_continuous_size': 26, 'attention_head_size': 3, 'learning_rate': 0.0012713652759535677}. Best is trial 32 with value: 195.9766387939453.
LOCAL_RANK: 0 - CUDA_VISIBLE_DEVICES: [0]
[I 2023-12-15 22:24:34,244] Trial 34 finished with value: 245.3599853515625 and parameters: {'gradient_clip_val': 0.3469750495571641, 'hidden_size': 51, 'dropout': 0.38317490389301256, 'hidden_continuous_size': 32, 'attention_head_size': 3, 'learning_rate': 0.001525225799903974}. Best is trial 32 with value: 195.9766387939453.
LOCAL_RANK: 0 - CUDA_VISIBLE_DEVICES: [0]
[I 2023-12-15 22:25:27,133] Trial 35 finished with value: 231.3747100830078 and parameters: {'gradient_clip_val': 0.2760619037643149, 'hidden_size': 39, 'dropout': 0.3043229603317587, 'hidden_continuous_size': 27, 'attention_head_size': 3, 'learning_rate': 0.003127621575362865}. Best is trial 32 with value: 195.9766387939453.
LOCAL_RANK: 0 - CUDA_VISIBLE_DEVICES: [0]
[I 2023-12-15 22:26:19,584] Trial 36 finished with value: 238.3949432373047 and parameters: {'gradient_clip_val': 0.2172854037967432, 'hidden_size': 33, 'dropout': 0.3608278093553799, 'hidden_continuous_size': 20, 'attention_head_size': 4, 'learning_rate': 0.0020424567964257676}. Best is trial 32 with value: 195.9766387939453.
LOCAL_RANK: 0 - CUDA_VISIBLE_DEVICES: [0]
[I 2023-12-15 22:27:14,425] Trial 37 finished with value: 202.66949462890625 and parameters: {'gradient_clip_val': 0.15616734257677284, 'hidden_size': 73, 'dropout': 0.2891690713601167, 'hidden_continuous_size': 33, 'attention_head_size': 3, 'learning_rate': 0.0007774479111702829}. Best is trial 32 with value: 195.9766387939453.
LOCAL_RANK: 0 - CUDA_VISIBLE_DEVICES: [0]
[I 2023-12-15 22:28:09,441] Trial 38 finished with value: 180.831298828125 and parameters: {'gradient_clip_val': 0.11759804569897732, 'hidden_size': 78, 'dropout': 0.27974383053329394, 'hidden_continuous_size': 33, 'attention_head_size': 3, 'learning_rate': 0.0006434616720293754}. Best is trial 38 with value: 180.831298828125.
LOCAL_RANK: 0 - CUDA_VISIBLE_DEVICES: [0]
[I 2023-12-15 22:29:04,660] Trial 39 finished with value: 249.5122833251953 and parameters: {'gradient_clip_val': 0.1159658164068148, 'hidden_size': 71, 'dropout': 0.2776767794811197, 'hidden_continuous_size': 35, 'attention_head_size': 3, 'learning_rate': 0.0007391968601547296}. Best is trial 38 with value: 180.831298828125.
LOCAL_RANK: 0 - CUDA_VISIBLE_DEVICES: [0]
[I 2023-12-15 22:29:59,338] Trial 40 finished with value: 277.2882995605469 and parameters: {'gradient_clip_val': 0.11960013110224178, 'hidden_size': 79, 'dropout': 0.2895240360212474, 'hidden_continuous_size': 25, 'attention_head_size': 4, 'learning_rate': 0.0010038131111218022}. Best is trial 38 with value: 180.831298828125.
LOCAL_RANK: 0 - CUDA_VISIBLE_DEVICES: [0]
[I 2023-12-15 22:30:53,267] Trial 41 finished with value: 320.9873046875 and parameters: {'gradient_clip_val': 0.15205424911305943, 'hidden_size': 60, 'dropout': 0.2611617238303388, 'hidden_continuous_size': 31, 'attention_head_size': 3, 'learning_rate': 0.0005633964755855925}. Best is trial 38 with value: 180.831298828125.
LOCAL_RANK: 0 - CUDA_VISIBLE_DEVICES: [0]
[I 2023-12-15 22:31:46,795] Trial 42 finished with value: 196.7870635986328 and parameters: {'gradient_clip_val': 0.13486660771126288, 'hidden_size': 76, 'dropout': 0.22415856896664796, 'hidden_continuous_size': 29, 'attention_head_size': 3, 'learning_rate': 0.0007103649480906863}. Best is trial 38 with value: 180.831298828125.
LOCAL_RANK: 0 - CUDA_VISIBLE_DEVICES: [0]
[I 2023-12-15 22:32:41,974] Trial 43 finished with value: 296.8987731933594 and parameters: {'gradient_clip_val': 0.1336764377073967, 'hidden_size': 86, 'dropout': 0.22021173715184553, 'hidden_continuous_size': 28, 'attention_head_size': 3, 'learning_rate': 0.0007474980347029694}. Best is trial 38 with value: 180.831298828125.
LOCAL_RANK: 0 - CUDA_VISIBLE_DEVICES: [0]
[I 2023-12-15 22:33:36,483] Trial 44 finished with value: 263.3236083984375 and parameters: {'gradient_clip_val': 0.10915530508649858, 'hidden_size': 66, 'dropout': 0.22843162291607608, 'hidden_continuous_size': 37, 'attention_head_size': 3, 'learning_rate': 0.000951767334249511}. Best is trial 38 with value: 180.831298828125.
LOCAL_RANK: 0 - CUDA_VISIBLE_DEVICES: [0]
[I 2023-12-15 22:34:31,901] Trial 45 finished with value: 263.0770263671875 and parameters: {'gradient_clip_val': 0.12765363688948514, 'hidden_size': 99, 'dropout': 0.30149973889428194, 'hidden_continuous_size': 22, 'attention_head_size': 4, 'learning_rate': 0.0007031443778575839}. Best is trial 38 with value: 180.831298828125.
LOCAL_RANK: 0 - CUDA_VISIBLE_DEVICES: [0]
[I 2023-12-15 22:35:26,466] Trial 46 finished with value: 279.64752197265625 and parameters: {'gradient_clip_val': 0.11127508690964572, 'hidden_size': 79, 'dropout': 0.28617643650706104, 'hidden_continuous_size': 29, 'attention_head_size': 3, 'learning_rate': 0.0006270298639249776}. Best is trial 38 with value: 180.831298828125.
LOCAL_RANK: 0 - CUDA_VISIBLE_DEVICES: [0]
[I 2023-12-15 22:36:20,036] Trial 47 finished with value: 275.2279968261719 and parameters: {'gradient_clip_val': 0.13135702423843792, 'hidden_size': 55, 'dropout': 0.2612664366412437, 'hidden_continuous_size': 31, 'attention_head_size': 3, 'learning_rate': 0.0012596949508225804}. Best is trial 38 with value: 180.831298828125.
LOCAL_RANK: 0 - CUDA_VISIBLE_DEVICES: [0]
[I 2023-12-15 22:37:14,160] Trial 48 finished with value: 431.8951110839844 and parameters: {'gradient_clip_val': 0.16670885118646056, 'hidden_size': 65, 'dropout': 0.3143694075066567, 'hidden_continuous_size': 25, 'attention_head_size': 4, 'learning_rate': 0.0009282813174415513}. Best is trial 38 with value: 180.831298828125.
LOCAL_RANK: 0 - CUDA_VISIBLE_DEVICES: [0]
[I 2023-12-15 22:38:09,302] Trial 49 finished with value: 225.9840087890625 and parameters: {'gradient_clip_val': 0.15035917715978359, 'hidden_size': 75, 'dropout': 0.22956287743252368, 'hidden_continuous_size': 40, 'attention_head_size': 3, 'learning_rate': 0.000500054479726817}. Best is trial 38 with value: 180.831298828125.
[I 2023-12-15 22:38:09,401] A new study created in memory with name: no-name-642f05a7-2c0e-40dd-8a4a-d7d112d28c76
/home/le004/conda/anaconda3/envs/tsff_env/lib/python3.9/site-packages/lightning/fabric/plugins/environments/slurm.py:191: The `srun` command is available on your system but is not used. HINT: If your intention is to run Lightning on SLURM, prepend your python command with `srun` like so: srun python /home/le004/master_thesis/git/TSFusionForecast/code/ ...
LOCAL_RANK: 0 - CUDA_VISIBLE_DEVICES: [0]
[I 2023-12-15 22:38:57,330] Trial 0 finished with value: 78.98050689697266 and parameters: {'gradient_clip_val': 0.18417575139263273, 'hidden_size': 24, 'dropout': 0.24052342165371507, 'hidden_continuous_size': 11, 'attention_head_size': 3, 'learning_rate': 0.06719674404106428}. Best is trial 0 with value: 78.98050689697266.
LOCAL_RANK: 0 - CUDA_VISIBLE_DEVICES: [0]
[I 2023-12-15 22:39:51,720] Trial 1 finished with value: 83.88526916503906 and parameters: {'gradient_clip_val': 0.25570988344250334, 'hidden_size': 74, 'dropout': 0.2706940275729657, 'hidden_continuous_size': 18, 'attention_head_size': 4, 'learning_rate': 0.05719782485042158}. Best is trial 0 with value: 78.98050689697266.
LOCAL_RANK: 0 - CUDA_VISIBLE_DEVICES: [0]
[I 2023-12-15 22:40:37,699] Trial 2 finished with value: 68.97872161865234 and parameters: {'gradient_clip_val': 0.6079768733498205, 'hidden_size': 6, 'dropout': 0.2056536753006869, 'hidden_continuous_size': 5, 'attention_head_size': 4, 'learning_rate': 0.03622674209971727}. Best is trial 2 with value: 68.97872161865234.
LOCAL_RANK: 0 - CUDA_VISIBLE_DEVICES: [0]
[I 2023-12-15 22:41:31,529] Trial 3 finished with value: 91.55757904052734 and parameters: {'gradient_clip_val': 0.3005343483776623, 'hidden_size': 71, 'dropout': 0.1418636219480106, 'hidden_continuous_size': 25, 'attention_head_size': 2, 'learning_rate': 0.03506832373806878}. Best is trial 2 with value: 68.97872161865234.
LOCAL_RANK: 0 - CUDA_VISIBLE_DEVICES: [0]
[I 2023-12-15 22:42:21,532] Trial 4 finished with value: 40.36393737792969 and parameters: {'gradient_clip_val': 0.11285676230574174, 'hidden_size': 34, 'dropout': 0.12508116701246944, 'hidden_continuous_size': 11, 'attention_head_size': 3, 'learning_rate': 0.003987992026520136}. Best is trial 4 with value: 40.36393737792969.
LOCAL_RANK: 0 - CUDA_VISIBLE_DEVICES: [0]
[I 2023-12-15 22:43:13,876] Trial 5 finished with value: 50.75654220581055 and parameters: {'gradient_clip_val': 0.6190469291173272, 'hidden_size': 38, 'dropout': 0.14817485819088533, 'hidden_continuous_size': 21, 'attention_head_size': 2, 'learning_rate': 0.0028317167138261884}. Best is trial 4 with value: 40.36393737792969.
LOCAL_RANK: 0 - CUDA_VISIBLE_DEVICES: [0]
[I 2023-12-15 22:44:05,705] Trial 6 finished with value: 105.16015625 and parameters: {'gradient_clip_val': 0.21930440751370936, 'hidden_size': 79, 'dropout': 0.2417373718400422, 'hidden_continuous_size': 5, 'attention_head_size': 2, 'learning_rate': 0.02818881363656905}. Best is trial 4 with value: 40.36393737792969.
LOCAL_RANK: 0 - CUDA_VISIBLE_DEVICES: [0]
[I 2023-12-15 22:44:39,505] Trial 7 finished with value: 87.24564361572266 and parameters: {'gradient_clip_val': 0.10994187567842333, 'hidden_size': 5, 'dropout': 0.370860327398131, 'hidden_continuous_size': 5, 'attention_head_size': 2, 'learning_rate': 0.00225020811848693}. Best is trial 4 with value: 40.36393737792969.
LOCAL_RANK: 0 - CUDA_VISIBLE_DEVICES: [0]
[I 2023-12-15 22:45:25,415] Trial 8 finished with value: 76.99960327148438 and parameters: {'gradient_clip_val': 0.6043857878233914, 'hidden_size': 6, 'dropout': 0.3399866869549065, 'hidden_continuous_size': 5, 'attention_head_size': 4, 'learning_rate': 0.0011359030064817136}. Best is trial 4 with value: 40.36393737792969.
LOCAL_RANK: 0 - CUDA_VISIBLE_DEVICES: [0]
[I 2023-12-15 22:46:21,143] Trial 9 finished with value: 69.26897430419922 and parameters: {'gradient_clip_val': 0.3260465122287695, 'hidden_size': 75, 'dropout': 0.28477063850379, 'hidden_continuous_size': 44, 'attention_head_size': 4, 'learning_rate': 0.0011425640488928518}. Best is trial 4 with value: 40.36393737792969.
LOCAL_RANK: 0 - CUDA_VISIBLE_DEVICES: [0]
[I 2023-12-15 22:47:06,332] Trial 10 finished with value: 47.55806350708008 and parameters: {'gradient_clip_val': 0.12538075890768297, 'hidden_size': 13, 'dropout': 0.10096043939590926, 'hidden_continuous_size': 7, 'attention_head_size': 1, 'learning_rate': 0.008237502514305007}. Best is trial 4 with value: 40.36393737792969.
LOCAL_RANK: 0 - CUDA_VISIBLE_DEVICES: [0]
[I 2023-12-15 22:47:51,630] Trial 11 finished with value: 63.7899284362793 and parameters: {'gradient_clip_val': 0.10064687055627376, 'hidden_size': 14, 'dropout': 0.1181501398697043, 'hidden_continuous_size': 7, 'attention_head_size': 1, 'learning_rate': 0.009572057566055664}. Best is trial 4 with value: 40.36393737792969.
LOCAL_RANK: 0 - CUDA_VISIBLE_DEVICES: [0]
[I 2023-12-15 22:48:36,497] Trial 12 finished with value: 53.07789611816406 and parameters: {'gradient_clip_val': 0.15237934932830383, 'hidden_size': 13, 'dropout': 0.10375436945799102, 'hidden_continuous_size': 7, 'attention_head_size': 1, 'learning_rate': 0.0090800656482761}. Best is trial 4 with value: 40.36393737792969.
LOCAL_RANK: 0 - CUDA_VISIBLE_DEVICES: [0]
[I 2023-12-15 22:49:24,981] Trial 13 finished with value: 59.75078201293945 and parameters: {'gradient_clip_val': 0.13895396358510295, 'hidden_size': 32, 'dropout': 0.16474873777050056, 'hidden_continuous_size': 10, 'attention_head_size': 3, 'learning_rate': 0.004441596254307371}. Best is trial 4 with value: 40.36393737792969.
LOCAL_RANK: 0 - CUDA_VISIBLE_DEVICES: [0]
[I 2023-12-15 22:50:11,109] Trial 14 finished with value: 62.115142822265625 and parameters: {'gradient_clip_val': 0.13525668008050523, 'hidden_size': 15, 'dropout': 0.1885544009626426, 'hidden_continuous_size': 7, 'attention_head_size': 3, 'learning_rate': 0.0005551520965280531}. Best is trial 4 with value: 40.36393737792969.
LOCAL_RANK: 0 - CUDA_VISIBLE_DEVICES: [0]
[I 2023-12-15 22:50:55,825] Trial 15 finished with value: 65.82593536376953 and parameters: {'gradient_clip_val': 0.10061616269086934, 'hidden_size': 9, 'dropout': 0.10086548457794753, 'hidden_continuous_size': 6, 'attention_head_size': 1, 'learning_rate': 0.013513398149342567}. Best is trial 4 with value: 40.36393737792969.
LOCAL_RANK: 0 - CUDA_VISIBLE_DEVICES: [0]
[I 2023-12-15 22:51:44,627] Trial 16 finished with value: 58.23703384399414 and parameters: {'gradient_clip_val': 0.17584893444209776, 'hidden_size': 22, 'dropout': 0.13310524511314614, 'hidden_continuous_size': 8, 'attention_head_size': 3, 'learning_rate': 0.005141918058086967}. Best is trial 4 with value: 40.36393737792969.
LOCAL_RANK: 0 - CUDA_VISIBLE_DEVICES: [0]
[I 2023-12-15 22:52:36,369] Trial 17 finished with value: 92.57178497314453 and parameters: {'gradient_clip_val': 0.12663355853568392, 'hidden_size': 42, 'dropout': 0.1939298520782216, 'hidden_continuous_size': 12, 'attention_head_size': 1, 'learning_rate': 0.016125079442925256}. Best is trial 4 with value: 40.36393737792969.
LOCAL_RANK: 0 - CUDA_VISIBLE_DEVICES: [0]
[I 2023-12-15 22:53:23,749] Trial 18 finished with value: 54.9859619140625 and parameters: {'gradient_clip_val': 0.17436391381379643, 'hidden_size': 18, 'dropout': 0.16497701937633408, 'hidden_continuous_size': 9, 'attention_head_size': 2, 'learning_rate': 0.006113866207801576}. Best is trial 4 with value: 40.36393737792969.
LOCAL_RANK: 0 - CUDA_VISIBLE_DEVICES: [0]
[I 2023-12-15 22:54:09,394] Trial 19 finished with value: 46.39276123046875 and parameters: {'gradient_clip_val': 0.12078278423517455, 'hidden_size': 10, 'dropout': 0.10161368174291711, 'hidden_continuous_size': 6, 'attention_head_size': 3, 'learning_rate': 0.017107489911354287}. Best is trial 4 with value: 40.36393737792969.
LOCAL_RANK: 0 - CUDA_VISIBLE_DEVICES: [0]
[I 2023-12-15 22:54:53,597] Trial 20 finished with value: 70.70360565185547 and parameters: {'gradient_clip_val': 0.21671268702444943, 'hidden_size': 8, 'dropout': 0.14027325346668074, 'hidden_continuous_size': 6, 'attention_head_size': 3, 'learning_rate': 0.09027886130805864}. Best is trial 4 with value: 40.36393737792969.
LOCAL_RANK: 0 - CUDA_VISIBLE_DEVICES: [0]
