[I 2023-12-16 11:23:53,304] Trial 17 finished with value: 1.3080378770828247 and parameters: {'gradient_clip_val': 0.23226946800553172, 'hidden_size': 68, 'dropout': 0.27371876210672874, 'hidden_continuous_size': 23, 'attention_head_size': 3, 'learning_rate': 0.0155776579410573}. Best is trial 12 with value: 0.2679496705532074.
LOCAL_RANK: 0 - CUDA_VISIBLE_DEVICES: [0]
[I 2023-12-16 11:24:44,409] Trial 18 finished with value: 2.58081316947937 and parameters: {'gradient_clip_val': 0.25730537470704956, 'hidden_size': 37, 'dropout': 0.17322593524968638, 'hidden_continuous_size': 10, 'attention_head_size': 2, 'learning_rate': 0.04310488346681816}. Best is trial 12 with value: 0.2679496705532074.
LOCAL_RANK: 0 - CUDA_VISIBLE_DEVICES: [0]
[I 2023-12-16 11:25:36,535] Trial 19 finished with value: 3.027829170227051 and parameters: {'gradient_clip_val': 0.35967291215899894, 'hidden_size': 45, 'dropout': 0.13424575521687654, 'hidden_continuous_size': 7, 'attention_head_size': 1, 'learning_rate': 0.002106863307633372}. Best is trial 12 with value: 0.2679496705532074.
LOCAL_RANK: 0 - CUDA_VISIBLE_DEVICES: [0]
[I 2023-12-16 11:26:31,866] Trial 20 finished with value: 0.5006254315376282 and parameters: {'gradient_clip_val': 0.12355794347706943, 'hidden_size': 74, 'dropout': 0.20756026878597628, 'hidden_continuous_size': 12, 'attention_head_size': 4, 'learning_rate': 0.022485545935907802}. Best is trial 12 with value: 0.2679496705532074.
LOCAL_RANK: 0 - CUDA_VISIBLE_DEVICES: [0]
[I 2023-12-16 11:27:28,101] Trial 21 finished with value: 1.3994516134262085 and parameters: {'gradient_clip_val': 0.10370967248790652, 'hidden_size': 95, 'dropout': 0.21448661865843738, 'hidden_continuous_size': 12, 'attention_head_size': 4, 'learning_rate': 0.023544221762098527}. Best is trial 12 with value: 0.2679496705532074.
LOCAL_RANK: 0 - CUDA_VISIBLE_DEVICES: [0]
[I 2023-12-16 11:28:23,265] Trial 22 finished with value: 1.130958914756775 and parameters: {'gradient_clip_val': 0.12650863021474348, 'hidden_size': 69, 'dropout': 0.18060976341285032, 'hidden_continuous_size': 13, 'attention_head_size': 4, 'learning_rate': 0.011196243396072248}. Best is trial 12 with value: 0.2679496705532074.
LOCAL_RANK: 0 - CUDA_VISIBLE_DEVICES: [0]
[I 2023-12-16 11:29:16,944] Trial 23 finished with value: 0.09146521240472794 and parameters: {'gradient_clip_val': 0.20301926960767822, 'hidden_size': 72, 'dropout': 0.16351462232868105, 'hidden_continuous_size': 10, 'attention_head_size': 3, 'learning_rate': 0.021492747068890216}. Best is trial 23 with value: 0.09146521240472794.
LOCAL_RANK: 0 - CUDA_VISIBLE_DEVICES: [0]
[I 2023-12-16 11:30:12,364] Trial 24 finished with value: 1.695028305053711 and parameters: {'gradient_clip_val': 0.19015095843772947, 'hidden_size': 73, 'dropout': 0.1992208022367178, 'hidden_continuous_size': 21, 'attention_head_size': 3, 'learning_rate': 0.04691445206955222}. Best is trial 23 with value: 0.09146521240472794.
LOCAL_RANK: 0 - CUDA_VISIBLE_DEVICES: [0]
[I 2023-12-16 11:31:07,408] Trial 25 finished with value: 1.1209163665771484 and parameters: {'gradient_clip_val': 0.1384647418131463, 'hidden_size': 75, 'dropout': 0.2419390357197823, 'hidden_continuous_size': 14, 'attention_head_size': 2, 'learning_rate': 0.021356114692075955}. Best is trial 23 with value: 0.09146521240472794.
LOCAL_RANK: 0 - CUDA_VISIBLE_DEVICES: [0]
[I 2023-12-16 11:32:00,185] Trial 26 finished with value: 0.9463586807250977 and parameters: {'gradient_clip_val': 0.1211467489868253, 'hidden_size': 44, 'dropout': 0.16657346828992683, 'hidden_continuous_size': 11, 'attention_head_size': 3, 'learning_rate': 0.017916381093405265}. Best is trial 23 with value: 0.09146521240472794.
LOCAL_RANK: 0 - CUDA_VISIBLE_DEVICES: [0]
[I 2023-12-16 11:32:53,605] Trial 27 finished with value: 1.793514609336853 and parameters: {'gradient_clip_val': 0.16618166998207798, 'hidden_size': 56, 'dropout': 0.22714167194833512, 'hidden_continuous_size': 19, 'attention_head_size': 2, 'learning_rate': 0.05869413878241685}. Best is trial 23 with value: 0.09146521240472794.
LOCAL_RANK: 0 - CUDA_VISIBLE_DEVICES: [0]
[I 2023-12-16 11:33:49,555] Trial 28 finished with value: 0.33138182759284973 and parameters: {'gradient_clip_val': 0.21247014315222185, 'hidden_size': 83, 'dropout': 0.1957909718827447, 'hidden_continuous_size': 27, 'attention_head_size': 3, 'learning_rate': 0.03011100764974386}. Best is trial 23 with value: 0.09146521240472794.
LOCAL_RANK: 0 - CUDA_VISIBLE_DEVICES: [0]
[I 2023-12-16 11:34:46,212] Trial 29 finished with value: 1.073414921760559 and parameters: {'gradient_clip_val': 0.20682346885941463, 'hidden_size': 98, 'dropout': 0.12249755123441629, 'hidden_continuous_size': 26, 'attention_head_size': 3, 'learning_rate': 0.03354864657002128}. Best is trial 23 with value: 0.09146521240472794.
LOCAL_RANK: 0 - CUDA_VISIBLE_DEVICES: [0]
[I 2023-12-16 11:35:41,149] Trial 30 finished with value: 2.6429526805877686 and parameters: {'gradient_clip_val': 0.21738822848914335, 'hidden_size': 57, 'dropout': 0.10013538838187472, 'hidden_continuous_size': 31, 'attention_head_size': 3, 'learning_rate': 0.05327803124130265}. Best is trial 23 with value: 0.09146521240472794.
LOCAL_RANK: 0 - CUDA_VISIBLE_DEVICES: [0]
[I 2023-12-16 11:36:36,522] Trial 31 finished with value: 2.1662070751190186 and parameters: {'gradient_clip_val': 0.17315937718889685, 'hidden_size': 75, 'dropout': 0.2000126182631179, 'hidden_continuous_size': 16, 'attention_head_size': 3, 'learning_rate': 0.029442183225066497}. Best is trial 23 with value: 0.09146521240472794.
LOCAL_RANK: 0 - CUDA_VISIBLE_DEVICES: [0]
[I 2023-12-16 11:37:30,581] Trial 32 finished with value: 0.1877727508544922 and parameters: {'gradient_clip_val': 0.15028175667905083, 'hidden_size': 64, 'dropout': 0.17203205051671444, 'hidden_continuous_size': 14, 'attention_head_size': 2, 'learning_rate': 0.026376742451011143}. Best is trial 23 with value: 0.09146521240472794.
LOCAL_RANK: 0 - CUDA_VISIBLE_DEVICES: [0]
[I 2023-12-16 11:38:24,820] Trial 33 finished with value: 0.0792178139090538 and parameters: {'gradient_clip_val': 0.15585415047707268, 'hidden_size': 65, 'dropout': 0.1257502243012676, 'hidden_continuous_size': 15, 'attention_head_size': 2, 'learning_rate': 0.029113140672870214}. Best is trial 33 with value: 0.0792178139090538.
LOCAL_RANK: 0 - CUDA_VISIBLE_DEVICES: [0]
[I 2023-12-16 11:39:19,063] Trial 34 finished with value: 1.7333050966262817 and parameters: {'gradient_clip_val': 0.15097003419004135, 'hidden_size': 61, 'dropout': 0.12326031165441391, 'hidden_continuous_size': 16, 'attention_head_size': 2, 'learning_rate': 0.06105497007499178}. Best is trial 33 with value: 0.0792178139090538.
LOCAL_RANK: 0 - CUDA_VISIBLE_DEVICES: [0]
[I 2023-12-16 11:40:13,386] Trial 35 finished with value: 0.7043507099151611 and parameters: {'gradient_clip_val': 0.1801699939054178, 'hidden_size': 61, 'dropout': 0.12479877963077199, 'hidden_continuous_size': 14, 'attention_head_size': 2, 'learning_rate': 0.0406286506578906}. Best is trial 33 with value: 0.0792178139090538.
LOCAL_RANK: 0 - CUDA_VISIBLE_DEVICES: [0]
[I 2023-12-16 11:41:06,964] Trial 36 finished with value: 2.82491397857666 and parameters: {'gradient_clip_val': 0.15919640715577515, 'hidden_size': 41, 'dropout': 0.16464910317579506, 'hidden_continuous_size': 18, 'attention_head_size': 2, 'learning_rate': 0.016580073222886235}. Best is trial 33 with value: 0.0792178139090538.
LOCAL_RANK: 0 - CUDA_VISIBLE_DEVICES: [0]
[I 2023-12-16 11:42:00,624] Trial 37 finished with value: 0.13459932804107666 and parameters: {'gradient_clip_val': 0.1890436555846775, 'hidden_size': 50, 'dropout': 0.13229627673512379, 'hidden_continuous_size': 15, 'attention_head_size': 1, 'learning_rate': 0.06851665835462314}. Best is trial 33 with value: 0.0792178139090538.
LOCAL_RANK: 0 - CUDA_VISIBLE_DEVICES: [0]
[I 2023-12-16 11:42:54,058] Trial 38 finished with value: 0.8156366348266602 and parameters: {'gradient_clip_val': 0.19456938394161197, 'hidden_size': 47, 'dropout': 0.11510714075152806, 'hidden_continuous_size': 15, 'attention_head_size': 1, 'learning_rate': 0.0682419030410648}. Best is trial 33 with value: 0.0792178139090538.
LOCAL_RANK: 0 - CUDA_VISIBLE_DEVICES: [0]
[I 2023-12-16 11:43:47,680] Trial 39 finished with value: 0.42495211958885193 and parameters: {'gradient_clip_val': 0.16910613837844496, 'hidden_size': 54, 'dropout': 0.1352826324561647, 'hidden_continuous_size': 13, 'attention_head_size': 1, 'learning_rate': 0.08183713620213005}. Best is trial 33 with value: 0.0792178139090538.
LOCAL_RANK: 0 - CUDA_VISIBLE_DEVICES: [0]
[I 2023-12-16 11:44:38,273] Trial 40 finished with value: 1.0544673204421997 and parameters: {'gradient_clip_val': 0.14065093065694884, 'hidden_size': 35, 'dropout': 0.15361148681591485, 'hidden_continuous_size': 11, 'attention_head_size': 1, 'learning_rate': 0.0723847391150852}. Best is trial 33 with value: 0.0792178139090538.
LOCAL_RANK: 0 - CUDA_VISIBLE_DEVICES: [0]
[I 2023-12-16 11:45:33,660] Trial 41 finished with value: 0.967319905757904 and parameters: {'gradient_clip_val': 0.2361931885527149, 'hidden_size': 82, 'dropout': 0.17821442799038215, 'hidden_continuous_size': 18, 'attention_head_size': 2, 'learning_rate': 0.036280998711806726}. Best is trial 33 with value: 0.0792178139090538.
LOCAL_RANK: 0 - CUDA_VISIBLE_DEVICES: [0]
[I 2023-12-16 11:46:27,346] Trial 42 finished with value: 0.8567597270011902 and parameters: {'gradient_clip_val': 0.1754382157055035, 'hidden_size': 64, 'dropout': 0.15626197384420454, 'hidden_continuous_size': 15, 'attention_head_size': 2, 'learning_rate': 0.09847469785305074}. Best is trial 33 with value: 0.0792178139090538.
LOCAL_RANK: 0 - CUDA_VISIBLE_DEVICES: [0]
[I 2023-12-16 11:47:21,624] Trial 43 finished with value: 0.20106621086597443 and parameters: {'gradient_clip_val': 0.20229245271646065, 'hidden_size': 63, 'dropout': 0.13392680112023408, 'hidden_continuous_size': 20, 'attention_head_size': 2, 'learning_rate': 0.02694532078807903}. Best is trial 33 with value: 0.0792178139090538.
LOCAL_RANK: 0 - CUDA_VISIBLE_DEVICES: [0]
[I 2023-12-16 11:48:14,556] Trial 44 finished with value: 2.532208204269409 and parameters: {'gradient_clip_val': 0.19445717238859547, 'hidden_size': 52, 'dropout': 0.11529405082454366, 'hidden_continuous_size': 17, 'attention_head_size': 1, 'learning_rate': 0.04805575005883081}. Best is trial 33 with value: 0.0792178139090538.
LOCAL_RANK: 0 - CUDA_VISIBLE_DEVICES: [0]
[I 2023-12-16 11:49:08,908] Trial 45 finished with value: 1.8600921630859375 and parameters: {'gradient_clip_val': 0.1482959013731544, 'hidden_size': 62, 'dropout': 0.13413860791325258, 'hidden_continuous_size': 20, 'attention_head_size': 2, 'learning_rate': 0.02808022621615776}. Best is trial 33 with value: 0.0792178139090538.
LOCAL_RANK: 0 - CUDA_VISIBLE_DEVICES: [0]
[I 2023-12-16 11:50:03,535] Trial 46 finished with value: 0.051965177059173584 and parameters: {'gradient_clip_val': 0.15861686774632253, 'hidden_size': 86, 'dropout': 0.1359343237999389, 'hidden_continuous_size': 9, 'attention_head_size': 2, 'learning_rate': 0.0391682666683151}. Best is trial 46 with value: 0.051965177059173584.
LOCAL_RANK: 0 - CUDA_VISIBLE_DEVICES: [0]
[I 2023-12-16 11:50:57,718] Trial 47 finished with value: 1.5948454141616821 and parameters: {'gradient_clip_val': 0.11605261777491306, 'hidden_size': 84, 'dropout': 0.10944946950138018, 'hidden_continuous_size': 8, 'attention_head_size': 1, 'learning_rate': 0.04046689174439086}. Best is trial 46 with value: 0.051965177059173584.
LOCAL_RANK: 0 - CUDA_VISIBLE_DEVICES: [0]
[I 2023-12-16 11:51:51,847] Trial 48 finished with value: 1.2426376342773438 and parameters: {'gradient_clip_val': 0.1586033326287935, 'hidden_size': 86, 'dropout': 0.14286120816439635, 'hidden_continuous_size': 9, 'attention_head_size': 2, 'learning_rate': 0.05274178907947604}. Best is trial 46 with value: 0.051965177059173584.
LOCAL_RANK: 0 - CUDA_VISIBLE_DEVICES: [0]
[I 2023-12-16 11:52:43,288] Trial 49 finished with value: 0.08085693418979645 and parameters: {'gradient_clip_val': 0.12940395937646806, 'hidden_size': 40, 'dropout': 0.15614397504583832, 'hidden_continuous_size': 10, 'attention_head_size': 3, 'learning_rate': 0.06991879672967836}. Best is trial 46 with value: 0.051965177059173584.
[I 2023-12-16 11:52:43,395] A new study created in memory with name: no-name-e123c022-93eb-4f4c-bc85-27a9e283dc62
/home/le004/conda/anaconda3/envs/tsff_env/lib/python3.9/site-packages/lightning/fabric/plugins/environments/slurm.py:191: The `srun` command is available on your system but is not used. HINT: If your intention is to run Lightning on SLURM, prepend your python command with `srun` like so: srun python /home/le004/master_thesis/git/TSFusionForecast/code/ ...
LOCAL_RANK: 0 - CUDA_VISIBLE_DEVICES: [0]
[I 2023-12-16 11:53:29,771] Trial 0 finished with value: 631.8611450195312 and parameters: {'gradient_clip_val': 0.4903450235060199, 'hidden_size': 10, 'dropout': 0.12506148515559867, 'hidden_continuous_size': 7, 'attention_head_size': 1, 'learning_rate': 0.0005501335322152802}. Best is trial 0 with value: 631.8611450195312.
LOCAL_RANK: 0 - CUDA_VISIBLE_DEVICES: [0]
[I 2023-12-16 11:54:16,572] Trial 1 finished with value: 702.0144653320312 and parameters: {'gradient_clip_val': 0.3356817654077705, 'hidden_size': 11, 'dropout': 0.2253919149472064, 'hidden_continuous_size': 8, 'attention_head_size': 1, 'learning_rate': 0.004512729887926315}. Best is trial 0 with value: 631.8611450195312.
LOCAL_RANK: 0 - CUDA_VISIBLE_DEVICES: [0]
[I 2023-12-16 11:55:02,593] Trial 2 finished with value: 465.242431640625 and parameters: {'gradient_clip_val': 0.7118299106560277, 'hidden_size': 7, 'dropout': 0.221408416119937, 'hidden_continuous_size': 5, 'attention_head_size': 2, 'learning_rate': 0.0020197878038375667}. Best is trial 2 with value: 465.242431640625.
LOCAL_RANK: 0 - CUDA_VISIBLE_DEVICES: [0]
[I 2023-12-16 11:55:48,149] Trial 3 finished with value: 1077.346923828125 and parameters: {'gradient_clip_val': 0.32293210566737024, 'hidden_size': 8, 'dropout': 0.18289885949657925, 'hidden_continuous_size': 6, 'attention_head_size': 2, 'learning_rate': 0.028139271566174955}. Best is trial 2 with value: 465.242431640625.
LOCAL_RANK: 0 - CUDA_VISIBLE_DEVICES: [0]
[I 2023-12-16 11:56:33,534] Trial 4 finished with value: 1164.6220703125 and parameters: {'gradient_clip_val': 0.30237530894816916, 'hidden_size': 8, 'dropout': 0.10742000779248188, 'hidden_continuous_size': 7, 'attention_head_size': 2, 'learning_rate': 0.015391750000932476}. Best is trial 2 with value: 465.242431640625.
LOCAL_RANK: 0 - CUDA_VISIBLE_DEVICES: [0]
[I 2023-12-16 11:57:18,369] Trial 5 finished with value: 286.6123352050781 and parameters: {'gradient_clip_val': 0.1962012485574253, 'hidden_size': 12, 'dropout': 0.13522894083887366, 'hidden_continuous_size': 7, 'attention_head_size': 1, 'learning_rate': 0.04689239182183009}. Best is trial 5 with value: 286.6123352050781.
LOCAL_RANK: 0 - CUDA_VISIBLE_DEVICES: [0]
[I 2023-12-16 11:58:11,945] Trial 6 finished with value: 308.65179443359375 and parameters: {'gradient_clip_val': 0.10029889606267477, 'hidden_size': 38, 'dropout': 0.15005308216149152, 'hidden_continuous_size': 17, 'attention_head_size': 3, 'learning_rate': 0.08854967299004507}. Best is trial 5 with value: 286.6123352050781.
LOCAL_RANK: 0 - CUDA_VISIBLE_DEVICES: [0]
[I 2023-12-16 11:59:03,029] Trial 7 finished with value: 266.0233459472656 and parameters: {'gradient_clip_val': 0.2193062727225895, 'hidden_size': 41, 'dropout': 0.3295128148702655, 'hidden_continuous_size': 6, 'attention_head_size': 2, 'learning_rate': 0.01777958821811607}. Best is trial 7 with value: 266.0233459472656.
LOCAL_RANK: 0 - CUDA_VISIBLE_DEVICES: [0]
[I 2023-12-16 11:59:52,931] Trial 8 finished with value: 621.6054077148438 and parameters: {'gradient_clip_val': 0.11008676304735152, 'hidden_size': 23, 'dropout': 0.3008886008129882, 'hidden_continuous_size': 7, 'attention_head_size': 2, 'learning_rate': 0.0023051050141382817}. Best is trial 7 with value: 266.0233459472656.
LOCAL_RANK: 0 - CUDA_VISIBLE_DEVICES: [0]
[I 2023-12-16 12:00:43,595] Trial 9 finished with value: 751.114990234375 and parameters: {'gradient_clip_val': 0.28297396535897146, 'hidden_size': 35, 'dropout': 0.23089183049214196, 'hidden_continuous_size': 6, 'attention_head_size': 2, 'learning_rate': 0.00626440016744198}. Best is trial 7 with value: 266.0233459472656.
LOCAL_RANK: 0 - CUDA_VISIBLE_DEVICES: [0]
[I 2023-12-16 12:01:42,432] Trial 10 finished with value: 1074.294921875 and parameters: {'gradient_clip_val': 0.8080846398271769, 'hidden_size': 96, 'dropout': 0.39334913282195905, 'hidden_continuous_size': 94, 'attention_head_size': 4, 'learning_rate': 0.01603224965398296}. Best is trial 7 with value: 266.0233459472656.
LOCAL_RANK: 0 - CUDA_VISIBLE_DEVICES: [0]
[I 2023-12-16 12:02:30,226] Trial 11 finished with value: 761.783203125 and parameters: {'gradient_clip_val': 0.18006864016782603, 'hidden_size': 19, 'dropout': 0.29422359093071887, 'hidden_continuous_size': 5, 'attention_head_size': 1, 'learning_rate': 0.05736816754333298}. Best is trial 7 with value: 266.0233459472656.
LOCAL_RANK: 0 - CUDA_VISIBLE_DEVICES: [0]
[I 2023-12-16 12:03:18,752] Trial 12 finished with value: 1329.9759521484375 and parameters: {'gradient_clip_val': 0.18322006251643483, 'hidden_size': 17, 'dropout': 0.15868599511923187, 'hidden_continuous_size': 9, 'attention_head_size': 3, 'learning_rate': 0.03966890329764434}. Best is trial 7 with value: 266.0233459472656.
LOCAL_RANK: 0 - CUDA_VISIBLE_DEVICES: [0]
[I 2023-12-16 12:03:54,792] Trial 13 finished with value: 1325.28369140625 and parameters: {'gradient_clip_val': 0.18686815786577196, 'hidden_size': 5, 'dropout': 0.2906393693765983, 'hidden_continuous_size': 5, 'attention_head_size': 1, 'learning_rate': 0.09791733319906994}. Best is trial 7 with value: 266.0233459472656.
LOCAL_RANK: 0 - CUDA_VISIBLE_DEVICES: [0]
[I 2023-12-16 12:04:49,135] Trial 14 finished with value: 544.4519653320312 and parameters: {'gradient_clip_val': 0.22242854069840556, 'hidden_size': 51, 'dropout': 0.3444935684302046, 'hidden_continuous_size': 10, 'attention_head_size': 3, 'learning_rate': 0.02198856215654754}. Best is trial 7 with value: 266.0233459472656.
LOCAL_RANK: 0 - CUDA_VISIBLE_DEVICES: [0]
[I 2023-12-16 12:05:35,302] Trial 15 finished with value: 389.06787109375 and parameters: {'gradient_clip_val': 0.14009839815442948, 'hidden_size': 15, 'dropout': 0.19566443704629383, 'hidden_continuous_size': 6, 'attention_head_size': 1, 'learning_rate': 0.01104216325598526}. Best is trial 7 with value: 266.0233459472656.
LOCAL_RANK: 0 - CUDA_VISIBLE_DEVICES: [0]
[I 2023-12-16 12:06:26,340] Trial 16 finished with value: 540.900390625 and parameters: {'gradient_clip_val': 0.13957304315958088, 'hidden_size': 27, 'dropout': 0.2692637704857276, 'hidden_continuous_size': 11, 'attention_head_size': 4, 'learning_rate': 0.04100875120886674}. Best is trial 7 with value: 266.0233459472656.
LOCAL_RANK: 0 - CUDA_VISIBLE_DEVICES: [0]
[I 2023-12-16 12:07:12,417] Trial 17 finished with value: 424.5719909667969 and parameters: {'gradient_clip_val': 0.24291974206022146, 'hidden_size': 14, 'dropout': 0.10249038368750474, 'hidden_continuous_size': 5, 'attention_head_size': 1, 'learning_rate': 0.029870387234748084}. Best is trial 7 with value: 266.0233459472656.
LOCAL_RANK: 0 - CUDA_VISIBLE_DEVICES: [0]
[I 2023-12-16 12:08:06,149] Trial 18 finished with value: 745.1344604492188 and parameters: {'gradient_clip_val': 0.42274544843220296, 'hidden_size': 60, 'dropout': 0.33605585839823415, 'hidden_continuous_size': 13, 'attention_head_size': 2, 'learning_rate': 0.05141313495523689}. Best is trial 7 with value: 266.0233459472656.
LOCAL_RANK: 0 - CUDA_VISIBLE_DEVICES: [0]
[I 2023-12-16 12:08:56,902] Trial 19 finished with value: 853.8645629882812 and parameters: {'gradient_clip_val': 0.23583036820855377, 'hidden_size': 27, 'dropout': 0.145439762135588, 'hidden_continuous_size': 8, 'attention_head_size': 3, 'learning_rate': 0.010016358272292539}. Best is trial 7 with value: 266.0233459472656.
LOCAL_RANK: 0 - CUDA_VISIBLE_DEVICES: [0]
[I 2023-12-16 12:09:43,101] Trial 20 finished with value: 846.37109375 and parameters: {'gradient_clip_val': 0.14190501298644984, 'hidden_size': 14, 'dropout': 0.254253910386053, 'hidden_continuous_size': 6, 'attention_head_size': 1, 'learning_rate': 0.020827729111507695}. Best is trial 7 with value: 266.0233459472656.
LOCAL_RANK: 0 - CUDA_VISIBLE_DEVICES: [0]
[I 2023-12-16 12:10:36,247] Trial 21 finished with value: 409.8465576171875 and parameters: {'gradient_clip_val': 0.10227320007895455, 'hidden_size': 40, 'dropout': 0.1477365663461429, 'hidden_continuous_size': 17, 'attention_head_size': 3, 'learning_rate': 0.09468813948237279}. Best is trial 7 with value: 266.0233459472656.
LOCAL_RANK: 0 - CUDA_VISIBLE_DEVICES: [0]
[I 2023-12-16 12:11:27,681] Trial 22 finished with value: 741.78076171875 and parameters: {'gradient_clip_val': 0.12016974935105872, 'hidden_size': 34, 'dropout': 0.17548285293298174, 'hidden_continuous_size': 14, 'attention_head_size': 3, 'learning_rate': 0.058387460295203183}. Best is trial 7 with value: 266.0233459472656.
LOCAL_RANK: 0 - CUDA_VISIBLE_DEVICES: [0]
[I 2023-12-16 12:12:18,263] Trial 23 finished with value: 1142.416015625 and parameters: {'gradient_clip_val': 0.1581059456389451, 'hidden_size': 22, 'dropout': 0.12873777616793725, 'hidden_continuous_size': 8, 'attention_head_size': 4, 'learning_rate': 0.06977250875309197}. Best is trial 7 with value: 266.0233459472656.
LOCAL_RANK: 0 - CUDA_VISIBLE_DEVICES: [0]
[I 2023-12-16 12:13:12,728] Trial 24 finished with value: 1086.9945068359375 and parameters: {'gradient_clip_val': 0.10245046010291928, 'hidden_size': 55, 'dropout': 0.2094460244095135, 'hidden_continuous_size': 18, 'attention_head_size': 3, 'learning_rate': 0.03494096460169384}. Best is trial 7 with value: 266.0233459472656.
LOCAL_RANK: 0 - CUDA_VISIBLE_DEVICES: [0]
