[I 2023-12-26 17:01:26,722] Trial 18 finished with value: 3.6841094493865967 and parameters: {'gradient_clip_val': 0.4844603544520114, 'hidden_size': 38, 'dropout': 0.15642666554629875, 'hidden_continuous_size': 7, 'attention_head_size': 3, 'learning_rate': 0.03802378079441446}. Best is trial 0 with value: 0.11250811070203781.
[I 2023-12-26 17:01:31,623] Trial 19 finished with value: 3.834247589111328 and parameters: {'gradient_clip_val': 0.7415730323989016, 'hidden_size': 85, 'dropout': 0.23829955032281813, 'hidden_continuous_size': 21, 'attention_head_size': 2, 'learning_rate': 0.007688081609856025}. Best is trial 0 with value: 0.11250811070203781.
[I 2023-12-26 17:01:41,297] Trial 20 finished with value: 3.3280372619628906 and parameters: {'gradient_clip_val': 0.5715844266794755, 'hidden_size': 145, 'dropout': 0.15350672873253673, 'hidden_continuous_size': 102, 'attention_head_size': 4, 'learning_rate': 0.029514296546757517}. Best is trial 0 with value: 0.11250811070203781.
[I 2023-12-26 17:01:44,199] Trial 21 finished with value: 3.969391107559204 and parameters: {'gradient_clip_val': 0.9623761703544536, 'hidden_size': 49, 'dropout': 0.10301921450509356, 'hidden_continuous_size': 12, 'attention_head_size': 3, 'learning_rate': 0.017249156939990046}. Best is trial 0 with value: 0.11250811070203781.
[I 2023-12-26 17:01:48,681] Trial 22 finished with value: 3.99847412109375 and parameters: {'gradient_clip_val': 0.8251755946917655, 'hidden_size': 79, 'dropout': 0.1441086591812013, 'hidden_continuous_size': 9, 'attention_head_size': 3, 'learning_rate': 0.0527112914303245}. Best is trial 0 with value: 0.11250811070203781.
[I 2023-12-26 17:01:52,512] Trial 23 finished with value: 3.955037832260132 and parameters: {'gradient_clip_val': 0.9898708758151586, 'hidden_size': 69, 'dropout': 0.1373915092381057, 'hidden_continuous_size': 12, 'attention_head_size': 3, 'learning_rate': 0.011576058087470914}. Best is trial 0 with value: 0.11250811070203781.
[I 2023-12-26 17:01:55,035] Trial 24 finished with value: 3.7882158756256104 and parameters: {'gradient_clip_val': 0.7770378808656198, 'hidden_size': 40, 'dropout': 0.1795627596511578, 'hidden_continuous_size': 6, 'attention_head_size': 2, 'learning_rate': 0.02433266190193149}. Best is trial 0 with value: 0.11250811070203781.
[I 2023-12-26 17:01:57,333] Trial 25 finished with value: 3.02656626701355 and parameters: {'gradient_clip_val': 0.6437001442427098, 'hidden_size': 26, 'dropout': 0.1002506119235538, 'hidden_continuous_size': 6, 'attention_head_size': 3, 'learning_rate': 0.04550892133680843}. Best is trial 0 with value: 0.11250811070203781.
[I 2023-12-26 17:02:00,627] Trial 26 finished with value: 2.5811679363250732 and parameters: {'gradient_clip_val': 0.8254015215422912, 'hidden_size': 59, 'dropout': 0.14011741168899847, 'hidden_continuous_size': 7, 'attention_head_size': 4, 'learning_rate': 0.031032912713629766}. Best is trial 0 with value: 0.11250811070203781.
[I 2023-12-26 17:02:04,587] Trial 27 finished with value: 4.357957363128662 and parameters: {'gradient_clip_val': 0.776359987492381, 'hidden_size': 72, 'dropout': 0.19867669392148507, 'hidden_continuous_size': 7, 'attention_head_size': 4, 'learning_rate': 0.06829451281852998}. Best is trial 0 with value: 0.11250811070203781.
[I 2023-12-26 17:02:07,410] Trial 28 finished with value: 4.004051685333252 and parameters: {'gradient_clip_val': 0.8115992377792625, 'hidden_size': 44, 'dropout': 0.1558313460840944, 'hidden_continuous_size': 6, 'attention_head_size': 4, 'learning_rate': 0.03153777450974752}. Best is trial 0 with value: 0.11250811070203781.
[I 2023-12-26 17:02:12,973] Trial 29 finished with value: 2.9299004077911377 and parameters: {'gradient_clip_val': 0.6305210837538301, 'hidden_size': 97, 'dropout': 0.13240091563189987, 'hidden_continuous_size': 9, 'attention_head_size': 4, 'learning_rate': 0.041901383943088726}. Best is trial 0 with value: 0.11250811070203781.
[I 2023-12-26 17:02:16,639] Trial 30 finished with value: 3.5052826404571533 and parameters: {'gradient_clip_val': 0.5501551962110088, 'hidden_size': 67, 'dropout': 0.1337709047134758, 'hidden_continuous_size': 8, 'attention_head_size': 4, 'learning_rate': 0.09979228769401115}. Best is trial 0 with value: 0.11250811070203781.
[I 2023-12-26 17:02:19,836] Trial 31 finished with value: 3.157820701599121 and parameters: {'gradient_clip_val': 0.8624867587427072, 'hidden_size': 57, 'dropout': 0.11167990254592522, 'hidden_continuous_size': 7, 'attention_head_size': 3, 'learning_rate': 0.02773243880328102}. Best is trial 0 with value: 0.11250811070203781.
[I 2023-12-26 17:02:26,216] Trial 32 finished with value: 3.7672958374023438 and parameters: {'gradient_clip_val': 0.8513456152716816, 'hidden_size': 105, 'dropout': 0.12691528979254893, 'hidden_continuous_size': 12, 'attention_head_size': 4, 'learning_rate': 0.0487935734032682}. Best is trial 0 with value: 0.11250811070203781.
[I 2023-12-26 17:02:28,786] Trial 33 finished with value: 3.1914145946502686 and parameters: {'gradient_clip_val': 0.9813019224861086, 'hidden_size': 38, 'dropout': 0.1636033628679669, 'hidden_continuous_size': 5, 'attention_head_size': 2, 'learning_rate': 0.023526152230882905}. Best is trial 0 with value: 0.11250811070203781.
[I 2023-12-26 17:02:32,257] Trial 34 finished with value: 3.0256900787353516 and parameters: {'gradient_clip_val': 0.6817781143824164, 'hidden_size': 61, 'dropout': 0.1271365704532175, 'hidden_continuous_size': 16, 'attention_head_size': 1, 'learning_rate': 0.06574084288811616}. Best is trial 0 with value: 0.11250811070203781.
[I 2023-12-26 17:02:35,107] Trial 35 finished with value: 3.0162458419799805 and parameters: {'gradient_clip_val': 0.7383520164067956, 'hidden_size': 46, 'dropout': 0.17909648960107788, 'hidden_continuous_size': 10, 'attention_head_size': 3, 'learning_rate': 0.014867055261157669}. Best is trial 0 with value: 0.11250811070203781.
[I 2023-12-26 17:02:40,424] Trial 36 finished with value: 2.8262088298797607 and parameters: {'gradient_clip_val': 0.573873013274848, 'hidden_size': 90, 'dropout': 0.14989804160548048, 'hidden_continuous_size': 22, 'attention_head_size': 4, 'learning_rate': 0.03294827897792511}. Best is trial 0 with value: 0.11250811070203781.
[I 2023-12-26 17:02:47,032] Trial 37 finished with value: 3.5669097900390625 and parameters: {'gradient_clip_val': 0.9061914891527753, 'hidden_size': 114, 'dropout': 0.22841437315614793, 'hidden_continuous_size': 11, 'attention_head_size': 2, 'learning_rate': 0.023548158715200034}. Best is trial 0 with value: 0.11250811070203781.
[I 2023-12-26 17:02:49,416] Trial 38 finished with value: 3.679476022720337 and parameters: {'gradient_clip_val': 0.7037231693188963, 'hidden_size': 32, 'dropout': 0.2633957498131931, 'hidden_continuous_size': 14, 'attention_head_size': 4, 'learning_rate': 0.013945338410861896}. Best is trial 0 with value: 0.11250811070203781.
[I 2023-12-26 17:02:52,666] Trial 39 finished with value: 2.578185796737671 and parameters: {'gradient_clip_val': 0.829112246797573, 'hidden_size': 57, 'dropout': 0.18010482946139408, 'hidden_continuous_size': 9, 'attention_head_size': 3, 'learning_rate': 0.04229325183740869}. Best is trial 0 with value: 0.11250811070203781.
[I 2023-12-26 17:02:56,127] Trial 40 finished with value: 3.849032402038574 and parameters: {'gradient_clip_val': 0.5101473512612792, 'hidden_size': 63, 'dropout': 0.20197127673870396, 'hidden_continuous_size': 8, 'attention_head_size': 1, 'learning_rate': 0.05122964427736451}. Best is trial 0 with value: 0.11250811070203781.
[I 2023-12-26 17:02:59,189] Trial 41 finished with value: 2.7463903427124023 and parameters: {'gradient_clip_val': 0.8662480390905274, 'hidden_size': 54, 'dropout': 0.12328359795323482, 'hidden_continuous_size': 9, 'attention_head_size': 3, 'learning_rate': 0.03584706217748437}. Best is trial 0 with value: 0.11250811070203781.
[I 2023-12-26 17:03:03,411] Trial 42 finished with value: 3.494375467300415 and parameters: {'gradient_clip_val': 0.8075129219132412, 'hidden_size': 75, 'dropout': 0.17055682041114997, 'hidden_continuous_size': 9, 'attention_head_size': 3, 'learning_rate': 0.043211844415631515}. Best is trial 0 with value: 0.11250811070203781.
[I 2023-12-26 17:03:06,071] Trial 43 finished with value: 3.5900917053222656 and parameters: {'gradient_clip_val': 0.649011278456237, 'hidden_size': 48, 'dropout': 0.19495153668591889, 'hidden_continuous_size': 7, 'attention_head_size': 3, 'learning_rate': 0.07565146070830588}. Best is trial 0 with value: 0.11250811070203781.
[I 2023-12-26 17:03:09,689] Trial 44 finished with value: 2.7454452514648438 and parameters: {'gradient_clip_val': 0.8876974339783033, 'hidden_size': 60, 'dropout': 0.12057325511128074, 'hidden_continuous_size': 5, 'attention_head_size': 3, 'learning_rate': 0.0595973611310089}. Best is trial 0 with value: 0.11250811070203781.
[I 2023-12-26 17:03:14,311] Trial 45 finished with value: 3.8930399417877197 and parameters: {'gradient_clip_val': 0.7198971328800395, 'hidden_size': 84, 'dropout': 0.14690016326781496, 'hidden_continuous_size': 5, 'attention_head_size': 2, 'learning_rate': 0.05969932061576935}. Best is trial 0 with value: 0.11250811070203781.
[I 2023-12-26 17:03:16,084] Trial 46 finished with value: 3.6845099925994873 and parameters: {'gradient_clip_val': 0.8839026888319552, 'hidden_size': 5, 'dropout': 0.1697863443308676, 'hidden_continuous_size': 5, 'attention_head_size': 4, 'learning_rate': 0.06936079220629801}. Best is trial 0 with value: 0.11250811070203781.
[I 2023-12-26 17:03:19,708] Trial 47 finished with value: 3.44950270652771 and parameters: {'gradient_clip_val': 0.7701001962416362, 'hidden_size': 66, 'dropout': 0.22095986863056166, 'hidden_continuous_size': 6, 'attention_head_size': 3, 'learning_rate': 0.07935492914761122}. Best is trial 0 with value: 0.11250811070203781.
[I 2023-12-26 17:03:21,656] Trial 48 finished with value: 3.8681228160858154 and parameters: {'gradient_clip_val': 0.6214404556697006, 'hidden_size': 7, 'dropout': 0.18849650838672932, 'hidden_continuous_size': 5, 'attention_head_size': 4, 'learning_rate': 0.055340242662127094}. Best is trial 0 with value: 0.11250811070203781.
[I 2023-12-26 17:03:23,730] Trial 49 finished with value: 3.573629379272461 and parameters: {'gradient_clip_val': 0.9106223975844031, 'hidden_size': 13, 'dropout': 0.12170972398691486, 'hidden_continuous_size': 6, 'attention_head_size': 3, 'learning_rate': 0.04081169067324407}. Best is trial 0 with value: 0.11250811070203781.
[I 2023-12-26 17:03:23,848] A new study created in memory with name: no-name-46d7a5fa-0780-481f-8d5c-5f4fc9ceecb0
/home/le004/conda/anaconda3/envs/tsff_env/lib/python3.9/site-packages/lightning/fabric/plugins/environments/slurm.py:191: The `srun` command is available on your system but is not used. HINT: If your intention is to run Lightning on SLURM, prepend your python command with `srun` like so: srun python /home/le004/master_thesis/git/TSFusionForecast/code/ ...
[I 2023-12-26 17:08:43,020] Trial 0 finished with value: 0.02692069672048092 and parameters: {'gradient_clip_val': 0.48964590910505, 'hidden_size': 10, 'dropout': 0.14969952575700282, 'hidden_continuous_size': 5, 'attention_head_size': 3, 'learning_rate': 0.017489925398824217}. Best is trial 0 with value: 0.02692069672048092.
[I 2023-12-26 17:16:07,801] Trial 1 finished with value: 0.05481041595339775 and parameters: {'gradient_clip_val': 0.1264368937340714, 'hidden_size': 123, 'dropout': 0.12754594044508313, 'hidden_continuous_size': 102, 'attention_head_size': 4, 'learning_rate': 0.0007301950261571939}. Best is trial 0 with value: 0.02692069672048092.
[I 2023-12-26 17:16:10,062] Trial 2 finished with value: 3.962411642074585 and parameters: {'gradient_clip_val': 0.2491861802606417, 'hidden_size': 24, 'dropout': 0.3595286477642119, 'hidden_continuous_size': 19, 'attention_head_size': 2, 'learning_rate': 0.006106196087252451}. Best is trial 0 with value: 0.02692069672048092.
[I 2023-12-26 17:16:11,985] Trial 3 finished with value: 3.7733993530273438 and parameters: {'gradient_clip_val': 0.5158192168471284, 'hidden_size': 6, 'dropout': 0.10468424512178554, 'hidden_continuous_size': 6, 'attention_head_size': 2, 'learning_rate': 0.008169128915862987}. Best is trial 0 with value: 0.02692069672048092.
[I 2023-12-26 17:16:17,002] Trial 4 finished with value: 3.3523528575897217 and parameters: {'gradient_clip_val': 0.20802534235116174, 'hidden_size': 72, 'dropout': 0.487900546690897, 'hidden_continuous_size': 35, 'attention_head_size': 2, 'learning_rate': 0.0026190167521086584}. Best is trial 0 with value: 0.02692069672048092.
[I 2023-12-26 17:16:27,365] Trial 5 finished with value: 2.8972702026367188 and parameters: {'gradient_clip_val': 0.15913373774925513, 'hidden_size': 138, 'dropout': 0.20984167246032293, 'hidden_continuous_size': 8, 'attention_head_size': 4, 'learning_rate': 0.058308745872192626}. Best is trial 0 with value: 0.02692069672048092.
[I 2023-12-26 17:16:30,647] Trial 6 finished with value: 3.5481622219085693 and parameters: {'gradient_clip_val': 0.3126526179039339, 'hidden_size': 41, 'dropout': 0.49442231821187355, 'hidden_continuous_size': 5, 'attention_head_size': 3, 'learning_rate': 0.0011994496002161016}. Best is trial 0 with value: 0.02692069672048092.
[I 2023-12-26 17:16:33,168] Trial 7 finished with value: 3.0937442779541016 and parameters: {'gradient_clip_val': 0.15503479298504283, 'hidden_size': 19, 'dropout': 0.37530870264445626, 'hidden_continuous_size': 11, 'attention_head_size': 2, 'learning_rate': 0.00458785508939243}. Best is trial 0 with value: 0.02692069672048092.
[I 2023-12-26 17:16:38,417] Trial 8 finished with value: 3.0824644565582275 and parameters: {'gradient_clip_val': 0.13170081932810787, 'hidden_size': 65, 'dropout': 0.12466897360852687, 'hidden_continuous_size': 11, 'attention_head_size': 4, 'learning_rate': 0.03208393513562321}. Best is trial 0 with value: 0.02692069672048092.
[I 2023-12-26 17:16:40,284] Trial 9 finished with value: 3.5176312923431396 and parameters: {'gradient_clip_val': 0.3365683919146622, 'hidden_size': 8, 'dropout': 0.1206864014557179, 'hidden_continuous_size': 6, 'attention_head_size': 2, 'learning_rate': 0.04048400602236552}. Best is trial 0 with value: 0.02692069672048092.
[I 2023-12-26 17:16:42,602] Trial 10 finished with value: 2.8460700511932373 and parameters: {'gradient_clip_val': 0.8855451171900879, 'hidden_size': 10, 'dropout': 0.2624710958047976, 'hidden_continuous_size': 5, 'attention_head_size': 1, 'learning_rate': 0.016792757353363708}. Best is trial 0 with value: 0.02692069672048092.
[I 2023-12-26 17:16:45,451] Trial 11 finished with value: 4.118295192718506 and parameters: {'gradient_clip_val': 0.10089433096215714, 'hidden_size': 12, 'dropout': 0.19430537940332337, 'hidden_continuous_size': 7, 'attention_head_size': 3, 'learning_rate': 0.0007251294317714679}. Best is trial 0 with value: 0.02692069672048092.
[I 2023-12-26 17:16:47,854] Trial 12 finished with value: 4.332751274108887 and parameters: {'gradient_clip_val': 0.45710710492426415, 'hidden_size': 16, 'dropout': 0.18038567324745786, 'hidden_continuous_size': 10, 'attention_head_size': 4, 'learning_rate': 0.0005354049991040711}. Best is trial 0 with value: 0.02692069672048092.
[I 2023-12-26 17:16:51,370] Trial 13 finished with value: 2.3739099502563477 and parameters: {'gradient_clip_val': 0.10126398761068912, 'hidden_size': 33, 'dropout': 0.16764288251119444, 'hidden_continuous_size': 17, 'attention_head_size': 3, 'learning_rate': 0.01628737187923819}. Best is trial 0 with value: 0.02692069672048092.
[I 2023-12-26 17:17:03,276] Trial 14 finished with value: 2.879236936569214 and parameters: {'gradient_clip_val': 0.22919662057455123, 'hidden_size': 134, 'dropout': 0.2424229031884838, 'hidden_continuous_size': 105, 'attention_head_size': 4, 'learning_rate': 0.0016681714244904952}. Best is trial 0 with value: 0.02692069672048092.
[I 2023-12-26 17:17:05,773] Trial 15 finished with value: 5.343254089355469 and parameters: {'gradient_clip_val': 0.5210936586809459, 'hidden_size': 16, 'dropout': 0.14934700328778408, 'hidden_continuous_size': 5, 'attention_head_size': 3, 'learning_rate': 0.003123007531051476}. Best is trial 0 with value: 0.02692069672048092.
[I 2023-12-26 17:17:08,149] Trial 16 finished with value: 2.896448850631714 and parameters: {'gradient_clip_val': 0.7667934012852032, 'hidden_size': 6, 'dropout': 0.15525427051813379, 'hidden_continuous_size': 5, 'attention_head_size': 4, 'learning_rate': 0.0012674553226962118}. Best is trial 0 with value: 0.02692069672048092.
[I 2023-12-26 17:17:10,861] Trial 17 finished with value: 3.147427797317505 and parameters: {'gradient_clip_val': 0.37665549402076115, 'hidden_size': 27, 'dropout': 0.10047815798143328, 'hidden_continuous_size': 8, 'attention_head_size': 3, 'learning_rate': 0.009886333968248602}. Best is trial 0 with value: 0.02692069672048092.
[I 2023-12-26 17:17:12,686] Trial 18 finished with value: 3.0305042266845703 and parameters: {'gradient_clip_val': 0.6156736571942737, 'hidden_size': 5, 'dropout': 0.2199390579883877, 'hidden_continuous_size': 5, 'attention_head_size': 1, 'learning_rate': 0.004351343831380228}. Best is trial 0 with value: 0.02692069672048092.
[I 2023-12-26 17:17:16,941] Trial 19 finished with value: 4.378798961639404 and parameters: {'gradient_clip_val': 0.9804631405255302, 'hidden_size': 47, 'dropout': 0.2663780532663069, 'hidden_continuous_size': 24, 'attention_head_size': 4, 'learning_rate': 0.0005134588809384809}. Best is trial 0 with value: 0.02692069672048092.
[I 2023-12-26 17:17:19,432] Trial 20 finished with value: 2.851519823074341 and parameters: {'gradient_clip_val': 0.27683777340885385, 'hidden_size': 12, 'dropout': 0.14358375429225753, 'hidden_continuous_size': 6, 'attention_head_size': 3, 'learning_rate': 0.08602776443123572}. Best is trial 0 with value: 0.02692069672048092.
[I 2023-12-26 17:17:22,535] Trial 21 finished with value: 3.977245330810547 and parameters: {'gradient_clip_val': 0.12096280786324973, 'hidden_size': 28, 'dropout': 0.16334592812126156, 'hidden_continuous_size': 14, 'attention_head_size': 3, 'learning_rate': 0.014900610037941985}. Best is trial 0 with value: 0.02692069672048092.
[I 2023-12-26 17:17:29,804] Trial 22 finished with value: 3.291691541671753 and parameters: {'gradient_clip_val': 0.10948573911465342, 'hidden_size': 88, 'dropout': 0.17730104521624007, 'hidden_continuous_size': 43, 'attention_head_size': 3, 'learning_rate': 0.016203685021405373}. Best is trial 0 with value: 0.02692069672048092.
[I 2023-12-26 17:17:33,591] Trial 23 finished with value: 3.0376927852630615 and parameters: {'gradient_clip_val': 0.16987006672299734, 'hidden_size': 36, 'dropout': 0.13882588561946468, 'hidden_continuous_size': 9, 'attention_head_size': 3, 'learning_rate': 0.022896261700059088}. Best is trial 0 with value: 0.02692069672048092.
[I 2023-12-26 17:17:43,869] Trial 24 finished with value: 3.729125738143921 and parameters: {'gradient_clip_val': 0.1271215744130211, 'hidden_size': 111, 'dropout': 0.19662079381647402, 'hidden_continuous_size': 101, 'attention_head_size': 4, 'learning_rate': 0.010264691488854795}. Best is trial 0 with value: 0.02692069672048092.
[I 2023-12-26 17:17:49,418] Trial 25 finished with value: 4.198218822479248 and parameters: {'gradient_clip_val': 0.10169460816684656, 'hidden_size': 71, 'dropout': 0.10372506814914662, 'hidden_continuous_size': 14, 'attention_head_size': 3, 'learning_rate': 0.029594254872524667}. Best is trial 0 with value: 0.02692069672048092.
[I 2023-12-26 17:17:53,438] Trial 26 finished with value: 3.5294253826141357 and parameters: {'gradient_clip_val': 0.17696995905860263, 'hidden_size': 46, 'dropout': 0.17253881245222222, 'hidden_continuous_size': 13, 'attention_head_size': 4, 'learning_rate': 0.011914955518419243}. Best is trial 0 with value: 0.02692069672048092.
[I 2023-12-26 17:18:02,363] Trial 27 finished with value: 4.65348482131958 and parameters: {'gradient_clip_val': 0.13530071776493874, 'hidden_size': 99, 'dropout': 0.1345740269040481, 'hidden_continuous_size': 71, 'attention_head_size': 3, 'learning_rate': 0.007997460091243785}. Best is trial 0 with value: 0.02692069672048092.
[I 2023-12-26 17:18:16,157] Trial 28 finished with value: 2.885126829147339 and parameters: {'gradient_clip_val': 0.11803709924458161, 'hidden_size': 150, 'dropout': 0.21579272580986958, 'hidden_continuous_size': 131, 'attention_head_size': 2, 'learning_rate': 0.023488733180598718}. Best is trial 0 with value: 0.02692069672048092.
[I 2023-12-26 17:18:18,937] Trial 29 finished with value: 4.199504375457764 and parameters: {'gradient_clip_val': 0.1968622992101063, 'hidden_size': 21, 'dropout': 0.16122805145421343, 'hidden_continuous_size': 7, 'attention_head_size': 1, 'learning_rate': 0.006511642782726421}. Best is trial 0 with value: 0.02692069672048092.
[I 2023-12-26 17:18:23,541] Trial 30 finished with value: 3.9375810623168945 and parameters: {'gradient_clip_val': 0.24931834047642562, 'hidden_size': 55, 'dropout': 0.3112736795206804, 'hidden_continuous_size': 18, 'attention_head_size': 4, 'learning_rate': 0.005751316785393789}. Best is trial 0 with value: 0.02692069672048092.
[I 2023-12-26 17:18:26,645] Trial 31 finished with value: 4.3244452476501465 and parameters: {'gradient_clip_val': 0.6591558494289768, 'hidden_size': 33, 'dropout': 0.23762820956030406, 'hidden_continuous_size': 16, 'attention_head_size': 1, 'learning_rate': 0.015919457844740866}. Best is trial 0 with value: 0.02692069672048092.
[I 2023-12-26 17:18:29,044] Trial 32 finished with value: 2.786085367202759 and parameters: {'gradient_clip_val': 0.43125940024514337, 'hidden_size': 10, 'dropout': 0.12404472303747821, 'hidden_continuous_size': 6, 'attention_head_size': 2, 'learning_rate': 0.018486449458584832}. Best is trial 0 with value: 0.02692069672048092.
