[I 2023-12-15 20:22:50,903] Trial 33 finished with value: 0.0534946508705616 and parameters: {'gradient_clip_val': 0.4591906142458664, 'hidden_size': 84, 'dropout': 0.2591663567915369, 'hidden_continuous_size': 41, 'attention_head_size': 4, 'learning_rate': 0.004411837398341987}. Best is trial 7 with value: 0.0378878079354763.
LOCAL_RANK: 0 - CUDA_VISIBLE_DEVICES: [0]
[I 2023-12-15 20:23:46,801] Trial 34 finished with value: 0.060383524745702744 and parameters: {'gradient_clip_val': 0.6119861252523882, 'hidden_size': 67, 'dropout': 0.2961857773615337, 'hidden_continuous_size': 39, 'attention_head_size': 3, 'learning_rate': 0.005158568240738076}. Best is trial 7 with value: 0.0378878079354763.
LOCAL_RANK: 0 - CUDA_VISIBLE_DEVICES: [0]
[I 2023-12-15 20:24:35,039] Trial 35 finished with value: 0.06663749366998672 and parameters: {'gradient_clip_val': 0.7485450246310337, 'hidden_size': 21, 'dropout': 0.23680052482816633, 'hidden_continuous_size': 5, 'attention_head_size': 1, 'learning_rate': 0.0033501796774588325}. Best is trial 7 with value: 0.0378878079354763.
LOCAL_RANK: 0 - CUDA_VISIBLE_DEVICES: [0]
[I 2023-12-15 20:25:31,142] Trial 36 finished with value: 0.046359166502952576 and parameters: {'gradient_clip_val': 0.3805560351610378, 'hidden_size': 88, 'dropout': 0.32550494608023944, 'hidden_continuous_size': 49, 'attention_head_size': 2, 'learning_rate': 0.0020886680549132308}. Best is trial 7 with value: 0.0378878079354763.
LOCAL_RANK: 0 - CUDA_VISIBLE_DEVICES: [0]
[I 2023-12-15 20:26:27,510] Trial 37 finished with value: 0.03853817656636238 and parameters: {'gradient_clip_val': 0.8594978587239807, 'hidden_size': 100, 'dropout': 0.2599866793805275, 'hidden_continuous_size': 28, 'attention_head_size': 4, 'learning_rate': 0.0031040480079056894}. Best is trial 7 with value: 0.0378878079354763.
LOCAL_RANK: 0 - CUDA_VISIBLE_DEVICES: [0]
[I 2023-12-15 20:27:22,788] Trial 38 finished with value: 0.0799688771367073 and parameters: {'gradient_clip_val': 0.9079940112236506, 'hidden_size': 73, 'dropout': 0.24268995423537953, 'hidden_continuous_size': 31, 'attention_head_size': 3, 'learning_rate': 0.09057858403127968}. Best is trial 7 with value: 0.0378878079354763.
LOCAL_RANK: 0 - CUDA_VISIBLE_DEVICES: [0]
[I 2023-12-15 20:28:19,090] Trial 39 finished with value: 0.0628919005393982 and parameters: {'gradient_clip_val': 0.8016002364393031, 'hidden_size': 99, 'dropout': 0.2562044974687938, 'hidden_continuous_size': 26, 'attention_head_size': 2, 'learning_rate': 0.005159034477067578}. Best is trial 7 with value: 0.0378878079354763.
LOCAL_RANK: 0 - CUDA_VISIBLE_DEVICES: [0]
[I 2023-12-15 20:29:12,457] Trial 40 finished with value: 0.08365118503570557 and parameters: {'gradient_clip_val': 0.9526673910495151, 'hidden_size': 42, 'dropout': 0.29992732407582, 'hidden_continuous_size': 28, 'attention_head_size': 1, 'learning_rate': 0.0031800972803961393}. Best is trial 7 with value: 0.0378878079354763.
LOCAL_RANK: 0 - CUDA_VISIBLE_DEVICES: [0]
[I 2023-12-15 20:30:09,983] Trial 41 finished with value: 0.06415989249944687 and parameters: {'gradient_clip_val': 0.6666606403724961, 'hidden_size': 90, 'dropout': 0.2629782258247883, 'hidden_continuous_size': 37, 'attention_head_size': 4, 'learning_rate': 0.002400606623192918}. Best is trial 7 with value: 0.0378878079354763.
LOCAL_RANK: 0 - CUDA_VISIBLE_DEVICES: [0]
[I 2023-12-15 20:31:06,139] Trial 42 finished with value: 0.04984334111213684 and parameters: {'gradient_clip_val': 0.604304381423488, 'hidden_size': 72, 'dropout': 0.28164012867161736, 'hidden_continuous_size': 44, 'attention_head_size': 4, 'learning_rate': 0.0028485234586574466}. Best is trial 7 with value: 0.0378878079354763.
LOCAL_RANK: 0 - CUDA_VISIBLE_DEVICES: [0]
[I 2023-12-15 20:32:01,706] Trial 43 finished with value: 0.039611537009477615 and parameters: {'gradient_clip_val': 0.8256080329820772, 'hidden_size': 59, 'dropout': 0.27152720964515104, 'hidden_continuous_size': 36, 'attention_head_size': 4, 'learning_rate': 0.00693043678687058}. Best is trial 7 with value: 0.0378878079354763.
LOCAL_RANK: 0 - CUDA_VISIBLE_DEVICES: [0]
[I 2023-12-15 20:32:56,921] Trial 44 finished with value: 0.06055297330021858 and parameters: {'gradient_clip_val': 0.8434990375504209, 'hidden_size': 60, 'dropout': 0.3124469619954061, 'hidden_continuous_size': 35, 'attention_head_size': 4, 'learning_rate': 0.007406288182600976}. Best is trial 7 with value: 0.0378878079354763.
LOCAL_RANK: 0 - CUDA_VISIBLE_DEVICES: [0]
[I 2023-12-15 20:33:51,693] Trial 45 finished with value: 0.042515914887189865 and parameters: {'gradient_clip_val': 0.8710544380249509, 'hidden_size': 68, 'dropout': 0.2859585264897473, 'hidden_continuous_size': 22, 'attention_head_size': 4, 'learning_rate': 0.004738166201184358}. Best is trial 7 with value: 0.0378878079354763.
LOCAL_RANK: 0 - CUDA_VISIBLE_DEVICES: [0]
[I 2023-12-15 20:34:47,430] Trial 46 finished with value: 0.048576194792985916 and parameters: {'gradient_clip_val': 0.7485731985771401, 'hidden_size': 86, 'dropout': 0.2438033738610924, 'hidden_continuous_size': 23, 'attention_head_size': 3, 'learning_rate': 0.006906780226714277}. Best is trial 7 with value: 0.0378878079354763.
LOCAL_RANK: 0 - CUDA_VISIBLE_DEVICES: [0]
[I 2023-12-15 20:35:41,279] Trial 47 finished with value: 0.04480507969856262 and parameters: {'gradient_clip_val': 0.9797386864402364, 'hidden_size': 56, 'dropout': 0.328434473459604, 'hidden_continuous_size': 36, 'attention_head_size': 2, 'learning_rate': 0.0037989639933179173}. Best is trial 7 with value: 0.0378878079354763.
LOCAL_RANK: 0 - CUDA_VISIBLE_DEVICES: [0]
[I 2023-12-15 20:36:39,083] Trial 48 finished with value: 0.044937532395124435 and parameters: {'gradient_clip_val': 0.6729883682326507, 'hidden_size': 100, 'dropout': 0.29479547366642095, 'hidden_continuous_size': 55, 'attention_head_size': 4, 'learning_rate': 0.005157385224410835}. Best is trial 7 with value: 0.0378878079354763.
LOCAL_RANK: 0 - CUDA_VISIBLE_DEVICES: [0]
[I 2023-12-15 20:37:33,973] Trial 49 finished with value: 0.059840813279151917 and parameters: {'gradient_clip_val': 0.7472700223798648, 'hidden_size': 70, 'dropout': 0.2513295291990818, 'hidden_continuous_size': 28, 'attention_head_size': 2, 'learning_rate': 0.01867785873096567}. Best is trial 7 with value: 0.0378878079354763.
[I 2023-12-15 20:37:34,066] A new study created in memory with name: no-name-894cd6e7-6706-45a4-9832-b24ad66a56e1
/home/le004/conda/anaconda3/envs/tsff_env/lib/python3.9/site-packages/lightning/fabric/plugins/environments/slurm.py:191: The `srun` command is available on your system but is not used. HINT: If your intention is to run Lightning on SLURM, prepend your python command with `srun` like so: srun python /home/le004/master_thesis/git/TSFusionForecast/code/ ...
LOCAL_RANK: 0 - CUDA_VISIBLE_DEVICES: [0]
[I 2023-12-15 20:38:31,195] Trial 0 finished with value: 3602.235107421875 and parameters: {'gradient_clip_val': 0.5395238755889481, 'hidden_size': 99, 'dropout': 0.32572342498959284, 'hidden_continuous_size': 34, 'attention_head_size': 3, 'learning_rate': 0.05746834439213676}. Best is trial 0 with value: 3602.235107421875.
LOCAL_RANK: 0 - CUDA_VISIBLE_DEVICES: [0]
[I 2023-12-15 20:39:19,457] Trial 1 finished with value: 2178.46533203125 and parameters: {'gradient_clip_val': 0.16704521335866593, 'hidden_size': 21, 'dropout': 0.2001754006694647, 'hidden_continuous_size': 6, 'attention_head_size': 1, 'learning_rate': 0.004508866507419108}. Best is trial 1 with value: 2178.46533203125.
LOCAL_RANK: 0 - CUDA_VISIBLE_DEVICES: [0]
[I 2023-12-15 20:39:55,109] Trial 2 finished with value: 2276.893798828125 and parameters: {'gradient_clip_val': 0.10684392615016078, 'hidden_size': 6, 'dropout': 0.1047755765203467, 'hidden_continuous_size': 6, 'attention_head_size': 2, 'learning_rate': 0.0498581347004801}. Best is trial 1 with value: 2178.46533203125.
LOCAL_RANK: 0 - CUDA_VISIBLE_DEVICES: [0]
[I 2023-12-15 20:40:45,346] Trial 3 finished with value: 2633.21923828125 and parameters: {'gradient_clip_val': 0.5738412810862863, 'hidden_size': 26, 'dropout': 0.1919847710165908, 'hidden_continuous_size': 18, 'attention_head_size': 1, 'learning_rate': 0.003887585710664063}. Best is trial 1 with value: 2178.46533203125.
LOCAL_RANK: 0 - CUDA_VISIBLE_DEVICES: [0]
[I 2023-12-15 20:41:37,524] Trial 4 finished with value: 2306.044921875 and parameters: {'gradient_clip_val': 0.13317562179795586, 'hidden_size': 59, 'dropout': 0.26039250062356384, 'hidden_continuous_size': 5, 'attention_head_size': 2, 'learning_rate': 0.007762824885244224}. Best is trial 1 with value: 2178.46533203125.
LOCAL_RANK: 0 - CUDA_VISIBLE_DEVICES: [0]
[I 2023-12-15 20:42:30,937] Trial 5 finished with value: 1941.02880859375 and parameters: {'gradient_clip_val': 0.12603195706696077, 'hidden_size': 80, 'dropout': 0.10813781155253553, 'hidden_continuous_size': 8, 'attention_head_size': 1, 'learning_rate': 0.0005649776079787108}. Best is trial 5 with value: 1941.02880859375.
LOCAL_RANK: 0 - CUDA_VISIBLE_DEVICES: [0]
[I 2023-12-15 20:43:07,058] Trial 6 finished with value: 1290.6463623046875 and parameters: {'gradient_clip_val': 0.28673952706467953, 'hidden_size': 6, 'dropout': 0.35526382508207677, 'hidden_continuous_size': 6, 'attention_head_size': 4, 'learning_rate': 0.043550517860040945}. Best is trial 6 with value: 1290.6463623046875.
LOCAL_RANK: 0 - CUDA_VISIBLE_DEVICES: [0]
[I 2023-12-15 20:43:52,451] Trial 7 finished with value: 1288.151123046875 and parameters: {'gradient_clip_val': 0.7503407961192404, 'hidden_size': 8, 'dropout': 0.1996012351943518, 'hidden_continuous_size': 6, 'attention_head_size': 3, 'learning_rate': 0.008627629934514868}. Best is trial 7 with value: 1288.151123046875.
LOCAL_RANK: 0 - CUDA_VISIBLE_DEVICES: [0]
[I 2023-12-15 20:44:49,752] Trial 8 finished with value: 2493.562744140625 and parameters: {'gradient_clip_val': 0.11577904759407086, 'hidden_size': 97, 'dropout': 0.36500511975847894, 'hidden_continuous_size': 43, 'attention_head_size': 3, 'learning_rate': 0.002282924814615088}. Best is trial 7 with value: 1288.151123046875.
LOCAL_RANK: 0 - CUDA_VISIBLE_DEVICES: [0]
[I 2023-12-15 20:45:26,921] Trial 9 finished with value: 2369.149169921875 and parameters: {'gradient_clip_val': 0.37810482533470113, 'hidden_size': 42, 'dropout': 0.36347882184499447, 'hidden_continuous_size': 42, 'attention_head_size': 1, 'learning_rate': 0.003186202504672599}. Best is trial 7 with value: 1288.151123046875.
LOCAL_RANK: 0 - CUDA_VISIBLE_DEVICES: [0]
[I 2023-12-15 20:46:14,184] Trial 10 finished with value: 2790.969970703125 and parameters: {'gradient_clip_val': 0.8763036013304196, 'hidden_size': 11, 'dropout': 0.283702893223691, 'hidden_continuous_size': 5, 'attention_head_size': 4, 'learning_rate': 0.017607954210022973}. Best is trial 7 with value: 1288.151123046875.
LOCAL_RANK: 0 - CUDA_VISIBLE_DEVICES: [0]
[I 2023-12-15 20:46:53,087] Trial 11 finished with value: 1201.5584716796875 and parameters: {'gradient_clip_val': 0.2525268217688038, 'hidden_size': 5, 'dropout': 0.3914757479504386, 'hidden_continuous_size': 5, 'attention_head_size': 4, 'learning_rate': 0.021153777417567254}. Best is trial 11 with value: 1201.5584716796875.
LOCAL_RANK: 0 - CUDA_VISIBLE_DEVICES: [0]
[I 2023-12-15 20:47:29,769] Trial 12 finished with value: 1283.02587890625 and parameters: {'gradient_clip_val': 0.2360612065640517, 'hidden_size': 5, 'dropout': 0.3967240938059593, 'hidden_continuous_size': 5, 'attention_head_size': 4, 'learning_rate': 0.018271861719040633}. Best is trial 11 with value: 1201.5584716796875.
LOCAL_RANK: 0 - CUDA_VISIBLE_DEVICES: [0]
[I 2023-12-15 20:48:06,997] Trial 13 finished with value: 1560.595703125 and parameters: {'gradient_clip_val': 0.23658031305863095, 'hidden_size': 5, 'dropout': 0.39053680585379763, 'hidden_continuous_size': 5, 'attention_head_size': 4, 'learning_rate': 0.020005876191825218}. Best is trial 11 with value: 1201.5584716796875.
LOCAL_RANK: 0 - CUDA_VISIBLE_DEVICES: [0]
[I 2023-12-15 20:48:54,536] Trial 14 finished with value: 2456.48486328125 and parameters: {'gradient_clip_val': 0.2112529635149197, 'hidden_size': 9, 'dropout': 0.320227980687329, 'hidden_continuous_size': 5, 'attention_head_size': 4, 'learning_rate': 0.022329379648934798}. Best is trial 11 with value: 1201.5584716796875.
LOCAL_RANK: 0 - CUDA_VISIBLE_DEVICES: [0]
[I 2023-12-15 20:49:31,633] Trial 15 finished with value: 1757.4849853515625 and parameters: {'gradient_clip_val': 0.35002076922427455, 'hidden_size': 5, 'dropout': 0.3954361610022722, 'hidden_continuous_size': 5, 'attention_head_size': 3, 'learning_rate': 0.030347961192787182}. Best is trial 11 with value: 1201.5584716796875.
LOCAL_RANK: 0 - CUDA_VISIBLE_DEVICES: [0]
[I 2023-12-15 20:50:18,003] Trial 16 finished with value: 2198.734375 and parameters: {'gradient_clip_val': 0.18380600279618176, 'hidden_size': 12, 'dropout': 0.39845999749913696, 'hidden_continuous_size': 7, 'attention_head_size': 4, 'learning_rate': 0.07761831573074003}. Best is trial 11 with value: 1201.5584716796875.
LOCAL_RANK: 0 - CUDA_VISIBLE_DEVICES: [0]
[I 2023-12-15 20:51:05,048] Trial 17 finished with value: 2516.856201171875 and parameters: {'gradient_clip_val': 0.2780215563179586, 'hidden_size': 7, 'dropout': 0.32035823988730544, 'hidden_continuous_size': 5, 'attention_head_size': 4, 'learning_rate': 0.09035381092328393}. Best is trial 11 with value: 1201.5584716796875.
LOCAL_RANK: 0 - CUDA_VISIBLE_DEVICES: [0]
[I 2023-12-15 20:51:51,553] Trial 18 finished with value: 2438.392822265625 and parameters: {'gradient_clip_val': 0.1716076237272029, 'hidden_size': 13, 'dropout': 0.3429807379036919, 'hidden_continuous_size': 7, 'attention_head_size': 2, 'learning_rate': 0.013649266971435132}. Best is trial 11 with value: 1201.5584716796875.
LOCAL_RANK: 0 - CUDA_VISIBLE_DEVICES: [0]
[I 2023-12-15 20:52:27,319] Trial 19 finished with value: 1982.9638671875 and parameters: {'gradient_clip_val': 0.252949210469568, 'hidden_size': 5, 'dropout': 0.2956002848776628, 'hidden_continuous_size': 5, 'attention_head_size': 3, 'learning_rate': 0.03454523922588625}. Best is trial 11 with value: 1201.5584716796875.
LOCAL_RANK: 0 - CUDA_VISIBLE_DEVICES: [0]
[I 2023-12-15 20:53:14,106] Trial 20 finished with value: 472.3736877441406 and parameters: {'gradient_clip_val': 0.36685918477800994, 'hidden_size': 9, 'dropout': 0.3773542202922705, 'hidden_continuous_size': 5, 'attention_head_size': 4, 'learning_rate': 0.011425091643019268}. Best is trial 20 with value: 472.3736877441406.
LOCAL_RANK: 0 - CUDA_VISIBLE_DEVICES: [0]
[I 2023-12-15 20:54:00,320] Trial 21 finished with value: 1426.5703125 and parameters: {'gradient_clip_val': 0.35791363406144533, 'hidden_size': 8, 'dropout': 0.3782864998185463, 'hidden_continuous_size': 5, 'attention_head_size': 4, 'learning_rate': 0.012189674926273264}. Best is trial 20 with value: 472.3736877441406.
LOCAL_RANK: 0 - CUDA_VISIBLE_DEVICES: [0]
[I 2023-12-15 20:54:38,555] Trial 22 finished with value: 1680.1221923828125 and parameters: {'gradient_clip_val': 0.3101820392549395, 'hidden_size': 5, 'dropout': 0.3972263648596591, 'hidden_continuous_size': 5, 'attention_head_size': 4, 'learning_rate': 0.026671157986283802}. Best is trial 20 with value: 472.3736877441406.
LOCAL_RANK: 0 - CUDA_VISIBLE_DEVICES: [0]
[I 2023-12-15 20:55:25,742] Trial 23 finished with value: 1520.9556884765625 and parameters: {'gradient_clip_val': 0.4107539572188907, 'hidden_size': 7, 'dropout': 0.36221314829259454, 'hidden_continuous_size': 5, 'attention_head_size': 3, 'learning_rate': 0.013067999338003868}. Best is trial 20 with value: 472.3736877441406.
LOCAL_RANK: 0 - CUDA_VISIBLE_DEVICES: [0]
[I 2023-12-15 20:56:12,969] Trial 24 finished with value: 2729.439208984375 and parameters: {'gradient_clip_val': 0.21368178129936846, 'hidden_size': 10, 'dropout': 0.3458411191064481, 'hidden_continuous_size': 6, 'attention_head_size': 4, 'learning_rate': 0.03401983542876417}. Best is trial 20 with value: 472.3736877441406.
LOCAL_RANK: 0 - CUDA_VISIBLE_DEVICES: [0]
[I 2023-12-15 20:57:00,666] Trial 25 finished with value: 3135.871826171875 and parameters: {'gradient_clip_val': 0.2976451202578725, 'hidden_size': 15, 'dropout': 0.37546266443203524, 'hidden_continuous_size': 7, 'attention_head_size': 4, 'learning_rate': 0.010213663963984177}. Best is trial 20 with value: 472.3736877441406.
LOCAL_RANK: 0 - CUDA_VISIBLE_DEVICES: [0]
[I 2023-12-15 20:57:47,213] Trial 26 finished with value: 2264.724853515625 and parameters: {'gradient_clip_val': 0.44943529403550575, 'hidden_size': 7, 'dropout': 0.37444016722016443, 'hidden_continuous_size': 5, 'attention_head_size': 3, 'learning_rate': 0.017760260793334433}. Best is trial 20 with value: 472.3736877441406.
LOCAL_RANK: 0 - CUDA_VISIBLE_DEVICES: [0]
[I 2023-12-15 20:58:34,519] Trial 27 finished with value: 1184.8507080078125 and parameters: {'gradient_clip_val': 0.24766754024439022, 'hidden_size': 9, 'dropout': 0.3294145943098775, 'hidden_continuous_size': 5, 'attention_head_size': 4, 'learning_rate': 0.005312182907509056}. Best is trial 20 with value: 472.3736877441406.
LOCAL_RANK: 0 - CUDA_VISIBLE_DEVICES: [0]
[I 2023-12-15 20:59:21,174] Trial 28 finished with value: 1088.32568359375 and parameters: {'gradient_clip_val': 0.3254303347029706, 'hidden_size': 9, 'dropout': 0.33732025482063077, 'hidden_continuous_size': 6, 'attention_head_size': 3, 'learning_rate': 0.007194755772793553}. Best is trial 20 with value: 472.3736877441406.
LOCAL_RANK: 0 - CUDA_VISIBLE_DEVICES: [0]
[I 2023-12-15 21:00:07,815] Trial 29 finished with value: 2201.297607421875 and parameters: {'gradient_clip_val': 0.5289357950133385, 'hidden_size': 16, 'dropout': 0.32765941734283655, 'hidden_continuous_size': 10, 'attention_head_size': 3, 'learning_rate': 0.005890238193483699}. Best is trial 20 with value: 472.3736877441406.
LOCAL_RANK: 0 - CUDA_VISIBLE_DEVICES: [0]
[I 2023-12-15 21:00:54,053] Trial 30 finished with value: 902.8215942382812 and parameters: {'gradient_clip_val': 0.34262570471989207, 'hidden_size': 10, 'dropout': 0.33212410502556383, 'hidden_continuous_size': 6, 'attention_head_size': 2, 'learning_rate': 0.007499517342218934}. Best is trial 20 with value: 472.3736877441406.
LOCAL_RANK: 0 - CUDA_VISIBLE_DEVICES: [0]
[I 2023-12-15 21:01:40,384] Trial 31 finished with value: 1446.0394287109375 and parameters: {'gradient_clip_val': 0.3367538933444932, 'hidden_size': 10, 'dropout': 0.33896920504497263, 'hidden_continuous_size': 6, 'attention_head_size': 2, 'learning_rate': 0.00639017689015862}. Best is trial 20 with value: 472.3736877441406.
LOCAL_RANK: 0 - CUDA_VISIBLE_DEVICES: [0]
[I 2023-12-15 21:02:26,456] Trial 32 finished with value: 1265.10791015625 and parameters: {'gradient_clip_val': 0.4275251935829277, 'hidden_size': 9, 'dropout': 0.3074705554304455, 'hidden_continuous_size': 6, 'attention_head_size': 2, 'learning_rate': 0.005395398388594766}. Best is trial 20 with value: 472.3736877441406.
LOCAL_RANK: 0 - CUDA_VISIBLE_DEVICES: [0]
[I 2023-12-15 21:03:12,842] Trial 33 finished with value: 1669.66455078125 and parameters: {'gradient_clip_val': 0.32088533895592836, 'hidden_size': 13, 'dropout': 0.33527393833065244, 'hidden_continuous_size': 6, 'attention_head_size': 2, 'learning_rate': 0.007849626048577163}. Best is trial 20 with value: 472.3736877441406.
LOCAL_RANK: 0 - CUDA_VISIBLE_DEVICES: [0]
[I 2023-12-15 21:03:58,998] Trial 34 finished with value: 1877.1072998046875 and parameters: {'gradient_clip_val': 0.3909967890446783, 'hidden_size': 16, 'dropout': 0.3502585144113136, 'hidden_continuous_size': 7, 'attention_head_size': 3, 'learning_rate': 0.0046752854933369125}. Best is trial 20 with value: 472.3736877441406.
LOCAL_RANK: 0 - CUDA_VISIBLE_DEVICES: [0]
[I 2023-12-15 21:04:48,063] Trial 35 finished with value: 2726.500244140625 and parameters: {'gradient_clip_val': 0.47303443682123775, 'hidden_size': 19, 'dropout': 0.3046575380698709, 'hidden_continuous_size': 9, 'attention_head_size': 2, 'learning_rate': 0.007913415046198172}. Best is trial 20 with value: 472.3736877441406.
LOCAL_RANK: 0 - CUDA_VISIBLE_DEVICES: [0]
[I 2023-12-15 21:05:34,646] Trial 36 finished with value: 1499.1910400390625 and parameters: {'gradient_clip_val': 0.28103550569924535, 'hidden_size': 11, 'dropout': 0.2805288264465658, 'hidden_continuous_size': 6, 'attention_head_size': 2, 'learning_rate': 0.0032500314236740754}. Best is trial 20 with value: 472.3736877441406.
LOCAL_RANK: 0 - CUDA_VISIBLE_DEVICES: [0]
[I 2023-12-15 21:06:20,509] Trial 37 finished with value: 1105.991455078125 and parameters: {'gradient_clip_val': 0.34114450584337974, 'hidden_size': 9, 'dropout': 0.32587898585245495, 'hidden_continuous_size': 6, 'attention_head_size': 1, 'learning_rate': 0.010023340367435235}. Best is trial 20 with value: 472.3736877441406.
LOCAL_RANK: 0 - CUDA_VISIBLE_DEVICES: [0]
[I 2023-12-15 21:07:10,334] Trial 38 finished with value: 2741.634033203125 and parameters: {'gradient_clip_val': 0.3527770167859892, 'hidden_size': 25, 'dropout': 0.24212674035253834, 'hidden_continuous_size': 13, 'attention_head_size': 1, 'learning_rate': 0.011267523030334644}. Best is trial 20 with value: 472.3736877441406.
LOCAL_RANK: 0 - CUDA_VISIBLE_DEVICES: [0]
[I 2023-12-15 21:07:47,234] Trial 39 finished with value: 1450.8702392578125 and parameters: {'gradient_clip_val': 0.5142342190513226, 'hidden_size': 6, 'dropout': 0.31357857744381984, 'hidden_continuous_size': 6, 'attention_head_size': 1, 'learning_rate': 0.009261258111995933}. Best is trial 20 with value: 472.3736877441406.
LOCAL_RANK: 0 - CUDA_VISIBLE_DEVICES: [0]
[I 2023-12-15 21:08:33,856] Trial 40 finished with value: 2065.372314453125 and parameters: {'gradient_clip_val': 0.4182095510657079, 'hidden_size': 14, 'dropout': 0.36124605191606024, 'hidden_continuous_size': 7, 'attention_head_size': 1, 'learning_rate': 0.00669610413122321}. Best is trial 20 with value: 472.3736877441406.
LOCAL_RANK: 0 - CUDA_VISIBLE_DEVICES: [0]
