[I 2023-12-26 12:15:22,028] Trial 24 finished with value: 326.7098693847656 and parameters: {'gradient_clip_val': 0.174630474810456, 'hidden_size': 105, 'dropout': 0.45574724164251756, 'hidden_continuous_size': 56, 'attention_head_size': 1, 'learning_rate': 0.002307778633349731}. Best is trial 0 with value: 225.15283203125.
[I 2023-12-26 12:15:33,047] Trial 25 finished with value: 263.5278625488281 and parameters: {'gradient_clip_val': 0.1299173999826792, 'hidden_size': 134, 'dropout': 0.40877574808340283, 'hidden_continuous_size': 72, 'attention_head_size': 2, 'learning_rate': 0.004468337710562936}. Best is trial 0 with value: 225.15283203125.
[I 2023-12-26 12:15:39,774] Trial 26 finished with value: 385.2708435058594 and parameters: {'gradient_clip_val': 0.20076024750703678, 'hidden_size': 82, 'dropout': 0.34441221386466503, 'hidden_continuous_size': 48, 'attention_head_size': 1, 'learning_rate': 0.00958946639017237}. Best is trial 0 with value: 225.15283203125.
[I 2023-12-26 12:15:44,453] Trial 27 finished with value: 542.3247680664062 and parameters: {'gradient_clip_val': 0.10626927158416138, 'hidden_size': 55, 'dropout': 0.37975913097374014, 'hidden_continuous_size': 31, 'attention_head_size': 1, 'learning_rate': 0.0064186930570568354}. Best is trial 0 with value: 225.15283203125.
[I 2023-12-26 12:15:53,649] Trial 28 finished with value: 509.3703918457031 and parameters: {'gradient_clip_val': 0.2659934415699404, 'hidden_size': 116, 'dropout': 0.4130055272891865, 'hidden_continuous_size': 46, 'attention_head_size': 2, 'learning_rate': 0.003298757574703842}. Best is trial 0 with value: 225.15283203125.
[I 2023-12-26 12:15:55,717] Trial 29 finished with value: 416.4886779785156 and parameters: {'gradient_clip_val': 0.3466298827968411, 'hidden_size': 6, 'dropout': 0.4756951011325101, 'hidden_continuous_size': 6, 'attention_head_size': 3, 'learning_rate': 0.009371642919141459}. Best is trial 0 with value: 225.15283203125.
[I 2023-12-26 12:16:02,532] Trial 30 finished with value: 348.3506774902344 and parameters: {'gradient_clip_val': 0.2215512406711247, 'hidden_size': 84, 'dropout': 0.4685474744934244, 'hidden_continuous_size': 40, 'attention_head_size': 1, 'learning_rate': 0.004779012463611249}. Best is trial 0 with value: 225.15283203125.
[I 2023-12-26 12:16:13,172] Trial 31 finished with value: 395.5665283203125 and parameters: {'gradient_clip_val': 0.13028205066508536, 'hidden_size': 130, 'dropout': 0.41512786673365015, 'hidden_continuous_size': 70, 'attention_head_size': 2, 'learning_rate': 0.004479655862149729}. Best is trial 0 with value: 225.15283203125.
[I 2023-12-26 12:16:23,364] Trial 32 finished with value: 323.4114990234375 and parameters: {'gradient_clip_val': 0.1478097289634547, 'hidden_size': 121, 'dropout': 0.44111958537327634, 'hidden_continuous_size': 79, 'attention_head_size': 2, 'learning_rate': 0.005775457362681852}. Best is trial 0 with value: 225.15283203125.
[I 2023-12-26 12:16:35,947] Trial 33 finished with value: 272.1673889160156 and parameters: {'gradient_clip_val': 0.1225685634337501, 'hidden_size': 148, 'dropout': 0.3978079675232429, 'hidden_continuous_size': 90, 'attention_head_size': 2, 'learning_rate': 0.015192340197398634}. Best is trial 0 with value: 225.15283203125.
[I 2023-12-26 12:16:44,212] Trial 34 finished with value: 490.9245300292969 and parameters: {'gradient_clip_val': 0.16745614338813544, 'hidden_size': 100, 'dropout': 0.3477500310146963, 'hidden_continuous_size': 58, 'attention_head_size': 4, 'learning_rate': 0.008920153871263034}. Best is trial 0 with value: 225.15283203125.
[I 2023-12-26 12:16:54,319] Trial 35 finished with value: 381.8047790527344 and parameters: {'gradient_clip_val': 0.14150610719706333, 'hidden_size': 123, 'dropout': 0.3660208476705858, 'hidden_continuous_size': 63, 'attention_head_size': 2, 'learning_rate': 0.003749145005654826}. Best is trial 0 with value: 225.15283203125.
[I 2023-12-26 12:16:56,705] Trial 36 finished with value: 351.4657287597656 and parameters: {'gradient_clip_val': 0.17909391628695034, 'hidden_size': 11, 'dropout': 0.2799496936814701, 'hidden_continuous_size': 10, 'attention_head_size': 3, 'learning_rate': 0.007008042760484222}. Best is trial 0 with value: 225.15283203125.
[I 2023-12-26 12:17:04,754] Trial 37 finished with value: 319.97296142578125 and parameters: {'gradient_clip_val': 0.12007336548322727, 'hidden_size': 92, 'dropout': 0.4044701075735859, 'hidden_continuous_size': 53, 'attention_head_size': 2, 'learning_rate': 0.019054097478676337}. Best is trial 0 with value: 225.15283203125.
[I 2023-12-26 12:17:14,883] Trial 38 finished with value: 476.1864318847656 and parameters: {'gradient_clip_val': 0.15325883592734701, 'hidden_size': 129, 'dropout': 0.4384056066958072, 'hidden_continuous_size': 21, 'attention_head_size': 1, 'learning_rate': 0.00561946495816593}. Best is trial 0 with value: 225.15283203125.
[I 2023-12-26 12:17:18,013] Trial 39 finished with value: 369.0615539550781 and parameters: {'gradient_clip_val': 0.13977958063584517, 'hidden_size': 32, 'dropout': 0.38177797139786074, 'hidden_continuous_size': 27, 'attention_head_size': 3, 'learning_rate': 0.0028698419850458397}. Best is trial 0 with value: 225.15283203125.
[I 2023-12-26 12:17:24,134] Trial 40 finished with value: 485.591064453125 and parameters: {'gradient_clip_val': 0.11740906971309707, 'hidden_size': 71, 'dropout': 0.4718286248313641, 'hidden_continuous_size': 33, 'attention_head_size': 4, 'learning_rate': 0.001024518123850192}. Best is trial 0 with value: 225.15283203125.
[I 2023-12-26 12:17:35,860] Trial 41 finished with value: 387.0039367675781 and parameters: {'gradient_clip_val': 0.10207994504323546, 'hidden_size': 144, 'dropout': 0.4033124123092921, 'hidden_continuous_size': 90, 'attention_head_size': 2, 'learning_rate': 0.008239611726912375}. Best is trial 0 with value: 225.15283203125.
[I 2023-12-26 12:17:47,698] Trial 42 finished with value: 283.1116027832031 and parameters: {'gradient_clip_val': 0.11840218105575505, 'hidden_size': 146, 'dropout': 0.4268808700181186, 'hidden_continuous_size': 74, 'attention_head_size': 2, 'learning_rate': 0.015227864023029144}. Best is trial 0 with value: 225.15283203125.
[I 2023-12-26 12:17:55,826] Trial 43 finished with value: 464.2688293457031 and parameters: {'gradient_clip_val': 0.1308826731499531, 'hidden_size': 94, 'dropout': 0.41334450801563305, 'hidden_continuous_size': 68, 'attention_head_size': 2, 'learning_rate': 0.013728651350299367}. Best is trial 0 with value: 225.15283203125.
[I 2023-12-26 12:18:06,420] Trial 44 finished with value: 435.5182189941406 and parameters: {'gradient_clip_val': 0.10001812444603571, 'hidden_size': 125, 'dropout': 0.36069320752378053, 'hidden_continuous_size': 88, 'attention_head_size': 2, 'learning_rate': 0.006983302390005964}. Best is trial 0 with value: 225.15283203125.
[I 2023-12-26 12:18:13,864] Trial 45 finished with value: 274.8243103027344 and parameters: {'gradient_clip_val': 0.12803613669001365, 'hidden_size': 82, 'dropout': 0.39185155382037795, 'hidden_continuous_size': 58, 'attention_head_size': 1, 'learning_rate': 0.04136695887293369}. Best is trial 0 with value: 225.15283203125.
[I 2023-12-26 12:18:22,286] Trial 46 finished with value: 591.3330078125 and parameters: {'gradient_clip_val': 0.15989400128465317, 'hidden_size': 104, 'dropout': 0.4585081958142964, 'hidden_continuous_size': 41, 'attention_head_size': 2, 'learning_rate': 0.011137240084662478}. Best is trial 0 with value: 225.15283203125.
[I 2023-12-26 12:18:32,440] Trial 47 finished with value: 383.4021911621094 and parameters: {'gradient_clip_val': 0.11356466057907813, 'hidden_size': 121, 'dropout': 0.422812014818925, 'hidden_continuous_size': 80, 'attention_head_size': 1, 'learning_rate': 0.00517267349527494}. Best is trial 0 with value: 225.15283203125.
[I 2023-12-26 12:18:39,665] Trial 48 finished with value: 401.1618347167969 and parameters: {'gradient_clip_val': 0.18061953469346034, 'hidden_size': 90, 'dropout': 0.33420627153859706, 'hidden_continuous_size': 64, 'attention_head_size': 2, 'learning_rate': 0.0033578194525557977}. Best is trial 0 with value: 225.15283203125.
[I 2023-12-26 12:18:52,506] Trial 49 finished with value: 436.3575134277344 and parameters: {'gradient_clip_val': 0.14176334956883319, 'hidden_size': 147, 'dropout': 0.2963566207451287, 'hidden_continuous_size': 124, 'attention_head_size': 3, 'learning_rate': 0.007934856329666649}. Best is trial 0 with value: 225.15283203125.
[I 2023-12-26 12:18:52,693] A new study created in memory with name: no-name-d7b307f8-b57f-4bc8-a8e0-9b4a92781831
/home/le004/conda/anaconda3/envs/tsff_env/lib/python3.9/site-packages/lightning/fabric/plugins/environments/slurm.py:191: The `srun` command is available on your system but is not used. HINT: If your intention is to run Lightning on SLURM, prepend your python command with `srun` like so: srun python /home/le004/master_thesis/git/TSFusionForecast/code/ ...
[I 2023-12-26 12:28:17,181] Trial 0 finished with value: 89.98870849609375 and parameters: {'gradient_clip_val': 0.9368261770911773, 'hidden_size': 103, 'dropout': 0.4563689992725226, 'hidden_continuous_size': 15, 'attention_head_size': 1, 'learning_rate': 0.015988988474999417}. Best is trial 0 with value: 89.98870849609375.
[I 2023-12-26 12:28:20,446] Trial 1 finished with value: 320.8902282714844 and parameters: {'gradient_clip_val': 0.512110574272379, 'hidden_size': 26, 'dropout': 0.4621446853430311, 'hidden_continuous_size': 6, 'attention_head_size': 2, 'learning_rate': 0.043935890449902544}. Best is trial 0 with value: 89.98870849609375.
[I 2023-12-26 12:28:22,528] Trial 2 finished with value: 314.1092529296875 and parameters: {'gradient_clip_val': 0.21668896519256398, 'hidden_size': 5, 'dropout': 0.4849935605357024, 'hidden_continuous_size': 5, 'attention_head_size': 4, 'learning_rate': 0.0009244200872052075}. Best is trial 0 with value: 89.98870849609375.
[I 2023-12-26 12:28:24,921] Trial 3 finished with value: 441.6767578125 and parameters: {'gradient_clip_val': 0.8849939263830385, 'hidden_size': 13, 'dropout': 0.21805184908192565, 'hidden_continuous_size': 13, 'attention_head_size': 2, 'learning_rate': 0.08674194022710911}. Best is trial 0 with value: 89.98870849609375.
[I 2023-12-26 12:28:27,091] Trial 4 finished with value: 279.5525817871094 and parameters: {'gradient_clip_val': 0.552103260412587, 'hidden_size': 16, 'dropout': 0.4719200190434484, 'hidden_continuous_size': 16, 'attention_head_size': 1, 'learning_rate': 0.07220906790502107}. Best is trial 0 with value: 89.98870849609375.
[I 2023-12-26 12:28:29,418] Trial 5 finished with value: 410.8374938964844 and parameters: {'gradient_clip_val': 0.838689353031814, 'hidden_size': 9, 'dropout': 0.37974238554537865, 'hidden_continuous_size': 7, 'attention_head_size': 1, 'learning_rate': 0.006451654125030441}. Best is trial 0 with value: 89.98870849609375.
[I 2023-12-26 12:28:35,630] Trial 6 finished with value: 371.4963073730469 and parameters: {'gradient_clip_val': 0.3573744246516256, 'hidden_size': 72, 'dropout': 0.10005398707794524, 'hidden_continuous_size': 29, 'attention_head_size': 1, 'learning_rate': 0.0017803570861664824}. Best is trial 0 with value: 89.98870849609375.
[I 2023-12-26 12:28:39,270] Trial 7 finished with value: 352.3774719238281 and parameters: {'gradient_clip_val': 0.21579069982312277, 'hidden_size': 35, 'dropout': 0.33497644051596326, 'hidden_continuous_size': 21, 'attention_head_size': 4, 'learning_rate': 0.039710645553284886}. Best is trial 0 with value: 89.98870849609375.
[I 2023-12-26 12:28:42,124] Trial 8 finished with value: 344.9338684082031 and parameters: {'gradient_clip_val': 0.3278871634803307, 'hidden_size': 25, 'dropout': 0.24722999335719464, 'hidden_continuous_size': 16, 'attention_head_size': 1, 'learning_rate': 0.0064336371515772255}. Best is trial 0 with value: 89.98870849609375.
[I 2023-12-26 12:28:44,445] Trial 9 finished with value: 350.7068176269531 and parameters: {'gradient_clip_val': 0.17145165170074977, 'hidden_size': 9, 'dropout': 0.41161451669356974, 'hidden_continuous_size': 7, 'attention_head_size': 1, 'learning_rate': 0.014351815727368152}. Best is trial 0 with value: 89.98870849609375.
[I 2023-12-26 12:28:56,672] Trial 10 finished with value: 323.35736083984375 and parameters: {'gradient_clip_val': 0.10028963742543703, 'hidden_size': 147, 'dropout': 0.3766169752507716, 'hidden_continuous_size': 68, 'attention_head_size': 3, 'learning_rate': 0.014626181802446103}. Best is trial 0 with value: 89.98870849609375.
[I 2023-12-26 12:29:01,907] Trial 11 finished with value: 328.7862854003906 and parameters: {'gradient_clip_val': 0.6421896444013938, 'hidden_size': 62, 'dropout': 0.47058308745526517, 'hidden_continuous_size': 12, 'attention_head_size': 2, 'learning_rate': 0.09768868966340476}. Best is trial 0 with value: 89.98870849609375.
[I 2023-12-26 12:29:13,612] Trial 12 finished with value: 428.8036193847656 and parameters: {'gradient_clip_val': 0.9671704740588027, 'hidden_size': 143, 'dropout': 0.48969870828650747, 'hidden_continuous_size': 33, 'attention_head_size': 3, 'learning_rate': 0.027933027401806896}. Best is trial 0 with value: 89.98870849609375.
[I 2023-12-26 12:29:16,517] Trial 13 finished with value: 414.3878479003906 and parameters: {'gradient_clip_val': 0.5749507494777294, 'hidden_size': 18, 'dropout': 0.4269603744905845, 'hidden_continuous_size': 9, 'attention_head_size': 1, 'learning_rate': 0.017396464972561938}. Best is trial 0 with value: 89.98870849609375.
[I 2023-12-26 12:29:20,702] Trial 14 finished with value: 372.2508239746094 and parameters: {'gradient_clip_val': 0.4837864984107628, 'hidden_size': 46, 'dropout': 0.49721782727413605, 'hidden_continuous_size': 10, 'attention_head_size': 2, 'learning_rate': 0.05714464755805876}. Best is trial 0 with value: 89.98870849609375.
[I 2023-12-26 12:29:28,389] Trial 15 finished with value: 310.9286804199219 and parameters: {'gradient_clip_val': 0.7226966573586567, 'hidden_size': 95, 'dropout': 0.4257105506086074, 'hidden_continuous_size': 19, 'attention_head_size': 1, 'learning_rate': 0.026081155366118786}. Best is trial 0 with value: 89.98870849609375.
[I 2023-12-26 12:29:32,150] Trial 16 finished with value: 322.28631591796875 and parameters: {'gradient_clip_val': 0.7135439855524637, 'hidden_size': 41, 'dropout': 0.3350700761834362, 'hidden_continuous_size': 10, 'attention_head_size': 3, 'learning_rate': 0.0037047919838716684}. Best is trial 0 with value: 89.98870849609375.
[I 2023-12-26 12:29:34,732] Trial 17 finished with value: 454.3071594238281 and parameters: {'gradient_clip_val': 0.9951810445022912, 'hidden_size': 18, 'dropout': 0.4490678469236707, 'hidden_continuous_size': 8, 'attention_head_size': 2, 'learning_rate': 0.012798170006084499}. Best is trial 0 with value: 89.98870849609375.
[I 2023-12-26 12:29:41,588] Trial 18 finished with value: 400.0350036621094 and parameters: {'gradient_clip_val': 0.4613158659184118, 'hidden_size': 82, 'dropout': 0.39941395918343786, 'hidden_continuous_size': 15, 'attention_head_size': 1, 'learning_rate': 0.05678410627090279}. Best is trial 0 with value: 89.98870849609375.
[I 2023-12-26 12:29:46,045] Trial 19 finished with value: 413.1026611328125 and parameters: {'gradient_clip_val': 0.6962625545844824, 'hidden_size': 51, 'dropout': 0.4529488684077839, 'hidden_continuous_size': 12, 'attention_head_size': 2, 'learning_rate': 0.033741725225371604}. Best is trial 0 with value: 89.98870849609375.
[I 2023-12-26 12:29:49,380] Trial 20 finished with value: 336.579833984375 and parameters: {'gradient_clip_val': 0.4017412706590906, 'hidden_size': 33, 'dropout': 0.49488026867521756, 'hidden_continuous_size': 11, 'attention_head_size': 1, 'learning_rate': 0.00899369461070867}. Best is trial 0 with value: 89.98870849609375.
[I 2023-12-26 12:29:57,885] Trial 21 finished with value: 398.3605041503906 and parameters: {'gradient_clip_val': 0.7446267370717382, 'hidden_size': 103, 'dropout': 0.4346574987931126, 'hidden_continuous_size': 21, 'attention_head_size': 1, 'learning_rate': 0.025100675147127677}. Best is trial 0 with value: 89.98870849609375.
[I 2023-12-26 12:30:06,323] Trial 22 finished with value: 372.367431640625 and parameters: {'gradient_clip_val': 0.6258971984155791, 'hidden_size': 105, 'dropout': 0.4242307614219337, 'hidden_continuous_size': 17, 'attention_head_size': 1, 'learning_rate': 0.02649522868527136}. Best is trial 0 with value: 89.98870849609375.
[I 2023-12-26 12:30:11,479] Trial 23 finished with value: 322.8611145019531 and parameters: {'gradient_clip_val': 0.763301245377477, 'hidden_size': 60, 'dropout': 0.44686283386666636, 'hidden_continuous_size': 20, 'attention_head_size': 1, 'learning_rate': 0.021473136428053652}. Best is trial 0 with value: 89.98870849609375.
[I 2023-12-26 12:30:18,164] Trial 24 finished with value: 383.986328125 and parameters: {'gradient_clip_val': 0.5464160709277966, 'hidden_size': 76, 'dropout': 0.39873617857560506, 'hidden_continuous_size': 26, 'attention_head_size': 2, 'learning_rate': 0.06108999350947143}. Best is trial 0 with value: 89.98870849609375.
[I 2023-12-26 12:30:27,696] Trial 25 finished with value: 435.5709228515625 and parameters: {'gradient_clip_val': 0.8349297230954579, 'hidden_size': 120, 'dropout': 0.4635820041893376, 'hidden_continuous_size': 37, 'attention_head_size': 1, 'learning_rate': 0.03672652404870267}. Best is trial 0 with value: 89.98870849609375.
[I 2023-12-26 12:30:34,930] Trial 26 finished with value: 411.9807434082031 and parameters: {'gradient_clip_val': 0.6263606106202155, 'hidden_size': 90, 'dropout': 0.4976667587647449, 'hidden_continuous_size': 17, 'attention_head_size': 2, 'learning_rate': 0.019559857727042065}. Best is trial 0 with value: 89.98870849609375.
[I 2023-12-26 12:30:39,802] Trial 27 finished with value: 471.0649719238281 and parameters: {'gradient_clip_val': 0.9762383325816935, 'hidden_size': 58, 'dropout': 0.3703084243143415, 'hidden_continuous_size': 14, 'attention_head_size': 1, 'learning_rate': 0.06511424544853475}. Best is trial 0 with value: 89.98870849609375.
[I 2023-12-26 12:30:49,462] Trial 28 finished with value: 279.6914367675781 and parameters: {'gradient_clip_val': 0.7788192688984874, 'hidden_size': 121, 'dropout': 0.4095044531063454, 'hidden_continuous_size': 42, 'attention_head_size': 1, 'learning_rate': 0.010429958306914247}. Best is trial 0 with value: 89.98870849609375.
[I 2023-12-26 12:30:59,476] Trial 29 finished with value: 346.5155334472656 and parameters: {'gradient_clip_val': 0.5693803975353308, 'hidden_size': 124, 'dropout': 0.46251676977254474, 'hidden_continuous_size': 43, 'attention_head_size': 2, 'learning_rate': 0.01155106161430497}. Best is trial 0 with value: 89.98870849609375.
[I 2023-12-26 12:31:12,940] Trial 30 finished with value: 342.7142639160156 and parameters: {'gradient_clip_val': 0.4444146854501747, 'hidden_size': 145, 'dropout': 0.4697531437991327, 'hidden_continuous_size': 140, 'attention_head_size': 3, 'learning_rate': 0.009052128412020759}. Best is trial 0 with value: 89.98870849609375.
[I 2023-12-26 12:31:20,865] Trial 31 finished with value: 381.601318359375 and parameters: {'gradient_clip_val': 0.7741399850480101, 'hidden_size': 93, 'dropout': 0.4311196027886736, 'hidden_continuous_size': 24, 'attention_head_size': 1, 'learning_rate': 0.03837478080714879}. Best is trial 0 with value: 89.98870849609375.
[I 2023-12-26 12:31:29,892] Trial 32 finished with value: 379.3504638671875 and parameters: {'gradient_clip_val': 0.5207611712683936, 'hidden_size': 111, 'dropout': 0.4096084106106395, 'hidden_continuous_size': 18, 'attention_head_size': 1, 'learning_rate': 0.020698271650570296}. Best is trial 0 with value: 89.98870849609375.
[I 2023-12-26 12:31:37,525] Trial 33 finished with value: 368.1207275390625 and parameters: {'gradient_clip_val': 0.8577176687767583, 'hidden_size': 87, 'dropout': 0.4441092066861071, 'hidden_continuous_size': 13, 'attention_head_size': 1, 'learning_rate': 0.04458605650332777}. Best is trial 0 with value: 89.98870849609375.
[I 2023-12-26 12:31:43,765] Trial 34 finished with value: 369.5662536621094 and parameters: {'gradient_clip_val': 0.6643295137796282, 'hidden_size': 74, 'dropout': 0.4646183781067023, 'hidden_continuous_size': 5, 'attention_head_size': 1, 'learning_rate': 0.07979958588283403}. Best is trial 0 with value: 89.98870849609375.
[I 2023-12-26 12:31:52,762] Trial 35 finished with value: 362.276123046875 and parameters: {'gradient_clip_val': 0.8442716898858897, 'hidden_size': 114, 'dropout': 0.39038004230600065, 'hidden_continuous_size': 25, 'attention_head_size': 2, 'learning_rate': 0.025213307363924253}. Best is trial 0 with value: 89.98870849609375.
[I 2023-12-26 12:31:59,530] Trial 36 finished with value: 403.8951721191406 and parameters: {'gradient_clip_val': 0.7680004553802183, 'hidden_size': 76, 'dropout': 0.4193059477954768, 'hidden_continuous_size': 15, 'attention_head_size': 4, 'learning_rate': 0.04651662621283879}. Best is trial 0 with value: 89.98870849609375.
[I 2023-12-26 12:32:05,278] Trial 37 finished with value: 343.9237976074219 and parameters: {'gradient_clip_val': 0.8823245990162963, 'hidden_size': 66, 'dropout': 0.36559073008434056, 'hidden_continuous_size': 14, 'attention_head_size': 1, 'learning_rate': 0.004729899989883699}. Best is trial 0 with value: 89.98870849609375.
[I 2023-12-26 12:32:13,227] Trial 38 finished with value: 317.3949890136719 and parameters: {'gradient_clip_val': 0.5742261602895833, 'hidden_size': 95, 'dropout': 0.4812633505066274, 'hidden_continuous_size': 19, 'attention_head_size': 1, 'learning_rate': 0.018074997141588858}. Best is trial 0 with value: 89.98870849609375.
