[I 2023-12-16 03:53:55,652] Trial 3 finished with value: 0.8873167037963867 and parameters: {'gradient_clip_val': 0.4978036992308391, 'hidden_size': 9, 'dropout': 0.39187589313409044, 'hidden_continuous_size': 6, 'attention_head_size': 1, 'learning_rate': 0.0020128687117466917}. Best is trial 1 with value: 0.8370651602745056.
LOCAL_RANK: 0 - CUDA_VISIBLE_DEVICES: [0]
[I 2023-12-16 03:54:51,933] Trial 4 finished with value: 1.4319143295288086 and parameters: {'gradient_clip_val': 0.24417559266889913, 'hidden_size': 73, 'dropout': 0.14098730811092128, 'hidden_continuous_size': 58, 'attention_head_size': 4, 'learning_rate': 0.0030103600190587746}. Best is trial 1 with value: 0.8370651602745056.
LOCAL_RANK: 0 - CUDA_VISIBLE_DEVICES: [0]
[I 2023-12-16 03:55:26,365] Trial 5 finished with value: 3.6934919357299805 and parameters: {'gradient_clip_val': 0.28028321855503113, 'hidden_size': 5, 'dropout': 0.3390904083882336, 'hidden_continuous_size': 5, 'attention_head_size': 3, 'learning_rate': 0.012801466291615014}. Best is trial 1 with value: 0.8370651602745056.
LOCAL_RANK: 0 - CUDA_VISIBLE_DEVICES: [0]
[I 2023-12-16 03:56:17,711] Trial 6 finished with value: 3.4240152835845947 and parameters: {'gradient_clip_val': 0.1408599791056321, 'hidden_size': 41, 'dropout': 0.33991376800651874, 'hidden_continuous_size': 9, 'attention_head_size': 2, 'learning_rate': 0.0018713865020430166}. Best is trial 1 with value: 0.8370651602745056.
LOCAL_RANK: 0 - CUDA_VISIBLE_DEVICES: [0]
[I 2023-12-16 03:57:07,414] Trial 7 finished with value: 1.2967573404312134 and parameters: {'gradient_clip_val': 0.2501102722561467, 'hidden_size': 44, 'dropout': 0.35551145307432475, 'hidden_continuous_size': 5, 'attention_head_size': 3, 'learning_rate': 0.0005209678221956727}. Best is trial 1 with value: 0.8370651602745056.
LOCAL_RANK: 0 - CUDA_VISIBLE_DEVICES: [0]
[I 2023-12-16 03:57:52,110] Trial 8 finished with value: 2.6553587913513184 and parameters: {'gradient_clip_val': 0.38259426911905403, 'hidden_size': 9, 'dropout': 0.17280110097260165, 'hidden_continuous_size': 6, 'attention_head_size': 1, 'learning_rate': 0.0746281643069669}. Best is trial 1 with value: 0.8370651602745056.
LOCAL_RANK: 0 - CUDA_VISIBLE_DEVICES: [0]
[I 2023-12-16 03:58:45,299] Trial 9 finished with value: 0.15769334137439728 and parameters: {'gradient_clip_val': 0.7370534299676915, 'hidden_size': 37, 'dropout': 0.14737008964757323, 'hidden_continuous_size': 32, 'attention_head_size': 3, 'learning_rate': 0.02312732062275989}. Best is trial 9 with value: 0.15769334137439728.
LOCAL_RANK: 0 - CUDA_VISIBLE_DEVICES: [0]
[I 2023-12-16 03:59:35,391] Trial 10 finished with value: 2.420616865158081 and parameters: {'gradient_clip_val': 0.9675555699573605, 'hidden_size': 23, 'dropout': 0.10272119918476706, 'hidden_continuous_size': 22, 'attention_head_size': 4, 'learning_rate': 0.0341843012571352}. Best is trial 9 with value: 0.15769334137439728.
LOCAL_RANK: 0 - CUDA_VISIBLE_DEVICES: [0]
[I 2023-12-16 04:00:22,344] Trial 11 finished with value: 0.17579226195812225 and parameters: {'gradient_clip_val': 0.8191314205967437, 'hidden_size': 17, 'dropout': 0.20885981763152509, 'hidden_continuous_size': 9, 'attention_head_size': 2, 'learning_rate': 0.011521857518418343}. Best is trial 9 with value: 0.15769334137439728.
LOCAL_RANK: 0 - CUDA_VISIBLE_DEVICES: [0]
[I 2023-12-16 04:01:10,494] Trial 12 finished with value: 2.68351149559021 and parameters: {'gradient_clip_val': 0.9895783031197402, 'hidden_size': 19, 'dropout': 0.22443750019502015, 'hidden_continuous_size': 10, 'attention_head_size': 2, 'learning_rate': 0.006635399771647284}. Best is trial 9 with value: 0.15769334137439728.
LOCAL_RANK: 0 - CUDA_VISIBLE_DEVICES: [0]
[I 2023-12-16 04:01:58,153] Trial 13 finished with value: 0.17670075595378876 and parameters: {'gradient_clip_val': 0.7043879336609375, 'hidden_size': 20, 'dropout': 0.2386877176072076, 'hidden_continuous_size': 10, 'attention_head_size': 3, 'learning_rate': 0.04118678892698568}. Best is trial 9 with value: 0.15769334137439728.
LOCAL_RANK: 0 - CUDA_VISIBLE_DEVICES: [0]
[I 2023-12-16 04:02:52,782] Trial 14 finished with value: 2.412233591079712 and parameters: {'gradient_clip_val': 0.7118537450380427, 'hidden_size': 96, 'dropout': 0.20659629831412388, 'hidden_continuous_size': 23, 'attention_head_size': 4, 'learning_rate': 0.009398649335082568}. Best is trial 9 with value: 0.15769334137439728.
LOCAL_RANK: 0 - CUDA_VISIBLE_DEVICES: [0]
[I 2023-12-16 04:03:40,934] Trial 15 finished with value: 1.7957367897033691 and parameters: {'gradient_clip_val': 0.7372849336970283, 'hidden_size': 32, 'dropout': 0.2899472160738632, 'hidden_continuous_size': 14, 'attention_head_size': 1, 'learning_rate': 0.02690656931281168}. Best is trial 9 with value: 0.15769334137439728.
LOCAL_RANK: 0 - CUDA_VISIBLE_DEVICES: [0]
[I 2023-12-16 04:04:26,794] Trial 16 finished with value: 1.773577332496643 and parameters: {'gradient_clip_val': 0.5260721209393737, 'hidden_size': 15, 'dropout': 0.27963634309212115, 'hidden_continuous_size': 8, 'attention_head_size': 2, 'learning_rate': 0.006709307705840751}. Best is trial 9 with value: 0.15769334137439728.
LOCAL_RANK: 0 - CUDA_VISIBLE_DEVICES: [0]
[I 2023-12-16 04:05:16,649] Trial 17 finished with value: 2.1162426471710205 and parameters: {'gradient_clip_val': 0.9916230857416821, 'hidden_size': 30, 'dropout': 0.20047047650821795, 'hidden_continuous_size': 13, 'attention_head_size': 3, 'learning_rate': 0.05027510100595792}. Best is trial 9 with value: 0.15769334137439728.
LOCAL_RANK: 0 - CUDA_VISIBLE_DEVICES: [0]
[I 2023-12-16 04:06:02,461] Trial 18 finished with value: 0.11927992105484009 and parameters: {'gradient_clip_val': 0.7385168029553185, 'hidden_size': 14, 'dropout': 0.24254081370378822, 'hidden_continuous_size': 7, 'attention_head_size': 2, 'learning_rate': 0.02352183360137569}. Best is trial 18 with value: 0.11927992105484009.
LOCAL_RANK: 0 - CUDA_VISIBLE_DEVICES: [0]
[I 2023-12-16 04:06:48,527] Trial 19 finished with value: 3.452956438064575 and parameters: {'gradient_clip_val': 0.5971758750481786, 'hidden_size': 13, 'dropout': 0.259464973205821, 'hidden_continuous_size': 7, 'attention_head_size': 3, 'learning_rate': 0.028545903543519012}. Best is trial 18 with value: 0.11927992105484009.
LOCAL_RANK: 0 - CUDA_VISIBLE_DEVICES: [0]
[I 2023-12-16 04:07:40,096] Trial 20 finished with value: 0.49953117966651917 and parameters: {'gradient_clip_val': 0.44259066689457716, 'hidden_size': 48, 'dropout': 0.2483729059101332, 'hidden_continuous_size': 20, 'attention_head_size': 1, 'learning_rate': 0.06672861518124405}. Best is trial 18 with value: 0.11927992105484009.
LOCAL_RANK: 0 - CUDA_VISIBLE_DEVICES: [0]
[I 2023-12-16 04:08:25,679] Trial 21 finished with value: 1.7424306869506836 and parameters: {'gradient_clip_val': 0.7592411827287219, 'hidden_size': 14, 'dropout': 0.21199859669918675, 'hidden_continuous_size': 7, 'attention_head_size': 2, 'learning_rate': 0.019358687069277618}. Best is trial 18 with value: 0.11927992105484009.
LOCAL_RANK: 0 - CUDA_VISIBLE_DEVICES: [0]
[I 2023-12-16 04:09:13,035] Trial 22 finished with value: 0.8739285469055176 and parameters: {'gradient_clip_val': 0.812432986414898, 'hidden_size': 24, 'dropout': 0.18366236133551378, 'hidden_continuous_size': 8, 'attention_head_size': 2, 'learning_rate': 0.0248256204531217}. Best is trial 18 with value: 0.11927992105484009.
LOCAL_RANK: 0 - CUDA_VISIBLE_DEVICES: [0]
[I 2023-12-16 04:09:59,570] Trial 23 finished with value: 0.7684535980224609 and parameters: {'gradient_clip_val': 0.5940782873652757, 'hidden_size': 17, 'dropout': 0.13569517697047837, 'hidden_continuous_size': 7, 'attention_head_size': 2, 'learning_rate': 0.011539114706204374}. Best is trial 18 with value: 0.11927992105484009.
LOCAL_RANK: 0 - CUDA_VISIBLE_DEVICES: [0]
[I 2023-12-16 04:10:49,156] Trial 24 finished with value: 2.486771583557129 and parameters: {'gradient_clip_val': 0.6173525925580361, 'hidden_size': 27, 'dropout': 0.23377363259371736, 'hidden_continuous_size': 12, 'attention_head_size': 3, 'learning_rate': 0.03483626051273099}. Best is trial 18 with value: 0.11927992105484009.
LOCAL_RANK: 0 - CUDA_VISIBLE_DEVICES: [0]
[I 2023-12-16 04:11:34,291] Trial 25 finished with value: 0.5599216818809509 and parameters: {'gradient_clip_val': 0.8242940952873039, 'hidden_size': 13, 'dropout': 0.18994967580485153, 'hidden_continuous_size': 6, 'attention_head_size': 2, 'learning_rate': 0.015445617065279384}. Best is trial 18 with value: 0.11927992105484009.
LOCAL_RANK: 0 - CUDA_VISIBLE_DEVICES: [0]
[I 2023-12-16 04:12:25,760] Trial 26 finished with value: 2.024935722351074 and parameters: {'gradient_clip_val': 0.6625639152913068, 'hidden_size': 36, 'dropout': 0.21882129089512273, 'hidden_continuous_size': 34, 'attention_head_size': 1, 'learning_rate': 0.05556570204073603}. Best is trial 18 with value: 0.11927992105484009.
LOCAL_RANK: 0 - CUDA_VISIBLE_DEVICES: [0]
[I 2023-12-16 04:13:15,319] Trial 27 finished with value: 2.4505021572113037 and parameters: {'gradient_clip_val': 0.8394321301772647, 'hidden_size': 26, 'dropout': 0.26810711617253674, 'hidden_continuous_size': 10, 'attention_head_size': 3, 'learning_rate': 0.022789760047165545}. Best is trial 18 with value: 0.11927992105484009.
LOCAL_RANK: 0 - CUDA_VISIBLE_DEVICES: [0]
[I 2023-12-16 04:14:05,188] Trial 28 finished with value: 0.7287970185279846 and parameters: {'gradient_clip_val': 0.4654874636842644, 'hidden_size': 22, 'dropout': 0.24769167698339306, 'hidden_continuous_size': 11, 'attention_head_size': 4, 'learning_rate': 0.04234493445518544}. Best is trial 18 with value: 0.11927992105484009.
LOCAL_RANK: 0 - CUDA_VISIBLE_DEVICES: [0]
[I 2023-12-16 04:14:50,558] Trial 29 finished with value: 1.920573353767395 and parameters: {'gradient_clip_val': 0.5417360301152327, 'hidden_size': 11, 'dropout': 0.22420834260027733, 'hidden_continuous_size': 6, 'attention_head_size': 2, 'learning_rate': 0.0193427805559607}. Best is trial 18 with value: 0.11927992105484009.
LOCAL_RANK: 0 - CUDA_VISIBLE_DEVICES: [0]
[I 2023-12-16 04:15:37,682] Trial 30 finished with value: 2.8719184398651123 and parameters: {'gradient_clip_val': 0.6619500903756073, 'hidden_size': 17, 'dropout': 0.15495762537387806, 'hidden_continuous_size': 9, 'attention_head_size': 2, 'learning_rate': 0.008091306820145583}. Best is trial 18 with value: 0.11927992105484009.
LOCAL_RANK: 0 - CUDA_VISIBLE_DEVICES: [0]
[I 2023-12-16 04:16:25,791] Trial 31 finished with value: 2.4672658443450928 and parameters: {'gradient_clip_val': 0.8555860145799749, 'hidden_size': 19, 'dropout': 0.241859407912106, 'hidden_continuous_size': 8, 'attention_head_size': 3, 'learning_rate': 0.04019176772515391}. Best is trial 18 with value: 0.11927992105484009.
LOCAL_RANK: 0 - CUDA_VISIBLE_DEVICES: [0]
[I 2023-12-16 04:17:13,405] Trial 32 finished with value: 2.9446017742156982 and parameters: {'gradient_clip_val': 0.7168338541633227, 'hidden_size': 20, 'dropout': 0.1960533330153275, 'hidden_continuous_size': 9, 'attention_head_size': 3, 'learning_rate': 0.016615474993521194}. Best is trial 18 with value: 0.11927992105484009.
LOCAL_RANK: 0 - CUDA_VISIBLE_DEVICES: [0]
[I 2023-12-16 04:17:59,183] Trial 33 finished with value: 2.2801601886749268 and parameters: {'gradient_clip_val': 0.593050913329308, 'hidden_size': 11, 'dropout': 0.2356117446538562, 'hidden_continuous_size': 5, 'attention_head_size': 3, 'learning_rate': 0.0314754933382817}. Best is trial 18 with value: 0.11927992105484009.
LOCAL_RANK: 0 - CUDA_VISIBLE_DEVICES: [0]
[I 2023-12-16 04:18:44,279] Trial 34 finished with value: 0.248030886054039 and parameters: {'gradient_clip_val': 0.8809282536474249, 'hidden_size': 16, 'dropout': 0.26281688243938983, 'hidden_continuous_size': 7, 'attention_head_size': 3, 'learning_rate': 0.08409066055360562}. Best is trial 18 with value: 0.11927992105484009.
LOCAL_RANK: 0 - CUDA_VISIBLE_DEVICES: [0]
[I 2023-12-16 04:19:33,075] Trial 35 finished with value: 0.5168090462684631 and parameters: {'gradient_clip_val': 0.6825955035772173, 'hidden_size': 21, 'dropout': 0.17137334655694142, 'hidden_continuous_size': 11, 'attention_head_size': 2, 'learning_rate': 0.047897793010627535}. Best is trial 18 with value: 0.11927992105484009.
LOCAL_RANK: 0 - CUDA_VISIBLE_DEVICES: [0]
[I 2023-12-16 04:20:23,174] Trial 36 finished with value: 0.16981200873851776 and parameters: {'gradient_clip_val': 0.7476957946980755, 'hidden_size': 29, 'dropout': 0.29100381989348373, 'hidden_continuous_size': 14, 'attention_head_size': 4, 'learning_rate': 0.05990816087543174}. Best is trial 18 with value: 0.11927992105484009.
LOCAL_RANK: 0 - CUDA_VISIBLE_DEVICES: [0]
[I 2023-12-16 04:21:16,806] Trial 37 finished with value: 1.6769599914550781 and parameters: {'gradient_clip_val': 0.5203242658451512, 'hidden_size': 53, 'dropout': 0.31564709199052565, 'hidden_continuous_size': 14, 'attention_head_size': 4, 'learning_rate': 0.06864595765239642}. Best is trial 18 with value: 0.11927992105484009.
LOCAL_RANK: 0 - CUDA_VISIBLE_DEVICES: [0]
[I 2023-12-16 04:22:08,632] Trial 38 finished with value: 2.430488109588623 and parameters: {'gradient_clip_val': 0.4433146377224713, 'hidden_size': 31, 'dropout': 0.2923088219703332, 'hidden_continuous_size': 19, 'attention_head_size': 4, 'learning_rate': 0.0894804753075137}. Best is trial 18 with value: 0.11927992105484009.
LOCAL_RANK: 0 - CUDA_VISIBLE_DEVICES: [0]
[I 2023-12-16 04:23:02,119] Trial 39 finished with value: 2.326643705368042 and parameters: {'gradient_clip_val': 0.9052044041159255, 'hidden_size': 56, 'dropout': 0.20686049295501274, 'hidden_continuous_size': 15, 'attention_head_size': 4, 'learning_rate': 0.013410156291894309}. Best is trial 18 with value: 0.11927992105484009.
LOCAL_RANK: 0 - CUDA_VISIBLE_DEVICES: [0]
[I 2023-12-16 04:23:53,712] Trial 40 finished with value: 0.21600694954395294 and parameters: {'gradient_clip_val': 0.7794749102426277, 'hidden_size': 37, 'dropout': 0.30913176608180915, 'hidden_continuous_size': 16, 'attention_head_size': 1, 'learning_rate': 0.021328188036133233}. Best is trial 18 with value: 0.11927992105484009.
LOCAL_RANK: 0 - CUDA_VISIBLE_DEVICES: [0]
[I 2023-12-16 04:24:41,913] Trial 41 finished with value: 1.0666605234146118 and parameters: {'gradient_clip_val': 0.7503828139304571, 'hidden_size': 24, 'dropout': 0.2575431670534671, 'hidden_continuous_size': 12, 'attention_head_size': 3, 'learning_rate': 0.039551237768478256}. Best is trial 18 with value: 0.11927992105484009.
LOCAL_RANK: 0 - CUDA_VISIBLE_DEVICES: [0]
[I 2023-12-16 04:25:29,927] Trial 42 finished with value: 1.7356020212173462 and parameters: {'gradient_clip_val': 0.9069588736587362, 'hidden_size': 28, 'dropout': 0.23157073067472897, 'hidden_continuous_size': 10, 'attention_head_size': 2, 'learning_rate': 0.05662909217130527}. Best is trial 18 with value: 0.11927992105484009.
LOCAL_RANK: 0 - CUDA_VISIBLE_DEVICES: [0]
[I 2023-12-16 04:26:18,879] Trial 43 finished with value: 0.19164347648620605 and parameters: {'gradient_clip_val': 0.6484089868903982, 'hidden_size': 19, 'dropout': 0.27179173871056106, 'hidden_continuous_size': 9, 'attention_head_size': 4, 'learning_rate': 0.02734568495203523}. Best is trial 18 with value: 0.11927992105484009.
LOCAL_RANK: 0 - CUDA_VISIBLE_DEVICES: [0]
[I 2023-12-16 04:27:09,205] Trial 44 finished with value: 1.0712543725967407 and parameters: {'gradient_clip_val': 0.7672944853155247, 'hidden_size': 34, 'dropout': 0.22110809018258548, 'hidden_continuous_size': 11, 'attention_head_size': 3, 'learning_rate': 0.09496239533602452}. Best is trial 18 with value: 0.11927992105484009.
LOCAL_RANK: 0 - CUDA_VISIBLE_DEVICES: [0]
[I 2023-12-16 04:28:00,818] Trial 45 finished with value: 0.24899226427078247 and parameters: {'gradient_clip_val': 0.6817931951125555, 'hidden_size': 39, 'dropout': 0.24586629117257494, 'hidden_continuous_size': 13, 'attention_head_size': 2, 'learning_rate': 0.034047621859218224}. Best is trial 18 with value: 0.11927992105484009.
LOCAL_RANK: 0 - CUDA_VISIBLE_DEVICES: [0]
[I 2023-12-16 04:28:50,345] Trial 46 finished with value: 2.3718106746673584 and parameters: {'gradient_clip_val': 0.9233247842543147, 'hidden_size': 25, 'dropout': 0.21286081090073675, 'hidden_continuous_size': 10, 'attention_head_size': 3, 'learning_rate': 0.06082196209724357}. Best is trial 18 with value: 0.11927992105484009.
LOCAL_RANK: 0 - CUDA_VISIBLE_DEVICES: [0]
[I 2023-12-16 04:29:36,263] Trial 47 finished with value: 3.0165932178497314 and parameters: {'gradient_clip_val': 0.5774431132206908, 'hidden_size': 6, 'dropout': 0.18679961473448176, 'hidden_continuous_size': 5, 'attention_head_size': 4, 'learning_rate': 0.04432416072975111}. Best is trial 18 with value: 0.11927992105484009.
LOCAL_RANK: 0 - CUDA_VISIBLE_DEVICES: [0]
[I 2023-12-16 04:30:26,928] Trial 48 finished with value: 3.1582205295562744 and parameters: {'gradient_clip_val': 0.4970248882795665, 'hidden_size': 30, 'dropout': 0.27827460380589497, 'hidden_continuous_size': 17, 'attention_head_size': 3, 'learning_rate': 0.023607004821438248}. Best is trial 18 with value: 0.11927992105484009.
LOCAL_RANK: 0 - CUDA_VISIBLE_DEVICES: [0]
[I 2023-12-16 04:31:19,831] Trial 49 finished with value: 0.16458244621753693 and parameters: {'gradient_clip_val': 0.9995438485860273, 'hidden_size': 43, 'dropout': 0.1598362539087776, 'hidden_continuous_size': 31, 'attention_head_size': 2, 'learning_rate': 0.01648832293958142}. Best is trial 18 with value: 0.11927992105484009.
[I 2023-12-16 04:31:19,935] A new study created in memory with name: no-name-1e5c6b5a-5fa3-43ea-8e75-6645a24617a9
/home/le004/conda/anaconda3/envs/tsff_env/lib/python3.9/site-packages/lightning/fabric/plugins/environments/slurm.py:191: The `srun` command is available on your system but is not used. HINT: If your intention is to run Lightning on SLURM, prepend your python command with `srun` like so: srun python /home/le004/master_thesis/git/TSFusionForecast/code/ ...
LOCAL_RANK: 0 - CUDA_VISIBLE_DEVICES: [0]
[I 2023-12-16 04:32:06,561] Trial 0 finished with value: 0.2490239143371582 and parameters: {'gradient_clip_val': 0.19173410232460053, 'hidden_size': 18, 'dropout': 0.27133979700022093, 'hidden_continuous_size': 8, 'attention_head_size': 1, 'learning_rate': 0.019268602302326396}. Best is trial 0 with value: 0.2490239143371582.
LOCAL_RANK: 0 - CUDA_VISIBLE_DEVICES: [0]
[I 2023-12-16 04:32:40,429] Trial 1 finished with value: 2.486267566680908 and parameters: {'gradient_clip_val': 0.2919445039196084, 'hidden_size': 5, 'dropout': 0.1865116119852892, 'hidden_continuous_size': 5, 'attention_head_size': 1, 'learning_rate': 0.007877420914416011}. Best is trial 0 with value: 0.2490239143371582.
LOCAL_RANK: 0 - CUDA_VISIBLE_DEVICES: [0]
[I 2023-12-16 04:33:33,137] Trial 2 finished with value: 0.2049526572227478 and parameters: {'gradient_clip_val': 0.2161472432665002, 'hidden_size': 50, 'dropout': 0.2394583753749748, 'hidden_continuous_size': 32, 'attention_head_size': 1, 'learning_rate': 0.0017880397485704762}. Best is trial 2 with value: 0.2049526572227478.
LOCAL_RANK: 0 - CUDA_VISIBLE_DEVICES: [0]
[I 2023-12-16 04:34:29,091] Trial 3 finished with value: 0.8191030621528625 and parameters: {'gradient_clip_val': 0.26953679389163854, 'hidden_size': 85, 'dropout': 0.1562605299866457, 'hidden_continuous_size': 45, 'attention_head_size': 3, 'learning_rate': 0.04007381261762099}. Best is trial 2 with value: 0.2049526572227478.
LOCAL_RANK: 0 - CUDA_VISIBLE_DEVICES: [0]
[I 2023-12-16 04:35:22,338] Trial 4 finished with value: 4.378854274749756 and parameters: {'gradient_clip_val': 0.7990803996396966, 'hidden_size': 77, 'dropout': 0.3202538478060415, 'hidden_continuous_size': 15, 'attention_head_size': 1, 'learning_rate': 0.0007305553362592142}. Best is trial 2 with value: 0.2049526572227478.
LOCAL_RANK: 0 - CUDA_VISIBLE_DEVICES: [0]
[I 2023-12-16 04:35:57,441] Trial 5 finished with value: 0.6079353094100952 and parameters: {'gradient_clip_val': 0.5009292287071735, 'hidden_size': 20, 'dropout': 0.3515896856417674, 'hidden_continuous_size': 20, 'attention_head_size': 4, 'learning_rate': 0.01893481725273243}. Best is trial 2 with value: 0.2049526572227478.
LOCAL_RANK: 0 - CUDA_VISIBLE_DEVICES: [0]
[I 2023-12-16 04:36:45,878] Trial 6 finished with value: 0.1789667159318924 and parameters: {'gradient_clip_val': 0.1289278091859415, 'hidden_size': 28, 'dropout': 0.2152697357397442, 'hidden_continuous_size': 8, 'attention_head_size': 3, 'learning_rate': 0.024797405478236497}. Best is trial 6 with value: 0.1789667159318924.
LOCAL_RANK: 0 - CUDA_VISIBLE_DEVICES: [0]
[I 2023-12-16 04:37:31,342] Trial 7 finished with value: 2.841435194015503 and parameters: {'gradient_clip_val': 0.6899128227566775, 'hidden_size': 7, 'dropout': 0.3806694103259908, 'hidden_continuous_size': 5, 'attention_head_size': 3, 'learning_rate': 0.0005864882802942378}. Best is trial 6 with value: 0.1789667159318924.
LOCAL_RANK: 0 - CUDA_VISIBLE_DEVICES: [0]
[I 2023-12-16 04:38:22,924] Trial 8 finished with value: 3.170610189437866 and parameters: {'gradient_clip_val': 0.6733089349812327, 'hidden_size': 69, 'dropout': 0.22631407331484635, 'hidden_continuous_size': 7, 'attention_head_size': 1, 'learning_rate': 0.0022522106562572197}. Best is trial 6 with value: 0.1789667159318924.
LOCAL_RANK: 0 - CUDA_VISIBLE_DEVICES: [0]
[I 2023-12-16 04:39:11,790] Trial 9 finished with value: 1.9150276184082031 and parameters: {'gradient_clip_val': 0.9165395027139873, 'hidden_size': 28, 'dropout': 0.3115978085008937, 'hidden_continuous_size': 19, 'attention_head_size': 3, 'learning_rate': 0.05486215235030401}. Best is trial 6 with value: 0.1789667159318924.
LOCAL_RANK: 0 - CUDA_VISIBLE_DEVICES: [0]
