[I 2023-12-26 15:58:33,579] Trial 40 finished with value: 678.7792358398438 and parameters: {'gradient_clip_val': 0.6827509587681977, 'hidden_size': 96, 'dropout': 0.43086726261687996, 'hidden_continuous_size': 7, 'attention_head_size': 4, 'learning_rate': 0.01581193469292555}. Best is trial 0 with value: 152.80752563476562.
[I 2023-12-26 15:58:40,482] Trial 41 finished with value: 804.0924682617188 and parameters: {'gradient_clip_val': 0.3913655705560558, 'hidden_size': 79, 'dropout': 0.3978712630375692, 'hidden_continuous_size': 16, 'attention_head_size': 4, 'learning_rate': 0.047711860559112085}. Best is trial 0 with value: 152.80752563476562.
[I 2023-12-26 15:58:51,062] Trial 42 finished with value: 991.977294921875 and parameters: {'gradient_clip_val': 0.6469952793961884, 'hidden_size': 128, 'dropout': 0.365073961010478, 'hidden_continuous_size': 11, 'attention_head_size': 4, 'learning_rate': 0.029005796820966913}. Best is trial 0 with value: 152.80752563476562.
[I 2023-12-26 15:58:58,944] Trial 43 finished with value: 688.8169555664062 and parameters: {'gradient_clip_val': 0.4533618671831553, 'hidden_size': 95, 'dropout': 0.2704498007714848, 'hidden_continuous_size': 16, 'attention_head_size': 2, 'learning_rate': 0.06725519897675282}. Best is trial 0 with value: 152.80752563476562.
[I 2023-12-26 15:59:04,386] Trial 44 finished with value: 648.2698364257812 and parameters: {'gradient_clip_val': 0.3719488806164029, 'hidden_size': 64, 'dropout': 0.47516010789349294, 'hidden_continuous_size': 19, 'attention_head_size': 3, 'learning_rate': 0.09742922742754943}. Best is trial 0 with value: 152.80752563476562.
[I 2023-12-26 15:59:14,688] Trial 45 finished with value: 663.4890747070312 and parameters: {'gradient_clip_val': 0.5111244925771983, 'hidden_size': 125, 'dropout': 0.34848103739403025, 'hidden_continuous_size': 23, 'attention_head_size': 1, 'learning_rate': 0.045806958598034304}. Best is trial 0 with value: 152.80752563476562.
[I 2023-12-26 15:59:21,221] Trial 46 finished with value: 761.6962280273438 and parameters: {'gradient_clip_val': 0.42079973296474554, 'hidden_size': 79, 'dropout': 0.38323485622536585, 'hidden_continuous_size': 14, 'attention_head_size': 3, 'learning_rate': 0.060462669025382075}. Best is trial 0 with value: 152.80752563476562.
[I 2023-12-26 15:59:30,117] Trial 47 finished with value: 572.1126098632812 and parameters: {'gradient_clip_val': 0.20695711771574574, 'hidden_size': 110, 'dropout': 0.45480418982404053, 'hidden_continuous_size': 26, 'attention_head_size': 2, 'learning_rate': 0.026542519544113834}. Best is trial 0 with value: 152.80752563476562.
[I 2023-12-26 15:59:41,504] Trial 48 finished with value: 538.504638671875 and parameters: {'gradient_clip_val': 0.20457392327451324, 'hidden_size': 139, 'dropout': 0.4520988332768443, 'hidden_continuous_size': 37, 'attention_head_size': 4, 'learning_rate': 0.016763215647593643}. Best is trial 0 with value: 152.80752563476562.
[I 2023-12-26 15:59:52,983] Trial 49 finished with value: 582.3338012695312 and parameters: {'gradient_clip_val': 0.1794817908787696, 'hidden_size': 143, 'dropout': 0.48300751940694947, 'hidden_continuous_size': 42, 'attention_head_size': 4, 'learning_rate': 0.01599987398726673}. Best is trial 0 with value: 152.80752563476562.
[I 2023-12-26 15:59:53,113] A new study created in memory with name: no-name-3a0ddc7d-f21f-4d69-a36a-2aef197a332f
/home/le004/conda/anaconda3/envs/tsff_env/lib/python3.9/site-packages/lightning/fabric/plugins/environments/slurm.py:191: The `srun` command is available on your system but is not used. HINT: If your intention is to run Lightning on SLURM, prepend your python command with `srun` like so: srun python /home/le004/master_thesis/git/TSFusionForecast/code/ ...
[I 2023-12-26 16:03:08,262] Trial 0 finished with value: 696.793701171875 and parameters: {'gradient_clip_val': 0.35335466941800664, 'hidden_size': 36, 'dropout': 0.1795817377865197, 'hidden_continuous_size': 7, 'attention_head_size': 1, 'learning_rate': 0.004746925391663378}. Best is trial 0 with value: 696.793701171875.
[I 2023-12-26 16:03:10,419] Trial 1 finished with value: 3000.1279296875 and parameters: {'gradient_clip_val': 0.5717443190091148, 'hidden_size': 20, 'dropout': 0.2126368312108043, 'hidden_continuous_size': 5, 'attention_head_size': 4, 'learning_rate': 0.03479922629458694}. Best is trial 0 with value: 696.793701171875.
[I 2023-12-26 16:03:12,191] Trial 2 finished with value: 2781.037109375 and parameters: {'gradient_clip_val': 0.6276064998348911, 'hidden_size': 6, 'dropout': 0.34829021927830994, 'hidden_continuous_size': 6, 'attention_head_size': 4, 'learning_rate': 0.06839111865585047}. Best is trial 0 with value: 696.793701171875.
[I 2023-12-26 16:03:14,122] Trial 3 finished with value: 2032.7589111328125 and parameters: {'gradient_clip_val': 0.1424688838528378, 'hidden_size': 9, 'dropout': 0.10329985879966373, 'hidden_continuous_size': 6, 'attention_head_size': 2, 'learning_rate': 0.022855221935185497}. Best is trial 0 with value: 696.793701171875.
[I 2023-12-26 16:03:17,193] Trial 4 finished with value: 2947.756103515625 and parameters: {'gradient_clip_val': 0.35563618463149443, 'hidden_size': 47, 'dropout': 0.4759300464573194, 'hidden_continuous_size': 18, 'attention_head_size': 4, 'learning_rate': 0.002314511556546923}. Best is trial 0 with value: 696.793701171875.
[I 2023-12-26 16:03:19,236] Trial 5 finished with value: 2692.808349609375 and parameters: {'gradient_clip_val': 0.8059560561355729, 'hidden_size': 14, 'dropout': 0.19050690466241563, 'hidden_continuous_size': 8, 'attention_head_size': 2, 'learning_rate': 0.016234249392800597}. Best is trial 0 with value: 696.793701171875.
[I 2023-12-26 16:03:22,669] Trial 6 finished with value: 2391.6923828125 and parameters: {'gradient_clip_val': 0.5524398574084949, 'hidden_size': 54, 'dropout': 0.4471305811322114, 'hidden_continuous_size': 46, 'attention_head_size': 3, 'learning_rate': 0.0021563110552217505}. Best is trial 0 with value: 696.793701171875.
[I 2023-12-26 16:03:27,289] Trial 7 finished with value: 2521.7822265625 and parameters: {'gradient_clip_val': 0.16707597360221027, 'hidden_size': 79, 'dropout': 0.17438097300896654, 'hidden_continuous_size': 5, 'attention_head_size': 2, 'learning_rate': 0.036851322825374073}. Best is trial 0 with value: 696.793701171875.
[I 2023-12-26 16:03:36,326] Trial 8 finished with value: 2740.177734375 and parameters: {'gradient_clip_val': 0.6623317071865992, 'hidden_size': 142, 'dropout': 0.38138894949572777, 'hidden_continuous_size': 70, 'attention_head_size': 2, 'learning_rate': 0.0020296264424947866}. Best is trial 0 with value: 696.793701171875.
[I 2023-12-26 16:03:38,589] Trial 9 finished with value: 1995.7655029296875 and parameters: {'gradient_clip_val': 0.6801277523266872, 'hidden_size': 23, 'dropout': 0.4016026171868533, 'hidden_continuous_size': 13, 'attention_head_size': 1, 'learning_rate': 0.0007710550778831616}. Best is trial 0 with value: 696.793701171875.
[I 2023-12-26 16:03:41,365] Trial 10 finished with value: 2224.960693359375 and parameters: {'gradient_clip_val': 0.2567126410934707, 'hidden_size': 35, 'dropout': 0.28118604784624585, 'hidden_continuous_size': 9, 'attention_head_size': 1, 'learning_rate': 0.007764771027546047}. Best is trial 0 with value: 696.793701171875.
[I 2023-12-26 16:03:43,642] Trial 11 finished with value: 3222.283935546875 and parameters: {'gradient_clip_val': 0.9974392690526972, 'hidden_size': 23, 'dropout': 0.29358367909556504, 'hidden_continuous_size': 12, 'attention_head_size': 1, 'learning_rate': 0.0006059516850540111}. Best is trial 0 with value: 696.793701171875.
[I 2023-12-26 16:03:45,937] Trial 12 finished with value: 2179.8408203125 and parameters: {'gradient_clip_val': 0.34848050457334717, 'hidden_size': 25, 'dropout': 0.4105755587734832, 'hidden_continuous_size': 12, 'attention_head_size': 1, 'learning_rate': 0.0006106925118751119}. Best is trial 0 with value: 696.793701171875.
[I 2023-12-26 16:03:47,999] Trial 13 finished with value: 2809.538330078125 and parameters: {'gradient_clip_val': 0.10271701809266152, 'hidden_size': 14, 'dropout': 0.35089567170109126, 'hidden_continuous_size': 7, 'attention_head_size': 1, 'learning_rate': 0.008165717162853161}. Best is trial 0 with value: 696.793701171875.
[I 2023-12-26 16:03:50,663] Trial 14 finished with value: 2277.312744140625 and parameters: {'gradient_clip_val': 0.4239213950502081, 'hidden_size': 38, 'dropout': 0.49100865796525706, 'hidden_continuous_size': 16, 'attention_head_size': 3, 'learning_rate': 0.003863707023325034}. Best is trial 0 with value: 696.793701171875.
[I 2023-12-26 16:03:52,536] Trial 15 finished with value: 2163.314697265625 and parameters: {'gradient_clip_val': 0.2582955622212666, 'hidden_size': 16, 'dropout': 0.23438047167505266, 'hidden_continuous_size': 8, 'attention_head_size': 1, 'learning_rate': 0.0010659651871437646}. Best is trial 0 with value: 696.793701171875.
[I 2023-12-26 16:03:54,964] Trial 16 finished with value: 2683.93994140625 and parameters: {'gradient_clip_val': 0.44907589952498644, 'hidden_size': 29, 'dropout': 0.41791341043087965, 'hidden_continuous_size': 10, 'attention_head_size': 1, 'learning_rate': 0.0010671796359108994}. Best is trial 0 with value: 696.793701171875.
[I 2023-12-26 16:03:59,086] Trial 17 finished with value: 2360.561767578125 and parameters: {'gradient_clip_val': 0.947686350996707, 'hidden_size': 69, 'dropout': 0.32583178721072714, 'hidden_continuous_size': 20, 'attention_head_size': 3, 'learning_rate': 0.0049116789344123574}. Best is trial 0 with value: 696.793701171875.
[I 2023-12-26 16:04:01,093] Trial 18 finished with value: 2434.231689453125 and parameters: {'gradient_clip_val': 0.4676286275009069, 'hidden_size': 10, 'dropout': 0.2484105354543369, 'hidden_continuous_size': 5, 'attention_head_size': 2, 'learning_rate': 0.012467329918815011}. Best is trial 0 with value: 696.793701171875.
[I 2023-12-26 16:04:03,512] Trial 19 finished with value: 1745.1219482421875 and parameters: {'gradient_clip_val': 0.7133976562585026, 'hidden_size': 29, 'dropout': 0.14620162109965001, 'hidden_continuous_size': 11, 'attention_head_size': 1, 'learning_rate': 0.00378447575383365}. Best is trial 0 with value: 696.793701171875.
[I 2023-12-26 16:04:06,073] Trial 20 finished with value: 2513.68505859375 and parameters: {'gradient_clip_val': 0.7980708638626972, 'hidden_size': 35, 'dropout': 0.13374320979513207, 'hidden_continuous_size': 10, 'attention_head_size': 2, 'learning_rate': 0.0047798371246274}. Best is trial 0 with value: 696.793701171875.
[I 2023-12-26 16:04:08,264] Trial 21 finished with value: 2759.137939453125 and parameters: {'gradient_clip_val': 0.7325441257662482, 'hidden_size': 21, 'dropout': 0.15830697439331887, 'hidden_continuous_size': 12, 'attention_head_size': 1, 'learning_rate': 0.003663721984355122}. Best is trial 0 with value: 696.793701171875.
[I 2023-12-26 16:04:10,938] Trial 22 finished with value: 2370.1328125 and parameters: {'gradient_clip_val': 0.5821800161275571, 'hidden_size': 27, 'dropout': 0.14587407239482772, 'hidden_continuous_size': 14, 'attention_head_size': 1, 'learning_rate': 0.0013752183731683815}. Best is trial 0 with value: 696.793701171875.
[I 2023-12-26 16:04:13,746] Trial 23 finished with value: 2030.7259521484375 and parameters: {'gradient_clip_val': 0.500420896578716, 'hidden_size': 43, 'dropout': 0.10074146338061915, 'hidden_continuous_size': 7, 'attention_head_size': 1, 'learning_rate': 0.0027318756747614563}. Best is trial 0 with value: 696.793701171875.
[I 2023-12-26 16:04:16,218] Trial 24 finished with value: 2357.955078125 and parameters: {'gradient_clip_val': 0.7092928454586194, 'hidden_size': 30, 'dropout': 0.1955598162778582, 'hidden_continuous_size': 10, 'attention_head_size': 1, 'learning_rate': 0.006183831831243168}. Best is trial 0 with value: 696.793701171875.
[I 2023-12-26 16:04:18,286] Trial 25 finished with value: 2352.71240234375 and parameters: {'gradient_clip_val': 0.39959757128928997, 'hidden_size': 17, 'dropout': 0.2691079662465024, 'hidden_continuous_size': 9, 'attention_head_size': 2, 'learning_rate': 0.0015366398709229735}. Best is trial 0 with value: 696.793701171875.
[I 2023-12-26 16:04:21,535] Trial 26 finished with value: 1569.99658203125 and parameters: {'gradient_clip_val': 0.5184215008486648, 'hidden_size': 55, 'dropout': 0.24065101878773942, 'hidden_continuous_size': 24, 'attention_head_size': 1, 'learning_rate': 0.003509319841300285}. Best is trial 0 with value: 696.793701171875.
[I 2023-12-26 16:04:24,865] Trial 27 finished with value: 1749.0240478515625 and parameters: {'gradient_clip_val': 0.5252063833701265, 'hidden_size': 55, 'dropout': 0.22548896034071897, 'hidden_continuous_size': 23, 'attention_head_size': 2, 'learning_rate': 0.0033122310921203184}. Best is trial 0 with value: 696.793701171875.
[I 2023-12-26 16:04:28,945] Trial 28 finished with value: 2622.06201171875 and parameters: {'gradient_clip_val': 0.2899154690573505, 'hidden_size': 70, 'dropout': 0.19192542623665984, 'hidden_continuous_size': 25, 'attention_head_size': 1, 'learning_rate': 0.00924698322525105}. Best is trial 0 with value: 696.793701171875.
[I 2023-12-26 16:04:31,543] Trial 29 finished with value: 1753.7408447265625 and parameters: {'gradient_clip_val': 0.5777815165022409, 'hidden_size': 34, 'dropout': 0.21737324204412606, 'hidden_continuous_size': 15, 'attention_head_size': 3, 'learning_rate': 0.005530194357289769}. Best is trial 0 with value: 696.793701171875.
[I 2023-12-26 16:04:34,267] Trial 30 finished with value: 2700.644287109375 and parameters: {'gradient_clip_val': 0.5075183567439324, 'hidden_size': 42, 'dropout': 0.24079036555787953, 'hidden_continuous_size': 17, 'attention_head_size': 1, 'learning_rate': 0.0030069320830802687}. Best is trial 0 with value: 696.793701171875.
[I 2023-12-26 16:04:37,534] Trial 31 finished with value: 3205.947265625 and parameters: {'gradient_clip_val': 0.5627322406887514, 'hidden_size': 54, 'dropout': 0.20798533111071824, 'hidden_continuous_size': 23, 'attention_head_size': 2, 'learning_rate': 0.004055442364656652}. Best is trial 0 with value: 696.793701171875.
[I 2023-12-26 16:04:40,851] Trial 32 finished with value: 2887.431884765625 and parameters: {'gradient_clip_val': 0.3928492139170458, 'hidden_size': 55, 'dropout': 0.1742609651336801, 'hidden_continuous_size': 27, 'attention_head_size': 2, 'learning_rate': 0.006052785125557608}. Best is trial 0 with value: 696.793701171875.
[I 2023-12-26 16:04:46,317] Trial 33 finished with value: 2811.874755859375 and parameters: {'gradient_clip_val': 0.512934890704189, 'hidden_size': 91, 'dropout': 0.21627509226908392, 'hidden_continuous_size': 25, 'attention_head_size': 4, 'learning_rate': 0.003441299061585223}. Best is trial 0 with value: 696.793701171875.
[I 2023-12-26 16:04:49,300] Trial 34 finished with value: 2867.123291015625 and parameters: {'gradient_clip_val': 0.6195128382473651, 'hidden_size': 48, 'dropout': 0.13049552732492892, 'hidden_continuous_size': 20, 'attention_head_size': 1, 'learning_rate': 0.0028660071562322197}. Best is trial 0 with value: 696.793701171875.
[I 2023-12-26 16:04:51,684] Trial 35 finished with value: 2621.546630859375 and parameters: {'gradient_clip_val': 0.4592294567400893, 'hidden_size': 32, 'dropout': 0.2638184316112372, 'hidden_continuous_size': 14, 'attention_head_size': 2, 'learning_rate': 0.004623789453196951}. Best is trial 0 with value: 696.793701171875.
[I 2023-12-26 16:04:54,232] Trial 36 finished with value: 2718.714599609375 and parameters: {'gradient_clip_val': 0.35448425436905984, 'hidden_size': 40, 'dropout': 0.16397315130995188, 'hidden_continuous_size': 6, 'attention_head_size': 1, 'learning_rate': 0.002095148312650728}. Best is trial 0 with value: 696.793701171875.
[I 2023-12-26 16:04:56,645] Trial 37 finished with value: 1774.2205810546875 and parameters: {'gradient_clip_val': 0.6238403882716701, 'hidden_size': 27, 'dropout': 0.22845709370509615, 'hidden_continuous_size': 16, 'attention_head_size': 2, 'learning_rate': 0.012101730835525086}. Best is trial 0 with value: 696.793701171875.
[I 2023-12-26 16:04:58,423] Trial 38 finished with value: 3445.328125 and parameters: {'gradient_clip_val': 0.8527621637281849, 'hidden_size': 5, 'dropout': 0.19186443380030627, 'hidden_continuous_size': 5, 'attention_head_size': 4, 'learning_rate': 0.006514002373538206}. Best is trial 0 with value: 696.793701171875.
[I 2023-12-26 16:05:01,319] Trial 39 finished with value: 2059.7626953125 and parameters: {'gradient_clip_val': 0.727452605224502, 'hidden_size': 48, 'dropout': 0.2504234542127587, 'hidden_continuous_size': 29, 'attention_head_size': 3, 'learning_rate': 0.0021679827377649105}. Best is trial 0 with value: 696.793701171875.
[I 2023-12-26 16:05:04,888] Trial 40 finished with value: 2160.984130859375 and parameters: {'gradient_clip_val': 0.5307172565989383, 'hidden_size': 59, 'dropout': 0.12364325014362984, 'hidden_continuous_size': 30, 'attention_head_size': 2, 'learning_rate': 0.003290397206546214}. Best is trial 0 with value: 696.793701171875.
[I 2023-12-26 16:05:07,541] Trial 41 finished with value: 2888.880126953125 and parameters: {'gradient_clip_val': 0.5946061500201391, 'hidden_size': 36, 'dropout': 0.21398899634991972, 'hidden_continuous_size': 21, 'attention_head_size': 3, 'learning_rate': 0.004730714211866783}. Best is trial 0 with value: 696.793701171875.
[I 2023-12-26 16:05:09,942] Trial 42 finished with value: 3532.351318359375 and parameters: {'gradient_clip_val': 0.6399964556215694, 'hidden_size': 32, 'dropout': 0.17643569864745737, 'hidden_continuous_size': 18, 'attention_head_size': 3, 'learning_rate': 0.002608311270099029}. Best is trial 0 with value: 696.793701171875.
[I 2023-12-26 16:05:12,903] Trial 43 finished with value: 2769.849853515625 and parameters: {'gradient_clip_val': 0.5550046034334243, 'hidden_size': 45, 'dropout': 0.22476140861221744, 'hidden_continuous_size': 15, 'attention_head_size': 3, 'learning_rate': 0.007178685126866468}. Best is trial 0 with value: 696.793701171875.
[I 2023-12-26 16:05:15,151] Trial 44 finished with value: 3067.479736328125 and parameters: {'gradient_clip_val': 0.41598748778976447, 'hidden_size': 24, 'dropout': 0.19686309311761396, 'hidden_continuous_size': 12, 'attention_head_size': 4, 'learning_rate': 0.005708374401861711}. Best is trial 0 with value: 696.793701171875.
[I 2023-12-26 16:05:17,567] Trial 45 finished with value: 2589.862548828125 and parameters: {'gradient_clip_val': 0.49722816081276133, 'hidden_size': 19, 'dropout': 0.15353715440621304, 'hidden_continuous_size': 11, 'attention_head_size': 3, 'learning_rate': 0.0038363430454624327}. Best is trial 0 with value: 696.793701171875.
[I 2023-12-26 16:05:20,207] Trial 46 finished with value: 2277.130615234375 and parameters: {'gradient_clip_val': 0.6898146620422454, 'hidden_size': 38, 'dropout': 0.1749452377809733, 'hidden_continuous_size': 13, 'attention_head_size': 1, 'learning_rate': 0.002493510743446615}. Best is trial 0 with value: 696.793701171875.
[I 2023-12-26 16:05:22,699] Trial 47 finished with value: 3295.472900390625 and parameters: {'gradient_clip_val': 0.3674662138851478, 'hidden_size': 33, 'dropout': 0.20974421104782873, 'hidden_continuous_size': 11, 'attention_head_size': 1, 'learning_rate': 0.001734700301431343}. Best is trial 0 with value: 696.793701171875.
[I 2023-12-26 16:05:28,233] Trial 48 finished with value: 2888.823974609375 and parameters: {'gradient_clip_val': 0.43898211584564534, 'hidden_size': 91, 'dropout': 0.3041836394573395, 'hidden_continuous_size': 34, 'attention_head_size': 2, 'learning_rate': 0.008193744733833962}. Best is trial 0 with value: 696.793701171875.
[I 2023-12-26 16:05:30,662] Trial 49 finished with value: 2710.684814453125 and parameters: {'gradient_clip_val': 0.3111611138786402, 'hidden_size': 26, 'dropout': 0.23434408023184447, 'hidden_continuous_size': 18, 'attention_head_size': 3, 'learning_rate': 0.0050774348886316505}. Best is trial 0 with value: 696.793701171875.
[I 2023-12-26 16:05:30,779] A new study created in memory with name: no-name-e7f525e9-499d-41f2-9547-8da618f1993b
/home/le004/conda/anaconda3/envs/tsff_env/lib/python3.9/site-packages/lightning/fabric/plugins/environments/slurm.py:191: The `srun` command is available on your system but is not used. HINT: If your intention is to run Lightning on SLURM, prepend your python command with `srun` like so: srun python /home/le004/master_thesis/git/TSFusionForecast/code/ ...
[I 2023-12-26 16:16:55,737] Trial 0 finished with value: 199.21861267089844 and parameters: {'gradient_clip_val': 0.1818144759783618, 'hidden_size': 140, 'dropout': 0.2694935595037483, 'hidden_continuous_size': 33, 'attention_head_size': 4, 'learning_rate': 0.03337247928138777}. Best is trial 0 with value: 199.21861267089844.
[I 2023-12-26 16:17:04,611] Trial 1 finished with value: 815.44384765625 and parameters: {'gradient_clip_val': 0.587272552078056, 'hidden_size': 113, 'dropout': 0.2064252938722763, 'hidden_continuous_size': 59, 'attention_head_size': 3, 'learning_rate': 0.0028096471544314322}. Best is trial 0 with value: 199.21861267089844.
[I 2023-12-26 16:17:09,402] Trial 2 finished with value: 861.1803588867188 and parameters: {'gradient_clip_val': 0.746663056558895, 'hidden_size': 65, 'dropout': 0.4155764263811442, 'hidden_continuous_size': 11, 'attention_head_size': 2, 'learning_rate': 0.01803455909174753}. Best is trial 0 with value: 199.21861267089844.
[I 2023-12-26 16:17:12,109] Trial 3 finished with value: 847.0072631835938 and parameters: {'gradient_clip_val': 0.8698115849813762, 'hidden_size': 28, 'dropout': 0.1469710517447288, 'hidden_continuous_size': 5, 'attention_head_size': 2, 'learning_rate': 0.0016714980155334066}. Best is trial 0 with value: 199.21861267089844.
