[I 2023-12-16 07:53:11,534] Trial 37 finished with value: 1.8506226539611816 and parameters: {'gradient_clip_val': 0.9976442175289557, 'hidden_size': 12, 'dropout': 0.15800466896042265, 'hidden_continuous_size': 6, 'attention_head_size': 4, 'learning_rate': 0.030267957361179126}. Best is trial 8 with value: 0.062425822019577026.
LOCAL_RANK: 0 - CUDA_VISIBLE_DEVICES: [0]
[I 2023-12-16 07:53:59,347] Trial 38 finished with value: 5.530660152435303 and parameters: {'gradient_clip_val': 0.7558158551814567, 'hidden_size': 19, 'dropout': 0.17222636967232413, 'hidden_continuous_size': 7, 'attention_head_size': 4, 'learning_rate': 0.01845665416802878}. Best is trial 8 with value: 0.062425822019577026.
LOCAL_RANK: 0 - CUDA_VISIBLE_DEVICES: [0]
[I 2023-12-16 07:54:44,157] Trial 39 finished with value: 1.3224714994430542 and parameters: {'gradient_clip_val': 0.8583047470440439, 'hidden_size': 13, 'dropout': 0.2551916740159088, 'hidden_continuous_size': 5, 'attention_head_size': 1, 'learning_rate': 0.04464127812920511}. Best is trial 8 with value: 0.062425822019577026.
LOCAL_RANK: 0 - CUDA_VISIBLE_DEVICES: [0]
[I 2023-12-16 07:55:18,336] Trial 40 finished with value: 5.561469554901123 and parameters: {'gradient_clip_val': 0.7556290832234689, 'hidden_size': 5, 'dropout': 0.1871120259939455, 'hidden_continuous_size': 5, 'attention_head_size': 2, 'learning_rate': 0.0802625640559381}. Best is trial 8 with value: 0.062425822019577026.
LOCAL_RANK: 0 - CUDA_VISIBLE_DEVICES: [0]
[I 2023-12-16 07:56:02,747] Trial 41 finished with value: 4.067917346954346 and parameters: {'gradient_clip_val': 0.6441607108458955, 'hidden_size': 8, 'dropout': 0.13445655150113614, 'hidden_continuous_size': 6, 'attention_head_size': 3, 'learning_rate': 0.06481605460520323}. Best is trial 8 with value: 0.062425822019577026.
LOCAL_RANK: 0 - CUDA_VISIBLE_DEVICES: [0]
[I 2023-12-16 07:56:48,276] Trial 42 finished with value: 1.8514422178268433 and parameters: {'gradient_clip_val': 0.8637811549596199, 'hidden_size': 10, 'dropout': 0.12476077708311244, 'hidden_continuous_size': 6, 'attention_head_size': 3, 'learning_rate': 0.037292495001155584}. Best is trial 8 with value: 0.062425822019577026.
LOCAL_RANK: 0 - CUDA_VISIBLE_DEVICES: [0]
[I 2023-12-16 07:57:34,890] Trial 43 finished with value: 3.4706594944000244 and parameters: {'gradient_clip_val': 0.8916918846383927, 'hidden_size': 17, 'dropout': 0.15154314313524714, 'hidden_continuous_size': 6, 'attention_head_size': 3, 'learning_rate': 0.04000686966258759}. Best is trial 8 with value: 0.062425822019577026.
LOCAL_RANK: 0 - CUDA_VISIBLE_DEVICES: [0]
[I 2023-12-16 07:58:20,045] Trial 44 finished with value: 3.165445566177368 and parameters: {'gradient_clip_val': 0.6510050870148769, 'hidden_size': 13, 'dropout': 0.11783537262007851, 'hidden_continuous_size': 6, 'attention_head_size': 2, 'learning_rate': 0.029649914628175303}. Best is trial 8 with value: 0.062425822019577026.
LOCAL_RANK: 0 - CUDA_VISIBLE_DEVICES: [0]
[I 2023-12-16 07:59:08,617] Trial 45 finished with value: 1.1202713251113892 and parameters: {'gradient_clip_val': 0.7776945602305326, 'hidden_size': 21, 'dropout': 0.14711892548367622, 'hidden_continuous_size': 7, 'attention_head_size': 3, 'learning_rate': 0.04718766309434619}. Best is trial 8 with value: 0.062425822019577026.
LOCAL_RANK: 0 - CUDA_VISIBLE_DEVICES: [0]
[I 2023-12-16 07:59:54,297] Trial 46 finished with value: 2.262979507446289 and parameters: {'gradient_clip_val': 0.584073607234325, 'hidden_size': 11, 'dropout': 0.17061221888726347, 'hidden_continuous_size': 6, 'attention_head_size': 3, 'learning_rate': 0.05904163709952655}. Best is trial 8 with value: 0.062425822019577026.
LOCAL_RANK: 0 - CUDA_VISIBLE_DEVICES: [0]
[I 2023-12-16 08:00:40,469] Trial 47 finished with value: 6.9151611328125 and parameters: {'gradient_clip_val': 0.9025915674514803, 'hidden_size': 14, 'dropout': 0.11419532989747325, 'hidden_continuous_size': 5, 'attention_head_size': 4, 'learning_rate': 0.028211173672738107}. Best is trial 8 with value: 0.062425822019577026.
LOCAL_RANK: 0 - CUDA_VISIBLE_DEVICES: [0]
[I 2023-12-16 08:01:29,782] Trial 48 finished with value: 2.6365041732788086 and parameters: {'gradient_clip_val': 0.7829451254900804, 'hidden_size': 25, 'dropout': 0.13673188293115174, 'hidden_continuous_size': 9, 'attention_head_size': 2, 'learning_rate': 0.042904661343435936}. Best is trial 8 with value: 0.062425822019577026.
LOCAL_RANK: 0 - CUDA_VISIBLE_DEVICES: [0]
[I 2023-12-16 08:02:20,298] Trial 49 finished with value: 2.65102481842041 and parameters: {'gradient_clip_val': 0.7001365461364711, 'hidden_size': 40, 'dropout': 0.18948318959619387, 'hidden_continuous_size': 10, 'attention_head_size': 3, 'learning_rate': 0.06853573012983745}. Best is trial 8 with value: 0.062425822019577026.
[I 2023-12-16 08:02:20,401] A new study created in memory with name: no-name-fb8de92d-b06e-4257-b925-c447318cdbaa
/home/le004/conda/anaconda3/envs/tsff_env/lib/python3.9/site-packages/lightning/fabric/plugins/environments/slurm.py:191: The `srun` command is available on your system but is not used. HINT: If your intention is to run Lightning on SLURM, prepend your python command with `srun` like so: srun python /home/le004/master_thesis/git/TSFusionForecast/code/ ...
LOCAL_RANK: 0 - CUDA_VISIBLE_DEVICES: [0]
[I 2023-12-16 08:02:55,164] Trial 0 finished with value: 6.446560382843018 and parameters: {'gradient_clip_val': 0.5524955394394934, 'hidden_size': 6, 'dropout': 0.3575491637768765, 'hidden_continuous_size': 6, 'attention_head_size': 3, 'learning_rate': 0.009992460246283925}. Best is trial 0 with value: 6.446560382843018.
LOCAL_RANK: 0 - CUDA_VISIBLE_DEVICES: [0]
[I 2023-12-16 08:03:41,873] Trial 1 finished with value: 0.15798009932041168 and parameters: {'gradient_clip_val': 0.17022941615687692, 'hidden_size': 19, 'dropout': 0.14287573782259655, 'hidden_continuous_size': 5, 'attention_head_size': 2, 'learning_rate': 0.08434814583802396}. Best is trial 1 with value: 0.15798009932041168.
LOCAL_RANK: 0 - CUDA_VISIBLE_DEVICES: [0]
[I 2023-12-16 08:04:27,492] Trial 2 finished with value: 4.045691013336182 and parameters: {'gradient_clip_val': 0.6747135040277662, 'hidden_size': 13, 'dropout': 0.17202832901886922, 'hidden_continuous_size': 12, 'attention_head_size': 1, 'learning_rate': 0.0006450323694212587}. Best is trial 1 with value: 0.15798009932041168.
LOCAL_RANK: 0 - CUDA_VISIBLE_DEVICES: [0]
[I 2023-12-16 08:05:15,917] Trial 3 finished with value: 2.051793098449707 and parameters: {'gradient_clip_val': 0.157375966866771, 'hidden_size': 40, 'dropout': 0.21340163498694645, 'hidden_continuous_size': 5, 'attention_head_size': 3, 'learning_rate': 0.0010354430390141175}. Best is trial 1 with value: 0.15798009932041168.
LOCAL_RANK: 0 - CUDA_VISIBLE_DEVICES: [0]
[I 2023-12-16 08:06:09,953] Trial 4 finished with value: 3.159752607345581 and parameters: {'gradient_clip_val': 0.10111587439589795, 'hidden_size': 82, 'dropout': 0.3992330454615163, 'hidden_continuous_size': 32, 'attention_head_size': 1, 'learning_rate': 0.042009142843554136}. Best is trial 1 with value: 0.15798009932041168.
LOCAL_RANK: 0 - CUDA_VISIBLE_DEVICES: [0]
[I 2023-12-16 08:06:54,947] Trial 5 finished with value: 4.919912815093994 and parameters: {'gradient_clip_val': 0.3435715211354299, 'hidden_size': 13, 'dropout': 0.32713616633855863, 'hidden_continuous_size': 6, 'attention_head_size': 2, 'learning_rate': 0.05096534770016536}. Best is trial 1 with value: 0.15798009932041168.
LOCAL_RANK: 0 - CUDA_VISIBLE_DEVICES: [0]
[I 2023-12-16 08:07:42,054] Trial 6 finished with value: 5.403543472290039 and parameters: {'gradient_clip_val': 0.10005851044832162, 'hidden_size': 20, 'dropout': 0.15070941543931107, 'hidden_continuous_size': 6, 'attention_head_size': 4, 'learning_rate': 0.06817588946485444}. Best is trial 1 with value: 0.15798009932041168.
LOCAL_RANK: 0 - CUDA_VISIBLE_DEVICES: [0]
[I 2023-12-16 08:08:30,484] Trial 7 finished with value: 0.7549840807914734 and parameters: {'gradient_clip_val': 0.36474290277881627, 'hidden_size': 22, 'dropout': 0.3523273357115919, 'hidden_continuous_size': 6, 'attention_head_size': 3, 'learning_rate': 0.009889360198549246}. Best is trial 1 with value: 0.15798009932041168.
LOCAL_RANK: 0 - CUDA_VISIBLE_DEVICES: [0]
[I 2023-12-16 08:09:23,785] Trial 8 finished with value: 3.376826047897339 and parameters: {'gradient_clip_val': 0.3027665252929146, 'hidden_size': 62, 'dropout': 0.15581945903181624, 'hidden_continuous_size': 18, 'attention_head_size': 2, 'learning_rate': 0.0009816024355323223}. Best is trial 1 with value: 0.15798009932041168.
LOCAL_RANK: 0 - CUDA_VISIBLE_DEVICES: [0]
[I 2023-12-16 08:10:12,771] Trial 9 finished with value: 0.9303581118583679 and parameters: {'gradient_clip_val': 0.10198959858427312, 'hidden_size': 31, 'dropout': 0.20009053319959225, 'hidden_continuous_size': 5, 'attention_head_size': 3, 'learning_rate': 0.0033585989245428667}. Best is trial 1 with value: 0.15798009932041168.
LOCAL_RANK: 0 - CUDA_VISIBLE_DEVICES: [0]
[I 2023-12-16 08:10:47,518] Trial 10 finished with value: 1.4767484664916992 and parameters: {'gradient_clip_val': 0.1927999409025927, 'hidden_size': 5, 'dropout': 0.10396070505187899, 'hidden_continuous_size': 5, 'attention_head_size': 4, 'learning_rate': 0.097803949050977}. Best is trial 1 with value: 0.15798009932041168.
LOCAL_RANK: 0 - CUDA_VISIBLE_DEVICES: [0]
[I 2023-12-16 08:11:36,017] Trial 11 finished with value: 0.5664514899253845 and parameters: {'gradient_clip_val': 0.9556026196080724, 'hidden_size': 21, 'dropout': 0.26723917618862536, 'hidden_continuous_size': 8, 'attention_head_size': 2, 'learning_rate': 0.017704200243045906}. Best is trial 1 with value: 0.15798009932041168.
LOCAL_RANK: 0 - CUDA_VISIBLE_DEVICES: [0]
[I 2023-12-16 08:12:21,771] Trial 12 finished with value: 6.337673187255859 and parameters: {'gradient_clip_val': 0.9596337275692273, 'hidden_size': 13, 'dropout': 0.2582540907112451, 'hidden_continuous_size': 8, 'attention_head_size': 2, 'learning_rate': 0.024236349694646657}. Best is trial 1 with value: 0.15798009932041168.
LOCAL_RANK: 0 - CUDA_VISIBLE_DEVICES: [0]
[I 2023-12-16 08:13:12,389] Trial 13 finished with value: 1.2467236518859863 and parameters: {'gradient_clip_val': 0.9060314042106162, 'hidden_size': 41, 'dropout': 0.26302554685521284, 'hidden_continuous_size': 9, 'attention_head_size': 1, 'learning_rate': 0.022396950217093668}. Best is trial 1 with value: 0.15798009932041168.
LOCAL_RANK: 0 - CUDA_VISIBLE_DEVICES: [0]
[I 2023-12-16 08:14:00,149] Trial 14 finished with value: 0.13195018470287323 and parameters: {'gradient_clip_val': 0.5150039170037901, 'hidden_size': 21, 'dropout': 0.2850410752530815, 'hidden_continuous_size': 7, 'attention_head_size': 2, 'learning_rate': 0.09913945191446576}. Best is trial 14 with value: 0.13195018470287323.
LOCAL_RANK: 0 - CUDA_VISIBLE_DEVICES: [0]
[I 2023-12-16 08:14:44,185] Trial 15 finished with value: 2.9382131099700928 and parameters: {'gradient_clip_val': 0.47631527174551386, 'hidden_size': 8, 'dropout': 0.28729104012474377, 'hidden_continuous_size': 5, 'attention_head_size': 2, 'learning_rate': 0.08050662897999586}. Best is trial 14 with value: 0.13195018470287323.
LOCAL_RANK: 0 - CUDA_VISIBLE_DEVICES: [0]
[I 2023-12-16 08:15:29,102] Trial 16 finished with value: 1.3905197381973267 and parameters: {'gradient_clip_val': 0.1942841369315233, 'hidden_size': 9, 'dropout': 0.22293159896890496, 'hidden_continuous_size': 5, 'attention_head_size': 1, 'learning_rate': 0.04463513817789701}. Best is trial 14 with value: 0.13195018470287323.
LOCAL_RANK: 0 - CUDA_VISIBLE_DEVICES: [0]
[I 2023-12-16 08:16:17,936] Trial 17 finished with value: 1.262954831123352 and parameters: {'gradient_clip_val': 0.24190938985820376, 'hidden_size': 27, 'dropout': 0.10855041914537131, 'hidden_continuous_size': 7, 'attention_head_size': 2, 'learning_rate': 0.09567046368762493}. Best is trial 14 with value: 0.13195018470287323.
LOCAL_RANK: 0 - CUDA_VISIBLE_DEVICES: [0]
[I 2023-12-16 08:17:03,207] Trial 18 finished with value: 1.5892229080200195 and parameters: {'gradient_clip_val': 0.41461988263341937, 'hidden_size': 16, 'dropout': 0.30291205078600186, 'hidden_continuous_size': 7, 'attention_head_size': 3, 'learning_rate': 0.03913666683177303}. Best is trial 14 with value: 0.13195018470287323.
LOCAL_RANK: 0 - CUDA_VISIBLE_DEVICES: [0]
[I 2023-12-16 08:17:52,154] Trial 19 finished with value: 0.14505372941493988 and parameters: {'gradient_clip_val': 0.2739965204520419, 'hidden_size': 36, 'dropout': 0.18855916410557505, 'hidden_continuous_size': 10, 'attention_head_size': 1, 'learning_rate': 0.029339329875728074}. Best is trial 14 with value: 0.13195018470287323.
LOCAL_RANK: 0 - CUDA_VISIBLE_DEVICES: [0]
[I 2023-12-16 08:18:44,073] Trial 20 finished with value: 2.1997156143188477 and parameters: {'gradient_clip_val': 0.5715566879297586, 'hidden_size': 47, 'dropout': 0.23087098649925727, 'hidden_continuous_size': 11, 'attention_head_size': 1, 'learning_rate': 0.03000123799042064}. Best is trial 14 with value: 0.13195018470287323.
LOCAL_RANK: 0 - CUDA_VISIBLE_DEVICES: [0]
[I 2023-12-16 08:19:32,989] Trial 21 finished with value: 0.9642770290374756 and parameters: {'gradient_clip_val': 0.27923891250698807, 'hidden_size': 30, 'dropout': 0.1923591072780829, 'hidden_continuous_size': 10, 'attention_head_size': 1, 'learning_rate': 0.05803833387624998}. Best is trial 14 with value: 0.13195018470287323.
LOCAL_RANK: 0 - CUDA_VISIBLE_DEVICES: [0]
[I 2023-12-16 08:20:22,081] Trial 22 finished with value: 1.6712628602981567 and parameters: {'gradient_clip_val': 0.4169563081808513, 'hidden_size': 27, 'dropout': 0.24115972658146279, 'hidden_continuous_size': 13, 'attention_head_size': 2, 'learning_rate': 0.06583665217573266}. Best is trial 14 with value: 0.13195018470287323.
LOCAL_RANK: 0 - CUDA_VISIBLE_DEVICES: [0]
[I 2023-12-16 08:21:08,892] Trial 23 finished with value: 1.0111662149429321 and parameters: {'gradient_clip_val': 0.2556562172765921, 'hidden_size': 18, 'dropout': 0.1293338851281963, 'hidden_continuous_size': 7, 'attention_head_size': 2, 'learning_rate': 0.09130068711029764}. Best is trial 14 with value: 0.13195018470287323.
LOCAL_RANK: 0 - CUDA_VISIBLE_DEVICES: [0]
[I 2023-12-16 08:21:57,758] Trial 24 finished with value: 4.084924221038818 and parameters: {'gradient_clip_val': 0.3085848684730879, 'hidden_size': 34, 'dropout': 0.18732243344470983, 'hidden_continuous_size': 8, 'attention_head_size': 1, 'learning_rate': 0.03489349640284878}. Best is trial 14 with value: 0.13195018470287323.
LOCAL_RANK: 0 - CUDA_VISIBLE_DEVICES: [0]
[I 2023-12-16 08:22:50,639] Trial 25 finished with value: 0.40205731987953186 and parameters: {'gradient_clip_val': 0.21179441711319463, 'hidden_size': 53, 'dropout': 0.14645672616780403, 'hidden_continuous_size': 10, 'attention_head_size': 2, 'learning_rate': 0.059124034246751465}. Best is trial 14 with value: 0.13195018470287323.
LOCAL_RANK: 0 - CUDA_VISIBLE_DEVICES: [0]
[I 2023-12-16 08:23:39,370] Trial 26 finished with value: 2.2093164920806885 and parameters: {'gradient_clip_val': 0.15927109588601357, 'hidden_size': 26, 'dropout': 0.1749603490224728, 'hidden_continuous_size': 9, 'attention_head_size': 1, 'learning_rate': 0.032807637979373735}. Best is trial 14 with value: 0.13195018470287323.
LOCAL_RANK: 0 - CUDA_VISIBLE_DEVICES: [0]
[I 2023-12-16 08:24:29,065] Trial 27 finished with value: 0.3096413314342499 and parameters: {'gradient_clip_val': 0.35555780764724293, 'hidden_size': 36, 'dropout': 0.20691711937851906, 'hidden_continuous_size': 13, 'attention_head_size': 2, 'learning_rate': 0.09879750990461021}. Best is trial 14 with value: 0.13195018470287323.
LOCAL_RANK: 0 - CUDA_VISIBLE_DEVICES: [0]
[I 2023-12-16 08:25:14,236] Trial 28 finished with value: 2.5090513229370117 and parameters: {'gradient_clip_val': 0.2631373526433258, 'hidden_size': 16, 'dropout': 0.13106404172472544, 'hidden_continuous_size': 7, 'attention_head_size': 3, 'learning_rate': 0.016248406702533885}. Best is trial 14 with value: 0.13195018470287323.
LOCAL_RANK: 0 - CUDA_VISIBLE_DEVICES: [0]
[I 2023-12-16 08:26:02,232] Trial 29 finished with value: 2.417123794555664 and parameters: {'gradient_clip_val': 0.5595473685270044, 'hidden_size': 24, 'dropout': 0.23693817956279747, 'hidden_continuous_size': 6, 'attention_head_size': 4, 'learning_rate': 0.052809099079692334}. Best is trial 14 with value: 0.13195018470287323.
LOCAL_RANK: 0 - CUDA_VISIBLE_DEVICES: [0]
[I 2023-12-16 08:26:50,415] Trial 30 finished with value: 4.061344623565674 and parameters: {'gradient_clip_val': 0.6739900053710421, 'hidden_size': 31, 'dropout': 0.1698414511731874, 'hidden_continuous_size': 6, 'attention_head_size': 1, 'learning_rate': 0.06355703990150557}. Best is trial 14 with value: 0.13195018470287323.
LOCAL_RANK: 0 - CUDA_VISIBLE_DEVICES: [0]
[I 2023-12-16 08:27:41,596] Trial 31 finished with value: 0.6162818074226379 and parameters: {'gradient_clip_val': 0.3818204343597286, 'hidden_size': 37, 'dropout': 0.21330059023328746, 'hidden_continuous_size': 13, 'attention_head_size': 2, 'learning_rate': 0.09860416238881378}. Best is trial 14 with value: 0.13195018470287323.
LOCAL_RANK: 0 - CUDA_VISIBLE_DEVICES: [0]
[I 2023-12-16 08:28:32,565] Trial 32 finished with value: 4.05680513381958 and parameters: {'gradient_clip_val': 0.3322724108594121, 'hidden_size': 35, 'dropout': 0.20590132383507656, 'hidden_continuous_size': 15, 'attention_head_size': 2, 'learning_rate': 0.06930627418780556}. Best is trial 14 with value: 0.13195018470287323.
LOCAL_RANK: 0 - CUDA_VISIBLE_DEVICES: [0]
[I 2023-12-16 08:29:23,619] Trial 33 finished with value: 5.170078754425049 and parameters: {'gradient_clip_val': 0.4901751008329099, 'hidden_size': 44, 'dropout': 0.1833236467988855, 'hidden_continuous_size': 11, 'attention_head_size': 2, 'learning_rate': 0.03986553621748874}. Best is trial 14 with value: 0.13195018470287323.
LOCAL_RANK: 0 - CUDA_VISIBLE_DEVICES: [0]
[I 2023-12-16 08:30:12,908] Trial 34 finished with value: 0.11307088285684586 and parameters: {'gradient_clip_val': 0.30867268739742837, 'hidden_size': 22, 'dropout': 0.21865941725582302, 'hidden_continuous_size': 9, 'attention_head_size': 3, 'learning_rate': 0.07612571633519376}. Best is trial 34 with value: 0.11307088285684586.
LOCAL_RANK: 0 - CUDA_VISIBLE_DEVICES: [0]
[I 2023-12-16 08:31:01,565] Trial 35 finished with value: 0.4314021170139313 and parameters: {'gradient_clip_val': 0.3107455112355704, 'hidden_size': 23, 'dropout': 0.24801841585835696, 'hidden_continuous_size': 8, 'attention_head_size': 3, 'learning_rate': 0.05160297339890851}. Best is trial 34 with value: 0.11307088285684586.
LOCAL_RANK: 0 - CUDA_VISIBLE_DEVICES: [0]
[I 2023-12-16 08:31:49,425] Trial 36 finished with value: 3.1433589458465576 and parameters: {'gradient_clip_val': 0.23120058604690563, 'hidden_size': 18, 'dropout': 0.22248586096489317, 'hidden_continuous_size': 9, 'attention_head_size': 3, 'learning_rate': 0.0694012547958888}. Best is trial 34 with value: 0.11307088285684586.
LOCAL_RANK: 0 - CUDA_VISIBLE_DEVICES: [0]
[I 2023-12-16 08:32:37,515] Trial 37 finished with value: 2.6878445148468018 and parameters: {'gradient_clip_val': 0.28173175586943006, 'hidden_size': 24, 'dropout': 0.17217814300480017, 'hidden_continuous_size': 10, 'attention_head_size': 3, 'learning_rate': 0.045716893332112}. Best is trial 34 with value: 0.11307088285684586.
LOCAL_RANK: 0 - CUDA_VISIBLE_DEVICES: [0]
[I 2023-12-16 08:33:25,481] Trial 38 finished with value: 1.9588063955307007 and parameters: {'gradient_clip_val': 0.22843171914256924, 'hidden_size': 20, 'dropout': 0.19454630420821106, 'hidden_continuous_size': 9, 'attention_head_size': 4, 'learning_rate': 0.07160311689156258}. Best is trial 34 with value: 0.11307088285684586.
LOCAL_RANK: 0 - CUDA_VISIBLE_DEVICES: [0]
[I 2023-12-16 08:34:21,340] Trial 39 finished with value: 0.7574068903923035 and parameters: {'gradient_clip_val': 0.28321939563400617, 'hidden_size': 90, 'dropout': 0.16398786887742045, 'hidden_continuous_size': 35, 'attention_head_size': 3, 'learning_rate': 0.0318921049752474}. Best is trial 34 with value: 0.11307088285684586.
LOCAL_RANK: 0 - CUDA_VISIBLE_DEVICES: [0]
[I 2023-12-16 08:35:07,216] Trial 40 finished with value: 0.5367481112480164 and parameters: {'gradient_clip_val': 0.33295103304725227, 'hidden_size': 14, 'dropout': 0.27502476391514563, 'hidden_continuous_size': 6, 'attention_head_size': 3, 'learning_rate': 0.04845200334648551}. Best is trial 34 with value: 0.11307088285684586.
LOCAL_RANK: 0 - CUDA_VISIBLE_DEVICES: [0]
[I 2023-12-16 08:35:59,451] Trial 41 finished with value: 1.2823439836502075 and parameters: {'gradient_clip_val': 0.3656825111503407, 'hidden_size': 38, 'dropout': 0.20868235908397303, 'hidden_continuous_size': 16, 'attention_head_size': 2, 'learning_rate': 0.08073133193425024}. Best is trial 34 with value: 0.11307088285684586.
LOCAL_RANK: 0 - CUDA_VISIBLE_DEVICES: [0]
[I 2023-12-16 08:36:48,734] Trial 42 finished with value: 1.3330506086349487 and parameters: {'gradient_clip_val': 0.37637769320336917, 'hidden_size': 31, 'dropout': 0.22626676324006226, 'hidden_continuous_size': 12, 'attention_head_size': 2, 'learning_rate': 0.09816191954330009}. Best is trial 34 with value: 0.11307088285684586.
LOCAL_RANK: 0 - CUDA_VISIBLE_DEVICES: [0]
[I 2023-12-16 08:37:37,361] Trial 43 finished with value: 0.0993776023387909 and parameters: {'gradient_clip_val': 0.33398399029828363, 'hidden_size': 21, 'dropout': 0.20201570816799225, 'hidden_continuous_size': 10, 'attention_head_size': 2, 'learning_rate': 0.08338809782101417}. Best is trial 43 with value: 0.0993776023387909.
LOCAL_RANK: 0 - CUDA_VISIBLE_DEVICES: [0]
