[I 2023-12-27 11:22:08,579] Trial 49 finished with value: 25.532888412475586 and parameters: {'gradient_clip_val': 0.8264301281771362, 'hidden_size': 24, 'dropout': 0.3534868183818817, 'hidden_continuous_size': 6, 'attention_head_size': 3, 'learning_rate': 0.005560175501851709}. Best is trial 0 with value: 6.670525074005127.
[I 2023-12-27 11:22:08,709] A new study created in memory with name: no-name-ae712c15-1661-4f5b-9488-a80708dd1bc1
/home/le004/conda/anaconda3/envs/tsff_env/lib/python3.9/site-packages/lightning/fabric/plugins/environments/slurm.py:191: The `srun` command is available on your system but is not used. HINT: If your intention is to run Lightning on SLURM, prepend your python command with `srun` like so: srun python /home/le004/master_thesis/git/TSFusionForecast/code/ ...
LOCAL_RANK: 0 - CUDA_VISIBLE_DEVICES: [0]
[I 2023-12-27 11:22:33,251] Trial 0 finished with value: 4.605292797088623 and parameters: {'gradient_clip_val': 0.21769735558051553, 'hidden_size': 27, 'dropout': 0.2898984663055225, 'hidden_continuous_size': 5, 'attention_head_size': 1, 'learning_rate': 0.07615238312249659}. Best is trial 0 with value: 4.605292797088623.
LOCAL_RANK: 0 - CUDA_VISIBLE_DEVICES: [0]
[I 2023-12-27 11:22:33,678] Trial 1 finished with value: 39.27046585083008 and parameters: {'gradient_clip_val': 0.12166471774494875, 'hidden_size': 24, 'dropout': 0.42400139918348945, 'hidden_continuous_size': 14, 'attention_head_size': 2, 'learning_rate': 0.009373500125328598}. Best is trial 0 with value: 4.605292797088623.
LOCAL_RANK: 0 - CUDA_VISIBLE_DEVICES: [0]
[I 2023-12-27 11:22:34,158] Trial 2 finished with value: 29.203720092773438 and parameters: {'gradient_clip_val': 0.14260958302222468, 'hidden_size': 91, 'dropout': 0.31221323606622176, 'hidden_continuous_size': 61, 'attention_head_size': 1, 'learning_rate': 0.0072592850608698455}. Best is trial 0 with value: 4.605292797088623.
LOCAL_RANK: 0 - CUDA_VISIBLE_DEVICES: [0]
[I 2023-12-27 11:22:34,551] Trial 3 finished with value: 17.272069931030273 and parameters: {'gradient_clip_val': 0.13934383918004997, 'hidden_size': 10, 'dropout': 0.11709002228065848, 'hidden_continuous_size': 10, 'attention_head_size': 1, 'learning_rate': 0.0026220563597231564}. Best is trial 0 with value: 4.605292797088623.
LOCAL_RANK: 0 - CUDA_VISIBLE_DEVICES: [0]
[I 2023-12-27 11:22:35,007] Trial 4 finished with value: 37.08671951293945 and parameters: {'gradient_clip_val': 0.9515179598912505, 'hidden_size': 47, 'dropout': 0.26019901848473587, 'hidden_continuous_size': 5, 'attention_head_size': 3, 'learning_rate': 0.03228613322773949}. Best is trial 0 with value: 4.605292797088623.
LOCAL_RANK: 0 - CUDA_VISIBLE_DEVICES: [0]
[I 2023-12-27 11:22:35,447] Trial 5 finished with value: 34.92911911010742 and parameters: {'gradient_clip_val': 0.3173691048799781, 'hidden_size': 14, 'dropout': 0.1912732537760849, 'hidden_continuous_size': 5, 'attention_head_size': 2, 'learning_rate': 0.00848299438542239}. Best is trial 0 with value: 4.605292797088623.
LOCAL_RANK: 0 - CUDA_VISIBLE_DEVICES: [0]
[I 2023-12-27 11:22:35,886] Trial 6 finished with value: 38.64442443847656 and parameters: {'gradient_clip_val': 0.17817321901811148, 'hidden_size': 7, 'dropout': 0.4555822554856025, 'hidden_continuous_size': 5, 'attention_head_size': 1, 'learning_rate': 0.0061542607425342285}. Best is trial 0 with value: 4.605292797088623.
LOCAL_RANK: 0 - CUDA_VISIBLE_DEVICES: [0]
[I 2023-12-27 11:22:36,351] Trial 7 finished with value: 28.15627098083496 and parameters: {'gradient_clip_val': 0.4919488979461094, 'hidden_size': 85, 'dropout': 0.40185172690403914, 'hidden_continuous_size': 9, 'attention_head_size': 2, 'learning_rate': 0.09451568895400383}. Best is trial 0 with value: 4.605292797088623.
LOCAL_RANK: 0 - CUDA_VISIBLE_DEVICES: [0]
[I 2023-12-27 11:22:37,065] Trial 8 finished with value: 19.546892166137695 and parameters: {'gradient_clip_val': 0.3411865523340216, 'hidden_size': 24, 'dropout': 0.347428878028497, 'hidden_continuous_size': 15, 'attention_head_size': 2, 'learning_rate': 0.03390131191989999}. Best is trial 0 with value: 4.605292797088623.
LOCAL_RANK: 0 - CUDA_VISIBLE_DEVICES: [0]
[I 2023-12-27 11:22:37,514] Trial 9 finished with value: 21.63959503173828 and parameters: {'gradient_clip_val': 0.18702548162130733, 'hidden_size': 9, 'dropout': 0.4906775154253534, 'hidden_continuous_size': 5, 'attention_head_size': 3, 'learning_rate': 0.033306107531972655}. Best is trial 0 with value: 4.605292797088623.
LOCAL_RANK: 0 - CUDA_VISIBLE_DEVICES: [0]
[I 2023-12-27 11:22:37,929] Trial 10 finished with value: 21.65141487121582 and parameters: {'gradient_clip_val': 0.2296844591371552, 'hidden_size': 5, 'dropout': 0.2695989207566966, 'hidden_continuous_size': 5, 'attention_head_size': 4, 'learning_rate': 0.000800215204077408}. Best is trial 0 with value: 4.605292797088623.
LOCAL_RANK: 0 - CUDA_VISIBLE_DEVICES: [0]
[I 2023-12-27 11:22:38,396] Trial 11 finished with value: 31.41777229309082 and parameters: {'gradient_clip_val': 0.1082621582943613, 'hidden_size': 15, 'dropout': 0.10113887068878866, 'hidden_continuous_size': 7, 'attention_head_size': 1, 'learning_rate': 0.0020257219561819785}. Best is trial 0 with value: 4.605292797088623.
LOCAL_RANK: 0 - CUDA_VISIBLE_DEVICES: [0]
[I 2023-12-27 11:22:38,839] Trial 12 finished with value: 32.08384704589844 and parameters: {'gradient_clip_val': 0.20407939148487858, 'hidden_size': 42, 'dropout': 0.10698939185800538, 'hidden_continuous_size': 10, 'attention_head_size': 1, 'learning_rate': 0.0017997359706903627}. Best is trial 0 with value: 4.605292797088623.
LOCAL_RANK: 0 - CUDA_VISIBLE_DEVICES: [0]
[I 2023-12-27 11:22:39,329] Trial 13 finished with value: 27.151269912719727 and parameters: {'gradient_clip_val': 0.10271248993571375, 'hidden_size': 12, 'dropout': 0.20544770342623325, 'hidden_continuous_size': 6, 'attention_head_size': 1, 'learning_rate': 0.0005229501557901477}. Best is trial 0 with value: 4.605292797088623.
LOCAL_RANK: 0 - CUDA_VISIBLE_DEVICES: [0]
[I 2023-12-27 11:22:39,810] Trial 14 finished with value: 32.657997131347656 and parameters: {'gradient_clip_val': 0.14870950770728208, 'hidden_size': 20, 'dropout': 0.17618054551988124, 'hidden_continuous_size': 7, 'attention_head_size': 4, 'learning_rate': 0.09370653743253382}. Best is trial 0 with value: 4.605292797088623.
LOCAL_RANK: 0 - CUDA_VISIBLE_DEVICES: [0]
[I 2023-12-27 11:22:40,287] Trial 15 finished with value: 28.767776489257812 and parameters: {'gradient_clip_val': 0.24537528350898702, 'hidden_size': 41, 'dropout': 0.34768805527622243, 'hidden_continuous_size': 8, 'attention_head_size': 1, 'learning_rate': 0.0034685259543083147}. Best is trial 0 with value: 4.605292797088623.
LOCAL_RANK: 0 - CUDA_VISIBLE_DEVICES: [0]
[I 2023-12-27 11:22:40,756] Trial 16 finished with value: 30.39316749572754 and parameters: {'gradient_clip_val': 0.14470622395346636, 'hidden_size': 8, 'dropout': 0.151262961969859, 'hidden_continuous_size': 6, 'attention_head_size': 3, 'learning_rate': 0.015245801469841986}. Best is trial 0 with value: 4.605292797088623.
LOCAL_RANK: 0 - CUDA_VISIBLE_DEVICES: [0]
[I 2023-12-27 11:22:41,151] Trial 17 finished with value: 35.46390151977539 and parameters: {'gradient_clip_val': 0.25279511079435796, 'hidden_size': 5, 'dropout': 0.21874098848311888, 'hidden_continuous_size': 5, 'attention_head_size': 2, 'learning_rate': 0.0035152529916704406}. Best is trial 0 with value: 4.605292797088623.
LOCAL_RANK: 0 - CUDA_VISIBLE_DEVICES: [0]
[I 2023-12-27 11:22:41,616] Trial 18 finished with value: 30.933385848999023 and parameters: {'gradient_clip_val': 0.1750977806948394, 'hidden_size': 18, 'dropout': 0.2503415128531158, 'hidden_continuous_size': 10, 'attention_head_size': 1, 'learning_rate': 0.021822751402102956}. Best is trial 0 with value: 4.605292797088623.
LOCAL_RANK: 0 - CUDA_VISIBLE_DEVICES: [0]
[I 2023-12-27 11:22:42,092] Trial 19 finished with value: 32.88743591308594 and parameters: {'gradient_clip_val': 0.12372544542269519, 'hidden_size': 29, 'dropout': 0.146539742925349, 'hidden_continuous_size': 13, 'attention_head_size': 2, 'learning_rate': 0.04629880572294048}. Best is trial 0 with value: 4.605292797088623.
LOCAL_RANK: 0 - CUDA_VISIBLE_DEVICES: [0]
[I 2023-12-27 11:22:42,525] Trial 20 finished with value: 25.171117782592773 and parameters: {'gradient_clip_val': 0.15026204101832158, 'hidden_size': 12, 'dropout': 0.22865657382353718, 'hidden_continuous_size': 6, 'attention_head_size': 1, 'learning_rate': 0.012855897567286253}. Best is trial 0 with value: 4.605292797088623.
LOCAL_RANK: 0 - CUDA_VISIBLE_DEVICES: [0]
[I 2023-12-27 11:22:43,013] Trial 21 finished with value: 27.715070724487305 and parameters: {'gradient_clip_val': 0.33359367659873207, 'hidden_size': 28, 'dropout': 0.34028829490700147, 'hidden_continuous_size': 14, 'attention_head_size': 2, 'learning_rate': 0.0514104020253364}. Best is trial 0 with value: 4.605292797088623.
LOCAL_RANK: 0 - CUDA_VISIBLE_DEVICES: [0]
[I 2023-12-27 11:22:43,754] Trial 22 finished with value: 30.993467330932617 and parameters: {'gradient_clip_val': 0.3563040446057656, 'hidden_size': 20, 'dropout': 0.28954788638591067, 'hidden_continuous_size': 12, 'attention_head_size': 2, 'learning_rate': 0.061872198416726795}. Best is trial 0 with value: 4.605292797088623.
LOCAL_RANK: 0 - CUDA_VISIBLE_DEVICES: [0]
[I 2023-12-27 11:22:44,233] Trial 23 finished with value: 32.06515884399414 and parameters: {'gradient_clip_val': 0.2791473836654123, 'hidden_size': 10, 'dropout': 0.35963153949733173, 'hidden_continuous_size': 8, 'attention_head_size': 1, 'learning_rate': 0.029459431564146255}. Best is trial 0 with value: 4.605292797088623.
LOCAL_RANK: 0 - CUDA_VISIBLE_DEVICES: [0]
[I 2023-12-27 11:22:44,700] Trial 24 finished with value: 25.23707389831543 and parameters: {'gradient_clip_val': 0.3966661723284109, 'hidden_size': 15, 'dropout': 0.31100793991095443, 'hidden_continuous_size': 11, 'attention_head_size': 3, 'learning_rate': 0.01992904158290962}. Best is trial 0 with value: 4.605292797088623.
LOCAL_RANK: 0 - CUDA_VISIBLE_DEVICES: [0]
[I 2023-12-27 11:22:45,180] Trial 25 finished with value: 28.25440216064453 and parameters: {'gradient_clip_val': 0.215476622275258, 'hidden_size': 33, 'dropout': 0.24946641964705704, 'hidden_continuous_size': 17, 'attention_head_size': 2, 'learning_rate': 0.0693114169213238}. Best is trial 0 with value: 4.605292797088623.
LOCAL_RANK: 0 - CUDA_VISIBLE_DEVICES: [0]
[I 2023-12-27 11:22:45,622] Trial 26 finished with value: 29.004623413085938 and parameters: {'gradient_clip_val': 0.27068948550260535, 'hidden_size': 24, 'dropout': 0.3684284109195493, 'hidden_continuous_size': 16, 'attention_head_size': 1, 'learning_rate': 0.046362945208540896}. Best is trial 0 with value: 4.605292797088623.
LOCAL_RANK: 0 - CUDA_VISIBLE_DEVICES: [0]
[I 2023-12-27 11:22:46,066] Trial 27 finished with value: 20.61844253540039 and parameters: {'gradient_clip_val': 0.1929838772737102, 'hidden_size': 7, 'dropout': 0.2863101269445008, 'hidden_continuous_size': 6, 'attention_head_size': 1, 'learning_rate': 0.07303574598566889}. Best is trial 0 with value: 4.605292797088623.
LOCAL_RANK: 0 - CUDA_VISIBLE_DEVICES: [0]
[I 2023-12-27 11:22:46,593] Trial 28 finished with value: 26.025392532348633 and parameters: {'gradient_clip_val': 0.22432224555420335, 'hidden_size': 60, 'dropout': 0.3182576233514557, 'hidden_continuous_size': 19, 'attention_head_size': 2, 'learning_rate': 0.03972443165830426}. Best is trial 0 with value: 4.605292797088623.
LOCAL_RANK: 0 - CUDA_VISIBLE_DEVICES: [0]
[I 2023-12-27 11:22:47,100] Trial 29 finished with value: 32.674381256103516 and parameters: {'gradient_clip_val': 0.12399878101500232, 'hidden_size': 132, 'dropout': 0.41610970133068537, 'hidden_continuous_size': 23, 'attention_head_size': 2, 'learning_rate': 0.011778974664875118}. Best is trial 0 with value: 4.605292797088623.
LOCAL_RANK: 0 - CUDA_VISIBLE_DEVICES: [0]
[I 2023-12-27 11:22:47,571] Trial 30 finished with value: 23.7257080078125 and parameters: {'gradient_clip_val': 0.166949143924898, 'hidden_size': 22, 'dropout': 0.37711695318235877, 'hidden_continuous_size': 9, 'attention_head_size': 1, 'learning_rate': 0.0201968625208803}. Best is trial 0 with value: 4.605292797088623.
LOCAL_RANK: 0 - CUDA_VISIBLE_DEVICES: [0]
[I 2023-12-27 11:22:47,994] Trial 31 finished with value: 34.35865783691406 and parameters: {'gradient_clip_val': 0.21787061923436932, 'hidden_size': 7, 'dropout': 0.2827783867276247, 'hidden_continuous_size': 6, 'attention_head_size': 1, 'learning_rate': 0.06956433186972913}. Best is trial 0 with value: 4.605292797088623.
LOCAL_RANK: 0 - CUDA_VISIBLE_DEVICES: [0]
[I 2023-12-27 11:22:48,429] Trial 32 finished with value: 28.074308395385742 and parameters: {'gradient_clip_val': 0.1902449958887896, 'hidden_size': 18, 'dropout': 0.29651435884579636, 'hidden_continuous_size': 7, 'attention_head_size': 1, 'learning_rate': 0.0959523101018774}. Best is trial 0 with value: 4.605292797088623.
LOCAL_RANK: 0 - CUDA_VISIBLE_DEVICES: [0]
[I 2023-12-27 11:22:48,900] Trial 33 finished with value: 24.200170516967773 and parameters: {'gradient_clip_val': 0.16006674248336314, 'hidden_size': 6, 'dropout': 0.33484754735225697, 'hidden_continuous_size': 5, 'attention_head_size': 1, 'learning_rate': 0.05811088270023569}. Best is trial 0 with value: 4.605292797088623.
LOCAL_RANK: 0 - CUDA_VISIBLE_DEVICES: [0]
[I 2023-12-27 11:22:49,325] Trial 34 finished with value: 46.30601501464844 and parameters: {'gradient_clip_val': 0.12656864372957538, 'hidden_size': 10, 'dropout': 0.24730707475953306, 'hidden_continuous_size': 6, 'attention_head_size': 1, 'learning_rate': 0.038402424911305154}. Best is trial 0 with value: 4.605292797088623.
LOCAL_RANK: 0 - CUDA_VISIBLE_DEVICES: [0]
[I 2023-12-27 11:22:50,056] Trial 35 finished with value: 28.817895889282227 and parameters: {'gradient_clip_val': 0.29265151320813365, 'hidden_size': 12, 'dropout': 0.3129775465732619, 'hidden_continuous_size': 10, 'attention_head_size': 2, 'learning_rate': 0.02832857443672169}. Best is trial 0 with value: 4.605292797088623.
LOCAL_RANK: 0 - CUDA_VISIBLE_DEVICES: [0]
[I 2023-12-27 11:22:50,507] Trial 36 finished with value: 31.92486572265625 and parameters: {'gradient_clip_val': 0.20024320454563613, 'hidden_size': 8, 'dropout': 0.2727981163027138, 'hidden_continuous_size': 7, 'attention_head_size': 1, 'learning_rate': 0.07302609154323479}. Best is trial 0 with value: 4.605292797088623.
LOCAL_RANK: 0 - CUDA_VISIBLE_DEVICES: [0]
[I 2023-12-27 11:22:50,968] Trial 37 finished with value: 31.461380004882812 and parameters: {'gradient_clip_val': 0.16264762001085056, 'hidden_size': 33, 'dropout': 0.386405533090926, 'hidden_continuous_size': 12, 'attention_head_size': 1, 'learning_rate': 0.0459679756368242}. Best is trial 0 with value: 4.605292797088623.
LOCAL_RANK: 0 - CUDA_VISIBLE_DEVICES: [0]
[I 2023-12-27 11:22:51,454] Trial 38 finished with value: 19.278303146362305 and parameters: {'gradient_clip_val': 0.18274964489741552, 'hidden_size': 25, 'dropout': 0.44153691846773035, 'hidden_continuous_size': 15, 'attention_head_size': 3, 'learning_rate': 0.09924573912687229}. Best is trial 0 with value: 4.605292797088623.
LOCAL_RANK: 0 - CUDA_VISIBLE_DEVICES: [0]
[I 2023-12-27 11:22:51,905] Trial 39 finished with value: 26.875524520874023 and parameters: {'gradient_clip_val': 0.47854714009967525, 'hidden_size': 25, 'dropout': 0.4291739475188281, 'hidden_continuous_size': 14, 'attention_head_size': 3, 'learning_rate': 0.007893515673596193}. Best is trial 0 with value: 4.605292797088623.
LOCAL_RANK: 0 - CUDA_VISIBLE_DEVICES: [0]
[I 2023-12-27 11:22:52,379] Trial 40 finished with value: 31.158203125 and parameters: {'gradient_clip_val': 0.13626929720358114, 'hidden_size': 17, 'dropout': 0.45862925446674674, 'hidden_continuous_size': 11, 'attention_head_size': 4, 'learning_rate': 0.08611579189275297}. Best is trial 0 with value: 4.605292797088623.
LOCAL_RANK: 0 - CUDA_VISIBLE_DEVICES: [0]
[I 2023-12-27 11:22:52,861] Trial 41 finished with value: 28.44373893737793 and parameters: {'gradient_clip_val': 0.19452127852053547, 'hidden_size': 23, 'dropout': 0.39276158577403447, 'hidden_continuous_size': 15, 'attention_head_size': 3, 'learning_rate': 0.0776525246435377}. Best is trial 0 with value: 4.605292797088623.
LOCAL_RANK: 0 - CUDA_VISIBLE_DEVICES: [0]
[I 2023-12-27 11:22:53,307] Trial 42 finished with value: 47.993988037109375 and parameters: {'gradient_clip_val': 0.24013347568615143, 'hidden_size': 14, 'dropout': 0.3271520835662527, 'hidden_continuous_size': 9, 'attention_head_size': 3, 'learning_rate': 0.060071217770325216}. Best is trial 0 with value: 4.605292797088623.
LOCAL_RANK: 0 - CUDA_VISIBLE_DEVICES: [0]
[I 2023-12-27 11:22:53,783] Trial 43 finished with value: 24.910354614257812 and parameters: {'gradient_clip_val': 0.1803415056118536, 'hidden_size': 33, 'dropout': 0.2997057518363106, 'hidden_continuous_size': 19, 'attention_head_size': 3, 'learning_rate': 0.09107107887394467}. Best is trial 0 with value: 4.605292797088623.
LOCAL_RANK: 0 - CUDA_VISIBLE_DEVICES: [0]
[I 2023-12-27 11:22:54,229] Trial 44 finished with value: 30.355138778686523 and parameters: {'gradient_clip_val': 0.13505511858294988, 'hidden_size': 6, 'dropout': 0.35861573562475113, 'hidden_continuous_size': 5, 'attention_head_size': 2, 'learning_rate': 0.09981019090997353}. Best is trial 0 with value: 4.605292797088623.
LOCAL_RANK: 0 - CUDA_VISIBLE_DEVICES: [0]
[I 2023-12-27 11:22:54,724] Trial 45 finished with value: 26.721481323242188 and parameters: {'gradient_clip_val': 0.11201355551227997, 'hidden_size': 26, 'dropout': 0.2671399150503211, 'hidden_continuous_size': 12, 'attention_head_size': 3, 'learning_rate': 0.05555903045562427}. Best is trial 0 with value: 4.605292797088623.
LOCAL_RANK: 0 - CUDA_VISIBLE_DEVICES: [0]
[I 2023-12-27 11:22:55,221] Trial 46 finished with value: 35.723487854003906 and parameters: {'gradient_clip_val': 0.20820163915144502, 'hidden_size': 21, 'dropout': 0.3480533776913187, 'hidden_continuous_size': 13, 'attention_head_size': 4, 'learning_rate': 0.03720160860274463}. Best is trial 0 with value: 4.605292797088623.
LOCAL_RANK: 0 - CUDA_VISIBLE_DEVICES: [0]
[I 2023-12-27 11:22:55,726] Trial 47 finished with value: 41.74318313598633 and parameters: {'gradient_clip_val': 0.1760328127305799, 'hidden_size': 48, 'dropout': 0.49360155883194623, 'hidden_continuous_size': 24, 'attention_head_size': 1, 'learning_rate': 0.07443749887368514}. Best is trial 0 with value: 4.605292797088623.
LOCAL_RANK: 0 - CUDA_VISIBLE_DEVICES: [0]
[I 2023-12-27 11:22:56,464] Trial 48 finished with value: 21.229307174682617 and parameters: {'gradient_clip_val': 0.24879539745750495, 'hidden_size': 16, 'dropout': 0.18711480073773615, 'hidden_continuous_size': 8, 'attention_head_size': 2, 'learning_rate': 0.029924220099419842}. Best is trial 0 with value: 4.605292797088623.
LOCAL_RANK: 0 - CUDA_VISIBLE_DEVICES: [0]
[I 2023-12-27 11:22:56,942] Trial 49 finished with value: 34.72395324707031 and parameters: {'gradient_clip_val': 0.16381029683941734, 'hidden_size': 13, 'dropout': 0.22291086275411287, 'hidden_continuous_size': 5, 'attention_head_size': 1, 'learning_rate': 0.056260704060587995}. Best is trial 0 with value: 4.605292797088623.
[I 2023-12-27 11:22:57,070] A new study created in memory with name: no-name-c9c13676-bc3f-4c0b-a185-b5ccc1896432
/home/le004/conda/anaconda3/envs/tsff_env/lib/python3.9/site-packages/lightning/fabric/plugins/environments/slurm.py:191: The `srun` command is available on your system but is not used. HINT: If your intention is to run Lightning on SLURM, prepend your python command with `srun` like so: srun python /home/le004/master_thesis/git/TSFusionForecast/code/ ...
LOCAL_RANK: 0 - CUDA_VISIBLE_DEVICES: [0]
[I 2023-12-27 11:23:23,678] Trial 0 finished with value: 20.145933151245117 and parameters: {'gradient_clip_val': 0.3702832754187478, 'hidden_size': 7, 'dropout': 0.20764506057569335, 'hidden_continuous_size': 7, 'attention_head_size': 2, 'learning_rate': 0.0050700259675157235}. Best is trial 0 with value: 20.145933151245117.
LOCAL_RANK: 0 - CUDA_VISIBLE_DEVICES: [0]
[I 2023-12-27 11:23:33,421] Trial 1 finished with value: 32.35099792480469 and parameters: {'gradient_clip_val': 0.10454375909701169, 'hidden_size': 28, 'dropout': 0.22308339026668333, 'hidden_continuous_size': 9, 'attention_head_size': 1, 'learning_rate': 0.0012107406269298274}. Best is trial 0 with value: 20.145933151245117.
LOCAL_RANK: 0 - CUDA_VISIBLE_DEVICES: [0]
[I 2023-12-27 11:23:33,901] Trial 2 finished with value: 32.86721420288086 and parameters: {'gradient_clip_val': 0.757214606452534, 'hidden_size': 71, 'dropout': 0.12478797731208116, 'hidden_continuous_size': 15, 'attention_head_size': 2, 'learning_rate': 0.016327534778946728}. Best is trial 0 with value: 20.145933151245117.
LOCAL_RANK: 0 - CUDA_VISIBLE_DEVICES: [0]
[I 2023-12-27 11:23:34,331] Trial 3 finished with value: 35.128387451171875 and parameters: {'gradient_clip_val': 0.26251523496376256, 'hidden_size': 6, 'dropout': 0.23741643261243733, 'hidden_continuous_size': 5, 'attention_head_size': 4, 'learning_rate': 0.01644698440632447}. Best is trial 0 with value: 20.145933151245117.
LOCAL_RANK: 0 - CUDA_VISIBLE_DEVICES: [0]
[I 2023-12-27 11:23:34,811] Trial 4 finished with value: 42.13639450073242 and parameters: {'gradient_clip_val': 0.7130209247943031, 'hidden_size': 61, 'dropout': 0.4305493060422295, 'hidden_continuous_size': 7, 'attention_head_size': 3, 'learning_rate': 0.028834271870863487}. Best is trial 0 with value: 20.145933151245117.
LOCAL_RANK: 0 - CUDA_VISIBLE_DEVICES: [0]
[I 2023-12-27 11:23:35,249] Trial 5 finished with value: 46.307708740234375 and parameters: {'gradient_clip_val': 0.19146007750838623, 'hidden_size': 11, 'dropout': 0.33006391612375763, 'hidden_continuous_size': 11, 'attention_head_size': 2, 'learning_rate': 0.0017163537495040136}. Best is trial 0 with value: 20.145933151245117.
LOCAL_RANK: 0 - CUDA_VISIBLE_DEVICES: [0]
