[I 2023-12-27 11:40:13,971] Trial 49 finished with value: 3.10064435005188 and parameters: {'gradient_clip_val': 0.2957552233845348, 'hidden_size': 23, 'dropout': 0.3989737579944151, 'hidden_continuous_size': 13, 'attention_head_size': 3, 'learning_rate': 0.001101634479580827}. Best is trial 1 with value: 0.18412208557128906.
[I 2023-12-27 11:40:14,095] A new study created in memory with name: no-name-9d195ca3-8e7e-43bf-9bfe-da1684068d29
/home/le004/conda/anaconda3/envs/tsff_env/lib/python3.9/site-packages/lightning/fabric/plugins/environments/slurm.py:191: The `srun` command is available on your system but is not used. HINT: If your intention is to run Lightning on SLURM, prepend your python command with `srun` like so: srun python /home/le004/master_thesis/git/TSFusionForecast/code/ ...
[I 2023-12-27 11:40:44,899] Trial 0 finished with value: 2.7841269969940186 and parameters: {'gradient_clip_val': 0.21261625120139824, 'hidden_size': 12, 'dropout': 0.3902398574140403, 'hidden_continuous_size': 9, 'attention_head_size': 3, 'learning_rate': 0.001656708882956582}. Best is trial 0 with value: 2.7841269969940186.
[I 2023-12-27 11:41:39,421] Trial 1 finished with value: 0.09851252287626266 and parameters: {'gradient_clip_val': 0.3374431385323321, 'hidden_size': 118, 'dropout': 0.257482257014056, 'hidden_continuous_size': 66, 'attention_head_size': 3, 'learning_rate': 0.0027319462715297573}. Best is trial 1 with value: 0.09851252287626266.
[I 2023-12-27 11:41:46,256] Trial 2 finished with value: 6.811944961547852 and parameters: {'gradient_clip_val': 0.10916422772559078, 'hidden_size': 28, 'dropout': 0.223678009551188, 'hidden_continuous_size': 5, 'attention_head_size': 1, 'learning_rate': 0.0009614426527438158}. Best is trial 1 with value: 0.09851252287626266.
[I 2023-12-27 11:41:46,610] Trial 3 finished with value: 4.808970928192139 and parameters: {'gradient_clip_val': 0.396638616509591, 'hidden_size': 34, 'dropout': 0.30154857262280277, 'hidden_continuous_size': 11, 'attention_head_size': 2, 'learning_rate': 0.038778282753389896}. Best is trial 1 with value: 0.09851252287626266.
[I 2023-12-27 11:41:46,967] Trial 4 finished with value: 4.373900890350342 and parameters: {'gradient_clip_val': 0.8075608539071837, 'hidden_size': 23, 'dropout': 0.10143219997734426, 'hidden_continuous_size': 8, 'attention_head_size': 4, 'learning_rate': 0.003762162744310554}. Best is trial 1 with value: 0.09851252287626266.
[I 2023-12-27 11:41:47,313] Trial 5 finished with value: 5.9779276847839355 and parameters: {'gradient_clip_val': 0.12493479634160107, 'hidden_size': 26, 'dropout': 0.3413304862461333, 'hidden_continuous_size': 5, 'attention_head_size': 3, 'learning_rate': 0.015485929874171274}. Best is trial 1 with value: 0.09851252287626266.
[I 2023-12-27 11:41:47,839] Trial 6 finished with value: 5.303138256072998 and parameters: {'gradient_clip_val': 0.5376580630881956, 'hidden_size': 138, 'dropout': 0.349409236420839, 'hidden_continuous_size': 44, 'attention_head_size': 4, 'learning_rate': 0.0038718268543682715}. Best is trial 1 with value: 0.09851252287626266.
[I 2023-12-27 11:41:48,164] Trial 7 finished with value: 6.585170745849609 and parameters: {'gradient_clip_val': 0.820689791457299, 'hidden_size': 18, 'dropout': 0.27597595485666915, 'hidden_continuous_size': 5, 'attention_head_size': 1, 'learning_rate': 0.02426313181030711}. Best is trial 1 with value: 0.09851252287626266.
[I 2023-12-27 11:41:48,546] Trial 8 finished with value: 6.670074462890625 and parameters: {'gradient_clip_val': 0.5778510824670336, 'hidden_size': 57, 'dropout': 0.3316747745605334, 'hidden_continuous_size': 6, 'attention_head_size': 3, 'learning_rate': 0.013582883545003378}. Best is trial 1 with value: 0.09851252287626266.
[I 2023-12-27 11:41:49,079] Trial 9 finished with value: 5.435609817504883 and parameters: {'gradient_clip_val': 0.13147493841777222, 'hidden_size': 7, 'dropout': 0.45283501294012496, 'hidden_continuous_size': 5, 'attention_head_size': 2, 'learning_rate': 0.015863256112954333}. Best is trial 1 with value: 0.09851252287626266.
[I 2023-12-27 11:41:49,738] Trial 10 finished with value: 5.157641410827637 and parameters: {'gradient_clip_val': 0.27139942702068304, 'hidden_size': 146, 'dropout': 0.4905711552463159, 'hidden_continuous_size': 143, 'attention_head_size': 4, 'learning_rate': 0.0890895518774077}. Best is trial 1 with value: 0.09851252287626266.
[I 2023-12-27 11:41:50,102] Trial 11 finished with value: 5.197206020355225 and parameters: {'gradient_clip_val': 0.24474205693002532, 'hidden_size': 9, 'dropout': 0.4069098164375438, 'hidden_continuous_size': 7, 'attention_head_size': 3, 'learning_rate': 0.0010781443366536438}. Best is trial 1 with value: 0.09851252287626266.
[I 2023-12-27 11:41:50,434] Trial 12 finished with value: 5.7906036376953125 and parameters: {'gradient_clip_val': 0.19965637074468295, 'hidden_size': 5, 'dropout': 0.40351878756634896, 'hidden_continuous_size': 5, 'attention_head_size': 3, 'learning_rate': 0.0020463999427161256}. Best is trial 1 with value: 0.09851252287626266.
[I 2023-12-27 11:41:50,795] Trial 13 finished with value: 4.55091667175293 and parameters: {'gradient_clip_val': 0.3478593306853043, 'hidden_size': 14, 'dropout': 0.2401166146849299, 'hidden_continuous_size': 10, 'attention_head_size': 2, 'learning_rate': 0.0005124656219562865}. Best is trial 1 with value: 0.09851252287626266.
[I 2023-12-27 11:41:51,229] Trial 14 finished with value: 5.790349960327148 and parameters: {'gradient_clip_val': 0.18131828692462962, 'hidden_size': 80, 'dropout': 0.19245366443882597, 'hidden_continuous_size': 18, 'attention_head_size': 3, 'learning_rate': 0.006174204891347219}. Best is trial 1 with value: 0.09851252287626266.
[I 2023-12-27 11:41:51,577] Trial 15 finished with value: 4.822079181671143 and parameters: {'gradient_clip_val': 0.3116671790436342, 'hidden_size': 12, 'dropout': 0.3773240045145387, 'hidden_continuous_size': 6, 'attention_head_size': 2, 'learning_rate': 0.002101915073372183}. Best is trial 1 with value: 0.09851252287626266.
[I 2023-12-27 11:41:51,971] Trial 16 finished with value: 4.109482288360596 and parameters: {'gradient_clip_val': 0.1783404925731274, 'hidden_size': 44, 'dropout': 0.2897938362638292, 'hidden_continuous_size': 16, 'attention_head_size': 4, 'learning_rate': 0.006576781650363201}. Best is trial 1 with value: 0.09851252287626266.
[I 2023-12-27 11:41:52,444] Trial 17 finished with value: 3.471296548843384 and parameters: {'gradient_clip_val': 0.42162423551460376, 'hidden_size': 83, 'dropout': 0.4259113462768359, 'hidden_continuous_size': 29, 'attention_head_size': 3, 'learning_rate': 0.001951910539049943}. Best is trial 1 with value: 0.09851252287626266.
[I 2023-12-27 11:41:52,785] Trial 18 finished with value: 4.5555315017700195 and parameters: {'gradient_clip_val': 0.2164942059620955, 'hidden_size': 16, 'dropout': 0.3732979379306255, 'hidden_continuous_size': 6, 'attention_head_size': 2, 'learning_rate': 0.003604061979625704}. Best is trial 1 with value: 0.09851252287626266.
[I 2023-12-27 11:41:53,147] Trial 19 finished with value: 4.73106575012207 and parameters: {'gradient_clip_val': 0.2757586788675716, 'hidden_size': 10, 'dropout': 0.4879443466884791, 'hidden_continuous_size': 6, 'attention_head_size': 4, 'learning_rate': 0.0012621047652960722}. Best is trial 1 with value: 0.09851252287626266.
[I 2023-12-27 11:41:53,503] Trial 20 finished with value: 5.188300609588623 and parameters: {'gradient_clip_val': 0.158089619642999, 'hidden_size': 18, 'dropout': 0.31923793676000795, 'hidden_continuous_size': 8, 'attention_head_size': 3, 'learning_rate': 0.0005192016431390136}. Best is trial 1 with value: 0.09851252287626266.
[I 2023-12-27 11:41:53,968] Trial 21 finished with value: 5.41450309753418 and parameters: {'gradient_clip_val': 0.39474577321184157, 'hidden_size': 91, 'dropout': 0.43684545424559906, 'hidden_continuous_size': 29, 'attention_head_size': 3, 'learning_rate': 0.0019366123369157853}. Best is trial 1 with value: 0.09851252287626266.
[I 2023-12-27 11:41:54,458] Trial 22 finished with value: 4.536350727081299 and parameters: {'gradient_clip_val': 0.2349985546668354, 'hidden_size': 105, 'dropout': 0.43856017268088215, 'hidden_continuous_size': 42, 'attention_head_size': 3, 'learning_rate': 0.002729944021684579}. Best is trial 1 with value: 0.09851252287626266.
[I 2023-12-27 11:41:55,151] Trial 23 finished with value: 5.4272780418396 and parameters: {'gradient_clip_val': 0.3208590044875912, 'hidden_size': 65, 'dropout': 0.3815726072023701, 'hidden_continuous_size': 61, 'attention_head_size': 3, 'learning_rate': 0.0012912107348061984}. Best is trial 1 with value: 0.09851252287626266.
[I 2023-12-27 11:41:55,684] Trial 24 finished with value: 4.592356204986572 and parameters: {'gradient_clip_val': 0.44792021746551264, 'hidden_size': 117, 'dropout': 0.45520250329905737, 'hidden_continuous_size': 24, 'attention_head_size': 2, 'learning_rate': 0.004687123292052654}. Best is trial 1 with value: 0.09851252287626266.
[I 2023-12-27 11:41:56,144] Trial 25 finished with value: 7.009853839874268 and parameters: {'gradient_clip_val': 0.27739471200488997, 'hidden_size': 76, 'dropout': 0.41383988575118585, 'hidden_continuous_size': 14, 'attention_head_size': 3, 'learning_rate': 0.002642249465947814}. Best is trial 1 with value: 0.09851252287626266.
[I 2023-12-27 11:41:56,555] Trial 26 finished with value: 5.438362121582031 and parameters: {'gradient_clip_val': 0.2207356973897346, 'hidden_size': 52, 'dropout': 0.3551804406174772, 'hidden_continuous_size': 12, 'attention_head_size': 4, 'learning_rate': 0.00868080216314907}. Best is trial 1 with value: 0.09851252287626266.
[I 2023-12-27 11:41:57,054] Trial 27 finished with value: 6.108650207519531 and parameters: {'gradient_clip_val': 0.3546831388753106, 'hidden_size': 102, 'dropout': 0.38945681001090826, 'hidden_continuous_size': 21, 'attention_head_size': 3, 'learning_rate': 0.0015754115736658317}. Best is trial 1 with value: 0.09851252287626266.
[I 2023-12-27 11:41:57,473] Trial 28 finished with value: 4.250326633453369 and parameters: {'gradient_clip_val': 0.4771978483053199, 'hidden_size': 42, 'dropout': 0.4218680108414944, 'hidden_continuous_size': 10, 'attention_head_size': 2, 'learning_rate': 0.0009897021337772797}. Best is trial 1 with value: 0.09851252287626266.
[I 2023-12-27 11:41:57,855] Trial 29 finished with value: 4.603940963745117 and parameters: {'gradient_clip_val': 0.6591748976517354, 'hidden_size': 32, 'dropout': 0.367533258679981, 'hidden_continuous_size': 14, 'attention_head_size': 1, 'learning_rate': 0.0008136448174394479}. Best is trial 1 with value: 0.09851252287626266.
[I 2023-12-27 11:41:58,307] Trial 30 finished with value: 5.004666805267334 and parameters: {'gradient_clip_val': 0.10261371014894123, 'hidden_size': 80, 'dropout': 0.46456592180086526, 'hidden_continuous_size': 26, 'attention_head_size': 4, 'learning_rate': 0.002712913759282436}. Best is trial 1 with value: 0.09851252287626266.
[I 2023-12-27 11:41:58,711] Trial 31 finished with value: 5.790897369384766 and parameters: {'gradient_clip_val': 0.16097373471068535, 'hidden_size': 45, 'dropout': 0.27550624344046454, 'hidden_continuous_size': 16, 'attention_head_size': 4, 'learning_rate': 0.005425476445314307}. Best is trial 1 with value: 0.09851252287626266.
[I 2023-12-27 11:41:59,155] Trial 32 finished with value: 6.2594895362854 and parameters: {'gradient_clip_val': 0.4008359110585603, 'hidden_size': 69, 'dropout': 0.29689294290265633, 'hidden_continuous_size': 20, 'attention_head_size': 4, 'learning_rate': 0.00827249001351391}. Best is trial 1 with value: 0.09851252287626266.
[I 2023-12-27 11:41:59,671] Trial 33 finished with value: 5.96539306640625 and parameters: {'gradient_clip_val': 0.17543089497010367, 'hidden_size': 119, 'dropout': 0.31716363187832614, 'hidden_continuous_size': 12, 'attention_head_size': 3, 'learning_rate': 0.0032494894548015453}. Best is trial 1 with value: 0.09851252287626266.
[I 2023-12-27 11:42:00,060] Trial 34 finished with value: 5.087169170379639 and parameters: {'gradient_clip_val': 0.19106475878675902, 'hidden_size': 39, 'dropout': 0.2144750099102029, 'hidden_continuous_size': 9, 'attention_head_size': 4, 'learning_rate': 0.001611069244630849}. Best is trial 1 with value: 0.09851252287626266.
[I 2023-12-27 11:42:00,435] Trial 35 finished with value: 5.553310394287109 and parameters: {'gradient_clip_val': 0.1409609455950421, 'hidden_size': 28, 'dropout': 0.3482359956506339, 'hidden_continuous_size': 11, 'attention_head_size': 3, 'learning_rate': 0.004884369761059076}. Best is trial 1 with value: 0.09851252287626266.
[I 2023-12-27 11:42:01,130] Trial 36 finished with value: 7.501766681671143 and parameters: {'gradient_clip_val': 0.25029476254772365, 'hidden_size': 88, 'dropout': 0.2644482775893159, 'hidden_continuous_size': 14, 'attention_head_size': 4, 'learning_rate': 0.004031530647382504}. Best is trial 1 with value: 0.09851252287626266.
[I 2023-12-27 11:42:01,561] Trial 37 finished with value: 3.5096471309661865 and parameters: {'gradient_clip_val': 0.12137115442714488, 'hidden_size': 58, 'dropout': 0.2963488810554148, 'hidden_continuous_size': 16, 'attention_head_size': 3, 'learning_rate': 0.006605765629934757}. Best is trial 1 with value: 0.09851252287626266.
[I 2023-12-27 11:42:01,982] Trial 38 finished with value: 6.353853702545166 and parameters: {'gradient_clip_val': 0.10683597299280931, 'hidden_size': 62, 'dropout': 0.3192347921734019, 'hidden_continuous_size': 8, 'attention_head_size': 3, 'learning_rate': 0.0027808649772319235}. Best is trial 1 with value: 0.09851252287626266.
[I 2023-12-27 11:42:02,567] Trial 39 finished with value: 6.95321798324585 and parameters: {'gradient_clip_val': 0.1177494697288904, 'hidden_size': 147, 'dropout': 0.3334841524833879, 'hidden_continuous_size': 72, 'attention_head_size': 3, 'learning_rate': 0.0038599173434438238}. Best is trial 1 with value: 0.09851252287626266.
[I 2023-12-27 11:42:02,943] Trial 40 finished with value: 6.153628826141357 and parameters: {'gradient_clip_val': 0.11657439095139957, 'hidden_size': 22, 'dropout': 0.3919492169875959, 'hidden_continuous_size': 9, 'attention_head_size': 3, 'learning_rate': 0.010366551137136833}. Best is trial 1 with value: 0.09851252287626266.
[I 2023-12-27 11:42:03,351] Trial 41 finished with value: 2.799534559249878 and parameters: {'gradient_clip_val': 0.13655592726453175, 'hidden_size': 51, 'dropout': 0.27936316813613793, 'hidden_continuous_size': 17, 'attention_head_size': 3, 'learning_rate': 0.006741158793422537}. Best is trial 1 with value: 0.09851252287626266.
[I 2023-12-27 11:42:03,755] Trial 42 finished with value: 5.315164566040039 and parameters: {'gradient_clip_val': 0.13947981487832462, 'hidden_size': 56, 'dropout': 0.25974427391841987, 'hidden_continuous_size': 17, 'attention_head_size': 3, 'learning_rate': 0.005716152167661077}. Best is trial 1 with value: 0.09851252287626266.
[I 2023-12-27 11:42:04,191] Trial 43 finished with value: 6.967962265014648 and parameters: {'gradient_clip_val': 0.12576826160076007, 'hidden_size': 70, 'dropout': 0.2930485298356969, 'hidden_continuous_size': 20, 'attention_head_size': 3, 'learning_rate': 0.007544089390330335}. Best is trial 1 with value: 0.09851252287626266.
[I 2023-12-27 11:42:04,595] Trial 44 finished with value: 6.197092533111572 and parameters: {'gradient_clip_val': 0.14747875625408025, 'hidden_size': 51, 'dropout': 0.24697173585872945, 'hidden_continuous_size': 18, 'attention_head_size': 3, 'learning_rate': 0.011082657192884062}. Best is trial 1 with value: 0.09851252287626266.
[I 2023-12-27 11:42:04,970] Trial 45 finished with value: 5.146299839019775 and parameters: {'gradient_clip_val': 0.12848864185410194, 'hidden_size': 34, 'dropout': 0.3031696773664947, 'hidden_continuous_size': 13, 'attention_head_size': 2, 'learning_rate': 0.004431783070633324}. Best is trial 1 with value: 0.09851252287626266.
[I 2023-12-27 11:42:05,502] Trial 46 finished with value: 5.196808338165283 and parameters: {'gradient_clip_val': 0.11265910848753995, 'hidden_size': 127, 'dropout': 0.2265821291096138, 'hidden_continuous_size': 30, 'attention_head_size': 3, 'learning_rate': 0.0022395989519682297}. Best is trial 1 with value: 0.09851252287626266.
[I 2023-12-27 11:42:05,968] Trial 47 finished with value: 5.426244258880615 and parameters: {'gradient_clip_val': 0.10179130462418297, 'hidden_size': 96, 'dropout': 0.3500200500446941, 'hidden_continuous_size': 24, 'attention_head_size': 2, 'learning_rate': 0.019098186423087065}. Best is trial 1 with value: 0.09851252287626266.
[I 2023-12-27 11:42:06,403] Trial 48 finished with value: 6.353066921234131 and parameters: {'gradient_clip_val': 0.20269098319522152, 'hidden_size': 63, 'dropout': 0.27101206460240373, 'hidden_continuous_size': 15, 'attention_head_size': 3, 'learning_rate': 0.0032739397122921515}. Best is trial 1 with value: 0.09851252287626266.
[I 2023-12-27 11:42:06,841] Trial 49 finished with value: 6.42380952835083 and parameters: {'gradient_clip_val': 0.1529280851327285, 'hidden_size': 80, 'dropout': 0.39877730694402674, 'hidden_continuous_size': 16, 'attention_head_size': 3, 'learning_rate': 0.006511996624461215}. Best is trial 1 with value: 0.09851252287626266.
