[I 2023-12-15 14:38:20,254] Trial 34 finished with value: 0.274471253156662 and parameters: {'gradient_clip_val': 0.7123579076613746, 'hidden_size': 50, 'dropout': 0.3166481410883197, 'hidden_continuous_size': 41, 'attention_head_size': 4, 'learning_rate': 0.019116275739647123}. Best is trial 31 with value: 0.16052281856536865.
LOCAL_RANK: 0 - CUDA_VISIBLE_DEVICES: [0]
[I 2023-12-15 14:39:14,325] Trial 35 finished with value: 0.24841468036174774 and parameters: {'gradient_clip_val': 0.6783526697438648, 'hidden_size': 64, 'dropout': 0.3312440449861103, 'hidden_continuous_size': 45, 'attention_head_size': 3, 'learning_rate': 0.02515179521222215}. Best is trial 31 with value: 0.16052281856536865.
LOCAL_RANK: 0 - CUDA_VISIBLE_DEVICES: [0]
[I 2023-12-15 14:40:07,564] Trial 36 finished with value: 0.21680140495300293 and parameters: {'gradient_clip_val': 0.3754211968260853, 'hidden_size': 35, 'dropout': 0.28822362898523785, 'hidden_continuous_size': 26, 'attention_head_size': 4, 'learning_rate': 0.015263730772004054}. Best is trial 31 with value: 0.16052281856536865.
LOCAL_RANK: 0 - CUDA_VISIBLE_DEVICES: [0]
[I 2023-12-15 14:41:02,029] Trial 37 finished with value: 0.23512935638427734 and parameters: {'gradient_clip_val': 0.47301219200150046, 'hidden_size': 57, 'dropout': 0.32344266210816164, 'hidden_continuous_size': 34, 'attention_head_size': 4, 'learning_rate': 0.009150048400730611}. Best is trial 31 with value: 0.16052281856536865.
LOCAL_RANK: 0 - CUDA_VISIBLE_DEVICES: [0]
[I 2023-12-15 14:41:55,149] Trial 38 finished with value: 0.16369925439357758 and parameters: {'gradient_clip_val': 0.7445599834892885, 'hidden_size': 46, 'dropout': 0.297940233649758, 'hidden_continuous_size': 35, 'attention_head_size': 2, 'learning_rate': 0.024618283468347983}. Best is trial 31 with value: 0.16052281856536865.
LOCAL_RANK: 0 - CUDA_VISIBLE_DEVICES: [0]
[I 2023-12-15 14:42:48,430] Trial 39 finished with value: 0.23218905925750732 and parameters: {'gradient_clip_val': 0.8412625859574769, 'hidden_size': 47, 'dropout': 0.30076904522778913, 'hidden_continuous_size': 35, 'attention_head_size': 2, 'learning_rate': 0.02678679738411132}. Best is trial 31 with value: 0.16052281856536865.
LOCAL_RANK: 0 - CUDA_VISIBLE_DEVICES: [0]
[I 2023-12-15 14:43:36,568] Trial 40 finished with value: 0.2288774698972702 and parameters: {'gradient_clip_val': 0.7098738711610278, 'hidden_size': 24, 'dropout': 0.37084677746095646, 'hidden_continuous_size': 21, 'attention_head_size': 2, 'learning_rate': 0.04849705800943682}. Best is trial 31 with value: 0.16052281856536865.
LOCAL_RANK: 0 - CUDA_VISIBLE_DEVICES: [0]
[I 2023-12-15 14:44:30,534] Trial 41 finished with value: 0.31377264857292175 and parameters: {'gradient_clip_val': 0.6099069219729701, 'hidden_size': 72, 'dropout': 0.2599438193614988, 'hidden_continuous_size': 47, 'attention_head_size': 2, 'learning_rate': 0.020227294652391186}. Best is trial 31 with value: 0.16052281856536865.
LOCAL_RANK: 0 - CUDA_VISIBLE_DEVICES: [0]
[I 2023-12-15 14:45:24,932] Trial 42 finished with value: 0.1948162317276001 and parameters: {'gradient_clip_val': 0.7876467727188299, 'hidden_size': 57, 'dropout': 0.2348263400399494, 'hidden_continuous_size': 41, 'attention_head_size': 3, 'learning_rate': 0.014641840317645283}. Best is trial 31 with value: 0.16052281856536865.
LOCAL_RANK: 0 - CUDA_VISIBLE_DEVICES: [0]
[I 2023-12-15 14:46:18,846] Trial 43 finished with value: 0.19422829151153564 and parameters: {'gradient_clip_val': 0.8554314708012247, 'hidden_size': 54, 'dropout': 0.22705299992367622, 'hidden_continuous_size': 40, 'attention_head_size': 3, 'learning_rate': 0.03022061862012784}. Best is trial 31 with value: 0.16052281856536865.
LOCAL_RANK: 0 - CUDA_VISIBLE_DEVICES: [0]
[I 2023-12-15 14:47:12,282] Trial 44 finished with value: 0.1915917843580246 and parameters: {'gradient_clip_val': 0.9004772767179798, 'hidden_size': 41, 'dropout': 0.23199744346576318, 'hidden_continuous_size': 33, 'attention_head_size': 3, 'learning_rate': 0.029988558955983142}. Best is trial 31 with value: 0.16052281856536865.
LOCAL_RANK: 0 - CUDA_VISIBLE_DEVICES: [0]
[I 2023-12-15 14:48:04,797] Trial 45 finished with value: 0.28504955768585205 and parameters: {'gradient_clip_val': 0.929990535178945, 'hidden_size': 37, 'dropout': 0.20457786496289926, 'hidden_continuous_size': 32, 'attention_head_size': 2, 'learning_rate': 0.04294283281711589}. Best is trial 31 with value: 0.16052281856536865.
LOCAL_RANK: 0 - CUDA_VISIBLE_DEVICES: [0]
[I 2023-12-15 14:48:58,475] Trial 46 finished with value: 0.2229880839586258 and parameters: {'gradient_clip_val': 0.8554836753199067, 'hidden_size': 43, 'dropout': 0.2800382607131165, 'hidden_continuous_size': 36, 'attention_head_size': 3, 'learning_rate': 0.031924543235524495}. Best is trial 31 with value: 0.16052281856536865.
LOCAL_RANK: 0 - CUDA_VISIBLE_DEVICES: [0]
[I 2023-12-15 14:49:52,020] Trial 47 finished with value: 0.29820704460144043 and parameters: {'gradient_clip_val': 0.9399468873418771, 'hidden_size': 49, 'dropout': 0.29750922086474507, 'hidden_continuous_size': 40, 'attention_head_size': 2, 'learning_rate': 0.023929473068921674}. Best is trial 31 with value: 0.16052281856536865.
LOCAL_RANK: 0 - CUDA_VISIBLE_DEVICES: [0]
[I 2023-12-15 14:50:43,564] Trial 48 finished with value: 0.23518991470336914 and parameters: {'gradient_clip_val': 0.7381294951382087, 'hidden_size': 32, 'dropout': 0.1990025059167842, 'hidden_continuous_size': 28, 'attention_head_size': 3, 'learning_rate': 0.060659019012862414}. Best is trial 31 with value: 0.16052281856536865.
LOCAL_RANK: 0 - CUDA_VISIBLE_DEVICES: [0]
[I 2023-12-15 14:51:37,021] Trial 49 finished with value: 0.2935324013233185 and parameters: {'gradient_clip_val': 0.9946566155999018, 'hidden_size': 39, 'dropout': 0.2716066910920934, 'hidden_continuous_size': 33, 'attention_head_size': 3, 'learning_rate': 0.0288807593058625}. Best is trial 31 with value: 0.16052281856536865.
[I 2023-12-15 14:51:37,113] A new study created in memory with name: no-name-451fb01a-7190-4251-bbe5-6029c1ceb746
/home/le004/conda/anaconda3/envs/tsff_env/lib/python3.9/site-packages/lightning/fabric/plugins/environments/slurm.py:191: The `srun` command is available on your system but is not used. HINT: If your intention is to run Lightning on SLURM, prepend your python command with `srun` like so: srun python /home/le004/master_thesis/git/TSFusionForecast/code/ ...
LOCAL_RANK: 0 - CUDA_VISIBLE_DEVICES: [0]
[I 2023-12-15 14:52:22,069] Trial 0 finished with value: 489.6944580078125 and parameters: {'gradient_clip_val': 0.1361969845845525, 'hidden_size': 7, 'dropout': 0.26051419049054136, 'hidden_continuous_size': 5, 'attention_head_size': 2, 'learning_rate': 0.0018398716922627472}. Best is trial 0 with value: 489.6944580078125.
LOCAL_RANK: 0 - CUDA_VISIBLE_DEVICES: [0]
[I 2023-12-15 14:53:17,925] Trial 1 finished with value: 223.5400390625 and parameters: {'gradient_clip_val': 0.15107650413226847, 'hidden_size': 89, 'dropout': 0.284698693382916, 'hidden_continuous_size': 35, 'attention_head_size': 3, 'learning_rate': 0.0011869667191372545}. Best is trial 1 with value: 223.5400390625.
LOCAL_RANK: 0 - CUDA_VISIBLE_DEVICES: [0]
[I 2023-12-15 14:54:02,088] Trial 2 finished with value: 246.9380645751953 and parameters: {'gradient_clip_val': 0.5425804677019248, 'hidden_size': 16, 'dropout': 0.17564943100067187, 'hidden_continuous_size': 6, 'attention_head_size': 1, 'learning_rate': 0.001351435024049891}. Best is trial 1 with value: 223.5400390625.
LOCAL_RANK: 0 - CUDA_VISIBLE_DEVICES: [0]
[I 2023-12-15 14:54:48,724] Trial 3 finished with value: 301.2456359863281 and parameters: {'gradient_clip_val': 0.20342438010407252, 'hidden_size': 20, 'dropout': 0.24754299914778774, 'hidden_continuous_size': 9, 'attention_head_size': 1, 'learning_rate': 0.006828417430113429}. Best is trial 1 with value: 223.5400390625.
LOCAL_RANK: 0 - CUDA_VISIBLE_DEVICES: [0]
[I 2023-12-15 14:55:34,083] Trial 4 finished with value: 361.3173828125 and parameters: {'gradient_clip_val': 0.11514543604038681, 'hidden_size': 7, 'dropout': 0.33515895987499145, 'hidden_continuous_size': 5, 'attention_head_size': 3, 'learning_rate': 0.07267312248501144}. Best is trial 1 with value: 223.5400390625.
LOCAL_RANK: 0 - CUDA_VISIBLE_DEVICES: [0]
[I 2023-12-15 14:56:26,312] Trial 5 finished with value: 133.75486755371094 and parameters: {'gradient_clip_val': 0.41592584018952905, 'hidden_size': 31, 'dropout': 0.14172145477980075, 'hidden_continuous_size': 26, 'attention_head_size': 3, 'learning_rate': 0.0012107402803572687}. Best is trial 5 with value: 133.75486755371094.
LOCAL_RANK: 0 - CUDA_VISIBLE_DEVICES: [0]
[I 2023-12-15 14:57:00,866] Trial 6 finished with value: 267.5231018066406 and parameters: {'gradient_clip_val': 0.2860784069174724, 'hidden_size': 6, 'dropout': 0.27457414879711506, 'hidden_continuous_size': 6, 'attention_head_size': 3, 'learning_rate': 0.003633000927111681}. Best is trial 5 with value: 133.75486755371094.
LOCAL_RANK: 0 - CUDA_VISIBLE_DEVICES: [0]
[I 2023-12-15 14:57:47,956] Trial 7 finished with value: 398.7930603027344 and parameters: {'gradient_clip_val': 0.8793814968801066, 'hidden_size': 17, 'dropout': 0.11894142649756953, 'hidden_continuous_size': 10, 'attention_head_size': 2, 'learning_rate': 0.03366416800949462}. Best is trial 5 with value: 133.75486755371094.
LOCAL_RANK: 0 - CUDA_VISIBLE_DEVICES: [0]
[I 2023-12-15 14:58:32,868] Trial 8 finished with value: 544.3200073242188 and parameters: {'gradient_clip_val': 0.6521774134092462, 'hidden_size': 6, 'dropout': 0.37624478812571727, 'hidden_continuous_size': 5, 'attention_head_size': 2, 'learning_rate': 0.001282377125278543}. Best is trial 5 with value: 133.75486755371094.
LOCAL_RANK: 0 - CUDA_VISIBLE_DEVICES: [0]
[I 2023-12-15 14:59:18,427] Trial 9 finished with value: 193.3910369873047 and parameters: {'gradient_clip_val': 0.5311820433204492, 'hidden_size': 13, 'dropout': 0.16111364620848398, 'hidden_continuous_size': 8, 'attention_head_size': 2, 'learning_rate': 0.0020922578043335383}. Best is trial 5 with value: 133.75486755371094.
LOCAL_RANK: 0 - CUDA_VISIBLE_DEVICES: [0]
[I 2023-12-15 15:00:11,932] Trial 10 finished with value: 218.16078186035156 and parameters: {'gradient_clip_val': 0.35183332456977867, 'hidden_size': 41, 'dropout': 0.11193253976111407, 'hidden_continuous_size': 22, 'attention_head_size': 4, 'learning_rate': 0.0005034596499950912}. Best is trial 5 with value: 133.75486755371094.
LOCAL_RANK: 0 - CUDA_VISIBLE_DEVICES: [0]
[I 2023-12-15 15:01:03,246] Trial 11 finished with value: 376.4068298339844 and parameters: {'gradient_clip_val': 0.4105310758632339, 'hidden_size': 36, 'dropout': 0.17635043593326571, 'hidden_continuous_size': 15, 'attention_head_size': 4, 'learning_rate': 0.004089707700343557}. Best is trial 5 with value: 133.75486755371094.
LOCAL_RANK: 0 - CUDA_VISIBLE_DEVICES: [0]
[I 2023-12-15 15:01:48,321] Trial 12 finished with value: 424.7910461425781 and parameters: {'gradient_clip_val': 0.5008414776552192, 'hidden_size': 12, 'dropout': 0.16967903809508564, 'hidden_continuous_size': 7, 'attention_head_size': 3, 'learning_rate': 0.0006495294088481386}. Best is trial 5 with value: 133.75486755371094.
LOCAL_RANK: 0 - CUDA_VISIBLE_DEVICES: [0]
[I 2023-12-15 15:02:37,460] Trial 13 finished with value: 252.83892822265625 and parameters: {'gradient_clip_val': 0.300067076970516, 'hidden_size': 30, 'dropout': 0.20872809946537363, 'hidden_continuous_size': 14, 'attention_head_size': 2, 'learning_rate': 0.002959353514634321}. Best is trial 5 with value: 133.75486755371094.
LOCAL_RANK: 0 - CUDA_VISIBLE_DEVICES: [0]
[I 2023-12-15 15:03:21,219] Trial 14 finished with value: 160.62109375 and parameters: {'gradient_clip_val': 0.7622528105041878, 'hidden_size': 12, 'dropout': 0.13989363217122935, 'hidden_continuous_size': 7, 'attention_head_size': 1, 'learning_rate': 0.010947133369216133}. Best is trial 5 with value: 133.75486755371094.
LOCAL_RANK: 0 - CUDA_VISIBLE_DEVICES: [0]
[I 2023-12-15 15:04:06,280] Trial 15 finished with value: 180.18971252441406 and parameters: {'gradient_clip_val': 0.9988187881661721, 'hidden_size': 10, 'dropout': 0.10362029744392101, 'hidden_continuous_size': 6, 'attention_head_size': 1, 'learning_rate': 0.01210242168047347}. Best is trial 5 with value: 133.75486755371094.
LOCAL_RANK: 0 - CUDA_VISIBLE_DEVICES: [0]
[I 2023-12-15 15:04:55,631] Trial 16 finished with value: 426.3327941894531 and parameters: {'gradient_clip_val': 0.7702798188529381, 'hidden_size': 25, 'dropout': 0.14140450379191336, 'hidden_continuous_size': 11, 'attention_head_size': 4, 'learning_rate': 0.007411837540040657}. Best is trial 5 with value: 133.75486755371094.
LOCAL_RANK: 0 - CUDA_VISIBLE_DEVICES: [0]
[I 2023-12-15 15:05:40,617] Trial 17 finished with value: 298.63348388671875 and parameters: {'gradient_clip_val': 0.7089990075423509, 'hidden_size': 10, 'dropout': 0.20983560404581214, 'hidden_continuous_size': 7, 'attention_head_size': 1, 'learning_rate': 0.015576330115145018}. Best is trial 5 with value: 133.75486755371094.
LOCAL_RANK: 0 - CUDA_VISIBLE_DEVICES: [0]
[I 2023-12-15 15:06:29,905] Trial 18 finished with value: 221.61143493652344 and parameters: {'gradient_clip_val': 0.41580733190088826, 'hidden_size': 23, 'dropout': 0.13688188082677796, 'hidden_continuous_size': 11, 'attention_head_size': 3, 'learning_rate': 0.017385071342405762}. Best is trial 5 with value: 133.75486755371094.
LOCAL_RANK: 0 - CUDA_VISIBLE_DEVICES: [0]
[I 2023-12-15 15:07:24,564] Trial 19 finished with value: 196.3995361328125 and parameters: {'gradient_clip_val': 0.6361116950397098, 'hidden_size': 49, 'dropout': 0.10207482888487777, 'hidden_continuous_size': 47, 'attention_head_size': 4, 'learning_rate': 0.005605917042081582}. Best is trial 5 with value: 133.75486755371094.
LOCAL_RANK: 0 - CUDA_VISIBLE_DEVICES: [0]
[I 2023-12-15 15:07:58,204] Trial 20 finished with value: 530.1400756835938 and parameters: {'gradient_clip_val': 0.8123533892456413, 'hidden_size': 5, 'dropout': 0.14572410475309883, 'hidden_continuous_size': 5, 'attention_head_size': 1, 'learning_rate': 0.0008327732258990532}. Best is trial 5 with value: 133.75486755371094.
LOCAL_RANK: 0 - CUDA_VISIBLE_DEVICES: [0]
[I 2023-12-15 15:08:43,042] Trial 21 finished with value: 170.02235412597656 and parameters: {'gradient_clip_val': 0.9771378433114658, 'hidden_size': 10, 'dropout': 0.1033364116792569, 'hidden_continuous_size': 6, 'attention_head_size': 1, 'learning_rate': 0.01098599185854494}. Best is trial 5 with value: 133.75486755371094.
LOCAL_RANK: 0 - CUDA_VISIBLE_DEVICES: [0]
[I 2023-12-15 15:09:27,950] Trial 22 finished with value: 212.6566619873047 and parameters: {'gradient_clip_val': 0.8879304743740042, 'hidden_size': 10, 'dropout': 0.13166083036030168, 'hidden_continuous_size': 6, 'attention_head_size': 1, 'learning_rate': 0.006975773700550608}. Best is trial 5 with value: 133.75486755371094.
LOCAL_RANK: 0 - CUDA_VISIBLE_DEVICES: [0]
[I 2023-12-15 15:10:13,764] Trial 23 finished with value: 349.5051574707031 and parameters: {'gradient_clip_val': 0.9768758354424956, 'hidden_size': 15, 'dropout': 0.1077323149486577, 'hidden_continuous_size': 7, 'attention_head_size': 2, 'learning_rate': 0.010379442920055404}. Best is trial 5 with value: 133.75486755371094.
LOCAL_RANK: 0 - CUDA_VISIBLE_DEVICES: [0]
[I 2023-12-15 15:11:01,601] Trial 24 finished with value: 417.3760681152344 and parameters: {'gradient_clip_val': 0.7498802795119915, 'hidden_size': 21, 'dropout': 0.15284444089044324, 'hidden_continuous_size': 8, 'attention_head_size': 1, 'learning_rate': 0.022912318956595054}. Best is trial 5 with value: 133.75486755371094.
LOCAL_RANK: 0 - CUDA_VISIBLE_DEVICES: [0]
[I 2023-12-15 15:11:46,856] Trial 25 finished with value: 160.49317932128906 and parameters: {'gradient_clip_val': 0.6231704461548924, 'hidden_size': 9, 'dropout': 0.13056250054196303, 'hidden_continuous_size': 6, 'attention_head_size': 2, 'learning_rate': 0.009942615751274128}. Best is trial 5 with value: 133.75486755371094.
LOCAL_RANK: 0 - CUDA_VISIBLE_DEVICES: [0]
[I 2023-12-15 15:12:31,297] Trial 26 finished with value: 218.3592987060547 and parameters: {'gradient_clip_val': 0.612805627109746, 'hidden_size': 8, 'dropout': 0.2009032579936485, 'hidden_continuous_size': 5, 'attention_head_size': 3, 'learning_rate': 0.004107937861740655}. Best is trial 5 with value: 133.75486755371094.
LOCAL_RANK: 0 - CUDA_VISIBLE_DEVICES: [0]
[I 2023-12-15 15:13:17,009] Trial 27 finished with value: 171.24989318847656 and parameters: {'gradient_clip_val': 0.47881256240755454, 'hidden_size': 14, 'dropout': 0.13617893224962158, 'hidden_continuous_size': 7, 'attention_head_size': 2, 'learning_rate': 0.002468605688745229}. Best is trial 5 with value: 133.75486755371094.
LOCAL_RANK: 0 - CUDA_VISIBLE_DEVICES: [0]
[I 2023-12-15 15:14:04,592] Trial 28 finished with value: 258.2784118652344 and parameters: {'gradient_clip_val': 0.6044734405163911, 'hidden_size': 20, 'dropout': 0.18807752872643058, 'hidden_continuous_size': 9, 'attention_head_size': 3, 'learning_rate': 0.0054409372931685926}. Best is trial 5 with value: 133.75486755371094.
LOCAL_RANK: 0 - CUDA_VISIBLE_DEVICES: [0]
[I 2023-12-15 15:14:49,194] Trial 29 finished with value: 213.51025390625 and parameters: {'gradient_clip_val': 0.7107121222807395, 'hidden_size': 12, 'dropout': 0.1605896187515234, 'hidden_continuous_size': 7, 'attention_head_size': 2, 'learning_rate': 0.0019207721059862955}. Best is trial 5 with value: 133.75486755371094.
LOCAL_RANK: 0 - CUDA_VISIBLE_DEVICES: [0]
[I 2023-12-15 15:15:33,044] Trial 30 finished with value: 201.6654052734375 and parameters: {'gradient_clip_val': 0.45139820714202394, 'hidden_size': 8, 'dropout': 0.12735573889068919, 'hidden_continuous_size': 5, 'attention_head_size': 2, 'learning_rate': 0.002994729918382105}. Best is trial 5 with value: 133.75486755371094.
LOCAL_RANK: 0 - CUDA_VISIBLE_DEVICES: [0]
[I 2023-12-15 15:16:17,843] Trial 31 finished with value: 255.6817626953125 and parameters: {'gradient_clip_val': 0.8317735981781563, 'hidden_size': 9, 'dropout': 0.12556261256791887, 'hidden_continuous_size': 6, 'attention_head_size': 1, 'learning_rate': 0.009830067487902855}. Best is trial 5 with value: 133.75486755371094.
LOCAL_RANK: 0 - CUDA_VISIBLE_DEVICES: [0]
[I 2023-12-15 15:17:02,725] Trial 32 finished with value: 319.5664367675781 and parameters: {'gradient_clip_val': 0.5701941124635458, 'hidden_size': 11, 'dropout': 0.10173495129671895, 'hidden_continuous_size': 6, 'attention_head_size': 1, 'learning_rate': 0.009570937168121362}. Best is trial 5 with value: 133.75486755371094.
LOCAL_RANK: 0 - CUDA_VISIBLE_DEVICES: [0]
[I 2023-12-15 15:17:47,296] Trial 33 finished with value: 280.5099182128906 and parameters: {'gradient_clip_val': 0.6524602963765567, 'hidden_size': 16, 'dropout': 0.15046882104211134, 'hidden_continuous_size': 8, 'attention_head_size': 1, 'learning_rate': 0.014565177012310573}. Best is trial 5 with value: 133.75486755371094.
LOCAL_RANK: 0 - CUDA_VISIBLE_DEVICES: [0]
[I 2023-12-15 15:18:31,030] Trial 34 finished with value: 138.0213623046875 and parameters: {'gradient_clip_val': 0.5529083330092323, 'hidden_size': 8, 'dropout': 0.1208099517563792, 'hidden_continuous_size': 6, 'attention_head_size': 2, 'learning_rate': 0.02240564277251162}. Best is trial 5 with value: 133.75486755371094.
LOCAL_RANK: 0 - CUDA_VISIBLE_DEVICES: [0]
[I 2023-12-15 15:19:14,664] Trial 35 finished with value: 199.9810791015625 and parameters: {'gradient_clip_val': 0.5591681045604592, 'hidden_size': 8, 'dropout': 0.1855221183119729, 'hidden_continuous_size': 5, 'attention_head_size': 2, 'learning_rate': 0.02543002335742359}. Best is trial 5 with value: 133.75486755371094.
LOCAL_RANK: 0 - CUDA_VISIBLE_DEVICES: [0]
[I 2023-12-15 15:20:00,093] Trial 36 finished with value: 254.9283905029297 and parameters: {'gradient_clip_val': 0.4976269036002103, 'hidden_size': 7, 'dropout': 0.1254858312124798, 'hidden_continuous_size': 5, 'attention_head_size': 3, 'learning_rate': 0.035610606205197196}. Best is trial 5 with value: 133.75486755371094.
LOCAL_RANK: 0 - CUDA_VISIBLE_DEVICES: [0]
[I 2023-12-15 15:20:45,775] Trial 37 finished with value: 237.5390625 and parameters: {'gradient_clip_val': 0.42826995407241175, 'hidden_size': 13, 'dropout': 0.16052482335048757, 'hidden_continuous_size': 7, 'attention_head_size': 3, 'learning_rate': 0.0016678647415885434}. Best is trial 5 with value: 133.75486755371094.
LOCAL_RANK: 0 - CUDA_VISIBLE_DEVICES: [0]
[I 2023-12-15 15:21:33,693] Trial 38 finished with value: 188.57916259765625 and parameters: {'gradient_clip_val': 0.3506223288216053, 'hidden_size': 18, 'dropout': 0.12025388763644931, 'hidden_continuous_size': 10, 'attention_head_size': 2, 'learning_rate': 0.0010982631264342263}. Best is trial 5 with value: 133.75486755371094.
LOCAL_RANK: 0 - CUDA_VISIBLE_DEVICES: [0]
[I 2023-12-15 15:22:08,263] Trial 39 finished with value: 216.9364013671875 and parameters: {'gradient_clip_val': 0.5587187315975819, 'hidden_size': 5, 'dropout': 0.23746460623634927, 'hidden_continuous_size': 5, 'attention_head_size': 3, 'learning_rate': 0.0050825603341960015}. Best is trial 5 with value: 133.75486755371094.
LOCAL_RANK: 0 - CUDA_VISIBLE_DEVICES: [0]
[I 2023-12-15 15:22:53,278] Trial 40 finished with value: 203.2499542236328 and parameters: {'gradient_clip_val': 0.2642461271209715, 'hidden_size': 6, 'dropout': 0.1480506754419541, 'hidden_continuous_size': 5, 'attention_head_size': 2, 'learning_rate': 0.008000738776371977}. Best is trial 5 with value: 133.75486755371094.
LOCAL_RANK: 0 - CUDA_VISIBLE_DEVICES: [0]
[I 2023-12-15 15:23:38,361] Trial 41 finished with value: 255.2244873046875 and parameters: {'gradient_clip_val': 0.704193368375942, 'hidden_size': 11, 'dropout': 0.119696429815585, 'hidden_continuous_size': 6, 'attention_head_size': 1, 'learning_rate': 0.012663465878192613}. Best is trial 5 with value: 133.75486755371094.
LOCAL_RANK: 0 - CUDA_VISIBLE_DEVICES: [0]
