[I 2023-12-26 14:07:44,644] Trial 30 finished with value: 2.585888385772705 and parameters: {'gradient_clip_val': 0.2327258026771409, 'hidden_size': 71, 'dropout': 0.1594491826599808, 'hidden_continuous_size': 44, 'attention_head_size': 1, 'learning_rate': 0.0015019094764324283}. Best is trial 0 with value: 0.04674464464187622.
[I 2023-12-26 14:07:53,161] Trial 31 finished with value: 3.0607101917266846 and parameters: {'gradient_clip_val': 0.10033522041555759, 'hidden_size': 120, 'dropout': 0.10674066770508532, 'hidden_continuous_size': 96, 'attention_head_size': 1, 'learning_rate': 0.0010172816330408373}. Best is trial 0 with value: 0.04674464464187622.
[I 2023-12-26 14:08:01,259] Trial 32 finished with value: 2.639528512954712 and parameters: {'gradient_clip_val': 0.11428638705070349, 'hidden_size': 107, 'dropout': 0.12963893769899354, 'hidden_continuous_size': 95, 'attention_head_size': 1, 'learning_rate': 0.0006723598825331517}. Best is trial 0 with value: 0.04674464464187622.
[I 2023-12-26 14:08:12,684] Trial 33 finished with value: 4.286715984344482 and parameters: {'gradient_clip_val': 0.1381622849903155, 'hidden_size': 145, 'dropout': 0.16401517439278412, 'hidden_continuous_size': 143, 'attention_head_size': 1, 'learning_rate': 0.0005239962822056246}. Best is trial 0 with value: 0.04674464464187622.
[I 2023-12-26 14:08:20,446] Trial 34 finished with value: 2.3170342445373535 and parameters: {'gradient_clip_val': 0.11424005069981306, 'hidden_size': 115, 'dropout': 0.2055748956358719, 'hidden_continuous_size': 90, 'attention_head_size': 1, 'learning_rate': 0.0009671094653969287}. Best is trial 0 with value: 0.04674464464187622.
[I 2023-12-26 14:08:26,961] Trial 35 finished with value: 3.4695541858673096 and parameters: {'gradient_clip_val': 0.16639013608338815, 'hidden_size': 94, 'dropout': 0.20266251757587275, 'hidden_continuous_size': 70, 'attention_head_size': 4, 'learning_rate': 0.0011708915996777886}. Best is trial 0 with value: 0.04674464464187622.
[I 2023-12-26 14:08:37,589] Trial 36 finished with value: 2.441986560821533 and parameters: {'gradient_clip_val': 0.12215613279351041, 'hidden_size': 132, 'dropout': 0.24946362458349564, 'hidden_continuous_size': 89, 'attention_head_size': 2, 'learning_rate': 0.0025504508335925068}. Best is trial 0 with value: 0.04674464464187622.
[I 2023-12-26 14:08:46,878] Trial 37 finished with value: 3.272094488143921 and parameters: {'gradient_clip_val': 0.1481739566678338, 'hidden_size': 117, 'dropout': 0.23045511953128234, 'hidden_continuous_size': 87, 'attention_head_size': 1, 'learning_rate': 0.0015807624166729983}. Best is trial 0 with value: 0.04674464464187622.
[I 2023-12-26 14:08:52,960] Trial 38 finished with value: 3.323762893676758 and parameters: {'gradient_clip_val': 0.11225500557557827, 'hidden_size': 72, 'dropout': 0.170517950822916, 'hidden_continuous_size': 55, 'attention_head_size': 2, 'learning_rate': 0.0008767101499584423}. Best is trial 0 with value: 0.04674464464187622.
[I 2023-12-26 14:08:57,326] Trial 39 finished with value: 2.6044890880584717 and parameters: {'gradient_clip_val': 0.1300423287532404, 'hidden_size': 55, 'dropout': 0.20170334968020734, 'hidden_continuous_size': 48, 'attention_head_size': 3, 'learning_rate': 0.0035655049773305036}. Best is trial 0 with value: 0.04674464464187622.
[I 2023-12-26 14:09:07,428] Trial 40 finished with value: 3.1620776653289795 and parameters: {'gradient_clip_val': 0.20127938118818894, 'hidden_size': 123, 'dropout': 0.20875737745202202, 'hidden_continuous_size': 102, 'attention_head_size': 2, 'learning_rate': 0.0009229178464276712}. Best is trial 0 with value: 0.04674464464187622.
[I 2023-12-26 14:09:15,419] Trial 41 finished with value: 2.469175100326538 and parameters: {'gradient_clip_val': 0.100930931615574, 'hidden_size': 101, 'dropout': 0.12510940200981727, 'hidden_continuous_size': 67, 'attention_head_size': 1, 'learning_rate': 0.0006536240804841691}. Best is trial 0 with value: 0.04674464464187622.
[I 2023-12-26 14:09:28,208] Trial 42 finished with value: 3.502208948135376 and parameters: {'gradient_clip_val': 0.10706396736624588, 'hidden_size': 150, 'dropout': 0.10052538367829436, 'hidden_continuous_size': 150, 'attention_head_size': 1, 'learning_rate': 0.0006692770259787209}. Best is trial 0 with value: 0.04674464464187622.
[I 2023-12-26 14:09:38,393] Trial 43 finished with value: 2.4714672565460205 and parameters: {'gradient_clip_val': 0.12423870215867883, 'hidden_size': 124, 'dropout': 0.14292310460168853, 'hidden_continuous_size': 108, 'attention_head_size': 1, 'learning_rate': 0.0010861214578672031}. Best is trial 0 with value: 0.04674464464187622.
[I 2023-12-26 14:09:44,870] Trial 44 finished with value: 2.3745062351226807 and parameters: {'gradient_clip_val': 0.10857056211103604, 'hidden_size': 82, 'dropout': 0.1565120672391006, 'hidden_continuous_size': 66, 'attention_head_size': 1, 'learning_rate': 0.0021257514082641594}. Best is trial 0 with value: 0.04674464464187622.
[I 2023-12-26 14:09:52,998] Trial 45 finished with value: 3.5620975494384766 and parameters: {'gradient_clip_val': 0.14025561257340585, 'hidden_size': 83, 'dropout': 0.1625780963248683, 'hidden_continuous_size': 67, 'attention_head_size': 1, 'learning_rate': 0.0020913101030214836}. Best is trial 0 with value: 0.04674464464187622.
[I 2023-12-26 14:10:00,852] Trial 46 finished with value: 4.045689105987549 and parameters: {'gradient_clip_val': 0.11207927635894298, 'hidden_size': 97, 'dropout': 0.19283944780690573, 'hidden_continuous_size': 79, 'attention_head_size': 4, 'learning_rate': 0.0015221925270502744}. Best is trial 0 with value: 0.04674464464187622.
[I 2023-12-26 14:10:11,381] Trial 47 finished with value: 3.3140125274658203 and parameters: {'gradient_clip_val': 0.12177621096324542, 'hidden_size': 129, 'dropout': 0.16627573704605192, 'hidden_continuous_size': 108, 'attention_head_size': 1, 'learning_rate': 0.0013401457102133571}. Best is trial 0 with value: 0.04674464464187622.
[I 2023-12-26 14:10:16,892] Trial 48 finished with value: 3.0713279247283936 and parameters: {'gradient_clip_val': 0.13392740360611352, 'hidden_size': 78, 'dropout': 0.21969713419724451, 'hidden_continuous_size': 65, 'attention_head_size': 1, 'learning_rate': 0.002771673381238518}. Best is trial 0 with value: 0.04674464464187622.
[I 2023-12-26 14:10:21,726] Trial 49 finished with value: 2.8607120513916016 and parameters: {'gradient_clip_val': 0.14815612729726987, 'hidden_size': 60, 'dropout': 0.12127222237034588, 'hidden_continuous_size': 53, 'attention_head_size': 2, 'learning_rate': 0.0019456707789899427}. Best is trial 0 with value: 0.04674464464187622.
[I 2023-12-26 14:10:21,867] A new study created in memory with name: no-name-c7a0d3b6-4fb3-4070-8c4b-a9417619d441
/home/le004/conda/anaconda3/envs/tsff_env/lib/python3.9/site-packages/lightning/fabric/plugins/environments/slurm.py:191: The `srun` command is available on your system but is not used. HINT: If your intention is to run Lightning on SLURM, prepend your python command with `srun` like so: srun python /home/le004/master_thesis/git/TSFusionForecast/code/ ...
[I 2023-12-26 14:18:47,609] Trial 0 finished with value: 0.06829600036144257 and parameters: {'gradient_clip_val': 0.16188123567300564, 'hidden_size': 99, 'dropout': 0.14859763045712954, 'hidden_continuous_size': 21, 'attention_head_size': 1, 'learning_rate': 0.0042132049674251815}. Best is trial 0 with value: 0.06829600036144257.
[I 2023-12-26 14:18:50,343] Trial 1 finished with value: 3.5884838104248047 and parameters: {'gradient_clip_val': 0.16408506308658435, 'hidden_size': 34, 'dropout': 0.3042653356651651, 'hidden_continuous_size': 27, 'attention_head_size': 2, 'learning_rate': 0.04028952096894558}. Best is trial 0 with value: 0.06829600036144257.
[I 2023-12-26 14:18:55,337] Trial 2 finished with value: 3.776580572128296 and parameters: {'gradient_clip_val': 0.9407164148542753, 'hidden_size': 57, 'dropout': 0.18262474302871567, 'hidden_continuous_size': 46, 'attention_head_size': 3, 'learning_rate': 0.0387467798977543}. Best is trial 0 with value: 0.06829600036144257.
[I 2023-12-26 14:18:58,846] Trial 3 finished with value: 2.257101058959961 and parameters: {'gradient_clip_val': 0.34564775442696327, 'hidden_size': 38, 'dropout': 0.27647167557729013, 'hidden_continuous_size': 15, 'attention_head_size': 2, 'learning_rate': 0.016679114895242604}. Best is trial 0 with value: 0.06829600036144257.
[I 2023-12-26 14:19:01,926] Trial 4 finished with value: 3.6956377029418945 and parameters: {'gradient_clip_val': 0.10767657071135778, 'hidden_size': 27, 'dropout': 0.21155047702929097, 'hidden_continuous_size': 16, 'attention_head_size': 4, 'learning_rate': 0.04776317278935208}. Best is trial 0 with value: 0.06829600036144257.
[I 2023-12-26 14:19:04,273] Trial 5 finished with value: 3.0114078521728516 and parameters: {'gradient_clip_val': 0.18247440094925163, 'hidden_size': 18, 'dropout': 0.2552830489214686, 'hidden_continuous_size': 12, 'attention_head_size': 4, 'learning_rate': 0.0008775648429839198}. Best is trial 0 with value: 0.06829600036144257.
[I 2023-12-26 14:19:06,214] Trial 6 finished with value: 3.167149305343628 and parameters: {'gradient_clip_val': 0.1592152973270428, 'hidden_size': 8, 'dropout': 0.2618394777860703, 'hidden_continuous_size': 7, 'attention_head_size': 1, 'learning_rate': 0.08267706368897199}. Best is trial 0 with value: 0.06829600036144257.
[I 2023-12-26 14:19:08,340] Trial 7 finished with value: 3.8290340900421143 and parameters: {'gradient_clip_val': 0.2400062158945636, 'hidden_size': 8, 'dropout': 0.23914826085235072, 'hidden_continuous_size': 5, 'attention_head_size': 4, 'learning_rate': 0.0006394038568535915}. Best is trial 0 with value: 0.06829600036144257.
[I 2023-12-26 14:19:11,251] Trial 8 finished with value: 6.454734802246094 and parameters: {'gradient_clip_val': 0.9285340011228574, 'hidden_size': 27, 'dropout': 0.18355400557831533, 'hidden_continuous_size': 8, 'attention_head_size': 4, 'learning_rate': 0.01079739994208456}. Best is trial 0 with value: 0.06829600036144257.
[I 2023-12-26 14:19:15,166] Trial 9 finished with value: 3.8311855792999268 and parameters: {'gradient_clip_val': 0.14836735927858438, 'hidden_size': 41, 'dropout': 0.3787177956108573, 'hidden_continuous_size': 14, 'attention_head_size': 4, 'learning_rate': 0.0009903772372468415}. Best is trial 0 with value: 0.06829600036144257.
[I 2023-12-26 14:19:27,078] Trial 10 finished with value: 4.278614521026611 and parameters: {'gradient_clip_val': 0.33802216595191464, 'hidden_size': 144, 'dropout': 0.10915194758688082, 'hidden_continuous_size': 143, 'attention_head_size': 1, 'learning_rate': 0.004491357804782151}. Best is trial 0 with value: 0.06829600036144257.
[I 2023-12-26 14:19:33,488] Trial 11 finished with value: 2.6840693950653076 and parameters: {'gradient_clip_val': 0.357360940409568, 'hidden_size': 80, 'dropout': 0.49147688094218334, 'hidden_continuous_size': 24, 'attention_head_size': 2, 'learning_rate': 0.007295577344409918}. Best is trial 0 with value: 0.06829600036144257.
[I 2023-12-26 14:19:41,632] Trial 12 finished with value: 3.988382577896118 and parameters: {'gradient_clip_val': 0.47405199128109765, 'hidden_size': 101, 'dropout': 0.10578507669161233, 'hidden_continuous_size': 32, 'attention_head_size': 2, 'learning_rate': 0.0031273427062304994}. Best is trial 0 with value: 0.06829600036144257.
[I 2023-12-26 14:19:46,831] Trial 13 finished with value: 3.6219899654388428 and parameters: {'gradient_clip_val': 0.25050776959466975, 'hidden_size': 62, 'dropout': 0.3269260211842283, 'hidden_continuous_size': 12, 'attention_head_size': 1, 'learning_rate': 0.015315251670310906}. Best is trial 0 with value: 0.06829600036144257.
[I 2023-12-26 14:19:56,963] Trial 14 finished with value: 3.9251420497894287 and parameters: {'gradient_clip_val': 0.10604731479636963, 'hidden_size': 123, 'dropout': 0.14667744930135337, 'hidden_continuous_size': 20, 'attention_head_size': 3, 'learning_rate': 0.01935663746954067}. Best is trial 0 with value: 0.06829600036144257.
[I 2023-12-26 14:20:01,743] Trial 15 finished with value: 4.198199272155762 and parameters: {'gradient_clip_val': 0.5238697313249467, 'hidden_size': 82, 'dropout': 0.16826049717599006, 'hidden_continuous_size': 17, 'attention_head_size': 1, 'learning_rate': 0.004518314666465514}. Best is trial 0 with value: 0.06829600036144257.
[I 2023-12-26 14:20:04,726] Trial 16 finished with value: 3.5917465686798096 and parameters: {'gradient_clip_val': 0.23895415963286973, 'hidden_size': 50, 'dropout': 0.23234907459504273, 'hidden_continuous_size': 10, 'attention_head_size': 2, 'learning_rate': 0.0022937895246678175}. Best is trial 0 with value: 0.06829600036144257.
[I 2023-12-26 14:20:09,577] Trial 17 finished with value: 4.516969203948975 and parameters: {'gradient_clip_val': 0.445665637600914, 'hidden_size': 82, 'dropout': 0.1394193268187417, 'hidden_continuous_size': 19, 'attention_head_size': 3, 'learning_rate': 0.008038598367655681}. Best is trial 0 with value: 0.06829600036144257.
[I 2023-12-26 14:20:18,368] Trial 18 finished with value: 3.0219719409942627 and parameters: {'gradient_clip_val': 0.28188768574942225, 'hidden_size': 145, 'dropout': 0.20358852262944976, 'hidden_continuous_size': 37, 'attention_head_size': 1, 'learning_rate': 0.014464229092988223}. Best is trial 0 with value: 0.06829600036144257.
[I 2023-12-26 14:20:20,452] Trial 19 finished with value: 3.148094892501831 and parameters: {'gradient_clip_val': 0.2007001149873118, 'hidden_size': 19, 'dropout': 0.28232753277272826, 'hidden_continuous_size': 5, 'attention_head_size': 2, 'learning_rate': 0.0016662432409144314}. Best is trial 0 with value: 0.06829600036144257.
[I 2023-12-26 14:20:23,287] Trial 20 finished with value: 3.121988296508789 and parameters: {'gradient_clip_val': 0.1380883916224914, 'hidden_size': 44, 'dropout': 0.3522178755053912, 'hidden_continuous_size': 14, 'attention_head_size': 1, 'learning_rate': 0.004562339800464359}. Best is trial 0 with value: 0.06829600036144257.
[I 2023-12-26 14:20:28,224] Trial 21 finished with value: 5.4770827293396 and parameters: {'gradient_clip_val': 0.3498514500720318, 'hidden_size': 84, 'dropout': 0.4609239970719938, 'hidden_continuous_size': 21, 'attention_head_size': 2, 'learning_rate': 0.007663834686736067}. Best is trial 0 with value: 0.06829600036144257.
[I 2023-12-26 14:20:32,245] Trial 22 finished with value: 3.151278495788574 and parameters: {'gradient_clip_val': 0.35250797549233753, 'hidden_size': 69, 'dropout': 0.4746866393219543, 'hidden_continuous_size': 24, 'attention_head_size': 2, 'learning_rate': 0.006071176314835145}. Best is trial 0 with value: 0.06829600036144257.
[I 2023-12-26 14:20:39,141] Trial 23 finished with value: 4.488248348236084 and parameters: {'gradient_clip_val': 0.205642581426768, 'hidden_size': 107, 'dropout': 0.38554344051441103, 'hidden_continuous_size': 26, 'attention_head_size': 3, 'learning_rate': 0.009043963627855468}. Best is trial 0 with value: 0.06829600036144257.
[I 2023-12-26 14:20:43,001] Trial 24 finished with value: 4.1845879554748535 and parameters: {'gradient_clip_val': 0.3050173103602352, 'hidden_size': 63, 'dropout': 0.4969193912788973, 'hidden_continuous_size': 18, 'attention_head_size': 2, 'learning_rate': 0.025083599483521797}. Best is trial 0 with value: 0.06829600036144257.
[I 2023-12-26 14:20:49,750] Trial 25 finished with value: 4.913299560546875 and parameters: {'gradient_clip_val': 0.4087927668748263, 'hidden_size': 108, 'dropout': 0.43469641801706027, 'hidden_continuous_size': 38, 'attention_head_size': 2, 'learning_rate': 0.010406765914668919}. Best is trial 0 with value: 0.06829600036144257.
[I 2023-12-26 14:20:52,787] Trial 26 finished with value: 2.71325945854187 and parameters: {'gradient_clip_val': 0.27115111530701963, 'hidden_size': 49, 'dropout': 0.29699114390929066, 'hidden_continuous_size': 22, 'attention_head_size': 1, 'learning_rate': 0.0027724063505191175}. Best is trial 0 with value: 0.06829600036144257.
[I 2023-12-26 14:20:57,375] Trial 27 finished with value: 3.953007698059082 and parameters: {'gradient_clip_val': 0.5689310449989865, 'hidden_size': 77, 'dropout': 0.32330042215952626, 'hidden_continuous_size': 15, 'attention_head_size': 3, 'learning_rate': 0.013820073690159647}. Best is trial 0 with value: 0.06829600036144257.
[I 2023-12-26 14:21:02,989] Trial 28 finished with value: 2.6090075969696045 and parameters: {'gradient_clip_val': 0.38353812684619637, 'hidden_size': 92, 'dropout': 0.2731537641760134, 'hidden_continuous_size': 29, 'attention_head_size': 2, 'learning_rate': 0.005822573175913449}. Best is trial 0 with value: 0.06829600036144257.
[I 2023-12-26 14:21:05,464] Trial 29 finished with value: 3.9888150691986084 and parameters: {'gradient_clip_val': 0.29462486761204826, 'hidden_size': 33, 'dropout': 0.27298043067349154, 'hidden_continuous_size': 17, 'attention_head_size': 2, 'learning_rate': 0.00577296307610606}. Best is trial 0 with value: 0.06829600036144257.
[I 2023-12-26 14:21:14,790] Trial 30 finished with value: 3.649515151977539 and parameters: {'gradient_clip_val': 0.1293870480767023, 'hidden_size': 150, 'dropout': 0.2970823758108384, 'hidden_continuous_size': 51, 'attention_head_size': 1, 'learning_rate': 0.0018600644054926946}. Best is trial 0 with value: 0.06829600036144257.
[I 2023-12-26 14:21:20,332] Trial 31 finished with value: 3.209557294845581 and parameters: {'gradient_clip_val': 0.3730641083630211, 'hidden_size': 92, 'dropout': 0.21168912626266972, 'hidden_continuous_size': 25, 'attention_head_size': 2, 'learning_rate': 0.006848820853119912}. Best is trial 0 with value: 0.06829600036144257.
[I 2023-12-26 14:21:24,086] Trial 32 finished with value: 4.511057376861572 and parameters: {'gradient_clip_val': 0.39607876366198475, 'hidden_size': 61, 'dropout': 0.24544601985602896, 'hidden_continuous_size': 27, 'attention_head_size': 3, 'learning_rate': 0.003131842314143809}. Best is trial 0 with value: 0.06829600036144257.
[I 2023-12-26 14:21:30,558] Trial 33 finished with value: 3.4432175159454346 and parameters: {'gradient_clip_val': 0.21851423332258904, 'hidden_size': 103, 'dropout': 0.27334681794434834, 'hidden_continuous_size': 30, 'attention_head_size': 2, 'learning_rate': 0.02589019922620819}. Best is trial 0 with value: 0.06829600036144257.
[I 2023-12-26 14:21:34,801] Trial 34 finished with value: 3.32549786567688 and parameters: {'gradient_clip_val': 0.31528878444135483, 'hidden_size': 71, 'dropout': 0.32188847230946693, 'hidden_continuous_size': 21, 'attention_head_size': 2, 'learning_rate': 0.011009910879113828}. Best is trial 0 with value: 0.06829600036144257.
[I 2023-12-26 14:21:38,191] Trial 35 finished with value: 2.6579384803771973 and parameters: {'gradient_clip_val': 0.2702788892301386, 'hidden_size': 52, 'dropout': 0.2275809354447644, 'hidden_continuous_size': 18, 'attention_head_size': 2, 'learning_rate': 0.005329808578085049}. Best is trial 0 with value: 0.06829600036144257.
[I 2023-12-26 14:21:41,551] Trial 36 finished with value: 4.227413654327393 and parameters: {'gradient_clip_val': 0.17919109797245808, 'hidden_size': 55, 'dropout': 0.2412229467174284, 'hidden_continuous_size': 17, 'attention_head_size': 1, 'learning_rate': 0.0048114743534739815}. Best is trial 0 with value: 0.06829600036144257.
[I 2023-12-26 14:21:44,253] Trial 37 finished with value: 3.2469418048858643 and parameters: {'gradient_clip_val': 0.17541779261313462, 'hidden_size': 38, 'dropout': 0.22045280250306323, 'hidden_continuous_size': 15, 'attention_head_size': 3, 'learning_rate': 0.04703914084483039}. Best is trial 0 with value: 0.06829600036144257.
[I 2023-12-26 14:21:46,820] Trial 38 finished with value: 3.859240770339966 and parameters: {'gradient_clip_val': 0.2065262969144995, 'hidden_size': 35, 'dropout': 0.25858591118549895, 'hidden_continuous_size': 13, 'attention_head_size': 2, 'learning_rate': 0.003718850560797916}. Best is trial 0 with value: 0.06829600036144257.
[I 2023-12-26 14:21:49,901] Trial 39 finished with value: 3.9875259399414062 and parameters: {'gradient_clip_val': 0.2622918153636041, 'hidden_size': 51, 'dropout': 0.20290941137210622, 'hidden_continuous_size': 11, 'attention_head_size': 1, 'learning_rate': 0.005406241723068718}. Best is trial 0 with value: 0.06829600036144257.
[I 2023-12-26 14:21:57,198] Trial 40 finished with value: 3.5862038135528564 and parameters: {'gradient_clip_val': 0.12659045465408347, 'hidden_size': 122, 'dropout': 0.18586804941480417, 'hidden_continuous_size': 10, 'attention_head_size': 2, 'learning_rate': 0.0036580118550568305}. Best is trial 0 with value: 0.06829600036144257.
[I 2023-12-26 14:22:01,426] Trial 41 finished with value: 3.580223321914673 and parameters: {'gradient_clip_val': 0.31754619824101404, 'hidden_size': 72, 'dropout': 0.25120515505914337, 'hidden_continuous_size': 22, 'attention_head_size': 2, 'learning_rate': 0.008439362175664464}. Best is trial 0 with value: 0.06829600036144257.
[I 2023-12-26 14:22:06,972] Trial 42 finished with value: 3.550527811050415 and parameters: {'gradient_clip_val': 0.23795568990766014, 'hidden_size': 92, 'dropout': 0.28188724783631586, 'hidden_continuous_size': 19, 'attention_head_size': 2, 'learning_rate': 0.006576792455504524}. Best is trial 0 with value: 0.06829600036144257.
[I 2023-12-26 14:22:09,904] Trial 43 finished with value: 3.1244914531707764 and parameters: {'gradient_clip_val': 0.16374589059218583, 'hidden_size': 43, 'dropout': 0.222553273108002, 'hidden_continuous_size': 23, 'attention_head_size': 2, 'learning_rate': 0.010601542874749036}. Best is trial 0 with value: 0.06829600036144257.
[I 2023-12-26 14:22:13,393] Trial 44 finished with value: 4.194209098815918 and parameters: {'gradient_clip_val': 0.28360060834177936, 'hidden_size': 60, 'dropout': 0.3038763577918171, 'hidden_continuous_size': 16, 'attention_head_size': 3, 'learning_rate': 0.006590909620489701}. Best is trial 0 with value: 0.06829600036144257.
