[I 2023-12-26 16:57:46,310] Trial 26 finished with value: 60.41215133666992 and parameters: {'gradient_clip_val': 0.2944887581291168, 'hidden_size': 115, 'dropout': 0.18565800941744465, 'hidden_continuous_size': 23, 'attention_head_size': 3, 'learning_rate': 0.03279732192947629}. Best is trial 0 with value: 31.38745880126953.
[I 2023-12-26 16:57:56,268] Trial 27 finished with value: 67.02385711669922 and parameters: {'gradient_clip_val': 0.2204900324051947, 'hidden_size': 110, 'dropout': 0.1267205258401698, 'hidden_continuous_size': 89, 'attention_head_size': 1, 'learning_rate': 0.019510300448243565}. Best is trial 0 with value: 31.38745880126953.
[I 2023-12-26 16:57:59,877] Trial 28 finished with value: 74.96707916259766 and parameters: {'gradient_clip_val': 0.3262982798190459, 'hidden_size': 31, 'dropout': 0.10042865016412991, 'hidden_continuous_size': 14, 'attention_head_size': 4, 'learning_rate': 0.047715564335972654}. Best is trial 0 with value: 31.38745880126953.
[I 2023-12-26 16:58:02,390] Trial 29 finished with value: 74.41173553466797 and parameters: {'gradient_clip_val': 0.39427434620390706, 'hidden_size': 9, 'dropout': 0.27027919023701735, 'hidden_continuous_size': 7, 'attention_head_size': 4, 'learning_rate': 0.011110415146071204}. Best is trial 0 with value: 31.38745880126953.
[I 2023-12-26 16:58:04,803] Trial 30 finished with value: 70.77987670898438 and parameters: {'gradient_clip_val': 0.43389979851389454, 'hidden_size': 11, 'dropout': 0.2330614377800786, 'hidden_continuous_size': 8, 'attention_head_size': 2, 'learning_rate': 0.07048692065618}. Best is trial 0 with value: 31.38745880126953.
[I 2023-12-26 16:58:11,813] Trial 31 finished with value: 67.26062774658203 and parameters: {'gradient_clip_val': 0.40167678258822564, 'hidden_size': 77, 'dropout': 0.17968861787411372, 'hidden_continuous_size': 30, 'attention_head_size': 4, 'learning_rate': 0.06971763531543299}. Best is trial 0 with value: 31.38745880126953.
[I 2023-12-26 16:58:20,023] Trial 32 finished with value: 55.7793083190918 and parameters: {'gradient_clip_val': 0.31021723501798315, 'hidden_size': 91, 'dropout': 0.20282346985840383, 'hidden_continuous_size': 35, 'attention_head_size': 4, 'learning_rate': 0.02698243989174447}. Best is trial 0 with value: 31.38745880126953.
[I 2023-12-26 16:58:28,269] Trial 33 finished with value: 67.40396881103516 and parameters: {'gradient_clip_val': 0.3162508053601115, 'hidden_size': 94, 'dropout': 0.20625613528256506, 'hidden_continuous_size': 44, 'attention_head_size': 4, 'learning_rate': 0.03050053616045443}. Best is trial 0 with value: 31.38745880126953.
[I 2023-12-26 16:58:37,932] Trial 34 finished with value: 61.14188003540039 and parameters: {'gradient_clip_val': 0.28835604827346006, 'hidden_size': 116, 'dropout': 0.15867397277255016, 'hidden_continuous_size': 24, 'attention_head_size': 4, 'learning_rate': 0.006883272743177365}. Best is trial 0 with value: 31.38745880126953.
[I 2023-12-26 16:58:45,691] Trial 35 finished with value: 52.666011810302734 and parameters: {'gradient_clip_val': 0.23555638758333933, 'hidden_size': 89, 'dropout': 0.2015524971447843, 'hidden_continuous_size': 28, 'attention_head_size': 3, 'learning_rate': 0.049126238796461004}. Best is trial 0 with value: 31.38745880126953.
[I 2023-12-26 16:58:56,092] Trial 36 finished with value: 67.92803192138672 and parameters: {'gradient_clip_val': 0.218154355975854, 'hidden_size': 125, 'dropout': 0.23117115893678375, 'hidden_continuous_size': 19, 'attention_head_size': 3, 'learning_rate': 0.04958753139140716}. Best is trial 0 with value: 31.38745880126953.
[I 2023-12-26 16:59:01,457] Trial 37 finished with value: 39.78491973876953 and parameters: {'gradient_clip_val': 0.2258770209301896, 'hidden_size': 64, 'dropout': 0.2960241116760307, 'hidden_continuous_size': 20, 'attention_head_size': 3, 'learning_rate': 0.07711634605435647}. Best is trial 0 with value: 31.38745880126953.
[I 2023-12-26 16:59:06,803] Trial 38 finished with value: 44.62149429321289 and parameters: {'gradient_clip_val': 0.22371248304020477, 'hidden_size': 61, 'dropout': 0.2972480600594376, 'hidden_continuous_size': 19, 'attention_head_size': 3, 'learning_rate': 0.07687857357188564}. Best is trial 0 with value: 31.38745880126953.
[I 2023-12-26 16:59:12,399] Trial 39 finished with value: 56.31290817260742 and parameters: {'gradient_clip_val': 0.18983062978441, 'hidden_size': 61, 'dropout': 0.28176328275898055, 'hidden_continuous_size': 19, 'attention_head_size': 2, 'learning_rate': 0.08037042640819782}. Best is trial 0 with value: 31.38745880126953.
[I 2023-12-26 16:59:18,572] Trial 40 finished with value: 57.588714599609375 and parameters: {'gradient_clip_val': 0.1550728065569166, 'hidden_size': 73, 'dropout': 0.3041292747143942, 'hidden_continuous_size': 12, 'attention_head_size': 3, 'learning_rate': 0.08582323900683861}. Best is trial 0 with value: 31.38745880126953.
[I 2023-12-26 16:59:26,034] Trial 41 finished with value: 56.81521987915039 and parameters: {'gradient_clip_val': 0.2325429074545632, 'hidden_size': 84, 'dropout': 0.3504218361247734, 'hidden_continuous_size': 31, 'attention_head_size': 3, 'learning_rate': 0.060444585568148225}. Best is trial 0 with value: 31.38745880126953.
[I 2023-12-26 16:59:31,239] Trial 42 finished with value: 48.31840133666992 and parameters: {'gradient_clip_val': 0.23649761696218927, 'hidden_size': 58, 'dropout': 0.27430595176036326, 'hidden_continuous_size': 20, 'attention_head_size': 3, 'learning_rate': 0.07898240404396839}. Best is trial 0 with value: 31.38745880126953.
[I 2023-12-26 16:59:36,683] Trial 43 finished with value: 61.05510330200195 and parameters: {'gradient_clip_val': 0.2668993765566731, 'hidden_size': 57, 'dropout': 0.29393243596212737, 'hidden_continuous_size': 20, 'attention_head_size': 3, 'learning_rate': 0.07990151476439701}. Best is trial 0 with value: 31.38745880126953.
[I 2023-12-26 16:59:40,952] Trial 44 finished with value: 60.4298095703125 and parameters: {'gradient_clip_val': 0.2015652438692977, 'hidden_size': 43, 'dropout': 0.34029976815160684, 'hidden_continuous_size': 16, 'attention_head_size': 3, 'learning_rate': 0.09918895697287113}. Best is trial 0 with value: 31.38745880126953.
[I 2023-12-26 16:59:47,209] Trial 45 finished with value: 60.07438278198242 and parameters: {'gradient_clip_val': 0.2031997261475301, 'hidden_size': 69, 'dropout': 0.3184762294107449, 'hidden_continuous_size': 17, 'attention_head_size': 2, 'learning_rate': 0.037909321421957555}. Best is trial 0 with value: 31.38745880126953.
[I 2023-12-26 16:59:51,425] Trial 46 finished with value: 90.00662994384766 and parameters: {'gradient_clip_val': 0.24768618716180685, 'hidden_size': 48, 'dropout': 0.3590270211334607, 'hidden_continuous_size': 14, 'attention_head_size': 3, 'learning_rate': 0.05447168305613416}. Best is trial 0 with value: 31.38745880126953.
[I 2023-12-26 16:59:55,109] Trial 47 finished with value: 80.2960433959961 and parameters: {'gradient_clip_val': 0.2751466272446729, 'hidden_size': 36, 'dropout': 0.2789001561739007, 'hidden_continuous_size': 21, 'attention_head_size': 2, 'learning_rate': 0.07969163773916553}. Best is trial 0 with value: 31.38745880126953.
[I 2023-12-26 16:59:59,966] Trial 48 finished with value: 66.18692779541016 and parameters: {'gradient_clip_val': 0.1561111712664485, 'hidden_size': 56, 'dropout': 0.25504862765122044, 'hidden_continuous_size': 18, 'attention_head_size': 1, 'learning_rate': 0.03738030153148532}. Best is trial 0 with value: 31.38745880126953.
[I 2023-12-26 17:00:05,796] Trial 49 finished with value: 51.36264419555664 and parameters: {'gradient_clip_val': 0.25919144537912575, 'hidden_size': 65, 'dropout': 0.12250659218693119, 'hidden_continuous_size': 24, 'attention_head_size': 3, 'learning_rate': 0.07534272936399979}. Best is trial 0 with value: 31.38745880126953.
[I 2023-12-26 17:00:05,997] A new study created in memory with name: no-name-7834a44d-6d76-4f01-9d58-e46ff2fb7ea6
/home/le004/conda/anaconda3/envs/tsff_env/lib/python3.9/site-packages/lightning/fabric/plugins/environments/slurm.py:191: The `srun` command is available on your system but is not used. HINT: If your intention is to run Lightning on SLURM, prepend your python command with `srun` like so: srun python /home/le004/master_thesis/git/TSFusionForecast/code/ ...
[I 2023-12-26 17:10:34,463] Trial 0 finished with value: 4.0151591300964355 and parameters: {'gradient_clip_val': 0.9197385123768381, 'hidden_size': 89, 'dropout': 0.402283778875529, 'hidden_continuous_size': 31, 'attention_head_size': 2, 'learning_rate': 0.012652858280951881}. Best is trial 0 with value: 4.0151591300964355.
[I 2023-12-26 17:10:36,477] Trial 1 finished with value: 33.39815139770508 and parameters: {'gradient_clip_val': 0.1674192625640011, 'hidden_size': 12, 'dropout': 0.13247677431179056, 'hidden_continuous_size': 10, 'attention_head_size': 1, 'learning_rate': 0.026371884945605033}. Best is trial 0 with value: 4.0151591300964355.
[I 2023-12-26 17:10:42,452] Trial 2 finished with value: 35.22795104980469 and parameters: {'gradient_clip_val': 0.11415475024127159, 'hidden_size': 97, 'dropout': 0.21913625260166822, 'hidden_continuous_size': 9, 'attention_head_size': 3, 'learning_rate': 0.000697472096024024}. Best is trial 0 with value: 4.0151591300964355.
[I 2023-12-26 17:10:44,168] Trial 3 finished with value: 28.693883895874023 and parameters: {'gradient_clip_val': 0.11088882431409788, 'hidden_size': 5, 'dropout': 0.12737703454857363, 'hidden_continuous_size': 5, 'attention_head_size': 2, 'learning_rate': 0.07144920970003357}. Best is trial 0 with value: 4.0151591300964355.
[I 2023-12-26 17:10:46,395] Trial 4 finished with value: 36.28913879394531 and parameters: {'gradient_clip_val': 0.29654731861630074, 'hidden_size': 24, 'dropout': 0.12816010945185938, 'hidden_continuous_size': 14, 'attention_head_size': 1, 'learning_rate': 0.011416636833503881}. Best is trial 0 with value: 4.0151591300964355.
[I 2023-12-26 17:10:50,198] Trial 5 finished with value: 32.6738395690918 and parameters: {'gradient_clip_val': 0.15532399478895656, 'hidden_size': 61, 'dropout': 0.49248781280759646, 'hidden_continuous_size': 13, 'attention_head_size': 3, 'learning_rate': 0.0006659300386555356}. Best is trial 0 with value: 4.0151591300964355.
[I 2023-12-26 17:10:52,100] Trial 6 finished with value: 32.10013961791992 and parameters: {'gradient_clip_val': 0.26772666490409774, 'hidden_size': 7, 'dropout': 0.33666604733369376, 'hidden_continuous_size': 6, 'attention_head_size': 2, 'learning_rate': 0.04184182677725103}. Best is trial 0 with value: 4.0151591300964355.
[I 2023-12-26 17:10:58,558] Trial 7 finished with value: 23.86572265625 and parameters: {'gradient_clip_val': 0.38038696958910856, 'hidden_size': 102, 'dropout': 0.10932910373426537, 'hidden_continuous_size': 19, 'attention_head_size': 1, 'learning_rate': 0.006468592113438915}. Best is trial 0 with value: 4.0151591300964355.
[I 2023-12-26 17:11:00,456] Trial 8 finished with value: 28.399431228637695 and parameters: {'gradient_clip_val': 0.12860111673369218, 'hidden_size': 6, 'dropout': 0.20925303284039184, 'hidden_continuous_size': 5, 'attention_head_size': 3, 'learning_rate': 0.0005282489380936264}. Best is trial 0 with value: 4.0151591300964355.
[I 2023-12-26 17:11:09,530] Trial 9 finished with value: 34.76362228393555 and parameters: {'gradient_clip_val': 0.20429420380074906, 'hidden_size': 130, 'dropout': 0.4494815186896103, 'hidden_continuous_size': 87, 'attention_head_size': 1, 'learning_rate': 0.018328853624334243}. Best is trial 0 with value: 4.0151591300964355.
[I 2023-12-26 17:11:12,716] Trial 10 finished with value: 39.454864501953125 and parameters: {'gradient_clip_val': 0.8921547775278963, 'hidden_size': 44, 'dropout': 0.40062451212742234, 'hidden_continuous_size': 29, 'attention_head_size': 4, 'learning_rate': 0.004465418893870858}. Best is trial 0 with value: 4.0151591300964355.
[I 2023-12-26 17:11:21,876] Trial 11 finished with value: 37.67776870727539 and parameters: {'gradient_clip_val': 0.5658156321294799, 'hidden_size': 143, 'dropout': 0.33217421164660627, 'hidden_continuous_size': 28, 'attention_head_size': 2, 'learning_rate': 0.0041261797444997715}. Best is trial 0 with value: 4.0151591300964355.
[I 2023-12-26 17:11:26,165] Trial 12 finished with value: 34.48027801513672 and parameters: {'gradient_clip_val': 0.4137902482265005, 'hidden_size': 70, 'dropout': 0.27435502839465203, 'hidden_continuous_size': 24, 'attention_head_size': 1, 'learning_rate': 0.008092510622382152}. Best is trial 0 with value: 4.0151591300964355.
[I 2023-12-26 17:11:28,911] Trial 13 finished with value: 38.29026412963867 and parameters: {'gradient_clip_val': 0.8651100019924477, 'hidden_size': 40, 'dropout': 0.3811914645490655, 'hidden_continuous_size': 20, 'attention_head_size': 2, 'learning_rate': 0.003030213032076769}. Best is trial 0 with value: 4.0151591300964355.
[I 2023-12-26 17:11:34,462] Trial 14 finished with value: 27.158714294433594 and parameters: {'gradient_clip_val': 0.5624003724889228, 'hidden_size': 88, 'dropout': 0.27058835602222, 'hidden_continuous_size': 39, 'attention_head_size': 1, 'learning_rate': 0.014295082839416069}. Best is trial 0 with value: 4.0151591300964355.
[I 2023-12-26 17:11:43,877] Trial 15 finished with value: 33.97490310668945 and parameters: {'gradient_clip_val': 0.9968465758294324, 'hidden_size': 149, 'dropout': 0.19479593447102414, 'hidden_continuous_size': 47, 'attention_head_size': 2, 'learning_rate': 0.0073191609154248756}. Best is trial 0 with value: 4.0151591300964355.
[I 2023-12-26 17:11:47,389] Trial 16 finished with value: 30.343299865722656 and parameters: {'gradient_clip_val': 0.40245308507257593, 'hidden_size': 54, 'dropout': 0.41118819327800604, 'hidden_continuous_size': 18, 'attention_head_size': 4, 'learning_rate': 0.0018902975722763992}. Best is trial 0 with value: 4.0151591300964355.
[I 2023-12-26 17:11:53,333] Trial 17 finished with value: 25.38389778137207 and parameters: {'gradient_clip_val': 0.7155998811249856, 'hidden_size': 91, 'dropout': 0.10363815318937245, 'hidden_continuous_size': 37, 'attention_head_size': 1, 'learning_rate': 0.021879929121286848}. Best is trial 0 with value: 4.0151591300964355.
[I 2023-12-26 17:11:55,995] Trial 18 finished with value: 28.20191764831543 and parameters: {'gradient_clip_val': 0.43161864925761806, 'hidden_size': 31, 'dropout': 0.3403231385590168, 'hidden_continuous_size': 17, 'attention_head_size': 2, 'learning_rate': 0.01304965459807776}. Best is trial 0 with value: 4.0151591300964355.
[I 2023-12-26 17:12:00,538] Trial 19 finished with value: 33.127628326416016 and parameters: {'gradient_clip_val': 0.6387119063368337, 'hidden_size': 72, 'dropout': 0.2991407029188564, 'hidden_continuous_size': 23, 'attention_head_size': 3, 'learning_rate': 0.03849712731763734}. Best is trial 0 with value: 4.0151591300964355.
[I 2023-12-26 17:12:07,845] Trial 20 finished with value: 33.21445846557617 and parameters: {'gradient_clip_val': 0.7404564133338676, 'hidden_size': 110, 'dropout': 0.36859741732382134, 'hidden_continuous_size': 56, 'attention_head_size': 1, 'learning_rate': 0.009179036179884494}. Best is trial 0 with value: 4.0151591300964355.
[I 2023-12-26 17:12:14,199] Trial 21 finished with value: 37.314231872558594 and parameters: {'gradient_clip_val': 0.7542771990680683, 'hidden_size': 93, 'dropout': 0.10009506538376475, 'hidden_continuous_size': 35, 'attention_head_size': 1, 'learning_rate': 0.025406565940137293}. Best is trial 0 with value: 4.0151591300964355.
[I 2023-12-26 17:12:19,740] Trial 22 finished with value: 30.816133499145508 and parameters: {'gradient_clip_val': 0.5062740336207348, 'hidden_size': 86, 'dropout': 0.17626809032900703, 'hidden_continuous_size': 32, 'attention_head_size': 1, 'learning_rate': 0.019321637160005033}. Best is trial 0 with value: 4.0151591300964355.
[I 2023-12-26 17:12:27,630] Trial 23 finished with value: 39.38761901855469 and parameters: {'gradient_clip_val': 0.730750518077769, 'hidden_size': 120, 'dropout': 0.15829394101909203, 'hidden_continuous_size': 59, 'attention_head_size': 2, 'learning_rate': 0.005548162542846203}. Best is trial 0 with value: 4.0151591300964355.
[I 2023-12-26 17:12:31,243] Trial 24 finished with value: 32.19477081298828 and parameters: {'gradient_clip_val': 0.9622799584021281, 'hidden_size': 58, 'dropout': 0.23689791049648, 'hidden_continuous_size': 26, 'attention_head_size': 1, 'learning_rate': 0.010496928242774838}. Best is trial 0 with value: 4.0151591300964355.
[I 2023-12-26 17:12:36,260] Trial 25 finished with value: 39.47580337524414 and parameters: {'gradient_clip_val': 0.6585417789367084, 'hidden_size': 78, 'dropout': 0.2401481429018767, 'hidden_continuous_size': 40, 'attention_head_size': 2, 'learning_rate': 0.09093839305254006}. Best is trial 0 with value: 4.0151591300964355.
[I 2023-12-26 17:12:42,938] Trial 26 finished with value: 36.482608795166016 and parameters: {'gradient_clip_val': 0.4862568268006897, 'hidden_size': 104, 'dropout': 0.1042322431698401, 'hidden_continuous_size': 23, 'attention_head_size': 1, 'learning_rate': 0.0075635587639224545}. Best is trial 0 with value: 4.0151591300964355.
[I 2023-12-26 17:12:53,447] Trial 27 finished with value: 27.60430908203125 and parameters: {'gradient_clip_val': 0.36823517205082457, 'hidden_size': 146, 'dropout': 0.16041264849053977, 'hidden_continuous_size': 130, 'attention_head_size': 1, 'learning_rate': 0.016268434477061278}. Best is trial 0 with value: 4.0151591300964355.
[I 2023-12-26 17:13:00,407] Trial 28 finished with value: 23.638565063476562 and parameters: {'gradient_clip_val': 0.8185657266388531, 'hidden_size': 112, 'dropout': 0.17746541157137016, 'hidden_continuous_size': 33, 'attention_head_size': 2, 'learning_rate': 0.005910331954634965}. Best is trial 0 with value: 4.0151591300964355.
[I 2023-12-26 17:13:07,729] Trial 29 finished with value: 38.89445114135742 and parameters: {'gradient_clip_val': 0.8420406928644072, 'hidden_size': 116, 'dropout': 0.15627761133324122, 'hidden_continuous_size': 19, 'attention_head_size': 3, 'learning_rate': 0.0057918462596142995}. Best is trial 0 with value: 4.0151591300964355.
[I 2023-12-26 17:13:09,918] Trial 30 finished with value: 29.153762817382812 and parameters: {'gradient_clip_val': 0.6048801799391145, 'hidden_size': 19, 'dropout': 0.18958289502971393, 'hidden_continuous_size': 13, 'attention_head_size': 2, 'learning_rate': 0.0027555330218665464}. Best is trial 0 with value: 4.0151591300964355.
[I 2023-12-26 17:13:14,728] Trial 31 finished with value: 35.57402038574219 and parameters: {'gradient_clip_val': 0.7641227448315292, 'hidden_size': 76, 'dropout': 0.12671050896645528, 'hidden_continuous_size': 33, 'attention_head_size': 2, 'learning_rate': 0.021733308953407453}. Best is trial 0 with value: 4.0151591300964355.
[I 2023-12-26 17:13:21,091] Trial 32 finished with value: 38.6557731628418 and parameters: {'gradient_clip_val': 0.667165683689127, 'hidden_size': 99, 'dropout': 0.1007965983109653, 'hidden_continuous_size': 28, 'attention_head_size': 1, 'learning_rate': 0.010217725592687608}. Best is trial 0 with value: 4.0151591300964355.
[I 2023-12-26 17:13:28,212] Trial 33 finished with value: 34.93088912963867 and parameters: {'gradient_clip_val': 0.84306351120093, 'hidden_size': 103, 'dropout': 0.1389626388272713, 'hidden_continuous_size': 44, 'attention_head_size': 2, 'learning_rate': 0.035516158574029955}. Best is trial 0 with value: 4.0151591300964355.
[I 2023-12-26 17:13:32,278] Trial 34 finished with value: 38.17341995239258 and parameters: {'gradient_clip_val': 0.9754724446242713, 'hidden_size': 65, 'dropout': 0.1372147068879319, 'hidden_continuous_size': 32, 'attention_head_size': 3, 'learning_rate': 0.014592325112094958}. Best is trial 0 with value: 4.0151591300964355.
[I 2023-12-26 17:13:35,682] Trial 35 finished with value: 34.75020217895508 and parameters: {'gradient_clip_val': 0.6977514619987939, 'hidden_size': 53, 'dropout': 0.1221387564546185, 'hidden_continuous_size': 21, 'attention_head_size': 1, 'learning_rate': 0.027139701236752963}. Best is trial 0 with value: 4.0151591300964355.
[I 2023-12-26 17:13:41,053] Trial 36 finished with value: 27.959716796875 and parameters: {'gradient_clip_val': 0.5387231282690123, 'hidden_size': 86, 'dropout': 0.17843022118244148, 'hidden_continuous_size': 16, 'attention_head_size': 2, 'learning_rate': 0.011576495451515983}. Best is trial 0 with value: 4.0151591300964355.
[I 2023-12-26 17:13:45,459] Trial 37 finished with value: 41.067909240722656 and parameters: {'gradient_clip_val': 0.6142968431782744, 'hidden_size': 69, 'dropout': 0.15282079502524049, 'hidden_continuous_size': 25, 'attention_head_size': 3, 'learning_rate': 0.05493829268309628}. Best is trial 0 with value: 4.0151591300964355.
[I 2023-12-26 17:13:53,379] Trial 38 finished with value: 29.195053100585938 and parameters: {'gradient_clip_val': 0.3323282999933362, 'hidden_size': 126, 'dropout': 0.22142514017210024, 'hidden_continuous_size': 12, 'attention_head_size': 2, 'learning_rate': 0.02823377895532273}. Best is trial 0 with value: 4.0151591300964355.
[I 2023-12-26 17:13:59,125] Trial 39 finished with value: 28.376188278198242 and parameters: {'gradient_clip_val': 0.4781970100668574, 'hidden_size': 92, 'dropout': 0.11530951930178594, 'hidden_continuous_size': 11, 'attention_head_size': 1, 'learning_rate': 0.01852875759952831}. Best is trial 0 with value: 4.0151591300964355.
[I 2023-12-26 17:14:06,829] Trial 40 finished with value: 20.05832862854004 and parameters: {'gradient_clip_val': 0.2742385223368728, 'hidden_size': 122, 'dropout': 0.137699447494752, 'hidden_continuous_size': 15, 'attention_head_size': 4, 'learning_rate': 0.009718172757369093}. Best is trial 0 with value: 4.0151591300964355.
