[I 2023-12-16 11:45:23,473] Trial 45 finished with value: 95.4383773803711 and parameters: {'gradient_clip_val': 0.11873603045138868, 'hidden_size': 15, 'dropout': 0.2873333048292026, 'hidden_continuous_size': 11, 'attention_head_size': 4, 'learning_rate': 0.003728131418608443}. Best is trial 33 with value: 38.8370475769043.
LOCAL_RANK: 0 - CUDA_VISIBLE_DEVICES: [0]
[I 2023-12-16 11:46:10,958] Trial 46 finished with value: 57.059452056884766 and parameters: {'gradient_clip_val': 0.155187327969239, 'hidden_size': 13, 'dropout': 0.26159853643732023, 'hidden_continuous_size': 10, 'attention_head_size': 4, 'learning_rate': 0.0011704046547853276}. Best is trial 33 with value: 38.8370475769043.
LOCAL_RANK: 0 - CUDA_VISIBLE_DEVICES: [0]
[I 2023-12-16 11:47:00,699] Trial 47 finished with value: 47.74930191040039 and parameters: {'gradient_clip_val': 0.17353866119383554, 'hidden_size': 18, 'dropout': 0.2428757063384734, 'hidden_continuous_size': 12, 'attention_head_size': 4, 'learning_rate': 0.000980919221232831}. Best is trial 33 with value: 38.8370475769043.
LOCAL_RANK: 0 - CUDA_VISIBLE_DEVICES: [0]
[I 2023-12-16 11:47:48,508] Trial 48 finished with value: 49.12367630004883 and parameters: {'gradient_clip_val': 0.13839223702122175, 'hidden_size': 14, 'dropout': 0.2562518870253495, 'hidden_continuous_size': 11, 'attention_head_size': 4, 'learning_rate': 0.0006194768043937916}. Best is trial 33 with value: 38.8370475769043.
LOCAL_RANK: 0 - CUDA_VISIBLE_DEVICES: [0]
[I 2023-12-16 11:48:38,902] Trial 49 finished with value: 52.95255661010742 and parameters: {'gradient_clip_val': 0.2588015662253531, 'hidden_size': 21, 'dropout': 0.3222276270727998, 'hidden_continuous_size': 14, 'attention_head_size': 4, 'learning_rate': 0.0013498402314380568}. Best is trial 33 with value: 38.8370475769043.
[I 2023-12-16 11:48:39,006] A new study created in memory with name: no-name-d923621c-19c5-4a09-8598-dad407479afe
/home/le004/conda/anaconda3/envs/tsff_env/lib/python3.9/site-packages/lightning/fabric/plugins/environments/slurm.py:191: The `srun` command is available on your system but is not used. HINT: If your intention is to run Lightning on SLURM, prepend your python command with `srun` like so: srun python /home/le004/master_thesis/git/TSFusionForecast/code/ ...
LOCAL_RANK: 0 - CUDA_VISIBLE_DEVICES: [0]
[I 2023-12-16 11:49:36,030] Trial 0 finished with value: 29.999114990234375 and parameters: {'gradient_clip_val': 0.13915745815411087, 'hidden_size': 67, 'dropout': 0.20724177505908548, 'hidden_continuous_size': 63, 'attention_head_size': 4, 'learning_rate': 0.010707547114518252}. Best is trial 0 with value: 29.999114990234375.
LOCAL_RANK: 0 - CUDA_VISIBLE_DEVICES: [0]
[I 2023-12-16 11:50:15,968] Trial 1 finished with value: 22.286996841430664 and parameters: {'gradient_clip_val': 0.2951628915601798, 'hidden_size': 83, 'dropout': 0.3291998334118092, 'hidden_continuous_size': 83, 'attention_head_size': 4, 'learning_rate': 0.09043994388757243}. Best is trial 1 with value: 22.286996841430664.
LOCAL_RANK: 0 - CUDA_VISIBLE_DEVICES: [0]
[I 2023-12-16 11:51:01,722] Trial 2 finished with value: 26.0123233795166 and parameters: {'gradient_clip_val': 0.10984746642413981, 'hidden_size': 9, 'dropout': 0.17256394428141586, 'hidden_continuous_size': 6, 'attention_head_size': 1, 'learning_rate': 0.042638714021248095}. Best is trial 1 with value: 22.286996841430664.
LOCAL_RANK: 0 - CUDA_VISIBLE_DEVICES: [0]
[I 2023-12-16 11:51:51,250] Trial 3 finished with value: 34.715293884277344 and parameters: {'gradient_clip_val': 0.1556513904393146, 'hidden_size': 36, 'dropout': 0.30803301779790737, 'hidden_continuous_size': 11, 'attention_head_size': 1, 'learning_rate': 0.032522019775783645}. Best is trial 1 with value: 22.286996841430664.
LOCAL_RANK: 0 - CUDA_VISIBLE_DEVICES: [0]
[I 2023-12-16 11:52:41,661] Trial 4 finished with value: 16.449525833129883 and parameters: {'gradient_clip_val': 0.19837967168132478, 'hidden_size': 26, 'dropout': 0.11992390999554539, 'hidden_continuous_size': 14, 'attention_head_size': 4, 'learning_rate': 0.009840323263845863}. Best is trial 4 with value: 16.449525833129883.
LOCAL_RANK: 0 - CUDA_VISIBLE_DEVICES: [0]
[I 2023-12-16 11:53:32,793] Trial 5 finished with value: 38.42820358276367 and parameters: {'gradient_clip_val': 0.7033376138712814, 'hidden_size': 27, 'dropout': 0.34619214877483057, 'hidden_continuous_size': 20, 'attention_head_size': 4, 'learning_rate': 0.0258409589146043}. Best is trial 4 with value: 16.449525833129883.
LOCAL_RANK: 0 - CUDA_VISIBLE_DEVICES: [0]
[I 2023-12-16 11:54:09,132] Trial 6 finished with value: 40.3826904296875 and parameters: {'gradient_clip_val': 0.39072666301113484, 'hidden_size': 5, 'dropout': 0.3074537883149882, 'hidden_continuous_size': 5, 'attention_head_size': 1, 'learning_rate': 0.0017404692576897837}. Best is trial 4 with value: 16.449525833129883.
LOCAL_RANK: 0 - CUDA_VISIBLE_DEVICES: [0]
[I 2023-12-16 11:54:59,803] Trial 7 finished with value: 24.7432804107666 and parameters: {'gradient_clip_val': 0.26435689687165664, 'hidden_size': 42, 'dropout': 0.2465047345295692, 'hidden_continuous_size': 5, 'attention_head_size': 3, 'learning_rate': 0.0010131779170757028}. Best is trial 4 with value: 16.449525833129883.
LOCAL_RANK: 0 - CUDA_VISIBLE_DEVICES: [0]
[I 2023-12-16 11:55:49,060] Trial 8 finished with value: 26.19146728515625 and parameters: {'gradient_clip_val': 0.27045488797059286, 'hidden_size': 28, 'dropout': 0.3182047786210546, 'hidden_continuous_size': 8, 'attention_head_size': 3, 'learning_rate': 0.00493263395760458}. Best is trial 4 with value: 16.449525833129883.
LOCAL_RANK: 0 - CUDA_VISIBLE_DEVICES: [0]
[I 2023-12-16 11:56:35,953] Trial 9 finished with value: 39.089744567871094 and parameters: {'gradient_clip_val': 0.22247783981619734, 'hidden_size': 11, 'dropout': 0.3265243519642548, 'hidden_continuous_size': 8, 'attention_head_size': 3, 'learning_rate': 0.04267929618013179}. Best is trial 4 with value: 16.449525833129883.
LOCAL_RANK: 0 - CUDA_VISIBLE_DEVICES: [0]
[I 2023-12-16 11:57:24,268] Trial 10 finished with value: 27.386619567871094 and parameters: {'gradient_clip_val': 0.4735984533403421, 'hidden_size': 17, 'dropout': 0.11049885524021202, 'hidden_continuous_size': 12, 'attention_head_size': 2, 'learning_rate': 0.004390485140544411}. Best is trial 4 with value: 16.449525833129883.
LOCAL_RANK: 0 - CUDA_VISIBLE_DEVICES: [0]
[I 2023-12-16 11:58:21,660] Trial 11 finished with value: 35.32390213012695 and parameters: {'gradient_clip_val': 0.20438866311509762, 'hidden_size': 68, 'dropout': 0.3982464757960409, 'hidden_continuous_size': 66, 'attention_head_size': 4, 'learning_rate': 0.07043969705259057}. Best is trial 4 with value: 16.449525833129883.
LOCAL_RANK: 0 - CUDA_VISIBLE_DEVICES: [0]
[I 2023-12-16 11:59:18,057] Trial 12 finished with value: 31.03569793701172 and parameters: {'gradient_clip_val': 0.35109566951686055, 'hidden_size': 74, 'dropout': 0.1042300751817925, 'hidden_continuous_size': 33, 'attention_head_size': 4, 'learning_rate': 0.09209454935523903}. Best is trial 4 with value: 16.449525833129883.
LOCAL_RANK: 0 - CUDA_VISIBLE_DEVICES: [0]
[I 2023-12-16 12:00:16,237] Trial 13 finished with value: 20.736146926879883 and parameters: {'gradient_clip_val': 0.1928036170409996, 'hidden_size': 100, 'dropout': 0.259482922595888, 'hidden_continuous_size': 80, 'attention_head_size': 2, 'learning_rate': 0.01635345080922457}. Best is trial 4 with value: 16.449525833129883.
LOCAL_RANK: 0 - CUDA_VISIBLE_DEVICES: [0]
[I 2023-12-16 12:01:12,505] Trial 14 finished with value: 24.87689208984375 and parameters: {'gradient_clip_val': 0.1862184169657245, 'hidden_size': 97, 'dropout': 0.16361026081208985, 'hidden_continuous_size': 34, 'attention_head_size': 2, 'learning_rate': 0.013651826686575072}. Best is trial 4 with value: 16.449525833129883.
LOCAL_RANK: 0 - CUDA_VISIBLE_DEVICES: [0]
[I 2023-12-16 12:02:05,635] Trial 15 finished with value: 47.20722579956055 and parameters: {'gradient_clip_val': 0.12069561610916972, 'hidden_size': 47, 'dropout': 0.258871446338182, 'hidden_continuous_size': 16, 'attention_head_size': 2, 'learning_rate': 0.01504012303585766}. Best is trial 4 with value: 16.449525833129883.
LOCAL_RANK: 0 - CUDA_VISIBLE_DEVICES: [0]
[I 2023-12-16 12:02:53,576] Trial 16 finished with value: 69.32361602783203 and parameters: {'gradient_clip_val': 0.16576557851202164, 'hidden_size': 19, 'dropout': 0.24678131255394437, 'hidden_continuous_size': 7, 'attention_head_size': 2, 'learning_rate': 0.006854362494305611}. Best is trial 4 with value: 16.449525833129883.
LOCAL_RANK: 0 - CUDA_VISIBLE_DEVICES: [0]
[I 2023-12-16 12:03:47,561] Trial 17 finished with value: 30.860525131225586 and parameters: {'gradient_clip_val': 0.20474553820401348, 'hidden_size': 54, 'dropout': 0.14938424607696743, 'hidden_continuous_size': 22, 'attention_head_size': 3, 'learning_rate': 0.0031943700114515907}. Best is trial 4 with value: 16.449525833129883.
LOCAL_RANK: 0 - CUDA_VISIBLE_DEVICES: [0]
[I 2023-12-16 12:04:41,098] Trial 18 finished with value: 14.599266052246094 and parameters: {'gradient_clip_val': 0.10357423125172266, 'hidden_size': 54, 'dropout': 0.22997702165921144, 'hidden_continuous_size': 11, 'attention_head_size': 3, 'learning_rate': 0.0005036325747728266}. Best is trial 18 with value: 14.599266052246094.
LOCAL_RANK: 0 - CUDA_VISIBLE_DEVICES: [0]
[I 2023-12-16 12:05:31,647] Trial 19 finished with value: 28.93506622314453 and parameters: {'gradient_clip_val': 0.11279183939996051, 'hidden_size': 33, 'dropout': 0.2038560912602952, 'hidden_continuous_size': 9, 'attention_head_size': 3, 'learning_rate': 0.0005232484871889665}. Best is trial 18 with value: 14.599266052246094.
LOCAL_RANK: 0 - CUDA_VISIBLE_DEVICES: [0]
[I 2023-12-16 12:06:25,437] Trial 20 finished with value: 17.12759780883789 and parameters: {'gradient_clip_val': 0.10000331049208469, 'hidden_size': 53, 'dropout': 0.14649224162388536, 'hidden_continuous_size': 11, 'attention_head_size': 4, 'learning_rate': 0.0020923374334481334}. Best is trial 18 with value: 14.599266052246094.
LOCAL_RANK: 0 - CUDA_VISIBLE_DEVICES: [0]
[I 2023-12-16 12:07:19,465] Trial 21 finished with value: 52.9715690612793 and parameters: {'gradient_clip_val': 0.10187146320002007, 'hidden_size': 54, 'dropout': 0.13235481148164774, 'hidden_continuous_size': 11, 'attention_head_size': 4, 'learning_rate': 0.0019578902818707796}. Best is trial 18 with value: 14.599266052246094.
LOCAL_RANK: 0 - CUDA_VISIBLE_DEVICES: [0]
[I 2023-12-16 12:08:12,917] Trial 22 finished with value: 17.875167846679688 and parameters: {'gradient_clip_val': 0.13845391698748297, 'hidden_size': 41, 'dropout': 0.13240404183705326, 'hidden_continuous_size': 14, 'attention_head_size': 4, 'learning_rate': 0.0005900107838344915}. Best is trial 18 with value: 14.599266052246094.
LOCAL_RANK: 0 - CUDA_VISIBLE_DEVICES: [0]
[I 2023-12-16 12:09:03,092] Trial 23 finished with value: 24.70098876953125 and parameters: {'gradient_clip_val': 0.1016244419519403, 'hidden_size': 25, 'dropout': 0.18951969951559006, 'hidden_continuous_size': 10, 'attention_head_size': 3, 'learning_rate': 0.0008709430755982892}. Best is trial 18 with value: 14.599266052246094.
LOCAL_RANK: 0 - CUDA_VISIBLE_DEVICES: [0]
[I 2023-12-16 12:09:57,231] Trial 24 finished with value: 28.790937423706055 and parameters: {'gradient_clip_val': 0.13524107549823383, 'hidden_size': 56, 'dropout': 0.13074962567388487, 'hidden_continuous_size': 14, 'attention_head_size': 4, 'learning_rate': 0.0022974169960683433}. Best is trial 18 with value: 14.599266052246094.
LOCAL_RANK: 0 - CUDA_VISIBLE_DEVICES: [0]
[I 2023-12-16 12:10:48,727] Trial 25 finished with value: 11.9739990234375 and parameters: {'gradient_clip_val': 0.12688512562303708, 'hidden_size': 35, 'dropout': 0.10108984874213733, 'hidden_continuous_size': 10, 'attention_head_size': 3, 'learning_rate': 0.001434360179575611}. Best is trial 25 with value: 11.9739990234375.
LOCAL_RANK: 0 - CUDA_VISIBLE_DEVICES: [0]
[I 2023-12-16 12:11:39,304] Trial 26 finished with value: 28.64997673034668 and parameters: {'gradient_clip_val': 0.157271953427913, 'hidden_size': 35, 'dropout': 0.10384123225581869, 'hidden_continuous_size': 10, 'attention_head_size': 3, 'learning_rate': 0.0011496201357481842}. Best is trial 25 with value: 11.9739990234375.
LOCAL_RANK: 0 - CUDA_VISIBLE_DEVICES: [0]
[I 2023-12-16 12:12:29,229] Trial 27 finished with value: 20.720754623413086 and parameters: {'gradient_clip_val': 0.1261286991451828, 'hidden_size': 23, 'dropout': 0.11793850875856379, 'hidden_continuous_size': 9, 'attention_head_size': 3, 'learning_rate': 0.0008198763028794606}. Best is trial 25 with value: 11.9739990234375.
LOCAL_RANK: 0 - CUDA_VISIBLE_DEVICES: [0]
[I 2023-12-16 12:13:19,180] Trial 28 finished with value: 18.469343185424805 and parameters: {'gradient_clip_val': 0.1582612801419355, 'hidden_size': 31, 'dropout': 0.16706520132024533, 'hidden_continuous_size': 7, 'attention_head_size': 3, 'learning_rate': 0.0012948803894082966}. Best is trial 25 with value: 11.9739990234375.
LOCAL_RANK: 0 - CUDA_VISIBLE_DEVICES: [0]
[I 2023-12-16 12:14:12,089] Trial 29 finished with value: 17.185747146606445 and parameters: {'gradient_clip_val': 0.14052791614213078, 'hidden_size': 42, 'dropout': 0.1876118213946219, 'hidden_continuous_size': 16, 'attention_head_size': 3, 'learning_rate': 0.007104763869298243}. Best is trial 25 with value: 11.9739990234375.
LOCAL_RANK: 0 - CUDA_VISIBLE_DEVICES: [0]
[I 2023-12-16 12:15:05,588] Trial 30 finished with value: 14.773301124572754 and parameters: {'gradient_clip_val': 0.127717979515522, 'hidden_size': 65, 'dropout': 0.22180114054834138, 'hidden_continuous_size': 13, 'attention_head_size': 2, 'learning_rate': 0.0006601969776599288}. Best is trial 25 with value: 11.9739990234375.
LOCAL_RANK: 0 - CUDA_VISIBLE_DEVICES: [0]
[I 2023-12-16 12:15:58,460] Trial 31 finished with value: 16.19051742553711 and parameters: {'gradient_clip_val': 0.12082569030189937, 'hidden_size': 64, 'dropout': 0.2204173866574867, 'hidden_continuous_size': 13, 'attention_head_size': 2, 'learning_rate': 0.0006549226689919136}. Best is trial 25 with value: 11.9739990234375.
LOCAL_RANK: 0 - CUDA_VISIBLE_DEVICES: [0]
[I 2023-12-16 12:16:52,895] Trial 32 finished with value: 27.3809814453125 and parameters: {'gradient_clip_val': 0.12245424839962561, 'hidden_size': 69, 'dropout': 0.22595419723171672, 'hidden_continuous_size': 13, 'attention_head_size': 2, 'learning_rate': 0.0006400279098021335}. Best is trial 25 with value: 11.9739990234375.
LOCAL_RANK: 0 - CUDA_VISIBLE_DEVICES: [0]
[I 2023-12-16 12:17:47,850] Trial 33 finished with value: 16.16279411315918 and parameters: {'gradient_clip_val': 0.11940565020338785, 'hidden_size': 82, 'dropout': 0.21431493069468488, 'hidden_continuous_size': 17, 'attention_head_size': 2, 'learning_rate': 0.0007234029551427396}. Best is trial 25 with value: 11.9739990234375.
LOCAL_RANK: 0 - CUDA_VISIBLE_DEVICES: [0]
[I 2023-12-16 12:18:41,360] Trial 34 finished with value: 18.765058517456055 and parameters: {'gradient_clip_val': 0.11345575228349818, 'hidden_size': 80, 'dropout': 0.185269030373189, 'hidden_continuous_size': 17, 'attention_head_size': 1, 'learning_rate': 0.0005128115965436495}. Best is trial 25 with value: 11.9739990234375.
LOCAL_RANK: 0 - CUDA_VISIBLE_DEVICES: [0]
[I 2023-12-16 12:19:36,198] Trial 35 finished with value: 30.002456665039062 and parameters: {'gradient_clip_val': 0.13831700922570486, 'hidden_size': 87, 'dropout': 0.22684432509315075, 'hidden_continuous_size': 24, 'attention_head_size': 2, 'learning_rate': 0.001393241656756522}. Best is trial 25 with value: 11.9739990234375.
LOCAL_RANK: 0 - CUDA_VISIBLE_DEVICES: [0]
[I 2023-12-16 12:20:29,816] Trial 36 finished with value: 14.526043891906738 and parameters: {'gradient_clip_val': 0.16990789728307737, 'hidden_size': 62, 'dropout': 0.2076224266412344, 'hidden_continuous_size': 12, 'attention_head_size': 1, 'learning_rate': 0.0007906311633893906}. Best is trial 25 with value: 11.9739990234375.
LOCAL_RANK: 0 - CUDA_VISIBLE_DEVICES: [0]
[I 2023-12-16 12:21:23,787] Trial 37 finished with value: 18.54008674621582 and parameters: {'gradient_clip_val': 0.17193222106053374, 'hidden_size': 62, 'dropout': 0.20577561900639252, 'hidden_continuous_size': 12, 'attention_head_size': 1, 'learning_rate': 0.0009168181986903798}. Best is trial 25 with value: 11.9739990234375.
LOCAL_RANK: 0 - CUDA_VISIBLE_DEVICES: [0]
[I 2023-12-16 12:22:17,475] Trial 38 finished with value: 22.082319259643555 and parameters: {'gradient_clip_val': 0.1472509203369541, 'hidden_size': 49, 'dropout': 0.2813136608325344, 'hidden_continuous_size': 10, 'attention_head_size': 1, 'learning_rate': 0.0010719892601052023}. Best is trial 25 with value: 11.9739990234375.
LOCAL_RANK: 0 - CUDA_VISIBLE_DEVICES: [0]
[I 2023-12-16 12:23:09,009] Trial 39 finished with value: 20.748615264892578 and parameters: {'gradient_clip_val': 0.17483210147483136, 'hidden_size': 39, 'dropout': 0.2317823369679901, 'hidden_continuous_size': 12, 'attention_head_size': 1, 'learning_rate': 0.0007841348787808488}. Best is trial 25 with value: 11.9739990234375.
LOCAL_RANK: 0 - CUDA_VISIBLE_DEVICES: [0]
[I 2023-12-16 12:24:02,242] Trial 40 finished with value: 35.43251419067383 and parameters: {'gradient_clip_val': 0.1469879137235383, 'hidden_size': 61, 'dropout': 0.197507903361013, 'hidden_continuous_size': 8, 'attention_head_size': 1, 'learning_rate': 0.0015231651167977084}. Best is trial 25 with value: 11.9739990234375.
LOCAL_RANK: 0 - CUDA_VISIBLE_DEVICES: [0]
[I 2023-12-16 12:24:56,511] Trial 41 finished with value: 40.57606887817383 and parameters: {'gradient_clip_val': 0.11230069373321251, 'hidden_size': 80, 'dropout': 0.21791918267281662, 'hidden_continuous_size': 18, 'attention_head_size': 2, 'learning_rate': 0.0007449558649701988}. Best is trial 25 with value: 11.9739990234375.
LOCAL_RANK: 0 - CUDA_VISIBLE_DEVICES: [0]
[I 2023-12-16 12:25:50,530] Trial 42 finished with value: 24.64916229248047 and parameters: {'gradient_clip_val': 0.12792145472592473, 'hidden_size': 73, 'dropout': 0.18018366717180942, 'hidden_continuous_size': 14, 'attention_head_size': 2, 'learning_rate': 0.0005064380628785266}. Best is trial 25 with value: 11.9739990234375.
LOCAL_RANK: 0 - CUDA_VISIBLE_DEVICES: [0]
[I 2023-12-16 12:26:45,015] Trial 43 finished with value: 11.9677095413208 and parameters: {'gradient_clip_val': 0.12773873639522892, 'hidden_size': 61, 'dropout': 0.210465676285037, 'hidden_continuous_size': 15, 'attention_head_size': 3, 'learning_rate': 0.0010806644152379092}. Best is trial 43 with value: 11.9677095413208.
LOCAL_RANK: 0 - CUDA_VISIBLE_DEVICES: [0]
[I 2023-12-16 12:27:37,698] Trial 44 finished with value: 18.367380142211914 and parameters: {'gradient_clip_val': 0.15319451470110376, 'hidden_size': 48, 'dropout': 0.20117416824647866, 'hidden_continuous_size': 15, 'attention_head_size': 3, 'learning_rate': 0.0010738388500435064}. Best is trial 43 with value: 11.9677095413208.
LOCAL_RANK: 0 - CUDA_VISIBLE_DEVICES: [0]
[I 2023-12-16 12:28:31,865] Trial 45 finished with value: 10.960558891296387 and parameters: {'gradient_clip_val': 0.13397153650937077, 'hidden_size': 63, 'dropout': 0.23650892910893476, 'hidden_continuous_size': 11, 'attention_head_size': 3, 'learning_rate': 0.001440212176027744}. Best is trial 45 with value: 10.960558891296387.
LOCAL_RANK: 0 - CUDA_VISIBLE_DEVICES: [0]
[I 2023-12-16 12:29:25,638] Trial 46 finished with value: 18.560861587524414 and parameters: {'gradient_clip_val': 0.10716067177910277, 'hidden_size': 46, 'dropout': 0.23846496715938087, 'hidden_continuous_size': 11, 'attention_head_size': 3, 'learning_rate': 0.0015924718068000999}. Best is trial 45 with value: 10.960558891296387.
LOCAL_RANK: 0 - CUDA_VISIBLE_DEVICES: [0]
[I 2023-12-16 12:30:18,608] Trial 47 finished with value: 18.254653930664062 and parameters: {'gradient_clip_val': 0.23618638311323975, 'hidden_size': 39, 'dropout': 0.26344331631733925, 'hidden_continuous_size': 12, 'attention_head_size': 3, 'learning_rate': 0.0012663540597750548}. Best is trial 45 with value: 10.960558891296387.
LOCAL_RANK: 0 - CUDA_VISIBLE_DEVICES: [0]
[I 2023-12-16 12:31:10,994] Trial 48 finished with value: 24.86277198791504 and parameters: {'gradient_clip_val': 0.17630203291378146, 'hidden_size': 58, 'dropout': 0.24035412058343172, 'hidden_continuous_size': 6, 'attention_head_size': 3, 'learning_rate': 0.0024926717732435344}. Best is trial 45 with value: 10.960558891296387.
LOCAL_RANK: 0 - CUDA_VISIBLE_DEVICES: [0]
[I 2023-12-16 12:32:04,504] Trial 49 finished with value: 18.785245895385742 and parameters: {'gradient_clip_val': 0.1109432892232573, 'hidden_size': 47, 'dropout': 0.16425663394856627, 'hidden_continuous_size': 9, 'attention_head_size': 3, 'learning_rate': 0.0017230971853591612}. Best is trial 45 with value: 10.960558891296387.
[I 2023-12-16 12:32:04,597] A new study created in memory with name: no-name-b4357f00-8feb-42d2-8a35-9abc3a2e58de
/home/le004/conda/anaconda3/envs/tsff_env/lib/python3.9/site-packages/lightning/fabric/plugins/environments/slurm.py:191: The `srun` command is available on your system but is not used. HINT: If your intention is to run Lightning on SLURM, prepend your python command with `srun` like so: srun python /home/le004/master_thesis/git/TSFusionForecast/code/ ...
LOCAL_RANK: 0 - CUDA_VISIBLE_DEVICES: [0]
[I 2023-12-16 12:32:50,261] Trial 0 finished with value: 845.2962036132812 and parameters: {'gradient_clip_val': 0.7269145064494589, 'hidden_size': 7, 'dropout': 0.35408887056277605, 'hidden_continuous_size': 6, 'attention_head_size': 2, 'learning_rate': 0.055566141760579044}. Best is trial 0 with value: 845.2962036132812.
LOCAL_RANK: 0 - CUDA_VISIBLE_DEVICES: [0]
