[I 2023-12-16 09:40:23,085] Trial 21 finished with value: 7.518120288848877 and parameters: {'gradient_clip_val': 0.2513323106582797, 'hidden_size': 31, 'dropout': 0.2685161983985223, 'hidden_continuous_size': 9, 'attention_head_size': 1, 'learning_rate': 0.007567334542376052}. Best is trial 19 with value: 6.882829189300537.
LOCAL_RANK: 0 - CUDA_VISIBLE_DEVICES: [0]
[I 2023-12-16 09:41:10,496] Trial 22 finished with value: 11.65130615234375 and parameters: {'gradient_clip_val': 0.3291065751615379, 'hidden_size': 28, 'dropout': 0.27317656742386565, 'hidden_continuous_size': 10, 'attention_head_size': 1, 'learning_rate': 0.004787451202358341}. Best is trial 19 with value: 6.882829189300537.
LOCAL_RANK: 0 - CUDA_VISIBLE_DEVICES: [0]
[I 2023-12-16 09:42:01,482] Trial 23 finished with value: 5.253050804138184 and parameters: {'gradient_clip_val': 0.2014585117925117, 'hidden_size': 43, 'dropout': 0.26570586216138137, 'hidden_continuous_size': 9, 'attention_head_size': 1, 'learning_rate': 0.007650623217294988}. Best is trial 23 with value: 5.253050804138184.
LOCAL_RANK: 0 - CUDA_VISIBLE_DEVICES: [0]
[I 2023-12-16 09:42:52,799] Trial 24 finished with value: 16.841833114624023 and parameters: {'gradient_clip_val': 0.19282347232949215, 'hidden_size': 43, 'dropout': 0.2734607620308836, 'hidden_continuous_size': 10, 'attention_head_size': 1, 'learning_rate': 0.007153255255470857}. Best is trial 23 with value: 5.253050804138184.
LOCAL_RANK: 0 - CUDA_VISIBLE_DEVICES: [0]
[I 2023-12-16 09:43:30,032] Trial 25 finished with value: 13.340164184570312 and parameters: {'gradient_clip_val': 0.160412006601645, 'hidden_size': 100, 'dropout': 0.31192523341012574, 'hidden_continuous_size': 100, 'attention_head_size': 2, 'learning_rate': 0.011925874626896489}. Best is trial 23 with value: 5.253050804138184.
LOCAL_RANK: 0 - CUDA_VISIBLE_DEVICES: [0]
[I 2023-12-16 09:44:22,333] Trial 26 finished with value: 9.05290699005127 and parameters: {'gradient_clip_val': 0.21766479317233053, 'hidden_size': 59, 'dropout': 0.27815468188976195, 'hidden_continuous_size': 14, 'attention_head_size': 1, 'learning_rate': 0.006794159054425439}. Best is trial 23 with value: 5.253050804138184.
LOCAL_RANK: 0 - CUDA_VISIBLE_DEVICES: [0]
[I 2023-12-16 09:45:12,422] Trial 27 finished with value: 8.773782730102539 and parameters: {'gradient_clip_val': 0.26583259134693793, 'hidden_size': 38, 'dropout': 0.22408682729989554, 'hidden_continuous_size': 9, 'attention_head_size': 2, 'learning_rate': 0.01890818770350396}. Best is trial 23 with value: 5.253050804138184.
LOCAL_RANK: 0 - CUDA_VISIBLE_DEVICES: [0]
[I 2023-12-16 09:46:04,157] Trial 28 finished with value: 10.549941062927246 and parameters: {'gradient_clip_val': 0.21241014812697262, 'hidden_size': 50, 'dropout': 0.2543869814770276, 'hidden_continuous_size': 12, 'attention_head_size': 1, 'learning_rate': 0.008209258685638036}. Best is trial 23 with value: 5.253050804138184.
LOCAL_RANK: 0 - CUDA_VISIBLE_DEVICES: [0]
[I 2023-12-16 09:46:53,344] Trial 29 finished with value: 9.723380088806152 and parameters: {'gradient_clip_val': 0.17917392851418487, 'hidden_size': 40, 'dropout': 0.19374242064587596, 'hidden_continuous_size': 8, 'attention_head_size': 3, 'learning_rate': 0.012228213528346629}. Best is trial 23 with value: 5.253050804138184.
LOCAL_RANK: 0 - CUDA_VISIBLE_DEVICES: [0]
[I 2023-12-16 09:47:42,490] Trial 30 finished with value: 13.317436218261719 and parameters: {'gradient_clip_val': 0.2681773141195597, 'hidden_size': 44, 'dropout': 0.2922463203468159, 'hidden_continuous_size': 6, 'attention_head_size': 1, 'learning_rate': 0.005326797531161796}. Best is trial 23 with value: 5.253050804138184.
LOCAL_RANK: 0 - CUDA_VISIBLE_DEVICES: [0]
[I 2023-12-16 09:48:30,440] Trial 31 finished with value: 7.183014392852783 and parameters: {'gradient_clip_val': 0.3488129610463649, 'hidden_size': 29, 'dropout': 0.23465324290049702, 'hidden_continuous_size': 7, 'attention_head_size': 1, 'learning_rate': 0.0026910183272020978}. Best is trial 23 with value: 5.253050804138184.
LOCAL_RANK: 0 - CUDA_VISIBLE_DEVICES: [0]
[I 2023-12-16 09:49:17,628] Trial 32 finished with value: 10.446198463439941 and parameters: {'gradient_clip_val': 0.34776908366338716, 'hidden_size': 32, 'dropout': 0.234154696685744, 'hidden_continuous_size': 9, 'attention_head_size': 1, 'learning_rate': 0.003712565653140868}. Best is trial 23 with value: 5.253050804138184.
LOCAL_RANK: 0 - CUDA_VISIBLE_DEVICES: [0]
[I 2023-12-16 09:50:05,221] Trial 33 finished with value: 7.144767761230469 and parameters: {'gradient_clip_val': 0.2755507290629696, 'hidden_size': 21, 'dropout': 0.2668521677001015, 'hidden_continuous_size': 8, 'attention_head_size': 1, 'learning_rate': 0.008762329932591996}. Best is trial 23 with value: 5.253050804138184.
LOCAL_RANK: 0 - CUDA_VISIBLE_DEVICES: [0]
[I 2023-12-16 09:50:53,338] Trial 34 finished with value: 7.444034099578857 and parameters: {'gradient_clip_val': 0.1374851506470703, 'hidden_size': 23, 'dropout': 0.22249822146188492, 'hidden_continuous_size': 8, 'attention_head_size': 2, 'learning_rate': 0.01983580958427644}. Best is trial 23 with value: 5.253050804138184.
LOCAL_RANK: 0 - CUDA_VISIBLE_DEVICES: [0]
[I 2023-12-16 09:51:38,751] Trial 35 finished with value: 16.24968147277832 and parameters: {'gradient_clip_val': 0.3630906120306347, 'hidden_size': 17, 'dropout': 0.2603595686839651, 'hidden_continuous_size': 8, 'attention_head_size': 1, 'learning_rate': 0.006471036419979155}. Best is trial 23 with value: 5.253050804138184.
LOCAL_RANK: 0 - CUDA_VISIBLE_DEVICES: [0]
[I 2023-12-16 09:52:27,422] Trial 36 finished with value: 6.409506320953369 and parameters: {'gradient_clip_val': 0.46707238427362924, 'hidden_size': 25, 'dropout': 0.24666492763088643, 'hidden_continuous_size': 7, 'attention_head_size': 2, 'learning_rate': 0.009902555631288371}. Best is trial 23 with value: 5.253050804138184.
LOCAL_RANK: 0 - CUDA_VISIBLE_DEVICES: [0]
[I 2023-12-16 09:53:13,470] Trial 37 finished with value: 8.1393404006958 and parameters: {'gradient_clip_val': 0.4679088677577369, 'hidden_size': 17, 'dropout': 0.310002106414436, 'hidden_continuous_size': 7, 'attention_head_size': 2, 'learning_rate': 0.01040898792962167}. Best is trial 23 with value: 5.253050804138184.
LOCAL_RANK: 0 - CUDA_VISIBLE_DEVICES: [0]
[I 2023-12-16 09:54:02,304] Trial 38 finished with value: 9.766088485717773 and parameters: {'gradient_clip_val': 0.5292578742935761, 'hidden_size': 35, 'dropout': 0.2879920945748862, 'hidden_continuous_size': 5, 'attention_head_size': 3, 'learning_rate': 0.01127968514497806}. Best is trial 23 with value: 5.253050804138184.
LOCAL_RANK: 0 - CUDA_VISIBLE_DEVICES: [0]
[I 2023-12-16 09:54:49,756] Trial 39 finished with value: 13.08073902130127 and parameters: {'gradient_clip_val': 0.6319966024296176, 'hidden_size': 24, 'dropout': 0.2441230142049708, 'hidden_continuous_size': 10, 'attention_head_size': 2, 'learning_rate': 0.0183562414331383}. Best is trial 23 with value: 5.253050804138184.
LOCAL_RANK: 0 - CUDA_VISIBLE_DEVICES: [0]
[I 2023-12-16 09:55:36,342] Trial 40 finished with value: 10.1879301071167 and parameters: {'gradient_clip_val': 0.275252257317001, 'hidden_size': 20, 'dropout': 0.2633253771342204, 'hidden_continuous_size': 9, 'attention_head_size': 2, 'learning_rate': 0.032245230131551096}. Best is trial 23 with value: 5.253050804138184.
LOCAL_RANK: 0 - CUDA_VISIBLE_DEVICES: [0]
[I 2023-12-16 09:56:25,046] Trial 41 finished with value: 9.215971946716309 and parameters: {'gradient_clip_val': 0.3592641598403641, 'hidden_size': 29, 'dropout': 0.23827672311119058, 'hidden_continuous_size': 7, 'attention_head_size': 1, 'learning_rate': 0.015302082661591518}. Best is trial 23 with value: 5.253050804138184.
LOCAL_RANK: 0 - CUDA_VISIBLE_DEVICES: [0]
[I 2023-12-16 09:57:12,998] Trial 42 finished with value: 8.522189140319824 and parameters: {'gradient_clip_val': 0.3870496996546711, 'hidden_size': 25, 'dropout': 0.2806496472078577, 'hidden_continuous_size': 6, 'attention_head_size': 1, 'learning_rate': 0.008784877313871535}. Best is trial 23 with value: 5.253050804138184.
LOCAL_RANK: 0 - CUDA_VISIBLE_DEVICES: [0]
[I 2023-12-16 09:58:01,563] Trial 43 finished with value: 21.14274787902832 and parameters: {'gradient_clip_val': 0.30271873420601464, 'hidden_size': 32, 'dropout': 0.24329478793241419, 'hidden_continuous_size': 8, 'attention_head_size': 4, 'learning_rate': 0.005947945272794714}. Best is trial 23 with value: 5.253050804138184.
LOCAL_RANK: 0 - CUDA_VISIBLE_DEVICES: [0]
[I 2023-12-16 09:58:50,710] Trial 44 finished with value: 8.510208129882812 and parameters: {'gradient_clip_val': 0.28283430074499316, 'hidden_size': 38, 'dropout': 0.2623833392006862, 'hidden_continuous_size': 6, 'attention_head_size': 2, 'learning_rate': 0.003938738255992628}. Best is trial 23 with value: 5.253050804138184.
LOCAL_RANK: 0 - CUDA_VISIBLE_DEVICES: [0]
[I 2023-12-16 09:59:38,918] Trial 45 finished with value: 8.980753898620605 and parameters: {'gradient_clip_val': 0.43126888280998704, 'hidden_size': 25, 'dropout': 0.2125431363979245, 'hidden_continuous_size': 10, 'attention_head_size': 1, 'learning_rate': 0.006278330532496735}. Best is trial 23 with value: 5.253050804138184.
LOCAL_RANK: 0 - CUDA_VISIBLE_DEVICES: [0]
[I 2023-12-16 10:00:24,928] Trial 46 finished with value: 17.508953094482422 and parameters: {'gradient_clip_val': 0.23856332989900095, 'hidden_size': 20, 'dropout': 0.1939729861045346, 'hidden_continuous_size': 7, 'attention_head_size': 1, 'learning_rate': 0.002007213179508717}. Best is trial 23 with value: 5.253050804138184.
LOCAL_RANK: 0 - CUDA_VISIBLE_DEVICES: [0]
[I 2023-12-16 10:01:11,847] Trial 47 finished with value: 7.999022960662842 and parameters: {'gradient_clip_val': 0.33201102028707746, 'hidden_size': 32, 'dropout': 0.2501506048865428, 'hidden_continuous_size': 5, 'attention_head_size': 2, 'learning_rate': 0.004403131157200304}. Best is trial 23 with value: 5.253050804138184.
LOCAL_RANK: 0 - CUDA_VISIBLE_DEVICES: [0]
[I 2023-12-16 10:01:59,889] Trial 48 finished with value: 17.59493064880371 and parameters: {'gradient_clip_val': 0.38410184889339694, 'hidden_size': 27, 'dropout': 0.29978305971977587, 'hidden_continuous_size': 8, 'attention_head_size': 1, 'learning_rate': 0.003172610869908571}. Best is trial 23 with value: 5.253050804138184.
LOCAL_RANK: 0 - CUDA_VISIBLE_DEVICES: [0]
[I 2023-12-16 10:02:44,905] Trial 49 finished with value: 14.16735553741455 and parameters: {'gradient_clip_val': 0.2910478265880216, 'hidden_size': 14, 'dropout': 0.23089040341401662, 'hidden_continuous_size': 7, 'attention_head_size': 1, 'learning_rate': 0.0052553903251259075}. Best is trial 23 with value: 5.253050804138184.
[I 2023-12-16 10:02:45,002] A new study created in memory with name: no-name-9b6665bc-09d5-46d6-91af-c681450cdc08
/home/le004/conda/anaconda3/envs/tsff_env/lib/python3.9/site-packages/lightning/fabric/plugins/environments/slurm.py:191: The `srun` command is available on your system but is not used. HINT: If your intention is to run Lightning on SLURM, prepend your python command with `srun` like so: srun python /home/le004/master_thesis/git/TSFusionForecast/code/ ...
LOCAL_RANK: 0 - CUDA_VISIBLE_DEVICES: [0]
[I 2023-12-16 10:03:37,201] Trial 0 finished with value: 187.5301055908203 and parameters: {'gradient_clip_val': 0.8963106590981359, 'hidden_size': 52, 'dropout': 0.2661505682097469, 'hidden_continuous_size': 11, 'attention_head_size': 3, 'learning_rate': 0.0007557183751894614}. Best is trial 0 with value: 187.5301055908203.
LOCAL_RANK: 0 - CUDA_VISIBLE_DEVICES: [0]
[I 2023-12-16 10:04:24,577] Trial 1 finished with value: 253.1861114501953 and parameters: {'gradient_clip_val': 0.5988613223991776, 'hidden_size': 22, 'dropout': 0.2028653724681387, 'hidden_continuous_size': 6, 'attention_head_size': 2, 'learning_rate': 0.006072265125015912}. Best is trial 0 with value: 187.5301055908203.
LOCAL_RANK: 0 - CUDA_VISIBLE_DEVICES: [0]
[I 2023-12-16 10:05:15,593] Trial 2 finished with value: 164.7093963623047 and parameters: {'gradient_clip_val': 0.22431442902989726, 'hidden_size': 44, 'dropout': 0.11464999120107677, 'hidden_continuous_size': 12, 'attention_head_size': 1, 'learning_rate': 0.00669785105722958}. Best is trial 2 with value: 164.7093963623047.
LOCAL_RANK: 0 - CUDA_VISIBLE_DEVICES: [0]
[I 2023-12-16 10:06:04,830] Trial 3 finished with value: 139.80384826660156 and parameters: {'gradient_clip_val': 0.431795083934226, 'hidden_size': 44, 'dropout': 0.24885766586350924, 'hidden_continuous_size': 6, 'attention_head_size': 2, 'learning_rate': 0.0023868079544750284}. Best is trial 3 with value: 139.80384826660156.
LOCAL_RANK: 0 - CUDA_VISIBLE_DEVICES: [0]
[I 2023-12-16 10:06:56,542] Trial 4 finished with value: 196.05210876464844 and parameters: {'gradient_clip_val': 0.11965942593811058, 'hidden_size': 56, 'dropout': 0.3114559695335014, 'hidden_continuous_size': 11, 'attention_head_size': 2, 'learning_rate': 0.002300733197998018}. Best is trial 3 with value: 139.80384826660156.
LOCAL_RANK: 0 - CUDA_VISIBLE_DEVICES: [0]
[I 2023-12-16 10:07:44,793] Trial 5 finished with value: 194.1336212158203 and parameters: {'gradient_clip_val': 0.23886837757123996, 'hidden_size': 17, 'dropout': 0.35858191380949056, 'hidden_continuous_size': 15, 'attention_head_size': 4, 'learning_rate': 0.02063854794168492}. Best is trial 3 with value: 139.80384826660156.
LOCAL_RANK: 0 - CUDA_VISIBLE_DEVICES: [0]
[I 2023-12-16 10:08:31,531] Trial 6 finished with value: 177.1735382080078 and parameters: {'gradient_clip_val': 0.7192504755957263, 'hidden_size': 20, 'dropout': 0.23033403178219916, 'hidden_continuous_size': 16, 'attention_head_size': 1, 'learning_rate': 0.07055710855156859}. Best is trial 3 with value: 139.80384826660156.
LOCAL_RANK: 0 - CUDA_VISIBLE_DEVICES: [0]
[I 2023-12-16 10:09:19,998] Trial 7 finished with value: 200.1038360595703 and parameters: {'gradient_clip_val': 0.30076574920691607, 'hidden_size': 30, 'dropout': 0.20926809380873665, 'hidden_continuous_size': 11, 'attention_head_size': 2, 'learning_rate': 0.06993679547811348}. Best is trial 3 with value: 139.80384826660156.
LOCAL_RANK: 0 - CUDA_VISIBLE_DEVICES: [0]
[I 2023-12-16 10:10:11,021] Trial 8 finished with value: 191.8751983642578 and parameters: {'gradient_clip_val': 0.10202984253672841, 'hidden_size': 54, 'dropout': 0.26538099120040726, 'hidden_continuous_size': 7, 'attention_head_size': 1, 'learning_rate': 0.09807020513267149}. Best is trial 3 with value: 139.80384826660156.
LOCAL_RANK: 0 - CUDA_VISIBLE_DEVICES: [0]
[I 2023-12-16 10:10:55,224] Trial 9 finished with value: 105.11978149414062 and parameters: {'gradient_clip_val': 0.11856095768200027, 'hidden_size': 12, 'dropout': 0.21659630452991802, 'hidden_continuous_size': 7, 'attention_head_size': 3, 'learning_rate': 0.003240213651688074}. Best is trial 9 with value: 105.11978149414062.
LOCAL_RANK: 0 - CUDA_VISIBLE_DEVICES: [0]
[I 2023-12-16 10:11:40,510] Trial 10 finished with value: 168.32765197753906 and parameters: {'gradient_clip_val': 0.15895536465409812, 'hidden_size': 7, 'dropout': 0.3980295027688329, 'hidden_continuous_size': 5, 'attention_head_size': 4, 'learning_rate': 0.0005614429452086802}. Best is trial 9 with value: 105.11978149414062.
LOCAL_RANK: 0 - CUDA_VISIBLE_DEVICES: [0]
[I 2023-12-16 10:12:35,790] Trial 11 finished with value: 291.0252685546875 and parameters: {'gradient_clip_val': 0.4487434856781225, 'hidden_size': 90, 'dropout': 0.16800325646675357, 'hidden_continuous_size': 33, 'attention_head_size': 3, 'learning_rate': 0.002175161583542898}. Best is trial 9 with value: 105.11978149414062.
LOCAL_RANK: 0 - CUDA_VISIBLE_DEVICES: [0]
[I 2023-12-16 10:13:21,289] Trial 12 finished with value: 115.72134399414062 and parameters: {'gradient_clip_val': 0.41689278920494666, 'hidden_size': 9, 'dropout': 0.2912350801664396, 'hidden_continuous_size': 6, 'attention_head_size': 3, 'learning_rate': 0.0022978883983214918}. Best is trial 9 with value: 105.11978149414062.
LOCAL_RANK: 0 - CUDA_VISIBLE_DEVICES: [0]
[I 2023-12-16 10:14:06,245] Trial 13 finished with value: 169.4051055908203 and parameters: {'gradient_clip_val': 0.18013280453117708, 'hidden_size': 9, 'dropout': 0.3056458599354908, 'hidden_continuous_size': 5, 'attention_head_size': 3, 'learning_rate': 0.00116578173531907}. Best is trial 9 with value: 105.11978149414062.
LOCAL_RANK: 0 - CUDA_VISIBLE_DEVICES: [0]
[I 2023-12-16 10:14:40,582] Trial 14 finished with value: 112.5346450805664 and parameters: {'gradient_clip_val': 0.3852853719617494, 'hidden_size': 5, 'dropout': 0.17460275544564632, 'hidden_continuous_size': 5, 'attention_head_size': 4, 'learning_rate': 0.004383058694845039}. Best is trial 9 with value: 105.11978149414062.
LOCAL_RANK: 0 - CUDA_VISIBLE_DEVICES: [0]
[I 2023-12-16 10:15:14,442] Trial 15 finished with value: 63.599273681640625 and parameters: {'gradient_clip_val': 0.32213367628006856, 'hidden_size': 5, 'dropout': 0.16235819823216388, 'hidden_continuous_size': 5, 'attention_head_size': 4, 'learning_rate': 0.012572164241959638}. Best is trial 15 with value: 63.599273681640625.
LOCAL_RANK: 0 - CUDA_VISIBLE_DEVICES: [0]
[I 2023-12-16 10:15:48,710] Trial 16 finished with value: 185.333740234375 and parameters: {'gradient_clip_val': 0.14515702872142605, 'hidden_size': 5, 'dropout': 0.12386435063280495, 'hidden_continuous_size': 5, 'attention_head_size': 4, 'learning_rate': 0.017404848896260344}. Best is trial 15 with value: 63.599273681640625.
LOCAL_RANK: 0 - CUDA_VISIBLE_DEVICES: [0]
[I 2023-12-16 10:16:34,306] Trial 17 finished with value: 69.0286865234375 and parameters: {'gradient_clip_val': 0.27845872347562245, 'hidden_size': 13, 'dropout': 0.1717975954090615, 'hidden_continuous_size': 7, 'attention_head_size': 4, 'learning_rate': 0.012844671663174064}. Best is trial 15 with value: 63.599273681640625.
LOCAL_RANK: 0 - CUDA_VISIBLE_DEVICES: [0]
[I 2023-12-16 10:17:20,265] Trial 18 finished with value: 348.8394775390625 and parameters: {'gradient_clip_val': 0.30220638486665263, 'hidden_size': 14, 'dropout': 0.14923191681066164, 'hidden_continuous_size': 7, 'attention_head_size': 4, 'learning_rate': 0.013563968870998769}. Best is trial 15 with value: 63.599273681640625.
LOCAL_RANK: 0 - CUDA_VISIBLE_DEVICES: [0]
[I 2023-12-16 10:18:05,695] Trial 19 finished with value: 183.7052001953125 and parameters: {'gradient_clip_val': 0.21644657782355983, 'hidden_size': 7, 'dropout': 0.10076003952460572, 'hidden_continuous_size': 5, 'attention_head_size': 4, 'learning_rate': 0.010681124425220342}. Best is trial 15 with value: 63.599273681640625.
LOCAL_RANK: 0 - CUDA_VISIBLE_DEVICES: [0]
[I 2023-12-16 10:18:50,099] Trial 20 finished with value: 63.195072174072266 and parameters: {'gradient_clip_val': 0.2866185648226155, 'hidden_size': 12, 'dropout': 0.15096684901483123, 'hidden_continuous_size': 6, 'attention_head_size': 4, 'learning_rate': 0.029331783309244013}. Best is trial 20 with value: 63.195072174072266.
LOCAL_RANK: 0 - CUDA_VISIBLE_DEVICES: [0]
[I 2023-12-16 10:19:35,970] Trial 21 finished with value: 37.4640007019043 and parameters: {'gradient_clip_val': 0.28961059615686613, 'hidden_size': 14, 'dropout': 0.1466067000254679, 'hidden_continuous_size': 6, 'attention_head_size': 4, 'learning_rate': 0.02812038363465623}. Best is trial 21 with value: 37.4640007019043.
LOCAL_RANK: 0 - CUDA_VISIBLE_DEVICES: [0]
[I 2023-12-16 10:20:21,518] Trial 22 finished with value: 180.3021240234375 and parameters: {'gradient_clip_val': 0.3451702219863126, 'hidden_size': 10, 'dropout': 0.13984252252481114, 'hidden_continuous_size': 6, 'attention_head_size': 4, 'learning_rate': 0.030891724116556253}. Best is trial 21 with value: 37.4640007019043.
LOCAL_RANK: 0 - CUDA_VISIBLE_DEVICES: [0]
[I 2023-12-16 10:21:06,747] Trial 23 finished with value: 264.3888244628906 and parameters: {'gradient_clip_val': 0.2511927882130026, 'hidden_size': 7, 'dropout': 0.14258513023665187, 'hidden_continuous_size': 5, 'attention_head_size': 3, 'learning_rate': 0.03164194948230827}. Best is trial 21 with value: 37.4640007019043.
LOCAL_RANK: 0 - CUDA_VISIBLE_DEVICES: [0]
[I 2023-12-16 10:21:52,594] Trial 24 finished with value: 125.68592071533203 and parameters: {'gradient_clip_val': 0.35507781103173747, 'hidden_size': 15, 'dropout': 0.18697647257244476, 'hidden_continuous_size': 6, 'attention_head_size': 4, 'learning_rate': 0.03181691390268284}. Best is trial 21 with value: 37.4640007019043.
LOCAL_RANK: 0 - CUDA_VISIBLE_DEVICES: [0]
[I 2023-12-16 10:22:37,927] Trial 25 finished with value: 309.8721618652344 and parameters: {'gradient_clip_val': 0.20397141992448276, 'hidden_size': 10, 'dropout': 0.1554668914219355, 'hidden_continuous_size': 6, 'attention_head_size': 4, 'learning_rate': 0.01031880040460184}. Best is trial 21 with value: 37.4640007019043.
LOCAL_RANK: 0 - CUDA_VISIBLE_DEVICES: [0]
[I 2023-12-16 10:23:26,034] Trial 26 finished with value: 219.6212615966797 and parameters: {'gradient_clip_val': 0.27452852952567885, 'hidden_size': 21, 'dropout': 0.19051037742035942, 'hidden_continuous_size': 8, 'attention_head_size': 3, 'learning_rate': 0.021736454591426525}. Best is trial 21 with value: 37.4640007019043.
LOCAL_RANK: 0 - CUDA_VISIBLE_DEVICES: [0]
[I 2023-12-16 10:24:00,891] Trial 27 finished with value: 341.1279602050781 and parameters: {'gradient_clip_val': 0.31876962814829596, 'hidden_size': 5, 'dropout': 0.12507036207752398, 'hidden_continuous_size': 5, 'attention_head_size': 4, 'learning_rate': 0.046411518166570506}. Best is trial 21 with value: 37.4640007019043.
LOCAL_RANK: 0 - CUDA_VISIBLE_DEVICES: [0]
[I 2023-12-16 10:24:47,480] Trial 28 finished with value: 148.57440185546875 and parameters: {'gradient_clip_val': 0.5321974063428094, 'hidden_size': 17, 'dropout': 0.10163160150709144, 'hidden_continuous_size': 8, 'attention_head_size': 3, 'learning_rate': 0.00867400888177626}. Best is trial 21 with value: 37.4640007019043.
LOCAL_RANK: 0 - CUDA_VISIBLE_DEVICES: [0]
