[I 2023-12-26 16:17:14,659] Trial 4 finished with value: 764.9572143554688 and parameters: {'gradient_clip_val': 0.7972596865329122, 'hidden_size': 20, 'dropout': 0.38569161701625077, 'hidden_continuous_size': 13, 'attention_head_size': 4, 'learning_rate': 0.010262870175756665}. Best is trial 0 with value: 199.21861267089844.
[I 2023-12-26 16:17:16,853] Trial 5 finished with value: 997.8618774414062 and parameters: {'gradient_clip_val': 0.8995324879055017, 'hidden_size': 12, 'dropout': 0.29937580489118365, 'hidden_continuous_size': 5, 'attention_head_size': 2, 'learning_rate': 0.02777771132005688}. Best is trial 0 with value: 199.21861267089844.
[I 2023-12-26 16:17:19,639] Trial 6 finished with value: 899.4187622070312 and parameters: {'gradient_clip_val': 0.7369992001312294, 'hidden_size': 26, 'dropout': 0.34447637524026176, 'hidden_continuous_size': 6, 'attention_head_size': 4, 'learning_rate': 0.03375883220069479}. Best is trial 0 with value: 199.21861267089844.
[I 2023-12-26 16:17:30,077] Trial 7 finished with value: 715.292236328125 and parameters: {'gradient_clip_val': 0.7180946246526985, 'hidden_size': 142, 'dropout': 0.2190302420681631, 'hidden_continuous_size': 8, 'attention_head_size': 4, 'learning_rate': 0.007591012140526614}. Best is trial 0 with value: 199.21861267089844.
[I 2023-12-26 16:17:35,799] Trial 8 finished with value: 849.1528930664062 and parameters: {'gradient_clip_val': 0.3843523039631231, 'hidden_size': 88, 'dropout': 0.22310315472435974, 'hidden_continuous_size': 7, 'attention_head_size': 2, 'learning_rate': 0.02359371036230184}. Best is trial 0 with value: 199.21861267089844.
[I 2023-12-26 16:17:38,662] Trial 9 finished with value: 827.994140625 and parameters: {'gradient_clip_val': 0.6945352082357157, 'hidden_size': 44, 'dropout': 0.1572015785120308, 'hidden_continuous_size': 6, 'attention_head_size': 2, 'learning_rate': 0.00485304681392102}. Best is trial 0 with value: 199.21861267089844.
[I 2023-12-26 16:17:40,385] Trial 10 finished with value: 1024.35791015625 and parameters: {'gradient_clip_val': 0.12366278883538483, 'hidden_size': 5, 'dropout': 0.4656823288381291, 'hidden_continuous_size': 5, 'attention_head_size': 1, 'learning_rate': 0.09859225605304268}. Best is trial 0 with value: 199.21861267089844.
[I 2023-12-26 16:17:50,279] Trial 11 finished with value: 695.4310913085938 and parameters: {'gradient_clip_val': 0.2028028484118794, 'hidden_size': 145, 'dropout': 0.27395672961307344, 'hidden_continuous_size': 31, 'attention_head_size': 4, 'learning_rate': 0.0006257358797058843}. Best is trial 0 with value: 199.21861267089844.
[I 2023-12-26 16:17:59,050] Trial 12 finished with value: 1079.2115478515625 and parameters: {'gradient_clip_val': 0.1817119164478659, 'hidden_size': 135, 'dropout': 0.28659467142539113, 'hidden_continuous_size': 34, 'attention_head_size': 3, 'learning_rate': 0.0012148850470317446}. Best is trial 0 with value: 199.21861267089844.
[I 2023-12-26 16:18:05,171] Trial 13 finished with value: 990.526611328125 and parameters: {'gradient_clip_val': 0.21728096234166083, 'hidden_size': 69, 'dropout': 0.2695948352305015, 'hidden_continuous_size': 26, 'attention_head_size': 4, 'learning_rate': 0.0008805398211082734}. Best is trial 0 with value: 199.21861267089844.
[I 2023-12-26 16:18:16,484] Trial 14 finished with value: 760.3603515625 and parameters: {'gradient_clip_val': 0.23441031739443735, 'hidden_size': 141, 'dropout': 0.3404500785422266, 'hidden_continuous_size': 126, 'attention_head_size': 3, 'learning_rate': 0.0006204854297852995}. Best is trial 0 with value: 199.21861267089844.
[I 2023-12-26 16:18:22,562] Trial 15 finished with value: 805.1720581054688 and parameters: {'gradient_clip_val': 0.10015051386274777, 'hidden_size': 83, 'dropout': 0.2597201711414137, 'hidden_continuous_size': 19, 'attention_head_size': 4, 'learning_rate': 0.0005018483736967102}. Best is trial 0 with value: 199.21861267089844.
[I 2023-12-26 16:18:26,064] Trial 16 finished with value: 1058.3175048828125 and parameters: {'gradient_clip_val': 0.31872857473175564, 'hidden_size': 54, 'dropout': 0.3350890486224416, 'hidden_continuous_size': 20, 'attention_head_size': 3, 'learning_rate': 0.0022331728050673924}. Best is trial 0 with value: 199.21861267089844.
[I 2023-12-26 16:18:33,744] Trial 17 finished with value: 982.0888061523438 and parameters: {'gradient_clip_val': 0.15561821289563652, 'hidden_size': 99, 'dropout': 0.13171961124337478, 'hidden_continuous_size': 38, 'attention_head_size': 1, 'learning_rate': 0.003830771019824885}. Best is trial 0 with value: 199.21861267089844.
[I 2023-12-26 16:18:37,179] Trial 18 finished with value: 807.032958984375 and parameters: {'gradient_clip_val': 0.23943971215251764, 'hidden_size': 47, 'dropout': 0.19326321561619886, 'hidden_continuous_size': 17, 'attention_head_size': 4, 'learning_rate': 0.0018782273136760256}. Best is trial 0 with value: 199.21861267089844.
[I 2023-12-26 16:18:48,829] Trial 19 finished with value: 774.2495727539062 and parameters: {'gradient_clip_val': 0.15646494406621364, 'hidden_size': 148, 'dropout': 0.2549091499934973, 'hidden_continuous_size': 48, 'attention_head_size': 3, 'learning_rate': 0.0010364834755864775}. Best is trial 0 with value: 199.21861267089844.
[I 2023-12-26 16:18:56,955] Trial 20 finished with value: 805.9306640625 and parameters: {'gradient_clip_val': 0.290820362477116, 'hidden_size': 94, 'dropout': 0.10488577725476203, 'hidden_continuous_size': 26, 'attention_head_size': 4, 'learning_rate': 0.0054650693573005185}. Best is trial 0 with value: 199.21861267089844.
[I 2023-12-26 16:19:05,027] Trial 21 finished with value: 914.1806640625 and parameters: {'gradient_clip_val': 0.47568914300462706, 'hidden_size': 140, 'dropout': 0.2285045353058119, 'hidden_continuous_size': 9, 'attention_head_size': 4, 'learning_rate': 0.009157019233075485}. Best is trial 0 with value: 199.21861267089844.
[I 2023-12-26 16:19:11,672] Trial 22 finished with value: 873.6410522460938 and parameters: {'gradient_clip_val': 0.40338479876159533, 'hidden_size': 106, 'dropout': 0.19306576238890366, 'hidden_continuous_size': 14, 'attention_head_size': 4, 'learning_rate': 0.007485347707282062}. Best is trial 0 with value: 199.21861267089844.
[I 2023-12-26 16:19:16,885] Trial 23 finished with value: 708.8231811523438 and parameters: {'gradient_clip_val': 0.9709121132960256, 'hidden_size': 79, 'dropout': 0.2402170295368574, 'hidden_continuous_size': 11, 'attention_head_size': 3, 'learning_rate': 0.014450462152169708}. Best is trial 0 with value: 199.21861267089844.
[I 2023-12-26 16:19:21,764] Trial 24 finished with value: 757.4149780273438 and parameters: {'gradient_clip_val': 0.536642438348724, 'hidden_size': 75, 'dropout': 0.3061834717839479, 'hidden_continuous_size': 10, 'attention_head_size': 3, 'learning_rate': 0.014274582428798761}. Best is trial 0 with value: 199.21861267089844.
[I 2023-12-26 16:19:28,756] Trial 25 finished with value: 824.7848510742188 and parameters: {'gradient_clip_val': 0.28493445497908354, 'hidden_size': 107, 'dropout': 0.26417376647507496, 'hidden_continuous_size': 15, 'attention_head_size': 3, 'learning_rate': 0.0028926141588463262}. Best is trial 0 with value: 199.21861267089844.
[I 2023-12-26 16:19:32,591] Trial 26 finished with value: 1035.4346923828125 and parameters: {'gradient_clip_val': 0.9867284235806826, 'hidden_size': 66, 'dropout': 0.24341026067845353, 'hidden_continuous_size': 12, 'attention_head_size': 3, 'learning_rate': 0.041859560979519976}. Best is trial 0 with value: 199.21861267089844.
[I 2023-12-26 16:19:37,921] Trial 27 finished with value: 797.521728515625 and parameters: {'gradient_clip_val': 0.19421243525259801, 'hidden_size': 88, 'dropout': 0.2951530678279859, 'hidden_continuous_size': 23, 'attention_head_size': 4, 'learning_rate': 0.016256321445735276}. Best is trial 0 with value: 199.21861267089844.
[I 2023-12-26 16:19:44,995] Trial 28 finished with value: 799.0446166992188 and parameters: {'gradient_clip_val': 0.260846671527485, 'hidden_size': 111, 'dropout': 0.24455424836990644, 'hidden_continuous_size': 31, 'attention_head_size': 4, 'learning_rate': 0.010715394405138556}. Best is trial 0 with value: 199.21861267089844.
[I 2023-12-26 16:19:52,424] Trial 29 finished with value: 879.6723022460938 and parameters: {'gradient_clip_val': 0.3459159879846332, 'hidden_size': 117, 'dropout': 0.1921880994831169, 'hidden_continuous_size': 45, 'attention_head_size': 3, 'learning_rate': 0.0032507930553580403}. Best is trial 0 with value: 199.21861267089844.
[I 2023-12-26 16:19:59,367] Trial 30 finished with value: 895.9578247070312 and parameters: {'gradient_clip_val': 0.4381314254481375, 'hidden_size': 114, 'dropout': 0.31718090107283503, 'hidden_continuous_size': 17, 'attention_head_size': 3, 'learning_rate': 0.005922264161033631}. Best is trial 0 with value: 199.21861267089844.
[I 2023-12-26 16:20:08,014] Trial 31 finished with value: 908.169189453125 and parameters: {'gradient_clip_val': 0.625775844655374, 'hidden_size': 146, 'dropout': 0.22313434869673646, 'hidden_continuous_size': 9, 'attention_head_size': 4, 'learning_rate': 0.00434160374112186}. Best is trial 0 with value: 199.21861267089844.
[I 2023-12-26 16:20:16,859] Trial 32 finished with value: 818.181396484375 and parameters: {'gradient_clip_val': 0.6237783244567046, 'hidden_size': 149, 'dropout': 0.277464339685593, 'hidden_continuous_size': 8, 'attention_head_size': 4, 'learning_rate': 0.006821893312867416}. Best is trial 0 with value: 199.21861267089844.
[I 2023-12-26 16:20:21,764] Trial 33 finished with value: 751.99853515625 and parameters: {'gradient_clip_val': 0.9787712705308779, 'hidden_size': 80, 'dropout': 0.2163455364985967, 'hidden_continuous_size': 11, 'attention_head_size': 4, 'learning_rate': 0.013554670784304201}. Best is trial 0 with value: 199.21861267089844.
[I 2023-12-26 16:20:30,893] Trial 34 finished with value: 857.983154296875 and parameters: {'gradient_clip_val': 0.8592431962845083, 'hidden_size': 117, 'dropout': 0.17107123330787952, 'hidden_continuous_size': 14, 'attention_head_size': 4, 'learning_rate': 0.00733394914171752}. Best is trial 0 with value: 199.21861267089844.
[I 2023-12-26 16:20:36,645] Trial 35 finished with value: 767.447998046875 and parameters: {'gradient_clip_val': 0.7973781777847551, 'hidden_size': 66, 'dropout': 0.23484072989546023, 'hidden_continuous_size': 10, 'attention_head_size': 4, 'learning_rate': 0.021976421558044277}. Best is trial 0 with value: 199.21861267089844.
[I 2023-12-26 16:20:46,308] Trial 36 finished with value: 866.5185546875 and parameters: {'gradient_clip_val': 0.530743263593851, 'hidden_size': 122, 'dropout': 0.20565163240550233, 'hidden_continuous_size': 22, 'attention_head_size': 3, 'learning_rate': 0.002492309927170033}. Best is trial 0 with value: 199.21861267089844.
[I 2023-12-26 16:20:53,717] Trial 37 finished with value: 822.6194458007812 and parameters: {'gradient_clip_val': 0.7120057901198998, 'hidden_size': 91, 'dropout': 0.2796773745039667, 'hidden_continuous_size': 8, 'attention_head_size': 2, 'learning_rate': 0.0014215456257967458}. Best is trial 0 with value: 199.21861267089844.
[I 2023-12-26 16:20:58,759] Trial 38 finished with value: 886.2276000976562 and parameters: {'gradient_clip_val': 0.8248827550412947, 'hidden_size': 57, 'dropout': 0.3720449492394587, 'hidden_continuous_size': 12, 'attention_head_size': 4, 'learning_rate': 0.012185862887077636}. Best is trial 0 with value: 199.21861267089844.
[I 2023-12-26 16:21:08,656] Trial 39 finished with value: 995.4926147460938 and parameters: {'gradient_clip_val': 0.7196474349880104, 'hidden_size': 125, 'dropout': 0.25399166154186886, 'hidden_continuous_size': 27, 'attention_head_size': 3, 'learning_rate': 0.020123682134784777}. Best is trial 0 with value: 199.21861267089844.
[I 2023-12-26 16:21:14,730] Trial 40 finished with value: 799.8685913085938 and parameters: {'gradient_clip_val': 0.9271892988813161, 'hidden_size': 76, 'dropout': 0.3117502764108303, 'hidden_continuous_size': 7, 'attention_head_size': 1, 'learning_rate': 0.009922997760557592}. Best is trial 0 with value: 199.21861267089844.
[I 2023-12-26 16:21:22,795] Trial 41 finished with value: 927.786376953125 and parameters: {'gradient_clip_val': 0.9027728554740367, 'hidden_size': 95, 'dropout': 0.21213139878859727, 'hidden_continuous_size': 11, 'attention_head_size': 4, 'learning_rate': 0.015234474917544089}. Best is trial 0 with value: 199.21861267089844.
[I 2023-12-26 16:21:28,916] Trial 42 finished with value: 948.548828125 and parameters: {'gradient_clip_val': 0.8059963905814472, 'hidden_size': 79, 'dropout': 0.2271090173898575, 'hidden_continuous_size': 12, 'attention_head_size': 4, 'learning_rate': 0.027311390664819978}. Best is trial 0 with value: 199.21861267089844.
[I 2023-12-26 16:21:38,644] Trial 43 finished with value: 803.9273071289062 and parameters: {'gradient_clip_val': 0.9638024509766383, 'hidden_size': 126, 'dropout': 0.27720263387146343, 'hidden_continuous_size': 6, 'attention_head_size': 4, 'learning_rate': 0.008727451796727665}. Best is trial 0 with value: 199.21861267089844.
[I 2023-12-26 16:21:46,547] Trial 44 finished with value: 847.397216796875 and parameters: {'gradient_clip_val': 0.9622593566762647, 'hidden_size': 100, 'dropout': 0.24167940381003303, 'hidden_continuous_size': 16, 'attention_head_size': 4, 'learning_rate': 0.012416922833976893}. Best is trial 0 with value: 199.21861267089844.
[I 2023-12-26 16:21:50,351] Trial 45 finished with value: 901.9581909179688 and parameters: {'gradient_clip_val': 0.6561366413174405, 'hidden_size': 39, 'dropout': 0.2112894954114429, 'hidden_continuous_size': 13, 'attention_head_size': 4, 'learning_rate': 0.017231554525740583}. Best is trial 0 with value: 199.21861267089844.
[I 2023-12-26 16:21:56,871] Trial 46 finished with value: 796.9168090820312 and parameters: {'gradient_clip_val': 0.7450551388689831, 'hidden_size': 81, 'dropout': 0.289941668043171, 'hidden_continuous_size': 5, 'attention_head_size': 4, 'learning_rate': 0.005188406378241334}. Best is trial 0 with value: 199.21861267089844.
[I 2023-12-26 16:22:02,434] Trial 47 finished with value: 944.145263671875 and parameters: {'gradient_clip_val': 0.8633162160785535, 'hidden_size': 59, 'dropout': 0.2577448628495651, 'hidden_continuous_size': 19, 'attention_head_size': 2, 'learning_rate': 0.036592302733162343}. Best is trial 0 with value: 199.21861267089844.
[I 2023-12-26 16:22:12,759] Trial 48 finished with value: 746.7590942382812 and parameters: {'gradient_clip_val': 0.9996503580731245, 'hidden_size': 130, 'dropout': 0.1742880268387041, 'hidden_continuous_size': 36, 'attention_head_size': 4, 'learning_rate': 0.003381077155434714}. Best is trial 0 with value: 199.21861267089844.
[I 2023-12-26 16:22:23,091] Trial 49 finished with value: 779.2748413085938 and parameters: {'gradient_clip_val': 0.7303517140476945, 'hidden_size': 131, 'dropout': 0.16769248487377994, 'hidden_continuous_size': 31, 'attention_head_size': 3, 'learning_rate': 0.0036767432833819166}. Best is trial 0 with value: 199.21861267089844.
[I 2023-12-26 16:22:23,222] A new study created in memory with name: no-name-acc2ab09-d601-45af-b539-c093990ba0f3
/home/le004/conda/anaconda3/envs/tsff_env/lib/python3.9/site-packages/lightning/fabric/plugins/environments/slurm.py:191: The `srun` command is available on your system but is not used. HINT: If your intention is to run Lightning on SLURM, prepend your python command with `srun` like so: srun python /home/le004/master_thesis/git/TSFusionForecast/code/ ...
[I 2023-12-26 16:27:32,737] Trial 0 finished with value: 592.4840698242188 and parameters: {'gradient_clip_val': 0.49813819815940913, 'hidden_size': 9, 'dropout': 0.26138983517925607, 'hidden_continuous_size': 7, 'attention_head_size': 4, 'learning_rate': 0.033012564109043255}. Best is trial 0 with value: 592.4840698242188.
[I 2023-12-26 16:27:38,095] Trial 1 finished with value: 6313.64892578125 and parameters: {'gradient_clip_val': 0.6883772905280118, 'hidden_size': 87, 'dropout': 0.4732702260143672, 'hidden_continuous_size': 7, 'attention_head_size': 2, 'learning_rate': 0.0027982954798884915}. Best is trial 0 with value: 592.4840698242188.
[I 2023-12-26 16:27:49,517] Trial 2 finished with value: 4687.544921875 and parameters: {'gradient_clip_val': 0.1535708866281937, 'hidden_size': 146, 'dropout': 0.13008078920496466, 'hidden_continuous_size': 83, 'attention_head_size': 1, 'learning_rate': 0.001797400807198397}. Best is trial 0 with value: 592.4840698242188.
[I 2023-12-26 16:27:52,090] Trial 3 finished with value: 5798.60009765625 and parameters: {'gradient_clip_val': 0.611262571488484, 'hidden_size': 14, 'dropout': 0.36499961886117527, 'hidden_continuous_size': 8, 'attention_head_size': 2, 'learning_rate': 0.0017159715132950683}. Best is trial 0 with value: 592.4840698242188.
[I 2023-12-26 16:27:54,404] Trial 4 finished with value: 7089.23974609375 and parameters: {'gradient_clip_val': 0.6449795769164205, 'hidden_size': 11, 'dropout': 0.2713077131767272, 'hidden_continuous_size': 6, 'attention_head_size': 3, 'learning_rate': 0.025474370362508027}. Best is trial 0 with value: 592.4840698242188.
[I 2023-12-26 16:28:03,709] Trial 5 finished with value: 5579.29833984375 and parameters: {'gradient_clip_val': 0.7519673516592024, 'hidden_size': 111, 'dropout': 0.20514047487837914, 'hidden_continuous_size': 68, 'attention_head_size': 2, 'learning_rate': 0.020981183118143603}. Best is trial 0 with value: 592.4840698242188.
[I 2023-12-26 16:28:05,840] Trial 6 finished with value: 5809.599609375 and parameters: {'gradient_clip_val': 0.3231019314721331, 'hidden_size': 5, 'dropout': 0.4007169576963473, 'hidden_continuous_size': 5, 'attention_head_size': 1, 'learning_rate': 0.002635851636437638}. Best is trial 0 with value: 592.4840698242188.
[I 2023-12-26 16:28:11,318] Trial 7 finished with value: 7152.09228515625 and parameters: {'gradient_clip_val': 0.14420272660288871, 'hidden_size': 68, 'dropout': 0.4303360680026852, 'hidden_continuous_size': 9, 'attention_head_size': 3, 'learning_rate': 0.030626003009352136}. Best is trial 0 with value: 592.4840698242188.
[I 2023-12-26 16:28:14,111] Trial 8 finished with value: 4926.50537109375 and parameters: {'gradient_clip_val': 0.6914266945698192, 'hidden_size': 27, 'dropout': 0.23705592008338838, 'hidden_continuous_size': 8, 'attention_head_size': 4, 'learning_rate': 0.0014337556110506806}. Best is trial 0 with value: 592.4840698242188.
[I 2023-12-26 16:28:16,598] Trial 9 finished with value: 5908.02587890625 and parameters: {'gradient_clip_val': 0.240966810436632, 'hidden_size': 13, 'dropout': 0.3015444024537127, 'hidden_continuous_size': 9, 'attention_head_size': 4, 'learning_rate': 0.0202324144695213}. Best is trial 0 with value: 592.4840698242188.
[I 2023-12-26 16:28:18,476] Trial 10 finished with value: 5315.25 and parameters: {'gradient_clip_val': 0.3710402323680561, 'hidden_size': 5, 'dropout': 0.12374610483617693, 'hidden_continuous_size': 5, 'attention_head_size': 4, 'learning_rate': 0.0836915620911047}. Best is trial 0 with value: 592.4840698242188.
[I 2023-12-26 16:28:22,059] Trial 11 finished with value: 6053.87109375 and parameters: {'gradient_clip_val': 0.1163448701641314, 'hidden_size': 48, 'dropout': 0.11706348220219628, 'hidden_continuous_size': 20, 'attention_head_size': 1, 'learning_rate': 0.0006459708924617955}. Best is trial 0 with value: 592.4840698242188.
[I 2023-12-26 16:28:33,242] Trial 12 finished with value: 5754.681640625 and parameters: {'gradient_clip_val': 0.2235925731917026, 'hidden_size': 140, 'dropout': 0.17361732467291893, 'hidden_continuous_size': 104, 'attention_head_size': 3, 'learning_rate': 0.005855524703564327}. Best is trial 0 with value: 592.4840698242188.
[I 2023-12-26 16:28:43,269] Trial 13 finished with value: 4429.78662109375 and parameters: {'gradient_clip_val': 0.4340503744340537, 'hidden_size': 150, 'dropout': 0.18007732333178933, 'hidden_continuous_size': 41, 'attention_head_size': 1, 'learning_rate': 0.007755516664309835}. Best is trial 0 with value: 592.4840698242188.
[I 2023-12-26 16:28:46,600] Trial 14 finished with value: 6311.69921875 and parameters: {'gradient_clip_val': 0.4629295679092336, 'hidden_size': 55, 'dropout': 0.3023476388871034, 'hidden_continuous_size': 15, 'attention_head_size': 2, 'learning_rate': 0.009362316727721618}. Best is trial 0 with value: 592.4840698242188.
[I 2023-12-26 16:28:49,505] Trial 15 finished with value: 6174.02490234375 and parameters: {'gradient_clip_val': 0.9590659707485751, 'hidden_size': 38, 'dropout': 0.19177871887970382, 'hidden_continuous_size': 25, 'attention_head_size': 3, 'learning_rate': 0.09132447954704156}. Best is trial 0 with value: 592.4840698242188.
[I 2023-12-26 16:28:54,721] Trial 16 finished with value: 6481.38330078125 and parameters: {'gradient_clip_val': 0.45190848447585946, 'hidden_size': 79, 'dropout': 0.23479129090138295, 'hidden_continuous_size': 38, 'attention_head_size': 4, 'learning_rate': 0.008048590684608437}. Best is trial 0 with value: 592.4840698242188.
[I 2023-12-26 16:28:57,801] Trial 17 finished with value: 6182.39990234375 and parameters: {'gradient_clip_val': 0.4696850546751894, 'hidden_size': 31, 'dropout': 0.16155164505894237, 'hidden_continuous_size': 13, 'attention_head_size': 1, 'learning_rate': 0.043871218953994665}. Best is trial 0 with value: 592.4840698242188.
[I 2023-12-26 16:29:00,224] Trial 18 finished with value: 6053.42236328125 and parameters: {'gradient_clip_val': 0.28093752372427977, 'hidden_size': 20, 'dropout': 0.33984777329108107, 'hidden_continuous_size': 6, 'attention_head_size': 3, 'learning_rate': 0.009616379067911253}. Best is trial 0 with value: 592.4840698242188.
