[I 2023-12-26 16:07:08,371] Trial 11 finished with value: 2.873615026473999 and parameters: {'gradient_clip_val': 0.11104021999660771, 'hidden_size': 6, 'dropout': 0.2176188888599652, 'hidden_continuous_size': 5, 'attention_head_size': 4, 'learning_rate': 0.02866711107214224}. Best is trial 0 with value: 0.04695345088839531.
[I 2023-12-26 16:07:10,267] Trial 12 finished with value: 3.4914286136627197 and parameters: {'gradient_clip_val': 0.37222362640372686, 'hidden_size': 8, 'dropout': 0.21074686979247023, 'hidden_continuous_size': 6, 'attention_head_size': 3, 'learning_rate': 0.02013237492045845}. Best is trial 0 with value: 0.04695345088839531.
[I 2023-12-26 16:07:12,295] Trial 13 finished with value: 2.776935577392578 and parameters: {'gradient_clip_val': 0.31866828365692246, 'hidden_size': 9, 'dropout': 0.18658303249838537, 'hidden_continuous_size': 6, 'attention_head_size': 4, 'learning_rate': 0.08877277053512442}. Best is trial 0 with value: 0.04695345088839531.
[I 2023-12-26 16:07:14,414] Trial 14 finished with value: 3.2161171436309814 and parameters: {'gradient_clip_val': 0.6385667276860973, 'hidden_size': 18, 'dropout': 0.24457754725985287, 'hidden_continuous_size': 7, 'attention_head_size': 3, 'learning_rate': 0.018677139477215825}. Best is trial 0 with value: 0.04695345088839531.
[I 2023-12-26 16:07:16,299] Trial 15 finished with value: 3.2241485118865967 and parameters: {'gradient_clip_val': 0.16362448430329063, 'hidden_size': 7, 'dropout': 0.10754399647987253, 'hidden_continuous_size': 5, 'attention_head_size': 1, 'learning_rate': 0.04707714415092168}. Best is trial 0 with value: 0.04695345088839531.
[I 2023-12-26 16:07:18,092] Trial 16 finished with value: 2.947432518005371 and parameters: {'gradient_clip_val': 0.5282383086361289, 'hidden_size': 5, 'dropout': 0.16676591966717477, 'hidden_continuous_size': 5, 'attention_head_size': 4, 'learning_rate': 0.013252183394507249}. Best is trial 0 with value: 0.04695345088839531.
[I 2023-12-26 16:07:20,135] Trial 17 finished with value: 4.391921520233154 and parameters: {'gradient_clip_val': 0.2686103578913652, 'hidden_size': 12, 'dropout': 0.27091356145130213, 'hidden_continuous_size': 6, 'attention_head_size': 3, 'learning_rate': 0.007769291188341513}. Best is trial 0 with value: 0.04695345088839531.
[I 2023-12-26 16:07:22,742] Trial 18 finished with value: 2.500434160232544 and parameters: {'gradient_clip_val': 0.33089700127175076, 'hidden_size': 25, 'dropout': 0.20915181113210696, 'hidden_continuous_size': 11, 'attention_head_size': 2, 'learning_rate': 0.046847737038713165}. Best is trial 0 with value: 0.04695345088839531.
[I 2023-12-26 16:07:24,561] Trial 19 finished with value: 2.5050151348114014 and parameters: {'gradient_clip_val': 0.2162046859973519, 'hidden_size': 8, 'dropout': 0.3225394336761941, 'hidden_continuous_size': 5, 'attention_head_size': 1, 'learning_rate': 0.024200469576430017}. Best is trial 0 with value: 0.04695345088839531.
[I 2023-12-26 16:07:26,356] Trial 20 finished with value: 3.312758684158325 and parameters: {'gradient_clip_val': 0.15939887950684026, 'hidden_size': 5, 'dropout': 0.14405075174174053, 'hidden_continuous_size': 5, 'attention_head_size': 4, 'learning_rate': 0.0005967311378156994}. Best is trial 0 with value: 0.04695345088839531.
[I 2023-12-26 16:07:28,884] Trial 21 finished with value: 2.4729461669921875 and parameters: {'gradient_clip_val': 0.10113856236319606, 'hidden_size': 36, 'dropout': 0.12399835361426009, 'hidden_continuous_size': 8, 'attention_head_size': 1, 'learning_rate': 0.031312067624161576}. Best is trial 0 with value: 0.04695345088839531.
[I 2023-12-26 16:07:31,324] Trial 22 finished with value: 3.7624454498291016 and parameters: {'gradient_clip_val': 0.11701897965733464, 'hidden_size': 29, 'dropout': 0.10319455462278794, 'hidden_continuous_size': 7, 'attention_head_size': 1, 'learning_rate': 0.0357487513580106}. Best is trial 0 with value: 0.04695345088839531.
[I 2023-12-26 16:07:33,389] Trial 23 finished with value: 3.6914680004119873 and parameters: {'gradient_clip_val': 0.12594319748129118, 'hidden_size': 17, 'dropout': 0.18604636538646946, 'hidden_continuous_size': 7, 'attention_head_size': 2, 'learning_rate': 0.01778167240871492}. Best is trial 0 with value: 0.04695345088839531.
[I 2023-12-26 16:07:35,366] Trial 24 finished with value: 2.5023891925811768 and parameters: {'gradient_clip_val': 0.13154453925552131, 'hidden_size': 10, 'dropout': 0.14800535646937282, 'hidden_continuous_size': 6, 'attention_head_size': 1, 'learning_rate': 0.05509675535567461}. Best is trial 0 with value: 0.04695345088839531.
[I 2023-12-26 16:07:37,444] Trial 25 finished with value: 2.7467479705810547 and parameters: {'gradient_clip_val': 0.18016002705896625, 'hidden_size': 13, 'dropout': 0.10182183882495674, 'hidden_continuous_size': 6, 'attention_head_size': 2, 'learning_rate': 0.01637442150748067}. Best is trial 0 with value: 0.04695345088839531.
[I 2023-12-26 16:07:40,501] Trial 26 finished with value: 2.1406772136688232 and parameters: {'gradient_clip_val': 0.14273562753008828, 'hidden_size': 46, 'dropout': 0.18640481968960793, 'hidden_continuous_size': 11, 'attention_head_size': 3, 'learning_rate': 0.02689778658333127}. Best is trial 0 with value: 0.04695345088839531.
[I 2023-12-26 16:07:43,603] Trial 27 finished with value: 3.405602216720581 and parameters: {'gradient_clip_val': 0.14465733099085043, 'hidden_size': 49, 'dropout': 0.2448673929389192, 'hidden_continuous_size': 12, 'attention_head_size': 3, 'learning_rate': 0.022889877956392184}. Best is trial 0 with value: 0.04695345088839531.
[I 2023-12-26 16:07:45,889] Trial 28 finished with value: 3.2396538257598877 and parameters: {'gradient_clip_val': 0.23392023493289588, 'hidden_size': 21, 'dropout': 0.17967872272639324, 'hidden_continuous_size': 11, 'attention_head_size': 4, 'learning_rate': 0.011761639097847387}. Best is trial 0 with value: 0.04695345088839531.
[I 2023-12-26 16:07:49,161] Trial 29 finished with value: 2.1780307292938232 and parameters: {'gradient_clip_val': 0.18106680499619587, 'hidden_size': 50, 'dropout': 0.20091177306899335, 'hidden_continuous_size': 50, 'attention_head_size': 3, 'learning_rate': 0.06845485778491128}. Best is trial 0 with value: 0.04695345088839531.
[I 2023-12-26 16:07:51,782] Trial 30 finished with value: 2.404799222946167 and parameters: {'gradient_clip_val': 0.1421228596336618, 'hidden_size': 25, 'dropout': 0.13774961995285478, 'hidden_continuous_size': 13, 'attention_head_size': 3, 'learning_rate': 0.036879732929906324}. Best is trial 0 with value: 0.04695345088839531.
[I 2023-12-26 16:07:55,678] Trial 31 finished with value: 2.7538540363311768 and parameters: {'gradient_clip_val': 0.1556444746452113, 'hidden_size': 61, 'dropout': 0.20015590256802923, 'hidden_continuous_size': 52, 'attention_head_size': 3, 'learning_rate': 0.06533075004497955}. Best is trial 0 with value: 0.04695345088839531.
[I 2023-12-26 16:07:58,510] Trial 32 finished with value: 2.3284809589385986 and parameters: {'gradient_clip_val': 0.17386293977983008, 'hidden_size': 42, 'dropout': 0.2256511530240789, 'hidden_continuous_size': 18, 'attention_head_size': 3, 'learning_rate': 0.06741188365913785}. Best is trial 0 with value: 0.04695345088839531.
[I 2023-12-26 16:08:04,449] Trial 33 finished with value: 1.9984649419784546 and parameters: {'gradient_clip_val': 0.182456580183563, 'hidden_size': 79, 'dropout': 0.18668298526589353, 'hidden_continuous_size': 65, 'attention_head_size': 2, 'learning_rate': 0.04104891997242605}. Best is trial 0 with value: 0.04695345088839531.
[I 2023-12-26 16:08:09,824] Trial 34 finished with value: 2.9052817821502686 and parameters: {'gradient_clip_val': 0.19244460724883344, 'hidden_size': 74, 'dropout': 0.26685055557971193, 'hidden_continuous_size': 72, 'attention_head_size': 2, 'learning_rate': 0.04462527892532452}. Best is trial 0 with value: 0.04695345088839531.
[I 2023-12-26 16:08:16,684] Trial 35 finished with value: 2.9780447483062744 and parameters: {'gradient_clip_val': 0.21986774053991948, 'hidden_size': 107, 'dropout': 0.23149990692027206, 'hidden_continuous_size': 24, 'attention_head_size': 2, 'learning_rate': 0.025136737187546027}. Best is trial 0 with value: 0.04695345088839531.
[I 2023-12-26 16:08:24,717] Trial 36 finished with value: 3.0354995727539062 and parameters: {'gradient_clip_val': 0.19349895352960916, 'hidden_size': 93, 'dropout': 0.17822642119207238, 'hidden_continuous_size': 93, 'attention_head_size': 2, 'learning_rate': 0.03702963267200192}. Best is trial 0 with value: 0.04695345088839531.
[I 2023-12-26 16:08:35,404] Trial 37 finished with value: 3.047419548034668 and parameters: {'gradient_clip_val': 0.25093384977982147, 'hidden_size': 138, 'dropout': 0.2575372169909208, 'hidden_continuous_size': 122, 'attention_head_size': 2, 'learning_rate': 0.015178074914449453}. Best is trial 0 with value: 0.04695345088839531.
[I 2023-12-26 16:08:37,573] Trial 38 finished with value: 3.1126015186309814 and parameters: {'gradient_clip_val': 0.28496857904140216, 'hidden_size': 15, 'dropout': 0.15601765502494055, 'hidden_continuous_size': 9, 'attention_head_size': 2, 'learning_rate': 0.02580619724092074}. Best is trial 0 with value: 0.04695345088839531.
[I 2023-12-26 16:08:41,361] Trial 39 finished with value: 3.265594720840454 and parameters: {'gradient_clip_val': 0.2438203253927711, 'hidden_size': 65, 'dropout': 0.28870531755910156, 'hidden_continuous_size': 10, 'attention_head_size': 2, 'learning_rate': 0.00916978165951613}. Best is trial 0 with value: 0.04695345088839531.
[I 2023-12-26 16:08:43,411] Trial 40 finished with value: 2.924448251724243 and parameters: {'gradient_clip_val': 0.2042996979052013, 'hidden_size': 11, 'dropout': 0.22846817661820065, 'hidden_continuous_size': 8, 'attention_head_size': 4, 'learning_rate': 0.006345473549140815}. Best is trial 0 with value: 0.04695345088839531.
[I 2023-12-26 16:08:46,593] Trial 41 finished with value: 2.246504545211792 and parameters: {'gradient_clip_val': 0.16890551781613616, 'hidden_size': 54, 'dropout': 0.20363129218176262, 'hidden_continuous_size': 16, 'attention_head_size': 3, 'learning_rate': 0.05893230716778405}. Best is trial 0 with value: 0.04695345088839531.
[I 2023-12-26 16:08:49,741] Trial 42 finished with value: 3.380016326904297 and parameters: {'gradient_clip_val': 0.13810317962904753, 'hidden_size': 39, 'dropout': 0.19508545488588297, 'hidden_continuous_size': 16, 'attention_head_size': 3, 'learning_rate': 0.07938863018666198}. Best is trial 0 with value: 0.04695345088839531.
[I 2023-12-26 16:08:52,752] Trial 43 finished with value: 2.253978967666626 and parameters: {'gradient_clip_val': 0.17462605160481112, 'hidden_size': 44, 'dropout': 0.16257035569382183, 'hidden_continuous_size': 18, 'attention_head_size': 3, 'learning_rate': 0.09391384283320965}. Best is trial 0 with value: 0.04695345088839531.
[I 2023-12-26 16:08:55,952] Trial 44 finished with value: 2.615987539291382 and parameters: {'gradient_clip_val': 0.19113270640145988, 'hidden_size': 54, 'dropout': 0.21659513211189596, 'hidden_continuous_size': 34, 'attention_head_size': 2, 'learning_rate': 0.04357771097470748}. Best is trial 0 with value: 0.04695345088839531.
[I 2023-12-26 16:08:58,502] Trial 45 finished with value: 2.7974226474761963 and parameters: {'gradient_clip_val': 0.2312437260865872, 'hidden_size': 34, 'dropout': 0.19107686458031045, 'hidden_continuous_size': 13, 'attention_head_size': 3, 'learning_rate': 0.06893031462606286}. Best is trial 0 with value: 0.04695345088839531.
[I 2023-12-26 16:09:03,431] Trial 46 finished with value: 2.179713010787964 and parameters: {'gradient_clip_val': 0.15043304709926786, 'hidden_size': 82, 'dropout': 0.1727415902955597, 'hidden_continuous_size': 44, 'attention_head_size': 4, 'learning_rate': 0.03369695537126101}. Best is trial 0 with value: 0.04695345088839531.
[I 2023-12-26 16:09:05,313] Trial 47 finished with value: 2.587489366531372 and parameters: {'gradient_clip_val': 0.2956622851455045, 'hidden_size': 6, 'dropout': 0.24779964830006607, 'hidden_continuous_size': 5, 'attention_head_size': 3, 'learning_rate': 0.019869188227391355}. Best is trial 0 with value: 0.04695345088839531.
[I 2023-12-26 16:09:07,799] Trial 48 finished with value: 2.9873197078704834 and parameters: {'gradient_clip_val': 0.21565170257771016, 'hidden_size': 30, 'dropout': 0.20869981384771613, 'hidden_continuous_size': 9, 'attention_head_size': 4, 'learning_rate': 0.0558300554187662}. Best is trial 0 with value: 0.04695345088839531.
[I 2023-12-26 16:09:11,616] Trial 49 finished with value: 2.7432620525360107 and parameters: {'gradient_clip_val': 0.3604728138515644, 'hidden_size': 67, 'dropout': 0.12791491374998226, 'hidden_continuous_size': 24, 'attention_head_size': 2, 'learning_rate': 0.0982138044246234}. Best is trial 0 with value: 0.04695345088839531.
[I 2023-12-26 16:09:11,736] A new study created in memory with name: no-name-1937e674-9a99-460d-b154-5273b6ccabd2
/home/le004/conda/anaconda3/envs/tsff_env/lib/python3.9/site-packages/lightning/fabric/plugins/environments/slurm.py:191: The `srun` command is available on your system but is not used. HINT: If your intention is to run Lightning on SLURM, prepend your python command with `srun` like so: srun python /home/le004/master_thesis/git/TSFusionForecast/code/ ...
[I 2023-12-26 16:14:12,795] Trial 0 finished with value: 0.03293314948678017 and parameters: {'gradient_clip_val': 0.12505114870130088, 'hidden_size': 22, 'dropout': 0.4552170254675387, 'hidden_continuous_size': 7, 'attention_head_size': 1, 'learning_rate': 0.012526724944496456}. Best is trial 0 with value: 0.03293314948678017.
[I 2023-12-26 16:20:55,236] Trial 1 finished with value: 0.03067728318274021 and parameters: {'gradient_clip_val': 0.16067554448171303, 'hidden_size': 41, 'dropout': 0.13647533574996912, 'hidden_continuous_size': 26, 'attention_head_size': 3, 'learning_rate': 0.013391681092537421}. Best is trial 1 with value: 0.03067728318274021.
[I 2023-12-26 16:22:25,897] Trial 2 finished with value: 0.04577229544520378 and parameters: {'gradient_clip_val': 0.39185869687482816, 'hidden_size': 46, 'dropout': 0.4580381643387461, 'hidden_continuous_size': 20, 'attention_head_size': 2, 'learning_rate': 0.015735618116288437}. Best is trial 1 with value: 0.03067728318274021.
[I 2023-12-26 16:22:28,016] Trial 3 finished with value: 3.3999221324920654 and parameters: {'gradient_clip_val': 0.10732933319194767, 'hidden_size': 15, 'dropout': 0.4365758129376289, 'hidden_continuous_size': 14, 'attention_head_size': 3, 'learning_rate': 0.02162413022295464}. Best is trial 1 with value: 0.03067728318274021.
[I 2023-12-26 16:22:34,239] Trial 4 finished with value: 3.3894288539886475 and parameters: {'gradient_clip_val': 0.2505751370801749, 'hidden_size': 106, 'dropout': 0.29824323414006926, 'hidden_continuous_size': 8, 'attention_head_size': 3, 'learning_rate': 0.023502690222770666}. Best is trial 1 with value: 0.03067728318274021.
[I 2023-12-26 16:22:36,072] Trial 5 finished with value: 3.3743436336517334 and parameters: {'gradient_clip_val': 0.660001118955528, 'hidden_size': 6, 'dropout': 0.48422797647701576, 'hidden_continuous_size': 5, 'attention_head_size': 4, 'learning_rate': 0.0015857409054915788}. Best is trial 1 with value: 0.03067728318274021.
[I 2023-12-26 16:22:39,063] Trial 6 finished with value: 3.6037683486938477 and parameters: {'gradient_clip_val': 0.418004754588395, 'hidden_size': 47, 'dropout': 0.4401124407629192, 'hidden_continuous_size': 29, 'attention_head_size': 1, 'learning_rate': 0.001105885951835105}. Best is trial 1 with value: 0.03067728318274021.
[I 2023-12-26 16:22:40,893] Trial 7 finished with value: 3.9395828247070312 and parameters: {'gradient_clip_val': 0.12592192151283285, 'hidden_size': 6, 'dropout': 0.1817445578392959, 'hidden_continuous_size': 5, 'attention_head_size': 3, 'learning_rate': 0.0011660926145764757}. Best is trial 1 with value: 0.03067728318274021.
[I 2023-12-26 16:22:48,469] Trial 8 finished with value: 3.6985814571380615 and parameters: {'gradient_clip_val': 0.2265835795664243, 'hidden_size': 132, 'dropout': 0.1289675932896504, 'hidden_continuous_size': 5, 'attention_head_size': 1, 'learning_rate': 0.006833852947407822}. Best is trial 1 with value: 0.03067728318274021.
[I 2023-12-26 16:22:50,517] Trial 9 finished with value: 4.942860126495361 and parameters: {'gradient_clip_val': 0.23037658511951073, 'hidden_size': 13, 'dropout': 0.4920098264415601, 'hidden_continuous_size': 11, 'attention_head_size': 4, 'learning_rate': 0.08484695028538851}. Best is trial 1 with value: 0.03067728318274021.
[I 2023-12-26 16:22:53,637] Trial 10 finished with value: 3.9960849285125732 and parameters: {'gradient_clip_val': 0.9565183633367564, 'hidden_size': 51, 'dropout': 0.10256887495553199, 'hidden_continuous_size': 45, 'attention_head_size': 2, 'learning_rate': 0.003038537354827647}. Best is trial 1 with value: 0.03067728318274021.
[I 2023-12-26 16:22:56,221] Trial 11 finished with value: 3.771606683731079 and parameters: {'gradient_clip_val': 0.13846303265602397, 'hidden_size': 30, 'dropout': 0.3404604904197096, 'hidden_continuous_size': 8, 'attention_head_size': 2, 'learning_rate': 0.006499379273419648}. Best is trial 1 with value: 0.03067728318274021.
[I 2023-12-26 16:22:58,355] Trial 12 finished with value: 3.2393038272857666 and parameters: {'gradient_clip_val': 0.16177232391916088, 'hidden_size': 21, 'dropout': 0.21547991169253503, 'hidden_continuous_size': 7, 'attention_head_size': 1, 'learning_rate': 0.011543585602274536}. Best is trial 1 with value: 0.03067728318274021.
[I 2023-12-26 16:23:00,856] Trial 13 finished with value: 2.747845411300659 and parameters: {'gradient_clip_val': 0.16372814168189231, 'hidden_size': 31, 'dropout': 0.35600827005954416, 'hidden_continuous_size': 13, 'attention_head_size': 3, 'learning_rate': 0.03603196497635165}. Best is trial 1 with value: 0.03067728318274021.
[I 2023-12-26 16:23:05,417] Trial 14 finished with value: 3.4622085094451904 and parameters: {'gradient_clip_val': 0.10647210976177043, 'hidden_size': 74, 'dropout': 0.27040949698421096, 'hidden_continuous_size': 67, 'attention_head_size': 2, 'learning_rate': 0.0040700064164093}. Best is trial 1 with value: 0.03067728318274021.
[I 2023-12-26 16:23:07,588] Trial 15 finished with value: 4.012795925140381 and parameters: {'gradient_clip_val': 0.17733620584546056, 'hidden_size': 21, 'dropout': 0.4098150181845063, 'hidden_continuous_size': 7, 'attention_head_size': 4, 'learning_rate': 0.011458791521492215}. Best is trial 1 with value: 0.03067728318274021.
[I 2023-12-26 16:23:09,499] Trial 16 finished with value: 4.272617816925049 and parameters: {'gradient_clip_val': 0.10742540045499303, 'hidden_size': 11, 'dropout': 0.3833641266008555, 'hidden_continuous_size': 6, 'attention_head_size': 1, 'learning_rate': 0.0006756347076587167}. Best is trial 1 with value: 0.03067728318274021.
[I 2023-12-26 16:23:14,293] Trial 17 finished with value: 4.156360149383545 and parameters: {'gradient_clip_val': 0.18656587975124406, 'hidden_size': 73, 'dropout': 0.23621293510607613, 'hidden_continuous_size': 21, 'attention_head_size': 2, 'learning_rate': 0.040848975826675855}. Best is trial 1 with value: 0.03067728318274021.
[I 2023-12-26 16:23:16,742] Trial 18 finished with value: 4.092479705810547 and parameters: {'gradient_clip_val': 0.13542268343462377, 'hidden_size': 33, 'dropout': 0.3259042133331589, 'hidden_continuous_size': 10, 'attention_head_size': 3, 'learning_rate': 0.00897573056862827}. Best is trial 1 with value: 0.03067728318274021.
[I 2023-12-26 16:23:18,904] Trial 19 finished with value: 4.923505783081055 and parameters: {'gradient_clip_val': 0.2967044209126797, 'hidden_size': 21, 'dropout': 0.1697493114925091, 'hidden_continuous_size': 8, 'attention_head_size': 4, 'learning_rate': 0.00442122131620435}. Best is trial 1 with value: 0.03067728318274021.
[I 2023-12-26 16:23:21,386] Trial 20 finished with value: 4.695052623748779 and parameters: {'gradient_clip_val': 0.13654030834626263, 'hidden_size': 37, 'dropout': 0.38064711688571673, 'hidden_continuous_size': 10, 'attention_head_size': 1, 'learning_rate': 0.015919054812300656}. Best is trial 1 with value: 0.03067728318274021.
[I 2023-12-26 16:23:24,476] Trial 21 finished with value: 3.9671506881713867 and parameters: {'gradient_clip_val': 0.3823501451206653, 'hidden_size': 54, 'dropout': 0.4467867601512923, 'hidden_continuous_size': 18, 'attention_head_size': 2, 'learning_rate': 0.015823557421806234}. Best is trial 1 with value: 0.03067728318274021.
[I 2023-12-26 16:23:27,339] Trial 22 finished with value: 3.563678741455078 and parameters: {'gradient_clip_val': 0.3448294058190781, 'hidden_size': 45, 'dropout': 0.49488127874967597, 'hidden_continuous_size': 18, 'attention_head_size': 2, 'learning_rate': 0.008582006099917707}. Best is trial 1 with value: 0.03067728318274021.
[I 2023-12-26 16:23:31,580] Trial 23 finished with value: 3.568418502807617 and parameters: {'gradient_clip_val': 0.4448434809568437, 'hidden_size': 70, 'dropout': 0.2910808122816854, 'hidden_continuous_size': 23, 'attention_head_size': 3, 'learning_rate': 0.02956075027125099}. Best is trial 1 with value: 0.03067728318274021.
[I 2023-12-26 16:23:33,832] Trial 24 finished with value: 3.6573801040649414 and parameters: {'gradient_clip_val': 0.20320620120595917, 'hidden_size': 25, 'dropout': 0.40622630507580604, 'hidden_continuous_size': 13, 'attention_head_size': 1, 'learning_rate': 0.01570702648213185}. Best is trial 1 with value: 0.03067728318274021.
[I 2023-12-26 16:23:36,484] Trial 25 finished with value: 3.1431591510772705 and parameters: {'gradient_clip_val': 0.2709574769507846, 'hidden_size': 39, 'dropout': 0.45932905640147936, 'hidden_continuous_size': 25, 'attention_head_size': 2, 'learning_rate': 0.0416108225468109}. Best is trial 1 with value: 0.03067728318274021.
