[I 2023-12-16 02:58:09,606] Trial 9 finished with value: 448.9714050292969 and parameters: {'gradient_clip_val': 0.30134270881997166, 'hidden_size': 5, 'dropout': 0.2767967135683745, 'hidden_continuous_size': 5, 'attention_head_size': 1, 'learning_rate': 0.020825456516039956}. Best is trial 5 with value: 99.2353286743164.
LOCAL_RANK: 0 - CUDA_VISIBLE_DEVICES: [0]
[I 2023-12-16 02:59:03,624] Trial 10 finished with value: 425.7503662109375 and parameters: {'gradient_clip_val': 0.1759960220468883, 'hidden_size': 41, 'dropout': 0.3982521366271799, 'hidden_continuous_size': 40, 'attention_head_size': 4, 'learning_rate': 0.003967798489543607}. Best is trial 5 with value: 99.2353286743164.
LOCAL_RANK: 0 - CUDA_VISIBLE_DEVICES: [0]
[I 2023-12-16 02:59:55,790] Trial 11 finished with value: 274.0965881347656 and parameters: {'gradient_clip_val': 0.10273542942308488, 'hidden_size': 36, 'dropout': 0.11665267982295402, 'hidden_continuous_size': 21, 'attention_head_size': 3, 'learning_rate': 0.0006405553106009096}. Best is trial 5 with value: 99.2353286743164.
LOCAL_RANK: 0 - CUDA_VISIBLE_DEVICES: [0]
[I 2023-12-16 03:00:45,118] Trial 12 finished with value: 435.763427734375 and parameters: {'gradient_clip_val': 0.18129037562734276, 'hidden_size': 32, 'dropout': 0.1585792749848282, 'hidden_continuous_size': 9, 'attention_head_size': 3, 'learning_rate': 0.000510160327441805}. Best is trial 5 with value: 99.2353286743164.
LOCAL_RANK: 0 - CUDA_VISIBLE_DEVICES: [0]
[I 2023-12-16 03:01:38,535] Trial 13 finished with value: 208.7850799560547 and parameters: {'gradient_clip_val': 0.1779879459449997, 'hidden_size': 51, 'dropout': 0.17516972772550166, 'hidden_continuous_size': 26, 'attention_head_size': 2, 'learning_rate': 0.0013466575013712993}. Best is trial 5 with value: 99.2353286743164.
LOCAL_RANK: 0 - CUDA_VISIBLE_DEVICES: [0]
[I 2023-12-16 03:02:28,652] Trial 14 finished with value: 286.0283203125 and parameters: {'gradient_clip_val': 0.10141366175975719, 'hidden_size': 26, 'dropout': 0.11162116838166683, 'hidden_continuous_size': 11, 'attention_head_size': 3, 'learning_rate': 0.0005311810826066152}. Best is trial 5 with value: 99.2353286743164.
LOCAL_RANK: 0 - CUDA_VISIBLE_DEVICES: [0]
[I 2023-12-16 03:03:22,243] Trial 15 finished with value: 322.7546081542969 and parameters: {'gradient_clip_val': 0.23070520351664411, 'hidden_size': 55, 'dropout': 0.15997302625801213, 'hidden_continuous_size': 26, 'attention_head_size': 2, 'learning_rate': 0.0030879210181687}. Best is trial 5 with value: 99.2353286743164.
LOCAL_RANK: 0 - CUDA_VISIBLE_DEVICES: [0]
[I 2023-12-16 03:04:12,455] Trial 16 finished with value: 287.1293640136719 and parameters: {'gradient_clip_val': 0.4184587055845972, 'hidden_size': 25, 'dropout': 0.24395162070686205, 'hidden_continuous_size': 10, 'attention_head_size': 4, 'learning_rate': 0.0009568582063300073}. Best is trial 5 with value: 99.2353286743164.
LOCAL_RANK: 0 - CUDA_VISIBLE_DEVICES: [0]
[I 2023-12-16 03:05:11,217] Trial 17 finished with value: 299.3735656738281 and parameters: {'gradient_clip_val': 0.1337227113720094, 'hidden_size': 99, 'dropout': 0.18475413194985768, 'hidden_continuous_size': 70, 'attention_head_size': 3, 'learning_rate': 0.0009601420799686564}. Best is trial 5 with value: 99.2353286743164.
LOCAL_RANK: 0 - CUDA_VISIBLE_DEVICES: [0]
[I 2023-12-16 03:06:00,536] Trial 18 finished with value: 391.8247985839844 and parameters: {'gradient_clip_val': 0.22838025190699965, 'hidden_size': 25, 'dropout': 0.1407108772407127, 'hidden_continuous_size': 11, 'attention_head_size': 2, 'learning_rate': 0.0024011615162537587}. Best is trial 5 with value: 99.2353286743164.
LOCAL_RANK: 0 - CUDA_VISIBLE_DEVICES: [0]
[I 2023-12-16 03:06:53,299] Trial 19 finished with value: 147.69627380371094 and parameters: {'gradient_clip_val': 0.9792803797066382, 'hidden_size': 44, 'dropout': 0.10685565738159655, 'hidden_continuous_size': 13, 'attention_head_size': 3, 'learning_rate': 0.004975937278423337}. Best is trial 5 with value: 99.2353286743164.
LOCAL_RANK: 0 - CUDA_VISIBLE_DEVICES: [0]
[I 2023-12-16 03:07:46,406] Trial 20 finished with value: 435.3792419433594 and parameters: {'gradient_clip_val': 0.40308342692113824, 'hidden_size': 60, 'dropout': 0.14818932801222998, 'hidden_continuous_size': 8, 'attention_head_size': 2, 'learning_rate': 0.0020393971757968095}. Best is trial 5 with value: 99.2353286743164.
LOCAL_RANK: 0 - CUDA_VISIBLE_DEVICES: [0]
[I 2023-12-16 03:08:33,374] Trial 21 finished with value: 522.1780395507812 and parameters: {'gradient_clip_val': 0.3520657628663564, 'hidden_size': 20, 'dropout': 0.26674864807251786, 'hidden_continuous_size': 8, 'attention_head_size': 1, 'learning_rate': 0.008799173393887012}. Best is trial 5 with value: 99.2353286743164.
LOCAL_RANK: 0 - CUDA_VISIBLE_DEVICES: [0]
[I 2023-12-16 03:09:23,138] Trial 22 finished with value: 267.87969970703125 and parameters: {'gradient_clip_val': 0.25334595125590414, 'hidden_size': 32, 'dropout': 0.2520713222578207, 'hidden_continuous_size': 17, 'attention_head_size': 1, 'learning_rate': 0.0008379241979789208}. Best is trial 5 with value: 99.2353286743164.
LOCAL_RANK: 0 - CUDA_VISIBLE_DEVICES: [0]
[I 2023-12-16 03:10:11,881] Trial 23 finished with value: 272.7375183105469 and parameters: {'gradient_clip_val': 0.3395231332103199, 'hidden_size': 19, 'dropout': 0.23450623353955122, 'hidden_continuous_size': 11, 'attention_head_size': 1, 'learning_rate': 0.00715674475751528}. Best is trial 5 with value: 99.2353286743164.
LOCAL_RANK: 0 - CUDA_VISIBLE_DEVICES: [0]
[I 2023-12-16 03:11:01,878] Trial 24 finished with value: 141.61611938476562 and parameters: {'gradient_clip_val': 0.28813917924553145, 'hidden_size': 31, 'dropout': 0.27949289257085125, 'hidden_continuous_size': 15, 'attention_head_size': 2, 'learning_rate': 0.0015576615627642177}. Best is trial 5 with value: 99.2353286743164.
LOCAL_RANK: 0 - CUDA_VISIBLE_DEVICES: [0]
[I 2023-12-16 03:11:55,017] Trial 25 finished with value: 276.292724609375 and parameters: {'gradient_clip_val': 0.13252690324602204, 'hidden_size': 42, 'dropout': 0.19335558183572016, 'hidden_continuous_size': 18, 'attention_head_size': 3, 'learning_rate': 0.0009282350154877461}. Best is trial 5 with value: 99.2353286743164.
LOCAL_RANK: 0 - CUDA_VISIBLE_DEVICES: [0]
[I 2023-12-16 03:12:43,908] Trial 26 finished with value: 319.0801696777344 and parameters: {'gradient_clip_val': 0.23009961263731687, 'hidden_size': 19, 'dropout': 0.22592609822301155, 'hidden_continuous_size': 12, 'attention_head_size': 2, 'learning_rate': 0.0027439155608639473}. Best is trial 5 with value: 99.2353286743164.
LOCAL_RANK: 0 - CUDA_VISIBLE_DEVICES: [0]
[I 2023-12-16 03:13:28,326] Trial 27 finished with value: 145.6947784423828 and parameters: {'gradient_clip_val': 0.37231015833157177, 'hidden_size': 12, 'dropout': 0.1950699838043526, 'hidden_continuous_size': 6, 'attention_head_size': 1, 'learning_rate': 0.0007072906248580551}. Best is trial 5 with value: 99.2353286743164.
LOCAL_RANK: 0 - CUDA_VISIBLE_DEVICES: [0]
[I 2023-12-16 03:14:18,624] Trial 28 finished with value: 117.35120391845703 and parameters: {'gradient_clip_val': 0.2638950457306301, 'hidden_size': 27, 'dropout': 0.3010122141976018, 'hidden_continuous_size': 14, 'attention_head_size': 4, 'learning_rate': 0.0012702933773057234}. Best is trial 5 with value: 99.2353286743164.
LOCAL_RANK: 0 - CUDA_VISIBLE_DEVICES: [0]
[I 2023-12-16 03:15:08,956] Trial 29 finished with value: 420.890625 and parameters: {'gradient_clip_val': 0.19629226835275013, 'hidden_size': 26, 'dropout': 0.3023000823418793, 'hidden_continuous_size': 13, 'attention_head_size': 4, 'learning_rate': 0.0012856127506047817}. Best is trial 5 with value: 99.2353286743164.
LOCAL_RANK: 0 - CUDA_VISIBLE_DEVICES: [0]
[I 2023-12-16 03:15:55,643] Trial 30 finished with value: 373.8067932128906 and parameters: {'gradient_clip_val': 0.46244629587463026, 'hidden_size': 10, 'dropout': 0.3379887185824044, 'hidden_continuous_size': 5, 'attention_head_size': 4, 'learning_rate': 0.0007632289866883218}. Best is trial 5 with value: 99.2353286743164.
LOCAL_RANK: 0 - CUDA_VISIBLE_DEVICES: [0]
[I 2023-12-16 03:16:46,007] Trial 31 finished with value: 470.605712890625 and parameters: {'gradient_clip_val': 0.2872131672625618, 'hidden_size': 22, 'dropout': 0.2585033728757553, 'hidden_continuous_size': 14, 'attention_head_size': 4, 'learning_rate': 0.0005224277970148394}. Best is trial 5 with value: 99.2353286743164.
LOCAL_RANK: 0 - CUDA_VISIBLE_DEVICES: [0]
[I 2023-12-16 03:17:33,965] Trial 32 finished with value: 504.3072814941406 and parameters: {'gradient_clip_val': 0.33465067082382516, 'hidden_size': 17, 'dropout': 0.22922586840378953, 'hidden_continuous_size': 10, 'attention_head_size': 3, 'learning_rate': 0.002096781101038406}. Best is trial 5 with value: 99.2353286743164.
LOCAL_RANK: 0 - CUDA_VISIBLE_DEVICES: [0]
[I 2023-12-16 03:18:24,274] Trial 33 finished with value: 374.2182922363281 and parameters: {'gradient_clip_val': 0.2636900163669349, 'hidden_size': 31, 'dropout': 0.28845972851517865, 'hidden_continuous_size': 15, 'attention_head_size': 3, 'learning_rate': 0.0011740831915743467}. Best is trial 5 with value: 99.2353286743164.
LOCAL_RANK: 0 - CUDA_VISIBLE_DEVICES: [0]
[I 2023-12-16 03:19:10,801] Trial 34 finished with value: 309.4322814941406 and parameters: {'gradient_clip_val': 0.3204466205078487, 'hidden_size': 16, 'dropout': 0.20860071836624933, 'hidden_continuous_size': 9, 'attention_head_size': 4, 'learning_rate': 0.0016901397019493552}. Best is trial 5 with value: 99.2353286743164.
LOCAL_RANK: 0 - CUDA_VISIBLE_DEVICES: [0]
[I 2023-12-16 03:19:59,828] Trial 35 finished with value: 329.3290100097656 and parameters: {'gradient_clip_val': 0.25713764820811064, 'hidden_size': 21, 'dropout': 0.24916124332229428, 'hidden_continuous_size': 12, 'attention_head_size': 1, 'learning_rate': 0.04134468955624996}. Best is trial 5 with value: 99.2353286743164.
LOCAL_RANK: 0 - CUDA_VISIBLE_DEVICES: [0]
[I 2023-12-16 03:20:49,402] Trial 36 finished with value: 364.9233093261719 and parameters: {'gradient_clip_val': 0.20470975925476817, 'hidden_size': 23, 'dropout': 0.3229350419318415, 'hidden_continuous_size': 14, 'attention_head_size': 2, 'learning_rate': 0.014438686212774639}. Best is trial 5 with value: 99.2353286743164.
LOCAL_RANK: 0 - CUDA_VISIBLE_DEVICES: [0]
[I 2023-12-16 03:21:35,244] Trial 37 finished with value: 409.0571594238281 and parameters: {'gradient_clip_val': 0.30647479059130306, 'hidden_size': 15, 'dropout': 0.22022086545673691, 'hidden_continuous_size': 7, 'attention_head_size': 1, 'learning_rate': 0.08506033074347562}. Best is trial 5 with value: 99.2353286743164.
LOCAL_RANK: 0 - CUDA_VISIBLE_DEVICES: [0]
[I 2023-12-16 03:22:28,600] Trial 38 finished with value: 235.4397430419922 and parameters: {'gradient_clip_val': 0.5660349889270018, 'hidden_size': 38, 'dropout': 0.2964089050772579, 'hidden_continuous_size': 18, 'attention_head_size': 3, 'learning_rate': 0.09920869767096399}. Best is trial 5 with value: 99.2353286743164.
LOCAL_RANK: 0 - CUDA_VISIBLE_DEVICES: [0]
[I 2023-12-16 03:23:18,171] Trial 39 finished with value: 280.8017578125 and parameters: {'gradient_clip_val': 0.4732117704976549, 'hidden_size': 28, 'dropout': 0.2682314545381669, 'hidden_continuous_size': 16, 'attention_head_size': 4, 'learning_rate': 0.06141712126889169}. Best is trial 5 with value: 99.2353286743164.
LOCAL_RANK: 0 - CUDA_VISIBLE_DEVICES: [0]
[I 2023-12-16 03:24:10,486] Trial 40 finished with value: 110.3582992553711 and parameters: {'gradient_clip_val': 0.6852593489238964, 'hidden_size': 34, 'dropout': 0.2852103106144438, 'hidden_continuous_size': 19, 'attention_head_size': 2, 'learning_rate': 0.001136224404465612}. Best is trial 5 with value: 99.2353286743164.
LOCAL_RANK: 0 - CUDA_VISIBLE_DEVICES: [0]
[I 2023-12-16 03:25:02,579] Trial 41 finished with value: 356.7690734863281 and parameters: {'gradient_clip_val': 0.5149543857560045, 'hidden_size': 36, 'dropout': 0.2824794878056942, 'hidden_continuous_size': 19, 'attention_head_size': 2, 'learning_rate': 0.0010924499536492018}. Best is trial 5 with value: 99.2353286743164.
LOCAL_RANK: 0 - CUDA_VISIBLE_DEVICES: [0]
[I 2023-12-16 03:25:54,751] Trial 42 finished with value: 235.8850555419922 and parameters: {'gradient_clip_val': 0.7553553875281596, 'hidden_size': 48, 'dropout': 0.2688890203234757, 'hidden_continuous_size': 19, 'attention_head_size': 2, 'learning_rate': 0.0006649482881542882}. Best is trial 5 with value: 99.2353286743164.
LOCAL_RANK: 0 - CUDA_VISIBLE_DEVICES: [0]
[I 2023-12-16 03:26:45,628] Trial 43 finished with value: 95.21484375 and parameters: {'gradient_clip_val': 0.6500014860438564, 'hidden_size': 36, 'dropout': 0.29209821582503986, 'hidden_continuous_size': 16, 'attention_head_size': 2, 'learning_rate': 0.0013489734853986805}. Best is trial 43 with value: 95.21484375.
LOCAL_RANK: 0 - CUDA_VISIBLE_DEVICES: [0]
[I 2023-12-16 03:27:38,389] Trial 44 finished with value: 553.099365234375 and parameters: {'gradient_clip_val': 0.5720172124142655, 'hidden_size': 41, 'dropout': 0.3172256500357695, 'hidden_continuous_size': 16, 'attention_head_size': 2, 'learning_rate': 0.0016853308600828416}. Best is trial 43 with value: 95.21484375.
LOCAL_RANK: 0 - CUDA_VISIBLE_DEVICES: [0]
[I 2023-12-16 03:28:28,857] Trial 45 finished with value: 311.9883117675781 and parameters: {'gradient_clip_val': 0.6550858419731866, 'hidden_size': 34, 'dropout': 0.28692746568853855, 'hidden_continuous_size': 14, 'attention_head_size': 2, 'learning_rate': 0.0013662586267087443}. Best is trial 43 with value: 95.21484375.
LOCAL_RANK: 0 - CUDA_VISIBLE_DEVICES: [0]
[I 2023-12-16 03:29:17,713] Trial 46 finished with value: 135.05618286132812 and parameters: {'gradient_clip_val': 0.6268587855057469, 'hidden_size': 28, 'dropout': 0.2994096340284478, 'hidden_continuous_size': 15, 'attention_head_size': 2, 'learning_rate': 0.0011112026326464176}. Best is trial 43 with value: 95.21484375.
LOCAL_RANK: 0 - CUDA_VISIBLE_DEVICES: [0]
[I 2023-12-16 03:30:11,406] Trial 47 finished with value: 87.0174789428711 and parameters: {'gradient_clip_val': 0.7867129685685464, 'hidden_size': 63, 'dropout': 0.3284467196966317, 'hidden_continuous_size': 21, 'attention_head_size': 2, 'learning_rate': 0.0006509823772111423}. Best is trial 47 with value: 87.0174789428711.
LOCAL_RANK: 0 - CUDA_VISIBLE_DEVICES: [0]
[I 2023-12-16 03:31:05,677] Trial 48 finished with value: 206.9581756591797 and parameters: {'gradient_clip_val': 0.7558544269545282, 'hidden_size': 73, 'dropout': 0.3328881427921797, 'hidden_continuous_size': 22, 'attention_head_size': 2, 'learning_rate': 0.0007500165369650189}. Best is trial 47 with value: 87.0174789428711.
LOCAL_RANK: 0 - CUDA_VISIBLE_DEVICES: [0]
[I 2023-12-16 03:31:59,560] Trial 49 finished with value: 204.0264129638672 and parameters: {'gradient_clip_val': 0.6670994406339504, 'hidden_size': 59, 'dropout': 0.34777270168018726, 'hidden_continuous_size': 22, 'attention_head_size': 2, 'learning_rate': 0.0006131061454341597}. Best is trial 47 with value: 87.0174789428711.
[I 2023-12-16 03:31:59,653] A new study created in memory with name: no-name-b5db0955-3e8c-4a0b-8a1c-e61e3b42f09e
/home/le004/conda/anaconda3/envs/tsff_env/lib/python3.9/site-packages/lightning/fabric/plugins/environments/slurm.py:191: The `srun` command is available on your system but is not used. HINT: If your intention is to run Lightning on SLURM, prepend your python command with `srun` like so: srun python /home/le004/master_thesis/git/TSFusionForecast/code/ ...
LOCAL_RANK: 0 - CUDA_VISIBLE_DEVICES: [0]
[I 2023-12-16 03:32:48,747] Trial 0 finished with value: 70.21065521240234 and parameters: {'gradient_clip_val': 0.14866339654500746, 'hidden_size': 22, 'dropout': 0.15934769513773056, 'hidden_continuous_size': 7, 'attention_head_size': 3, 'learning_rate': 0.07431795640863899}. Best is trial 0 with value: 70.21065521240234.
LOCAL_RANK: 0 - CUDA_VISIBLE_DEVICES: [0]
[I 2023-12-16 03:33:25,113] Trial 1 finished with value: 148.3036346435547 and parameters: {'gradient_clip_val': 0.10148667984503754, 'hidden_size': 5, 'dropout': 0.19988897846318093, 'hidden_continuous_size': 5, 'attention_head_size': 1, 'learning_rate': 0.0020876885207548428}. Best is trial 0 with value: 70.21065521240234.
LOCAL_RANK: 0 - CUDA_VISIBLE_DEVICES: [0]
[I 2023-12-16 03:34:20,392] Trial 2 finished with value: 145.95204162597656 and parameters: {'gradient_clip_val': 0.39956695968964023, 'hidden_size': 86, 'dropout': 0.28497235326114945, 'hidden_continuous_size': 28, 'attention_head_size': 3, 'learning_rate': 0.02625450763290966}. Best is trial 0 with value: 70.21065521240234.
LOCAL_RANK: 0 - CUDA_VISIBLE_DEVICES: [0]
[I 2023-12-16 03:35:06,438] Trial 3 finished with value: 109.09598541259766 and parameters: {'gradient_clip_val': 0.22087060972930525, 'hidden_size': 15, 'dropout': 0.25284901430116025, 'hidden_continuous_size': 7, 'attention_head_size': 1, 'learning_rate': 0.00544400516775813}. Best is trial 0 with value: 70.21065521240234.
LOCAL_RANK: 0 - CUDA_VISIBLE_DEVICES: [0]
[I 2023-12-16 03:36:00,422] Trial 4 finished with value: 137.3932647705078 and parameters: {'gradient_clip_val': 0.455245015400453, 'hidden_size': 49, 'dropout': 0.32863259844251536, 'hidden_continuous_size': 14, 'attention_head_size': 4, 'learning_rate': 0.005028840189193428}. Best is trial 0 with value: 70.21065521240234.
LOCAL_RANK: 0 - CUDA_VISIBLE_DEVICES: [0]
[I 2023-12-16 03:36:47,336] Trial 5 finished with value: 57.855350494384766 and parameters: {'gradient_clip_val': 0.7472920577437816, 'hidden_size': 9, 'dropout': 0.11146496730857854, 'hidden_continuous_size': 8, 'attention_head_size': 4, 'learning_rate': 0.007679066760902857}. Best is trial 5 with value: 57.855350494384766.
LOCAL_RANK: 0 - CUDA_VISIBLE_DEVICES: [0]
[I 2023-12-16 03:37:33,736] Trial 6 finished with value: 77.35418701171875 and parameters: {'gradient_clip_val': 0.1350672986474213, 'hidden_size': 9, 'dropout': 0.37908472663909265, 'hidden_continuous_size': 7, 'attention_head_size': 3, 'learning_rate': 0.0057746190266476745}. Best is trial 5 with value: 57.855350494384766.
LOCAL_RANK: 0 - CUDA_VISIBLE_DEVICES: [0]
[I 2023-12-16 03:38:26,628] Trial 7 finished with value: 74.26972198486328 and parameters: {'gradient_clip_val': 0.44212182119185867, 'hidden_size': 27, 'dropout': 0.2057256258299823, 'hidden_continuous_size': 26, 'attention_head_size': 4, 'learning_rate': 0.003004511144703966}. Best is trial 5 with value: 57.855350494384766.
LOCAL_RANK: 0 - CUDA_VISIBLE_DEVICES: [0]
[I 2023-12-16 03:39:16,497] Trial 8 finished with value: 53.61582565307617 and parameters: {'gradient_clip_val': 0.33773838789017685, 'hidden_size': 27, 'dropout': 0.16015471963561934, 'hidden_continuous_size': 6, 'attention_head_size': 4, 'learning_rate': 0.0009797213198290211}. Best is trial 8 with value: 53.61582565307617.
LOCAL_RANK: 0 - CUDA_VISIBLE_DEVICES: [0]
[I 2023-12-16 03:40:06,132] Trial 9 finished with value: 38.93623733520508 and parameters: {'gradient_clip_val': 0.22751018184309982, 'hidden_size': 32, 'dropout': 0.34576824374132975, 'hidden_continuous_size': 15, 'attention_head_size': 4, 'learning_rate': 0.0168180046169435}. Best is trial 9 with value: 38.93623733520508.
LOCAL_RANK: 0 - CUDA_VISIBLE_DEVICES: [0]
[I 2023-12-16 03:40:58,880] Trial 10 finished with value: 44.89352798461914 and parameters: {'gradient_clip_val': 0.2326640679803615, 'hidden_size': 48, 'dropout': 0.39201365208893607, 'hidden_continuous_size': 45, 'attention_head_size': 2, 'learning_rate': 0.0005204057035269939}. Best is trial 9 with value: 38.93623733520508.
LOCAL_RANK: 0 - CUDA_VISIBLE_DEVICES: [0]
[I 2023-12-16 03:41:53,359] Trial 11 finished with value: 78.21907043457031 and parameters: {'gradient_clip_val': 0.22142484496286602, 'hidden_size': 51, 'dropout': 0.3989558300713313, 'hidden_continuous_size': 46, 'attention_head_size': 2, 'learning_rate': 0.0006045689184977844}. Best is trial 9 with value: 38.93623733520508.
LOCAL_RANK: 0 - CUDA_VISIBLE_DEVICES: [0]
[I 2023-12-16 03:42:46,167] Trial 12 finished with value: 46.133392333984375 and parameters: {'gradient_clip_val': 0.2430023381798942, 'hidden_size': 43, 'dropout': 0.3462564163632535, 'hidden_continuous_size': 13, 'attention_head_size': 2, 'learning_rate': 0.0005240416831007721}. Best is trial 9 with value: 38.93623733520508.
LOCAL_RANK: 0 - CUDA_VISIBLE_DEVICES: [0]
[I 2023-12-16 03:43:42,635] Trial 13 finished with value: 150.09957885742188 and parameters: {'gradient_clip_val': 0.27755348868779295, 'hidden_size': 73, 'dropout': 0.3349983833164194, 'hidden_continuous_size': 69, 'attention_head_size': 2, 'learning_rate': 0.014138372525925138}. Best is trial 9 with value: 38.93623733520508.
LOCAL_RANK: 0 - CUDA_VISIBLE_DEVICES: [0]
[I 2023-12-16 03:44:40,106] Trial 14 finished with value: 84.22185516357422 and parameters: {'gradient_clip_val': 0.1759830571137929, 'hidden_size': 96, 'dropout': 0.39872132502282587, 'hidden_continuous_size': 89, 'attention_head_size': 2, 'learning_rate': 0.001999091257764281}. Best is trial 9 with value: 38.93623733520508.
LOCAL_RANK: 0 - CUDA_VISIBLE_DEVICES: [0]
[I 2023-12-16 03:45:30,458] Trial 15 finished with value: 86.143310546875 and parameters: {'gradient_clip_val': 0.1933744023896809, 'hidden_size': 33, 'dropout': 0.3576146866811712, 'hidden_continuous_size': 10, 'attention_head_size': 3, 'learning_rate': 0.00125354869010844}. Best is trial 9 with value: 38.93623733520508.
LOCAL_RANK: 0 - CUDA_VISIBLE_DEVICES: [0]
[I 2023-12-16 03:46:23,596] Trial 16 finished with value: 59.76591110229492 and parameters: {'gradient_clip_val': 0.3221167094435083, 'hidden_size': 60, 'dropout': 0.3061225879859116, 'hidden_continuous_size': 21, 'attention_head_size': 1, 'learning_rate': 0.016167592444429044}. Best is trial 9 with value: 38.93623733520508.
LOCAL_RANK: 0 - CUDA_VISIBLE_DEVICES: [0]
