[I 2023-12-26 11:56:51,304] Trial 43 finished with value: 439.1158752441406 and parameters: {'gradient_clip_val': 0.44082141725869656, 'hidden_size': 21, 'dropout': 0.42990563267351867, 'hidden_continuous_size': 8, 'attention_head_size': 3, 'learning_rate': 0.001827587450025394}. Best is trial 0 with value: 116.4582748413086.
[I 2023-12-26 11:56:53,487] Trial 44 finished with value: 346.9013366699219 and parameters: {'gradient_clip_val': 0.3950986392271779, 'hidden_size': 12, 'dropout': 0.46868570775126034, 'hidden_continuous_size': 7, 'attention_head_size': 2, 'learning_rate': 0.0030436840864866512}. Best is trial 0 with value: 116.4582748413086.
[I 2023-12-26 11:56:55,860] Trial 45 finished with value: 361.2890625 and parameters: {'gradient_clip_val': 0.33917093748593813, 'hidden_size': 15, 'dropout': 0.39034992073244246, 'hidden_continuous_size': 7, 'attention_head_size': 3, 'learning_rate': 0.0018352782340064113}. Best is trial 0 with value: 116.4582748413086.
[I 2023-12-26 11:56:58,349] Trial 46 finished with value: 425.4141845703125 and parameters: {'gradient_clip_val': 0.5391145589908194, 'hidden_size': 22, 'dropout': 0.1962291755979227, 'hidden_continuous_size': 8, 'attention_head_size': 2, 'learning_rate': 0.0006454048359733385}. Best is trial 0 with value: 116.4582748413086.
[I 2023-12-26 11:57:00,980] Trial 47 finished with value: 422.2787780761719 and parameters: {'gradient_clip_val': 0.487372938549422, 'hidden_size': 18, 'dropout': 0.4187125532832233, 'hidden_continuous_size': 9, 'attention_head_size': 3, 'learning_rate': 0.004775495440863134}. Best is trial 0 with value: 116.4582748413086.
[I 2023-12-26 11:57:03,691] Trial 48 finished with value: 314.4501037597656 and parameters: {'gradient_clip_val': 0.43975605627220465, 'hidden_size': 27, 'dropout': 0.49577437212745123, 'hidden_continuous_size': 6, 'attention_head_size': 2, 'learning_rate': 0.0026984522653925743}. Best is trial 0 with value: 116.4582748413086.
[I 2023-12-26 11:57:05,884] Trial 49 finished with value: 373.9075622558594 and parameters: {'gradient_clip_val': 0.30095451427255393, 'hidden_size': 9, 'dropout': 0.4828950872033838, 'hidden_continuous_size': 5, 'attention_head_size': 4, 'learning_rate': 0.0010324566615261114}. Best is trial 0 with value: 116.4582748413086.
[I 2023-12-26 11:57:06,021] A new study created in memory with name: no-name-a22f80ea-c1b4-4749-ad1a-44b450ed5439
/home/le004/conda/anaconda3/envs/tsff_env/lib/python3.9/site-packages/lightning/fabric/plugins/environments/slurm.py:191: The `srun` command is available on your system but is not used. HINT: If your intention is to run Lightning on SLURM, prepend your python command with `srun` like so: srun python /home/le004/master_thesis/git/TSFusionForecast/code/ ...
[I 2023-12-26 12:07:16,224] Trial 0 finished with value: 0.0983399972319603 and parameters: {'gradient_clip_val': 0.3083079171907235, 'hidden_size': 134, 'dropout': 0.430019101796162, 'hidden_continuous_size': 43, 'attention_head_size': 3, 'learning_rate': 0.004799882233495742}. Best is trial 0 with value: 0.0983399972319603.
[I 2023-12-26 12:07:20,541] Trial 1 finished with value: 3.275242567062378 and parameters: {'gradient_clip_val': 0.7959815279588652, 'hidden_size': 68, 'dropout': 0.4186757667776758, 'hidden_continuous_size': 25, 'attention_head_size': 1, 'learning_rate': 0.057743492842559085}. Best is trial 0 with value: 0.0983399972319603.
[I 2023-12-26 12:07:23,207] Trial 2 finished with value: 2.5513436794281006 and parameters: {'gradient_clip_val': 0.137823531141095, 'hidden_size': 38, 'dropout': 0.1598949977209051, 'hidden_continuous_size': 6, 'attention_head_size': 2, 'learning_rate': 0.0005322614128989712}. Best is trial 0 with value: 0.0983399972319603.
[I 2023-12-26 12:07:25,718] Trial 3 finished with value: 2.4946329593658447 and parameters: {'gradient_clip_val': 0.959786417273669, 'hidden_size': 32, 'dropout': 0.239744104225746, 'hidden_continuous_size': 29, 'attention_head_size': 3, 'learning_rate': 0.03017374352285577}. Best is trial 0 with value: 0.0983399972319603.
[I 2023-12-26 12:07:27,608] Trial 4 finished with value: 2.0613932609558105 and parameters: {'gradient_clip_val': 0.46746090965614107, 'hidden_size': 5, 'dropout': 0.1152473788229766, 'hidden_continuous_size': 5, 'attention_head_size': 1, 'learning_rate': 0.002225589105416748}. Best is trial 0 with value: 0.0983399972319603.
[I 2023-12-26 12:07:37,133] Trial 5 finished with value: 2.7104408740997314 and parameters: {'gradient_clip_val': 0.3564726417630337, 'hidden_size': 149, 'dropout': 0.370679429346491, 'hidden_continuous_size': 16, 'attention_head_size': 4, 'learning_rate': 0.004028314082598748}. Best is trial 0 with value: 0.0983399972319603.
[I 2023-12-26 12:07:38,865] Trial 6 finished with value: 2.6638410091400146 and parameters: {'gradient_clip_val': 0.6323539239731774, 'hidden_size': 5, 'dropout': 0.2534324382346217, 'hidden_continuous_size': 5, 'attention_head_size': 3, 'learning_rate': 0.010440901898677645}. Best is trial 0 with value: 0.0983399972319603.
[I 2023-12-26 12:07:45,019] Trial 7 finished with value: 2.7792012691497803 and parameters: {'gradient_clip_val': 0.616127002701156, 'hidden_size': 95, 'dropout': 0.3300315014546712, 'hidden_continuous_size': 6, 'attention_head_size': 4, 'learning_rate': 0.002451158593961921}. Best is trial 0 with value: 0.0983399972319603.
[I 2023-12-26 12:07:51,823] Trial 8 finished with value: 2.841398000717163 and parameters: {'gradient_clip_val': 0.2701496326464128, 'hidden_size': 108, 'dropout': 0.42539578832027447, 'hidden_continuous_size': 10, 'attention_head_size': 2, 'learning_rate': 0.005994616048653608}. Best is trial 0 with value: 0.0983399972319603.
[I 2023-12-26 12:07:53,813] Trial 9 finished with value: 2.6361052989959717 and parameters: {'gradient_clip_val': 0.6276468110235106, 'hidden_size': 10, 'dropout': 0.16307253499450158, 'hidden_continuous_size': 9, 'attention_head_size': 2, 'learning_rate': 0.008992936382214321}. Best is trial 0 with value: 0.0983399972319603.
[I 2023-12-26 12:07:57,690] Trial 10 finished with value: 2.5600814819335938 and parameters: {'gradient_clip_val': 0.1995587681683866, 'hidden_size': 55, 'dropout': 0.4976003953001835, 'hidden_continuous_size': 52, 'attention_head_size': 3, 'learning_rate': 0.09128876620837822}. Best is trial 0 with value: 0.0983399972319603.
[I 2023-12-26 12:07:59,590] Trial 11 finished with value: 2.616182565689087 and parameters: {'gradient_clip_val': 0.36623546271543544, 'hidden_size': 16, 'dropout': 0.11309235843629789, 'hidden_continuous_size': 7, 'attention_head_size': 1, 'learning_rate': 0.0016884944057863358}. Best is trial 0 with value: 0.0983399972319603.
[I 2023-12-26 12:08:01,627] Trial 12 finished with value: 2.328770875930786 and parameters: {'gradient_clip_val': 0.43718966018223127, 'hidden_size': 17, 'dropout': 0.27790641422967166, 'hidden_continuous_size': 5, 'attention_head_size': 1, 'learning_rate': 0.0015135418224840474}. Best is trial 0 with value: 0.0983399972319603.
[I 2023-12-26 12:08:03,393] Trial 13 finished with value: 3.581974744796753 and parameters: {'gradient_clip_val': 0.25937513047377553, 'hidden_size': 5, 'dropout': 0.19918819130238777, 'hidden_continuous_size': 5, 'attention_head_size': 3, 'learning_rate': 0.015397160688853079}. Best is trial 0 with value: 0.0983399972319603.
[I 2023-12-26 12:08:06,335] Trial 14 finished with value: 2.3325397968292236 and parameters: {'gradient_clip_val': 0.4296523392753452, 'hidden_size': 43, 'dropout': 0.10694557816098318, 'hidden_continuous_size': 13, 'attention_head_size': 2, 'learning_rate': 0.003346909969555965}. Best is trial 0 with value: 0.0983399972319603.
[I 2023-12-26 12:08:08,530] Trial 15 finished with value: 3.241615056991577 and parameters: {'gradient_clip_val': 0.1966427600172974, 'hidden_size': 20, 'dropout': 0.31513379203355996, 'hidden_continuous_size': 8, 'attention_head_size': 4, 'learning_rate': 0.0008800552929278572}. Best is trial 0 with value: 0.0983399972319603.
[I 2023-12-26 12:08:10,749] Trial 16 finished with value: 2.585794687271118 and parameters: {'gradient_clip_val': 0.47726358800508645, 'hidden_size': 9, 'dropout': 0.21443535892101764, 'hidden_continuous_size': 5, 'attention_head_size': 1, 'learning_rate': 0.004754788914878564}. Best is trial 0 with value: 0.0983399972319603.
[I 2023-12-26 12:08:13,059] Trial 17 finished with value: 2.7091591358184814 and parameters: {'gradient_clip_val': 0.10443933437772422, 'hidden_size': 25, 'dropout': 0.28708131089182604, 'hidden_continuous_size': 8, 'attention_head_size': 2, 'learning_rate': 0.0025105630115223065}. Best is trial 0 with value: 0.0983399972319603.
[I 2023-12-26 12:08:17,784] Trial 18 finished with value: 2.6921823024749756 and parameters: {'gradient_clip_val': 0.28829563564241667, 'hidden_size': 68, 'dropout': 0.36439316202689753, 'hidden_continuous_size': 57, 'attention_head_size': 3, 'learning_rate': 0.005272465718139617}. Best is trial 0 with value: 0.0983399972319603.
[I 2023-12-26 12:08:20,294] Trial 19 finished with value: 3.143636465072632 and parameters: {'gradient_clip_val': 0.5013883560576787, 'hidden_size': 28, 'dropout': 0.26344867030330166, 'hidden_continuous_size': 11, 'attention_head_size': 4, 'learning_rate': 0.0013928615846829605}. Best is trial 0 with value: 0.0983399972319603.
[I 2023-12-26 12:08:23,397] Trial 20 finished with value: 2.993685007095337 and parameters: {'gradient_clip_val': 0.33435811336042853, 'hidden_size': 48, 'dropout': 0.15400756274308713, 'hidden_continuous_size': 16, 'attention_head_size': 1, 'learning_rate': 0.01585784499424884}. Best is trial 0 with value: 0.0983399972319603.
[I 2023-12-26 12:08:25,290] Trial 21 finished with value: 3.0460691452026367 and parameters: {'gradient_clip_val': 0.39815660359632987, 'hidden_size': 16, 'dropout': 0.21220660046523904, 'hidden_continuous_size': 6, 'attention_head_size': 1, 'learning_rate': 0.0014119018353580405}. Best is trial 0 with value: 0.0983399972319603.
[I 2023-12-26 12:08:27,262] Trial 22 finished with value: 3.089388132095337 and parameters: {'gradient_clip_val': 0.5197682298480838, 'hidden_size': 10, 'dropout': 0.29121518341679, 'hidden_continuous_size': 5, 'attention_head_size': 1, 'learning_rate': 0.002108088143707513}. Best is trial 0 with value: 0.0983399972319603.
[I 2023-12-26 12:08:29,352] Trial 23 finished with value: 2.862114667892456 and parameters: {'gradient_clip_val': 0.4105654676348031, 'hidden_size': 14, 'dropout': 0.2697819606198645, 'hidden_continuous_size': 7, 'attention_head_size': 2, 'learning_rate': 0.0031018399849272855}. Best is trial 0 with value: 0.0983399972319603.
[I 2023-12-26 12:08:31,499] Trial 24 finished with value: 2.292686700820923 and parameters: {'gradient_clip_val': 0.33532934072127746, 'hidden_size': 24, 'dropout': 0.33216254943995516, 'hidden_continuous_size': 6, 'attention_head_size': 1, 'learning_rate': 0.001132832473375802}. Best is trial 0 with value: 0.0983399972319603.
[I 2023-12-26 12:08:34,071] Trial 25 finished with value: 2.6620075702667236 and parameters: {'gradient_clip_val': 0.3328732369439087, 'hidden_size': 33, 'dropout': 0.3383887189073099, 'hidden_continuous_size': 9, 'attention_head_size': 2, 'learning_rate': 0.0010230916338410288}. Best is trial 0 with value: 0.0983399972319603.
[I 2023-12-26 12:08:36,405] Trial 26 finished with value: 3.0884788036346436 and parameters: {'gradient_clip_val': 0.24411731362217437, 'hidden_size': 25, 'dropout': 0.30752581030719506, 'hidden_continuous_size': 6, 'attention_head_size': 3, 'learning_rate': 0.0034737728544639297}. Best is trial 0 with value: 0.0983399972319603.
[I 2023-12-26 12:08:38,542] Trial 27 finished with value: 3.365147829055786 and parameters: {'gradient_clip_val': 0.3133674046862632, 'hidden_size': 7, 'dropout': 0.3635094147445032, 'hidden_continuous_size': 5, 'attention_head_size': 1, 'learning_rate': 0.0008205133218994541}. Best is trial 0 with value: 0.0983399972319603.
[I 2023-12-26 12:08:40,750] Trial 28 finished with value: 3.3613688945770264 and parameters: {'gradient_clip_val': 0.2297481150989417, 'hidden_size': 21, 'dropout': 0.23666475739903864, 'hidden_continuous_size': 7, 'attention_head_size': 2, 'learning_rate': 0.006879395899564736}. Best is trial 0 with value: 0.0983399972319603.
[I 2023-12-26 12:08:44,370] Trial 29 finished with value: 2.86203670501709 and parameters: {'gradient_clip_val': 0.3033585729097888, 'hidden_size': 57, 'dropout': 0.44387309323313595, 'hidden_continuous_size': 22, 'attention_head_size': 1, 'learning_rate': 0.002268912070733965}. Best is trial 0 with value: 0.0983399972319603.
[I 2023-12-26 12:08:47,035] Trial 30 finished with value: 2.2101147174835205 and parameters: {'gradient_clip_val': 0.37766799672978646, 'hidden_size': 38, 'dropout': 0.4001916239223919, 'hidden_continuous_size': 11, 'attention_head_size': 1, 'learning_rate': 0.0005240906305119625}. Best is trial 0 with value: 0.0983399972319603.
[I 2023-12-26 12:08:52,630] Trial 31 finished with value: 2.9123573303222656 and parameters: {'gradient_clip_val': 0.3701497962537041, 'hidden_size': 78, 'dropout': 0.40206996785285043, 'hidden_continuous_size': 75, 'attention_head_size': 1, 'learning_rate': 0.0006938634573206095}. Best is trial 0 with value: 0.0983399972319603.
[I 2023-12-26 12:08:55,473] Trial 32 finished with value: 3.0401036739349365 and parameters: {'gradient_clip_val': 0.5319726746086246, 'hidden_size': 39, 'dropout': 0.38546266836890886, 'hidden_continuous_size': 10, 'attention_head_size': 1, 'learning_rate': 0.0005166241008206788}. Best is trial 0 with value: 0.0983399972319603.
[I 2023-12-26 12:08:58,062] Trial 33 finished with value: 2.4717495441436768 and parameters: {'gradient_clip_val': 0.31840356365390093, 'hidden_size': 34, 'dropout': 0.34874073821783974, 'hidden_continuous_size': 13, 'attention_head_size': 1, 'learning_rate': 0.0006410068701192054}. Best is trial 0 with value: 0.0983399972319603.
[I 2023-12-26 12:09:06,941] Trial 34 finished with value: 3.058269500732422 and parameters: {'gradient_clip_val': 0.37123108054820014, 'hidden_size': 137, 'dropout': 0.401293536587549, 'hidden_continuous_size': 28, 'attention_head_size': 1, 'learning_rate': 0.0011002070919347597}. Best is trial 0 with value: 0.0983399972319603.
[I 2023-12-26 12:09:10,109] Trial 35 finished with value: 2.4660847187042236 and parameters: {'gradient_clip_val': 0.8037293685006051, 'hidden_size': 46, 'dropout': 0.3208746069825208, 'hidden_continuous_size': 19, 'attention_head_size': 3, 'learning_rate': 0.0005044554578295452}. Best is trial 0 with value: 0.0983399972319603.
[I 2023-12-26 12:09:15,101] Trial 36 finished with value: 2.76397442817688 and parameters: {'gradient_clip_val': 0.45345291280811717, 'hidden_size': 80, 'dropout': 0.4364911095888358, 'hidden_continuous_size': 33, 'attention_head_size': 2, 'learning_rate': 0.0007564037518996161}. Best is trial 0 with value: 0.0983399972319603.
[I 2023-12-26 12:09:22,591] Trial 37 finished with value: 3.2551443576812744 and parameters: {'gradient_clip_val': 0.2859693068836942, 'hidden_size': 116, 'dropout': 0.3431235943826379, 'hidden_continuous_size': 36, 'attention_head_size': 1, 'learning_rate': 0.0010448474056717573}. Best is trial 0 with value: 0.0983399972319603.
[I 2023-12-26 12:09:25,418] Trial 38 finished with value: 2.757197380065918 and parameters: {'gradient_clip_val': 0.5507997246235231, 'hidden_size': 35, 'dropout': 0.304812034209215, 'hidden_continuous_size': 15, 'attention_head_size': 3, 'learning_rate': 0.0017709762974078922}. Best is trial 0 with value: 0.0983399972319603.
[I 2023-12-26 12:09:31,481] Trial 39 finished with value: 2.2107717990875244 and parameters: {'gradient_clip_val': 0.4168594632516177, 'hidden_size': 91, 'dropout': 0.3850326411981661, 'hidden_continuous_size': 12, 'attention_head_size': 2, 'learning_rate': 0.004277512648175968}. Best is trial 0 with value: 0.0983399972319603.
[I 2023-12-26 12:09:37,489] Trial 40 finished with value: 2.9398815631866455 and parameters: {'gradient_clip_val': 0.5980717748422465, 'hidden_size': 95, 'dropout': 0.459515998216866, 'hidden_continuous_size': 20, 'attention_head_size': 3, 'learning_rate': 0.00425821745160507}. Best is trial 0 with value: 0.0983399972319603.
[I 2023-12-26 12:09:46,561] Trial 41 finished with value: 3.255460739135742 and parameters: {'gradient_clip_val': 0.3905182505427257, 'hidden_size': 146, 'dropout': 0.37784354027305284, 'hidden_continuous_size': 12, 'attention_head_size': 2, 'learning_rate': 0.0028631092162635682}. Best is trial 0 with value: 0.0983399972319603.
[I 2023-12-26 12:09:53,474] Trial 42 finished with value: 3.409393310546875 and parameters: {'gradient_clip_val': 0.4456625721358345, 'hidden_size': 113, 'dropout': 0.40820289548811484, 'hidden_continuous_size': 11, 'attention_head_size': 2, 'learning_rate': 0.0039597800991215}. Best is trial 0 with value: 0.0983399972319603.
[I 2023-12-26 12:09:57,661] Trial 43 finished with value: 2.565335750579834 and parameters: {'gradient_clip_val': 0.367045388569838, 'hidden_size': 67, 'dropout': 0.4191229824984612, 'hidden_continuous_size': 14, 'attention_head_size': 1, 'learning_rate': 0.0019613059501036563}. Best is trial 0 with value: 0.0983399972319603.
[I 2023-12-26 12:09:59,685] Trial 44 finished with value: 2.707980155944824 and parameters: {'gradient_clip_val': 0.4174076245636693, 'hidden_size': 13, 'dropout': 0.3864210231379227, 'hidden_continuous_size': 9, 'attention_head_size': 1, 'learning_rate': 0.005772781404350314}. Best is trial 0 with value: 0.0983399972319603.
[I 2023-12-26 12:10:03,019] Trial 45 finished with value: 2.6571333408355713 and parameters: {'gradient_clip_val': 0.48077117367591876, 'hidden_size': 54, 'dropout': 0.324979145505291, 'hidden_continuous_size': 17, 'attention_head_size': 2, 'learning_rate': 0.0011866033541608834}. Best is trial 0 with value: 0.0983399972319603.
[I 2023-12-26 12:10:05,782] Trial 46 finished with value: 2.5869388580322266 and parameters: {'gradient_clip_val': 0.34358830750755004, 'hidden_size': 39, 'dropout': 0.3562500009686773, 'hidden_continuous_size': 14, 'attention_head_size': 4, 'learning_rate': 0.0024337840268549237}. Best is trial 0 with value: 0.0983399972319603.
[I 2023-12-26 12:10:08,198] Trial 47 finished with value: 2.162346839904785 and parameters: {'gradient_clip_val': 0.6833246916938459, 'hidden_size': 28, 'dropout': 0.3741515829332123, 'hidden_continuous_size': 10, 'attention_head_size': 3, 'learning_rate': 0.0016452358373019065}. Best is trial 0 with value: 0.0983399972319603.
[I 2023-12-26 12:10:10,548] Trial 48 finished with value: 2.9039347171783447 and parameters: {'gradient_clip_val': 0.6757073164105725, 'hidden_size': 32, 'dropout': 0.38764115971923907, 'hidden_continuous_size': 12, 'attention_head_size': 3, 'learning_rate': 0.0017915761263889631}. Best is trial 0 with value: 0.0983399972319603.
[I 2023-12-26 12:10:12,930] Trial 49 finished with value: 2.560666799545288 and parameters: {'gradient_clip_val': 0.7460544490542068, 'hidden_size': 28, 'dropout': 0.37083710065368763, 'hidden_continuous_size': 10, 'attention_head_size': 3, 'learning_rate': 0.004622608787959353}. Best is trial 0 with value: 0.0983399972319603.
[I 2023-12-26 12:10:13,054] A new study created in memory with name: no-name-05c741f2-0698-4f2f-ab65-836c44f3910f
/home/le004/conda/anaconda3/envs/tsff_env/lib/python3.9/site-packages/lightning/fabric/plugins/environments/slurm.py:191: The `srun` command is available on your system but is not used. HINT: If your intention is to run Lightning on SLURM, prepend your python command with `srun` like so: srun python /home/le004/master_thesis/git/TSFusionForecast/code/ ...
[I 2023-12-26 12:15:05,276] Trial 0 finished with value: 0.05768193304538727 and parameters: {'gradient_clip_val': 0.3736771225270533, 'hidden_size': 11, 'dropout': 0.4063783301771141, 'hidden_continuous_size': 5, 'attention_head_size': 1, 'learning_rate': 0.0016142551603942003}. Best is trial 0 with value: 0.05768193304538727.
[I 2023-12-26 12:20:09,380] Trial 1 finished with value: 0.0830417275428772 and parameters: {'gradient_clip_val': 0.3670420526957184, 'hidden_size': 41, 'dropout': 0.24055952009197076, 'hidden_continuous_size': 36, 'attention_head_size': 4, 'learning_rate': 0.0828642801997713}. Best is trial 0 with value: 0.05768193304538727.
[I 2023-12-26 12:20:11,267] Trial 2 finished with value: 3.252044677734375 and parameters: {'gradient_clip_val': 0.18104604733602608, 'hidden_size': 9, 'dropout': 0.4925005473222298, 'hidden_continuous_size': 7, 'attention_head_size': 1, 'learning_rate': 0.013920329852609416}. Best is trial 0 with value: 0.05768193304538727.
[I 2023-12-26 12:20:13,501] Trial 3 finished with value: 2.65907883644104 and parameters: {'gradient_clip_val': 0.30023276206483185, 'hidden_size': 13, 'dropout': 0.3952547340222796, 'hidden_continuous_size': 9, 'attention_head_size': 3, 'learning_rate': 0.001234168131878566}. Best is trial 0 with value: 0.05768193304538727.
[I 2023-12-26 12:20:16,319] Trial 4 finished with value: 3.1471107006073 and parameters: {'gradient_clip_val': 0.7502172239809076, 'hidden_size': 24, 'dropout': 0.2166927202749312, 'hidden_continuous_size': 23, 'attention_head_size': 3, 'learning_rate': 0.0007489515491564149}. Best is trial 0 with value: 0.05768193304538727.
[I 2023-12-26 12:20:18,667] Trial 5 finished with value: 2.5471041202545166 and parameters: {'gradient_clip_val': 0.23252555394742697, 'hidden_size': 10, 'dropout': 0.3262777831542481, 'hidden_continuous_size': 9, 'attention_head_size': 1, 'learning_rate': 0.025214868951824336}. Best is trial 0 with value: 0.05768193304538727.
[I 2023-12-26 12:20:22,489] Trial 6 finished with value: 2.979865312576294 and parameters: {'gradient_clip_val': 0.6341184097809848, 'hidden_size': 40, 'dropout': 0.25624176226005646, 'hidden_continuous_size': 13, 'attention_head_size': 4, 'learning_rate': 0.010569956494973963}. Best is trial 0 with value: 0.05768193304538727.
