[I 2023-12-16 01:16:22,856] Trial 45 finished with value: 54.73763656616211 and parameters: {'gradient_clip_val': 0.9252616564927348, 'hidden_size': 14, 'dropout': 0.3714842445920078, 'hidden_continuous_size': 7, 'attention_head_size': 2, 'learning_rate': 0.0006389361449933602}. Best is trial 21 with value: 25.73313331604004.
LOCAL_RANK: 0 - CUDA_VISIBLE_DEVICES: [0]
[I 2023-12-16 01:17:10,916] Trial 46 finished with value: 29.453054428100586 and parameters: {'gradient_clip_val': 0.9095702973221643, 'hidden_size': 23, 'dropout': 0.3879939666105421, 'hidden_continuous_size': 9, 'attention_head_size': 1, 'learning_rate': 0.0014525898378797489}. Best is trial 21 with value: 25.73313331604004.
LOCAL_RANK: 0 - CUDA_VISIBLE_DEVICES: [0]
[I 2023-12-16 01:17:57,827] Trial 47 finished with value: 88.7195053100586 and parameters: {'gradient_clip_val': 0.9028754331365033, 'hidden_size': 24, 'dropout': 0.38892102536808915, 'hidden_continuous_size': 9, 'attention_head_size': 1, 'learning_rate': 0.0017562328592640646}. Best is trial 21 with value: 25.73313331604004.
LOCAL_RANK: 0 - CUDA_VISIBLE_DEVICES: [0]
[I 2023-12-16 01:18:45,302] Trial 48 finished with value: 76.91681671142578 and parameters: {'gradient_clip_val': 0.605236418510368, 'hidden_size': 28, 'dropout': 0.38487820731911404, 'hidden_continuous_size': 10, 'attention_head_size': 1, 'learning_rate': 0.0014829910402637768}. Best is trial 21 with value: 25.73313331604004.
LOCAL_RANK: 0 - CUDA_VISIBLE_DEVICES: [0]
[I 2023-12-16 01:19:30,164] Trial 49 finished with value: 60.49152755737305 and parameters: {'gradient_clip_val': 0.8164281582227797, 'hidden_size': 13, 'dropout': 0.33699478753672396, 'hidden_continuous_size': 7, 'attention_head_size': 1, 'learning_rate': 0.0013898737979584355}. Best is trial 21 with value: 25.73313331604004.
[I 2023-12-16 01:19:30,258] A new study created in memory with name: no-name-4deb6039-e7ed-4b5f-8e46-9d8101229de4
/home/le004/conda/anaconda3/envs/tsff_env/lib/python3.9/site-packages/lightning/fabric/plugins/environments/slurm.py:191: The `srun` command is available on your system but is not used. HINT: If your intention is to run Lightning on SLURM, prepend your python command with `srun` like so: srun python /home/le004/master_thesis/git/TSFusionForecast/code/ ...
LOCAL_RANK: 0 - CUDA_VISIBLE_DEVICES: [0]
[I 2023-12-16 01:20:23,338] Trial 0 finished with value: 40.17953109741211 and parameters: {'gradient_clip_val': 0.1279589807445082, 'hidden_size': 46, 'dropout': 0.262123860635615, 'hidden_continuous_size': 15, 'attention_head_size': 4, 'learning_rate': 0.0008860687313508804}. Best is trial 0 with value: 40.17953109741211.
LOCAL_RANK: 0 - CUDA_VISIBLE_DEVICES: [0]
[I 2023-12-16 01:21:18,177] Trial 1 finished with value: 109.419677734375 and parameters: {'gradient_clip_val': 0.2767609671553356, 'hidden_size': 91, 'dropout': 0.22631811095283008, 'hidden_continuous_size': 25, 'attention_head_size': 3, 'learning_rate': 0.0008359512527541518}. Best is trial 0 with value: 40.17953109741211.
LOCAL_RANK: 0 - CUDA_VISIBLE_DEVICES: [0]
[I 2023-12-16 01:22:02,117] Trial 2 finished with value: 64.69854736328125 and parameters: {'gradient_clip_val': 0.3262627756922709, 'hidden_size': 12, 'dropout': 0.1794797334573518, 'hidden_continuous_size': 11, 'attention_head_size': 1, 'learning_rate': 0.0030762359376637744}. Best is trial 0 with value: 40.17953109741211.
LOCAL_RANK: 0 - CUDA_VISIBLE_DEVICES: [0]
[I 2023-12-16 01:22:47,823] Trial 3 finished with value: 102.78443145751953 and parameters: {'gradient_clip_val': 0.42048966763918944, 'hidden_size': 16, 'dropout': 0.26221957632567994, 'hidden_continuous_size': 11, 'attention_head_size': 3, 'learning_rate': 0.0012418686853367894}. Best is trial 0 with value: 40.17953109741211.
LOCAL_RANK: 0 - CUDA_VISIBLE_DEVICES: [0]
[I 2023-12-16 01:23:33,307] Trial 4 finished with value: 91.157958984375 and parameters: {'gradient_clip_val': 0.38832259260237295, 'hidden_size': 11, 'dropout': 0.16948467806845469, 'hidden_continuous_size': 9, 'attention_head_size': 3, 'learning_rate': 0.029767828543278384}. Best is trial 0 with value: 40.17953109741211.
LOCAL_RANK: 0 - CUDA_VISIBLE_DEVICES: [0]
[I 2023-12-16 01:24:26,148] Trial 5 finished with value: 54.38515090942383 and parameters: {'gradient_clip_val': 0.19694655772926398, 'hidden_size': 59, 'dropout': 0.31790063301541693, 'hidden_continuous_size': 17, 'attention_head_size': 2, 'learning_rate': 0.001068872581795737}. Best is trial 0 with value: 40.17953109741211.
LOCAL_RANK: 0 - CUDA_VISIBLE_DEVICES: [0]
[I 2023-12-16 01:25:11,832] Trial 6 finished with value: 88.9787368774414 and parameters: {'gradient_clip_val': 0.6635223371719048, 'hidden_size': 14, 'dropout': 0.3412270838926128, 'hidden_continuous_size': 9, 'attention_head_size': 2, 'learning_rate': 0.004924255796257598}. Best is trial 0 with value: 40.17953109741211.
LOCAL_RANK: 0 - CUDA_VISIBLE_DEVICES: [0]
[I 2023-12-16 01:25:44,965] Trial 7 finished with value: 79.63264465332031 and parameters: {'gradient_clip_val': 0.10565935727842117, 'hidden_size': 6, 'dropout': 0.11605637140696778, 'hidden_continuous_size': 6, 'attention_head_size': 1, 'learning_rate': 0.03095190790225737}. Best is trial 0 with value: 40.17953109741211.
LOCAL_RANK: 0 - CUDA_VISIBLE_DEVICES: [0]
[I 2023-12-16 01:26:33,261] Trial 8 finished with value: 107.80155181884766 and parameters: {'gradient_clip_val': 0.11382532601454726, 'hidden_size': 22, 'dropout': 0.12583780019497845, 'hidden_continuous_size': 18, 'attention_head_size': 2, 'learning_rate': 0.0007572888490620556}. Best is trial 0 with value: 40.17953109741211.
LOCAL_RANK: 0 - CUDA_VISIBLE_DEVICES: [0]
[I 2023-12-16 01:27:21,935] Trial 9 finished with value: 52.86932373046875 and parameters: {'gradient_clip_val': 0.10432091965092753, 'hidden_size': 35, 'dropout': 0.3775109854522263, 'hidden_continuous_size': 6, 'attention_head_size': 1, 'learning_rate': 0.0006581385069675341}. Best is trial 0 with value: 40.17953109741211.
LOCAL_RANK: 0 - CUDA_VISIBLE_DEVICES: [0]
[I 2023-12-16 01:28:15,590] Trial 10 finished with value: 90.93668365478516 and parameters: {'gradient_clip_val': 0.18057462458636675, 'hidden_size': 43, 'dropout': 0.26512094232484534, 'hidden_continuous_size': 42, 'attention_head_size': 4, 'learning_rate': 0.010982968567864243}. Best is trial 0 with value: 40.17953109741211.
LOCAL_RANK: 0 - CUDA_VISIBLE_DEVICES: [0]
[I 2023-12-16 01:29:04,541] Trial 11 finished with value: 53.55512619018555 and parameters: {'gradient_clip_val': 0.10075962970364798, 'hidden_size': 30, 'dropout': 0.39560299176892466, 'hidden_continuous_size': 5, 'attention_head_size': 4, 'learning_rate': 0.0005097716769724155}. Best is trial 0 with value: 40.17953109741211.
LOCAL_RANK: 0 - CUDA_VISIBLE_DEVICES: [0]
[I 2023-12-16 01:29:53,063] Trial 12 finished with value: 46.1727294921875 and parameters: {'gradient_clip_val': 0.1518227012276089, 'hidden_size': 38, 'dropout': 0.3887572303418558, 'hidden_continuous_size': 7, 'attention_head_size': 1, 'learning_rate': 0.002296189748364144}. Best is trial 0 with value: 40.17953109741211.
LOCAL_RANK: 0 - CUDA_VISIBLE_DEVICES: [0]
[I 2023-12-16 01:30:46,725] Trial 13 finished with value: 124.78853607177734 and parameters: {'gradient_clip_val': 0.15686220990252855, 'hidden_size': 60, 'dropout': 0.3228402552281893, 'hidden_continuous_size': 31, 'attention_head_size': 4, 'learning_rate': 0.002034921211380306}. Best is trial 0 with value: 40.17953109741211.
LOCAL_RANK: 0 - CUDA_VISIBLE_DEVICES: [0]
[I 2023-12-16 01:31:36,019] Trial 14 finished with value: 89.70972442626953 and parameters: {'gradient_clip_val': 0.14370000833996885, 'hidden_size': 27, 'dropout': 0.29737988722909425, 'hidden_continuous_size': 8, 'attention_head_size': 3, 'learning_rate': 0.002008214795820991}. Best is trial 0 with value: 40.17953109741211.
LOCAL_RANK: 0 - CUDA_VISIBLE_DEVICES: [0]
[I 2023-12-16 01:32:28,085] Trial 15 finished with value: 81.04073333740234 and parameters: {'gradient_clip_val': 0.21271193518035936, 'hidden_size': 46, 'dropout': 0.3630319076035881, 'hidden_continuous_size': 14, 'attention_head_size': 2, 'learning_rate': 0.006273655834444311}. Best is trial 0 with value: 40.17953109741211.
LOCAL_RANK: 0 - CUDA_VISIBLE_DEVICES: [0]
[I 2023-12-16 01:33:16,046] Trial 16 finished with value: 46.83964920043945 and parameters: {'gradient_clip_val': 0.13950681352736527, 'hidden_size': 22, 'dropout': 0.39938819941629417, 'hidden_continuous_size': 8, 'attention_head_size': 1, 'learning_rate': 0.002697290478661684}. Best is trial 0 with value: 40.17953109741211.
LOCAL_RANK: 0 - CUDA_VISIBLE_DEVICES: [0]
[I 2023-12-16 01:34:13,674] Trial 17 finished with value: 45.68800735473633 and parameters: {'gradient_clip_val': 0.14272872813242166, 'hidden_size': 85, 'dropout': 0.3551770582723217, 'hidden_continuous_size': 79, 'attention_head_size': 4, 'learning_rate': 0.0014342442660821993}. Best is trial 0 with value: 40.17953109741211.
LOCAL_RANK: 0 - CUDA_VISIBLE_DEVICES: [0]
[I 2023-12-16 01:35:11,299] Trial 18 finished with value: 104.35330200195312 and parameters: {'gradient_clip_val': 0.20143373563278877, 'hidden_size': 86, 'dropout': 0.2920128851650804, 'hidden_continuous_size': 70, 'attention_head_size': 4, 'learning_rate': 0.0011913717507369577}. Best is trial 0 with value: 40.17953109741211.
LOCAL_RANK: 0 - CUDA_VISIBLE_DEVICES: [0]
[I 2023-12-16 01:36:07,271] Trial 19 finished with value: 53.1217155456543 and parameters: {'gradient_clip_val': 0.12726715671196923, 'hidden_size': 75, 'dropout': 0.35351725188932515, 'hidden_continuous_size': 63, 'attention_head_size': 4, 'learning_rate': 0.0014328799579287443}. Best is trial 0 with value: 40.17953109741211.
LOCAL_RANK: 0 - CUDA_VISIBLE_DEVICES: [0]
[I 2023-12-16 01:37:05,767] Trial 20 finished with value: 96.8073959350586 and parameters: {'gradient_clip_val': 0.25102004721224774, 'hidden_size': 99, 'dropout': 0.22958206069400425, 'hidden_continuous_size': 88, 'attention_head_size': 4, 'learning_rate': 0.0005173141981682246}. Best is trial 0 with value: 40.17953109741211.
LOCAL_RANK: 0 - CUDA_VISIBLE_DEVICES: [0]
[I 2023-12-16 01:37:59,198] Trial 21 finished with value: 98.80548095703125 and parameters: {'gradient_clip_val': 0.16130506914670525, 'hidden_size': 58, 'dropout': 0.36929900730163895, 'hidden_continuous_size': 22, 'attention_head_size': 3, 'learning_rate': 0.0035771883350863417}. Best is trial 0 with value: 40.17953109741211.
LOCAL_RANK: 0 - CUDA_VISIBLE_DEVICES: [0]
[I 2023-12-16 01:38:51,651] Trial 22 finished with value: 55.181365966796875 and parameters: {'gradient_clip_val': 0.13086626760239328, 'hidden_size': 43, 'dropout': 0.34531046090226875, 'hidden_continuous_size': 14, 'attention_head_size': 4, 'learning_rate': 0.001852281297496527}. Best is trial 0 with value: 40.17953109741211.
LOCAL_RANK: 0 - CUDA_VISIBLE_DEVICES: [0]
[I 2023-12-16 01:39:45,945] Trial 23 finished with value: 57.975833892822266 and parameters: {'gradient_clip_val': 0.16850291589200042, 'hidden_size': 65, 'dropout': 0.32652028591916255, 'hidden_continuous_size': 33, 'attention_head_size': 3, 'learning_rate': 0.0009650429057114128}. Best is trial 0 with value: 40.17953109741211.
LOCAL_RANK: 0 - CUDA_VISIBLE_DEVICES: [0]
[I 2023-12-16 01:40:40,614] Trial 24 finished with value: 107.14837646484375 and parameters: {'gradient_clip_val': 0.1416625689284367, 'hidden_size': 74, 'dropout': 0.37626763956058823, 'hidden_continuous_size': 43, 'attention_head_size': 2, 'learning_rate': 0.0015834932524548483}. Best is trial 0 with value: 40.17953109741211.
LOCAL_RANK: 0 - CUDA_VISIBLE_DEVICES: [0]
[I 2023-12-16 01:41:34,015] Trial 25 finished with value: 104.87505340576172 and parameters: {'gradient_clip_val': 0.12663591182345474, 'hidden_size': 51, 'dropout': 0.3030038005114025, 'hidden_continuous_size': 19, 'attention_head_size': 4, 'learning_rate': 0.002554858542844213}. Best is trial 0 with value: 40.17953109741211.
LOCAL_RANK: 0 - CUDA_VISIBLE_DEVICES: [0]
[I 2023-12-16 01:42:22,543] Trial 26 finished with value: 105.8504409790039 and parameters: {'gradient_clip_val': 0.16620529579484894, 'hidden_size': 32, 'dropout': 0.39962606333839584, 'hidden_continuous_size': 13, 'attention_head_size': 3, 'learning_rate': 0.004076506798506699}. Best is trial 0 with value: 40.17953109741211.
LOCAL_RANK: 0 - CUDA_VISIBLE_DEVICES: [0]
[I 2023-12-16 01:43:13,895] Trial 27 finished with value: 48.41334533691406 and parameters: {'gradient_clip_val': 0.12379991659156164, 'hidden_size': 38, 'dropout': 0.34219949632343233, 'hidden_continuous_size': 17, 'attention_head_size': 1, 'learning_rate': 0.0007962973383235631}. Best is trial 0 with value: 40.17953109741211.
LOCAL_RANK: 0 - CUDA_VISIBLE_DEVICES: [0]
[I 2023-12-16 01:44:07,165] Trial 28 finished with value: 53.66257858276367 and parameters: {'gradient_clip_val': 0.22505722569333994, 'hidden_size': 52, 'dropout': 0.28758280356072285, 'hidden_continuous_size': 21, 'attention_head_size': 4, 'learning_rate': 0.001562533225972134}. Best is trial 0 with value: 40.17953109741211.
LOCAL_RANK: 0 - CUDA_VISIBLE_DEVICES: [0]
[I 2023-12-16 01:45:01,914] Trial 29 finished with value: 120.1700210571289 and parameters: {'gradient_clip_val': 0.2519781834912297, 'hidden_size': 98, 'dropout': 0.23767336566232788, 'hidden_continuous_size': 26, 'attention_head_size': 2, 'learning_rate': 0.0010649561241838554}. Best is trial 0 with value: 40.17953109741211.
LOCAL_RANK: 0 - CUDA_VISIBLE_DEVICES: [0]
[I 2023-12-16 01:45:56,981] Trial 30 finished with value: 121.06421661376953 and parameters: {'gradient_clip_val': 0.18559277518712758, 'hidden_size': 81, 'dropout': 0.3607117315125241, 'hidden_continuous_size': 43, 'attention_head_size': 3, 'learning_rate': 0.002389564130242334}. Best is trial 0 with value: 40.17953109741211.
LOCAL_RANK: 0 - CUDA_VISIBLE_DEVICES: [0]
[I 2023-12-16 01:46:43,569] Trial 31 finished with value: 57.89472579956055 and parameters: {'gradient_clip_val': 0.14424159365744182, 'hidden_size': 24, 'dropout': 0.39933326800492847, 'hidden_continuous_size': 7, 'attention_head_size': 1, 'learning_rate': 0.0028656085830953554}. Best is trial 0 with value: 40.17953109741211.
LOCAL_RANK: 0 - CUDA_VISIBLE_DEVICES: [0]
[I 2023-12-16 01:47:33,120] Trial 32 finished with value: 72.68793487548828 and parameters: {'gradient_clip_val': 0.11811144888939804, 'hidden_size': 37, 'dropout': 0.3815180025301194, 'hidden_continuous_size': 11, 'attention_head_size': 1, 'learning_rate': 0.0029484787970634474}. Best is trial 0 with value: 40.17953109741211.
LOCAL_RANK: 0 - CUDA_VISIBLE_DEVICES: [0]
[I 2023-12-16 01:48:20,263] Trial 33 finished with value: 115.89104461669922 and parameters: {'gradient_clip_val': 0.14825154619245787, 'hidden_size': 28, 'dropout': 0.3737773293524153, 'hidden_continuous_size': 10, 'attention_head_size': 1, 'learning_rate': 0.001552588599301711}. Best is trial 0 with value: 40.17953109741211.
LOCAL_RANK: 0 - CUDA_VISIBLE_DEVICES: [0]
[I 2023-12-16 01:49:07,254] Trial 34 finished with value: 95.19478607177734 and parameters: {'gradient_clip_val': 0.17685966596080477, 'hidden_size': 19, 'dropout': 0.20912237732734254, 'hidden_continuous_size': 8, 'attention_head_size': 1, 'learning_rate': 0.0008874232416752572}. Best is trial 0 with value: 40.17953109741211.
LOCAL_RANK: 0 - CUDA_VISIBLE_DEVICES: [0]
[I 2023-12-16 01:49:59,918] Trial 35 finished with value: 114.92900848388672 and parameters: {'gradient_clip_val': 0.13429124085243074, 'hidden_size': 73, 'dropout': 0.38616726058981793, 'hidden_continuous_size': 12, 'attention_head_size': 1, 'learning_rate': 0.001240572749126169}. Best is trial 0 with value: 40.17953109741211.
LOCAL_RANK: 0 - CUDA_VISIBLE_DEVICES: [0]
[I 2023-12-16 01:50:51,892] Trial 36 finished with value: 51.88822555541992 and parameters: {'gradient_clip_val': 0.2924903079761965, 'hidden_size': 39, 'dropout': 0.35567459892757053, 'hidden_continuous_size': 16, 'attention_head_size': 2, 'learning_rate': 0.00407155645359532}. Best is trial 0 with value: 40.17953109741211.
LOCAL_RANK: 0 - CUDA_VISIBLE_DEVICES: [0]
[I 2023-12-16 01:51:39,655] Trial 37 finished with value: 91.0989990234375 and parameters: {'gradient_clip_val': 0.11759280545459347, 'hidden_size': 19, 'dropout': 0.33339777669350784, 'hidden_continuous_size': 9, 'attention_head_size': 3, 'learning_rate': 0.0023365865882670925}. Best is trial 0 with value: 40.17953109741211.
LOCAL_RANK: 0 - CUDA_VISIBLE_DEVICES: [0]
[I 2023-12-16 01:52:27,538] Trial 38 finished with value: 67.94786071777344 and parameters: {'gradient_clip_val': 0.19549210917092488, 'hidden_size': 25, 'dropout': 0.31316274613507955, 'hidden_continuous_size': 10, 'attention_head_size': 1, 'learning_rate': 0.008166454855240833}. Best is trial 0 with value: 40.17953109741211.
LOCAL_RANK: 0 - CUDA_VISIBLE_DEVICES: [0]
[I 2023-12-16 01:53:16,461] Trial 39 finished with value: 51.61228561401367 and parameters: {'gradient_clip_val': 0.11196414936754837, 'hidden_size': 31, 'dropout': 0.338292513564322, 'hidden_continuous_size': 15, 'attention_head_size': 2, 'learning_rate': 0.0007060047966255665}. Best is trial 0 with value: 40.17953109741211.
LOCAL_RANK: 0 - CUDA_VISIBLE_DEVICES: [0]
[I 2023-12-16 01:54:08,802] Trial 40 finished with value: 105.12459564208984 and parameters: {'gradient_clip_val': 0.15154124649489395, 'hidden_size': 50, 'dropout': 0.38698603868133663, 'hidden_continuous_size': 12, 'attention_head_size': 2, 'learning_rate': 0.09854617818660012}. Best is trial 0 with value: 40.17953109741211.
LOCAL_RANK: 0 - CUDA_VISIBLE_DEVICES: [0]
[I 2023-12-16 01:54:59,968] Trial 41 finished with value: 67.90411376953125 and parameters: {'gradient_clip_val': 0.10005793348714115, 'hidden_size': 37, 'dropout': 0.3496745675156902, 'hidden_continuous_size': 16, 'attention_head_size': 1, 'learning_rate': 0.0008827209472584085}. Best is trial 0 with value: 40.17953109741211.
LOCAL_RANK: 0 - CUDA_VISIBLE_DEVICES: [0]
[I 2023-12-16 01:55:51,531] Trial 42 finished with value: 60.1541862487793 and parameters: {'gradient_clip_val': 0.12429623934570322, 'hidden_size': 42, 'dropout': 0.367015032940329, 'hidden_continuous_size': 18, 'attention_head_size': 1, 'learning_rate': 0.0006716404690816052}. Best is trial 0 with value: 40.17953109741211.
LOCAL_RANK: 0 - CUDA_VISIBLE_DEVICES: [0]
[I 2023-12-16 01:56:39,759] Trial 43 finished with value: 56.858123779296875 and parameters: {'gradient_clip_val': 0.1120094449844031, 'hidden_size': 35, 'dropout': 0.33739618425803114, 'hidden_continuous_size': 5, 'attention_head_size': 1, 'learning_rate': 0.0011683287464382204}. Best is trial 0 with value: 40.17953109741211.
LOCAL_RANK: 0 - CUDA_VISIBLE_DEVICES: [0]
[I 2023-12-16 01:57:30,576] Trial 44 finished with value: 43.93742370605469 and parameters: {'gradient_clip_val': 0.16385810352913496, 'hidden_size': 57, 'dropout': 0.27038934219196153, 'hidden_continuous_size': 6, 'attention_head_size': 1, 'learning_rate': 0.0008114437880575713}. Best is trial 0 with value: 40.17953109741211.
LOCAL_RANK: 0 - CUDA_VISIBLE_DEVICES: [0]
[I 2023-12-16 01:58:20,961] Trial 45 finished with value: 104.83859252929688 and parameters: {'gradient_clip_val': 0.15863581467404125, 'hidden_size': 55, 'dropout': 0.2730460378502934, 'hidden_continuous_size': 6, 'attention_head_size': 1, 'learning_rate': 0.0017476320159987996}. Best is trial 0 with value: 40.17953109741211.
LOCAL_RANK: 0 - CUDA_VISIBLE_DEVICES: [0]
[I 2023-12-16 01:59:12,321] Trial 46 finished with value: 79.2061538696289 and parameters: {'gradient_clip_val': 0.17802763175093334, 'hidden_size': 63, 'dropout': 0.25383638937285413, 'hidden_continuous_size': 7, 'attention_head_size': 1, 'learning_rate': 0.0012746681609067927}. Best is trial 0 with value: 40.17953109741211.
LOCAL_RANK: 0 - CUDA_VISIBLE_DEVICES: [0]
[I 2023-12-16 02:00:04,206] Trial 47 finished with value: 93.0816879272461 and parameters: {'gradient_clip_val': 0.13829041344367657, 'hidden_size': 67, 'dropout': 0.2771968286615447, 'hidden_continuous_size': 5, 'attention_head_size': 4, 'learning_rate': 0.00216136017525617}. Best is trial 0 with value: 40.17953109741211.
LOCAL_RANK: 0 - CUDA_VISIBLE_DEVICES: [0]
[I 2023-12-16 02:00:54,133] Trial 48 finished with value: 43.57365798950195 and parameters: {'gradient_clip_val': 0.21414737517281854, 'hidden_size': 48, 'dropout': 0.3189346280691855, 'hidden_continuous_size': 6, 'attention_head_size': 2, 'learning_rate': 0.0009607945914401256}. Best is trial 0 with value: 40.17953109741211.
LOCAL_RANK: 0 - CUDA_VISIBLE_DEVICES: [0]
[I 2023-12-16 02:01:44,912] Trial 49 finished with value: 86.2928237915039 and parameters: {'gradient_clip_val': 0.22414569742477145, 'hidden_size': 47, 'dropout': 0.3082424959234452, 'hidden_continuous_size': 6, 'attention_head_size': 2, 'learning_rate': 0.0005480094875462647}. Best is trial 0 with value: 40.17953109741211.
[I 2023-12-16 02:01:45,004] A new study created in memory with name: no-name-0bc27b03-3c2b-4b66-9e66-eed06a90f1b1
/home/le004/conda/anaconda3/envs/tsff_env/lib/python3.9/site-packages/lightning/fabric/plugins/environments/slurm.py:191: The `srun` command is available on your system but is not used. HINT: If your intention is to run Lightning on SLURM, prepend your python command with `srun` like so: srun python /home/le004/master_thesis/git/TSFusionForecast/code/ ...
LOCAL_RANK: 0 - CUDA_VISIBLE_DEVICES: [0]
[I 2023-12-16 02:02:19,667] Trial 0 finished with value: 1604.03173828125 and parameters: {'gradient_clip_val': 0.5225334032953475, 'hidden_size': 5, 'dropout': 0.11992705902134201, 'hidden_continuous_size': 5, 'attention_head_size': 3, 'learning_rate': 0.0008545099494159444}. Best is trial 0 with value: 1604.03173828125.
LOCAL_RANK: 0 - CUDA_VISIBLE_DEVICES: [0]
