[I 2023-12-26 12:52:46,022] Trial 2 finished with value: 731.0817260742188 and parameters: {'gradient_clip_val': 0.10476959308550772, 'hidden_size': 15, 'dropout': 0.2893055842533605, 'hidden_continuous_size': 13, 'attention_head_size': 1, 'learning_rate': 0.0006792683576746034}. Best is trial 0 with value: 114.4454574584961.
[I 2023-12-26 12:52:48,450] Trial 3 finished with value: 614.529296875 and parameters: {'gradient_clip_val': 0.18991860252957668, 'hidden_size': 12, 'dropout': 0.4911187686217158, 'hidden_continuous_size': 9, 'attention_head_size': 2, 'learning_rate': 0.0006065850753640804}. Best is trial 0 with value: 114.4454574584961.
[I 2023-12-26 12:52:50,542] Trial 4 finished with value: 663.530517578125 and parameters: {'gradient_clip_val': 0.474389938720577, 'hidden_size': 16, 'dropout': 0.4225119236823124, 'hidden_continuous_size': 8, 'attention_head_size': 2, 'learning_rate': 0.03235068919402803}. Best is trial 0 with value: 114.4454574584961.
[I 2023-12-26 12:52:52,225] Trial 5 finished with value: 888.6635131835938 and parameters: {'gradient_clip_val': 0.5217702210759044, 'hidden_size': 5, 'dropout': 0.3709233472512856, 'hidden_continuous_size': 5, 'attention_head_size': 1, 'learning_rate': 0.004117646931089594}. Best is trial 0 with value: 114.4454574584961.
[I 2023-12-26 12:52:54,431] Trial 6 finished with value: 519.578857421875 and parameters: {'gradient_clip_val': 0.3255737772531446, 'hidden_size': 7, 'dropout': 0.3972654541189854, 'hidden_continuous_size': 5, 'attention_head_size': 4, 'learning_rate': 0.004009616951773087}. Best is trial 0 with value: 114.4454574584961.
[I 2023-12-26 12:52:56,994] Trial 7 finished with value: 542.9838256835938 and parameters: {'gradient_clip_val': 0.6743997472395651, 'hidden_size': 13, 'dropout': 0.46555469776346403, 'hidden_continuous_size': 12, 'attention_head_size': 1, 'learning_rate': 0.011959873424838152}. Best is trial 0 with value: 114.4454574584961.
[I 2023-12-26 12:52:59,426] Trial 8 finished with value: 803.4254760742188 and parameters: {'gradient_clip_val': 0.16036281145770584, 'hidden_size': 16, 'dropout': 0.41990857887426025, 'hidden_continuous_size': 11, 'attention_head_size': 2, 'learning_rate': 0.0211747594486582}. Best is trial 0 with value: 114.4454574584961.
[I 2023-12-26 12:53:02,715] Trial 9 finished with value: 558.7438354492188 and parameters: {'gradient_clip_val': 0.28229019683450296, 'hidden_size': 28, 'dropout': 0.2916916224208399, 'hidden_continuous_size': 26, 'attention_head_size': 3, 'learning_rate': 0.006436955084173522}. Best is trial 0 with value: 114.4454574584961.
[I 2023-12-26 12:53:13,054] Trial 10 finished with value: 772.8458862304688 and parameters: {'gradient_clip_val': 0.8549324970818154, 'hidden_size': 117, 'dropout': 0.10832731647728142, 'hidden_continuous_size': 59, 'attention_head_size': 4, 'learning_rate': 0.07823252575871169}. Best is trial 0 with value: 114.4454574584961.
[I 2023-12-26 12:53:24,284] Trial 11 finished with value: 614.255615234375 and parameters: {'gradient_clip_val': 0.3122140613500274, 'hidden_size': 130, 'dropout': 0.12188476343872869, 'hidden_continuous_size': 33, 'attention_head_size': 4, 'learning_rate': 0.004753529283607597}. Best is trial 0 with value: 114.4454574584961.
[I 2023-12-26 12:53:29,277] Trial 12 finished with value: 685.5541381835938 and parameters: {'gradient_clip_val': 0.38082854930819743, 'hidden_size': 54, 'dropout': 0.18744565684171133, 'hidden_continuous_size': 21, 'attention_head_size': 3, 'learning_rate': 0.002433793368760451}. Best is trial 0 with value: 114.4454574584961.
[I 2023-12-26 12:53:34,683] Trial 13 finished with value: 744.0359497070312 and parameters: {'gradient_clip_val': 0.25815789563705327, 'hidden_size': 59, 'dropout': 0.22070053376970045, 'hidden_continuous_size': 18, 'attention_head_size': 4, 'learning_rate': 0.0022476834365653987}. Best is trial 0 with value: 114.4454574584961.
[I 2023-12-26 12:53:37,010] Trial 14 finished with value: 610.8721313476562 and parameters: {'gradient_clip_val': 0.38718693614956984, 'hidden_size': 5, 'dropout': 0.357165248158343, 'hidden_continuous_size': 5, 'attention_head_size': 3, 'learning_rate': 0.008331813043275986}. Best is trial 0 with value: 114.4454574584961.
[I 2023-12-26 12:53:40,674] Trial 15 finished with value: 724.3635864257812 and parameters: {'gradient_clip_val': 0.21733370108066624, 'hidden_size': 36, 'dropout': 0.23317744263992704, 'hidden_continuous_size': 8, 'attention_head_size': 4, 'learning_rate': 0.03618968111110301}. Best is trial 0 with value: 114.4454574584961.
[I 2023-12-26 12:53:48,793] Trial 16 finished with value: 576.0294189453125 and parameters: {'gradient_clip_val': 0.3699497776128222, 'hidden_size': 92, 'dropout': 0.3379547453907021, 'hidden_continuous_size': 51, 'attention_head_size': 3, 'learning_rate': 0.011407484256536529}. Best is trial 0 with value: 114.4454574584961.
[I 2023-12-26 12:54:02,334] Trial 17 finished with value: 650.1260375976562 and parameters: {'gradient_clip_val': 0.2557617509970857, 'hidden_size': 147, 'dropout': 0.15670051241905328, 'hidden_continuous_size': 117, 'attention_head_size': 4, 'learning_rate': 0.0025942662715482865}. Best is trial 0 with value: 114.4454574584961.
[I 2023-12-26 12:54:09,190] Trial 18 finished with value: 638.6193237304688 and parameters: {'gradient_clip_val': 0.522753483455099, 'hidden_size': 81, 'dropout': 0.24411805700229705, 'hidden_continuous_size': 17, 'attention_head_size': 3, 'learning_rate': 0.0075745611784374806}. Best is trial 0 with value: 114.4454574584961.
[I 2023-12-26 12:54:13,322] Trial 19 finished with value: 574.08837890625 and parameters: {'gradient_clip_val': 0.32381708263395187, 'hidden_size': 43, 'dropout': 0.179637833287566, 'hidden_continuous_size': 6, 'attention_head_size': 4, 'learning_rate': 0.0014839418673895095}. Best is trial 0 with value: 114.4454574584961.
[I 2023-12-26 12:54:16,385] Trial 20 finished with value: 586.1253662109375 and parameters: {'gradient_clip_val': 0.2276653529272304, 'hidden_size': 25, 'dropout': 0.38992415898303356, 'hidden_continuous_size': 6, 'attention_head_size': 3, 'learning_rate': 0.004243624282020603}. Best is trial 0 with value: 114.4454574584961.
[I 2023-12-26 12:54:18,645] Trial 21 finished with value: 533.5305786132812 and parameters: {'gradient_clip_val': 0.708956114287671, 'hidden_size': 8, 'dropout': 0.4906804684330138, 'hidden_continuous_size': 5, 'attention_head_size': 2, 'learning_rate': 0.013338950904947994}. Best is trial 0 with value: 114.4454574584961.
[I 2023-12-26 12:54:20,887] Trial 22 finished with value: 918.8936157226562 and parameters: {'gradient_clip_val': 0.9890177585289768, 'hidden_size': 8, 'dropout': 0.49849224687177934, 'hidden_continuous_size': 5, 'attention_head_size': 2, 'learning_rate': 0.01336419947151162}. Best is trial 0 with value: 114.4454574584961.
[I 2023-12-26 12:54:23,282] Trial 23 finished with value: 733.3037719726562 and parameters: {'gradient_clip_val': 0.6721895784642046, 'hidden_size': 7, 'dropout': 0.41194211427488286, 'hidden_continuous_size': 5, 'attention_head_size': 2, 'learning_rate': 0.023231112151794353}. Best is trial 0 with value: 114.4454574584961.
[I 2023-12-26 12:54:26,039] Trial 24 finished with value: 689.0409545898438 and parameters: {'gradient_clip_val': 0.45490173005294093, 'hidden_size': 21, 'dropout': 0.3298761601694219, 'hidden_continuous_size': 6, 'attention_head_size': 2, 'learning_rate': 0.009973898556943674}. Best is trial 0 with value: 114.4454574584961.
[I 2023-12-26 12:54:28,822] Trial 25 finished with value: 776.9326171875 and parameters: {'gradient_clip_val': 0.30673592012644957, 'hidden_size': 9, 'dropout': 0.4637724131346488, 'hidden_continuous_size': 5, 'attention_head_size': 3, 'learning_rate': 0.006277430156103405}. Best is trial 0 with value: 114.4454574584961.
[I 2023-12-26 12:54:31,147] Trial 26 finished with value: 701.4848022460938 and parameters: {'gradient_clip_val': 0.626755472264497, 'hidden_size': 6, 'dropout': 0.39222514017516336, 'hidden_continuous_size': 5, 'attention_head_size': 2, 'learning_rate': 0.015081123339377058}. Best is trial 0 with value: 114.4454574584961.
[I 2023-12-26 12:54:33,523] Trial 27 finished with value: 672.544677734375 and parameters: {'gradient_clip_val': 0.38197752530453405, 'hidden_size': 6, 'dropout': 0.44919577040983355, 'hidden_continuous_size': 5, 'attention_head_size': 3, 'learning_rate': 0.010081321366972231}. Best is trial 0 with value: 114.4454574584961.
[I 2023-12-26 12:54:35,932] Trial 28 finished with value: 828.9011840820312 and parameters: {'gradient_clip_val': 0.8124042279798567, 'hidden_size': 9, 'dropout': 0.3151028773616532, 'hidden_continuous_size': 6, 'attention_head_size': 4, 'learning_rate': 0.028770512545689922}. Best is trial 0 with value: 114.4454574584961.
[I 2023-12-26 12:54:38,339] Trial 29 finished with value: 856.2353515625 and parameters: {'gradient_clip_val': 0.15748086910347636, 'hidden_size': 10, 'dropout': 0.4396990942992362, 'hidden_continuous_size': 6, 'attention_head_size': 1, 'learning_rate': 0.01718245533182726}. Best is trial 0 with value: 114.4454574584961.
[I 2023-12-26 12:54:40,881] Trial 30 finished with value: 799.44580078125 and parameters: {'gradient_clip_val': 0.5802002489968222, 'hidden_size': 11, 'dropout': 0.27021965943978243, 'hidden_continuous_size': 7, 'attention_head_size': 3, 'learning_rate': 0.016752686678136886}. Best is trial 0 with value: 114.4454574584961.
[I 2023-12-26 12:54:43,160] Trial 31 finished with value: 663.8307495117188 and parameters: {'gradient_clip_val': 0.6963415626099564, 'hidden_size': 7, 'dropout': 0.4702835382200551, 'hidden_continuous_size': 5, 'attention_head_size': 1, 'learning_rate': 0.011396652688091683}. Best is trial 0 with value: 114.4454574584961.
[I 2023-12-26 12:54:45,683] Trial 32 finished with value: 789.197509765625 and parameters: {'gradient_clip_val': 0.7626775634880197, 'hidden_size': 14, 'dropout': 0.47510929104343597, 'hidden_continuous_size': 7, 'attention_head_size': 1, 'learning_rate': 0.0063262211477526035}. Best is trial 0 with value: 114.4454574584961.
[I 2023-12-26 12:54:48,169] Trial 33 finished with value: 821.8472290039062 and parameters: {'gradient_clip_val': 0.6346594643038167, 'hidden_size': 12, 'dropout': 0.44354556315944915, 'hidden_continuous_size': 7, 'attention_head_size': 1, 'learning_rate': 0.013650054240046783}. Best is trial 0 with value: 114.4454574584961.
[I 2023-12-26 12:54:50,823] Trial 34 finished with value: 715.30224609375 and parameters: {'gradient_clip_val': 0.43658887469340646, 'hidden_size': 19, 'dropout': 0.4900761217460121, 'hidden_continuous_size': 9, 'attention_head_size': 1, 'learning_rate': 0.021221231030901223}. Best is trial 0 with value: 114.4454574584961.
[I 2023-12-26 12:54:53,371] Trial 35 finished with value: 884.729248046875 and parameters: {'gradient_clip_val': 0.5242273785928657, 'hidden_size': 13, 'dropout': 0.45706682814801974, 'hidden_continuous_size': 7, 'attention_head_size': 2, 'learning_rate': 0.00832919078622569}. Best is trial 0 with value: 114.4454574584961.
[I 2023-12-26 12:54:55,881] Trial 36 finished with value: 496.0175476074219 and parameters: {'gradient_clip_val': 0.5735701560101377, 'hidden_size': 11, 'dropout': 0.4290926992176902, 'hidden_continuous_size': 6, 'attention_head_size': 1, 'learning_rate': 0.004692154525977118}. Best is trial 0 with value: 114.4454574584961.
[I 2023-12-26 12:54:58,698] Trial 37 finished with value: 602.2393188476562 and parameters: {'gradient_clip_val': 0.5679028356175638, 'hidden_size': 11, 'dropout': 0.42583013733549674, 'hidden_continuous_size': 6, 'attention_head_size': 2, 'learning_rate': 0.004967783163602187}. Best is trial 0 with value: 114.4454574584961.
[I 2023-12-26 12:55:01,262] Trial 38 finished with value: 474.3097839355469 and parameters: {'gradient_clip_val': 0.448971649490603, 'hidden_size': 17, 'dropout': 0.3953374678167458, 'hidden_continuous_size': 8, 'attention_head_size': 2, 'learning_rate': 0.0032773599886137266}. Best is trial 0 with value: 114.4454574584961.
[I 2023-12-26 12:55:03,757] Trial 39 finished with value: 593.3582763671875 and parameters: {'gradient_clip_val': 0.44803987714976073, 'hidden_size': 17, 'dropout': 0.3808662499551969, 'hidden_continuous_size': 10, 'attention_head_size': 1, 'learning_rate': 0.0031436059841724578}. Best is trial 0 with value: 114.4454574584961.
[I 2023-12-26 12:55:06,372] Trial 40 finished with value: 708.0924682617188 and parameters: {'gradient_clip_val': 0.488060626428486, 'hidden_size': 17, 'dropout': 0.3546521854172345, 'hidden_continuous_size': 8, 'attention_head_size': 2, 'learning_rate': 0.0015968028068094463}. Best is trial 0 with value: 114.4454574584961.
[I 2023-12-26 12:55:09,061] Trial 41 finished with value: 585.8423461914062 and parameters: {'gradient_clip_val': 0.3401168207786331, 'hidden_size': 15, 'dropout': 0.4039642095970392, 'hidden_continuous_size': 9, 'attention_head_size': 2, 'learning_rate': 0.0037804608844041}. Best is trial 0 with value: 114.4454574584961.
[I 2023-12-26 12:55:11,517] Trial 42 finished with value: 559.0817260742188 and parameters: {'gradient_clip_val': 0.5776665317672754, 'hidden_size': 10, 'dropout': 0.42867130563332734, 'hidden_continuous_size': 6, 'attention_head_size': 2, 'learning_rate': 0.004950051524490669}. Best is trial 0 with value: 114.4454574584961.
[I 2023-12-26 12:55:14,048] Trial 43 finished with value: 461.6081848144531 and parameters: {'gradient_clip_val': 0.4314876966758881, 'hidden_size': 13, 'dropout': 0.40533580355673154, 'hidden_continuous_size': 8, 'attention_head_size': 2, 'learning_rate': 0.00606756183828591}. Best is trial 0 with value: 114.4454574584961.
[I 2023-12-26 12:55:16,641] Trial 44 finished with value: 477.4659729003906 and parameters: {'gradient_clip_val': 0.41844311658966543, 'hidden_size': 13, 'dropout': 0.39987113033385735, 'hidden_continuous_size': 8, 'attention_head_size': 3, 'learning_rate': 0.005567994917128417}. Best is trial 0 with value: 114.4454574584961.
[I 2023-12-26 12:55:19,487] Trial 45 finished with value: 664.897705078125 and parameters: {'gradient_clip_val': 0.42366012243526174, 'hidden_size': 21, 'dropout': 0.36874200170852195, 'hidden_continuous_size': 10, 'attention_head_size': 3, 'learning_rate': 0.0061778168464798125}. Best is trial 0 with value: 114.4454574584961.
[I 2023-12-26 12:55:22,075] Trial 46 finished with value: 905.8399047851562 and parameters: {'gradient_clip_val': 0.40712561540174785, 'hidden_size': 14, 'dropout': 0.41900488948551917, 'hidden_continuous_size': 8, 'attention_head_size': 3, 'learning_rate': 0.0033806176624611405}. Best is trial 0 with value: 114.4454574584961.
[I 2023-12-26 12:55:24,558] Trial 47 finished with value: 482.5631408691406 and parameters: {'gradient_clip_val': 0.4800191519892266, 'hidden_size': 12, 'dropout': 0.37804426812032155, 'hidden_continuous_size': 8, 'attention_head_size': 3, 'learning_rate': 0.005064819066445594}. Best is trial 0 with value: 114.4454574584961.
[I 2023-12-26 12:55:27,221] Trial 48 finished with value: 615.7080688476562 and parameters: {'gradient_clip_val': 0.3608066729123847, 'hidden_size': 15, 'dropout': 0.3994302550772912, 'hidden_continuous_size': 8, 'attention_head_size': 3, 'learning_rate': 0.008174468795724851}. Best is trial 0 with value: 114.4454574584961.
[I 2023-12-26 12:55:30,850] Trial 49 finished with value: 533.1868286132812 and parameters: {'gradient_clip_val': 0.4198049813614174, 'hidden_size': 27, 'dropout': 0.36197071374378514, 'hidden_continuous_size': 13, 'attention_head_size': 3, 'learning_rate': 0.0027797129465204633}. Best is trial 0 with value: 114.4454574584961.
[I 2023-12-26 12:55:31,053] A new study created in memory with name: no-name-cd318f3a-81dc-47eb-9194-ff2f9a7b60fa
/home/le004/conda/anaconda3/envs/tsff_env/lib/python3.9/site-packages/lightning/fabric/plugins/environments/slurm.py:191: The `srun` command is available on your system but is not used. HINT: If your intention is to run Lightning on SLURM, prepend your python command with `srun` like so: srun python /home/le004/master_thesis/git/TSFusionForecast/code/ ...
[I 2023-12-26 12:57:49,387] Trial 0 finished with value: 45.48227310180664 and parameters: {'gradient_clip_val': 0.9706841094672792, 'hidden_size': 7, 'dropout': 0.4511581459046601, 'hidden_continuous_size': 5, 'attention_head_size': 3, 'learning_rate': 0.0716629755097593}. Best is trial 0 with value: 45.48227310180664.
[I 2023-12-26 12:57:52,308] Trial 1 finished with value: 121.33991241455078 and parameters: {'gradient_clip_val': 0.3931486208621215, 'hidden_size': 23, 'dropout': 0.12412860928184166, 'hidden_continuous_size': 7, 'attention_head_size': 2, 'learning_rate': 0.009837726886079805}. Best is trial 0 with value: 45.48227310180664.
[I 2023-12-26 12:57:54,770] Trial 2 finished with value: 212.19952392578125 and parameters: {'gradient_clip_val': 0.9815637348076965, 'hidden_size': 12, 'dropout': 0.3336577368215222, 'hidden_continuous_size': 10, 'attention_head_size': 1, 'learning_rate': 0.03480704847110796}. Best is trial 0 with value: 45.48227310180664.
[I 2023-12-26 12:57:57,189] Trial 3 finished with value: 148.10438537597656 and parameters: {'gradient_clip_val': 0.6158992306780328, 'hidden_size': 8, 'dropout': 0.4865706021076873, 'hidden_continuous_size': 5, 'attention_head_size': 1, 'learning_rate': 0.02037701009171111}. Best is trial 0 with value: 45.48227310180664.
[I 2023-12-26 12:58:02,998] Trial 4 finished with value: 169.5092010498047 and parameters: {'gradient_clip_val': 0.23737227521571017, 'hidden_size': 68, 'dropout': 0.47428332576463883, 'hidden_continuous_size': 13, 'attention_head_size': 3, 'learning_rate': 0.0006868757194697221}. Best is trial 0 with value: 45.48227310180664.
[I 2023-12-26 12:58:07,198] Trial 5 finished with value: 166.01934814453125 and parameters: {'gradient_clip_val': 0.2911457286193529, 'hidden_size': 45, 'dropout': 0.3685867946445781, 'hidden_continuous_size': 15, 'attention_head_size': 2, 'learning_rate': 0.0005792080288137587}. Best is trial 0 with value: 45.48227310180664.
[I 2023-12-26 12:58:10,298] Trial 6 finished with value: 143.2608184814453 and parameters: {'gradient_clip_val': 0.12493653415876567, 'hidden_size': 25, 'dropout': 0.47319477902263907, 'hidden_continuous_size': 23, 'attention_head_size': 4, 'learning_rate': 0.013566660190027493}. Best is trial 0 with value: 45.48227310180664.
[I 2023-12-26 12:58:17,920] Trial 7 finished with value: 144.6380615234375 and parameters: {'gradient_clip_val': 0.45560862106434447, 'hidden_size': 87, 'dropout': 0.36996007401882414, 'hidden_continuous_size': 20, 'attention_head_size': 4, 'learning_rate': 0.0005903866800485557}. Best is trial 0 with value: 45.48227310180664.
[I 2023-12-26 12:58:19,970] Trial 8 finished with value: 152.7957305908203 and parameters: {'gradient_clip_val': 0.13678683236294836, 'hidden_size': 5, 'dropout': 0.18634734036254372, 'hidden_continuous_size': 5, 'attention_head_size': 1, 'learning_rate': 0.01978644763233282}. Best is trial 0 with value: 45.48227310180664.
[I 2023-12-26 12:58:22,110] Trial 9 finished with value: 115.6431884765625 and parameters: {'gradient_clip_val': 0.23536680457194747, 'hidden_size': 5, 'dropout': 0.22900093621969764, 'hidden_continuous_size': 5, 'attention_head_size': 4, 'learning_rate': 0.002268741678792773}. Best is trial 0 with value: 45.48227310180664.
[I 2023-12-26 12:58:33,163] Trial 10 finished with value: 151.8779754638672 and parameters: {'gradient_clip_val': 0.8427245111005578, 'hidden_size': 131, 'dropout': 0.28355179630007016, 'hidden_continuous_size': 44, 'attention_head_size': 3, 'learning_rate': 0.08908014235193745}. Best is trial 0 with value: 45.48227310180664.
[I 2023-12-26 12:58:35,340] Trial 11 finished with value: 196.4752960205078 and parameters: {'gradient_clip_val': 0.21425623272955316, 'hidden_size': 5, 'dropout': 0.2541478642603719, 'hidden_continuous_size': 5, 'attention_head_size': 4, 'learning_rate': 0.00233460948927705}. Best is trial 0 with value: 45.48227310180664.
[I 2023-12-26 12:58:37,762] Trial 12 finished with value: 148.7306365966797 and parameters: {'gradient_clip_val': 0.564594784642113, 'hidden_size': 11, 'dropout': 0.23559034849047739, 'hidden_continuous_size': 6, 'attention_head_size': 3, 'learning_rate': 0.004257903920297532}. Best is trial 0 with value: 45.48227310180664.
[I 2023-12-26 12:58:39,968] Trial 13 finished with value: 161.837646484375 and parameters: {'gradient_clip_val': 0.3604812018820295, 'hidden_size': 5, 'dropout': 0.42048973849407495, 'hidden_continuous_size': 5, 'attention_head_size': 4, 'learning_rate': 0.07761566885372931}. Best is trial 0 with value: 45.48227310180664.
[I 2023-12-26 12:58:42,241] Trial 14 finished with value: 143.82102966308594 and parameters: {'gradient_clip_val': 0.18659493820128056, 'hidden_size': 8, 'dropout': 0.3148288681183776, 'hidden_continuous_size': 5, 'attention_head_size': 3, 'learning_rate': 0.004468864934763485}. Best is trial 0 with value: 45.48227310180664.
[I 2023-12-26 12:58:45,071] Trial 15 finished with value: 136.8682403564453 and parameters: {'gradient_clip_val': 0.2739271501592176, 'hidden_size': 16, 'dropout': 0.19656756218432014, 'hidden_continuous_size': 6, 'attention_head_size': 2, 'learning_rate': 0.04329262511511135}. Best is trial 0 with value: 45.48227310180664.
[I 2023-12-26 12:58:47,513] Trial 16 finished with value: 183.418701171875 and parameters: {'gradient_clip_val': 0.724506104423338, 'hidden_size': 7, 'dropout': 0.4263574066899618, 'hidden_continuous_size': 5, 'attention_head_size': 4, 'learning_rate': 0.0018812961200565838}. Best is trial 0 with value: 45.48227310180664.
