[I 2023-12-26 15:18:20,576] Trial 2 finished with value: 19628.515625 and parameters: {'gradient_clip_val': 0.739949068622322, 'hidden_size': 7, 'dropout': 0.4391726233838904, 'hidden_continuous_size': 5, 'attention_head_size': 1, 'learning_rate': 0.0034688736097219022}. Best is trial 0 with value: 8110.21044921875.
[I 2023-12-26 15:18:23,025] Trial 3 finished with value: 21092.5078125 and parameters: {'gradient_clip_val': 0.35397582444637027, 'hidden_size': 29, 'dropout': 0.18744589579901422, 'hidden_continuous_size': 25, 'attention_head_size': 3, 'learning_rate': 0.0005003281646627139}. Best is trial 0 with value: 8110.21044921875.
[I 2023-12-26 15:18:25,726] Trial 4 finished with value: 21318.759765625 and parameters: {'gradient_clip_val': 0.11383962308633123, 'hidden_size': 44, 'dropout': 0.11566935688509182, 'hidden_continuous_size': 7, 'attention_head_size': 2, 'learning_rate': 0.007346557000066406}. Best is trial 0 with value: 8110.21044921875.
[I 2023-12-26 15:18:30,208] Trial 5 finished with value: 21937.158203125 and parameters: {'gradient_clip_val': 0.11500484183111545, 'hidden_size': 78, 'dropout': 0.48216174918305044, 'hidden_continuous_size': 35, 'attention_head_size': 2, 'learning_rate': 0.0010882641016133183}. Best is trial 0 with value: 8110.21044921875.
[I 2023-12-26 15:18:32,548] Trial 6 finished with value: 19765.689453125 and parameters: {'gradient_clip_val': 0.16515132863805623, 'hidden_size': 33, 'dropout': 0.3866575342546763, 'hidden_continuous_size': 33, 'attention_head_size': 2, 'learning_rate': 0.013593376178978434}. Best is trial 0 with value: 8110.21044921875.
[I 2023-12-26 15:18:35,381] Trial 7 finished with value: 25799.576171875 and parameters: {'gradient_clip_val': 0.5893014877922069, 'hidden_size': 49, 'dropout': 0.2578945342389427, 'hidden_continuous_size': 9, 'attention_head_size': 3, 'learning_rate': 0.010581943822019477}. Best is trial 0 with value: 8110.21044921875.
[I 2023-12-26 15:18:37,429] Trial 8 finished with value: 24880.130859375 and parameters: {'gradient_clip_val': 0.1031564110998978, 'hidden_size': 13, 'dropout': 0.4842574066093176, 'hidden_continuous_size': 10, 'attention_head_size': 4, 'learning_rate': 0.03178539287808247}. Best is trial 0 with value: 8110.21044921875.
[I 2023-12-26 15:18:46,262] Trial 9 finished with value: 22618.84375 and parameters: {'gradient_clip_val': 0.7470482625802228, 'hidden_size': 132, 'dropout': 0.3865280450489973, 'hidden_continuous_size': 103, 'attention_head_size': 3, 'learning_rate': 0.03570352684162012}. Best is trial 0 with value: 8110.21044921875.
[I 2023-12-26 15:18:48,113] Trial 10 finished with value: 23047.732421875 and parameters: {'gradient_clip_val': 0.28604866810020146, 'hidden_size': 16, 'dropout': 0.32501949000478214, 'hidden_continuous_size': 5, 'attention_head_size': 1, 'learning_rate': 0.058447801245586024}. Best is trial 0 with value: 8110.21044921875.
[I 2023-12-26 15:18:49,780] Trial 11 finished with value: 22772.96875 and parameters: {'gradient_clip_val': 0.9549529132375881, 'hidden_size': 5, 'dropout': 0.43530220169301903, 'hidden_continuous_size': 5, 'attention_head_size': 1, 'learning_rate': 0.0029468099107087557}. Best is trial 0 with value: 8110.21044921875.
[I 2023-12-26 15:18:51,846] Trial 12 finished with value: 19359.826171875 and parameters: {'gradient_clip_val': 0.47792531550584094, 'hidden_size': 6, 'dropout': 0.4941465678404367, 'hidden_continuous_size': 5, 'attention_head_size': 1, 'learning_rate': 0.0037414379190816587}. Best is trial 0 with value: 8110.21044921875.
[I 2023-12-26 15:18:53,897] Trial 13 finished with value: 23749.888671875 and parameters: {'gradient_clip_val': 0.3882655754633153, 'hidden_size': 15, 'dropout': 0.4890762934904167, 'hidden_continuous_size': 6, 'attention_head_size': 1, 'learning_rate': 0.004834819695965197}. Best is trial 0 with value: 8110.21044921875.
[I 2023-12-26 15:18:55,674] Trial 14 finished with value: 22920.2578125 and parameters: {'gradient_clip_val': 0.23128082138080192, 'hidden_size': 8, 'dropout': 0.49697890390940014, 'hidden_continuous_size': 5, 'attention_head_size': 1, 'learning_rate': 0.09546300468623159}. Best is trial 0 with value: 8110.21044921875.
[I 2023-12-26 15:18:57,405] Trial 15 finished with value: 18353.763671875 and parameters: {'gradient_clip_val': 0.4621317001567748, 'hidden_size': 5, 'dropout': 0.4036255314542283, 'hidden_continuous_size': 5, 'attention_head_size': 2, 'learning_rate': 0.002414602656989232}. Best is trial 0 with value: 8110.21044921875.
[I 2023-12-26 15:18:59,543] Trial 16 finished with value: 21426.189453125 and parameters: {'gradient_clip_val': 0.2594031670415522, 'hidden_size': 21, 'dropout': 0.35740059449785233, 'hidden_continuous_size': 7, 'attention_head_size': 2, 'learning_rate': 0.0018996307555222568}. Best is trial 0 with value: 8110.21044921875.
[I 2023-12-26 15:19:01,493] Trial 17 finished with value: 23127.513671875 and parameters: {'gradient_clip_val': 0.44073480079631683, 'hidden_size': 10, 'dropout': 0.43212355881710274, 'hidden_continuous_size': 6, 'attention_head_size': 2, 'learning_rate': 0.0075990997237144284}. Best is trial 0 with value: 8110.21044921875.
[I 2023-12-26 15:19:03,224] Trial 18 finished with value: 19552.505859375 and parameters: {'gradient_clip_val': 0.3282365211938751, 'hidden_size': 5, 'dropout': 0.2770302855193607, 'hidden_continuous_size': 5, 'attention_head_size': 4, 'learning_rate': 0.0019131233100387454}. Best is trial 0 with value: 8110.21044921875.
[I 2023-12-26 15:19:05,194] Trial 19 finished with value: 26289.326171875 and parameters: {'gradient_clip_val': 0.21089847176520185, 'hidden_size': 10, 'dropout': 0.40347869426260213, 'hidden_continuous_size': 6, 'attention_head_size': 2, 'learning_rate': 0.0187165875669199}. Best is trial 0 with value: 8110.21044921875.
[I 2023-12-26 15:19:07,316] Trial 20 finished with value: 20109.791015625 and parameters: {'gradient_clip_val': 0.31874090311852216, 'hidden_size': 22, 'dropout': 0.34335680428898985, 'hidden_continuous_size': 8, 'attention_head_size': 1, 'learning_rate': 0.005862325727109386}. Best is trial 0 with value: 8110.21044921875.
[I 2023-12-26 15:19:08,976] Trial 21 finished with value: 21937.595703125 and parameters: {'gradient_clip_val': 0.4559387278030004, 'hidden_size': 5, 'dropout': 0.45316302707995765, 'hidden_continuous_size': 5, 'attention_head_size': 1, 'learning_rate': 0.004890219929627304}. Best is trial 0 with value: 8110.21044921875.
[I 2023-12-26 15:19:10,812] Trial 22 finished with value: 20304.81640625 and parameters: {'gradient_clip_val': 0.4940416163347839, 'hidden_size': 7, 'dropout': 0.4570173155464986, 'hidden_continuous_size': 5, 'attention_head_size': 1, 'learning_rate': 0.00324130343264362}. Best is trial 0 with value: 8110.21044921875.
[I 2023-12-26 15:19:12,772] Trial 23 finished with value: 19394.62109375 and parameters: {'gradient_clip_val': 0.5646207819156874, 'hidden_size': 11, 'dropout': 0.4073445806100553, 'hidden_continuous_size': 6, 'attention_head_size': 2, 'learning_rate': 0.00958152623959331}. Best is trial 0 with value: 8110.21044921875.
[I 2023-12-26 15:19:14,823] Trial 24 finished with value: 21909.974609375 and parameters: {'gradient_clip_val': 0.3787875131484323, 'hidden_size': 7, 'dropout': 0.49788552272894776, 'hidden_continuous_size': 5, 'attention_head_size': 1, 'learning_rate': 0.001958207868265723}. Best is trial 0 with value: 8110.21044921875.
[I 2023-12-26 15:19:16,870] Trial 25 finished with value: 24985.650390625 and parameters: {'gradient_clip_val': 0.394099351881479, 'hidden_size': 18, 'dropout': 0.45683158197773166, 'hidden_continuous_size': 6, 'attention_head_size': 2, 'learning_rate': 0.005473621376911927}. Best is trial 0 with value: 8110.21044921875.
[I 2023-12-26 15:19:19,062] Trial 26 finished with value: 21026.77734375 and parameters: {'gradient_clip_val': 0.315346721974791, 'hidden_size': 23, 'dropout': 0.4167194739178789, 'hidden_continuous_size': 8, 'attention_head_size': 1, 'learning_rate': 0.01022770527358454}. Best is trial 0 with value: 8110.21044921875.
[I 2023-12-26 15:19:20,998] Trial 27 finished with value: 20898.28125 and parameters: {'gradient_clip_val': 0.5306624707081316, 'hidden_size': 12, 'dropout': 0.46258861532914836, 'hidden_continuous_size': 6, 'attention_head_size': 1, 'learning_rate': 0.003947612858190036}. Best is trial 0 with value: 8110.21044921875.
[I 2023-12-26 15:19:22,899] Trial 28 finished with value: 18905.021484375 and parameters: {'gradient_clip_val': 0.43538234176391777, 'hidden_size': 9, 'dropout': 0.3705224375244201, 'hidden_continuous_size': 5, 'attention_head_size': 2, 'learning_rate': 0.007191349341735121}. Best is trial 0 with value: 8110.21044921875.
[I 2023-12-26 15:19:24,739] Trial 29 finished with value: 19585.056640625 and parameters: {'gradient_clip_val': 0.17373019661771955, 'hidden_size': 8, 'dropout': 0.3626887803618585, 'hidden_continuous_size': 5, 'attention_head_size': 3, 'learning_rate': 0.017810950419082986}. Best is trial 0 with value: 8110.21044921875.
[I 2023-12-26 15:19:26,683] Trial 30 finished with value: 23301.537109375 and parameters: {'gradient_clip_val': 0.40951841765487573, 'hidden_size': 9, 'dropout': 0.37620962711689093, 'hidden_continuous_size': 6, 'attention_head_size': 2, 'learning_rate': 0.007110371364945203}. Best is trial 0 with value: 8110.21044921875.
[I 2023-12-26 15:19:28,580] Trial 31 finished with value: 22250.4453125 and parameters: {'gradient_clip_val': 0.46382348968375814, 'hidden_size': 6, 'dropout': 0.41879818885932285, 'hidden_continuous_size': 5, 'attention_head_size': 2, 'learning_rate': 0.002648108833962207}. Best is trial 0 with value: 8110.21044921875.
[I 2023-12-26 15:19:30,970] Trial 32 finished with value: 17278.50390625 and parameters: {'gradient_clip_val': 0.5706301974090512, 'hidden_size': 6, 'dropout': 0.4298407839548892, 'hidden_continuous_size': 5, 'attention_head_size': 2, 'learning_rate': 0.004300901735493731}. Best is trial 0 with value: 8110.21044921875.
[I 2023-12-26 15:19:33,571] Trial 33 finished with value: 27778.169921875 and parameters: {'gradient_clip_val': 0.63189172187072, 'hidden_size': 13, 'dropout': 0.4327737895133229, 'hidden_continuous_size': 7, 'attention_head_size': 3, 'learning_rate': 0.014164999803041136}. Best is trial 0 with value: 8110.21044921875.
[I 2023-12-26 15:19:35,850] Trial 34 finished with value: 20319.326171875 and parameters: {'gradient_clip_val': 0.6650259414864842, 'hidden_size': 6, 'dropout': 0.39726811913806975, 'hidden_continuous_size': 5, 'attention_head_size': 2, 'learning_rate': 0.006466882823401184}. Best is trial 0 with value: 8110.21044921875.
[I 2023-12-26 15:19:38,580] Trial 35 finished with value: 21318.439453125 and parameters: {'gradient_clip_val': 0.5285070125434168, 'hidden_size': 9, 'dropout': 0.41552430054768563, 'hidden_continuous_size': 5, 'attention_head_size': 2, 'learning_rate': 0.004411885611638979}. Best is trial 0 with value: 8110.21044921875.
[I 2023-12-26 15:19:40,773] Trial 36 finished with value: 24749.638671875 and parameters: {'gradient_clip_val': 0.35267609704931135, 'hidden_size': 5, 'dropout': 0.37106808435689803, 'hidden_continuous_size': 5, 'attention_head_size': 3, 'learning_rate': 0.0009518872524161957}. Best is trial 0 with value: 8110.21044921875.
[I 2023-12-26 15:19:44,029] Trial 37 finished with value: 18833.779296875 and parameters: {'gradient_clip_val': 0.13306851588481738, 'hidden_size': 28, 'dropout': 0.33106316009634795, 'hidden_continuous_size': 11, 'attention_head_size': 2, 'learning_rate': 0.008426472147696535}. Best is trial 0 with value: 8110.21044921875.
[I 2023-12-26 15:19:47,449] Trial 38 finished with value: 21571.328125 and parameters: {'gradient_clip_val': 0.14430335349235693, 'hidden_size': 31, 'dropout': 0.3161437623304626, 'hidden_continuous_size': 12, 'attention_head_size': 2, 'learning_rate': 0.008926359656348047}. Best is trial 0 with value: 8110.21044921875.
[I 2023-12-26 15:19:50,608] Trial 39 finished with value: 19672.951171875 and parameters: {'gradient_clip_val': 0.13104951612285096, 'hidden_size': 27, 'dropout': 0.473262607082329, 'hidden_continuous_size': 12, 'attention_head_size': 3, 'learning_rate': 0.012849876201908583}. Best is trial 0 with value: 8110.21044921875.
[I 2023-12-26 15:19:54,408] Trial 40 finished with value: 21659.505859375 and parameters: {'gradient_clip_val': 0.11461401473694956, 'hidden_size': 35, 'dropout': 0.38945307782799005, 'hidden_continuous_size': 14, 'attention_head_size': 4, 'learning_rate': 0.021988568723252472}. Best is trial 0 with value: 8110.21044921875.
[I 2023-12-26 15:19:56,755] Trial 41 finished with value: 28371.974609375 and parameters: {'gradient_clip_val': 0.10145120568544493, 'hidden_size': 16, 'dropout': 0.3303745445775107, 'hidden_continuous_size': 10, 'attention_head_size': 2, 'learning_rate': 0.007205146121406415}. Best is trial 0 with value: 8110.21044921875.
[I 2023-12-26 15:20:01,505] Trial 42 finished with value: 22492.076171875 and parameters: {'gradient_clip_val': 0.12984958072883404, 'hidden_size': 51, 'dropout': 0.35854622835676064, 'hidden_continuous_size': 18, 'attention_head_size': 2, 'learning_rate': 0.012607832881355018}. Best is trial 0 with value: 8110.21044921875.
[I 2023-12-26 15:20:04,218] Trial 43 finished with value: 20701.646484375 and parameters: {'gradient_clip_val': 0.1651612569125026, 'hidden_size': 19, 'dropout': 0.3842721220326149, 'hidden_continuous_size': 9, 'attention_head_size': 2, 'learning_rate': 0.008347839356848102}. Best is trial 0 with value: 8110.21044921875.
[I 2023-12-26 15:20:08,049] Trial 44 finished with value: 26374.615234375 and parameters: {'gradient_clip_val': 0.20008799907380292, 'hidden_size': 39, 'dropout': 0.44388707573082553, 'hidden_continuous_size': 7, 'attention_head_size': 2, 'learning_rate': 0.005772150944451812}. Best is trial 0 with value: 8110.21044921875.
[I 2023-12-26 15:20:11,260] Trial 45 finished with value: 22547.685546875 and parameters: {'gradient_clip_val': 0.14591372328772345, 'hidden_size': 27, 'dropout': 0.47544479300217907, 'hidden_continuous_size': 11, 'attention_head_size': 3, 'learning_rate': 0.010908219985221256}. Best is trial 0 with value: 8110.21044921875.
[I 2023-12-26 15:20:13,785] Trial 46 finished with value: 20126.791015625 and parameters: {'gradient_clip_val': 0.26421258374769935, 'hidden_size': 14, 'dropout': 0.2991670002180501, 'hidden_continuous_size': 9, 'attention_head_size': 2, 'learning_rate': 0.00417522967796202}. Best is trial 0 with value: 8110.21044921875.
[I 2023-12-26 15:20:17,212] Trial 47 finished with value: 21823.84375 and parameters: {'gradient_clip_val': 0.44042874346197997, 'hidden_size': 25, 'dropout': 0.3517328717454477, 'hidden_continuous_size': 13, 'attention_head_size': 2, 'learning_rate': 0.006080618501428349}. Best is trial 0 with value: 8110.21044921875.
[I 2023-12-26 15:20:19,696] Trial 48 finished with value: 20957.970703125 and parameters: {'gradient_clip_val': 0.1122057711000319, 'hidden_size': 12, 'dropout': 0.43139937973971054, 'hidden_continuous_size': 8, 'attention_head_size': 2, 'learning_rate': 0.0025033643199616758}. Best is trial 0 with value: 8110.21044921875.
[I 2023-12-26 15:20:22,106] Trial 49 finished with value: 19244.923828125 and parameters: {'gradient_clip_val': 0.5081180768132797, 'hidden_size': 6, 'dropout': 0.3965514811777694, 'hidden_continuous_size': 5, 'attention_head_size': 3, 'learning_rate': 0.007876326199856313}. Best is trial 0 with value: 8110.21044921875.
[I 2023-12-26 15:20:22,226] A new study created in memory with name: no-name-c172e9f4-0f53-4ec9-9e9e-65719aedf809
/home/le004/conda/anaconda3/envs/tsff_env/lib/python3.9/site-packages/lightning/fabric/plugins/environments/slurm.py:191: The `srun` command is available on your system but is not used. HINT: If your intention is to run Lightning on SLURM, prepend your python command with `srun` like so: srun python /home/le004/master_thesis/git/TSFusionForecast/code/ ...
[I 2023-12-26 15:28:47,351] Trial 0 finished with value: 0.04919302091002464 and parameters: {'gradient_clip_val': 0.177287831256528, 'hidden_size': 36, 'dropout': 0.24793301324521325, 'hidden_continuous_size': 22, 'attention_head_size': 1, 'learning_rate': 0.0173410340608468}. Best is trial 0 with value: 0.04919302091002464.
[I 2023-12-26 15:34:43,423] Trial 1 finished with value: 0.07817406207323074 and parameters: {'gradient_clip_val': 0.12515195358914255, 'hidden_size': 115, 'dropout': 0.47671256424768893, 'hidden_continuous_size': 25, 'attention_head_size': 2, 'learning_rate': 0.05584594481517945}. Best is trial 0 with value: 0.04919302091002464.
[I 2023-12-26 15:34:45,483] Trial 2 finished with value: 2.651371479034424 and parameters: {'gradient_clip_val': 0.1758185889483012, 'hidden_size': 10, 'dropout': 0.2595283570993716, 'hidden_continuous_size': 5, 'attention_head_size': 2, 'learning_rate': 0.038372657278058844}. Best is trial 0 with value: 0.04919302091002464.
[I 2023-12-26 15:34:47,797] Trial 3 finished with value: 3.892071485519409 and parameters: {'gradient_clip_val': 0.792757766228957, 'hidden_size': 11, 'dropout': 0.15790077372143396, 'hidden_continuous_size': 6, 'attention_head_size': 4, 'learning_rate': 0.00739106370842958}. Best is trial 0 with value: 0.04919302091002464.
[I 2023-12-26 15:34:49,622] Trial 4 finished with value: 3.8503189086914062 and parameters: {'gradient_clip_val': 0.13409776363438797, 'hidden_size': 5, 'dropout': 0.40856605239103316, 'hidden_continuous_size': 5, 'attention_head_size': 4, 'learning_rate': 0.07526121612458946}. Best is trial 0 with value: 0.04919302091002464.
[I 2023-12-26 15:34:52,364] Trial 5 finished with value: 2.5778133869171143 and parameters: {'gradient_clip_val': 0.22276589790953902, 'hidden_size': 29, 'dropout': 0.3317808635719629, 'hidden_continuous_size': 21, 'attention_head_size': 4, 'learning_rate': 0.004287279034710232}. Best is trial 0 with value: 0.04919302091002464.
[I 2023-12-26 15:35:01,690] Trial 6 finished with value: 2.9105641841888428 and parameters: {'gradient_clip_val': 0.8379274793211322, 'hidden_size': 126, 'dropout': 0.3286193604144887, 'hidden_continuous_size': 71, 'attention_head_size': 1, 'learning_rate': 0.04415109684935481}. Best is trial 0 with value: 0.04919302091002464.
[I 2023-12-26 15:35:07,186] Trial 7 finished with value: 3.0521345138549805 and parameters: {'gradient_clip_val': 0.2153362132655552, 'hidden_size': 78, 'dropout': 0.23718048362958408, 'hidden_continuous_size': 9, 'attention_head_size': 3, 'learning_rate': 0.0011242970005832802}. Best is trial 0 with value: 0.04919302091002464.
[I 2023-12-26 15:35:10,042] Trial 8 finished with value: 3.2279837131500244 and parameters: {'gradient_clip_val': 0.11683606830095195, 'hidden_size': 35, 'dropout': 0.35469063086888475, 'hidden_continuous_size': 12, 'attention_head_size': 4, 'learning_rate': 0.0006053921833175355}. Best is trial 0 with value: 0.04919302091002464.
[I 2023-12-26 15:35:11,915] Trial 9 finished with value: 3.0926733016967773 and parameters: {'gradient_clip_val': 0.14870556627415116, 'hidden_size': 6, 'dropout': 0.4600139183472811, 'hidden_continuous_size': 5, 'attention_head_size': 1, 'learning_rate': 0.0017264003892122235}. Best is trial 0 with value: 0.04919302091002464.
[I 2023-12-26 15:35:15,607] Trial 10 finished with value: 3.894810676574707 and parameters: {'gradient_clip_val': 0.35994927483165773, 'hidden_size': 55, 'dropout': 0.10706427283618183, 'hidden_continuous_size': 31, 'attention_head_size': 1, 'learning_rate': 0.011223946597197292}. Best is trial 0 with value: 0.04919302091002464.
[I 2023-12-26 15:35:25,883] Trial 11 finished with value: 3.081827402114868 and parameters: {'gradient_clip_val': 0.10892454384586935, 'hidden_size': 149, 'dropout': 0.4604593726310048, 'hidden_continuous_size': 36, 'attention_head_size': 2, 'learning_rate': 0.018133298603206043}. Best is trial 0 with value: 0.04919302091002464.
[I 2023-12-26 15:35:30,779] Trial 12 finished with value: 3.59557843208313 and parameters: {'gradient_clip_val': 0.10517463708673642, 'hidden_size': 64, 'dropout': 0.49611205756277754, 'hidden_continuous_size': 18, 'attention_head_size': 2, 'learning_rate': 0.09148636134197162}. Best is trial 0 with value: 0.04919302091002464.
[I 2023-12-26 15:35:33,785] Trial 13 finished with value: 3.300762176513672 and parameters: {'gradient_clip_val': 0.2904233251806648, 'hidden_size': 40, 'dropout': 0.39028960347309494, 'hidden_continuous_size': 16, 'attention_head_size': 3, 'learning_rate': 0.02349403165645559}. Best is trial 0 with value: 0.04919302091002464.
[I 2023-12-26 15:35:41,513] Trial 14 finished with value: 3.517043352127075 and parameters: {'gradient_clip_val': 0.1725500877264839, 'hidden_size': 106, 'dropout': 0.2742097288392615, 'hidden_continuous_size': 33, 'attention_head_size': 1, 'learning_rate': 0.025952957809160467}. Best is trial 0 with value: 0.04919302091002464.
[I 2023-12-26 15:35:43,653] Trial 15 finished with value: 3.649456024169922 and parameters: {'gradient_clip_val': 0.10250424943871923, 'hidden_size': 17, 'dropout': 0.21428826451207617, 'hidden_continuous_size': 7, 'attention_head_size': 2, 'learning_rate': 0.049978781857106476}. Best is trial 0 with value: 0.04919302091002464.
[I 2023-12-26 15:35:49,963] Trial 16 finished with value: 2.986140012741089 and parameters: {'gradient_clip_val': 0.14867616037892936, 'hidden_size': 86, 'dropout': 0.3006397026271114, 'hidden_continuous_size': 25, 'attention_head_size': 3, 'learning_rate': 0.015282439914697774}. Best is trial 0 with value: 0.04919302091002464.
[I 2023-12-26 15:35:53,082] Trial 17 finished with value: 2.9508535861968994 and parameters: {'gradient_clip_val': 0.22083631078850324, 'hidden_size': 44, 'dropout': 0.40571498347235657, 'hidden_continuous_size': 12, 'attention_head_size': 1, 'learning_rate': 0.09796185141348822}. Best is trial 0 with value: 0.04919302091002464.
