[I 2023-12-26 14:57:28,211] Trial 15 finished with value: 511.2583923339844 and parameters: {'gradient_clip_val': 0.9084801718600953, 'hidden_size': 81, 'dropout': 0.28502801387988796, 'hidden_continuous_size': 16, 'attention_head_size': 1, 'learning_rate': 0.0035979021507707653}. Best is trial 0 with value: 180.3636474609375.
[I 2023-12-26 14:57:32,156] Trial 16 finished with value: 681.8799438476562 and parameters: {'gradient_clip_val': 0.1977195780158622, 'hidden_size': 44, 'dropout': 0.44698307900357986, 'hidden_continuous_size': 13, 'attention_head_size': 2, 'learning_rate': 0.0014380537839694643}. Best is trial 0 with value: 180.3636474609375.
[I 2023-12-26 14:57:41,037] Trial 17 finished with value: 593.2288208007812 and parameters: {'gradient_clip_val': 0.4822059362461875, 'hidden_size': 102, 'dropout': 0.35281356626428567, 'hidden_continuous_size': 27, 'attention_head_size': 3, 'learning_rate': 0.013552420743971902}. Best is trial 0 with value: 180.3636474609375.
[I 2023-12-26 14:57:46,056] Trial 18 finished with value: 737.2411499023438 and parameters: {'gradient_clip_val': 0.29095860524536704, 'hidden_size': 57, 'dropout': 0.45112945018902784, 'hidden_continuous_size': 13, 'attention_head_size': 1, 'learning_rate': 0.0016163683069769712}. Best is trial 0 with value: 180.3636474609375.
[I 2023-12-26 14:57:54,286] Trial 19 finished with value: 727.7749633789062 and parameters: {'gradient_clip_val': 0.7456982405096374, 'hidden_size': 94, 'dropout': 0.24885558589260687, 'hidden_continuous_size': 31, 'attention_head_size': 2, 'learning_rate': 0.000779581206132572}. Best is trial 0 with value: 180.3636474609375.
[I 2023-12-26 14:57:57,890] Trial 20 finished with value: 568.2322387695312 and parameters: {'gradient_clip_val': 0.9883263259395774, 'hidden_size': 37, 'dropout': 0.33353481996962436, 'hidden_continuous_size': 7, 'attention_head_size': 3, 'learning_rate': 0.003961272533426183}. Best is trial 0 with value: 180.3636474609375.
[I 2023-12-26 14:58:04,622] Trial 21 finished with value: 699.5045776367188 and parameters: {'gradient_clip_val': 0.7231084322495374, 'hidden_size': 82, 'dropout': 0.2598591212284742, 'hidden_continuous_size': 15, 'attention_head_size': 1, 'learning_rate': 0.0018663948676193338}. Best is trial 0 with value: 180.3636474609375.
[I 2023-12-26 14:58:09,718] Trial 22 finished with value: 598.9237060546875 and parameters: {'gradient_clip_val': 0.7994022526361442, 'hidden_size': 58, 'dropout': 0.31583925689498915, 'hidden_continuous_size': 18, 'attention_head_size': 1, 'learning_rate': 0.0037735370845282355}. Best is trial 0 with value: 180.3636474609375.
[I 2023-12-26 14:58:18,072] Trial 23 finished with value: 601.2979736328125 and parameters: {'gradient_clip_val': 0.9784409967601905, 'hidden_size': 102, 'dropout': 0.3758832075497852, 'hidden_continuous_size': 21, 'attention_head_size': 1, 'learning_rate': 0.0033612160525379924}. Best is trial 0 with value: 180.3636474609375.
[I 2023-12-26 14:58:23,078] Trial 24 finished with value: 648.96337890625 and parameters: {'gradient_clip_val': 0.5655223688141948, 'hidden_size': 58, 'dropout': 0.273356161842299, 'hidden_continuous_size': 13, 'attention_head_size': 1, 'learning_rate': 0.0017111128954234508}. Best is trial 0 with value: 180.3636474609375.
[I 2023-12-26 14:58:26,419] Trial 25 finished with value: 720.4358520507812 and parameters: {'gradient_clip_val': 0.7447474195394849, 'hidden_size': 31, 'dropout': 0.3275098655613833, 'hidden_continuous_size': 11, 'attention_head_size': 2, 'learning_rate': 0.0007984097859036365}. Best is trial 0 with value: 180.3636474609375.
[I 2023-12-26 14:58:33,119] Trial 26 finished with value: 706.4318237304688 and parameters: {'gradient_clip_val': 0.5329702233000263, 'hidden_size': 79, 'dropout': 0.23864364766193452, 'hidden_continuous_size': 24, 'attention_head_size': 1, 'learning_rate': 0.002055207312707388}. Best is trial 0 with value: 180.3636474609375.
[I 2023-12-26 14:58:37,345] Trial 27 finished with value: 830.9541625976562 and parameters: {'gradient_clip_val': 0.4545986585892099, 'hidden_size': 46, 'dropout': 0.2814667225007502, 'hidden_continuous_size': 16, 'attention_head_size': 2, 'learning_rate': 0.004363789861036744}. Best is trial 0 with value: 180.3636474609375.
[I 2023-12-26 14:58:46,912] Trial 28 finished with value: 744.1522827148438 and parameters: {'gradient_clip_val': 0.8237637947999291, 'hidden_size': 118, 'dropout': 0.3419148646994247, 'hidden_continuous_size': 45, 'attention_head_size': 1, 'learning_rate': 0.0014853255563196356}. Best is trial 0 with value: 180.3636474609375.
[I 2023-12-26 14:58:54,588] Trial 29 finished with value: 667.8003540039062 and parameters: {'gradient_clip_val': 0.6681870984360454, 'hidden_size': 84, 'dropout': 0.30472790247449916, 'hidden_continuous_size': 19, 'attention_head_size': 4, 'learning_rate': 0.0028131205396488713}. Best is trial 0 with value: 180.3636474609375.
[I 2023-12-26 14:59:03,723] Trial 30 finished with value: 660.5221557617188 and parameters: {'gradient_clip_val': 0.8199671897858487, 'hidden_size': 114, 'dropout': 0.3838185592858203, 'hidden_continuous_size': 24, 'attention_head_size': 3, 'learning_rate': 0.00583322531405457}. Best is trial 0 with value: 180.3636474609375.
[I 2023-12-26 14:59:07,362] Trial 31 finished with value: 627.1010131835938 and parameters: {'gradient_clip_val': 0.9473068883556717, 'hidden_size': 37, 'dropout': 0.32400847612633354, 'hidden_continuous_size': 11, 'attention_head_size': 3, 'learning_rate': 0.003824037214769618}. Best is trial 0 with value: 180.3636474609375.
[I 2023-12-26 14:59:12,073] Trial 32 finished with value: 681.6841430664062 and parameters: {'gradient_clip_val': 0.9362317890915994, 'hidden_size': 54, 'dropout': 0.35157834037375646, 'hidden_continuous_size': 7, 'attention_head_size': 4, 'learning_rate': 0.0023690656903475995}. Best is trial 0 with value: 180.3636474609375.
[I 2023-12-26 14:59:15,525] Trial 33 finished with value: 720.4398803710938 and parameters: {'gradient_clip_val': 0.9923169146041494, 'hidden_size': 35, 'dropout': 0.41023062331407073, 'hidden_continuous_size': 7, 'attention_head_size': 3, 'learning_rate': 0.004679513730148421}. Best is trial 0 with value: 180.3636474609375.
[I 2023-12-26 14:59:18,639] Trial 34 finished with value: 588.902099609375 and parameters: {'gradient_clip_val': 0.6774052499796439, 'hidden_size': 25, 'dropout': 0.22231066097060714, 'hidden_continuous_size': 10, 'attention_head_size': 4, 'learning_rate': 0.002827471445738898}. Best is trial 0 with value: 180.3636474609375.
[I 2023-12-26 14:59:24,649] Trial 35 finished with value: 643.1243286132812 and parameters: {'gradient_clip_val': 0.5566980756680687, 'hidden_size': 69, 'dropout': 0.16333065296440571, 'hidden_continuous_size': 5, 'attention_head_size': 4, 'learning_rate': 0.009105599455017821}. Best is trial 0 with value: 180.3636474609375.
[I 2023-12-26 14:59:28,065] Trial 36 finished with value: 600.5982666015625 and parameters: {'gradient_clip_val': 0.8555675855241022, 'hidden_size': 33, 'dropout': 0.29850892339461255, 'hidden_continuous_size': 15, 'attention_head_size': 1, 'learning_rate': 0.002249794075776921}. Best is trial 0 with value: 180.3636474609375.
[I 2023-12-26 14:59:31,127] Trial 37 finished with value: 850.605224609375 and parameters: {'gradient_clip_val': 0.33924882477108986, 'hidden_size': 27, 'dropout': 0.37882195389001605, 'hidden_continuous_size': 8, 'attention_head_size': 2, 'learning_rate': 0.09750580925130686}. Best is trial 0 with value: 180.3636474609375.
[I 2023-12-26 14:59:33,863] Trial 38 finished with value: 627.2640380859375 and parameters: {'gradient_clip_val': 0.8576289948400575, 'hidden_size': 20, 'dropout': 0.2584586993430295, 'hidden_continuous_size': 8, 'attention_head_size': 3, 'learning_rate': 0.004884387678937181}. Best is trial 0 with value: 180.3636474609375.
[I 2023-12-26 14:59:37,220] Trial 39 finished with value: 651.9428100585938 and parameters: {'gradient_clip_val': 0.4490530173490568, 'hidden_size': 46, 'dropout': 0.36152436546469124, 'hidden_continuous_size': 5, 'attention_head_size': 4, 'learning_rate': 0.0034450084026293334}. Best is trial 0 with value: 180.3636474609375.
[I 2023-12-26 14:59:39,213] Trial 40 finished with value: 933.8908081054688 and parameters: {'gradient_clip_val': 0.3975496445561745, 'hidden_size': 16, 'dropout': 0.4034836835198975, 'hidden_continuous_size': 6, 'attention_head_size': 1, 'learning_rate': 0.0012884205013723516}. Best is trial 0 with value: 180.3636474609375.
[I 2023-12-26 14:59:41,538] Trial 41 finished with value: 588.5868530273438 and parameters: {'gradient_clip_val': 0.36253460400294596, 'hidden_size': 7, 'dropout': 0.1765743038287578, 'hidden_continuous_size': 6, 'attention_head_size': 4, 'learning_rate': 0.008056239039107656}. Best is trial 0 with value: 180.3636474609375.
[I 2023-12-26 14:59:43,721] Trial 42 finished with value: 921.3486328125 and parameters: {'gradient_clip_val': 0.2141486827482388, 'hidden_size': 15, 'dropout': 0.22503563309504274, 'hidden_continuous_size': 10, 'attention_head_size': 4, 'learning_rate': 0.010835388592237667}. Best is trial 0 with value: 180.3636474609375.
[I 2023-12-26 14:59:46,430] Trial 43 finished with value: 598.661376953125 and parameters: {'gradient_clip_val': 0.7138543932147146, 'hidden_size': 28, 'dropout': 0.19730365943690842, 'hidden_continuous_size': 10, 'attention_head_size': 4, 'learning_rate': 0.005974707337192348}. Best is trial 0 with value: 180.3636474609375.
[I 2023-12-26 14:59:49,177] Trial 44 finished with value: 429.198486328125 and parameters: {'gradient_clip_val': 0.5912059180559411, 'hidden_size': 21, 'dropout': 0.1502899211406954, 'hidden_continuous_size': 11, 'attention_head_size': 3, 'learning_rate': 0.00287769238151773}. Best is trial 0 with value: 180.3636474609375.
[I 2023-12-26 14:59:52,857] Trial 45 finished with value: 688.2767944335938 and parameters: {'gradient_clip_val': 0.5916625319105795, 'hidden_size': 39, 'dropout': 0.14752385332566764, 'hidden_continuous_size': 14, 'attention_head_size': 3, 'learning_rate': 0.00206406404172521}. Best is trial 0 with value: 180.3636474609375.
[I 2023-12-26 14:59:55,699] Trial 46 finished with value: 618.291015625 and parameters: {'gradient_clip_val': 0.8873511855624721, 'hidden_size': 22, 'dropout': 0.13631606348977585, 'hidden_continuous_size': 12, 'attention_head_size': 3, 'learning_rate': 0.0028816747995514037}. Best is trial 0 with value: 180.3636474609375.
[I 2023-12-26 14:59:58,184] Trial 47 finished with value: 812.8881225585938 and parameters: {'gradient_clip_val': 0.6298885891657122, 'hidden_size': 30, 'dropout': 0.18417390219671934, 'hidden_continuous_size': 12, 'attention_head_size': 3, 'learning_rate': 0.001922606575185717}. Best is trial 0 with value: 180.3636474609375.
[I 2023-12-26 15:00:01,973] Trial 48 finished with value: 592.7432861328125 and parameters: {'gradient_clip_val': 0.8052414808890267, 'hidden_size': 63, 'dropout': 0.2066469064670583, 'hidden_continuous_size': 17, 'attention_head_size': 2, 'learning_rate': 0.0011091046813906792}. Best is trial 0 with value: 180.3636474609375.
[I 2023-12-26 15:00:04,687] Trial 49 finished with value: 726.0512084960938 and parameters: {'gradient_clip_val': 0.9804977348240204, 'hidden_size': 24, 'dropout': 0.4274641908670034, 'hidden_continuous_size': 12, 'attention_head_size': 3, 'learning_rate': 0.0014972216433947025}. Best is trial 0 with value: 180.3636474609375.
[I 2023-12-26 15:00:04,885] A new study created in memory with name: no-name-c5bca582-5534-4fdd-b5b7-92ce137b6fca
/home/le004/conda/anaconda3/envs/tsff_env/lib/python3.9/site-packages/lightning/fabric/plugins/environments/slurm.py:191: The `srun` command is available on your system but is not used. HINT: If your intention is to run Lightning on SLURM, prepend your python command with `srun` like so: srun python /home/le004/master_thesis/git/TSFusionForecast/code/ ...
[I 2023-12-26 15:03:31,260] Trial 0 finished with value: 138.35350036621094 and parameters: {'gradient_clip_val': 0.7554063362993135, 'hidden_size': 18, 'dropout': 0.1587870217579318, 'hidden_continuous_size': 8, 'attention_head_size': 4, 'learning_rate': 0.002203560011322771}. Best is trial 0 with value: 138.35350036621094.
[I 2023-12-26 15:03:33,224] Trial 1 finished with value: 567.5015869140625 and parameters: {'gradient_clip_val': 0.19782390958716153, 'hidden_size': 9, 'dropout': 0.46639232484219395, 'hidden_continuous_size': 6, 'attention_head_size': 2, 'learning_rate': 0.0037787724242757544}. Best is trial 0 with value: 138.35350036621094.
[I 2023-12-26 15:03:35,129] Trial 2 finished with value: 859.4812622070312 and parameters: {'gradient_clip_val': 0.40644713094899565, 'hidden_size': 16, 'dropout': 0.4284574950289498, 'hidden_continuous_size': 5, 'attention_head_size': 2, 'learning_rate': 0.006122594261186929}. Best is trial 0 with value: 138.35350036621094.
[I 2023-12-26 15:03:37,076] Trial 3 finished with value: 641.10791015625 and parameters: {'gradient_clip_val': 0.26260420631777964, 'hidden_size': 16, 'dropout': 0.11771904596290131, 'hidden_continuous_size': 5, 'attention_head_size': 4, 'learning_rate': 0.04763622862745633}. Best is trial 0 with value: 138.35350036621094.
[I 2023-12-26 15:03:42,827] Trial 4 finished with value: 649.1649169921875 and parameters: {'gradient_clip_val': 0.14729641339347305, 'hidden_size': 93, 'dropout': 0.3569742470594296, 'hidden_continuous_size': 33, 'attention_head_size': 4, 'learning_rate': 0.000607844162300005}. Best is trial 0 with value: 138.35350036621094.
[I 2023-12-26 15:03:44,685] Trial 5 finished with value: 952.1400756835938 and parameters: {'gradient_clip_val': 0.8492028604034089, 'hidden_size': 7, 'dropout': 0.2415951667221853, 'hidden_continuous_size': 6, 'attention_head_size': 1, 'learning_rate': 0.06330245952404677}. Best is trial 0 with value: 138.35350036621094.
[I 2023-12-26 15:03:46,623] Trial 6 finished with value: 490.212646484375 and parameters: {'gradient_clip_val': 0.1896048941164957, 'hidden_size': 5, 'dropout': 0.19172826025104955, 'hidden_continuous_size': 5, 'attention_head_size': 4, 'learning_rate': 0.06881447195724275}. Best is trial 0 with value: 138.35350036621094.
[I 2023-12-26 15:03:48,514] Trial 7 finished with value: 653.4682006835938 and parameters: {'gradient_clip_val': 0.8935694045969043, 'hidden_size': 6, 'dropout': 0.35049116535890834, 'hidden_continuous_size': 5, 'attention_head_size': 4, 'learning_rate': 0.003493380848054508}. Best is trial 0 with value: 138.35350036621094.
[I 2023-12-26 15:03:50,248] Trial 8 finished with value: 660.2489624023438 and parameters: {'gradient_clip_val': 0.16677484797120515, 'hidden_size': 5, 'dropout': 0.37622113447969197, 'hidden_continuous_size': 5, 'attention_head_size': 3, 'learning_rate': 0.02312487648969443}. Best is trial 0 with value: 138.35350036621094.
[I 2023-12-26 15:03:54,662] Trial 9 finished with value: 822.5516967773438 and parameters: {'gradient_clip_val': 0.14866467550715629, 'hidden_size': 75, 'dropout': 0.14123346130709222, 'hidden_continuous_size': 16, 'attention_head_size': 1, 'learning_rate': 0.019827283542927548}. Best is trial 0 with value: 138.35350036621094.
[I 2023-12-26 15:03:57,498] Trial 10 finished with value: 737.993408203125 and parameters: {'gradient_clip_val': 0.5203806724506687, 'hidden_size': 44, 'dropout': 0.24676294922499065, 'hidden_continuous_size': 10, 'attention_head_size': 3, 'learning_rate': 0.001210471679721748}. Best is trial 0 with value: 138.35350036621094.
[I 2023-12-26 15:03:59,880] Trial 11 finished with value: 595.9058837890625 and parameters: {'gradient_clip_val': 0.10709565394531417, 'hidden_size': 27, 'dropout': 0.19005579057415778, 'hidden_continuous_size': 8, 'attention_head_size': 3, 'learning_rate': 0.01507915353612884}. Best is trial 0 with value: 138.35350036621094.
[I 2023-12-26 15:04:01,927] Trial 12 finished with value: 626.0771484375 and parameters: {'gradient_clip_val': 0.3233788444935012, 'hidden_size': 11, 'dropout': 0.10065398228578222, 'hidden_continuous_size': 6, 'attention_head_size': 4, 'learning_rate': 0.09777058689645024}. Best is trial 0 with value: 138.35350036621094.
[I 2023-12-26 15:04:03,712] Trial 13 finished with value: 599.9286499023438 and parameters: {'gradient_clip_val': 0.5636031124270182, 'hidden_size': 5, 'dropout': 0.18528909688505854, 'hidden_continuous_size': 5, 'attention_head_size': 4, 'learning_rate': 0.009768916621297379}. Best is trial 0 with value: 138.35350036621094.
[I 2023-12-26 15:04:05,806] Trial 14 finished with value: 628.458984375 and parameters: {'gradient_clip_val': 0.2385846071030412, 'hidden_size': 13, 'dropout': 0.27677706079295716, 'hidden_continuous_size': 7, 'attention_head_size': 3, 'learning_rate': 0.002112606789555303}. Best is trial 0 with value: 138.35350036621094.
[I 2023-12-26 15:04:08,103] Trial 15 finished with value: 769.717529296875 and parameters: {'gradient_clip_val': 0.35730527573408166, 'hidden_size': 23, 'dropout': 0.17968057778431923, 'hidden_continuous_size': 8, 'attention_head_size': 4, 'learning_rate': 0.036655150581123806}. Best is trial 0 with value: 138.35350036621094.
[I 2023-12-26 15:04:09,952] Trial 16 finished with value: 700.8497924804688 and parameters: {'gradient_clip_val': 0.9981128513151732, 'hidden_size': 8, 'dropout': 0.22190773341868167, 'hidden_continuous_size': 5, 'attention_head_size': 2, 'learning_rate': 0.010603933356977518}. Best is trial 0 with value: 138.35350036621094.
[I 2023-12-26 15:04:11,939] Trial 17 finished with value: 610.1173706054688 and parameters: {'gradient_clip_val': 0.6378487820306282, 'hidden_size': 9, 'dropout': 0.14642954381089085, 'hidden_continuous_size': 6, 'attention_head_size': 3, 'learning_rate': 0.03157325838703699}. Best is trial 0 with value: 138.35350036621094.
[I 2023-12-26 15:04:13,951] Trial 18 finished with value: 867.6173706054688 and parameters: {'gradient_clip_val': 0.3962806236277986, 'hidden_size': 5, 'dropout': 0.28727882363640594, 'hidden_continuous_size': 5, 'attention_head_size': 4, 'learning_rate': 0.09867832700200053}. Best is trial 0 with value: 138.35350036621094.
[I 2023-12-26 15:04:16,272] Trial 19 finished with value: 722.55810546875 and parameters: {'gradient_clip_val': 0.2843748933935588, 'hidden_size': 25, 'dropout': 0.21068177971731783, 'hidden_continuous_size': 10, 'attention_head_size': 3, 'learning_rate': 0.006120844184025753}. Best is trial 0 with value: 138.35350036621094.
[I 2023-12-26 15:04:19,098] Trial 20 finished with value: 644.1450805664062 and parameters: {'gradient_clip_val': 0.6998690964725518, 'hidden_size': 48, 'dropout': 0.15719659804929512, 'hidden_continuous_size': 12, 'attention_head_size': 4, 'learning_rate': 0.014023568009057928}. Best is trial 0 with value: 138.35350036621094.
[I 2023-12-26 15:04:20,984] Trial 21 finished with value: 543.9349975585938 and parameters: {'gradient_clip_val': 0.21879980406166916, 'hidden_size': 8, 'dropout': 0.4321027803797425, 'hidden_continuous_size': 6, 'attention_head_size': 2, 'learning_rate': 0.003177478969997694}. Best is trial 0 with value: 138.35350036621094.
[I 2023-12-26 15:04:22,901] Trial 22 finished with value: 645.5751953125 and parameters: {'gradient_clip_val': 0.22043090219673322, 'hidden_size': 7, 'dropout': 0.4852415713132285, 'hidden_continuous_size': 5, 'attention_head_size': 2, 'learning_rate': 0.0019482872821565056}. Best is trial 0 with value: 138.35350036621094.
[I 2023-12-26 15:04:24,863] Trial 23 finished with value: 670.5713500976562 and parameters: {'gradient_clip_val': 0.3028790461268249, 'hidden_size': 10, 'dropout': 0.3249721100897053, 'hidden_continuous_size': 6, 'attention_head_size': 1, 'learning_rate': 0.004598369295391581}. Best is trial 0 with value: 138.35350036621094.
[I 2023-12-26 15:04:26,743] Trial 24 finished with value: 661.5947875976562 and parameters: {'gradient_clip_val': 0.47262357775864644, 'hidden_size': 6, 'dropout': 0.27007233243111817, 'hidden_continuous_size': 5, 'attention_head_size': 2, 'learning_rate': 0.008012160982410406}. Best is trial 0 with value: 138.35350036621094.
[I 2023-12-26 15:04:28,776] Trial 25 finished with value: 679.8530883789062 and parameters: {'gradient_clip_val': 0.20226741460104347, 'hidden_size': 12, 'dropout': 0.413998471166277, 'hidden_continuous_size': 7, 'attention_head_size': 3, 'learning_rate': 0.002552332630607493}. Best is trial 0 with value: 138.35350036621094.
[I 2023-12-26 15:04:30,660] Trial 26 finished with value: 700.2998657226562 and parameters: {'gradient_clip_val': 0.253699331649324, 'hidden_size': 8, 'dropout': 0.29986830938337466, 'hidden_continuous_size': 6, 'attention_head_size': 2, 'learning_rate': 0.001303615314466798}. Best is trial 0 with value: 138.35350036621094.
[I 2023-12-26 15:04:32,766] Trial 27 finished with value: 637.8218383789062 and parameters: {'gradient_clip_val': 0.3436837914360627, 'hidden_size': 15, 'dropout': 0.32291204006601143, 'hidden_continuous_size': 7, 'attention_head_size': 1, 'learning_rate': 0.005599068923421732}. Best is trial 0 with value: 138.35350036621094.
[I 2023-12-26 15:04:41,066] Trial 28 finished with value: 652.4414672851562 and parameters: {'gradient_clip_val': 0.42097599033268557, 'hidden_size': 137, 'dropout': 0.22294581125165808, 'hidden_continuous_size': 18, 'attention_head_size': 3, 'learning_rate': 0.0039631183807883955}. Best is trial 0 with value: 138.35350036621094.
[I 2023-12-26 15:04:43,068] Trial 29 finished with value: 523.442138671875 and parameters: {'gradient_clip_val': 0.21256584810616175, 'hidden_size': 10, 'dropout': 0.4512681292625271, 'hidden_continuous_size': 6, 'attention_head_size': 2, 'learning_rate': 0.002944650539540409}. Best is trial 0 with value: 138.35350036621094.
