[I 2023-12-26 16:19:19,622] Trial 10 finished with value: 3.4171059131622314 and parameters: {'gradient_clip_val': 0.9812699877752215, 'hidden_size': 5, 'dropout': 0.3577575981085716, 'hidden_continuous_size': 5, 'attention_head_size': 1, 'learning_rate': 0.0008666225200564387}. Best is trial 0 with value: 0.2398778349161148.
[I 2023-12-26 16:19:22,315] Trial 11 finished with value: 3.1300370693206787 and parameters: {'gradient_clip_val': 0.6321082906471547, 'hidden_size': 19, 'dropout': 0.21423467823216946, 'hidden_continuous_size': 13, 'attention_head_size': 3, 'learning_rate': 0.002594472725762335}. Best is trial 0 with value: 0.2398778349161148.
[I 2023-12-26 16:19:25,112] Trial 12 finished with value: 4.471873760223389 and parameters: {'gradient_clip_val': 0.25625151692544595, 'hidden_size': 14, 'dropout': 0.31422133114182815, 'hidden_continuous_size': 13, 'attention_head_size': 3, 'learning_rate': 0.0030429268183043983}. Best is trial 0 with value: 0.2398778349161148.
[I 2023-12-26 16:19:28,845] Trial 13 finished with value: 3.2628402709960938 and parameters: {'gradient_clip_val': 0.6467340313586327, 'hidden_size': 36, 'dropout': 0.16985149177318876, 'hidden_continuous_size': 18, 'attention_head_size': 3, 'learning_rate': 0.0005588418114798664}. Best is trial 0 with value: 0.2398778349161148.
[I 2023-12-26 16:19:31,266] Trial 14 finished with value: 3.3183600902557373 and parameters: {'gradient_clip_val': 0.23964516568083277, 'hidden_size': 16, 'dropout': 0.2904913001251274, 'hidden_continuous_size': 11, 'attention_head_size': 1, 'learning_rate': 0.0020800378482576185}. Best is trial 0 with value: 0.2398778349161148.
[I 2023-12-26 16:19:33,605] Trial 15 finished with value: 3.0654115676879883 and parameters: {'gradient_clip_val': 0.49481593557398074, 'hidden_size': 8, 'dropout': 0.17758673869092234, 'hidden_continuous_size': 6, 'attention_head_size': 4, 'learning_rate': 0.004441501609558483}. Best is trial 0 with value: 0.2398778349161148.
[I 2023-12-26 16:19:37,291] Trial 16 finished with value: 3.2819998264312744 and parameters: {'gradient_clip_val': 0.8043903237640149, 'hidden_size': 33, 'dropout': 0.2578282867946543, 'hidden_continuous_size': 17, 'attention_head_size': 3, 'learning_rate': 0.0016705293805826878}. Best is trial 0 with value: 0.2398778349161148.
[I 2023-12-26 16:19:39,730] Trial 17 finished with value: 3.4981167316436768 and parameters: {'gradient_clip_val': 0.7345070475531015, 'hidden_size': 17, 'dropout': 0.17695548054841978, 'hidden_continuous_size': 10, 'attention_head_size': 2, 'learning_rate': 0.004657151604039127}. Best is trial 0 with value: 0.2398778349161148.
[I 2023-12-26 16:19:42,333] Trial 18 finished with value: 3.535602331161499 and parameters: {'gradient_clip_val': 0.49017285694238283, 'hidden_size': 22, 'dropout': 0.31261855203434047, 'hidden_continuous_size': 9, 'attention_head_size': 2, 'learning_rate': 0.08851770218252147}. Best is trial 0 with value: 0.2398778349161148.
[I 2023-12-26 16:19:46,813] Trial 19 finished with value: 3.196216583251953 and parameters: {'gradient_clip_val': 0.29094692586106, 'hidden_size': 50, 'dropout': 0.34489040281791894, 'hidden_continuous_size': 21, 'attention_head_size': 3, 'learning_rate': 0.001160044313317319}. Best is trial 0 with value: 0.2398778349161148.
[I 2023-12-26 16:19:49,276] Trial 20 finished with value: 4.012267112731934 and parameters: {'gradient_clip_val': 0.4217292132419586, 'hidden_size': 10, 'dropout': 0.2644484927801287, 'hidden_continuous_size': 6, 'attention_head_size': 4, 'learning_rate': 0.0032413050886084364}. Best is trial 0 with value: 0.2398778349161148.
[I 2023-12-26 16:19:51,793] Trial 21 finished with value: 3.543320894241333 and parameters: {'gradient_clip_val': 0.19475130835638974, 'hidden_size': 11, 'dropout': 0.117621383942597, 'hidden_continuous_size': 7, 'attention_head_size': 3, 'learning_rate': 0.021168627289950812}. Best is trial 0 with value: 0.2398778349161148.
[I 2023-12-26 16:19:54,472] Trial 22 finished with value: 2.4315669536590576 and parameters: {'gradient_clip_val': 0.19091416541770512, 'hidden_size': 15, 'dropout': 0.1454054639339895, 'hidden_continuous_size': 8, 'attention_head_size': 3, 'learning_rate': 0.04393633206095929}. Best is trial 0 with value: 0.2398778349161148.
[I 2023-12-26 16:19:56,943] Trial 23 finished with value: 4.001753330230713 and parameters: {'gradient_clip_val': 0.3103796290978646, 'hidden_size': 14, 'dropout': 0.14878690615223442, 'hidden_continuous_size': 8, 'attention_head_size': 3, 'learning_rate': 0.0056685999477745835}. Best is trial 0 with value: 0.2398778349161148.
[I 2023-12-26 16:19:59,376] Trial 24 finished with value: 3.4968957901000977 and parameters: {'gradient_clip_val': 0.1441258115758761, 'hidden_size': 18, 'dropout': 0.2050875072783015, 'hidden_continuous_size': 10, 'attention_head_size': 2, 'learning_rate': 0.00756244469356306}. Best is trial 0 with value: 0.2398778349161148.
[I 2023-12-26 16:20:02,326] Trial 25 finished with value: 5.110742092132568 and parameters: {'gradient_clip_val': 0.19113292782674046, 'hidden_size': 28, 'dropout': 0.13959105452376638, 'hidden_continuous_size': 14, 'attention_head_size': 3, 'learning_rate': 0.0959605275757596}. Best is trial 0 with value: 0.2398778349161148.
[I 2023-12-26 16:20:05,024] Trial 26 finished with value: 4.303909778594971 and parameters: {'gradient_clip_val': 0.15758704675348856, 'hidden_size': 20, 'dropout': 0.16043252510110245, 'hidden_continuous_size': 11, 'attention_head_size': 4, 'learning_rate': 0.0019637271112835364}. Best is trial 0 with value: 0.2398778349161148.
[I 2023-12-26 16:20:07,278] Trial 27 finished with value: 4.21394157409668 and parameters: {'gradient_clip_val': 0.26813117776996714, 'hidden_size': 14, 'dropout': 0.10061475652728616, 'hidden_continuous_size': 9, 'attention_head_size': 2, 'learning_rate': 0.017747651703326615}. Best is trial 0 with value: 0.2398778349161148.
[I 2023-12-26 16:20:09,550] Trial 28 finished with value: 3.7786214351654053 and parameters: {'gradient_clip_val': 0.3383941512444048, 'hidden_size': 8, 'dropout': 0.19874225189869443, 'hidden_continuous_size': 6, 'attention_head_size': 1, 'learning_rate': 0.05396032134926571}. Best is trial 0 with value: 0.2398778349161148.
[I 2023-12-26 16:20:20,734] Trial 29 finished with value: 3.6064369678497314 and parameters: {'gradient_clip_val': 0.8795103537848065, 'hidden_size': 144, 'dropout': 0.12265506062827938, 'hidden_continuous_size': 33, 'attention_head_size': 3, 'learning_rate': 0.009449317066240626}. Best is trial 0 with value: 0.2398778349161148.
[I 2023-12-26 16:20:23,729] Trial 30 finished with value: 3.553128957748413 and parameters: {'gradient_clip_val': 0.2200835796729702, 'hidden_size': 24, 'dropout': 0.2419659069722326, 'hidden_continuous_size': 12, 'attention_head_size': 2, 'learning_rate': 0.01823715466308195}. Best is trial 0 with value: 0.2398778349161148.
[I 2023-12-26 16:20:26,333] Trial 31 finished with value: 2.877962112426758 and parameters: {'gradient_clip_val': 0.21031970196689798, 'hidden_size': 10, 'dropout': 0.13540074103988453, 'hidden_continuous_size': 8, 'attention_head_size': 3, 'learning_rate': 0.04065899951942044}. Best is trial 0 with value: 0.2398778349161148.
[I 2023-12-26 16:20:28,737] Trial 32 finished with value: 5.296530246734619 and parameters: {'gradient_clip_val': 0.17688323211539508, 'hidden_size': 11, 'dropout': 0.10112510162352875, 'hidden_continuous_size': 8, 'attention_head_size': 3, 'learning_rate': 0.03228643228996735}. Best is trial 0 with value: 0.2398778349161148.
[I 2023-12-26 16:20:31,341] Trial 33 finished with value: 3.3786861896514893 and parameters: {'gradient_clip_val': 0.22322015603920015, 'hidden_size': 13, 'dropout': 0.14316327763841394, 'hidden_continuous_size': 7, 'attention_head_size': 4, 'learning_rate': 0.05958873931581957}. Best is trial 0 with value: 0.2398778349161148.
[I 2023-12-26 16:20:33,945] Trial 34 finished with value: 3.907048225402832 and parameters: {'gradient_clip_val': 0.2924591233440341, 'hidden_size': 18, 'dropout': 0.1204772154977684, 'hidden_continuous_size': 10, 'attention_head_size': 3, 'learning_rate': 0.013528547576209556}. Best is trial 0 with value: 0.2398778349161148.
[I 2023-12-26 16:20:36,503] Trial 35 finished with value: 2.4798872470855713 and parameters: {'gradient_clip_val': 0.1652424312159088, 'hidden_size': 15, 'dropout': 0.18675051243946936, 'hidden_continuous_size': 9, 'attention_head_size': 2, 'learning_rate': 0.006494480483676517}. Best is trial 0 with value: 0.2398778349161148.
[I 2023-12-26 16:20:38,925] Trial 36 finished with value: 2.9796295166015625 and parameters: {'gradient_clip_val': 0.34153580588328947, 'hidden_size': 16, 'dropout': 0.1891077555991743, 'hidden_continuous_size': 9, 'attention_head_size': 2, 'learning_rate': 0.00655863968020449}. Best is trial 0 with value: 0.2398778349161148.
[I 2023-12-26 16:20:41,888] Trial 37 finished with value: 3.036044120788574 and parameters: {'gradient_clip_val': 0.14438450462389157, 'hidden_size': 25, 'dropout': 0.21852687849112704, 'hidden_continuous_size': 12, 'attention_head_size': 2, 'learning_rate': 0.004098938861632836}. Best is trial 0 with value: 0.2398778349161148.
[I 2023-12-26 16:20:44,631] Trial 38 finished with value: 2.8521640300750732 and parameters: {'gradient_clip_val': 0.10489122734066404, 'hidden_size': 21, 'dropout': 0.154649069010817, 'hidden_continuous_size': 9, 'attention_head_size': 1, 'learning_rate': 0.009669881141978238}. Best is trial 0 with value: 0.2398778349161148.
[I 2023-12-26 16:20:47,440] Trial 39 finished with value: 3.3916265964508057 and parameters: {'gradient_clip_val': 0.12423134173038486, 'hidden_size': 12, 'dropout': 0.22837087811050777, 'hidden_continuous_size': 8, 'attention_head_size': 2, 'learning_rate': 0.00592006551272761}. Best is trial 0 with value: 0.2398778349161148.
[I 2023-12-26 16:20:49,629] Trial 40 finished with value: 4.958150386810303 and parameters: {'gradient_clip_val': 0.5831788062915035, 'hidden_size': 6, 'dropout': 0.19974604445133184, 'hidden_continuous_size': 5, 'attention_head_size': 2, 'learning_rate': 0.023928045196681555}. Best is trial 0 with value: 0.2398778349161148.
[I 2023-12-26 16:20:51,972] Trial 41 finished with value: 2.988939046859741 and parameters: {'gradient_clip_val': 0.17369000626507858, 'hidden_size': 16, 'dropout': 0.16563579925190156, 'hidden_continuous_size': 7, 'attention_head_size': 3, 'learning_rate': 0.035047088318443505}. Best is trial 0 with value: 0.2398778349161148.
[I 2023-12-26 16:20:54,224] Trial 42 finished with value: 3.917119264602661 and parameters: {'gradient_clip_val': 0.9822616942062591, 'hidden_size': 9, 'dropout': 0.19017159582185034, 'hidden_continuous_size': 7, 'attention_head_size': 2, 'learning_rate': 0.013306292091692595}. Best is trial 0 with value: 0.2398778349161148.
[I 2023-12-26 16:20:56,584] Trial 43 finished with value: 3.7715485095977783 and parameters: {'gradient_clip_val': 0.236740733189592, 'hidden_size': 13, 'dropout': 0.12989284280644364, 'hidden_continuous_size': 8, 'attention_head_size': 3, 'learning_rate': 0.024085291435977638}. Best is trial 0 with value: 0.2398778349161148.
[I 2023-12-26 16:20:58,874] Trial 44 finished with value: 3.9482429027557373 and parameters: {'gradient_clip_val': 0.3917858724338569, 'hidden_size': 7, 'dropout': 0.15818476831246803, 'hidden_continuous_size': 6, 'attention_head_size': 3, 'learning_rate': 0.0032482514993350644}. Best is trial 0 with value: 0.2398778349161148.
[I 2023-12-26 16:21:01,373] Trial 45 finished with value: 3.9483282566070557 and parameters: {'gradient_clip_val': 0.27532673097781357, 'hidden_size': 12, 'dropout': 0.17892430848314145, 'hidden_continuous_size': 8, 'attention_head_size': 3, 'learning_rate': 0.007678486503958734}. Best is trial 0 with value: 0.2398778349161148.
[I 2023-12-26 16:21:03,802] Trial 46 finished with value: 4.290844440460205 and parameters: {'gradient_clip_val': 0.2565993623494099, 'hidden_size': 9, 'dropout': 0.22130033506694863, 'hidden_continuous_size': 7, 'attention_head_size': 4, 'learning_rate': 0.010681961932799073}. Best is trial 0 with value: 0.2398778349161148.
[I 2023-12-26 16:21:06,309] Trial 47 finished with value: 4.0217766761779785 and parameters: {'gradient_clip_val': 0.7307764156580068, 'hidden_size': 15, 'dropout': 0.11931299248455113, 'hidden_continuous_size': 9, 'attention_head_size': 2, 'learning_rate': 0.0024439310913027036}. Best is trial 0 with value: 0.2398778349161148.
[I 2023-12-26 16:21:08,729] Trial 48 finished with value: 3.410414934158325 and parameters: {'gradient_clip_val': 0.4494980411061325, 'hidden_size': 19, 'dropout': 0.17773187160348888, 'hidden_continuous_size': 10, 'attention_head_size': 2, 'learning_rate': 0.015400769814397499}. Best is trial 0 with value: 0.2398778349161148.
[I 2023-12-26 16:21:11,037] Trial 49 finished with value: 3.055615186691284 and parameters: {'gradient_clip_val': 0.3773461103055359, 'hidden_size': 15, 'dropout': 0.14864548844997452, 'hidden_continuous_size': 11, 'attention_head_size': 3, 'learning_rate': 0.0014203297011772574}. Best is trial 0 with value: 0.2398778349161148.
[I 2023-12-26 16:21:11,149] A new study created in memory with name: no-name-a57afcb3-f53d-478d-b071-4a7b75620bd5
/home/le004/conda/anaconda3/envs/tsff_env/lib/python3.9/site-packages/lightning/fabric/plugins/environments/slurm.py:191: The `srun` command is available on your system but is not used. HINT: If your intention is to run Lightning on SLURM, prepend your python command with `srun` like so: srun python /home/le004/master_thesis/git/TSFusionForecast/code/ ...
[I 2023-12-26 16:26:45,817] Trial 0 finished with value: 0.03766364976763725 and parameters: {'gradient_clip_val': 0.8966642261793969, 'hidden_size': 21, 'dropout': 0.2220453908395913, 'hidden_continuous_size': 19, 'attention_head_size': 3, 'learning_rate': 0.0017571728574078255}. Best is trial 0 with value: 0.03766364976763725.
[I 2023-12-26 16:30:19,301] Trial 1 finished with value: 0.06842154264450073 and parameters: {'gradient_clip_val': 0.2609776758597329, 'hidden_size': 50, 'dropout': 0.4151090023900511, 'hidden_continuous_size': 47, 'attention_head_size': 4, 'learning_rate': 0.0016456472580664602}. Best is trial 0 with value: 0.03766364976763725.
[I 2023-12-26 16:30:31,106] Trial 2 finished with value: 3.531064748764038 and parameters: {'gradient_clip_val': 0.14349852237799998, 'hidden_size': 135, 'dropout': 0.4305823346894777, 'hidden_continuous_size': 73, 'attention_head_size': 1, 'learning_rate': 0.008090266458150308}. Best is trial 0 with value: 0.03766364976763725.
[I 2023-12-26 16:30:33,859] Trial 3 finished with value: 3.8945987224578857 and parameters: {'gradient_clip_val': 0.6124496114045396, 'hidden_size': 19, 'dropout': 0.39078854838538424, 'hidden_continuous_size': 14, 'attention_head_size': 3, 'learning_rate': 0.0011124320258763523}. Best is trial 0 with value: 0.03766364976763725.
[I 2023-12-26 16:30:43,462] Trial 4 finished with value: 2.402113437652588 and parameters: {'gradient_clip_val': 0.2328856207905833, 'hidden_size': 118, 'dropout': 0.1685801161000832, 'hidden_continuous_size': 21, 'attention_head_size': 2, 'learning_rate': 0.07500071207278766}. Best is trial 0 with value: 0.03766364976763725.
[I 2023-12-26 16:30:52,767] Trial 5 finished with value: 3.2444121837615967 and parameters: {'gradient_clip_val': 0.9147532629856039, 'hidden_size': 105, 'dropout': 0.2691847013333122, 'hidden_continuous_size': 62, 'attention_head_size': 2, 'learning_rate': 0.02392752646900457}. Best is trial 0 with value: 0.03766364976763725.
[I 2023-12-26 16:30:56,346] Trial 6 finished with value: 4.159297466278076 and parameters: {'gradient_clip_val': 0.10053597144273951, 'hidden_size': 38, 'dropout': 0.1811739607751266, 'hidden_continuous_size': 6, 'attention_head_size': 3, 'learning_rate': 0.009108788489223578}. Best is trial 0 with value: 0.03766364976763725.
[I 2023-12-26 16:31:01,742] Trial 7 finished with value: 3.5757992267608643 and parameters: {'gradient_clip_val': 0.5507161115281887, 'hidden_size': 72, 'dropout': 0.20803410865240798, 'hidden_continuous_size': 19, 'attention_head_size': 4, 'learning_rate': 0.03976493280054093}. Best is trial 0 with value: 0.03766364976763725.
[I 2023-12-26 16:31:07,312] Trial 8 finished with value: 3.5840024948120117 and parameters: {'gradient_clip_val': 0.22486180993946636, 'hidden_size': 88, 'dropout': 0.42070822229051197, 'hidden_continuous_size': 18, 'attention_head_size': 3, 'learning_rate': 0.0056632364272158914}. Best is trial 0 with value: 0.03766364976763725.
[I 2023-12-26 16:31:09,004] Trial 9 finished with value: 4.9804863929748535 and parameters: {'gradient_clip_val': 0.11382555642850195, 'hidden_size': 5, 'dropout': 0.1731622097884944, 'hidden_continuous_size': 5, 'attention_head_size': 1, 'learning_rate': 0.0022752766725567704}. Best is trial 0 with value: 0.03766364976763725.
[I 2023-12-26 16:31:11,146] Trial 10 finished with value: 3.7614448070526123 and parameters: {'gradient_clip_val': 0.9677773568553689, 'hidden_size': 18, 'dropout': 0.12260427920733885, 'hidden_continuous_size': 8, 'attention_head_size': 4, 'learning_rate': 0.0006057985262635111}. Best is trial 0 with value: 0.03766364976763725.
[I 2023-12-26 16:31:13,912] Trial 11 finished with value: 4.672035217285156 and parameters: {'gradient_clip_val': 0.37055623061259696, 'hidden_size': 35, 'dropout': 0.3404057218846064, 'hidden_continuous_size': 27, 'attention_head_size': 4, 'learning_rate': 0.0019281242391547572}. Best is trial 0 with value: 0.03766364976763725.
[I 2023-12-26 16:31:17,352] Trial 12 finished with value: 3.793614625930786 and parameters: {'gradient_clip_val': 0.37704721529806867, 'hidden_size': 52, 'dropout': 0.49658313591744563, 'hidden_continuous_size': 35, 'attention_head_size': 4, 'learning_rate': 0.0006737370460393857}. Best is trial 0 with value: 0.03766364976763725.
[I 2023-12-26 16:31:19,730] Trial 13 finished with value: 3.625809669494629 and parameters: {'gradient_clip_val': 0.24567746314846786, 'hidden_size': 25, 'dropout': 0.2569018536802245, 'hidden_continuous_size': 11, 'attention_head_size': 3, 'learning_rate': 0.00264915489649428}. Best is trial 0 with value: 0.03766364976763725.
[I 2023-12-26 16:31:21,816] Trial 14 finished with value: 3.4689929485321045 and parameters: {'gradient_clip_val': 0.5256741768244709, 'hidden_size': 13, 'dropout': 0.31775181065534963, 'hidden_continuous_size': 8, 'attention_head_size': 2, 'learning_rate': 0.0012762943028786177}. Best is trial 0 with value: 0.03766364976763725.
[I 2023-12-26 16:31:25,153] Trial 15 finished with value: 3.425389528274536 and parameters: {'gradient_clip_val': 0.7536009909576483, 'hidden_size': 51, 'dropout': 0.2511315821324127, 'hidden_continuous_size': 36, 'attention_head_size': 4, 'learning_rate': 0.003634021444788558}. Best is trial 0 with value: 0.03766364976763725.
[I 2023-12-26 16:31:29,195] Trial 16 finished with value: 3.6878063678741455 and parameters: {'gradient_clip_val': 0.44517627267200305, 'hidden_size': 62, 'dropout': 0.35565426808601996, 'hidden_continuous_size': 45, 'attention_head_size': 3, 'learning_rate': 0.0011268409656313022}. Best is trial 0 with value: 0.03766364976763725.
[I 2023-12-26 16:31:31,986] Trial 17 finished with value: 4.248613357543945 and parameters: {'gradient_clip_val': 0.2880166058681516, 'hidden_size': 38, 'dropout': 0.32245193389642907, 'hidden_continuous_size': 14, 'attention_head_size': 4, 'learning_rate': 0.0005158060959720615}. Best is trial 0 with value: 0.03766364976763725.
[I 2023-12-26 16:31:42,543] Trial 18 finished with value: 2.9456937313079834 and parameters: {'gradient_clip_val': 0.7254165129893629, 'hidden_size': 149, 'dropout': 0.28497320817465616, 'hidden_continuous_size': 126, 'attention_head_size': 3, 'learning_rate': 0.004627867815944194}. Best is trial 0 with value: 0.03766364976763725.
[I 2023-12-26 16:31:44,561] Trial 19 finished with value: 3.253361463546753 and parameters: {'gradient_clip_val': 0.17971976078578328, 'hidden_size': 12, 'dropout': 0.10741865043091098, 'hidden_continuous_size': 7, 'attention_head_size': 2, 'learning_rate': 0.001682255152548301}. Best is trial 0 with value: 0.03766364976763725.
[I 2023-12-26 16:31:50,645] Trial 20 finished with value: 4.26007604598999 and parameters: {'gradient_clip_val': 0.31873177341491665, 'hidden_size': 92, 'dropout': 0.3661510038131126, 'hidden_continuous_size': 25, 'attention_head_size': 4, 'learning_rate': 0.00327764307593503}. Best is trial 0 with value: 0.03766364976763725.
[I 2023-12-26 16:31:55,034] Trial 21 finished with value: 3.0203113555908203 and parameters: {'gradient_clip_val': 0.21987484346480737, 'hidden_size': 72, 'dropout': 0.2351684846701701, 'hidden_continuous_size': 22, 'attention_head_size': 2, 'learning_rate': 0.08964263374529043}. Best is trial 0 with value: 0.03766364976763725.
[I 2023-12-26 16:32:03,476] Trial 22 finished with value: 2.8885180950164795 and parameters: {'gradient_clip_val': 0.17963316941565843, 'hidden_size': 134, 'dropout': 0.1542448502092177, 'hidden_continuous_size': 28, 'attention_head_size': 2, 'learning_rate': 0.013587870656826465}. Best is trial 0 with value: 0.03766364976763725.
[I 2023-12-26 16:32:06,795] Trial 23 finished with value: 3.3259036540985107 and parameters: {'gradient_clip_val': 0.2934054983956304, 'hidden_size': 54, 'dropout': 0.2254623050831002, 'hidden_continuous_size': 16, 'attention_head_size': 1, 'learning_rate': 0.0046415158885842415}. Best is trial 0 with value: 0.03766364976763725.
[I 2023-12-26 16:32:13,133] Trial 24 finished with value: 3.024043321609497 and parameters: {'gradient_clip_val': 0.4353647631337464, 'hidden_size': 101, 'dropout': 0.29981161784964133, 'hidden_continuous_size': 22, 'attention_head_size': 2, 'learning_rate': 0.015490808207895123}. Best is trial 0 with value: 0.03766364976763725.
