[I 2023-12-26 12:37:34,953] Trial 38 finished with value: 453.3941650390625 and parameters: {'gradient_clip_val': 0.11901344071625315, 'hidden_size': 16, 'dropout': 0.285264287447391, 'hidden_continuous_size': 5, 'attention_head_size': 2, 'learning_rate': 0.0033693150565119274}. Best is trial 0 with value: 288.5268249511719.
[I 2023-12-26 12:37:37,879] Trial 39 finished with value: 486.5685119628906 and parameters: {'gradient_clip_val': 0.20314268309857003, 'hidden_size': 27, 'dropout': 0.37036713966657936, 'hidden_continuous_size': 7, 'attention_head_size': 3, 'learning_rate': 0.0022373220288056423}. Best is trial 0 with value: 288.5268249511719.
[I 2023-12-26 12:37:40,629] Trial 40 finished with value: 513.7317504882812 and parameters: {'gradient_clip_val': 0.23810172636560936, 'hidden_size': 21, 'dropout': 0.3281084401246308, 'hidden_continuous_size': 9, 'attention_head_size': 1, 'learning_rate': 0.0011547915027407842}. Best is trial 0 with value: 288.5268249511719.
[I 2023-12-26 12:37:44,131] Trial 41 finished with value: 361.3245544433594 and parameters: {'gradient_clip_val': 0.5664072686316604, 'hidden_size': 34, 'dropout': 0.35187874645213596, 'hidden_continuous_size': 10, 'attention_head_size': 3, 'learning_rate': 0.0019690464642911315}. Best is trial 0 with value: 288.5268249511719.
[I 2023-12-26 12:37:47,191] Trial 42 finished with value: 523.6533203125 and parameters: {'gradient_clip_val': 0.4987652753602687, 'hidden_size': 27, 'dropout': 0.4074958274270228, 'hidden_continuous_size': 12, 'attention_head_size': 3, 'learning_rate': 0.0024221948960244746}. Best is trial 0 with value: 288.5268249511719.
[I 2023-12-26 12:37:59,001] Trial 43 finished with value: 351.3199157714844 and parameters: {'gradient_clip_val': 0.6403706171847745, 'hidden_size': 148, 'dropout': 0.3724433677430853, 'hidden_continuous_size': 15, 'attention_head_size': 3, 'learning_rate': 0.0016376135050285101}. Best is trial 0 with value: 288.5268249511719.
[I 2023-12-26 12:38:08,631] Trial 44 finished with value: 438.6845703125 and parameters: {'gradient_clip_val': 0.5602999577665049, 'hidden_size': 116, 'dropout': 0.3618643162596174, 'hidden_continuous_size': 15, 'attention_head_size': 3, 'learning_rate': 0.001509926230085243}. Best is trial 0 with value: 288.5268249511719.
[I 2023-12-26 12:38:19,859] Trial 45 finished with value: 382.6855163574219 and parameters: {'gradient_clip_val': 0.40123152982915344, 'hidden_size': 149, 'dropout': 0.3248582757314743, 'hidden_continuous_size': 17, 'attention_head_size': 3, 'learning_rate': 0.09400738739984334}. Best is trial 0 with value: 288.5268249511719.
[I 2023-12-26 12:38:26,632] Trial 46 finished with value: 372.5833740234375 and parameters: {'gradient_clip_val': 0.11580911335842808, 'hidden_size': 81, 'dropout': 0.3788503202560103, 'hidden_continuous_size': 12, 'attention_head_size': 2, 'learning_rate': 0.0009725862657959963}. Best is trial 0 with value: 288.5268249511719.
[I 2023-12-26 12:38:32,522] Trial 47 finished with value: 451.6148376464844 and parameters: {'gradient_clip_val': 0.45518321497117215, 'hidden_size': 101, 'dropout': 0.308027388446662, 'hidden_continuous_size': 16, 'attention_head_size': 3, 'learning_rate': 0.0006291230548972443}. Best is trial 0 with value: 288.5268249511719.
[I 2023-12-26 12:38:41,671] Trial 48 finished with value: 445.7583312988281 and parameters: {'gradient_clip_val': 0.5743813437658066, 'hidden_size': 137, 'dropout': 0.33195984026767306, 'hidden_continuous_size': 137, 'attention_head_size': 2, 'learning_rate': 0.0007011926368980963}. Best is trial 0 with value: 288.5268249511719.
[I 2023-12-26 12:38:49,008] Trial 49 finished with value: 333.183837890625 and parameters: {'gradient_clip_val': 0.11073256832332318, 'hidden_size': 123, 'dropout': 0.3567615420935025, 'hidden_continuous_size': 19, 'attention_head_size': 4, 'learning_rate': 0.000971813393635005}. Best is trial 0 with value: 288.5268249511719.
[I 2023-12-26 12:38:49,127] A new study created in memory with name: no-name-a7d2c783-de89-4650-8402-45728347552c
/home/le004/conda/anaconda3/envs/tsff_env/lib/python3.9/site-packages/lightning/fabric/plugins/environments/slurm.py:191: The `srun` command is available on your system but is not used. HINT: If your intention is to run Lightning on SLURM, prepend your python command with `srun` like so: srun python /home/le004/master_thesis/git/TSFusionForecast/code/ ...
[I 2023-12-26 12:43:27,370] Trial 0 finished with value: 86.4299087524414 and parameters: {'gradient_clip_val': 0.10525053472921132, 'hidden_size': 10, 'dropout': 0.2521106619585437, 'hidden_continuous_size': 6, 'attention_head_size': 4, 'learning_rate': 0.0010428100567271385}. Best is trial 0 with value: 86.4299087524414.
[I 2023-12-26 12:44:45,097] Trial 1 finished with value: 106.01570892333984 and parameters: {'gradient_clip_val': 0.20344477759797785, 'hidden_size': 5, 'dropout': 0.3710587010173271, 'hidden_continuous_size': 5, 'attention_head_size': 3, 'learning_rate': 0.022105912670131234}. Best is trial 0 with value: 86.4299087524414.
[I 2023-12-26 12:44:47,136] Trial 2 finished with value: 850.4526977539062 and parameters: {'gradient_clip_val': 0.3640673259879438, 'hidden_size': 10, 'dropout': 0.28972371403767994, 'hidden_continuous_size': 9, 'attention_head_size': 3, 'learning_rate': 0.005776645234078985}. Best is trial 0 with value: 86.4299087524414.
[I 2023-12-26 12:44:49,879] Trial 3 finished with value: 715.8345336914062 and parameters: {'gradient_clip_val': 0.7392078876207658, 'hidden_size': 41, 'dropout': 0.28272985488772706, 'hidden_continuous_size': 11, 'attention_head_size': 2, 'learning_rate': 0.030877392123583945}. Best is trial 0 with value: 86.4299087524414.
[I 2023-12-26 12:44:53,389] Trial 4 finished with value: 549.3123779296875 and parameters: {'gradient_clip_val': 0.27362228552603046, 'hidden_size': 54, 'dropout': 0.40990785754792847, 'hidden_continuous_size': 28, 'attention_head_size': 4, 'learning_rate': 0.013390872775378659}. Best is trial 0 with value: 86.4299087524414.
[I 2023-12-26 12:44:55,956] Trial 5 finished with value: 742.591064453125 and parameters: {'gradient_clip_val': 0.9509551109317562, 'hidden_size': 29, 'dropout': 0.49084889163590384, 'hidden_continuous_size': 19, 'attention_head_size': 3, 'learning_rate': 0.0028461141293979336}. Best is trial 0 with value: 86.4299087524414.
[I 2023-12-26 12:44:58,379] Trial 6 finished with value: 795.8971557617188 and parameters: {'gradient_clip_val': 0.24860033989515584, 'hidden_size': 25, 'dropout': 0.2390951307512529, 'hidden_continuous_size': 23, 'attention_head_size': 3, 'learning_rate': 0.06049831272207582}. Best is trial 0 with value: 86.4299087524414.
[I 2023-12-26 12:45:00,168] Trial 7 finished with value: 675.9774780273438 and parameters: {'gradient_clip_val': 0.706558264038422, 'hidden_size': 8, 'dropout': 0.199212144721656, 'hidden_continuous_size': 5, 'attention_head_size': 1, 'learning_rate': 0.005411088515286695}. Best is trial 0 with value: 86.4299087524414.
[I 2023-12-26 12:45:03,178] Trial 8 finished with value: 778.251220703125 and parameters: {'gradient_clip_val': 0.1587311600987275, 'hidden_size': 44, 'dropout': 0.18780696258156213, 'hidden_continuous_size': 30, 'attention_head_size': 2, 'learning_rate': 0.0011306805201757458}. Best is trial 0 with value: 86.4299087524414.
[I 2023-12-26 12:45:06,210] Trial 9 finished with value: 520.1747436523438 and parameters: {'gradient_clip_val': 0.4077938399355111, 'hidden_size': 41, 'dropout': 0.3649981954363969, 'hidden_continuous_size': 20, 'attention_head_size': 3, 'learning_rate': 0.0010986324427998118}. Best is trial 0 with value: 86.4299087524414.
[I 2023-12-26 12:45:14,359] Trial 10 finished with value: 630.0748901367188 and parameters: {'gradient_clip_val': 0.10760879086574673, 'hidden_size': 117, 'dropout': 0.11280794329827282, 'hidden_continuous_size': 88, 'attention_head_size': 4, 'learning_rate': 0.0006068579359368369}. Best is trial 0 with value: 86.4299087524414.
[I 2023-12-26 12:45:16,151] Trial 11 finished with value: 832.0618286132812 and parameters: {'gradient_clip_val': 0.13994735987379928, 'hidden_size': 5, 'dropout': 0.3533090365121765, 'hidden_continuous_size': 5, 'attention_head_size': 4, 'learning_rate': 0.013306966105822575}. Best is trial 0 with value: 86.4299087524414.
[I 2023-12-26 12:45:17,941] Trial 12 finished with value: 675.2665405273438 and parameters: {'gradient_clip_val': 0.10870968169351172, 'hidden_size': 5, 'dropout': 0.3335923109618972, 'hidden_continuous_size': 5, 'attention_head_size': 4, 'learning_rate': 0.09205903614301994}. Best is trial 0 with value: 86.4299087524414.
[I 2023-12-26 12:45:19,965] Trial 13 finished with value: 635.9345092773438 and parameters: {'gradient_clip_val': 0.19129580899247906, 'hidden_size': 11, 'dropout': 0.41811085740130194, 'hidden_continuous_size': 6, 'attention_head_size': 2, 'learning_rate': 0.0028226657921535054}. Best is trial 0 with value: 86.4299087524414.
[I 2023-12-26 12:45:22,121] Trial 14 finished with value: 659.6521606445312 and parameters: {'gradient_clip_val': 0.10082086868981276, 'hidden_size': 15, 'dropout': 0.2566994999937339, 'hidden_continuous_size': 6, 'attention_head_size': 4, 'learning_rate': 0.024714525434212035}. Best is trial 0 with value: 86.4299087524414.
[I 2023-12-26 12:45:24,074] Trial 15 finished with value: 781.858642578125 and parameters: {'gradient_clip_val': 0.20858436261664867, 'hidden_size': 7, 'dropout': 0.3059240377913414, 'hidden_continuous_size': 5, 'attention_head_size': 3, 'learning_rate': 0.0005110799116378943}. Best is trial 0 with value: 86.4299087524414.
[I 2023-12-26 12:45:26,130] Trial 16 finished with value: 728.7600708007812 and parameters: {'gradient_clip_val': 0.1420125436550265, 'hidden_size': 14, 'dropout': 0.3907248869341639, 'hidden_continuous_size': 6, 'attention_head_size': 1, 'learning_rate': 0.011349349935400379}. Best is trial 0 with value: 86.4299087524414.
[I 2023-12-26 12:45:27,900] Trial 17 finished with value: 620.7835083007812 and parameters: {'gradient_clip_val': 0.1752347056771831, 'hidden_size': 5, 'dropout': 0.31967585325160514, 'hidden_continuous_size': 5, 'attention_head_size': 4, 'learning_rate': 0.028960097625665305}. Best is trial 0 with value: 86.4299087524414.
[I 2023-12-26 12:45:29,842] Trial 18 finished with value: 674.208251953125 and parameters: {'gradient_clip_val': 0.12635085307219532, 'hidden_size': 7, 'dropout': 0.4503529742992821, 'hidden_continuous_size': 5, 'attention_head_size': 3, 'learning_rate': 0.0021673044741423904}. Best is trial 0 with value: 86.4299087524414.
[I 2023-12-26 12:45:31,978] Trial 19 finished with value: 908.7565307617188 and parameters: {'gradient_clip_val': 0.21735722863314128, 'hidden_size': 15, 'dropout': 0.36810055232297983, 'hidden_continuous_size': 6, 'attention_head_size': 2, 'learning_rate': 0.008311052051617623}. Best is trial 0 with value: 86.4299087524414.
[I 2023-12-26 12:45:33,891] Trial 20 finished with value: 538.787109375 and parameters: {'gradient_clip_val': 0.16138529893686485, 'hidden_size': 8, 'dropout': 0.35356469287307685, 'hidden_continuous_size': 5, 'attention_head_size': 4, 'learning_rate': 0.004544322215614374}. Best is trial 0 with value: 86.4299087524414.
[I 2023-12-26 12:45:36,326] Trial 21 finished with value: 701.247802734375 and parameters: {'gradient_clip_val': 0.3740593567181006, 'hidden_size': 21, 'dropout': 0.3819875928408034, 'hidden_continuous_size': 8, 'attention_head_size': 3, 'learning_rate': 0.0011593334482194056}. Best is trial 0 with value: 86.4299087524414.
[I 2023-12-26 12:45:38,262] Trial 22 finished with value: 897.031982421875 and parameters: {'gradient_clip_val': 0.31884323886875493, 'hidden_size': 6, 'dropout': 0.3332800125278684, 'hidden_continuous_size': 5, 'attention_head_size': 3, 'learning_rate': 0.0013024017701461974}. Best is trial 0 with value: 86.4299087524414.
[I 2023-12-26 12:45:40,309] Trial 23 finished with value: 822.122802734375 and parameters: {'gradient_clip_val': 0.4418439132540261, 'hidden_size': 10, 'dropout': 0.4253067738977106, 'hidden_continuous_size': 6, 'attention_head_size': 3, 'learning_rate': 0.0008143685722008932}. Best is trial 0 with value: 86.4299087524414.
[I 2023-12-26 12:45:42,071] Trial 24 finished with value: 547.670166015625 and parameters: {'gradient_clip_val': 0.2562285738641314, 'hidden_size': 5, 'dropout': 0.36956904463626594, 'hidden_continuous_size': 5, 'attention_head_size': 2, 'learning_rate': 0.001798248294683433}. Best is trial 0 with value: 86.4299087524414.
[I 2023-12-26 12:45:44,230] Trial 25 finished with value: 628.3472290039062 and parameters: {'gradient_clip_val': 0.18471098355546434, 'hidden_size': 20, 'dropout': 0.31240867326134225, 'hidden_continuous_size': 7, 'attention_head_size': 3, 'learning_rate': 0.0007594320809954211}. Best is trial 0 with value: 86.4299087524414.
[I 2023-12-26 12:45:46,252] Trial 26 finished with value: 605.57470703125 and parameters: {'gradient_clip_val': 0.12745983984762912, 'hidden_size': 9, 'dropout': 0.2758785169837998, 'hidden_continuous_size': 6, 'attention_head_size': 4, 'learning_rate': 0.001683039521024767}. Best is trial 0 with value: 86.4299087524414.
[I 2023-12-26 12:45:48,206] Trial 27 finished with value: 578.5213012695312 and parameters: {'gradient_clip_val': 0.22193852212183138, 'hidden_size': 6, 'dropout': 0.3452336121997065, 'hidden_continuous_size': 5, 'attention_head_size': 3, 'learning_rate': 0.003894119615876544}. Best is trial 0 with value: 86.4299087524414.
[I 2023-12-26 12:45:50,244] Trial 28 finished with value: 649.9345703125 and parameters: {'gradient_clip_val': 0.5103478092858191, 'hidden_size': 11, 'dropout': 0.3871981362291695, 'hidden_continuous_size': 7, 'attention_head_size': 2, 'learning_rate': 0.0008414707393587789}. Best is trial 0 with value: 86.4299087524414.
[I 2023-12-26 12:45:52,385] Trial 29 finished with value: 710.66357421875 and parameters: {'gradient_clip_val': 0.30237829393904475, 'hidden_size': 13, 'dropout': 0.3128898039560737, 'hidden_continuous_size': 7, 'attention_head_size': 4, 'learning_rate': 0.0030050747070478135}. Best is trial 0 with value: 86.4299087524414.
[I 2023-12-26 12:45:54,327] Trial 30 finished with value: 642.9512329101562 and parameters: {'gradient_clip_val': 0.36035717085933017, 'hidden_size': 7, 'dropout': 0.2938252120673416, 'hidden_continuous_size': 5, 'attention_head_size': 3, 'learning_rate': 0.007165461483322634}. Best is trial 0 with value: 86.4299087524414.
[I 2023-12-26 12:45:56,239] Trial 31 finished with value: 524.4160766601562 and parameters: {'gradient_clip_val': 0.15947035604957796, 'hidden_size': 8, 'dropout': 0.3568788234992829, 'hidden_continuous_size': 5, 'attention_head_size': 4, 'learning_rate': 0.004983802741734445}. Best is trial 0 with value: 86.4299087524414.
[I 2023-12-26 12:45:58,267] Trial 32 finished with value: 537.0676879882812 and parameters: {'gradient_clip_val': 0.16178378302744542, 'hidden_size': 9, 'dropout': 0.3463305778750789, 'hidden_continuous_size': 6, 'attention_head_size': 4, 'learning_rate': 0.0014579165403498801}. Best is trial 0 with value: 86.4299087524414.
[I 2023-12-26 12:46:00,608] Trial 33 finished with value: 511.287841796875 and parameters: {'gradient_clip_val': 0.11529307508436565, 'hidden_size': 10, 'dropout': 0.39302676489841515, 'hidden_continuous_size': 6, 'attention_head_size': 4, 'learning_rate': 0.0021086615422502065}. Best is trial 0 with value: 86.4299087524414.
[I 2023-12-26 12:46:02,987] Trial 34 finished with value: 618.9220581054688 and parameters: {'gradient_clip_val': 0.11710522270429981, 'hidden_size': 32, 'dropout': 0.405817352997278, 'hidden_continuous_size': 10, 'attention_head_size': 3, 'learning_rate': 0.0020609458713027524}. Best is trial 0 with value: 86.4299087524414.
[I 2023-12-26 12:46:05,138] Trial 35 finished with value: 583.2847290039062 and parameters: {'gradient_clip_val': 0.10216118889042522, 'hidden_size': 17, 'dropout': 0.44376413492253247, 'hidden_continuous_size': 7, 'attention_head_size': 4, 'learning_rate': 0.001030763525659344}. Best is trial 0 with value: 86.4299087524414.
[I 2023-12-26 12:46:07,192] Trial 36 finished with value: 618.0176391601562 and parameters: {'gradient_clip_val': 0.12077455765513118, 'hidden_size': 12, 'dropout': 0.402225302453564, 'hidden_continuous_size': 8, 'attention_head_size': 3, 'learning_rate': 0.0014383212139851618}. Best is trial 0 with value: 86.4299087524414.
[I 2023-12-26 12:46:09,363] Trial 37 finished with value: 654.1704711914062 and parameters: {'gradient_clip_val': 0.14016713350367443, 'hidden_size': 18, 'dropout': 0.49415793122851454, 'hidden_continuous_size': 9, 'attention_head_size': 4, 'learning_rate': 0.0006354920278298181}. Best is trial 0 with value: 86.4299087524414.
[I 2023-12-26 12:46:11,813] Trial 38 finished with value: 528.2145385742188 and parameters: {'gradient_clip_val': 0.1002163952640347, 'hidden_size': 28, 'dropout': 0.27743476138261797, 'hidden_continuous_size': 11, 'attention_head_size': 2, 'learning_rate': 0.0009453328962685922}. Best is trial 0 with value: 86.4299087524414.
[I 2023-12-26 12:46:14,451] Trial 39 finished with value: 427.2398376464844 and parameters: {'gradient_clip_val': 0.11627471936125897, 'hidden_size': 36, 'dropout': 0.3740845701434516, 'hidden_continuous_size': 14, 'attention_head_size': 3, 'learning_rate': 0.021795929786732993}. Best is trial 0 with value: 86.4299087524414.
[I 2023-12-26 12:46:16,749] Trial 40 finished with value: 682.9026489257812 and parameters: {'gradient_clip_val': 0.11507279845699533, 'hidden_size': 23, 'dropout': 0.4457359156846248, 'hidden_continuous_size': 12, 'attention_head_size': 1, 'learning_rate': 0.02023831335791449}. Best is trial 0 with value: 86.4299087524414.
[I 2023-12-26 12:46:19,535] Trial 41 finished with value: 623.9631958007812 and parameters: {'gradient_clip_val': 0.12660898112426663, 'hidden_size': 37, 'dropout': 0.38460855814127337, 'hidden_continuous_size': 15, 'attention_head_size': 3, 'learning_rate': 0.03474184145298466}. Best is trial 0 with value: 86.4299087524414.
[I 2023-12-26 12:46:22,930] Trial 42 finished with value: 831.0241088867188 and parameters: {'gradient_clip_val': 0.1400873178615842, 'hidden_size': 56, 'dropout': 0.36928570802536786, 'hidden_continuous_size': 18, 'attention_head_size': 3, 'learning_rate': 0.017980988310531597}. Best is trial 0 with value: 86.4299087524414.
[I 2023-12-26 12:46:25,395] Trial 43 finished with value: 529.6630859375 and parameters: {'gradient_clip_val': 0.14270318964341677, 'hidden_size': 27, 'dropout': 0.33343323287691173, 'hidden_continuous_size': 12, 'attention_head_size': 3, 'learning_rate': 0.047379821013794156}. Best is trial 0 with value: 86.4299087524414.
[I 2023-12-26 12:46:28,681] Trial 44 finished with value: 613.11474609375 and parameters: {'gradient_clip_val': 0.11162119295544597, 'hidden_size': 49, 'dropout': 0.4262102527541173, 'hidden_continuous_size': 24, 'attention_head_size': 4, 'learning_rate': 0.009647337141036811}. Best is trial 0 with value: 86.4299087524414.
[I 2023-12-26 12:46:30,980] Trial 45 finished with value: 529.7457275390625 and parameters: {'gradient_clip_val': 0.1101165472389896, 'hidden_size': 12, 'dropout': 0.22918742007178744, 'hidden_continuous_size': 9, 'attention_head_size': 3, 'learning_rate': 0.014841153479010927}. Best is trial 0 with value: 86.4299087524414.
[I 2023-12-26 12:46:33,768] Trial 46 finished with value: 822.624267578125 and parameters: {'gradient_clip_val': 0.1982604785410606, 'hidden_size': 37, 'dropout': 0.4039657687080193, 'hidden_continuous_size': 17, 'attention_head_size': 4, 'learning_rate': 0.006724260141009017}. Best is trial 0 with value: 86.4299087524414.
[I 2023-12-26 12:46:35,790] Trial 47 finished with value: 814.1875 and parameters: {'gradient_clip_val': 0.17699181276062892, 'hidden_size': 10, 'dropout': 0.2876733645804471, 'hidden_continuous_size': 8, 'attention_head_size': 2, 'learning_rate': 0.0010720027545500018}. Best is trial 0 with value: 86.4299087524414.
[I 2023-12-26 12:46:39,444] Trial 48 finished with value: 676.3411254882812 and parameters: {'gradient_clip_val': 0.12770757437101, 'hidden_size': 57, 'dropout': 0.3283058927980428, 'hidden_continuous_size': 20, 'attention_head_size': 4, 'learning_rate': 0.012234283430767707}. Best is trial 0 with value: 86.4299087524414.
[I 2023-12-26 12:46:41,657] Trial 49 finished with value: 812.5492553710938 and parameters: {'gradient_clip_val': 0.23096324801035628, 'hidden_size': 15, 'dropout': 0.31884458343184163, 'hidden_continuous_size': 13, 'attention_head_size': 3, 'learning_rate': 0.002730394947351139}. Best is trial 0 with value: 86.4299087524414.
[I 2023-12-26 12:46:41,787] A new study created in memory with name: no-name-a2765721-b1a8-458c-a61d-8924f0f6e403
/home/le004/conda/anaconda3/envs/tsff_env/lib/python3.9/site-packages/lightning/fabric/plugins/environments/slurm.py:191: The `srun` command is available on your system but is not used. HINT: If your intention is to run Lightning on SLURM, prepend your python command with `srun` like so: srun python /home/le004/master_thesis/git/TSFusionForecast/code/ ...
[I 2023-12-26 12:52:41,221] Trial 0 finished with value: 114.4454574584961 and parameters: {'gradient_clip_val': 0.34293217164860007, 'hidden_size': 96, 'dropout': 0.1344118006504738, 'hidden_continuous_size': 40, 'attention_head_size': 3, 'learning_rate': 0.013909615731832184}. Best is trial 0 with value: 114.4454574584961.
[I 2023-12-26 12:52:43,171] Trial 1 finished with value: 667.0388793945312 and parameters: {'gradient_clip_val': 0.11942175876189952, 'hidden_size': 11, 'dropout': 0.4463152569551857, 'hidden_continuous_size': 5, 'attention_head_size': 1, 'learning_rate': 0.017462758482750005}. Best is trial 0 with value: 114.4454574584961.
