[I 2023-12-26 15:50:19,174] Trial 4 finished with value: 1088.4984130859375 and parameters: {'gradient_clip_val': 0.10311445174433073, 'hidden_size': 40, 'dropout': 0.11891350114352486, 'hidden_continuous_size': 6, 'attention_head_size': 1, 'learning_rate': 0.006104396642009904}. Best is trial 0 with value: 426.1460266113281.
[I 2023-12-26 15:50:21,125] Trial 5 finished with value: 1373.5770263671875 and parameters: {'gradient_clip_val': 0.39009740233754364, 'hidden_size': 8, 'dropout': 0.31105891614088954, 'hidden_continuous_size': 5, 'attention_head_size': 3, 'learning_rate': 0.006006573943238791}. Best is trial 0 with value: 426.1460266113281.
[I 2023-12-26 15:50:31,360] Trial 6 finished with value: 1227.5826416015625 and parameters: {'gradient_clip_val': 0.5714743697505861, 'hidden_size': 141, 'dropout': 0.3753670261706077, 'hidden_continuous_size': 40, 'attention_head_size': 3, 'learning_rate': 0.008437743628585057}. Best is trial 0 with value: 426.1460266113281.
[I 2023-12-26 15:50:33,312] Trial 7 finished with value: 1192.454345703125 and parameters: {'gradient_clip_val': 0.4341153684163489, 'hidden_size': 12, 'dropout': 0.3449892131931854, 'hidden_continuous_size': 12, 'attention_head_size': 1, 'learning_rate': 0.0007012824622589859}. Best is trial 0 with value: 426.1460266113281.
[I 2023-12-26 15:50:35,573] Trial 8 finished with value: 1574.4061279296875 and parameters: {'gradient_clip_val': 0.6031316291594007, 'hidden_size': 15, 'dropout': 0.42658571495691167, 'hidden_continuous_size': 8, 'attention_head_size': 3, 'learning_rate': 0.0007414844628958905}. Best is trial 0 with value: 426.1460266113281.
[I 2023-12-26 15:50:45,758] Trial 9 finished with value: 1547.005859375 and parameters: {'gradient_clip_val': 0.19221887086168474, 'hidden_size': 145, 'dropout': 0.21936178454926042, 'hidden_continuous_size': 6, 'attention_head_size': 3, 'learning_rate': 0.0011417309913393711}. Best is trial 0 with value: 426.1460266113281.
[I 2023-12-26 15:50:47,577] Trial 10 finished with value: 1529.6910400390625 and parameters: {'gradient_clip_val': 0.8202169824420775, 'hidden_size': 5, 'dropout': 0.38944927119957795, 'hidden_continuous_size': 5, 'attention_head_size': 2, 'learning_rate': 0.002115778997051097}. Best is trial 0 with value: 426.1460266113281.
[I 2023-12-26 15:50:51,030] Trial 11 finished with value: 1411.7117919921875 and parameters: {'gradient_clip_val': 0.10768218758282437, 'hidden_size': 45, 'dropout': 0.1045620781917051, 'hidden_continuous_size': 10, 'attention_head_size': 1, 'learning_rate': 0.0027758241563080213}. Best is trial 0 with value: 426.1460266113281.
[I 2023-12-26 15:50:54,832] Trial 12 finished with value: 1442.1500244140625 and parameters: {'gradient_clip_val': 0.10022916042558876, 'hidden_size': 48, 'dropout': 0.11152007634124464, 'hidden_continuous_size': 9, 'attention_head_size': 2, 'learning_rate': 0.02143732855041463}. Best is trial 0 with value: 426.1460266113281.
[I 2023-12-26 15:50:58,526] Trial 13 finished with value: 1402.4677734375 and parameters: {'gradient_clip_val': 0.1377064746101133, 'hidden_size': 52, 'dropout': 0.1996787490694465, 'hidden_continuous_size': 13, 'attention_head_size': 1, 'learning_rate': 0.003319422808204036}. Best is trial 0 with value: 426.1460266113281.
[I 2023-12-26 15:51:04,385] Trial 14 finished with value: 999.873779296875 and parameters: {'gradient_clip_val': 0.13672392086981341, 'hidden_size': 76, 'dropout': 0.28651740543485565, 'hidden_continuous_size': 18, 'attention_head_size': 2, 'learning_rate': 0.08617610289140672}. Best is trial 0 with value: 426.1460266113281.
[I 2023-12-26 15:51:09,909] Trial 15 finished with value: 1284.06396484375 and parameters: {'gradient_clip_val': 0.2542235585073251, 'hidden_size': 76, 'dropout': 0.3050703095739351, 'hidden_continuous_size': 19, 'attention_head_size': 2, 'learning_rate': 0.09361924805327758}. Best is trial 0 with value: 426.1460266113281.
[I 2023-12-26 15:51:15,487] Trial 16 finished with value: 1332.6834716796875 and parameters: {'gradient_clip_val': 0.15113409893457408, 'hidden_size': 76, 'dropout': 0.26976443376763054, 'hidden_continuous_size': 27, 'attention_head_size': 2, 'learning_rate': 0.020943449762267113}. Best is trial 0 with value: 426.1460266113281.
[I 2023-12-26 15:51:18,340] Trial 17 finished with value: 1548.7581787109375 and parameters: {'gradient_clip_val': 0.22908160862205632, 'hidden_size': 30, 'dropout': 0.3389496755275271, 'hidden_continuous_size': 14, 'attention_head_size': 4, 'learning_rate': 0.09169004818196223}. Best is trial 0 with value: 426.1460266113281.
[I 2023-12-26 15:51:24,697] Trial 18 finished with value: 1070.00732421875 and parameters: {'gradient_clip_val': 0.13747426626759102, 'hidden_size': 78, 'dropout': 0.36576362949286656, 'hidden_continuous_size': 71, 'attention_head_size': 2, 'learning_rate': 0.017393182709905995}. Best is trial 0 with value: 426.1460266113281.
[I 2023-12-26 15:51:27,105] Trial 19 finished with value: 1743.1705322265625 and parameters: {'gradient_clip_val': 0.31554951328060254, 'hidden_size': 22, 'dropout': 0.398806689105442, 'hidden_continuous_size': 8, 'attention_head_size': 2, 'learning_rate': 0.039927833425519324}. Best is trial 0 with value: 426.1460266113281.
[I 2023-12-26 15:51:34,804] Trial 20 finished with value: 1318.7642822265625 and parameters: {'gradient_clip_val': 0.18689926392734618, 'hidden_size': 107, 'dropout': 0.496673444651045, 'hidden_continuous_size': 16, 'attention_head_size': 1, 'learning_rate': 0.012306881388765043}. Best is trial 0 with value: 426.1460266113281.
[I 2023-12-26 15:51:39,926] Trial 21 finished with value: 1703.6053466796875 and parameters: {'gradient_clip_val': 0.13424942891473277, 'hidden_size': 65, 'dropout': 0.34203366336895513, 'hidden_continuous_size': 45, 'attention_head_size': 2, 'learning_rate': 0.02083998378214868}. Best is trial 0 with value: 426.1460266113281.
[I 2023-12-26 15:51:47,090] Trial 22 finished with value: 1188.3814697265625 and parameters: {'gradient_clip_val': 0.12875163888213367, 'hidden_size': 96, 'dropout': 0.3654649412014389, 'hidden_continuous_size': 60, 'attention_head_size': 2, 'learning_rate': 0.0507123640506562}. Best is trial 0 with value: 426.1460266113281.
[I 2023-12-26 15:51:52,157] Trial 23 finished with value: 1194.5203857421875 and parameters: {'gradient_clip_val': 0.1610381919434919, 'hidden_size': 57, 'dropout': 0.31399630369256426, 'hidden_continuous_size': 28, 'attention_head_size': 2, 'learning_rate': 0.016369259462332246}. Best is trial 0 with value: 426.1460266113281.
[I 2023-12-26 15:51:55,993] Trial 24 finished with value: 1373.4951171875 and parameters: {'gradient_clip_val': 0.12526338553589925, 'hidden_size': 38, 'dropout': 0.40772347372693707, 'hidden_continuous_size': 11, 'attention_head_size': 2, 'learning_rate': 0.030951792810254508}. Best is trial 0 with value: 426.1460266113281.
[I 2023-12-26 15:52:00,977] Trial 25 finished with value: 1294.14013671875 and parameters: {'gradient_clip_val': 0.1625323386644182, 'hidden_size': 68, 'dropout': 0.36265978941551885, 'hidden_continuous_size': 25, 'attention_head_size': 2, 'learning_rate': 0.012773249603203363}. Best is trial 0 with value: 426.1460266113281.
[I 2023-12-26 15:52:06,689] Trial 26 finished with value: 1487.7261962890625 and parameters: {'gradient_clip_val': 0.1166668358218967, 'hidden_size': 88, 'dropout': 0.3304873900537458, 'hidden_continuous_size': 62, 'attention_head_size': 1, 'learning_rate': 0.0621187495856068}. Best is trial 0 with value: 426.1460266113281.
[I 2023-12-26 15:52:10,411] Trial 27 finished with value: 1349.3721923828125 and parameters: {'gradient_clip_val': 0.14016695374761443, 'hidden_size': 58, 'dropout': 0.2891194894798013, 'hidden_continuous_size': 18, 'attention_head_size': 2, 'learning_rate': 0.028796625748826507}. Best is trial 0 with value: 426.1460266113281.
[I 2023-12-26 15:52:19,810] Trial 28 finished with value: 1143.2750244140625 and parameters: {'gradient_clip_val': 0.18229423429194397, 'hidden_size': 113, 'dropout': 0.3636142848092563, 'hidden_continuous_size': 76, 'attention_head_size': 3, 'learning_rate': 0.06179219740102412}. Best is trial 0 with value: 426.1460266113281.
[I 2023-12-26 15:52:22,731] Trial 29 finished with value: 1497.0311279296875 and parameters: {'gradient_clip_val': 0.22920036108613173, 'hidden_size': 34, 'dropout': 0.44674845495657106, 'hidden_continuous_size': 15, 'attention_head_size': 4, 'learning_rate': 0.007812549988360916}. Best is trial 0 with value: 426.1460266113281.
[I 2023-12-26 15:52:25,743] Trial 30 finished with value: 1884.07568359375 and parameters: {'gradient_clip_val': 0.12038368400422894, 'hidden_size': 47, 'dropout': 0.424869044969482, 'hidden_continuous_size': 11, 'attention_head_size': 1, 'learning_rate': 0.004386818990363115}. Best is trial 0 with value: 426.1460266113281.
[I 2023-12-26 15:52:29,506] Trial 31 finished with value: 1558.2176513671875 and parameters: {'gradient_clip_val': 0.10207681383332565, 'hidden_size': 38, 'dropout': 0.14246781797039954, 'hidden_continuous_size': 22, 'attention_head_size': 1, 'learning_rate': 0.004786378794933699}. Best is trial 0 with value: 426.1460266113281.
[I 2023-12-26 15:52:36,219] Trial 32 finished with value: 1562.724609375 and parameters: {'gradient_clip_val': 0.1190726549847072, 'hidden_size': 80, 'dropout': 0.17013113002595365, 'hidden_continuous_size': 7, 'attention_head_size': 1, 'learning_rate': 0.009067253641025664}. Best is trial 0 with value: 426.1460266113281.
[I 2023-12-26 15:52:38,630] Trial 33 finished with value: 1017.0256958007812 and parameters: {'gradient_clip_val': 0.14772164662383397, 'hidden_size': 24, 'dropout': 0.23982305841177093, 'hidden_continuous_size': 12, 'attention_head_size': 2, 'learning_rate': 0.006543562736896813}. Best is trial 0 with value: 426.1460266113281.
[I 2023-12-26 15:52:41,046] Trial 34 finished with value: 1549.3741455078125 and parameters: {'gradient_clip_val': 0.14782289400424828, 'hidden_size': 26, 'dropout': 0.24835128539406015, 'hidden_continuous_size': 10, 'attention_head_size': 2, 'learning_rate': 0.012943523109993534}. Best is trial 0 with value: 426.1460266113281.
[I 2023-12-26 15:52:43,775] Trial 35 finished with value: 1586.1431884765625 and parameters: {'gradient_clip_val': 0.1681163177309068, 'hidden_size': 26, 'dropout': 0.2718415178202937, 'hidden_continuous_size': 13, 'attention_head_size': 2, 'learning_rate': 0.006548421886220735}. Best is trial 0 with value: 426.1460266113281.
[I 2023-12-26 15:52:48,399] Trial 36 finished with value: 1377.1839599609375 and parameters: {'gradient_clip_val': 0.2190274644846433, 'hidden_size': 62, 'dropout': 0.28868933831752197, 'hidden_continuous_size': 15, 'attention_head_size': 3, 'learning_rate': 0.010580017518896933}. Best is trial 0 with value: 426.1460266113281.
[I 2023-12-26 15:52:51,085] Trial 37 finished with value: 1311.6912841796875 and parameters: {'gradient_clip_val': 0.17762540246988084, 'hidden_size': 31, 'dropout': 0.24447723267072058, 'hidden_continuous_size': 17, 'attention_head_size': 3, 'learning_rate': 0.005290073653007018}. Best is trial 0 with value: 426.1460266113281.
[I 2023-12-26 15:52:53,466] Trial 38 finished with value: 856.45166015625 and parameters: {'gradient_clip_val': 0.20623705646937096, 'hidden_size': 21, 'dropout': 0.320587785159492, 'hidden_continuous_size': 9, 'attention_head_size': 2, 'learning_rate': 0.006393222944170832}. Best is trial 0 with value: 426.1460266113281.
[I 2023-12-26 15:52:56,257] Trial 39 finished with value: 1117.35498046875 and parameters: {'gradient_clip_val': 0.20230852716009068, 'hidden_size': 22, 'dropout': 0.3181347352890472, 'hidden_continuous_size': 9, 'attention_head_size': 3, 'learning_rate': 0.007037959743834756}. Best is trial 0 with value: 426.1460266113281.
[I 2023-12-26 15:52:58,841] Trial 40 finished with value: 1499.6224365234375 and parameters: {'gradient_clip_val': 0.2735148392407976, 'hidden_size': 18, 'dropout': 0.28646448502370975, 'hidden_continuous_size': 8, 'attention_head_size': 2, 'learning_rate': 0.009058917442780461}. Best is trial 0 with value: 426.1460266113281.
[I 2023-12-26 15:53:01,717] Trial 41 finished with value: 1056.922607421875 and parameters: {'gradient_clip_val': 0.1522139790072678, 'hidden_size': 41, 'dropout': 0.3453279991228627, 'hidden_continuous_size': 12, 'attention_head_size': 2, 'learning_rate': 0.004114319384962963}. Best is trial 0 with value: 426.1460266113281.
[I 2023-12-26 15:53:04,943] Trial 42 finished with value: 1598.1943359375 and parameters: {'gradient_clip_val': 0.15540056822712295, 'hidden_size': 39, 'dropout': 0.325982487638802, 'hidden_continuous_size': 12, 'attention_head_size': 2, 'learning_rate': 0.003950955957673771}. Best is trial 0 with value: 426.1460266113281.
[I 2023-12-26 15:53:07,750] Trial 43 finished with value: 1688.4437255859375 and parameters: {'gradient_clip_val': 0.20056668890815854, 'hidden_size': 33, 'dropout': 0.30406534624693704, 'hidden_continuous_size': 11, 'attention_head_size': 2, 'learning_rate': 0.005368925707910031}. Best is trial 0 with value: 426.1460266113281.
[I 2023-12-26 15:53:10,173] Trial 44 finished with value: 1657.90771484375 and parameters: {'gradient_clip_val': 0.16680262766516796, 'hidden_size': 20, 'dropout': 0.23035768636626464, 'hidden_continuous_size': 9, 'attention_head_size': 2, 'learning_rate': 0.002347326833466525}. Best is trial 0 with value: 426.1460266113281.
[I 2023-12-26 15:53:13,293] Trial 45 finished with value: 1398.869140625 and parameters: {'gradient_clip_val': 0.15193821214151426, 'hidden_size': 26, 'dropout': 0.2631744704069666, 'hidden_continuous_size': 12, 'attention_head_size': 2, 'learning_rate': 0.005999439026683835}. Best is trial 0 with value: 426.1460266113281.
[I 2023-12-26 15:53:15,610] Trial 46 finished with value: 1716.6424560546875 and parameters: {'gradient_clip_val': 0.1774860099786252, 'hidden_size': 15, 'dropout': 0.34578146662095866, 'hidden_continuous_size': 7, 'attention_head_size': 2, 'learning_rate': 0.003746257872585708}. Best is trial 0 with value: 426.1460266113281.
[I 2023-12-26 15:53:18,825] Trial 47 finished with value: 1500.7235107421875 and parameters: {'gradient_clip_val': 0.11125133035302671, 'hidden_size': 42, 'dropout': 0.2918056745767278, 'hidden_continuous_size': 14, 'attention_head_size': 3, 'learning_rate': 0.002598314557750053}. Best is trial 0 with value: 426.1460266113281.
[I 2023-12-26 15:53:22,117] Trial 48 finished with value: 1207.6114501953125 and parameters: {'gradient_clip_val': 0.14500775653509682, 'hidden_size': 47, 'dropout': 0.31183682531673784, 'hidden_continuous_size': 6, 'attention_head_size': 2, 'learning_rate': 0.0019794966603613466}. Best is trial 0 with value: 426.1460266113281.
[I 2023-12-26 15:53:24,606] Trial 49 finished with value: 1667.99658203125 and parameters: {'gradient_clip_val': 0.13025395507200438, 'hidden_size': 29, 'dropout': 0.382724010822791, 'hidden_continuous_size': 10, 'attention_head_size': 3, 'learning_rate': 0.003535180424966732}. Best is trial 0 with value: 426.1460266113281.
[I 2023-12-26 15:53:24,738] A new study created in memory with name: no-name-8053c322-e795-4d9c-afad-4b070c357523
/home/le004/conda/anaconda3/envs/tsff_env/lib/python3.9/site-packages/lightning/fabric/plugins/environments/slurm.py:191: The `srun` command is available on your system but is not used. HINT: If your intention is to run Lightning on SLURM, prepend your python command with `srun` like so: srun python /home/le004/master_thesis/git/TSFusionForecast/code/ ...
[I 2023-12-26 16:01:28,606] Trial 0 finished with value: 55.370670318603516 and parameters: {'gradient_clip_val': 0.5679102261244084, 'hidden_size': 66, 'dropout': 0.26181477750690973, 'hidden_continuous_size': 12, 'attention_head_size': 1, 'learning_rate': 0.03953888038094252}. Best is trial 0 with value: 55.370670318603516.
[I 2023-12-26 16:01:30,386] Trial 1 finished with value: 254.37950134277344 and parameters: {'gradient_clip_val': 0.9640436479111665, 'hidden_size': 8, 'dropout': 0.2271827854081393, 'hidden_continuous_size': 6, 'attention_head_size': 2, 'learning_rate': 0.005774595013739264}. Best is trial 0 with value: 55.370670318603516.
[I 2023-12-26 16:01:32,202] Trial 2 finished with value: 276.0630187988281 and parameters: {'gradient_clip_val': 0.16012180727911043, 'hidden_size': 16, 'dropout': 0.43283829813055286, 'hidden_continuous_size': 5, 'attention_head_size': 1, 'learning_rate': 0.003957252005631283}. Best is trial 0 with value: 55.370670318603516.
[I 2023-12-26 16:01:34,266] Trial 3 finished with value: 261.8995666503906 and parameters: {'gradient_clip_val': 0.12133653450191922, 'hidden_size': 14, 'dropout': 0.3277354889333066, 'hidden_continuous_size': 13, 'attention_head_size': 2, 'learning_rate': 0.0011804119415607243}. Best is trial 0 with value: 55.370670318603516.
[I 2023-12-26 16:01:36,988] Trial 4 finished with value: 353.9104919433594 and parameters: {'gradient_clip_val': 0.6479822788636984, 'hidden_size': 40, 'dropout': 0.38669235331138885, 'hidden_continuous_size': 34, 'attention_head_size': 2, 'learning_rate': 0.043054872221548565}. Best is trial 0 with value: 55.370670318603516.
[I 2023-12-26 16:01:41,562] Trial 5 finished with value: 260.7153015136719 and parameters: {'gradient_clip_val': 0.32607605595450495, 'hidden_size': 84, 'dropout': 0.1465573297474388, 'hidden_continuous_size': 5, 'attention_head_size': 2, 'learning_rate': 0.0021283192444488362}. Best is trial 0 with value: 55.370670318603516.
[I 2023-12-26 16:01:43,634] Trial 6 finished with value: 319.0721435546875 and parameters: {'gradient_clip_val': 0.2743147320647828, 'hidden_size': 22, 'dropout': 0.37724494762974203, 'hidden_continuous_size': 22, 'attention_head_size': 1, 'learning_rate': 0.0005210616800876236}. Best is trial 0 with value: 55.370670318603516.
[I 2023-12-26 16:01:46,627] Trial 7 finished with value: 394.8415222167969 and parameters: {'gradient_clip_val': 0.12487301785268323, 'hidden_size': 48, 'dropout': 0.29183251545982525, 'hidden_continuous_size': 36, 'attention_head_size': 4, 'learning_rate': 0.0006718132462867744}. Best is trial 0 with value: 55.370670318603516.
[I 2023-12-26 16:01:48,317] Trial 8 finished with value: 265.4568786621094 and parameters: {'gradient_clip_val': 0.6336841344337154, 'hidden_size': 5, 'dropout': 0.3880342258300976, 'hidden_continuous_size': 5, 'attention_head_size': 3, 'learning_rate': 0.0024323041385586027}. Best is trial 0 with value: 55.370670318603516.
[I 2023-12-26 16:01:50,383] Trial 9 finished with value: 303.1871032714844 and parameters: {'gradient_clip_val': 0.7804396946462467, 'hidden_size': 16, 'dropout': 0.20396282137996408, 'hidden_continuous_size': 7, 'attention_head_size': 2, 'learning_rate': 0.005765083435127833}. Best is trial 0 with value: 55.370670318603516.
[I 2023-12-26 16:01:59,648] Trial 10 finished with value: 211.78282165527344 and parameters: {'gradient_clip_val': 0.4302733094785514, 'hidden_size': 129, 'dropout': 0.474761196951981, 'hidden_continuous_size': 111, 'attention_head_size': 1, 'learning_rate': 0.030378516630964882}. Best is trial 0 with value: 55.370670318603516.
[I 2023-12-26 16:02:11,796] Trial 11 finished with value: 196.63731384277344 and parameters: {'gradient_clip_val': 0.46290870070877693, 'hidden_size': 149, 'dropout': 0.4792062688798124, 'hidden_continuous_size': 143, 'attention_head_size': 1, 'learning_rate': 0.03427225295265414}. Best is trial 0 with value: 55.370670318603516.
[I 2023-12-26 16:02:24,629] Trial 12 finished with value: 157.9054412841797 and parameters: {'gradient_clip_val': 0.46882869730093496, 'hidden_size': 144, 'dropout': 0.4971866402660543, 'hidden_continuous_size': 128, 'attention_head_size': 1, 'learning_rate': 0.0960382057186639}. Best is trial 0 with value: 55.370670318603516.
[I 2023-12-26 16:02:31,397] Trial 13 finished with value: 302.4901123046875 and parameters: {'gradient_clip_val': 0.4647309397096628, 'hidden_size': 77, 'dropout': 0.28534956130121447, 'hidden_continuous_size': 11, 'attention_head_size': 3, 'learning_rate': 0.09849455942784482}. Best is trial 0 with value: 55.370670318603516.
[I 2023-12-26 16:02:38,797] Trial 14 finished with value: 265.57220458984375 and parameters: {'gradient_clip_val': 0.28331220418872405, 'hidden_size': 84, 'dropout': 0.10920774925587551, 'hidden_continuous_size': 48, 'attention_head_size': 1, 'learning_rate': 0.013240163129223586}. Best is trial 0 with value: 55.370670318603516.
[I 2023-12-26 16:02:43,195] Trial 15 finished with value: 398.6703186035156 and parameters: {'gradient_clip_val': 0.9715338047695711, 'hidden_size': 48, 'dropout': 0.24900012725920034, 'hidden_continuous_size': 9, 'attention_head_size': 4, 'learning_rate': 0.0913364206675701}. Best is trial 0 with value: 55.370670318603516.
[I 2023-12-26 16:02:52,929] Trial 16 finished with value: 303.3557434082031 and parameters: {'gradient_clip_val': 0.6036824565011041, 'hidden_size': 112, 'dropout': 0.49771093233845043, 'hidden_continuous_size': 73, 'attention_head_size': 1, 'learning_rate': 0.016729758107912374}. Best is trial 0 with value: 55.370670318603516.
[I 2023-12-26 16:03:04,469] Trial 17 finished with value: 243.93507385253906 and parameters: {'gradient_clip_val': 0.37704882258198535, 'hidden_size': 148, 'dropout': 0.34132249258123576, 'hidden_continuous_size': 18, 'attention_head_size': 3, 'learning_rate': 0.05907479056597827}. Best is trial 0 with value: 55.370670318603516.
[I 2023-12-26 16:03:10,549] Trial 18 finished with value: 228.586181640625 and parameters: {'gradient_clip_val': 0.22213869338634418, 'hidden_size': 70, 'dropout': 0.4415030215040525, 'hidden_continuous_size': 15, 'attention_head_size': 1, 'learning_rate': 0.02042968871502943}. Best is trial 0 with value: 55.370670318603516.
