[I 2023-12-26 14:30:05,937] Trial 13 finished with value: 1277.1732177734375 and parameters: {'gradient_clip_val': 0.10067099140389717, 'hidden_size': 5, 'dropout': 0.49494841192517824, 'hidden_continuous_size': 5, 'attention_head_size': 3, 'learning_rate': 0.0012857299802412321}. Best is trial 1 with value: 120.0937728881836.
[I 2023-12-26 14:30:09,180] Trial 14 finished with value: 999.056396484375 and parameters: {'gradient_clip_val': 0.15752432473501593, 'hidden_size': 32, 'dropout': 0.3532447127356149, 'hidden_continuous_size': 9, 'attention_head_size': 4, 'learning_rate': 0.002126466063671771}. Best is trial 1 with value: 120.0937728881836.
[I 2023-12-26 14:30:16,445] Trial 15 finished with value: 962.4055786132812 and parameters: {'gradient_clip_val': 0.13916767459981622, 'hidden_size': 86, 'dropout': 0.4418804134064554, 'hidden_continuous_size': 21, 'attention_head_size': 3, 'learning_rate': 0.0009058492407777325}. Best is trial 1 with value: 120.0937728881836.
[I 2023-12-26 14:30:18,775] Trial 16 finished with value: 920.51953125 and parameters: {'gradient_clip_val': 0.1958765244319134, 'hidden_size': 7, 'dropout': 0.4359760271356267, 'hidden_continuous_size': 5, 'attention_head_size': 1, 'learning_rate': 0.0021504202327335214}. Best is trial 1 with value: 120.0937728881836.
[I 2023-12-26 14:30:21,065] Trial 17 finished with value: 1035.9779052734375 and parameters: {'gradient_clip_val': 0.3724241245174623, 'hidden_size': 8, 'dropout': 0.38290119937533895, 'hidden_continuous_size': 5, 'attention_head_size': 4, 'learning_rate': 0.0005260494159651475}. Best is trial 1 with value: 120.0937728881836.
[I 2023-12-26 14:30:24,091] Trial 18 finished with value: 916.171875 and parameters: {'gradient_clip_val': 0.13157015011962606, 'hidden_size': 25, 'dropout': 0.4514974961159263, 'hidden_continuous_size': 6, 'attention_head_size': 3, 'learning_rate': 0.0010948193191787272}. Best is trial 1 with value: 120.0937728881836.
[I 2023-12-26 14:30:26,191] Trial 19 finished with value: 1176.3140869140625 and parameters: {'gradient_clip_val': 0.18465204955305828, 'hidden_size': 5, 'dropout': 0.3392584599535732, 'hidden_continuous_size': 5, 'attention_head_size': 2, 'learning_rate': 0.002636087349908135}. Best is trial 1 with value: 120.0937728881836.
[I 2023-12-26 14:30:28,734] Trial 20 finished with value: 1112.7086181640625 and parameters: {'gradient_clip_val': 0.24238155289766505, 'hidden_size': 9, 'dropout': 0.3951576024778206, 'hidden_continuous_size': 6, 'attention_head_size': 4, 'learning_rate': 0.0008257014966432082}. Best is trial 1 with value: 120.0937728881836.
[I 2023-12-26 14:30:32,631] Trial 21 finished with value: 996.2125854492188 and parameters: {'gradient_clip_val': 0.32421201758895063, 'hidden_size': 42, 'dropout': 0.4227892889622694, 'hidden_continuous_size': 14, 'attention_head_size': 4, 'learning_rate': 0.0005034111023521623}. Best is trial 1 with value: 120.0937728881836.
[I 2023-12-26 14:30:37,938] Trial 22 finished with value: 1025.0465087890625 and parameters: {'gradient_clip_val': 0.2738727221646802, 'hidden_size': 59, 'dropout': 0.41361605310028926, 'hidden_continuous_size': 12, 'attention_head_size': 4, 'learning_rate': 0.0007379406286918915}. Best is trial 1 with value: 120.0937728881836.
[I 2023-12-26 14:30:41,011] Trial 23 finished with value: 865.86669921875 and parameters: {'gradient_clip_val': 0.1278947425293984, 'hidden_size': 19, 'dropout': 0.46619696964917456, 'hidden_continuous_size': 7, 'attention_head_size': 3, 'learning_rate': 0.0012174899316970114}. Best is trial 1 with value: 120.0937728881836.
[I 2023-12-26 14:30:52,529] Trial 24 finished with value: 1127.1719970703125 and parameters: {'gradient_clip_val': 0.15931070780556933, 'hidden_size': 150, 'dropout': 0.4546466521851501, 'hidden_continuous_size': 18, 'attention_head_size': 4, 'learning_rate': 0.0007111273024651006}. Best is trial 1 with value: 120.0937728881836.
[I 2023-12-26 14:30:56,098] Trial 25 finished with value: 1292.4365234375 and parameters: {'gradient_clip_val': 0.11060708973523237, 'hidden_size': 39, 'dropout': 0.397014423192309, 'hidden_continuous_size': 10, 'attention_head_size': 3, 'learning_rate': 0.0015777374438396628}. Best is trial 1 with value: 120.0937728881836.
[I 2023-12-26 14:31:03,966] Trial 26 finished with value: 963.2767944335938 and parameters: {'gradient_clip_val': 0.2257900413072816, 'hidden_size': 94, 'dropout': 0.4962660950497202, 'hidden_continuous_size': 16, 'attention_head_size': 4, 'learning_rate': 0.0007605721744642284}. Best is trial 1 with value: 120.0937728881836.
[I 2023-12-26 14:31:08,424] Trial 27 finished with value: 1024.5318603515625 and parameters: {'gradient_clip_val': 0.17894907892603373, 'hidden_size': 70, 'dropout': 0.42473518813788147, 'hidden_continuous_size': 13, 'attention_head_size': 4, 'learning_rate': 0.0012909618110265861}. Best is trial 1 with value: 120.0937728881836.
[I 2023-12-26 14:31:10,973] Trial 28 finished with value: 905.5681762695312 and parameters: {'gradient_clip_val': 0.14166453689002217, 'hidden_size': 34, 'dropout': 0.46418377305272146, 'hidden_continuous_size': 10, 'attention_head_size': 3, 'learning_rate': 0.0006348087793630317}. Best is trial 1 with value: 120.0937728881836.
[I 2023-12-26 14:31:14,353] Trial 29 finished with value: 960.412353515625 and parameters: {'gradient_clip_val': 0.46698351867077753, 'hidden_size': 50, 'dropout': 0.3754985996207182, 'hidden_continuous_size': 11, 'attention_head_size': 4, 'learning_rate': 0.000886181035467555}. Best is trial 1 with value: 120.0937728881836.
[I 2023-12-26 14:31:16,372] Trial 30 finished with value: 820.2566528320312 and parameters: {'gradient_clip_val': 0.11931555960039687, 'hidden_size': 10, 'dropout': 0.34719943754266996, 'hidden_continuous_size': 6, 'attention_head_size': 2, 'learning_rate': 0.0005057011629163952}. Best is trial 1 with value: 120.0937728881836.
[I 2023-12-26 14:31:19,094] Trial 31 finished with value: 730.279296875 and parameters: {'gradient_clip_val': 0.2086964877862724, 'hidden_size': 25, 'dropout': 0.4251457156197679, 'hidden_continuous_size': 12, 'attention_head_size': 4, 'learning_rate': 0.01559944786285765}. Best is trial 1 with value: 120.0937728881836.
[I 2023-12-26 14:31:21,490] Trial 32 finished with value: 1022.137451171875 and parameters: {'gradient_clip_val': 0.18169763423270158, 'hidden_size': 13, 'dropout': 0.42256385456373957, 'hidden_continuous_size': 7, 'attention_head_size': 4, 'learning_rate': 0.016502914524737296}. Best is trial 1 with value: 120.0937728881836.
[I 2023-12-26 14:31:23,971] Trial 33 finished with value: 737.065673828125 and parameters: {'gradient_clip_val': 0.21086708377238, 'hidden_size': 32, 'dropout': 0.47234581256230823, 'hidden_continuous_size': 12, 'attention_head_size': 4, 'learning_rate': 0.0010930746545128338}. Best is trial 1 with value: 120.0937728881836.
[I 2023-12-26 14:31:26,845] Trial 34 finished with value: 1479.7474365234375 and parameters: {'gradient_clip_val': 0.20855872643708082, 'hidden_size': 19, 'dropout': 0.4750082020350528, 'hidden_continuous_size': 11, 'attention_head_size': 4, 'learning_rate': 0.001015626009578628}. Best is trial 1 with value: 120.0937728881836.
[I 2023-12-26 14:31:30,732] Trial 35 finished with value: 1033.7216796875 and parameters: {'gradient_clip_val': 0.22576386094158246, 'hidden_size': 28, 'dropout': 0.4757559113700921, 'hidden_continuous_size': 12, 'attention_head_size': 3, 'learning_rate': 0.01638658247491612}. Best is trial 1 with value: 120.0937728881836.
[I 2023-12-26 14:31:33,445] Trial 36 finished with value: 774.84326171875 and parameters: {'gradient_clip_val': 0.19890406119037157, 'hidden_size': 23, 'dropout': 0.499118243043952, 'hidden_continuous_size': 9, 'attention_head_size': 4, 'learning_rate': 0.010454386961850776}. Best is trial 1 with value: 120.0937728881836.
[I 2023-12-26 14:31:35,656] Trial 37 finished with value: 1072.4639892578125 and parameters: {'gradient_clip_val': 0.1155273746225971, 'hidden_size': 14, 'dropout': 0.44488947903705817, 'hidden_continuous_size': 7, 'attention_head_size': 3, 'learning_rate': 0.0038701673859837613}. Best is trial 1 with value: 120.0937728881836.
[I 2023-12-26 14:31:37,972] Trial 38 finished with value: 993.419677734375 and parameters: {'gradient_clip_val': 0.17813896640784946, 'hidden_size': 14, 'dropout': 0.44601149324534, 'hidden_continuous_size': 7, 'attention_head_size': 4, 'learning_rate': 0.005843383655517806}. Best is trial 1 with value: 120.0937728881836.
[I 2023-12-26 14:31:39,971] Trial 39 finished with value: 1051.936767578125 and parameters: {'gradient_clip_val': 0.14350108517756205, 'hidden_size': 10, 'dropout': 0.4759554124164954, 'hidden_continuous_size': 6, 'attention_head_size': 2, 'learning_rate': 0.0007362528383390636}. Best is trial 1 with value: 120.0937728881836.
[I 2023-12-26 14:31:50,425] Trial 40 finished with value: 929.5732421875 and parameters: {'gradient_clip_val': 0.1243079828240526, 'hidden_size': 122, 'dropout': 0.4002007059469265, 'hidden_continuous_size': 30, 'attention_head_size': 1, 'learning_rate': 0.002993997812271972}. Best is trial 1 with value: 120.0937728881836.
[I 2023-12-26 14:31:53,107] Trial 41 finished with value: 913.4225463867188 and parameters: {'gradient_clip_val': 0.19832339841233332, 'hidden_size': 21, 'dropout': 0.49949236695338517, 'hidden_continuous_size': 8, 'attention_head_size': 4, 'learning_rate': 0.010078844401741194}. Best is trial 1 with value: 120.0937728881836.
[I 2023-12-26 14:31:55,612] Trial 42 finished with value: 950.7081909179688 and parameters: {'gradient_clip_val': 0.21542688144787084, 'hidden_size': 23, 'dropout': 0.47554827265956123, 'hidden_continuous_size': 9, 'attention_head_size': 4, 'learning_rate': 0.009489612513938926}. Best is trial 1 with value: 120.0937728881836.
[I 2023-12-26 14:31:58,217] Trial 43 finished with value: 897.0897827148438 and parameters: {'gradient_clip_val': 0.16502041311747492, 'hidden_size': 17, 'dropout': 0.499064078499926, 'hidden_continuous_size': 10, 'attention_head_size': 4, 'learning_rate': 0.02823002157961066}. Best is trial 1 with value: 120.0937728881836.
[I 2023-12-26 14:32:01,043] Trial 44 finished with value: 801.6064453125 and parameters: {'gradient_clip_val': 0.2501192294006785, 'hidden_size': 28, 'dropout': 0.4600529673398285, 'hidden_continuous_size': 13, 'attention_head_size': 4, 'learning_rate': 0.005785491939313711}. Best is trial 1 with value: 120.0937728881836.
[I 2023-12-26 14:32:03,743] Trial 45 finished with value: 740.4859008789062 and parameters: {'gradient_clip_val': 0.1465380157055062, 'hidden_size': 31, 'dropout': 0.43711358164119196, 'hidden_continuous_size': 16, 'attention_head_size': 4, 'learning_rate': 0.0017310987509189784}. Best is trial 1 with value: 120.0937728881836.
[I 2023-12-26 14:32:06,934] Trial 46 finished with value: 986.9718627929688 and parameters: {'gradient_clip_val': 0.10008332721565456, 'hidden_size': 34, 'dropout': 0.43673399454077827, 'hidden_continuous_size': 15, 'attention_head_size': 3, 'learning_rate': 0.001588205275540021}. Best is trial 1 with value: 120.0937728881836.
[I 2023-12-26 14:32:11,121] Trial 47 finished with value: 1118.77294921875 and parameters: {'gradient_clip_val': 0.14725943106806186, 'hidden_size': 55, 'dropout': 0.4146415125135521, 'hidden_continuous_size': 18, 'attention_head_size': 4, 'learning_rate': 0.0009864381808072232}. Best is trial 1 with value: 120.0937728881836.
[I 2023-12-26 14:32:15,221] Trial 48 finished with value: 781.8368530273438 and parameters: {'gradient_clip_val': 0.1339680725376801, 'hidden_size': 42, 'dropout': 0.43682385069621704, 'hidden_continuous_size': 23, 'attention_head_size': 3, 'learning_rate': 0.0006896745065416344}. Best is trial 1 with value: 120.0937728881836.
[I 2023-12-26 14:32:21,554] Trial 49 finished with value: 856.93701171875 and parameters: {'gradient_clip_val': 0.1695273658460536, 'hidden_size': 74, 'dropout': 0.45824086533735536, 'hidden_continuous_size': 16, 'attention_head_size': 4, 'learning_rate': 0.0006390751565060205}. Best is trial 1 with value: 120.0937728881836.
[I 2023-12-26 14:32:21,702] A new study created in memory with name: no-name-3414260a-28ab-45dc-ac9c-f86db4b25d35
/home/le004/conda/anaconda3/envs/tsff_env/lib/python3.9/site-packages/lightning/fabric/plugins/environments/slurm.py:191: The `srun` command is available on your system but is not used. HINT: If your intention is to run Lightning on SLURM, prepend your python command with `srun` like so: srun python /home/le004/master_thesis/git/TSFusionForecast/code/ ...
[I 2023-12-26 14:42:49,342] Trial 0 finished with value: 3.8816802501678467 and parameters: {'gradient_clip_val': 0.16722180208179824, 'hidden_size': 66, 'dropout': 0.3578655568215845, 'hidden_continuous_size': 47, 'attention_head_size': 3, 'learning_rate': 0.0008044710195305553}. Best is trial 0 with value: 3.8816802501678467.
[I 2023-12-26 14:42:57,240] Trial 1 finished with value: 16.794017791748047 and parameters: {'gradient_clip_val': 0.23148219189432773, 'hidden_size': 112, 'dropout': 0.27172180791211287, 'hidden_continuous_size': 8, 'attention_head_size': 4, 'learning_rate': 0.003554067073579663}. Best is trial 0 with value: 3.8816802501678467.
[I 2023-12-26 14:43:00,268] Trial 2 finished with value: 19.796167373657227 and parameters: {'gradient_clip_val': 0.6257745735151963, 'hidden_size': 33, 'dropout': 0.20681383309057144, 'hidden_continuous_size': 19, 'attention_head_size': 2, 'learning_rate': 0.00554233151004317}. Best is trial 0 with value: 3.8816802501678467.
[I 2023-12-26 14:43:04,595] Trial 3 finished with value: 18.5933780670166 and parameters: {'gradient_clip_val': 0.8911812434393004, 'hidden_size': 49, 'dropout': 0.2999675477777144, 'hidden_continuous_size': 47, 'attention_head_size': 4, 'learning_rate': 0.01837615127436807}. Best is trial 0 with value: 3.8816802501678467.
[I 2023-12-26 14:43:06,448] Trial 4 finished with value: 27.048551559448242 and parameters: {'gradient_clip_val': 0.6249768879422185, 'hidden_size': 7, 'dropout': 0.41498529100340587, 'hidden_continuous_size': 7, 'attention_head_size': 1, 'learning_rate': 0.03533998557256502}. Best is trial 0 with value: 3.8816802501678467.
[I 2023-12-26 14:43:08,577] Trial 5 finished with value: 17.499380111694336 and parameters: {'gradient_clip_val': 0.18333437930385874, 'hidden_size': 9, 'dropout': 0.41795556673353695, 'hidden_continuous_size': 6, 'attention_head_size': 2, 'learning_rate': 0.04677511441657821}. Best is trial 0 with value: 3.8816802501678467.
[I 2023-12-26 14:43:12,307] Trial 6 finished with value: 23.442962646484375 and parameters: {'gradient_clip_val': 0.6905466277342074, 'hidden_size': 45, 'dropout': 0.4655698825126501, 'hidden_continuous_size': 19, 'attention_head_size': 3, 'learning_rate': 0.020809564891535147}. Best is trial 0 with value: 3.8816802501678467.
[I 2023-12-26 14:43:14,394] Trial 7 finished with value: 16.991870880126953 and parameters: {'gradient_clip_val': 0.6108273374134738, 'hidden_size': 7, 'dropout': 0.35110070601363264, 'hidden_continuous_size': 5, 'attention_head_size': 3, 'learning_rate': 0.013047491806375891}. Best is trial 0 with value: 3.8816802501678467.
[I 2023-12-26 14:43:16,869] Trial 8 finished with value: 24.88437843322754 and parameters: {'gradient_clip_val': 0.1492667193746509, 'hidden_size': 24, 'dropout': 0.2563163227358578, 'hidden_continuous_size': 5, 'attention_head_size': 4, 'learning_rate': 0.005327065064678444}. Best is trial 0 with value: 3.8816802501678467.
[I 2023-12-26 14:43:19,447] Trial 9 finished with value: 24.66908836364746 and parameters: {'gradient_clip_val': 0.33652670935133755, 'hidden_size': 17, 'dropout': 0.15994266152629724, 'hidden_continuous_size': 10, 'attention_head_size': 1, 'learning_rate': 0.006303111808252713}. Best is trial 0 with value: 3.8816802501678467.
[I 2023-12-26 14:43:31,751] Trial 10 finished with value: 22.097867965698242 and parameters: {'gradient_clip_val': 0.10444073377528146, 'hidden_size': 149, 'dropout': 0.1162127263894148, 'hidden_continuous_size': 144, 'attention_head_size': 3, 'learning_rate': 0.0005191974583501067}. Best is trial 0 with value: 3.8816802501678467.
[I 2023-12-26 14:43:39,760] Trial 11 finished with value: 16.1859073638916 and parameters: {'gradient_clip_val': 0.255382417813411, 'hidden_size': 106, 'dropout': 0.3204153125871122, 'hidden_continuous_size': 37, 'attention_head_size': 4, 'learning_rate': 0.001328767941779906}. Best is trial 0 with value: 3.8816802501678467.
[I 2023-12-26 14:43:46,585] Trial 12 finished with value: 21.713098526000977 and parameters: {'gradient_clip_val': 0.30689702808388636, 'hidden_size': 89, 'dropout': 0.36961778201566814, 'hidden_continuous_size': 38, 'attention_head_size': 4, 'learning_rate': 0.0010869276235442504}. Best is trial 0 with value: 3.8816802501678467.
[I 2023-12-26 14:43:51,362] Trial 13 finished with value: 23.370134353637695 and parameters: {'gradient_clip_val': 0.2724121373443807, 'hidden_size': 64, 'dropout': 0.33606017655492415, 'hidden_continuous_size': 38, 'attention_head_size': 3, 'learning_rate': 0.0017839931608448262}. Best is trial 0 with value: 3.8816802501678467.
[I 2023-12-26 14:43:58,217] Trial 14 finished with value: 18.205965042114258 and parameters: {'gradient_clip_val': 0.15362417265374237, 'hidden_size': 77, 'dropout': 0.49927986889199, 'hidden_continuous_size': 28, 'attention_head_size': 2, 'learning_rate': 0.0005135610926620303}. Best is trial 0 with value: 3.8816802501678467.
[I 2023-12-26 14:44:09,330] Trial 15 finished with value: 17.24699592590332 and parameters: {'gradient_clip_val': 0.35723275443961744, 'hidden_size': 130, 'dropout': 0.30449370118136077, 'hidden_continuous_size': 69, 'attention_head_size': 4, 'learning_rate': 0.001725913172450059}. Best is trial 0 with value: 3.8816802501678467.
[I 2023-12-26 14:44:14,862] Trial 16 finished with value: 20.67536735534668 and parameters: {'gradient_clip_val': 0.22723599892933205, 'hidden_size': 81, 'dropout': 0.386536201827386, 'hidden_continuous_size': 14, 'attention_head_size': 3, 'learning_rate': 0.09381807837844644}. Best is trial 0 with value: 3.8816802501678467.
[I 2023-12-26 14:44:19,288] Trial 17 finished with value: 19.747007369995117 and parameters: {'gradient_clip_val': 0.4055826625952553, 'hidden_size': 55, 'dropout': 0.23363662778355018, 'hidden_continuous_size': 24, 'attention_head_size': 4, 'learning_rate': 0.0009527383403554078}. Best is trial 0 with value: 3.8816802501678467.
[I 2023-12-26 14:44:28,424] Trial 18 finished with value: 17.705324172973633 and parameters: {'gradient_clip_val': 0.10782114017047834, 'hidden_size': 109, 'dropout': 0.3367617276594654, 'hidden_continuous_size': 64, 'attention_head_size': 3, 'learning_rate': 0.003082896830977038}. Best is trial 0 with value: 3.8816802501678467.
[I 2023-12-26 14:44:33,787] Trial 19 finished with value: 19.403608322143555 and parameters: {'gradient_clip_val': 0.42684686227293867, 'hidden_size': 73, 'dropout': 0.28974954622189353, 'hidden_continuous_size': 27, 'attention_head_size': 2, 'learning_rate': 0.0008753670487327732}. Best is trial 0 with value: 3.8816802501678467.
[I 2023-12-26 14:44:45,012] Trial 20 finished with value: 20.134504318237305 and parameters: {'gradient_clip_val': 0.18795740503345368, 'hidden_size': 148, 'dropout': 0.32154525441027165, 'hidden_continuous_size': 89, 'attention_head_size': 4, 'learning_rate': 0.002011382873111938}. Best is trial 0 with value: 3.8816802501678467.
[I 2023-12-26 14:44:52,381] Trial 21 finished with value: 27.08922576904297 and parameters: {'gradient_clip_val': 0.24524074284928846, 'hidden_size': 100, 'dropout': 0.26626349070585453, 'hidden_continuous_size': 12, 'attention_head_size': 4, 'learning_rate': 0.0037755337774876604}. Best is trial 0 with value: 3.8816802501678467.
[I 2023-12-26 14:45:01,096] Trial 22 finished with value: 16.17470932006836 and parameters: {'gradient_clip_val': 0.22069633677958717, 'hidden_size': 108, 'dropout': 0.276958129212251, 'hidden_continuous_size': 9, 'attention_head_size': 4, 'learning_rate': 0.00267216990196203}. Best is trial 0 with value: 3.8816802501678467.
[I 2023-12-26 14:45:09,417] Trial 23 finished with value: 13.946236610412598 and parameters: {'gradient_clip_val': 0.20821759049617058, 'hidden_size': 107, 'dropout': 0.3184700324464817, 'hidden_continuous_size': 15, 'attention_head_size': 3, 'learning_rate': 0.002330228641907754}. Best is trial 0 with value: 3.8816802501678467.
[I 2023-12-26 14:45:14,673] Trial 24 finished with value: 20.99176788330078 and parameters: {'gradient_clip_val': 0.20266988121929186, 'hidden_size': 66, 'dropout': 0.35813209888201714, 'hidden_continuous_size': 15, 'attention_head_size': 3, 'learning_rate': 0.002488142554447432}. Best is trial 0 with value: 3.8816802501678467.
[I 2023-12-26 14:45:20,523] Trial 25 finished with value: 24.262046813964844 and parameters: {'gradient_clip_val': 0.1525626583038641, 'hidden_size': 90, 'dropout': 0.2220290627778246, 'hidden_continuous_size': 10, 'attention_head_size': 3, 'learning_rate': 0.0024662715566933615}. Best is trial 0 with value: 3.8816802501678467.
[I 2023-12-26 14:45:23,637] Trial 26 finished with value: 19.068693161010742 and parameters: {'gradient_clip_val': 0.13326595342917286, 'hidden_size': 49, 'dropout': 0.3825561623618502, 'hidden_continuous_size': 9, 'attention_head_size': 2, 'learning_rate': 0.008691789662676629}. Best is trial 0 with value: 3.8816802501678467.
[I 2023-12-26 14:45:33,027] Trial 27 finished with value: 21.805776596069336 and parameters: {'gradient_clip_val': 0.19883934182398547, 'hidden_size': 122, 'dropout': 0.29623123891975317, 'hidden_continuous_size': 12, 'attention_head_size': 3, 'learning_rate': 0.0014715059244703131}. Best is trial 0 with value: 3.8816802501678467.
