[I 2023-12-26 12:19:59,479] Trial 7 finished with value: 5.4546685218811035 and parameters: {'gradient_clip_val': 0.9171443149625559, 'hidden_size': 10, 'dropout': 0.1138152323504038, 'hidden_continuous_size': 7, 'attention_head_size': 4, 'learning_rate': 0.01677085778607067}. Best is trial 0 with value: 0.23185837268829346.
[I 2023-12-26 12:20:02,589] Trial 8 finished with value: 7.4878058433532715 and parameters: {'gradient_clip_val': 0.9834215125123735, 'hidden_size': 38, 'dropout': 0.1611438128951421, 'hidden_continuous_size': 29, 'attention_head_size': 4, 'learning_rate': 0.043470173713996654}. Best is trial 0 with value: 0.23185837268829346.
[I 2023-12-26 12:20:07,948] Trial 9 finished with value: 7.127357482910156 and parameters: {'gradient_clip_val': 0.5598217510451975, 'hidden_size': 82, 'dropout': 0.49279961988544285, 'hidden_continuous_size': 12, 'attention_head_size': 2, 'learning_rate': 0.05236858949606294}. Best is trial 0 with value: 0.23185837268829346.
[I 2023-12-26 12:20:09,886] Trial 10 finished with value: 8.952858924865723 and parameters: {'gradient_clip_val': 0.21646613122528774, 'hidden_size': 6, 'dropout': 0.21783313618146494, 'hidden_continuous_size': 5, 'attention_head_size': 4, 'learning_rate': 0.0010269154290086678}. Best is trial 0 with value: 0.23185837268829346.
[I 2023-12-26 12:20:11,606] Trial 11 finished with value: 8.238213539123535 and parameters: {'gradient_clip_val': 0.11898530735864797, 'hidden_size': 5, 'dropout': 0.3581083925656391, 'hidden_continuous_size': 5, 'attention_head_size': 4, 'learning_rate': 0.0029822026856790164}. Best is trial 0 with value: 0.23185837268829346.
[I 2023-12-26 12:20:13,785] Trial 12 finished with value: 7.456976413726807 and parameters: {'gradient_clip_val': 0.18933243047491238, 'hidden_size': 22, 'dropout': 0.2575305447878764, 'hidden_continuous_size': 6, 'attention_head_size': 3, 'learning_rate': 0.0005375172599958033}. Best is trial 0 with value: 0.23185837268829346.
[I 2023-12-26 12:20:22,978] Trial 13 finished with value: 7.807395935058594 and parameters: {'gradient_clip_val': 0.10334921713305252, 'hidden_size': 134, 'dropout': 0.3799752830575305, 'hidden_continuous_size': 87, 'attention_head_size': 2, 'learning_rate': 0.0023568866762913206}. Best is trial 0 with value: 0.23185837268829346.
[I 2023-12-26 12:20:25,036] Trial 14 finished with value: 8.94581413269043 and parameters: {'gradient_clip_val': 0.21979271719811508, 'hidden_size': 17, 'dropout': 0.2626262756548153, 'hidden_continuous_size': 6, 'attention_head_size': 4, 'learning_rate': 0.0018054218415048157}. Best is trial 0 with value: 0.23185837268829346.
[I 2023-12-26 12:20:27,508] Trial 15 finished with value: 6.725734233856201 and parameters: {'gradient_clip_val': 0.1009248251042522, 'hidden_size': 36, 'dropout': 0.41251780263138793, 'hidden_continuous_size': 8, 'attention_head_size': 3, 'learning_rate': 0.006019219633083405}. Best is trial 0 with value: 0.23185837268829346.
[I 2023-12-26 12:20:29,784] Trial 16 finished with value: 7.949326038360596 and parameters: {'gradient_clip_val': 0.1672424109237437, 'hidden_size': 7, 'dropout': 0.3026585437089948, 'hidden_continuous_size': 5, 'attention_head_size': 1, 'learning_rate': 0.021365800322219432}. Best is trial 0 with value: 0.23185837268829346.
[I 2023-12-26 12:20:32,395] Trial 17 finished with value: 5.749630451202393 and parameters: {'gradient_clip_val': 0.2933576645382368, 'hidden_size': 15, 'dropout': 0.18346853384844747, 'hidden_continuous_size': 6, 'attention_head_size': 4, 'learning_rate': 0.004281948335936572}. Best is trial 0 with value: 0.23185837268829346.
[I 2023-12-26 12:20:34,501] Trial 18 finished with value: 7.876409530639648 and parameters: {'gradient_clip_val': 0.1537459844749894, 'hidden_size': 5, 'dropout': 0.4336022670255024, 'hidden_continuous_size': 5, 'attention_head_size': 3, 'learning_rate': 0.006540079806752844}. Best is trial 0 with value: 0.23185837268829346.
[I 2023-12-26 12:20:36,711] Trial 19 finished with value: 8.684167861938477 and parameters: {'gradient_clip_val': 0.12507548460815832, 'hidden_size': 9, 'dropout': 0.3471284451177287, 'hidden_continuous_size': 5, 'attention_head_size': 2, 'learning_rate': 0.0011164346390949425}. Best is trial 0 with value: 0.23185837268829346.
[I 2023-12-26 12:20:39,225] Trial 20 finished with value: 6.526157379150391 and parameters: {'gradient_clip_val': 0.17043273445801485, 'hidden_size': 29, 'dropout': 0.27819135231372244, 'hidden_continuous_size': 7, 'attention_head_size': 4, 'learning_rate': 0.00420468654696126}. Best is trial 0 with value: 0.23185837268829346.
[I 2023-12-26 12:20:42,417] Trial 21 finished with value: 7.044393062591553 and parameters: {'gradient_clip_val': 0.1323995523175854, 'hidden_size': 54, 'dropout': 0.1522104431226022, 'hidden_continuous_size': 8, 'attention_head_size': 3, 'learning_rate': 0.020231201880667595}. Best is trial 0 with value: 0.23185837268829346.
[I 2023-12-26 12:20:46,896] Trial 22 finished with value: 5.647060871124268 and parameters: {'gradient_clip_val': 0.10344151940894512, 'hidden_size': 67, 'dropout': 0.2141587097834497, 'hidden_continuous_size': 9, 'attention_head_size': 3, 'learning_rate': 0.024185292414567378}. Best is trial 0 with value: 0.23185837268829346.
[I 2023-12-26 12:20:49,432] Trial 23 finished with value: 6.28276252746582 and parameters: {'gradient_clip_val': 0.15044759660131668, 'hidden_size': 31, 'dropout': 0.14752473328845223, 'hidden_continuous_size': 6, 'attention_head_size': 3, 'learning_rate': 0.08980742589292551}. Best is trial 0 with value: 0.23185837268829346.
[I 2023-12-26 12:20:51,724] Trial 24 finished with value: 7.882458209991455 and parameters: {'gradient_clip_val': 0.11938277671753775, 'hidden_size': 19, 'dropout': 0.1317201326766158, 'hidden_continuous_size': 6, 'attention_head_size': 2, 'learning_rate': 0.03341870229375009}. Best is trial 0 with value: 0.23185837268829346.
[I 2023-12-26 12:20:54,480] Trial 25 finished with value: 8.27511978149414 and parameters: {'gradient_clip_val': 0.2041075176866433, 'hidden_size': 26, 'dropout': 0.19301742750574682, 'hidden_continuous_size': 7, 'attention_head_size': 3, 'learning_rate': 0.011795765747816852}. Best is trial 0 with value: 0.23185837268829346.
[I 2023-12-26 12:20:56,576] Trial 26 finished with value: 7.853729724884033 and parameters: {'gradient_clip_val': 0.24873626174760285, 'hidden_size': 13, 'dropout': 0.23266631469712779, 'hidden_continuous_size': 6, 'attention_head_size': 4, 'learning_rate': 0.007899188053819083}. Best is trial 0 with value: 0.23185837268829346.
[I 2023-12-26 12:21:02,667] Trial 27 finished with value: 5.527617931365967 and parameters: {'gradient_clip_val': 0.15698813303654177, 'hidden_size': 99, 'dropout': 0.17738444017487137, 'hidden_continuous_size': 19, 'attention_head_size': 3, 'learning_rate': 0.03549154453281242}. Best is trial 0 with value: 0.23185837268829346.
[I 2023-12-26 12:21:06,093] Trial 28 finished with value: 5.776224613189697 and parameters: {'gradient_clip_val': 0.18035497780099996, 'hidden_size': 43, 'dropout': 0.13604013049066915, 'hidden_continuous_size': 9, 'attention_head_size': 2, 'learning_rate': 0.014557012588429084}. Best is trial 0 with value: 0.23185837268829346.
[I 2023-12-26 12:21:10,028] Trial 29 finished with value: 7.032996654510498 and parameters: {'gradient_clip_val': 0.13900741107068582, 'hidden_size': 48, 'dropout': 0.29651059579209077, 'hidden_continuous_size': 10, 'attention_head_size': 2, 'learning_rate': 0.08534602427405982}. Best is trial 0 with value: 0.23185837268829346.
[I 2023-12-26 12:21:14,656] Trial 30 finished with value: 7.055243015289307 and parameters: {'gradient_clip_val': 0.11392044512287666, 'hidden_size': 54, 'dropout': 0.1251207741632691, 'hidden_continuous_size': 7, 'attention_head_size': 4, 'learning_rate': 0.06313071904561135}. Best is trial 0 with value: 0.23185837268829346.
[I 2023-12-26 12:21:16,980] Trial 31 finished with value: 6.836778163909912 and parameters: {'gradient_clip_val': 0.4067896347396943, 'hidden_size': 8, 'dropout': 0.10558803996674718, 'hidden_continuous_size': 5, 'attention_head_size': 4, 'learning_rate': 0.014903237763553154}. Best is trial 0 with value: 0.23185837268829346.
[I 2023-12-26 12:21:19,449] Trial 32 finished with value: 5.414878845214844 and parameters: {'gradient_clip_val': 0.26904303287243503, 'hidden_size': 11, 'dropout': 0.16843006965469123, 'hidden_continuous_size': 7, 'attention_head_size': 4, 'learning_rate': 0.028556033172616402}. Best is trial 0 with value: 0.23185837268829346.
[I 2023-12-26 12:21:21,848] Trial 33 finished with value: 7.045310974121094 and parameters: {'gradient_clip_val': 0.13903677395826972, 'hidden_size': 12, 'dropout': 0.1597186050520713, 'hidden_continuous_size': 6, 'attention_head_size': 1, 'learning_rate': 0.05647982673528529}. Best is trial 0 with value: 0.23185837268829346.
[I 2023-12-26 12:21:24,225] Trial 34 finished with value: 8.644259452819824 and parameters: {'gradient_clip_val': 0.25372372597891824, 'hidden_size': 11, 'dropout': 0.19546561852841587, 'hidden_continuous_size': 7, 'attention_head_size': 3, 'learning_rate': 0.025999099115240926}. Best is trial 0 with value: 0.23185837268829346.
[I 2023-12-26 12:21:26,544] Trial 35 finished with value: 7.627433776855469 and parameters: {'gradient_clip_val': 0.17369310909252902, 'hidden_size': 7, 'dropout': 0.13162893090853905, 'hidden_continuous_size': 5, 'attention_head_size': 4, 'learning_rate': 0.009445871606164868}. Best is trial 0 with value: 0.23185837268829346.
[I 2023-12-26 12:21:29,024] Trial 36 finished with value: 7.256658554077148 and parameters: {'gradient_clip_val': 0.14380788928021773, 'hidden_size': 15, 'dropout': 0.10698630923947873, 'hidden_continuous_size': 7, 'attention_head_size': 3, 'learning_rate': 0.03374165757953299}. Best is trial 0 with value: 0.23185837268829346.
[I 2023-12-26 12:21:31,255] Trial 37 finished with value: 8.320281982421875 and parameters: {'gradient_clip_val': 0.12612564705538412, 'hidden_size': 10, 'dropout': 0.17799320195469437, 'hidden_continuous_size': 6, 'attention_head_size': 4, 'learning_rate': 0.06748755719711962}. Best is trial 0 with value: 0.23185837268829346.
[I 2023-12-26 12:21:33,638] Trial 38 finished with value: 7.45688009262085 and parameters: {'gradient_clip_val': 0.3351601804655595, 'hidden_size': 20, 'dropout': 0.15460393936034156, 'hidden_continuous_size': 8, 'attention_head_size': 4, 'learning_rate': 0.04538315101554202}. Best is trial 0 with value: 0.23185837268829346.
[I 2023-12-26 12:21:36,310] Trial 39 finished with value: 7.034298419952393 and parameters: {'gradient_clip_val': 0.11369804497814029, 'hidden_size': 24, 'dropout': 0.10064513458340352, 'hidden_continuous_size': 9, 'attention_head_size': 3, 'learning_rate': 0.01604471299694168}. Best is trial 0 with value: 0.23185837268829346.
[I 2023-12-26 12:21:38,268] Trial 40 finished with value: 7.3756422996521 and parameters: {'gradient_clip_val': 0.20043868161349168, 'hidden_size': 6, 'dropout': 0.2358885676711925, 'hidden_continuous_size': 5, 'attention_head_size': 4, 'learning_rate': 0.01169864979766411}. Best is trial 0 with value: 0.23185837268829346.
[I 2023-12-26 12:21:40,346] Trial 41 finished with value: 7.333338260650635 and parameters: {'gradient_clip_val': 0.6455097595041681, 'hidden_size': 11, 'dropout': 0.12403313150324066, 'hidden_continuous_size': 7, 'attention_head_size': 4, 'learning_rate': 0.026747746609809876}. Best is trial 0 with value: 0.23185837268829346.
[I 2023-12-26 12:21:42,417] Trial 42 finished with value: 9.445128440856934 and parameters: {'gradient_clip_val': 0.9620614879848439, 'hidden_size': 9, 'dropout': 0.11572500924472465, 'hidden_continuous_size': 7, 'attention_head_size': 4, 'learning_rate': 0.0179915310096174}. Best is trial 0 with value: 0.23185837268829346.
[I 2023-12-26 12:21:44,818] Trial 43 finished with value: 6.516856670379639 and parameters: {'gradient_clip_val': 0.512649979283967, 'hidden_size': 17, 'dropout': 0.16817180792404143, 'hidden_continuous_size': 8, 'attention_head_size': 4, 'learning_rate': 0.009174172434758437}. Best is trial 0 with value: 0.23185837268829346.
[I 2023-12-26 12:21:47,086] Trial 44 finished with value: 7.691673755645752 and parameters: {'gradient_clip_val': 0.43074712741312016, 'hidden_size': 13, 'dropout': 0.1458769761948609, 'hidden_continuous_size': 7, 'attention_head_size': 3, 'learning_rate': 0.013681361393145816}. Best is trial 0 with value: 0.23185837268829346.
[I 2023-12-26 12:21:48,792] Trial 45 finished with value: 4.804553508758545 and parameters: {'gradient_clip_val': 0.1642900094070391, 'hidden_size': 5, 'dropout': 0.11809569456399341, 'hidden_continuous_size': 5, 'attention_head_size': 4, 'learning_rate': 0.01876122433938295}. Best is trial 0 with value: 0.23185837268829346.
[I 2023-12-26 12:21:50,701] Trial 46 finished with value: 6.471340656280518 and parameters: {'gradient_clip_val': 0.1327760126296939, 'hidden_size': 6, 'dropout': 0.14065364827289953, 'hidden_continuous_size': 5, 'attention_head_size': 4, 'learning_rate': 0.04737347080623051}. Best is trial 0 with value: 0.23185837268829346.
[I 2023-12-26 12:21:52,795] Trial 47 finished with value: 7.743325710296631 and parameters: {'gradient_clip_val': 0.16095835367208108, 'hidden_size': 6, 'dropout': 0.16704484893623117, 'hidden_continuous_size': 5, 'attention_head_size': 4, 'learning_rate': 0.020396345320321353}. Best is trial 0 with value: 0.23185837268829346.
[I 2023-12-26 12:21:54,744] Trial 48 finished with value: 8.67505168914795 and parameters: {'gradient_clip_val': 0.14410445250124984, 'hidden_size': 5, 'dropout': 0.12027765223102009, 'hidden_continuous_size': 5, 'attention_head_size': 3, 'learning_rate': 0.038475950947996836}. Best is trial 0 with value: 0.23185837268829346.
[I 2023-12-26 12:21:56,934] Trial 49 finished with value: 7.91858434677124 and parameters: {'gradient_clip_val': 0.1834404317052266, 'hidden_size': 8, 'dropout': 0.20287586400713226, 'hidden_continuous_size': 5, 'attention_head_size': 4, 'learning_rate': 0.00599856056534891}. Best is trial 0 with value: 0.23185837268829346.
[I 2023-12-26 12:21:57,061] A new study created in memory with name: no-name-4223c844-c717-475f-8f58-5121b6d4adbb
/home/le004/conda/anaconda3/envs/tsff_env/lib/python3.9/site-packages/lightning/fabric/plugins/environments/slurm.py:191: The `srun` command is available on your system but is not used. HINT: If your intention is to run Lightning on SLURM, prepend your python command with `srun` like so: srun python /home/le004/master_thesis/git/TSFusionForecast/code/ ...
[I 2023-12-26 12:31:51,022] Trial 0 finished with value: 319.3028869628906 and parameters: {'gradient_clip_val': 0.10616515020523802, 'hidden_size': 98, 'dropout': 0.13785557329006493, 'hidden_continuous_size': 98, 'attention_head_size': 2, 'learning_rate': 0.0006837860312511333}. Best is trial 0 with value: 319.3028869628906.
[I 2023-12-26 12:31:53,370] Trial 1 finished with value: 1030.694580078125 and parameters: {'gradient_clip_val': 0.11158781970862088, 'hidden_size': 20, 'dropout': 0.21253551104957655, 'hidden_continuous_size': 6, 'attention_head_size': 1, 'learning_rate': 0.008542318674834215}. Best is trial 0 with value: 319.3028869628906.
[I 2023-12-26 12:31:55,462] Trial 2 finished with value: 979.6420288085938 and parameters: {'gradient_clip_val': 0.3191743064910212, 'hidden_size': 8, 'dropout': 0.17420073477605486, 'hidden_continuous_size': 8, 'attention_head_size': 4, 'learning_rate': 0.015001556622419554}. Best is trial 0 with value: 319.3028869628906.
[I 2023-12-26 12:31:57,774] Trial 3 finished with value: 1296.450927734375 and parameters: {'gradient_clip_val': 0.17346657068952356, 'hidden_size': 7, 'dropout': 0.2329946330961898, 'hidden_continuous_size': 5, 'attention_head_size': 4, 'learning_rate': 0.0015582585957664402}. Best is trial 0 with value: 319.3028869628906.
[I 2023-12-26 12:32:00,096] Trial 4 finished with value: 1091.5426025390625 and parameters: {'gradient_clip_val': 0.11381370232994718, 'hidden_size': 5, 'dropout': 0.38968336438767837, 'hidden_continuous_size': 5, 'attention_head_size': 2, 'learning_rate': 0.000858581131517615}. Best is trial 0 with value: 319.3028869628906.
[I 2023-12-26 12:32:02,774] Trial 5 finished with value: 1060.0733642578125 and parameters: {'gradient_clip_val': 0.127263408098655, 'hidden_size': 30, 'dropout': 0.2954083372831396, 'hidden_continuous_size': 6, 'attention_head_size': 2, 'learning_rate': 0.014081379767196136}. Best is trial 0 with value: 319.3028869628906.
[I 2023-12-26 12:32:11,183] Trial 6 finished with value: 1263.0433349609375 and parameters: {'gradient_clip_val': 0.10726415391795989, 'hidden_size': 119, 'dropout': 0.4337020545375938, 'hidden_continuous_size': 30, 'attention_head_size': 1, 'learning_rate': 0.0027326935054921096}. Best is trial 0 with value: 319.3028869628906.
[I 2023-12-26 12:32:13,753] Trial 7 finished with value: 1201.2960205078125 and parameters: {'gradient_clip_val': 0.5269567877740047, 'hidden_size': 24, 'dropout': 0.11273497785873171, 'hidden_continuous_size': 5, 'attention_head_size': 2, 'learning_rate': 0.029336599997735927}. Best is trial 0 with value: 319.3028869628906.
[I 2023-12-26 12:32:17,464] Trial 8 finished with value: 984.8300170898438 and parameters: {'gradient_clip_val': 0.14327574203645718, 'hidden_size': 43, 'dropout': 0.17282994153277798, 'hidden_continuous_size': 25, 'attention_head_size': 3, 'learning_rate': 0.00401560663586182}. Best is trial 0 with value: 319.3028869628906.
[I 2023-12-26 12:32:20,010] Trial 9 finished with value: 1179.9454345703125 and parameters: {'gradient_clip_val': 0.2090387100638951, 'hidden_size': 20, 'dropout': 0.12874199686033094, 'hidden_continuous_size': 10, 'attention_head_size': 2, 'learning_rate': 0.02590671824399982}. Best is trial 0 with value: 319.3028869628906.
[I 2023-12-26 12:32:33,259] Trial 10 finished with value: 1001.4707641601562 and parameters: {'gradient_clip_val': 0.9941234617860406, 'hidden_size': 150, 'dropout': 0.3106225715205543, 'hidden_continuous_size': 119, 'attention_head_size': 3, 'learning_rate': 0.000653170376609417}. Best is trial 0 with value: 319.3028869628906.
[I 2023-12-26 12:32:35,616] Trial 11 finished with value: 1092.5804443359375 and parameters: {'gradient_clip_val': 0.25366184411721204, 'hidden_size': 10, 'dropout': 0.12025777117919828, 'hidden_continuous_size': 8, 'attention_head_size': 4, 'learning_rate': 0.07505777984066288}. Best is trial 0 with value: 319.3028869628906.
[I 2023-12-26 12:32:40,284] Trial 12 finished with value: 1000.7630004882812 and parameters: {'gradient_clip_val': 0.3727627686919014, 'hidden_size': 54, 'dropout': 0.17549480842016632, 'hidden_continuous_size': 12, 'attention_head_size': 3, 'learning_rate': 0.005044450434009804}. Best is trial 0 with value: 319.3028869628906.
[I 2023-12-26 12:32:42,690] Trial 13 finished with value: 1107.1875 and parameters: {'gradient_clip_val': 0.2930456306532277, 'hidden_size': 11, 'dropout': 0.24262739274764566, 'hidden_continuous_size': 7, 'attention_head_size': 4, 'learning_rate': 0.0016711064136809512}. Best is trial 0 with value: 319.3028869628906.
[I 2023-12-26 12:32:49,167] Trial 14 finished with value: 1161.9400634765625 and parameters: {'gradient_clip_val': 0.1968573410032473, 'hidden_size': 81, 'dropout': 0.17069382045323256, 'hidden_continuous_size': 15, 'attention_head_size': 3, 'learning_rate': 0.0005236749965943883}. Best is trial 0 with value: 319.3028869628906.
[I 2023-12-26 12:32:55,570] Trial 15 finished with value: 586.1710815429688 and parameters: {'gradient_clip_val': 0.3931911609485581, 'hidden_size': 67, 'dropout': 0.10419137224434434, 'hidden_continuous_size': 65, 'attention_head_size': 1, 'learning_rate': 0.008480374694073317}. Best is trial 0 with value: 319.3028869628906.
[I 2023-12-26 12:33:03,668] Trial 16 finished with value: 892.8515625 and parameters: {'gradient_clip_val': 0.15903387502264665, 'hidden_size': 86, 'dropout': 0.1101050466954552, 'hidden_continuous_size': 78, 'attention_head_size': 1, 'learning_rate': 0.003034573033156496}. Best is trial 0 with value: 319.3028869628906.
[I 2023-12-26 12:33:09,610] Trial 17 finished with value: 1152.8046875 and parameters: {'gradient_clip_val': 0.4170154170458434, 'hidden_size': 69, 'dropout': 0.13983759620387512, 'hidden_continuous_size': 48, 'attention_head_size': 1, 'learning_rate': 0.006877498526550159}. Best is trial 0 with value: 319.3028869628906.
[I 2023-12-26 12:33:17,618] Trial 18 finished with value: 971.4473266601562 and parameters: {'gradient_clip_val': 0.2314493342308731, 'hidden_size': 97, 'dropout': 0.10805873475087052, 'hidden_continuous_size': 47, 'attention_head_size': 1, 'learning_rate': 0.0012140501952193129}. Best is trial 0 with value: 319.3028869628906.
[I 2023-12-26 12:33:31,117] Trial 19 finished with value: 946.0509643554688 and parameters: {'gradient_clip_val': 0.15584692847355605, 'hidden_size': 148, 'dropout': 0.2030101838999825, 'hidden_continuous_size': 141, 'attention_head_size': 2, 'learning_rate': 0.002142405991394757}. Best is trial 0 with value: 319.3028869628906.
[I 2023-12-26 12:33:35,918] Trial 20 finished with value: 1033.7091064453125 and parameters: {'gradient_clip_val': 0.5323875063046831, 'hidden_size': 61, 'dropout': 0.256690224788205, 'hidden_continuous_size': 27, 'attention_head_size': 1, 'learning_rate': 0.0008358702026968785}. Best is trial 0 with value: 319.3028869628906.
[I 2023-12-26 12:33:43,711] Trial 21 finished with value: 939.09033203125 and parameters: {'gradient_clip_val': 0.14283449547367882, 'hidden_size': 92, 'dropout': 0.10251195821788606, 'hidden_continuous_size': 73, 'attention_head_size': 1, 'learning_rate': 0.0035313486143448295}. Best is trial 0 with value: 319.3028869628906.
