[I 2023-12-15 19:47:19,967] Trial 43 finished with value: 268.4388122558594 and parameters: {'gradient_clip_val': 0.4089225855051804, 'hidden_size': 72, 'dropout': 0.30613834281731794, 'hidden_continuous_size': 15, 'attention_head_size': 1, 'learning_rate': 0.015071879296438676}. Best is trial 14 with value: 74.48269653320312.
LOCAL_RANK: 0 - CUDA_VISIBLE_DEVICES: [0]
[I 2023-12-15 19:48:12,453] Trial 44 finished with value: 219.8927001953125 and parameters: {'gradient_clip_val': 0.2554386936517139, 'hidden_size': 92, 'dropout': 0.2833793134585094, 'hidden_continuous_size': 6, 'attention_head_size': 2, 'learning_rate': 0.022367500986268902}. Best is trial 14 with value: 74.48269653320312.
LOCAL_RANK: 0 - CUDA_VISIBLE_DEVICES: [0]
[I 2023-12-15 19:49:06,957] Trial 45 finished with value: 142.0802459716797 and parameters: {'gradient_clip_val': 0.2404277637024684, 'hidden_size': 77, 'dropout': 0.18085886934827333, 'hidden_continuous_size': 17, 'attention_head_size': 4, 'learning_rate': 0.03288281495147372}. Best is trial 14 with value: 74.48269653320312.
LOCAL_RANK: 0 - CUDA_VISIBLE_DEVICES: [0]
[I 2023-12-15 19:50:00,982] Trial 46 finished with value: 212.59739685058594 and parameters: {'gradient_clip_val': 0.29408802439974546, 'hidden_size': 58, 'dropout': 0.26587105814468365, 'hidden_continuous_size': 13, 'attention_head_size': 3, 'learning_rate': 0.0075895131149536724}. Best is trial 14 with value: 74.48269653320312.
LOCAL_RANK: 0 - CUDA_VISIBLE_DEVICES: [0]
[I 2023-12-15 19:50:56,178] Trial 47 finished with value: 85.22757720947266 and parameters: {'gradient_clip_val': 0.20005516359512018, 'hidden_size': 100, 'dropout': 0.2227707738395966, 'hidden_continuous_size': 42, 'attention_head_size': 1, 'learning_rate': 0.010216172211539915}. Best is trial 14 with value: 74.48269653320312.
LOCAL_RANK: 0 - CUDA_VISIBLE_DEVICES: [0]
[I 2023-12-15 19:51:50,769] Trial 48 finished with value: 126.40545654296875 and parameters: {'gradient_clip_val': 0.2055161057215443, 'hidden_size': 97, 'dropout': 0.28638580991409024, 'hidden_continuous_size': 24, 'attention_head_size': 1, 'learning_rate': 0.010359200540052838}. Best is trial 14 with value: 74.48269653320312.
LOCAL_RANK: 0 - CUDA_VISIBLE_DEVICES: [0]
[I 2023-12-15 19:52:44,351] Trial 49 finished with value: 108.9278793334961 and parameters: {'gradient_clip_val': 0.19174554345654216, 'hidden_size': 100, 'dropout': 0.2247832971318128, 'hidden_continuous_size': 19, 'attention_head_size': 1, 'learning_rate': 0.015080499696534435}. Best is trial 14 with value: 74.48269653320312.
[I 2023-12-15 19:52:44,442] A new study created in memory with name: no-name-9e947081-8c34-4d2e-b49f-056a7beea52f
/home/le004/conda/anaconda3/envs/tsff_env/lib/python3.9/site-packages/lightning/fabric/plugins/environments/slurm.py:191: The `srun` command is available on your system but is not used. HINT: If your intention is to run Lightning on SLURM, prepend your python command with `srun` like so: srun python /home/le004/master_thesis/git/TSFusionForecast/code/ ...
LOCAL_RANK: 0 - CUDA_VISIBLE_DEVICES: [0]
[I 2023-12-15 19:53:38,208] Trial 0 finished with value: 117.1980209350586 and parameters: {'gradient_clip_val': 0.7042348895744274, 'hidden_size': 61, 'dropout': 0.14881495731743294, 'hidden_continuous_size': 43, 'attention_head_size': 1, 'learning_rate': 0.03377427685510362}. Best is trial 0 with value: 117.1980209350586.
LOCAL_RANK: 0 - CUDA_VISIBLE_DEVICES: [0]
[I 2023-12-15 19:54:33,109] Trial 1 finished with value: 56.35368728637695 and parameters: {'gradient_clip_val': 0.45642260687561226, 'hidden_size': 69, 'dropout': 0.3263898390909482, 'hidden_continuous_size': 44, 'attention_head_size': 2, 'learning_rate': 0.000557267200907286}. Best is trial 1 with value: 56.35368728637695.
LOCAL_RANK: 0 - CUDA_VISIBLE_DEVICES: [0]
[I 2023-12-15 19:55:21,372] Trial 2 finished with value: 205.4582977294922 and parameters: {'gradient_clip_val': 0.99865914037096, 'hidden_size': 21, 'dropout': 0.34568457730193985, 'hidden_continuous_size': 10, 'attention_head_size': 1, 'learning_rate': 0.002096134353043595}. Best is trial 1 with value: 56.35368728637695.
LOCAL_RANK: 0 - CUDA_VISIBLE_DEVICES: [0]
[I 2023-12-15 19:56:11,610] Trial 3 finished with value: 80.8472900390625 and parameters: {'gradient_clip_val': 0.9676735228046047, 'hidden_size': 34, 'dropout': 0.35515229313427144, 'hidden_continuous_size': 11, 'attention_head_size': 4, 'learning_rate': 0.006876730730908955}. Best is trial 1 with value: 56.35368728637695.
LOCAL_RANK: 0 - CUDA_VISIBLE_DEVICES: [0]
[I 2023-12-15 19:57:05,380] Trial 4 finished with value: 190.86924743652344 and parameters: {'gradient_clip_val': 0.659945740339613, 'hidden_size': 80, 'dropout': 0.11285795053211695, 'hidden_continuous_size': 17, 'attention_head_size': 3, 'learning_rate': 0.0013725111890895449}. Best is trial 1 with value: 56.35368728637695.
LOCAL_RANK: 0 - CUDA_VISIBLE_DEVICES: [0]
[I 2023-12-15 19:57:39,072] Trial 5 finished with value: 351.5445861816406 and parameters: {'gradient_clip_val': 0.19012420510483186, 'hidden_size': 5, 'dropout': 0.3590467278959528, 'hidden_continuous_size': 5, 'attention_head_size': 1, 'learning_rate': 0.0008024388386843095}. Best is trial 1 with value: 56.35368728637695.
LOCAL_RANK: 0 - CUDA_VISIBLE_DEVICES: [0]
[I 2023-12-15 19:58:31,683] Trial 6 finished with value: 120.87895965576172 and parameters: {'gradient_clip_val': 0.8858541747581659, 'hidden_size': 55, 'dropout': 0.20503814121619512, 'hidden_continuous_size': 14, 'attention_head_size': 2, 'learning_rate': 0.029540564559350235}. Best is trial 1 with value: 56.35368728637695.
LOCAL_RANK: 0 - CUDA_VISIBLE_DEVICES: [0]
[I 2023-12-15 19:59:26,284] Trial 7 finished with value: 237.3694305419922 and parameters: {'gradient_clip_val': 0.7215778898707567, 'hidden_size': 73, 'dropout': 0.3207330919343695, 'hidden_continuous_size': 31, 'attention_head_size': 4, 'learning_rate': 0.025321375390358017}. Best is trial 1 with value: 56.35368728637695.
LOCAL_RANK: 0 - CUDA_VISIBLE_DEVICES: [0]
[I 2023-12-15 20:00:19,114] Trial 8 finished with value: 76.03768157958984 and parameters: {'gradient_clip_val': 0.11385526501779937, 'hidden_size': 37, 'dropout': 0.3873882505755214, 'hidden_continuous_size': 29, 'attention_head_size': 3, 'learning_rate': 0.009709457954051206}. Best is trial 1 with value: 56.35368728637695.
LOCAL_RANK: 0 - CUDA_VISIBLE_DEVICES: [0]
[I 2023-12-15 20:01:04,656] Trial 9 finished with value: 216.7111053466797 and parameters: {'gradient_clip_val': 0.5406398968483676, 'hidden_size': 6, 'dropout': 0.3044267124234382, 'hidden_continuous_size': 5, 'attention_head_size': 4, 'learning_rate': 0.0016476469585426784}. Best is trial 1 with value: 56.35368728637695.
LOCAL_RANK: 0 - CUDA_VISIBLE_DEVICES: [0]
[I 2023-12-15 20:02:02,286] Trial 10 finished with value: 71.06256866455078 and parameters: {'gradient_clip_val': 0.3741273542414194, 'hidden_size': 91, 'dropout': 0.2616955636808468, 'hidden_continuous_size': 84, 'attention_head_size': 2, 'learning_rate': 0.000651333191440258}. Best is trial 1 with value: 56.35368728637695.
LOCAL_RANK: 0 - CUDA_VISIBLE_DEVICES: [0]
[I 2023-12-15 20:02:38,840] Trial 11 finished with value: 53.0245475769043 and parameters: {'gradient_clip_val': 0.3842268349863272, 'hidden_size': 92, 'dropout': 0.27034838615075696, 'hidden_continuous_size': 92, 'attention_head_size': 2, 'learning_rate': 0.00050417709544142}. Best is trial 11 with value: 53.0245475769043.
LOCAL_RANK: 0 - CUDA_VISIBLE_DEVICES: [0]
[I 2023-12-15 20:03:36,795] Trial 12 finished with value: 78.56117248535156 and parameters: {'gradient_clip_val': 0.37515737809394656, 'hidden_size': 100, 'dropout': 0.27464138191809856, 'hidden_continuous_size': 98, 'attention_head_size': 2, 'learning_rate': 0.0006986296804184827}. Best is trial 11 with value: 53.0245475769043.
LOCAL_RANK: 0 - CUDA_VISIBLE_DEVICES: [0]
[I 2023-12-15 20:04:30,096] Trial 13 finished with value: 79.63420867919922 and parameters: {'gradient_clip_val': 0.2773675604056058, 'hidden_size': 47, 'dropout': 0.2918746297828979, 'hidden_continuous_size': 41, 'attention_head_size': 2, 'learning_rate': 0.0005149639848544749}. Best is trial 11 with value: 53.0245475769043.
LOCAL_RANK: 0 - CUDA_VISIBLE_DEVICES: [0]
[I 2023-12-15 20:05:19,393] Trial 14 finished with value: 68.8961410522461 and parameters: {'gradient_clip_val': 0.5041569973462791, 'hidden_size': 29, 'dropout': 0.2288321020230294, 'hidden_continuous_size': 7, 'attention_head_size': 3, 'learning_rate': 0.002445761209437124}. Best is trial 11 with value: 53.0245475769043.
LOCAL_RANK: 0 - CUDA_VISIBLE_DEVICES: [0]
[I 2023-12-15 20:06:13,907] Trial 15 finished with value: 86.98656463623047 and parameters: {'gradient_clip_val': 0.27865263609238006, 'hidden_size': 61, 'dropout': 0.39928365719845077, 'hidden_continuous_size': 52, 'attention_head_size': 2, 'learning_rate': 0.004043824199611256}. Best is trial 11 with value: 53.0245475769043.
LOCAL_RANK: 0 - CUDA_VISIBLE_DEVICES: [0]
[I 2023-12-15 20:07:11,346] Trial 16 finished with value: 71.97789001464844 and parameters: {'gradient_clip_val': 0.4585566062758755, 'hidden_size': 96, 'dropout': 0.24053320210638826, 'hidden_continuous_size': 65, 'attention_head_size': 3, 'learning_rate': 0.0009827808153641936}. Best is trial 11 with value: 53.0245475769043.
LOCAL_RANK: 0 - CUDA_VISIBLE_DEVICES: [0]
[I 2023-12-15 20:08:03,788] Trial 17 finished with value: 59.75126266479492 and parameters: {'gradient_clip_val': 0.3328914207151886, 'hidden_size': 47, 'dropout': 0.31389883965537246, 'hidden_continuous_size': 24, 'attention_head_size': 1, 'learning_rate': 0.0005199709231413162}. Best is trial 11 with value: 53.0245475769043.
LOCAL_RANK: 0 - CUDA_VISIBLE_DEVICES: [0]
[I 2023-12-15 20:08:52,617] Trial 18 finished with value: 204.8102264404297 and parameters: {'gradient_clip_val': 0.4413525933595177, 'hidden_size': 22, 'dropout': 0.28450658452616423, 'hidden_continuous_size': 16, 'attention_head_size': 2, 'learning_rate': 0.0011659491877167624}. Best is trial 11 with value: 53.0245475769043.
LOCAL_RANK: 0 - CUDA_VISIBLE_DEVICES: [0]
[I 2023-12-15 20:09:48,098] Trial 19 finished with value: 138.11175537109375 and parameters: {'gradient_clip_val': 0.2431806826269503, 'hidden_size': 69, 'dropout': 0.21873375380175633, 'hidden_continuous_size': 51, 'attention_head_size': 3, 'learning_rate': 0.07991023597364905}. Best is trial 11 with value: 53.0245475769043.
LOCAL_RANK: 0 - CUDA_VISIBLE_DEVICES: [0]
[I 2023-12-15 20:10:40,136] Trial 20 finished with value: 257.9158630371094 and parameters: {'gradient_clip_val': 0.5556462545995831, 'hidden_size': 47, 'dropout': 0.2551749756825358, 'hidden_continuous_size': 23, 'attention_head_size': 1, 'learning_rate': 0.0011489283064947575}. Best is trial 11 with value: 53.0245475769043.
LOCAL_RANK: 0 - CUDA_VISIBLE_DEVICES: [0]
[I 2023-12-15 20:11:33,556] Trial 21 finished with value: 63.7917594909668 and parameters: {'gradient_clip_val': 0.347380238384097, 'hidden_size': 72, 'dropout': 0.31961467497441454, 'hidden_continuous_size': 24, 'attention_head_size': 1, 'learning_rate': 0.0005027709046550082}. Best is trial 11 with value: 53.0245475769043.
LOCAL_RANK: 0 - CUDA_VISIBLE_DEVICES: [0]
[I 2023-12-15 20:12:26,490] Trial 22 finished with value: 59.7298469543457 and parameters: {'gradient_clip_val': 0.40832081705028644, 'hidden_size': 47, 'dropout': 0.3237384092428934, 'hidden_continuous_size': 32, 'attention_head_size': 1, 'learning_rate': 0.000506233481683445}. Best is trial 11 with value: 53.0245475769043.
LOCAL_RANK: 0 - CUDA_VISIBLE_DEVICES: [0]
[I 2023-12-15 20:13:22,181] Trial 23 finished with value: 183.35552978515625 and parameters: {'gradient_clip_val': 0.43877142480730996, 'hidden_size': 81, 'dropout': 0.33158293707736247, 'hidden_continuous_size': 37, 'attention_head_size': 2, 'learning_rate': 0.0008676104132114192}. Best is trial 11 with value: 53.0245475769043.
LOCAL_RANK: 0 - CUDA_VISIBLE_DEVICES: [0]
[I 2023-12-15 20:14:19,743] Trial 24 finished with value: 77.9466781616211 and parameters: {'gradient_clip_val': 0.4156248936839947, 'hidden_size': 97, 'dropout': 0.29222449743072487, 'hidden_continuous_size': 68, 'attention_head_size': 2, 'learning_rate': 0.0008884870527243745}. Best is trial 11 with value: 53.0245475769043.
LOCAL_RANK: 0 - CUDA_VISIBLE_DEVICES: [0]
[I 2023-12-15 20:15:12,326] Trial 25 finished with value: 64.90180206298828 and parameters: {'gradient_clip_val': 0.5795040894601937, 'hidden_size': 56, 'dropout': 0.37447543271430017, 'hidden_continuous_size': 33, 'attention_head_size': 1, 'learning_rate': 0.0019030236970079815}. Best is trial 11 with value: 53.0245475769043.
LOCAL_RANK: 0 - CUDA_VISIBLE_DEVICES: [0]
[I 2023-12-15 20:16:07,850] Trial 26 finished with value: 89.02359771728516 and parameters: {'gradient_clip_val': 0.4005169339905587, 'hidden_size': 75, 'dropout': 0.3412102184150567, 'hidden_continuous_size': 50, 'attention_head_size': 2, 'learning_rate': 0.0013598587807546686}. Best is trial 11 with value: 53.0245475769043.
LOCAL_RANK: 0 - CUDA_VISIBLE_DEVICES: [0]
[I 2023-12-15 20:16:59,968] Trial 27 finished with value: 224.4045867919922 and parameters: {'gradient_clip_val': 0.48598971768471316, 'hidden_size': 44, 'dropout': 0.36735941127296123, 'hidden_continuous_size': 28, 'attention_head_size': 1, 'learning_rate': 0.0007180220813119762}. Best is trial 11 with value: 53.0245475769043.
LOCAL_RANK: 0 - CUDA_VISIBLE_DEVICES: [0]
[I 2023-12-15 20:17:54,024] Trial 28 finished with value: 76.03215789794922 and parameters: {'gradient_clip_val': 0.2934015884637345, 'hidden_size': 62, 'dropout': 0.3350315879084693, 'hidden_continuous_size': 39, 'attention_head_size': 2, 'learning_rate': 0.002747112178606126}. Best is trial 11 with value: 53.0245475769043.
LOCAL_RANK: 0 - CUDA_VISIBLE_DEVICES: [0]
[I 2023-12-15 20:18:47,608] Trial 29 finished with value: 50.80873489379883 and parameters: {'gradient_clip_val': 0.6654144997284533, 'hidden_size': 60, 'dropout': 0.30440640250476453, 'hidden_continuous_size': 43, 'attention_head_size': 1, 'learning_rate': 0.0005019450748105787}. Best is trial 29 with value: 50.80873489379883.
LOCAL_RANK: 0 - CUDA_VISIBLE_DEVICES: [0]
[I 2023-12-15 20:19:42,488] Trial 30 finished with value: 84.82916259765625 and parameters: {'gradient_clip_val': 0.7072319155057489, 'hidden_size': 66, 'dropout': 0.2655204502008957, 'hidden_continuous_size': 36, 'attention_head_size': 3, 'learning_rate': 0.0012800406068779473}. Best is trial 29 with value: 50.80873489379883.
LOCAL_RANK: 0 - CUDA_VISIBLE_DEVICES: [0]
[I 2023-12-15 20:20:36,137] Trial 31 finished with value: 66.47689056396484 and parameters: {'gradient_clip_val': 0.6337704331653979, 'hidden_size': 58, 'dropout': 0.3020720631952765, 'hidden_continuous_size': 42, 'attention_head_size': 1, 'learning_rate': 0.0006641080909829629}. Best is trial 29 with value: 50.80873489379883.
LOCAL_RANK: 0 - CUDA_VISIBLE_DEVICES: [0]
[I 2023-12-15 20:21:30,866] Trial 32 finished with value: 61.36271667480469 and parameters: {'gradient_clip_val': 0.5197461658166503, 'hidden_size': 80, 'dropout': 0.31217315455602285, 'hidden_continuous_size': 51, 'attention_head_size': 1, 'learning_rate': 0.0005049626302813975}. Best is trial 29 with value: 50.80873489379883.
LOCAL_RANK: 0 - CUDA_VISIBLE_DEVICES: [0]
[I 2023-12-15 20:22:23,264] Trial 33 finished with value: 66.47127532958984 and parameters: {'gradient_clip_val': 0.4567124316047753, 'hidden_size': 39, 'dropout': 0.34904664258234, 'hidden_continuous_size': 27, 'attention_head_size': 1, 'learning_rate': 0.0009447412875248865}. Best is trial 29 with value: 50.80873489379883.
LOCAL_RANK: 0 - CUDA_VISIBLE_DEVICES: [0]
[I 2023-12-15 20:23:15,416] Trial 34 finished with value: 208.8072509765625 and parameters: {'gradient_clip_val': 0.8209192840415668, 'hidden_size': 56, 'dropout': 0.28056916714219216, 'hidden_continuous_size': 36, 'attention_head_size': 1, 'learning_rate': 0.0016392842465810082}. Best is trial 29 with value: 50.80873489379883.
LOCAL_RANK: 0 - CUDA_VISIBLE_DEVICES: [0]
[I 2023-12-15 20:24:11,273] Trial 35 finished with value: 76.31562042236328 and parameters: {'gradient_clip_val': 0.6505133910655315, 'hidden_size': 85, 'dropout': 0.33507307611657255, 'hidden_continuous_size': 63, 'attention_head_size': 1, 'learning_rate': 0.000705176784583803}. Best is trial 29 with value: 50.80873489379883.
LOCAL_RANK: 0 - CUDA_VISIBLE_DEVICES: [0]
[I 2023-12-15 20:25:01,856] Trial 36 finished with value: 213.5848846435547 and parameters: {'gradient_clip_val': 0.5800811616591207, 'hidden_size': 32, 'dropout': 0.35508791273701656, 'hidden_continuous_size': 21, 'attention_head_size': 2, 'learning_rate': 0.0008656949542422209}. Best is trial 29 with value: 50.80873489379883.
LOCAL_RANK: 0 - CUDA_VISIBLE_DEVICES: [0]
[I 2023-12-15 20:25:54,524] Trial 37 finished with value: 197.85057067871094 and parameters: {'gradient_clip_val': 0.7820621306944494, 'hidden_size': 51, 'dropout': 0.30467651118005346, 'hidden_continuous_size': 32, 'attention_head_size': 1, 'learning_rate': 0.0011424728949151848}. Best is trial 29 with value: 50.80873489379883.
LOCAL_RANK: 0 - CUDA_VISIBLE_DEVICES: [0]
[I 2023-12-15 20:26:49,397] Trial 38 finished with value: 61.42939376831055 and parameters: {'gradient_clip_val': 0.3746613421468492, 'hidden_size': 68, 'dropout': 0.3244022090784467, 'hidden_continuous_size': 42, 'attention_head_size': 2, 'learning_rate': 0.0007049601169619249}. Best is trial 29 with value: 50.80873489379883.
LOCAL_RANK: 0 - CUDA_VISIBLE_DEVICES: [0]
[I 2023-12-15 20:27:41,873] Trial 39 finished with value: 65.14615631103516 and parameters: {'gradient_clip_val': 0.6145086590872875, 'hidden_size': 42, 'dropout': 0.2752602219786128, 'hidden_continuous_size': 32, 'attention_head_size': 1, 'learning_rate': 0.0016554219554184245}. Best is trial 29 with value: 50.80873489379883.
LOCAL_RANK: 0 - CUDA_VISIBLE_DEVICES: [0]
[I 2023-12-15 20:28:37,682] Trial 40 finished with value: 70.62873077392578 and parameters: {'gradient_clip_val': 0.8771788229491216, 'hidden_size': 82, 'dropout': 0.24584233053563923, 'hidden_continuous_size': 47, 'attention_head_size': 3, 'learning_rate': 0.000606623301338234}. Best is trial 29 with value: 50.80873489379883.
LOCAL_RANK: 0 - CUDA_VISIBLE_DEVICES: [0]
[I 2023-12-15 20:29:30,268] Trial 41 finished with value: 97.46155548095703 and parameters: {'gradient_clip_val': 0.3393853447264332, 'hidden_size': 49, 'dropout': 0.3176998068269725, 'hidden_continuous_size': 19, 'attention_head_size': 1, 'learning_rate': 0.0005109115910353328}. Best is trial 29 with value: 50.80873489379883.
LOCAL_RANK: 0 - CUDA_VISIBLE_DEVICES: [0]
[I 2023-12-15 20:30:22,334] Trial 42 finished with value: 57.32847595214844 and parameters: {'gradient_clip_val': 0.31163654630709875, 'hidden_size': 52, 'dropout': 0.304591899100706, 'hidden_continuous_size': 26, 'attention_head_size': 1, 'learning_rate': 0.0005011676640116241}. Best is trial 29 with value: 50.80873489379883.
LOCAL_RANK: 0 - CUDA_VISIBLE_DEVICES: [0]
[I 2023-12-15 20:31:15,762] Trial 43 finished with value: 373.88623046875 and parameters: {'gradient_clip_val': 0.401243224561233, 'hidden_size': 66, 'dropout': 0.2929366080161394, 'hidden_continuous_size': 27, 'attention_head_size': 1, 'learning_rate': 0.0007998718190574362}. Best is trial 29 with value: 50.80873489379883.
LOCAL_RANK: 0 - CUDA_VISIBLE_DEVICES: [0]
[I 2023-12-15 20:32:08,183] Trial 44 finished with value: 76.00308227539062 and parameters: {'gradient_clip_val': 0.5083146707798445, 'hidden_size': 39, 'dropout': 0.3446711070366179, 'hidden_continuous_size': 30, 'attention_head_size': 2, 'learning_rate': 0.0006124721460082749}. Best is trial 29 with value: 50.80873489379883.
LOCAL_RANK: 0 - CUDA_VISIBLE_DEVICES: [0]
[I 2023-12-15 20:33:00,926] Trial 45 finished with value: 61.933197021484375 and parameters: {'gradient_clip_val': 0.31471936408802353, 'hidden_size': 52, 'dropout': 0.2945751374697373, 'hidden_continuous_size': 35, 'attention_head_size': 1, 'learning_rate': 0.0010572433462149628}. Best is trial 29 with value: 50.80873489379883.
LOCAL_RANK: 0 - CUDA_VISIBLE_DEVICES: [0]
[I 2023-12-15 20:33:57,892] Trial 46 finished with value: 126.43883514404297 and parameters: {'gradient_clip_val': 0.9929903699584041, 'hidden_size': 86, 'dropout': 0.26797099243533323, 'hidden_continuous_size': 59, 'attention_head_size': 4, 'learning_rate': 0.0008683649707570337}. Best is trial 29 with value: 50.80873489379883.
LOCAL_RANK: 0 - CUDA_VISIBLE_DEVICES: [0]
[I 2023-12-15 20:34:52,216] Trial 47 finished with value: 72.5899658203125 and parameters: {'gradient_clip_val': 0.24281712620507287, 'hidden_size': 61, 'dropout': 0.3056978237183407, 'hidden_continuous_size': 45, 'attention_head_size': 2, 'learning_rate': 0.0005976444181219363}. Best is trial 29 with value: 50.80873489379883.
LOCAL_RANK: 0 - CUDA_VISIBLE_DEVICES: [0]
[I 2023-12-15 20:35:49,302] Trial 48 finished with value: 67.0953140258789 and parameters: {'gradient_clip_val': 0.47558257685304356, 'hidden_size': 100, 'dropout': 0.3296182163569447, 'hidden_continuous_size': 84, 'attention_head_size': 1, 'learning_rate': 0.0007582181089760847}. Best is trial 29 with value: 50.80873489379883.
LOCAL_RANK: 0 - CUDA_VISIBLE_DEVICES: [0]
