[I 2023-12-15 16:14:19,572] Trial 49 finished with value: 4.170192241668701 and parameters: {'gradient_clip_val': 0.19461205098579246, 'hidden_size': 37, 'dropout': 0.1710240346830508, 'hidden_continuous_size': 31, 'attention_head_size': 4, 'learning_rate': 0.0031673684500081764}. Best is trial 19 with value: 0.09586582332849503.
[I 2023-12-15 16:14:19,668] A new study created in memory with name: no-name-fd994060-1819-4d2c-883e-52ff4c439db4
/home/le004/conda/anaconda3/envs/tsff_env/lib/python3.9/site-packages/lightning/fabric/plugins/environments/slurm.py:191: The `srun` command is available on your system but is not used. HINT: If your intention is to run Lightning on SLURM, prepend your python command with `srun` like so: srun python /home/le004/master_thesis/git/TSFusionForecast/code/ ...
LOCAL_RANK: 0 - CUDA_VISIBLE_DEVICES: [0]
[I 2023-12-15 16:15:08,759] Trial 0 finished with value: 0.18893985450267792 and parameters: {'gradient_clip_val': 0.28325460980835954, 'hidden_size': 20, 'dropout': 0.38230202043126926, 'hidden_continuous_size': 10, 'attention_head_size': 4, 'learning_rate': 0.0017297783216946793}. Best is trial 0 with value: 0.18893985450267792.
LOCAL_RANK: 0 - CUDA_VISIBLE_DEVICES: [0]
[I 2023-12-15 16:15:57,563] Trial 1 finished with value: 0.3138163983821869 and parameters: {'gradient_clip_val': 0.12112114347204603, 'hidden_size': 18, 'dropout': 0.1707972084604797, 'hidden_continuous_size': 6, 'attention_head_size': 4, 'learning_rate': 0.011926889256183433}. Best is trial 0 with value: 0.18893985450267792.
LOCAL_RANK: 0 - CUDA_VISIBLE_DEVICES: [0]
[I 2023-12-15 16:16:54,725] Trial 2 finished with value: 0.07148032635450363 and parameters: {'gradient_clip_val': 0.1392480333263426, 'hidden_size': 83, 'dropout': 0.3402566345548824, 'hidden_continuous_size': 58, 'attention_head_size': 3, 'learning_rate': 0.006974347143497734}. Best is trial 2 with value: 0.07148032635450363.
LOCAL_RANK: 0 - CUDA_VISIBLE_DEVICES: [0]
[I 2023-12-15 16:17:48,954] Trial 3 finished with value: 0.2767045199871063 and parameters: {'gradient_clip_val': 0.4738339135203041, 'hidden_size': 45, 'dropout': 0.1788741873835702, 'hidden_continuous_size': 10, 'attention_head_size': 4, 'learning_rate': 0.08360785459741145}. Best is trial 2 with value: 0.07148032635450363.
LOCAL_RANK: 0 - CUDA_VISIBLE_DEVICES: [0]
[I 2023-12-15 16:18:36,418] Trial 4 finished with value: 0.7127680778503418 and parameters: {'gradient_clip_val': 0.2313764930948417, 'hidden_size': 10, 'dropout': 0.36928411088665236, 'hidden_continuous_size': 9, 'attention_head_size': 3, 'learning_rate': 0.02016207864165713}. Best is trial 2 with value: 0.07148032635450363.
LOCAL_RANK: 0 - CUDA_VISIBLE_DEVICES: [0]
[I 2023-12-15 16:19:23,895] Trial 5 finished with value: 0.4433659315109253 and parameters: {'gradient_clip_val': 0.15671925384841898, 'hidden_size': 14, 'dropout': 0.3162406258010715, 'hidden_continuous_size': 7, 'attention_head_size': 3, 'learning_rate': 0.09618813148876697}. Best is trial 2 with value: 0.07148032635450363.
LOCAL_RANK: 0 - CUDA_VISIBLE_DEVICES: [0]
[I 2023-12-15 16:19:59,006] Trial 6 finished with value: 0.3530922830104828 and parameters: {'gradient_clip_val': 0.26100375956595884, 'hidden_size': 14, 'dropout': 0.23292571035236204, 'hidden_continuous_size': 14, 'attention_head_size': 1, 'learning_rate': 0.024401817811459586}. Best is trial 2 with value: 0.07148032635450363.
LOCAL_RANK: 0 - CUDA_VISIBLE_DEVICES: [0]
[I 2023-12-15 16:20:53,735] Trial 7 finished with value: 0.5458324551582336 and parameters: {'gradient_clip_val': 0.338724104536973, 'hidden_size': 77, 'dropout': 0.21329958702284732, 'hidden_continuous_size': 11, 'attention_head_size': 3, 'learning_rate': 0.015618759394815532}. Best is trial 2 with value: 0.07148032635450363.
LOCAL_RANK: 0 - CUDA_VISIBLE_DEVICES: [0]
[I 2023-12-15 16:21:47,829] Trial 8 finished with value: 0.8287479281425476 and parameters: {'gradient_clip_val': 0.9785380100082033, 'hidden_size': 35, 'dropout': 0.12249125195459153, 'hidden_continuous_size': 32, 'attention_head_size': 4, 'learning_rate': 0.029143390058139023}. Best is trial 2 with value: 0.07148032635450363.
LOCAL_RANK: 0 - CUDA_VISIBLE_DEVICES: [0]
[I 2023-12-15 16:22:38,344] Trial 9 finished with value: 0.4644208252429962 and parameters: {'gradient_clip_val': 0.5548194665344737, 'hidden_size': 37, 'dropout': 0.32970906743435635, 'hidden_continuous_size': 6, 'attention_head_size': 3, 'learning_rate': 0.004070994546331}. Best is trial 2 with value: 0.07148032635450363.
LOCAL_RANK: 0 - CUDA_VISIBLE_DEVICES: [0]
[I 2023-12-15 16:23:35,901] Trial 10 finished with value: 0.22012273967266083 and parameters: {'gradient_clip_val': 0.11616908563143055, 'hidden_size': 79, 'dropout': 0.28365775489308925, 'hidden_continuous_size': 78, 'attention_head_size': 1, 'learning_rate': 0.000668381782833355}. Best is trial 2 with value: 0.07148032635450363.
LOCAL_RANK: 0 - CUDA_VISIBLE_DEVICES: [0]
[I 2023-12-15 16:24:11,881] Trial 11 finished with value: 0.6009874939918518 and parameters: {'gradient_clip_val': 0.18108236904047112, 'hidden_size': 5, 'dropout': 0.39686735340668844, 'hidden_continuous_size': 5, 'attention_head_size': 2, 'learning_rate': 0.0026142701135317826}. Best is trial 2 with value: 0.07148032635450363.
LOCAL_RANK: 0 - CUDA_VISIBLE_DEVICES: [0]
[I 2023-12-15 16:25:07,409] Trial 12 finished with value: 0.6851853728294373 and parameters: {'gradient_clip_val': 0.10162477786877416, 'hidden_size': 98, 'dropout': 0.3602135100969518, 'hidden_continuous_size': 21, 'attention_head_size': 2, 'learning_rate': 0.0019444884194675632}. Best is trial 2 with value: 0.07148032635450363.
LOCAL_RANK: 0 - CUDA_VISIBLE_DEVICES: [0]
[I 2023-12-15 16:25:58,426] Trial 13 finished with value: 1.2221282720565796 and parameters: {'gradient_clip_val': 0.16746559646847395, 'hidden_size': 27, 'dropout': 0.396006144102644, 'hidden_continuous_size': 8, 'attention_head_size': 4, 'learning_rate': 0.004216910396651844}. Best is trial 2 with value: 0.07148032635450363.
LOCAL_RANK: 0 - CUDA_VISIBLE_DEVICES: [0]
[I 2023-12-15 16:26:51,891] Trial 14 finished with value: 0.31444552540779114 and parameters: {'gradient_clip_val': 0.21827207001112853, 'hidden_size': 52, 'dropout': 0.2921326664269383, 'hidden_continuous_size': 20, 'attention_head_size': 2, 'learning_rate': 0.0011099453931632034}. Best is trial 2 with value: 0.07148032635450363.
LOCAL_RANK: 0 - CUDA_VISIBLE_DEVICES: [0]
[I 2023-12-15 16:27:42,134] Trial 15 finished with value: 0.9818640351295471 and parameters: {'gradient_clip_val': 0.32400569844867144, 'hidden_size': 25, 'dropout': 0.34483264489831267, 'hidden_continuous_size': 5, 'attention_head_size': 4, 'learning_rate': 0.0070860586501277105}. Best is trial 2 with value: 0.07148032635450363.
LOCAL_RANK: 0 - CUDA_VISIBLE_DEVICES: [0]
[I 2023-12-15 16:28:37,287] Trial 16 finished with value: 0.6109408736228943 and parameters: {'gradient_clip_val': 0.15129607662899167, 'hidden_size': 59, 'dropout': 0.2928967146052777, 'hidden_continuous_size': 36, 'attention_head_size': 3, 'learning_rate': 0.0005481400441237157}. Best is trial 2 with value: 0.07148032635450363.
LOCAL_RANK: 0 - CUDA_VISIBLE_DEVICES: [0]
[I 2023-12-15 16:29:28,430] Trial 17 finished with value: 0.3817829191684723 and parameters: {'gradient_clip_val': 0.14209099819391524, 'hidden_size': 31, 'dropout': 0.36406740661819126, 'hidden_continuous_size': 13, 'attention_head_size': 4, 'learning_rate': 0.0014788399626978865}. Best is trial 2 with value: 0.07148032635450363.
LOCAL_RANK: 0 - CUDA_VISIBLE_DEVICES: [0]
[I 2023-12-15 16:30:22,009] Trial 18 finished with value: 1.091065764427185 and parameters: {'gradient_clip_val': 0.2196321922113238, 'hidden_size': 45, 'dropout': 0.321241288888973, 'hidden_continuous_size': 11, 'attention_head_size': 3, 'learning_rate': 0.003453228471673564}. Best is trial 2 with value: 0.07148032635450363.
LOCAL_RANK: 0 - CUDA_VISIBLE_DEVICES: [0]
[I 2023-12-15 16:31:09,788] Trial 19 finished with value: 0.5008198618888855 and parameters: {'gradient_clip_val': 0.10159432962328585, 'hidden_size': 20, 'dropout': 0.3995078556132395, 'hidden_continuous_size': 7, 'attention_head_size': 2, 'learning_rate': 0.006992934867798521}. Best is trial 2 with value: 0.07148032635450363.
LOCAL_RANK: 0 - CUDA_VISIBLE_DEVICES: [0]
[I 2023-12-15 16:32:03,843] Trial 20 finished with value: 0.8886467814445496 and parameters: {'gradient_clip_val': 0.18995723847625737, 'hidden_size': 64, 'dropout': 0.27957691231046344, 'hidden_continuous_size': 16, 'attention_head_size': 4, 'learning_rate': 0.000902273138279693}. Best is trial 2 with value: 0.07148032635450363.
LOCAL_RANK: 0 - CUDA_VISIBLE_DEVICES: [0]
[I 2023-12-15 16:33:01,686] Trial 21 finished with value: 0.7069866061210632 and parameters: {'gradient_clip_val': 0.12383452801311545, 'hidden_size': 89, 'dropout': 0.25765391482416417, 'hidden_continuous_size': 85, 'attention_head_size': 1, 'learning_rate': 0.0005781338822681336}. Best is trial 2 with value: 0.07148032635450363.
LOCAL_RANK: 0 - CUDA_VISIBLE_DEVICES: [0]
[I 2023-12-15 16:33:58,154] Trial 22 finished with value: 1.4735511541366577 and parameters: {'gradient_clip_val': 0.12855307926428003, 'hidden_size': 69, 'dropout': 0.3364027955945433, 'hidden_continuous_size': 66, 'attention_head_size': 1, 'learning_rate': 0.0009486945124048562}. Best is trial 2 with value: 0.07148032635450363.
LOCAL_RANK: 0 - CUDA_VISIBLE_DEVICES: [0]
[I 2023-12-15 16:34:37,905] Trial 23 finished with value: 1.2637724876403809 and parameters: {'gradient_clip_val': 0.18329760539513987, 'hidden_size': 99, 'dropout': 0.3043723378869878, 'hidden_continuous_size': 99, 'attention_head_size': 2, 'learning_rate': 0.0020716349282651992}. Best is trial 2 with value: 0.07148032635450363.
LOCAL_RANK: 0 - CUDA_VISIBLE_DEVICES: [0]
[I 2023-12-15 16:35:31,518] Trial 24 finished with value: 0.20527543127536774 and parameters: {'gradient_clip_val': 0.10096028635583158, 'hidden_size': 64, 'dropout': 0.27455706502224647, 'hidden_continuous_size': 48, 'attention_head_size': 1, 'learning_rate': 0.0012960423014698895}. Best is trial 2 with value: 0.07148032635450363.
LOCAL_RANK: 0 - CUDA_VISIBLE_DEVICES: [0]
[I 2023-12-15 16:36:26,667] Trial 25 finished with value: 0.7677736878395081 and parameters: {'gradient_clip_val': 0.14486311581684824, 'hidden_size': 54, 'dropout': 0.34499136902072297, 'hidden_continuous_size': 42, 'attention_head_size': 3, 'learning_rate': 0.001422770023639029}. Best is trial 2 with value: 0.07148032635450363.
LOCAL_RANK: 0 - CUDA_VISIBLE_DEVICES: [0]
[I 2023-12-15 16:37:22,533] Trial 26 finished with value: 0.5542383790016174 and parameters: {'gradient_clip_val': 0.10028794854501588, 'hidden_size': 69, 'dropout': 0.2613632597872249, 'hidden_continuous_size': 51, 'attention_head_size': 2, 'learning_rate': 0.002416439244039258}. Best is trial 2 with value: 0.07148032635450363.
LOCAL_RANK: 0 - CUDA_VISIBLE_DEVICES: [0]
[I 2023-12-15 16:38:15,867] Trial 27 finished with value: 0.4023187458515167 and parameters: {'gradient_clip_val': 0.13597404786090928, 'hidden_size': 45, 'dropout': 0.315582543982927, 'hidden_continuous_size': 24, 'attention_head_size': 1, 'learning_rate': 0.0015238306574509477}. Best is trial 2 with value: 0.07148032635450363.
LOCAL_RANK: 0 - CUDA_VISIBLE_DEVICES: [0]
[I 2023-12-15 16:39:12,557] Trial 28 finished with value: 0.17439937591552734 and parameters: {'gradient_clip_val': 0.27696924416607244, 'hidden_size': 78, 'dropout': 0.37695745039037204, 'hidden_continuous_size': 48, 'attention_head_size': 3, 'learning_rate': 0.0010373355374064502}. Best is trial 2 with value: 0.07148032635450363.
LOCAL_RANK: 0 - CUDA_VISIBLE_DEVICES: [0]
[I 2023-12-15 16:40:08,667] Trial 29 finished with value: 1.2512404918670654 and parameters: {'gradient_clip_val': 0.2771750053614207, 'hidden_size': 82, 'dropout': 0.37500040000323975, 'hidden_continuous_size': 30, 'attention_head_size': 3, 'learning_rate': 0.0009623843199523076}. Best is trial 2 with value: 0.07148032635450363.
LOCAL_RANK: 0 - CUDA_VISIBLE_DEVICES: [0]
[I 2023-12-15 16:40:58,280] Trial 30 finished with value: 0.8581804633140564 and parameters: {'gradient_clip_val': 0.35773809703934717, 'hidden_size': 24, 'dropout': 0.38099244973576113, 'hidden_continuous_size': 13, 'attention_head_size': 4, 'learning_rate': 0.0007673376442971858}. Best is trial 2 with value: 0.07148032635450363.
LOCAL_RANK: 0 - CUDA_VISIBLE_DEVICES: [0]
[I 2023-12-15 16:41:56,041] Trial 31 finished with value: 0.6900079250335693 and parameters: {'gradient_clip_val': 0.11569808224953847, 'hidden_size': 99, 'dropout': 0.35424654150639445, 'hidden_continuous_size': 52, 'attention_head_size': 3, 'learning_rate': 0.0012530893137670635}. Best is trial 2 with value: 0.07148032635450363.
LOCAL_RANK: 0 - CUDA_VISIBLE_DEVICES: [0]
[I 2023-12-15 16:42:52,176] Trial 32 finished with value: 0.8302118182182312 and parameters: {'gradient_clip_val': 0.19335681369537122, 'hidden_size': 65, 'dropout': 0.34087216161701406, 'hidden_continuous_size': 43, 'attention_head_size': 4, 'learning_rate': 0.0017043757519997573}. Best is trial 2 with value: 0.07148032635450363.
LOCAL_RANK: 0 - CUDA_VISIBLE_DEVICES: [0]
[I 2023-12-15 16:43:46,676] Trial 33 finished with value: 0.8167601227760315 and parameters: {'gradient_clip_val': 0.24990929542719392, 'hidden_size': 52, 'dropout': 0.3755727168691939, 'hidden_continuous_size': 32, 'attention_head_size': 3, 'learning_rate': 0.0005034788041839604}. Best is trial 2 with value: 0.07148032635450363.
LOCAL_RANK: 0 - CUDA_VISIBLE_DEVICES: [0]
[I 2023-12-15 16:44:42,987] Trial 34 finished with value: 0.48764193058013916 and parameters: {'gradient_clip_val': 0.16730264867973355, 'hidden_size': 74, 'dropout': 0.35621023996986034, 'hidden_continuous_size': 55, 'attention_head_size': 2, 'learning_rate': 0.0007754296480249065}. Best is trial 2 with value: 0.07148032635450363.
LOCAL_RANK: 0 - CUDA_VISIBLE_DEVICES: [0]
[I 2023-12-15 16:45:40,228] Trial 35 finished with value: 1.0581392049789429 and parameters: {'gradient_clip_val': 0.3890785273467393, 'hidden_size': 85, 'dropout': 0.3264528546557386, 'hidden_continuous_size': 62, 'attention_head_size': 3, 'learning_rate': 0.001207557584688557}. Best is trial 2 with value: 0.07148032635450363.
LOCAL_RANK: 0 - CUDA_VISIBLE_DEVICES: [0]
[I 2023-12-15 16:46:34,803] Trial 36 finished with value: 1.2698708772659302 and parameters: {'gradient_clip_val': 0.2680403591746395, 'hidden_size': 42, 'dropout': 0.38100733053772984, 'hidden_continuous_size': 28, 'attention_head_size': 4, 'learning_rate': 0.0023774787136853683}. Best is trial 2 with value: 0.07148032635450363.
LOCAL_RANK: 0 - CUDA_VISIBLE_DEVICES: [0]
[I 2023-12-15 16:47:21,719] Trial 37 finished with value: 0.3193669319152832 and parameters: {'gradient_clip_val': 0.15663695865715666, 'hidden_size': 16, 'dropout': 0.30751272749397995, 'hidden_continuous_size': 10, 'attention_head_size': 3, 'learning_rate': 0.0010961241726788907}. Best is trial 2 with value: 0.07148032635450363.
LOCAL_RANK: 0 - CUDA_VISIBLE_DEVICES: [0]
[I 2023-12-15 16:48:17,501] Trial 38 finished with value: 0.3043041527271271 and parameters: {'gradient_clip_val': 0.22885064554810494, 'hidden_size': 59, 'dropout': 0.32795220452806606, 'hidden_continuous_size': 41, 'attention_head_size': 3, 'learning_rate': 0.00327689122944156}. Best is trial 2 with value: 0.07148032635450363.
LOCAL_RANK: 0 - CUDA_VISIBLE_DEVICES: [0]
[I 2023-12-15 16:49:10,322] Trial 39 finished with value: 0.2746695578098297 and parameters: {'gradient_clip_val': 0.29865637680420554, 'hidden_size': 32, 'dropout': 0.3645826590001302, 'hidden_continuous_size': 26, 'attention_head_size': 4, 'learning_rate': 0.001810232449948842}. Best is trial 2 with value: 0.07148032635450363.
LOCAL_RANK: 0 - CUDA_VISIBLE_DEVICES: [0]
[I 2023-12-15 16:50:02,891] Trial 40 finished with value: 0.5077832341194153 and parameters: {'gradient_clip_val': 0.2085340275517938, 'hidden_size': 40, 'dropout': 0.22816011403848108, 'hidden_continuous_size': 34, 'attention_head_size': 1, 'learning_rate': 0.042255393599347796}. Best is trial 2 with value: 0.07148032635450363.
LOCAL_RANK: 0 - CUDA_VISIBLE_DEVICES: [0]
[I 2023-12-15 16:51:00,282] Trial 41 finished with value: 0.8716011047363281 and parameters: {'gradient_clip_val': 0.11536455237688, 'hidden_size': 82, 'dropout': 0.2826109904344574, 'hidden_continuous_size': 67, 'attention_head_size': 1, 'learning_rate': 0.0007029694892113108}. Best is trial 2 with value: 0.07148032635450363.
LOCAL_RANK: 0 - CUDA_VISIBLE_DEVICES: [0]
[I 2023-12-15 16:51:55,913] Trial 42 finished with value: 0.41447365283966064 and parameters: {'gradient_clip_val': 0.11885741244006973, 'hidden_size': 77, 'dropout': 0.27072452438477806, 'hidden_continuous_size': 45, 'attention_head_size': 1, 'learning_rate': 0.0008332541638829767}. Best is trial 2 with value: 0.07148032635450363.
LOCAL_RANK: 0 - CUDA_VISIBLE_DEVICES: [0]
[I 2023-12-15 16:52:51,189] Trial 43 finished with value: 1.0915088653564453 and parameters: {'gradient_clip_val': 0.1325175013770315, 'hidden_size': 74, 'dropout': 0.3050898779885847, 'hidden_continuous_size': 39, 'attention_head_size': 1, 'learning_rate': 0.0006950876316362292}. Best is trial 2 with value: 0.07148032635450363.
LOCAL_RANK: 0 - CUDA_VISIBLE_DEVICES: [0]
[I 2023-12-15 16:53:48,217] Trial 44 finished with value: 0.3494943678379059 and parameters: {'gradient_clip_val': 0.1112163515368938, 'hidden_size': 86, 'dropout': 0.24757688341631842, 'hidden_continuous_size': 48, 'attention_head_size': 2, 'learning_rate': 0.001277852415915114}. Best is trial 2 with value: 0.07148032635450363.
LOCAL_RANK: 0 - CUDA_VISIBLE_DEVICES: [0]
[I 2023-12-15 16:54:42,586] Trial 45 finished with value: 0.1889299750328064 and parameters: {'gradient_clip_val': 0.1683965400446239, 'hidden_size': 58, 'dropout': 0.39006820313158974, 'hidden_continuous_size': 37, 'attention_head_size': 1, 'learning_rate': 0.0006181339862649275}. Best is trial 2 with value: 0.07148032635450363.
LOCAL_RANK: 0 - CUDA_VISIBLE_DEVICES: [0]
[I 2023-12-15 16:55:36,514] Trial 46 finished with value: 1.6487096548080444 and parameters: {'gradient_clip_val': 0.16941101229076788, 'hidden_size': 60, 'dropout': 0.38813492748721656, 'hidden_continuous_size': 36, 'attention_head_size': 2, 'learning_rate': 0.0016957455283352033}. Best is trial 2 with value: 0.07148032635450363.
LOCAL_RANK: 0 - CUDA_VISIBLE_DEVICES: [0]
[I 2023-12-15 16:56:30,824] Trial 47 finished with value: 0.7197222709655762 and parameters: {'gradient_clip_val': 0.24350917494561003, 'hidden_size': 49, 'dropout': 0.3841843282943196, 'hidden_continuous_size': 38, 'attention_head_size': 1, 'learning_rate': 0.0005044877146514229}. Best is trial 2 with value: 0.07148032635450363.
LOCAL_RANK: 0 - CUDA_VISIBLE_DEVICES: [0]
[I 2023-12-15 16:57:25,037] Trial 48 finished with value: 0.31211188435554504 and parameters: {'gradient_clip_val': 0.14612491367535307, 'hidden_size': 37, 'dropout': 0.37126001505727657, 'hidden_continuous_size': 33, 'attention_head_size': 3, 'learning_rate': 0.001022529917475273}. Best is trial 2 with value: 0.07148032635450363.
LOCAL_RANK: 0 - CUDA_VISIBLE_DEVICES: [0]
[I 2023-12-15 16:58:19,416] Trial 49 finished with value: 1.1236592531204224 and parameters: {'gradient_clip_val': 0.20672188163434294, 'hidden_size': 60, 'dropout': 0.3539277127850724, 'hidden_continuous_size': 45, 'attention_head_size': 2, 'learning_rate': 0.0006506243509629157}. Best is trial 2 with value: 0.07148032635450363.
[I 2023-12-15 16:58:19,518] A new study created in memory with name: no-name-963e1586-e817-4050-ab75-6f9f2fe3f5e3
/home/le004/conda/anaconda3/envs/tsff_env/lib/python3.9/site-packages/lightning/fabric/plugins/environments/slurm.py:191: The `srun` command is available on your system but is not used. HINT: If your intention is to run Lightning on SLURM, prepend your python command with `srun` like so: srun python /home/le004/master_thesis/git/TSFusionForecast/code/ ...
LOCAL_RANK: 0 - CUDA_VISIBLE_DEVICES: [0]
[I 2023-12-15 16:59:05,613] Trial 0 finished with value: 2.9052963256835938 and parameters: {'gradient_clip_val': 0.14947825553136074, 'hidden_size': 12, 'dropout': 0.3560049634640071, 'hidden_continuous_size': 6, 'attention_head_size': 4, 'learning_rate': 0.001333807985131672}. Best is trial 0 with value: 2.9052963256835938.
LOCAL_RANK: 0 - CUDA_VISIBLE_DEVICES: [0]
[I 2023-12-15 16:59:40,735] Trial 1 finished with value: 2.4426238536834717 and parameters: {'gradient_clip_val': 0.5278938537767933, 'hidden_size': 7, 'dropout': 0.14071331912510943, 'hidden_continuous_size': 7, 'attention_head_size': 1, 'learning_rate': 0.04415470057888034}. Best is trial 1 with value: 2.4426238536834717.
LOCAL_RANK: 0 - CUDA_VISIBLE_DEVICES: [0]
[I 2023-12-15 17:00:36,734] Trial 2 finished with value: 3.479926109313965 and parameters: {'gradient_clip_val': 0.5997225519009607, 'hidden_size': 63, 'dropout': 0.11629832017225966, 'hidden_continuous_size': 58, 'attention_head_size': 3, 'learning_rate': 0.0038344260918579225}. Best is trial 1 with value: 2.4426238536834717.
LOCAL_RANK: 0 - CUDA_VISIBLE_DEVICES: [0]
[I 2023-12-15 17:01:23,954] Trial 3 finished with value: 3.4598209857940674 and parameters: {'gradient_clip_val': 0.5666435947865058, 'hidden_size': 11, 'dropout': 0.24948804836437075, 'hidden_continuous_size': 5, 'attention_head_size': 4, 'learning_rate': 0.00261219549889011}. Best is trial 1 with value: 2.4426238536834717.
LOCAL_RANK: 0 - CUDA_VISIBLE_DEVICES: [0]
[I 2023-12-15 17:02:10,555] Trial 4 finished with value: 3.4995784759521484 and parameters: {'gradient_clip_val': 0.1927946571571482, 'hidden_size': 10, 'dropout': 0.15048821227082, 'hidden_continuous_size': 6, 'attention_head_size': 3, 'learning_rate': 0.00088324239380768}. Best is trial 1 with value: 2.4426238536834717.
LOCAL_RANK: 0 - CUDA_VISIBLE_DEVICES: [0]
