[I 2023-12-15 22:24:09,102] Trial 3 finished with value: 70.56082916259766 and parameters: {'gradient_clip_val': 0.13902860937824896, 'hidden_size': 12, 'dropout': 0.33722642162205513, 'hidden_continuous_size': 5, 'attention_head_size': 3, 'learning_rate': 0.0017769294499896285}. Best is trial 0 with value: 69.38809967041016.
LOCAL_RANK: 0 - CUDA_VISIBLE_DEVICES: [0]
[I 2023-12-15 22:25:02,800] Trial 4 finished with value: 104.14485931396484 and parameters: {'gradient_clip_val': 0.2475324006633267, 'hidden_size': 82, 'dropout': 0.24425343264643976, 'hidden_continuous_size': 10, 'attention_head_size': 2, 'learning_rate': 0.018410910634857766}. Best is trial 0 with value: 69.38809967041016.
LOCAL_RANK: 0 - CUDA_VISIBLE_DEVICES: [0]
[I 2023-12-15 22:25:54,188] Trial 5 finished with value: 131.97401428222656 and parameters: {'gradient_clip_val': 0.28581195484022553, 'hidden_size': 78, 'dropout': 0.2163494819958443, 'hidden_continuous_size': 5, 'attention_head_size': 1, 'learning_rate': 0.022523947596683087}. Best is trial 0 with value: 69.38809967041016.
LOCAL_RANK: 0 - CUDA_VISIBLE_DEVICES: [0]
[I 2023-12-15 22:26:47,558] Trial 6 finished with value: 72.42496490478516 and parameters: {'gradient_clip_val': 0.10131261198067122, 'hidden_size': 95, 'dropout': 0.15250144366727358, 'hidden_continuous_size': 5, 'attention_head_size': 4, 'learning_rate': 0.04727963418007745}. Best is trial 0 with value: 69.38809967041016.
LOCAL_RANK: 0 - CUDA_VISIBLE_DEVICES: [0]
[I 2023-12-15 22:27:22,193] Trial 7 finished with value: 109.26895904541016 and parameters: {'gradient_clip_val': 0.6063793144092663, 'hidden_size': 6, 'dropout': 0.18682493231319242, 'hidden_continuous_size': 6, 'attention_head_size': 3, 'learning_rate': 0.0014164825858802947}. Best is trial 0 with value: 69.38809967041016.
LOCAL_RANK: 0 - CUDA_VISIBLE_DEVICES: [0]
[I 2023-12-15 22:28:06,875] Trial 8 finished with value: 94.90128326416016 and parameters: {'gradient_clip_val': 0.43367805240564894, 'hidden_size': 8, 'dropout': 0.29258237239410856, 'hidden_continuous_size': 7, 'attention_head_size': 4, 'learning_rate': 0.0029866533946410973}. Best is trial 0 with value: 69.38809967041016.
LOCAL_RANK: 0 - CUDA_VISIBLE_DEVICES: [0]
[I 2023-12-15 22:29:03,763] Trial 9 finished with value: 73.46692657470703 and parameters: {'gradient_clip_val': 0.2199731169962767, 'hidden_size': 90, 'dropout': 0.22772122826510133, 'hidden_continuous_size': 59, 'attention_head_size': 3, 'learning_rate': 0.002051887527722184}. Best is trial 0 with value: 69.38809967041016.
LOCAL_RANK: 0 - CUDA_VISIBLE_DEVICES: [0]
[I 2023-12-15 22:29:37,955] Trial 10 finished with value: 73.41118621826172 and parameters: {'gradient_clip_val': 0.8996533759270378, 'hidden_size': 5, 'dropout': 0.394611815408301, 'hidden_continuous_size': 5, 'attention_head_size': 2, 'learning_rate': 0.007305149630917865}. Best is trial 0 with value: 69.38809967041016.
LOCAL_RANK: 0 - CUDA_VISIBLE_DEVICES: [0]
[I 2023-12-15 22:30:25,636] Trial 11 finished with value: 64.77374267578125 and parameters: {'gradient_clip_val': 0.48279299378152946, 'hidden_size': 28, 'dropout': 0.28085105588646825, 'hidden_continuous_size': 8, 'attention_head_size': 1, 'learning_rate': 0.0005571108996400529}. Best is trial 11 with value: 64.77374267578125.
LOCAL_RANK: 0 - CUDA_VISIBLE_DEVICES: [0]
[I 2023-12-15 22:31:12,810] Trial 12 finished with value: 100.84131622314453 and parameters: {'gradient_clip_val': 0.36984724402110847, 'hidden_size': 20, 'dropout': 0.12236401764481852, 'hidden_continuous_size': 9, 'attention_head_size': 2, 'learning_rate': 0.0005285144028481464}. Best is trial 11 with value: 64.77374267578125.
LOCAL_RANK: 0 - CUDA_VISIBLE_DEVICES: [0]
[I 2023-12-15 22:32:01,739] Trial 13 finished with value: 109.90145111083984 and parameters: {'gradient_clip_val': 0.18522221363109878, 'hidden_size': 30, 'dropout': 0.27511869132653843, 'hidden_continuous_size': 12, 'attention_head_size': 1, 'learning_rate': 0.006189422797091596}. Best is trial 11 with value: 64.77374267578125.
LOCAL_RANK: 0 - CUDA_VISIBLE_DEVICES: [0]
[I 2023-12-15 22:32:46,962] Trial 14 finished with value: 76.5916519165039 and parameters: {'gradient_clip_val': 0.37449190203423477, 'hidden_size': 13, 'dropout': 0.3387616550265565, 'hidden_continuous_size': 6, 'attention_head_size': 2, 'learning_rate': 0.0049938373833635285}. Best is trial 11 with value: 64.77374267578125.
LOCAL_RANK: 0 - CUDA_VISIBLE_DEVICES: [0]
[I 2023-12-15 22:33:36,629] Trial 15 finished with value: 67.37300872802734 and parameters: {'gradient_clip_val': 0.17268867492397066, 'hidden_size': 33, 'dropout': 0.2629173893794359, 'hidden_continuous_size': 8, 'attention_head_size': 3, 'learning_rate': 0.0005601864738697932}. Best is trial 11 with value: 64.77374267578125.
LOCAL_RANK: 0 - CUDA_VISIBLE_DEVICES: [0]
[I 2023-12-15 22:34:27,747] Trial 16 finished with value: 62.2429313659668 and parameters: {'gradient_clip_val': 0.16973482167688378, 'hidden_size': 37, 'dropout': 0.26163865072496895, 'hidden_continuous_size': 14, 'attention_head_size': 1, 'learning_rate': 0.000556317829978511}. Best is trial 16 with value: 62.2429313659668.
LOCAL_RANK: 0 - CUDA_VISIBLE_DEVICES: [0]
[I 2023-12-15 22:35:19,010] Trial 17 finished with value: 77.87252044677734 and parameters: {'gradient_clip_val': 0.31333149269867605, 'hidden_size': 44, 'dropout': 0.21232331838615243, 'hidden_continuous_size': 16, 'attention_head_size': 1, 'learning_rate': 0.0009415055701724055}. Best is trial 16 with value: 62.2429313659668.
LOCAL_RANK: 0 - CUDA_VISIBLE_DEVICES: [0]
[I 2023-12-15 22:36:07,407] Trial 18 finished with value: 53.36335372924805 and parameters: {'gradient_clip_val': 0.5021723211201659, 'hidden_size': 23, 'dropout': 0.25865566093756626, 'hidden_continuous_size': 12, 'attention_head_size': 1, 'learning_rate': 0.0005116676413623828}. Best is trial 18 with value: 53.36335372924805.
LOCAL_RANK: 0 - CUDA_VISIBLE_DEVICES: [0]
[I 2023-12-15 22:36:59,719] Trial 19 finished with value: 72.51274871826172 and parameters: {'gradient_clip_val': 0.1484066791514466, 'hidden_size': 45, 'dropout': 0.2443093987112321, 'hidden_continuous_size': 16, 'attention_head_size': 1, 'learning_rate': 0.0009585633703094145}. Best is trial 18 with value: 53.36335372924805.
LOCAL_RANK: 0 - CUDA_VISIBLE_DEVICES: [0]
[I 2023-12-15 22:37:48,541] Trial 20 finished with value: 79.8027572631836 and parameters: {'gradient_clip_val': 0.34882283036196615, 'hidden_size': 22, 'dropout': 0.10001618985776506, 'hidden_continuous_size': 12, 'attention_head_size': 2, 'learning_rate': 0.0011331132524408263}. Best is trial 18 with value: 53.36335372924805.
LOCAL_RANK: 0 - CUDA_VISIBLE_DEVICES: [0]
[I 2023-12-15 22:38:37,240] Trial 21 finished with value: 69.7644271850586 and parameters: {'gradient_clip_val': 0.5046602049211528, 'hidden_size': 25, 'dropout': 0.26982975855764624, 'hidden_continuous_size': 12, 'attention_head_size': 1, 'learning_rate': 0.0005136475544761697}. Best is trial 18 with value: 53.36335372924805.
LOCAL_RANK: 0 - CUDA_VISIBLE_DEVICES: [0]
[I 2023-12-15 22:39:24,726] Trial 22 finished with value: 70.10372924804688 and parameters: {'gradient_clip_val': 0.5039976792687796, 'hidden_size': 18, 'dropout': 0.23582366093728727, 'hidden_continuous_size': 11, 'attention_head_size': 1, 'learning_rate': 0.0007619841027798026}. Best is trial 18 with value: 53.36335372924805.
LOCAL_RANK: 0 - CUDA_VISIBLE_DEVICES: [0]
[I 2023-12-15 22:40:16,134] Trial 23 finished with value: 63.34267044067383 and parameters: {'gradient_clip_val': 0.43410851531590033, 'hidden_size': 34, 'dropout': 0.2908915484285896, 'hidden_continuous_size': 17, 'attention_head_size': 1, 'learning_rate': 0.0013991859636368076}. Best is trial 18 with value: 53.36335372924805.
LOCAL_RANK: 0 - CUDA_VISIBLE_DEVICES: [0]
[I 2023-12-15 22:41:08,371] Trial 24 finished with value: 74.82311248779297 and parameters: {'gradient_clip_val': 0.31953055039603206, 'hidden_size': 39, 'dropout': 0.3050538962528104, 'hidden_continuous_size': 16, 'attention_head_size': 2, 'learning_rate': 0.001330842743538393}. Best is trial 18 with value: 53.36335372924805.
LOCAL_RANK: 0 - CUDA_VISIBLE_DEVICES: [0]
[I 2023-12-15 22:41:58,653] Trial 25 finished with value: 67.73932647705078 and parameters: {'gradient_clip_val': 0.26226974996464675, 'hidden_size': 35, 'dropout': 0.25198999159874624, 'hidden_continuous_size': 14, 'attention_head_size': 1, 'learning_rate': 0.0022494370991852407}. Best is trial 18 with value: 53.36335372924805.
LOCAL_RANK: 0 - CUDA_VISIBLE_DEVICES: [0]
[I 2023-12-15 22:42:51,462] Trial 26 finished with value: 58.85604476928711 and parameters: {'gradient_clip_val': 0.39954397359009414, 'hidden_size': 53, 'dropout': 0.212810216468869, 'hidden_continuous_size': 20, 'attention_head_size': 1, 'learning_rate': 0.0007581201720815417}. Best is trial 18 with value: 53.36335372924805.
LOCAL_RANK: 0 - CUDA_VISIBLE_DEVICES: [0]
[I 2023-12-15 22:43:44,187] Trial 27 finished with value: 86.51990509033203 and parameters: {'gradient_clip_val': 0.23217352509961203, 'hidden_size': 52, 'dropout': 0.20075559751062474, 'hidden_continuous_size': 21, 'attention_head_size': 2, 'learning_rate': 0.0007433475593512665}. Best is trial 18 with value: 53.36335372924805.
LOCAL_RANK: 0 - CUDA_VISIBLE_DEVICES: [0]
[I 2023-12-15 22:44:36,436] Trial 28 finished with value: 58.54296875 and parameters: {'gradient_clip_val': 0.2970389040663812, 'hidden_size': 46, 'dropout': 0.22271068497686214, 'hidden_continuous_size': 21, 'attention_head_size': 1, 'learning_rate': 0.00081925738281947}. Best is trial 18 with value: 53.36335372924805.
LOCAL_RANK: 0 - CUDA_VISIBLE_DEVICES: [0]
[I 2023-12-15 22:45:29,093] Trial 29 finished with value: 67.25102996826172 and parameters: {'gradient_clip_val': 0.3160509283954861, 'hidden_size': 52, 'dropout': 0.2007979642845576, 'hidden_continuous_size': 21, 'attention_head_size': 2, 'learning_rate': 0.0010874067018681874}. Best is trial 18 with value: 53.36335372924805.
LOCAL_RANK: 0 - CUDA_VISIBLE_DEVICES: [0]
[I 2023-12-15 22:46:22,403] Trial 30 finished with value: 130.6292266845703 and parameters: {'gradient_clip_val': 0.40414745228849935, 'hidden_size': 70, 'dropout': 0.22418903473981167, 'hidden_continuous_size': 26, 'attention_head_size': 1, 'learning_rate': 0.002826978833002582}. Best is trial 18 with value: 53.36335372924805.
LOCAL_RANK: 0 - CUDA_VISIBLE_DEVICES: [0]
[I 2023-12-15 22:47:14,720] Trial 31 finished with value: 58.95185470581055 and parameters: {'gradient_clip_val': 0.21375418425676596, 'hidden_size': 43, 'dropout': 0.2561765089544688, 'hidden_continuous_size': 20, 'attention_head_size': 1, 'learning_rate': 0.000724033931488447}. Best is trial 18 with value: 53.36335372924805.
LOCAL_RANK: 0 - CUDA_VISIBLE_DEVICES: [0]
[I 2023-12-15 22:48:08,015] Trial 32 finished with value: 83.0810317993164 and parameters: {'gradient_clip_val': 0.2972745811366739, 'hidden_size': 61, 'dropout': 0.23982320563794052, 'hidden_continuous_size': 25, 'attention_head_size': 1, 'learning_rate': 0.0007668333503295955}. Best is trial 18 with value: 53.36335372924805.
LOCAL_RANK: 0 - CUDA_VISIBLE_DEVICES: [0]
[I 2023-12-15 22:48:59,921] Trial 33 finished with value: 78.23413848876953 and parameters: {'gradient_clip_val': 0.21838170210849295, 'hidden_size': 44, 'dropout': 0.18735894425098643, 'hidden_continuous_size': 19, 'attention_head_size': 1, 'learning_rate': 0.0007400736141396635}. Best is trial 18 with value: 53.36335372924805.
LOCAL_RANK: 0 - CUDA_VISIBLE_DEVICES: [0]
[I 2023-12-15 22:49:52,954] Trial 34 finished with value: 93.0897216796875 and parameters: {'gradient_clip_val': 0.2603958514482306, 'hidden_size': 57, 'dropout': 0.22825315578589692, 'hidden_continuous_size': 25, 'attention_head_size': 1, 'learning_rate': 0.0016511773317863148}. Best is trial 18 with value: 53.36335372924805.
LOCAL_RANK: 0 - CUDA_VISIBLE_DEVICES: [0]
[I 2023-12-15 22:50:46,700] Trial 35 finished with value: 111.19943237304688 and parameters: {'gradient_clip_val': 0.20446513710932035, 'hidden_size': 74, 'dropout': 0.2547202018436858, 'hidden_continuous_size': 29, 'attention_head_size': 1, 'learning_rate': 0.0011099703570334398}. Best is trial 18 with value: 53.36335372924805.
LOCAL_RANK: 0 - CUDA_VISIBLE_DEVICES: [0]
[I 2023-12-15 22:51:40,774] Trial 36 finished with value: 69.84774017333984 and parameters: {'gradient_clip_val': 0.5881386318562629, 'hidden_size': 67, 'dropout': 0.2163203446069294, 'hidden_continuous_size': 32, 'attention_head_size': 2, 'learning_rate': 0.0007922644483990434}. Best is trial 18 with value: 53.36335372924805.
LOCAL_RANK: 0 - CUDA_VISIBLE_DEVICES: [0]
[I 2023-12-15 22:52:35,321] Trial 37 finished with value: 75.15401458740234 and parameters: {'gradient_clip_val': 0.265432462755073, 'hidden_size': 100, 'dropout': 0.16931122371348742, 'hidden_continuous_size': 32, 'attention_head_size': 1, 'learning_rate': 0.0016882682349726344}. Best is trial 18 with value: 53.36335372924805.
LOCAL_RANK: 0 - CUDA_VISIBLE_DEVICES: [0]
[I 2023-12-15 22:53:28,129] Trial 38 finished with value: 96.8675765991211 and parameters: {'gradient_clip_val': 0.34149661790428076, 'hidden_size': 51, 'dropout': 0.2510247092693639, 'hidden_continuous_size': 19, 'attention_head_size': 1, 'learning_rate': 0.0006808679883027537}. Best is trial 18 with value: 53.36335372924805.
LOCAL_RANK: 0 - CUDA_VISIBLE_DEVICES: [0]
[I 2023-12-15 22:54:16,093] Trial 39 finished with value: 71.91480255126953 and parameters: {'gradient_clip_val': 0.2932750987977219, 'hidden_size': 28, 'dropout': 0.23913349331769657, 'hidden_continuous_size': 10, 'attention_head_size': 2, 'learning_rate': 0.0010058561436364253}. Best is trial 18 with value: 53.36335372924805.
LOCAL_RANK: 0 - CUDA_VISIBLE_DEVICES: [0]
[I 2023-12-15 22:55:09,297] Trial 40 finished with value: 101.3914794921875 and parameters: {'gradient_clip_val': 0.2368911910963293, 'hidden_size': 42, 'dropout': 0.20763896425953515, 'hidden_continuous_size': 14, 'attention_head_size': 4, 'learning_rate': 0.0012992016794079477}. Best is trial 18 with value: 53.36335372924805.
LOCAL_RANK: 0 - CUDA_VISIBLE_DEVICES: [0]
[I 2023-12-15 22:56:00,524] Trial 41 finished with value: 72.2829360961914 and parameters: {'gradient_clip_val': 0.17843002514252887, 'hidden_size': 38, 'dropout': 0.26316435095338814, 'hidden_continuous_size': 14, 'attention_head_size': 1, 'learning_rate': 0.0005028987827692585}. Best is trial 18 with value: 53.36335372924805.
LOCAL_RANK: 0 - CUDA_VISIBLE_DEVICES: [0]
[I 2023-12-15 22:56:51,565] Trial 42 finished with value: 93.88833618164062 and parameters: {'gradient_clip_val': 0.14624877495988212, 'hidden_size': 37, 'dropout': 0.22383647302081, 'hidden_continuous_size': 14, 'attention_head_size': 1, 'learning_rate': 0.0006786102444930579}. Best is trial 18 with value: 53.36335372924805.
LOCAL_RANK: 0 - CUDA_VISIBLE_DEVICES: [0]
[I 2023-12-15 22:57:44,759] Trial 43 finished with value: 99.0149917602539 and parameters: {'gradient_clip_val': 0.2028663344776335, 'hidden_size': 62, 'dropout': 0.2611360589401593, 'hidden_continuous_size': 22, 'attention_head_size': 1, 'learning_rate': 0.0009315052745105307}. Best is trial 18 with value: 53.36335372924805.
LOCAL_RANK: 0 - CUDA_VISIBLE_DEVICES: [0]
[I 2023-12-15 22:58:37,338] Trial 44 finished with value: 96.39532470703125 and parameters: {'gradient_clip_val': 0.11775279517147964, 'hidden_size': 49, 'dropout': 0.27984384426928044, 'hidden_continuous_size': 18, 'attention_head_size': 1, 'learning_rate': 0.0006428013336852041}. Best is trial 18 with value: 53.36335372924805.
LOCAL_RANK: 0 - CUDA_VISIBLE_DEVICES: [0]
[I 2023-12-15 22:59:30,968] Trial 45 finished with value: 120.55792236328125 and parameters: {'gradient_clip_val': 0.2812501921868729, 'hidden_size': 79, 'dropout': 0.23165468522526075, 'hidden_continuous_size': 22, 'attention_head_size': 1, 'learning_rate': 0.0006481178674224797}. Best is trial 18 with value: 53.36335372924805.
LOCAL_RANK: 0 - CUDA_VISIBLE_DEVICES: [0]
[I 2023-12-15 23:00:20,503] Trial 46 finished with value: 84.70374298095703 and parameters: {'gradient_clip_val': 0.24592477337825902, 'hidden_size': 30, 'dropout': 0.24885790087951126, 'hidden_continuous_size': 13, 'attention_head_size': 2, 'learning_rate': 0.0008694800770166946}. Best is trial 18 with value: 53.36335372924805.
LOCAL_RANK: 0 - CUDA_VISIBLE_DEVICES: [0]
[I 2023-12-15 23:01:12,612] Trial 47 finished with value: 77.16582489013672 and parameters: {'gradient_clip_val': 0.4010576027002473, 'hidden_size': 56, 'dropout': 0.18694247400412056, 'hidden_continuous_size': 15, 'attention_head_size': 1, 'learning_rate': 0.0005829855019098259}. Best is trial 18 with value: 53.36335372924805.
LOCAL_RANK: 0 - CUDA_VISIBLE_DEVICES: [0]
[I 2023-12-15 23:02:04,440] Trial 48 finished with value: 88.02178955078125 and parameters: {'gradient_clip_val': 0.1618314729500372, 'hidden_size': 39, 'dropout': 0.30609638793884253, 'hidden_continuous_size': 18, 'attention_head_size': 1, 'learning_rate': 0.0005057114161764717}. Best is trial 18 with value: 53.36335372924805.
LOCAL_RANK: 0 - CUDA_VISIBLE_DEVICES: [0]
[I 2023-12-15 23:02:56,366] Trial 49 finished with value: 72.10929107666016 and parameters: {'gradient_clip_val': 0.19654864278504505, 'hidden_size': 44, 'dropout': 0.2778686882756714, 'hidden_continuous_size': 10, 'attention_head_size': 3, 'learning_rate': 0.0011035095199226105}. Best is trial 18 with value: 53.36335372924805.
[I 2023-12-15 23:02:56,457] A new study created in memory with name: no-name-cbf0becf-5bc6-450f-80ff-2e87e28edfff
/home/le004/conda/anaconda3/envs/tsff_env/lib/python3.9/site-packages/lightning/fabric/plugins/environments/slurm.py:191: The `srun` command is available on your system but is not used. HINT: If your intention is to run Lightning on SLURM, prepend your python command with `srun` like so: srun python /home/le004/master_thesis/git/TSFusionForecast/code/ ...
LOCAL_RANK: 0 - CUDA_VISIBLE_DEVICES: [0]
[I 2023-12-15 23:03:41,472] Trial 0 finished with value: 3894.779296875 and parameters: {'gradient_clip_val': 0.14785771622853516, 'hidden_size': 6, 'dropout': 0.3361852733005298, 'hidden_continuous_size': 5, 'attention_head_size': 2, 'learning_rate': 0.019564016768004563}. Best is trial 0 with value: 3894.779296875.
LOCAL_RANK: 0 - CUDA_VISIBLE_DEVICES: [0]
[I 2023-12-15 23:04:26,291] Trial 1 finished with value: 4788.40185546875 and parameters: {'gradient_clip_val': 0.5744914343359533, 'hidden_size': 10, 'dropout': 0.2423417718819501, 'hidden_continuous_size': 5, 'attention_head_size': 1, 'learning_rate': 0.004646138067858135}. Best is trial 0 with value: 3894.779296875.
LOCAL_RANK: 0 - CUDA_VISIBLE_DEVICES: [0]
[I 2023-12-15 23:05:19,265] Trial 2 finished with value: 3259.888671875 and parameters: {'gradient_clip_val': 0.2224722893399187, 'hidden_size': 52, 'dropout': 0.38541155486137546, 'hidden_continuous_size': 18, 'attention_head_size': 3, 'learning_rate': 0.0005247593449407473}. Best is trial 2 with value: 3259.888671875.
LOCAL_RANK: 0 - CUDA_VISIBLE_DEVICES: [0]
[I 2023-12-15 23:06:08,166] Trial 3 finished with value: 4714.85888671875 and parameters: {'gradient_clip_val': 0.7930964168193627, 'hidden_size': 28, 'dropout': 0.20014567217941448, 'hidden_continuous_size': 20, 'attention_head_size': 2, 'learning_rate': 0.018575295746859025}. Best is trial 2 with value: 3259.888671875.
LOCAL_RANK: 0 - CUDA_VISIBLE_DEVICES: [0]
[I 2023-12-15 23:07:03,428] Trial 4 finished with value: 2867.281982421875 and parameters: {'gradient_clip_val': 0.9129246072503762, 'hidden_size': 64, 'dropout': 0.10200481076432046, 'hidden_continuous_size': 56, 'attention_head_size': 4, 'learning_rate': 0.007249617665758685}. Best is trial 4 with value: 2867.281982421875.
LOCAL_RANK: 0 - CUDA_VISIBLE_DEVICES: [0]
[I 2023-12-15 23:07:37,959] Trial 5 finished with value: 9832.5927734375 and parameters: {'gradient_clip_val': 0.15187827411238508, 'hidden_size': 7, 'dropout': 0.1830430354273176, 'hidden_continuous_size': 7, 'attention_head_size': 3, 'learning_rate': 0.0010498516688923205}. Best is trial 4 with value: 2867.281982421875.
LOCAL_RANK: 0 - CUDA_VISIBLE_DEVICES: [0]
[I 2023-12-15 23:08:26,609] Trial 6 finished with value: 1493.0369873046875 and parameters: {'gradient_clip_val': 0.14935379162090112, 'hidden_size': 25, 'dropout': 0.1862988803785624, 'hidden_continuous_size': 14, 'attention_head_size': 1, 'learning_rate': 0.025940980452261533}. Best is trial 6 with value: 1493.0369873046875.
LOCAL_RANK: 0 - CUDA_VISIBLE_DEVICES: [0]
[I 2023-12-15 23:09:11,863] Trial 7 finished with value: 3042.229248046875 and parameters: {'gradient_clip_val': 0.26894183867147103, 'hidden_size': 13, 'dropout': 0.3766820299972504, 'hidden_continuous_size': 6, 'attention_head_size': 2, 'learning_rate': 0.022253077591161442}. Best is trial 6 with value: 1493.0369873046875.
LOCAL_RANK: 0 - CUDA_VISIBLE_DEVICES: [0]
[I 2023-12-15 23:10:01,430] Trial 8 finished with value: 8053.22705078125 and parameters: {'gradient_clip_val': 0.15768755551056382, 'hidden_size': 22, 'dropout': 0.19557733131953636, 'hidden_continuous_size': 17, 'attention_head_size': 3, 'learning_rate': 0.0033817016640526024}. Best is trial 6 with value: 1493.0369873046875.
LOCAL_RANK: 0 - CUDA_VISIBLE_DEVICES: [0]
[I 2023-12-15 23:10:50,802] Trial 9 finished with value: 2690.369873046875 and parameters: {'gradient_clip_val': 0.5856078632759283, 'hidden_size': 32, 'dropout': 0.10808666627908955, 'hidden_continuous_size': 16, 'attention_head_size': 3, 'learning_rate': 0.03857973871572434}. Best is trial 6 with value: 1493.0369873046875.
LOCAL_RANK: 0 - CUDA_VISIBLE_DEVICES: [0]
[I 2023-12-15 23:11:36,496] Trial 10 finished with value: 4422.92529296875 and parameters: {'gradient_clip_val': 0.12587286746444964, 'hidden_size': 15, 'dropout': 0.2866109140408112, 'hidden_continuous_size': 9, 'attention_head_size': 1, 'learning_rate': 0.09516695427225332}. Best is trial 6 with value: 1493.0369873046875.
LOCAL_RANK: 0 - CUDA_VISIBLE_DEVICES: [0]
