[rank: 0] Seed set to 42
[I 2023-12-26 11:21:46,670] A new study created in memory with name: no-name-03b8a90f-786d-46c0-8ee8-26153f3e04fe
/home/le004/conda/anaconda3/envs/tsff_env/lib/python3.9/site-packages/lightning/fabric/plugins/environments/slurm.py:191: The `srun` command is available on your system but is not used. HINT: If your intention is to run Lightning on SLURM, prepend your python command with `srun` like so: srun python /home/le004/master_thesis/git/TSFusionForecast/code/ ...
[I 2023-12-26 11:26:44,044] Trial 0 finished with value: 0.09275170415639877 and parameters: {'gradient_clip_val': 0.555485630561294, 'hidden_size': 20, 'dropout': 0.2474382310520624, 'hidden_continuous_size': 14, 'attention_head_size': 3, 'learning_rate': 0.0016588703773663532}. Best is trial 0 with value: 0.09275170415639877.
[I 2023-12-26 11:27:01,416] Trial 1 finished with value: 0.9147163033485413 and parameters: {'gradient_clip_val': 0.843787789681395, 'hidden_size': 17, 'dropout': 0.21138767044799428, 'hidden_continuous_size': 9, 'attention_head_size': 1, 'learning_rate': 0.012527202267990395}. Best is trial 0 with value: 0.09275170415639877.
[I 2023-12-26 11:27:04,439] Trial 2 finished with value: 3.489933967590332 and parameters: {'gradient_clip_val': 0.353627174160866, 'hidden_size': 30, 'dropout': 0.21124895108993075, 'hidden_continuous_size': 6, 'attention_head_size': 1, 'learning_rate': 0.04074999089559766}. Best is trial 0 with value: 0.09275170415639877.
[I 2023-12-26 11:27:07,144] Trial 3 finished with value: 4.111556053161621 and parameters: {'gradient_clip_val': 0.5374391942583343, 'hidden_size': 13, 'dropout': 0.18118470699853498, 'hidden_continuous_size': 5, 'attention_head_size': 3, 'learning_rate': 0.0025388907870016572}. Best is trial 0 with value: 0.09275170415639877.
[I 2023-12-26 11:27:18,161] Trial 4 finished with value: 3.990332841873169 and parameters: {'gradient_clip_val': 0.28202199731071487, 'hidden_size': 134, 'dropout': 0.31086257702256975, 'hidden_continuous_size': 10, 'attention_head_size': 3, 'learning_rate': 0.010288486396296162}. Best is trial 0 with value: 0.09275170415639877.
[I 2023-12-26 11:27:20,298] Trial 5 finished with value: 4.287313461303711 and parameters: {'gradient_clip_val': 0.3386843218320211, 'hidden_size': 6, 'dropout': 0.24061078881043577, 'hidden_continuous_size': 5, 'attention_head_size': 2, 'learning_rate': 0.06236110582013384}. Best is trial 0 with value: 0.09275170415639877.
[I 2023-12-26 11:27:22,377] Trial 6 finished with value: 3.7498464584350586 and parameters: {'gradient_clip_val': 0.3545028322313434, 'hidden_size': 6, 'dropout': 0.24393766473911632, 'hidden_continuous_size': 6, 'attention_head_size': 3, 'learning_rate': 0.0029735375902058847}. Best is trial 0 with value: 0.09275170415639877.
[I 2023-12-26 11:27:24,683] Trial 7 finished with value: 4.648043155670166 and parameters: {'gradient_clip_val': 0.43429970763011344, 'hidden_size': 7, 'dropout': 0.42023793219360694, 'hidden_continuous_size': 6, 'attention_head_size': 4, 'learning_rate': 0.0019292044248001643}. Best is trial 0 with value: 0.09275170415639877.
[I 2023-12-26 11:27:31,033] Trial 8 finished with value: 4.894819736480713 and parameters: {'gradient_clip_val': 0.5082211335270632, 'hidden_size': 76, 'dropout': 0.1813801403292999, 'hidden_continuous_size': 25, 'attention_head_size': 2, 'learning_rate': 0.003232371442997016}. Best is trial 0 with value: 0.09275170415639877.
[I 2023-12-26 11:27:35,344] Trial 9 finished with value: 4.038431167602539 and parameters: {'gradient_clip_val': 0.1395803066219598, 'hidden_size': 50, 'dropout': 0.19583158325496675, 'hidden_continuous_size': 27, 'attention_head_size': 3, 'learning_rate': 0.09548952398656967}. Best is trial 0 with value: 0.09275170415639877.
[I 2023-12-26 11:27:38,169] Trial 10 finished with value: 4.058162689208984 and parameters: {'gradient_clip_val': 0.9461998656444082, 'hidden_size': 24, 'dropout': 0.10835687420833459, 'hidden_continuous_size': 16, 'attention_head_size': 4, 'learning_rate': 0.0005240919158515687}. Best is trial 0 with value: 0.09275170415639877.
[I 2023-12-26 11:27:40,412] Trial 11 finished with value: 4.069938659667969 and parameters: {'gradient_clip_val': 0.9211042316523121, 'hidden_size': 16, 'dropout': 0.32341514190787857, 'hidden_continuous_size': 9, 'attention_head_size': 1, 'learning_rate': 0.013804696302789186}. Best is trial 0 with value: 0.09275170415639877.
[I 2023-12-26 11:27:42,930] Trial 12 finished with value: 4.460505962371826 and parameters: {'gradient_clip_val': 0.7089447703346325, 'hidden_size': 14, 'dropout': 0.358503016804021, 'hidden_continuous_size': 10, 'attention_head_size': 2, 'learning_rate': 0.016117697369314014}. Best is trial 0 with value: 0.09275170415639877.
[I 2023-12-26 11:27:46,159] Trial 13 finished with value: 2.9201581478118896 and parameters: {'gradient_clip_val': 0.6322516339328805, 'hidden_size': 29, 'dropout': 0.2530085080523237, 'hidden_continuous_size': 14, 'attention_head_size': 1, 'learning_rate': 0.006135241531979303}. Best is trial 0 with value: 0.09275170415639877.
[I 2023-12-26 11:27:48,522] Trial 14 finished with value: 3.9010517597198486 and parameters: {'gradient_clip_val': 0.711248468429706, 'hidden_size': 10, 'dropout': 0.12663832700326938, 'hidden_continuous_size': 7, 'attention_head_size': 2, 'learning_rate': 0.0011047842930400496}. Best is trial 0 with value: 0.09275170415639877.
[I 2023-12-26 11:27:51,800] Trial 15 finished with value: 4.096958160400391 and parameters: {'gradient_clip_val': 0.9886578725285388, 'hidden_size': 24, 'dropout': 0.26865257037183143, 'hidden_continuous_size': 14, 'attention_head_size': 4, 'learning_rate': 0.005951364736848714}. Best is trial 0 with value: 0.09275170415639877.
[I 2023-12-26 11:27:54,119] Trial 16 finished with value: 4.081815242767334 and parameters: {'gradient_clip_val': 0.7326576855452546, 'hidden_size': 9, 'dropout': 0.4919474847913369, 'hidden_continuous_size': 7, 'attention_head_size': 1, 'learning_rate': 0.02587363053313469}. Best is trial 0 with value: 0.09275170415639877.
[I 2023-12-26 11:27:56,512] Trial 17 finished with value: 4.570865631103516 and parameters: {'gradient_clip_val': 0.5467037180220459, 'hidden_size': 17, 'dropout': 0.14833510858507773, 'hidden_continuous_size': 8, 'attention_head_size': 2, 'learning_rate': 0.005776658895625528}. Best is trial 0 with value: 0.09275170415639877.
[I 2023-12-26 11:28:00,219] Trial 18 finished with value: 3.7522172927856445 and parameters: {'gradient_clip_val': 0.24095571398040616, 'hidden_size': 38, 'dropout': 0.29306551142310383, 'hidden_continuous_size': 18, 'attention_head_size': 3, 'learning_rate': 0.020370181894849484}. Best is trial 0 with value: 0.09275170415639877.
[I 2023-12-26 11:28:02,674] Trial 19 finished with value: 3.8626434803009033 and parameters: {'gradient_clip_val': 0.7868677131188758, 'hidden_size': 10, 'dropout': 0.15040064185256916, 'hidden_continuous_size': 8, 'attention_head_size': 4, 'learning_rate': 0.009478837431947999}. Best is trial 0 with value: 0.09275170415639877.
[I 2023-12-26 11:28:05,301] Trial 20 finished with value: 3.2313897609710693 and parameters: {'gradient_clip_val': 0.4439460638743669, 'hidden_size': 20, 'dropout': 0.2275664073835532, 'hidden_continuous_size': 12, 'attention_head_size': 1, 'learning_rate': 0.001243334509264229}. Best is trial 0 with value: 0.09275170415639877.
[I 2023-12-26 11:28:08,303] Trial 21 finished with value: 4.166435718536377 and parameters: {'gradient_clip_val': 0.6345991487575164, 'hidden_size': 32, 'dropout': 0.26970712004366193, 'hidden_continuous_size': 12, 'attention_head_size': 1, 'learning_rate': 0.00613723979565415}. Best is trial 0 with value: 0.09275170415639877.
[I 2023-12-26 11:28:11,044] Trial 22 finished with value: 3.9896695613861084 and parameters: {'gradient_clip_val': 0.6176232152785943, 'hidden_size': 22, 'dropout': 0.2268384612543314, 'hidden_continuous_size': 12, 'attention_head_size': 1, 'learning_rate': 0.004677806018067369}. Best is trial 0 with value: 0.09275170415639877.
[I 2023-12-26 11:28:15,198] Trial 23 finished with value: 2.996609926223755 and parameters: {'gradient_clip_val': 0.7986085687436466, 'hidden_size': 44, 'dropout': 0.275920247422653, 'hidden_continuous_size': 18, 'attention_head_size': 2, 'learning_rate': 0.004005414620150564}. Best is trial 0 with value: 0.09275170415639877.
[I 2023-12-26 11:28:17,797] Trial 24 finished with value: 3.7012100219726562 and parameters: {'gradient_clip_val': 0.6114368557710452, 'hidden_size': 19, 'dropout': 0.1928569418218583, 'hidden_continuous_size': 11, 'attention_head_size': 1, 'learning_rate': 0.008988053927610987}. Best is trial 0 with value: 0.09275170415639877.
[I 2023-12-26 11:28:20,953] Trial 25 finished with value: 3.549067497253418 and parameters: {'gradient_clip_val': 0.8498084364628563, 'hidden_size': 29, 'dropout': 0.24480239507678175, 'hidden_continuous_size': 15, 'attention_head_size': 2, 'learning_rate': 0.013091371767456311}. Best is trial 0 with value: 0.09275170415639877.
[I 2023-12-26 11:28:23,479] Trial 26 finished with value: 3.643505811691284 and parameters: {'gradient_clip_val': 0.670406994200659, 'hidden_size': 13, 'dropout': 0.16021913547427882, 'hidden_continuous_size': 9, 'attention_head_size': 3, 'learning_rate': 0.0076887114518322044}. Best is trial 0 with value: 0.09275170415639877.
[I 2023-12-26 11:28:26,482] Trial 27 finished with value: 4.299299716949463 and parameters: {'gradient_clip_val': 0.9921514913566315, 'hidden_size': 19, 'dropout': 0.208289069793551, 'hidden_continuous_size': 13, 'attention_head_size': 1, 'learning_rate': 0.025909131600824618}. Best is trial 0 with value: 0.09275170415639877.
[I 2023-12-26 11:28:29,451] Trial 28 finished with value: 4.160923480987549 and parameters: {'gradient_clip_val': 0.822473664055326, 'hidden_size': 26, 'dropout': 0.33229533529025423, 'hidden_continuous_size': 14, 'attention_head_size': 2, 'learning_rate': 0.004114217594058171}. Best is trial 0 with value: 0.09275170415639877.
[I 2023-12-26 11:28:32,780] Trial 29 finished with value: 3.7805891036987305 and parameters: {'gradient_clip_val': 0.5033000578937488, 'hidden_size': 31, 'dropout': 0.2072495988353873, 'hidden_continuous_size': 17, 'attention_head_size': 1, 'learning_rate': 0.035094837361007956}. Best is trial 0 with value: 0.09275170415639877.
[I 2023-12-26 11:28:35,312] Trial 30 finished with value: 4.616902828216553 and parameters: {'gradient_clip_val': 0.4134191207326328, 'hidden_size': 15, 'dropout': 0.2582961830700065, 'hidden_continuous_size': 11, 'attention_head_size': 1, 'learning_rate': 0.006944089166490778}. Best is trial 0 with value: 0.09275170415639877.
[I 2023-12-26 11:28:39,264] Trial 31 finished with value: 2.659111738204956 and parameters: {'gradient_clip_val': 0.8326503223927306, 'hidden_size': 42, 'dropout': 0.2798451170726829, 'hidden_continuous_size': 19, 'attention_head_size': 2, 'learning_rate': 0.004197299863620889}. Best is trial 0 with value: 0.09275170415639877.
[I 2023-12-26 11:28:42,948] Trial 32 finished with value: 2.378415822982788 and parameters: {'gradient_clip_val': 0.8242452694878899, 'hidden_size': 40, 'dropout': 0.29418704183455424, 'hidden_continuous_size': 21, 'attention_head_size': 3, 'learning_rate': 0.002255987181308072}. Best is trial 0 with value: 0.09275170415639877.
[I 2023-12-26 11:28:48,452] Trial 33 finished with value: 3.3722708225250244 and parameters: {'gradient_clip_val': 0.8180442970881898, 'hidden_size': 60, 'dropout': 0.3039869372420267, 'hidden_continuous_size': 22, 'attention_head_size': 3, 'learning_rate': 0.002375385565432655}. Best is trial 0 with value: 0.09275170415639877.
[I 2023-12-26 11:28:52,229] Trial 34 finished with value: 3.7922980785369873 and parameters: {'gradient_clip_val': 0.8774719713282187, 'hidden_size': 37, 'dropout': 0.2840358701862244, 'hidden_continuous_size': 35, 'attention_head_size': 3, 'learning_rate': 0.0018810603974256058}. Best is trial 0 with value: 0.09275170415639877.
[I 2023-12-26 11:28:58,676] Trial 35 finished with value: 3.89347243309021 and parameters: {'gradient_clip_val': 0.755375486591648, 'hidden_size': 75, 'dropout': 0.2288627045245205, 'hidden_continuous_size': 21, 'attention_head_size': 3, 'learning_rate': 0.0035721726257019557}. Best is trial 0 with value: 0.09275170415639877.
[I 2023-12-26 11:29:01,617] Trial 36 finished with value: 2.70930552482605 and parameters: {'gradient_clip_val': 0.5647996844091261, 'hidden_size': 22, 'dropout': 0.2974460045531108, 'hidden_continuous_size': 16, 'attention_head_size': 3, 'learning_rate': 0.0025391186444085633}. Best is trial 0 with value: 0.09275170415639877.
[I 2023-12-26 11:29:05,268] Trial 37 finished with value: 3.5982553958892822 and parameters: {'gradient_clip_val': 0.6993470248557626, 'hidden_size': 37, 'dropout': 0.22264645567636993, 'hidden_continuous_size': 19, 'attention_head_size': 3, 'learning_rate': 0.010180292306305792}. Best is trial 0 with value: 0.09275170415639877.
[I 2023-12-26 11:29:07,378] Trial 38 finished with value: 4.512670516967773 and parameters: {'gradient_clip_val': 0.9957323086673318, 'hidden_size': 5, 'dropout': 0.2574759796750413, 'hidden_continuous_size': 5, 'attention_head_size': 2, 'learning_rate': 0.004458286396796653}. Best is trial 0 with value: 0.09275170415639877.
[I 2023-12-26 11:29:12,277] Trial 39 finished with value: 3.1439311504364014 and parameters: {'gradient_clip_val': 0.8681023934085478, 'hidden_size': 50, 'dropout': 0.17212185279521436, 'hidden_continuous_size': 27, 'attention_head_size': 4, 'learning_rate': 0.0015553970614437323}. Best is trial 0 with value: 0.09275170415639877.
[I 2023-12-26 11:29:15,188] Trial 40 finished with value: 4.416460037231445 and parameters: {'gradient_clip_val': 0.7763047686898091, 'hidden_size': 25, 'dropout': 0.33945970779728135, 'hidden_continuous_size': 16, 'attention_head_size': 3, 'learning_rate': 0.002895866225742859}. Best is trial 0 with value: 0.09275170415639877.
[I 2023-12-26 11:29:17,983] Trial 41 finished with value: 4.459298610687256 and parameters: {'gradient_clip_val': 0.543106425667333, 'hidden_size': 20, 'dropout': 0.3021389984626008, 'hidden_continuous_size': 16, 'attention_head_size': 3, 'learning_rate': 0.002158100023699336}. Best is trial 0 with value: 0.09275170415639877.
[I 2023-12-26 11:29:20,590] Trial 42 finished with value: 4.291492938995361 and parameters: {'gradient_clip_val': 0.5888137276207156, 'hidden_size': 17, 'dropout': 0.2787410096281469, 'hidden_continuous_size': 13, 'attention_head_size': 3, 'learning_rate': 0.003083232763683778}. Best is trial 0 with value: 0.09275170415639877.
[I 2023-12-26 11:29:23,529] Trial 43 finished with value: 5.073164463043213 and parameters: {'gradient_clip_val': 0.6777312953103684, 'hidden_size': 23, 'dropout': 0.3126687865879309, 'hidden_continuous_size': 15, 'attention_head_size': 3, 'learning_rate': 0.0026255181946911108}. Best is trial 0 with value: 0.09275170415639877.
[I 2023-12-26 11:29:26,072] Trial 44 finished with value: 4.942702770233154 and parameters: {'gradient_clip_val': 0.8860938557877612, 'hidden_size': 13, 'dropout': 0.291133113911727, 'hidden_continuous_size': 10, 'attention_head_size': 3, 'learning_rate': 0.001576572647396982}. Best is trial 0 with value: 0.09275170415639877.
[I 2023-12-26 11:29:29,318] Trial 45 finished with value: 3.183783769607544 and parameters: {'gradient_clip_val': 0.5668121746782324, 'hidden_size': 27, 'dropout': 0.24409182247381814, 'hidden_continuous_size': 19, 'attention_head_size': 4, 'learning_rate': 0.000920974720101152}. Best is trial 0 with value: 0.09275170415639877.
[I 2023-12-26 11:29:32,704] Trial 46 finished with value: 4.533735752105713 and parameters: {'gradient_clip_val': 0.6851846860961203, 'hidden_size': 33, 'dropout': 0.358031621688729, 'hidden_continuous_size': 21, 'attention_head_size': 2, 'learning_rate': 0.002574610901391483}. Best is trial 0 with value: 0.09275170415639877.
[I 2023-12-26 11:29:35,199] Trial 47 finished with value: 3.8417482376098633 and parameters: {'gradient_clip_val': 0.4879461704506995, 'hidden_size': 16, 'dropout': 0.3184890123310718, 'hidden_continuous_size': 13, 'attention_head_size': 3, 'learning_rate': 0.002140097139761154}. Best is trial 0 with value: 0.09275170415639877.
[I 2023-12-26 11:29:46,369] Trial 48 finished with value: 3.272031545639038 and parameters: {'gradient_clip_val': 0.9184780412778554, 'hidden_size': 133, 'dropout': 0.26311559350930924, 'hidden_continuous_size': 30, 'attention_head_size': 2, 'learning_rate': 0.0034856930780965073}. Best is trial 0 with value: 0.09275170415639877.
[I 2023-12-26 11:29:49,272] Trial 49 finished with value: 3.432664632797241 and parameters: {'gradient_clip_val': 0.7479625023545052, 'hidden_size': 22, 'dropout': 0.2933650237482679, 'hidden_continuous_size': 17, 'attention_head_size': 3, 'learning_rate': 0.005039519105614654}. Best is trial 0 with value: 0.09275170415639877.
[I 2023-12-26 11:29:49,473] A new study created in memory with name: no-name-0753abc3-f77e-4598-9f10-8e9262d38e76
/home/le004/conda/anaconda3/envs/tsff_env/lib/python3.9/site-packages/lightning/fabric/plugins/environments/slurm.py:191: The `srun` command is available on your system but is not used. HINT: If your intention is to run Lightning on SLURM, prepend your python command with `srun` like so: srun python /home/le004/master_thesis/git/TSFusionForecast/code/ ...
[I 2023-12-26 11:38:52,196] Trial 0 finished with value: 0.11050963401794434 and parameters: {'gradient_clip_val': 0.6463693759458259, 'hidden_size': 60, 'dropout': 0.19667930542433215, 'hidden_continuous_size': 21, 'attention_head_size': 3, 'learning_rate': 0.017117219189009544}. Best is trial 0 with value: 0.11050963401794434.
[I 2023-12-26 11:38:59,957] Trial 1 finished with value: 4.899448394775391 and parameters: {'gradient_clip_val': 0.4238217333921828, 'hidden_size': 93, 'dropout': 0.2743010509646512, 'hidden_continuous_size': 27, 'attention_head_size': 3, 'learning_rate': 0.015607714791845938}. Best is trial 0 with value: 0.11050963401794434.
[I 2023-12-26 11:39:07,902] Trial 2 finished with value: 4.4685959815979 and parameters: {'gradient_clip_val': 0.3911714920534289, 'hidden_size': 132, 'dropout': 0.2127610271303956, 'hidden_continuous_size': 6, 'attention_head_size': 1, 'learning_rate': 0.0012402639570766594}. Best is trial 0 with value: 0.11050963401794434.
[I 2023-12-26 11:39:09,898] Trial 3 finished with value: 4.196524620056152 and parameters: {'gradient_clip_val': 0.4426353380926862, 'hidden_size': 16, 'dropout': 0.2493447348735119, 'hidden_continuous_size': 14, 'attention_head_size': 2, 'learning_rate': 0.09232050644128455}. Best is trial 0 with value: 0.11050963401794434.
[I 2023-12-26 11:39:13,660] Trial 4 finished with value: 4.535175800323486 and parameters: {'gradient_clip_val': 0.213654865574928, 'hidden_size': 46, 'dropout': 0.1194962865950215, 'hidden_continuous_size': 12, 'attention_head_size': 2, 'learning_rate': 0.023992054878768588}. Best is trial 0 with value: 0.11050963401794434.
[I 2023-12-26 11:39:15,985] Trial 5 finished with value: 4.990053653717041 and parameters: {'gradient_clip_val': 0.9839543861938956, 'hidden_size': 28, 'dropout': 0.18118612664203845, 'hidden_continuous_size': 24, 'attention_head_size': 1, 'learning_rate': 0.0144046908651741}. Best is trial 0 with value: 0.11050963401794434.
[I 2023-12-26 11:39:18,601] Trial 6 finished with value: 4.843125820159912 and parameters: {'gradient_clip_val': 0.8004927637272027, 'hidden_size': 34, 'dropout': 0.4268553916821126, 'hidden_continuous_size': 17, 'attention_head_size': 4, 'learning_rate': 0.004139835067042346}. Best is trial 0 with value: 0.11050963401794434.
[I 2023-12-26 11:39:22,244] Trial 7 finished with value: 3.014002561569214 and parameters: {'gradient_clip_val': 0.2099828960283636, 'hidden_size': 51, 'dropout': 0.14565145576879443, 'hidden_continuous_size': 29, 'attention_head_size': 4, 'learning_rate': 0.0766810190302882}. Best is trial 0 with value: 0.11050963401794434.
[I 2023-12-26 11:39:27,045] Trial 8 finished with value: 4.161931037902832 and parameters: {'gradient_clip_val': 0.90337225742076, 'hidden_size': 69, 'dropout': 0.29571652053099406, 'hidden_continuous_size': 61, 'attention_head_size': 4, 'learning_rate': 0.020382199083960044}. Best is trial 0 with value: 0.11050963401794434.
[I 2023-12-26 11:39:29,079] Trial 9 finished with value: 3.645242929458618 and parameters: {'gradient_clip_val': 0.5318541210272798, 'hidden_size': 5, 'dropout': 0.20390500728626934, 'hidden_continuous_size': 5, 'attention_head_size': 4, 'learning_rate': 0.02208252524398019}. Best is trial 0 with value: 0.11050963401794434.
[I 2023-12-26 11:39:40,565] Trial 10 finished with value: 3.9810104370117188 and parameters: {'gradient_clip_val': 0.10241317874128852, 'hidden_size': 133, 'dropout': 0.10046433936092065, 'hidden_continuous_size': 118, 'attention_head_size': 3, 'learning_rate': 0.0005625197818217205}. Best is trial 0 with value: 0.11050963401794434.
[I 2023-12-26 11:39:45,348] Trial 11 finished with value: 3.0138962268829346 and parameters: {'gradient_clip_val': 0.22503043154205343, 'hidden_size': 60, 'dropout': 0.1467744265623319, 'hidden_continuous_size': 25, 'attention_head_size': 3, 'learning_rate': 0.04307961464852124}. Best is trial 0 with value: 0.11050963401794434.
[I 2023-12-26 11:39:50,141] Trial 12 finished with value: 4.572441577911377 and parameters: {'gradient_clip_val': 0.2555896412339646, 'hidden_size': 66, 'dropout': 0.16890291810172736, 'hidden_continuous_size': 10, 'attention_head_size': 3, 'learning_rate': 0.03975492365532875}. Best is trial 0 with value: 0.11050963401794434.
