[I 2023-12-15 13:50:24,683] Trial 27 finished with value: 0.04766401648521423 and parameters: {'gradient_clip_val': 0.473427925155211, 'hidden_size': 26, 'dropout': 0.2671964569530327, 'hidden_continuous_size': 11, 'attention_head_size': 2, 'learning_rate': 0.005169930231415001}. Best is trial 0 with value: 0.041755955666303635.
LOCAL_RANK: 0 - CUDA_VISIBLE_DEVICES: [0]
[I 2023-12-15 13:51:17,249] Trial 28 finished with value: 0.054340910166502 and parameters: {'gradient_clip_val': 0.3841542719480293, 'hidden_size': 48, 'dropout': 0.21887412706779827, 'hidden_continuous_size': 16, 'attention_head_size': 3, 'learning_rate': 0.011070146973167603}. Best is trial 0 with value: 0.041755955666303635.
LOCAL_RANK: 0 - CUDA_VISIBLE_DEVICES: [0]
[I 2023-12-15 13:52:06,133] Trial 29 finished with value: 0.0629693865776062 and parameters: {'gradient_clip_val': 0.5817665505702322, 'hidden_size': 28, 'dropout': 0.29083875323927144, 'hidden_continuous_size': 13, 'attention_head_size': 4, 'learning_rate': 0.00865156373441634}. Best is trial 0 with value: 0.041755955666303635.
LOCAL_RANK: 0 - CUDA_VISIBLE_DEVICES: [0]
[I 2023-12-15 13:52:57,133] Trial 30 finished with value: 0.05700714513659477 and parameters: {'gradient_clip_val': 0.6781546820955194, 'hidden_size': 36, 'dropout': 0.3980651730334316, 'hidden_continuous_size': 16, 'attention_head_size': 3, 'learning_rate': 0.016804965931194786}. Best is trial 0 with value: 0.041755955666303635.
LOCAL_RANK: 0 - CUDA_VISIBLE_DEVICES: [0]
[I 2023-12-15 13:53:45,984] Trial 31 finished with value: 0.22608442604541779 and parameters: {'gradient_clip_val': 0.4921653469567228, 'hidden_size': 23, 'dropout': 0.2659777303146204, 'hidden_continuous_size': 11, 'attention_head_size': 2, 'learning_rate': 0.006139204835009175}. Best is trial 0 with value: 0.041755955666303635.
LOCAL_RANK: 0 - CUDA_VISIBLE_DEVICES: [0]
[I 2023-12-15 13:54:34,505] Trial 32 finished with value: 0.04346378147602081 and parameters: {'gradient_clip_val': 0.46300587108371516, 'hidden_size': 26, 'dropout': 0.250351036906762, 'hidden_continuous_size': 10, 'attention_head_size': 1, 'learning_rate': 0.010225764643010763}. Best is trial 0 with value: 0.041755955666303635.
LOCAL_RANK: 0 - CUDA_VISIBLE_DEVICES: [0]
[I 2023-12-15 13:55:23,377] Trial 33 finished with value: 0.0676274225115776 and parameters: {'gradient_clip_val': 0.37566233416112155, 'hidden_size': 31, 'dropout': 0.23897240206617246, 'hidden_continuous_size': 9, 'attention_head_size': 1, 'learning_rate': 0.02157155485961774}. Best is trial 0 with value: 0.041755955666303635.
LOCAL_RANK: 0 - CUDA_VISIBLE_DEVICES: [0]
[I 2023-12-15 13:56:07,764] Trial 34 finished with value: 0.12570901215076447 and parameters: {'gradient_clip_val': 0.4865818641268177, 'hidden_size': 16, 'dropout': 0.25239381297918273, 'hidden_continuous_size': 8, 'attention_head_size': 1, 'learning_rate': 0.009865027766035392}. Best is trial 0 with value: 0.041755955666303635.
LOCAL_RANK: 0 - CUDA_VISIBLE_DEVICES: [0]
[I 2023-12-15 13:56:55,973] Trial 35 finished with value: 0.04524054005742073 and parameters: {'gradient_clip_val': 0.5635693005801234, 'hidden_size': 22, 'dropout': 0.28740374661491086, 'hidden_continuous_size': 10, 'attention_head_size': 1, 'learning_rate': 0.0142610418399693}. Best is trial 0 with value: 0.041755955666303635.
LOCAL_RANK: 0 - CUDA_VISIBLE_DEVICES: [0]
[I 2023-12-15 13:57:45,553] Trial 36 finished with value: 0.06574453413486481 and parameters: {'gradient_clip_val': 0.41965589625454813, 'hidden_size': 34, 'dropout': 0.2899090049735491, 'hidden_continuous_size': 10, 'attention_head_size': 1, 'learning_rate': 0.017392709258898752}. Best is trial 0 with value: 0.041755955666303635.
LOCAL_RANK: 0 - CUDA_VISIBLE_DEVICES: [0]
[I 2023-12-15 13:58:30,404] Trial 37 finished with value: 0.058966558426618576 and parameters: {'gradient_clip_val': 0.327500604034679, 'hidden_size': 11, 'dropout': 0.3218156970319367, 'hidden_continuous_size': 6, 'attention_head_size': 1, 'learning_rate': 0.022431672583314365}. Best is trial 0 with value: 0.041755955666303635.
LOCAL_RANK: 0 - CUDA_VISIBLE_DEVICES: [0]
[I 2023-12-15 13:59:23,263] Trial 38 finished with value: 0.05461202189326286 and parameters: {'gradient_clip_val': 0.4449745806047619, 'hidden_size': 62, 'dropout': 0.2798386169742045, 'hidden_continuous_size': 17, 'attention_head_size': 1, 'learning_rate': 0.007355346169569734}. Best is trial 0 with value: 0.041755955666303635.
LOCAL_RANK: 0 - CUDA_VISIBLE_DEVICES: [0]
[I 2023-12-15 14:00:12,008] Trial 39 finished with value: 0.06409842520952225 and parameters: {'gradient_clip_val': 0.25037977108702386, 'hidden_size': 29, 'dropout': 0.29780447662070764, 'hidden_continuous_size': 9, 'attention_head_size': 1, 'learning_rate': 0.003088489607177753}. Best is trial 0 with value: 0.041755955666303635.
LOCAL_RANK: 0 - CUDA_VISIBLE_DEVICES: [0]
[I 2023-12-15 14:00:58,573] Trial 40 finished with value: 0.08618444204330444 and parameters: {'gradient_clip_val': 0.5346244093000854, 'hidden_size': 18, 'dropout': 0.27494206962266304, 'hidden_continuous_size': 8, 'attention_head_size': 1, 'learning_rate': 0.016423377435459227}. Best is trial 0 with value: 0.041755955666303635.
LOCAL_RANK: 0 - CUDA_VISIBLE_DEVICES: [0]
[I 2023-12-15 14:01:47,293] Trial 41 finished with value: 0.07917235791683197 and parameters: {'gradient_clip_val': 0.6059907023418329, 'hidden_size': 23, 'dropout': 0.2625914518110789, 'hidden_continuous_size': 10, 'attention_head_size': 2, 'learning_rate': 0.011964013647935156}. Best is trial 0 with value: 0.041755955666303635.
LOCAL_RANK: 0 - CUDA_VISIBLE_DEVICES: [0]
[I 2023-12-15 14:02:35,990] Trial 42 finished with value: 0.07717540115118027 and parameters: {'gradient_clip_val': 0.5601758019469217, 'hidden_size': 25, 'dropout': 0.23119427065639137, 'hidden_continuous_size': 12, 'attention_head_size': 1, 'learning_rate': 0.012852054192770359}. Best is trial 0 with value: 0.041755955666303635.
LOCAL_RANK: 0 - CUDA_VISIBLE_DEVICES: [0]
[I 2023-12-15 14:03:22,015] Trial 43 finished with value: 0.05196541175246239 and parameters: {'gradient_clip_val': 0.6388212197031663, 'hidden_size': 13, 'dropout': 0.28465412225979986, 'hidden_continuous_size': 9, 'attention_head_size': 2, 'learning_rate': 0.010728741682808775}. Best is trial 0 with value: 0.041755955666303635.
LOCAL_RANK: 0 - CUDA_VISIBLE_DEVICES: [0]
[I 2023-12-15 14:04:09,753] Trial 44 finished with value: 0.05115002021193504 and parameters: {'gradient_clip_val': 0.7384766089189304, 'hidden_size': 18, 'dropout': 0.2508329922673021, 'hidden_continuous_size': 10, 'attention_head_size': 3, 'learning_rate': 0.014602511503107903}. Best is trial 0 with value: 0.041755955666303635.
LOCAL_RANK: 0 - CUDA_VISIBLE_DEVICES: [0]
[I 2023-12-15 14:04:58,200] Trial 45 finished with value: 0.04916663467884064 and parameters: {'gradient_clip_val': 0.46475965979394723, 'hidden_size': 22, 'dropout': 0.2684336547758361, 'hidden_continuous_size': 11, 'attention_head_size': 1, 'learning_rate': 0.025725050399237514}. Best is trial 0 with value: 0.041755955666303635.
LOCAL_RANK: 0 - CUDA_VISIBLE_DEVICES: [0]
[I 2023-12-15 14:05:48,619] Trial 46 finished with value: 0.052864477038383484 and parameters: {'gradient_clip_val': 0.5190915041482279, 'hidden_size': 31, 'dropout': 0.3226270708383408, 'hidden_continuous_size': 14, 'attention_head_size': 4, 'learning_rate': 0.018924362204680856}. Best is trial 0 with value: 0.041755955666303635.
LOCAL_RANK: 0 - CUDA_VISIBLE_DEVICES: [0]
[I 2023-12-15 14:06:37,262] Trial 47 finished with value: 0.05918121337890625 and parameters: {'gradient_clip_val': 0.6095043855758446, 'hidden_size': 21, 'dropout': 0.23951242039651405, 'hidden_continuous_size': 9, 'attention_head_size': 2, 'learning_rate': 0.008535634481741864}. Best is trial 0 with value: 0.041755955666303635.
LOCAL_RANK: 0 - CUDA_VISIBLE_DEVICES: [0]
[I 2023-12-15 14:07:23,565] Trial 48 finished with value: 0.05042339488863945 and parameters: {'gradient_clip_val': 0.41630888179064185, 'hidden_size': 14, 'dropout': 0.27657101200386025, 'hidden_continuous_size': 7, 'attention_head_size': 3, 'learning_rate': 0.02485893869049397}. Best is trial 0 with value: 0.041755955666303635.
LOCAL_RANK: 0 - CUDA_VISIBLE_DEVICES: [0]
[I 2023-12-15 14:08:10,988] Trial 49 finished with value: 0.0500500351190567 and parameters: {'gradient_clip_val': 0.33624253881933747, 'hidden_size': 24, 'dropout': 0.3621363355764944, 'hidden_continuous_size': 12, 'attention_head_size': 1, 'learning_rate': 0.013554481057451568}. Best is trial 0 with value: 0.041755955666303635.
[I 2023-12-15 14:08:11,082] A new study created in memory with name: no-name-555fbb00-61e6-49c2-8e11-5c135e0ec492
/home/le004/conda/anaconda3/envs/tsff_env/lib/python3.9/site-packages/lightning/fabric/plugins/environments/slurm.py:191: The `srun` command is available on your system but is not used. HINT: If your intention is to run Lightning on SLURM, prepend your python command with `srun` like so: srun python /home/le004/master_thesis/git/TSFusionForecast/code/ ...
LOCAL_RANK: 0 - CUDA_VISIBLE_DEVICES: [0]
[I 2023-12-15 14:09:00,510] Trial 0 finished with value: 0.3128446936607361 and parameters: {'gradient_clip_val': 0.19565975184238069, 'hidden_size': 41, 'dropout': 0.2745986983875745, 'hidden_continuous_size': 5, 'attention_head_size': 2, 'learning_rate': 0.06318901995380936}. Best is trial 0 with value: 0.3128446936607361.
LOCAL_RANK: 0 - CUDA_VISIBLE_DEVICES: [0]
[I 2023-12-15 14:09:46,644] Trial 1 finished with value: 0.2948697507381439 and parameters: {'gradient_clip_val': 0.14354461354513356, 'hidden_size': 20, 'dropout': 0.15488043036400495, 'hidden_continuous_size': 5, 'attention_head_size': 2, 'learning_rate': 0.008544391451151509}. Best is trial 1 with value: 0.2948697507381439.
LOCAL_RANK: 0 - CUDA_VISIBLE_DEVICES: [0]
[I 2023-12-15 14:10:38,219] Trial 2 finished with value: 0.24265407025814056 and parameters: {'gradient_clip_val': 0.7648227780370522, 'hidden_size': 56, 'dropout': 0.3262532983517198, 'hidden_continuous_size': 18, 'attention_head_size': 1, 'learning_rate': 0.03182385223946466}. Best is trial 2 with value: 0.24265407025814056.
LOCAL_RANK: 0 - CUDA_VISIBLE_DEVICES: [0]
[I 2023-12-15 14:11:25,676] Trial 3 finished with value: 0.2734827995300293 and parameters: {'gradient_clip_val': 0.3771140906530378, 'hidden_size': 17, 'dropout': 0.14849635242778483, 'hidden_continuous_size': 10, 'attention_head_size': 3, 'learning_rate': 0.017059716868544385}. Best is trial 2 with value: 0.24265407025814056.
LOCAL_RANK: 0 - CUDA_VISIBLE_DEVICES: [0]
[I 2023-12-15 14:12:13,201] Trial 4 finished with value: 1.22083580493927 and parameters: {'gradient_clip_val': 0.1103826116750379, 'hidden_size': 19, 'dropout': 0.14365699994587158, 'hidden_continuous_size': 7, 'attention_head_size': 2, 'learning_rate': 0.0013195680983764796}. Best is trial 2 with value: 0.24265407025814056.
LOCAL_RANK: 0 - CUDA_VISIBLE_DEVICES: [0]
[I 2023-12-15 14:13:06,780] Trial 5 finished with value: 0.6989591121673584 and parameters: {'gradient_clip_val': 0.2943074063861226, 'hidden_size': 75, 'dropout': 0.10792570922103872, 'hidden_continuous_size': 9, 'attention_head_size': 4, 'learning_rate': 0.004505052937172051}. Best is trial 2 with value: 0.24265407025814056.
LOCAL_RANK: 0 - CUDA_VISIBLE_DEVICES: [0]
[I 2023-12-15 14:13:53,985] Trial 6 finished with value: 0.28787901997566223 and parameters: {'gradient_clip_val': 0.8219889778360541, 'hidden_size': 20, 'dropout': 0.21524551394461486, 'hidden_continuous_size': 19, 'attention_head_size': 1, 'learning_rate': 0.07102535167083067}. Best is trial 2 with value: 0.24265407025814056.
LOCAL_RANK: 0 - CUDA_VISIBLE_DEVICES: [0]
[I 2023-12-15 14:14:49,372] Trial 7 finished with value: 0.22705215215682983 and parameters: {'gradient_clip_val': 0.7894304247095757, 'hidden_size': 83, 'dropout': 0.3902156169593576, 'hidden_continuous_size': 49, 'attention_head_size': 1, 'learning_rate': 0.04829328911510874}. Best is trial 7 with value: 0.22705215215682983.
LOCAL_RANK: 0 - CUDA_VISIBLE_DEVICES: [0]
[I 2023-12-15 14:15:24,300] Trial 8 finished with value: 3.1451022624969482 and parameters: {'gradient_clip_val': 0.451327781191182, 'hidden_size': 5, 'dropout': 0.2887458005312964, 'hidden_continuous_size': 5, 'attention_head_size': 3, 'learning_rate': 0.0008660486679961784}. Best is trial 7 with value: 0.22705215215682983.
LOCAL_RANK: 0 - CUDA_VISIBLE_DEVICES: [0]
[I 2023-12-15 14:15:58,571] Trial 9 finished with value: 2.1002695560455322 and parameters: {'gradient_clip_val': 0.33767932582135507, 'hidden_size': 7, 'dropout': 0.3216517669573082, 'hidden_continuous_size': 7, 'attention_head_size': 2, 'learning_rate': 0.002034110434114099}. Best is trial 7 with value: 0.22705215215682983.
LOCAL_RANK: 0 - CUDA_VISIBLE_DEVICES: [0]
[I 2023-12-15 14:16:56,180] Trial 10 finished with value: 0.2590318024158478 and parameters: {'gradient_clip_val': 0.9832443546827344, 'hidden_size': 99, 'dropout': 0.39190439672720906, 'hidden_continuous_size': 81, 'attention_head_size': 1, 'learning_rate': 0.02375988976338478}. Best is trial 7 with value: 0.22705215215682983.
LOCAL_RANK: 0 - CUDA_VISIBLE_DEVICES: [0]
[I 2023-12-15 14:17:47,957] Trial 11 finished with value: 0.2593667805194855 and parameters: {'gradient_clip_val': 0.6621312893761245, 'hidden_size': 56, 'dropout': 0.39383672505820033, 'hidden_continuous_size': 29, 'attention_head_size': 1, 'learning_rate': 0.0983084520102323}. Best is trial 7 with value: 0.22705215215682983.
LOCAL_RANK: 0 - CUDA_VISIBLE_DEVICES: [0]
[I 2023-12-15 14:18:40,124] Trial 12 finished with value: 0.2349948137998581 and parameters: {'gradient_clip_val': 0.6105165553081946, 'hidden_size': 41, 'dropout': 0.3432570273189056, 'hidden_continuous_size': 22, 'attention_head_size': 1, 'learning_rate': 0.03519394503618309}. Best is trial 7 with value: 0.22705215215682983.
LOCAL_RANK: 0 - CUDA_VISIBLE_DEVICES: [0]
[I 2023-12-15 14:19:15,225] Trial 13 finished with value: 0.23907501995563507 and parameters: {'gradient_clip_val': 0.5723143246634443, 'hidden_size': 37, 'dropout': 0.3665961149935257, 'hidden_continuous_size': 37, 'attention_head_size': 1, 'learning_rate': 0.0345232812852302}. Best is trial 7 with value: 0.22705215215682983.
LOCAL_RANK: 0 - CUDA_VISIBLE_DEVICES: [0]
[I 2023-12-15 14:20:12,574] Trial 14 finished with value: 0.21757514774799347 and parameters: {'gradient_clip_val': 0.5342754033603676, 'hidden_size': 95, 'dropout': 0.34792621734471313, 'hidden_continuous_size': 56, 'attention_head_size': 4, 'learning_rate': 0.012679425129552164}. Best is trial 14 with value: 0.21757514774799347.
LOCAL_RANK: 0 - CUDA_VISIBLE_DEVICES: [0]
[I 2023-12-15 14:21:10,389] Trial 15 finished with value: 0.22689728438854218 and parameters: {'gradient_clip_val': 0.48816748547304106, 'hidden_size': 100, 'dropout': 0.399473328887738, 'hidden_continuous_size': 66, 'attention_head_size': 4, 'learning_rate': 0.012810841020942524}. Best is trial 14 with value: 0.21757514774799347.
LOCAL_RANK: 0 - CUDA_VISIBLE_DEVICES: [0]
[I 2023-12-15 14:21:48,041] Trial 16 finished with value: 0.21055956184864044 and parameters: {'gradient_clip_val': 0.4703031803125651, 'hidden_size': 96, 'dropout': 0.3561058049838872, 'hidden_continuous_size': 96, 'attention_head_size': 4, 'learning_rate': 0.012660946897499976}. Best is trial 16 with value: 0.21055956184864044.
LOCAL_RANK: 0 - CUDA_VISIBLE_DEVICES: [0]
[I 2023-12-15 14:22:43,412] Trial 17 finished with value: 0.24453513324260712 and parameters: {'gradient_clip_val': 0.24859081181643108, 'hidden_size': 68, 'dropout': 0.34121003783162474, 'hidden_continuous_size': 50, 'attention_head_size': 4, 'learning_rate': 0.004291090596757401}. Best is trial 16 with value: 0.21055956184864044.
LOCAL_RANK: 0 - CUDA_VISIBLE_DEVICES: [0]
[I 2023-12-15 14:23:32,991] Trial 18 finished with value: 0.2906332314014435 and parameters: {'gradient_clip_val': 0.4360255259649838, 'hidden_size': 29, 'dropout': 0.30165260394128685, 'hidden_continuous_size': 14, 'attention_head_size': 3, 'learning_rate': 0.012277710850986435}. Best is trial 16 with value: 0.21055956184864044.
LOCAL_RANK: 0 - CUDA_VISIBLE_DEVICES: [0]
[I 2023-12-15 14:24:27,922] Trial 19 finished with value: 0.21604780852794647 and parameters: {'gradient_clip_val': 0.5043167038844772, 'hidden_size': 64, 'dropout': 0.25002057516683696, 'hidden_continuous_size': 44, 'attention_head_size': 4, 'learning_rate': 0.007624065897570985}. Best is trial 16 with value: 0.21055956184864044.
LOCAL_RANK: 0 - CUDA_VISIBLE_DEVICES: [0]
[I 2023-12-15 14:25:22,139] Trial 20 finished with value: 0.9636465907096863 and parameters: {'gradient_clip_val': 0.35416314702720636, 'hidden_size': 62, 'dropout': 0.25060057032799493, 'hidden_continuous_size': 37, 'attention_head_size': 3, 'learning_rate': 0.0005002572397694847}. Best is trial 16 with value: 0.21055956184864044.
LOCAL_RANK: 0 - CUDA_VISIBLE_DEVICES: [0]
[I 2023-12-15 14:26:20,806] Trial 21 finished with value: 0.4792416989803314 and parameters: {'gradient_clip_val': 0.5609933402428466, 'hidden_size': 94, 'dropout': 0.3624697794279133, 'hidden_continuous_size': 92, 'attention_head_size': 4, 'learning_rate': 0.006964527854585355}. Best is trial 16 with value: 0.21055956184864044.
LOCAL_RANK: 0 - CUDA_VISIBLE_DEVICES: [0]
[I 2023-12-15 14:27:16,622] Trial 22 finished with value: 0.21916735172271729 and parameters: {'gradient_clip_val': 0.4898792960359715, 'hidden_size': 67, 'dropout': 0.30536892088770085, 'hidden_continuous_size': 53, 'attention_head_size': 4, 'learning_rate': 0.01876690586479781}. Best is trial 16 with value: 0.21055956184864044.
LOCAL_RANK: 0 - CUDA_VISIBLE_DEVICES: [0]
[I 2023-12-15 14:28:13,264] Trial 23 finished with value: 0.25116637349128723 and parameters: {'gradient_clip_val': 0.4132013312661124, 'hidden_size': 77, 'dropout': 0.2659657706568668, 'hidden_continuous_size': 63, 'attention_head_size': 4, 'learning_rate': 0.008087025400594638}. Best is trial 16 with value: 0.21055956184864044.
LOCAL_RANK: 0 - CUDA_VISIBLE_DEVICES: [0]
[I 2023-12-15 14:29:07,718] Trial 24 finished with value: 0.2679145336151123 and parameters: {'gradient_clip_val': 0.510798315144717, 'hidden_size': 53, 'dropout': 0.22593589431464012, 'hidden_continuous_size': 39, 'attention_head_size': 4, 'learning_rate': 0.005258928193728994}. Best is trial 16 with value: 0.21055956184864044.
LOCAL_RANK: 0 - CUDA_VISIBLE_DEVICES: [0]
[I 2023-12-15 14:30:05,822] Trial 25 finished with value: 0.5390180945396423 and parameters: {'gradient_clip_val': 0.6318919300041118, 'hidden_size': 98, 'dropout': 0.3577962693166146, 'hidden_continuous_size': 84, 'attention_head_size': 3, 'learning_rate': 0.01216239577181007}. Best is trial 16 with value: 0.21055956184864044.
LOCAL_RANK: 0 - CUDA_VISIBLE_DEVICES: [0]
[I 2023-12-15 14:31:02,020] Trial 26 finished with value: 0.4419877827167511 and parameters: {'gradient_clip_val': 0.39248655413410344, 'hidden_size': 73, 'dropout': 0.3105587945630627, 'hidden_continuous_size': 60, 'attention_head_size': 4, 'learning_rate': 0.0031867082019573965}. Best is trial 16 with value: 0.21055956184864044.
LOCAL_RANK: 0 - CUDA_VISIBLE_DEVICES: [0]
[I 2023-12-15 14:31:55,573] Trial 27 finished with value: 0.24755048751831055 and parameters: {'gradient_clip_val': 0.5165684121758569, 'hidden_size': 49, 'dropout': 0.3327636414118208, 'hidden_continuous_size': 30, 'attention_head_size': 3, 'learning_rate': 0.009684873594613636}. Best is trial 16 with value: 0.21055956184864044.
LOCAL_RANK: 0 - CUDA_VISIBLE_DEVICES: [0]
[I 2023-12-15 14:32:52,730] Trial 28 finished with value: 0.24384506046772003 and parameters: {'gradient_clip_val': 0.296241544073261, 'hidden_size': 80, 'dropout': 0.28518925693008534, 'hidden_continuous_size': 68, 'attention_head_size': 4, 'learning_rate': 0.017579554199480853}. Best is trial 16 with value: 0.21055956184864044.
LOCAL_RANK: 0 - CUDA_VISIBLE_DEVICES: [0]
[I 2023-12-15 14:33:45,234] Trial 29 finished with value: 0.25350114703178406 and parameters: {'gradient_clip_val': 0.2394960293315384, 'hidden_size': 44, 'dropout': 0.2716808995014417, 'hidden_continuous_size': 32, 'attention_head_size': 4, 'learning_rate': 0.007367525551199505}. Best is trial 16 with value: 0.21055956184864044.
LOCAL_RANK: 0 - CUDA_VISIBLE_DEVICES: [0]
[I 2023-12-15 14:34:39,722] Trial 30 finished with value: 0.49798551201820374 and parameters: {'gradient_clip_val': 0.4227229077991913, 'hidden_size': 60, 'dropout': 0.37629742874400385, 'hidden_continuous_size': 44, 'attention_head_size': 3, 'learning_rate': 0.005796374528693526}. Best is trial 16 with value: 0.21055956184864044.
LOCAL_RANK: 0 - CUDA_VISIBLE_DEVICES: [0]
[I 2023-12-15 14:35:34,773] Trial 31 finished with value: 0.16052281856536865 and parameters: {'gradient_clip_val': 0.4751498149090138, 'hidden_size': 68, 'dropout': 0.3054704031197626, 'hidden_continuous_size': 52, 'attention_head_size': 4, 'learning_rate': 0.019033571784432348}. Best is trial 31 with value: 0.16052281856536865.
LOCAL_RANK: 0 - CUDA_VISIBLE_DEVICES: [0]
[I 2023-12-15 14:36:31,327] Trial 32 finished with value: 0.3284081518650055 and parameters: {'gradient_clip_val': 0.5535721271808071, 'hidden_size': 81, 'dropout': 0.35252579752416346, 'hidden_continuous_size': 55, 'attention_head_size': 4, 'learning_rate': 0.010698491826828723}. Best is trial 31 with value: 0.16052281856536865.
LOCAL_RANK: 0 - CUDA_VISIBLE_DEVICES: [0]
[I 2023-12-15 14:37:25,791] Trial 33 finished with value: 0.18796110153198242 and parameters: {'gradient_clip_val': 0.698998236224098, 'hidden_size': 50, 'dropout': 0.32569909189978075, 'hidden_continuous_size': 41, 'attention_head_size': 4, 'learning_rate': 0.0211178276633059}. Best is trial 31 with value: 0.16052281856536865.
LOCAL_RANK: 0 - CUDA_VISIBLE_DEVICES: [0]
