[I 2023-12-15 16:11:13,971] Trial 49 finished with value: 0.10860089212656021 and parameters: {'gradient_clip_val': 0.14593418106139178, 'hidden_size': 61, 'dropout': 0.12945550823437318, 'hidden_continuous_size': 21, 'attention_head_size': 1, 'learning_rate': 0.007999610895628178}. Best is trial 4 with value: 0.06953340768814087.
[I 2023-12-15 16:11:14,063] A new study created in memory with name: no-name-9b8753fc-6bec-4cd3-94d1-ad71068e6db7
/home/le004/conda/anaconda3/envs/tsff_env/lib/python3.9/site-packages/lightning/fabric/plugins/environments/slurm.py:191: The `srun` command is available on your system but is not used. HINT: If your intention is to run Lightning on SLURM, prepend your python command with `srun` like so: srun python /home/le004/master_thesis/git/TSFusionForecast/code/ ...
LOCAL_RANK: 0 - CUDA_VISIBLE_DEVICES: [0]
[I 2023-12-15 16:12:05,732] Trial 0 finished with value: 0.09623059630393982 and parameters: {'gradient_clip_val': 0.32824148271524617, 'hidden_size': 71, 'dropout': 0.2302164171814832, 'hidden_continuous_size': 6, 'attention_head_size': 2, 'learning_rate': 0.0630146355269878}. Best is trial 0 with value: 0.09623059630393982.
LOCAL_RANK: 0 - CUDA_VISIBLE_DEVICES: [0]
[I 2023-12-15 16:12:57,921] Trial 1 finished with value: 0.05928005650639534 and parameters: {'gradient_clip_val': 0.5984639279610646, 'hidden_size': 46, 'dropout': 0.24102666816804932, 'hidden_continuous_size': 29, 'attention_head_size': 1, 'learning_rate': 0.020716974457864034}. Best is trial 1 with value: 0.05928005650639534.
LOCAL_RANK: 0 - CUDA_VISIBLE_DEVICES: [0]
[I 2023-12-15 16:13:52,480] Trial 2 finished with value: 0.061379026621580124 and parameters: {'gradient_clip_val': 0.32833034182899307, 'hidden_size': 50, 'dropout': 0.1813229255051967, 'hidden_continuous_size': 44, 'attention_head_size': 4, 'learning_rate': 0.001788792661466284}. Best is trial 1 with value: 0.05928005650639534.
LOCAL_RANK: 0 - CUDA_VISIBLE_DEVICES: [0]
[I 2023-12-15 16:14:47,860] Trial 3 finished with value: 0.08547761291265488 and parameters: {'gradient_clip_val': 0.23311200584942082, 'hidden_size': 91, 'dropout': 0.23958290604136676, 'hidden_continuous_size': 38, 'attention_head_size': 1, 'learning_rate': 0.023283811644668292}. Best is trial 1 with value: 0.05928005650639534.
LOCAL_RANK: 0 - CUDA_VISIBLE_DEVICES: [0]
[I 2023-12-15 16:15:33,050] Trial 4 finished with value: 0.045541126281023026 and parameters: {'gradient_clip_val': 0.4360431200513361, 'hidden_size': 9, 'dropout': 0.16955881308639775, 'hidden_continuous_size': 5, 'attention_head_size': 2, 'learning_rate': 0.021833281131187186}. Best is trial 4 with value: 0.045541126281023026.
LOCAL_RANK: 0 - CUDA_VISIBLE_DEVICES: [0]
[I 2023-12-15 16:16:19,421] Trial 5 finished with value: 0.06063254550099373 and parameters: {'gradient_clip_val': 0.14405844089405054, 'hidden_size': 13, 'dropout': 0.2601295660061113, 'hidden_continuous_size': 9, 'attention_head_size': 3, 'learning_rate': 0.012574982718325734}. Best is trial 4 with value: 0.045541126281023026.
LOCAL_RANK: 0 - CUDA_VISIBLE_DEVICES: [0]
[I 2023-12-15 16:17:13,399] Trial 6 finished with value: 0.10239557176828384 and parameters: {'gradient_clip_val': 0.13132710622794974, 'hidden_size': 74, 'dropout': 0.38565578712443493, 'hidden_continuous_size': 18, 'attention_head_size': 3, 'learning_rate': 0.022944905205507547}. Best is trial 4 with value: 0.045541126281023026.
LOCAL_RANK: 0 - CUDA_VISIBLE_DEVICES: [0]
[I 2023-12-15 16:17:47,399] Trial 7 finished with value: 0.07223132997751236 and parameters: {'gradient_clip_val': 0.13116698751366057, 'hidden_size': 14, 'dropout': 0.35846536634039605, 'hidden_continuous_size': 14, 'attention_head_size': 1, 'learning_rate': 0.04187217189570607}. Best is trial 4 with value: 0.045541126281023026.
LOCAL_RANK: 0 - CUDA_VISIBLE_DEVICES: [0]
[I 2023-12-15 16:18:21,426] Trial 8 finished with value: 0.05671324208378792 and parameters: {'gradient_clip_val': 0.41175537797395073, 'hidden_size': 5, 'dropout': 0.12473870058489041, 'hidden_continuous_size': 5, 'attention_head_size': 2, 'learning_rate': 0.03616864257635471}. Best is trial 4 with value: 0.045541126281023026.
LOCAL_RANK: 0 - CUDA_VISIBLE_DEVICES: [0]
[I 2023-12-15 16:19:06,809] Trial 9 finished with value: 0.06904292851686478 and parameters: {'gradient_clip_val': 0.17173304316673843, 'hidden_size': 6, 'dropout': 0.3138471585905779, 'hidden_continuous_size': 5, 'attention_head_size': 3, 'learning_rate': 0.0329772177161333}. Best is trial 4 with value: 0.045541126281023026.
LOCAL_RANK: 0 - CUDA_VISIBLE_DEVICES: [0]
[I 2023-12-15 16:19:56,382] Trial 10 finished with value: 0.05828983709216118 and parameters: {'gradient_clip_val': 0.9880784524388555, 'hidden_size': 25, 'dropout': 0.1063506966676438, 'hidden_continuous_size': 8, 'attention_head_size': 4, 'learning_rate': 0.005145001704587383}. Best is trial 4 with value: 0.045541126281023026.
LOCAL_RANK: 0 - CUDA_VISIBLE_DEVICES: [0]
[I 2023-12-15 16:20:30,104] Trial 11 finished with value: 0.05519893392920494 and parameters: {'gradient_clip_val': 0.4765027229967479, 'hidden_size': 5, 'dropout': 0.1173746119932646, 'hidden_continuous_size': 5, 'attention_head_size': 2, 'learning_rate': 0.09253948122887834}. Best is trial 4 with value: 0.045541126281023026.
LOCAL_RANK: 0 - CUDA_VISIBLE_DEVICES: [0]
[I 2023-12-15 16:21:15,044] Trial 12 finished with value: 0.08571535348892212 and parameters: {'gradient_clip_val': 0.514083885798686, 'hidden_size': 7, 'dropout': 0.1554580296060914, 'hidden_continuous_size': 5, 'attention_head_size': 2, 'learning_rate': 0.0789815950028919}. Best is trial 4 with value: 0.045541126281023026.
LOCAL_RANK: 0 - CUDA_VISIBLE_DEVICES: [0]
[I 2023-12-15 16:21:58,894] Trial 13 finished with value: 0.09139391034841537 and parameters: {'gradient_clip_val': 0.6038365931565989, 'hidden_size': 8, 'dropout': 0.15487957089250032, 'hidden_continuous_size': 5, 'attention_head_size': 2, 'learning_rate': 0.09473639813376476}. Best is trial 4 with value: 0.045541126281023026.
LOCAL_RANK: 0 - CUDA_VISIBLE_DEVICES: [0]
[I 2023-12-15 16:22:32,867] Trial 14 finished with value: 0.17463506758213043 and parameters: {'gradient_clip_val': 0.2137437264448904, 'hidden_size': 5, 'dropout': 0.10038943862952633, 'hidden_continuous_size': 5, 'attention_head_size': 2, 'learning_rate': 0.00865113002801626}. Best is trial 4 with value: 0.045541126281023026.
LOCAL_RANK: 0 - CUDA_VISIBLE_DEVICES: [0]
[I 2023-12-15 16:23:18,397] Trial 15 finished with value: 0.07472818344831467 and parameters: {'gradient_clip_val': 0.10032733210063596, 'hidden_size': 9, 'dropout': 0.18629367517666706, 'hidden_continuous_size': 6, 'attention_head_size': 3, 'learning_rate': 0.09690180667125818}. Best is trial 4 with value: 0.045541126281023026.
LOCAL_RANK: 0 - CUDA_VISIBLE_DEVICES: [0]
[I 2023-12-15 16:24:03,346] Trial 16 finished with value: 0.09907644987106323 and parameters: {'gradient_clip_val': 0.3902852600760267, 'hidden_size': 10, 'dropout': 0.13836708157621144, 'hidden_continuous_size': 6, 'attention_head_size': 1, 'learning_rate': 0.054857060813938145}. Best is trial 4 with value: 0.045541126281023026.
LOCAL_RANK: 0 - CUDA_VISIBLE_DEVICES: [0]
[I 2023-12-15 16:24:37,423] Trial 17 finished with value: 0.4858054220676422 and parameters: {'gradient_clip_val': 0.2514290646714523, 'hidden_size': 5, 'dropout': 0.19109464067165347, 'hidden_continuous_size': 5, 'attention_head_size': 2, 'learning_rate': 0.004621925427429087}. Best is trial 4 with value: 0.045541126281023026.
LOCAL_RANK: 0 - CUDA_VISIBLE_DEVICES: [0]
[I 2023-12-15 16:25:22,714] Trial 18 finished with value: 0.05231759324669838 and parameters: {'gradient_clip_val': 0.79029916765663, 'hidden_size': 7, 'dropout': 0.13267451904506494, 'hidden_continuous_size': 5, 'attention_head_size': 3, 'learning_rate': 0.01419568357052113}. Best is trial 4 with value: 0.045541126281023026.
LOCAL_RANK: 0 - CUDA_VISIBLE_DEVICES: [0]
[I 2023-12-15 16:26:10,288] Trial 19 finished with value: 0.0857074186205864 and parameters: {'gradient_clip_val': 0.7764905170672184, 'hidden_size': 18, 'dropout': 0.15639070491434526, 'hidden_continuous_size': 7, 'attention_head_size': 4, 'learning_rate': 0.010332103190497339}. Best is trial 4 with value: 0.045541126281023026.
LOCAL_RANK: 0 - CUDA_VISIBLE_DEVICES: [0]
[I 2023-12-15 16:26:55,976] Trial 20 finished with value: 2.50688099861145 and parameters: {'gradient_clip_val': 0.7447564011171038, 'hidden_size': 9, 'dropout': 0.20613061331219545, 'hidden_continuous_size': 6, 'attention_head_size': 3, 'learning_rate': 0.0007485334841621379}. Best is trial 4 with value: 0.045541126281023026.
LOCAL_RANK: 0 - CUDA_VISIBLE_DEVICES: [0]
[I 2023-12-15 16:27:40,812] Trial 21 finished with value: 0.057602476328611374 and parameters: {'gradient_clip_val': 0.470355692335278, 'hidden_size': 7, 'dropout': 0.1248047578373914, 'hidden_continuous_size': 5, 'attention_head_size': 2, 'learning_rate': 0.015235767183081672}. Best is trial 4 with value: 0.045541126281023026.
LOCAL_RANK: 0 - CUDA_VISIBLE_DEVICES: [0]
[I 2023-12-15 16:28:26,365] Trial 22 finished with value: 0.09630665928125381 and parameters: {'gradient_clip_val': 0.5054467986287677, 'hidden_size': 6, 'dropout': 0.1040107214223824, 'hidden_continuous_size': 5, 'attention_head_size': 3, 'learning_rate': 0.042370243663774836}. Best is trial 4 with value: 0.045541126281023026.
LOCAL_RANK: 0 - CUDA_VISIBLE_DEVICES: [0]
[I 2023-12-15 16:29:10,681] Trial 23 finished with value: 0.04631530120968819 and parameters: {'gradient_clip_val': 0.3943010109096203, 'hidden_size': 12, 'dropout': 0.14029258621966811, 'hidden_continuous_size': 6, 'attention_head_size': 2, 'learning_rate': 0.015964816326964976}. Best is trial 4 with value: 0.045541126281023026.
LOCAL_RANK: 0 - CUDA_VISIBLE_DEVICES: [0]
[I 2023-12-15 16:29:56,388] Trial 24 finished with value: 0.04877619072794914 and parameters: {'gradient_clip_val': 0.3075537839338264, 'hidden_size': 11, 'dropout': 0.14341516026203896, 'hidden_continuous_size': 6, 'attention_head_size': 3, 'learning_rate': 0.01562870033199234}. Best is trial 4 with value: 0.045541126281023026.
LOCAL_RANK: 0 - CUDA_VISIBLE_DEVICES: [0]
[I 2023-12-15 16:30:41,715] Trial 25 finished with value: 0.07907260209321976 and parameters: {'gradient_clip_val': 0.30181428425731177, 'hidden_size': 11, 'dropout': 0.16153854665526873, 'hidden_continuous_size': 6, 'attention_head_size': 2, 'learning_rate': 0.00729593777208562}. Best is trial 4 with value: 0.045541126281023026.
LOCAL_RANK: 0 - CUDA_VISIBLE_DEVICES: [0]
[I 2023-12-15 16:31:25,231] Trial 26 finished with value: 0.07976551353931427 and parameters: {'gradient_clip_val': 0.3777281174436048, 'hidden_size': 12, 'dropout': 0.2079886009809866, 'hidden_continuous_size': 6, 'attention_head_size': 1, 'learning_rate': 0.021447572762965952}. Best is trial 4 with value: 0.045541126281023026.
LOCAL_RANK: 0 - CUDA_VISIBLE_DEVICES: [0]
[I 2023-12-15 16:32:12,892] Trial 27 finished with value: 0.04905514046549797 and parameters: {'gradient_clip_val': 0.28080054658413045, 'hidden_size': 19, 'dropout': 0.14398153034155386, 'hidden_continuous_size': 7, 'attention_head_size': 3, 'learning_rate': 0.015406703231493039}. Best is trial 4 with value: 0.045541126281023026.
LOCAL_RANK: 0 - CUDA_VISIBLE_DEVICES: [0]
[I 2023-12-15 16:32:59,481] Trial 28 finished with value: 0.059308379888534546 and parameters: {'gradient_clip_val': 0.36087296912590955, 'hidden_size': 15, 'dropout': 0.17055422657835684, 'hidden_continuous_size': 7, 'attention_head_size': 4, 'learning_rate': 0.005966252190596529}. Best is trial 4 with value: 0.045541126281023026.
LOCAL_RANK: 0 - CUDA_VISIBLE_DEVICES: [0]
[I 2023-12-15 16:33:48,286] Trial 29 finished with value: 0.06261354684829712 and parameters: {'gradient_clip_val': 0.3229192700318618, 'hidden_size': 23, 'dropout': 0.21575110627475982, 'hidden_continuous_size': 9, 'attention_head_size': 2, 'learning_rate': 0.009258250806869582}. Best is trial 4 with value: 0.045541126281023026.
LOCAL_RANK: 0 - CUDA_VISIBLE_DEVICES: [0]
[I 2023-12-15 16:34:34,050] Trial 30 finished with value: 0.060592640191316605 and parameters: {'gradient_clip_val': 0.26745763191339195, 'hidden_size': 11, 'dropout': 0.14187439633258403, 'hidden_continuous_size': 6, 'attention_head_size': 3, 'learning_rate': 0.05522301485431544}. Best is trial 4 with value: 0.045541126281023026.
LOCAL_RANK: 0 - CUDA_VISIBLE_DEVICES: [0]
[I 2023-12-15 16:35:20,742] Trial 31 finished with value: 0.053465891629457474 and parameters: {'gradient_clip_val': 0.28067800324502923, 'hidden_size': 17, 'dropout': 0.14294098020740692, 'hidden_continuous_size': 7, 'attention_head_size': 3, 'learning_rate': 0.0278073216497223}. Best is trial 4 with value: 0.045541126281023026.
LOCAL_RANK: 0 - CUDA_VISIBLE_DEVICES: [0]
[I 2023-12-15 16:36:08,328] Trial 32 finished with value: 0.10929930210113525 and parameters: {'gradient_clip_val': 0.33264873458696165, 'hidden_size': 19, 'dropout': 0.12294535521474509, 'hidden_continuous_size': 7, 'attention_head_size': 3, 'learning_rate': 0.0157192742340271}. Best is trial 4 with value: 0.045541126281023026.
LOCAL_RANK: 0 - CUDA_VISIBLE_DEVICES: [0]
[I 2023-12-15 16:36:53,805] Trial 33 finished with value: 0.059714365750551224 and parameters: {'gradient_clip_val': 0.2967135523011027, 'hidden_size': 15, 'dropout': 0.18930519194090356, 'hidden_continuous_size': 7, 'attention_head_size': 2, 'learning_rate': 0.018150453186008043}. Best is trial 4 with value: 0.045541126281023026.
LOCAL_RANK: 0 - CUDA_VISIBLE_DEVICES: [0]
[I 2023-12-15 16:37:43,474] Trial 34 finished with value: 0.05806204304099083 and parameters: {'gradient_clip_val': 0.43851528178631877, 'hidden_size': 26, 'dropout': 0.16617968247528564, 'hidden_continuous_size': 8, 'attention_head_size': 4, 'learning_rate': 0.02665513085856061}. Best is trial 4 with value: 0.045541126281023026.
LOCAL_RANK: 0 - CUDA_VISIBLE_DEVICES: [0]
[I 2023-12-15 16:38:28,198] Trial 35 finished with value: 0.06799783557653427 and parameters: {'gradient_clip_val': 0.36005153618547014, 'hidden_size': 12, 'dropout': 0.17480456960269705, 'hidden_continuous_size': 6, 'attention_head_size': 3, 'learning_rate': 0.012296137020055114}. Best is trial 4 with value: 0.045541126281023026.
LOCAL_RANK: 0 - CUDA_VISIBLE_DEVICES: [0]
[I 2023-12-15 16:39:16,011] Trial 36 finished with value: 0.053353775292634964 and parameters: {'gradient_clip_val': 0.2294362681608966, 'hidden_size': 28, 'dropout': 0.14298845922153913, 'hidden_continuous_size': 9, 'attention_head_size': 1, 'learning_rate': 0.019320589108793525}. Best is trial 4 with value: 0.045541126281023026.
LOCAL_RANK: 0 - CUDA_VISIBLE_DEVICES: [0]
[I 2023-12-15 16:40:01,871] Trial 37 finished with value: 0.10696983337402344 and parameters: {'gradient_clip_val': 0.3391297453031674, 'hidden_size': 10, 'dropout': 0.18186214909707338, 'hidden_continuous_size': 6, 'attention_head_size': 3, 'learning_rate': 0.01168254454832677}. Best is trial 4 with value: 0.045541126281023026.
LOCAL_RANK: 0 - CUDA_VISIBLE_DEVICES: [0]
[I 2023-12-15 16:40:47,366] Trial 38 finished with value: 0.04841418191790581 and parameters: {'gradient_clip_val': 0.40359829726060953, 'hidden_size': 13, 'dropout': 0.23136935359649458, 'hidden_continuous_size': 7, 'attention_head_size': 2, 'learning_rate': 0.020416156316383844}. Best is trial 4 with value: 0.045541126281023026.
LOCAL_RANK: 0 - CUDA_VISIBLE_DEVICES: [0]
[I 2023-12-15 16:41:32,331] Trial 39 finished with value: 0.0605912059545517 and parameters: {'gradient_clip_val': 0.4300887728183308, 'hidden_size': 13, 'dropout': 0.25921218865167933, 'hidden_continuous_size': 6, 'attention_head_size': 2, 'learning_rate': 0.027984445536726694}. Best is trial 4 with value: 0.045541126281023026.
LOCAL_RANK: 0 - CUDA_VISIBLE_DEVICES: [0]
[I 2023-12-15 16:42:17,558] Trial 40 finished with value: 0.04846925660967827 and parameters: {'gradient_clip_val': 0.39686390042491104, 'hidden_size': 14, 'dropout': 0.2259494676043889, 'hidden_continuous_size': 8, 'attention_head_size': 1, 'learning_rate': 0.0211792189427436}. Best is trial 4 with value: 0.045541126281023026.
LOCAL_RANK: 0 - CUDA_VISIBLE_DEVICES: [0]
[I 2023-12-15 16:43:02,890] Trial 41 finished with value: 0.05619185045361519 and parameters: {'gradient_clip_val': 0.4089043107736796, 'hidden_size': 14, 'dropout': 0.22555617389476582, 'hidden_continuous_size': 8, 'attention_head_size': 1, 'learning_rate': 0.020358371570361588}. Best is trial 4 with value: 0.045541126281023026.
LOCAL_RANK: 0 - CUDA_VISIBLE_DEVICES: [0]
[I 2023-12-15 16:43:46,810] Trial 42 finished with value: 0.10037702322006226 and parameters: {'gradient_clip_val': 0.3811878393097281, 'hidden_size': 12, 'dropout': 0.24197709837961923, 'hidden_continuous_size': 8, 'attention_head_size': 1, 'learning_rate': 0.03374546022942222}. Best is trial 4 with value: 0.045541126281023026.
LOCAL_RANK: 0 - CUDA_VISIBLE_DEVICES: [0]
[I 2023-12-15 16:44:31,467] Trial 43 finished with value: 0.06925757974386215 and parameters: {'gradient_clip_val': 0.32057709562544506, 'hidden_size': 10, 'dropout': 0.2731328110363432, 'hidden_continuous_size': 6, 'attention_head_size': 1, 'learning_rate': 0.025909123265241578}. Best is trial 4 with value: 0.045541126281023026.
LOCAL_RANK: 0 - CUDA_VISIBLE_DEVICES: [0]
[I 2023-12-15 16:45:16,828] Trial 44 finished with value: 0.05007980763912201 and parameters: {'gradient_clip_val': 0.5695937799202209, 'hidden_size': 16, 'dropout': 0.19790439670580962, 'hidden_continuous_size': 9, 'attention_head_size': 2, 'learning_rate': 0.04248332109654399}. Best is trial 4 with value: 0.045541126281023026.
LOCAL_RANK: 0 - CUDA_VISIBLE_DEVICES: [0]
[I 2023-12-15 16:46:02,211] Trial 45 finished with value: 0.08292274922132492 and parameters: {'gradient_clip_val': 0.45118094158153393, 'hidden_size': 14, 'dropout': 0.23000743721295067, 'hidden_continuous_size': 10, 'attention_head_size': 1, 'learning_rate': 0.018532655576292696}. Best is trial 4 with value: 0.045541126281023026.
LOCAL_RANK: 0 - CUDA_VISIBLE_DEVICES: [0]
[I 2023-12-15 16:46:46,160] Trial 46 finished with value: 0.05001971125602722 and parameters: {'gradient_clip_val': 0.4253354532407818, 'hidden_size': 8, 'dropout': 0.17956688385781278, 'hidden_continuous_size': 5, 'attention_head_size': 2, 'learning_rate': 0.012367938316181087}. Best is trial 4 with value: 0.045541126281023026.
LOCAL_RANK: 0 - CUDA_VISIBLE_DEVICES: [0]
[I 2023-12-15 16:47:31,525] Trial 47 finished with value: 0.06900409609079361 and parameters: {'gradient_clip_val': 0.36523884358914804, 'hidden_size': 16, 'dropout': 0.20003420942734368, 'hidden_continuous_size': 10, 'attention_head_size': 2, 'learning_rate': 0.037344758903482725}. Best is trial 4 with value: 0.045541126281023026.
LOCAL_RANK: 0 - CUDA_VISIBLE_DEVICES: [0]
[I 2023-12-15 16:48:20,298] Trial 48 finished with value: 0.047404635697603226 and parameters: {'gradient_clip_val': 0.5256106747772129, 'hidden_size': 21, 'dropout': 0.2143411820405702, 'hidden_continuous_size': 11, 'attention_head_size': 2, 'learning_rate': 0.022375817834991832}. Best is trial 4 with value: 0.045541126281023026.
LOCAL_RANK: 0 - CUDA_VISIBLE_DEVICES: [0]
[I 2023-12-15 16:49:08,764] Trial 49 finished with value: 0.06143781915307045 and parameters: {'gradient_clip_val': 0.5344190130466837, 'hidden_size': 21, 'dropout': 0.2195854882510165, 'hidden_continuous_size': 11, 'attention_head_size': 2, 'learning_rate': 0.025404968690019028}. Best is trial 4 with value: 0.045541126281023026.
[I 2023-12-15 16:49:08,858] A new study created in memory with name: no-name-06cb2338-c4b8-477a-b2bb-cd6386270805
/home/le004/conda/anaconda3/envs/tsff_env/lib/python3.9/site-packages/lightning/fabric/plugins/environments/slurm.py:191: The `srun` command is available on your system but is not used. HINT: If your intention is to run Lightning on SLURM, prepend your python command with `srun` like so: srun python /home/le004/master_thesis/git/TSFusionForecast/code/ ...
LOCAL_RANK: 0 - CUDA_VISIBLE_DEVICES: [0]
[I 2023-12-15 16:49:43,822] Trial 0 finished with value: 1.3063242435455322 and parameters: {'gradient_clip_val': 0.6967174002680984, 'hidden_size': 6, 'dropout': 0.2982780781290127, 'hidden_continuous_size': 6, 'attention_head_size': 4, 'learning_rate': 0.0019858545647930834}. Best is trial 0 with value: 1.3063242435455322.
LOCAL_RANK: 0 - CUDA_VISIBLE_DEVICES: [0]
[I 2023-12-15 16:50:32,710] Trial 1 finished with value: 0.044099997729063034 and parameters: {'gradient_clip_val': 0.10107884661945292, 'hidden_size': 25, 'dropout': 0.21594984786878135, 'hidden_continuous_size': 15, 'attention_head_size': 1, 'learning_rate': 0.009187832908595484}. Best is trial 1 with value: 0.044099997729063034.
LOCAL_RANK: 0 - CUDA_VISIBLE_DEVICES: [0]
[I 2023-12-15 16:51:06,603] Trial 2 finished with value: 2.233299493789673 and parameters: {'gradient_clip_val': 0.6420119632019836, 'hidden_size': 5, 'dropout': 0.11127650986845462, 'hidden_continuous_size': 5, 'attention_head_size': 2, 'learning_rate': 0.0006193713819424316}. Best is trial 1 with value: 0.044099997729063034.
LOCAL_RANK: 0 - CUDA_VISIBLE_DEVICES: [0]
[I 2023-12-15 16:51:51,964] Trial 3 finished with value: 0.05138078331947327 and parameters: {'gradient_clip_val': 0.1414838502694342, 'hidden_size': 14, 'dropout': 0.13947288468061914, 'hidden_continuous_size': 5, 'attention_head_size': 2, 'learning_rate': 0.009503999407999305}. Best is trial 1 with value: 0.044099997729063034.
LOCAL_RANK: 0 - CUDA_VISIBLE_DEVICES: [0]
[I 2023-12-15 16:52:45,474] Trial 4 finished with value: 0.047908589243888855 and parameters: {'gradient_clip_val': 0.6905747801041169, 'hidden_size': 69, 'dropout': 0.2299488582762948, 'hidden_continuous_size': 31, 'attention_head_size': 1, 'learning_rate': 0.006029502075220654}. Best is trial 1 with value: 0.044099997729063034.
LOCAL_RANK: 0 - CUDA_VISIBLE_DEVICES: [0]
