[I 2023-12-15 21:43:53,838] Trial 47 finished with value: 0.02422461472451687 and parameters: {'gradient_clip_val': 0.15643792085610878, 'hidden_size': 20, 'dropout': 0.1878190685105173, 'hidden_continuous_size': 11, 'attention_head_size': 1, 'learning_rate': 0.059111977982646155}. Best is trial 24 with value: 0.013380383141338825.
LOCAL_RANK: 0 - CUDA_VISIBLE_DEVICES: [0]
[I 2023-12-15 21:44:41,171] Trial 48 finished with value: 0.030258482322096825 and parameters: {'gradient_clip_val': 0.13247410573717958, 'hidden_size': 24, 'dropout': 0.20618349838321076, 'hidden_continuous_size': 14, 'attention_head_size': 1, 'learning_rate': 0.08668047322801371}. Best is trial 24 with value: 0.013380383141338825.
LOCAL_RANK: 0 - CUDA_VISIBLE_DEVICES: [0]
[I 2023-12-15 21:45:32,393] Trial 49 finished with value: 0.02753797173500061 and parameters: {'gradient_clip_val': 0.17927983397131395, 'hidden_size': 36, 'dropout': 0.19980339556993565, 'hidden_continuous_size': 20, 'attention_head_size': 1, 'learning_rate': 0.03866316733419083}. Best is trial 24 with value: 0.013380383141338825.
[I 2023-12-15 21:45:32,488] A new study created in memory with name: no-name-395f1e67-0da7-4e05-9c4b-57d5309eb478
/home/le004/conda/anaconda3/envs/tsff_env/lib/python3.9/site-packages/lightning/fabric/plugins/environments/slurm.py:191: The `srun` command is available on your system but is not used. HINT: If your intention is to run Lightning on SLURM, prepend your python command with `srun` like so: srun python /home/le004/master_thesis/git/TSFusionForecast/code/ ...
LOCAL_RANK: 0 - CUDA_VISIBLE_DEVICES: [0]
[I 2023-12-15 21:46:21,275] Trial 0 finished with value: 0.8180258870124817 and parameters: {'gradient_clip_val': 0.3300511979873578, 'hidden_size': 18, 'dropout': 0.10151058313556931, 'hidden_continuous_size': 16, 'attention_head_size': 2, 'learning_rate': 0.008428296260064968}. Best is trial 0 with value: 0.8180258870124817.
LOCAL_RANK: 0 - CUDA_VISIBLE_DEVICES: [0]
[I 2023-12-15 21:47:16,551] Trial 1 finished with value: 1.386118769645691 and parameters: {'gradient_clip_val': 0.6663305027277633, 'hidden_size': 71, 'dropout': 0.32576699114274055, 'hidden_continuous_size': 53, 'attention_head_size': 3, 'learning_rate': 0.008380791765213558}. Best is trial 0 with value: 0.8180258870124817.
LOCAL_RANK: 0 - CUDA_VISIBLE_DEVICES: [0]
[I 2023-12-15 21:48:10,205] Trial 2 finished with value: 0.0747414231300354 and parameters: {'gradient_clip_val': 0.29827124677621997, 'hidden_size': 63, 'dropout': 0.3755890468072838, 'hidden_continuous_size': 16, 'attention_head_size': 3, 'learning_rate': 0.04176885023690903}. Best is trial 2 with value: 0.0747414231300354.
LOCAL_RANK: 0 - CUDA_VISIBLE_DEVICES: [0]
[I 2023-12-15 21:48:58,755] Trial 3 finished with value: 1.1953762769699097 and parameters: {'gradient_clip_val': 0.13576635319454522, 'hidden_size': 28, 'dropout': 0.38769538649276947, 'hidden_continuous_size': 15, 'attention_head_size': 3, 'learning_rate': 0.0012136239175873057}. Best is trial 2 with value: 0.0747414231300354.
LOCAL_RANK: 0 - CUDA_VISIBLE_DEVICES: [0]
[I 2023-12-15 21:49:47,184] Trial 4 finished with value: 0.35858261585235596 and parameters: {'gradient_clip_val': 0.2825657381502562, 'hidden_size': 18, 'dropout': 0.11111075507343203, 'hidden_continuous_size': 9, 'attention_head_size': 4, 'learning_rate': 0.010156384314632099}. Best is trial 2 with value: 0.0747414231300354.
LOCAL_RANK: 0 - CUDA_VISIBLE_DEVICES: [0]
[I 2023-12-15 21:50:37,948] Trial 5 finished with value: 0.15043558180332184 and parameters: {'gradient_clip_val': 0.5506501303344881, 'hidden_size': 55, 'dropout': 0.12062471030324978, 'hidden_continuous_size': 5, 'attention_head_size': 1, 'learning_rate': 0.016514173638349703}. Best is trial 2 with value: 0.0747414231300354.
LOCAL_RANK: 0 - CUDA_VISIBLE_DEVICES: [0]
[I 2023-12-15 21:51:34,054] Trial 6 finished with value: 0.1366395503282547 and parameters: {'gradient_clip_val': 0.7201763468330521, 'hidden_size': 86, 'dropout': 0.11781801720582519, 'hidden_continuous_size': 64, 'attention_head_size': 2, 'learning_rate': 0.006545154723093954}. Best is trial 2 with value: 0.0747414231300354.
LOCAL_RANK: 0 - CUDA_VISIBLE_DEVICES: [0]
[I 2023-12-15 21:52:09,962] Trial 7 finished with value: 1.4246859550476074 and parameters: {'gradient_clip_val': 0.2168796024102164, 'hidden_size': 5, 'dropout': 0.17522673229061814, 'hidden_continuous_size': 5, 'attention_head_size': 1, 'learning_rate': 0.0011144002127992973}. Best is trial 2 with value: 0.0747414231300354.
LOCAL_RANK: 0 - CUDA_VISIBLE_DEVICES: [0]
[I 2023-12-15 21:52:55,959] Trial 8 finished with value: 1.8416614532470703 and parameters: {'gradient_clip_val': 0.10985993655941217, 'hidden_size': 11, 'dropout': 0.12912012909946083, 'hidden_continuous_size': 8, 'attention_head_size': 2, 'learning_rate': 0.0007857529760548047}. Best is trial 2 with value: 0.0747414231300354.
LOCAL_RANK: 0 - CUDA_VISIBLE_DEVICES: [0]
[I 2023-12-15 21:53:52,118] Trial 9 finished with value: 0.5365944504737854 and parameters: {'gradient_clip_val': 0.6064229222751617, 'hidden_size': 94, 'dropout': 0.11234335623028024, 'hidden_continuous_size': 40, 'attention_head_size': 3, 'learning_rate': 0.005476720238583219}. Best is trial 2 with value: 0.0747414231300354.
LOCAL_RANK: 0 - CUDA_VISIBLE_DEVICES: [0]
[I 2023-12-15 21:54:45,241] Trial 10 finished with value: 0.11779561638832092 and parameters: {'gradient_clip_val': 0.9280149641120663, 'hidden_size': 39, 'dropout': 0.2730415894341174, 'hidden_continuous_size': 22, 'attention_head_size': 4, 'learning_rate': 0.07601365648417224}. Best is trial 2 with value: 0.0747414231300354.
LOCAL_RANK: 0 - CUDA_VISIBLE_DEVICES: [0]
[I 2023-12-15 21:55:38,551] Trial 11 finished with value: 0.5420512557029724 and parameters: {'gradient_clip_val': 0.9726433930759433, 'hidden_size': 46, 'dropout': 0.27737094051606415, 'hidden_continuous_size': 25, 'attention_head_size': 4, 'learning_rate': 0.09404169811808623}. Best is trial 2 with value: 0.0747414231300354.
LOCAL_RANK: 0 - CUDA_VISIBLE_DEVICES: [0]
[I 2023-12-15 21:56:31,886] Trial 12 finished with value: 0.07814841717481613 and parameters: {'gradient_clip_val': 0.3665690247989409, 'hidden_size': 41, 'dropout': 0.3728822608525494, 'hidden_continuous_size': 21, 'attention_head_size': 4, 'learning_rate': 0.08272064803410549}. Best is trial 2 with value: 0.0747414231300354.
LOCAL_RANK: 0 - CUDA_VISIBLE_DEVICES: [0]
[I 2023-12-15 21:57:25,153] Trial 13 finished with value: 0.7255409359931946 and parameters: {'gradient_clip_val': 0.4014128389045356, 'hidden_size': 43, 'dropout': 0.3998843146814688, 'hidden_continuous_size': 21, 'attention_head_size': 4, 'learning_rate': 0.04534149148299972}. Best is trial 2 with value: 0.0747414231300354.
LOCAL_RANK: 0 - CUDA_VISIBLE_DEVICES: [0]
[I 2023-12-15 21:58:22,696] Trial 14 finished with value: 0.2590283155441284 and parameters: {'gradient_clip_val': 0.22254263136329192, 'hidden_size': 100, 'dropout': 0.3551489572869093, 'hidden_continuous_size': 86, 'attention_head_size': 3, 'learning_rate': 0.0343682075952904}. Best is trial 2 with value: 0.0747414231300354.
LOCAL_RANK: 0 - CUDA_VISIBLE_DEVICES: [0]
[I 2023-12-15 21:59:16,655] Trial 15 finished with value: 0.06829758733510971 and parameters: {'gradient_clip_val': 0.429655450004223, 'hidden_size': 55, 'dropout': 0.3267428625184462, 'hidden_continuous_size': 31, 'attention_head_size': 4, 'learning_rate': 0.03538403388003692}. Best is trial 15 with value: 0.06829758733510971.
LOCAL_RANK: 0 - CUDA_VISIBLE_DEVICES: [0]
[I 2023-12-15 22:00:11,033] Trial 16 finished with value: 0.10374442487955093 and parameters: {'gradient_clip_val': 0.43885145894075395, 'hidden_size': 65, 'dropout': 0.3235933481948512, 'hidden_continuous_size': 31, 'attention_head_size': 3, 'learning_rate': 0.025879476066038933}. Best is trial 15 with value: 0.06829758733510971.
LOCAL_RANK: 0 - CUDA_VISIBLE_DEVICES: [0]
[I 2023-12-15 22:01:05,522] Trial 17 finished with value: 0.4995177090167999 and parameters: {'gradient_clip_val': 0.49510438409207197, 'hidden_size': 66, 'dropout': 0.3419045863339686, 'hidden_continuous_size': 32, 'attention_head_size': 4, 'learning_rate': 0.04521085882217162}. Best is trial 15 with value: 0.06829758733510971.
LOCAL_RANK: 0 - CUDA_VISIBLE_DEVICES: [0]
[I 2023-12-15 22:01:55,396] Trial 18 finished with value: 0.8811013698577881 and parameters: {'gradient_clip_val': 0.2999866228310529, 'hidden_size': 29, 'dropout': 0.29770230973108336, 'hidden_continuous_size': 16, 'attention_head_size': 3, 'learning_rate': 0.02089178776654805}. Best is trial 15 with value: 0.06829758733510971.
LOCAL_RANK: 0 - CUDA_VISIBLE_DEVICES: [0]
[I 2023-12-15 22:02:47,862] Trial 19 finished with value: 0.08396253734827042 and parameters: {'gradient_clip_val': 0.46351007096014685, 'hidden_size': 60, 'dropout': 0.36955306771902086, 'hidden_continuous_size': 13, 'attention_head_size': 2, 'learning_rate': 0.05146462687095253}. Best is trial 15 with value: 0.06829758733510971.
LOCAL_RANK: 0 - CUDA_VISIBLE_DEVICES: [0]
[I 2023-12-15 22:03:42,411] Trial 20 finished with value: 0.25581422448158264 and parameters: {'gradient_clip_val': 0.2394584642265682, 'hidden_size': 77, 'dropout': 0.22665717359886156, 'hidden_continuous_size': 32, 'attention_head_size': 4, 'learning_rate': 0.02031159164540526}. Best is trial 15 with value: 0.06829758733510971.
LOCAL_RANK: 0 - CUDA_VISIBLE_DEVICES: [0]
[I 2023-12-15 22:04:34,972] Trial 21 finished with value: 0.07491841912269592 and parameters: {'gradient_clip_val': 0.3707992133295883, 'hidden_size': 48, 'dropout': 0.37329748762575066, 'hidden_continuous_size': 20, 'attention_head_size': 4, 'learning_rate': 0.08705795830064872}. Best is trial 15 with value: 0.06829758733510971.
LOCAL_RANK: 0 - CUDA_VISIBLE_DEVICES: [0]
[I 2023-12-15 22:05:28,316] Trial 22 finished with value: 0.1427621841430664 and parameters: {'gradient_clip_val': 0.3954977981065354, 'hidden_size': 57, 'dropout': 0.35065747556126103, 'hidden_continuous_size': 12, 'attention_head_size': 4, 'learning_rate': 0.059702321439398846}. Best is trial 15 with value: 0.06829758733510971.
LOCAL_RANK: 0 - CUDA_VISIBLE_DEVICES: [0]
[I 2023-12-15 22:06:18,885] Trial 23 finished with value: 0.44501423835754395 and parameters: {'gradient_clip_val': 0.33719056347463466, 'hidden_size': 32, 'dropout': 0.39613236202636204, 'hidden_continuous_size': 18, 'attention_head_size': 3, 'learning_rate': 0.09410024784587633}. Best is trial 15 with value: 0.06829758733510971.
LOCAL_RANK: 0 - CUDA_VISIBLE_DEVICES: [0]
[I 2023-12-15 22:07:11,773] Trial 24 finished with value: 0.5211446285247803 and parameters: {'gradient_clip_val': 0.4939589011306654, 'hidden_size': 52, 'dropout': 0.3656060950961352, 'hidden_continuous_size': 26, 'attention_head_size': 4, 'learning_rate': 0.03461396225522701}. Best is trial 15 with value: 0.06829758733510971.
LOCAL_RANK: 0 - CUDA_VISIBLE_DEVICES: [0]
[I 2023-12-15 22:08:07,058] Trial 25 finished with value: 0.16264106333255768 and parameters: {'gradient_clip_val': 0.2726046406342808, 'hidden_size': 76, 'dropout': 0.32758473570291835, 'hidden_continuous_size': 41, 'attention_head_size': 3, 'learning_rate': 0.060554383000223234}. Best is trial 15 with value: 0.06829758733510971.
LOCAL_RANK: 0 - CUDA_VISIBLE_DEVICES: [0]
[I 2023-12-15 22:09:00,644] Trial 26 finished with value: 0.6025742888450623 and parameters: {'gradient_clip_val': 0.34725289741499715, 'hidden_size': 51, 'dropout': 0.3782568467786233, 'hidden_continuous_size': 19, 'attention_head_size': 4, 'learning_rate': 0.03113367837357998}. Best is trial 15 with value: 0.06829758733510971.
LOCAL_RANK: 0 - CUDA_VISIBLE_DEVICES: [0]
[I 2023-12-15 22:09:54,041] Trial 27 finished with value: 0.7045941352844238 and parameters: {'gradient_clip_val': 0.41214215304843965, 'hidden_size': 37, 'dropout': 0.3058586874803707, 'hidden_continuous_size': 18, 'attention_head_size': 4, 'learning_rate': 0.061812180356560296}. Best is trial 15 with value: 0.06829758733510971.
LOCAL_RANK: 0 - CUDA_VISIBLE_DEVICES: [0]
[I 2023-12-15 22:10:48,210] Trial 28 finished with value: 0.15099699795246124 and parameters: {'gradient_clip_val': 0.17789550745027657, 'hidden_size': 74, 'dropout': 0.3458286001214062, 'hidden_continuous_size': 25, 'attention_head_size': 3, 'learning_rate': 0.041348150423609516}. Best is trial 15 with value: 0.06829758733510971.
LOCAL_RANK: 0 - CUDA_VISIBLE_DEVICES: [0]
[I 2023-12-15 22:11:37,354] Trial 29 finished with value: 1.8091058731079102 and parameters: {'gradient_clip_val': 0.31419845796222284, 'hidden_size': 25, 'dropout': 0.3801848756155282, 'hidden_continuous_size': 15, 'attention_head_size': 2, 'learning_rate': 0.09647540511004944}. Best is trial 15 with value: 0.06829758733510971.
LOCAL_RANK: 0 - CUDA_VISIBLE_DEVICES: [0]
[I 2023-12-15 22:12:29,482] Trial 30 finished with value: 0.18244339525699615 and parameters: {'gradient_clip_val': 0.36437113781501873, 'hidden_size': 35, 'dropout': 0.3598611238166677, 'hidden_continuous_size': 19, 'attention_head_size': 1, 'learning_rate': 0.01557960785679822}. Best is trial 15 with value: 0.06829758733510971.
LOCAL_RANK: 0 - CUDA_VISIBLE_DEVICES: [0]
[I 2023-12-15 22:13:21,952] Trial 31 finished with value: 0.1274661272764206 and parameters: {'gradient_clip_val': 0.343775862794588, 'hidden_size': 44, 'dropout': 0.37865500552370296, 'hidden_continuous_size': 24, 'attention_head_size': 4, 'learning_rate': 0.07031334324761755}. Best is trial 15 with value: 0.06829758733510971.
LOCAL_RANK: 0 - CUDA_VISIBLE_DEVICES: [0]
[I 2023-12-15 22:14:15,110] Trial 32 finished with value: 0.09624160081148148 and parameters: {'gradient_clip_val': 0.41115018012520693, 'hidden_size': 46, 'dropout': 0.36503318851766337, 'hidden_continuous_size': 21, 'attention_head_size': 4, 'learning_rate': 0.0731960884494834}. Best is trial 15 with value: 0.06829758733510971.
LOCAL_RANK: 0 - CUDA_VISIBLE_DEVICES: [0]
[I 2023-12-15 22:15:09,077] Trial 33 finished with value: 0.41875159740448 and parameters: {'gradient_clip_val': 0.27807406777853416, 'hidden_size': 62, 'dropout': 0.3927481014504718, 'hidden_continuous_size': 28, 'attention_head_size': 4, 'learning_rate': 0.04649283618577556}. Best is trial 15 with value: 0.06829758733510971.
LOCAL_RANK: 0 - CUDA_VISIBLE_DEVICES: [0]
[I 2023-12-15 22:16:01,498] Trial 34 finished with value: 0.16545338928699493 and parameters: {'gradient_clip_val': 0.36738665604119725, 'hidden_size': 37, 'dropout': 0.3286097657278593, 'hidden_continuous_size': 21, 'attention_head_size': 3, 'learning_rate': 0.029140371547910417}. Best is trial 15 with value: 0.06829758733510971.
LOCAL_RANK: 0 - CUDA_VISIBLE_DEVICES: [0]
[I 2023-12-15 22:16:57,302] Trial 35 finished with value: 0.5359662175178528 and parameters: {'gradient_clip_val': 0.5385139625696828, 'hidden_size': 83, 'dropout': 0.3409478329515715, 'hidden_continuous_size': 38, 'attention_head_size': 4, 'learning_rate': 0.07342133348497741}. Best is trial 15 with value: 0.06829758733510971.
LOCAL_RANK: 0 - CUDA_VISIBLE_DEVICES: [0]
[I 2023-12-15 22:17:50,702] Trial 36 finished with value: 0.1298971176147461 and parameters: {'gradient_clip_val': 0.30623511475340165, 'hidden_size': 54, 'dropout': 0.3772551111492594, 'hidden_continuous_size': 29, 'attention_head_size': 3, 'learning_rate': 0.05400554836295589}. Best is trial 15 with value: 0.06829758733510971.
LOCAL_RANK: 0 - CUDA_VISIBLE_DEVICES: [0]
[I 2023-12-15 22:18:40,699] Trial 37 finished with value: 0.11744242161512375 and parameters: {'gradient_clip_val': 0.46623319639447347, 'hidden_size': 26, 'dropout': 0.3953489378069482, 'hidden_continuous_size': 17, 'attention_head_size': 4, 'learning_rate': 0.037489772727270054}. Best is trial 15 with value: 0.06829758733510971.
LOCAL_RANK: 0 - CUDA_VISIBLE_DEVICES: [0]
[I 2023-12-15 22:19:34,275] Trial 38 finished with value: 0.13207314908504486 and parameters: {'gradient_clip_val': 0.25802411550003573, 'hidden_size': 67, 'dropout': 0.36402194026765083, 'hidden_continuous_size': 13, 'attention_head_size': 4, 'learning_rate': 0.09409560743808533}. Best is trial 15 with value: 0.06829758733510971.
LOCAL_RANK: 0 - CUDA_VISIBLE_DEVICES: [0]
[I 2023-12-15 22:20:23,916] Trial 39 finished with value: 1.9876657724380493 and parameters: {'gradient_clip_val': 0.31627382212233573, 'hidden_size': 21, 'dropout': 0.350902661321538, 'hidden_continuous_size': 16, 'attention_head_size': 3, 'learning_rate': 0.01213173348119287}. Best is trial 15 with value: 0.06829758733510971.
LOCAL_RANK: 0 - CUDA_VISIBLE_DEVICES: [0]
[I 2023-12-15 22:21:17,332] Trial 40 finished with value: 0.14317284524440765 and parameters: {'gradient_clip_val': 0.5742179520945387, 'hidden_size': 88, 'dropout': 0.38439749051135796, 'hidden_continuous_size': 11, 'attention_head_size': 4, 'learning_rate': 0.02539193025411473}. Best is trial 15 with value: 0.06829758733510971.
LOCAL_RANK: 0 - CUDA_VISIBLE_DEVICES: [0]
[I 2023-12-15 22:22:10,394] Trial 41 finished with value: 0.12475814670324326 and parameters: {'gradient_clip_val': 0.48436201826017183, 'hidden_size': 59, 'dropout': 0.36752548499310655, 'hidden_continuous_size': 14, 'attention_head_size': 2, 'learning_rate': 0.052888260653335066}. Best is trial 15 with value: 0.06829758733510971.
LOCAL_RANK: 0 - CUDA_VISIBLE_DEVICES: [0]
[I 2023-12-15 22:23:02,870] Trial 42 finished with value: 0.321539968252182 and parameters: {'gradient_clip_val': 0.4415892351644637, 'hidden_size': 50, 'dropout': 0.3717432482080044, 'hidden_continuous_size': 14, 'attention_head_size': 2, 'learning_rate': 0.047479953077297916}. Best is trial 15 with value: 0.06829758733510971.
LOCAL_RANK: 0 - CUDA_VISIBLE_DEVICES: [0]
[I 2023-12-15 22:23:54,890] Trial 43 finished with value: 0.09921804815530777 and parameters: {'gradient_clip_val': 0.3768286777496624, 'hidden_size': 41, 'dropout': 0.3355910090550517, 'hidden_continuous_size': 16, 'attention_head_size': 2, 'learning_rate': 0.07441153274229491}. Best is trial 15 with value: 0.06829758733510971.
LOCAL_RANK: 0 - CUDA_VISIBLE_DEVICES: [0]
[I 2023-12-15 22:24:47,252] Trial 44 finished with value: 0.28611576557159424 and parameters: {'gradient_clip_val': 0.6970607875626158, 'hidden_size': 61, 'dropout': 0.39962638499551845, 'hidden_continuous_size': 11, 'attention_head_size': 1, 'learning_rate': 0.04035243733156235}. Best is trial 15 with value: 0.06829758733510971.
LOCAL_RANK: 0 - CUDA_VISIBLE_DEVICES: [0]
[I 2023-12-15 22:25:41,015] Trial 45 finished with value: 0.1224876344203949 and parameters: {'gradient_clip_val': 0.4224926076471544, 'hidden_size': 49, 'dropout': 0.35348968145306014, 'hidden_continuous_size': 22, 'attention_head_size': 2, 'learning_rate': 0.05538006227061719}. Best is trial 15 with value: 0.06829758733510971.
LOCAL_RANK: 0 - CUDA_VISIBLE_DEVICES: [0]
[I 2023-12-15 22:26:34,472] Trial 46 finished with value: 0.10561887174844742 and parameters: {'gradient_clip_val': 0.6293359302438314, 'hidden_size': 74, 'dropout': 0.38302416169845194, 'hidden_continuous_size': 8, 'attention_head_size': 2, 'learning_rate': 0.07987846985430143}. Best is trial 15 with value: 0.06829758733510971.
LOCAL_RANK: 0 - CUDA_VISIBLE_DEVICES: [0]
[I 2023-12-15 22:27:29,066] Trial 47 finished with value: 0.0879589095711708 and parameters: {'gradient_clip_val': 0.5390835227505821, 'hidden_size': 98, 'dropout': 0.35827546534681604, 'hidden_continuous_size': 23, 'attention_head_size': 1, 'learning_rate': 0.03427495526131272}. Best is trial 15 with value: 0.06829758733510971.
LOCAL_RANK: 0 - CUDA_VISIBLE_DEVICES: [0]
[I 2023-12-15 22:28:20,726] Trial 48 finished with value: 0.10639184713363647 and parameters: {'gradient_clip_val': 0.37805081564509946, 'hidden_size': 40, 'dropout': 0.33654134272058783, 'hidden_continuous_size': 20, 'attention_head_size': 3, 'learning_rate': 0.02522517589257614}. Best is trial 15 with value: 0.06829758733510971.
LOCAL_RANK: 0 - CUDA_VISIBLE_DEVICES: [0]
[I 2023-12-15 22:29:13,503] Trial 49 finished with value: 1.0846576690673828 and parameters: {'gradient_clip_val': 0.44873686763856596, 'hidden_size': 56, 'dropout': 0.31462999747604725, 'hidden_continuous_size': 18, 'attention_head_size': 4, 'learning_rate': 0.06394170610437525}. Best is trial 15 with value: 0.06829758733510971.
[I 2023-12-15 22:29:13,614] A new study created in memory with name: no-name-3fd5c2da-f3d6-4c95-96f7-113a02c07d0d
/home/le004/conda/anaconda3/envs/tsff_env/lib/python3.9/site-packages/lightning/fabric/plugins/environments/slurm.py:191: The `srun` command is available on your system but is not used. HINT: If your intention is to run Lightning on SLURM, prepend your python command with `srun` like so: srun python /home/le004/master_thesis/git/TSFusionForecast/code/ ...
LOCAL_RANK: 0 - CUDA_VISIBLE_DEVICES: [0]
[I 2023-12-15 22:30:00,626] Trial 0 finished with value: 0.17958812415599823 and parameters: {'gradient_clip_val': 0.45506007142561644, 'hidden_size': 14, 'dropout': 0.11409640524623889, 'hidden_continuous_size': 10, 'attention_head_size': 4, 'learning_rate': 0.07702512041174797}. Best is trial 0 with value: 0.17958812415599823.
LOCAL_RANK: 0 - CUDA_VISIBLE_DEVICES: [0]
[I 2023-12-15 22:30:46,075] Trial 1 finished with value: 0.2632885277271271 and parameters: {'gradient_clip_val': 0.24310449311047985, 'hidden_size': 6, 'dropout': 0.35587866236605514, 'hidden_continuous_size': 5, 'attention_head_size': 1, 'learning_rate': 0.08049761687515922}. Best is trial 0 with value: 0.17958812415599823.
LOCAL_RANK: 0 - CUDA_VISIBLE_DEVICES: [0]
[I 2023-12-15 22:31:34,506] Trial 2 finished with value: 0.38686516880989075 and parameters: {'gradient_clip_val': 0.24074802136542764, 'hidden_size': 28, 'dropout': 0.1436294563224857, 'hidden_continuous_size': 15, 'attention_head_size': 2, 'learning_rate': 0.06439925557447683}. Best is trial 0 with value: 0.17958812415599823.
LOCAL_RANK: 0 - CUDA_VISIBLE_DEVICES: [0]
