[I 2023-12-16 02:46:27,935] Trial 9 finished with value: 1016.6649780273438 and parameters: {'gradient_clip_val': 0.38976049107153476, 'hidden_size': 54, 'dropout': 0.15892720774873645, 'hidden_continuous_size': 6, 'attention_head_size': 4, 'learning_rate': 0.004416438822727139}. Best is trial 5 with value: 760.0671997070312.
LOCAL_RANK: 0 - CUDA_VISIBLE_DEVICES: [0]
[I 2023-12-16 02:47:13,575] Trial 10 finished with value: 1065.6866455078125 and parameters: {'gradient_clip_val': 0.10060329328712807, 'hidden_size': 14, 'dropout': 0.108631771288006, 'hidden_continuous_size': 9, 'attention_head_size': 2, 'learning_rate': 0.017550007845678953}. Best is trial 5 with value: 760.0671997070312.
LOCAL_RANK: 0 - CUDA_VISIBLE_DEVICES: [0]
[I 2023-12-16 02:47:48,740] Trial 11 finished with value: 2222.88427734375 and parameters: {'gradient_clip_val': 0.2247611953837705, 'hidden_size': 26, 'dropout': 0.33600390667270263, 'hidden_continuous_size': 26, 'attention_head_size': 3, 'learning_rate': 0.025419341648403048}. Best is trial 5 with value: 760.0671997070312.
LOCAL_RANK: 0 - CUDA_VISIBLE_DEVICES: [0]
[I 2023-12-16 02:48:36,783] Trial 12 finished with value: 5528.29931640625 and parameters: {'gradient_clip_val': 0.21761545320808162, 'hidden_size': 24, 'dropout': 0.32988877004190886, 'hidden_continuous_size': 19, 'attention_head_size': 4, 'learning_rate': 0.01525846433071214}. Best is trial 5 with value: 760.0671997070312.
LOCAL_RANK: 0 - CUDA_VISIBLE_DEVICES: [0]
[I 2023-12-16 02:49:21,894] Trial 13 finished with value: 805.4120483398438 and parameters: {'gradient_clip_val': 0.25528596228126965, 'hidden_size': 16, 'dropout': 0.3924831037422515, 'hidden_continuous_size': 9, 'attention_head_size': 3, 'learning_rate': 0.041231286123319465}. Best is trial 5 with value: 760.0671997070312.
LOCAL_RANK: 0 - CUDA_VISIBLE_DEVICES: [0]
[I 2023-12-16 02:49:56,616] Trial 14 finished with value: 1037.0234375 and parameters: {'gradient_clip_val': 0.17992987906825286, 'hidden_size': 34, 'dropout': 0.100073366350108, 'hidden_continuous_size': 34, 'attention_head_size': 2, 'learning_rate': 0.0961249265036291}. Best is trial 5 with value: 760.0671997070312.
LOCAL_RANK: 0 - CUDA_VISIBLE_DEVICES: [0]
[I 2023-12-16 02:50:46,773] Trial 15 finished with value: 2219.699462890625 and parameters: {'gradient_clip_val': 0.1593502494781127, 'hidden_size': 32, 'dropout': 0.14880337010291297, 'hidden_continuous_size': 19, 'attention_head_size': 3, 'learning_rate': 0.010381368282924028}. Best is trial 5 with value: 760.0671997070312.
LOCAL_RANK: 0 - CUDA_VISIBLE_DEVICES: [0]
[I 2023-12-16 02:51:34,796] Trial 16 finished with value: 1283.5157470703125 and parameters: {'gradient_clip_val': 0.29602317162802494, 'hidden_size': 19, 'dropout': 0.2921997413602469, 'hidden_continuous_size': 11, 'attention_head_size': 2, 'learning_rate': 0.038421278015577376}. Best is trial 5 with value: 760.0671997070312.
LOCAL_RANK: 0 - CUDA_VISIBLE_DEVICES: [0]
[I 2023-12-16 02:52:20,770] Trial 17 finished with value: 713.6741333007812 and parameters: {'gradient_clip_val': 0.29958376268231124, 'hidden_size': 11, 'dropout': 0.20236147561609594, 'hidden_continuous_size': 8, 'attention_head_size': 4, 'learning_rate': 0.025577451555064173}. Best is trial 17 with value: 713.6741333007812.
LOCAL_RANK: 0 - CUDA_VISIBLE_DEVICES: [0]
[I 2023-12-16 02:53:06,398] Trial 18 finished with value: 1316.328125 and parameters: {'gradient_clip_val': 0.1426280906967165, 'hidden_size': 9, 'dropout': 0.2082181555615113, 'hidden_continuous_size': 5, 'attention_head_size': 4, 'learning_rate': 0.008496603991874267}. Best is trial 17 with value: 713.6741333007812.
LOCAL_RANK: 0 - CUDA_VISIBLE_DEVICES: [0]
[I 2023-12-16 02:53:40,592] Trial 19 finished with value: 691.0621948242188 and parameters: {'gradient_clip_val': 0.12971861628379286, 'hidden_size': 5, 'dropout': 0.13940389784036775, 'hidden_continuous_size': 5, 'attention_head_size': 4, 'learning_rate': 0.019965019891333875}. Best is trial 19 with value: 691.0621948242188.
LOCAL_RANK: 0 - CUDA_VISIBLE_DEVICES: [0]
[I 2023-12-16 02:54:14,646] Trial 20 finished with value: 549.8258666992188 and parameters: {'gradient_clip_val': 0.2881817127331128, 'hidden_size': 5, 'dropout': 0.18042888132693818, 'hidden_continuous_size': 5, 'attention_head_size': 4, 'learning_rate': 0.019010011254594}. Best is trial 20 with value: 549.8258666992188.
LOCAL_RANK: 0 - CUDA_VISIBLE_DEVICES: [0]
[I 2023-12-16 02:55:00,444] Trial 21 finished with value: 1511.2359619140625 and parameters: {'gradient_clip_val': 0.28836979287574155, 'hidden_size': 6, 'dropout': 0.18082163711042257, 'hidden_continuous_size': 5, 'attention_head_size': 4, 'learning_rate': 0.019298325855104256}. Best is trial 20 with value: 549.8258666992188.
LOCAL_RANK: 0 - CUDA_VISIBLE_DEVICES: [0]
[I 2023-12-16 02:55:34,445] Trial 22 finished with value: 3397.975341796875 and parameters: {'gradient_clip_val': 0.19010288308647322, 'hidden_size': 5, 'dropout': 0.13037603313271018, 'hidden_continuous_size': 5, 'attention_head_size': 4, 'learning_rate': 0.012860987086320027}. Best is trial 20 with value: 549.8258666992188.
LOCAL_RANK: 0 - CUDA_VISIBLE_DEVICES: [0]
[I 2023-12-16 02:56:08,687] Trial 23 finished with value: 849.4287109375 and parameters: {'gradient_clip_val': 0.25732249036165694, 'hidden_size': 5, 'dropout': 0.18323563174514987, 'hidden_continuous_size': 5, 'attention_head_size': 4, 'learning_rate': 0.02468844589745372}. Best is trial 20 with value: 549.8258666992188.
LOCAL_RANK: 0 - CUDA_VISIBLE_DEVICES: [0]
[I 2023-12-16 02:56:54,120] Trial 24 finished with value: 2751.877197265625 and parameters: {'gradient_clip_val': 0.1515882840376823, 'hidden_size': 9, 'dropout': 0.12226937941840343, 'hidden_continuous_size': 6, 'attention_head_size': 4, 'learning_rate': 0.008366767028374316}. Best is trial 20 with value: 549.8258666992188.
LOCAL_RANK: 0 - CUDA_VISIBLE_DEVICES: [0]
[I 2023-12-16 02:57:39,454] Trial 25 finished with value: 841.8727416992188 and parameters: {'gradient_clip_val': 0.33147277517836066, 'hidden_size': 7, 'dropout': 0.134761857965202, 'hidden_continuous_size': 5, 'attention_head_size': 4, 'learning_rate': 0.013584639516690417}. Best is trial 20 with value: 549.8258666992188.
LOCAL_RANK: 0 - CUDA_VISIBLE_DEVICES: [0]
[I 2023-12-16 02:58:24,812] Trial 26 finished with value: 423.2924499511719 and parameters: {'gradient_clip_val': 0.20989407435106694, 'hidden_size': 11, 'dropout': 0.16443227810220665, 'hidden_continuous_size': 6, 'attention_head_size': 3, 'learning_rate': 0.0060888858868806935}. Best is trial 26 with value: 423.2924499511719.
LOCAL_RANK: 0 - CUDA_VISIBLE_DEVICES: [0]
[I 2023-12-16 02:58:58,805] Trial 27 finished with value: 1169.7252197265625 and parameters: {'gradient_clip_val': 0.20799907273608342, 'hidden_size': 5, 'dropout': 0.16347211898064196, 'hidden_continuous_size': 5, 'attention_head_size': 3, 'learning_rate': 0.006080111006609476}. Best is trial 26 with value: 423.2924499511719.
LOCAL_RANK: 0 - CUDA_VISIBLE_DEVICES: [0]
[I 2023-12-16 02:59:43,534] Trial 28 finished with value: 509.8340148925781 and parameters: {'gradient_clip_val': 0.180773818839778, 'hidden_size': 7, 'dropout': 0.13243016653113104, 'hidden_continuous_size': 5, 'attention_head_size': 3, 'learning_rate': 0.0055244658102203276}. Best is trial 26 with value: 423.2924499511719.
LOCAL_RANK: 0 - CUDA_VISIBLE_DEVICES: [0]
[I 2023-12-16 03:00:28,530] Trial 29 finished with value: 3130.502197265625 and parameters: {'gradient_clip_val': 0.17485174817384627, 'hidden_size': 7, 'dropout': 0.11443330945971592, 'hidden_continuous_size': 5, 'attention_head_size': 3, 'learning_rate': 0.004618887808841798}. Best is trial 26 with value: 423.2924499511719.
LOCAL_RANK: 0 - CUDA_VISIBLE_DEVICES: [0]
[I 2023-12-16 03:01:13,726] Trial 30 finished with value: 590.3323364257812 and parameters: {'gradient_clip_val': 0.25422599087462733, 'hidden_size': 10, 'dropout': 0.16721471300956856, 'hidden_continuous_size': 6, 'attention_head_size': 3, 'learning_rate': 0.003100220842095974}. Best is trial 26 with value: 423.2924499511719.
LOCAL_RANK: 0 - CUDA_VISIBLE_DEVICES: [0]
[I 2023-12-16 03:01:59,149] Trial 31 finished with value: 3649.505859375 and parameters: {'gradient_clip_val': 0.24055500567701832, 'hidden_size': 9, 'dropout': 0.16304600637270122, 'hidden_continuous_size': 6, 'attention_head_size': 3, 'learning_rate': 0.0028500989226869435}. Best is trial 26 with value: 423.2924499511719.
LOCAL_RANK: 0 - CUDA_VISIBLE_DEVICES: [0]
[I 2023-12-16 03:02:44,273] Trial 32 finished with value: 1447.5159912109375 and parameters: {'gradient_clip_val': 0.20028657809466427, 'hidden_size': 11, 'dropout': 0.13051314049408255, 'hidden_continuous_size': 6, 'attention_head_size': 3, 'learning_rate': 0.006439843672874733}. Best is trial 26 with value: 423.2924499511719.
LOCAL_RANK: 0 - CUDA_VISIBLE_DEVICES: [0]
[I 2023-12-16 03:03:28,529] Trial 33 finished with value: 1569.1328125 and parameters: {'gradient_clip_val': 0.2673522426894974, 'hidden_size': 7, 'dropout': 0.1892111331217036, 'hidden_continuous_size': 6, 'attention_head_size': 2, 'learning_rate': 0.0027766912620144804}. Best is trial 26 with value: 423.2924499511719.
LOCAL_RANK: 0 - CUDA_VISIBLE_DEVICES: [0]
[I 2023-12-16 03:04:13,980] Trial 34 finished with value: 2460.81005859375 and parameters: {'gradient_clip_val': 0.22944984739569585, 'hidden_size': 13, 'dropout': 0.16444736117777511, 'hidden_continuous_size': 7, 'attention_head_size': 3, 'learning_rate': 0.0016343749859496794}. Best is trial 26 with value: 423.2924499511719.
LOCAL_RANK: 0 - CUDA_VISIBLE_DEVICES: [0]
[I 2023-12-16 03:04:58,834] Trial 35 finished with value: 2862.068115234375 and parameters: {'gradient_clip_val': 0.1710643260441332, 'hidden_size': 6, 'dropout': 0.22308454073509698, 'hidden_continuous_size': 5, 'attention_head_size': 3, 'learning_rate': 0.004246332686371943}. Best is trial 26 with value: 423.2924499511719.
LOCAL_RANK: 0 - CUDA_VISIBLE_DEVICES: [0]
[I 2023-12-16 03:05:43,714] Trial 36 finished with value: 298.56317138671875 and parameters: {'gradient_clip_val': 0.32869966763537956, 'hidden_size': 10, 'dropout': 0.12084997333179419, 'hidden_continuous_size': 6, 'attention_head_size': 2, 'learning_rate': 0.010580274935486638}. Best is trial 36 with value: 298.56317138671875.
LOCAL_RANK: 0 - CUDA_VISIBLE_DEVICES: [0]
[I 2023-12-16 03:06:28,570] Trial 37 finished with value: 2358.403076171875 and parameters: {'gradient_clip_val': 0.44049582643627266, 'hidden_size': 13, 'dropout': 0.11693733009525646, 'hidden_continuous_size': 7, 'attention_head_size': 2, 'learning_rate': 0.008396070569007149}. Best is trial 36 with value: 298.56317138671875.
LOCAL_RANK: 0 - CUDA_VISIBLE_DEVICES: [0]
[I 2023-12-16 03:07:12,151] Trial 38 finished with value: 2581.714599609375 and parameters: {'gradient_clip_val': 0.3319710861008894, 'hidden_size': 8, 'dropout': 0.14703105135993666, 'hidden_continuous_size': 6, 'attention_head_size': 2, 'learning_rate': 0.011196574755868199}. Best is trial 36 with value: 298.56317138671875.
LOCAL_RANK: 0 - CUDA_VISIBLE_DEVICES: [0]
[I 2023-12-16 03:07:56,621] Trial 39 finished with value: 1097.1177978515625 and parameters: {'gradient_clip_val': 0.3844370889483169, 'hidden_size': 6, 'dropout': 0.1491814829089662, 'hidden_continuous_size': 5, 'attention_head_size': 2, 'learning_rate': 0.0104688141197088}. Best is trial 36 with value: 298.56317138671875.
LOCAL_RANK: 0 - CUDA_VISIBLE_DEVICES: [0]
[I 2023-12-16 03:08:40,891] Trial 40 finished with value: 781.4845581054688 and parameters: {'gradient_clip_val': 0.2107003710569566, 'hidden_size': 10, 'dropout': 0.1022202699407208, 'hidden_continuous_size': 6, 'attention_head_size': 1, 'learning_rate': 0.007437461673838369}. Best is trial 36 with value: 298.56317138671875.
LOCAL_RANK: 0 - CUDA_VISIBLE_DEVICES: [0]
[I 2023-12-16 03:09:26,101] Trial 41 finished with value: 760.0084838867188 and parameters: {'gradient_clip_val': 0.2754085566991105, 'hidden_size': 11, 'dropout': 0.12520471029558636, 'hidden_continuous_size': 6, 'attention_head_size': 3, 'learning_rate': 0.005477489475253435}. Best is trial 36 with value: 298.56317138671875.
LOCAL_RANK: 0 - CUDA_VISIBLE_DEVICES: [0]
[I 2023-12-16 03:10:11,850] Trial 42 finished with value: 823.6286010742188 and parameters: {'gradient_clip_val': 0.30805094511985065, 'hidden_size': 15, 'dropout': 0.170930576935023, 'hidden_continuous_size': 7, 'attention_head_size': 3, 'learning_rate': 0.0034520907286903855}. Best is trial 36 with value: 298.56317138671875.
LOCAL_RANK: 0 - CUDA_VISIBLE_DEVICES: [0]
[I 2023-12-16 03:10:55,650] Trial 43 finished with value: 1176.2735595703125 and parameters: {'gradient_clip_val': 0.3519521442928508, 'hidden_size': 8, 'dropout': 0.1449112328102804, 'hidden_continuous_size': 6, 'attention_head_size': 3, 'learning_rate': 0.0021945441997626813}. Best is trial 36 with value: 298.56317138671875.
LOCAL_RANK: 0 - CUDA_VISIBLE_DEVICES: [0]
[I 2023-12-16 03:11:42,012] Trial 44 finished with value: 2093.240234375 and parameters: {'gradient_clip_val': 0.24313964338861616, 'hidden_size': 17, 'dropout': 0.188315345723991, 'hidden_continuous_size': 8, 'attention_head_size': 2, 'learning_rate': 0.005158578791269826}. Best is trial 36 with value: 298.56317138671875.
LOCAL_RANK: 0 - CUDA_VISIBLE_DEVICES: [0]
[I 2023-12-16 03:12:26,421] Trial 45 finished with value: 1980.8511962890625 and parameters: {'gradient_clip_val': 0.1929024812334313, 'hidden_size': 12, 'dropout': 0.1564775356499254, 'hidden_continuous_size': 7, 'attention_head_size': 3, 'learning_rate': 0.003927511172455759}. Best is trial 36 with value: 298.56317138671875.
LOCAL_RANK: 0 - CUDA_VISIBLE_DEVICES: [0]
[I 2023-12-16 03:13:11,514] Trial 46 finished with value: 997.046142578125 and parameters: {'gradient_clip_val': 0.48803042640760025, 'hidden_size': 14, 'dropout': 0.17422430542383377, 'hidden_continuous_size': 6, 'attention_head_size': 2, 'learning_rate': 0.006317954630155044}. Best is trial 36 with value: 298.56317138671875.
LOCAL_RANK: 0 - CUDA_VISIBLE_DEVICES: [0]
[I 2023-12-16 03:13:57,168] Trial 47 finished with value: 1995.8594970703125 and parameters: {'gradient_clip_val': 0.23139568477307393, 'hidden_size': 10, 'dropout': 0.1152701674358288, 'hidden_continuous_size': 6, 'attention_head_size': 3, 'learning_rate': 0.0009447760776734003}. Best is trial 36 with value: 298.56317138671875.
LOCAL_RANK: 0 - CUDA_VISIBLE_DEVICES: [0]
[I 2023-12-16 03:14:40,564] Trial 48 finished with value: 2701.83544921875 and parameters: {'gradient_clip_val': 0.2604275934264425, 'hidden_size': 8, 'dropout': 0.1383681740128133, 'hidden_continuous_size': 6, 'attention_head_size': 2, 'learning_rate': 0.005196906906031924}. Best is trial 36 with value: 298.56317138671875.
LOCAL_RANK: 0 - CUDA_VISIBLE_DEVICES: [0]
[I 2023-12-16 03:15:27,378] Trial 49 finished with value: 3084.088623046875 and parameters: {'gradient_clip_val': 0.21670881705232722, 'hidden_size': 17, 'dropout': 0.15378897289041682, 'hidden_continuous_size': 10, 'attention_head_size': 3, 'learning_rate': 0.0033758076911807483}. Best is trial 36 with value: 298.56317138671875.
[I 2023-12-16 03:15:27,473] A new study created in memory with name: no-name-813eaba3-3804-4bd8-8cbf-91a230274aff
/home/le004/conda/anaconda3/envs/tsff_env/lib/python3.9/site-packages/lightning/fabric/plugins/environments/slurm.py:191: The `srun` command is available on your system but is not used. HINT: If your intention is to run Lightning on SLURM, prepend your python command with `srun` like so: srun python /home/le004/master_thesis/git/TSFusionForecast/code/ ...
LOCAL_RANK: 0 - CUDA_VISIBLE_DEVICES: [0]
[I 2023-12-16 03:16:15,663] Trial 0 finished with value: 73019.4921875 and parameters: {'gradient_clip_val': 0.19114796685460247, 'hidden_size': 34, 'dropout': 0.2073728916895692, 'hidden_continuous_size': 5, 'attention_head_size': 1, 'learning_rate': 0.04089090540201688}. Best is trial 0 with value: 73019.4921875.
LOCAL_RANK: 0 - CUDA_VISIBLE_DEVICES: [0]
[I 2023-12-16 03:16:59,922] Trial 1 finished with value: 80877.5859375 and parameters: {'gradient_clip_val': 0.1351933715024993, 'hidden_size': 10, 'dropout': 0.18530081108764418, 'hidden_continuous_size': 6, 'attention_head_size': 1, 'learning_rate': 0.0015724052251964364}. Best is trial 0 with value: 73019.4921875.
LOCAL_RANK: 0 - CUDA_VISIBLE_DEVICES: [0]
[I 2023-12-16 03:17:34,136] Trial 2 finished with value: 181950.828125 and parameters: {'gradient_clip_val': 0.2929849745304892, 'hidden_size': 5, 'dropout': 0.26835671038774545, 'hidden_continuous_size': 5, 'attention_head_size': 4, 'learning_rate': 0.01908408264018038}. Best is trial 0 with value: 73019.4921875.
LOCAL_RANK: 0 - CUDA_VISIBLE_DEVICES: [0]
[I 2023-12-16 03:18:25,642] Trial 3 finished with value: 125641.0859375 and parameters: {'gradient_clip_val': 0.17840681963514432, 'hidden_size': 41, 'dropout': 0.1614327372689835, 'hidden_continuous_size': 10, 'attention_head_size': 3, 'learning_rate': 0.002338040886253175}. Best is trial 0 with value: 73019.4921875.
LOCAL_RANK: 0 - CUDA_VISIBLE_DEVICES: [0]
[I 2023-12-16 03:19:17,804] Trial 4 finished with value: 106176.1796875 and parameters: {'gradient_clip_val': 0.4556287655609116, 'hidden_size': 60, 'dropout': 0.21517448562041483, 'hidden_continuous_size': 27, 'attention_head_size': 2, 'learning_rate': 0.028927347629949574}. Best is trial 0 with value: 73019.4921875.
LOCAL_RANK: 0 - CUDA_VISIBLE_DEVICES: [0]
[I 2023-12-16 03:20:02,225] Trial 5 finished with value: 58757.5 and parameters: {'gradient_clip_val': 0.6255785807068831, 'hidden_size': 9, 'dropout': 0.24216646237455816, 'hidden_continuous_size': 7, 'attention_head_size': 1, 'learning_rate': 0.06796708428246645}. Best is trial 5 with value: 58757.5.
LOCAL_RANK: 0 - CUDA_VISIBLE_DEVICES: [0]
[I 2023-12-16 03:20:50,289] Trial 6 finished with value: 35385.51953125 and parameters: {'gradient_clip_val': 0.12977583039023702, 'hidden_size': 19, 'dropout': 0.26773694725016506, 'hidden_continuous_size': 14, 'attention_head_size': 2, 'learning_rate': 0.005720999343670301}. Best is trial 6 with value: 35385.51953125.
LOCAL_RANK: 0 - CUDA_VISIBLE_DEVICES: [0]
[I 2023-12-16 03:21:39,349] Trial 7 finished with value: 55502.07421875 and parameters: {'gradient_clip_val': 0.9891194491278177, 'hidden_size': 27, 'dropout': 0.10215842930594404, 'hidden_continuous_size': 7, 'attention_head_size': 4, 'learning_rate': 0.017664299320326215}. Best is trial 6 with value: 35385.51953125.
LOCAL_RANK: 0 - CUDA_VISIBLE_DEVICES: [0]
[I 2023-12-16 03:22:28,726] Trial 8 finished with value: 134077.796875 and parameters: {'gradient_clip_val': 0.6922756639922494, 'hidden_size': 26, 'dropout': 0.20831604865907064, 'hidden_continuous_size': 13, 'attention_head_size': 4, 'learning_rate': 0.007969117477151318}. Best is trial 6 with value: 35385.51953125.
LOCAL_RANK: 0 - CUDA_VISIBLE_DEVICES: [0]
[I 2023-12-16 03:23:21,436] Trial 9 finished with value: 74334.8515625 and parameters: {'gradient_clip_val': 0.5648210485300111, 'hidden_size': 74, 'dropout': 0.3277366359047664, 'hidden_continuous_size': 18, 'attention_head_size': 1, 'learning_rate': 0.0011293259760590325}. Best is trial 6 with value: 35385.51953125.
LOCAL_RANK: 0 - CUDA_VISIBLE_DEVICES: [0]
[I 2023-12-16 03:24:06,303] Trial 10 finished with value: 109529.5859375 and parameters: {'gradient_clip_val': 0.10306702843217948, 'hidden_size': 16, 'dropout': 0.3953431327568214, 'hidden_continuous_size': 10, 'attention_head_size': 2, 'learning_rate': 0.0005695638672973666}. Best is trial 6 with value: 35385.51953125.
LOCAL_RANK: 0 - CUDA_VISIBLE_DEVICES: [0]
[I 2023-12-16 03:24:53,804] Trial 11 finished with value: 96501.9453125 and parameters: {'gradient_clip_val': 0.36090298910944124, 'hidden_size': 19, 'dropout': 0.119008369370643, 'hidden_continuous_size': 8, 'attention_head_size': 3, 'learning_rate': 0.008513029716004091}. Best is trial 6 with value: 35385.51953125.
LOCAL_RANK: 0 - CUDA_VISIBLE_DEVICES: [0]
[I 2023-12-16 03:25:45,557] Trial 12 finished with value: 44720.78125 and parameters: {'gradient_clip_val': 0.9436950507178017, 'hidden_size': 44, 'dropout': 0.11193154958287427, 'hidden_continuous_size': 16, 'attention_head_size': 3, 'learning_rate': 0.004272385010156473}. Best is trial 6 with value: 35385.51953125.
LOCAL_RANK: 0 - CUDA_VISIBLE_DEVICES: [0]
[I 2023-12-16 03:26:37,597] Trial 13 finished with value: 29592.0859375 and parameters: {'gradient_clip_val': 0.249731604987441, 'hidden_size': 48, 'dropout': 0.2720401613623568, 'hidden_continuous_size': 18, 'attention_head_size': 3, 'learning_rate': 0.004015999168623533}. Best is trial 13 with value: 29592.0859375.
LOCAL_RANK: 0 - CUDA_VISIBLE_DEVICES: [0]
[I 2023-12-16 03:27:31,582] Trial 14 finished with value: 18034.697265625 and parameters: {'gradient_clip_val': 0.23645595028226332, 'hidden_size': 88, 'dropout': 0.2978826484140391, 'hidden_continuous_size': 41, 'attention_head_size': 2, 'learning_rate': 0.0033942284723258997}. Best is trial 14 with value: 18034.697265625.
LOCAL_RANK: 0 - CUDA_VISIBLE_DEVICES: [0]
[I 2023-12-16 03:28:27,823] Trial 15 finished with value: 98783.8828125 and parameters: {'gradient_clip_val': 0.26144057467355697, 'hidden_size': 98, 'dropout': 0.3071142450228846, 'hidden_continuous_size': 49, 'attention_head_size': 3, 'learning_rate': 0.0029159814698890385}. Best is trial 14 with value: 18034.697265625.
LOCAL_RANK: 0 - CUDA_VISIBLE_DEVICES: [0]
[I 2023-12-16 03:29:23,059] Trial 16 finished with value: 21525.123046875 and parameters: {'gradient_clip_val': 0.2320665717223878, 'hidden_size': 99, 'dropout': 0.3084506584722856, 'hidden_continuous_size': 30, 'attention_head_size': 2, 'learning_rate': 0.0037391178637645544}. Best is trial 14 with value: 18034.697265625.
LOCAL_RANK: 0 - CUDA_VISIBLE_DEVICES: [0]
