[I 2023-12-15 12:55:53,090] Trial 23 finished with value: 171.8407745361328 and parameters: {'gradient_clip_val': 0.16981053283654854, 'hidden_size': 12, 'dropout': 0.36572561670370585, 'hidden_continuous_size': 6, 'attention_head_size': 2, 'learning_rate': 0.05687215571150281}. Best is trial 19 with value: 110.27618408203125.
LOCAL_RANK: 0 - CUDA_VISIBLE_DEVICES: [0]
[I 2023-12-15 12:56:37,873] Trial 24 finished with value: 129.56520080566406 and parameters: {'gradient_clip_val': 0.13172579400518397, 'hidden_size': 9, 'dropout': 0.3245783344983032, 'hidden_continuous_size': 6, 'attention_head_size': 1, 'learning_rate': 0.022095167279884743}. Best is trial 19 with value: 110.27618408203125.
LOCAL_RANK: 0 - CUDA_VISIBLE_DEVICES: [0]
[I 2023-12-15 12:57:22,884] Trial 25 finished with value: 267.0262756347656 and parameters: {'gradient_clip_val': 0.20083510635961999, 'hidden_size': 7, 'dropout': 0.3084695917911732, 'hidden_continuous_size': 6, 'attention_head_size': 2, 'learning_rate': 0.09634655288736972}. Best is trial 19 with value: 110.27618408203125.
LOCAL_RANK: 0 - CUDA_VISIBLE_DEVICES: [0]
[I 2023-12-15 12:58:06,813] Trial 26 finished with value: 199.0506591796875 and parameters: {'gradient_clip_val': 0.12067750742501297, 'hidden_size': 12, 'dropout': 0.2753939362058117, 'hidden_continuous_size': 7, 'attention_head_size': 2, 'learning_rate': 0.040018966559356335}. Best is trial 19 with value: 110.27618408203125.
LOCAL_RANK: 0 - CUDA_VISIBLE_DEVICES: [0]
[I 2023-12-15 12:58:51,293] Trial 27 finished with value: 125.25079345703125 and parameters: {'gradient_clip_val': 0.1679653802682581, 'hidden_size': 6, 'dropout': 0.39986692278795044, 'hidden_continuous_size': 5, 'attention_head_size': 1, 'learning_rate': 0.027122541907995058}. Best is trial 19 with value: 110.27618408203125.
LOCAL_RANK: 0 - CUDA_VISIBLE_DEVICES: [0]
[I 2023-12-15 12:59:36,420] Trial 28 finished with value: 183.8029022216797 and parameters: {'gradient_clip_val': 0.12321694872248891, 'hidden_size': 10, 'dropout': 0.34274288386097707, 'hidden_continuous_size': 7, 'attention_head_size': 2, 'learning_rate': 0.060578314491860706}. Best is trial 19 with value: 110.27618408203125.
LOCAL_RANK: 0 - CUDA_VISIBLE_DEVICES: [0]
[I 2023-12-15 13:00:20,925] Trial 29 finished with value: 172.3369140625 and parameters: {'gradient_clip_val': 0.38979666399817525, 'hidden_size': 12, 'dropout': 0.34081630178685124, 'hidden_continuous_size': 7, 'attention_head_size': 3, 'learning_rate': 0.017736387219926646}. Best is trial 19 with value: 110.27618408203125.
LOCAL_RANK: 0 - CUDA_VISIBLE_DEVICES: [0]
[I 2023-12-15 13:01:05,514] Trial 30 finished with value: 288.2264099121094 and parameters: {'gradient_clip_val': 0.1865228191511249, 'hidden_size': 9, 'dropout': 0.3707890737800749, 'hidden_continuous_size': 6, 'attention_head_size': 1, 'learning_rate': 0.02329123904309866}. Best is trial 19 with value: 110.27618408203125.
LOCAL_RANK: 0 - CUDA_VISIBLE_DEVICES: [0]
[I 2023-12-15 13:01:49,825] Trial 31 finished with value: 279.29327392578125 and parameters: {'gradient_clip_val': 0.11293388597043538, 'hidden_size': 8, 'dropout': 0.31672629339766395, 'hidden_continuous_size': 6, 'attention_head_size': 3, 'learning_rate': 0.01020759080421913}. Best is trial 19 with value: 110.27618408203125.
LOCAL_RANK: 0 - CUDA_VISIBLE_DEVICES: [0]
[I 2023-12-15 13:02:23,343] Trial 32 finished with value: 238.9793701171875 and parameters: {'gradient_clip_val': 0.14396341147111552, 'hidden_size': 5, 'dropout': 0.27488512482272276, 'hidden_continuous_size': 5, 'attention_head_size': 2, 'learning_rate': 0.01739369409508577}. Best is trial 19 with value: 110.27618408203125.
LOCAL_RANK: 0 - CUDA_VISIBLE_DEVICES: [0]
[I 2023-12-15 13:03:09,118] Trial 33 finished with value: 195.53211975097656 and parameters: {'gradient_clip_val': 0.1226737434904048, 'hidden_size': 11, 'dropout': 0.3479898701730922, 'hidden_continuous_size': 8, 'attention_head_size': 3, 'learning_rate': 0.03330392878069248}. Best is trial 19 with value: 110.27618408203125.
LOCAL_RANK: 0 - CUDA_VISIBLE_DEVICES: [0]
[I 2023-12-15 13:03:57,289] Trial 34 finished with value: 239.8494415283203 and parameters: {'gradient_clip_val': 0.10221339073414042, 'hidden_size': 19, 'dropout': 0.37966679372413886, 'hidden_continuous_size': 8, 'attention_head_size': 4, 'learning_rate': 0.008705602552093177}. Best is trial 19 with value: 110.27618408203125.
LOCAL_RANK: 0 - CUDA_VISIBLE_DEVICES: [0]
[I 2023-12-15 13:04:42,334] Trial 35 finished with value: 147.11639404296875 and parameters: {'gradient_clip_val': 0.14175554256921155, 'hidden_size': 14, 'dropout': 0.25777114363832593, 'hidden_continuous_size': 5, 'attention_head_size': 2, 'learning_rate': 0.005407284625099382}. Best is trial 19 with value: 110.27618408203125.
LOCAL_RANK: 0 - CUDA_VISIBLE_DEVICES: [0]
[I 2023-12-15 13:05:16,176] Trial 36 finished with value: 164.6304931640625 and parameters: {'gradient_clip_val': 0.10553116084202425, 'hidden_size': 5, 'dropout': 0.32482896343381434, 'hidden_continuous_size': 5, 'attention_head_size': 3, 'learning_rate': 0.02833123973034249}. Best is trial 19 with value: 110.27618408203125.
LOCAL_RANK: 0 - CUDA_VISIBLE_DEVICES: [0]
[I 2023-12-15 13:06:00,826] Trial 37 finished with value: 121.80469512939453 and parameters: {'gradient_clip_val': 0.11944102889746833, 'hidden_size': 8, 'dropout': 0.2240028056205529, 'hidden_continuous_size': 6, 'attention_head_size': 4, 'learning_rate': 0.007190669837682422}. Best is trial 19 with value: 110.27618408203125.
LOCAL_RANK: 0 - CUDA_VISIBLE_DEVICES: [0]
[I 2023-12-15 13:06:46,551] Trial 38 finished with value: 160.2278289794922 and parameters: {'gradient_clip_val': 0.1257837378868228, 'hidden_size': 9, 'dropout': 0.21413382905011685, 'hidden_continuous_size': 6, 'attention_head_size': 4, 'learning_rate': 0.006613721074716465}. Best is trial 19 with value: 110.27618408203125.
LOCAL_RANK: 0 - CUDA_VISIBLE_DEVICES: [0]
[I 2023-12-15 13:07:31,368] Trial 39 finished with value: 127.63373565673828 and parameters: {'gradient_clip_val': 0.1541930400761054, 'hidden_size': 6, 'dropout': 0.29765208486358186, 'hidden_continuous_size': 5, 'attention_head_size': 2, 'learning_rate': 0.011438868585777908}. Best is trial 19 with value: 110.27618408203125.
LOCAL_RANK: 0 - CUDA_VISIBLE_DEVICES: [0]
[I 2023-12-15 13:08:16,152] Trial 40 finished with value: 311.1952819824219 and parameters: {'gradient_clip_val': 0.1775608850081878, 'hidden_size': 7, 'dropout': 0.22668914506803423, 'hidden_continuous_size': 6, 'attention_head_size': 1, 'learning_rate': 0.04340560928134224}. Best is trial 19 with value: 110.27618408203125.
LOCAL_RANK: 0 - CUDA_VISIBLE_DEVICES: [0]
[I 2023-12-15 13:09:00,769] Trial 41 finished with value: 281.1196594238281 and parameters: {'gradient_clip_val': 0.11260459097223192, 'hidden_size': 8, 'dropout': 0.18386370441149077, 'hidden_continuous_size': 6, 'attention_head_size': 4, 'learning_rate': 0.004376056094930495}. Best is trial 19 with value: 110.27618408203125.
LOCAL_RANK: 0 - CUDA_VISIBLE_DEVICES: [0]
[I 2023-12-15 13:09:46,925] Trial 42 finished with value: 123.06388092041016 and parameters: {'gradient_clip_val': 0.11303424740032733, 'hidden_size': 10, 'dropout': 0.25045819315163426, 'hidden_continuous_size': 7, 'attention_head_size': 4, 'learning_rate': 0.007389474510461612}. Best is trial 19 with value: 110.27618408203125.
LOCAL_RANK: 0 - CUDA_VISIBLE_DEVICES: [0]
[I 2023-12-15 13:10:32,281] Trial 43 finished with value: 248.3362274169922 and parameters: {'gradient_clip_val': 0.13275124342936284, 'hidden_size': 6, 'dropout': 0.2238472229026605, 'hidden_continuous_size': 5, 'attention_head_size': 4, 'learning_rate': 0.003325849698787443}. Best is trial 19 with value: 110.27618408203125.
LOCAL_RANK: 0 - CUDA_VISIBLE_DEVICES: [0]
[I 2023-12-15 13:11:25,871] Trial 44 finished with value: 201.62986755371094 and parameters: {'gradient_clip_val': 0.15548468895369766, 'hidden_size': 54, 'dropout': 0.16211243658949878, 'hidden_continuous_size': 11, 'attention_head_size': 4, 'learning_rate': 0.007865293747229284}. Best is trial 19 with value: 110.27618408203125.
LOCAL_RANK: 0 - CUDA_VISIBLE_DEVICES: [0]
[I 2023-12-15 13:12:11,731] Trial 45 finished with value: 111.51016235351562 and parameters: {'gradient_clip_val': 0.1101208846358247, 'hidden_size': 14, 'dropout': 0.35715630156303313, 'hidden_continuous_size': 8, 'attention_head_size': 3, 'learning_rate': 0.010805846309756019}. Best is trial 19 with value: 110.27618408203125.
LOCAL_RANK: 0 - CUDA_VISIBLE_DEVICES: [0]
[I 2023-12-15 13:12:57,361] Trial 46 finished with value: 166.40040588378906 and parameters: {'gradient_clip_val': 0.10047436875087765, 'hidden_size': 14, 'dropout': 0.3752829924936279, 'hidden_continuous_size': 8, 'attention_head_size': 3, 'learning_rate': 0.011327860865546683}. Best is trial 19 with value: 110.27618408203125.
LOCAL_RANK: 0 - CUDA_VISIBLE_DEVICES: [0]
[I 2023-12-15 13:13:43,040] Trial 47 finished with value: 120.3786849975586 and parameters: {'gradient_clip_val': 0.13358919908074196, 'hidden_size': 11, 'dropout': 0.38817116421716746, 'hidden_continuous_size': 7, 'attention_head_size': 3, 'learning_rate': 0.0171531765088554}. Best is trial 19 with value: 110.27618408203125.
LOCAL_RANK: 0 - CUDA_VISIBLE_DEVICES: [0]
[I 2023-12-15 13:14:29,772] Trial 48 finished with value: 151.18006896972656 and parameters: {'gradient_clip_val': 0.14246316966068504, 'hidden_size': 17, 'dropout': 0.3576480018071767, 'hidden_continuous_size': 8, 'attention_head_size': 3, 'learning_rate': 0.017093847258232733}. Best is trial 19 with value: 110.27618408203125.
LOCAL_RANK: 0 - CUDA_VISIBLE_DEVICES: [0]
[I 2023-12-15 13:15:15,559] Trial 49 finished with value: 104.62174224853516 and parameters: {'gradient_clip_val': 0.15994835691880863, 'hidden_size': 14, 'dropout': 0.3904099815000663, 'hidden_continuous_size': 7, 'attention_head_size': 3, 'learning_rate': 0.06984804274275636}. Best is trial 49 with value: 104.62174224853516.
[I 2023-12-15 13:15:15,659] A new study created in memory with name: no-name-5b1e9e17-2a0f-46aa-8adf-b804fc064ad0
/home/le004/conda/anaconda3/envs/tsff_env/lib/python3.9/site-packages/lightning/fabric/plugins/environments/slurm.py:191: The `srun` command is available on your system but is not used. HINT: If your intention is to run Lightning on SLURM, prepend your python command with `srun` like so: srun python /home/le004/master_thesis/git/TSFusionForecast/code/ ...
LOCAL_RANK: 0 - CUDA_VISIBLE_DEVICES: [0]
[I 2023-12-15 13:16:08,265] Trial 0 finished with value: 11.253196716308594 and parameters: {'gradient_clip_val': 0.14465221999421762, 'hidden_size': 72, 'dropout': 0.3401189291857741, 'hidden_continuous_size': 32, 'attention_head_size': 1, 'learning_rate': 0.02045569645610108}. Best is trial 0 with value: 11.253196716308594.
LOCAL_RANK: 0 - CUDA_VISIBLE_DEVICES: [0]
[I 2023-12-15 13:17:02,612] Trial 1 finished with value: 11.438301086425781 and parameters: {'gradient_clip_val': 0.23311879005536845, 'hidden_size': 81, 'dropout': 0.1255652416965317, 'hidden_continuous_size': 13, 'attention_head_size': 4, 'learning_rate': 0.0010783781891672056}. Best is trial 0 with value: 11.253196716308594.
LOCAL_RANK: 0 - CUDA_VISIBLE_DEVICES: [0]
[I 2023-12-15 13:17:47,286] Trial 2 finished with value: 8.814202308654785 and parameters: {'gradient_clip_val': 0.3216315268633994, 'hidden_size': 10, 'dropout': 0.2807474012525094, 'hidden_continuous_size': 7, 'attention_head_size': 1, 'learning_rate': 0.011024572455530658}. Best is trial 2 with value: 8.814202308654785.
LOCAL_RANK: 0 - CUDA_VISIBLE_DEVICES: [0]
[I 2023-12-15 13:18:40,022] Trial 3 finished with value: 18.35148811340332 and parameters: {'gradient_clip_val': 0.28915214681550044, 'hidden_size': 72, 'dropout': 0.1288565100104242, 'hidden_continuous_size': 28, 'attention_head_size': 2, 'learning_rate': 0.029472767707898213}. Best is trial 2 with value: 8.814202308654785.
LOCAL_RANK: 0 - CUDA_VISIBLE_DEVICES: [0]
[I 2023-12-15 13:19:25,437] Trial 4 finished with value: 6.273080825805664 and parameters: {'gradient_clip_val': 0.38881965529455714, 'hidden_size': 14, 'dropout': 0.31639148142740814, 'hidden_continuous_size': 10, 'attention_head_size': 1, 'learning_rate': 0.0009178151547670991}. Best is trial 4 with value: 6.273080825805664.
LOCAL_RANK: 0 - CUDA_VISIBLE_DEVICES: [0]
[I 2023-12-15 13:20:09,961] Trial 5 finished with value: 13.28050708770752 and parameters: {'gradient_clip_val': 0.7156772049287906, 'hidden_size': 9, 'dropout': 0.2183599975125047, 'hidden_continuous_size': 6, 'attention_head_size': 1, 'learning_rate': 0.06165059700678958}. Best is trial 4 with value: 6.273080825805664.
LOCAL_RANK: 0 - CUDA_VISIBLE_DEVICES: [0]
[I 2023-12-15 13:20:44,390] Trial 6 finished with value: 18.313501358032227 and parameters: {'gradient_clip_val': 0.6540343259120214, 'hidden_size': 6, 'dropout': 0.37792694217559275, 'hidden_continuous_size': 6, 'attention_head_size': 3, 'learning_rate': 0.0008074617289252932}. Best is trial 4 with value: 6.273080825805664.
LOCAL_RANK: 0 - CUDA_VISIBLE_DEVICES: [0]
[I 2023-12-15 13:21:36,082] Trial 7 finished with value: 13.170191764831543 and parameters: {'gradient_clip_val': 0.12044227247347533, 'hidden_size': 75, 'dropout': 0.16904986868720395, 'hidden_continuous_size': 6, 'attention_head_size': 1, 'learning_rate': 0.0073215893321160455}. Best is trial 4 with value: 6.273080825805664.
LOCAL_RANK: 0 - CUDA_VISIBLE_DEVICES: [0]
[I 2023-12-15 13:22:29,604] Trial 8 finished with value: 11.175019264221191 and parameters: {'gradient_clip_val': 0.6287516691425277, 'hidden_size': 60, 'dropout': 0.25794498194522375, 'hidden_continuous_size': 24, 'attention_head_size': 4, 'learning_rate': 0.05060208641049361}. Best is trial 4 with value: 6.273080825805664.
LOCAL_RANK: 0 - CUDA_VISIBLE_DEVICES: [0]
[I 2023-12-15 13:23:24,258] Trial 9 finished with value: 17.40707015991211 and parameters: {'gradient_clip_val': 0.11864713324224668, 'hidden_size': 78, 'dropout': 0.12016756916633026, 'hidden_continuous_size': 48, 'attention_head_size': 1, 'learning_rate': 0.0013998251054508537}. Best is trial 4 with value: 6.273080825805664.
LOCAL_RANK: 0 - CUDA_VISIBLE_DEVICES: [0]
[I 2023-12-15 13:24:12,565] Trial 10 finished with value: 10.491561889648438 and parameters: {'gradient_clip_val': 0.9649660446161968, 'hidden_size': 21, 'dropout': 0.3242986871455517, 'hidden_continuous_size': 9, 'attention_head_size': 2, 'learning_rate': 0.0028220884590816897}. Best is trial 4 with value: 6.273080825805664.
LOCAL_RANK: 0 - CUDA_VISIBLE_DEVICES: [0]
[I 2023-12-15 13:24:57,690] Trial 11 finished with value: 13.814715385437012 and parameters: {'gradient_clip_val': 0.3962142193239647, 'hidden_size': 13, 'dropout': 0.2859033439205146, 'hidden_continuous_size': 5, 'attention_head_size': 2, 'learning_rate': 0.0005403180803417129}. Best is trial 4 with value: 6.273080825805664.
LOCAL_RANK: 0 - CUDA_VISIBLE_DEVICES: [0]
[I 2023-12-15 13:25:43,361] Trial 12 finished with value: 11.02008056640625 and parameters: {'gradient_clip_val': 0.3926543106180499, 'hidden_size': 13, 'dropout': 0.3072002671005355, 'hidden_continuous_size': 8, 'attention_head_size': 3, 'learning_rate': 0.005414279724478215}. Best is trial 4 with value: 6.273080825805664.
LOCAL_RANK: 0 - CUDA_VISIBLE_DEVICES: [0]
[I 2023-12-15 13:26:27,842] Trial 13 finished with value: 14.426836967468262 and parameters: {'gradient_clip_val': 0.22434875068808544, 'hidden_size': 6, 'dropout': 0.2502472439432779, 'hidden_continuous_size': 5, 'attention_head_size': 1, 'learning_rate': 0.01004536026420082}. Best is trial 4 with value: 6.273080825805664.
LOCAL_RANK: 0 - CUDA_VISIBLE_DEVICES: [0]
[I 2023-12-15 13:27:16,713] Trial 14 finished with value: 8.527984619140625 and parameters: {'gradient_clip_val': 0.4149893218845051, 'hidden_size': 26, 'dropout': 0.38468270353316486, 'hidden_continuous_size': 12, 'attention_head_size': 2, 'learning_rate': 0.002757422466486855}. Best is trial 4 with value: 6.273080825805664.
LOCAL_RANK: 0 - CUDA_VISIBLE_DEVICES: [0]
[I 2023-12-15 13:28:06,130] Trial 15 finished with value: 14.650394439697266 and parameters: {'gradient_clip_val': 0.48544249603027523, 'hidden_size': 34, 'dropout': 0.38663559955436655, 'hidden_continuous_size': 11, 'attention_head_size': 2, 'learning_rate': 0.0023177887997415424}. Best is trial 4 with value: 6.273080825805664.
LOCAL_RANK: 0 - CUDA_VISIBLE_DEVICES: [0]
[I 2023-12-15 13:28:54,163] Trial 16 finished with value: 5.8834967613220215 and parameters: {'gradient_clip_val': 0.4580588488736547, 'hidden_size': 24, 'dropout': 0.3527490618307279, 'hidden_continuous_size': 12, 'attention_head_size': 3, 'learning_rate': 0.0020367269673216034}. Best is trial 16 with value: 5.8834967613220215.
LOCAL_RANK: 0 - CUDA_VISIBLE_DEVICES: [0]
[I 2023-12-15 13:29:42,201] Trial 17 finished with value: 8.172135353088379 and parameters: {'gradient_clip_val': 0.5716944223517206, 'hidden_size': 18, 'dropout': 0.34068957707052955, 'hidden_continuous_size': 11, 'attention_head_size': 3, 'learning_rate': 0.0005058050974233535}. Best is trial 16 with value: 5.8834967613220215.
LOCAL_RANK: 0 - CUDA_VISIBLE_DEVICES: [0]
[I 2023-12-15 13:30:34,167] Trial 18 finished with value: 17.39307975769043 and parameters: {'gradient_clip_val': 0.49814986641716813, 'hidden_size': 37, 'dropout': 0.35331730740269973, 'hidden_continuous_size': 15, 'attention_head_size': 3, 'learning_rate': 0.0015994974172459815}. Best is trial 16 with value: 5.8834967613220215.
LOCAL_RANK: 0 - CUDA_VISIBLE_DEVICES: [0]
[I 2023-12-15 13:31:21,588] Trial 19 finished with value: 12.393826484680176 and parameters: {'gradient_clip_val': 0.8418930678003165, 'hidden_size': 17, 'dropout': 0.31797752315470346, 'hidden_continuous_size': 9, 'attention_head_size': 4, 'learning_rate': 0.003993010702440681}. Best is trial 16 with value: 5.8834967613220215.
LOCAL_RANK: 0 - CUDA_VISIBLE_DEVICES: [0]
[I 2023-12-15 13:32:10,241] Trial 20 finished with value: 9.91200065612793 and parameters: {'gradient_clip_val': 0.5305460300207185, 'hidden_size': 28, 'dropout': 0.36198440196474313, 'hidden_continuous_size': 15, 'attention_head_size': 3, 'learning_rate': 0.0009125062854956195}. Best is trial 16 with value: 5.8834967613220215.
LOCAL_RANK: 0 - CUDA_VISIBLE_DEVICES: [0]
[I 2023-12-15 13:32:58,727] Trial 21 finished with value: 6.479482173919678 and parameters: {'gradient_clip_val': 0.5563545227430227, 'hidden_size': 19, 'dropout': 0.3436082330689684, 'hidden_continuous_size': 10, 'attention_head_size': 3, 'learning_rate': 0.0006523162122960792}. Best is trial 16 with value: 5.8834967613220215.
LOCAL_RANK: 0 - CUDA_VISIBLE_DEVICES: [0]
[I 2023-12-15 13:33:44,307] Trial 22 finished with value: 5.881923675537109 and parameters: {'gradient_clip_val': 0.7623611833669351, 'hidden_size': 16, 'dropout': 0.3946069280292858, 'hidden_continuous_size': 10, 'attention_head_size': 3, 'learning_rate': 0.0016690068027476774}. Best is trial 22 with value: 5.881923675537109.
LOCAL_RANK: 0 - CUDA_VISIBLE_DEVICES: [0]
[I 2023-12-15 13:34:31,027] Trial 23 finished with value: 6.91439962387085 and parameters: {'gradient_clip_val': 0.6996945903281496, 'hidden_size': 14, 'dropout': 0.3866835692141934, 'hidden_continuous_size': 9, 'attention_head_size': 4, 'learning_rate': 0.0012218169680400224}. Best is trial 22 with value: 5.881923675537109.
LOCAL_RANK: 0 - CUDA_VISIBLE_DEVICES: [0]
[I 2023-12-15 13:35:20,342] Trial 24 finished with value: 17.735107421875 and parameters: {'gradient_clip_val': 0.8035830053283248, 'hidden_size': 26, 'dropout': 0.39838429919465523, 'hidden_continuous_size': 13, 'attention_head_size': 3, 'learning_rate': 0.0017561708435055192}. Best is trial 22 with value: 5.881923675537109.
LOCAL_RANK: 0 - CUDA_VISIBLE_DEVICES: [0]
[I 2023-12-15 13:36:05,475] Trial 25 finished with value: 10.087376594543457 and parameters: {'gradient_clip_val': 0.8344217050480212, 'hidden_size': 9, 'dropout': 0.3523651302120163, 'hidden_continuous_size': 5, 'attention_head_size': 2, 'learning_rate': 0.0018982992000351803}. Best is trial 22 with value: 5.881923675537109.
LOCAL_RANK: 0 - CUDA_VISIBLE_DEVICES: [0]
[I 2023-12-15 13:36:50,406] Trial 26 finished with value: 8.329527854919434 and parameters: {'gradient_clip_val': 0.9462288460157567, 'hidden_size': 16, 'dropout': 0.36462712821566207, 'hidden_continuous_size': 8, 'attention_head_size': 3, 'learning_rate': 0.0008958760576423519}. Best is trial 22 with value: 5.881923675537109.
LOCAL_RANK: 0 - CUDA_VISIBLE_DEVICES: [0]
[I 2023-12-15 13:37:42,776] Trial 27 finished with value: 13.165897369384766 and parameters: {'gradient_clip_val': 0.48585304475577407, 'hidden_size': 44, 'dropout': 0.3982652657641127, 'hidden_continuous_size': 16, 'attention_head_size': 4, 'learning_rate': 0.003800302890761115}. Best is trial 22 with value: 5.881923675537109.
LOCAL_RANK: 0 - CUDA_VISIBLE_DEVICES: [0]
[I 2023-12-15 13:38:30,417] Trial 28 finished with value: 5.5192718505859375 and parameters: {'gradient_clip_val': 0.6116083885940604, 'hidden_size': 24, 'dropout': 0.3675258285161516, 'hidden_continuous_size': 10, 'attention_head_size': 2, 'learning_rate': 0.001275054334001338}. Best is trial 28 with value: 5.5192718505859375.
LOCAL_RANK: 0 - CUDA_VISIBLE_DEVICES: [0]
[I 2023-12-15 13:39:19,183] Trial 29 finished with value: 5.508726596832275 and parameters: {'gradient_clip_val': 0.6579670259127198, 'hidden_size': 23, 'dropout': 0.367655736929651, 'hidden_continuous_size': 12, 'attention_head_size': 2, 'learning_rate': 0.0015464514255547268}. Best is trial 29 with value: 5.508726596832275.
LOCAL_RANK: 0 - CUDA_VISIBLE_DEVICES: [0]
[I 2023-12-15 13:40:06,735] Trial 30 finished with value: 4.911834239959717 and parameters: {'gradient_clip_val': 0.7122527839857372, 'hidden_size': 24, 'dropout': 0.37155687744402505, 'hidden_continuous_size': 10, 'attention_head_size': 2, 'learning_rate': 0.0012576484902505208}. Best is trial 30 with value: 4.911834239959717.
LOCAL_RANK: 0 - CUDA_VISIBLE_DEVICES: [0]
