[I 2023-12-16 12:30:10,197] Trial 30 finished with value: 0.12130364030599594 and parameters: {'gradient_clip_val': 0.2034474839843025, 'hidden_size': 65, 'dropout': 0.3724874612881062, 'hidden_continuous_size': 22, 'attention_head_size': 3, 'learning_rate': 0.0633845368156784}. Best is trial 13 with value: 0.07518815249204636.
LOCAL_RANK: 0 - CUDA_VISIBLE_DEVICES: [0]
[I 2023-12-16 12:31:04,670] Trial 31 finished with value: 0.4442349672317505 and parameters: {'gradient_clip_val': 0.18481256520395417, 'hidden_size': 78, 'dropout': 0.3056323086160917, 'hidden_continuous_size': 25, 'attention_head_size': 3, 'learning_rate': 0.021673740748942138}. Best is trial 13 with value: 0.07518815249204636.
LOCAL_RANK: 0 - CUDA_VISIBLE_DEVICES: [0]
[I 2023-12-16 12:31:59,112] Trial 32 finished with value: 0.08519890159368515 and parameters: {'gradient_clip_val': 0.18247393651753976, 'hidden_size': 84, 'dropout': 0.32800817961923995, 'hidden_continuous_size': 18, 'attention_head_size': 3, 'learning_rate': 0.030225609328452644}. Best is trial 13 with value: 0.07518815249204636.
LOCAL_RANK: 0 - CUDA_VISIBLE_DEVICES: [0]
[I 2023-12-16 12:32:52,422] Trial 33 finished with value: 0.19091522693634033 and parameters: {'gradient_clip_val': 0.20718230506880744, 'hidden_size': 65, 'dropout': 0.3290579135868693, 'hidden_continuous_size': 16, 'attention_head_size': 2, 'learning_rate': 0.04354083585822869}. Best is trial 13 with value: 0.07518815249204636.
LOCAL_RANK: 0 - CUDA_VISIBLE_DEVICES: [0]
[I 2023-12-16 12:33:46,885] Trial 34 finished with value: 0.20236074924468994 and parameters: {'gradient_clip_val': 0.1607195573054216, 'hidden_size': 86, 'dropout': 0.3488315026926273, 'hidden_continuous_size': 12, 'attention_head_size': 3, 'learning_rate': 0.02771581619545852}. Best is trial 13 with value: 0.07518815249204636.
LOCAL_RANK: 0 - CUDA_VISIBLE_DEVICES: [0]
[I 2023-12-16 12:34:40,111] Trial 35 finished with value: 0.10868558287620544 and parameters: {'gradient_clip_val': 0.12409367957765799, 'hidden_size': 49, 'dropout': 0.28370262780458494, 'hidden_continuous_size': 18, 'attention_head_size': 2, 'learning_rate': 0.03894727851121178}. Best is trial 13 with value: 0.07518815249204636.
LOCAL_RANK: 0 - CUDA_VISIBLE_DEVICES: [0]
[I 2023-12-16 12:35:34,531] Trial 36 finished with value: 0.37338677048683167 and parameters: {'gradient_clip_val': 0.2673732452029765, 'hidden_size': 88, 'dropout': 0.3743748937990888, 'hidden_continuous_size': 20, 'attention_head_size': 4, 'learning_rate': 0.01641707446412168}. Best is trial 13 with value: 0.07518815249204636.
LOCAL_RANK: 0 - CUDA_VISIBLE_DEVICES: [0]
[I 2023-12-16 12:36:28,125] Trial 37 finished with value: 0.13944554328918457 and parameters: {'gradient_clip_val': 0.29864680100282226, 'hidden_size': 67, 'dropout': 0.3983091905790005, 'hidden_continuous_size': 14, 'attention_head_size': 2, 'learning_rate': 0.06170696966997389}. Best is trial 13 with value: 0.07518815249204636.
LOCAL_RANK: 0 - CUDA_VISIBLE_DEVICES: [0]
[I 2023-12-16 12:37:18,427] Trial 38 finished with value: 0.4728647768497467 and parameters: {'gradient_clip_val': 0.16530419203666877, 'hidden_size': 33, 'dropout': 0.3177522581309056, 'hidden_continuous_size': 12, 'attention_head_size': 3, 'learning_rate': 0.03518752979658702}. Best is trial 13 with value: 0.07518815249204636.
LOCAL_RANK: 0 - CUDA_VISIBLE_DEVICES: [0]
[I 2023-12-16 12:38:11,944] Trial 39 finished with value: 0.15256895124912262 and parameters: {'gradient_clip_val': 0.3559034160753915, 'hidden_size': 84, 'dropout': 0.2783874868601696, 'hidden_continuous_size': 9, 'attention_head_size': 4, 'learning_rate': 0.0276851324478317}. Best is trial 13 with value: 0.07518815249204636.
LOCAL_RANK: 0 - CUDA_VISIBLE_DEVICES: [0]
[I 2023-12-16 12:39:05,388] Trial 40 finished with value: 0.15765680372714996 and parameters: {'gradient_clip_val': 0.2349530818623973, 'hidden_size': 58, 'dropout': 0.32586554824089076, 'hidden_continuous_size': 17, 'attention_head_size': 2, 'learning_rate': 0.09094815594665333}. Best is trial 13 with value: 0.07518815249204636.
LOCAL_RANK: 0 - CUDA_VISIBLE_DEVICES: [0]
[I 2023-12-16 12:39:59,818] Trial 41 finished with value: 0.11825764179229736 and parameters: {'gradient_clip_val': 0.18474597023377917, 'hidden_size': 74, 'dropout': 0.29898545543072924, 'hidden_continuous_size': 23, 'attention_head_size': 3, 'learning_rate': 0.019161237210856337}. Best is trial 13 with value: 0.07518815249204636.
LOCAL_RANK: 0 - CUDA_VISIBLE_DEVICES: [0]
[I 2023-12-16 12:40:54,535] Trial 42 finished with value: 0.1281621754169464 and parameters: {'gradient_clip_val': 0.20051148165959423, 'hidden_size': 84, 'dropout': 0.30526863159618917, 'hidden_continuous_size': 28, 'attention_head_size': 3, 'learning_rate': 0.02589138150516979}. Best is trial 13 with value: 0.07518815249204636.
LOCAL_RANK: 0 - CUDA_VISIBLE_DEVICES: [0]
[I 2023-12-16 12:41:48,611] Trial 43 finished with value: 0.19241447746753693 and parameters: {'gradient_clip_val': 0.15633622051415727, 'hidden_size': 69, 'dropout': 0.28615144938546244, 'hidden_continuous_size': 20, 'attention_head_size': 3, 'learning_rate': 0.01563035425881157}. Best is trial 13 with value: 0.07518815249204636.
LOCAL_RANK: 0 - CUDA_VISIBLE_DEVICES: [0]
[I 2023-12-16 12:42:43,421] Trial 44 finished with value: 0.09150397032499313 and parameters: {'gradient_clip_val': 0.29432651778057733, 'hidden_size': 98, 'dropout': 0.3393646072725882, 'hidden_continuous_size': 15, 'attention_head_size': 3, 'learning_rate': 0.011388409234225122}. Best is trial 13 with value: 0.07518815249204636.
LOCAL_RANK: 0 - CUDA_VISIBLE_DEVICES: [0]
[I 2023-12-16 12:43:38,492] Trial 45 finished with value: 0.14800576865673065 and parameters: {'gradient_clip_val': 0.30250810331254857, 'hidden_size': 97, 'dropout': 0.35283507410272047, 'hidden_continuous_size': 15, 'attention_head_size': 3, 'learning_rate': 0.01100841679251847}. Best is trial 13 with value: 0.07518815249204636.
LOCAL_RANK: 0 - CUDA_VISIBLE_DEVICES: [0]
[I 2023-12-16 12:44:33,413] Trial 46 finished with value: 0.08175960183143616 and parameters: {'gradient_clip_val': 0.3910653810655752, 'hidden_size': 89, 'dropout': 0.34085098356765864, 'hidden_continuous_size': 12, 'attention_head_size': 3, 'learning_rate': 0.005744817910427576}. Best is trial 13 with value: 0.07518815249204636.
LOCAL_RANK: 0 - CUDA_VISIBLE_DEVICES: [0]
[I 2023-12-16 12:45:27,497] Trial 47 finished with value: 0.12571655213832855 and parameters: {'gradient_clip_val': 0.45991827307591976, 'hidden_size': 60, 'dropout': 0.32588085809530243, 'hidden_continuous_size': 12, 'attention_head_size': 4, 'learning_rate': 0.005905013482059222}. Best is trial 13 with value: 0.07518815249204636.
LOCAL_RANK: 0 - CUDA_VISIBLE_DEVICES: [0]
[I 2023-12-16 12:46:21,659] Trial 48 finished with value: 0.07631492614746094 and parameters: {'gradient_clip_val': 0.3737379361418711, 'hidden_size': 86, 'dropout': 0.3397198861592541, 'hidden_continuous_size': 10, 'attention_head_size': 3, 'learning_rate': 0.004476265708433571}. Best is trial 13 with value: 0.07518815249204636.
LOCAL_RANK: 0 - CUDA_VISIBLE_DEVICES: [0]
[I 2023-12-16 12:47:15,104] Trial 49 finished with value: 0.12755492329597473 and parameters: {'gradient_clip_val': 0.39413753242774663, 'hidden_size': 88, 'dropout': 0.36897105515495743, 'hidden_continuous_size': 11, 'attention_head_size': 3, 'learning_rate': 0.004634820946797991}. Best is trial 13 with value: 0.07518815249204636.
[I 2023-12-16 12:47:15,208] A new study created in memory with name: no-name-96f6a5e4-05d4-4737-9794-eaa0543f8ca6
/home/le004/conda/anaconda3/envs/tsff_env/lib/python3.9/site-packages/lightning/fabric/plugins/environments/slurm.py:191: The `srun` command is available on your system but is not used. HINT: If your intention is to run Lightning on SLURM, prepend your python command with `srun` like so: srun python /home/le004/master_thesis/git/TSFusionForecast/code/ ...
LOCAL_RANK: 0 - CUDA_VISIBLE_DEVICES: [0]
[I 2023-12-16 12:48:01,056] Trial 0 finished with value: 0.1712857335805893 and parameters: {'gradient_clip_val': 0.1215396494701082, 'hidden_size': 9, 'dropout': 0.3367797131269461, 'hidden_continuous_size': 7, 'attention_head_size': 3, 'learning_rate': 0.03731078187880192}. Best is trial 0 with value: 0.1712857335805893.
LOCAL_RANK: 0 - CUDA_VISIBLE_DEVICES: [0]
[I 2023-12-16 12:48:47,183] Trial 1 finished with value: 0.16744840145111084 and parameters: {'gradient_clip_val': 0.21139155700996964, 'hidden_size': 18, 'dropout': 0.23857196927488214, 'hidden_continuous_size': 6, 'attention_head_size': 1, 'learning_rate': 0.0029570411342718767}. Best is trial 1 with value: 0.16744840145111084.
LOCAL_RANK: 0 - CUDA_VISIBLE_DEVICES: [0]
[I 2023-12-16 12:49:34,977] Trial 2 finished with value: 0.04689521715044975 and parameters: {'gradient_clip_val': 0.8039918041450855, 'hidden_size': 18, 'dropout': 0.3847093334142875, 'hidden_continuous_size': 9, 'attention_head_size': 3, 'learning_rate': 0.007916142324287403}. Best is trial 2 with value: 0.04689521715044975.
LOCAL_RANK: 0 - CUDA_VISIBLE_DEVICES: [0]
[I 2023-12-16 12:50:20,146] Trial 3 finished with value: 0.0740852802991867 and parameters: {'gradient_clip_val': 0.1633325493136037, 'hidden_size': 10, 'dropout': 0.24791288379781923, 'hidden_continuous_size': 6, 'attention_head_size': 2, 'learning_rate': 0.008871960106645394}. Best is trial 2 with value: 0.04689521715044975.
LOCAL_RANK: 0 - CUDA_VISIBLE_DEVICES: [0]
[I 2023-12-16 12:51:12,932] Trial 4 finished with value: 0.1824246644973755 and parameters: {'gradient_clip_val': 0.6921608991520396, 'hidden_size': 30, 'dropout': 0.19863843086720415, 'hidden_continuous_size': 26, 'attention_head_size': 4, 'learning_rate': 0.046180444173882146}. Best is trial 2 with value: 0.04689521715044975.
LOCAL_RANK: 0 - CUDA_VISIBLE_DEVICES: [0]
[I 2023-12-16 12:52:03,671] Trial 5 finished with value: 0.057946544140577316 and parameters: {'gradient_clip_val': 0.23678910102676493, 'hidden_size': 27, 'dropout': 0.30331686719125983, 'hidden_continuous_size': 23, 'attention_head_size': 2, 'learning_rate': 0.0373318977651328}. Best is trial 2 with value: 0.04689521715044975.
LOCAL_RANK: 0 - CUDA_VISIBLE_DEVICES: [0]
[I 2023-12-16 12:52:52,558] Trial 6 finished with value: 0.23879927396774292 and parameters: {'gradient_clip_val': 0.1287492342259063, 'hidden_size': 33, 'dropout': 0.1864985026923835, 'hidden_continuous_size': 7, 'attention_head_size': 1, 'learning_rate': 0.03897197880940858}. Best is trial 2 with value: 0.04689521715044975.
LOCAL_RANK: 0 - CUDA_VISIBLE_DEVICES: [0]
[I 2023-12-16 12:53:26,508] Trial 7 finished with value: 2.4705440998077393 and parameters: {'gradient_clip_val': 0.7204501167013966, 'hidden_size': 5, 'dropout': 0.2636001477107536, 'hidden_continuous_size': 5, 'attention_head_size': 2, 'learning_rate': 0.0009448040966884895}. Best is trial 2 with value: 0.04689521715044975.
LOCAL_RANK: 0 - CUDA_VISIBLE_DEVICES: [0]
[I 2023-12-16 12:54:18,756] Trial 8 finished with value: 0.2887328565120697 and parameters: {'gradient_clip_val': 0.14001546722150365, 'hidden_size': 41, 'dropout': 0.16296480671417543, 'hidden_continuous_size': 16, 'attention_head_size': 2, 'learning_rate': 0.006111430278944269}. Best is trial 2 with value: 0.04689521715044975.
LOCAL_RANK: 0 - CUDA_VISIBLE_DEVICES: [0]
[I 2023-12-16 12:55:08,000] Trial 9 finished with value: 0.06207755208015442 and parameters: {'gradient_clip_val': 0.7948808075310159, 'hidden_size': 23, 'dropout': 0.207254482112317, 'hidden_continuous_size': 10, 'attention_head_size': 3, 'learning_rate': 0.01157459054232369}. Best is trial 2 with value: 0.04689521715044975.
LOCAL_RANK: 0 - CUDA_VISIBLE_DEVICES: [0]
[I 2023-12-16 12:56:04,829] Trial 10 finished with value: 0.07605316489934921 and parameters: {'gradient_clip_val': 0.4277895765216046, 'hidden_size': 84, 'dropout': 0.39353231916575226, 'hidden_continuous_size': 57, 'attention_head_size': 4, 'learning_rate': 0.0005621403825704222}. Best is trial 2 with value: 0.04689521715044975.
LOCAL_RANK: 0 - CUDA_VISIBLE_DEVICES: [0]
[I 2023-12-16 12:56:50,708] Trial 11 finished with value: 0.2231113165616989 and parameters: {'gradient_clip_val': 0.3169797558191067, 'hidden_size': 15, 'dropout': 0.34202688151762073, 'hidden_continuous_size': 5, 'attention_head_size': 3, 'learning_rate': 0.09067272338504696}. Best is trial 2 with value: 0.04689521715044975.
LOCAL_RANK: 0 - CUDA_VISIBLE_DEVICES: [0]
[I 2023-12-16 12:57:43,213] Trial 12 finished with value: 0.04705611988902092 and parameters: {'gradient_clip_val': 0.4684058325432136, 'hidden_size': 45, 'dropout': 0.3996012281209263, 'hidden_continuous_size': 15, 'attention_head_size': 2, 'learning_rate': 0.018702599199951507}. Best is trial 2 with value: 0.04689521715044975.
LOCAL_RANK: 0 - CUDA_VISIBLE_DEVICES: [0]
[I 2023-12-16 12:58:36,525] Trial 13 finished with value: 0.12359240651130676 and parameters: {'gradient_clip_val': 0.9837378530075435, 'hidden_size': 54, 'dropout': 0.3960162814062006, 'hidden_continuous_size': 11, 'attention_head_size': 3, 'learning_rate': 0.01725952191901894}. Best is trial 2 with value: 0.04689521715044975.
LOCAL_RANK: 0 - CUDA_VISIBLE_DEVICES: [0]
[I 2023-12-16 12:59:29,223] Trial 14 finished with value: 0.4564923048019409 and parameters: {'gradient_clip_val': 0.5237169498863274, 'hidden_size': 50, 'dropout': 0.1248778079655036, 'hidden_continuous_size': 10, 'attention_head_size': 1, 'learning_rate': 0.004176506513273149}. Best is trial 2 with value: 0.04689521715044975.
LOCAL_RANK: 0 - CUDA_VISIBLE_DEVICES: [0]
[I 2023-12-16 13:00:24,988] Trial 15 finished with value: 0.5734589099884033 and parameters: {'gradient_clip_val': 0.4989443137341332, 'hidden_size': 100, 'dropout': 0.399622255237805, 'hidden_continuous_size': 16, 'attention_head_size': 4, 'learning_rate': 0.016069972202540403}. Best is trial 2 with value: 0.04689521715044975.
LOCAL_RANK: 0 - CUDA_VISIBLE_DEVICES: [0]
[I 2023-12-16 13:01:18,539] Trial 16 finished with value: 0.06620645523071289 and parameters: {'gradient_clip_val': 0.3854210201221692, 'hidden_size': 65, 'dropout': 0.35644672692185914, 'hidden_continuous_size': 12, 'attention_head_size': 2, 'learning_rate': 0.0034069667507156897}. Best is trial 2 with value: 0.04689521715044975.
LOCAL_RANK: 0 - CUDA_VISIBLE_DEVICES: [0]
[I 2023-12-16 13:02:10,948] Trial 17 finished with value: 0.3911628723144531 and parameters: {'gradient_clip_val': 0.5907669621665499, 'hidden_size': 39, 'dropout': 0.30520477621612996, 'hidden_continuous_size': 14, 'attention_head_size': 3, 'learning_rate': 0.017539659243384256}. Best is trial 2 with value: 0.04689521715044975.
LOCAL_RANK: 0 - CUDA_VISIBLE_DEVICES: [0]
[I 2023-12-16 13:02:58,315] Trial 18 finished with value: 0.2019856572151184 and parameters: {'gradient_clip_val': 0.9781848711144562, 'hidden_size': 18, 'dropout': 0.37349525788252447, 'hidden_continuous_size': 8, 'attention_head_size': 2, 'learning_rate': 0.006574341374014805}. Best is trial 2 with value: 0.04689521715044975.
LOCAL_RANK: 0 - CUDA_VISIBLE_DEVICES: [0]
[I 2023-12-16 13:03:46,258] Trial 19 finished with value: 0.1049329861998558 and parameters: {'gradient_clip_val': 0.5999975132265434, 'hidden_size': 24, 'dropout': 0.3644362002934017, 'hidden_continuous_size': 9, 'attention_head_size': 3, 'learning_rate': 0.02250907192138186}. Best is trial 2 with value: 0.04689521715044975.
LOCAL_RANK: 0 - CUDA_VISIBLE_DEVICES: [0]
[I 2023-12-16 13:04:40,445] Trial 20 finished with value: 0.04686935618519783 and parameters: {'gradient_clip_val': 0.40484813016311877, 'hidden_size': 68, 'dropout': 0.3162219905814696, 'hidden_continuous_size': 21, 'attention_head_size': 4, 'learning_rate': 0.011150596196986419}. Best is trial 20 with value: 0.04686935618519783.
LOCAL_RANK: 0 - CUDA_VISIBLE_DEVICES: [0]
[I 2023-12-16 13:05:34,777] Trial 21 finished with value: 0.04954515025019646 and parameters: {'gradient_clip_val': 0.39841338449123476, 'hidden_size': 68, 'dropout': 0.32798435333992193, 'hidden_continuous_size': 21, 'attention_head_size': 4, 'learning_rate': 0.01071975940610665}. Best is trial 20 with value: 0.04686935618519783.
LOCAL_RANK: 0 - CUDA_VISIBLE_DEVICES: [0]
[I 2023-12-16 13:06:27,175] Trial 22 finished with value: 0.0815269723534584 and parameters: {'gradient_clip_val': 0.321575025530116, 'hidden_size': 44, 'dropout': 0.3727758583337159, 'hidden_continuous_size': 13, 'attention_head_size': 4, 'learning_rate': 0.0053399279530754505}. Best is trial 20 with value: 0.04686935618519783.
LOCAL_RANK: 0 - CUDA_VISIBLE_DEVICES: [0]
[I 2023-12-16 13:07:21,653] Trial 23 finished with value: 0.05959164723753929 and parameters: {'gradient_clip_val': 0.4799446937018941, 'hidden_size': 70, 'dropout': 0.31128780156349295, 'hidden_continuous_size': 19, 'attention_head_size': 4, 'learning_rate': 0.01027938985763585}. Best is trial 20 with value: 0.04686935618519783.
LOCAL_RANK: 0 - CUDA_VISIBLE_DEVICES: [0]
[I 2023-12-16 13:08:14,394] Trial 24 finished with value: 0.7622113227844238 and parameters: {'gradient_clip_val': 0.37055024742207515, 'hidden_size': 56, 'dropout': 0.3605983597330434, 'hidden_continuous_size': 27, 'attention_head_size': 3, 'learning_rate': 0.0023606799618132762}. Best is trial 20 with value: 0.04686935618519783.
LOCAL_RANK: 0 - CUDA_VISIBLE_DEVICES: [0]
[I 2023-12-16 13:09:03,751] Trial 25 finished with value: 0.3956289291381836 and parameters: {'gradient_clip_val': 0.5691084900343686, 'hidden_size': 31, 'dropout': 0.3808057866458002, 'hidden_continuous_size': 11, 'attention_head_size': 2, 'learning_rate': 0.006702508809073207}. Best is trial 20 with value: 0.04686935618519783.
LOCAL_RANK: 0 - CUDA_VISIBLE_DEVICES: [0]
[I 2023-12-16 13:09:56,227] Trial 26 finished with value: 0.0536910779774189 and parameters: {'gradient_clip_val': 0.4601525968846329, 'hidden_size': 38, 'dropout': 0.3482784017584456, 'hidden_continuous_size': 15, 'attention_head_size': 3, 'learning_rate': 0.021639405749112026}. Best is trial 20 with value: 0.04686935618519783.
LOCAL_RANK: 0 - CUDA_VISIBLE_DEVICES: [0]
[I 2023-12-16 13:10:52,273] Trial 27 finished with value: 0.09549691528081894 and parameters: {'gradient_clip_val': 0.7770140442369218, 'hidden_size': 98, 'dropout': 0.32502611766409223, 'hidden_continuous_size': 31, 'attention_head_size': 4, 'learning_rate': 0.01277939260877454}. Best is trial 20 with value: 0.04686935618519783.
LOCAL_RANK: 0 - CUDA_VISIBLE_DEVICES: [0]
[I 2023-12-16 13:11:44,319] Trial 28 finished with value: 0.05277329310774803 and parameters: {'gradient_clip_val': 0.26764023708377727, 'hidden_size': 47, 'dropout': 0.2885807645360064, 'hidden_continuous_size': 13, 'attention_head_size': 1, 'learning_rate': 0.008575231040533343}. Best is trial 20 with value: 0.04686935618519783.
LOCAL_RANK: 0 - CUDA_VISIBLE_DEVICES: [0]
[I 2023-12-16 13:12:37,711] Trial 29 finished with value: 0.11943433433771133 and parameters: {'gradient_clip_val': 0.6319212266576721, 'hidden_size': 76, 'dropout': 0.3413150213848552, 'hidden_continuous_size': 8, 'attention_head_size': 3, 'learning_rate': 0.026508801584051757}. Best is trial 20 with value: 0.04686935618519783.
LOCAL_RANK: 0 - CUDA_VISIBLE_DEVICES: [0]
[I 2023-12-16 13:13:31,705] Trial 30 finished with value: 0.09923756122589111 and parameters: {'gradient_clip_val': 0.4435012498342791, 'hidden_size': 59, 'dropout': 0.3809816860647082, 'hidden_continuous_size': 18, 'attention_head_size': 3, 'learning_rate': 0.004682094074800731}. Best is trial 20 with value: 0.04686935618519783.
LOCAL_RANK: 0 - CUDA_VISIBLE_DEVICES: [0]
[I 2023-12-16 13:14:25,587] Trial 31 finished with value: 0.4931211769580841 and parameters: {'gradient_clip_val': 0.39954033314625015, 'hidden_size': 68, 'dropout': 0.33003957403099043, 'hidden_continuous_size': 20, 'attention_head_size': 4, 'learning_rate': 0.012324286534177243}. Best is trial 20 with value: 0.04686935618519783.
LOCAL_RANK: 0 - CUDA_VISIBLE_DEVICES: [0]
[I 2023-12-16 13:15:21,574] Trial 32 finished with value: 0.09460654109716415 and parameters: {'gradient_clip_val': 0.3516985548870428, 'hidden_size': 82, 'dropout': 0.3300290596687359, 'hidden_continuous_size': 35, 'attention_head_size': 4, 'learning_rate': 0.008470149956482374}. Best is trial 20 with value: 0.04686935618519783.
LOCAL_RANK: 0 - CUDA_VISIBLE_DEVICES: [0]
[I 2023-12-16 13:16:15,403] Trial 33 finished with value: 0.11328893154859543 and parameters: {'gradient_clip_val': 0.27563241188019444, 'hidden_size': 55, 'dropout': 0.3576698107132114, 'hidden_continuous_size': 22, 'attention_head_size': 4, 'learning_rate': 0.013785975014787216}. Best is trial 20 with value: 0.04686935618519783.
LOCAL_RANK: 0 - CUDA_VISIBLE_DEVICES: [0]
[I 2023-12-16 13:17:09,657] Trial 34 finished with value: 0.21659035980701447 and parameters: {'gradient_clip_val': 0.5452647973906165, 'hidden_size': 62, 'dropout': 0.2832643400354953, 'hidden_continuous_size': 17, 'attention_head_size': 4, 'learning_rate': 0.008909662522282901}. Best is trial 20 with value: 0.04686935618519783.
LOCAL_RANK: 0 - CUDA_VISIBLE_DEVICES: [0]
[I 2023-12-16 13:17:59,670] Trial 35 finished with value: 0.1160447895526886 and parameters: {'gradient_clip_val': 0.43341848010857287, 'hidden_size': 36, 'dropout': 0.34708962548597255, 'hidden_continuous_size': 14, 'attention_head_size': 2, 'learning_rate': 0.024316946495240733}. Best is trial 20 with value: 0.04686935618519783.
LOCAL_RANK: 0 - CUDA_VISIBLE_DEVICES: [0]
[I 2023-12-16 13:18:49,068] Trial 36 finished with value: 0.2835630178451538 and parameters: {'gradient_clip_val': 0.3535077534129496, 'hidden_size': 28, 'dropout': 0.3190068168784051, 'hidden_continuous_size': 17, 'attention_head_size': 4, 'learning_rate': 0.010242226328285663}. Best is trial 20 with value: 0.04686935618519783.
LOCAL_RANK: 0 - CUDA_VISIBLE_DEVICES: [0]
