[I 2023-12-16 07:36:26,027] Trial 9 finished with value: 192.20068359375 and parameters: {'gradient_clip_val': 0.5049219804284117, 'hidden_size': 59, 'dropout': 0.3811111711705838, 'hidden_continuous_size': 5, 'attention_head_size': 3, 'learning_rate': 0.02230840930216071}. Best is trial 7 with value: 99.3110122680664.
LOCAL_RANK: 0 - CUDA_VISIBLE_DEVICES: [0]
[I 2023-12-16 07:37:13,907] Trial 10 finished with value: 154.67945861816406 and parameters: {'gradient_clip_val': 0.1676255530141351, 'hidden_size': 28, 'dropout': 0.1021331201743515, 'hidden_continuous_size': 15, 'attention_head_size': 1, 'learning_rate': 0.0013591669242635264}. Best is trial 7 with value: 99.3110122680664.
LOCAL_RANK: 0 - CUDA_VISIBLE_DEVICES: [0]
[I 2023-12-16 07:38:02,551] Trial 11 finished with value: 151.5489501953125 and parameters: {'gradient_clip_val': 0.21748870227042438, 'hidden_size': 27, 'dropout': 0.26175423389334934, 'hidden_continuous_size': 8, 'attention_head_size': 1, 'learning_rate': 0.010217876977679048}. Best is trial 7 with value: 99.3110122680664.
LOCAL_RANK: 0 - CUDA_VISIBLE_DEVICES: [0]
[I 2023-12-16 07:38:37,122] Trial 12 finished with value: 144.0000762939453 and parameters: {'gradient_clip_val': 0.3640817337736343, 'hidden_size': 5, 'dropout': 0.26934012676730557, 'hidden_continuous_size': 5, 'attention_head_size': 2, 'learning_rate': 0.002591567399606645}. Best is trial 7 with value: 99.3110122680664.
LOCAL_RANK: 0 - CUDA_VISIBLE_DEVICES: [0]
[I 2023-12-16 07:39:23,601] Trial 13 finished with value: 195.6278076171875 and parameters: {'gradient_clip_val': 0.1624979947501201, 'hidden_size': 20, 'dropout': 0.15316872638974605, 'hidden_continuous_size': 8, 'attention_head_size': 1, 'learning_rate': 0.016416802752750224}. Best is trial 7 with value: 99.3110122680664.
LOCAL_RANK: 0 - CUDA_VISIBLE_DEVICES: [0]
[I 2023-12-16 07:40:12,377] Trial 14 finished with value: 169.3688507080078 and parameters: {'gradient_clip_val': 0.39044223064793476, 'hidden_size': 32, 'dropout': 0.2993975499337906, 'hidden_continuous_size': 15, 'attention_head_size': 2, 'learning_rate': 0.0005692255072994439}. Best is trial 7 with value: 99.3110122680664.
LOCAL_RANK: 0 - CUDA_VISIBLE_DEVICES: [0]
[I 2023-12-16 07:40:57,405] Trial 15 finished with value: 88.34622955322266 and parameters: {'gradient_clip_val': 0.25966674424375813, 'hidden_size': 8, 'dropout': 0.23804825705130148, 'hidden_continuous_size': 6, 'attention_head_size': 4, 'learning_rate': 0.0055373062475699165}. Best is trial 15 with value: 88.34622955322266.
LOCAL_RANK: 0 - CUDA_VISIBLE_DEVICES: [0]
[I 2023-12-16 07:41:50,819] Trial 16 finished with value: 101.82763671875 and parameters: {'gradient_clip_val': 0.14501781927248297, 'hidden_size': 42, 'dropout': 0.15217746347902117, 'hidden_continuous_size': 19, 'attention_head_size': 4, 'learning_rate': 0.0020614162417105504}. Best is trial 15 with value: 88.34622955322266.
LOCAL_RANK: 0 - CUDA_VISIBLE_DEVICES: [0]
[I 2023-12-16 07:42:38,184] Trial 17 finished with value: 151.25860595703125 and parameters: {'gradient_clip_val': 0.2214868111754824, 'hidden_size': 18, 'dropout': 0.29229055278306326, 'hidden_continuous_size': 6, 'attention_head_size': 4, 'learning_rate': 0.003961152045889602}. Best is trial 15 with value: 88.34622955322266.
LOCAL_RANK: 0 - CUDA_VISIBLE_DEVICES: [0]
[I 2023-12-16 07:43:28,946] Trial 18 finished with value: 228.8831329345703 and parameters: {'gradient_clip_val': 0.10015417818308557, 'hidden_size': 40, 'dropout': 0.3328888018981321, 'hidden_continuous_size': 10, 'attention_head_size': 4, 'learning_rate': 0.0958038034452657}. Best is trial 15 with value: 88.34622955322266.
LOCAL_RANK: 0 - CUDA_VISIBLE_DEVICES: [0]
[I 2023-12-16 07:44:14,544] Trial 19 finished with value: 146.5401611328125 and parameters: {'gradient_clip_val': 0.26858404402417835, 'hidden_size': 15, 'dropout': 0.24114124174524, 'hidden_continuous_size': 7, 'attention_head_size': 1, 'learning_rate': 0.0010070041523867661}. Best is trial 15 with value: 88.34622955322266.
LOCAL_RANK: 0 - CUDA_VISIBLE_DEVICES: [0]
[I 2023-12-16 07:45:00,680] Trial 20 finished with value: 146.47564697265625 and parameters: {'gradient_clip_val': 0.13463391785479514, 'hidden_size': 9, 'dropout': 0.24847839305132555, 'hidden_continuous_size': 6, 'attention_head_size': 4, 'learning_rate': 0.0024529787673805694}. Best is trial 15 with value: 88.34622955322266.
LOCAL_RANK: 0 - CUDA_VISIBLE_DEVICES: [0]
[I 2023-12-16 07:45:53,950] Trial 21 finished with value: 97.58570098876953 and parameters: {'gradient_clip_val': 0.15189677689669442, 'hidden_size': 42, 'dropout': 0.1620458209134055, 'hidden_continuous_size': 19, 'attention_head_size': 4, 'learning_rate': 0.002306910696009337}. Best is trial 15 with value: 88.34622955322266.
LOCAL_RANK: 0 - CUDA_VISIBLE_DEVICES: [0]
[I 2023-12-16 07:46:49,991] Trial 22 finished with value: 221.385009765625 and parameters: {'gradient_clip_val': 0.19370378682668563, 'hidden_size': 99, 'dropout': 0.18071966757915958, 'hidden_continuous_size': 26, 'attention_head_size': 4, 'learning_rate': 0.004591419364963909}. Best is trial 15 with value: 88.34622955322266.
LOCAL_RANK: 0 - CUDA_VISIBLE_DEVICES: [0]
[I 2023-12-16 07:47:39,309] Trial 23 finished with value: 101.96602630615234 and parameters: {'gradient_clip_val': 0.12769473991742322, 'hidden_size': 22, 'dropout': 0.1738235210376693, 'hidden_continuous_size': 12, 'attention_head_size': 3, 'learning_rate': 0.0009317050414265596}. Best is trial 15 with value: 88.34622955322266.
LOCAL_RANK: 0 - CUDA_VISIBLE_DEVICES: [0]
[I 2023-12-16 07:48:31,612] Trial 24 finished with value: 188.0616455078125 and parameters: {'gradient_clip_val': 0.16229737910256453, 'hidden_size': 40, 'dropout': 0.11890516345819405, 'hidden_continuous_size': 19, 'attention_head_size': 4, 'learning_rate': 0.001864570461483898}. Best is trial 15 with value: 88.34622955322266.
LOCAL_RANK: 0 - CUDA_VISIBLE_DEVICES: [0]
[I 2023-12-16 07:49:20,807] Trial 25 finished with value: 181.2196502685547 and parameters: {'gradient_clip_val': 0.12249859009821934, 'hidden_size': 23, 'dropout': 0.21531836220505218, 'hidden_continuous_size': 9, 'attention_head_size': 3, 'learning_rate': 0.006267806598996149}. Best is trial 15 with value: 88.34622955322266.
LOCAL_RANK: 0 - CUDA_VISIBLE_DEVICES: [0]
[I 2023-12-16 07:50:10,875] Trial 26 finished with value: 162.7149658203125 and parameters: {'gradient_clip_val': 0.19359161634234873, 'hidden_size': 33, 'dropout': 0.17031722346538003, 'hidden_continuous_size': 15, 'attention_head_size': 2, 'learning_rate': 0.002848321518394691}. Best is trial 15 with value: 88.34622955322266.
LOCAL_RANK: 0 - CUDA_VISIBLE_DEVICES: [0]
[I 2023-12-16 07:51:04,982] Trial 27 finished with value: 171.1914825439453 and parameters: {'gradient_clip_val': 0.14496653021096478, 'hidden_size': 46, 'dropout': 0.1308526368902032, 'hidden_continuous_size': 40, 'attention_head_size': 4, 'learning_rate': 0.001956287624545144}. Best is trial 15 with value: 88.34622955322266.
LOCAL_RANK: 0 - CUDA_VISIBLE_DEVICES: [0]
[I 2023-12-16 07:51:52,871] Trial 28 finished with value: 125.4376220703125 and parameters: {'gradient_clip_val': 0.11504976717990684, 'hidden_size': 17, 'dropout': 0.21531135347973687, 'hidden_continuous_size': 11, 'attention_head_size': 3, 'learning_rate': 0.0008524049928269268}. Best is trial 15 with value: 88.34622955322266.
LOCAL_RANK: 0 - CUDA_VISIBLE_DEVICES: [0]
[I 2023-12-16 07:52:39,578] Trial 29 finished with value: 254.0919189453125 and parameters: {'gradient_clip_val': 0.10513798221926308, 'hidden_size': 13, 'dropout': 0.22899260089305176, 'hidden_continuous_size': 9, 'attention_head_size': 4, 'learning_rate': 0.0037752537584810095}. Best is trial 15 with value: 88.34622955322266.
LOCAL_RANK: 0 - CUDA_VISIBLE_DEVICES: [0]
[I 2023-12-16 07:53:29,028] Trial 30 finished with value: 150.06202697753906 and parameters: {'gradient_clip_val': 0.28687476682838703, 'hidden_size': 25, 'dropout': 0.18394435370450016, 'hidden_continuous_size': 14, 'attention_head_size': 3, 'learning_rate': 0.0014835711181866182}. Best is trial 15 with value: 88.34622955322266.
LOCAL_RANK: 0 - CUDA_VISIBLE_DEVICES: [0]
[I 2023-12-16 07:54:22,259] Trial 31 finished with value: 189.515869140625 and parameters: {'gradient_clip_val': 0.14274395427456313, 'hidden_size': 46, 'dropout': 0.14169604740013395, 'hidden_continuous_size': 20, 'attention_head_size': 4, 'learning_rate': 0.0029779957508177207}. Best is trial 15 with value: 88.34622955322266.
LOCAL_RANK: 0 - CUDA_VISIBLE_DEVICES: [0]
[I 2023-12-16 07:55:14,389] Trial 32 finished with value: 117.32703399658203 and parameters: {'gradient_clip_val': 0.11978166810588348, 'hidden_size': 33, 'dropout': 0.16533741817162187, 'hidden_continuous_size': 18, 'attention_head_size': 4, 'learning_rate': 0.0021502108642469588}. Best is trial 15 with value: 88.34622955322266.
LOCAL_RANK: 0 - CUDA_VISIBLE_DEVICES: [0]
[I 2023-12-16 07:56:07,435] Trial 33 finished with value: 219.8191375732422 and parameters: {'gradient_clip_val': 0.1465939155872478, 'hidden_size': 39, 'dropout': 0.1435797156042451, 'hidden_continuous_size': 21, 'attention_head_size': 4, 'learning_rate': 0.005786682392625285}. Best is trial 15 with value: 88.34622955322266.
LOCAL_RANK: 0 - CUDA_VISIBLE_DEVICES: [0]
[I 2023-12-16 07:57:00,186] Trial 34 finished with value: 173.597900390625 and parameters: {'gradient_clip_val': 0.18001918930765307, 'hidden_size': 51, 'dropout': 0.15600678049426212, 'hidden_continuous_size': 13, 'attention_head_size': 2, 'learning_rate': 0.0033576377119044413}. Best is trial 15 with value: 88.34622955322266.
LOCAL_RANK: 0 - CUDA_VISIBLE_DEVICES: [0]
[I 2023-12-16 07:57:50,887] Trial 35 finished with value: 94.7535400390625 and parameters: {'gradient_clip_val': 0.22651904177414864, 'hidden_size': 30, 'dropout': 0.19857787709721153, 'hidden_continuous_size': 17, 'attention_head_size': 4, 'learning_rate': 0.0017410203218688571}. Best is trial 15 with value: 88.34622955322266.
LOCAL_RANK: 0 - CUDA_VISIBLE_DEVICES: [0]
[I 2023-12-16 07:58:40,595] Trial 36 finished with value: 125.8446044921875 and parameters: {'gradient_clip_val': 0.22191209157126024, 'hidden_size': 29, 'dropout': 0.1992431857243055, 'hidden_continuous_size': 17, 'attention_head_size': 2, 'learning_rate': 0.0013483017508935844}. Best is trial 15 with value: 88.34622955322266.
LOCAL_RANK: 0 - CUDA_VISIBLE_DEVICES: [0]
[I 2023-12-16 07:59:29,946] Trial 37 finished with value: 208.4712371826172 and parameters: {'gradient_clip_val': 0.2976689071107754, 'hidden_size': 21, 'dropout': 0.1911949414876896, 'hidden_continuous_size': 11, 'attention_head_size': 4, 'learning_rate': 0.005023568605209278}. Best is trial 15 with value: 88.34622955322266.
LOCAL_RANK: 0 - CUDA_VISIBLE_DEVICES: [0]
[I 2023-12-16 08:00:21,954] Trial 38 finished with value: 224.6643829345703 and parameters: {'gradient_clip_val': 0.24673611180351143, 'hidden_size': 36, 'dropout': 0.2103274337860181, 'hidden_continuous_size': 22, 'attention_head_size': 3, 'learning_rate': 0.0077083748412384995}. Best is trial 15 with value: 88.34622955322266.
LOCAL_RANK: 0 - CUDA_VISIBLE_DEVICES: [0]
[I 2023-12-16 08:01:11,490] Trial 39 finished with value: 86.5144271850586 and parameters: {'gradient_clip_val': 0.24988503727802747, 'hidden_size': 31, 'dropout': 0.22756727292448473, 'hidden_continuous_size': 13, 'attention_head_size': 3, 'learning_rate': 0.001692883369048418}. Best is trial 39 with value: 86.5144271850586.
LOCAL_RANK: 0 - CUDA_VISIBLE_DEVICES: [0]
[I 2023-12-16 08:02:01,075] Trial 40 finished with value: 93.80255889892578 and parameters: {'gradient_clip_val': 0.2476017808946858, 'hidden_size': 25, 'dropout': 0.21833894436606818, 'hidden_continuous_size': 17, 'attention_head_size': 3, 'learning_rate': 0.0016858587463556842}. Best is trial 39 with value: 86.5144271850586.
LOCAL_RANK: 0 - CUDA_VISIBLE_DEVICES: [0]
[I 2023-12-16 08:02:50,379] Trial 41 finished with value: 165.84910583496094 and parameters: {'gradient_clip_val': 0.25592042300040124, 'hidden_size': 25, 'dropout': 0.2280841689508132, 'hidden_continuous_size': 17, 'attention_head_size': 3, 'learning_rate': 0.0017038308827677896}. Best is trial 39 with value: 86.5144271850586.
LOCAL_RANK: 0 - CUDA_VISIBLE_DEVICES: [0]
[I 2023-12-16 08:03:38,541] Trial 42 finished with value: 190.08331298828125 and parameters: {'gradient_clip_val': 0.29666795790391415, 'hidden_size': 24, 'dropout': 0.20840283160029574, 'hidden_continuous_size': 16, 'attention_head_size': 3, 'learning_rate': 0.003409658454584652}. Best is trial 39 with value: 86.5144271850586.
LOCAL_RANK: 0 - CUDA_VISIBLE_DEVICES: [0]
[I 2023-12-16 08:04:28,228] Trial 43 finished with value: 89.48369598388672 and parameters: {'gradient_clip_val': 0.2364867811000293, 'hidden_size': 29, 'dropout': 0.22840989544912355, 'hidden_continuous_size': 13, 'attention_head_size': 3, 'learning_rate': 0.0016645585782148237}. Best is trial 39 with value: 86.5144271850586.
LOCAL_RANK: 0 - CUDA_VISIBLE_DEVICES: [0]
[I 2023-12-16 08:05:18,176] Trial 44 finished with value: 125.01456451416016 and parameters: {'gradient_clip_val': 0.23719516292426196, 'hidden_size': 27, 'dropout': 0.23675237701091445, 'hidden_continuous_size': 13, 'attention_head_size': 3, 'learning_rate': 0.0016674309362332282}. Best is trial 39 with value: 86.5144271850586.
LOCAL_RANK: 0 - CUDA_VISIBLE_DEVICES: [0]
[I 2023-12-16 08:06:06,333] Trial 45 finished with value: 127.825439453125 and parameters: {'gradient_clip_val': 0.32893391582355735, 'hidden_size': 20, 'dropout': 0.22399406889765244, 'hidden_continuous_size': 14, 'attention_head_size': 3, 'learning_rate': 0.0011596179420284175}. Best is trial 39 with value: 86.5144271850586.
LOCAL_RANK: 0 - CUDA_VISIBLE_DEVICES: [0]
[I 2023-12-16 08:06:56,200] Trial 46 finished with value: 88.78521728515625 and parameters: {'gradient_clip_val': 0.2711141622526749, 'hidden_size': 29, 'dropout': 0.25664084751181426, 'hidden_continuous_size': 13, 'attention_head_size': 3, 'learning_rate': 0.0008330587493412065}. Best is trial 39 with value: 86.5144271850586.
LOCAL_RANK: 0 - CUDA_VISIBLE_DEVICES: [0]
[I 2023-12-16 08:07:46,516] Trial 47 finished with value: 119.86931610107422 and parameters: {'gradient_clip_val': 0.2699084933311936, 'hidden_size': 35, 'dropout': 0.25915203683415244, 'hidden_continuous_size': 11, 'attention_head_size': 3, 'learning_rate': 0.0006858366574520988}. Best is trial 39 with value: 86.5144271850586.
LOCAL_RANK: 0 - CUDA_VISIBLE_DEVICES: [0]
[I 2023-12-16 08:08:34,831] Trial 48 finished with value: 99.14398193359375 and parameters: {'gradient_clip_val': 0.20338287667585003, 'hidden_size': 28, 'dropout': 0.24640782009851203, 'hidden_continuous_size': 13, 'attention_head_size': 3, 'learning_rate': 0.0007217591290154523}. Best is trial 39 with value: 86.5144271850586.
LOCAL_RANK: 0 - CUDA_VISIBLE_DEVICES: [0]
[I 2023-12-16 08:09:23,015] Trial 49 finished with value: 144.14694213867188 and parameters: {'gradient_clip_val': 0.24426464162716677, 'hidden_size': 17, 'dropout': 0.2594602088879993, 'hidden_continuous_size': 12, 'attention_head_size': 3, 'learning_rate': 0.0005140757404144192}. Best is trial 39 with value: 86.5144271850586.
[I 2023-12-16 08:09:23,106] A new study created in memory with name: no-name-512a3734-6d60-413f-bfbb-c660c957df1e
/home/le004/conda/anaconda3/envs/tsff_env/lib/python3.9/site-packages/lightning/fabric/plugins/environments/slurm.py:191: The `srun` command is available on your system but is not used. HINT: If your intention is to run Lightning on SLURM, prepend your python command with `srun` like so: srun python /home/le004/master_thesis/git/TSFusionForecast/code/ ...
LOCAL_RANK: 0 - CUDA_VISIBLE_DEVICES: [0]
[I 2023-12-16 08:10:08,886] Trial 0 finished with value: 47.2408447265625 and parameters: {'gradient_clip_val': 0.1443201509283568, 'hidden_size': 11, 'dropout': 0.1829736455116442, 'hidden_continuous_size': 7, 'attention_head_size': 3, 'learning_rate': 0.0010349144091132225}. Best is trial 0 with value: 47.2408447265625.
LOCAL_RANK: 0 - CUDA_VISIBLE_DEVICES: [0]
[I 2023-12-16 08:10:43,236] Trial 1 finished with value: 12.246289253234863 and parameters: {'gradient_clip_val': 0.20279183109253676, 'hidden_size': 10, 'dropout': 0.2629506316728931, 'hidden_continuous_size': 10, 'attention_head_size': 1, 'learning_rate': 0.026391614594135377}. Best is trial 1 with value: 12.246289253234863.
LOCAL_RANK: 0 - CUDA_VISIBLE_DEVICES: [0]
[I 2023-12-16 08:11:35,102] Trial 2 finished with value: 10.905731201171875 and parameters: {'gradient_clip_val': 0.27127042091441445, 'hidden_size': 54, 'dropout': 0.1258667956236155, 'hidden_continuous_size': 6, 'attention_head_size': 3, 'learning_rate': 0.002726372612208735}. Best is trial 2 with value: 10.905731201171875.
LOCAL_RANK: 0 - CUDA_VISIBLE_DEVICES: [0]
[I 2023-12-16 08:12:25,438] Trial 3 finished with value: 16.401687622070312 and parameters: {'gradient_clip_val': 0.14648303883970173, 'hidden_size': 37, 'dropout': 0.22861161773398728, 'hidden_continuous_size': 8, 'attention_head_size': 4, 'learning_rate': 0.008140175904052326}. Best is trial 2 with value: 10.905731201171875.
LOCAL_RANK: 0 - CUDA_VISIBLE_DEVICES: [0]
[I 2023-12-16 08:13:11,372] Trial 4 finished with value: 9.755204200744629 and parameters: {'gradient_clip_val': 0.4286099668780451, 'hidden_size': 9, 'dropout': 0.3195607229322377, 'hidden_continuous_size': 7, 'attention_head_size': 3, 'learning_rate': 0.005706104595999498}. Best is trial 4 with value: 9.755204200744629.
LOCAL_RANK: 0 - CUDA_VISIBLE_DEVICES: [0]
[I 2023-12-16 08:14:05,139] Trial 5 finished with value: 16.576417922973633 and parameters: {'gradient_clip_val': 0.28881066439473474, 'hidden_size': 69, 'dropout': 0.10044473350666369, 'hidden_continuous_size': 14, 'attention_head_size': 3, 'learning_rate': 0.007435088011765494}. Best is trial 4 with value: 9.755204200744629.
LOCAL_RANK: 0 - CUDA_VISIBLE_DEVICES: [0]
[I 2023-12-16 08:14:53,450] Trial 6 finished with value: 10.487700462341309 and parameters: {'gradient_clip_val': 0.27660012524020466, 'hidden_size': 24, 'dropout': 0.23661910096289185, 'hidden_continuous_size': 7, 'attention_head_size': 4, 'learning_rate': 0.0034658694667205614}. Best is trial 4 with value: 9.755204200744629.
LOCAL_RANK: 0 - CUDA_VISIBLE_DEVICES: [0]
[I 2023-12-16 08:15:46,616] Trial 7 finished with value: 18.615188598632812 and parameters: {'gradient_clip_val': 0.8812600667766316, 'hidden_size': 69, 'dropout': 0.25822645159464264, 'hidden_continuous_size': 11, 'attention_head_size': 3, 'learning_rate': 0.039135379218874396}. Best is trial 4 with value: 9.755204200744629.
LOCAL_RANK: 0 - CUDA_VISIBLE_DEVICES: [0]
[I 2023-12-16 08:16:33,886] Trial 8 finished with value: 16.998428344726562 and parameters: {'gradient_clip_val': 0.5756853965253623, 'hidden_size': 15, 'dropout': 0.11015663793979398, 'hidden_continuous_size': 14, 'attention_head_size': 3, 'learning_rate': 0.0006619632869540618}. Best is trial 4 with value: 9.755204200744629.
LOCAL_RANK: 0 - CUDA_VISIBLE_DEVICES: [0]
[I 2023-12-16 08:17:27,033] Trial 9 finished with value: 13.60693645477295 and parameters: {'gradient_clip_val': 0.16236050997197812, 'hidden_size': 43, 'dropout': 0.332858072565933, 'hidden_continuous_size': 31, 'attention_head_size': 3, 'learning_rate': 0.006676010084120908}. Best is trial 4 with value: 9.755204200744629.
LOCAL_RANK: 0 - CUDA_VISIBLE_DEVICES: [0]
[I 2023-12-16 08:18:00,906] Trial 10 finished with value: 7.9355692863464355 and parameters: {'gradient_clip_val': 0.4789089651713963, 'hidden_size': 5, 'dropout': 0.38486494498278395, 'hidden_continuous_size': 5, 'attention_head_size': 1, 'learning_rate': 0.05258900819719499}. Best is trial 10 with value: 7.9355692863464355.
LOCAL_RANK: 0 - CUDA_VISIBLE_DEVICES: [0]
[I 2023-12-16 08:18:34,996] Trial 11 finished with value: 8.560157775878906 and parameters: {'gradient_clip_val': 0.45279949991538065, 'hidden_size': 5, 'dropout': 0.39159646984646257, 'hidden_continuous_size': 5, 'attention_head_size': 1, 'learning_rate': 0.09157125930638683}. Best is trial 10 with value: 7.9355692863464355.
LOCAL_RANK: 0 - CUDA_VISIBLE_DEVICES: [0]
[I 2023-12-16 08:19:09,014] Trial 12 finished with value: 13.606163024902344 and parameters: {'gradient_clip_val': 0.46450225212866003, 'hidden_size': 5, 'dropout': 0.39525453843884123, 'hidden_continuous_size': 5, 'attention_head_size': 1, 'learning_rate': 0.09563603989310558}. Best is trial 10 with value: 7.9355692863464355.
LOCAL_RANK: 0 - CUDA_VISIBLE_DEVICES: [0]
[I 2023-12-16 08:19:42,684] Trial 13 finished with value: 12.581839561462402 and parameters: {'gradient_clip_val': 0.6430659366938271, 'hidden_size': 5, 'dropout': 0.38924567786299086, 'hidden_continuous_size': 5, 'attention_head_size': 1, 'learning_rate': 0.08367956369577494}. Best is trial 10 with value: 7.9355692863464355.
LOCAL_RANK: 0 - CUDA_VISIBLE_DEVICES: [0]
[I 2023-12-16 08:20:27,753] Trial 14 finished with value: 12.343066215515137 and parameters: {'gradient_clip_val': 0.37661447823064503, 'hidden_size': 6, 'dropout': 0.36619918441061655, 'hidden_continuous_size': 5, 'attention_head_size': 2, 'learning_rate': 0.0338997221229674}. Best is trial 10 with value: 7.9355692863464355.
LOCAL_RANK: 0 - CUDA_VISIBLE_DEVICES: [0]
[I 2023-12-16 08:21:12,181] Trial 15 finished with value: 9.196537971496582 and parameters: {'gradient_clip_val': 0.10967056449734724, 'hidden_size': 8, 'dropout': 0.34667123656497845, 'hidden_continuous_size': 5, 'attention_head_size': 2, 'learning_rate': 0.016553055299685294}. Best is trial 10 with value: 7.9355692863464355.
LOCAL_RANK: 0 - CUDA_VISIBLE_DEVICES: [0]
[I 2023-12-16 08:21:57,099] Trial 16 finished with value: 13.499356269836426 and parameters: {'gradient_clip_val': 0.5862275066266133, 'hidden_size': 7, 'dropout': 0.3199673749539267, 'hidden_continuous_size': 5, 'attention_head_size': 2, 'learning_rate': 0.05727743812597717}. Best is trial 10 with value: 7.9355692863464355.
LOCAL_RANK: 0 - CUDA_VISIBLE_DEVICES: [0]
