[I 2023-12-27 11:18:29,734] Trial 46 finished with value: 3.3397178649902344 and parameters: {'gradient_clip_val': 0.303323653806761, 'hidden_size': 46, 'dropout': 0.3432873149657482, 'hidden_continuous_size': 33, 'attention_head_size': 4, 'learning_rate': 0.0005290007719096456}. Best is trial 1 with value: 0.15041892230510712.
[I 2023-12-27 11:18:30,326] Trial 47 finished with value: 3.6116783618927 and parameters: {'gradient_clip_val': 0.3346986400678022, 'hidden_size': 132, 'dropout': 0.3089071045982827, 'hidden_continuous_size': 70, 'attention_head_size': 3, 'learning_rate': 0.00987204951707183}. Best is trial 1 with value: 0.15041892230510712.
[I 2023-12-27 11:18:30,819] Trial 48 finished with value: 2.1681244373321533 and parameters: {'gradient_clip_val': 0.20027000366192407, 'hidden_size': 89, 'dropout': 0.4040720036792721, 'hidden_continuous_size': 51, 'attention_head_size': 2, 'learning_rate': 0.018744604906950874}. Best is trial 1 with value: 0.15041892230510712.
[I 2023-12-27 11:18:31,258] Trial 49 finished with value: 3.1829023361206055 and parameters: {'gradient_clip_val': 0.17179909669489735, 'hidden_size': 56, 'dropout': 0.38445961837027376, 'hidden_continuous_size': 42, 'attention_head_size': 1, 'learning_rate': 0.050263101400556}. Best is trial 1 with value: 0.15041892230510712.
[I 2023-12-27 11:18:31,374] A new study created in memory with name: no-name-8d0c5fd2-b8f6-4354-bc43-419251422473
/home/le004/conda/anaconda3/envs/tsff_env/lib/python3.9/site-packages/lightning/fabric/plugins/environments/slurm.py:191: The `srun` command is available on your system but is not used. HINT: If your intention is to run Lightning on SLURM, prepend your python command with `srun` like so: srun python /home/le004/master_thesis/git/TSFusionForecast/code/ ...
[I 2023-12-27 11:19:04,783] Trial 0 finished with value: 0.18903696537017822 and parameters: {'gradient_clip_val': 0.9467278640233486, 'hidden_size': 20, 'dropout': 0.46900008283454075, 'hidden_continuous_size': 5, 'attention_head_size': 3, 'learning_rate': 0.0212247117047624}. Best is trial 0 with value: 0.18903696537017822.
[I 2023-12-27 11:19:19,651] Trial 1 finished with value: 0.753447949886322 and parameters: {'gradient_clip_val': 0.9113814807561891, 'hidden_size': 68, 'dropout': 0.22381496504964932, 'hidden_continuous_size': 30, 'attention_head_size': 3, 'learning_rate': 0.0020939184228767438}. Best is trial 0 with value: 0.18903696537017822.
[I 2023-12-27 11:19:20,056] Trial 2 finished with value: 2.7298085689544678 and parameters: {'gradient_clip_val': 0.8280913481717144, 'hidden_size': 41, 'dropout': 0.45861854889385445, 'hidden_continuous_size': 35, 'attention_head_size': 1, 'learning_rate': 0.00191859319533903}. Best is trial 0 with value: 0.18903696537017822.
[I 2023-12-27 11:19:20,387] Trial 3 finished with value: 4.8764848709106445 and parameters: {'gradient_clip_val': 0.946577065270539, 'hidden_size': 5, 'dropout': 0.41138852446099206, 'hidden_continuous_size': 5, 'attention_head_size': 4, 'learning_rate': 0.028692073163464085}. Best is trial 0 with value: 0.18903696537017822.
[I 2023-12-27 11:19:20,873] Trial 4 finished with value: 2.7687156200408936 and parameters: {'gradient_clip_val': 0.16968785187891233, 'hidden_size': 104, 'dropout': 0.4387394470599889, 'hidden_continuous_size': 6, 'attention_head_size': 2, 'learning_rate': 0.015288197885563137}. Best is trial 0 with value: 0.18903696537017822.
[I 2023-12-27 11:19:21,230] Trial 5 finished with value: 3.7729456424713135 and parameters: {'gradient_clip_val': 0.6137922150228282, 'hidden_size': 12, 'dropout': 0.17734980135531853, 'hidden_continuous_size': 6, 'attention_head_size': 1, 'learning_rate': 0.011448540163273166}. Best is trial 0 with value: 0.18903696537017822.
[I 2023-12-27 11:19:21,592] Trial 6 finished with value: 2.3152143955230713 and parameters: {'gradient_clip_val': 0.33861506514085904, 'hidden_size': 6, 'dropout': 0.13193492392139153, 'hidden_continuous_size': 5, 'attention_head_size': 1, 'learning_rate': 0.017098775748940895}. Best is trial 0 with value: 0.18903696537017822.
[I 2023-12-27 11:19:22,127] Trial 7 finished with value: 3.3038203716278076 and parameters: {'gradient_clip_val': 0.21099791917977204, 'hidden_size': 121, 'dropout': 0.27112179293946914, 'hidden_continuous_size': 28, 'attention_head_size': 1, 'learning_rate': 0.0010609199910416882}. Best is trial 0 with value: 0.18903696537017822.
[I 2023-12-27 11:19:22,606] Trial 8 finished with value: 3.58070969581604 and parameters: {'gradient_clip_val': 0.21970722218243266, 'hidden_size': 100, 'dropout': 0.22447079799950154, 'hidden_continuous_size': 5, 'attention_head_size': 2, 'learning_rate': 0.09913743647557832}. Best is trial 0 with value: 0.18903696537017822.
[I 2023-12-27 11:19:22,934] Trial 9 finished with value: 3.763913869857788 and parameters: {'gradient_clip_val': 0.42882295883849053, 'hidden_size': 5, 'dropout': 0.15899163296658558, 'hidden_continuous_size': 5, 'attention_head_size': 4, 'learning_rate': 0.007457146449037062}. Best is trial 0 with value: 0.18903696537017822.
[I 2023-12-27 11:19:23,569] Trial 10 finished with value: 3.1071889400482178 and parameters: {'gradient_clip_val': 0.10077111470951837, 'hidden_size': 22, 'dropout': 0.36233473947151723, 'hidden_continuous_size': 9, 'attention_head_size': 3, 'learning_rate': 0.004128246349709561}. Best is trial 0 with value: 0.18903696537017822.
[I 2023-12-27 11:19:24,007] Trial 11 finished with value: 3.6560752391815186 and parameters: {'gradient_clip_val': 0.6274671104711044, 'hidden_size': 43, 'dropout': 0.33020195005816133, 'hidden_continuous_size': 18, 'attention_head_size': 3, 'learning_rate': 0.0006156863668999477}. Best is trial 0 with value: 0.18903696537017822.
[I 2023-12-27 11:19:24,441] Trial 12 finished with value: 3.1145076751708984 and parameters: {'gradient_clip_val': 0.9914774795317713, 'hidden_size': 53, 'dropout': 0.2816360746559224, 'hidden_continuous_size': 53, 'attention_head_size': 3, 'learning_rate': 0.003046238585163576}. Best is trial 0 with value: 0.18903696537017822.
[I 2023-12-27 11:19:24,836] Trial 13 finished with value: 3.062906265258789 and parameters: {'gradient_clip_val': 0.5880686755270834, 'hidden_size': 17, 'dropout': 0.49034431663665445, 'hidden_continuous_size': 9, 'attention_head_size': 3, 'learning_rate': 0.004316713343169405}. Best is trial 0 with value: 0.18903696537017822.
[I 2023-12-27 11:19:25,270] Trial 14 finished with value: 3.001664400100708 and parameters: {'gradient_clip_val': 0.7389767267496611, 'hidden_size': 28, 'dropout': 0.3746146542589839, 'hidden_continuous_size': 14, 'attention_head_size': 4, 'learning_rate': 0.001708519333122458}. Best is trial 0 with value: 0.18903696537017822.
[I 2023-12-27 11:19:25,774] Trial 15 finished with value: 3.401630163192749 and parameters: {'gradient_clip_val': 0.4942794137234544, 'hidden_size': 74, 'dropout': 0.4988197240130737, 'hidden_continuous_size': 68, 'attention_head_size': 2, 'learning_rate': 0.03301360746919351}. Best is trial 0 with value: 0.18903696537017822.
[I 2023-12-27 11:19:26,234] Trial 16 finished with value: 3.1948564052581787 and parameters: {'gradient_clip_val': 0.9880627182873951, 'hidden_size': 62, 'dropout': 0.2261680973255608, 'hidden_continuous_size': 18, 'attention_head_size': 3, 'learning_rate': 0.008053955830296231}. Best is trial 0 with value: 0.18903696537017822.
[I 2023-12-27 11:19:26,647] Trial 17 finished with value: 2.14839768409729 and parameters: {'gradient_clip_val': 0.7243714597733917, 'hidden_size': 34, 'dropout': 0.3220572199654128, 'hidden_continuous_size': 9, 'attention_head_size': 2, 'learning_rate': 0.000690492434764883}. Best is trial 0 with value: 0.18903696537017822.
[I 2023-12-27 11:19:27,138] Trial 18 finished with value: 4.005182266235352 and parameters: {'gradient_clip_val': 0.4278362312391423, 'hidden_size': 76, 'dropout': 0.4055906693529245, 'hidden_continuous_size': 27, 'attention_head_size': 4, 'learning_rate': 0.002466688719723574}. Best is trial 0 with value: 0.18903696537017822.
[I 2023-12-27 11:19:27,797] Trial 19 finished with value: 3.5240495204925537 and parameters: {'gradient_clip_val': 0.8239592373608413, 'hidden_size': 138, 'dropout': 0.11575500322617499, 'hidden_continuous_size': 106, 'attention_head_size': 3, 'learning_rate': 0.004871121341695612}. Best is trial 0 with value: 0.18903696537017822.
[I 2023-12-27 11:19:28,192] Trial 20 finished with value: 3.652883768081665 and parameters: {'gradient_clip_val': 0.5163986492372264, 'hidden_size': 23, 'dropout': 0.30317370118980913, 'hidden_continuous_size': 7, 'attention_head_size': 2, 'learning_rate': 0.001403694244015307}. Best is trial 0 with value: 0.18903696537017822.
[I 2023-12-27 11:19:28,604] Trial 21 finished with value: 3.157801389694214 and parameters: {'gradient_clip_val': 0.694408582843757, 'hidden_size': 34, 'dropout': 0.3318896495258171, 'hidden_continuous_size': 9, 'attention_head_size': 2, 'learning_rate': 0.0005062456656237917}. Best is trial 0 with value: 0.18903696537017822.
[I 2023-12-27 11:19:29,040] Trial 22 finished with value: 4.031073093414307 and parameters: {'gradient_clip_val': 0.7553946686756656, 'hidden_size': 47, 'dropout': 0.3805207654024557, 'hidden_continuous_size': 13, 'attention_head_size': 3, 'learning_rate': 0.0010774405041954257}. Best is trial 0 with value: 0.18903696537017822.
[I 2023-12-27 11:19:29,712] Trial 23 finished with value: 2.894253969192505 and parameters: {'gradient_clip_val': 0.7979634284867514, 'hidden_size': 30, 'dropout': 0.44781753753016856, 'hidden_continuous_size': 10, 'attention_head_size': 2, 'learning_rate': 0.0007667346258006923}. Best is trial 0 with value: 0.18903696537017822.
[I 2023-12-27 11:19:30,135] Trial 24 finished with value: 2.6585536003112793 and parameters: {'gradient_clip_val': 0.6458293289464979, 'hidden_size': 37, 'dropout': 0.24611162572215092, 'hidden_continuous_size': 7, 'attention_head_size': 3, 'learning_rate': 0.0008459829260061198}. Best is trial 0 with value: 0.18903696537017822.
[I 2023-12-27 11:19:30,528] Trial 25 finished with value: 3.6380364894866943 and parameters: {'gradient_clip_val': 0.829449711450759, 'hidden_size': 17, 'dropout': 0.19832649408608566, 'hidden_continuous_size': 8, 'attention_head_size': 2, 'learning_rate': 0.001288750117492762}. Best is trial 0 with value: 0.18903696537017822.
[I 2023-12-27 11:19:30,991] Trial 26 finished with value: 2.855025291442871 and parameters: {'gradient_clip_val': 0.9897500648801328, 'hidden_size': 57, 'dropout': 0.31687069608449264, 'hidden_continuous_size': 11, 'attention_head_size': 3, 'learning_rate': 0.0020966258146116732}. Best is trial 0 with value: 0.18903696537017822.
[I 2023-12-27 11:19:31,417] Trial 27 finished with value: 3.5819923877716064 and parameters: {'gradient_clip_val': 0.7182337597298705, 'hidden_size': 35, 'dropout': 0.26212331537755207, 'hidden_continuous_size': 11, 'attention_head_size': 4, 'learning_rate': 0.0007228003293885991}. Best is trial 0 with value: 0.18903696537017822.
[I 2023-12-27 11:19:31,891] Trial 28 finished with value: 2.8928940296173096 and parameters: {'gradient_clip_val': 0.5593510856599464, 'hidden_size': 74, 'dropout': 0.28055126990654455, 'hidden_continuous_size': 14, 'attention_head_size': 2, 'learning_rate': 0.0005310861479467586}. Best is trial 0 with value: 0.18903696537017822.
[I 2023-12-27 11:19:32,313] Trial 29 finished with value: 2.986300230026245 and parameters: {'gradient_clip_val': 0.8476226626237253, 'hidden_size': 42, 'dropout': 0.46095424364758236, 'hidden_continuous_size': 6, 'attention_head_size': 1, 'learning_rate': 0.001980726474122273}. Best is trial 0 with value: 0.18903696537017822.
[I 2023-12-27 11:19:32,759] Trial 30 finished with value: 2.673076629638672 and parameters: {'gradient_clip_val': 0.8580179517777393, 'hidden_size': 45, 'dropout': 0.34387440737086994, 'hidden_continuous_size': 18, 'attention_head_size': 3, 'learning_rate': 0.002882366939774077}. Best is trial 0 with value: 0.18903696537017822.
[I 2023-12-27 11:19:33,151] Trial 31 finished with value: 3.2650668621063232 and parameters: {'gradient_clip_val': 0.3619100858315832, 'hidden_size': 9, 'dropout': 0.10863102889321496, 'hidden_continuous_size': 5, 'attention_head_size': 1, 'learning_rate': 0.0014600891697381009}. Best is trial 0 with value: 0.18903696537017822.
[I 2023-12-27 11:19:33,543] Trial 32 finished with value: 2.7141668796539307 and parameters: {'gradient_clip_val': 0.6349017272159948, 'hidden_size': 7, 'dropout': 0.15052664646011368, 'hidden_continuous_size': 5, 'attention_head_size': 1, 'learning_rate': 0.0009223861564069681}. Best is trial 0 with value: 0.18903696537017822.
[I 2023-12-27 11:19:33,935] Trial 33 finished with value: 3.5619380474090576 and parameters: {'gradient_clip_val': 0.9006626682050268, 'hidden_size': 11, 'dropout': 0.292642496475238, 'hidden_continuous_size': 6, 'attention_head_size': 1, 'learning_rate': 0.019938575984511764}. Best is trial 0 with value: 0.18903696537017822.
[I 2023-12-27 11:19:34,329] Trial 34 finished with value: 3.6152877807617188 and parameters: {'gradient_clip_val': 0.7307829596445643, 'hidden_size': 18, 'dropout': 0.4139182954503851, 'hidden_continuous_size': 7, 'attention_head_size': 1, 'learning_rate': 0.01092460575536057}. Best is trial 0 with value: 0.18903696537017822.
[I 2023-12-27 11:19:34,733] Trial 35 finished with value: 3.267256021499634 and parameters: {'gradient_clip_val': 0.2833639782205115, 'hidden_size': 14, 'dropout': 0.18768289315012796, 'hidden_continuous_size': 6, 'attention_head_size': 2, 'learning_rate': 0.021462633509253592}. Best is trial 0 with value: 0.18903696537017822.
[I 2023-12-27 11:19:35,396] Trial 36 finished with value: 3.196850061416626 and parameters: {'gradient_clip_val': 0.8781842966210108, 'hidden_size': 26, 'dropout': 0.22461772393504342, 'hidden_continuous_size': 8, 'attention_head_size': 2, 'learning_rate': 0.0011619379706274023}. Best is trial 0 with value: 0.18903696537017822.
[I 2023-12-27 11:19:35,754] Trial 37 finished with value: 3.2618582248687744 and parameters: {'gradient_clip_val': 0.558610599861245, 'hidden_size': 5, 'dropout': 0.2589858182953021, 'hidden_continuous_size': 5, 'attention_head_size': 4, 'learning_rate': 0.03328777936612613}. Best is trial 0 with value: 0.18903696537017822.
[I 2023-12-27 11:19:36,155] Trial 38 finished with value: 3.515864133834839 and parameters: {'gradient_clip_val': 0.6935844228360806, 'hidden_size': 22, 'dropout': 0.15569299046831314, 'hidden_continuous_size': 5, 'attention_head_size': 1, 'learning_rate': 0.011920193873071258}. Best is trial 0 with value: 0.18903696537017822.
[I 2023-12-27 11:19:36,548] Trial 39 finished with value: 2.8658266067504883 and parameters: {'gradient_clip_val': 0.4731883758734326, 'hidden_size': 7, 'dropout': 0.30037456404961294, 'hidden_continuous_size': 5, 'attention_head_size': 3, 'learning_rate': 0.04197991059301534}. Best is trial 0 with value: 0.18903696537017822.
[I 2023-12-27 11:19:37,095] Trial 40 finished with value: 4.15174674987793 and parameters: {'gradient_clip_val': 0.9385337251557281, 'hidden_size': 91, 'dropout': 0.2041722243763707, 'hidden_continuous_size': 23, 'attention_head_size': 2, 'learning_rate': 0.005503837566095694}. Best is trial 0 with value: 0.18903696537017822.
[I 2023-12-27 11:19:37,510] Trial 41 finished with value: 3.028394937515259 and parameters: {'gradient_clip_val': 0.6178987178396664, 'hidden_size': 34, 'dropout': 0.24078457811821496, 'hidden_continuous_size': 7, 'attention_head_size': 3, 'learning_rate': 0.001631853678666596}. Best is trial 0 with value: 0.18903696537017822.
[I 2023-12-27 11:19:37,945] Trial 42 finished with value: 2.770106554031372 and parameters: {'gradient_clip_val': 0.6893815492935803, 'hidden_size': 39, 'dropout': 0.2403197842144444, 'hidden_continuous_size': 6, 'attention_head_size': 3, 'learning_rate': 0.0009120287074371317}. Best is trial 0 with value: 0.18903696537017822.
[I 2023-12-27 11:19:38,399] Trial 43 finished with value: 2.1560487747192383 and parameters: {'gradient_clip_val': 0.8908116234232746, 'hidden_size': 54, 'dropout': 0.17336572261465488, 'hidden_continuous_size': 6, 'attention_head_size': 3, 'learning_rate': 0.0006329070603194509}. Best is trial 0 with value: 0.18903696537017822.
[I 2023-12-27 11:19:38,836] Trial 44 finished with value: 2.918743848800659 and parameters: {'gradient_clip_val': 0.782547099321271, 'hidden_size': 50, 'dropout': 0.1275071416098078, 'hidden_continuous_size': 6, 'attention_head_size': 3, 'learning_rate': 0.0006479793125748838}. Best is trial 0 with value: 0.18903696537017822.
[I 2023-12-27 11:19:39,298] Trial 45 finished with value: 3.776334047317505 and parameters: {'gradient_clip_val': 0.9970654609011822, 'hidden_size': 59, 'dropout': 0.17608047915977293, 'hidden_continuous_size': 8, 'attention_head_size': 3, 'learning_rate': 0.0007285472115697102}. Best is trial 0 with value: 0.18903696537017822.
[I 2023-12-27 11:19:39,760] Trial 46 finished with value: 3.362088441848755 and parameters: {'gradient_clip_val': 0.8909271608713855, 'hidden_size': 65, 'dropout': 0.13197068436604031, 'hidden_continuous_size': 5, 'attention_head_size': 4, 'learning_rate': 0.0011860494256631395}. Best is trial 0 with value: 0.18903696537017822.
[I 2023-12-27 11:19:40,201] Trial 47 finished with value: 3.889421224594116 and parameters: {'gradient_clip_val': 0.7740829382613477, 'hidden_size': 52, 'dropout': 0.17163594732879378, 'hidden_continuous_size': 7, 'attention_head_size': 3, 'learning_rate': 0.0006119258497278811}. Best is trial 0 with value: 0.18903696537017822.
[I 2023-12-27 11:19:40,710] Trial 48 finished with value: 3.339109420776367 and parameters: {'gradient_clip_val': 0.9136823607651586, 'hidden_size': 92, 'dropout': 0.20037386310281652, 'hidden_continuous_size': 35, 'attention_head_size': 3, 'learning_rate': 0.0010103936818072327}. Best is trial 0 with value: 0.18903696537017822.
[I 2023-12-27 11:19:41,391] Trial 49 finished with value: 2.5997469425201416 and parameters: {'gradient_clip_val': 0.595401249856849, 'hidden_size': 43, 'dropout': 0.10068638219748144, 'hidden_continuous_size': 6, 'attention_head_size': 2, 'learning_rate': 0.0016496347748681762}. Best is trial 0 with value: 0.18903696537017822.
[I 2023-12-27 11:19:41,510] A new study created in memory with name: no-name-e59157cc-f8a3-4d4b-bee1-bb46e38ebaed
/home/le004/conda/anaconda3/envs/tsff_env/lib/python3.9/site-packages/lightning/fabric/plugins/environments/slurm.py:191: The `srun` command is available on your system but is not used. HINT: If your intention is to run Lightning on SLURM, prepend your python command with `srun` like so: srun python /home/le004/master_thesis/git/TSFusionForecast/code/ ...
[I 2023-12-27 11:20:12,980] Trial 0 finished with value: 0.7335483431816101 and parameters: {'gradient_clip_val': 0.22575019763177323, 'hidden_size': 10, 'dropout': 0.49475483275685916, 'hidden_continuous_size': 8, 'attention_head_size': 1, 'learning_rate': 0.004295598449367493}. Best is trial 0 with value: 0.7335483431816101.
[I 2023-12-27 11:20:43,966] Trial 1 finished with value: 0.06935223191976547 and parameters: {'gradient_clip_val': 0.7890012452252644, 'hidden_size': 8, 'dropout': 0.4785013392575921, 'hidden_continuous_size': 5, 'attention_head_size': 2, 'learning_rate': 0.08967503146409721}. Best is trial 1 with value: 0.06935223191976547.
[I 2023-12-27 11:20:52,644] Trial 2 finished with value: 1.8746751546859741 and parameters: {'gradient_clip_val': 0.1629204466243965, 'hidden_size': 5, 'dropout': 0.16367940605993664, 'hidden_continuous_size': 5, 'attention_head_size': 4, 'learning_rate': 0.026045938430842127}. Best is trial 1 with value: 0.06935223191976547.
[I 2023-12-27 11:20:52,976] Trial 3 finished with value: 2.8801887035369873 and parameters: {'gradient_clip_val': 0.17137589625291516, 'hidden_size': 16, 'dropout': 0.19300443448252014, 'hidden_continuous_size': 10, 'attention_head_size': 1, 'learning_rate': 0.0013507500124303451}. Best is trial 1 with value: 0.06935223191976547.
[I 2023-12-27 11:20:53,627] Trial 4 finished with value: 3.0329296588897705 and parameters: {'gradient_clip_val': 0.9963426509699996, 'hidden_size': 139, 'dropout': 0.1429970183138719, 'hidden_continuous_size': 130, 'attention_head_size': 3, 'learning_rate': 0.007277406411369385}. Best is trial 1 with value: 0.06935223191976547.
[I 2023-12-27 11:20:53,949] Trial 5 finished with value: 3.1420304775238037 and parameters: {'gradient_clip_val': 0.4035145610627064, 'hidden_size': 6, 'dropout': 0.19368016326115664, 'hidden_continuous_size': 6, 'attention_head_size': 2, 'learning_rate': 0.0006268654968857687}. Best is trial 1 with value: 0.06935223191976547.
[I 2023-12-27 11:20:54,300] Trial 6 finished with value: 2.389355421066284 and parameters: {'gradient_clip_val': 0.44280746936877435, 'hidden_size': 12, 'dropout': 0.2769452897264276, 'hidden_continuous_size': 11, 'attention_head_size': 1, 'learning_rate': 0.0390382885620947}. Best is trial 1 with value: 0.06935223191976547.
[I 2023-12-27 11:20:54,683] Trial 7 finished with value: 2.4660868644714355 and parameters: {'gradient_clip_val': 0.3232336076688827, 'hidden_size': 39, 'dropout': 0.4679754912227003, 'hidden_continuous_size': 15, 'attention_head_size': 3, 'learning_rate': 0.003921058219542549}. Best is trial 1 with value: 0.06935223191976547.
[I 2023-12-27 11:20:55,257] Trial 8 finished with value: 2.633958339691162 and parameters: {'gradient_clip_val': 0.12012715618877616, 'hidden_size': 17, 'dropout': 0.3113210939005904, 'hidden_continuous_size': 12, 'attention_head_size': 4, 'learning_rate': 0.002758991388951918}. Best is trial 1 with value: 0.06935223191976547.
