[I 2023-12-15 13:56:37,885] Trial 27 finished with value: 2.0291097164154053 and parameters: {'gradient_clip_val': 0.6677220928293103, 'hidden_size': 52, 'dropout': 0.3732301179184787, 'hidden_continuous_size': 19, 'attention_head_size': 1, 'learning_rate': 0.024038785108921462}. Best is trial 5 with value: 0.27971673011779785.
LOCAL_RANK: 0 - CUDA_VISIBLE_DEVICES: [0]
[I 2023-12-15 13:57:28,927] Trial 28 finished with value: 2.302877187728882 and parameters: {'gradient_clip_val': 0.28442298200679716, 'hidden_size': 34, 'dropout': 0.33718631090370466, 'hidden_continuous_size': 13, 'attention_head_size': 2, 'learning_rate': 0.01625367384901697}. Best is trial 5 with value: 0.27971673011779785.
LOCAL_RANK: 0 - CUDA_VISIBLE_DEVICES: [0]
[I 2023-12-15 13:58:14,758] Trial 29 finished with value: 4.303825855255127 and parameters: {'gradient_clip_val': 0.3332900214865189, 'hidden_size': 10, 'dropout': 0.3018672672351409, 'hidden_continuous_size': 7, 'attention_head_size': 1, 'learning_rate': 0.03792204656144644}. Best is trial 5 with value: 0.27971673011779785.
LOCAL_RANK: 0 - CUDA_VISIBLE_DEVICES: [0]
[I 2023-12-15 13:59:06,522] Trial 30 finished with value: 0.7210466265678406 and parameters: {'gradient_clip_val': 0.22332562614314733, 'hidden_size': 60, 'dropout': 0.31246746495216965, 'hidden_continuous_size': 8, 'attention_head_size': 1, 'learning_rate': 0.05812334063985708}. Best is trial 5 with value: 0.27971673011779785.
LOCAL_RANK: 0 - CUDA_VISIBLE_DEVICES: [0]
[I 2023-12-15 13:59:54,595] Trial 31 finished with value: 0.7194101214408875 and parameters: {'gradient_clip_val': 0.5104736898210673, 'hidden_size': 19, 'dropout': 0.13450454104090287, 'hidden_continuous_size': 11, 'attention_head_size': 1, 'learning_rate': 0.004068143252888085}. Best is trial 5 with value: 0.27971673011779785.
LOCAL_RANK: 0 - CUDA_VISIBLE_DEVICES: [0]
[I 2023-12-15 14:00:40,808] Trial 32 finished with value: 1.5331764221191406 and parameters: {'gradient_clip_val': 0.555900710016963, 'hidden_size': 15, 'dropout': 0.11183619424260655, 'hidden_continuous_size': 9, 'attention_head_size': 1, 'learning_rate': 0.0028258273829232824}. Best is trial 5 with value: 0.27971673011779785.
LOCAL_RANK: 0 - CUDA_VISIBLE_DEVICES: [0]
[I 2023-12-15 14:01:26,676] Trial 33 finished with value: 1.0459299087524414 and parameters: {'gradient_clip_val': 0.4129649350433705, 'hidden_size': 11, 'dropout': 0.23999672745279674, 'hidden_continuous_size': 9, 'attention_head_size': 1, 'learning_rate': 0.008454131330729924}. Best is trial 5 with value: 0.27971673011779785.
LOCAL_RANK: 0 - CUDA_VISIBLE_DEVICES: [0]
[I 2023-12-15 14:02:11,447] Trial 34 finished with value: 0.8807972073554993 and parameters: {'gradient_clip_val': 0.5713265175621743, 'hidden_size': 8, 'dropout': 0.38729509333875284, 'hidden_continuous_size': 7, 'attention_head_size': 2, 'learning_rate': 0.013797312467062863}. Best is trial 5 with value: 0.27971673011779785.
LOCAL_RANK: 0 - CUDA_VISIBLE_DEVICES: [0]
[I 2023-12-15 14:02:57,576] Trial 35 finished with value: 0.2914339005947113 and parameters: {'gradient_clip_val': 0.17161523046479876, 'hidden_size': 16, 'dropout': 0.28582338469218016, 'hidden_continuous_size': 10, 'attention_head_size': 4, 'learning_rate': 0.021032497912686347}. Best is trial 5 with value: 0.27971673011779785.
LOCAL_RANK: 0 - CUDA_VISIBLE_DEVICES: [0]
[I 2023-12-15 14:03:46,517] Trial 36 finished with value: 3.2116992473602295 and parameters: {'gradient_clip_val': 0.17954128318823456, 'hidden_size': 18, 'dropout': 0.2896169721797636, 'hidden_continuous_size': 11, 'attention_head_size': 4, 'learning_rate': 0.020634843325914157}. Best is trial 5 with value: 0.27971673011779785.
LOCAL_RANK: 0 - CUDA_VISIBLE_DEVICES: [0]
[I 2023-12-15 14:04:35,391] Trial 37 finished with value: 1.553490161895752 and parameters: {'gradient_clip_val': 0.1443223634386101, 'hidden_size': 24, 'dropout': 0.35905673097979623, 'hidden_continuous_size': 15, 'attention_head_size': 4, 'learning_rate': 0.029483170095778447}. Best is trial 5 with value: 0.27971673011779785.
LOCAL_RANK: 0 - CUDA_VISIBLE_DEVICES: [0]
[I 2023-12-15 14:05:21,489] Trial 38 finished with value: 0.3419111967086792 and parameters: {'gradient_clip_val': 0.16240419243444235, 'hidden_size': 13, 'dropout': 0.27277072522740475, 'hidden_continuous_size': 6, 'attention_head_size': 4, 'learning_rate': 0.017121118531590616}. Best is trial 5 with value: 0.27971673011779785.
LOCAL_RANK: 0 - CUDA_VISIBLE_DEVICES: [0]
[I 2023-12-15 14:06:07,610] Trial 39 finished with value: 2.18434739112854 and parameters: {'gradient_clip_val': 0.1998716648897259, 'hidden_size': 16, 'dropout': 0.3792303774524797, 'hidden_continuous_size': 10, 'attention_head_size': 4, 'learning_rate': 0.03194800869246686}. Best is trial 5 with value: 0.27971673011779785.
LOCAL_RANK: 0 - CUDA_VISIBLE_DEVICES: [0]
[I 2023-12-15 14:06:52,886] Trial 40 finished with value: 0.0953839123249054 and parameters: {'gradient_clip_val': 0.16459487264394537, 'hidden_size': 12, 'dropout': 0.34260268429894697, 'hidden_continuous_size': 9, 'attention_head_size': 3, 'learning_rate': 0.00931691040412668}. Best is trial 40 with value: 0.0953839123249054.
LOCAL_RANK: 0 - CUDA_VISIBLE_DEVICES: [0]
[I 2023-12-15 14:07:39,541] Trial 41 finished with value: 1.9066267013549805 and parameters: {'gradient_clip_val': 0.1291216366700705, 'hidden_size': 14, 'dropout': 0.3216439229734552, 'hidden_continuous_size': 9, 'attention_head_size': 3, 'learning_rate': 0.010258998012484784}. Best is trial 40 with value: 0.0953839123249054.
LOCAL_RANK: 0 - CUDA_VISIBLE_DEVICES: [0]
[I 2023-12-15 14:08:25,522] Trial 42 finished with value: 4.410789489746094 and parameters: {'gradient_clip_val': 0.1721597218612409, 'hidden_size': 9, 'dropout': 0.34462058839096665, 'hidden_continuous_size': 7, 'attention_head_size': 3, 'learning_rate': 0.014906362239058484}. Best is trial 40 with value: 0.0953839123249054.
LOCAL_RANK: 0 - CUDA_VISIBLE_DEVICES: [0]
[I 2023-12-15 14:09:11,060] Trial 43 finished with value: 6.430002689361572 and parameters: {'gradient_clip_val': 0.12767590221567804, 'hidden_size': 12, 'dropout': 0.2981746726187891, 'hidden_continuous_size': 9, 'attention_head_size': 4, 'learning_rate': 0.019824148532545046}. Best is trial 40 with value: 0.0953839123249054.
LOCAL_RANK: 0 - CUDA_VISIBLE_DEVICES: [0]
[I 2023-12-15 14:10:03,871] Trial 44 finished with value: 3.100478410720825 and parameters: {'gradient_clip_val': 0.15880361221692757, 'hidden_size': 85, 'dropout': 0.33636031210665546, 'hidden_continuous_size': 5, 'attention_head_size': 4, 'learning_rate': 0.008973955759201319}. Best is trial 40 with value: 0.0953839123249054.
LOCAL_RANK: 0 - CUDA_VISIBLE_DEVICES: [0]
[I 2023-12-15 14:10:51,841] Trial 45 finished with value: 2.4752426147460938 and parameters: {'gradient_clip_val': 0.19357342865411964, 'hidden_size': 17, 'dropout': 0.363113292433226, 'hidden_continuous_size': 11, 'attention_head_size': 3, 'learning_rate': 0.013185577883994251}. Best is trial 40 with value: 0.0953839123249054.
LOCAL_RANK: 0 - CUDA_VISIBLE_DEVICES: [0]
[I 2023-12-15 14:11:39,956] Trial 46 finished with value: 1.399427056312561 and parameters: {'gradient_clip_val': 0.23899796297077178, 'hidden_size': 20, 'dropout': 0.3865706520563014, 'hidden_continuous_size': 14, 'attention_head_size': 4, 'learning_rate': 0.018213776881455045}. Best is trial 40 with value: 0.0953839123249054.
LOCAL_RANK: 0 - CUDA_VISIBLE_DEVICES: [0]
[I 2023-12-15 14:12:26,291] Trial 47 finished with value: 0.7909550666809082 and parameters: {'gradient_clip_val': 0.15370009277932553, 'hidden_size': 14, 'dropout': 0.349365303829729, 'hidden_continuous_size': 10, 'attention_head_size': 3, 'learning_rate': 0.024713266440948588}. Best is trial 40 with value: 0.0953839123249054.
LOCAL_RANK: 0 - CUDA_VISIBLE_DEVICES: [0]
[I 2023-12-15 14:13:16,372] Trial 48 finished with value: 1.1527923345565796 and parameters: {'gradient_clip_val': 0.20998226767750736, 'hidden_size': 23, 'dropout': 0.31897287596030566, 'hidden_continuous_size': 12, 'attention_head_size': 3, 'learning_rate': 0.006171831434209409}. Best is trial 40 with value: 0.0953839123249054.
LOCAL_RANK: 0 - CUDA_VISIBLE_DEVICES: [0]
[I 2023-12-15 14:14:07,063] Trial 49 finished with value: 2.50726056098938 and parameters: {'gradient_clip_val': 0.17642505584763502, 'hidden_size': 29, 'dropout': 0.39768442965823575, 'hidden_continuous_size': 16, 'attention_head_size': 4, 'learning_rate': 0.00891902100144055}. Best is trial 40 with value: 0.0953839123249054.
[I 2023-12-15 14:14:07,161] A new study created in memory with name: no-name-7c56d93c-d236-4592-b5d9-02f64fbe5e4b
/home/le004/conda/anaconda3/envs/tsff_env/lib/python3.9/site-packages/lightning/fabric/plugins/environments/slurm.py:191: The `srun` command is available on your system but is not used. HINT: If your intention is to run Lightning on SLURM, prepend your python command with `srun` like so: srun python /home/le004/master_thesis/git/TSFusionForecast/code/ ...
LOCAL_RANK: 0 - CUDA_VISIBLE_DEVICES: [0]
[I 2023-12-15 14:15:00,782] Trial 0 finished with value: 3.1514289379119873 and parameters: {'gradient_clip_val': 0.1266083574600731, 'hidden_size': 61, 'dropout': 0.2471332333008812, 'hidden_continuous_size': 31, 'attention_head_size': 2, 'learning_rate': 0.000619807844709671}. Best is trial 0 with value: 3.1514289379119873.
LOCAL_RANK: 0 - CUDA_VISIBLE_DEVICES: [0]
[I 2023-12-15 14:15:47,877] Trial 1 finished with value: 2.857379913330078 and parameters: {'gradient_clip_val': 0.10605072157075716, 'hidden_size': 9, 'dropout': 0.11315423955506267, 'hidden_continuous_size': 7, 'attention_head_size': 4, 'learning_rate': 0.0005076339546822751}. Best is trial 1 with value: 2.857379913330078.
LOCAL_RANK: 0 - CUDA_VISIBLE_DEVICES: [0]
[I 2023-12-15 14:16:42,867] Trial 2 finished with value: 3.032899856567383 and parameters: {'gradient_clip_val': 0.6477561489705523, 'hidden_size': 87, 'dropout': 0.2505192692886555, 'hidden_continuous_size': 8, 'attention_head_size': 4, 'learning_rate': 0.0020798349599008923}. Best is trial 1 with value: 2.857379913330078.
LOCAL_RANK: 0 - CUDA_VISIBLE_DEVICES: [0]
[I 2023-12-15 14:17:28,905] Trial 3 finished with value: 3.7111918926239014 and parameters: {'gradient_clip_val': 0.7144936711909913, 'hidden_size': 10, 'dropout': 0.391970808450518, 'hidden_continuous_size': 5, 'attention_head_size': 4, 'learning_rate': 0.003735529899343209}. Best is trial 1 with value: 2.857379913330078.
LOCAL_RANK: 0 - CUDA_VISIBLE_DEVICES: [0]
[I 2023-12-15 14:18:24,975] Trial 4 finished with value: 3.897007942199707 and parameters: {'gradient_clip_val': 0.7290095761836493, 'hidden_size': 99, 'dropout': 0.23181643674141963, 'hidden_continuous_size': 35, 'attention_head_size': 2, 'learning_rate': 0.006885683817206377}. Best is trial 1 with value: 2.857379913330078.
LOCAL_RANK: 0 - CUDA_VISIBLE_DEVICES: [0]
[I 2023-12-15 14:19:09,744] Trial 5 finished with value: 0.4747250974178314 and parameters: {'gradient_clip_val': 0.884143445759807, 'hidden_size': 12, 'dropout': 0.3366922002006465, 'hidden_continuous_size': 6, 'attention_head_size': 3, 'learning_rate': 0.029586857648877873}. Best is trial 5 with value: 0.4747250974178314.
LOCAL_RANK: 0 - CUDA_VISIBLE_DEVICES: [0]
[I 2023-12-15 14:19:58,210] Trial 6 finished with value: 1.8526973724365234 and parameters: {'gradient_clip_val': 0.25484800108732186, 'hidden_size': 18, 'dropout': 0.2736774962391013, 'hidden_continuous_size': 17, 'attention_head_size': 2, 'learning_rate': 0.06832170626908785}. Best is trial 5 with value: 0.4747250974178314.
LOCAL_RANK: 0 - CUDA_VISIBLE_DEVICES: [0]
[I 2023-12-15 14:20:48,844] Trial 7 finished with value: 0.7562565803527832 and parameters: {'gradient_clip_val': 0.1678788898522494, 'hidden_size': 32, 'dropout': 0.3755853160902569, 'hidden_continuous_size': 25, 'attention_head_size': 1, 'learning_rate': 0.043586073329651406}. Best is trial 5 with value: 0.4747250974178314.
LOCAL_RANK: 0 - CUDA_VISIBLE_DEVICES: [0]
[I 2023-12-15 14:21:33,373] Trial 8 finished with value: 3.9740803241729736 and parameters: {'gradient_clip_val': 0.764645369175899, 'hidden_size': 12, 'dropout': 0.15606165628653512, 'hidden_continuous_size': 5, 'attention_head_size': 3, 'learning_rate': 0.07682695950552454}. Best is trial 5 with value: 0.4747250974178314.
LOCAL_RANK: 0 - CUDA_VISIBLE_DEVICES: [0]
[I 2023-12-15 14:22:19,007] Trial 9 finished with value: 2.2222907543182373 and parameters: {'gradient_clip_val': 0.13791949126785655, 'hidden_size': 7, 'dropout': 0.24617103897474968, 'hidden_continuous_size': 5, 'attention_head_size': 3, 'learning_rate': 0.009324649201254505}. Best is trial 5 with value: 0.4747250974178314.
LOCAL_RANK: 0 - CUDA_VISIBLE_DEVICES: [0]
[I 2023-12-15 14:22:54,851] Trial 10 finished with value: 4.51240873336792 and parameters: {'gradient_clip_val': 0.4254536852875856, 'hidden_size': 5, 'dropout': 0.3385078349154199, 'hidden_continuous_size': 5, 'attention_head_size': 1, 'learning_rate': 0.023053451067514486}. Best is trial 5 with value: 0.4747250974178314.
LOCAL_RANK: 0 - CUDA_VISIBLE_DEVICES: [0]
[I 2023-12-15 14:23:43,452] Trial 11 finished with value: 1.4256253242492676 and parameters: {'gradient_clip_val': 0.24177840636202916, 'hidden_size': 29, 'dropout': 0.3924273817217645, 'hidden_continuous_size': 13, 'attention_head_size': 1, 'learning_rate': 0.02829353455356426}. Best is trial 5 with value: 0.4747250974178314.
LOCAL_RANK: 0 - CUDA_VISIBLE_DEVICES: [0]
[I 2023-12-15 14:24:34,051] Trial 12 finished with value: 0.76522296667099 and parameters: {'gradient_clip_val': 0.43598267757857523, 'hidden_size': 29, 'dropout': 0.33448415272926796, 'hidden_continuous_size': 19, 'attention_head_size': 3, 'learning_rate': 0.030363100821121196}. Best is trial 5 with value: 0.4747250974178314.
LOCAL_RANK: 0 - CUDA_VISIBLE_DEVICES: [0]
[I 2023-12-15 14:25:21,215] Trial 13 finished with value: 1.007291555404663 and parameters: {'gradient_clip_val': 0.9058690270187605, 'hidden_size': 19, 'dropout': 0.34162960744174153, 'hidden_continuous_size': 7, 'attention_head_size': 1, 'learning_rate': 0.09738631423400457}. Best is trial 5 with value: 0.4747250974178314.
LOCAL_RANK: 0 - CUDA_VISIBLE_DEVICES: [0]
[I 2023-12-15 14:26:12,296] Trial 14 finished with value: 4.412908554077148 and parameters: {'gradient_clip_val': 0.18193373665943535, 'hidden_size': 39, 'dropout': 0.3989388092188468, 'hidden_continuous_size': 11, 'attention_head_size': 2, 'learning_rate': 0.017269656329586405}. Best is trial 5 with value: 0.4747250974178314.
LOCAL_RANK: 0 - CUDA_VISIBLE_DEVICES: [0]
[I 2023-12-15 14:26:58,388] Trial 15 finished with value: 5.2271504402160645 and parameters: {'gradient_clip_val': 0.36542907433900373, 'hidden_size': 14, 'dropout': 0.3077149858766953, 'hidden_continuous_size': 6, 'attention_head_size': 3, 'learning_rate': 0.04478550615703295}. Best is trial 5 with value: 0.4747250974178314.
LOCAL_RANK: 0 - CUDA_VISIBLE_DEVICES: [0]
[I 2023-12-15 14:27:45,457] Trial 16 finished with value: 2.25089955329895 and parameters: {'gradient_clip_val': 0.5134261849324196, 'hidden_size': 17, 'dropout': 0.36043639368573527, 'hidden_continuous_size': 10, 'attention_head_size': 1, 'learning_rate': 0.04704917006438442}. Best is trial 5 with value: 0.4747250974178314.
LOCAL_RANK: 0 - CUDA_VISIBLE_DEVICES: [0]
[I 2023-12-15 14:28:34,577] Trial 17 finished with value: 2.6210196018218994 and parameters: {'gradient_clip_val': 0.28512038288310315, 'hidden_size': 26, 'dropout': 0.30879985002473453, 'hidden_continuous_size': 9, 'attention_head_size': 2, 'learning_rate': 0.015410001656641024}. Best is trial 5 with value: 0.4747250974178314.
LOCAL_RANK: 0 - CUDA_VISIBLE_DEVICES: [0]
[I 2023-12-15 14:29:27,905] Trial 18 finished with value: 2.5932390689849854 and parameters: {'gradient_clip_val': 0.20670853512339735, 'hidden_size': 44, 'dropout': 0.3733632715686814, 'hidden_continuous_size': 24, 'attention_head_size': 3, 'learning_rate': 0.04616125878781164}. Best is trial 5 with value: 0.4747250974178314.
LOCAL_RANK: 0 - CUDA_VISIBLE_DEVICES: [0]
[I 2023-12-15 14:30:17,751] Trial 19 finished with value: 3.5708255767822266 and parameters: {'gradient_clip_val': 0.9663037113231625, 'hidden_size': 23, 'dropout': 0.3594649206421384, 'hidden_continuous_size': 12, 'attention_head_size': 4, 'learning_rate': 0.013472408824225655}. Best is trial 5 with value: 0.4747250974178314.
LOCAL_RANK: 0 - CUDA_VISIBLE_DEVICES: [0]
[I 2023-12-15 14:31:02,710] Trial 20 finished with value: 2.0534651279449463 and parameters: {'gradient_clip_val': 0.3243173590573305, 'hidden_size': 14, 'dropout': 0.30970249665041044, 'hidden_continuous_size': 6, 'attention_head_size': 1, 'learning_rate': 0.027284964565645456}. Best is trial 5 with value: 0.4747250974178314.
LOCAL_RANK: 0 - CUDA_VISIBLE_DEVICES: [0]
[I 2023-12-15 14:31:55,128] Trial 21 finished with value: 2.0254106521606445 and parameters: {'gradient_clip_val': 0.4518865500064239, 'hidden_size': 33, 'dropout': 0.3366442880523879, 'hidden_continuous_size': 19, 'attention_head_size': 3, 'learning_rate': 0.034192123869821456}. Best is trial 5 with value: 0.4747250974178314.
LOCAL_RANK: 0 - CUDA_VISIBLE_DEVICES: [0]
[I 2023-12-15 14:32:44,301] Trial 22 finished with value: 4.391249179840088 and parameters: {'gradient_clip_val': 0.5608558065473889, 'hidden_size': 23, 'dropout': 0.3701910448016603, 'hidden_continuous_size': 14, 'attention_head_size': 3, 'learning_rate': 0.05834709476753002}. Best is trial 5 with value: 0.4747250974178314.
LOCAL_RANK: 0 - CUDA_VISIBLE_DEVICES: [0]
[I 2023-12-15 14:33:37,168] Trial 23 finished with value: 0.25225889682769775 and parameters: {'gradient_clip_val': 0.3282512018554407, 'hidden_size': 37, 'dropout': 0.33925000788315707, 'hidden_continuous_size': 24, 'attention_head_size': 3, 'learning_rate': 0.03024495936152103}. Best is trial 23 with value: 0.25225889682769775.
LOCAL_RANK: 0 - CUDA_VISIBLE_DEVICES: [0]
[I 2023-12-15 14:34:29,568] Trial 24 finished with value: 4.504438877105713 and parameters: {'gradient_clip_val': 0.3429239276622448, 'hidden_size': 52, 'dropout': 0.28968607349203823, 'hidden_continuous_size': 27, 'attention_head_size': 2, 'learning_rate': 0.0844227323234893}. Best is trial 23 with value: 0.25225889682769775.
LOCAL_RANK: 0 - CUDA_VISIBLE_DEVICES: [0]
[I 2023-12-15 14:35:22,385] Trial 25 finished with value: 1.1962093114852905 and parameters: {'gradient_clip_val': 0.20110992474673411, 'hidden_size': 40, 'dropout': 0.3754302783968042, 'hidden_continuous_size': 37, 'attention_head_size': 3, 'learning_rate': 0.02159082803262605}. Best is trial 23 with value: 0.25225889682769775.
LOCAL_RANK: 0 - CUDA_VISIBLE_DEVICES: [0]
[I 2023-12-15 14:36:15,206] Trial 26 finished with value: 2.5663552284240723 and parameters: {'gradient_clip_val': 0.5782553168773432, 'hidden_size': 33, 'dropout': 0.3530894483154536, 'hidden_continuous_size': 24, 'attention_head_size': 4, 'learning_rate': 0.04126415559941039}. Best is trial 23 with value: 0.25225889682769775.
LOCAL_RANK: 0 - CUDA_VISIBLE_DEVICES: [0]
[I 2023-12-15 14:37:04,023] Trial 27 finished with value: 0.7138463854789734 and parameters: {'gradient_clip_val': 0.3764723316409281, 'hidden_size': 22, 'dropout': 0.39927182097168623, 'hidden_continuous_size': 16, 'attention_head_size': 2, 'learning_rate': 0.05560220265613479}. Best is trial 23 with value: 0.25225889682769775.
LOCAL_RANK: 0 - CUDA_VISIBLE_DEVICES: [0]
[I 2023-12-15 14:37:52,820] Trial 28 finished with value: 2.4024014472961426 and parameters: {'gradient_clip_val': 0.2903324311539974, 'hidden_size': 22, 'dropout': 0.3225919736920943, 'hidden_continuous_size': 15, 'attention_head_size': 2, 'learning_rate': 0.0635366883692742}. Best is trial 23 with value: 0.25225889682769775.
LOCAL_RANK: 0 - CUDA_VISIBLE_DEVICES: [0]
[I 2023-12-15 14:38:47,343] Trial 29 finished with value: 0.5038027167320251 and parameters: {'gradient_clip_val': 0.5183842152607039, 'hidden_size': 50, 'dropout': 0.39952911169414274, 'hidden_continuous_size': 49, 'attention_head_size': 3, 'learning_rate': 0.0935736453677982}. Best is trial 23 with value: 0.25225889682769775.
LOCAL_RANK: 0 - CUDA_VISIBLE_DEVICES: [0]
[I 2023-12-15 14:39:42,087] Trial 30 finished with value: 2.806103467941284 and parameters: {'gradient_clip_val': 0.4988177349183097, 'hidden_size': 61, 'dropout': 0.35237565379252034, 'hidden_continuous_size': 52, 'attention_head_size': 3, 'learning_rate': 0.09105766583041279}. Best is trial 23 with value: 0.25225889682769775.
LOCAL_RANK: 0 - CUDA_VISIBLE_DEVICES: [0]
[I 2023-12-15 14:40:35,792] Trial 31 finished with value: 1.6514945030212402 and parameters: {'gradient_clip_val': 0.3880462368193046, 'hidden_size': 49, 'dropout': 0.388112947455432, 'hidden_continuous_size': 11, 'attention_head_size': 3, 'learning_rate': 0.06642877773965422}. Best is trial 23 with value: 0.25225889682769775.
LOCAL_RANK: 0 - CUDA_VISIBLE_DEVICES: [0]
[I 2023-12-15 14:41:30,024] Trial 32 finished with value: 2.1511337757110596 and parameters: {'gradient_clip_val': 0.3972258006112385, 'hidden_size': 69, 'dropout': 0.39975222789613785, 'hidden_continuous_size': 42, 'attention_head_size': 2, 'learning_rate': 0.03587994272898006}. Best is trial 23 with value: 0.25225889682769775.
LOCAL_RANK: 0 - CUDA_VISIBLE_DEVICES: [0]
[I 2023-12-15 14:42:21,635] Trial 33 finished with value: 3.4639499187469482 and parameters: {'gradient_clip_val': 0.6054166994288264, 'hidden_size': 40, 'dropout': 0.3767403052225129, 'hidden_continuous_size': 21, 'attention_head_size': 3, 'learning_rate': 0.09982409861251415}. Best is trial 23 with value: 0.25225889682769775.
LOCAL_RANK: 0 - CUDA_VISIBLE_DEVICES: [0]
[I 2023-12-15 14:43:15,535] Trial 34 finished with value: 1.042026400566101 and parameters: {'gradient_clip_val': 0.49517917640463616, 'hidden_size': 65, 'dropout': 0.3586078342874462, 'hidden_continuous_size': 28, 'attention_head_size': 4, 'learning_rate': 0.05692042871182637}. Best is trial 23 with value: 0.25225889682769775.
LOCAL_RANK: 0 - CUDA_VISIBLE_DEVICES: [0]
