[I 2023-12-27 11:28:01,107] Trial 38 finished with value: 20850.716796875 and parameters: {'gradient_clip_val': 0.18537545051685483, 'hidden_size': 42, 'dropout': 0.12951165091150615, 'hidden_continuous_size': 6, 'attention_head_size': 4, 'learning_rate': 0.0016495373981815832}. Best is trial 0 with value: 7758.23193359375.
LOCAL_RANK: 0 - CUDA_VISIBLE_DEVICES: [0]
[I 2023-12-27 11:28:01,651] Trial 39 finished with value: 21071.560546875 and parameters: {'gradient_clip_val': 0.2821853253999286, 'hidden_size': 61, 'dropout': 0.15813881167307187, 'hidden_continuous_size': 19, 'attention_head_size': 3, 'learning_rate': 0.0008861724146966713}. Best is trial 0 with value: 7758.23193359375.
LOCAL_RANK: 0 - CUDA_VISIBLE_DEVICES: [0]
[I 2023-12-27 11:28:02,162] Trial 40 finished with value: 26614.416015625 and parameters: {'gradient_clip_val': 0.227879655681155, 'hidden_size': 51, 'dropout': 0.22383984811534977, 'hidden_continuous_size': 21, 'attention_head_size': 4, 'learning_rate': 0.001479129757565652}. Best is trial 0 with value: 7758.23193359375.
LOCAL_RANK: 0 - CUDA_VISIBLE_DEVICES: [0]
[I 2023-12-27 11:28:02,619] Trial 41 finished with value: 21008.65234375 and parameters: {'gradient_clip_val': 0.36234985760387656, 'hidden_size': 8, 'dropout': 0.4914108837596539, 'hidden_continuous_size': 6, 'attention_head_size': 4, 'learning_rate': 0.0007114568624511637}. Best is trial 0 with value: 7758.23193359375.
LOCAL_RANK: 0 - CUDA_VISIBLE_DEVICES: [0]
[I 2023-12-27 11:28:03,104] Trial 42 finished with value: 26495.416015625 and parameters: {'gradient_clip_val': 0.5381154092970045, 'hidden_size': 6, 'dropout': 0.1772964006596426, 'hidden_continuous_size': 5, 'attention_head_size': 4, 'learning_rate': 0.0012477439299600022}. Best is trial 0 with value: 7758.23193359375.
LOCAL_RANK: 0 - CUDA_VISIBLE_DEVICES: [0]
[I 2023-12-27 11:28:03,604] Trial 43 finished with value: 23941.494140625 and parameters: {'gradient_clip_val': 0.9933734483221656, 'hidden_size': 30, 'dropout': 0.4789104133821597, 'hidden_continuous_size': 16, 'attention_head_size': 4, 'learning_rate': 0.0019936089414737184}. Best is trial 0 with value: 7758.23193359375.
LOCAL_RANK: 0 - CUDA_VISIBLE_DEVICES: [0]
[I 2023-12-27 11:28:04,124] Trial 44 finished with value: 24076.15625 and parameters: {'gradient_clip_val': 0.4122755352570623, 'hidden_size': 122, 'dropout': 0.46054506964637465, 'hidden_continuous_size': 8, 'attention_head_size': 4, 'learning_rate': 0.0009630505595380946}. Best is trial 0 with value: 7758.23193359375.
LOCAL_RANK: 0 - CUDA_VISIBLE_DEVICES: [0]
[I 2023-12-27 11:28:04,649] Trial 45 finished with value: 18349.716796875 and parameters: {'gradient_clip_val': 0.20382912590916175, 'hidden_size': 84, 'dropout': 0.41451764597777163, 'hidden_continuous_size': 27, 'attention_head_size': 3, 'learning_rate': 0.0006340267638640933}. Best is trial 0 with value: 7758.23193359375.
LOCAL_RANK: 0 - CUDA_VISIBLE_DEVICES: [0]
[I 2023-12-27 11:28:05,168] Trial 46 finished with value: 21867.548828125 and parameters: {'gradient_clip_val': 0.2610907875626688, 'hidden_size': 92, 'dropout': 0.45478136806883385, 'hidden_continuous_size': 62, 'attention_head_size': 2, 'learning_rate': 0.000908097687250431}. Best is trial 0 with value: 7758.23193359375.
LOCAL_RANK: 0 - CUDA_VISIBLE_DEVICES: [0]
[I 2023-12-27 11:28:05,962] Trial 47 finished with value: 17904.4609375 and parameters: {'gradient_clip_val': 0.1660036573588457, 'hidden_size': 65, 'dropout': 0.42969196493857476, 'hidden_continuous_size': 18, 'attention_head_size': 4, 'learning_rate': 0.0006658167567692687}. Best is trial 0 with value: 7758.23193359375.
LOCAL_RANK: 0 - CUDA_VISIBLE_DEVICES: [0]
[I 2023-12-27 11:28:06,476] Trial 48 finished with value: 18588.1484375 and parameters: {'gradient_clip_val': 0.15871618755724043, 'hidden_size': 68, 'dropout': 0.3806904898177498, 'hidden_continuous_size': 17, 'attention_head_size': 4, 'learning_rate': 0.0007397396145135328}. Best is trial 0 with value: 7758.23193359375.
LOCAL_RANK: 0 - CUDA_VISIBLE_DEVICES: [0]
[I 2023-12-27 11:28:06,999] Trial 49 finished with value: 19793.09765625 and parameters: {'gradient_clip_val': 0.14171513256527682, 'hidden_size': 94, 'dropout': 0.11760636448906764, 'hidden_continuous_size': 22, 'attention_head_size': 3, 'learning_rate': 0.0010230975645604736}. Best is trial 0 with value: 7758.23193359375.
[I 2023-12-27 11:28:07,129] A new study created in memory with name: no-name-d67813d3-a811-41d0-adb3-640e8b30534b
/home/le004/conda/anaconda3/envs/tsff_env/lib/python3.9/site-packages/lightning/fabric/plugins/environments/slurm.py:191: The `srun` command is available on your system but is not used. HINT: If your intention is to run Lightning on SLURM, prepend your python command with `srun` like so: srun python /home/le004/master_thesis/git/TSFusionForecast/code/ ...
LOCAL_RANK: 0 - CUDA_VISIBLE_DEVICES: [0]
[I 2023-12-27 11:28:36,804] Trial 0 finished with value: 3.5223186016082764 and parameters: {'gradient_clip_val': 0.18708578556929553, 'hidden_size': 20, 'dropout': 0.26184666607910523, 'hidden_continuous_size': 17, 'attention_head_size': 2, 'learning_rate': 0.002394292626277763}. Best is trial 0 with value: 3.5223186016082764.
LOCAL_RANK: 0 - CUDA_VISIBLE_DEVICES: [0]
[I 2023-12-27 11:28:58,402] Trial 1 finished with value: 2.886701822280884 and parameters: {'gradient_clip_val': 0.24053228085631279, 'hidden_size': 32, 'dropout': 0.33518020607353544, 'hidden_continuous_size': 22, 'attention_head_size': 4, 'learning_rate': 0.03759637833490085}. Best is trial 1 with value: 2.886701822280884.
LOCAL_RANK: 0 - CUDA_VISIBLE_DEVICES: [0]
[I 2023-12-27 11:28:58,898] Trial 2 finished with value: 11.519442558288574 and parameters: {'gradient_clip_val': 0.7689332507420631, 'hidden_size': 82, 'dropout': 0.4197350962085915, 'hidden_continuous_size': 38, 'attention_head_size': 3, 'learning_rate': 0.0010801962094560752}. Best is trial 1 with value: 2.886701822280884.
LOCAL_RANK: 0 - CUDA_VISIBLE_DEVICES: [0]
[I 2023-12-27 11:28:59,366] Trial 3 finished with value: 9.485718727111816 and parameters: {'gradient_clip_val': 0.3773180262081256, 'hidden_size': 28, 'dropout': 0.325738621377774, 'hidden_continuous_size': 23, 'attention_head_size': 2, 'learning_rate': 0.0018666671992088415}. Best is trial 1 with value: 2.886701822280884.
LOCAL_RANK: 0 - CUDA_VISIBLE_DEVICES: [0]
[I 2023-12-27 11:28:59,756] Trial 4 finished with value: 9.552350997924805 and parameters: {'gradient_clip_val': 0.51753345366451, 'hidden_size': 6, 'dropout': 0.431794226228732, 'hidden_continuous_size': 6, 'attention_head_size': 1, 'learning_rate': 0.0008169969433316369}. Best is trial 1 with value: 2.886701822280884.
LOCAL_RANK: 0 - CUDA_VISIBLE_DEVICES: [0]
[I 2023-12-27 11:29:00,227] Trial 5 finished with value: 11.875266075134277 and parameters: {'gradient_clip_val': 0.12242895727249707, 'hidden_size': 5, 'dropout': 0.402984934720798, 'hidden_continuous_size': 5, 'attention_head_size': 1, 'learning_rate': 0.005970337917686828}. Best is trial 1 with value: 2.886701822280884.
LOCAL_RANK: 0 - CUDA_VISIBLE_DEVICES: [0]
[I 2023-12-27 11:29:00,716] Trial 6 finished with value: 8.632376670837402 and parameters: {'gradient_clip_val': 0.5919012912947159, 'hidden_size': 59, 'dropout': 0.38725152863306944, 'hidden_continuous_size': 34, 'attention_head_size': 2, 'learning_rate': 0.0006551952404105787}. Best is trial 1 with value: 2.886701822280884.
LOCAL_RANK: 0 - CUDA_VISIBLE_DEVICES: [0]
[I 2023-12-27 11:29:01,509] Trial 7 finished with value: 10.51781177520752 and parameters: {'gradient_clip_val': 0.906483931922152, 'hidden_size': 39, 'dropout': 0.4897684990379204, 'hidden_continuous_size': 32, 'attention_head_size': 1, 'learning_rate': 0.010442685922725644}. Best is trial 1 with value: 2.886701822280884.
LOCAL_RANK: 0 - CUDA_VISIBLE_DEVICES: [0]
[I 2023-12-27 11:29:01,978] Trial 8 finished with value: 8.106725692749023 and parameters: {'gradient_clip_val': 0.4718086800274764, 'hidden_size': 15, 'dropout': 0.29985486718349597, 'hidden_continuous_size': 7, 'attention_head_size': 4, 'learning_rate': 0.0038865635837215676}. Best is trial 1 with value: 2.886701822280884.
LOCAL_RANK: 0 - CUDA_VISIBLE_DEVICES: [0]
[I 2023-12-27 11:29:02,452] Trial 9 finished with value: 10.160187721252441 and parameters: {'gradient_clip_val': 0.5040148074989665, 'hidden_size': 19, 'dropout': 0.4691506860554584, 'hidden_continuous_size': 11, 'attention_head_size': 2, 'learning_rate': 0.05546386404053983}. Best is trial 1 with value: 2.886701822280884.
LOCAL_RANK: 0 - CUDA_VISIBLE_DEVICES: [0]
[I 2023-12-27 11:29:03,012] Trial 10 finished with value: 12.284515380859375 and parameters: {'gradient_clip_val': 0.2718307309369247, 'hidden_size': 150, 'dropout': 0.1810558433180437, 'hidden_continuous_size': 92, 'attention_head_size': 4, 'learning_rate': 0.0836976131621755}. Best is trial 1 with value: 2.886701822280884.
LOCAL_RANK: 0 - CUDA_VISIBLE_DEVICES: [0]
[I 2023-12-27 11:29:03,499] Trial 11 finished with value: 9.7139892578125 and parameters: {'gradient_clip_val': 0.21539546823957476, 'hidden_size': 13, 'dropout': 0.24033044009086735, 'hidden_continuous_size': 5, 'attention_head_size': 3, 'learning_rate': 0.01907153817679183}. Best is trial 1 with value: 2.886701822280884.
LOCAL_RANK: 0 - CUDA_VISIBLE_DEVICES: [0]
[I 2023-12-27 11:29:03,971] Trial 12 finished with value: 12.063396453857422 and parameters: {'gradient_clip_val': 0.18573620538185692, 'hidden_size': 30, 'dropout': 0.13547293728585988, 'hidden_continuous_size': 15, 'attention_head_size': 3, 'learning_rate': 0.025898579839611947}. Best is trial 1 with value: 2.886701822280884.
LOCAL_RANK: 0 - CUDA_VISIBLE_DEVICES: [0]
[I 2023-12-27 11:29:04,464] Trial 13 finished with value: 9.266276359558105 and parameters: {'gradient_clip_val': 0.15433627022499685, 'hidden_size': 12, 'dropout': 0.28301033273099996, 'hidden_continuous_size': 6, 'attention_head_size': 4, 'learning_rate': 0.002608693135216495}. Best is trial 1 with value: 2.886701822280884.
LOCAL_RANK: 0 - CUDA_VISIBLE_DEVICES: [0]
[I 2023-12-27 11:29:04,977] Trial 14 finished with value: 9.165542602539062 and parameters: {'gradient_clip_val': 0.2735189056437131, 'hidden_size': 40, 'dropout': 0.35286432614436825, 'hidden_continuous_size': 14, 'attention_head_size': 3, 'learning_rate': 0.009256720403246408}. Best is trial 1 with value: 2.886701822280884.
LOCAL_RANK: 0 - CUDA_VISIBLE_DEVICES: [0]
[I 2023-12-27 11:29:05,464] Trial 15 finished with value: 11.49223804473877 and parameters: {'gradient_clip_val': 0.10449514570138194, 'hidden_size': 21, 'dropout': 0.24398933941519224, 'hidden_continuous_size': 8, 'attention_head_size': 2, 'learning_rate': 0.03710981398129089}. Best is trial 1 with value: 2.886701822280884.
LOCAL_RANK: 0 - CUDA_VISIBLE_DEVICES: [0]
[I 2023-12-27 11:29:05,959] Trial 16 finished with value: 8.431334495544434 and parameters: {'gradient_clip_val': 0.19583103207045824, 'hidden_size': 9, 'dropout': 0.3422428677868492, 'hidden_continuous_size': 5, 'attention_head_size': 4, 'learning_rate': 0.014674535741208748}. Best is trial 1 with value: 2.886701822280884.
LOCAL_RANK: 0 - CUDA_VISIBLE_DEVICES: [0]
[I 2023-12-27 11:29:06,435] Trial 17 finished with value: 10.314484596252441 and parameters: {'gradient_clip_val': 0.2967201771988497, 'hidden_size': 21, 'dropout': 0.2727797074099345, 'hidden_continuous_size': 10, 'attention_head_size': 3, 'learning_rate': 0.09962299112266604}. Best is trial 1 with value: 2.886701822280884.
LOCAL_RANK: 0 - CUDA_VISIBLE_DEVICES: [0]
[I 2023-12-27 11:29:06,953] Trial 18 finished with value: 7.596181392669678 and parameters: {'gradient_clip_val': 0.15007652620363623, 'hidden_size': 8, 'dropout': 0.21653469471728384, 'hidden_continuous_size': 5, 'attention_head_size': 2, 'learning_rate': 0.0061519577025617835}. Best is trial 1 with value: 2.886701822280884.
LOCAL_RANK: 0 - CUDA_VISIBLE_DEVICES: [0]
[I 2023-12-27 11:29:07,492] Trial 19 finished with value: 8.451350212097168 and parameters: {'gradient_clip_val': 0.22881505145084624, 'hidden_size': 17, 'dropout': 0.31701878737079464, 'hidden_continuous_size': 8, 'attention_head_size': 1, 'learning_rate': 0.03381321610235829}. Best is trial 1 with value: 2.886701822280884.
LOCAL_RANK: 0 - CUDA_VISIBLE_DEVICES: [0]
[I 2023-12-27 11:29:08,217] Trial 20 finished with value: 11.500887870788574 and parameters: {'gradient_clip_val': 0.35672356905416047, 'hidden_size': 28, 'dropout': 0.36617981954856743, 'hidden_continuous_size': 15, 'attention_head_size': 4, 'learning_rate': 0.01605137367576402}. Best is trial 1 with value: 2.886701822280884.
LOCAL_RANK: 0 - CUDA_VISIBLE_DEVICES: [0]
[I 2023-12-27 11:29:08,643] Trial 21 finished with value: 9.649698257446289 and parameters: {'gradient_clip_val': 0.15374903695603914, 'hidden_size': 8, 'dropout': 0.20252822351471272, 'hidden_continuous_size': 5, 'attention_head_size': 2, 'learning_rate': 0.006208131923484424}. Best is trial 1 with value: 2.886701822280884.
LOCAL_RANK: 0 - CUDA_VISIBLE_DEVICES: [0]
[I 2023-12-27 11:29:09,104] Trial 22 finished with value: 9.922003746032715 and parameters: {'gradient_clip_val': 0.15517054008915282, 'hidden_size': 11, 'dropout': 0.2584058766753172, 'hidden_continuous_size': 6, 'attention_head_size': 2, 'learning_rate': 0.003386550739311436}. Best is trial 1 with value: 2.886701822280884.
LOCAL_RANK: 0 - CUDA_VISIBLE_DEVICES: [0]
[I 2023-12-27 11:29:09,570] Trial 23 finished with value: 8.072397232055664 and parameters: {'gradient_clip_val': 0.23620261255715638, 'hidden_size': 7, 'dropout': 0.21139661173658156, 'hidden_continuous_size': 5, 'attention_head_size': 2, 'learning_rate': 0.0017176972259004657}. Best is trial 1 with value: 2.886701822280884.
LOCAL_RANK: 0 - CUDA_VISIBLE_DEVICES: [0]
[I 2023-12-27 11:29:10,085] Trial 24 finished with value: 9.010882377624512 and parameters: {'gradient_clip_val': 0.17678414986678606, 'hidden_size': 10, 'dropout': 0.29204821263158426, 'hidden_continuous_size': 6, 'attention_head_size': 3, 'learning_rate': 0.005472384053535271}. Best is trial 1 with value: 2.886701822280884.
LOCAL_RANK: 0 - CUDA_VISIBLE_DEVICES: [0]
[I 2023-12-27 11:29:10,499] Trial 25 finished with value: 10.215550422668457 and parameters: {'gradient_clip_val': 0.12827553128872984, 'hidden_size': 5, 'dropout': 0.30939285551118867, 'hidden_continuous_size': 5, 'attention_head_size': 2, 'learning_rate': 0.011236682857684057}. Best is trial 1 with value: 2.886701822280884.
LOCAL_RANK: 0 - CUDA_VISIBLE_DEVICES: [0]
[I 2023-12-27 11:29:10,955] Trial 26 finished with value: 11.038912773132324 and parameters: {'gradient_clip_val': 0.23277381657709395, 'hidden_size': 16, 'dropout': 0.11015561114796607, 'hidden_continuous_size': 8, 'attention_head_size': 1, 'learning_rate': 0.0046495712147106415}. Best is trial 1 with value: 2.886701822280884.
LOCAL_RANK: 0 - CUDA_VISIBLE_DEVICES: [0]
[I 2023-12-27 11:29:11,394] Trial 27 finished with value: 7.0041069984436035 and parameters: {'gradient_clip_val': 0.181070609451486, 'hidden_size': 8, 'dropout': 0.2236960734523406, 'hidden_continuous_size': 5, 'attention_head_size': 3, 'learning_rate': 0.009001294619102117}. Best is trial 1 with value: 2.886701822280884.
LOCAL_RANK: 0 - CUDA_VISIBLE_DEVICES: [0]
[I 2023-12-27 11:29:11,865] Trial 28 finished with value: 8.166887283325195 and parameters: {'gradient_clip_val': 0.1954091489411852, 'hidden_size': 14, 'dropout': 0.2674249380400231, 'hidden_continuous_size': 7, 'attention_head_size': 4, 'learning_rate': 0.020971702575323284}. Best is trial 1 with value: 2.886701822280884.
LOCAL_RANK: 0 - CUDA_VISIBLE_DEVICES: [0]
[I 2023-12-27 11:29:12,310] Trial 29 finished with value: 11.949302673339844 and parameters: {'gradient_clip_val': 0.2760113734860387, 'hidden_size': 21, 'dropout': 0.1710352647179388, 'hidden_continuous_size': 12, 'attention_head_size': 3, 'learning_rate': 0.0011092096834555627}. Best is trial 1 with value: 2.886701822280884.
LOCAL_RANK: 0 - CUDA_VISIBLE_DEVICES: [0]
[I 2023-12-27 11:29:12,755] Trial 30 finished with value: 9.6596097946167 and parameters: {'gradient_clip_val': 0.3599443316040338, 'hidden_size': 11, 'dropout': 0.24397284975536448, 'hidden_continuous_size': 6, 'attention_head_size': 3, 'learning_rate': 0.008941911375994222}. Best is trial 1 with value: 2.886701822280884.
LOCAL_RANK: 0 - CUDA_VISIBLE_DEVICES: [0]
[I 2023-12-27 11:29:13,185] Trial 31 finished with value: 12.33258056640625 and parameters: {'gradient_clip_val': 0.16564749490311606, 'hidden_size': 8, 'dropout': 0.22246826571402653, 'hidden_continuous_size': 5, 'attention_head_size': 2, 'learning_rate': 0.0033619201409851177}. Best is trial 1 with value: 2.886701822280884.
LOCAL_RANK: 0 - CUDA_VISIBLE_DEVICES: [0]
[I 2023-12-27 11:29:13,621] Trial 32 finished with value: 7.568597316741943 and parameters: {'gradient_clip_val': 0.13361062274825222, 'hidden_size': 7, 'dropout': 0.3318343669426537, 'hidden_continuous_size': 5, 'attention_head_size': 3, 'learning_rate': 0.007821341647833026}. Best is trial 1 with value: 2.886701822280884.
LOCAL_RANK: 0 - CUDA_VISIBLE_DEVICES: [0]
[I 2023-12-27 11:29:14,333] Trial 33 finished with value: 10.656092643737793 and parameters: {'gradient_clip_val': 0.13581411830255927, 'hidden_size': 6, 'dropout': 0.3048437529987026, 'hidden_continuous_size': 5, 'attention_head_size': 3, 'learning_rate': 0.007519156284734731}. Best is trial 1 with value: 2.886701822280884.
LOCAL_RANK: 0 - CUDA_VISIBLE_DEVICES: [0]
[I 2023-12-27 11:29:14,764] Trial 34 finished with value: 9.605345726013184 and parameters: {'gradient_clip_val': 0.11349712860203584, 'hidden_size': 7, 'dropout': 0.32729325882315546, 'hidden_continuous_size': 5, 'attention_head_size': 3, 'learning_rate': 0.013368515861588435}. Best is trial 1 with value: 2.886701822280884.
LOCAL_RANK: 0 - CUDA_VISIBLE_DEVICES: [0]
[I 2023-12-27 11:29:15,173] Trial 35 finished with value: 7.956501007080078 and parameters: {'gradient_clip_val': 0.10069063529527694, 'hidden_size': 5, 'dropout': 0.37626774403189217, 'hidden_continuous_size': 5, 'attention_head_size': 4, 'learning_rate': 0.007695380316638622}. Best is trial 1 with value: 2.886701822280884.
LOCAL_RANK: 0 - CUDA_VISIBLE_DEVICES: [0]
[I 2023-12-27 11:29:15,629] Trial 36 finished with value: 9.063591003417969 and parameters: {'gradient_clip_val': 0.1310480494370257, 'hidden_size': 13, 'dropout': 0.33765091633659106, 'hidden_continuous_size': 7, 'attention_head_size': 3, 'learning_rate': 0.0005006573329540836}. Best is trial 1 with value: 2.886701822280884.
LOCAL_RANK: 0 - CUDA_VISIBLE_DEVICES: [0]
[I 2023-12-27 11:29:16,089] Trial 37 finished with value: 7.842466831207275 and parameters: {'gradient_clip_val': 0.17660631463517001, 'hidden_size': 10, 'dropout': 0.28730240755369196, 'hidden_continuous_size': 6, 'attention_head_size': 4, 'learning_rate': 0.0023336535955809775}. Best is trial 1 with value: 2.886701822280884.
LOCAL_RANK: 0 - CUDA_VISIBLE_DEVICES: [0]
[I 2023-12-27 11:29:16,594] Trial 38 finished with value: 8.805575370788574 and parameters: {'gradient_clip_val': 0.14088789250903322, 'hidden_size': 25, 'dropout': 0.40580946002685414, 'hidden_continuous_size': 20, 'attention_head_size': 3, 'learning_rate': 0.004566664053325902}. Best is trial 1 with value: 2.886701822280884.
LOCAL_RANK: 0 - CUDA_VISIBLE_DEVICES: [0]
[I 2023-12-27 11:29:17,084] Trial 39 finished with value: 9.122431755065918 and parameters: {'gradient_clip_val': 0.11935007399086871, 'hidden_size': 37, 'dropout': 0.32201169268146007, 'hidden_continuous_size': 18, 'attention_head_size': 1, 'learning_rate': 0.001370278592921549}. Best is trial 1 with value: 2.886701822280884.
LOCAL_RANK: 0 - CUDA_VISIBLE_DEVICES: [0]
[I 2023-12-27 11:29:17,546] Trial 40 finished with value: 10.599234580993652 and parameters: {'gradient_clip_val': 0.20016987871487635, 'hidden_size': 16, 'dropout': 0.3613317635845153, 'hidden_continuous_size': 9, 'attention_head_size': 4, 'learning_rate': 0.00957504315643713}. Best is trial 1 with value: 2.886701822280884.
LOCAL_RANK: 0 - CUDA_VISIBLE_DEVICES: [0]
[I 2023-12-27 11:29:17,988] Trial 41 finished with value: 9.893477439880371 and parameters: {'gradient_clip_val': 0.14542637407420703, 'hidden_size': 6, 'dropout': 0.2645485022481703, 'hidden_continuous_size': 5, 'attention_head_size': 2, 'learning_rate': 0.006333532627287355}. Best is trial 1 with value: 2.886701822280884.
LOCAL_RANK: 0 - CUDA_VISIBLE_DEVICES: [0]
[I 2023-12-27 11:29:18,449] Trial 42 finished with value: 8.686686515808105 and parameters: {'gradient_clip_val': 0.17172111456388403, 'hidden_size': 9, 'dropout': 0.2308056248334158, 'hidden_continuous_size': 6, 'attention_head_size': 2, 'learning_rate': 0.012508157775838807}. Best is trial 1 with value: 2.886701822280884.
LOCAL_RANK: 0 - CUDA_VISIBLE_DEVICES: [0]
[I 2023-12-27 11:29:18,888] Trial 43 finished with value: 10.248514175415039 and parameters: {'gradient_clip_val': 0.21293606507575985, 'hidden_size': 14, 'dropout': 0.2529670499070416, 'hidden_continuous_size': 9, 'attention_head_size': 2, 'learning_rate': 0.005306341851847674}. Best is trial 1 with value: 2.886701822280884.
LOCAL_RANK: 0 - CUDA_VISIBLE_DEVICES: [0]
[I 2023-12-27 11:29:19,311] Trial 44 finished with value: 8.071867942810059 and parameters: {'gradient_clip_val': 0.162114251845488, 'hidden_size': 7, 'dropout': 0.2800604936048836, 'hidden_continuous_size': 5, 'attention_head_size': 2, 'learning_rate': 0.0070723931712464595}. Best is trial 1 with value: 2.886701822280884.
LOCAL_RANK: 0 - CUDA_VISIBLE_DEVICES: [0]
[I 2023-12-27 11:29:19,797] Trial 45 finished with value: 7.297807216644287 and parameters: {'gradient_clip_val': 0.14449206605240322, 'hidden_size': 50, 'dropout': 0.30194048672644785, 'hidden_continuous_size': 24, 'attention_head_size': 3, 'learning_rate': 0.0025671973487570534}. Best is trial 1 with value: 2.886701822280884.
LOCAL_RANK: 0 - CUDA_VISIBLE_DEVICES: [0]
