[I 2023-12-16 02:18:45,740] Trial 2 finished with value: 4.183784484863281 and parameters: {'gradient_clip_val': 0.4455361360456985, 'hidden_size': 13, 'dropout': 0.1422457328745984, 'hidden_continuous_size': 5, 'attention_head_size': 2, 'learning_rate': 0.00532460206886036}. Best is trial 2 with value: 4.183784484863281.
LOCAL_RANK: 0 - CUDA_VISIBLE_DEVICES: [0]
[I 2023-12-16 02:19:39,437] Trial 3 finished with value: 4.865076065063477 and parameters: {'gradient_clip_val': 0.6700873629955965, 'hidden_size': 65, 'dropout': 0.33969743506821676, 'hidden_continuous_size': 21, 'attention_head_size': 3, 'learning_rate': 0.0015087666978734955}. Best is trial 2 with value: 4.183784484863281.
LOCAL_RANK: 0 - CUDA_VISIBLE_DEVICES: [0]
[I 2023-12-16 02:20:31,719] Trial 4 finished with value: 5.259552001953125 and parameters: {'gradient_clip_val': 0.2168035320610829, 'hidden_size': 45, 'dropout': 0.3991941028256447, 'hidden_continuous_size': 18, 'attention_head_size': 1, 'learning_rate': 0.002300001288771453}. Best is trial 2 with value: 4.183784484863281.
LOCAL_RANK: 0 - CUDA_VISIBLE_DEVICES: [0]
[I 2023-12-16 02:21:17,464] Trial 5 finished with value: 5.659942150115967 and parameters: {'gradient_clip_val': 0.9380381451933878, 'hidden_size': 11, 'dropout': 0.3100800846960845, 'hidden_continuous_size': 7, 'attention_head_size': 2, 'learning_rate': 0.0038468426418993592}. Best is trial 2 with value: 4.183784484863281.
LOCAL_RANK: 0 - CUDA_VISIBLE_DEVICES: [0]
[I 2023-12-16 02:22:05,758] Trial 6 finished with value: 5.59666109085083 and parameters: {'gradient_clip_val': 0.841311706410852, 'hidden_size': 25, 'dropout': 0.2922129861744879, 'hidden_continuous_size': 6, 'attention_head_size': 2, 'learning_rate': 0.0013287125973900549}. Best is trial 2 with value: 4.183784484863281.
LOCAL_RANK: 0 - CUDA_VISIBLE_DEVICES: [0]
[I 2023-12-16 02:22:50,172] Trial 7 finished with value: 15.435066223144531 and parameters: {'gradient_clip_val': 0.16023336532079752, 'hidden_size': 7, 'dropout': 0.17312691554092763, 'hidden_continuous_size': 6, 'attention_head_size': 1, 'learning_rate': 0.0005078305808845495}. Best is trial 2 with value: 4.183784484863281.
LOCAL_RANK: 0 - CUDA_VISIBLE_DEVICES: [0]
[I 2023-12-16 02:23:36,255] Trial 8 finished with value: 5.244727611541748 and parameters: {'gradient_clip_val': 0.7057625423413016, 'hidden_size': 14, 'dropout': 0.2713525412557889, 'hidden_continuous_size': 12, 'attention_head_size': 2, 'learning_rate': 0.0018239646587076533}. Best is trial 2 with value: 4.183784484863281.
LOCAL_RANK: 0 - CUDA_VISIBLE_DEVICES: [0]
[I 2023-12-16 02:24:23,227] Trial 9 finished with value: 4.581987380981445 and parameters: {'gradient_clip_val': 0.3420023770034357, 'hidden_size': 20, 'dropout': 0.13454320588376645, 'hidden_continuous_size': 19, 'attention_head_size': 1, 'learning_rate': 0.003317581165194733}. Best is trial 2 with value: 4.183784484863281.
LOCAL_RANK: 0 - CUDA_VISIBLE_DEVICES: [0]
[I 2023-12-16 02:25:19,254] Trial 10 finished with value: 9.778480529785156 and parameters: {'gradient_clip_val': 0.40711902550035095, 'hidden_size': 96, 'dropout': 0.2072434316123377, 'hidden_continuous_size': 49, 'attention_head_size': 4, 'learning_rate': 0.028598901140954598}. Best is trial 2 with value: 4.183784484863281.
LOCAL_RANK: 0 - CUDA_VISIBLE_DEVICES: [0]
[I 2023-12-16 02:26:07,878] Trial 11 finished with value: 8.34971809387207 and parameters: {'gradient_clip_val': 0.3879898515779147, 'hidden_size': 30, 'dropout': 0.10223288124262098, 'hidden_continuous_size': 8, 'attention_head_size': 1, 'learning_rate': 0.00970534189413022}. Best is trial 2 with value: 4.183784484863281.
LOCAL_RANK: 0 - CUDA_VISIBLE_DEVICES: [0]
[I 2023-12-16 02:26:52,515] Trial 12 finished with value: 4.632107734680176 and parameters: {'gradient_clip_val': 0.482170200171077, 'hidden_size': 11, 'dropout': 0.1023976715899048, 'hidden_continuous_size': 5, 'attention_head_size': 1, 'learning_rate': 0.0076300774093628525}. Best is trial 2 with value: 4.183784484863281.
LOCAL_RANK: 0 - CUDA_VISIBLE_DEVICES: [0]
[I 2023-12-16 02:27:40,912] Trial 13 finished with value: 8.98925495147705 and parameters: {'gradient_clip_val': 0.26249069086769866, 'hidden_size': 21, 'dropout': 0.15859426913570443, 'hidden_continuous_size': 9, 'attention_head_size': 2, 'learning_rate': 0.014932211960718948}. Best is trial 2 with value: 4.183784484863281.
LOCAL_RANK: 0 - CUDA_VISIBLE_DEVICES: [0]
[I 2023-12-16 02:28:30,929] Trial 14 finished with value: 4.066604137420654 and parameters: {'gradient_clip_val': 0.29499205818214314, 'hidden_size': 33, 'dropout': 0.2332262958152031, 'hidden_continuous_size': 10, 'attention_head_size': 3, 'learning_rate': 0.004795617996561258}. Best is trial 14 with value: 4.066604137420654.
LOCAL_RANK: 0 - CUDA_VISIBLE_DEVICES: [0]
[I 2023-12-16 02:29:21,316] Trial 15 finished with value: 6.334432125091553 and parameters: {'gradient_clip_val': 0.5007123025215232, 'hidden_size': 40, 'dropout': 0.21691078394011212, 'hidden_continuous_size': 9, 'attention_head_size': 3, 'learning_rate': 0.09873621712748057}. Best is trial 14 with value: 4.066604137420654.
LOCAL_RANK: 0 - CUDA_VISIBLE_DEVICES: [0]
[I 2023-12-16 02:30:11,185] Trial 16 finished with value: 6.3907246589660645 and parameters: {'gradient_clip_val': 0.28199129416296126, 'hidden_size': 41, 'dropout': 0.23388263399388118, 'hidden_continuous_size': 5, 'attention_head_size': 3, 'learning_rate': 0.0043403067689718475}. Best is trial 14 with value: 4.066604137420654.
LOCAL_RANK: 0 - CUDA_VISIBLE_DEVICES: [0]
[I 2023-12-16 02:30:59,659] Trial 17 finished with value: 7.702111721038818 and parameters: {'gradient_clip_val': 0.21608891588444235, 'hidden_size': 28, 'dropout': 0.24488508943616907, 'hidden_continuous_size': 10, 'attention_head_size': 4, 'learning_rate': 0.005135827926036049}. Best is trial 14 with value: 4.066604137420654.
LOCAL_RANK: 0 - CUDA_VISIBLE_DEVICES: [0]
[I 2023-12-16 02:31:45,547] Trial 18 finished with value: 4.153894424438477 and parameters: {'gradient_clip_val': 0.5413919056333731, 'hidden_size': 15, 'dropout': 0.19412853778735434, 'hidden_continuous_size': 6, 'attention_head_size': 3, 'learning_rate': 0.013375778044433167}. Best is trial 14 with value: 4.066604137420654.
LOCAL_RANK: 0 - CUDA_VISIBLE_DEVICES: [0]
[I 2023-12-16 02:32:31,206] Trial 19 finished with value: 4.6230926513671875 and parameters: {'gradient_clip_val': 0.5736269370877961, 'hidden_size': 15, 'dropout': 0.19667821606675762, 'hidden_continuous_size': 7, 'attention_head_size': 3, 'learning_rate': 0.015288128349426845}. Best is trial 14 with value: 4.066604137420654.
LOCAL_RANK: 0 - CUDA_VISIBLE_DEVICES: [0]
[I 2023-12-16 02:33:17,137] Trial 20 finished with value: 7.455226898193359 and parameters: {'gradient_clip_val': 0.34656229451722537, 'hidden_size': 9, 'dropout': 0.25395991734762774, 'hidden_continuous_size': 6, 'attention_head_size': 4, 'learning_rate': 0.028728493879300643}. Best is trial 14 with value: 4.066604137420654.
LOCAL_RANK: 0 - CUDA_VISIBLE_DEVICES: [0]
[I 2023-12-16 02:34:02,185] Trial 21 finished with value: 5.369710922241211 and parameters: {'gradient_clip_val': 0.45415969851221194, 'hidden_size': 15, 'dropout': 0.18609897111153886, 'hidden_continuous_size': 5, 'attention_head_size': 2, 'learning_rate': 0.005535700984172378}. Best is trial 14 with value: 4.066604137420654.
LOCAL_RANK: 0 - CUDA_VISIBLE_DEVICES: [0]
[I 2023-12-16 02:34:51,195] Trial 22 finished with value: 7.005239963531494 and parameters: {'gradient_clip_val': 0.5671859527788187, 'hidden_size': 26, 'dropout': 0.15409659576887164, 'hidden_continuous_size': 7, 'attention_head_size': 3, 'learning_rate': 0.007908598686646931}. Best is trial 14 with value: 4.066604137420654.
LOCAL_RANK: 0 - CUDA_VISIBLE_DEVICES: [0]
[I 2023-12-16 02:35:37,668] Trial 23 finished with value: 4.334697723388672 and parameters: {'gradient_clip_val': 0.4030670641138478, 'hidden_size': 17, 'dropout': 0.2226559066015266, 'hidden_continuous_size': 6, 'attention_head_size': 3, 'learning_rate': 0.003081431543389183}. Best is trial 14 with value: 4.066604137420654.
LOCAL_RANK: 0 - CUDA_VISIBLE_DEVICES: [0]
[I 2023-12-16 02:36:21,575] Trial 24 finished with value: 5.59437370300293 and parameters: {'gradient_clip_val': 0.32155642226917563, 'hidden_size': 12, 'dropout': 0.19498245244416398, 'hidden_continuous_size': 5, 'attention_head_size': 2, 'learning_rate': 0.0056044576274317075}. Best is trial 14 with value: 4.066604137420654.
LOCAL_RANK: 0 - CUDA_VISIBLE_DEVICES: [0]
[I 2023-12-16 02:37:05,984] Trial 25 finished with value: 4.166418075561523 and parameters: {'gradient_clip_val': 0.5680726109134315, 'hidden_size': 8, 'dropout': 0.13416526266765716, 'hidden_continuous_size': 5, 'attention_head_size': 3, 'learning_rate': 0.012103781936768827}. Best is trial 14 with value: 4.066604137420654.
LOCAL_RANK: 0 - CUDA_VISIBLE_DEVICES: [0]
[I 2023-12-16 02:37:50,181] Trial 26 finished with value: 3.5157878398895264 and parameters: {'gradient_clip_val': 0.5805752157253624, 'hidden_size': 8, 'dropout': 0.17555627429557868, 'hidden_continuous_size': 6, 'attention_head_size': 3, 'learning_rate': 0.011258898849324078}. Best is trial 26 with value: 3.5157878398895264.
LOCAL_RANK: 0 - CUDA_VISIBLE_DEVICES: [0]
[I 2023-12-16 02:38:35,765] Trial 27 finished with value: 4.129574298858643 and parameters: {'gradient_clip_val': 0.7012579733786595, 'hidden_size': 6, 'dropout': 0.17849716770251, 'hidden_continuous_size': 5, 'attention_head_size': 4, 'learning_rate': 0.010807622041813554}. Best is trial 26 with value: 3.5157878398895264.
LOCAL_RANK: 0 - CUDA_VISIBLE_DEVICES: [0]
[I 2023-12-16 02:39:10,581] Trial 28 finished with value: 5.623140335083008 and parameters: {'gradient_clip_val': 0.7772150194007861, 'hidden_size': 5, 'dropout': 0.22346845948959157, 'hidden_continuous_size': 5, 'attention_head_size': 4, 'learning_rate': 0.008675580709780844}. Best is trial 26 with value: 3.5157878398895264.
LOCAL_RANK: 0 - CUDA_VISIBLE_DEVICES: [0]
[I 2023-12-16 02:39:56,137] Trial 29 finished with value: 9.855401039123535 and parameters: {'gradient_clip_val': 0.9441094320404914, 'hidden_size': 6, 'dropout': 0.25078832239119525, 'hidden_continuous_size': 5, 'attention_head_size': 4, 'learning_rate': 0.0009918899451330668}. Best is trial 26 with value: 3.5157878398895264.
LOCAL_RANK: 0 - CUDA_VISIBLE_DEVICES: [0]
[I 2023-12-16 02:40:42,146] Trial 30 finished with value: 5.08738374710083 and parameters: {'gradient_clip_val': 0.6375761358082239, 'hidden_size': 10, 'dropout': 0.17421570382753732, 'hidden_continuous_size': 6, 'attention_head_size': 4, 'learning_rate': 0.020972665661972322}. Best is trial 26 with value: 3.5157878398895264.
LOCAL_RANK: 0 - CUDA_VISIBLE_DEVICES: [0]
[I 2023-12-16 02:41:27,468] Trial 31 finished with value: 5.615576267242432 and parameters: {'gradient_clip_val': 0.827241443199248, 'hidden_size': 7, 'dropout': 0.20105228210464077, 'hidden_continuous_size': 6, 'attention_head_size': 3, 'learning_rate': 0.012901661506826692}. Best is trial 26 with value: 3.5157878398895264.
LOCAL_RANK: 0 - CUDA_VISIBLE_DEVICES: [0]
[I 2023-12-16 02:42:12,122] Trial 32 finished with value: 4.513864994049072 and parameters: {'gradient_clip_val': 0.7467052947353269, 'hidden_size': 8, 'dropout': 0.17783611476183928, 'hidden_continuous_size': 6, 'attention_head_size': 4, 'learning_rate': 0.007643763489768158}. Best is trial 26 with value: 3.5157878398895264.
LOCAL_RANK: 0 - CUDA_VISIBLE_DEVICES: [0]
[I 2023-12-16 02:42:46,575] Trial 33 finished with value: 4.179774761199951 and parameters: {'gradient_clip_val': 0.5188463822590531, 'hidden_size': 5, 'dropout': 0.21415286022212246, 'hidden_continuous_size': 5, 'attention_head_size': 3, 'learning_rate': 0.010972520734395082}. Best is trial 26 with value: 3.5157878398895264.
LOCAL_RANK: 0 - CUDA_VISIBLE_DEVICES: [0]
[I 2023-12-16 02:43:32,109] Trial 34 finished with value: 4.685983180999756 and parameters: {'gradient_clip_val': 0.62356013025046, 'hidden_size': 9, 'dropout': 0.18878322115524981, 'hidden_continuous_size': 6, 'attention_head_size': 3, 'learning_rate': 0.00631888247682205}. Best is trial 26 with value: 3.5157878398895264.
LOCAL_RANK: 0 - CUDA_VISIBLE_DEVICES: [0]
[I 2023-12-16 02:44:17,977] Trial 35 finished with value: 6.985567569732666 and parameters: {'gradient_clip_val': 0.6547504458183269, 'hidden_size': 6, 'dropout': 0.16274610785451937, 'hidden_continuous_size': 5, 'attention_head_size': 4, 'learning_rate': 0.002734253478792265}. Best is trial 26 with value: 3.5157878398895264.
LOCAL_RANK: 0 - CUDA_VISIBLE_DEVICES: [0]
[I 2023-12-16 02:45:05,198] Trial 36 finished with value: 6.831178188323975 and parameters: {'gradient_clip_val': 0.9699441131757025, 'hidden_size': 18, 'dropout': 0.20609151358747857, 'hidden_continuous_size': 8, 'attention_head_size': 3, 'learning_rate': 0.01665671580393191}. Best is trial 26 with value: 3.5157878398895264.
LOCAL_RANK: 0 - CUDA_VISIBLE_DEVICES: [0]
[I 2023-12-16 02:45:51,005] Trial 37 finished with value: 5.0738019943237305 and parameters: {'gradient_clip_val': 0.7184064675980911, 'hidden_size': 13, 'dropout': 0.22786405254120334, 'hidden_continuous_size': 7, 'attention_head_size': 3, 'learning_rate': 0.004204748692996286}. Best is trial 26 with value: 3.5157878398895264.
LOCAL_RANK: 0 - CUDA_VISIBLE_DEVICES: [0]
[I 2023-12-16 02:46:36,975] Trial 38 finished with value: 4.316861629486084 and parameters: {'gradient_clip_val': 0.8222458810320166, 'hidden_size': 11, 'dropout': 0.1858946972742141, 'hidden_continuous_size': 6, 'attention_head_size': 4, 'learning_rate': 0.009709536828565846}. Best is trial 26 with value: 3.5157878398895264.
LOCAL_RANK: 0 - CUDA_VISIBLE_DEVICES: [0]
[I 2023-12-16 02:47:24,044] Trial 39 finished with value: 4.590520858764648 and parameters: {'gradient_clip_val': 0.5305165697946665, 'hidden_size': 17, 'dropout': 0.23612572583433414, 'hidden_continuous_size': 10, 'attention_head_size': 2, 'learning_rate': 0.0023223610870425964}. Best is trial 26 with value: 3.5157878398895264.
LOCAL_RANK: 0 - CUDA_VISIBLE_DEVICES: [0]
[I 2023-12-16 02:48:12,174] Trial 40 finished with value: 5.63203763961792 and parameters: {'gradient_clip_val': 0.4844556679483996, 'hidden_size': 24, 'dropout': 0.2703686076638794, 'hidden_continuous_size': 13, 'attention_head_size': 3, 'learning_rate': 0.006280356644945798}. Best is trial 26 with value: 3.5157878398895264.
LOCAL_RANK: 0 - CUDA_VISIBLE_DEVICES: [0]
[I 2023-12-16 02:48:56,431] Trial 41 finished with value: 4.484111785888672 and parameters: {'gradient_clip_val': 0.591239816894889, 'hidden_size': 8, 'dropout': 0.1336077079858206, 'hidden_continuous_size': 5, 'attention_head_size': 3, 'learning_rate': 0.011651131129448159}. Best is trial 26 with value: 3.5157878398895264.
LOCAL_RANK: 0 - CUDA_VISIBLE_DEVICES: [0]
[I 2023-12-16 02:49:41,822] Trial 42 finished with value: 4.377330303192139 and parameters: {'gradient_clip_val': 0.6792339430363725, 'hidden_size': 6, 'dropout': 0.14172430011225667, 'hidden_continuous_size': 5, 'attention_head_size': 3, 'learning_rate': 0.010082596237168147}. Best is trial 26 with value: 3.5157878398895264.
LOCAL_RANK: 0 - CUDA_VISIBLE_DEVICES: [0]
[I 2023-12-16 02:50:27,328] Trial 43 finished with value: 9.873702049255371 and parameters: {'gradient_clip_val': 0.5665048062409768, 'hidden_size': 10, 'dropout': 0.1231763940517168, 'hidden_continuous_size': 6, 'attention_head_size': 3, 'learning_rate': 0.02175942733717596}. Best is trial 26 with value: 3.5157878398895264.
LOCAL_RANK: 0 - CUDA_VISIBLE_DEVICES: [0]
[I 2023-12-16 02:51:12,270] Trial 44 finished with value: 4.405572414398193 and parameters: {'gradient_clip_val': 0.42926185469150985, 'hidden_size': 7, 'dropout': 0.16368938379004566, 'hidden_continuous_size': 5, 'attention_head_size': 2, 'learning_rate': 0.012307059321878554}. Best is trial 26 with value: 3.5157878398895264.
LOCAL_RANK: 0 - CUDA_VISIBLE_DEVICES: [0]
[I 2023-12-16 02:51:58,208] Trial 45 finished with value: 6.680250644683838 and parameters: {'gradient_clip_val': 0.6958024716281391, 'hidden_size': 13, 'dropout': 0.15050709254607003, 'hidden_continuous_size': 7, 'attention_head_size': 3, 'learning_rate': 0.0070212241390795235}. Best is trial 26 with value: 3.5157878398895264.
LOCAL_RANK: 0 - CUDA_VISIBLE_DEVICES: [0]
[I 2023-12-16 02:52:46,574] Trial 46 finished with value: 4.0543389320373535 and parameters: {'gradient_clip_val': 0.3778868537710942, 'hidden_size': 32, 'dropout': 0.17045393886636775, 'hidden_continuous_size': 8, 'attention_head_size': 3, 'learning_rate': 0.004551014355519372}. Best is trial 26 with value: 3.5157878398895264.
LOCAL_RANK: 0 - CUDA_VISIBLE_DEVICES: [0]
[I 2023-12-16 02:53:35,992] Trial 47 finished with value: 3.9187004566192627 and parameters: {'gradient_clip_val': 0.3697979202587978, 'hidden_size': 33, 'dropout': 0.17899121627194536, 'hidden_continuous_size': 8, 'attention_head_size': 2, 'learning_rate': 0.003924715308163733}. Best is trial 26 with value: 3.5157878398895264.
LOCAL_RANK: 0 - CUDA_VISIBLE_DEVICES: [0]
[I 2023-12-16 02:54:25,115] Trial 48 finished with value: 6.398428440093994 and parameters: {'gradient_clip_val': 0.3708893286014905, 'hidden_size': 31, 'dropout': 0.16936680125447, 'hidden_continuous_size': 11, 'attention_head_size': 2, 'learning_rate': 0.0035611382424662005}. Best is trial 26 with value: 3.5157878398895264.
LOCAL_RANK: 0 - CUDA_VISIBLE_DEVICES: [0]
[I 2023-12-16 02:55:13,036] Trial 49 finished with value: 4.298441410064697 and parameters: {'gradient_clip_val': 0.4245726015990777, 'hidden_size': 32, 'dropout': 0.17517059446559113, 'hidden_continuous_size': 8, 'attention_head_size': 2, 'learning_rate': 0.004480630939813324}. Best is trial 26 with value: 3.5157878398895264.
[I 2023-12-16 02:55:13,127] A new study created in memory with name: no-name-abb52596-3bed-499d-a8b6-c435baad3d8f
/home/le004/conda/anaconda3/envs/tsff_env/lib/python3.9/site-packages/lightning/fabric/plugins/environments/slurm.py:191: The `srun` command is available on your system but is not used. HINT: If your intention is to run Lightning on SLURM, prepend your python command with `srun` like so: srun python /home/le004/master_thesis/git/TSFusionForecast/code/ ...
LOCAL_RANK: 0 - CUDA_VISIBLE_DEVICES: [0]
[I 2023-12-16 02:56:00,798] Trial 0 finished with value: 357.46875 and parameters: {'gradient_clip_val': 0.10449599167243341, 'hidden_size': 32, 'dropout': 0.34316800166629036, 'hidden_continuous_size': 9, 'attention_head_size': 1, 'learning_rate': 0.021013235925511332}. Best is trial 0 with value: 357.46875.
LOCAL_RANK: 0 - CUDA_VISIBLE_DEVICES: [0]
[I 2023-12-16 02:56:53,864] Trial 1 finished with value: 420.4061279296875 and parameters: {'gradient_clip_val': 0.10937179149742, 'hidden_size': 49, 'dropout': 0.19038325947228268, 'hidden_continuous_size': 8, 'attention_head_size': 4, 'learning_rate': 0.06305098167689337}. Best is trial 0 with value: 357.46875.
LOCAL_RANK: 0 - CUDA_VISIBLE_DEVICES: [0]
[I 2023-12-16 02:57:39,093] Trial 2 finished with value: 230.9175567626953 and parameters: {'gradient_clip_val': 0.17693484998573308, 'hidden_size': 10, 'dropout': 0.16302718698118013, 'hidden_continuous_size': 6, 'attention_head_size': 2, 'learning_rate': 0.0014731919705574666}. Best is trial 2 with value: 230.9175567626953.
LOCAL_RANK: 0 - CUDA_VISIBLE_DEVICES: [0]
[I 2023-12-16 02:58:35,990] Trial 3 finished with value: 316.5480651855469 and parameters: {'gradient_clip_val': 0.3743301262754724, 'hidden_size': 92, 'dropout': 0.2834268051850163, 'hidden_continuous_size': 68, 'attention_head_size': 3, 'learning_rate': 0.002707248469636281}. Best is trial 2 with value: 230.9175567626953.
LOCAL_RANK: 0 - CUDA_VISIBLE_DEVICES: [0]
[I 2023-12-16 02:59:27,860] Trial 4 finished with value: 441.4537048339844 and parameters: {'gradient_clip_val': 0.47282311982997427, 'hidden_size': 52, 'dropout': 0.3107541281540628, 'hidden_continuous_size': 20, 'attention_head_size': 1, 'learning_rate': 0.015470392769897581}. Best is trial 2 with value: 230.9175567626953.
LOCAL_RANK: 0 - CUDA_VISIBLE_DEVICES: [0]
[I 2023-12-16 03:00:20,723] Trial 5 finished with value: 448.9833679199219 and parameters: {'gradient_clip_val': 0.4153750371787427, 'hidden_size': 73, 'dropout': 0.2673951133757403, 'hidden_continuous_size': 10, 'attention_head_size': 2, 'learning_rate': 0.02348149933518992}. Best is trial 2 with value: 230.9175567626953.
LOCAL_RANK: 0 - CUDA_VISIBLE_DEVICES: [0]
[I 2023-12-16 03:01:14,390] Trial 6 finished with value: 448.9674377441406 and parameters: {'gradient_clip_val': 0.4186933807195234, 'hidden_size': 89, 'dropout': 0.24640616732849147, 'hidden_continuous_size': 11, 'attention_head_size': 2, 'learning_rate': 0.05564356575068093}. Best is trial 2 with value: 230.9175567626953.
LOCAL_RANK: 0 - CUDA_VISIBLE_DEVICES: [0]
[I 2023-12-16 03:01:59,240] Trial 7 finished with value: 420.4168701171875 and parameters: {'gradient_clip_val': 0.12162291035041299, 'hidden_size': 6, 'dropout': 0.2572726480077763, 'hidden_continuous_size': 5, 'attention_head_size': 2, 'learning_rate': 0.042840066007703514}. Best is trial 2 with value: 230.9175567626953.
LOCAL_RANK: 0 - CUDA_VISIBLE_DEVICES: [0]
[I 2023-12-16 03:02:51,514] Trial 8 finished with value: 364.5448303222656 and parameters: {'gradient_clip_val': 0.340494344467652, 'hidden_size': 39, 'dropout': 0.2607256589603807, 'hidden_continuous_size': 35, 'attention_head_size': 1, 'learning_rate': 0.0036019224004949137}. Best is trial 2 with value: 230.9175567626953.
LOCAL_RANK: 0 - CUDA_VISIBLE_DEVICES: [0]
[I 2023-12-16 03:03:37,025] Trial 9 finished with value: 378.7589416503906 and parameters: {'gradient_clip_val': 0.13618197360626397, 'hidden_size': 11, 'dropout': 0.31991438421915463, 'hidden_continuous_size': 6, 'attention_head_size': 2, 'learning_rate': 0.053958860609330764}. Best is trial 2 with value: 230.9175567626953.
LOCAL_RANK: 0 - CUDA_VISIBLE_DEVICES: [0]
