[I 2023-12-15 18:29:24,222] Trial 25 finished with value: 5519.63525390625 and parameters: {'gradient_clip_val': 0.22632686063966567, 'hidden_size': 15, 'dropout': 0.17931699803855386, 'hidden_continuous_size': 7, 'attention_head_size': 2, 'learning_rate': 0.004098385797026859}. Best is trial 24 with value: 1492.9322509765625.
LOCAL_RANK: 0 - CUDA_VISIBLE_DEVICES: [0]
[I 2023-12-15 18:30:10,461] Trial 26 finished with value: 2015.1038818359375 and parameters: {'gradient_clip_val': 0.2962703016035072, 'hidden_size': 20, 'dropout': 0.21064269017257883, 'hidden_continuous_size': 7, 'attention_head_size': 3, 'learning_rate': 0.0007351972772498365}. Best is trial 24 with value: 1492.9322509765625.
LOCAL_RANK: 0 - CUDA_VISIBLE_DEVICES: [0]
[I 2023-12-15 18:30:59,268] Trial 27 finished with value: 5993.36083984375 and parameters: {'gradient_clip_val': 0.30952464707900107, 'hidden_size': 22, 'dropout': 0.22501750506257304, 'hidden_continuous_size': 8, 'attention_head_size': 4, 'learning_rate': 0.0008726970801633122}. Best is trial 24 with value: 1492.9322509765625.
LOCAL_RANK: 0 - CUDA_VISIBLE_DEVICES: [0]
[I 2023-12-15 18:31:46,257] Trial 28 finished with value: 4497.47314453125 and parameters: {'gradient_clip_val': 0.4069671985078678, 'hidden_size': 19, 'dropout': 0.2079819084100356, 'hidden_continuous_size': 7, 'attention_head_size': 3, 'learning_rate': 0.0018380153865782585}. Best is trial 24 with value: 1492.9322509765625.
LOCAL_RANK: 0 - CUDA_VISIBLE_DEVICES: [0]
[I 2023-12-15 18:32:35,382] Trial 29 finished with value: 4801.53955078125 and parameters: {'gradient_clip_val': 0.3971748648395909, 'hidden_size': 26, 'dropout': 0.3216537174700029, 'hidden_continuous_size': 10, 'attention_head_size': 3, 'learning_rate': 0.0011361649875942321}. Best is trial 24 with value: 1492.9322509765625.
LOCAL_RANK: 0 - CUDA_VISIBLE_DEVICES: [0]
[I 2023-12-15 18:33:21,277] Trial 30 finished with value: 904.864501953125 and parameters: {'gradient_clip_val': 0.2636045091109817, 'hidden_size': 14, 'dropout': 0.23535268709944276, 'hidden_continuous_size': 7, 'attention_head_size': 4, 'learning_rate': 0.002288358844156146}. Best is trial 30 with value: 904.864501953125.
LOCAL_RANK: 0 - CUDA_VISIBLE_DEVICES: [0]
[I 2023-12-15 18:34:07,113] Trial 31 finished with value: 2442.179443359375 and parameters: {'gradient_clip_val': 0.21188615602350733, 'hidden_size': 14, 'dropout': 0.24096144275537498, 'hidden_continuous_size': 7, 'attention_head_size': 4, 'learning_rate': 0.0024683228460094233}. Best is trial 30 with value: 904.864501953125.
LOCAL_RANK: 0 - CUDA_VISIBLE_DEVICES: [0]
[I 2023-12-15 18:34:54,477] Trial 32 finished with value: 5805.39404296875 and parameters: {'gradient_clip_val': 0.2492843997824685, 'hidden_size': 18, 'dropout': 0.27184566609313404, 'hidden_continuous_size': 8, 'attention_head_size': 4, 'learning_rate': 0.002126618533601643}. Best is trial 30 with value: 904.864501953125.
LOCAL_RANK: 0 - CUDA_VISIBLE_DEVICES: [0]
[I 2023-12-15 18:35:40,128] Trial 33 finished with value: 5866.76318359375 and parameters: {'gradient_clip_val': 0.2705907271219892, 'hidden_size': 14, 'dropout': 0.24265704619254894, 'hidden_continuous_size': 7, 'attention_head_size': 3, 'learning_rate': 0.0011740997691638332}. Best is trial 30 with value: 904.864501953125.
LOCAL_RANK: 0 - CUDA_VISIBLE_DEVICES: [0]
[I 2023-12-15 18:36:28,901] Trial 34 finished with value: 3673.098876953125 and parameters: {'gradient_clip_val': 0.19967037937445095, 'hidden_size': 22, 'dropout': 0.21209046250963356, 'hidden_continuous_size': 8, 'attention_head_size': 4, 'learning_rate': 0.0007473686518561348}. Best is trial 30 with value: 904.864501953125.
LOCAL_RANK: 0 - CUDA_VISIBLE_DEVICES: [0]
[I 2023-12-15 18:37:17,873] Trial 35 finished with value: 6978.72021484375 and parameters: {'gradient_clip_val': 0.2782755375091075, 'hidden_size': 27, 'dropout': 0.23543016221127788, 'hidden_continuous_size': 11, 'attention_head_size': 3, 'learning_rate': 0.0016172265206901876}. Best is trial 30 with value: 904.864501953125.
LOCAL_RANK: 0 - CUDA_VISIBLE_DEVICES: [0]
[I 2023-12-15 18:38:05,150] Trial 36 finished with value: 7255.857421875 and parameters: {'gradient_clip_val': 0.20948090073246456, 'hidden_size': 19, 'dropout': 0.26804360233408137, 'hidden_continuous_size': 6, 'attention_head_size': 4, 'learning_rate': 0.0029384523086556187}. Best is trial 30 with value: 904.864501953125.
LOCAL_RANK: 0 - CUDA_VISIBLE_DEVICES: [0]
[I 2023-12-15 18:38:50,446] Trial 37 finished with value: 5267.32470703125 and parameters: {'gradient_clip_val': 0.36082925115931425, 'hidden_size': 10, 'dropout': 0.2822638977952425, 'hidden_continuous_size': 6, 'attention_head_size': 3, 'learning_rate': 0.000501848383785752}. Best is trial 30 with value: 904.864501953125.
LOCAL_RANK: 0 - CUDA_VISIBLE_DEVICES: [0]
[I 2023-12-15 18:39:35,340] Trial 38 finished with value: 4290.83056640625 and parameters: {'gradient_clip_val': 0.23210703821850953, 'hidden_size': 14, 'dropout': 0.30498263476146564, 'hidden_continuous_size': 7, 'attention_head_size': 2, 'learning_rate': 0.0014804639948345494}. Best is trial 30 with value: 904.864501953125.
LOCAL_RANK: 0 - CUDA_VISIBLE_DEVICES: [0]
[I 2023-12-15 18:40:23,626] Trial 39 finished with value: 2731.118408203125 and parameters: {'gradient_clip_val': 0.46446525462172167, 'hidden_size': 31, 'dropout': 0.25081925790251375, 'hidden_continuous_size': 12, 'attention_head_size': 1, 'learning_rate': 0.0007038723475766478}. Best is trial 30 with value: 904.864501953125.
LOCAL_RANK: 0 - CUDA_VISIBLE_DEVICES: [0]
[I 2023-12-15 18:41:11,521] Trial 40 finished with value: 3655.466064453125 and parameters: {'gradient_clip_val': 0.18493565299012146, 'hidden_size': 24, 'dropout': 0.21709327374881543, 'hidden_continuous_size': 9, 'attention_head_size': 4, 'learning_rate': 0.0035308015012830347}. Best is trial 30 with value: 904.864501953125.
LOCAL_RANK: 0 - CUDA_VISIBLE_DEVICES: [0]
[I 2023-12-15 18:41:56,123] Trial 41 finished with value: 6452.1328125 and parameters: {'gradient_clip_val': 0.12216503268685037, 'hidden_size': 9, 'dropout': 0.1953627635137177, 'hidden_continuous_size': 7, 'attention_head_size': 1, 'learning_rate': 0.0006790863331691186}. Best is trial 30 with value: 904.864501953125.
LOCAL_RANK: 0 - CUDA_VISIBLE_DEVICES: [0]
[I 2023-12-15 18:42:41,412] Trial 42 finished with value: 4121.46875 and parameters: {'gradient_clip_val': 0.15518492406136997, 'hidden_size': 13, 'dropout': 0.18546374687607323, 'hidden_continuous_size': 7, 'attention_head_size': 2, 'learning_rate': 0.001015488903206106}. Best is trial 30 with value: 904.864501953125.
LOCAL_RANK: 0 - CUDA_VISIBLE_DEVICES: [0]
[I 2023-12-15 18:43:25,938] Trial 43 finished with value: 3450.0390625 and parameters: {'gradient_clip_val': 0.17866185950246663, 'hidden_size': 11, 'dropout': 0.20354919322253104, 'hidden_continuous_size': 6, 'attention_head_size': 1, 'learning_rate': 0.0019883708047881967}. Best is trial 30 with value: 904.864501953125.
LOCAL_RANK: 0 - CUDA_VISIBLE_DEVICES: [0]
[I 2023-12-15 18:44:10,443] Trial 44 finished with value: 3805.779541015625 and parameters: {'gradient_clip_val': 0.15775257793592914, 'hidden_size': 16, 'dropout': 0.17056804105515652, 'hidden_continuous_size': 8, 'attention_head_size': 2, 'learning_rate': 0.0006367019667313315}. Best is trial 30 with value: 904.864501953125.
LOCAL_RANK: 0 - CUDA_VISIBLE_DEVICES: [0]
[I 2023-12-15 18:44:55,311] Trial 45 finished with value: 2308.170166015625 and parameters: {'gradient_clip_val': 0.1410605180961471, 'hidden_size': 9, 'dropout': 0.2274309344911072, 'hidden_continuous_size': 7, 'attention_head_size': 2, 'learning_rate': 0.0013096633346409304}. Best is trial 30 with value: 904.864501953125.
LOCAL_RANK: 0 - CUDA_VISIBLE_DEVICES: [0]
[I 2023-12-15 18:45:39,524] Trial 46 finished with value: 2336.171875 and parameters: {'gradient_clip_val': 0.16735404297794923, 'hidden_size': 12, 'dropout': 0.21307482594126131, 'hidden_continuous_size': 6, 'attention_head_size': 3, 'learning_rate': 0.000903225261536243}. Best is trial 30 with value: 904.864501953125.
LOCAL_RANK: 0 - CUDA_VISIBLE_DEVICES: [0]
[I 2023-12-15 18:46:23,354] Trial 47 finished with value: 5610.30322265625 and parameters: {'gradient_clip_val': 0.22199944170321062, 'hidden_size': 16, 'dropout': 0.24295592833120455, 'hidden_continuous_size': 8, 'attention_head_size': 1, 'learning_rate': 0.0005659197316856439}. Best is trial 30 with value: 904.864501953125.
LOCAL_RANK: 0 - CUDA_VISIBLE_DEVICES: [0]
[I 2023-12-15 18:46:57,058] Trial 48 finished with value: 3754.7578125 and parameters: {'gradient_clip_val': 0.19454057209574802, 'hidden_size': 5, 'dropout': 0.19533985445170832, 'hidden_continuous_size': 5, 'attention_head_size': 2, 'learning_rate': 0.0025656118603598946}. Best is trial 30 with value: 904.864501953125.
LOCAL_RANK: 0 - CUDA_VISIBLE_DEVICES: [0]
[I 2023-12-15 18:47:44,027] Trial 49 finished with value: 3757.038330078125 and parameters: {'gradient_clip_val': 0.11523198111276041, 'hidden_size': 17, 'dropout': 0.16501640617900112, 'hidden_continuous_size': 9, 'attention_head_size': 3, 'learning_rate': 0.0013080846610643406}. Best is trial 30 with value: 904.864501953125.
[I 2023-12-15 18:47:44,121] A new study created in memory with name: no-name-19eab181-f172-4053-850c-02d314899847
/home/le004/conda/anaconda3/envs/tsff_env/lib/python3.9/site-packages/lightning/fabric/plugins/environments/slurm.py:191: The `srun` command is available on your system but is not used. HINT: If your intention is to run Lightning on SLURM, prepend your python command with `srun` like so: srun python /home/le004/master_thesis/git/TSFusionForecast/code/ ...
LOCAL_RANK: 0 - CUDA_VISIBLE_DEVICES: [0]
[I 2023-12-15 18:48:36,459] Trial 0 finished with value: 5313.11474609375 and parameters: {'gradient_clip_val': 0.3672995886326821, 'hidden_size': 47, 'dropout': 0.2055974487355099, 'hidden_continuous_size': 23, 'attention_head_size': 2, 'learning_rate': 0.008911340177724362}. Best is trial 0 with value: 5313.11474609375.
LOCAL_RANK: 0 - CUDA_VISIBLE_DEVICES: [0]
[I 2023-12-15 18:49:27,877] Trial 1 finished with value: 9798.7919921875 and parameters: {'gradient_clip_val': 0.3792823493382535, 'hidden_size': 59, 'dropout': 0.10841945976762485, 'hidden_continuous_size': 5, 'attention_head_size': 3, 'learning_rate': 0.002364280973565755}. Best is trial 0 with value: 5313.11474609375.
LOCAL_RANK: 0 - CUDA_VISIBLE_DEVICES: [0]
[I 2023-12-15 18:50:19,253] Trial 2 finished with value: 6064.92822265625 and parameters: {'gradient_clip_val': 0.19036635099024315, 'hidden_size': 39, 'dropout': 0.286411225164714, 'hidden_continuous_size': 13, 'attention_head_size': 3, 'learning_rate': 0.05913469482626891}. Best is trial 0 with value: 5313.11474609375.
LOCAL_RANK: 0 - CUDA_VISIBLE_DEVICES: [0]
[I 2023-12-15 18:50:52,490] Trial 3 finished with value: 4690.66015625 and parameters: {'gradient_clip_val': 0.4546380452693888, 'hidden_size': 6, 'dropout': 0.19580452629884365, 'hidden_continuous_size': 6, 'attention_head_size': 2, 'learning_rate': 0.016697397202425034}. Best is trial 3 with value: 4690.66015625.
LOCAL_RANK: 0 - CUDA_VISIBLE_DEVICES: [0]
[I 2023-12-15 18:51:43,510] Trial 4 finished with value: 4484.15966796875 and parameters: {'gradient_clip_val': 0.4392516757539655, 'hidden_size': 50, 'dropout': 0.12012637776786819, 'hidden_continuous_size': 5, 'attention_head_size': 3, 'learning_rate': 0.0006838777178182961}. Best is trial 4 with value: 4484.15966796875.
LOCAL_RANK: 0 - CUDA_VISIBLE_DEVICES: [0]
[I 2023-12-15 18:52:27,993] Trial 5 finished with value: 5071.9423828125 and parameters: {'gradient_clip_val': 0.15907415339092829, 'hidden_size': 13, 'dropout': 0.20435903347419093, 'hidden_continuous_size': 6, 'attention_head_size': 1, 'learning_rate': 0.0015328216793405447}. Best is trial 4 with value: 4484.15966796875.
LOCAL_RANK: 0 - CUDA_VISIBLE_DEVICES: [0]
[I 2023-12-15 18:53:22,732] Trial 6 finished with value: 5707.25048828125 and parameters: {'gradient_clip_val': 0.38083290381638696, 'hidden_size': 69, 'dropout': 0.25754902678610847, 'hidden_continuous_size': 55, 'attention_head_size': 2, 'learning_rate': 0.002136951145517687}. Best is trial 4 with value: 4484.15966796875.
LOCAL_RANK: 0 - CUDA_VISIBLE_DEVICES: [0]
[I 2023-12-15 18:54:07,601] Trial 7 finished with value: 3488.50390625 and parameters: {'gradient_clip_val': 0.5395913485098696, 'hidden_size': 16, 'dropout': 0.26200697909793536, 'hidden_continuous_size': 9, 'attention_head_size': 2, 'learning_rate': 0.08206759872930224}. Best is trial 7 with value: 3488.50390625.
LOCAL_RANK: 0 - CUDA_VISIBLE_DEVICES: [0]
[I 2023-12-15 18:54:51,906] Trial 8 finished with value: 2572.704833984375 and parameters: {'gradient_clip_val': 0.4231281797796461, 'hidden_size': 12, 'dropout': 0.36064482326645986, 'hidden_continuous_size': 6, 'attention_head_size': 3, 'learning_rate': 0.047969408691201115}. Best is trial 8 with value: 2572.704833984375.
LOCAL_RANK: 0 - CUDA_VISIBLE_DEVICES: [0]
[I 2023-12-15 18:55:25,586] Trial 9 finished with value: 4872.51904296875 and parameters: {'gradient_clip_val': 0.5054307402677837, 'hidden_size': 5, 'dropout': 0.13464102489581817, 'hidden_continuous_size': 5, 'attention_head_size': 2, 'learning_rate': 0.0007456045715714413}. Best is trial 8 with value: 2572.704833984375.
LOCAL_RANK: 0 - CUDA_VISIBLE_DEVICES: [0]
[I 2023-12-15 18:56:11,330] Trial 10 finished with value: 3474.930908203125 and parameters: {'gradient_clip_val': 0.8181557083321831, 'hidden_size': 10, 'dropout': 0.39040024552188046, 'hidden_continuous_size': 6, 'attention_head_size': 4, 'learning_rate': 0.028865614348738525}. Best is trial 8 with value: 2572.704833984375.
LOCAL_RANK: 0 - CUDA_VISIBLE_DEVICES: [0]
[I 2023-12-15 18:56:56,621] Trial 11 finished with value: 4916.45166015625 and parameters: {'gradient_clip_val': 0.9554124633856957, 'hidden_size': 10, 'dropout': 0.3968170619721339, 'hidden_continuous_size': 6, 'attention_head_size': 4, 'learning_rate': 0.03265241803702866}. Best is trial 8 with value: 2572.704833984375.
LOCAL_RANK: 0 - CUDA_VISIBLE_DEVICES: [0]
[I 2023-12-15 18:57:45,206] Trial 12 finished with value: 2884.543701171875 and parameters: {'gradient_clip_val': 0.8270844312782917, 'hidden_size': 23, 'dropout': 0.3921678668260649, 'hidden_continuous_size': 8, 'attention_head_size': 4, 'learning_rate': 0.02848079813431927}. Best is trial 8 with value: 2572.704833984375.
LOCAL_RANK: 0 - CUDA_VISIBLE_DEVICES: [0]
[I 2023-12-15 18:58:34,449] Trial 13 finished with value: 5958.93603515625 and parameters: {'gradient_clip_val': 0.24836115933557487, 'hidden_size': 26, 'dropout': 0.3494788431313743, 'hidden_continuous_size': 8, 'attention_head_size': 4, 'learning_rate': 0.09308991631755552}. Best is trial 8 with value: 2572.704833984375.
LOCAL_RANK: 0 - CUDA_VISIBLE_DEVICES: [0]
[I 2023-12-15 18:59:21,956] Trial 14 finished with value: 4489.12646484375 and parameters: {'gradient_clip_val': 0.11247005499538014, 'hidden_size': 24, 'dropout': 0.33543264723618565, 'hidden_continuous_size': 8, 'attention_head_size': 4, 'learning_rate': 0.013302885851095375}. Best is trial 8 with value: 2572.704833984375.
LOCAL_RANK: 0 - CUDA_VISIBLE_DEVICES: [0]
[I 2023-12-15 19:00:11,541] Trial 15 finished with value: 7245.06494140625 and parameters: {'gradient_clip_val': 0.6919626826144973, 'hidden_size': 31, 'dropout': 0.34731201326696465, 'hidden_continuous_size': 10, 'attention_head_size': 3, 'learning_rate': 0.03836094111941768}. Best is trial 8 with value: 2572.704833984375.
LOCAL_RANK: 0 - CUDA_VISIBLE_DEVICES: [0]
[I 2023-12-15 19:01:06,881] Trial 16 finished with value: 4416.95947265625 and parameters: {'gradient_clip_val': 0.643316386063643, 'hidden_size': 98, 'dropout': 0.31248113749026474, 'hidden_continuous_size': 16, 'attention_head_size': 4, 'learning_rate': 0.019849198918611748}. Best is trial 8 with value: 2572.704833984375.
LOCAL_RANK: 0 - CUDA_VISIBLE_DEVICES: [0]
[I 2023-12-15 19:01:54,285] Trial 17 finished with value: 4754.89306640625 and parameters: {'gradient_clip_val': 0.9796655449945053, 'hidden_size': 19, 'dropout': 0.37271162197006835, 'hidden_continuous_size': 7, 'attention_head_size': 3, 'learning_rate': 0.048133054311173214}. Best is trial 8 with value: 2572.704833984375.
LOCAL_RANK: 0 - CUDA_VISIBLE_DEVICES: [0]
[I 2023-12-15 19:02:40,656] Trial 18 finished with value: 4507.828125 and parameters: {'gradient_clip_val': 0.311464611524793, 'hidden_size': 19, 'dropout': 0.3662518327892241, 'hidden_continuous_size': 7, 'attention_head_size': 1, 'learning_rate': 0.005487024739503644}. Best is trial 8 with value: 2572.704833984375.
LOCAL_RANK: 0 - CUDA_VISIBLE_DEVICES: [0]
[I 2023-12-15 19:03:30,052] Trial 19 finished with value: 4841.30859375 and parameters: {'gradient_clip_val': 0.6553119975358934, 'hidden_size': 30, 'dropout': 0.3218639649862862, 'hidden_continuous_size': 9, 'attention_head_size': 4, 'learning_rate': 0.025741528575524128}. Best is trial 8 with value: 2572.704833984375.
LOCAL_RANK: 0 - CUDA_VISIBLE_DEVICES: [0]
[I 2023-12-15 19:04:15,806] Trial 20 finished with value: 4842.486328125 and parameters: {'gradient_clip_val': 0.7540865257660755, 'hidden_size': 15, 'dropout': 0.39980483668461836, 'hidden_continuous_size': 7, 'attention_head_size': 3, 'learning_rate': 0.057066995350947836}. Best is trial 8 with value: 2572.704833984375.
LOCAL_RANK: 0 - CUDA_VISIBLE_DEVICES: [0]
[I 2023-12-15 19:05:01,423] Trial 21 finished with value: 3384.240234375 and parameters: {'gradient_clip_val': 0.8174688523445977, 'hidden_size': 10, 'dropout': 0.3745653755810277, 'hidden_continuous_size': 6, 'attention_head_size': 4, 'learning_rate': 0.03164985152799511}. Best is trial 8 with value: 2572.704833984375.
LOCAL_RANK: 0 - CUDA_VISIBLE_DEVICES: [0]
[I 2023-12-15 19:05:47,160] Trial 22 finished with value: 5833.12255859375 and parameters: {'gradient_clip_val': 0.568367186000565, 'hidden_size': 10, 'dropout': 0.36750259034284005, 'hidden_continuous_size': 6, 'attention_head_size': 4, 'learning_rate': 0.03699024613293732}. Best is trial 8 with value: 2572.704833984375.
LOCAL_RANK: 0 - CUDA_VISIBLE_DEVICES: [0]
[I 2023-12-15 19:06:32,582] Trial 23 finished with value: 7424.66943359375 and parameters: {'gradient_clip_val': 0.8257211364884006, 'hidden_size': 7, 'dropout': 0.31226701676700924, 'hidden_continuous_size': 5, 'attention_head_size': 4, 'learning_rate': 0.09954664872376101}. Best is trial 8 with value: 2572.704833984375.
LOCAL_RANK: 0 - CUDA_VISIBLE_DEVICES: [0]
[I 2023-12-15 19:07:16,784] Trial 24 finished with value: 3847.8828125 and parameters: {'gradient_clip_val': 0.573414843709195, 'hidden_size': 12, 'dropout': 0.37648143255727473, 'hidden_continuous_size': 6, 'attention_head_size': 3, 'learning_rate': 0.023446279431254026}. Best is trial 8 with value: 2572.704833984375.
LOCAL_RANK: 0 - CUDA_VISIBLE_DEVICES: [0]
[I 2023-12-15 19:08:01,285] Trial 25 finished with value: 2320.412353515625 and parameters: {'gradient_clip_val': 0.7822419792264758, 'hidden_size': 8, 'dropout': 0.3487017994340432, 'hidden_continuous_size': 5, 'attention_head_size': 4, 'learning_rate': 0.013494819207668117}. Best is trial 25 with value: 2320.412353515625.
LOCAL_RANK: 0 - CUDA_VISIBLE_DEVICES: [0]
[I 2023-12-15 19:08:44,907] Trial 26 finished with value: 7827.35546875 and parameters: {'gradient_clip_val': 0.982436554676418, 'hidden_size': 8, 'dropout': 0.34464965750157966, 'hidden_continuous_size': 5, 'attention_head_size': 3, 'learning_rate': 0.014837971462813253}. Best is trial 25 with value: 2320.412353515625.
LOCAL_RANK: 0 - CUDA_VISIBLE_DEVICES: [0]
[I 2023-12-15 19:09:32,550] Trial 27 finished with value: 4371.23193359375 and parameters: {'gradient_clip_val': 0.6620568231239619, 'hidden_size': 21, 'dropout': 0.29462431510446824, 'hidden_continuous_size': 5, 'attention_head_size': 4, 'learning_rate': 0.011015767606528766}. Best is trial 25 with value: 2320.412353515625.
LOCAL_RANK: 0 - CUDA_VISIBLE_DEVICES: [0]
[I 2023-12-15 19:10:17,753] Trial 28 finished with value: 4956.49951171875 and parameters: {'gradient_clip_val': 0.4902571624925452, 'hidden_size': 16, 'dropout': 0.3518276120623989, 'hidden_continuous_size': 7, 'attention_head_size': 4, 'learning_rate': 0.006558232386242075}. Best is trial 25 with value: 2320.412353515625.
LOCAL_RANK: 0 - CUDA_VISIBLE_DEVICES: [0]
[I 2023-12-15 19:11:02,538] Trial 29 finished with value: 2249.382568359375 and parameters: {'gradient_clip_val': 0.596757796923448, 'hidden_size': 7, 'dropout': 0.33205467302281433, 'hidden_continuous_size': 5, 'attention_head_size': 3, 'learning_rate': 0.0077164353970512675}. Best is trial 29 with value: 2249.382568359375.
LOCAL_RANK: 0 - CUDA_VISIBLE_DEVICES: [0]
[I 2023-12-15 19:11:36,604] Trial 30 finished with value: 2169.737060546875 and parameters: {'gradient_clip_val': 0.32652519504930555, 'hidden_size': 5, 'dropout': 0.32590791065745944, 'hidden_continuous_size': 5, 'attention_head_size': 3, 'learning_rate': 0.008895178353344767}. Best is trial 30 with value: 2169.737060546875.
LOCAL_RANK: 0 - CUDA_VISIBLE_DEVICES: [0]
[I 2023-12-15 19:12:10,506] Trial 31 finished with value: 2637.607177734375 and parameters: {'gradient_clip_val': 0.33640440508903513, 'hidden_size': 5, 'dropout': 0.32859397866272355, 'hidden_continuous_size': 5, 'attention_head_size': 3, 'learning_rate': 0.008433243936013251}. Best is trial 30 with value: 2169.737060546875.
LOCAL_RANK: 0 - CUDA_VISIBLE_DEVICES: [0]
[I 2023-12-15 19:12:55,308] Trial 32 finished with value: 2946.093017578125 and parameters: {'gradient_clip_val': 0.438617131846268, 'hidden_size': 7, 'dropout': 0.32826554875238156, 'hidden_continuous_size': 5, 'attention_head_size': 3, 'learning_rate': 0.005393622877886385}. Best is trial 30 with value: 2169.737060546875.
LOCAL_RANK: 0 - CUDA_VISIBLE_DEVICES: [0]
