[I 2023-12-16 01:18:13,176] Trial 40 finished with value: 905.47412109375 and parameters: {'gradient_clip_val': 0.14968033222914276, 'hidden_size': 6, 'dropout': 0.15772901485399415, 'hidden_continuous_size': 5, 'attention_head_size': 3, 'learning_rate': 0.013342442929645619}. Best is trial 14 with value: 538.9227294921875.
LOCAL_RANK: 0 - CUDA_VISIBLE_DEVICES: [0]
[I 2023-12-16 01:18:58,570] Trial 41 finished with value: 1542.3759765625 and parameters: {'gradient_clip_val': 0.251859017284389, 'hidden_size': 10, 'dropout': 0.2235163859134973, 'hidden_continuous_size': 6, 'attention_head_size': 4, 'learning_rate': 0.034797837946948816}. Best is trial 14 with value: 538.9227294921875.
LOCAL_RANK: 0 - CUDA_VISIBLE_DEVICES: [0]
[I 2023-12-16 01:19:44,050] Trial 42 finished with value: 1443.6646728515625 and parameters: {'gradient_clip_val': 0.2344762761260171, 'hidden_size': 11, 'dropout': 0.2116578015451957, 'hidden_continuous_size': 6, 'attention_head_size': 4, 'learning_rate': 0.04735318317717159}. Best is trial 14 with value: 538.9227294921875.
LOCAL_RANK: 0 - CUDA_VISIBLE_DEVICES: [0]
[I 2023-12-16 01:20:28,255] Trial 43 finished with value: 861.6643676757812 and parameters: {'gradient_clip_val': 0.29464946959522503, 'hidden_size': 8, 'dropout': 0.23264352861570944, 'hidden_continuous_size': 5, 'attention_head_size': 4, 'learning_rate': 0.03186221315173949}. Best is trial 14 with value: 538.9227294921875.
LOCAL_RANK: 0 - CUDA_VISIBLE_DEVICES: [0]
[I 2023-12-16 01:21:13,558] Trial 44 finished with value: 1027.66650390625 and parameters: {'gradient_clip_val': 0.20815159088390311, 'hidden_size': 16, 'dropout': 0.20041596752350885, 'hidden_continuous_size': 10, 'attention_head_size': 3, 'learning_rate': 0.020954530214342182}. Best is trial 14 with value: 538.9227294921875.
LOCAL_RANK: 0 - CUDA_VISIBLE_DEVICES: [0]
[I 2023-12-16 01:21:58,521] Trial 45 finished with value: 616.3919067382812 and parameters: {'gradient_clip_val': 0.27391847576338574, 'hidden_size': 6, 'dropout': 0.2518678775048467, 'hidden_continuous_size': 5, 'attention_head_size': 4, 'learning_rate': 0.04233974940661967}. Best is trial 14 with value: 538.9227294921875.
LOCAL_RANK: 0 - CUDA_VISIBLE_DEVICES: [0]
[I 2023-12-16 01:22:43,482] Trial 46 finished with value: 639.4423828125 and parameters: {'gradient_clip_val': 0.3376730918835993, 'hidden_size': 6, 'dropout': 0.2557536820563434, 'hidden_continuous_size': 5, 'attention_head_size': 4, 'learning_rate': 0.07143610397865038}. Best is trial 14 with value: 538.9227294921875.
LOCAL_RANK: 0 - CUDA_VISIBLE_DEVICES: [0]
[I 2023-12-16 01:23:28,143] Trial 47 finished with value: 1398.3214111328125 and parameters: {'gradient_clip_val': 0.3369016256239544, 'hidden_size': 6, 'dropout': 0.24794397443642913, 'hidden_continuous_size': 5, 'attention_head_size': 3, 'learning_rate': 0.07203928814512517}. Best is trial 14 with value: 538.9227294921875.
LOCAL_RANK: 0 - CUDA_VISIBLE_DEVICES: [0]
[I 2023-12-16 01:24:02,299] Trial 48 finished with value: 719.0701293945312 and parameters: {'gradient_clip_val': 0.3699672142210692, 'hidden_size': 5, 'dropout': 0.25651809841635625, 'hidden_continuous_size': 5, 'attention_head_size': 4, 'learning_rate': 0.048670415410531756}. Best is trial 14 with value: 538.9227294921875.
LOCAL_RANK: 0 - CUDA_VISIBLE_DEVICES: [0]
[I 2023-12-16 01:24:47,759] Trial 49 finished with value: 789.447998046875 and parameters: {'gradient_clip_val': 0.2841694139450379, 'hidden_size': 9, 'dropout': 0.2108307561977782, 'hidden_continuous_size': 5, 'attention_head_size': 4, 'learning_rate': 0.06984145525692095}. Best is trial 14 with value: 538.9227294921875.
[I 2023-12-16 01:24:47,854] A new study created in memory with name: no-name-2ad8952c-48f7-4d4a-8b7a-57128aca9905
/home/le004/conda/anaconda3/envs/tsff_env/lib/python3.9/site-packages/lightning/fabric/plugins/environments/slurm.py:191: The `srun` command is available on your system but is not used. HINT: If your intention is to run Lightning on SLURM, prepend your python command with `srun` like so: srun python /home/le004/master_thesis/git/TSFusionForecast/code/ ...
LOCAL_RANK: 0 - CUDA_VISIBLE_DEVICES: [0]
[I 2023-12-16 01:25:39,706] Trial 0 finished with value: 12.967473030090332 and parameters: {'gradient_clip_val': 0.8264486792563874, 'hidden_size': 68, 'dropout': 0.11425243512686818, 'hidden_continuous_size': 9, 'attention_head_size': 3, 'learning_rate': 0.0015838226248230006}. Best is trial 0 with value: 12.967473030090332.
LOCAL_RANK: 0 - CUDA_VISIBLE_DEVICES: [0]
[I 2023-12-16 01:26:31,522] Trial 1 finished with value: 19.174497604370117 and parameters: {'gradient_clip_val': 0.10824961535010832, 'hidden_size': 54, 'dropout': 0.33611699465294803, 'hidden_continuous_size': 14, 'attention_head_size': 1, 'learning_rate': 0.02057518153862511}. Best is trial 0 with value: 12.967473030090332.
LOCAL_RANK: 0 - CUDA_VISIBLE_DEVICES: [0]
[I 2023-12-16 01:27:21,997] Trial 2 finished with value: 12.37987995147705 and parameters: {'gradient_clip_val': 0.536879431297555, 'hidden_size': 70, 'dropout': 0.2789507505348999, 'hidden_continuous_size': 5, 'attention_head_size': 1, 'learning_rate': 0.0018444548798370974}. Best is trial 2 with value: 12.37987995147705.
LOCAL_RANK: 0 - CUDA_VISIBLE_DEVICES: [0]
[I 2023-12-16 01:28:06,065] Trial 3 finished with value: 14.805699348449707 and parameters: {'gradient_clip_val': 0.10841642236086757, 'hidden_size': 7, 'dropout': 0.16301283753811638, 'hidden_continuous_size': 5, 'attention_head_size': 1, 'learning_rate': 0.0028784073088547147}. Best is trial 2 with value: 12.37987995147705.
LOCAL_RANK: 0 - CUDA_VISIBLE_DEVICES: [0]
[I 2023-12-16 01:28:39,493] Trial 4 finished with value: 23.558706283569336 and parameters: {'gradient_clip_val': 0.5919195690356368, 'hidden_size': 9, 'dropout': 0.1713731550953199, 'hidden_continuous_size': 9, 'attention_head_size': 2, 'learning_rate': 0.017198350371114113}. Best is trial 2 with value: 12.37987995147705.
LOCAL_RANK: 0 - CUDA_VISIBLE_DEVICES: [0]
[I 2023-12-16 01:29:12,765] Trial 5 finished with value: 15.756512641906738 and parameters: {'gradient_clip_val': 0.5657032013226406, 'hidden_size': 5, 'dropout': 0.395952560296575, 'hidden_continuous_size': 5, 'attention_head_size': 1, 'learning_rate': 0.004967774177353082}. Best is trial 2 with value: 12.37987995147705.
LOCAL_RANK: 0 - CUDA_VISIBLE_DEVICES: [0]
[I 2023-12-16 01:29:46,822] Trial 6 finished with value: 12.67832088470459 and parameters: {'gradient_clip_val': 0.13427804446079797, 'hidden_size': 5, 'dropout': 0.19549103778816457, 'hidden_continuous_size': 5, 'attention_head_size': 4, 'learning_rate': 0.02813506192691439}. Best is trial 2 with value: 12.37987995147705.
LOCAL_RANK: 0 - CUDA_VISIBLE_DEVICES: [0]
[I 2023-12-16 01:30:31,091] Trial 7 finished with value: 14.995033264160156 and parameters: {'gradient_clip_val': 0.9449598202410208, 'hidden_size': 16, 'dropout': 0.28509760941786844, 'hidden_continuous_size': 5, 'attention_head_size': 3, 'learning_rate': 0.002508284909312048}. Best is trial 2 with value: 12.37987995147705.
LOCAL_RANK: 0 - CUDA_VISIBLE_DEVICES: [0]
[I 2023-12-16 01:31:24,328] Trial 8 finished with value: 17.953258514404297 and parameters: {'gradient_clip_val': 0.59432459046564, 'hidden_size': 71, 'dropout': 0.3586105508586519, 'hidden_continuous_size': 21, 'attention_head_size': 2, 'learning_rate': 0.00900995521511747}. Best is trial 2 with value: 12.37987995147705.
LOCAL_RANK: 0 - CUDA_VISIBLE_DEVICES: [0]
[I 2023-12-16 01:32:16,053] Trial 9 finished with value: 11.455464363098145 and parameters: {'gradient_clip_val': 0.5547047318819082, 'hidden_size': 31, 'dropout': 0.11535251462970349, 'hidden_continuous_size': 27, 'attention_head_size': 3, 'learning_rate': 0.001222443364876672}. Best is trial 9 with value: 11.455464363098145.
LOCAL_RANK: 0 - CUDA_VISIBLE_DEVICES: [0]
[I 2023-12-16 01:32:51,253] Trial 10 finished with value: 15.268277168273926 and parameters: {'gradient_clip_val': 0.3119476935250794, 'hidden_size': 34, 'dropout': 0.22332421054902077, 'hidden_continuous_size': 34, 'attention_head_size': 4, 'learning_rate': 0.0005506678494511467}. Best is trial 9 with value: 11.455464363098145.
LOCAL_RANK: 0 - CUDA_VISIBLE_DEVICES: [0]
[I 2023-12-16 01:33:42,083] Trial 11 finished with value: 13.34670639038086 and parameters: {'gradient_clip_val': 0.40492744503418904, 'hidden_size': 32, 'dropout': 0.271873177190912, 'hidden_continuous_size': 31, 'attention_head_size': 3, 'learning_rate': 0.0008755348612436396}. Best is trial 9 with value: 11.455464363098145.
LOCAL_RANK: 0 - CUDA_VISIBLE_DEVICES: [0]
[I 2023-12-16 01:34:39,009] Trial 12 finished with value: 10.404802322387695 and parameters: {'gradient_clip_val': 0.328676936195465, 'hidden_size': 98, 'dropout': 0.10117398151806192, 'hidden_continuous_size': 76, 'attention_head_size': 2, 'learning_rate': 0.001183533847522186}. Best is trial 12 with value: 10.404802322387695.
LOCAL_RANK: 0 - CUDA_VISIBLE_DEVICES: [0]
[I 2023-12-16 01:35:36,310] Trial 13 finished with value: 19.02233123779297 and parameters: {'gradient_clip_val': 0.21817659894156724, 'hidden_size': 98, 'dropout': 0.10385292780828763, 'hidden_continuous_size': 85, 'attention_head_size': 2, 'learning_rate': 0.08464605811160296}. Best is trial 12 with value: 10.404802322387695.
LOCAL_RANK: 0 - CUDA_VISIBLE_DEVICES: [0]
[I 2023-12-16 01:36:25,024] Trial 14 finished with value: 14.462824821472168 and parameters: {'gradient_clip_val': 0.28324410677076867, 'hidden_size': 22, 'dropout': 0.13194476670131258, 'hidden_continuous_size': 12, 'attention_head_size': 3, 'learning_rate': 0.000758059181005796}. Best is trial 12 with value: 10.404802322387695.
LOCAL_RANK: 0 - CUDA_VISIBLE_DEVICES: [0]
[I 2023-12-16 01:37:16,758] Trial 15 finished with value: 12.366690635681152 and parameters: {'gradient_clip_val': 0.4102183258708549, 'hidden_size': 44, 'dropout': 0.14342221433154598, 'hidden_continuous_size': 36, 'attention_head_size': 2, 'learning_rate': 0.0011737419304114832}. Best is trial 12 with value: 10.404802322387695.
LOCAL_RANK: 0 - CUDA_VISIBLE_DEVICES: [0]
[I 2023-12-16 01:37:54,144] Trial 16 finished with value: 12.14709186553955 and parameters: {'gradient_clip_val': 0.2114606678978676, 'hidden_size': 92, 'dropout': 0.10034993346524548, 'hidden_continuous_size': 92, 'attention_head_size': 4, 'learning_rate': 0.0005730531521194601}. Best is trial 12 with value: 10.404802322387695.
LOCAL_RANK: 0 - CUDA_VISIBLE_DEVICES: [0]
[I 2023-12-16 01:38:45,506] Trial 17 finished with value: 9.59682846069336 and parameters: {'gradient_clip_val': 0.4230670059381224, 'hidden_size': 44, 'dropout': 0.14502699114567025, 'hidden_continuous_size': 23, 'attention_head_size': 3, 'learning_rate': 0.0011990604934269719}. Best is trial 17 with value: 9.59682846069336.
LOCAL_RANK: 0 - CUDA_VISIBLE_DEVICES: [0]
[I 2023-12-16 01:39:38,561] Trial 18 finished with value: 15.36480712890625 and parameters: {'gradient_clip_val': 0.4211203420905326, 'hidden_size': 50, 'dropout': 0.1565972113575563, 'hidden_continuous_size': 40, 'attention_head_size': 2, 'learning_rate': 0.003649728153249327}. Best is trial 17 with value: 9.59682846069336.
LOCAL_RANK: 0 - CUDA_VISIBLE_DEVICES: [0]
[I 2023-12-16 01:40:31,315] Trial 19 finished with value: 11.063185691833496 and parameters: {'gradient_clip_val': 0.24787923924168448, 'hidden_size': 43, 'dropout': 0.19019442778548756, 'hidden_continuous_size': 20, 'attention_head_size': 3, 'learning_rate': 0.0019258550050851736}. Best is trial 17 with value: 9.59682846069336.
LOCAL_RANK: 0 - CUDA_VISIBLE_DEVICES: [0]
[I 2023-12-16 01:41:27,113] Trial 20 finished with value: 10.02552318572998 and parameters: {'gradient_clip_val': 0.35775063377808347, 'hidden_size': 100, 'dropout': 0.13820249160975484, 'hidden_continuous_size': 55, 'attention_head_size': 2, 'learning_rate': 0.0009109296817146884}. Best is trial 17 with value: 9.59682846069336.
LOCAL_RANK: 0 - CUDA_VISIBLE_DEVICES: [0]
[I 2023-12-16 01:42:23,030] Trial 21 finished with value: 13.559208869934082 and parameters: {'gradient_clip_val': 0.35411421411064575, 'hidden_size': 99, 'dropout': 0.13761251205094854, 'hidden_continuous_size': 54, 'attention_head_size': 2, 'learning_rate': 0.0011625823924280645}. Best is trial 17 with value: 9.59682846069336.
LOCAL_RANK: 0 - CUDA_VISIBLE_DEVICES: [0]
[I 2023-12-16 01:43:17,787] Trial 22 finished with value: 11.152671813964844 and parameters: {'gradient_clip_val': 0.3267669202891312, 'hidden_size': 73, 'dropout': 0.1348192378791751, 'hidden_continuous_size': 54, 'attention_head_size': 2, 'learning_rate': 0.0005256156616463568}. Best is trial 17 with value: 9.59682846069336.
LOCAL_RANK: 0 - CUDA_VISIBLE_DEVICES: [0]
[I 2023-12-16 01:44:10,513] Trial 23 finished with value: 9.63646411895752 and parameters: {'gradient_clip_val': 0.26665679352837424, 'hidden_size': 58, 'dropout': 0.19143322231545773, 'hidden_continuous_size': 25, 'attention_head_size': 2, 'learning_rate': 0.0008785834556848442}. Best is trial 17 with value: 9.59682846069336.
LOCAL_RANK: 0 - CUDA_VISIBLE_DEVICES: [0]
[I 2023-12-16 01:45:03,413] Trial 24 finished with value: 10.734192848205566 and parameters: {'gradient_clip_val': 0.25195117953314444, 'hidden_size': 55, 'dropout': 0.19266948463072103, 'hidden_continuous_size': 23, 'attention_head_size': 3, 'learning_rate': 0.0008406648514580681}. Best is trial 17 with value: 9.59682846069336.
LOCAL_RANK: 0 - CUDA_VISIBLE_DEVICES: [0]
[I 2023-12-16 01:45:56,391] Trial 25 finished with value: 15.741223335266113 and parameters: {'gradient_clip_val': 0.17780976219439523, 'hidden_size': 60, 'dropout': 0.22331497076832052, 'hidden_continuous_size': 25, 'attention_head_size': 2, 'learning_rate': 0.0019359038788265618}. Best is trial 17 with value: 9.59682846069336.
LOCAL_RANK: 0 - CUDA_VISIBLE_DEVICES: [0]
[I 2023-12-16 01:46:47,705] Trial 26 finished with value: 11.20325756072998 and parameters: {'gradient_clip_val': 0.45471362901618056, 'hidden_size': 41, 'dropout': 0.16642707569563372, 'hidden_continuous_size': 18, 'attention_head_size': 1, 'learning_rate': 0.0008276906646759897}. Best is trial 17 with value: 9.59682846069336.
LOCAL_RANK: 0 - CUDA_VISIBLE_DEVICES: [0]
[I 2023-12-16 01:47:42,534] Trial 27 finished with value: 16.46380043029785 and parameters: {'gradient_clip_val': 0.2710517843095798, 'hidden_size': 78, 'dropout': 0.17810208936637906, 'hidden_continuous_size': 44, 'attention_head_size': 3, 'learning_rate': 0.004338712872140345}. Best is trial 17 with value: 9.59682846069336.
LOCAL_RANK: 0 - CUDA_VISIBLE_DEVICES: [0]
[I 2023-12-16 01:48:36,209] Trial 28 finished with value: 14.816853523254395 and parameters: {'gradient_clip_val': 0.17343006542480802, 'hidden_size': 61, 'dropout': 0.1506447019731386, 'hidden_continuous_size': 29, 'attention_head_size': 4, 'learning_rate': 0.002641584809275311}. Best is trial 17 with value: 9.59682846069336.
LOCAL_RANK: 0 - CUDA_VISIBLE_DEVICES: [0]
[I 2023-12-16 01:49:29,746] Trial 29 finished with value: 13.938766479492188 and parameters: {'gradient_clip_val': 0.7221237089317893, 'hidden_size': 79, 'dropout': 0.11815385589669897, 'hidden_continuous_size': 18, 'attention_head_size': 2, 'learning_rate': 0.0013346117323499386}. Best is trial 17 with value: 9.59682846069336.
LOCAL_RANK: 0 - CUDA_VISIBLE_DEVICES: [0]
[I 2023-12-16 01:50:22,322] Trial 30 finished with value: 14.777503967285156 and parameters: {'gradient_clip_val': 0.34558019997593886, 'hidden_size': 60, 'dropout': 0.21129308847341455, 'hidden_continuous_size': 24, 'attention_head_size': 3, 'learning_rate': 0.0017029441318916982}. Best is trial 17 with value: 9.59682846069336.
LOCAL_RANK: 0 - CUDA_VISIBLE_DEVICES: [0]
[I 2023-12-16 01:51:17,929] Trial 31 finished with value: 12.618725776672363 and parameters: {'gradient_clip_val': 0.3567669422049226, 'hidden_size': 84, 'dropout': 0.13158644313234638, 'hidden_continuous_size': 68, 'attention_head_size': 2, 'learning_rate': 0.001032490824201741}. Best is trial 17 with value: 9.59682846069336.
LOCAL_RANK: 0 - CUDA_VISIBLE_DEVICES: [0]
[I 2023-12-16 01:52:14,625] Trial 32 finished with value: 15.57466983795166 and parameters: {'gradient_clip_val': 0.45774236172969135, 'hidden_size': 96, 'dropout': 0.1194479270105985, 'hidden_continuous_size': 71, 'attention_head_size': 2, 'learning_rate': 0.001534911438888584}. Best is trial 17 with value: 9.59682846069336.
LOCAL_RANK: 0 - CUDA_VISIBLE_DEVICES: [0]
[I 2023-12-16 01:53:07,656] Trial 33 finished with value: 9.810944557189941 and parameters: {'gradient_clip_val': 0.2864441231583127, 'hidden_size': 72, 'dropout': 0.15041831806270867, 'hidden_continuous_size': 44, 'attention_head_size': 1, 'learning_rate': 0.0006631266130283691}. Best is trial 17 with value: 9.59682846069336.
LOCAL_RANK: 0 - CUDA_VISIBLE_DEVICES: [0]
[I 2023-12-16 01:54:00,600] Trial 34 finished with value: 11.874482154846191 and parameters: {'gradient_clip_val': 0.2994157222662518, 'hidden_size': 70, 'dropout': 0.14827447730218277, 'hidden_continuous_size': 31, 'attention_head_size': 1, 'learning_rate': 0.0006763123399406855}. Best is trial 17 with value: 9.59682846069336.
LOCAL_RANK: 0 - CUDA_VISIBLE_DEVICES: [0]
[I 2023-12-16 01:54:51,934] Trial 35 finished with value: 12.167283058166504 and parameters: {'gradient_clip_val': 0.2917029128261325, 'hidden_size': 52, 'dropout': 0.17009218059903558, 'hidden_continuous_size': 29, 'attention_head_size': 1, 'learning_rate': 0.0005162007988403462}. Best is trial 17 with value: 9.59682846069336.
LOCAL_RANK: 0 - CUDA_VISIBLE_DEVICES: [0]
[I 2023-12-16 01:55:45,066] Trial 36 finished with value: 11.975783348083496 and parameters: {'gradient_clip_val': 0.3848530316692517, 'hidden_size': 64, 'dropout': 0.1566175716546399, 'hidden_continuous_size': 42, 'attention_head_size': 1, 'learning_rate': 0.0007107237589853041}. Best is trial 17 with value: 9.59682846069336.
LOCAL_RANK: 0 - CUDA_VISIBLE_DEVICES: [0]
[I 2023-12-16 01:56:39,699] Trial 37 finished with value: 12.631220817565918 and parameters: {'gradient_clip_val': 0.49857089886207, 'hidden_size': 82, 'dropout': 0.18345619356588583, 'hidden_continuous_size': 48, 'attention_head_size': 1, 'learning_rate': 0.0009292408557479868}. Best is trial 17 with value: 9.59682846069336.
LOCAL_RANK: 0 - CUDA_VISIBLE_DEVICES: [0]
[I 2023-12-16 01:57:32,580] Trial 38 finished with value: 15.128018379211426 and parameters: {'gradient_clip_val': 0.3779831314440093, 'hidden_size': 68, 'dropout': 0.16787464630109328, 'hidden_continuous_size': 37, 'attention_head_size': 1, 'learning_rate': 0.001641443387239685}. Best is trial 17 with value: 9.59682846069336.
LOCAL_RANK: 0 - CUDA_VISIBLE_DEVICES: [0]
[I 2023-12-16 01:58:25,080] Trial 39 finished with value: 13.169974327087402 and parameters: {'gradient_clip_val': 0.48955493251129517, 'hidden_size': 50, 'dropout': 0.20462343610045594, 'hidden_continuous_size': 33, 'attention_head_size': 1, 'learning_rate': 0.0007062326609039521}. Best is trial 17 with value: 9.59682846069336.
LOCAL_RANK: 0 - CUDA_VISIBLE_DEVICES: [0]
[I 2023-12-16 01:59:20,013] Trial 40 finished with value: 17.762643814086914 and parameters: {'gradient_clip_val': 0.32858523087670244, 'hidden_size': 73, 'dropout': 0.17512914421693299, 'hidden_continuous_size': 49, 'attention_head_size': 3, 'learning_rate': 0.0022160456942426367}. Best is trial 17 with value: 9.59682846069336.
LOCAL_RANK: 0 - CUDA_VISIBLE_DEVICES: [0]
[I 2023-12-16 02:00:16,781] Trial 41 finished with value: 9.84528923034668 and parameters: {'gradient_clip_val': 0.3557615292245719, 'hidden_size': 87, 'dropout': 0.11931171535894455, 'hidden_continuous_size': 71, 'attention_head_size': 2, 'learning_rate': 0.0010711245029909413}. Best is trial 17 with value: 9.59682846069336.
LOCAL_RANK: 0 - CUDA_VISIBLE_DEVICES: [0]
[I 2023-12-16 02:01:12,395] Trial 42 finished with value: 13.615897178649902 and parameters: {'gradient_clip_val': 0.2696672536229117, 'hidden_size': 86, 'dropout': 0.12589286735350325, 'hidden_continuous_size': 61, 'attention_head_size': 2, 'learning_rate': 0.0010033241130340384}. Best is trial 17 with value: 9.59682846069336.
LOCAL_RANK: 0 - CUDA_VISIBLE_DEVICES: [0]
[I 2023-12-16 02:02:06,065] Trial 43 finished with value: 12.4120512008667 and parameters: {'gradient_clip_val': 0.3875161546350468, 'hidden_size': 62, 'dropout': 0.14638687176629325, 'hidden_continuous_size': 38, 'attention_head_size': 2, 'learning_rate': 0.0014670811792125312}. Best is trial 17 with value: 9.59682846069336.
LOCAL_RANK: 0 - CUDA_VISIBLE_DEVICES: [0]
[I 2023-12-16 02:03:01,511] Trial 44 finished with value: 9.976383209228516 and parameters: {'gradient_clip_val': 0.31532215567949595, 'hidden_size': 83, 'dropout': 0.12594185438236002, 'hidden_continuous_size': 63, 'attention_head_size': 2, 'learning_rate': 0.000642520509016152}. Best is trial 17 with value: 9.59682846069336.
LOCAL_RANK: 0 - CUDA_VISIBLE_DEVICES: [0]
[I 2023-12-16 02:03:57,995] Trial 45 finished with value: 10.553868293762207 and parameters: {'gradient_clip_val': 0.319334248235035, 'hidden_size': 82, 'dropout': 0.11582297446871026, 'hidden_continuous_size': 66, 'attention_head_size': 3, 'learning_rate': 0.0006237933960844409}. Best is trial 17 with value: 9.59682846069336.
LOCAL_RANK: 0 - CUDA_VISIBLE_DEVICES: [0]
[I 2023-12-16 02:04:52,342] Trial 46 finished with value: 11.081692695617676 and parameters: {'gradient_clip_val': 0.4351352652798315, 'hidden_size': 67, 'dropout': 0.15560521009254, 'hidden_continuous_size': 46, 'attention_head_size': 2, 'learning_rate': 0.0005129471511472977}. Best is trial 17 with value: 9.59682846069336.
LOCAL_RANK: 0 - CUDA_VISIBLE_DEVICES: [0]
[I 2023-12-16 02:05:44,991] Trial 47 finished with value: 12.271344184875488 and parameters: {'gradient_clip_val': 0.29455725877173133, 'hidden_size': 53, 'dropout': 0.11352260545119384, 'hidden_continuous_size': 42, 'attention_head_size': 1, 'learning_rate': 0.001410387669118486}. Best is trial 17 with value: 9.59682846069336.
LOCAL_RANK: 0 - CUDA_VISIBLE_DEVICES: [0]
