[I 2023-12-26 15:24:29,229] Trial 10 finished with value: 127.46125030517578 and parameters: {'gradient_clip_val': 0.10891306711474494, 'hidden_size': 15, 'dropout': 0.2600778391970687, 'hidden_continuous_size': 9, 'attention_head_size': 4, 'learning_rate': 0.0006235144337010505}. Best is trial 0 with value: 26.594078063964844.
[I 2023-12-26 15:24:34,543] Trial 11 finished with value: 169.7063446044922 and parameters: {'gradient_clip_val': 0.2243886698962427, 'hidden_size': 65, 'dropout': 0.48089001095162665, 'hidden_continuous_size': 37, 'attention_head_size': 4, 'learning_rate': 0.0029643403517489535}. Best is trial 0 with value: 26.594078063964844.
[I 2023-12-26 15:24:37,028] Trial 12 finished with value: 109.53755950927734 and parameters: {'gradient_clip_val': 0.25445004197906973, 'hidden_size': 14, 'dropout': 0.21381854771334047, 'hidden_continuous_size': 9, 'attention_head_size': 3, 'learning_rate': 0.016529793171531672}. Best is trial 0 with value: 26.594078063964844.
[I 2023-12-26 15:24:39,394] Trial 13 finished with value: 172.39891052246094 and parameters: {'gradient_clip_val': 0.2609417337395546, 'hidden_size': 13, 'dropout': 0.19252957301048773, 'hidden_continuous_size': 8, 'attention_head_size': 3, 'learning_rate': 0.021617280564882334}. Best is trial 0 with value: 26.594078063964844.
[I 2023-12-26 15:24:41,399] Trial 14 finished with value: 202.3855438232422 and parameters: {'gradient_clip_val': 0.32631588622304597, 'hidden_size': 5, 'dropout': 0.1956002271933408, 'hidden_continuous_size': 5, 'attention_head_size': 2, 'learning_rate': 0.0033368746707689427}. Best is trial 0 with value: 26.594078063964844.
[I 2023-12-26 15:24:43,857] Trial 15 finished with value: 185.69715881347656 and parameters: {'gradient_clip_val': 0.27658845301306745, 'hidden_size': 17, 'dropout': 0.28230142158237365, 'hidden_continuous_size': 9, 'attention_head_size': 4, 'learning_rate': 0.023620120000093912}. Best is trial 0 with value: 26.594078063964844.
[I 2023-12-26 15:24:46,388] Trial 16 finished with value: 170.9631805419922 and parameters: {'gradient_clip_val': 0.5401429583826186, 'hidden_size': 9, 'dropout': 0.21410969098357974, 'hidden_continuous_size': 6, 'attention_head_size': 1, 'learning_rate': 0.005111030081918602}. Best is trial 0 with value: 26.594078063964844.
[I 2023-12-26 15:24:49,120] Trial 17 finished with value: 153.66627502441406 and parameters: {'gradient_clip_val': 0.4780850794852864, 'hidden_size': 23, 'dropout': 0.15372766889536268, 'hidden_continuous_size': 11, 'attention_head_size': 2, 'learning_rate': 0.0010750892664528379}. Best is trial 0 with value: 26.594078063964844.
[I 2023-12-26 15:24:51,509] Trial 18 finished with value: 181.1537322998047 and parameters: {'gradient_clip_val': 0.2951438468558611, 'hidden_size': 11, 'dropout': 0.2837729272109691, 'hidden_continuous_size': 7, 'attention_head_size': 3, 'learning_rate': 0.0014801620549070274}. Best is trial 0 with value: 26.594078063964844.
[I 2023-12-26 15:24:53,995] Trial 19 finished with value: 133.8965606689453 and parameters: {'gradient_clip_val': 0.15516435605373682, 'hidden_size': 17, 'dropout': 0.23038116070836223, 'hidden_continuous_size': 10, 'attention_head_size': 4, 'learning_rate': 0.014364955479897665}. Best is trial 0 with value: 26.594078063964844.
[I 2023-12-26 15:24:56,248] Trial 20 finished with value: 189.24745178222656 and parameters: {'gradient_clip_val': 0.9799731780901331, 'hidden_size': 10, 'dropout': 0.16405281687138112, 'hidden_continuous_size': 6, 'attention_head_size': 1, 'learning_rate': 0.0047515381039138814}. Best is trial 0 with value: 26.594078063964844.
[I 2023-12-26 15:24:58,887] Trial 21 finished with value: 153.53114318847656 and parameters: {'gradient_clip_val': 0.1896248337036326, 'hidden_size': 21, 'dropout': 0.3120114918923185, 'hidden_continuous_size': 11, 'attention_head_size': 3, 'learning_rate': 0.011326785814840075}. Best is trial 0 with value: 26.594078063964844.
[I 2023-12-26 15:25:02,656] Trial 22 finished with value: 163.4637908935547 and parameters: {'gradient_clip_val': 0.15644949321483312, 'hidden_size': 44, 'dropout': 0.2565130701523728, 'hidden_continuous_size': 12, 'attention_head_size': 3, 'learning_rate': 0.010206704702142268}. Best is trial 0 with value: 26.594078063964844.
[I 2023-12-26 15:25:05,730] Trial 23 finished with value: 150.2137451171875 and parameters: {'gradient_clip_val': 0.2348197254192667, 'hidden_size': 29, 'dropout': 0.2937218165479491, 'hidden_continuous_size': 14, 'attention_head_size': 3, 'learning_rate': 0.030864147795071895}. Best is trial 0 with value: 26.594078063964844.
[I 2023-12-26 15:25:08,092] Trial 24 finished with value: 152.20765686035156 and parameters: {'gradient_clip_val': 0.31073196267928266, 'hidden_size': 17, 'dropout': 0.21221520852290077, 'hidden_continuous_size': 8, 'attention_head_size': 2, 'learning_rate': 0.011279687368506238}. Best is trial 0 with value: 26.594078063964844.
[I 2023-12-26 15:25:12,568] Trial 25 finished with value: 174.5657958984375 and parameters: {'gradient_clip_val': 0.3357358685008546, 'hidden_size': 55, 'dropout': 0.2617385382971717, 'hidden_continuous_size': 18, 'attention_head_size': 3, 'learning_rate': 0.006115789829816475}. Best is trial 0 with value: 26.594078063964844.
[I 2023-12-26 15:25:21,506] Trial 26 finished with value: 175.0651092529297 and parameters: {'gradient_clip_val': 0.2588686700655481, 'hidden_size': 104, 'dropout': 0.3183138726123995, 'hidden_continuous_size': 96, 'attention_head_size': 4, 'learning_rate': 0.030272412074690704}. Best is trial 0 with value: 26.594078063964844.
[I 2023-12-26 15:25:24,981] Trial 27 finished with value: 175.8196258544922 and parameters: {'gradient_clip_val': 0.18355452200068723, 'hidden_size': 34, 'dropout': 0.3729037405513214, 'hidden_continuous_size': 10, 'attention_head_size': 2, 'learning_rate': 0.01597509694373419}. Best is trial 0 with value: 26.594078063964844.
[I 2023-12-26 15:25:27,659] Trial 28 finished with value: 161.8865509033203 and parameters: {'gradient_clip_val': 0.2205862049904773, 'hidden_size': 24, 'dropout': 0.4147484153860561, 'hidden_continuous_size': 9, 'attention_head_size': 3, 'learning_rate': 0.009234984159628822}. Best is trial 0 with value: 26.594078063964844.
[I 2023-12-26 15:25:34,173] Trial 29 finished with value: 128.8219451904297 and parameters: {'gradient_clip_val': 0.357367125268855, 'hidden_size': 85, 'dropout': 0.24882488723552576, 'hidden_continuous_size': 15, 'attention_head_size': 1, 'learning_rate': 0.017446227102269896}. Best is trial 0 with value: 26.594078063964844.
[I 2023-12-26 15:25:38,107] Trial 30 finished with value: 151.19398498535156 and parameters: {'gradient_clip_val': 0.42581309309119614, 'hidden_size': 46, 'dropout': 0.2269863796852402, 'hidden_continuous_size': 12, 'attention_head_size': 3, 'learning_rate': 0.002351457850260882}. Best is trial 0 with value: 26.594078063964844.
[I 2023-12-26 15:25:47,758] Trial 31 finished with value: 147.955810546875 and parameters: {'gradient_clip_val': 0.11040194616152249, 'hidden_size': 129, 'dropout': 0.26718343049427395, 'hidden_continuous_size': 8, 'attention_head_size': 4, 'learning_rate': 0.0010588396504547773}. Best is trial 0 with value: 26.594078063964844.
[I 2023-12-26 15:25:50,246] Trial 32 finished with value: 169.08692932128906 and parameters: {'gradient_clip_val': 0.10060416071244041, 'hidden_size': 14, 'dropout': 0.24200188720064483, 'hidden_continuous_size': 9, 'attention_head_size': 4, 'learning_rate': 0.0005657455481495609}. Best is trial 0 with value: 26.594078063964844.
[I 2023-12-26 15:26:01,322] Trial 33 finished with value: 172.6962432861328 and parameters: {'gradient_clip_val': 0.13595803799380216, 'hidden_size': 149, 'dropout': 0.297842345680497, 'hidden_continuous_size': 18, 'attention_head_size': 4, 'learning_rate': 0.004379042815487048}. Best is trial 0 with value: 26.594078063964844.
[I 2023-12-26 15:26:04,537] Trial 34 finished with value: 220.38804626464844 and parameters: {'gradient_clip_val': 0.13474315033717757, 'hidden_size': 35, 'dropout': 0.33130383713302985, 'hidden_continuous_size': 10, 'attention_head_size': 4, 'learning_rate': 0.006614306508445427}. Best is trial 0 with value: 26.594078063964844.
[I 2023-12-26 15:26:07,096] Trial 35 finished with value: 158.57574462890625 and parameters: {'gradient_clip_val': 0.25017465673295974, 'hidden_size': 19, 'dropout': 0.26631680739857116, 'hidden_continuous_size': 9, 'attention_head_size': 3, 'learning_rate': 0.0006332215269364334}. Best is trial 0 with value: 26.594078063964844.
[I 2023-12-26 15:26:10,267] Trial 36 finished with value: 150.38999938964844 and parameters: {'gradient_clip_val': 0.20441426952316089, 'hidden_size': 31, 'dropout': 0.33418339530088054, 'hidden_continuous_size': 11, 'attention_head_size': 2, 'learning_rate': 0.002118827561655119}. Best is trial 0 with value: 26.594078063964844.
[I 2023-12-26 15:26:13,127] Trial 37 finished with value: 132.4209442138672 and parameters: {'gradient_clip_val': 0.2862827452064347, 'hidden_size': 27, 'dropout': 0.44926306708386643, 'hidden_continuous_size': 7, 'attention_head_size': 2, 'learning_rate': 0.0007331438868364976}. Best is trial 0 with value: 26.594078063964844.
[I 2023-12-26 15:26:15,630] Trial 38 finished with value: 223.7716827392578 and parameters: {'gradient_clip_val': 0.17385231059590803, 'hidden_size': 15, 'dropout': 0.35057309522615193, 'hidden_continuous_size': 10, 'attention_head_size': 3, 'learning_rate': 0.00784684420291268}. Best is trial 0 with value: 26.594078063964844.
[I 2023-12-26 15:26:18,514] Trial 39 finished with value: 160.21435546875 and parameters: {'gradient_clip_val': 0.20882629143257037, 'hidden_size': 21, 'dropout': 0.49647073392386704, 'hidden_continuous_size': 8, 'attention_head_size': 1, 'learning_rate': 0.003720951397461578}. Best is trial 0 with value: 26.594078063964844.
[I 2023-12-26 15:26:21,395] Trial 40 finished with value: 169.85003662109375 and parameters: {'gradient_clip_val': 0.11908181079707378, 'hidden_size': 26, 'dropout': 0.37228226910231, 'hidden_continuous_size': 12, 'attention_head_size': 4, 'learning_rate': 0.0005269511126142462}. Best is trial 0 with value: 26.594078063964844.
[I 2023-12-26 15:26:28,584] Trial 41 finished with value: 127.1563720703125 and parameters: {'gradient_clip_val': 0.37292706131613496, 'hidden_size': 87, 'dropout': 0.24234500653466629, 'hidden_continuous_size': 15, 'attention_head_size': 1, 'learning_rate': 0.013479146835873522}. Best is trial 0 with value: 26.594078063964844.
[I 2023-12-26 15:26:34,778] Trial 42 finished with value: 177.9131622314453 and parameters: {'gradient_clip_val': 0.2389382790251959, 'hidden_size': 81, 'dropout': 0.2798009742172054, 'hidden_continuous_size': 13, 'attention_head_size': 1, 'learning_rate': 0.01169876471998833}. Best is trial 0 with value: 26.594078063964844.
[I 2023-12-26 15:26:37,070] Trial 43 finished with value: 171.0063018798828 and parameters: {'gradient_clip_val': 0.38443382340818266, 'hidden_size': 12, 'dropout': 0.24153529876634877, 'hidden_continuous_size': 9, 'attention_head_size': 1, 'learning_rate': 0.006247504836121031}. Best is trial 0 with value: 26.594078063964844.
[I 2023-12-26 15:26:40,479] Trial 44 finished with value: 138.55860900878906 and parameters: {'gradient_clip_val': 0.3160587182671709, 'hidden_size': 38, 'dropout': 0.304665572306222, 'hidden_continuous_size': 15, 'attention_head_size': 1, 'learning_rate': 0.00869782108353915}. Best is trial 0 with value: 26.594078063964844.
[I 2023-12-26 15:26:44,945] Trial 45 finished with value: 151.4052734375 and parameters: {'gradient_clip_val': 0.2821764262251198, 'hidden_size': 53, 'dropout': 0.20602872508835604, 'hidden_continuous_size': 13, 'attention_head_size': 2, 'learning_rate': 0.014338265602661058}. Best is trial 0 with value: 26.594078063964844.
[I 2023-12-26 15:26:47,252] Trial 46 finished with value: 147.1683349609375 and parameters: {'gradient_clip_val': 0.3548985951279279, 'hidden_size': 13, 'dropout': 0.18388177262310818, 'hidden_continuous_size': 10, 'attention_head_size': 1, 'learning_rate': 0.0009742035338682469}. Best is trial 0 with value: 26.594078063964844.
[I 2023-12-26 15:26:53,085] Trial 47 finished with value: 173.6651153564453 and parameters: {'gradient_clip_val': 0.4268845538736977, 'hidden_size': 70, 'dropout': 0.2330843705572941, 'hidden_continuous_size': 16, 'attention_head_size': 2, 'learning_rate': 0.0014772872642348663}. Best is trial 0 with value: 26.594078063964844.
[I 2023-12-26 15:26:55,614] Trial 48 finished with value: 171.7732696533203 and parameters: {'gradient_clip_val': 0.26062858265702565, 'hidden_size': 15, 'dropout': 0.2184277753098853, 'hidden_continuous_size': 11, 'attention_head_size': 3, 'learning_rate': 0.02121796984418649}. Best is trial 0 with value: 26.594078063964844.
[I 2023-12-26 15:26:57,791] Trial 49 finished with value: 148.62628173828125 and parameters: {'gradient_clip_val': 0.17176937963649117, 'hidden_size': 9, 'dropout': 0.18123002287544526, 'hidden_continuous_size': 8, 'attention_head_size': 1, 'learning_rate': 0.0029703563136474907}. Best is trial 0 with value: 26.594078063964844.
[I 2023-12-26 15:26:57,975] A new study created in memory with name: no-name-1ce0239f-4514-4caa-92be-6f9207ec00a3
/home/le004/conda/anaconda3/envs/tsff_env/lib/python3.9/site-packages/lightning/fabric/plugins/environments/slurm.py:191: The `srun` command is available on your system but is not used. HINT: If your intention is to run Lightning on SLURM, prepend your python command with `srun` like so: srun python /home/le004/master_thesis/git/TSFusionForecast/code/ ...
[I 2023-12-26 15:29:27,914] Trial 0 finished with value: 255.1588134765625 and parameters: {'gradient_clip_val': 0.9378884480275917, 'hidden_size': 5, 'dropout': 0.13349611211547296, 'hidden_continuous_size': 5, 'attention_head_size': 4, 'learning_rate': 0.015412404453633658}. Best is trial 0 with value: 255.1588134765625.
[I 2023-12-26 15:29:30,010] Trial 1 finished with value: 2088.593994140625 and parameters: {'gradient_clip_val': 0.38854287950753813, 'hidden_size': 17, 'dropout': 0.43490115650899575, 'hidden_continuous_size': 12, 'attention_head_size': 4, 'learning_rate': 0.0015836671373728923}. Best is trial 0 with value: 255.1588134765625.
[I 2023-12-26 15:29:36,562] Trial 2 finished with value: 1381.1466064453125 and parameters: {'gradient_clip_val': 0.10458565373914042, 'hidden_size': 78, 'dropout': 0.19959646780015575, 'hidden_continuous_size': 36, 'attention_head_size': 1, 'learning_rate': 0.0036195823174045402}. Best is trial 0 with value: 255.1588134765625.
[I 2023-12-26 15:29:39,681] Trial 3 finished with value: 1505.3341064453125 and parameters: {'gradient_clip_val': 0.7653066825361333, 'hidden_size': 31, 'dropout': 0.3669477389428062, 'hidden_continuous_size': 11, 'attention_head_size': 3, 'learning_rate': 0.002728140632847937}. Best is trial 0 with value: 255.1588134765625.
[I 2023-12-26 15:29:42,456] Trial 4 finished with value: 1385.8184814453125 and parameters: {'gradient_clip_val': 0.19431456352155455, 'hidden_size': 23, 'dropout': 0.21962998664118538, 'hidden_continuous_size': 5, 'attention_head_size': 2, 'learning_rate': 0.07495078055193398}. Best is trial 0 with value: 255.1588134765625.
[I 2023-12-26 15:29:44,772] Trial 5 finished with value: 1127.8948974609375 and parameters: {'gradient_clip_val': 0.11485629851295312, 'hidden_size': 19, 'dropout': 0.3688762210675932, 'hidden_continuous_size': 6, 'attention_head_size': 4, 'learning_rate': 0.04277816681412973}. Best is trial 0 with value: 255.1588134765625.
[I 2023-12-26 15:29:53,197] Trial 6 finished with value: 1805.5323486328125 and parameters: {'gradient_clip_val': 0.6872280258388269, 'hidden_size': 104, 'dropout': 0.27855474278287995, 'hidden_continuous_size': 10, 'attention_head_size': 3, 'learning_rate': 0.07795664444044134}. Best is trial 0 with value: 255.1588134765625.
[I 2023-12-26 15:29:55,354] Trial 7 finished with value: 2385.56689453125 and parameters: {'gradient_clip_val': 0.9520574385559732, 'hidden_size': 15, 'dropout': 0.19065833087357464, 'hidden_continuous_size': 6, 'attention_head_size': 3, 'learning_rate': 0.0711490419984559}. Best is trial 0 with value: 255.1588134765625.
[I 2023-12-26 15:29:57,324] Trial 8 finished with value: 1962.9732666015625 and parameters: {'gradient_clip_val': 0.2590435389319842, 'hidden_size': 6, 'dropout': 0.14953115399452854, 'hidden_continuous_size': 5, 'attention_head_size': 2, 'learning_rate': 0.0006809831800875176}. Best is trial 0 with value: 255.1588134765625.
[I 2023-12-26 15:29:59,386] Trial 9 finished with value: 1537.5389404296875 and parameters: {'gradient_clip_val': 0.8317893739100037, 'hidden_size': 10, 'dropout': 0.29398583276169654, 'hidden_continuous_size': 10, 'attention_head_size': 4, 'learning_rate': 0.07579172588582846}. Best is trial 0 with value: 255.1588134765625.
[I 2023-12-26 15:30:01,171] Trial 10 finished with value: 1679.7454833984375 and parameters: {'gradient_clip_val': 0.5056326054245653, 'hidden_size': 5, 'dropout': 0.13112695852427544, 'hidden_continuous_size': 5, 'attention_head_size': 1, 'learning_rate': 0.013425163178321336}. Best is trial 0 with value: 255.1588134765625.
[I 2023-12-26 15:30:03,173] Trial 11 finished with value: 1580.2484130859375 and parameters: {'gradient_clip_val': 0.15064964714060514, 'hidden_size': 8, 'dropout': 0.10254219937530085, 'hidden_continuous_size': 5, 'attention_head_size': 4, 'learning_rate': 0.015403979429577847}. Best is trial 0 with value: 255.1588134765625.
[I 2023-12-26 15:30:05,327] Trial 12 finished with value: 1783.5087890625 and parameters: {'gradient_clip_val': 0.3304018008897605, 'hidden_size': 5, 'dropout': 0.49225200878259395, 'hidden_continuous_size': 5, 'attention_head_size': 4, 'learning_rate': 0.023969318337207154}. Best is trial 0 with value: 255.1588134765625.
[I 2023-12-26 15:30:07,808] Trial 13 finished with value: 1288.059326171875 and parameters: {'gradient_clip_val': 0.5303122845313232, 'hidden_size': 10, 'dropout': 0.3540226621392309, 'hidden_continuous_size': 6, 'attention_head_size': 4, 'learning_rate': 0.02981064735175696}. Best is trial 0 with value: 255.1588134765625.
[I 2023-12-26 15:30:10,842] Trial 14 finished with value: 1993.0650634765625 and parameters: {'gradient_clip_val': 0.2312484173463924, 'hidden_size': 38, 'dropout': 0.3381578132780183, 'hidden_continuous_size': 8, 'attention_head_size': 3, 'learning_rate': 0.007902843268162207}. Best is trial 0 with value: 255.1588134765625.
[I 2023-12-26 15:30:14,469] Trial 15 finished with value: 1664.0611572265625 and parameters: {'gradient_clip_val': 0.10286211716145507, 'hidden_size': 51, 'dropout': 0.2560841150118613, 'hidden_continuous_size': 19, 'attention_head_size': 4, 'learning_rate': 0.03129131088261779}. Best is trial 0 with value: 255.1588134765625.
[I 2023-12-26 15:30:17,140] Trial 16 finished with value: 1503.96875 and parameters: {'gradient_clip_val': 0.38932495623836677, 'hidden_size': 15, 'dropout': 0.2440955152072973, 'hidden_continuous_size': 6, 'attention_head_size': 2, 'learning_rate': 0.008115106727302038}. Best is trial 0 with value: 255.1588134765625.
[I 2023-12-26 15:30:19,810] Trial 17 finished with value: 1624.5267333984375 and parameters: {'gradient_clip_val': 0.15483684777775766, 'hidden_size': 21, 'dropout': 0.31782174589718276, 'hidden_continuous_size': 8, 'attention_head_size': 3, 'learning_rate': 0.03973382078641085}. Best is trial 0 with value: 255.1588134765625.
[I 2023-12-26 15:30:22,251] Trial 18 finished with value: 1904.9200439453125 and parameters: {'gradient_clip_val': 0.616906390730154, 'hidden_size': 8, 'dropout': 0.3922741639885231, 'hidden_continuous_size': 5, 'attention_head_size': 4, 'learning_rate': 0.016431995553385963}. Best is trial 0 with value: 255.1588134765625.
[I 2023-12-26 15:30:24,761] Trial 19 finished with value: 1351.5391845703125 and parameters: {'gradient_clip_val': 0.9999584819883622, 'hidden_size': 13, 'dropout': 0.29626599000727116, 'hidden_continuous_size': 6, 'attention_head_size': 3, 'learning_rate': 0.04412298775107904}. Best is trial 0 with value: 255.1588134765625.
[I 2023-12-26 15:30:27,716] Trial 20 finished with value: 1788.41064453125 and parameters: {'gradient_clip_val': 0.4557819456288891, 'hidden_size': 28, 'dropout': 0.16818696103842098, 'hidden_continuous_size': 7, 'attention_head_size': 4, 'learning_rate': 0.020081669188681858}. Best is trial 0 with value: 255.1588134765625.
[I 2023-12-26 15:30:30,059] Trial 21 finished with value: 1576.1077880859375 and parameters: {'gradient_clip_val': 0.577062103042503, 'hidden_size': 10, 'dropout': 0.33626807498358136, 'hidden_continuous_size': 6, 'attention_head_size': 4, 'learning_rate': 0.03433144302932601}. Best is trial 0 with value: 255.1588134765625.
[I 2023-12-26 15:30:32,334] Trial 22 finished with value: 1646.8795166015625 and parameters: {'gradient_clip_val': 0.6285745668808688, 'hidden_size': 7, 'dropout': 0.3859444477972675, 'hidden_continuous_size': 5, 'attention_head_size': 4, 'learning_rate': 0.010914002277353332}. Best is trial 0 with value: 255.1588134765625.
[I 2023-12-26 15:30:34,869] Trial 23 finished with value: 1889.716796875 and parameters: {'gradient_clip_val': 0.7837545109860408, 'hidden_size': 11, 'dropout': 0.25051608528025104, 'hidden_continuous_size': 6, 'attention_head_size': 4, 'learning_rate': 0.025408274527053694}. Best is trial 0 with value: 255.1588134765625.
[I 2023-12-26 15:30:37,079] Trial 24 finished with value: 1372.6888427734375 and parameters: {'gradient_clip_val': 0.5009628562022069, 'hidden_size': 5, 'dropout': 0.3551437925959732, 'hidden_continuous_size': 5, 'attention_head_size': 3, 'learning_rate': 0.04871449131661861}. Best is trial 0 with value: 255.1588134765625.
