[I 2023-12-15 21:36:42,498] Trial 47 finished with value: 0.192951038479805 and parameters: {'gradient_clip_val': 0.18886070336032929, 'hidden_size': 62, 'dropout': 0.19724583855209213, 'hidden_continuous_size': 6, 'attention_head_size': 4, 'learning_rate': 0.040427690473033566}. Best is trial 11 with value: 0.049040865153074265.
LOCAL_RANK: 0 - CUDA_VISIBLE_DEVICES: [0]
[I 2023-12-15 21:37:32,625] Trial 48 finished with value: 0.90605229139328 and parameters: {'gradient_clip_val': 0.11994704867941147, 'hidden_size': 36, 'dropout': 0.2380889250425865, 'hidden_continuous_size': 12, 'attention_head_size': 3, 'learning_rate': 0.009310525089235692}. Best is trial 11 with value: 0.049040865153074265.
LOCAL_RANK: 0 - CUDA_VISIBLE_DEVICES: [0]
[I 2023-12-15 21:38:26,260] Trial 49 finished with value: 0.705708920955658 and parameters: {'gradient_clip_val': 0.13713433647253118, 'hidden_size': 50, 'dropout': 0.27631833238458664, 'hidden_continuous_size': 16, 'attention_head_size': 4, 'learning_rate': 0.06364086433069083}. Best is trial 11 with value: 0.049040865153074265.
[I 2023-12-15 21:38:26,355] A new study created in memory with name: no-name-7c43a3d9-f967-4192-975b-050b7a2e9e88
/home/le004/conda/anaconda3/envs/tsff_env/lib/python3.9/site-packages/lightning/fabric/plugins/environments/slurm.py:191: The `srun` command is available on your system but is not used. HINT: If your intention is to run Lightning on SLURM, prepend your python command with `srun` like so: srun python /home/le004/master_thesis/git/TSFusionForecast/code/ ...
LOCAL_RANK: 0 - CUDA_VISIBLE_DEVICES: [0]
[I 2023-12-15 21:39:11,494] Trial 0 finished with value: 0.14882564544677734 and parameters: {'gradient_clip_val': 0.24442951011493352, 'hidden_size': 6, 'dropout': 0.2657992740751947, 'hidden_continuous_size': 5, 'attention_head_size': 2, 'learning_rate': 0.07461168775532473}. Best is trial 0 with value: 0.14882564544677734.
LOCAL_RANK: 0 - CUDA_VISIBLE_DEVICES: [0]
[I 2023-12-15 21:40:05,450] Trial 1 finished with value: 0.3969479501247406 and parameters: {'gradient_clip_val': 0.4043223665760009, 'hidden_size': 60, 'dropout': 0.3353022733396763, 'hidden_continuous_size': 50, 'attention_head_size': 2, 'learning_rate': 0.00533938104916992}. Best is trial 0 with value: 0.14882564544677734.
LOCAL_RANK: 0 - CUDA_VISIBLE_DEVICES: [0]
[I 2023-12-15 21:40:49,734] Trial 2 finished with value: 0.8060117363929749 and parameters: {'gradient_clip_val': 0.19480656244339356, 'hidden_size': 12, 'dropout': 0.1812481509069967, 'hidden_continuous_size': 9, 'attention_head_size': 1, 'learning_rate': 0.0010392003816310212}. Best is trial 0 with value: 0.14882564544677734.
LOCAL_RANK: 0 - CUDA_VISIBLE_DEVICES: [0]
[I 2023-12-15 21:41:41,698] Trial 3 finished with value: 0.12193503230810165 and parameters: {'gradient_clip_val': 0.11786812196310803, 'hidden_size': 38, 'dropout': 0.2938436900112611, 'hidden_continuous_size': 18, 'attention_head_size': 1, 'learning_rate': 0.03596392913427118}. Best is trial 3 with value: 0.12193503230810165.
LOCAL_RANK: 0 - CUDA_VISIBLE_DEVICES: [0]
[I 2023-12-15 21:42:27,628] Trial 4 finished with value: 1.3228546380996704 and parameters: {'gradient_clip_val': 0.3431952222895108, 'hidden_size': 10, 'dropout': 0.3031545224099722, 'hidden_continuous_size': 6, 'attention_head_size': 4, 'learning_rate': 0.0005685738158350621}. Best is trial 3 with value: 0.12193503230810165.
LOCAL_RANK: 0 - CUDA_VISIBLE_DEVICES: [0]
[I 2023-12-15 21:43:13,588] Trial 5 finished with value: 1.3751192092895508 and parameters: {'gradient_clip_val': 0.46467404209434315, 'hidden_size': 7, 'dropout': 0.2862720646987821, 'hidden_continuous_size': 6, 'attention_head_size': 4, 'learning_rate': 0.0010958231142533684}. Best is trial 3 with value: 0.12193503230810165.
LOCAL_RANK: 0 - CUDA_VISIBLE_DEVICES: [0]
[I 2023-12-15 21:43:58,312] Trial 6 finished with value: 0.8179323673248291 and parameters: {'gradient_clip_val': 0.20519641853812387, 'hidden_size': 6, 'dropout': 0.1963680410126588, 'hidden_continuous_size': 5, 'attention_head_size': 1, 'learning_rate': 0.001437987779455961}. Best is trial 3 with value: 0.12193503230810165.
LOCAL_RANK: 0 - CUDA_VISIBLE_DEVICES: [0]
[I 2023-12-15 21:44:52,198] Trial 7 finished with value: 0.31678563356399536 and parameters: {'gradient_clip_val': 0.2399445402311226, 'hidden_size': 51, 'dropout': 0.14827207992319785, 'hidden_continuous_size': 16, 'attention_head_size': 4, 'learning_rate': 0.0013953011849741894}. Best is trial 3 with value: 0.12193503230810165.
LOCAL_RANK: 0 - CUDA_VISIBLE_DEVICES: [0]
[I 2023-12-15 21:45:46,173] Trial 8 finished with value: 0.06242910400032997 and parameters: {'gradient_clip_val': 0.16627508432635335, 'hidden_size': 49, 'dropout': 0.24753562996682152, 'hidden_continuous_size': 30, 'attention_head_size': 4, 'learning_rate': 0.021354175375917484}. Best is trial 8 with value: 0.06242910400032997.
LOCAL_RANK: 0 - CUDA_VISIBLE_DEVICES: [0]
[I 2023-12-15 21:46:32,791] Trial 9 finished with value: 0.23628292977809906 and parameters: {'gradient_clip_val': 0.11453676624251556, 'hidden_size': 18, 'dropout': 0.35639136045936126, 'hidden_continuous_size': 7, 'attention_head_size': 1, 'learning_rate': 0.002797590964212012}. Best is trial 8 with value: 0.06242910400032997.
LOCAL_RANK: 0 - CUDA_VISIBLE_DEVICES: [0]
[I 2023-12-15 21:47:29,658] Trial 10 finished with value: 0.16459308564662933 and parameters: {'gradient_clip_val': 0.9043523499544606, 'hidden_size': 97, 'dropout': 0.10483796486119884, 'hidden_continuous_size': 49, 'attention_head_size': 3, 'learning_rate': 0.018021199828523196}. Best is trial 8 with value: 0.06242910400032997.
LOCAL_RANK: 0 - CUDA_VISIBLE_DEVICES: [0]
[I 2023-12-15 21:48:21,805] Trial 11 finished with value: 0.08190467208623886 and parameters: {'gradient_clip_val': 0.10115543002673164, 'hidden_size': 31, 'dropout': 0.391401803477361, 'hidden_continuous_size': 22, 'attention_head_size': 3, 'learning_rate': 0.021116109288418655}. Best is trial 8 with value: 0.06242910400032997.
LOCAL_RANK: 0 - CUDA_VISIBLE_DEVICES: [0]
[I 2023-12-15 21:49:13,926] Trial 12 finished with value: 0.10757333040237427 and parameters: {'gradient_clip_val': 0.1051499980457057, 'hidden_size': 31, 'dropout': 0.3923302690810431, 'hidden_continuous_size': 26, 'attention_head_size': 3, 'learning_rate': 0.014518062524598037}. Best is trial 8 with value: 0.06242910400032997.
LOCAL_RANK: 0 - CUDA_VISIBLE_DEVICES: [0]
[I 2023-12-15 21:50:03,968] Trial 13 finished with value: 0.19720768928527832 and parameters: {'gradient_clip_val': 0.15340669740425925, 'hidden_size': 25, 'dropout': 0.2345245835436, 'hidden_continuous_size': 22, 'attention_head_size': 3, 'learning_rate': 0.011350385793550438}. Best is trial 8 with value: 0.06242910400032997.
LOCAL_RANK: 0 - CUDA_VISIBLE_DEVICES: [0]
[I 2023-12-15 21:50:53,760] Trial 14 finished with value: 0.24314582347869873 and parameters: {'gradient_clip_val': 0.15355015577474607, 'hidden_size': 21, 'dropout': 0.3935805350466606, 'hidden_continuous_size': 11, 'attention_head_size': 4, 'learning_rate': 0.031057526646018418}. Best is trial 8 with value: 0.06242910400032997.
LOCAL_RANK: 0 - CUDA_VISIBLE_DEVICES: [0]
[I 2023-12-15 21:51:45,855] Trial 15 finished with value: 0.2481960505247116 and parameters: {'gradient_clip_val': 0.10046442054021157, 'hidden_size': 40, 'dropout': 0.2385900454745156, 'hidden_continuous_size': 30, 'attention_head_size': 3, 'learning_rate': 0.006745341049743494}. Best is trial 8 with value: 0.06242910400032997.
LOCAL_RANK: 0 - CUDA_VISIBLE_DEVICES: [0]
[I 2023-12-15 21:52:40,551] Trial 16 finished with value: 0.27196773886680603 and parameters: {'gradient_clip_val': 0.13742622715787078, 'hidden_size': 69, 'dropout': 0.3285137014246242, 'hidden_continuous_size': 39, 'attention_head_size': 2, 'learning_rate': 0.051677896998478516}. Best is trial 8 with value: 0.06242910400032997.
LOCAL_RANK: 0 - CUDA_VISIBLE_DEVICES: [0]
[I 2023-12-15 21:53:30,900] Trial 17 finished with value: 0.23393309116363525 and parameters: {'gradient_clip_val': 0.15372196171971256, 'hidden_size': 30, 'dropout': 0.252360392186148, 'hidden_continuous_size': 16, 'attention_head_size': 4, 'learning_rate': 0.09360221331155141}. Best is trial 8 with value: 0.06242910400032997.
LOCAL_RANK: 0 - CUDA_VISIBLE_DEVICES: [0]
[I 2023-12-15 21:54:23,969] Trial 18 finished with value: 0.12779174745082855 and parameters: {'gradient_clip_val': 0.10065181468863024, 'hidden_size': 42, 'dropout': 0.3644202930785596, 'hidden_continuous_size': 21, 'attention_head_size': 3, 'learning_rate': 0.02503621606566367}. Best is trial 8 with value: 0.06242910400032997.
LOCAL_RANK: 0 - CUDA_VISIBLE_DEVICES: [0]
[I 2023-12-15 21:55:12,342] Trial 19 finished with value: 0.07320243120193481 and parameters: {'gradient_clip_val': 0.1882540985156474, 'hidden_size': 17, 'dropout': 0.3196034715193249, 'hidden_continuous_size': 13, 'attention_head_size': 4, 'learning_rate': 0.009701948940642595}. Best is trial 8 with value: 0.06242910400032997.
LOCAL_RANK: 0 - CUDA_VISIBLE_DEVICES: [0]
[I 2023-12-15 21:56:00,633] Trial 20 finished with value: 0.10898438841104507 and parameters: {'gradient_clip_val': 0.1944047843745094, 'hidden_size': 17, 'dropout': 0.30658887545185237, 'hidden_continuous_size': 12, 'attention_head_size': 4, 'learning_rate': 0.010091026949385656}. Best is trial 8 with value: 0.06242910400032997.
LOCAL_RANK: 0 - CUDA_VISIBLE_DEVICES: [0]
[I 2023-12-15 21:56:50,545] Trial 21 finished with value: 0.10935544222593307 and parameters: {'gradient_clip_val': 0.13282844008578928, 'hidden_size': 26, 'dropout': 0.3611615100679705, 'hidden_continuous_size': 14, 'attention_head_size': 4, 'learning_rate': 0.01883016417323004}. Best is trial 8 with value: 0.06242910400032997.
LOCAL_RANK: 0 - CUDA_VISIBLE_DEVICES: [0]
[I 2023-12-15 21:57:36,338] Trial 22 finished with value: 0.48134365677833557 and parameters: {'gradient_clip_val': 0.1462121356885911, 'hidden_size': 16, 'dropout': 0.32533776064591474, 'hidden_continuous_size': 11, 'attention_head_size': 3, 'learning_rate': 0.009301732878277465}. Best is trial 8 with value: 0.06242910400032997.
LOCAL_RANK: 0 - CUDA_VISIBLE_DEVICES: [0]
[I 2023-12-15 21:58:27,747] Trial 23 finished with value: 0.13549570739269257 and parameters: {'gradient_clip_val': 0.18394311947710787, 'hidden_size': 32, 'dropout': 0.27776035582685527, 'hidden_continuous_size': 20, 'attention_head_size': 4, 'learning_rate': 0.022460036371790303}. Best is trial 8 with value: 0.06242910400032997.
LOCAL_RANK: 0 - CUDA_VISIBLE_DEVICES: [0]
[I 2023-12-15 21:59:17,064] Trial 24 finished with value: 0.08796360343694687 and parameters: {'gradient_clip_val': 0.12515885708668165, 'hidden_size': 22, 'dropout': 0.26495627153973195, 'hidden_continuous_size': 14, 'attention_head_size': 3, 'learning_rate': 0.03965687330082972}. Best is trial 8 with value: 0.06242910400032997.
LOCAL_RANK: 0 - CUDA_VISIBLE_DEVICES: [0]
[I 2023-12-15 22:00:03,978] Trial 25 finished with value: 0.22845898568630219 and parameters: {'gradient_clip_val': 0.1650395644333192, 'hidden_size': 13, 'dropout': 0.3778405839457374, 'hidden_continuous_size': 9, 'attention_head_size': 4, 'learning_rate': 0.014627024988801586}. Best is trial 8 with value: 0.06242910400032997.
LOCAL_RANK: 0 - CUDA_VISIBLE_DEVICES: [0]
[I 2023-12-15 22:00:51,793] Trial 26 finished with value: 0.24702788889408112 and parameters: {'gradient_clip_val': 0.1233565287482612, 'hidden_size': 24, 'dropout': 0.3443661858601366, 'hidden_continuous_size': 13, 'attention_head_size': 2, 'learning_rate': 0.005136413995609443}. Best is trial 8 with value: 0.06242910400032997.
LOCAL_RANK: 0 - CUDA_VISIBLE_DEVICES: [0]
[I 2023-12-15 22:01:45,092] Trial 27 finished with value: 0.10544675588607788 and parameters: {'gradient_clip_val': 0.23400174281851147, 'hidden_size': 45, 'dropout': 0.39815740629016017, 'hidden_continuous_size': 26, 'attention_head_size': 3, 'learning_rate': 0.027137380037270592}. Best is trial 8 with value: 0.06242910400032997.
LOCAL_RANK: 0 - CUDA_VISIBLE_DEVICES: [0]
[I 2023-12-15 22:02:36,863] Trial 28 finished with value: 0.0702475979924202 and parameters: {'gradient_clip_val': 0.12060882117992813, 'hidden_size': 36, 'dropout': 0.321300442192987, 'hidden_continuous_size': 18, 'attention_head_size': 4, 'learning_rate': 0.05208683320007405}. Best is trial 8 with value: 0.06242910400032997.
LOCAL_RANK: 0 - CUDA_VISIBLE_DEVICES: [0]
[I 2023-12-15 22:03:30,779] Trial 29 finished with value: 0.08192608505487442 and parameters: {'gradient_clip_val': 0.28036317888815476, 'hidden_size': 54, 'dropout': 0.303825322159135, 'hidden_continuous_size': 18, 'attention_head_size': 4, 'learning_rate': 0.046783346534934954}. Best is trial 8 with value: 0.06242910400032997.
LOCAL_RANK: 0 - CUDA_VISIBLE_DEVICES: [0]
[I 2023-12-15 22:04:26,895] Trial 30 finished with value: 0.09156198054552078 and parameters: {'gradient_clip_val': 0.17461858461865742, 'hidden_size': 69, 'dropout': 0.265544820491489, 'hidden_continuous_size': 62, 'attention_head_size': 4, 'learning_rate': 0.06746608439583307}. Best is trial 8 with value: 0.06242910400032997.
LOCAL_RANK: 0 - CUDA_VISIBLE_DEVICES: [0]
[I 2023-12-15 22:05:20,043] Trial 31 finished with value: 0.0763167068362236 and parameters: {'gradient_clip_val': 0.1318496716115127, 'hidden_size': 35, 'dropout': 0.31766840101812355, 'hidden_continuous_size': 24, 'attention_head_size': 4, 'learning_rate': 0.06092156953526423}. Best is trial 8 with value: 0.06242910400032997.
LOCAL_RANK: 0 - CUDA_VISIBLE_DEVICES: [0]
[I 2023-12-15 22:06:12,926] Trial 32 finished with value: 0.1168435737490654 and parameters: {'gradient_clip_val': 0.1342028464508905, 'hidden_size': 48, 'dropout': 0.3211844782162567, 'hidden_continuous_size': 30, 'attention_head_size': 4, 'learning_rate': 0.05876241517459944}. Best is trial 8 with value: 0.06242910400032997.
LOCAL_RANK: 0 - CUDA_VISIBLE_DEVICES: [0]
[I 2023-12-15 22:07:04,576] Trial 33 finished with value: 0.24757762253284454 and parameters: {'gradient_clip_val': 0.1669723892351081, 'hidden_size': 36, 'dropout': 0.3472836783803044, 'hidden_continuous_size': 17, 'attention_head_size': 4, 'learning_rate': 0.0931208246954738}. Best is trial 8 with value: 0.06242910400032997.
LOCAL_RANK: 0 - CUDA_VISIBLE_DEVICES: [0]
[I 2023-12-15 22:07:59,472] Trial 34 finished with value: 0.08325973898172379 and parameters: {'gradient_clip_val': 0.11911157696735526, 'hidden_size': 59, 'dropout': 0.3193101386547859, 'hidden_continuous_size': 37, 'attention_head_size': 4, 'learning_rate': 0.04439963943657026}. Best is trial 8 with value: 0.06242910400032997.
LOCAL_RANK: 0 - CUDA_VISIBLE_DEVICES: [0]
[I 2023-12-15 22:08:52,259] Trial 35 finished with value: 0.26176273822784424 and parameters: {'gradient_clip_val': 0.13946062235113174, 'hidden_size': 35, 'dropout': 0.3381352776453376, 'hidden_continuous_size': 20, 'attention_head_size': 4, 'learning_rate': 0.03743083412612251}. Best is trial 8 with value: 0.06242910400032997.
LOCAL_RANK: 0 - CUDA_VISIBLE_DEVICES: [0]
[I 2023-12-15 22:09:44,045] Trial 36 finished with value: 0.16384628415107727 and parameters: {'gradient_clip_val': 0.203923064210213, 'hidden_size': 40, 'dropout': 0.284883287368731, 'hidden_continuous_size': 15, 'attention_head_size': 4, 'learning_rate': 0.06734689836412311}. Best is trial 8 with value: 0.06242910400032997.
LOCAL_RANK: 0 - CUDA_VISIBLE_DEVICES: [0]
[I 2023-12-15 22:10:32,457] Trial 37 finished with value: 0.3338259160518646 and parameters: {'gradient_clip_val': 0.1705796108773656, 'hidden_size': 20, 'dropout': 0.30107406247775925, 'hidden_continuous_size': 15, 'attention_head_size': 4, 'learning_rate': 0.031468927194717916}. Best is trial 8 with value: 0.06242910400032997.
LOCAL_RANK: 0 - CUDA_VISIBLE_DEVICES: [0]
[I 2023-12-15 22:11:26,101] Trial 38 finished with value: 0.0827627182006836 and parameters: {'gradient_clip_val': 0.21169914930181488, 'hidden_size': 49, 'dropout': 0.3165883330890166, 'hidden_continuous_size': 19, 'attention_head_size': 4, 'learning_rate': 0.054981372659503314}. Best is trial 8 with value: 0.06242910400032997.
LOCAL_RANK: 0 - CUDA_VISIBLE_DEVICES: [0]
[I 2023-12-15 22:12:11,886] Trial 39 finished with value: 0.12270612269639969 and parameters: {'gradient_clip_val': 0.12074897128609179, 'hidden_size': 10, 'dropout': 0.2921666562099817, 'hidden_continuous_size': 9, 'attention_head_size': 2, 'learning_rate': 0.08244327305184677}. Best is trial 8 with value: 0.06242910400032997.
LOCAL_RANK: 0 - CUDA_VISIBLE_DEVICES: [0]
[I 2023-12-15 22:13:02,218] Trial 40 finished with value: 0.12821392714977264 and parameters: {'gradient_clip_val': 0.22403194955987485, 'hidden_size': 27, 'dropout': 0.2785138734332413, 'hidden_continuous_size': 18, 'attention_head_size': 4, 'learning_rate': 0.03364843429814594}. Best is trial 8 with value: 0.06242910400032997.
LOCAL_RANK: 0 - CUDA_VISIBLE_DEVICES: [0]
[I 2023-12-15 22:13:54,600] Trial 41 finished with value: 0.1523226648569107 and parameters: {'gradient_clip_val': 0.11039887477793132, 'hidden_size': 34, 'dropout': 0.37617038216217924, 'hidden_continuous_size': 21, 'attention_head_size': 3, 'learning_rate': 0.023102695350043535}. Best is trial 8 with value: 0.06242910400032997.
LOCAL_RANK: 0 - CUDA_VISIBLE_DEVICES: [0]
[I 2023-12-15 22:14:43,486] Trial 42 finished with value: 0.2039433717727661 and parameters: {'gradient_clip_val': 0.11289826354820853, 'hidden_size': 28, 'dropout': 0.3343556821978667, 'hidden_continuous_size': 17, 'attention_head_size': 3, 'learning_rate': 0.01872944632531355}. Best is trial 8 with value: 0.06242910400032997.
LOCAL_RANK: 0 - CUDA_VISIBLE_DEVICES: [0]
[I 2023-12-15 22:15:35,760] Trial 43 finished with value: 0.056277837604284286 and parameters: {'gradient_clip_val': 0.13004989019462343, 'hidden_size': 36, 'dropout': 0.35395876950814337, 'hidden_continuous_size': 23, 'attention_head_size': 4, 'learning_rate': 0.041957394660334664}. Best is trial 43 with value: 0.056277837604284286.
LOCAL_RANK: 0 - CUDA_VISIBLE_DEVICES: [0]
[I 2023-12-15 22:16:28,841] Trial 44 finished with value: 0.1707032322883606 and parameters: {'gradient_clip_val': 0.19209562932636579, 'hidden_size': 37, 'dropout': 0.35226605342889433, 'hidden_continuous_size': 24, 'attention_head_size': 4, 'learning_rate': 0.07084090466735009}. Best is trial 43 with value: 0.056277837604284286.
LOCAL_RANK: 0 - CUDA_VISIBLE_DEVICES: [0]
[I 2023-12-15 22:17:22,301] Trial 45 finished with value: 0.067276231944561 and parameters: {'gradient_clip_val': 0.14875948909525116, 'hidden_size': 43, 'dropout': 0.33461181450692107, 'hidden_continuous_size': 23, 'attention_head_size': 4, 'learning_rate': 0.05140383759068104}. Best is trial 43 with value: 0.056277837604284286.
LOCAL_RANK: 0 - CUDA_VISIBLE_DEVICES: [0]
[I 2023-12-15 22:18:14,660] Trial 46 finished with value: 0.05677366256713867 and parameters: {'gradient_clip_val': 0.15090805076247768, 'hidden_size': 44, 'dropout': 0.34229304272693317, 'hidden_continuous_size': 18, 'attention_head_size': 4, 'learning_rate': 0.04271891588546557}. Best is trial 43 with value: 0.056277837604284286.
LOCAL_RANK: 0 - CUDA_VISIBLE_DEVICES: [0]
[I 2023-12-15 22:19:07,009] Trial 47 finished with value: 0.16172392666339874 and parameters: {'gradient_clip_val': 0.15723201608366977, 'hidden_size': 45, 'dropout': 0.34004135711871414, 'hidden_continuous_size': 23, 'attention_head_size': 1, 'learning_rate': 0.0446473203803105}. Best is trial 43 with value: 0.056277837604284286.
LOCAL_RANK: 0 - CUDA_VISIBLE_DEVICES: [0]
[I 2023-12-15 22:20:01,080] Trial 48 finished with value: 0.08283331245183945 and parameters: {'gradient_clip_val': 0.14432133582815973, 'hidden_size': 54, 'dropout': 0.37054178398554655, 'hidden_continuous_size': 27, 'attention_head_size': 4, 'learning_rate': 0.027819537262112937}. Best is trial 43 with value: 0.056277837604284286.
LOCAL_RANK: 0 - CUDA_VISIBLE_DEVICES: [0]
[I 2023-12-15 22:20:54,557] Trial 49 finished with value: 0.24673354625701904 and parameters: {'gradient_clip_val': 0.11185743321101749, 'hidden_size': 41, 'dropout': 0.3561935679648568, 'hidden_continuous_size': 20, 'attention_head_size': 4, 'learning_rate': 0.03412647011849167}. Best is trial 43 with value: 0.056277837604284286.
[I 2023-12-15 22:20:54,648] A new study created in memory with name: no-name-ca39b836-572a-4243-872f-3addf070885b
/home/le004/conda/anaconda3/envs/tsff_env/lib/python3.9/site-packages/lightning/fabric/plugins/environments/slurm.py:191: The `srun` command is available on your system but is not used. HINT: If your intention is to run Lightning on SLURM, prepend your python command with `srun` like so: srun python /home/le004/master_thesis/git/TSFusionForecast/code/ ...
LOCAL_RANK: 0 - CUDA_VISIBLE_DEVICES: [0]
[I 2023-12-15 22:21:39,929] Trial 0 finished with value: 69.38809967041016 and parameters: {'gradient_clip_val': 0.20397394305620478, 'hidden_size': 6, 'dropout': 0.32556858785996556, 'hidden_continuous_size': 5, 'attention_head_size': 3, 'learning_rate': 0.019482890191044457}. Best is trial 0 with value: 69.38809967041016.
LOCAL_RANK: 0 - CUDA_VISIBLE_DEVICES: [0]
[I 2023-12-15 22:22:30,920] Trial 1 finished with value: 70.52238464355469 and parameters: {'gradient_clip_val': 0.6532951879256242, 'hidden_size': 65, 'dropout': 0.2985746190492349, 'hidden_continuous_size': 6, 'attention_head_size': 1, 'learning_rate': 0.0008382409457390336}. Best is trial 0 with value: 69.38809967041016.
LOCAL_RANK: 0 - CUDA_VISIBLE_DEVICES: [0]
[I 2023-12-15 22:23:24,701] Trial 2 finished with value: 83.95647430419922 and parameters: {'gradient_clip_val': 0.26450859276438204, 'hidden_size': 59, 'dropout': 0.17146575022996907, 'hidden_continuous_size': 8, 'attention_head_size': 4, 'learning_rate': 0.07144243004476537}. Best is trial 0 with value: 69.38809967041016.
LOCAL_RANK: 0 - CUDA_VISIBLE_DEVICES: [0]
