[I 2023-12-26 17:28:09,524] Trial 44 finished with value: 3832.653564453125 and parameters: {'gradient_clip_val': 0.545726071250977, 'hidden_size': 17, 'dropout': 0.17055526376822897, 'hidden_continuous_size': 8, 'attention_head_size': 4, 'learning_rate': 0.0452427485854171}. Best is trial 0 with value: 708.8674926757812.
[I 2023-12-26 17:28:11,758] Trial 45 finished with value: 5470.29248046875 and parameters: {'gradient_clip_val': 0.2707597638866553, 'hidden_size': 8, 'dropout': 0.11830064735330834, 'hidden_continuous_size': 5, 'attention_head_size': 4, 'learning_rate': 0.06974287409514839}. Best is trial 0 with value: 708.8674926757812.
[I 2023-12-26 17:28:14,080] Trial 46 finished with value: 3798.291259765625 and parameters: {'gradient_clip_val': 0.47144941757466774, 'hidden_size': 7, 'dropout': 0.1418870317046965, 'hidden_continuous_size': 5, 'attention_head_size': 4, 'learning_rate': 0.03282315050525507}. Best is trial 0 with value: 708.8674926757812.
[I 2023-12-26 17:28:16,266] Trial 47 finished with value: 4919.3427734375 and parameters: {'gradient_clip_val': 0.3782837086754678, 'hidden_size': 6, 'dropout': 0.2605779823939491, 'hidden_continuous_size': 5, 'attention_head_size': 1, 'learning_rate': 0.01485909099445887}. Best is trial 0 with value: 708.8674926757812.
[I 2023-12-26 17:28:18,462] Trial 48 finished with value: 3653.060546875 and parameters: {'gradient_clip_val': 0.6085716035012754, 'hidden_size': 5, 'dropout': 0.18140215228207252, 'hidden_continuous_size': 5, 'attention_head_size': 4, 'learning_rate': 0.04744074020938883}. Best is trial 0 with value: 708.8674926757812.
[I 2023-12-26 17:28:21,316] Trial 49 finished with value: 2920.330810546875 and parameters: {'gradient_clip_val': 0.4206332264785639, 'hidden_size': 24, 'dropout': 0.10147525209658431, 'hidden_continuous_size': 11, 'attention_head_size': 2, 'learning_rate': 0.09942619391935907}. Best is trial 0 with value: 708.8674926757812.
[I 2023-12-26 17:28:21,502] A new study created in memory with name: no-name-e080e3b7-f0a7-41a1-8a83-723eb3306040
/home/le004/conda/anaconda3/envs/tsff_env/lib/python3.9/site-packages/lightning/fabric/plugins/environments/slurm.py:191: The `srun` command is available on your system but is not used. HINT: If your intention is to run Lightning on SLURM, prepend your python command with `srun` like so: srun python /home/le004/master_thesis/git/TSFusionForecast/code/ ...
[I 2023-12-26 17:32:35,549] Trial 0 finished with value: 27854.021484375 and parameters: {'gradient_clip_val': 0.6023535778927975, 'hidden_size': 16, 'dropout': 0.27187338338429057, 'hidden_continuous_size': 5, 'attention_head_size': 2, 'learning_rate': 0.0013745397341538446}. Best is trial 0 with value: 27854.021484375.
[I 2023-12-26 17:32:38,429] Trial 1 finished with value: 72725.65625 and parameters: {'gradient_clip_val': 0.9136199878080874, 'hidden_size': 44, 'dropout': 0.13887047183293943, 'hidden_continuous_size': 6, 'attention_head_size': 2, 'learning_rate': 0.001460939608577649}. Best is trial 0 with value: 27854.021484375.
[I 2023-12-26 17:32:42,046] Trial 2 finished with value: 103425.2890625 and parameters: {'gradient_clip_val': 0.23861446949111706, 'hidden_size': 60, 'dropout': 0.47805500788934485, 'hidden_continuous_size': 18, 'attention_head_size': 3, 'learning_rate': 0.07802637441489019}. Best is trial 0 with value: 27854.021484375.
[I 2023-12-26 17:32:44,204] Trial 3 finished with value: 95924.625 and parameters: {'gradient_clip_val': 0.6569835097316824, 'hidden_size': 12, 'dropout': 0.4375770909309402, 'hidden_continuous_size': 6, 'attention_head_size': 1, 'learning_rate': 0.08627908783649203}. Best is trial 0 with value: 27854.021484375.
[I 2023-12-26 17:32:46,378] Trial 4 finished with value: 93965.1953125 and parameters: {'gradient_clip_val': 0.15374148627696055, 'hidden_size': 24, 'dropout': 0.23291118227222243, 'hidden_continuous_size': 5, 'attention_head_size': 3, 'learning_rate': 0.0020428844338977086}. Best is trial 0 with value: 27854.021484375.
[I 2023-12-26 17:32:49,095] Trial 5 finished with value: 85439.7890625 and parameters: {'gradient_clip_val': 0.21106808596599747, 'hidden_size': 38, 'dropout': 0.34754328459243256, 'hidden_continuous_size': 27, 'attention_head_size': 1, 'learning_rate': 0.059011141610643345}. Best is trial 0 with value: 27854.021484375.
[I 2023-12-26 17:32:51,922] Trial 6 finished with value: 86682.84375 and parameters: {'gradient_clip_val': 0.11270959628031953, 'hidden_size': 43, 'dropout': 0.43032686867708436, 'hidden_continuous_size': 16, 'attention_head_size': 1, 'learning_rate': 0.0006014818693692506}. Best is trial 0 with value: 27854.021484375.
[I 2023-12-26 17:32:53,805] Trial 7 finished with value: 113300.2578125 and parameters: {'gradient_clip_val': 0.5102718052517369, 'hidden_size': 7, 'dropout': 0.28049379162917576, 'hidden_continuous_size': 6, 'attention_head_size': 1, 'learning_rate': 0.05261125817874449}. Best is trial 0 with value: 27854.021484375.
[I 2023-12-26 17:32:55,837] Trial 8 finished with value: 108298.3984375 and parameters: {'gradient_clip_val': 0.11274533714056015, 'hidden_size': 12, 'dropout': 0.17435923061779227, 'hidden_continuous_size': 5, 'attention_head_size': 3, 'learning_rate': 0.001922858865371192}. Best is trial 0 with value: 27854.021484375.
[I 2023-12-26 17:32:58,290] Trial 9 finished with value: 100885.9375 and parameters: {'gradient_clip_val': 0.28138535870470566, 'hidden_size': 33, 'dropout': 0.36305138511086577, 'hidden_continuous_size': 6, 'attention_head_size': 1, 'learning_rate': 0.0037342005007023}. Best is trial 0 with value: 27854.021484375.
[I 2023-12-26 17:33:08,236] Trial 10 finished with value: 127917.7578125 and parameters: {'gradient_clip_val': 0.4089911219608889, 'hidden_size': 135, 'dropout': 0.10950668233910937, 'hidden_continuous_size': 134, 'attention_head_size': 4, 'learning_rate': 0.01076224912817996}. Best is trial 0 with value: 27854.021484375.
[I 2023-12-26 17:33:10,406] Trial 11 finished with value: 113482.8046875 and parameters: {'gradient_clip_val': 0.9826751377771911, 'hidden_size': 19, 'dropout': 0.2046572093144805, 'hidden_continuous_size': 5, 'attention_head_size': 2, 'learning_rate': 0.0005308517266048668}. Best is trial 0 with value: 27854.021484375.
[I 2023-12-26 17:33:13,990] Trial 12 finished with value: 64468.59375 and parameters: {'gradient_clip_val': 0.8368528407126419, 'hidden_size': 59, 'dropout': 0.10287418129402445, 'hidden_continuous_size': 9, 'attention_head_size': 2, 'learning_rate': 0.0012942637188392793}. Best is trial 0 with value: 27854.021484375.
[I 2023-12-26 17:33:15,745] Trial 13 finished with value: 75045.515625 and parameters: {'gradient_clip_val': 0.6643663296236196, 'hidden_size': 5, 'dropout': 0.10267066136018205, 'hidden_continuous_size': 5, 'attention_head_size': 2, 'learning_rate': 0.006604085691818646}. Best is trial 0 with value: 27854.021484375.
[I 2023-12-26 17:33:21,399] Trial 14 finished with value: 67544.9453125 and parameters: {'gradient_clip_val': 0.37346706096214793, 'hidden_size': 91, 'dropout': 0.23905640704303732, 'hidden_continuous_size': 10, 'attention_head_size': 2, 'learning_rate': 0.001022820712662083}. Best is trial 0 with value: 27854.021484375.
[I 2023-12-26 17:33:25,540] Trial 15 finished with value: 94818.40625 and parameters: {'gradient_clip_val': 0.6763186056763696, 'hidden_size': 66, 'dropout': 0.16538059564182078, 'hidden_continuous_size': 8, 'attention_head_size': 4, 'learning_rate': 0.0009034040435290402}. Best is trial 0 with value: 27854.021484375.
[I 2023-12-26 17:33:27,684] Trial 16 finished with value: 117484.3984375 and parameters: {'gradient_clip_val': 0.4714989181311468, 'hidden_size': 20, 'dropout': 0.28838098088110636, 'hidden_continuous_size': 8, 'attention_head_size': 2, 'learning_rate': 0.0029924733347966113}. Best is trial 0 with value: 27854.021484375.
[I 2023-12-26 17:33:30,103] Trial 17 finished with value: 101582.6875 and parameters: {'gradient_clip_val': 0.5709606786900574, 'hidden_size': 28, 'dropout': 0.18127030134346478, 'hidden_continuous_size': 8, 'attention_head_size': 3, 'learning_rate': 0.0010976205659180569}. Best is trial 0 with value: 27854.021484375.
[I 2023-12-26 17:33:38,792] Trial 18 finished with value: 86627.171875 and parameters: {'gradient_clip_val': 0.8047219267161441, 'hidden_size': 141, 'dropout': 0.24625022414806988, 'hidden_continuous_size': 12, 'attention_head_size': 2, 'learning_rate': 0.0005019034223557402}. Best is trial 0 with value: 27854.021484375.
[I 2023-12-26 17:33:40,786] Trial 19 finished with value: 97806.0625 and parameters: {'gradient_clip_val': 0.8002016618749012, 'hidden_size': 16, 'dropout': 0.1451599612965041, 'hidden_continuous_size': 7, 'attention_head_size': 3, 'learning_rate': 0.004372998067727062}. Best is trial 0 with value: 27854.021484375.
[I 2023-12-26 17:33:43,221] Trial 20 finished with value: 95684.2265625 and parameters: {'gradient_clip_val': 0.9946796421094887, 'hidden_size': 28, 'dropout': 0.20762296265204203, 'hidden_continuous_size': 10, 'attention_head_size': 2, 'learning_rate': 0.001623668109981159}. Best is trial 0 with value: 27854.021484375.
[I 2023-12-26 17:33:48,865] Trial 21 finished with value: 113529.3359375 and parameters: {'gradient_clip_val': 0.3757921578104178, 'hidden_size': 92, 'dropout': 0.25693130213717696, 'hidden_continuous_size': 11, 'attention_head_size': 2, 'learning_rate': 0.0009629620405511641}. Best is trial 0 with value: 27854.021484375.
[I 2023-12-26 17:33:54,181] Trial 22 finished with value: 101573.625 and parameters: {'gradient_clip_val': 0.41930316305693366, 'hidden_size': 87, 'dropout': 0.32041113654263365, 'hidden_continuous_size': 10, 'attention_head_size': 2, 'learning_rate': 0.0009028052794661324}. Best is trial 0 with value: 27854.021484375.
[I 2023-12-26 17:33:57,480] Trial 23 finished with value: 95654.7421875 and parameters: {'gradient_clip_val': 0.34446249645826665, 'hidden_size': 54, 'dropout': 0.22263203586597616, 'hidden_continuous_size': 9, 'attention_head_size': 2, 'learning_rate': 0.0022733901743203686}. Best is trial 0 with value: 27854.021484375.
[I 2023-12-26 17:34:02,982] Trial 24 finished with value: 87110.3203125 and parameters: {'gradient_clip_val': 0.534869839196766, 'hidden_size': 90, 'dropout': 0.26832638869580105, 'hidden_continuous_size': 13, 'attention_head_size': 3, 'learning_rate': 0.0012230300695180905}. Best is trial 0 with value: 27854.021484375.
[I 2023-12-26 17:34:07,466] Trial 25 finished with value: 97410.3359375 and parameters: {'gradient_clip_val': 0.45456431966385696, 'hidden_size': 74, 'dropout': 0.30829792018962593, 'hidden_continuous_size': 14, 'attention_head_size': 2, 'learning_rate': 0.0007844623631864025}. Best is trial 0 with value: 27854.021484375.
[I 2023-12-26 17:34:14,275] Trial 26 finished with value: 98508.4453125 and parameters: {'gradient_clip_val': 0.331886469208212, 'hidden_size': 110, 'dropout': 0.19244354093806612, 'hidden_continuous_size': 20, 'attention_head_size': 1, 'learning_rate': 0.0016490289703201676}. Best is trial 0 with value: 27854.021484375.
[I 2023-12-26 17:34:17,548] Trial 27 finished with value: 94397.5703125 and parameters: {'gradient_clip_val': 0.5645080100848724, 'hidden_size': 49, 'dropout': 0.23600878702594197, 'hidden_continuous_size': 7, 'attention_head_size': 2, 'learning_rate': 0.0007559516005576263}. Best is trial 0 with value: 27854.021484375.
[I 2023-12-26 17:34:21,555] Trial 28 finished with value: 85577.0390625 and parameters: {'gradient_clip_val': 0.7668119206583082, 'hidden_size': 67, 'dropout': 0.1391544289196869, 'hidden_continuous_size': 10, 'attention_head_size': 3, 'learning_rate': 0.0011997634501119629}. Best is trial 0 with value: 27854.021484375.
[I 2023-12-26 17:34:24,375] Trial 29 finished with value: 107270.7890625 and parameters: {'gradient_clip_val': 0.8593322278152503, 'hidden_size': 44, 'dropout': 0.15062029509392588, 'hidden_continuous_size': 7, 'attention_head_size': 1, 'learning_rate': 0.0014671827644634082}. Best is trial 0 with value: 27854.021484375.
[I 2023-12-26 17:34:27,554] Trial 30 finished with value: 108999.0703125 and parameters: {'gradient_clip_val': 0.6024934752341415, 'hidden_size': 52, 'dropout': 0.1218399153109315, 'hidden_continuous_size': 11, 'attention_head_size': 2, 'learning_rate': 0.00280315880305612}. Best is trial 0 with value: 27854.021484375.
[I 2023-12-26 17:34:30,800] Trial 31 finished with value: 84441.3828125 and parameters: {'gradient_clip_val': 0.7061086338686474, 'hidden_size': 56, 'dropout': 0.13520967942660864, 'hidden_continuous_size': 6, 'attention_head_size': 2, 'learning_rate': 0.0013750213242863462}. Best is trial 0 with value: 27854.021484375.
[I 2023-12-26 17:34:33,439] Trial 32 finished with value: 97194.4140625 and parameters: {'gradient_clip_val': 0.8682186278824712, 'hidden_size': 37, 'dropout': 0.1612217744504038, 'hidden_continuous_size': 6, 'attention_head_size': 2, 'learning_rate': 0.0007527824632026172}. Best is trial 0 with value: 27854.021484375.
[I 2023-12-26 17:34:37,053] Trial 33 finished with value: 72338.1640625 and parameters: {'gradient_clip_val': 0.6311197124606932, 'hidden_size': 59, 'dropout': 0.10049457657837789, 'hidden_continuous_size': 5, 'attention_head_size': 2, 'learning_rate': 0.001977448498010134}. Best is trial 0 with value: 27854.021484375.
[I 2023-12-26 17:34:41,199] Trial 34 finished with value: 97038.8828125 and parameters: {'gradient_clip_val': 0.6209833376009255, 'hidden_size': 70, 'dropout': 0.11628447517064938, 'hidden_continuous_size': 5, 'attention_head_size': 3, 'learning_rate': 0.0021311667794497243}. Best is trial 0 with value: 27854.021484375.
[I 2023-12-26 17:34:48,161] Trial 35 finished with value: 77701.7421875 and parameters: {'gradient_clip_val': 0.7570028302514347, 'hidden_size': 115, 'dropout': 0.21590108317055717, 'hidden_continuous_size': 9, 'attention_head_size': 2, 'learning_rate': 0.001135404687074535}. Best is trial 0 with value: 27854.021484375.
[I 2023-12-26 17:34:53,701] Trial 36 finished with value: 67985.8984375 and parameters: {'gradient_clip_val': 0.4996643104990086, 'hidden_size': 79, 'dropout': 0.18425081740129318, 'hidden_continuous_size': 5, 'attention_head_size': 1, 'learning_rate': 0.0006706734419580727}. Best is trial 0 with value: 27854.021484375.
[I 2023-12-26 17:35:01,316] Trial 37 finished with value: 91449.9609375 and parameters: {'gradient_clip_val': 0.5011141064757163, 'hidden_size': 108, 'dropout': 0.18603768667505383, 'hidden_continuous_size': 15, 'attention_head_size': 1, 'learning_rate': 0.0006815998286100759}. Best is trial 0 with value: 27854.021484375.
[I 2023-12-26 17:35:07,182] Trial 38 finished with value: 96857.4921875 and parameters: {'gradient_clip_val': 0.4511386831021887, 'hidden_size': 78, 'dropout': 0.24001955266551056, 'hidden_continuous_size': 6, 'attention_head_size': 1, 'learning_rate': 0.0005830243426372082}. Best is trial 0 with value: 27854.021484375.
[I 2023-12-26 17:35:10,015] Trial 39 finished with value: 113145.0 and parameters: {'gradient_clip_val': 0.5308090897180107, 'hidden_size': 34, 'dropout': 0.266850498576758, 'hidden_continuous_size': 7, 'attention_head_size': 1, 'learning_rate': 0.0005084842562839122}. Best is trial 0 with value: 27854.021484375.
[I 2023-12-26 17:35:13,134] Trial 40 finished with value: 93997.3828125 and parameters: {'gradient_clip_val': 0.30240290274832904, 'hidden_size': 41, 'dropout': 0.20186544048207858, 'hidden_continuous_size': 5, 'attention_head_size': 1, 'learning_rate': 0.0008734413332862406}. Best is trial 0 with value: 27854.021484375.
[I 2023-12-26 17:35:17,138] Trial 41 finished with value: 106580.59375 and parameters: {'gradient_clip_val': 0.622114041101576, 'hidden_size': 61, 'dropout': 0.1011231551546408, 'hidden_continuous_size': 5, 'attention_head_size': 2, 'learning_rate': 0.0014441883321596948}. Best is trial 0 with value: 27854.021484375.
[I 2023-12-26 17:35:21,041] Trial 42 finished with value: 106489.6796875 and parameters: {'gradient_clip_val': 0.70792582280504, 'hidden_size': 48, 'dropout': 0.12988578394834427, 'hidden_continuous_size': 6, 'attention_head_size': 2, 'learning_rate': 0.001784201113721723}. Best is trial 0 with value: 27854.021484375.
[I 2023-12-26 17:35:26,141] Trial 43 finished with value: 110856.3671875 and parameters: {'gradient_clip_val': 0.498768570658316, 'hidden_size': 58, 'dropout': 0.1687512913840291, 'hidden_continuous_size': 5, 'attention_head_size': 1, 'learning_rate': 0.0006621771261707544}. Best is trial 0 with value: 27854.021484375.
[I 2023-12-26 17:35:32,789] Trial 44 finished with value: 111258.90625 and parameters: {'gradient_clip_val': 0.6362174823821466, 'hidden_size': 79, 'dropout': 0.12100054249995808, 'hidden_continuous_size': 8, 'attention_head_size': 3, 'learning_rate': 0.001108565759349065}. Best is trial 0 with value: 27854.021484375.
[I 2023-12-26 17:35:39,841] Trial 45 finished with value: 95695.8828125 and parameters: {'gradient_clip_val': 0.3848916247598179, 'hidden_size': 93, 'dropout': 0.21959082891212645, 'hidden_continuous_size': 18, 'attention_head_size': 2, 'learning_rate': 0.0021983538870271524}. Best is trial 0 with value: 27854.021484375.
[I 2023-12-26 17:35:44,757] Trial 46 finished with value: 87648.09375 and parameters: {'gradient_clip_val': 0.5476832236763535, 'hidden_size': 68, 'dropout': 0.1593205478427233, 'hidden_continuous_size': 7, 'attention_head_size': 4, 'learning_rate': 0.0006573260780253566}. Best is trial 0 with value: 27854.021484375.
[I 2023-12-26 17:35:52,946] Trial 47 finished with value: 86055.9296875 and parameters: {'gradient_clip_val': 0.7131128787850579, 'hidden_size': 120, 'dropout': 0.10194729417710557, 'hidden_continuous_size': 5, 'attention_head_size': 2, 'learning_rate': 0.0009649290385575323}. Best is trial 0 with value: 27854.021484375.
[I 2023-12-26 17:35:55,963] Trial 48 finished with value: 99173.2890625 and parameters: {'gradient_clip_val': 0.9158739574712961, 'hidden_size': 46, 'dropout': 0.19007429923034203, 'hidden_continuous_size': 6, 'attention_head_size': 1, 'learning_rate': 0.0013065424459815544}. Best is trial 0 with value: 27854.021484375.
[I 2023-12-26 17:35:58,549] Trial 49 finished with value: 90503.8984375 and parameters: {'gradient_clip_val': 0.5821113403465957, 'hidden_size': 31, 'dropout': 0.14759762510423946, 'hidden_continuous_size': 5, 'attention_head_size': 3, 'learning_rate': 0.0018369451347121121}. Best is trial 0 with value: 27854.021484375.
[I 2023-12-26 17:35:58,669] A new study created in memory with name: no-name-6e6950c1-b248-47ba-97aa-3aa827df2f01
/home/le004/conda/anaconda3/envs/tsff_env/lib/python3.9/site-packages/lightning/fabric/plugins/environments/slurm.py:191: The `srun` command is available on your system but is not used. HINT: If your intention is to run Lightning on SLURM, prepend your python command with `srun` like so: srun python /home/le004/master_thesis/git/TSFusionForecast/code/ ...
[I 2023-12-26 17:40:43,716] Trial 0 finished with value: 112.0430908203125 and parameters: {'gradient_clip_val': 0.2675885643740828, 'hidden_size': 20, 'dropout': 0.33299018665854185, 'hidden_continuous_size': 11, 'attention_head_size': 3, 'learning_rate': 0.007988025893537526}. Best is trial 0 with value: 112.0430908203125.
[I 2023-12-26 17:40:52,027] Trial 1 finished with value: 256.6701354980469 and parameters: {'gradient_clip_val': 0.13435016195780258, 'hidden_size': 94, 'dropout': 0.49926873641181224, 'hidden_continuous_size': 33, 'attention_head_size': 2, 'learning_rate': 0.0018287910759821507}. Best is trial 0 with value: 112.0430908203125.
[I 2023-12-26 17:41:00,920] Trial 2 finished with value: 326.7665710449219 and parameters: {'gradient_clip_val': 0.5205364920169576, 'hidden_size': 109, 'dropout': 0.26036404930891055, 'hidden_continuous_size': 23, 'attention_head_size': 1, 'learning_rate': 0.052828208514352576}. Best is trial 0 with value: 112.0430908203125.
[I 2023-12-26 17:41:06,364] Trial 3 finished with value: 334.9886779785156 and parameters: {'gradient_clip_val': 0.4899097838046505, 'hidden_size': 64, 'dropout': 0.32259557170115727, 'hidden_continuous_size': 12, 'attention_head_size': 4, 'learning_rate': 0.01322900574873204}. Best is trial 0 with value: 112.0430908203125.
[I 2023-12-26 17:41:08,913] Trial 4 finished with value: 333.3713073730469 and parameters: {'gradient_clip_val': 0.4684658800597247, 'hidden_size': 12, 'dropout': 0.42333451314475135, 'hidden_continuous_size': 8, 'attention_head_size': 4, 'learning_rate': 0.002407693226289299}. Best is trial 0 with value: 112.0430908203125.
[I 2023-12-26 17:41:17,501] Trial 5 finished with value: 365.7522888183594 and parameters: {'gradient_clip_val': 0.4477600101771623, 'hidden_size': 98, 'dropout': 0.46894534526267306, 'hidden_continuous_size': 30, 'attention_head_size': 4, 'learning_rate': 0.008169274610976435}. Best is trial 0 with value: 112.0430908203125.
[I 2023-12-26 17:41:22,154] Trial 6 finished with value: 198.66749572753906 and parameters: {'gradient_clip_val': 0.4608454772270305, 'hidden_size': 56, 'dropout': 0.2581812675421803, 'hidden_continuous_size': 5, 'attention_head_size': 1, 'learning_rate': 0.0008877311862961763}. Best is trial 0 with value: 112.0430908203125.
[I 2023-12-26 17:41:24,452] Trial 7 finished with value: 337.3608703613281 and parameters: {'gradient_clip_val': 0.1550612849789093, 'hidden_size': 6, 'dropout': 0.4904163860442807, 'hidden_continuous_size': 5, 'attention_head_size': 3, 'learning_rate': 0.089530901183733}. Best is trial 0 with value: 112.0430908203125.
[I 2023-12-26 17:41:27,488] Trial 8 finished with value: 327.38427734375 and parameters: {'gradient_clip_val': 0.24907745891662458, 'hidden_size': 28, 'dropout': 0.37134646831947793, 'hidden_continuous_size': 5, 'attention_head_size': 1, 'learning_rate': 0.0013484991968781028}. Best is trial 0 with value: 112.0430908203125.
