[I 2023-12-16 03:12:05,829] Trial 45 finished with value: 1.426586627960205 and parameters: {'gradient_clip_val': 0.5870547905537014, 'hidden_size': 85, 'dropout': 0.2673497886136554, 'hidden_continuous_size': 43, 'attention_head_size': 1, 'learning_rate': 0.050010059243340114}. Best is trial 37 with value: 0.21567989885807037.
LOCAL_RANK: 0 - CUDA_VISIBLE_DEVICES: [0]
[I 2023-12-16 03:12:58,760] Trial 46 finished with value: 0.17057664692401886 and parameters: {'gradient_clip_val': 0.47425475553231106, 'hidden_size': 68, 'dropout': 0.311515707327848, 'hidden_continuous_size': 30, 'attention_head_size': 1, 'learning_rate': 0.07344117468087015}. Best is trial 46 with value: 0.17057664692401886.
LOCAL_RANK: 0 - CUDA_VISIBLE_DEVICES: [0]
[I 2023-12-16 03:13:53,147] Trial 47 finished with value: 1.7329949140548706 and parameters: {'gradient_clip_val': 0.4298639545474744, 'hidden_size': 89, 'dropout': 0.31688606182333157, 'hidden_continuous_size': 29, 'attention_head_size': 1, 'learning_rate': 0.07871070114497712}. Best is trial 46 with value: 0.17057664692401886.
LOCAL_RANK: 0 - CUDA_VISIBLE_DEVICES: [0]
[I 2023-12-16 03:14:47,228] Trial 48 finished with value: 0.31533119082450867 and parameters: {'gradient_clip_val': 0.37450522641041095, 'hidden_size': 100, 'dropout': 0.28688462030985346, 'hidden_continuous_size': 24, 'attention_head_size': 1, 'learning_rate': 0.04581155281808295}. Best is trial 46 with value: 0.17057664692401886.
LOCAL_RANK: 0 - CUDA_VISIBLE_DEVICES: [0]
[I 2023-12-16 03:15:40,864] Trial 49 finished with value: 0.36115941405296326 and parameters: {'gradient_clip_val': 0.5644028368899617, 'hidden_size': 74, 'dropout': 0.29307862051224887, 'hidden_continuous_size': 29, 'attention_head_size': 1, 'learning_rate': 0.0400537377015494}. Best is trial 46 with value: 0.17057664692401886.
[I 2023-12-16 03:15:40,958] A new study created in memory with name: no-name-c3caacdf-4550-4e37-be00-2a81884174da
/home/le004/conda/anaconda3/envs/tsff_env/lib/python3.9/site-packages/lightning/fabric/plugins/environments/slurm.py:191: The `srun` command is available on your system but is not used. HINT: If your intention is to run Lightning on SLURM, prepend your python command with `srun` like so: srun python /home/le004/master_thesis/git/TSFusionForecast/code/ ...
LOCAL_RANK: 0 - CUDA_VISIBLE_DEVICES: [0]
[I 2023-12-16 03:16:25,215] Trial 0 finished with value: 0.35867443680763245 and parameters: {'gradient_clip_val': 0.2709784584664007, 'hidden_size': 12, 'dropout': 0.2935999569639016, 'hidden_continuous_size': 7, 'attention_head_size': 2, 'learning_rate': 0.022723539065480983}. Best is trial 0 with value: 0.35867443680763245.
LOCAL_RANK: 0 - CUDA_VISIBLE_DEVICES: [0]
[I 2023-12-16 03:17:14,336] Trial 1 finished with value: 1.4360684156417847 and parameters: {'gradient_clip_val': 0.9178957535451812, 'hidden_size': 30, 'dropout': 0.10745251755428786, 'hidden_continuous_size': 7, 'attention_head_size': 3, 'learning_rate': 0.030072209231362636}. Best is trial 0 with value: 0.35867443680763245.
LOCAL_RANK: 0 - CUDA_VISIBLE_DEVICES: [0]
[I 2023-12-16 03:17:58,425] Trial 2 finished with value: 1.5651445388793945 and parameters: {'gradient_clip_val': 0.28144199501809014, 'hidden_size': 8, 'dropout': 0.22141080316087108, 'hidden_continuous_size': 6, 'attention_head_size': 2, 'learning_rate': 0.08103779920295778}. Best is trial 0 with value: 0.35867443680763245.
LOCAL_RANK: 0 - CUDA_VISIBLE_DEVICES: [0]
[I 2023-12-16 03:18:48,214] Trial 3 finished with value: 1.8195041418075562 and parameters: {'gradient_clip_val': 0.13617525679621112, 'hidden_size': 37, 'dropout': 0.10757585828209863, 'hidden_continuous_size': 10, 'attention_head_size': 1, 'learning_rate': 0.0008908741242508767}. Best is trial 0 with value: 0.35867443680763245.
LOCAL_RANK: 0 - CUDA_VISIBLE_DEVICES: [0]
[I 2023-12-16 03:19:32,960] Trial 4 finished with value: 1.5153121948242188 and parameters: {'gradient_clip_val': 0.2955813811557438, 'hidden_size': 12, 'dropout': 0.10449547668055227, 'hidden_continuous_size': 9, 'attention_head_size': 3, 'learning_rate': 0.0015971371030451143}. Best is trial 0 with value: 0.35867443680763245.
LOCAL_RANK: 0 - CUDA_VISIBLE_DEVICES: [0]
[I 2023-12-16 03:20:24,654] Trial 5 finished with value: 0.3551963269710541 and parameters: {'gradient_clip_val': 0.5935744286477715, 'hidden_size': 31, 'dropout': 0.32025780699732137, 'hidden_continuous_size': 30, 'attention_head_size': 1, 'learning_rate': 0.023643673686848984}. Best is trial 5 with value: 0.3551963269710541.
LOCAL_RANK: 0 - CUDA_VISIBLE_DEVICES: [0]
[I 2023-12-16 03:21:10,893] Trial 6 finished with value: 0.8316996097564697 and parameters: {'gradient_clip_val': 0.43150613176554314, 'hidden_size': 15, 'dropout': 0.10005964576264847, 'hidden_continuous_size': 7, 'attention_head_size': 4, 'learning_rate': 0.004457356331141371}. Best is trial 5 with value: 0.3551963269710541.
LOCAL_RANK: 0 - CUDA_VISIBLE_DEVICES: [0]
[I 2023-12-16 03:21:57,669] Trial 7 finished with value: 2.552539110183716 and parameters: {'gradient_clip_val': 0.30730854172089056, 'hidden_size': 14, 'dropout': 0.39419970157558315, 'hidden_continuous_size': 9, 'attention_head_size': 4, 'learning_rate': 0.018044678761667442}. Best is trial 5 with value: 0.3551963269710541.
LOCAL_RANK: 0 - CUDA_VISIBLE_DEVICES: [0]
[I 2023-12-16 03:22:51,398] Trial 8 finished with value: 2.118380308151245 and parameters: {'gradient_clip_val': 0.3322843911466659, 'hidden_size': 57, 'dropout': 0.15277546087102267, 'hidden_continuous_size': 26, 'attention_head_size': 4, 'learning_rate': 0.004395031183218054}. Best is trial 5 with value: 0.3551963269710541.
LOCAL_RANK: 0 - CUDA_VISIBLE_DEVICES: [0]
[I 2023-12-16 03:23:46,019] Trial 9 finished with value: 3.688978910446167 and parameters: {'gradient_clip_val': 0.9260072148313986, 'hidden_size': 67, 'dropout': 0.3890907909796075, 'hidden_continuous_size': 35, 'attention_head_size': 2, 'learning_rate': 0.011416490346613739}. Best is trial 5 with value: 0.3551963269710541.
LOCAL_RANK: 0 - CUDA_VISIBLE_DEVICES: [0]
[I 2023-12-16 03:24:34,791] Trial 10 finished with value: 1.3038986921310425 and parameters: {'gradient_clip_val': 0.5744082680742132, 'hidden_size': 25, 'dropout': 0.32003994923478846, 'hidden_continuous_size': 15, 'attention_head_size': 1, 'learning_rate': 0.09713114663449783}. Best is trial 5 with value: 0.3551963269710541.
LOCAL_RANK: 0 - CUDA_VISIBLE_DEVICES: [0]
[I 2023-12-16 03:25:08,266] Trial 11 finished with value: 2.5120859146118164 and parameters: {'gradient_clip_val': 0.16546990510711487, 'hidden_size': 5, 'dropout': 0.28991572096746326, 'hidden_continuous_size': 5, 'attention_head_size': 1, 'learning_rate': 0.02869860126108895}. Best is trial 5 with value: 0.3551963269710541.
LOCAL_RANK: 0 - CUDA_VISIBLE_DEVICES: [0]
[I 2023-12-16 03:25:56,947] Trial 12 finished with value: 1.8018385171890259 and parameters: {'gradient_clip_val': 0.19707219524198838, 'hidden_size': 21, 'dropout': 0.3085810798061207, 'hidden_continuous_size': 13, 'attention_head_size': 2, 'learning_rate': 0.00841679891041122}. Best is trial 5 with value: 0.3551963269710541.
LOCAL_RANK: 0 - CUDA_VISIBLE_DEVICES: [0]
[I 2023-12-16 03:26:48,536] Trial 13 finished with value: 1.320902943611145 and parameters: {'gradient_clip_val': 0.1057340447210431, 'hidden_size': 44, 'dropout': 0.25136567339820526, 'hidden_continuous_size': 20, 'attention_head_size': 1, 'learning_rate': 0.03581423534167352}. Best is trial 5 with value: 0.3551963269710541.
LOCAL_RANK: 0 - CUDA_VISIBLE_DEVICES: [0]
[I 2023-12-16 03:27:36,991] Trial 14 finished with value: 1.6607154607772827 and parameters: {'gradient_clip_val': 0.5539834028752019, 'hidden_size': 21, 'dropout': 0.347389567033037, 'hidden_continuous_size': 11, 'attention_head_size': 2, 'learning_rate': 0.011459293744409151}. Best is trial 5 with value: 0.3551963269710541.
LOCAL_RANK: 0 - CUDA_VISIBLE_DEVICES: [0]
[I 2023-12-16 03:28:32,287] Trial 15 finished with value: 1.2298496961593628 and parameters: {'gradient_clip_val': 0.20705093077080486, 'hidden_size': 80, 'dropout': 0.2647709125315738, 'hidden_continuous_size': 56, 'attention_head_size': 3, 'learning_rate': 0.053112878415996705}. Best is trial 5 with value: 0.3551963269710541.
LOCAL_RANK: 0 - CUDA_VISIBLE_DEVICES: [0]
[I 2023-12-16 03:29:24,255] Trial 16 finished with value: 1.88583242893219 and parameters: {'gradient_clip_val': 0.6279880594689047, 'hidden_size': 41, 'dropout': 0.34178043493589694, 'hidden_continuous_size': 17, 'attention_head_size': 1, 'learning_rate': 0.01847359080290682}. Best is trial 5 with value: 0.3551963269710541.
LOCAL_RANK: 0 - CUDA_VISIBLE_DEVICES: [0]
[I 2023-12-16 03:30:01,935] Trial 17 finished with value: 0.6112602353096008 and parameters: {'gradient_clip_val': 0.43154058746556445, 'hidden_size': 89, 'dropout': 0.2813093924292496, 'hidden_continuous_size': 89, 'attention_head_size': 2, 'learning_rate': 0.0455464436193222}. Best is trial 5 with value: 0.3551963269710541.
LOCAL_RANK: 0 - CUDA_VISIBLE_DEVICES: [0]
[I 2023-12-16 03:30:46,884] Trial 18 finished with value: 0.44737744331359863 and parameters: {'gradient_clip_val': 0.22691173466706982, 'hidden_size': 10, 'dropout': 0.22414100652384408, 'hidden_continuous_size': 5, 'attention_head_size': 1, 'learning_rate': 0.019277735213729007}. Best is trial 5 with value: 0.3551963269710541.
LOCAL_RANK: 0 - CUDA_VISIBLE_DEVICES: [0]
[I 2023-12-16 03:31:31,794] Trial 19 finished with value: 0.18977081775665283 and parameters: {'gradient_clip_val': 0.7015051727053675, 'hidden_size': 16, 'dropout': 0.3525390841472761, 'hidden_continuous_size': 8, 'attention_head_size': 2, 'learning_rate': 0.05851396543375368}. Best is trial 19 with value: 0.18977081775665283.
LOCAL_RANK: 0 - CUDA_VISIBLE_DEVICES: [0]
[I 2023-12-16 03:32:21,080] Trial 20 finished with value: 2.3592824935913086 and parameters: {'gradient_clip_val': 0.7382083557363881, 'hidden_size': 21, 'dropout': 0.3654629659475451, 'hidden_continuous_size': 11, 'attention_head_size': 3, 'learning_rate': 0.06299223032499983}. Best is trial 19 with value: 0.18977081775665283.
LOCAL_RANK: 0 - CUDA_VISIBLE_DEVICES: [0]
[I 2023-12-16 03:33:08,165] Trial 21 finished with value: 2.2893872261047363 and parameters: {'gradient_clip_val': 0.7327811308513218, 'hidden_size': 18, 'dropout': 0.32100863347532443, 'hidden_continuous_size': 8, 'attention_head_size': 2, 'learning_rate': 0.051155365869555616}. Best is trial 19 with value: 0.18977081775665283.
LOCAL_RANK: 0 - CUDA_VISIBLE_DEVICES: [0]
[I 2023-12-16 03:33:54,697] Trial 22 finished with value: 2.9360806941986084 and parameters: {'gradient_clip_val': 0.43225520255534633, 'hidden_size': 17, 'dropout': 0.3591819491958695, 'hidden_continuous_size': 8, 'attention_head_size': 2, 'learning_rate': 0.031286525508520575}. Best is trial 19 with value: 0.18977081775665283.
LOCAL_RANK: 0 - CUDA_VISIBLE_DEVICES: [0]
[I 2023-12-16 03:34:44,007] Trial 23 finished with value: 0.6645437479019165 and parameters: {'gradient_clip_val': 0.5054319333065929, 'hidden_size': 29, 'dropout': 0.3012327720091187, 'hidden_continuous_size': 12, 'attention_head_size': 2, 'learning_rate': 0.0999689016945879}. Best is trial 19 with value: 0.18977081775665283.
LOCAL_RANK: 0 - CUDA_VISIBLE_DEVICES: [0]
[I 2023-12-16 03:35:28,972] Trial 24 finished with value: 3.6710500717163086 and parameters: {'gradient_clip_val': 0.731792510564063, 'hidden_size': 11, 'dropout': 0.32917673395185404, 'hidden_continuous_size': 6, 'attention_head_size': 1, 'learning_rate': 0.04941702564924387}. Best is trial 19 with value: 0.18977081775665283.
LOCAL_RANK: 0 - CUDA_VISIBLE_DEVICES: [0]
[I 2023-12-16 03:36:13,173] Trial 25 finished with value: 4.019195556640625 and parameters: {'gradient_clip_val': 0.36377248974734766, 'hidden_size': 8, 'dropout': 0.3728064439338372, 'hidden_continuous_size': 5, 'attention_head_size': 3, 'learning_rate': 0.022305399129584402}. Best is trial 19 with value: 0.18977081775665283.
LOCAL_RANK: 0 - CUDA_VISIBLE_DEVICES: [0]
[I 2023-12-16 03:36:59,106] Trial 26 finished with value: 2.2581636905670166 and parameters: {'gradient_clip_val': 0.26026688834352085, 'hidden_size': 15, 'dropout': 0.3412987751372851, 'hidden_continuous_size': 7, 'attention_head_size': 2, 'learning_rate': 0.0689105120840591}. Best is trial 19 with value: 0.18977081775665283.
LOCAL_RANK: 0 - CUDA_VISIBLE_DEVICES: [0]
[I 2023-12-16 03:37:47,738] Trial 27 finished with value: 3.274578094482422 and parameters: {'gradient_clip_val': 0.37828863142738567, 'hidden_size': 27, 'dropout': 0.3021078603379507, 'hidden_continuous_size': 10, 'attention_head_size': 1, 'learning_rate': 0.03611693029514097}. Best is trial 19 with value: 0.18977081775665283.
LOCAL_RANK: 0 - CUDA_VISIBLE_DEVICES: [0]
[I 2023-12-16 03:38:38,192] Trial 28 finished with value: 1.1569712162017822 and parameters: {'gradient_clip_val': 0.46417721323353045, 'hidden_size': 35, 'dropout': 0.2798464115928467, 'hidden_continuous_size': 13, 'attention_head_size': 2, 'learning_rate': 0.013095143460664652}. Best is trial 19 with value: 0.18977081775665283.
LOCAL_RANK: 0 - CUDA_VISIBLE_DEVICES: [0]
[I 2023-12-16 03:39:27,334] Trial 29 finished with value: 0.14309437572956085 and parameters: {'gradient_clip_val': 0.8214674440098761, 'hidden_size': 30, 'dropout': 0.3275876998543738, 'hidden_continuous_size': 6, 'attention_head_size': 3, 'learning_rate': 0.025973982905942977}. Best is trial 29 with value: 0.14309437572956085.
LOCAL_RANK: 0 - CUDA_VISIBLE_DEVICES: [0]
[I 2023-12-16 03:40:19,289] Trial 30 finished with value: 2.31270694732666 and parameters: {'gradient_clip_val': 0.8464402033939002, 'hidden_size': 50, 'dropout': 0.3719830044742025, 'hidden_continuous_size': 6, 'attention_head_size': 3, 'learning_rate': 0.02506750474116648}. Best is trial 29 with value: 0.14309437572956085.
LOCAL_RANK: 0 - CUDA_VISIBLE_DEVICES: [0]
[I 2023-12-16 03:41:09,074] Trial 31 finished with value: 0.5787314772605896 and parameters: {'gradient_clip_val': 0.8978099207529963, 'hidden_size': 33, 'dropout': 0.31997597360884533, 'hidden_continuous_size': 7, 'attention_head_size': 3, 'learning_rate': 0.036793926417322945}. Best is trial 29 with value: 0.14309437572956085.
LOCAL_RANK: 0 - CUDA_VISIBLE_DEVICES: [0]
[I 2023-12-16 03:41:58,165] Trial 32 finished with value: 1.3831113576889038 and parameters: {'gradient_clip_val': 0.5807499538700961, 'hidden_size': 30, 'dropout': 0.33310796907075374, 'hidden_continuous_size': 6, 'attention_head_size': 3, 'learning_rate': 0.06677020444332545}. Best is trial 29 with value: 0.14309437572956085.
LOCAL_RANK: 0 - CUDA_VISIBLE_DEVICES: [0]
[I 2023-12-16 03:42:46,715] Trial 33 finished with value: 1.0205258131027222 and parameters: {'gradient_clip_val': 0.9874351923153105, 'hidden_size': 26, 'dropout': 0.3513817506510751, 'hidden_continuous_size': 8, 'attention_head_size': 2, 'learning_rate': 0.02544248477864083}. Best is trial 29 with value: 0.14309437572956085.
LOCAL_RANK: 0 - CUDA_VISIBLE_DEVICES: [0]
[I 2023-12-16 03:43:34,811] Trial 34 finished with value: 1.7837352752685547 and parameters: {'gradient_clip_val': 0.8128061562805584, 'hidden_size': 24, 'dropout': 0.30762485637912973, 'hidden_continuous_size': 9, 'attention_head_size': 3, 'learning_rate': 0.04214257703543101}. Best is trial 29 with value: 0.14309437572956085.
LOCAL_RANK: 0 - CUDA_VISIBLE_DEVICES: [0]
[I 2023-12-16 03:44:27,468] Trial 35 finished with value: 1.2949448823928833 and parameters: {'gradient_clip_val': 0.673220540136479, 'hidden_size': 38, 'dropout': 0.3381672426853556, 'hidden_continuous_size': 15, 'attention_head_size': 4, 'learning_rate': 0.016364053989051736}. Best is trial 29 with value: 0.14309437572956085.
LOCAL_RANK: 0 - CUDA_VISIBLE_DEVICES: [0]
[I 2023-12-16 03:45:13,214] Trial 36 finished with value: 4.29045295715332 and parameters: {'gradient_clip_val': 0.6516301877264198, 'hidden_size': 13, 'dropout': 0.29157970330116967, 'hidden_continuous_size': 7, 'attention_head_size': 2, 'learning_rate': 0.028875855895106044}. Best is trial 29 with value: 0.14309437572956085.
LOCAL_RANK: 0 - CUDA_VISIBLE_DEVICES: [0]
[I 2023-12-16 03:46:00,000] Trial 37 finished with value: 1.8923605680465698 and parameters: {'gradient_clip_val': 0.8146331910581366, 'hidden_size': 18, 'dropout': 0.27015158919883087, 'hidden_continuous_size': 8, 'attention_head_size': 1, 'learning_rate': 0.07858163723203618}. Best is trial 29 with value: 0.14309437572956085.
LOCAL_RANK: 0 - CUDA_VISIBLE_DEVICES: [0]
[I 2023-12-16 03:46:48,099] Trial 38 finished with value: 2.305283784866333 and parameters: {'gradient_clip_val': 0.9957799215849122, 'hidden_size': 32, 'dropout': 0.38472805928048986, 'hidden_continuous_size': 6, 'attention_head_size': 3, 'learning_rate': 0.02117074973430877}. Best is trial 29 with value: 0.14309437572956085.
LOCAL_RANK: 0 - CUDA_VISIBLE_DEVICES: [0]
[I 2023-12-16 03:47:34,300] Trial 39 finished with value: 0.7605356574058533 and parameters: {'gradient_clip_val': 0.5118429268715848, 'hidden_size': 16, 'dropout': 0.39853797042178646, 'hidden_continuous_size': 9, 'attention_head_size': 4, 'learning_rate': 0.014504379448508242}. Best is trial 29 with value: 0.14309437572956085.
LOCAL_RANK: 0 - CUDA_VISIBLE_DEVICES: [0]
[I 2023-12-16 03:48:24,722] Trial 40 finished with value: 1.547671914100647 and parameters: {'gradient_clip_val': 0.2960287597418631, 'hidden_size': 46, 'dropout': 0.3522599208323929, 'hidden_continuous_size': 5, 'attention_head_size': 2, 'learning_rate': 0.008741436384077022}. Best is trial 29 with value: 0.14309437572956085.
LOCAL_RANK: 0 - CUDA_VISIBLE_DEVICES: [0]
[I 2023-12-16 03:49:09,402] Trial 41 finished with value: 1.4912418127059937 and parameters: {'gradient_clip_val': 0.24296075946471568, 'hidden_size': 10, 'dropout': 0.22443424157164682, 'hidden_continuous_size': 5, 'attention_head_size': 1, 'learning_rate': 0.01979568235821909}. Best is trial 29 with value: 0.14309437572956085.
LOCAL_RANK: 0 - CUDA_VISIBLE_DEVICES: [0]
[I 2023-12-16 03:49:54,670] Trial 42 finished with value: 2.1282310485839844 and parameters: {'gradient_clip_val': 0.3403920395044053, 'hidden_size': 13, 'dropout': 0.23972183343127373, 'hidden_continuous_size': 7, 'attention_head_size': 1, 'learning_rate': 0.0157356622613339}. Best is trial 29 with value: 0.14309437572956085.
LOCAL_RANK: 0 - CUDA_VISIBLE_DEVICES: [0]
[I 2023-12-16 03:50:39,288] Trial 43 finished with value: 3.8577067852020264 and parameters: {'gradient_clip_val': 0.2738684059256614, 'hidden_size': 10, 'dropout': 0.1799815031732138, 'hidden_continuous_size': 6, 'attention_head_size': 1, 'learning_rate': 0.027466281496873045}. Best is trial 29 with value: 0.14309437572956085.
LOCAL_RANK: 0 - CUDA_VISIBLE_DEVICES: [0]
[I 2023-12-16 03:51:22,845] Trial 44 finished with value: 1.0338326692581177 and parameters: {'gradient_clip_val': 0.23800908624952657, 'hidden_size': 12, 'dropout': 0.3174347048310636, 'hidden_continuous_size': 5, 'attention_head_size': 1, 'learning_rate': 0.0352468973938803}. Best is trial 29 with value: 0.14309437572956085.
LOCAL_RANK: 0 - CUDA_VISIBLE_DEVICES: [0]
[I 2023-12-16 03:52:10,577] Trial 45 finished with value: 3.814368486404419 and parameters: {'gradient_clip_val': 0.6173011109582339, 'hidden_size': 24, 'dropout': 0.29363791057628913, 'hidden_continuous_size': 10, 'attention_head_size': 2, 'learning_rate': 0.018597449885775594}. Best is trial 29 with value: 0.14309437572956085.
LOCAL_RANK: 0 - CUDA_VISIBLE_DEVICES: [0]
[I 2023-12-16 03:52:57,741] Trial 46 finished with value: 3.442901849746704 and parameters: {'gradient_clip_val': 0.31529337917623307, 'hidden_size': 19, 'dropout': 0.3308181002270559, 'hidden_continuous_size': 8, 'attention_head_size': 1, 'learning_rate': 0.011059376375478033}. Best is trial 29 with value: 0.14309437572956085.
LOCAL_RANK: 0 - CUDA_VISIBLE_DEVICES: [0]
[I 2023-12-16 03:53:41,100] Trial 47 finished with value: 3.42187237739563 and parameters: {'gradient_clip_val': 0.3952150435158303, 'hidden_size': 8, 'dropout': 0.3148661027469912, 'hidden_continuous_size': 5, 'attention_head_size': 1, 'learning_rate': 0.0062760173241326895}. Best is trial 29 with value: 0.14309437572956085.
LOCAL_RANK: 0 - CUDA_VISIBLE_DEVICES: [0]
[I 2023-12-16 03:54:27,159] Trial 48 finished with value: 1.9756113290786743 and parameters: {'gradient_clip_val': 0.18491151908849762, 'hidden_size': 15, 'dropout': 0.2619490086987773, 'hidden_continuous_size': 7, 'attention_head_size': 3, 'learning_rate': 0.0236046663422213}. Best is trial 29 with value: 0.14309437572956085.
LOCAL_RANK: 0 - CUDA_VISIBLE_DEVICES: [0]
[I 2023-12-16 03:55:14,493] Trial 49 finished with value: 1.1564046144485474 and parameters: {'gradient_clip_val': 0.6902524112989428, 'hidden_size': 20, 'dropout': 0.2797682063868776, 'hidden_continuous_size': 11, 'attention_head_size': 2, 'learning_rate': 0.0623619768577957}. Best is trial 29 with value: 0.14309437572956085.
[I 2023-12-16 03:55:14,587] A new study created in memory with name: no-name-0934c7a8-f83b-43a2-9432-f8ff6f14d37c
/home/le004/conda/anaconda3/envs/tsff_env/lib/python3.9/site-packages/lightning/fabric/plugins/environments/slurm.py:191: The `srun` command is available on your system but is not used. HINT: If your intention is to run Lightning on SLURM, prepend your python command with `srun` like so: srun python /home/le004/master_thesis/git/TSFusionForecast/code/ ...
LOCAL_RANK: 0 - CUDA_VISIBLE_DEVICES: [0]
[I 2023-12-16 03:55:59,971] Trial 0 finished with value: 2.0279788970947266 and parameters: {'gradient_clip_val': 0.6176902400873396, 'hidden_size': 13, 'dropout': 0.2963288000351588, 'hidden_continuous_size': 9, 'attention_head_size': 1, 'learning_rate': 0.0006930917717421484}. Best is trial 0 with value: 2.0279788970947266.
LOCAL_RANK: 0 - CUDA_VISIBLE_DEVICES: [0]
