[I 2023-12-26 12:58:25,420] Trial 47 finished with value: 187.2880859375 and parameters: {'gradient_clip_val': 0.27492829088319626, 'hidden_size': 20, 'dropout': 0.3803994753577198, 'hidden_continuous_size': 9, 'attention_head_size': 2, 'learning_rate': 0.011352470376297814}. Best is trial 0 with value: 51.29671096801758.
[I 2023-12-26 12:58:27,638] Trial 48 finished with value: 179.0527801513672 and parameters: {'gradient_clip_val': 0.2420256328202152, 'hidden_size': 22, 'dropout': 0.4070603293503928, 'hidden_continuous_size': 9, 'attention_head_size': 2, 'learning_rate': 0.004889229406410192}. Best is trial 0 with value: 51.29671096801758.
[I 2023-12-26 12:58:30,004] Trial 49 finished with value: 200.46327209472656 and parameters: {'gradient_clip_val': 0.19013474446591572, 'hidden_size': 26, 'dropout': 0.42308945807279497, 'hidden_continuous_size': 11, 'attention_head_size': 2, 'learning_rate': 0.008068756753161503}. Best is trial 0 with value: 51.29671096801758.
[I 2023-12-26 12:58:30,130] A new study created in memory with name: no-name-1463ec17-c9c2-4f6f-ba0c-23a57413bfa8
/home/le004/conda/anaconda3/envs/tsff_env/lib/python3.9/site-packages/lightning/fabric/plugins/environments/slurm.py:191: The `srun` command is available on your system but is not used. HINT: If your intention is to run Lightning on SLURM, prepend your python command with `srun` like so: srun python /home/le004/master_thesis/git/TSFusionForecast/code/ ...
[I 2023-12-26 13:09:23,517] Trial 0 finished with value: 178.64002990722656 and parameters: {'gradient_clip_val': 0.23343575116625492, 'hidden_size': 124, 'dropout': 0.3758141928002795, 'hidden_continuous_size': 8, 'attention_head_size': 4, 'learning_rate': 0.00578135403318601}. Best is trial 0 with value: 178.64002990722656.
[I 2023-12-26 13:09:26,559] Trial 1 finished with value: 382.3992614746094 and parameters: {'gradient_clip_val': 0.21760543906460242, 'hidden_size': 18, 'dropout': 0.2490691935583943, 'hidden_continuous_size': 15, 'attention_head_size': 3, 'learning_rate': 0.06639308992419976}. Best is trial 0 with value: 178.64002990722656.
[I 2023-12-26 13:09:36,527] Trial 2 finished with value: 296.958984375 and parameters: {'gradient_clip_val': 0.12317307880439005, 'hidden_size': 123, 'dropout': 0.2818281520899513, 'hidden_continuous_size': 10, 'attention_head_size': 3, 'learning_rate': 0.012139532668801753}. Best is trial 0 with value: 178.64002990722656.
[I 2023-12-26 13:09:38,982] Trial 3 finished with value: 452.2608947753906 and parameters: {'gradient_clip_val': 0.21612041591491324, 'hidden_size': 13, 'dropout': 0.29982170964060306, 'hidden_continuous_size': 6, 'attention_head_size': 1, 'learning_rate': 0.003713025802984007}. Best is trial 0 with value: 178.64002990722656.
[I 2023-12-26 13:09:45,461] Trial 4 finished with value: 525.9996948242188 and parameters: {'gradient_clip_val': 0.20247382502732256, 'hidden_size': 80, 'dropout': 0.252368628519121, 'hidden_continuous_size': 37, 'attention_head_size': 1, 'learning_rate': 0.0024469622536770577}. Best is trial 0 with value: 178.64002990722656.
[I 2023-12-26 13:09:53,858] Trial 5 finished with value: 379.667236328125 and parameters: {'gradient_clip_val': 0.46947156510178933, 'hidden_size': 104, 'dropout': 0.2160391620280392, 'hidden_continuous_size': 24, 'attention_head_size': 1, 'learning_rate': 0.003158222583539771}. Best is trial 0 with value: 178.64002990722656.
[I 2023-12-26 13:09:56,326] Trial 6 finished with value: 442.12841796875 and parameters: {'gradient_clip_val': 0.38941710718913736, 'hidden_size': 16, 'dropout': 0.4200059458879719, 'hidden_continuous_size': 14, 'attention_head_size': 3, 'learning_rate': 0.004928752480851115}. Best is trial 0 with value: 178.64002990722656.
[I 2023-12-26 13:09:58,817] Trial 7 finished with value: 367.1028137207031 and parameters: {'gradient_clip_val': 0.27263355084577884, 'hidden_size': 13, 'dropout': 0.12423940859072774, 'hidden_continuous_size': 7, 'attention_head_size': 1, 'learning_rate': 0.01121030691973284}. Best is trial 0 with value: 178.64002990722656.
[I 2023-12-26 13:10:02,673] Trial 8 finished with value: 350.8160095214844 and parameters: {'gradient_clip_val': 0.11244338492843112, 'hidden_size': 48, 'dropout': 0.4203873107726208, 'hidden_continuous_size': 9, 'attention_head_size': 1, 'learning_rate': 0.02202961289039624}. Best is trial 0 with value: 178.64002990722656.
[I 2023-12-26 13:10:09,477] Trial 9 finished with value: 423.8954772949219 and parameters: {'gradient_clip_val': 0.13890421985814944, 'hidden_size': 82, 'dropout': 0.4487519055067455, 'hidden_continuous_size': 6, 'attention_head_size': 3, 'learning_rate': 0.01067822529102265}. Best is trial 0 with value: 178.64002990722656.
[I 2023-12-26 13:10:11,720] Trial 10 finished with value: 426.8575439453125 and parameters: {'gradient_clip_val': 0.78050868856943, 'hidden_size': 5, 'dropout': 0.3683268795367319, 'hidden_continuous_size': 5, 'attention_head_size': 4, 'learning_rate': 0.000740743920800148}. Best is trial 0 with value: 178.64002990722656.
[I 2023-12-26 13:10:24,882] Trial 11 finished with value: 373.67578125 and parameters: {'gradient_clip_val': 0.10329475583466059, 'hidden_size': 141, 'dropout': 0.3471931300900829, 'hidden_continuous_size': 132, 'attention_head_size': 4, 'learning_rate': 0.023505554801133925}. Best is trial 0 with value: 178.64002990722656.
[I 2023-12-26 13:10:36,615] Trial 12 finished with value: 440.9224548339844 and parameters: {'gradient_clip_val': 0.15056094194608424, 'hidden_size': 149, 'dropout': 0.4930003648633323, 'hidden_continuous_size': 11, 'attention_head_size': 4, 'learning_rate': 0.0014293669054877454}. Best is trial 0 with value: 178.64002990722656.
[I 2023-12-26 13:10:41,198] Trial 13 finished with value: 505.4767150878906 and parameters: {'gradient_clip_val': 0.16171229047456015, 'hidden_size': 46, 'dropout': 0.3373336180856955, 'hidden_continuous_size': 8, 'attention_head_size': 2, 'learning_rate': 0.007273742639752526}. Best is trial 0 with value: 178.64002990722656.
[I 2023-12-26 13:10:46,259] Trial 14 finished with value: 467.9995422363281 and parameters: {'gradient_clip_val': 0.30685083664025925, 'hidden_size': 58, 'dropout': 0.30308802328238227, 'hidden_continuous_size': 10, 'attention_head_size': 2, 'learning_rate': 0.019115205273007196}. Best is trial 0 with value: 178.64002990722656.
[I 2023-12-26 13:10:54,825] Trial 15 finished with value: 321.430908203125 and parameters: {'gradient_clip_val': 0.10629546680188451, 'hidden_size': 103, 'dropout': 0.38250314805565866, 'hidden_continuous_size': 5, 'attention_head_size': 4, 'learning_rate': 0.005774792135396998}. Best is trial 0 with value: 178.64002990722656.
[I 2023-12-26 13:10:58,218] Trial 16 finished with value: 381.5172119140625 and parameters: {'gradient_clip_val': 0.16213021047387907, 'hidden_size': 34, 'dropout': 0.2019642623188933, 'hidden_continuous_size': 8, 'attention_head_size': 3, 'learning_rate': 0.001844601242304058}. Best is trial 0 with value: 178.64002990722656.
[I 2023-12-26 13:11:10,184] Trial 17 finished with value: 343.767333984375 and parameters: {'gradient_clip_val': 0.24040621337928983, 'hidden_size': 150, 'dropout': 0.31447559851848567, 'hidden_continuous_size': 18, 'attention_head_size': 2, 'learning_rate': 0.06437811848186392}. Best is trial 0 with value: 178.64002990722656.
[I 2023-12-26 13:11:16,439] Trial 18 finished with value: 387.9466857910156 and parameters: {'gradient_clip_val': 0.3402457851028433, 'hidden_size': 71, 'dropout': 0.3823264033001621, 'hidden_continuous_size': 11, 'attention_head_size': 4, 'learning_rate': 0.00900200814921319}. Best is trial 0 with value: 178.64002990722656.
[I 2023-12-26 13:11:20,011] Trial 19 finished with value: 457.138916015625 and parameters: {'gradient_clip_val': 0.18257398050042406, 'hidden_size': 36, 'dropout': 0.2806051908892648, 'hidden_continuous_size': 8, 'attention_head_size': 3, 'learning_rate': 0.0037419845628374245}. Best is trial 0 with value: 178.64002990722656.
[I 2023-12-26 13:11:28,476] Trial 20 finished with value: 366.7252502441406 and parameters: {'gradient_clip_val': 0.12599114800636776, 'hidden_size': 103, 'dropout': 0.3419800143757318, 'hidden_continuous_size': 5, 'attention_head_size': 4, 'learning_rate': 0.001305841855204228}. Best is trial 0 with value: 178.64002990722656.
[I 2023-12-26 13:11:36,745] Trial 21 finished with value: 487.1957092285156 and parameters: {'gradient_clip_val': 0.10827847719663737, 'hidden_size': 99, 'dropout': 0.38866624813728307, 'hidden_continuous_size': 6, 'attention_head_size': 4, 'learning_rate': 0.0055274840980918056}. Best is trial 0 with value: 178.64002990722656.
[I 2023-12-26 13:11:42,018] Trial 22 finished with value: 461.400390625 and parameters: {'gradient_clip_val': 0.13251435142402015, 'hidden_size': 64, 'dropout': 0.39267002434754716, 'hidden_continuous_size': 5, 'attention_head_size': 4, 'learning_rate': 0.00626172103259281}. Best is trial 0 with value: 178.64002990722656.
[I 2023-12-26 13:11:51,183] Trial 23 finished with value: 376.1328125 and parameters: {'gradient_clip_val': 0.10344890122429057, 'hidden_size': 111, 'dropout': 0.3355502143035628, 'hidden_continuous_size': 7, 'attention_head_size': 3, 'learning_rate': 0.01359816001181147}. Best is trial 0 with value: 178.64002990722656.
[I 2023-12-26 13:12:01,311] Trial 24 finished with value: 377.5990295410156 and parameters: {'gradient_clip_val': 0.1740851717560681, 'hidden_size': 117, 'dropout': 0.35499893916098463, 'hidden_continuous_size': 5, 'attention_head_size': 4, 'learning_rate': 0.005404970550755415}. Best is trial 0 with value: 178.64002990722656.
[I 2023-12-26 13:12:08,941] Trial 25 finished with value: 429.7659912109375 and parameters: {'gradient_clip_val': 0.13064294666743967, 'hidden_size': 91, 'dropout': 0.4173224407286131, 'hidden_continuous_size': 11, 'attention_head_size': 3, 'learning_rate': 0.014666682005888783}. Best is trial 0 with value: 178.64002990722656.
[I 2023-12-26 13:12:15,316] Trial 26 finished with value: 371.4462890625 and parameters: {'gradient_clip_val': 0.14858794155358757, 'hidden_size': 73, 'dropout': 0.45911048390022724, 'hidden_continuous_size': 7, 'attention_head_size': 4, 'learning_rate': 0.007919131121175177}. Best is trial 0 with value: 178.64002990722656.
[I 2023-12-26 13:12:24,877] Trial 27 finished with value: 324.59783935546875 and parameters: {'gradient_clip_val': 0.11893542504953751, 'hidden_size': 118, 'dropout': 0.3707254216164327, 'hidden_continuous_size': 9, 'attention_head_size': 2, 'learning_rate': 0.03299793992630945}. Best is trial 0 with value: 178.64002990722656.
[I 2023-12-26 13:12:30,100] Trial 28 finished with value: 399.2874755859375 and parameters: {'gradient_clip_val': 0.1833935069370978, 'hidden_size': 59, 'dropout': 0.3227807918885552, 'hidden_continuous_size': 6, 'attention_head_size': 3, 'learning_rate': 0.007627376665721856}. Best is trial 0 with value: 178.64002990722656.
[I 2023-12-26 13:12:37,588] Trial 29 finished with value: 294.1252746582031 and parameters: {'gradient_clip_val': 0.1007089318127973, 'hidden_size': 86, 'dropout': 0.2578838764401964, 'hidden_continuous_size': 13, 'attention_head_size': 3, 'learning_rate': 0.01013946923039662}. Best is trial 0 with value: 178.64002990722656.
[I 2023-12-26 13:12:44,229] Trial 30 finished with value: 444.9176330566406 and parameters: {'gradient_clip_val': 0.24599933030713203, 'hidden_size': 81, 'dropout': 0.2780269145273254, 'hidden_continuous_size': 12, 'attention_head_size': 3, 'learning_rate': 0.01397640858546904}. Best is trial 0 with value: 178.64002990722656.
[I 2023-12-26 13:12:54,602] Trial 31 finished with value: 330.8147277832031 and parameters: {'gradient_clip_val': 0.10118850140746148, 'hidden_size': 130, 'dropout': 0.26021034437841034, 'hidden_continuous_size': 16, 'attention_head_size': 3, 'learning_rate': 0.009875411252213563}. Best is trial 0 with value: 178.64002990722656.
[I 2023-12-26 13:13:02,474] Trial 32 finished with value: 411.5415954589844 and parameters: {'gradient_clip_val': 0.12215557313266626, 'hidden_size': 94, 'dropout': 0.30013982615664403, 'hidden_continuous_size': 13, 'attention_head_size': 4, 'learning_rate': 0.004002049447767595}. Best is trial 0 with value: 178.64002990722656.
[I 2023-12-26 13:13:12,290] Trial 33 finished with value: 314.3268737792969 and parameters: {'gradient_clip_val': 0.20279485571978917, 'hidden_size': 122, 'dropout': 0.23119955551066024, 'hidden_continuous_size': 9, 'attention_head_size': 2, 'learning_rate': 0.002734291751467946}. Best is trial 0 with value: 178.64002990722656.
[I 2023-12-26 13:13:22,741] Trial 34 finished with value: 374.6417541503906 and parameters: {'gradient_clip_val': 0.20453093731250607, 'hidden_size': 130, 'dropout': 0.2321568346514553, 'hidden_continuous_size': 17, 'attention_head_size': 2, 'learning_rate': 0.00278412737998784}. Best is trial 0 with value: 178.64002990722656.
[I 2023-12-26 13:13:29,300] Trial 35 finished with value: 346.8658752441406 and parameters: {'gradient_clip_val': 0.2182546637309155, 'hidden_size': 80, 'dropout': 0.23647108801124794, 'hidden_continuous_size': 14, 'attention_head_size': 2, 'learning_rate': 0.004427980809055879}. Best is trial 0 with value: 178.64002990722656.
[I 2023-12-26 13:13:39,232] Trial 36 finished with value: 386.3631896972656 and parameters: {'gradient_clip_val': 0.14646194801180967, 'hidden_size': 117, 'dropout': 0.19180274158388536, 'hidden_continuous_size': 22, 'attention_head_size': 2, 'learning_rate': 0.002830350689380839}. Best is trial 0 with value: 178.64002990722656.
[I 2023-12-26 13:13:47,024] Trial 37 finished with value: 417.4379577636719 and parameters: {'gradient_clip_val': 0.1960897485614996, 'hidden_size': 92, 'dropout': 0.27700857899373815, 'hidden_continuous_size': 13, 'attention_head_size': 3, 'learning_rate': 0.002231851599510354}. Best is trial 0 with value: 178.64002990722656.
[I 2023-12-26 13:13:58,313] Trial 38 finished with value: 544.8273315429688 and parameters: {'gradient_clip_val': 0.2210038258868203, 'hidden_size': 145, 'dropout': 0.25517680415599997, 'hidden_continuous_size': 10, 'attention_head_size': 1, 'learning_rate': 0.0033979862840247846}. Best is trial 0 with value: 178.64002990722656.
[I 2023-12-26 13:14:03,832] Trial 39 finished with value: 459.8348083496094 and parameters: {'gradient_clip_val': 0.1727657139814006, 'hidden_size': 66, 'dropout': 0.19834703043454432, 'hidden_continuous_size': 9, 'attention_head_size': 2, 'learning_rate': 0.006938692883218329}. Best is trial 0 with value: 178.64002990722656.
[I 2023-12-26 13:14:13,682] Trial 40 finished with value: 350.5379333496094 and parameters: {'gradient_clip_val': 0.12088025177040519, 'hidden_size': 124, 'dropout': 0.2172704909062014, 'hidden_continuous_size': 15, 'attention_head_size': 3, 'learning_rate': 0.010501650685751618}. Best is trial 0 with value: 178.64002990722656.
[I 2023-12-26 13:14:21,861] Trial 41 finished with value: 302.7725830078125 and parameters: {'gradient_clip_val': 0.11598432730181042, 'hidden_size': 100, 'dropout': 0.3180230590161948, 'hidden_continuous_size': 6, 'attention_head_size': 4, 'learning_rate': 0.0051572747225069595}. Best is trial 0 with value: 178.64002990722656.
[I 2023-12-26 13:14:29,140] Trial 42 finished with value: 404.3030700683594 and parameters: {'gradient_clip_val': 0.11649647662537006, 'hidden_size': 86, 'dropout': 0.3168035974717594, 'hidden_continuous_size': 12, 'attention_head_size': 3, 'learning_rate': 0.0041209878449415364}. Best is trial 0 with value: 178.64002990722656.
[I 2023-12-26 13:14:38,198] Trial 43 finished with value: 389.1984558105469 and parameters: {'gradient_clip_val': 0.1498277084481799, 'hidden_size': 110, 'dropout': 0.29054750541163665, 'hidden_continuous_size': 7, 'attention_head_size': 4, 'learning_rate': 0.0051405577338515685}. Best is trial 0 with value: 178.64002990722656.
[I 2023-12-26 13:14:49,845] Trial 44 finished with value: 389.148193359375 and parameters: {'gradient_clip_val': 0.13264905263159602, 'hidden_size': 150, 'dropout': 0.2598882820721547, 'hidden_continuous_size': 9, 'attention_head_size': 1, 'learning_rate': 0.00842384765972755}. Best is trial 0 with value: 178.64002990722656.
[I 2023-12-26 13:14:56,284] Trial 45 finished with value: 390.3985290527344 and parameters: {'gradient_clip_val': 0.14252629518372217, 'hidden_size': 76, 'dropout': 0.3056958649662956, 'hidden_continuous_size': 6, 'attention_head_size': 3, 'learning_rate': 0.0032663612113353617}. Best is trial 0 with value: 178.64002990722656.
[I 2023-12-26 13:15:04,413] Trial 46 finished with value: 352.5008239746094 and parameters: {'gradient_clip_val': 0.11339191292808444, 'hidden_size': 95, 'dropout': 0.1741121984209361, 'hidden_continuous_size': 8, 'attention_head_size': 4, 'learning_rate': 0.0047368739954439945}. Best is trial 0 with value: 178.64002990722656.
[I 2023-12-26 13:15:14,659] Trial 47 finished with value: 337.3240051269531 and parameters: {'gradient_clip_val': 0.16438575939450298, 'hidden_size': 132, 'dropout': 0.323499611299609, 'hidden_continuous_size': 10, 'attention_head_size': 2, 'learning_rate': 0.006757297224147268}. Best is trial 0 with value: 178.64002990722656.
[I 2023-12-26 13:15:19,627] Trial 48 finished with value: 383.9604797363281 and parameters: {'gradient_clip_val': 0.2856069841696367, 'hidden_size': 51, 'dropout': 0.28849505546642334, 'hidden_continuous_size': 10, 'attention_head_size': 3, 'learning_rate': 0.012052191174676366}. Best is trial 0 with value: 178.64002990722656.
[I 2023-12-26 13:15:27,023] Trial 49 finished with value: 378.8177490234375 and parameters: {'gradient_clip_val': 0.13732147676596926, 'hidden_size': 84, 'dropout': 0.2689230262734157, 'hidden_continuous_size': 15, 'attention_head_size': 4, 'learning_rate': 0.0023183335737205365}. Best is trial 0 with value: 178.64002990722656.
[I 2023-12-26 13:15:27,179] A new study created in memory with name: no-name-7929d90f-4fd6-406f-bc17-b855d036a239
/home/le004/conda/anaconda3/envs/tsff_env/lib/python3.9/site-packages/lightning/fabric/plugins/environments/slurm.py:191: The `srun` command is available on your system but is not used. HINT: If your intention is to run Lightning on SLURM, prepend your python command with `srun` like so: srun python /home/le004/master_thesis/git/TSFusionForecast/code/ ...
[I 2023-12-26 13:18:44,602] Trial 0 finished with value: 76.40282440185547 and parameters: {'gradient_clip_val': 0.6210759915182307, 'hidden_size': 10, 'dropout': 0.29958801043331496, 'hidden_continuous_size': 8, 'attention_head_size': 2, 'learning_rate': 0.005088053116779612}. Best is trial 0 with value: 76.40282440185547.
[I 2023-12-26 13:18:46,986] Trial 1 finished with value: 219.5144500732422 and parameters: {'gradient_clip_val': 0.5370277119314211, 'hidden_size': 9, 'dropout': 0.11694986786918005, 'hidden_continuous_size': 6, 'attention_head_size': 2, 'learning_rate': 0.0006158045014528708}. Best is trial 0 with value: 76.40282440185547.
[I 2023-12-26 13:18:50,383] Trial 2 finished with value: 219.1476287841797 and parameters: {'gradient_clip_val': 0.5851140952483173, 'hidden_size': 25, 'dropout': 0.3030242937761097, 'hidden_continuous_size': 19, 'attention_head_size': 3, 'learning_rate': 0.0025597550392882796}. Best is trial 0 with value: 76.40282440185547.
[I 2023-12-26 13:18:53,371] Trial 3 finished with value: 225.3341064453125 and parameters: {'gradient_clip_val': 0.1889185370767265, 'hidden_size': 25, 'dropout': 0.19413709706782242, 'hidden_continuous_size': 20, 'attention_head_size': 1, 'learning_rate': 0.005122614353308189}. Best is trial 0 with value: 76.40282440185547.
[I 2023-12-26 13:18:58,683] Trial 4 finished with value: 242.3322296142578 and parameters: {'gradient_clip_val': 0.45732999136609725, 'hidden_size': 60, 'dropout': 0.2009711941006582, 'hidden_continuous_size': 17, 'attention_head_size': 1, 'learning_rate': 0.05073971470415997}. Best is trial 0 with value: 76.40282440185547.
[I 2023-12-26 13:19:02,257] Trial 5 finished with value: 173.11231994628906 and parameters: {'gradient_clip_val': 0.44591922753898566, 'hidden_size': 33, 'dropout': 0.16544563452959715, 'hidden_continuous_size': 29, 'attention_head_size': 2, 'learning_rate': 0.016374477560862022}. Best is trial 0 with value: 76.40282440185547.
[I 2023-12-26 13:19:04,799] Trial 6 finished with value: 243.6238555908203 and parameters: {'gradient_clip_val': 0.6705030266602842, 'hidden_size': 11, 'dropout': 0.25037259093872843, 'hidden_continuous_size': 6, 'attention_head_size': 4, 'learning_rate': 0.020473760033918216}. Best is trial 0 with value: 76.40282440185547.
[I 2023-12-26 13:19:07,310] Trial 7 finished with value: 226.37158203125 and parameters: {'gradient_clip_val': 0.16967580478404068, 'hidden_size': 13, 'dropout': 0.10390442590728735, 'hidden_continuous_size': 12, 'attention_head_size': 1, 'learning_rate': 0.005714620641491139}. Best is trial 0 with value: 76.40282440185547.
[I 2023-12-26 13:19:09,510] Trial 8 finished with value: 263.9434509277344 and parameters: {'gradient_clip_val': 0.7793519184023101, 'hidden_size': 8, 'dropout': 0.25001764888218136, 'hidden_continuous_size': 5, 'attention_head_size': 2, 'learning_rate': 0.0006551842575838525}. Best is trial 0 with value: 76.40282440185547.
[I 2023-12-26 13:19:12,393] Trial 9 finished with value: 221.41639709472656 and parameters: {'gradient_clip_val': 0.9537697151480228, 'hidden_size': 25, 'dropout': 0.3892628781255787, 'hidden_continuous_size': 8, 'attention_head_size': 1, 'learning_rate': 0.0018775232959957907}. Best is trial 0 with value: 76.40282440185547.
[I 2023-12-26 13:19:23,543] Trial 10 finished with value: 173.5110626220703 and parameters: {'gradient_clip_val': 0.3109434035747561, 'hidden_size': 127, 'dropout': 0.49429136844363797, 'hidden_continuous_size': 77, 'attention_head_size': 3, 'learning_rate': 0.0896411954944192}. Best is trial 0 with value: 76.40282440185547.
