[I 2023-12-26 14:58:06,414] Trial 31 finished with value: 1395.2564697265625 and parameters: {'gradient_clip_val': 0.24986712835266728, 'hidden_size': 98, 'dropout': 0.31593359129003484, 'hidden_continuous_size': 37, 'attention_head_size': 1, 'learning_rate': 0.05022184401711111}. Best is trial 0 with value: 165.1336669921875.
[I 2023-12-26 14:58:13,354] Trial 32 finished with value: 828.5276489257812 and parameters: {'gradient_clip_val': 0.21250862142051757, 'hidden_size': 107, 'dropout': 0.34220925665082197, 'hidden_continuous_size': 28, 'attention_head_size': 1, 'learning_rate': 0.031538487339446565}. Best is trial 0 with value: 165.1336669921875.
[I 2023-12-26 14:58:19,094] Trial 33 finished with value: 801.1701049804688 and parameters: {'gradient_clip_val': 0.19278303379897935, 'hidden_size': 90, 'dropout': 0.3555928463808729, 'hidden_continuous_size': 23, 'attention_head_size': 1, 'learning_rate': 0.09535659720630912}. Best is trial 0 with value: 165.1336669921875.
[I 2023-12-26 14:58:27,439] Trial 34 finished with value: 790.85595703125 and parameters: {'gradient_clip_val': 0.2522065432738789, 'hidden_size': 129, 'dropout': 0.28553522633517, 'hidden_continuous_size': 39, 'attention_head_size': 1, 'learning_rate': 0.05216146991604325}. Best is trial 0 with value: 165.1336669921875.
[I 2023-12-26 14:58:34,668] Trial 35 finished with value: 937.956787109375 and parameters: {'gradient_clip_val': 0.2147902178948101, 'hidden_size': 116, 'dropout': 0.32453787688568375, 'hidden_continuous_size': 11, 'attention_head_size': 2, 'learning_rate': 0.06730828784567622}. Best is trial 0 with value: 165.1336669921875.
[I 2023-12-26 14:58:38,703] Trial 36 finished with value: 1132.7520751953125 and parameters: {'gradient_clip_val': 0.13628273785725556, 'hidden_size': 63, 'dropout': 0.30098997803018807, 'hidden_continuous_size': 23, 'attention_head_size': 3, 'learning_rate': 0.021351301907021725}. Best is trial 0 with value: 165.1336669921875.
[I 2023-12-26 14:58:48,342] Trial 37 finished with value: 869.4948120117188 and parameters: {'gradient_clip_val': 0.16087145395867022, 'hidden_size': 149, 'dropout': 0.41513222358393354, 'hidden_continuous_size': 57, 'attention_head_size': 1, 'learning_rate': 0.03630790519773593}. Best is trial 0 with value: 165.1336669921875.
[I 2023-12-26 14:58:54,536] Trial 38 finished with value: 979.4389038085938 and parameters: {'gradient_clip_val': 0.17858851797639072, 'hidden_size': 94, 'dropout': 0.37686590412989784, 'hidden_continuous_size': 32, 'attention_head_size': 4, 'learning_rate': 0.050038751558531026}. Best is trial 0 with value: 165.1336669921875.
[I 2023-12-26 14:58:59,178] Trial 39 finished with value: 1045.7491455078125 and parameters: {'gradient_clip_val': 0.1415890627361516, 'hidden_size': 74, 'dropout': 0.27265677970033986, 'hidden_continuous_size': 11, 'attention_head_size': 2, 'learning_rate': 0.08682303952217009}. Best is trial 0 with value: 165.1336669921875.
[I 2023-12-26 14:59:01,916] Trial 40 finished with value: 899.313232421875 and parameters: {'gradient_clip_val': 0.1109056314528294, 'hidden_size': 38, 'dropout': 0.34259612471989676, 'hidden_continuous_size': 17, 'attention_head_size': 3, 'learning_rate': 0.07803372570765678}. Best is trial 0 with value: 165.1336669921875.
[I 2023-12-26 14:59:09,797] Trial 41 finished with value: 899.7369995117188 and parameters: {'gradient_clip_val': 0.25865816002752484, 'hidden_size': 117, 'dropout': 0.2983951304700164, 'hidden_continuous_size': 44, 'attention_head_size': 1, 'learning_rate': 0.05027082623349122}. Best is trial 0 with value: 165.1336669921875.
[I 2023-12-26 14:59:18,374] Trial 42 finished with value: 714.4526977539062 and parameters: {'gradient_clip_val': 0.2395584092960661, 'hidden_size': 133, 'dropout': 0.2795116454351847, 'hidden_continuous_size': 35, 'attention_head_size': 1, 'learning_rate': 0.05678039472441343}. Best is trial 0 with value: 165.1336669921875.
[I 2023-12-26 14:59:24,262] Trial 43 finished with value: 701.2891235351562 and parameters: {'gradient_clip_val': 0.2912345087964715, 'hidden_size': 96, 'dropout': 0.26900385786411957, 'hidden_continuous_size': 24, 'attention_head_size': 1, 'learning_rate': 0.06085215750003108}. Best is trial 0 with value: 165.1336669921875.
[I 2023-12-26 14:59:32,457] Trial 44 finished with value: 752.431396484375 and parameters: {'gradient_clip_val': 0.2962731040635774, 'hidden_size': 127, 'dropout': 0.25625807428222985, 'hidden_continuous_size': 23, 'attention_head_size': 1, 'learning_rate': 0.07899798586178146}. Best is trial 0 with value: 165.1336669921875.
[I 2023-12-26 14:59:37,682] Trial 45 finished with value: 1211.1719970703125 and parameters: {'gradient_clip_val': 0.3433619748850444, 'hidden_size': 82, 'dropout': 0.23449770464945258, 'hidden_continuous_size': 33, 'attention_head_size': 1, 'learning_rate': 0.031627825478543016}. Best is trial 0 with value: 165.1336669921875.
[I 2023-12-26 14:59:47,001] Trial 46 finished with value: 849.3429565429688 and parameters: {'gradient_clip_val': 0.28475736493519693, 'hidden_size': 149, 'dropout': 0.2165566304270542, 'hidden_continuous_size': 19, 'attention_head_size': 2, 'learning_rate': 0.06101888006280361}. Best is trial 0 with value: 165.1336669921875.
[I 2023-12-26 14:59:51,180] Trial 47 finished with value: 836.1730346679688 and parameters: {'gradient_clip_val': 0.1875236243069069, 'hidden_size': 66, 'dropout': 0.2659003702414338, 'hidden_continuous_size': 26, 'attention_head_size': 1, 'learning_rate': 0.09921788028677163}. Best is trial 0 with value: 165.1336669921875.
[I 2023-12-26 14:59:57,511] Trial 48 finished with value: 886.3766479492188 and parameters: {'gradient_clip_val': 0.21741328314472352, 'hidden_size': 101, 'dropout': 0.2106752550591613, 'hidden_continuous_size': 5, 'attention_head_size': 1, 'learning_rate': 0.0434050863251086}. Best is trial 0 with value: 165.1336669921875.
[I 2023-12-26 15:00:00,897] Trial 49 finished with value: 1231.24169921875 and parameters: {'gradient_clip_val': 0.30739736233517817, 'hidden_size': 51, 'dropout': 0.2922646246724978, 'hidden_continuous_size': 21, 'attention_head_size': 2, 'learning_rate': 0.07153693030200525}. Best is trial 0 with value: 165.1336669921875.
[I 2023-12-26 15:00:01,032] A new study created in memory with name: no-name-4c356035-50af-43a1-b3dd-6f8e2d78c67e
/home/le004/conda/anaconda3/envs/tsff_env/lib/python3.9/site-packages/lightning/fabric/plugins/environments/slurm.py:191: The `srun` command is available on your system but is not used. HINT: If your intention is to run Lightning on SLURM, prepend your python command with `srun` like so: srun python /home/le004/master_thesis/git/TSFusionForecast/code/ ...
[I 2023-12-26 15:02:55,867] Trial 0 finished with value: 97.22193145751953 and parameters: {'gradient_clip_val': 0.7272853361412523, 'hidden_size': 16, 'dropout': 0.30445216357563476, 'hidden_continuous_size': 8, 'attention_head_size': 2, 'learning_rate': 0.005943696226105969}. Best is trial 0 with value: 97.22193145751953.
[I 2023-12-26 15:02:58,317] Trial 1 finished with value: 414.7294006347656 and parameters: {'gradient_clip_val': 0.9967750248621351, 'hidden_size': 34, 'dropout': 0.3229802380656849, 'hidden_continuous_size': 11, 'attention_head_size': 2, 'learning_rate': 0.06255958399128628}. Best is trial 0 with value: 97.22193145751953.
[I 2023-12-26 15:03:01,632] Trial 2 finished with value: 298.9397277832031 and parameters: {'gradient_clip_val': 0.10294107386053719, 'hidden_size': 60, 'dropout': 0.39275913946851293, 'hidden_continuous_size': 9, 'attention_head_size': 4, 'learning_rate': 0.00177225021633974}. Best is trial 0 with value: 97.22193145751953.
[I 2023-12-26 15:03:03,616] Trial 3 finished with value: 245.0023956298828 and parameters: {'gradient_clip_val': 0.49665741175606615, 'hidden_size': 10, 'dropout': 0.3598779112514674, 'hidden_continuous_size': 7, 'attention_head_size': 4, 'learning_rate': 0.0008373922257334939}. Best is trial 0 with value: 97.22193145751953.
[I 2023-12-26 15:03:06,712] Trial 4 finished with value: 358.9773254394531 and parameters: {'gradient_clip_val': 0.7677388783790982, 'hidden_size': 51, 'dropout': 0.23262273903683886, 'hidden_continuous_size': 7, 'attention_head_size': 2, 'learning_rate': 0.0011655534430803653}. Best is trial 0 with value: 97.22193145751953.
[I 2023-12-26 15:03:08,724] Trial 5 finished with value: 292.58978271484375 and parameters: {'gradient_clip_val': 0.21991062599286523, 'hidden_size': 14, 'dropout': 0.3840959543709547, 'hidden_continuous_size': 9, 'attention_head_size': 2, 'learning_rate': 0.058478698696192315}. Best is trial 0 with value: 97.22193145751953.
[I 2023-12-26 15:03:11,334] Trial 6 finished with value: 265.2801513671875 and parameters: {'gradient_clip_val': 0.33571999213694614, 'hidden_size': 42, 'dropout': 0.2364808936174986, 'hidden_continuous_size': 6, 'attention_head_size': 1, 'learning_rate': 0.03294171460822948}. Best is trial 0 with value: 97.22193145751953.
[I 2023-12-26 15:03:15,840] Trial 7 finished with value: 252.01808166503906 and parameters: {'gradient_clip_val': 0.2621789847174054, 'hidden_size': 81, 'dropout': 0.4290258370579151, 'hidden_continuous_size': 7, 'attention_head_size': 3, 'learning_rate': 0.007317476442413361}. Best is trial 0 with value: 97.22193145751953.
[I 2023-12-26 15:03:23,077] Trial 8 finished with value: 202.6713104248047 and parameters: {'gradient_clip_val': 0.2313449963936109, 'hidden_size': 112, 'dropout': 0.3842626714517786, 'hidden_continuous_size': 107, 'attention_head_size': 3, 'learning_rate': 0.014648790442591536}. Best is trial 0 with value: 97.22193145751953.
[I 2023-12-26 15:03:25,230] Trial 9 finished with value: 309.16253662109375 and parameters: {'gradient_clip_val': 0.2517816345649857, 'hidden_size': 22, 'dropout': 0.2576669605255537, 'hidden_continuous_size': 8, 'attention_head_size': 3, 'learning_rate': 0.012559815405474897}. Best is trial 0 with value: 97.22193145751953.
[I 2023-12-26 15:03:26,930] Trial 10 finished with value: 293.4228210449219 and parameters: {'gradient_clip_val': 0.6259077773979063, 'hidden_size': 5, 'dropout': 0.12436566640489508, 'hidden_continuous_size': 5, 'attention_head_size': 1, 'learning_rate': 0.0023541455099835287}. Best is trial 0 with value: 97.22193145751953.
[I 2023-12-26 15:03:35,361] Trial 11 finished with value: 253.5998992919922 and parameters: {'gradient_clip_val': 0.41902447019941186, 'hidden_size': 126, 'dropout': 0.4824493498382925, 'hidden_continuous_size': 113, 'attention_head_size': 3, 'learning_rate': 0.014846021976263382}. Best is trial 0 with value: 97.22193145751953.
[I 2023-12-26 15:03:42,314] Trial 12 finished with value: 304.8168029785156 and parameters: {'gradient_clip_val': 0.545417217636707, 'hidden_size': 120, 'dropout': 0.3272336417344187, 'hidden_continuous_size': 32, 'attention_head_size': 3, 'learning_rate': 0.0040006293099539856}. Best is trial 0 with value: 97.22193145751953.
[I 2023-12-26 15:03:44,582] Trial 13 finished with value: 302.8638000488281 and parameters: {'gradient_clip_val': 0.9609047168499967, 'hidden_size': 23, 'dropout': 0.4471108399877891, 'hidden_continuous_size': 13, 'attention_head_size': 2, 'learning_rate': 0.00457785630484738}. Best is trial 0 with value: 97.22193145751953.
[I 2023-12-26 15:03:49,047] Trial 14 finished with value: 299.6407165527344 and parameters: {'gradient_clip_val': 0.173157970693651, 'hidden_size': 77, 'dropout': 0.30640107480710493, 'hidden_continuous_size': 22, 'attention_head_size': 4, 'learning_rate': 0.015480124766292933}. Best is trial 0 with value: 97.22193145751953.
[I 2023-12-26 15:03:58,396] Trial 15 finished with value: 284.1676940917969 and parameters: {'gradient_clip_val': 0.42290628098870875, 'hidden_size': 140, 'dropout': 0.49447035444079784, 'hidden_continuous_size': 121, 'attention_head_size': 1, 'learning_rate': 0.007715008848279051}. Best is trial 0 with value: 97.22193145751953.
[I 2023-12-26 15:04:01,148] Trial 16 finished with value: 288.0728759765625 and parameters: {'gradient_clip_val': 0.6862079503216564, 'hidden_size': 36, 'dropout': 0.3632035243286825, 'hidden_continuous_size': 5, 'attention_head_size': 3, 'learning_rate': 0.0005678620419442821}. Best is trial 0 with value: 97.22193145751953.
[I 2023-12-26 15:04:03,058] Trial 17 finished with value: 258.7171325683594 and parameters: {'gradient_clip_val': 0.34163226812595915, 'hidden_size': 16, 'dropout': 0.41289625354794157, 'hidden_continuous_size': 11, 'attention_head_size': 2, 'learning_rate': 0.023380806199629147}. Best is trial 0 with value: 97.22193145751953.
[I 2023-12-26 15:04:07,749] Trial 18 finished with value: 293.1930847167969 and parameters: {'gradient_clip_val': 0.18439147652527635, 'hidden_size': 78, 'dropout': 0.26929981515822876, 'hidden_continuous_size': 57, 'attention_head_size': 2, 'learning_rate': 0.004137719563492463}. Best is trial 0 with value: 97.22193145751953.
[I 2023-12-26 15:04:10,232] Trial 19 finished with value: 336.8471984863281 and parameters: {'gradient_clip_val': 0.7389368054541007, 'hidden_size': 30, 'dropout': 0.3506113224434266, 'hidden_continuous_size': 13, 'attention_head_size': 3, 'learning_rate': 0.02931708848888191}. Best is trial 0 with value: 97.22193145751953.
[I 2023-12-26 15:04:13,116] Trial 20 finished with value: 295.2321472167969 and parameters: {'gradient_clip_val': 0.417750724815487, 'hidden_size': 49, 'dropout': 0.452366446461839, 'hidden_continuous_size': 18, 'attention_head_size': 1, 'learning_rate': 0.010902429783396774}. Best is trial 0 with value: 97.22193145751953.
[I 2023-12-26 15:04:15,139] Trial 21 finished with value: 273.2044677734375 and parameters: {'gradient_clip_val': 0.5116141865599676, 'hidden_size': 12, 'dropout': 0.3673841993435984, 'hidden_continuous_size': 6, 'attention_head_size': 4, 'learning_rate': 0.0005221740517788747}. Best is trial 0 with value: 97.22193145751953.
[I 2023-12-26 15:04:17,153] Trial 22 finished with value: 309.37646484375 and parameters: {'gradient_clip_val': 0.5859561950009543, 'hidden_size': 10, 'dropout': 0.34212648759116465, 'hidden_continuous_size': 6, 'attention_head_size': 4, 'learning_rate': 0.0009447204820267641}. Best is trial 0 with value: 97.22193145751953.
[I 2023-12-26 15:04:19,121] Trial 23 finished with value: 293.4617614746094 and parameters: {'gradient_clip_val': 0.494879652084938, 'hidden_size': 9, 'dropout': 0.3955928822781824, 'hidden_continuous_size': 5, 'attention_head_size': 4, 'learning_rate': 0.0026105684928273624}. Best is trial 0 with value: 97.22193145751953.
[I 2023-12-26 15:04:21,250] Trial 24 finished with value: 299.13800048828125 and parameters: {'gradient_clip_val': 0.82295757269781, 'hidden_size': 19, 'dropout': 0.30017122733618723, 'hidden_continuous_size': 8, 'attention_head_size': 4, 'learning_rate': 0.005208988008884582}. Best is trial 0 with value: 97.22193145751953.
[I 2023-12-26 15:04:23,610] Trial 25 finished with value: 347.8382263183594 and parameters: {'gradient_clip_val': 0.7041401711397995, 'hidden_size': 27, 'dropout': 0.4133719189478518, 'hidden_continuous_size': 10, 'attention_head_size': 3, 'learning_rate': 0.002662542721735588}. Best is trial 0 with value: 97.22193145751953.
[I 2023-12-26 15:04:25,440] Trial 26 finished with value: 293.7575378417969 and parameters: {'gradient_clip_val': 0.6138128914071793, 'hidden_size': 8, 'dropout': 0.3353753003013384, 'hidden_continuous_size': 5, 'attention_head_size': 2, 'learning_rate': 0.007347580870968122}. Best is trial 0 with value: 97.22193145751953.
[I 2023-12-26 15:04:27,517] Trial 27 finished with value: 362.6579895019531 and parameters: {'gradient_clip_val': 0.4795177629842077, 'hidden_size': 18, 'dropout': 0.3669003599555646, 'hidden_continuous_size': 7, 'attention_head_size': 3, 'learning_rate': 0.09341083085650104}. Best is trial 0 with value: 97.22193145751953.
[I 2023-12-26 15:04:29,808] Trial 28 finished with value: 322.65087890625 and parameters: {'gradient_clip_val': 0.38729437157826974, 'hidden_size': 13, 'dropout': 0.30399252081614475, 'hidden_continuous_size': 6, 'attention_head_size': 4, 'learning_rate': 0.0011998448485824357}. Best is trial 0 with value: 97.22193145751953.
[I 2023-12-26 15:04:32,263] Trial 29 finished with value: 239.2305450439453 and parameters: {'gradient_clip_val': 0.9088204932975272, 'hidden_size': 30, 'dropout': 0.3290992029511439, 'hidden_continuous_size': 10, 'attention_head_size': 2, 'learning_rate': 0.010206612444068699}. Best is trial 0 with value: 97.22193145751953.
[I 2023-12-26 15:04:34,742] Trial 30 finished with value: 294.7512512207031 and parameters: {'gradient_clip_val': 0.854122965130875, 'hidden_size': 34, 'dropout': 0.3236462904736981, 'hidden_continuous_size': 12, 'attention_head_size': 2, 'learning_rate': 0.010100988704253404}. Best is trial 0 with value: 97.22193145751953.
[I 2023-12-26 15:04:37,091] Trial 31 finished with value: 338.412109375 and parameters: {'gradient_clip_val': 0.903141561083365, 'hidden_size': 28, 'dropout': 0.349639593564502, 'hidden_continuous_size': 10, 'attention_head_size': 2, 'learning_rate': 0.018799840506318246}. Best is trial 0 with value: 97.22193145751953.
[I 2023-12-26 15:04:39,323] Trial 32 finished with value: 271.42547607421875 and parameters: {'gradient_clip_val': 0.9779594237566819, 'hidden_size': 25, 'dropout': 0.38517743869736193, 'hidden_continuous_size': 9, 'attention_head_size': 2, 'learning_rate': 0.008869602775672227}. Best is trial 0 with value: 97.22193145751953.
[I 2023-12-26 15:04:41,403] Trial 33 finished with value: 268.4940490722656 and parameters: {'gradient_clip_val': 0.8206634365602677, 'hidden_size': 18, 'dropout': 0.2846934808734133, 'hidden_continuous_size': 8, 'attention_head_size': 3, 'learning_rate': 0.005245280731849978}. Best is trial 0 with value: 97.22193145751953.
[I 2023-12-26 15:04:44,430] Trial 34 finished with value: 339.7381286621094 and parameters: {'gradient_clip_val': 0.6885129781844482, 'hidden_size': 56, 'dropout': 0.3217985984090792, 'hidden_continuous_size': 14, 'attention_head_size': 2, 'learning_rate': 0.011580450882043855}. Best is trial 0 with value: 97.22193145751953.
[I 2023-12-26 15:04:46,473] Trial 35 finished with value: 290.0747985839844 and parameters: {'gradient_clip_val': 0.7709878320286433, 'hidden_size': 15, 'dropout': 0.37780123730095166, 'hidden_continuous_size': 7, 'attention_head_size': 1, 'learning_rate': 0.02100332999030856}. Best is trial 0 with value: 97.22193145751953.
[I 2023-12-26 15:04:49,213] Trial 36 finished with value: 264.1520080566406 and parameters: {'gradient_clip_val': 0.8686994417658829, 'hidden_size': 43, 'dropout': 0.39526811433124454, 'hidden_continuous_size': 10, 'attention_head_size': 2, 'learning_rate': 0.04435453895197258}. Best is trial 0 with value: 97.22193145751953.
[I 2023-12-26 15:04:52,794] Trial 37 finished with value: 302.5000915527344 and parameters: {'gradient_clip_val': 0.575697968166901, 'hidden_size': 65, 'dropout': 0.2822199869693578, 'hidden_continuous_size': 16, 'attention_head_size': 3, 'learning_rate': 0.0059233912543609464}. Best is trial 0 with value: 97.22193145751953.
[I 2023-12-26 15:04:54,908] Trial 38 finished with value: 277.88458251953125 and parameters: {'gradient_clip_val': 0.6595522767928359, 'hidden_size': 20, 'dropout': 0.24509024265915186, 'hidden_continuous_size': 9, 'attention_head_size': 2, 'learning_rate': 0.0034828926765789092}. Best is trial 0 with value: 97.22193145751953.
[I 2023-12-26 15:05:02,048] Trial 39 finished with value: 290.2692565917969 and parameters: {'gradient_clip_val': 0.772064846819663, 'hidden_size': 103, 'dropout': 0.20788468985351666, 'hidden_continuous_size': 25, 'attention_head_size': 1, 'learning_rate': 0.0018740037558648286}. Best is trial 0 with value: 97.22193145751953.
[I 2023-12-26 15:05:09,837] Trial 40 finished with value: 300.1246032714844 and parameters: {'gradient_clip_val': 0.6287272389498948, 'hidden_size': 96, 'dropout': 0.35318610171132847, 'hidden_continuous_size': 15, 'attention_head_size': 3, 'learning_rate': 0.013233045127128149}. Best is trial 0 with value: 97.22193145751953.
[I 2023-12-26 15:05:21,671] Trial 41 finished with value: 261.4037170410156 and parameters: {'gradient_clip_val': 0.29121728471431063, 'hidden_size': 149, 'dropout': 0.4289410101677628, 'hidden_continuous_size': 35, 'attention_head_size': 3, 'learning_rate': 0.006608680111168936}. Best is trial 0 with value: 97.22193145751953.
[I 2023-12-26 15:05:25,546] Trial 42 finished with value: 267.932373046875 and parameters: {'gradient_clip_val': 0.2500011727669311, 'hidden_size': 66, 'dropout': 0.383031021931754, 'hidden_continuous_size': 12, 'attention_head_size': 3, 'learning_rate': 0.008358435117063669}. Best is trial 0 with value: 97.22193145751953.
[I 2023-12-26 15:05:33,825] Trial 43 finished with value: 280.13482666015625 and parameters: {'gradient_clip_val': 0.27628069907598823, 'hidden_size': 114, 'dropout': 0.32312459456792925, 'hidden_continuous_size': 92, 'attention_head_size': 4, 'learning_rate': 0.01583358553341042}. Best is trial 0 with value: 97.22193145751953.
[I 2023-12-26 15:05:39,121] Trial 44 finished with value: 259.0242614746094 and parameters: {'gradient_clip_val': 0.20904471980676703, 'hidden_size': 89, 'dropout': 0.46369257072436376, 'hidden_continuous_size': 8, 'attention_head_size': 2, 'learning_rate': 0.0062941890920422735}. Best is trial 0 with value: 97.22193145751953.
[I 2023-12-26 15:05:46,947] Trial 45 finished with value: 326.5028991699219 and parameters: {'gradient_clip_val': 0.9861379260002118, 'hidden_size': 128, 'dropout': 0.4188031678871153, 'hidden_continuous_size': 7, 'attention_head_size': 3, 'learning_rate': 0.011159181541021574}. Best is trial 0 with value: 97.22193145751953.
