[I 2023-12-16 12:26:54,331] Trial 29 finished with value: 0.12812884151935577 and parameters: {'gradient_clip_val': 0.377568030437016, 'hidden_size': 15, 'dropout': 0.16659866972532755, 'hidden_continuous_size': 9, 'attention_head_size': 3, 'learning_rate': 0.04578115193553559}. Best is trial 7 with value: 0.07457517832517624.
LOCAL_RANK: 0 - CUDA_VISIBLE_DEVICES: [0]
[I 2023-12-16 12:27:38,726] Trial 30 finished with value: 0.5099419951438904 and parameters: {'gradient_clip_val': 0.2823136026847849, 'hidden_size': 12, 'dropout': 0.19111218982603445, 'hidden_continuous_size': 8, 'attention_head_size': 2, 'learning_rate': 0.0633652171235955}. Best is trial 7 with value: 0.07457517832517624.
LOCAL_RANK: 0 - CUDA_VISIBLE_DEVICES: [0]
[I 2023-12-16 12:28:24,492] Trial 31 finished with value: 0.3562162220478058 and parameters: {'gradient_clip_val': 0.36187657651724586, 'hidden_size': 16, 'dropout': 0.16111585095107103, 'hidden_continuous_size': 9, 'attention_head_size': 3, 'learning_rate': 0.04523320404413556}. Best is trial 7 with value: 0.07457517832517624.
LOCAL_RANK: 0 - CUDA_VISIBLE_DEVICES: [0]
[I 2023-12-16 12:29:10,839] Trial 32 finished with value: 1.0298943519592285 and parameters: {'gradient_clip_val': 0.39280649881912233, 'hidden_size': 14, 'dropout': 0.12840654113482297, 'hidden_continuous_size': 9, 'attention_head_size': 3, 'learning_rate': 0.023787647207034045}. Best is trial 7 with value: 0.07457517832517624.
LOCAL_RANK: 0 - CUDA_VISIBLE_DEVICES: [0]
[I 2023-12-16 12:29:59,443] Trial 33 finished with value: 0.1851760596036911 and parameters: {'gradient_clip_val': 0.24854089206391508, 'hidden_size': 18, 'dropout': 0.15733779291422603, 'hidden_continuous_size': 10, 'attention_head_size': 4, 'learning_rate': 0.045397211888184394}. Best is trial 7 with value: 0.07457517832517624.
LOCAL_RANK: 0 - CUDA_VISIBLE_DEVICES: [0]
[I 2023-12-16 12:30:47,729] Trial 34 finished with value: 0.1779407262802124 and parameters: {'gradient_clip_val': 0.6171236564395001, 'hidden_size': 24, 'dropout': 0.12192358396574726, 'hidden_continuous_size': 11, 'attention_head_size': 3, 'learning_rate': 0.011988843376431746}. Best is trial 7 with value: 0.07457517832517624.
LOCAL_RANK: 0 - CUDA_VISIBLE_DEVICES: [0]
[I 2023-12-16 12:31:33,332] Trial 35 finished with value: 1.3694473505020142 and parameters: {'gradient_clip_val': 0.5189156892356533, 'hidden_size': 10, 'dropout': 0.17396691679331516, 'hidden_continuous_size': 5, 'attention_head_size': 3, 'learning_rate': 0.06875244259611624}. Best is trial 7 with value: 0.07457517832517624.
LOCAL_RANK: 0 - CUDA_VISIBLE_DEVICES: [0]
[I 2023-12-16 12:32:19,943] Trial 36 finished with value: 0.10635041445493698 and parameters: {'gradient_clip_val': 0.6937642542659007, 'hidden_size': 18, 'dropout': 0.1367577943691396, 'hidden_continuous_size': 7, 'attention_head_size': 2, 'learning_rate': 0.038148092627812394}. Best is trial 7 with value: 0.07457517832517624.
LOCAL_RANK: 0 - CUDA_VISIBLE_DEVICES: [0]
[I 2023-12-16 12:33:08,989] Trial 37 finished with value: 0.13168780505657196 and parameters: {'gradient_clip_val': 0.7854253616890984, 'hidden_size': 31, 'dropout': 0.1103666473175013, 'hidden_continuous_size': 7, 'attention_head_size': 2, 'learning_rate': 0.023576654385593532}. Best is trial 7 with value: 0.07457517832517624.
LOCAL_RANK: 0 - CUDA_VISIBLE_DEVICES: [0]
[I 2023-12-16 12:33:54,928] Trial 38 finished with value: 1.4508339166641235 and parameters: {'gradient_clip_val': 0.7021819878920594, 'hidden_size': 20, 'dropout': 0.13807475120114304, 'hidden_continuous_size': 6, 'attention_head_size': 2, 'learning_rate': 0.033296217752801976}. Best is trial 7 with value: 0.07457517832517624.
LOCAL_RANK: 0 - CUDA_VISIBLE_DEVICES: [0]
[I 2023-12-16 12:34:41,119] Trial 39 finished with value: 0.4099059998989105 and parameters: {'gradient_clip_val': 0.856972647813757, 'hidden_size': 17, 'dropout': 0.13651071446179286, 'hidden_continuous_size': 7, 'attention_head_size': 2, 'learning_rate': 0.03937802652258658}. Best is trial 7 with value: 0.07457517832517624.
LOCAL_RANK: 0 - CUDA_VISIBLE_DEVICES: [0]
[I 2023-12-16 12:35:24,661] Trial 40 finished with value: 2.0614542961120605 and parameters: {'gradient_clip_val': 0.9709827010593252, 'hidden_size': 8, 'dropout': 0.11168577022189768, 'hidden_continuous_size': 5, 'attention_head_size': 1, 'learning_rate': 0.05896158168783341}. Best is trial 7 with value: 0.07457517832517624.
LOCAL_RANK: 0 - CUDA_VISIBLE_DEVICES: [0]
[I 2023-12-16 12:36:10,601] Trial 41 finished with value: 0.19748012721538544 and parameters: {'gradient_clip_val': 0.4708846405826747, 'hidden_size': 13, 'dropout': 0.1629772965235297, 'hidden_continuous_size': 8, 'attention_head_size': 3, 'learning_rate': 0.08031944732460922}. Best is trial 7 with value: 0.07457517832517624.
LOCAL_RANK: 0 - CUDA_VISIBLE_DEVICES: [0]
[I 2023-12-16 12:36:57,177] Trial 42 finished with value: 1.051658272743225 and parameters: {'gradient_clip_val': 0.6570969632051912, 'hidden_size': 17, 'dropout': 0.13321049952710484, 'hidden_continuous_size': 8, 'attention_head_size': 2, 'learning_rate': 0.05011559650059926}. Best is trial 7 with value: 0.07457517832517624.
LOCAL_RANK: 0 - CUDA_VISIBLE_DEVICES: [0]
[I 2023-12-16 12:37:43,741] Trial 43 finished with value: 0.15701092779636383 and parameters: {'gradient_clip_val': 0.5254860498922244, 'hidden_size': 15, 'dropout': 0.15389971277642497, 'hidden_continuous_size': 7, 'attention_head_size': 4, 'learning_rate': 0.07907211095547895}. Best is trial 7 with value: 0.07457517832517624.
LOCAL_RANK: 0 - CUDA_VISIBLE_DEVICES: [0]
[I 2023-12-16 12:38:32,536] Trial 44 finished with value: 0.31860581040382385 and parameters: {'gradient_clip_val': 0.5707447602507107, 'hidden_size': 27, 'dropout': 0.11321540755227776, 'hidden_continuous_size': 6, 'attention_head_size': 3, 'learning_rate': 0.056308546401225026}. Best is trial 7 with value: 0.07457517832517624.
LOCAL_RANK: 0 - CUDA_VISIBLE_DEVICES: [0]
[I 2023-12-16 12:39:21,888] Trial 45 finished with value: 0.18361906707286835 and parameters: {'gradient_clip_val': 0.3221802461051352, 'hidden_size': 23, 'dropout': 0.1781825991240723, 'hidden_continuous_size': 11, 'attention_head_size': 3, 'learning_rate': 0.041649494941604075}. Best is trial 7 with value: 0.07457517832517624.
LOCAL_RANK: 0 - CUDA_VISIBLE_DEVICES: [0]
[I 2023-12-16 12:40:06,970] Trial 46 finished with value: 0.0961027443408966 and parameters: {'gradient_clip_val': 0.16881685243126274, 'hidden_size': 10, 'dropout': 0.12945182735368488, 'hidden_continuous_size': 6, 'attention_head_size': 2, 'learning_rate': 0.08086274770075648}. Best is trial 7 with value: 0.07457517832517624.
LOCAL_RANK: 0 - CUDA_VISIBLE_DEVICES: [0]
[I 2023-12-16 12:40:52,243] Trial 47 finished with value: 0.16027431190013885 and parameters: {'gradient_clip_val': 0.21424027700803383, 'hidden_size': 11, 'dropout': 0.1080705528395647, 'hidden_continuous_size': 6, 'attention_head_size': 2, 'learning_rate': 0.07788512852774677}. Best is trial 7 with value: 0.07457517832517624.
LOCAL_RANK: 0 - CUDA_VISIBLE_DEVICES: [0]
[I 2023-12-16 12:41:37,085] Trial 48 finished with value: 1.2325305938720703 and parameters: {'gradient_clip_val': 0.143794114459713, 'hidden_size': 6, 'dropout': 0.1256042537753077, 'hidden_continuous_size': 5, 'attention_head_size': 2, 'learning_rate': 0.09971401046764596}. Best is trial 7 with value: 0.07457517832517624.
LOCAL_RANK: 0 - CUDA_VISIBLE_DEVICES: [0]
[I 2023-12-16 12:42:22,228] Trial 49 finished with value: 1.9220705032348633 and parameters: {'gradient_clip_val': 0.17573978179868957, 'hidden_size': 9, 'dropout': 0.1494879450841607, 'hidden_continuous_size': 6, 'attention_head_size': 2, 'learning_rate': 0.05542086656875076}. Best is trial 7 with value: 0.07457517832517624.
[I 2023-12-16 12:42:22,322] A new study created in memory with name: no-name-1a05f9af-3d56-4079-9324-6ad3c53cbd98
/home/le004/conda/anaconda3/envs/tsff_env/lib/python3.9/site-packages/lightning/fabric/plugins/environments/slurm.py:191: The `srun` command is available on your system but is not used. HINT: If your intention is to run Lightning on SLURM, prepend your python command with `srun` like so: srun python /home/le004/master_thesis/git/TSFusionForecast/code/ ...
LOCAL_RANK: 0 - CUDA_VISIBLE_DEVICES: [0]
[I 2023-12-16 12:43:09,332] Trial 0 finished with value: 1.7420353889465332 and parameters: {'gradient_clip_val': 0.1681332153726559, 'hidden_size': 17, 'dropout': 0.15102099115272108, 'hidden_continuous_size': 8, 'attention_head_size': 3, 'learning_rate': 0.008297702117551639}. Best is trial 0 with value: 1.7420353889465332.
LOCAL_RANK: 0 - CUDA_VISIBLE_DEVICES: [0]
[I 2023-12-16 12:43:59,508] Trial 1 finished with value: 1.7630828619003296 and parameters: {'gradient_clip_val': 0.21548905702373103, 'hidden_size': 56, 'dropout': 0.19261253026575492, 'hidden_continuous_size': 6, 'attention_head_size': 2, 'learning_rate': 0.004809890629247463}. Best is trial 0 with value: 1.7420353889465332.
LOCAL_RANK: 0 - CUDA_VISIBLE_DEVICES: [0]
[I 2023-12-16 12:44:51,790] Trial 2 finished with value: 1.7911338806152344 and parameters: {'gradient_clip_val': 0.2698728018636442, 'hidden_size': 38, 'dropout': 0.2632182219170578, 'hidden_continuous_size': 19, 'attention_head_size': 2, 'learning_rate': 0.006652618770139097}. Best is trial 0 with value: 1.7420353889465332.
LOCAL_RANK: 0 - CUDA_VISIBLE_DEVICES: [0]
[I 2023-12-16 12:45:38,192] Trial 3 finished with value: 0.8962844014167786 and parameters: {'gradient_clip_val': 0.41073986588799477, 'hidden_size': 14, 'dropout': 0.28561196648745346, 'hidden_continuous_size': 8, 'attention_head_size': 4, 'learning_rate': 0.0015948654181764455}. Best is trial 3 with value: 0.8962844014167786.
LOCAL_RANK: 0 - CUDA_VISIBLE_DEVICES: [0]
[I 2023-12-16 12:46:32,424] Trial 4 finished with value: 1.444637656211853 and parameters: {'gradient_clip_val': 0.16943295477930684, 'hidden_size': 86, 'dropout': 0.29446217458724644, 'hidden_continuous_size': 23, 'attention_head_size': 2, 'learning_rate': 0.06351401124955673}. Best is trial 3 with value: 0.8962844014167786.
LOCAL_RANK: 0 - CUDA_VISIBLE_DEVICES: [0]
[I 2023-12-16 12:47:22,246] Trial 5 finished with value: 1.3297971487045288 and parameters: {'gradient_clip_val': 0.4900468459880283, 'hidden_size': 27, 'dropout': 0.2728150564956027, 'hidden_continuous_size': 11, 'attention_head_size': 4, 'learning_rate': 0.06824162683568416}. Best is trial 3 with value: 0.8962844014167786.
LOCAL_RANK: 0 - CUDA_VISIBLE_DEVICES: [0]
[I 2023-12-16 12:48:19,545] Trial 6 finished with value: 2.372840642929077 and parameters: {'gradient_clip_val': 0.11309318107095907, 'hidden_size': 96, 'dropout': 0.30079483042963684, 'hidden_continuous_size': 74, 'attention_head_size': 4, 'learning_rate': 0.0024637298462345555}. Best is trial 3 with value: 0.8962844014167786.
LOCAL_RANK: 0 - CUDA_VISIBLE_DEVICES: [0]
[I 2023-12-16 12:49:12,460] Trial 7 finished with value: 4.098899841308594 and parameters: {'gradient_clip_val': 0.5173897859720266, 'hidden_size': 38, 'dropout': 0.32694144614742715, 'hidden_continuous_size': 17, 'attention_head_size': 4, 'learning_rate': 0.018897931136328195}. Best is trial 3 with value: 0.8962844014167786.
LOCAL_RANK: 0 - CUDA_VISIBLE_DEVICES: [0]
[I 2023-12-16 12:49:58,293] Trial 8 finished with value: 1.9906014204025269 and parameters: {'gradient_clip_val': 0.49103413807510526, 'hidden_size': 20, 'dropout': 0.1717931295606906, 'hidden_continuous_size': 6, 'attention_head_size': 1, 'learning_rate': 0.0032982970760999097}. Best is trial 3 with value: 0.8962844014167786.
LOCAL_RANK: 0 - CUDA_VISIBLE_DEVICES: [0]
[I 2023-12-16 12:50:32,846] Trial 9 finished with value: 2.1285197734832764 and parameters: {'gradient_clip_val': 0.2294836587405228, 'hidden_size': 5, 'dropout': 0.21813241355060503, 'hidden_continuous_size': 5, 'attention_head_size': 3, 'learning_rate': 0.025522020107924603}. Best is trial 3 with value: 0.8962844014167786.
LOCAL_RANK: 0 - CUDA_VISIBLE_DEVICES: [0]
[I 2023-12-16 12:51:18,318] Trial 10 finished with value: 1.6058393716812134 and parameters: {'gradient_clip_val': 0.9479583251632616, 'hidden_size': 11, 'dropout': 0.39206230781066076, 'hidden_continuous_size': 5, 'attention_head_size': 3, 'learning_rate': 0.0005308218773150109}. Best is trial 3 with value: 0.8962844014167786.
LOCAL_RANK: 0 - CUDA_VISIBLE_DEVICES: [0]
[I 2023-12-16 12:52:04,422] Trial 11 finished with value: 1.8009587526321411 and parameters: {'gradient_clip_val': 0.40396426918571826, 'hidden_size': 11, 'dropout': 0.23655716676039754, 'hidden_continuous_size': 8, 'attention_head_size': 4, 'learning_rate': 0.08668159705349458}. Best is trial 3 with value: 0.8962844014167786.
LOCAL_RANK: 0 - CUDA_VISIBLE_DEVICES: [0]
[I 2023-12-16 12:52:53,102] Trial 12 finished with value: 1.2153401374816895 and parameters: {'gradient_clip_val': 0.3674306551161264, 'hidden_size': 28, 'dropout': 0.11119679588963807, 'hidden_continuous_size': 10, 'attention_head_size': 4, 'learning_rate': 0.00121086227095932}. Best is trial 3 with value: 0.8962844014167786.
LOCAL_RANK: 0 - CUDA_VISIBLE_DEVICES: [0]
[I 2023-12-16 12:53:40,135] Trial 13 finished with value: 1.0182114839553833 and parameters: {'gradient_clip_val': 0.3453972324904108, 'hidden_size': 14, 'dropout': 0.11629753895916838, 'hidden_continuous_size': 9, 'attention_head_size': 4, 'learning_rate': 0.0011826298437300439}. Best is trial 3 with value: 0.8962844014167786.
LOCAL_RANK: 0 - CUDA_VISIBLE_DEVICES: [0]
[I 2023-12-16 12:54:26,119] Trial 14 finished with value: 1.1137676239013672 and parameters: {'gradient_clip_val': 0.31053164062667127, 'hidden_size': 13, 'dropout': 0.1193022695910365, 'hidden_continuous_size': 7, 'attention_head_size': 3, 'learning_rate': 0.0014842618812835621}. Best is trial 3 with value: 0.8962844014167786.
LOCAL_RANK: 0 - CUDA_VISIBLE_DEVICES: [0]
[I 2023-12-16 12:55:09,641] Trial 15 finished with value: 2.450456380844116 and parameters: {'gradient_clip_val': 0.6871208544706207, 'hidden_size': 8, 'dropout': 0.2093116921507498, 'hidden_continuous_size': 5, 'attention_head_size': 1, 'learning_rate': 0.0006618327296383634}. Best is trial 3 with value: 0.8962844014167786.
LOCAL_RANK: 0 - CUDA_VISIBLE_DEVICES: [0]
[I 2023-12-16 12:55:55,310] Trial 16 finished with value: 2.343356132507324 and parameters: {'gradient_clip_val': 0.33990120762824577, 'hidden_size': 7, 'dropout': 0.1494011439294609, 'hidden_continuous_size': 5, 'attention_head_size': 4, 'learning_rate': 0.0014550965854338842}. Best is trial 3 with value: 0.8962844014167786.
LOCAL_RANK: 0 - CUDA_VISIBLE_DEVICES: [0]
[I 2023-12-16 12:56:41,913] Trial 17 finished with value: 1.5537267923355103 and parameters: {'gradient_clip_val': 0.6675455680903152, 'hidden_size': 15, 'dropout': 0.1034732511447934, 'hidden_continuous_size': 9, 'attention_head_size': 3, 'learning_rate': 0.0009550966380416228}. Best is trial 3 with value: 0.8962844014167786.
LOCAL_RANK: 0 - CUDA_VISIBLE_DEVICES: [0]
[I 2023-12-16 12:57:29,360] Trial 18 finished with value: 1.0533690452575684 and parameters: {'gradient_clip_val': 0.2965574364804914, 'hidden_size': 20, 'dropout': 0.2375732077654399, 'hidden_continuous_size': 7, 'attention_head_size': 4, 'learning_rate': 0.0020190208992674884}. Best is trial 3 with value: 0.8962844014167786.
LOCAL_RANK: 0 - CUDA_VISIBLE_DEVICES: [0]
[I 2023-12-16 12:58:14,927] Trial 19 finished with value: 1.7780542373657227 and parameters: {'gradient_clip_val': 0.41708640035720035, 'hidden_size': 11, 'dropout': 0.19902587851945241, 'hidden_continuous_size': 6, 'attention_head_size': 3, 'learning_rate': 0.0006660760167532887}. Best is trial 3 with value: 0.8962844014167786.
LOCAL_RANK: 0 - CUDA_VISIBLE_DEVICES: [0]
[I 2023-12-16 12:59:01,769] Trial 20 finished with value: 1.1010897159576416 and parameters: {'gradient_clip_val': 0.2745292443457503, 'hidden_size': 15, 'dropout': 0.1734846420643893, 'hidden_continuous_size': 9, 'attention_head_size': 4, 'learning_rate': 0.0025738162955819435}. Best is trial 3 with value: 0.8962844014167786.
LOCAL_RANK: 0 - CUDA_VISIBLE_DEVICES: [0]
[I 2023-12-16 12:59:49,032] Trial 21 finished with value: 1.3614715337753296 and parameters: {'gradient_clip_val': 0.3242475381083407, 'hidden_size': 20, 'dropout': 0.23811521408935626, 'hidden_continuous_size': 7, 'attention_head_size': 4, 'learning_rate': 0.001958049304972106}. Best is trial 3 with value: 0.8962844014167786.
LOCAL_RANK: 0 - CUDA_VISIBLE_DEVICES: [0]
[I 2023-12-16 13:00:37,909] Trial 22 finished with value: 0.8853071331977844 and parameters: {'gradient_clip_val': 0.37784427109055424, 'hidden_size': 22, 'dropout': 0.24902958941331327, 'hidden_continuous_size': 7, 'attention_head_size': 4, 'learning_rate': 0.000901695361359417}. Best is trial 22 with value: 0.8853071331977844.
LOCAL_RANK: 0 - CUDA_VISIBLE_DEVICES: [0]
[I 2023-12-16 13:01:27,433] Trial 23 finished with value: 1.0548171997070312 and parameters: {'gradient_clip_val': 0.41519028284603665, 'hidden_size': 25, 'dropout': 0.32821963497217976, 'hidden_continuous_size': 11, 'attention_head_size': 4, 'learning_rate': 0.001034958461315539}. Best is trial 22 with value: 0.8853071331977844.
LOCAL_RANK: 0 - CUDA_VISIBLE_DEVICES: [0]
[I 2023-12-16 13:02:13,506] Trial 24 finished with value: 1.102012038230896 and parameters: {'gradient_clip_val': 0.35767647176168776, 'hidden_size': 15, 'dropout': 0.136241075176564, 'hidden_continuous_size': 8, 'attention_head_size': 3, 'learning_rate': 0.0008228206937795084}. Best is trial 22 with value: 0.8853071331977844.
LOCAL_RANK: 0 - CUDA_VISIBLE_DEVICES: [0]
[I 2023-12-16 13:02:59,584] Trial 25 finished with value: 1.835227370262146 and parameters: {'gradient_clip_val': 0.4709700108233156, 'hidden_size': 9, 'dropout': 0.1863661976462485, 'hidden_continuous_size': 7, 'attention_head_size': 4, 'learning_rate': 0.0005004504230195074}. Best is trial 22 with value: 0.8853071331977844.
LOCAL_RANK: 0 - CUDA_VISIBLE_DEVICES: [0]
[I 2023-12-16 13:03:46,720] Trial 26 finished with value: 1.0213674306869507 and parameters: {'gradient_clip_val': 0.5423054844182164, 'hidden_size': 17, 'dropout': 0.2275332780882959, 'hidden_continuous_size': 8, 'attention_head_size': 3, 'learning_rate': 0.0013148446797436807}. Best is trial 22 with value: 0.8853071331977844.
LOCAL_RANK: 0 - CUDA_VISIBLE_DEVICES: [0]
[I 2023-12-16 13:04:32,974] Trial 27 finished with value: 1.788845419883728 and parameters: {'gradient_clip_val': 0.3822474263412569, 'hidden_size': 13, 'dropout': 0.21078377344333477, 'hidden_continuous_size': 7, 'attention_head_size': 4, 'learning_rate': 0.0007879149524262768}. Best is trial 22 with value: 0.8853071331977844.
LOCAL_RANK: 0 - CUDA_VISIBLE_DEVICES: [0]
[I 2023-12-16 13:05:21,911] Trial 28 finished with value: 1.425181269645691 and parameters: {'gradient_clip_val': 0.6052082441799382, 'hidden_size': 23, 'dropout': 0.2642535068193033, 'hidden_continuous_size': 10, 'attention_head_size': 2, 'learning_rate': 0.001657668232523342}. Best is trial 22 with value: 0.8853071331977844.
LOCAL_RANK: 0 - CUDA_VISIBLE_DEVICES: [0]
[I 2023-12-16 13:06:09,665] Trial 29 finished with value: 0.9168626666069031 and parameters: {'gradient_clip_val': 0.24925714053582626, 'hidden_size': 19, 'dropout': 0.13859897236338697, 'hidden_continuous_size': 8, 'attention_head_size': 3, 'learning_rate': 0.001112270186527739}. Best is trial 22 with value: 0.8853071331977844.
LOCAL_RANK: 0 - CUDA_VISIBLE_DEVICES: [0]
[I 2023-12-16 13:06:56,437] Trial 30 finished with value: 1.0386438369750977 and parameters: {'gradient_clip_val': 0.23499256565913823, 'hidden_size': 18, 'dropout': 0.15678831807287197, 'hidden_continuous_size': 6, 'attention_head_size': 3, 'learning_rate': 0.003517037988764689}. Best is trial 22 with value: 0.8853071331977844.
LOCAL_RANK: 0 - CUDA_VISIBLE_DEVICES: [0]
[I 2023-12-16 13:07:43,721] Trial 31 finished with value: 0.9500754475593567 and parameters: {'gradient_clip_val': 0.2913839519142805, 'hidden_size': 17, 'dropout': 0.1311908927148264, 'hidden_continuous_size': 8, 'attention_head_size': 4, 'learning_rate': 0.001040865321457429}. Best is trial 22 with value: 0.8853071331977844.
LOCAL_RANK: 0 - CUDA_VISIBLE_DEVICES: [0]
[I 2023-12-16 13:08:33,562] Trial 32 finished with value: 1.170229434967041 and parameters: {'gradient_clip_val': 0.2529867242153537, 'hidden_size': 31, 'dropout': 0.13385279833917768, 'hidden_continuous_size': 8, 'attention_head_size': 4, 'learning_rate': 0.0009348230334957547}. Best is trial 22 with value: 0.8853071331977844.
LOCAL_RANK: 0 - CUDA_VISIBLE_DEVICES: [0]
[I 2023-12-16 13:09:22,427] Trial 33 finished with value: 1.2543913125991821 and parameters: {'gradient_clip_val': 0.18982777553687863, 'hidden_size': 23, 'dropout': 0.16255127422384474, 'hidden_continuous_size': 8, 'attention_head_size': 3, 'learning_rate': 0.0018161505166632238}. Best is trial 22 with value: 0.8853071331977844.
LOCAL_RANK: 0 - CUDA_VISIBLE_DEVICES: [0]
[I 2023-12-16 13:10:08,459] Trial 34 finished with value: 0.913079023361206 and parameters: {'gradient_clip_val': 0.2776241578056775, 'hidden_size': 17, 'dropout': 0.18546917655255463, 'hidden_continuous_size': 7, 'attention_head_size': 2, 'learning_rate': 0.0010325997878883352}. Best is trial 22 with value: 0.8853071331977844.
LOCAL_RANK: 0 - CUDA_VISIBLE_DEVICES: [0]
[I 2023-12-16 13:10:57,582] Trial 35 finished with value: 1.0743311643600464 and parameters: {'gradient_clip_val': 0.20705788193813654, 'hidden_size': 34, 'dropout': 0.18985210073915354, 'hidden_continuous_size': 6, 'attention_head_size': 2, 'learning_rate': 0.0006945205371613847}. Best is trial 22 with value: 0.8853071331977844.
LOCAL_RANK: 0 - CUDA_VISIBLE_DEVICES: [0]
