[I 2023-12-26 14:30:45,619] Trial 2 finished with value: 111.20174407958984 and parameters: {'gradient_clip_val': 0.11233125978731853, 'hidden_size': 9, 'dropout': 0.2800715200325215, 'hidden_continuous_size': 7, 'attention_head_size': 2, 'learning_rate': 0.0020953130058587025}. Best is trial 0 with value: 61.739688873291016.
[I 2023-12-26 14:30:47,671] Trial 3 finished with value: 130.03741455078125 and parameters: {'gradient_clip_val': 0.42400224761663463, 'hidden_size': 11, 'dropout': 0.28509563498064666, 'hidden_continuous_size': 10, 'attention_head_size': 3, 'learning_rate': 0.002654748846325113}. Best is trial 0 with value: 61.739688873291016.
[I 2023-12-26 14:30:52,863] Trial 4 finished with value: 99.84228515625 and parameters: {'gradient_clip_val': 0.28791688018025297, 'hidden_size': 79, 'dropout': 0.2776385727712998, 'hidden_continuous_size': 39, 'attention_head_size': 2, 'learning_rate': 0.02075326810474876}. Best is trial 0 with value: 61.739688873291016.
[I 2023-12-26 14:30:55,002] Trial 5 finished with value: 130.6783905029297 and parameters: {'gradient_clip_val': 0.18060448601433557, 'hidden_size': 20, 'dropout': 0.11944144787774694, 'hidden_continuous_size': 10, 'attention_head_size': 3, 'learning_rate': 0.0016690625333892928}. Best is trial 0 with value: 61.739688873291016.
[I 2023-12-26 14:30:56,714] Trial 6 finished with value: 106.14865112304688 and parameters: {'gradient_clip_val': 0.15956411393589845, 'hidden_size': 5, 'dropout': 0.19271012322448078, 'hidden_continuous_size': 5, 'attention_head_size': 2, 'learning_rate': 0.0005655645843531385}. Best is trial 0 with value: 61.739688873291016.
[I 2023-12-26 14:30:58,536] Trial 7 finished with value: 94.59032440185547 and parameters: {'gradient_clip_val': 0.4097423314170733, 'hidden_size': 8, 'dropout': 0.19888539390886373, 'hidden_continuous_size': 8, 'attention_head_size': 2, 'learning_rate': 0.048943420532242085}. Best is trial 0 with value: 61.739688873291016.
[I 2023-12-26 14:31:00,375] Trial 8 finished with value: 115.1888198852539 and parameters: {'gradient_clip_val': 0.445303199229586, 'hidden_size': 8, 'dropout': 0.1311988846608816, 'hidden_continuous_size': 7, 'attention_head_size': 4, 'learning_rate': 0.0009083320163179694}. Best is trial 0 with value: 61.739688873291016.
[I 2023-12-26 14:31:02,543] Trial 9 finished with value: 122.24478912353516 and parameters: {'gradient_clip_val': 0.18052997817823913, 'hidden_size': 9, 'dropout': 0.33904493310960326, 'hidden_continuous_size': 5, 'attention_head_size': 4, 'learning_rate': 0.001016965133911776}. Best is trial 0 with value: 61.739688873291016.
[I 2023-12-26 14:31:12,346] Trial 10 finished with value: 107.0972900390625 and parameters: {'gradient_clip_val': 0.996295287892901, 'hidden_size': 143, 'dropout': 0.49267539588427767, 'hidden_continuous_size': 118, 'attention_head_size': 1, 'learning_rate': 0.007517498116500441}. Best is trial 0 with value: 61.739688873291016.
[I 2023-12-26 14:31:14,996] Trial 11 finished with value: 111.4754638671875 and parameters: {'gradient_clip_val': 0.7295518278334276, 'hidden_size': 41, 'dropout': 0.47080070215990766, 'hidden_continuous_size': 17, 'attention_head_size': 1, 'learning_rate': 0.005579846063601836}. Best is trial 0 with value: 61.739688873291016.
[I 2023-12-26 14:31:17,375] Trial 12 finished with value: 131.21408081054688 and parameters: {'gradient_clip_val': 0.6559185756184448, 'hidden_size': 27, 'dropout': 0.40193321929476494, 'hidden_continuous_size': 14, 'attention_head_size': 3, 'learning_rate': 0.006630997174234962}. Best is trial 0 with value: 61.739688873291016.
[I 2023-12-26 14:31:20,901] Trial 13 finished with value: 91.36727905273438 and parameters: {'gradient_clip_val': 0.6635604292996452, 'hidden_size': 62, 'dropout': 0.41048487027927494, 'hidden_continuous_size': 21, 'attention_head_size': 1, 'learning_rate': 0.013525423611022274}. Best is trial 0 with value: 61.739688873291016.
[I 2023-12-26 14:31:22,980] Trial 14 finished with value: 108.46297454833984 and parameters: {'gradient_clip_val': 0.9497961086379623, 'hidden_size': 18, 'dropout': 0.3448143705702285, 'hidden_continuous_size': 6, 'attention_head_size': 3, 'learning_rate': 0.004262985808765065}. Best is trial 0 with value: 61.739688873291016.
[I 2023-12-26 14:31:31,915] Trial 15 finished with value: 94.44214630126953 and parameters: {'gradient_clip_val': 0.3036731661215059, 'hidden_size': 149, 'dropout': 0.23425661387500318, 'hidden_continuous_size': 38, 'attention_head_size': 4, 'learning_rate': 0.01307442733905011}. Best is trial 0 with value: 61.739688873291016.
[I 2023-12-26 14:31:34,546] Trial 16 finished with value: 112.49859619140625 and parameters: {'gradient_clip_val': 0.533946556145935, 'hidden_size': 41, 'dropout': 0.43252128380076416, 'hidden_continuous_size': 10, 'attention_head_size': 1, 'learning_rate': 0.0031892173609055995}. Best is trial 0 with value: 61.739688873291016.
[I 2023-12-26 14:31:41,009] Trial 17 finished with value: 108.5263442993164 and parameters: {'gradient_clip_val': 0.802440494328541, 'hidden_size': 100, 'dropout': 0.35901523542579317, 'hidden_continuous_size': 93, 'attention_head_size': 2, 'learning_rate': 0.0036903469438977297}. Best is trial 0 with value: 61.739688873291016.
[I 2023-12-26 14:31:43,052] Trial 18 finished with value: 102.09616088867188 and parameters: {'gradient_clip_val': 0.5441614408642771, 'hidden_size': 14, 'dropout': 0.47269827239777873, 'hidden_continuous_size': 6, 'attention_head_size': 3, 'learning_rate': 0.0017321054878983997}. Best is trial 0 with value: 61.739688873291016.
[I 2023-12-26 14:31:45,332] Trial 19 finished with value: 120.48455047607422 and parameters: {'gradient_clip_val': 0.34059793293823504, 'hidden_size': 32, 'dropout': 0.31689280587180024, 'hidden_continuous_size': 8, 'attention_head_size': 4, 'learning_rate': 0.06743156490637292}. Best is trial 0 with value: 61.739688873291016.
[I 2023-12-26 14:31:49,115] Trial 20 finished with value: 97.87726593017578 and parameters: {'gradient_clip_val': 0.8441251031809893, 'hidden_size': 68, 'dropout': 0.3800607626612381, 'hidden_continuous_size': 22, 'attention_head_size': 1, 'learning_rate': 0.008950081004008755}. Best is trial 0 with value: 61.739688873291016.
[I 2023-12-26 14:31:52,192] Trial 21 finished with value: 124.52383422851562 and parameters: {'gradient_clip_val': 0.6275849157853175, 'hidden_size': 46, 'dropout': 0.4271695644570494, 'hidden_continuous_size': 13, 'attention_head_size': 1, 'learning_rate': 0.014617761510976388}. Best is trial 0 with value: 61.739688873291016.
[I 2023-12-26 14:31:55,530] Trial 22 finished with value: 109.35000610351562 and parameters: {'gradient_clip_val': 0.7403113839356306, 'hidden_size': 60, 'dropout': 0.4334759320372461, 'hidden_continuous_size': 21, 'attention_head_size': 1, 'learning_rate': 0.020727973126629357}. Best is trial 0 with value: 61.739688873291016.
[I 2023-12-26 14:32:00,874] Trial 23 finished with value: 95.73580932617188 and parameters: {'gradient_clip_val': 0.5991048508089765, 'hidden_size': 92, 'dropout': 0.39261029814896, 'hidden_continuous_size': 28, 'attention_head_size': 2, 'learning_rate': 0.005130664303214422}. Best is trial 0 with value: 61.739688873291016.
[I 2023-12-26 14:32:07,426] Trial 24 finished with value: 110.81334686279297 and parameters: {'gradient_clip_val': 0.7384861618454287, 'hidden_size': 108, 'dropout': 0.4654780615025317, 'hidden_continuous_size': 64, 'attention_head_size': 1, 'learning_rate': 0.010775531066912616}. Best is trial 0 with value: 61.739688873291016.
[I 2023-12-26 14:32:10,634] Trial 25 finished with value: 125.58206939697266 and parameters: {'gradient_clip_val': 0.8771168069326412, 'hidden_size': 57, 'dropout': 0.49794995679940657, 'hidden_continuous_size': 12, 'attention_head_size': 2, 'learning_rate': 0.006623070251404201}. Best is trial 0 with value: 61.739688873291016.
[I 2023-12-26 14:32:15,149] Trial 26 finished with value: 110.07406616210938 and parameters: {'gradient_clip_val': 0.5175545966998519, 'hidden_size': 78, 'dropout': 0.3721077789034765, 'hidden_continuous_size': 26, 'attention_head_size': 3, 'learning_rate': 0.003913679129673887}. Best is trial 0 with value: 61.739688873291016.
[I 2023-12-26 14:32:22,247] Trial 27 finished with value: 121.98487091064453 and parameters: {'gradient_clip_val': 0.9935648978805851, 'hidden_size': 115, 'dropout': 0.4148641302870052, 'hidden_continuous_size': 61, 'attention_head_size': 1, 'learning_rate': 0.009237953363207915}. Best is trial 0 with value: 61.739688873291016.
[I 2023-12-26 14:32:25,263] Trial 28 finished with value: 126.19696044921875 and parameters: {'gradient_clip_val': 0.7103171324889015, 'hidden_size': 56, 'dropout': 0.4562661394642262, 'hidden_continuous_size': 17, 'attention_head_size': 2, 'learning_rate': 0.002577926902749301}. Best is trial 0 with value: 61.739688873291016.
[I 2023-12-26 14:32:27,712] Trial 29 finished with value: 112.87145233154297 and parameters: {'gradient_clip_val': 0.8241910265752977, 'hidden_size': 33, 'dropout': 0.39786285744699623, 'hidden_continuous_size': 15, 'attention_head_size': 1, 'learning_rate': 0.0049999061933475196}. Best is trial 0 with value: 61.739688873291016.
[I 2023-12-26 14:32:34,879] Trial 30 finished with value: 101.26236724853516 and parameters: {'gradient_clip_val': 0.6639837620145744, 'hidden_size': 121, 'dropout': 0.4447046252452046, 'hidden_continuous_size': 30, 'attention_head_size': 2, 'learning_rate': 0.01695352679209044}. Best is trial 0 with value: 61.739688873291016.
[I 2023-12-26 14:32:44,939] Trial 31 finished with value: 119.52030181884766 and parameters: {'gradient_clip_val': 0.3075860371179236, 'hidden_size': 143, 'dropout': 0.26092760045454394, 'hidden_continuous_size': 131, 'attention_head_size': 4, 'learning_rate': 0.011636070758981395}. Best is trial 0 with value: 61.739688873291016.
[I 2023-12-26 14:32:50,576] Trial 32 finished with value: 108.22962188720703 and parameters: {'gradient_clip_val': 0.2714756852621277, 'hidden_size': 94, 'dropout': 0.22641051702444998, 'hidden_continuous_size': 38, 'attention_head_size': 4, 'learning_rate': 0.030933049967370122}. Best is trial 0 with value: 61.739688873291016.
[I 2023-12-26 14:32:59,951] Trial 33 finished with value: 97.39517974853516 and parameters: {'gradient_clip_val': 0.3683276134736348, 'hidden_size': 149, 'dropout': 0.3018840606832258, 'hidden_continuous_size': 54, 'attention_head_size': 3, 'learning_rate': 0.014461317355085622}. Best is trial 0 with value: 61.739688873291016.
[I 2023-12-26 14:33:04,742] Trial 34 finished with value: 112.13021087646484 and parameters: {'gradient_clip_val': 0.49932310273380026, 'hidden_size': 81, 'dropout': 0.2637309840052324, 'hidden_continuous_size': 35, 'attention_head_size': 4, 'learning_rate': 0.025961224232742115}. Best is trial 0 with value: 61.739688873291016.
[I 2023-12-26 14:33:11,899] Trial 35 finished with value: 100.5003662109375 and parameters: {'gradient_clip_val': 0.2551033373011442, 'hidden_size': 122, 'dropout': 0.24496631695884694, 'hidden_continuous_size': 20, 'attention_head_size': 3, 'learning_rate': 0.008218757877568922}. Best is trial 0 with value: 61.739688873291016.
[I 2023-12-26 14:33:17,090] Trial 36 finished with value: 117.14190673828125 and parameters: {'gradient_clip_val': 0.4581631766132663, 'hidden_size': 87, 'dropout': 0.2966067475829237, 'hidden_continuous_size': 45, 'attention_head_size': 4, 'learning_rate': 0.012310246866661137}. Best is trial 0 with value: 61.739688873291016.
[I 2023-12-26 14:33:21,196] Trial 37 finished with value: 104.12576293945312 and parameters: {'gradient_clip_val': 0.40933453659655555, 'hidden_size': 71, 'dropout': 0.20567343643089153, 'hidden_continuous_size': 23, 'attention_head_size': 3, 'learning_rate': 0.002767996702615826}. Best is trial 0 with value: 61.739688873291016.
[I 2023-12-26 14:33:27,778] Trial 38 finished with value: 97.73749542236328 and parameters: {'gradient_clip_val': 0.5646352732271476, 'hidden_size': 112, 'dropout': 0.15996739309742672, 'hidden_continuous_size': 45, 'attention_head_size': 2, 'learning_rate': 0.010685083459930706}. Best is trial 0 with value: 61.739688873291016.
[I 2023-12-26 14:33:29,989] Trial 39 finished with value: 92.96184539794922 and parameters: {'gradient_clip_val': 0.24344715708378087, 'hidden_size': 21, 'dropout': 0.1730030428452436, 'hidden_continuous_size': 11, 'attention_head_size': 4, 'learning_rate': 0.002231317753361696}. Best is trial 0 with value: 61.739688873291016.
[I 2023-12-26 14:33:32,164] Trial 40 finished with value: 125.2916030883789 and parameters: {'gradient_clip_val': 0.25001806425889167, 'hidden_size': 21, 'dropout': 0.10014641176637414, 'hidden_continuous_size': 11, 'attention_head_size': 2, 'learning_rate': 0.0021438448320828026}. Best is trial 0 with value: 61.739688873291016.
[I 2023-12-26 14:33:34,244] Trial 41 finished with value: 137.41415405273438 and parameters: {'gradient_clip_val': 0.22352596961951388, 'hidden_size': 13, 'dropout': 0.18405948653924553, 'hidden_continuous_size': 9, 'attention_head_size': 4, 'learning_rate': 0.0062467597862704595}. Best is trial 0 with value: 61.739688873291016.
[I 2023-12-26 14:33:42,130] Trial 42 finished with value: 116.7620849609375 and parameters: {'gradient_clip_val': 0.32833574204518357, 'hidden_size': 134, 'dropout': 0.2239609568645495, 'hidden_continuous_size': 11, 'attention_head_size': 4, 'learning_rate': 0.0013637712985738921}. Best is trial 0 with value: 61.739688873291016.
[I 2023-12-26 14:33:44,015] Trial 43 finished with value: 104.66454315185547 and parameters: {'gradient_clip_val': 0.34940580840024255, 'hidden_size': 6, 'dropout': 0.1823251570655166, 'hidden_continuous_size': 5, 'attention_head_size': 4, 'learning_rate': 0.003275837687977091}. Best is trial 0 with value: 61.739688873291016.
[I 2023-12-26 14:33:49,982] Trial 44 finished with value: 139.8936309814453 and parameters: {'gradient_clip_val': 0.39059950606449667, 'hidden_size': 98, 'dropout': 0.1599818371431739, 'hidden_continuous_size': 31, 'attention_head_size': 4, 'learning_rate': 0.007500875188694728}. Best is trial 0 with value: 61.739688873291016.
[I 2023-12-26 14:33:52,239] Trial 45 finished with value: 92.95731353759766 and parameters: {'gradient_clip_val': 0.2967766409066086, 'hidden_size': 23, 'dropout': 0.21470445901946003, 'hidden_continuous_size': 16, 'attention_head_size': 3, 'learning_rate': 0.005665047922551619}. Best is trial 0 with value: 61.739688873291016.
[I 2023-12-26 14:33:54,494] Trial 46 finished with value: 114.67183685302734 and parameters: {'gradient_clip_val': 0.4379795070304784, 'hidden_size': 23, 'dropout': 0.2081933187392451, 'hidden_continuous_size': 9, 'attention_head_size': 3, 'learning_rate': 0.004416871775627136}. Best is trial 0 with value: 61.739688873291016.
[I 2023-12-26 14:33:56,577] Trial 47 finished with value: 122.0447769165039 and parameters: {'gradient_clip_val': 0.4767627565726451, 'hidden_size': 17, 'dropout': 0.279057635850044, 'hidden_continuous_size': 11, 'attention_head_size': 3, 'learning_rate': 0.005677999889378921}. Best is trial 0 with value: 61.739688873291016.
[I 2023-12-26 14:33:58,947] Trial 48 finished with value: 103.74810791015625 and parameters: {'gradient_clip_val': 0.2250552951961049, 'hidden_size': 26, 'dropout': 0.480826117702165, 'hidden_continuous_size': 15, 'attention_head_size': 3, 'learning_rate': 0.00435048779812284}. Best is trial 0 with value: 61.739688873291016.
[I 2023-12-26 14:34:00,871] Trial 49 finished with value: 107.61023712158203 and parameters: {'gradient_clip_val': 0.38928000582230743, 'hidden_size': 10, 'dropout': 0.25059743574414556, 'hidden_continuous_size': 8, 'attention_head_size': 1, 'learning_rate': 0.002784929593920496}. Best is trial 0 with value: 61.739688873291016.
[I 2023-12-26 14:34:01,003] A new study created in memory with name: no-name-05bb4ae6-e681-4c95-9a6e-c0ea19f01e4b
/home/le004/conda/anaconda3/envs/tsff_env/lib/python3.9/site-packages/lightning/fabric/plugins/environments/slurm.py:191: The `srun` command is available on your system but is not used. HINT: If your intention is to run Lightning on SLURM, prepend your python command with `srun` like so: srun python /home/le004/master_thesis/git/TSFusionForecast/code/ ...
[I 2023-12-26 14:40:12,347] Trial 0 finished with value: 227.243408203125 and parameters: {'gradient_clip_val': 0.8697358361530063, 'hidden_size': 65, 'dropout': 0.31281310906863125, 'hidden_continuous_size': 9, 'attention_head_size': 1, 'learning_rate': 0.0008848666278229119}. Best is trial 0 with value: 227.243408203125.
[I 2023-12-26 14:40:14,787] Trial 1 finished with value: 1847.0927734375 and parameters: {'gradient_clip_val': 0.36631188395626674, 'hidden_size': 29, 'dropout': 0.4295068210230101, 'hidden_continuous_size': 8, 'attention_head_size': 4, 'learning_rate': 0.019896116885621772}. Best is trial 0 with value: 227.243408203125.
[I 2023-12-26 14:40:16,809] Trial 2 finished with value: 1829.376953125 and parameters: {'gradient_clip_val': 0.23812787975798136, 'hidden_size': 12, 'dropout': 0.4431390830082861, 'hidden_continuous_size': 7, 'attention_head_size': 4, 'learning_rate': 0.0036413925288725493}. Best is trial 0 with value: 227.243408203125.
[I 2023-12-26 14:40:18,881] Trial 3 finished with value: 2025.2349853515625 and parameters: {'gradient_clip_val': 0.4971811268759924, 'hidden_size': 17, 'dropout': 0.3587173419797419, 'hidden_continuous_size': 9, 'attention_head_size': 4, 'learning_rate': 0.006964487291997088}. Best is trial 0 with value: 227.243408203125.
[I 2023-12-26 14:40:20,554] Trial 4 finished with value: 2133.312255859375 and parameters: {'gradient_clip_val': 0.16561651076304212, 'hidden_size': 5, 'dropout': 0.3795835488753889, 'hidden_continuous_size': 5, 'attention_head_size': 1, 'learning_rate': 0.06947904763331611}. Best is trial 0 with value: 227.243408203125.
[I 2023-12-26 14:40:25,344] Trial 5 finished with value: 2129.48291015625 and parameters: {'gradient_clip_val': 0.4300777230702267, 'hidden_size': 81, 'dropout': 0.36285842976926996, 'hidden_continuous_size': 7, 'attention_head_size': 3, 'learning_rate': 0.024956021909405997}. Best is trial 0 with value: 227.243408203125.
[I 2023-12-26 14:40:27,114] Trial 6 finished with value: 2122.194580078125 and parameters: {'gradient_clip_val': 0.18793218516491858, 'hidden_size': 6, 'dropout': 0.4538097988298645, 'hidden_continuous_size': 6, 'attention_head_size': 4, 'learning_rate': 0.015133674244755304}. Best is trial 0 with value: 227.243408203125.
[I 2023-12-26 14:40:30,725] Trial 7 finished with value: 2165.346923828125 and parameters: {'gradient_clip_val': 0.45432273486108343, 'hidden_size': 61, 'dropout': 0.4151638196280836, 'hidden_continuous_size': 15, 'attention_head_size': 1, 'learning_rate': 0.004849194026906718}. Best is trial 0 with value: 227.243408203125.
[I 2023-12-26 14:40:32,936] Trial 8 finished with value: 2024.8466796875 and parameters: {'gradient_clip_val': 0.3823384104124876, 'hidden_size': 13, 'dropout': 0.44931357990819476, 'hidden_continuous_size': 7, 'attention_head_size': 1, 'learning_rate': 0.0008343055634338917}. Best is trial 0 with value: 227.243408203125.
[I 2023-12-26 14:40:39,003] Trial 9 finished with value: 2369.063720703125 and parameters: {'gradient_clip_val': 0.2024076751886021, 'hidden_size': 104, 'dropout': 0.17183149358826322, 'hidden_continuous_size': 14, 'attention_head_size': 1, 'learning_rate': 0.046876325162500114}. Best is trial 0 with value: 227.243408203125.
[I 2023-12-26 14:40:47,682] Trial 10 finished with value: 1670.8233642578125 and parameters: {'gradient_clip_val': 0.9169415221979345, 'hidden_size': 141, 'dropout': 0.28570487786337995, 'hidden_continuous_size': 44, 'attention_head_size': 2, 'learning_rate': 0.0005740349487359631}. Best is trial 0 with value: 227.243408203125.
[I 2023-12-26 14:40:56,351] Trial 11 finished with value: 1970.9580078125 and parameters: {'gradient_clip_val': 0.9958633664139604, 'hidden_size': 140, 'dropout': 0.26835525657358483, 'hidden_continuous_size': 47, 'attention_head_size': 2, 'learning_rate': 0.0005345788382528643}. Best is trial 0 with value: 227.243408203125.
[I 2023-12-26 14:40:59,598] Trial 12 finished with value: 2259.632080078125 and parameters: {'gradient_clip_val': 0.968999239472225, 'hidden_size': 52, 'dropout': 0.2724510828105748, 'hidden_continuous_size': 48, 'attention_head_size': 2, 'learning_rate': 0.0015947847460964595}. Best is trial 0 with value: 227.243408203125.
[I 2023-12-26 14:41:08,876] Trial 13 finished with value: 1559.447265625 and parameters: {'gradient_clip_val': 0.6682314135899469, 'hidden_size': 139, 'dropout': 0.31503066661204576, 'hidden_continuous_size': 92, 'attention_head_size': 2, 'learning_rate': 0.0014759040120882944}. Best is trial 0 with value: 227.243408203125.
[I 2023-12-26 14:41:11,726] Trial 14 finished with value: 2595.725341796875 and parameters: {'gradient_clip_val': 0.6445719878705194, 'hidden_size': 48, 'dropout': 0.22793002648544358, 'hidden_continuous_size': 32, 'attention_head_size': 3, 'learning_rate': 0.0015011135441379054}. Best is trial 0 with value: 227.243408203125.
[I 2023-12-26 14:41:17,215] Trial 15 finished with value: 1815.8125 and parameters: {'gradient_clip_val': 0.11127945310058338, 'hidden_size': 86, 'dropout': 0.32638724429738536, 'hidden_continuous_size': 86, 'attention_head_size': 2, 'learning_rate': 0.0017792897859709694}. Best is trial 0 with value: 227.243408203125.
[I 2023-12-26 14:41:27,345] Trial 16 finished with value: 1700.61669921875 and parameters: {'gradient_clip_val': 0.5697846529633404, 'hidden_size': 149, 'dropout': 0.49116058188692, 'hidden_continuous_size': 111, 'attention_head_size': 3, 'learning_rate': 0.002874972284622676}. Best is trial 0 with value: 227.243408203125.
