[I 2023-12-15 23:49:05,667] Trial 29 finished with value: 221.4397430419922 and parameters: {'gradient_clip_val': 0.3045401981889399, 'hidden_size': 7, 'dropout': 0.2843180832360315, 'hidden_continuous_size': 5, 'attention_head_size': 1, 'learning_rate': 0.0019167454626249855}. Best is trial 2 with value: 77.02619171142578.
LOCAL_RANK: 0 - CUDA_VISIBLE_DEVICES: [0]
[I 2023-12-15 23:49:50,563] Trial 30 finished with value: 266.9610900878906 and parameters: {'gradient_clip_val': 0.18534305792122796, 'hidden_size': 11, 'dropout': 0.32223261555717647, 'hidden_continuous_size': 6, 'attention_head_size': 2, 'learning_rate': 0.0033068446682842562}. Best is trial 2 with value: 77.02619171142578.
LOCAL_RANK: 0 - CUDA_VISIBLE_DEVICES: [0]
[I 2023-12-15 23:50:34,968] Trial 31 finished with value: 76.1914291381836 and parameters: {'gradient_clip_val': 0.25408924079948747, 'hidden_size': 6, 'dropout': 0.28662362610213604, 'hidden_continuous_size': 5, 'attention_head_size': 2, 'learning_rate': 0.004129864835107937}. Best is trial 31 with value: 76.1914291381836.
LOCAL_RANK: 0 - CUDA_VISIBLE_DEVICES: [0]
[I 2023-12-15 23:51:19,565] Trial 32 finished with value: 106.4348373413086 and parameters: {'gradient_clip_val': 0.27415554955201865, 'hidden_size': 6, 'dropout': 0.2578045608771194, 'hidden_continuous_size': 5, 'attention_head_size': 2, 'learning_rate': 0.004767152038367366}. Best is trial 31 with value: 76.1914291381836.
LOCAL_RANK: 0 - CUDA_VISIBLE_DEVICES: [0]
[I 2023-12-15 23:52:03,502] Trial 33 finished with value: 385.7041015625 and parameters: {'gradient_clip_val': 0.3287834525831944, 'hidden_size': 6, 'dropout': 0.2665119696858682, 'hidden_continuous_size': 5, 'attention_head_size': 1, 'learning_rate': 0.00868596370533019}. Best is trial 31 with value: 76.1914291381836.
LOCAL_RANK: 0 - CUDA_VISIBLE_DEVICES: [0]
[I 2023-12-15 23:52:36,978] Trial 34 finished with value: 181.9992218017578 and parameters: {'gradient_clip_val': 0.26071019246974814, 'hidden_size': 5, 'dropout': 0.29080017367182553, 'hidden_continuous_size': 5, 'attention_head_size': 2, 'learning_rate': 0.0050061213111169175}. Best is trial 31 with value: 76.1914291381836.
LOCAL_RANK: 0 - CUDA_VISIBLE_DEVICES: [0]
[I 2023-12-15 23:53:21,682] Trial 35 finished with value: 175.9985809326172 and parameters: {'gradient_clip_val': 0.29194416933363804, 'hidden_size': 6, 'dropout': 0.2633647946303923, 'hidden_continuous_size': 5, 'attention_head_size': 3, 'learning_rate': 0.006014476272096893}. Best is trial 31 with value: 76.1914291381836.
LOCAL_RANK: 0 - CUDA_VISIBLE_DEVICES: [0]
[I 2023-12-15 23:53:55,457] Trial 36 finished with value: 196.5888671875 and parameters: {'gradient_clip_val': 0.3374323173461045, 'hidden_size': 5, 'dropout': 0.3193529718253015, 'hidden_continuous_size': 5, 'attention_head_size': 2, 'learning_rate': 0.004552926224812594}. Best is trial 31 with value: 76.1914291381836.
LOCAL_RANK: 0 - CUDA_VISIBLE_DEVICES: [0]
[I 2023-12-15 23:54:40,055] Trial 37 finished with value: 633.862548828125 and parameters: {'gradient_clip_val': 0.4081984319141909, 'hidden_size': 6, 'dropout': 0.2832701252997405, 'hidden_continuous_size': 5, 'attention_head_size': 3, 'learning_rate': 0.008100786219997245}. Best is trial 31 with value: 76.1914291381836.
LOCAL_RANK: 0 - CUDA_VISIBLE_DEVICES: [0]
[I 2023-12-15 23:55:13,166] Trial 38 finished with value: 119.73880004882812 and parameters: {'gradient_clip_val': 0.28542096825871077, 'hidden_size': 5, 'dropout': 0.2534195033789729, 'hidden_continuous_size': 5, 'attention_head_size': 2, 'learning_rate': 0.011096354844164238}. Best is trial 31 with value: 76.1914291381836.
LOCAL_RANK: 0 - CUDA_VISIBLE_DEVICES: [0]
[I 2023-12-15 23:56:00,443] Trial 39 finished with value: 465.7974853515625 and parameters: {'gradient_clip_val': 0.31870947775567515, 'hidden_size': 19, 'dropout': 0.2783382714186537, 'hidden_continuous_size': 10, 'attention_head_size': 1, 'learning_rate': 0.003494305697577707}. Best is trial 31 with value: 76.1914291381836.
LOCAL_RANK: 0 - CUDA_VISIBLE_DEVICES: [0]
[I 2023-12-15 23:56:44,681] Trial 40 finished with value: 308.7003479003906 and parameters: {'gradient_clip_val': 0.23379002870656124, 'hidden_size': 16, 'dropout': 0.32122551684377, 'hidden_continuous_size': 7, 'attention_head_size': 2, 'learning_rate': 0.004840610107108775}. Best is trial 31 with value: 76.1914291381836.
LOCAL_RANK: 0 - CUDA_VISIBLE_DEVICES: [0]
[I 2023-12-15 23:57:29,487] Trial 41 finished with value: 230.9125213623047 and parameters: {'gradient_clip_val': 0.20108131022170467, 'hidden_size': 9, 'dropout': 0.22741949569953956, 'hidden_continuous_size': 6, 'attention_head_size': 2, 'learning_rate': 0.0030170128072155864}. Best is trial 31 with value: 76.1914291381836.
LOCAL_RANK: 0 - CUDA_VISIBLE_DEVICES: [0]
[I 2023-12-15 23:58:14,127] Trial 42 finished with value: 289.7815856933594 and parameters: {'gradient_clip_val': 0.27323037181951754, 'hidden_size': 7, 'dropout': 0.25198096584249097, 'hidden_continuous_size': 5, 'attention_head_size': 2, 'learning_rate': 0.002264204340443023}. Best is trial 31 with value: 76.1914291381836.
LOCAL_RANK: 0 - CUDA_VISIBLE_DEVICES: [0]
[I 2023-12-15 23:58:59,511] Trial 43 finished with value: 388.46142578125 and parameters: {'gradient_clip_val': 0.1749722334920127, 'hidden_size': 13, 'dropout': 0.2699135814238947, 'hidden_continuous_size': 9, 'attention_head_size': 2, 'learning_rate': 0.00643160813870009}. Best is trial 31 with value: 76.1914291381836.
LOCAL_RANK: 0 - CUDA_VISIBLE_DEVICES: [0]
[I 2023-12-15 23:59:43,460] Trial 44 finished with value: 265.76885986328125 and parameters: {'gradient_clip_val': 0.23571861236294234, 'hidden_size': 8, 'dropout': 0.28716954185339755, 'hidden_continuous_size': 6, 'attention_head_size': 3, 'learning_rate': 0.0015718998172598276}. Best is trial 31 with value: 76.1914291381836.
LOCAL_RANK: 0 - CUDA_VISIBLE_DEVICES: [0]
[I 2023-12-16 00:00:32,076] Trial 45 finished with value: 48.77003860473633 and parameters: {'gradient_clip_val': 0.16021747986328447, 'hidden_size': 22, 'dropout': 0.2436437056637258, 'hidden_continuous_size': 12, 'attention_head_size': 2, 'learning_rate': 0.003613229767906902}. Best is trial 45 with value: 48.77003860473633.
LOCAL_RANK: 0 - CUDA_VISIBLE_DEVICES: [0]
[I 2023-12-16 00:01:20,718] Trial 46 finished with value: 171.1513214111328 and parameters: {'gradient_clip_val': 0.17023099219865867, 'hidden_size': 22, 'dropout': 0.24415764935624268, 'hidden_continuous_size': 12, 'attention_head_size': 4, 'learning_rate': 0.00387254968561858}. Best is trial 45 with value: 48.77003860473633.
LOCAL_RANK: 0 - CUDA_VISIBLE_DEVICES: [0]
[I 2023-12-16 00:02:09,289] Trial 47 finished with value: 125.34886932373047 and parameters: {'gradient_clip_val': 0.14021636733744705, 'hidden_size': 27, 'dropout': 0.26767166223447114, 'hidden_continuous_size': 15, 'attention_head_size': 2, 'learning_rate': 0.00583133505336125}. Best is trial 45 with value: 48.77003860473633.
LOCAL_RANK: 0 - CUDA_VISIBLE_DEVICES: [0]
[I 2023-12-16 00:03:01,826] Trial 48 finished with value: 130.23219299316406 and parameters: {'gradient_clip_val': 0.2853719576602575, 'hidden_size': 46, 'dropout': 0.2574753263361465, 'hidden_continuous_size': 15, 'attention_head_size': 3, 'learning_rate': 0.002527445325277571}. Best is trial 45 with value: 48.77003860473633.
LOCAL_RANK: 0 - CUDA_VISIBLE_DEVICES: [0]
[I 2023-12-16 00:03:49,284] Trial 49 finished with value: 184.67820739746094 and parameters: {'gradient_clip_val': 0.14623895014527946, 'hidden_size': 18, 'dropout': 0.2953241483787851, 'hidden_continuous_size': 11, 'attention_head_size': 2, 'learning_rate': 0.004669525195709868}. Best is trial 45 with value: 48.77003860473633.
[I 2023-12-16 00:03:49,378] A new study created in memory with name: no-name-76e0a125-84b2-46f6-9341-2c6245c2f702
/home/le004/conda/anaconda3/envs/tsff_env/lib/python3.9/site-packages/lightning/fabric/plugins/environments/slurm.py:191: The `srun` command is available on your system but is not used. HINT: If your intention is to run Lightning on SLURM, prepend your python command with `srun` like so: srun python /home/le004/master_thesis/git/TSFusionForecast/code/ ...
LOCAL_RANK: 0 - CUDA_VISIBLE_DEVICES: [0]
[I 2023-12-16 00:04:44,043] Trial 0 finished with value: 140.615234375 and parameters: {'gradient_clip_val': 0.35094530713133276, 'hidden_size': 57, 'dropout': 0.35310498550610037, 'hidden_continuous_size': 55, 'attention_head_size': 3, 'learning_rate': 0.07339147255086069}. Best is trial 0 with value: 140.615234375.
LOCAL_RANK: 0 - CUDA_VISIBLE_DEVICES: [0]
[I 2023-12-16 00:05:28,287] Trial 1 finished with value: 102.68949127197266 and parameters: {'gradient_clip_val': 0.2614323518944307, 'hidden_size': 7, 'dropout': 0.13792271616347973, 'hidden_continuous_size': 6, 'attention_head_size': 1, 'learning_rate': 0.0019817055255029184}. Best is trial 1 with value: 102.68949127197266.
LOCAL_RANK: 0 - CUDA_VISIBLE_DEVICES: [0]
[I 2023-12-16 00:06:12,351] Trial 2 finished with value: 68.39339447021484 and parameters: {'gradient_clip_val': 0.21703266477590052, 'hidden_size': 6, 'dropout': 0.12591792794073006, 'hidden_continuous_size': 5, 'attention_head_size': 1, 'learning_rate': 0.00406578074542901}. Best is trial 2 with value: 68.39339447021484.
LOCAL_RANK: 0 - CUDA_VISIBLE_DEVICES: [0]
[I 2023-12-16 00:06:58,174] Trial 3 finished with value: 101.95110321044922 and parameters: {'gradient_clip_val': 0.13563121746621457, 'hidden_size': 11, 'dropout': 0.1173895240292184, 'hidden_continuous_size': 7, 'attention_head_size': 4, 'learning_rate': 0.002871446360581401}. Best is trial 2 with value: 68.39339447021484.
LOCAL_RANK: 0 - CUDA_VISIBLE_DEVICES: [0]
[I 2023-12-16 00:07:42,177] Trial 4 finished with value: 94.53176879882812 and parameters: {'gradient_clip_val': 0.6785414233543562, 'hidden_size': 6, 'dropout': 0.3025315703738166, 'hidden_continuous_size': 5, 'attention_head_size': 1, 'learning_rate': 0.08305137498499494}. Best is trial 2 with value: 68.39339447021484.
LOCAL_RANK: 0 - CUDA_VISIBLE_DEVICES: [0]
[I 2023-12-16 00:08:31,275] Trial 5 finished with value: 151.04466247558594 and parameters: {'gradient_clip_val': 0.14519446128415595, 'hidden_size': 27, 'dropout': 0.28268970191029047, 'hidden_continuous_size': 13, 'attention_head_size': 3, 'learning_rate': 0.011916507380572438}. Best is trial 2 with value: 68.39339447021484.
LOCAL_RANK: 0 - CUDA_VISIBLE_DEVICES: [0]
[I 2023-12-16 00:09:14,820] Trial 6 finished with value: 137.2378387451172 and parameters: {'gradient_clip_val': 0.513585665279431, 'hidden_size': 12, 'dropout': 0.31114507811536224, 'hidden_continuous_size': 8, 'attention_head_size': 1, 'learning_rate': 0.003980898597369049}. Best is trial 2 with value: 68.39339447021484.
LOCAL_RANK: 0 - CUDA_VISIBLE_DEVICES: [0]
[I 2023-12-16 00:10:07,706] Trial 7 finished with value: 108.25849151611328 and parameters: {'gradient_clip_val': 0.8109170271017575, 'hidden_size': 51, 'dropout': 0.39291777583828436, 'hidden_continuous_size': 19, 'attention_head_size': 3, 'learning_rate': 0.0013870223090861036}. Best is trial 2 with value: 68.39339447021484.
LOCAL_RANK: 0 - CUDA_VISIBLE_DEVICES: [0]
[I 2023-12-16 00:10:59,174] Trial 8 finished with value: 98.169189453125 and parameters: {'gradient_clip_val': 0.1233806271465903, 'hidden_size': 32, 'dropout': 0.23997915539082537, 'hidden_continuous_size': 27, 'attention_head_size': 4, 'learning_rate': 0.0026174140924162827}. Best is trial 2 with value: 68.39339447021484.
LOCAL_RANK: 0 - CUDA_VISIBLE_DEVICES: [0]
[I 2023-12-16 00:11:43,805] Trial 9 finished with value: 124.72537231445312 and parameters: {'gradient_clip_val': 0.19458040063723497, 'hidden_size': 6, 'dropout': 0.14689995467866998, 'hidden_continuous_size': 5, 'attention_head_size': 3, 'learning_rate': 0.002615447257747079}. Best is trial 2 with value: 68.39339447021484.
LOCAL_RANK: 0 - CUDA_VISIBLE_DEVICES: [0]
[I 2023-12-16 00:12:27,943] Trial 10 finished with value: 170.6384735107422 and parameters: {'gradient_clip_val': 0.3350946610982054, 'hidden_size': 16, 'dropout': 0.1910269110733058, 'hidden_continuous_size': 5, 'attention_head_size': 2, 'learning_rate': 0.0005504931233780866}. Best is trial 2 with value: 68.39339447021484.
LOCAL_RANK: 0 - CUDA_VISIBLE_DEVICES: [0]
[I 2023-12-16 00:13:01,247] Trial 11 finished with value: 124.69976806640625 and parameters: {'gradient_clip_val': 0.9131361485145291, 'hidden_size': 5, 'dropout': 0.22049804206913015, 'hidden_continuous_size': 5, 'attention_head_size': 1, 'learning_rate': 0.014007593635448509}. Best is trial 2 with value: 68.39339447021484.
LOCAL_RANK: 0 - CUDA_VISIBLE_DEVICES: [0]
[I 2023-12-16 00:13:45,823] Trial 12 finished with value: 104.2412109375 and parameters: {'gradient_clip_val': 0.5892059968763594, 'hidden_size': 9, 'dropout': 0.2818099330689848, 'hidden_continuous_size': 5, 'attention_head_size': 2, 'learning_rate': 0.08602466404988861}. Best is trial 2 with value: 68.39339447021484.
LOCAL_RANK: 0 - CUDA_VISIBLE_DEVICES: [0]
[I 2023-12-16 00:14:19,022] Trial 13 finished with value: 130.8173065185547 and parameters: {'gradient_clip_val': 0.22384678783198483, 'hidden_size': 5, 'dropout': 0.10031398705292631, 'hidden_continuous_size': 5, 'attention_head_size': 2, 'learning_rate': 0.027223014942057578}. Best is trial 2 with value: 68.39339447021484.
LOCAL_RANK: 0 - CUDA_VISIBLE_DEVICES: [0]
[I 2023-12-16 00:15:03,347] Trial 14 finished with value: 92.92285919189453 and parameters: {'gradient_clip_val': 0.4282461799831774, 'hidden_size': 9, 'dropout': 0.2021195692944019, 'hidden_continuous_size': 5, 'attention_head_size': 1, 'learning_rate': 0.007083136748341447}. Best is trial 2 with value: 68.39339447021484.
LOCAL_RANK: 0 - CUDA_VISIBLE_DEVICES: [0]
[I 2023-12-16 00:15:47,482] Trial 15 finished with value: 83.78137969970703 and parameters: {'gradient_clip_val': 0.4321546166561238, 'hidden_size': 9, 'dropout': 0.17954383330634952, 'hidden_continuous_size': 6, 'attention_head_size': 1, 'learning_rate': 0.006016243116792734}. Best is trial 2 with value: 68.39339447021484.
LOCAL_RANK: 0 - CUDA_VISIBLE_DEVICES: [0]
[I 2023-12-16 00:16:33,134] Trial 16 finished with value: 125.3504867553711 and parameters: {'gradient_clip_val': 0.4118994584522729, 'hidden_size': 17, 'dropout': 0.17181063831328713, 'hidden_continuous_size': 6, 'attention_head_size': 2, 'learning_rate': 0.007053292035380674}. Best is trial 2 with value: 68.39339447021484.
LOCAL_RANK: 0 - CUDA_VISIBLE_DEVICES: [0]
[I 2023-12-16 00:17:25,893] Trial 17 finished with value: 207.0841827392578 and parameters: {'gradient_clip_val': 0.2668484422097655, 'hidden_size': 90, 'dropout': 0.16985817186029256, 'hidden_continuous_size': 9, 'attention_head_size': 1, 'learning_rate': 0.006352867775472478}. Best is trial 2 with value: 68.39339447021484.
LOCAL_RANK: 0 - CUDA_VISIBLE_DEVICES: [0]
[I 2023-12-16 00:18:09,470] Trial 18 finished with value: 129.18406677246094 and parameters: {'gradient_clip_val': 0.10299771777993015, 'hidden_size': 8, 'dropout': 0.14033676751518154, 'hidden_continuous_size': 6, 'attention_head_size': 2, 'learning_rate': 0.01736901924599588}. Best is trial 2 with value: 68.39339447021484.
LOCAL_RANK: 0 - CUDA_VISIBLE_DEVICES: [0]
[I 2023-12-16 00:18:53,933] Trial 19 finished with value: 148.0635528564453 and parameters: {'gradient_clip_val': 0.18419387946514704, 'hidden_size': 14, 'dropout': 0.10143951975857121, 'hidden_continuous_size': 6, 'attention_head_size': 1, 'learning_rate': 0.0010011077806824818}. Best is trial 2 with value: 68.39339447021484.
LOCAL_RANK: 0 - CUDA_VISIBLE_DEVICES: [0]
[I 2023-12-16 00:19:38,728] Trial 20 finished with value: 95.67838287353516 and parameters: {'gradient_clip_val': 0.29778157777451186, 'hidden_size': 10, 'dropout': 0.2257747007798112, 'hidden_continuous_size': 6, 'attention_head_size': 2, 'learning_rate': 0.0041270023848520515}. Best is trial 2 with value: 68.39339447021484.
LOCAL_RANK: 0 - CUDA_VISIBLE_DEVICES: [0]
[I 2023-12-16 00:20:21,901] Trial 21 finished with value: 94.5246810913086 and parameters: {'gradient_clip_val': 0.4317908012916121, 'hidden_size': 8, 'dropout': 0.1907708684783131, 'hidden_continuous_size': 5, 'attention_head_size': 1, 'learning_rate': 0.005199967723382271}. Best is trial 2 with value: 68.39339447021484.
LOCAL_RANK: 0 - CUDA_VISIBLE_DEVICES: [0]
[I 2023-12-16 00:21:06,270] Trial 22 finished with value: 45.69382095336914 and parameters: {'gradient_clip_val': 0.4226200169391128, 'hidden_size': 11, 'dropout': 0.2037015035463168, 'hidden_continuous_size': 5, 'attention_head_size': 1, 'learning_rate': 0.008721055436199544}. Best is trial 22 with value: 45.69382095336914.
LOCAL_RANK: 0 - CUDA_VISIBLE_DEVICES: [0]
[I 2023-12-16 00:21:49,531] Trial 23 finished with value: 123.8177719116211 and parameters: {'gradient_clip_val': 0.5003983020748736, 'hidden_size': 12, 'dropout': 0.15962967332075306, 'hidden_continuous_size': 6, 'attention_head_size': 1, 'learning_rate': 0.006936862638455687}. Best is trial 22 with value: 45.69382095336914.
LOCAL_RANK: 0 - CUDA_VISIBLE_DEVICES: [0]
[I 2023-12-16 00:22:33,990] Trial 24 finished with value: 134.6197052001953 and parameters: {'gradient_clip_val': 0.3675555169371472, 'hidden_size': 7, 'dropout': 0.12997582221660137, 'hidden_continuous_size': 5, 'attention_head_size': 1, 'learning_rate': 0.01041092591826463}. Best is trial 22 with value: 45.69382095336914.
LOCAL_RANK: 0 - CUDA_VISIBLE_DEVICES: [0]
[I 2023-12-16 00:23:07,689] Trial 25 finished with value: 80.66999816894531 and parameters: {'gradient_clip_val': 0.28352970981403486, 'hidden_size': 5, 'dropout': 0.173250801157873, 'hidden_continuous_size': 5, 'attention_head_size': 2, 'learning_rate': 0.003928239601273638}. Best is trial 22 with value: 45.69382095336914.
LOCAL_RANK: 0 - CUDA_VISIBLE_DEVICES: [0]
[I 2023-12-16 00:23:41,078] Trial 26 finished with value: 202.41636657714844 and parameters: {'gradient_clip_val': 0.28308374003577913, 'hidden_size': 5, 'dropout': 0.15571758167364877, 'hidden_continuous_size': 5, 'attention_head_size': 2, 'learning_rate': 0.0036435736555598783}. Best is trial 22 with value: 45.69382095336914.
LOCAL_RANK: 0 - CUDA_VISIBLE_DEVICES: [0]
[I 2023-12-16 00:24:25,576] Trial 27 finished with value: 101.1631088256836 and parameters: {'gradient_clip_val': 0.23253586927348555, 'hidden_size': 6, 'dropout': 0.2018658960998175, 'hidden_continuous_size': 5, 'attention_head_size': 2, 'learning_rate': 0.0019062888435063174}. Best is trial 22 with value: 45.69382095336914.
LOCAL_RANK: 0 - CUDA_VISIBLE_DEVICES: [0]
[I 2023-12-16 00:25:10,106] Trial 28 finished with value: 228.73895263671875 and parameters: {'gradient_clip_val': 0.3256652120926869, 'hidden_size': 7, 'dropout': 0.16050482401091476, 'hidden_continuous_size': 5, 'attention_head_size': 2, 'learning_rate': 0.00989476163473371}. Best is trial 22 with value: 45.69382095336914.
LOCAL_RANK: 0 - CUDA_VISIBLE_DEVICES: [0]
[I 2023-12-16 00:25:43,760] Trial 29 finished with value: 50.69289779663086 and parameters: {'gradient_clip_val': 0.34461601816643916, 'hidden_size': 5, 'dropout': 0.22278087109825725, 'hidden_continuous_size': 5, 'attention_head_size': 3, 'learning_rate': 0.024729999454402837}. Best is trial 22 with value: 45.69382095336914.
LOCAL_RANK: 0 - CUDA_VISIBLE_DEVICES: [0]
[I 2023-12-16 00:26:29,543] Trial 30 finished with value: 232.6901092529297 and parameters: {'gradient_clip_val': 0.3418853580632188, 'hidden_size': 11, 'dropout': 0.2546547462231511, 'hidden_continuous_size': 7, 'attention_head_size': 4, 'learning_rate': 0.040020716030942816}. Best is trial 22 with value: 45.69382095336914.
LOCAL_RANK: 0 - CUDA_VISIBLE_DEVICES: [0]
[I 2023-12-16 00:27:03,543] Trial 31 finished with value: 141.3972625732422 and parameters: {'gradient_clip_val': 0.2970851121692974, 'hidden_size': 5, 'dropout': 0.2124826873417373, 'hidden_continuous_size': 5, 'attention_head_size': 3, 'learning_rate': 0.019933316514958124}. Best is trial 22 with value: 45.69382095336914.
LOCAL_RANK: 0 - CUDA_VISIBLE_DEVICES: [0]
[I 2023-12-16 00:27:48,311] Trial 32 finished with value: 135.880859375 and parameters: {'gradient_clip_val': 0.2529090413323973, 'hidden_size': 6, 'dropout': 0.184899057505457, 'hidden_continuous_size': 5, 'attention_head_size': 3, 'learning_rate': 0.04140818993444715}. Best is trial 22 with value: 45.69382095336914.
LOCAL_RANK: 0 - CUDA_VISIBLE_DEVICES: [0]
[I 2023-12-16 00:28:33,219] Trial 33 finished with value: 139.32830810546875 and parameters: {'gradient_clip_val': 0.38940187262310566, 'hidden_size': 7, 'dropout': 0.12576253361174486, 'hidden_continuous_size': 5, 'attention_head_size': 3, 'learning_rate': 0.008107915789282645}. Best is trial 22 with value: 45.69382095336914.
LOCAL_RANK: 0 - CUDA_VISIBLE_DEVICES: [0]
[I 2023-12-16 00:29:07,126] Trial 34 finished with value: 114.3237075805664 and parameters: {'gradient_clip_val': 0.3204137973247953, 'hidden_size': 5, 'dropout': 0.1417593606716112, 'hidden_continuous_size': 5, 'attention_head_size': 4, 'learning_rate': 0.004460032873568936}. Best is trial 22 with value: 45.69382095336914.
LOCAL_RANK: 0 - CUDA_VISIBLE_DEVICES: [0]
[I 2023-12-16 00:29:52,015] Trial 35 finished with value: 103.0700454711914 and parameters: {'gradient_clip_val': 0.3656844219032953, 'hidden_size': 6, 'dropout': 0.1190598259343216, 'hidden_continuous_size': 5, 'attention_head_size': 3, 'learning_rate': 0.014931670685682453}. Best is trial 22 with value: 45.69382095336914.
LOCAL_RANK: 0 - CUDA_VISIBLE_DEVICES: [0]
[I 2023-12-16 00:30:35,404] Trial 36 finished with value: 120.61029052734375 and parameters: {'gradient_clip_val': 0.24771152236324243, 'hidden_size': 8, 'dropout': 0.17404774336557904, 'hidden_continuous_size': 5, 'attention_head_size': 1, 'learning_rate': 0.01117665312569491}. Best is trial 22 with value: 45.69382095336914.
LOCAL_RANK: 0 - CUDA_VISIBLE_DEVICES: [0]
