[I 2023-12-15 18:32:49,816] Trial 18 finished with value: 19.42535972595215 and parameters: {'gradient_clip_val': 0.2713443283533264, 'hidden_size': 25, 'dropout': 0.2381639210276394, 'hidden_continuous_size': 10, 'attention_head_size': 3, 'learning_rate': 0.001667222260553431}. Best is trial 14 with value: 14.324646949768066.
LOCAL_RANK: 0 - CUDA_VISIBLE_DEVICES: [0]
[I 2023-12-15 18:33:39,200] Trial 19 finished with value: 16.76868438720703 and parameters: {'gradient_clip_val': 0.43427293839942477, 'hidden_size': 21, 'dropout': 0.1614412502834257, 'hidden_continuous_size': 9, 'attention_head_size': 4, 'learning_rate': 0.0007375897662779717}. Best is trial 14 with value: 14.324646949768066.
LOCAL_RANK: 0 - CUDA_VISIBLE_DEVICES: [0]
[I 2023-12-15 18:34:28,633] Trial 20 finished with value: 25.764196395874023 and parameters: {'gradient_clip_val': 0.1458245955660059, 'hidden_size': 36, 'dropout': 0.16343483940782952, 'hidden_continuous_size': 11, 'attention_head_size': 3, 'learning_rate': 0.005288962351749507}. Best is trial 14 with value: 14.324646949768066.
LOCAL_RANK: 0 - CUDA_VISIBLE_DEVICES: [0]
[I 2023-12-15 18:35:17,702] Trial 21 finished with value: 17.351341247558594 and parameters: {'gradient_clip_val': 0.4621608499200669, 'hidden_size': 21, 'dropout': 0.15452138387532197, 'hidden_continuous_size': 8, 'attention_head_size': 4, 'learning_rate': 0.0007263244153743459}. Best is trial 14 with value: 14.324646949768066.
LOCAL_RANK: 0 - CUDA_VISIBLE_DEVICES: [0]
[I 2023-12-15 18:36:04,083] Trial 22 finished with value: 28.08774757385254 and parameters: {'gradient_clip_val': 0.4988526468779395, 'hidden_size': 14, 'dropout': 0.17695147966628463, 'hidden_continuous_size': 7, 'attention_head_size': 4, 'learning_rate': 0.000821494036930448}. Best is trial 14 with value: 14.324646949768066.
LOCAL_RANK: 0 - CUDA_VISIBLE_DEVICES: [0]
[I 2023-12-15 18:36:53,549] Trial 23 finished with value: 37.73347091674805 and parameters: {'gradient_clip_val': 0.3057084696516869, 'hidden_size': 22, 'dropout': 0.14387632986841373, 'hidden_continuous_size': 9, 'attention_head_size': 4, 'learning_rate': 0.0016884404079348274}. Best is trial 14 with value: 14.324646949768066.
LOCAL_RANK: 0 - CUDA_VISIBLE_DEVICES: [0]
[I 2023-12-15 18:37:41,560] Trial 24 finished with value: 17.905208587646484 and parameters: {'gradient_clip_val': 0.22857656742644444, 'hidden_size': 18, 'dropout': 0.18269762988175628, 'hidden_continuous_size': 8, 'attention_head_size': 4, 'learning_rate': 0.0007992735037075998}. Best is trial 14 with value: 14.324646949768066.
LOCAL_RANK: 0 - CUDA_VISIBLE_DEVICES: [0]
[I 2023-12-15 18:38:31,174] Trial 25 finished with value: 14.80843448638916 and parameters: {'gradient_clip_val': 0.20321576741634034, 'hidden_size': 31, 'dropout': 0.22280322428445784, 'hidden_continuous_size': 12, 'attention_head_size': 3, 'learning_rate': 0.0005332057027042969}. Best is trial 14 with value: 14.324646949768066.
LOCAL_RANK: 0 - CUDA_VISIBLE_DEVICES: [0]
[I 2023-12-15 18:39:21,443] Trial 26 finished with value: 20.56571388244629 and parameters: {'gradient_clip_val': 0.21207399496286816, 'hidden_size': 34, 'dropout': 0.23396625566483906, 'hidden_continuous_size': 12, 'attention_head_size': 3, 'learning_rate': 0.0005716256092818111}. Best is trial 14 with value: 14.324646949768066.
LOCAL_RANK: 0 - CUDA_VISIBLE_DEVICES: [0]
[I 2023-12-15 18:40:10,526] Trial 27 finished with value: 21.36265754699707 and parameters: {'gradient_clip_val': 0.16796222282110568, 'hidden_size': 26, 'dropout': 0.2098651597034654, 'hidden_continuous_size': 12, 'attention_head_size': 2, 'learning_rate': 0.0016640156492451147}. Best is trial 14 with value: 14.324646949768066.
LOCAL_RANK: 0 - CUDA_VISIBLE_DEVICES: [0]
[I 2023-12-15 18:40:59,446] Trial 28 finished with value: 24.40850067138672 and parameters: {'gradient_clip_val': 0.13259137832608592, 'hidden_size': 32, 'dropout': 0.23038806377717005, 'hidden_continuous_size': 14, 'attention_head_size': 3, 'learning_rate': 0.0005168840118811943}. Best is trial 14 with value: 14.324646949768066.
LOCAL_RANK: 0 - CUDA_VISIBLE_DEVICES: [0]
[I 2023-12-15 18:41:43,918] Trial 29 finished with value: 24.93253517150879 and parameters: {'gradient_clip_val': 0.1997482997236547, 'hidden_size': 12, 'dropout': 0.255940775828047, 'hidden_continuous_size': 6, 'attention_head_size': 3, 'learning_rate': 0.0020990877709595136}. Best is trial 14 with value: 14.324646949768066.
LOCAL_RANK: 0 - CUDA_VISIBLE_DEVICES: [0]
[I 2023-12-15 18:42:35,585] Trial 30 finished with value: 30.77168846130371 and parameters: {'gradient_clip_val': 0.24372430236538742, 'hidden_size': 44, 'dropout': 0.19702739260492022, 'hidden_continuous_size': 16, 'attention_head_size': 2, 'learning_rate': 0.0010209256746295942}. Best is trial 14 with value: 14.324646949768066.
LOCAL_RANK: 0 - CUDA_VISIBLE_DEVICES: [0]
[I 2023-12-15 18:43:25,103] Trial 31 finished with value: 15.388995170593262 and parameters: {'gradient_clip_val': 0.3727446613460437, 'hidden_size': 22, 'dropout': 0.17696066641472866, 'hidden_continuous_size': 10, 'attention_head_size': 4, 'learning_rate': 0.0007384732469470119}. Best is trial 14 with value: 14.324646949768066.
LOCAL_RANK: 0 - CUDA_VISIBLE_DEVICES: [0]
[I 2023-12-15 18:44:14,922] Trial 32 finished with value: 25.81429100036621 and parameters: {'gradient_clip_val': 0.35292380151180797, 'hidden_size': 23, 'dropout': 0.1757238207778548, 'hidden_continuous_size': 10, 'attention_head_size': 4, 'learning_rate': 0.001091825640803717}. Best is trial 14 with value: 14.324646949768066.
LOCAL_RANK: 0 - CUDA_VISIBLE_DEVICES: [0]
[I 2023-12-15 18:45:02,877] Trial 33 finished with value: 14.41274356842041 and parameters: {'gradient_clip_val': 0.30414285994668366, 'hidden_size': 19, 'dropout': 0.1388015789621923, 'hidden_continuous_size': 10, 'attention_head_size': 1, 'learning_rate': 0.0006926335217122314}. Best is trial 14 with value: 14.324646949768066.
LOCAL_RANK: 0 - CUDA_VISIBLE_DEVICES: [0]
[I 2023-12-15 18:45:49,406] Trial 34 finished with value: 17.824054718017578 and parameters: {'gradient_clip_val': 0.3211986673978251, 'hidden_size': 18, 'dropout': 0.22246194659875404, 'hidden_continuous_size': 8, 'attention_head_size': 1, 'learning_rate': 0.001436619194628093}. Best is trial 14 with value: 14.324646949768066.
LOCAL_RANK: 0 - CUDA_VISIBLE_DEVICES: [0]
[I 2023-12-15 18:46:38,036] Trial 35 finished with value: 33.864341735839844 and parameters: {'gradient_clip_val': 0.1707840267172666, 'hidden_size': 29, 'dropout': 0.13723097121401234, 'hidden_continuous_size': 10, 'attention_head_size': 1, 'learning_rate': 0.000931271792674117}. Best is trial 14 with value: 14.324646949768066.
LOCAL_RANK: 0 - CUDA_VISIBLE_DEVICES: [0]
[I 2023-12-15 18:47:23,347] Trial 36 finished with value: 14.401942253112793 and parameters: {'gradient_clip_val': 0.20578908183127756, 'hidden_size': 15, 'dropout': 0.10093643945060013, 'hidden_continuous_size': 7, 'attention_head_size': 1, 'learning_rate': 0.002368900200827668}. Best is trial 14 with value: 14.324646949768066.
LOCAL_RANK: 0 - CUDA_VISIBLE_DEVICES: [0]
[I 2023-12-15 18:48:08,222] Trial 37 finished with value: 12.21691608428955 and parameters: {'gradient_clip_val': 0.263201082545761, 'hidden_size': 10, 'dropout': 0.10550760241721, 'hidden_continuous_size': 6, 'attention_head_size': 1, 'learning_rate': 0.0022681533154659214}. Best is trial 37 with value: 12.21691608428955.
LOCAL_RANK: 0 - CUDA_VISIBLE_DEVICES: [0]
[I 2023-12-15 18:48:53,012] Trial 38 finished with value: 32.1029167175293 and parameters: {'gradient_clip_val': 0.2767225140739266, 'hidden_size': 9, 'dropout': 0.10140218330121326, 'hidden_continuous_size': 6, 'attention_head_size': 1, 'learning_rate': 0.002550039274908462}. Best is trial 37 with value: 12.21691608428955.
LOCAL_RANK: 0 - CUDA_VISIBLE_DEVICES: [0]
[I 2023-12-15 18:49:36,873] Trial 39 finished with value: 35.13430404663086 and parameters: {'gradient_clip_val': 0.3156329810583289, 'hidden_size': 8, 'dropout': 0.1319498629139335, 'hidden_continuous_size': 6, 'attention_head_size': 1, 'learning_rate': 0.003636526278314865}. Best is trial 37 with value: 12.21691608428955.
LOCAL_RANK: 0 - CUDA_VISIBLE_DEVICES: [0]
[I 2023-12-15 18:50:20,856] Trial 40 finished with value: 21.48070526123047 and parameters: {'gradient_clip_val': 0.23026424096517117, 'hidden_size': 12, 'dropout': 0.1011253818986791, 'hidden_continuous_size': 7, 'attention_head_size': 1, 'learning_rate': 0.0019214239476818143}. Best is trial 37 with value: 12.21691608428955.
LOCAL_RANK: 0 - CUDA_VISIBLE_DEVICES: [0]
[I 2023-12-15 18:51:04,836] Trial 41 finished with value: 19.888092041015625 and parameters: {'gradient_clip_val': 0.20797307272617743, 'hidden_size': 16, 'dropout': 0.11823826729135097, 'hidden_continuous_size': 5, 'attention_head_size': 1, 'learning_rate': 0.0014041906671179375}. Best is trial 37 with value: 12.21691608428955.
LOCAL_RANK: 0 - CUDA_VISIBLE_DEVICES: [0]
[I 2023-12-15 18:51:52,597] Trial 42 finished with value: 27.34906768798828 and parameters: {'gradient_clip_val': 0.19349877052236952, 'hidden_size': 19, 'dropout': 0.14788211942600404, 'hidden_continuous_size': 11, 'attention_head_size': 1, 'learning_rate': 0.0006283906950898747}. Best is trial 37 with value: 12.21691608428955.
LOCAL_RANK: 0 - CUDA_VISIBLE_DEVICES: [0]
[I 2023-12-15 18:52:38,373] Trial 43 finished with value: 16.774919509887695 and parameters: {'gradient_clip_val': 0.25297763634973786, 'hidden_size': 15, 'dropout': 0.1302492697330853, 'hidden_continuous_size': 9, 'attention_head_size': 1, 'learning_rate': 0.0008755407362947517}. Best is trial 37 with value: 12.21691608428955.
LOCAL_RANK: 0 - CUDA_VISIBLE_DEVICES: [0]
[I 2023-12-15 18:53:27,348] Trial 44 finished with value: 31.0960750579834 and parameters: {'gradient_clip_val': 0.22270320412957761, 'hidden_size': 25, 'dropout': 0.11410440593319766, 'hidden_continuous_size': 12, 'attention_head_size': 2, 'learning_rate': 0.0021865352595803523}. Best is trial 37 with value: 12.21691608428955.
LOCAL_RANK: 0 - CUDA_VISIBLE_DEVICES: [0]
[I 2023-12-15 18:54:13,527] Trial 45 finished with value: 25.80560874938965 and parameters: {'gradient_clip_val': 0.2918091803573054, 'hidden_size': 20, 'dropout': 0.13000587239631933, 'hidden_continuous_size': 8, 'attention_head_size': 1, 'learning_rate': 0.0006121094378486385}. Best is trial 37 with value: 12.21691608428955.
LOCAL_RANK: 0 - CUDA_VISIBLE_DEVICES: [0]
[I 2023-12-15 18:54:59,267] Trial 46 finished with value: 20.673376083374023 and parameters: {'gradient_clip_val': 0.1884488964299523, 'hidden_size': 13, 'dropout': 0.10022912518882413, 'hidden_continuous_size': 7, 'attention_head_size': 2, 'learning_rate': 0.0030995691790606833}. Best is trial 37 with value: 12.21691608428955.
LOCAL_RANK: 0 - CUDA_VISIBLE_DEVICES: [0]
[I 2023-12-15 18:55:43,210] Trial 47 finished with value: 23.657358169555664 and parameters: {'gradient_clip_val': 0.25393266337945036, 'hidden_size': 16, 'dropout': 0.14466234052269908, 'hidden_continuous_size': 5, 'attention_head_size': 1, 'learning_rate': 0.0015207244828982886}. Best is trial 37 with value: 12.21691608428955.
LOCAL_RANK: 0 - CUDA_VISIBLE_DEVICES: [0]
[I 2023-12-15 18:56:28,079] Trial 48 finished with value: 28.229135513305664 and parameters: {'gradient_clip_val': 0.33745011549966897, 'hidden_size': 10, 'dropout': 0.12103752363103942, 'hidden_continuous_size': 6, 'attention_head_size': 1, 'learning_rate': 0.0012044011487221354}. Best is trial 37 with value: 12.21691608428955.
LOCAL_RANK: 0 - CUDA_VISIBLE_DEVICES: [0]
[I 2023-12-15 18:57:15,268] Trial 49 finished with value: 14.581878662109375 and parameters: {'gradient_clip_val': 0.2914914744390818, 'hidden_size': 18, 'dropout': 0.1543480626053672, 'hidden_continuous_size': 8, 'attention_head_size': 2, 'learning_rate': 0.002584984946825216}. Best is trial 37 with value: 12.21691608428955.
[I 2023-12-15 18:57:15,365] A new study created in memory with name: no-name-1fb4f3dc-7f7e-4f2e-bd6b-1c6869ba4b25
/home/le004/conda/anaconda3/envs/tsff_env/lib/python3.9/site-packages/lightning/fabric/plugins/environments/slurm.py:191: The `srun` command is available on your system but is not used. HINT: If your intention is to run Lightning on SLURM, prepend your python command with `srun` like so: srun python /home/le004/master_thesis/git/TSFusionForecast/code/ ...
LOCAL_RANK: 0 - CUDA_VISIBLE_DEVICES: [0]
[I 2023-12-15 18:57:59,777] Trial 0 finished with value: 2.690531015396118 and parameters: {'gradient_clip_val': 0.6784955451022991, 'hidden_size': 6, 'dropout': 0.27282522915549867, 'hidden_continuous_size': 5, 'attention_head_size': 1, 'learning_rate': 0.0010352314662720585}. Best is trial 0 with value: 2.690531015396118.
LOCAL_RANK: 0 - CUDA_VISIBLE_DEVICES: [0]
[I 2023-12-15 18:58:51,689] Trial 1 finished with value: 0.8851990699768066 and parameters: {'gradient_clip_val': 0.10707086120977566, 'hidden_size': 48, 'dropout': 0.20345476592291004, 'hidden_continuous_size': 16, 'attention_head_size': 2, 'learning_rate': 0.07303164703783897}. Best is trial 1 with value: 0.8851990699768066.
LOCAL_RANK: 0 - CUDA_VISIBLE_DEVICES: [0]
[I 2023-12-15 18:59:42,788] Trial 2 finished with value: 0.23085153102874756 and parameters: {'gradient_clip_val': 0.5178361031064268, 'hidden_size': 43, 'dropout': 0.3076617509320267, 'hidden_continuous_size': 6, 'attention_head_size': 4, 'learning_rate': 0.0008428830044914242}. Best is trial 2 with value: 0.23085153102874756.
LOCAL_RANK: 0 - CUDA_VISIBLE_DEVICES: [0]
[I 2023-12-15 19:00:37,812] Trial 3 finished with value: 0.0610634945333004 and parameters: {'gradient_clip_val': 0.3497046773535661, 'hidden_size': 74, 'dropout': 0.39275192806186543, 'hidden_continuous_size': 48, 'attention_head_size': 2, 'learning_rate': 0.014629840270220146}. Best is trial 3 with value: 0.0610634945333004.
LOCAL_RANK: 0 - CUDA_VISIBLE_DEVICES: [0]
[I 2023-12-15 19:01:33,378] Trial 4 finished with value: 0.09845726937055588 and parameters: {'gradient_clip_val': 0.8401933494184785, 'hidden_size': 80, 'dropout': 0.39784804574942434, 'hidden_continuous_size': 67, 'attention_head_size': 1, 'learning_rate': 0.008772652705263782}. Best is trial 3 with value: 0.0610634945333004.
LOCAL_RANK: 0 - CUDA_VISIBLE_DEVICES: [0]
[I 2023-12-15 19:02:19,629] Trial 5 finished with value: 0.06441772729158401 and parameters: {'gradient_clip_val': 0.3237297549101691, 'hidden_size': 9, 'dropout': 0.38201773442532716, 'hidden_continuous_size': 8, 'attention_head_size': 4, 'learning_rate': 0.06554546919900124}. Best is trial 3 with value: 0.0610634945333004.
LOCAL_RANK: 0 - CUDA_VISIBLE_DEVICES: [0]
[I 2023-12-15 19:03:12,970] Trial 6 finished with value: 0.1644355207681656 and parameters: {'gradient_clip_val': 0.3337682495242824, 'hidden_size': 80, 'dropout': 0.17022315972952928, 'hidden_continuous_size': 22, 'attention_head_size': 3, 'learning_rate': 0.07093063807297129}. Best is trial 3 with value: 0.0610634945333004.
LOCAL_RANK: 0 - CUDA_VISIBLE_DEVICES: [0]
[I 2023-12-15 19:04:03,551] Trial 7 finished with value: 0.06382888555526733 and parameters: {'gradient_clip_val': 0.4448564684013198, 'hidden_size': 42, 'dropout': 0.298185361024802, 'hidden_continuous_size': 7, 'attention_head_size': 2, 'learning_rate': 0.017384577277746106}. Best is trial 3 with value: 0.0610634945333004.
LOCAL_RANK: 0 - CUDA_VISIBLE_DEVICES: [0]
[I 2023-12-15 19:04:48,985] Trial 8 finished with value: 0.0694141611456871 and parameters: {'gradient_clip_val': 0.18820139054214108, 'hidden_size': 11, 'dropout': 0.3835628724503215, 'hidden_continuous_size': 8, 'attention_head_size': 2, 'learning_rate': 0.07019996219706655}. Best is trial 3 with value: 0.0610634945333004.
LOCAL_RANK: 0 - CUDA_VISIBLE_DEVICES: [0]
[I 2023-12-15 19:05:23,226] Trial 9 finished with value: 2.2100837230682373 and parameters: {'gradient_clip_val': 0.1310379154438614, 'hidden_size': 5, 'dropout': 0.32028880273823374, 'hidden_continuous_size': 5, 'attention_head_size': 3, 'learning_rate': 0.0013882352208521467}. Best is trial 3 with value: 0.0610634945333004.
LOCAL_RANK: 0 - CUDA_VISIBLE_DEVICES: [0]
[I 2023-12-15 19:06:11,401] Trial 10 finished with value: 0.09978701919317245 and parameters: {'gradient_clip_val': 0.9993750028084647, 'hidden_size': 21, 'dropout': 0.1016021397954901, 'hidden_continuous_size': 11, 'attention_head_size': 1, 'learning_rate': 0.0029745689854247335}. Best is trial 3 with value: 0.0610634945333004.
LOCAL_RANK: 0 - CUDA_VISIBLE_DEVICES: [0]
[I 2023-12-15 19:07:04,135] Trial 11 finished with value: 0.42511382699012756 and parameters: {'gradient_clip_val': 0.46533340180032073, 'hidden_size': 38, 'dropout': 0.334480267263975, 'hidden_continuous_size': 29, 'attention_head_size': 2, 'learning_rate': 0.015471455675730291}. Best is trial 3 with value: 0.0610634945333004.
LOCAL_RANK: 0 - CUDA_VISIBLE_DEVICES: [0]
[I 2023-12-15 19:07:59,977] Trial 12 finished with value: 0.1882535219192505 and parameters: {'gradient_clip_val': 0.23080215411309635, 'hidden_size': 94, 'dropout': 0.260098652417695, 'hidden_continuous_size': 40, 'attention_head_size': 2, 'learning_rate': 0.021134579639754777}. Best is trial 3 with value: 0.0610634945333004.
LOCAL_RANK: 0 - CUDA_VISIBLE_DEVICES: [0]
[I 2023-12-15 19:08:49,349] Trial 13 finished with value: 0.09749260544776917 and parameters: {'gradient_clip_val': 0.43449770062494497, 'hidden_size': 26, 'dropout': 0.3452253585473685, 'hidden_continuous_size': 11, 'attention_head_size': 3, 'learning_rate': 0.005033093874665393}. Best is trial 3 with value: 0.0610634945333004.
LOCAL_RANK: 0 - CUDA_VISIBLE_DEVICES: [0]
[I 2023-12-15 19:09:42,812] Trial 14 finished with value: 0.12287812680006027 and parameters: {'gradient_clip_val': 0.2530692509527358, 'hidden_size': 62, 'dropout': 0.2901579971733476, 'hidden_continuous_size': 17, 'attention_head_size': 2, 'learning_rate': 0.0161039389135222}. Best is trial 3 with value: 0.0610634945333004.
LOCAL_RANK: 0 - CUDA_VISIBLE_DEVICES: [0]
[I 2023-12-15 19:10:41,418] Trial 15 finished with value: 0.10506180673837662 and parameters: {'gradient_clip_val': 0.6121760341846816, 'hidden_size': 99, 'dropout': 0.3448109622723203, 'hidden_continuous_size': 92, 'attention_head_size': 3, 'learning_rate': 0.030473084733797996}. Best is trial 3 with value: 0.0610634945333004.
LOCAL_RANK: 0 - CUDA_VISIBLE_DEVICES: [0]
[I 2023-12-15 19:11:34,719] Trial 16 finished with value: 0.05248883366584778 and parameters: {'gradient_clip_val': 0.3843785058869265, 'hidden_size': 57, 'dropout': 0.3587782052590406, 'hidden_continuous_size': 30, 'attention_head_size': 1, 'learning_rate': 0.00851821311869662}. Best is trial 16 with value: 0.05248883366584778.
LOCAL_RANK: 0 - CUDA_VISIBLE_DEVICES: [0]
[I 2023-12-15 19:12:28,852] Trial 17 finished with value: 0.22274404764175415 and parameters: {'gradient_clip_val': 0.342291867714174, 'hidden_size': 69, 'dropout': 0.36290311636273476, 'hidden_continuous_size': 38, 'attention_head_size': 1, 'learning_rate': 0.00537947570505597}. Best is trial 16 with value: 0.05248883366584778.
LOCAL_RANK: 0 - CUDA_VISIBLE_DEVICES: [0]
[I 2023-12-15 19:13:21,873] Trial 18 finished with value: 0.1263638734817505 and parameters: {'gradient_clip_val': 0.3672239162865629, 'hidden_size': 58, 'dropout': 0.39724152425071085, 'hidden_continuous_size': 30, 'attention_head_size': 1, 'learning_rate': 0.008863036767706578}. Best is trial 16 with value: 0.05248883366584778.
LOCAL_RANK: 0 - CUDA_VISIBLE_DEVICES: [0]
[I 2023-12-15 19:14:11,536] Trial 19 finished with value: 0.4318765699863434 and parameters: {'gradient_clip_val': 0.25496109730396194, 'hidden_size': 33, 'dropout': 0.3611387982184713, 'hidden_continuous_size': 14, 'attention_head_size': 1, 'learning_rate': 0.0005144621056992175}. Best is trial 16 with value: 0.05248883366584778.
LOCAL_RANK: 0 - CUDA_VISIBLE_DEVICES: [0]
[I 2023-12-15 19:15:04,508] Trial 20 finished with value: 0.10573044419288635 and parameters: {'gradient_clip_val': 0.6134237898303845, 'hidden_size': 57, 'dropout': 0.32683611089892833, 'hidden_continuous_size': 23, 'attention_head_size': 1, 'learning_rate': 0.0028866217744702004}. Best is trial 16 with value: 0.05248883366584778.
LOCAL_RANK: 0 - CUDA_VISIBLE_DEVICES: [0]
[I 2023-12-15 19:15:55,394] Trial 21 finished with value: 1.4698644876480103 and parameters: {'gradient_clip_val': 0.3986711644106345, 'hidden_size': 48, 'dropout': 0.3059017160967091, 'hidden_continuous_size': 7, 'attention_head_size': 2, 'learning_rate': 0.03290092569753542}. Best is trial 16 with value: 0.05248883366584778.
LOCAL_RANK: 0 - CUDA_VISIBLE_DEVICES: [0]
[I 2023-12-15 19:16:50,145] Trial 22 finished with value: 0.17310525476932526 and parameters: {'gradient_clip_val': 0.5055208338024261, 'hidden_size': 69, 'dropout': 0.35802654008574214, 'hidden_continuous_size': 40, 'attention_head_size': 2, 'learning_rate': 0.01147933452786394}. Best is trial 16 with value: 0.05248883366584778.
LOCAL_RANK: 0 - CUDA_VISIBLE_DEVICES: [0]
[I 2023-12-15 19:17:39,421] Trial 23 finished with value: 0.6298856139183044 and parameters: {'gradient_clip_val': 0.39797947573379755, 'hidden_size': 31, 'dropout': 0.28917458441097776, 'hidden_continuous_size': 10, 'attention_head_size': 2, 'learning_rate': 0.025453576821138}. Best is trial 16 with value: 0.05248883366584778.
LOCAL_RANK: 0 - CUDA_VISIBLE_DEVICES: [0]
[I 2023-12-15 19:18:31,378] Trial 24 finished with value: 0.09856953471899033 and parameters: {'gradient_clip_val': 0.28951405669026054, 'hidden_size': 44, 'dropout': 0.33040466131209106, 'hidden_continuous_size': 13, 'attention_head_size': 3, 'learning_rate': 0.012211586698061053}. Best is trial 16 with value: 0.05248883366584778.
LOCAL_RANK: 0 - CUDA_VISIBLE_DEVICES: [0]
