[I 2023-12-15 23:04:40,330] Trial 24 finished with value: 387.6681823730469 and parameters: {'gradient_clip_val': 0.5994360111780634, 'hidden_size': 12, 'dropout': 0.15585502417587663, 'hidden_continuous_size': 9, 'attention_head_size': 4, 'learning_rate': 0.003248821085255482}. Best is trial 5 with value: 329.3551940917969.
LOCAL_RANK: 0 - CUDA_VISIBLE_DEVICES: [0]
[I 2023-12-15 23:05:25,009] Trial 25 finished with value: 267.234375 and parameters: {'gradient_clip_val': 0.561490527443378, 'hidden_size': 8, 'dropout': 0.20678282419195318, 'hidden_continuous_size': 7, 'attention_head_size': 3, 'learning_rate': 0.007228492609847429}. Best is trial 25 with value: 267.234375.
LOCAL_RANK: 0 - CUDA_VISIBLE_DEVICES: [0]
[I 2023-12-15 23:06:10,079] Trial 26 finished with value: 789.4267578125 and parameters: {'gradient_clip_val': 0.4286328650260335, 'hidden_size': 7, 'dropout': 0.20729460932801544, 'hidden_continuous_size': 6, 'attention_head_size': 2, 'learning_rate': 0.0018082851795346248}. Best is trial 25 with value: 267.234375.
LOCAL_RANK: 0 - CUDA_VISIBLE_DEVICES: [0]
[I 2023-12-15 23:06:54,785] Trial 27 finished with value: 419.482421875 and parameters: {'gradient_clip_val': 0.5753522170721269, 'hidden_size': 8, 'dropout': 0.15692202799787752, 'hidden_continuous_size': 7, 'attention_head_size': 3, 'learning_rate': 0.004753209837744115}. Best is trial 25 with value: 267.234375.
LOCAL_RANK: 0 - CUDA_VISIBLE_DEVICES: [0]
[I 2023-12-15 23:07:40,847] Trial 28 finished with value: 362.4320373535156 and parameters: {'gradient_clip_val': 0.7136109057355186, 'hidden_size': 13, 'dropout': 0.20533143382118746, 'hidden_continuous_size': 7, 'attention_head_size': 4, 'learning_rate': 0.00797513883953738}. Best is trial 25 with value: 267.234375.
LOCAL_RANK: 0 - CUDA_VISIBLE_DEVICES: [0]
[I 2023-12-15 23:08:26,129] Trial 29 finished with value: 1215.9896240234375 and parameters: {'gradient_clip_val': 0.44537321688745907, 'hidden_size': 6, 'dropout': 0.138588541819741, 'hidden_continuous_size': 5, 'attention_head_size': 2, 'learning_rate': 0.0035125583896238473}. Best is trial 25 with value: 267.234375.
LOCAL_RANK: 0 - CUDA_VISIBLE_DEVICES: [0]
[I 2023-12-15 23:09:12,286] Trial 30 finished with value: 297.45526123046875 and parameters: {'gradient_clip_val': 0.5797421467897262, 'hidden_size': 11, 'dropout': 0.16524305115326587, 'hidden_continuous_size': 8, 'attention_head_size': 3, 'learning_rate': 0.012962432060546456}. Best is trial 25 with value: 267.234375.
LOCAL_RANK: 0 - CUDA_VISIBLE_DEVICES: [0]
[I 2023-12-15 23:09:58,450] Trial 31 finished with value: 219.4445343017578 and parameters: {'gradient_clip_val': 0.5753486965911231, 'hidden_size': 11, 'dropout': 0.15298674366156517, 'hidden_continuous_size': 8, 'attention_head_size': 3, 'learning_rate': 0.014134470309250415}. Best is trial 31 with value: 219.4445343017578.
LOCAL_RANK: 0 - CUDA_VISIBLE_DEVICES: [0]
[I 2023-12-15 23:10:44,419] Trial 32 finished with value: 672.7081909179688 and parameters: {'gradient_clip_val': 0.5306644140016932, 'hidden_size': 10, 'dropout': 0.16681365087486894, 'hidden_continuous_size': 7, 'attention_head_size': 3, 'learning_rate': 0.014797790320198496}. Best is trial 31 with value: 219.4445343017578.
LOCAL_RANK: 0 - CUDA_VISIBLE_DEVICES: [0]
[I 2023-12-15 23:11:30,532] Trial 33 finished with value: 370.269287109375 and parameters: {'gradient_clip_val': 0.8147948805181944, 'hidden_size': 9, 'dropout': 0.1374282170898204, 'hidden_continuous_size': 7, 'attention_head_size': 4, 'learning_rate': 0.012934901243823725}. Best is trial 31 with value: 219.4445343017578.
LOCAL_RANK: 0 - CUDA_VISIBLE_DEVICES: [0]
[I 2023-12-15 23:12:16,312] Trial 34 finished with value: 547.9098510742188 and parameters: {'gradient_clip_val': 0.6400029255365335, 'hidden_size': 7, 'dropout': 0.2345520370607713, 'hidden_continuous_size': 6, 'attention_head_size': 3, 'learning_rate': 0.008576624820314141}. Best is trial 31 with value: 219.4445343017578.
LOCAL_RANK: 0 - CUDA_VISIBLE_DEVICES: [0]
[I 2023-12-15 23:13:02,292] Trial 35 finished with value: 591.2830810546875 and parameters: {'gradient_clip_val': 0.3852147938147746, 'hidden_size': 6, 'dropout': 0.1998049601175247, 'hidden_continuous_size': 5, 'attention_head_size': 4, 'learning_rate': 0.015873177092779796}. Best is trial 31 with value: 219.4445343017578.
LOCAL_RANK: 0 - CUDA_VISIBLE_DEVICES: [0]
[I 2023-12-15 23:13:48,295] Trial 36 finished with value: 251.419921875 and parameters: {'gradient_clip_val': 0.45516199364973076, 'hidden_size': 11, 'dropout': 0.17681452569887507, 'hidden_continuous_size': 8, 'attention_head_size': 3, 'learning_rate': 0.04715412055371631}. Best is trial 31 with value: 219.4445343017578.
LOCAL_RANK: 0 - CUDA_VISIBLE_DEVICES: [0]
[I 2023-12-15 23:14:34,206] Trial 37 finished with value: 342.5158996582031 and parameters: {'gradient_clip_val': 0.4705372822589208, 'hidden_size': 11, 'dropout': 0.17548654193917188, 'hidden_continuous_size': 8, 'attention_head_size': 3, 'learning_rate': 0.057047963078013755}. Best is trial 31 with value: 219.4445343017578.
LOCAL_RANK: 0 - CUDA_VISIBLE_DEVICES: [0]
[I 2023-12-15 23:15:19,066] Trial 38 finished with value: 384.5982360839844 and parameters: {'gradient_clip_val': 0.5426771689708498, 'hidden_size': 8, 'dropout': 0.12507263228616286, 'hidden_continuous_size': 7, 'attention_head_size': 3, 'learning_rate': 0.029450777371836937}. Best is trial 31 with value: 219.4445343017578.
LOCAL_RANK: 0 - CUDA_VISIBLE_DEVICES: [0]
[I 2023-12-15 23:16:05,288] Trial 39 finished with value: 351.441650390625 and parameters: {'gradient_clip_val': 0.4072727316282273, 'hidden_size': 15, 'dropout': 0.19510170623681086, 'hidden_continuous_size': 8, 'attention_head_size': 3, 'learning_rate': 0.04770766997672529}. Best is trial 31 with value: 219.4445343017578.
LOCAL_RANK: 0 - CUDA_VISIBLE_DEVICES: [0]
[I 2023-12-15 23:16:51,330] Trial 40 finished with value: 720.2839965820312 and parameters: {'gradient_clip_val': 0.3666400773311303, 'hidden_size': 11, 'dropout': 0.16332819660609538, 'hidden_continuous_size': 8, 'attention_head_size': 3, 'learning_rate': 0.0243963166521231}. Best is trial 31 with value: 219.4445343017578.
LOCAL_RANK: 0 - CUDA_VISIBLE_DEVICES: [0]
[I 2023-12-15 23:17:37,560] Trial 41 finished with value: 362.4814453125 and parameters: {'gradient_clip_val': 0.47042568048545585, 'hidden_size': 11, 'dropout': 0.21521397253541216, 'hidden_continuous_size': 8, 'attention_head_size': 4, 'learning_rate': 0.01020770341795006}. Best is trial 31 with value: 219.4445343017578.
LOCAL_RANK: 0 - CUDA_VISIBLE_DEVICES: [0]
[I 2023-12-15 23:18:23,636] Trial 42 finished with value: 616.6724243164062 and parameters: {'gradient_clip_val': 0.5693553784409943, 'hidden_size': 9, 'dropout': 0.18615683622003426, 'hidden_continuous_size': 7, 'attention_head_size': 3, 'learning_rate': 0.0169996351363209}. Best is trial 31 with value: 219.4445343017578.
LOCAL_RANK: 0 - CUDA_VISIBLE_DEVICES: [0]
[I 2023-12-15 23:19:10,212] Trial 43 finished with value: 448.4535827636719 and parameters: {'gradient_clip_val': 0.8211852727180069, 'hidden_size': 14, 'dropout': 0.15007038622781696, 'hidden_continuous_size': 8, 'attention_head_size': 4, 'learning_rate': 0.012785439715501608}. Best is trial 31 with value: 219.4445343017578.
LOCAL_RANK: 0 - CUDA_VISIBLE_DEVICES: [0]
[I 2023-12-15 23:19:56,153] Trial 44 finished with value: 406.1643371582031 and parameters: {'gradient_clip_val': 0.5043469253357793, 'hidden_size': 16, 'dropout': 0.17312713828674803, 'hidden_continuous_size': 9, 'attention_head_size': 3, 'learning_rate': 0.018186403100632055}. Best is trial 31 with value: 219.4445343017578.
LOCAL_RANK: 0 - CUDA_VISIBLE_DEVICES: [0]
[I 2023-12-15 23:20:41,152] Trial 45 finished with value: 354.20849609375 and parameters: {'gradient_clip_val': 0.6830007439361071, 'hidden_size': 12, 'dropout': 0.1430983580052015, 'hidden_continuous_size': 8, 'attention_head_size': 4, 'learning_rate': 0.00972005818808798}. Best is trial 31 with value: 219.4445343017578.
LOCAL_RANK: 0 - CUDA_VISIBLE_DEVICES: [0]
[I 2023-12-15 23:21:30,390] Trial 46 finished with value: 335.9436950683594 and parameters: {'gradient_clip_val': 0.44724304519958974, 'hidden_size': 21, 'dropout': 0.1889143464675644, 'hidden_continuous_size': 11, 'attention_head_size': 3, 'learning_rate': 0.03783538188415173}. Best is trial 31 with value: 219.4445343017578.
LOCAL_RANK: 0 - CUDA_VISIBLE_DEVICES: [0]
[I 2023-12-15 23:22:16,545] Trial 47 finished with value: 352.9805603027344 and parameters: {'gradient_clip_val': 0.3138161390012828, 'hidden_size': 10, 'dropout': 0.3325992116811528, 'hidden_continuous_size': 6, 'attention_head_size': 3, 'learning_rate': 0.02568289008341154}. Best is trial 31 with value: 219.4445343017578.
LOCAL_RANK: 0 - CUDA_VISIBLE_DEVICES: [0]
[I 2023-12-15 23:23:00,518] Trial 48 finished with value: 468.749267578125 and parameters: {'gradient_clip_val': 0.8672845615133417, 'hidden_size': 8, 'dropout': 0.24378652748454674, 'hidden_continuous_size': 7, 'attention_head_size': 1, 'learning_rate': 0.02042291260458057}. Best is trial 31 with value: 219.4445343017578.
LOCAL_RANK: 0 - CUDA_VISIBLE_DEVICES: [0]
[I 2023-12-15 23:23:48,549] Trial 49 finished with value: 414.8787841796875 and parameters: {'gradient_clip_val': 0.6247327210689693, 'hidden_size': 17, 'dropout': 0.2178895897691985, 'hidden_continuous_size': 10, 'attention_head_size': 4, 'learning_rate': 0.01291874199789574}. Best is trial 31 with value: 219.4445343017578.
[I 2023-12-15 23:23:48,640] A new study created in memory with name: no-name-9c1ee824-3ef3-4082-b142-3e6c2735970e
/home/le004/conda/anaconda3/envs/tsff_env/lib/python3.9/site-packages/lightning/fabric/plugins/environments/slurm.py:191: The `srun` command is available on your system but is not used. HINT: If your intention is to run Lightning on SLURM, prepend your python command with `srun` like so: srun python /home/le004/master_thesis/git/TSFusionForecast/code/ ...
LOCAL_RANK: 0 - CUDA_VISIBLE_DEVICES: [0]
[I 2023-12-15 23:24:44,205] Trial 0 finished with value: 112.45257568359375 and parameters: {'gradient_clip_val': 0.6321534563038687, 'hidden_size': 87, 'dropout': 0.18610784263287256, 'hidden_continuous_size': 46, 'attention_head_size': 2, 'learning_rate': 0.02000974503598424}. Best is trial 0 with value: 112.45257568359375.
LOCAL_RANK: 0 - CUDA_VISIBLE_DEVICES: [0]
[I 2023-12-15 23:25:28,376] Trial 1 finished with value: 106.27921295166016 and parameters: {'gradient_clip_val': 0.509716715640305, 'hidden_size': 12, 'dropout': 0.13462497344187324, 'hidden_continuous_size': 7, 'attention_head_size': 2, 'learning_rate': 0.010840709898465901}. Best is trial 1 with value: 106.27921295166016.
LOCAL_RANK: 0 - CUDA_VISIBLE_DEVICES: [0]
[I 2023-12-15 23:26:15,957] Trial 2 finished with value: 110.5490493774414 and parameters: {'gradient_clip_val': 0.1659949262286364, 'hidden_size': 22, 'dropout': 0.3774880374771825, 'hidden_continuous_size': 5, 'attention_head_size': 1, 'learning_rate': 0.027948435267359982}. Best is trial 1 with value: 106.27921295166016.
LOCAL_RANK: 0 - CUDA_VISIBLE_DEVICES: [0]
[I 2023-12-15 23:26:50,332] Trial 3 finished with value: 129.6539306640625 and parameters: {'gradient_clip_val': 0.9659787662435092, 'hidden_size': 8, 'dropout': 0.1446234531190317, 'hidden_continuous_size': 8, 'attention_head_size': 3, 'learning_rate': 0.0011170064919319587}. Best is trial 1 with value: 106.27921295166016.
LOCAL_RANK: 0 - CUDA_VISIBLE_DEVICES: [0]
[I 2023-12-15 23:27:43,525] Trial 4 finished with value: 80.43546295166016 and parameters: {'gradient_clip_val': 0.42693439046130877, 'hidden_size': 46, 'dropout': 0.3116704078368522, 'hidden_continuous_size': 32, 'attention_head_size': 3, 'learning_rate': 0.0061098562970767776}. Best is trial 4 with value: 80.43546295166016.
LOCAL_RANK: 0 - CUDA_VISIBLE_DEVICES: [0]
[I 2023-12-15 23:28:32,503] Trial 5 finished with value: 127.13274383544922 and parameters: {'gradient_clip_val': 0.2742841672133217, 'hidden_size': 34, 'dropout': 0.1585875326513429, 'hidden_continuous_size': 8, 'attention_head_size': 1, 'learning_rate': 0.013175124955792894}. Best is trial 4 with value: 80.43546295166016.
LOCAL_RANK: 0 - CUDA_VISIBLE_DEVICES: [0]
[I 2023-12-15 23:29:17,706] Trial 6 finished with value: 83.44182586669922 and parameters: {'gradient_clip_val': 0.7000435425049617, 'hidden_size': 12, 'dropout': 0.140961646137059, 'hidden_continuous_size': 8, 'attention_head_size': 4, 'learning_rate': 0.0014510063894342285}. Best is trial 4 with value: 80.43546295166016.
LOCAL_RANK: 0 - CUDA_VISIBLE_DEVICES: [0]
[I 2023-12-15 23:30:02,101] Trial 7 finished with value: 76.0663833618164 and parameters: {'gradient_clip_val': 0.34531840995569235, 'hidden_size': 12, 'dropout': 0.12649897482138728, 'hidden_continuous_size': 6, 'attention_head_size': 3, 'learning_rate': 0.0031242695518542488}. Best is trial 7 with value: 76.0663833618164.
LOCAL_RANK: 0 - CUDA_VISIBLE_DEVICES: [0]
[I 2023-12-15 23:30:36,717] Trial 8 finished with value: 57.8209228515625 and parameters: {'gradient_clip_val': 0.13695278519425233, 'hidden_size': 8, 'dropout': 0.3449703601288059, 'hidden_continuous_size': 8, 'attention_head_size': 3, 'learning_rate': 0.0032065821090455793}. Best is trial 8 with value: 57.8209228515625.
LOCAL_RANK: 0 - CUDA_VISIBLE_DEVICES: [0]
[I 2023-12-15 23:31:21,111] Trial 9 finished with value: 83.18423461914062 and parameters: {'gradient_clip_val': 0.1991904539714115, 'hidden_size': 8, 'dropout': 0.20444134268745567, 'hidden_continuous_size': 5, 'attention_head_size': 4, 'learning_rate': 0.010741632123239966}. Best is trial 8 with value: 57.8209228515625.
LOCAL_RANK: 0 - CUDA_VISIBLE_DEVICES: [0]
[I 2023-12-15 23:31:56,328] Trial 10 finished with value: 135.8397979736328 and parameters: {'gradient_clip_val': 0.11552249913323458, 'hidden_size': 5, 'dropout': 0.2676103613659383, 'hidden_continuous_size': 5, 'attention_head_size': 4, 'learning_rate': 0.0005185020367402902}. Best is trial 8 with value: 57.8209228515625.
LOCAL_RANK: 0 - CUDA_VISIBLE_DEVICES: [0]
[I 2023-12-15 23:32:42,366] Trial 11 finished with value: 82.41055297851562 and parameters: {'gradient_clip_val': 0.3258206255803743, 'hidden_size': 15, 'dropout': 0.23775496419102715, 'hidden_continuous_size': 6, 'attention_head_size': 3, 'learning_rate': 0.003860030431679254}. Best is trial 8 with value: 57.8209228515625.
LOCAL_RANK: 0 - CUDA_VISIBLE_DEVICES: [0]
[I 2023-12-15 23:33:17,068] Trial 12 finished with value: 87.54754638671875 and parameters: {'gradient_clip_val': 0.10424739714755908, 'hidden_size': 5, 'dropout': 0.10211968437663, 'hidden_continuous_size': 5, 'attention_head_size': 3, 'learning_rate': 0.07701326940539023}. Best is trial 8 with value: 57.8209228515625.
LOCAL_RANK: 0 - CUDA_VISIBLE_DEVICES: [0]
[I 2023-12-15 23:34:00,966] Trial 13 finished with value: 79.45763397216797 and parameters: {'gradient_clip_val': 0.25406891661400893, 'hidden_size': 8, 'dropout': 0.3909228784393355, 'hidden_continuous_size': 6, 'attention_head_size': 2, 'learning_rate': 0.0036003960177691348}. Best is trial 8 with value: 57.8209228515625.
LOCAL_RANK: 0 - CUDA_VISIBLE_DEVICES: [0]
[I 2023-12-15 23:34:49,519] Trial 14 finished with value: 78.8733901977539 and parameters: {'gradient_clip_val': 0.14878905989956856, 'hidden_size': 19, 'dropout': 0.32026449197850754, 'hidden_continuous_size': 10, 'attention_head_size': 3, 'learning_rate': 0.0027716561365630572}. Best is trial 8 with value: 57.8209228515625.
LOCAL_RANK: 0 - CUDA_VISIBLE_DEVICES: [0]
[I 2023-12-15 23:35:34,754] Trial 15 finished with value: 82.03597259521484 and parameters: {'gradient_clip_val': 0.34739897895240723, 'hidden_size': 10, 'dropout': 0.2189438196190975, 'hidden_continuous_size': 6, 'attention_head_size': 2, 'learning_rate': 0.0019869749062837944}. Best is trial 8 with value: 57.8209228515625.
LOCAL_RANK: 0 - CUDA_VISIBLE_DEVICES: [0]
[I 2023-12-15 23:36:20,583] Trial 16 finished with value: 72.23035430908203 and parameters: {'gradient_clip_val': 0.2188208617579727, 'hidden_size': 6, 'dropout': 0.26332401419322904, 'hidden_continuous_size': 5, 'attention_head_size': 4, 'learning_rate': 0.005333992485487795}. Best is trial 8 with value: 57.8209228515625.
LOCAL_RANK: 0 - CUDA_VISIBLE_DEVICES: [0]
[I 2023-12-15 23:36:55,782] Trial 17 finished with value: 72.14855194091797 and parameters: {'gradient_clip_val': 0.21281599164232207, 'hidden_size': 5, 'dropout': 0.27152451245600684, 'hidden_continuous_size': 5, 'attention_head_size': 4, 'learning_rate': 0.005999215900588422}. Best is trial 8 with value: 57.8209228515625.
LOCAL_RANK: 0 - CUDA_VISIBLE_DEVICES: [0]
[I 2023-12-15 23:37:30,691] Trial 18 finished with value: 79.67405700683594 and parameters: {'gradient_clip_val': 0.14752901381550823, 'hidden_size': 5, 'dropout': 0.30128085822004824, 'hidden_continuous_size': 5, 'attention_head_size': 4, 'learning_rate': 0.00646381378329147}. Best is trial 8 with value: 57.8209228515625.
LOCAL_RANK: 0 - CUDA_VISIBLE_DEVICES: [0]
[I 2023-12-15 23:38:16,669] Trial 19 finished with value: 118.9831314086914 and parameters: {'gradient_clip_val': 0.1948405279206388, 'hidden_size': 7, 'dropout': 0.3595771937357922, 'hidden_continuous_size': 5, 'attention_head_size': 4, 'learning_rate': 0.0019235296084721125}. Best is trial 8 with value: 57.8209228515625.
LOCAL_RANK: 0 - CUDA_VISIBLE_DEVICES: [0]
[I 2023-12-15 23:39:02,467] Trial 20 finished with value: 128.67262268066406 and parameters: {'gradient_clip_val': 0.1252155261614869, 'hidden_size': 6, 'dropout': 0.34051058638445875, 'hidden_continuous_size': 5, 'attention_head_size': 4, 'learning_rate': 0.0008639011076466656}. Best is trial 8 with value: 57.8209228515625.
LOCAL_RANK: 0 - CUDA_VISIBLE_DEVICES: [0]
[I 2023-12-15 23:39:48,088] Trial 21 finished with value: 78.16627502441406 and parameters: {'gradient_clip_val': 0.21911719520126344, 'hidden_size': 6, 'dropout': 0.2715239005517895, 'hidden_continuous_size': 5, 'attention_head_size': 4, 'learning_rate': 0.004643012760013663}. Best is trial 8 with value: 57.8209228515625.
LOCAL_RANK: 0 - CUDA_VISIBLE_DEVICES: [0]
[I 2023-12-15 23:40:23,536] Trial 22 finished with value: 60.95774459838867 and parameters: {'gradient_clip_val': 0.23623463649592855, 'hidden_size': 5, 'dropout': 0.27276341674452637, 'hidden_continuous_size': 5, 'attention_head_size': 4, 'learning_rate': 0.006303794142210787}. Best is trial 8 with value: 57.8209228515625.
LOCAL_RANK: 0 - CUDA_VISIBLE_DEVICES: [0]
[I 2023-12-15 23:40:58,384] Trial 23 finished with value: 88.73947143554688 and parameters: {'gradient_clip_val': 0.17426789488346178, 'hidden_size': 5, 'dropout': 0.2918326465071798, 'hidden_continuous_size': 5, 'attention_head_size': 3, 'learning_rate': 0.007213905586644212}. Best is trial 8 with value: 57.8209228515625.
LOCAL_RANK: 0 - CUDA_VISIBLE_DEVICES: [0]
[I 2023-12-15 23:41:44,437] Trial 24 finished with value: 83.77389526367188 and parameters: {'gradient_clip_val': 0.13070434312683937, 'hidden_size': 9, 'dropout': 0.333529384938896, 'hidden_continuous_size': 6, 'attention_head_size': 4, 'learning_rate': 0.0019791907730531523}. Best is trial 8 with value: 57.8209228515625.
LOCAL_RANK: 0 - CUDA_VISIBLE_DEVICES: [0]
[I 2023-12-15 23:42:29,859] Trial 25 finished with value: 71.0340805053711 and parameters: {'gradient_clip_val': 0.24824006214715638, 'hidden_size': 7, 'dropout': 0.2865250794899531, 'hidden_continuous_size': 5, 'attention_head_size': 3, 'learning_rate': 0.002782046412522323}. Best is trial 8 with value: 57.8209228515625.
LOCAL_RANK: 0 - CUDA_VISIBLE_DEVICES: [0]
[I 2023-12-15 23:43:15,224] Trial 26 finished with value: 79.07243347167969 and parameters: {'gradient_clip_val': 0.28257543409317704, 'hidden_size': 7, 'dropout': 0.2930075296678444, 'hidden_continuous_size': 5, 'attention_head_size': 3, 'learning_rate': 0.0022924478575805274}. Best is trial 8 with value: 57.8209228515625.
LOCAL_RANK: 0 - CUDA_VISIBLE_DEVICES: [0]
[I 2023-12-15 23:44:00,617] Trial 27 finished with value: 76.66168975830078 and parameters: {'gradient_clip_val': 0.2586785974738067, 'hidden_size': 10, 'dropout': 0.3567857869050451, 'hidden_continuous_size': 7, 'attention_head_size': 2, 'learning_rate': 0.00337659329151454}. Best is trial 8 with value: 57.8209228515625.
LOCAL_RANK: 0 - CUDA_VISIBLE_DEVICES: [0]
[I 2023-12-15 23:44:46,085] Trial 28 finished with value: 103.3606185913086 and parameters: {'gradient_clip_val': 0.10250695270814243, 'hidden_size': 7, 'dropout': 0.24051456831540902, 'hidden_continuous_size': 5, 'attention_head_size': 3, 'learning_rate': 0.001310764337279689}. Best is trial 8 with value: 57.8209228515625.
LOCAL_RANK: 0 - CUDA_VISIBLE_DEVICES: [0]
[I 2023-12-15 23:45:31,207] Trial 29 finished with value: 70.87847137451172 and parameters: {'gradient_clip_val': 0.17119229711347536, 'hidden_size': 10, 'dropout': 0.3363316210996598, 'hidden_continuous_size': 6, 'attention_head_size': 2, 'learning_rate': 0.002604087892044749}. Best is trial 8 with value: 57.8209228515625.
LOCAL_RANK: 0 - CUDA_VISIBLE_DEVICES: [0]
[I 2023-12-15 23:46:16,517] Trial 30 finished with value: 50.09894943237305 and parameters: {'gradient_clip_val': 0.1595886157928328, 'hidden_size': 15, 'dropout': 0.3206933564058687, 'hidden_continuous_size': 7, 'attention_head_size': 1, 'learning_rate': 0.0038286313466272684}. Best is trial 30 with value: 50.09894943237305.
LOCAL_RANK: 0 - CUDA_VISIBLE_DEVICES: [0]
[I 2023-12-15 23:47:01,631] Trial 31 finished with value: 74.11237335205078 and parameters: {'gradient_clip_val': 0.1688205797940803, 'hidden_size': 15, 'dropout': 0.3222109098310958, 'hidden_continuous_size': 7, 'attention_head_size': 1, 'learning_rate': 0.003770243940377954}. Best is trial 30 with value: 50.09894943237305.
LOCAL_RANK: 0 - CUDA_VISIBLE_DEVICES: [0]
