[I 2023-12-26 16:52:44,237] Trial 4 finished with value: 3.0755579471588135 and parameters: {'gradient_clip_val': 0.24175399731430375, 'hidden_size': 49, 'dropout': 0.3858735289619487, 'hidden_continuous_size': 23, 'attention_head_size': 4, 'learning_rate': 0.0037695009801221846}. Best is trial 0 with value: 0.06906741112470627.
[I 2023-12-26 16:52:53,793] Trial 5 finished with value: 3.740521192550659 and parameters: {'gradient_clip_val': 0.2758396559836258, 'hidden_size': 134, 'dropout': 0.4971818829040501, 'hidden_continuous_size': 17, 'attention_head_size': 4, 'learning_rate': 0.0020695051848236955}. Best is trial 0 with value: 0.06906741112470627.
[I 2023-12-26 16:52:56,187] Trial 6 finished with value: 3.3576037883758545 and parameters: {'gradient_clip_val': 0.2217050672460499, 'hidden_size': 20, 'dropout': 0.43043253693880457, 'hidden_continuous_size': 13, 'attention_head_size': 4, 'learning_rate': 0.0005678839033225672}. Best is trial 0 with value: 0.06906741112470627.
[I 2023-12-26 16:52:58,338] Trial 7 finished with value: 2.9925918579101562 and parameters: {'gradient_clip_val': 0.21563811939225427, 'hidden_size': 10, 'dropout': 0.45195841431915873, 'hidden_continuous_size': 5, 'attention_head_size': 3, 'learning_rate': 0.004212899903621039}. Best is trial 0 with value: 0.06906741112470627.
[I 2023-12-26 16:53:00,856] Trial 8 finished with value: 4.047806262969971 and parameters: {'gradient_clip_val': 0.42433773312947515, 'hidden_size': 23, 'dropout': 0.3209057181574124, 'hidden_continuous_size': 18, 'attention_head_size': 1, 'learning_rate': 0.018116919017767883}. Best is trial 0 with value: 0.06906741112470627.
[I 2023-12-26 16:53:04,799] Trial 9 finished with value: 1.497179388999939 and parameters: {'gradient_clip_val': 0.2477295650515563, 'hidden_size': 50, 'dropout': 0.3720386633421747, 'hidden_continuous_size': 42, 'attention_head_size': 4, 'learning_rate': 0.052096530171652056}. Best is trial 0 with value: 0.06906741112470627.
[I 2023-12-26 16:53:06,653] Trial 10 finished with value: 4.183200359344482 and parameters: {'gradient_clip_val': 0.9254815214864245, 'hidden_size': 5, 'dropout': 0.19791061833497553, 'hidden_continuous_size': 5, 'attention_head_size': 2, 'learning_rate': 0.09391396242269466}. Best is trial 0 with value: 0.06906741112470627.
[I 2023-12-26 16:53:10,477] Trial 11 finished with value: 3.8123557567596436 and parameters: {'gradient_clip_val': 0.5313681969687304, 'hidden_size': 52, 'dropout': 0.22156237783464744, 'hidden_continuous_size': 52, 'attention_head_size': 3, 'learning_rate': 0.07454641414778021}. Best is trial 0 with value: 0.06906741112470627.
[I 2023-12-26 16:53:14,029] Trial 12 finished with value: 2.9726016521453857 and parameters: {'gradient_clip_val': 0.6346528424305005, 'hidden_size': 44, 'dropout': 0.2675660779449785, 'hidden_continuous_size': 34, 'attention_head_size': 2, 'learning_rate': 0.0274002854827589}. Best is trial 0 with value: 0.06906741112470627.
[I 2023-12-26 16:53:21,204] Trial 13 finished with value: 3.6261463165283203 and parameters: {'gradient_clip_val': 0.3841227665151289, 'hidden_size': 92, 'dropout': 0.1367817616786418, 'hidden_continuous_size': 66, 'attention_head_size': 4, 'learning_rate': 0.044983099113193765}. Best is trial 0 with value: 0.06906741112470627.
[I 2023-12-26 16:53:24,396] Trial 14 finished with value: 3.2924137115478516 and parameters: {'gradient_clip_val': 0.1586139720567048, 'hidden_size': 39, 'dropout': 0.33547469237537914, 'hidden_continuous_size': 11, 'attention_head_size': 3, 'learning_rate': 0.015220725290732436}. Best is trial 0 with value: 0.06906741112470627.
[I 2023-12-26 16:53:30,251] Trial 15 finished with value: 2.526624917984009 and parameters: {'gradient_clip_val': 0.5298502471075269, 'hidden_size': 74, 'dropout': 0.27653294023590974, 'hidden_continuous_size': 34, 'attention_head_size': 4, 'learning_rate': 0.03456833995611823}. Best is trial 0 with value: 0.06906741112470627.
[I 2023-12-26 16:53:32,889] Trial 16 finished with value: 2.232182264328003 and parameters: {'gradient_clip_val': 0.11010464018281078, 'hidden_size': 32, 'dropout': 0.33570120574036283, 'hidden_continuous_size': 9, 'attention_head_size': 2, 'learning_rate': 0.05444311326100016}. Best is trial 0 with value: 0.06906741112470627.
[I 2023-12-26 16:53:35,815] Trial 17 finished with value: 3.185187578201294 and parameters: {'gradient_clip_val': 0.34665805896235613, 'hidden_size': 31, 'dropout': 0.3519159102802934, 'hidden_continuous_size': 9, 'attention_head_size': 3, 'learning_rate': 0.012434929446437653}. Best is trial 0 with value: 0.06906741112470627.
[I 2023-12-26 16:53:40,917] Trial 18 finished with value: 2.580909013748169 and parameters: {'gradient_clip_val': 0.18727879138108583, 'hidden_size': 72, 'dropout': 0.27841224102224726, 'hidden_continuous_size': 29, 'attention_head_size': 4, 'learning_rate': 0.09621603405906987}. Best is trial 0 with value: 0.06906741112470627.
[I 2023-12-26 16:53:52,989] Trial 19 finished with value: 3.8211910724639893 and parameters: {'gradient_clip_val': 0.18155177478143883, 'hidden_size': 149, 'dropout': 0.4329280447516439, 'hidden_continuous_size': 111, 'attention_head_size': 3, 'learning_rate': 0.03251520034812653}. Best is trial 0 with value: 0.06906741112470627.
[I 2023-12-26 16:53:55,762] Trial 20 finished with value: 3.2936694622039795 and parameters: {'gradient_clip_val': 0.3329541453640574, 'hidden_size': 32, 'dropout': 0.2939682943751161, 'hidden_continuous_size': 13, 'attention_head_size': 4, 'learning_rate': 0.05572378717222212}. Best is trial 0 with value: 0.06906741112470627.
[I 2023-12-26 16:53:58,536] Trial 21 finished with value: 3.9521095752716064 and parameters: {'gradient_clip_val': 0.10492252225662567, 'hidden_size': 30, 'dropout': 0.362700292144664, 'hidden_continuous_size': 9, 'attention_head_size': 2, 'learning_rate': 0.05225102476099015}. Best is trial 0 with value: 0.06906741112470627.
[I 2023-12-26 16:54:02,404] Trial 22 finished with value: 2.348653554916382 and parameters: {'gradient_clip_val': 0.10066766995109538, 'hidden_size': 58, 'dropout': 0.3536615962532715, 'hidden_continuous_size': 14, 'attention_head_size': 2, 'learning_rate': 0.02424841685764046}. Best is trial 0 with value: 0.06906741112470627.
[I 2023-12-26 16:54:05,330] Trial 23 finished with value: 2.789443254470825 and parameters: {'gradient_clip_val': 0.12965124014439208, 'hidden_size': 36, 'dropout': 0.32986813298238243, 'hidden_continuous_size': 10, 'attention_head_size': 1, 'learning_rate': 0.0573744057770835}. Best is trial 0 with value: 0.06906741112470627.
[I 2023-12-26 16:54:07,916] Trial 24 finished with value: 1.9837126731872559 and parameters: {'gradient_clip_val': 0.27661912645754183, 'hidden_size': 26, 'dropout': 0.30134888312910035, 'hidden_continuous_size': 7, 'attention_head_size': 2, 'learning_rate': 0.038368921561937885}. Best is trial 0 with value: 0.06906741112470627.
[I 2023-12-26 16:54:10,205] Trial 25 finished with value: 3.1328067779541016 and parameters: {'gradient_clip_val': 0.2785298197408827, 'hidden_size': 15, 'dropout': 0.2979279457145223, 'hidden_continuous_size': 7, 'attention_head_size': 3, 'learning_rate': 0.023263614859897527}. Best is trial 0 with value: 0.06906741112470627.
[I 2023-12-26 16:54:12,724] Trial 26 finished with value: 3.5093796253204346 and parameters: {'gradient_clip_val': 0.2925941573735095, 'hidden_size': 26, 'dropout': 0.25713790200748804, 'hidden_continuous_size': 8, 'attention_head_size': 2, 'learning_rate': 0.010998195959708388}. Best is trial 0 with value: 0.06906741112470627.
[I 2023-12-26 16:54:15,630] Trial 27 finished with value: 2.792618751525879 and parameters: {'gradient_clip_val': 0.409665752510226, 'hidden_size': 27, 'dropout': 0.2401003063690481, 'hidden_continuous_size': 11, 'attention_head_size': 1, 'learning_rate': 0.041551599835946404}. Best is trial 0 with value: 0.06906741112470627.
[I 2023-12-26 16:54:18,936] Trial 28 finished with value: 3.841200113296509 and parameters: {'gradient_clip_val': 0.2363689728522697, 'hidden_size': 42, 'dropout': 0.31286192043082467, 'hidden_continuous_size': 6, 'attention_head_size': 3, 'learning_rate': 0.03310878243919389}. Best is trial 0 with value: 0.06906741112470627.
[I 2023-12-26 16:54:21,240] Trial 29 finished with value: 2.8673622608184814 and parameters: {'gradient_clip_val': 0.32003952696777554, 'hidden_size': 18, 'dropout': 0.38299940488600964, 'hidden_continuous_size': 8, 'attention_head_size': 4, 'learning_rate': 0.008326187238483657}. Best is trial 0 with value: 0.06906741112470627.
[I 2023-12-26 16:54:24,438] Trial 30 finished with value: 3.3478915691375732 and parameters: {'gradient_clip_val': 0.31209318980181483, 'hidden_size': 41, 'dropout': 0.3003377948367511, 'hidden_continuous_size': 6, 'attention_head_size': 3, 'learning_rate': 0.022586317135917668}. Best is trial 0 with value: 0.06906741112470627.
[I 2023-12-26 16:54:27,093] Trial 31 finished with value: 4.630477428436279 and parameters: {'gradient_clip_val': 0.1890067937785983, 'hidden_size': 27, 'dropout': 0.34643079323513937, 'hidden_continuous_size': 10, 'attention_head_size': 2, 'learning_rate': 0.0684223390016605}. Best is trial 0 with value: 0.06906741112470627.
[I 2023-12-26 16:54:29,970] Trial 32 finished with value: 2.5712697505950928 and parameters: {'gradient_clip_val': 0.13269905310726487, 'hidden_size': 33, 'dropout': 0.3714661290614478, 'hidden_continuous_size': 16, 'attention_head_size': 2, 'learning_rate': 0.04530862763760205}. Best is trial 0 with value: 0.06906741112470627.
[I 2023-12-26 16:54:32,375] Trial 33 finished with value: 4.760596752166748 and parameters: {'gradient_clip_val': 0.1615695492127635, 'hidden_size': 24, 'dropout': 0.3206847329663102, 'hidden_continuous_size': 12, 'attention_head_size': 2, 'learning_rate': 0.07865313346409392}. Best is trial 0 with value: 0.06906741112470627.
[I 2023-12-26 16:54:34,447] Trial 34 finished with value: 2.713549852371216 and parameters: {'gradient_clip_val': 0.25098222257958797, 'hidden_size': 16, 'dropout': 0.400612894894821, 'hidden_continuous_size': 7, 'attention_head_size': 1, 'learning_rate': 0.03905580154161646}. Best is trial 0 with value: 0.06906741112470627.
[I 2023-12-26 16:54:36,826] Trial 35 finished with value: 3.2348718643188477 and parameters: {'gradient_clip_val': 0.2582173038779318, 'hidden_size': 21, 'dropout': 0.40391415399691666, 'hidden_continuous_size': 8, 'attention_head_size': 2, 'learning_rate': 0.01801939890115377}. Best is trial 0 with value: 0.06906741112470627.
[I 2023-12-26 16:54:39,989] Trial 36 finished with value: 3.4432477951049805 and parameters: {'gradient_clip_val': 0.21464905739876697, 'hidden_size': 36, 'dropout': 0.3660241114306972, 'hidden_continuous_size': 15, 'attention_head_size': 4, 'learning_rate': 0.05954964072919376}. Best is trial 0 with value: 0.06906741112470627.
[I 2023-12-26 16:54:43,587] Trial 37 finished with value: 2.253626823425293 and parameters: {'gradient_clip_val': 0.2822024274649966, 'hidden_size': 49, 'dropout': 0.34482749739515384, 'hidden_continuous_size': 17, 'attention_head_size': 2, 'learning_rate': 0.030142963499561828}. Best is trial 0 with value: 0.06906741112470627.
[I 2023-12-26 16:54:45,864] Trial 38 finished with value: 3.4683837890625 and parameters: {'gradient_clip_val': 0.11824600391186188, 'hidden_size': 14, 'dropout': 0.38320097796512986, 'hidden_continuous_size': 7, 'attention_head_size': 4, 'learning_rate': 0.07172859141676909}. Best is trial 0 with value: 0.06906741112470627.
[I 2023-12-26 16:54:48,575] Trial 39 finished with value: 3.1350815296173096 and parameters: {'gradient_clip_val': 0.14574014583154746, 'hidden_size': 22, 'dropout': 0.31065860286919467, 'hidden_continuous_size': 9, 'attention_head_size': 1, 'learning_rate': 0.09935146016456668}. Best is trial 0 with value: 0.06906741112470627.
[I 2023-12-26 16:54:51,293] Trial 40 finished with value: 3.646014928817749 and parameters: {'gradient_clip_val': 0.21369775155938925, 'hidden_size': 28, 'dropout': 0.32388812597804867, 'hidden_continuous_size': 12, 'attention_head_size': 3, 'learning_rate': 0.0201964305235621}. Best is trial 0 with value: 0.06906741112470627.
[I 2023-12-26 16:54:55,113] Trial 41 finished with value: 2.8979997634887695 and parameters: {'gradient_clip_val': 0.2788406858122665, 'hidden_size': 50, 'dropout': 0.33870503722018863, 'hidden_continuous_size': 17, 'attention_head_size': 2, 'learning_rate': 0.027990971681784216}. Best is trial 0 with value: 0.06906741112470627.
[I 2023-12-26 16:54:58,775] Trial 42 finished with value: 3.694035291671753 and parameters: {'gradient_clip_val': 0.2406114829025156, 'hidden_size': 46, 'dropout': 0.349521835010276, 'hidden_continuous_size': 19, 'attention_head_size': 2, 'learning_rate': 0.03896294121317554}. Best is trial 0 with value: 0.06906741112470627.
[I 2023-12-26 16:55:01,852] Trial 43 finished with value: 3.6260910034179688 and parameters: {'gradient_clip_val': 0.28179524928222716, 'hidden_size': 37, 'dropout': 0.3698444184925364, 'hidden_continuous_size': 14, 'attention_head_size': 2, 'learning_rate': 0.05010059646616756}. Best is trial 0 with value: 0.06906741112470627.
[I 2023-12-26 16:55:05,995] Trial 44 finished with value: 3.655019760131836 and parameters: {'gradient_clip_val': 0.36037093911533746, 'hidden_size': 59, 'dropout': 0.4071580914278816, 'hidden_continuous_size': 23, 'attention_head_size': 2, 'learning_rate': 0.029835445310860794}. Best is trial 0 with value: 0.06906741112470627.
[I 2023-12-26 16:55:09,570] Trial 45 finished with value: 3.203857660293579 and parameters: {'gradient_clip_val': 0.3107138054007994, 'hidden_size': 44, 'dropout': 0.33455208070498066, 'hidden_continuous_size': 20, 'attention_head_size': 2, 'learning_rate': 0.014874187440862517}. Best is trial 0 with value: 0.06906741112470627.
[I 2023-12-26 16:55:12,059] Trial 46 finished with value: 2.7672767639160156 and parameters: {'gradient_clip_val': 0.4636849915093799, 'hidden_size': 24, 'dropout': 0.28849237911884773, 'hidden_continuous_size': 12, 'attention_head_size': 4, 'learning_rate': 0.005235648920471959}. Best is trial 0 with value: 0.06906741112470627.
[I 2023-12-26 16:55:16,124] Trial 47 finished with value: 3.3723647594451904 and parameters: {'gradient_clip_val': 0.3426749530891785, 'hidden_size': 55, 'dropout': 0.3046480852000692, 'hidden_continuous_size': 22, 'attention_head_size': 3, 'learning_rate': 0.025780631281316156}. Best is trial 0 with value: 0.06906741112470627.
[I 2023-12-26 16:55:19,012] Trial 48 finished with value: 2.9068548679351807 and parameters: {'gradient_clip_val': 0.39428395742245637, 'hidden_size': 33, 'dropout': 0.3380997001978992, 'hidden_continuous_size': 15, 'attention_head_size': 2, 'learning_rate': 0.03716727837391575}. Best is trial 0 with value: 0.06906741112470627.
[I 2023-12-26 16:55:21,338] Trial 49 finished with value: 4.270831108093262 and parameters: {'gradient_clip_val': 0.6505614501704777, 'hidden_size': 20, 'dropout': 0.3176080502980962, 'hidden_continuous_size': 11, 'attention_head_size': 1, 'learning_rate': 0.04708439125189486}. Best is trial 0 with value: 0.06906741112470627.
[I 2023-12-26 16:55:21,475] A new study created in memory with name: no-name-4831afb1-82bb-4db7-9005-860ed3ad5d9d
/home/le004/conda/anaconda3/envs/tsff_env/lib/python3.9/site-packages/lightning/fabric/plugins/environments/slurm.py:191: The `srun` command is available on your system but is not used. HINT: If your intention is to run Lightning on SLURM, prepend your python command with `srun` like so: srun python /home/le004/master_thesis/git/TSFusionForecast/code/ ...
[I 2023-12-26 17:00:48,306] Trial 0 finished with value: 0.12577566504478455 and parameters: {'gradient_clip_val': 0.6751584089471003, 'hidden_size': 47, 'dropout': 0.19434158526478562, 'hidden_continuous_size': 24, 'attention_head_size': 2, 'learning_rate': 0.0017597784234549302}. Best is trial 0 with value: 0.12577566504478455.
[I 2023-12-26 17:00:50,564] Trial 1 finished with value: 5.003697872161865 and parameters: {'gradient_clip_val': 0.3144979096964482, 'hidden_size': 15, 'dropout': 0.2313895800940113, 'hidden_continuous_size': 9, 'attention_head_size': 1, 'learning_rate': 0.018129183805238785}. Best is trial 0 with value: 0.12577566504478455.
[I 2023-12-26 17:00:52,764] Trial 2 finished with value: 4.489511013031006 and parameters: {'gradient_clip_val': 0.2035774023782113, 'hidden_size': 17, 'dropout': 0.17258408769913747, 'hidden_continuous_size': 11, 'attention_head_size': 1, 'learning_rate': 0.0025217161477296746}. Best is trial 0 with value: 0.12577566504478455.
[I 2023-12-26 17:00:55,168] Trial 3 finished with value: 3.389322519302368 and parameters: {'gradient_clip_val': 0.10574474330467261, 'hidden_size': 24, 'dropout': 0.46293900333454585, 'hidden_continuous_size': 7, 'attention_head_size': 1, 'learning_rate': 0.033011578473287485}. Best is trial 0 with value: 0.12577566504478455.
[I 2023-12-26 17:01:05,709] Trial 4 finished with value: 4.766016006469727 and parameters: {'gradient_clip_val': 0.11054465301706162, 'hidden_size': 145, 'dropout': 0.33532486883666923, 'hidden_continuous_size': 45, 'attention_head_size': 2, 'learning_rate': 0.007794188797959394}. Best is trial 0 with value: 0.12577566504478455.
[I 2023-12-26 17:01:07,836] Trial 5 finished with value: 3.1964337825775146 and parameters: {'gradient_clip_val': 0.33903389235291476, 'hidden_size': 7, 'dropout': 0.28153503160567717, 'hidden_continuous_size': 7, 'attention_head_size': 2, 'learning_rate': 0.04688620535264608}. Best is trial 0 with value: 0.12577566504478455.
[I 2023-12-26 17:01:11,781] Trial 6 finished with value: 3.610302209854126 and parameters: {'gradient_clip_val': 0.39274933174170407, 'hidden_size': 53, 'dropout': 0.3111190957105042, 'hidden_continuous_size': 6, 'attention_head_size': 2, 'learning_rate': 0.0037060707892796955}. Best is trial 0 with value: 0.12577566504478455.
[I 2023-12-26 17:01:13,762] Trial 7 finished with value: 3.975267171859741 and parameters: {'gradient_clip_val': 0.7856772360472071, 'hidden_size': 6, 'dropout': 0.24790085511183024, 'hidden_continuous_size': 5, 'attention_head_size': 1, 'learning_rate': 0.013008110550817256}. Best is trial 0 with value: 0.12577566504478455.
[I 2023-12-26 17:01:16,007] Trial 8 finished with value: 3.326647996902466 and parameters: {'gradient_clip_val': 0.18328301344650902, 'hidden_size': 14, 'dropout': 0.1912090067455118, 'hidden_continuous_size': 7, 'attention_head_size': 3, 'learning_rate': 0.001602988227406466}. Best is trial 0 with value: 0.12577566504478455.
[I 2023-12-26 17:01:25,217] Trial 9 finished with value: 3.6116864681243896 and parameters: {'gradient_clip_val': 0.7800793908267155, 'hidden_size': 126, 'dropout': 0.17520093481194984, 'hidden_continuous_size': 24, 'attention_head_size': 4, 'learning_rate': 0.03034855342831353}. Best is trial 0 with value: 0.12577566504478455.
[I 2023-12-26 17:01:29,050] Trial 10 finished with value: 3.3996613025665283 and parameters: {'gradient_clip_val': 0.9728153679893912, 'hidden_size': 49, 'dropout': 0.11436598191653291, 'hidden_continuous_size': 19, 'attention_head_size': 3, 'learning_rate': 0.0006901269219423378}. Best is trial 0 with value: 0.12577566504478455.
[I 2023-12-26 17:01:30,882] Trial 11 finished with value: 3.7390034198760986 and parameters: {'gradient_clip_val': 0.5224298219107101, 'hidden_size': 5, 'dropout': 0.2814260178213894, 'hidden_continuous_size': 5, 'attention_head_size': 2, 'learning_rate': 0.07925284381633174}. Best is trial 0 with value: 0.12577566504478455.
[I 2023-12-26 17:01:33,024] Trial 12 finished with value: 3.004861831665039 and parameters: {'gradient_clip_val': 0.5318113120944974, 'hidden_size': 9, 'dropout': 0.36725191762087156, 'hidden_continuous_size': 5, 'attention_head_size': 3, 'learning_rate': 0.09921928918256206}. Best is trial 0 with value: 0.12577566504478455.
[I 2023-12-26 17:01:35,170] Trial 13 finished with value: 3.143643617630005 and parameters: {'gradient_clip_val': 0.5552415513112434, 'hidden_size': 9, 'dropout': 0.368796503132989, 'hidden_continuous_size': 5, 'attention_head_size': 4, 'learning_rate': 0.0790882561174127}. Best is trial 0 with value: 0.12577566504478455.
[I 2023-12-26 17:01:38,246] Trial 14 finished with value: 4.045221328735352 and parameters: {'gradient_clip_val': 0.5660800043325813, 'hidden_size': 36, 'dropout': 0.37351125353297765, 'hidden_continuous_size': 15, 'attention_head_size': 3, 'learning_rate': 0.006175234919303208}. Best is trial 0 with value: 0.12577566504478455.
[I 2023-12-26 17:01:40,408] Trial 15 finished with value: 3.9501373767852783 and parameters: {'gradient_clip_val': 0.9855641682340991, 'hidden_size': 9, 'dropout': 0.44496815032698245, 'hidden_continuous_size': 6, 'attention_head_size': 3, 'learning_rate': 0.001032310637604041}. Best is trial 0 with value: 0.12577566504478455.
[I 2023-12-26 17:01:43,288] Trial 16 finished with value: 2.8651297092437744 and parameters: {'gradient_clip_val': 0.4668317031162003, 'hidden_size': 30, 'dropout': 0.39920959992956995, 'hidden_continuous_size': 10, 'attention_head_size': 4, 'learning_rate': 0.0006140081750752702}. Best is trial 0 with value: 0.12577566504478455.
[I 2023-12-26 17:01:47,804] Trial 17 finished with value: 3.1824071407318115 and parameters: {'gradient_clip_val': 0.6815356931636904, 'hidden_size': 56, 'dropout': 0.483906813222715, 'hidden_continuous_size': 28, 'attention_head_size': 4, 'learning_rate': 0.0005043525286265024}. Best is trial 0 with value: 0.12577566504478455.
[I 2023-12-26 17:01:50,805] Trial 18 finished with value: 3.7843387126922607 and parameters: {'gradient_clip_val': 0.42206874607623984, 'hidden_size': 31, 'dropout': 0.42067065090605327, 'hidden_continuous_size': 12, 'attention_head_size': 4, 'learning_rate': 0.0010912457542336692}. Best is trial 0 with value: 0.12577566504478455.
