[I 2023-12-15 20:42:37,252] Trial 49 finished with value: 213.87750244140625 and parameters: {'gradient_clip_val': 0.6108862191000258, 'hidden_size': 13, 'dropout': 0.22996782710100394, 'hidden_continuous_size': 7, 'attention_head_size': 1, 'learning_rate': 0.0008232210730244071}. Best is trial 6 with value: 60.74638748168945.
[I 2023-12-15 20:42:37,346] A new study created in memory with name: no-name-f7478a2c-b1f7-4303-bcaf-c11eddf1c23c
/home/le004/conda/anaconda3/envs/tsff_env/lib/python3.9/site-packages/lightning/fabric/plugins/environments/slurm.py:191: The `srun` command is available on your system but is not used. HINT: If your intention is to run Lightning on SLURM, prepend your python command with `srun` like so: srun python /home/le004/master_thesis/git/TSFusionForecast/code/ ...
LOCAL_RANK: 0 - CUDA_VISIBLE_DEVICES: [0]
[I 2023-12-15 20:43:22,355] Trial 0 finished with value: 527.8208618164062 and parameters: {'gradient_clip_val': 0.7116558157513118, 'hidden_size': 9, 'dropout': 0.25053289315909943, 'hidden_continuous_size': 8, 'attention_head_size': 2, 'learning_rate': 0.000770877439683548}. Best is trial 0 with value: 527.8208618164062.
LOCAL_RANK: 0 - CUDA_VISIBLE_DEVICES: [0]
[I 2023-12-15 20:43:55,688] Trial 1 finished with value: 624.9483032226562 and parameters: {'gradient_clip_val': 0.2260302107245323, 'hidden_size': 10, 'dropout': 0.3361546695454898, 'hidden_continuous_size': 10, 'attention_head_size': 1, 'learning_rate': 0.0010223671180623539}. Best is trial 0 with value: 527.8208618164062.
LOCAL_RANK: 0 - CUDA_VISIBLE_DEVICES: [0]
[I 2023-12-15 20:44:42,131] Trial 2 finished with value: 678.9401245117188 and parameters: {'gradient_clip_val': 0.20052765379052664, 'hidden_size': 16, 'dropout': 0.23592205910306766, 'hidden_continuous_size': 14, 'attention_head_size': 4, 'learning_rate': 0.0024470913046030856}. Best is trial 0 with value: 527.8208618164062.
LOCAL_RANK: 0 - CUDA_VISIBLE_DEVICES: [0]
[I 2023-12-15 20:45:26,992] Trial 3 finished with value: 702.67431640625 and parameters: {'gradient_clip_val': 0.3618605479040797, 'hidden_size': 7, 'dropout': 0.37819308379305916, 'hidden_continuous_size': 5, 'attention_head_size': 3, 'learning_rate': 0.0007755951581100146}. Best is trial 0 with value: 527.8208618164062.
LOCAL_RANK: 0 - CUDA_VISIBLE_DEVICES: [0]
[I 2023-12-15 20:46:21,545] Trial 4 finished with value: 731.0360717773438 and parameters: {'gradient_clip_val': 0.12346568514739334, 'hidden_size': 62, 'dropout': 0.24408866940809174, 'hidden_continuous_size': 51, 'attention_head_size': 4, 'learning_rate': 0.005624337135646509}. Best is trial 0 with value: 527.8208618164062.
LOCAL_RANK: 0 - CUDA_VISIBLE_DEVICES: [0]
[I 2023-12-15 20:47:06,269] Trial 5 finished with value: 753.7278442382812 and parameters: {'gradient_clip_val': 0.19646459386161663, 'hidden_size': 6, 'dropout': 0.13838390985602006, 'hidden_continuous_size': 5, 'attention_head_size': 2, 'learning_rate': 0.02307321630647032}. Best is trial 0 with value: 527.8208618164062.
LOCAL_RANK: 0 - CUDA_VISIBLE_DEVICES: [0]
[I 2023-12-15 20:47:50,450] Trial 6 finished with value: 1101.4173583984375 and parameters: {'gradient_clip_val': 0.13485024829482425, 'hidden_size': 12, 'dropout': 0.3314106522450334, 'hidden_continuous_size': 10, 'attention_head_size': 2, 'learning_rate': 0.00752803196669737}. Best is trial 0 with value: 527.8208618164062.
LOCAL_RANK: 0 - CUDA_VISIBLE_DEVICES: [0]
[I 2023-12-15 20:48:43,973] Trial 7 finished with value: 257.00421142578125 and parameters: {'gradient_clip_val': 0.1860169100188907, 'hidden_size': 85, 'dropout': 0.3676800824497931, 'hidden_continuous_size': 9, 'attention_head_size': 4, 'learning_rate': 0.0005593372368515293}. Best is trial 7 with value: 257.00421142578125.
LOCAL_RANK: 0 - CUDA_VISIBLE_DEVICES: [0]
[I 2023-12-15 20:49:17,993] Trial 8 finished with value: 985.2293090820312 and parameters: {'gradient_clip_val': 0.21779255572754813, 'hidden_size': 18, 'dropout': 0.3228845231010522, 'hidden_continuous_size': 18, 'attention_head_size': 2, 'learning_rate': 0.016510890764495707}. Best is trial 7 with value: 257.00421142578125.
LOCAL_RANK: 0 - CUDA_VISIBLE_DEVICES: [0]
[I 2023-12-15 20:50:07,056] Trial 9 finished with value: 604.9515991210938 and parameters: {'gradient_clip_val': 0.9759486189728106, 'hidden_size': 36, 'dropout': 0.15625670264604818, 'hidden_continuous_size': 11, 'attention_head_size': 3, 'learning_rate': 0.0060417920488855794}. Best is trial 7 with value: 257.00421142578125.
LOCAL_RANK: 0 - CUDA_VISIBLE_DEVICES: [0]
[I 2023-12-15 20:51:02,149] Trial 10 finished with value: 459.2751159667969 and parameters: {'gradient_clip_val': 0.10479057003160529, 'hidden_size': 96, 'dropout': 0.39024616190913286, 'hidden_continuous_size': 30, 'attention_head_size': 4, 'learning_rate': 0.09200752819727812}. Best is trial 7 with value: 257.00421142578125.
LOCAL_RANK: 0 - CUDA_VISIBLE_DEVICES: [0]
[I 2023-12-15 20:51:57,826] Trial 11 finished with value: 1039.6358642578125 and parameters: {'gradient_clip_val': 0.10018455062667969, 'hidden_size': 100, 'dropout': 0.3937030428983394, 'hidden_continuous_size': 30, 'attention_head_size': 4, 'learning_rate': 0.07616180036592102}. Best is trial 7 with value: 257.00421142578125.
LOCAL_RANK: 0 - CUDA_VISIBLE_DEVICES: [0]
[I 2023-12-15 20:52:52,851] Trial 12 finished with value: 390.932373046875 and parameters: {'gradient_clip_val': 0.14869142863155746, 'hidden_size': 100, 'dropout': 0.3995657344606701, 'hidden_continuous_size': 25, 'attention_head_size': 4, 'learning_rate': 0.09011954152996346}. Best is trial 7 with value: 257.00421142578125.
LOCAL_RANK: 0 - CUDA_VISIBLE_DEVICES: [0]
[I 2023-12-15 20:53:42,189] Trial 13 finished with value: 753.8322143554688 and parameters: {'gradient_clip_val': 0.1571379051501798, 'hidden_size': 38, 'dropout': 0.3562517179280853, 'hidden_continuous_size': 7, 'attention_head_size': 3, 'learning_rate': 0.0018779920719428343}. Best is trial 7 with value: 257.00421142578125.
LOCAL_RANK: 0 - CUDA_VISIBLE_DEVICES: [0]
[I 2023-12-15 20:54:35,917] Trial 14 finished with value: 977.5505981445312 and parameters: {'gradient_clip_val': 0.30864486646899053, 'hidden_size': 62, 'dropout': 0.39939562867384115, 'hidden_continuous_size': 19, 'attention_head_size': 4, 'learning_rate': 0.03995284369500717}. Best is trial 7 with value: 257.00421142578125.
LOCAL_RANK: 0 - CUDA_VISIBLE_DEVICES: [0]
[I 2023-12-15 20:55:24,782] Trial 15 finished with value: 784.9109497070312 and parameters: {'gradient_clip_val': 0.15564063458762406, 'hidden_size': 31, 'dropout': 0.2956503378470309, 'hidden_continuous_size': 7, 'attention_head_size': 3, 'learning_rate': 0.0006118822231789088}. Best is trial 7 with value: 257.00421142578125.
LOCAL_RANK: 0 - CUDA_VISIBLE_DEVICES: [0]
[I 2023-12-15 20:56:17,519] Trial 16 finished with value: 807.5615234375 and parameters: {'gradient_clip_val': 0.3165399071865408, 'hidden_size': 65, 'dropout': 0.3597538908306236, 'hidden_continuous_size': 26, 'attention_head_size': 1, 'learning_rate': 0.012278279238492904}. Best is trial 7 with value: 257.00421142578125.
LOCAL_RANK: 0 - CUDA_VISIBLE_DEVICES: [0]
[I 2023-12-15 20:57:07,293] Trial 17 finished with value: 565.138671875 and parameters: {'gradient_clip_val': 0.15603427138811896, 'hidden_size': 27, 'dropout': 0.2930172195576807, 'hidden_continuous_size': 12, 'attention_head_size': 4, 'learning_rate': 0.04129363854927563}. Best is trial 7 with value: 257.00421142578125.
LOCAL_RANK: 0 - CUDA_VISIBLE_DEVICES: [0]
[I 2023-12-15 20:57:59,570] Trial 18 finished with value: 444.2027587890625 and parameters: {'gradient_clip_val': 0.12455793599294648, 'hidden_size': 46, 'dropout': 0.3602478017806334, 'hidden_continuous_size': 15, 'attention_head_size': 3, 'learning_rate': 0.0029688091734479667}. Best is trial 7 with value: 257.00421142578125.
LOCAL_RANK: 0 - CUDA_VISIBLE_DEVICES: [0]
[I 2023-12-15 20:58:55,335] Trial 19 finished with value: 352.1031188964844 and parameters: {'gradient_clip_val': 0.25597522489243313, 'hidden_size': 88, 'dropout': 0.39726438416747223, 'hidden_continuous_size': 64, 'attention_head_size': 4, 'learning_rate': 0.0013335638344630504}. Best is trial 7 with value: 257.00421142578125.
LOCAL_RANK: 0 - CUDA_VISIBLE_DEVICES: [0]
[I 2023-12-15 20:59:44,173] Trial 20 finished with value: 706.8328247070312 and parameters: {'gradient_clip_val': 0.4084435809489825, 'hidden_size': 25, 'dropout': 0.36335537252729605, 'hidden_continuous_size': 9, 'attention_head_size': 3, 'learning_rate': 0.0005178355409343439}. Best is trial 7 with value: 257.00421142578125.
LOCAL_RANK: 0 - CUDA_VISIBLE_DEVICES: [0]
[I 2023-12-15 21:00:21,429] Trial 21 finished with value: 868.5849609375 and parameters: {'gradient_clip_val': 0.2654016082737302, 'hidden_size': 81, 'dropout': 0.39775678266285974, 'hidden_continuous_size': 81, 'attention_head_size': 4, 'learning_rate': 0.0013198438795989362}. Best is trial 7 with value: 257.00421142578125.
LOCAL_RANK: 0 - CUDA_VISIBLE_DEVICES: [0]
[I 2023-12-15 21:01:17,051] Trial 22 finished with value: 1528.7960205078125 and parameters: {'gradient_clip_val': 0.18669991583171003, 'hidden_size': 79, 'dropout': 0.37058249908825447, 'hidden_continuous_size': 43, 'attention_head_size': 4, 'learning_rate': 0.0015839121909648744}. Best is trial 7 with value: 257.00421142578125.
LOCAL_RANK: 0 - CUDA_VISIBLE_DEVICES: [0]
[I 2023-12-15 21:02:09,999] Trial 23 finished with value: 1123.0885009765625 and parameters: {'gradient_clip_val': 0.25912500680227246, 'hidden_size': 47, 'dropout': 0.37896427873992006, 'hidden_continuous_size': 19, 'attention_head_size': 4, 'learning_rate': 0.0009209700306296041}. Best is trial 7 with value: 257.00421142578125.
LOCAL_RANK: 0 - CUDA_VISIBLE_DEVICES: [0]
[I 2023-12-15 21:03:08,629] Trial 24 finished with value: 588.335205078125 and parameters: {'gradient_clip_val': 0.17452643413742078, 'hidden_size': 99, 'dropout': 0.34433636846516313, 'hidden_continuous_size': 93, 'attention_head_size': 4, 'learning_rate': 0.0005029867820123346}. Best is trial 7 with value: 257.00421142578125.
LOCAL_RANK: 0 - CUDA_VISIBLE_DEVICES: [0]
[I 2023-12-15 21:04:01,632] Trial 25 finished with value: 716.7343139648438 and parameters: {'gradient_clip_val': 0.2323247838813949, 'hidden_size': 51, 'dropout': 0.3979328258581435, 'hidden_continuous_size': 13, 'attention_head_size': 3, 'learning_rate': 0.003412509294628868}. Best is trial 7 with value: 257.00421142578125.
LOCAL_RANK: 0 - CUDA_VISIBLE_DEVICES: [0]
[I 2023-12-15 21:04:55,886] Trial 26 finished with value: 553.548095703125 and parameters: {'gradient_clip_val': 0.1748854017615721, 'hidden_size': 73, 'dropout': 0.3721861597413607, 'hidden_continuous_size': 24, 'attention_head_size': 4, 'learning_rate': 0.0011017955504241696}. Best is trial 7 with value: 257.00421142578125.
LOCAL_RANK: 0 - CUDA_VISIBLE_DEVICES: [0]
[I 2023-12-15 21:05:48,838] Trial 27 finished with value: 1121.0888671875 and parameters: {'gradient_clip_val': 0.13874405947298657, 'hidden_size': 55, 'dropout': 0.3214623255629083, 'hidden_continuous_size': 16, 'attention_head_size': 3, 'learning_rate': 0.001788707345381096}. Best is trial 7 with value: 257.00421142578125.
LOCAL_RANK: 0 - CUDA_VISIBLE_DEVICES: [0]
[I 2023-12-15 21:06:44,515] Trial 28 finished with value: 1081.057861328125 and parameters: {'gradient_clip_val': 0.249175699514082, 'hidden_size': 79, 'dropout': 0.3483114740302635, 'hidden_continuous_size': 44, 'attention_head_size': 4, 'learning_rate': 0.001260843793459336}. Best is trial 7 with value: 257.00421142578125.
LOCAL_RANK: 0 - CUDA_VISIBLE_DEVICES: [0]
[I 2023-12-15 21:07:38,066] Trial 29 finished with value: 310.2316589355469 and parameters: {'gradient_clip_val': 0.4355118198511783, 'hidden_size': 70, 'dropout': 0.37548409523352355, 'hidden_continuous_size': 12, 'attention_head_size': 4, 'learning_rate': 0.0007623953833288073}. Best is trial 7 with value: 257.00421142578125.
LOCAL_RANK: 0 - CUDA_VISIBLE_DEVICES: [0]
[I 2023-12-15 21:08:29,789] Trial 30 finished with value: 578.4443359375 and parameters: {'gradient_clip_val': 0.46306539098280936, 'hidden_size': 43, 'dropout': 0.2977866128887766, 'hidden_continuous_size': 8, 'attention_head_size': 3, 'learning_rate': 0.000774567791724796}. Best is trial 7 with value: 257.00421142578125.
LOCAL_RANK: 0 - CUDA_VISIBLE_DEVICES: [0]
[I 2023-12-15 21:09:23,719] Trial 31 finished with value: 612.03857421875 and parameters: {'gradient_clip_val': 0.5039685966662131, 'hidden_size': 67, 'dropout': 0.37915161113207974, 'hidden_continuous_size': 12, 'attention_head_size': 4, 'learning_rate': 0.0007709546832680728}. Best is trial 7 with value: 257.00421142578125.
LOCAL_RANK: 0 - CUDA_VISIBLE_DEVICES: [0]
[I 2023-12-15 21:10:18,833] Trial 32 finished with value: 462.2891540527344 and parameters: {'gradient_clip_val': 0.5539143023279672, 'hidden_size': 87, 'dropout': 0.3450875552468356, 'hidden_continuous_size': 16, 'attention_head_size': 4, 'learning_rate': 0.0010335503255686752}. Best is trial 7 with value: 257.00421142578125.
LOCAL_RANK: 0 - CUDA_VISIBLE_DEVICES: [0]
[I 2023-12-15 21:11:11,451] Trial 33 finished with value: 1028.8924560546875 and parameters: {'gradient_clip_val': 0.2895860273548834, 'hidden_size': 56, 'dropout': 0.37980408498154783, 'hidden_continuous_size': 11, 'attention_head_size': 4, 'learning_rate': 0.000638623142873169}. Best is trial 7 with value: 257.00421142578125.
LOCAL_RANK: 0 - CUDA_VISIBLE_DEVICES: [0]
[I 2023-12-15 21:12:05,493] Trial 34 finished with value: 715.7376098632812 and parameters: {'gradient_clip_val': 0.2157779338649893, 'hidden_size': 74, 'dropout': 0.3999610987261394, 'hidden_continuous_size': 14, 'attention_head_size': 4, 'learning_rate': 0.0020803499177531365}. Best is trial 7 with value: 257.00421142578125.
LOCAL_RANK: 0 - CUDA_VISIBLE_DEVICES: [0]
[I 2023-12-15 21:13:01,426] Trial 35 finished with value: 508.39453125 and parameters: {'gradient_clip_val': 0.36337300799993366, 'hidden_size': 85, 'dropout': 0.37752180136535957, 'hidden_continuous_size': 65, 'attention_head_size': 1, 'learning_rate': 0.0013047576108323681}. Best is trial 7 with value: 257.00421142578125.
LOCAL_RANK: 0 - CUDA_VISIBLE_DEVICES: [0]
[I 2023-12-15 21:13:55,021] Trial 36 finished with value: 570.3291625976562 and parameters: {'gradient_clip_val': 0.2080526043967309, 'hidden_size': 60, 'dropout': 0.3406609200292016, 'hidden_continuous_size': 35, 'attention_head_size': 4, 'learning_rate': 0.000951126022022006}. Best is trial 7 with value: 257.00421142578125.
LOCAL_RANK: 0 - CUDA_VISIBLE_DEVICES: [0]
[I 2023-12-15 21:14:49,157] Trial 37 finished with value: 704.4163208007812 and parameters: {'gradient_clip_val': 0.1884319441652787, 'hidden_size': 88, 'dropout': 0.36160111935830186, 'hidden_continuous_size': 23, 'attention_head_size': 4, 'learning_rate': 0.0025891079581181176}. Best is trial 7 with value: 257.00421142578125.
LOCAL_RANK: 0 - CUDA_VISIBLE_DEVICES: [0]
[I 2023-12-15 21:15:43,552] Trial 38 finished with value: 419.3434753417969 and parameters: {'gradient_clip_val': 0.23671347042701862, 'hidden_size': 69, 'dropout': 0.3279287663348551, 'hidden_continuous_size': 38, 'attention_head_size': 3, 'learning_rate': 0.003837730720596685}. Best is trial 7 with value: 257.00421142578125.
LOCAL_RANK: 0 - CUDA_VISIBLE_DEVICES: [0]
[I 2023-12-15 21:16:40,182] Trial 39 finished with value: 513.5989379882812 and parameters: {'gradient_clip_val': 0.27766899553099283, 'hidden_size': 99, 'dropout': 0.38461142037416035, 'hidden_continuous_size': 57, 'attention_head_size': 2, 'learning_rate': 0.004302877440773233}. Best is trial 7 with value: 257.00421142578125.
LOCAL_RANK: 0 - CUDA_VISIBLE_DEVICES: [0]
[I 2023-12-15 21:17:33,214] Trial 40 finished with value: 1643.4105224609375 and parameters: {'gradient_clip_val': 0.3301089650073251, 'hidden_size': 54, 'dropout': 0.37380378921533625, 'hidden_continuous_size': 20, 'attention_head_size': 3, 'learning_rate': 0.008445195419010171}. Best is trial 7 with value: 257.00421142578125.
LOCAL_RANK: 0 - CUDA_VISIBLE_DEVICES: [0]
[I 2023-12-15 21:18:28,053] Trial 41 finished with value: 803.7958374023438 and parameters: {'gradient_clip_val': 0.2421625273649091, 'hidden_size': 67, 'dropout': 0.3300663891985107, 'hidden_continuous_size': 38, 'attention_head_size': 4, 'learning_rate': 0.004097857776409631}. Best is trial 7 with value: 257.00421142578125.
LOCAL_RANK: 0 - CUDA_VISIBLE_DEVICES: [0]
[I 2023-12-15 21:19:23,296] Trial 42 finished with value: 526.3828735351562 and parameters: {'gradient_clip_val': 0.20155579328108605, 'hidden_size': 73, 'dropout': 0.38648957888412594, 'hidden_continuous_size': 52, 'attention_head_size': 3, 'learning_rate': 0.002620745859541932}. Best is trial 7 with value: 257.00421142578125.
LOCAL_RANK: 0 - CUDA_VISIBLE_DEVICES: [0]
[I 2023-12-15 21:20:18,205] Trial 43 finished with value: 1092.6431884765625 and parameters: {'gradient_clip_val': 0.2341933318782941, 'hidden_size': 87, 'dropout': 0.352551229523539, 'hidden_continuous_size': 31, 'attention_head_size': 4, 'learning_rate': 0.0015626506394057452}. Best is trial 7 with value: 257.00421142578125.
LOCAL_RANK: 0 - CUDA_VISIBLE_DEVICES: [0]
[I 2023-12-15 21:21:12,261] Trial 44 finished with value: 562.3779296875 and parameters: {'gradient_clip_val': 0.2805677861032813, 'hidden_size': 67, 'dropout': 0.36618305534865603, 'hidden_continuous_size': 37, 'attention_head_size': 2, 'learning_rate': 0.0023301028349459888}. Best is trial 7 with value: 257.00421142578125.
LOCAL_RANK: 0 - CUDA_VISIBLE_DEVICES: [0]
[I 2023-12-15 21:22:07,826] Trial 45 finished with value: 599.5307006835938 and parameters: {'gradient_clip_val': 0.2248666291268986, 'hidden_size': 100, 'dropout': 0.3867776387078398, 'hidden_continuous_size': 26, 'attention_head_size': 4, 'learning_rate': 0.0006702054858510485}. Best is trial 7 with value: 257.00421142578125.
LOCAL_RANK: 0 - CUDA_VISIBLE_DEVICES: [0]
[I 2023-12-15 21:23:02,161] Trial 46 finished with value: 1138.30615234375 and parameters: {'gradient_clip_val': 0.35878423196914455, 'hidden_size': 58, 'dropout': 0.32360773568093115, 'hidden_continuous_size': 41, 'attention_head_size': 3, 'learning_rate': 0.000862694230283547}. Best is trial 7 with value: 257.00421142578125.
LOCAL_RANK: 0 - CUDA_VISIBLE_DEVICES: [0]
[I 2023-12-15 21:23:54,962] Trial 47 finished with value: 1629.0247802734375 and parameters: {'gradient_clip_val': 0.17203729889791716, 'hidden_size': 39, 'dropout': 0.3355435547162536, 'hidden_continuous_size': 30, 'attention_head_size': 4, 'learning_rate': 0.006318028350007767}. Best is trial 7 with value: 257.00421142578125.
LOCAL_RANK: 0 - CUDA_VISIBLE_DEVICES: [0]
[I 2023-12-15 21:24:49,283] Trial 48 finished with value: 1294.130615234375 and parameters: {'gradient_clip_val': 0.20862230430789752, 'hidden_size': 70, 'dropout': 0.387020913424949, 'hidden_continuous_size': 21, 'attention_head_size': 4, 'learning_rate': 0.010687299907950209}. Best is trial 7 with value: 257.00421142578125.
LOCAL_RANK: 0 - CUDA_VISIBLE_DEVICES: [0]
[I 2023-12-15 21:25:44,908] Trial 49 finished with value: 674.1334228515625 and parameters: {'gradient_clip_val': 0.12022978918310051, 'hidden_size': 87, 'dropout': 0.355489699722946, 'hidden_continuous_size': 47, 'attention_head_size': 3, 'learning_rate': 0.018534644721816155}. Best is trial 7 with value: 257.00421142578125.
[I 2023-12-15 21:25:45,003] A new study created in memory with name: no-name-5acbebf5-a653-468b-8bcd-3ccd997695d6
/home/le004/conda/anaconda3/envs/tsff_env/lib/python3.9/site-packages/lightning/fabric/plugins/environments/slurm.py:191: The `srun` command is available on your system but is not used. HINT: If your intention is to run Lightning on SLURM, prepend your python command with `srun` like so: srun python /home/le004/master_thesis/git/TSFusionForecast/code/ ...
LOCAL_RANK: 0 - CUDA_VISIBLE_DEVICES: [0]
[I 2023-12-15 21:26:37,348] Trial 0 finished with value: 2147.37109375 and parameters: {'gradient_clip_val': 0.2481035917017785, 'hidden_size': 56, 'dropout': 0.16330750296720276, 'hidden_continuous_size': 28, 'attention_head_size': 3, 'learning_rate': 0.059139095638173156}. Best is trial 0 with value: 2147.37109375.
LOCAL_RANK: 0 - CUDA_VISIBLE_DEVICES: [0]
[I 2023-12-15 21:27:21,986] Trial 1 finished with value: 3239.9970703125 and parameters: {'gradient_clip_val': 0.9445880122980499, 'hidden_size': 8, 'dropout': 0.2175023122559818, 'hidden_continuous_size': 7, 'attention_head_size': 4, 'learning_rate': 0.03536701915807327}. Best is trial 0 with value: 2147.37109375.
LOCAL_RANK: 0 - CUDA_VISIBLE_DEVICES: [0]
[I 2023-12-15 21:28:05,242] Trial 2 finished with value: 1948.4228515625 and parameters: {'gradient_clip_val': 0.2871974551805759, 'hidden_size': 12, 'dropout': 0.3521968549109291, 'hidden_continuous_size': 6, 'attention_head_size': 1, 'learning_rate': 0.000990592451824685}. Best is trial 2 with value: 1948.4228515625.
LOCAL_RANK: 0 - CUDA_VISIBLE_DEVICES: [0]
[I 2023-12-15 21:28:58,567] Trial 3 finished with value: 3925.227294921875 and parameters: {'gradient_clip_val': 0.11177915013623252, 'hidden_size': 57, 'dropout': 0.356297432497524, 'hidden_continuous_size': 28, 'attention_head_size': 3, 'learning_rate': 0.00871197891204433}. Best is trial 2 with value: 1948.4228515625.
LOCAL_RANK: 0 - CUDA_VISIBLE_DEVICES: [0]
[I 2023-12-15 21:29:48,003] Trial 4 finished with value: 4068.552490234375 and parameters: {'gradient_clip_val': 0.21067779197435013, 'hidden_size': 39, 'dropout': 0.31576457382596196, 'hidden_continuous_size': 6, 'attention_head_size': 3, 'learning_rate': 0.0675265023138559}. Best is trial 2 with value: 1948.4228515625.
LOCAL_RANK: 0 - CUDA_VISIBLE_DEVICES: [0]
