[I 2023-12-26 15:13:53,367] Trial 45 finished with value: 126.78079986572266 and parameters: {'gradient_clip_val': 0.24766297856771338, 'hidden_size': 36, 'dropout': 0.34045728171814, 'hidden_continuous_size': 15, 'attention_head_size': 4, 'learning_rate': 0.0005162129781392868}. Best is trial 0 with value: 20.24473762512207.
[I 2023-12-26 15:13:55,984] Trial 46 finished with value: 135.0572967529297 and parameters: {'gradient_clip_val': 0.32415153255843654, 'hidden_size': 30, 'dropout': 0.12849617553621717, 'hidden_continuous_size': 11, 'attention_head_size': 4, 'learning_rate': 0.0011402307281475005}. Best is trial 0 with value: 20.24473762512207.
[I 2023-12-26 15:13:59,004] Trial 47 finished with value: 133.01742553710938 and parameters: {'gradient_clip_val': 0.1927737908572156, 'hidden_size': 39, 'dropout': 0.2557856624310581, 'hidden_continuous_size': 23, 'attention_head_size': 2, 'learning_rate': 0.0020286784456856988}. Best is trial 0 with value: 20.24473762512207.
[I 2023-12-26 15:14:00,797] Trial 48 finished with value: 170.76513671875 and parameters: {'gradient_clip_val': 0.22997915933456575, 'hidden_size': 6, 'dropout': 0.37557699383296306, 'hidden_continuous_size': 6, 'attention_head_size': 3, 'learning_rate': 0.0014115709860748422}. Best is trial 0 with value: 20.24473762512207.
[I 2023-12-26 15:14:03,084] Trial 49 finished with value: 190.451904296875 and parameters: {'gradient_clip_val': 0.3081115151264769, 'hidden_size': 25, 'dropout': 0.21213115688768713, 'hidden_continuous_size': 12, 'attention_head_size': 1, 'learning_rate': 0.0022319417728525605}. Best is trial 0 with value: 20.24473762512207.
[I 2023-12-26 15:14:03,205] A new study created in memory with name: no-name-f148b98e-d394-4a87-a72a-42d38805a7af
/home/le004/conda/anaconda3/envs/tsff_env/lib/python3.9/site-packages/lightning/fabric/plugins/environments/slurm.py:191: The `srun` command is available on your system but is not used. HINT: If your intention is to run Lightning on SLURM, prepend your python command with `srun` like so: srun python /home/le004/master_thesis/git/TSFusionForecast/code/ ...
[I 2023-12-26 15:19:11,160] Trial 0 finished with value: 1930.11328125 and parameters: {'gradient_clip_val': 0.1212769625049152, 'hidden_size': 65, 'dropout': 0.3765465103724551, 'hidden_continuous_size': 9, 'attention_head_size': 4, 'learning_rate': 0.015883550965658747}. Best is trial 0 with value: 1930.11328125.
[I 2023-12-26 15:19:15,329] Trial 1 finished with value: 7232.05224609375 and parameters: {'gradient_clip_val': 0.7350257700295153, 'hidden_size': 44, 'dropout': 0.45130359212767224, 'hidden_continuous_size': 38, 'attention_head_size': 4, 'learning_rate': 0.09000908535775569}. Best is trial 0 with value: 1930.11328125.
[I 2023-12-26 15:19:22,841] Trial 2 finished with value: 6600.86767578125 and parameters: {'gradient_clip_val': 0.34479838422880194, 'hidden_size': 97, 'dropout': 0.48584630358641123, 'hidden_continuous_size': 6, 'attention_head_size': 2, 'learning_rate': 0.0008216458453132114}. Best is trial 0 with value: 1930.11328125.
[I 2023-12-26 15:19:32,706] Trial 3 finished with value: 6486.93212890625 and parameters: {'gradient_clip_val': 0.9373042059397618, 'hidden_size': 112, 'dropout': 0.37484163385599933, 'hidden_continuous_size': 103, 'attention_head_size': 3, 'learning_rate': 0.009907324897951868}. Best is trial 0 with value: 1930.11328125.
[I 2023-12-26 15:19:36,246] Trial 4 finished with value: 6499.68505859375 and parameters: {'gradient_clip_val': 0.1742923156824804, 'hidden_size': 35, 'dropout': 0.3394954001304199, 'hidden_continuous_size': 22, 'attention_head_size': 1, 'learning_rate': 0.025250612347314457}. Best is trial 0 with value: 1930.11328125.
[I 2023-12-26 15:19:38,789] Trial 5 finished with value: 4790.81005859375 and parameters: {'gradient_clip_val': 0.3485354486593299, 'hidden_size': 18, 'dropout': 0.3502648339164075, 'hidden_continuous_size': 10, 'attention_head_size': 2, 'learning_rate': 0.0030353518567002233}. Best is trial 0 with value: 1930.11328125.
[I 2023-12-26 15:19:40,953] Trial 6 finished with value: 5909.30322265625 and parameters: {'gradient_clip_val': 0.23372667226714838, 'hidden_size': 6, 'dropout': 0.48608077542676864, 'hidden_continuous_size': 5, 'attention_head_size': 1, 'learning_rate': 0.0076497549266533686}. Best is trial 0 with value: 1930.11328125.
[I 2023-12-26 15:19:43,537] Trial 7 finished with value: 7069.60400390625 and parameters: {'gradient_clip_val': 0.9796029384603736, 'hidden_size': 13, 'dropout': 0.25048922202512053, 'hidden_continuous_size': 12, 'attention_head_size': 4, 'learning_rate': 0.001514848916433616}. Best is trial 0 with value: 1930.11328125.
[I 2023-12-26 15:19:48,947] Trial 8 finished with value: 5842.28955078125 and parameters: {'gradient_clip_val': 0.1477746963478389, 'hidden_size': 65, 'dropout': 0.37136106209149755, 'hidden_continuous_size': 7, 'attention_head_size': 1, 'learning_rate': 0.0012971278517296622}. Best is trial 0 with value: 1930.11328125.
[I 2023-12-26 15:19:51,678] Trial 9 finished with value: 5210.65673828125 and parameters: {'gradient_clip_val': 0.2790861164122931, 'hidden_size': 11, 'dropout': 0.3681040042596099, 'hidden_continuous_size': 9, 'attention_head_size': 3, 'learning_rate': 0.018392446556554226}. Best is trial 0 with value: 1930.11328125.
[I 2023-12-26 15:20:02,270] Trial 10 finished with value: 7689.64111328125 and parameters: {'gradient_clip_val': 0.10884065120084686, 'hidden_size': 135, 'dropout': 0.14649715324839083, 'hidden_continuous_size': 18, 'attention_head_size': 4, 'learning_rate': 0.003322162401272462}. Best is trial 0 with value: 1930.11328125.
[I 2023-12-26 15:20:05,216] Trial 11 finished with value: 5396.36572265625 and parameters: {'gradient_clip_val': 0.38961971687857433, 'hidden_size': 25, 'dropout': 0.26933048073437, 'hidden_continuous_size': 8, 'attention_head_size': 2, 'learning_rate': 0.003211034656294234}. Best is trial 0 with value: 1930.11328125.
[I 2023-12-26 15:20:07,965] Trial 12 finished with value: 6110.74169921875 and parameters: {'gradient_clip_val': 0.4753020914042487, 'hidden_size': 22, 'dropout': 0.3041390272800472, 'hidden_continuous_size': 5, 'attention_head_size': 3, 'learning_rate': 0.0005775556424467246}. Best is trial 0 with value: 1930.11328125.
[I 2023-12-26 15:20:12,787] Trial 13 finished with value: 7267.515625 and parameters: {'gradient_clip_val': 0.21271190346812854, 'hidden_size': 55, 'dropout': 0.4111848592706204, 'hidden_continuous_size': 11, 'attention_head_size': 2, 'learning_rate': 0.003957144173782813}. Best is trial 0 with value: 1930.11328125.
[I 2023-12-26 15:20:19,628] Trial 14 finished with value: 4359.10693359375 and parameters: {'gradient_clip_val': 0.10432222606442042, 'hidden_size': 83, 'dropout': 0.4231582263810033, 'hidden_continuous_size': 13, 'attention_head_size': 3, 'learning_rate': 0.0184587653392194}. Best is trial 0 with value: 1930.11328125.
[I 2023-12-26 15:20:26,645] Trial 15 finished with value: 7423.01806640625 and parameters: {'gradient_clip_val': 0.1017222517751366, 'hidden_size': 81, 'dropout': 0.42382302369248237, 'hidden_continuous_size': 16, 'attention_head_size': 4, 'learning_rate': 0.028531618852821697}. Best is trial 0 with value: 1930.11328125.
[I 2023-12-26 15:20:38,023] Trial 16 finished with value: 6139.578125 and parameters: {'gradient_clip_val': 0.1349351805395289, 'hidden_size': 146, 'dropout': 0.42988465933185105, 'hidden_continuous_size': 31, 'attention_head_size': 3, 'learning_rate': 0.013904158881734154}. Best is trial 0 with value: 1930.11328125.
[I 2023-12-26 15:20:43,769] Trial 17 finished with value: 6392.48779296875 and parameters: {'gradient_clip_val': 0.12953900855903752, 'hidden_size': 70, 'dropout': 0.4620161470092373, 'hidden_continuous_size': 7, 'attention_head_size': 4, 'learning_rate': 0.04165446223455626}. Best is trial 0 with value: 1930.11328125.
[I 2023-12-26 15:20:47,404] Trial 18 finished with value: 7191.66357421875 and parameters: {'gradient_clip_val': 0.17114196027752093, 'hidden_size': 40, 'dropout': 0.4077725379022071, 'hidden_continuous_size': 13, 'attention_head_size': 3, 'learning_rate': 0.007316780396466773}. Best is trial 0 with value: 1930.11328125.
[I 2023-12-26 15:20:54,461] Trial 19 finished with value: 5890.36865234375 and parameters: {'gradient_clip_val': 0.10093330642870861, 'hidden_size': 88, 'dropout': 0.4944746982802757, 'hidden_continuous_size': 9, 'attention_head_size': 4, 'learning_rate': 0.011204834447103742}. Best is trial 0 with value: 1930.11328125.
[I 2023-12-26 15:20:59,023] Trial 20 finished with value: 7283.728515625 and parameters: {'gradient_clip_val': 0.17930510896210383, 'hidden_size': 53, 'dropout': 0.3101408912317651, 'hidden_continuous_size': 14, 'attention_head_size': 3, 'learning_rate': 0.0472424690730355}. Best is trial 0 with value: 1930.11328125.
[I 2023-12-26 15:21:02,657] Trial 21 finished with value: 6848.14990234375 and parameters: {'gradient_clip_val': 0.2779480284151033, 'hidden_size': 33, 'dropout': 0.3431618929530349, 'hidden_continuous_size': 10, 'attention_head_size': 2, 'learning_rate': 0.005161417448709085}. Best is trial 0 with value: 1930.11328125.
[I 2023-12-26 15:21:07,647] Trial 22 finished with value: 6793.37109375 and parameters: {'gradient_clip_val': 0.12406629955139192, 'hidden_size': 60, 'dropout': 0.39651615375366345, 'hidden_continuous_size': 10, 'attention_head_size': 2, 'learning_rate': 0.017590409634458203}. Best is trial 0 with value: 1930.11328125.
[I 2023-12-26 15:21:15,053] Trial 23 finished with value: 6108.24658203125 and parameters: {'gradient_clip_val': 0.14507276406702227, 'hidden_size': 94, 'dropout': 0.4359604828725421, 'hidden_continuous_size': 7, 'attention_head_size': 2, 'learning_rate': 0.006171458833066901}. Best is trial 0 with value: 1930.11328125.
[I 2023-12-26 15:21:17,724] Trial 24 finished with value: 6928.59912109375 and parameters: {'gradient_clip_val': 0.21368088112893127, 'hidden_size': 20, 'dropout': 0.38813945210216694, 'hidden_continuous_size': 8, 'attention_head_size': 3, 'learning_rate': 0.011444788393718517}. Best is trial 0 with value: 1930.11328125.
[I 2023-12-26 15:21:20,953] Trial 25 finished with value: 6114.40234375 and parameters: {'gradient_clip_val': 0.11724031035151802, 'hidden_size': 31, 'dropout': 0.4484209577654914, 'hidden_continuous_size': 12, 'attention_head_size': 2, 'learning_rate': 0.002338328673324326}. Best is trial 0 with value: 1930.11328125.
[I 2023-12-26 15:21:25,093] Trial 26 finished with value: 5898.517578125 and parameters: {'gradient_clip_val': 0.1605079600873535, 'hidden_size': 47, 'dropout': 0.3310361132293855, 'hidden_continuous_size': 11, 'attention_head_size': 3, 'learning_rate': 0.00871072030780042}. Best is trial 0 with value: 1930.11328125.
[I 2023-12-26 15:21:30,816] Trial 27 finished with value: 4665.85107421875 and parameters: {'gradient_clip_val': 0.12115360527951946, 'hidden_size': 68, 'dropout': 0.397548567388553, 'hidden_continuous_size': 15, 'attention_head_size': 4, 'learning_rate': 0.004725956931601553}. Best is trial 0 with value: 1930.11328125.
[I 2023-12-26 15:21:36,476] Trial 28 finished with value: 4939.40673828125 and parameters: {'gradient_clip_val': 0.12221322065794576, 'hidden_size': 72, 'dropout': 0.4023294379546748, 'hidden_continuous_size': 16, 'attention_head_size': 4, 'learning_rate': 0.0058488771481530815}. Best is trial 0 with value: 1930.11328125.
[I 2023-12-26 15:21:40,445] Trial 29 finished with value: 4468.69677734375 and parameters: {'gradient_clip_val': 0.11494848779453329, 'hidden_size': 48, 'dropout': 0.46527284038753186, 'hidden_continuous_size': 14, 'attention_head_size': 4, 'learning_rate': 0.08408701940594612}. Best is trial 0 with value: 1930.11328125.
[I 2023-12-26 15:21:44,641] Trial 30 finished with value: 5423.43603515625 and parameters: {'gradient_clip_val': 0.10000703915073064, 'hidden_size': 48, 'dropout': 0.4642628043027881, 'hidden_continuous_size': 13, 'attention_head_size': 4, 'learning_rate': 0.0681093856973785}. Best is trial 0 with value: 1930.11328125.
[I 2023-12-26 15:21:50,157] Trial 31 finished with value: 6802.31884765625 and parameters: {'gradient_clip_val': 0.11614737920183908, 'hidden_size': 67, 'dropout': 0.4485045799705419, 'hidden_continuous_size': 18, 'attention_head_size': 4, 'learning_rate': 0.026615059506971947}. Best is trial 0 with value: 1930.11328125.
[I 2023-12-26 15:21:59,372] Trial 32 finished with value: 5366.0927734375 and parameters: {'gradient_clip_val': 0.143779996337733, 'hidden_size': 111, 'dropout': 0.4682975298787958, 'hidden_continuous_size': 25, 'attention_head_size': 4, 'learning_rate': 0.06243852593991162}. Best is trial 0 with value: 1930.11328125.
[I 2023-12-26 15:22:03,280] Trial 33 finished with value: 5810.43212890625 and parameters: {'gradient_clip_val': 0.11886978143194836, 'hidden_size': 43, 'dropout': 0.4291476687824037, 'hidden_continuous_size': 13, 'attention_head_size': 4, 'learning_rate': 0.09846989938816342}. Best is trial 0 with value: 1930.11328125.
[I 2023-12-26 15:22:10,310] Trial 34 finished with value: 5537.39306640625 and parameters: {'gradient_clip_val': 0.13499589792873554, 'hidden_size': 82, 'dropout': 0.49345747907919907, 'hidden_continuous_size': 21, 'attention_head_size': 4, 'learning_rate': 0.03697667613832002}. Best is trial 0 with value: 1930.11328125.
[I 2023-12-26 15:22:15,142] Trial 35 finished with value: 7415.09423828125 and parameters: {'gradient_clip_val': 0.1579144199594063, 'hidden_size': 57, 'dropout': 0.37339842666231465, 'hidden_continuous_size': 15, 'attention_head_size': 4, 'learning_rate': 0.018728662071513268}. Best is trial 0 with value: 1930.11328125.
[I 2023-12-26 15:22:24,035] Trial 36 finished with value: 8251.8779296875 and parameters: {'gradient_clip_val': 0.11193618585388525, 'hidden_size': 108, 'dropout': 0.4704878335813847, 'hidden_continuous_size': 51, 'attention_head_size': 3, 'learning_rate': 0.06917245360897659}. Best is trial 0 with value: 1930.11328125.
[I 2023-12-26 15:22:27,545] Trial 37 finished with value: 8487.798828125 and parameters: {'gradient_clip_val': 0.1843367294294815, 'hidden_size': 40, 'dropout': 0.4247738951012357, 'hidden_continuous_size': 12, 'attention_head_size': 4, 'learning_rate': 0.012958302677077132}. Best is trial 0 with value: 1930.11328125.
[I 2023-12-26 15:22:34,242] Trial 38 finished with value: 5777.72216796875 and parameters: {'gradient_clip_val': 0.13387467809830925, 'hidden_size': 81, 'dropout': 0.3925350574086466, 'hidden_continuous_size': 15, 'attention_head_size': 4, 'learning_rate': 0.009112804843616979}. Best is trial 0 with value: 1930.11328125.
[I 2023-12-26 15:22:43,584] Trial 39 finished with value: 6887.75634765625 and parameters: {'gradient_clip_val': 0.11152286405641607, 'hidden_size': 118, 'dropout': 0.3592036868954985, 'hidden_continuous_size': 6, 'attention_head_size': 3, 'learning_rate': 0.03190854880615414}. Best is trial 0 with value: 1930.11328125.
[I 2023-12-26 15:22:51,090] Trial 40 finished with value: 4897.32568359375 and parameters: {'gradient_clip_val': 0.1483785598407517, 'hidden_size': 97, 'dropout': 0.3821879244212177, 'hidden_continuous_size': 19, 'attention_head_size': 1, 'learning_rate': 0.022770640084201727}. Best is trial 0 with value: 1930.11328125.
[I 2023-12-26 15:22:56,440] Trial 41 finished with value: 5150.7958984375 and parameters: {'gradient_clip_val': 0.37400240525112954, 'hidden_size': 63, 'dropout': 0.36382164219276075, 'hidden_continuous_size': 14, 'attention_head_size': 2, 'learning_rate': 0.004696600496469202}. Best is trial 0 with value: 1930.11328125.
[I 2023-12-26 15:23:00,773] Trial 42 finished with value: 6361.31591796875 and parameters: {'gradient_clip_val': 0.12674788990196337, 'hidden_size': 49, 'dropout': 0.4089093886385598, 'hidden_continuous_size': 11, 'attention_head_size': 4, 'learning_rate': 0.007774964128736755}. Best is trial 0 with value: 1930.11328125.
[I 2023-12-26 15:23:06,417] Trial 43 finished with value: 6715.55078125 and parameters: {'gradient_clip_val': 0.4841798288824384, 'hidden_size': 70, 'dropout': 0.3504775741318017, 'hidden_continuous_size': 9, 'attention_head_size': 3, 'learning_rate': 0.0023501576408048687}. Best is trial 0 with value: 1930.11328125.
[I 2023-12-26 15:23:10,103] Trial 44 finished with value: 5518.13134765625 and parameters: {'gradient_clip_val': 0.10865782111304727, 'hidden_size': 36, 'dropout': 0.33315385626345934, 'hidden_continuous_size': 12, 'attention_head_size': 1, 'learning_rate': 0.015841996971991158}. Best is trial 0 with value: 1930.11328125.
[I 2023-12-26 15:23:14,744] Trial 45 finished with value: 5989.63427734375 and parameters: {'gradient_clip_val': 0.18909692620995616, 'hidden_size': 56, 'dropout': 0.3809071250900225, 'hidden_continuous_size': 10, 'attention_head_size': 2, 'learning_rate': 0.009770445242124424}. Best is trial 0 with value: 1930.11328125.
[I 2023-12-26 15:23:24,507] Trial 46 finished with value: 5178.7841796875 and parameters: {'gradient_clip_val': 0.15907235372355993, 'hidden_size': 124, 'dropout': 0.4464939414658138, 'hidden_continuous_size': 17, 'attention_head_size': 4, 'learning_rate': 0.020120737618782174}. Best is trial 0 with value: 1930.11328125.
[I 2023-12-26 15:23:32,415] Trial 47 finished with value: 6791.43017578125 and parameters: {'gradient_clip_val': 0.10064780136344596, 'hidden_size': 101, 'dropout': 0.4774467440339707, 'hidden_continuous_size': 8, 'attention_head_size': 3, 'learning_rate': 0.02583944595157671}. Best is trial 0 with value: 1930.11328125.
[I 2023-12-26 15:23:44,013] Trial 48 finished with value: 5534.04052734375 and parameters: {'gradient_clip_val': 0.13786593500705185, 'hidden_size': 150, 'dropout': 0.416568224669869, 'hidden_continuous_size': 22, 'attention_head_size': 4, 'learning_rate': 0.013722982404840248}. Best is trial 0 with value: 1930.11328125.
[I 2023-12-26 15:23:50,323] Trial 49 finished with value: 7063.76025390625 and parameters: {'gradient_clip_val': 0.2521603889780538, 'hidden_size': 77, 'dropout': 0.4395809099344202, 'hidden_continuous_size': 15, 'attention_head_size': 3, 'learning_rate': 0.052219582086672704}. Best is trial 0 with value: 1930.11328125.
[I 2023-12-26 15:23:50,515] A new study created in memory with name: no-name-e2f3605c-74fd-46e1-94db-6f47b9ce97f4
/home/le004/conda/anaconda3/envs/tsff_env/lib/python3.9/site-packages/lightning/fabric/plugins/environments/slurm.py:191: The `srun` command is available on your system but is not used. HINT: If your intention is to run Lightning on SLURM, prepend your python command with `srun` like so: srun python /home/le004/master_thesis/git/TSFusionForecast/code/ ...
[I 2023-12-26 15:31:24,977] Trial 0 finished with value: 13.26101016998291 and parameters: {'gradient_clip_val': 0.18752014449122656, 'hidden_size': 110, 'dropout': 0.3719403992864061, 'hidden_continuous_size': 12, 'attention_head_size': 2, 'learning_rate': 0.006628592126544591}. Best is trial 0 with value: 13.26101016998291.
[I 2023-12-26 15:31:27,061] Trial 1 finished with value: 73.87026977539062 and parameters: {'gradient_clip_val': 0.45552198894252144, 'hidden_size': 6, 'dropout': 0.19004774414881198, 'hidden_continuous_size': 5, 'attention_head_size': 2, 'learning_rate': 0.010204687932921253}. Best is trial 0 with value: 13.26101016998291.
[I 2023-12-26 15:31:32,157] Trial 2 finished with value: 46.62823486328125 and parameters: {'gradient_clip_val': 0.17312202266595608, 'hidden_size': 87, 'dropout': 0.4983553095617844, 'hidden_continuous_size': 11, 'attention_head_size': 4, 'learning_rate': 0.013799482436481136}. Best is trial 0 with value: 13.26101016998291.
[I 2023-12-26 15:31:38,297] Trial 3 finished with value: 42.298641204833984 and parameters: {'gradient_clip_val': 0.13943250534899523, 'hidden_size': 102, 'dropout': 0.31069337921193185, 'hidden_continuous_size': 41, 'attention_head_size': 2, 'learning_rate': 0.04435972009806277}. Best is trial 0 with value: 13.26101016998291.
[I 2023-12-26 15:31:39,992] Trial 4 finished with value: 64.09949493408203 and parameters: {'gradient_clip_val': 0.6445003277551734, 'hidden_size': 5, 'dropout': 0.24784016908226883, 'hidden_continuous_size': 5, 'attention_head_size': 1, 'learning_rate': 0.09499364100798412}. Best is trial 0 with value: 13.26101016998291.
[I 2023-12-26 15:31:41,890] Trial 5 finished with value: 55.92689895629883 and parameters: {'gradient_clip_val': 0.25564419823906925, 'hidden_size': 6, 'dropout': 0.2865135673434883, 'hidden_continuous_size': 5, 'attention_head_size': 4, 'learning_rate': 0.02391481074995591}. Best is trial 0 with value: 13.26101016998291.
[I 2023-12-26 15:31:45,795] Trial 6 finished with value: 44.83454513549805 and parameters: {'gradient_clip_val': 0.3205011289692043, 'hidden_size': 72, 'dropout': 0.1424594250656003, 'hidden_continuous_size': 32, 'attention_head_size': 1, 'learning_rate': 0.0355439698032605}. Best is trial 0 with value: 13.26101016998291.
[I 2023-12-26 15:31:52,516] Trial 7 finished with value: 45.69548416137695 and parameters: {'gradient_clip_val': 0.5462136149676512, 'hidden_size': 111, 'dropout': 0.15968643779445688, 'hidden_continuous_size': 28, 'attention_head_size': 4, 'learning_rate': 0.04608678426002778}. Best is trial 0 with value: 13.26101016998291.
[I 2023-12-26 15:32:01,415] Trial 8 finished with value: 59.30418395996094 and parameters: {'gradient_clip_val': 0.6177051464202062, 'hidden_size': 131, 'dropout': 0.34351115870990945, 'hidden_continuous_size': 117, 'attention_head_size': 2, 'learning_rate': 0.0008115849746581317}. Best is trial 0 with value: 13.26101016998291.
[I 2023-12-26 15:32:03,673] Trial 9 finished with value: 63.16575622558594 and parameters: {'gradient_clip_val': 0.20817702234906074, 'hidden_size': 23, 'dropout': 0.24745415878721122, 'hidden_continuous_size': 12, 'attention_head_size': 2, 'learning_rate': 0.0007338959305469718}. Best is trial 0 with value: 13.26101016998291.
