[I 2023-12-16 08:27:13,555] Trial 13 finished with value: 2.8442466259002686 and parameters: {'gradient_clip_val': 0.9660121484008913, 'hidden_size': 48, 'dropout': 0.17670254130502774, 'hidden_continuous_size': 16, 'attention_head_size': 3, 'learning_rate': 0.0011991018081703073}. Best is trial 4 with value: 2.737957000732422.
LOCAL_RANK: 0 - CUDA_VISIBLE_DEVICES: [0]
[I 2023-12-16 08:28:02,708] Trial 14 finished with value: 2.9270143508911133 and parameters: {'gradient_clip_val': 0.9546698706101682, 'hidden_size': 30, 'dropout': 0.18919711793505026, 'hidden_continuous_size': 15, 'attention_head_size': 2, 'learning_rate': 0.0015602565190574672}. Best is trial 4 with value: 2.737957000732422.
LOCAL_RANK: 0 - CUDA_VISIBLE_DEVICES: [0]
[I 2023-12-16 08:28:57,742] Trial 15 finished with value: 2.9063942432403564 and parameters: {'gradient_clip_val': 0.9949048256840919, 'hidden_size': 100, 'dropout': 0.2902859263243114, 'hidden_continuous_size': 19, 'attention_head_size': 4, 'learning_rate': 0.0011451483325175726}. Best is trial 4 with value: 2.737957000732422.
LOCAL_RANK: 0 - CUDA_VISIBLE_DEVICES: [0]
[I 2023-12-16 08:29:42,610] Trial 16 finished with value: 3.0048563480377197 and parameters: {'gradient_clip_val': 0.7136392803045014, 'hidden_size': 16, 'dropout': 0.1996611086626466, 'hidden_continuous_size': 7, 'attention_head_size': 3, 'learning_rate': 0.003360364874015136}. Best is trial 4 with value: 2.737957000732422.
LOCAL_RANK: 0 - CUDA_VISIBLE_DEVICES: [0]
[I 2023-12-16 08:30:36,559] Trial 17 finished with value: 2.965589761734009 and parameters: {'gradient_clip_val': 0.37874478679271134, 'hidden_size': 61, 'dropout': 0.3975250522206363, 'hidden_continuous_size': 14, 'attention_head_size': 4, 'learning_rate': 0.0011794361394439025}. Best is trial 4 with value: 2.737957000732422.
LOCAL_RANK: 0 - CUDA_VISIBLE_DEVICES: [0]
[I 2023-12-16 08:31:25,755] Trial 18 finished with value: 2.7588555812835693 and parameters: {'gradient_clip_val': 0.7104042048214012, 'hidden_size': 36, 'dropout': 0.15387064113289567, 'hidden_continuous_size': 11, 'attention_head_size': 3, 'learning_rate': 0.003013079390153283}. Best is trial 4 with value: 2.737957000732422.
LOCAL_RANK: 0 - CUDA_VISIBLE_DEVICES: [0]
[I 2023-12-16 08:32:15,327] Trial 19 finished with value: 2.800001382827759 and parameters: {'gradient_clip_val': 0.10784068898792663, 'hidden_size': 34, 'dropout': 0.1449463383413922, 'hidden_continuous_size': 11, 'attention_head_size': 2, 'learning_rate': 0.003230174580671484}. Best is trial 4 with value: 2.737957000732422.
LOCAL_RANK: 0 - CUDA_VISIBLE_DEVICES: [0]
[I 2023-12-16 08:33:03,363] Trial 20 finished with value: 3.127319574356079 and parameters: {'gradient_clip_val': 0.451313366817187, 'hidden_size': 19, 'dropout': 0.2122435198322485, 'hidden_continuous_size': 7, 'attention_head_size': 4, 'learning_rate': 0.009358908597479574}. Best is trial 4 with value: 2.737957000732422.
LOCAL_RANK: 0 - CUDA_VISIBLE_DEVICES: [0]
[I 2023-12-16 08:33:52,258] Trial 21 finished with value: 3.294069290161133 and parameters: {'gradient_clip_val': 0.17231664073238526, 'hidden_size': 36, 'dropout': 0.14234450313242347, 'hidden_continuous_size': 11, 'attention_head_size': 2, 'learning_rate': 0.003111159121305353}. Best is trial 4 with value: 2.737957000732422.
LOCAL_RANK: 0 - CUDA_VISIBLE_DEVICES: [0]
[I 2023-12-16 08:34:41,182] Trial 22 finished with value: 2.8779075145721436 and parameters: {'gradient_clip_val': 0.11517271963461974, 'hidden_size': 27, 'dropout': 0.1414576888126286, 'hidden_continuous_size': 9, 'attention_head_size': 2, 'learning_rate': 0.0045057770824166715}. Best is trial 4 with value: 2.737957000732422.
LOCAL_RANK: 0 - CUDA_VISIBLE_DEVICES: [0]
[I 2023-12-16 08:35:28,876] Trial 23 finished with value: 3.0035641193389893 and parameters: {'gradient_clip_val': 0.10221095593186345, 'hidden_size': 32, 'dropout': 0.14735776282961655, 'hidden_continuous_size': 11, 'attention_head_size': 1, 'learning_rate': 0.00214793476151419}. Best is trial 4 with value: 2.737957000732422.
LOCAL_RANK: 0 - CUDA_VISIBLE_DEVICES: [0]
[I 2023-12-16 08:36:20,151] Trial 24 finished with value: 2.9901492595672607 and parameters: {'gradient_clip_val': 0.3513200260218442, 'hidden_size': 38, 'dropout': 0.2099259796869532, 'hidden_continuous_size': 13, 'attention_head_size': 2, 'learning_rate': 0.0029733407831388546}. Best is trial 4 with value: 2.737957000732422.
LOCAL_RANK: 0 - CUDA_VISIBLE_DEVICES: [0]
[I 2023-12-16 08:37:09,262] Trial 25 finished with value: 3.391362428665161 and parameters: {'gradient_clip_val': 0.2826237018308872, 'hidden_size': 22, 'dropout': 0.19354491031395832, 'hidden_continuous_size': 10, 'attention_head_size': 3, 'learning_rate': 0.012183059633841059}. Best is trial 4 with value: 2.737957000732422.
LOCAL_RANK: 0 - CUDA_VISIBLE_DEVICES: [0]
[I 2023-12-16 08:38:00,427] Trial 26 finished with value: 3.7340707778930664 and parameters: {'gradient_clip_val': 0.41756538843249336, 'hidden_size': 45, 'dropout': 0.2701210044628763, 'hidden_continuous_size': 7, 'attention_head_size': 2, 'learning_rate': 0.004392495884375903}. Best is trial 4 with value: 2.737957000732422.
LOCAL_RANK: 0 - CUDA_VISIBLE_DEVICES: [0]
[I 2023-12-16 08:38:49,727] Trial 27 finished with value: 2.889756202697754 and parameters: {'gradient_clip_val': 0.6331896397257807, 'hidden_size': 27, 'dropout': 0.21753854668622338, 'hidden_continuous_size': 12, 'attention_head_size': 3, 'learning_rate': 0.0020282770401645798}. Best is trial 4 with value: 2.737957000732422.
LOCAL_RANK: 0 - CUDA_VISIBLE_DEVICES: [0]
[I 2023-12-16 08:39:41,708] Trial 28 finished with value: 2.8846147060394287 and parameters: {'gradient_clip_val': 0.48498750781105027, 'hidden_size': 72, 'dropout': 0.1290160791089659, 'hidden_continuous_size': 18, 'attention_head_size': 1, 'learning_rate': 0.0015133409897332359}. Best is trial 4 with value: 2.737957000732422.
LOCAL_RANK: 0 - CUDA_VISIBLE_DEVICES: [0]
[I 2023-12-16 08:40:35,792] Trial 29 finished with value: 2.7217464447021484 and parameters: {'gradient_clip_val': 0.20171705292638464, 'hidden_size': 79, 'dropout': 0.16380653434933914, 'hidden_continuous_size': 13, 'attention_head_size': 4, 'learning_rate': 0.001109056401226678}. Best is trial 29 with value: 2.7217464447021484.
LOCAL_RANK: 0 - CUDA_VISIBLE_DEVICES: [0]
[I 2023-12-16 08:41:29,480] Trial 30 finished with value: 2.888319730758667 and parameters: {'gradient_clip_val': 0.20281435143045576, 'hidden_size': 80, 'dropout': 0.23150530206112113, 'hidden_continuous_size': 23, 'attention_head_size': 4, 'learning_rate': 0.000981526471688983}. Best is trial 29 with value: 2.7217464447021484.
LOCAL_RANK: 0 - CUDA_VISIBLE_DEVICES: [0]
[I 2023-12-16 08:42:23,206] Trial 31 finished with value: 2.820812940597534 and parameters: {'gradient_clip_val': 0.20805142471418403, 'hidden_size': 53, 'dropout': 0.1621502267122513, 'hidden_continuous_size': 13, 'attention_head_size': 4, 'learning_rate': 0.0008855611915589275}. Best is trial 29 with value: 2.7217464447021484.
LOCAL_RANK: 0 - CUDA_VISIBLE_DEVICES: [0]
[I 2023-12-16 08:43:16,394] Trial 32 finished with value: 2.9210550785064697 and parameters: {'gradient_clip_val': 0.2959846426692633, 'hidden_size': 72, 'dropout': 0.18242953269147363, 'hidden_continuous_size': 12, 'attention_head_size': 4, 'learning_rate': 0.0008235398572293416}. Best is trial 29 with value: 2.7217464447021484.
LOCAL_RANK: 0 - CUDA_VISIBLE_DEVICES: [0]
[I 2023-12-16 08:44:09,760] Trial 33 finished with value: 2.781188726425171 and parameters: {'gradient_clip_val': 0.1291046786987247, 'hidden_size': 53, 'dropout': 0.12568433923438432, 'hidden_continuous_size': 15, 'attention_head_size': 4, 'learning_rate': 0.0025780884832433733}. Best is trial 29 with value: 2.7217464447021484.
LOCAL_RANK: 0 - CUDA_VISIBLE_DEVICES: [0]
[I 2023-12-16 08:45:02,983] Trial 34 finished with value: 3.4340221881866455 and parameters: {'gradient_clip_val': 0.7993421169213236, 'hidden_size': 56, 'dropout': 0.1253371503515475, 'hidden_continuous_size': 15, 'attention_head_size': 4, 'learning_rate': 0.002254665800512042}. Best is trial 29 with value: 2.7217464447021484.
LOCAL_RANK: 0 - CUDA_VISIBLE_DEVICES: [0]
[I 2023-12-16 08:45:56,287] Trial 35 finished with value: 3.4534530639648438 and parameters: {'gradient_clip_val': 0.23684200734173935, 'hidden_size': 68, 'dropout': 0.1603153151419971, 'hidden_continuous_size': 16, 'attention_head_size': 4, 'learning_rate': 0.0017023729577870304}. Best is trial 29 with value: 2.7217464447021484.
LOCAL_RANK: 0 - CUDA_VISIBLE_DEVICES: [0]
[I 2023-12-16 08:46:49,843] Trial 36 finished with value: 4.064633846282959 and parameters: {'gradient_clip_val': 0.26232704954519515, 'hidden_size': 64, 'dropout': 0.1931170347722073, 'hidden_continuous_size': 22, 'attention_head_size': 4, 'learning_rate': 0.00562083569689378}. Best is trial 29 with value: 2.7217464447021484.
LOCAL_RANK: 0 - CUDA_VISIBLE_DEVICES: [0]
[I 2023-12-16 08:47:43,004] Trial 37 finished with value: 3.1222121715545654 and parameters: {'gradient_clip_val': 0.13032520928302613, 'hidden_size': 46, 'dropout': 0.12452858772944878, 'hidden_continuous_size': 10, 'attention_head_size': 4, 'learning_rate': 0.0007088017093064884}. Best is trial 29 with value: 2.7217464447021484.
LOCAL_RANK: 0 - CUDA_VISIBLE_DEVICES: [0]
[I 2023-12-16 08:48:38,056] Trial 38 finished with value: 2.8002946376800537 and parameters: {'gradient_clip_val': 0.32732579642333787, 'hidden_size': 83, 'dropout': 0.100211158436015, 'hidden_continuous_size': 23, 'attention_head_size': 4, 'learning_rate': 0.002469527178555083}. Best is trial 29 with value: 2.7217464447021484.
LOCAL_RANK: 0 - CUDA_VISIBLE_DEVICES: [0]
[I 2023-12-16 08:49:31,382] Trial 39 finished with value: 2.952542543411255 and parameters: {'gradient_clip_val': 0.16988167613191585, 'hidden_size': 56, 'dropout': 0.17695602235703223, 'hidden_continuous_size': 13, 'attention_head_size': 4, 'learning_rate': 0.0006682680066637467}. Best is trial 29 with value: 2.7217464447021484.
LOCAL_RANK: 0 - CUDA_VISIBLE_DEVICES: [0]
[I 2023-12-16 08:50:22,931] Trial 40 finished with value: 2.9102566242218018 and parameters: {'gradient_clip_val': 0.14377448943604462, 'hidden_size': 41, 'dropout': 0.16266216637921266, 'hidden_continuous_size': 9, 'attention_head_size': 3, 'learning_rate': 0.0013402165482011708}. Best is trial 29 with value: 2.7217464447021484.
LOCAL_RANK: 0 - CUDA_VISIBLE_DEVICES: [0]
[I 2023-12-16 08:51:16,349] Trial 41 finished with value: 2.8641865253448486 and parameters: {'gradient_clip_val': 0.11085630081546553, 'hidden_size': 57, 'dropout': 0.14597274302450758, 'hidden_continuous_size': 11, 'attention_head_size': 4, 'learning_rate': 0.0017681631682959214}. Best is trial 29 with value: 2.7217464447021484.
LOCAL_RANK: 0 - CUDA_VISIBLE_DEVICES: [0]
[I 2023-12-16 08:52:06,184] Trial 42 finished with value: 2.8782424926757812 and parameters: {'gradient_clip_val': 0.1261330224570849, 'hidden_size': 36, 'dropout': 0.11979673194957015, 'hidden_continuous_size': 12, 'attention_head_size': 3, 'learning_rate': 0.0026704734690061347}. Best is trial 29 with value: 2.7217464447021484.
LOCAL_RANK: 0 - CUDA_VISIBLE_DEVICES: [0]
[I 2023-12-16 08:52:57,126] Trial 43 finished with value: 3.4803285598754883 and parameters: {'gradient_clip_val': 0.10018590876260502, 'hidden_size': 44, 'dropout': 0.1490491040878434, 'hidden_continuous_size': 8, 'attention_head_size': 2, 'learning_rate': 0.003376753481574491}. Best is trial 29 with value: 2.7217464447021484.
LOCAL_RANK: 0 - CUDA_VISIBLE_DEVICES: [0]
[I 2023-12-16 08:53:50,477] Trial 44 finished with value: 2.8337361812591553 and parameters: {'gradient_clip_val': 0.15360848309831254, 'hidden_size': 51, 'dropout': 0.13168267544699236, 'hidden_continuous_size': 14, 'attention_head_size': 4, 'learning_rate': 0.003810163064929216}. Best is trial 29 with value: 2.7217464447021484.
LOCAL_RANK: 0 - CUDA_VISIBLE_DEVICES: [0]
[I 2023-12-16 08:54:41,052] Trial 45 finished with value: 3.6652603149414062 and parameters: {'gradient_clip_val': 0.12273664392271733, 'hidden_size': 39, 'dropout': 0.1742572584213269, 'hidden_continuous_size': 10, 'attention_head_size': 3, 'learning_rate': 0.005969684567580826}. Best is trial 29 with value: 2.7217464447021484.
LOCAL_RANK: 0 - CUDA_VISIBLE_DEVICES: [0]
[I 2023-12-16 08:55:30,364] Trial 46 finished with value: 3.248978853225708 and parameters: {'gradient_clip_val': 0.1842153393228252, 'hidden_size': 33, 'dropout': 0.11690430278183349, 'hidden_continuous_size': 11, 'attention_head_size': 2, 'learning_rate': 0.0025771815116794232}. Best is trial 29 with value: 2.7217464447021484.
LOCAL_RANK: 0 - CUDA_VISIBLE_DEVICES: [0]
[I 2023-12-16 08:56:22,787] Trial 47 finished with value: 3.05527663230896 and parameters: {'gradient_clip_val': 0.13705227142773088, 'hidden_size': 49, 'dropout': 0.15859177345326902, 'hidden_continuous_size': 14, 'attention_head_size': 1, 'learning_rate': 0.0009661373557840772}. Best is trial 29 with value: 2.7217464447021484.
LOCAL_RANK: 0 - CUDA_VISIBLE_DEVICES: [0]
[I 2023-12-16 08:57:16,220] Trial 48 finished with value: 2.970224380493164 and parameters: {'gradient_clip_val': 0.15002382542026288, 'hidden_size': 62, 'dropout': 0.11149605101196126, 'hidden_continuous_size': 17, 'attention_head_size': 3, 'learning_rate': 0.0017665886124362698}. Best is trial 29 with value: 2.7217464447021484.
LOCAL_RANK: 0 - CUDA_VISIBLE_DEVICES: [0]
[I 2023-12-16 08:58:11,910] Trial 49 finished with value: 2.801755905151367 and parameters: {'gradient_clip_val': 0.2320444997450087, 'hidden_size': 98, 'dropout': 0.13561741111841258, 'hidden_continuous_size': 19, 'attention_head_size': 4, 'learning_rate': 0.0013760664266691666}. Best is trial 29 with value: 2.7217464447021484.
[I 2023-12-16 08:58:12,001] A new study created in memory with name: no-name-830ec6b6-bf9a-4c7d-a77c-e034e07bdcba
/home/le004/conda/anaconda3/envs/tsff_env/lib/python3.9/site-packages/lightning/fabric/plugins/environments/slurm.py:191: The `srun` command is available on your system but is not used. HINT: If your intention is to run Lightning on SLURM, prepend your python command with `srun` like so: srun python /home/le004/master_thesis/git/TSFusionForecast/code/ ...
LOCAL_RANK: 0 - CUDA_VISIBLE_DEVICES: [0]
[I 2023-12-16 08:58:57,051] Trial 0 finished with value: 11.808850288391113 and parameters: {'gradient_clip_val': 0.33142142445431755, 'hidden_size': 10, 'dropout': 0.11961768586525168, 'hidden_continuous_size': 9, 'attention_head_size': 1, 'learning_rate': 0.06906676085865056}. Best is trial 0 with value: 11.808850288391113.
LOCAL_RANK: 0 - CUDA_VISIBLE_DEVICES: [0]
[I 2023-12-16 08:59:44,808] Trial 1 finished with value: 8.366011619567871 and parameters: {'gradient_clip_val': 0.8567171836336784, 'hidden_size': 28, 'dropout': 0.2634751447159229, 'hidden_continuous_size': 16, 'attention_head_size': 2, 'learning_rate': 0.03889934430526585}. Best is trial 1 with value: 8.366011619567871.
LOCAL_RANK: 0 - CUDA_VISIBLE_DEVICES: [0]
[I 2023-12-16 09:00:38,594] Trial 2 finished with value: 8.908717155456543 and parameters: {'gradient_clip_val': 0.3259631236356244, 'hidden_size': 60, 'dropout': 0.3917608945957288, 'hidden_continuous_size': 53, 'attention_head_size': 1, 'learning_rate': 0.00494757507943711}. Best is trial 1 with value: 8.366011619567871.
LOCAL_RANK: 0 - CUDA_VISIBLE_DEVICES: [0]
[I 2023-12-16 09:01:22,607] Trial 3 finished with value: 10.482453346252441 and parameters: {'gradient_clip_val': 0.2212253734647291, 'hidden_size': 8, 'dropout': 0.2691677018799543, 'hidden_continuous_size': 7, 'attention_head_size': 2, 'learning_rate': 0.04593230313798963}. Best is trial 1 with value: 8.366011619567871.
LOCAL_RANK: 0 - CUDA_VISIBLE_DEVICES: [0]
[I 2023-12-16 09:02:18,489] Trial 4 finished with value: 10.303902626037598 and parameters: {'gradient_clip_val': 0.861881488618191, 'hidden_size': 86, 'dropout': 0.14164507940595913, 'hidden_continuous_size': 38, 'attention_head_size': 4, 'learning_rate': 0.0263910993984899}. Best is trial 1 with value: 8.366011619567871.
LOCAL_RANK: 0 - CUDA_VISIBLE_DEVICES: [0]
[I 2023-12-16 09:03:03,151] Trial 5 finished with value: 10.510710716247559 and parameters: {'gradient_clip_val': 0.15575554450925616, 'hidden_size': 7, 'dropout': 0.10827357955063194, 'hidden_continuous_size': 5, 'attention_head_size': 1, 'learning_rate': 0.08394473781727702}. Best is trial 1 with value: 8.366011619567871.
LOCAL_RANK: 0 - CUDA_VISIBLE_DEVICES: [0]
[I 2023-12-16 09:03:37,942] Trial 6 finished with value: 41.82998275756836 and parameters: {'gradient_clip_val': 0.39470220956428637, 'hidden_size': 5, 'dropout': 0.36550613490604567, 'hidden_continuous_size': 5, 'attention_head_size': 4, 'learning_rate': 0.0010778497179237147}. Best is trial 1 with value: 8.366011619567871.
LOCAL_RANK: 0 - CUDA_VISIBLE_DEVICES: [0]
[I 2023-12-16 09:04:27,036] Trial 7 finished with value: 8.217907905578613 and parameters: {'gradient_clip_val': 0.18244307685856478, 'hidden_size': 35, 'dropout': 0.17004558872433279, 'hidden_continuous_size': 5, 'attention_head_size': 3, 'learning_rate': 0.011732503548613568}. Best is trial 7 with value: 8.217907905578613.
LOCAL_RANK: 0 - CUDA_VISIBLE_DEVICES: [0]
[I 2023-12-16 09:05:11,887] Trial 8 finished with value: 9.859606742858887 and parameters: {'gradient_clip_val': 0.11403790442703099, 'hidden_size': 16, 'dropout': 0.333062018966499, 'hidden_continuous_size': 10, 'attention_head_size': 1, 'learning_rate': 0.06028918125365041}. Best is trial 7 with value: 8.217907905578613.
LOCAL_RANK: 0 - CUDA_VISIBLE_DEVICES: [0]
[I 2023-12-16 09:06:00,621] Trial 9 finished with value: 10.036190032958984 and parameters: {'gradient_clip_val': 0.25409784719434103, 'hidden_size': 31, 'dropout': 0.37109490304124626, 'hidden_continuous_size': 12, 'attention_head_size': 1, 'learning_rate': 0.03378608846952803}. Best is trial 7 with value: 8.217907905578613.
LOCAL_RANK: 0 - CUDA_VISIBLE_DEVICES: [0]
[I 2023-12-16 09:06:53,124] Trial 10 finished with value: 10.221993446350098 and parameters: {'gradient_clip_val': 0.101455516827334, 'hidden_size': 43, 'dropout': 0.1871013903587329, 'hidden_continuous_size': 18, 'attention_head_size': 3, 'learning_rate': 0.00972489853225899}. Best is trial 7 with value: 8.217907905578613.
LOCAL_RANK: 0 - CUDA_VISIBLE_DEVICES: [0]
[I 2023-12-16 09:07:41,835] Trial 11 finished with value: 10.8851318359375 and parameters: {'gradient_clip_val': 0.822191093592687, 'hidden_size': 23, 'dropout': 0.22175332933846031, 'hidden_continuous_size': 6, 'attention_head_size': 3, 'learning_rate': 0.012758625201742304}. Best is trial 7 with value: 8.217907905578613.
LOCAL_RANK: 0 - CUDA_VISIBLE_DEVICES: [0]
[I 2023-12-16 09:08:31,062] Trial 12 finished with value: 8.246703147888184 and parameters: {'gradient_clip_val': 0.52992746977383, 'hidden_size': 32, 'dropout': 0.27303743224749955, 'hidden_continuous_size': 17, 'attention_head_size': 2, 'learning_rate': 0.017237751434780953}. Best is trial 7 with value: 8.217907905578613.
LOCAL_RANK: 0 - CUDA_VISIBLE_DEVICES: [0]
[I 2023-12-16 09:09:23,910] Trial 13 finished with value: 8.484831809997559 and parameters: {'gradient_clip_val': 0.532277881074515, 'hidden_size': 46, 'dropout': 0.17655965224875247, 'hidden_continuous_size': 19, 'attention_head_size': 3, 'learning_rate': 0.004204515323370257}. Best is trial 7 with value: 8.217907905578613.
LOCAL_RANK: 0 - CUDA_VISIBLE_DEVICES: [0]
[I 2023-12-16 09:10:10,115] Trial 14 finished with value: 9.10764217376709 and parameters: {'gradient_clip_val': 0.18412033486102788, 'hidden_size': 17, 'dropout': 0.2830719660584139, 'hidden_continuous_size': 7, 'attention_head_size': 2, 'learning_rate': 0.016778191070219477}. Best is trial 7 with value: 8.217907905578613.
LOCAL_RANK: 0 - CUDA_VISIBLE_DEVICES: [0]
[I 2023-12-16 09:10:58,636] Trial 15 finished with value: 9.621753692626953 and parameters: {'gradient_clip_val': 0.4948632403541055, 'hidden_size': 32, 'dropout': 0.22282752160718733, 'hidden_continuous_size': 14, 'attention_head_size': 3, 'learning_rate': 0.006296584028444318}. Best is trial 7 with value: 8.217907905578613.
LOCAL_RANK: 0 - CUDA_VISIBLE_DEVICES: [0]
[I 2023-12-16 09:11:52,713] Trial 16 finished with value: 9.161633491516113 and parameters: {'gradient_clip_val': 0.15001695128316397, 'hidden_size': 96, 'dropout': 0.30393062133228876, 'hidden_continuous_size': 28, 'attention_head_size': 2, 'learning_rate': 0.019892281859595903}. Best is trial 7 with value: 8.217907905578613.
LOCAL_RANK: 0 - CUDA_VISIBLE_DEVICES: [0]
[I 2023-12-16 09:12:39,667] Trial 17 finished with value: 10.22998046875 and parameters: {'gradient_clip_val': 0.24741561674910018, 'hidden_size': 17, 'dropout': 0.22138227389924248, 'hidden_continuous_size': 8, 'attention_head_size': 4, 'learning_rate': 0.012119626453934022}. Best is trial 7 with value: 8.217907905578613.
LOCAL_RANK: 0 - CUDA_VISIBLE_DEVICES: [0]
[I 2023-12-16 09:13:32,084] Trial 18 finished with value: 7.270778656005859 and parameters: {'gradient_clip_val': 0.6502063831962421, 'hidden_size': 45, 'dropout': 0.30738318436798673, 'hidden_continuous_size': 11, 'attention_head_size': 3, 'learning_rate': 0.0035983966769428262}. Best is trial 18 with value: 7.270778656005859.
LOCAL_RANK: 0 - CUDA_VISIBLE_DEVICES: [0]
[I 2023-12-16 09:14:25,245] Trial 19 finished with value: 8.178872108459473 and parameters: {'gradient_clip_val': 0.6284624925485106, 'hidden_size': 63, 'dropout': 0.31587612478478133, 'hidden_continuous_size': 11, 'attention_head_size': 3, 'learning_rate': 0.003005385036912437}. Best is trial 18 with value: 7.270778656005859.
LOCAL_RANK: 0 - CUDA_VISIBLE_DEVICES: [0]
[I 2023-12-16 09:15:18,424] Trial 20 finished with value: 8.67958927154541 and parameters: {'gradient_clip_val': 0.6681010785396375, 'hidden_size': 67, 'dropout': 0.3128262448735321, 'hidden_continuous_size': 11, 'attention_head_size': 4, 'learning_rate': 0.0027170881291750906}. Best is trial 18 with value: 7.270778656005859.
LOCAL_RANK: 0 - CUDA_VISIBLE_DEVICES: [0]
