[I 2023-12-16 02:32:23,505] Trial 39 finished with value: 0.15523841977119446 and parameters: {'gradient_clip_val': 0.2017184683159511, 'hidden_size': 66, 'dropout': 0.29447958189049944, 'hidden_continuous_size': 51, 'attention_head_size': 3, 'learning_rate': 0.03588611060265258}. Best is trial 11 with value: 0.07626127451658249.
LOCAL_RANK: 0 - CUDA_VISIBLE_DEVICES: [0]
[I 2023-12-16 02:33:20,978] Trial 40 finished with value: 0.14306975901126862 and parameters: {'gradient_clip_val': 0.13053710816215944, 'hidden_size': 100, 'dropout': 0.3305194326714247, 'hidden_continuous_size': 97, 'attention_head_size': 1, 'learning_rate': 0.05362387160064039}. Best is trial 11 with value: 0.07626127451658249.
LOCAL_RANK: 0 - CUDA_VISIBLE_DEVICES: [0]
[I 2023-12-16 02:34:11,062] Trial 41 finished with value: 0.41150665283203125 and parameters: {'gradient_clip_val': 0.45548655973302926, 'hidden_size': 27, 'dropout': 0.2747699611176893, 'hidden_continuous_size': 22, 'attention_head_size': 2, 'learning_rate': 0.0058738411731985435}. Best is trial 11 with value: 0.07626127451658249.
LOCAL_RANK: 0 - CUDA_VISIBLE_DEVICES: [0]
[I 2023-12-16 02:35:00,241] Trial 42 finished with value: 0.05885283276438713 and parameters: {'gradient_clip_val': 0.335810854675128, 'hidden_size': 21, 'dropout': 0.2649233951841053, 'hidden_continuous_size': 17, 'attention_head_size': 2, 'learning_rate': 0.006772573908517878}. Best is trial 42 with value: 0.05885283276438713.
LOCAL_RANK: 0 - CUDA_VISIBLE_DEVICES: [0]
[I 2023-12-16 02:35:49,041] Trial 43 finished with value: 0.09440656751394272 and parameters: {'gradient_clip_val': 0.6976717407272541, 'hidden_size': 19, 'dropout': 0.31935187612320803, 'hidden_continuous_size': 16, 'attention_head_size': 2, 'learning_rate': 0.009337752792139824}. Best is trial 42 with value: 0.05885283276438713.
LOCAL_RANK: 0 - CUDA_VISIBLE_DEVICES: [0]
[I 2023-12-16 02:36:37,245] Trial 44 finished with value: 0.11054182052612305 and parameters: {'gradient_clip_val': 0.3242577595985889, 'hidden_size': 17, 'dropout': 0.264831559323124, 'hidden_continuous_size': 15, 'attention_head_size': 2, 'learning_rate': 0.07926411373855917}. Best is trial 42 with value: 0.05885283276438713.
LOCAL_RANK: 0 - CUDA_VISIBLE_DEVICES: [0]
[I 2023-12-16 02:37:32,197] Trial 45 finished with value: 0.12325584143400192 and parameters: {'gradient_clip_val': 0.5458047828053324, 'hidden_size': 84, 'dropout': 0.30132091678305833, 'hidden_continuous_size': 26, 'attention_head_size': 3, 'learning_rate': 0.004182246543868576}. Best is trial 42 with value: 0.05885283276438713.
LOCAL_RANK: 0 - CUDA_VISIBLE_DEVICES: [0]
[I 2023-12-16 02:38:26,025] Trial 46 finished with value: 0.25573471188545227 and parameters: {'gradient_clip_val': 0.4156696103356863, 'hidden_size': 63, 'dropout': 0.23675717847224031, 'hidden_continuous_size': 32, 'attention_head_size': 2, 'learning_rate': 0.009180033514250122}. Best is trial 42 with value: 0.05885283276438713.
LOCAL_RANK: 0 - CUDA_VISIBLE_DEVICES: [0]
[I 2023-12-16 02:39:13,454] Trial 47 finished with value: 0.12220225483179092 and parameters: {'gradient_clip_val': 0.7593943524640983, 'hidden_size': 15, 'dropout': 0.3817897219845059, 'hidden_continuous_size': 13, 'attention_head_size': 3, 'learning_rate': 0.09562575203111544}. Best is trial 42 with value: 0.05885283276438713.
LOCAL_RANK: 0 - CUDA_VISIBLE_DEVICES: [0]
[I 2023-12-16 02:40:06,017] Trial 48 finished with value: 0.07885392755270004 and parameters: {'gradient_clip_val': 0.5150601339622919, 'hidden_size': 37, 'dropout': 0.289525567339304, 'hidden_continuous_size': 30, 'attention_head_size': 1, 'learning_rate': 0.015474020394394019}. Best is trial 42 with value: 0.05885283276438713.
LOCAL_RANK: 0 - CUDA_VISIBLE_DEVICES: [0]
[I 2023-12-16 02:40:54,760] Trial 49 finished with value: 0.41795873641967773 and parameters: {'gradient_clip_val': 0.4094706356700572, 'hidden_size': 23, 'dropout': 0.2605154250936003, 'hidden_continuous_size': 20, 'attention_head_size': 1, 'learning_rate': 0.012813067096562217}. Best is trial 42 with value: 0.05885283276438713.
[I 2023-12-16 02:40:54,854] A new study created in memory with name: no-name-c64ecb56-68a2-4a51-9c39-2addb196c3be
/home/le004/conda/anaconda3/envs/tsff_env/lib/python3.9/site-packages/lightning/fabric/plugins/environments/slurm.py:191: The `srun` command is available on your system but is not used. HINT: If your intention is to run Lightning on SLURM, prepend your python command with `srun` like so: srun python /home/le004/master_thesis/git/TSFusionForecast/code/ ...
LOCAL_RANK: 0 - CUDA_VISIBLE_DEVICES: [0]
[I 2023-12-16 02:41:48,400] Trial 0 finished with value: 0.16548673808574677 and parameters: {'gradient_clip_val': 0.2995003536976645, 'hidden_size': 63, 'dropout': 0.3007718834899933, 'hidden_continuous_size': 11, 'attention_head_size': 4, 'learning_rate': 0.004307400011135729}. Best is trial 0 with value: 0.16548673808574677.
LOCAL_RANK: 0 - CUDA_VISIBLE_DEVICES: [0]
[I 2023-12-16 02:42:37,691] Trial 1 finished with value: 0.470023512840271 and parameters: {'gradient_clip_val': 0.362177088331074, 'hidden_size': 27, 'dropout': 0.34967859674462576, 'hidden_continuous_size': 15, 'attention_head_size': 1, 'learning_rate': 0.0009692111469798352}. Best is trial 0 with value: 0.16548673808574677.
LOCAL_RANK: 0 - CUDA_VISIBLE_DEVICES: [0]
[I 2023-12-16 02:43:29,845] Trial 2 finished with value: 0.12291143089532852 and parameters: {'gradient_clip_val': 0.17742392227200252, 'hidden_size': 46, 'dropout': 0.33437377558913217, 'hidden_continuous_size': 19, 'attention_head_size': 1, 'learning_rate': 0.07472133851672552}. Best is trial 2 with value: 0.12291143089532852.
LOCAL_RANK: 0 - CUDA_VISIBLE_DEVICES: [0]
[I 2023-12-16 02:44:16,336] Trial 3 finished with value: 0.34558477997779846 and parameters: {'gradient_clip_val': 0.17973547547155105, 'hidden_size': 9, 'dropout': 0.1039387249410666, 'hidden_continuous_size': 7, 'attention_head_size': 2, 'learning_rate': 0.032737686578675554}. Best is trial 2 with value: 0.12291143089532852.
LOCAL_RANK: 0 - CUDA_VISIBLE_DEVICES: [0]
[I 2023-12-16 02:45:08,589] Trial 4 finished with value: 0.07609748095273972 and parameters: {'gradient_clip_val': 0.15805992727756116, 'hidden_size': 77, 'dropout': 0.35695049182261596, 'hidden_continuous_size': 5, 'attention_head_size': 3, 'learning_rate': 0.012390078019172291}. Best is trial 4 with value: 0.07609748095273972.
LOCAL_RANK: 0 - CUDA_VISIBLE_DEVICES: [0]
[I 2023-12-16 02:45:57,369] Trial 5 finished with value: 0.06644376367330551 and parameters: {'gradient_clip_val': 0.2286236433908101, 'hidden_size': 17, 'dropout': 0.22238731474581674, 'hidden_continuous_size': 16, 'attention_head_size': 4, 'learning_rate': 0.016172370353818192}. Best is trial 5 with value: 0.06644376367330551.
LOCAL_RANK: 0 - CUDA_VISIBLE_DEVICES: [0]
[I 2023-12-16 02:46:47,648] Trial 6 finished with value: 0.4770538806915283 and parameters: {'gradient_clip_val': 0.1379041837071854, 'hidden_size': 19, 'dropout': 0.3695469673290761, 'hidden_continuous_size': 18, 'attention_head_size': 4, 'learning_rate': 0.0008803063179827154}. Best is trial 5 with value: 0.06644376367330551.
LOCAL_RANK: 0 - CUDA_VISIBLE_DEVICES: [0]
[I 2023-12-16 02:47:37,966] Trial 7 finished with value: 0.05006067082285881 and parameters: {'gradient_clip_val': 0.3798792072884684, 'hidden_size': 36, 'dropout': 0.3451366793598448, 'hidden_continuous_size': 14, 'attention_head_size': 3, 'learning_rate': 0.01371315115645427}. Best is trial 7 with value: 0.05006067082285881.
LOCAL_RANK: 0 - CUDA_VISIBLE_DEVICES: [0]
[I 2023-12-16 02:48:34,924] Trial 8 finished with value: 0.21541424095630646 and parameters: {'gradient_clip_val': 0.23568167706169538, 'hidden_size': 70, 'dropout': 0.3386792521604174, 'hidden_continuous_size': 68, 'attention_head_size': 4, 'learning_rate': 0.00251524974371735}. Best is trial 7 with value: 0.05006067082285881.
LOCAL_RANK: 0 - CUDA_VISIBLE_DEVICES: [0]
[I 2023-12-16 02:49:27,298] Trial 9 finished with value: 0.16008393466472626 and parameters: {'gradient_clip_val': 0.3692649379243715, 'hidden_size': 59, 'dropout': 0.20620117553520476, 'hidden_continuous_size': 10, 'attention_head_size': 1, 'learning_rate': 0.0029382921120417655}. Best is trial 7 with value: 0.05006067082285881.
LOCAL_RANK: 0 - CUDA_VISIBLE_DEVICES: [0]
[I 2023-12-16 02:50:12,799] Trial 10 finished with value: 0.1550379991531372 and parameters: {'gradient_clip_val': 0.7149685591534739, 'hidden_size': 7, 'dropout': 0.3979154638865803, 'hidden_continuous_size': 5, 'attention_head_size': 3, 'learning_rate': 0.00832978126871177}. Best is trial 7 with value: 0.05006067082285881.
LOCAL_RANK: 0 - CUDA_VISIBLE_DEVICES: [0]
[I 2023-12-16 02:51:01,678] Trial 11 finished with value: 0.07759237289428711 and parameters: {'gradient_clip_val': 0.11098160715772423, 'hidden_size': 18, 'dropout': 0.2557079677523414, 'hidden_continuous_size': 13, 'attention_head_size': 3, 'learning_rate': 0.017446150261363074}. Best is trial 7 with value: 0.05006067082285881.
LOCAL_RANK: 0 - CUDA_VISIBLE_DEVICES: [0]
[I 2023-12-16 02:51:54,369] Trial 12 finished with value: 0.2148188352584839 and parameters: {'gradient_clip_val': 0.5054233890370208, 'hidden_size': 35, 'dropout': 0.25574732044938997, 'hidden_continuous_size': 22, 'attention_head_size': 2, 'learning_rate': 0.028172680447190655}. Best is trial 7 with value: 0.05006067082285881.
LOCAL_RANK: 0 - CUDA_VISIBLE_DEVICES: [0]
[I 2023-12-16 02:52:42,347] Trial 13 finished with value: 0.2378711700439453 and parameters: {'gradient_clip_val': 0.25501072870757485, 'hidden_size': 13, 'dropout': 0.18719292774352767, 'hidden_continuous_size': 9, 'attention_head_size': 4, 'learning_rate': 0.007439120063265156}. Best is trial 7 with value: 0.05006067082285881.
LOCAL_RANK: 0 - CUDA_VISIBLE_DEVICES: [0]
[I 2023-12-16 02:53:20,089] Trial 14 finished with value: 0.08328207582235336 and parameters: {'gradient_clip_val': 0.48017594601215324, 'hidden_size': 5, 'dropout': 0.2950900014680933, 'hidden_continuous_size': 5, 'attention_head_size': 3, 'learning_rate': 0.019749406505293634}. Best is trial 7 with value: 0.05006067082285881.
LOCAL_RANK: 0 - CUDA_VISIBLE_DEVICES: [0]
[I 2023-12-16 02:54:09,499] Trial 15 finished with value: 0.09850860387086868 and parameters: {'gradient_clip_val': 0.21530546014924623, 'hidden_size': 29, 'dropout': 0.39872495530683183, 'hidden_continuous_size': 14, 'attention_head_size': 2, 'learning_rate': 0.048782415264715356}. Best is trial 7 with value: 0.05006067082285881.
LOCAL_RANK: 0 - CUDA_VISIBLE_DEVICES: [0]
[I 2023-12-16 02:55:02,493] Trial 16 finished with value: 0.0539671815931797 and parameters: {'gradient_clip_val': 0.2929397364902966, 'hidden_size': 37, 'dropout': 0.30382754488333696, 'hidden_continuous_size': 23, 'attention_head_size': 4, 'learning_rate': 0.011902150614166213}. Best is trial 7 with value: 0.05006067082285881.
LOCAL_RANK: 0 - CUDA_VISIBLE_DEVICES: [0]
[I 2023-12-16 02:55:55,517] Trial 17 finished with value: 0.04325646534562111 and parameters: {'gradient_clip_val': 0.9469387638126469, 'hidden_size': 41, 'dropout': 0.3090241154750477, 'hidden_continuous_size': 25, 'attention_head_size': 3, 'learning_rate': 0.00948977195864996}. Best is trial 17 with value: 0.04325646534562111.
LOCAL_RANK: 0 - CUDA_VISIBLE_DEVICES: [0]
[I 2023-12-16 02:56:51,191] Trial 18 finished with value: 0.17564068734645844 and parameters: {'gradient_clip_val': 0.9925148657500523, 'hidden_size': 97, 'dropout': 0.3163816910286403, 'hidden_continuous_size': 29, 'attention_head_size': 3, 'learning_rate': 0.005497226424980566}. Best is trial 17 with value: 0.04325646534562111.
LOCAL_RANK: 0 - CUDA_VISIBLE_DEVICES: [0]
[I 2023-12-16 02:57:44,968] Trial 19 finished with value: 0.0946589782834053 and parameters: {'gradient_clip_val': 0.9652037519251256, 'hidden_size': 46, 'dropout': 0.2740015573376762, 'hidden_continuous_size': 30, 'attention_head_size': 2, 'learning_rate': 0.07153903027025005}. Best is trial 17 with value: 0.04325646534562111.
LOCAL_RANK: 0 - CUDA_VISIBLE_DEVICES: [0]
[I 2023-12-16 02:58:34,160] Trial 20 finished with value: 0.11204752326011658 and parameters: {'gradient_clip_val': 0.6381901641414287, 'hidden_size': 25, 'dropout': 0.31881152884724173, 'hidden_continuous_size': 8, 'attention_head_size': 3, 'learning_rate': 0.03301694294067026}. Best is trial 17 with value: 0.04325646534562111.
LOCAL_RANK: 0 - CUDA_VISIBLE_DEVICES: [0]
[I 2023-12-16 02:59:27,145] Trial 21 finished with value: 0.1332268863916397 and parameters: {'gradient_clip_val': 0.42820634105930466, 'hidden_size': 41, 'dropout': 0.2924909908182996, 'hidden_continuous_size': 24, 'attention_head_size': 4, 'learning_rate': 0.009968738766757539}. Best is trial 17 with value: 0.04325646534562111.
LOCAL_RANK: 0 - CUDA_VISIBLE_DEVICES: [0]
[I 2023-12-16 03:00:17,849] Trial 22 finished with value: 0.06745588034391403 and parameters: {'gradient_clip_val': 0.3014519436233587, 'hidden_size': 34, 'dropout': 0.32859019877318535, 'hidden_continuous_size': 12, 'attention_head_size': 3, 'learning_rate': 0.011376830806297616}. Best is trial 17 with value: 0.04325646534562111.
LOCAL_RANK: 0 - CUDA_VISIBLE_DEVICES: [0]
[I 2023-12-16 03:01:11,393] Trial 23 finished with value: 0.1740868091583252 and parameters: {'gradient_clip_val': 0.6096165854888538, 'hidden_size': 47, 'dropout': 0.37203458144618906, 'hidden_continuous_size': 22, 'attention_head_size': 3, 'learning_rate': 0.00633896798690836}. Best is trial 17 with value: 0.04325646534562111.
LOCAL_RANK: 0 - CUDA_VISIBLE_DEVICES: [0]
[I 2023-12-16 03:02:03,293] Trial 24 finished with value: 0.09514328092336655 and parameters: {'gradient_clip_val': 0.3741822683353155, 'hidden_size': 33, 'dropout': 0.2813511127148084, 'hidden_continuous_size': 17, 'attention_head_size': 4, 'learning_rate': 0.019983498684940103}. Best is trial 17 with value: 0.04325646534562111.
LOCAL_RANK: 0 - CUDA_VISIBLE_DEVICES: [0]
[I 2023-12-16 03:02:51,203] Trial 25 finished with value: 0.3860839605331421 and parameters: {'gradient_clip_val': 0.788222009614651, 'hidden_size': 24, 'dropout': 0.3081251439458061, 'hidden_continuous_size': 14, 'attention_head_size': 2, 'learning_rate': 0.012247563794518787}. Best is trial 17 with value: 0.04325646534562111.
LOCAL_RANK: 0 - CUDA_VISIBLE_DEVICES: [0]
[I 2023-12-16 03:03:44,840] Trial 26 finished with value: 0.06052394211292267 and parameters: {'gradient_clip_val': 0.5182526919577628, 'hidden_size': 55, 'dropout': 0.32490958563122546, 'hidden_continuous_size': 29, 'attention_head_size': 3, 'learning_rate': 0.004121544609040139}. Best is trial 17 with value: 0.04325646534562111.
LOCAL_RANK: 0 - CUDA_VISIBLE_DEVICES: [0]
[I 2023-12-16 03:04:38,005] Trial 27 finished with value: 0.10988911241292953 and parameters: {'gradient_clip_val': 0.29376761923818767, 'hidden_size': 37, 'dropout': 0.27079410525142406, 'hidden_continuous_size': 19, 'attention_head_size': 4, 'learning_rate': 0.009218987790072587}. Best is trial 17 with value: 0.04325646534562111.
LOCAL_RANK: 0 - CUDA_VISIBLE_DEVICES: [0]
[I 2023-12-16 03:05:27,593] Trial 28 finished with value: 0.050701308995485306 and parameters: {'gradient_clip_val': 0.4263268934959913, 'hidden_size': 29, 'dropout': 0.34703576921342116, 'hidden_continuous_size': 12, 'attention_head_size': 3, 'learning_rate': 0.015306972993398693}. Best is trial 17 with value: 0.04325646534562111.
LOCAL_RANK: 0 - CUDA_VISIBLE_DEVICES: [0]
[I 2023-12-16 03:06:16,805] Trial 29 finished with value: 0.3174222409725189 and parameters: {'gradient_clip_val': 0.6344081717849733, 'hidden_size': 27, 'dropout': 0.3611978967128905, 'hidden_continuous_size': 11, 'attention_head_size': 2, 'learning_rate': 0.026596086610725468}. Best is trial 17 with value: 0.04325646534562111.
LOCAL_RANK: 0 - CUDA_VISIBLE_DEVICES: [0]
[I 2023-12-16 03:07:10,114] Trial 30 finished with value: 0.14042448997497559 and parameters: {'gradient_clip_val': 0.8336597667836405, 'hidden_size': 55, 'dropout': 0.3449231259150389, 'hidden_continuous_size': 11, 'attention_head_size': 3, 'learning_rate': 0.004990294577401789}. Best is trial 17 with value: 0.04325646534562111.
LOCAL_RANK: 0 - CUDA_VISIBLE_DEVICES: [0]
[I 2023-12-16 03:08:00,702] Trial 31 finished with value: 0.0965598002076149 and parameters: {'gradient_clip_val': 0.3301141634461326, 'hidden_size': 40, 'dropout': 0.3056688344947344, 'hidden_continuous_size': 12, 'attention_head_size': 3, 'learning_rate': 0.015401610602290896}. Best is trial 17 with value: 0.04325646534562111.
LOCAL_RANK: 0 - CUDA_VISIBLE_DEVICES: [0]
[I 2023-12-16 03:08:50,872] Trial 32 finished with value: 0.1432151347398758 and parameters: {'gradient_clip_val': 0.4187635991531563, 'hidden_size': 29, 'dropout': 0.30338986713463234, 'hidden_continuous_size': 15, 'attention_head_size': 4, 'learning_rate': 0.007644229542631709}. Best is trial 17 with value: 0.04325646534562111.
LOCAL_RANK: 0 - CUDA_VISIBLE_DEVICES: [0]
[I 2023-12-16 03:09:40,042] Trial 33 finished with value: 0.06970444321632385 and parameters: {'gradient_clip_val': 0.28390620176731374, 'hidden_size': 22, 'dropout': 0.3365320287984142, 'hidden_continuous_size': 13, 'attention_head_size': 3, 'learning_rate': 0.012574518906370456}. Best is trial 17 with value: 0.04325646534562111.
LOCAL_RANK: 0 - CUDA_VISIBLE_DEVICES: [0]
[I 2023-12-16 03:10:30,828] Trial 34 finished with value: 0.058811675757169724 and parameters: {'gradient_clip_val': 0.3480594649242178, 'hidden_size': 31, 'dropout': 0.35518890947999876, 'hidden_continuous_size': 16, 'attention_head_size': 4, 'learning_rate': 0.00927217973906751}. Best is trial 17 with value: 0.04325646534562111.
LOCAL_RANK: 0 - CUDA_VISIBLE_DEVICES: [0]
[I 2023-12-16 03:11:23,689] Trial 35 finished with value: 0.13885533809661865 and parameters: {'gradient_clip_val': 0.5603523426304247, 'hidden_size': 45, 'dropout': 0.3803975830386748, 'hidden_continuous_size': 19, 'attention_head_size': 2, 'learning_rate': 0.021507596716578786}. Best is trial 17 with value: 0.04325646534562111.
LOCAL_RANK: 0 - CUDA_VISIBLE_DEVICES: [0]
[I 2023-12-16 03:12:13,333] Trial 36 finished with value: 0.19722981750965118 and parameters: {'gradient_clip_val': 0.4267991085173977, 'hidden_size': 40, 'dropout': 0.34548114104523714, 'hidden_continuous_size': 10, 'attention_head_size': 1, 'learning_rate': 0.03836932564269563}. Best is trial 17 with value: 0.04325646534562111.
LOCAL_RANK: 0 - CUDA_VISIBLE_DEVICES: [0]
[I 2023-12-16 03:13:02,709] Trial 37 finished with value: 0.1624343991279602 and parameters: {'gradient_clip_val': 0.2712746557584199, 'hidden_size': 26, 'dropout': 0.3312420634817792, 'hidden_continuous_size': 7, 'attention_head_size': 3, 'learning_rate': 0.013842362877510896}. Best is trial 17 with value: 0.04325646534562111.
LOCAL_RANK: 0 - CUDA_VISIBLE_DEVICES: [0]
[I 2023-12-16 03:13:52,446] Trial 38 finished with value: 0.05257134512066841 and parameters: {'gradient_clip_val': 0.31840374941167937, 'hidden_size': 21, 'dropout': 0.3573229069669729, 'hidden_continuous_size': 15, 'attention_head_size': 4, 'learning_rate': 0.0231415934773582}. Best is trial 17 with value: 0.04325646534562111.
LOCAL_RANK: 0 - CUDA_VISIBLE_DEVICES: [0]
[I 2023-12-16 03:14:41,487] Trial 39 finished with value: 0.12446194142103195 and parameters: {'gradient_clip_val': 0.33147715585568627, 'hidden_size': 21, 'dropout': 0.37979258092064094, 'hidden_continuous_size': 12, 'attention_head_size': 3, 'learning_rate': 0.024482337144307358}. Best is trial 17 with value: 0.04325646534562111.
LOCAL_RANK: 0 - CUDA_VISIBLE_DEVICES: [0]
[I 2023-12-16 03:15:28,503] Trial 40 finished with value: 0.1908797025680542 and parameters: {'gradient_clip_val': 0.46191941744011905, 'hidden_size': 15, 'dropout': 0.35268098708374085, 'hidden_continuous_size': 10, 'attention_head_size': 4, 'learning_rate': 0.016501719996442874}. Best is trial 17 with value: 0.04325646534562111.
LOCAL_RANK: 0 - CUDA_VISIBLE_DEVICES: [0]
[I 2023-12-16 03:16:18,080] Trial 41 finished with value: 0.1338588446378708 and parameters: {'gradient_clip_val': 0.3630117799766075, 'hidden_size': 32, 'dropout': 0.3187768821974337, 'hidden_continuous_size': 15, 'attention_head_size': 4, 'learning_rate': 0.015789207683999284}. Best is trial 17 with value: 0.04325646534562111.
LOCAL_RANK: 0 - CUDA_VISIBLE_DEVICES: [0]
[I 2023-12-16 03:17:07,590] Trial 42 finished with value: 0.05946509167551994 and parameters: {'gradient_clip_val': 0.31377212881128214, 'hidden_size': 22, 'dropout': 0.36080459056065284, 'hidden_continuous_size': 17, 'attention_head_size': 4, 'learning_rate': 0.011319959737503316}. Best is trial 17 with value: 0.04325646534562111.
LOCAL_RANK: 0 - CUDA_VISIBLE_DEVICES: [0]
[I 2023-12-16 03:17:58,016] Trial 43 finished with value: 0.07939671725034714 and parameters: {'gradient_clip_val': 0.3887817142729483, 'hidden_size': 29, 'dropout': 0.3434151789071037, 'hidden_continuous_size': 13, 'attention_head_size': 4, 'learning_rate': 0.024860017597029015}. Best is trial 17 with value: 0.04325646534562111.
LOCAL_RANK: 0 - CUDA_VISIBLE_DEVICES: [0]
[I 2023-12-16 03:18:50,188] Trial 44 finished with value: 0.19199728965759277 and parameters: {'gradient_clip_val': 0.2513932380550473, 'hidden_size': 36, 'dropout': 0.33874142104914484, 'hidden_continuous_size': 20, 'attention_head_size': 4, 'learning_rate': 0.013742453996139437}. Best is trial 17 with value: 0.04325646534562111.
LOCAL_RANK: 0 - CUDA_VISIBLE_DEVICES: [0]
[I 2023-12-16 03:19:43,538] Trial 45 finished with value: 0.10851112753152847 and parameters: {'gradient_clip_val': 0.21340340403131922, 'hidden_size': 50, 'dropout': 0.3777826877216806, 'hidden_continuous_size': 17, 'attention_head_size': 3, 'learning_rate': 0.01909083004333308}. Best is trial 17 with value: 0.04325646534562111.
LOCAL_RANK: 0 - CUDA_VISIBLE_DEVICES: [0]
