[I 2023-12-26 19:12:43,044] Trial 48 finished with value: 1.9123696088790894 and parameters: {'gradient_clip_val': 0.31219726311976087, 'hidden_size': 124, 'dropout': 0.42712495454919247, 'hidden_continuous_size': 98, 'attention_head_size': 3, 'learning_rate': 0.08043520347056136}. Best is trial 0 with value: 0.06240321695804596.
[I 2023-12-26 19:12:50,106] Trial 49 finished with value: 2.690361976623535 and parameters: {'gradient_clip_val': 0.1792236002688761, 'hidden_size': 84, 'dropout': 0.477235307380609, 'hidden_continuous_size': 70, 'attention_head_size': 4, 'learning_rate': 0.06173859927415447}. Best is trial 0 with value: 0.06240321695804596.
[I 2023-12-26 19:12:50,240] A new study created in memory with name: no-name-40990f25-9d72-4b66-a927-a8006ed986c6
/home/le004/conda/anaconda3/envs/tsff_env/lib/python3.9/site-packages/lightning/fabric/plugins/environments/slurm.py:191: The `srun` command is available on your system but is not used. HINT: If your intention is to run Lightning on SLURM, prepend your python command with `srun` like so: srun python /home/le004/master_thesis/git/TSFusionForecast/code/ ...
[I 2023-12-26 19:19:12,449] Trial 0 finished with value: 0.062109678983688354 and parameters: {'gradient_clip_val': 0.7267389514731573, 'hidden_size': 29, 'dropout': 0.17340379179707543, 'hidden_continuous_size': 9, 'attention_head_size': 4, 'learning_rate': 0.0023033377221169824}. Best is trial 0 with value: 0.062109678983688354.
[I 2023-12-26 19:19:15,284] Trial 1 finished with value: 5.264028549194336 and parameters: {'gradient_clip_val': 0.3401402563702744, 'hidden_size': 45, 'dropout': 0.4969443772082065, 'hidden_continuous_size': 29, 'attention_head_size': 1, 'learning_rate': 0.013372835358685525}. Best is trial 0 with value: 0.062109678983688354.
[I 2023-12-26 19:19:18,377] Trial 2 finished with value: 4.416574954986572 and parameters: {'gradient_clip_val': 0.4369545091269516, 'hidden_size': 54, 'dropout': 0.28908515682445424, 'hidden_continuous_size': 40, 'attention_head_size': 2, 'learning_rate': 0.06799440858265635}. Best is trial 0 with value: 0.062109678983688354.
[I 2023-12-26 19:19:20,500] Trial 3 finished with value: 5.653757095336914 and parameters: {'gradient_clip_val': 0.14896882361616057, 'hidden_size': 24, 'dropout': 0.4308546696382879, 'hidden_continuous_size': 8, 'attention_head_size': 4, 'learning_rate': 0.0007086467738404772}. Best is trial 0 with value: 0.062109678983688354.
[I 2023-12-26 19:19:22,236] Trial 4 finished with value: 4.505058765411377 and parameters: {'gradient_clip_val': 0.8666834909141339, 'hidden_size': 6, 'dropout': 0.45318600702199796, 'hidden_continuous_size': 6, 'attention_head_size': 3, 'learning_rate': 0.022054167788189888}. Best is trial 0 with value: 0.062109678983688354.
[I 2023-12-26 19:19:24,123] Trial 5 finished with value: 4.43265962600708 and parameters: {'gradient_clip_val': 0.10806331086230082, 'hidden_size': 5, 'dropout': 0.1696736252354238, 'hidden_continuous_size': 5, 'attention_head_size': 4, 'learning_rate': 0.0026239758310920487}. Best is trial 0 with value: 0.062109678983688354.
[I 2023-12-26 19:19:26,718] Trial 6 finished with value: 6.273289203643799 and parameters: {'gradient_clip_val': 0.2307323672059319, 'hidden_size': 48, 'dropout': 0.38877368903259135, 'hidden_continuous_size': 10, 'attention_head_size': 2, 'learning_rate': 0.004694988337462941}. Best is trial 0 with value: 0.062109678983688354.
[I 2023-12-26 19:19:28,800] Trial 7 finished with value: 7.829841613769531 and parameters: {'gradient_clip_val': 0.7272209100018199, 'hidden_size': 19, 'dropout': 0.29236655707327164, 'hidden_continuous_size': 5, 'attention_head_size': 4, 'learning_rate': 0.08327503759686244}. Best is trial 0 with value: 0.062109678983688354.
[I 2023-12-26 19:19:33,586] Trial 8 finished with value: 5.741860866546631 and parameters: {'gradient_clip_val': 0.4760724051482751, 'hidden_size': 89, 'dropout': 0.42824907911458143, 'hidden_continuous_size': 26, 'attention_head_size': 1, 'learning_rate': 0.027957487274508683}. Best is trial 0 with value: 0.062109678983688354.
[I 2023-12-26 19:19:35,409] Trial 9 finished with value: 5.802295207977295 and parameters: {'gradient_clip_val': 0.7796712949589787, 'hidden_size': 6, 'dropout': 0.2429259191416442, 'hidden_continuous_size': 5, 'attention_head_size': 3, 'learning_rate': 0.017439708840669393}. Best is trial 0 with value: 0.062109678983688354.
[I 2023-12-26 19:19:42,724] Trial 10 finished with value: 6.075015544891357 and parameters: {'gradient_clip_val': 0.9879202587798586, 'hidden_size': 116, 'dropout': 0.10999772624562223, 'hidden_continuous_size': 104, 'attention_head_size': 3, 'learning_rate': 0.0014562381065757186}. Best is trial 0 with value: 0.062109678983688354.
[I 2023-12-26 19:19:45,514] Trial 11 finished with value: 5.531240940093994 and parameters: {'gradient_clip_val': 0.5474330933146897, 'hidden_size': 49, 'dropout': 0.22371325888132843, 'hidden_continuous_size': 14, 'attention_head_size': 2, 'learning_rate': 0.09378148639740051}. Best is trial 0 with value: 0.062109678983688354.
[I 2023-12-26 19:19:47,577] Trial 12 finished with value: 5.1928911209106445 and parameters: {'gradient_clip_val': 0.45466027103743273, 'hidden_size': 15, 'dropout': 0.32792097709095464, 'hidden_continuous_size': 7, 'attention_head_size': 2, 'learning_rate': 0.006551034601480277}. Best is trial 0 with value: 0.062109678983688354.
[I 2023-12-26 19:19:51,405] Trial 13 finished with value: 4.307806491851807 and parameters: {'gradient_clip_val': 0.31671991800988564, 'hidden_size': 74, 'dropout': 0.1820207508835392, 'hidden_continuous_size': 12, 'attention_head_size': 2, 'learning_rate': 0.0031935454534549627}. Best is trial 0 with value: 0.062109678983688354.
[I 2023-12-26 19:19:58,259] Trial 14 finished with value: 5.685678482055664 and parameters: {'gradient_clip_val': 0.26627546005334357, 'hidden_size': 121, 'dropout': 0.10386059375970207, 'hidden_continuous_size': 15, 'attention_head_size': 3, 'learning_rate': 0.002734366717386508}. Best is trial 0 with value: 0.062109678983688354.
[I 2023-12-26 19:20:00,449] Trial 15 finished with value: 6.220339298248291 and parameters: {'gradient_clip_val': 0.6107104226154465, 'hidden_size': 32, 'dropout': 0.1646896715471754, 'hidden_continuous_size': 10, 'attention_head_size': 1, 'learning_rate': 0.0006535239664457222}. Best is trial 0 with value: 0.062109678983688354.
[I 2023-12-26 19:20:04,536] Trial 16 finished with value: 4.010372161865234 and parameters: {'gradient_clip_val': 0.3681930842996974, 'hidden_size': 78, 'dropout': 0.1809189677671477, 'hidden_continuous_size': 11, 'attention_head_size': 4, 'learning_rate': 0.0014948969311878236}. Best is trial 0 with value: 0.062109678983688354.
[I 2023-12-26 19:20:09,086] Trial 17 finished with value: 4.482199192047119 and parameters: {'gradient_clip_val': 0.6617310829295106, 'hidden_size': 82, 'dropout': 0.23468023666985197, 'hidden_continuous_size': 8, 'attention_head_size': 4, 'learning_rate': 0.0014936888097095203}. Best is trial 0 with value: 0.062109678983688354.
[I 2023-12-26 19:20:17,444] Trial 18 finished with value: 4.855221271514893 and parameters: {'gradient_clip_val': 0.9633436024045396, 'hidden_size': 146, 'dropout': 0.14919575955130499, 'hidden_continuous_size': 18, 'attention_head_size': 4, 'learning_rate': 0.0014802184560948292}. Best is trial 0 with value: 0.062109678983688354.
[I 2023-12-26 19:20:19,883] Trial 19 finished with value: 5.268503189086914 and parameters: {'gradient_clip_val': 0.3825605435114488, 'hidden_size': 33, 'dropout': 0.204052685839365, 'hidden_continuous_size': 9, 'attention_head_size': 4, 'learning_rate': 0.0005257638586100377}. Best is trial 0 with value: 0.062109678983688354.
[I 2023-12-26 19:20:23,504] Trial 20 finished with value: 5.039255619049072 and parameters: {'gradient_clip_val': 0.5519852997764134, 'hidden_size': 70, 'dropout': 0.1419379915081636, 'hidden_continuous_size': 7, 'attention_head_size': 3, 'learning_rate': 0.0070300333892680195}. Best is trial 0 with value: 0.062109678983688354.
[I 2023-12-26 19:20:26,925] Trial 21 finished with value: 3.5661771297454834 and parameters: {'gradient_clip_val': 0.2961054682066816, 'hidden_size': 68, 'dropout': 0.19897478596647353, 'hidden_continuous_size': 11, 'attention_head_size': 2, 'learning_rate': 0.003527645860595376}. Best is trial 0 with value: 0.062109678983688354.
[I 2023-12-26 19:20:31,915] Trial 22 finished with value: 5.525919437408447 and parameters: {'gradient_clip_val': 0.244476962878578, 'hidden_size': 96, 'dropout': 0.19323989639939176, 'hidden_continuous_size': 12, 'attention_head_size': 3, 'learning_rate': 0.004519228785511028}. Best is trial 0 with value: 0.062109678983688354.
[I 2023-12-26 19:20:35,204] Trial 23 finished with value: 5.036726474761963 and parameters: {'gradient_clip_val': 0.38855034370226443, 'hidden_size': 61, 'dropout': 0.25667864291453, 'hidden_continuous_size': 11, 'attention_head_size': 4, 'learning_rate': 0.0021062716685302718}. Best is trial 0 with value: 0.062109678983688354.
[I 2023-12-26 19:20:37,719] Trial 24 finished with value: 6.614172458648682 and parameters: {'gradient_clip_val': 0.2834872915007669, 'hidden_size': 37, 'dropout': 0.20391170885168028, 'hidden_continuous_size': 9, 'attention_head_size': 3, 'learning_rate': 0.0009721345921929876}. Best is trial 0 with value: 0.062109678983688354.
[I 2023-12-26 19:20:41,111] Trial 25 finished with value: 4.647315979003906 and parameters: {'gradient_clip_val': 0.1944135884785168, 'hidden_size': 67, 'dropout': 0.1312732801452524, 'hidden_continuous_size': 7, 'attention_head_size': 2, 'learning_rate': 0.0009686735549152833}. Best is trial 0 with value: 0.062109678983688354.
[I 2023-12-26 19:20:46,383] Trial 26 finished with value: 5.144293308258057 and parameters: {'gradient_clip_val': 0.3475094312466138, 'hidden_size': 97, 'dropout': 0.1673821863449529, 'hidden_continuous_size': 16, 'attention_head_size': 4, 'learning_rate': 0.0019621667691922516}. Best is trial 0 with value: 0.062109678983688354.
[I 2023-12-26 19:20:48,974] Trial 27 finished with value: 5.990288257598877 and parameters: {'gradient_clip_val': 0.5145577860171312, 'hidden_size': 41, 'dropout': 0.13627339723001272, 'hidden_continuous_size': 12, 'attention_head_size': 1, 'learning_rate': 0.0035560278165473933}. Best is trial 0 with value: 0.062109678983688354.
[I 2023-12-26 19:20:51,905] Trial 28 finished with value: 5.374141693115234 and parameters: {'gradient_clip_val': 0.641027023857971, 'hidden_size': 53, 'dropout': 0.21281521795483976, 'hidden_continuous_size': 6, 'attention_head_size': 3, 'learning_rate': 0.004503863300980103}. Best is trial 0 with value: 0.062109678983688354.
[I 2023-12-26 19:20:55,435] Trial 29 finished with value: 4.667342662811279 and parameters: {'gradient_clip_val': 0.3489578316103662, 'hidden_size': 62, 'dropout': 0.25560551531397885, 'hidden_continuous_size': 13, 'attention_head_size': 1, 'learning_rate': 0.010305679390087997}. Best is trial 0 with value: 0.062109678983688354.
[I 2023-12-26 19:20:58,107] Trial 30 finished with value: 5.3179240226745605 and parameters: {'gradient_clip_val': 0.4086379482266564, 'hidden_size': 42, 'dropout': 0.17837411205951642, 'hidden_continuous_size': 10, 'attention_head_size': 4, 'learning_rate': 0.0021559506565490064}. Best is trial 0 with value: 0.062109678983688354.
[I 2023-12-26 19:21:01,968] Trial 31 finished with value: 5.549046039581299 and parameters: {'gradient_clip_val': 0.321755317858623, 'hidden_size': 75, 'dropout': 0.18474458769808702, 'hidden_continuous_size': 12, 'attention_head_size': 2, 'learning_rate': 0.0035266416898865442}. Best is trial 0 with value: 0.062109678983688354.
[I 2023-12-26 19:21:06,162] Trial 32 finished with value: 6.434015274047852 and parameters: {'gradient_clip_val': 0.30627832402431476, 'hidden_size': 78, 'dropout': 0.1901265144242082, 'hidden_continuous_size': 18, 'attention_head_size': 2, 'learning_rate': 0.0029136833958122955}. Best is trial 0 with value: 0.062109678983688354.
[I 2023-12-26 19:21:09,222] Trial 33 finished with value: 5.855787754058838 and parameters: {'gradient_clip_val': 0.47774077070439586, 'hidden_size': 55, 'dropout': 0.22169768312258015, 'hidden_continuous_size': 11, 'attention_head_size': 2, 'learning_rate': 0.0011055917459739774}. Best is trial 0 with value: 0.062109678983688354.
[I 2023-12-26 19:21:15,270] Trial 34 finished with value: 5.134949207305908 and parameters: {'gradient_clip_val': 0.4114708954071478, 'hidden_size': 106, 'dropout': 0.1505899454311955, 'hidden_continuous_size': 21, 'attention_head_size': 2, 'learning_rate': 0.0017710121845921963}. Best is trial 0 with value: 0.062109678983688354.
[I 2023-12-26 19:21:23,105] Trial 35 finished with value: 6.056509017944336 and parameters: {'gradient_clip_val': 0.29464280948550337, 'hidden_size': 137, 'dropout': 0.11567522281466851, 'hidden_continuous_size': 24, 'attention_head_size': 1, 'learning_rate': 0.0025257535719224416}. Best is trial 0 with value: 0.062109678983688354.
[I 2023-12-26 19:21:28,069] Trial 36 finished with value: 5.6058807373046875 and parameters: {'gradient_clip_val': 0.22255054790133866, 'hidden_size': 92, 'dropout': 0.1570946680073002, 'hidden_continuous_size': 14, 'attention_head_size': 2, 'learning_rate': 0.0055653594398874144}. Best is trial 0 with value: 0.062109678983688354.
[I 2023-12-26 19:21:31,133] Trial 37 finished with value: 6.138573169708252 and parameters: {'gradient_clip_val': 0.35239693809800804, 'hidden_size': 58, 'dropout': 0.18050397515498764, 'hidden_continuous_size': 9, 'attention_head_size': 3, 'learning_rate': 0.008139593897526146}. Best is trial 0 with value: 0.062109678983688354.
[I 2023-12-26 19:21:35,168] Trial 38 finished with value: 6.665005207061768 and parameters: {'gradient_clip_val': 0.18842282936926227, 'hidden_size': 76, 'dropout': 0.12554928417611735, 'hidden_continuous_size': 14, 'attention_head_size': 4, 'learning_rate': 0.0033656726411549994}. Best is trial 0 with value: 0.062109678983688354.
[I 2023-12-26 19:21:37,418] Trial 39 finished with value: 5.126889705657959 and parameters: {'gradient_clip_val': 0.8337932816717155, 'hidden_size': 25, 'dropout': 0.20249224728363394, 'hidden_continuous_size': 11, 'attention_head_size': 2, 'learning_rate': 0.0011874530341199389}. Best is trial 0 with value: 0.062109678983688354.
[I 2023-12-26 19:21:40,233] Trial 40 finished with value: 7.232188701629639 and parameters: {'gradient_clip_val': 0.43721026051909173, 'hidden_size': 47, 'dropout': 0.2645623185251433, 'hidden_continuous_size': 8, 'attention_head_size': 4, 'learning_rate': 0.0023276502219233795}. Best is trial 0 with value: 0.062109678983688354.
[I 2023-12-26 19:21:43,970] Trial 41 finished with value: 5.22929048538208 and parameters: {'gradient_clip_val': 0.33949320359152074, 'hidden_size': 68, 'dropout': 0.28380622998677135, 'hidden_continuous_size': 32, 'attention_head_size': 2, 'learning_rate': 0.03607920229210894}. Best is trial 0 with value: 0.062109678983688354.
[I 2023-12-26 19:21:46,788] Trial 42 finished with value: 5.464327335357666 and parameters: {'gradient_clip_val': 0.2778612181703924, 'hidden_size': 50, 'dropout': 0.22853269049323954, 'hidden_continuous_size': 13, 'attention_head_size': 2, 'learning_rate': 0.012557478272986233}. Best is trial 0 with value: 0.062109678983688354.
[I 2023-12-26 19:21:52,845] Trial 43 finished with value: 5.236144065856934 and parameters: {'gradient_clip_val': 0.49358967934609405, 'hidden_size': 105, 'dropout': 0.3241393831192327, 'hidden_continuous_size': 31, 'attention_head_size': 2, 'learning_rate': 0.07285294787712247}. Best is trial 0 with value: 0.062109678983688354.
[I 2023-12-26 19:21:56,834] Trial 44 finished with value: 5.927989959716797 and parameters: {'gradient_clip_val': 0.7215320650222029, 'hidden_size': 80, 'dropout': 0.16873664472618655, 'hidden_continuous_size': 16, 'attention_head_size': 2, 'learning_rate': 0.005175359377378572}. Best is trial 0 with value: 0.062109678983688354.
[I 2023-12-26 19:21:59,189] Trial 45 finished with value: 5.632354736328125 and parameters: {'gradient_clip_val': 0.43815064667994613, 'hidden_size': 29, 'dropout': 0.24570128840465238, 'hidden_continuous_size': 10, 'attention_head_size': 1, 'learning_rate': 0.00394583858306851}. Best is trial 0 with value: 0.062109678983688354.
[I 2023-12-26 19:22:02,000] Trial 46 finished with value: 5.141872882843018 and parameters: {'gradient_clip_val': 0.575208830847167, 'hidden_size': 42, 'dropout': 0.219290593749983, 'hidden_continuous_size': 41, 'attention_head_size': 3, 'learning_rate': 0.0029588778677737885}. Best is trial 0 with value: 0.062109678983688354.
[I 2023-12-26 19:22:04,058] Trial 47 finished with value: 5.896322727203369 and parameters: {'gradient_clip_val': 0.3827715494098074, 'hidden_size': 20, 'dropout': 0.1625842236462931, 'hidden_continuous_size': 5, 'attention_head_size': 2, 'learning_rate': 0.0016770510758416476}. Best is trial 0 with value: 0.062109678983688354.
[I 2023-12-26 19:22:08,628] Trial 48 finished with value: 4.074512958526611 and parameters: {'gradient_clip_val': 0.320684808213726, 'hidden_size': 87, 'dropout': 0.10472127980282842, 'hidden_continuous_size': 8, 'attention_head_size': 3, 'learning_rate': 0.006085925001004014}. Best is trial 0 with value: 0.062109678983688354.
[I 2023-12-26 19:22:14,998] Trial 49 finished with value: 5.963933944702148 and parameters: {'gradient_clip_val': 0.3093006238869985, 'hidden_size': 115, 'dropout': 0.10225696776408452, 'hidden_continuous_size': 6, 'attention_head_size': 4, 'learning_rate': 0.005964822400990548}. Best is trial 0 with value: 0.062109678983688354.
