[I 2023-12-16 07:37:16,521] Trial 5 finished with value: 10.42760181427002 and parameters: {'gradient_clip_val': 0.38008579841235113, 'hidden_size': 26, 'dropout': 0.32506441020060695, 'hidden_continuous_size': 10, 'attention_head_size': 4, 'learning_rate': 0.0034339091760306637}. Best is trial 0 with value: 4.952274799346924.
LOCAL_RANK: 0 - CUDA_VISIBLE_DEVICES: [0]
[I 2023-12-16 07:38:10,683] Trial 6 finished with value: 4.762476444244385 and parameters: {'gradient_clip_val': 0.10841888798100753, 'hidden_size': 52, 'dropout': 0.2945963331651492, 'hidden_continuous_size': 46, 'attention_head_size': 4, 'learning_rate': 0.04299556639931142}. Best is trial 6 with value: 4.762476444244385.
LOCAL_RANK: 0 - CUDA_VISIBLE_DEVICES: [0]
[I 2023-12-16 07:39:04,830] Trial 7 finished with value: 4.51281213760376 and parameters: {'gradient_clip_val': 0.16911149473677586, 'hidden_size': 70, 'dropout': 0.20170712783117706, 'hidden_continuous_size': 35, 'attention_head_size': 1, 'learning_rate': 0.0023341709845451637}. Best is trial 7 with value: 4.51281213760376.
LOCAL_RANK: 0 - CUDA_VISIBLE_DEVICES: [0]
[I 2023-12-16 07:39:53,927] Trial 8 finished with value: 5.583953857421875 and parameters: {'gradient_clip_val': 0.3440128433518636, 'hidden_size': 22, 'dropout': 0.16733041730166925, 'hidden_continuous_size': 19, 'attention_head_size': 3, 'learning_rate': 0.0066490798815918946}. Best is trial 7 with value: 4.51281213760376.
LOCAL_RANK: 0 - CUDA_VISIBLE_DEVICES: [0]
[I 2023-12-16 07:40:39,249] Trial 9 finished with value: 5.999478816986084 and parameters: {'gradient_clip_val': 0.29617908245657193, 'hidden_size': 12, 'dropout': 0.2485295831702324, 'hidden_continuous_size': 9, 'attention_head_size': 4, 'learning_rate': 0.004511457383367664}. Best is trial 7 with value: 4.51281213760376.
LOCAL_RANK: 0 - CUDA_VISIBLE_DEVICES: [0]
[I 2023-12-16 07:41:36,823] Trial 10 finished with value: 10.094155311584473 and parameters: {'gradient_clip_val': 0.21476052459328163, 'hidden_size': 99, 'dropout': 0.20514865118955028, 'hidden_continuous_size': 89, 'attention_head_size': 1, 'learning_rate': 0.0006522690585854086}. Best is trial 7 with value: 4.51281213760376.
LOCAL_RANK: 0 - CUDA_VISIBLE_DEVICES: [0]
[I 2023-12-16 07:42:29,276] Trial 11 finished with value: 10.564689636230469 and parameters: {'gradient_clip_val': 0.1062149267747161, 'hidden_size': 45, 'dropout': 0.24968418094819317, 'hidden_continuous_size': 23, 'attention_head_size': 2, 'learning_rate': 0.06546025304269149}. Best is trial 7 with value: 4.51281213760376.
LOCAL_RANK: 0 - CUDA_VISIBLE_DEVICES: [0]
[I 2023-12-16 07:43:20,866] Trial 12 finished with value: 10.757607460021973 and parameters: {'gradient_clip_val': 0.10357454619554303, 'hidden_size': 40, 'dropout': 0.10016965598770833, 'hidden_continuous_size': 19, 'attention_head_size': 2, 'learning_rate': 0.021813333087901916}. Best is trial 7 with value: 4.51281213760376.
LOCAL_RANK: 0 - CUDA_VISIBLE_DEVICES: [0]
[I 2023-12-16 07:43:54,821] Trial 13 finished with value: 14.426058769226074 and parameters: {'gradient_clip_val': 0.10104813368984862, 'hidden_size': 5, 'dropout': 0.2173949337391257, 'hidden_continuous_size': 5, 'attention_head_size': 2, 'learning_rate': 0.001530153920887837}. Best is trial 7 with value: 4.51281213760376.
LOCAL_RANK: 0 - CUDA_VISIBLE_DEVICES: [0]
[I 2023-12-16 07:44:50,948] Trial 14 finished with value: 10.580048561096191 and parameters: {'gradient_clip_val': 0.20072337985111213, 'hidden_size': 97, 'dropout': 0.2792231581693788, 'hidden_continuous_size': 41, 'attention_head_size': 3, 'learning_rate': 0.09075713280014601}. Best is trial 7 with value: 4.51281213760376.
LOCAL_RANK: 0 - CUDA_VISIBLE_DEVICES: [0]
[I 2023-12-16 07:45:43,803] Trial 15 finished with value: 10.138836860656738 and parameters: {'gradient_clip_val': 0.14383026521553785, 'hidden_size': 54, 'dropout': 0.18612552970224525, 'hidden_continuous_size': 28, 'attention_head_size': 1, 'learning_rate': 0.01262626418969442}. Best is trial 7 with value: 4.51281213760376.
LOCAL_RANK: 0 - CUDA_VISIBLE_DEVICES: [0]
[I 2023-12-16 07:46:32,339] Trial 16 finished with value: 5.860969543457031 and parameters: {'gradient_clip_val': 0.19500375353215527, 'hidden_size': 32, 'dropout': 0.2802458178644006, 'hidden_continuous_size': 15, 'attention_head_size': 2, 'learning_rate': 0.0017534079596131674}. Best is trial 7 with value: 4.51281213760376.
LOCAL_RANK: 0 - CUDA_VISIBLE_DEVICES: [0]
[I 2023-12-16 07:47:25,682] Trial 17 finished with value: 7.186098575592041 and parameters: {'gradient_clip_val': 0.13128049609854942, 'hidden_size': 54, 'dropout': 0.1590613860246429, 'hidden_continuous_size': 27, 'attention_head_size': 3, 'learning_rate': 0.04168302440740576}. Best is trial 7 with value: 4.51281213760376.
LOCAL_RANK: 0 - CUDA_VISIBLE_DEVICES: [0]
[I 2023-12-16 07:48:14,841] Trial 18 finished with value: 12.986029624938965 and parameters: {'gradient_clip_val': 0.25186513333028104, 'hidden_size': 30, 'dropout': 0.23056948513144782, 'hidden_continuous_size': 16, 'attention_head_size': 1, 'learning_rate': 0.014006738945159813}. Best is trial 7 with value: 4.51281213760376.
LOCAL_RANK: 0 - CUDA_VISIBLE_DEVICES: [0]
[I 2023-12-16 07:49:09,247] Trial 19 finished with value: 8.304255485534668 and parameters: {'gradient_clip_val': 0.2570667503819182, 'hidden_size': 66, 'dropout': 0.20165233120061238, 'hidden_continuous_size': 33, 'attention_head_size': 2, 'learning_rate': 0.025059130481484594}. Best is trial 7 with value: 4.51281213760376.
LOCAL_RANK: 0 - CUDA_VISIBLE_DEVICES: [0]
[I 2023-12-16 07:49:56,217] Trial 20 finished with value: 7.513713359832764 and parameters: {'gradient_clip_val': 0.15786119562636722, 'hidden_size': 18, 'dropout': 0.2808137666503747, 'hidden_continuous_size': 7, 'attention_head_size': 3, 'learning_rate': 0.008698602951354993}. Best is trial 7 with value: 4.51281213760376.
LOCAL_RANK: 0 - CUDA_VISIBLE_DEVICES: [0]
[I 2023-12-16 07:50:39,889] Trial 21 finished with value: 10.326089859008789 and parameters: {'gradient_clip_val': 0.12730939425568844, 'hidden_size': 8, 'dropout': 0.13827510672740012, 'hidden_continuous_size': 6, 'attention_head_size': 1, 'learning_rate': 0.05038362726565385}. Best is trial 7 with value: 4.51281213760376.
LOCAL_RANK: 0 - CUDA_VISIBLE_DEVICES: [0]
[I 2023-12-16 07:51:27,555] Trial 22 finished with value: 10.78642749786377 and parameters: {'gradient_clip_val': 0.12640772738004677, 'hidden_size': 21, 'dropout': 0.11849853363502133, 'hidden_continuous_size': 8, 'attention_head_size': 1, 'learning_rate': 0.09097539007985814}. Best is trial 7 with value: 4.51281213760376.
LOCAL_RANK: 0 - CUDA_VISIBLE_DEVICES: [0]
[I 2023-12-16 07:52:10,787] Trial 23 finished with value: 9.921878814697266 and parameters: {'gradient_clip_val': 0.15280109823088495, 'hidden_size': 8, 'dropout': 0.1469916979013709, 'hidden_continuous_size': 6, 'attention_head_size': 1, 'learning_rate': 0.03598951233277466}. Best is trial 7 with value: 4.51281213760376.
LOCAL_RANK: 0 - CUDA_VISIBLE_DEVICES: [0]
[I 2023-12-16 07:53:00,069] Trial 24 finished with value: 9.686928749084473 and parameters: {'gradient_clip_val': 0.1152807083247588, 'hidden_size': 34, 'dropout': 0.18380750614084457, 'hidden_continuous_size': 11, 'attention_head_size': 1, 'learning_rate': 0.055455987442975474}. Best is trial 7 with value: 4.51281213760376.
LOCAL_RANK: 0 - CUDA_VISIBLE_DEVICES: [0]
[I 2023-12-16 07:53:51,956] Trial 25 finished with value: 11.54135799407959 and parameters: {'gradient_clip_val': 0.10051487354193779, 'hidden_size': 45, 'dropout': 0.1298689432759704, 'hidden_continuous_size': 13, 'attention_head_size': 2, 'learning_rate': 0.03396998533008905}. Best is trial 7 with value: 4.51281213760376.
LOCAL_RANK: 0 - CUDA_VISIBLE_DEVICES: [0]
[I 2023-12-16 07:54:46,682] Trial 26 finished with value: 3.8644540309906006 and parameters: {'gradient_clip_val': 0.14704714280539927, 'hidden_size': 78, 'dropout': 0.16764818218896121, 'hidden_continuous_size': 46, 'attention_head_size': 1, 'learning_rate': 0.09866714658057134}. Best is trial 26 with value: 3.8644540309906006.
LOCAL_RANK: 0 - CUDA_VISIBLE_DEVICES: [0]
[I 2023-12-16 07:55:41,707] Trial 27 finished with value: 10.359684944152832 and parameters: {'gradient_clip_val': 0.1493501159860541, 'hidden_size': 75, 'dropout': 0.17527611416147354, 'hidden_continuous_size': 45, 'attention_head_size': 2, 'learning_rate': 0.09932912413046133}. Best is trial 26 with value: 3.8644540309906006.
LOCAL_RANK: 0 - CUDA_VISIBLE_DEVICES: [0]
[I 2023-12-16 07:56:36,269] Trial 28 finished with value: 6.549045085906982 and parameters: {'gradient_clip_val': 0.17821349611180665, 'hidden_size': 88, 'dropout': 0.2296602179382203, 'hidden_continuous_size': 52, 'attention_head_size': 1, 'learning_rate': 0.0652907103701475}. Best is trial 26 with value: 3.8644540309906006.
LOCAL_RANK: 0 - CUDA_VISIBLE_DEVICES: [0]
[I 2023-12-16 07:57:29,219] Trial 29 finished with value: 6.449486255645752 and parameters: {'gradient_clip_val': 0.11870293747452385, 'hidden_size': 54, 'dropout': 0.15338016583070774, 'hidden_continuous_size': 33, 'attention_head_size': 1, 'learning_rate': 0.016092097459721365}. Best is trial 26 with value: 3.8644540309906006.
LOCAL_RANK: 0 - CUDA_VISIBLE_DEVICES: [0]
[I 2023-12-16 07:58:25,909] Trial 30 finished with value: 6.507299900054932 and parameters: {'gradient_clip_val': 0.14541035178651843, 'hidden_size': 83, 'dropout': 0.19550142138637308, 'hidden_continuous_size': 59, 'attention_head_size': 3, 'learning_rate': 0.03135600717706357}. Best is trial 26 with value: 3.8644540309906006.
LOCAL_RANK: 0 - CUDA_VISIBLE_DEVICES: [0]
[I 2023-12-16 07:59:19,152] Trial 31 finished with value: 6.034568786621094 and parameters: {'gradient_clip_val': 0.12030206227488356, 'hidden_size': 62, 'dropout': 0.16892103747349146, 'hidden_continuous_size': 36, 'attention_head_size': 1, 'learning_rate': 0.06261707160298512}. Best is trial 26 with value: 3.8644540309906006.
LOCAL_RANK: 0 - CUDA_VISIBLE_DEVICES: [0]
[I 2023-12-16 08:00:13,904] Trial 32 finished with value: 10.767231941223145 and parameters: {'gradient_clip_val': 0.13797327558954292, 'hidden_size': 82, 'dropout': 0.12285019384050788, 'hidden_continuous_size': 43, 'attention_head_size': 1, 'learning_rate': 0.04922800091925335}. Best is trial 26 with value: 3.8644540309906006.
LOCAL_RANK: 0 - CUDA_VISIBLE_DEVICES: [0]
[I 2023-12-16 08:01:04,644] Trial 33 finished with value: 12.881382942199707 and parameters: {'gradient_clip_val': 0.16989205640520158, 'hidden_size': 40, 'dropout': 0.1480378720007692, 'hidden_continuous_size': 27, 'attention_head_size': 1, 'learning_rate': 0.03787880965304437}. Best is trial 26 with value: 3.8644540309906006.
LOCAL_RANK: 0 - CUDA_VISIBLE_DEVICES: [0]
[I 2023-12-16 08:01:59,009] Trial 34 finished with value: 10.813191413879395 and parameters: {'gradient_clip_val': 0.11741607981264499, 'hidden_size': 73, 'dropout': 0.17756518059671833, 'hidden_continuous_size': 22, 'attention_head_size': 4, 'learning_rate': 0.07896520763118914}. Best is trial 26 with value: 3.8644540309906006.
LOCAL_RANK: 0 - CUDA_VISIBLE_DEVICES: [0]
[I 2023-12-16 08:02:52,169] Trial 35 finished with value: 4.014094829559326 and parameters: {'gradient_clip_val': 0.1690664955526606, 'hidden_size': 60, 'dropout': 0.35055517818731485, 'hidden_continuous_size': 32, 'attention_head_size': 2, 'learning_rate': 0.09845144380498054}. Best is trial 26 with value: 3.8644540309906006.
LOCAL_RANK: 0 - CUDA_VISIBLE_DEVICES: [0]
[I 2023-12-16 08:03:45,043] Trial 36 finished with value: 9.933197975158691 and parameters: {'gradient_clip_val': 0.1845476828679019, 'hidden_size': 60, 'dropout': 0.37146992134851564, 'hidden_continuous_size': 30, 'attention_head_size': 2, 'learning_rate': 0.09679616364509215}. Best is trial 26 with value: 3.8644540309906006.
LOCAL_RANK: 0 - CUDA_VISIBLE_DEVICES: [0]
[I 2023-12-16 08:04:40,119] Trial 37 finished with value: 9.79681396484375 and parameters: {'gradient_clip_val': 0.16058004923441646, 'hidden_size': 79, 'dropout': 0.33750137077112713, 'hidden_continuous_size': 39, 'attention_head_size': 2, 'learning_rate': 0.06482813352557444}. Best is trial 26 with value: 3.8644540309906006.
LOCAL_RANK: 0 - CUDA_VISIBLE_DEVICES: [0]
[I 2023-12-16 08:05:35,171] Trial 38 finished with value: 6.755150318145752 and parameters: {'gradient_clip_val': 0.21103274248466486, 'hidden_size': 67, 'dropout': 0.34845917830297596, 'hidden_continuous_size': 35, 'attention_head_size': 4, 'learning_rate': 0.04816113128096189}. Best is trial 26 with value: 3.8644540309906006.
LOCAL_RANK: 0 - CUDA_VISIBLE_DEVICES: [0]
[I 2023-12-16 08:06:33,125] Trial 39 finished with value: 5.163510799407959 and parameters: {'gradient_clip_val': 0.13770869005233688, 'hidden_size': 98, 'dropout': 0.2978904784804862, 'hidden_continuous_size': 65, 'attention_head_size': 3, 'learning_rate': 0.07494136079945884}. Best is trial 26 with value: 3.8644540309906006.
LOCAL_RANK: 0 - CUDA_VISIBLE_DEVICES: [0]
[I 2023-12-16 08:07:26,615] Trial 40 finished with value: 4.191275119781494 and parameters: {'gradient_clip_val': 0.17617795488461668, 'hidden_size': 49, 'dropout': 0.39705353254351333, 'hidden_continuous_size': 31, 'attention_head_size': 4, 'learning_rate': 0.07345361174888032}. Best is trial 26 with value: 3.8644540309906006.
LOCAL_RANK: 0 - CUDA_VISIBLE_DEVICES: [0]
[I 2023-12-16 08:08:20,135] Trial 41 finished with value: 6.436967849731445 and parameters: {'gradient_clip_val': 0.1678853858365466, 'hidden_size': 46, 'dropout': 0.3910546640479857, 'hidden_continuous_size': 32, 'attention_head_size': 4, 'learning_rate': 0.05466904787619687}. Best is trial 26 with value: 3.8644540309906006.
LOCAL_RANK: 0 - CUDA_VISIBLE_DEVICES: [0]
[I 2023-12-16 08:09:14,473] Trial 42 finished with value: 5.49107027053833 and parameters: {'gradient_clip_val': 0.18537184119757957, 'hidden_size': 57, 'dropout': 0.3984520815147003, 'hidden_continuous_size': 37, 'attention_head_size': 4, 'learning_rate': 0.0776120357848596}. Best is trial 26 with value: 3.8644540309906006.
LOCAL_RANK: 0 - CUDA_VISIBLE_DEVICES: [0]
[I 2023-12-16 08:10:09,810] Trial 43 finished with value: 10.0414400100708 and parameters: {'gradient_clip_val': 0.21957709797115466, 'hidden_size': 69, 'dropout': 0.37750140670466525, 'hidden_continuous_size': 47, 'attention_head_size': 4, 'learning_rate': 0.08066965138514208}. Best is trial 26 with value: 3.8644540309906006.
LOCAL_RANK: 0 - CUDA_VISIBLE_DEVICES: [0]
[I 2023-12-16 08:11:02,691] Trial 44 finished with value: 5.2731757164001465 and parameters: {'gradient_clip_val': 0.11121579111137625, 'hidden_size': 49, 'dropout': 0.3612288897649879, 'hidden_continuous_size': 30, 'attention_head_size': 3, 'learning_rate': 0.09927932772586563}. Best is trial 26 with value: 3.8644540309906006.
LOCAL_RANK: 0 - CUDA_VISIBLE_DEVICES: [0]
[I 2023-12-16 08:11:55,986] Trial 45 finished with value: 11.93325138092041 and parameters: {'gradient_clip_val': 0.13455741524371514, 'hidden_size': 39, 'dropout': 0.3287712900680996, 'hidden_continuous_size': 29, 'attention_head_size': 4, 'learning_rate': 0.04338041125271099}. Best is trial 26 with value: 3.8644540309906006.
LOCAL_RANK: 0 - CUDA_VISIBLE_DEVICES: [0]
[I 2023-12-16 08:12:49,818] Trial 46 finished with value: 11.718242645263672 and parameters: {'gradient_clip_val': 0.1597531896386834, 'hidden_size': 50, 'dropout': 0.3560430905845943, 'hidden_continuous_size': 37, 'attention_head_size': 3, 'learning_rate': 0.027487873235669084}. Best is trial 26 with value: 3.8644540309906006.
LOCAL_RANK: 0 - CUDA_VISIBLE_DEVICES: [0]
[I 2023-12-16 08:13:43,772] Trial 47 finished with value: 8.986214637756348 and parameters: {'gradient_clip_val': 0.10951469444982669, 'hidden_size': 58, 'dropout': 0.31237877662612745, 'hidden_continuous_size': 25, 'attention_head_size': 4, 'learning_rate': 0.0031872872025919133}. Best is trial 26 with value: 3.8644540309906006.
LOCAL_RANK: 0 - CUDA_VISIBLE_DEVICES: [0]
[I 2023-12-16 08:14:38,745] Trial 48 finished with value: 11.61414623260498 and parameters: {'gradient_clip_val': 0.1816144222871048, 'hidden_size': 88, 'dropout': 0.38254661320536454, 'hidden_continuous_size': 48, 'attention_head_size': 2, 'learning_rate': 0.021003348697096084}. Best is trial 26 with value: 3.8644540309906006.
LOCAL_RANK: 0 - CUDA_VISIBLE_DEVICES: [0]
[I 2023-12-16 08:15:33,179] Trial 49 finished with value: 8.470386505126953 and parameters: {'gradient_clip_val': 0.4184648676633158, 'hidden_size': 63, 'dropout': 0.3429419599064177, 'hidden_continuous_size': 41, 'attention_head_size': 3, 'learning_rate': 0.06697145732886232}. Best is trial 26 with value: 3.8644540309906006.
[I 2023-12-16 08:15:33,279] A new study created in memory with name: no-name-872486fb-b51b-4d50-b18d-453df011f795
/home/le004/conda/anaconda3/envs/tsff_env/lib/python3.9/site-packages/lightning/fabric/plugins/environments/slurm.py:191: The `srun` command is available on your system but is not used. HINT: If your intention is to run Lightning on SLURM, prepend your python command with `srun` like so: srun python /home/le004/master_thesis/git/TSFusionForecast/code/ ...
LOCAL_RANK: 0 - CUDA_VISIBLE_DEVICES: [0]
[I 2023-12-16 08:16:28,012] Trial 0 finished with value: 3.0003292560577393 and parameters: {'gradient_clip_val': 0.22175121042132365, 'hidden_size': 82, 'dropout': 0.2363078049136926, 'hidden_continuous_size': 12, 'attention_head_size': 4, 'learning_rate': 0.0007972881226373797}. Best is trial 0 with value: 3.0003292560577393.
LOCAL_RANK: 0 - CUDA_VISIBLE_DEVICES: [0]
[I 2023-12-16 08:17:21,914] Trial 1 finished with value: 4.093630313873291 and parameters: {'gradient_clip_val': 0.8497208861615252, 'hidden_size': 63, 'dropout': 0.3576928041665707, 'hidden_continuous_size': 30, 'attention_head_size': 4, 'learning_rate': 0.007235349617511463}. Best is trial 0 with value: 3.0003292560577393.
LOCAL_RANK: 0 - CUDA_VISIBLE_DEVICES: [0]
[I 2023-12-16 08:18:14,306] Trial 2 finished with value: 2.990546464920044 and parameters: {'gradient_clip_val': 0.269107505589924, 'hidden_size': 60, 'dropout': 0.24979967478219983, 'hidden_continuous_size': 10, 'attention_head_size': 4, 'learning_rate': 0.005248437820915965}. Best is trial 2 with value: 2.990546464920044.
LOCAL_RANK: 0 - CUDA_VISIBLE_DEVICES: [0]
[I 2023-12-16 08:19:01,549] Trial 3 finished with value: 3.064415693283081 and parameters: {'gradient_clip_val': 0.24066035345927758, 'hidden_size': 24, 'dropout': 0.10349785497864591, 'hidden_continuous_size': 9, 'attention_head_size': 1, 'learning_rate': 0.002424998063155368}. Best is trial 2 with value: 2.990546464920044.
LOCAL_RANK: 0 - CUDA_VISIBLE_DEVICES: [0]
[I 2023-12-16 08:19:53,133] Trial 4 finished with value: 2.737957000732422 and parameters: {'gradient_clip_val': 0.4410436835553646, 'hidden_size': 44, 'dropout': 0.20524157835427817, 'hidden_continuous_size': 9, 'attention_head_size': 4, 'learning_rate': 0.0013965989708113135}. Best is trial 4 with value: 2.737957000732422.
LOCAL_RANK: 0 - CUDA_VISIBLE_DEVICES: [0]
[I 2023-12-16 08:20:26,819] Trial 5 finished with value: 3.0444324016571045 and parameters: {'gradient_clip_val': 0.6757247489141003, 'hidden_size': 5, 'dropout': 0.33892088581287483, 'hidden_continuous_size': 5, 'attention_head_size': 1, 'learning_rate': 0.02321518090562537}. Best is trial 4 with value: 2.737957000732422.
LOCAL_RANK: 0 - CUDA_VISIBLE_DEVICES: [0]
[I 2023-12-16 08:21:19,462] Trial 6 finished with value: 5.49708366394043 and parameters: {'gradient_clip_val': 0.1404084775713887, 'hidden_size': 40, 'dropout': 0.16673695630316976, 'hidden_continuous_size': 39, 'attention_head_size': 4, 'learning_rate': 0.0502627513096791}. Best is trial 4 with value: 2.737957000732422.
LOCAL_RANK: 0 - CUDA_VISIBLE_DEVICES: [0]
[I 2023-12-16 08:22:13,412] Trial 7 finished with value: 2.894829511642456 and parameters: {'gradient_clip_val': 0.5583507178179505, 'hidden_size': 51, 'dropout': 0.10948586178053615, 'hidden_continuous_size': 46, 'attention_head_size': 3, 'learning_rate': 0.0006024489559140785}. Best is trial 4 with value: 2.737957000732422.
LOCAL_RANK: 0 - CUDA_VISIBLE_DEVICES: [0]
[I 2023-12-16 08:23:02,067] Trial 8 finished with value: 4.587028980255127 and parameters: {'gradient_clip_val': 0.32635802656259255, 'hidden_size': 31, 'dropout': 0.2445935888052812, 'hidden_continuous_size': 5, 'attention_head_size': 2, 'learning_rate': 0.03383830478089398}. Best is trial 4 with value: 2.737957000732422.
LOCAL_RANK: 0 - CUDA_VISIBLE_DEVICES: [0]
[I 2023-12-16 08:23:45,783] Trial 9 finished with value: 3.0914714336395264 and parameters: {'gradient_clip_val': 0.16465709003612664, 'hidden_size': 8, 'dropout': 0.22975740067447875, 'hidden_continuous_size': 5, 'attention_head_size': 2, 'learning_rate': 0.0017678693774160988}. Best is trial 4 with value: 2.737957000732422.
LOCAL_RANK: 0 - CUDA_VISIBLE_DEVICES: [0]
[I 2023-12-16 08:24:31,192] Trial 10 finished with value: 3.77213978767395 and parameters: {'gradient_clip_val': 0.4201747509127321, 'hidden_size': 16, 'dropout': 0.3140857871493461, 'hidden_continuous_size': 8, 'attention_head_size': 3, 'learning_rate': 0.08439403950111256}. Best is trial 4 with value: 2.737957000732422.
LOCAL_RANK: 0 - CUDA_VISIBLE_DEVICES: [0]
[I 2023-12-16 08:25:23,968] Trial 11 finished with value: 3.041651964187622 and parameters: {'gradient_clip_val': 0.5016316363230061, 'hidden_size': 43, 'dropout': 0.10907983039668093, 'hidden_continuous_size': 19, 'attention_head_size': 3, 'learning_rate': 0.000531967871104722}. Best is trial 4 with value: 2.737957000732422.
LOCAL_RANK: 0 - CUDA_VISIBLE_DEVICES: [0]
[I 2023-12-16 08:26:21,134] Trial 12 finished with value: 2.99882435798645 and parameters: {'gradient_clip_val': 0.5504297785315837, 'hidden_size': 90, 'dropout': 0.16852544109274661, 'hidden_continuous_size': 72, 'attention_head_size': 3, 'learning_rate': 0.0005050284705115503}. Best is trial 4 with value: 2.737957000732422.
LOCAL_RANK: 0 - CUDA_VISIBLE_DEVICES: [0]
