[I 2023-12-15 18:36:54,091] Trial 19 finished with value: 0.16644521057605743 and parameters: {'gradient_clip_val': 0.6470457488310051, 'hidden_size': 5, 'dropout': 0.36363226868690957, 'hidden_continuous_size': 5, 'attention_head_size': 2, 'learning_rate': 0.08992531068019033}. Best is trial 16 with value: 0.046351101249456406.
LOCAL_RANK: 0 - CUDA_VISIBLE_DEVICES: [0]
[I 2023-12-15 18:37:40,625] Trial 20 finished with value: 0.08162786811590195 and parameters: {'gradient_clip_val': 0.7810469251162747, 'hidden_size': 9, 'dropout': 0.39555056684106377, 'hidden_continuous_size': 6, 'attention_head_size': 2, 'learning_rate': 0.04033526051137183}. Best is trial 16 with value: 0.046351101249456406.
LOCAL_RANK: 0 - CUDA_VISIBLE_DEVICES: [0]
[I 2023-12-15 18:38:27,193] Trial 21 finished with value: 0.04527117684483528 and parameters: {'gradient_clip_val': 0.8252979442851269, 'hidden_size': 11, 'dropout': 0.35762625413501525, 'hidden_continuous_size': 7, 'attention_head_size': 3, 'learning_rate': 0.0169988225533382}. Best is trial 21 with value: 0.04527117684483528.
LOCAL_RANK: 0 - CUDA_VISIBLE_DEVICES: [0]
[I 2023-12-15 18:39:13,065] Trial 22 finished with value: 0.09568289667367935 and parameters: {'gradient_clip_val': 0.7978981214302082, 'hidden_size': 11, 'dropout': 0.3534743338411835, 'hidden_continuous_size': 7, 'attention_head_size': 3, 'learning_rate': 0.015733989333442878}. Best is trial 21 with value: 0.04527117684483528.
LOCAL_RANK: 0 - CUDA_VISIBLE_DEVICES: [0]
[I 2023-12-15 18:39:59,053] Trial 23 finished with value: 0.07613787055015564 and parameters: {'gradient_clip_val': 0.7914432388693452, 'hidden_size': 6, 'dropout': 0.352111180997731, 'hidden_continuous_size': 5, 'attention_head_size': 3, 'learning_rate': 0.031641832711958015}. Best is trial 21 with value: 0.04527117684483528.
LOCAL_RANK: 0 - CUDA_VISIBLE_DEVICES: [0]
[I 2023-12-15 18:40:45,054] Trial 24 finished with value: 0.39439770579338074 and parameters: {'gradient_clip_val': 0.9723935860383297, 'hidden_size': 10, 'dropout': 0.3982610675812602, 'hidden_continuous_size': 7, 'attention_head_size': 2, 'learning_rate': 0.013682997141991692}. Best is trial 21 with value: 0.04527117684483528.
LOCAL_RANK: 0 - CUDA_VISIBLE_DEVICES: [0]
[I 2023-12-15 18:41:32,317] Trial 25 finished with value: 0.08377925306558609 and parameters: {'gradient_clip_val': 0.595716151059739, 'hidden_size': 17, 'dropout': 0.3730187069110427, 'hidden_continuous_size': 8, 'attention_head_size': 3, 'learning_rate': 0.051608506070283285}. Best is trial 21 with value: 0.04527117684483528.
LOCAL_RANK: 0 - CUDA_VISIBLE_DEVICES: [0]
[I 2023-12-15 18:42:19,014] Trial 26 finished with value: 0.06126262620091438 and parameters: {'gradient_clip_val': 0.7919847264031424, 'hidden_size': 7, 'dropout': 0.3200843044603589, 'hidden_continuous_size': 6, 'attention_head_size': 4, 'learning_rate': 0.029837759583934823}. Best is trial 21 with value: 0.04527117684483528.
LOCAL_RANK: 0 - CUDA_VISIBLE_DEVICES: [0]
[I 2023-12-15 18:43:04,516] Trial 27 finished with value: 0.08650154620409012 and parameters: {'gradient_clip_val': 0.8296329226919701, 'hidden_size': 10, 'dropout': 0.37224717972448806, 'hidden_continuous_size': 7, 'attention_head_size': 2, 'learning_rate': 0.013105126657473995}. Best is trial 21 with value: 0.04527117684483528.
LOCAL_RANK: 0 - CUDA_VISIBLE_DEVICES: [0]
[I 2023-12-15 18:43:49,790] Trial 28 finished with value: 0.09017113596200943 and parameters: {'gradient_clip_val': 0.9996228132866127, 'hidden_size': 7, 'dropout': 0.3454256070345461, 'hidden_continuous_size': 5, 'attention_head_size': 1, 'learning_rate': 0.06572576322162091}. Best is trial 21 with value: 0.04527117684483528.
LOCAL_RANK: 0 - CUDA_VISIBLE_DEVICES: [0]
[I 2023-12-15 18:44:28,786] Trial 29 finished with value: 0.10483906418085098 and parameters: {'gradient_clip_val': 0.5965218061600847, 'hidden_size': 5, 'dropout': 0.3067588578207605, 'hidden_continuous_size': 5, 'attention_head_size': 3, 'learning_rate': 0.024408350396319056}. Best is trial 21 with value: 0.04527117684483528.
LOCAL_RANK: 0 - CUDA_VISIBLE_DEVICES: [0]
[I 2023-12-15 18:45:15,461] Trial 30 finished with value: 0.07692644745111465 and parameters: {'gradient_clip_val': 0.2548493766728629, 'hidden_size': 11, 'dropout': 0.2871880664207692, 'hidden_continuous_size': 8, 'attention_head_size': 2, 'learning_rate': 0.03927791953752762}. Best is trial 21 with value: 0.04527117684483528.
LOCAL_RANK: 0 - CUDA_VISIBLE_DEVICES: [0]
[I 2023-12-15 18:46:01,444] Trial 31 finished with value: 0.06000112369656563 and parameters: {'gradient_clip_val': 0.8466130413495859, 'hidden_size': 12, 'dropout': 0.3779030764083642, 'hidden_continuous_size': 8, 'attention_head_size': 3, 'learning_rate': 0.016640593854234827}. Best is trial 21 with value: 0.04527117684483528.
LOCAL_RANK: 0 - CUDA_VISIBLE_DEVICES: [0]
[I 2023-12-15 18:46:47,593] Trial 32 finished with value: 0.07768859714269638 and parameters: {'gradient_clip_val': 0.7071529866029772, 'hidden_size': 9, 'dropout': 0.35729035445146157, 'hidden_continuous_size': 6, 'attention_head_size': 3, 'learning_rate': 0.019860733628272738}. Best is trial 21 with value: 0.04527117684483528.
LOCAL_RANK: 0 - CUDA_VISIBLE_DEVICES: [0]
[I 2023-12-15 18:47:33,758] Trial 33 finished with value: 0.07660523802042007 and parameters: {'gradient_clip_val': 0.851609697229654, 'hidden_size': 6, 'dropout': 0.339668951951537, 'hidden_continuous_size': 5, 'attention_head_size': 4, 'learning_rate': 0.027157294431316484}. Best is trial 21 with value: 0.04527117684483528.
LOCAL_RANK: 0 - CUDA_VISIBLE_DEVICES: [0]
[I 2023-12-15 18:48:22,231] Trial 34 finished with value: 0.057450294494628906 and parameters: {'gradient_clip_val': 0.7131772913592036, 'hidden_size': 19, 'dropout': 0.2707897085357252, 'hidden_continuous_size': 10, 'attention_head_size': 3, 'learning_rate': 0.011823788199891164}. Best is trial 21 with value: 0.04527117684483528.
LOCAL_RANK: 0 - CUDA_VISIBLE_DEVICES: [0]
[I 2023-12-15 18:49:08,479] Trial 35 finished with value: 0.05425054952502251 and parameters: {'gradient_clip_val': 0.8819076654040321, 'hidden_size': 14, 'dropout': 0.32502235062039936, 'hidden_continuous_size': 8, 'attention_head_size': 3, 'learning_rate': 0.01714269666640741}. Best is trial 21 with value: 0.04527117684483528.
LOCAL_RANK: 0 - CUDA_VISIBLE_DEVICES: [0]
[I 2023-12-15 18:49:53,695] Trial 36 finished with value: 0.15534180402755737 and parameters: {'gradient_clip_val': 0.6742908944747075, 'hidden_size': 8, 'dropout': 0.3801169606870932, 'hidden_continuous_size': 7, 'attention_head_size': 4, 'learning_rate': 0.008414608481669503}. Best is trial 21 with value: 0.04527117684483528.
LOCAL_RANK: 0 - CUDA_VISIBLE_DEVICES: [0]
[I 2023-12-15 18:50:29,813] Trial 37 finished with value: 0.24214290082454681 and parameters: {'gradient_clip_val': 0.9908411368524558, 'hidden_size': 6, 'dropout': 0.3355502474563497, 'hidden_continuous_size': 6, 'attention_head_size': 2, 'learning_rate': 0.011096190527065439}. Best is trial 21 with value: 0.04527117684483528.
LOCAL_RANK: 0 - CUDA_VISIBLE_DEVICES: [0]
[I 2023-12-15 18:51:16,583] Trial 38 finished with value: 0.11036119610071182 and parameters: {'gradient_clip_val': 0.866427137474388, 'hidden_size': 13, 'dropout': 0.3650058894226336, 'hidden_continuous_size': 10, 'attention_head_size': 3, 'learning_rate': 0.02089718038712365}. Best is trial 21 with value: 0.04527117684483528.
LOCAL_RANK: 0 - CUDA_VISIBLE_DEVICES: [0]
[I 2023-12-15 18:52:02,937] Trial 39 finished with value: 0.07336591929197311 and parameters: {'gradient_clip_val': 0.7494861055728897, 'hidden_size': 16, 'dropout': 0.3124198477054119, 'hidden_continuous_size': 10, 'attention_head_size': 4, 'learning_rate': 0.03203147820856895}. Best is trial 21 with value: 0.04527117684483528.
LOCAL_RANK: 0 - CUDA_VISIBLE_DEVICES: [0]
[I 2023-12-15 18:52:51,654] Trial 40 finished with value: 0.17876029014587402 and parameters: {'gradient_clip_val': 0.4415220552909647, 'hidden_size': 21, 'dropout': 0.3431639498456999, 'hidden_continuous_size': 12, 'attention_head_size': 2, 'learning_rate': 0.005543337904830758}. Best is trial 21 with value: 0.04527117684483528.
LOCAL_RANK: 0 - CUDA_VISIBLE_DEVICES: [0]
[I 2023-12-15 18:53:38,690] Trial 41 finished with value: 0.06993626803159714 and parameters: {'gradient_clip_val': 0.8975379651542372, 'hidden_size': 15, 'dropout': 0.38181878044645506, 'hidden_continuous_size': 8, 'attention_head_size': 3, 'learning_rate': 0.014698028202458635}. Best is trial 21 with value: 0.04527117684483528.
LOCAL_RANK: 0 - CUDA_VISIBLE_DEVICES: [0]
[I 2023-12-15 18:54:24,538] Trial 42 finished with value: 0.08505278825759888 and parameters: {'gradient_clip_val': 0.893438270342632, 'hidden_size': 12, 'dropout': 0.3611755437571228, 'hidden_continuous_size': 8, 'attention_head_size': 3, 'learning_rate': 0.018879242326917255}. Best is trial 21 with value: 0.04527117684483528.
LOCAL_RANK: 0 - CUDA_VISIBLE_DEVICES: [0]
[I 2023-12-15 18:55:10,878] Trial 43 finished with value: 0.06568218022584915 and parameters: {'gradient_clip_val': 0.9931178424219334, 'hidden_size': 14, 'dropout': 0.32643840590584927, 'hidden_continuous_size': 9, 'attention_head_size': 3, 'learning_rate': 0.009371727463815647}. Best is trial 21 with value: 0.04527117684483528.
LOCAL_RANK: 0 - CUDA_VISIBLE_DEVICES: [0]
[I 2023-12-15 18:55:57,388] Trial 44 finished with value: 0.06243759021162987 and parameters: {'gradient_clip_val': 0.7714656042498083, 'hidden_size': 10, 'dropout': 0.38402748625946126, 'hidden_continuous_size': 8, 'attention_head_size': 3, 'learning_rate': 0.018128146203843638}. Best is trial 21 with value: 0.04527117684483528.
LOCAL_RANK: 0 - CUDA_VISIBLE_DEVICES: [0]
[I 2023-12-15 18:56:43,928] Trial 45 finished with value: 0.11208794265985489 and parameters: {'gradient_clip_val': 0.8586755239278678, 'hidden_size': 13, 'dropout': 0.3276262911817355, 'hidden_continuous_size': 9, 'attention_head_size': 3, 'learning_rate': 0.024553742782672076}. Best is trial 21 with value: 0.04527117684483528.
LOCAL_RANK: 0 - CUDA_VISIBLE_DEVICES: [0]
[I 2023-12-15 18:57:29,983] Trial 46 finished with value: 0.05535973981022835 and parameters: {'gradient_clip_val': 0.7264780435920545, 'hidden_size': 16, 'dropout': 0.3987487495130146, 'hidden_continuous_size': 7, 'attention_head_size': 4, 'learning_rate': 0.015118612672009446}. Best is trial 21 with value: 0.04527117684483528.
LOCAL_RANK: 0 - CUDA_VISIBLE_DEVICES: [0]
[I 2023-12-15 18:58:18,411] Trial 47 finished with value: 0.048205938190221786 and parameters: {'gradient_clip_val': 0.9141638069372482, 'hidden_size': 24, 'dropout': 0.34475377621203124, 'hidden_continuous_size': 11, 'attention_head_size': 3, 'learning_rate': 0.0066694532623838764}. Best is trial 21 with value: 0.04527117684483528.
LOCAL_RANK: 0 - CUDA_VISIBLE_DEVICES: [0]
[I 2023-12-15 18:59:06,827] Trial 48 finished with value: 0.07619605958461761 and parameters: {'gradient_clip_val': 0.6542022737013601, 'hidden_size': 28, 'dropout': 0.2002735675493244, 'hidden_continuous_size': 13, 'attention_head_size': 3, 'learning_rate': 0.006284104719195552}. Best is trial 21 with value: 0.04527117684483528.
LOCAL_RANK: 0 - CUDA_VISIBLE_DEVICES: [0]
[I 2023-12-15 18:59:54,785] Trial 49 finished with value: 0.11533427238464355 and parameters: {'gradient_clip_val': 0.9412352233028485, 'hidden_size': 19, 'dropout': 0.348995952099895, 'hidden_continuous_size': 11, 'attention_head_size': 1, 'learning_rate': 0.005040949602189748}. Best is trial 21 with value: 0.04527117684483528.
[I 2023-12-15 18:59:54,878] A new study created in memory with name: no-name-aaa94a3b-273b-4edf-97f5-44d53147f528
/home/le004/conda/anaconda3/envs/tsff_env/lib/python3.9/site-packages/lightning/fabric/plugins/environments/slurm.py:191: The `srun` command is available on your system but is not used. HINT: If your intention is to run Lightning on SLURM, prepend your python command with `srun` like so: srun python /home/le004/master_thesis/git/TSFusionForecast/code/ ...
LOCAL_RANK: 0 - CUDA_VISIBLE_DEVICES: [0]
[I 2023-12-15 19:00:49,913] Trial 0 finished with value: 0.08994223922491074 and parameters: {'gradient_clip_val': 0.5631565278667089, 'hidden_size': 92, 'dropout': 0.3581190004356385, 'hidden_continuous_size': 23, 'attention_head_size': 4, 'learning_rate': 0.05837923317526289}. Best is trial 0 with value: 0.08994223922491074.
LOCAL_RANK: 0 - CUDA_VISIBLE_DEVICES: [0]
[I 2023-12-15 19:01:30,105] Trial 1 finished with value: 0.09031138569116592 and parameters: {'gradient_clip_val': 0.18557359077690766, 'hidden_size': 98, 'dropout': 0.2577172186518317, 'hidden_continuous_size': 98, 'attention_head_size': 4, 'learning_rate': 0.03578457248247335}. Best is trial 0 with value: 0.08994223922491074.
LOCAL_RANK: 0 - CUDA_VISIBLE_DEVICES: [0]
[I 2023-12-15 19:02:18,453] Trial 2 finished with value: 0.21847496926784515 and parameters: {'gradient_clip_val': 0.12773869672823382, 'hidden_size': 19, 'dropout': 0.287608604881428, 'hidden_continuous_size': 12, 'attention_head_size': 2, 'learning_rate': 0.011701702273858744}. Best is trial 0 with value: 0.08994223922491074.
LOCAL_RANK: 0 - CUDA_VISIBLE_DEVICES: [0]
[I 2023-12-15 19:03:11,576] Trial 3 finished with value: 0.043173015117645264 and parameters: {'gradient_clip_val': 0.4641569899345565, 'hidden_size': 60, 'dropout': 0.2247364425897677, 'hidden_continuous_size': 9, 'attention_head_size': 3, 'learning_rate': 0.011225931810334494}. Best is trial 3 with value: 0.043173015117645264.
LOCAL_RANK: 0 - CUDA_VISIBLE_DEVICES: [0]
[I 2023-12-15 19:03:47,401] Trial 4 finished with value: 0.15687453746795654 and parameters: {'gradient_clip_val': 0.2252521183448831, 'hidden_size': 5, 'dropout': 0.2089834283690827, 'hidden_continuous_size': 5, 'attention_head_size': 2, 'learning_rate': 0.045665260605188246}. Best is trial 3 with value: 0.043173015117645264.
LOCAL_RANK: 0 - CUDA_VISIBLE_DEVICES: [0]
[I 2023-12-15 19:04:41,357] Trial 5 finished with value: 0.08613550662994385 and parameters: {'gradient_clip_val': 0.255954342777723, 'hidden_size': 63, 'dropout': 0.32578973281406587, 'hidden_continuous_size': 12, 'attention_head_size': 3, 'learning_rate': 0.04628899986292623}. Best is trial 3 with value: 0.043173015117645264.
LOCAL_RANK: 0 - CUDA_VISIBLE_DEVICES: [0]
[I 2023-12-15 19:05:28,305] Trial 6 finished with value: 0.08168724924325943 and parameters: {'gradient_clip_val': 0.16531833616291985, 'hidden_size': 17, 'dropout': 0.13964821478544662, 'hidden_continuous_size': 5, 'attention_head_size': 4, 'learning_rate': 0.07446260596966499}. Best is trial 3 with value: 0.043173015117645264.
LOCAL_RANK: 0 - CUDA_VISIBLE_DEVICES: [0]
[I 2023-12-15 19:06:19,360] Trial 7 finished with value: 0.03880595415830612 and parameters: {'gradient_clip_val': 0.16272636314351657, 'hidden_size': 31, 'dropout': 0.1628246360239668, 'hidden_continuous_size': 25, 'attention_head_size': 1, 'learning_rate': 0.004697910454952862}. Best is trial 7 with value: 0.03880595415830612.
LOCAL_RANK: 0 - CUDA_VISIBLE_DEVICES: [0]
[I 2023-12-15 19:07:04,285] Trial 8 finished with value: 0.8242875933647156 and parameters: {'gradient_clip_val': 0.8445895856333624, 'hidden_size': 16, 'dropout': 0.12688884390121985, 'hidden_continuous_size': 7, 'attention_head_size': 2, 'learning_rate': 0.001005082803890686}. Best is trial 7 with value: 0.03880595415830612.
LOCAL_RANK: 0 - CUDA_VISIBLE_DEVICES: [0]
[I 2023-12-15 19:07:48,965] Trial 9 finished with value: 0.22528386116027832 and parameters: {'gradient_clip_val': 0.5274344590158088, 'hidden_size': 8, 'dropout': 0.3706911827532202, 'hidden_continuous_size': 7, 'attention_head_size': 3, 'learning_rate': 0.004425910206203227}. Best is trial 7 with value: 0.03880595415830612.
LOCAL_RANK: 0 - CUDA_VISIBLE_DEVICES: [0]
[I 2023-12-15 19:08:39,264] Trial 10 finished with value: 0.5016737580299377 and parameters: {'gradient_clip_val': 0.10966404413492897, 'hidden_size': 32, 'dropout': 0.17480346500820623, 'hidden_continuous_size': 22, 'attention_head_size': 1, 'learning_rate': 0.0005241677540411339}. Best is trial 7 with value: 0.03880595415830612.
LOCAL_RANK: 0 - CUDA_VISIBLE_DEVICES: [0]
[I 2023-12-15 19:09:31,971] Trial 11 finished with value: 0.05274605751037598 and parameters: {'gradient_clip_val': 0.34413941441200774, 'hidden_size': 43, 'dropout': 0.19739776205063272, 'hidden_continuous_size': 19, 'attention_head_size': 1, 'learning_rate': 0.006478865047973094}. Best is trial 7 with value: 0.03880595415830612.
LOCAL_RANK: 0 - CUDA_VISIBLE_DEVICES: [0]
[I 2023-12-15 19:10:23,165] Trial 12 finished with value: 0.16854067146778107 and parameters: {'gradient_clip_val': 0.34691855276539035, 'hidden_size': 35, 'dropout': 0.24068130036191868, 'hidden_continuous_size': 15, 'attention_head_size': 3, 'learning_rate': 0.002979215504650502}. Best is trial 7 with value: 0.03880595415830612.
LOCAL_RANK: 0 - CUDA_VISIBLE_DEVICES: [0]
[I 2023-12-15 19:11:16,058] Trial 13 finished with value: 0.09158917516469955 and parameters: {'gradient_clip_val': 0.15022636827774197, 'hidden_size': 54, 'dropout': 0.16350601194596845, 'hidden_continuous_size': 32, 'attention_head_size': 1, 'learning_rate': 0.013787466303865473}. Best is trial 7 with value: 0.03880595415830612.
LOCAL_RANK: 0 - CUDA_VISIBLE_DEVICES: [0]
[I 2023-12-15 19:12:05,338] Trial 14 finished with value: 0.3060276508331299 and parameters: {'gradient_clip_val': 0.10559869946526955, 'hidden_size': 27, 'dropout': 0.10447868532723976, 'hidden_continuous_size': 9, 'attention_head_size': 2, 'learning_rate': 0.002539737460932118}. Best is trial 7 with value: 0.03880595415830612.
LOCAL_RANK: 0 - CUDA_VISIBLE_DEVICES: [0]
[I 2023-12-15 19:12:59,164] Trial 15 finished with value: 0.052980005741119385 and parameters: {'gradient_clip_val': 0.2762833939917433, 'hidden_size': 58, 'dropout': 0.21694152642102438, 'hidden_continuous_size': 33, 'attention_head_size': 3, 'learning_rate': 0.011455289080085678}. Best is trial 7 with value: 0.03880595415830612.
LOCAL_RANK: 0 - CUDA_VISIBLE_DEVICES: [0]
[I 2023-12-15 19:13:47,935] Trial 16 finished with value: 0.06852949410676956 and parameters: {'gradient_clip_val': 0.20466714895478957, 'hidden_size': 27, 'dropout': 0.16702648667940317, 'hidden_continuous_size': 10, 'attention_head_size': 1, 'learning_rate': 0.020801705767308182}. Best is trial 7 with value: 0.03880595415830612.
LOCAL_RANK: 0 - CUDA_VISIBLE_DEVICES: [0]
[I 2023-12-15 19:14:38,032] Trial 17 finished with value: 0.08063692599534988 and parameters: {'gradient_clip_val': 0.3994684333540309, 'hidden_size': 38, 'dropout': 0.2587838992662701, 'hidden_continuous_size': 9, 'attention_head_size': 2, 'learning_rate': 0.006718272370414591}. Best is trial 7 with value: 0.03880595415830612.
LOCAL_RANK: 0 - CUDA_VISIBLE_DEVICES: [0]
[I 2023-12-15 19:15:31,782] Trial 18 finished with value: 0.08117234706878662 and parameters: {'gradient_clip_val': 0.14920663288030858, 'hidden_size': 71, 'dropout': 0.190100109623327, 'hidden_continuous_size': 16, 'attention_head_size': 3, 'learning_rate': 0.024911965955955444}. Best is trial 7 with value: 0.03880595415830612.
LOCAL_RANK: 0 - CUDA_VISIBLE_DEVICES: [0]
[I 2023-12-15 19:16:25,061] Trial 19 finished with value: 0.39917805790901184 and parameters: {'gradient_clip_val': 0.20237005463395055, 'hidden_size': 46, 'dropout': 0.2261068387429169, 'hidden_continuous_size': 7, 'attention_head_size': 4, 'learning_rate': 0.0021881948328605675}. Best is trial 7 with value: 0.03880595415830612.
LOCAL_RANK: 0 - CUDA_VISIBLE_DEVICES: [0]
[I 2023-12-15 19:17:19,024] Trial 20 finished with value: 0.040667396038770676 and parameters: {'gradient_clip_val': 0.2830843259492182, 'hidden_size': 75, 'dropout': 0.14371248091901992, 'hidden_continuous_size': 32, 'attention_head_size': 1, 'learning_rate': 0.005037049818709826}. Best is trial 7 with value: 0.03880595415830612.
LOCAL_RANK: 0 - CUDA_VISIBLE_DEVICES: [0]
[I 2023-12-15 19:18:12,819] Trial 21 finished with value: 0.059858549386262894 and parameters: {'gradient_clip_val': 0.2603309007200592, 'hidden_size': 72, 'dropout': 0.1465691543910791, 'hidden_continuous_size': 34, 'attention_head_size': 1, 'learning_rate': 0.004689116908413021}. Best is trial 7 with value: 0.03880595415830612.
LOCAL_RANK: 0 - CUDA_VISIBLE_DEVICES: [0]
[I 2023-12-15 19:19:05,810] Trial 22 finished with value: 0.10899367183446884 and parameters: {'gradient_clip_val': 0.4340548692981265, 'hidden_size': 54, 'dropout': 0.10736865606233348, 'hidden_continuous_size': 27, 'attention_head_size': 1, 'learning_rate': 0.008479904161426553}. Best is trial 7 with value: 0.03880595415830612.
LOCAL_RANK: 0 - CUDA_VISIBLE_DEVICES: [0]
[I 2023-12-15 19:20:00,205] Trial 23 finished with value: 0.08130048960447311 and parameters: {'gradient_clip_val': 0.3099305837988825, 'hidden_size': 80, 'dropout': 0.18550530100395052, 'hidden_continuous_size': 43, 'attention_head_size': 2, 'learning_rate': 0.01774069899910749}. Best is trial 7 with value: 0.03880595415830612.
LOCAL_RANK: 0 - CUDA_VISIBLE_DEVICES: [0]
[I 2023-12-15 19:20:52,072] Trial 24 finished with value: 0.1641610711812973 and parameters: {'gradient_clip_val': 0.24539972947318775, 'hidden_size': 46, 'dropout': 0.15479285878363833, 'hidden_continuous_size': 18, 'attention_head_size': 1, 'learning_rate': 0.007881133765665412}. Best is trial 7 with value: 0.03880595415830612.
LOCAL_RANK: 0 - CUDA_VISIBLE_DEVICES: [0]
[I 2023-12-15 19:21:48,346] Trial 25 finished with value: 0.14784516394138336 and parameters: {'gradient_clip_val': 0.19034308693124818, 'hidden_size': 98, 'dropout': 0.13645814891950966, 'hidden_continuous_size': 46, 'attention_head_size': 2, 'learning_rate': 0.004239029620772506}. Best is trial 7 with value: 0.03880595415830612.
LOCAL_RANK: 0 - CUDA_VISIBLE_DEVICES: [0]
