[I 2023-12-15 21:34:06,246] Trial 6 finished with value: 13.36253833770752 and parameters: {'gradient_clip_val': 0.11059887233054769, 'hidden_size': 30, 'dropout': 0.2982207673707044, 'hidden_continuous_size': 5, 'attention_head_size': 1, 'learning_rate': 0.0007108248705738998}. Best is trial 3 with value: 6.703096866607666.
LOCAL_RANK: 0 - CUDA_VISIBLE_DEVICES: [0]
[I 2023-12-15 21:35:01,573] Trial 7 finished with value: 15.711441040039062 and parameters: {'gradient_clip_val': 0.7708078272616191, 'hidden_size': 99, 'dropout': 0.2083662983826277, 'hidden_continuous_size': 11, 'attention_head_size': 4, 'learning_rate': 0.02774393433783516}. Best is trial 3 with value: 6.703096866607666.
LOCAL_RANK: 0 - CUDA_VISIBLE_DEVICES: [0]
[I 2023-12-15 21:35:53,651] Trial 8 finished with value: 31.731163024902344 and parameters: {'gradient_clip_val': 0.5161161645751872, 'hidden_size': 72, 'dropout': 0.23885470880702175, 'hidden_continuous_size': 8, 'attention_head_size': 2, 'learning_rate': 0.026552291669721267}. Best is trial 3 with value: 6.703096866607666.
LOCAL_RANK: 0 - CUDA_VISIBLE_DEVICES: [0]
[I 2023-12-15 21:36:27,612] Trial 9 finished with value: 9.208882331848145 and parameters: {'gradient_clip_val': 0.7282457838290847, 'hidden_size': 6, 'dropout': 0.23574832577948454, 'hidden_continuous_size': 6, 'attention_head_size': 3, 'learning_rate': 0.005474667066258602}. Best is trial 3 with value: 6.703096866607666.
LOCAL_RANK: 0 - CUDA_VISIBLE_DEVICES: [0]
[I 2023-12-15 21:37:14,187] Trial 10 finished with value: 16.824176788330078 and parameters: {'gradient_clip_val': 0.425898435930243, 'hidden_size': 15, 'dropout': 0.392006640625847, 'hidden_continuous_size': 10, 'attention_head_size': 3, 'learning_rate': 0.09463210382369497}. Best is trial 3 with value: 6.703096866607666.
LOCAL_RANK: 0 - CUDA_VISIBLE_DEVICES: [0]
[I 2023-12-15 21:38:01,076] Trial 11 finished with value: 6.640443801879883 and parameters: {'gradient_clip_val': 0.9954628036764132, 'hidden_size': 18, 'dropout': 0.1736051947588674, 'hidden_continuous_size': 8, 'attention_head_size': 2, 'learning_rate': 0.01034816217261793}. Best is trial 11 with value: 6.640443801879883.
LOCAL_RANK: 0 - CUDA_VISIBLE_DEVICES: [0]
[I 2023-12-15 21:38:45,720] Trial 12 finished with value: 36.689666748046875 and parameters: {'gradient_clip_val': 0.9808127239186448, 'hidden_size': 16, 'dropout': 0.14728221063770067, 'hidden_continuous_size': 8, 'attention_head_size': 2, 'learning_rate': 0.010022706268049675}. Best is trial 11 with value: 6.640443801879883.
LOCAL_RANK: 0 - CUDA_VISIBLE_DEVICES: [0]
[I 2023-12-15 21:39:30,595] Trial 13 finished with value: 13.367866516113281 and parameters: {'gradient_clip_val': 0.43882732750392317, 'hidden_size': 12, 'dropout': 0.13754608603101662, 'hidden_continuous_size': 7, 'attention_head_size': 3, 'learning_rate': 0.00928787334979975}. Best is trial 11 with value: 6.640443801879883.
LOCAL_RANK: 0 - CUDA_VISIBLE_DEVICES: [0]
[I 2023-12-15 21:40:18,892] Trial 14 finished with value: 12.587565422058105 and parameters: {'gradient_clip_val': 0.3459587589859666, 'hidden_size': 25, 'dropout': 0.17786313127267508, 'hidden_continuous_size': 10, 'attention_head_size': 1, 'learning_rate': 0.004825024950622725}. Best is trial 11 with value: 6.640443801879883.
LOCAL_RANK: 0 - CUDA_VISIBLE_DEVICES: [0]
[I 2023-12-15 21:41:12,380] Trial 15 finished with value: 28.0994815826416 and parameters: {'gradient_clip_val': 0.6302845272853168, 'hidden_size': 37, 'dropout': 0.11757060440157731, 'hidden_continuous_size': 35, 'attention_head_size': 4, 'learning_rate': 0.013620136776171049}. Best is trial 11 with value: 6.640443801879883.
LOCAL_RANK: 0 - CUDA_VISIBLE_DEVICES: [0]
[I 2023-12-15 21:42:00,668] Trial 16 finished with value: 31.768022537231445 and parameters: {'gradient_clip_val': 0.8647268416448952, 'hidden_size': 21, 'dropout': 0.10143856038666849, 'hidden_continuous_size': 8, 'attention_head_size': 2, 'learning_rate': 0.003263218205244517}. Best is trial 11 with value: 6.640443801879883.
LOCAL_RANK: 0 - CUDA_VISIBLE_DEVICES: [0]
[I 2023-12-15 21:42:46,225] Trial 17 finished with value: 26.43004035949707 and parameters: {'gradient_clip_val': 0.9368412111133672, 'hidden_size': 10, 'dropout': 0.17515614468219426, 'hidden_continuous_size': 6, 'attention_head_size': 3, 'learning_rate': 0.014560958471050775}. Best is trial 11 with value: 6.640443801879883.
LOCAL_RANK: 0 - CUDA_VISIBLE_DEVICES: [0]
[I 2023-12-15 21:43:32,331] Trial 18 finished with value: 22.454626083374023 and parameters: {'gradient_clip_val': 0.5657749767446393, 'hidden_size': 20, 'dropout': 0.36800486220828477, 'hidden_continuous_size': 5, 'attention_head_size': 2, 'learning_rate': 0.008255262786595404}. Best is trial 11 with value: 6.640443801879883.
LOCAL_RANK: 0 - CUDA_VISIBLE_DEVICES: [0]
[I 2023-12-15 21:44:24,732] Trial 19 finished with value: 6.960541248321533 and parameters: {'gradient_clip_val': 0.3388213961729835, 'hidden_size': 42, 'dropout': 0.25848731048957707, 'hidden_continuous_size': 13, 'attention_head_size': 3, 'learning_rate': 0.016059003913174906}. Best is trial 11 with value: 6.640443801879883.
LOCAL_RANK: 0 - CUDA_VISIBLE_DEVICES: [0]
[I 2023-12-15 21:45:13,150] Trial 20 finished with value: 17.6011905670166 and parameters: {'gradient_clip_val': 0.46348862161279764, 'hidden_size': 25, 'dropout': 0.333052183357556, 'hidden_continuous_size': 9, 'attention_head_size': 1, 'learning_rate': 0.0038742414400890425}. Best is trial 11 with value: 6.640443801879883.
LOCAL_RANK: 0 - CUDA_VISIBLE_DEVICES: [0]
[I 2023-12-15 21:46:05,431] Trial 21 finished with value: 17.15885353088379 and parameters: {'gradient_clip_val': 0.3024883585632274, 'hidden_size': 39, 'dropout': 0.25749068858883206, 'hidden_continuous_size': 14, 'attention_head_size': 3, 'learning_rate': 0.016434737489774233}. Best is trial 11 with value: 6.640443801879883.
LOCAL_RANK: 0 - CUDA_VISIBLE_DEVICES: [0]
[I 2023-12-15 21:46:58,126] Trial 22 finished with value: 10.99746036529541 and parameters: {'gradient_clip_val': 0.6675207403775669, 'hidden_size': 49, 'dropout': 0.20094555681727633, 'hidden_continuous_size': 12, 'attention_head_size': 3, 'learning_rate': 0.0066703092240744995}. Best is trial 11 with value: 6.640443801879883.
LOCAL_RANK: 0 - CUDA_VISIBLE_DEVICES: [0]
[I 2023-12-15 21:47:50,851] Trial 23 finished with value: 43.66644287109375 and parameters: {'gradient_clip_val': 0.3606721589527198, 'hidden_size': 42, 'dropout': 0.2633056917994694, 'hidden_continuous_size': 13, 'attention_head_size': 4, 'learning_rate': 0.014918685153067688}. Best is trial 11 with value: 6.640443801879883.
LOCAL_RANK: 0 - CUDA_VISIBLE_DEVICES: [0]
[I 2023-12-15 21:48:39,226] Trial 24 finished with value: 52.6463623046875 and parameters: {'gradient_clip_val': 0.268333998884206, 'hidden_size': 32, 'dropout': 0.2325989650654228, 'hidden_continuous_size': 9, 'attention_head_size': 3, 'learning_rate': 0.0067274360833841735}. Best is trial 11 with value: 6.640443801879883.
LOCAL_RANK: 0 - CUDA_VISIBLE_DEVICES: [0]
[I 2023-12-15 21:49:25,451] Trial 25 finished with value: 28.639862060546875 and parameters: {'gradient_clip_val': 0.5586067392251094, 'hidden_size': 17, 'dropout': 0.26068425995697314, 'hidden_continuous_size': 7, 'attention_head_size': 2, 'learning_rate': 0.011017202733674408}. Best is trial 11 with value: 6.640443801879883.
LOCAL_RANK: 0 - CUDA_VISIBLE_DEVICES: [0]
[I 2023-12-15 21:50:14,840] Trial 26 finished with value: 10.89330005645752 and parameters: {'gradient_clip_val': 0.6993533355111523, 'hidden_size': 26, 'dropout': 0.32212447429218144, 'hidden_continuous_size': 11, 'attention_head_size': 3, 'learning_rate': 0.021043535256619755}. Best is trial 11 with value: 6.640443801879883.
LOCAL_RANK: 0 - CUDA_VISIBLE_DEVICES: [0]
[I 2023-12-15 21:51:04,026] Trial 27 finished with value: 5.884103298187256 and parameters: {'gradient_clip_val': 0.39946931608367664, 'hidden_size': 21, 'dropout': 0.3608308782642296, 'hidden_continuous_size': 9, 'attention_head_size': 4, 'learning_rate': 0.00873851396119565}. Best is trial 27 with value: 5.884103298187256.
LOCAL_RANK: 0 - CUDA_VISIBLE_DEVICES: [0]
[I 2023-12-15 21:51:52,138] Trial 28 finished with value: 13.860201835632324 and parameters: {'gradient_clip_val': 0.9913707662233942, 'hidden_size': 19, 'dropout': 0.3576209137756684, 'hidden_continuous_size': 8, 'attention_head_size': 4, 'learning_rate': 0.0024399723206817363}. Best is trial 27 with value: 5.884103298187256.
LOCAL_RANK: 0 - CUDA_VISIBLE_DEVICES: [0]
[I 2023-12-15 21:52:38,098] Trial 29 finished with value: 12.298754692077637 and parameters: {'gradient_clip_val': 0.41374213505402946, 'hidden_size': 13, 'dropout': 0.3023795266820141, 'hidden_continuous_size': 7, 'attention_head_size': 4, 'learning_rate': 0.007652340756563305}. Best is trial 27 with value: 5.884103298187256.
LOCAL_RANK: 0 - CUDA_VISIBLE_DEVICES: [0]
[I 2023-12-15 21:53:27,639] Trial 30 finished with value: 29.108110427856445 and parameters: {'gradient_clip_val': 0.5108468263393361, 'hidden_size': 23, 'dropout': 0.39686024300408795, 'hidden_continuous_size': 9, 'attention_head_size': 4, 'learning_rate': 0.004537734364506171}. Best is trial 27 with value: 5.884103298187256.
LOCAL_RANK: 0 - CUDA_VISIBLE_DEVICES: [0]
[I 2023-12-15 21:54:15,590] Trial 31 finished with value: 8.872708320617676 and parameters: {'gradient_clip_val': 0.283592580696205, 'hidden_size': 28, 'dropout': 0.3562183881660407, 'hidden_continuous_size': 10, 'attention_head_size': 2, 'learning_rate': 0.01915067123113857}. Best is trial 27 with value: 5.884103298187256.
LOCAL_RANK: 0 - CUDA_VISIBLE_DEVICES: [0]
[I 2023-12-15 21:55:04,399] Trial 32 finished with value: 9.680075645446777 and parameters: {'gradient_clip_val': 0.5975435105481142, 'hidden_size': 21, 'dropout': 0.3285167241022686, 'hidden_continuous_size': 9, 'attention_head_size': 3, 'learning_rate': 0.04131728443573371}. Best is trial 27 with value: 5.884103298187256.
LOCAL_RANK: 0 - CUDA_VISIBLE_DEVICES: [0]
[I 2023-12-15 21:55:55,517] Trial 33 finished with value: 10.031376838684082 and parameters: {'gradient_clip_val': 0.36281662871162856, 'hidden_size': 35, 'dropout': 0.31542914174902204, 'hidden_continuous_size': 14, 'attention_head_size': 4, 'learning_rate': 0.011405321922129199}. Best is trial 27 with value: 5.884103298187256.
LOCAL_RANK: 0 - CUDA_VISIBLE_DEVICES: [0]
[I 2023-12-15 21:56:45,074] Trial 34 finished with value: 31.75721549987793 and parameters: {'gradient_clip_val': 0.2562647912313767, 'hidden_size': 29, 'dropout': 0.2942089641897267, 'hidden_continuous_size': 12, 'attention_head_size': 3, 'learning_rate': 0.010793989124413275}. Best is trial 27 with value: 5.884103298187256.
LOCAL_RANK: 0 - CUDA_VISIBLE_DEVICES: [0]
[I 2023-12-15 21:57:37,521] Trial 35 finished with value: 7.643813610076904 and parameters: {'gradient_clip_val': 0.7925679896547317, 'hidden_size': 45, 'dropout': 0.3471545832868867, 'hidden_continuous_size': 16, 'attention_head_size': 2, 'learning_rate': 0.019124215420252222}. Best is trial 27 with value: 5.884103298187256.
LOCAL_RANK: 0 - CUDA_VISIBLE_DEVICES: [0]
[I 2023-12-15 21:58:26,151] Trial 36 finished with value: 8.840675354003906 and parameters: {'gradient_clip_val': 0.23788484290009973, 'hidden_size': 36, 'dropout': 0.2748411812260779, 'hidden_continuous_size': 6, 'attention_head_size': 3, 'learning_rate': 0.005828995060480702}. Best is trial 27 with value: 5.884103298187256.
LOCAL_RANK: 0 - CUDA_VISIBLE_DEVICES: [0]
[I 2023-12-15 21:59:19,623] Trial 37 finished with value: 27.179006576538086 and parameters: {'gradient_clip_val': 0.3243908177194797, 'hidden_size': 55, 'dropout': 0.30635157865864043, 'hidden_continuous_size': 16, 'attention_head_size': 4, 'learning_rate': 0.008674154673663738}. Best is trial 27 with value: 5.884103298187256.
LOCAL_RANK: 0 - CUDA_VISIBLE_DEVICES: [0]
[I 2023-12-15 22:00:08,434] Trial 38 finished with value: 7.900363922119141 and parameters: {'gradient_clip_val': 0.3780248656978596, 'hidden_size': 23, 'dropout': 0.28479537631933594, 'hidden_continuous_size': 11, 'attention_head_size': 2, 'learning_rate': 0.031434394134579303}. Best is trial 27 with value: 5.884103298187256.
LOCAL_RANK: 0 - CUDA_VISIBLE_DEVICES: [0]
[I 2023-12-15 22:00:56,881] Trial 39 finished with value: 14.026961326599121 and parameters: {'gradient_clip_val': 0.4912783052901995, 'hidden_size': 29, 'dropout': 0.318192505985745, 'hidden_continuous_size': 10, 'attention_head_size': 1, 'learning_rate': 0.022758467620093314}. Best is trial 27 with value: 5.884103298187256.
LOCAL_RANK: 0 - CUDA_VISIBLE_DEVICES: [0]
[I 2023-12-15 22:01:44,718] Trial 40 finished with value: 38.94414520263672 and parameters: {'gradient_clip_val': 0.6453036065555893, 'hidden_size': 19, 'dropout': 0.3390715492002917, 'hidden_continuous_size': 8, 'attention_head_size': 3, 'learning_rate': 0.01434862821472043}. Best is trial 27 with value: 5.884103298187256.
LOCAL_RANK: 0 - CUDA_VISIBLE_DEVICES: [0]
[I 2023-12-15 22:02:36,919] Trial 41 finished with value: 9.494178771972656 and parameters: {'gradient_clip_val': 0.8307710560232003, 'hidden_size': 42, 'dropout': 0.3781440741834433, 'hidden_continuous_size': 19, 'attention_head_size': 2, 'learning_rate': 0.01697579821680445}. Best is trial 27 with value: 5.884103298187256.
LOCAL_RANK: 0 - CUDA_VISIBLE_DEVICES: [0]
[I 2023-12-15 22:03:29,801] Trial 42 finished with value: 14.742945671081543 and parameters: {'gradient_clip_val': 0.764491547873604, 'hidden_size': 47, 'dropout': 0.3478300610607365, 'hidden_continuous_size': 17, 'attention_head_size': 2, 'learning_rate': 0.02301510097782782}. Best is trial 27 with value: 5.884103298187256.
LOCAL_RANK: 0 - CUDA_VISIBLE_DEVICES: [0]
[I 2023-12-15 22:04:22,802] Trial 43 finished with value: 17.985950469970703 and parameters: {'gradient_clip_val': 0.8425725938680448, 'hidden_size': 60, 'dropout': 0.37683985283154087, 'hidden_continuous_size': 21, 'attention_head_size': 2, 'learning_rate': 0.012763684110034366}. Best is trial 27 with value: 5.884103298187256.
LOCAL_RANK: 0 - CUDA_VISIBLE_DEVICES: [0]
[I 2023-12-15 22:05:13,755] Trial 44 finished with value: 15.12524700164795 and parameters: {'gradient_clip_val': 0.7037468535451638, 'hidden_size': 67, 'dropout': 0.3445598234562044, 'hidden_continuous_size': 5, 'attention_head_size': 2, 'learning_rate': 0.00912275255116948}. Best is trial 27 with value: 5.884103298187256.
LOCAL_RANK: 0 - CUDA_VISIBLE_DEVICES: [0]
[I 2023-12-15 22:06:03,191] Trial 45 finished with value: 13.624458312988281 and parameters: {'gradient_clip_val': 0.4060806801047206, 'hidden_size': 33, 'dropout': 0.33310202845401893, 'hidden_continuous_size': 15, 'attention_head_size': 1, 'learning_rate': 0.019044467178931514}. Best is trial 27 with value: 5.884103298187256.
LOCAL_RANK: 0 - CUDA_VISIBLE_DEVICES: [0]
[I 2023-12-15 22:06:55,676] Trial 46 finished with value: 21.478490829467773 and parameters: {'gradient_clip_val': 0.5350280232339708, 'hidden_size': 47, 'dropout': 0.29225883252984597, 'hidden_continuous_size': 13, 'attention_head_size': 3, 'learning_rate': 0.03564147394194347}. Best is trial 27 with value: 5.884103298187256.
LOCAL_RANK: 0 - CUDA_VISIBLE_DEVICES: [0]
[I 2023-12-15 22:07:44,197] Trial 47 finished with value: 24.08052635192871 and parameters: {'gradient_clip_val': 0.4629115955665644, 'hidden_size': 26, 'dropout': 0.2741447902019815, 'hidden_continuous_size': 7, 'attention_head_size': 2, 'learning_rate': 0.027094504195073567}. Best is trial 27 with value: 5.884103298187256.
LOCAL_RANK: 0 - CUDA_VISIBLE_DEVICES: [0]
[I 2023-12-15 22:08:33,372] Trial 48 finished with value: 36.41212463378906 and parameters: {'gradient_clip_val': 0.9009617667571167, 'hidden_size': 31, 'dropout': 0.3164044941306795, 'hidden_continuous_size': 6, 'attention_head_size': 3, 'learning_rate': 0.01298435073263789}. Best is trial 27 with value: 5.884103298187256.
LOCAL_RANK: 0 - CUDA_VISIBLE_DEVICES: [0]
[I 2023-12-15 22:09:19,683] Trial 49 finished with value: 8.708489418029785 and parameters: {'gradient_clip_val': 0.9920424861825429, 'hidden_size': 17, 'dropout': 0.3610839990039765, 'hidden_continuous_size': 8, 'attention_head_size': 2, 'learning_rate': 0.05404342545809162}. Best is trial 27 with value: 5.884103298187256.
[I 2023-12-15 22:09:19,784] A new study created in memory with name: no-name-6aa92371-9052-48b5-93a6-43b3a8d5f61f
/home/le004/conda/anaconda3/envs/tsff_env/lib/python3.9/site-packages/lightning/fabric/plugins/environments/slurm.py:191: The `srun` command is available on your system but is not used. HINT: If your intention is to run Lightning on SLURM, prepend your python command with `srun` like so: srun python /home/le004/master_thesis/git/TSFusionForecast/code/ ...
LOCAL_RANK: 0 - CUDA_VISIBLE_DEVICES: [0]
[I 2023-12-15 22:10:12,434] Trial 0 finished with value: 38.929595947265625 and parameters: {'gradient_clip_val': 0.44421902784961614, 'hidden_size': 68, 'dropout': 0.33712947508607627, 'hidden_continuous_size': 16, 'attention_head_size': 3, 'learning_rate': 0.07668439106102325}. Best is trial 0 with value: 38.929595947265625.
LOCAL_RANK: 0 - CUDA_VISIBLE_DEVICES: [0]
[I 2023-12-15 22:11:04,926] Trial 1 finished with value: 48.31610107421875 and parameters: {'gradient_clip_val': 0.2657811325014896, 'hidden_size': 47, 'dropout': 0.2004385442154375, 'hidden_continuous_size': 21, 'attention_head_size': 2, 'learning_rate': 0.0029716964181749606}. Best is trial 0 with value: 38.929595947265625.
LOCAL_RANK: 0 - CUDA_VISIBLE_DEVICES: [0]
[I 2023-12-15 22:11:52,897] Trial 2 finished with value: 57.99977493286133 and parameters: {'gradient_clip_val': 0.17444507791826347, 'hidden_size': 19, 'dropout': 0.246038650577955, 'hidden_continuous_size': 9, 'attention_head_size': 3, 'learning_rate': 0.0011885634831579725}. Best is trial 0 with value: 38.929595947265625.
LOCAL_RANK: 0 - CUDA_VISIBLE_DEVICES: [0]
[I 2023-12-15 22:12:36,887] Trial 3 finished with value: 19.15798568725586 and parameters: {'gradient_clip_val': 0.5153738368666637, 'hidden_size': 12, 'dropout': 0.3845705504125543, 'hidden_continuous_size': 5, 'attention_head_size': 2, 'learning_rate': 0.0014762898710996932}. Best is trial 3 with value: 19.15798568725586.
LOCAL_RANK: 0 - CUDA_VISIBLE_DEVICES: [0]
[I 2023-12-15 22:13:25,969] Trial 4 finished with value: 23.158218383789062 and parameters: {'gradient_clip_val': 0.11321213563364403, 'hidden_size': 18, 'dropout': 0.18737549419638555, 'hidden_continuous_size': 14, 'attention_head_size': 4, 'learning_rate': 0.0016280714607081815}. Best is trial 3 with value: 19.15798568725586.
LOCAL_RANK: 0 - CUDA_VISIBLE_DEVICES: [0]
[I 2023-12-15 22:14:21,365] Trial 5 finished with value: 69.97209930419922 and parameters: {'gradient_clip_val': 0.14226633587067888, 'hidden_size': 93, 'dropout': 0.20479906917054697, 'hidden_continuous_size': 20, 'attention_head_size': 4, 'learning_rate': 0.010690566566894794}. Best is trial 3 with value: 19.15798568725586.
LOCAL_RANK: 0 - CUDA_VISIBLE_DEVICES: [0]
[I 2023-12-15 22:15:10,017] Trial 6 finished with value: 88.65717315673828 and parameters: {'gradient_clip_val': 0.32746786644790976, 'hidden_size': 21, 'dropout': 0.18128642039695395, 'hidden_continuous_size': 6, 'attention_head_size': 4, 'learning_rate': 0.016448769529676974}. Best is trial 3 with value: 19.15798568725586.
LOCAL_RANK: 0 - CUDA_VISIBLE_DEVICES: [0]
[I 2023-12-15 22:15:53,695] Trial 7 finished with value: 94.64420318603516 and parameters: {'gradient_clip_val': 0.2903708094499645, 'hidden_size': 12, 'dropout': 0.34767531246226907, 'hidden_continuous_size': 7, 'attention_head_size': 1, 'learning_rate': 0.015568021947528573}. Best is trial 3 with value: 19.15798568725586.
LOCAL_RANK: 0 - CUDA_VISIBLE_DEVICES: [0]
[I 2023-12-15 22:16:45,672] Trial 8 finished with value: 58.96820068359375 and parameters: {'gradient_clip_val': 0.1601302966129858, 'hidden_size': 27, 'dropout': 0.29958067564676166, 'hidden_continuous_size': 25, 'attention_head_size': 4, 'learning_rate': 0.02194980388798779}. Best is trial 3 with value: 19.15798568725586.
LOCAL_RANK: 0 - CUDA_VISIBLE_DEVICES: [0]
[I 2023-12-15 22:17:33,544] Trial 9 finished with value: 15.224535942077637 and parameters: {'gradient_clip_val': 0.8822727565093376, 'hidden_size': 32, 'dropout': 0.17637406787259202, 'hidden_continuous_size': 12, 'attention_head_size': 2, 'learning_rate': 0.003372614640799375}. Best is trial 9 with value: 15.224535942077637.
LOCAL_RANK: 0 - CUDA_VISIBLE_DEVICES: [0]
[I 2023-12-15 22:18:07,151] Trial 10 finished with value: 46.6932373046875 and parameters: {'gradient_clip_val': 0.8711136499198163, 'hidden_size': 5, 'dropout': 0.1287827210104484, 'hidden_continuous_size': 5, 'attention_head_size': 1, 'learning_rate': 0.0005692038525836693}. Best is trial 9 with value: 15.224535942077637.
LOCAL_RANK: 0 - CUDA_VISIBLE_DEVICES: [0]
[I 2023-12-15 22:18:52,396] Trial 11 finished with value: 53.993831634521484 and parameters: {'gradient_clip_val': 0.9683831808117644, 'hidden_size': 9, 'dropout': 0.3874966883871791, 'hidden_continuous_size': 5, 'attention_head_size': 2, 'learning_rate': 0.004026263041245081}. Best is trial 9 with value: 15.224535942077637.
LOCAL_RANK: 0 - CUDA_VISIBLE_DEVICES: [0]
[I 2023-12-15 22:19:42,591] Trial 12 finished with value: 61.93353271484375 and parameters: {'gradient_clip_val': 0.6184599699011549, 'hidden_size': 35, 'dropout': 0.2663033335413554, 'hidden_continuous_size': 11, 'attention_head_size': 2, 'learning_rate': 0.005055853202932284}. Best is trial 9 with value: 15.224535942077637.
LOCAL_RANK: 0 - CUDA_VISIBLE_DEVICES: [0]
[I 2023-12-15 22:20:32,989] Trial 13 finished with value: 16.292917251586914 and parameters: {'gradient_clip_val': 0.6677711609950878, 'hidden_size': 38, 'dropout': 0.39123095979424877, 'hidden_continuous_size': 10, 'attention_head_size': 2, 'learning_rate': 0.001987875531302332}. Best is trial 9 with value: 15.224535942077637.
LOCAL_RANK: 0 - CUDA_VISIBLE_DEVICES: [0]
