[I 2023-12-26 17:14:14,309] Trial 41 finished with value: 24.27243995666504 and parameters: {'gradient_clip_val': 0.23959820680787874, 'hidden_size': 120, 'dropout': 0.14211239077133506, 'hidden_continuous_size': 15, 'attention_head_size': 4, 'learning_rate': 0.01032450302350933}. Best is trial 0 with value: 4.0151591300964355.
[I 2023-12-26 17:14:23,006] Trial 42 finished with value: 32.519859313964844 and parameters: {'gradient_clip_val': 0.2586289600550668, 'hidden_size': 124, 'dropout': 0.14081099971818642, 'hidden_continuous_size': 9, 'attention_head_size': 4, 'learning_rate': 0.008809884920470587}. Best is trial 0 with value: 4.0151591300964355.
[I 2023-12-26 17:14:30,955] Trial 43 finished with value: 33.732479095458984 and parameters: {'gradient_clip_val': 0.2396449348186908, 'hidden_size': 129, 'dropout': 0.12591088930817285, 'hidden_continuous_size': 15, 'attention_head_size': 4, 'learning_rate': 0.006797343909722046}. Best is trial 0 with value: 4.0151591300964355.
[I 2023-12-26 17:14:41,316] Trial 44 finished with value: 29.88604736328125 and parameters: {'gradient_clip_val': 0.299576243668334, 'hidden_size': 150, 'dropout': 0.17706343742549993, 'hidden_continuous_size': 15, 'attention_head_size': 4, 'learning_rate': 0.011801405366604912}. Best is trial 0 with value: 4.0151591300964355.
[I 2023-12-26 17:14:51,068] Trial 45 finished with value: 26.077974319458008 and parameters: {'gradient_clip_val': 0.19717396085356137, 'hidden_size': 110, 'dropout': 0.20208321742674773, 'hidden_continuous_size': 20, 'attention_head_size': 4, 'learning_rate': 0.005852636029451684}. Best is trial 0 with value: 4.0151591300964355.
[I 2023-12-26 17:14:56,094] Trial 46 finished with value: 32.003421783447266 and parameters: {'gradient_clip_val': 0.31961176511138656, 'hidden_size': 80, 'dropout': 0.1460309335159521, 'hidden_continuous_size': 17, 'attention_head_size': 3, 'learning_rate': 0.009092012155238516}. Best is trial 0 with value: 4.0151591300964355.
[I 2023-12-26 17:15:04,380] Trial 47 finished with value: 40.73381423950195 and parameters: {'gradient_clip_val': 0.2781872796041065, 'hidden_size': 108, 'dropout': 0.17041906312555521, 'hidden_continuous_size': 9, 'attention_head_size': 4, 'learning_rate': 0.004666165054159685}. Best is trial 0 with value: 4.0151591300964355.
[I 2023-12-26 17:15:09,733] Trial 48 finished with value: 35.07317352294922 and parameters: {'gradient_clip_val': 0.2386647605613096, 'hidden_size': 63, 'dropout': 0.48776950326777985, 'hidden_continuous_size': 14, 'attention_head_size': 3, 'learning_rate': 0.016376693883455258}. Best is trial 0 with value: 4.0151591300964355.
[I 2023-12-26 17:15:19,366] Trial 49 finished with value: 27.853225708007812 and parameters: {'gradient_clip_val': 0.16641516699185044, 'hidden_size': 136, 'dropout': 0.12342988990792153, 'hidden_continuous_size': 11, 'attention_head_size': 4, 'learning_rate': 0.006563251455934233}. Best is trial 0 with value: 4.0151591300964355.
[I 2023-12-26 17:15:19,505] A new study created in memory with name: no-name-0010615c-5a62-4202-9f79-0f94e2104d58
/home/le004/conda/anaconda3/envs/tsff_env/lib/python3.9/site-packages/lightning/fabric/plugins/environments/slurm.py:191: The `srun` command is available on your system but is not used. HINT: If your intention is to run Lightning on SLURM, prepend your python command with `srun` like so: srun python /home/le004/master_thesis/git/TSFusionForecast/code/ ...
[I 2023-12-26 17:20:05,666] Trial 0 finished with value: 2.9370272159576416 and parameters: {'gradient_clip_val': 0.13238062252026578, 'hidden_size': 10, 'dropout': 0.18765619476544493, 'hidden_continuous_size': 6, 'attention_head_size': 2, 'learning_rate': 0.0005166822713232966}. Best is trial 0 with value: 2.9370272159576416.
[I 2023-12-26 17:22:46,668] Trial 1 finished with value: 4.15739107131958 and parameters: {'gradient_clip_val': 0.8260782631484979, 'hidden_size': 37, 'dropout': 0.3044699108520965, 'hidden_continuous_size': 9, 'attention_head_size': 3, 'learning_rate': 0.08090557192655334}. Best is trial 0 with value: 2.9370272159576416.
[I 2023-12-26 17:22:48,731] Trial 2 finished with value: 13.929686546325684 and parameters: {'gradient_clip_val': 0.7399274596211499, 'hidden_size': 15, 'dropout': 0.22599678534535872, 'hidden_continuous_size': 8, 'attention_head_size': 3, 'learning_rate': 0.0009761582556210641}. Best is trial 0 with value: 2.9370272159576416.
[I 2023-12-26 17:22:52,247] Trial 3 finished with value: 10.470596313476562 and parameters: {'gradient_clip_val': 0.10374769342810973, 'hidden_size': 60, 'dropout': 0.3462338098981531, 'hidden_continuous_size': 29, 'attention_head_size': 2, 'learning_rate': 0.0034211151027320245}. Best is trial 0 with value: 2.9370272159576416.
[I 2023-12-26 17:22:54,762] Trial 4 finished with value: 13.83599853515625 and parameters: {'gradient_clip_val': 0.2464465765405842, 'hidden_size': 40, 'dropout': 0.18839260500504557, 'hidden_continuous_size': 5, 'attention_head_size': 3, 'learning_rate': 0.0754523861090807}. Best is trial 0 with value: 2.9370272159576416.
[I 2023-12-26 17:22:57,850] Trial 5 finished with value: 12.341243743896484 and parameters: {'gradient_clip_val': 0.8340869613804054, 'hidden_size': 52, 'dropout': 0.1375761974770201, 'hidden_continuous_size': 19, 'attention_head_size': 3, 'learning_rate': 0.018388123350713347}. Best is trial 0 with value: 2.9370272159576416.
[I 2023-12-26 17:23:05,399] Trial 6 finished with value: 12.599053382873535 and parameters: {'gradient_clip_val': 0.10025531954718254, 'hidden_size': 130, 'dropout': 0.3492313956491042, 'hidden_continuous_size': 5, 'attention_head_size': 4, 'learning_rate': 0.00579419411776738}. Best is trial 0 with value: 2.9370272159576416.
[I 2023-12-26 17:23:12,276] Trial 7 finished with value: 11.41250228881836 and parameters: {'gradient_clip_val': 0.5621442549128001, 'hidden_size': 117, 'dropout': 0.26139337886601566, 'hidden_continuous_size': 5, 'attention_head_size': 3, 'learning_rate': 0.023744728797477386}. Best is trial 0 with value: 2.9370272159576416.
[I 2023-12-26 17:23:14,213] Trial 8 finished with value: 12.189231872558594 and parameters: {'gradient_clip_val': 0.19739227605375043, 'hidden_size': 9, 'dropout': 0.16754985940345257, 'hidden_continuous_size': 6, 'attention_head_size': 3, 'learning_rate': 0.007740251182436714}. Best is trial 0 with value: 2.9370272159576416.
[I 2023-12-26 17:23:21,647] Trial 9 finished with value: 10.551568984985352 and parameters: {'gradient_clip_val': 0.32325544759547215, 'hidden_size': 124, 'dropout': 0.40895033414393567, 'hidden_continuous_size': 48, 'attention_head_size': 1, 'learning_rate': 0.004659141774064671}. Best is trial 0 with value: 2.9370272159576416.
[I 2023-12-26 17:23:23,721] Trial 10 finished with value: 10.311992645263672 and parameters: {'gradient_clip_val': 0.16415144991373737, 'hidden_size': 7, 'dropout': 0.4704121837648652, 'hidden_continuous_size': 5, 'attention_head_size': 1, 'learning_rate': 0.0005329812614033656}. Best is trial 0 with value: 2.9370272159576416.
[I 2023-12-26 17:23:25,813] Trial 11 finished with value: 14.092474937438965 and parameters: {'gradient_clip_val': 0.4506731574249307, 'hidden_size': 20, 'dropout': 0.2591464777361546, 'hidden_continuous_size': 8, 'attention_head_size': 2, 'learning_rate': 0.08346421937728643}. Best is trial 0 with value: 2.9370272159576416.
[I 2023-12-26 17:23:27,567] Trial 12 finished with value: 14.199382781982422 and parameters: {'gradient_clip_val': 0.9778955768778815, 'hidden_size': 5, 'dropout': 0.10319559269572914, 'hidden_continuous_size': 5, 'attention_head_size': 4, 'learning_rate': 0.0015415793523617337}. Best is trial 0 with value: 2.9370272159576416.
[I 2023-12-26 17:23:29,587] Trial 13 finished with value: 14.302844047546387 and parameters: {'gradient_clip_val': 0.3777771672302029, 'hidden_size': 13, 'dropout': 0.21108131835240812, 'hidden_continuous_size': 7, 'attention_head_size': 2, 'learning_rate': 0.0019837339617277353}. Best is trial 0 with value: 2.9370272159576416.
[I 2023-12-26 17:23:31,934] Trial 14 finished with value: 9.260805130004883 and parameters: {'gradient_clip_val': 0.5758639058723208, 'hidden_size': 28, 'dropout': 0.29110348966426824, 'hidden_continuous_size': 10, 'attention_head_size': 2, 'learning_rate': 0.0005906829183500323}. Best is trial 0 with value: 2.9370272159576416.
[I 2023-12-26 17:23:34,271] Trial 15 finished with value: 13.941954612731934 and parameters: {'gradient_clip_val': 0.26579529424069676, 'hidden_size': 27, 'dropout': 0.3111621026396503, 'hidden_continuous_size': 11, 'attention_head_size': 1, 'learning_rate': 0.00218002325579275}. Best is trial 0 with value: 2.9370272159576416.
[I 2023-12-26 17:23:36,286] Trial 16 finished with value: 13.817543983459473 and parameters: {'gradient_clip_val': 0.15032526404807223, 'hidden_size': 11, 'dropout': 0.2229716961753709, 'hidden_continuous_size': 6, 'attention_head_size': 4, 'learning_rate': 0.010036505192161642}. Best is trial 0 with value: 2.9370272159576416.
[I 2023-12-26 17:23:38,372] Trial 17 finished with value: 12.634445190429688 and parameters: {'gradient_clip_val': 0.4458241017053395, 'hidden_size': 18, 'dropout': 0.15783201856214424, 'hidden_continuous_size': 9, 'attention_head_size': 2, 'learning_rate': 0.044444114548233916}. Best is trial 0 with value: 2.9370272159576416.
[I 2023-12-26 17:23:40,320] Trial 18 finished with value: 13.15670108795166 and parameters: {'gradient_clip_val': 0.30154366398126936, 'hidden_size': 9, 'dropout': 0.10336327502703102, 'hidden_continuous_size': 6, 'attention_head_size': 2, 'learning_rate': 0.015972131452328606}. Best is trial 0 with value: 2.9370272159576416.
[I 2023-12-26 17:23:42,064] Trial 19 finished with value: 12.556633949279785 and parameters: {'gradient_clip_val': 0.6624264913718488, 'hidden_size': 5, 'dropout': 0.2525929152480127, 'hidden_continuous_size': 5, 'attention_head_size': 3, 'learning_rate': 0.03273377497010323}. Best is trial 0 with value: 2.9370272159576416.
[I 2023-12-26 17:23:44,239] Trial 20 finished with value: 14.9110746383667 and parameters: {'gradient_clip_val': 0.9920447688817167, 'hidden_size': 21, 'dropout': 0.20727587390918753, 'hidden_continuous_size': 11, 'attention_head_size': 1, 'learning_rate': 0.011709183459154287}. Best is trial 0 with value: 2.9370272159576416.
[I 2023-12-26 17:23:46,696] Trial 21 finished with value: 13.634452819824219 and parameters: {'gradient_clip_val': 0.5969373112933806, 'hidden_size': 30, 'dropout': 0.2948718122879569, 'hidden_continuous_size': 10, 'attention_head_size': 2, 'learning_rate': 0.0005642484419123555}. Best is trial 0 with value: 2.9370272159576416.
[I 2023-12-26 17:23:49,390] Trial 22 finished with value: 13.483887672424316 and parameters: {'gradient_clip_val': 0.5174005351146007, 'hidden_size': 33, 'dropout': 0.30413317736555784, 'hidden_continuous_size': 13, 'attention_head_size': 2, 'learning_rate': 0.0008965798898638495}. Best is trial 0 with value: 2.9370272159576416.
[I 2023-12-26 17:23:51,582] Trial 23 finished with value: 14.726201057434082 and parameters: {'gradient_clip_val': 0.7423753656440942, 'hidden_size': 22, 'dropout': 0.35400493579614367, 'hidden_continuous_size': 7, 'attention_head_size': 2, 'learning_rate': 0.003488223215799491}. Best is trial 0 with value: 2.9370272159576416.
[I 2023-12-26 17:23:54,276] Trial 24 finished with value: 11.3809175491333 and parameters: {'gradient_clip_val': 0.648853443516503, 'hidden_size': 39, 'dropout': 0.2825310658575621, 'hidden_continuous_size': 14, 'attention_head_size': 3, 'learning_rate': 0.0008784003695132976}. Best is trial 0 with value: 2.9370272159576416.
[I 2023-12-26 17:23:56,618] Trial 25 finished with value: 13.270893096923828 and parameters: {'gradient_clip_val': 0.4800830679099842, 'hidden_size': 26, 'dropout': 0.2534099553651686, 'hidden_continuous_size': 9, 'attention_head_size': 2, 'learning_rate': 0.0005132970418526159}. Best is trial 0 with value: 2.9370272159576416.
[I 2023-12-26 17:23:58,620] Trial 26 finished with value: 10.765727043151855 and parameters: {'gradient_clip_val': 0.37925137279173327, 'hidden_size': 17, 'dropout': 0.3235137030227084, 'hidden_continuous_size': 8, 'attention_head_size': 1, 'learning_rate': 0.0013200409885175575}. Best is trial 0 with value: 2.9370272159576416.
[I 2023-12-26 17:24:00,723] Trial 27 finished with value: 10.129528999328613 and parameters: {'gradient_clip_val': 0.7993899255088588, 'hidden_size': 15, 'dropout': 0.18599536286611953, 'hidden_continuous_size': 7, 'attention_head_size': 3, 'learning_rate': 0.0026514555157453835}. Best is trial 0 with value: 2.9370272159576416.
[I 2023-12-26 17:24:02,926] Trial 28 finished with value: 20.36881446838379 and parameters: {'gradient_clip_val': 0.6315293265658322, 'hidden_size': 24, 'dropout': 0.39155381167757386, 'hidden_continuous_size': 10, 'attention_head_size': 4, 'learning_rate': 0.0013897285770572572}. Best is trial 0 with value: 2.9370272159576416.
[I 2023-12-26 17:24:05,006] Trial 29 finished with value: 14.975086212158203 and parameters: {'gradient_clip_val': 0.7214690352363964, 'hidden_size': 14, 'dropout': 0.23758236664592036, 'hidden_continuous_size': 7, 'attention_head_size': 3, 'learning_rate': 0.000772250509336043}. Best is trial 0 with value: 2.9370272159576416.
[I 2023-12-26 17:24:06,893] Trial 30 finished with value: 8.703261375427246 and parameters: {'gradient_clip_val': 0.5481203892833192, 'hidden_size': 16, 'dropout': 0.2823921117836181, 'hidden_continuous_size': 8, 'attention_head_size': 2, 'learning_rate': 0.0012521421783904436}. Best is trial 0 with value: 2.9370272159576416.
[I 2023-12-26 17:24:08,938] Trial 31 finished with value: 15.588356018066406 and parameters: {'gradient_clip_val': 0.5378103171603453, 'hidden_size': 18, 'dropout': 0.23012981006000213, 'hidden_continuous_size': 8, 'attention_head_size': 2, 'learning_rate': 0.0007254929754984706}. Best is trial 0 with value: 2.9370272159576416.
[I 2023-12-26 17:24:10,916] Trial 32 finished with value: 14.046992301940918 and parameters: {'gradient_clip_val': 0.819724264849628, 'hidden_size': 12, 'dropout': 0.27355011579391275, 'hidden_continuous_size': 6, 'attention_head_size': 2, 'learning_rate': 0.0010680679753492005}. Best is trial 0 with value: 2.9370272159576416.
[I 2023-12-26 17:24:12,811] Trial 33 finished with value: 8.375677108764648 and parameters: {'gradient_clip_val': 0.12810213408284365, 'hidden_size': 16, 'dropout': 0.2844464798904994, 'hidden_continuous_size': 9, 'attention_head_size': 2, 'learning_rate': 0.0010934343857559566}. Best is trial 0 with value: 2.9370272159576416.
[I 2023-12-26 17:24:14,997] Trial 34 finished with value: 12.542597770690918 and parameters: {'gradient_clip_val': 0.12148333722591824, 'hidden_size': 16, 'dropout': 0.32547926727033966, 'hidden_continuous_size': 8, 'attention_head_size': 2, 'learning_rate': 0.0011490685888921786}. Best is trial 0 with value: 2.9370272159576416.
[I 2023-12-26 17:24:17,018] Trial 35 finished with value: 12.033429145812988 and parameters: {'gradient_clip_val': 0.11886984697744245, 'hidden_size': 10, 'dropout': 0.276570184533123, 'hidden_continuous_size': 6, 'attention_head_size': 3, 'learning_rate': 0.0993602596477558}. Best is trial 0 with value: 2.9370272159576416.
[I 2023-12-26 17:24:19,087] Trial 36 finished with value: 12.997166633605957 and parameters: {'gradient_clip_val': 0.2080071500996784, 'hidden_size': 14, 'dropout': 0.19757876898628549, 'hidden_continuous_size': 9, 'attention_head_size': 2, 'learning_rate': 0.0588940956340926}. Best is trial 0 with value: 2.9370272159576416.
[I 2023-12-26 17:24:22,135] Trial 37 finished with value: 11.79996395111084 and parameters: {'gradient_clip_val': 0.10603728532441324, 'hidden_size': 52, 'dropout': 0.23711111497391338, 'hidden_continuous_size': 16, 'attention_head_size': 3, 'learning_rate': 0.0016927169233748184}. Best is trial 0 with value: 2.9370272159576416.
[I 2023-12-26 17:24:23,994] Trial 38 finished with value: 9.181251525878906 and parameters: {'gradient_clip_val': 0.1428574976161426, 'hidden_size': 8, 'dropout': 0.1832791439593966, 'hidden_continuous_size': 6, 'attention_head_size': 3, 'learning_rate': 0.0011694782715062164}. Best is trial 0 with value: 2.9370272159576416.
[I 2023-12-26 17:24:25,947] Trial 39 finished with value: 12.287925720214844 and parameters: {'gradient_clip_val': 0.1766502306126603, 'hidden_size': 12, 'dropout': 0.2678993279481179, 'hidden_continuous_size': 8, 'attention_head_size': 1, 'learning_rate': 0.005164684601095135}. Best is trial 0 with value: 2.9370272159576416.
[I 2023-12-26 17:24:30,029] Trial 40 finished with value: 13.106193542480469 and parameters: {'gradient_clip_val': 0.22033842990980396, 'hidden_size': 72, 'dropout': 0.3428435866899311, 'hidden_continuous_size': 22, 'attention_head_size': 2, 'learning_rate': 0.0032725584886187905}. Best is trial 0 with value: 2.9370272159576416.
[I 2023-12-26 17:24:31,866] Trial 41 finished with value: 12.644444465637207 and parameters: {'gradient_clip_val': 0.1401289678461239, 'hidden_size': 8, 'dropout': 0.17240806801360717, 'hidden_continuous_size': 6, 'attention_head_size': 3, 'learning_rate': 0.0011447120851415303}. Best is trial 0 with value: 2.9370272159576416.
[I 2023-12-26 17:24:33,754] Trial 42 finished with value: 12.29832935333252 and parameters: {'gradient_clip_val': 0.13408982512541112, 'hidden_size': 7, 'dropout': 0.148164898938137, 'hidden_continuous_size': 5, 'attention_head_size': 3, 'learning_rate': 0.0007888487943038207}. Best is trial 0 with value: 2.9370272159576416.
[I 2023-12-26 17:24:35,763] Trial 43 finished with value: 12.312020301818848 and parameters: {'gradient_clip_val': 0.17346479522246577, 'hidden_size': 10, 'dropout': 0.18162578328556084, 'hidden_continuous_size': 6, 'attention_head_size': 3, 'learning_rate': 0.0015482595962404708}. Best is trial 0 with value: 2.9370272159576416.
[I 2023-12-26 17:24:37,924] Trial 44 finished with value: 10.183760643005371 and parameters: {'gradient_clip_val': 0.18972895096237002, 'hidden_size': 20, 'dropout': 0.21380357118725196, 'hidden_continuous_size': 9, 'attention_head_size': 4, 'learning_rate': 0.0007057069559806507}. Best is trial 0 with value: 2.9370272159576416.
[I 2023-12-26 17:24:40,181] Trial 45 finished with value: 13.398002624511719 and parameters: {'gradient_clip_val': 0.14268268408762583, 'hidden_size': 13, 'dropout': 0.13696665098956443, 'hidden_continuous_size': 7, 'attention_head_size': 2, 'learning_rate': 0.0010220951380087123}. Best is trial 0 with value: 2.9370272159576416.
[I 2023-12-26 17:24:42,177] Trial 46 finished with value: 15.2186861038208 and parameters: {'gradient_clip_val': 0.10163411197309624, 'hidden_size': 11, 'dropout': 0.20147702925036887, 'hidden_continuous_size': 8, 'attention_head_size': 3, 'learning_rate': 0.0019855174388469167}. Best is trial 0 with value: 2.9370272159576416.
[I 2023-12-26 17:24:44,088] Trial 47 finished with value: 13.536669731140137 and parameters: {'gradient_clip_val': 0.15585167767022456, 'hidden_size': 16, 'dropout': 0.2895344500110573, 'hidden_continuous_size': 10, 'attention_head_size': 2, 'learning_rate': 0.007108315331885136}. Best is trial 0 with value: 2.9370272159576416.
[I 2023-12-26 17:24:46,350] Trial 48 finished with value: 11.262410163879395 and parameters: {'gradient_clip_val': 0.16477352890125366, 'hidden_size': 23, 'dropout': 0.24548377775155333, 'hidden_continuous_size': 9, 'attention_head_size': 3, 'learning_rate': 0.0006645322661794369}. Best is trial 0 with value: 2.9370272159576416.
[I 2023-12-26 17:24:48,249] Trial 49 finished with value: 14.535564422607422 and parameters: {'gradient_clip_val': 0.12178795534107655, 'hidden_size': 6, 'dropout': 0.26118204590377636, 'hidden_continuous_size': 5, 'attention_head_size': 3, 'learning_rate': 0.0005249442370145232}. Best is trial 0 with value: 2.9370272159576416.
[I 2023-12-26 17:24:48,371] A new study created in memory with name: no-name-edf2a7fa-10f7-407b-980e-b97e5072cd74
/home/le004/conda/anaconda3/envs/tsff_env/lib/python3.9/site-packages/lightning/fabric/plugins/environments/slurm.py:191: The `srun` command is available on your system but is not used. HINT: If your intention is to run Lightning on SLURM, prepend your python command with `srun` like so: srun python /home/le004/master_thesis/git/TSFusionForecast/code/ ...
[I 2023-12-26 17:29:12,976] Trial 0 finished with value: 37.37308883666992 and parameters: {'gradient_clip_val': 0.27865266404794864, 'hidden_size': 15, 'dropout': 0.2728464747425804, 'hidden_continuous_size': 5, 'attention_head_size': 3, 'learning_rate': 0.001289361317244873}. Best is trial 0 with value: 37.37308883666992.
[I 2023-12-26 17:29:15,127] Trial 1 finished with value: 130.40660095214844 and parameters: {'gradient_clip_val': 0.37682415774605965, 'hidden_size': 14, 'dropout': 0.24960673306335734, 'hidden_continuous_size': 9, 'attention_head_size': 4, 'learning_rate': 0.016436078413213442}. Best is trial 0 with value: 37.37308883666992.
[I 2023-12-26 17:29:18,470] Trial 2 finished with value: 154.92091369628906 and parameters: {'gradient_clip_val': 0.14977587033715564, 'hidden_size': 54, 'dropout': 0.47075066115770314, 'hidden_continuous_size': 6, 'attention_head_size': 4, 'learning_rate': 0.002605744898182531}. Best is trial 0 with value: 37.37308883666992.
[I 2023-12-26 17:29:20,538] Trial 3 finished with value: 121.48291778564453 and parameters: {'gradient_clip_val': 0.10138084619377041, 'hidden_size': 7, 'dropout': 0.15144848276535985, 'hidden_continuous_size': 6, 'attention_head_size': 1, 'learning_rate': 0.010696106340916651}. Best is trial 0 with value: 37.37308883666992.
[I 2023-12-26 17:29:23,972] Trial 4 finished with value: 134.97340393066406 and parameters: {'gradient_clip_val': 0.11993289471116958, 'hidden_size': 31, 'dropout': 0.4476748279641374, 'hidden_continuous_size': 11, 'attention_head_size': 4, 'learning_rate': 0.01957623427547383}. Best is trial 0 with value: 37.37308883666992.
