[I 2023-12-16 02:50:35,177] Trial 4 finished with value: 19.177865982055664 and parameters: {'gradient_clip_val': 0.4883584965310086, 'hidden_size': 38, 'dropout': 0.3589416173920972, 'hidden_continuous_size': 9, 'attention_head_size': 3, 'learning_rate': 0.02764645009628963}. Best is trial 2 with value: 15.78332805633545.
LOCAL_RANK: 0 - CUDA_VISIBLE_DEVICES: [0]
[I 2023-12-16 02:51:26,270] Trial 5 finished with value: 16.481603622436523 and parameters: {'gradient_clip_val': 0.16489638437216778, 'hidden_size': 31, 'dropout': 0.2747899592085182, 'hidden_continuous_size': 21, 'attention_head_size': 3, 'learning_rate': 0.0006942485878377562}. Best is trial 2 with value: 15.78332805633545.
LOCAL_RANK: 0 - CUDA_VISIBLE_DEVICES: [0]
[I 2023-12-16 02:51:59,755] Trial 6 finished with value: 19.9227352142334 and parameters: {'gradient_clip_val': 0.11277524522042877, 'hidden_size': 5, 'dropout': 0.23706312767702276, 'hidden_continuous_size': 5, 'attention_head_size': 2, 'learning_rate': 0.015873817697471388}. Best is trial 2 with value: 15.78332805633545.
LOCAL_RANK: 0 - CUDA_VISIBLE_DEVICES: [0]
[I 2023-12-16 02:52:52,098] Trial 7 finished with value: 19.156570434570312 and parameters: {'gradient_clip_val': 0.2518846189396407, 'hidden_size': 71, 'dropout': 0.13519564374309975, 'hidden_continuous_size': 11, 'attention_head_size': 1, 'learning_rate': 0.02715581843153494}. Best is trial 2 with value: 15.78332805633545.
LOCAL_RANK: 0 - CUDA_VISIBLE_DEVICES: [0]
[I 2023-12-16 02:53:35,024] Trial 8 finished with value: 15.63610553741455 and parameters: {'gradient_clip_val': 0.3490358630837747, 'hidden_size': 8, 'dropout': 0.3878456142617551, 'hidden_continuous_size': 5, 'attention_head_size': 1, 'learning_rate': 0.0023712609303982823}. Best is trial 8 with value: 15.63610553741455.
LOCAL_RANK: 0 - CUDA_VISIBLE_DEVICES: [0]
[I 2023-12-16 02:54:08,937] Trial 9 finished with value: 24.665496826171875 and parameters: {'gradient_clip_val': 0.6037198027404956, 'hidden_size': 5, 'dropout': 0.2021716493405771, 'hidden_continuous_size': 5, 'attention_head_size': 4, 'learning_rate': 0.0012101424090601096}. Best is trial 8 with value: 15.63610553741455.
LOCAL_RANK: 0 - CUDA_VISIBLE_DEVICES: [0]
[I 2023-12-16 02:54:53,773] Trial 10 finished with value: 14.008183479309082 and parameters: {'gradient_clip_val': 0.3497439651525633, 'hidden_size': 11, 'dropout': 0.39417112817593786, 'hidden_continuous_size': 6, 'attention_head_size': 2, 'learning_rate': 0.0036705530928086293}. Best is trial 10 with value: 14.008183479309082.
LOCAL_RANK: 0 - CUDA_VISIBLE_DEVICES: [0]
[I 2023-12-16 02:55:37,375] Trial 11 finished with value: 12.130023002624512 and parameters: {'gradient_clip_val': 0.34575835004498734, 'hidden_size': 12, 'dropout': 0.39685896087428735, 'hidden_continuous_size': 6, 'attention_head_size': 2, 'learning_rate': 0.0037496816810793565}. Best is trial 11 with value: 12.130023002624512.
LOCAL_RANK: 0 - CUDA_VISIBLE_DEVICES: [0]
[I 2023-12-16 02:56:22,427] Trial 12 finished with value: 11.552435874938965 and parameters: {'gradient_clip_val': 0.9945835988958112, 'hidden_size': 15, 'dropout': 0.3931502921522372, 'hidden_continuous_size': 7, 'attention_head_size': 2, 'learning_rate': 0.004583290850578026}. Best is trial 12 with value: 11.552435874938965.
LOCAL_RANK: 0 - CUDA_VISIBLE_DEVICES: [0]
[I 2023-12-16 02:57:08,795] Trial 13 finished with value: 12.143214225769043 and parameters: {'gradient_clip_val': 0.8595465398161466, 'hidden_size': 20, 'dropout': 0.3112716033684606, 'hidden_continuous_size': 7, 'attention_head_size': 3, 'learning_rate': 0.007713251367252397}. Best is trial 12 with value: 11.552435874938965.
LOCAL_RANK: 0 - CUDA_VISIBLE_DEVICES: [0]
[I 2023-12-16 02:57:54,735] Trial 14 finished with value: 14.95897388458252 and parameters: {'gradient_clip_val': 0.945840045124261, 'hidden_size': 20, 'dropout': 0.39654684889392366, 'hidden_continuous_size': 8, 'attention_head_size': 2, 'learning_rate': 0.005520205881411492}. Best is trial 12 with value: 11.552435874938965.
LOCAL_RANK: 0 - CUDA_VISIBLE_DEVICES: [0]
[I 2023-12-16 02:58:39,421] Trial 15 finished with value: 13.501598358154297 and parameters: {'gradient_clip_val': 0.9963143127112855, 'hidden_size': 9, 'dropout': 0.3408824008784984, 'hidden_continuous_size': 6, 'attention_head_size': 2, 'learning_rate': 0.0105772811643081}. Best is trial 12 with value: 11.552435874938965.
LOCAL_RANK: 0 - CUDA_VISIBLE_DEVICES: [0]
[I 2023-12-16 02:59:24,927] Trial 16 finished with value: 22.385391235351562 and parameters: {'gradient_clip_val': 0.4603263440016894, 'hidden_size': 15, 'dropout': 0.29383782988001694, 'hidden_continuous_size': 7, 'attention_head_size': 3, 'learning_rate': 0.0782599300001961}. Best is trial 12 with value: 11.552435874938965.
LOCAL_RANK: 0 - CUDA_VISIBLE_DEVICES: [0]
[I 2023-12-16 03:00:08,432] Trial 17 finished with value: 10.927264213562012 and parameters: {'gradient_clip_val': 0.7151056459029663, 'hidden_size': 8, 'dropout': 0.3482169609892104, 'hidden_continuous_size': 6, 'attention_head_size': 2, 'learning_rate': 0.004084061041255937}. Best is trial 17 with value: 10.927264213562012.
LOCAL_RANK: 0 - CUDA_VISIBLE_DEVICES: [0]
[I 2023-12-16 03:00:53,397] Trial 18 finished with value: 16.193544387817383 and parameters: {'gradient_clip_val': 0.7564678743169637, 'hidden_size': 7, 'dropout': 0.35820247057395893, 'hidden_continuous_size': 6, 'attention_head_size': 3, 'learning_rate': 0.005258586354634554}. Best is trial 17 with value: 10.927264213562012.
LOCAL_RANK: 0 - CUDA_VISIBLE_DEVICES: [0]
[I 2023-12-16 03:01:36,754] Trial 19 finished with value: 18.50275421142578 and parameters: {'gradient_clip_val': 0.7380111390649867, 'hidden_size': 8, 'dropout': 0.274561936060278, 'hidden_continuous_size': 7, 'attention_head_size': 1, 'learning_rate': 0.0018396387040650576}. Best is trial 17 with value: 10.927264213562012.
LOCAL_RANK: 0 - CUDA_VISIBLE_DEVICES: [0]
[I 2023-12-16 03:02:21,188] Trial 20 finished with value: 23.022369384765625 and parameters: {'gradient_clip_val': 0.6050627146880135, 'hidden_size': 6, 'dropout': 0.3274793497324131, 'hidden_continuous_size': 5, 'attention_head_size': 2, 'learning_rate': 0.0032020760382318442}. Best is trial 17 with value: 10.927264213562012.
LOCAL_RANK: 0 - CUDA_VISIBLE_DEVICES: [0]
[I 2023-12-16 03:03:06,019] Trial 21 finished with value: 10.640358924865723 and parameters: {'gradient_clip_val': 0.42458035130560634, 'hidden_size': 11, 'dropout': 0.3747217457782369, 'hidden_continuous_size': 6, 'attention_head_size': 2, 'learning_rate': 0.004425601978419597}. Best is trial 21 with value: 10.640358924865723.
LOCAL_RANK: 0 - CUDA_VISIBLE_DEVICES: [0]
[I 2023-12-16 03:03:50,629] Trial 22 finished with value: 14.061367988586426 and parameters: {'gradient_clip_val': 0.9953816585464508, 'hidden_size': 9, 'dropout': 0.36193502646064424, 'hidden_continuous_size': 6, 'attention_head_size': 2, 'learning_rate': 0.008870440554087908}. Best is trial 21 with value: 10.640358924865723.
LOCAL_RANK: 0 - CUDA_VISIBLE_DEVICES: [0]
[I 2023-12-16 03:04:35,038] Trial 23 finished with value: 20.15440559387207 and parameters: {'gradient_clip_val': 0.8003454007597777, 'hidden_size': 16, 'dropout': 0.37201350415910167, 'hidden_continuous_size': 7, 'attention_head_size': 2, 'learning_rate': 0.005205307298434662}. Best is trial 21 with value: 10.640358924865723.
LOCAL_RANK: 0 - CUDA_VISIBLE_DEVICES: [0]
[I 2023-12-16 03:05:20,020] Trial 24 finished with value: 17.791074752807617 and parameters: {'gradient_clip_val': 0.6782645630353263, 'hidden_size': 10, 'dropout': 0.3386205632277375, 'hidden_continuous_size': 6, 'attention_head_size': 3, 'learning_rate': 0.0013424518874931273}. Best is trial 21 with value: 10.640358924865723.
LOCAL_RANK: 0 - CUDA_VISIBLE_DEVICES: [0]
[I 2023-12-16 03:06:04,025] Trial 25 finished with value: 13.605441093444824 and parameters: {'gradient_clip_val': 0.45196752503520976, 'hidden_size': 12, 'dropout': 0.37620471502883657, 'hidden_continuous_size': 8, 'attention_head_size': 2, 'learning_rate': 0.0025280835082311074}. Best is trial 21 with value: 10.640358924865723.
LOCAL_RANK: 0 - CUDA_VISIBLE_DEVICES: [0]
[I 2023-12-16 03:06:48,274] Trial 26 finished with value: 15.122398376464844 and parameters: {'gradient_clip_val': 0.5887538808996181, 'hidden_size': 7, 'dropout': 0.3739755894383217, 'hidden_continuous_size': 6, 'attention_head_size': 1, 'learning_rate': 0.003981303493099546}. Best is trial 21 with value: 10.640358924865723.
LOCAL_RANK: 0 - CUDA_VISIBLE_DEVICES: [0]
[I 2023-12-16 03:07:36,509] Trial 27 finished with value: 13.838269233703613 and parameters: {'gradient_clip_val': 0.8500092390786838, 'hidden_size': 25, 'dropout': 0.34335482497109227, 'hidden_continuous_size': 9, 'attention_head_size': 2, 'learning_rate': 0.006261831731085459}. Best is trial 21 with value: 10.640358924865723.
LOCAL_RANK: 0 - CUDA_VISIBLE_DEVICES: [0]
[I 2023-12-16 03:08:21,154] Trial 28 finished with value: 19.1402645111084 and parameters: {'gradient_clip_val': 0.4347633026594397, 'hidden_size': 16, 'dropout': 0.31273468530149784, 'hidden_continuous_size': 7, 'attention_head_size': 3, 'learning_rate': 0.011746509276797035}. Best is trial 21 with value: 10.640358924865723.
LOCAL_RANK: 0 - CUDA_VISIBLE_DEVICES: [0]
[I 2023-12-16 03:09:06,198] Trial 29 finished with value: 18.40076446533203 and parameters: {'gradient_clip_val': 0.6878447000791404, 'hidden_size': 6, 'dropout': 0.3541320653443885, 'hidden_continuous_size': 5, 'attention_head_size': 4, 'learning_rate': 0.0015299478179516069}. Best is trial 21 with value: 10.640358924865723.
LOCAL_RANK: 0 - CUDA_VISIBLE_DEVICES: [0]
[I 2023-12-16 03:09:50,646] Trial 30 finished with value: 12.224750518798828 and parameters: {'gradient_clip_val': 0.6618220305131371, 'hidden_size': 10, 'dropout': 0.3766102589738206, 'hidden_continuous_size': 6, 'attention_head_size': 1, 'learning_rate': 0.0024199032029182796}. Best is trial 21 with value: 10.640358924865723.
LOCAL_RANK: 0 - CUDA_VISIBLE_DEVICES: [0]
[I 2023-12-16 03:10:35,726] Trial 31 finished with value: 20.616165161132812 and parameters: {'gradient_clip_val': 0.39001869547869056, 'hidden_size': 13, 'dropout': 0.3900174465888892, 'hidden_continuous_size': 7, 'attention_head_size': 2, 'learning_rate': 0.0039056823935042506}. Best is trial 21 with value: 10.640358924865723.
LOCAL_RANK: 0 - CUDA_VISIBLE_DEVICES: [0]
[I 2023-12-16 03:11:19,391] Trial 32 finished with value: 10.779060363769531 and parameters: {'gradient_clip_val': 0.5211217317243018, 'hidden_size': 12, 'dropout': 0.3960847217573777, 'hidden_continuous_size': 6, 'attention_head_size': 2, 'learning_rate': 0.0030195423074351746}. Best is trial 21 with value: 10.640358924865723.
LOCAL_RANK: 0 - CUDA_VISIBLE_DEVICES: [0]
[I 2023-12-16 03:12:04,338] Trial 33 finished with value: 16.761415481567383 and parameters: {'gradient_clip_val': 0.5312663204511873, 'hidden_size': 13, 'dropout': 0.39982480321366687, 'hidden_continuous_size': 7, 'attention_head_size': 2, 'learning_rate': 0.0018230156257206648}. Best is trial 21 with value: 10.640358924865723.
LOCAL_RANK: 0 - CUDA_VISIBLE_DEVICES: [0]
[I 2023-12-16 03:12:50,892] Trial 34 finished with value: 11.318110466003418 and parameters: {'gradient_clip_val': 0.5362047994567476, 'hidden_size': 18, 'dropout': 0.3699548802820313, 'hidden_continuous_size': 8, 'attention_head_size': 2, 'learning_rate': 0.00264038767187722}. Best is trial 21 with value: 10.640358924865723.
LOCAL_RANK: 0 - CUDA_VISIBLE_DEVICES: [0]
[I 2023-12-16 03:13:37,212] Trial 35 finished with value: 15.686668395996094 and parameters: {'gradient_clip_val': 0.49072153116633116, 'hidden_size': 18, 'dropout': 0.344109077562455, 'hidden_continuous_size': 8, 'attention_head_size': 2, 'learning_rate': 0.002406636121050451}. Best is trial 21 with value: 10.640358924865723.
LOCAL_RANK: 0 - CUDA_VISIBLE_DEVICES: [0]
[I 2023-12-16 03:14:25,072] Trial 36 finished with value: 13.762344360351562 and parameters: {'gradient_clip_val': 0.5352441193254693, 'hidden_size': 23, 'dropout': 0.3680351726891504, 'hidden_continuous_size': 10, 'attention_head_size': 1, 'learning_rate': 0.0010462330803932861}. Best is trial 21 with value: 10.640358924865723.
LOCAL_RANK: 0 - CUDA_VISIBLE_DEVICES: [0]
[I 2023-12-16 03:15:10,321] Trial 37 finished with value: 26.24909019470215 and parameters: {'gradient_clip_val': 0.4080491591113027, 'hidden_size': 11, 'dropout': 0.3332739425252924, 'hidden_continuous_size': 5, 'attention_head_size': 3, 'learning_rate': 0.0008625843139831019}. Best is trial 21 with value: 10.640358924865723.
LOCAL_RANK: 0 - CUDA_VISIBLE_DEVICES: [0]
[I 2023-12-16 03:15:55,293] Trial 38 finished with value: 19.332021713256836 and parameters: {'gradient_clip_val': 0.5255272951467849, 'hidden_size': 13, 'dropout': 0.35673253051103887, 'hidden_continuous_size': 8, 'attention_head_size': 2, 'learning_rate': 0.006737178721211775}. Best is trial 21 with value: 10.640358924865723.
LOCAL_RANK: 0 - CUDA_VISIBLE_DEVICES: [0]
[I 2023-12-16 03:16:43,408] Trial 39 finished with value: 15.326798439025879 and parameters: {'gradient_clip_val': 0.2981521169193327, 'hidden_size': 29, 'dropout': 0.31959762440606526, 'hidden_continuous_size': 12, 'attention_head_size': 1, 'learning_rate': 0.002905858384724357}. Best is trial 21 with value: 10.640358924865723.
LOCAL_RANK: 0 - CUDA_VISIBLE_DEVICES: [0]
[I 2023-12-16 03:17:30,307] Trial 40 finished with value: 20.826017379760742 and parameters: {'gradient_clip_val': 0.5931388218688513, 'hidden_size': 18, 'dropout': 0.3831094879894508, 'hidden_continuous_size': 9, 'attention_head_size': 2, 'learning_rate': 0.0005553697135605969}. Best is trial 21 with value: 10.640358924865723.
LOCAL_RANK: 0 - CUDA_VISIBLE_DEVICES: [0]
[I 2023-12-16 03:18:15,395] Trial 41 finished with value: 20.325719833374023 and parameters: {'gradient_clip_val': 0.8469547945120051, 'hidden_size': 14, 'dropout': 0.3789242321625574, 'hidden_continuous_size': 7, 'attention_head_size': 2, 'learning_rate': 0.004216023784005433}. Best is trial 21 with value: 10.640358924865723.
LOCAL_RANK: 0 - CUDA_VISIBLE_DEVICES: [0]
[I 2023-12-16 03:19:00,944] Trial 42 finished with value: 11.682533264160156 and parameters: {'gradient_clip_val': 0.7270069921296785, 'hidden_size': 17, 'dropout': 0.35746486210392253, 'hidden_continuous_size': 6, 'attention_head_size': 2, 'learning_rate': 0.003020521402017946}. Best is trial 21 with value: 10.640358924865723.
LOCAL_RANK: 0 - CUDA_VISIBLE_DEVICES: [0]
[I 2023-12-16 03:19:46,161] Trial 43 finished with value: 11.559199333190918 and parameters: {'gradient_clip_val': 0.6577525437278682, 'hidden_size': 14, 'dropout': 0.37926231929883325, 'hidden_continuous_size': 8, 'attention_head_size': 2, 'learning_rate': 0.004871630385468387}. Best is trial 21 with value: 10.640358924865723.
LOCAL_RANK: 0 - CUDA_VISIBLE_DEVICES: [0]
[I 2023-12-16 03:20:30,897] Trial 44 finished with value: 19.95173454284668 and parameters: {'gradient_clip_val': 0.4873692385240075, 'hidden_size': 11, 'dropout': 0.36627968757499707, 'hidden_continuous_size': 6, 'attention_head_size': 2, 'learning_rate': 0.0016701053896560137}. Best is trial 21 with value: 10.640358924865723.
LOCAL_RANK: 0 - CUDA_VISIBLE_DEVICES: [0]
[I 2023-12-16 03:21:15,757] Trial 45 finished with value: 17.64023780822754 and parameters: {'gradient_clip_val': 0.8915332941662446, 'hidden_size': 15, 'dropout': 0.3880764967791907, 'hidden_continuous_size': 5, 'attention_head_size': 2, 'learning_rate': 0.0031186687726518485}. Best is trial 21 with value: 10.640358924865723.
LOCAL_RANK: 0 - CUDA_VISIBLE_DEVICES: [0]
[I 2023-12-16 03:22:02,783] Trial 46 finished with value: 25.870561599731445 and parameters: {'gradient_clip_val': 0.7889865358965242, 'hidden_size': 20, 'dropout': 0.3463138493067274, 'hidden_continuous_size': 19, 'attention_head_size': 2, 'learning_rate': 0.006635998592508336}. Best is trial 21 with value: 10.640358924865723.
LOCAL_RANK: 0 - CUDA_VISIBLE_DEVICES: [0]
[I 2023-12-16 03:22:48,037] Trial 47 finished with value: 20.737483978271484 and parameters: {'gradient_clip_val': 0.5813667661504995, 'hidden_size': 9, 'dropout': 0.3995723297283284, 'hidden_continuous_size': 6, 'attention_head_size': 3, 'learning_rate': 0.0021099885149805913}. Best is trial 21 with value: 10.640358924865723.
LOCAL_RANK: 0 - CUDA_VISIBLE_DEVICES: [0]
[I 2023-12-16 03:23:34,094] Trial 48 finished with value: 15.759324073791504 and parameters: {'gradient_clip_val': 0.6423497813663263, 'hidden_size': 18, 'dropout': 0.36316133106388615, 'hidden_continuous_size': 8, 'attention_head_size': 1, 'learning_rate': 0.004712564475068557}. Best is trial 21 with value: 10.640358924865723.
LOCAL_RANK: 0 - CUDA_VISIBLE_DEVICES: [0]
[I 2023-12-16 03:24:18,205] Trial 49 finished with value: 15.910937309265137 and parameters: {'gradient_clip_val': 0.8992197453315267, 'hidden_size': 12, 'dropout': 0.38615955780367317, 'hidden_continuous_size': 7, 'attention_head_size': 2, 'learning_rate': 0.0020795056337931613}. Best is trial 21 with value: 10.640358924865723.
[I 2023-12-16 03:24:18,300] A new study created in memory with name: no-name-d509c959-94c0-4566-9151-f1f8d8101d19
/home/le004/conda/anaconda3/envs/tsff_env/lib/python3.9/site-packages/lightning/fabric/plugins/environments/slurm.py:191: The `srun` command is available on your system but is not used. HINT: If your intention is to run Lightning on SLURM, prepend your python command with `srun` like so: srun python /home/le004/master_thesis/git/TSFusionForecast/code/ ...
LOCAL_RANK: 0 - CUDA_VISIBLE_DEVICES: [0]
[I 2023-12-16 03:25:02,817] Trial 0 finished with value: 21.657623291015625 and parameters: {'gradient_clip_val': 0.5274203277073484, 'hidden_size': 7, 'dropout': 0.20743899073442135, 'hidden_continuous_size': 5, 'attention_head_size': 2, 'learning_rate': 0.006271480938068771}. Best is trial 0 with value: 21.657623291015625.
LOCAL_RANK: 0 - CUDA_VISIBLE_DEVICES: [0]
[I 2023-12-16 03:25:55,542] Trial 1 finished with value: 44.98199462890625 and parameters: {'gradient_clip_val': 0.29213220810955565, 'hidden_size': 58, 'dropout': 0.1298316384986883, 'hidden_continuous_size': 28, 'attention_head_size': 2, 'learning_rate': 0.024739380202666104}. Best is trial 0 with value: 21.657623291015625.
LOCAL_RANK: 0 - CUDA_VISIBLE_DEVICES: [0]
[I 2023-12-16 03:26:29,572] Trial 2 finished with value: 18.080659866333008 and parameters: {'gradient_clip_val': 0.15583760711458916, 'hidden_size': 5, 'dropout': 0.3385995787560012, 'hidden_continuous_size': 5, 'attention_head_size': 3, 'learning_rate': 0.0018988139701346177}. Best is trial 2 with value: 18.080659866333008.
LOCAL_RANK: 0 - CUDA_VISIBLE_DEVICES: [0]
[I 2023-12-16 03:27:20,440] Trial 3 finished with value: 43.3524169921875 and parameters: {'gradient_clip_val': 0.7503651451647961, 'hidden_size': 37, 'dropout': 0.127026110815029, 'hidden_continuous_size': 14, 'attention_head_size': 2, 'learning_rate': 0.07356301052206042}. Best is trial 2 with value: 18.080659866333008.
LOCAL_RANK: 0 - CUDA_VISIBLE_DEVICES: [0]
[I 2023-12-16 03:27:53,964] Trial 4 finished with value: 21.229982376098633 and parameters: {'gradient_clip_val': 0.34794256125604167, 'hidden_size': 6, 'dropout': 0.16644926508071212, 'hidden_continuous_size': 6, 'attention_head_size': 2, 'learning_rate': 0.004722120593766417}. Best is trial 2 with value: 18.080659866333008.
LOCAL_RANK: 0 - CUDA_VISIBLE_DEVICES: [0]
[I 2023-12-16 03:28:27,465] Trial 5 finished with value: 47.15537643432617 and parameters: {'gradient_clip_val': 0.10486924869540842, 'hidden_size': 5, 'dropout': 0.29683004624294473, 'hidden_continuous_size': 5, 'attention_head_size': 3, 'learning_rate': 0.08482174490653502}. Best is trial 2 with value: 18.080659866333008.
LOCAL_RANK: 0 - CUDA_VISIBLE_DEVICES: [0]
[I 2023-12-16 03:29:15,682] Trial 6 finished with value: 18.90864372253418 and parameters: {'gradient_clip_val': 0.18513970429529342, 'hidden_size': 28, 'dropout': 0.376757869480721, 'hidden_continuous_size': 7, 'attention_head_size': 4, 'learning_rate': 0.0009934846281616527}. Best is trial 2 with value: 18.080659866333008.
LOCAL_RANK: 0 - CUDA_VISIBLE_DEVICES: [0]
[I 2023-12-16 03:30:07,018] Trial 7 finished with value: 33.24855422973633 and parameters: {'gradient_clip_val': 0.15823895460163348, 'hidden_size': 45, 'dropout': 0.1968667984308451, 'hidden_continuous_size': 8, 'attention_head_size': 2, 'learning_rate': 0.01093637507319081}. Best is trial 2 with value: 18.080659866333008.
LOCAL_RANK: 0 - CUDA_VISIBLE_DEVICES: [0]
[I 2023-12-16 03:30:55,181] Trial 8 finished with value: 30.60530662536621 and parameters: {'gradient_clip_val': 0.25357984142340567, 'hidden_size': 22, 'dropout': 0.2779200473374494, 'hidden_continuous_size': 9, 'attention_head_size': 2, 'learning_rate': 0.003981082520474283}. Best is trial 2 with value: 18.080659866333008.
LOCAL_RANK: 0 - CUDA_VISIBLE_DEVICES: [0]
[I 2023-12-16 03:31:48,129] Trial 9 finished with value: 41.090782165527344 and parameters: {'gradient_clip_val': 0.313910888499943, 'hidden_size': 62, 'dropout': 0.21334533219977087, 'hidden_continuous_size': 11, 'attention_head_size': 3, 'learning_rate': 0.012324772777311326}. Best is trial 2 with value: 18.080659866333008.
LOCAL_RANK: 0 - CUDA_VISIBLE_DEVICES: [0]
[I 2023-12-16 03:32:32,206] Trial 10 finished with value: 13.8055419921875 and parameters: {'gradient_clip_val': 0.10063605034818421, 'hidden_size': 12, 'dropout': 0.395585982135521, 'hidden_continuous_size': 5, 'attention_head_size': 4, 'learning_rate': 0.0005695648307074436}. Best is trial 10 with value: 13.8055419921875.
LOCAL_RANK: 0 - CUDA_VISIBLE_DEVICES: [0]
[I 2023-12-16 03:33:17,716] Trial 11 finished with value: 18.466312408447266 and parameters: {'gradient_clip_val': 0.10399293183132088, 'hidden_size': 11, 'dropout': 0.3848193350120939, 'hidden_continuous_size': 5, 'attention_head_size': 4, 'learning_rate': 0.0005435402013711372}. Best is trial 10 with value: 13.8055419921875.
LOCAL_RANK: 0 - CUDA_VISIBLE_DEVICES: [0]
