[I 2023-12-15 12:18:33,640] Trial 13 finished with value: 0.1240989938378334 and parameters: {'gradient_clip_val': 0.10526796808728514, 'hidden_size': 42, 'dropout': 0.1832941230901999, 'hidden_continuous_size': 8, 'attention_head_size': 1, 'learning_rate': 0.01713967957899757}. Best is trial 11 with value: 0.059268008917570114.
LOCAL_RANK: 0 - CUDA_VISIBLE_DEVICES: [0]
[I 2023-12-15 12:19:18,454] Trial 14 finished with value: 0.06770195066928864 and parameters: {'gradient_clip_val': 0.3327013462123816, 'hidden_size': 12, 'dropout': 0.29172747436321356, 'hidden_continuous_size': 6, 'attention_head_size': 4, 'learning_rate': 0.005101398702453978}. Best is trial 11 with value: 0.059268008917570114.
LOCAL_RANK: 0 - CUDA_VISIBLE_DEVICES: [0]
[I 2023-12-15 12:20:14,707] Trial 15 finished with value: 0.049115151166915894 and parameters: {'gradient_clip_val': 0.14095391507404031, 'hidden_size': 99, 'dropout': 0.17883315837141775, 'hidden_continuous_size': 45, 'attention_head_size': 2, 'learning_rate': 0.016385527926022003}. Best is trial 15 with value: 0.049115151166915894.
LOCAL_RANK: 0 - CUDA_VISIBLE_DEVICES: [0]
[I 2023-12-15 12:20:52,668] Trial 16 finished with value: 0.0761006698012352 and parameters: {'gradient_clip_val': 0.1433239658796027, 'hidden_size': 97, 'dropout': 0.254916801209719, 'hidden_continuous_size': 97, 'attention_head_size': 2, 'learning_rate': 0.022050715078650866}. Best is trial 15 with value: 0.049115151166915894.
LOCAL_RANK: 0 - CUDA_VISIBLE_DEVICES: [0]
[I 2023-12-15 12:21:47,276] Trial 17 finished with value: 0.2754500210285187 and parameters: {'gradient_clip_val': 0.13710061231695642, 'hidden_size': 59, 'dropout': 0.3307478277377295, 'hidden_continuous_size': 36, 'attention_head_size': 4, 'learning_rate': 0.00497275236611447}. Best is trial 15 with value: 0.049115151166915894.
LOCAL_RANK: 0 - CUDA_VISIBLE_DEVICES: [0]
[I 2023-12-15 12:22:41,306] Trial 18 finished with value: 0.05891906097531319 and parameters: {'gradient_clip_val': 0.11458340517571142, 'hidden_size': 68, 'dropout': 0.1521376999536268, 'hidden_continuous_size': 40, 'attention_head_size': 3, 'learning_rate': 0.036793392179705973}. Best is trial 15 with value: 0.049115151166915894.
LOCAL_RANK: 0 - CUDA_VISIBLE_DEVICES: [0]
[I 2023-12-15 12:23:35,399] Trial 19 finished with value: 0.09129849076271057 and parameters: {'gradient_clip_val': 0.18508581252999307, 'hidden_size': 62, 'dropout': 0.15475227019443744, 'hidden_continuous_size': 36, 'attention_head_size': 2, 'learning_rate': 0.04185861330752599}. Best is trial 15 with value: 0.049115151166915894.
LOCAL_RANK: 0 - CUDA_VISIBLE_DEVICES: [0]
[I 2023-12-15 12:24:26,847] Trial 20 finished with value: 0.17803557217121124 and parameters: {'gradient_clip_val': 0.25671835850357966, 'hidden_size': 34, 'dropout': 0.10261383405362831, 'hidden_continuous_size': 16, 'attention_head_size': 3, 'learning_rate': 0.09632799591213516}. Best is trial 15 with value: 0.049115151166915894.
LOCAL_RANK: 0 - CUDA_VISIBLE_DEVICES: [0]
[I 2023-12-15 12:25:22,511] Trial 21 finished with value: 0.055641841143369675 and parameters: {'gradient_clip_val': 0.10153228922283233, 'hidden_size': 71, 'dropout': 0.14778746363971856, 'hidden_continuous_size': 43, 'attention_head_size': 4, 'learning_rate': 0.01552596320181209}. Best is trial 15 with value: 0.049115151166915894.
LOCAL_RANK: 0 - CUDA_VISIBLE_DEVICES: [0]
[I 2023-12-15 12:26:15,644] Trial 22 finished with value: 0.07088082283735275 and parameters: {'gradient_clip_val': 0.1326571536271628, 'hidden_size': 64, 'dropout': 0.14927158274453683, 'hidden_continuous_size': 38, 'attention_head_size': 3, 'learning_rate': 0.01930060831328979}. Best is trial 15 with value: 0.049115151166915894.
LOCAL_RANK: 0 - CUDA_VISIBLE_DEVICES: [0]
[I 2023-12-15 12:27:11,563] Trial 23 finished with value: 0.09569323062896729 and parameters: {'gradient_clip_val': 0.12233032700583003, 'hidden_size': 100, 'dropout': 0.15204713035825512, 'hidden_continuous_size': 47, 'attention_head_size': 2, 'learning_rate': 0.03642394362491433}. Best is trial 15 with value: 0.049115151166915894.
LOCAL_RANK: 0 - CUDA_VISIBLE_DEVICES: [0]
[I 2023-12-15 12:28:06,089] Trial 24 finished with value: 0.0696280375123024 and parameters: {'gradient_clip_val': 0.16733230576697816, 'hidden_size': 71, 'dropout': 0.2010560614094831, 'hidden_continuous_size': 29, 'attention_head_size': 4, 'learning_rate': 0.0551233981898508}. Best is trial 15 with value: 0.049115151166915894.
LOCAL_RANK: 0 - CUDA_VISIBLE_DEVICES: [0]
[I 2023-12-15 12:28:59,761] Trial 25 finished with value: 0.0658993348479271 and parameters: {'gradient_clip_val': 0.10063908712416703, 'hidden_size': 51, 'dropout': 0.16614699760587717, 'hidden_continuous_size': 28, 'attention_head_size': 3, 'learning_rate': 0.027068332392339006}. Best is trial 15 with value: 0.049115151166915894.
LOCAL_RANK: 0 - CUDA_VISIBLE_DEVICES: [0]
[I 2023-12-15 12:29:53,531] Trial 26 finished with value: 0.05020354315638542 and parameters: {'gradient_clip_val': 0.15671391759833986, 'hidden_size': 72, 'dropout': 0.13619319223235943, 'hidden_continuous_size': 38, 'attention_head_size': 2, 'learning_rate': 0.016137869028420463}. Best is trial 15 with value: 0.049115151166915894.
LOCAL_RANK: 0 - CUDA_VISIBLE_DEVICES: [0]
[I 2023-12-15 12:30:45,882] Trial 27 finished with value: 0.07353726774454117 and parameters: {'gradient_clip_val': 0.1684216593254259, 'hidden_size': 39, 'dropout': 0.12336500415936474, 'hidden_continuous_size': 23, 'attention_head_size': 2, 'learning_rate': 0.016747250491514636}. Best is trial 15 with value: 0.049115151166915894.
LOCAL_RANK: 0 - CUDA_VISIBLE_DEVICES: [0]
[I 2023-12-15 12:31:40,301] Trial 28 finished with value: 0.05801253393292427 and parameters: {'gradient_clip_val': 0.1294758977578037, 'hidden_size': 76, 'dropout': 0.20652327095853681, 'hidden_continuous_size': 49, 'attention_head_size': 2, 'learning_rate': 0.014501379681213202}. Best is trial 15 with value: 0.049115151166915894.
LOCAL_RANK: 0 - CUDA_VISIBLE_DEVICES: [0]
[I 2023-12-15 12:32:36,313] Trial 29 finished with value: 0.08394891023635864 and parameters: {'gradient_clip_val': 0.21601379560653053, 'hidden_size': 100, 'dropout': 0.10318608285527808, 'hidden_continuous_size': 54, 'attention_head_size': 2, 'learning_rate': 0.025212195467390945}. Best is trial 15 with value: 0.049115151166915894.
LOCAL_RANK: 0 - CUDA_VISIBLE_DEVICES: [0]
[I 2023-12-15 12:33:29,284] Trial 30 finished with value: 0.04795461520552635 and parameters: {'gradient_clip_val': 0.15930941926583875, 'hidden_size': 54, 'dropout': 0.13838374358964817, 'hidden_continuous_size': 32, 'attention_head_size': 1, 'learning_rate': 0.006903802027456906}. Best is trial 30 with value: 0.04795461520552635.
LOCAL_RANK: 0 - CUDA_VISIBLE_DEVICES: [0]
[I 2023-12-15 12:34:21,660] Trial 31 finished with value: 0.06298995763063431 and parameters: {'gradient_clip_val': 0.14798987807004477, 'hidden_size': 52, 'dropout': 0.13710283961118772, 'hidden_continuous_size': 33, 'attention_head_size': 1, 'learning_rate': 0.006641455467537178}. Best is trial 30 with value: 0.04795461520552635.
LOCAL_RANK: 0 - CUDA_VISIBLE_DEVICES: [0]
[I 2023-12-15 12:35:16,526] Trial 32 finished with value: 0.07623735815286636 and parameters: {'gradient_clip_val': 0.12153995095967884, 'hidden_size': 78, 'dropout': 0.17232793196463397, 'hidden_continuous_size': 46, 'attention_head_size': 1, 'learning_rate': 0.01348763646721158}. Best is trial 30 with value: 0.04795461520552635.
LOCAL_RANK: 0 - CUDA_VISIBLE_DEVICES: [0]
[I 2023-12-15 12:36:10,000] Trial 33 finished with value: 0.08625144511461258 and parameters: {'gradient_clip_val': 0.1598896019619434, 'hidden_size': 70, 'dropout': 0.11979219183601487, 'hidden_continuous_size': 31, 'attention_head_size': 1, 'learning_rate': 0.00827474238359772}. Best is trial 30 with value: 0.04795461520552635.
LOCAL_RANK: 0 - CUDA_VISIBLE_DEVICES: [0]
[I 2023-12-15 12:37:03,169] Trial 34 finished with value: 0.04123755171895027 and parameters: {'gradient_clip_val': 0.19296291814722294, 'hidden_size': 55, 'dropout': 0.14585287381005166, 'hidden_continuous_size': 32, 'attention_head_size': 1, 'learning_rate': 0.021989577659676768}. Best is trial 34 with value: 0.04123755171895027.
LOCAL_RANK: 0 - CUDA_VISIBLE_DEVICES: [0]
[I 2023-12-15 12:37:54,213] Trial 35 finished with value: 0.05283821001648903 and parameters: {'gradient_clip_val': 0.19822194522693828, 'hidden_size': 29, 'dropout': 0.17070497990396397, 'hidden_continuous_size': 24, 'attention_head_size': 1, 'learning_rate': 0.025587391263630646}. Best is trial 34 with value: 0.04123755171895027.
LOCAL_RANK: 0 - CUDA_VISIBLE_DEVICES: [0]
[I 2023-12-15 12:38:48,032] Trial 36 finished with value: 0.07645798474550247 and parameters: {'gradient_clip_val': 0.15433148864056317, 'hidden_size': 57, 'dropout': 0.13570051384193843, 'hidden_continuous_size': 33, 'attention_head_size': 1, 'learning_rate': 0.020540372446457036}. Best is trial 34 with value: 0.04123755171895027.
LOCAL_RANK: 0 - CUDA_VISIBLE_DEVICES: [0]
[I 2023-12-15 12:39:39,830] Trial 37 finished with value: 0.14041674137115479 and parameters: {'gradient_clip_val': 0.219612356485071, 'hidden_size': 44, 'dropout': 0.11270493413550334, 'hidden_continuous_size': 27, 'attention_head_size': 1, 'learning_rate': 0.009336055909169123}. Best is trial 34 with value: 0.04123755171895027.
LOCAL_RANK: 0 - CUDA_VISIBLE_DEVICES: [0]
[I 2023-12-15 12:40:31,620] Trial 38 finished with value: 0.4503834545612335 and parameters: {'gradient_clip_val': 0.1951065598580207, 'hidden_size': 48, 'dropout': 0.1885331837417191, 'hidden_continuous_size': 31, 'attention_head_size': 2, 'learning_rate': 0.0070290340326768595}. Best is trial 34 with value: 0.04123755171895027.
LOCAL_RANK: 0 - CUDA_VISIBLE_DEVICES: [0]
[I 2023-12-15 12:41:22,735] Trial 39 finished with value: 0.10795895010232925 and parameters: {'gradient_clip_val': 0.17799668138691485, 'hidden_size': 36, 'dropout': 0.16302337737915507, 'hidden_continuous_size': 26, 'attention_head_size': 1, 'learning_rate': 0.012094687266671714}. Best is trial 34 with value: 0.04123755171895027.
LOCAL_RANK: 0 - CUDA_VISIBLE_DEVICES: [0]
[I 2023-12-15 12:42:15,599] Trial 40 finished with value: 0.06354760378599167 and parameters: {'gradient_clip_val': 0.24792610857085776, 'hidden_size': 56, 'dropout': 0.1357637810759053, 'hidden_continuous_size': 40, 'attention_head_size': 2, 'learning_rate': 0.017324976974794504}. Best is trial 34 with value: 0.04123755171895027.
LOCAL_RANK: 0 - CUDA_VISIBLE_DEVICES: [0]
[I 2023-12-15 12:43:06,987] Trial 41 finished with value: 0.07726182788610458 and parameters: {'gradient_clip_val': 0.2060965304369873, 'hidden_size': 31, 'dropout': 0.1712901474773153, 'hidden_continuous_size': 24, 'attention_head_size': 1, 'learning_rate': 0.026486464354767578}. Best is trial 34 with value: 0.04123755171895027.
LOCAL_RANK: 0 - CUDA_VISIBLE_DEVICES: [0]
[I 2023-12-15 12:43:56,074] Trial 42 finished with value: 0.043384402990341187 and parameters: {'gradient_clip_val': 0.15514509943305987, 'hidden_size': 25, 'dropout': 0.21471356156075527, 'hidden_continuous_size': 22, 'attention_head_size': 1, 'learning_rate': 0.023949523055632464}. Best is trial 34 with value: 0.04123755171895027.
LOCAL_RANK: 0 - CUDA_VISIBLE_DEVICES: [0]
[I 2023-12-15 12:44:48,461] Trial 43 finished with value: 0.05264413729310036 and parameters: {'gradient_clip_val': 0.15471439643742535, 'hidden_size': 43, 'dropout': 0.21169694662774965, 'hidden_continuous_size': 21, 'attention_head_size': 1, 'learning_rate': 0.03245604603873455}. Best is trial 34 with value: 0.04123755171895027.
LOCAL_RANK: 0 - CUDA_VISIBLE_DEVICES: [0]
[I 2023-12-15 12:45:37,456] Trial 44 finished with value: 0.043604474514722824 and parameters: {'gradient_clip_val': 0.1404423588047904, 'hidden_size': 25, 'dropout': 0.18596334521982172, 'hidden_continuous_size': 22, 'attention_head_size': 1, 'learning_rate': 0.04708895217439488}. Best is trial 34 with value: 0.04123755171895027.
LOCAL_RANK: 0 - CUDA_VISIBLE_DEVICES: [0]
[I 2023-12-15 12:46:25,948] Trial 45 finished with value: 0.05717480182647705 and parameters: {'gradient_clip_val': 0.13758874097299892, 'hidden_size': 25, 'dropout': 0.23373388379176155, 'hidden_continuous_size': 19, 'attention_head_size': 1, 'learning_rate': 0.048022267803230004}. Best is trial 34 with value: 0.04123755171895027.
LOCAL_RANK: 0 - CUDA_VISIBLE_DEVICES: [0]
[I 2023-12-15 12:47:13,543] Trial 46 finished with value: 0.06577075272798538 and parameters: {'gradient_clip_val': 0.1780701527111721, 'hidden_size': 24, 'dropout': 0.19754913168834065, 'hidden_continuous_size': 18, 'attention_head_size': 1, 'learning_rate': 0.05239671185870053}. Best is trial 34 with value: 0.04123755171895027.
LOCAL_RANK: 0 - CUDA_VISIBLE_DEVICES: [0]
[I 2023-12-15 12:48:01,961] Trial 47 finished with value: 0.062011152505874634 and parameters: {'gradient_clip_val': 0.12173935134850221, 'hidden_size': 21, 'dropout': 0.2153017861516239, 'hidden_continuous_size': 17, 'attention_head_size': 1, 'learning_rate': 0.030908557120727907}. Best is trial 34 with value: 0.04123755171895027.
LOCAL_RANK: 0 - CUDA_VISIBLE_DEVICES: [0]
[I 2023-12-15 12:48:53,930] Trial 48 finished with value: 0.3236791789531708 and parameters: {'gradient_clip_val': 0.13698128970301707, 'hidden_size': 37, 'dropout': 0.1838051761114159, 'hidden_continuous_size': 26, 'attention_head_size': 1, 'learning_rate': 0.06029765922388725}. Best is trial 34 with value: 0.04123755171895027.
LOCAL_RANK: 0 - CUDA_VISIBLE_DEVICES: [0]
[I 2023-12-15 12:49:44,637] Trial 49 finished with value: 0.06194005534052849 and parameters: {'gradient_clip_val': 0.11378351880090015, 'hidden_size': 29, 'dropout': 0.1833580267036109, 'hidden_continuous_size': 22, 'attention_head_size': 1, 'learning_rate': 0.0420161469066282}. Best is trial 34 with value: 0.04123755171895027.
[I 2023-12-15 12:49:44,732] A new study created in memory with name: no-name-ce762234-c7ac-40fc-ae8d-28d0b6bf97e4
/home/le004/conda/anaconda3/envs/tsff_env/lib/python3.9/site-packages/lightning/fabric/plugins/environments/slurm.py:191: The `srun` command is available on your system but is not used. HINT: If your intention is to run Lightning on SLURM, prepend your python command with `srun` like so: srun python /home/le004/master_thesis/git/TSFusionForecast/code/ ...
LOCAL_RANK: 0 - CUDA_VISIBLE_DEVICES: [0]
[I 2023-12-15 12:50:33,734] Trial 0 finished with value: 0.6702879071235657 and parameters: {'gradient_clip_val': 0.5830453913879782, 'hidden_size': 26, 'dropout': 0.17918762419478468, 'hidden_continuous_size': 11, 'attention_head_size': 2, 'learning_rate': 0.007841309144024412}. Best is trial 0 with value: 0.6702879071235657.
LOCAL_RANK: 0 - CUDA_VISIBLE_DEVICES: [0]
[I 2023-12-15 12:51:18,190] Trial 1 finished with value: 2.6293270587921143 and parameters: {'gradient_clip_val': 0.10543774131573944, 'hidden_size': 8, 'dropout': 0.28369343123732377, 'hidden_continuous_size': 6, 'attention_head_size': 3, 'learning_rate': 0.0006482892009532485}. Best is trial 0 with value: 0.6702879071235657.
LOCAL_RANK: 0 - CUDA_VISIBLE_DEVICES: [0]
[I 2023-12-15 12:52:02,973] Trial 2 finished with value: 1.0198642015457153 and parameters: {'gradient_clip_val': 0.8765087249336868, 'hidden_size': 9, 'dropout': 0.19063451052130803, 'hidden_continuous_size': 5, 'attention_head_size': 1, 'learning_rate': 0.01524095318032789}. Best is trial 0 with value: 0.6702879071235657.
LOCAL_RANK: 0 - CUDA_VISIBLE_DEVICES: [0]
[I 2023-12-15 12:52:49,411] Trial 3 finished with value: 1.4857670068740845 and parameters: {'gradient_clip_val': 0.21213125233644334, 'hidden_size': 14, 'dropout': 0.3266938319249666, 'hidden_continuous_size': 9, 'attention_head_size': 3, 'learning_rate': 0.07732942962600628}. Best is trial 0 with value: 0.6702879071235657.
LOCAL_RANK: 0 - CUDA_VISIBLE_DEVICES: [0]
[I 2023-12-15 12:53:35,425] Trial 4 finished with value: 1.8342647552490234 and parameters: {'gradient_clip_val': 0.734944289335835, 'hidden_size': 16, 'dropout': 0.39325920055824815, 'hidden_continuous_size': 10, 'attention_head_size': 4, 'learning_rate': 0.04276367620489141}. Best is trial 0 with value: 0.6702879071235657.
LOCAL_RANK: 0 - CUDA_VISIBLE_DEVICES: [0]
[I 2023-12-15 12:54:21,567] Trial 5 finished with value: 1.4217499494552612 and parameters: {'gradient_clip_val': 0.10126962353103851, 'hidden_size': 11, 'dropout': 0.17948404325553918, 'hidden_continuous_size': 10, 'attention_head_size': 3, 'learning_rate': 0.06449989325307022}. Best is trial 0 with value: 0.6702879071235657.
LOCAL_RANK: 0 - CUDA_VISIBLE_DEVICES: [0]
[I 2023-12-15 12:55:08,519] Trial 6 finished with value: 1.77862548828125 and parameters: {'gradient_clip_val': 0.15364686767643498, 'hidden_size': 20, 'dropout': 0.24164190758908258, 'hidden_continuous_size': 13, 'attention_head_size': 1, 'learning_rate': 0.0024960397746074067}. Best is trial 0 with value: 0.6702879071235657.
LOCAL_RANK: 0 - CUDA_VISIBLE_DEVICES: [0]
[I 2023-12-15 12:55:57,258] Trial 7 finished with value: 2.0988080501556396 and parameters: {'gradient_clip_val': 0.3785564291960979, 'hidden_size': 28, 'dropout': 0.11446566841133593, 'hidden_continuous_size': 13, 'attention_head_size': 4, 'learning_rate': 0.004449856578639219}. Best is trial 0 with value: 0.6702879071235657.
LOCAL_RANK: 0 - CUDA_VISIBLE_DEVICES: [0]
[I 2023-12-15 12:56:46,312] Trial 8 finished with value: 1.5334535837173462 and parameters: {'gradient_clip_val': 0.30838317284288613, 'hidden_size': 26, 'dropout': 0.21902296368077973, 'hidden_continuous_size': 7, 'attention_head_size': 3, 'learning_rate': 0.0036906221033246585}. Best is trial 0 with value: 0.6702879071235657.
LOCAL_RANK: 0 - CUDA_VISIBLE_DEVICES: [0]
[I 2023-12-15 12:57:35,940] Trial 9 finished with value: 2.547677755355835 and parameters: {'gradient_clip_val': 0.2561289113106884, 'hidden_size': 33, 'dropout': 0.2817512153213133, 'hidden_continuous_size': 5, 'attention_head_size': 4, 'learning_rate': 0.0005911174305359254}. Best is trial 0 with value: 0.6702879071235657.
LOCAL_RANK: 0 - CUDA_VISIBLE_DEVICES: [0]
[I 2023-12-15 12:58:29,874] Trial 10 finished with value: 0.3889772891998291 and parameters: {'gradient_clip_val': 0.5238735535767415, 'hidden_size': 73, 'dropout': 0.11561893572198972, 'hidden_continuous_size': 29, 'attention_head_size': 2, 'learning_rate': 0.015531836314727605}. Best is trial 10 with value: 0.3889772891998291.
LOCAL_RANK: 0 - CUDA_VISIBLE_DEVICES: [0]
[I 2023-12-15 12:59:24,405] Trial 11 finished with value: 3.262425184249878 and parameters: {'gradient_clip_val': 0.5069810870892363, 'hidden_size': 75, 'dropout': 0.10621994901086461, 'hidden_continuous_size': 31, 'attention_head_size': 2, 'learning_rate': 0.015398034130897369}. Best is trial 10 with value: 0.3889772891998291.
LOCAL_RANK: 0 - CUDA_VISIBLE_DEVICES: [0]
[I 2023-12-15 13:00:20,475] Trial 12 finished with value: 0.9091801643371582 and parameters: {'gradient_clip_val': 0.5512517072437395, 'hidden_size': 96, 'dropout': 0.1478584574007617, 'hidden_continuous_size': 47, 'attention_head_size': 2, 'learning_rate': 0.015257034634404948}. Best is trial 10 with value: 0.3889772891998291.
LOCAL_RANK: 0 - CUDA_VISIBLE_DEVICES: [0]
[I 2023-12-15 13:00:54,346] Trial 13 finished with value: 0.5525427460670471 and parameters: {'gradient_clip_val': 0.5886041835488359, 'hidden_size': 5, 'dropout': 0.1525603534409451, 'hidden_continuous_size': 5, 'attention_head_size': 2, 'learning_rate': 0.008024822493663064}. Best is trial 10 with value: 0.3889772891998291.
LOCAL_RANK: 0 - CUDA_VISIBLE_DEVICES: [0]
[I 2023-12-15 13:01:27,376] Trial 14 finished with value: 0.2594066560268402 and parameters: {'gradient_clip_val': 0.9544779893499523, 'hidden_size': 5, 'dropout': 0.14095085280327851, 'hidden_continuous_size': 5, 'attention_head_size': 1, 'learning_rate': 0.029613185200264878}. Best is trial 14 with value: 0.2594066560268402.
LOCAL_RANK: 0 - CUDA_VISIBLE_DEVICES: [0]
[I 2023-12-15 13:02:19,358] Trial 15 finished with value: 0.09834042936563492 and parameters: {'gradient_clip_val': 0.9775112593570342, 'hidden_size': 42, 'dropout': 0.10095979781877301, 'hidden_continuous_size': 19, 'attention_head_size': 1, 'learning_rate': 0.032990342638127196}. Best is trial 15 with value: 0.09834042936563492.
LOCAL_RANK: 0 - CUDA_VISIBLE_DEVICES: [0]
[I 2023-12-15 13:02:52,639] Trial 16 finished with value: 1.2767421007156372 and parameters: {'gradient_clip_val': 0.984942360789754, 'hidden_size': 5, 'dropout': 0.1523336296037749, 'hidden_continuous_size': 5, 'attention_head_size': 1, 'learning_rate': 0.041077207058943896}. Best is trial 15 with value: 0.09834042936563492.
LOCAL_RANK: 0 - CUDA_VISIBLE_DEVICES: [0]
[I 2023-12-15 13:03:43,574] Trial 17 finished with value: 0.4772132933139801 and parameters: {'gradient_clip_val': 0.800427608282976, 'hidden_size': 40, 'dropout': 0.11391700292590344, 'hidden_continuous_size': 18, 'attention_head_size': 1, 'learning_rate': 0.03198423217398032}. Best is trial 15 with value: 0.09834042936563492.
LOCAL_RANK: 0 - CUDA_VISIBLE_DEVICES: [0]
[I 2023-12-15 13:04:34,603] Trial 18 finished with value: 0.10882383584976196 and parameters: {'gradient_clip_val': 0.9463610383474437, 'hidden_size': 48, 'dropout': 0.10237678479787765, 'hidden_continuous_size': 17, 'attention_head_size': 1, 'learning_rate': 0.0943921742525081}. Best is trial 15 with value: 0.09834042936563492.
LOCAL_RANK: 0 - CUDA_VISIBLE_DEVICES: [0]
[I 2023-12-15 13:05:27,195] Trial 19 finished with value: 2.0638267993927 and parameters: {'gradient_clip_val': 0.717172638672376, 'hidden_size': 50, 'dropout': 0.10358943435974557, 'hidden_continuous_size': 20, 'attention_head_size': 1, 'learning_rate': 0.09439293656255866}. Best is trial 15 with value: 0.09834042936563492.
LOCAL_RANK: 0 - CUDA_VISIBLE_DEVICES: [0]
