[I 2023-12-16 11:46:36,552] Trial 23 finished with value: 0.047952305525541306 and parameters: {'gradient_clip_val': 0.2572895459262252, 'hidden_size': 29, 'dropout': 0.252565817206443, 'hidden_continuous_size': 9, 'attention_head_size': 3, 'learning_rate': 0.01773641536643632}. Best is trial 4 with value: 0.0462617464363575.
LOCAL_RANK: 0 - CUDA_VISIBLE_DEVICES: [0]
[I 2023-12-16 11:47:27,903] Trial 24 finished with value: 0.10166442394256592 and parameters: {'gradient_clip_val': 0.20838891135420823, 'hidden_size': 37, 'dropout': 0.17803762151656077, 'hidden_continuous_size': 12, 'attention_head_size': 3, 'learning_rate': 0.02517824748608879}. Best is trial 4 with value: 0.0462617464363575.
LOCAL_RANK: 0 - CUDA_VISIBLE_DEVICES: [0]
[I 2023-12-16 11:48:21,238] Trial 25 finished with value: 0.10007274150848389 and parameters: {'gradient_clip_val': 0.295025853799696, 'hidden_size': 50, 'dropout': 0.2363676260342207, 'hidden_continuous_size': 18, 'attention_head_size': 3, 'learning_rate': 0.03509510500667019}. Best is trial 4 with value: 0.0462617464363575.
LOCAL_RANK: 0 - CUDA_VISIBLE_DEVICES: [0]
[I 2023-12-16 11:49:11,090] Trial 26 finished with value: 0.060635749250650406 and parameters: {'gradient_clip_val': 0.2400012996663251, 'hidden_size': 26, 'dropout': 0.19899955327643748, 'hidden_continuous_size': 9, 'attention_head_size': 4, 'learning_rate': 0.015579256419544642}. Best is trial 4 with value: 0.0462617464363575.
LOCAL_RANK: 0 - CUDA_VISIBLE_DEVICES: [0]
[I 2023-12-16 11:50:01,385] Trial 27 finished with value: 0.06178213283419609 and parameters: {'gradient_clip_val': 0.37065326304542096, 'hidden_size': 33, 'dropout': 0.22155401945407519, 'hidden_continuous_size': 10, 'attention_head_size': 3, 'learning_rate': 0.004123381941530023}. Best is trial 4 with value: 0.0462617464363575.
LOCAL_RANK: 0 - CUDA_VISIBLE_DEVICES: [0]
[I 2023-12-16 11:50:48,950] Trial 28 finished with value: 0.1128106489777565 and parameters: {'gradient_clip_val': 0.2942496155656081, 'hidden_size': 20, 'dropout': 0.26459874588508087, 'hidden_continuous_size': 8, 'attention_head_size': 4, 'learning_rate': 0.0067443708531219025}. Best is trial 4 with value: 0.0462617464363575.
LOCAL_RANK: 0 - CUDA_VISIBLE_DEVICES: [0]
[I 2023-12-16 11:51:43,958] Trial 29 finished with value: 0.07775214314460754 and parameters: {'gradient_clip_val': 0.17865272876880373, 'hidden_size': 100, 'dropout': 0.2893190761704913, 'hidden_continuous_size': 13, 'attention_head_size': 3, 'learning_rate': 0.007756215703682366}. Best is trial 4 with value: 0.0462617464363575.
LOCAL_RANK: 0 - CUDA_VISIBLE_DEVICES: [0]
[I 2023-12-16 11:52:36,992] Trial 30 finished with value: 0.06015649810433388 and parameters: {'gradient_clip_val': 0.409675162289043, 'hidden_size': 52, 'dropout': 0.2337973032972364, 'hidden_continuous_size': 12, 'attention_head_size': 3, 'learning_rate': 0.011747970410299008}. Best is trial 4 with value: 0.0462617464363575.
LOCAL_RANK: 0 - CUDA_VISIBLE_DEVICES: [0]
[I 2023-12-16 11:53:25,571] Trial 31 finished with value: 0.06370943039655685 and parameters: {'gradient_clip_val': 0.26911582445683363, 'hidden_size': 28, 'dropout': 0.2536243096382573, 'hidden_continuous_size': 10, 'attention_head_size': 3, 'learning_rate': 0.015091757557940821}. Best is trial 4 with value: 0.0462617464363575.
LOCAL_RANK: 0 - CUDA_VISIBLE_DEVICES: [0]
[I 2023-12-16 11:54:14,203] Trial 32 finished with value: 0.049930181354284286 and parameters: {'gradient_clip_val': 0.3413429836143946, 'hidden_size': 28, 'dropout': 0.3197516900440515, 'hidden_continuous_size': 8, 'attention_head_size': 3, 'learning_rate': 0.010257556573700059}. Best is trial 4 with value: 0.0462617464363575.
LOCAL_RANK: 0 - CUDA_VISIBLE_DEVICES: [0]
[I 2023-12-16 11:55:04,100] Trial 33 finished with value: 0.11473026871681213 and parameters: {'gradient_clip_val': 0.3436783611181795, 'hidden_size': 38, 'dropout': 0.3151356028659398, 'hidden_continuous_size': 6, 'attention_head_size': 3, 'learning_rate': 0.009672818289134766}. Best is trial 4 with value: 0.0462617464363575.
LOCAL_RANK: 0 - CUDA_VISIBLE_DEVICES: [0]
[I 2023-12-16 11:55:52,107] Trial 34 finished with value: 0.09990031272172928 and parameters: {'gradient_clip_val': 0.3213491549031629, 'hidden_size': 19, 'dropout': 0.322607725044712, 'hidden_continuous_size': 7, 'attention_head_size': 2, 'learning_rate': 0.008513812869418847}. Best is trial 4 with value: 0.0462617464363575.
LOCAL_RANK: 0 - CUDA_VISIBLE_DEVICES: [0]
[I 2023-12-16 11:56:42,056] Trial 35 finished with value: 0.10941801220178604 and parameters: {'gradient_clip_val': 0.2268515559677046, 'hidden_size': 23, 'dropout': 0.2791052123011648, 'hidden_continuous_size': 9, 'attention_head_size': 4, 'learning_rate': 0.00610635611577141}. Best is trial 4 with value: 0.0462617464363575.
LOCAL_RANK: 0 - CUDA_VISIBLE_DEVICES: [0]
[I 2023-12-16 11:57:31,652] Trial 36 finished with value: 0.07005523890256882 and parameters: {'gradient_clip_val': 0.2769222863196004, 'hidden_size': 33, 'dropout': 0.3103898751909372, 'hidden_continuous_size': 11, 'attention_head_size': 2, 'learning_rate': 0.009370174995302427}. Best is trial 4 with value: 0.0462617464363575.
LOCAL_RANK: 0 - CUDA_VISIBLE_DEVICES: [0]
[I 2023-12-16 11:58:25,766] Trial 37 finished with value: 0.060203224420547485 and parameters: {'gradient_clip_val': 0.23642694465036893, 'hidden_size': 57, 'dropout': 0.3312741294614921, 'hidden_continuous_size': 16, 'attention_head_size': 4, 'learning_rate': 0.019442599653605678}. Best is trial 4 with value: 0.0462617464363575.
LOCAL_RANK: 0 - CUDA_VISIBLE_DEVICES: [0]
[I 2023-12-16 11:59:17,300] Trial 38 finished with value: 0.08115477114915848 and parameters: {'gradient_clip_val': 0.11560460407623842, 'hidden_size': 80, 'dropout': 0.3509273235066773, 'hidden_continuous_size': 5, 'attention_head_size': 3, 'learning_rate': 0.011390870439665869}. Best is trial 4 with value: 0.0462617464363575.
LOCAL_RANK: 0 - CUDA_VISIBLE_DEVICES: [0]
[I 2023-12-16 12:00:07,347] Trial 39 finished with value: 0.05971384420990944 and parameters: {'gradient_clip_val': 0.3206066188754103, 'hidden_size': 41, 'dropout': 0.2877510323343061, 'hidden_continuous_size': 6, 'attention_head_size': 2, 'learning_rate': 0.013392978468271713}. Best is trial 4 with value: 0.0462617464363575.
LOCAL_RANK: 0 - CUDA_VISIBLE_DEVICES: [0]
[I 2023-12-16 12:00:59,458] Trial 40 finished with value: 0.08370248228311539 and parameters: {'gradient_clip_val': 0.41646500429063593, 'hidden_size': 46, 'dropout': 0.24833775418444642, 'hidden_continuous_size': 7, 'attention_head_size': 3, 'learning_rate': 0.018787576579631527}. Best is trial 4 with value: 0.0462617464363575.
LOCAL_RANK: 0 - CUDA_VISIBLE_DEVICES: [0]
[I 2023-12-16 12:01:48,538] Trial 41 finished with value: 0.07043034583330154 and parameters: {'gradient_clip_val': 0.25790280500946994, 'hidden_size': 28, 'dropout': 0.2593285782335251, 'hidden_continuous_size': 8, 'attention_head_size': 3, 'learning_rate': 0.01440136075325479}. Best is trial 4 with value: 0.0462617464363575.
LOCAL_RANK: 0 - CUDA_VISIBLE_DEVICES: [0]
[I 2023-12-16 12:02:38,334] Trial 42 finished with value: 0.07682681828737259 and parameters: {'gradient_clip_val': 0.2773766141615747, 'hidden_size': 26, 'dropout': 0.2752668227552268, 'hidden_continuous_size': 8, 'attention_head_size': 3, 'learning_rate': 0.017173484282756137}. Best is trial 4 with value: 0.0462617464363575.
LOCAL_RANK: 0 - CUDA_VISIBLE_DEVICES: [0]
[I 2023-12-16 12:03:28,891] Trial 43 finished with value: 0.058114007115364075 and parameters: {'gradient_clip_val': 0.31507210702567745, 'hidden_size': 33, 'dropout': 0.23920470247670575, 'hidden_continuous_size': 7, 'attention_head_size': 3, 'learning_rate': 0.009845421858992872}. Best is trial 4 with value: 0.0462617464363575.
LOCAL_RANK: 0 - CUDA_VISIBLE_DEVICES: [0]
[I 2023-12-16 12:04:18,075] Trial 44 finished with value: 0.061492275446653366 and parameters: {'gradient_clip_val': 0.33523596918309195, 'hidden_size': 22, 'dropout': 0.2592898714094256, 'hidden_continuous_size': 9, 'attention_head_size': 2, 'learning_rate': 0.029003221761867103}. Best is trial 4 with value: 0.0462617464363575.
LOCAL_RANK: 0 - CUDA_VISIBLE_DEVICES: [0]
[I 2023-12-16 12:05:08,815] Trial 45 finished with value: 0.09882227331399918 and parameters: {'gradient_clip_val': 0.5377665658944952, 'hidden_size': 56, 'dropout': 0.22328410108705724, 'hidden_continuous_size': 6, 'attention_head_size': 3, 'learning_rate': 0.022009905392700507}. Best is trial 4 with value: 0.0462617464363575.
LOCAL_RANK: 0 - CUDA_VISIBLE_DEVICES: [0]
[I 2023-12-16 12:05:55,607] Trial 46 finished with value: 0.054798733443021774 and parameters: {'gradient_clip_val': 0.28992778776678957, 'hidden_size': 15, 'dropout': 0.30247396179993163, 'hidden_continuous_size': 8, 'attention_head_size': 4, 'learning_rate': 0.013743888656020019}. Best is trial 4 with value: 0.0462617464363575.
LOCAL_RANK: 0 - CUDA_VISIBLE_DEVICES: [0]
[I 2023-12-16 12:06:45,681] Trial 47 finished with value: 0.12103414535522461 and parameters: {'gradient_clip_val': 0.24285856738691042, 'hidden_size': 30, 'dropout': 0.2819559877175078, 'hidden_continuous_size': 10, 'attention_head_size': 3, 'learning_rate': 0.005393855409040203}. Best is trial 4 with value: 0.0462617464363575.
LOCAL_RANK: 0 - CUDA_VISIBLE_DEVICES: [0]
[I 2023-12-16 12:07:38,299] Trial 48 finished with value: 0.11715828627347946 and parameters: {'gradient_clip_val': 0.3507633207072094, 'hidden_size': 69, 'dropout': 0.25124856573256044, 'hidden_continuous_size': 5, 'attention_head_size': 4, 'learning_rate': 0.008038361826265652}. Best is trial 4 with value: 0.0462617464363575.
LOCAL_RANK: 0 - CUDA_VISIBLE_DEVICES: [0]
[I 2023-12-16 12:08:28,144] Trial 49 finished with value: 0.08549331873655319 and parameters: {'gradient_clip_val': 0.4069082571156235, 'hidden_size': 37, 'dropout': 0.2702755094983818, 'hidden_continuous_size': 7, 'attention_head_size': 3, 'learning_rate': 0.004058851477733554}. Best is trial 4 with value: 0.0462617464363575.
[I 2023-12-16 12:08:28,237] A new study created in memory with name: no-name-ad53818d-471c-43de-9757-f73d992578d8
/home/le004/conda/anaconda3/envs/tsff_env/lib/python3.9/site-packages/lightning/fabric/plugins/environments/slurm.py:191: The `srun` command is available on your system but is not used. HINT: If your intention is to run Lightning on SLURM, prepend your python command with `srun` like so: srun python /home/le004/master_thesis/git/TSFusionForecast/code/ ...
LOCAL_RANK: 0 - CUDA_VISIBLE_DEVICES: [0]
[I 2023-12-16 12:09:20,359] Trial 0 finished with value: 0.07703123241662979 and parameters: {'gradient_clip_val': 0.11508342651835453, 'hidden_size': 31, 'dropout': 0.20264367068392103, 'hidden_continuous_size': 20, 'attention_head_size': 4, 'learning_rate': 0.027485369033377907}. Best is trial 0 with value: 0.07703123241662979.
LOCAL_RANK: 0 - CUDA_VISIBLE_DEVICES: [0]
[I 2023-12-16 12:09:56,643] Trial 1 finished with value: 0.11251046508550644 and parameters: {'gradient_clip_val': 0.11713389246041608, 'hidden_size': 7, 'dropout': 0.3298683406889579, 'hidden_continuous_size': 7, 'attention_head_size': 1, 'learning_rate': 0.018928824669344067}. Best is trial 0 with value: 0.07703123241662979.
LOCAL_RANK: 0 - CUDA_VISIBLE_DEVICES: [0]
[I 2023-12-16 12:10:32,621] Trial 2 finished with value: 0.07667369395494461 and parameters: {'gradient_clip_val': 0.39378109792529714, 'hidden_size': 5, 'dropout': 0.3534771510854334, 'hidden_continuous_size': 5, 'attention_head_size': 1, 'learning_rate': 0.026116268858489704}. Best is trial 2 with value: 0.07667369395494461.
LOCAL_RANK: 0 - CUDA_VISIBLE_DEVICES: [0]
[I 2023-12-16 12:11:25,953] Trial 3 finished with value: 0.07566970586776733 and parameters: {'gradient_clip_val': 0.7656379612856962, 'hidden_size': 52, 'dropout': 0.18073107867627214, 'hidden_continuous_size': 18, 'attention_head_size': 4, 'learning_rate': 0.015588536955610783}. Best is trial 3 with value: 0.07566970586776733.
LOCAL_RANK: 0 - CUDA_VISIBLE_DEVICES: [0]
[I 2023-12-16 12:12:19,867] Trial 4 finished with value: 0.05161023139953613 and parameters: {'gradient_clip_val': 0.2941285755289899, 'hidden_size': 69, 'dropout': 0.22683139295180593, 'hidden_continuous_size': 15, 'attention_head_size': 2, 'learning_rate': 0.0031089170358573914}. Best is trial 4 with value: 0.05161023139953613.
LOCAL_RANK: 0 - CUDA_VISIBLE_DEVICES: [0]
[I 2023-12-16 12:13:13,341] Trial 5 finished with value: 0.08959666639566422 and parameters: {'gradient_clip_val': 0.9175889406618741, 'hidden_size': 62, 'dropout': 0.2495211849927531, 'hidden_continuous_size': 8, 'attention_head_size': 4, 'learning_rate': 0.0018507740731447894}. Best is trial 4 with value: 0.05161023139953613.
LOCAL_RANK: 0 - CUDA_VISIBLE_DEVICES: [0]
[I 2023-12-16 12:14:06,284] Trial 6 finished with value: 0.13625624775886536 and parameters: {'gradient_clip_val': 0.268223606253327, 'hidden_size': 35, 'dropout': 0.349057937133733, 'hidden_continuous_size': 25, 'attention_head_size': 3, 'learning_rate': 0.0016289314861970517}. Best is trial 4 with value: 0.05161023139953613.
LOCAL_RANK: 0 - CUDA_VISIBLE_DEVICES: [0]
[I 2023-12-16 12:14:56,264] Trial 7 finished with value: 0.05960029363632202 and parameters: {'gradient_clip_val': 0.9642831453499648, 'hidden_size': 23, 'dropout': 0.28561513223856805, 'hidden_continuous_size': 12, 'attention_head_size': 4, 'learning_rate': 0.0401169917752058}. Best is trial 4 with value: 0.05161023139953613.
LOCAL_RANK: 0 - CUDA_VISIBLE_DEVICES: [0]
[I 2023-12-16 12:15:33,339] Trial 8 finished with value: 0.046219706535339355 and parameters: {'gradient_clip_val': 0.42337633037044275, 'hidden_size': 6, 'dropout': 0.3414921790350984, 'hidden_continuous_size': 6, 'attention_head_size': 4, 'learning_rate': 0.07738215357786178}. Best is trial 8 with value: 0.046219706535339355.
LOCAL_RANK: 0 - CUDA_VISIBLE_DEVICES: [0]
[I 2023-12-16 12:16:28,385] Trial 9 finished with value: 0.04675605893135071 and parameters: {'gradient_clip_val': 0.10117031552461991, 'hidden_size': 100, 'dropout': 0.1901225026210523, 'hidden_continuous_size': 32, 'attention_head_size': 2, 'learning_rate': 0.008504406251450032}. Best is trial 8 with value: 0.046219706535339355.
LOCAL_RANK: 0 - CUDA_VISIBLE_DEVICES: [0]
[I 2023-12-16 12:17:14,513] Trial 10 finished with value: 0.062087517231702805 and parameters: {'gradient_clip_val': 0.5066075784787946, 'hidden_size': 13, 'dropout': 0.10466402520867157, 'hidden_continuous_size': 5, 'attention_head_size': 3, 'learning_rate': 0.07489634485446851}. Best is trial 8 with value: 0.046219706535339355.
LOCAL_RANK: 0 - CUDA_VISIBLE_DEVICES: [0]
[I 2023-12-16 12:18:11,028] Trial 11 finished with value: 0.17804069817066193 and parameters: {'gradient_clip_val': 0.19914682524054445, 'hidden_size': 94, 'dropout': 0.38348846799292496, 'hidden_continuous_size': 51, 'attention_head_size': 2, 'learning_rate': 0.0005193792825116265}. Best is trial 8 with value: 0.046219706535339355.
LOCAL_RANK: 0 - CUDA_VISIBLE_DEVICES: [0]
[I 2023-12-16 12:18:56,939] Trial 12 finished with value: 0.08639395236968994 and parameters: {'gradient_clip_val': 0.17619599865620755, 'hidden_size': 13, 'dropout': 0.27217000398801616, 'hidden_continuous_size': 6, 'attention_head_size': 2, 'learning_rate': 0.008880505638030847}. Best is trial 8 with value: 0.046219706535339355.
LOCAL_RANK: 0 - CUDA_VISIBLE_DEVICES: [0]
[I 2023-12-16 12:19:42,159] Trial 13 finished with value: 0.09211798757314682 and parameters: {'gradient_clip_val': 0.4896874395404021, 'hidden_size': 16, 'dropout': 0.29505635153512966, 'hidden_continuous_size': 6, 'attention_head_size': 3, 'learning_rate': 0.09685083688127129}. Best is trial 8 with value: 0.046219706535339355.
LOCAL_RANK: 0 - CUDA_VISIBLE_DEVICES: [0]
[I 2023-12-16 12:20:27,989] Trial 14 finished with value: 0.06938900053501129 and parameters: {'gradient_clip_val': 0.1004033298332042, 'hidden_size': 9, 'dropout': 0.3934053091640092, 'hidden_continuous_size': 5, 'attention_head_size': 2, 'learning_rate': 0.007993476749335484}. Best is trial 8 with value: 0.046219706535339355.
LOCAL_RANK: 0 - CUDA_VISIBLE_DEVICES: [0]
[I 2023-12-16 12:21:19,592] Trial 15 finished with value: 0.0702834203839302 and parameters: {'gradient_clip_val': 0.1783777898768862, 'hidden_size': 38, 'dropout': 0.17507299198445112, 'hidden_continuous_size': 10, 'attention_head_size': 3, 'learning_rate': 0.04885060023437714}. Best is trial 8 with value: 0.046219706535339355.
LOCAL_RANK: 0 - CUDA_VISIBLE_DEVICES: [0]
[I 2023-12-16 12:22:07,569] Trial 16 finished with value: 0.05025716498494148 and parameters: {'gradient_clip_val': 0.24126277659375936, 'hidden_size': 21, 'dropout': 0.31144199446412485, 'hidden_continuous_size': 8, 'attention_head_size': 1, 'learning_rate': 0.05267487445365584}. Best is trial 8 with value: 0.046219706535339355.
LOCAL_RANK: 0 - CUDA_VISIBLE_DEVICES: [0]
[I 2023-12-16 12:23:02,755] Trial 17 finished with value: 0.05290168896317482 and parameters: {'gradient_clip_val': 0.1458921484532525, 'hidden_size': 86, 'dropout': 0.25429391182107935, 'hidden_continuous_size': 32, 'attention_head_size': 3, 'learning_rate': 0.010122509687816014}. Best is trial 8 with value: 0.046219706535339355.
LOCAL_RANK: 0 - CUDA_VISIBLE_DEVICES: [0]
[I 2023-12-16 12:23:39,283] Trial 18 finished with value: 0.4495559632778168 and parameters: {'gradient_clip_val': 0.3418603304962414, 'hidden_size': 5, 'dropout': 0.31725200140643617, 'hidden_continuous_size': 5, 'attention_head_size': 2, 'learning_rate': 0.004734661135614824}. Best is trial 8 with value: 0.046219706535339355.
LOCAL_RANK: 0 - CUDA_VISIBLE_DEVICES: [0]
[I 2023-12-16 12:24:31,311] Trial 19 finished with value: 0.07402809709310532 and parameters: {'gradient_clip_val': 0.2332895915117847, 'hidden_size': 52, 'dropout': 0.354577287691908, 'hidden_continuous_size': 12, 'attention_head_size': 1, 'learning_rate': 0.013496512948727255}. Best is trial 8 with value: 0.046219706535339355.
LOCAL_RANK: 0 - CUDA_VISIBLE_DEVICES: [0]
[I 2023-12-16 12:25:16,936] Trial 20 finished with value: 0.06104229390621185 and parameters: {'gradient_clip_val': 0.14746389690849654, 'hidden_size': 8, 'dropout': 0.22334406975457075, 'hidden_continuous_size': 6, 'attention_head_size': 4, 'learning_rate': 0.030870071571713533}. Best is trial 8 with value: 0.046219706535339355.
LOCAL_RANK: 0 - CUDA_VISIBLE_DEVICES: [0]
[I 2023-12-16 12:26:05,618] Trial 21 finished with value: 0.07491088658571243 and parameters: {'gradient_clip_val': 0.23607489209644986, 'hidden_size': 23, 'dropout': 0.31188477587448, 'hidden_continuous_size': 9, 'attention_head_size': 1, 'learning_rate': 0.06311002099154292}. Best is trial 8 with value: 0.046219706535339355.
LOCAL_RANK: 0 - CUDA_VISIBLE_DEVICES: [0]
[I 2023-12-16 12:26:52,203] Trial 22 finished with value: 0.05512186884880066 and parameters: {'gradient_clip_val': 0.3260874777337131, 'hidden_size': 18, 'dropout': 0.2954327518419586, 'hidden_continuous_size': 7, 'attention_head_size': 1, 'learning_rate': 0.0963886919466543}. Best is trial 8 with value: 0.046219706535339355.
LOCAL_RANK: 0 - CUDA_VISIBLE_DEVICES: [0]
[I 2023-12-16 12:27:41,450] Trial 23 finished with value: 0.059401750564575195 and parameters: {'gradient_clip_val': 0.22932288157218908, 'hidden_size': 25, 'dropout': 0.33367407227723894, 'hidden_continuous_size': 10, 'attention_head_size': 2, 'learning_rate': 0.048120000067510244}. Best is trial 8 with value: 0.046219706535339355.
LOCAL_RANK: 0 - CUDA_VISIBLE_DEVICES: [0]
[I 2023-12-16 12:28:32,853] Trial 24 finished with value: 0.11674591898918152 and parameters: {'gradient_clip_val': 0.4013388147760692, 'hidden_size': 43, 'dropout': 0.3103102769200218, 'hidden_continuous_size': 8, 'attention_head_size': 1, 'learning_rate': 0.06368158480601366}. Best is trial 8 with value: 0.046219706535339355.
LOCAL_RANK: 0 - CUDA_VISIBLE_DEVICES: [0]
[I 2023-12-16 12:29:22,123] Trial 25 finished with value: 0.05389920994639397 and parameters: {'gradient_clip_val': 0.271034082966222, 'hidden_size': 27, 'dropout': 0.3660310433612413, 'hidden_continuous_size': 13, 'attention_head_size': 2, 'learning_rate': 0.021426447640062223}. Best is trial 8 with value: 0.046219706535339355.
LOCAL_RANK: 0 - CUDA_VISIBLE_DEVICES: [0]
[I 2023-12-16 12:30:01,556] Trial 26 finished with value: 0.06847681105136871 and parameters: {'gradient_clip_val': 0.14223830472676963, 'hidden_size': 100, 'dropout': 0.37763870902116625, 'hidden_continuous_size': 100, 'attention_head_size': 3, 'learning_rate': 0.0404365841752294}. Best is trial 8 with value: 0.046219706535339355.
LOCAL_RANK: 0 - CUDA_VISIBLE_DEVICES: [0]
[I 2023-12-16 12:30:50,197] Trial 27 finished with value: 0.1138901636004448 and parameters: {'gradient_clip_val': 0.20094618125338415, 'hidden_size': 32, 'dropout': 0.3356074971295366, 'hidden_continuous_size': 10, 'attention_head_size': 1, 'learning_rate': 0.014159023059863461}. Best is trial 8 with value: 0.046219706535339355.
LOCAL_RANK: 0 - CUDA_VISIBLE_DEVICES: [0]
[I 2023-12-16 12:31:37,801] Trial 28 finished with value: 0.06723325699567795 and parameters: {'gradient_clip_val': 0.5733672126134219, 'hidden_size': 19, 'dropout': 0.3732786762592431, 'hidden_continuous_size': 7, 'attention_head_size': 2, 'learning_rate': 0.030113742451802955}. Best is trial 8 with value: 0.046219706535339355.
LOCAL_RANK: 0 - CUDA_VISIBLE_DEVICES: [0]
[I 2023-12-16 12:32:27,684] Trial 29 finished with value: 0.08480721712112427 and parameters: {'gradient_clip_val': 0.10535709493985555, 'hidden_size': 29, 'dropout': 0.3891863795344213, 'hidden_continuous_size': 9, 'attention_head_size': 4, 'learning_rate': 0.022021131764126983}. Best is trial 8 with value: 0.046219706535339355.
LOCAL_RANK: 0 - CUDA_VISIBLE_DEVICES: [0]
