[I 2023-12-26 16:50:02,134] Trial 11 finished with value: 10.278817176818848 and parameters: {'gradient_clip_val': 0.5498675757821592, 'hidden_size': 11, 'dropout': 0.24753345529418178, 'hidden_continuous_size': 6, 'attention_head_size': 4, 'learning_rate': 0.04109362349211812}. Best is trial 0 with value: 3.0488595962524414.
[I 2023-12-26 16:50:05,079] Trial 12 finished with value: 9.941487312316895 and parameters: {'gradient_clip_val': 0.5288501181631963, 'hidden_size': 27, 'dropout': 0.2012628066433595, 'hidden_continuous_size': 10, 'attention_head_size': 4, 'learning_rate': 0.02933094189378174}. Best is trial 0 with value: 3.0488595962524414.
[I 2023-12-26 16:50:07,323] Trial 13 finished with value: 16.00938606262207 and parameters: {'gradient_clip_val': 0.9672395152157744, 'hidden_size': 6, 'dropout': 0.30700051205805495, 'hidden_continuous_size': 5, 'attention_head_size': 2, 'learning_rate': 0.09939101993143169}. Best is trial 0 with value: 3.0488595962524414.
[I 2023-12-26 16:50:09,678] Trial 14 finished with value: 9.845650672912598 and parameters: {'gradient_clip_val': 0.596939006532101, 'hidden_size': 11, 'dropout': 0.18563881521726414, 'hidden_continuous_size': 6, 'attention_head_size': 3, 'learning_rate': 0.02318366263540017}. Best is trial 0 with value: 3.0488595962524414.
[I 2023-12-26 16:50:12,864] Trial 15 finished with value: 8.979936599731445 and parameters: {'gradient_clip_val': 0.6919127927757408, 'hidden_size': 32, 'dropout': 0.303279418095671, 'hidden_continuous_size': 12, 'attention_head_size': 4, 'learning_rate': 0.017007143331507275}. Best is trial 0 with value: 3.0488595962524414.
[I 2023-12-26 16:50:15,183] Trial 16 finished with value: 11.19765853881836 and parameters: {'gradient_clip_val': 0.4442955385891947, 'hidden_size': 8, 'dropout': 0.25195049818399096, 'hidden_continuous_size': 6, 'attention_head_size': 4, 'learning_rate': 0.04641826345877303}. Best is trial 0 with value: 3.0488595962524414.
[I 2023-12-26 16:50:25,749] Trial 17 finished with value: 11.62775707244873 and parameters: {'gradient_clip_val': 0.9918955319767884, 'hidden_size': 146, 'dropout': 0.10671533489977744, 'hidden_continuous_size': 37, 'attention_head_size': 2, 'learning_rate': 0.09844406217252824}. Best is trial 0 with value: 3.0488595962524414.
[I 2023-12-26 16:50:29,413] Trial 18 finished with value: 10.020398139953613 and parameters: {'gradient_clip_val': 0.4426789208415243, 'hidden_size': 35, 'dropout': 0.34630443853903004, 'hidden_continuous_size': 11, 'attention_head_size': 3, 'learning_rate': 0.03844051102880952}. Best is trial 0 with value: 3.0488595962524414.
[I 2023-12-26 16:50:32,130] Trial 19 finished with value: 11.244998931884766 and parameters: {'gradient_clip_val': 0.6837799115941192, 'hidden_size': 21, 'dropout': 0.22224310006494846, 'hidden_continuous_size': 8, 'attention_head_size': 4, 'learning_rate': 0.011428621641274814}. Best is trial 0 with value: 3.0488595962524414.
[I 2023-12-26 16:50:38,187] Trial 20 finished with value: 10.51673412322998 and parameters: {'gradient_clip_val': 0.8268803214183392, 'hidden_size': 66, 'dropout': 0.16031170349614962, 'hidden_continuous_size': 33, 'attention_head_size': 3, 'learning_rate': 0.02530375447212159}. Best is trial 0 with value: 3.0488595962524414.
[I 2023-12-26 16:50:44,128] Trial 21 finished with value: 12.211097717285156 and parameters: {'gradient_clip_val': 0.8014477192775589, 'hidden_size': 64, 'dropout': 0.49267620305716137, 'hidden_continuous_size': 25, 'attention_head_size': 4, 'learning_rate': 0.05795828977003919}. Best is trial 0 with value: 3.0488595962524414.
[I 2023-12-26 16:50:47,234] Trial 22 finished with value: 10.358949661254883 and parameters: {'gradient_clip_val': 0.6660828843638036, 'hidden_size': 42, 'dropout': 0.42416150724454327, 'hidden_continuous_size': 13, 'attention_head_size': 4, 'learning_rate': 0.05796551854642646}. Best is trial 0 with value: 3.0488595962524414.
[I 2023-12-26 16:50:51,832] Trial 23 finished with value: 11.384699821472168 and parameters: {'gradient_clip_val': 0.8554832948198902, 'hidden_size': 76, 'dropout': 0.3259702208112322, 'hidden_continuous_size': 23, 'attention_head_size': 4, 'learning_rate': 0.06352314091817753}. Best is trial 0 with value: 3.0488595962524414.
[I 2023-12-26 16:50:54,550] Trial 24 finished with value: 11.329070091247559 and parameters: {'gradient_clip_val': 0.7530885477691922, 'hidden_size': 31, 'dropout': 0.285941374255012, 'hidden_continuous_size': 9, 'attention_head_size': 4, 'learning_rate': 0.036431526642402866}. Best is trial 0 with value: 3.0488595962524414.
[I 2023-12-26 16:50:57,730] Trial 25 finished with value: 12.539958953857422 and parameters: {'gradient_clip_val': 0.9959738216994759, 'hidden_size': 48, 'dropout': 0.3475812584820078, 'hidden_continuous_size': 13, 'attention_head_size': 3, 'learning_rate': 0.07417313928578219}. Best is trial 0 with value: 3.0488595962524414.
[I 2023-12-26 16:51:00,429] Trial 26 finished with value: 10.125631332397461 and parameters: {'gradient_clip_val': 0.6514677049286418, 'hidden_size': 26, 'dropout': 0.27680127282110784, 'hidden_continuous_size': 7, 'attention_head_size': 4, 'learning_rate': 0.021840741295355456}. Best is trial 0 with value: 3.0488595962524414.
[I 2023-12-26 16:51:05,521] Trial 27 finished with value: 9.526077270507812 and parameters: {'gradient_clip_val': 0.51489402793084, 'hidden_size': 60, 'dropout': 0.21443554931965822, 'hidden_continuous_size': 34, 'attention_head_size': 3, 'learning_rate': 0.03576185651247482}. Best is trial 0 with value: 3.0488595962524414.
[I 2023-12-26 16:51:09,165] Trial 28 finished with value: 10.858394622802734 and parameters: {'gradient_clip_val': 0.7972635992542886, 'hidden_size': 37, 'dropout': 0.4916750199070567, 'hidden_continuous_size': 14, 'attention_head_size': 4, 'learning_rate': 0.04797342393025407}. Best is trial 0 with value: 3.0488595962524414.
[I 2023-12-26 16:51:13,470] Trial 29 finished with value: 11.91856861114502 and parameters: {'gradient_clip_val': 0.6012217585172922, 'hidden_size': 46, 'dropout': 0.3794641066396831, 'hidden_continuous_size': 17, 'attention_head_size': 3, 'learning_rate': 0.028183409793180042}. Best is trial 0 with value: 3.0488595962524414.
[I 2023-12-26 16:51:17,681] Trial 30 finished with value: 12.923794746398926 and parameters: {'gradient_clip_val': 0.8718284693482857, 'hidden_size': 43, 'dropout': 0.4211145788704379, 'hidden_continuous_size': 20, 'attention_head_size': 2, 'learning_rate': 0.09671876805016116}. Best is trial 0 with value: 3.0488595962524414.
[I 2023-12-26 16:51:20,687] Trial 31 finished with value: 8.53392505645752 and parameters: {'gradient_clip_val': 0.7075748652898711, 'hidden_size': 29, 'dropout': 0.3153961015468711, 'hidden_continuous_size': 11, 'attention_head_size': 4, 'learning_rate': 0.01826525886116786}. Best is trial 0 with value: 3.0488595962524414.
[I 2023-12-26 16:51:24,317] Trial 32 finished with value: 10.76611614227295 and parameters: {'gradient_clip_val': 0.7039587645840927, 'hidden_size': 37, 'dropout': 0.33062322084053664, 'hidden_continuous_size': 11, 'attention_head_size': 4, 'learning_rate': 0.014136278123729895}. Best is trial 0 with value: 3.0488595962524414.
[I 2023-12-26 16:51:26,993] Trial 33 finished with value: 7.961801052093506 and parameters: {'gradient_clip_val': 0.8079008032261579, 'hidden_size': 17, 'dropout': 0.26627029343231917, 'hidden_continuous_size': 9, 'attention_head_size': 4, 'learning_rate': 0.020095060467487918}. Best is trial 0 with value: 3.0488595962524414.
[I 2023-12-26 16:51:29,451] Trial 34 finished with value: 11.068530082702637 and parameters: {'gradient_clip_val': 0.899082754229613, 'hidden_size': 16, 'dropout': 0.2693118162200101, 'hidden_continuous_size': 8, 'attention_head_size': 4, 'learning_rate': 0.010261896018584944}. Best is trial 0 with value: 3.0488595962524414.
[I 2023-12-26 16:51:32,140] Trial 35 finished with value: 8.810866355895996 and parameters: {'gradient_clip_val': 0.8640902537179983, 'hidden_size': 22, 'dropout': 0.2329257021558005, 'hidden_continuous_size': 9, 'attention_head_size': 3, 'learning_rate': 0.019031856281405413}. Best is trial 0 with value: 3.0488595962524414.
[I 2023-12-26 16:51:34,699] Trial 36 finished with value: 7.396953105926514 and parameters: {'gradient_clip_val': 0.6118287610869123, 'hidden_size': 20, 'dropout': 0.24354442025190393, 'hidden_continuous_size': 9, 'attention_head_size': 3, 'learning_rate': 0.007871541642226509}. Best is trial 0 with value: 3.0488595962524414.
[I 2023-12-26 16:51:37,134] Trial 37 finished with value: 9.109652519226074 and parameters: {'gradient_clip_val': 0.5970664846719718, 'hidden_size': 14, 'dropout': 0.26635912897801783, 'hidden_continuous_size': 7, 'attention_head_size': 3, 'learning_rate': 0.0071966734709925356}. Best is trial 0 with value: 3.0488595962524414.
[I 2023-12-26 16:51:39,774] Trial 38 finished with value: 10.710471153259277 and parameters: {'gradient_clip_val': 0.4691794478262723, 'hidden_size': 19, 'dropout': 0.2375860367652586, 'hidden_continuous_size': 10, 'attention_head_size': 1, 'learning_rate': 0.008628944278129677}. Best is trial 0 with value: 3.0488595962524414.
[I 2023-12-26 16:51:42,338] Trial 39 finished with value: 13.807551383972168 and parameters: {'gradient_clip_val': 0.3819257427488041, 'hidden_size': 13, 'dropout': 0.27112026620547525, 'hidden_continuous_size': 9, 'attention_head_size': 3, 'learning_rate': 0.014729497148195186}. Best is trial 0 with value: 3.0488595962524414.
[I 2023-12-26 16:51:44,756] Trial 40 finished with value: 9.635311126708984 and parameters: {'gradient_clip_val': 0.6216069732631334, 'hidden_size': 18, 'dropout': 0.25344327884310414, 'hidden_continuous_size': 8, 'attention_head_size': 2, 'learning_rate': 0.004811453054271201}. Best is trial 0 with value: 3.0488595962524414.
[I 2023-12-26 16:51:47,467] Trial 41 finished with value: 9.39241886138916 and parameters: {'gradient_clip_val': 0.7485220679756304, 'hidden_size': 23, 'dropout': 0.23128195060624313, 'hidden_continuous_size': 9, 'attention_head_size': 3, 'learning_rate': 0.018805927583038843}. Best is trial 0 with value: 3.0488595962524414.
[I 2023-12-26 16:51:49,841] Trial 42 finished with value: 8.745080947875977 and parameters: {'gradient_clip_val': 0.8353205082590167, 'hidden_size': 24, 'dropout': 0.2886156712752409, 'hidden_continuous_size': 10, 'attention_head_size': 3, 'learning_rate': 0.018134825794285638}. Best is trial 0 with value: 3.0488595962524414.
[I 2023-12-26 16:51:52,670] Trial 43 finished with value: 10.078389167785645 and parameters: {'gradient_clip_val': 0.7371574239351327, 'hidden_size': 27, 'dropout': 0.2954084952639972, 'hidden_continuous_size': 10, 'attention_head_size': 3, 'learning_rate': 0.01184348785975403}. Best is trial 0 with value: 3.0488595962524414.
[I 2023-12-26 16:51:54,999] Trial 44 finished with value: 9.150663375854492 and parameters: {'gradient_clip_val': 0.8799002815757206, 'hidden_size': 19, 'dropout': 0.31352905421859506, 'hidden_continuous_size': 11, 'attention_head_size': 4, 'learning_rate': 0.016929692482029853}. Best is trial 0 with value: 3.0488595962524414.
[I 2023-12-26 16:51:57,697] Trial 45 finished with value: 11.933258056640625 and parameters: {'gradient_clip_val': 0.541493344253022, 'hidden_size': 15, 'dropout': 0.2862011108217182, 'hidden_continuous_size': 10, 'attention_head_size': 2, 'learning_rate': 0.028301034443154887}. Best is trial 0 with value: 3.0488595962524414.
[I 2023-12-26 16:51:59,830] Trial 46 finished with value: 11.29282283782959 and parameters: {'gradient_clip_val': 0.6493366127173512, 'hidden_size': 5, 'dropout': 0.25778849673246323, 'hidden_continuous_size': 5, 'attention_head_size': 4, 'learning_rate': 0.005614325054596264}. Best is trial 0 with value: 3.0488595962524414.
[I 2023-12-26 16:52:02,422] Trial 47 finished with value: 9.909797668457031 and parameters: {'gradient_clip_val': 0.78829972839143, 'hidden_size': 12, 'dropout': 0.2893291916191728, 'hidden_continuous_size': 6, 'attention_head_size': 3, 'learning_rate': 0.009060743119452833}. Best is trial 0 with value: 3.0488595962524414.
[I 2023-12-26 16:52:04,834] Trial 48 finished with value: 8.6167631149292 and parameters: {'gradient_clip_val': 0.7053788957860985, 'hidden_size': 10, 'dropout': 0.3177310658973038, 'hidden_continuous_size': 6, 'attention_head_size': 4, 'learning_rate': 0.022108297872827216}. Best is trial 0 with value: 3.0488595962524414.
[I 2023-12-26 16:52:07,328] Trial 49 finished with value: 12.928913116455078 and parameters: {'gradient_clip_val': 0.5686592160227517, 'hidden_size': 9, 'dropout': 0.3187006260710109, 'hidden_continuous_size': 6, 'attention_head_size': 4, 'learning_rate': 0.03153368731620202}. Best is trial 0 with value: 3.0488595962524414.
[I 2023-12-26 16:52:07,518] A new study created in memory with name: no-name-8d432764-935e-45bc-9a23-982dc624ecb8
/home/le004/conda/anaconda3/envs/tsff_env/lib/python3.9/site-packages/lightning/fabric/plugins/environments/slurm.py:191: The `srun` command is available on your system but is not used. HINT: If your intention is to run Lightning on SLURM, prepend your python command with `srun` like so: srun python /home/le004/master_thesis/git/TSFusionForecast/code/ ...
[I 2023-12-26 16:55:01,663] Trial 0 finished with value: 31.38745880126953 and parameters: {'gradient_clip_val': 0.22595506859601347, 'hidden_size': 7, 'dropout': 0.15890406177492367, 'hidden_continuous_size': 7, 'attention_head_size': 1, 'learning_rate': 0.07787636054844845}. Best is trial 0 with value: 31.38745880126953.
[I 2023-12-26 16:55:04,174] Trial 1 finished with value: 81.056884765625 and parameters: {'gradient_clip_val': 0.429078249350347, 'hidden_size': 10, 'dropout': 0.28197095208770206, 'hidden_continuous_size': 9, 'attention_head_size': 4, 'learning_rate': 0.008572084864547738}. Best is trial 0 with value: 31.38745880126953.
[I 2023-12-26 16:55:11,947] Trial 2 finished with value: 56.42173767089844 and parameters: {'gradient_clip_val': 0.5925401822198397, 'hidden_size': 89, 'dropout': 0.146186740092508, 'hidden_continuous_size': 33, 'attention_head_size': 4, 'learning_rate': 0.08463484714084323}. Best is trial 0 with value: 31.38745880126953.
[I 2023-12-26 16:55:14,256] Trial 3 finished with value: 92.92538452148438 and parameters: {'gradient_clip_val': 0.7489176288529338, 'hidden_size': 9, 'dropout': 0.33543918852152027, 'hidden_continuous_size': 8, 'attention_head_size': 1, 'learning_rate': 0.011346161430668734}. Best is trial 0 with value: 31.38745880126953.
[I 2023-12-26 16:55:22,119] Trial 4 finished with value: 76.27692413330078 and parameters: {'gradient_clip_val': 0.725605422520937, 'hidden_size': 92, 'dropout': 0.4769332947965351, 'hidden_continuous_size': 17, 'attention_head_size': 3, 'learning_rate': 0.0034413299665014786}. Best is trial 0 with value: 31.38745880126953.
[I 2023-12-26 16:55:25,964] Trial 5 finished with value: 65.08651733398438 and parameters: {'gradient_clip_val': 0.26888382615787504, 'hidden_size': 42, 'dropout': 0.1840870977054407, 'hidden_continuous_size': 6, 'attention_head_size': 4, 'learning_rate': 0.0018300174156997548}. Best is trial 0 with value: 31.38745880126953.
[I 2023-12-26 16:55:35,598] Trial 6 finished with value: 96.39827728271484 and parameters: {'gradient_clip_val': 0.368154640672032, 'hidden_size': 107, 'dropout': 0.16103812204741513, 'hidden_continuous_size': 69, 'attention_head_size': 2, 'learning_rate': 0.0014668741051816448}. Best is trial 0 with value: 31.38745880126953.
[I 2023-12-26 16:55:41,352] Trial 7 finished with value: 67.77620697021484 and parameters: {'gradient_clip_val': 0.16768146157196737, 'hidden_size': 68, 'dropout': 0.39403689870213177, 'hidden_continuous_size': 10, 'attention_head_size': 3, 'learning_rate': 0.002107321006944739}. Best is trial 0 with value: 31.38745880126953.
[I 2023-12-26 16:55:48,379] Trial 8 finished with value: 64.83023834228516 and parameters: {'gradient_clip_val': 0.2538006987771429, 'hidden_size': 82, 'dropout': 0.21489287023390213, 'hidden_continuous_size': 8, 'attention_head_size': 2, 'learning_rate': 0.017663120404646723}. Best is trial 0 with value: 31.38745880126953.
[I 2023-12-26 16:55:51,110] Trial 9 finished with value: 64.7713394165039 and parameters: {'gradient_clip_val': 0.2577330188246943, 'hidden_size': 19, 'dropout': 0.31862380284063996, 'hidden_continuous_size': 12, 'attention_head_size': 2, 'learning_rate': 0.0013582792526793442}. Best is trial 0 with value: 31.38745880126953.
[I 2023-12-26 16:55:53,190] Trial 10 finished with value: 82.31929779052734 and parameters: {'gradient_clip_val': 0.10473468620727305, 'hidden_size': 5, 'dropout': 0.1371482474225997, 'hidden_continuous_size': 5, 'attention_head_size': 1, 'learning_rate': 0.000510836500258272}. Best is trial 0 with value: 31.38745880126953.
[I 2023-12-26 16:56:04,713] Trial 11 finished with value: 49.6085205078125 and parameters: {'gradient_clip_val': 0.48941622436130205, 'hidden_size': 144, 'dropout': 0.10904254519086368, 'hidden_continuous_size': 33, 'attention_head_size': 4, 'learning_rate': 0.09636671071842523}. Best is trial 0 with value: 31.38745880126953.
[I 2023-12-26 16:56:16,254] Trial 12 finished with value: 64.40960693359375 and parameters: {'gradient_clip_val': 0.483615075375841, 'hidden_size': 145, 'dropout': 0.10762864784856482, 'hidden_continuous_size': 27, 'attention_head_size': 3, 'learning_rate': 0.09937160138980707}. Best is trial 0 with value: 31.38745880126953.
[I 2023-12-26 16:56:19,422] Trial 13 finished with value: 96.09436798095703 and parameters: {'gradient_clip_val': 0.9094257738251956, 'hidden_size': 27, 'dropout': 0.10125679633565723, 'hidden_continuous_size': 6, 'attention_head_size': 1, 'learning_rate': 0.04495002196603034}. Best is trial 0 with value: 31.38745880126953.
[I 2023-12-26 16:56:23,931] Trial 14 finished with value: 77.59194946289062 and parameters: {'gradient_clip_val': 0.33988336985019546, 'hidden_size': 50, 'dropout': 0.22158709772245727, 'hidden_continuous_size': 17, 'attention_head_size': 3, 'learning_rate': 0.030323793557927664}. Best is trial 0 with value: 31.38745880126953.
[I 2023-12-26 16:56:27,075] Trial 15 finished with value: 88.00811767578125 and parameters: {'gradient_clip_val': 0.5034867055720078, 'hidden_size': 26, 'dropout': 0.20735466300512972, 'hidden_continuous_size': 7, 'attention_head_size': 2, 'learning_rate': 0.04603845926472738}. Best is trial 0 with value: 31.38745880126953.
[I 2023-12-26 16:56:39,056] Trial 16 finished with value: 56.61281204223633 and parameters: {'gradient_clip_val': 0.17821451863413296, 'hidden_size': 147, 'dropout': 0.2529020402991978, 'hidden_continuous_size': 37, 'attention_head_size': 1, 'learning_rate': 0.020339592736272394}. Best is trial 0 with value: 31.38745880126953.
[I 2023-12-26 16:56:43,615] Trial 17 finished with value: 69.39566040039062 and parameters: {'gradient_clip_val': 0.35495770477425737, 'hidden_size': 52, 'dropout': 0.16645312033282025, 'hidden_continuous_size': 5, 'attention_head_size': 4, 'learning_rate': 0.06499878319931683}. Best is trial 0 with value: 31.38745880126953.
[I 2023-12-26 16:56:46,246] Trial 18 finished with value: 93.16556549072266 and parameters: {'gradient_clip_val': 0.5787293862670195, 'hidden_size': 15, 'dropout': 0.10504394215294502, 'hidden_continuous_size': 6, 'attention_head_size': 3, 'learning_rate': 0.09961852206511992}. Best is trial 0 with value: 31.38745880126953.
[I 2023-12-26 16:56:50,058] Trial 19 finished with value: 59.757076263427734 and parameters: {'gradient_clip_val': 0.9658313734174047, 'hidden_size': 40, 'dropout': 0.18808556952707278, 'hidden_continuous_size': 11, 'attention_head_size': 2, 'learning_rate': 0.03885139247057007}. Best is trial 0 with value: 31.38745880126953.
[I 2023-12-26 16:56:52,749] Trial 20 finished with value: 65.87309265136719 and parameters: {'gradient_clip_val': 0.41776813248728195, 'hidden_size': 6, 'dropout': 0.2474467667846067, 'hidden_continuous_size': 5, 'attention_head_size': 4, 'learning_rate': 0.058562596649022476}. Best is trial 0 with value: 31.38745880126953.
[I 2023-12-26 16:57:01,626] Trial 21 finished with value: 57.38364028930664 and parameters: {'gradient_clip_val': 0.5711991487821614, 'hidden_size': 104, 'dropout': 0.14635568322672216, 'hidden_continuous_size': 38, 'attention_head_size': 4, 'learning_rate': 0.09788071364573488}. Best is trial 0 with value: 31.38745880126953.
[I 2023-12-26 16:57:13,827] Trial 22 finished with value: 57.09804916381836 and parameters: {'gradient_clip_val': 0.6275166562257792, 'hidden_size': 148, 'dropout': 0.14237282600072362, 'hidden_continuous_size': 57, 'attention_head_size': 4, 'learning_rate': 0.028158106468099058}. Best is trial 0 with value: 31.38745880126953.
[I 2023-12-26 16:57:19,810] Trial 23 finished with value: 72.65824890136719 and parameters: {'gradient_clip_val': 0.4765353176949315, 'hidden_size': 63, 'dropout': 0.13135124640633836, 'hidden_continuous_size': 22, 'attention_head_size': 4, 'learning_rate': 0.060810204350261486}. Best is trial 0 with value: 31.38745880126953.
[I 2023-12-26 16:57:26,358] Trial 24 finished with value: 71.08670806884766 and parameters: {'gradient_clip_val': 0.6394648327045639, 'hidden_size': 74, 'dropout': 0.1629271647274114, 'hidden_continuous_size': 15, 'attention_head_size': 3, 'learning_rate': 0.06641274953186092}. Best is trial 0 with value: 31.38745880126953.
[I 2023-12-26 16:57:36,678] Trial 25 finished with value: 53.38157272338867 and parameters: {'gradient_clip_val': 0.3035801392074657, 'hidden_size': 124, 'dropout': 0.19157381656898104, 'hidden_continuous_size': 27, 'attention_head_size': 4, 'learning_rate': 0.027062855517978667}. Best is trial 0 with value: 31.38745880126953.
