[I 2023-12-26 12:55:49,372] Trial 37 finished with value: 4.391586780548096 and parameters: {'gradient_clip_val': 0.10048818309609854, 'hidden_size': 73, 'dropout': 0.18931012441222925, 'hidden_continuous_size': 18, 'attention_head_size': 4, 'learning_rate': 0.0013863661439310095}. Best is trial 0 with value: 0.055530060082674026.
[I 2023-12-26 12:55:59,197] Trial 38 finished with value: 4.002031326293945 and parameters: {'gradient_clip_val': 0.14505059429571923, 'hidden_size': 125, 'dropout': 0.1709984728012237, 'hidden_continuous_size': 26, 'attention_head_size': 2, 'learning_rate': 0.000520245241192308}. Best is trial 0 with value: 0.055530060082674026.
[I 2023-12-26 12:56:07,453] Trial 39 finished with value: 4.394031047821045 and parameters: {'gradient_clip_val': 0.36487194136187556, 'hidden_size': 101, 'dropout': 0.14362819078974443, 'hidden_continuous_size': 33, 'attention_head_size': 3, 'learning_rate': 0.00606850219019274}. Best is trial 0 with value: 0.055530060082674026.
[I 2023-12-26 12:56:20,376] Trial 40 finished with value: 3.314049005508423 and parameters: {'gradient_clip_val': 0.4502033113927062, 'hidden_size': 146, 'dropout': 0.2094721313203881, 'hidden_continuous_size': 137, 'attention_head_size': 4, 'learning_rate': 0.004651447062490837}. Best is trial 0 with value: 0.055530060082674026.
[I 2023-12-26 12:56:23,862] Trial 41 finished with value: 4.206801891326904 and parameters: {'gradient_clip_val': 0.12016237114837841, 'hidden_size': 36, 'dropout': 0.40115449933675024, 'hidden_continuous_size': 26, 'attention_head_size': 4, 'learning_rate': 0.0021511246376596455}. Best is trial 0 with value: 0.055530060082674026.
[I 2023-12-26 12:56:30,962] Trial 42 finished with value: 4.80346155166626 and parameters: {'gradient_clip_val': 0.13459167510628925, 'hidden_size': 82, 'dropout': 0.23539386035567972, 'hidden_continuous_size': 38, 'attention_head_size': 4, 'learning_rate': 0.008747100135034443}. Best is trial 0 with value: 0.055530060082674026.
[I 2023-12-26 12:56:36,209] Trial 43 finished with value: 4.533675670623779 and parameters: {'gradient_clip_val': 0.1713058100174866, 'hidden_size': 59, 'dropout': 0.3614728003202517, 'hidden_continuous_size': 29, 'attention_head_size': 4, 'learning_rate': 0.006194763117337197}. Best is trial 0 with value: 0.055530060082674026.
[I 2023-12-26 12:56:45,537] Trial 44 finished with value: 4.221807956695557 and parameters: {'gradient_clip_val': 0.10734636057509019, 'hidden_size': 121, 'dropout': 0.3019084508133541, 'hidden_continuous_size': 6, 'attention_head_size': 4, 'learning_rate': 0.0038271603965142034}. Best is trial 0 with value: 0.055530060082674026.
[I 2023-12-26 12:56:51,636] Trial 45 finished with value: 3.9272005558013916 and parameters: {'gradient_clip_val': 0.11588398092642546, 'hidden_size': 70, 'dropout': 0.17289644212710376, 'hidden_continuous_size': 23, 'attention_head_size': 1, 'learning_rate': 0.001736788585092322}. Best is trial 0 with value: 0.055530060082674026.
[I 2023-12-26 12:56:56,406] Trial 46 finished with value: 3.687817335128784 and parameters: {'gradient_clip_val': 0.19391203344453356, 'hidden_size': 52, 'dropout': 0.24610199382375142, 'hidden_continuous_size': 33, 'attention_head_size': 2, 'learning_rate': 0.0009506809901172758}. Best is trial 0 with value: 0.055530060082674026.
[I 2023-12-26 12:57:03,928] Trial 47 finished with value: 5.048519134521484 and parameters: {'gradient_clip_val': 0.13723009091905625, 'hidden_size': 92, 'dropout': 0.3347140742035256, 'hidden_continuous_size': 57, 'attention_head_size': 3, 'learning_rate': 0.0027779472742586707}. Best is trial 0 with value: 0.055530060082674026.
[I 2023-12-26 12:57:12,653] Trial 48 finished with value: 4.4397807121276855 and parameters: {'gradient_clip_val': 0.1134420659579833, 'hidden_size': 104, 'dropout': 0.27740357184560105, 'hidden_continuous_size': 66, 'attention_head_size': 4, 'learning_rate': 0.00893659057034695}. Best is trial 0 with value: 0.055530060082674026.
[I 2023-12-26 12:57:22,919] Trial 49 finished with value: 4.166569232940674 and parameters: {'gradient_clip_val': 0.1578842264884647, 'hidden_size': 129, 'dropout': 0.3018957272242614, 'hidden_continuous_size': 47, 'attention_head_size': 2, 'learning_rate': 0.005088352379250811}. Best is trial 0 with value: 0.055530060082674026.
[I 2023-12-26 12:57:23,054] A new study created in memory with name: no-name-bbb85c9f-97ea-452d-8d96-4958a77a3fe2
/home/le004/conda/anaconda3/envs/tsff_env/lib/python3.9/site-packages/lightning/fabric/plugins/environments/slurm.py:191: The `srun` command is available on your system but is not used. HINT: If your intention is to run Lightning on SLURM, prepend your python command with `srun` like so: srun python /home/le004/master_thesis/git/TSFusionForecast/code/ ...
[I 2023-12-26 13:00:43,997] Trial 0 finished with value: 0.0338752306997776 and parameters: {'gradient_clip_val': 0.1268173850597446, 'hidden_size': 13, 'dropout': 0.2291490450436153, 'hidden_continuous_size': 5, 'attention_head_size': 1, 'learning_rate': 0.03670998572074157}. Best is trial 0 with value: 0.0338752306997776.
[I 2023-12-26 13:00:46,221] Trial 1 finished with value: 1.1680984497070312 and parameters: {'gradient_clip_val': 0.7724590387890745, 'hidden_size': 7, 'dropout': 0.4032732854248522, 'hidden_continuous_size': 6, 'attention_head_size': 3, 'learning_rate': 0.01300518723815528}. Best is trial 0 with value: 0.0338752306997776.
[I 2023-12-26 13:00:49,722] Trial 2 finished with value: 1.5892537832260132 and parameters: {'gradient_clip_val': 0.23994362936846012, 'hidden_size': 40, 'dropout': 0.26802291245107845, 'hidden_continuous_size': 40, 'attention_head_size': 2, 'learning_rate': 0.03544375036920286}. Best is trial 0 with value: 0.0338752306997776.
[I 2023-12-26 13:00:53,754] Trial 3 finished with value: 1.378321647644043 and parameters: {'gradient_clip_val': 0.3259593408726755, 'hidden_size': 46, 'dropout': 0.24908466190821632, 'hidden_continuous_size': 13, 'attention_head_size': 3, 'learning_rate': 0.07375074872470509}. Best is trial 0 with value: 0.0338752306997776.
[I 2023-12-26 13:00:59,883] Trial 4 finished with value: 1.588042140007019 and parameters: {'gradient_clip_val': 0.33858753073187825, 'hidden_size': 71, 'dropout': 0.3189053730505645, 'hidden_continuous_size': 8, 'attention_head_size': 2, 'learning_rate': 0.04617007634198069}. Best is trial 0 with value: 0.0338752306997776.
[I 2023-12-26 13:01:02,964] Trial 5 finished with value: 1.379433035850525 and parameters: {'gradient_clip_val': 0.5260143676097591, 'hidden_size': 28, 'dropout': 0.379142470155411, 'hidden_continuous_size': 19, 'attention_head_size': 4, 'learning_rate': 0.03330962798111884}. Best is trial 0 with value: 0.0338752306997776.
[I 2023-12-26 13:01:05,256] Trial 6 finished with value: 1.4386690855026245 and parameters: {'gradient_clip_val': 0.602447559615562, 'hidden_size': 11, 'dropout': 0.40674295037112784, 'hidden_continuous_size': 5, 'attention_head_size': 3, 'learning_rate': 0.06617507375404093}. Best is trial 0 with value: 0.0338752306997776.
[I 2023-12-26 13:01:10,321] Trial 7 finished with value: 1.0757642984390259 and parameters: {'gradient_clip_val': 0.9689376639159523, 'hidden_size': 62, 'dropout': 0.32167117630562636, 'hidden_continuous_size': 7, 'attention_head_size': 1, 'learning_rate': 0.00133418986118855}. Best is trial 0 with value: 0.0338752306997776.
[I 2023-12-26 13:01:13,031] Trial 8 finished with value: 1.6967010498046875 and parameters: {'gradient_clip_val': 0.723177682193589, 'hidden_size': 23, 'dropout': 0.4034179176131413, 'hidden_continuous_size': 6, 'attention_head_size': 3, 'learning_rate': 0.05161274705689635}. Best is trial 0 with value: 0.0338752306997776.
[I 2023-12-26 13:01:16,390] Trial 9 finished with value: 1.6987375020980835 and parameters: {'gradient_clip_val': 0.2913020249221855, 'hidden_size': 36, 'dropout': 0.3611544574121821, 'hidden_continuous_size': 7, 'attention_head_size': 3, 'learning_rate': 0.0005786021692280506}. Best is trial 0 with value: 0.0338752306997776.
[I 2023-12-26 13:01:18,777] Trial 10 finished with value: 1.5537242889404297 and parameters: {'gradient_clip_val': 0.1012099939104324, 'hidden_size': 14, 'dropout': 0.14193981144724296, 'hidden_continuous_size': 5, 'attention_head_size': 1, 'learning_rate': 0.005899235339841525}. Best is trial 0 with value: 0.0338752306997776.
[I 2023-12-26 13:01:30,635] Trial 11 finished with value: 1.4378925561904907 and parameters: {'gradient_clip_val': 0.95813333989437, 'hidden_size': 140, 'dropout': 0.4646063518076614, 'hidden_continuous_size': 94, 'attention_head_size': 1, 'learning_rate': 0.001823472540003234}. Best is trial 0 with value: 0.0338752306997776.
[I 2023-12-26 13:01:32,881] Trial 12 finished with value: 0.9114013314247131 and parameters: {'gradient_clip_val': 0.14365955097140462, 'hidden_size': 5, 'dropout': 0.21482560176779888, 'hidden_continuous_size': 5, 'attention_head_size': 1, 'learning_rate': 0.004755386279706302}. Best is trial 0 with value: 0.0338752306997776.
[I 2023-12-26 13:01:34,819] Trial 13 finished with value: 1.3247065544128418 and parameters: {'gradient_clip_val': 0.11635582616895286, 'hidden_size': 5, 'dropout': 0.1964195736280906, 'hidden_continuous_size': 5, 'attention_head_size': 1, 'learning_rate': 0.010967396628009527}. Best is trial 0 with value: 0.0338752306997776.
[I 2023-12-26 13:01:36,818] Trial 14 finished with value: 1.059705138206482 and parameters: {'gradient_clip_val': 0.15661130885596455, 'hidden_size': 5, 'dropout': 0.21263016178921781, 'hidden_continuous_size': 5, 'attention_head_size': 2, 'learning_rate': 0.0041323213168923964}. Best is trial 0 with value: 0.0338752306997776.
[I 2023-12-26 13:01:39,046] Trial 15 finished with value: 1.5591135025024414 and parameters: {'gradient_clip_val': 0.15725707053798813, 'hidden_size': 9, 'dropout': 0.1361895847288816, 'hidden_continuous_size': 5, 'attention_head_size': 1, 'learning_rate': 0.015389312447536623}. Best is trial 0 with value: 0.0338752306997776.
[I 2023-12-26 13:01:41,465] Trial 16 finished with value: 1.2737464904785156 and parameters: {'gradient_clip_val': 0.13751877526386588, 'hidden_size': 14, 'dropout': 0.10585967457732273, 'hidden_continuous_size': 6, 'attention_head_size': 2, 'learning_rate': 0.019131312631160274}. Best is trial 0 with value: 0.0338752306997776.
[I 2023-12-26 13:01:43,685] Trial 17 finished with value: 1.1962534189224243 and parameters: {'gradient_clip_val': 0.19439631285585834, 'hidden_size': 7, 'dropout': 0.20308284936176213, 'hidden_continuous_size': 5, 'attention_head_size': 4, 'learning_rate': 0.09226242721727873}. Best is trial 0 with value: 0.0338752306997776.
[I 2023-12-26 13:01:46,135] Trial 18 finished with value: 1.3909274339675903 and parameters: {'gradient_clip_val': 0.12357672827856953, 'hidden_size': 18, 'dropout': 0.2764877844867949, 'hidden_continuous_size': 6, 'attention_head_size': 1, 'learning_rate': 0.024184659398379157}. Best is trial 0 with value: 0.0338752306997776.
[I 2023-12-26 13:01:48,437] Trial 19 finished with value: 1.2382277250289917 and parameters: {'gradient_clip_val': 0.10020428700563613, 'hidden_size': 9, 'dropout': 0.2390206302289747, 'hidden_continuous_size': 5, 'attention_head_size': 2, 'learning_rate': 0.008333560385317448}. Best is trial 0 with value: 0.0338752306997776.
[I 2023-12-26 13:01:50,348] Trial 20 finished with value: 1.1354464292526245 and parameters: {'gradient_clip_val': 0.1841150429565811, 'hidden_size': 5, 'dropout': 0.18555982645836078, 'hidden_continuous_size': 5, 'attention_head_size': 1, 'learning_rate': 0.004620475261694819}. Best is trial 0 with value: 0.0338752306997776.
[I 2023-12-26 13:01:52,345] Trial 21 finished with value: 1.131318211555481 and parameters: {'gradient_clip_val': 0.15212144085819646, 'hidden_size': 5, 'dropout': 0.23173936356227098, 'hidden_continuous_size': 5, 'attention_head_size': 2, 'learning_rate': 0.0037821229950945725}. Best is trial 0 with value: 0.0338752306997776.
[I 2023-12-26 13:01:54,546] Trial 22 finished with value: 1.7860321998596191 and parameters: {'gradient_clip_val': 0.1740685967919725, 'hidden_size': 7, 'dropout': 0.21844070292386703, 'hidden_continuous_size': 5, 'attention_head_size': 2, 'learning_rate': 0.008011041390101706}. Best is trial 0 with value: 0.0338752306997776.
[I 2023-12-26 13:01:56,492] Trial 23 finished with value: 1.1398738622665405 and parameters: {'gradient_clip_val': 0.12432767695185544, 'hidden_size': 5, 'dropout': 0.18301285500520537, 'hidden_continuous_size': 5, 'attention_head_size': 1, 'learning_rate': 0.003267500902244484}. Best is trial 0 with value: 0.0338752306997776.
[I 2023-12-26 13:01:59,034] Trial 24 finished with value: 1.300453782081604 and parameters: {'gradient_clip_val': 0.14295330083906593, 'hidden_size': 9, 'dropout': 0.2851093924444618, 'hidden_continuous_size': 5, 'attention_head_size': 2, 'learning_rate': 0.009380779056107184}. Best is trial 0 with value: 0.0338752306997776.
[I 2023-12-26 13:02:01,407] Trial 25 finished with value: 1.2112411260604858 and parameters: {'gradient_clip_val': 0.20870933964136726, 'hidden_size': 14, 'dropout': 0.16652611622973332, 'hidden_continuous_size': 6, 'attention_head_size': 1, 'learning_rate': 0.006075480123856703}. Best is trial 0 with value: 0.0338752306997776.
[I 2023-12-26 13:02:03,571] Trial 26 finished with value: 1.3539878129959106 and parameters: {'gradient_clip_val': 0.15844715691455527, 'hidden_size': 6, 'dropout': 0.22085137233205349, 'hidden_continuous_size': 5, 'attention_head_size': 2, 'learning_rate': 0.020982236960147754}. Best is trial 0 with value: 0.0338752306997776.
[I 2023-12-26 13:02:05,882] Trial 27 finished with value: 1.6198590993881226 and parameters: {'gradient_clip_val': 0.12927852366429018, 'hidden_size': 11, 'dropout': 0.2516120197296649, 'hidden_continuous_size': 6, 'attention_head_size': 1, 'learning_rate': 0.013772951848192456}. Best is trial 0 with value: 0.0338752306997776.
[I 2023-12-26 13:02:07,997] Trial 28 finished with value: 1.284201741218567 and parameters: {'gradient_clip_val': 0.22589313921096943, 'hidden_size': 6, 'dropout': 0.2142273273434438, 'hidden_continuous_size': 5, 'attention_head_size': 1, 'learning_rate': 0.0029500770915848705}. Best is trial 0 with value: 0.0338752306997776.
[I 2023-12-26 13:02:10,201] Trial 29 finished with value: 1.1038528680801392 and parameters: {'gradient_clip_val': 0.17151125466979486, 'hidden_size': 7, 'dropout': 0.16981292015374239, 'hidden_continuous_size': 5, 'attention_head_size': 2, 'learning_rate': 0.013295403758041387}. Best is trial 0 with value: 0.0338752306997776.
[I 2023-12-26 13:02:12,405] Trial 30 finished with value: 1.3206433057785034 and parameters: {'gradient_clip_val': 0.13896782936983365, 'hidden_size': 8, 'dropout': 0.2619236125428395, 'hidden_continuous_size': 5, 'attention_head_size': 4, 'learning_rate': 0.006029968710950759}. Best is trial 0 with value: 0.0338752306997776.
[I 2023-12-26 13:02:14,954] Trial 31 finished with value: 1.5657192468643188 and parameters: {'gradient_clip_val': 0.45432978777103833, 'hidden_size': 20, 'dropout': 0.3071523622189546, 'hidden_continuous_size': 7, 'attention_head_size': 1, 'learning_rate': 0.0021100063457980527}. Best is trial 0 with value: 0.0338752306997776.
[I 2023-12-26 13:02:17,072] Trial 32 finished with value: 1.335342288017273 and parameters: {'gradient_clip_val': 0.20244491694741437, 'hidden_size': 6, 'dropout': 0.2923007313653528, 'hidden_continuous_size': 5, 'attention_head_size': 1, 'learning_rate': 0.001366801788911523}. Best is trial 0 with value: 0.0338752306997776.
[I 2023-12-26 13:02:19,369] Trial 33 finished with value: 1.339196801185608 and parameters: {'gradient_clip_val': 0.2647427596710423, 'hidden_size': 11, 'dropout': 0.24592489218277003, 'hidden_continuous_size': 6, 'attention_head_size': 1, 'learning_rate': 0.004550668441966039}. Best is trial 0 with value: 0.0338752306997776.
[I 2023-12-26 13:02:24,111] Trial 34 finished with value: 1.6706814765930176 and parameters: {'gradient_clip_val': 0.24498543900115466, 'hidden_size': 57, 'dropout': 0.32277830469775504, 'hidden_continuous_size': 9, 'attention_head_size': 2, 'learning_rate': 0.009295045004870044}. Best is trial 0 with value: 0.0338752306997776.
[I 2023-12-26 13:02:27,357] Trial 35 finished with value: 1.39557683467865 and parameters: {'gradient_clip_val': 0.3822413684037148, 'hidden_size': 35, 'dropout': 0.2595222937235916, 'hidden_continuous_size': 9, 'attention_head_size': 1, 'learning_rate': 0.0023116691872291186}. Best is trial 0 with value: 0.0338752306997776.
[I 2023-12-26 13:02:30,752] Trial 36 finished with value: 1.2160667181015015 and parameters: {'gradient_clip_val': 0.22833960204406034, 'hidden_size': 30, 'dropout': 0.22363985456718016, 'hidden_continuous_size': 7, 'attention_head_size': 2, 'learning_rate': 0.0012545070468469365}. Best is trial 0 with value: 0.0338752306997776.
[I 2023-12-26 13:02:33,525] Trial 37 finished with value: 1.5579943656921387 and parameters: {'gradient_clip_val': 0.3510346367444391, 'hidden_size': 26, 'dropout': 0.27271357312527866, 'hidden_continuous_size': 7, 'attention_head_size': 1, 'learning_rate': 0.03877073795422376}. Best is trial 0 with value: 0.0338752306997776.
[I 2023-12-26 13:02:37,470] Trial 38 finished with value: 1.273939847946167 and parameters: {'gradient_clip_val': 0.286999767696604, 'hidden_size': 46, 'dropout': 0.33451352769844783, 'hidden_continuous_size': 11, 'attention_head_size': 3, 'learning_rate': 0.0045266480309100994}. Best is trial 0 with value: 0.0338752306997776.
[I 2023-12-26 13:02:39,966] Trial 39 finished with value: 1.243108868598938 and parameters: {'gradient_clip_val': 0.11060178332050588, 'hidden_size': 19, 'dropout': 0.29965781215054554, 'hidden_continuous_size': 8, 'attention_head_size': 2, 'learning_rate': 0.03299012151303109}. Best is trial 0 with value: 0.0338752306997776.
[I 2023-12-26 13:02:47,026] Trial 40 finished with value: 1.4113178253173828 and parameters: {'gradient_clip_val': 0.6642080577798612, 'hidden_size': 79, 'dropout': 0.24798929540771997, 'hidden_continuous_size': 15, 'attention_head_size': 3, 'learning_rate': 0.05722106487848867}. Best is trial 0 with value: 0.0338752306997776.
[I 2023-12-26 13:02:49,213] Trial 41 finished with value: 1.1853221654891968 and parameters: {'gradient_clip_val': 0.15489049075955605, 'hidden_size': 6, 'dropout': 0.17217412680216482, 'hidden_continuous_size': 5, 'attention_head_size': 2, 'learning_rate': 0.012119853403834438}. Best is trial 0 with value: 0.0338752306997776.
[I 2023-12-26 13:02:51,336] Trial 42 finished with value: 0.9615235328674316 and parameters: {'gradient_clip_val': 0.17875717729268464, 'hidden_size': 8, 'dropout': 0.20251571381966604, 'hidden_continuous_size': 5, 'attention_head_size': 2, 'learning_rate': 0.007246295358285499}. Best is trial 0 with value: 0.0338752306997776.
[I 2023-12-26 13:02:53,299] Trial 43 finished with value: 0.8362184166908264 and parameters: {'gradient_clip_val': 0.11154747139887769, 'hidden_size': 5, 'dropout': 0.20349926120611822, 'hidden_continuous_size': 5, 'attention_head_size': 1, 'learning_rate': 0.007411643300434962}. Best is trial 0 with value: 0.0338752306997776.
[I 2023-12-26 13:02:55,278] Trial 44 finished with value: 1.3349055051803589 and parameters: {'gradient_clip_val': 0.1115113849578094, 'hidden_size': 5, 'dropout': 0.20741941910692238, 'hidden_continuous_size': 5, 'attention_head_size': 2, 'learning_rate': 0.00726811788857633}. Best is trial 0 with value: 0.0338752306997776.
[I 2023-12-26 13:02:57,375] Trial 45 finished with value: 1.746444821357727 and parameters: {'gradient_clip_val': 0.13203268010443778, 'hidden_size': 8, 'dropout': 0.19771107093641327, 'hidden_continuous_size': 5, 'attention_head_size': 1, 'learning_rate': 0.010294717047699289}. Best is trial 0 with value: 0.0338752306997776.
[I 2023-12-26 13:02:59,572] Trial 46 finished with value: 1.5732975006103516 and parameters: {'gradient_clip_val': 0.11382259273389629, 'hidden_size': 6, 'dropout': 0.22953397755423643, 'hidden_continuous_size': 5, 'attention_head_size': 3, 'learning_rate': 0.007011734344667412}. Best is trial 0 with value: 0.0338752306997776.
[I 2023-12-26 13:03:01,568] Trial 47 finished with value: 1.1619489192962646 and parameters: {'gradient_clip_val': 0.17697012153314046, 'hidden_size': 5, 'dropout': 0.19618104226707914, 'hidden_continuous_size': 5, 'attention_head_size': 1, 'learning_rate': 0.01741904588776721}. Best is trial 0 with value: 0.0338752306997776.
[I 2023-12-26 13:03:03,989] Trial 48 finished with value: 1.2841581106185913 and parameters: {'gradient_clip_val': 0.13942905756846705, 'hidden_size': 8, 'dropout': 0.23602815569191452, 'hidden_continuous_size': 6, 'attention_head_size': 2, 'learning_rate': 0.028183396601677367}. Best is trial 0 with value: 0.0338752306997776.
[I 2023-12-26 13:03:06,107] Trial 49 finished with value: 1.1957393884658813 and parameters: {'gradient_clip_val': 0.12221849736409739, 'hidden_size': 6, 'dropout': 0.268207343751782, 'hidden_continuous_size': 5, 'attention_head_size': 1, 'learning_rate': 0.04740962872906836}. Best is trial 0 with value: 0.0338752306997776.
[I 2023-12-26 13:03:06,244] A new study created in memory with name: no-name-d013fac1-49b9-4937-bc00-c56733b8f32d
/home/le004/conda/anaconda3/envs/tsff_env/lib/python3.9/site-packages/lightning/fabric/plugins/environments/slurm.py:191: The `srun` command is available on your system but is not used. HINT: If your intention is to run Lightning on SLURM, prepend your python command with `srun` like so: srun python /home/le004/master_thesis/git/TSFusionForecast/code/ ...
[I 2023-12-26 13:15:45,204] Trial 0 finished with value: 0.3584578037261963 and parameters: {'gradient_clip_val': 0.10303801889723971, 'hidden_size': 139, 'dropout': 0.2727595043525951, 'hidden_continuous_size': 15, 'attention_head_size': 3, 'learning_rate': 0.008170879395014355}. Best is trial 0 with value: 0.3584578037261963.
