[I 2023-12-26 14:50:37,396] Trial 49 finished with value: 960.6985473632812 and parameters: {'gradient_clip_val': 0.8942348145049431, 'hidden_size': 112, 'dropout': 0.11725949198607324, 'hidden_continuous_size': 16, 'attention_head_size': 1, 'learning_rate': 0.012172900250647633}. Best is trial 0 with value: 238.4287109375.
[I 2023-12-26 14:50:37,545] A new study created in memory with name: no-name-04b23147-a4a2-406c-995c-529c383fd0cf
/home/le004/conda/anaconda3/envs/tsff_env/lib/python3.9/site-packages/lightning/fabric/plugins/environments/slurm.py:191: The `srun` command is available on your system but is not used. HINT: If your intention is to run Lightning on SLURM, prepend your python command with `srun` like so: srun python /home/le004/master_thesis/git/TSFusionForecast/code/ ...
[I 2023-12-26 14:59:34,497] Trial 0 finished with value: 1654.44580078125 and parameters: {'gradient_clip_val': 0.1741060942817253, 'hidden_size': 99, 'dropout': 0.257066110803683, 'hidden_continuous_size': 5, 'attention_head_size': 2, 'learning_rate': 0.0012459173020595371}. Best is trial 0 with value: 1654.44580078125.
[I 2023-12-26 14:59:37,440] Trial 1 finished with value: 3438.035400390625 and parameters: {'gradient_clip_val': 0.28039103073432003, 'hidden_size': 33, 'dropout': 0.3376108732917059, 'hidden_continuous_size': 28, 'attention_head_size': 4, 'learning_rate': 0.009699936102550948}. Best is trial 0 with value: 1654.44580078125.
[I 2023-12-26 14:59:40,754] Trial 2 finished with value: 2606.983154296875 and parameters: {'gradient_clip_val': 0.12479752216297893, 'hidden_size': 53, 'dropout': 0.4904698819806692, 'hidden_continuous_size': 10, 'attention_head_size': 4, 'learning_rate': 0.0009069545746640638}. Best is trial 0 with value: 1654.44580078125.
[I 2023-12-26 14:59:42,864] Trial 3 finished with value: 2525.6962890625 and parameters: {'gradient_clip_val': 0.977967408723059, 'hidden_size': 15, 'dropout': 0.33994151956818575, 'hidden_continuous_size': 7, 'attention_head_size': 1, 'learning_rate': 0.0016492234858338857}. Best is trial 0 with value: 1654.44580078125.
[I 2023-12-26 14:59:44,952] Trial 4 finished with value: 3540.534912109375 and parameters: {'gradient_clip_val': 0.1724691602687047, 'hidden_size': 14, 'dropout': 0.26961301605054533, 'hidden_continuous_size': 7, 'attention_head_size': 2, 'learning_rate': 0.0008000714488395906}. Best is trial 0 with value: 1654.44580078125.
[I 2023-12-26 14:59:50,171] Trial 5 finished with value: 3102.41796875 and parameters: {'gradient_clip_val': 0.20603751871836062, 'hidden_size': 83, 'dropout': 0.39998547622405356, 'hidden_continuous_size': 23, 'attention_head_size': 1, 'learning_rate': 0.011251630431944196}. Best is trial 0 with value: 1654.44580078125.
[I 2023-12-26 14:59:55,816] Trial 6 finished with value: 2465.264404296875 and parameters: {'gradient_clip_val': 0.11418757376880555, 'hidden_size': 90, 'dropout': 0.19638210294406952, 'hidden_continuous_size': 9, 'attention_head_size': 2, 'learning_rate': 0.03741064661463604}. Best is trial 0 with value: 1654.44580078125.
[I 2023-12-26 14:59:57,825] Trial 7 finished with value: 3024.068359375 and parameters: {'gradient_clip_val': 0.27169501413695135, 'hidden_size': 11, 'dropout': 0.2089667274326843, 'hidden_continuous_size': 6, 'attention_head_size': 1, 'learning_rate': 0.002034091744062167}. Best is trial 0 with value: 1654.44580078125.
[I 2023-12-26 14:59:59,923] Trial 8 finished with value: 1993.3233642578125 and parameters: {'gradient_clip_val': 0.548721623104384, 'hidden_size': 11, 'dropout': 0.37976904906949316, 'hidden_continuous_size': 11, 'attention_head_size': 4, 'learning_rate': 0.0019250469024930585}. Best is trial 0 with value: 1654.44580078125.
[I 2023-12-26 15:00:02,315] Trial 9 finished with value: 2402.169189453125 and parameters: {'gradient_clip_val': 0.43764757631055656, 'hidden_size': 15, 'dropout': 0.19441752448749697, 'hidden_continuous_size': 7, 'attention_head_size': 4, 'learning_rate': 0.009691834721942627}. Best is trial 0 with value: 1654.44580078125.
[I 2023-12-26 15:00:11,706] Trial 10 finished with value: 2655.960693359375 and parameters: {'gradient_clip_val': 0.1698916003028113, 'hidden_size': 135, 'dropout': 0.11001166938668991, 'hidden_continuous_size': 102, 'attention_head_size': 3, 'learning_rate': 0.000591282317401897}. Best is trial 0 with value: 1654.44580078125.
[I 2023-12-26 15:00:13,518] Trial 11 finished with value: 2360.191162109375 and parameters: {'gradient_clip_val': 0.47115204489369167, 'hidden_size': 5, 'dropout': 0.404091826390238, 'hidden_continuous_size': 5, 'attention_head_size': 3, 'learning_rate': 0.0029377160493335654}. Best is trial 0 with value: 1654.44580078125.
[I 2023-12-26 15:00:16,132] Trial 12 finished with value: 3799.953369140625 and parameters: {'gradient_clip_val': 0.5094621349936589, 'hidden_size': 36, 'dropout': 0.2781763448171377, 'hidden_continuous_size': 5, 'attention_head_size': 3, 'learning_rate': 0.0034665391360415615}. Best is trial 0 with value: 1654.44580078125.
[I 2023-12-26 15:00:18,708] Trial 13 finished with value: 3035.953125 and parameters: {'gradient_clip_val': 0.7456673349357111, 'hidden_size': 25, 'dropout': 0.4030000748750296, 'hidden_continuous_size': 5, 'attention_head_size': 2, 'learning_rate': 0.0012701184093616524}. Best is trial 0 with value: 1654.44580078125.
[I 2023-12-26 15:00:22,348] Trial 14 finished with value: 2360.910400390625 and parameters: {'gradient_clip_val': 0.31313545800099785, 'hidden_size': 60, 'dropout': 0.33540833078764515, 'hidden_continuous_size': 12, 'attention_head_size': 3, 'learning_rate': 0.0005108022485520108}. Best is trial 0 with value: 1654.44580078125.
[I 2023-12-26 15:00:30,693] Trial 15 finished with value: 2418.250244140625 and parameters: {'gradient_clip_val': 0.39900300455533333, 'hidden_size': 138, 'dropout': 0.4868028758175399, 'hidden_continuous_size': 14, 'attention_head_size': 2, 'learning_rate': 0.004402913992629431}. Best is trial 0 with value: 1654.44580078125.
[I 2023-12-26 15:00:32,752] Trial 16 finished with value: 2980.165771484375 and parameters: {'gradient_clip_val': 0.10131687095766641, 'hidden_size': 9, 'dropout': 0.2372334033434954, 'hidden_continuous_size': 5, 'attention_head_size': 4, 'learning_rate': 0.0014009239510164272}. Best is trial 0 with value: 1654.44580078125.
[I 2023-12-26 15:00:35,093] Trial 17 finished with value: 3182.220703125 and parameters: {'gradient_clip_val': 0.6044658897543638, 'hidden_size': 25, 'dropout': 0.29595280047050215, 'hidden_continuous_size': 8, 'attention_head_size': 3, 'learning_rate': 0.0022079591238643795}. Best is trial 0 with value: 1654.44580078125.
[I 2023-12-26 15:00:36,857] Trial 18 finished with value: 3520.717529296875 and parameters: {'gradient_clip_val': 0.3377730371885984, 'hidden_size': 5, 'dropout': 0.36699492401402134, 'hidden_continuous_size': 5, 'attention_head_size': 2, 'learning_rate': 0.0009492794327777373}. Best is trial 0 with value: 1654.44580078125.
[I 2023-12-26 15:00:39,042] Trial 19 finished with value: 2600.756103515625 and parameters: {'gradient_clip_val': 0.22354859509570832, 'hidden_size': 21, 'dropout': 0.4444098369570879, 'hidden_continuous_size': 6, 'attention_head_size': 1, 'learning_rate': 0.004736077429802911}. Best is trial 0 with value: 1654.44580078125.
[I 2023-12-26 15:00:41,795] Trial 20 finished with value: 2454.520263671875 and parameters: {'gradient_clip_val': 0.5726265613432042, 'hidden_size': 38, 'dropout': 0.31288900181538964, 'hidden_continuous_size': 10, 'attention_head_size': 4, 'learning_rate': 0.0023599470369224805}. Best is trial 0 with value: 1654.44580078125.
[I 2023-12-26 15:00:43,595] Trial 21 finished with value: 2997.824462890625 and parameters: {'gradient_clip_val': 0.4019669401991078, 'hidden_size': 5, 'dropout': 0.38790234622606, 'hidden_continuous_size': 5, 'attention_head_size': 3, 'learning_rate': 0.002909340611276631}. Best is trial 0 with value: 1654.44580078125.
[I 2023-12-26 15:00:45,564] Trial 22 finished with value: 3071.060302734375 and parameters: {'gradient_clip_val': 0.4887222619290386, 'hidden_size': 7, 'dropout': 0.439215072486325, 'hidden_continuous_size': 5, 'attention_head_size': 3, 'learning_rate': 0.001359876866066229}. Best is trial 0 with value: 1654.44580078125.
[I 2023-12-26 15:00:47,516] Trial 23 finished with value: 2999.370849609375 and parameters: {'gradient_clip_val': 0.3639006395687049, 'hidden_size': 7, 'dropout': 0.3606156816173392, 'hidden_continuous_size': 5, 'attention_head_size': 2, 'learning_rate': 0.0055756893342389134}. Best is trial 0 with value: 1654.44580078125.
[I 2023-12-26 15:00:49,484] Trial 24 finished with value: 3188.932373046875 and parameters: {'gradient_clip_val': 0.6698298084686823, 'hidden_size': 7, 'dropout': 0.42979015597622505, 'hidden_continuous_size': 5, 'attention_head_size': 4, 'learning_rate': 0.003281964381277977}. Best is trial 0 with value: 1654.44580078125.
[I 2023-12-26 15:00:51,957] Trial 25 finished with value: 2535.00537109375 and parameters: {'gradient_clip_val': 0.4786064661035817, 'hidden_size': 20, 'dropout': 0.3617561692907445, 'hidden_continuous_size': 6, 'attention_head_size': 3, 'learning_rate': 0.001958699476799295}. Best is trial 0 with value: 1654.44580078125.
[I 2023-12-26 15:00:54,003] Trial 26 finished with value: 2971.182861328125 and parameters: {'gradient_clip_val': 0.3484941504803037, 'hidden_size': 11, 'dropout': 0.31194603736023085, 'hidden_continuous_size': 6, 'attention_head_size': 2, 'learning_rate': 0.00109747581111784}. Best is trial 0 with value: 1654.44580078125.
[I 2023-12-26 15:00:55,798] Trial 27 finished with value: 2890.9560546875 and parameters: {'gradient_clip_val': 0.42576441080136024, 'hidden_size': 5, 'dropout': 0.4151416488396533, 'hidden_continuous_size': 5, 'attention_head_size': 3, 'learning_rate': 0.0007620811571200029}. Best is trial 0 with value: 1654.44580078125.
[I 2023-12-26 15:00:57,726] Trial 28 finished with value: 3306.999267578125 and parameters: {'gradient_clip_val': 0.5291818639474191, 'hidden_size': 8, 'dropout': 0.4682138059771618, 'hidden_continuous_size': 5, 'attention_head_size': 4, 'learning_rate': 0.0028645193356414455}. Best is trial 0 with value: 1654.44580078125.
[I 2023-12-26 15:00:59,701] Trial 29 finished with value: 2650.791259765625 and parameters: {'gradient_clip_val': 0.27211011868706547, 'hidden_size': 6, 'dropout': 0.45677982981851145, 'hidden_continuous_size': 5, 'attention_head_size': 4, 'learning_rate': 0.0016040887554125468}. Best is trial 0 with value: 1654.44580078125.
[I 2023-12-26 15:01:01,784] Trial 30 finished with value: 3129.906005859375 and parameters: {'gradient_clip_val': 0.7516309222828969, 'hidden_size': 10, 'dropout': 0.3891099893127944, 'hidden_continuous_size': 6, 'attention_head_size': 3, 'learning_rate': 0.001137889801598444}. Best is trial 0 with value: 1654.44580078125.
[I 2023-12-26 15:01:04,685] Trial 31 finished with value: 3046.598388671875 and parameters: {'gradient_clip_val': 0.3136643301716017, 'hidden_size': 48, 'dropout': 0.3286621225684889, 'hidden_continuous_size': 13, 'attention_head_size': 3, 'learning_rate': 0.0006405111580135802}. Best is trial 0 with value: 1654.44580078125.
[I 2023-12-26 15:01:08,673] Trial 32 finished with value: 2962.986572265625 and parameters: {'gradient_clip_val': 0.3048610103595799, 'hidden_size': 67, 'dropout': 0.3485999140570194, 'hidden_continuous_size': 12, 'attention_head_size': 3, 'learning_rate': 0.0005491872748890456}. Best is trial 0 with value: 1654.44580078125.
[I 2023-12-26 15:01:11,809] Trial 33 finished with value: 2712.149169921875 and parameters: {'gradient_clip_val': 0.1464889587932528, 'hidden_size': 50, 'dropout': 0.3292323527742743, 'hidden_continuous_size': 11, 'attention_head_size': 4, 'learning_rate': 0.0005170030107193097}. Best is trial 0 with value: 1654.44580078125.
[I 2023-12-26 15:01:14,355] Trial 34 finished with value: 3052.053466796875 and parameters: {'gradient_clip_val': 0.256275116500341, 'hidden_size': 31, 'dropout': 0.36916857159923366, 'hidden_continuous_size': 8, 'attention_head_size': 2, 'learning_rate': 0.0008133719714403365}. Best is trial 0 with value: 1654.44580078125.
[I 2023-12-26 15:01:16,464] Trial 35 finished with value: 2854.468505859375 and parameters: {'gradient_clip_val': 0.22828157057393483, 'hidden_size': 13, 'dropout': 0.3822781518875588, 'hidden_continuous_size': 7, 'attention_head_size': 2, 'learning_rate': 0.000961685688266962}. Best is trial 0 with value: 1654.44580078125.
[I 2023-12-26 15:01:22,542] Trial 36 finished with value: 2507.655029296875 and parameters: {'gradient_clip_val': 0.3628943558104554, 'hidden_size': 99, 'dropout': 0.4160755299646611, 'hidden_continuous_size': 16, 'attention_head_size': 3, 'learning_rate': 0.001564134209077545}. Best is trial 0 with value: 1654.44580078125.
[I 2023-12-26 15:01:26,366] Trial 37 finished with value: 3133.788330078125 and parameters: {'gradient_clip_val': 0.18865767416345064, 'hidden_size': 64, 'dropout': 0.33859726621860564, 'hidden_continuous_size': 9, 'attention_head_size': 1, 'learning_rate': 0.0007856424721386729}. Best is trial 0 with value: 1654.44580078125.
[I 2023-12-26 15:01:32,801] Trial 38 finished with value: 3174.931396484375 and parameters: {'gradient_clip_val': 0.1417600029260835, 'hidden_size': 103, 'dropout': 0.291269715246869, 'hidden_continuous_size': 17, 'attention_head_size': 4, 'learning_rate': 0.0018198055172130064}. Best is trial 0 with value: 1654.44580078125.
[I 2023-12-26 15:01:37,284] Trial 39 finished with value: 3260.880615234375 and parameters: {'gradient_clip_val': 0.2950848763302377, 'hidden_size': 75, 'dropout': 0.270322048690319, 'hidden_continuous_size': 11, 'attention_head_size': 2, 'learning_rate': 0.0010953154555033678}. Best is trial 0 with value: 1654.44580078125.
[I 2023-12-26 15:01:39,423] Trial 40 finished with value: 3090.373291015625 and parameters: {'gradient_clip_val': 0.24927186186011094, 'hidden_size': 18, 'dropout': 0.40909305068856655, 'hidden_continuous_size': 8, 'attention_head_size': 3, 'learning_rate': 0.0006887104990919744}. Best is trial 0 with value: 1654.44580078125.
[I 2023-12-26 15:01:41,621] Trial 41 finished with value: 2621.9892578125 and parameters: {'gradient_clip_val': 0.45129635653954825, 'hidden_size': 14, 'dropout': 0.2508631727307805, 'hidden_continuous_size': 7, 'attention_head_size': 4, 'learning_rate': 0.008938043348213234}. Best is trial 0 with value: 1654.44580078125.
[I 2023-12-26 15:01:43,726] Trial 42 finished with value: 2279.854248046875 and parameters: {'gradient_clip_val': 0.4367832592356459, 'hidden_size': 12, 'dropout': 0.18246237870015675, 'hidden_continuous_size': 7, 'attention_head_size': 4, 'learning_rate': 0.0070624599451298556}. Best is trial 0 with value: 1654.44580078125.
[I 2023-12-26 15:01:45,885] Trial 43 finished with value: 2605.5341796875 and parameters: {'gradient_clip_val': 0.4077075656013013, 'hidden_size': 17, 'dropout': 0.17812548655293253, 'hidden_continuous_size': 10, 'attention_head_size': 4, 'learning_rate': 0.006904528421238693}. Best is trial 0 with value: 1654.44580078125.
[I 2023-12-26 15:01:47,971] Trial 44 finished with value: 2516.702880859375 and parameters: {'gradient_clip_val': 0.4724969997244826, 'hidden_size': 11, 'dropout': 0.15895269494553504, 'hidden_continuous_size': 6, 'attention_head_size': 4, 'learning_rate': 0.017908153273999083}. Best is trial 0 with value: 1654.44580078125.
[I 2023-12-26 15:01:50,133] Trial 45 finished with value: 2486.062744140625 and parameters: {'gradient_clip_val': 0.551095705318353, 'hidden_size': 13, 'dropout': 0.23111350983181492, 'hidden_continuous_size': 7, 'attention_head_size': 4, 'learning_rate': 0.0024825787445555913}. Best is trial 0 with value: 1654.44580078125.
[I 2023-12-26 15:01:52,168] Trial 46 finished with value: 2244.60400390625 and parameters: {'gradient_clip_val': 0.3802982498118639, 'hidden_size': 9, 'dropout': 0.28092961369936936, 'hidden_continuous_size': 6, 'attention_head_size': 3, 'learning_rate': 0.0017967631278985338}. Best is trial 0 with value: 1654.44580078125.
[I 2023-12-26 15:01:54,084] Trial 47 finished with value: 3140.684326171875 and parameters: {'gradient_clip_val': 0.38945670891639894, 'hidden_size': 8, 'dropout': 0.2512094515361847, 'hidden_continuous_size': 6, 'attention_head_size': 2, 'learning_rate': 0.004130276325829979}. Best is trial 0 with value: 1654.44580078125.
[I 2023-12-26 15:01:56,060] Trial 48 finished with value: 2363.777587890625 and parameters: {'gradient_clip_val': 0.4545070766640528, 'hidden_size': 6, 'dropout': 0.2819018449667265, 'hidden_continuous_size': 5, 'attention_head_size': 4, 'learning_rate': 0.0019032204675273022}. Best is trial 0 with value: 1654.44580078125.
[I 2023-12-26 15:01:58,316] Trial 49 finished with value: 3393.3740234375 and parameters: {'gradient_clip_val': 0.5135728575816028, 'hidden_size': 9, 'dropout': 0.3075962830549124, 'hidden_continuous_size': 6, 'attention_head_size': 3, 'learning_rate': 0.003580402518148717}. Best is trial 0 with value: 1654.44580078125.
[I 2023-12-26 15:01:58,439] A new study created in memory with name: no-name-1030ae79-ad89-4cf3-8bd0-e93e1a2882ef
/home/le004/conda/anaconda3/envs/tsff_env/lib/python3.9/site-packages/lightning/fabric/plugins/environments/slurm.py:191: The `srun` command is available on your system but is not used. HINT: If your intention is to run Lightning on SLURM, prepend your python command with `srun` like so: srun python /home/le004/master_thesis/git/TSFusionForecast/code/ ...
[I 2023-12-26 15:06:57,811] Trial 0 finished with value: 203.40650939941406 and parameters: {'gradient_clip_val': 0.32197525479549993, 'hidden_size': 14, 'dropout': 0.418603942818927, 'hidden_continuous_size': 10, 'attention_head_size': 3, 'learning_rate': 0.0005051020787196928}. Best is trial 0 with value: 203.40650939941406.
[I 2023-12-26 15:07:24,733] Trial 1 finished with value: 192.23426818847656 and parameters: {'gradient_clip_val': 0.3611434767624285, 'hidden_size': 114, 'dropout': 0.3465327827238267, 'hidden_continuous_size': 29, 'attention_head_size': 4, 'learning_rate': 0.011896460451283283}. Best is trial 1 with value: 192.23426818847656.
[I 2023-12-26 15:07:26,655] Trial 2 finished with value: 613.4681396484375 and parameters: {'gradient_clip_val': 0.8067810770735883, 'hidden_size': 10, 'dropout': 0.14273554419115395, 'hidden_continuous_size': 5, 'attention_head_size': 1, 'learning_rate': 0.03711650848327452}. Best is trial 1 with value: 192.23426818847656.
[I 2023-12-26 15:07:31,391] Trial 3 finished with value: 498.5465393066406 and parameters: {'gradient_clip_val': 0.8970768365419631, 'hidden_size': 82, 'dropout': 0.225043122442113, 'hidden_continuous_size': 44, 'attention_head_size': 2, 'learning_rate': 0.004653508888860003}. Best is trial 1 with value: 192.23426818847656.
[I 2023-12-26 15:07:33,803] Trial 4 finished with value: 451.7066955566406 and parameters: {'gradient_clip_val': 0.15405766516434607, 'hidden_size': 33, 'dropout': 0.2562542044210493, 'hidden_continuous_size': 6, 'attention_head_size': 2, 'learning_rate': 0.0026675590623679}. Best is trial 1 with value: 192.23426818847656.
[I 2023-12-26 15:07:35,486] Trial 5 finished with value: 340.1947937011719 and parameters: {'gradient_clip_val': 0.14392176982427807, 'hidden_size': 5, 'dropout': 0.4860967860560661, 'hidden_continuous_size': 5, 'attention_head_size': 1, 'learning_rate': 0.01045330942887186}. Best is trial 1 with value: 192.23426818847656.
[I 2023-12-26 15:07:38,757] Trial 6 finished with value: 375.81103515625 and parameters: {'gradient_clip_val': 0.2382600856298893, 'hidden_size': 59, 'dropout': 0.28955520550419567, 'hidden_continuous_size': 12, 'attention_head_size': 3, 'learning_rate': 0.01141691899398985}. Best is trial 1 with value: 192.23426818847656.
[I 2023-12-26 15:07:42,587] Trial 7 finished with value: 388.1634826660156 and parameters: {'gradient_clip_val': 0.1858031962252679, 'hidden_size': 67, 'dropout': 0.353591961688544, 'hidden_continuous_size': 6, 'attention_head_size': 4, 'learning_rate': 0.09028882788764674}. Best is trial 1 with value: 192.23426818847656.
[I 2023-12-26 15:07:44,803] Trial 8 finished with value: 351.1128234863281 and parameters: {'gradient_clip_val': 0.10721601190512925, 'hidden_size': 21, 'dropout': 0.23131207472138296, 'hidden_continuous_size': 10, 'attention_head_size': 4, 'learning_rate': 0.007479880293610579}. Best is trial 1 with value: 192.23426818847656.
[I 2023-12-26 15:07:47,283] Trial 9 finished with value: 440.2060241699219 and parameters: {'gradient_clip_val': 0.24307014578753308, 'hidden_size': 29, 'dropout': 0.1813757884207674, 'hidden_continuous_size': 20, 'attention_head_size': 2, 'learning_rate': 0.04458299495341403}. Best is trial 1 with value: 192.23426818847656.
[I 2023-12-26 15:07:55,921] Trial 10 finished with value: 390.5611267089844 and parameters: {'gradient_clip_val': 0.42553354814984373, 'hidden_size': 127, 'dropout': 0.3430550169468886, 'hidden_continuous_size': 114, 'attention_head_size': 4, 'learning_rate': 0.020514992146314998}. Best is trial 1 with value: 192.23426818847656.
[I 2023-12-26 15:08:04,023] Trial 11 finished with value: 402.3218994140625 and parameters: {'gradient_clip_val': 0.3960558376664311, 'hidden_size': 135, 'dropout': 0.42661761940207643, 'hidden_continuous_size': 28, 'attention_head_size': 3, 'learning_rate': 0.000512200249540277}. Best is trial 1 with value: 192.23426818847656.
[I 2023-12-26 15:08:05,969] Trial 12 finished with value: 460.67431640625 and parameters: {'gradient_clip_val': 0.35680272278546693, 'hidden_size': 16, 'dropout': 0.39407991648057467, 'hidden_continuous_size': 7, 'attention_head_size': 3, 'learning_rate': 0.001623862082269276}. Best is trial 1 with value: 192.23426818847656.
