[I 2023-12-26 17:01:15,510] Trial 47 finished with value: 1209.5064697265625 and parameters: {'gradient_clip_val': 0.3168456175088693, 'hidden_size': 19, 'dropout': 0.42397654948166164, 'hidden_continuous_size': 7, 'attention_head_size': 4, 'learning_rate': 0.05673309361154859}. Best is trial 0 with value: 357.6082458496094.
[I 2023-12-26 17:01:17,973] Trial 48 finished with value: 1063.9525146484375 and parameters: {'gradient_clip_val': 0.2205219842891292, 'hidden_size': 30, 'dropout': 0.4821336123953794, 'hidden_continuous_size': 8, 'attention_head_size': 1, 'learning_rate': 0.02596412645345005}. Best is trial 0 with value: 357.6082458496094.
[I 2023-12-26 17:01:20,291] Trial 49 finished with value: 1231.6331787109375 and parameters: {'gradient_clip_val': 0.4910002035299489, 'hidden_size': 17, 'dropout': 0.44421782505956736, 'hidden_continuous_size': 6, 'attention_head_size': 2, 'learning_rate': 0.04443759909904411}. Best is trial 0 with value: 357.6082458496094.
[I 2023-12-26 17:01:20,406] A new study created in memory with name: no-name-7203debb-2287-4bbf-bf46-d9b6bcc60ce7
/home/le004/conda/anaconda3/envs/tsff_env/lib/python3.9/site-packages/lightning/fabric/plugins/environments/slurm.py:191: The `srun` command is available on your system but is not used. HINT: If your intention is to run Lightning on SLURM, prepend your python command with `srun` like so: srun python /home/le004/master_thesis/git/TSFusionForecast/code/ ...
[I 2023-12-26 17:09:59,260] Trial 0 finished with value: 4402.46630859375 and parameters: {'gradient_clip_val': 0.7988167879664307, 'hidden_size': 80, 'dropout': 0.4340060469265302, 'hidden_continuous_size': 7, 'attention_head_size': 3, 'learning_rate': 0.001244137481269937}. Best is trial 0 with value: 4402.46630859375.
[I 2023-12-26 17:10:07,381] Trial 1 finished with value: 10104.1572265625 and parameters: {'gradient_clip_val': 0.22966925799023064, 'hidden_size': 98, 'dropout': 0.1282433917150128, 'hidden_continuous_size': 10, 'attention_head_size': 1, 'learning_rate': 0.03202016708126254}. Best is trial 0 with value: 4402.46630859375.
[I 2023-12-26 17:10:12,192] Trial 2 finished with value: 15702.6640625 and parameters: {'gradient_clip_val': 0.5624962645730314, 'hidden_size': 47, 'dropout': 0.45291544844902487, 'hidden_continuous_size': 6, 'attention_head_size': 4, 'learning_rate': 0.015940090769338576}. Best is trial 0 with value: 4402.46630859375.
[I 2023-12-26 17:10:16,641] Trial 3 finished with value: 15673.0927734375 and parameters: {'gradient_clip_val': 0.4229333973236702, 'hidden_size': 45, 'dropout': 0.1293491009703822, 'hidden_continuous_size': 21, 'attention_head_size': 4, 'learning_rate': 0.036537214211478236}. Best is trial 0 with value: 4402.46630859375.
[I 2023-12-26 17:10:18,865] Trial 4 finished with value: 21516.705078125 and parameters: {'gradient_clip_val': 0.13435304009007884, 'hidden_size': 6, 'dropout': 0.1038587933142014, 'hidden_continuous_size': 6, 'attention_head_size': 4, 'learning_rate': 0.00271296524820268}. Best is trial 0 with value: 4402.46630859375.
[I 2023-12-26 17:10:30,022] Trial 5 finished with value: 9608.8681640625 and parameters: {'gradient_clip_val': 0.3372294255734639, 'hidden_size': 120, 'dropout': 0.25495533070289206, 'hidden_continuous_size': 113, 'attention_head_size': 2, 'learning_rate': 0.07698459561074321}. Best is trial 0 with value: 4402.46630859375.
[I 2023-12-26 17:10:33,796] Trial 6 finished with value: 16893.029296875 and parameters: {'gradient_clip_val': 0.22663254107825023, 'hidden_size': 37, 'dropout': 0.21857922795272933, 'hidden_continuous_size': 17, 'attention_head_size': 1, 'learning_rate': 0.005298396219333786}. Best is trial 0 with value: 4402.46630859375.
[I 2023-12-26 17:10:38,488] Trial 7 finished with value: 17892.927734375 and parameters: {'gradient_clip_val': 0.8736270469643478, 'hidden_size': 52, 'dropout': 0.21397428216587167, 'hidden_continuous_size': 14, 'attention_head_size': 1, 'learning_rate': 0.000830352197324353}. Best is trial 0 with value: 4402.46630859375.
[I 2023-12-26 17:10:46,203] Trial 8 finished with value: 15256.74609375 and parameters: {'gradient_clip_val': 0.21807323533238063, 'hidden_size': 101, 'dropout': 0.12254219878624904, 'hidden_continuous_size': 37, 'attention_head_size': 4, 'learning_rate': 0.006252230524288463}. Best is trial 0 with value: 4402.46630859375.
[I 2023-12-26 17:10:47,959] Trial 9 finished with value: 20267.4453125 and parameters: {'gradient_clip_val': 0.6761823136854088, 'hidden_size': 5, 'dropout': 0.21639773784445715, 'hidden_continuous_size': 5, 'attention_head_size': 3, 'learning_rate': 0.0028815231642074788}. Best is trial 0 with value: 4402.46630859375.
[I 2023-12-26 17:10:50,706] Trial 10 finished with value: 15601.2978515625 and parameters: {'gradient_clip_val': 0.8733550713186347, 'hidden_size': 21, 'dropout': 0.452807301574029, 'hidden_continuous_size': 7, 'attention_head_size': 3, 'learning_rate': 0.0005018988936723924}. Best is trial 0 with value: 4402.46630859375.
[I 2023-12-26 17:11:00,608] Trial 11 finished with value: 9215.9716796875 and parameters: {'gradient_clip_val': 0.40846350265772746, 'hidden_size': 126, 'dropout': 0.36225205178521414, 'hidden_continuous_size': 126, 'attention_head_size': 2, 'learning_rate': 0.09070796514224076}. Best is trial 0 with value: 4402.46630859375.
[I 2023-12-26 17:11:13,772] Trial 12 finished with value: 12668.796875 and parameters: {'gradient_clip_val': 0.5284824172080534, 'hidden_size': 147, 'dropout': 0.3872258418487807, 'hidden_continuous_size': 124, 'attention_head_size': 2, 'learning_rate': 0.0681490162967908}. Best is trial 0 with value: 4402.46630859375.
[I 2023-12-26 17:11:19,151] Trial 13 finished with value: 17239.107421875 and parameters: {'gradient_clip_val': 0.9675777351615548, 'hidden_size': 79, 'dropout': 0.3569088790423062, 'hidden_continuous_size': 34, 'attention_head_size': 2, 'learning_rate': 0.01404483409450406}. Best is trial 0 with value: 4402.46630859375.
[I 2023-12-26 17:11:29,333] Trial 14 finished with value: 16102.7216796875 and parameters: {'gradient_clip_val': 0.42642289532427974, 'hidden_size': 150, 'dropout': 0.3776330798953214, 'hidden_continuous_size': 62, 'attention_head_size': 3, 'learning_rate': 0.0017176926347084998}. Best is trial 0 with value: 4402.46630859375.
[I 2023-12-26 17:11:33,982] Trial 15 finished with value: 19328.958984375 and parameters: {'gradient_clip_val': 0.6970247780872134, 'hidden_size': 73, 'dropout': 0.49107133758684834, 'hidden_continuous_size': 10, 'attention_head_size': 2, 'learning_rate': 0.012048176584597795}. Best is trial 0 with value: 4402.46630859375.
[I 2023-12-26 17:11:39,293] Trial 16 finished with value: 16730.529296875 and parameters: {'gradient_clip_val': 0.6614534763827059, 'hidden_size': 71, 'dropout': 0.3230352126970527, 'hidden_continuous_size': 9, 'attention_head_size': 3, 'learning_rate': 0.001057025853103613}. Best is trial 0 with value: 4402.46630859375.
[I 2023-12-26 17:11:41,627] Trial 17 finished with value: 16837.880859375 and parameters: {'gradient_clip_val': 0.42121457227853615, 'hidden_size': 25, 'dropout': 0.41461833437105766, 'hidden_continuous_size': 8, 'attention_head_size': 2, 'learning_rate': 0.0037190629109361056}. Best is trial 0 with value: 4402.46630859375.
[I 2023-12-26 17:11:53,184] Trial 18 finished with value: 11061.265625 and parameters: {'gradient_clip_val': 0.993783449600264, 'hidden_size': 150, 'dropout': 0.3269893678961201, 'hidden_continuous_size': 150, 'attention_head_size': 3, 'learning_rate': 0.09564441300817485}. Best is trial 0 with value: 4402.46630859375.
[I 2023-12-26 17:11:58,827] Trial 19 finished with value: 16735.251953125 and parameters: {'gradient_clip_val': 0.34689873539121674, 'hidden_size': 86, 'dropout': 0.41396254989550324, 'hidden_continuous_size': 5, 'attention_head_size': 2, 'learning_rate': 0.008898234178911274}. Best is trial 0 with value: 4402.46630859375.
[I 2023-12-26 17:12:03,634] Trial 20 finished with value: 15902.2861328125 and parameters: {'gradient_clip_val': 0.5835896173676187, 'hidden_size': 59, 'dropout': 0.2909417644218457, 'hidden_continuous_size': 12, 'attention_head_size': 3, 'learning_rate': 0.0020457873799504755}. Best is trial 0 with value: 4402.46630859375.
[I 2023-12-26 17:12:13,789] Trial 21 finished with value: 11606.2607421875 and parameters: {'gradient_clip_val': 0.29219146314009914, 'hidden_size': 113, 'dropout': 0.27844346934036096, 'hidden_continuous_size': 85, 'attention_head_size': 2, 'learning_rate': 0.09390767320654084}. Best is trial 0 with value: 4402.46630859375.
[I 2023-12-26 17:12:23,106] Trial 22 finished with value: 20462.849609375 and parameters: {'gradient_clip_val': 0.3349640385598539, 'hidden_size': 111, 'dropout': 0.3601817612234036, 'hidden_continuous_size': 66, 'attention_head_size': 2, 'learning_rate': 0.043296136219600205}. Best is trial 0 with value: 4402.46630859375.
[I 2023-12-26 17:12:28,364] Trial 23 finished with value: 17326.119140625 and parameters: {'gradient_clip_val': 0.5029832168750701, 'hidden_size': 67, 'dropout': 0.2659485051341235, 'hidden_continuous_size': 20, 'attention_head_size': 1, 'learning_rate': 0.024599873366062203}. Best is trial 0 with value: 4402.46630859375.
[I 2023-12-26 17:12:36,843] Trial 24 finished with value: 18937.984375 and parameters: {'gradient_clip_val': 0.7351198850221284, 'hidden_size': 112, 'dropout': 0.34007898781354373, 'hidden_continuous_size': 35, 'attention_head_size': 2, 'learning_rate': 0.06408143493466227}. Best is trial 0 with value: 4402.46630859375.
[I 2023-12-26 17:12:43,721] Trial 25 finished with value: 16695.783203125 and parameters: {'gradient_clip_val': 0.29796861704708444, 'hidden_size': 86, 'dropout': 0.31498533558020037, 'hidden_continuous_size': 25, 'attention_head_size': 3, 'learning_rate': 0.0523444703226704}. Best is trial 0 with value: 4402.46630859375.
[I 2023-12-26 17:12:55,014] Trial 26 finished with value: 17917.6015625 and parameters: {'gradient_clip_val': 0.4952939944597652, 'hidden_size': 133, 'dropout': 0.38768623521311274, 'hidden_continuous_size': 96, 'attention_head_size': 2, 'learning_rate': 0.03194696151188376}. Best is trial 0 with value: 4402.46630859375.
[I 2023-12-26 17:13:03,681] Trial 27 finished with value: 15706.2373046875 and parameters: {'gradient_clip_val': 0.7683110368403175, 'hidden_size': 114, 'dropout': 0.41831851388836894, 'hidden_continuous_size': 54, 'attention_head_size': 3, 'learning_rate': 0.020651692720613943}. Best is trial 0 with value: 4402.46630859375.
[I 2023-12-26 17:13:09,466] Trial 28 finished with value: 17647.568359375 and parameters: {'gradient_clip_val': 0.6103154488922146, 'hidden_size': 83, 'dropout': 0.2965715590511651, 'hidden_continuous_size': 14, 'attention_head_size': 1, 'learning_rate': 0.0566691642638323}. Best is trial 0 with value: 4402.46630859375.
[I 2023-12-26 17:13:17,415] Trial 29 finished with value: 17842.00390625 and parameters: {'gradient_clip_val': 0.37540503340111203, 'hidden_size': 89, 'dropout': 0.25225307446167466, 'hidden_continuous_size': 47, 'attention_head_size': 1, 'learning_rate': 0.03147429890614556}. Best is trial 0 with value: 4402.46630859375.
[I 2023-12-26 17:13:22,268] Trial 30 finished with value: 18235.353515625 and parameters: {'gradient_clip_val': 0.26251761769162746, 'hidden_size': 58, 'dropout': 0.34378032706676986, 'hidden_continuous_size': 28, 'attention_head_size': 2, 'learning_rate': 0.008698945994805796}. Best is trial 0 with value: 4402.46630859375.
[I 2023-12-26 17:13:30,314] Trial 31 finished with value: 13178.1640625 and parameters: {'gradient_clip_val': 0.19161882654085668, 'hidden_size': 104, 'dropout': 0.1889515442119063, 'hidden_continuous_size': 7, 'attention_head_size': 1, 'learning_rate': 0.07690262127682168}. Best is trial 0 with value: 4402.46630859375.
[I 2023-12-26 17:13:41,013] Trial 32 finished with value: 11565.1572265625 and parameters: {'gradient_clip_val': 0.4136439882247358, 'hidden_size': 131, 'dropout': 0.1306668289424811, 'hidden_continuous_size': 82, 'attention_head_size': 1, 'learning_rate': 0.05029823213303383}. Best is trial 0 with value: 4402.46630859375.
[I 2023-12-26 17:13:45,235] Trial 33 finished with value: 16421.177734375 and parameters: {'gradient_clip_val': 0.47188406687022943, 'hidden_size': 43, 'dropout': 0.3066120595988259, 'hidden_continuous_size': 11, 'attention_head_size': 4, 'learning_rate': 0.04182233052860611}. Best is trial 0 with value: 4402.46630859375.
[I 2023-12-26 17:13:52,369] Trial 34 finished with value: 19053.197265625 and parameters: {'gradient_clip_val': 0.3823824511904586, 'hidden_size': 99, 'dropout': 0.25454511247814404, 'hidden_continuous_size': 8, 'attention_head_size': 1, 'learning_rate': 0.09696001954336259}. Best is trial 0 with value: 4402.46630859375.
[I 2023-12-26 17:13:57,257] Trial 35 finished with value: 18221.146484375 and parameters: {'gradient_clip_val': 0.2645184058671182, 'hidden_size': 66, 'dropout': 0.15733533819335788, 'hidden_continuous_size': 43, 'attention_head_size': 4, 'learning_rate': 0.023782064239630446}. Best is trial 0 with value: 4402.46630859375.
[I 2023-12-26 17:14:07,006] Trial 36 finished with value: 13716.73046875 and parameters: {'gradient_clip_val': 0.17148995742563208, 'hidden_size': 126, 'dropout': 0.17113390352497126, 'hidden_continuous_size': 18, 'attention_head_size': 2, 'learning_rate': 0.03779294022550744}. Best is trial 0 with value: 4402.46630859375.
[I 2023-12-26 17:14:11,616] Trial 37 finished with value: 18344.08984375 and parameters: {'gradient_clip_val': 0.5618304565904124, 'hidden_size': 50, 'dropout': 0.23608884107700348, 'hidden_continuous_size': 12, 'attention_head_size': 1, 'learning_rate': 0.06666368325858678}. Best is trial 0 with value: 4402.46630859375.
[I 2023-12-26 17:14:19,650] Trial 38 finished with value: 14863.0087890625 and parameters: {'gradient_clip_val': 0.11232190801203025, 'hidden_size': 96, 'dropout': 0.18989956893193477, 'hidden_continuous_size': 6, 'attention_head_size': 3, 'learning_rate': 0.016489428066290297}. Best is trial 0 with value: 4402.46630859375.
[I 2023-12-26 17:14:23,398] Trial 39 finished with value: 17012.75390625 and parameters: {'gradient_clip_val': 0.2310038772803464, 'hidden_size': 39, 'dropout': 0.10059947363823525, 'hidden_continuous_size': 16, 'attention_head_size': 4, 'learning_rate': 0.03261812343391614}. Best is trial 0 with value: 4402.46630859375.
[I 2023-12-26 17:14:28,228] Trial 40 finished with value: 16491.068359375 and parameters: {'gradient_clip_val': 0.30075177276779674, 'hidden_size': 54, 'dropout': 0.22754804029844783, 'hidden_continuous_size': 24, 'attention_head_size': 2, 'learning_rate': 0.005109511782840784}. Best is trial 0 with value: 4402.46630859375.
[I 2023-12-26 17:14:39,968] Trial 41 finished with value: 12446.4609375 and parameters: {'gradient_clip_val': 0.8315307191215204, 'hidden_size': 135, 'dropout': 0.33227721551202755, 'hidden_continuous_size': 126, 'attention_head_size': 3, 'learning_rate': 0.09584126399151525}. Best is trial 0 with value: 4402.46630859375.
[I 2023-12-26 17:14:53,228] Trial 42 finished with value: 12315.86328125 and parameters: {'gradient_clip_val': 0.9494513197756281, 'hidden_size': 148, 'dropout': 0.2807997375607467, 'hidden_continuous_size': 145, 'attention_head_size': 3, 'learning_rate': 0.077380108796331}. Best is trial 0 with value: 4402.46630859375.
[I 2023-12-26 17:15:02,861] Trial 43 finished with value: 16244.3740234375 and parameters: {'gradient_clip_val': 0.8973780877296167, 'hidden_size': 122, 'dropout': 0.3107617026217939, 'hidden_continuous_size': 98, 'attention_head_size': 3, 'learning_rate': 0.051508363535297835}. Best is trial 0 with value: 4402.46630859375.
[I 2023-12-26 17:15:10,301] Trial 44 finished with value: 16927.8671875 and parameters: {'gradient_clip_val': 0.979563790542897, 'hidden_size': 97, 'dropout': 0.3271745342979443, 'hidden_continuous_size': 70, 'attention_head_size': 3, 'learning_rate': 0.07597338001182351}. Best is trial 0 with value: 4402.46630859375.
[I 2023-12-26 17:15:15,652] Trial 45 finished with value: 19454.724609375 and parameters: {'gradient_clip_val': 0.8253928294970595, 'hidden_size': 75, 'dropout': 0.35616056647221195, 'hidden_continuous_size': 56, 'attention_head_size': 3, 'learning_rate': 0.06228139678540111}. Best is trial 0 with value: 4402.46630859375.
[I 2023-12-26 17:15:28,009] Trial 46 finished with value: 11662.4599609375 and parameters: {'gradient_clip_val': 0.6377020194367352, 'hidden_size': 143, 'dropout': 0.20195748721898604, 'hidden_continuous_size': 112, 'attention_head_size': 2, 'learning_rate': 0.09857141206987592}. Best is trial 0 with value: 4402.46630859375.
[I 2023-12-26 17:15:36,129] Trial 47 finished with value: 24257.314453125 and parameters: {'gradient_clip_val': 0.7593869519510466, 'hidden_size': 96, 'dropout': 0.24039323241393157, 'hidden_continuous_size': 74, 'attention_head_size': 3, 'learning_rate': 0.049127440225030974}. Best is trial 0 with value: 4402.46630859375.
[I 2023-12-26 17:15:46,942] Trial 48 finished with value: 16003.22265625 and parameters: {'gradient_clip_val': 0.7011672350033511, 'hidden_size': 122, 'dropout': 0.12024608260149522, 'hidden_continuous_size': 98, 'attention_head_size': 2, 'learning_rate': 0.07378682860102725}. Best is trial 0 with value: 4402.46630859375.
[I 2023-12-26 17:16:00,861] Trial 49 finished with value: 16515.123046875 and parameters: {'gradient_clip_val': 0.6552400233920423, 'hidden_size': 150, 'dropout': 0.2895200529468836, 'hidden_continuous_size': 145, 'attention_head_size': 4, 'learning_rate': 0.04108689626907162}. Best is trial 0 with value: 4402.46630859375.
[I 2023-12-26 17:16:00,987] A new study created in memory with name: no-name-7bfff854-f7f2-45d2-8be7-fde7101197c3
/home/le004/conda/anaconda3/envs/tsff_env/lib/python3.9/site-packages/lightning/fabric/plugins/environments/slurm.py:191: The `srun` command is available on your system but is not used. HINT: If your intention is to run Lightning on SLURM, prepend your python command with `srun` like so: srun python /home/le004/master_thesis/git/TSFusionForecast/code/ ...
[I 2023-12-26 17:18:41,788] Trial 0 finished with value: 5354.05517578125 and parameters: {'gradient_clip_val': 0.6493701537924553, 'hidden_size': 7, 'dropout': 0.22659776585926414, 'hidden_continuous_size': 5, 'attention_head_size': 1, 'learning_rate': 0.016640925445830505}. Best is trial 0 with value: 5354.05517578125.
[I 2023-12-26 17:18:45,659] Trial 1 finished with value: 20063.08203125 and parameters: {'gradient_clip_val': 0.5653337218396722, 'hidden_size': 39, 'dropout': 0.396777199452676, 'hidden_continuous_size': 24, 'attention_head_size': 3, 'learning_rate': 0.0011073790721926272}. Best is trial 0 with value: 5354.05517578125.
[I 2023-12-26 17:18:56,757] Trial 2 finished with value: 13370.7265625 and parameters: {'gradient_clip_val': 0.23808899374656925, 'hidden_size': 122, 'dropout': 0.4457968927071121, 'hidden_continuous_size': 107, 'attention_head_size': 4, 'learning_rate': 0.0014685186336538323}. Best is trial 0 with value: 5354.05517578125.
[I 2023-12-26 17:18:59,741] Trial 3 finished with value: 13042.8095703125 and parameters: {'gradient_clip_val': 0.40946634039944585, 'hidden_size': 23, 'dropout': 0.32536410653529374, 'hidden_continuous_size': 17, 'attention_head_size': 4, 'learning_rate': 0.04199779268423042}. Best is trial 0 with value: 5354.05517578125.
[I 2023-12-26 17:19:02,195] Trial 4 finished with value: 19701.22265625 and parameters: {'gradient_clip_val': 0.20013736235225774, 'hidden_size': 7, 'dropout': 0.24485084948468674, 'hidden_continuous_size': 5, 'attention_head_size': 4, 'learning_rate': 0.0008489001727996758}. Best is trial 0 with value: 5354.05517578125.
[I 2023-12-26 17:19:04,550] Trial 5 finished with value: 18424.630859375 and parameters: {'gradient_clip_val': 0.39198331878775156, 'hidden_size': 10, 'dropout': 0.2884554566285773, 'hidden_continuous_size': 7, 'attention_head_size': 1, 'learning_rate': 0.06055213989619068}. Best is trial 0 with value: 5354.05517578125.
[I 2023-12-26 17:19:15,878] Trial 6 finished with value: 15373.9873046875 and parameters: {'gradient_clip_val': 0.3717053101966363, 'hidden_size': 127, 'dropout': 0.2640957368140937, 'hidden_continuous_size': 80, 'attention_head_size': 4, 'learning_rate': 0.005861482292192115}. Best is trial 0 with value: 5354.05517578125.
[I 2023-12-26 17:19:21,112] Trial 7 finished with value: 12527.01171875 and parameters: {'gradient_clip_val': 0.14255186562479877, 'hidden_size': 60, 'dropout': 0.31340566645679524, 'hidden_continuous_size': 5, 'attention_head_size': 1, 'learning_rate': 0.07553581031470231}. Best is trial 0 with value: 5354.05517578125.
[I 2023-12-26 17:19:24,452] Trial 8 finished with value: 13487.1396484375 and parameters: {'gradient_clip_val': 0.3811511295635762, 'hidden_size': 30, 'dropout': 0.11481150488705688, 'hidden_continuous_size': 5, 'attention_head_size': 4, 'learning_rate': 0.015350621096521761}. Best is trial 0 with value: 5354.05517578125.
[I 2023-12-26 17:19:26,985] Trial 9 finished with value: 12921.6005859375 and parameters: {'gradient_clip_val': 0.16443290890223225, 'hidden_size': 12, 'dropout': 0.2893682235002711, 'hidden_continuous_size': 11, 'attention_head_size': 3, 'learning_rate': 0.016193311718589124}. Best is trial 0 with value: 5354.05517578125.
[I 2023-12-26 17:19:29,085] Trial 10 finished with value: 16234.1552734375 and parameters: {'gradient_clip_val': 0.8973809612257411, 'hidden_size': 5, 'dropout': 0.17454085788114293, 'hidden_continuous_size': 5, 'attention_head_size': 2, 'learning_rate': 0.003626297768234809}. Best is trial 0 with value: 5354.05517578125.
