[I 2023-12-16 09:42:14,526] Trial 28 finished with value: 10.661564826965332 and parameters: {'gradient_clip_val': 0.2612337554591101, 'hidden_size': 78, 'dropout': 0.3423668821692328, 'hidden_continuous_size': 48, 'attention_head_size': 3, 'learning_rate': 0.03832320902086923}. Best is trial 19 with value: 8.890613555908203.
LOCAL_RANK: 0 - CUDA_VISIBLE_DEVICES: [0]
[I 2023-12-16 09:43:07,688] Trial 29 finished with value: 21.52623176574707 and parameters: {'gradient_clip_val': 0.1919650704442899, 'hidden_size': 48, 'dropout': 0.29579849763195787, 'hidden_continuous_size': 36, 'attention_head_size': 4, 'learning_rate': 0.005530356182762186}. Best is trial 19 with value: 8.890613555908203.
LOCAL_RANK: 0 - CUDA_VISIBLE_DEVICES: [0]
[I 2023-12-16 09:44:05,320] Trial 30 finished with value: 11.962646484375 and parameters: {'gradient_clip_val': 0.20631480023195395, 'hidden_size': 85, 'dropout': 0.268060905675742, 'hidden_continuous_size': 83, 'attention_head_size': 2, 'learning_rate': 0.07060275026561397}. Best is trial 19 with value: 8.890613555908203.
LOCAL_RANK: 0 - CUDA_VISIBLE_DEVICES: [0]
[I 2023-12-16 09:44:59,743] Trial 31 finished with value: 15.516680717468262 and parameters: {'gradient_clip_val': 0.31394978817034375, 'hidden_size': 54, 'dropout': 0.29512138588320924, 'hidden_continuous_size': 40, 'attention_head_size': 3, 'learning_rate': 0.02983770421410758}. Best is trial 19 with value: 8.890613555908203.
LOCAL_RANK: 0 - CUDA_VISIBLE_DEVICES: [0]
[I 2023-12-16 09:45:54,368] Trial 32 finished with value: 10.299983978271484 and parameters: {'gradient_clip_val': 0.23918344387338394, 'hidden_size': 60, 'dropout': 0.325710254746341, 'hidden_continuous_size': 44, 'attention_head_size': 3, 'learning_rate': 0.02210582004566504}. Best is trial 19 with value: 8.890613555908203.
LOCAL_RANK: 0 - CUDA_VISIBLE_DEVICES: [0]
[I 2023-12-16 09:46:50,302] Trial 33 finished with value: 9.903044700622559 and parameters: {'gradient_clip_val': 0.1574086778624636, 'hidden_size': 79, 'dropout': 0.28924881755143717, 'hidden_continuous_size': 54, 'attention_head_size': 3, 'learning_rate': 0.011762858357265498}. Best is trial 19 with value: 8.890613555908203.
LOCAL_RANK: 0 - CUDA_VISIBLE_DEVICES: [0]
[I 2023-12-16 09:47:46,850] Trial 34 finished with value: 14.789305686950684 and parameters: {'gradient_clip_val': 0.14869884276696066, 'hidden_size': 77, 'dropout': 0.31720895703617125, 'hidden_continuous_size': 60, 'attention_head_size': 4, 'learning_rate': 0.012013454914081534}. Best is trial 19 with value: 8.890613555908203.
LOCAL_RANK: 0 - CUDA_VISIBLE_DEVICES: [0]
[I 2023-12-16 09:48:44,279] Trial 35 finished with value: 9.683547019958496 and parameters: {'gradient_clip_val': 0.14878094244910955, 'hidden_size': 87, 'dropout': 0.2518171989487178, 'hidden_continuous_size': 71, 'attention_head_size': 2, 'learning_rate': 0.011009590989912738}. Best is trial 19 with value: 8.890613555908203.
LOCAL_RANK: 0 - CUDA_VISIBLE_DEVICES: [0]
[I 2023-12-16 09:49:21,206] Trial 36 finished with value: 8.84053897857666 and parameters: {'gradient_clip_val': 0.12909807594988093, 'hidden_size': 88, 'dropout': 0.2658572511443761, 'hidden_continuous_size': 88, 'attention_head_size': 2, 'learning_rate': 0.04429285183037628}. Best is trial 36 with value: 8.84053897857666.
LOCAL_RANK: 0 - CUDA_VISIBLE_DEVICES: [0]
[I 2023-12-16 09:50:14,554] Trial 37 finished with value: 12.663440704345703 and parameters: {'gradient_clip_val': 0.13092380879551468, 'hidden_size': 45, 'dropout': 0.3057767080542739, 'hidden_continuous_size': 40, 'attention_head_size': 2, 'learning_rate': 0.04806335967591258}. Best is trial 36 with value: 8.84053897857666.
LOCAL_RANK: 0 - CUDA_VISIBLE_DEVICES: [0]
[I 2023-12-16 09:51:09,298] Trial 38 finished with value: 30.441171646118164 and parameters: {'gradient_clip_val': 0.16994805316972422, 'hidden_size': 66, 'dropout': 0.26060012468885674, 'hidden_continuous_size': 52, 'attention_head_size': 2, 'learning_rate': 0.06542475679859097}. Best is trial 36 with value: 8.84053897857666.
LOCAL_RANK: 0 - CUDA_VISIBLE_DEVICES: [0]
[I 2023-12-16 09:52:07,280] Trial 39 finished with value: 8.940888404846191 and parameters: {'gradient_clip_val': 0.10090973779803812, 'hidden_size': 97, 'dropout': 0.22784521752729267, 'hidden_continuous_size': 95, 'attention_head_size': 1, 'learning_rate': 0.04376917323511386}. Best is trial 36 with value: 8.84053897857666.
LOCAL_RANK: 0 - CUDA_VISIBLE_DEVICES: [0]
[I 2023-12-16 09:52:59,396] Trial 40 finished with value: 8.785246849060059 and parameters: {'gradient_clip_val': 0.10154188484944032, 'hidden_size': 38, 'dropout': 0.22933594388520823, 'hidden_continuous_size': 31, 'attention_head_size': 1, 'learning_rate': 0.048139667917321986}. Best is trial 40 with value: 8.785246849060059.
LOCAL_RANK: 0 - CUDA_VISIBLE_DEVICES: [0]
[I 2023-12-16 09:53:57,187] Trial 41 finished with value: 13.444024085998535 and parameters: {'gradient_clip_val': 0.12442199506688276, 'hidden_size': 99, 'dropout': 0.22978473832189936, 'hidden_continuous_size': 95, 'attention_head_size': 1, 'learning_rate': 0.050154167927379596}. Best is trial 40 with value: 8.785246849060059.
LOCAL_RANK: 0 - CUDA_VISIBLE_DEVICES: [0]
[I 2023-12-16 09:54:51,519] Trial 42 finished with value: 9.3497314453125 and parameters: {'gradient_clip_val': 0.10456372654737071, 'hidden_size': 72, 'dropout': 0.23393149548998396, 'hidden_continuous_size': 49, 'attention_head_size': 1, 'learning_rate': 0.0797153295362636}. Best is trial 40 with value: 8.785246849060059.
LOCAL_RANK: 0 - CUDA_VISIBLE_DEVICES: [0]
[I 2023-12-16 09:55:44,795] Trial 43 finished with value: 8.0463228225708 and parameters: {'gradient_clip_val': 0.10291171487091756, 'hidden_size': 46, 'dropout': 0.20909764117241716, 'hidden_continuous_size': 41, 'attention_head_size': 1, 'learning_rate': 0.04207808530087906}. Best is trial 43 with value: 8.0463228225708.
LOCAL_RANK: 0 - CUDA_VISIBLE_DEVICES: [0]
[I 2023-12-16 09:56:37,336] Trial 44 finished with value: 10.731411933898926 and parameters: {'gradient_clip_val': 0.10288468686749551, 'hidden_size': 48, 'dropout': 0.21273521342586604, 'hidden_continuous_size': 42, 'attention_head_size': 1, 'learning_rate': 0.04014077253764856}. Best is trial 43 with value: 8.0463228225708.
LOCAL_RANK: 0 - CUDA_VISIBLE_DEVICES: [0]
[I 2023-12-16 09:57:30,364] Trial 45 finished with value: 11.91199016571045 and parameters: {'gradient_clip_val': 0.11354723647680821, 'hidden_size': 39, 'dropout': 0.174757188796497, 'hidden_continuous_size': 34, 'attention_head_size': 1, 'learning_rate': 0.09808765162045997}. Best is trial 43 with value: 8.0463228225708.
LOCAL_RANK: 0 - CUDA_VISIBLE_DEVICES: [0]
[I 2023-12-16 09:58:22,958] Trial 46 finished with value: 7.451893329620361 and parameters: {'gradient_clip_val': 0.12910294437156447, 'hidden_size': 33, 'dropout': 0.18942007262919744, 'hidden_continuous_size': 31, 'attention_head_size': 1, 'learning_rate': 0.05736068791080318}. Best is trial 46 with value: 7.451893329620361.
LOCAL_RANK: 0 - CUDA_VISIBLE_DEVICES: [0]
[I 2023-12-16 09:59:15,028] Trial 47 finished with value: 8.700322151184082 and parameters: {'gradient_clip_val': 0.12515104404829797, 'hidden_size': 34, 'dropout': 0.1915366641254472, 'hidden_continuous_size': 30, 'attention_head_size': 1, 'learning_rate': 0.062297189651758705}. Best is trial 46 with value: 7.451893329620361.
LOCAL_RANK: 0 - CUDA_VISIBLE_DEVICES: [0]
[I 2023-12-16 10:00:02,510] Trial 48 finished with value: 22.05072784423828 and parameters: {'gradient_clip_val': 0.1342232952481432, 'hidden_size': 24, 'dropout': 0.18772286754693726, 'hidden_continuous_size': 19, 'attention_head_size': 1, 'learning_rate': 0.05784599352050867}. Best is trial 46 with value: 7.451893329620361.
LOCAL_RANK: 0 - CUDA_VISIBLE_DEVICES: [0]
[I 2023-12-16 10:00:54,054] Trial 49 finished with value: 12.297720909118652 and parameters: {'gradient_clip_val': 0.11889358900629568, 'hidden_size': 31, 'dropout': 0.20830233470308948, 'hidden_continuous_size': 28, 'attention_head_size': 1, 'learning_rate': 0.03447932279840072}. Best is trial 46 with value: 7.451893329620361.
[I 2023-12-16 10:00:54,150] A new study created in memory with name: no-name-14f9318a-9b10-42e9-85a5-8e20882a61eb
/home/le004/conda/anaconda3/envs/tsff_env/lib/python3.9/site-packages/lightning/fabric/plugins/environments/slurm.py:191: The `srun` command is available on your system but is not used. HINT: If your intention is to run Lightning on SLURM, prepend your python command with `srun` like so: srun python /home/le004/master_thesis/git/TSFusionForecast/code/ ...
LOCAL_RANK: 0 - CUDA_VISIBLE_DEVICES: [0]
[I 2023-12-16 10:01:39,557] Trial 0 finished with value: 570.4257202148438 and parameters: {'gradient_clip_val': 0.9450386814761595, 'hidden_size': 12, 'dropout': 0.2832789017887914, 'hidden_continuous_size': 8, 'attention_head_size': 4, 'learning_rate': 0.0005137172981531105}. Best is trial 0 with value: 570.4257202148438.
LOCAL_RANK: 0 - CUDA_VISIBLE_DEVICES: [0]
[I 2023-12-16 10:02:32,541] Trial 1 finished with value: 558.4180297851562 and parameters: {'gradient_clip_val': 0.19873945434310855, 'hidden_size': 31, 'dropout': 0.11309522753578834, 'hidden_continuous_size': 27, 'attention_head_size': 4, 'learning_rate': 0.014730765690106572}. Best is trial 1 with value: 558.4180297851562.
LOCAL_RANK: 0 - CUDA_VISIBLE_DEVICES: [0]
[I 2023-12-16 10:03:06,455] Trial 2 finished with value: 597.1603393554688 and parameters: {'gradient_clip_val': 0.39020219803909467, 'hidden_size': 6, 'dropout': 0.1872042745112154, 'hidden_continuous_size': 6, 'attention_head_size': 2, 'learning_rate': 0.0010818251404727853}. Best is trial 1 with value: 558.4180297851562.
LOCAL_RANK: 0 - CUDA_VISIBLE_DEVICES: [0]
[I 2023-12-16 10:03:57,805] Trial 3 finished with value: 553.1817626953125 and parameters: {'gradient_clip_val': 0.178050196556482, 'hidden_size': 35, 'dropout': 0.12369549724389546, 'hidden_continuous_size': 15, 'attention_head_size': 2, 'learning_rate': 0.004638367549587818}. Best is trial 3 with value: 553.1817626953125.
LOCAL_RANK: 0 - CUDA_VISIBLE_DEVICES: [0]
[I 2023-12-16 10:04:33,301] Trial 4 finished with value: 369.7216491699219 and parameters: {'gradient_clip_val': 0.6524344522967368, 'hidden_size': 34, 'dropout': 0.18181935078817893, 'hidden_continuous_size': 34, 'attention_head_size': 1, 'learning_rate': 0.0010820698163562402}. Best is trial 4 with value: 369.7216491699219.
LOCAL_RANK: 0 - CUDA_VISIBLE_DEVICES: [0]
[I 2023-12-16 10:05:06,958] Trial 5 finished with value: 582.8104858398438 and parameters: {'gradient_clip_val': 0.26769324719936083, 'hidden_size': 5, 'dropout': 0.3963334975575661, 'hidden_continuous_size': 5, 'attention_head_size': 1, 'learning_rate': 0.0011264898982042673}. Best is trial 4 with value: 369.7216491699219.
LOCAL_RANK: 0 - CUDA_VISIBLE_DEVICES: [0]
[I 2023-12-16 10:05:52,474] Trial 6 finished with value: 575.2942504882812 and parameters: {'gradient_clip_val': 0.1564575039737598, 'hidden_size': 13, 'dropout': 0.2705732306769849, 'hidden_continuous_size': 9, 'attention_head_size': 1, 'learning_rate': 0.061436758508399}. Best is trial 4 with value: 369.7216491699219.
LOCAL_RANK: 0 - CUDA_VISIBLE_DEVICES: [0]
[I 2023-12-16 10:06:44,738] Trial 7 finished with value: 634.014404296875 and parameters: {'gradient_clip_val': 0.12709292495289412, 'hidden_size': 45, 'dropout': 0.1534372417696479, 'hidden_continuous_size': 9, 'attention_head_size': 3, 'learning_rate': 0.001453505062573364}. Best is trial 4 with value: 369.7216491699219.
LOCAL_RANK: 0 - CUDA_VISIBLE_DEVICES: [0]
[I 2023-12-16 10:07:29,331] Trial 8 finished with value: 464.3687438964844 and parameters: {'gradient_clip_val': 0.15142379662174316, 'hidden_size': 6, 'dropout': 0.1952840005619358, 'hidden_continuous_size': 5, 'attention_head_size': 1, 'learning_rate': 0.039540268819391045}. Best is trial 4 with value: 369.7216491699219.
LOCAL_RANK: 0 - CUDA_VISIBLE_DEVICES: [0]
[I 2023-12-16 10:08:21,985] Trial 9 finished with value: 528.350830078125 and parameters: {'gradient_clip_val': 0.5074791343804745, 'hidden_size': 68, 'dropout': 0.1846874133428868, 'hidden_continuous_size': 27, 'attention_head_size': 2, 'learning_rate': 0.052144735378926}. Best is trial 4 with value: 369.7216491699219.
LOCAL_RANK: 0 - CUDA_VISIBLE_DEVICES: [0]
[I 2023-12-16 10:09:18,641] Trial 10 finished with value: 431.8381652832031 and parameters: {'gradient_clip_val': 0.9037823525204113, 'hidden_size': 84, 'dropout': 0.22682882798518664, 'hidden_continuous_size': 65, 'attention_head_size': 3, 'learning_rate': 0.004236033487770846}. Best is trial 4 with value: 369.7216491699219.
LOCAL_RANK: 0 - CUDA_VISIBLE_DEVICES: [0]
[I 2023-12-16 10:10:16,155] Trial 11 finished with value: 282.0868835449219 and parameters: {'gradient_clip_val': 0.9753059505324724, 'hidden_size': 78, 'dropout': 0.2253384724529382, 'hidden_continuous_size': 70, 'attention_head_size': 3, 'learning_rate': 0.0036433109735098945}. Best is trial 11 with value: 282.0868835449219.
LOCAL_RANK: 0 - CUDA_VISIBLE_DEVICES: [0]
[I 2023-12-16 10:11:14,191] Trial 12 finished with value: 593.3362426757812 and parameters: {'gradient_clip_val': 0.6424684133484018, 'hidden_size': 98, 'dropout': 0.24625119152215547, 'hidden_continuous_size': 77, 'attention_head_size': 3, 'learning_rate': 0.0024222070306216207}. Best is trial 11 with value: 282.0868835449219.
LOCAL_RANK: 0 - CUDA_VISIBLE_DEVICES: [0]
[I 2023-12-16 10:12:08,439] Trial 13 finished with value: 484.3005676269531 and parameters: {'gradient_clip_val': 0.6759284144448109, 'hidden_size': 57, 'dropout': 0.3008041758654798, 'hidden_continuous_size': 41, 'attention_head_size': 3, 'learning_rate': 0.009151189239547965}. Best is trial 11 with value: 282.0868835449219.
LOCAL_RANK: 0 - CUDA_VISIBLE_DEVICES: [0]
[I 2023-12-16 10:13:02,151] Trial 14 finished with value: 355.6960754394531 and parameters: {'gradient_clip_val': 0.9616567770538252, 'hidden_size': 51, 'dropout': 0.22131175851922313, 'hidden_continuous_size': 40, 'attention_head_size': 2, 'learning_rate': 0.002525424113462048}. Best is trial 11 with value: 282.0868835449219.
LOCAL_RANK: 0 - CUDA_VISIBLE_DEVICES: [0]
[I 2023-12-16 10:13:55,709] Trial 15 finished with value: 352.2383117675781 and parameters: {'gradient_clip_val': 0.9847208039560061, 'hidden_size': 60, 'dropout': 0.22605503367504892, 'hidden_continuous_size': 48, 'attention_head_size': 2, 'learning_rate': 0.002856889241185022}. Best is trial 11 with value: 282.0868835449219.
LOCAL_RANK: 0 - CUDA_VISIBLE_DEVICES: [0]
[I 2023-12-16 10:14:54,638] Trial 16 finished with value: 508.82861328125 and parameters: {'gradient_clip_val': 0.41968041204656814, 'hidden_size': 95, 'dropout': 0.3095754445417914, 'hidden_continuous_size': 91, 'attention_head_size': 4, 'learning_rate': 0.010022081326310653}. Best is trial 11 with value: 282.0868835449219.
LOCAL_RANK: 0 - CUDA_VISIBLE_DEVICES: [0]
[I 2023-12-16 10:15:50,128] Trial 17 finished with value: 617.4530639648438 and parameters: {'gradient_clip_val': 0.7554503268194125, 'hidden_size': 70, 'dropout': 0.25041686583430395, 'hidden_continuous_size': 54, 'attention_head_size': 3, 'learning_rate': 0.0048571847656223265}. Best is trial 11 with value: 282.0868835449219.
LOCAL_RANK: 0 - CUDA_VISIBLE_DEVICES: [0]
[I 2023-12-16 10:16:44,451] Trial 18 finished with value: 446.2193603515625 and parameters: {'gradient_clip_val': 0.5237401227751173, 'hidden_size': 63, 'dropout': 0.15032615334044788, 'hidden_continuous_size': 50, 'attention_head_size': 2, 'learning_rate': 0.014842636487771503}. Best is trial 11 with value: 282.0868835449219.
LOCAL_RANK: 0 - CUDA_VISIBLE_DEVICES: [0]
[I 2023-12-16 10:17:32,567] Trial 19 finished with value: 608.0928344726562 and parameters: {'gradient_clip_val': 0.7956466597503089, 'hidden_size': 24, 'dropout': 0.2174557025167583, 'hidden_continuous_size': 16, 'attention_head_size': 3, 'learning_rate': 0.002513170486466462}. Best is trial 11 with value: 282.0868835449219.
LOCAL_RANK: 0 - CUDA_VISIBLE_DEVICES: [0]
[I 2023-12-16 10:18:24,947] Trial 20 finished with value: 343.5272216796875 and parameters: {'gradient_clip_val': 0.962555059664024, 'hidden_size': 45, 'dropout': 0.33138300987031666, 'hidden_continuous_size': 23, 'attention_head_size': 2, 'learning_rate': 0.006888887781333252}. Best is trial 11 with value: 282.0868835449219.
LOCAL_RANK: 0 - CUDA_VISIBLE_DEVICES: [0]
[I 2023-12-16 10:19:17,929] Trial 21 finished with value: 434.5816650390625 and parameters: {'gradient_clip_val': 0.9804737974041008, 'hidden_size': 47, 'dropout': 0.34599143791737014, 'hidden_continuous_size': 26, 'attention_head_size': 2, 'learning_rate': 0.004911841136972296}. Best is trial 11 with value: 282.0868835449219.
LOCAL_RANK: 0 - CUDA_VISIBLE_DEVICES: [0]
[I 2023-12-16 10:20:13,673] Trial 22 finished with value: 360.5216369628906 and parameters: {'gradient_clip_val': 0.7644140727844225, 'hidden_size': 75, 'dropout': 0.2500639285721314, 'hidden_continuous_size': 51, 'attention_head_size': 2, 'learning_rate': 0.008599744559711003}. Best is trial 11 with value: 282.0868835449219.
LOCAL_RANK: 0 - CUDA_VISIBLE_DEVICES: [0]
[I 2023-12-16 10:21:05,805] Trial 23 finished with value: 345.0675964355469 and parameters: {'gradient_clip_val': 0.9939194813059574, 'hidden_size': 44, 'dropout': 0.33973921487860376, 'hidden_continuous_size': 20, 'attention_head_size': 2, 'learning_rate': 0.006421367829564696}. Best is trial 11 with value: 282.0868835449219.
LOCAL_RANK: 0 - CUDA_VISIBLE_DEVICES: [0]
[I 2023-12-16 10:21:58,847] Trial 24 finished with value: 512.7288208007812 and parameters: {'gradient_clip_val': 0.5788499061490328, 'hidden_size': 42, 'dropout': 0.34059621087446496, 'hidden_continuous_size': 19, 'attention_head_size': 3, 'learning_rate': 0.01674684893515201}. Best is trial 11 with value: 282.0868835449219.
LOCAL_RANK: 0 - CUDA_VISIBLE_DEVICES: [0]
[I 2023-12-16 10:22:51,973] Trial 25 finished with value: 373.2330322265625 and parameters: {'gradient_clip_val': 0.7835924916554864, 'hidden_size': 80, 'dropout': 0.3382064649875485, 'hidden_continuous_size': 12, 'attention_head_size': 2, 'learning_rate': 0.00675729177590442}. Best is trial 11 with value: 282.0868835449219.
LOCAL_RANK: 0 - CUDA_VISIBLE_DEVICES: [0]
[I 2023-12-16 10:23:44,214] Trial 26 finished with value: 570.7395629882812 and parameters: {'gradient_clip_val': 0.8001098845695881, 'hidden_size': 52, 'dropout': 0.36470872812711097, 'hidden_continuous_size': 22, 'attention_head_size': 1, 'learning_rate': 0.02200712281654045}. Best is trial 11 with value: 282.0868835449219.
LOCAL_RANK: 0 - CUDA_VISIBLE_DEVICES: [0]
[I 2023-12-16 10:24:35,953] Trial 27 finished with value: 430.8540344238281 and parameters: {'gradient_clip_val': 0.5367236147409522, 'hidden_size': 40, 'dropout': 0.3134645620169061, 'hidden_continuous_size': 20, 'attention_head_size': 3, 'learning_rate': 0.09431984569342138}. Best is trial 11 with value: 282.0868835449219.
LOCAL_RANK: 0 - CUDA_VISIBLE_DEVICES: [0]
[I 2023-12-16 10:25:25,759] Trial 28 finished with value: 459.88916015625 and parameters: {'gradient_clip_val': 0.665026627480019, 'hidden_size': 27, 'dropout': 0.2856279052016676, 'hidden_continuous_size': 14, 'attention_head_size': 4, 'learning_rate': 0.006477881005146779}. Best is trial 11 with value: 282.0868835449219.
LOCAL_RANK: 0 - CUDA_VISIBLE_DEVICES: [0]
[I 2023-12-16 10:26:14,138] Trial 29 finished with value: 352.850341796875 and parameters: {'gradient_clip_val': 0.8979900322403539, 'hidden_size': 18, 'dropout': 0.2787313201957815, 'hidden_continuous_size': 11, 'attention_head_size': 4, 'learning_rate': 0.003536325213950875}. Best is trial 11 with value: 282.0868835449219.
LOCAL_RANK: 0 - CUDA_VISIBLE_DEVICES: [0]
[I 2023-12-16 10:27:05,417] Trial 30 finished with value: 452.9020080566406 and parameters: {'gradient_clip_val': 0.9875144402012072, 'hidden_size': 40, 'dropout': 0.3993577014162111, 'hidden_continuous_size': 16, 'attention_head_size': 2, 'learning_rate': 0.006392880358526369}. Best is trial 11 with value: 282.0868835449219.
LOCAL_RANK: 0 - CUDA_VISIBLE_DEVICES: [0]
[I 2023-12-16 10:27:58,775] Trial 31 finished with value: 355.1080322265625 and parameters: {'gradient_clip_val': 0.8823222526448966, 'hidden_size': 66, 'dropout': 0.26880912544400265, 'hidden_continuous_size': 23, 'attention_head_size': 2, 'learning_rate': 0.0033749130150182677}. Best is trial 11 with value: 282.0868835449219.
LOCAL_RANK: 0 - CUDA_VISIBLE_DEVICES: [0]
[I 2023-12-16 10:28:52,109] Trial 32 finished with value: 811.0457153320312 and parameters: {'gradient_clip_val': 0.9962093638769819, 'hidden_size': 54, 'dropout': 0.3225643101007879, 'hidden_continuous_size': 34, 'attention_head_size': 2, 'learning_rate': 0.011571580207420322}. Best is trial 11 with value: 282.0868835449219.
LOCAL_RANK: 0 - CUDA_VISIBLE_DEVICES: [0]
[I 2023-12-16 10:29:45,555] Trial 33 finished with value: 583.4768676757812 and parameters: {'gradient_clip_val': 0.824209670244562, 'hidden_size': 59, 'dropout': 0.2940844165972194, 'hidden_continuous_size': 30, 'attention_head_size': 2, 'learning_rate': 0.000521460762092426}. Best is trial 11 with value: 282.0868835449219.
LOCAL_RANK: 0 - CUDA_VISIBLE_DEVICES: [0]
[I 2023-12-16 10:30:37,395] Trial 34 finished with value: 441.5428161621094 and parameters: {'gradient_clip_val': 0.7301025687259017, 'hidden_size': 30, 'dropout': 0.3698339151337885, 'hidden_continuous_size': 23, 'attention_head_size': 2, 'learning_rate': 0.006048353447127647}. Best is trial 11 with value: 282.0868835449219.
LOCAL_RANK: 0 - CUDA_VISIBLE_DEVICES: [0]
[I 2023-12-16 10:31:29,707] Trial 35 finished with value: 444.8751525878906 and parameters: {'gradient_clip_val': 0.867496367673035, 'hidden_size': 34, 'dropout': 0.2932887741671259, 'hidden_continuous_size': 18, 'attention_head_size': 3, 'learning_rate': 0.0031700153559209806}. Best is trial 11 with value: 282.0868835449219.
LOCAL_RANK: 0 - CUDA_VISIBLE_DEVICES: [0]
