[I 2023-12-15 12:16:07,142] Trial 13 finished with value: 0.1232922300696373 and parameters: {'gradient_clip_val': 0.275497902686656, 'hidden_size': 15, 'dropout': 0.23567893456713507, 'hidden_continuous_size': 7, 'attention_head_size': 3, 'learning_rate': 0.015694017725387553}. Best is trial 11 with value: 0.09833389520645142.
LOCAL_RANK: 0 - CUDA_VISIBLE_DEVICES: [0]
[I 2023-12-15 12:17:00,901] Trial 14 finished with value: 0.19048263132572174 and parameters: {'gradient_clip_val': 0.5065820045981835, 'hidden_size': 59, 'dropout': 0.2439440930469473, 'hidden_continuous_size': 27, 'attention_head_size': 2, 'learning_rate': 0.002057097180481749}. Best is trial 11 with value: 0.09833389520645142.
LOCAL_RANK: 0 - CUDA_VISIBLE_DEVICES: [0]
[I 2023-12-15 12:17:53,428] Trial 15 finished with value: 0.9461233019828796 and parameters: {'gradient_clip_val': 0.1973270218649417, 'hidden_size': 38, 'dropout': 0.13590452830830924, 'hidden_continuous_size': 17, 'attention_head_size': 3, 'learning_rate': 0.08812697116399591}. Best is trial 11 with value: 0.09833389520645142.
LOCAL_RANK: 0 - CUDA_VISIBLE_DEVICES: [0]
[I 2023-12-15 12:18:47,015] Trial 16 finished with value: 0.13256289064884186 and parameters: {'gradient_clip_val': 0.42140342218322036, 'hidden_size': 62, 'dropout': 0.2227057252691393, 'hidden_continuous_size': 39, 'attention_head_size': 1, 'learning_rate': 0.0005322619835491511}. Best is trial 11 with value: 0.09833389520645142.
LOCAL_RANK: 0 - CUDA_VISIBLE_DEVICES: [0]
[I 2023-12-15 12:19:43,659] Trial 17 finished with value: 0.09310245513916016 and parameters: {'gradient_clip_val': 0.6551786076535723, 'hidden_size': 95, 'dropout': 0.28172170133177815, 'hidden_continuous_size': 57, 'attention_head_size': 2, 'learning_rate': 0.012688569053087918}. Best is trial 17 with value: 0.09310245513916016.
LOCAL_RANK: 0 - CUDA_VISIBLE_DEVICES: [0]
[I 2023-12-15 12:20:41,134] Trial 18 finished with value: 0.08346609026193619 and parameters: {'gradient_clip_val': 0.6425857611971063, 'hidden_size': 85, 'dropout': 0.2747313236693469, 'hidden_continuous_size': 67, 'attention_head_size': 3, 'learning_rate': 0.01558822508645375}. Best is trial 18 with value: 0.08346609026193619.
LOCAL_RANK: 0 - CUDA_VISIBLE_DEVICES: [0]
[I 2023-12-15 12:21:40,069] Trial 19 finished with value: 0.4759911000728607 and parameters: {'gradient_clip_val': 0.6506710149639224, 'hidden_size': 97, 'dropout': 0.2777785817228113, 'hidden_continuous_size': 81, 'attention_head_size': 4, 'learning_rate': 0.010072455177475056}. Best is trial 18 with value: 0.08346609026193619.
LOCAL_RANK: 0 - CUDA_VISIBLE_DEVICES: [0]
[I 2023-12-15 12:22:35,425] Trial 20 finished with value: 0.18464910984039307 and parameters: {'gradient_clip_val': 0.6532303000958443, 'hidden_size': 67, 'dropout': 0.27514214663062947, 'hidden_continuous_size': 55, 'attention_head_size': 3, 'learning_rate': 0.014642906792833124}. Best is trial 18 with value: 0.08346609026193619.
LOCAL_RANK: 0 - CUDA_VISIBLE_DEVICES: [0]
[I 2023-12-15 12:23:30,583] Trial 21 finished with value: 0.13066823780536652 and parameters: {'gradient_clip_val': 0.6597973230615567, 'hidden_size': 71, 'dropout': 0.3058835985488782, 'hidden_continuous_size': 52, 'attention_head_size': 2, 'learning_rate': 0.02592342080276151}. Best is trial 18 with value: 0.08346609026193619.
LOCAL_RANK: 0 - CUDA_VISIBLE_DEVICES: [0]
[I 2023-12-15 12:24:27,483] Trial 22 finished with value: 0.12303799390792847 and parameters: {'gradient_clip_val': 0.4445256939030165, 'hidden_size': 93, 'dropout': 0.2583020995251184, 'hidden_continuous_size': 63, 'attention_head_size': 3, 'learning_rate': 0.02458775264794833}. Best is trial 18 with value: 0.08346609026193619.
LOCAL_RANK: 0 - CUDA_VISIBLE_DEVICES: [0]
[I 2023-12-15 12:25:20,976] Trial 23 finished with value: 0.09838513284921646 and parameters: {'gradient_clip_val': 0.5493352798806403, 'hidden_size': 51, 'dropout': 0.21844021398999697, 'hidden_continuous_size': 34, 'attention_head_size': 2, 'learning_rate': 0.00931367124341301}. Best is trial 18 with value: 0.08346609026193619.
LOCAL_RANK: 0 - CUDA_VISIBLE_DEVICES: [0]
[I 2023-12-15 12:26:16,402] Trial 24 finished with value: 0.12095001339912415 and parameters: {'gradient_clip_val': 0.7882592473001581, 'hidden_size': 70, 'dropout': 0.2570979421758388, 'hidden_continuous_size': 43, 'attention_head_size': 3, 'learning_rate': 0.052044763722688424}. Best is trial 18 with value: 0.08346609026193619.
LOCAL_RANK: 0 - CUDA_VISIBLE_DEVICES: [0]
[I 2023-12-15 12:27:14,015] Trial 25 finished with value: 0.1836823672056198 and parameters: {'gradient_clip_val': 0.6213692451303543, 'hidden_size': 100, 'dropout': 0.3121539955717762, 'hidden_continuous_size': 89, 'attention_head_size': 2, 'learning_rate': 0.026563447187972752}. Best is trial 18 with value: 0.08346609026193619.
LOCAL_RANK: 0 - CUDA_VISIBLE_DEVICES: [0]
[I 2023-12-15 12:28:07,603] Trial 26 finished with value: 0.08410656452178955 and parameters: {'gradient_clip_val': 0.4685042884638154, 'hidden_size': 76, 'dropout': 0.14707183821052466, 'hidden_continuous_size': 48, 'attention_head_size': 1, 'learning_rate': 0.011810861752716251}. Best is trial 18 with value: 0.08346609026193619.
LOCAL_RANK: 0 - CUDA_VISIBLE_DEVICES: [0]
[I 2023-12-15 12:29:00,993] Trial 27 finished with value: 0.09915948659181595 and parameters: {'gradient_clip_val': 0.7429584276470274, 'hidden_size': 55, 'dropout': 0.2780281124294425, 'hidden_continuous_size': 33, 'attention_head_size': 1, 'learning_rate': 0.010294350160866677}. Best is trial 18 with value: 0.08346609026193619.
LOCAL_RANK: 0 - CUDA_VISIBLE_DEVICES: [0]
[I 2023-12-15 12:29:55,692] Trial 28 finished with value: 1.236807942390442 and parameters: {'gradient_clip_val': 0.9435546019709331, 'hidden_size': 73, 'dropout': 0.3206934156624159, 'hidden_continuous_size': 52, 'attention_head_size': 1, 'learning_rate': 0.013971905509034491}. Best is trial 18 with value: 0.08346609026193619.
LOCAL_RANK: 0 - CUDA_VISIBLE_DEVICES: [0]
[I 2023-12-15 12:30:47,632] Trial 29 finished with value: 0.06252052634954453 and parameters: {'gradient_clip_val': 0.5125986651086779, 'hidden_size': 37, 'dropout': 0.1537385245649828, 'hidden_continuous_size': 26, 'attention_head_size': 1, 'learning_rate': 0.006291983724890622}. Best is trial 29 with value: 0.06252052634954453.
LOCAL_RANK: 0 - CUDA_VISIBLE_DEVICES: [0]
[I 2023-12-15 12:31:39,914] Trial 30 finished with value: 0.09914221614599228 and parameters: {'gradient_clip_val': 0.5505763227900359, 'hidden_size': 39, 'dropout': 0.15782613208017973, 'hidden_continuous_size': 27, 'attention_head_size': 1, 'learning_rate': 0.005485483026534784}. Best is trial 29 with value: 0.06252052634954453.
LOCAL_RANK: 0 - CUDA_VISIBLE_DEVICES: [0]
[I 2023-12-15 12:32:34,791] Trial 31 finished with value: 0.10265662521123886 and parameters: {'gradient_clip_val': 0.48614517993243517, 'hidden_size': 77, 'dropout': 0.14711418448925562, 'hidden_continuous_size': 62, 'attention_head_size': 1, 'learning_rate': 0.008211815796813}. Best is trial 29 with value: 0.06252052634954453.
LOCAL_RANK: 0 - CUDA_VISIBLE_DEVICES: [0]
[I 2023-12-15 12:33:27,571] Trial 32 finished with value: 0.4238469898700714 and parameters: {'gradient_clip_val': 0.6090557644893, 'hidden_size': 51, 'dropout': 0.20242920841073725, 'hidden_continuous_size': 28, 'attention_head_size': 1, 'learning_rate': 0.006548783655983087}. Best is trial 29 with value: 0.06252052634954453.
LOCAL_RANK: 0 - CUDA_VISIBLE_DEVICES: [0]
[I 2023-12-15 12:34:20,253] Trial 33 finished with value: 0.10819969326257706 and parameters: {'gradient_clip_val': 0.6728184614420551, 'hidden_size': 46, 'dropout': 0.15817012659036947, 'hidden_continuous_size': 30, 'attention_head_size': 1, 'learning_rate': 0.012565385660390897}. Best is trial 29 with value: 0.06252052634954453.
LOCAL_RANK: 0 - CUDA_VISIBLE_DEVICES: [0]
[I 2023-12-15 12:35:13,084] Trial 34 finished with value: 0.13771961629390717 and parameters: {'gradient_clip_val': 0.7513585009248355, 'hidden_size': 60, 'dropout': 0.12389929341143695, 'hidden_continuous_size': 22, 'attention_head_size': 2, 'learning_rate': 0.02025704293043126}. Best is trial 29 with value: 0.06252052634954453.
LOCAL_RANK: 0 - CUDA_VISIBLE_DEVICES: [0]
[I 2023-12-15 12:36:08,540] Trial 35 finished with value: 0.1363137811422348 and parameters: {'gradient_clip_val': 0.4905991772898371, 'hidden_size': 77, 'dropout': 0.13135419814206, 'hidden_continuous_size': 47, 'attention_head_size': 3, 'learning_rate': 0.00701956865398895}. Best is trial 29 with value: 0.06252052634954453.
LOCAL_RANK: 0 - CUDA_VISIBLE_DEVICES: [0]
[I 2023-12-15 12:37:00,720] Trial 36 finished with value: 0.07269766181707382 and parameters: {'gradient_clip_val': 0.8286593400526376, 'hidden_size': 44, 'dropout': 0.2052030458750187, 'hidden_continuous_size': 33, 'attention_head_size': 1, 'learning_rate': 0.00393208310869569}. Best is trial 29 with value: 0.06252052634954453.
LOCAL_RANK: 0 - CUDA_VISIBLE_DEVICES: [0]
[I 2023-12-15 12:37:52,836] Trial 37 finished with value: 0.13181395828723907 and parameters: {'gradient_clip_val': 0.9349993714783789, 'hidden_size': 42, 'dropout': 0.1588119061892786, 'hidden_continuous_size': 24, 'attention_head_size': 1, 'learning_rate': 0.004378040793278804}. Best is trial 29 with value: 0.06252052634954453.
LOCAL_RANK: 0 - CUDA_VISIBLE_DEVICES: [0]
[I 2023-12-15 12:38:44,738] Trial 38 finished with value: 0.26921308040618896 and parameters: {'gradient_clip_val': 0.8251908241754873, 'hidden_size': 35, 'dropout': 0.19044827538800593, 'hidden_continuous_size': 24, 'attention_head_size': 1, 'learning_rate': 0.0035763794532964804}. Best is trial 29 with value: 0.06252052634954453.
LOCAL_RANK: 0 - CUDA_VISIBLE_DEVICES: [0]
[I 2023-12-15 12:39:37,438] Trial 39 finished with value: 0.07809576392173767 and parameters: {'gradient_clip_val': 0.8128300614451176, 'hidden_size': 33, 'dropout': 0.17183122619220276, 'hidden_continuous_size': 20, 'attention_head_size': 4, 'learning_rate': 0.006933509442866414}. Best is trial 29 with value: 0.06252052634954453.
LOCAL_RANK: 0 - CUDA_VISIBLE_DEVICES: [0]
[I 2023-12-15 12:40:29,771] Trial 40 finished with value: 1.537645936012268 and parameters: {'gradient_clip_val': 0.8240587624287956, 'hidden_size': 33, 'dropout': 0.20626700191505287, 'hidden_continuous_size': 20, 'attention_head_size': 4, 'learning_rate': 0.007902158589950832}. Best is trial 29 with value: 0.06252052634954453.
LOCAL_RANK: 0 - CUDA_VISIBLE_DEVICES: [0]
[I 2023-12-15 12:41:23,332] Trial 41 finished with value: 0.16201530396938324 and parameters: {'gradient_clip_val': 0.7165542095183666, 'hidden_size': 42, 'dropout': 0.17209411153683182, 'hidden_continuous_size': 31, 'attention_head_size': 4, 'learning_rate': 0.005298844334056339}. Best is trial 29 with value: 0.06252052634954453.
LOCAL_RANK: 0 - CUDA_VISIBLE_DEVICES: [0]
[I 2023-12-15 12:42:17,515] Trial 42 finished with value: 0.29022887349128723 and parameters: {'gradient_clip_val': 0.8660227281116079, 'hidden_size': 47, 'dropout': 0.1695191961362032, 'hidden_continuous_size': 35, 'attention_head_size': 4, 'learning_rate': 0.0028965031199771215}. Best is trial 29 with value: 0.06252052634954453.
LOCAL_RANK: 0 - CUDA_VISIBLE_DEVICES: [0]
[I 2023-12-15 12:43:10,019] Trial 43 finished with value: 0.3774295151233673 and parameters: {'gradient_clip_val': 0.963884801258295, 'hidden_size': 30, 'dropout': 0.19230838920004595, 'hidden_continuous_size': 24, 'attention_head_size': 4, 'learning_rate': 0.006754948453670764}. Best is trial 29 with value: 0.06252052634954453.
LOCAL_RANK: 0 - CUDA_VISIBLE_DEVICES: [0]
[I 2023-12-15 12:44:03,850] Trial 44 finished with value: 0.19335876405239105 and parameters: {'gradient_clip_val': 0.7212423102137896, 'hidden_size': 57, 'dropout': 0.17847832757214155, 'hidden_continuous_size': 39, 'attention_head_size': 1, 'learning_rate': 0.004619367771062144}. Best is trial 29 with value: 0.06252052634954453.
LOCAL_RANK: 0 - CUDA_VISIBLE_DEVICES: [0]
[I 2023-12-15 12:44:55,339] Trial 45 finished with value: 0.06531790643930435 and parameters: {'gradient_clip_val': 0.588097868283562, 'hidden_size': 48, 'dropout': 0.1203872086787943, 'hidden_continuous_size': 31, 'attention_head_size': 1, 'learning_rate': 0.008571910681424794}. Best is trial 29 with value: 0.06252052634954453.
LOCAL_RANK: 0 - CUDA_VISIBLE_DEVICES: [0]
[I 2023-12-15 12:45:44,835] Trial 46 finished with value: 0.3430650234222412 and parameters: {'gradient_clip_val': 0.5788458745733441, 'hidden_size': 28, 'dropout': 0.1838118799910813, 'hidden_continuous_size': 20, 'attention_head_size': 3, 'learning_rate': 0.008345998783038232}. Best is trial 29 with value: 0.06252052634954453.
LOCAL_RANK: 0 - CUDA_VISIBLE_DEVICES: [0]
[I 2023-12-15 12:46:36,578] Trial 47 finished with value: 1.0104713439941406 and parameters: {'gradient_clip_val': 0.8637895624570356, 'hidden_size': 36, 'dropout': 0.11803347389910328, 'hidden_continuous_size': 18, 'attention_head_size': 4, 'learning_rate': 0.006757152213917402}. Best is trial 29 with value: 0.06252052634954453.
LOCAL_RANK: 0 - CUDA_VISIBLE_DEVICES: [0]
[I 2023-12-15 12:47:28,839] Trial 48 finished with value: 0.14439702033996582 and parameters: {'gradient_clip_val': 0.5666403330170171, 'hidden_size': 45, 'dropout': 0.1417853218530383, 'hidden_continuous_size': 31, 'attention_head_size': 1, 'learning_rate': 0.01808152408844252}. Best is trial 29 with value: 0.06252052634954453.
LOCAL_RANK: 0 - CUDA_VISIBLE_DEVICES: [0]
[I 2023-12-15 12:48:21,727] Trial 49 finished with value: 0.21903003752231598 and parameters: {'gradient_clip_val': 0.7785282079986288, 'hidden_size': 33, 'dropout': 0.12498058263013248, 'hidden_continuous_size': 26, 'attention_head_size': 3, 'learning_rate': 0.003947888808962267}. Best is trial 29 with value: 0.06252052634954453.
[I 2023-12-15 12:48:21,820] A new study created in memory with name: no-name-617f731f-b51b-4bcd-94aa-2aa2064fd0d3
/home/le004/conda/anaconda3/envs/tsff_env/lib/python3.9/site-packages/lightning/fabric/plugins/environments/slurm.py:191: The `srun` command is available on your system but is not used. HINT: If your intention is to run Lightning on SLURM, prepend your python command with `srun` like so: srun python /home/le004/master_thesis/git/TSFusionForecast/code/ ...
LOCAL_RANK: 0 - CUDA_VISIBLE_DEVICES: [0]
[I 2023-12-15 12:49:10,741] Trial 0 finished with value: 0.060178931802511215 and parameters: {'gradient_clip_val': 0.28342214170487146, 'hidden_size': 34, 'dropout': 0.3131490168773066, 'hidden_continuous_size': 9, 'attention_head_size': 1, 'learning_rate': 0.006122348423256321}. Best is trial 0 with value: 0.060178931802511215.
LOCAL_RANK: 0 - CUDA_VISIBLE_DEVICES: [0]
[I 2023-12-15 12:49:44,671] Trial 1 finished with value: 0.28991082310676575 and parameters: {'gradient_clip_val': 0.3625728424505915, 'hidden_size': 9, 'dropout': 0.17150067599334268, 'hidden_continuous_size': 9, 'attention_head_size': 1, 'learning_rate': 0.008906346759456688}. Best is trial 0 with value: 0.060178931802511215.
LOCAL_RANK: 0 - CUDA_VISIBLE_DEVICES: [0]
[I 2023-12-15 12:50:19,160] Trial 2 finished with value: 0.10733821243047714 and parameters: {'gradient_clip_val': 0.2869325984945073, 'hidden_size': 5, 'dropout': 0.3772232830907829, 'hidden_continuous_size': 5, 'attention_head_size': 2, 'learning_rate': 0.051717992140728274}. Best is trial 0 with value: 0.060178931802511215.
LOCAL_RANK: 0 - CUDA_VISIBLE_DEVICES: [0]
[I 2023-12-15 12:51:04,161] Trial 3 finished with value: 0.24670548737049103 and parameters: {'gradient_clip_val': 0.1454910276980591, 'hidden_size': 16, 'dropout': 0.2616773259017203, 'hidden_continuous_size': 6, 'attention_head_size': 4, 'learning_rate': 0.003842843542991847}. Best is trial 0 with value: 0.060178931802511215.
LOCAL_RANK: 0 - CUDA_VISIBLE_DEVICES: [0]
[I 2023-12-15 12:51:49,678] Trial 4 finished with value: 0.1637970507144928 and parameters: {'gradient_clip_val': 0.15143658918601338, 'hidden_size': 16, 'dropout': 0.21026429296753152, 'hidden_continuous_size': 10, 'attention_head_size': 3, 'learning_rate': 0.003936288230442534}. Best is trial 0 with value: 0.060178931802511215.
LOCAL_RANK: 0 - CUDA_VISIBLE_DEVICES: [0]
[I 2023-12-15 12:52:42,620] Trial 5 finished with value: 0.12985993921756744 and parameters: {'gradient_clip_val': 0.7982181769310962, 'hidden_size': 46, 'dropout': 0.21945084237763596, 'hidden_continuous_size': 38, 'attention_head_size': 1, 'learning_rate': 0.011674185321409757}. Best is trial 0 with value: 0.060178931802511215.
LOCAL_RANK: 0 - CUDA_VISIBLE_DEVICES: [0]
[I 2023-12-15 12:53:35,196] Trial 6 finished with value: 0.17758989334106445 and parameters: {'gradient_clip_val': 0.6926645354270744, 'hidden_size': 56, 'dropout': 0.16373070821672006, 'hidden_continuous_size': 21, 'attention_head_size': 3, 'learning_rate': 0.000528946473836423}. Best is trial 0 with value: 0.060178931802511215.
LOCAL_RANK: 0 - CUDA_VISIBLE_DEVICES: [0]
[I 2023-12-15 12:54:08,875] Trial 7 finished with value: 0.14922088384628296 and parameters: {'gradient_clip_val': 0.6253803084940182, 'hidden_size': 5, 'dropout': 0.30983701934759506, 'hidden_continuous_size': 5, 'attention_head_size': 1, 'learning_rate': 0.007983726483135922}. Best is trial 0 with value: 0.060178931802511215.
LOCAL_RANK: 0 - CUDA_VISIBLE_DEVICES: [0]
[I 2023-12-15 12:54:42,732] Trial 8 finished with value: 1.1072062253952026 and parameters: {'gradient_clip_val': 0.17916631520276155, 'hidden_size': 7, 'dropout': 0.3724322880357862, 'hidden_continuous_size': 7, 'attention_head_size': 1, 'learning_rate': 0.0010392267790867743}. Best is trial 0 with value: 0.060178931802511215.
LOCAL_RANK: 0 - CUDA_VISIBLE_DEVICES: [0]
[I 2023-12-15 12:55:29,312] Trial 9 finished with value: 0.04716488718986511 and parameters: {'gradient_clip_val': 0.1569930741716117, 'hidden_size': 15, 'dropout': 0.15956348011286284, 'hidden_continuous_size': 8, 'attention_head_size': 4, 'learning_rate': 0.014963289365857592}. Best is trial 9 with value: 0.04716488718986511.
LOCAL_RANK: 0 - CUDA_VISIBLE_DEVICES: [0]
[I 2023-12-15 12:56:24,162] Trial 10 finished with value: 0.06842701882123947 and parameters: {'gradient_clip_val': 0.11309064490713545, 'hidden_size': 78, 'dropout': 0.1149687593288814, 'hidden_continuous_size': 16, 'attention_head_size': 4, 'learning_rate': 0.09843530971286307}. Best is trial 9 with value: 0.04716488718986511.
LOCAL_RANK: 0 - CUDA_VISIBLE_DEVICES: [0]
[I 2023-12-15 12:57:13,340] Trial 11 finished with value: 0.06087641790509224 and parameters: {'gradient_clip_val': 0.22991904362431761, 'hidden_size': 29, 'dropout': 0.2774770460589788, 'hidden_continuous_size': 9, 'attention_head_size': 2, 'learning_rate': 0.023344077291438007}. Best is trial 9 with value: 0.04716488718986511.
LOCAL_RANK: 0 - CUDA_VISIBLE_DEVICES: [0]
[I 2023-12-15 12:58:02,463] Trial 12 finished with value: 0.0837346613407135 and parameters: {'gradient_clip_val': 0.38185562612342666, 'hidden_size': 29, 'dropout': 0.3154913160312305, 'hidden_continuous_size': 7, 'attention_head_size': 3, 'learning_rate': 0.023867898497323663}. Best is trial 9 with value: 0.04716488718986511.
LOCAL_RANK: 0 - CUDA_VISIBLE_DEVICES: [0]
[I 2023-12-15 12:58:50,966] Trial 13 finished with value: 0.32734134793281555 and parameters: {'gradient_clip_val': 0.10116437863795556, 'hidden_size': 22, 'dropout': 0.10643171493720543, 'hidden_continuous_size': 8, 'attention_head_size': 2, 'learning_rate': 0.0032257546842046955}. Best is trial 9 with value: 0.04716488718986511.
LOCAL_RANK: 0 - CUDA_VISIBLE_DEVICES: [0]
[I 2023-12-15 12:59:35,912] Trial 14 finished with value: 0.06071290746331215 and parameters: {'gradient_clip_val': 0.23638900355214074, 'hidden_size': 12, 'dropout': 0.3195829807658416, 'hidden_continuous_size': 6, 'attention_head_size': 4, 'learning_rate': 0.02250239115435453}. Best is trial 9 with value: 0.04716488718986511.
LOCAL_RANK: 0 - CUDA_VISIBLE_DEVICES: [0]
[I 2023-12-15 13:00:26,457] Trial 15 finished with value: 0.08106327056884766 and parameters: {'gradient_clip_val': 0.46357450539136946, 'hidden_size': 34, 'dropout': 0.24457361074975148, 'hidden_continuous_size': 12, 'attention_head_size': 3, 'learning_rate': 0.001718314328255247}. Best is trial 9 with value: 0.04716488718986511.
LOCAL_RANK: 0 - CUDA_VISIBLE_DEVICES: [0]
[I 2023-12-15 13:01:24,204] Trial 16 finished with value: 0.07787227630615234 and parameters: {'gradient_clip_val': 0.21508556373892526, 'hidden_size': 97, 'dropout': 0.1618793098093349, 'hidden_continuous_size': 86, 'attention_head_size': 2, 'learning_rate': 0.01555463429281016}. Best is trial 9 with value: 0.04716488718986511.
LOCAL_RANK: 0 - CUDA_VISIBLE_DEVICES: [0]
[I 2023-12-15 13:02:12,349] Trial 17 finished with value: 0.8125634789466858 and parameters: {'gradient_clip_val': 0.2989242696741859, 'hidden_size': 19, 'dropout': 0.39678879863213345, 'hidden_continuous_size': 7, 'attention_head_size': 4, 'learning_rate': 0.004554492607891159}. Best is trial 9 with value: 0.04716488718986511.
LOCAL_RANK: 0 - CUDA_VISIBLE_DEVICES: [0]
[I 2023-12-15 13:02:56,465] Trial 18 finished with value: 0.1386173516511917 and parameters: {'gradient_clip_val': 0.1743859446417701, 'hidden_size': 12, 'dropout': 0.28803634892705776, 'hidden_continuous_size': 6, 'attention_head_size': 2, 'learning_rate': 0.005774168459261004}. Best is trial 9 with value: 0.04716488718986511.
LOCAL_RANK: 0 - CUDA_VISIBLE_DEVICES: [0]
[I 2023-12-15 13:03:47,215] Trial 19 finished with value: 0.08311895281076431 and parameters: {'gradient_clip_val': 0.1281960514331208, 'hidden_size': 40, 'dropout': 0.34883986305804005, 'hidden_continuous_size': 11, 'attention_head_size': 3, 'learning_rate': 0.012205705321867044}. Best is trial 9 with value: 0.04716488718986511.
LOCAL_RANK: 0 - CUDA_VISIBLE_DEVICES: [0]
