[I 2023-12-16 05:23:13,322] Trial 33 finished with value: 11.942431449890137 and parameters: {'gradient_clip_val': 0.8956136331037945, 'hidden_size': 22, 'dropout': 0.37866567186716876, 'hidden_continuous_size': 15, 'attention_head_size': 4, 'learning_rate': 0.0010161039726841942}. Best is trial 11 with value: 9.20149040222168.
LOCAL_RANK: 0 - CUDA_VISIBLE_DEVICES: [0]
[I 2023-12-16 05:24:06,899] Trial 34 finished with value: 17.871999740600586 and parameters: {'gradient_clip_val': 0.6996490161419456, 'hidden_size': 51, 'dropout': 0.33150982731376033, 'hidden_continuous_size': 17, 'attention_head_size': 4, 'learning_rate': 0.0007660157330027906}. Best is trial 11 with value: 9.20149040222168.
LOCAL_RANK: 0 - CUDA_VISIBLE_DEVICES: [0]
[I 2023-12-16 05:24:58,512] Trial 35 finished with value: 11.196473121643066 and parameters: {'gradient_clip_val': 0.8708531855408371, 'hidden_size': 34, 'dropout': 0.3528953078001108, 'hidden_continuous_size': 16, 'attention_head_size': 4, 'learning_rate': 0.0014215297535916623}. Best is trial 11 with value: 9.20149040222168.
LOCAL_RANK: 0 - CUDA_VISIBLE_DEVICES: [0]
[I 2023-12-16 05:25:47,177] Trial 36 finished with value: 11.825749397277832 and parameters: {'gradient_clip_val': 0.7789527348363487, 'hidden_size': 19, 'dropout': 0.37998201163968565, 'hidden_continuous_size': 11, 'attention_head_size': 3, 'learning_rate': 0.0006670264452538386}. Best is trial 11 with value: 9.20149040222168.
LOCAL_RANK: 0 - CUDA_VISIBLE_DEVICES: [0]
[I 2023-12-16 05:26:33,533] Trial 37 finished with value: 12.141803741455078 and parameters: {'gradient_clip_val': 0.6579597455309439, 'hidden_size': 13, 'dropout': 0.3144399427016784, 'hidden_continuous_size': 7, 'attention_head_size': 4, 'learning_rate': 0.0011300851948196854}. Best is trial 11 with value: 9.20149040222168.
LOCAL_RANK: 0 - CUDA_VISIBLE_DEVICES: [0]
[I 2023-12-16 05:27:23,228] Trial 38 finished with value: 10.912930488586426 and parameters: {'gradient_clip_val': 0.8838346696768394, 'hidden_size': 25, 'dropout': 0.3389345124177693, 'hidden_continuous_size': 14, 'attention_head_size': 4, 'learning_rate': 0.0007203160196013665}. Best is trial 11 with value: 9.20149040222168.
LOCAL_RANK: 0 - CUDA_VISIBLE_DEVICES: [0]
[I 2023-12-16 05:28:15,671] Trial 39 finished with value: 17.13995361328125 and parameters: {'gradient_clip_val': 0.9935095228738653, 'hidden_size': 54, 'dropout': 0.36137686758740395, 'hidden_continuous_size': 20, 'attention_head_size': 1, 'learning_rate': 0.0018481986111129}. Best is trial 11 with value: 9.20149040222168.
LOCAL_RANK: 0 - CUDA_VISIBLE_DEVICES: [0]
[I 2023-12-16 05:29:05,156] Trial 40 finished with value: 16.390806198120117 and parameters: {'gradient_clip_val': 0.71750199701121, 'hidden_size': 30, 'dropout': 0.387117950200313, 'hidden_continuous_size': 12, 'attention_head_size': 3, 'learning_rate': 0.0013506385711627013}. Best is trial 11 with value: 9.20149040222168.
LOCAL_RANK: 0 - CUDA_VISIBLE_DEVICES: [0]
[I 2023-12-16 05:29:53,445] Trial 41 finished with value: 14.83354663848877 and parameters: {'gradient_clip_val': 0.8255159830215769, 'hidden_size': 24, 'dropout': 0.29658463583640393, 'hidden_continuous_size': 12, 'attention_head_size': 4, 'learning_rate': 0.0005292984337987658}. Best is trial 11 with value: 9.20149040222168.
LOCAL_RANK: 0 - CUDA_VISIBLE_DEVICES: [0]
[I 2023-12-16 05:30:42,237] Trial 42 finished with value: 10.0899076461792 and parameters: {'gradient_clip_val': 0.7915084374030673, 'hidden_size': 28, 'dropout': 0.2958403439966408, 'hidden_continuous_size': 15, 'attention_head_size': 4, 'learning_rate': 0.0006791114287636161}. Best is trial 11 with value: 9.20149040222168.
LOCAL_RANK: 0 - CUDA_VISIBLE_DEVICES: [0]
[I 2023-12-16 05:31:29,755] Trial 43 finished with value: 10.98208999633789 and parameters: {'gradient_clip_val': 0.9223365784183648, 'hidden_size': 17, 'dropout': 0.2738462286322039, 'hidden_continuous_size': 10, 'attention_head_size': 4, 'learning_rate': 0.0007059710106936953}. Best is trial 11 with value: 9.20149040222168.
LOCAL_RANK: 0 - CUDA_VISIBLE_DEVICES: [0]
[I 2023-12-16 05:32:21,021] Trial 44 finished with value: 13.622517585754395 and parameters: {'gradient_clip_val': 0.7596252142460365, 'hidden_size': 31, 'dropout': 0.36647091922755715, 'hidden_continuous_size': 18, 'attention_head_size': 4, 'learning_rate': 0.0010567781285828139}. Best is trial 11 with value: 9.20149040222168.
LOCAL_RANK: 0 - CUDA_VISIBLE_DEVICES: [0]
[I 2023-12-16 05:33:13,784] Trial 45 finished with value: 14.950820922851562 and parameters: {'gradient_clip_val': 0.6772219508786174, 'hidden_size': 39, 'dropout': 0.32850083724462736, 'hidden_continuous_size': 15, 'attention_head_size': 4, 'learning_rate': 0.0008406018618429103}. Best is trial 11 with value: 9.20149040222168.
LOCAL_RANK: 0 - CUDA_VISIBLE_DEVICES: [0]
[I 2023-12-16 05:34:05,081] Trial 46 finished with value: 10.835156440734863 and parameters: {'gradient_clip_val': 0.8983566529506952, 'hidden_size': 35, 'dropout': 0.3496141468436442, 'hidden_continuous_size': 16, 'attention_head_size': 2, 'learning_rate': 0.000637620519905003}. Best is trial 11 with value: 9.20149040222168.
LOCAL_RANK: 0 - CUDA_VISIBLE_DEVICES: [0]
[I 2023-12-16 05:34:57,165] Trial 47 finished with value: 13.889300346374512 and parameters: {'gradient_clip_val': 0.795832965122361, 'hidden_size': 48, 'dropout': 0.31868931851064597, 'hidden_continuous_size': 23, 'attention_head_size': 3, 'learning_rate': 0.0009424320456854388}. Best is trial 11 with value: 9.20149040222168.
LOCAL_RANK: 0 - CUDA_VISIBLE_DEVICES: [0]
[I 2023-12-16 05:35:50,199] Trial 48 finished with value: 11.224940299987793 and parameters: {'gradient_clip_val': 0.6162476897032694, 'hidden_size': 42, 'dropout': 0.303162075244816, 'hidden_continuous_size': 19, 'attention_head_size': 4, 'learning_rate': 0.0014822974685614766}. Best is trial 11 with value: 9.20149040222168.
LOCAL_RANK: 0 - CUDA_VISIBLE_DEVICES: [0]
[I 2023-12-16 05:36:40,046] Trial 49 finished with value: 17.116708755493164 and parameters: {'gradient_clip_val': 0.9983184055925928, 'hidden_size': 23, 'dropout': 0.38657334954162126, 'hidden_continuous_size': 14, 'attention_head_size': 4, 'learning_rate': 0.0022863652430543543}. Best is trial 11 with value: 9.20149040222168.
[I 2023-12-16 05:36:40,139] A new study created in memory with name: no-name-dad25d57-595e-4264-a17e-160f41814d14
/home/le004/conda/anaconda3/envs/tsff_env/lib/python3.9/site-packages/lightning/fabric/plugins/environments/slurm.py:191: The `srun` command is available on your system but is not used. HINT: If your intention is to run Lightning on SLURM, prepend your python command with `srun` like so: srun python /home/le004/master_thesis/git/TSFusionForecast/code/ ...
LOCAL_RANK: 0 - CUDA_VISIBLE_DEVICES: [0]
[I 2023-12-16 05:37:24,338] Trial 0 finished with value: 5.426591873168945 and parameters: {'gradient_clip_val': 0.41640040110096666, 'hidden_size': 8, 'dropout': 0.3487253117394197, 'hidden_continuous_size': 6, 'attention_head_size': 3, 'learning_rate': 0.016798674418720697}. Best is trial 0 with value: 5.426591873168945.
LOCAL_RANK: 0 - CUDA_VISIBLE_DEVICES: [0]
[I 2023-12-16 05:38:18,019] Trial 1 finished with value: 7.056458950042725 and parameters: {'gradient_clip_val': 0.6618116336991734, 'hidden_size': 59, 'dropout': 0.17046399883846902, 'hidden_continuous_size': 8, 'attention_head_size': 4, 'learning_rate': 0.01300388737420613}. Best is trial 0 with value: 5.426591873168945.
LOCAL_RANK: 0 - CUDA_VISIBLE_DEVICES: [0]
[I 2023-12-16 05:39:03,559] Trial 2 finished with value: 5.318256855010986 and parameters: {'gradient_clip_val': 0.42679545646530714, 'hidden_size': 7, 'dropout': 0.10192980608314715, 'hidden_continuous_size': 5, 'attention_head_size': 4, 'learning_rate': 0.0017903785746363745}. Best is trial 2 with value: 5.318256855010986.
LOCAL_RANK: 0 - CUDA_VISIBLE_DEVICES: [0]
[I 2023-12-16 05:39:55,490] Trial 3 finished with value: 5.409845352172852 and parameters: {'gradient_clip_val': 0.15912264040623106, 'hidden_size': 45, 'dropout': 0.2897823634677814, 'hidden_continuous_size': 21, 'attention_head_size': 1, 'learning_rate': 0.055645745767333984}. Best is trial 2 with value: 5.318256855010986.
LOCAL_RANK: 0 - CUDA_VISIBLE_DEVICES: [0]
[I 2023-12-16 05:40:28,760] Trial 4 finished with value: 5.350972652435303 and parameters: {'gradient_clip_val': 0.5329145669795973, 'hidden_size': 12, 'dropout': 0.29478057835099386, 'hidden_continuous_size': 12, 'attention_head_size': 1, 'learning_rate': 0.004951910118307897}. Best is trial 2 with value: 5.318256855010986.
LOCAL_RANK: 0 - CUDA_VISIBLE_DEVICES: [0]
[I 2023-12-16 05:41:20,961] Trial 5 finished with value: 8.135708808898926 and parameters: {'gradient_clip_val': 0.5927884635591658, 'hidden_size': 47, 'dropout': 0.21947280992765175, 'hidden_continuous_size': 15, 'attention_head_size': 2, 'learning_rate': 0.07309069488919483}. Best is trial 2 with value: 5.318256855010986.
LOCAL_RANK: 0 - CUDA_VISIBLE_DEVICES: [0]
[I 2023-12-16 05:42:13,569] Trial 6 finished with value: 5.772008419036865 and parameters: {'gradient_clip_val': 0.8625450373895825, 'hidden_size': 42, 'dropout': 0.14863641758463425, 'hidden_continuous_size': 17, 'attention_head_size': 3, 'learning_rate': 0.014909285209527941}. Best is trial 2 with value: 5.318256855010986.
LOCAL_RANK: 0 - CUDA_VISIBLE_DEVICES: [0]
[I 2023-12-16 05:42:47,198] Trial 7 finished with value: 6.020272731781006 and parameters: {'gradient_clip_val': 0.24911185985669546, 'hidden_size': 6, 'dropout': 0.25163870220673257, 'hidden_continuous_size': 6, 'attention_head_size': 1, 'learning_rate': 0.023271878345392637}. Best is trial 2 with value: 5.318256855010986.
LOCAL_RANK: 0 - CUDA_VISIBLE_DEVICES: [0]
[I 2023-12-16 05:43:37,070] Trial 8 finished with value: 6.398295879364014 and parameters: {'gradient_clip_val': 0.3359682589772798, 'hidden_size': 29, 'dropout': 0.27544504543793125, 'hidden_continuous_size': 17, 'attention_head_size': 3, 'learning_rate': 0.005197706593227875}. Best is trial 2 with value: 5.318256855010986.
LOCAL_RANK: 0 - CUDA_VISIBLE_DEVICES: [0]
[I 2023-12-16 05:44:23,235] Trial 9 finished with value: 6.037516117095947 and parameters: {'gradient_clip_val': 0.8878913278994067, 'hidden_size': 10, 'dropout': 0.1738753981764723, 'hidden_continuous_size': 8, 'attention_head_size': 3, 'learning_rate': 0.01930804330314434}. Best is trial 2 with value: 5.318256855010986.
LOCAL_RANK: 0 - CUDA_VISIBLE_DEVICES: [0]
[I 2023-12-16 05:44:58,074] Trial 10 finished with value: 10.20106029510498 and parameters: {'gradient_clip_val': 0.23733442026710488, 'hidden_size': 5, 'dropout': 0.13527578292423148, 'hidden_continuous_size': 5, 'attention_head_size': 4, 'learning_rate': 0.0010598978371427537}. Best is trial 2 with value: 5.318256855010986.
LOCAL_RANK: 0 - CUDA_VISIBLE_DEVICES: [0]
[I 2023-12-16 05:45:43,795] Trial 11 finished with value: 6.186195373535156 and parameters: {'gradient_clip_val': 0.4793861531709917, 'hidden_size': 13, 'dropout': 0.10804372592226119, 'hidden_continuous_size': 10, 'attention_head_size': 2, 'learning_rate': 0.002537898426316794}. Best is trial 2 with value: 5.318256855010986.
LOCAL_RANK: 0 - CUDA_VISIBLE_DEVICES: [0]
[I 2023-12-16 05:46:28,660] Trial 12 finished with value: 6.16063117980957 and parameters: {'gradient_clip_val': 0.4331162578006846, 'hidden_size': 15, 'dropout': 0.3383275573069988, 'hidden_continuous_size': 5, 'attention_head_size': 1, 'learning_rate': 0.000736254876372434}. Best is trial 2 with value: 5.318256855010986.
LOCAL_RANK: 0 - CUDA_VISIBLE_DEVICES: [0]
[I 2023-12-16 05:47:14,126] Trial 13 finished with value: 5.098758220672607 and parameters: {'gradient_clip_val': 0.6093071374520158, 'hidden_size': 16, 'dropout': 0.10024137512556455, 'hidden_continuous_size': 10, 'attention_head_size': 2, 'learning_rate': 0.0024559200714260516}. Best is trial 13 with value: 5.098758220672607.
LOCAL_RANK: 0 - CUDA_VISIBLE_DEVICES: [0]
[I 2023-12-16 05:48:00,945] Trial 14 finished with value: 4.849889755249023 and parameters: {'gradient_clip_val': 0.11325554592043034, 'hidden_size': 20, 'dropout': 0.1044595112424917, 'hidden_continuous_size': 10, 'attention_head_size': 2, 'learning_rate': 0.0014175441028584472}. Best is trial 14 with value: 4.849889755249023.
LOCAL_RANK: 0 - CUDA_VISIBLE_DEVICES: [0]
[I 2023-12-16 05:48:48,150] Trial 15 finished with value: 5.227220058441162 and parameters: {'gradient_clip_val': 0.11952879382978739, 'hidden_size': 20, 'dropout': 0.20748722556310417, 'hidden_continuous_size': 11, 'attention_head_size': 2, 'learning_rate': 0.000569683275460458}. Best is trial 14 with value: 4.849889755249023.
LOCAL_RANK: 0 - CUDA_VISIBLE_DEVICES: [0]
[I 2023-12-16 05:49:44,068] Trial 16 finished with value: 5.656078338623047 and parameters: {'gradient_clip_val': 0.10188510907980071, 'hidden_size': 100, 'dropout': 0.10049138953814428, 'hidden_continuous_size': 42, 'attention_head_size': 2, 'learning_rate': 0.0020244566416931053}. Best is trial 14 with value: 4.849889755249023.
LOCAL_RANK: 0 - CUDA_VISIBLE_DEVICES: [0]
[I 2023-12-16 05:50:30,667] Trial 17 finished with value: 5.577002048492432 and parameters: {'gradient_clip_val': 0.1719829953172086, 'hidden_size': 20, 'dropout': 0.13901816503170142, 'hidden_continuous_size': 8, 'attention_head_size': 2, 'learning_rate': 0.0011783887543392229}. Best is trial 14 with value: 4.849889755249023.
LOCAL_RANK: 0 - CUDA_VISIBLE_DEVICES: [0]
[I 2023-12-16 05:51:17,467] Trial 18 finished with value: 5.855457305908203 and parameters: {'gradient_clip_val': 0.31544058814084924, 'hidden_size': 17, 'dropout': 0.3980272586861979, 'hidden_continuous_size': 9, 'attention_head_size': 2, 'learning_rate': 0.003636150407533466}. Best is trial 14 with value: 4.849889755249023.
LOCAL_RANK: 0 - CUDA_VISIBLE_DEVICES: [0]
[I 2023-12-16 05:52:06,866] Trial 19 finished with value: 5.390829086303711 and parameters: {'gradient_clip_val': 0.760318247857205, 'hidden_size': 27, 'dropout': 0.1916230537202776, 'hidden_continuous_size': 12, 'attention_head_size': 3, 'learning_rate': 0.0013723719084812694}. Best is trial 14 with value: 4.849889755249023.
LOCAL_RANK: 0 - CUDA_VISIBLE_DEVICES: [0]
[I 2023-12-16 05:52:51,715] Trial 20 finished with value: 4.853105545043945 and parameters: {'gradient_clip_val': 0.7152802525516903, 'hidden_size': 10, 'dropout': 0.13099015858158103, 'hidden_continuous_size': 7, 'attention_head_size': 1, 'learning_rate': 0.003047372873273727}. Best is trial 14 with value: 4.849889755249023.
LOCAL_RANK: 0 - CUDA_VISIBLE_DEVICES: [0]
[I 2023-12-16 05:53:36,489] Trial 21 finished with value: 5.2326555252075195 and parameters: {'gradient_clip_val': 0.9891982940678766, 'hidden_size': 10, 'dropout': 0.1294286890556226, 'hidden_continuous_size': 7, 'attention_head_size': 1, 'learning_rate': 0.0027707626832326904}. Best is trial 14 with value: 4.849889755249023.
LOCAL_RANK: 0 - CUDA_VISIBLE_DEVICES: [0]
[I 2023-12-16 05:54:20,874] Trial 22 finished with value: 7.64357328414917 and parameters: {'gradient_clip_val': 0.6808352737403359, 'hidden_size': 16, 'dropout': 0.15474425989194338, 'hidden_continuous_size': 7, 'attention_head_size': 1, 'learning_rate': 0.003303537832829735}. Best is trial 14 with value: 4.849889755249023.
LOCAL_RANK: 0 - CUDA_VISIBLE_DEVICES: [0]
[I 2023-12-16 05:55:05,712] Trial 23 finished with value: 4.685491561889648 and parameters: {'gradient_clip_val': 0.5653893866583403, 'hidden_size': 10, 'dropout': 0.12479844230211123, 'hidden_continuous_size': 6, 'attention_head_size': 2, 'learning_rate': 0.0017435457129850653}. Best is trial 23 with value: 4.685491561889648.
LOCAL_RANK: 0 - CUDA_VISIBLE_DEVICES: [0]
[I 2023-12-16 05:55:50,659] Trial 24 finished with value: 4.815270900726318 and parameters: {'gradient_clip_val': 0.7443429502513836, 'hidden_size': 9, 'dropout': 0.13276607386418346, 'hidden_continuous_size': 6, 'attention_head_size': 2, 'learning_rate': 0.0014800327803577138}. Best is trial 23 with value: 4.685491561889648.
LOCAL_RANK: 0 - CUDA_VISIBLE_DEVICES: [0]
[I 2023-12-16 05:56:34,470] Trial 25 finished with value: 6.170571804046631 and parameters: {'gradient_clip_val': 0.5290678230105967, 'hidden_size': 8, 'dropout': 0.16382766813291894, 'hidden_continuous_size': 6, 'attention_head_size': 2, 'learning_rate': 0.0008417510996113793}. Best is trial 23 with value: 4.685491561889648.
LOCAL_RANK: 0 - CUDA_VISIBLE_DEVICES: [0]
[I 2023-12-16 05:57:08,423] Trial 26 finished with value: 11.794316291809082 and parameters: {'gradient_clip_val': 0.8034518200374335, 'hidden_size': 5, 'dropout': 0.1884982288728123, 'hidden_continuous_size': 5, 'attention_head_size': 2, 'learning_rate': 0.0005340556205954132}. Best is trial 23 with value: 4.685491561889648.
LOCAL_RANK: 0 - CUDA_VISIBLE_DEVICES: [0]
[I 2023-12-16 05:57:52,775] Trial 27 finished with value: 4.931447505950928 and parameters: {'gradient_clip_val': 0.9843255990283575, 'hidden_size': 12, 'dropout': 0.11975049670994821, 'hidden_continuous_size': 6, 'attention_head_size': 3, 'learning_rate': 0.0015626269407592046}. Best is trial 23 with value: 4.685491561889648.
LOCAL_RANK: 0 - CUDA_VISIBLE_DEVICES: [0]
[I 2023-12-16 05:58:37,599] Trial 28 finished with value: 7.061883449554443 and parameters: {'gradient_clip_val': 0.5720474437335487, 'hidden_size': 7, 'dropout': 0.15061359493230728, 'hidden_continuous_size': 5, 'attention_head_size': 2, 'learning_rate': 0.0009692082359189839}. Best is trial 23 with value: 4.685491561889648.
LOCAL_RANK: 0 - CUDA_VISIBLE_DEVICES: [0]
[I 2023-12-16 05:59:22,600] Trial 29 finished with value: 4.660632610321045 and parameters: {'gradient_clip_val': 0.3429431962230646, 'hidden_size': 9, 'dropout': 0.11887593749677193, 'hidden_continuous_size': 6, 'attention_head_size': 2, 'learning_rate': 0.001670427026964046}. Best is trial 29 with value: 4.660632610321045.
LOCAL_RANK: 0 - CUDA_VISIBLE_DEVICES: [0]
[I 2023-12-16 06:00:06,757] Trial 30 finished with value: 4.792149543762207 and parameters: {'gradient_clip_val': 0.38068520588175647, 'hidden_size': 8, 'dropout': 0.12661851833597826, 'hidden_continuous_size': 6, 'attention_head_size': 3, 'learning_rate': 0.0019626867725003284}. Best is trial 29 with value: 4.660632610321045.
LOCAL_RANK: 0 - CUDA_VISIBLE_DEVICES: [0]
[I 2023-12-16 06:00:51,045] Trial 31 finished with value: 5.59675407409668 and parameters: {'gradient_clip_val': 0.3737492183152832, 'hidden_size': 8, 'dropout': 0.12652398035462484, 'hidden_continuous_size': 6, 'attention_head_size': 3, 'learning_rate': 0.0017226528460745566}. Best is trial 29 with value: 4.660632610321045.
LOCAL_RANK: 0 - CUDA_VISIBLE_DEVICES: [0]
[I 2023-12-16 06:01:36,379] Trial 32 finished with value: 5.186732292175293 and parameters: {'gradient_clip_val': 0.46092952494007267, 'hidden_size': 9, 'dropout': 0.16361261893266682, 'hidden_continuous_size': 6, 'attention_head_size': 3, 'learning_rate': 0.0020906822922928422}. Best is trial 29 with value: 4.660632610321045.
LOCAL_RANK: 0 - CUDA_VISIBLE_DEVICES: [0]
[I 2023-12-16 06:02:21,825] Trial 33 finished with value: 5.02130651473999 and parameters: {'gradient_clip_val': 0.6706419949966744, 'hidden_size': 6, 'dropout': 0.12030974138450538, 'hidden_continuous_size': 5, 'attention_head_size': 4, 'learning_rate': 0.0012164475639543525}. Best is trial 29 with value: 4.660632610321045.
LOCAL_RANK: 0 - CUDA_VISIBLE_DEVICES: [0]
[I 2023-12-16 06:03:06,846] Trial 34 finished with value: 6.07698392868042 and parameters: {'gradient_clip_val': 0.49553719014261904, 'hidden_size': 7, 'dropout': 0.14431790879164616, 'hidden_continuous_size': 6, 'attention_head_size': 2, 'learning_rate': 0.0008285891732654296}. Best is trial 29 with value: 4.660632610321045.
LOCAL_RANK: 0 - CUDA_VISIBLE_DEVICES: [0]
[I 2023-12-16 06:03:51,241] Trial 35 finished with value: 5.6954522132873535 and parameters: {'gradient_clip_val': 0.388348097687426, 'hidden_size': 12, 'dropout': 0.11983815758538169, 'hidden_continuous_size': 7, 'attention_head_size': 3, 'learning_rate': 0.0017408935148242283}. Best is trial 29 with value: 4.660632610321045.
LOCAL_RANK: 0 - CUDA_VISIBLE_DEVICES: [0]
[I 2023-12-16 06:04:37,244] Trial 36 finished with value: 5.7289886474609375 and parameters: {'gradient_clip_val': 0.5493544307587164, 'hidden_size': 10, 'dropout': 0.17526252111809873, 'hidden_continuous_size': 6, 'attention_head_size': 4, 'learning_rate': 0.008888909602020318}. Best is trial 29 with value: 4.660632610321045.
LOCAL_RANK: 0 - CUDA_VISIBLE_DEVICES: [0]
[I 2023-12-16 06:05:21,904] Trial 37 finished with value: 4.520509243011475 and parameters: {'gradient_clip_val': 0.42656415538950415, 'hidden_size': 6, 'dropout': 0.1470661351293307, 'hidden_continuous_size': 5, 'attention_head_size': 2, 'learning_rate': 0.004187080745217651}. Best is trial 37 with value: 4.520509243011475.
LOCAL_RANK: 0 - CUDA_VISIBLE_DEVICES: [0]
[I 2023-12-16 06:06:06,915] Trial 38 finished with value: 5.107714653015137 and parameters: {'gradient_clip_val': 0.3990138965908666, 'hidden_size': 6, 'dropout': 0.15953841448030642, 'hidden_continuous_size': 5, 'attention_head_size': 3, 'learning_rate': 0.004237036724228402}. Best is trial 37 with value: 4.520509243011475.
LOCAL_RANK: 0 - CUDA_VISIBLE_DEVICES: [0]
[I 2023-12-16 06:06:41,325] Trial 39 finished with value: 4.948745250701904 and parameters: {'gradient_clip_val': 0.46401422247415225, 'hidden_size': 5, 'dropout': 0.14745345363168522, 'hidden_continuous_size': 5, 'attention_head_size': 2, 'learning_rate': 0.004468810305345397}. Best is trial 37 with value: 4.520509243011475.
LOCAL_RANK: 0 - CUDA_VISIBLE_DEVICES: [0]
[I 2023-12-16 06:07:26,711] Trial 40 finished with value: 6.056051731109619 and parameters: {'gradient_clip_val': 0.3427865930539353, 'hidden_size': 7, 'dropout': 0.11521084781090701, 'hidden_continuous_size': 6, 'attention_head_size': 3, 'learning_rate': 0.005777877589153691}. Best is trial 37 with value: 4.520509243011475.
LOCAL_RANK: 0 - CUDA_VISIBLE_DEVICES: [0]
