[I 2023-12-15 12:15:54,393] Trial 14 finished with value: 81.74007415771484 and parameters: {'gradient_clip_val': 0.17217047226957904, 'hidden_size': 5, 'dropout': 0.21585965044357114, 'hidden_continuous_size': 5, 'attention_head_size': 4, 'learning_rate': 0.00865967118453496}. Best is trial 12 with value: 35.32854080200195.
LOCAL_RANK: 0 - CUDA_VISIBLE_DEVICES: [0]
[I 2023-12-15 12:16:40,218] Trial 15 finished with value: 80.67675018310547 and parameters: {'gradient_clip_val': 0.2104898751686447, 'hidden_size': 14, 'dropout': 0.28037036738398285, 'hidden_continuous_size': 6, 'attention_head_size': 3, 'learning_rate': 0.0029520354525750516}. Best is trial 12 with value: 35.32854080200195.
LOCAL_RANK: 0 - CUDA_VISIBLE_DEVICES: [0]
[I 2023-12-15 12:17:28,758] Trial 16 finished with value: 93.508056640625 and parameters: {'gradient_clip_val': 0.12371668919379536, 'hidden_size': 24, 'dropout': 0.22392516813098978, 'hidden_continuous_size': 12, 'attention_head_size': 4, 'learning_rate': 0.007795536259223391}. Best is trial 12 with value: 35.32854080200195.
LOCAL_RANK: 0 - CUDA_VISIBLE_DEVICES: [0]
[I 2023-12-15 12:18:14,903] Trial 17 finished with value: 55.37498092651367 and parameters: {'gradient_clip_val': 0.13817680297788476, 'hidden_size': 13, 'dropout': 0.1969663639277634, 'hidden_continuous_size': 7, 'attention_head_size': 3, 'learning_rate': 0.002722723900961759}. Best is trial 12 with value: 35.32854080200195.
LOCAL_RANK: 0 - CUDA_VISIBLE_DEVICES: [0]
[I 2023-12-15 12:19:04,362] Trial 18 finished with value: 45.6612663269043 and parameters: {'gradient_clip_val': 0.22176501216283884, 'hidden_size': 21, 'dropout': 0.2672719516503518, 'hidden_continuous_size': 11, 'attention_head_size': 4, 'learning_rate': 0.006554216643059495}. Best is trial 12 with value: 35.32854080200195.
LOCAL_RANK: 0 - CUDA_VISIBLE_DEVICES: [0]
[I 2023-12-15 12:19:51,789] Trial 19 finished with value: 124.15796661376953 and parameters: {'gradient_clip_val': 0.4174431408205935, 'hidden_size': 18, 'dropout': 0.3413923156254798, 'hidden_continuous_size': 7, 'attention_head_size': 3, 'learning_rate': 0.013330803605661773}. Best is trial 12 with value: 35.32854080200195.
LOCAL_RANK: 0 - CUDA_VISIBLE_DEVICES: [0]
[I 2023-12-15 12:20:41,629] Trial 20 finished with value: 111.88875579833984 and parameters: {'gradient_clip_val': 0.23506300043716083, 'hidden_size': 27, 'dropout': 0.27041403382322327, 'hidden_continuous_size': 13, 'attention_head_size': 4, 'learning_rate': 0.02540236844781172}. Best is trial 12 with value: 35.32854080200195.
LOCAL_RANK: 0 - CUDA_VISIBLE_DEVICES: [0]
[I 2023-12-15 12:21:30,867] Trial 21 finished with value: 36.94430160522461 and parameters: {'gradient_clip_val': 0.20361161082416504, 'hidden_size': 21, 'dropout': 0.2661046206235796, 'hidden_continuous_size': 10, 'attention_head_size': 4, 'learning_rate': 0.00658851214254244}. Best is trial 12 with value: 35.32854080200195.
LOCAL_RANK: 0 - CUDA_VISIBLE_DEVICES: [0]
[I 2023-12-15 12:22:16,107] Trial 22 finished with value: 69.94670867919922 and parameters: {'gradient_clip_val': 0.19376426638563177, 'hidden_size': 12, 'dropout': 0.2919939837654664, 'hidden_continuous_size': 6, 'attention_head_size': 4, 'learning_rate': 0.00901018552078649}. Best is trial 12 with value: 35.32854080200195.
LOCAL_RANK: 0 - CUDA_VISIBLE_DEVICES: [0]
[I 2023-12-15 12:23:03,202] Trial 23 finished with value: 58.1974983215332 and parameters: {'gradient_clip_val': 0.16006202386990043, 'hidden_size': 17, 'dropout': 0.2569247311619756, 'hidden_continuous_size': 7, 'attention_head_size': 4, 'learning_rate': 0.004511333841545968}. Best is trial 12 with value: 35.32854080200195.
LOCAL_RANK: 0 - CUDA_VISIBLE_DEVICES: [0]
[I 2023-12-15 12:23:52,761] Trial 24 finished with value: 75.06303405761719 and parameters: {'gradient_clip_val': 0.22225038236229477, 'hidden_size': 23, 'dropout': 0.29352477867036575, 'hidden_continuous_size': 9, 'attention_head_size': 3, 'learning_rate': 0.006167025800512366}. Best is trial 12 with value: 35.32854080200195.
LOCAL_RANK: 0 - CUDA_VISIBLE_DEVICES: [0]
[I 2023-12-15 12:24:44,153] Trial 25 finished with value: 118.2560043334961 and parameters: {'gradient_clip_val': 0.24503651234618465, 'hidden_size': 34, 'dropout': 0.2600432562535539, 'hidden_continuous_size': 15, 'attention_head_size': 4, 'learning_rate': 0.011796324045481789}. Best is trial 12 with value: 35.32854080200195.
LOCAL_RANK: 0 - CUDA_VISIBLE_DEVICES: [0]
[I 2023-12-15 12:25:30,170] Trial 26 finished with value: 61.6360969543457 and parameters: {'gradient_clip_val': 0.15490519864211846, 'hidden_size': 11, 'dropout': 0.3263642453615494, 'hidden_continuous_size': 6, 'attention_head_size': 3, 'learning_rate': 0.00410025782811347}. Best is trial 12 with value: 35.32854080200195.
LOCAL_RANK: 0 - CUDA_VISIBLE_DEVICES: [0]
[I 2023-12-15 12:26:17,559] Trial 27 finished with value: 49.974517822265625 and parameters: {'gradient_clip_val': 0.19397008058674553, 'hidden_size': 17, 'dropout': 0.28972668741449925, 'hidden_continuous_size': 8, 'attention_head_size': 4, 'learning_rate': 0.0022936259972021265}. Best is trial 12 with value: 35.32854080200195.
LOCAL_RANK: 0 - CUDA_VISIBLE_DEVICES: [0]
[I 2023-12-15 12:27:03,021] Trial 28 finished with value: 40.75099182128906 and parameters: {'gradient_clip_val': 0.2771468726326988, 'hidden_size': 9, 'dropout': 0.2442912916264052, 'hidden_continuous_size': 5, 'attention_head_size': 2, 'learning_rate': 0.005919313556785429}. Best is trial 12 with value: 35.32854080200195.
LOCAL_RANK: 0 - CUDA_VISIBLE_DEVICES: [0]
[I 2023-12-15 12:27:47,010] Trial 29 finished with value: 76.07811737060547 and parameters: {'gradient_clip_val': 0.2680007568734143, 'hidden_size': 8, 'dropout': 0.3413600364246354, 'hidden_continuous_size': 5, 'attention_head_size': 2, 'learning_rate': 0.00201169869045599}. Best is trial 12 with value: 35.32854080200195.
LOCAL_RANK: 0 - CUDA_VISIBLE_DEVICES: [0]
[I 2023-12-15 12:28:31,755] Trial 30 finished with value: 47.926265716552734 and parameters: {'gradient_clip_val': 0.14075381220960245, 'hidden_size': 7, 'dropout': 0.24579262126161355, 'hidden_continuous_size': 5, 'attention_head_size': 1, 'learning_rate': 0.0035460291688844277}. Best is trial 12 with value: 35.32854080200195.
LOCAL_RANK: 0 - CUDA_VISIBLE_DEVICES: [0]
[I 2023-12-15 12:29:15,955] Trial 31 finished with value: 61.5548095703125 and parameters: {'gradient_clip_val': 0.3069359972945981, 'hidden_size': 12, 'dropout': 0.2797030540263174, 'hidden_continuous_size': 5, 'attention_head_size': 2, 'learning_rate': 0.006485874645145971}. Best is trial 12 with value: 35.32854080200195.
LOCAL_RANK: 0 - CUDA_VISIBLE_DEVICES: [0]
[I 2023-12-15 12:30:01,717] Trial 32 finished with value: 149.85987854003906 and parameters: {'gradient_clip_val': 0.2617294020572798, 'hidden_size': 14, 'dropout': 0.31050436832478295, 'hidden_continuous_size': 7, 'attention_head_size': 2, 'learning_rate': 0.004877167007474254}. Best is trial 12 with value: 35.32854080200195.
LOCAL_RANK: 0 - CUDA_VISIBLE_DEVICES: [0]
[I 2023-12-15 12:30:47,786] Trial 33 finished with value: 125.99683380126953 and parameters: {'gradient_clip_val': 0.19432469538365751, 'hidden_size': 10, 'dropout': 0.23581211896782087, 'hidden_continuous_size': 6, 'attention_head_size': 4, 'learning_rate': 0.0018849217819788741}. Best is trial 12 with value: 35.32854080200195.
LOCAL_RANK: 0 - CUDA_VISIBLE_DEVICES: [0]
[I 2023-12-15 12:31:40,691] Trial 34 finished with value: 84.79239654541016 and parameters: {'gradient_clip_val': 0.28702357616940377, 'hidden_size': 43, 'dropout': 0.2568960879080465, 'hidden_continuous_size': 16, 'attention_head_size': 3, 'learning_rate': 0.0058535866820994455}. Best is trial 12 with value: 35.32854080200195.
LOCAL_RANK: 0 - CUDA_VISIBLE_DEVICES: [0]
[I 2023-12-15 12:32:25,915] Trial 35 finished with value: 55.85356140136719 and parameters: {'gradient_clip_val': 0.25235273219286597, 'hidden_size': 9, 'dropout': 0.30064622284595494, 'hidden_continuous_size': 6, 'attention_head_size': 2, 'learning_rate': 0.0036146620142203656}. Best is trial 12 with value: 35.32854080200195.
LOCAL_RANK: 0 - CUDA_VISIBLE_DEVICES: [0]
[I 2023-12-15 12:33:14,634] Trial 36 finished with value: 90.95690155029297 and parameters: {'gradient_clip_val': 0.22875749631182707, 'hidden_size': 32, 'dropout': 0.32684711650574955, 'hidden_continuous_size': 10, 'attention_head_size': 3, 'learning_rate': 0.00891202296133934}. Best is trial 12 with value: 35.32854080200195.
LOCAL_RANK: 0 - CUDA_VISIBLE_DEVICES: [0]
[I 2023-12-15 12:34:00,084] Trial 37 finished with value: 40.67831039428711 and parameters: {'gradient_clip_val': 0.3855012378832247, 'hidden_size': 15, 'dropout': 0.36034870858938806, 'hidden_continuous_size': 7, 'attention_head_size': 1, 'learning_rate': 0.002449497780136045}. Best is trial 12 with value: 35.32854080200195.
LOCAL_RANK: 0 - CUDA_VISIBLE_DEVICES: [0]
[I 2023-12-15 12:34:45,274] Trial 38 finished with value: 70.94348907470703 and parameters: {'gradient_clip_val': 0.3851406973913632, 'hidden_size': 15, 'dropout': 0.36909857328759443, 'hidden_continuous_size': 7, 'attention_head_size': 1, 'learning_rate': 0.0013855399959613497}. Best is trial 12 with value: 35.32854080200195.
LOCAL_RANK: 0 - CUDA_VISIBLE_DEVICES: [0]
[I 2023-12-15 12:35:30,431] Trial 39 finished with value: 55.71213912963867 and parameters: {'gradient_clip_val': 0.26204246675547116, 'hidden_size': 11, 'dropout': 0.3636505620379478, 'hidden_continuous_size': 6, 'attention_head_size': 1, 'learning_rate': 0.002225724549252643}. Best is trial 12 with value: 35.32854080200195.
LOCAL_RANK: 0 - CUDA_VISIBLE_DEVICES: [0]
[I 2023-12-15 12:36:15,480] Trial 40 finished with value: 48.358062744140625 and parameters: {'gradient_clip_val': 0.32236434537880304, 'hidden_size': 10, 'dropout': 0.35620252309826966, 'hidden_continuous_size': 5, 'attention_head_size': 1, 'learning_rate': 0.002725671226476793}. Best is trial 12 with value: 35.32854080200195.
LOCAL_RANK: 0 - CUDA_VISIBLE_DEVICES: [0]
[I 2023-12-15 12:37:04,299] Trial 41 finished with value: 54.64643478393555 and parameters: {'gradient_clip_val': 0.38496874679182586, 'hidden_size': 26, 'dropout': 0.3051775372869188, 'hidden_continuous_size': 10, 'attention_head_size': 1, 'learning_rate': 0.005067133443599221}. Best is trial 12 with value: 35.32854080200195.
LOCAL_RANK: 0 - CUDA_VISIBLE_DEVICES: [0]
[I 2023-12-15 12:37:51,435] Trial 42 finished with value: 44.20090866088867 and parameters: {'gradient_clip_val': 0.30651342781289387, 'hidden_size': 20, 'dropout': 0.3938177232256449, 'hidden_continuous_size': 9, 'attention_head_size': 2, 'learning_rate': 0.0037592821191115263}. Best is trial 12 with value: 35.32854080200195.
LOCAL_RANK: 0 - CUDA_VISIBLE_DEVICES: [0]
[I 2023-12-15 12:38:37,359] Trial 43 finished with value: 45.5426025390625 and parameters: {'gradient_clip_val': 0.4657667544755685, 'hidden_size': 16, 'dropout': 0.3230445377626583, 'hidden_continuous_size': 8, 'attention_head_size': 4, 'learning_rate': 0.00552926217323149}. Best is trial 12 with value: 35.32854080200195.
LOCAL_RANK: 0 - CUDA_VISIBLE_DEVICES: [0]
[I 2023-12-15 12:39:25,956] Trial 44 finished with value: 58.35673522949219 and parameters: {'gradient_clip_val': 0.34956100110634974, 'hidden_size': 19, 'dropout': 0.2826916582357124, 'hidden_continuous_size': 13, 'attention_head_size': 2, 'learning_rate': 0.0031664545193664504}. Best is trial 12 with value: 35.32854080200195.
LOCAL_RANK: 0 - CUDA_VISIBLE_DEVICES: [0]
[I 2023-12-15 12:40:16,028] Trial 45 finished with value: 45.8976936340332 and parameters: {'gradient_clip_val': 0.29035073639948833, 'hidden_size': 30, 'dropout': 0.3999044947247295, 'hidden_continuous_size': 11, 'attention_head_size': 4, 'learning_rate': 0.0015602758129905105}. Best is trial 12 with value: 35.32854080200195.
LOCAL_RANK: 0 - CUDA_VISIBLE_DEVICES: [0]
[I 2023-12-15 12:41:08,171] Trial 46 finished with value: 91.56179809570312 and parameters: {'gradient_clip_val': 0.2825542287638681, 'hidden_size': 39, 'dropout': 0.3805319997587283, 'hidden_continuous_size': 21, 'attention_head_size': 1, 'learning_rate': 0.0010946862052083745}. Best is trial 12 with value: 35.32854080200195.
LOCAL_RANK: 0 - CUDA_VISIBLE_DEVICES: [0]
[I 2023-12-15 12:41:54,257] Trial 47 finished with value: 50.61442947387695 and parameters: {'gradient_clip_val': 0.5702257350285338, 'hidden_size': 13, 'dropout': 0.27172599007712556, 'hidden_continuous_size': 8, 'attention_head_size': 3, 'learning_rate': 0.007597193747735884}. Best is trial 12 with value: 35.32854080200195.
LOCAL_RANK: 0 - CUDA_VISIBLE_DEVICES: [0]
[I 2023-12-15 12:42:42,951] Trial 48 finished with value: 61.55543518066406 and parameters: {'gradient_clip_val': 0.2050474060674544, 'hidden_size': 24, 'dropout': 0.24864916582757252, 'hidden_continuous_size': 9, 'attention_head_size': 4, 'learning_rate': 0.004049460712239335}. Best is trial 12 with value: 35.32854080200195.
LOCAL_RANK: 0 - CUDA_VISIBLE_DEVICES: [0]
[I 2023-12-15 12:43:30,866] Trial 49 finished with value: 78.37326049804688 and parameters: {'gradient_clip_val': 0.23367125162311048, 'hidden_size': 20, 'dropout': 0.2243895612793167, 'hidden_continuous_size': 11, 'attention_head_size': 3, 'learning_rate': 0.010689784458271883}. Best is trial 12 with value: 35.32854080200195.
[I 2023-12-15 12:43:30,962] A new study created in memory with name: no-name-df250ee8-28c3-49f1-bf64-32e4796bad06
/home/le004/conda/anaconda3/envs/tsff_env/lib/python3.9/site-packages/lightning/fabric/plugins/environments/slurm.py:191: The `srun` command is available on your system but is not used. HINT: If your intention is to run Lightning on SLURM, prepend your python command with `srun` like so: srun python /home/le004/master_thesis/git/TSFusionForecast/code/ ...
LOCAL_RANK: 0 - CUDA_VISIBLE_DEVICES: [0]
[I 2023-12-15 12:44:16,559] Trial 0 finished with value: 593.4703979492188 and parameters: {'gradient_clip_val': 0.43950367959985787, 'hidden_size': 6, 'dropout': 0.3016422994936402, 'hidden_continuous_size': 5, 'attention_head_size': 3, 'learning_rate': 0.01711701800650979}. Best is trial 0 with value: 593.4703979492188.
LOCAL_RANK: 0 - CUDA_VISIBLE_DEVICES: [0]
[I 2023-12-15 12:45:05,160] Trial 1 finished with value: 243.27587890625 and parameters: {'gradient_clip_val': 0.2105297986417532, 'hidden_size': 18, 'dropout': 0.20881613363700913, 'hidden_continuous_size': 12, 'attention_head_size': 3, 'learning_rate': 0.0019201501103780683}. Best is trial 1 with value: 243.27587890625.
LOCAL_RANK: 0 - CUDA_VISIBLE_DEVICES: [0]
[I 2023-12-15 12:45:38,968] Trial 2 finished with value: 345.3316345214844 and parameters: {'gradient_clip_val': 0.9167687522990843, 'hidden_size': 6, 'dropout': 0.39900317986858314, 'hidden_continuous_size': 6, 'attention_head_size': 1, 'learning_rate': 0.004950951785495099}. Best is trial 1 with value: 243.27587890625.
LOCAL_RANK: 0 - CUDA_VISIBLE_DEVICES: [0]
[I 2023-12-15 12:46:28,710] Trial 3 finished with value: 207.9912109375 and parameters: {'gradient_clip_val': 0.20263001003469575, 'hidden_size': 29, 'dropout': 0.14783435493819327, 'hidden_continuous_size': 7, 'attention_head_size': 4, 'learning_rate': 0.002318971754401879}. Best is trial 3 with value: 207.9912109375.
LOCAL_RANK: 0 - CUDA_VISIBLE_DEVICES: [0]
[I 2023-12-15 12:47:14,582] Trial 4 finished with value: 231.82994079589844 and parameters: {'gradient_clip_val': 0.14022187484872367, 'hidden_size': 9, 'dropout': 0.2390349132261451, 'hidden_continuous_size': 8, 'attention_head_size': 3, 'learning_rate': 0.08011772085101536}. Best is trial 3 with value: 207.9912109375.
LOCAL_RANK: 0 - CUDA_VISIBLE_DEVICES: [0]
[I 2023-12-15 12:48:07,697] Trial 5 finished with value: 556.150634765625 and parameters: {'gradient_clip_val': 0.7148416781578869, 'hidden_size': 43, 'dropout': 0.381684446745726, 'hidden_continuous_size': 11, 'attention_head_size': 4, 'learning_rate': 0.0008247798519604317}. Best is trial 3 with value: 207.9912109375.
LOCAL_RANK: 0 - CUDA_VISIBLE_DEVICES: [0]
[I 2023-12-15 12:48:53,102] Trial 6 finished with value: 160.9144744873047 and parameters: {'gradient_clip_val': 0.30038207423008306, 'hidden_size': 9, 'dropout': 0.3666437995697269, 'hidden_continuous_size': 7, 'attention_head_size': 2, 'learning_rate': 0.011463734402710953}. Best is trial 6 with value: 160.9144744873047.
LOCAL_RANK: 0 - CUDA_VISIBLE_DEVICES: [0]
[I 2023-12-15 12:49:37,482] Trial 7 finished with value: 964.8798217773438 and parameters: {'gradient_clip_val': 0.19634357704003924, 'hidden_size': 16, 'dropout': 0.10064927245463295, 'hidden_continuous_size': 7, 'attention_head_size': 1, 'learning_rate': 0.004091090611755253}. Best is trial 6 with value: 160.9144744873047.
LOCAL_RANK: 0 - CUDA_VISIBLE_DEVICES: [0]
[I 2023-12-15 12:50:12,832] Trial 8 finished with value: 771.01611328125 and parameters: {'gradient_clip_val': 0.1641780019009253, 'hidden_size': 36, 'dropout': 0.3625705396475801, 'hidden_continuous_size': 36, 'attention_head_size': 2, 'learning_rate': 0.07469609363988647}. Best is trial 6 with value: 160.9144744873047.
LOCAL_RANK: 0 - CUDA_VISIBLE_DEVICES: [0]
[I 2023-12-15 12:51:08,292] Trial 9 finished with value: 665.2606201171875 and parameters: {'gradient_clip_val': 0.25305257522492947, 'hidden_size': 87, 'dropout': 0.16602589229020764, 'hidden_continuous_size': 52, 'attention_head_size': 1, 'learning_rate': 0.0017641431696352192}. Best is trial 6 with value: 160.9144744873047.
LOCAL_RANK: 0 - CUDA_VISIBLE_DEVICES: [0]
[I 2023-12-15 12:51:53,621] Trial 10 finished with value: 149.8731231689453 and parameters: {'gradient_clip_val': 0.10679325702614972, 'hidden_size': 11, 'dropout': 0.30772847378689594, 'hidden_continuous_size': 5, 'attention_head_size': 2, 'learning_rate': 0.013304671896660266}. Best is trial 10 with value: 149.8731231689453.
LOCAL_RANK: 0 - CUDA_VISIBLE_DEVICES: [0]
[I 2023-12-15 12:52:38,932] Trial 11 finished with value: 161.94432067871094 and parameters: {'gradient_clip_val': 0.10146064449366687, 'hidden_size': 10, 'dropout': 0.3050108449325246, 'hidden_continuous_size': 5, 'attention_head_size': 2, 'learning_rate': 0.017889553217242383}. Best is trial 10 with value: 149.8731231689453.
LOCAL_RANK: 0 - CUDA_VISIBLE_DEVICES: [0]
[I 2023-12-15 12:53:22,963] Trial 12 finished with value: 156.56849670410156 and parameters: {'gradient_clip_val': 0.36181476049360883, 'hidden_size': 12, 'dropout': 0.32063584615636437, 'hidden_continuous_size': 5, 'attention_head_size': 2, 'learning_rate': 0.013612146164752717}. Best is trial 10 with value: 149.8731231689453.
LOCAL_RANK: 0 - CUDA_VISIBLE_DEVICES: [0]
[I 2023-12-15 12:54:08,105] Trial 13 finished with value: 221.2911376953125 and parameters: {'gradient_clip_val': 0.3948542541011372, 'hidden_size': 13, 'dropout': 0.29886078793999254, 'hidden_continuous_size': 5, 'attention_head_size': 2, 'learning_rate': 0.03042517975800267}. Best is trial 10 with value: 149.8731231689453.
LOCAL_RANK: 0 - CUDA_VISIBLE_DEVICES: [0]
[I 2023-12-15 12:54:42,515] Trial 14 finished with value: 148.20021057128906 and parameters: {'gradient_clip_val': 0.10373084901297, 'hidden_size': 5, 'dropout': 0.3367494230100849, 'hidden_continuous_size': 5, 'attention_head_size': 2, 'learning_rate': 0.0084476506386667}. Best is trial 14 with value: 148.20021057128906.
LOCAL_RANK: 0 - CUDA_VISIBLE_DEVICES: [0]
[I 2023-12-15 12:55:17,539] Trial 15 finished with value: 157.6665802001953 and parameters: {'gradient_clip_val': 0.1052809876880769, 'hidden_size': 5, 'dropout': 0.2710685131115476, 'hidden_continuous_size': 5, 'attention_head_size': 3, 'learning_rate': 0.00715451883367076}. Best is trial 14 with value: 148.20021057128906.
LOCAL_RANK: 0 - CUDA_VISIBLE_DEVICES: [0]
[I 2023-12-15 12:55:51,240] Trial 16 finished with value: 670.5016479492188 and parameters: {'gradient_clip_val': 0.12703529346597914, 'hidden_size': 5, 'dropout': 0.33274417737214257, 'hidden_continuous_size': 5, 'attention_head_size': 1, 'learning_rate': 0.0386090597722951}. Best is trial 14 with value: 148.20021057128906.
LOCAL_RANK: 0 - CUDA_VISIBLE_DEVICES: [0]
[I 2023-12-15 12:56:36,269] Trial 17 finished with value: 204.7829132080078 and parameters: {'gradient_clip_val': 0.13501361487209587, 'hidden_size': 7, 'dropout': 0.3469184001670683, 'hidden_continuous_size': 5, 'attention_head_size': 2, 'learning_rate': 0.007880774578390913}. Best is trial 14 with value: 148.20021057128906.
LOCAL_RANK: 0 - CUDA_VISIBLE_DEVICES: [0]
[I 2023-12-15 12:57:20,805] Trial 18 finished with value: 249.3203125 and parameters: {'gradient_clip_val': 0.10574168490481672, 'hidden_size': 8, 'dropout': 0.2632218355244053, 'hidden_continuous_size': 5, 'attention_head_size': 3, 'learning_rate': 0.026444381109596616}. Best is trial 14 with value: 148.20021057128906.
LOCAL_RANK: 0 - CUDA_VISIBLE_DEVICES: [0]
[I 2023-12-15 12:57:54,691] Trial 19 finished with value: 379.841064453125 and parameters: {'gradient_clip_val': 0.16149611521187346, 'hidden_size': 5, 'dropout': 0.3471378127520052, 'hidden_continuous_size': 5, 'attention_head_size': 1, 'learning_rate': 0.010493992790842812}. Best is trial 14 with value: 148.20021057128906.
LOCAL_RANK: 0 - CUDA_VISIBLE_DEVICES: [0]
[I 2023-12-15 12:58:38,847] Trial 20 finished with value: 165.37147521972656 and parameters: {'gradient_clip_val': 0.12369379448937746, 'hidden_size': 12, 'dropout': 0.28727108184702155, 'hidden_continuous_size': 6, 'attention_head_size': 2, 'learning_rate': 0.004657547449227968}. Best is trial 14 with value: 148.20021057128906.
LOCAL_RANK: 0 - CUDA_VISIBLE_DEVICES: [0]
[I 2023-12-15 12:59:22,898] Trial 21 finished with value: 642.9638061523438 and parameters: {'gradient_clip_val': 0.2824575344346888, 'hidden_size': 12, 'dropout': 0.3234491038319002, 'hidden_continuous_size': 6, 'attention_head_size': 2, 'learning_rate': 0.013232660427032885}. Best is trial 14 with value: 148.20021057128906.
LOCAL_RANK: 0 - CUDA_VISIBLE_DEVICES: [0]
