[I 2023-12-26 17:57:21,667] Trial 27 finished with value: 7.625202178955078 and parameters: {'gradient_clip_val': 0.6264154037702515, 'hidden_size': 24, 'dropout': 0.47014003975257485, 'hidden_continuous_size': 5, 'attention_head_size': 2, 'learning_rate': 0.0013206106043679839}. Best is trial 1 with value: 0.04586878418922424.
[I 2023-12-26 17:57:25,221] Trial 28 finished with value: 5.928409099578857 and parameters: {'gradient_clip_val': 0.8149267870043606, 'hidden_size': 50, 'dropout': 0.39190604525726275, 'hidden_continuous_size': 9, 'attention_head_size': 1, 'learning_rate': 0.0008835037947882698}. Best is trial 1 with value: 0.04586878418922424.
[I 2023-12-26 17:57:27,223] Trial 29 finished with value: 4.933239936828613 and parameters: {'gradient_clip_val': 0.8698737080461191, 'hidden_size': 7, 'dropout': 0.3556101805326751, 'hidden_continuous_size': 5, 'attention_head_size': 3, 'learning_rate': 0.0019814238911182785}. Best is trial 1 with value: 0.04586878418922424.
[I 2023-12-26 17:57:29,802] Trial 30 finished with value: 6.815354824066162 and parameters: {'gradient_clip_val': 0.9826186464118994, 'hidden_size': 30, 'dropout': 0.3176866694780396, 'hidden_continuous_size': 6, 'attention_head_size': 2, 'learning_rate': 0.004446447851306235}. Best is trial 1 with value: 0.04586878418922424.
[I 2023-12-26 17:57:33,720] Trial 31 finished with value: 6.009222507476807 and parameters: {'gradient_clip_val': 0.5400258609960225, 'hidden_size': 55, 'dropout': 0.31633464356028984, 'hidden_continuous_size': 12, 'attention_head_size': 4, 'learning_rate': 0.05001626720391404}. Best is trial 1 with value: 0.04586878418922424.
[I 2023-12-26 17:57:36,890] Trial 32 finished with value: 4.97303581237793 and parameters: {'gradient_clip_val': 0.7174901923014481, 'hidden_size': 41, 'dropout': 0.4224663059473387, 'hidden_continuous_size': 13, 'attention_head_size': 4, 'learning_rate': 0.06556302891441106}. Best is trial 1 with value: 0.04586878418922424.
[I 2023-12-26 17:57:41,583] Trial 33 finished with value: 6.337944030761719 and parameters: {'gradient_clip_val': 0.5437167769408346, 'hidden_size': 68, 'dropout': 0.290842195954957, 'hidden_continuous_size': 10, 'attention_head_size': 4, 'learning_rate': 0.03927691568135232}. Best is trial 1 with value: 0.04586878418922424.
[I 2023-12-26 17:57:44,333] Trial 34 finished with value: 6.196509838104248 and parameters: {'gradient_clip_val': 0.6400194778809268, 'hidden_size': 35, 'dropout': 0.2538497508855425, 'hidden_continuous_size': 8, 'attention_head_size': 3, 'learning_rate': 0.028668319722404346}. Best is trial 1 with value: 0.04586878418922424.
[I 2023-12-26 17:57:50,355] Trial 35 finished with value: 5.686025142669678 and parameters: {'gradient_clip_val': 0.6823423099549886, 'hidden_size': 87, 'dropout': 0.18765023164177427, 'hidden_continuous_size': 17, 'attention_head_size': 3, 'learning_rate': 0.061585148824337084}. Best is trial 1 with value: 0.04586878418922424.
[I 2023-12-26 17:57:53,882] Trial 36 finished with value: 6.840612411499023 and parameters: {'gradient_clip_val': 0.4509743742831147, 'hidden_size': 54, 'dropout': 0.14246279408450035, 'hidden_continuous_size': 19, 'attention_head_size': 1, 'learning_rate': 0.0006750098274316397}. Best is trial 1 with value: 0.04586878418922424.
[I 2023-12-26 17:57:57,095] Trial 37 finished with value: 7.6341938972473145 and parameters: {'gradient_clip_val': 0.7881370385705455, 'hidden_size': 43, 'dropout': 0.4452819673761811, 'hidden_continuous_size': 13, 'attention_head_size': 4, 'learning_rate': 0.022069965898750737}. Best is trial 1 with value: 0.04586878418922424.
[I 2023-12-26 17:58:03,689] Trial 38 finished with value: 2.9019157886505127 and parameters: {'gradient_clip_val': 0.4011851852214657, 'hidden_size': 98, 'dropout': 0.4779251035466583, 'hidden_continuous_size': 25, 'attention_head_size': 3, 'learning_rate': 0.002591832967985077}. Best is trial 1 with value: 0.04586878418922424.
[I 2023-12-26 17:58:11,181] Trial 39 finished with value: 6.850364685058594 and parameters: {'gradient_clip_val': 0.209171363552767, 'hidden_size': 112, 'dropout': 0.47477968406464865, 'hidden_continuous_size': 27, 'attention_head_size': 3, 'learning_rate': 0.002173537147255896}. Best is trial 1 with value: 0.04586878418922424.
[I 2023-12-26 17:58:19,460] Trial 40 finished with value: 5.729334354400635 and parameters: {'gradient_clip_val': 0.3214241267813778, 'hidden_size': 119, 'dropout': 0.4742019784796757, 'hidden_continuous_size': 45, 'attention_head_size': 3, 'learning_rate': 0.002443445551489244}. Best is trial 1 with value: 0.04586878418922424.
[I 2023-12-26 17:58:25,765] Trial 41 finished with value: 6.6942362785339355 and parameters: {'gradient_clip_val': 0.4070272093142396, 'hidden_size': 93, 'dropout': 0.4476249812398556, 'hidden_continuous_size': 23, 'attention_head_size': 3, 'learning_rate': 0.0014659352150778403}. Best is trial 1 with value: 0.04586878418922424.
[I 2023-12-26 17:58:30,871] Trial 42 finished with value: 6.378612518310547 and parameters: {'gradient_clip_val': 0.3877847004401498, 'hidden_size': 80, 'dropout': 0.14479377109808808, 'hidden_continuous_size': 20, 'attention_head_size': 2, 'learning_rate': 0.0010599937870939963}. Best is trial 1 with value: 0.04586878418922424.
[I 2023-12-26 17:58:37,810] Trial 43 finished with value: 6.456329822540283 and parameters: {'gradient_clip_val': 0.5867973862914662, 'hidden_size': 104, 'dropout': 0.48666789652427817, 'hidden_continuous_size': 28, 'attention_head_size': 3, 'learning_rate': 0.0006636832323458635}. Best is trial 1 with value: 0.04586878418922424.
[I 2023-12-26 17:58:42,058] Trial 44 finished with value: 5.2318291664123535 and parameters: {'gradient_clip_val': 0.4502082272412845, 'hidden_size': 62, 'dropout': 0.46162969293917766, 'hidden_continuous_size': 11, 'attention_head_size': 4, 'learning_rate': 0.0788886261186315}. Best is trial 1 with value: 0.04586878418922424.
[I 2023-12-26 17:58:47,347] Trial 45 finished with value: 6.475000381469727 and parameters: {'gradient_clip_val': 0.36007635620831824, 'hidden_size': 75, 'dropout': 0.11847935334450405, 'hidden_continuous_size': 15, 'attention_head_size': 2, 'learning_rate': 0.0029025085159754055}. Best is trial 1 with value: 0.04586878418922424.
[I 2023-12-26 17:58:55,290] Trial 46 finished with value: 5.629388332366943 and parameters: {'gradient_clip_val': 0.49912932223635104, 'hidden_size': 121, 'dropout': 0.16855105223642727, 'hidden_continuous_size': 10, 'attention_head_size': 3, 'learning_rate': 0.09725446803985144}. Best is trial 1 with value: 0.04586878418922424.
[I 2023-12-26 17:58:59,574] Trial 47 finished with value: 4.849637031555176 and parameters: {'gradient_clip_val': 0.32548688157537975, 'hidden_size': 61, 'dropout': 0.4090335630139623, 'hidden_continuous_size': 17, 'attention_head_size': 4, 'learning_rate': 0.0009520857349117099}. Best is trial 1 with value: 0.04586878418922424.
[I 2023-12-26 17:59:05,812] Trial 48 finished with value: 5.034775733947754 and parameters: {'gradient_clip_val': 0.7180015080563236, 'hidden_size': 96, 'dropout': 0.44623644020541026, 'hidden_continuous_size': 8, 'attention_head_size': 2, 'learning_rate': 0.0012358224662098432}. Best is trial 1 with value: 0.04586878418922424.
[I 2023-12-26 17:59:08,623] Trial 49 finished with value: 6.971302032470703 and parameters: {'gradient_clip_val': 0.2880683549766085, 'hidden_size': 36, 'dropout': 0.4983596566128484, 'hidden_continuous_size': 14, 'attention_head_size': 2, 'learning_rate': 0.0005013153954100416}. Best is trial 1 with value: 0.04586878418922424.
[I 2023-12-26 17:59:08,752] A new study created in memory with name: no-name-1b2b6e78-51fc-4c44-b2e9-17fcabfca428
/home/le004/conda/anaconda3/envs/tsff_env/lib/python3.9/site-packages/lightning/fabric/plugins/environments/slurm.py:191: The `srun` command is available on your system but is not used. HINT: If your intention is to run Lightning on SLURM, prepend your python command with `srun` like so: srun python /home/le004/master_thesis/git/TSFusionForecast/code/ ...
[I 2023-12-26 18:03:31,938] Trial 0 finished with value: 0.07300704717636108 and parameters: {'gradient_clip_val': 0.13715026929616184, 'hidden_size': 5, 'dropout': 0.36355526969485175, 'hidden_continuous_size': 5, 'attention_head_size': 3, 'learning_rate': 0.005703283547917125}. Best is trial 0 with value: 0.07300704717636108.
[I 2023-12-26 18:04:48,975] Trial 1 finished with value: 2.331690549850464 and parameters: {'gradient_clip_val': 0.6342391381588994, 'hidden_size': 8, 'dropout': 0.2138242703253661, 'hidden_continuous_size': 7, 'attention_head_size': 1, 'learning_rate': 0.0006381465233352602}. Best is trial 0 with value: 0.07300704717636108.
[I 2023-12-26 18:04:50,768] Trial 2 finished with value: 5.332632541656494 and parameters: {'gradient_clip_val': 0.14804871223624483, 'hidden_size': 7, 'dropout': 0.19368790264124766, 'hidden_continuous_size': 7, 'attention_head_size': 3, 'learning_rate': 0.004388059626327284}. Best is trial 0 with value: 0.07300704717636108.
[I 2023-12-26 18:04:52,498] Trial 3 finished with value: 4.143845081329346 and parameters: {'gradient_clip_val': 0.6799702438312116, 'hidden_size': 5, 'dropout': 0.11277827751956848, 'hidden_continuous_size': 5, 'attention_head_size': 4, 'learning_rate': 0.014978888047665912}. Best is trial 0 with value: 0.07300704717636108.
[I 2023-12-26 18:04:55,692] Trial 4 finished with value: 5.589157581329346 and parameters: {'gradient_clip_val': 0.8274303399534562, 'hidden_size': 56, 'dropout': 0.20390591427537746, 'hidden_continuous_size': 17, 'attention_head_size': 4, 'learning_rate': 0.002506118204142339}. Best is trial 0 with value: 0.07300704717636108.
[I 2023-12-26 18:04:57,356] Trial 5 finished with value: 6.652114391326904 and parameters: {'gradient_clip_val': 0.8817088734131996, 'hidden_size': 5, 'dropout': 0.12506871339695855, 'hidden_continuous_size': 5, 'attention_head_size': 1, 'learning_rate': 0.007124547214822632}. Best is trial 0 with value: 0.07300704717636108.
[I 2023-12-26 18:04:59,678] Trial 6 finished with value: 5.881331920623779 and parameters: {'gradient_clip_val': 0.2834319978806831, 'hidden_size': 32, 'dropout': 0.4105242863470817, 'hidden_continuous_size': 11, 'attention_head_size': 4, 'learning_rate': 0.012086137412162178}. Best is trial 0 with value: 0.07300704717636108.
[I 2023-12-26 18:05:01,667] Trial 7 finished with value: 6.469663143157959 and parameters: {'gradient_clip_val': 0.14057064241347741, 'hidden_size': 12, 'dropout': 0.4754887497407092, 'hidden_continuous_size': 10, 'attention_head_size': 3, 'learning_rate': 0.0011580808978438762}. Best is trial 0 with value: 0.07300704717636108.
[I 2023-12-26 18:05:09,486] Trial 8 finished with value: 5.549874782562256 and parameters: {'gradient_clip_val': 0.22165290719511094, 'hidden_size': 130, 'dropout': 0.18026246817548147, 'hidden_continuous_size': 42, 'attention_head_size': 1, 'learning_rate': 0.01452598874907103}. Best is trial 0 with value: 0.07300704717636108.
[I 2023-12-26 18:05:12,833] Trial 9 finished with value: 5.14063024520874 and parameters: {'gradient_clip_val': 0.10976586786243246, 'hidden_size': 58, 'dropout': 0.10851088880302956, 'hidden_continuous_size': 14, 'attention_head_size': 2, 'learning_rate': 0.006232270591608277}. Best is trial 0 with value: 0.07300704717636108.
[I 2023-12-26 18:05:14,855] Trial 10 finished with value: 6.02194356918335 and parameters: {'gradient_clip_val': 0.44511392786463516, 'hidden_size': 13, 'dropout': 0.335624753808908, 'hidden_continuous_size': 5, 'attention_head_size': 2, 'learning_rate': 0.06982105265148417}. Best is trial 0 with value: 0.07300704717636108.
[I 2023-12-26 18:05:17,024] Trial 11 finished with value: 5.480369567871094 and parameters: {'gradient_clip_val': 0.4462595428484607, 'hidden_size': 9, 'dropout': 0.292179783757812, 'hidden_continuous_size': 6, 'attention_head_size': 2, 'learning_rate': 0.0005263853642571848}. Best is trial 0 with value: 0.07300704717636108.
[I 2023-12-26 18:05:19,086] Trial 12 finished with value: 4.197402477264404 and parameters: {'gradient_clip_val': 0.20932201521035568, 'hidden_size': 14, 'dropout': 0.29552942003227234, 'hidden_continuous_size': 6, 'attention_head_size': 3, 'learning_rate': 0.0005150746087471974}. Best is trial 0 with value: 0.07300704717636108.
[I 2023-12-26 18:05:20,771] Trial 13 finished with value: 6.814811706542969 and parameters: {'gradient_clip_val': 0.4290732250954994, 'hidden_size': 5, 'dropout': 0.3324024860397896, 'hidden_continuous_size': 5, 'attention_head_size': 1, 'learning_rate': 0.0016088422674873635}. Best is trial 0 with value: 0.07300704717636108.
[I 2023-12-26 18:05:22,588] Trial 14 finished with value: 7.564493179321289 and parameters: {'gradient_clip_val': 0.1026649535438419, 'hidden_size': 8, 'dropout': 0.25766922509898743, 'hidden_continuous_size': 5, 'attention_head_size': 2, 'learning_rate': 0.0011348848570695855}. Best is trial 0 with value: 0.07300704717636108.
[I 2023-12-26 18:05:24,711] Trial 15 finished with value: 5.3823418617248535 and parameters: {'gradient_clip_val': 0.6397978682166022, 'hidden_size': 19, 'dropout': 0.38263290489835017, 'hidden_continuous_size': 7, 'attention_head_size': 3, 'learning_rate': 0.00264601930710741}. Best is trial 0 with value: 0.07300704717636108.
[I 2023-12-26 18:05:26,498] Trial 16 finished with value: 4.606228351593018 and parameters: {'gradient_clip_val': 0.27142870888341064, 'hidden_size': 8, 'dropout': 0.24239073978267056, 'hidden_continuous_size': 6, 'attention_head_size': 1, 'learning_rate': 0.0007446689960283739}. Best is trial 0 with value: 0.07300704717636108.
[I 2023-12-26 18:05:28,639] Trial 17 finished with value: 5.553981304168701 and parameters: {'gradient_clip_val': 0.36478199370324293, 'hidden_size': 21, 'dropout': 0.3795758648416583, 'hidden_continuous_size': 8, 'attention_head_size': 2, 'learning_rate': 0.0018971250531268067}. Best is trial 0 with value: 0.07300704717636108.
[I 2023-12-26 18:05:30,510] Trial 18 finished with value: 7.7420501708984375 and parameters: {'gradient_clip_val': 0.5726510963371836, 'hidden_size': 6, 'dropout': 0.2523806518233108, 'hidden_continuous_size': 5, 'attention_head_size': 3, 'learning_rate': 0.0009281597621674158}. Best is trial 0 with value: 0.07300704717636108.
[I 2023-12-26 18:05:32,479] Trial 19 finished with value: 6.484180927276611 and parameters: {'gradient_clip_val': 0.33377702892666605, 'hidden_size': 9, 'dropout': 0.49458336560166527, 'hidden_continuous_size': 6, 'attention_head_size': 4, 'learning_rate': 0.002684266729726016}. Best is trial 0 with value: 0.07300704717636108.
[I 2023-12-26 18:05:34,161] Trial 20 finished with value: 6.673261642456055 and parameters: {'gradient_clip_val': 0.5408722511943225, 'hidden_size': 5, 'dropout': 0.16295048483033206, 'hidden_continuous_size': 5, 'attention_head_size': 1, 'learning_rate': 0.028626906008457683}. Best is trial 0 with value: 0.07300704717636108.
[I 2023-12-26 18:05:35,915] Trial 21 finished with value: 6.243377208709717 and parameters: {'gradient_clip_val': 0.7515067830390797, 'hidden_size': 5, 'dropout': 0.12857009967550595, 'hidden_continuous_size': 5, 'attention_head_size': 4, 'learning_rate': 0.0042959097157141005}. Best is trial 0 with value: 0.07300704717636108.
[I 2023-12-26 18:05:37,834] Trial 22 finished with value: 5.443003177642822 and parameters: {'gradient_clip_val': 0.9297957918769267, 'hidden_size': 7, 'dropout': 0.10511641366796703, 'hidden_continuous_size': 5, 'attention_head_size': 4, 'learning_rate': 0.020138220439057948}. Best is trial 0 with value: 0.07300704717636108.
[I 2023-12-26 18:05:40,040] Trial 23 finished with value: 6.400434970855713 and parameters: {'gradient_clip_val': 0.700908473248444, 'hidden_size': 10, 'dropout': 0.15542854783232946, 'hidden_continuous_size': 6, 'attention_head_size': 3, 'learning_rate': 0.00812696796276499}. Best is trial 0 with value: 0.07300704717636108.
[I 2023-12-26 18:05:41,919] Trial 24 finished with value: 6.310755252838135 and parameters: {'gradient_clip_val': 0.9540935140517498, 'hidden_size': 6, 'dropout': 0.21685474172512334, 'hidden_continuous_size': 5, 'attention_head_size': 4, 'learning_rate': 0.0395553084848739}. Best is trial 0 with value: 0.07300704717636108.
[I 2023-12-26 18:05:43,825] Trial 25 finished with value: 5.3641676902771 and parameters: {'gradient_clip_val': 0.5772417741427008, 'hidden_size': 7, 'dropout': 0.16242870141707766, 'hidden_continuous_size': 5, 'attention_head_size': 3, 'learning_rate': 0.01129064451860327}. Best is trial 0 with value: 0.07300704717636108.
[I 2023-12-26 18:05:45,788] Trial 26 finished with value: 6.18199348449707 and parameters: {'gradient_clip_val': 0.7195882757746618, 'hidden_size': 11, 'dropout': 0.2252681340950642, 'hidden_continuous_size': 6, 'attention_head_size': 2, 'learning_rate': 0.019834901994857036}. Best is trial 0 with value: 0.07300704717636108.
[I 2023-12-26 18:05:47,677] Trial 27 finished with value: 5.1985344886779785 and parameters: {'gradient_clip_val': 0.5138210252736198, 'hidden_size': 6, 'dropout': 0.13717611659617682, 'hidden_continuous_size': 5, 'attention_head_size': 4, 'learning_rate': 0.004083990745122005}. Best is trial 0 with value: 0.07300704717636108.
[I 2023-12-26 18:05:49,658] Trial 28 finished with value: 5.177132606506348 and parameters: {'gradient_clip_val': 0.6497214117289388, 'hidden_size': 10, 'dropout': 0.19491124068172969, 'hidden_continuous_size': 6, 'attention_head_size': 3, 'learning_rate': 0.008660069872592201}. Best is trial 0 with value: 0.07300704717636108.
[I 2023-12-26 18:05:51,598] Trial 29 finished with value: 6.835943222045898 and parameters: {'gradient_clip_val': 0.17500000163715215, 'hidden_size': 7, 'dropout': 0.19173724939771739, 'hidden_continuous_size': 5, 'attention_head_size': 4, 'learning_rate': 0.0049464944136495765}. Best is trial 0 with value: 0.07300704717636108.
[I 2023-12-26 18:05:53,289] Trial 30 finished with value: 5.6412434577941895 and parameters: {'gradient_clip_val': 0.3681614382143221, 'hidden_size': 5, 'dropout': 0.2669806696939044, 'hidden_continuous_size': 5, 'attention_head_size': 2, 'learning_rate': 0.0016263183056077757}. Best is trial 0 with value: 0.07300704717636108.
[I 2023-12-26 18:05:55,392] Trial 31 finished with value: 4.688363552093506 and parameters: {'gradient_clip_val': 0.20381980513717524, 'hidden_size': 15, 'dropout': 0.27697750349723815, 'hidden_continuous_size': 7, 'attention_head_size': 3, 'learning_rate': 0.0011691523020457163}. Best is trial 0 with value: 0.07300704717636108.
[I 2023-12-26 18:05:57,469] Trial 32 finished with value: 5.950185298919678 and parameters: {'gradient_clip_val': 0.13939528272105517, 'hidden_size': 14, 'dropout': 0.2349208627639955, 'hidden_continuous_size': 7, 'attention_head_size': 3, 'learning_rate': 0.0005470737068565238}. Best is trial 0 with value: 0.07300704717636108.
[I 2023-12-26 18:05:59,346] Trial 33 finished with value: 6.868642330169678 and parameters: {'gradient_clip_val': 0.7796642725441804, 'hidden_size': 8, 'dropout': 0.2065619484146289, 'hidden_continuous_size': 6, 'attention_head_size': 3, 'learning_rate': 0.0007664304569735754}. Best is trial 0 with value: 0.07300704717636108.
[I 2023-12-26 18:06:01,221] Trial 34 finished with value: 7.005054473876953 and parameters: {'gradient_clip_val': 0.848984903436984, 'hidden_size': 6, 'dropout': 0.30706197908700356, 'hidden_continuous_size': 5, 'attention_head_size': 3, 'learning_rate': 0.0005682117146813622}. Best is trial 0 with value: 0.07300704717636108.
[I 2023-12-26 18:06:03,464] Trial 35 finished with value: 6.582088947296143 and parameters: {'gradient_clip_val': 0.2510476510742273, 'hidden_size': 11, 'dropout': 0.22152025535251327, 'hidden_continuous_size': 6, 'attention_head_size': 4, 'learning_rate': 0.0030294779116229148}. Best is trial 0 with value: 0.07300704717636108.
[I 2023-12-26 18:06:05,373] Trial 36 finished with value: 7.229913234710693 and parameters: {'gradient_clip_val': 0.9904205837080406, 'hidden_size': 16, 'dropout': 0.18350185899233834, 'hidden_continuous_size': 7, 'attention_head_size': 3, 'learning_rate': 0.002002471003993701}. Best is trial 0 with value: 0.07300704717636108.
[I 2023-12-26 18:06:07,318] Trial 37 finished with value: 6.614245891571045 and parameters: {'gradient_clip_val': 0.16431332310458718, 'hidden_size': 12, 'dropout': 0.14265578881326035, 'hidden_continuous_size': 8, 'attention_head_size': 1, 'learning_rate': 0.0008377348761848597}. Best is trial 0 with value: 0.07300704717636108.
[I 2023-12-26 18:06:09,302] Trial 38 finished with value: 6.245321750640869 and parameters: {'gradient_clip_val': 0.29916496097894246, 'hidden_size': 9, 'dropout': 0.17185936367284932, 'hidden_continuous_size': 6, 'attention_head_size': 4, 'learning_rate': 0.006423605532989767}. Best is trial 0 with value: 0.07300704717636108.
[I 2023-12-26 18:06:11,707] Trial 39 finished with value: 4.165075302124023 and parameters: {'gradient_clip_val': 0.2230293253427433, 'hidden_size': 29, 'dropout': 0.11705119258739007, 'hidden_continuous_size': 9, 'attention_head_size': 2, 'learning_rate': 0.0005069136073059472}. Best is trial 0 with value: 0.07300704717636108.
[I 2023-12-26 18:06:14,134] Trial 40 finished with value: 5.918678283691406 and parameters: {'gradient_clip_val': 0.8790160616747098, 'hidden_size': 30, 'dropout': 0.1041380437126801, 'hidden_continuous_size': 10, 'attention_head_size': 1, 'learning_rate': 0.011333914118056605}. Best is trial 0 with value: 0.07300704717636108.
[I 2023-12-26 18:06:16,365] Trial 41 finished with value: 5.445515155792236 and parameters: {'gradient_clip_val': 0.23132236173174858, 'hidden_size': 23, 'dropout': 0.12349484497782634, 'hidden_continuous_size': 9, 'attention_head_size': 2, 'learning_rate': 0.0006258614058646403}. Best is trial 0 with value: 0.07300704717636108.
