[I 2023-12-27 11:15:58,185] Trial 11 finished with value: 544.8936157226562 and parameters: {'gradient_clip_val': 0.18988450581848487, 'hidden_size': 12, 'dropout': 0.11303493326048601, 'hidden_continuous_size': 7, 'attention_head_size': 2, 'learning_rate': 0.02096497782143919}. Best is trial 1 with value: 403.6039123535156.
LOCAL_RANK: 0 - CUDA_VISIBLE_DEVICES: [0]
[I 2023-12-27 11:15:58,630] Trial 12 finished with value: 556.6801147460938 and parameters: {'gradient_clip_val': 0.10182741680382494, 'hidden_size': 23, 'dropout': 0.1067162650570093, 'hidden_continuous_size': 13, 'attention_head_size': 1, 'learning_rate': 0.016403756108747176}. Best is trial 1 with value: 403.6039123535156.
LOCAL_RANK: 0 - CUDA_VISIBLE_DEVICES: [0]
[I 2023-12-27 11:15:59,076] Trial 13 finished with value: 681.3292846679688 and parameters: {'gradient_clip_val': 0.25630813640422434, 'hidden_size': 9, 'dropout': 0.2181513798836131, 'hidden_continuous_size': 6, 'attention_head_size': 2, 'learning_rate': 0.0751109991884336}. Best is trial 1 with value: 403.6039123535156.
LOCAL_RANK: 0 - CUDA_VISIBLE_DEVICES: [0]
[I 2023-12-27 11:15:59,533] Trial 14 finished with value: 579.087890625 and parameters: {'gradient_clip_val': 0.1527619526212171, 'hidden_size': 22, 'dropout': 0.10049025427910445, 'hidden_continuous_size': 14, 'attention_head_size': 3, 'learning_rate': 0.003316677914654312}. Best is trial 1 with value: 403.6039123535156.
LOCAL_RANK: 0 - CUDA_VISIBLE_DEVICES: [0]
[I 2023-12-27 11:15:59,976] Trial 15 finished with value: 458.175537109375 and parameters: {'gradient_clip_val': 0.3044004508719248, 'hidden_size': 10, 'dropout': 0.1570869335560442, 'hidden_continuous_size': 7, 'attention_head_size': 2, 'learning_rate': 0.012026305817618758}. Best is trial 1 with value: 403.6039123535156.
LOCAL_RANK: 0 - CUDA_VISIBLE_DEVICES: [0]
[I 2023-12-27 11:16:00,416] Trial 16 finished with value: 518.7017211914062 and parameters: {'gradient_clip_val': 0.32667265129508655, 'hidden_size': 9, 'dropout': 0.16284042137151178, 'hidden_continuous_size': 6, 'attention_head_size': 3, 'learning_rate': 0.010991116042232393}. Best is trial 1 with value: 403.6039123535156.
LOCAL_RANK: 0 - CUDA_VISIBLE_DEVICES: [0]
[I 2023-12-27 11:16:00,806] Trial 17 finished with value: 622.489013671875 and parameters: {'gradient_clip_val': 0.3784006150112113, 'hidden_size': 5, 'dropout': 0.2569290869114724, 'hidden_continuous_size': 5, 'attention_head_size': 1, 'learning_rate': 0.010290509212762259}. Best is trial 1 with value: 403.6039123535156.
LOCAL_RANK: 0 - CUDA_VISIBLE_DEVICES: [0]
[I 2023-12-27 11:16:01,242] Trial 18 finished with value: 574.484130859375 and parameters: {'gradient_clip_val': 0.2573764004520606, 'hidden_size': 8, 'dropout': 0.1611479518801653, 'hidden_continuous_size': 6, 'attention_head_size': 3, 'learning_rate': 0.0039445423057371904}. Best is trial 1 with value: 403.6039123535156.
LOCAL_RANK: 0 - CUDA_VISIBLE_DEVICES: [0]
[I 2023-12-27 11:16:01,688] Trial 19 finished with value: 556.288818359375 and parameters: {'gradient_clip_val': 0.4047688816597817, 'hidden_size': 11, 'dropout': 0.2310182188521137, 'hidden_continuous_size': 7, 'attention_head_size': 2, 'learning_rate': 0.0028316376494822537}. Best is trial 1 with value: 403.6039123535156.
LOCAL_RANK: 0 - CUDA_VISIBLE_DEVICES: [0]
[I 2023-12-27 11:16:02,088] Trial 20 finished with value: 620.1465454101562 and parameters: {'gradient_clip_val': 0.2535007365430193, 'hidden_size': 5, 'dropout': 0.15174745548625332, 'hidden_continuous_size': 5, 'attention_head_size': 1, 'learning_rate': 0.007065282070035345}. Best is trial 1 with value: 403.6039123535156.
LOCAL_RANK: 0 - CUDA_VISIBLE_DEVICES: [0]
[I 2023-12-27 11:16:02,532] Trial 21 finished with value: 676.1618041992188 and parameters: {'gradient_clip_val': 0.16067329136358038, 'hidden_size': 17, 'dropout': 0.13856113167332898, 'hidden_continuous_size': 8, 'attention_head_size': 2, 'learning_rate': 0.04326095073189216}. Best is trial 1 with value: 403.6039123535156.
LOCAL_RANK: 0 - CUDA_VISIBLE_DEVICES: [0]
[I 2023-12-27 11:16:02,978] Trial 22 finished with value: 577.2200317382812 and parameters: {'gradient_clip_val': 0.17555432526185313, 'hidden_size': 12, 'dropout': 0.18508427458641963, 'hidden_continuous_size': 7, 'attention_head_size': 2, 'learning_rate': 0.03873489137417956}. Best is trial 1 with value: 403.6039123535156.
LOCAL_RANK: 0 - CUDA_VISIBLE_DEVICES: [0]
[I 2023-12-27 11:16:03,686] Trial 23 finished with value: 478.6344299316406 and parameters: {'gradient_clip_val': 0.13879478838566742, 'hidden_size': 7, 'dropout': 0.1004297553991657, 'hidden_continuous_size': 5, 'attention_head_size': 2, 'learning_rate': 0.012511380252659347}. Best is trial 1 with value: 403.6039123535156.
LOCAL_RANK: 0 - CUDA_VISIBLE_DEVICES: [0]
[I 2023-12-27 11:16:04,131] Trial 24 finished with value: 588.1149291992188 and parameters: {'gradient_clip_val': 0.12366154524147158, 'hidden_size': 8, 'dropout': 0.130150352322459, 'hidden_continuous_size': 5, 'attention_head_size': 3, 'learning_rate': 0.011754125158775006}. Best is trial 1 with value: 403.6039123535156.
LOCAL_RANK: 0 - CUDA_VISIBLE_DEVICES: [0]
[I 2023-12-27 11:16:04,570] Trial 25 finished with value: 636.3193969726562 and parameters: {'gradient_clip_val': 0.14310002267054292, 'hidden_size': 7, 'dropout': 0.20250853361251736, 'hidden_continuous_size': 5, 'attention_head_size': 2, 'learning_rate': 0.02051984756938667}. Best is trial 1 with value: 403.6039123535156.
LOCAL_RANK: 0 - CUDA_VISIBLE_DEVICES: [0]
[I 2023-12-27 11:16:05,010] Trial 26 finished with value: 557.46826171875 and parameters: {'gradient_clip_val': 0.10201590764327854, 'hidden_size': 6, 'dropout': 0.17415127435502148, 'hidden_continuous_size': 5, 'attention_head_size': 1, 'learning_rate': 0.004861020169929838}. Best is trial 1 with value: 403.6039123535156.
LOCAL_RANK: 0 - CUDA_VISIBLE_DEVICES: [0]
[I 2023-12-27 11:16:05,459] Trial 27 finished with value: 661.9487915039062 and parameters: {'gradient_clip_val': 0.22069504100074025, 'hidden_size': 10, 'dropout': 0.1390669995552111, 'hidden_continuous_size': 6, 'attention_head_size': 3, 'learning_rate': 0.0022300225856040287}. Best is trial 1 with value: 403.6039123535156.
LOCAL_RANK: 0 - CUDA_VISIBLE_DEVICES: [0]
[I 2023-12-27 11:16:05,911] Trial 28 finished with value: 565.41552734375 and parameters: {'gradient_clip_val': 0.1318962039719741, 'hidden_size': 7, 'dropout': 0.1320072398173643, 'hidden_continuous_size': 5, 'attention_head_size': 2, 'learning_rate': 0.009128095165313484}. Best is trial 1 with value: 403.6039123535156.
LOCAL_RANK: 0 - CUDA_VISIBLE_DEVICES: [0]
[I 2023-12-27 11:16:06,361] Trial 29 finished with value: 514.9130859375 and parameters: {'gradient_clip_val': 0.14630714994038851, 'hidden_size': 10, 'dropout': 0.19089748407897167, 'hidden_continuous_size': 6, 'attention_head_size': 4, 'learning_rate': 0.0058926055260970405}. Best is trial 1 with value: 403.6039123535156.
LOCAL_RANK: 0 - CUDA_VISIBLE_DEVICES: [0]
[I 2023-12-27 11:16:06,807] Trial 30 finished with value: 583.4822387695312 and parameters: {'gradient_clip_val': 0.12221767268487163, 'hidden_size': 7, 'dropout': 0.2157616034224778, 'hidden_continuous_size': 5, 'attention_head_size': 2, 'learning_rate': 0.017488567237276226}. Best is trial 1 with value: 403.6039123535156.
LOCAL_RANK: 0 - CUDA_VISIBLE_DEVICES: [0]
[I 2023-12-27 11:16:07,247] Trial 31 finished with value: 635.6016845703125 and parameters: {'gradient_clip_val': 0.15573577391320262, 'hidden_size': 14, 'dropout': 0.11019565993425535, 'hidden_continuous_size': 7, 'attention_head_size': 2, 'learning_rate': 0.0930884461609646}. Best is trial 1 with value: 403.6039123535156.
LOCAL_RANK: 0 - CUDA_VISIBLE_DEVICES: [0]
[I 2023-12-27 11:16:07,688] Trial 32 finished with value: 536.3704223632812 and parameters: {'gradient_clip_val': 0.1704284480244536, 'hidden_size': 9, 'dropout': 0.11420011064182184, 'hidden_continuous_size': 6, 'attention_head_size': 2, 'learning_rate': 0.03125744422793776}. Best is trial 1 with value: 403.6039123535156.
LOCAL_RANK: 0 - CUDA_VISIBLE_DEVICES: [0]
[I 2023-12-27 11:16:08,135] Trial 33 finished with value: 615.6463623046875 and parameters: {'gradient_clip_val': 0.2024297226851602, 'hidden_size': 12, 'dropout': 0.1702333802214901, 'hidden_continuous_size': 8, 'attention_head_size': 2, 'learning_rate': 0.013448537934490587}. Best is trial 1 with value: 403.6039123535156.
LOCAL_RANK: 0 - CUDA_VISIBLE_DEVICES: [0]
[I 2023-12-27 11:16:08,566] Trial 34 finished with value: 601.6007690429688 and parameters: {'gradient_clip_val': 0.1709860701703235, 'hidden_size': 6, 'dropout': 0.1437432816686862, 'hidden_continuous_size': 5, 'attention_head_size': 1, 'learning_rate': 0.008352415843229282}. Best is trial 1 with value: 403.6039123535156.
LOCAL_RANK: 0 - CUDA_VISIBLE_DEVICES: [0]
[I 2023-12-27 11:16:09,006] Trial 35 finished with value: 513.5916748046875 and parameters: {'gradient_clip_val': 0.13667590655003273, 'hidden_size': 8, 'dropout': 0.10004576082089191, 'hidden_continuous_size': 6, 'attention_head_size': 4, 'learning_rate': 0.024761850630478557}. Best is trial 1 with value: 403.6039123535156.
LOCAL_RANK: 0 - CUDA_VISIBLE_DEVICES: [0]
[I 2023-12-27 11:16:09,683] Trial 36 finished with value: 605.1143188476562 and parameters: {'gradient_clip_val': 0.13652406779500323, 'hidden_size': 5, 'dropout': 0.12611156541688828, 'hidden_continuous_size': 5, 'attention_head_size': 4, 'learning_rate': 0.026094538262955942}. Best is trial 1 with value: 403.6039123535156.
LOCAL_RANK: 0 - CUDA_VISIBLE_DEVICES: [0]
[I 2023-12-27 11:16:10,137] Trial 37 finished with value: 491.0776062011719 and parameters: {'gradient_clip_val': 0.11362702121945141, 'hidden_size': 7, 'dropout': 0.15675568023380565, 'hidden_continuous_size': 6, 'attention_head_size': 4, 'learning_rate': 0.013524379450845034}. Best is trial 1 with value: 403.6039123535156.
LOCAL_RANK: 0 - CUDA_VISIBLE_DEVICES: [0]
[I 2023-12-27 11:16:10,607] Trial 38 finished with value: 662.6719360351562 and parameters: {'gradient_clip_val': 0.11120570332903444, 'hidden_size': 7, 'dropout': 0.15284245616076408, 'hidden_continuous_size': 6, 'attention_head_size': 4, 'learning_rate': 0.013969497888021556}. Best is trial 1 with value: 403.6039123535156.
LOCAL_RANK: 0 - CUDA_VISIBLE_DEVICES: [0]
[I 2023-12-27 11:16:11,050] Trial 39 finished with value: 634.7858276367188 and parameters: {'gradient_clip_val': 0.12184988323810662, 'hidden_size': 6, 'dropout': 0.1769011543842399, 'hidden_continuous_size': 5, 'attention_head_size': 4, 'learning_rate': 0.00872594774589888}. Best is trial 1 with value: 403.6039123535156.
LOCAL_RANK: 0 - CUDA_VISIBLE_DEVICES: [0]
[I 2023-12-27 11:16:11,462] Trial 40 finished with value: 477.9007263183594 and parameters: {'gradient_clip_val': 0.11079732169948134, 'hidden_size': 5, 'dropout': 0.1540974817839305, 'hidden_continuous_size': 5, 'attention_head_size': 4, 'learning_rate': 0.006245446960562734}. Best is trial 1 with value: 403.6039123535156.
LOCAL_RANK: 0 - CUDA_VISIBLE_DEVICES: [0]
[I 2023-12-27 11:16:11,892] Trial 41 finished with value: 543.2864379882812 and parameters: {'gradient_clip_val': 0.1138665065750214, 'hidden_size': 5, 'dropout': 0.15261061355924815, 'hidden_continuous_size': 5, 'attention_head_size': 4, 'learning_rate': 0.006362173543070358}. Best is trial 1 with value: 403.6039123535156.
LOCAL_RANK: 0 - CUDA_VISIBLE_DEVICES: [0]
[I 2023-12-27 11:16:12,343] Trial 42 finished with value: 473.2691345214844 and parameters: {'gradient_clip_val': 0.10414424672488976, 'hidden_size': 6, 'dropout': 0.2024491621325423, 'hidden_continuous_size': 5, 'attention_head_size': 4, 'learning_rate': 0.007623733706563241}. Best is trial 1 with value: 403.6039123535156.
LOCAL_RANK: 0 - CUDA_VISIBLE_DEVICES: [0]
[I 2023-12-27 11:16:12,783] Trial 43 finished with value: 562.1812133789062 and parameters: {'gradient_clip_val': 0.10433874989866666, 'hidden_size': 6, 'dropout': 0.19745852840779843, 'hidden_continuous_size': 5, 'attention_head_size': 4, 'learning_rate': 0.004536089264267209}. Best is trial 1 with value: 403.6039123535156.
LOCAL_RANK: 0 - CUDA_VISIBLE_DEVICES: [0]
[I 2023-12-27 11:16:13,193] Trial 44 finished with value: 534.3858032226562 and parameters: {'gradient_clip_val': 0.1365401874734112, 'hidden_size': 5, 'dropout': 0.12499589995742344, 'hidden_continuous_size': 5, 'attention_head_size': 4, 'learning_rate': 0.007512116254438506}. Best is trial 1 with value: 403.6039123535156.
LOCAL_RANK: 0 - CUDA_VISIBLE_DEVICES: [0]
[I 2023-12-27 11:16:13,637] Trial 45 finished with value: 593.7617797851562 and parameters: {'gradient_clip_val': 0.15552834851503522, 'hidden_size': 6, 'dropout': 0.1739962225929221, 'hidden_continuous_size': 5, 'attention_head_size': 3, 'learning_rate': 0.006936006763601433}. Best is trial 1 with value: 403.6039123535156.
LOCAL_RANK: 0 - CUDA_VISIBLE_DEVICES: [0]
[I 2023-12-27 11:16:14,129] Trial 46 finished with value: 554.9576416015625 and parameters: {'gradient_clip_val': 0.10015651942022848, 'hidden_size': 10, 'dropout': 0.12177476313842936, 'hidden_continuous_size': 7, 'attention_head_size': 4, 'learning_rate': 0.005297834574880143}. Best is trial 1 with value: 403.6039123535156.
LOCAL_RANK: 0 - CUDA_VISIBLE_DEVICES: [0]
[I 2023-12-27 11:16:14,568] Trial 47 finished with value: 672.6983032226562 and parameters: {'gradient_clip_val': 0.19029743471173685, 'hidden_size': 8, 'dropout': 0.13991367754664463, 'hidden_continuous_size': 5, 'attention_head_size': 3, 'learning_rate': 0.010273439738902114}. Best is trial 1 with value: 403.6039123535156.
LOCAL_RANK: 0 - CUDA_VISIBLE_DEVICES: [0]
[I 2023-12-27 11:16:14,979] Trial 48 finished with value: 577.3783569335938 and parameters: {'gradient_clip_val': 0.12514717478469267, 'hidden_size': 5, 'dropout': 0.1010876547560071, 'hidden_continuous_size': 5, 'attention_head_size': 4, 'learning_rate': 0.0039179277873639205}. Best is trial 1 with value: 403.6039123535156.
LOCAL_RANK: 0 - CUDA_VISIBLE_DEVICES: [0]
[I 2023-12-27 11:16:15,472] Trial 49 finished with value: 617.7538452148438 and parameters: {'gradient_clip_val': 0.11028241631430334, 'hidden_size': 39, 'dropout': 0.1630999500621968, 'hidden_continuous_size': 11, 'attention_head_size': 3, 'learning_rate': 0.0019640430126100475}. Best is trial 1 with value: 403.6039123535156.
[I 2023-12-27 11:16:15,601] A new study created in memory with name: no-name-76239807-5c71-4e03-abb7-e2bec3cf95a4
/home/le004/conda/anaconda3/envs/tsff_env/lib/python3.9/site-packages/lightning/fabric/plugins/environments/slurm.py:191: The `srun` command is available on your system but is not used. HINT: If your intention is to run Lightning on SLURM, prepend your python command with `srun` like so: srun python /home/le004/master_thesis/git/TSFusionForecast/code/ ...
LOCAL_RANK: 0 - CUDA_VISIBLE_DEVICES: [0]
[I 2023-12-27 11:16:44,865] Trial 0 finished with value: 25.948776245117188 and parameters: {'gradient_clip_val': 0.3567332422934784, 'hidden_size': 6, 'dropout': 0.23547584711171454, 'hidden_continuous_size': 5, 'attention_head_size': 2, 'learning_rate': 0.0012544568312596132}. Best is trial 0 with value: 25.948776245117188.
LOCAL_RANK: 0 - CUDA_VISIBLE_DEVICES: [0]
[I 2023-12-27 11:17:14,106] Trial 1 finished with value: 4.656630516052246 and parameters: {'gradient_clip_val': 0.14965414169423338, 'hidden_size': 38, 'dropout': 0.2364941956290857, 'hidden_continuous_size': 5, 'attention_head_size': 1, 'learning_rate': 0.009052159377270535}. Best is trial 1 with value: 4.656630516052246.
LOCAL_RANK: 0 - CUDA_VISIBLE_DEVICES: [0]
[I 2023-12-27 11:17:24,015] Trial 2 finished with value: 5.853832721710205 and parameters: {'gradient_clip_val': 0.19464129274978678, 'hidden_size': 73, 'dropout': 0.2889204943288023, 'hidden_continuous_size': 35, 'attention_head_size': 1, 'learning_rate': 0.018815701781771783}. Best is trial 1 with value: 4.656630516052246.
LOCAL_RANK: 0 - CUDA_VISIBLE_DEVICES: [0]
[I 2023-12-27 11:17:24,426] Trial 3 finished with value: 42.72146987915039 and parameters: {'gradient_clip_val': 0.9824234641436576, 'hidden_size': 16, 'dropout': 0.20565632606587858, 'hidden_continuous_size': 6, 'attention_head_size': 1, 'learning_rate': 0.0006048167502389595}. Best is trial 1 with value: 4.656630516052246.
LOCAL_RANK: 0 - CUDA_VISIBLE_DEVICES: [0]
[I 2023-12-27 11:17:24,893] Trial 4 finished with value: 53.854801177978516 and parameters: {'gradient_clip_val': 0.17351540514937935, 'hidden_size': 68, 'dropout': 0.23059377183379262, 'hidden_continuous_size': 6, 'attention_head_size': 2, 'learning_rate': 0.05033717207858863}. Best is trial 1 with value: 4.656630516052246.
LOCAL_RANK: 0 - CUDA_VISIBLE_DEVICES: [0]
[I 2023-12-27 11:17:25,304] Trial 5 finished with value: 42.438533782958984 and parameters: {'gradient_clip_val': 0.30243980809662285, 'hidden_size': 12, 'dropout': 0.13686118584319107, 'hidden_continuous_size': 8, 'attention_head_size': 1, 'learning_rate': 0.0017813379193557235}. Best is trial 1 with value: 4.656630516052246.
LOCAL_RANK: 0 - CUDA_VISIBLE_DEVICES: [0]
[I 2023-12-27 11:17:25,777] Trial 6 finished with value: 49.672061920166016 and parameters: {'gradient_clip_val': 0.35121939188152235, 'hidden_size': 18, 'dropout': 0.2416580378832338, 'hidden_continuous_size': 10, 'attention_head_size': 3, 'learning_rate': 0.0034832028091665865}. Best is trial 1 with value: 4.656630516052246.
LOCAL_RANK: 0 - CUDA_VISIBLE_DEVICES: [0]
[I 2023-12-27 11:17:26,455] Trial 7 finished with value: 59.16019058227539 and parameters: {'gradient_clip_val': 0.3386563890526634, 'hidden_size': 11, 'dropout': 0.313278664306601, 'hidden_continuous_size': 11, 'attention_head_size': 4, 'learning_rate': 0.004515036939728568}. Best is trial 1 with value: 4.656630516052246.
LOCAL_RANK: 0 - CUDA_VISIBLE_DEVICES: [0]
[I 2023-12-27 11:17:26,833] Trial 8 finished with value: 30.785181045532227 and parameters: {'gradient_clip_val': 0.12662854883829433, 'hidden_size': 5, 'dropout': 0.36842678050282407, 'hidden_continuous_size': 5, 'attention_head_size': 1, 'learning_rate': 0.011925155931876352}. Best is trial 1 with value: 4.656630516052246.
LOCAL_RANK: 0 - CUDA_VISIBLE_DEVICES: [0]
[I 2023-12-27 11:17:27,290] Trial 9 finished with value: 42.78092956542969 and parameters: {'gradient_clip_val': 0.34054520381901515, 'hidden_size': 13, 'dropout': 0.42473799474269125, 'hidden_continuous_size': 12, 'attention_head_size': 4, 'learning_rate': 0.009709426958085509}. Best is trial 1 with value: 4.656630516052246.
LOCAL_RANK: 0 - CUDA_VISIBLE_DEVICES: [0]
[I 2023-12-27 11:17:27,749] Trial 10 finished with value: 36.65549850463867 and parameters: {'gradient_clip_val': 0.10361273529502815, 'hidden_size': 38, 'dropout': 0.4650503079542415, 'hidden_continuous_size': 18, 'attention_head_size': 3, 'learning_rate': 0.06195892115973937}. Best is trial 1 with value: 4.656630516052246.
LOCAL_RANK: 0 - CUDA_VISIBLE_DEVICES: [0]
[I 2023-12-27 11:17:28,285] Trial 11 finished with value: 34.27677917480469 and parameters: {'gradient_clip_val': 0.18547468542398132, 'hidden_size': 139, 'dropout': 0.3144171240727327, 'hidden_continuous_size': 45, 'attention_head_size': 2, 'learning_rate': 0.019842185725084498}. Best is trial 1 with value: 4.656630516052246.
LOCAL_RANK: 0 - CUDA_VISIBLE_DEVICES: [0]
[I 2023-12-27 11:17:28,781] Trial 12 finished with value: 46.8316764831543 and parameters: {'gradient_clip_val': 0.18145016871539038, 'hidden_size': 42, 'dropout': 0.13703354140729967, 'hidden_continuous_size': 19, 'attention_head_size': 1, 'learning_rate': 0.02735503035923472}. Best is trial 1 with value: 4.656630516052246.
LOCAL_RANK: 0 - CUDA_VISIBLE_DEVICES: [0]
[I 2023-12-27 11:17:29,288] Trial 13 finished with value: 31.05793571472168 and parameters: {'gradient_clip_val': 0.14338905144766953, 'hidden_size': 75, 'dropout': 0.3617128217321015, 'hidden_continuous_size': 40, 'attention_head_size': 1, 'learning_rate': 0.008003750490214345}. Best is trial 1 with value: 4.656630516052246.
LOCAL_RANK: 0 - CUDA_VISIBLE_DEVICES: [0]
[I 2023-12-27 11:17:29,780] Trial 14 finished with value: 43.13515090942383 and parameters: {'gradient_clip_val': 0.22551956350524052, 'hidden_size': 29, 'dropout': 0.2716454458484849, 'hidden_continuous_size': 8, 'attention_head_size': 2, 'learning_rate': 0.020616888009522598}. Best is trial 1 with value: 4.656630516052246.
LOCAL_RANK: 0 - CUDA_VISIBLE_DEVICES: [0]
[I 2023-12-27 11:17:30,274] Trial 15 finished with value: 42.46751403808594 and parameters: {'gradient_clip_val': 0.1126045058591968, 'hidden_size': 55, 'dropout': 0.19705551381328504, 'hidden_continuous_size': 31, 'attention_head_size': 1, 'learning_rate': 0.09532596961534613}. Best is trial 1 with value: 4.656630516052246.
LOCAL_RANK: 0 - CUDA_VISIBLE_DEVICES: [0]
[I 2023-12-27 11:17:30,798] Trial 16 finished with value: 44.7939453125 and parameters: {'gradient_clip_val': 0.13729204750747268, 'hidden_size': 103, 'dropout': 0.2869049109498243, 'hidden_continuous_size': 75, 'attention_head_size': 3, 'learning_rate': 0.005277116567543233}. Best is trial 1 with value: 4.656630516052246.
LOCAL_RANK: 0 - CUDA_VISIBLE_DEVICES: [0]
[I 2023-12-27 11:17:31,281] Trial 17 finished with value: 27.653900146484375 and parameters: {'gradient_clip_val': 0.22927893678694655, 'hidden_size': 27, 'dropout': 0.1779779119164775, 'hidden_continuous_size': 7, 'attention_head_size': 2, 'learning_rate': 0.016490140173755236}. Best is trial 1 with value: 4.656630516052246.
LOCAL_RANK: 0 - CUDA_VISIBLE_DEVICES: [0]
[I 2023-12-27 11:17:31,780] Trial 18 finished with value: 45.89923095703125 and parameters: {'gradient_clip_val': 0.10312324418292806, 'hidden_size': 49, 'dropout': 0.16994678676573582, 'hidden_continuous_size': 18, 'attention_head_size': 1, 'learning_rate': 0.008235966997191643}. Best is trial 1 with value: 4.656630516052246.
LOCAL_RANK: 0 - CUDA_VISIBLE_DEVICES: [0]
