[I 2023-12-26 16:25:13,225] Trial 31 finished with value: 73.5556640625 and parameters: {'gradient_clip_val': 0.5272955661564552, 'hidden_size': 109, 'dropout': 0.24752498084516397, 'hidden_continuous_size': 11, 'attention_head_size': 3, 'learning_rate': 0.005440599032682105}. Best is trial 0 with value: 7.436357498168945.
[I 2023-12-26 16:25:15,500] Trial 32 finished with value: 49.23334884643555 and parameters: {'gradient_clip_val': 0.4748855342168179, 'hidden_size': 13, 'dropout': 0.3295720231137804, 'hidden_continuous_size': 9, 'attention_head_size': 4, 'learning_rate': 0.002753307227992747}. Best is trial 0 with value: 7.436357498168945.
[I 2023-12-26 16:25:17,737] Trial 33 finished with value: 60.248653411865234 and parameters: {'gradient_clip_val': 0.6094397964145761, 'hidden_size': 10, 'dropout': 0.3137586409785237, 'hidden_continuous_size': 8, 'attention_head_size': 4, 'learning_rate': 0.0017701846210991176}. Best is trial 0 with value: 7.436357498168945.
[I 2023-12-26 16:25:20,026] Trial 34 finished with value: 56.80155944824219 and parameters: {'gradient_clip_val': 0.4759759868032727, 'hidden_size': 11, 'dropout': 0.2788234181977974, 'hidden_continuous_size': 8, 'attention_head_size': 4, 'learning_rate': 0.0029312793099017668}. Best is trial 0 with value: 7.436357498168945.
[I 2023-12-26 16:25:22,458] Trial 35 finished with value: 68.11698913574219 and parameters: {'gradient_clip_val': 0.5773711967266196, 'hidden_size': 14, 'dropout': 0.18310615798180635, 'hidden_continuous_size': 9, 'attention_head_size': 4, 'learning_rate': 0.0010482948882154248}. Best is trial 0 with value: 7.436357498168945.
[I 2023-12-26 16:25:24,810] Trial 36 finished with value: 52.140625 and parameters: {'gradient_clip_val': 0.8661880866041076, 'hidden_size': 9, 'dropout': 0.3411232799897737, 'hidden_continuous_size': 7, 'attention_head_size': 4, 'learning_rate': 0.004319722280266979}. Best is trial 0 with value: 7.436357498168945.
[I 2023-12-26 16:25:27,084] Trial 37 finished with value: 78.98023986816406 and parameters: {'gradient_clip_val': 0.48625092090953204, 'hidden_size': 15, 'dropout': 0.3332688794259657, 'hidden_continuous_size': 10, 'attention_head_size': 2, 'learning_rate': 0.002885596795099431}. Best is trial 0 with value: 7.436357498168945.
[I 2023-12-26 16:25:29,437] Trial 38 finished with value: 50.993682861328125 and parameters: {'gradient_clip_val': 0.40742418090338495, 'hidden_size': 13, 'dropout': 0.2969236173791368, 'hidden_continuous_size': 9, 'attention_head_size': 4, 'learning_rate': 0.0014038608661875334}. Best is trial 0 with value: 7.436357498168945.
[I 2023-12-26 16:25:31,789] Trial 39 finished with value: 67.41407012939453 and parameters: {'gradient_clip_val': 0.7155058585210924, 'hidden_size': 23, 'dropout': 0.366267971873694, 'hidden_continuous_size': 12, 'attention_head_size': 3, 'learning_rate': 0.0020074757270072885}. Best is trial 0 with value: 7.436357498168945.
[I 2023-12-26 16:25:33,515] Trial 40 finished with value: 66.75271606445312 and parameters: {'gradient_clip_val': 0.5070217370008142, 'hidden_size': 5, 'dropout': 0.2323232427219067, 'hidden_continuous_size': 5, 'attention_head_size': 1, 'learning_rate': 0.0038853295823314854}. Best is trial 0 with value: 7.436357498168945.
[I 2023-12-26 16:25:35,591] Trial 41 finished with value: 82.84932708740234 and parameters: {'gradient_clip_val': 0.4094945330050106, 'hidden_size': 12, 'dropout': 0.291423171890876, 'hidden_continuous_size': 9, 'attention_head_size': 4, 'learning_rate': 0.0013809759344857006}. Best is trial 0 with value: 7.436357498168945.
[I 2023-12-26 16:25:37,745] Trial 42 finished with value: 64.85407257080078 and parameters: {'gradient_clip_val': 0.3974574531948834, 'hidden_size': 14, 'dropout': 0.2819301376618619, 'hidden_continuous_size': 10, 'attention_head_size': 4, 'learning_rate': 0.0008108282412824094}. Best is trial 0 with value: 7.436357498168945.
[I 2023-12-26 16:25:39,719] Trial 43 finished with value: 68.90957641601562 and parameters: {'gradient_clip_val': 0.4604005494168483, 'hidden_size': 7, 'dropout': 0.2615639502947452, 'hidden_continuous_size': 6, 'attention_head_size': 4, 'learning_rate': 0.0006653289094387699}. Best is trial 0 with value: 7.436357498168945.
[I 2023-12-26 16:25:41,877] Trial 44 finished with value: 64.14022827148438 and parameters: {'gradient_clip_val': 0.5760952959084257, 'hidden_size': 17, 'dropout': 0.26106256821067064, 'hidden_continuous_size': 10, 'attention_head_size': 4, 'learning_rate': 0.001395023641560825}. Best is trial 0 with value: 7.436357498168945.
[I 2023-12-26 16:25:43,919] Trial 45 finished with value: 53.7608642578125 and parameters: {'gradient_clip_val': 0.4413422163319935, 'hidden_size': 11, 'dropout': 0.3043825742183373, 'hidden_continuous_size': 8, 'attention_head_size': 3, 'learning_rate': 0.006333225117386058}. Best is trial 0 with value: 7.436357498168945.
[I 2023-12-26 16:25:46,031] Trial 46 finished with value: 61.00571823120117 and parameters: {'gradient_clip_val': 0.3616836550774822, 'hidden_size': 13, 'dropout': 0.23809916624065347, 'hidden_continuous_size': 9, 'attention_head_size': 4, 'learning_rate': 0.0016983673422250212}. Best is trial 0 with value: 7.436357498168945.
[I 2023-12-26 16:25:48,431] Trial 47 finished with value: 51.44123458862305 and parameters: {'gradient_clip_val': 0.661826184861518, 'hidden_size': 32, 'dropout': 0.21274564147810016, 'hidden_continuous_size': 12, 'attention_head_size': 1, 'learning_rate': 0.0010891298586713236}. Best is trial 0 with value: 7.436357498168945.
[I 2023-12-26 16:25:50,671] Trial 48 finished with value: 52.01604080200195 and parameters: {'gradient_clip_val': 0.5446604825800705, 'hidden_size': 20, 'dropout': 0.3601319078542973, 'hidden_continuous_size': 11, 'attention_head_size': 3, 'learning_rate': 0.002596652261669259}. Best is trial 0 with value: 7.436357498168945.
[I 2023-12-26 16:25:53,036] Trial 49 finished with value: 62.4949951171875 and parameters: {'gradient_clip_val': 0.7518613455510117, 'hidden_size': 23, 'dropout': 0.2753850632397027, 'hidden_continuous_size': 17, 'attention_head_size': 2, 'learning_rate': 0.003637062507854866}. Best is trial 0 with value: 7.436357498168945.
[I 2023-12-26 16:25:53,162] A new study created in memory with name: no-name-c28217d3-a634-47e7-b31d-12d801e34644
/home/le004/conda/anaconda3/envs/tsff_env/lib/python3.9/site-packages/lightning/fabric/plugins/environments/slurm.py:191: The `srun` command is available on your system but is not used. HINT: If your intention is to run Lightning on SLURM, prepend your python command with `srun` like so: srun python /home/le004/master_thesis/git/TSFusionForecast/code/ ...
[I 2023-12-26 16:30:49,418] Trial 0 finished with value: 12.157210350036621 and parameters: {'gradient_clip_val': 0.2662042918412773, 'hidden_size': 13, 'dropout': 0.2812565931242076, 'hidden_continuous_size': 9, 'attention_head_size': 4, 'learning_rate': 0.0005280431574405134}. Best is trial 0 with value: 12.157210350036621.
[I 2023-12-26 16:36:58,556] Trial 1 finished with value: 15.266288757324219 and parameters: {'gradient_clip_val': 0.8302774376116875, 'hidden_size': 73, 'dropout': 0.1830640461076866, 'hidden_continuous_size': 23, 'attention_head_size': 2, 'learning_rate': 0.0012531818283189043}. Best is trial 0 with value: 12.157210350036621.
[I 2023-12-26 16:37:01,581] Trial 2 finished with value: 35.808082580566406 and parameters: {'gradient_clip_val': 0.18442497271382682, 'hidden_size': 41, 'dropout': 0.4257494079334222, 'hidden_continuous_size': 24, 'attention_head_size': 3, 'learning_rate': 0.03218964520757498}. Best is trial 0 with value: 12.157210350036621.
[I 2023-12-26 16:37:04,004] Trial 3 finished with value: 28.84882164001465 and parameters: {'gradient_clip_val': 0.13691880422062727, 'hidden_size': 21, 'dropout': 0.23871721556617742, 'hidden_continuous_size': 10, 'attention_head_size': 1, 'learning_rate': 0.06182759013361345}. Best is trial 0 with value: 12.157210350036621.
[I 2023-12-26 16:37:05,961] Trial 4 finished with value: 41.283809661865234 and parameters: {'gradient_clip_val': 0.31182644032998896, 'hidden_size': 16, 'dropout': 0.4989734756551947, 'hidden_continuous_size': 6, 'attention_head_size': 3, 'learning_rate': 0.0026795982242972}. Best is trial 0 with value: 12.157210350036621.
[I 2023-12-26 16:37:08,893] Trial 5 finished with value: 37.08370590209961 and parameters: {'gradient_clip_val': 0.8648328504282157, 'hidden_size': 46, 'dropout': 0.16097732898051384, 'hidden_continuous_size': 5, 'attention_head_size': 2, 'learning_rate': 0.0059272787720838285}. Best is trial 0 with value: 12.157210350036621.
[I 2023-12-26 16:37:10,779] Trial 6 finished with value: 27.28297996520996 and parameters: {'gradient_clip_val': 0.5083916632240323, 'hidden_size': 7, 'dropout': 0.40339901768743014, 'hidden_continuous_size': 5, 'attention_head_size': 2, 'learning_rate': 0.004051602051342563}. Best is trial 0 with value: 12.157210350036621.
[I 2023-12-26 16:37:12,929] Trial 7 finished with value: 39.456947326660156 and parameters: {'gradient_clip_val': 0.8369784027415372, 'hidden_size': 9, 'dropout': 0.21559355877312525, 'hidden_continuous_size': 5, 'attention_head_size': 1, 'learning_rate': 0.02126283599389421}. Best is trial 0 with value: 12.157210350036621.
[I 2023-12-26 16:37:20,212] Trial 8 finished with value: 31.885351181030273 and parameters: {'gradient_clip_val': 0.15289601935300517, 'hidden_size': 87, 'dropout': 0.49352628473514504, 'hidden_continuous_size': 14, 'attention_head_size': 1, 'learning_rate': 0.007186386411490991}. Best is trial 0 with value: 12.157210350036621.
[I 2023-12-26 16:37:28,312] Trial 9 finished with value: 34.68229675292969 and parameters: {'gradient_clip_val': 0.6130115408343391, 'hidden_size': 124, 'dropout': 0.488545006314101, 'hidden_continuous_size': 11, 'attention_head_size': 3, 'learning_rate': 0.004794812137208527}. Best is trial 0 with value: 12.157210350036621.
[I 2023-12-26 16:37:30,170] Trial 10 finished with value: 25.166173934936523 and parameters: {'gradient_clip_val': 0.2719035650456636, 'hidden_size': 5, 'dropout': 0.10595314135986025, 'hidden_continuous_size': 5, 'attention_head_size': 4, 'learning_rate': 0.0005149113753983496}. Best is trial 0 with value: 12.157210350036621.
[I 2023-12-26 16:37:32,513] Trial 11 finished with value: 42.565452575683594 and parameters: {'gradient_clip_val': 0.4209888132361703, 'hidden_size': 16, 'dropout': 0.29062315895965146, 'hidden_continuous_size': 7, 'attention_head_size': 4, 'learning_rate': 0.0005416459886618641}. Best is trial 0 with value: 12.157210350036621.
[I 2023-12-26 16:37:35,398] Trial 12 finished with value: 37.167449951171875 and parameters: {'gradient_clip_val': 0.23418180130262298, 'hidden_size': 36, 'dropout': 0.32678080475262267, 'hidden_continuous_size': 36, 'attention_head_size': 2, 'learning_rate': 0.001237865575910714}. Best is trial 0 with value: 12.157210350036621.
[I 2023-12-26 16:37:46,082] Trial 13 finished with value: 41.33005142211914 and parameters: {'gradient_clip_val': 0.10570259706540093, 'hidden_size': 140, 'dropout': 0.2093839654569437, 'hidden_continuous_size': 87, 'attention_head_size': 4, 'learning_rate': 0.0014144381863265242}. Best is trial 0 with value: 12.157210350036621.
[I 2023-12-26 16:37:52,804] Trial 14 finished with value: 31.894447326660156 and parameters: {'gradient_clip_val': 0.37329587197198644, 'hidden_size': 79, 'dropout': 0.2886495420257389, 'hidden_continuous_size': 19, 'attention_head_size': 3, 'learning_rate': 0.0011150126092679211}. Best is trial 0 with value: 12.157210350036621.
[I 2023-12-26 16:37:54,939] Trial 15 finished with value: 43.72944259643555 and parameters: {'gradient_clip_val': 0.6161695500143165, 'hidden_size': 12, 'dropout': 0.15246870017528388, 'hidden_continuous_size': 6, 'attention_head_size': 2, 'learning_rate': 0.0005007274105907086}. Best is trial 0 with value: 12.157210350036621.
[I 2023-12-26 16:37:57,501] Trial 16 finished with value: 32.16923522949219 and parameters: {'gradient_clip_val': 0.9974848154268943, 'hidden_size': 26, 'dropout': 0.2571532738527342, 'hidden_continuous_size': 8, 'attention_head_size': 4, 'learning_rate': 0.001973371334722766}. Best is trial 0 with value: 12.157210350036621.
[I 2023-12-26 16:38:02,035] Trial 17 finished with value: 36.75126266479492 and parameters: {'gradient_clip_val': 0.25039783229900386, 'hidden_size': 58, 'dropout': 0.33739580745794984, 'hidden_continuous_size': 9, 'attention_head_size': 3, 'learning_rate': 0.0008037669549341414}. Best is trial 0 with value: 12.157210350036621.
[I 2023-12-26 16:38:05,138] Trial 18 finished with value: 46.7244873046875 and parameters: {'gradient_clip_val': 0.35625760410912966, 'hidden_size': 28, 'dropout': 0.18530620227392597, 'hidden_continuous_size': 12, 'attention_head_size': 2, 'learning_rate': 0.0009324901565623163}. Best is trial 0 with value: 12.157210350036621.
[I 2023-12-26 16:38:09,788] Trial 19 finished with value: 38.31794357299805 and parameters: {'gradient_clip_val': 0.4660218060898707, 'hidden_size': 57, 'dropout': 0.2581195638830072, 'hidden_continuous_size': 16, 'attention_head_size': 1, 'learning_rate': 0.0023744743173900653}. Best is trial 0 with value: 12.157210350036621.
[I 2023-12-26 16:38:13,111] Trial 20 finished with value: 31.167509078979492 and parameters: {'gradient_clip_val': 0.3097487814381155, 'hidden_size': 31, 'dropout': 0.1445429519979491, 'hidden_continuous_size': 8, 'attention_head_size': 4, 'learning_rate': 0.0008146630366920888}. Best is trial 0 with value: 12.157210350036621.
[I 2023-12-26 16:38:15,229] Trial 21 finished with value: 37.31117630004883 and parameters: {'gradient_clip_val': 0.25069499711337206, 'hidden_size': 5, 'dropout': 0.11289661858008704, 'hidden_continuous_size': 5, 'attention_head_size': 4, 'learning_rate': 0.0005005429855148484}. Best is trial 0 with value: 12.157210350036621.
[I 2023-12-26 16:38:17,530] Trial 22 finished with value: 47.09636306762695 and parameters: {'gradient_clip_val': 0.28511199530632075, 'hidden_size': 5, 'dropout': 0.10325316841812972, 'hidden_continuous_size': 5, 'attention_head_size': 4, 'learning_rate': 0.0008002031411359288}. Best is trial 0 with value: 12.157210350036621.
[I 2023-12-26 16:38:19,925] Trial 23 finished with value: 33.57102584838867 and parameters: {'gradient_clip_val': 0.20750829925581524, 'hidden_size': 7, 'dropout': 0.18508596655556844, 'hidden_continuous_size': 6, 'attention_head_size': 3, 'learning_rate': 0.0015838963687707804}. Best is trial 0 with value: 12.157210350036621.
[I 2023-12-26 16:38:22,342] Trial 24 finished with value: 39.93391036987305 and parameters: {'gradient_clip_val': 0.3569341636034297, 'hidden_size': 11, 'dropout': 0.13441833284111554, 'hidden_continuous_size': 6, 'attention_head_size': 4, 'learning_rate': 0.000708247184793727}. Best is trial 0 with value: 12.157210350036621.
[I 2023-12-26 16:38:24,865] Trial 25 finished with value: 41.50120162963867 and parameters: {'gradient_clip_val': 0.278597301197283, 'hidden_size': 22, 'dropout': 0.11763526238816051, 'hidden_continuous_size': 7, 'attention_head_size': 3, 'learning_rate': 0.0012933509211853322}. Best is trial 0 with value: 12.157210350036621.
[I 2023-12-26 16:38:27,078] Trial 26 finished with value: 38.43777847290039 and parameters: {'gradient_clip_val': 0.20568518713108588, 'hidden_size': 16, 'dropout': 0.17374166601266167, 'hidden_continuous_size': 7, 'attention_head_size': 2, 'learning_rate': 0.0007627866670270082}. Best is trial 0 with value: 12.157210350036621.
[I 2023-12-26 16:38:29,347] Trial 27 finished with value: 34.71758270263672 and parameters: {'gradient_clip_val': 0.3458182397665753, 'hidden_size': 7, 'dropout': 0.13879877669875929, 'hidden_continuous_size': 5, 'attention_head_size': 4, 'learning_rate': 0.0011261998533686518}. Best is trial 0 with value: 12.157210350036621.
[I 2023-12-26 16:38:31,424] Trial 28 finished with value: 38.79365539550781 and parameters: {'gradient_clip_val': 0.28178961444137174, 'hidden_size': 5, 'dropout': 0.2003819085699959, 'hidden_continuous_size': 5, 'attention_head_size': 3, 'learning_rate': 0.0006535437884659722}. Best is trial 0 with value: 12.157210350036621.
[I 2023-12-26 16:38:34,556] Trial 29 finished with value: 34.60063171386719 and parameters: {'gradient_clip_val': 0.18713609885856566, 'hidden_size': 40, 'dropout': 0.17822288334551112, 'hidden_continuous_size': 10, 'attention_head_size': 4, 'learning_rate': 0.0005105221204050155}. Best is trial 0 with value: 12.157210350036621.
[I 2023-12-26 16:38:36,618] Trial 30 finished with value: 28.11672019958496 and parameters: {'gradient_clip_val': 0.2258787422364584, 'hidden_size': 12, 'dropout': 0.10439612051108862, 'hidden_continuous_size': 6, 'attention_head_size': 3, 'learning_rate': 0.001771267411094764}. Best is trial 0 with value: 12.157210350036621.
[I 2023-12-26 16:38:38,499] Trial 31 finished with value: 32.18562698364258 and parameters: {'gradient_clip_val': 0.5041301354187094, 'hidden_size': 8, 'dropout': 0.3942182634679202, 'hidden_continuous_size': 5, 'attention_head_size': 2, 'learning_rate': 0.003238246316658425}. Best is trial 0 with value: 12.157210350036621.
[I 2023-12-26 16:38:40,809] Trial 32 finished with value: 28.073667526245117 and parameters: {'gradient_clip_val': 0.5733312160546428, 'hidden_size': 6, 'dropout': 0.2264570389964135, 'hidden_continuous_size': 5, 'attention_head_size': 2, 'learning_rate': 0.0010905648726236199}. Best is trial 0 with value: 12.157210350036621.
[I 2023-12-26 16:38:43,274] Trial 33 finished with value: 34.326019287109375 and parameters: {'gradient_clip_val': 0.7150611590215903, 'hidden_size': 9, 'dropout': 0.37567473279992136, 'hidden_continuous_size': 6, 'attention_head_size': 2, 'learning_rate': 0.0018538141550314133}. Best is trial 0 with value: 12.157210350036621.
[I 2023-12-26 16:38:45,388] Trial 34 finished with value: 32.124263763427734 and parameters: {'gradient_clip_val': 0.46191514426972624, 'hidden_size': 6, 'dropout': 0.2493979703032002, 'hidden_continuous_size': 5, 'attention_head_size': 1, 'learning_rate': 0.0031842853902466213}. Best is trial 0 with value: 12.157210350036621.
[I 2023-12-26 16:38:47,630] Trial 35 finished with value: 26.470911026000977 and parameters: {'gradient_clip_val': 0.4010869336139896, 'hidden_size': 9, 'dropout': 0.23753633541294403, 'hidden_continuous_size': 6, 'attention_head_size': 2, 'learning_rate': 0.0006488055903807507}. Best is trial 0 with value: 12.157210350036621.
[I 2023-12-26 16:38:49,892] Trial 36 finished with value: 35.78681182861328 and parameters: {'gradient_clip_val': 0.4247459605613221, 'hidden_size': 10, 'dropout': 0.2277191933006126, 'hidden_continuous_size': 6, 'attention_head_size': 2, 'learning_rate': 0.0006448253605026064}. Best is trial 0 with value: 12.157210350036621.
[I 2023-12-26 16:38:52,223] Trial 37 finished with value: 44.853363037109375 and parameters: {'gradient_clip_val': 0.1665969543973873, 'hidden_size': 14, 'dropout': 0.20503670257268514, 'hidden_continuous_size': 7, 'attention_head_size': 1, 'learning_rate': 0.001030327472759662}. Best is trial 0 with value: 12.157210350036621.
[I 2023-12-26 16:38:54,720] Trial 38 finished with value: 37.48610305786133 and parameters: {'gradient_clip_val': 0.7184731686740574, 'hidden_size': 21, 'dropout': 0.16103067330002588, 'hidden_continuous_size': 9, 'attention_head_size': 3, 'learning_rate': 0.0006740862056621497}. Best is trial 0 with value: 12.157210350036621.
[I 2023-12-26 16:38:56,802] Trial 39 finished with value: 46.79398727416992 and parameters: {'gradient_clip_val': 0.4019256185772297, 'hidden_size': 9, 'dropout': 0.2720866064433188, 'hidden_continuous_size': 6, 'attention_head_size': 2, 'learning_rate': 0.0008838283841632636}. Best is trial 0 with value: 12.157210350036621.
[I 2023-12-26 16:38:58,872] Trial 40 finished with value: 44.66872024536133 and parameters: {'gradient_clip_val': 0.3291623043425841, 'hidden_size': 8, 'dropout': 0.2284736041337856, 'hidden_continuous_size': 6, 'attention_head_size': 2, 'learning_rate': 0.0015614855913067226}. Best is trial 0 with value: 12.157210350036621.
[I 2023-12-26 16:39:01,380] Trial 41 finished with value: 30.678529739379883 and parameters: {'gradient_clip_val': 0.541140470335944, 'hidden_size': 6, 'dropout': 0.31224074012405445, 'hidden_continuous_size': 5, 'attention_head_size': 2, 'learning_rate': 0.008910148084319905}. Best is trial 0 with value: 12.157210350036621.
[I 2023-12-26 16:39:03,564] Trial 42 finished with value: 34.01565170288086 and parameters: {'gradient_clip_val': 0.3993104986454877, 'hidden_size': 10, 'dropout': 0.23858013822957683, 'hidden_continuous_size': 8, 'attention_head_size': 2, 'learning_rate': 0.0006429470823170653}. Best is trial 0 with value: 12.157210350036621.
[I 2023-12-26 16:39:05,645] Trial 43 finished with value: 27.769094467163086 and parameters: {'gradient_clip_val': 0.3120308294498641, 'hidden_size': 7, 'dropout': 0.2961251466246201, 'hidden_continuous_size': 5, 'attention_head_size': 1, 'learning_rate': 0.0013444307661835927}. Best is trial 0 with value: 12.157210350036621.
[I 2023-12-26 16:39:08,160] Trial 44 finished with value: 36.53799819946289 and parameters: {'gradient_clip_val': 0.46848996545369503, 'hidden_size': 14, 'dropout': 0.46556047615096796, 'hidden_continuous_size': 9, 'attention_head_size': 2, 'learning_rate': 0.001085387404482971}. Best is trial 0 with value: 12.157210350036621.
[I 2023-12-26 16:39:17,261] Trial 45 finished with value: 32.543514251708984 and parameters: {'gradient_clip_val': 0.657079817724276, 'hidden_size': 113, 'dropout': 0.21105699338490613, 'hidden_continuous_size': 26, 'attention_head_size': 3, 'learning_rate': 0.0006445343546353558}. Best is trial 0 with value: 12.157210350036621.
