[I 2023-12-15 22:55:39,083] Trial 21 finished with value: 40.5999755859375 and parameters: {'gradient_clip_val': 0.12387870755159326, 'hidden_size': 10, 'dropout': 0.10144893503129121, 'hidden_continuous_size': 6, 'attention_head_size': 3, 'learning_rate': 0.017465916615105957}. Best is trial 4 with value: 40.36393737792969.
LOCAL_RANK: 0 - CUDA_VISIBLE_DEVICES: [0]
[I 2023-12-15 22:56:24,209] Trial 22 finished with value: 64.89656829833984 and parameters: {'gradient_clip_val': 0.12004516365037758, 'hidden_size': 10, 'dropout': 0.1238572280596949, 'hidden_continuous_size': 6, 'attention_head_size': 3, 'learning_rate': 0.01583846412295473}. Best is trial 4 with value: 40.36393737792969.
LOCAL_RANK: 0 - CUDA_VISIBLE_DEVICES: [0]
[I 2023-12-15 22:57:09,614] Trial 23 finished with value: 63.77030563354492 and parameters: {'gradient_clip_val': 0.15478963071540122, 'hidden_size': 10, 'dropout': 0.1007896544766478, 'hidden_continuous_size': 6, 'attention_head_size': 3, 'learning_rate': 0.02142816651428081}. Best is trial 4 with value: 40.36393737792969.
LOCAL_RANK: 0 - CUDA_VISIBLE_DEVICES: [0]
[I 2023-12-15 22:57:57,116] Trial 24 finished with value: 46.29545974731445 and parameters: {'gradient_clip_val': 0.10085934138120557, 'hidden_size': 19, 'dropout': 0.16908541811003813, 'hidden_continuous_size': 8, 'attention_head_size': 3, 'learning_rate': 0.012392842953351677}. Best is trial 4 with value: 40.36393737792969.
LOCAL_RANK: 0 - CUDA_VISIBLE_DEVICES: [0]
[I 2023-12-15 22:58:46,899] Trial 25 finished with value: 52.705108642578125 and parameters: {'gradient_clip_val': 0.10357032620389496, 'hidden_size': 26, 'dropout': 0.1644112731334132, 'hidden_continuous_size': 9, 'attention_head_size': 4, 'learning_rate': 0.011416305404293628}. Best is trial 4 with value: 40.36393737792969.
LOCAL_RANK: 0 - CUDA_VISIBLE_DEVICES: [0]
[I 2023-12-15 22:59:34,486] Trial 26 finished with value: 55.48260498046875 and parameters: {'gradient_clip_val': 0.1540793367021423, 'hidden_size': 19, 'dropout': 0.12873107985477525, 'hidden_continuous_size': 8, 'attention_head_size': 3, 'learning_rate': 0.007207434178620115}. Best is trial 4 with value: 40.36393737792969.
LOCAL_RANK: 0 - CUDA_VISIBLE_DEVICES: [0]
[I 2023-12-15 23:00:23,509] Trial 27 finished with value: 73.15978240966797 and parameters: {'gradient_clip_val': 0.12192646344054887, 'hidden_size': 29, 'dropout': 0.15412691765516634, 'hidden_continuous_size': 13, 'attention_head_size': 2, 'learning_rate': 0.022220748579575355}. Best is trial 4 with value: 40.36393737792969.
LOCAL_RANK: 0 - CUDA_VISIBLE_DEVICES: [0]
[I 2023-12-15 23:01:10,937] Trial 28 finished with value: 66.43753814697266 and parameters: {'gradient_clip_val': 0.10032811617462702, 'hidden_size': 18, 'dropout': 0.1800894221925151, 'hidden_continuous_size': 8, 'attention_head_size': 3, 'learning_rate': 0.011787582154360758}. Best is trial 4 with value: 40.36393737792969.
LOCAL_RANK: 0 - CUDA_VISIBLE_DEVICES: [0]
[I 2023-12-15 23:02:00,033] Trial 29 finished with value: 40.56695556640625 and parameters: {'gradient_clip_val': 0.1504858233481453, 'hidden_size': 23, 'dropout': 0.20382140470444088, 'hidden_continuous_size': 11, 'attention_head_size': 3, 'learning_rate': 0.004468242155447488}. Best is trial 4 with value: 40.36393737792969.
LOCAL_RANK: 0 - CUDA_VISIBLE_DEVICES: [0]
[I 2023-12-15 23:02:49,629] Trial 30 finished with value: 43.39518356323242 and parameters: {'gradient_clip_val': 0.19924386551732046, 'hidden_size': 26, 'dropout': 0.20403877067226067, 'hidden_continuous_size': 11, 'attention_head_size': 4, 'learning_rate': 0.0041516312736398905}. Best is trial 4 with value: 40.36393737792969.
LOCAL_RANK: 0 - CUDA_VISIBLE_DEVICES: [0]
[I 2023-12-15 23:03:39,617] Trial 31 finished with value: 65.8741683959961 and parameters: {'gradient_clip_val': 0.1796660512407394, 'hidden_size': 25, 'dropout': 0.2112642109381586, 'hidden_continuous_size': 12, 'attention_head_size': 4, 'learning_rate': 0.004002886556924891}. Best is trial 4 with value: 40.36393737792969.
LOCAL_RANK: 0 - CUDA_VISIBLE_DEVICES: [0]
[I 2023-12-15 23:04:30,898] Trial 32 finished with value: 64.50337982177734 and parameters: {'gradient_clip_val': 0.1487875832526743, 'hidden_size': 35, 'dropout': 0.2112841023963604, 'hidden_continuous_size': 14, 'attention_head_size': 4, 'learning_rate': 0.006434672887328627}. Best is trial 4 with value: 40.36393737792969.
LOCAL_RANK: 0 - CUDA_VISIBLE_DEVICES: [0]
[I 2023-12-15 23:05:23,726] Trial 33 finished with value: 51.68486404418945 and parameters: {'gradient_clip_val': 0.19409013786389784, 'hidden_size': 43, 'dropout': 0.2240445737237468, 'hidden_continuous_size': 11, 'attention_head_size': 4, 'learning_rate': 0.0033958803413037964}. Best is trial 4 with value: 40.36393737792969.
LOCAL_RANK: 0 - CUDA_VISIBLE_DEVICES: [0]
[I 2023-12-15 23:06:12,240] Trial 34 finished with value: 60.066925048828125 and parameters: {'gradient_clip_val': 0.139679964972319, 'hidden_size': 24, 'dropout': 0.18292524488201195, 'hidden_continuous_size': 10, 'attention_head_size': 4, 'learning_rate': 0.005169677017538356}. Best is trial 4 with value: 40.36393737792969.
LOCAL_RANK: 0 - CUDA_VISIBLE_DEVICES: [0]
[I 2023-12-15 23:07:01,647] Trial 35 finished with value: 50.0494384765625 and parameters: {'gradient_clip_val': 0.1627179525615566, 'hidden_size': 29, 'dropout': 0.255121491003215, 'hidden_continuous_size': 14, 'attention_head_size': 3, 'learning_rate': 0.0027250959051950186}. Best is trial 4 with value: 40.36393737792969.
LOCAL_RANK: 0 - CUDA_VISIBLE_DEVICES: [0]
[I 2023-12-15 23:07:54,258] Trial 36 finished with value: 76.51165008544922 and parameters: {'gradient_clip_val': 0.22039537791667646, 'hidden_size': 46, 'dropout': 0.1455198213459809, 'hidden_continuous_size': 16, 'attention_head_size': 2, 'learning_rate': 0.04179894080639391}. Best is trial 4 with value: 40.36393737792969.
LOCAL_RANK: 0 - CUDA_VISIBLE_DEVICES: [0]
[I 2023-12-15 23:08:47,209] Trial 37 finished with value: 43.48295211791992 and parameters: {'gradient_clip_val': 0.11474568877258041, 'hidden_size': 53, 'dropout': 0.22585691428646715, 'hidden_continuous_size': 18, 'attention_head_size': 3, 'learning_rate': 0.0038470263210447905}. Best is trial 4 with value: 40.36393737792969.
LOCAL_RANK: 0 - CUDA_VISIBLE_DEVICES: [0]
[I 2023-12-15 23:09:37,098] Trial 38 finished with value: 57.59427261352539 and parameters: {'gradient_clip_val': 0.1350757763125609, 'hidden_size': 31, 'dropout': 0.19864288945950587, 'hidden_continuous_size': 11, 'attention_head_size': 4, 'learning_rate': 0.007143580077699832}. Best is trial 4 with value: 40.36393737792969.
LOCAL_RANK: 0 - CUDA_VISIBLE_DEVICES: [0]
[I 2023-12-15 23:10:26,406] Trial 39 finished with value: 50.669551849365234 and parameters: {'gradient_clip_val': 0.19850257962736076, 'hidden_size': 36, 'dropout': 0.12143140439213206, 'hidden_continuous_size': 10, 'attention_head_size': 2, 'learning_rate': 0.001879487797121501}. Best is trial 4 with value: 40.36393737792969.
LOCAL_RANK: 0 - CUDA_VISIBLE_DEVICES: [0]
[I 2023-12-15 23:11:15,745] Trial 40 finished with value: 40.713985443115234 and parameters: {'gradient_clip_val': 0.26002895820955096, 'hidden_size': 23, 'dropout': 0.14973979016649203, 'hidden_continuous_size': 9, 'attention_head_size': 4, 'learning_rate': 0.003120034831026565}. Best is trial 4 with value: 40.36393737792969.
LOCAL_RANK: 0 - CUDA_VISIBLE_DEVICES: [0]
[I 2023-12-15 23:12:05,246] Trial 41 finished with value: 39.36427307128906 and parameters: {'gradient_clip_val': 0.25405191730042775, 'hidden_size': 21, 'dropout': 0.14540505429174483, 'hidden_continuous_size': 11, 'attention_head_size': 4, 'learning_rate': 0.0030462628673015527}. Best is trial 41 with value: 39.36427307128906.
LOCAL_RANK: 0 - CUDA_VISIBLE_DEVICES: [0]
[I 2023-12-15 23:12:54,426] Trial 42 finished with value: 50.59480667114258 and parameters: {'gradient_clip_val': 0.29247824976685644, 'hidden_size': 22, 'dropout': 0.14557119215737538, 'hidden_continuous_size': 9, 'attention_head_size': 4, 'learning_rate': 0.0029212400410403953}. Best is trial 41 with value: 39.36427307128906.
LOCAL_RANK: 0 - CUDA_VISIBLE_DEVICES: [0]
[I 2023-12-15 23:13:40,492] Trial 43 finished with value: 47.9360237121582 and parameters: {'gradient_clip_val': 0.2615306092833887, 'hidden_size': 16, 'dropout': 0.11789962180462496, 'hidden_continuous_size': 10, 'attention_head_size': 4, 'learning_rate': 0.0020728411403129286}. Best is trial 41 with value: 39.36427307128906.
LOCAL_RANK: 0 - CUDA_VISIBLE_DEVICES: [0]
[I 2023-12-15 23:14:29,173] Trial 44 finished with value: 48.92775344848633 and parameters: {'gradient_clip_val': 0.3531810999078081, 'hidden_size': 21, 'dropout': 0.15664630118988393, 'hidden_continuous_size': 11, 'attention_head_size': 3, 'learning_rate': 0.004981392596153074}. Best is trial 41 with value: 39.36427307128906.
LOCAL_RANK: 0 - CUDA_VISIBLE_DEVICES: [0]
[I 2023-12-15 23:15:16,304] Trial 45 finished with value: 69.31941986083984 and parameters: {'gradient_clip_val': 0.40214610243515264, 'hidden_size': 15, 'dropout': 0.13252004193468062, 'hidden_continuous_size': 9, 'attention_head_size': 4, 'learning_rate': 0.00256175935801159}. Best is trial 41 with value: 39.36427307128906.
LOCAL_RANK: 0 - CUDA_VISIBLE_DEVICES: [0]
[I 2023-12-15 23:16:00,564] Trial 46 finished with value: 47.718902587890625 and parameters: {'gradient_clip_val': 0.11255670749504346, 'hidden_size': 12, 'dropout': 0.11456304662053225, 'hidden_continuous_size': 5, 'attention_head_size': 3, 'learning_rate': 0.0033729599917047756}. Best is trial 41 with value: 39.36427307128906.
LOCAL_RANK: 0 - CUDA_VISIBLE_DEVICES: [0]
[I 2023-12-15 23:16:49,076] Trial 47 finished with value: 59.79328918457031 and parameters: {'gradient_clip_val': 0.25750895609201596, 'hidden_size': 28, 'dropout': 0.1423775950859358, 'hidden_continuous_size': 12, 'attention_head_size': 4, 'learning_rate': 0.0016101641313239583}. Best is trial 41 with value: 39.36427307128906.
LOCAL_RANK: 0 - CUDA_VISIBLE_DEVICES: [0]
[I 2023-12-15 23:17:38,962] Trial 48 finished with value: 58.28242111206055 and parameters: {'gradient_clip_val': 0.16419229025878113, 'hidden_size': 33, 'dropout': 0.13241533330978048, 'hidden_continuous_size': 14, 'attention_head_size': 2, 'learning_rate': 0.009532817771484762}. Best is trial 41 with value: 39.36427307128906.
LOCAL_RANK: 0 - CUDA_VISIBLE_DEVICES: [0]
[I 2023-12-15 23:18:27,944] Trial 49 finished with value: 92.17831420898438 and parameters: {'gradient_clip_val': 0.13591228330701993, 'hidden_size': 22, 'dropout': 0.17460638920086824, 'hidden_continuous_size': 12, 'attention_head_size': 3, 'learning_rate': 0.005793380383614787}. Best is trial 41 with value: 39.36427307128906.
[I 2023-12-15 23:18:28,037] A new study created in memory with name: no-name-5c77a33d-a615-4256-93ac-1f71874f1164
/home/le004/conda/anaconda3/envs/tsff_env/lib/python3.9/site-packages/lightning/fabric/plugins/environments/slurm.py:191: The `srun` command is available on your system but is not used. HINT: If your intention is to run Lightning on SLURM, prepend your python command with `srun` like so: srun python /home/le004/master_thesis/git/TSFusionForecast/code/ ...
LOCAL_RANK: 0 - CUDA_VISIBLE_DEVICES: [0]
[I 2023-12-15 23:19:22,179] Trial 0 finished with value: 135.78912353515625 and parameters: {'gradient_clip_val': 0.21935386924058264, 'hidden_size': 60, 'dropout': 0.3546358435405348, 'hidden_continuous_size': 14, 'attention_head_size': 4, 'learning_rate': 0.0011620937383308705}. Best is trial 0 with value: 135.78912353515625.
LOCAL_RANK: 0 - CUDA_VISIBLE_DEVICES: [0]
[I 2023-12-15 23:20:07,775] Trial 1 finished with value: 143.5033721923828 and parameters: {'gradient_clip_val': 0.15197328896843423, 'hidden_size': 15, 'dropout': 0.12071735604395492, 'hidden_continuous_size': 6, 'attention_head_size': 3, 'learning_rate': 0.0008308059548218422}. Best is trial 0 with value: 135.78912353515625.
LOCAL_RANK: 0 - CUDA_VISIBLE_DEVICES: [0]
[I 2023-12-15 23:20:56,519] Trial 2 finished with value: 126.4193115234375 and parameters: {'gradient_clip_val': 0.6049122286405983, 'hidden_size': 25, 'dropout': 0.3102525268205677, 'hidden_continuous_size': 6, 'attention_head_size': 3, 'learning_rate': 0.004410651201007962}. Best is trial 2 with value: 126.4193115234375.
LOCAL_RANK: 0 - CUDA_VISIBLE_DEVICES: [0]
[I 2023-12-15 23:21:44,361] Trial 3 finished with value: 121.21768951416016 and parameters: {'gradient_clip_val': 0.6201719346973915, 'hidden_size': 18, 'dropout': 0.23576188385643496, 'hidden_continuous_size': 10, 'attention_head_size': 2, 'learning_rate': 0.001615276989640179}. Best is trial 3 with value: 121.21768951416016.
LOCAL_RANK: 0 - CUDA_VISIBLE_DEVICES: [0]
[I 2023-12-15 23:22:35,493] Trial 4 finished with value: 57.203426361083984 and parameters: {'gradient_clip_val': 0.10662386580845487, 'hidden_size': 68, 'dropout': 0.2269064821872258, 'hidden_continuous_size': 7, 'attention_head_size': 1, 'learning_rate': 0.0110452514942306}. Best is trial 4 with value: 57.203426361083984.
LOCAL_RANK: 0 - CUDA_VISIBLE_DEVICES: [0]
[I 2023-12-15 23:23:28,889] Trial 5 finished with value: 111.87541961669922 and parameters: {'gradient_clip_val': 0.6305104904541128, 'hidden_size': 35, 'dropout': 0.2363975947266569, 'hidden_continuous_size': 33, 'attention_head_size': 3, 'learning_rate': 0.006912198286731034}. Best is trial 4 with value: 57.203426361083984.
LOCAL_RANK: 0 - CUDA_VISIBLE_DEVICES: [0]
[I 2023-12-15 23:24:23,444] Trial 6 finished with value: 112.11454010009766 and parameters: {'gradient_clip_val': 0.6296573892487097, 'hidden_size': 51, 'dropout': 0.3661014758145601, 'hidden_continuous_size': 37, 'attention_head_size': 4, 'learning_rate': 0.055178031875661324}. Best is trial 4 with value: 57.203426361083984.
LOCAL_RANK: 0 - CUDA_VISIBLE_DEVICES: [0]
[I 2023-12-15 23:25:09,491] Trial 7 finished with value: 138.34979248046875 and parameters: {'gradient_clip_val': 0.6182979731619273, 'hidden_size': 10, 'dropout': 0.30952169586366685, 'hidden_continuous_size': 9, 'attention_head_size': 3, 'learning_rate': 0.005736057301038832}. Best is trial 4 with value: 57.203426361083984.
LOCAL_RANK: 0 - CUDA_VISIBLE_DEVICES: [0]
[I 2023-12-15 23:25:53,864] Trial 8 finished with value: 131.3399658203125 and parameters: {'gradient_clip_val': 0.8658065444643152, 'hidden_size': 8, 'dropout': 0.22304876568846418, 'hidden_continuous_size': 6, 'attention_head_size': 3, 'learning_rate': 0.0426586716338959}. Best is trial 4 with value: 57.203426361083984.
LOCAL_RANK: 0 - CUDA_VISIBLE_DEVICES: [0]
[I 2023-12-15 23:26:40,606] Trial 9 finished with value: 189.5481719970703 and parameters: {'gradient_clip_val': 0.21054093098783663, 'hidden_size': 18, 'dropout': 0.2688732894752029, 'hidden_continuous_size': 5, 'attention_head_size': 3, 'learning_rate': 0.007451236429593309}. Best is trial 4 with value: 57.203426361083984.
LOCAL_RANK: 0 - CUDA_VISIBLE_DEVICES: [0]
[I 2023-12-15 23:27:38,064] Trial 10 finished with value: 109.06275177001953 and parameters: {'gradient_clip_val': 0.10445574957319899, 'hidden_size': 99, 'dropout': 0.17361535046794999, 'hidden_continuous_size': 82, 'attention_head_size': 1, 'learning_rate': 0.022512648871170198}. Best is trial 4 with value: 57.203426361083984.
LOCAL_RANK: 0 - CUDA_VISIBLE_DEVICES: [0]
[I 2023-12-15 23:28:34,813] Trial 11 finished with value: 133.8384552001953 and parameters: {'gradient_clip_val': 0.10000776206674622, 'hidden_size': 91, 'dropout': 0.16697854028369427, 'hidden_continuous_size': 74, 'attention_head_size': 1, 'learning_rate': 0.022321400226799907}. Best is trial 4 with value: 57.203426361083984.
LOCAL_RANK: 0 - CUDA_VISIBLE_DEVICES: [0]
[I 2023-12-15 23:29:31,640] Trial 12 finished with value: 183.1326904296875 and parameters: {'gradient_clip_val': 0.1012689460607397, 'hidden_size': 100, 'dropout': 0.18527835832001782, 'hidden_continuous_size': 84, 'attention_head_size': 1, 'learning_rate': 0.018522170733007284}. Best is trial 4 with value: 57.203426361083984.
LOCAL_RANK: 0 - CUDA_VISIBLE_DEVICES: [0]
[I 2023-12-15 23:30:24,655] Trial 13 finished with value: 129.0841827392578 and parameters: {'gradient_clip_val': 0.14079102793227213, 'hidden_size': 59, 'dropout': 0.10432461528667303, 'hidden_continuous_size': 27, 'attention_head_size': 1, 'learning_rate': 0.08920106844734718}. Best is trial 4 with value: 57.203426361083984.
LOCAL_RANK: 0 - CUDA_VISIBLE_DEVICES: [0]
[I 2023-12-15 23:30:58,695] Trial 14 finished with value: 125.76566314697266 and parameters: {'gradient_clip_val': 0.2902917102143829, 'hidden_size': 5, 'dropout': 0.19449957958067066, 'hidden_continuous_size': 5, 'attention_head_size': 2, 'learning_rate': 0.01652053929145903}. Best is trial 4 with value: 57.203426361083984.
LOCAL_RANK: 0 - CUDA_VISIBLE_DEVICES: [0]
[I 2023-12-15 23:31:53,266] Trial 15 finished with value: 158.02308654785156 and parameters: {'gradient_clip_val': 0.14414045811390355, 'hidden_size': 100, 'dropout': 0.15211713309596764, 'hidden_continuous_size': 16, 'attention_head_size': 2, 'learning_rate': 0.01391071080566696}. Best is trial 4 with value: 57.203426361083984.
LOCAL_RANK: 0 - CUDA_VISIBLE_DEVICES: [0]
[I 2023-12-15 23:32:42,388] Trial 16 finished with value: 129.4513397216797 and parameters: {'gradient_clip_val': 0.10084615803256013, 'hidden_size': 35, 'dropout': 0.14027674792923345, 'hidden_continuous_size': 9, 'attention_head_size': 1, 'learning_rate': 0.0344692387997738}. Best is trial 4 with value: 57.203426361083984.
LOCAL_RANK: 0 - CUDA_VISIBLE_DEVICES: [0]
[I 2023-12-15 23:33:35,959] Trial 17 finished with value: 182.40101623535156 and parameters: {'gradient_clip_val': 0.17906633014334425, 'hidden_size': 63, 'dropout': 0.20334576112140887, 'hidden_continuous_size': 22, 'attention_head_size': 2, 'learning_rate': 0.0024696280534274593}. Best is trial 4 with value: 57.203426361083984.
LOCAL_RANK: 0 - CUDA_VISIBLE_DEVICES: [0]
[I 2023-12-15 23:34:30,449] Trial 18 finished with value: 114.3153076171875 and parameters: {'gradient_clip_val': 0.12847112113915454, 'hidden_size': 74, 'dropout': 0.1608575605502236, 'hidden_continuous_size': 49, 'attention_head_size': 1, 'learning_rate': 0.010987105800882394}. Best is trial 4 with value: 57.203426361083984.
LOCAL_RANK: 0 - CUDA_VISIBLE_DEVICES: [0]
[I 2023-12-15 23:35:21,954] Trial 19 finished with value: 159.0749969482422 and parameters: {'gradient_clip_val': 0.28987354893010664, 'hidden_size': 48, 'dropout': 0.18573163414720295, 'hidden_continuous_size': 18, 'attention_head_size': 1, 'learning_rate': 0.026471885126117423}. Best is trial 4 with value: 57.203426361083984.
LOCAL_RANK: 0 - CUDA_VISIBLE_DEVICES: [0]
[I 2023-12-15 23:36:13,949] Trial 20 finished with value: 121.3280029296875 and parameters: {'gradient_clip_val': 0.12568054281430005, 'hidden_size': 41, 'dropout': 0.21357703903180336, 'hidden_continuous_size': 12, 'attention_head_size': 2, 'learning_rate': 0.0005601176356834537}. Best is trial 4 with value: 57.203426361083984.
LOCAL_RANK: 0 - CUDA_VISIBLE_DEVICES: [0]
[I 2023-12-15 23:37:05,421] Trial 21 finished with value: 124.5527114868164 and parameters: {'gradient_clip_val': 0.43715986608691537, 'hidden_size': 32, 'dropout': 0.25834878759988567, 'hidden_continuous_size': 20, 'attention_head_size': 4, 'learning_rate': 0.011009047367175681}. Best is trial 4 with value: 57.203426361083984.
LOCAL_RANK: 0 - CUDA_VISIBLE_DEVICES: [0]
[I 2023-12-15 23:37:59,364] Trial 22 finished with value: 169.27236938476562 and parameters: {'gradient_clip_val': 0.3570141471649819, 'hidden_size': 74, 'dropout': 0.24265450805050137, 'hidden_continuous_size': 30, 'attention_head_size': 2, 'learning_rate': 0.0037919265890661038}. Best is trial 4 with value: 57.203426361083984.
LOCAL_RANK: 0 - CUDA_VISIBLE_DEVICES: [0]
[I 2023-12-15 23:38:51,748] Trial 23 finished with value: 115.73614501953125 and parameters: {'gradient_clip_val': 0.18200444771190527, 'hidden_size': 43, 'dropout': 0.22011622336059328, 'hidden_continuous_size': 23, 'attention_head_size': 1, 'learning_rate': 0.007591782053391865}. Best is trial 4 with value: 57.203426361083984.
LOCAL_RANK: 0 - CUDA_VISIBLE_DEVICES: [0]
[I 2023-12-15 23:39:47,219] Trial 24 finished with value: 156.68394470214844 and parameters: {'gradient_clip_val': 0.11659049194896319, 'hidden_size': 75, 'dropout': 0.26779360401141816, 'hidden_continuous_size': 53, 'attention_head_size': 2, 'learning_rate': 0.013551223999238096}. Best is trial 4 with value: 57.203426361083984.
LOCAL_RANK: 0 - CUDA_VISIBLE_DEVICES: [0]
[I 2023-12-15 23:40:36,911] Trial 25 finished with value: 139.9014892578125 and parameters: {'gradient_clip_val': 0.22281797188632563, 'hidden_size': 29, 'dropout': 0.1751940164913316, 'hidden_continuous_size': 16, 'attention_head_size': 3, 'learning_rate': 0.007382541066605977}. Best is trial 4 with value: 57.203426361083984.
LOCAL_RANK: 0 - CUDA_VISIBLE_DEVICES: [0]
[I 2023-12-15 23:41:29,889] Trial 26 finished with value: 147.80557250976562 and parameters: {'gradient_clip_val': 0.16970330656380586, 'hidden_size': 50, 'dropout': 0.20240732249431934, 'hidden_continuous_size': 27, 'attention_head_size': 1, 'learning_rate': 0.02647777877628611}. Best is trial 4 with value: 57.203426361083984.
LOCAL_RANK: 0 - CUDA_VISIBLE_DEVICES: [0]
[I 2023-12-15 23:42:21,888] Trial 27 finished with value: 126.0244369506836 and parameters: {'gradient_clip_val': 0.11324194222804108, 'hidden_size': 39, 'dropout': 0.1406512117514177, 'hidden_continuous_size': 12, 'attention_head_size': 4, 'learning_rate': 0.009830524341103047}. Best is trial 4 with value: 57.203426361083984.
LOCAL_RANK: 0 - CUDA_VISIBLE_DEVICES: [0]
[I 2023-12-15 23:43:17,053] Trial 28 finished with value: 159.87269592285156 and parameters: {'gradient_clip_val': 0.13406329518914592, 'hidden_size': 83, 'dropout': 0.2362508993735226, 'hidden_continuous_size': 37, 'attention_head_size': 2, 'learning_rate': 0.018476724726494313}. Best is trial 4 with value: 57.203426361083984.
LOCAL_RANK: 0 - CUDA_VISIBLE_DEVICES: [0]
