[I 2023-12-15 13:51:42,180] Trial 27 finished with value: 3.170062303543091 and parameters: {'gradient_clip_val': 0.2133559702381196, 'hidden_size': 40, 'dropout': 0.3665144321537408, 'hidden_continuous_size': 17, 'attention_head_size': 3, 'learning_rate': 0.06391958224299629}. Best is trial 20 with value: 0.0769062414765358.
LOCAL_RANK: 0 - CUDA_VISIBLE_DEVICES: [0]
[I 2023-12-15 13:52:30,356] Trial 28 finished with value: 0.8753202557563782 and parameters: {'gradient_clip_val': 0.1795551926547743, 'hidden_size': 28, 'dropout': 0.20402427766779602, 'hidden_continuous_size': 18, 'attention_head_size': 2, 'learning_rate': 0.046546414499850204}. Best is trial 20 with value: 0.0769062414765358.
LOCAL_RANK: 0 - CUDA_VISIBLE_DEVICES: [0]
[I 2023-12-15 13:53:23,629] Trial 29 finished with value: 0.619709312915802 and parameters: {'gradient_clip_val': 0.23614053577414865, 'hidden_size': 60, 'dropout': 0.251822646118474, 'hidden_continuous_size': 23, 'attention_head_size': 4, 'learning_rate': 0.017142876880533828}. Best is trial 20 with value: 0.0769062414765358.
LOCAL_RANK: 0 - CUDA_VISIBLE_DEVICES: [0]
[I 2023-12-15 13:54:12,660] Trial 30 finished with value: 0.17295296490192413 and parameters: {'gradient_clip_val': 0.21422417614353315, 'hidden_size': 29, 'dropout': 0.3271668681476467, 'hidden_continuous_size': 16, 'attention_head_size': 3, 'learning_rate': 0.03187415929819054}. Best is trial 20 with value: 0.0769062414765358.
LOCAL_RANK: 0 - CUDA_VISIBLE_DEVICES: [0]
[I 2023-12-15 13:55:04,684] Trial 31 finished with value: 1.6456079483032227 and parameters: {'gradient_clip_val': 0.166720634693329, 'hidden_size': 48, 'dropout': 0.2571933776175691, 'hidden_continuous_size': 28, 'attention_head_size': 4, 'learning_rate': 0.0695075888383628}. Best is trial 20 with value: 0.0769062414765358.
LOCAL_RANK: 0 - CUDA_VISIBLE_DEVICES: [0]
[I 2023-12-15 13:55:57,308] Trial 32 finished with value: 1.480727195739746 and parameters: {'gradient_clip_val': 0.25721727815741974, 'hidden_size': 51, 'dropout': 0.2889686302502607, 'hidden_continuous_size': 23, 'attention_head_size': 3, 'learning_rate': 0.0490682820106986}. Best is trial 20 with value: 0.0769062414765358.
LOCAL_RANK: 0 - CUDA_VISIBLE_DEVICES: [0]
[I 2023-12-15 13:56:50,090] Trial 33 finished with value: 2.2177388668060303 and parameters: {'gradient_clip_val': 0.2151349637231763, 'hidden_size': 60, 'dropout': 0.27078097158723474, 'hidden_continuous_size': 30, 'attention_head_size': 3, 'learning_rate': 0.09747576079070833}. Best is trial 20 with value: 0.0769062414765358.
LOCAL_RANK: 0 - CUDA_VISIBLE_DEVICES: [0]
[I 2023-12-15 13:57:41,980] Trial 34 finished with value: 1.9014959335327148 and parameters: {'gradient_clip_val': 0.19094548272122266, 'hidden_size': 41, 'dropout': 0.3750470172059799, 'hidden_continuous_size': 21, 'attention_head_size': 2, 'learning_rate': 0.0238965493683193}. Best is trial 20 with value: 0.0769062414765358.
LOCAL_RANK: 0 - CUDA_VISIBLE_DEVICES: [0]
[I 2023-12-15 13:58:35,326] Trial 35 finished with value: 2.2704432010650635 and parameters: {'gradient_clip_val': 0.24906473238592453, 'hidden_size': 53, 'dropout': 0.19562614320197824, 'hidden_continuous_size': 24, 'attention_head_size': 4, 'learning_rate': 0.070132406798543}. Best is trial 20 with value: 0.0769062414765358.
LOCAL_RANK: 0 - CUDA_VISIBLE_DEVICES: [0]
[I 2023-12-15 13:59:28,737] Trial 36 finished with value: 0.6011363863945007 and parameters: {'gradient_clip_val': 0.21971895452904905, 'hidden_size': 82, 'dropout': 0.39708906493644147, 'hidden_continuous_size': 12, 'attention_head_size': 2, 'learning_rate': 0.03943585214330897}. Best is trial 20 with value: 0.0769062414765358.
LOCAL_RANK: 0 - CUDA_VISIBLE_DEVICES: [0]
[I 2023-12-15 14:00:22,367] Trial 37 finished with value: 0.2732473313808441 and parameters: {'gradient_clip_val': 0.28768716715072806, 'hidden_size': 69, 'dropout': 0.23857503173951908, 'hidden_continuous_size': 32, 'attention_head_size': 3, 'learning_rate': 0.05482162225551517}. Best is trial 20 with value: 0.0769062414765358.
LOCAL_RANK: 0 - CUDA_VISIBLE_DEVICES: [0]
[I 2023-12-15 14:01:14,876] Trial 38 finished with value: 1.4908932447433472 and parameters: {'gradient_clip_val': 0.19625052318876648, 'hidden_size': 56, 'dropout': 0.3836000658687606, 'hidden_continuous_size': 26, 'attention_head_size': 4, 'learning_rate': 0.01523536433465644}. Best is trial 20 with value: 0.0769062414765358.
LOCAL_RANK: 0 - CUDA_VISIBLE_DEVICES: [0]
[I 2023-12-15 14:02:06,702] Trial 39 finished with value: 0.7907928824424744 and parameters: {'gradient_clip_val': 0.1706160718099584, 'hidden_size': 41, 'dropout': 0.1670464911024471, 'hidden_continuous_size': 15, 'attention_head_size': 3, 'learning_rate': 0.07827710165688621}. Best is trial 20 with value: 0.0769062414765358.
LOCAL_RANK: 0 - CUDA_VISIBLE_DEVICES: [0]
[I 2023-12-15 14:02:59,322] Trial 40 finished with value: 2.4684336185455322 and parameters: {'gradient_clip_val': 0.3252042432822136, 'hidden_size': 84, 'dropout': 0.2679805674084789, 'hidden_continuous_size': 13, 'attention_head_size': 2, 'learning_rate': 0.05476490374564904}. Best is trial 20 with value: 0.0769062414765358.
LOCAL_RANK: 0 - CUDA_VISIBLE_DEVICES: [0]
[I 2023-12-15 14:03:53,216] Trial 41 finished with value: 1.689477562904358 and parameters: {'gradient_clip_val': 0.2558400907042667, 'hidden_size': 68, 'dropout': 0.22412345829874541, 'hidden_continuous_size': 38, 'attention_head_size': 4, 'learning_rate': 0.05723604893938353}. Best is trial 20 with value: 0.0769062414765358.
LOCAL_RANK: 0 - CUDA_VISIBLE_DEVICES: [0]
[I 2023-12-15 14:04:47,155] Trial 42 finished with value: 0.6452240347862244 and parameters: {'gradient_clip_val': 0.2353900402644447, 'hidden_size': 65, 'dropout': 0.2341522163408974, 'hidden_continuous_size': 29, 'attention_head_size': 4, 'learning_rate': 0.07682214699351547}. Best is trial 20 with value: 0.0769062414765358.
LOCAL_RANK: 0 - CUDA_VISIBLE_DEVICES: [0]
[I 2023-12-15 14:05:40,375] Trial 43 finished with value: 0.15069223940372467 and parameters: {'gradient_clip_val': 0.27080511292806786, 'hidden_size': 54, 'dropout': 0.2793943606638297, 'hidden_continuous_size': 23, 'attention_head_size': 4, 'learning_rate': 0.029354446613816757}. Best is trial 20 with value: 0.0769062414765358.
LOCAL_RANK: 0 - CUDA_VISIBLE_DEVICES: [0]
[I 2023-12-15 14:06:35,736] Trial 44 finished with value: 1.0191725492477417 and parameters: {'gradient_clip_val': 0.23060618848231748, 'hidden_size': 79, 'dropout': 0.26082224489575767, 'hidden_continuous_size': 36, 'attention_head_size': 4, 'learning_rate': 0.043246430586513646}. Best is trial 20 with value: 0.0769062414765358.
LOCAL_RANK: 0 - CUDA_VISIBLE_DEVICES: [0]
[I 2023-12-15 14:07:28,426] Trial 45 finished with value: 0.5345963835716248 and parameters: {'gradient_clip_val': 0.19578435134991196, 'hidden_size': 50, 'dropout': 0.3023247202108623, 'hidden_continuous_size': 20, 'attention_head_size': 3, 'learning_rate': 0.057287615641146435}. Best is trial 20 with value: 0.0769062414765358.
LOCAL_RANK: 0 - CUDA_VISIBLE_DEVICES: [0]
[I 2023-12-15 14:08:22,010] Trial 46 finished with value: 1.5789340734481812 and parameters: {'gradient_clip_val': 0.3135071272811841, 'hidden_size': 64, 'dropout': 0.284721358541355, 'hidden_continuous_size': 41, 'attention_head_size': 4, 'learning_rate': 0.09729968677294254}. Best is trial 20 with value: 0.0769062414765358.
LOCAL_RANK: 0 - CUDA_VISIBLE_DEVICES: [0]
[I 2023-12-15 14:09:15,768] Trial 47 finished with value: 0.9193885326385498 and parameters: {'gradient_clip_val': 0.41366699489473147, 'hidden_size': 76, 'dropout': 0.2542078996542333, 'hidden_continuous_size': 33, 'attention_head_size': 2, 'learning_rate': 0.038247098914818395}. Best is trial 20 with value: 0.0769062414765358.
LOCAL_RANK: 0 - CUDA_VISIBLE_DEVICES: [0]
[I 2023-12-15 14:10:10,275] Trial 48 finished with value: 0.7574796080589294 and parameters: {'gradient_clip_val': 0.31324392521010525, 'hidden_size': 87, 'dropout': 0.3102411104800473, 'hidden_continuous_size': 48, 'attention_head_size': 1, 'learning_rate': 0.07829021753111332}. Best is trial 20 with value: 0.0769062414765358.
LOCAL_RANK: 0 - CUDA_VISIBLE_DEVICES: [0]
[I 2023-12-15 14:11:03,821] Trial 49 finished with value: 0.10390166193246841 and parameters: {'gradient_clip_val': 0.2768661682100013, 'hidden_size': 59, 'dropout': 0.3386068832833177, 'hidden_continuous_size': 27, 'attention_head_size': 4, 'learning_rate': 0.050379228143449466}. Best is trial 20 with value: 0.0769062414765358.
[I 2023-12-15 14:11:03,915] A new study created in memory with name: no-name-59c60283-a367-4c6c-b52f-daf8e83f2d61
/home/le004/conda/anaconda3/envs/tsff_env/lib/python3.9/site-packages/lightning/fabric/plugins/environments/slurm.py:191: The `srun` command is available on your system but is not used. HINT: If your intention is to run Lightning on SLURM, prepend your python command with `srun` like so: srun python /home/le004/master_thesis/git/TSFusionForecast/code/ ...
LOCAL_RANK: 0 - CUDA_VISIBLE_DEVICES: [0]
[I 2023-12-15 14:11:56,783] Trial 0 finished with value: 1.1380013227462769 and parameters: {'gradient_clip_val': 0.28706917985241875, 'hidden_size': 73, 'dropout': 0.1091906564536901, 'hidden_continuous_size': 26, 'attention_head_size': 1, 'learning_rate': 0.003882208811421993}. Best is trial 0 with value: 1.1380013227462769.
LOCAL_RANK: 0 - CUDA_VISIBLE_DEVICES: [0]
[I 2023-12-15 14:12:40,759] Trial 1 finished with value: 1.1260408163070679 and parameters: {'gradient_clip_val': 0.137748189704137, 'hidden_size': 6, 'dropout': 0.24951561021744195, 'hidden_continuous_size': 5, 'attention_head_size': 1, 'learning_rate': 0.060369982907654884}. Best is trial 1 with value: 1.1260408163070679.
LOCAL_RANK: 0 - CUDA_VISIBLE_DEVICES: [0]
[I 2023-12-15 14:13:24,221] Trial 2 finished with value: 3.696087121963501 and parameters: {'gradient_clip_val': 0.123628669191718, 'hidden_size': 8, 'dropout': 0.3042792037108136, 'hidden_continuous_size': 6, 'attention_head_size': 2, 'learning_rate': 0.0013197959950171042}. Best is trial 1 with value: 1.1260408163070679.
LOCAL_RANK: 0 - CUDA_VISIBLE_DEVICES: [0]
[I 2023-12-15 14:14:12,228] Trial 3 finished with value: 3.117201566696167 and parameters: {'gradient_clip_val': 0.7179452801637425, 'hidden_size': 21, 'dropout': 0.2921180232755808, 'hidden_continuous_size': 9, 'attention_head_size': 2, 'learning_rate': 0.008476186017488821}. Best is trial 1 with value: 1.1260408163070679.
LOCAL_RANK: 0 - CUDA_VISIBLE_DEVICES: [0]
[I 2023-12-15 14:15:05,855] Trial 4 finished with value: 0.6402512788772583 and parameters: {'gradient_clip_val': 0.20720635819385072, 'hidden_size': 76, 'dropout': 0.30370656782762395, 'hidden_continuous_size': 28, 'attention_head_size': 4, 'learning_rate': 0.04459458005721131}. Best is trial 4 with value: 0.6402512788772583.
LOCAL_RANK: 0 - CUDA_VISIBLE_DEVICES: [0]
[I 2023-12-15 14:15:55,878] Trial 5 finished with value: 2.637676954269409 and parameters: {'gradient_clip_val': 0.11682067670753997, 'hidden_size': 36, 'dropout': 0.21127002713108753, 'hidden_continuous_size': 21, 'attention_head_size': 1, 'learning_rate': 0.016327046357254918}. Best is trial 4 with value: 0.6402512788772583.
LOCAL_RANK: 0 - CUDA_VISIBLE_DEVICES: [0]
[I 2023-12-15 14:16:47,922] Trial 6 finished with value: 1.6524362564086914 and parameters: {'gradient_clip_val': 0.12418612768436335, 'hidden_size': 61, 'dropout': 0.21548607902720396, 'hidden_continuous_size': 7, 'attention_head_size': 3, 'learning_rate': 0.006515629936111033}. Best is trial 4 with value: 0.6402512788772583.
LOCAL_RANK: 0 - CUDA_VISIBLE_DEVICES: [0]
[I 2023-12-15 14:17:36,600] Trial 7 finished with value: 1.4170475006103516 and parameters: {'gradient_clip_val': 0.22781605224444587, 'hidden_size': 34, 'dropout': 0.21389725681853317, 'hidden_continuous_size': 8, 'attention_head_size': 2, 'learning_rate': 0.02355155193380782}. Best is trial 4 with value: 0.6402512788772583.
LOCAL_RANK: 0 - CUDA_VISIBLE_DEVICES: [0]
[I 2023-12-15 14:18:25,347] Trial 8 finished with value: 2.6897923946380615 and parameters: {'gradient_clip_val': 0.41341506025123725, 'hidden_size': 35, 'dropout': 0.3192286536360582, 'hidden_continuous_size': 7, 'attention_head_size': 2, 'learning_rate': 0.021753017032669783}. Best is trial 4 with value: 0.6402512788772583.
LOCAL_RANK: 0 - CUDA_VISIBLE_DEVICES: [0]
[I 2023-12-15 14:19:10,433] Trial 9 finished with value: 0.5751720070838928 and parameters: {'gradient_clip_val': 0.220623505862065, 'hidden_size': 11, 'dropout': 0.19235174210016054, 'hidden_continuous_size': 5, 'attention_head_size': 3, 'learning_rate': 0.05490212269801312}. Best is trial 9 with value: 0.5751720070838928.
LOCAL_RANK: 0 - CUDA_VISIBLE_DEVICES: [0]
[I 2023-12-15 14:19:54,554] Trial 10 finished with value: 0.23328673839569092 and parameters: {'gradient_clip_val': 0.4022759255330512, 'hidden_size': 12, 'dropout': 0.38936870247576083, 'hidden_continuous_size': 5, 'attention_head_size': 4, 'learning_rate': 0.08605323476118996}. Best is trial 10 with value: 0.23328673839569092.
LOCAL_RANK: 0 - CUDA_VISIBLE_DEVICES: [0]
[I 2023-12-15 14:20:39,740] Trial 11 finished with value: 0.95316082239151 and parameters: {'gradient_clip_val': 0.4395238353617452, 'hidden_size': 11, 'dropout': 0.3969278734916922, 'hidden_continuous_size': 5, 'attention_head_size': 4, 'learning_rate': 0.09407089751915665}. Best is trial 10 with value: 0.23328673839569092.
LOCAL_RANK: 0 - CUDA_VISIBLE_DEVICES: [0]
[I 2023-12-15 14:21:23,432] Trial 12 finished with value: 1.5318399667739868 and parameters: {'gradient_clip_val': 0.9838733841805595, 'hidden_size': 12, 'dropout': 0.3928232262677625, 'hidden_continuous_size': 5, 'attention_head_size': 3, 'learning_rate': 0.09822296471331103}. Best is trial 10 with value: 0.23328673839569092.
LOCAL_RANK: 0 - CUDA_VISIBLE_DEVICES: [0]
[I 2023-12-15 14:22:09,153] Trial 13 finished with value: 3.3736982345581055 and parameters: {'gradient_clip_val': 0.3944256696985201, 'hidden_size': 15, 'dropout': 0.1534931043039931, 'hidden_continuous_size': 5, 'attention_head_size': 4, 'learning_rate': 0.03844187954870007}. Best is trial 10 with value: 0.23328673839569092.
LOCAL_RANK: 0 - CUDA_VISIBLE_DEVICES: [0]
[I 2023-12-15 14:22:43,160] Trial 14 finished with value: 0.601284921169281 and parameters: {'gradient_clip_val': 0.2059887610647392, 'hidden_size': 5, 'dropout': 0.3520348536197411, 'hidden_continuous_size': 5, 'attention_head_size': 3, 'learning_rate': 0.0984723858581619}. Best is trial 10 with value: 0.23328673839569092.
LOCAL_RANK: 0 - CUDA_VISIBLE_DEVICES: [0]
[I 2023-12-15 14:23:27,214] Trial 15 finished with value: 1.4096087217330933 and parameters: {'gradient_clip_val': 0.5382327616991583, 'hidden_size': 8, 'dropout': 0.35433466121384805, 'hidden_continuous_size': 5, 'attention_head_size': 4, 'learning_rate': 0.04143141539762254}. Best is trial 10 with value: 0.23328673839569092.
LOCAL_RANK: 0 - CUDA_VISIBLE_DEVICES: [0]
[I 2023-12-15 14:24:11,429] Trial 16 finished with value: 0.22694991528987885 and parameters: {'gradient_clip_val': 0.298120159175827, 'hidden_size': 16, 'dropout': 0.25445019114275863, 'hidden_continuous_size': 6, 'attention_head_size': 3, 'learning_rate': 0.027332089913737274}. Best is trial 16 with value: 0.22694991528987885.
LOCAL_RANK: 0 - CUDA_VISIBLE_DEVICES: [0]
[I 2023-12-15 14:24:59,570] Trial 17 finished with value: 1.6545782089233398 and parameters: {'gradient_clip_val': 0.31092478589702205, 'hidden_size': 18, 'dropout': 0.2720237354845169, 'hidden_continuous_size': 11, 'attention_head_size': 4, 'learning_rate': 0.015073225579491343}. Best is trial 16 with value: 0.22694991528987885.
LOCAL_RANK: 0 - CUDA_VISIBLE_DEVICES: [0]
[I 2023-12-15 14:25:48,447] Trial 18 finished with value: 1.5192642211914062 and parameters: {'gradient_clip_val': 0.5791620944773042, 'hidden_size': 26, 'dropout': 0.2548872745537751, 'hidden_continuous_size': 11, 'attention_head_size': 3, 'learning_rate': 0.025302468561983586}. Best is trial 16 with value: 0.22694991528987885.
LOCAL_RANK: 0 - CUDA_VISIBLE_DEVICES: [0]
[I 2023-12-15 14:26:34,102] Trial 19 finished with value: 2.642130136489868 and parameters: {'gradient_clip_val': 0.3248585831730137, 'hidden_size': 15, 'dropout': 0.3422877437563571, 'hidden_continuous_size': 6, 'attention_head_size': 4, 'learning_rate': 0.0006827678894303623}. Best is trial 16 with value: 0.22694991528987885.
LOCAL_RANK: 0 - CUDA_VISIBLE_DEVICES: [0]
[I 2023-12-15 14:27:22,334] Trial 20 finished with value: 0.46344852447509766 and parameters: {'gradient_clip_val': 0.1621921199501879, 'hidden_size': 23, 'dropout': 0.37133219837994763, 'hidden_continuous_size': 6, 'attention_head_size': 3, 'learning_rate': 0.030872546379756387}. Best is trial 16 with value: 0.22694991528987885.
LOCAL_RANK: 0 - CUDA_VISIBLE_DEVICES: [0]
[I 2023-12-15 14:28:10,363] Trial 21 finished with value: 3.2294328212738037 and parameters: {'gradient_clip_val': 0.1605054261848612, 'hidden_size': 26, 'dropout': 0.3762853148045249, 'hidden_continuous_size': 6, 'attention_head_size': 3, 'learning_rate': 0.03255917992467328}. Best is trial 16 with value: 0.22694991528987885.
LOCAL_RANK: 0 - CUDA_VISIBLE_DEVICES: [0]
[I 2023-12-15 14:28:56,468] Trial 22 finished with value: 2.913632392883301 and parameters: {'gradient_clip_val': 0.10448404988150668, 'hidden_size': 17, 'dropout': 0.36740390296375536, 'hidden_continuous_size': 6, 'attention_head_size': 3, 'learning_rate': 0.056435618668321225}. Best is trial 16 with value: 0.22694991528987885.
LOCAL_RANK: 0 - CUDA_VISIBLE_DEVICES: [0]
[I 2023-12-15 14:29:44,631] Trial 23 finished with value: 0.8830261826515198 and parameters: {'gradient_clip_val': 0.16909082609917198, 'hidden_size': 22, 'dropout': 0.3433744231885485, 'hidden_continuous_size': 7, 'attention_head_size': 3, 'learning_rate': 0.061879095149091366}. Best is trial 16 with value: 0.22694991528987885.
LOCAL_RANK: 0 - CUDA_VISIBLE_DEVICES: [0]
[I 2023-12-15 14:30:30,189] Trial 24 finished with value: 2.191538095474243 and parameters: {'gradient_clip_val': 0.27006873630532097, 'hidden_size': 13, 'dropout': 0.39979293163623925, 'hidden_continuous_size': 6, 'attention_head_size': 4, 'learning_rate': 0.03433467922373829}. Best is trial 16 with value: 0.22694991528987885.
LOCAL_RANK: 0 - CUDA_VISIBLE_DEVICES: [0]
[I 2023-12-15 14:31:14,848] Trial 25 finished with value: 1.868758201599121 and parameters: {'gradient_clip_val': 0.16709559481176667, 'hidden_size': 9, 'dropout': 0.37119614002683504, 'hidden_continuous_size': 6, 'attention_head_size': 2, 'learning_rate': 0.01393190387160333}. Best is trial 16 with value: 0.22694991528987885.
LOCAL_RANK: 0 - CUDA_VISIBLE_DEVICES: [0]
[I 2023-12-15 14:32:01,534] Trial 26 finished with value: 1.385003685951233 and parameters: {'gradient_clip_val': 0.3566988622688846, 'hidden_size': 18, 'dropout': 0.3308505302288043, 'hidden_continuous_size': 7, 'attention_head_size': 3, 'learning_rate': 0.06815495450560603}. Best is trial 16 with value: 0.22694991528987885.
LOCAL_RANK: 0 - CUDA_VISIBLE_DEVICES: [0]
[I 2023-12-15 14:32:46,762] Trial 27 finished with value: 3.1272881031036377 and parameters: {'gradient_clip_val': 0.2629588538182939, 'hidden_size': 13, 'dropout': 0.31945293843183226, 'hidden_continuous_size': 6, 'attention_head_size': 4, 'learning_rate': 0.028081129129377703}. Best is trial 16 with value: 0.22694991528987885.
LOCAL_RANK: 0 - CUDA_VISIBLE_DEVICES: [0]
[I 2023-12-15 14:33:31,809] Trial 28 finished with value: 3.2201297283172607 and parameters: {'gradient_clip_val': 0.3292752427019103, 'hidden_size': 7, 'dropout': 0.3721676917342705, 'hidden_continuous_size': 5, 'attention_head_size': 3, 'learning_rate': 0.04581662866727646}. Best is trial 16 with value: 0.22694991528987885.
LOCAL_RANK: 0 - CUDA_VISIBLE_DEVICES: [0]
[I 2023-12-15 14:34:16,411] Trial 29 finished with value: 1.9414691925048828 and parameters: {'gradient_clip_val': 0.2810262018838053, 'hidden_size': 10, 'dropout': 0.32974945619191964, 'hidden_continuous_size': 6, 'attention_head_size': 2, 'learning_rate': 0.01841774852792499}. Best is trial 16 with value: 0.22694991528987885.
LOCAL_RANK: 0 - CUDA_VISIBLE_DEVICES: [0]
[I 2023-12-15 14:35:01,504] Trial 30 finished with value: 1.2966448068618774 and parameters: {'gradient_clip_val': 0.2543119126519686, 'hidden_size': 10, 'dropout': 0.1208575581295252, 'hidden_continuous_size': 5, 'attention_head_size': 4, 'learning_rate': 0.03026802183232669}. Best is trial 16 with value: 0.22694991528987885.
LOCAL_RANK: 0 - CUDA_VISIBLE_DEVICES: [0]
[I 2023-12-15 14:35:45,460] Trial 31 finished with value: 0.5700300335884094 and parameters: {'gradient_clip_val': 0.2290291319657282, 'hidden_size': 12, 'dropout': 0.1867241347282096, 'hidden_continuous_size': 5, 'attention_head_size': 3, 'learning_rate': 0.07158124284907362}. Best is trial 16 with value: 0.22694991528987885.
LOCAL_RANK: 0 - CUDA_VISIBLE_DEVICES: [0]
[I 2023-12-15 14:36:30,698] Trial 32 finished with value: 0.2487136274576187 and parameters: {'gradient_clip_val': 0.18609604670269575, 'hidden_size': 14, 'dropout': 0.27699946964895417, 'hidden_continuous_size': 5, 'attention_head_size': 3, 'learning_rate': 0.07582168287506978}. Best is trial 16 with value: 0.22694991528987885.
LOCAL_RANK: 0 - CUDA_VISIBLE_DEVICES: [0]
[I 2023-12-15 14:37:14,523] Trial 33 finished with value: 2.9335110187530518 and parameters: {'gradient_clip_val': 0.18536545236588792, 'hidden_size': 16, 'dropout': 0.27837189954295516, 'hidden_continuous_size': 6, 'attention_head_size': 1, 'learning_rate': 0.07025597810003885}. Best is trial 16 with value: 0.22694991528987885.
LOCAL_RANK: 0 - CUDA_VISIBLE_DEVICES: [0]
