[I 2023-12-26 16:32:00,319] Trial 25 finished with value: 51.53706741333008 and parameters: {'gradient_clip_val': 0.17709423864397938, 'hidden_size': 24, 'dropout': 0.2801801721168777, 'hidden_continuous_size': 9, 'attention_head_size': 3, 'learning_rate': 0.0005138237387054778}. Best is trial 0 with value: 13.712407112121582.
[I 2023-12-26 16:32:02,657] Trial 26 finished with value: 47.79189682006836 and parameters: {'gradient_clip_val': 0.11809596489313447, 'hidden_size': 10, 'dropout': 0.3495094558942874, 'hidden_continuous_size': 5, 'attention_head_size': 4, 'learning_rate': 0.0007116892222599504}. Best is trial 0 with value: 13.712407112121582.
[I 2023-12-26 16:32:05,949] Trial 27 finished with value: 35.71430969238281 and parameters: {'gradient_clip_val': 0.20067810182109624, 'hidden_size': 34, 'dropout': 0.3051108940178347, 'hidden_continuous_size': 12, 'attention_head_size': 4, 'learning_rate': 0.001204559704770679}. Best is trial 0 with value: 13.712407112121582.
[I 2023-12-26 16:32:09,305] Trial 28 finished with value: 56.0090446472168 and parameters: {'gradient_clip_val': 0.2812605968070277, 'hidden_size': 35, 'dropout': 0.324379856414734, 'hidden_continuous_size': 15, 'attention_head_size': 3, 'learning_rate': 0.0012973635331305906}. Best is trial 0 with value: 13.712407112121582.
[I 2023-12-26 16:32:12,681] Trial 29 finished with value: 51.43352127075195 and parameters: {'gradient_clip_val': 0.20582158023006672, 'hidden_size': 36, 'dropout': 0.45802713063563405, 'hidden_continuous_size': 12, 'attention_head_size': 4, 'learning_rate': 0.001629844097313014}. Best is trial 0 with value: 13.712407112121582.
[I 2023-12-26 16:32:16,731] Trial 30 finished with value: 55.04599380493164 and parameters: {'gradient_clip_val': 0.22923831300273767, 'hidden_size': 52, 'dropout': 0.38561599994567025, 'hidden_continuous_size': 17, 'attention_head_size': 2, 'learning_rate': 0.001050143994047275}. Best is trial 0 with value: 13.712407112121582.
[I 2023-12-26 16:32:19,442] Trial 31 finished with value: 56.03458786010742 and parameters: {'gradient_clip_val': 0.1508463087370483, 'hidden_size': 24, 'dropout': 0.30162402300366936, 'hidden_continuous_size': 9, 'attention_head_size': 4, 'learning_rate': 0.0007074723855200477}. Best is trial 0 with value: 13.712407112121582.
[I 2023-12-26 16:32:22,483] Trial 32 finished with value: 50.25796127319336 and parameters: {'gradient_clip_val': 0.18517066253593967, 'hidden_size': 32, 'dropout': 0.3644385115236337, 'hidden_continuous_size': 13, 'attention_head_size': 4, 'learning_rate': 0.0006793580557164548}. Best is trial 0 with value: 13.712407112121582.
[I 2023-12-26 16:32:25,137] Trial 33 finished with value: 52.74891662597656 and parameters: {'gradient_clip_val': 0.16325288398826063, 'hidden_size': 22, 'dropout': 0.2574168172259704, 'hidden_continuous_size': 8, 'attention_head_size': 4, 'learning_rate': 0.001012230990848027}. Best is trial 0 with value: 13.712407112121582.
[I 2023-12-26 16:32:28,441] Trial 34 finished with value: 40.34000015258789 and parameters: {'gradient_clip_val': 0.24714406169009395, 'hidden_size': 27, 'dropout': 0.3360182847156194, 'hidden_continuous_size': 12, 'attention_head_size': 3, 'learning_rate': 0.002091532505245362}. Best is trial 0 with value: 13.712407112121582.
[I 2023-12-26 16:32:32,185] Trial 35 finished with value: 44.27066421508789 and parameters: {'gradient_clip_val': 0.25425294542646987, 'hidden_size': 42, 'dropout': 0.33902893507900933, 'hidden_continuous_size': 12, 'attention_head_size': 3, 'learning_rate': 0.0019883508150786546}. Best is trial 0 with value: 13.712407112121582.
[I 2023-12-26 16:32:36,905] Trial 36 finished with value: 63.81126403808594 and parameters: {'gradient_clip_val': 0.32442723316718924, 'hidden_size': 55, 'dropout': 0.23547908922780939, 'hidden_continuous_size': 18, 'attention_head_size': 3, 'learning_rate': 0.001515660397660073}. Best is trial 0 with value: 13.712407112121582.
[I 2023-12-26 16:32:39,876] Trial 37 finished with value: 43.84113693237305 and parameters: {'gradient_clip_val': 0.21190154232393543, 'hidden_size': 28, 'dropout': 0.29836235435862773, 'hidden_continuous_size': 14, 'attention_head_size': 3, 'learning_rate': 0.0024089787846182367}. Best is trial 0 with value: 13.712407112121582.
[I 2023-12-26 16:32:43,386] Trial 38 finished with value: 44.848445892333984 and parameters: {'gradient_clip_val': 0.24429073540555368, 'hidden_size': 39, 'dropout': 0.21447327801489913, 'hidden_continuous_size': 15, 'attention_head_size': 2, 'learning_rate': 0.0014156625418807992}. Best is trial 0 with value: 13.712407112121582.
[I 2023-12-26 16:32:49,677] Trial 39 finished with value: 58.12147521972656 and parameters: {'gradient_clip_val': 0.292172745340501, 'hidden_size': 83, 'dropout': 0.3487839640956651, 'hidden_continuous_size': 18, 'attention_head_size': 3, 'learning_rate': 0.003170371745978827}. Best is trial 0 with value: 13.712407112121582.
[I 2023-12-26 16:32:53,866] Trial 40 finished with value: 59.342044830322266 and parameters: {'gradient_clip_val': 0.1952983857414049, 'hidden_size': 51, 'dropout': 0.31725446776095273, 'hidden_continuous_size': 11, 'attention_head_size': 1, 'learning_rate': 0.0018643619745703618}. Best is trial 0 with value: 13.712407112121582.
[I 2023-12-26 16:32:56,909] Trial 41 finished with value: 68.083740234375 and parameters: {'gradient_clip_val': 0.18993615184730744, 'hidden_size': 27, 'dropout': 0.2864555660480813, 'hidden_continuous_size': 7, 'attention_head_size': 4, 'learning_rate': 0.0006246994056650235}. Best is trial 0 with value: 13.712407112121582.
[I 2023-12-26 16:32:59,551] Trial 42 finished with value: 72.5107192993164 and parameters: {'gradient_clip_val': 0.22138350933123913, 'hidden_size': 20, 'dropout': 0.31819086833404586, 'hidden_continuous_size': 9, 'attention_head_size': 4, 'learning_rate': 0.0006342862269427186}. Best is trial 0 with value: 13.712407112121582.
[I 2023-12-26 16:33:02,780] Trial 43 finished with value: 69.47441101074219 and parameters: {'gradient_clip_val': 0.16577838486873656, 'hidden_size': 34, 'dropout': 0.3011795547565814, 'hidden_continuous_size': 11, 'attention_head_size': 3, 'learning_rate': 0.0009014405500794978}. Best is trial 0 with value: 13.712407112121582.
[I 2023-12-26 16:33:05,679] Trial 44 finished with value: 54.460723876953125 and parameters: {'gradient_clip_val': 0.3160168038662735, 'hidden_size': 25, 'dropout': 0.27239089059640575, 'hidden_continuous_size': 12, 'attention_head_size': 3, 'learning_rate': 0.0010731421188088926}. Best is trial 0 with value: 13.712407112121582.
[I 2023-12-26 16:33:09,770] Trial 45 finished with value: 55.35809326171875 and parameters: {'gradient_clip_val': 0.24244730514180007, 'hidden_size': 46, 'dropout': 0.17282001640119257, 'hidden_continuous_size': 21, 'attention_head_size': 4, 'learning_rate': 0.0006187225662286265}. Best is trial 0 with value: 13.712407112121582.
[I 2023-12-26 16:33:13,607] Trial 46 finished with value: 67.26016235351562 and parameters: {'gradient_clip_val': 0.19991275371946599, 'hidden_size': 41, 'dropout': 0.33979908293664074, 'hidden_continuous_size': 14, 'attention_head_size': 4, 'learning_rate': 0.0005006097352181215}. Best is trial 0 with value: 13.712407112121582.
[I 2023-12-26 16:33:16,785] Trial 47 finished with value: 55.3402214050293 and parameters: {'gradient_clip_val': 0.1371502916454188, 'hidden_size': 31, 'dropout': 0.36260280620008384, 'hidden_continuous_size': 10, 'attention_head_size': 3, 'learning_rate': 0.0008132873335585071}. Best is trial 0 with value: 13.712407112121582.
[I 2023-12-26 16:33:19,325] Trial 48 finished with value: 47.13978576660156 and parameters: {'gradient_clip_val': 0.18272693705741816, 'hidden_size': 18, 'dropout': 0.38179215709026587, 'hidden_continuous_size': 11, 'attention_head_size': 2, 'learning_rate': 0.0012156988364616479}. Best is trial 0 with value: 13.712407112121582.
[I 2023-12-26 16:33:22,182] Trial 49 finished with value: 31.301803588867188 and parameters: {'gradient_clip_val': 0.2108675650352632, 'hidden_size': 23, 'dropout': 0.33406098844025106, 'hidden_continuous_size': 16, 'attention_head_size': 4, 'learning_rate': 0.0008715828329399308}. Best is trial 0 with value: 13.712407112121582.
[I 2023-12-26 16:33:22,325] A new study created in memory with name: no-name-f3708eb3-c793-4c1b-aabf-b170b321c859
/home/le004/conda/anaconda3/envs/tsff_env/lib/python3.9/site-packages/lightning/fabric/plugins/environments/slurm.py:191: The `srun` command is available on your system but is not used. HINT: If your intention is to run Lightning on SLURM, prepend your python command with `srun` like so: srun python /home/le004/master_thesis/git/TSFusionForecast/code/ ...
[I 2023-12-26 16:36:34,164] Trial 0 finished with value: 17.40240478515625 and parameters: {'gradient_clip_val': 0.308223107484084, 'hidden_size': 23, 'dropout': 0.20701991061808034, 'hidden_continuous_size': 5, 'attention_head_size': 3, 'learning_rate': 0.001442914624305328}. Best is trial 0 with value: 17.40240478515625.
[I 2023-12-26 16:36:42,270] Trial 1 finished with value: 28.19095802307129 and parameters: {'gradient_clip_val': 0.1442383852998685, 'hidden_size': 101, 'dropout': 0.12122145417740358, 'hidden_continuous_size': 40, 'attention_head_size': 4, 'learning_rate': 0.0014656735497896015}. Best is trial 0 with value: 17.40240478515625.
[I 2023-12-26 16:36:44,700] Trial 2 finished with value: 33.93362045288086 and parameters: {'gradient_clip_val': 0.29246894977229804, 'hidden_size': 6, 'dropout': 0.3000976850552154, 'hidden_continuous_size': 5, 'attention_head_size': 3, 'learning_rate': 0.0032803525201523134}. Best is trial 0 with value: 17.40240478515625.
[I 2023-12-26 16:36:47,115] Trial 3 finished with value: 30.014991760253906 and parameters: {'gradient_clip_val': 0.6832606010924339, 'hidden_size': 13, 'dropout': 0.49194121146249636, 'hidden_continuous_size': 6, 'attention_head_size': 4, 'learning_rate': 0.005192585023060074}. Best is trial 0 with value: 17.40240478515625.
[I 2023-12-26 16:36:49,851] Trial 4 finished with value: 28.76564598083496 and parameters: {'gradient_clip_val': 0.35052414888381506, 'hidden_size': 24, 'dropout': 0.2681361217834263, 'hidden_continuous_size': 17, 'attention_head_size': 4, 'learning_rate': 0.0008663731369427517}. Best is trial 0 with value: 17.40240478515625.
[I 2023-12-26 16:36:57,465] Trial 5 finished with value: 23.30437469482422 and parameters: {'gradient_clip_val': 0.11465818874219143, 'hidden_size': 90, 'dropout': 0.45797773197281655, 'hidden_continuous_size': 69, 'attention_head_size': 3, 'learning_rate': 0.04768438148966668}. Best is trial 0 with value: 17.40240478515625.
[I 2023-12-26 16:37:01,036] Trial 6 finished with value: 30.37114906311035 and parameters: {'gradient_clip_val': 0.10494979452856049, 'hidden_size': 50, 'dropout': 0.4356630977557764, 'hidden_continuous_size': 21, 'attention_head_size': 2, 'learning_rate': 0.0015152494712376615}. Best is trial 0 with value: 17.40240478515625.
[I 2023-12-26 16:37:04,857] Trial 7 finished with value: 26.292665481567383 and parameters: {'gradient_clip_val': 0.3574794868537375, 'hidden_size': 65, 'dropout': 0.48109293836568756, 'hidden_continuous_size': 18, 'attention_head_size': 4, 'learning_rate': 0.0009509669170238115}. Best is trial 0 with value: 17.40240478515625.
[I 2023-12-26 16:37:06,718] Trial 8 finished with value: 28.719919204711914 and parameters: {'gradient_clip_val': 0.10665501654611424, 'hidden_size': 8, 'dropout': 0.18374632302961205, 'hidden_continuous_size': 7, 'attention_head_size': 1, 'learning_rate': 0.03623417523470857}. Best is trial 0 with value: 17.40240478515625.
[I 2023-12-26 16:37:08,519] Trial 9 finished with value: 28.253801345825195 and parameters: {'gradient_clip_val': 0.19604557320548932, 'hidden_size': 5, 'dropout': 0.14740438124876165, 'hidden_continuous_size': 5, 'attention_head_size': 1, 'learning_rate': 0.0011436241888543907}. Best is trial 0 with value: 17.40240478515625.
[I 2023-12-26 16:37:11,015] Trial 10 finished with value: 27.053802490234375 and parameters: {'gradient_clip_val': 0.996379172341113, 'hidden_size': 31, 'dropout': 0.22285667285112, 'hidden_continuous_size': 8, 'attention_head_size': 2, 'learning_rate': 0.000510284401472726}. Best is trial 0 with value: 17.40240478515625.
[I 2023-12-26 16:37:21,521] Trial 11 finished with value: 30.745866775512695 and parameters: {'gradient_clip_val': 0.18899223559252729, 'hidden_size': 130, 'dropout': 0.3744250833353614, 'hidden_continuous_size': 95, 'attention_head_size': 3, 'learning_rate': 0.0199051782088946}. Best is trial 0 with value: 17.40240478515625.
[I 2023-12-26 16:37:24,473] Trial 12 finished with value: 31.770668029785156 and parameters: {'gradient_clip_val': 0.26048542345782894, 'hidden_size': 22, 'dropout': 0.3561036162726522, 'hidden_continuous_size': 9, 'attention_head_size': 3, 'learning_rate': 0.09336897121820273}. Best is trial 0 with value: 17.40240478515625.
[I 2023-12-26 16:37:28,799] Trial 13 finished with value: 31.459836959838867 and parameters: {'gradient_clip_val': 0.4512047311850176, 'hidden_size': 46, 'dropout': 0.22520875829693263, 'hidden_continuous_size': 12, 'attention_head_size': 2, 'learning_rate': 0.011597699024029367}. Best is trial 0 with value: 17.40240478515625.
[I 2023-12-26 16:37:34,197] Trial 14 finished with value: 34.02888107299805 and parameters: {'gradient_clip_val': 0.14991292192841799, 'hidden_size': 81, 'dropout': 0.10176090099672747, 'hidden_continuous_size': 35, 'attention_head_size': 3, 'learning_rate': 0.0036837925534286093}. Best is trial 0 with value: 17.40240478515625.
[I 2023-12-26 16:37:37,590] Trial 15 finished with value: 28.59197425842285 and parameters: {'gradient_clip_val': 0.21579209216260573, 'hidden_size': 39, 'dropout': 0.4042197693281352, 'hidden_continuous_size': 10, 'attention_head_size': 3, 'learning_rate': 0.0127904403608918}. Best is trial 0 with value: 17.40240478515625.
[I 2023-12-26 16:37:40,384] Trial 16 finished with value: 33.48162841796875 and parameters: {'gradient_clip_val': 0.15090556148067336, 'hidden_size': 18, 'dropout': 0.31064539062891583, 'hidden_continuous_size': 6, 'attention_head_size': 2, 'learning_rate': 0.0025908178586834326}. Best is trial 0 with value: 17.40240478515625.
[I 2023-12-26 16:37:52,661] Trial 17 finished with value: 29.36330223083496 and parameters: {'gradient_clip_val': 0.5083276461222308, 'hidden_size': 143, 'dropout': 0.333300597257287, 'hidden_continuous_size': 83, 'attention_head_size': 3, 'learning_rate': 0.00823346331831819}. Best is trial 0 with value: 17.40240478515625.
[I 2023-12-26 16:37:56,461] Trial 18 finished with value: 33.6163215637207 and parameters: {'gradient_clip_val': 0.2671701597803722, 'hidden_size': 63, 'dropout': 0.27022296861719874, 'hidden_continuous_size': 11, 'attention_head_size': 2, 'learning_rate': 0.09026865659496318}. Best is trial 0 with value: 17.40240478515625.
[I 2023-12-26 16:37:59,323] Trial 19 finished with value: 29.359970092773438 and parameters: {'gradient_clip_val': 0.22922695353367795, 'hidden_size': 34, 'dropout': 0.4330043450831418, 'hidden_continuous_size': 8, 'attention_head_size': 4, 'learning_rate': 0.036620886864386616}. Best is trial 0 with value: 17.40240478515625.
[I 2023-12-26 16:38:05,992] Trial 20 finished with value: 26.024667739868164 and parameters: {'gradient_clip_val': 0.12602211490921808, 'hidden_size': 98, 'dropout': 0.33427070511693424, 'hidden_continuous_size': 29, 'attention_head_size': 3, 'learning_rate': 0.0067520156334654954}. Best is trial 0 with value: 17.40240478515625.
[I 2023-12-26 16:38:13,060] Trial 21 finished with value: 29.213539123535156 and parameters: {'gradient_clip_val': 0.12252448536083262, 'hidden_size': 94, 'dropout': 0.36734155536497, 'hidden_continuous_size': 63, 'attention_head_size': 3, 'learning_rate': 0.004804080325375703}. Best is trial 0 with value: 17.40240478515625.
[I 2023-12-26 16:38:21,985] Trial 22 finished with value: 32.90134811401367 and parameters: {'gradient_clip_val': 0.17305748080734737, 'hidden_size': 149, 'dropout': 0.3286274961858703, 'hidden_continuous_size': 30, 'attention_head_size': 3, 'learning_rate': 0.0026149882590363184}. Best is trial 0 with value: 17.40240478515625.
[I 2023-12-26 16:38:25,875] Trial 23 finished with value: 35.686405181884766 and parameters: {'gradient_clip_val': 0.13112876531174622, 'hidden_size': 63, 'dropout': 0.4064547035367984, 'hidden_continuous_size': 13, 'attention_head_size': 3, 'learning_rate': 0.005831164179566173}. Best is trial 0 with value: 17.40240478515625.
[I 2023-12-26 16:38:31,938] Trial 24 finished with value: 38.180606842041016 and parameters: {'gradient_clip_val': 0.16795842029347532, 'hidden_size': 95, 'dropout': 0.27293075665217137, 'hidden_continuous_size': 59, 'attention_head_size': 2, 'learning_rate': 0.0020880585868377744}. Best is trial 0 with value: 17.40240478515625.
[I 2023-12-26 16:38:35,383] Trial 25 finished with value: 29.173479080200195 and parameters: {'gradient_clip_val': 0.1000680594572756, 'hidden_size': 45, 'dropout': 0.23734359611687533, 'hidden_continuous_size': 24, 'attention_head_size': 3, 'learning_rate': 0.00986756303314545}. Best is trial 0 with value: 17.40240478515625.
[I 2023-12-26 16:38:38,031] Trial 26 finished with value: 31.926774978637695 and parameters: {'gradient_clip_val': 0.13315106425767312, 'hidden_size': 31, 'dropout': 0.18944337767519637, 'hidden_continuous_size': 14, 'attention_head_size': 4, 'learning_rate': 0.006487990182020448}. Best is trial 0 with value: 17.40240478515625.
[I 2023-12-26 16:38:44,616] Trial 27 finished with value: 32.43033218383789 and parameters: {'gradient_clip_val': 0.12029545171503847, 'hidden_size': 112, 'dropout': 0.4653679745535638, 'hidden_continuous_size': 46, 'attention_head_size': 3, 'learning_rate': 0.015199263856800382}. Best is trial 0 with value: 17.40240478515625.
[I 2023-12-26 16:38:49,039] Trial 28 finished with value: 24.335214614868164 and parameters: {'gradient_clip_val': 0.17104234142573654, 'hidden_size': 76, 'dropout': 0.45706893829608297, 'hidden_continuous_size': 28, 'attention_head_size': 2, 'learning_rate': 0.009317293289259223}. Best is trial 0 with value: 17.40240478515625.
[I 2023-12-26 16:38:53,666] Trial 29 finished with value: 24.427431106567383 and parameters: {'gradient_clip_val': 0.15430929348348793, 'hidden_size': 75, 'dropout': 0.451413419538148, 'hidden_continuous_size': 45, 'attention_head_size': 1, 'learning_rate': 0.0017776596568181535}. Best is trial 0 with value: 17.40240478515625.
[I 2023-12-26 16:38:56,920] Trial 30 finished with value: 32.500511169433594 and parameters: {'gradient_clip_val': 0.24609997438639805, 'hidden_size': 55, 'dropout': 0.4920831588068222, 'hidden_continuous_size': 14, 'attention_head_size': 2, 'learning_rate': 0.0038960594015827917}. Best is trial 0 with value: 17.40240478515625.
[I 2023-12-26 16:39:01,631] Trial 31 finished with value: 28.57987403869629 and parameters: {'gradient_clip_val': 0.152154417103547, 'hidden_size': 79, 'dropout': 0.4451211885888315, 'hidden_continuous_size': 43, 'attention_head_size': 1, 'learning_rate': 0.0020217926905065986}. Best is trial 0 with value: 17.40240478515625.
[I 2023-12-26 16:39:05,818] Trial 32 finished with value: 31.035985946655273 and parameters: {'gradient_clip_val': 0.17304557738900334, 'hidden_size': 73, 'dropout': 0.45542846060941033, 'hidden_continuous_size': 41, 'attention_head_size': 1, 'learning_rate': 0.0014390958641231587}. Best is trial 0 with value: 17.40240478515625.
[I 2023-12-26 16:39:15,255] Trial 33 finished with value: 27.921602249145508 and parameters: {'gradient_clip_val': 0.1962352473233535, 'hidden_size': 119, 'dropout': 0.4696183255830397, 'hidden_continuous_size': 53, 'attention_head_size': 1, 'learning_rate': 0.004078300850923182}. Best is trial 0 with value: 17.40240478515625.
[I 2023-12-26 16:39:20,814] Trial 34 finished with value: 23.272140502929688 and parameters: {'gradient_clip_val': 0.29544299440532334, 'hidden_size': 83, 'dropout': 0.4963872336890104, 'hidden_continuous_size': 33, 'attention_head_size': 1, 'learning_rate': 0.0006166434037741113}. Best is trial 0 with value: 17.40240478515625.
[I 2023-12-26 16:39:23,987] Trial 35 finished with value: 38.54243087768555 and parameters: {'gradient_clip_val': 0.3102016994590794, 'hidden_size': 52, 'dropout': 0.4990745512688298, 'hidden_continuous_size': 34, 'attention_head_size': 2, 'learning_rate': 0.0006285801390977259}. Best is trial 0 with value: 17.40240478515625.
[I 2023-12-26 16:39:30,975] Trial 36 finished with value: 32.92878723144531 and parameters: {'gradient_clip_val': 0.27733372276624885, 'hidden_size': 113, 'dropout': 0.48428525368223607, 'hidden_continuous_size': 24, 'attention_head_size': 4, 'learning_rate': 0.0007752825457893467}. Best is trial 0 with value: 17.40240478515625.
[I 2023-12-26 16:39:34,090] Trial 37 finished with value: 25.87357521057129 and parameters: {'gradient_clip_val': 0.33799108810407624, 'hidden_size': 39, 'dropout': 0.41100931097365995, 'hidden_continuous_size': 17, 'attention_head_size': 2, 'learning_rate': 0.001155926795442504}. Best is trial 0 with value: 17.40240478515625.
[I 2023-12-26 16:39:40,066] Trial 38 finished with value: 31.777053833007812 and parameters: {'gradient_clip_val': 0.2246843660307126, 'hidden_size': 93, 'dropout': 0.4710053311232016, 'hidden_continuous_size': 23, 'attention_head_size': 1, 'learning_rate': 0.000721137806848779}. Best is trial 0 with value: 17.40240478515625.
[I 2023-12-26 16:39:42,362] Trial 39 finished with value: 26.772153854370117 and parameters: {'gradient_clip_val': 0.4008715354746484, 'hidden_size': 15, 'dropout': 0.497350111194114, 'hidden_continuous_size': 11, 'attention_head_size': 4, 'learning_rate': 0.0010119152775179994}. Best is trial 0 with value: 17.40240478515625.
