[I 2023-12-16 12:42:51,406] Trial 1 finished with value: 150.7913360595703 and parameters: {'gradient_clip_val': 0.1628072125411585, 'hidden_size': 36, 'dropout': 0.34615668073819555, 'hidden_continuous_size': 12, 'attention_head_size': 2, 'learning_rate': 0.06817031940155839}. Best is trial 0 with value: 125.92313385009766.
LOCAL_RANK: 0 - CUDA_VISIBLE_DEVICES: [0]
[I 2023-12-16 12:43:39,439] Trial 2 finished with value: 224.6871337890625 and parameters: {'gradient_clip_val': 0.1950594523192415, 'hidden_size': 18, 'dropout': 0.3308626679529519, 'hidden_continuous_size': 13, 'attention_head_size': 2, 'learning_rate': 0.052770025601878746}. Best is trial 0 with value: 125.92313385009766.
LOCAL_RANK: 0 - CUDA_VISIBLE_DEVICES: [0]
[I 2023-12-16 12:44:25,619] Trial 3 finished with value: 243.5142364501953 and parameters: {'gradient_clip_val': 0.2883350267872655, 'hidden_size': 19, 'dropout': 0.1540658255467358, 'hidden_continuous_size': 5, 'attention_head_size': 1, 'learning_rate': 0.01143108804283287}. Best is trial 0 with value: 125.92313385009766.
LOCAL_RANK: 0 - CUDA_VISIBLE_DEVICES: [0]
[I 2023-12-16 12:45:14,523] Trial 4 finished with value: 297.6535339355469 and parameters: {'gradient_clip_val': 0.14233488807056632, 'hidden_size': 27, 'dropout': 0.2960533336672756, 'hidden_continuous_size': 18, 'attention_head_size': 2, 'learning_rate': 0.011315111667543704}. Best is trial 0 with value: 125.92313385009766.
LOCAL_RANK: 0 - CUDA_VISIBLE_DEVICES: [0]
[I 2023-12-16 12:45:48,842] Trial 5 finished with value: 126.1239013671875 and parameters: {'gradient_clip_val': 0.3927408467880327, 'hidden_size': 5, 'dropout': 0.23865698949432448, 'hidden_continuous_size': 5, 'attention_head_size': 4, 'learning_rate': 0.00948638124304583}. Best is trial 0 with value: 125.92313385009766.
LOCAL_RANK: 0 - CUDA_VISIBLE_DEVICES: [0]
[I 2023-12-16 12:46:36,658] Trial 6 finished with value: 235.0755157470703 and parameters: {'gradient_clip_val': 0.12357958394705555, 'hidden_size': 17, 'dropout': 0.3790675984975078, 'hidden_continuous_size': 15, 'attention_head_size': 3, 'learning_rate': 0.0005806998572166101}. Best is trial 0 with value: 125.92313385009766.
LOCAL_RANK: 0 - CUDA_VISIBLE_DEVICES: [0]
[I 2023-12-16 12:47:25,127] Trial 7 finished with value: 135.1985321044922 and parameters: {'gradient_clip_val': 0.28429755105423027, 'hidden_size': 29, 'dropout': 0.20205156984988287, 'hidden_continuous_size': 11, 'attention_head_size': 2, 'learning_rate': 0.05305026402394953}. Best is trial 0 with value: 125.92313385009766.
LOCAL_RANK: 0 - CUDA_VISIBLE_DEVICES: [0]
[I 2023-12-16 12:48:10,089] Trial 8 finished with value: 224.4958038330078 and parameters: {'gradient_clip_val': 0.2842145375876538, 'hidden_size': 15, 'dropout': 0.330151347700275, 'hidden_continuous_size': 6, 'attention_head_size': 2, 'learning_rate': 0.001714741049996059}. Best is trial 0 with value: 125.92313385009766.
LOCAL_RANK: 0 - CUDA_VISIBLE_DEVICES: [0]
[I 2023-12-16 12:48:43,890] Trial 9 finished with value: 82.02783203125 and parameters: {'gradient_clip_val': 0.34486643821487034, 'hidden_size': 5, 'dropout': 0.3307173107598436, 'hidden_continuous_size': 5, 'attention_head_size': 3, 'learning_rate': 0.015189363807925096}. Best is trial 9 with value: 82.02783203125.
LOCAL_RANK: 0 - CUDA_VISIBLE_DEVICES: [0]
[I 2023-12-16 12:49:39,687] Trial 10 finished with value: 153.19639587402344 and parameters: {'gradient_clip_val': 0.5148287615698917, 'hidden_size': 90, 'dropout': 0.3902364995624406, 'hidden_continuous_size': 35, 'attention_head_size': 4, 'learning_rate': 0.022443693716096128}. Best is trial 9 with value: 82.02783203125.
LOCAL_RANK: 0 - CUDA_VISIBLE_DEVICES: [0]
[I 2023-12-16 12:50:13,390] Trial 11 finished with value: 156.89431762695312 and parameters: {'gradient_clip_val': 0.952078040947555, 'hidden_size': 5, 'dropout': 0.10183009821560124, 'hidden_continuous_size': 5, 'attention_head_size': 3, 'learning_rate': 0.0027990679335191055}. Best is trial 9 with value: 82.02783203125.
LOCAL_RANK: 0 - CUDA_VISIBLE_DEVICES: [0]
[I 2023-12-16 12:50:56,499] Trial 12 finished with value: 184.0464324951172 and parameters: {'gradient_clip_val': 0.9592186493562133, 'hidden_size': 8, 'dropout': 0.26629721170958087, 'hidden_continuous_size': 6, 'attention_head_size': 1, 'learning_rate': 0.004189304965458778}. Best is trial 9 with value: 82.02783203125.
LOCAL_RANK: 0 - CUDA_VISIBLE_DEVICES: [0]
[I 2023-12-16 12:51:41,662] Trial 13 finished with value: 184.640869140625 and parameters: {'gradient_clip_val': 0.6049812593996873, 'hidden_size': 9, 'dropout': 0.2176026560453031, 'hidden_continuous_size': 6, 'attention_head_size': 3, 'learning_rate': 0.0005665082151136936}. Best is trial 9 with value: 82.02783203125.
LOCAL_RANK: 0 - CUDA_VISIBLE_DEVICES: [0]
[I 2023-12-16 12:52:26,579] Trial 14 finished with value: 107.4005355834961 and parameters: {'gradient_clip_val': 0.6698377396248593, 'hidden_size': 9, 'dropout': 0.2796178728393845, 'hidden_continuous_size': 5, 'attention_head_size': 3, 'learning_rate': 0.0014674185914619494}. Best is trial 9 with value: 82.02783203125.
LOCAL_RANK: 0 - CUDA_VISIBLE_DEVICES: [0]
[I 2023-12-16 12:53:12,031] Trial 15 finished with value: 197.49839782714844 and parameters: {'gradient_clip_val': 0.10386403577081377, 'hidden_size': 7, 'dropout': 0.279592319219093, 'hidden_continuous_size': 5, 'attention_head_size': 4, 'learning_rate': 0.022452335630895947}. Best is trial 9 with value: 82.02783203125.
LOCAL_RANK: 0 - CUDA_VISIBLE_DEVICES: [0]
[I 2023-12-16 12:53:45,675] Trial 16 finished with value: 145.05406188964844 and parameters: {'gradient_clip_val': 0.612654591782561, 'hidden_size': 5, 'dropout': 0.3120315401274804, 'hidden_continuous_size': 5, 'attention_head_size': 3, 'learning_rate': 0.0016200561747549054}. Best is trial 9 with value: 82.02783203125.
LOCAL_RANK: 0 - CUDA_VISIBLE_DEVICES: [0]
[I 2023-12-16 12:54:30,915] Trial 17 finished with value: 272.6197509765625 and parameters: {'gradient_clip_val': 0.39924823726695396, 'hidden_size': 11, 'dropout': 0.2711241414159232, 'hidden_continuous_size': 6, 'attention_head_size': 3, 'learning_rate': 0.005404750735553473}. Best is trial 9 with value: 82.02783203125.
LOCAL_RANK: 0 - CUDA_VISIBLE_DEVICES: [0]
[I 2023-12-16 12:55:16,226] Trial 18 finished with value: 139.01373291015625 and parameters: {'gradient_clip_val': 0.21988748144579792, 'hidden_size': 7, 'dropout': 0.3626051778155158, 'hidden_continuous_size': 5, 'attention_head_size': 4, 'learning_rate': 0.0012078273105545307}. Best is trial 9 with value: 82.02783203125.
LOCAL_RANK: 0 - CUDA_VISIBLE_DEVICES: [0]
[I 2023-12-16 12:56:01,145] Trial 19 finished with value: 96.85345458984375 and parameters: {'gradient_clip_val': 0.6935147905144872, 'hidden_size': 6, 'dropout': 0.3064996155485022, 'hidden_continuous_size': 5, 'attention_head_size': 3, 'learning_rate': 0.003291940606600311}. Best is trial 9 with value: 82.02783203125.
LOCAL_RANK: 0 - CUDA_VISIBLE_DEVICES: [0]
[I 2023-12-16 12:56:46,296] Trial 20 finished with value: 162.3010711669922 and parameters: {'gradient_clip_val': 0.3807544500343426, 'hidden_size': 6, 'dropout': 0.30661085037769054, 'hidden_continuous_size': 5, 'attention_head_size': 4, 'learning_rate': 0.003418166047144017}. Best is trial 9 with value: 82.02783203125.
LOCAL_RANK: 0 - CUDA_VISIBLE_DEVICES: [0]
[I 2023-12-16 12:57:30,855] Trial 21 finished with value: 220.6096954345703 and parameters: {'gradient_clip_val': 0.7273149796077308, 'hidden_size': 6, 'dropout': 0.3549851609206702, 'hidden_continuous_size': 5, 'attention_head_size': 3, 'learning_rate': 0.005990334080594789}. Best is trial 9 with value: 82.02783203125.
LOCAL_RANK: 0 - CUDA_VISIBLE_DEVICES: [0]
[I 2023-12-16 12:58:15,930] Trial 22 finished with value: 88.31835174560547 and parameters: {'gradient_clip_val': 0.5033356366874683, 'hidden_size': 9, 'dropout': 0.3031552401658052, 'hidden_continuous_size': 5, 'attention_head_size': 3, 'learning_rate': 0.0027181566590906278}. Best is trial 9 with value: 82.02783203125.
LOCAL_RANK: 0 - CUDA_VISIBLE_DEVICES: [0]
[I 2023-12-16 12:58:49,872] Trial 23 finished with value: 137.3220977783203 and parameters: {'gradient_clip_val': 0.49727727102716307, 'hidden_size': 5, 'dropout': 0.32449831477682906, 'hidden_continuous_size': 5, 'attention_head_size': 3, 'learning_rate': 0.003120816123483017}. Best is trial 9 with value: 82.02783203125.
LOCAL_RANK: 0 - CUDA_VISIBLE_DEVICES: [0]
[I 2023-12-16 12:59:35,131] Trial 24 finished with value: 124.8934555053711 and parameters: {'gradient_clip_val': 0.47934066975455397, 'hidden_size': 11, 'dropout': 0.29982720223502884, 'hidden_continuous_size': 6, 'attention_head_size': 3, 'learning_rate': 0.007508476344894902}. Best is trial 9 with value: 82.02783203125.
LOCAL_RANK: 0 - CUDA_VISIBLE_DEVICES: [0]
[I 2023-12-16 13:00:19,893] Trial 25 finished with value: 114.10628509521484 and parameters: {'gradient_clip_val': 0.37540315366498356, 'hidden_size': 7, 'dropout': 0.3985054239652237, 'hidden_continuous_size': 5, 'attention_head_size': 3, 'learning_rate': 0.0022377827029974417}. Best is trial 9 with value: 82.02783203125.
LOCAL_RANK: 0 - CUDA_VISIBLE_DEVICES: [0]
[I 2023-12-16 13:01:05,245] Trial 26 finished with value: 237.2369384765625 and parameters: {'gradient_clip_val': 0.7554729504578396, 'hidden_size': 6, 'dropout': 0.3404302794704611, 'hidden_continuous_size': 5, 'attention_head_size': 4, 'learning_rate': 0.00473630697175109}. Best is trial 9 with value: 82.02783203125.
LOCAL_RANK: 0 - CUDA_VISIBLE_DEVICES: [0]
[I 2023-12-16 13:01:50,100] Trial 27 finished with value: 160.15869140625 and parameters: {'gradient_clip_val': 0.556253884038977, 'hidden_size': 9, 'dropout': 0.36065159339018393, 'hidden_continuous_size': 6, 'attention_head_size': 3, 'learning_rate': 0.006607590070451772}. Best is trial 9 with value: 82.02783203125.
LOCAL_RANK: 0 - CUDA_VISIBLE_DEVICES: [0]
[I 2023-12-16 13:02:35,190] Trial 28 finished with value: 86.5889892578125 and parameters: {'gradient_clip_val': 0.43778250225334303, 'hidden_size': 13, 'dropout': 0.30489434472927196, 'hidden_continuous_size': 7, 'attention_head_size': 2, 'learning_rate': 0.002375473478232155}. Best is trial 9 with value: 82.02783203125.
LOCAL_RANK: 0 - CUDA_VISIBLE_DEVICES: [0]
[I 2023-12-16 13:03:18,846] Trial 29 finished with value: 147.2283172607422 and parameters: {'gradient_clip_val': 0.3336650044070182, 'hidden_size': 12, 'dropout': 0.2536005080495721, 'hidden_continuous_size': 7, 'attention_head_size': 1, 'learning_rate': 0.0021618835886794497}. Best is trial 9 with value: 82.02783203125.
LOCAL_RANK: 0 - CUDA_VISIBLE_DEVICES: [0]
[I 2023-12-16 13:04:03,747] Trial 30 finished with value: 207.5630340576172 and parameters: {'gradient_clip_val': 0.42506431084825114, 'hidden_size': 13, 'dropout': 0.3733696001050511, 'hidden_continuous_size': 7, 'attention_head_size': 2, 'learning_rate': 0.0010603570874235517}. Best is trial 9 with value: 82.02783203125.
LOCAL_RANK: 0 - CUDA_VISIBLE_DEVICES: [0]
[I 2023-12-16 13:04:48,554] Trial 31 finished with value: 155.7117462158203 and parameters: {'gradient_clip_val': 0.43965208496166486, 'hidden_size': 10, 'dropout': 0.3124352405174693, 'hidden_continuous_size': 6, 'attention_head_size': 2, 'learning_rate': 0.0035837432761829722}. Best is trial 9 with value: 82.02783203125.
LOCAL_RANK: 0 - CUDA_VISIBLE_DEVICES: [0]
[I 2023-12-16 13:05:33,869] Trial 32 finished with value: 183.1194610595703 and parameters: {'gradient_clip_val': 0.5489857688731625, 'hidden_size': 14, 'dropout': 0.3430702977688961, 'hidden_continuous_size': 7, 'attention_head_size': 2, 'learning_rate': 0.00256242854677866}. Best is trial 9 with value: 82.02783203125.
LOCAL_RANK: 0 - CUDA_VISIBLE_DEVICES: [0]
[I 2023-12-16 13:06:17,914] Trial 33 finished with value: 243.49729919433594 and parameters: {'gradient_clip_val': 0.48275669539070437, 'hidden_size': 8, 'dropout': 0.2898329183795742, 'hidden_continuous_size': 5, 'attention_head_size': 3, 'learning_rate': 0.004928920526596762}. Best is trial 9 with value: 82.02783203125.
LOCAL_RANK: 0 - CUDA_VISIBLE_DEVICES: [0]
[I 2023-12-16 13:07:02,760] Trial 34 finished with value: 152.72740173339844 and parameters: {'gradient_clip_val': 0.33246663820520894, 'hidden_size': 11, 'dropout': 0.33866961120239897, 'hidden_continuous_size': 6, 'attention_head_size': 2, 'learning_rate': 0.003804746311907951}. Best is trial 9 with value: 82.02783203125.
LOCAL_RANK: 0 - CUDA_VISIBLE_DEVICES: [0]
[I 2023-12-16 13:07:47,992] Trial 35 finished with value: 109.33646392822266 and parameters: {'gradient_clip_val': 0.453165119128635, 'hidden_size': 15, 'dropout': 0.3255283175270829, 'hidden_continuous_size': 8, 'attention_head_size': 1, 'learning_rate': 0.002366113715811057}. Best is trial 9 with value: 82.02783203125.
LOCAL_RANK: 0 - CUDA_VISIBLE_DEVICES: [0]
[I 2023-12-16 13:08:32,533] Trial 36 finished with value: 149.1272430419922 and parameters: {'gradient_clip_val': 0.5898537181752058, 'hidden_size': 6, 'dropout': 0.29342669018821377, 'hidden_continuous_size': 5, 'attention_head_size': 2, 'learning_rate': 0.008321651711587965}. Best is trial 9 with value: 82.02783203125.
LOCAL_RANK: 0 - CUDA_VISIBLE_DEVICES: [0]
[I 2023-12-16 13:09:18,928] Trial 37 finished with value: 160.3651580810547 and parameters: {'gradient_clip_val': 0.7908474785958092, 'hidden_size': 20, 'dropout': 0.31971198237561066, 'hidden_continuous_size': 8, 'attention_head_size': 3, 'learning_rate': 0.013931694517353817}. Best is trial 9 with value: 82.02783203125.
LOCAL_RANK: 0 - CUDA_VISIBLE_DEVICES: [0]
[I 2023-12-16 13:10:02,367] Trial 38 finished with value: 150.92628479003906 and parameters: {'gradient_clip_val': 0.6519305072488671, 'hidden_size': 8, 'dropout': 0.29716363104530846, 'hidden_continuous_size': 5, 'attention_head_size': 2, 'learning_rate': 0.004702730768480072}. Best is trial 9 with value: 82.02783203125.
LOCAL_RANK: 0 - CUDA_VISIBLE_DEVICES: [0]
[I 2023-12-16 13:10:49,163] Trial 39 finished with value: 129.61183166503906 and parameters: {'gradient_clip_val': 0.5284947943895003, 'hidden_size': 17, 'dropout': 0.3441531359689141, 'hidden_continuous_size': 9, 'attention_head_size': 3, 'learning_rate': 0.0030887057836864818}. Best is trial 9 with value: 82.02783203125.
LOCAL_RANK: 0 - CUDA_VISIBLE_DEVICES: [0]
[I 2023-12-16 13:11:35,050] Trial 40 finished with value: 201.1776885986328 and parameters: {'gradient_clip_val': 0.26490350452877237, 'hidden_size': 13, 'dropout': 0.31157275297059456, 'hidden_continuous_size': 7, 'attention_head_size': 4, 'learning_rate': 0.08375689210173186}. Best is trial 9 with value: 82.02783203125.
LOCAL_RANK: 0 - CUDA_VISIBLE_DEVICES: [0]
[I 2023-12-16 13:12:20,066] Trial 41 finished with value: 205.7551727294922 and parameters: {'gradient_clip_val': 0.6588272299971798, 'hidden_size': 10, 'dropout': 0.28166620029216327, 'hidden_continuous_size': 5, 'attention_head_size': 3, 'learning_rate': 0.0013115564655444602}. Best is trial 9 with value: 82.02783203125.
LOCAL_RANK: 0 - CUDA_VISIBLE_DEVICES: [0]
[I 2023-12-16 13:13:05,165] Trial 42 finished with value: 131.9792938232422 and parameters: {'gradient_clip_val': 0.42937410291879846, 'hidden_size': 9, 'dropout': 0.26402019464704574, 'hidden_continuous_size': 5, 'attention_head_size': 3, 'learning_rate': 0.001740545732691367}. Best is trial 9 with value: 82.02783203125.
LOCAL_RANK: 0 - CUDA_VISIBLE_DEVICES: [0]
[I 2023-12-16 13:13:39,228] Trial 43 finished with value: 174.1306610107422 and parameters: {'gradient_clip_val': 0.5316924296757471, 'hidden_size': 5, 'dropout': 0.28801479697461796, 'hidden_continuous_size': 5, 'attention_head_size': 3, 'learning_rate': 0.0007075360322912017}. Best is trial 9 with value: 82.02783203125.
LOCAL_RANK: 0 - CUDA_VISIBLE_DEVICES: [0]
[I 2023-12-16 13:14:24,226] Trial 44 finished with value: 140.4088592529297 and parameters: {'gradient_clip_val': 0.6910269313887812, 'hidden_size': 7, 'dropout': 0.3224117110094894, 'hidden_continuous_size': 5, 'attention_head_size': 3, 'learning_rate': 0.0021247802165924087}. Best is trial 9 with value: 82.02783203125.
LOCAL_RANK: 0 - CUDA_VISIBLE_DEVICES: [0]
[I 2023-12-16 13:15:12,779] Trial 45 finished with value: 104.30135345458984 and parameters: {'gradient_clip_val': 0.7873353089192602, 'hidden_size': 22, 'dropout': 0.24233764837952215, 'hidden_continuous_size': 11, 'attention_head_size': 2, 'learning_rate': 0.0010005124258822447}. Best is trial 9 with value: 82.02783203125.
LOCAL_RANK: 0 - CUDA_VISIBLE_DEVICES: [0]
[I 2023-12-16 13:16:01,486] Trial 46 finished with value: 122.53253936767578 and parameters: {'gradient_clip_val': 0.8341654574145839, 'hidden_size': 23, 'dropout': 0.24585243227331677, 'hidden_continuous_size': 11, 'attention_head_size': 2, 'learning_rate': 0.0009823277778067275}. Best is trial 9 with value: 82.02783203125.
LOCAL_RANK: 0 - CUDA_VISIBLE_DEVICES: [0]
[I 2023-12-16 13:16:48,826] Trial 47 finished with value: 136.22450256347656 and parameters: {'gradient_clip_val': 0.8546175542859048, 'hidden_size': 24, 'dropout': 0.22808773579140393, 'hidden_continuous_size': 12, 'attention_head_size': 2, 'learning_rate': 0.0007221662046720166}. Best is trial 9 with value: 82.02783203125.
LOCAL_RANK: 0 - CUDA_VISIBLE_DEVICES: [0]
[I 2023-12-16 13:17:36,997] Trial 48 finished with value: 117.65438079833984 and parameters: {'gradient_clip_val': 0.5992296486027009, 'hidden_size': 29, 'dropout': 0.26673929219414605, 'hidden_continuous_size': 13, 'attention_head_size': 1, 'learning_rate': 0.0015827022378056674}. Best is trial 9 with value: 82.02783203125.
LOCAL_RANK: 0 - CUDA_VISIBLE_DEVICES: [0]
[I 2023-12-16 13:18:24,116] Trial 49 finished with value: 197.1702880859375 and parameters: {'gradient_clip_val': 0.8734780142638494, 'hidden_size': 18, 'dropout': 0.2527994907047031, 'hidden_continuous_size': 9, 'attention_head_size': 2, 'learning_rate': 0.0018974901695345654}. Best is trial 9 with value: 82.02783203125.
[I 2023-12-16 13:18:24,209] A new study created in memory with name: no-name-03282ab1-e909-47da-b449-9c0274d49d94
/home/le004/conda/anaconda3/envs/tsff_env/lib/python3.9/site-packages/lightning/fabric/plugins/environments/slurm.py:191: The `srun` command is available on your system but is not used. HINT: If your intention is to run Lightning on SLURM, prepend your python command with `srun` like so: srun python /home/le004/master_thesis/git/TSFusionForecast/code/ ...
LOCAL_RANK: 0 - CUDA_VISIBLE_DEVICES: [0]
[I 2023-12-16 13:19:11,728] Trial 0 finished with value: 11.115246772766113 and parameters: {'gradient_clip_val': 0.8147938275075127, 'hidden_size': 20, 'dropout': 0.16108338123605187, 'hidden_continuous_size': 15, 'attention_head_size': 3, 'learning_rate': 0.013545907827744078}. Best is trial 0 with value: 11.115246772766113.
LOCAL_RANK: 0 - CUDA_VISIBLE_DEVICES: [0]
[I 2023-12-16 13:20:03,810] Trial 1 finished with value: 9.907295227050781 and parameters: {'gradient_clip_val': 0.8837548238846313, 'hidden_size': 71, 'dropout': 0.27483885856447865, 'hidden_continuous_size': 11, 'attention_head_size': 1, 'learning_rate': 0.037801249875505157}. Best is trial 1 with value: 9.907295227050781.
LOCAL_RANK: 0 - CUDA_VISIBLE_DEVICES: [0]
[I 2023-12-16 13:20:56,291] Trial 2 finished with value: 14.333351135253906 and parameters: {'gradient_clip_val': 0.3195874953350878, 'hidden_size': 42, 'dropout': 0.21319954467772192, 'hidden_continuous_size': 13, 'attention_head_size': 4, 'learning_rate': 0.008759778285442358}. Best is trial 1 with value: 9.907295227050781.
LOCAL_RANK: 0 - CUDA_VISIBLE_DEVICES: [0]
[I 2023-12-16 13:21:39,893] Trial 3 finished with value: 7.312546253204346 and parameters: {'gradient_clip_val': 0.8010476688256855, 'hidden_size': 16, 'dropout': 0.34284644568065703, 'hidden_continuous_size': 5, 'attention_head_size': 1, 'learning_rate': 0.0010319751978090535}. Best is trial 3 with value: 7.312546253204346.
LOCAL_RANK: 0 - CUDA_VISIBLE_DEVICES: [0]
[I 2023-12-16 13:22:31,252] Trial 4 finished with value: 8.2587308883667 and parameters: {'gradient_clip_val': 0.3048670067095611, 'hidden_size': 60, 'dropout': 0.24591541874065537, 'hidden_continuous_size': 19, 'attention_head_size': 1, 'learning_rate': 0.014410100071554582}. Best is trial 3 with value: 7.312546253204346.
LOCAL_RANK: 0 - CUDA_VISIBLE_DEVICES: [0]
[I 2023-12-16 13:23:04,431] Trial 5 finished with value: 9.936848640441895 and parameters: {'gradient_clip_val': 0.2634828744271984, 'hidden_size': 5, 'dropout': 0.23682223294695706, 'hidden_continuous_size': 5, 'attention_head_size': 1, 'learning_rate': 0.0006720440551713036}. Best is trial 3 with value: 7.312546253204346.
LOCAL_RANK: 0 - CUDA_VISIBLE_DEVICES: [0]
[I 2023-12-16 13:23:53,484] Trial 6 finished with value: 8.771523475646973 and parameters: {'gradient_clip_val': 0.2818780180870635, 'hidden_size': 25, 'dropout': 0.2734909118478799, 'hidden_continuous_size': 12, 'attention_head_size': 4, 'learning_rate': 0.01318185437277393}. Best is trial 3 with value: 7.312546253204346.
LOCAL_RANK: 0 - CUDA_VISIBLE_DEVICES: [0]
[I 2023-12-16 13:24:27,807] Trial 7 finished with value: 6.117944717407227 and parameters: {'gradient_clip_val': 0.8368359791174288, 'hidden_size': 6, 'dropout': 0.37755729613399736, 'hidden_continuous_size': 6, 'attention_head_size': 4, 'learning_rate': 0.005040544265344206}. Best is trial 7 with value: 6.117944717407227.
LOCAL_RANK: 0 - CUDA_VISIBLE_DEVICES: [0]
[I 2023-12-16 13:25:20,440] Trial 8 finished with value: 6.775216579437256 and parameters: {'gradient_clip_val': 0.8071327671956304, 'hidden_size': 79, 'dropout': 0.32520152362108823, 'hidden_continuous_size': 13, 'attention_head_size': 1, 'learning_rate': 0.032208013911520075}. Best is trial 7 with value: 6.117944717407227.
LOCAL_RANK: 0 - CUDA_VISIBLE_DEVICES: [0]
