[I 2023-12-16 04:59:20,415] Trial 11 finished with value: 0.12586258351802826 and parameters: {'gradient_clip_val': 0.9767302404205739, 'hidden_size': 95, 'dropout': 0.28321607696303025, 'hidden_continuous_size': 86, 'attention_head_size': 2, 'learning_rate': 0.0005753118046796274}. Best is trial 9 with value: 0.09427573531866074.
LOCAL_RANK: 0 - CUDA_VISIBLE_DEVICES: [0]
[I 2023-12-16 05:00:00,770] Trial 12 finished with value: 0.15821924805641174 and parameters: {'gradient_clip_val': 0.9597323646905391, 'hidden_size': 90, 'dropout': 0.293330376116307, 'hidden_continuous_size': 90, 'attention_head_size': 2, 'learning_rate': 0.0005371163399324691}. Best is trial 9 with value: 0.09427573531866074.
LOCAL_RANK: 0 - CUDA_VISIBLE_DEVICES: [0]
[I 2023-12-16 05:00:56,811] Trial 13 finished with value: 0.11665177345275879 and parameters: {'gradient_clip_val': 0.6047704633731056, 'hidden_size': 97, 'dropout': 0.2691186987761444, 'hidden_continuous_size': 32, 'attention_head_size': 2, 'learning_rate': 0.000571469158591851}. Best is trial 9 with value: 0.09427573531866074.
LOCAL_RANK: 0 - CUDA_VISIBLE_DEVICES: [0]
[I 2023-12-16 05:01:51,067] Trial 14 finished with value: 0.1816975474357605 and parameters: {'gradient_clip_val': 0.6334484884348199, 'hidden_size': 58, 'dropout': 0.3468666399399507, 'hidden_continuous_size': 24, 'attention_head_size': 2, 'learning_rate': 0.0018347408077086175}. Best is trial 9 with value: 0.09427573531866074.
LOCAL_RANK: 0 - CUDA_VISIBLE_DEVICES: [0]
[I 2023-12-16 05:02:44,295] Trial 15 finished with value: 0.1444822996854782 and parameters: {'gradient_clip_val': 0.48277539161410776, 'hidden_size': 52, 'dropout': 0.261671848319721, 'hidden_continuous_size': 8, 'attention_head_size': 3, 'learning_rate': 0.0005894563987342866}. Best is trial 9 with value: 0.09427573531866074.
LOCAL_RANK: 0 - CUDA_VISIBLE_DEVICES: [0]
[I 2023-12-16 05:03:41,132] Trial 16 finished with value: 0.13341931998729706 and parameters: {'gradient_clip_val': 0.44644460442532197, 'hidden_size': 98, 'dropout': 0.34232508126140926, 'hidden_continuous_size': 39, 'attention_head_size': 2, 'learning_rate': 0.0017883190541881032}. Best is trial 9 with value: 0.09427573531866074.
LOCAL_RANK: 0 - CUDA_VISIBLE_DEVICES: [0]
[I 2023-12-16 05:04:34,003] Trial 17 finished with value: 1.24466073513031 and parameters: {'gradient_clip_val': 0.7120488775384963, 'hidden_size': 44, 'dropout': 0.3881137881481626, 'hidden_continuous_size': 12, 'attention_head_size': 3, 'learning_rate': 0.0009576602035331162}. Best is trial 9 with value: 0.09427573531866074.
LOCAL_RANK: 0 - CUDA_VISIBLE_DEVICES: [0]
[I 2023-12-16 05:05:23,845] Trial 18 finished with value: 0.20068983733654022 and parameters: {'gradient_clip_val': 0.6553557950033921, 'hidden_size': 29, 'dropout': 0.24466705870691674, 'hidden_continuous_size': 8, 'attention_head_size': 1, 'learning_rate': 0.003744167956784881}. Best is trial 9 with value: 0.09427573531866074.
LOCAL_RANK: 0 - CUDA_VISIBLE_DEVICES: [0]
[I 2023-12-16 05:06:17,866] Trial 19 finished with value: 0.4854099750518799 and parameters: {'gradient_clip_val': 0.28054179852801764, 'hidden_size': 65, 'dropout': 0.3483985912813253, 'hidden_continuous_size': 15, 'attention_head_size': 2, 'learning_rate': 0.000518006163290497}. Best is trial 9 with value: 0.09427573531866074.
LOCAL_RANK: 0 - CUDA_VISIBLE_DEVICES: [0]
[I 2023-12-16 05:07:11,228] Trial 20 finished with value: 0.2234077900648117 and parameters: {'gradient_clip_val': 0.7897930328589443, 'hidden_size': 47, 'dropout': 0.30911072628819203, 'hidden_continuous_size': 9, 'attention_head_size': 3, 'learning_rate': 0.009242730238184475}. Best is trial 9 with value: 0.09427573531866074.
LOCAL_RANK: 0 - CUDA_VISIBLE_DEVICES: [0]
[I 2023-12-16 05:08:09,962] Trial 21 finished with value: 0.22528450191020966 and parameters: {'gradient_clip_val': 0.9689014964367898, 'hidden_size': 99, 'dropout': 0.27869093211457063, 'hidden_continuous_size': 80, 'attention_head_size': 2, 'learning_rate': 0.000805176937550672}. Best is trial 9 with value: 0.09427573531866074.
LOCAL_RANK: 0 - CUDA_VISIBLE_DEVICES: [0]
[I 2023-12-16 05:09:06,083] Trial 22 finished with value: 0.20446838438510895 and parameters: {'gradient_clip_val': 0.7994898229695687, 'hidden_size': 73, 'dropout': 0.28080566252849887, 'hidden_continuous_size': 52, 'attention_head_size': 2, 'learning_rate': 0.0005078010697353893}. Best is trial 9 with value: 0.09427573531866074.
LOCAL_RANK: 0 - CUDA_VISIBLE_DEVICES: [0]
[I 2023-12-16 05:10:01,462] Trial 23 finished with value: 0.17878533899784088 and parameters: {'gradient_clip_val': 0.5571006631755068, 'hidden_size': 100, 'dropout': 0.2606895137914587, 'hidden_continuous_size': 23, 'attention_head_size': 2, 'learning_rate': 0.0013520155357450376}. Best is trial 9 with value: 0.09427573531866074.
LOCAL_RANK: 0 - CUDA_VISIBLE_DEVICES: [0]
[I 2023-12-16 05:10:57,232] Trial 24 finished with value: 0.18421119451522827 and parameters: {'gradient_clip_val': 0.9876843103160832, 'hidden_size': 70, 'dropout': 0.29633158481442057, 'hidden_continuous_size': 57, 'attention_head_size': 1, 'learning_rate': 0.0007759316038156588}. Best is trial 9 with value: 0.09427573531866074.
LOCAL_RANK: 0 - CUDA_VISIBLE_DEVICES: [0]
[I 2023-12-16 05:11:51,199] Trial 25 finished with value: 0.1151990070939064 and parameters: {'gradient_clip_val': 0.7482487323491402, 'hidden_size': 58, 'dropout': 0.32845350820060554, 'hidden_continuous_size': 19, 'attention_head_size': 2, 'learning_rate': 0.0014040252252301702}. Best is trial 9 with value: 0.09427573531866074.
LOCAL_RANK: 0 - CUDA_VISIBLE_DEVICES: [0]
[I 2023-12-16 05:12:44,762] Trial 26 finished with value: 0.15259824693202972 and parameters: {'gradient_clip_val': 0.46841212553662964, 'hidden_size': 56, 'dropout': 0.32918783720359596, 'hidden_continuous_size': 19, 'attention_head_size': 3, 'learning_rate': 0.0015758831734264268}. Best is trial 9 with value: 0.09427573531866074.
LOCAL_RANK: 0 - CUDA_VISIBLE_DEVICES: [0]
[I 2023-12-16 05:13:40,219] Trial 27 finished with value: 0.200766459107399 and parameters: {'gradient_clip_val': 0.706604333634262, 'hidden_size': 79, 'dropout': 0.36578996912582357, 'hidden_continuous_size': 26, 'attention_head_size': 2, 'learning_rate': 0.0012039829934984098}. Best is trial 9 with value: 0.09427573531866074.
LOCAL_RANK: 0 - CUDA_VISIBLE_DEVICES: [0]
[I 2023-12-16 05:14:32,645] Trial 28 finished with value: 0.2317357063293457 and parameters: {'gradient_clip_val': 0.5750479965900346, 'hidden_size': 56, 'dropout': 0.32650972704348924, 'hidden_continuous_size': 18, 'attention_head_size': 1, 'learning_rate': 0.0008230080108393583}. Best is trial 9 with value: 0.09427573531866074.
LOCAL_RANK: 0 - CUDA_VISIBLE_DEVICES: [0]
[I 2023-12-16 05:15:23,442] Trial 29 finished with value: 0.19159390032291412 and parameters: {'gradient_clip_val': 0.41637498057864475, 'hidden_size': 34, 'dropout': 0.3062767057275965, 'hidden_continuous_size': 12, 'attention_head_size': 2, 'learning_rate': 0.0025485965587179094}. Best is trial 9 with value: 0.09427573531866074.
LOCAL_RANK: 0 - CUDA_VISIBLE_DEVICES: [0]
[I 2023-12-16 05:16:17,464] Trial 30 finished with value: 0.24441726505756378 and parameters: {'gradient_clip_val': 0.5336732737483757, 'hidden_size': 43, 'dropout': 0.31605035320686803, 'hidden_continuous_size': 21, 'attention_head_size': 3, 'learning_rate': 0.0014593539032559076}. Best is trial 9 with value: 0.09427573531866074.
LOCAL_RANK: 0 - CUDA_VISIBLE_DEVICES: [0]
[I 2023-12-16 05:17:12,826] Trial 31 finished with value: 0.11578905582427979 and parameters: {'gradient_clip_val': 0.8131213283328645, 'hidden_size': 85, 'dropout': 0.283140581397234, 'hidden_continuous_size': 30, 'attention_head_size': 2, 'learning_rate': 0.0006858624799445122}. Best is trial 9 with value: 0.09427573531866074.
LOCAL_RANK: 0 - CUDA_VISIBLE_DEVICES: [0]
[I 2023-12-16 05:18:07,901] Trial 32 finished with value: 0.3240238428115845 and parameters: {'gradient_clip_val': 0.7863020343348037, 'hidden_size': 75, 'dropout': 0.33205035328122356, 'hidden_continuous_size': 28, 'attention_head_size': 2, 'learning_rate': 0.0007354655672270964}. Best is trial 9 with value: 0.09427573531866074.
LOCAL_RANK: 0 - CUDA_VISIBLE_DEVICES: [0]
[I 2023-12-16 05:19:03,871] Trial 33 finished with value: 0.1874569058418274 and parameters: {'gradient_clip_val': 0.8395872127341135, 'hidden_size': 82, 'dropout': 0.30520887992555684, 'hidden_continuous_size': 30, 'attention_head_size': 2, 'learning_rate': 0.0010556446974492061}. Best is trial 9 with value: 0.09427573531866074.
LOCAL_RANK: 0 - CUDA_VISIBLE_DEVICES: [0]
[I 2023-12-16 05:19:57,933] Trial 34 finished with value: 0.193455770611763 and parameters: {'gradient_clip_val': 0.7112151115660694, 'hidden_size': 65, 'dropout': 0.31894104686713465, 'hidden_continuous_size': 22, 'attention_head_size': 1, 'learning_rate': 0.0007109959982405623}. Best is trial 9 with value: 0.09427573531866074.
LOCAL_RANK: 0 - CUDA_VISIBLE_DEVICES: [0]
[I 2023-12-16 05:20:53,909] Trial 35 finished with value: 0.20876885950565338 and parameters: {'gradient_clip_val': 0.6002905947302593, 'hidden_size': 86, 'dropout': 0.3635539039694308, 'hidden_continuous_size': 33, 'attention_head_size': 2, 'learning_rate': 0.000923919342914669}. Best is trial 9 with value: 0.09427573531866074.
LOCAL_RANK: 0 - CUDA_VISIBLE_DEVICES: [0]
[I 2023-12-16 05:21:47,258] Trial 36 finished with value: 0.18712174892425537 and parameters: {'gradient_clip_val': 0.854674560224512, 'hidden_size': 64, 'dropout': 0.2696418542474085, 'hidden_continuous_size': 26, 'attention_head_size': 2, 'learning_rate': 0.0011693549068844096}. Best is trial 9 with value: 0.09427573531866074.
LOCAL_RANK: 0 - CUDA_VISIBLE_DEVICES: [0]
[I 2023-12-16 05:22:41,884] Trial 37 finished with value: 0.4586237967014313 and parameters: {'gradient_clip_val': 0.6711580445057556, 'hidden_size': 82, 'dropout': 0.24347575550441855, 'hidden_continuous_size': 17, 'attention_head_size': 1, 'learning_rate': 0.000649060659573752}. Best is trial 9 with value: 0.09427573531866074.
LOCAL_RANK: 0 - CUDA_VISIBLE_DEVICES: [0]
[I 2023-12-16 05:23:36,846] Trial 38 finished with value: 0.5331851840019226 and parameters: {'gradient_clip_val': 0.5271269108039354, 'hidden_size': 57, 'dropout': 0.290529423122123, 'hidden_continuous_size': 20, 'attention_head_size': 4, 'learning_rate': 0.0010811910055682243}. Best is trial 9 with value: 0.09427573531866074.
LOCAL_RANK: 0 - CUDA_VISIBLE_DEVICES: [0]
[I 2023-12-16 05:24:27,590] Trial 39 finished with value: 0.36001256108283997 and parameters: {'gradient_clip_val': 0.8777378121272794, 'hidden_size': 25, 'dropout': 0.22200075044852863, 'hidden_continuous_size': 16, 'attention_head_size': 3, 'learning_rate': 0.000674953376623321}. Best is trial 9 with value: 0.09427573531866074.
LOCAL_RANK: 0 - CUDA_VISIBLE_DEVICES: [0]
[I 2023-12-16 05:25:20,454] Trial 40 finished with value: 0.27045297622680664 and parameters: {'gradient_clip_val': 0.7451724126088218, 'hidden_size': 39, 'dropout': 0.3055946057685343, 'hidden_continuous_size': 20, 'attention_head_size': 1, 'learning_rate': 0.0021330576231337055}. Best is trial 9 with value: 0.09427573531866074.
LOCAL_RANK: 0 - CUDA_VISIBLE_DEVICES: [0]
[I 2023-12-16 05:26:17,156] Trial 41 finished with value: 0.1563677042722702 and parameters: {'gradient_clip_val': 0.8939543537502473, 'hidden_size': 100, 'dropout': 0.2828745536711251, 'hidden_continuous_size': 42, 'attention_head_size': 2, 'learning_rate': 0.0006251547658756723}. Best is trial 9 with value: 0.09427573531866074.
LOCAL_RANK: 0 - CUDA_VISIBLE_DEVICES: [0]
[I 2023-12-16 05:27:11,758] Trial 42 finished with value: 0.16321764886379242 and parameters: {'gradient_clip_val': 0.8971811603016766, 'hidden_size': 85, 'dropout': 0.2679532469058494, 'hidden_continuous_size': 14, 'attention_head_size': 2, 'learning_rate': 0.0005022861001406829}. Best is trial 9 with value: 0.09427573531866074.
LOCAL_RANK: 0 - CUDA_VISIBLE_DEVICES: [0]
[I 2023-12-16 05:28:06,484] Trial 43 finished with value: 0.12114392966032028 and parameters: {'gradient_clip_val': 0.9878934649648115, 'hidden_size': 76, 'dropout': 0.2892561170111207, 'hidden_continuous_size': 24, 'attention_head_size': 2, 'learning_rate': 0.000840046775966903}. Best is trial 9 with value: 0.09427573531866074.
LOCAL_RANK: 0 - CUDA_VISIBLE_DEVICES: [0]
[I 2023-12-16 05:29:00,792] Trial 44 finished with value: 0.14436297118663788 and parameters: {'gradient_clip_val': 0.7548096579753342, 'hidden_size': 72, 'dropout': 0.2961557567720844, 'hidden_continuous_size': 24, 'attention_head_size': 2, 'learning_rate': 0.0014179483766959325}. Best is trial 9 with value: 0.09427573531866074.
LOCAL_RANK: 0 - CUDA_VISIBLE_DEVICES: [0]
[I 2023-12-16 05:29:54,635] Trial 45 finished with value: 0.16267915070056915 and parameters: {'gradient_clip_val': 0.6427348530166198, 'hidden_size': 49, 'dropout': 0.31977268503828327, 'hidden_continuous_size': 22, 'attention_head_size': 2, 'learning_rate': 0.0010086962864963992}. Best is trial 9 with value: 0.09427573531866074.
LOCAL_RANK: 0 - CUDA_VISIBLE_DEVICES: [0]
[I 2023-12-16 05:30:50,094] Trial 46 finished with value: 0.1552528589963913 and parameters: {'gradient_clip_val': 0.8442887305152948, 'hidden_size': 83, 'dropout': 0.33655687793026673, 'hidden_continuous_size': 29, 'attention_head_size': 2, 'learning_rate': 0.0008430132429742378}. Best is trial 9 with value: 0.09427573531866074.
LOCAL_RANK: 0 - CUDA_VISIBLE_DEVICES: [0]
[I 2023-12-16 05:31:44,478] Trial 47 finished with value: 0.16770409047603607 and parameters: {'gradient_clip_val': 0.6847498620632292, 'hidden_size': 62, 'dropout': 0.25163286052510525, 'hidden_continuous_size': 25, 'attention_head_size': 2, 'learning_rate': 0.001614135180493483}. Best is trial 9 with value: 0.09427573531866074.
LOCAL_RANK: 0 - CUDA_VISIBLE_DEVICES: [0]
[I 2023-12-16 05:32:39,492] Trial 48 finished with value: 0.16883695125579834 and parameters: {'gradient_clip_val': 0.9980728621080511, 'hidden_size': 73, 'dropout': 0.3545848247347514, 'hidden_continuous_size': 17, 'attention_head_size': 3, 'learning_rate': 0.0006768099848018338}. Best is trial 9 with value: 0.09427573531866074.
LOCAL_RANK: 0 - CUDA_VISIBLE_DEVICES: [0]
[I 2023-12-16 05:33:32,332] Trial 49 finished with value: 0.14691795408725739 and parameters: {'gradient_clip_val': 0.5910046295185203, 'hidden_size': 52, 'dropout': 0.3851190246843761, 'hidden_continuous_size': 19, 'attention_head_size': 2, 'learning_rate': 0.0012363943014031791}. Best is trial 9 with value: 0.09427573531866074.
[I 2023-12-16 05:33:32,436] A new study created in memory with name: no-name-91296830-3e09-4d95-b352-c347ece71307
/home/le004/conda/anaconda3/envs/tsff_env/lib/python3.9/site-packages/lightning/fabric/plugins/environments/slurm.py:191: The `srun` command is available on your system but is not used. HINT: If your intention is to run Lightning on SLURM, prepend your python command with `srun` like so: srun python /home/le004/master_thesis/git/TSFusionForecast/code/ ...
LOCAL_RANK: 0 - CUDA_VISIBLE_DEVICES: [0]
[I 2023-12-16 05:34:22,880] Trial 0 finished with value: 2.109771490097046 and parameters: {'gradient_clip_val': 0.3703239744072243, 'hidden_size': 42, 'dropout': 0.1757580371536094, 'hidden_continuous_size': 5, 'attention_head_size': 2, 'learning_rate': 0.00468947398814408}. Best is trial 0 with value: 2.109771490097046.
LOCAL_RANK: 0 - CUDA_VISIBLE_DEVICES: [0]
[I 2023-12-16 05:35:09,014] Trial 1 finished with value: 1.157612919807434 and parameters: {'gradient_clip_val': 0.46564535044715505, 'hidden_size': 7, 'dropout': 0.21007614783922215, 'hidden_continuous_size': 5, 'attention_head_size': 2, 'learning_rate': 0.0673495927482083}. Best is trial 1 with value: 1.157612919807434.
LOCAL_RANK: 0 - CUDA_VISIBLE_DEVICES: [0]
[I 2023-12-16 05:35:56,094] Trial 2 finished with value: 3.37040638923645 and parameters: {'gradient_clip_val': 0.9566793939210401, 'hidden_size': 13, 'dropout': 0.11308692801941199, 'hidden_continuous_size': 7, 'attention_head_size': 3, 'learning_rate': 0.06577416192978196}. Best is trial 1 with value: 1.157612919807434.
LOCAL_RANK: 0 - CUDA_VISIBLE_DEVICES: [0]
[I 2023-12-16 05:36:53,494] Trial 3 finished with value: 2.3680474758148193 and parameters: {'gradient_clip_val': 0.7725436250796839, 'hidden_size': 94, 'dropout': 0.34878747877873756, 'hidden_continuous_size': 56, 'attention_head_size': 2, 'learning_rate': 0.0006480691396863324}. Best is trial 1 with value: 1.157612919807434.
LOCAL_RANK: 0 - CUDA_VISIBLE_DEVICES: [0]
[I 2023-12-16 05:37:29,282] Trial 4 finished with value: 1.1552985906600952 and parameters: {'gradient_clip_val': 0.34074338618294614, 'hidden_size': 5, 'dropout': 0.18790888077064827, 'hidden_continuous_size': 5, 'attention_head_size': 2, 'learning_rate': 0.008251837046707945}. Best is trial 4 with value: 1.1552985906600952.
LOCAL_RANK: 0 - CUDA_VISIBLE_DEVICES: [0]
[I 2023-12-16 05:38:18,794] Trial 5 finished with value: 1.5396919250488281 and parameters: {'gradient_clip_val': 0.5398678376731029, 'hidden_size': 20, 'dropout': 0.34573683410126926, 'hidden_continuous_size': 11, 'attention_head_size': 4, 'learning_rate': 0.004733440349390016}. Best is trial 4 with value: 1.1552985906600952.
LOCAL_RANK: 0 - CUDA_VISIBLE_DEVICES: [0]
[I 2023-12-16 05:38:53,715] Trial 6 finished with value: 1.710373878479004 and parameters: {'gradient_clip_val': 0.9498070359913119, 'hidden_size': 5, 'dropout': 0.22813555353266088, 'hidden_continuous_size': 5, 'attention_head_size': 1, 'learning_rate': 0.0031055805690381887}. Best is trial 4 with value: 1.1552985906600952.
LOCAL_RANK: 0 - CUDA_VISIBLE_DEVICES: [0]
[I 2023-12-16 05:39:31,564] Trial 7 finished with value: 1.9505258798599243 and parameters: {'gradient_clip_val': 0.21889755720318882, 'hidden_size': 5, 'dropout': 0.26766507775004605, 'hidden_continuous_size': 5, 'attention_head_size': 2, 'learning_rate': 0.029443724098160436}. Best is trial 4 with value: 1.1552985906600952.
LOCAL_RANK: 0 - CUDA_VISIBLE_DEVICES: [0]
[I 2023-12-16 05:40:20,890] Trial 8 finished with value: 1.9002666473388672 and parameters: {'gradient_clip_val': 0.6179664745379453, 'hidden_size': 19, 'dropout': 0.26613382857494317, 'hidden_continuous_size': 12, 'attention_head_size': 1, 'learning_rate': 0.08066102584941355}. Best is trial 4 with value: 1.1552985906600952.
LOCAL_RANK: 0 - CUDA_VISIBLE_DEVICES: [0]
[I 2023-12-16 05:41:07,117] Trial 9 finished with value: 1.2162731885910034 and parameters: {'gradient_clip_val': 0.13550863093121476, 'hidden_size': 11, 'dropout': 0.3161944807455474, 'hidden_continuous_size': 5, 'attention_head_size': 2, 'learning_rate': 0.09670613594810164}. Best is trial 4 with value: 1.1552985906600952.
LOCAL_RANK: 0 - CUDA_VISIBLE_DEVICES: [0]
[I 2023-12-16 05:41:54,360] Trial 10 finished with value: 1.3453478813171387 and parameters: {'gradient_clip_val': 0.2535619744665578, 'hidden_size': 9, 'dropout': 0.38833295560005365, 'hidden_continuous_size': 6, 'attention_head_size': 4, 'learning_rate': 0.013994064816327414}. Best is trial 4 with value: 1.1552985906600952.
LOCAL_RANK: 0 - CUDA_VISIBLE_DEVICES: [0]
[I 2023-12-16 05:42:41,330] Trial 11 finished with value: 1.291623592376709 and parameters: {'gradient_clip_val': 0.39992430369812404, 'hidden_size': 7, 'dropout': 0.1912437120225336, 'hidden_continuous_size': 5, 'attention_head_size': 3, 'learning_rate': 0.020553331932702326}. Best is trial 4 with value: 1.1552985906600952.
LOCAL_RANK: 0 - CUDA_VISIBLE_DEVICES: [0]
[I 2023-12-16 05:43:17,881] Trial 12 finished with value: 3.0568313598632812 and parameters: {'gradient_clip_val': 0.46790282801149724, 'hidden_size': 5, 'dropout': 0.15318197274500966, 'hidden_continuous_size': 5, 'attention_head_size': 1, 'learning_rate': 0.034156925379806836}. Best is trial 4 with value: 1.1552985906600952.
LOCAL_RANK: 0 - CUDA_VISIBLE_DEVICES: [0]
[I 2023-12-16 05:44:03,799] Trial 13 finished with value: 1.580489158630371 and parameters: {'gradient_clip_val': 0.29176668501777353, 'hidden_size': 8, 'dropout': 0.21917826940648352, 'hidden_continuous_size': 5, 'attention_head_size': 3, 'learning_rate': 0.010810724185783497}. Best is trial 4 with value: 1.1552985906600952.
LOCAL_RANK: 0 - CUDA_VISIBLE_DEVICES: [0]
[I 2023-12-16 05:44:50,271] Trial 14 finished with value: 2.8940608501434326 and parameters: {'gradient_clip_val': 0.34595045691522686, 'hidden_size': 13, 'dropout': 0.1373377362956266, 'hidden_continuous_size': 6, 'attention_head_size': 2, 'learning_rate': 0.04237740154672476}. Best is trial 4 with value: 1.1552985906600952.
LOCAL_RANK: 0 - CUDA_VISIBLE_DEVICES: [0]
[I 2023-12-16 05:45:35,326] Trial 15 finished with value: 1.6771245002746582 and parameters: {'gradient_clip_val': 0.6072772171170017, 'hidden_size': 8, 'dropout': 0.10019204322194253, 'hidden_continuous_size': 5, 'attention_head_size': 3, 'learning_rate': 0.009950439558806994}. Best is trial 4 with value: 1.1552985906600952.
LOCAL_RANK: 0 - CUDA_VISIBLE_DEVICES: [0]
[I 2023-12-16 05:46:21,567] Trial 16 finished with value: 0.6452052593231201 and parameters: {'gradient_clip_val': 0.4445483974336643, 'hidden_size': 6, 'dropout': 0.194549760475569, 'hidden_continuous_size': 5, 'attention_head_size': 1, 'learning_rate': 0.01790923331759559}. Best is trial 16 with value: 0.6452052593231201.
LOCAL_RANK: 0 - CUDA_VISIBLE_DEVICES: [0]
[I 2023-12-16 05:46:56,871] Trial 17 finished with value: 3.305271863937378 and parameters: {'gradient_clip_val': 0.18780919425714118, 'hidden_size': 5, 'dropout': 0.16946086369705726, 'hidden_continuous_size': 5, 'attention_head_size': 1, 'learning_rate': 0.017665232521285244}. Best is trial 16 with value: 0.6452052593231201.
LOCAL_RANK: 0 - CUDA_VISIBLE_DEVICES: [0]
