[I 2023-12-26 16:48:44,726] Trial 34 finished with value: 71.77520751953125 and parameters: {'gradient_clip_val': 0.11827627534158269, 'hidden_size': 123, 'dropout': 0.46430564455829737, 'hidden_continuous_size': 107, 'attention_head_size': 4, 'learning_rate': 0.04992406657744763}. Best is trial 0 with value: 14.9127779006958.
[I 2023-12-26 16:48:50,849] Trial 35 finished with value: 85.73565673828125 and parameters: {'gradient_clip_val': 0.17793541033357455, 'hidden_size': 97, 'dropout': 0.10152177008452701, 'hidden_continuous_size': 78, 'attention_head_size': 3, 'learning_rate': 0.033108269888967375}. Best is trial 0 with value: 14.9127779006958.
[I 2023-12-26 16:49:01,082] Trial 36 finished with value: 69.06558990478516 and parameters: {'gradient_clip_val': 0.13738811432169395, 'hidden_size': 148, 'dropout': 0.21320888043216332, 'hidden_continuous_size': 145, 'attention_head_size': 4, 'learning_rate': 0.06825668280529724}. Best is trial 0 with value: 14.9127779006958.
[I 2023-12-26 16:49:03,818] Trial 37 finished with value: 92.487548828125 and parameters: {'gradient_clip_val': 0.15088886364802112, 'hidden_size': 35, 'dropout': 0.1617666656882183, 'hidden_continuous_size': 16, 'attention_head_size': 2, 'learning_rate': 0.09904614351096101}. Best is trial 0 with value: 14.9127779006958.
[I 2023-12-26 16:49:05,993] Trial 38 finished with value: 115.84426879882812 and parameters: {'gradient_clip_val': 0.11278650765356887, 'hidden_size': 24, 'dropout': 0.23813087252913445, 'hidden_continuous_size': 16, 'attention_head_size': 3, 'learning_rate': 0.04281500772509762}. Best is trial 0 with value: 14.9127779006958.
[I 2023-12-26 16:49:13,576] Trial 39 finished with value: 80.60271453857422 and parameters: {'gradient_clip_val': 0.17801591079944462, 'hidden_size': 119, 'dropout': 0.13071145555962818, 'hidden_continuous_size': 88, 'attention_head_size': 4, 'learning_rate': 0.025523977137399362}. Best is trial 0 with value: 14.9127779006958.
[I 2023-12-26 16:49:17,453] Trial 40 finished with value: 91.25656127929688 and parameters: {'gradient_clip_val': 0.12512489909222257, 'hidden_size': 66, 'dropout': 0.18122914158463158, 'hidden_continuous_size': 53, 'attention_head_size': 3, 'learning_rate': 0.07621991896393844}. Best is trial 0 with value: 14.9127779006958.
[I 2023-12-26 16:49:26,445] Trial 41 finished with value: 62.52593994140625 and parameters: {'gradient_clip_val': 0.11100899314447975, 'hidden_size': 134, 'dropout': 0.12892008940620436, 'hidden_continuous_size': 116, 'attention_head_size': 4, 'learning_rate': 0.07745224145954015}. Best is trial 0 with value: 14.9127779006958.
[I 2023-12-26 16:49:34,720] Trial 42 finished with value: 85.75677490234375 and parameters: {'gradient_clip_val': 0.10236198952154031, 'hidden_size': 123, 'dropout': 0.12335056528510335, 'hidden_continuous_size': 112, 'attention_head_size': 4, 'learning_rate': 0.077160723988983}. Best is trial 0 with value: 14.9127779006958.
[I 2023-12-26 16:49:40,664] Trial 43 finished with value: 78.43555450439453 and parameters: {'gradient_clip_val': 0.11294137054758668, 'hidden_size': 92, 'dropout': 0.1435203070374897, 'hidden_continuous_size': 79, 'attention_head_size': 4, 'learning_rate': 0.04952341250778611}. Best is trial 0 with value: 14.9127779006958.
[I 2023-12-26 16:49:51,534] Trial 44 finished with value: 56.79324722290039 and parameters: {'gradient_clip_val': 0.14333692663423042, 'hidden_size': 150, 'dropout': 0.12378452683188344, 'hidden_continuous_size': 145, 'attention_head_size': 4, 'learning_rate': 0.07914476809744979}. Best is trial 0 with value: 14.9127779006958.
[I 2023-12-26 16:50:01,312] Trial 45 finished with value: 41.43522262573242 and parameters: {'gradient_clip_val': 0.22516034915292193, 'hidden_size': 148, 'dropout': 0.11653408911729371, 'hidden_continuous_size': 148, 'attention_head_size': 1, 'learning_rate': 0.09860486992662658}. Best is trial 0 with value: 14.9127779006958.
[I 2023-12-26 16:50:08,127] Trial 46 finished with value: 96.0914306640625 and parameters: {'gradient_clip_val': 0.39282788784805567, 'hidden_size': 105, 'dropout': 0.49372698661894815, 'hidden_continuous_size': 89, 'attention_head_size': 1, 'learning_rate': 0.06043041957105973}. Best is trial 0 with value: 14.9127779006958.
[I 2023-12-26 16:50:16,215] Trial 47 finished with value: 62.183414459228516 and parameters: {'gradient_clip_val': 0.19557091353971018, 'hidden_size': 123, 'dropout': 0.22491903509559866, 'hidden_continuous_size': 100, 'attention_head_size': 1, 'learning_rate': 0.08103422835221613}. Best is trial 0 with value: 14.9127779006958.
[I 2023-12-26 16:50:21,856] Trial 48 finished with value: 83.8469009399414 and parameters: {'gradient_clip_val': 0.17107236211521742, 'hidden_size': 89, 'dropout': 0.11801748504960707, 'hidden_continuous_size': 69, 'attention_head_size': 1, 'learning_rate': 0.05367512046859502}. Best is trial 0 with value: 14.9127779006958.
[I 2023-12-26 16:50:28,750] Trial 49 finished with value: 80.29560852050781 and parameters: {'gradient_clip_val': 0.2102860601994665, 'hidden_size': 105, 'dropout': 0.17303401318164233, 'hidden_continuous_size': 87, 'attention_head_size': 2, 'learning_rate': 0.03255994676777227}. Best is trial 0 with value: 14.9127779006958.
[I 2023-12-26 16:50:28,867] A new study created in memory with name: no-name-e30e9bf4-d931-442c-86da-dda2ca21fa72
/home/le004/conda/anaconda3/envs/tsff_env/lib/python3.9/site-packages/lightning/fabric/plugins/environments/slurm.py:191: The `srun` command is available on your system but is not used. HINT: If your intention is to run Lightning on SLURM, prepend your python command with `srun` like so: srun python /home/le004/master_thesis/git/TSFusionForecast/code/ ...
[I 2023-12-26 16:54:55,298] Trial 0 finished with value: 167.9594268798828 and parameters: {'gradient_clip_val': 0.2517195067263203, 'hidden_size': 16, 'dropout': 0.41610003191136613, 'hidden_continuous_size': 5, 'attention_head_size': 4, 'learning_rate': 0.009288920042998286}. Best is trial 0 with value: 167.9594268798828.
[I 2023-12-26 16:54:57,691] Trial 1 finished with value: 480.7759704589844 and parameters: {'gradient_clip_val': 0.13435288466592382, 'hidden_size': 23, 'dropout': 0.3789095971738413, 'hidden_continuous_size': 7, 'attention_head_size': 4, 'learning_rate': 0.004175660671164173}. Best is trial 0 with value: 167.9594268798828.
[I 2023-12-26 16:55:00,163] Trial 2 finished with value: 426.967041015625 and parameters: {'gradient_clip_val': 0.6332903629048805, 'hidden_size': 29, 'dropout': 0.4371473769465172, 'hidden_continuous_size': 9, 'attention_head_size': 1, 'learning_rate': 0.0027445743318562504}. Best is trial 0 with value: 167.9594268798828.
[I 2023-12-26 16:55:03,145] Trial 3 finished with value: 518.9672241210938 and parameters: {'gradient_clip_val': 0.4622484292196455, 'hidden_size': 42, 'dropout': 0.13029031638309563, 'hidden_continuous_size': 29, 'attention_head_size': 1, 'learning_rate': 0.011411046687284663}. Best is trial 0 with value: 167.9594268798828.
[I 2023-12-26 16:55:05,633] Trial 4 finished with value: 328.6740417480469 and parameters: {'gradient_clip_val': 0.1548416683699571, 'hidden_size': 7, 'dropout': 0.29257978215104297, 'hidden_continuous_size': 5, 'attention_head_size': 3, 'learning_rate': 0.0005286770504912501}. Best is trial 0 with value: 167.9594268798828.
[I 2023-12-26 16:55:12,625] Trial 5 finished with value: 378.3324279785156 and parameters: {'gradient_clip_val': 0.31888586458643187, 'hidden_size': 76, 'dropout': 0.3344639980166973, 'hidden_continuous_size': 21, 'attention_head_size': 3, 'learning_rate': 0.047761090118230154}. Best is trial 0 with value: 167.9594268798828.
[I 2023-12-26 16:55:14,699] Trial 6 finished with value: 540.3782348632812 and parameters: {'gradient_clip_val': 0.29162583985244883, 'hidden_size': 6, 'dropout': 0.323069694332584, 'hidden_continuous_size': 6, 'attention_head_size': 1, 'learning_rate': 0.0006746302311932729}. Best is trial 0 with value: 167.9594268798828.
[I 2023-12-26 16:55:22,719] Trial 7 finished with value: 384.31591796875 and parameters: {'gradient_clip_val': 0.6792278070221065, 'hidden_size': 109, 'dropout': 0.2568339852839334, 'hidden_continuous_size': 13, 'attention_head_size': 1, 'learning_rate': 0.05156630566689181}. Best is trial 0 with value: 167.9594268798828.
[I 2023-12-26 16:55:26,107] Trial 8 finished with value: 329.1461181640625 and parameters: {'gradient_clip_val': 0.878779925173523, 'hidden_size': 60, 'dropout': 0.11704056319346351, 'hidden_continuous_size': 18, 'attention_head_size': 2, 'learning_rate': 0.0008803036723599966}. Best is trial 0 with value: 167.9594268798828.
[I 2023-12-26 16:55:27,981] Trial 9 finished with value: 652.751220703125 and parameters: {'gradient_clip_val': 0.2723286551207277, 'hidden_size': 16, 'dropout': 0.19551601633293078, 'hidden_continuous_size': 8, 'attention_head_size': 1, 'learning_rate': 0.008462893243626608}. Best is trial 0 with value: 167.9594268798828.
[I 2023-12-26 16:55:30,081] Trial 10 finished with value: 569.2698364257812 and parameters: {'gradient_clip_val': 0.1798622762026864, 'hidden_size': 11, 'dropout': 0.4972738883855968, 'hidden_continuous_size': 5, 'attention_head_size': 4, 'learning_rate': 0.019283029804095415}. Best is trial 0 with value: 167.9594268798828.
[I 2023-12-26 16:55:32,364] Trial 11 finished with value: 359.4726257324219 and parameters: {'gradient_clip_val': 0.10795163843516706, 'hidden_size': 6, 'dropout': 0.39029856629194454, 'hidden_continuous_size': 5, 'attention_head_size': 3, 'learning_rate': 0.0015651782674595694}. Best is trial 0 with value: 167.9594268798828.
[I 2023-12-26 16:55:34,657] Trial 12 finished with value: 416.8950500488281 and parameters: {'gradient_clip_val': 0.1875440181696917, 'hidden_size': 9, 'dropout': 0.2605621454128769, 'hidden_continuous_size': 5, 'attention_head_size': 3, 'learning_rate': 0.0034028740630315797}. Best is trial 0 with value: 167.9594268798828.
[I 2023-12-26 16:55:36,761] Trial 13 finished with value: 655.4627075195312 and parameters: {'gradient_clip_val': 0.1864832073654393, 'hidden_size': 13, 'dropout': 0.2680704142320577, 'hidden_continuous_size': 6, 'attention_head_size': 4, 'learning_rate': 0.0005148988492610818}. Best is trial 0 with value: 167.9594268798828.
[I 2023-12-26 16:55:38,643] Trial 14 finished with value: 441.0721130371094 and parameters: {'gradient_clip_val': 0.14085591875321132, 'hidden_size': 6, 'dropout': 0.38429401740355673, 'hidden_continuous_size': 5, 'attention_head_size': 2, 'learning_rate': 0.001475163259058531}. Best is trial 0 with value: 167.9594268798828.
[I 2023-12-26 16:55:40,829] Trial 15 finished with value: 466.0954284667969 and parameters: {'gradient_clip_val': 0.10059062916716718, 'hidden_size': 19, 'dropout': 0.4983097857466846, 'hidden_continuous_size': 7, 'attention_head_size': 4, 'learning_rate': 0.00549277418586811}. Best is trial 0 with value: 167.9594268798828.
[I 2023-12-26 16:55:43,067] Trial 16 finished with value: 511.3311462402344 and parameters: {'gradient_clip_val': 0.2541964395126752, 'hidden_size': 9, 'dropout': 0.32313255473187563, 'hidden_continuous_size': 5, 'attention_head_size': 3, 'learning_rate': 0.016722024830841842}. Best is trial 0 with value: 167.9594268798828.
[I 2023-12-26 16:55:44,863] Trial 17 finished with value: 407.6204528808594 and parameters: {'gradient_clip_val': 0.3837348065487478, 'hidden_size': 5, 'dropout': 0.42994255512325086, 'hidden_continuous_size': 5, 'attention_head_size': 2, 'learning_rate': 0.0026839314796352955}. Best is trial 0 with value: 167.9594268798828.
[I 2023-12-26 16:55:47,278] Trial 18 finished with value: 554.1459350585938 and parameters: {'gradient_clip_val': 0.1985723870896311, 'hidden_size': 27, 'dropout': 0.2161809676152002, 'hidden_continuous_size': 10, 'attention_head_size': 4, 'learning_rate': 0.006420650337646028}. Best is trial 0 with value: 167.9594268798828.
[I 2023-12-26 16:55:49,470] Trial 19 finished with value: 354.502197265625 and parameters: {'gradient_clip_val': 0.2247388411803076, 'hidden_size': 15, 'dropout': 0.2981699526846579, 'hidden_continuous_size': 6, 'attention_head_size': 3, 'learning_rate': 0.0014768322189579188}. Best is trial 0 with value: 167.9594268798828.
[I 2023-12-26 16:55:51,524] Trial 20 finished with value: 394.91845703125 and parameters: {'gradient_clip_val': 0.15079767928930413, 'hidden_size': 10, 'dropout': 0.34129054018706306, 'hidden_continuous_size': 6, 'attention_head_size': 4, 'learning_rate': 0.0008855686671033033}. Best is trial 0 with value: 167.9594268798828.
[I 2023-12-26 16:55:54,230] Trial 21 finished with value: 517.1314086914062 and parameters: {'gradient_clip_val': 0.9032563405231185, 'hidden_size': 39, 'dropout': 0.10090912473561617, 'hidden_continuous_size': 16, 'attention_head_size': 2, 'learning_rate': 0.0007427952945494454}. Best is trial 0 with value: 167.9594268798828.
[I 2023-12-26 16:55:57,841] Trial 22 finished with value: 486.79736328125 and parameters: {'gradient_clip_val': 0.36831076496097975, 'hidden_size': 57, 'dropout': 0.16109969538972269, 'hidden_continuous_size': 56, 'attention_head_size': 2, 'learning_rate': 0.0010405510917464948}. Best is trial 0 with value: 167.9594268798828.
[I 2023-12-26 16:56:07,758] Trial 23 finished with value: 459.3494873046875 and parameters: {'gradient_clip_val': 0.22758199562392237, 'hidden_size': 149, 'dropout': 0.2195100410289577, 'hidden_continuous_size': 11, 'attention_head_size': 2, 'learning_rate': 0.0005769259290786286}. Best is trial 0 with value: 167.9594268798828.
[I 2023-12-26 16:56:10,103] Trial 24 finished with value: 461.9499816894531 and parameters: {'gradient_clip_val': 0.9971147419230699, 'hidden_size': 20, 'dropout': 0.17451395060128608, 'hidden_continuous_size': 7, 'attention_head_size': 3, 'learning_rate': 0.0018279611610546973}. Best is trial 0 with value: 167.9594268798828.
[I 2023-12-26 16:56:12,624] Trial 25 finished with value: 446.251708984375 and parameters: {'gradient_clip_val': 0.4669555399662113, 'hidden_size': 30, 'dropout': 0.14041107902977462, 'hidden_continuous_size': 9, 'attention_head_size': 2, 'learning_rate': 0.0005038830106392595}. Best is trial 0 with value: 167.9594268798828.
[I 2023-12-26 16:56:14,698] Trial 26 finished with value: 399.8410949707031 and parameters: {'gradient_clip_val': 0.23637528794441445, 'hidden_size': 13, 'dropout': 0.22997667075194048, 'hidden_continuous_size': 6, 'attention_head_size': 3, 'learning_rate': 0.0010161313211577126}. Best is trial 0 with value: 167.9594268798828.
[I 2023-12-26 16:56:16,761] Trial 27 finished with value: 451.8121337890625 and parameters: {'gradient_clip_val': 0.2603785785989563, 'hidden_size': 17, 'dropout': 0.1855043149047218, 'hidden_continuous_size': 8, 'attention_head_size': 2, 'learning_rate': 0.0023734066450206634}. Best is trial 0 with value: 167.9594268798828.
[I 2023-12-26 16:56:18,923] Trial 28 finished with value: 606.2511596679688 and parameters: {'gradient_clip_val': 0.32269743685880814, 'hidden_size': 8, 'dropout': 0.28718085132903304, 'hidden_continuous_size': 5, 'attention_head_size': 3, 'learning_rate': 0.004481952468682719}. Best is trial 0 with value: 167.9594268798828.
[I 2023-12-26 16:56:21,262] Trial 29 finished with value: 394.0257568359375 and parameters: {'gradient_clip_val': 0.12226673819736276, 'hidden_size': 25, 'dropout': 0.3650111614460245, 'hidden_continuous_size': 7, 'attention_head_size': 4, 'learning_rate': 0.003746075254113462}. Best is trial 0 with value: 167.9594268798828.
[I 2023-12-26 16:56:23,306] Trial 30 finished with value: 401.6301574707031 and parameters: {'gradient_clip_val': 0.15852276488411468, 'hidden_size': 12, 'dropout': 0.23777271817224344, 'hidden_continuous_size': 6, 'attention_head_size': 4, 'learning_rate': 0.0011819356289085442}. Best is trial 0 with value: 167.9594268798828.
[I 2023-12-26 16:56:26,015] Trial 31 finished with value: 448.1751708984375 and parameters: {'gradient_clip_val': 0.2193015590908144, 'hidden_size': 15, 'dropout': 0.26714465639257917, 'hidden_continuous_size': 6, 'attention_head_size': 3, 'learning_rate': 0.0006722964905618877}. Best is trial 0 with value: 167.9594268798828.
[I 2023-12-26 16:56:28,845] Trial 32 finished with value: 337.7994384765625 and parameters: {'gradient_clip_val': 0.15833881559973617, 'hidden_size': 19, 'dropout': 0.29930199862613355, 'hidden_continuous_size': 7, 'attention_head_size': 3, 'learning_rate': 0.0012707299339757476}. Best is trial 0 with value: 167.9594268798828.
[I 2023-12-26 16:56:31,663] Trial 33 finished with value: 466.681640625 and parameters: {'gradient_clip_val': 0.16210897190361406, 'hidden_size': 21, 'dropout': 0.3545695681687605, 'hidden_continuous_size': 7, 'attention_head_size': 3, 'learning_rate': 0.0009319348390394949}. Best is trial 0 with value: 167.9594268798828.
[I 2023-12-26 16:56:34,969] Trial 34 finished with value: 345.445068359375 and parameters: {'gradient_clip_val': 0.12797103142350513, 'hidden_size': 34, 'dropout': 0.2946279540114288, 'hidden_continuous_size': 13, 'attention_head_size': 2, 'learning_rate': 0.0022787801990456573}. Best is trial 0 with value: 167.9594268798828.
[I 2023-12-26 16:56:37,313] Trial 35 finished with value: 608.6484375 and parameters: {'gradient_clip_val': 0.17207483487182906, 'hidden_size': 25, 'dropout': 0.3168359390700488, 'hidden_continuous_size': 8, 'attention_head_size': 3, 'learning_rate': 0.000790367287985861}. Best is trial 0 with value: 167.9594268798828.
[I 2023-12-26 16:56:40,212] Trial 36 finished with value: 400.9060363769531 and parameters: {'gradient_clip_val': 0.14172704800006392, 'hidden_size': 46, 'dropout': 0.31113349969357323, 'hidden_continuous_size': 16, 'attention_head_size': 4, 'learning_rate': 0.001179730873937679}. Best is trial 0 with value: 167.9594268798828.
[I 2023-12-26 16:56:42,430] Trial 37 finished with value: 399.6540222167969 and parameters: {'gradient_clip_val': 0.21430292960006453, 'hidden_size': 23, 'dropout': 0.20548648964651045, 'hidden_continuous_size': 9, 'attention_head_size': 1, 'learning_rate': 0.0006749237849679611}. Best is trial 0 with value: 167.9594268798828.
[I 2023-12-26 16:56:46,115] Trial 38 finished with value: 434.0145568847656 and parameters: {'gradient_clip_val': 0.16597222027091685, 'hidden_size': 63, 'dropout': 0.2398954345797476, 'hidden_continuous_size': 27, 'attention_head_size': 2, 'learning_rate': 0.001955775761715283}. Best is trial 0 with value: 167.9594268798828.
[I 2023-12-26 16:56:48,492] Trial 39 finished with value: 451.0144348144531 and parameters: {'gradient_clip_val': 0.29542997405882326, 'hidden_size': 32, 'dropout': 0.34300738037415124, 'hidden_continuous_size': 11, 'attention_head_size': 3, 'learning_rate': 0.009177973953256265}. Best is trial 0 with value: 167.9594268798828.
[I 2023-12-26 16:56:50,845] Trial 40 finished with value: 431.3792724609375 and parameters: {'gradient_clip_val': 0.1196612649945458, 'hidden_size': 19, 'dropout': 0.3927330976112653, 'hidden_continuous_size': 8, 'attention_head_size': 1, 'learning_rate': 0.0029285846362943095}. Best is trial 0 with value: 167.9594268798828.
[I 2023-12-26 16:56:53,179] Trial 41 finished with value: 557.747802734375 and parameters: {'gradient_clip_val': 0.13166229130895687, 'hidden_size': 32, 'dropout': 0.28229826232948674, 'hidden_continuous_size': 13, 'attention_head_size': 2, 'learning_rate': 0.0022587194730154933}. Best is trial 0 with value: 167.9594268798828.
[I 2023-12-26 16:56:55,803] Trial 42 finished with value: 456.7037048339844 and parameters: {'gradient_clip_val': 0.2004723540384559, 'hidden_size': 37, 'dropout': 0.289489541096788, 'hidden_continuous_size': 14, 'attention_head_size': 2, 'learning_rate': 0.0012618373600461657}. Best is trial 0 with value: 167.9594268798828.
[I 2023-12-26 16:56:58,655] Trial 43 finished with value: 500.5953674316406 and parameters: {'gradient_clip_val': 0.12648585406031848, 'hidden_size': 48, 'dropout': 0.2561903971952083, 'hidden_continuous_size': 19, 'attention_head_size': 2, 'learning_rate': 0.0018082505340214301}. Best is trial 0 with value: 167.9594268798828.
[I 2023-12-26 16:57:02,949] Trial 44 finished with value: 388.302978515625 and parameters: {'gradient_clip_val': 0.14312857903450338, 'hidden_size': 80, 'dropout': 0.3160081262112082, 'hidden_continuous_size': 11, 'attention_head_size': 3, 'learning_rate': 0.0008318879521052928}. Best is trial 0 with value: 167.9594268798828.
[I 2023-12-26 16:57:05,149] Trial 45 finished with value: 485.1407165527344 and parameters: {'gradient_clip_val': 0.10994510272411272, 'hidden_size': 22, 'dropout': 0.2814816723051426, 'hidden_continuous_size': 10, 'attention_head_size': 1, 'learning_rate': 0.0013926242606982747}. Best is trial 0 with value: 167.9594268798828.
[I 2023-12-26 16:57:07,210] Trial 46 finished with value: 328.0221862792969 and parameters: {'gradient_clip_val': 0.17893345003714264, 'hidden_size': 17, 'dropout': 0.3025096787556761, 'hidden_continuous_size': 5, 'attention_head_size': 2, 'learning_rate': 0.0005862894369504885}. Best is trial 0 with value: 167.9594268798828.
[I 2023-12-26 16:57:09,180] Trial 47 finished with value: 428.0579833984375 and parameters: {'gradient_clip_val': 0.18440790414831276, 'hidden_size': 16, 'dropout': 0.40892854948497254, 'hidden_continuous_size': 5, 'attention_head_size': 4, 'learning_rate': 0.0005027575786070829}. Best is trial 0 with value: 167.9594268798828.
[I 2023-12-26 16:57:11,193] Trial 48 finished with value: 410.3099365234375 and parameters: {'gradient_clip_val': 0.17632414864847867, 'hidden_size': 11, 'dropout': 0.44772751711731185, 'hidden_continuous_size': 5, 'attention_head_size': 3, 'learning_rate': 0.0007228759342605378}. Best is trial 0 with value: 167.9594268798828.
