[I 2023-12-16 01:44:57,919] Trial 33 finished with value: 0.04765122011303902 and parameters: {'gradient_clip_val': 0.45659917033393116, 'hidden_size': 42, 'dropout': 0.1505592197041391, 'hidden_continuous_size': 13, 'attention_head_size': 3, 'learning_rate': 0.011591710588303019}. Best is trial 32 with value: 0.02439774014055729.
LOCAL_RANK: 0 - CUDA_VISIBLE_DEVICES: [0]
[I 2023-12-16 01:45:52,708] Trial 34 finished with value: 0.0767001137137413 and parameters: {'gradient_clip_val': 0.6067838518913429, 'hidden_size': 56, 'dropout': 0.14108217726298283, 'hidden_continuous_size': 25, 'attention_head_size': 4, 'learning_rate': 0.007286225535302198}. Best is trial 32 with value: 0.02439774014055729.
LOCAL_RANK: 0 - CUDA_VISIBLE_DEVICES: [0]
[I 2023-12-16 01:46:46,003] Trial 35 finished with value: 0.03182490915060043 and parameters: {'gradient_clip_val': 0.548815472732041, 'hidden_size': 42, 'dropout': 0.1672697815422028, 'hidden_continuous_size': 19, 'attention_head_size': 2, 'learning_rate': 0.00422556509592676}. Best is trial 32 with value: 0.02439774014055729.
LOCAL_RANK: 0 - CUDA_VISIBLE_DEVICES: [0]
[I 2023-12-16 01:47:42,944] Trial 36 finished with value: 0.02584955096244812 and parameters: {'gradient_clip_val': 0.4418990031232273, 'hidden_size': 97, 'dropout': 0.39673771359914367, 'hidden_continuous_size': 30, 'attention_head_size': 4, 'learning_rate': 0.014844738348205738}. Best is trial 32 with value: 0.02439774014055729.
LOCAL_RANK: 0 - CUDA_VISIBLE_DEVICES: [0]
[I 2023-12-16 01:48:36,479] Trial 37 finished with value: 0.031100714579224586 and parameters: {'gradient_clip_val': 0.3717463319101677, 'hidden_size': 64, 'dropout': 0.12579154304866358, 'hidden_continuous_size': 20, 'attention_head_size': 3, 'learning_rate': 0.009122685305677298}. Best is trial 32 with value: 0.02439774014055729.
LOCAL_RANK: 0 - CUDA_VISIBLE_DEVICES: [0]
[I 2023-12-16 01:49:29,514] Trial 38 finished with value: 0.06884398311376572 and parameters: {'gradient_clip_val': 0.31032717472967797, 'hidden_size': 38, 'dropout': 0.14244049326479355, 'hidden_continuous_size': 16, 'attention_head_size': 2, 'learning_rate': 0.00346947534781656}. Best is trial 32 with value: 0.02439774014055729.
LOCAL_RANK: 0 - CUDA_VISIBLE_DEVICES: [0]
[I 2023-12-16 01:50:23,706] Trial 39 finished with value: 0.03107466734945774 and parameters: {'gradient_clip_val': 0.5553070976362425, 'hidden_size': 76, 'dropout': 0.16947690138112667, 'hidden_continuous_size': 13, 'attention_head_size': 3, 'learning_rate': 0.012098198237799495}. Best is trial 32 with value: 0.02439774014055729.
LOCAL_RANK: 0 - CUDA_VISIBLE_DEVICES: [0]
[I 2023-12-16 01:51:16,640] Trial 40 finished with value: 0.37556037306785583 and parameters: {'gradient_clip_val': 0.283580100803876, 'hidden_size': 47, 'dropout': 0.11283228726023281, 'hidden_continuous_size': 6, 'attention_head_size': 4, 'learning_rate': 0.006308722023052064}. Best is trial 32 with value: 0.02439774014055729.
LOCAL_RANK: 0 - CUDA_VISIBLE_DEVICES: [0]
[I 2023-12-16 01:52:12,986] Trial 41 finished with value: 0.027931323274970055 and parameters: {'gradient_clip_val': 0.4469992854610002, 'hidden_size': 85, 'dropout': 0.3995555885905965, 'hidden_continuous_size': 32, 'attention_head_size': 4, 'learning_rate': 0.016039196871711247}. Best is trial 32 with value: 0.02439774014055729.
LOCAL_RANK: 0 - CUDA_VISIBLE_DEVICES: [0]
[I 2023-12-16 01:53:07,738] Trial 42 finished with value: 0.11510483175516129 and parameters: {'gradient_clip_val': 0.42291237931428033, 'hidden_size': 76, 'dropout': 0.2911973486151802, 'hidden_continuous_size': 23, 'attention_head_size': 4, 'learning_rate': 0.013961943461562985}. Best is trial 32 with value: 0.02439774014055729.
LOCAL_RANK: 0 - CUDA_VISIBLE_DEVICES: [0]
[I 2023-12-16 01:54:05,513] Trial 43 finished with value: 0.02593550644814968 and parameters: {'gradient_clip_val': 0.3467097752190641, 'hidden_size': 93, 'dropout': 0.22573361735256048, 'hidden_continuous_size': 36, 'attention_head_size': 4, 'learning_rate': 0.009156777232926343}. Best is trial 32 with value: 0.02439774014055729.
LOCAL_RANK: 0 - CUDA_VISIBLE_DEVICES: [0]
[I 2023-12-16 01:55:00,547] Trial 44 finished with value: 0.026267463341355324 and parameters: {'gradient_clip_val': 0.48897218484083055, 'hidden_size': 55, 'dropout': 0.2589144159102918, 'hidden_continuous_size': 25, 'attention_head_size': 4, 'learning_rate': 0.020632604654744792}. Best is trial 32 with value: 0.02439774014055729.
LOCAL_RANK: 0 - CUDA_VISIBLE_DEVICES: [0]
[I 2023-12-16 01:55:51,453] Trial 45 finished with value: 0.056413400918245316 and parameters: {'gradient_clip_val': 0.4686810008579006, 'hidden_size': 27, 'dropout': 0.2001490573802719, 'hidden_continuous_size': 17, 'attention_head_size': 3, 'learning_rate': 0.01857939991664096}. Best is trial 32 with value: 0.02439774014055729.
LOCAL_RANK: 0 - CUDA_VISIBLE_DEVICES: [0]
[I 2023-12-16 01:56:46,738] Trial 46 finished with value: 0.03264927491545677 and parameters: {'gradient_clip_val': 0.418267754812942, 'hidden_size': 69, 'dropout': 0.3171233858550691, 'hidden_continuous_size': 27, 'attention_head_size': 4, 'learning_rate': 0.027872202003237322}. Best is trial 32 with value: 0.02439774014055729.
LOCAL_RANK: 0 - CUDA_VISIBLE_DEVICES: [0]
[I 2023-12-16 01:57:43,106] Trial 47 finished with value: 0.033035073429346085 and parameters: {'gradient_clip_val': 0.533461760714668, 'hidden_size': 97, 'dropout': 0.23126953536168532, 'hidden_continuous_size': 22, 'attention_head_size': 3, 'learning_rate': 0.017182229157825912}. Best is trial 32 with value: 0.02439774014055729.
LOCAL_RANK: 0 - CUDA_VISIBLE_DEVICES: [0]
[I 2023-12-16 01:58:37,277] Trial 48 finished with value: 0.027308383956551552 and parameters: {'gradient_clip_val': 0.6060241023001526, 'hidden_size': 56, 'dropout': 0.17223942514264395, 'hidden_continuous_size': 21, 'attention_head_size': 4, 'learning_rate': 0.010449647415703594}. Best is trial 32 with value: 0.02439774014055729.
LOCAL_RANK: 0 - CUDA_VISIBLE_DEVICES: [0]
[I 2023-12-16 01:59:29,312] Trial 49 finished with value: 0.030899176374077797 and parameters: {'gradient_clip_val': 0.5323345649085522, 'hidden_size': 36, 'dropout': 0.194014738143299, 'hidden_continuous_size': 20, 'attention_head_size': 1, 'learning_rate': 0.013198558902135487}. Best is trial 32 with value: 0.02439774014055729.
[I 2023-12-16 01:59:29,407] A new study created in memory with name: no-name-8348df7a-5bec-487c-80bd-c95319004217
/home/le004/conda/anaconda3/envs/tsff_env/lib/python3.9/site-packages/lightning/fabric/plugins/environments/slurm.py:191: The `srun` command is available on your system but is not used. HINT: If your intention is to run Lightning on SLURM, prepend your python command with `srun` like so: srun python /home/le004/master_thesis/git/TSFusionForecast/code/ ...
LOCAL_RANK: 0 - CUDA_VISIBLE_DEVICES: [0]
[I 2023-12-16 02:00:18,779] Trial 0 finished with value: 0.6728528141975403 and parameters: {'gradient_clip_val': 0.3780703370247515, 'hidden_size': 21, 'dropout': 0.29221726819295374, 'hidden_continuous_size': 6, 'attention_head_size': 3, 'learning_rate': 0.0011910861609264298}. Best is trial 0 with value: 0.6728528141975403.
LOCAL_RANK: 0 - CUDA_VISIBLE_DEVICES: [0]
[I 2023-12-16 02:01:11,623] Trial 1 finished with value: 0.3998858630657196 and parameters: {'gradient_clip_val': 0.13481117957212888, 'hidden_size': 74, 'dropout': 0.3768431836003947, 'hidden_continuous_size': 6, 'attention_head_size': 2, 'learning_rate': 0.00585315177758817}. Best is trial 1 with value: 0.3998858630657196.
LOCAL_RANK: 0 - CUDA_VISIBLE_DEVICES: [0]
[I 2023-12-16 02:02:01,426] Trial 2 finished with value: 0.5656135082244873 and parameters: {'gradient_clip_val': 0.5939162529755426, 'hidden_size': 36, 'dropout': 0.14224233785082935, 'hidden_continuous_size': 8, 'attention_head_size': 3, 'learning_rate': 0.0005849215723343559}. Best is trial 1 with value: 0.3998858630657196.
LOCAL_RANK: 0 - CUDA_VISIBLE_DEVICES: [0]
[I 2023-12-16 02:02:38,282] Trial 3 finished with value: 1.5920463800430298 and parameters: {'gradient_clip_val': 0.48207838569642736, 'hidden_size': 6, 'dropout': 0.2385717087540429, 'hidden_continuous_size': 6, 'attention_head_size': 2, 'learning_rate': 0.001976588527392138}. Best is trial 1 with value: 0.3998858630657196.
LOCAL_RANK: 0 - CUDA_VISIBLE_DEVICES: [0]
[I 2023-12-16 02:03:31,370] Trial 4 finished with value: 0.2663443386554718 and parameters: {'gradient_clip_val': 0.7108297564310926, 'hidden_size': 60, 'dropout': 0.33630224856496327, 'hidden_continuous_size': 13, 'attention_head_size': 1, 'learning_rate': 0.02860417457263736}. Best is trial 4 with value: 0.2663443386554718.
LOCAL_RANK: 0 - CUDA_VISIBLE_DEVICES: [0]
[I 2023-12-16 02:04:19,909] Trial 5 finished with value: 0.3459840714931488 and parameters: {'gradient_clip_val': 0.1692768534397544, 'hidden_size': 19, 'dropout': 0.1639484942797664, 'hidden_continuous_size': 7, 'attention_head_size': 2, 'learning_rate': 0.008072676148066386}. Best is trial 4 with value: 0.2663443386554718.
LOCAL_RANK: 0 - CUDA_VISIBLE_DEVICES: [0]
[I 2023-12-16 02:05:06,184] Trial 6 finished with value: 0.7620511054992676 and parameters: {'gradient_clip_val': 0.4320639366216248, 'hidden_size': 6, 'dropout': 0.3204308303115861, 'hidden_continuous_size': 5, 'attention_head_size': 2, 'learning_rate': 0.010159412686390272}. Best is trial 4 with value: 0.2663443386554718.
LOCAL_RANK: 0 - CUDA_VISIBLE_DEVICES: [0]
[I 2023-12-16 02:05:52,184] Trial 7 finished with value: 1.4289745092391968 and parameters: {'gradient_clip_val': 0.15756145073161534, 'hidden_size': 6, 'dropout': 0.3796958055395213, 'hidden_continuous_size': 5, 'attention_head_size': 3, 'learning_rate': 0.0018612546774373277}. Best is trial 4 with value: 0.2663443386554718.
LOCAL_RANK: 0 - CUDA_VISIBLE_DEVICES: [0]
[I 2023-12-16 02:06:45,636] Trial 8 finished with value: 0.29198935627937317 and parameters: {'gradient_clip_val': 0.5548018746356497, 'hidden_size': 34, 'dropout': 0.2935764336568373, 'hidden_continuous_size': 31, 'attention_head_size': 2, 'learning_rate': 0.024459936157699855}. Best is trial 4 with value: 0.2663443386554718.
LOCAL_RANK: 0 - CUDA_VISIBLE_DEVICES: [0]
[I 2023-12-16 02:07:31,961] Trial 9 finished with value: 0.8667032122612 and parameters: {'gradient_clip_val': 0.27849233847008126, 'hidden_size': 12, 'dropout': 0.30379909086454304, 'hidden_continuous_size': 10, 'attention_head_size': 2, 'learning_rate': 0.0008099315956596116}. Best is trial 4 with value: 0.2663443386554718.
LOCAL_RANK: 0 - CUDA_VISIBLE_DEVICES: [0]
[I 2023-12-16 02:08:30,199] Trial 10 finished with value: 0.11043297499418259 and parameters: {'gradient_clip_val': 0.9352999242341111, 'hidden_size': 100, 'dropout': 0.22437858440665598, 'hidden_continuous_size': 93, 'attention_head_size': 1, 'learning_rate': 0.07769808163024954}. Best is trial 10 with value: 0.11043297499418259.
LOCAL_RANK: 0 - CUDA_VISIBLE_DEVICES: [0]
[I 2023-12-16 02:09:28,342] Trial 11 finished with value: 0.10281633585691452 and parameters: {'gradient_clip_val': 0.9453793629038235, 'hidden_size': 98, 'dropout': 0.2086719139147744, 'hidden_continuous_size': 96, 'attention_head_size': 1, 'learning_rate': 0.09647261442171434}. Best is trial 11 with value: 0.10281633585691452.
LOCAL_RANK: 0 - CUDA_VISIBLE_DEVICES: [0]
[I 2023-12-16 02:10:26,594] Trial 12 finished with value: 0.11652964353561401 and parameters: {'gradient_clip_val': 0.9316299478813213, 'hidden_size': 98, 'dropout': 0.210976940796853, 'hidden_continuous_size': 96, 'attention_head_size': 1, 'learning_rate': 0.09944838481340698}. Best is trial 11 with value: 0.10281633585691452.
LOCAL_RANK: 0 - CUDA_VISIBLE_DEVICES: [0]
[I 2023-12-16 02:11:07,676] Trial 13 finished with value: 0.18008820712566376 and parameters: {'gradient_clip_val': 0.9908275830821487, 'hidden_size': 99, 'dropout': 0.10020081437334843, 'hidden_continuous_size': 99, 'attention_head_size': 4, 'learning_rate': 0.08526346006984983}. Best is trial 11 with value: 0.10281633585691452.
LOCAL_RANK: 0 - CUDA_VISIBLE_DEVICES: [0]
[I 2023-12-16 02:12:02,211] Trial 14 finished with value: 0.21693260967731476 and parameters: {'gradient_clip_val': 0.7506748771687232, 'hidden_size': 51, 'dropout': 0.21732529244115695, 'hidden_continuous_size': 43, 'attention_head_size': 1, 'learning_rate': 0.0474243757214689}. Best is trial 11 with value: 0.10281633585691452.
LOCAL_RANK: 0 - CUDA_VISIBLE_DEVICES: [0]
[I 2023-12-16 02:12:57,660] Trial 15 finished with value: 0.14087870717048645 and parameters: {'gradient_clip_val': 0.7679808786193115, 'hidden_size': 67, 'dropout': 0.247399722013767, 'hidden_continuous_size': 53, 'attention_head_size': 1, 'learning_rate': 0.04917514023655006}. Best is trial 11 with value: 0.10281633585691452.
LOCAL_RANK: 0 - CUDA_VISIBLE_DEVICES: [0]
[I 2023-12-16 02:13:54,522] Trial 16 finished with value: 0.12604786455631256 and parameters: {'gradient_clip_val': 0.9707435235875851, 'hidden_size': 89, 'dropout': 0.18387934664985128, 'hidden_continuous_size': 64, 'attention_head_size': 1, 'learning_rate': 0.09563013333265134}. Best is trial 11 with value: 0.10281633585691452.
LOCAL_RANK: 0 - CUDA_VISIBLE_DEVICES: [0]
[I 2023-12-16 02:14:49,273] Trial 17 finished with value: 0.34456947445869446 and parameters: {'gradient_clip_val': 0.3276817481478298, 'hidden_size': 53, 'dropout': 0.26373238597473975, 'hidden_continuous_size': 22, 'attention_head_size': 4, 'learning_rate': 0.018461145643180223}. Best is trial 11 with value: 0.10281633585691452.
LOCAL_RANK: 0 - CUDA_VISIBLE_DEVICES: [0]
[I 2023-12-16 02:15:42,269] Trial 18 finished with value: 0.3743901252746582 and parameters: {'gradient_clip_val': 0.6057583554011328, 'hidden_size': 41, 'dropout': 0.19854442749119633, 'hidden_continuous_size': 19, 'attention_head_size': 1, 'learning_rate': 0.049530826930283406}. Best is trial 11 with value: 0.10281633585691452.
LOCAL_RANK: 0 - CUDA_VISIBLE_DEVICES: [0]
[I 2023-12-16 02:16:37,616] Trial 19 finished with value: 0.27046263217926025 and parameters: {'gradient_clip_val': 0.7732005069774219, 'hidden_size': 74, 'dropout': 0.2575016630822877, 'hidden_continuous_size': 33, 'attention_head_size': 1, 'learning_rate': 0.01467393109336035}. Best is trial 11 with value: 0.10281633585691452.
LOCAL_RANK: 0 - CUDA_VISIBLE_DEVICES: [0]
[I 2023-12-16 02:17:27,212] Trial 20 finished with value: 0.4633829891681671 and parameters: {'gradient_clip_val': 0.5044437332375679, 'hidden_size': 29, 'dropout': 0.21986283948846083, 'hidden_continuous_size': 12, 'attention_head_size': 1, 'learning_rate': 0.05347542096706467}. Best is trial 11 with value: 0.10281633585691452.
LOCAL_RANK: 0 - CUDA_VISIBLE_DEVICES: [0]
[I 2023-12-16 02:18:25,749] Trial 21 finished with value: 0.27808433771133423 and parameters: {'gradient_clip_val': 0.9344752884007876, 'hidden_size': 99, 'dropout': 0.20006506292499257, 'hidden_continuous_size': 95, 'attention_head_size': 1, 'learning_rate': 0.09966693530104666}. Best is trial 11 with value: 0.10281633585691452.
LOCAL_RANK: 0 - CUDA_VISIBLE_DEVICES: [0]
[I 2023-12-16 02:19:22,967] Trial 22 finished with value: 0.09846510738134384 and parameters: {'gradient_clip_val': 0.842980173554047, 'hidden_size': 79, 'dropout': 0.22182982832033343, 'hidden_continuous_size': 65, 'attention_head_size': 1, 'learning_rate': 0.0649280951532841}. Best is trial 22 with value: 0.09846510738134384.
LOCAL_RANK: 0 - CUDA_VISIBLE_DEVICES: [0]
[I 2023-12-16 02:20:17,946] Trial 23 finished with value: 0.6597841382026672 and parameters: {'gradient_clip_val': 0.6547508632236235, 'hidden_size': 72, 'dropout': 0.2327120830469127, 'hidden_continuous_size': 53, 'attention_head_size': 1, 'learning_rate': 0.03437932177268852}. Best is trial 22 with value: 0.09846510738134384.
LOCAL_RANK: 0 - CUDA_VISIBLE_DEVICES: [0]
[I 2023-12-16 02:21:11,907] Trial 24 finished with value: 0.1935422420501709 and parameters: {'gradient_clip_val': 0.8216074121781919, 'hidden_size': 52, 'dropout': 0.17203272591917879, 'hidden_continuous_size': 32, 'attention_head_size': 2, 'learning_rate': 0.062172193507572894}. Best is trial 22 with value: 0.09846510738134384.
LOCAL_RANK: 0 - CUDA_VISIBLE_DEVICES: [0]
[I 2023-12-16 02:22:08,080] Trial 25 finished with value: 0.1799323409795761 and parameters: {'gradient_clip_val': 0.6403226527048891, 'hidden_size': 79, 'dropout': 0.2634080012392592, 'hidden_continuous_size': 63, 'attention_head_size': 1, 'learning_rate': 0.03515590235561962}. Best is trial 22 with value: 0.09846510738134384.
LOCAL_RANK: 0 - CUDA_VISIBLE_DEVICES: [0]
[I 2023-12-16 02:23:03,301] Trial 26 finished with value: 0.12118849903345108 and parameters: {'gradient_clip_val': 0.8572371038321978, 'hidden_size': 63, 'dropout': 0.22485651810340151, 'hidden_continuous_size': 43, 'attention_head_size': 2, 'learning_rate': 0.07355878575242374}. Best is trial 22 with value: 0.09846510738134384.
LOCAL_RANK: 0 - CUDA_VISIBLE_DEVICES: [0]
[I 2023-12-16 02:24:00,299] Trial 27 finished with value: 0.9227063655853271 and parameters: {'gradient_clip_val': 0.9987432525362729, 'hidden_size': 84, 'dropout': 0.19070813565921912, 'hidden_continuous_size': 70, 'attention_head_size': 1, 'learning_rate': 0.06591813969880013}. Best is trial 22 with value: 0.09846510738134384.
LOCAL_RANK: 0 - CUDA_VISIBLE_DEVICES: [0]
[I 2023-12-16 02:24:54,650] Trial 28 finished with value: 0.13940531015396118 and parameters: {'gradient_clip_val': 0.7068393118825921, 'hidden_size': 46, 'dropout': 0.24236588879291165, 'hidden_continuous_size': 26, 'attention_head_size': 3, 'learning_rate': 0.03682535087103024}. Best is trial 22 with value: 0.09846510738134384.
LOCAL_RANK: 0 - CUDA_VISIBLE_DEVICES: [0]
[I 2023-12-16 02:25:48,514] Trial 29 finished with value: 0.2515357434749603 and parameters: {'gradient_clip_val': 0.8083787482501018, 'hidden_size': 60, 'dropout': 0.2746834656708909, 'hidden_continuous_size': 35, 'attention_head_size': 1, 'learning_rate': 0.07073736800515772}. Best is trial 22 with value: 0.09846510738134384.
LOCAL_RANK: 0 - CUDA_VISIBLE_DEVICES: [0]
[I 2023-12-16 02:26:46,346] Trial 30 finished with value: 0.14111578464508057 and parameters: {'gradient_clip_val': 0.5558351335288253, 'hidden_size': 81, 'dropout': 0.28166149409776625, 'hidden_continuous_size': 70, 'attention_head_size': 2, 'learning_rate': 0.040049075653261934}. Best is trial 22 with value: 0.09846510738134384.
LOCAL_RANK: 0 - CUDA_VISIBLE_DEVICES: [0]
[I 2023-12-16 02:27:44,035] Trial 31 finished with value: 0.1227404847741127 and parameters: {'gradient_clip_val': 0.8710570647280246, 'hidden_size': 85, 'dropout': 0.2126631054658922, 'hidden_continuous_size': 75, 'attention_head_size': 1, 'learning_rate': 0.09393588921716403}. Best is trial 22 with value: 0.09846510738134384.
LOCAL_RANK: 0 - CUDA_VISIBLE_DEVICES: [0]
[I 2023-12-16 02:28:41,101] Trial 32 finished with value: 0.14756278693675995 and parameters: {'gradient_clip_val': 0.9899593279595971, 'hidden_size': 96, 'dropout': 0.2065835466184125, 'hidden_continuous_size': 83, 'attention_head_size': 1, 'learning_rate': 0.06482816875813312}. Best is trial 22 with value: 0.09846510738134384.
LOCAL_RANK: 0 - CUDA_VISIBLE_DEVICES: [0]
[I 2023-12-16 02:29:36,535] Trial 33 finished with value: 0.44789066910743713 and parameters: {'gradient_clip_val': 0.8332240762894715, 'hidden_size': 67, 'dropout': 0.23302497900322683, 'hidden_continuous_size': 55, 'attention_head_size': 1, 'learning_rate': 0.07268320911892348}. Best is trial 22 with value: 0.09846510738134384.
LOCAL_RANK: 0 - CUDA_VISIBLE_DEVICES: [0]
[I 2023-12-16 02:30:14,194] Trial 34 finished with value: 0.30234113335609436 and parameters: {'gradient_clip_val': 0.6836462043405584, 'hidden_size': 100, 'dropout': 0.17853646309910365, 'hidden_continuous_size': 100, 'attention_head_size': 1, 'learning_rate': 0.09855449550705736}. Best is trial 22 with value: 0.09846510738134384.
LOCAL_RANK: 0 - CUDA_VISIBLE_DEVICES: [0]
[I 2023-12-16 02:31:10,767] Trial 35 finished with value: 0.12771892547607422 and parameters: {'gradient_clip_val': 0.8723693011460731, 'hidden_size': 78, 'dropout': 0.24970856366767594, 'hidden_continuous_size': 56, 'attention_head_size': 2, 'learning_rate': 0.027480010580258}. Best is trial 22 with value: 0.09846510738134384.
LOCAL_RANK: 0 - CUDA_VISIBLE_DEVICES: [0]
[I 2023-12-16 02:32:05,035] Trial 36 finished with value: 0.263274222612381 and parameters: {'gradient_clip_val': 0.7053502443208365, 'hidden_size': 60, 'dropout': 0.1573590584074785, 'hidden_continuous_size': 48, 'attention_head_size': 1, 'learning_rate': 0.04683931236156986}. Best is trial 22 with value: 0.09846510738134384.
LOCAL_RANK: 0 - CUDA_VISIBLE_DEVICES: [0]
[I 2023-12-16 02:33:01,445] Trial 37 finished with value: 0.13820597529411316 and parameters: {'gradient_clip_val': 0.6064251611045907, 'hidden_size': 71, 'dropout': 0.20507557168301377, 'hidden_continuous_size': 61, 'attention_head_size': 2, 'learning_rate': 0.005184004899171515}. Best is trial 22 with value: 0.09846510738134384.
LOCAL_RANK: 0 - CUDA_VISIBLE_DEVICES: [0]
[I 2023-12-16 02:33:59,774] Trial 38 finished with value: 0.2643700838088989 and parameters: {'gradient_clip_val': 0.8821286672423077, 'hidden_size': 100, 'dropout': 0.23011328727135283, 'hidden_continuous_size': 82, 'attention_head_size': 3, 'learning_rate': 0.05890154324192105}. Best is trial 22 with value: 0.09846510738134384.
LOCAL_RANK: 0 - CUDA_VISIBLE_DEVICES: [0]
[I 2023-12-16 02:34:57,118] Trial 39 finished with value: 0.1919376105070114 and parameters: {'gradient_clip_val': 0.75069156712499, 'hidden_size': 83, 'dropout': 0.19008372092181552, 'hidden_continuous_size': 69, 'attention_head_size': 1, 'learning_rate': 0.07548054438896981}. Best is trial 22 with value: 0.09846510738134384.
LOCAL_RANK: 0 - CUDA_VISIBLE_DEVICES: [0]
