[I 2023-12-16 12:21:42,285] Trial 0 finished with value: 9.948159217834473 and parameters: {'gradient_clip_val': 0.12474369314289631, 'hidden_size': 15, 'dropout': 0.13776769311922832, 'hidden_continuous_size': 5, 'attention_head_size': 4, 'learning_rate': 0.04071125342054096}. Best is trial 0 with value: 9.948159217834473.
LOCAL_RANK: 0 - CUDA_VISIBLE_DEVICES: [0]
[I 2023-12-16 12:22:30,124] Trial 1 finished with value: 4.662622451782227 and parameters: {'gradient_clip_val': 0.8414907522683913, 'hidden_size': 24, 'dropout': 0.3252476305991614, 'hidden_continuous_size': 12, 'attention_head_size': 3, 'learning_rate': 0.0029843460614750396}. Best is trial 1 with value: 4.662622451782227.
LOCAL_RANK: 0 - CUDA_VISIBLE_DEVICES: [0]
[I 2023-12-16 12:23:21,182] Trial 2 finished with value: 8.701120376586914 and parameters: {'gradient_clip_val': 0.8018782344976757, 'hidden_size': 27, 'dropout': 0.38735917484692994, 'hidden_continuous_size': 25, 'attention_head_size': 1, 'learning_rate': 0.009855564203485127}. Best is trial 1 with value: 4.662622451782227.
LOCAL_RANK: 0 - CUDA_VISIBLE_DEVICES: [0]
[I 2023-12-16 12:23:56,270] Trial 3 finished with value: 9.408839225769043 and parameters: {'gradient_clip_val': 0.6382618964352976, 'hidden_size': 5, 'dropout': 0.11801506043819002, 'hidden_continuous_size': 5, 'attention_head_size': 4, 'learning_rate': 0.0036442426054685063}. Best is trial 1 with value: 4.662622451782227.
LOCAL_RANK: 0 - CUDA_VISIBLE_DEVICES: [0]
[I 2023-12-16 12:24:41,555] Trial 4 finished with value: 7.01990270614624 and parameters: {'gradient_clip_val': 0.1314006191835725, 'hidden_size': 14, 'dropout': 0.23885898947040587, 'hidden_continuous_size': 5, 'attention_head_size': 1, 'learning_rate': 0.014633165165337206}. Best is trial 1 with value: 4.662622451782227.
LOCAL_RANK: 0 - CUDA_VISIBLE_DEVICES: [0]
[I 2023-12-16 12:25:39,223] Trial 5 finished with value: 18.024208068847656 and parameters: {'gradient_clip_val': 0.14550077691453872, 'hidden_size': 83, 'dropout': 0.13979410333854408, 'hidden_continuous_size': 68, 'attention_head_size': 4, 'learning_rate': 0.08642589247135968}. Best is trial 1 with value: 4.662622451782227.
LOCAL_RANK: 0 - CUDA_VISIBLE_DEVICES: [0]
[I 2023-12-16 12:26:33,399] Trial 6 finished with value: 8.500277519226074 and parameters: {'gradient_clip_val': 0.3627107614956922, 'hidden_size': 59, 'dropout': 0.3320078111194933, 'hidden_continuous_size': 28, 'attention_head_size': 4, 'learning_rate': 0.008696868131913263}. Best is trial 1 with value: 4.662622451782227.
LOCAL_RANK: 0 - CUDA_VISIBLE_DEVICES: [0]
[I 2023-12-16 12:27:06,989] Trial 7 finished with value: 8.591748237609863 and parameters: {'gradient_clip_val': 0.8807409572698089, 'hidden_size': 8, 'dropout': 0.17369790216273134, 'hidden_continuous_size': 8, 'attention_head_size': 2, 'learning_rate': 0.011089538407188335}. Best is trial 1 with value: 4.662622451782227.
LOCAL_RANK: 0 - CUDA_VISIBLE_DEVICES: [0]
[I 2023-12-16 12:27:59,946] Trial 8 finished with value: 11.799708366394043 and parameters: {'gradient_clip_val': 0.9290258369633505, 'hidden_size': 49, 'dropout': 0.30189505427266217, 'hidden_continuous_size': 36, 'attention_head_size': 1, 'learning_rate': 0.05559470568565941}. Best is trial 1 with value: 4.662622451782227.
LOCAL_RANK: 0 - CUDA_VISIBLE_DEVICES: [0]
[I 2023-12-16 12:28:50,134] Trial 9 finished with value: 9.409525871276855 and parameters: {'gradient_clip_val': 0.2374522325966918, 'hidden_size': 31, 'dropout': 0.1307830859687705, 'hidden_continuous_size': 13, 'attention_head_size': 4, 'learning_rate': 0.016070998811303097}. Best is trial 1 with value: 4.662622451782227.
LOCAL_RANK: 0 - CUDA_VISIBLE_DEVICES: [0]
[I 2023-12-16 12:29:39,157] Trial 10 finished with value: 8.195313453674316 and parameters: {'gradient_clip_val': 0.5196871567193947, 'hidden_size': 21, 'dropout': 0.2509532958200527, 'hidden_continuous_size': 9, 'attention_head_size': 3, 'learning_rate': 0.0007432021499586463}. Best is trial 1 with value: 4.662622451782227.
LOCAL_RANK: 0 - CUDA_VISIBLE_DEVICES: [0]
[I 2023-12-16 12:30:24,628] Trial 11 finished with value: 5.235594272613525 and parameters: {'gradient_clip_val': 0.10076789890469724, 'hidden_size': 13, 'dropout': 0.22607320369400283, 'hidden_continuous_size': 6, 'attention_head_size': 2, 'learning_rate': 0.0030012392951009282}. Best is trial 1 with value: 4.662622451782227.
LOCAL_RANK: 0 - CUDA_VISIBLE_DEVICES: [0]
[I 2023-12-16 12:31:09,550] Trial 12 finished with value: 4.751579761505127 and parameters: {'gradient_clip_val': 0.26361411215270564, 'hidden_size': 13, 'dropout': 0.21885603260818487, 'hidden_continuous_size': 6, 'attention_head_size': 2, 'learning_rate': 0.0027875116554037455}. Best is trial 1 with value: 4.662622451782227.
LOCAL_RANK: 0 - CUDA_VISIBLE_DEVICES: [0]
[I 2023-12-16 12:31:54,927] Trial 13 finished with value: 7.893821716308594 and parameters: {'gradient_clip_val': 0.38901303703124757, 'hidden_size': 9, 'dropout': 0.29203973227792673, 'hidden_continuous_size': 6, 'attention_head_size': 3, 'learning_rate': 0.0019827027831419166}. Best is trial 1 with value: 4.662622451782227.
LOCAL_RANK: 0 - CUDA_VISIBLE_DEVICES: [0]
[I 2023-12-16 12:32:43,081] Trial 14 finished with value: 5.011105060577393 and parameters: {'gradient_clip_val': 0.2554751466611247, 'hidden_size': 32, 'dropout': 0.1977744753932456, 'hidden_continuous_size': 11, 'attention_head_size': 2, 'learning_rate': 0.0012357894002813067}. Best is trial 1 with value: 4.662622451782227.
LOCAL_RANK: 0 - CUDA_VISIBLE_DEVICES: [0]
[I 2023-12-16 12:33:29,903] Trial 15 finished with value: 8.151934623718262 and parameters: {'gradient_clip_val': 0.49441589511520756, 'hidden_size': 20, 'dropout': 0.3840667311416309, 'hidden_continuous_size': 8, 'attention_head_size': 3, 'learning_rate': 0.004553174828501645}. Best is trial 1 with value: 4.662622451782227.
LOCAL_RANK: 0 - CUDA_VISIBLE_DEVICES: [0]
[I 2023-12-16 12:34:21,563] Trial 16 finished with value: 7.938680648803711 and parameters: {'gradient_clip_val': 0.27878936415011674, 'hidden_size': 38, 'dropout': 0.2848537717410281, 'hidden_continuous_size': 15, 'attention_head_size': 2, 'learning_rate': 0.0005294990469914628}. Best is trial 1 with value: 4.662622451782227.
LOCAL_RANK: 0 - CUDA_VISIBLE_DEVICES: [0]
[I 2023-12-16 12:35:09,809] Trial 17 finished with value: 6.35728120803833 and parameters: {'gradient_clip_val': 0.1930340801657338, 'hidden_size': 22, 'dropout': 0.34869112620762904, 'hidden_continuous_size': 6, 'attention_head_size': 3, 'learning_rate': 0.0016967852991321476}. Best is trial 1 with value: 4.662622451782227.
LOCAL_RANK: 0 - CUDA_VISIBLE_DEVICES: [0]
[I 2023-12-16 12:35:54,826] Trial 18 finished with value: 6.223304748535156 and parameters: {'gradient_clip_val': 0.36096961768205077, 'hidden_size': 10, 'dropout': 0.2676457247844738, 'hidden_continuous_size': 6, 'attention_head_size': 2, 'learning_rate': 0.006114469818269139}. Best is trial 1 with value: 4.662622451782227.
LOCAL_RANK: 0 - CUDA_VISIBLE_DEVICES: [0]
[I 2023-12-16 12:36:41,803] Trial 19 finished with value: 5.312313556671143 and parameters: {'gradient_clip_val': 0.6319463116183215, 'hidden_size': 17, 'dropout': 0.21284983226647947, 'hidden_continuous_size': 8, 'attention_head_size': 3, 'learning_rate': 0.002436328738315188}. Best is trial 1 with value: 4.662622451782227.
LOCAL_RANK: 0 - CUDA_VISIBLE_DEVICES: [0]
[I 2023-12-16 12:37:31,058] Trial 20 finished with value: 7.946304798126221 and parameters: {'gradient_clip_val': 0.2175989174840741, 'hidden_size': 25, 'dropout': 0.2538592560992248, 'hidden_continuous_size': 10, 'attention_head_size': 2, 'learning_rate': 0.0010715511253991347}. Best is trial 1 with value: 4.662622451782227.
LOCAL_RANK: 0 - CUDA_VISIBLE_DEVICES: [0]
[I 2023-12-16 12:38:20,228] Trial 21 finished with value: 4.67186975479126 and parameters: {'gradient_clip_val': 0.28844197325427684, 'hidden_size': 33, 'dropout': 0.19853753851654068, 'hidden_continuous_size': 11, 'attention_head_size': 2, 'learning_rate': 0.0013982449597490546}. Best is trial 1 with value: 4.662622451782227.
LOCAL_RANK: 0 - CUDA_VISIBLE_DEVICES: [0]
[I 2023-12-16 12:39:11,027] Trial 22 finished with value: 5.657567501068115 and parameters: {'gradient_clip_val': 0.33451098342963087, 'hidden_size': 40, 'dropout': 0.19169953264485315, 'hidden_continuous_size': 13, 'attention_head_size': 2, 'learning_rate': 0.0016632443832396392}. Best is trial 1 with value: 4.662622451782227.
LOCAL_RANK: 0 - CUDA_VISIBLE_DEVICES: [0]
[I 2023-12-16 12:39:57,890] Trial 23 finished with value: 6.0600457191467285 and parameters: {'gradient_clip_val': 0.18580292929767214, 'hidden_size': 18, 'dropout': 0.16782531628969605, 'hidden_continuous_size': 7, 'attention_head_size': 3, 'learning_rate': 0.0030567173898888647}. Best is trial 1 with value: 4.662622451782227.
LOCAL_RANK: 0 - CUDA_VISIBLE_DEVICES: [0]
[I 2023-12-16 12:40:46,313] Trial 24 finished with value: 7.289285182952881 and parameters: {'gradient_clip_val': 0.2972613208263292, 'hidden_size': 27, 'dropout': 0.2223211673231666, 'hidden_continuous_size': 10, 'attention_head_size': 1, 'learning_rate': 0.004976113093658336}. Best is trial 1 with value: 4.662622451782227.
LOCAL_RANK: 0 - CUDA_VISIBLE_DEVICES: [0]
[I 2023-12-16 12:41:38,035] Trial 25 finished with value: 6.483580112457275 and parameters: {'gradient_clip_val': 0.4116694037547535, 'hidden_size': 39, 'dropout': 0.2397675599821091, 'hidden_continuous_size': 15, 'attention_head_size': 2, 'learning_rate': 0.0012984397787825256}. Best is trial 1 with value: 4.662622451782227.
LOCAL_RANK: 0 - CUDA_VISIBLE_DEVICES: [0]
[I 2023-12-16 12:42:26,318] Trial 26 finished with value: 7.711759567260742 and parameters: {'gradient_clip_val': 0.3069052473061235, 'hidden_size': 21, 'dropout': 0.2685954669873333, 'hidden_continuous_size': 7, 'attention_head_size': 3, 'learning_rate': 0.002458915509135412}. Best is trial 1 with value: 4.662622451782227.
LOCAL_RANK: 0 - CUDA_VISIBLE_DEVICES: [0]
[I 2023-12-16 12:43:10,426] Trial 27 finished with value: 6.8145833015441895 and parameters: {'gradient_clip_val': 0.27792085832835983, 'hidden_size': 12, 'dropout': 0.20150652547320339, 'hidden_continuous_size': 7, 'attention_head_size': 2, 'learning_rate': 0.0040022729922323955}. Best is trial 1 with value: 4.662622451782227.
LOCAL_RANK: 0 - CUDA_VISIBLE_DEVICES: [0]
[I 2023-12-16 12:43:56,140] Trial 28 finished with value: 10.205524444580078 and parameters: {'gradient_clip_val': 0.440869088834224, 'hidden_size': 17, 'dropout': 0.17240320892690597, 'hidden_continuous_size': 5, 'attention_head_size': 1, 'learning_rate': 0.0010099774688397557}. Best is trial 1 with value: 4.662622451782227.
LOCAL_RANK: 0 - CUDA_VISIBLE_DEVICES: [0]
[I 2023-12-16 12:44:41,968] Trial 29 finished with value: 5.866276264190674 and parameters: {'gradient_clip_val': 0.32837118235272134, 'hidden_size': 15, 'dropout': 0.10394391458066696, 'hidden_continuous_size': 5, 'attention_head_size': 3, 'learning_rate': 0.0060970271667085815}. Best is trial 1 with value: 4.662622451782227.
LOCAL_RANK: 0 - CUDA_VISIBLE_DEVICES: [0]
[I 2023-12-16 12:45:30,957] Trial 30 finished with value: 6.123236179351807 and parameters: {'gradient_clip_val': 0.22498106755627514, 'hidden_size': 23, 'dropout': 0.22536614910764913, 'hidden_continuous_size': 11, 'attention_head_size': 2, 'learning_rate': 0.0021033951690450203}. Best is trial 1 with value: 4.662622451782227.
LOCAL_RANK: 0 - CUDA_VISIBLE_DEVICES: [0]
[I 2023-12-16 12:46:18,954] Trial 31 finished with value: 5.9518141746521 and parameters: {'gradient_clip_val': 0.2590454461589239, 'hidden_size': 28, 'dropout': 0.19828524072753326, 'hidden_continuous_size': 11, 'attention_head_size': 2, 'learning_rate': 0.001393602506234633}. Best is trial 1 with value: 4.662622451782227.
LOCAL_RANK: 0 - CUDA_VISIBLE_DEVICES: [0]
[I 2023-12-16 12:47:07,737] Trial 32 finished with value: 7.360780239105225 and parameters: {'gradient_clip_val': 0.2724282152819752, 'hidden_size': 30, 'dropout': 0.18695613235681707, 'hidden_continuous_size': 12, 'attention_head_size': 2, 'learning_rate': 0.0008675437734070805}. Best is trial 1 with value: 4.662622451782227.
LOCAL_RANK: 0 - CUDA_VISIBLE_DEVICES: [0]
[I 2023-12-16 12:47:55,347] Trial 33 finished with value: 6.648952007293701 and parameters: {'gradient_clip_val': 0.980380250339406, 'hidden_size': 32, 'dropout': 0.15519961462900686, 'hidden_continuous_size': 9, 'attention_head_size': 1, 'learning_rate': 0.001372791512405436}. Best is trial 1 with value: 4.662622451782227.
LOCAL_RANK: 0 - CUDA_VISIBLE_DEVICES: [0]
[I 2023-12-16 12:48:44,358] Trial 34 finished with value: 6.3448920249938965 and parameters: {'gradient_clip_val': 0.3452156238723427, 'hidden_size': 25, 'dropout': 0.2056467381551178, 'hidden_continuous_size': 10, 'attention_head_size': 2, 'learning_rate': 0.002925007452566216}. Best is trial 1 with value: 4.662622451782227.
LOCAL_RANK: 0 - CUDA_VISIBLE_DEVICES: [0]
[I 2023-12-16 12:49:34,670] Trial 35 finished with value: 6.0188775062561035 and parameters: {'gradient_clip_val': 0.7863441046557252, 'hidden_size': 33, 'dropout': 0.21542850087498627, 'hidden_continuous_size': 15, 'attention_head_size': 3, 'learning_rate': 0.0018326783593123927}. Best is trial 1 with value: 4.662622451782227.
LOCAL_RANK: 0 - CUDA_VISIBLE_DEVICES: [0]
[I 2023-12-16 12:50:25,615] Trial 36 finished with value: 8.040289878845215 and parameters: {'gradient_clip_val': 0.2524568432125563, 'hidden_size': 48, 'dropout': 0.15156725014777722, 'hidden_continuous_size': 17, 'attention_head_size': 1, 'learning_rate': 0.003622788643104542}. Best is trial 1 with value: 4.662622451782227.
LOCAL_RANK: 0 - CUDA_VISIBLE_DEVICES: [0]
[I 2023-12-16 12:51:18,732] Trial 37 finished with value: 6.578421115875244 and parameters: {'gradient_clip_val': 0.4573797204932996, 'hidden_size': 65, 'dropout': 0.18404137079646865, 'hidden_continuous_size': 18, 'attention_head_size': 2, 'learning_rate': 0.0007183837921072486}. Best is trial 1 with value: 4.662622451782227.
LOCAL_RANK: 0 - CUDA_VISIBLE_DEVICES: [0]
[I 2023-12-16 12:52:04,356] Trial 38 finished with value: 7.209986209869385 and parameters: {'gradient_clip_val': 0.3126964334103599, 'hidden_size': 16, 'dropout': 0.23685044463516647, 'hidden_continuous_size': 9, 'attention_head_size': 4, 'learning_rate': 0.002466008663886465}. Best is trial 1 with value: 4.662622451782227.
LOCAL_RANK: 0 - CUDA_VISIBLE_DEVICES: [0]
[I 2023-12-16 12:52:49,069] Trial 39 finished with value: 16.47245216369629 and parameters: {'gradient_clip_val': 0.20203723559843045, 'hidden_size': 6, 'dropout': 0.20501570540553446, 'hidden_continuous_size': 5, 'attention_head_size': 2, 'learning_rate': 0.0011713459649950598}. Best is trial 1 with value: 4.662622451782227.
LOCAL_RANK: 0 - CUDA_VISIBLE_DEVICES: [0]
[I 2023-12-16 12:53:43,783] Trial 40 finished with value: 5.727118015289307 and parameters: {'gradient_clip_val': 0.15727263937141467, 'hidden_size': 99, 'dropout': 0.31967051488616927, 'hidden_continuous_size': 24, 'attention_head_size': 1, 'learning_rate': 0.0017057906961301936}. Best is trial 1 with value: 4.662622451782227.
LOCAL_RANK: 0 - CUDA_VISIBLE_DEVICES: [0]
[I 2023-12-16 12:54:29,010] Trial 41 finished with value: 5.179834842681885 and parameters: {'gradient_clip_val': 0.10995752402854701, 'hidden_size': 14, 'dropout': 0.2301448493859508, 'hidden_continuous_size': 6, 'attention_head_size': 2, 'learning_rate': 0.0026872181860543567}. Best is trial 1 with value: 4.662622451782227.
LOCAL_RANK: 0 - CUDA_VISIBLE_DEVICES: [0]
[I 2023-12-16 12:55:13,029] Trial 42 finished with value: 5.977879047393799 and parameters: {'gradient_clip_val': 0.16881215494964075, 'hidden_size': 12, 'dropout': 0.23538218431533545, 'hidden_continuous_size': 6, 'attention_head_size': 2, 'learning_rate': 0.003534163776094002}. Best is trial 1 with value: 4.662622451782227.
LOCAL_RANK: 0 - CUDA_VISIBLE_DEVICES: [0]
[I 2023-12-16 12:55:58,138] Trial 43 finished with value: 6.035417079925537 and parameters: {'gradient_clip_val': 0.11539792435698276, 'hidden_size': 14, 'dropout': 0.21260747778496422, 'hidden_continuous_size': 5, 'attention_head_size': 2, 'learning_rate': 0.002271306502230001}. Best is trial 1 with value: 4.662622451782227.
LOCAL_RANK: 0 - CUDA_VISIBLE_DEVICES: [0]
[I 2023-12-16 12:56:46,772] Trial 44 finished with value: 8.113763809204102 and parameters: {'gradient_clip_val': 0.13565749334063115, 'hidden_size': 19, 'dropout': 0.1954412622673296, 'hidden_continuous_size': 11, 'attention_head_size': 3, 'learning_rate': 0.001484821457033631}. Best is trial 1 with value: 4.662622451782227.
LOCAL_RANK: 0 - CUDA_VISIBLE_DEVICES: [0]
[I 2023-12-16 12:57:35,393] Trial 45 finished with value: 7.7876105308532715 and parameters: {'gradient_clip_val': 0.17129658310529336, 'hidden_size': 23, 'dropout': 0.25522857570298707, 'hidden_continuous_size': 12, 'attention_head_size': 2, 'learning_rate': 0.004738486986946965}. Best is trial 1 with value: 4.662622451782227.
LOCAL_RANK: 0 - CUDA_VISIBLE_DEVICES: [0]
[I 2023-12-16 12:58:22,898] Trial 46 finished with value: 7.191895008087158 and parameters: {'gradient_clip_val': 0.2195605080708217, 'hidden_size': 19, 'dropout': 0.2294210108050724, 'hidden_continuous_size': 8, 'attention_head_size': 2, 'learning_rate': 0.0028568246216813635}. Best is trial 1 with value: 4.662622451782227.
LOCAL_RANK: 0 - CUDA_VISIBLE_DEVICES: [0]
[I 2023-12-16 12:59:09,465] Trial 47 finished with value: 6.79857873916626 and parameters: {'gradient_clip_val': 0.24513336277971023, 'hidden_size': 15, 'dropout': 0.24336194027247973, 'hidden_continuous_size': 9, 'attention_head_size': 3, 'learning_rate': 0.008169277502044558}. Best is trial 1 with value: 4.662622451782227.
LOCAL_RANK: 0 - CUDA_VISIBLE_DEVICES: [0]
[I 2023-12-16 12:59:55,397] Trial 48 finished with value: 10.8011474609375 and parameters: {'gradient_clip_val': 0.14157038093244242, 'hidden_size': 11, 'dropout': 0.17963536989312776, 'hidden_continuous_size': 6, 'attention_head_size': 4, 'learning_rate': 0.0019103981685961616}. Best is trial 1 with value: 4.662622451782227.
LOCAL_RANK: 0 - CUDA_VISIBLE_DEVICES: [0]
[I 2023-12-16 13:00:41,197] Trial 49 finished with value: 7.861566543579102 and parameters: {'gradient_clip_val': 0.38305185223259186, 'hidden_size': 13, 'dropout': 0.21807909190222713, 'hidden_continuous_size': 7, 'attention_head_size': 2, 'learning_rate': 0.0009465724089433876}. Best is trial 1 with value: 4.662622451782227.
[I 2023-12-16 13:00:41,289] A new study created in memory with name: no-name-48faa672-859d-4fe9-be3f-302e8c1c9a30
/home/le004/conda/anaconda3/envs/tsff_env/lib/python3.9/site-packages/lightning/fabric/plugins/environments/slurm.py:191: The `srun` command is available on your system but is not used. HINT: If your intention is to run Lightning on SLURM, prepend your python command with `srun` like so: srun python /home/le004/master_thesis/git/TSFusionForecast/code/ ...
LOCAL_RANK: 0 - CUDA_VISIBLE_DEVICES: [0]
[I 2023-12-16 13:01:34,534] Trial 0 finished with value: 8.82918643951416 and parameters: {'gradient_clip_val': 0.11484998233290951, 'hidden_size': 62, 'dropout': 0.3278775840013136, 'hidden_continuous_size': 19, 'attention_head_size': 2, 'learning_rate': 0.009858509792001254}. Best is trial 0 with value: 8.82918643951416.
LOCAL_RANK: 0 - CUDA_VISIBLE_DEVICES: [0]
[I 2023-12-16 13:02:23,360] Trial 1 finished with value: 9.700857162475586 and parameters: {'gradient_clip_val': 0.41052957338283397, 'hidden_size': 18, 'dropout': 0.17805817740652202, 'hidden_continuous_size': 13, 'attention_head_size': 4, 'learning_rate': 0.016404422473166043}. Best is trial 0 with value: 8.82918643951416.
LOCAL_RANK: 0 - CUDA_VISIBLE_DEVICES: [0]
[I 2023-12-16 13:03:09,619] Trial 2 finished with value: 3.8957178592681885 and parameters: {'gradient_clip_val': 0.26937852975382787, 'hidden_size': 13, 'dropout': 0.31229235933186283, 'hidden_continuous_size': 8, 'attention_head_size': 4, 'learning_rate': 0.012261476069636554}. Best is trial 2 with value: 3.8957178592681885.
LOCAL_RANK: 0 - CUDA_VISIBLE_DEVICES: [0]
[I 2023-12-16 13:03:58,015] Trial 3 finished with value: 9.800890922546387 and parameters: {'gradient_clip_val': 0.6307372561753343, 'hidden_size': 36, 'dropout': 0.18397885002995257, 'hidden_continuous_size': 9, 'attention_head_size': 1, 'learning_rate': 0.08569115451841589}. Best is trial 2 with value: 3.8957178592681885.
LOCAL_RANK: 0 - CUDA_VISIBLE_DEVICES: [0]
[I 2023-12-16 13:04:50,110] Trial 4 finished with value: 9.269047737121582 and parameters: {'gradient_clip_val': 0.5318361001862062, 'hidden_size': 47, 'dropout': 0.35932407112877907, 'hidden_continuous_size': 26, 'attention_head_size': 1, 'learning_rate': 0.09365864867890387}. Best is trial 2 with value: 3.8957178592681885.
LOCAL_RANK: 0 - CUDA_VISIBLE_DEVICES: [0]
[I 2023-12-16 13:05:34,940] Trial 5 finished with value: 4.803798198699951 and parameters: {'gradient_clip_val': 0.3383316446665825, 'hidden_size': 16, 'dropout': 0.31750232932342215, 'hidden_continuous_size': 6, 'attention_head_size': 3, 'learning_rate': 0.00192388718501953}. Best is trial 2 with value: 3.8957178592681885.
LOCAL_RANK: 0 - CUDA_VISIBLE_DEVICES: [0]
[I 2023-12-16 13:06:22,775] Trial 6 finished with value: 6.755393981933594 and parameters: {'gradient_clip_val': 0.6218176158711214, 'hidden_size': 26, 'dropout': 0.2537114549078585, 'hidden_continuous_size': 5, 'attention_head_size': 1, 'learning_rate': 0.05972292540037922}. Best is trial 2 with value: 3.8957178592681885.
LOCAL_RANK: 0 - CUDA_VISIBLE_DEVICES: [0]
[I 2023-12-16 13:07:12,058] Trial 7 finished with value: 5.667996883392334 and parameters: {'gradient_clip_val': 0.20772141364201135, 'hidden_size': 33, 'dropout': 0.3380910820483563, 'hidden_continuous_size': 7, 'attention_head_size': 2, 'learning_rate': 0.0008684057059148714}. Best is trial 2 with value: 3.8957178592681885.
LOCAL_RANK: 0 - CUDA_VISIBLE_DEVICES: [0]
