[I 2023-12-26 16:44:18,602] Trial 16 finished with value: 397.3892822265625 and parameters: {'gradient_clip_val': 0.1901986344528676, 'hidden_size': 5, 'dropout': 0.33597482750095853, 'hidden_continuous_size': 5, 'attention_head_size': 2, 'learning_rate': 0.09282551811759734}. Best is trial 0 with value: 137.21556091308594.
[I 2023-12-26 16:44:23,139] Trial 17 finished with value: 516.9624633789062 and parameters: {'gradient_clip_val': 0.28196821134128747, 'hidden_size': 49, 'dropout': 0.29120713926691205, 'hidden_continuous_size': 19, 'attention_head_size': 4, 'learning_rate': 0.04499959817883903}. Best is trial 0 with value: 137.21556091308594.
[I 2023-12-26 16:44:32,102] Trial 18 finished with value: 483.5635681152344 and parameters: {'gradient_clip_val': 0.5917406380000231, 'hidden_size': 106, 'dropout': 0.22037011240090418, 'hidden_continuous_size': 22, 'attention_head_size': 3, 'learning_rate': 0.01197815993385632}. Best is trial 0 with value: 137.21556091308594.
[I 2023-12-26 16:44:37,828] Trial 19 finished with value: 433.1851501464844 and parameters: {'gradient_clip_val': 0.3620858381845178, 'hidden_size': 68, 'dropout': 0.27318494912863783, 'hidden_continuous_size': 13, 'attention_head_size': 2, 'learning_rate': 0.014135191383294908}. Best is trial 0 with value: 137.21556091308594.
[I 2023-12-26 16:44:46,517] Trial 20 finished with value: 347.3294677734375 and parameters: {'gradient_clip_val': 0.2056895854452408, 'hidden_size': 112, 'dropout': 0.3588264954582151, 'hidden_continuous_size': 34, 'attention_head_size': 4, 'learning_rate': 0.033467951527310524}. Best is trial 0 with value: 137.21556091308594.
[I 2023-12-26 16:44:53,821] Trial 21 finished with value: 423.8235778808594 and parameters: {'gradient_clip_val': 0.16172671289732937, 'hidden_size': 114, 'dropout': 0.4005601565446422, 'hidden_continuous_size': 13, 'attention_head_size': 1, 'learning_rate': 0.05371533043308761}. Best is trial 0 with value: 137.21556091308594.
[I 2023-12-26 16:45:02,982] Trial 22 finished with value: 450.3084411621094 and parameters: {'gradient_clip_val': 0.1286574346976217, 'hidden_size': 147, 'dropout': 0.45394371182403825, 'hidden_continuous_size': 20, 'attention_head_size': 1, 'learning_rate': 0.06964101740313622}. Best is trial 0 with value: 137.21556091308594.
[I 2023-12-26 16:45:06,910] Trial 23 finished with value: 391.965087890625 and parameters: {'gradient_clip_val': 0.1419908351894393, 'hidden_size': 69, 'dropout': 0.3560776689743641, 'hidden_continuous_size': 11, 'attention_head_size': 2, 'learning_rate': 0.05787886115353345}. Best is trial 0 with value: 137.21556091308594.
[I 2023-12-26 16:45:13,235] Trial 24 finished with value: 544.7488403320312 and parameters: {'gradient_clip_val': 0.18508467793810787, 'hidden_size': 99, 'dropout': 0.3060115183662097, 'hidden_continuous_size': 7, 'attention_head_size': 1, 'learning_rate': 0.03998360651923647}. Best is trial 0 with value: 137.21556091308594.
[I 2023-12-26 16:45:17,085] Trial 25 finished with value: 598.8170776367188 and parameters: {'gradient_clip_val': 0.10252027338477172, 'hidden_size': 38, 'dropout': 0.44221075539130655, 'hidden_continuous_size': 11, 'attention_head_size': 2, 'learning_rate': 0.0757377920101777}. Best is trial 0 with value: 137.21556091308594.
[I 2023-12-26 16:45:22,693] Trial 26 finished with value: 306.3158264160156 and parameters: {'gradient_clip_val': 0.24871711788472567, 'hidden_size': 66, 'dropout': 0.38160059798007206, 'hidden_continuous_size': 14, 'attention_head_size': 3, 'learning_rate': 0.058532243991523056}. Best is trial 0 with value: 137.21556091308594.
[I 2023-12-26 16:45:28,992] Trial 27 finished with value: 420.0008850097656 and parameters: {'gradient_clip_val': 0.23603175800381573, 'hidden_size': 69, 'dropout': 0.36607694379233313, 'hidden_continuous_size': 18, 'attention_head_size': 3, 'learning_rate': 0.03082878467514298}. Best is trial 0 with value: 137.21556091308594.
[I 2023-12-26 16:45:35,883] Trial 28 finished with value: 345.1919860839844 and parameters: {'gradient_clip_val': 0.26585225035849547, 'hidden_size': 84, 'dropout': 0.3301072076790656, 'hidden_continuous_size': 14, 'attention_head_size': 4, 'learning_rate': 0.06682312629196192}. Best is trial 0 with value: 137.21556091308594.
[I 2023-12-26 16:45:40,981] Trial 29 finished with value: 400.3739929199219 and parameters: {'gradient_clip_val': 0.3183743752081102, 'hidden_size': 55, 'dropout': 0.29258635849716275, 'hidden_continuous_size': 15, 'attention_head_size': 3, 'learning_rate': 0.08665469755629603}. Best is trial 0 with value: 137.21556091308594.
[I 2023-12-26 16:45:44,833] Trial 30 finished with value: 445.6456604003906 and parameters: {'gradient_clip_val': 0.1979744876000761, 'hidden_size': 39, 'dropout': 0.2838982710589581, 'hidden_continuous_size': 15, 'attention_head_size': 3, 'learning_rate': 0.042463113756814296}. Best is trial 0 with value: 137.21556091308594.
[I 2023-12-26 16:45:53,729] Trial 31 finished with value: 461.9776306152344 and parameters: {'gradient_clip_val': 0.2505900664117178, 'hidden_size': 120, 'dropout': 0.4103836304497682, 'hidden_continuous_size': 11, 'attention_head_size': 2, 'learning_rate': 0.05796791667192584}. Best is trial 0 with value: 137.21556091308594.
[I 2023-12-26 16:46:00,708] Trial 32 finished with value: 497.998291015625 and parameters: {'gradient_clip_val': 0.17533295568893578, 'hidden_size': 94, 'dropout': 0.3798113810408232, 'hidden_continuous_size': 7, 'attention_head_size': 1, 'learning_rate': 0.029581709273512176}. Best is trial 0 with value: 137.21556091308594.
[I 2023-12-26 16:46:10,272] Trial 33 finished with value: 399.783447265625 and parameters: {'gradient_clip_val': 0.1445850994200046, 'hidden_size': 115, 'dropout': 0.3449318063016531, 'hidden_continuous_size': 21, 'attention_head_size': 3, 'learning_rate': 0.09899060310605476}. Best is trial 0 with value: 137.21556091308594.
[I 2023-12-26 16:46:15,559] Trial 34 finished with value: 441.4399108886719 and parameters: {'gradient_clip_val': 0.21074932979325464, 'hidden_size': 77, 'dropout': 0.4990753212194852, 'hidden_continuous_size': 9, 'attention_head_size': 4, 'learning_rate': 0.04622658737344362}. Best is trial 0 with value: 137.21556091308594.
[I 2023-12-26 16:46:20,457] Trial 35 finished with value: 462.7885437011719 and parameters: {'gradient_clip_val': 0.3232781116762385, 'hidden_size': 64, 'dropout': 0.3801048141356469, 'hidden_continuous_size': 12, 'attention_head_size': 1, 'learning_rate': 0.01938930030729775}. Best is trial 0 with value: 137.21556091308594.
[I 2023-12-26 16:46:30,012] Trial 36 finished with value: 413.6280517578125 and parameters: {'gradient_clip_val': 0.27101905566512896, 'hidden_size': 121, 'dropout': 0.329245266222869, 'hidden_continuous_size': 17, 'attention_head_size': 2, 'learning_rate': 0.06687662143544992}. Best is trial 0 with value: 137.21556091308594.
[I 2023-12-26 16:46:33,526] Trial 37 finished with value: 523.6500854492188 and parameters: {'gradient_clip_val': 0.41521583533299583, 'hidden_size': 30, 'dropout': 0.43086784572358305, 'hidden_continuous_size': 10, 'attention_head_size': 4, 'learning_rate': 0.03536396846937053}. Best is trial 0 with value: 137.21556091308594.
[I 2023-12-26 16:46:41,015] Trial 38 finished with value: 430.0914306640625 and parameters: {'gradient_clip_val': 0.9726979375443912, 'hidden_size': 92, 'dropout': 0.3897959100368056, 'hidden_continuous_size': 15, 'attention_head_size': 3, 'learning_rate': 0.05539778222775234}. Best is trial 0 with value: 137.21556091308594.
[I 2023-12-26 16:46:45,533] Trial 39 finished with value: 488.9757080078125 and parameters: {'gradient_clip_val': 0.3410234964282883, 'hidden_size': 47, 'dropout': 0.3699568746693863, 'hidden_continuous_size': 16, 'attention_head_size': 1, 'learning_rate': 0.020319656944766087}. Best is trial 0 with value: 137.21556091308594.
[I 2023-12-26 16:46:56,149] Trial 40 finished with value: 458.4427795410156 and parameters: {'gradient_clip_val': 0.16245786003895532, 'hidden_size': 133, 'dropout': 0.42362798085809017, 'hidden_continuous_size': 8, 'attention_head_size': 2, 'learning_rate': 0.07443574955188485}. Best is trial 0 with value: 137.21556091308594.
[I 2023-12-26 16:47:03,548] Trial 41 finished with value: 404.6268615722656 and parameters: {'gradient_clip_val': 0.2859204895941188, 'hidden_size': 88, 'dropout': 0.33108967633339464, 'hidden_continuous_size': 14, 'attention_head_size': 4, 'learning_rate': 0.07436824477607124}. Best is trial 0 with value: 137.21556091308594.
[I 2023-12-26 16:47:10,257] Trial 42 finished with value: 473.4425964355469 and parameters: {'gradient_clip_val': 0.22451516746923786, 'hidden_size': 80, 'dropout': 0.3118166703545023, 'hidden_continuous_size': 13, 'attention_head_size': 4, 'learning_rate': 0.051058699643073566}. Best is trial 0 with value: 137.21556091308594.
[I 2023-12-26 16:47:20,717] Trial 43 finished with value: 325.31231689453125 and parameters: {'gradient_clip_val': 0.2644438366968278, 'hidden_size': 131, 'dropout': 0.3434457233481679, 'hidden_continuous_size': 24, 'attention_head_size': 4, 'learning_rate': 0.06511181233843803}. Best is trial 0 with value: 137.21556091308594.
[I 2023-12-26 16:47:31,151] Trial 44 finished with value: 508.8226318359375 and parameters: {'gradient_clip_val': 0.2393083784164763, 'hidden_size': 139, 'dropout': 0.3486753775101934, 'hidden_continuous_size': 23, 'attention_head_size': 4, 'learning_rate': 0.03531204649659692}. Best is trial 0 with value: 137.21556091308594.
[I 2023-12-26 16:47:40,202] Trial 45 finished with value: 442.161865234375 and parameters: {'gradient_clip_val': 0.30128318209602495, 'hidden_size': 105, 'dropout': 0.3769453495234101, 'hidden_continuous_size': 17, 'attention_head_size': 3, 'learning_rate': 0.09597301982438038}. Best is trial 0 with value: 137.21556091308594.
[I 2023-12-26 16:47:50,198] Trial 46 finished with value: 437.2561950683594 and parameters: {'gradient_clip_val': 0.38578104864524426, 'hidden_size': 124, 'dropout': 0.4019710855209694, 'hidden_continuous_size': 26, 'attention_head_size': 4, 'learning_rate': 0.04460257605259521}. Best is trial 0 with value: 137.21556091308594.
[I 2023-12-26 16:47:58,359] Trial 47 finished with value: 457.911865234375 and parameters: {'gradient_clip_val': 0.25910698791599024, 'hidden_size': 102, 'dropout': 0.316746968400097, 'hidden_continuous_size': 19, 'attention_head_size': 3, 'learning_rate': 0.004121320418481668}. Best is trial 0 with value: 137.21556091308594.
[I 2023-12-26 16:48:08,540] Trial 48 finished with value: 363.470458984375 and parameters: {'gradient_clip_val': 0.22363817951495316, 'hidden_size': 132, 'dropout': 0.2708454325787002, 'hidden_continuous_size': 32, 'attention_head_size': 4, 'learning_rate': 0.024080125296741684}. Best is trial 0 with value: 137.21556091308594.
[I 2023-12-26 16:48:20,279] Trial 49 finished with value: 398.7279357910156 and parameters: {'gradient_clip_val': 0.340245240991619, 'hidden_size': 149, 'dropout': 0.3481479326575663, 'hidden_continuous_size': 43, 'attention_head_size': 4, 'learning_rate': 0.06236156243628389}. Best is trial 0 with value: 137.21556091308594.
[I 2023-12-26 16:48:20,471] A new study created in memory with name: no-name-77a0e1ae-4fd3-44aa-8257-6545f388344c
/home/le004/conda/anaconda3/envs/tsff_env/lib/python3.9/site-packages/lightning/fabric/plugins/environments/slurm.py:191: The `srun` command is available on your system but is not used. HINT: If your intention is to run Lightning on SLURM, prepend your python command with `srun` like so: srun python /home/le004/master_thesis/git/TSFusionForecast/code/ ...
[I 2023-12-26 16:52:43,915] Trial 0 finished with value: 275.2533264160156 and parameters: {'gradient_clip_val': 0.3247881914719982, 'hidden_size': 5, 'dropout': 0.4635725855288798, 'hidden_continuous_size': 5, 'attention_head_size': 2, 'learning_rate': 0.0008355001818976125}. Best is trial 0 with value: 275.2533264160156.
[I 2023-12-26 16:55:03,754] Trial 1 finished with value: 284.4922180175781 and parameters: {'gradient_clip_val': 0.6674459058661179, 'hidden_size': 24, 'dropout': 0.1344404362087957, 'hidden_continuous_size': 8, 'attention_head_size': 4, 'learning_rate': 0.015679232494983337}. Best is trial 0 with value: 275.2533264160156.
[I 2023-12-26 16:55:14,634] Trial 2 finished with value: 834.5465698242188 and parameters: {'gradient_clip_val': 0.5701488922096731, 'hidden_size': 148, 'dropout': 0.48917787818649094, 'hidden_continuous_size': 86, 'attention_head_size': 2, 'learning_rate': 0.029479606464046876}. Best is trial 0 with value: 275.2533264160156.
[I 2023-12-26 16:55:20,953] Trial 3 finished with value: 713.4773559570312 and parameters: {'gradient_clip_val': 0.16933789653773432, 'hidden_size': 80, 'dropout': 0.2952688399878558, 'hidden_continuous_size': 8, 'attention_head_size': 4, 'learning_rate': 0.0034032073343348507}. Best is trial 0 with value: 275.2533264160156.
[I 2023-12-26 16:55:23,528] Trial 4 finished with value: 908.1253051757812 and parameters: {'gradient_clip_val': 0.7511148889860028, 'hidden_size': 22, 'dropout': 0.3437378031168489, 'hidden_continuous_size': 22, 'attention_head_size': 1, 'learning_rate': 0.05253353596337745}. Best is trial 0 with value: 275.2533264160156.
[I 2023-12-26 16:55:25,423] Trial 5 finished with value: 675.7621459960938 and parameters: {'gradient_clip_val': 0.41282626809823464, 'hidden_size': 6, 'dropout': 0.4725226928308155, 'hidden_continuous_size': 6, 'attention_head_size': 1, 'learning_rate': 0.010343006089086303}. Best is trial 0 with value: 275.2533264160156.
[I 2023-12-26 16:55:27,558] Trial 6 finished with value: 612.4819946289062 and parameters: {'gradient_clip_val': 0.7449751030435995, 'hidden_size': 13, 'dropout': 0.3827789454047519, 'hidden_continuous_size': 9, 'attention_head_size': 3, 'learning_rate': 0.012300040491908764}. Best is trial 0 with value: 275.2533264160156.
[I 2023-12-26 16:55:29,783] Trial 7 finished with value: 764.0248413085938 and parameters: {'gradient_clip_val': 0.8826695359862917, 'hidden_size': 20, 'dropout': 0.4934964278721211, 'hidden_continuous_size': 11, 'attention_head_size': 4, 'learning_rate': 0.06560347698831594}. Best is trial 0 with value: 275.2533264160156.
[I 2023-12-26 16:55:34,424] Trial 8 finished with value: 549.25537109375 and parameters: {'gradient_clip_val': 0.14895762110934269, 'hidden_size': 83, 'dropout': 0.4770811255799644, 'hidden_continuous_size': 6, 'attention_head_size': 3, 'learning_rate': 0.06860161651148966}. Best is trial 0 with value: 275.2533264160156.
[I 2023-12-26 16:55:36,344] Trial 9 finished with value: 698.6712036132812 and parameters: {'gradient_clip_val': 0.11194378324407964, 'hidden_size': 7, 'dropout': 0.1961370467417104, 'hidden_continuous_size': 5, 'attention_head_size': 3, 'learning_rate': 0.0019618973269787806}. Best is trial 0 with value: 275.2533264160156.
[I 2023-12-26 16:55:38,082] Trial 10 finished with value: 660.7586059570312 and parameters: {'gradient_clip_val': 0.2655183865000864, 'hidden_size': 5, 'dropout': 0.40140250686794765, 'hidden_continuous_size': 5, 'attention_head_size': 2, 'learning_rate': 0.0007639573151235094}. Best is trial 0 with value: 275.2533264160156.
[I 2023-12-26 16:55:40,327] Trial 11 finished with value: 686.193115234375 and parameters: {'gradient_clip_val': 0.3742206221356763, 'hidden_size': 9, 'dropout': 0.10344135639727725, 'hidden_continuous_size': 5, 'attention_head_size': 2, 'learning_rate': 0.0006457597048516044}. Best is trial 0 with value: 275.2533264160156.
[I 2023-12-26 16:55:42,396] Trial 12 finished with value: 582.8721313476562 and parameters: {'gradient_clip_val': 0.4833102193781221, 'hidden_size': 12, 'dropout': 0.24768469250049682, 'hidden_continuous_size': 6, 'attention_head_size': 4, 'learning_rate': 0.004397427432829705}. Best is trial 0 with value: 275.2533264160156.
[I 2023-12-26 16:55:44,987] Trial 13 finished with value: 712.234619140625 and parameters: {'gradient_clip_val': 0.28168173557742426, 'hidden_size': 38, 'dropout': 0.10298212194460016, 'hidden_continuous_size': 8, 'attention_head_size': 2, 'learning_rate': 0.018321204813729806}. Best is trial 0 with value: 275.2533264160156.
[I 2023-12-26 16:55:46,791] Trial 14 finished with value: 683.4602661132812 and parameters: {'gradient_clip_val': 0.6324899571349412, 'hidden_size': 5, 'dropout': 0.1830043100465504, 'hidden_continuous_size': 5, 'attention_head_size': 3, 'learning_rate': 0.006202848017173067}. Best is trial 0 with value: 275.2533264160156.
[I 2023-12-26 16:55:49,275] Trial 15 finished with value: 662.6029663085938 and parameters: {'gradient_clip_val': 0.3368465200678534, 'hidden_size': 33, 'dropout': 0.3092549990460137, 'hidden_continuous_size': 7, 'attention_head_size': 1, 'learning_rate': 0.0017046501875782724}. Best is trial 0 with value: 275.2533264160156.
[I 2023-12-26 16:55:51,305] Trial 16 finished with value: 607.1823120117188 and parameters: {'gradient_clip_val': 0.45364228048587757, 'hidden_size': 9, 'dropout': 0.4115953698062261, 'hidden_continuous_size': 5, 'attention_head_size': 4, 'learning_rate': 0.0005058403545195228}. Best is trial 0 with value: 275.2533264160156.
[I 2023-12-26 16:55:53,534] Trial 17 finished with value: 601.0692749023438 and parameters: {'gradient_clip_val': 0.9906019012601146, 'hidden_size': 15, 'dropout': 0.2595664853756412, 'hidden_continuous_size': 6, 'attention_head_size': 3, 'learning_rate': 0.02442699456524503}. Best is trial 0 with value: 275.2533264160156.
[I 2023-12-26 16:55:55,515] Trial 18 finished with value: 581.1495971679688 and parameters: {'gradient_clip_val': 0.23817738769312694, 'hidden_size': 8, 'dropout': 0.43518162734204713, 'hidden_continuous_size': 5, 'attention_head_size': 2, 'learning_rate': 0.00810190486766025}. Best is trial 0 with value: 275.2533264160156.
[I 2023-12-26 16:55:57,661] Trial 19 finished with value: 738.6659545898438 and parameters: {'gradient_clip_val': 0.5485903525794628, 'hidden_size': 16, 'dropout': 0.4327111806513264, 'hidden_continuous_size': 7, 'attention_head_size': 1, 'learning_rate': 0.0011676803112938288}. Best is trial 0 with value: 275.2533264160156.
[I 2023-12-26 16:56:01,205] Trial 20 finished with value: 836.802734375 and parameters: {'gradient_clip_val': 0.35832105290257854, 'hidden_size': 31, 'dropout': 0.35835356349332553, 'hidden_continuous_size': 10, 'attention_head_size': 4, 'learning_rate': 0.003063833177953387}. Best is trial 0 with value: 275.2533264160156.
[I 2023-12-26 16:56:06,046] Trial 21 finished with value: 596.333251953125 and parameters: {'gradient_clip_val': 0.1757057266784466, 'hidden_size': 49, 'dropout': 0.4609986764921177, 'hidden_continuous_size': 11, 'attention_head_size': 3, 'learning_rate': 0.03480275729708959}. Best is trial 0 with value: 275.2533264160156.
[I 2023-12-26 16:56:09,870] Trial 22 finished with value: 756.6188354492188 and parameters: {'gradient_clip_val': 0.1979882925211029, 'hidden_size': 52, 'dropout': 0.4397646462213679, 'hidden_continuous_size': 13, 'attention_head_size': 3, 'learning_rate': 0.0811410943151345}. Best is trial 0 with value: 275.2533264160156.
[I 2023-12-26 16:56:12,492] Trial 23 finished with value: 627.7224731445312 and parameters: {'gradient_clip_val': 0.31290223524504485, 'hidden_size': 25, 'dropout': 0.496793803120709, 'hidden_continuous_size': 6, 'attention_head_size': 2, 'learning_rate': 0.09410744962159262}. Best is trial 0 with value: 275.2533264160156.
[I 2023-12-26 16:56:14,565] Trial 24 finished with value: 732.72412109375 and parameters: {'gradient_clip_val': 0.1283811015448122, 'hidden_size': 11, 'dropout': 0.4542168446270083, 'hidden_continuous_size': 6, 'attention_head_size': 4, 'learning_rate': 0.016113994697889662}. Best is trial 0 with value: 275.2533264160156.
[I 2023-12-26 16:56:16,721] Trial 25 finished with value: 726.42041015625 and parameters: {'gradient_clip_val': 0.22585839013184145, 'hidden_size': 18, 'dropout': 0.3909619393051597, 'hidden_continuous_size': 7, 'attention_head_size': 3, 'learning_rate': 0.04304466477814623}. Best is trial 0 with value: 275.2533264160156.
[I 2023-12-26 16:56:19,033] Trial 26 finished with value: 755.9347534179688 and parameters: {'gradient_clip_val': 0.10051602518372912, 'hidden_size': 25, 'dropout': 0.46568709613253223, 'hidden_continuous_size': 7, 'attention_head_size': 2, 'learning_rate': 0.0481340936780846}. Best is trial 0 with value: 275.2533264160156.
[I 2023-12-26 16:56:21,192] Trial 27 finished with value: 609.0414428710938 and parameters: {'gradient_clip_val': 0.4205076553354511, 'hidden_size': 17, 'dropout': 0.4144142226726857, 'hidden_continuous_size': 6, 'attention_head_size': 3, 'learning_rate': 0.02214217931198951}. Best is trial 0 with value: 275.2533264160156.
[I 2023-12-26 16:56:23,238] Trial 28 finished with value: 751.9329223632812 and parameters: {'gradient_clip_val': 0.30579404865153104, 'hidden_size': 10, 'dropout': 0.36216461293362223, 'hidden_continuous_size': 5, 'attention_head_size': 4, 'learning_rate': 0.01366163197815481}. Best is trial 0 with value: 275.2533264160156.
[I 2023-12-26 16:56:30,766] Trial 29 finished with value: 667.2417602539062 and parameters: {'gradient_clip_val': 0.5568546772970653, 'hidden_size': 128, 'dropout': 0.49961951921571346, 'hidden_continuous_size': 16, 'attention_head_size': 2, 'learning_rate': 0.03022206430415164}. Best is trial 0 with value: 275.2533264160156.
[I 2023-12-26 16:56:35,503] Trial 30 finished with value: 624.2120971679688 and parameters: {'gradient_clip_val': 0.14342639425367565, 'hidden_size': 75, 'dropout': 0.4686791258918179, 'hidden_continuous_size': 24, 'attention_head_size': 3, 'learning_rate': 0.03141496076662387}. Best is trial 0 with value: 275.2533264160156.
