[I 2023-12-16 09:07:19,938] Trial 25 finished with value: 98.4482650756836 and parameters: {'gradient_clip_val': 0.46093646208334405, 'hidden_size': 42, 'dropout': 0.22587729031475573, 'hidden_continuous_size': 29, 'attention_head_size': 2, 'learning_rate': 0.008430835793509664}. Best is trial 15 with value: 85.19074249267578.
LOCAL_RANK: 0 - CUDA_VISIBLE_DEVICES: [0]
[I 2023-12-16 09:08:13,853] Trial 26 finished with value: 143.90394592285156 and parameters: {'gradient_clip_val': 0.2934910292727871, 'hidden_size': 54, 'dropout': 0.26944663878373465, 'hidden_continuous_size': 32, 'attention_head_size': 3, 'learning_rate': 0.014944544616112441}. Best is trial 15 with value: 85.19074249267578.
LOCAL_RANK: 0 - CUDA_VISIBLE_DEVICES: [0]
[I 2023-12-16 09:09:04,594] Trial 27 finished with value: 132.16685485839844 and parameters: {'gradient_clip_val': 0.4965979351287415, 'hidden_size': 33, 'dropout': 0.19830455532365446, 'hidden_continuous_size': 17, 'attention_head_size': 1, 'learning_rate': 0.00712201296189495}. Best is trial 15 with value: 85.19074249267578.
LOCAL_RANK: 0 - CUDA_VISIBLE_DEVICES: [0]
[I 2023-12-16 09:09:58,625] Trial 28 finished with value: 145.76365661621094 and parameters: {'gradient_clip_val': 0.5161072166640864, 'hidden_size': 63, 'dropout': 0.23279899113718788, 'hidden_continuous_size': 38, 'attention_head_size': 2, 'learning_rate': 0.010158467721117266}. Best is trial 15 with value: 85.19074249267578.
LOCAL_RANK: 0 - CUDA_VISIBLE_DEVICES: [0]
[I 2023-12-16 09:10:47,905] Trial 29 finished with value: 147.56834411621094 and parameters: {'gradient_clip_val': 0.5700879106286021, 'hidden_size': 23, 'dropout': 0.1574427414559267, 'hidden_continuous_size': 9, 'attention_head_size': 3, 'learning_rate': 0.0006284280946785129}. Best is trial 15 with value: 85.19074249267578.
LOCAL_RANK: 0 - CUDA_VISIBLE_DEVICES: [0]
[I 2023-12-16 09:11:40,236] Trial 30 finished with value: 97.16119384765625 and parameters: {'gradient_clip_val': 0.35624452468299933, 'hidden_size': 41, 'dropout': 0.1723958039660694, 'hidden_continuous_size': 23, 'attention_head_size': 1, 'learning_rate': 0.021280725537417423}. Best is trial 15 with value: 85.19074249267578.
LOCAL_RANK: 0 - CUDA_VISIBLE_DEVICES: [0]
[I 2023-12-16 09:12:32,266] Trial 31 finished with value: 216.4229736328125 and parameters: {'gradient_clip_val': 0.35279950426676676, 'hidden_size': 46, 'dropout': 0.17491236192088488, 'hidden_continuous_size': 24, 'attention_head_size': 1, 'learning_rate': 0.022025829005961225}. Best is trial 15 with value: 85.19074249267578.
LOCAL_RANK: 0 - CUDA_VISIBLE_DEVICES: [0]
[I 2023-12-16 09:13:23,954] Trial 32 finished with value: 138.6555938720703 and parameters: {'gradient_clip_val': 0.3850245491737733, 'hidden_size': 41, 'dropout': 0.20055992811573725, 'hidden_continuous_size': 21, 'attention_head_size': 1, 'learning_rate': 0.015371137679857655}. Best is trial 15 with value: 85.19074249267578.
LOCAL_RANK: 0 - CUDA_VISIBLE_DEVICES: [0]
[I 2023-12-16 09:14:17,598] Trial 33 finished with value: 113.6118392944336 and parameters: {'gradient_clip_val': 0.2800905549990105, 'hidden_size': 76, 'dropout': 0.1456520995451861, 'hidden_continuous_size': 24, 'attention_head_size': 1, 'learning_rate': 0.006191762506925548}. Best is trial 15 with value: 85.19074249267578.
LOCAL_RANK: 0 - CUDA_VISIBLE_DEVICES: [0]
[I 2023-12-16 09:15:11,072] Trial 34 finished with value: 116.16149139404297 and parameters: {'gradient_clip_val': 0.3327368303471182, 'hidden_size': 63, 'dropout': 0.10556945254790966, 'hidden_continuous_size': 36, 'attention_head_size': 1, 'learning_rate': 0.03292075503097361}. Best is trial 15 with value: 85.19074249267578.
LOCAL_RANK: 0 - CUDA_VISIBLE_DEVICES: [0]
[I 2023-12-16 09:16:03,396] Trial 35 finished with value: 99.59066772460938 and parameters: {'gradient_clip_val': 0.40106564271531725, 'hidden_size': 33, 'dropout': 0.1847276522959836, 'hidden_continuous_size': 21, 'attention_head_size': 3, 'learning_rate': 0.009621100102113476}. Best is trial 15 with value: 85.19074249267578.
LOCAL_RANK: 0 - CUDA_VISIBLE_DEVICES: [0]
[I 2023-12-16 09:16:58,652] Trial 36 finished with value: 113.21249389648438 and parameters: {'gradient_clip_val': 0.4306342316563716, 'hidden_size': 75, 'dropout': 0.16977019450144118, 'hidden_continuous_size': 44, 'attention_head_size': 2, 'learning_rate': 0.005536574948613943}. Best is trial 15 with value: 85.19074249267578.
LOCAL_RANK: 0 - CUDA_VISIBLE_DEVICES: [0]
[I 2023-12-16 09:17:50,403] Trial 37 finished with value: 135.948486328125 and parameters: {'gradient_clip_val': 0.22735746429088083, 'hidden_size': 48, 'dropout': 0.13404554216741354, 'hidden_continuous_size': 28, 'attention_head_size': 1, 'learning_rate': 0.003793686993489966}. Best is trial 15 with value: 85.19074249267578.
LOCAL_RANK: 0 - CUDA_VISIBLE_DEVICES: [0]
[I 2023-12-16 09:18:44,924] Trial 38 finished with value: 160.89675903320312 and parameters: {'gradient_clip_val': 0.3120709331549963, 'hidden_size': 59, 'dropout': 0.22412838126911078, 'hidden_continuous_size': 36, 'attention_head_size': 3, 'learning_rate': 0.008464347956868928}. Best is trial 15 with value: 85.19074249267578.
LOCAL_RANK: 0 - CUDA_VISIBLE_DEVICES: [0]
[I 2023-12-16 09:19:37,733] Trial 39 finished with value: 107.5703125 and parameters: {'gradient_clip_val': 0.27895788853050396, 'hidden_size': 38, 'dropout': 0.16462647025833613, 'hidden_continuous_size': 27, 'attention_head_size': 2, 'learning_rate': 0.0034733833152042685}. Best is trial 15 with value: 85.19074249267578.
LOCAL_RANK: 0 - CUDA_VISIBLE_DEVICES: [0]
[I 2023-12-16 09:20:30,541] Trial 40 finished with value: 124.373046875 and parameters: {'gradient_clip_val': 0.19046422640526395, 'hidden_size': 72, 'dropout': 0.18965867691991947, 'hidden_continuous_size': 32, 'attention_head_size': 1, 'learning_rate': 0.0017780932514605446}. Best is trial 15 with value: 85.19074249267578.
LOCAL_RANK: 0 - CUDA_VISIBLE_DEVICES: [0]
[I 2023-12-16 09:21:23,454] Trial 41 finished with value: 113.178955078125 and parameters: {'gradient_clip_val': 0.45515159486573253, 'hidden_size': 42, 'dropout': 0.22751376489932656, 'hidden_continuous_size': 27, 'attention_head_size': 2, 'learning_rate': 0.008540102389223257}. Best is trial 15 with value: 85.19074249267578.
LOCAL_RANK: 0 - CUDA_VISIBLE_DEVICES: [0]
[I 2023-12-16 09:22:15,519] Trial 42 finished with value: 91.5304946899414 and parameters: {'gradient_clip_val': 0.46951821202788, 'hidden_size': 31, 'dropout': 0.2096970514751433, 'hidden_continuous_size': 25, 'attention_head_size': 2, 'learning_rate': 0.005288737633648528}. Best is trial 15 with value: 85.19074249267578.
LOCAL_RANK: 0 - CUDA_VISIBLE_DEVICES: [0]
[I 2023-12-16 09:23:04,632] Trial 43 finished with value: 109.38655853271484 and parameters: {'gradient_clip_val': 0.5425221130816316, 'hidden_size': 28, 'dropout': 0.2067269901303186, 'hidden_continuous_size': 18, 'attention_head_size': 3, 'learning_rate': 0.006468884200592903}. Best is trial 15 with value: 85.19074249267578.
LOCAL_RANK: 0 - CUDA_VISIBLE_DEVICES: [0]
[I 2023-12-16 09:23:55,398] Trial 44 finished with value: 100.68782806396484 and parameters: {'gradient_clip_val': 0.35474756923602274, 'hidden_size': 32, 'dropout': 0.2542573322696743, 'hidden_continuous_size': 25, 'attention_head_size': 1, 'learning_rate': 0.005844861793198569}. Best is trial 15 with value: 85.19074249267578.
LOCAL_RANK: 0 - CUDA_VISIBLE_DEVICES: [0]
[I 2023-12-16 09:24:49,648] Trial 45 finished with value: 86.44071197509766 and parameters: {'gradient_clip_val': 0.5994222600657316, 'hidden_size': 49, 'dropout': 0.21415923740243145, 'hidden_continuous_size': 32, 'attention_head_size': 4, 'learning_rate': 0.012151494149858784}. Best is trial 15 with value: 85.19074249267578.
LOCAL_RANK: 0 - CUDA_VISIBLE_DEVICES: [0]
[I 2023-12-16 09:25:42,950] Trial 46 finished with value: 198.6364288330078 and parameters: {'gradient_clip_val': 0.648849513961105, 'hidden_size': 52, 'dropout': 0.2197059391231172, 'hidden_continuous_size': 11, 'attention_head_size': 4, 'learning_rate': 0.005115495640804509}. Best is trial 15 with value: 85.19074249267578.
LOCAL_RANK: 0 - CUDA_VISIBLE_DEVICES: [0]
[I 2023-12-16 09:26:38,709] Trial 47 finished with value: 122.74755096435547 and parameters: {'gradient_clip_val': 0.598228556988587, 'hidden_size': 66, 'dropout': 0.23736668909106906, 'hidden_continuous_size': 42, 'attention_head_size': 4, 'learning_rate': 0.012224608731128935}. Best is trial 15 with value: 85.19074249267578.
LOCAL_RANK: 0 - CUDA_VISIBLE_DEVICES: [0]
[I 2023-12-16 09:27:31,466] Trial 48 finished with value: 112.57442474365234 and parameters: {'gradient_clip_val': 0.7462020639812975, 'hidden_size': 48, 'dropout': 0.2085405191105308, 'hidden_continuous_size': 32, 'attention_head_size': 4, 'learning_rate': 0.0033170930020442802}. Best is trial 15 with value: 85.19074249267578.
LOCAL_RANK: 0 - CUDA_VISIBLE_DEVICES: [0]
[I 2023-12-16 09:28:21,579] Trial 49 finished with value: 83.9201889038086 and parameters: {'gradient_clip_val': 0.4792087435243, 'hidden_size': 25, 'dropout': 0.23974642295578863, 'hidden_continuous_size': 13, 'attention_head_size': 3, 'learning_rate': 0.010962461225842416}. Best is trial 49 with value: 83.9201889038086.
[I 2023-12-16 09:28:21,671] A new study created in memory with name: no-name-c8d8d6ee-8e11-408e-a969-2d0e969729dc
/home/le004/conda/anaconda3/envs/tsff_env/lib/python3.9/site-packages/lightning/fabric/plugins/environments/slurm.py:191: The `srun` command is available on your system but is not used. HINT: If your intention is to run Lightning on SLURM, prepend your python command with `srun` like so: srun python /home/le004/master_thesis/git/TSFusionForecast/code/ ...
LOCAL_RANK: 0 - CUDA_VISIBLE_DEVICES: [0]
[I 2023-12-16 09:28:56,298] Trial 0 finished with value: 2936.376953125 and parameters: {'gradient_clip_val': 0.6069046536067627, 'hidden_size': 5, 'dropout': 0.15401788191783272, 'hidden_continuous_size': 5, 'attention_head_size': 2, 'learning_rate': 0.0006703365968175147}. Best is trial 0 with value: 2936.376953125.
LOCAL_RANK: 0 - CUDA_VISIBLE_DEVICES: [0]
[I 2023-12-16 09:29:47,985] Trial 1 finished with value: 1095.92626953125 and parameters: {'gradient_clip_val': 0.1736482903115108, 'hidden_size': 31, 'dropout': 0.14759141282679755, 'hidden_continuous_size': 30, 'attention_head_size': 1, 'learning_rate': 0.0015482655907204516}. Best is trial 1 with value: 1095.92626953125.
LOCAL_RANK: 0 - CUDA_VISIBLE_DEVICES: [0]
[I 2023-12-16 09:30:43,141] Trial 2 finished with value: 1686.2513427734375 and parameters: {'gradient_clip_val': 0.10476412330663147, 'hidden_size': 86, 'dropout': 0.27986063936119654, 'hidden_continuous_size': 32, 'attention_head_size': 3, 'learning_rate': 0.019964096902196513}. Best is trial 1 with value: 1095.92626953125.
LOCAL_RANK: 0 - CUDA_VISIBLE_DEVICES: [0]
[I 2023-12-16 09:31:30,888] Trial 3 finished with value: 1031.6112060546875 and parameters: {'gradient_clip_val': 0.4626395212999485, 'hidden_size': 28, 'dropout': 0.2958438919906934, 'hidden_continuous_size': 12, 'attention_head_size': 1, 'learning_rate': 0.001289517463281098}. Best is trial 3 with value: 1031.6112060546875.
LOCAL_RANK: 0 - CUDA_VISIBLE_DEVICES: [0]
[I 2023-12-16 09:32:27,497] Trial 4 finished with value: 1630.9599609375 and parameters: {'gradient_clip_val': 0.20038234572376343, 'hidden_size': 81, 'dropout': 0.24200010602736532, 'hidden_continuous_size': 48, 'attention_head_size': 4, 'learning_rate': 0.013661862487650112}. Best is trial 3 with value: 1031.6112060546875.
LOCAL_RANK: 0 - CUDA_VISIBLE_DEVICES: [0]
[I 2023-12-16 09:33:18,073] Trial 5 finished with value: 1769.869140625 and parameters: {'gradient_clip_val': 0.8004426566389422, 'hidden_size': 27, 'dropout': 0.3621400447483992, 'hidden_continuous_size': 19, 'attention_head_size': 4, 'learning_rate': 0.0013942010625346882}. Best is trial 3 with value: 1031.6112060546875.
LOCAL_RANK: 0 - CUDA_VISIBLE_DEVICES: [0]
[I 2023-12-16 09:34:03,978] Trial 6 finished with value: 3588.171630859375 and parameters: {'gradient_clip_val': 0.21209257593272476, 'hidden_size': 11, 'dropout': 0.12445795133503917, 'hidden_continuous_size': 7, 'attention_head_size': 2, 'learning_rate': 0.0006255603592061748}. Best is trial 3 with value: 1031.6112060546875.
LOCAL_RANK: 0 - CUDA_VISIBLE_DEVICES: [0]
[I 2023-12-16 09:34:56,456] Trial 7 finished with value: 3069.556640625 and parameters: {'gradient_clip_val': 0.20740849234949432, 'hidden_size': 50, 'dropout': 0.20309009073081355, 'hidden_continuous_size': 12, 'attention_head_size': 1, 'learning_rate': 0.0006402219536182518}. Best is trial 3 with value: 1031.6112060546875.
LOCAL_RANK: 0 - CUDA_VISIBLE_DEVICES: [0]
[I 2023-12-16 09:35:41,855] Trial 8 finished with value: 3681.30859375 and parameters: {'gradient_clip_val': 0.7552498050985881, 'hidden_size': 6, 'dropout': 0.384717307762234, 'hidden_continuous_size': 5, 'attention_head_size': 3, 'learning_rate': 0.0062482414691865705}. Best is trial 3 with value: 1031.6112060546875.
LOCAL_RANK: 0 - CUDA_VISIBLE_DEVICES: [0]
[I 2023-12-16 09:36:37,728] Trial 9 finished with value: 1357.1942138671875 and parameters: {'gradient_clip_val': 0.47714888482013756, 'hidden_size': 95, 'dropout': 0.35991204752084816, 'hidden_continuous_size': 32, 'attention_head_size': 3, 'learning_rate': 0.06864033117920602}. Best is trial 3 with value: 1031.6112060546875.
LOCAL_RANK: 0 - CUDA_VISIBLE_DEVICES: [0]
[I 2023-12-16 09:37:23,321] Trial 10 finished with value: 1779.5892333984375 and parameters: {'gradient_clip_val': 0.3877656265829073, 'hidden_size': 14, 'dropout': 0.3089839894264754, 'hidden_continuous_size': 8, 'attention_head_size': 1, 'learning_rate': 0.00566881513447834}. Best is trial 3 with value: 1031.6112060546875.
LOCAL_RANK: 0 - CUDA_VISIBLE_DEVICES: [0]
[I 2023-12-16 09:38:12,588] Trial 11 finished with value: 834.7606811523438 and parameters: {'gradient_clip_val': 0.31606548550799846, 'hidden_size': 31, 'dropout': 0.17909631018380112, 'hidden_continuous_size': 14, 'attention_head_size': 1, 'learning_rate': 0.0025275608519564393}. Best is trial 11 with value: 834.7606811523438.
LOCAL_RANK: 0 - CUDA_VISIBLE_DEVICES: [0]
[I 2023-12-16 09:39:04,933] Trial 12 finished with value: 1629.6474609375 and parameters: {'gradient_clip_val': 0.3572977100190466, 'hidden_size': 41, 'dropout': 0.20236168257903203, 'hidden_continuous_size': 13, 'attention_head_size': 2, 'learning_rate': 0.0024597977190677946}. Best is trial 11 with value: 834.7606811523438.
LOCAL_RANK: 0 - CUDA_VISIBLE_DEVICES: [0]
[I 2023-12-16 09:39:53,085] Trial 13 finished with value: 939.92822265625 and parameters: {'gradient_clip_val': 0.47674687962951295, 'hidden_size': 19, 'dropout': 0.10599488598624002, 'hidden_continuous_size': 10, 'attention_head_size': 1, 'learning_rate': 0.0028811747801234158}. Best is trial 11 with value: 834.7606811523438.
LOCAL_RANK: 0 - CUDA_VISIBLE_DEVICES: [0]
[I 2023-12-16 09:40:40,404] Trial 14 finished with value: 2651.581787109375 and parameters: {'gradient_clip_val': 0.29768744677098347, 'hidden_size': 18, 'dropout': 0.11059636683622748, 'hidden_continuous_size': 10, 'attention_head_size': 1, 'learning_rate': 0.003413928404790814}. Best is trial 11 with value: 834.7606811523438.
LOCAL_RANK: 0 - CUDA_VISIBLE_DEVICES: [0]
[I 2023-12-16 09:41:28,404] Trial 15 finished with value: 709.6162109375 and parameters: {'gradient_clip_val': 0.9180094246911938, 'hidden_size': 19, 'dropout': 0.1680933997310211, 'hidden_continuous_size': 10, 'attention_head_size': 2, 'learning_rate': 0.0030672074364104843}. Best is trial 15 with value: 709.6162109375.
LOCAL_RANK: 0 - CUDA_VISIBLE_DEVICES: [0]
[I 2023-12-16 09:42:13,921] Trial 16 finished with value: 695.7103881835938 and parameters: {'gradient_clip_val': 0.8840200291020165, 'hidden_size': 13, 'dropout': 0.19006972971977049, 'hidden_continuous_size': 7, 'attention_head_size': 2, 'learning_rate': 0.005057626683893723}. Best is trial 16 with value: 695.7103881835938.
LOCAL_RANK: 0 - CUDA_VISIBLE_DEVICES: [0]
[I 2023-12-16 09:42:59,519] Trial 17 finished with value: 1575.3511962890625 and parameters: {'gradient_clip_val': 0.87702403703098, 'hidden_size': 10, 'dropout': 0.22682161971017115, 'hidden_continuous_size': 6, 'attention_head_size': 2, 'learning_rate': 0.010992729469333449}. Best is trial 16 with value: 695.7103881835938.
LOCAL_RANK: 0 - CUDA_VISIBLE_DEVICES: [0]
[I 2023-12-16 09:43:43,780] Trial 18 finished with value: 903.0859985351562 and parameters: {'gradient_clip_val': 0.9320414686616123, 'hidden_size': 8, 'dropout': 0.17097988691391797, 'hidden_continuous_size': 5, 'attention_head_size': 2, 'learning_rate': 0.004929325713342359}. Best is trial 16 with value: 695.7103881835938.
LOCAL_RANK: 0 - CUDA_VISIBLE_DEVICES: [0]
[I 2023-12-16 09:44:30,512] Trial 19 finished with value: 808.3856811523438 and parameters: {'gradient_clip_val': 0.6612863231868046, 'hidden_size': 15, 'dropout': 0.20849442233964907, 'hidden_continuous_size': 7, 'attention_head_size': 3, 'learning_rate': 0.008877692044594479}. Best is trial 16 with value: 695.7103881835938.
LOCAL_RANK: 0 - CUDA_VISIBLE_DEVICES: [0]
[I 2023-12-16 09:45:18,747] Trial 20 finished with value: 1910.7152099609375 and parameters: {'gradient_clip_val': 0.9797472252388416, 'hidden_size': 21, 'dropout': 0.26096786197318467, 'hidden_continuous_size': 8, 'attention_head_size': 2, 'learning_rate': 0.02311251771734175}. Best is trial 16 with value: 695.7103881835938.
LOCAL_RANK: 0 - CUDA_VISIBLE_DEVICES: [0]
[I 2023-12-16 09:46:04,839] Trial 21 finished with value: 2119.976806640625 and parameters: {'gradient_clip_val': 0.6712825920905572, 'hidden_size': 15, 'dropout': 0.20692131635149769, 'hidden_continuous_size': 7, 'attention_head_size': 3, 'learning_rate': 0.00865788119162113}. Best is trial 16 with value: 695.7103881835938.
LOCAL_RANK: 0 - CUDA_VISIBLE_DEVICES: [0]
[I 2023-12-16 09:46:50,937] Trial 22 finished with value: 871.9981079101562 and parameters: {'gradient_clip_val': 0.6273722902681962, 'hidden_size': 13, 'dropout': 0.1778365805195782, 'hidden_continuous_size': 6, 'attention_head_size': 3, 'learning_rate': 0.004529408116050363}. Best is trial 16 with value: 695.7103881835938.
LOCAL_RANK: 0 - CUDA_VISIBLE_DEVICES: [0]
[I 2023-12-16 09:47:36,520] Trial 23 finished with value: 1137.09228515625 and parameters: {'gradient_clip_val': 0.7622415168140446, 'hidden_size': 16, 'dropout': 0.22498407592618241, 'hidden_continuous_size': 7, 'attention_head_size': 4, 'learning_rate': 0.006760980041119473}. Best is trial 16 with value: 695.7103881835938.
LOCAL_RANK: 0 - CUDA_VISIBLE_DEVICES: [0]
[I 2023-12-16 09:48:22,152] Trial 24 finished with value: 1388.3782958984375 and parameters: {'gradient_clip_val': 0.9653376960957554, 'hidden_size': 11, 'dropout': 0.14011385602906976, 'hidden_continuous_size': 6, 'attention_head_size': 2, 'learning_rate': 0.008981265737742536}. Best is trial 16 with value: 695.7103881835938.
LOCAL_RANK: 0 - CUDA_VISIBLE_DEVICES: [0]
[I 2023-12-16 09:49:06,645] Trial 25 finished with value: 730.6565551757812 and parameters: {'gradient_clip_val': 0.5933790412926128, 'hidden_size': 8, 'dropout': 0.1846690949720205, 'hidden_continuous_size': 5, 'attention_head_size': 3, 'learning_rate': 0.004294033372797066}. Best is trial 16 with value: 695.7103881835938.
LOCAL_RANK: 0 - CUDA_VISIBLE_DEVICES: [0]
[I 2023-12-16 09:49:50,464] Trial 26 finished with value: 6828.30615234375 and parameters: {'gradient_clip_val': 0.9892901132645752, 'hidden_size': 8, 'dropout': 0.16736095787202804, 'hidden_continuous_size': 5, 'attention_head_size': 2, 'learning_rate': 0.003934315788849626}. Best is trial 16 with value: 695.7103881835938.
LOCAL_RANK: 0 - CUDA_VISIBLE_DEVICES: [0]
[I 2023-12-16 09:50:35,086] Trial 27 finished with value: 2150.54443359375 and parameters: {'gradient_clip_val': 0.5643723095909965, 'hidden_size': 8, 'dropout': 0.13198596942311686, 'hidden_continuous_size': 5, 'attention_head_size': 3, 'learning_rate': 0.0020019943245435795}. Best is trial 16 with value: 695.7103881835938.
LOCAL_RANK: 0 - CUDA_VISIBLE_DEVICES: [0]
[I 2023-12-16 09:51:23,683] Trial 28 finished with value: 1166.9044189453125 and parameters: {'gradient_clip_val': 0.7456711688650124, 'hidden_size': 21, 'dropout': 0.1913874627416515, 'hidden_continuous_size': 9, 'attention_head_size': 2, 'learning_rate': 0.0037900769735035936}. Best is trial 16 with value: 695.7103881835938.
LOCAL_RANK: 0 - CUDA_VISIBLE_DEVICES: [0]
[I 2023-12-16 09:52:08,155] Trial 29 finished with value: 1192.1553955078125 and parameters: {'gradient_clip_val': 0.5628557536358404, 'hidden_size': 12, 'dropout': 0.15748005211942642, 'hidden_continuous_size': 6, 'attention_head_size': 2, 'learning_rate': 0.0010636996760920168}. Best is trial 16 with value: 695.7103881835938.
LOCAL_RANK: 0 - CUDA_VISIBLE_DEVICES: [0]
[I 2023-12-16 09:52:43,476] Trial 30 finished with value: 2561.103759765625 and parameters: {'gradient_clip_val': 0.8469152308360416, 'hidden_size': 5, 'dropout': 0.15286194965798885, 'hidden_continuous_size': 5, 'attention_head_size': 3, 'learning_rate': 0.0008879578893097163}. Best is trial 16 with value: 695.7103881835938.
LOCAL_RANK: 0 - CUDA_VISIBLE_DEVICES: [0]
[I 2023-12-16 09:53:28,736] Trial 31 finished with value: 1429.4383544921875 and parameters: {'gradient_clip_val': 0.6633988775065569, 'hidden_size': 16, 'dropout': 0.18753933950664325, 'hidden_continuous_size': 7, 'attention_head_size': 3, 'learning_rate': 0.005293379049566208}. Best is trial 16 with value: 695.7103881835938.
LOCAL_RANK: 0 - CUDA_VISIBLE_DEVICES: [0]
[I 2023-12-16 09:54:14,751] Trial 32 finished with value: 828.4656372070312 and parameters: {'gradient_clip_val': 0.7163627965280133, 'hidden_size': 10, 'dropout': 0.21828952368525922, 'hidden_continuous_size': 6, 'attention_head_size': 3, 'learning_rate': 0.0019337560539274678}. Best is trial 16 with value: 695.7103881835938.
LOCAL_RANK: 0 - CUDA_VISIBLE_DEVICES: [0]
