[I 2023-12-26 17:37:53,308] Trial 27 finished with value: 2.7101786136627197 and parameters: {'gradient_clip_val': 0.1508687497505258, 'hidden_size': 149, 'dropout': 0.43154798384782217, 'hidden_continuous_size': 27, 'attention_head_size': 2, 'learning_rate': 0.018995648458759028}. Best is trial 0 with value: 0.10305806249380112.
[I 2023-12-26 17:38:00,022] Trial 28 finished with value: 3.786465644836426 and parameters: {'gradient_clip_val': 0.21581787026210458, 'hidden_size': 112, 'dropout': 0.4740580904047941, 'hidden_continuous_size': 61, 'attention_head_size': 1, 'learning_rate': 0.009553816532268595}. Best is trial 0 with value: 0.10305806249380112.
[I 2023-12-26 17:38:04,871] Trial 29 finished with value: 2.5469741821289062 and parameters: {'gradient_clip_val': 0.38342114055215526, 'hidden_size': 79, 'dropout': 0.28077231916059975, 'hidden_continuous_size': 44, 'attention_head_size': 1, 'learning_rate': 0.00549081868203879}. Best is trial 0 with value: 0.10305806249380112.
[I 2023-12-26 17:38:08,811] Trial 30 finished with value: 3.894495964050293 and parameters: {'gradient_clip_val': 0.27640127609914367, 'hidden_size': 67, 'dropout': 0.4243006392447592, 'hidden_continuous_size': 28, 'attention_head_size': 2, 'learning_rate': 0.000574940422774633}. Best is trial 0 with value: 0.10305806249380112.
[I 2023-12-26 17:38:17,026] Trial 31 finished with value: 2.447587013244629 and parameters: {'gradient_clip_val': 0.4661520506958986, 'hidden_size': 97, 'dropout': 0.4566823594558505, 'hidden_continuous_size': 42, 'attention_head_size': 1, 'learning_rate': 0.0025075543026642838}. Best is trial 0 with value: 0.10305806249380112.
[I 2023-12-26 17:38:19,298] Trial 32 finished with value: 3.4179513454437256 and parameters: {'gradient_clip_val': 0.33383421060521823, 'hidden_size': 17, 'dropout': 0.3836369723813482, 'hidden_continuous_size': 12, 'attention_head_size': 1, 'learning_rate': 0.003935521271386344}. Best is trial 0 with value: 0.10305806249380112.
[I 2023-12-26 17:38:21,436] Trial 33 finished with value: 2.2452986240386963 and parameters: {'gradient_clip_val': 0.3825179281716758, 'hidden_size': 20, 'dropout': 0.46333359335530366, 'hidden_continuous_size': 8, 'attention_head_size': 1, 'learning_rate': 0.003034507314663182}. Best is trial 0 with value: 0.10305806249380112.
[I 2023-12-26 17:38:23,581] Trial 34 finished with value: 3.6501481533050537 and parameters: {'gradient_clip_val': 0.3744105924193841, 'hidden_size': 21, 'dropout': 0.4719429862665823, 'hidden_continuous_size': 7, 'attention_head_size': 1, 'learning_rate': 0.003021386350277302}. Best is trial 0 with value: 0.10305806249380112.
[I 2023-12-26 17:38:32,562] Trial 35 finished with value: 2.2623238563537598 and parameters: {'gradient_clip_val': 0.2783273782599156, 'hidden_size': 123, 'dropout': 0.44015523903762027, 'hidden_continuous_size': 73, 'attention_head_size': 2, 'learning_rate': 0.001444211461588634}. Best is trial 0 with value: 0.10305806249380112.
[I 2023-12-26 17:38:35,485] Trial 36 finished with value: 2.801044225692749 and parameters: {'gradient_clip_val': 0.47743670241602876, 'hidden_size': 23, 'dropout': 0.3595443017668307, 'hidden_continuous_size': 8, 'attention_head_size': 1, 'learning_rate': 0.007914222248867476}. Best is trial 0 with value: 0.10305806249380112.
[I 2023-12-26 17:38:39,138] Trial 37 finished with value: 3.8990604877471924 and parameters: {'gradient_clip_val': 0.23643065491865684, 'hidden_size': 42, 'dropout': 0.40834167063383964, 'hidden_continuous_size': 15, 'attention_head_size': 2, 'learning_rate': 0.005303125393009751}. Best is trial 0 with value: 0.10305806249380112.
[I 2023-12-26 17:38:44,936] Trial 38 finished with value: 2.943735122680664 and parameters: {'gradient_clip_val': 0.36057922459589825, 'hidden_size': 86, 'dropout': 0.4612476303464733, 'hidden_continuous_size': 28, 'attention_head_size': 3, 'learning_rate': 0.00195584295822074}. Best is trial 0 with value: 0.10305806249380112.
[I 2023-12-26 17:38:49,320] Trial 39 finished with value: 3.1093409061431885 and parameters: {'gradient_clip_val': 0.27484726899899825, 'hidden_size': 66, 'dropout': 0.4792296580286573, 'hidden_continuous_size': 36, 'attention_head_size': 2, 'learning_rate': 0.003075436457563213}. Best is trial 0 with value: 0.10305806249380112.
[I 2023-12-26 17:38:51,551] Trial 40 finished with value: 3.0491504669189453 and parameters: {'gradient_clip_val': 0.3025411614013692, 'hidden_size': 14, 'dropout': 0.4414575418545159, 'hidden_continuous_size': 9, 'attention_head_size': 1, 'learning_rate': 0.006769764042684856}. Best is trial 0 with value: 0.10305806249380112.
[I 2023-12-26 17:38:59,352] Trial 41 finished with value: 3.3939685821533203 and parameters: {'gradient_clip_val': 0.2831534538514861, 'hidden_size': 122, 'dropout': 0.43935118594702455, 'hidden_continuous_size': 60, 'attention_head_size': 2, 'learning_rate': 0.0012639024738678372}. Best is trial 0 with value: 0.10305806249380112.
[I 2023-12-26 17:39:09,162] Trial 42 finished with value: 2.535534143447876 and parameters: {'gradient_clip_val': 0.34359466509123393, 'hidden_size': 126, 'dropout': 0.4120607525677573, 'hidden_continuous_size': 81, 'attention_head_size': 2, 'learning_rate': 0.0015842065123173156}. Best is trial 0 with value: 0.10305806249380112.
[I 2023-12-26 17:39:16,859] Trial 43 finished with value: 1.8015016317367554 and parameters: {'gradient_clip_val': 0.41826196162360524, 'hidden_size': 112, 'dropout': 0.47798946920062035, 'hidden_continuous_size': 49, 'attention_head_size': 3, 'learning_rate': 0.000937137761728205}. Best is trial 0 with value: 0.10305806249380112.
[I 2023-12-26 17:39:26,290] Trial 44 finished with value: 2.1972720623016357 and parameters: {'gradient_clip_val': 0.41864241326988433, 'hidden_size': 105, 'dropout': 0.482063175250679, 'hidden_continuous_size': 50, 'attention_head_size': 3, 'learning_rate': 0.0009304175584553294}. Best is trial 0 with value: 0.10305806249380112.
[I 2023-12-26 17:39:33,031] Trial 45 finished with value: 2.6711313724517822 and parameters: {'gradient_clip_val': 0.42865132008230156, 'hidden_size': 106, 'dropout': 0.48133430626838686, 'hidden_continuous_size': 53, 'attention_head_size': 3, 'learning_rate': 0.0008483345186908955}. Best is trial 0 with value: 0.10305806249380112.
[I 2023-12-26 17:39:38,106] Trial 46 finished with value: 3.0160038471221924 and parameters: {'gradient_clip_val': 0.5333699098302264, 'hidden_size': 84, 'dropout': 0.49451214166201946, 'hidden_continuous_size': 48, 'attention_head_size': 3, 'learning_rate': 0.0009584012261645892}. Best is trial 0 with value: 0.10305806249380112.
[I 2023-12-26 17:39:44,546] Trial 47 finished with value: 2.8044450283050537 and parameters: {'gradient_clip_val': 0.563049765849517, 'hidden_size': 101, 'dropout': 0.47918938623207974, 'hidden_continuous_size': 58, 'attention_head_size': 4, 'learning_rate': 0.0006823046135680441}. Best is trial 0 with value: 0.10305806249380112.
[I 2023-12-26 17:39:48,406] Trial 48 finished with value: 3.0912892818450928 and parameters: {'gradient_clip_val': 0.4119438431260725, 'hidden_size': 66, 'dropout': 0.49969615371876436, 'hidden_continuous_size': 46, 'attention_head_size': 3, 'learning_rate': 0.001079685482079848}. Best is trial 0 with value: 0.10305806249380112.
[I 2023-12-26 17:39:57,258] Trial 49 finished with value: 3.0587966442108154 and parameters: {'gradient_clip_val': 0.3406666722264348, 'hidden_size': 132, 'dropout': 0.4529768594668711, 'hidden_continuous_size': 38, 'attention_head_size': 3, 'learning_rate': 0.0005930981506953411}. Best is trial 0 with value: 0.10305806249380112.
[I 2023-12-26 17:39:57,382] A new study created in memory with name: no-name-b986c5bc-df06-41f8-b117-d218d83f3889
/home/le004/conda/anaconda3/envs/tsff_env/lib/python3.9/site-packages/lightning/fabric/plugins/environments/slurm.py:191: The `srun` command is available on your system but is not used. HINT: If your intention is to run Lightning on SLURM, prepend your python command with `srun` like so: srun python /home/le004/master_thesis/git/TSFusionForecast/code/ ...
[I 2023-12-26 17:44:57,058] Trial 0 finished with value: 0.042086705565452576 and parameters: {'gradient_clip_val': 0.17341064951254748, 'hidden_size': 20, 'dropout': 0.4735243000978345, 'hidden_continuous_size': 7, 'attention_head_size': 3, 'learning_rate': 0.003988980084289293}. Best is trial 0 with value: 0.042086705565452576.
[I 2023-12-26 17:45:50,678] Trial 1 finished with value: 0.09040463715791702 and parameters: {'gradient_clip_val': 0.15008098174393966, 'hidden_size': 6, 'dropout': 0.40716777011922434, 'hidden_continuous_size': 5, 'attention_head_size': 4, 'learning_rate': 0.06798186778774744}. Best is trial 0 with value: 0.042086705565452576.
[I 2023-12-26 17:45:55,519] Trial 2 finished with value: 3.250684976577759 and parameters: {'gradient_clip_val': 0.8717333388357986, 'hidden_size': 72, 'dropout': 0.22579380540713775, 'hidden_continuous_size': 38, 'attention_head_size': 1, 'learning_rate': 0.0018529083429087902}. Best is trial 0 with value: 0.042086705565452576.
[I 2023-12-26 17:45:57,493] Trial 3 finished with value: 4.194575309753418 and parameters: {'gradient_clip_val': 0.6017178782282403, 'hidden_size': 7, 'dropout': 0.39447688644053625, 'hidden_continuous_size': 6, 'attention_head_size': 3, 'learning_rate': 0.0005083596486044952}. Best is trial 0 with value: 0.042086705565452576.
[I 2023-12-26 17:45:59,568] Trial 4 finished with value: 5.693323612213135 and parameters: {'gradient_clip_val': 0.1674717319954428, 'hidden_size': 12, 'dropout': 0.2303106580562151, 'hidden_continuous_size': 9, 'attention_head_size': 2, 'learning_rate': 0.0030651855598670228}. Best is trial 0 with value: 0.042086705565452576.
[I 2023-12-26 17:46:04,572] Trial 5 finished with value: 4.134222507476807 and parameters: {'gradient_clip_val': 0.23536005853684255, 'hidden_size': 80, 'dropout': 0.20017079953129022, 'hidden_continuous_size': 5, 'attention_head_size': 1, 'learning_rate': 0.0019973001665913362}. Best is trial 0 with value: 0.042086705565452576.
[I 2023-12-26 17:46:06,747] Trial 6 finished with value: 3.774841547012329 and parameters: {'gradient_clip_val': 0.1421417400696025, 'hidden_size': 13, 'dropout': 0.18908278411374788, 'hidden_continuous_size': 11, 'attention_head_size': 3, 'learning_rate': 0.005303288148341938}. Best is trial 0 with value: 0.042086705565452576.
[I 2023-12-26 17:46:13,149] Trial 7 finished with value: 2.798367738723755 and parameters: {'gradient_clip_val': 0.7224532517791136, 'hidden_size': 94, 'dropout': 0.2544960567471786, 'hidden_continuous_size': 23, 'attention_head_size': 2, 'learning_rate': 0.0022648280935573897}. Best is trial 0 with value: 0.042086705565452576.
[I 2023-12-26 17:46:14,860] Trial 8 finished with value: 4.573907375335693 and parameters: {'gradient_clip_val': 0.12840091585595553, 'hidden_size': 5, 'dropout': 0.46530311162230076, 'hidden_continuous_size': 5, 'attention_head_size': 1, 'learning_rate': 0.0024484446466114793}. Best is trial 0 with value: 0.042086705565452576.
[I 2023-12-26 17:46:16,866] Trial 9 finished with value: 4.924826145172119 and parameters: {'gradient_clip_val': 0.8321066450011407, 'hidden_size': 16, 'dropout': 0.4864314691095716, 'hidden_continuous_size': 5, 'attention_head_size': 4, 'learning_rate': 0.0005448782100310112}. Best is trial 0 with value: 0.042086705565452576.
[I 2023-12-26 17:46:19,669] Trial 10 finished with value: 4.81945276260376 and parameters: {'gradient_clip_val': 0.360009006683938, 'hidden_size': 35, 'dropout': 0.12395216288006147, 'hidden_continuous_size': 8, 'attention_head_size': 3, 'learning_rate': 0.016061003809901796}. Best is trial 0 with value: 0.042086705565452576.
[I 2023-12-26 17:46:22,270] Trial 11 finished with value: 3.664320707321167 and parameters: {'gradient_clip_val': 0.10064445816178116, 'hidden_size': 29, 'dropout': 0.3613345815170561, 'hidden_continuous_size': 7, 'attention_head_size': 4, 'learning_rate': 0.04658101071301368}. Best is trial 0 with value: 0.042086705565452576.
[I 2023-12-26 17:46:24,326] Trial 12 finished with value: 4.143107891082764 and parameters: {'gradient_clip_val': 0.20832158668913625, 'hidden_size': 5, 'dropout': 0.41744491400254774, 'hidden_continuous_size': 5, 'attention_head_size': 4, 'learning_rate': 0.08617012800314383}. Best is trial 0 with value: 0.042086705565452576.
[I 2023-12-26 17:46:26,284] Trial 13 finished with value: 4.835700988769531 and parameters: {'gradient_clip_val': 0.2694527218375411, 'hidden_size': 8, 'dropout': 0.34142435696184814, 'hidden_continuous_size': 6, 'attention_head_size': 4, 'learning_rate': 0.011328904423801857}. Best is trial 0 with value: 0.042086705565452576.
[I 2023-12-26 17:46:28,455] Trial 14 finished with value: 4.459188461303711 and parameters: {'gradient_clip_val': 0.17704519956045414, 'hidden_size': 17, 'dropout': 0.49704714026085617, 'hidden_continuous_size': 6, 'attention_head_size': 3, 'learning_rate': 0.024459726241100852}. Best is trial 0 with value: 0.042086705565452576.
[I 2023-12-26 17:46:31,545] Trial 15 finished with value: 3.988494873046875 and parameters: {'gradient_clip_val': 0.10241303642078217, 'hidden_size': 42, 'dropout': 0.4277999569547484, 'hidden_continuous_size': 12, 'attention_head_size': 2, 'learning_rate': 0.09236190704622363}. Best is trial 0 with value: 0.042086705565452576.
[I 2023-12-26 17:46:33,869] Trial 16 finished with value: 5.059558868408203 and parameters: {'gradient_clip_val': 0.33018740339889596, 'hidden_size': 21, 'dropout': 0.3152828932913514, 'hidden_continuous_size': 7, 'attention_head_size': 4, 'learning_rate': 0.03279923989925635}. Best is trial 0 with value: 0.042086705565452576.
[I 2023-12-26 17:46:44,773] Trial 17 finished with value: 4.982416152954102 and parameters: {'gradient_clip_val': 0.18805818593812826, 'hidden_size': 150, 'dropout': 0.43769629978401176, 'hidden_continuous_size': 112, 'attention_head_size': 3, 'learning_rate': 0.008332747697640518}. Best is trial 0 with value: 0.042086705565452576.
[I 2023-12-26 17:46:47,267] Trial 18 finished with value: 5.950143814086914 and parameters: {'gradient_clip_val': 0.14025262014342593, 'hidden_size': 25, 'dropout': 0.37790471263023007, 'hidden_continuous_size': 6, 'attention_head_size': 4, 'learning_rate': 0.018798109036630966}. Best is trial 0 with value: 0.042086705565452576.
[I 2023-12-26 17:46:49,322] Trial 19 finished with value: 6.749799728393555 and parameters: {'gradient_clip_val': 0.2542528173028061, 'hidden_size': 9, 'dropout': 0.4479840929857283, 'hidden_continuous_size': 6, 'attention_head_size': 3, 'learning_rate': 0.038682137965228555}. Best is trial 0 with value: 0.042086705565452576.
[I 2023-12-26 17:46:51,385] Trial 20 finished with value: 4.982971668243408 and parameters: {'gradient_clip_val': 0.3929905517207958, 'hidden_size': 11, 'dropout': 0.4002833773100334, 'hidden_continuous_size': 5, 'attention_head_size': 2, 'learning_rate': 0.005053624717890875}. Best is trial 0 with value: 0.042086705565452576.
[I 2023-12-26 17:46:53,594] Trial 21 finished with value: 6.220573902130127 and parameters: {'gradient_clip_val': 0.5517354840024535, 'hidden_size': 20, 'dropout': 0.30203156829785316, 'hidden_continuous_size': 8, 'attention_head_size': 2, 'learning_rate': 0.01032551102963649}. Best is trial 0 with value: 0.042086705565452576.
[I 2023-12-26 17:46:56,635] Trial 22 finished with value: 4.245739936828613 and parameters: {'gradient_clip_val': 0.280778619823089, 'hidden_size': 44, 'dropout': 0.27213238401455814, 'hidden_continuous_size': 16, 'attention_head_size': 2, 'learning_rate': 0.0052825110286784755}. Best is trial 0 with value: 0.042086705565452576.
[I 2023-12-26 17:46:58,761] Trial 23 finished with value: 3.5581023693084717 and parameters: {'gradient_clip_val': 0.22194220610836385, 'hidden_size': 14, 'dropout': 0.45845271845711166, 'hidden_continuous_size': 7, 'attention_head_size': 2, 'learning_rate': 0.001244206961406444}. Best is trial 0 with value: 0.042086705565452576.
[I 2023-12-26 17:47:00,985] Trial 24 finished with value: 4.842062473297119 and parameters: {'gradient_clip_val': 0.4338377171349685, 'hidden_size': 6, 'dropout': 0.344387136147733, 'hidden_continuous_size': 5, 'attention_head_size': 3, 'learning_rate': 0.006830025149081354}. Best is trial 0 with value: 0.042086705565452576.
[I 2023-12-26 17:47:03,044] Trial 25 finished with value: 3.8303794860839844 and parameters: {'gradient_clip_val': 0.3020070916594882, 'hidden_size': 11, 'dropout': 0.409462195813776, 'hidden_continuous_size': 6, 'attention_head_size': 2, 'learning_rate': 0.003780943181648816}. Best is trial 0 with value: 0.042086705565452576.
[I 2023-12-26 17:47:04,972] Trial 26 finished with value: 5.409572601318359 and parameters: {'gradient_clip_val': 0.21115950413603568, 'hidden_size': 8, 'dropout': 0.4727792977568823, 'hidden_continuous_size': 5, 'attention_head_size': 3, 'learning_rate': 0.00346387077641533}. Best is trial 0 with value: 0.042086705565452576.
[I 2023-12-26 17:47:06,965] Trial 27 finished with value: 3.741098403930664 and parameters: {'gradient_clip_val': 0.16517374745086394, 'hidden_size': 6, 'dropout': 0.496477787884973, 'hidden_continuous_size': 5, 'attention_head_size': 4, 'learning_rate': 0.013104931281586874}. Best is trial 0 with value: 0.042086705565452576.
[I 2023-12-26 17:47:09,157] Trial 28 finished with value: 4.386839389801025 and parameters: {'gradient_clip_val': 0.955888818633663, 'hidden_size': 19, 'dropout': 0.38245922043299685, 'hidden_continuous_size': 7, 'attention_head_size': 1, 'learning_rate': 0.007869633892290073}. Best is trial 0 with value: 0.042086705565452576.
[I 2023-12-26 17:47:13,199] Trial 29 finished with value: 4.352745056152344 and parameters: {'gradient_clip_val': 0.2495146959425149, 'hidden_size': 60, 'dropout': 0.4415908021624923, 'hidden_continuous_size': 25, 'attention_head_size': 1, 'learning_rate': 0.0014361483012520846}. Best is trial 0 with value: 0.042086705565452576.
[I 2023-12-26 17:47:15,257] Trial 30 finished with value: 5.556569576263428 and parameters: {'gradient_clip_val': 0.756614546306727, 'hidden_size': 9, 'dropout': 0.2720487545146718, 'hidden_continuous_size': 6, 'attention_head_size': 3, 'learning_rate': 0.002467836715921961}. Best is trial 0 with value: 0.042086705565452576.
[I 2023-12-26 17:47:21,256] Trial 31 finished with value: 3.865793228149414 and parameters: {'gradient_clip_val': 0.6319698039978954, 'hidden_size': 89, 'dropout': 0.2681899888145647, 'hidden_continuous_size': 26, 'attention_head_size': 1, 'learning_rate': 0.0014316373160079374}. Best is trial 0 with value: 0.042086705565452576.
[I 2023-12-26 17:47:23,544] Trial 32 finished with value: 5.224636554718018 and parameters: {'gradient_clip_val': 0.4879907914323617, 'hidden_size': 25, 'dropout': 0.22289105178050228, 'hidden_continuous_size': 25, 'attention_head_size': 1, 'learning_rate': 0.004456878224684836}. Best is trial 0 with value: 0.042086705565452576.
[I 2023-12-26 17:47:27,403] Trial 33 finished with value: 4.024158954620361 and parameters: {'gradient_clip_val': 0.997005093040784, 'hidden_size': 57, 'dropout': 0.4102646703427604, 'hidden_continuous_size': 32, 'attention_head_size': 2, 'learning_rate': 0.002812718700141936}. Best is trial 0 with value: 0.042086705565452576.
[I 2023-12-26 17:47:33,595] Trial 34 finished with value: 5.009231090545654 and parameters: {'gradient_clip_val': 0.6561174432210063, 'hidden_size': 90, 'dropout': 0.25199547837708935, 'hidden_continuous_size': 39, 'attention_head_size': 1, 'learning_rate': 0.0018889254807275522}. Best is trial 0 with value: 0.042086705565452576.
[I 2023-12-26 17:47:35,725] Trial 35 finished with value: 3.9129066467285156 and parameters: {'gradient_clip_val': 0.7267891379591068, 'hidden_size': 13, 'dropout': 0.18744496113615708, 'hidden_continuous_size': 9, 'attention_head_size': 2, 'learning_rate': 0.0034931524835737676}. Best is trial 0 with value: 0.042086705565452576.
[I 2023-12-26 17:47:43,690] Trial 36 finished with value: 3.8824799060821533 and parameters: {'gradient_clip_val': 0.5088442577510791, 'hidden_size': 118, 'dropout': 0.47526394433667324, 'hidden_continuous_size': 16, 'attention_head_size': 1, 'learning_rate': 0.00581828443150011}. Best is trial 0 with value: 0.042086705565452576.
[I 2023-12-26 17:47:47,776] Trial 37 finished with value: 4.059611797332764 and parameters: {'gradient_clip_val': 0.8582650075845034, 'hidden_size': 62, 'dropout': 0.4573928688110168, 'hidden_continuous_size': 11, 'attention_head_size': 2, 'learning_rate': 0.001963394272385902}. Best is trial 0 with value: 0.042086705565452576.
[I 2023-12-26 17:47:50,438] Trial 38 finished with value: 4.928904056549072 and parameters: {'gradient_clip_val': 0.5832887088730042, 'hidden_size': 29, 'dropout': 0.3206618698052194, 'hidden_continuous_size': 9, 'attention_head_size': 4, 'learning_rate': 0.004491566841473794}. Best is trial 0 with value: 0.042086705565452576.
[I 2023-12-26 17:47:53,165] Trial 39 finished with value: 4.259734153747559 and parameters: {'gradient_clip_val': 0.7097729360787162, 'hidden_size': 34, 'dropout': 0.3866295707793378, 'hidden_continuous_size': 14, 'attention_head_size': 3, 'learning_rate': 0.0010050561777240053}. Best is trial 0 with value: 0.042086705565452576.
[I 2023-12-26 17:47:57,850] Trial 40 finished with value: 3.920542001724243 and parameters: {'gradient_clip_val': 0.8293880673357502, 'hidden_size': 72, 'dropout': 0.21175290052969314, 'hidden_continuous_size': 20, 'attention_head_size': 1, 'learning_rate': 0.0025205028871862576}. Best is trial 0 with value: 0.042086705565452576.
[I 2023-12-26 17:47:59,822] Trial 41 finished with value: 4.555790424346924 and parameters: {'gradient_clip_val': 0.22731124994688537, 'hidden_size': 16, 'dropout': 0.465737365721759, 'hidden_continuous_size': 7, 'attention_head_size': 2, 'learning_rate': 0.0007430855238311354}. Best is trial 0 with value: 0.042086705565452576.
