[I 2023-12-27 11:03:05,029] Trial 0 finished with value: 0.09998934715986252 and parameters: {'gradient_clip_val': 0.7700995728931376, 'hidden_size': 33, 'dropout': 0.43531705138787957, 'hidden_continuous_size': 9, 'attention_head_size': 2, 'learning_rate': 0.05167545051899078}. Best is trial 0 with value: 0.09998934715986252.
[I 2023-12-27 11:03:08,515] Trial 1 finished with value: 1.710707187652588 and parameters: {'gradient_clip_val': 0.36935205257952225, 'hidden_size': 26, 'dropout': 0.36181332586108506, 'hidden_continuous_size': 8, 'attention_head_size': 4, 'learning_rate': 0.03402866742159036}. Best is trial 0 with value: 0.09998934715986252.
[I 2023-12-27 11:03:08,907] Trial 2 finished with value: 4.031553745269775 and parameters: {'gradient_clip_val': 0.19719324100823613, 'hidden_size': 28, 'dropout': 0.23978579567227884, 'hidden_continuous_size': 17, 'attention_head_size': 1, 'learning_rate': 0.0009666816737158126}. Best is trial 0 with value: 0.09998934715986252.
[I 2023-12-27 11:03:09,229] Trial 3 finished with value: 3.876420021057129 and parameters: {'gradient_clip_val': 0.5763223906949566, 'hidden_size': 8, 'dropout': 0.1435540484577143, 'hidden_continuous_size': 8, 'attention_head_size': 2, 'learning_rate': 0.0009719238193090995}. Best is trial 0 with value: 0.09998934715986252.
[I 2023-12-27 11:03:09,566] Trial 4 finished with value: 4.683103084564209 and parameters: {'gradient_clip_val': 0.49193406296673897, 'hidden_size': 6, 'dropout': 0.40646575508709604, 'hidden_continuous_size': 5, 'attention_head_size': 4, 'learning_rate': 0.011428505524354112}. Best is trial 0 with value: 0.09998934715986252.
[I 2023-12-27 11:03:09,922] Trial 5 finished with value: 3.56594181060791 and parameters: {'gradient_clip_val': 0.9111066798617631, 'hidden_size': 10, 'dropout': 0.2743853766784782, 'hidden_continuous_size': 6, 'attention_head_size': 4, 'learning_rate': 0.03058620044775876}. Best is trial 0 with value: 0.09998934715986252.
[I 2023-12-27 11:03:10,353] Trial 6 finished with value: 2.8558835983276367 and parameters: {'gradient_clip_val': 0.11334042568320941, 'hidden_size': 83, 'dropout': 0.4626963136402795, 'hidden_continuous_size': 12, 'attention_head_size': 2, 'learning_rate': 0.0437395877383146}. Best is trial 0 with value: 0.09998934715986252.
[I 2023-12-27 11:03:10,704] Trial 7 finished with value: 3.6022720336914062 and parameters: {'gradient_clip_val': 0.36642950401486724, 'hidden_size': 15, 'dropout': 0.4765810812784067, 'hidden_continuous_size': 11, 'attention_head_size': 2, 'learning_rate': 0.028667942199448317}. Best is trial 0 with value: 0.09998934715986252.
[I 2023-12-27 11:03:11,020] Trial 8 finished with value: 3.803927421569824 and parameters: {'gradient_clip_val': 0.570491151758703, 'hidden_size': 5, 'dropout': 0.10456885468537039, 'hidden_continuous_size': 5, 'attention_head_size': 3, 'learning_rate': 0.027198356172050096}. Best is trial 0 with value: 0.09998934715986252.
[I 2023-12-27 11:03:11,360] Trial 9 finished with value: 4.523050785064697 and parameters: {'gradient_clip_val': 0.9272713458557533, 'hidden_size': 6, 'dropout': 0.2233474968675688, 'hidden_continuous_size': 5, 'attention_head_size': 3, 'learning_rate': 0.08668479376365437}. Best is trial 0 with value: 0.09998934715986252.
[I 2023-12-27 11:03:11,947] Trial 10 finished with value: 3.5787055492401123 and parameters: {'gradient_clip_val': 0.23343290148298554, 'hidden_size': 142, 'dropout': 0.351021645645878, 'hidden_continuous_size': 52, 'attention_head_size': 1, 'learning_rate': 0.006378872126955141}. Best is trial 0 with value: 0.09998934715986252.
[I 2023-12-27 11:03:12,574] Trial 11 finished with value: 5.778869152069092 and parameters: {'gradient_clip_val': 0.3372092341820852, 'hidden_size': 31, 'dropout': 0.3660709087092471, 'hidden_continuous_size': 8, 'attention_head_size': 3, 'learning_rate': 0.09188594469756635}. Best is trial 0 with value: 0.09998934715986252.
[I 2023-12-27 11:03:13,009] Trial 12 finished with value: 4.117780685424805 and parameters: {'gradient_clip_val': 0.679704432987163, 'hidden_size': 47, 'dropout': 0.41361507608712816, 'hidden_continuous_size': 18, 'attention_head_size': 4, 'learning_rate': 0.01263571834515809}. Best is trial 0 with value: 0.09998934715986252.
[I 2023-12-27 11:03:13,371] Trial 13 finished with value: 3.752441644668579 and parameters: {'gradient_clip_val': 0.413630109672425, 'hidden_size': 17, 'dropout': 0.3468825293468149, 'hidden_continuous_size': 7, 'attention_head_size': 2, 'learning_rate': 0.0966390312439402}. Best is trial 0 with value: 0.09998934715986252.
[I 2023-12-27 11:03:13,785] Trial 14 finished with value: 3.3874456882476807 and parameters: {'gradient_clip_val': 0.716601977623939, 'hidden_size': 45, 'dropout': 0.4993087500645157, 'hidden_continuous_size': 10, 'attention_head_size': 3, 'learning_rate': 0.04332240562933795}. Best is trial 0 with value: 0.09998934715986252.
[I 2023-12-27 11:03:14,153] Trial 15 finished with value: 3.933802843093872 and parameters: {'gradient_clip_val': 0.45898536777721466, 'hidden_size': 19, 'dropout': 0.4178363422776909, 'hidden_continuous_size': 7, 'attention_head_size': 1, 'learning_rate': 0.005114491741794735}. Best is trial 0 with value: 0.09998934715986252.
[I 2023-12-27 11:03:14,555] Trial 16 finished with value: 3.4773075580596924 and parameters: {'gradient_clip_val': 0.9979991364418472, 'hidden_size': 36, 'dropout': 0.3046149861995108, 'hidden_continuous_size': 10, 'attention_head_size': 4, 'learning_rate': 0.017047175776901312}. Best is trial 0 with value: 0.09998934715986252.
[I 2023-12-27 11:03:14,936] Trial 17 finished with value: 4.152501106262207 and parameters: {'gradient_clip_val': 0.32391640304674724, 'hidden_size': 22, 'dropout': 0.4286902794836359, 'hidden_continuous_size': 6, 'attention_head_size': 3, 'learning_rate': 0.0519498297425739}. Best is trial 0 with value: 0.09998934715986252.
[I 2023-12-27 11:03:15,308] Trial 18 finished with value: 3.015481948852539 and parameters: {'gradient_clip_val': 0.24064199205281764, 'hidden_size': 13, 'dropout': 0.37906341797641296, 'hidden_continuous_size': 8, 'attention_head_size': 2, 'learning_rate': 0.0036550134037836445}. Best is trial 0 with value: 0.09998934715986252.
[I 2023-12-27 11:03:15,687] Trial 19 finished with value: 4.746149063110352 and parameters: {'gradient_clip_val': 0.7005147109447456, 'hidden_size': 23, 'dropout': 0.4546065772816638, 'hidden_continuous_size': 9, 'attention_head_size': 1, 'learning_rate': 0.0182155267913211}. Best is trial 0 with value: 0.09998934715986252.
[I 2023-12-27 11:03:16,135] Trial 20 finished with value: 3.9437501430511475 and parameters: {'gradient_clip_val': 0.42812520300750057, 'hidden_size': 61, 'dropout': 0.3214239715545616, 'hidden_continuous_size': 14, 'attention_head_size': 4, 'learning_rate': 0.05642173973396711}. Best is trial 0 with value: 0.09998934715986252.
[I 2023-12-27 11:03:16,568] Trial 21 finished with value: 2.826671600341797 and parameters: {'gradient_clip_val': 0.12197105817054642, 'hidden_size': 68, 'dropout': 0.44654121615936315, 'hidden_continuous_size': 14, 'attention_head_size': 2, 'learning_rate': 0.04394646699759565}. Best is trial 0 with value: 0.09998934715986252.
[I 2023-12-27 11:03:16,962] Trial 22 finished with value: 3.447180986404419 and parameters: {'gradient_clip_val': 0.11130826379159041, 'hidden_size': 35, 'dropout': 0.38823482068672543, 'hidden_continuous_size': 13, 'attention_head_size': 2, 'learning_rate': 0.059644809311393265}. Best is trial 0 with value: 0.09998934715986252.
[I 2023-12-27 11:03:17,402] Trial 23 finished with value: 4.617812156677246 and parameters: {'gradient_clip_val': 0.17602859720463612, 'hidden_size': 69, 'dropout': 0.44507298639277604, 'hidden_continuous_size': 18, 'attention_head_size': 2, 'learning_rate': 0.03345794388722573}. Best is trial 0 with value: 0.09998934715986252.
[I 2023-12-27 11:03:17,797] Trial 24 finished with value: 3.860623359680176 and parameters: {'gradient_clip_val': 0.2811686038171814, 'hidden_size': 29, 'dropout': 0.4954125100655658, 'hidden_continuous_size': 10, 'attention_head_size': 3, 'learning_rate': 0.02116034468773422}. Best is trial 0 with value: 0.09998934715986252.
[I 2023-12-27 11:03:18,436] Trial 25 finished with value: 3.3898608684539795 and parameters: {'gradient_clip_val': 0.1315231817159251, 'hidden_size': 24, 'dropout': 0.4401293396252523, 'hidden_continuous_size': 9, 'attention_head_size': 2, 'learning_rate': 0.05951936642978358}. Best is trial 0 with value: 0.09998934715986252.
[I 2023-12-27 11:03:18,850] Trial 26 finished with value: 3.86531662940979 and parameters: {'gradient_clip_val': 0.15076422944991238, 'hidden_size': 45, 'dropout': 0.39368997012072526, 'hidden_continuous_size': 15, 'attention_head_size': 1, 'learning_rate': 0.03574202047099209}. Best is trial 0 with value: 0.09998934715986252.
[I 2023-12-27 11:03:19,321] Trial 27 finished with value: 3.311088800430298 and parameters: {'gradient_clip_val': 0.10309926376527902, 'hidden_size': 96, 'dropout': 0.47405833229457994, 'hidden_continuous_size': 21, 'attention_head_size': 3, 'learning_rate': 0.024337055893787783}. Best is trial 0 with value: 0.09998934715986252.
[I 2023-12-27 11:03:19,734] Trial 28 finished with value: 3.300302743911743 and parameters: {'gradient_clip_val': 0.2785651701475067, 'hidden_size': 55, 'dropout': 0.4330673479883516, 'hidden_continuous_size': 12, 'attention_head_size': 2, 'learning_rate': 0.06365071724562056}. Best is trial 0 with value: 0.09998934715986252.
[I 2023-12-27 11:03:20,124] Trial 29 finished with value: 4.4690399169921875 and parameters: {'gradient_clip_val': 0.19216389613343773, 'hidden_size': 28, 'dropout': 0.3965349479841507, 'hidden_continuous_size': 11, 'attention_head_size': 1, 'learning_rate': 0.04027024122114964}. Best is trial 0 with value: 0.09998934715986252.
[I 2023-12-27 11:03:20,530] Trial 30 finished with value: 3.8274612426757812 and parameters: {'gradient_clip_val': 0.15902983427333411, 'hidden_size': 36, 'dropout': 0.3637675494428606, 'hidden_continuous_size': 15, 'attention_head_size': 2, 'learning_rate': 0.012376618554005207}. Best is trial 0 with value: 0.09998934715986252.
[I 2023-12-27 11:03:20,991] Trial 31 finished with value: 2.6810312271118164 and parameters: {'gradient_clip_val': 0.11921148828866976, 'hidden_size': 81, 'dropout': 0.4603743996241022, 'hidden_continuous_size': 23, 'attention_head_size': 2, 'learning_rate': 0.04252849539481937}. Best is trial 0 with value: 0.09998934715986252.
[I 2023-12-27 11:03:21,469] Trial 32 finished with value: 5.634194850921631 and parameters: {'gradient_clip_val': 0.14480128372920337, 'hidden_size': 91, 'dropout': 0.45596258478971474, 'hidden_continuous_size': 24, 'attention_head_size': 2, 'learning_rate': 0.07160296438079167}. Best is trial 0 with value: 0.09998934715986252.
[I 2023-12-27 11:03:21,899] Trial 33 finished with value: 4.209597110748291 and parameters: {'gradient_clip_val': 0.12910034335696868, 'hidden_size': 68, 'dropout': 0.41896407462955415, 'hidden_continuous_size': 25, 'attention_head_size': 2, 'learning_rate': 0.04306134757374406}. Best is trial 0 with value: 0.09998934715986252.
[I 2023-12-27 11:03:22,418] Trial 34 finished with value: 3.4193880558013916 and parameters: {'gradient_clip_val': 0.21605068008231385, 'hidden_size': 118, 'dropout': 0.4029771111048833, 'hidden_continuous_size': 27, 'attention_head_size': 2, 'learning_rate': 0.07959368040722095}. Best is trial 0 with value: 0.09998934715986252.
[I 2023-12-27 11:03:22,858] Trial 35 finished with value: 2.8803138732910156 and parameters: {'gradient_clip_val': 0.17665499089301934, 'hidden_size': 71, 'dropout': 0.480755947490756, 'hidden_continuous_size': 16, 'attention_head_size': 1, 'learning_rate': 0.031145863149236574}. Best is trial 0 with value: 0.09998934715986252.
[I 2023-12-27 11:03:23,274] Trial 36 finished with value: 3.711167097091675 and parameters: {'gradient_clip_val': 0.3883897000677895, 'hidden_size': 56, 'dropout': 0.4529093012648814, 'hidden_continuous_size': 13, 'attention_head_size': 2, 'learning_rate': 0.04946010659585678}. Best is trial 0 with value: 0.09998934715986252.
[I 2023-12-27 11:03:23,735] Trial 37 finished with value: 3.5882341861724854 and parameters: {'gradient_clip_val': 0.5004123850312383, 'hidden_size': 83, 'dropout': 0.43249726932353266, 'hidden_continuous_size': 32, 'attention_head_size': 3, 'learning_rate': 0.01961266401893108}. Best is trial 0 with value: 0.09998934715986252.
[I 2023-12-27 11:03:24,131] Trial 38 finished with value: 3.8166325092315674 and parameters: {'gradient_clip_val': 0.12190234345639712, 'hidden_size': 42, 'dropout': 0.47579376242351884, 'hidden_continuous_size': 12, 'attention_head_size': 2, 'learning_rate': 0.033208895509160445}. Best is trial 0 with value: 0.09998934715986252.
[I 2023-12-27 11:03:24,866] Trial 39 finished with value: 3.9197585582733154 and parameters: {'gradient_clip_val': 0.10310979777499454, 'hidden_size': 121, 'dropout': 0.4118266306558528, 'hidden_continuous_size': 20, 'attention_head_size': 3, 'learning_rate': 0.07689095764114263}. Best is trial 0 with value: 0.09998934715986252.
[I 2023-12-27 11:03:25,258] Trial 40 finished with value: 2.9551002979278564 and parameters: {'gradient_clip_val': 0.5543925274705407, 'hidden_size': 27, 'dropout': 0.37955017892717846, 'hidden_continuous_size': 9, 'attention_head_size': 4, 'learning_rate': 0.02399051547560685}. Best is trial 0 with value: 0.09998934715986252.
[I 2023-12-27 11:03:25,722] Trial 41 finished with value: 3.454029083251953 and parameters: {'gradient_clip_val': 0.12705431117951435, 'hidden_size': 84, 'dropout': 0.4750008891056313, 'hidden_continuous_size': 15, 'attention_head_size': 2, 'learning_rate': 0.043069404765078007}. Best is trial 0 with value: 0.09998934715986252.
[I 2023-12-27 11:03:26,128] Trial 42 finished with value: 2.689192533493042 and parameters: {'gradient_clip_val': 0.11160335326153709, 'hidden_size': 50, 'dropout': 0.4557515563360507, 'hidden_continuous_size': 11, 'attention_head_size': 2, 'learning_rate': 0.06904148569930756}. Best is trial 0 with value: 0.09998934715986252.
[I 2023-12-27 11:03:26,550] Trial 43 finished with value: 3.660496950149536 and parameters: {'gradient_clip_val': 0.1004348280770038, 'hidden_size': 52, 'dropout': 0.43510968030771835, 'hidden_continuous_size': 11, 'attention_head_size': 2, 'learning_rate': 0.06773384221088241}. Best is trial 0 with value: 0.09998934715986252.
[I 2023-12-27 11:03:26,937] Trial 44 finished with value: 3.3308918476104736 and parameters: {'gradient_clip_val': 0.11413761097242447, 'hidden_size': 37, 'dropout': 0.4618307610178492, 'hidden_continuous_size': 7, 'attention_head_size': 2, 'learning_rate': 0.0518611718964297}. Best is trial 0 with value: 0.09998934715986252.
[I 2023-12-27 11:03:27,348] Trial 45 finished with value: 3.2925119400024414 and parameters: {'gradient_clip_val': 0.14182872641708755, 'hidden_size': 51, 'dropout': 0.41756111347429664, 'hidden_continuous_size': 13, 'attention_head_size': 2, 'learning_rate': 0.09241708263960777}. Best is trial 0 with value: 0.09998934715986252.
[I 2023-12-27 11:03:27,749] Trial 46 finished with value: 4.143003463745117 and parameters: {'gradient_clip_val': 0.37252666177777044, 'hidden_size': 43, 'dropout': 0.4452883581962983, 'hidden_continuous_size': 17, 'attention_head_size': 1, 'learning_rate': 0.02974917859928697}. Best is trial 0 with value: 0.09998934715986252.
[I 2023-12-27 11:03:28,175] Trial 47 finished with value: 3.4350833892822266 and parameters: {'gradient_clip_val': 0.8295937610033909, 'hidden_size': 61, 'dropout': 0.4962252170400211, 'hidden_continuous_size': 8, 'attention_head_size': 3, 'learning_rate': 0.03821800240331733}. Best is trial 0 with value: 0.09998934715986252.
[I 2023-12-27 11:03:28,572] Trial 48 finished with value: 3.66890025138855 and parameters: {'gradient_clip_val': 0.16544838747972604, 'hidden_size': 31, 'dropout': 0.4053762288573897, 'hidden_continuous_size': 11, 'attention_head_size': 2, 'learning_rate': 0.07569504278868618}. Best is trial 0 with value: 0.09998934715986252.
[I 2023-12-27 11:03:28,936] Trial 49 finished with value: 3.1217575073242188 and parameters: {'gradient_clip_val': 0.13854463456125862, 'hidden_size': 19, 'dropout': 0.266952512239326, 'hidden_continuous_size': 10, 'attention_head_size': 2, 'learning_rate': 0.04886719201719019}. Best is trial 0 with value: 0.09998934715986252.
[I 2023-12-27 11:03:29,047] A new study created in memory with name: no-name-4f257c0a-01f9-443d-9974-e52959a3b1ca
/home/le004/conda/anaconda3/envs/tsff_env/lib/python3.9/site-packages/lightning/fabric/plugins/environments/slurm.py:191: The `srun` command is available on your system but is not used. HINT: If your intention is to run Lightning on SLURM, prepend your python command with `srun` like so: srun python /home/le004/master_thesis/git/TSFusionForecast/code/ ...
[I 2023-12-27 11:03:59,691] Trial 0 finished with value: 0.03929392620921135 and parameters: {'gradient_clip_val': 0.48161867783323886, 'hidden_size': 9, 'dropout': 0.1441618761283169, 'hidden_continuous_size': 6, 'attention_head_size': 1, 'learning_rate': 0.09582006357920665}. Best is trial 0 with value: 0.03929392620921135.
[I 2023-12-27 11:04:10,257] Trial 1 finished with value: 0.34048089385032654 and parameters: {'gradient_clip_val': 0.2607226281570484, 'hidden_size': 32, 'dropout': 0.30251782700854646, 'hidden_continuous_size': 15, 'attention_head_size': 1, 'learning_rate': 0.009711024074769769}. Best is trial 0 with value: 0.03929392620921135.
[I 2023-12-27 11:04:10,559] Trial 2 finished with value: 1.418293833732605 and parameters: {'gradient_clip_val': 0.7478840628468995, 'hidden_size': 5, 'dropout': 0.2081152292551144, 'hidden_continuous_size': 5, 'attention_head_size': 1, 'learning_rate': 0.011350817507808092}. Best is trial 0 with value: 0.03929392620921135.
[I 2023-12-27 11:04:10,971] Trial 3 finished with value: 1.7684863805770874 and parameters: {'gradient_clip_val': 0.8580061155858584, 'hidden_size': 69, 'dropout': 0.1616164567376096, 'hidden_continuous_size': 20, 'attention_head_size': 3, 'learning_rate': 0.0006793055138250174}. Best is trial 0 with value: 0.03929392620921135.
[I 2023-12-27 11:04:11,350] Trial 4 finished with value: 1.778791069984436 and parameters: {'gradient_clip_val': 0.7494117782220572, 'hidden_size': 42, 'dropout': 0.19084321261978623, 'hidden_continuous_size': 9, 'attention_head_size': 2, 'learning_rate': 0.000712732459367304}. Best is trial 0 with value: 0.03929392620921135.
[I 2023-12-27 11:04:11,699] Trial 5 finished with value: 2.3158915042877197 and parameters: {'gradient_clip_val': 0.4022076768444216, 'hidden_size': 7, 'dropout': 0.2916988363086106, 'hidden_continuous_size': 6, 'attention_head_size': 1, 'learning_rate': 0.0013953460810721852}. Best is trial 0 with value: 0.03929392620921135.
[I 2023-12-27 11:04:12,012] Trial 6 finished with value: 2.024386405944824 and parameters: {'gradient_clip_val': 0.12813715197649705, 'hidden_size': 6, 'dropout': 0.2712970481245774, 'hidden_continuous_size': 6, 'attention_head_size': 1, 'learning_rate': 0.0024786530736830197}. Best is trial 0 with value: 0.03929392620921135.
[I 2023-12-27 11:04:12,362] Trial 7 finished with value: 2.0088658332824707 and parameters: {'gradient_clip_val': 0.426704307983376, 'hidden_size': 24, 'dropout': 0.37379508041962983, 'hidden_continuous_size': 19, 'attention_head_size': 2, 'learning_rate': 0.04884238750554326}. Best is trial 0 with value: 0.03929392620921135.
[I 2023-12-27 11:04:12,773] Trial 8 finished with value: 2.3946423530578613 and parameters: {'gradient_clip_val': 0.7458343103951106, 'hidden_size': 68, 'dropout': 0.17005676729850555, 'hidden_continuous_size': 14, 'attention_head_size': 4, 'learning_rate': 0.0377863162136318}. Best is trial 0 with value: 0.03929392620921135.
[I 2023-12-27 11:04:13,109] Trial 9 finished with value: 1.8070992231369019 and parameters: {'gradient_clip_val': 0.30683003699426986, 'hidden_size': 9, 'dropout': 0.2538972207133505, 'hidden_continuous_size': 7, 'attention_head_size': 1, 'learning_rate': 0.018833113654227213}. Best is trial 0 with value: 0.03929392620921135.
[I 2023-12-27 11:04:13,485] Trial 10 finished with value: 2.371415138244629 and parameters: {'gradient_clip_val': 0.18320167489260297, 'hidden_size': 13, 'dropout': 0.10116590583471907, 'hidden_continuous_size': 5, 'attention_head_size': 3, 'learning_rate': 0.09861962797798059}. Best is trial 0 with value: 0.03929392620921135.
[I 2023-12-27 11:04:13,862] Trial 11 finished with value: 2.056366205215454 and parameters: {'gradient_clip_val': 0.26990462204493654, 'hidden_size': 20, 'dropout': 0.3753349085541714, 'hidden_continuous_size': 11, 'attention_head_size': 2, 'learning_rate': 0.005213035143710519}. Best is trial 0 with value: 0.03929392620921135.
[I 2023-12-27 11:04:14,400] Trial 12 finished with value: 1.9314051866531372 and parameters: {'gradient_clip_val': 0.45121605844438645, 'hidden_size': 129, 'dropout': 0.49383575160336357, 'hidden_continuous_size': 34, 'attention_head_size': 1, 'learning_rate': 0.00676521028209918}. Best is trial 0 with value: 0.03929392620921135.
[I 2023-12-27 11:04:14,987] Trial 13 finished with value: 1.8479472398757935 and parameters: {'gradient_clip_val': 0.24704950222539082, 'hidden_size': 15, 'dropout': 0.10383650352757394, 'hidden_continuous_size': 8, 'attention_head_size': 2, 'learning_rate': 0.020813066317595778}. Best is trial 0 with value: 0.03929392620921135.
[I 2023-12-27 11:04:15,358] Trial 14 finished with value: 1.7369909286499023 and parameters: {'gradient_clip_val': 0.5244501447355409, 'hidden_size': 11, 'dropout': 0.3450946971726986, 'hidden_continuous_size': 6, 'attention_head_size': 4, 'learning_rate': 0.08530204843768001}. Best is trial 0 with value: 0.03929392620921135.
