[I 2023-12-27 10:53:49,420] Trial 14 finished with value: 5720.765625 and parameters: {'gradient_clip_val': 0.9187434928419771, 'hidden_size': 11, 'dropout': 0.3174545926994844, 'hidden_continuous_size': 6, 'attention_head_size': 2, 'learning_rate': 0.0023523283564849187}. Best is trial 0 with value: 3311.941650390625.
LOCAL_RANK: 0 - CUDA_VISIBLE_DEVICES: [0]
[I 2023-12-27 10:53:49,900] Trial 15 finished with value: 5469.21484375 and parameters: {'gradient_clip_val': 0.4366057756630167, 'hidden_size': 44, 'dropout': 0.3503353634111575, 'hidden_continuous_size': 8, 'attention_head_size': 2, 'learning_rate': 0.004387342875547651}. Best is trial 0 with value: 3311.941650390625.
LOCAL_RANK: 0 - CUDA_VISIBLE_DEVICES: [0]
[I 2023-12-27 10:53:50,416] Trial 16 finished with value: 5745.54638671875 and parameters: {'gradient_clip_val': 0.7465269099836601, 'hidden_size': 137, 'dropout': 0.43596969916609457, 'hidden_continuous_size': 43, 'attention_head_size': 1, 'learning_rate': 0.000538037771480349}. Best is trial 0 with value: 3311.941650390625.
LOCAL_RANK: 0 - CUDA_VISIBLE_DEVICES: [0]
[I 2023-12-27 10:53:50,894] Trial 17 finished with value: 6326.93115234375 and parameters: {'gradient_clip_val': 0.26172510956227174, 'hidden_size': 6, 'dropout': 0.2565317047613734, 'hidden_continuous_size': 5, 'attention_head_size': 2, 'learning_rate': 0.024963481224593735}. Best is trial 0 with value: 3311.941650390625.
LOCAL_RANK: 0 - CUDA_VISIBLE_DEVICES: [0]
[I 2023-12-27 10:53:51,374] Trial 18 finished with value: 5858.33154296875 and parameters: {'gradient_clip_val': 0.562482166810928, 'hidden_size': 13, 'dropout': 0.3519232082002579, 'hidden_continuous_size': 6, 'attention_head_size': 3, 'learning_rate': 0.010265187716456032}. Best is trial 0 with value: 3311.941650390625.
LOCAL_RANK: 0 - CUDA_VISIBLE_DEVICES: [0]
[I 2023-12-27 10:53:51,843] Trial 19 finished with value: 5611.435546875 and parameters: {'gradient_clip_val': 0.37786064780335493, 'hidden_size': 8, 'dropout': 0.44708140858772727, 'hidden_continuous_size': 6, 'attention_head_size': 1, 'learning_rate': 0.02721364172507349}. Best is trial 0 with value: 3311.941650390625.
LOCAL_RANK: 0 - CUDA_VISIBLE_DEVICES: [0]
[I 2023-12-27 10:53:52,629] Trial 20 finished with value: 5181.1953125 and parameters: {'gradient_clip_val': 0.2367284654926582, 'hidden_size': 37, 'dropout': 0.41354709832723824, 'hidden_continuous_size': 9, 'attention_head_size': 2, 'learning_rate': 0.004534395093009635}. Best is trial 0 with value: 3311.941650390625.
LOCAL_RANK: 0 - CUDA_VISIBLE_DEVICES: [0]
[I 2023-12-27 10:53:53,121] Trial 21 finished with value: 6359.814453125 and parameters: {'gradient_clip_val': 0.22614148002829998, 'hidden_size': 38, 'dropout': 0.41222424818506403, 'hidden_continuous_size': 10, 'attention_head_size': 2, 'learning_rate': 0.004430105602141866}. Best is trial 0 with value: 3311.941650390625.
LOCAL_RANK: 0 - CUDA_VISIBLE_DEVICES: [0]
[I 2023-12-27 10:53:53,583] Trial 22 finished with value: 5307.43359375 and parameters: {'gradient_clip_val': 0.2644566602899268, 'hidden_size': 43, 'dropout': 0.4608396499788626, 'hidden_continuous_size': 8, 'attention_head_size': 2, 'learning_rate': 0.0017627489187825366}. Best is trial 0 with value: 3311.941650390625.
LOCAL_RANK: 0 - CUDA_VISIBLE_DEVICES: [0]
[I 2023-12-27 10:53:54,068] Trial 23 finished with value: 7092.98681640625 and parameters: {'gradient_clip_val': 0.3729168449199816, 'hidden_size': 60, 'dropout': 0.49707638897591266, 'hidden_continuous_size': 20, 'attention_head_size': 2, 'learning_rate': 0.09712370321290409}. Best is trial 0 with value: 3311.941650390625.
LOCAL_RANK: 0 - CUDA_VISIBLE_DEVICES: [0]
[I 2023-12-27 10:53:54,525] Trial 24 finished with value: 6033.08349609375 and parameters: {'gradient_clip_val': 0.19886615797926382, 'hidden_size': 32, 'dropout': 0.41223794731941205, 'hidden_continuous_size': 9, 'attention_head_size': 3, 'learning_rate': 0.004252647389530903}. Best is trial 0 with value: 3311.941650390625.
LOCAL_RANK: 0 - CUDA_VISIBLE_DEVICES: [0]
[I 2023-12-27 10:53:55,007] Trial 25 finished with value: 5856.923828125 and parameters: {'gradient_clip_val': 0.10110174311980337, 'hidden_size': 16, 'dropout': 0.4469175377731949, 'hidden_continuous_size': 7, 'attention_head_size': 2, 'learning_rate': 0.0119545327564598}. Best is trial 0 with value: 3311.941650390625.
LOCAL_RANK: 0 - CUDA_VISIBLE_DEVICES: [0]
[I 2023-12-27 10:53:55,479] Trial 26 finished with value: 5558.73388671875 and parameters: {'gradient_clip_val': 0.4857046041484632, 'hidden_size': 27, 'dropout': 0.40820332333004283, 'hidden_continuous_size': 9, 'attention_head_size': 1, 'learning_rate': 0.007245165985662319}. Best is trial 0 with value: 3311.941650390625.
LOCAL_RANK: 0 - CUDA_VISIBLE_DEVICES: [0]
[I 2023-12-27 10:53:55,977] Trial 27 finished with value: 4755.73974609375 and parameters: {'gradient_clip_val': 0.3078200735098125, 'hidden_size': 75, 'dropout': 0.4664981373218739, 'hidden_continuous_size': 14, 'attention_head_size': 2, 'learning_rate': 0.001016328933112736}. Best is trial 0 with value: 3311.941650390625.
LOCAL_RANK: 0 - CUDA_VISIBLE_DEVICES: [0]
[I 2023-12-27 10:53:56,485] Trial 28 finished with value: 5142.2333984375 and parameters: {'gradient_clip_val': 0.3708592272514111, 'hidden_size': 84, 'dropout': 0.46629651357708857, 'hidden_continuous_size': 26, 'attention_head_size': 3, 'learning_rate': 0.0009042033282997758}. Best is trial 0 with value: 3311.941650390625.
LOCAL_RANK: 0 - CUDA_VISIBLE_DEVICES: [0]
[I 2023-12-27 10:53:56,929] Trial 29 finished with value: 6002.78662109375 and parameters: {'gradient_clip_val': 0.568361830916827, 'hidden_size': 9, 'dropout': 0.4697833228011021, 'hidden_continuous_size': 6, 'attention_head_size': 1, 'learning_rate': 0.0012210356856502992}. Best is trial 0 with value: 3311.941650390625.
LOCAL_RANK: 0 - CUDA_VISIBLE_DEVICES: [0]
[I 2023-12-27 10:53:57,426] Trial 30 finished with value: 5023.11328125 and parameters: {'gradient_clip_val': 0.30034577212177466, 'hidden_size': 85, 'dropout': 0.475528470610413, 'hidden_continuous_size': 14, 'attention_head_size': 2, 'learning_rate': 0.0006455926359344748}. Best is trial 0 with value: 3311.941650390625.
LOCAL_RANK: 0 - CUDA_VISIBLE_DEVICES: [0]
[I 2023-12-27 10:53:57,922] Trial 31 finished with value: 4120.052734375 and parameters: {'gradient_clip_val': 0.30003029011438626, 'hidden_size': 93, 'dropout': 0.47215535567097927, 'hidden_continuous_size': 15, 'attention_head_size': 2, 'learning_rate': 0.0006115484180939962}. Best is trial 0 with value: 3311.941650390625.
LOCAL_RANK: 0 - CUDA_VISIBLE_DEVICES: [0]
[I 2023-12-27 10:53:58,415] Trial 32 finished with value: 4316.98291015625 and parameters: {'gradient_clip_val': 0.31523673167635435, 'hidden_size': 94, 'dropout': 0.46975723982711076, 'hidden_continuous_size': 15, 'attention_head_size': 2, 'learning_rate': 0.0007346845594651794}. Best is trial 0 with value: 3311.941650390625.
LOCAL_RANK: 0 - CUDA_VISIBLE_DEVICES: [0]
[I 2023-12-27 10:53:59,156] Trial 33 finished with value: 5380.6572265625 and parameters: {'gradient_clip_val': 0.30251895750923186, 'hidden_size': 115, 'dropout': 0.45837330754542516, 'hidden_continuous_size': 17, 'attention_head_size': 2, 'learning_rate': 0.0015025442223674606}. Best is trial 0 with value: 3311.941650390625.
LOCAL_RANK: 0 - CUDA_VISIBLE_DEVICES: [0]
[I 2023-12-27 10:53:59,649] Trial 34 finished with value: 6574.1015625 and parameters: {'gradient_clip_val': 0.20196709620452297, 'hidden_size': 95, 'dropout': 0.43635254583910965, 'hidden_continuous_size': 15, 'attention_head_size': 2, 'learning_rate': 0.0007175320015472278}. Best is trial 0 with value: 3311.941650390625.
LOCAL_RANK: 0 - CUDA_VISIBLE_DEVICES: [0]
[I 2023-12-27 10:54:00,183] Trial 35 finished with value: 6067.84423828125 and parameters: {'gradient_clip_val': 0.35734284808629097, 'hidden_size': 146, 'dropout': 0.38612333344939137, 'hidden_continuous_size': 25, 'attention_head_size': 2, 'learning_rate': 0.0007864717440369605}. Best is trial 0 with value: 3311.941650390625.
LOCAL_RANK: 0 - CUDA_VISIBLE_DEVICES: [0]
[I 2023-12-27 10:54:00,676] Trial 36 finished with value: 5716.38671875 and parameters: {'gradient_clip_val': 0.2829654644894129, 'hidden_size': 71, 'dropout': 0.47706276519325497, 'hidden_continuous_size': 13, 'attention_head_size': 3, 'learning_rate': 0.0011763297851703643}. Best is trial 0 with value: 3311.941650390625.
LOCAL_RANK: 0 - CUDA_VISIBLE_DEVICES: [0]
[I 2023-12-27 10:54:01,159] Trial 37 finished with value: 5454.46826171875 and parameters: {'gradient_clip_val': 0.32981476997536646, 'hidden_size': 52, 'dropout': 0.4277263397602185, 'hidden_continuous_size': 16, 'attention_head_size': 3, 'learning_rate': 0.000786567980822152}. Best is trial 0 with value: 3311.941650390625.
LOCAL_RANK: 0 - CUDA_VISIBLE_DEVICES: [0]
[I 2023-12-27 10:54:01,649] Trial 38 finished with value: 5719.87890625 and parameters: {'gradient_clip_val': 0.4097182888097689, 'hidden_size': 72, 'dropout': 0.39191883287911056, 'hidden_continuous_size': 12, 'attention_head_size': 1, 'learning_rate': 0.0010818349794701279}. Best is trial 0 with value: 3311.941650390625.
LOCAL_RANK: 0 - CUDA_VISIBLE_DEVICES: [0]
[I 2023-12-27 10:54:02,155] Trial 39 finished with value: 5965.1953125 and parameters: {'gradient_clip_val': 0.2862438101430246, 'hidden_size': 105, 'dropout': 0.4608085071718691, 'hidden_continuous_size': 18, 'attention_head_size': 3, 'learning_rate': 0.00148712366866325}. Best is trial 0 with value: 3311.941650390625.
LOCAL_RANK: 0 - CUDA_VISIBLE_DEVICES: [0]
[I 2023-12-27 10:54:02,651] Trial 40 finished with value: 5875.01708984375 and parameters: {'gradient_clip_val': 0.3229236242426581, 'hidden_size': 86, 'dropout': 0.4274657453904165, 'hidden_continuous_size': 12, 'attention_head_size': 2, 'learning_rate': 0.000936971109333481}. Best is trial 0 with value: 3311.941650390625.
LOCAL_RANK: 0 - CUDA_VISIBLE_DEVICES: [0]
[I 2023-12-27 10:54:03,121] Trial 41 finished with value: 5547.24658203125 and parameters: {'gradient_clip_val': 0.338276682380534, 'hidden_size': 85, 'dropout': 0.4775483011282328, 'hidden_continuous_size': 14, 'attention_head_size': 2, 'learning_rate': 0.0007498727458271821}. Best is trial 0 with value: 3311.941650390625.
LOCAL_RANK: 0 - CUDA_VISIBLE_DEVICES: [0]
[I 2023-12-27 10:54:03,640] Trial 42 finished with value: 5285.56201171875 and parameters: {'gradient_clip_val': 0.29467995624545373, 'hidden_size': 119, 'dropout': 0.49913175752786815, 'hidden_continuous_size': 14, 'attention_head_size': 2, 'learning_rate': 0.0006578918184647655}. Best is trial 0 with value: 3311.941650390625.
LOCAL_RANK: 0 - CUDA_VISIBLE_DEVICES: [0]
[I 2023-12-27 10:54:04,148] Trial 43 finished with value: 6168.35546875 and parameters: {'gradient_clip_val': 0.3187540751066218, 'hidden_size': 97, 'dropout': 0.474719472131962, 'hidden_continuous_size': 21, 'attention_head_size': 2, 'learning_rate': 0.0005977531062689694}. Best is trial 0 with value: 3311.941650390625.
LOCAL_RANK: 0 - CUDA_VISIBLE_DEVICES: [0]
[I 2023-12-27 10:54:04,644] Trial 44 finished with value: 5786.45166015625 and parameters: {'gradient_clip_val': 0.38177962207626165, 'hidden_size': 65, 'dropout': 0.4477453070642807, 'hidden_continuous_size': 16, 'attention_head_size': 2, 'learning_rate': 0.0008517984360836909}. Best is trial 0 with value: 3311.941650390625.
LOCAL_RANK: 0 - CUDA_VISIBLE_DEVICES: [0]
[I 2023-12-27 10:54:05,135] Trial 45 finished with value: 5116.32373046875 and parameters: {'gradient_clip_val': 0.48889648628454746, 'hidden_size': 55, 'dropout': 0.4839184686359776, 'hidden_continuous_size': 14, 'attention_head_size': 1, 'learning_rate': 0.000634432248118319}. Best is trial 0 with value: 3311.941650390625.
LOCAL_RANK: 0 - CUDA_VISIBLE_DEVICES: [0]
[I 2023-12-27 10:54:05,895] Trial 46 finished with value: 4181.85205078125 and parameters: {'gradient_clip_val': 0.34855771416814724, 'hidden_size': 73, 'dropout': 0.4577567736342822, 'hidden_continuous_size': 19, 'attention_head_size': 2, 'learning_rate': 0.001244048098167002}. Best is trial 0 with value: 3311.941650390625.
LOCAL_RANK: 0 - CUDA_VISIBLE_DEVICES: [0]
[I 2023-12-27 10:54:06,391] Trial 47 finished with value: 6292.35009765625 and parameters: {'gradient_clip_val': 0.4037002899845079, 'hidden_size': 76, 'dropout': 0.37362607245335655, 'hidden_continuous_size': 19, 'attention_head_size': 2, 'learning_rate': 0.002011569709350359}. Best is trial 0 with value: 3311.941650390625.
LOCAL_RANK: 0 - CUDA_VISIBLE_DEVICES: [0]
[I 2023-12-27 10:54:06,906] Trial 48 finished with value: 4557.93701171875 and parameters: {'gradient_clip_val': 0.45052559053480196, 'hidden_size': 127, 'dropout': 0.42660485354693956, 'hidden_continuous_size': 29, 'attention_head_size': 4, 'learning_rate': 0.0013776478720775836}. Best is trial 0 with value: 3311.941650390625.
LOCAL_RANK: 0 - CUDA_VISIBLE_DEVICES: [0]
[I 2023-12-27 10:54:07,444] Trial 49 finished with value: 3963.085693359375 and parameters: {'gradient_clip_val': 0.5063914136100247, 'hidden_size': 126, 'dropout': 0.43043149938130376, 'hidden_continuous_size': 33, 'attention_head_size': 4, 'learning_rate': 0.0012945425555189608}. Best is trial 0 with value: 3311.941650390625.
[I 2023-12-27 10:54:07,573] A new study created in memory with name: no-name-1c8efe54-a28c-4cb3-a604-4197dd601e95
/home/le004/conda/anaconda3/envs/tsff_env/lib/python3.9/site-packages/lightning/fabric/plugins/environments/slurm.py:191: The `srun` command is available on your system but is not used. HINT: If your intention is to run Lightning on SLURM, prepend your python command with `srun` like so: srun python /home/le004/master_thesis/git/TSFusionForecast/code/ ...
LOCAL_RANK: 0 - CUDA_VISIBLE_DEVICES: [0]
[I 2023-12-27 10:54:37,806] Trial 0 finished with value: 9.879913330078125 and parameters: {'gradient_clip_val': 0.10701866948135573, 'hidden_size': 42, 'dropout': 0.380567359396622, 'hidden_continuous_size': 13, 'attention_head_size': 4, 'learning_rate': 0.0005876083876573703}. Best is trial 0 with value: 9.879913330078125.
LOCAL_RANK: 0 - CUDA_VISIBLE_DEVICES: [0]
[I 2023-12-27 10:54:47,244] Trial 1 finished with value: 19.866567611694336 and parameters: {'gradient_clip_val': 0.1413000062865957, 'hidden_size': 9, 'dropout': 0.3515352493957503, 'hidden_continuous_size': 8, 'attention_head_size': 2, 'learning_rate': 0.0008279347356314042}. Best is trial 0 with value: 9.879913330078125.
LOCAL_RANK: 0 - CUDA_VISIBLE_DEVICES: [0]
[I 2023-12-27 10:54:47,690] Trial 2 finished with value: 18.318944931030273 and parameters: {'gradient_clip_val': 0.17210275034729486, 'hidden_size': 42, 'dropout': 0.3500682742187161, 'hidden_continuous_size': 24, 'attention_head_size': 3, 'learning_rate': 0.0014503371239114988}. Best is trial 0 with value: 9.879913330078125.
LOCAL_RANK: 0 - CUDA_VISIBLE_DEVICES: [0]
[I 2023-12-27 10:54:48,169] Trial 3 finished with value: 19.562246322631836 and parameters: {'gradient_clip_val': 0.5664621659677673, 'hidden_size': 98, 'dropout': 0.3340490615896218, 'hidden_continuous_size': 6, 'attention_head_size': 4, 'learning_rate': 0.003555044396849079}. Best is trial 0 with value: 9.879913330078125.
LOCAL_RANK: 0 - CUDA_VISIBLE_DEVICES: [0]
[I 2023-12-27 10:54:48,623] Trial 4 finished with value: 26.518651962280273 and parameters: {'gradient_clip_val': 0.6191579417984442, 'hidden_size': 47, 'dropout': 0.10140800279726091, 'hidden_continuous_size': 32, 'attention_head_size': 3, 'learning_rate': 0.046335568350693516}. Best is trial 0 with value: 9.879913330078125.
LOCAL_RANK: 0 - CUDA_VISIBLE_DEVICES: [0]
[I 2023-12-27 10:54:49,356] Trial 5 finished with value: 17.88579750061035 and parameters: {'gradient_clip_val': 0.535746539620177, 'hidden_size': 100, 'dropout': 0.22069198439685583, 'hidden_continuous_size': 55, 'attention_head_size': 3, 'learning_rate': 0.016795272716697566}. Best is trial 0 with value: 9.879913330078125.
LOCAL_RANK: 0 - CUDA_VISIBLE_DEVICES: [0]
[I 2023-12-27 10:54:49,788] Trial 6 finished with value: 27.148231506347656 and parameters: {'gradient_clip_val': 0.5769750465753783, 'hidden_size': 7, 'dropout': 0.46127604714486325, 'hidden_continuous_size': 5, 'attention_head_size': 1, 'learning_rate': 0.013197037660620286}. Best is trial 0 with value: 9.879913330078125.
LOCAL_RANK: 0 - CUDA_VISIBLE_DEVICES: [0]
[I 2023-12-27 10:54:50,231] Trial 7 finished with value: 20.0438232421875 and parameters: {'gradient_clip_val': 0.5320133867061713, 'hidden_size': 53, 'dropout': 0.4252624903664036, 'hidden_continuous_size': 12, 'attention_head_size': 1, 'learning_rate': 0.0038157850177385467}. Best is trial 0 with value: 9.879913330078125.
LOCAL_RANK: 0 - CUDA_VISIBLE_DEVICES: [0]
[I 2023-12-27 10:54:50,660] Trial 8 finished with value: 20.63042449951172 and parameters: {'gradient_clip_val': 0.1622819581836985, 'hidden_size': 21, 'dropout': 0.38370498773321815, 'hidden_continuous_size': 7, 'attention_head_size': 3, 'learning_rate': 0.0005269171617171009}. Best is trial 0 with value: 9.879913330078125.
LOCAL_RANK: 0 - CUDA_VISIBLE_DEVICES: [0]
[I 2023-12-27 10:54:51,111] Trial 9 finished with value: 20.970909118652344 and parameters: {'gradient_clip_val': 0.178943910281847, 'hidden_size': 14, 'dropout': 0.4892138909343504, 'hidden_continuous_size': 10, 'attention_head_size': 4, 'learning_rate': 0.023295692659648787}. Best is trial 0 with value: 9.879913330078125.
LOCAL_RANK: 0 - CUDA_VISIBLE_DEVICES: [0]
[I 2023-12-27 10:54:51,652] Trial 10 finished with value: 26.553359985351562 and parameters: {'gradient_clip_val': 0.10277372964585399, 'hidden_size': 145, 'dropout': 0.2598341620049224, 'hidden_continuous_size': 125, 'attention_head_size': 4, 'learning_rate': 0.08933182844266047}. Best is trial 0 with value: 9.879913330078125.
LOCAL_RANK: 0 - CUDA_VISIBLE_DEVICES: [0]
[I 2023-12-27 10:54:52,133] Trial 11 finished with value: 18.03017234802246 and parameters: {'gradient_clip_val': 0.33259539519523434, 'hidden_size': 74, 'dropout': 0.26135969580974155, 'hidden_continuous_size': 16, 'attention_head_size': 2, 'learning_rate': 0.008497407438878996}. Best is trial 0 with value: 9.879913330078125.
LOCAL_RANK: 0 - CUDA_VISIBLE_DEVICES: [0]
[I 2023-12-27 10:54:52,597] Trial 12 finished with value: 24.90764045715332 and parameters: {'gradient_clip_val': 0.8388525787779441, 'hidden_size': 30, 'dropout': 0.20828313298908863, 'hidden_continuous_size': 5, 'attention_head_size': 4, 'learning_rate': 0.0024826483696729802}. Best is trial 0 with value: 9.879913330078125.
LOCAL_RANK: 0 - CUDA_VISIBLE_DEVICES: [0]
[I 2023-12-27 10:54:53,086] Trial 13 finished with value: 25.634002685546875 and parameters: {'gradient_clip_val': 0.28423800318325226, 'hidden_size': 89, 'dropout': 0.4030194150405312, 'hidden_continuous_size': 41, 'attention_head_size': 3, 'learning_rate': 0.010517387626008056}. Best is trial 0 with value: 9.879913330078125.
LOCAL_RANK: 0 - CUDA_VISIBLE_DEVICES: [0]
[I 2023-12-27 10:54:53,596] Trial 14 finished with value: 24.25724220275879 and parameters: {'gradient_clip_val': 0.3267356829371794, 'hidden_size': 129, 'dropout': 0.2859734323822561, 'hidden_continuous_size': 62, 'attention_head_size': 2, 'learning_rate': 0.005085609835030476}. Best is trial 0 with value: 9.879913330078125.
LOCAL_RANK: 0 - CUDA_VISIBLE_DEVICES: [0]
[I 2023-12-27 10:54:54,072] Trial 15 finished with value: 16.498462677001953 and parameters: {'gradient_clip_val': 0.11096301389794795, 'hidden_size': 68, 'dropout': 0.21229758951025382, 'hidden_continuous_size': 18, 'attention_head_size': 4, 'learning_rate': 0.0012204149170490504}. Best is trial 0 with value: 9.879913330078125.
LOCAL_RANK: 0 - CUDA_VISIBLE_DEVICES: [0]
[I 2023-12-27 10:54:54,540] Trial 16 finished with value: 26.6712589263916 and parameters: {'gradient_clip_val': 0.1029915757714175, 'hidden_size': 29, 'dropout': 0.3108461147244316, 'hidden_continuous_size': 13, 'attention_head_size': 4, 'learning_rate': 0.0013263901604806472}. Best is trial 0 with value: 9.879913330078125.
LOCAL_RANK: 0 - CUDA_VISIBLE_DEVICES: [0]
[I 2023-12-27 10:54:55,271] Trial 17 finished with value: 17.010175704956055 and parameters: {'gradient_clip_val': 0.12768951575390572, 'hidden_size': 60, 'dropout': 0.16792617328963297, 'hidden_continuous_size': 20, 'attention_head_size': 4, 'learning_rate': 0.0005605264558616052}. Best is trial 0 with value: 9.879913330078125.
LOCAL_RANK: 0 - CUDA_VISIBLE_DEVICES: [0]
[I 2023-12-27 10:54:55,762] Trial 18 finished with value: 27.29884147644043 and parameters: {'gradient_clip_val': 0.19440840468109402, 'hidden_size': 38, 'dropout': 0.4383927384112569, 'hidden_continuous_size': 9, 'attention_head_size': 4, 'learning_rate': 0.0016769985913268185}. Best is trial 0 with value: 9.879913330078125.
LOCAL_RANK: 0 - CUDA_VISIBLE_DEVICES: [0]
[I 2023-12-27 10:54:56,224] Trial 19 finished with value: 20.29026985168457 and parameters: {'gradient_clip_val': 0.10086835103997631, 'hidden_size': 71, 'dropout': 0.3694820091917078, 'hidden_continuous_size': 17, 'attention_head_size': 3, 'learning_rate': 0.0009228728459629271}. Best is trial 0 with value: 9.879913330078125.
LOCAL_RANK: 0 - CUDA_VISIBLE_DEVICES: [0]
[I 2023-12-27 10:54:56,702] Trial 20 finished with value: 17.185401916503906 and parameters: {'gradient_clip_val': 0.12711009005720725, 'hidden_size': 22, 'dropout': 0.30338525157372387, 'hidden_continuous_size': 11, 'attention_head_size': 4, 'learning_rate': 0.0020820551347085344}. Best is trial 0 with value: 9.879913330078125.
LOCAL_RANK: 0 - CUDA_VISIBLE_DEVICES: [0]
[I 2023-12-27 10:54:57,183] Trial 21 finished with value: 17.93535804748535 and parameters: {'gradient_clip_val': 0.1302798306345394, 'hidden_size': 59, 'dropout': 0.1618786231585933, 'hidden_continuous_size': 18, 'attention_head_size': 4, 'learning_rate': 0.0005337629731040322}. Best is trial 0 with value: 9.879913330078125.
LOCAL_RANK: 0 - CUDA_VISIBLE_DEVICES: [0]
