[I 2023-12-15 11:27:11,450] Trial 6 finished with value: 149.4524383544922 and parameters: {'gradient_clip_val': 0.6630182319516477, 'hidden_size': 25, 'dropout': 0.3071584003357414, 'hidden_continuous_size': 12, 'attention_head_size': 2, 'learning_rate': 0.0054320631912721665}. Best is trial 4 with value: 97.28912353515625.
LOCAL_RANK: 0 - CUDA_VISIBLE_DEVICES: [0]
[I 2023-12-15 11:28:04,525] Trial 7 finished with value: 177.7947235107422 and parameters: {'gradient_clip_val': 0.10019822769425886, 'hidden_size': 49, 'dropout': 0.12889123878513822, 'hidden_continuous_size': 21, 'attention_head_size': 3, 'learning_rate': 0.0008212715354960068}. Best is trial 4 with value: 97.28912353515625.
LOCAL_RANK: 0 - CUDA_VISIBLE_DEVICES: [0]
[I 2023-12-15 11:28:49,999] Trial 8 finished with value: 100.48494720458984 and parameters: {'gradient_clip_val': 0.31489546815622776, 'hidden_size': 15, 'dropout': 0.28603814715293047, 'hidden_continuous_size': 6, 'attention_head_size': 2, 'learning_rate': 0.016851493876120414}. Best is trial 4 with value: 97.28912353515625.
LOCAL_RANK: 0 - CUDA_VISIBLE_DEVICES: [0]
[I 2023-12-15 11:29:43,304] Trial 9 finished with value: 108.51882934570312 and parameters: {'gradient_clip_val': 0.22223311892259506, 'hidden_size': 45, 'dropout': 0.2534942057585835, 'hidden_continuous_size': 17, 'attention_head_size': 4, 'learning_rate': 0.006659585558359084}. Best is trial 4 with value: 97.28912353515625.
LOCAL_RANK: 0 - CUDA_VISIBLE_DEVICES: [0]
[I 2023-12-15 11:30:39,261] Trial 10 finished with value: 138.15875244140625 and parameters: {'gradient_clip_val': 0.9241923516507471, 'hidden_size': 97, 'dropout': 0.16735937406905588, 'hidden_continuous_size': 54, 'attention_head_size': 1, 'learning_rate': 0.020411572960916242}. Best is trial 4 with value: 97.28912353515625.
LOCAL_RANK: 0 - CUDA_VISIBLE_DEVICES: [0]
[I 2023-12-15 11:31:24,506] Trial 11 finished with value: 131.95628356933594 and parameters: {'gradient_clip_val': 0.264308811929995, 'hidden_size': 10, 'dropout': 0.21557467239637274, 'hidden_continuous_size': 5, 'attention_head_size': 2, 'learning_rate': 0.0202673350107963}. Best is trial 4 with value: 97.28912353515625.
LOCAL_RANK: 0 - CUDA_VISIBLE_DEVICES: [0]
[I 2023-12-15 11:32:14,818] Trial 12 finished with value: 152.3669891357422 and parameters: {'gradient_clip_val': 0.3023484169217652, 'hidden_size': 41, 'dropout': 0.19698801597964694, 'hidden_continuous_size': 7, 'attention_head_size': 2, 'learning_rate': 0.01963430105357487}. Best is trial 4 with value: 97.28912353515625.
LOCAL_RANK: 0 - CUDA_VISIBLE_DEVICES: [0]
[I 2023-12-15 11:33:06,430] Trial 13 finished with value: 111.50760650634766 and parameters: {'gradient_clip_val': 0.20663694784533831, 'hidden_size': 61, 'dropout': 0.12549623326885423, 'hidden_continuous_size': 7, 'attention_head_size': 1, 'learning_rate': 0.04383529814409892}. Best is trial 4 with value: 97.28912353515625.
LOCAL_RANK: 0 - CUDA_VISIBLE_DEVICES: [0]
[I 2023-12-15 11:33:55,642] Trial 14 finished with value: 132.60739135742188 and parameters: {'gradient_clip_val': 0.34599401857851647, 'hidden_size': 33, 'dropout': 0.17619246980347006, 'hidden_continuous_size': 8, 'attention_head_size': 2, 'learning_rate': 0.014011715456767599}. Best is trial 4 with value: 97.28912353515625.
LOCAL_RANK: 0 - CUDA_VISIBLE_DEVICES: [0]
[I 2023-12-15 11:34:48,006] Trial 15 finished with value: 127.25631713867188 and parameters: {'gradient_clip_val': 0.5424063908703259, 'hidden_size': 67, 'dropout': 0.2359584944645245, 'hidden_continuous_size': 5, 'attention_head_size': 4, 'learning_rate': 0.08904918084603718}. Best is trial 4 with value: 97.28912353515625.
LOCAL_RANK: 0 - CUDA_VISIBLE_DEVICES: [0]
[I 2023-12-15 11:35:36,572] Trial 16 finished with value: 158.30174255371094 and parameters: {'gradient_clip_val': 0.2829067420574986, 'hidden_size': 29, 'dropout': 0.271648571496663, 'hidden_continuous_size': 6, 'attention_head_size': 2, 'learning_rate': 0.03797200776650345}. Best is trial 4 with value: 97.28912353515625.
LOCAL_RANK: 0 - CUDA_VISIBLE_DEVICES: [0]
[I 2023-12-15 11:36:21,898] Trial 17 finished with value: 106.1668701171875 and parameters: {'gradient_clip_val': 0.40759723390237174, 'hidden_size': 14, 'dropout': 0.34970466346447354, 'hidden_continuous_size': 6, 'attention_head_size': 1, 'learning_rate': 0.011931474039917334}. Best is trial 4 with value: 97.28912353515625.
LOCAL_RANK: 0 - CUDA_VISIBLE_DEVICES: [0]
[I 2023-12-15 11:37:11,296] Trial 18 finished with value: 134.3223876953125 and parameters: {'gradient_clip_val': 0.6898239893547401, 'hidden_size': 34, 'dropout': 0.22323787578428161, 'hidden_continuous_size': 8, 'attention_head_size': 2, 'learning_rate': 0.033922894095514126}. Best is trial 4 with value: 97.28912353515625.
LOCAL_RANK: 0 - CUDA_VISIBLE_DEVICES: [0]
[I 2023-12-15 11:37:58,495] Trial 19 finished with value: 85.70362091064453 and parameters: {'gradient_clip_val': 0.2139727512208622, 'hidden_size': 21, 'dropout': 0.2740700953375837, 'hidden_continuous_size': 6, 'attention_head_size': 1, 'learning_rate': 0.009638237069764582}. Best is trial 19 with value: 85.70362091064453.
LOCAL_RANK: 0 - CUDA_VISIBLE_DEVICES: [0]
[I 2023-12-15 11:38:46,734] Trial 20 finished with value: 136.0433349609375 and parameters: {'gradient_clip_val': 0.18532178030642743, 'hidden_size': 25, 'dropout': 0.2592060042792365, 'hidden_continuous_size': 9, 'attention_head_size': 1, 'learning_rate': 0.0031973273257011542}. Best is trial 19 with value: 85.70362091064453.
LOCAL_RANK: 0 - CUDA_VISIBLE_DEVICES: [0]
[I 2023-12-15 11:39:32,997] Trial 21 finished with value: 117.94400787353516 and parameters: {'gradient_clip_val': 0.25248511119880124, 'hidden_size': 18, 'dropout': 0.26460991697765107, 'hidden_continuous_size': 6, 'attention_head_size': 1, 'learning_rate': 0.010188593616942694}. Best is trial 19 with value: 85.70362091064453.
LOCAL_RANK: 0 - CUDA_VISIBLE_DEVICES: [0]
[I 2023-12-15 11:40:21,305] Trial 22 finished with value: 126.93376922607422 and parameters: {'gradient_clip_val': 0.31432153025098275, 'hidden_size': 23, 'dropout': 0.2810127790038165, 'hidden_continuous_size': 6, 'attention_head_size': 2, 'learning_rate': 0.007541593294456131}. Best is trial 19 with value: 85.70362091064453.
LOCAL_RANK: 0 - CUDA_VISIBLE_DEVICES: [0]
[I 2023-12-15 11:41:06,557] Trial 23 finished with value: 247.8754119873047 and parameters: {'gradient_clip_val': 0.17817527505550454, 'hidden_size': 14, 'dropout': 0.22405209881520488, 'hidden_continuous_size': 5, 'attention_head_size': 2, 'learning_rate': 0.010359921923853842}. Best is trial 19 with value: 85.70362091064453.
LOCAL_RANK: 0 - CUDA_VISIBLE_DEVICES: [0]
[I 2023-12-15 11:41:56,513] Trial 24 finished with value: 98.6850814819336 and parameters: {'gradient_clip_val': 0.3232795951139576, 'hidden_size': 38, 'dropout': 0.33351108047131006, 'hidden_continuous_size': 9, 'attention_head_size': 1, 'learning_rate': 0.025964895751907822}. Best is trial 19 with value: 85.70362091064453.
LOCAL_RANK: 0 - CUDA_VISIBLE_DEVICES: [0]
[I 2023-12-15 11:42:49,261] Trial 25 finished with value: 68.3760986328125 and parameters: {'gradient_clip_val': 0.24882571460559408, 'hidden_size': 72, 'dropout': 0.3485442801717097, 'hidden_continuous_size': 13, 'attention_head_size': 1, 'learning_rate': 0.028543517285138358}. Best is trial 25 with value: 68.3760986328125.
LOCAL_RANK: 0 - CUDA_VISIBLE_DEVICES: [0]
[I 2023-12-15 11:43:42,357] Trial 26 finished with value: 158.89405822753906 and parameters: {'gradient_clip_val': 0.22974111859747615, 'hidden_size': 74, 'dropout': 0.3852642275129519, 'hidden_continuous_size': 13, 'attention_head_size': 1, 'learning_rate': 0.06305556891573076}. Best is trial 25 with value: 68.3760986328125.
LOCAL_RANK: 0 - CUDA_VISIBLE_DEVICES: [0]
[I 2023-12-15 11:44:34,976] Trial 27 finished with value: 102.87374114990234 and parameters: {'gradient_clip_val': 0.2556705081225165, 'hidden_size': 53, 'dropout': 0.3415907392923701, 'hidden_continuous_size': 14, 'attention_head_size': 1, 'learning_rate': 0.027776365908199877}. Best is trial 25 with value: 68.3760986328125.
LOCAL_RANK: 0 - CUDA_VISIBLE_DEVICES: [0]
[I 2023-12-15 11:45:28,092] Trial 28 finished with value: 97.1834487915039 and parameters: {'gradient_clip_val': 0.15456249519288043, 'hidden_size': 81, 'dropout': 0.3639876232235325, 'hidden_continuous_size': 10, 'attention_head_size': 1, 'learning_rate': 0.05921506801387412}. Best is trial 25 with value: 68.3760986328125.
LOCAL_RANK: 0 - CUDA_VISIBLE_DEVICES: [0]
[I 2023-12-15 11:46:20,685] Trial 29 finished with value: 95.86034393310547 and parameters: {'gradient_clip_val': 0.15806246166526053, 'hidden_size': 59, 'dropout': 0.36363327673895524, 'hidden_continuous_size': 11, 'attention_head_size': 1, 'learning_rate': 0.028225206047748776}. Best is trial 25 with value: 68.3760986328125.
LOCAL_RANK: 0 - CUDA_VISIBLE_DEVICES: [0]
[I 2023-12-15 11:47:13,275] Trial 30 finished with value: 194.2001190185547 and parameters: {'gradient_clip_val': 0.19727518414084286, 'hidden_size': 58, 'dropout': 0.39188110352955396, 'hidden_continuous_size': 11, 'attention_head_size': 1, 'learning_rate': 0.026808362110389262}. Best is trial 25 with value: 68.3760986328125.
LOCAL_RANK: 0 - CUDA_VISIBLE_DEVICES: [0]
[I 2023-12-15 11:48:06,558] Trial 31 finished with value: 123.12567138671875 and parameters: {'gradient_clip_val': 0.16334907707015328, 'hidden_size': 77, 'dropout': 0.36681442718728036, 'hidden_continuous_size': 15, 'attention_head_size': 1, 'learning_rate': 0.07072694258812702}. Best is trial 25 with value: 68.3760986328125.
LOCAL_RANK: 0 - CUDA_VISIBLE_DEVICES: [0]
[I 2023-12-15 11:48:59,309] Trial 32 finished with value: 119.2490234375 and parameters: {'gradient_clip_val': 0.1523895275672148, 'hidden_size': 82, 'dropout': 0.3603814674787346, 'hidden_continuous_size': 11, 'attention_head_size': 1, 'learning_rate': 0.04098812505740775}. Best is trial 25 with value: 68.3760986328125.
LOCAL_RANK: 0 - CUDA_VISIBLE_DEVICES: [0]
[I 2023-12-15 11:49:51,440] Trial 33 finished with value: 134.8500518798828 and parameters: {'gradient_clip_val': 0.13463625193382606, 'hidden_size': 61, 'dropout': 0.3984575682767651, 'hidden_continuous_size': 10, 'attention_head_size': 1, 'learning_rate': 0.051951166315396285}. Best is trial 25 with value: 68.3760986328125.
LOCAL_RANK: 0 - CUDA_VISIBLE_DEVICES: [0]
[I 2023-12-15 11:50:42,554] Trial 34 finished with value: 163.3848114013672 and parameters: {'gradient_clip_val': 0.21936404224781164, 'hidden_size': 48, 'dropout': 0.3236586307804421, 'hidden_continuous_size': 13, 'attention_head_size': 1, 'learning_rate': 0.032870531202337384}. Best is trial 25 with value: 68.3760986328125.
LOCAL_RANK: 0 - CUDA_VISIBLE_DEVICES: [0]
[I 2023-12-15 11:51:35,805] Trial 35 finished with value: 209.6864471435547 and parameters: {'gradient_clip_val': 0.1775870701869803, 'hidden_size': 73, 'dropout': 0.3715916082406591, 'hidden_continuous_size': 16, 'attention_head_size': 1, 'learning_rate': 0.07437964240842079}. Best is trial 25 with value: 68.3760986328125.
LOCAL_RANK: 0 - CUDA_VISIBLE_DEVICES: [0]
[I 2023-12-15 11:52:28,047] Trial 36 finished with value: 172.8363037109375 and parameters: {'gradient_clip_val': 0.2413433199581145, 'hidden_size': 55, 'dropout': 0.35017831874825467, 'hidden_continuous_size': 10, 'attention_head_size': 1, 'learning_rate': 0.055423651683280555}. Best is trial 25 with value: 68.3760986328125.
LOCAL_RANK: 0 - CUDA_VISIBLE_DEVICES: [0]
[I 2023-12-15 11:53:21,557] Trial 37 finished with value: 63.51511764526367 and parameters: {'gradient_clip_val': 0.19849830804512753, 'hidden_size': 100, 'dropout': 0.30008243332770634, 'hidden_continuous_size': 11, 'attention_head_size': 1, 'learning_rate': 0.04550094952055003}. Best is trial 37 with value: 63.51511764526367.
LOCAL_RANK: 0 - CUDA_VISIBLE_DEVICES: [0]
[I 2023-12-15 11:54:15,938] Trial 38 finished with value: 119.01553344726562 and parameters: {'gradient_clip_val': 0.2076318999022009, 'hidden_size': 99, 'dropout': 0.2973460951855423, 'hidden_continuous_size': 19, 'attention_head_size': 1, 'learning_rate': 0.014901472154407385}. Best is trial 37 with value: 63.51511764526367.
LOCAL_RANK: 0 - CUDA_VISIBLE_DEVICES: [0]
[I 2023-12-15 11:55:09,621] Trial 39 finished with value: 136.02085876464844 and parameters: {'gradient_clip_val': 0.2821342931513532, 'hidden_size': 87, 'dropout': 0.3230503926816005, 'hidden_continuous_size': 12, 'attention_head_size': 1, 'learning_rate': 0.02375260570347245}. Best is trial 37 with value: 63.51511764526367.
LOCAL_RANK: 0 - CUDA_VISIBLE_DEVICES: [0]
[I 2023-12-15 11:56:05,384] Trial 40 finished with value: 137.84075927734375 and parameters: {'gradient_clip_val': 0.35392944213840644, 'hidden_size': 95, 'dropout': 0.29668706856658683, 'hidden_continuous_size': 26, 'attention_head_size': 3, 'learning_rate': 0.09971921987890717}. Best is trial 37 with value: 63.51511764526367.
LOCAL_RANK: 0 - CUDA_VISIBLE_DEVICES: [0]
[I 2023-12-15 11:56:58,410] Trial 41 finished with value: 135.03456115722656 and parameters: {'gradient_clip_val': 0.1487571448895427, 'hidden_size': 67, 'dropout': 0.3781842863461221, 'hidden_continuous_size': 14, 'attention_head_size': 1, 'learning_rate': 0.048307957173042315}. Best is trial 37 with value: 63.51511764526367.
LOCAL_RANK: 0 - CUDA_VISIBLE_DEVICES: [0]
[I 2023-12-15 11:57:51,404] Trial 42 finished with value: 109.36522674560547 and parameters: {'gradient_clip_val': 0.16681346808802153, 'hidden_size': 69, 'dropout': 0.35641085707703934, 'hidden_continuous_size': 12, 'attention_head_size': 1, 'learning_rate': 0.03290808798409596}. Best is trial 37 with value: 63.51511764526367.
LOCAL_RANK: 0 - CUDA_VISIBLE_DEVICES: [0]
[I 2023-12-15 11:58:44,111] Trial 43 finished with value: 124.84566497802734 and parameters: {'gradient_clip_val': 0.13260114546775625, 'hidden_size': 85, 'dropout': 0.3312947716972977, 'hidden_continuous_size': 9, 'attention_head_size': 1, 'learning_rate': 0.0428408083358102}. Best is trial 37 with value: 63.51511764526367.
LOCAL_RANK: 0 - CUDA_VISIBLE_DEVICES: [0]
[I 2023-12-15 11:59:37,979] Trial 44 finished with value: 126.60919189453125 and parameters: {'gradient_clip_val': 0.19440188014336818, 'hidden_size': 86, 'dropout': 0.30934415244812513, 'hidden_continuous_size': 17, 'attention_head_size': 1, 'learning_rate': 0.01730908453259655}. Best is trial 37 with value: 63.51511764526367.
LOCAL_RANK: 0 - CUDA_VISIBLE_DEVICES: [0]
[I 2023-12-15 12:00:30,185] Trial 45 finished with value: 132.7068634033203 and parameters: {'gradient_clip_val': 0.2222143809682201, 'hidden_size': 46, 'dropout': 0.3722363913405005, 'hidden_continuous_size': 10, 'attention_head_size': 2, 'learning_rate': 0.0592908448626973}. Best is trial 37 with value: 63.51511764526367.
LOCAL_RANK: 0 - CUDA_VISIBLE_DEVICES: [0]
[I 2023-12-15 12:01:22,561] Trial 46 finished with value: 130.1133575439453 and parameters: {'gradient_clip_val': 0.12054644727691212, 'hidden_size': 63, 'dropout': 0.34462085659484387, 'hidden_continuous_size': 8, 'attention_head_size': 1, 'learning_rate': 0.02208495012401999}. Best is trial 37 with value: 63.51511764526367.
LOCAL_RANK: 0 - CUDA_VISIBLE_DEVICES: [0]
[I 2023-12-15 12:02:18,384] Trial 47 finished with value: 117.0750732421875 and parameters: {'gradient_clip_val': 0.1911762262091301, 'hidden_size': 95, 'dropout': 0.31492623827201816, 'hidden_continuous_size': 23, 'attention_head_size': 4, 'learning_rate': 0.07828262741608046}. Best is trial 37 with value: 63.51511764526367.
LOCAL_RANK: 0 - CUDA_VISIBLE_DEVICES: [0]
[I 2023-12-15 12:03:10,033] Trial 48 finished with value: 161.6542510986328 and parameters: {'gradient_clip_val': 0.16985274400380365, 'hidden_size': 76, 'dropout': 0.3821782270010909, 'hidden_continuous_size': 7, 'attention_head_size': 2, 'learning_rate': 0.049303160864273124}. Best is trial 37 with value: 63.51511764526367.
LOCAL_RANK: 0 - CUDA_VISIBLE_DEVICES: [0]
[I 2023-12-15 12:04:02,228] Trial 49 finished with value: 118.73059844970703 and parameters: {'gradient_clip_val': 0.2306895063313741, 'hidden_size': 53, 'dropout': 0.3604466581007902, 'hidden_continuous_size': 11, 'attention_head_size': 1, 'learning_rate': 0.017123286624796532}. Best is trial 37 with value: 63.51511764526367.
[I 2023-12-15 12:04:02,321] A new study created in memory with name: no-name-632a7758-4f1c-47fe-a0a8-32ebe5a28b5d
/home/le004/conda/anaconda3/envs/tsff_env/lib/python3.9/site-packages/lightning/fabric/plugins/environments/slurm.py:191: The `srun` command is available on your system but is not used. HINT: If your intention is to run Lightning on SLURM, prepend your python command with `srun` like so: srun python /home/le004/master_thesis/git/TSFusionForecast/code/ ...
LOCAL_RANK: 0 - CUDA_VISIBLE_DEVICES: [0]
[I 2023-12-15 12:04:51,378] Trial 0 finished with value: 64.62057495117188 and parameters: {'gradient_clip_val': 0.28003017470843217, 'hidden_size': 36, 'dropout': 0.3486108653511027, 'hidden_continuous_size': 5, 'attention_head_size': 4, 'learning_rate': 0.0016608161186986634}. Best is trial 0 with value: 64.62057495117188.
LOCAL_RANK: 0 - CUDA_VISIBLE_DEVICES: [0]
[I 2023-12-15 12:05:37,053] Trial 1 finished with value: 133.4717254638672 and parameters: {'gradient_clip_val': 0.2571168838613961, 'hidden_size': 9, 'dropout': 0.3949522582228636, 'hidden_continuous_size': 6, 'attention_head_size': 3, 'learning_rate': 0.0012770271607339047}. Best is trial 0 with value: 64.62057495117188.
LOCAL_RANK: 0 - CUDA_VISIBLE_DEVICES: [0]
[I 2023-12-15 12:06:29,050] Trial 2 finished with value: 83.57386779785156 and parameters: {'gradient_clip_val': 0.10141460909669402, 'hidden_size': 44, 'dropout': 0.3785206829508372, 'hidden_continuous_size': 18, 'attention_head_size': 2, 'learning_rate': 0.005255029894194544}. Best is trial 0 with value: 64.62057495117188.
LOCAL_RANK: 0 - CUDA_VISIBLE_DEVICES: [0]
[I 2023-12-15 12:07:23,434] Trial 3 finished with value: 84.34135437011719 and parameters: {'gradient_clip_val': 0.4928896461515227, 'hidden_size': 58, 'dropout': 0.30263942659439386, 'hidden_continuous_size': 37, 'attention_head_size': 3, 'learning_rate': 0.017345268390410885}. Best is trial 0 with value: 64.62057495117188.
LOCAL_RANK: 0 - CUDA_VISIBLE_DEVICES: [0]
[I 2023-12-15 12:08:11,258] Trial 4 finished with value: 136.29579162597656 and parameters: {'gradient_clip_val': 0.48129536763193215, 'hidden_size': 32, 'dropout': 0.3158823536636194, 'hidden_continuous_size': 8, 'attention_head_size': 1, 'learning_rate': 0.011915943361209666}. Best is trial 0 with value: 64.62057495117188.
LOCAL_RANK: 0 - CUDA_VISIBLE_DEVICES: [0]
[I 2023-12-15 12:08:46,293] Trial 5 finished with value: 100.55168914794922 and parameters: {'gradient_clip_val': 0.34284232156308947, 'hidden_size': 10, 'dropout': 0.31335383569451725, 'hidden_continuous_size': 10, 'attention_head_size': 3, 'learning_rate': 0.04967659024401019}. Best is trial 0 with value: 64.62057495117188.
LOCAL_RANK: 0 - CUDA_VISIBLE_DEVICES: [0]
[I 2023-12-15 12:09:34,996] Trial 6 finished with value: 94.90473175048828 and parameters: {'gradient_clip_val': 0.2825604102586188, 'hidden_size': 27, 'dropout': 0.38358954228026587, 'hidden_continuous_size': 9, 'attention_head_size': 1, 'learning_rate': 0.02249490024589478}. Best is trial 0 with value: 64.62057495117188.
LOCAL_RANK: 0 - CUDA_VISIBLE_DEVICES: [0]
[I 2023-12-15 12:10:20,203] Trial 7 finished with value: 109.66230010986328 and parameters: {'gradient_clip_val': 0.31964992770631695, 'hidden_size': 7, 'dropout': 0.2406457717862952, 'hidden_continuous_size': 5, 'attention_head_size': 2, 'learning_rate': 0.0013023567939602822}. Best is trial 0 with value: 64.62057495117188.
LOCAL_RANK: 0 - CUDA_VISIBLE_DEVICES: [0]
[I 2023-12-15 12:11:07,413] Trial 8 finished with value: 99.5968017578125 and parameters: {'gradient_clip_val': 0.34460769972523647, 'hidden_size': 18, 'dropout': 0.24146627746569946, 'hidden_continuous_size': 8, 'attention_head_size': 2, 'learning_rate': 0.0966946321326879}. Best is trial 0 with value: 64.62057495117188.
LOCAL_RANK: 0 - CUDA_VISIBLE_DEVICES: [0]
[I 2023-12-15 12:11:59,139] Trial 9 finished with value: 40.76530838012695 and parameters: {'gradient_clip_val': 0.342221853872855, 'hidden_size': 32, 'dropout': 0.27586755329885343, 'hidden_continuous_size': 27, 'attention_head_size': 4, 'learning_rate': 0.006331810326063566}. Best is trial 9 with value: 40.76530838012695.
LOCAL_RANK: 0 - CUDA_VISIBLE_DEVICES: [0]
[I 2023-12-15 12:12:58,241] Trial 10 finished with value: 72.24384307861328 and parameters: {'gradient_clip_val': 0.957281305841421, 'hidden_size': 99, 'dropout': 0.16096836318737606, 'hidden_continuous_size': 89, 'attention_head_size': 4, 'learning_rate': 0.0033626146450094576}. Best is trial 9 with value: 40.76530838012695.
LOCAL_RANK: 0 - CUDA_VISIBLE_DEVICES: [0]
[I 2023-12-15 12:13:46,745] Trial 11 finished with value: 80.4737319946289 and parameters: {'gradient_clip_val': 0.1749421352741073, 'hidden_size': 21, 'dropout': 0.11328179906308652, 'hidden_continuous_size': 5, 'attention_head_size': 4, 'learning_rate': 0.0005361270537073118}. Best is trial 9 with value: 40.76530838012695.
LOCAL_RANK: 0 - CUDA_VISIBLE_DEVICES: [0]
[I 2023-12-15 12:14:33,058] Trial 12 finished with value: 35.32854080200195 and parameters: {'gradient_clip_val': 0.20512700233435413, 'hidden_size': 14, 'dropout': 0.27508673047064014, 'hidden_continuous_size': 6, 'attention_head_size': 4, 'learning_rate': 0.0035811167178182767}. Best is trial 12 with value: 35.32854080200195.
LOCAL_RANK: 0 - CUDA_VISIBLE_DEVICES: [0]
[I 2023-12-15 12:15:19,484] Trial 13 finished with value: 74.3239517211914 and parameters: {'gradient_clip_val': 0.1758781117019929, 'hidden_size': 15, 'dropout': 0.2723618661054949, 'hidden_continuous_size': 6, 'attention_head_size': 4, 'learning_rate': 0.004685564151608564}. Best is trial 12 with value: 35.32854080200195.
LOCAL_RANK: 0 - CUDA_VISIBLE_DEVICES: [0]
