[I 2023-12-26 16:27:22,905] Trial 1 finished with value: 3758.546142578125 and parameters: {'gradient_clip_val': 0.925481895853303, 'hidden_size': 23, 'dropout': 0.42108287382792364, 'hidden_continuous_size': 14, 'attention_head_size': 3, 'learning_rate': 0.01799115386585569}. Best is trial 0 with value: 1482.1663818359375.
[I 2023-12-26 16:27:25,059] Trial 2 finished with value: 3558.266357421875 and parameters: {'gradient_clip_val': 0.25822540430241436, 'hidden_size': 19, 'dropout': 0.4415012975962733, 'hidden_continuous_size': 6, 'attention_head_size': 3, 'learning_rate': 0.0017572700193021083}. Best is trial 0 with value: 1482.1663818359375.
[I 2023-12-26 16:27:27,483] Trial 3 finished with value: 2849.746337890625 and parameters: {'gradient_clip_val': 0.24412387711677008, 'hidden_size': 27, 'dropout': 0.2751632948516508, 'hidden_continuous_size': 17, 'attention_head_size': 2, 'learning_rate': 0.0012230643769191132}. Best is trial 0 with value: 1482.1663818359375.
[I 2023-12-26 16:27:29,219] Trial 4 finished with value: 4331.07080078125 and parameters: {'gradient_clip_val': 0.8682303680478491, 'hidden_size': 6, 'dropout': 0.1335289710182376, 'hidden_continuous_size': 6, 'attention_head_size': 1, 'learning_rate': 0.0005438455343141491}. Best is trial 0 with value: 1482.1663818359375.
[I 2023-12-26 16:27:31,507] Trial 5 finished with value: 3911.805908203125 and parameters: {'gradient_clip_val': 0.1836749774701541, 'hidden_size': 22, 'dropout': 0.25274928872030245, 'hidden_continuous_size': 19, 'attention_head_size': 2, 'learning_rate': 0.033718250158805974}. Best is trial 0 with value: 1482.1663818359375.
[I 2023-12-26 16:27:33,571] Trial 6 finished with value: 3923.489990234375 and parameters: {'gradient_clip_val': 0.7838208892742653, 'hidden_size': 16, 'dropout': 0.12438684364656508, 'hidden_continuous_size': 5, 'attention_head_size': 3, 'learning_rate': 0.06338926559538423}. Best is trial 0 with value: 1482.1663818359375.
[I 2023-12-26 16:27:35,848] Trial 7 finished with value: 4905.525390625 and parameters: {'gradient_clip_val': 0.25254965083103587, 'hidden_size': 5, 'dropout': 0.48909035503526965, 'hidden_continuous_size': 5, 'attention_head_size': 3, 'learning_rate': 0.0007069360959288794}. Best is trial 0 with value: 1482.1663818359375.
[I 2023-12-26 16:27:40,171] Trial 8 finished with value: 3350.632568359375 and parameters: {'gradient_clip_val': 0.15322300204217296, 'hidden_size': 47, 'dropout': 0.45282284063348743, 'hidden_continuous_size': 17, 'attention_head_size': 4, 'learning_rate': 0.0041048441627677505}. Best is trial 0 with value: 1482.1663818359375.
[I 2023-12-26 16:27:43,085] Trial 9 finished with value: 2943.05078125 and parameters: {'gradient_clip_val': 0.5333568274345365, 'hidden_size': 20, 'dropout': 0.3032766465064579, 'hidden_continuous_size': 16, 'attention_head_size': 3, 'learning_rate': 0.0005560864556541225}. Best is trial 0 with value: 1482.1663818359375.
[I 2023-12-26 16:27:53,067] Trial 10 finished with value: 3314.579345703125 and parameters: {'gradient_clip_val': 0.4883467087620958, 'hidden_size': 131, 'dropout': 0.37814046115055333, 'hidden_continuous_size': 60, 'attention_head_size': 1, 'learning_rate': 0.005848505203227435}. Best is trial 0 with value: 1482.1663818359375.
[I 2023-12-26 16:27:57,578] Trial 11 finished with value: 3401.755615234375 and parameters: {'gradient_clip_val': 0.11919464667484171, 'hidden_size': 59, 'dropout': 0.34265318214309537, 'hidden_continuous_size': 11, 'attention_head_size': 2, 'learning_rate': 0.0017514717268606486}. Best is trial 0 with value: 1482.1663818359375.
[I 2023-12-26 16:28:08,264] Trial 12 finished with value: 3267.5869140625 and parameters: {'gradient_clip_val': 0.3878907977605378, 'hidden_size': 148, 'dropout': 0.24987596222621744, 'hidden_continuous_size': 36, 'attention_head_size': 2, 'learning_rate': 0.0014500760310186874}. Best is trial 0 with value: 1482.1663818359375.
[I 2023-12-26 16:28:12,106] Trial 13 finished with value: 3364.916259765625 and parameters: {'gradient_clip_val': 0.3693900174779559, 'hidden_size': 51, 'dropout': 0.4868797615086858, 'hidden_continuous_size': 10, 'attention_head_size': 1, 'learning_rate': 0.0011356355483745405}. Best is trial 0 with value: 1482.1663818359375.
[I 2023-12-26 16:28:17,161] Trial 14 finished with value: 3733.294921875 and parameters: {'gradient_clip_val': 0.6230859263617196, 'hidden_size': 84, 'dropout': 0.3679341179164176, 'hidden_continuous_size': 26, 'attention_head_size': 2, 'learning_rate': 0.003263738221922549}. Best is trial 0 with value: 1482.1663818359375.
[I 2023-12-26 16:28:19,854] Trial 15 finished with value: 4280.13427734375 and parameters: {'gradient_clip_val': 0.2917223557066804, 'hidden_size': 36, 'dropout': 0.499942924917075, 'hidden_continuous_size': 10, 'attention_head_size': 4, 'learning_rate': 0.010244701242262948}. Best is trial 0 with value: 1482.1663818359375.
[I 2023-12-26 16:28:27,346] Trial 16 finished with value: 3340.088623046875 and parameters: {'gradient_clip_val': 0.6561576928935355, 'hidden_size': 96, 'dropout': 0.3992709018971438, 'hidden_continuous_size': 27, 'attention_head_size': 2, 'learning_rate': 0.0008874095725517464}. Best is trial 0 with value: 1482.1663818359375.
[I 2023-12-26 16:28:30,908] Trial 17 finished with value: 3067.583984375 and parameters: {'gradient_clip_val': 0.43551159402831285, 'hidden_size': 34, 'dropout': 0.3151588309149364, 'hidden_continuous_size': 13, 'attention_head_size': 1, 'learning_rate': 0.0023158206299679946}. Best is trial 0 with value: 1482.1663818359375.
[I 2023-12-26 16:28:38,001] Trial 18 finished with value: 3510.091796875 and parameters: {'gradient_clip_val': 0.19843496203784547, 'hidden_size': 78, 'dropout': 0.26243909396061976, 'hidden_continuous_size': 8, 'attention_head_size': 2, 'learning_rate': 0.001024139383705767}. Best is trial 0 with value: 1482.1663818359375.
[I 2023-12-26 16:28:40,572] Trial 19 finished with value: 2787.166259765625 and parameters: {'gradient_clip_val': 0.9999973864561722, 'hidden_size': 13, 'dropout': 0.3512192260455573, 'hidden_continuous_size': 8, 'attention_head_size': 1, 'learning_rate': 0.0005228190253787121}. Best is trial 0 with value: 1482.1663818359375.
[I 2023-12-26 16:28:43,179] Trial 20 finished with value: 3720.621337890625 and parameters: {'gradient_clip_val': 0.7322026172517406, 'hidden_size': 12, 'dropout': 0.41310242851380846, 'hidden_continuous_size': 7, 'attention_head_size': 1, 'learning_rate': 0.0006661519887741375}. Best is trial 0 with value: 1482.1663818359375.
[I 2023-12-26 16:28:45,288] Trial 21 finished with value: 3608.806884765625 and parameters: {'gradient_clip_val': 0.9491432505147174, 'hidden_size': 11, 'dropout': 0.3487747378229652, 'hidden_continuous_size': 7, 'attention_head_size': 1, 'learning_rate': 0.0005115039216122346}. Best is trial 0 with value: 1482.1663818359375.
[I 2023-12-26 16:28:48,098] Trial 22 finished with value: 3640.574462890625 and parameters: {'gradient_clip_val': 0.9653603810973876, 'hidden_size': 31, 'dropout': 0.32757064166475147, 'hidden_continuous_size': 9, 'attention_head_size': 2, 'learning_rate': 0.0010266894362470284}. Best is trial 0 with value: 1482.1663818359375.
[I 2023-12-26 16:28:51,137] Trial 23 finished with value: 3442.6376953125 and parameters: {'gradient_clip_val': 0.5667239372353795, 'hidden_size': 40, 'dropout': 0.4558274393307575, 'hidden_continuous_size': 12, 'attention_head_size': 2, 'learning_rate': 0.0009078445164822068}. Best is trial 0 with value: 1482.1663818359375.
[I 2023-12-26 16:28:54,297] Trial 24 finished with value: 3804.561279296875 and parameters: {'gradient_clip_val': 0.6965486272555395, 'hidden_size': 31, 'dropout': 0.27895890478902363, 'hidden_continuous_size': 12, 'attention_head_size': 1, 'learning_rate': 0.0005021225257268977}. Best is trial 0 with value: 1482.1663818359375.
[I 2023-12-26 16:28:58,586] Trial 25 finished with value: 2822.771240234375 and parameters: {'gradient_clip_val': 0.7815784770838332, 'hidden_size': 67, 'dropout': 0.22798517361915832, 'hidden_continuous_size': 21, 'attention_head_size': 2, 'learning_rate': 0.0023901773391806084}. Best is trial 0 with value: 1482.1663818359375.
[I 2023-12-26 16:29:03,023] Trial 26 finished with value: 3348.280029296875 and parameters: {'gradient_clip_val': 0.8203379399592086, 'hidden_size': 69, 'dropout': 0.20295424867001213, 'hidden_continuous_size': 22, 'attention_head_size': 1, 'learning_rate': 0.0022204752498889238}. Best is trial 0 with value: 1482.1663818359375.
[I 2023-12-26 16:29:10,379] Trial 27 finished with value: 3115.62109375 and parameters: {'gradient_clip_val': 0.9910572406692146, 'hidden_size': 105, 'dropout': 0.3899376956879423, 'hidden_continuous_size': 9, 'attention_head_size': 2, 'learning_rate': 0.002914904931192689}. Best is trial 0 with value: 1482.1663818359375.
[I 2023-12-26 16:29:16,303] Trial 28 finished with value: 4385.47021484375 and parameters: {'gradient_clip_val': 0.7580236233949116, 'hidden_size': 66, 'dropout': 0.361140930838627, 'hidden_continuous_size': 14, 'attention_head_size': 3, 'learning_rate': 0.0014870591886129033}. Best is trial 0 with value: 1482.1663818359375.
[I 2023-12-26 16:29:21,116] Trial 29 finished with value: 4443.60986328125 and parameters: {'gradient_clip_val': 0.620392353641567, 'hidden_size': 53, 'dropout': 0.40757482204227363, 'hidden_continuous_size': 14, 'attention_head_size': 4, 'learning_rate': 0.0007301946203214253}. Best is trial 0 with value: 1482.1663818359375.
[I 2023-12-26 16:29:31,088] Trial 30 finished with value: 3341.702880859375 and parameters: {'gradient_clip_val': 0.8333008016669415, 'hidden_size': 119, 'dropout': 0.42829365374373063, 'hidden_continuous_size': 33, 'attention_head_size': 1, 'learning_rate': 0.0046760161520486175}. Best is trial 0 with value: 1482.1663818359375.
[I 2023-12-26 16:29:34,260] Trial 31 finished with value: 3111.6337890625 and parameters: {'gradient_clip_val': 0.8839151340512148, 'hidden_size': 27, 'dropout': 0.29361667272014347, 'hidden_continuous_size': 16, 'attention_head_size': 2, 'learning_rate': 0.001259634381555206}. Best is trial 0 with value: 1482.1663818359375.
[I 2023-12-26 16:29:40,866] Trial 32 finished with value: 2534.88525390625 and parameters: {'gradient_clip_val': 0.987305606452393, 'hidden_size': 86, 'dropout': 0.22431081043438958, 'hidden_continuous_size': 20, 'attention_head_size': 2, 'learning_rate': 0.0008015953894193694}. Best is trial 0 with value: 1482.1663818359375.
[I 2023-12-26 16:29:48,374] Trial 33 finished with value: 4598.734375 and parameters: {'gradient_clip_val': 0.9731552596178056, 'hidden_size': 86, 'dropout': 0.2119823397164027, 'hidden_continuous_size': 21, 'attention_head_size': 3, 'learning_rate': 0.0009185225412602032}. Best is trial 0 with value: 1482.1663818359375.
[I 2023-12-26 16:29:57,001] Trial 34 finished with value: 3619.796875 and parameters: {'gradient_clip_val': 0.7204760850623986, 'hidden_size': 108, 'dropout': 0.21780424598071257, 'hidden_continuous_size': 19, 'attention_head_size': 2, 'learning_rate': 0.0006986331488528383}. Best is trial 0 with value: 1482.1663818359375.
[I 2023-12-26 16:30:02,658] Trial 35 finished with value: 3670.1953125 and parameters: {'gradient_clip_val': 0.8290245937514301, 'hidden_size': 71, 'dropout': 0.17785762902286906, 'hidden_continuous_size': 15, 'attention_head_size': 2, 'learning_rate': 0.0017444230897471502}. Best is trial 0 with value: 1482.1663818359375.
[I 2023-12-26 16:30:10,171] Trial 36 finished with value: 4261.57666015625 and parameters: {'gradient_clip_val': 0.8633491641934318, 'hidden_size': 95, 'dropout': 0.3255709126204396, 'hidden_continuous_size': 12, 'attention_head_size': 3, 'learning_rate': 0.000729078852564481}. Best is trial 0 with value: 1482.1663818359375.
[I 2023-12-26 16:30:21,587] Trial 37 finished with value: 3957.9228515625 and parameters: {'gradient_clip_val': 0.9972265487171182, 'hidden_size': 150, 'dropout': 0.2446231902033178, 'hidden_continuous_size': 23, 'attention_head_size': 2, 'learning_rate': 0.001336202368977222}. Best is trial 0 with value: 1482.1663818359375.
[I 2023-12-26 16:30:26,982] Trial 38 finished with value: 3393.297607421875 and parameters: {'gradient_clip_val': 0.7375336188404518, 'hidden_size': 62, 'dropout': 0.28044208066577303, 'hidden_continuous_size': 17, 'attention_head_size': 1, 'learning_rate': 0.0005058138251260973}. Best is trial 0 with value: 1482.1663818359375.
[I 2023-12-26 16:30:30,721] Trial 39 finished with value: 3400.370361328125 and parameters: {'gradient_clip_val': 0.5939043256013068, 'hidden_size': 44, 'dropout': 0.1717251498964025, 'hidden_continuous_size': 18, 'attention_head_size': 3, 'learning_rate': 0.0007702409870217373}. Best is trial 0 with value: 1482.1663818359375.
[I 2023-12-26 16:30:35,339] Trial 40 finished with value: 3314.688720703125 and parameters: {'gradient_clip_val': 0.6795481679674612, 'hidden_size': 58, 'dropout': 0.4265141186898468, 'hidden_continuous_size': 6, 'attention_head_size': 2, 'learning_rate': 0.001014809983225207}. Best is trial 0 with value: 1482.1663818359375.
[I 2023-12-26 16:30:38,367] Trial 41 finished with value: 4738.865234375 and parameters: {'gradient_clip_val': 0.9132257368970556, 'hidden_size': 25, 'dropout': 0.23868046388169176, 'hidden_continuous_size': 15, 'attention_head_size': 2, 'learning_rate': 0.000658948294277316}. Best is trial 0 with value: 1482.1663818359375.
[I 2023-12-26 16:30:41,393] Trial 42 finished with value: 3463.137939453125 and parameters: {'gradient_clip_val': 0.8067656015519447, 'hidden_size': 18, 'dropout': 0.2710476431909238, 'hidden_continuous_size': 8, 'attention_head_size': 2, 'learning_rate': 0.001253181065786319}. Best is trial 0 with value: 1482.1663818359375.
[I 2023-12-26 16:30:45,635] Trial 43 finished with value: 2508.828369140625 and parameters: {'gradient_clip_val': 0.7792627945310899, 'hidden_size': 47, 'dropout': 0.2914851618149509, 'hidden_continuous_size': 20, 'attention_head_size': 2, 'learning_rate': 0.001731491319403316}. Best is trial 0 with value: 1482.1663818359375.
[I 2023-12-26 16:30:50,072] Trial 44 finished with value: 3831.875244140625 and parameters: {'gradient_clip_val': 0.555113227119667, 'hidden_size': 49, 'dropout': 0.2944419518009228, 'hidden_continuous_size': 19, 'attention_head_size': 2, 'learning_rate': 0.0018354604147533332}. Best is trial 0 with value: 1482.1663818359375.
[I 2023-12-26 16:30:56,633] Trial 45 finished with value: 4253.943359375 and parameters: {'gradient_clip_val': 0.7824520683923872, 'hidden_size': 76, 'dropout': 0.38150664620638036, 'hidden_continuous_size': 20, 'attention_head_size': 3, 'learning_rate': 0.0006137636441995989}. Best is trial 0 with value: 1482.1663818359375.
[I 2023-12-26 16:31:01,095] Trial 46 finished with value: 3581.9765625 and parameters: {'gradient_clip_val': 0.648506540227694, 'hidden_size': 43, 'dropout': 0.3033942603015184, 'hidden_continuous_size': 17, 'attention_head_size': 2, 'learning_rate': 0.0007735719382941629}. Best is trial 0 with value: 1482.1663818359375.
[I 2023-12-26 16:31:08,441] Trial 47 finished with value: 3768.672607421875 and parameters: {'gradient_clip_val': 0.5096013933151423, 'hidden_size': 85, 'dropout': 0.4614887982263273, 'hidden_continuous_size': 27, 'attention_head_size': 1, 'learning_rate': 0.0011294457760831274}. Best is trial 0 with value: 1482.1663818359375.
[I 2023-12-26 16:31:13,769] Trial 48 finished with value: 3257.416259765625 and parameters: {'gradient_clip_val': 0.8854964979774297, 'hidden_size': 57, 'dropout': 0.34311483023669725, 'hidden_continuous_size': 24, 'attention_head_size': 2, 'learning_rate': 0.0016176360711400034}. Best is trial 0 with value: 1482.1663818359375.
[I 2023-12-26 16:31:18,482] Trial 49 finished with value: 4116.86279296875 and parameters: {'gradient_clip_val': 0.6855158641383526, 'hidden_size': 69, 'dropout': 0.25970855352832667, 'hidden_continuous_size': 21, 'attention_head_size': 2, 'learning_rate': 0.0005815535809179013}. Best is trial 0 with value: 1482.1663818359375.
[I 2023-12-26 16:31:18,614] A new study created in memory with name: no-name-a8c67822-e0da-48db-a941-e3ae9132ae8d
/home/le004/conda/anaconda3/envs/tsff_env/lib/python3.9/site-packages/lightning/fabric/plugins/environments/slurm.py:191: The `srun` command is available on your system but is not used. HINT: If your intention is to run Lightning on SLURM, prepend your python command with `srun` like so: srun python /home/le004/master_thesis/git/TSFusionForecast/code/ ...
[I 2023-12-26 16:42:48,070] Trial 0 finished with value: 137.21556091308594 and parameters: {'gradient_clip_val': 0.32600692856853786, 'hidden_size': 134, 'dropout': 0.31279953099790625, 'hidden_continuous_size': 13, 'attention_head_size': 4, 'learning_rate': 0.05904535234495738}. Best is trial 0 with value: 137.21556091308594.
[I 2023-12-26 16:42:50,565] Trial 1 finished with value: 548.322265625 and parameters: {'gradient_clip_val': 0.8054313403433588, 'hidden_size': 11, 'dropout': 0.13825075835756226, 'hidden_continuous_size': 5, 'attention_head_size': 2, 'learning_rate': 0.005950653513391364}. Best is trial 0 with value: 137.21556091308594.
[I 2023-12-26 16:42:54,167] Trial 2 finished with value: 512.3233032226562 and parameters: {'gradient_clip_val': 0.5211527400148979, 'hidden_size': 35, 'dropout': 0.3576297288076289, 'hidden_continuous_size': 8, 'attention_head_size': 3, 'learning_rate': 0.005852241623310799}. Best is trial 0 with value: 137.21556091308594.
[I 2023-12-26 16:42:56,433] Trial 3 finished with value: 526.9766235351562 and parameters: {'gradient_clip_val': 0.3018271767632132, 'hidden_size': 10, 'dropout': 0.47947431846128397, 'hidden_continuous_size': 10, 'attention_head_size': 1, 'learning_rate': 0.02201104163659004}. Best is trial 0 with value: 137.21556091308594.
[I 2023-12-26 16:43:01,278] Trial 4 finished with value: 533.6535034179688 and parameters: {'gradient_clip_val': 0.3866428547293198, 'hidden_size': 56, 'dropout': 0.2669770447725417, 'hidden_continuous_size': 8, 'attention_head_size': 4, 'learning_rate': 0.0009408159882791732}. Best is trial 0 with value: 137.21556091308594.
[I 2023-12-26 16:43:04,173] Trial 5 finished with value: 491.0628356933594 and parameters: {'gradient_clip_val': 0.16506053136468576, 'hidden_size': 23, 'dropout': 0.24292198853749333, 'hidden_continuous_size': 17, 'attention_head_size': 1, 'learning_rate': 0.0070965809862142005}. Best is trial 0 with value: 137.21556091308594.
[I 2023-12-26 16:43:06,837] Trial 6 finished with value: 438.6483154296875 and parameters: {'gradient_clip_val': 0.45294797847713225, 'hidden_size': 18, 'dropout': 0.1960348719298156, 'hidden_continuous_size': 16, 'attention_head_size': 3, 'learning_rate': 0.057043657425146506}. Best is trial 0 with value: 137.21556091308594.
[I 2023-12-26 16:43:16,028] Trial 7 finished with value: 323.1251220703125 and parameters: {'gradient_clip_val': 0.15179204695530632, 'hidden_size': 117, 'dropout': 0.417314056847352, 'hidden_continuous_size': 10, 'attention_head_size': 1, 'learning_rate': 0.054767473284054985}. Best is trial 0 with value: 137.21556091308594.
[I 2023-12-26 16:43:20,267] Trial 8 finished with value: 512.4658203125 and parameters: {'gradient_clip_val': 0.3747333635026698, 'hidden_size': 49, 'dropout': 0.3978310783434854, 'hidden_continuous_size': 13, 'attention_head_size': 1, 'learning_rate': 0.0012027003118887847}. Best is trial 0 with value: 137.21556091308594.
[I 2023-12-26 16:43:23,364] Trial 9 finished with value: 497.2786865234375 and parameters: {'gradient_clip_val': 0.7222105042333957, 'hidden_size': 21, 'dropout': 0.16581977436004128, 'hidden_continuous_size': 9, 'attention_head_size': 2, 'learning_rate': 0.008499596026179203}. Best is trial 0 with value: 137.21556091308594.
[I 2023-12-26 16:43:35,079] Trial 10 finished with value: 410.2615661621094 and parameters: {'gradient_clip_val': 0.23358167115254194, 'hidden_size': 146, 'dropout': 0.3124586831108686, 'hidden_continuous_size': 48, 'attention_head_size': 4, 'learning_rate': 0.08982623651118672}. Best is trial 0 with value: 137.21556091308594.
[I 2023-12-26 16:43:46,958] Trial 11 finished with value: 418.0337219238281 and parameters: {'gradient_clip_val': 0.11365310721261178, 'hidden_size': 149, 'dropout': 0.4141479300857878, 'hidden_continuous_size': 33, 'attention_head_size': 3, 'learning_rate': 0.041241243338688234}. Best is trial 0 with value: 137.21556091308594.
[I 2023-12-26 16:43:54,022] Trial 12 finished with value: 311.6441650390625 and parameters: {'gradient_clip_val': 0.2207562480051045, 'hidden_size': 83, 'dropout': 0.32425809098844194, 'hidden_continuous_size': 23, 'attention_head_size': 2, 'learning_rate': 0.09622827560677116}. Best is trial 0 with value: 137.21556091308594.
[I 2023-12-26 16:44:00,366] Trial 13 finished with value: 374.0084533691406 and parameters: {'gradient_clip_val': 0.2527116319748224, 'hidden_size': 75, 'dropout': 0.31807767338322857, 'hidden_continuous_size': 27, 'attention_head_size': 2, 'learning_rate': 0.09903202507874115}. Best is trial 0 with value: 137.21556091308594.
[I 2023-12-26 16:44:07,932] Trial 14 finished with value: 403.4750671386719 and parameters: {'gradient_clip_val': 0.21732220857239803, 'hidden_size': 86, 'dropout': 0.252199517670262, 'hidden_continuous_size': 27, 'attention_head_size': 4, 'learning_rate': 0.026876309793729018}. Best is trial 0 with value: 137.21556091308594.
[I 2023-12-26 16:44:16,501] Trial 15 finished with value: 457.6040954589844 and parameters: {'gradient_clip_val': 0.29446780902992353, 'hidden_size': 89, 'dropout': 0.1027463058131585, 'hidden_continuous_size': 83, 'attention_head_size': 3, 'learning_rate': 0.0228636413052321}. Best is trial 0 with value: 137.21556091308594.
