[I 2023-12-26 13:03:14,896] Trial 36 finished with value: 8132.60302734375 and parameters: {'gradient_clip_val': 0.6913706210877849, 'hidden_size': 72, 'dropout': 0.17383023344222248, 'hidden_continuous_size': 15, 'attention_head_size': 4, 'learning_rate': 0.016870897564134114}. Best is trial 0 with value: 985.079345703125.
[I 2023-12-26 13:03:19,694] Trial 37 finished with value: 6944.833984375 and parameters: {'gradient_clip_val': 0.8963492518734698, 'hidden_size': 80, 'dropout': 0.1887469420158622, 'hidden_continuous_size': 19, 'attention_head_size': 4, 'learning_rate': 0.00892804596721762}. Best is trial 0 with value: 985.079345703125.
[I 2023-12-26 13:03:22,480] Trial 38 finished with value: 6147.2421875 and parameters: {'gradient_clip_val': 0.6125898146024461, 'hidden_size': 20, 'dropout': 0.11814942647065953, 'hidden_continuous_size': 11, 'attention_head_size': 4, 'learning_rate': 0.01631900940160249}. Best is trial 0 with value: 985.079345703125.
[I 2023-12-26 13:03:25,133] Trial 39 finished with value: 5773.24462890625 and parameters: {'gradient_clip_val': 0.5029077220701548, 'hidden_size': 36, 'dropout': 0.19349112484949105, 'hidden_continuous_size': 13, 'attention_head_size': 1, 'learning_rate': 0.022841750785761734}. Best is trial 0 with value: 985.079345703125.
[I 2023-12-26 13:03:29,989] Trial 40 finished with value: 5246.73974609375 and parameters: {'gradient_clip_val': 0.3733401810834933, 'hidden_size': 59, 'dropout': 0.15720667661105436, 'hidden_continuous_size': 6, 'attention_head_size': 4, 'learning_rate': 0.00504115621253414}. Best is trial 0 with value: 985.079345703125.
[I 2023-12-26 13:03:39,516] Trial 41 finished with value: 5151.37939453125 and parameters: {'gradient_clip_val': 0.8144950875898411, 'hidden_size': 122, 'dropout': 0.13298517618631328, 'hidden_continuous_size': 17, 'attention_head_size': 3, 'learning_rate': 0.03157738094146103}. Best is trial 0 with value: 985.079345703125.
[I 2023-12-26 13:03:46,771] Trial 42 finished with value: 7551.70068359375 and parameters: {'gradient_clip_val': 0.8858312180832962, 'hidden_size': 102, 'dropout': 0.10067581451001484, 'hidden_continuous_size': 15, 'attention_head_size': 3, 'learning_rate': 0.02951498909417878}. Best is trial 0 with value: 985.079345703125.
[I 2023-12-26 13:03:52,889] Trial 43 finished with value: 4961.47802734375 and parameters: {'gradient_clip_val': 0.7274788619530296, 'hidden_size': 76, 'dropout': 0.14919518485825806, 'hidden_continuous_size': 11, 'attention_head_size': 2, 'learning_rate': 0.01389353129452519}. Best is trial 0 with value: 985.079345703125.
[I 2023-12-26 13:03:59,840] Trial 44 finished with value: 6739.46484375 and parameters: {'gradient_clip_val': 0.7113391868080808, 'hidden_size': 82, 'dropout': 0.1463894638667147, 'hidden_continuous_size': 10, 'attention_head_size': 2, 'learning_rate': 0.013998778820973825}. Best is trial 0 with value: 985.079345703125.
[I 2023-12-26 13:04:05,676] Trial 45 finished with value: 6576.79052734375 and parameters: {'gradient_clip_val': 0.608843421546809, 'hidden_size': 70, 'dropout': 0.12302889664247749, 'hidden_continuous_size': 8, 'attention_head_size': 2, 'learning_rate': 0.008389061083995557}. Best is trial 0 with value: 985.079345703125.
[I 2023-12-26 13:04:10,491] Trial 46 finished with value: 7246.95703125 and parameters: {'gradient_clip_val': 0.9925043493869883, 'hidden_size': 52, 'dropout': 0.21531673482803484, 'hidden_continuous_size': 7, 'attention_head_size': 2, 'learning_rate': 0.012511802813011692}. Best is trial 0 with value: 985.079345703125.
[I 2023-12-26 13:04:13,365] Trial 47 finished with value: 7768.04736328125 and parameters: {'gradient_clip_val': 0.7413701173124622, 'hidden_size': 43, 'dropout': 0.16951681291188098, 'hidden_continuous_size': 5, 'attention_head_size': 2, 'learning_rate': 0.020862729613421897}. Best is trial 0 with value: 985.079345703125.
[I 2023-12-26 13:04:17,048] Trial 48 finished with value: 5734.90087890625 and parameters: {'gradient_clip_val': 0.6423737866083223, 'hidden_size': 63, 'dropout': 0.1901433430854317, 'hidden_continuous_size': 14, 'attention_head_size': 1, 'learning_rate': 0.015624875547836582}. Best is trial 0 with value: 985.079345703125.
[I 2023-12-26 13:04:20,166] Trial 49 finished with value: 7280.60205078125 and parameters: {'gradient_clip_val': 0.9261165035950624, 'hidden_size': 52, 'dropout': 0.14685210152863454, 'hidden_continuous_size': 20, 'attention_head_size': 2, 'learning_rate': 0.010369535782436113}. Best is trial 0 with value: 985.079345703125.
[I 2023-12-26 13:04:20,296] A new study created in memory with name: no-name-c213a468-476d-4bc2-9f6e-566cacd64b9f
/home/le004/conda/anaconda3/envs/tsff_env/lib/python3.9/site-packages/lightning/fabric/plugins/environments/slurm.py:191: The `srun` command is available on your system but is not used. HINT: If your intention is to run Lightning on SLURM, prepend your python command with `srun` like so: srun python /home/le004/master_thesis/git/TSFusionForecast/code/ ...
[I 2023-12-26 13:09:19,262] Trial 0 finished with value: 0.0677502378821373 and parameters: {'gradient_clip_val': 0.3667687359315619, 'hidden_size': 11, 'dropout': 0.48777570334200115, 'hidden_continuous_size': 6, 'attention_head_size': 1, 'learning_rate': 0.012557943582210178}. Best is trial 0 with value: 0.0677502378821373.
[I 2023-12-26 13:10:06,065] Trial 1 finished with value: 1.282593011856079 and parameters: {'gradient_clip_val': 0.6488228325442047, 'hidden_size': 7, 'dropout': 0.14662578474118468, 'hidden_continuous_size': 6, 'attention_head_size': 3, 'learning_rate': 0.0025719052466750126}. Best is trial 0 with value: 0.0677502378821373.
[I 2023-12-26 13:10:09,482] Trial 2 finished with value: 2.64790415763855 and parameters: {'gradient_clip_val': 0.13442747891905554, 'hidden_size': 43, 'dropout': 0.24706884974145688, 'hidden_continuous_size': 22, 'attention_head_size': 4, 'learning_rate': 0.009411682021965746}. Best is trial 0 with value: 0.0677502378821373.
[I 2023-12-26 13:10:12,761] Trial 3 finished with value: 2.936116933822632 and parameters: {'gradient_clip_val': 0.15372583355213962, 'hidden_size': 42, 'dropout': 0.32578726188470897, 'hidden_continuous_size': 5, 'attention_head_size': 3, 'learning_rate': 0.02294758077078284}. Best is trial 0 with value: 0.0677502378821373.
[I 2023-12-26 13:10:14,723] Trial 4 finished with value: 3.6320266723632812 and parameters: {'gradient_clip_val': 0.8847834759004852, 'hidden_size': 8, 'dropout': 0.396387005257996, 'hidden_continuous_size': 7, 'attention_head_size': 3, 'learning_rate': 0.0009867331485156044}. Best is trial 0 with value: 0.0677502378821373.
[I 2023-12-26 13:10:21,238] Trial 5 finished with value: 2.5532429218292236 and parameters: {'gradient_clip_val': 0.7445750805277095, 'hidden_size': 90, 'dropout': 0.12129684791614458, 'hidden_continuous_size': 35, 'attention_head_size': 1, 'learning_rate': 0.01203644804159247}. Best is trial 0 with value: 0.0677502378821373.
[I 2023-12-26 13:10:23,506] Trial 6 finished with value: 2.631986618041992 and parameters: {'gradient_clip_val': 0.20932281137748596, 'hidden_size': 15, 'dropout': 0.10775201590349322, 'hidden_continuous_size': 12, 'attention_head_size': 1, 'learning_rate': 0.047528663725911934}. Best is trial 0 with value: 0.0677502378821373.
[I 2023-12-26 13:10:25,508] Trial 7 finished with value: 2.8375120162963867 and parameters: {'gradient_clip_val': 0.17449113824594642, 'hidden_size': 8, 'dropout': 0.2469948224743003, 'hidden_continuous_size': 7, 'attention_head_size': 4, 'learning_rate': 0.003130183003022471}. Best is trial 0 with value: 0.0677502378821373.
[I 2023-12-26 13:10:27,430] Trial 8 finished with value: 3.119900703430176 and parameters: {'gradient_clip_val': 0.2722243854161548, 'hidden_size': 8, 'dropout': 0.37562369232859494, 'hidden_continuous_size': 7, 'attention_head_size': 2, 'learning_rate': 0.0006764713369606803}. Best is trial 0 with value: 0.0677502378821373.
[I 2023-12-26 13:10:29,535] Trial 9 finished with value: 3.3440475463867188 and parameters: {'gradient_clip_val': 0.7703610514937765, 'hidden_size': 7, 'dropout': 0.1824596006376331, 'hidden_continuous_size': 7, 'attention_head_size': 3, 'learning_rate': 0.001788006939413842}. Best is trial 0 with value: 0.0677502378821373.
[I 2023-12-26 13:10:31,737] Trial 10 finished with value: 3.2026164531707764 and parameters: {'gradient_clip_val': 0.427565623475311, 'hidden_size': 17, 'dropout': 0.4990740624319995, 'hidden_continuous_size': 5, 'attention_head_size': 2, 'learning_rate': 0.06109022515647236}. Best is trial 0 with value: 0.0677502378821373.
[I 2023-12-26 13:10:33,564] Trial 11 finished with value: 2.820479393005371 and parameters: {'gradient_clip_val': 0.46241498116780133, 'hidden_size': 5, 'dropout': 0.4905043420590276, 'hidden_continuous_size': 5, 'attention_head_size': 2, 'learning_rate': 0.0041489001887073055}. Best is trial 0 with value: 0.0677502378821373.
[I 2023-12-26 13:10:35,674] Trial 12 finished with value: 3.044635534286499 and parameters: {'gradient_clip_val': 0.49143751524467366, 'hidden_size': 12, 'dropout': 0.19138052530654368, 'hidden_continuous_size': 6, 'attention_head_size': 1, 'learning_rate': 0.005124306730821686}. Best is trial 0 with value: 0.0677502378821373.
[I 2023-12-26 13:10:37,522] Trial 13 finished with value: 3.308462381362915 and parameters: {'gradient_clip_val': 0.10052095126876479, 'hidden_size': 5, 'dropout': 0.4226457850354696, 'hidden_continuous_size': 5, 'attention_head_size': 3, 'learning_rate': 0.01440751985001102}. Best is trial 0 with value: 0.0677502378821373.
[I 2023-12-26 13:10:39,782] Trial 14 finished with value: 3.8550736904144287 and parameters: {'gradient_clip_val': 0.3301853244701772, 'hidden_size': 18, 'dropout': 0.3155819440909545, 'hidden_continuous_size': 9, 'attention_head_size': 2, 'learning_rate': 0.0018686911912344877}. Best is trial 0 with value: 0.0677502378821373.
[I 2023-12-26 13:10:41,978] Trial 15 finished with value: 2.1569297313690186 and parameters: {'gradient_clip_val': 0.6546412928592751, 'hidden_size': 12, 'dropout': 0.44955092289216236, 'hidden_continuous_size': 6, 'attention_head_size': 4, 'learning_rate': 0.024189713562283593}. Best is trial 0 with value: 0.0677502378821373.
[I 2023-12-26 13:10:44,421] Trial 16 finished with value: 3.5880563259124756 and parameters: {'gradient_clip_val': 0.5863068333599463, 'hidden_size': 23, 'dropout': 0.3613972178153011, 'hidden_continuous_size': 9, 'attention_head_size': 1, 'learning_rate': 0.0075163173346785486}. Best is trial 0 with value: 0.0677502378821373.
[I 2023-12-26 13:10:46,241] Trial 17 finished with value: 3.401348352432251 and parameters: {'gradient_clip_val': 0.9264992862280602, 'hidden_size': 5, 'dropout': 0.28320986935969744, 'hidden_continuous_size': 5, 'attention_head_size': 2, 'learning_rate': 0.006069712758692773}. Best is trial 0 with value: 0.0677502378821373.
[I 2023-12-26 13:10:48,378] Trial 18 finished with value: 3.7902767658233643 and parameters: {'gradient_clip_val': 0.35007066658442343, 'hidden_size': 11, 'dropout': 0.3472428640055078, 'hidden_continuous_size': 6, 'attention_head_size': 3, 'learning_rate': 0.002748146804809659}. Best is trial 0 with value: 0.0677502378821373.
[I 2023-12-26 13:10:51,032] Trial 19 finished with value: 3.1894962787628174 and parameters: {'gradient_clip_val': 0.5714496153433393, 'hidden_size': 27, 'dropout': 0.433835649056598, 'hidden_continuous_size': 10, 'attention_head_size': 4, 'learning_rate': 0.006352865009994672}. Best is trial 0 with value: 0.0677502378821373.
[I 2023-12-26 13:10:53,113] Trial 20 finished with value: 2.7822697162628174 and parameters: {'gradient_clip_val': 0.2583233932062345, 'hidden_size': 10, 'dropout': 0.29381150105409903, 'hidden_continuous_size': 6, 'attention_head_size': 1, 'learning_rate': 0.09303133084183664}. Best is trial 0 with value: 0.0677502378821373.
[I 2023-12-26 13:10:55,536] Trial 21 finished with value: 2.673086404800415 and parameters: {'gradient_clip_val': 0.635704070586328, 'hidden_size': 12, 'dropout': 0.46567893970108715, 'hidden_continuous_size': 6, 'attention_head_size': 4, 'learning_rate': 0.022813652686979397}. Best is trial 0 with value: 0.0677502378821373.
[I 2023-12-26 13:10:57,586] Trial 22 finished with value: 4.303039073944092 and parameters: {'gradient_clip_val': 0.4245408296710726, 'hidden_size': 7, 'dropout': 0.4536419468325501, 'hidden_continuous_size': 6, 'attention_head_size': 4, 'learning_rate': 0.0205833112343229}. Best is trial 0 with value: 0.0677502378821373.
[I 2023-12-26 13:10:59,797] Trial 23 finished with value: 3.242633581161499 and parameters: {'gradient_clip_val': 0.692775966625308, 'hidden_size': 14, 'dropout': 0.4100690028287738, 'hidden_continuous_size': 6, 'attention_head_size': 3, 'learning_rate': 0.013906606597195524}. Best is trial 0 with value: 0.0677502378821373.
[I 2023-12-26 13:11:01,964] Trial 24 finished with value: 1.9661859273910522 and parameters: {'gradient_clip_val': 0.5207668929068322, 'hidden_size': 10, 'dropout': 0.4556864250928558, 'hidden_continuous_size': 6, 'attention_head_size': 4, 'learning_rate': 0.035158993149915115}. Best is trial 0 with value: 0.0677502378821373.
[I 2023-12-26 13:11:03,977] Trial 25 finished with value: 4.785449504852295 and parameters: {'gradient_clip_val': 0.5432129969865054, 'hidden_size': 6, 'dropout': 0.3981686287895875, 'hidden_continuous_size': 5, 'attention_head_size': 3, 'learning_rate': 0.03738530036434937}. Best is trial 0 with value: 0.0677502378821373.
[I 2023-12-26 13:11:06,053] Trial 26 finished with value: 4.1204400062561035 and parameters: {'gradient_clip_val': 0.3891731899564202, 'hidden_size': 9, 'dropout': 0.471087381691524, 'hidden_continuous_size': 6, 'attention_head_size': 2, 'learning_rate': 0.010665967677937689}. Best is trial 0 with value: 0.0677502378821373.
[I 2023-12-26 13:11:08,094] Trial 27 finished with value: 2.0099456310272217 and parameters: {'gradient_clip_val': 0.5049076276702894, 'hidden_size': 6, 'dropout': 0.43980657792213634, 'hidden_continuous_size': 5, 'attention_head_size': 4, 'learning_rate': 0.034141809377550375}. Best is trial 0 with value: 0.0677502378821373.
[I 2023-12-26 13:11:10,182] Trial 28 finished with value: 4.105827331542969 and parameters: {'gradient_clip_val': 0.38211638708982637, 'hidden_size': 9, 'dropout': 0.49870433447045415, 'hidden_continuous_size': 6, 'attention_head_size': 3, 'learning_rate': 0.016515430906632503}. Best is trial 0 with value: 0.0677502378821373.
[I 2023-12-26 13:11:12,362] Trial 29 finished with value: 2.5568578243255615 and parameters: {'gradient_clip_val': 0.2908444008826633, 'hidden_size': 10, 'dropout': 0.3783530278944816, 'hidden_continuous_size': 7, 'attention_head_size': 4, 'learning_rate': 0.008928148945187816}. Best is trial 0 with value: 0.0677502378821373.
[I 2023-12-26 13:11:14,687] Trial 30 finished with value: 2.8378188610076904 and parameters: {'gradient_clip_val': 0.9995937370975401, 'hidden_size': 19, 'dropout': 0.41982109484728597, 'hidden_continuous_size': 8, 'attention_head_size': 4, 'learning_rate': 0.010107624197340381}. Best is trial 0 with value: 0.0677502378821373.
[I 2023-12-26 13:11:16,731] Trial 31 finished with value: 4.123300075531006 and parameters: {'gradient_clip_val': 0.4934130075340096, 'hidden_size': 6, 'dropout': 0.44188422651053205, 'hidden_continuous_size': 5, 'attention_head_size': 4, 'learning_rate': 0.03886271850960037}. Best is trial 0 with value: 0.0677502378821373.
[I 2023-12-26 13:11:18,755] Trial 32 finished with value: 3.2507030963897705 and parameters: {'gradient_clip_val': 0.537282908549703, 'hidden_size': 6, 'dropout': 0.47261086970982114, 'hidden_continuous_size': 5, 'attention_head_size': 4, 'learning_rate': 0.03382494491047994}. Best is trial 0 with value: 0.0677502378821373.
[I 2023-12-26 13:11:21,067] Trial 33 finished with value: 2.4742038249969482 and parameters: {'gradient_clip_val': 0.7795701432309378, 'hidden_size': 7, 'dropout': 0.45025989386708554, 'hidden_continuous_size': 6, 'attention_head_size': 3, 'learning_rate': 0.018750838363644932}. Best is trial 0 with value: 0.0677502378821373.
[I 2023-12-26 13:11:23,180] Trial 34 finished with value: 2.5458548069000244 and parameters: {'gradient_clip_val': 0.46976195913991164, 'hidden_size': 9, 'dropout': 0.39918699532221247, 'hidden_continuous_size': 5, 'attention_head_size': 4, 'learning_rate': 0.02701953528655822}. Best is trial 0 with value: 0.0677502378821373.
[I 2023-12-26 13:11:25,411] Trial 35 finished with value: 3.9226653575897217 and parameters: {'gradient_clip_val': 0.6325825210205761, 'hidden_size': 14, 'dropout': 0.42127262225463835, 'hidden_continuous_size': 7, 'attention_head_size': 3, 'learning_rate': 0.05612134194946396}. Best is trial 0 with value: 0.0677502378821373.
[I 2023-12-26 13:11:27,273] Trial 36 finished with value: 3.674377679824829 and parameters: {'gradient_clip_val': 0.3668412431995552, 'hidden_size': 5, 'dropout': 0.34503199730199496, 'hidden_continuous_size': 5, 'attention_head_size': 4, 'learning_rate': 0.030580239061404137}. Best is trial 0 with value: 0.0677502378821373.
[I 2023-12-26 13:11:29,177] Trial 37 finished with value: 2.611339569091797 and parameters: {'gradient_clip_val': 0.42620704808830284, 'hidden_size': 8, 'dropout': 0.47792975641103547, 'hidden_continuous_size': 6, 'attention_head_size': 1, 'learning_rate': 0.017995590089906283}. Best is trial 0 with value: 0.0677502378821373.
[I 2023-12-26 13:11:35,784] Trial 38 finished with value: 2.1265451908111572 and parameters: {'gradient_clip_val': 0.31697558473967585, 'hidden_size': 96, 'dropout': 0.4355202941071292, 'hidden_continuous_size': 16, 'attention_head_size': 3, 'learning_rate': 0.011844810382123016}. Best is trial 0 with value: 0.0677502378821373.
[I 2023-12-26 13:11:39,370] Trial 39 finished with value: 3.386549949645996 and parameters: {'gradient_clip_val': 0.8006173034976068, 'hidden_size': 56, 'dropout': 0.37935978862046804, 'hidden_continuous_size': 12, 'attention_head_size': 4, 'learning_rate': 0.04918722834395806}. Best is trial 0 with value: 0.0677502378821373.
[I 2023-12-26 13:11:41,366] Trial 40 finished with value: 2.9430325031280518 and parameters: {'gradient_clip_val': 0.5516025656450566, 'hidden_size': 7, 'dropout': 0.48546857793288456, 'hidden_continuous_size': 6, 'attention_head_size': 2, 'learning_rate': 0.026845279681943054}. Best is trial 0 with value: 0.0677502378821373.
[I 2023-12-26 13:11:50,554] Trial 41 finished with value: 2.5355260372161865 and parameters: {'gradient_clip_val': 0.31007759398915286, 'hidden_size': 132, 'dropout': 0.4331566040916623, 'hidden_continuous_size': 15, 'attention_head_size': 3, 'learning_rate': 0.011934499646412808}. Best is trial 0 with value: 0.0677502378821373.
[I 2023-12-26 13:11:53,299] Trial 42 finished with value: 3.0491886138916016 and parameters: {'gradient_clip_val': 0.2522564350377263, 'hidden_size': 30, 'dropout': 0.46127209875002284, 'hidden_continuous_size': 16, 'attention_head_size': 3, 'learning_rate': 0.013489553452869436}. Best is trial 0 with value: 0.0677502378821373.
[I 2023-12-26 13:11:58,094] Trial 43 finished with value: 3.602860450744629 and parameters: {'gradient_clip_val': 0.34271836444892967, 'hidden_size': 61, 'dropout': 0.4823047620892036, 'hidden_continuous_size': 26, 'attention_head_size': 3, 'learning_rate': 0.008928041847730148}. Best is trial 0 with value: 0.0677502378821373.
[I 2023-12-26 13:12:01,040] Trial 44 finished with value: 3.466017484664917 and parameters: {'gradient_clip_val': 0.39643170786011805, 'hidden_size': 37, 'dropout': 0.4996874767445404, 'hidden_continuous_size': 8, 'attention_head_size': 2, 'learning_rate': 0.017014445237118432}. Best is trial 0 with value: 0.0677502378821373.
[I 2023-12-26 13:12:03,577] Trial 45 finished with value: 3.6756553649902344 and parameters: {'gradient_clip_val': 0.4599111577619209, 'hidden_size': 15, 'dropout': 0.1349080828649249, 'hidden_continuous_size': 7, 'attention_head_size': 3, 'learning_rate': 0.004060615597617498}. Best is trial 0 with value: 0.0677502378821373.
[I 2023-12-26 13:12:05,957] Trial 46 finished with value: 2.873675584793091 and parameters: {'gradient_clip_val': 0.7062264252776836, 'hidden_size': 20, 'dropout': 0.44444038437670974, 'hidden_continuous_size': 12, 'attention_head_size': 4, 'learning_rate': 0.0407517401505945}. Best is trial 0 with value: 0.0677502378821373.
[I 2023-12-26 13:12:08,418] Trial 47 finished with value: 4.857309818267822 and parameters: {'gradient_clip_val': 0.3195707928646225, 'hidden_size': 23, 'dropout': 0.40946590190047294, 'hidden_continuous_size': 8, 'attention_head_size': 3, 'learning_rate': 0.007194344428642369}. Best is trial 0 with value: 0.0677502378821373.
[I 2023-12-26 13:12:17,319] Trial 48 finished with value: 2.816556215286255 and parameters: {'gradient_clip_val': 0.6094667735428436, 'hidden_size': 117, 'dropout': 0.2428619926242238, 'hidden_continuous_size': 71, 'attention_head_size': 2, 'learning_rate': 0.028800248219653008}. Best is trial 0 with value: 0.0677502378821373.
[I 2023-12-26 13:12:19,415] Trial 49 finished with value: 3.271029233932495 and parameters: {'gradient_clip_val': 0.5103146971443556, 'hidden_size': 11, 'dropout': 0.4612811227080811, 'hidden_continuous_size': 7, 'attention_head_size': 1, 'learning_rate': 0.021226806470923145}. Best is trial 0 with value: 0.0677502378821373.
[I 2023-12-26 13:12:19,551] A new study created in memory with name: no-name-76355fc4-95f3-4124-a30b-7d1d19e14d80
/home/le004/conda/anaconda3/envs/tsff_env/lib/python3.9/site-packages/lightning/fabric/plugins/environments/slurm.py:191: The `srun` command is available on your system but is not used. HINT: If your intention is to run Lightning on SLURM, prepend your python command with `srun` like so: srun python /home/le004/master_thesis/git/TSFusionForecast/code/ ...
