[I 2023-12-26 17:48:01,816] Trial 42 finished with value: 4.502448558807373 and parameters: {'gradient_clip_val': 0.15854283406329006, 'hidden_size': 16, 'dropout': 0.4510495649939289, 'hidden_continuous_size': 7, 'attention_head_size': 2, 'learning_rate': 0.001513470509436046}. Best is trial 0 with value: 0.042086705565452576.
[I 2023-12-26 17:48:03,958] Trial 43 finished with value: 4.408293724060059 and parameters: {'gradient_clip_val': 0.19468046689149507, 'hidden_size': 14, 'dropout': 0.4751460925184228, 'hidden_continuous_size': 8, 'attention_head_size': 3, 'learning_rate': 0.0010249866437300518}. Best is trial 0 with value: 0.042086705565452576.
[I 2023-12-26 17:48:05,747] Trial 44 finished with value: 4.200310230255127 and parameters: {'gradient_clip_val': 0.2254514495823312, 'hidden_size': 5, 'dropout': 0.4265792595455816, 'hidden_continuous_size': 5, 'attention_head_size': 2, 'learning_rate': 0.0027310205067266335}. Best is trial 0 with value: 0.042086705565452576.
[I 2023-12-26 17:48:08,071] Trial 45 finished with value: 3.8634471893310547 and parameters: {'gradient_clip_val': 0.15934743252934935, 'hidden_size': 21, 'dropout': 0.4989122357359132, 'hidden_continuous_size': 9, 'attention_head_size': 2, 'learning_rate': 0.05462337743365568}. Best is trial 0 with value: 0.042086705565452576.
[I 2023-12-26 17:48:10,224] Trial 46 finished with value: 3.74505615234375 and parameters: {'gradient_clip_val': 0.17881104340884238, 'hidden_size': 13, 'dropout': 0.4281812067378855, 'hidden_continuous_size': 8, 'attention_head_size': 3, 'learning_rate': 0.0021249972316464433}. Best is trial 0 with value: 0.042086705565452576.
[I 2023-12-26 17:48:12,349] Trial 47 finished with value: 3.803701162338257 and parameters: {'gradient_clip_val': 0.12404829097320572, 'hidden_size': 11, 'dropout': 0.4819691820212933, 'hidden_continuous_size': 6, 'attention_head_size': 4, 'learning_rate': 0.003155667623084055}. Best is trial 0 with value: 0.042086705565452576.
[I 2023-12-26 17:48:15,004] Trial 48 finished with value: 5.286546230316162 and parameters: {'gradient_clip_val': 0.19851141021873087, 'hidden_size': 23, 'dropout': 0.4616780770564034, 'hidden_continuous_size': 11, 'attention_head_size': 3, 'learning_rate': 0.07218920757601928}. Best is trial 0 with value: 0.042086705565452576.
[I 2023-12-26 17:48:17,675] Trial 49 finished with value: 5.143437385559082 and parameters: {'gradient_clip_val': 0.3386825149643065, 'hidden_size': 29, 'dropout': 0.4000465638389586, 'hidden_continuous_size': 10, 'attention_head_size': 4, 'learning_rate': 0.027075649181826474}. Best is trial 0 with value: 0.042086705565452576.
[I 2023-12-26 17:48:17,807] A new study created in memory with name: no-name-12f1504f-d4a0-43e3-8ae3-7164953b3b62
/home/le004/conda/anaconda3/envs/tsff_env/lib/python3.9/site-packages/lightning/fabric/plugins/environments/slurm.py:191: The `srun` command is available on your system but is not used. HINT: If your intention is to run Lightning on SLURM, prepend your python command with `srun` like so: srun python /home/le004/master_thesis/git/TSFusionForecast/code/ ...
[I 2023-12-26 17:52:35,433] Trial 0 finished with value: 0.05395456776022911 and parameters: {'gradient_clip_val': 0.24314492270166008, 'hidden_size': 17, 'dropout': 0.1757858381861632, 'hidden_continuous_size': 14, 'attention_head_size': 4, 'learning_rate': 0.09489262839142083}. Best is trial 0 with value: 0.05395456776022911.
[I 2023-12-26 17:52:42,696] Trial 1 finished with value: 2.630831480026245 and parameters: {'gradient_clip_val': 0.1048057251961622, 'hidden_size': 86, 'dropout': 0.3200604094018408, 'hidden_continuous_size': 8, 'attention_head_size': 2, 'learning_rate': 0.05166352812707187}. Best is trial 0 with value: 0.05395456776022911.
[I 2023-12-26 17:52:45,281] Trial 2 finished with value: 3.3327648639678955 and parameters: {'gradient_clip_val': 0.2388916155221985, 'hidden_size': 14, 'dropout': 0.23139370562289963, 'hidden_continuous_size': 10, 'attention_head_size': 4, 'learning_rate': 0.0008109251233453853}. Best is trial 0 with value: 0.05395456776022911.
[I 2023-12-26 17:52:48,390] Trial 3 finished with value: 3.0024595260620117 and parameters: {'gradient_clip_val': 0.16137214382297677, 'hidden_size': 27, 'dropout': 0.3850509213567368, 'hidden_continuous_size': 25, 'attention_head_size': 1, 'learning_rate': 0.0023790925431797505}. Best is trial 0 with value: 0.05395456776022911.
[I 2023-12-26 17:52:51,998] Trial 4 finished with value: 2.6422903537750244 and parameters: {'gradient_clip_val': 0.15122581694272436, 'hidden_size': 37, 'dropout': 0.24635289745479844, 'hidden_continuous_size': 16, 'attention_head_size': 1, 'learning_rate': 0.03250353416112037}. Best is trial 0 with value: 0.05395456776022911.
[I 2023-12-26 17:52:55,491] Trial 5 finished with value: 2.625556707382202 and parameters: {'gradient_clip_val': 0.15932309267735362, 'hidden_size': 38, 'dropout': 0.2319260003632334, 'hidden_continuous_size': 8, 'attention_head_size': 2, 'learning_rate': 0.038107766445936955}. Best is trial 0 with value: 0.05395456776022911.
[I 2023-12-26 17:53:00,421] Trial 6 finished with value: 2.337303400039673 and parameters: {'gradient_clip_val': 0.11668739598054023, 'hidden_size': 58, 'dropout': 0.26550622253706035, 'hidden_continuous_size': 5, 'attention_head_size': 1, 'learning_rate': 0.0010672310118263091}. Best is trial 0 with value: 0.05395456776022911.
[I 2023-12-26 17:53:02,649] Trial 7 finished with value: 3.1253480911254883 and parameters: {'gradient_clip_val': 0.22596444981995167, 'hidden_size': 6, 'dropout': 0.2941139411392487, 'hidden_continuous_size': 5, 'attention_head_size': 3, 'learning_rate': 0.009148825407170874}. Best is trial 0 with value: 0.05395456776022911.
[I 2023-12-26 17:53:07,222] Trial 8 finished with value: 3.5230705738067627 and parameters: {'gradient_clip_val': 0.15785774268773553, 'hidden_size': 54, 'dropout': 0.28325449065392366, 'hidden_continuous_size': 7, 'attention_head_size': 2, 'learning_rate': 0.000854262964693017}. Best is trial 0 with value: 0.05395456776022911.
[I 2023-12-26 17:53:10,302] Trial 9 finished with value: 2.0915470123291016 and parameters: {'gradient_clip_val': 0.1913774163575886, 'hidden_size': 30, 'dropout': 0.23932015895434297, 'hidden_continuous_size': 8, 'attention_head_size': 1, 'learning_rate': 0.05188618643732032}. Best is trial 0 with value: 0.05395456776022911.
[I 2023-12-26 17:53:21,378] Trial 10 finished with value: 2.9117918014526367 and parameters: {'gradient_clip_val': 0.44277204249048036, 'hidden_size': 135, 'dropout': 0.12496744448937117, 'hidden_continuous_size': 54, 'attention_head_size': 4, 'learning_rate': 0.01488986083200532}. Best is trial 0 with value: 0.05395456776022911.
[I 2023-12-26 17:53:24,079] Trial 11 finished with value: 3.7101380825042725 and parameters: {'gradient_clip_val': 0.7563939699944607, 'hidden_size': 16, 'dropout': 0.14959032804162367, 'hidden_continuous_size': 10, 'attention_head_size': 3, 'learning_rate': 0.09205222665679677}. Best is trial 0 with value: 0.05395456776022911.
[I 2023-12-26 17:53:26,704] Trial 12 finished with value: 3.520195722579956 and parameters: {'gradient_clip_val': 0.3088975135742951, 'hidden_size': 18, 'dropout': 0.19002574354800983, 'hidden_continuous_size': 6, 'attention_head_size': 3, 'learning_rate': 0.08050971557524636}. Best is trial 0 with value: 0.05395456776022911.
[I 2023-12-26 17:53:29,132] Trial 13 finished with value: 2.8983685970306396 and parameters: {'gradient_clip_val': 0.38418248726432436, 'hidden_size': 9, 'dropout': 0.11576078219900296, 'hidden_continuous_size': 5, 'attention_head_size': 4, 'learning_rate': 0.02173746587348117}. Best is trial 0 with value: 0.05395456776022911.
[I 2023-12-26 17:53:31,907] Trial 14 finished with value: 2.6830368041992188 and parameters: {'gradient_clip_val': 0.23520862669088316, 'hidden_size': 21, 'dropout': 0.18038288737208155, 'hidden_continuous_size': 12, 'attention_head_size': 2, 'learning_rate': 0.09586904873121042}. Best is trial 0 with value: 0.05395456776022911.
[I 2023-12-26 17:53:34,371] Trial 15 finished with value: 4.118680953979492 and parameters: {'gradient_clip_val': 0.3015223235979777, 'hidden_size': 12, 'dropout': 0.4821828570507633, 'hidden_continuous_size': 7, 'attention_head_size': 3, 'learning_rate': 0.044922174854685776}. Best is trial 0 with value: 0.05395456776022911.
[I 2023-12-26 17:53:37,472] Trial 16 finished with value: 3.0657784938812256 and parameters: {'gradient_clip_val': 0.20799027995129882, 'hidden_size': 27, 'dropout': 0.10229535684853745, 'hidden_continuous_size': 13, 'attention_head_size': 1, 'learning_rate': 0.011189669972403147}. Best is trial 0 with value: 0.05395456776022911.
[I 2023-12-26 17:53:39,557] Trial 17 finished with value: 2.8299598693847656 and parameters: {'gradient_clip_val': 0.4837268369442566, 'hidden_size': 5, 'dropout': 0.17668951332386157, 'hidden_continuous_size': 5, 'attention_head_size': 4, 'learning_rate': 0.021819288900045915}. Best is trial 0 with value: 0.05395456776022911.
[I 2023-12-26 17:53:41,957] Trial 18 finished with value: 3.099782943725586 and parameters: {'gradient_clip_val': 0.9598588855992531, 'hidden_size': 11, 'dropout': 0.2050974646541215, 'hidden_continuous_size': 6, 'attention_head_size': 2, 'learning_rate': 0.004390496285368035}. Best is trial 0 with value: 0.05395456776022911.
[I 2023-12-26 17:53:44,221] Trial 19 finished with value: 3.146362066268921 and parameters: {'gradient_clip_val': 0.18975165072435557, 'hidden_size': 8, 'dropout': 0.15453545081656256, 'hidden_continuous_size': 5, 'attention_head_size': 3, 'learning_rate': 0.06505495467953099}. Best is trial 0 with value: 0.05395456776022911.
[I 2023-12-26 17:53:47,156] Trial 20 finished with value: 2.4819648265838623 and parameters: {'gradient_clip_val': 0.26601244646220534, 'hidden_size': 25, 'dropout': 0.21560019002929098, 'hidden_continuous_size': 9, 'attention_head_size': 4, 'learning_rate': 0.025248540935980467}. Best is trial 0 with value: 0.05395456776022911.
[I 2023-12-26 17:53:51,272] Trial 21 finished with value: 3.4249086380004883 and parameters: {'gradient_clip_val': 0.10734549527051294, 'hidden_size': 48, 'dropout': 0.2507769829241017, 'hidden_continuous_size': 17, 'attention_head_size': 1, 'learning_rate': 0.005073255830259131}. Best is trial 0 with value: 0.05395456776022911.
[I 2023-12-26 17:53:56,894] Trial 22 finished with value: 2.991870880126953 and parameters: {'gradient_clip_val': 0.1262473663277357, 'hidden_size': 65, 'dropout': 0.2816407461536578, 'hidden_continuous_size': 12, 'attention_head_size': 1, 'learning_rate': 0.05363387864032175}. Best is trial 0 with value: 0.05395456776022911.
[I 2023-12-26 17:54:00,569] Trial 23 finished with value: 1.8047534227371216 and parameters: {'gradient_clip_val': 0.13296848877438236, 'hidden_size': 33, 'dropout': 0.3322002183084768, 'hidden_continuous_size': 6, 'attention_head_size': 1, 'learning_rate': 0.0016197491513216065}. Best is trial 0 with value: 0.05395456776022911.
[I 2023-12-26 17:54:03,245] Trial 24 finished with value: 3.4252946376800537 and parameters: {'gradient_clip_val': 0.19303448605475704, 'hidden_size': 19, 'dropout': 0.3259423540206204, 'hidden_continuous_size': 6, 'attention_head_size': 1, 'learning_rate': 0.000507279893907459}. Best is trial 0 with value: 0.05395456776022911.
[I 2023-12-26 17:54:06,658] Trial 25 finished with value: 3.7874832153320312 and parameters: {'gradient_clip_val': 0.13218914913568533, 'hidden_size': 36, 'dropout': 0.205449267615348, 'hidden_continuous_size': 7, 'attention_head_size': 2, 'learning_rate': 0.06345658764971741}. Best is trial 0 with value: 0.05395456776022911.
[I 2023-12-26 17:54:09,456] Trial 26 finished with value: 2.499786138534546 and parameters: {'gradient_clip_val': 0.17758656376934237, 'hidden_size': 23, 'dropout': 0.35870228495843093, 'hidden_continuous_size': 8, 'attention_head_size': 1, 'learning_rate': 0.034768873356926466}. Best is trial 0 with value: 0.05395456776022911.
[I 2023-12-26 17:54:12,018] Trial 27 finished with value: 2.9269704818725586 and parameters: {'gradient_clip_val': 0.14390345262579204, 'hidden_size': 15, 'dropout': 0.15394110631043598, 'hidden_continuous_size': 6, 'attention_head_size': 2, 'learning_rate': 0.01591788126173535}. Best is trial 0 with value: 0.05395456776022911.
[I 2023-12-26 17:54:15,353] Trial 28 finished with value: 2.610959768295288 and parameters: {'gradient_clip_val': 0.12871964312878106, 'hidden_size': 33, 'dropout': 0.2464430743029084, 'hidden_continuous_size': 10, 'attention_head_size': 1, 'learning_rate': 0.002217034820850731}. Best is trial 0 with value: 0.05395456776022911.
[I 2023-12-26 17:54:22,928] Trial 29 finished with value: 2.5746593475341797 and parameters: {'gradient_clip_val': 0.10835737584328525, 'hidden_size': 85, 'dropout': 0.31725445520813017, 'hidden_continuous_size': 19, 'attention_head_size': 3, 'learning_rate': 0.05288143118612016}. Best is trial 0 with value: 0.05395456776022911.
[I 2023-12-26 17:54:25,537] Trial 30 finished with value: 3.246807336807251 and parameters: {'gradient_clip_val': 0.10102471363058589, 'hidden_size': 19, 'dropout': 0.26678794320661126, 'hidden_continuous_size': 8, 'attention_head_size': 2, 'learning_rate': 0.06862011162317576}. Best is trial 0 with value: 0.05395456776022911.
[I 2023-12-26 17:54:29,704] Trial 31 finished with value: 3.5825607776641846 and parameters: {'gradient_clip_val': 0.1812319290269296, 'hidden_size': 47, 'dropout': 0.3090621214402264, 'hidden_continuous_size': 5, 'attention_head_size': 1, 'learning_rate': 0.0017961663731669354}. Best is trial 0 with value: 0.05395456776022911.
[I 2023-12-26 17:54:32,891] Trial 32 finished with value: 3.0161914825439453 and parameters: {'gradient_clip_val': 0.12526342219289371, 'hidden_size': 30, 'dropout': 0.2252138795403525, 'hidden_continuous_size': 6, 'attention_head_size': 1, 'learning_rate': 0.001360354826921626}. Best is trial 0 with value: 0.05395456776022911.
[I 2023-12-26 17:54:36,047] Trial 33 finished with value: 2.904968500137329 and parameters: {'gradient_clip_val': 0.21612970013726412, 'hidden_size': 28, 'dropout': 0.265301968408283, 'hidden_continuous_size': 9, 'attention_head_size': 1, 'learning_rate': 0.0032743699792786934}. Best is trial 0 with value: 0.05395456776022911.
[I 2023-12-26 17:54:38,871] Trial 34 finished with value: 2.553410291671753 and parameters: {'gradient_clip_val': 0.17246212141017198, 'hidden_size': 23, 'dropout': 0.34858522942497994, 'hidden_continuous_size': 7, 'attention_head_size': 1, 'learning_rate': 0.0013964811906483168}. Best is trial 0 with value: 0.05395456776022911.
[I 2023-12-26 17:54:42,931] Trial 35 finished with value: 2.9650399684906006 and parameters: {'gradient_clip_val': 0.1448772061546046, 'hidden_size': 41, 'dropout': 0.23272562028347413, 'hidden_continuous_size': 11, 'attention_head_size': 1, 'learning_rate': 0.09665673395608737}. Best is trial 0 with value: 0.05395456776022911.
[I 2023-12-26 17:54:46,393] Trial 36 finished with value: 3.091402053833008 and parameters: {'gradient_clip_val': 0.2617133551222494, 'hidden_size': 33, 'dropout': 0.2589572390320603, 'hidden_continuous_size': 14, 'attention_head_size': 2, 'learning_rate': 0.0058123545706103945}. Best is trial 0 with value: 0.05395456776022911.
[I 2023-12-26 17:54:51,439] Trial 37 finished with value: 3.941648244857788 and parameters: {'gradient_clip_val': 0.16032836093509947, 'hidden_size': 60, 'dropout': 0.2877129679097384, 'hidden_continuous_size': 22, 'attention_head_size': 1, 'learning_rate': 0.001005285397519543}. Best is trial 0 with value: 0.05395456776022911.
[I 2023-12-26 17:54:55,032] Trial 38 finished with value: 2.4536521434783936 and parameters: {'gradient_clip_val': 0.1114237018933334, 'hidden_size': 40, 'dropout': 0.2290528342836803, 'hidden_continuous_size': 9, 'attention_head_size': 2, 'learning_rate': 0.00864678389851663}. Best is trial 0 with value: 0.05395456776022911.
[I 2023-12-26 17:54:58,111] Trial 39 finished with value: 3.4683237075805664 and parameters: {'gradient_clip_val': 0.1417072599317135, 'hidden_size': 26, 'dropout': 0.29366393342405095, 'hidden_continuous_size': 7, 'attention_head_size': 4, 'learning_rate': 0.003432633584471113}. Best is trial 0 with value: 0.05395456776022911.
[I 2023-12-26 17:55:03,514] Trial 40 finished with value: 2.980912923812866 and parameters: {'gradient_clip_val': 0.16285533466749383, 'hidden_size': 67, 'dropout': 0.19778588226981628, 'hidden_continuous_size': 15, 'attention_head_size': 1, 'learning_rate': 0.039157389596807944}. Best is trial 0 with value: 0.05395456776022911.
[I 2023-12-26 17:55:07,148] Trial 41 finished with value: 2.4910366535186768 and parameters: {'gradient_clip_val': 0.12281631721258526, 'hidden_size': 41, 'dropout': 0.23535064491180516, 'hidden_continuous_size': 11, 'attention_head_size': 2, 'learning_rate': 0.0074652197675858754}. Best is trial 0 with value: 0.05395456776022911.
[I 2023-12-26 17:55:10,527] Trial 42 finished with value: 3.1713387966156006 and parameters: {'gradient_clip_val': 0.12029361958653892, 'hidden_size': 31, 'dropout': 0.22058599065002685, 'hidden_continuous_size': 9, 'attention_head_size': 2, 'learning_rate': 0.009191376816833791}. Best is trial 0 with value: 0.05395456776022911.
[I 2023-12-26 17:55:14,351] Trial 43 finished with value: 3.036111831665039 and parameters: {'gradient_clip_val': 0.10405221539549583, 'hidden_size': 48, 'dropout': 0.2718581229710464, 'hidden_continuous_size': 8, 'attention_head_size': 1, 'learning_rate': 0.02761475565287218}. Best is trial 0 with value: 0.05395456776022911.
[I 2023-12-26 17:55:17,900] Trial 44 finished with value: 2.856046676635742 and parameters: {'gradient_clip_val': 0.11524470300039115, 'hidden_size': 40, 'dropout': 0.23687953676931672, 'hidden_continuous_size': 9, 'attention_head_size': 3, 'learning_rate': 0.04388394919801537}. Best is trial 0 with value: 0.05395456776022911.
[I 2023-12-26 17:55:20,460] Trial 45 finished with value: 3.339249610900879 and parameters: {'gradient_clip_val': 0.14074533799290143, 'hidden_size': 17, 'dropout': 0.25635271328427534, 'hidden_continuous_size': 10, 'attention_head_size': 2, 'learning_rate': 0.015082789587142601}. Best is trial 0 with value: 0.05395456776022911.
[I 2023-12-26 17:55:23,360] Trial 46 finished with value: 3.6984055042266846 and parameters: {'gradient_clip_val': 0.1144582166460699, 'hidden_size': 23, 'dropout': 0.17780133166497272, 'hidden_continuous_size': 5, 'attention_head_size': 1, 'learning_rate': 0.030906154647568494}. Best is trial 0 with value: 0.05395456776022911.
[I 2023-12-26 17:55:26,212] Trial 47 finished with value: 2.503692150115967 and parameters: {'gradient_clip_val': 0.15529770751307448, 'hidden_size': 14, 'dropout': 0.21382307768765788, 'hidden_continuous_size': 8, 'attention_head_size': 2, 'learning_rate': 0.07935018162934022}. Best is trial 0 with value: 0.05395456776022911.
[I 2023-12-26 17:55:29,738] Trial 48 finished with value: 3.9067535400390625 and parameters: {'gradient_clip_val': 0.2033289846684029, 'hidden_size': 34, 'dropout': 0.3020569536487424, 'hidden_continuous_size': 14, 'attention_head_size': 3, 'learning_rate': 0.0028696974514102647}. Best is trial 0 with value: 0.05395456776022911.
[I 2023-12-26 17:55:32,495] Trial 49 finished with value: 2.683471918106079 and parameters: {'gradient_clip_val': 0.1684873945737603, 'hidden_size': 20, 'dropout': 0.18067748404177644, 'hidden_continuous_size': 11, 'attention_head_size': 4, 'learning_rate': 0.011879319582705872}. Best is trial 0 with value: 0.05395456776022911.
[I 2023-12-26 17:55:32,631] A new study created in memory with name: no-name-78dff329-e2ff-4571-ab55-e1f01750e785
/home/le004/conda/anaconda3/envs/tsff_env/lib/python3.9/site-packages/lightning/fabric/plugins/environments/slurm.py:191: The `srun` command is available on your system but is not used. HINT: If your intention is to run Lightning on SLURM, prepend your python command with `srun` like so: srun python /home/le004/master_thesis/git/TSFusionForecast/code/ ...
[I 2023-12-26 17:59:26,340] Trial 0 finished with value: 313.2475891113281 and parameters: {'gradient_clip_val': 0.18292359729013957, 'hidden_size': 41, 'dropout': 0.394896383319676, 'hidden_continuous_size': 27, 'attention_head_size': 1, 'learning_rate': 0.0023578097737104488}. Best is trial 0 with value: 313.2475891113281.
[I 2023-12-26 17:59:28,062] Trial 1 finished with value: 927.8674926757812 and parameters: {'gradient_clip_val': 0.10809472473144062, 'hidden_size': 6, 'dropout': 0.18409895922064756, 'hidden_continuous_size': 6, 'attention_head_size': 1, 'learning_rate': 0.028359537329977924}. Best is trial 0 with value: 313.2475891113281.
[I 2023-12-26 17:59:30,138] Trial 2 finished with value: 792.7202758789062 and parameters: {'gradient_clip_val': 0.6434789358509516, 'hidden_size': 17, 'dropout': 0.4190589071652796, 'hidden_continuous_size': 10, 'attention_head_size': 3, 'learning_rate': 0.01618866547333976}. Best is trial 0 with value: 313.2475891113281.
[I 2023-12-26 17:59:32,028] Trial 3 finished with value: 818.9529418945312 and parameters: {'gradient_clip_val': 0.1930626469788798, 'hidden_size': 13, 'dropout': 0.24433775194350826, 'hidden_continuous_size': 13, 'attention_head_size': 1, 'learning_rate': 0.07030847427216787}. Best is trial 0 with value: 313.2475891113281.
[I 2023-12-26 17:59:34,024] Trial 4 finished with value: 767.4528198242188 and parameters: {'gradient_clip_val': 0.4537016763413021, 'hidden_size': 9, 'dropout': 0.49075298224657793, 'hidden_continuous_size': 9, 'attention_head_size': 2, 'learning_rate': 0.002474374347629686}. Best is trial 0 with value: 313.2475891113281.
