[I 2023-12-27 11:05:42,337] Trial 42 finished with value: 454.3142395019531 and parameters: {'gradient_clip_val': 0.18176632195420692, 'hidden_size': 25, 'dropout': 0.1596884972109617, 'hidden_continuous_size': 12, 'attention_head_size': 1, 'learning_rate': 0.0022570111500026823}. Best is trial 1 with value: 163.86427307128906.
LOCAL_RANK: 0 - CUDA_VISIBLE_DEVICES: [0]
[I 2023-12-27 11:05:42,787] Trial 43 finished with value: 503.9159240722656 and parameters: {'gradient_clip_val': 0.16185762840482049, 'hidden_size': 12, 'dropout': 0.1004079594630097, 'hidden_continuous_size': 5, 'attention_head_size': 1, 'learning_rate': 0.0033479519669859883}. Best is trial 1 with value: 163.86427307128906.
LOCAL_RANK: 0 - CUDA_VISIBLE_DEVICES: [0]
[I 2023-12-27 11:05:43,267] Trial 44 finished with value: 306.3027038574219 and parameters: {'gradient_clip_val': 0.11956467983830378, 'hidden_size': 29, 'dropout': 0.1319164385323074, 'hidden_continuous_size': 10, 'attention_head_size': 1, 'learning_rate': 0.006290440616786028}. Best is trial 1 with value: 163.86427307128906.
LOCAL_RANK: 0 - CUDA_VISIBLE_DEVICES: [0]
[I 2023-12-27 11:05:43,719] Trial 45 finished with value: 408.6636962890625 and parameters: {'gradient_clip_val': 0.10990434893260095, 'hidden_size': 34, 'dropout': 0.11797052714433334, 'hidden_continuous_size': 14, 'attention_head_size': 1, 'learning_rate': 0.006213578936116015}. Best is trial 1 with value: 163.86427307128906.
LOCAL_RANK: 0 - CUDA_VISIBLE_DEVICES: [0]
[I 2023-12-27 11:05:44,196] Trial 46 finished with value: 396.7783203125 and parameters: {'gradient_clip_val': 0.1241302306526284, 'hidden_size': 48, 'dropout': 0.18387246944952532, 'hidden_continuous_size': 16, 'attention_head_size': 2, 'learning_rate': 0.011512897908524885}. Best is trial 1 with value: 163.86427307128906.
LOCAL_RANK: 0 - CUDA_VISIBLE_DEVICES: [0]
[I 2023-12-27 11:05:44,661] Trial 47 finished with value: 425.2349548339844 and parameters: {'gradient_clip_val': 0.11141505537063423, 'hidden_size': 28, 'dropout': 0.1519819317838133, 'hidden_continuous_size': 7, 'attention_head_size': 1, 'learning_rate': 0.007868812760815969}. Best is trial 1 with value: 163.86427307128906.
LOCAL_RANK: 0 - CUDA_VISIBLE_DEVICES: [0]
[I 2023-12-27 11:05:45,101] Trial 48 finished with value: 440.4968566894531 and parameters: {'gradient_clip_val': 0.13975386554101996, 'hidden_size': 19, 'dropout': 0.17609551009706248, 'hidden_continuous_size': 8, 'attention_head_size': 1, 'learning_rate': 0.015599383052586941}. Best is trial 1 with value: 163.86427307128906.
LOCAL_RANK: 0 - CUDA_VISIBLE_DEVICES: [0]
[I 2023-12-27 11:05:45,879] Trial 49 finished with value: 370.0338134765625 and parameters: {'gradient_clip_val': 0.1261526810178721, 'hidden_size': 57, 'dropout': 0.1557136947802079, 'hidden_continuous_size': 9, 'attention_head_size': 2, 'learning_rate': 0.00406024380599645}. Best is trial 1 with value: 163.86427307128906.
[I 2023-12-27 11:05:46,008] A new study created in memory with name: no-name-cc994b25-5006-4248-ad85-c4eba33d7a31
/home/le004/conda/anaconda3/envs/tsff_env/lib/python3.9/site-packages/lightning/fabric/plugins/environments/slurm.py:191: The `srun` command is available on your system but is not used. HINT: If your intention is to run Lightning on SLURM, prepend your python command with `srun` like so: srun python /home/le004/master_thesis/git/TSFusionForecast/code/ ...
LOCAL_RANK: 0 - CUDA_VISIBLE_DEVICES: [0]
[I 2023-12-27 11:06:06,198] Trial 0 finished with value: 56.554443359375 and parameters: {'gradient_clip_val': 0.882607669055635, 'hidden_size': 102, 'dropout': 0.4249953436579269, 'hidden_continuous_size': 29, 'attention_head_size': 2, 'learning_rate': 0.05536252463333049}. Best is trial 0 with value: 56.554443359375.
LOCAL_RANK: 0 - CUDA_VISIBLE_DEVICES: [0]
[I 2023-12-27 11:06:06,628] Trial 1 finished with value: 229.732666015625 and parameters: {'gradient_clip_val': 0.21053914773922935, 'hidden_size': 30, 'dropout': 0.17778666752064756, 'hidden_continuous_size': 18, 'attention_head_size': 4, 'learning_rate': 0.0806458076955933}. Best is trial 0 with value: 56.554443359375.
LOCAL_RANK: 0 - CUDA_VISIBLE_DEVICES: [0]
[I 2023-12-27 11:06:07,076] Trial 2 finished with value: 222.56101989746094 and parameters: {'gradient_clip_val': 0.7983256285001714, 'hidden_size': 6, 'dropout': 0.2718984734175037, 'hidden_continuous_size': 5, 'attention_head_size': 2, 'learning_rate': 0.0010686000759864442}. Best is trial 0 with value: 56.554443359375.
LOCAL_RANK: 0 - CUDA_VISIBLE_DEVICES: [0]
[I 2023-12-27 11:06:07,498] Trial 3 finished with value: 225.73780822753906 and parameters: {'gradient_clip_val': 0.9645189470822165, 'hidden_size': 16, 'dropout': 0.26214252286410433, 'hidden_continuous_size': 5, 'attention_head_size': 4, 'learning_rate': 0.010219241749099467}. Best is trial 0 with value: 56.554443359375.
LOCAL_RANK: 0 - CUDA_VISIBLE_DEVICES: [0]
[I 2023-12-27 11:06:07,944] Trial 4 finished with value: 230.437744140625 and parameters: {'gradient_clip_val': 0.46462544803438144, 'hidden_size': 7, 'dropout': 0.2677526863511546, 'hidden_continuous_size': 5, 'attention_head_size': 4, 'learning_rate': 0.004904558192088336}. Best is trial 0 with value: 56.554443359375.
LOCAL_RANK: 0 - CUDA_VISIBLE_DEVICES: [0]
[I 2023-12-27 11:06:08,420] Trial 5 finished with value: 189.8759002685547 and parameters: {'gradient_clip_val': 0.11370805627758962, 'hidden_size': 97, 'dropout': 0.35135941663170966, 'hidden_continuous_size': 10, 'attention_head_size': 4, 'learning_rate': 0.004271979220094089}. Best is trial 0 with value: 56.554443359375.
LOCAL_RANK: 0 - CUDA_VISIBLE_DEVICES: [0]
[I 2023-12-27 11:06:08,897] Trial 6 finished with value: 164.84173583984375 and parameters: {'gradient_clip_val': 0.2547172117956392, 'hidden_size': 101, 'dropout': 0.49990777481883464, 'hidden_continuous_size': 5, 'attention_head_size': 3, 'learning_rate': 0.0013004483027911577}. Best is trial 0 with value: 56.554443359375.
LOCAL_RANK: 0 - CUDA_VISIBLE_DEVICES: [0]
[I 2023-12-27 11:06:09,327] Trial 7 finished with value: 203.1049041748047 and parameters: {'gradient_clip_val': 0.31188106800082277, 'hidden_size': 59, 'dropout': 0.20597423258126668, 'hidden_continuous_size': 10, 'attention_head_size': 3, 'learning_rate': 0.09940414956089512}. Best is trial 0 with value: 56.554443359375.
LOCAL_RANK: 0 - CUDA_VISIBLE_DEVICES: [0]
[I 2023-12-27 11:06:09,776] Trial 8 finished with value: 187.687744140625 and parameters: {'gradient_clip_val': 0.17462376496020002, 'hidden_size': 23, 'dropout': 0.4603618868286258, 'hidden_continuous_size': 5, 'attention_head_size': 1, 'learning_rate': 0.02270324962967065}. Best is trial 0 with value: 56.554443359375.
LOCAL_RANK: 0 - CUDA_VISIBLE_DEVICES: [0]
[I 2023-12-27 11:06:10,167] Trial 9 finished with value: 199.47120666503906 and parameters: {'gradient_clip_val': 0.21887713685143362, 'hidden_size': 6, 'dropout': 0.4777367774290756, 'hidden_continuous_size': 6, 'attention_head_size': 1, 'learning_rate': 0.07279465537256537}. Best is trial 0 with value: 56.554443359375.
LOCAL_RANK: 0 - CUDA_VISIBLE_DEVICES: [0]
[I 2023-12-27 11:06:10,695] Trial 10 finished with value: 239.3267059326172 and parameters: {'gradient_clip_val': 0.5175648456826627, 'hidden_size': 113, 'dropout': 0.10022100148452179, 'hidden_continuous_size': 68, 'attention_head_size': 2, 'learning_rate': 0.02575517387603494}. Best is trial 0 with value: 56.554443359375.
LOCAL_RANK: 0 - CUDA_VISIBLE_DEVICES: [0]
[I 2023-12-27 11:06:11,511] Trial 11 finished with value: 219.328857421875 and parameters: {'gradient_clip_val': 0.6240442260418628, 'hidden_size': 139, 'dropout': 0.4131309919968142, 'hidden_continuous_size': 34, 'attention_head_size': 3, 'learning_rate': 0.0005325177477684601}. Best is trial 0 with value: 56.554443359375.
LOCAL_RANK: 0 - CUDA_VISIBLE_DEVICES: [0]
[I 2023-12-27 11:06:12,033] Trial 12 finished with value: 181.0530242919922 and parameters: {'gradient_clip_val': 0.3812278997589686, 'hidden_size': 62, 'dropout': 0.49933320673020193, 'hidden_continuous_size': 22, 'attention_head_size': 2, 'learning_rate': 0.0018668245497284843}. Best is trial 0 with value: 56.554443359375.
LOCAL_RANK: 0 - CUDA_VISIBLE_DEVICES: [0]
[I 2023-12-27 11:06:12,586] Trial 13 finished with value: 227.4383087158203 and parameters: {'gradient_clip_val': 0.31701866680103724, 'hidden_size': 75, 'dropout': 0.4111295351936744, 'hidden_continuous_size': 33, 'attention_head_size': 3, 'learning_rate': 0.002067080810586948}. Best is trial 0 with value: 56.554443359375.
LOCAL_RANK: 0 - CUDA_VISIBLE_DEVICES: [0]
[I 2023-12-27 11:06:13,121] Trial 14 finished with value: 244.78773498535156 and parameters: {'gradient_clip_val': 0.6670547224073681, 'hidden_size': 143, 'dropout': 0.41837790839137806, 'hidden_continuous_size': 97, 'attention_head_size': 2, 'learning_rate': 0.010583967659023984}. Best is trial 0 with value: 56.554443359375.
LOCAL_RANK: 0 - CUDA_VISIBLE_DEVICES: [0]
[I 2023-12-27 11:06:13,612] Trial 15 finished with value: 157.7194366455078 and parameters: {'gradient_clip_val': 0.8531520858950551, 'hidden_size': 46, 'dropout': 0.3522106258382526, 'hidden_continuous_size': 8, 'attention_head_size': 3, 'learning_rate': 0.04090251759284951}. Best is trial 0 with value: 56.554443359375.
LOCAL_RANK: 0 - CUDA_VISIBLE_DEVICES: [0]
[I 2023-12-27 11:06:14,073] Trial 16 finished with value: 204.864990234375 and parameters: {'gradient_clip_val': 0.8009734328198252, 'hidden_size': 43, 'dropout': 0.3331691333262728, 'hidden_continuous_size': 8, 'attention_head_size': 1, 'learning_rate': 0.03930822802013694}. Best is trial 0 with value: 56.554443359375.
LOCAL_RANK: 0 - CUDA_VISIBLE_DEVICES: [0]
[I 2023-12-27 11:06:14,543] Trial 17 finished with value: 227.4132537841797 and parameters: {'gradient_clip_val': 0.980904447551511, 'hidden_size': 42, 'dropout': 0.3583844347170899, 'hidden_continuous_size': 13, 'attention_head_size': 2, 'learning_rate': 0.04416755968898193}. Best is trial 0 with value: 56.554443359375.
LOCAL_RANK: 0 - CUDA_VISIBLE_DEVICES: [0]
[I 2023-12-27 11:06:15,027] Trial 18 finished with value: 238.5306854248047 and parameters: {'gradient_clip_val': 0.564806683318994, 'hidden_size': 78, 'dropout': 0.39152378735238824, 'hidden_continuous_size': 15, 'attention_head_size': 3, 'learning_rate': 0.01905336623928723}. Best is trial 0 with value: 56.554443359375.
LOCAL_RANK: 0 - CUDA_VISIBLE_DEVICES: [0]
[I 2023-12-27 11:06:15,494] Trial 19 finished with value: 174.7096405029297 and parameters: {'gradient_clip_val': 0.729799214874931, 'hidden_size': 47, 'dropout': 0.3170424367844963, 'hidden_continuous_size': 7, 'attention_head_size': 2, 'learning_rate': 0.04451278945707988}. Best is trial 0 with value: 56.554443359375.
LOCAL_RANK: 0 - CUDA_VISIBLE_DEVICES: [0]
[I 2023-12-27 11:06:15,995] Trial 20 finished with value: 195.83197021484375 and parameters: {'gradient_clip_val': 0.45466974940694727, 'hidden_size': 82, 'dropout': 0.44841753582772537, 'hidden_continuous_size': 25, 'attention_head_size': 3, 'learning_rate': 0.01540003910714181}. Best is trial 0 with value: 56.554443359375.
LOCAL_RANK: 0 - CUDA_VISIBLE_DEVICES: [0]
[I 2023-12-27 11:06:16,486] Trial 21 finished with value: 211.38128662109375 and parameters: {'gradient_clip_val': 0.8553819909968663, 'hidden_size': 107, 'dropout': 0.44808318689236193, 'hidden_continuous_size': 8, 'attention_head_size': 3, 'learning_rate': 0.029551622691522103}. Best is trial 0 with value: 56.554443359375.
LOCAL_RANK: 0 - CUDA_VISIBLE_DEVICES: [0]
[I 2023-12-27 11:06:16,941] Trial 22 finished with value: 291.36859130859375 and parameters: {'gradient_clip_val': 0.6553457554037443, 'hidden_size': 101, 'dropout': 0.4954932471975758, 'hidden_continuous_size': 11, 'attention_head_size': 3, 'learning_rate': 0.05815334666904461}. Best is trial 0 with value: 56.554443359375.
LOCAL_RANK: 0 - CUDA_VISIBLE_DEVICES: [0]
[I 2023-12-27 11:06:17,419] Trial 23 finished with value: 239.1752471923828 and parameters: {'gradient_clip_val': 0.9375781325847653, 'hidden_size': 65, 'dropout': 0.3936718612153801, 'hidden_continuous_size': 7, 'attention_head_size': 3, 'learning_rate': 0.05756462391844802}. Best is trial 0 with value: 56.554443359375.
LOCAL_RANK: 0 - CUDA_VISIBLE_DEVICES: [0]
[I 2023-12-27 11:06:18,169] Trial 24 finished with value: 318.7257995605469 and parameters: {'gradient_clip_val': 0.7329359466884906, 'hidden_size': 129, 'dropout': 0.4468294019890272, 'hidden_continuous_size': 14, 'attention_head_size': 2, 'learning_rate': 0.09829762184240579}. Best is trial 0 with value: 56.554443359375.
LOCAL_RANK: 0 - CUDA_VISIBLE_DEVICES: [0]
[I 2023-12-27 11:06:18,675] Trial 25 finished with value: 214.5670623779297 and parameters: {'gradient_clip_val': 0.5526492503642509, 'hidden_size': 148, 'dropout': 0.3699267284233054, 'hidden_continuous_size': 38, 'attention_head_size': 3, 'learning_rate': 0.014726022960292672}. Best is trial 0 with value: 56.554443359375.
LOCAL_RANK: 0 - CUDA_VISIBLE_DEVICES: [0]
[I 2023-12-27 11:06:19,160] Trial 26 finished with value: 277.1809997558594 and parameters: {'gradient_clip_val': 0.765028021676874, 'hidden_size': 90, 'dropout': 0.43347443133161223, 'hidden_continuous_size': 6, 'attention_head_size': 4, 'learning_rate': 0.036731547516301255}. Best is trial 0 with value: 56.554443359375.
LOCAL_RANK: 0 - CUDA_VISIBLE_DEVICES: [0]
[I 2023-12-27 11:06:19,628] Trial 27 finished with value: 218.4912109375 and parameters: {'gradient_clip_val': 0.6137973512903045, 'hidden_size': 54, 'dropout': 0.46742421693856795, 'hidden_continuous_size': 9, 'attention_head_size': 2, 'learning_rate': 0.02844330849899682}. Best is trial 0 with value: 56.554443359375.
LOCAL_RANK: 0 - CUDA_VISIBLE_DEVICES: [0]
[I 2023-12-27 11:06:20,122] Trial 28 finished with value: 199.2511444091797 and parameters: {'gradient_clip_val': 0.8773608641936713, 'hidden_size': 80, 'dropout': 0.39051159731124363, 'hidden_continuous_size': 12, 'attention_head_size': 1, 'learning_rate': 0.0069425286944638205}. Best is trial 0 with value: 56.554443359375.
LOCAL_RANK: 0 - CUDA_VISIBLE_DEVICES: [0]
[I 2023-12-27 11:06:20,619] Trial 29 finished with value: 243.120361328125 and parameters: {'gradient_clip_val': 0.998516566592015, 'hidden_size': 33, 'dropout': 0.4800570269009152, 'hidden_continuous_size': 6, 'attention_head_size': 4, 'learning_rate': 0.07465205665435996}. Best is trial 0 with value: 56.554443359375.
LOCAL_RANK: 0 - CUDA_VISIBLE_DEVICES: [0]
[I 2023-12-27 11:06:21,126] Trial 30 finished with value: 252.3240203857422 and parameters: {'gradient_clip_val': 0.39784250241916924, 'hidden_size': 117, 'dropout': 0.4290080614711329, 'hidden_continuous_size': 18, 'attention_head_size': 3, 'learning_rate': 0.017908818787264132}. Best is trial 0 with value: 56.554443359375.
LOCAL_RANK: 0 - CUDA_VISIBLE_DEVICES: [0]
[I 2023-12-27 11:06:21,611] Trial 31 finished with value: 204.2346649169922 and parameters: {'gradient_clip_val': 0.7284021314358159, 'hidden_size': 53, 'dropout': 0.29984257651299284, 'hidden_continuous_size': 7, 'attention_head_size': 2, 'learning_rate': 0.04100141003748812}. Best is trial 0 with value: 56.554443359375.
LOCAL_RANK: 0 - CUDA_VISIBLE_DEVICES: [0]
[I 2023-12-27 11:06:22,106] Trial 32 finished with value: 174.1853485107422 and parameters: {'gradient_clip_val': 0.7418359639356457, 'hidden_size': 72, 'dropout': 0.32345394774378244, 'hidden_continuous_size': 8, 'attention_head_size': 2, 'learning_rate': 0.057965798759667814}. Best is trial 0 with value: 56.554443359375.
LOCAL_RANK: 0 - CUDA_VISIBLE_DEVICES: [0]
[I 2023-12-27 11:06:22,608] Trial 33 finished with value: 225.420166015625 and parameters: {'gradient_clip_val': 0.8430969510236482, 'hidden_size': 70, 'dropout': 0.36621056907435895, 'hidden_continuous_size': 9, 'attention_head_size': 2, 'learning_rate': 0.05934452900674837}. Best is trial 0 with value: 56.554443359375.
LOCAL_RANK: 0 - CUDA_VISIBLE_DEVICES: [0]
[I 2023-12-27 11:06:23,110] Trial 34 finished with value: 222.2285614013672 and parameters: {'gradient_clip_val': 0.8595936958744882, 'hidden_size': 91, 'dropout': 0.3337332287433099, 'hidden_continuous_size': 5, 'attention_head_size': 2, 'learning_rate': 0.07255579002121978}. Best is trial 0 with value: 56.554443359375.
LOCAL_RANK: 0 - CUDA_VISIBLE_DEVICES: [0]
[I 2023-12-27 11:06:23,613] Trial 35 finished with value: 166.3682861328125 and parameters: {'gradient_clip_val': 0.6760631779599482, 'hidden_size': 66, 'dropout': 0.2976807131115227, 'hidden_continuous_size': 12, 'attention_head_size': 3, 'learning_rate': 0.032860434261628754}. Best is trial 0 with value: 56.554443359375.
LOCAL_RANK: 0 - CUDA_VISIBLE_DEVICES: [0]
[I 2023-12-27 11:06:24,096] Trial 36 finished with value: 290.116943359375 and parameters: {'gradient_clip_val': 0.9819388773550094, 'hidden_size': 107, 'dropout': 0.29101799604153183, 'hidden_continuous_size': 11, 'attention_head_size': 4, 'learning_rate': 0.03245271515596435}. Best is trial 0 with value: 56.554443359375.
LOCAL_RANK: 0 - CUDA_VISIBLE_DEVICES: [0]
[I 2023-12-27 11:06:24,871] Trial 37 finished with value: 241.21669006347656 and parameters: {'gradient_clip_val': 0.639994223211115, 'hidden_size': 36, 'dropout': 0.2405218857502422, 'hidden_continuous_size': 15, 'attention_head_size': 3, 'learning_rate': 0.010370043668300397}. Best is trial 0 with value: 56.554443359375.
LOCAL_RANK: 0 - CUDA_VISIBLE_DEVICES: [0]
[I 2023-12-27 11:06:25,359] Trial 38 finished with value: 129.40194702148438 and parameters: {'gradient_clip_val': 0.48469638778597185, 'hidden_size': 25, 'dropout': 0.34791769694434355, 'hidden_continuous_size': 10, 'attention_head_size': 4, 'learning_rate': 0.020629809962820017}. Best is trial 0 with value: 56.554443359375.
LOCAL_RANK: 0 - CUDA_VISIBLE_DEVICES: [0]
[I 2023-12-27 11:06:25,869] Trial 39 finished with value: 177.3000946044922 and parameters: {'gradient_clip_val': 0.5173286369745509, 'hidden_size': 24, 'dropout': 0.382853792730336, 'hidden_continuous_size': 10, 'attention_head_size': 4, 'learning_rate': 0.004401535159085229}. Best is trial 0 with value: 56.554443359375.
LOCAL_RANK: 0 - CUDA_VISIBLE_DEVICES: [0]
[I 2023-12-27 11:06:26,356] Trial 40 finished with value: 141.3865509033203 and parameters: {'gradient_clip_val': 0.2588207279034532, 'hidden_size': 18, 'dropout': 0.35292999319897456, 'hidden_continuous_size': 5, 'attention_head_size': 4, 'learning_rate': 0.006871607440594353}. Best is trial 0 with value: 56.554443359375.
LOCAL_RANK: 0 - CUDA_VISIBLE_DEVICES: [0]
[I 2023-12-27 11:06:26,853] Trial 41 finished with value: 215.5377960205078 and parameters: {'gradient_clip_val': 0.2472156456764984, 'hidden_size': 19, 'dropout': 0.3639114168447088, 'hidden_continuous_size': 5, 'attention_head_size': 4, 'learning_rate': 0.02342367633715324}. Best is trial 0 with value: 56.554443359375.
LOCAL_RANK: 0 - CUDA_VISIBLE_DEVICES: [0]
[I 2023-12-27 11:06:27,350] Trial 42 finished with value: 152.27346801757812 and parameters: {'gradient_clip_val': 0.27315606421328625, 'hidden_size': 28, 'dropout': 0.3518802601712634, 'hidden_continuous_size': 6, 'attention_head_size': 4, 'learning_rate': 0.005874138850193076}. Best is trial 0 with value: 56.554443359375.
LOCAL_RANK: 0 - CUDA_VISIBLE_DEVICES: [0]
[I 2023-12-27 11:06:27,834] Trial 43 finished with value: 216.4820098876953 and parameters: {'gradient_clip_val': 0.3187243817081478, 'hidden_size': 26, 'dropout': 0.3466946292491872, 'hidden_continuous_size': 6, 'attention_head_size': 4, 'learning_rate': 0.006601956430790636}. Best is trial 0 with value: 56.554443359375.
LOCAL_RANK: 0 - CUDA_VISIBLE_DEVICES: [0]
[I 2023-12-27 11:06:28,305] Trial 44 finished with value: 188.75474548339844 and parameters: {'gradient_clip_val': 0.18768980415274295, 'hidden_size': 14, 'dropout': 0.3517921226008365, 'hidden_continuous_size': 5, 'attention_head_size': 4, 'learning_rate': 0.0031326654370252703}. Best is trial 0 with value: 56.554443359375.
LOCAL_RANK: 0 - CUDA_VISIBLE_DEVICES: [0]
[I 2023-12-27 11:06:28,774] Trial 45 finished with value: 209.7367706298828 and parameters: {'gradient_clip_val': 0.24814337643024903, 'hidden_size': 30, 'dropout': 0.31539638290851746, 'hidden_continuous_size': 9, 'attention_head_size': 4, 'learning_rate': 0.008904355425784502}. Best is trial 0 with value: 56.554443359375.
LOCAL_RANK: 0 - CUDA_VISIBLE_DEVICES: [0]
[I 2023-12-27 11:06:29,250] Trial 46 finished with value: 207.48480224609375 and parameters: {'gradient_clip_val': 0.2869235411274408, 'hidden_size': 20, 'dropout': 0.33853431436770576, 'hidden_continuous_size': 6, 'attention_head_size': 4, 'learning_rate': 0.005075342083712983}. Best is trial 0 with value: 56.554443359375.
LOCAL_RANK: 0 - CUDA_VISIBLE_DEVICES: [0]
[I 2023-12-27 11:06:29,737] Trial 47 finished with value: 191.64776611328125 and parameters: {'gradient_clip_val': 0.3632451647199542, 'hidden_size': 29, 'dropout': 0.40240081971700103, 'hidden_continuous_size': 10, 'attention_head_size': 4, 'learning_rate': 0.011772335068343758}. Best is trial 0 with value: 56.554443359375.
LOCAL_RANK: 0 - CUDA_VISIBLE_DEVICES: [0]
[I 2023-12-27 11:06:30,206] Trial 48 finished with value: 160.5397186279297 and parameters: {'gradient_clip_val': 0.4224655839087059, 'hidden_size': 13, 'dropout': 0.3856481358373146, 'hidden_continuous_size': 5, 'attention_head_size': 4, 'learning_rate': 0.021173471061960592}. Best is trial 0 with value: 56.554443359375.
LOCAL_RANK: 0 - CUDA_VISIBLE_DEVICES: [0]
