[I 2023-12-27 11:01:17,054] Trial 37 finished with value: 8402.0634765625 and parameters: {'gradient_clip_val': 0.5597464526886011, 'hidden_size': 12, 'dropout': 0.3132217642960738, 'hidden_continuous_size': 6, 'attention_head_size': 3, 'learning_rate': 0.002047909595777512}. Best is trial 0 with value: 1794.92919921875.
[I 2023-12-27 11:01:17,456] Trial 38 finished with value: 6371.96630859375 and parameters: {'gradient_clip_val': 0.5217501980057137, 'hidden_size': 26, 'dropout': 0.3789630794326796, 'hidden_continuous_size': 9, 'attention_head_size': 2, 'learning_rate': 0.015143791380225936}. Best is trial 0 with value: 1794.92919921875.
[I 2023-12-27 11:01:17,864] Trial 39 finished with value: 5928.13671875 and parameters: {'gradient_clip_val': 0.42762325445440413, 'hidden_size': 26, 'dropout': 0.2765332234850968, 'hidden_continuous_size': 8, 'attention_head_size': 1, 'learning_rate': 0.00831747379904382}. Best is trial 0 with value: 1794.92919921875.
[I 2023-12-27 11:01:18,316] Trial 40 finished with value: 6398.69921875 and parameters: {'gradient_clip_val': 0.361126775007396, 'hidden_size': 56, 'dropout': 0.32434587945145765, 'hidden_continuous_size': 19, 'attention_head_size': 3, 'learning_rate': 0.07372819412864737}. Best is trial 0 with value: 1794.92919921875.
[I 2023-12-27 11:01:18,717] Trial 41 finished with value: 7345.919921875 and parameters: {'gradient_clip_val': 0.46604668203510335, 'hidden_size': 12, 'dropout': 0.24841406999825036, 'hidden_continuous_size': 5, 'attention_head_size': 3, 'learning_rate': 0.0035141087930518062}. Best is trial 0 with value: 1794.92919921875.
[I 2023-12-27 11:01:19,101] Trial 42 finished with value: 6781.69091796875 and parameters: {'gradient_clip_val': 0.42424307139847534, 'hidden_size': 7, 'dropout': 0.23307801568184597, 'hidden_continuous_size': 5, 'attention_head_size': 3, 'learning_rate': 0.005062117574265359}. Best is trial 0 with value: 1794.92919921875.
[I 2023-12-27 11:01:19,519] Trial 43 finished with value: 5042.00634765625 and parameters: {'gradient_clip_val': 0.28859071976953, 'hidden_size': 40, 'dropout': 0.2662658794503369, 'hidden_continuous_size': 6, 'attention_head_size': 3, 'learning_rate': 0.002221217557398466}. Best is trial 0 with value: 1794.92919921875.
[I 2023-12-27 11:01:19,931] Trial 44 finished with value: 6447.51318359375 and parameters: {'gradient_clip_val': 0.2896106113542866, 'hidden_size': 36, 'dropout': 0.263372855820681, 'hidden_continuous_size': 7, 'attention_head_size': 2, 'learning_rate': 0.0022243557543777668}. Best is trial 0 with value: 1794.92919921875.
[I 2023-12-27 11:01:20,358] Trial 45 finished with value: 6780.38671875 and parameters: {'gradient_clip_val': 0.2289109288677222, 'hidden_size': 39, 'dropout': 0.28752256624470374, 'hidden_continuous_size': 13, 'attention_head_size': 3, 'learning_rate': 0.001105613631781956}. Best is trial 0 with value: 1794.92919921875.
[I 2023-12-27 11:01:20,772] Trial 46 finished with value: 6242.48193359375 and parameters: {'gradient_clip_val': 0.31676351044095363, 'hidden_size': 30, 'dropout': 0.26247407088672964, 'hidden_continuous_size': 9, 'attention_head_size': 4, 'learning_rate': 0.0026876890075821854}. Best is trial 0 with value: 1794.92919921875.
[I 2023-12-27 11:01:21,213] Trial 47 finished with value: 6332.49462890625 and parameters: {'gradient_clip_val': 0.34916124146569455, 'hidden_size': 44, 'dropout': 0.3097881057346332, 'hidden_continuous_size': 23, 'attention_head_size': 2, 'learning_rate': 0.0015531059549587073}. Best is trial 0 with value: 1794.92919921875.
[I 2023-12-27 11:01:21,642] Trial 48 finished with value: 8185.57958984375 and parameters: {'gradient_clip_val': 0.243150643767812, 'hidden_size': 38, 'dropout': 0.29651873936375284, 'hidden_continuous_size': 6, 'attention_head_size': 3, 'learning_rate': 0.0005311965812554908}. Best is trial 0 with value: 1794.92919921875.
[I 2023-12-27 11:01:22,112] Trial 49 finished with value: 6676.02197265625 and parameters: {'gradient_clip_val': 0.27673356646235237, 'hidden_size': 67, 'dropout': 0.34083928933761765, 'hidden_continuous_size': 22, 'attention_head_size': 4, 'learning_rate': 0.003838204691757617}. Best is trial 0 with value: 1794.92919921875.
[I 2023-12-27 11:01:22,234] A new study created in memory with name: no-name-f0eb1841-1ac6-4aa1-af8f-bfecfa93ce19
/home/le004/conda/anaconda3/envs/tsff_env/lib/python3.9/site-packages/lightning/fabric/plugins/environments/slurm.py:191: The `srun` command is available on your system but is not used. HINT: If your intention is to run Lightning on SLURM, prepend your python command with `srun` like so: srun python /home/le004/master_thesis/git/TSFusionForecast/code/ ...
[I 2023-12-27 11:02:01,105] Trial 0 finished with value: 0.042758021503686905 and parameters: {'gradient_clip_val': 0.6713705486198271, 'hidden_size': 43, 'dropout': 0.41250961018522425, 'hidden_continuous_size': 20, 'attention_head_size': 2, 'learning_rate': 0.014200345763140318}. Best is trial 0 with value: 0.042758021503686905.
[I 2023-12-27 11:02:11,402] Trial 1 finished with value: 1.4213393926620483 and parameters: {'gradient_clip_val': 0.17769936814930426, 'hidden_size': 11, 'dropout': 0.38579450172504515, 'hidden_continuous_size': 8, 'attention_head_size': 3, 'learning_rate': 0.005260528084766939}. Best is trial 0 with value: 0.042758021503686905.
[I 2023-12-27 11:02:11,876] Trial 2 finished with value: 3.5766074657440186 and parameters: {'gradient_clip_val': 0.6146660129522954, 'hidden_size': 107, 'dropout': 0.15751652022201382, 'hidden_continuous_size': 8, 'attention_head_size': 1, 'learning_rate': 0.009192790192909946}. Best is trial 0 with value: 0.042758021503686905.
[I 2023-12-27 11:02:12,215] Trial 3 finished with value: 2.562988519668579 and parameters: {'gradient_clip_val': 0.13166724400025934, 'hidden_size': 18, 'dropout': 0.34981900843659586, 'hidden_continuous_size': 5, 'attention_head_size': 2, 'learning_rate': 0.0011056250643047098}. Best is trial 0 with value: 0.042758021503686905.
[I 2023-12-27 11:02:12,692] Trial 4 finished with value: 3.2200660705566406 and parameters: {'gradient_clip_val': 0.1951238831718001, 'hidden_size': 99, 'dropout': 0.49391768868304897, 'hidden_continuous_size': 46, 'attention_head_size': 2, 'learning_rate': 0.0015482572712222965}. Best is trial 0 with value: 0.042758021503686905.
[I 2023-12-27 11:02:13,013] Trial 5 finished with value: 2.6120002269744873 and parameters: {'gradient_clip_val': 0.8644578877195367, 'hidden_size': 8, 'dropout': 0.20159665227217954, 'hidden_continuous_size': 8, 'attention_head_size': 3, 'learning_rate': 0.027987479106486447}. Best is trial 0 with value: 0.042758021503686905.
[I 2023-12-27 11:02:13,463] Trial 6 finished with value: 2.9249303340911865 and parameters: {'gradient_clip_val': 0.4621341647892306, 'hidden_size': 74, 'dropout': 0.35075904232571775, 'hidden_continuous_size': 13, 'attention_head_size': 4, 'learning_rate': 0.003426629756989722}. Best is trial 0 with value: 0.042758021503686905.
[I 2023-12-27 11:02:13,893] Trial 7 finished with value: 3.0963079929351807 and parameters: {'gradient_clip_val': 0.19689128507973516, 'hidden_size': 73, 'dropout': 0.10977826384236158, 'hidden_continuous_size': 14, 'attention_head_size': 4, 'learning_rate': 0.002108340811165378}. Best is trial 0 with value: 0.042758021503686905.
[I 2023-12-27 11:02:14,333] Trial 8 finished with value: 3.2373688220977783 and parameters: {'gradient_clip_val': 0.33265189497723935, 'hidden_size': 84, 'dropout': 0.19292209518067868, 'hidden_continuous_size': 27, 'attention_head_size': 1, 'learning_rate': 0.0019042485632752388}. Best is trial 0 with value: 0.042758021503686905.
[I 2023-12-27 11:02:14,956] Trial 9 finished with value: 2.671581983566284 and parameters: {'gradient_clip_val': 0.21146155405487407, 'hidden_size': 148, 'dropout': 0.4838824928450094, 'hidden_continuous_size': 124, 'attention_head_size': 2, 'learning_rate': 0.05211828074190548}. Best is trial 0 with value: 0.042758021503686905.
[I 2023-12-27 11:02:15,550] Trial 10 finished with value: 2.8675851821899414 and parameters: {'gradient_clip_val': 0.920963680677745, 'hidden_size': 40, 'dropout': 0.27895479334621176, 'hidden_continuous_size': 17, 'attention_head_size': 1, 'learning_rate': 0.0006151575949274502}. Best is trial 0 with value: 0.042758021503686905.
[I 2023-12-27 11:02:15,923] Trial 11 finished with value: 3.1372177600860596 and parameters: {'gradient_clip_val': 0.11244589294167348, 'hidden_size': 17, 'dropout': 0.4178444891969032, 'hidden_continuous_size': 6, 'attention_head_size': 3, 'learning_rate': 0.01035546589056355}. Best is trial 0 with value: 0.042758021503686905.
[I 2023-12-27 11:02:16,253] Trial 12 finished with value: 3.333024740219116 and parameters: {'gradient_clip_val': 0.35492041556742865, 'hidden_size': 5, 'dropout': 0.41135911240801315, 'hidden_continuous_size': 5, 'attention_head_size': 3, 'learning_rate': 0.018315185566143064}. Best is trial 0 with value: 0.042758021503686905.
[I 2023-12-27 11:02:16,643] Trial 13 finished with value: 2.6430704593658447 and parameters: {'gradient_clip_val': 0.5981672078275778, 'hidden_size': 32, 'dropout': 0.40875817849461643, 'hidden_continuous_size': 8, 'attention_head_size': 3, 'learning_rate': 0.0047776533772347606}. Best is trial 0 with value: 0.042758021503686905.
[I 2023-12-27 11:02:17,022] Trial 14 finished with value: 3.838608741760254 and parameters: {'gradient_clip_val': 0.26117481089396144, 'hidden_size': 12, 'dropout': 0.29335649526692886, 'hidden_continuous_size': 6, 'attention_head_size': 2, 'learning_rate': 0.006772526191796601}. Best is trial 0 with value: 0.042758021503686905.
[I 2023-12-27 11:02:17,412] Trial 15 finished with value: 3.1400575637817383 and parameters: {'gradient_clip_val': 0.14754797645718765, 'hidden_size': 25, 'dropout': 0.3599492873257065, 'hidden_continuous_size': 10, 'attention_head_size': 4, 'learning_rate': 0.07896139967883614}. Best is trial 0 with value: 0.042758021503686905.
[I 2023-12-27 11:02:17,821] Trial 16 finished with value: 3.2560317516326904 and parameters: {'gradient_clip_val': 0.41075434133859545, 'hidden_size': 46, 'dropout': 0.4495276528437163, 'hidden_continuous_size': 11, 'attention_head_size': 2, 'learning_rate': 0.01566128220690806}. Best is trial 0 with value: 0.042758021503686905.
[I 2023-12-27 11:02:18,189] Trial 17 finished with value: 3.071357011795044 and parameters: {'gradient_clip_val': 0.2756288725331837, 'hidden_size': 10, 'dropout': 0.3846221113186108, 'hidden_continuous_size': 5, 'attention_head_size': 3, 'learning_rate': 0.0033638227436950875}. Best is trial 0 with value: 0.042758021503686905.
[I 2023-12-27 11:02:18,612] Trial 18 finished with value: 3.1258716583251953 and parameters: {'gradient_clip_val': 0.10138077488441141, 'hidden_size': 54, 'dropout': 0.32081071698100994, 'hidden_continuous_size': 17, 'attention_head_size': 2, 'learning_rate': 0.006136188883703625}. Best is trial 0 with value: 0.042758021503686905.
[I 2023-12-27 11:02:18,997] Trial 19 finished with value: 2.2641379833221436 and parameters: {'gradient_clip_val': 0.530840585562306, 'hidden_size': 26, 'dropout': 0.43518894730798613, 'hidden_continuous_size': 7, 'attention_head_size': 3, 'learning_rate': 0.025889891208213087}. Best is trial 0 with value: 0.042758021503686905.
[I 2023-12-27 11:02:19,367] Trial 20 finished with value: 3.158118963241577 and parameters: {'gradient_clip_val': 0.8088772726812555, 'hidden_size': 19, 'dropout': 0.45386708599247366, 'hidden_continuous_size': 7, 'attention_head_size': 1, 'learning_rate': 0.012171837166437964}. Best is trial 0 with value: 0.042758021503686905.
[I 2023-12-27 11:02:19,751] Trial 21 finished with value: 2.8075151443481445 and parameters: {'gradient_clip_val': 0.525111561036681, 'hidden_size': 27, 'dropout': 0.4451491023148749, 'hidden_continuous_size': 9, 'attention_head_size': 3, 'learning_rate': 0.028219419090136463}. Best is trial 0 with value: 0.042758021503686905.
[I 2023-12-27 11:02:20,175] Trial 22 finished with value: 2.8510491847991943 and parameters: {'gradient_clip_val': 0.7247664120310022, 'hidden_size': 54, 'dropout': 0.38619237458633543, 'hidden_continuous_size': 11, 'attention_head_size': 3, 'learning_rate': 0.023238570361852905}. Best is trial 0 with value: 0.042758021503686905.
[I 2023-12-27 11:02:20,778] Trial 23 finished with value: 3.055682420730591 and parameters: {'gradient_clip_val': 0.6709976090155565, 'hidden_size': 32, 'dropout': 0.49921466002006326, 'hidden_continuous_size': 7, 'attention_head_size': 4, 'learning_rate': 0.04471600507940164}. Best is trial 0 with value: 0.042758021503686905.
[I 2023-12-27 11:02:21,169] Trial 24 finished with value: 2.938293218612671 and parameters: {'gradient_clip_val': 0.5303731716418751, 'hidden_size': 22, 'dropout': 0.4331340435797557, 'hidden_continuous_size': 6, 'attention_head_size': 3, 'learning_rate': 0.01335847247828957}. Best is trial 0 with value: 0.042758021503686905.
[I 2023-12-27 11:02:21,549] Trial 25 finished with value: 3.1813926696777344 and parameters: {'gradient_clip_val': 0.4317835845048852, 'hidden_size': 14, 'dropout': 0.4584149182328641, 'hidden_continuous_size': 7, 'attention_head_size': 2, 'learning_rate': 0.009336178599896532}. Best is trial 0 with value: 0.042758021503686905.
[I 2023-12-27 11:02:21,944] Trial 26 finished with value: 3.8032443523406982 and parameters: {'gradient_clip_val': 0.6840104311756697, 'hidden_size': 35, 'dropout': 0.3780347120834967, 'hidden_continuous_size': 9, 'attention_head_size': 3, 'learning_rate': 0.017432277807173713}. Best is trial 0 with value: 0.042758021503686905.
[I 2023-12-27 11:02:22,337] Trial 27 finished with value: 2.8955068588256836 and parameters: {'gradient_clip_val': 0.7955409933469089, 'hidden_size': 25, 'dropout': 0.4271247923670047, 'hidden_continuous_size': 6, 'attention_head_size': 4, 'learning_rate': 0.00811697851671603}. Best is trial 0 with value: 0.042758021503686905.
[I 2023-12-27 11:02:22,718] Trial 28 finished with value: 2.8528575897216797 and parameters: {'gradient_clip_val': 0.9365141661474423, 'hidden_size': 14, 'dropout': 0.47046995727100716, 'hidden_continuous_size': 7, 'attention_head_size': 2, 'learning_rate': 0.005152506147452547}. Best is trial 0 with value: 0.042758021503686905.
[I 2023-12-27 11:02:23,143] Trial 29 finished with value: 3.1763668060302734 and parameters: {'gradient_clip_val': 0.5812339148135922, 'hidden_size': 43, 'dropout': 0.4030855137166161, 'hidden_continuous_size': 9, 'attention_head_size': 1, 'learning_rate': 0.009518993273154756}. Best is trial 0 with value: 0.042758021503686905.
[I 2023-12-27 11:02:23,518] Trial 30 finished with value: 3.02420711517334 and parameters: {'gradient_clip_val': 0.37910948298067965, 'hidden_size': 8, 'dropout': 0.47016658264687766, 'hidden_continuous_size': 5, 'attention_head_size': 3, 'learning_rate': 0.03351313889755182}. Best is trial 0 with value: 0.042758021503686905.
[I 2023-12-27 11:02:23,891] Trial 31 finished with value: 2.8876736164093018 and parameters: {'gradient_clip_val': 0.13849391056391563, 'hidden_size': 19, 'dropout': 0.3481721350562119, 'hidden_continuous_size': 5, 'attention_head_size': 2, 'learning_rate': 0.0007225999043936471}. Best is trial 0 with value: 0.042758021503686905.
[I 2023-12-27 11:02:24,263] Trial 32 finished with value: 3.689209222793579 and parameters: {'gradient_clip_val': 0.15729671080703378, 'hidden_size': 20, 'dropout': 0.38968609589248077, 'hidden_continuous_size': 8, 'attention_head_size': 2, 'learning_rate': 0.00098074776411198}. Best is trial 0 with value: 0.042758021503686905.
[I 2023-12-27 11:02:24,651] Trial 33 finished with value: 2.602280616760254 and parameters: {'gradient_clip_val': 0.16802733298552844, 'hidden_size': 28, 'dropout': 0.3185713486219844, 'hidden_continuous_size': 6, 'attention_head_size': 2, 'learning_rate': 0.0012517578502152069}. Best is trial 0 with value: 0.042758021503686905.
[I 2023-12-27 11:02:25,023] Trial 34 finished with value: 3.0735676288604736 and parameters: {'gradient_clip_val': 0.12794049649187808, 'hidden_size': 14, 'dropout': 0.42224376144226183, 'hidden_continuous_size': 7, 'attention_head_size': 2, 'learning_rate': 0.0005192150187669084}. Best is trial 0 with value: 0.042758021503686905.
[I 2023-12-27 11:02:25,392] Trial 35 finished with value: 2.207606077194214 and parameters: {'gradient_clip_val': 0.17161529949662646, 'hidden_size': 16, 'dropout': 0.36435835476998674, 'hidden_continuous_size': 8, 'attention_head_size': 3, 'learning_rate': 0.002727282027973765}. Best is trial 0 with value: 0.042758021503686905.
[I 2023-12-27 11:02:25,788] Trial 36 finished with value: 2.6940133571624756 and parameters: {'gradient_clip_val': 0.22355321828067987, 'hidden_size': 23, 'dropout': 0.3725868851753686, 'hidden_continuous_size': 8, 'attention_head_size': 3, 'learning_rate': 0.0031825996419931747}. Best is trial 0 with value: 0.042758021503686905.
[I 2023-12-27 11:02:26,401] Trial 37 finished with value: 2.666036367416382 and parameters: {'gradient_clip_val': 0.18135343981856522, 'hidden_size': 16, 'dropout': 0.43760699682967397, 'hidden_continuous_size': 8, 'attention_head_size': 4, 'learning_rate': 0.012647558617881301}. Best is trial 0 with value: 0.042758021503686905.
[I 2023-12-27 11:02:26,778] Trial 38 finished with value: 2.5303990840911865 and parameters: {'gradient_clip_val': 0.3091591198311234, 'hidden_size': 10, 'dropout': 0.4049164180628018, 'hidden_continuous_size': 6, 'attention_head_size': 3, 'learning_rate': 0.0025936960166411996}. Best is trial 0 with value: 0.042758021503686905.
[I 2023-12-27 11:02:27,168] Trial 39 finished with value: 3.0126209259033203 and parameters: {'gradient_clip_val': 0.23297241658569676, 'hidden_size': 22, 'dropout': 0.345383813521122, 'hidden_continuous_size': 10, 'attention_head_size': 3, 'learning_rate': 0.004845171421512721}. Best is trial 0 with value: 0.042758021503686905.
[I 2023-12-27 11:02:27,542] Trial 40 finished with value: 2.920905351638794 and parameters: {'gradient_clip_val': 0.19703690717369424, 'hidden_size': 17, 'dropout': 0.3647811007351983, 'hidden_continuous_size': 8, 'attention_head_size': 4, 'learning_rate': 0.007204778665127973}. Best is trial 0 with value: 0.042758021503686905.
[I 2023-12-27 11:02:27,923] Trial 41 finished with value: 2.880887746810913 and parameters: {'gradient_clip_val': 0.2870335217817578, 'hidden_size': 10, 'dropout': 0.39735174589804373, 'hidden_continuous_size': 6, 'attention_head_size': 3, 'learning_rate': 0.002343121828368921}. Best is trial 0 with value: 0.042758021503686905.
[I 2023-12-27 11:02:28,304] Trial 42 finished with value: 1.9832442998886108 and parameters: {'gradient_clip_val': 0.34744906530422853, 'hidden_size': 11, 'dropout': 0.4090204246747604, 'hidden_continuous_size': 7, 'attention_head_size': 3, 'learning_rate': 0.002620906036810798}. Best is trial 0 with value: 0.042758021503686905.
[I 2023-12-27 11:02:28,666] Trial 43 finished with value: 3.891643762588501 and parameters: {'gradient_clip_val': 0.47277904933315695, 'hidden_size': 8, 'dropout': 0.4216024523906783, 'hidden_continuous_size': 5, 'attention_head_size': 3, 'learning_rate': 0.0015550606310034659}. Best is trial 0 with value: 0.042758021503686905.
[I 2023-12-27 11:02:29,074] Trial 44 finished with value: 3.2452552318573 and parameters: {'gradient_clip_val': 0.35283362279508507, 'hidden_size': 29, 'dropout': 0.43499451094690245, 'hidden_continuous_size': 13, 'attention_head_size': 3, 'learning_rate': 0.004090544719067231}. Best is trial 0 with value: 0.042758021503686905.
[I 2023-12-27 11:02:29,438] Trial 45 finished with value: 3.037581443786621 and parameters: {'gradient_clip_val': 0.32502651971713736, 'hidden_size': 16, 'dropout': 0.48112702474900026, 'hidden_continuous_size': 7, 'attention_head_size': 3, 'learning_rate': 0.0028419260627705273}. Best is trial 0 with value: 0.042758021503686905.
[I 2023-12-27 11:02:29,838] Trial 46 finished with value: 3.4237887859344482 and parameters: {'gradient_clip_val': 0.18126211778743895, 'hidden_size': 34, 'dropout': 0.39650030696665495, 'hidden_continuous_size': 15, 'attention_head_size': 3, 'learning_rate': 0.003830014476353868}. Best is trial 0 with value: 0.042758021503686905.
[I 2023-12-27 11:02:30,207] Trial 47 finished with value: 3.272761344909668 and parameters: {'gradient_clip_val': 0.23582933154960742, 'hidden_size': 12, 'dropout': 0.3702197514050377, 'hidden_continuous_size': 7, 'attention_head_size': 3, 'learning_rate': 0.006011975064290731}. Best is trial 0 with value: 0.042758021503686905.
[I 2023-12-27 11:02:30,531] Trial 48 finished with value: 3.127601385116577 and parameters: {'gradient_clip_val': 0.2576508999273179, 'hidden_size': 5, 'dropout': 0.4160834183606899, 'hidden_continuous_size': 5, 'attention_head_size': 2, 'learning_rate': 0.0017182514816408876}. Best is trial 0 with value: 0.042758021503686905.
[I 2023-12-27 11:02:30,933] Trial 49 finished with value: 3.0722548961639404 and parameters: {'gradient_clip_val': 0.21221170634246495, 'hidden_size': 38, 'dropout': 0.3438414635324917, 'hidden_continuous_size': 22, 'attention_head_size': 4, 'learning_rate': 0.0023600496510442588}. Best is trial 0 with value: 0.042758021503686905.
[I 2023-12-27 11:02:31,048] A new study created in memory with name: no-name-6c21324e-5611-4b33-a982-fbd3b7f539b4
/home/le004/conda/anaconda3/envs/tsff_env/lib/python3.9/site-packages/lightning/fabric/plugins/environments/slurm.py:191: The `srun` command is available on your system but is not used. HINT: If your intention is to run Lightning on SLURM, prepend your python command with `srun` like so: srun python /home/le004/master_thesis/git/TSFusionForecast/code/ ...
