[I 2023-12-15 13:07:13,815] Trial 21 finished with value: 14.076889038085938 and parameters: {'gradient_clip_val': 0.10235780982140405, 'hidden_size': 36, 'dropout': 0.1771138080380924, 'hidden_continuous_size': 18, 'attention_head_size': 4, 'learning_rate': 0.001978054985343897}. Best is trial 1 with value: 3.043837308883667.
LOCAL_RANK: 0 - CUDA_VISIBLE_DEVICES: [0]
[I 2023-12-15 13:08:07,389] Trial 22 finished with value: 4.298637866973877 and parameters: {'gradient_clip_val': 0.131919139148779, 'hidden_size': 58, 'dropout': 0.16942573868979421, 'hidden_continuous_size': 26, 'attention_head_size': 4, 'learning_rate': 0.0027031756229918586}. Best is trial 1 with value: 3.043837308883667.
LOCAL_RANK: 0 - CUDA_VISIBLE_DEVICES: [0]
[I 2023-12-15 13:08:58,171] Trial 23 finished with value: 8.566337585449219 and parameters: {'gradient_clip_val': 0.12323949709314412, 'hidden_size': 33, 'dropout': 0.23208611204384366, 'hidden_continuous_size': 16, 'attention_head_size': 3, 'learning_rate': 0.0049285306186945856}. Best is trial 1 with value: 3.043837308883667.
LOCAL_RANK: 0 - CUDA_VISIBLE_DEVICES: [0]
[I 2023-12-15 13:09:50,445] Trial 24 finished with value: 6.4136223793029785 and parameters: {'gradient_clip_val': 0.15787015810824742, 'hidden_size': 45, 'dropout': 0.11270817131649233, 'hidden_continuous_size': 11, 'attention_head_size': 3, 'learning_rate': 0.0009844085598782752}. Best is trial 1 with value: 3.043837308883667.
LOCAL_RANK: 0 - CUDA_VISIBLE_DEVICES: [0]
[I 2023-12-15 13:10:40,137] Trial 25 finished with value: 3.702970504760742 and parameters: {'gradient_clip_val': 0.10006749017279329, 'hidden_size': 26, 'dropout': 0.1642379757948821, 'hidden_continuous_size': 16, 'attention_head_size': 4, 'learning_rate': 0.004323906171061801}. Best is trial 1 with value: 3.043837308883667.
LOCAL_RANK: 0 - CUDA_VISIBLE_DEVICES: [0]
[I 2023-12-15 13:11:27,399] Trial 26 finished with value: 7.001239776611328 and parameters: {'gradient_clip_val': 0.2436397377884135, 'hidden_size': 20, 'dropout': 0.22576453343326075, 'hidden_continuous_size': 10, 'attention_head_size': 3, 'learning_rate': 0.002097793046040905}. Best is trial 1 with value: 3.043837308883667.
LOCAL_RANK: 0 - CUDA_VISIBLE_DEVICES: [0]
[I 2023-12-15 13:12:20,119] Trial 27 finished with value: 5.933631896972656 and parameters: {'gradient_clip_val': 0.1871895058544407, 'hidden_size': 38, 'dropout': 0.197141024559216, 'hidden_continuous_size': 22, 'attention_head_size': 4, 'learning_rate': 0.007179497002409647}. Best is trial 1 with value: 3.043837308883667.
LOCAL_RANK: 0 - CUDA_VISIBLE_DEVICES: [0]
[I 2023-12-15 13:13:14,038] Trial 28 finished with value: 15.586090087890625 and parameters: {'gradient_clip_val': 0.15276051932698587, 'hidden_size': 67, 'dropout': 0.25283370074191025, 'hidden_continuous_size': 32, 'attention_head_size': 3, 'learning_rate': 0.001432045455627934}. Best is trial 1 with value: 3.043837308883667.
LOCAL_RANK: 0 - CUDA_VISIBLE_DEVICES: [0]
[I 2023-12-15 13:14:02,574] Trial 29 finished with value: 7.440699100494385 and parameters: {'gradient_clip_val': 0.12050249755554228, 'hidden_size': 31, 'dropout': 0.3973942365349792, 'hidden_continuous_size': 12, 'attention_head_size': 1, 'learning_rate': 0.0031781154854092337}. Best is trial 1 with value: 3.043837308883667.
LOCAL_RANK: 0 - CUDA_VISIBLE_DEVICES: [0]
[I 2023-12-15 13:14:53,056] Trial 30 finished with value: 12.08899211883545 and parameters: {'gradient_clip_val': 0.17743359540743456, 'hidden_size': 30, 'dropout': 0.27490827925317335, 'hidden_continuous_size': 17, 'attention_head_size': 4, 'learning_rate': 0.0024480836414550356}. Best is trial 1 with value: 3.043837308883667.
LOCAL_RANK: 0 - CUDA_VISIBLE_DEVICES: [0]
[I 2023-12-15 13:15:40,999] Trial 31 finished with value: 9.68659496307373 and parameters: {'gradient_clip_val': 0.17715407415494402, 'hidden_size': 20, 'dropout': 0.2714349624256441, 'hidden_continuous_size': 14, 'attention_head_size': 4, 'learning_rate': 0.034863040692463564}. Best is trial 1 with value: 3.043837308883667.
LOCAL_RANK: 0 - CUDA_VISIBLE_DEVICES: [0]
[I 2023-12-15 13:16:30,416] Trial 32 finished with value: 3.674259901046753 and parameters: {'gradient_clip_val': 0.1445526008053294, 'hidden_size': 22, 'dropout': 0.212902192552266, 'hidden_continuous_size': 13, 'attention_head_size': 4, 'learning_rate': 0.018879918780860223}. Best is trial 1 with value: 3.043837308883667.
LOCAL_RANK: 0 - CUDA_VISIBLE_DEVICES: [0]
[I 2023-12-15 13:17:16,335] Trial 33 finished with value: 5.991982936859131 and parameters: {'gradient_clip_val': 0.1289089205521711, 'hidden_size': 16, 'dropout': 0.2870405347989175, 'hidden_continuous_size': 11, 'attention_head_size': 4, 'learning_rate': 0.028523435194325972}. Best is trial 1 with value: 3.043837308883667.
LOCAL_RANK: 0 - CUDA_VISIBLE_DEVICES: [0]
[I 2023-12-15 13:18:02,499] Trial 34 finished with value: 4.722383975982666 and parameters: {'gradient_clip_val': 0.11956671035831362, 'hidden_size': 13, 'dropout': 0.34374473121281496, 'hidden_continuous_size': 10, 'attention_head_size': 3, 'learning_rate': 0.039100468731978845}. Best is trial 1 with value: 3.043837308883667.
LOCAL_RANK: 0 - CUDA_VISIBLE_DEVICES: [0]
[I 2023-12-15 13:18:48,718] Trial 35 finished with value: 3.3666436672210693 and parameters: {'gradient_clip_val': 0.16685956294442875, 'hidden_size': 11, 'dropout': 0.2462052208216719, 'hidden_continuous_size': 8, 'attention_head_size': 4, 'learning_rate': 0.048222602358711356}. Best is trial 1 with value: 3.043837308883667.
LOCAL_RANK: 0 - CUDA_VISIBLE_DEVICES: [0]
[I 2023-12-15 13:19:37,392] Trial 36 finished with value: 5.49493932723999 and parameters: {'gradient_clip_val': 0.14165272449090233, 'hidden_size': 23, 'dropout': 0.3025335262989619, 'hidden_continuous_size': 15, 'attention_head_size': 2, 'learning_rate': 0.0676400112406909}. Best is trial 1 with value: 3.043837308883667.
LOCAL_RANK: 0 - CUDA_VISIBLE_DEVICES: [0]
[I 2023-12-15 13:20:25,573] Trial 37 finished with value: 9.983698844909668 and parameters: {'gradient_clip_val': 0.20564487977658985, 'hidden_size': 28, 'dropout': 0.34873594423700705, 'hidden_continuous_size': 18, 'attention_head_size': 1, 'learning_rate': 0.022418955990945306}. Best is trial 1 with value: 3.043837308883667.
LOCAL_RANK: 0 - CUDA_VISIBLE_DEVICES: [0]
[I 2023-12-15 13:21:16,217] Trial 38 finished with value: 3.21572208404541 and parameters: {'gradient_clip_val': 0.1112911425117989, 'hidden_size': 40, 'dropout': 0.31654763109200357, 'hidden_continuous_size': 14, 'attention_head_size': 2, 'learning_rate': 0.011448613072015463}. Best is trial 1 with value: 3.043837308883667.
LOCAL_RANK: 0 - CUDA_VISIBLE_DEVICES: [0]
[I 2023-12-15 13:22:08,527] Trial 39 finished with value: 6.1939826011657715 and parameters: {'gradient_clip_val': 0.11401135911083525, 'hidden_size': 41, 'dropout': 0.38157763673700595, 'hidden_continuous_size': 21, 'attention_head_size': 2, 'learning_rate': 0.011908027868843136}. Best is trial 1 with value: 3.043837308883667.
LOCAL_RANK: 0 - CUDA_VISIBLE_DEVICES: [0]
[I 2023-12-15 13:22:59,503] Trial 40 finished with value: 5.8116841316223145 and parameters: {'gradient_clip_val': 0.11338418663743377, 'hidden_size': 37, 'dropout': 0.3602011071285277, 'hidden_continuous_size': 14, 'attention_head_size': 2, 'learning_rate': 0.00823413060750138}. Best is trial 1 with value: 3.043837308883667.
LOCAL_RANK: 0 - CUDA_VISIBLE_DEVICES: [0]
[I 2023-12-15 13:23:47,550] Trial 41 finished with value: 4.077897548675537 and parameters: {'gradient_clip_val': 0.1363881578986162, 'hidden_size': 32, 'dropout': 0.3216781279401683, 'hidden_continuous_size': 13, 'attention_head_size': 2, 'learning_rate': 0.017048619290721528}. Best is trial 1 with value: 3.043837308883667.
LOCAL_RANK: 0 - CUDA_VISIBLE_DEVICES: [0]
[I 2023-12-15 13:24:36,439] Trial 42 finished with value: 5.234968185424805 and parameters: {'gradient_clip_val': 0.1085706877885504, 'hidden_size': 29, 'dropout': 0.3392088794449593, 'hidden_continuous_size': 12, 'attention_head_size': 2, 'learning_rate': 0.012373873995148435}. Best is trial 1 with value: 3.043837308883667.
LOCAL_RANK: 0 - CUDA_VISIBLE_DEVICES: [0]
[I 2023-12-15 13:25:24,839] Trial 43 finished with value: 6.177584171295166 and parameters: {'gradient_clip_val': 0.10017956744402685, 'hidden_size': 23, 'dropout': 0.2886388000842186, 'hidden_continuous_size': 16, 'attention_head_size': 1, 'learning_rate': 0.003670194370798465}. Best is trial 1 with value: 3.043837308883667.
LOCAL_RANK: 0 - CUDA_VISIBLE_DEVICES: [0]
[I 2023-12-15 13:26:17,263] Trial 44 finished with value: 6.860392093658447 and parameters: {'gradient_clip_val': 0.13944908229801412, 'hidden_size': 41, 'dropout': 0.36943486414757504, 'hidden_continuous_size': 19, 'attention_head_size': 3, 'learning_rate': 0.008842273796475224}. Best is trial 1 with value: 3.043837308883667.
LOCAL_RANK: 0 - CUDA_VISIBLE_DEVICES: [0]
[I 2023-12-15 13:27:07,445] Trial 45 finished with value: 5.92915678024292 and parameters: {'gradient_clip_val': 0.16454367735888722, 'hidden_size': 34, 'dropout': 0.31363123135816984, 'hidden_continuous_size': 14, 'attention_head_size': 2, 'learning_rate': 0.09821788131489799}. Best is trial 1 with value: 3.043837308883667.
LOCAL_RANK: 0 - CUDA_VISIBLE_DEVICES: [0]
[I 2023-12-15 13:27:55,905] Trial 46 finished with value: 3.2212584018707275 and parameters: {'gradient_clip_val': 0.12749023503432977, 'hidden_size': 18, 'dropout': 0.2644699272354841, 'hidden_continuous_size': 13, 'attention_head_size': 3, 'learning_rate': 0.005304318481257888}. Best is trial 1 with value: 3.043837308883667.
LOCAL_RANK: 0 - CUDA_VISIBLE_DEVICES: [0]
[I 2023-12-15 13:28:44,112] Trial 47 finished with value: 3.6810531616210938 and parameters: {'gradient_clip_val': 0.1255654182627881, 'hidden_size': 18, 'dropout': 0.2615230628126372, 'hidden_continuous_size': 13, 'attention_head_size': 3, 'learning_rate': 0.005548428642968341}. Best is trial 1 with value: 3.043837308883667.
LOCAL_RANK: 0 - CUDA_VISIBLE_DEVICES: [0]
[I 2023-12-15 13:29:37,180] Trial 48 finished with value: 5.1538987159729 and parameters: {'gradient_clip_val': 0.1097888667448631, 'hidden_size': 51, 'dropout': 0.28311738879645026, 'hidden_continuous_size': 21, 'attention_head_size': 3, 'learning_rate': 0.0036196474928164037}. Best is trial 1 with value: 3.043837308883667.
LOCAL_RANK: 0 - CUDA_VISIBLE_DEVICES: [0]
[I 2023-12-15 13:30:26,158] Trial 49 finished with value: 5.081979274749756 and parameters: {'gradient_clip_val': 0.11503691290222615, 'hidden_size': 27, 'dropout': 0.3001918314699986, 'hidden_continuous_size': 12, 'attention_head_size': 2, 'learning_rate': 0.0053562708905904085}. Best is trial 1 with value: 3.043837308883667.
[I 2023-12-15 13:30:26,251] A new study created in memory with name: no-name-65a2d54c-e35c-4994-a23c-0548b4ec72dc
/home/le004/conda/anaconda3/envs/tsff_env/lib/python3.9/site-packages/lightning/fabric/plugins/environments/slurm.py:191: The `srun` command is available on your system but is not used. HINT: If your intention is to run Lightning on SLURM, prepend your python command with `srun` like so: srun python /home/le004/master_thesis/git/TSFusionForecast/code/ ...
LOCAL_RANK: 0 - CUDA_VISIBLE_DEVICES: [0]
[I 2023-12-15 13:31:12,867] Trial 0 finished with value: 18.909767150878906 and parameters: {'gradient_clip_val': 0.8110746404610981, 'hidden_size': 19, 'dropout': 0.11856717989042909, 'hidden_continuous_size': 6, 'attention_head_size': 2, 'learning_rate': 0.01582790964065663}. Best is trial 0 with value: 18.909767150878906.
LOCAL_RANK: 0 - CUDA_VISIBLE_DEVICES: [0]
[I 2023-12-15 13:32:06,165] Trial 1 finished with value: 15.56869888305664 and parameters: {'gradient_clip_val': 0.15055997172789665, 'hidden_size': 57, 'dropout': 0.3332400400538482, 'hidden_continuous_size': 39, 'attention_head_size': 1, 'learning_rate': 0.02157317953523587}. Best is trial 1 with value: 15.56869888305664.
LOCAL_RANK: 0 - CUDA_VISIBLE_DEVICES: [0]
[I 2023-12-15 13:32:50,772] Trial 2 finished with value: 19.656545639038086 and parameters: {'gradient_clip_val': 0.49430358498793925, 'hidden_size': 16, 'dropout': 0.24951986393812106, 'hidden_continuous_size': 5, 'attention_head_size': 3, 'learning_rate': 0.025879799231372014}. Best is trial 1 with value: 15.56869888305664.
LOCAL_RANK: 0 - CUDA_VISIBLE_DEVICES: [0]
[I 2023-12-15 13:33:35,805] Trial 3 finished with value: 12.8245210647583 and parameters: {'gradient_clip_val': 0.20864324031947326, 'hidden_size': 9, 'dropout': 0.14997683119279917, 'hidden_continuous_size': 8, 'attention_head_size': 2, 'learning_rate': 0.012555407399468727}. Best is trial 3 with value: 12.8245210647583.
LOCAL_RANK: 0 - CUDA_VISIBLE_DEVICES: [0]
[I 2023-12-15 13:34:10,871] Trial 4 finished with value: 18.43098258972168 and parameters: {'gradient_clip_val': 0.22636483948240196, 'hidden_size': 14, 'dropout': 0.27113020927948944, 'hidden_continuous_size': 14, 'attention_head_size': 4, 'learning_rate': 0.008825287045148936}. Best is trial 3 with value: 12.8245210647583.
LOCAL_RANK: 0 - CUDA_VISIBLE_DEVICES: [0]
[I 2023-12-15 13:35:02,835] Trial 5 finished with value: 12.933963775634766 and parameters: {'gradient_clip_val': 0.2222881727018987, 'hidden_size': 65, 'dropout': 0.38883443133109896, 'hidden_continuous_size': 10, 'attention_head_size': 1, 'learning_rate': 0.0012458280654277173}. Best is trial 3 with value: 12.8245210647583.
LOCAL_RANK: 0 - CUDA_VISIBLE_DEVICES: [0]
[I 2023-12-15 13:35:56,583] Trial 6 finished with value: 14.060561180114746 and parameters: {'gradient_clip_val': 0.267778365436925, 'hidden_size': 76, 'dropout': 0.397802740412757, 'hidden_continuous_size': 20, 'attention_head_size': 4, 'learning_rate': 0.0011120239954036195}. Best is trial 3 with value: 12.8245210647583.
LOCAL_RANK: 0 - CUDA_VISIBLE_DEVICES: [0]
[I 2023-12-15 13:36:49,420] Trial 7 finished with value: 21.9520320892334 and parameters: {'gradient_clip_val': 0.21285033572167045, 'hidden_size': 72, 'dropout': 0.14244391090714117, 'hidden_continuous_size': 23, 'attention_head_size': 2, 'learning_rate': 0.017947640804101467}. Best is trial 3 with value: 12.8245210647583.
LOCAL_RANK: 0 - CUDA_VISIBLE_DEVICES: [0]
[I 2023-12-15 13:37:39,296] Trial 8 finished with value: 11.490605354309082 and parameters: {'gradient_clip_val': 0.8877180537710984, 'hidden_size': 39, 'dropout': 0.3183936432128567, 'hidden_continuous_size': 10, 'attention_head_size': 1, 'learning_rate': 0.0006367897629389648}. Best is trial 8 with value: 11.490605354309082.
LOCAL_RANK: 0 - CUDA_VISIBLE_DEVICES: [0]
[I 2023-12-15 13:38:24,556] Trial 9 finished with value: 19.417888641357422 and parameters: {'gradient_clip_val': 0.10772917932441166, 'hidden_size': 14, 'dropout': 0.1648759158158874, 'hidden_continuous_size': 8, 'attention_head_size': 2, 'learning_rate': 0.05982446729530791}. Best is trial 8 with value: 11.490605354309082.
LOCAL_RANK: 0 - CUDA_VISIBLE_DEVICES: [0]
[I 2023-12-15 13:39:14,201] Trial 10 finished with value: 11.57496166229248 and parameters: {'gradient_clip_val': 0.8625577688040783, 'hidden_size': 35, 'dropout': 0.2989257451673828, 'hidden_continuous_size': 12, 'attention_head_size': 1, 'learning_rate': 0.003048570948736207}. Best is trial 8 with value: 11.490605354309082.
LOCAL_RANK: 0 - CUDA_VISIBLE_DEVICES: [0]
[I 2023-12-15 13:40:03,359] Trial 11 finished with value: 14.2994384765625 and parameters: {'gradient_clip_val': 0.9542331057260566, 'hidden_size': 35, 'dropout': 0.3037519014963114, 'hidden_continuous_size': 12, 'attention_head_size': 1, 'learning_rate': 0.002744143001481802}. Best is trial 8 with value: 11.490605354309082.
LOCAL_RANK: 0 - CUDA_VISIBLE_DEVICES: [0]
[I 2023-12-15 13:40:52,580] Trial 12 finished with value: 13.160054206848145 and parameters: {'gradient_clip_val': 0.5868012036011891, 'hidden_size': 33, 'dropout': 0.23147370740314077, 'hidden_continuous_size': 14, 'attention_head_size': 1, 'learning_rate': 0.0005356221964627819}. Best is trial 8 with value: 11.490605354309082.
LOCAL_RANK: 0 - CUDA_VISIBLE_DEVICES: [0]
[I 2023-12-15 13:41:41,181] Trial 13 finished with value: 10.461284637451172 and parameters: {'gradient_clip_val': 0.4146566804112964, 'hidden_size': 32, 'dropout': 0.34649087329836925, 'hidden_continuous_size': 9, 'attention_head_size': 3, 'learning_rate': 0.004180914678476684}. Best is trial 13 with value: 10.461284637451172.
LOCAL_RANK: 0 - CUDA_VISIBLE_DEVICES: [0]
[I 2023-12-15 13:42:29,990] Trial 14 finished with value: 17.042922973632812 and parameters: {'gradient_clip_val': 0.410981455091552, 'hidden_size': 27, 'dropout': 0.3495817817688289, 'hidden_continuous_size': 7, 'attention_head_size': 3, 'learning_rate': 0.0047016962754251835}. Best is trial 13 with value: 10.461284637451172.
LOCAL_RANK: 0 - CUDA_VISIBLE_DEVICES: [0]
[I 2023-12-15 13:43:22,535] Trial 15 finished with value: 15.392589569091797 and parameters: {'gradient_clip_val': 0.3600022875858194, 'hidden_size': 100, 'dropout': 0.35582505532339054, 'hidden_continuous_size': 5, 'attention_head_size': 3, 'learning_rate': 0.000528669604853724}. Best is trial 13 with value: 10.461284637451172.
LOCAL_RANK: 0 - CUDA_VISIBLE_DEVICES: [0]
[I 2023-12-15 13:44:14,870] Trial 16 finished with value: 15.633833885192871 and parameters: {'gradient_clip_val': 0.6829978062110674, 'hidden_size': 46, 'dropout': 0.32330685194481085, 'hidden_continuous_size': 9, 'attention_head_size': 3, 'learning_rate': 0.004802285901111508}. Best is trial 13 with value: 10.461284637451172.
LOCAL_RANK: 0 - CUDA_VISIBLE_DEVICES: [0]
[I 2023-12-15 13:45:04,220] Trial 17 finished with value: 11.261963844299316 and parameters: {'gradient_clip_val': 0.6388733176285857, 'hidden_size': 25, 'dropout': 0.36683944363994303, 'hidden_continuous_size': 7, 'attention_head_size': 4, 'learning_rate': 0.0013986903662486594}. Best is trial 13 with value: 10.461284637451172.
LOCAL_RANK: 0 - CUDA_VISIBLE_DEVICES: [0]
[I 2023-12-15 13:45:52,869] Trial 18 finished with value: 10.130901336669922 and parameters: {'gradient_clip_val': 0.47972676642869133, 'hidden_size': 23, 'dropout': 0.36702958389162943, 'hidden_continuous_size': 6, 'attention_head_size': 4, 'learning_rate': 0.001796515028133216}. Best is trial 18 with value: 10.130901336669922.
LOCAL_RANK: 0 - CUDA_VISIBLE_DEVICES: [0]
[I 2023-12-15 13:46:38,284] Trial 19 finished with value: 11.917126655578613 and parameters: {'gradient_clip_val': 0.44809113263760225, 'hidden_size': 6, 'dropout': 0.373803228481011, 'hidden_continuous_size': 5, 'attention_head_size': 4, 'learning_rate': 0.006718133189383433}. Best is trial 18 with value: 10.130901336669922.
LOCAL_RANK: 0 - CUDA_VISIBLE_DEVICES: [0]
[I 2023-12-15 13:47:26,665] Trial 20 finished with value: 15.348875999450684 and parameters: {'gradient_clip_val': 0.3189086556967511, 'hidden_size': 21, 'dropout': 0.35135226773878836, 'hidden_continuous_size': 6, 'attention_head_size': 4, 'learning_rate': 0.001687292428931873}. Best is trial 18 with value: 10.130901336669922.
LOCAL_RANK: 0 - CUDA_VISIBLE_DEVICES: [0]
[I 2023-12-15 13:48:14,491] Trial 21 finished with value: 15.407402992248535 and parameters: {'gradient_clip_val': 0.5571111682661503, 'hidden_size': 24, 'dropout': 0.39918218255328497, 'hidden_continuous_size': 7, 'attention_head_size': 4, 'learning_rate': 0.0023019632819724395}. Best is trial 18 with value: 10.130901336669922.
LOCAL_RANK: 0 - CUDA_VISIBLE_DEVICES: [0]
[I 2023-12-15 13:49:03,371] Trial 22 finished with value: 11.731914520263672 and parameters: {'gradient_clip_val': 0.6146267398462584, 'hidden_size': 26, 'dropout': 0.3729249924428006, 'hidden_continuous_size': 6, 'attention_head_size': 4, 'learning_rate': 0.0011044767605873668}. Best is trial 18 with value: 10.130901336669922.
LOCAL_RANK: 0 - CUDA_VISIBLE_DEVICES: [0]
[I 2023-12-15 13:49:55,807] Trial 23 finished with value: 14.090736389160156 and parameters: {'gradient_clip_val': 0.4829497135287024, 'hidden_size': 49, 'dropout': 0.36479173382272345, 'hidden_continuous_size': 8, 'attention_head_size': 3, 'learning_rate': 0.0019305076960895323}. Best is trial 18 with value: 10.130901336669922.
LOCAL_RANK: 0 - CUDA_VISIBLE_DEVICES: [0]
[I 2023-12-15 13:50:45,390] Trial 24 finished with value: 15.779963493347168 and parameters: {'gradient_clip_val': 0.3981824917760645, 'hidden_size': 30, 'dropout': 0.33899964824933293, 'hidden_continuous_size': 7, 'attention_head_size': 4, 'learning_rate': 0.003952226639059119}. Best is trial 18 with value: 10.130901336669922.
LOCAL_RANK: 0 - CUDA_VISIBLE_DEVICES: [0]
[I 2023-12-15 13:51:32,580] Trial 25 finished with value: 11.497588157653809 and parameters: {'gradient_clip_val': 0.6613732021916695, 'hidden_size': 19, 'dropout': 0.37900408621003673, 'hidden_continuous_size': 6, 'attention_head_size': 3, 'learning_rate': 0.0030913407012870386}. Best is trial 18 with value: 10.130901336669922.
LOCAL_RANK: 0 - CUDA_VISIBLE_DEVICES: [0]
[I 2023-12-15 13:52:22,885] Trial 26 finished with value: 12.911747932434082 and parameters: {'gradient_clip_val': 0.4962284740539669, 'hidden_size': 43, 'dropout': 0.36085179617157387, 'hidden_continuous_size': 5, 'attention_head_size': 4, 'learning_rate': 0.0016951850589864905}. Best is trial 18 with value: 10.130901336669922.
LOCAL_RANK: 0 - CUDA_VISIBLE_DEVICES: [0]
[I 2023-12-15 13:53:11,967] Trial 27 finished with value: 12.395833015441895 and parameters: {'gradient_clip_val': 0.3560858452766273, 'hidden_size': 29, 'dropout': 0.33687847455249087, 'hidden_continuous_size': 9, 'attention_head_size': 3, 'learning_rate': 0.0009240899086098407}. Best is trial 18 with value: 10.130901336669922.
LOCAL_RANK: 0 - CUDA_VISIBLE_DEVICES: [0]
[I 2023-12-15 13:54:00,959] Trial 28 finished with value: 12.239153861999512 and parameters: {'gradient_clip_val': 0.7342759578946859, 'hidden_size': 23, 'dropout': 0.30417330659568353, 'hidden_continuous_size': 7, 'attention_head_size': 4, 'learning_rate': 0.0016550004059100204}. Best is trial 18 with value: 10.130901336669922.
LOCAL_RANK: 0 - CUDA_VISIBLE_DEVICES: [0]
