[I 2023-12-26 13:21:17,398] Trial 0 finished with value: 0.11179912090301514 and parameters: {'gradient_clip_val': 0.687871350784959, 'hidden_size': 42, 'dropout': 0.16403887189939406, 'hidden_continuous_size': 25, 'attention_head_size': 1, 'learning_rate': 0.0005015159705538756}. Best is trial 0 with value: 0.11179912090301514.
[I 2023-12-26 13:21:26,095] Trial 1 finished with value: 3.5843656063079834 and parameters: {'gradient_clip_val': 0.5051710031398842, 'hidden_size': 74, 'dropout': 0.13122980289657968, 'hidden_continuous_size': 33, 'attention_head_size': 3, 'learning_rate': 0.0029346087838370352}. Best is trial 0 with value: 0.11179912090301514.
[I 2023-12-26 13:21:28,033] Trial 2 finished with value: 3.4574062824249268 and parameters: {'gradient_clip_val': 0.2667705185885831, 'hidden_size': 12, 'dropout': 0.18852441204517253, 'hidden_continuous_size': 5, 'attention_head_size': 2, 'learning_rate': 0.006351536520191803}. Best is trial 0 with value: 0.11179912090301514.
[I 2023-12-26 13:21:30,274] Trial 3 finished with value: 2.724839448928833 and parameters: {'gradient_clip_val': 0.45561939703182913, 'hidden_size': 17, 'dropout': 0.36182639888525037, 'hidden_continuous_size': 12, 'attention_head_size': 4, 'learning_rate': 0.0005449425574497532}. Best is trial 0 with value: 0.11179912090301514.
[I 2023-12-26 13:21:32,548] Trial 4 finished with value: 3.7173585891723633 and parameters: {'gradient_clip_val': 0.5579048410598647, 'hidden_size': 32, 'dropout': 0.2646634514939846, 'hidden_continuous_size': 7, 'attention_head_size': 3, 'learning_rate': 0.0006507932293242664}. Best is trial 0 with value: 0.11179912090301514.
[I 2023-12-26 13:21:34,263] Trial 5 finished with value: 3.8313491344451904 and parameters: {'gradient_clip_val': 0.16306408758750052, 'hidden_size': 5, 'dropout': 0.33150302296176115, 'hidden_continuous_size': 5, 'attention_head_size': 4, 'learning_rate': 0.004142005884075652}. Best is trial 0 with value: 0.11179912090301514.
[I 2023-12-26 13:21:36,562] Trial 6 finished with value: 3.604685068130493 and parameters: {'gradient_clip_val': 0.5620440789548257, 'hidden_size': 26, 'dropout': 0.4100648178055135, 'hidden_continuous_size': 5, 'attention_head_size': 4, 'learning_rate': 0.0026851925651952394}. Best is trial 0 with value: 0.11179912090301514.
[I 2023-12-26 13:21:38,579] Trial 7 finished with value: 2.829524040222168 and parameters: {'gradient_clip_val': 0.8422216587444912, 'hidden_size': 15, 'dropout': 0.22872705266810975, 'hidden_continuous_size': 5, 'attention_head_size': 1, 'learning_rate': 0.008068116496453023}. Best is trial 0 with value: 0.11179912090301514.
[I 2023-12-26 13:21:40,531] Trial 8 finished with value: 3.2257766723632812 and parameters: {'gradient_clip_val': 0.48036749506481763, 'hidden_size': 12, 'dropout': 0.44406130893503604, 'hidden_continuous_size': 10, 'attention_head_size': 1, 'learning_rate': 0.0007506089335241768}. Best is trial 0 with value: 0.11179912090301514.
[I 2023-12-26 13:21:42,409] Trial 9 finished with value: 3.4564812183380127 and parameters: {'gradient_clip_val': 0.5480501907279273, 'hidden_size': 6, 'dropout': 0.1595296188374954, 'hidden_continuous_size': 5, 'attention_head_size': 4, 'learning_rate': 0.0006942799062645824}. Best is trial 0 with value: 0.11179912090301514.
[I 2023-12-26 13:21:51,326] Trial 10 finished with value: 2.809135675430298 and parameters: {'gradient_clip_val': 0.11376330405353863, 'hidden_size': 137, 'dropout': 0.10433503926924309, 'hidden_continuous_size': 84, 'attention_head_size': 2, 'learning_rate': 0.061546166122327446}. Best is trial 0 with value: 0.11179912090301514.
[I 2023-12-26 13:21:53,941] Trial 11 finished with value: 3.711146354675293 and parameters: {'gradient_clip_val': 0.9762739686378848, 'hidden_size': 40, 'dropout': 0.3309079055223536, 'hidden_continuous_size': 15, 'attention_head_size': 2, 'learning_rate': 0.00132884155542094}. Best is trial 0 with value: 0.11179912090301514.
[I 2023-12-26 13:21:57,041] Trial 12 finished with value: 3.5915088653564453 and parameters: {'gradient_clip_val': 0.3376164251009751, 'hidden_size': 51, 'dropout': 0.3772453877242913, 'hidden_continuous_size': 20, 'attention_head_size': 3, 'learning_rate': 0.0005131234452210674}. Best is trial 0 with value: 0.11179912090301514.
[I 2023-12-26 13:21:59,142] Trial 13 finished with value: 3.5231821537017822 and parameters: {'gradient_clip_val': 0.7473810891272006, 'hidden_size': 20, 'dropout': 0.48946858392587117, 'hidden_continuous_size': 9, 'attention_head_size': 1, 'learning_rate': 0.0015382094670101415}. Best is trial 0 with value: 0.11179912090301514.
[I 2023-12-26 13:22:02,490] Trial 14 finished with value: 4.7523345947265625 and parameters: {'gradient_clip_val': 0.4050707703188179, 'hidden_size': 52, 'dropout': 0.2733692710655202, 'hidden_continuous_size': 17, 'attention_head_size': 3, 'learning_rate': 0.0005015320772411524}. Best is trial 0 with value: 0.11179912090301514.
[I 2023-12-26 13:22:04,693] Trial 15 finished with value: 3.421056032180786 and parameters: {'gradient_clip_val': 0.7178154856380673, 'hidden_size': 23, 'dropout': 0.20290109043332433, 'hidden_continuous_size': 8, 'attention_head_size': 2, 'learning_rate': 0.0013114970603340273}. Best is trial 0 with value: 0.11179912090301514.
[I 2023-12-26 13:22:09,336] Trial 16 finished with value: 3.1296608448028564 and parameters: {'gradient_clip_val': 0.28362131341799807, 'hidden_size': 78, 'dropout': 0.2409442181958832, 'hidden_continuous_size': 26, 'attention_head_size': 1, 'learning_rate': 0.0012293104930710518}. Best is trial 0 with value: 0.11179912090301514.
[I 2023-12-26 13:22:11,231] Trial 17 finished with value: 3.775383234024048 and parameters: {'gradient_clip_val': 0.9955309368441293, 'hidden_size': 8, 'dropout': 0.31521964690657067, 'hidden_continuous_size': 6, 'attention_head_size': 4, 'learning_rate': 0.015442326967996741}. Best is trial 0 with value: 0.11179912090301514.
[I 2023-12-26 13:22:13,325] Trial 18 finished with value: 3.5220727920532227 and parameters: {'gradient_clip_val': 0.6880696218608674, 'hidden_size': 18, 'dropout': 0.1641536101095168, 'hidden_continuous_size': 11, 'attention_head_size': 3, 'learning_rate': 0.0009238222137566784}. Best is trial 0 with value: 0.11179912090301514.
[I 2023-12-26 13:22:15,793] Trial 19 finished with value: 3.599795341491699 and parameters: {'gradient_clip_val': 0.3840816449763023, 'hidden_size': 30, 'dropout': 0.29884775495354093, 'hidden_continuous_size': 13, 'attention_head_size': 2, 'learning_rate': 0.0020047642087304245}. Best is trial 0 with value: 0.11179912090301514.
[I 2023-12-26 13:22:17,707] Trial 20 finished with value: 3.993098020553589 and parameters: {'gradient_clip_val': 0.222581986006789, 'hidden_size': 9, 'dropout': 0.36365898615090625, 'hidden_continuous_size': 6, 'attention_head_size': 1, 'learning_rate': 0.0009585529668850938}. Best is trial 0 with value: 0.11179912090301514.
[I 2023-12-26 13:22:26,070] Trial 21 finished with value: 2.4522690773010254 and parameters: {'gradient_clip_val': 0.12699594216399293, 'hidden_size': 133, 'dropout': 0.10478347584201371, 'hidden_continuous_size': 65, 'attention_head_size': 2, 'learning_rate': 0.08683778526394162}. Best is trial 0 with value: 0.11179912090301514.
[I 2023-12-26 13:22:32,328] Trial 22 finished with value: 3.046705961227417 and parameters: {'gradient_clip_val': 0.12813938308381959, 'hidden_size': 102, 'dropout': 0.1006346479825469, 'hidden_continuous_size': 41, 'attention_head_size': 2, 'learning_rate': 0.055449070712457804}. Best is trial 0 with value: 0.11179912090301514.
[I 2023-12-26 13:22:35,040] Trial 23 finished with value: 4.531158924102783 and parameters: {'gradient_clip_val': 0.19473349588397346, 'hidden_size': 42, 'dropout': 0.14771544110813176, 'hidden_continuous_size': 11, 'attention_head_size': 1, 'learning_rate': 0.02485025187317905}. Best is trial 0 with value: 0.11179912090301514.
[I 2023-12-26 13:22:41,373] Trial 24 finished with value: 1.7980247735977173 and parameters: {'gradient_clip_val': 0.1425352324524832, 'hidden_size': 104, 'dropout': 0.19599997679594905, 'hidden_continuous_size': 53, 'attention_head_size': 2, 'learning_rate': 0.09285226790243543}. Best is trial 0 with value: 0.11179912090301514.
[I 2023-12-26 13:22:50,241] Trial 25 finished with value: 2.6827409267425537 and parameters: {'gradient_clip_val': 0.10717605581625592, 'hidden_size': 139, 'dropout': 0.18679248744819343, 'hidden_continuous_size': 65, 'attention_head_size': 2, 'learning_rate': 0.09736453187716575}. Best is trial 0 with value: 0.11179912090301514.
[I 2023-12-26 13:22:56,661] Trial 26 finished with value: 2.519646167755127 and parameters: {'gradient_clip_val': 0.14045024718853935, 'hidden_size': 99, 'dropout': 0.13205011979177486, 'hidden_continuous_size': 52, 'attention_head_size': 2, 'learning_rate': 0.037051105527775886}. Best is trial 0 with value: 0.11179912090301514.
[I 2023-12-26 13:23:00,814] Trial 27 finished with value: 2.52773380279541 and parameters: {'gradient_clip_val': 0.10080349333330801, 'hidden_size': 69, 'dropout': 0.20611677824868638, 'hidden_continuous_size': 42, 'attention_head_size': 1, 'learning_rate': 0.09714268426511076}. Best is trial 0 with value: 0.11179912090301514.
[I 2023-12-26 13:23:08,247] Trial 28 finished with value: 2.88395619392395 and parameters: {'gradient_clip_val': 0.16557533703460037, 'hidden_size': 113, 'dropout': 0.16814081359231187, 'hidden_continuous_size': 96, 'attention_head_size': 2, 'learning_rate': 0.021919026500690542}. Best is trial 0 with value: 0.11179912090301514.
[I 2023-12-26 13:23:12,552] Trial 29 finished with value: 3.0006115436553955 and parameters: {'gradient_clip_val': 0.13410494684970378, 'hidden_size': 73, 'dropout': 0.12916757271431473, 'hidden_continuous_size': 28, 'attention_head_size': 3, 'learning_rate': 0.009518082541539305}. Best is trial 0 with value: 0.11179912090301514.
[I 2023-12-26 13:23:22,426] Trial 30 finished with value: 3.4285600185394287 and parameters: {'gradient_clip_val': 0.23098407186055692, 'hidden_size': 145, 'dropout': 0.13795102910986448, 'hidden_continuous_size': 119, 'attention_head_size': 1, 'learning_rate': 0.004158758740036759}. Best is trial 0 with value: 0.11179912090301514.
[I 2023-12-26 13:23:28,768] Trial 31 finished with value: 2.7985849380493164 and parameters: {'gradient_clip_val': 0.14410460412156442, 'hidden_size': 101, 'dropout': 0.1223082855481504, 'hidden_continuous_size': 54, 'attention_head_size': 2, 'learning_rate': 0.0441976870249059}. Best is trial 0 with value: 0.11179912090301514.
[I 2023-12-26 13:23:34,248] Trial 32 finished with value: 4.03139591217041 and parameters: {'gradient_clip_val': 0.11890259233634957, 'hidden_size': 90, 'dropout': 0.12492660953937187, 'hidden_continuous_size': 50, 'attention_head_size': 2, 'learning_rate': 0.03472654501207131}. Best is trial 0 with value: 0.11179912090301514.
[I 2023-12-26 13:23:41,459] Trial 33 finished with value: 3.1759440898895264 and parameters: {'gradient_clip_val': 0.14862152385507407, 'hidden_size': 115, 'dropout': 0.1665308584454034, 'hidden_continuous_size': 34, 'attention_head_size': 2, 'learning_rate': 0.07318542637879605}. Best is trial 0 with value: 0.11179912090301514.
[I 2023-12-26 13:23:46,770] Trial 34 finished with value: 3.624751091003418 and parameters: {'gradient_clip_val': 0.18766201016415088, 'hidden_size': 64, 'dropout': 0.18771839424246967, 'hidden_continuous_size': 38, 'attention_head_size': 2, 'learning_rate': 0.03919136587099768}. Best is trial 0 with value: 0.11179912090301514.
[I 2023-12-26 13:23:54,438] Trial 35 finished with value: 3.1688859462738037 and parameters: {'gradient_clip_val': 0.12347472166993659, 'hidden_size': 87, 'dropout': 0.1473651691492056, 'hidden_continuous_size': 52, 'attention_head_size': 3, 'learning_rate': 0.07213681166201535}. Best is trial 0 with value: 0.11179912090301514.
[I 2023-12-26 13:24:02,613] Trial 36 finished with value: 3.4431581497192383 and parameters: {'gradient_clip_val': 0.10016345591981744, 'hidden_size': 117, 'dropout': 0.10057647145511671, 'hidden_continuous_size': 67, 'attention_head_size': 3, 'learning_rate': 0.047786583578566244}. Best is trial 0 with value: 0.11179912090301514.
[I 2023-12-26 13:24:06,702] Trial 37 finished with value: 3.7925329208374023 and parameters: {'gradient_clip_val': 0.15629918317439837, 'hidden_size': 61, 'dropout': 0.1423837694443159, 'hidden_continuous_size': 33, 'attention_head_size': 2, 'learning_rate': 0.03124207430245626}. Best is trial 0 with value: 0.11179912090301514.
[I 2023-12-26 13:24:12,042] Trial 38 finished with value: 2.949608564376831 and parameters: {'gradient_clip_val': 0.13561912766210973, 'hidden_size': 80, 'dropout': 0.12203665040997014, 'hidden_continuous_size': 46, 'attention_head_size': 1, 'learning_rate': 0.07245226707016911}. Best is trial 0 with value: 0.11179912090301514.
[I 2023-12-26 13:24:21,285] Trial 39 finished with value: 1.5188270807266235 and parameters: {'gradient_clip_val': 0.16908563953780803, 'hidden_size': 148, 'dropout': 0.22177268094726993, 'hidden_continuous_size': 22, 'attention_head_size': 2, 'learning_rate': 0.098558524907761}. Best is trial 0 with value: 0.11179912090301514.
[I 2023-12-26 13:24:30,399] Trial 40 finished with value: 2.790252685546875 and parameters: {'gradient_clip_val': 0.11492742977014941, 'hidden_size': 149, 'dropout': 0.22224668689031357, 'hidden_continuous_size': 21, 'attention_head_size': 1, 'learning_rate': 0.09719562571071629}. Best is trial 0 with value: 0.11179912090301514.
[I 2023-12-26 13:24:37,210] Trial 41 finished with value: 4.182068824768066 and parameters: {'gradient_clip_val': 0.17679424594116974, 'hidden_size': 95, 'dropout': 0.17855872180995802, 'hidden_continuous_size': 58, 'attention_head_size': 2, 'learning_rate': 0.052097388332455044}. Best is trial 0 with value: 0.11179912090301514.
[I 2023-12-26 13:24:44,609] Trial 42 finished with value: 2.2317051887512207 and parameters: {'gradient_clip_val': 0.14602509236533467, 'hidden_size': 124, 'dropout': 0.2128973379806875, 'hidden_continuous_size': 27, 'attention_head_size': 2, 'learning_rate': 0.06376691148406173}. Best is trial 0 with value: 0.11179912090301514.
[I 2023-12-26 13:24:52,136] Trial 43 finished with value: 2.936073064804077 and parameters: {'gradient_clip_val': 0.15518258359040918, 'hidden_size': 126, 'dropout': 0.2082396598324625, 'hidden_continuous_size': 29, 'attention_head_size': 2, 'learning_rate': 0.06383171167455819}. Best is trial 0 with value: 0.11179912090301514.
[I 2023-12-26 13:24:59,761] Trial 44 finished with value: 2.6020970344543457 and parameters: {'gradient_clip_val': 0.20546728576270662, 'hidden_size': 125, 'dropout': 0.19383907856127408, 'hidden_continuous_size': 23, 'attention_head_size': 2, 'learning_rate': 0.08186592501395565}. Best is trial 0 with value: 0.11179912090301514.
[I 2023-12-26 13:25:08,559] Trial 45 finished with value: 2.7728097438812256 and parameters: {'gradient_clip_val': 0.17713676978270132, 'hidden_size': 146, 'dropout': 0.24666388590025223, 'hidden_continuous_size': 18, 'attention_head_size': 2, 'learning_rate': 0.054666555451508406}. Best is trial 0 with value: 0.11179912090301514.
[I 2023-12-26 13:25:15,964] Trial 46 finished with value: 3.5035629272460938 and parameters: {'gradient_clip_val': 0.12493237132309044, 'hidden_size': 119, 'dropout': 0.22501259851260527, 'hidden_continuous_size': 23, 'attention_head_size': 1, 'learning_rate': 0.06010931771776263}. Best is trial 0 with value: 0.11179912090301514.
[I 2023-12-26 13:25:21,139] Trial 47 finished with value: 3.0052130222320557 and parameters: {'gradient_clip_val': 0.17033729156871658, 'hidden_size': 85, 'dropout': 0.1761358592334105, 'hidden_continuous_size': 33, 'attention_head_size': 2, 'learning_rate': 0.08088910249832922}. Best is trial 0 with value: 0.11179912090301514.
[I 2023-12-26 13:25:27,055] Trial 48 finished with value: 3.438805341720581 and parameters: {'gradient_clip_val': 0.25975881117810334, 'hidden_size': 100, 'dropout': 0.25538135385217925, 'hidden_continuous_size': 16, 'attention_head_size': 3, 'learning_rate': 0.04497578335839689}. Best is trial 0 with value: 0.11179912090301514.
[I 2023-12-26 13:25:31,669] Trial 49 finished with value: 2.802628517150879 and parameters: {'gradient_clip_val': 0.16069439702906924, 'hidden_size': 74, 'dropout': 0.21611676667756782, 'hidden_continuous_size': 20, 'attention_head_size': 2, 'learning_rate': 0.06399291088312847}. Best is trial 0 with value: 0.11179912090301514.
[I 2023-12-26 13:25:31,796] A new study created in memory with name: no-name-43249579-d64c-4f50-9ace-fceaa6e2705c
/home/le004/conda/anaconda3/envs/tsff_env/lib/python3.9/site-packages/lightning/fabric/plugins/environments/slurm.py:191: The `srun` command is available on your system but is not used. HINT: If your intention is to run Lightning on SLURM, prepend your python command with `srun` like so: srun python /home/le004/master_thesis/git/TSFusionForecast/code/ ...
[I 2023-12-26 13:36:50,522] Trial 0 finished with value: 0.07697436213493347 and parameters: {'gradient_clip_val': 0.15534723062030262, 'hidden_size': 88, 'dropout': 0.37838911928450103, 'hidden_continuous_size': 76, 'attention_head_size': 3, 'learning_rate': 0.0054172754239485}. Best is trial 0 with value: 0.07697436213493347.
[I 2023-12-26 13:36:55,382] Trial 1 finished with value: 3.004486322402954 and parameters: {'gradient_clip_val': 0.3010797288984308, 'hidden_size': 79, 'dropout': 0.19607391031931362, 'hidden_continuous_size': 15, 'attention_head_size': 1, 'learning_rate': 0.0016542291026236885}. Best is trial 0 with value: 0.07697436213493347.
[I 2023-12-26 13:36:57,298] Trial 2 finished with value: 3.199385643005371 and parameters: {'gradient_clip_val': 0.19975175263602113, 'hidden_size': 7, 'dropout': 0.36173801810035955, 'hidden_continuous_size': 7, 'attention_head_size': 1, 'learning_rate': 0.012810413549887524}. Best is trial 0 with value: 0.07697436213493347.
[I 2023-12-26 13:37:01,477] Trial 3 finished with value: 3.184817314147949 and parameters: {'gradient_clip_val': 0.20320647721257892, 'hidden_size': 65, 'dropout': 0.41044802389898816, 'hidden_continuous_size': 54, 'attention_head_size': 4, 'learning_rate': 0.0010907545073004375}. Best is trial 0 with value: 0.07697436213493347.
[I 2023-12-26 13:37:07,750] Trial 4 finished with value: 3.1593568325042725 and parameters: {'gradient_clip_val': 0.1862687053709521, 'hidden_size': 98, 'dropout': 0.14237715743788387, 'hidden_continuous_size': 59, 'attention_head_size': 4, 'learning_rate': 0.0009712761845176662}. Best is trial 0 with value: 0.07697436213493347.
[I 2023-12-26 13:37:09,424] Trial 5 finished with value: 3.4501707553863525 and parameters: {'gradient_clip_val': 0.13819300264409248, 'hidden_size': 8, 'dropout': 0.20425666200067122, 'hidden_continuous_size': 8, 'attention_head_size': 1, 'learning_rate': 0.0010876805029900302}. Best is trial 0 with value: 0.07697436213493347.
[I 2023-12-26 13:37:11,071] Trial 6 finished with value: 3.3138439655303955 and parameters: {'gradient_clip_val': 0.862561073741491, 'hidden_size': 5, 'dropout': 0.13286646440290603, 'hidden_continuous_size': 5, 'attention_head_size': 1, 'learning_rate': 0.0029862761074538587}. Best is trial 0 with value: 0.07697436213493347.
[I 2023-12-26 13:37:13,077] Trial 7 finished with value: 3.131378412246704 and parameters: {'gradient_clip_val': 0.12514499271446186, 'hidden_size': 10, 'dropout': 0.10902983027983103, 'hidden_continuous_size': 9, 'attention_head_size': 4, 'learning_rate': 0.0008311937046939894}. Best is trial 0 with value: 0.07697436213493347.
[I 2023-12-26 13:37:18,018] Trial 8 finished with value: 2.5410268306732178 and parameters: {'gradient_clip_val': 0.17104489998066535, 'hidden_size': 83, 'dropout': 0.37550743369755124, 'hidden_continuous_size': 25, 'attention_head_size': 1, 'learning_rate': 0.014524760190256397}. Best is trial 0 with value: 0.07697436213493347.
[I 2023-12-26 13:37:20,431] Trial 9 finished with value: 3.06408953666687 and parameters: {'gradient_clip_val': 0.7086302711672736, 'hidden_size': 27, 'dropout': 0.17409536978391033, 'hidden_continuous_size': 10, 'attention_head_size': 4, 'learning_rate': 0.06569375226689625}. Best is trial 0 with value: 0.07697436213493347.
[I 2023-12-26 13:37:23,105] Trial 10 finished with value: 2.3471055030822754 and parameters: {'gradient_clip_val': 0.3446988440443172, 'hidden_size': 40, 'dropout': 0.49258489892224605, 'hidden_continuous_size': 25, 'attention_head_size': 3, 'learning_rate': 0.0036457541886966097}. Best is trial 0 with value: 0.07697436213493347.
[I 2023-12-26 13:37:26,068] Trial 11 finished with value: 3.0352563858032227 and parameters: {'gradient_clip_val': 0.10295993507226693, 'hidden_size': 44, 'dropout': 0.4964562570162919, 'hidden_continuous_size': 30, 'attention_head_size': 3, 'learning_rate': 0.005071503958237622}. Best is trial 0 with value: 0.07697436213493347.
[I 2023-12-26 13:37:34,754] Trial 12 finished with value: 2.6752071380615234 and parameters: {'gradient_clip_val': 0.35608742859453313, 'hidden_size': 123, 'dropout': 0.4963864790302789, 'hidden_continuous_size': 117, 'attention_head_size': 3, 'learning_rate': 0.0033876767232043814}. Best is trial 0 with value: 0.07697436213493347.
[I 2023-12-26 13:37:45,117] Trial 13 finished with value: 2.210871934890747 and parameters: {'gradient_clip_val': 0.33314402613317956, 'hidden_size': 143, 'dropout': 0.2884110406151377, 'hidden_continuous_size': 137, 'attention_head_size': 2, 'learning_rate': 0.007626429903963516}. Best is trial 0 with value: 0.07697436213493347.
[I 2023-12-26 13:37:55,119] Trial 14 finished with value: 3.5221903324127197 and parameters: {'gradient_clip_val': 0.26397101517594135, 'hidden_size': 137, 'dropout': 0.2788410257800843, 'hidden_continuous_size': 136, 'attention_head_size': 2, 'learning_rate': 0.009487438602402804}. Best is trial 0 with value: 0.07697436213493347.
