[I 2023-12-15 17:03:13,239] Trial 4 finished with value: 0.08847220987081528 and parameters: {'gradient_clip_val': 0.1631121110545031, 'hidden_size': 5, 'dropout': 0.35854640940414406, 'hidden_continuous_size': 5, 'attention_head_size': 2, 'learning_rate': 0.03294260971426398}. Best is trial 1 with value: 0.07112196087837219.
LOCAL_RANK: 0 - CUDA_VISIBLE_DEVICES: [0]
[I 2023-12-15 17:03:56,919] Trial 5 finished with value: 0.2816499173641205 and parameters: {'gradient_clip_val': 0.11883496511018518, 'hidden_size': 8, 'dropout': 0.32037477902189376, 'hidden_continuous_size': 5, 'attention_head_size': 2, 'learning_rate': 0.003082847483962658}. Best is trial 1 with value: 0.07112196087837219.
LOCAL_RANK: 0 - CUDA_VISIBLE_DEVICES: [0]
[I 2023-12-15 17:04:31,187] Trial 6 finished with value: 1.885419249534607 and parameters: {'gradient_clip_val': 0.5733532356842355, 'hidden_size': 7, 'dropout': 0.25462586991988934, 'hidden_continuous_size': 7, 'attention_head_size': 2, 'learning_rate': 0.0007159397985222582}. Best is trial 1 with value: 0.07112196087837219.
LOCAL_RANK: 0 - CUDA_VISIBLE_DEVICES: [0]
[I 2023-12-15 17:05:24,695] Trial 7 finished with value: 0.13250663876533508 and parameters: {'gradient_clip_val': 0.12995029118724497, 'hidden_size': 62, 'dropout': 0.2598283499444334, 'hidden_continuous_size': 8, 'attention_head_size': 4, 'learning_rate': 0.0020907187344468645}. Best is trial 1 with value: 0.07112196087837219.
LOCAL_RANK: 0 - CUDA_VISIBLE_DEVICES: [0]
[I 2023-12-15 17:06:09,199] Trial 8 finished with value: 0.0611860454082489 and parameters: {'gradient_clip_val': 0.1858627212905519, 'hidden_size': 8, 'dropout': 0.12089575257472471, 'hidden_continuous_size': 7, 'attention_head_size': 3, 'learning_rate': 0.09286401640937877}. Best is trial 8 with value: 0.0611860454082489.
LOCAL_RANK: 0 - CUDA_VISIBLE_DEVICES: [0]
[I 2023-12-15 17:06:56,950] Trial 9 finished with value: 0.13629616796970367 and parameters: {'gradient_clip_val': 0.10638713821262838, 'hidden_size': 21, 'dropout': 0.13197846072614508, 'hidden_continuous_size': 5, 'attention_head_size': 3, 'learning_rate': 0.036322180251680124}. Best is trial 8 with value: 0.0611860454082489.
LOCAL_RANK: 0 - CUDA_VISIBLE_DEVICES: [0]
[I 2023-12-15 17:07:40,589] Trial 10 finished with value: 0.0727316364645958 and parameters: {'gradient_clip_val': 0.23157585177280682, 'hidden_size': 12, 'dropout': 0.10078373731292856, 'hidden_continuous_size': 6, 'attention_head_size': 1, 'learning_rate': 0.08294927046581611}. Best is trial 8 with value: 0.0611860454082489.
LOCAL_RANK: 0 - CUDA_VISIBLE_DEVICES: [0]
[I 2023-12-15 17:08:26,844] Trial 11 finished with value: 0.09772805124521255 and parameters: {'gradient_clip_val': 0.8299886422083952, 'hidden_size': 13, 'dropout': 0.18606515513867666, 'hidden_continuous_size': 9, 'attention_head_size': 3, 'learning_rate': 0.08423885933451733}. Best is trial 8 with value: 0.0611860454082489.
LOCAL_RANK: 0 - CUDA_VISIBLE_DEVICES: [0]
[I 2023-12-15 17:09:11,992] Trial 12 finished with value: 0.07607365399599075 and parameters: {'gradient_clip_val': 0.28476611712705935, 'hidden_size': 12, 'dropout': 0.3110699343158638, 'hidden_continuous_size': 9, 'attention_head_size': 4, 'learning_rate': 0.01976611413330107}. Best is trial 8 with value: 0.0611860454082489.
LOCAL_RANK: 0 - CUDA_VISIBLE_DEVICES: [0]
[I 2023-12-15 17:09:59,747] Trial 13 finished with value: 0.08105673640966415 and parameters: {'gradient_clip_val': 0.20311723779139296, 'hidden_size': 20, 'dropout': 0.39845461357888623, 'hidden_continuous_size': 11, 'attention_head_size': 3, 'learning_rate': 0.013427667750188868}. Best is trial 8 with value: 0.0611860454082489.
LOCAL_RANK: 0 - CUDA_VISIBLE_DEVICES: [0]
[I 2023-12-15 17:10:58,042] Trial 14 finished with value: 0.11320924758911133 and parameters: {'gradient_clip_val': 0.30498692620486895, 'hidden_size': 97, 'dropout': 0.20749850188471303, 'hidden_continuous_size': 75, 'attention_head_size': 4, 'learning_rate': 0.09973869143388762}. Best is trial 8 with value: 0.0611860454082489.
LOCAL_RANK: 0 - CUDA_VISIBLE_DEVICES: [0]
[I 2023-12-15 17:11:43,574] Trial 15 finished with value: 0.07688809186220169 and parameters: {'gradient_clip_val': 0.9472561630233044, 'hidden_size': 9, 'dropout': 0.14146326577021526, 'hidden_continuous_size': 6, 'attention_head_size': 3, 'learning_rate': 0.042283475692647836}. Best is trial 8 with value: 0.0611860454082489.
LOCAL_RANK: 0 - CUDA_VISIBLE_DEVICES: [0]
[I 2023-12-15 17:12:29,785] Trial 16 finished with value: 0.07729393988847733 and parameters: {'gradient_clip_val': 0.36008679851551817, 'hidden_size': 15, 'dropout': 0.2117684747527348, 'hidden_continuous_size': 7, 'attention_head_size': 4, 'learning_rate': 0.019077721496196676}. Best is trial 8 with value: 0.0611860454082489.
LOCAL_RANK: 0 - CUDA_VISIBLE_DEVICES: [0]
[I 2023-12-15 17:13:15,192] Trial 17 finished with value: 0.07222109287977219 and parameters: {'gradient_clip_val': 0.1971600910386554, 'hidden_size': 9, 'dropout': 0.29167586478562296, 'hidden_continuous_size': 6, 'attention_head_size': 3, 'learning_rate': 0.05233664877903572}. Best is trial 8 with value: 0.0611860454082489.
LOCAL_RANK: 0 - CUDA_VISIBLE_DEVICES: [0]
[I 2023-12-15 17:14:01,848] Trial 18 finished with value: 0.12241217494010925 and parameters: {'gradient_clip_val': 0.1507950391387824, 'hidden_size': 17, 'dropout': 0.22941901633426748, 'hidden_continuous_size': 10, 'attention_head_size': 1, 'learning_rate': 0.02600825403464233}. Best is trial 8 with value: 0.0611860454082489.
LOCAL_RANK: 0 - CUDA_VISIBLE_DEVICES: [0]
[I 2023-12-15 17:14:50,436] Trial 19 finished with value: 0.049984097480773926 and parameters: {'gradient_clip_val': 0.2583337470044809, 'hidden_size': 28, 'dropout': 0.24205525515216794, 'hidden_continuous_size': 13, 'attention_head_size': 4, 'learning_rate': 0.011766865477276947}. Best is trial 19 with value: 0.049984097480773926.
LOCAL_RANK: 0 - CUDA_VISIBLE_DEVICES: [0]
[I 2023-12-15 17:15:40,083] Trial 20 finished with value: 0.0801815390586853 and parameters: {'gradient_clip_val': 0.2619983532637129, 'hidden_size': 31, 'dropout': 0.16006065713901457, 'hidden_continuous_size': 11, 'attention_head_size': 3, 'learning_rate': 0.010219071735857592}. Best is trial 19 with value: 0.049984097480773926.
LOCAL_RANK: 0 - CUDA_VISIBLE_DEVICES: [0]
[I 2023-12-15 17:16:29,967] Trial 21 finished with value: 0.05699066445231438 and parameters: {'gradient_clip_val': 0.22195723923353236, 'hidden_size': 25, 'dropout': 0.19750173594135545, 'hidden_continuous_size': 13, 'attention_head_size': 4, 'learning_rate': 0.014388483533289132}. Best is trial 19 with value: 0.049984097480773926.
LOCAL_RANK: 0 - CUDA_VISIBLE_DEVICES: [0]
[I 2023-12-15 17:17:19,921] Trial 22 finished with value: 0.06803985685110092 and parameters: {'gradient_clip_val': 0.19090623741624813, 'hidden_size': 27, 'dropout': 0.19419340409676278, 'hidden_continuous_size': 13, 'attention_head_size': 4, 'learning_rate': 0.005738422326258385}. Best is trial 19 with value: 0.049984097480773926.
LOCAL_RANK: 0 - CUDA_VISIBLE_DEVICES: [0]
[I 2023-12-15 17:18:09,282] Trial 23 finished with value: 0.08070138841867447 and parameters: {'gradient_clip_val': 0.24109774282238783, 'hidden_size': 26, 'dropout': 0.23205918159634376, 'hidden_continuous_size': 13, 'attention_head_size': 4, 'learning_rate': 0.013388068175201563}. Best is trial 19 with value: 0.049984097480773926.
LOCAL_RANK: 0 - CUDA_VISIBLE_DEVICES: [0]
[I 2023-12-15 17:19:01,965] Trial 24 finished with value: 0.07630374282598495 and parameters: {'gradient_clip_val': 0.34521953337835476, 'hidden_size': 41, 'dropout': 0.17252278330067594, 'hidden_continuous_size': 15, 'attention_head_size': 3, 'learning_rate': 0.053641614482426665}. Best is trial 19 with value: 0.049984097480773926.
LOCAL_RANK: 0 - CUDA_VISIBLE_DEVICES: [0]
[I 2023-12-15 17:19:50,197] Trial 25 finished with value: 0.0974988117814064 and parameters: {'gradient_clip_val': 0.16353950949253934, 'hidden_size': 24, 'dropout': 0.10194019654866199, 'hidden_continuous_size': 8, 'attention_head_size': 4, 'learning_rate': 0.01360718374577757}. Best is trial 19 with value: 0.049984097480773926.
LOCAL_RANK: 0 - CUDA_VISIBLE_DEVICES: [0]
[I 2023-12-15 17:20:43,140] Trial 26 finished with value: 0.0840499997138977 and parameters: {'gradient_clip_val': 0.22162137890174333, 'hidden_size': 46, 'dropout': 0.19923721380346723, 'hidden_continuous_size': 17, 'attention_head_size': 3, 'learning_rate': 0.030667577512386083}. Best is trial 19 with value: 0.049984097480773926.
LOCAL_RANK: 0 - CUDA_VISIBLE_DEVICES: [0]
[I 2023-12-15 17:21:32,629] Trial 27 finished with value: 0.07428348809480667 and parameters: {'gradient_clip_val': 0.2601943098181579, 'hidden_size': 21, 'dropout': 0.14686474949945566, 'hidden_continuous_size': 10, 'attention_head_size': 4, 'learning_rate': 0.004043987955628348}. Best is trial 19 with value: 0.049984097480773926.
LOCAL_RANK: 0 - CUDA_VISIBLE_DEVICES: [0]
[I 2023-12-15 17:22:19,882] Trial 28 finished with value: 0.06676936149597168 and parameters: {'gradient_clip_val': 0.17736924129953496, 'hidden_size': 17, 'dropout': 0.12588920205699589, 'hidden_continuous_size': 8, 'attention_head_size': 4, 'learning_rate': 0.008303157760973033}. Best is trial 19 with value: 0.049984097480773926.
LOCAL_RANK: 0 - CUDA_VISIBLE_DEVICES: [0]
[I 2023-12-15 17:23:08,287] Trial 29 finished with value: 0.08250721544027328 and parameters: {'gradient_clip_val': 0.13725962996292515, 'hidden_size': 32, 'dropout': 0.16959069872074406, 'hidden_continuous_size': 12, 'attention_head_size': 3, 'learning_rate': 0.05767646700166938}. Best is trial 19 with value: 0.049984097480773926.
LOCAL_RANK: 0 - CUDA_VISIBLE_DEVICES: [0]
[I 2023-12-15 17:23:56,597] Trial 30 finished with value: 0.09002450853586197 and parameters: {'gradient_clip_val': 0.20388120230157086, 'hidden_size': 24, 'dropout': 0.15890511184824604, 'hidden_continuous_size': 12, 'attention_head_size': 4, 'learning_rate': 0.024286900237242413}. Best is trial 19 with value: 0.049984097480773926.
LOCAL_RANK: 0 - CUDA_VISIBLE_DEVICES: [0]
[I 2023-12-15 17:24:42,018] Trial 31 finished with value: 0.0783078670501709 and parameters: {'gradient_clip_val': 0.17298785074877182, 'hidden_size': 16, 'dropout': 0.1264672567560754, 'hidden_continuous_size': 7, 'attention_head_size': 4, 'learning_rate': 0.00923060430419777}. Best is trial 19 with value: 0.049984097480773926.
LOCAL_RANK: 0 - CUDA_VISIBLE_DEVICES: [0]
[I 2023-12-15 17:25:28,826] Trial 32 finished with value: 0.07087352871894836 and parameters: {'gradient_clip_val': 0.17839538968679944, 'hidden_size': 17, 'dropout': 0.12337570834907398, 'hidden_continuous_size': 8, 'attention_head_size': 4, 'learning_rate': 0.006489778721998124}. Best is trial 19 with value: 0.049984097480773926.
LOCAL_RANK: 0 - CUDA_VISIBLE_DEVICES: [0]
[I 2023-12-15 17:26:16,936] Trial 33 finished with value: 0.06315035372972488 and parameters: {'gradient_clip_val': 0.22420485241183058, 'hidden_size': 20, 'dropout': 0.11730869402064265, 'hidden_continuous_size': 9, 'attention_head_size': 4, 'learning_rate': 0.017084969637247656}. Best is trial 19 with value: 0.049984097480773926.
LOCAL_RANK: 0 - CUDA_VISIBLE_DEVICES: [0]
[I 2023-12-15 17:27:03,633] Trial 34 finished with value: 0.07086268812417984 and parameters: {'gradient_clip_val': 0.23210224042494962, 'hidden_size': 14, 'dropout': 0.1783120065529415, 'hidden_continuous_size': 9, 'attention_head_size': 4, 'learning_rate': 0.01586059766759445}. Best is trial 19 with value: 0.049984097480773926.
LOCAL_RANK: 0 - CUDA_VISIBLE_DEVICES: [0]
[I 2023-12-15 17:27:52,279] Trial 35 finished with value: 0.08603943139314651 and parameters: {'gradient_clip_val': 0.2766921830950065, 'hidden_size': 19, 'dropout': 0.15118511066106669, 'hidden_continuous_size': 10, 'attention_head_size': 3, 'learning_rate': 0.023537046447405445}. Best is trial 19 with value: 0.049984097480773926.
LOCAL_RANK: 0 - CUDA_VISIBLE_DEVICES: [0]
[I 2023-12-15 17:28:38,516] Trial 36 finished with value: 0.09755814075469971 and parameters: {'gradient_clip_val': 0.33553042168578107, 'hidden_size': 11, 'dropout': 0.18862628272253318, 'hidden_continuous_size': 7, 'attention_head_size': 4, 'learning_rate': 0.011956779540190894}. Best is trial 19 with value: 0.049984097480773926.
LOCAL_RANK: 0 - CUDA_VISIBLE_DEVICES: [0]
[I 2023-12-15 17:29:12,436] Trial 37 finished with value: 0.09809169918298721 and parameters: {'gradient_clip_val': 0.4492743749414384, 'hidden_size': 5, 'dropout': 0.23496637733541637, 'hidden_continuous_size': 5, 'attention_head_size': 2, 'learning_rate': 0.017250318783722032}. Best is trial 19 with value: 0.049984097480773926.
LOCAL_RANK: 0 - CUDA_VISIBLE_DEVICES: [0]
[I 2023-12-15 17:30:02,197] Trial 38 finished with value: 0.08926301449537277 and parameters: {'gradient_clip_val': 0.15286344904333143, 'hidden_size': 29, 'dropout': 0.21375504522482963, 'hidden_continuous_size': 15, 'attention_head_size': 4, 'learning_rate': 0.0077842352891362996}. Best is trial 19 with value: 0.049984097480773926.
LOCAL_RANK: 0 - CUDA_VISIBLE_DEVICES: [0]
[I 2023-12-15 17:30:47,178] Trial 39 finished with value: 0.1468828171491623 and parameters: {'gradient_clip_val': 0.2211284685100436, 'hidden_size': 6, 'dropout': 0.2469383961169567, 'hidden_continuous_size': 5, 'attention_head_size': 2, 'learning_rate': 0.03161539261921953}. Best is trial 19 with value: 0.049984097480773926.
LOCAL_RANK: 0 - CUDA_VISIBLE_DEVICES: [0]
[I 2023-12-15 17:31:38,959] Trial 40 finished with value: 0.0804467648267746 and parameters: {'gradient_clip_val': 0.30181963028395725, 'hidden_size': 37, 'dropout': 0.11348711441053007, 'hidden_continuous_size': 17, 'attention_head_size': 1, 'learning_rate': 0.009887272382345706}. Best is trial 19 with value: 0.049984097480773926.
LOCAL_RANK: 0 - CUDA_VISIBLE_DEVICES: [0]
[I 2023-12-15 17:32:28,505] Trial 41 finished with value: 0.10670909285545349 and parameters: {'gradient_clip_val': 0.18219780279350214, 'hidden_size': 22, 'dropout': 0.13666686130708205, 'hidden_continuous_size': 9, 'attention_head_size': 4, 'learning_rate': 0.007613021800621484}. Best is trial 19 with value: 0.049984097480773926.
LOCAL_RANK: 0 - CUDA_VISIBLE_DEVICES: [0]
[I 2023-12-15 17:33:16,746] Trial 42 finished with value: 0.061207596212625504 and parameters: {'gradient_clip_val': 0.25523202822311153, 'hidden_size': 19, 'dropout': 0.11406367259941161, 'hidden_continuous_size': 8, 'attention_head_size': 4, 'learning_rate': 0.005406684206510202}. Best is trial 19 with value: 0.049984097480773926.
LOCAL_RANK: 0 - CUDA_VISIBLE_DEVICES: [0]
[I 2023-12-15 17:34:04,884] Trial 43 finished with value: 0.09401769191026688 and parameters: {'gradient_clip_val': 0.25243989237036885, 'hidden_size': 19, 'dropout': 0.11093803334947258, 'hidden_continuous_size': 8, 'attention_head_size': 4, 'learning_rate': 0.0048318104429935374}. Best is trial 19 with value: 0.049984097480773926.
LOCAL_RANK: 0 - CUDA_VISIBLE_DEVICES: [0]
[I 2023-12-15 17:34:53,670] Trial 44 finished with value: 0.06771516054868698 and parameters: {'gradient_clip_val': 0.21524102099455591, 'hidden_size': 28, 'dropout': 0.142053535444445, 'hidden_continuous_size': 11, 'attention_head_size': 4, 'learning_rate': 0.0020130375339953593}. Best is trial 19 with value: 0.049984097480773926.
LOCAL_RANK: 0 - CUDA_VISIBLE_DEVICES: [0]
[I 2023-12-15 17:35:39,736] Trial 45 finished with value: 0.1155720129609108 and parameters: {'gradient_clip_val': 0.24156833692564086, 'hidden_size': 14, 'dropout': 0.11397379850455319, 'hidden_continuous_size': 7, 'attention_head_size': 3, 'learning_rate': 0.019467892037686976}. Best is trial 19 with value: 0.049984097480773926.
LOCAL_RANK: 0 - CUDA_VISIBLE_DEVICES: [0]
[I 2023-12-15 17:36:28,146] Trial 46 finished with value: 0.09721068292856216 and parameters: {'gradient_clip_val': 0.28733337516120094, 'hidden_size': 24, 'dropout': 0.16255562574170057, 'hidden_continuous_size': 9, 'attention_head_size': 4, 'learning_rate': 0.011249539236366042}. Best is trial 19 with value: 0.049984097480773926.
LOCAL_RANK: 0 - CUDA_VISIBLE_DEVICES: [0]
[I 2023-12-15 17:37:14,642] Trial 47 finished with value: 0.07038924843072891 and parameters: {'gradient_clip_val': 0.27277222556034636, 'hidden_size': 11, 'dropout': 0.10111696696963882, 'hidden_continuous_size': 8, 'attention_head_size': 4, 'learning_rate': 0.016652024934539506}. Best is trial 19 with value: 0.049984097480773926.
LOCAL_RANK: 0 - CUDA_VISIBLE_DEVICES: [0]
[I 2023-12-15 17:37:59,983] Trial 48 finished with value: 0.10558249801397324 and parameters: {'gradient_clip_val': 0.21231451690381303, 'hidden_size': 6, 'dropout': 0.13347922498118509, 'hidden_continuous_size': 5, 'attention_head_size': 3, 'learning_rate': 0.039013066415926854}. Best is trial 19 with value: 0.049984097480773926.
LOCAL_RANK: 0 - CUDA_VISIBLE_DEVICES: [0]
[I 2023-12-15 17:38:48,167] Trial 49 finished with value: 0.09542328119277954 and parameters: {'gradient_clip_val': 0.20327006000872538, 'hidden_size': 20, 'dropout': 0.14841803401752754, 'hidden_continuous_size': 11, 'attention_head_size': 4, 'learning_rate': 0.006922386544925747}. Best is trial 19 with value: 0.049984097480773926.
[I 2023-12-15 17:38:48,261] A new study created in memory with name: no-name-ec98d053-6cf4-4ba5-9d60-0c3062d222d9
/home/le004/conda/anaconda3/envs/tsff_env/lib/python3.9/site-packages/lightning/fabric/plugins/environments/slurm.py:191: The `srun` command is available on your system but is not used. HINT: If your intention is to run Lightning on SLURM, prepend your python command with `srun` like so: srun python /home/le004/master_thesis/git/TSFusionForecast/code/ ...
LOCAL_RANK: 0 - CUDA_VISIBLE_DEVICES: [0]
[I 2023-12-15 17:39:33,427] Trial 0 finished with value: 0.050978463143110275 and parameters: {'gradient_clip_val': 0.28289627236878906, 'hidden_size': 14, 'dropout': 0.32270771337837, 'hidden_continuous_size': 6, 'attention_head_size': 2, 'learning_rate': 0.044893999801171224}. Best is trial 0 with value: 0.050978463143110275.
LOCAL_RANK: 0 - CUDA_VISIBLE_DEVICES: [0]
[I 2023-12-15 17:40:17,710] Trial 1 finished with value: 0.035186026245355606 and parameters: {'gradient_clip_val': 0.6328147091019825, 'hidden_size': 16, 'dropout': 0.2069451784225983, 'hidden_continuous_size': 6, 'attention_head_size': 2, 'learning_rate': 0.006830034926207352}. Best is trial 1 with value: 0.035186026245355606.
LOCAL_RANK: 0 - CUDA_VISIBLE_DEVICES: [0]
[I 2023-12-15 17:41:03,237] Trial 2 finished with value: 0.5050147175788879 and parameters: {'gradient_clip_val': 0.48475807769088913, 'hidden_size': 12, 'dropout': 0.38776365153459813, 'hidden_continuous_size': 10, 'attention_head_size': 4, 'learning_rate': 0.0010888144460958172}. Best is trial 1 with value: 0.035186026245355606.
LOCAL_RANK: 0 - CUDA_VISIBLE_DEVICES: [0]
[I 2023-12-15 17:41:56,060] Trial 3 finished with value: 0.04131702333688736 and parameters: {'gradient_clip_val': 0.15848140787555715, 'hidden_size': 56, 'dropout': 0.304608907337473, 'hidden_continuous_size': 15, 'attention_head_size': 3, 'learning_rate': 0.03362061492205655}. Best is trial 1 with value: 0.035186026245355606.
LOCAL_RANK: 0 - CUDA_VISIBLE_DEVICES: [0]
[I 2023-12-15 17:42:39,894] Trial 4 finished with value: 0.17060144245624542 and parameters: {'gradient_clip_val': 0.12861034398621607, 'hidden_size': 8, 'dropout': 0.10460716605444836, 'hidden_continuous_size': 5, 'attention_head_size': 2, 'learning_rate': 0.0033955107034173075}. Best is trial 1 with value: 0.035186026245355606.
LOCAL_RANK: 0 - CUDA_VISIBLE_DEVICES: [0]
[I 2023-12-15 17:43:26,120] Trial 5 finished with value: 0.4684011936187744 and parameters: {'gradient_clip_val': 0.3579015060609607, 'hidden_size': 15, 'dropout': 0.32221111529761254, 'hidden_continuous_size': 5, 'attention_head_size': 4, 'learning_rate': 0.0006711549036934638}. Best is trial 1 with value: 0.035186026245355606.
LOCAL_RANK: 0 - CUDA_VISIBLE_DEVICES: [0]
[I 2023-12-15 17:44:19,591] Trial 6 finished with value: 0.07083906978368759 and parameters: {'gradient_clip_val': 0.4131070444972998, 'hidden_size': 81, 'dropout': 0.37999788849998184, 'hidden_continuous_size': 7, 'attention_head_size': 4, 'learning_rate': 0.09430864539645106}. Best is trial 1 with value: 0.035186026245355606.
LOCAL_RANK: 0 - CUDA_VISIBLE_DEVICES: [0]
[I 2023-12-15 17:45:08,241] Trial 7 finished with value: 0.15466423332691193 and parameters: {'gradient_clip_val': 0.2932020995194454, 'hidden_size': 29, 'dropout': 0.25957869976458403, 'hidden_continuous_size': 6, 'attention_head_size': 2, 'learning_rate': 0.0006195762434785801}. Best is trial 1 with value: 0.035186026245355606.
LOCAL_RANK: 0 - CUDA_VISIBLE_DEVICES: [0]
[I 2023-12-15 17:45:53,793] Trial 8 finished with value: 0.03143206238746643 and parameters: {'gradient_clip_val': 0.2028808117417121, 'hidden_size': 14, 'dropout': 0.3483525356882148, 'hidden_continuous_size': 6, 'attention_head_size': 3, 'learning_rate': 0.0455428692057714}. Best is trial 8 with value: 0.03143206238746643.
LOCAL_RANK: 0 - CUDA_VISIBLE_DEVICES: [0]
[I 2023-12-15 17:46:41,898] Trial 9 finished with value: 0.035271648317575455 and parameters: {'gradient_clip_val': 0.16952179287242466, 'hidden_size': 24, 'dropout': 0.3598343519867713, 'hidden_continuous_size': 5, 'attention_head_size': 4, 'learning_rate': 0.0478720270871068}. Best is trial 8 with value: 0.03143206238746643.
LOCAL_RANK: 0 - CUDA_VISIBLE_DEVICES: [0]
[I 2023-12-15 17:47:15,456] Trial 10 finished with value: 0.0460868775844574 and parameters: {'gradient_clip_val': 0.10443839826476997, 'hidden_size': 5, 'dropout': 0.398150746436708, 'hidden_continuous_size': 5, 'attention_head_size': 1, 'learning_rate': 0.019222897831576782}. Best is trial 8 with value: 0.03143206238746643.
LOCAL_RANK: 0 - CUDA_VISIBLE_DEVICES: [0]
