[I 2023-12-26 12:29:13,462] Trial 38 finished with value: 12.324214935302734 and parameters: {'gradient_clip_val': 0.11874608663307323, 'hidden_size': 13, 'dropout': 0.29885992645594184, 'hidden_continuous_size': 8, 'attention_head_size': 4, 'learning_rate': 0.017674639944551585}. Best is trial 0 with value: 3.373854875564575.
[I 2023-12-26 12:29:15,570] Trial 39 finished with value: 10.840378761291504 and parameters: {'gradient_clip_val': 0.48176501426821894, 'hidden_size': 17, 'dropout': 0.124761452028507, 'hidden_continuous_size': 10, 'attention_head_size': 3, 'learning_rate': 0.0013811117762983823}. Best is trial 0 with value: 3.373854875564575.
[I 2023-12-26 12:29:17,589] Trial 40 finished with value: 13.264649391174316 and parameters: {'gradient_clip_val': 0.18107511622075204, 'hidden_size': 10, 'dropout': 0.16139624125664082, 'hidden_continuous_size': 6, 'attention_head_size': 1, 'learning_rate': 0.01079585717098972}. Best is trial 0 with value: 3.373854875564575.
[I 2023-12-26 12:29:19,720] Trial 41 finished with value: 12.582322120666504 and parameters: {'gradient_clip_val': 0.5072291829308633, 'hidden_size': 9, 'dropout': 0.3335132868695326, 'hidden_continuous_size': 5, 'attention_head_size': 2, 'learning_rate': 0.012664535520739529}. Best is trial 0 with value: 3.373854875564575.
[I 2023-12-26 12:29:21,788] Trial 42 finished with value: 11.390151977539062 and parameters: {'gradient_clip_val': 0.5880666378653598, 'hidden_size': 6, 'dropout': 0.18030934306405372, 'hidden_continuous_size': 5, 'attention_head_size': 2, 'learning_rate': 0.009147051459243482}. Best is trial 0 with value: 3.373854875564575.
[I 2023-12-26 12:29:23,685] Trial 43 finished with value: 13.719093322753906 and parameters: {'gradient_clip_val': 0.7178420813411973, 'hidden_size': 7, 'dropout': 0.23571114228556422, 'hidden_continuous_size': 5, 'attention_head_size': 2, 'learning_rate': 0.013683335166299845}. Best is trial 0 with value: 3.373854875564575.
[I 2023-12-26 12:29:25,562] Trial 44 finished with value: 13.13144302368164 and parameters: {'gradient_clip_val': 0.3705716999656929, 'hidden_size': 6, 'dropout': 0.3737405324474462, 'hidden_continuous_size': 5, 'attention_head_size': 2, 'learning_rate': 0.0052442837091214636}. Best is trial 0 with value: 3.373854875564575.
[I 2023-12-26 12:29:27,438] Trial 45 finished with value: 9.64557933807373 and parameters: {'gradient_clip_val': 0.11041798934441527, 'hidden_size': 8, 'dropout': 0.3959742052307331, 'hidden_continuous_size': 6, 'attention_head_size': 3, 'learning_rate': 0.019269021570558962}. Best is trial 0 with value: 3.373854875564575.
[I 2023-12-26 12:29:29,563] Trial 46 finished with value: 14.375353813171387 and parameters: {'gradient_clip_val': 0.2137820504729939, 'hidden_size': 13, 'dropout': 0.21164146128808015, 'hidden_continuous_size': 7, 'attention_head_size': 4, 'learning_rate': 0.006443398286128924}. Best is trial 0 with value: 3.373854875564575.
[I 2023-12-26 12:29:31,324] Trial 47 finished with value: 14.590442657470703 and parameters: {'gradient_clip_val': 0.5345617630499251, 'hidden_size': 5, 'dropout': 0.26872842146764436, 'hidden_continuous_size': 5, 'attention_head_size': 2, 'learning_rate': 0.028225703357905894}. Best is trial 0 with value: 3.373854875564575.
[I 2023-12-26 12:29:34,008] Trial 48 finished with value: 9.931297302246094 and parameters: {'gradient_clip_val': 0.14644542353031262, 'hidden_size': 22, 'dropout': 0.24487172922890904, 'hidden_continuous_size': 8, 'attention_head_size': 3, 'learning_rate': 0.038712596805305685}. Best is trial 0 with value: 3.373854875564575.
[I 2023-12-26 12:29:36,243] Trial 49 finished with value: 9.829411506652832 and parameters: {'gradient_clip_val': 0.4528666764132666, 'hidden_size': 10, 'dropout': 0.22417536094899165, 'hidden_continuous_size': 6, 'attention_head_size': 1, 'learning_rate': 0.017174142000945827}. Best is trial 0 with value: 3.373854875564575.
[I 2023-12-26 12:29:36,417] A new study created in memory with name: no-name-d32e0a7f-9432-407d-af14-de0b19b88172
/home/le004/conda/anaconda3/envs/tsff_env/lib/python3.9/site-packages/lightning/fabric/plugins/environments/slurm.py:191: The `srun` command is available on your system but is not used. HINT: If your intention is to run Lightning on SLURM, prepend your python command with `srun` like so: srun python /home/le004/master_thesis/git/TSFusionForecast/code/ ...
[I 2023-12-26 12:33:08,503] Trial 0 finished with value: 8.167941093444824 and parameters: {'gradient_clip_val': 0.12568423861781616, 'hidden_size': 46, 'dropout': 0.15329178527744505, 'hidden_continuous_size': 9, 'attention_head_size': 2, 'learning_rate': 0.02945173671857647}. Best is trial 0 with value: 8.167941093444824.
[I 2023-12-26 12:33:10,666] Trial 1 finished with value: 47.67087936401367 and parameters: {'gradient_clip_val': 0.3994490018593002, 'hidden_size': 21, 'dropout': 0.3678491403975951, 'hidden_continuous_size': 7, 'attention_head_size': 1, 'learning_rate': 0.03464449858888074}. Best is trial 0 with value: 8.167941093444824.
[I 2023-12-26 12:33:14,836] Trial 2 finished with value: 39.2776985168457 and parameters: {'gradient_clip_val': 0.10169938945256927, 'hidden_size': 69, 'dropout': 0.14393660388624907, 'hidden_continuous_size': 6, 'attention_head_size': 1, 'learning_rate': 0.0008105062667420214}. Best is trial 0 with value: 8.167941093444824.
[I 2023-12-26 12:33:17,170] Trial 3 finished with value: 65.27588653564453 and parameters: {'gradient_clip_val': 0.6557251972369001, 'hidden_size': 23, 'dropout': 0.3954668350496846, 'hidden_continuous_size': 19, 'attention_head_size': 1, 'learning_rate': 0.06918331150371117}. Best is trial 0 with value: 8.167941093444824.
[I 2023-12-26 12:33:19,430] Trial 4 finished with value: 59.3970947265625 and parameters: {'gradient_clip_val': 0.439716389734363, 'hidden_size': 24, 'dropout': 0.16463499455041136, 'hidden_continuous_size': 17, 'attention_head_size': 3, 'learning_rate': 0.0043978862049954505}. Best is trial 0 with value: 8.167941093444824.
[I 2023-12-26 12:33:23,147] Trial 5 finished with value: 47.24020004272461 and parameters: {'gradient_clip_val': 0.11175912051635899, 'hidden_size': 54, 'dropout': 0.42433319670170255, 'hidden_continuous_size': 35, 'attention_head_size': 3, 'learning_rate': 0.0070354791940084194}. Best is trial 0 with value: 8.167941093444824.
[I 2023-12-26 12:33:25,738] Trial 6 finished with value: 36.889793395996094 and parameters: {'gradient_clip_val': 0.25684223327467726, 'hidden_size': 37, 'dropout': 0.2500497040770703, 'hidden_continuous_size': 15, 'attention_head_size': 1, 'learning_rate': 0.0006019892250240054}. Best is trial 0 with value: 8.167941093444824.
[I 2023-12-26 12:33:28,218] Trial 7 finished with value: 53.574066162109375 and parameters: {'gradient_clip_val': 0.9358173707272875, 'hidden_size': 28, 'dropout': 0.4060185177914346, 'hidden_continuous_size': 18, 'attention_head_size': 4, 'learning_rate': 0.041063383189065224}. Best is trial 0 with value: 8.167941093444824.
[I 2023-12-26 12:33:30,235] Trial 8 finished with value: 41.45842361450195 and parameters: {'gradient_clip_val': 0.11462422339145922, 'hidden_size': 13, 'dropout': 0.20395720852601262, 'hidden_continuous_size': 5, 'attention_head_size': 3, 'learning_rate': 0.007929793260867542}. Best is trial 0 with value: 8.167941093444824.
[I 2023-12-26 12:33:37,587] Trial 9 finished with value: 41.323089599609375 and parameters: {'gradient_clip_val': 0.8963878561777564, 'hidden_size': 120, 'dropout': 0.1954629621959578, 'hidden_continuous_size': 11, 'attention_head_size': 4, 'learning_rate': 0.01391871168262984}. Best is trial 0 with value: 8.167941093444824.
[I 2023-12-26 12:33:39,300] Trial 10 finished with value: 56.88297653198242 and parameters: {'gradient_clip_val': 0.19457380622820797, 'hidden_size': 5, 'dropout': 0.11915254554887442, 'hidden_continuous_size': 5, 'attention_head_size': 2, 'learning_rate': 0.07684517828369793}. Best is trial 0 with value: 8.167941093444824.
[I 2023-12-26 12:33:42,634] Trial 11 finished with value: 66.14382934570312 and parameters: {'gradient_clip_val': 0.2196120846125848, 'hidden_size': 52, 'dropout': 0.25537104107199743, 'hidden_continuous_size': 10, 'attention_head_size': 2, 'learning_rate': 0.0005348408894250133}. Best is trial 0 with value: 8.167941093444824.
[I 2023-12-26 12:33:52,627] Trial 12 finished with value: 54.12139892578125 and parameters: {'gradient_clip_val': 0.20986212081853717, 'hidden_size': 149, 'dropout': 0.2902417931710396, 'hidden_continuous_size': 69, 'attention_head_size': 2, 'learning_rate': 0.0016180523154717603}. Best is trial 0 with value: 8.167941093444824.
[I 2023-12-26 12:33:55,454] Trial 13 finished with value: 48.43336868286133 and parameters: {'gradient_clip_val': 0.15550521274554763, 'hidden_size': 42, 'dropout': 0.2314625116637894, 'hidden_continuous_size': 9, 'attention_head_size': 1, 'learning_rate': 0.0021831814475285582}. Best is trial 0 with value: 8.167941093444824.
[I 2023-12-26 12:33:59,996] Trial 14 finished with value: 40.35069274902344 and parameters: {'gradient_clip_val': 0.27897451684694724, 'hidden_size': 74, 'dropout': 0.10949815877205976, 'hidden_continuous_size': 13, 'attention_head_size': 2, 'learning_rate': 0.018186840288098447}. Best is trial 0 with value: 8.167941093444824.
[I 2023-12-26 12:34:02,561] Trial 15 finished with value: 57.69839096069336 and parameters: {'gradient_clip_val': 0.15557440635191677, 'hidden_size': 36, 'dropout': 0.3373397345540506, 'hidden_continuous_size': 7, 'attention_head_size': 1, 'learning_rate': 0.001249201157987455}. Best is trial 0 with value: 8.167941093444824.
[I 2023-12-26 12:34:08,104] Trial 16 finished with value: 49.75410842895508 and parameters: {'gradient_clip_val': 0.291912522413364, 'hidden_size': 88, 'dropout': 0.49033387915500914, 'hidden_continuous_size': 30, 'attention_head_size': 2, 'learning_rate': 0.0029298326668182385}. Best is trial 0 with value: 8.167941093444824.
[I 2023-12-26 12:34:11,011] Trial 17 finished with value: 49.624698638916016 and parameters: {'gradient_clip_val': 0.15116617336534263, 'hidden_size': 39, 'dropout': 0.2654317162185385, 'hidden_continuous_size': 8, 'attention_head_size': 1, 'learning_rate': 0.000539198502702056}. Best is trial 0 with value: 8.167941093444824.
[I 2023-12-26 12:34:13,148] Trial 18 finished with value: 44.02285385131836 and parameters: {'gradient_clip_val': 0.2537895336874256, 'hidden_size': 15, 'dropout': 0.1950591575801002, 'hidden_continuous_size': 6, 'attention_head_size': 2, 'learning_rate': 0.0011401658084272996}. Best is trial 0 with value: 8.167941093444824.
[I 2023-12-26 12:34:19,184] Trial 19 finished with value: 64.5865707397461 and parameters: {'gradient_clip_val': 0.32152440833526713, 'hidden_size': 97, 'dropout': 0.1569625570210382, 'hidden_continuous_size': 13, 'attention_head_size': 3, 'learning_rate': 0.0035528026473547665}. Best is trial 0 with value: 8.167941093444824.
[I 2023-12-26 12:34:22,780] Trial 20 finished with value: 43.0492057800293 and parameters: {'gradient_clip_val': 0.12806131004597227, 'hidden_size': 59, 'dropout': 0.30861518001767946, 'hidden_continuous_size': 12, 'attention_head_size': 1, 'learning_rate': 0.017291801012107633}. Best is trial 0 with value: 8.167941093444824.
[I 2023-12-26 12:34:26,856] Trial 21 finished with value: 54.6850471496582 and parameters: {'gradient_clip_val': 0.10667574193565074, 'hidden_size': 68, 'dropout': 0.15352695613229014, 'hidden_continuous_size': 8, 'attention_head_size': 1, 'learning_rate': 0.0008526467257478366}. Best is trial 0 with value: 8.167941093444824.
[I 2023-12-26 12:34:32,825] Trial 22 finished with value: 63.04030227661133 and parameters: {'gradient_clip_val': 0.1011440700868868, 'hidden_size': 97, 'dropout': 0.10104972109357359, 'hidden_continuous_size': 5, 'attention_head_size': 1, 'learning_rate': 0.0005013930206330322}. Best is trial 0 with value: 8.167941093444824.
[I 2023-12-26 12:34:37,100] Trial 23 finished with value: 61.582271575927734 and parameters: {'gradient_clip_val': 0.13162690488753476, 'hidden_size': 70, 'dropout': 0.2258360798470493, 'hidden_continuous_size': 6, 'attention_head_size': 2, 'learning_rate': 0.0008634008126721313}. Best is trial 0 with value: 8.167941093444824.
[I 2023-12-26 12:34:40,437] Trial 24 finished with value: 66.10980224609375 and parameters: {'gradient_clip_val': 0.17838387239276668, 'hidden_size': 54, 'dropout': 0.1406808726785686, 'hidden_continuous_size': 8, 'attention_head_size': 1, 'learning_rate': 0.0017619123252279464}. Best is trial 0 with value: 8.167941093444824.
[I 2023-12-26 12:34:43,026] Trial 25 finished with value: 56.81086730957031 and parameters: {'gradient_clip_val': 0.13516985459296318, 'hidden_size': 34, 'dropout': 0.18069541087439273, 'hidden_continuous_size': 9, 'attention_head_size': 2, 'learning_rate': 0.002464659695581896}. Best is trial 0 with value: 8.167941093444824.
[I 2023-12-26 12:34:45,863] Trial 26 finished with value: 47.493011474609375 and parameters: {'gradient_clip_val': 0.17894960113004846, 'hidden_size': 44, 'dropout': 0.14161142112705882, 'hidden_continuous_size': 10, 'attention_head_size': 1, 'learning_rate': 0.0008678193791618186}. Best is trial 0 with value: 8.167941093444824.
[I 2023-12-26 12:34:48,371] Trial 27 finished with value: 48.432369232177734 and parameters: {'gradient_clip_val': 0.10181291403600524, 'hidden_size': 31, 'dropout': 0.22659865983218128, 'hidden_continuous_size': 6, 'attention_head_size': 1, 'learning_rate': 0.0014206432220931562}. Best is trial 0 with value: 8.167941093444824.
[I 2023-12-26 12:34:51,580] Trial 28 finished with value: 56.80854415893555 and parameters: {'gradient_clip_val': 0.12803676648653498, 'hidden_size': 46, 'dropout': 0.1278744149023039, 'hidden_continuous_size': 15, 'attention_head_size': 2, 'learning_rate': 0.004735302414995695}. Best is trial 0 with value: 8.167941093444824.
[I 2023-12-26 12:34:55,879] Trial 29 finished with value: 45.33021926879883 and parameters: {'gradient_clip_val': 0.35302524085078313, 'hidden_size': 68, 'dropout': 0.16976348900471572, 'hidden_continuous_size': 7, 'attention_head_size': 1, 'learning_rate': 0.033848139411814054}. Best is trial 0 with value: 8.167941093444824.
[I 2023-12-26 12:34:58,279] Trial 30 finished with value: 60.671966552734375 and parameters: {'gradient_clip_val': 0.23649785512224006, 'hidden_size': 28, 'dropout': 0.10062683534035435, 'hidden_continuous_size': 6, 'attention_head_size': 3, 'learning_rate': 0.0022538059884670302}. Best is trial 0 with value: 8.167941093444824.
[I 2023-12-26 12:35:02,900] Trial 31 finished with value: 54.34791946411133 and parameters: {'gradient_clip_val': 0.26412962339179374, 'hidden_size': 76, 'dropout': 0.12614583982204375, 'hidden_continuous_size': 13, 'attention_head_size': 2, 'learning_rate': 0.02288072057713379}. Best is trial 0 with value: 8.167941093444824.
[I 2023-12-26 12:35:08,098] Trial 32 finished with value: 44.366458892822266 and parameters: {'gradient_clip_val': 0.3645420624227117, 'hidden_size': 84, 'dropout': 0.17851251652307557, 'hidden_continuous_size': 14, 'attention_head_size': 2, 'learning_rate': 0.01240719617479069}. Best is trial 0 with value: 8.167941093444824.
[I 2023-12-26 12:35:11,856] Trial 33 finished with value: 51.8751106262207 and parameters: {'gradient_clip_val': 0.43614237319436355, 'hidden_size': 61, 'dropout': 0.1478421495421069, 'hidden_continuous_size': 11, 'attention_head_size': 1, 'learning_rate': 0.047957767777567134}. Best is trial 0 with value: 8.167941093444824.
[I 2023-12-26 12:35:15,015] Trial 34 finished with value: 53.942840576171875 and parameters: {'gradient_clip_val': 0.5095659010551393, 'hidden_size': 47, 'dropout': 0.11385058975743527, 'hidden_continuous_size': 15, 'attention_head_size': 3, 'learning_rate': 0.024429684337661194}. Best is trial 0 with value: 8.167941093444824.
[I 2023-12-26 12:35:18,608] Trial 35 finished with value: 48.04217529296875 and parameters: {'gradient_clip_val': 0.28397588174057187, 'hidden_size': 57, 'dropout': 0.16573493546338494, 'hidden_continuous_size': 20, 'attention_head_size': 2, 'learning_rate': 0.06372937490741727}. Best is trial 0 with value: 8.167941093444824.
[I 2023-12-26 12:35:21,364] Trial 36 finished with value: 53.105892181396484 and parameters: {'gradient_clip_val': 0.2260394813076366, 'hidden_size': 37, 'dropout': 0.1324281212111134, 'hidden_continuous_size': 12, 'attention_head_size': 3, 'learning_rate': 0.008880604038578604}. Best is trial 0 with value: 8.167941093444824.
[I 2023-12-26 12:35:26,259] Trial 37 finished with value: 68.76326751708984 and parameters: {'gradient_clip_val': 0.18553417516193962, 'hidden_size': 77, 'dropout': 0.19917432558885917, 'hidden_continuous_size': 16, 'attention_head_size': 4, 'learning_rate': 0.004755475554384857}. Best is trial 0 with value: 8.167941093444824.
[I 2023-12-26 12:35:28,543] Trial 38 finished with value: 50.072174072265625 and parameters: {'gradient_clip_val': 0.11851097787450063, 'hidden_size': 23, 'dropout': 0.10153253880822935, 'hidden_continuous_size': 9, 'attention_head_size': 1, 'learning_rate': 0.0062648650269237225}. Best is trial 0 with value: 8.167941093444824.
[I 2023-12-26 12:35:34,837] Trial 39 finished with value: 37.0308723449707 and parameters: {'gradient_clip_val': 0.248685936465684, 'hidden_size': 100, 'dropout': 0.17202215935346987, 'hidden_continuous_size': 22, 'attention_head_size': 2, 'learning_rate': 0.09768077769171878}. Best is trial 0 with value: 8.167941093444824.
[I 2023-12-26 12:35:42,489] Trial 40 finished with value: 48.65313720703125 and parameters: {'gradient_clip_val': 0.11868560119488575, 'hidden_size': 117, 'dropout': 0.18004345481631698, 'hidden_continuous_size': 22, 'attention_head_size': 2, 'learning_rate': 0.06679627409707856}. Best is trial 0 with value: 8.167941093444824.
[I 2023-12-26 12:35:49,410] Trial 41 finished with value: 46.7506103515625 and parameters: {'gradient_clip_val': 0.2421557722861678, 'hidden_size': 107, 'dropout': 0.15801690531425627, 'hidden_continuous_size': 19, 'attention_head_size': 2, 'learning_rate': 0.05021884548912457}. Best is trial 0 with value: 8.167941093444824.
[I 2023-12-26 12:35:57,993] Trial 42 finished with value: 42.240013122558594 and parameters: {'gradient_clip_val': 0.21001838151669772, 'hidden_size': 135, 'dropout': 0.12616214411792093, 'hidden_continuous_size': 24, 'attention_head_size': 2, 'learning_rate': 0.09115918250339716}. Best is trial 0 with value: 8.167941093444824.
[I 2023-12-26 12:36:03,596] Trial 43 finished with value: 42.12390899658203 and parameters: {'gradient_clip_val': 0.300408988954353, 'hidden_size': 90, 'dropout': 0.21231565227504337, 'hidden_continuous_size': 16, 'attention_head_size': 2, 'learning_rate': 0.09435346360321634}. Best is trial 0 with value: 8.167941093444824.
[I 2023-12-26 12:36:06,466] Trial 44 finished with value: 59.838836669921875 and parameters: {'gradient_clip_val': 0.25562062617675985, 'hidden_size': 48, 'dropout': 0.13903335937004332, 'hidden_continuous_size': 17, 'attention_head_size': 3, 'learning_rate': 0.028156229570711372}. Best is trial 0 with value: 8.167941093444824.
[I 2023-12-26 12:36:13,317] Trial 45 finished with value: 41.4463996887207 and parameters: {'gradient_clip_val': 0.2000316023358713, 'hidden_size': 109, 'dropout': 0.18750859275713722, 'hidden_continuous_size': 11, 'attention_head_size': 2, 'learning_rate': 0.031992253251685095}. Best is trial 0 with value: 8.167941093444824.
[I 2023-12-26 12:36:17,305] Trial 46 finished with value: 47.316471099853516 and parameters: {'gradient_clip_val': 0.16800035362472887, 'hidden_size': 65, 'dropout': 0.20583953290170748, 'hidden_continuous_size': 13, 'attention_head_size': 1, 'learning_rate': 0.04133642105138787}. Best is trial 0 with value: 8.167941093444824.
[I 2023-12-26 12:36:20,622] Trial 47 finished with value: 42.67756271362305 and parameters: {'gradient_clip_val': 0.22215075914737514, 'hidden_size': 52, 'dropout': 0.16581529186601038, 'hidden_continuous_size': 18, 'attention_head_size': 1, 'learning_rate': 0.019485923540156186}. Best is trial 0 with value: 8.167941093444824.
[I 2023-12-26 12:36:25,509] Trial 48 finished with value: 55.8779411315918 and parameters: {'gradient_clip_val': 0.14744113692503924, 'hidden_size': 80, 'dropout': 0.2399777659747163, 'hidden_continuous_size': 27, 'attention_head_size': 2, 'learning_rate': 0.01237645225196893}. Best is trial 0 with value: 8.167941093444824.
[I 2023-12-26 12:36:29,461] Trial 49 finished with value: 54.43368148803711 and parameters: {'gradient_clip_val': 0.10969040765885808, 'hidden_size': 61, 'dropout': 0.21161725604687354, 'hidden_continuous_size': 14, 'attention_head_size': 4, 'learning_rate': 0.015560004153585563}. Best is trial 0 with value: 8.167941093444824.
[I 2023-12-26 12:36:29,582] A new study created in memory with name: no-name-415f4856-75a1-45ee-9d06-3ffcfdddfb2b
/home/le004/conda/anaconda3/envs/tsff_env/lib/python3.9/site-packages/lightning/fabric/plugins/environments/slurm.py:191: The `srun` command is available on your system but is not used. HINT: If your intention is to run Lightning on SLURM, prepend your python command with `srun` like so: srun python /home/le004/master_thesis/git/TSFusionForecast/code/ ...
[I 2023-12-26 12:38:59,703] Trial 0 finished with value: 15.054591178894043 and parameters: {'gradient_clip_val': 0.8405479034385431, 'hidden_size': 6, 'dropout': 0.24078045691925404, 'hidden_continuous_size': 5, 'attention_head_size': 1, 'learning_rate': 0.047625591250716824}. Best is trial 0 with value: 15.054591178894043.
[I 2023-12-26 12:39:01,830] Trial 1 finished with value: 40.3366584777832 and parameters: {'gradient_clip_val': 0.25560227784348905, 'hidden_size': 7, 'dropout': 0.4423129800566823, 'hidden_continuous_size': 5, 'attention_head_size': 3, 'learning_rate': 0.0012714459178580625}. Best is trial 0 with value: 15.054591178894043.
