[I 2023-12-26 13:51:17,616] Trial 27 finished with value: 195.0625762939453 and parameters: {'gradient_clip_val': 0.14482764771887552, 'hidden_size': 149, 'dropout': 0.23873755574641886, 'hidden_continuous_size': 61, 'attention_head_size': 4, 'learning_rate': 0.01709706065971921}. Best is trial 0 with value: 70.65440368652344.
[I 2023-12-26 13:51:20,864] Trial 28 finished with value: 174.9892578125 and parameters: {'gradient_clip_val': 0.28336136043413235, 'hidden_size': 52, 'dropout': 0.28256113630499474, 'hidden_continuous_size': 19, 'attention_head_size': 1, 'learning_rate': 0.06104595681305152}. Best is trial 0 with value: 70.65440368652344.
[I 2023-12-26 13:51:25,908] Trial 29 finished with value: 177.71705627441406 and parameters: {'gradient_clip_val': 0.24773311609192455, 'hidden_size': 79, 'dropout': 0.28789158419239946, 'hidden_continuous_size': 35, 'attention_head_size': 4, 'learning_rate': 0.0038708343756306204}. Best is trial 0 with value: 70.65440368652344.
[I 2023-12-26 13:51:29,592] Trial 30 finished with value: 176.88026428222656 and parameters: {'gradient_clip_val': 0.11621850977319438, 'hidden_size': 59, 'dropout': 0.25407414233614173, 'hidden_continuous_size': 27, 'attention_head_size': 3, 'learning_rate': 0.028553319871875732}. Best is trial 0 with value: 70.65440368652344.
[I 2023-12-26 13:51:31,704] Trial 31 finished with value: 146.66116333007812 and parameters: {'gradient_clip_val': 0.17089881397315285, 'hidden_size': 14, 'dropout': 0.30695632131249107, 'hidden_continuous_size': 11, 'attention_head_size': 2, 'learning_rate': 0.03672224209241902}. Best is trial 0 with value: 70.65440368652344.
[I 2023-12-26 13:51:38,521] Trial 32 finished with value: 118.51992797851562 and parameters: {'gradient_clip_val': 0.13807542215072263, 'hidden_size': 110, 'dropout': 0.3266483852373687, 'hidden_continuous_size': 15, 'attention_head_size': 2, 'learning_rate': 0.058820027742811726}. Best is trial 0 with value: 70.65440368652344.
[I 2023-12-26 13:51:45,077] Trial 33 finished with value: 152.8729705810547 and parameters: {'gradient_clip_val': 0.1141909721659133, 'hidden_size': 107, 'dropout': 0.3226749995038744, 'hidden_continuous_size': 14, 'attention_head_size': 1, 'learning_rate': 0.0566829411855794}. Best is trial 0 with value: 70.65440368652344.
[I 2023-12-26 13:51:52,343] Trial 34 finished with value: 128.04359436035156 and parameters: {'gradient_clip_val': 0.1361449723564443, 'hidden_size': 118, 'dropout': 0.336636889346407, 'hidden_continuous_size': 20, 'attention_head_size': 2, 'learning_rate': 0.03905900087240832}. Best is trial 0 with value: 70.65440368652344.
[I 2023-12-26 13:52:01,008] Trial 35 finished with value: 130.23553466796875 and parameters: {'gradient_clip_val': 0.1585401396369133, 'hidden_size': 142, 'dropout': 0.26849663519440514, 'hidden_continuous_size': 16, 'attention_head_size': 2, 'learning_rate': 0.08681936687586753}. Best is trial 0 with value: 70.65440368652344.
[I 2023-12-26 13:52:05,989] Trial 36 finished with value: 131.94113159179688 and parameters: {'gradient_clip_val': 0.13779433098573377, 'hidden_size': 78, 'dropout': 0.28465528032977827, 'hidden_continuous_size': 24, 'attention_head_size': 1, 'learning_rate': 0.06773562924744177}. Best is trial 0 with value: 70.65440368652344.
[I 2023-12-26 13:52:12,103] Trial 37 finished with value: 143.69815063476562 and parameters: {'gradient_clip_val': 0.11234985115162113, 'hidden_size': 96, 'dropout': 0.23428137771469726, 'hidden_continuous_size': 19, 'attention_head_size': 4, 'learning_rate': 0.04865070512291438}. Best is trial 0 with value: 70.65440368652344.
[I 2023-12-26 13:52:22,089] Trial 38 finished with value: 108.81536102294922 and parameters: {'gradient_clip_val': 0.2793319483396522, 'hidden_size': 148, 'dropout': 0.34755763353200236, 'hidden_continuous_size': 91, 'attention_head_size': 2, 'learning_rate': 0.03243630534792916}. Best is trial 0 with value: 70.65440368652344.
[I 2023-12-26 13:52:30,912] Trial 39 finished with value: 167.53311157226562 and parameters: {'gradient_clip_val': 0.12797179973211792, 'hidden_size': 124, 'dropout': 0.36658818969532114, 'hidden_continuous_size': 115, 'attention_head_size': 2, 'learning_rate': 0.030111945023594905}. Best is trial 0 with value: 70.65440368652344.
[I 2023-12-26 13:52:41,093] Trial 40 finished with value: 151.11402893066406 and parameters: {'gradient_clip_val': 0.1542277207131584, 'hidden_size': 150, 'dropout': 0.3291503144704404, 'hidden_continuous_size': 100, 'attention_head_size': 3, 'learning_rate': 0.04521442657363712}. Best is trial 0 with value: 70.65440368652344.
[I 2023-12-26 13:52:49,410] Trial 41 finished with value: 109.44216918945312 and parameters: {'gradient_clip_val': 0.3191592846160991, 'hidden_size': 126, 'dropout': 0.24969175004891947, 'hidden_continuous_size': 80, 'attention_head_size': 2, 'learning_rate': 0.09410006762520531}. Best is trial 0 with value: 70.65440368652344.
[I 2023-12-26 13:52:57,904] Trial 42 finished with value: 101.28948974609375 and parameters: {'gradient_clip_val': 0.31325229679111477, 'hidden_size': 127, 'dropout': 0.2566595278016274, 'hidden_continuous_size': 79, 'attention_head_size': 2, 'learning_rate': 0.08614379120976409}. Best is trial 0 with value: 70.65440368652344.
[I 2023-12-26 13:53:06,373] Trial 43 finished with value: 119.60088348388672 and parameters: {'gradient_clip_val': 0.3288227695641829, 'hidden_size': 129, 'dropout': 0.2618479818334436, 'hidden_continuous_size': 76, 'attention_head_size': 2, 'learning_rate': 0.09744157819038728}. Best is trial 0 with value: 70.65440368652344.
[I 2023-12-26 13:53:14,056] Trial 44 finished with value: 144.75721740722656 and parameters: {'gradient_clip_val': 0.3263645002769742, 'hidden_size': 111, 'dropout': 0.29023838938437274, 'hidden_continuous_size': 81, 'attention_head_size': 2, 'learning_rate': 0.06519939722024087}. Best is trial 0 with value: 70.65440368652344.
[I 2023-12-26 13:53:20,428] Trial 45 finished with value: 97.17613983154297 and parameters: {'gradient_clip_val': 0.2614301086403828, 'hidden_size': 95, 'dropout': 0.3085895453211872, 'hidden_continuous_size': 68, 'attention_head_size': 2, 'learning_rate': 0.07869021856331053}. Best is trial 0 with value: 70.65440368652344.
[I 2023-12-26 13:53:29,311] Trial 46 finished with value: 106.48938751220703 and parameters: {'gradient_clip_val': 0.25620648927302814, 'hidden_size': 129, 'dropout': 0.29915986722384597, 'hidden_continuous_size': 95, 'attention_head_size': 2, 'learning_rate': 0.09745613246348635}. Best is trial 0 with value: 70.65440368652344.
[I 2023-12-26 13:53:35,443] Trial 47 finished with value: 108.81159210205078 and parameters: {'gradient_clip_val': 0.25993480543105907, 'hidden_size': 96, 'dropout': 0.30822698714045504, 'hidden_continuous_size': 68, 'attention_head_size': 3, 'learning_rate': 0.07520076419044354}. Best is trial 0 with value: 70.65440368652344.
[I 2023-12-26 13:53:42,104] Trial 48 finished with value: 148.7052459716797 and parameters: {'gradient_clip_val': 0.24014032285443357, 'hidden_size': 94, 'dropout': 0.3033631011763941, 'hidden_continuous_size': 69, 'attention_head_size': 3, 'learning_rate': 0.07777375422581204}. Best is trial 0 with value: 70.65440368652344.
[I 2023-12-26 13:53:46,886] Trial 49 finished with value: 132.81320190429688 and parameters: {'gradient_clip_val': 0.26642178438096653, 'hidden_size': 73, 'dropout': 0.31032794500763833, 'hidden_continuous_size': 60, 'attention_head_size': 3, 'learning_rate': 0.07053239281138034}. Best is trial 0 with value: 70.65440368652344.
[I 2023-12-26 13:53:47,009] A new study created in memory with name: no-name-4ca8952d-c219-4fe5-96a4-6d41b7501de0
/home/le004/conda/anaconda3/envs/tsff_env/lib/python3.9/site-packages/lightning/fabric/plugins/environments/slurm.py:191: The `srun` command is available on your system but is not used. HINT: If your intention is to run Lightning on SLURM, prepend your python command with `srun` like so: srun python /home/le004/master_thesis/git/TSFusionForecast/code/ ...
[I 2023-12-26 13:56:14,018] Trial 0 finished with value: 19.064910888671875 and parameters: {'gradient_clip_val': 0.2430163404861809, 'hidden_size': 14, 'dropout': 0.23391202410588968, 'hidden_continuous_size': 7, 'attention_head_size': 1, 'learning_rate': 0.011237453720722948}. Best is trial 0 with value: 19.064910888671875.
[I 2023-12-26 13:56:15,735] Trial 1 finished with value: 41.77434158325195 and parameters: {'gradient_clip_val': 0.10810149099313482, 'hidden_size': 5, 'dropout': 0.35927750661187563, 'hidden_continuous_size': 5, 'attention_head_size': 1, 'learning_rate': 0.04179839395983062}. Best is trial 0 with value: 19.064910888671875.
[I 2023-12-26 13:56:17,509] Trial 2 finished with value: 61.126434326171875 and parameters: {'gradient_clip_val': 0.10284752169819464, 'hidden_size': 5, 'dropout': 0.1054710607199838, 'hidden_continuous_size': 5, 'attention_head_size': 4, 'learning_rate': 0.0975362129897963}. Best is trial 0 with value: 19.064910888671875.
[I 2023-12-26 13:56:19,569] Trial 3 finished with value: 58.78742980957031 and parameters: {'gradient_clip_val': 0.30084474131208233, 'hidden_size': 17, 'dropout': 0.47108617520742224, 'hidden_continuous_size': 6, 'attention_head_size': 3, 'learning_rate': 0.0028347747959923766}. Best is trial 0 with value: 19.064910888671875.
[I 2023-12-26 13:56:21,776] Trial 4 finished with value: 74.0198745727539 and parameters: {'gradient_clip_val': 0.49339234033898505, 'hidden_size': 11, 'dropout': 0.42729692127035424, 'hidden_continuous_size': 10, 'attention_head_size': 2, 'learning_rate': 0.008559044119959466}. Best is trial 0 with value: 19.064910888671875.
[I 2023-12-26 13:56:23,966] Trial 5 finished with value: 51.7867317199707 and parameters: {'gradient_clip_val': 0.10138980985977292, 'hidden_size': 22, 'dropout': 0.1651620680469092, 'hidden_continuous_size': 11, 'attention_head_size': 1, 'learning_rate': 0.0008432098416662863}. Best is trial 0 with value: 19.064910888671875.
[I 2023-12-26 13:56:25,791] Trial 6 finished with value: 56.57481002807617 and parameters: {'gradient_clip_val': 0.3785141247022106, 'hidden_size': 9, 'dropout': 0.2774941096546836, 'hidden_continuous_size': 9, 'attention_head_size': 2, 'learning_rate': 0.04731613232752224}. Best is trial 0 with value: 19.064910888671875.
[I 2023-12-26 13:56:27,794] Trial 7 finished with value: 68.97364044189453 and parameters: {'gradient_clip_val': 0.6253004672709939, 'hidden_size': 13, 'dropout': 0.27356847758901803, 'hidden_continuous_size': 9, 'attention_head_size': 1, 'learning_rate': 0.0006989162998814185}. Best is trial 0 with value: 19.064910888671875.
[I 2023-12-26 13:56:29,847] Trial 8 finished with value: 63.16630935668945 and parameters: {'gradient_clip_val': 0.5898390498918348, 'hidden_size': 10, 'dropout': 0.19466090572894543, 'hidden_continuous_size': 5, 'attention_head_size': 4, 'learning_rate': 0.0010939901178782796}. Best is trial 0 with value: 19.064910888671875.
[I 2023-12-26 13:56:31,721] Trial 9 finished with value: 57.13951110839844 and parameters: {'gradient_clip_val': 0.14464348778830594, 'hidden_size': 8, 'dropout': 0.3174748059147162, 'hidden_continuous_size': 5, 'attention_head_size': 2, 'learning_rate': 0.022011584576001598}. Best is trial 0 with value: 19.064910888671875.
[I 2023-12-26 13:56:35,265] Trial 10 finished with value: 71.9183578491211 and parameters: {'gradient_clip_val': 0.8580129735882381, 'hidden_size': 47, 'dropout': 0.22311226822945984, 'hidden_continuous_size': 25, 'attention_head_size': 3, 'learning_rate': 0.006176660722358898}. Best is trial 0 with value: 19.064910888671875.
[I 2023-12-26 13:56:37,038] Trial 11 finished with value: 76.23055267333984 and parameters: {'gradient_clip_val': 0.2006559107416955, 'hidden_size': 5, 'dropout': 0.36209773676508217, 'hidden_continuous_size': 5, 'attention_head_size': 1, 'learning_rate': 0.02261462635323053}. Best is trial 0 with value: 19.064910888671875.
[I 2023-12-26 13:56:39,887] Trial 12 finished with value: 53.4498405456543 and parameters: {'gradient_clip_val': 0.2204410678533023, 'hidden_size': 37, 'dropout': 0.36075759211466685, 'hidden_continuous_size': 8, 'attention_head_size': 1, 'learning_rate': 0.018296736589792157}. Best is trial 0 with value: 19.064910888671875.
[I 2023-12-26 13:56:46,131] Trial 13 finished with value: 39.8206672668457 and parameters: {'gradient_clip_val': 0.15682252165232172, 'hidden_size': 98, 'dropout': 0.24759750255380086, 'hidden_continuous_size': 48, 'attention_head_size': 1, 'learning_rate': 0.04966704686066884}. Best is trial 0 with value: 19.064910888671875.
[I 2023-12-26 13:56:53,506] Trial 14 finished with value: 52.147403717041016 and parameters: {'gradient_clip_val': 0.1984821110480302, 'hidden_size': 113, 'dropout': 0.24822415286039567, 'hidden_continuous_size': 57, 'attention_head_size': 2, 'learning_rate': 0.09213464533618404}. Best is trial 0 with value: 19.064910888671875.
[I 2023-12-26 13:57:03,641] Trial 15 finished with value: 63.09572219848633 and parameters: {'gradient_clip_val': 0.2741165403077184, 'hidden_size': 142, 'dropout': 0.20193476254041737, 'hidden_continuous_size': 107, 'attention_head_size': 1, 'learning_rate': 0.0095826433671424}. Best is trial 0 with value: 19.064910888671875.
[I 2023-12-26 13:57:08,551] Trial 16 finished with value: 74.58195495605469 and parameters: {'gradient_clip_val': 0.15015479977949883, 'hidden_size': 62, 'dropout': 0.15423448572975848, 'hidden_continuous_size': 17, 'attention_head_size': 3, 'learning_rate': 0.0035477996094466606}. Best is trial 0 with value: 19.064910888671875.
[I 2023-12-26 13:57:11,488] Trial 17 finished with value: 72.00025177001953 and parameters: {'gradient_clip_val': 0.3418195760982751, 'hidden_size': 28, 'dropout': 0.23587748281544318, 'hidden_continuous_size': 13, 'attention_head_size': 2, 'learning_rate': 0.0462743635782771}. Best is trial 0 with value: 19.064910888671875.
[I 2023-12-26 13:57:13,636] Trial 18 finished with value: 70.42562103271484 and parameters: {'gradient_clip_val': 0.24992961557651608, 'hidden_size': 19, 'dropout': 0.3015987535834378, 'hidden_continuous_size': 7, 'attention_head_size': 1, 'learning_rate': 0.013737314586725122}. Best is trial 0 with value: 19.064910888671875.
[I 2023-12-26 13:57:19,220] Trial 19 finished with value: 63.80344772338867 and parameters: {'gradient_clip_val': 0.16135927131058458, 'hidden_size': 77, 'dropout': 0.2623167774112977, 'hidden_continuous_size': 26, 'attention_head_size': 2, 'learning_rate': 0.03069291141825748}. Best is trial 0 with value: 19.064910888671875.
[I 2023-12-26 13:57:22,048] Trial 20 finished with value: 63.8248291015625 and parameters: {'gradient_clip_val': 0.23678958973700379, 'hidden_size': 30, 'dropout': 0.21912314102173944, 'hidden_continuous_size': 7, 'attention_head_size': 1, 'learning_rate': 0.014258058022094263}. Best is trial 0 with value: 19.064910888671875.
[I 2023-12-26 13:57:24,010] Trial 21 finished with value: 78.68497467041016 and parameters: {'gradient_clip_val': 0.12492224094134441, 'hidden_size': 7, 'dropout': 0.32578749788560596, 'hidden_continuous_size': 5, 'attention_head_size': 1, 'learning_rate': 0.041322060852107954}. Best is trial 0 with value: 19.064910888671875.
[I 2023-12-26 13:57:26,314] Trial 22 finished with value: 59.137664794921875 and parameters: {'gradient_clip_val': 0.18337364793734423, 'hidden_size': 14, 'dropout': 0.37756467070983496, 'hidden_continuous_size': 6, 'attention_head_size': 1, 'learning_rate': 0.03757590095375429}. Best is trial 0 with value: 19.064910888671875.
[I 2023-12-26 13:57:28,785] Trial 23 finished with value: 62.065670013427734 and parameters: {'gradient_clip_val': 0.12359288017585483, 'hidden_size': 17, 'dropout': 0.28510164006765915, 'hidden_continuous_size': 6, 'attention_head_size': 1, 'learning_rate': 0.062431741486441594}. Best is trial 0 with value: 19.064910888671875.
[I 2023-12-26 13:57:30,939] Trial 24 finished with value: 54.019073486328125 and parameters: {'gradient_clip_val': 0.17131504738163061, 'hidden_size': 7, 'dropout': 0.3186236100433964, 'hidden_continuous_size': 5, 'attention_head_size': 2, 'learning_rate': 0.02737717088139336}. Best is trial 0 with value: 19.064910888671875.
[I 2023-12-26 13:57:33,276] Trial 25 finished with value: 66.00263214111328 and parameters: {'gradient_clip_val': 0.12801484758323023, 'hidden_size': 25, 'dropout': 0.2492646552342233, 'hidden_continuous_size': 7, 'attention_head_size': 1, 'learning_rate': 0.06796297905192623}. Best is trial 0 with value: 19.064910888671875.
[I 2023-12-26 13:57:36,280] Trial 26 finished with value: 38.0824089050293 and parameters: {'gradient_clip_val': 0.19145591213088828, 'hidden_size': 45, 'dropout': 0.3426535320675022, 'hidden_continuous_size': 13, 'attention_head_size': 2, 'learning_rate': 0.031956067059036336}. Best is trial 0 with value: 19.064910888671875.
[I 2023-12-26 13:57:41,379] Trial 27 finished with value: 44.368221282958984 and parameters: {'gradient_clip_val': 0.21877983220208952, 'hidden_size': 83, 'dropout': 0.2930633358806286, 'hidden_continuous_size': 13, 'attention_head_size': 3, 'learning_rate': 0.02488770040722223}. Best is trial 0 with value: 19.064910888671875.
[I 2023-12-26 13:57:44,623] Trial 28 finished with value: 64.0301284790039 and parameters: {'gradient_clip_val': 0.17519961676076168, 'hidden_size': 48, 'dropout': 0.2566835126167855, 'hidden_continuous_size': 16, 'attention_head_size': 2, 'learning_rate': 0.016616278794031356}. Best is trial 0 with value: 19.064910888671875.
[I 2023-12-26 13:57:47,267] Trial 29 finished with value: 58.95103073120117 and parameters: {'gradient_clip_val': 0.2630483579879752, 'hidden_size': 34, 'dropout': 0.32684133360773443, 'hidden_continuous_size': 8, 'attention_head_size': 2, 'learning_rate': 0.03696463196706401}. Best is trial 0 with value: 19.064910888671875.
[I 2023-12-26 13:57:53,326] Trial 30 finished with value: 76.41412353515625 and parameters: {'gradient_clip_val': 0.20350852763730745, 'hidden_size': 99, 'dropout': 0.39093121039537315, 'hidden_continuous_size': 35, 'attention_head_size': 3, 'learning_rate': 0.01146976835073999}. Best is trial 0 with value: 19.064910888671875.
[I 2023-12-26 13:57:55,359] Trial 31 finished with value: 48.31422805786133 and parameters: {'gradient_clip_val': 0.10984233890266443, 'hidden_size': 5, 'dropout': 0.10730722435790374, 'hidden_continuous_size': 5, 'attention_head_size': 4, 'learning_rate': 0.0953110520663179}. Best is trial 0 with value: 19.064910888671875.
[I 2023-12-26 13:57:57,870] Trial 32 finished with value: 67.14795684814453 and parameters: {'gradient_clip_val': 0.13625138190119504, 'hidden_size': 12, 'dropout': 0.3332658921340014, 'hidden_continuous_size': 6, 'attention_head_size': 1, 'learning_rate': 0.05782371971219013}. Best is trial 0 with value: 19.064910888671875.
[I 2023-12-26 13:58:00,549] Trial 33 finished with value: 58.17890930175781 and parameters: {'gradient_clip_val': 0.15157540293580063, 'hidden_size': 15, 'dropout': 0.415821267169167, 'hidden_continuous_size': 7, 'attention_head_size': 1, 'learning_rate': 0.03093019915422321}. Best is trial 0 with value: 19.064910888671875.
[I 2023-12-26 13:58:03,252] Trial 34 finished with value: 60.35568618774414 and parameters: {'gradient_clip_val': 0.1079797855404148, 'hidden_size': 20, 'dropout': 0.3488747329352831, 'hidden_continuous_size': 8, 'attention_head_size': 1, 'learning_rate': 0.018116447253599486}. Best is trial 0 with value: 19.064910888671875.
[I 2023-12-26 13:58:06,276] Trial 35 finished with value: 80.42512512207031 and parameters: {'gradient_clip_val': 0.17662218610537878, 'hidden_size': 22, 'dropout': 0.4867889283194124, 'hidden_continuous_size': 10, 'attention_head_size': 2, 'learning_rate': 0.05832690128996857}. Best is trial 0 with value: 19.064910888671875.
[I 2023-12-26 13:58:08,785] Trial 36 finished with value: 54.780277252197266 and parameters: {'gradient_clip_val': 0.2927361227461271, 'hidden_size': 11, 'dropout': 0.44495978518505386, 'hidden_continuous_size': 6, 'attention_head_size': 1, 'learning_rate': 0.033220690804468385}. Best is trial 0 with value: 19.064910888671875.
[I 2023-12-26 13:58:11,309] Trial 37 finished with value: 66.48108673095703 and parameters: {'gradient_clip_val': 0.10070424140031298, 'hidden_size': 16, 'dropout': 0.29898002634142085, 'hidden_continuous_size': 9, 'attention_head_size': 2, 'learning_rate': 0.04662851241466069}. Best is trial 0 with value: 19.064910888671875.
[I 2023-12-26 13:58:13,716] Trial 38 finished with value: 63.215816497802734 and parameters: {'gradient_clip_val': 0.15536831862202574, 'hidden_size': 9, 'dropout': 0.27576690477596044, 'hidden_continuous_size': 6, 'attention_head_size': 1, 'learning_rate': 0.006802624620725715}. Best is trial 0 with value: 19.064910888671875.
[I 2023-12-26 13:58:16,651] Trial 39 finished with value: 40.95345687866211 and parameters: {'gradient_clip_val': 0.11505797764642266, 'hidden_size': 24, 'dropout': 0.40877832309142437, 'hidden_continuous_size': 10, 'attention_head_size': 2, 'learning_rate': 0.025326078419340897}. Best is trial 0 with value: 19.064910888671875.
[I 2023-12-26 13:58:20,083] Trial 40 finished with value: 60.3480339050293 and parameters: {'gradient_clip_val': 0.1407238046831526, 'hidden_size': 23, 'dropout': 0.39723254729919044, 'hidden_continuous_size': 10, 'attention_head_size': 3, 'learning_rate': 0.020937581872879845}. Best is trial 0 with value: 19.064910888671875.
[I 2023-12-26 13:58:22,898] Trial 41 finished with value: 56.701446533203125 and parameters: {'gradient_clip_val': 0.11619533278247177, 'hidden_size': 19, 'dropout': 0.4340283698161526, 'hidden_continuous_size': 11, 'attention_head_size': 2, 'learning_rate': 0.026667030574316578}. Best is trial 0 with value: 19.064910888671875.
