[I 2023-12-26 17:22:45,026] Trial 48 finished with value: 62.341121673583984 and parameters: {'gradient_clip_val': 0.25965697995268283, 'hidden_size': 8, 'dropout': 0.15866334515064892, 'hidden_continuous_size': 5, 'attention_head_size': 3, 'learning_rate': 0.0007711628256216448}. Best is trial 0 with value: 13.55854320526123.
[I 2023-12-26 17:22:47,245] Trial 49 finished with value: 48.941741943359375 and parameters: {'gradient_clip_val': 0.28073958203099114, 'hidden_size': 14, 'dropout': 0.19576986960747045, 'hidden_continuous_size': 7, 'attention_head_size': 3, 'learning_rate': 0.000501212825986501}. Best is trial 0 with value: 13.55854320526123.
[I 2023-12-26 17:22:47,371] A new study created in memory with name: no-name-ad191973-b9ff-4195-824c-d8116f4023c7
/home/le004/conda/anaconda3/envs/tsff_env/lib/python3.9/site-packages/lightning/fabric/plugins/environments/slurm.py:191: The `srun` command is available on your system but is not used. HINT: If your intention is to run Lightning on SLURM, prepend your python command with `srun` like so: srun python /home/le004/master_thesis/git/TSFusionForecast/code/ ...
[I 2023-12-26 17:25:03,298] Trial 0 finished with value: 10.757434844970703 and parameters: {'gradient_clip_val': 0.8852067781342018, 'hidden_size': 13, 'dropout': 0.28280026757135196, 'hidden_continuous_size': 9, 'attention_head_size': 3, 'learning_rate': 0.033695553707006824}. Best is trial 0 with value: 10.757434844970703.
[I 2023-12-26 17:25:05,266] Trial 1 finished with value: 40.550270080566406 and parameters: {'gradient_clip_val': 0.3033475525795137, 'hidden_size': 11, 'dropout': 0.46743714662689084, 'hidden_continuous_size': 11, 'attention_head_size': 4, 'learning_rate': 0.03765306207374308}. Best is trial 0 with value: 10.757434844970703.
[I 2023-12-26 17:25:07,544] Trial 2 finished with value: 40.07394790649414 and parameters: {'gradient_clip_val': 0.14479389763903566, 'hidden_size': 21, 'dropout': 0.3050973807659937, 'hidden_continuous_size': 10, 'attention_head_size': 4, 'learning_rate': 0.010160254691746935}. Best is trial 0 with value: 10.757434844970703.
[I 2023-12-26 17:25:09,625] Trial 3 finished with value: 42.54743576049805 and parameters: {'gradient_clip_val': 0.13793810229801656, 'hidden_size': 17, 'dropout': 0.19177210262731706, 'hidden_continuous_size': 6, 'attention_head_size': 3, 'learning_rate': 0.0009235178787219615}. Best is trial 0 with value: 10.757434844970703.
[I 2023-12-26 17:25:11,819] Trial 4 finished with value: 37.591312408447266 and parameters: {'gradient_clip_val': 0.11233485341128387, 'hidden_size': 15, 'dropout': 0.2568865185049297, 'hidden_continuous_size': 13, 'attention_head_size': 3, 'learning_rate': 0.0038234669674250044}. Best is trial 0 with value: 10.757434844970703.
[I 2023-12-26 17:25:20,154] Trial 5 finished with value: 40.14493942260742 and parameters: {'gradient_clip_val': 0.14625196351916203, 'hidden_size': 137, 'dropout': 0.3196930407444032, 'hidden_continuous_size': 13, 'attention_head_size': 1, 'learning_rate': 0.0027681676681441136}. Best is trial 0 with value: 10.757434844970703.
[I 2023-12-26 17:25:22,596] Trial 6 finished with value: 31.01403045654297 and parameters: {'gradient_clip_val': 0.7651745702617778, 'hidden_size': 28, 'dropout': 0.22812289829744567, 'hidden_continuous_size': 18, 'attention_head_size': 1, 'learning_rate': 0.005583438033357516}. Best is trial 0 with value: 10.757434844970703.
[I 2023-12-26 17:25:25,411] Trial 7 finished with value: 40.20205307006836 and parameters: {'gradient_clip_val': 0.5229644054337079, 'hidden_size': 44, 'dropout': 0.4106097687470044, 'hidden_continuous_size': 8, 'attention_head_size': 3, 'learning_rate': 0.03248851000343567}. Best is trial 0 with value: 10.757434844970703.
[I 2023-12-26 17:25:30,122] Trial 8 finished with value: 49.71072006225586 and parameters: {'gradient_clip_val': 0.17868954554515645, 'hidden_size': 78, 'dropout': 0.41583185508718723, 'hidden_continuous_size': 13, 'attention_head_size': 3, 'learning_rate': 0.00303480700999529}. Best is trial 0 with value: 10.757434844970703.
[I 2023-12-26 17:25:31,990] Trial 9 finished with value: 46.28497314453125 and parameters: {'gradient_clip_val': 0.14946019004452224, 'hidden_size': 6, 'dropout': 0.1281724000780546, 'hidden_continuous_size': 5, 'attention_head_size': 2, 'learning_rate': 0.0076757826445739115}. Best is trial 0 with value: 10.757434844970703.
[I 2023-12-26 17:25:33,961] Trial 10 finished with value: 38.88994216918945 and parameters: {'gradient_clip_val': 0.9982154578015855, 'hidden_size': 5, 'dropout': 0.11374743033056126, 'hidden_continuous_size': 5, 'attention_head_size': 2, 'learning_rate': 0.06852484124735259}. Best is trial 0 with value: 10.757434844970703.
[I 2023-12-26 17:25:36,628] Trial 11 finished with value: 35.27924728393555 and parameters: {'gradient_clip_val': 0.8542238537642837, 'hidden_size': 35, 'dropout': 0.2411329742099216, 'hidden_continuous_size': 22, 'attention_head_size': 1, 'learning_rate': 0.014277798786073784}. Best is trial 0 with value: 10.757434844970703.
[I 2023-12-26 17:25:39,297] Trial 12 finished with value: 42.36076736450195 and parameters: {'gradient_clip_val': 0.6648026275843546, 'hidden_size': 31, 'dropout': 0.19744069421807098, 'hidden_continuous_size': 21, 'attention_head_size': 2, 'learning_rate': 0.08895673441595421}. Best is trial 0 with value: 10.757434844970703.
[I 2023-12-26 17:25:41,273] Trial 13 finished with value: 41.11903762817383 and parameters: {'gradient_clip_val': 0.5452316243972514, 'hidden_size': 9, 'dropout': 0.3388106714911472, 'hidden_continuous_size': 6, 'attention_head_size': 1, 'learning_rate': 0.019331126670082497}. Best is trial 0 with value: 10.757434844970703.
[I 2023-12-26 17:25:43,650] Trial 14 finished with value: 36.1890754699707 and parameters: {'gradient_clip_val': 0.8073994853867403, 'hidden_size': 23, 'dropout': 0.25657901666049576, 'hidden_continuous_size': 17, 'attention_head_size': 2, 'learning_rate': 0.02203943215085447}. Best is trial 0 with value: 10.757434844970703.
[I 2023-12-26 17:25:45,757] Trial 15 finished with value: 47.6088752746582 and parameters: {'gradient_clip_val': 0.44982934323336077, 'hidden_size': 11, 'dropout': 0.3385046898334809, 'hidden_continuous_size': 8, 'attention_head_size': 4, 'learning_rate': 0.006067060690976831}. Best is trial 0 with value: 10.757434844970703.
[I 2023-12-26 17:25:48,882] Trial 16 finished with value: 37.18159484863281 and parameters: {'gradient_clip_val': 0.980950853377856, 'hidden_size': 47, 'dropout': 0.174962065405735, 'hidden_continuous_size': 28, 'attention_head_size': 1, 'learning_rate': 0.04448235430593844}. Best is trial 0 with value: 10.757434844970703.
[I 2023-12-26 17:25:51,197] Trial 17 finished with value: 29.795944213867188 and parameters: {'gradient_clip_val': 0.680632883227602, 'hidden_size': 23, 'dropout': 0.2736799033738573, 'hidden_continuous_size': 16, 'attention_head_size': 2, 'learning_rate': 0.013494710237355089}. Best is trial 0 with value: 10.757434844970703.
[I 2023-12-26 17:25:53,166] Trial 18 finished with value: 51.64093017578125 and parameters: {'gradient_clip_val': 0.6635050645084902, 'hidden_size': 16, 'dropout': 0.27751572318699674, 'hidden_continuous_size': 9, 'attention_head_size': 3, 'learning_rate': 0.014251606144156154}. Best is trial 0 with value: 10.757434844970703.
[I 2023-12-26 17:25:55,063] Trial 19 finished with value: 40.16291427612305 and parameters: {'gradient_clip_val': 0.3742200820366801, 'hidden_size': 8, 'dropout': 0.291176278732965, 'hidden_continuous_size': 6, 'attention_head_size': 2, 'learning_rate': 0.05353181259478091}. Best is trial 0 with value: 10.757434844970703.
[I 2023-12-26 17:25:57,137] Trial 20 finished with value: 47.104007720947266 and parameters: {'gradient_clip_val': 0.6374484720356253, 'hidden_size': 12, 'dropout': 0.3740938377165366, 'hidden_continuous_size': 7, 'attention_head_size': 3, 'learning_rate': 0.022032917004837123}. Best is trial 0 with value: 10.757434844970703.
[I 2023-12-26 17:25:59,347] Trial 21 finished with value: 41.054466247558594 and parameters: {'gradient_clip_val': 0.7718180858990981, 'hidden_size': 24, 'dropout': 0.2269802614088122, 'hidden_continuous_size': 16, 'attention_head_size': 1, 'learning_rate': 0.010790398189811612}. Best is trial 0 with value: 10.757434844970703.
[I 2023-12-26 17:26:01,766] Trial 22 finished with value: 44.09550476074219 and parameters: {'gradient_clip_val': 0.7736387541482124, 'hidden_size': 19, 'dropout': 0.28857855199892396, 'hidden_continuous_size': 11, 'attention_head_size': 2, 'learning_rate': 0.028953285359157695}. Best is trial 0 with value: 10.757434844970703.
[I 2023-12-26 17:26:04,226] Trial 23 finished with value: 40.54948043823242 and parameters: {'gradient_clip_val': 0.9990144970166103, 'hidden_size': 29, 'dropout': 0.2237802856371783, 'hidden_continuous_size': 16, 'attention_head_size': 1, 'learning_rate': 0.09592509071855485}. Best is trial 0 with value: 10.757434844970703.
[I 2023-12-26 17:26:06,351] Trial 24 finished with value: 39.88846206665039 and parameters: {'gradient_clip_val': 0.6225944811109637, 'hidden_size': 14, 'dropout': 0.2623032718494889, 'hidden_continuous_size': 9, 'attention_head_size': 2, 'learning_rate': 0.007117559674612372}. Best is trial 0 with value: 10.757434844970703.
[I 2023-12-26 17:26:08,584] Trial 25 finished with value: 49.76620864868164 and parameters: {'gradient_clip_val': 0.48092563245018405, 'hidden_size': 20, 'dropout': 0.21878737578672744, 'hidden_continuous_size': 12, 'attention_head_size': 3, 'learning_rate': 0.051112964311433084}. Best is trial 0 with value: 10.757434844970703.
[I 2023-12-26 17:26:10,861] Trial 26 finished with value: 34.291378021240234 and parameters: {'gradient_clip_val': 0.8129263987289772, 'hidden_size': 24, 'dropout': 0.15857559584607045, 'hidden_continuous_size': 15, 'attention_head_size': 2, 'learning_rate': 0.0279397379455684}. Best is trial 0 with value: 10.757434844970703.
[I 2023-12-26 17:26:13,555] Trial 27 finished with value: 38.1441650390625 and parameters: {'gradient_clip_val': 0.5852963772175642, 'hidden_size': 36, 'dropout': 0.26977884194649115, 'hidden_continuous_size': 34, 'attention_head_size': 1, 'learning_rate': 0.01523357907969733}. Best is trial 0 with value: 10.757434844970703.
[I 2023-12-26 17:26:15,721] Trial 28 finished with value: 33.82351303100586 and parameters: {'gradient_clip_val': 0.7164287634470431, 'hidden_size': 13, 'dropout': 0.31032049867176603, 'hidden_continuous_size': 9, 'attention_head_size': 4, 'learning_rate': 0.005115568741829642}. Best is trial 0 with value: 10.757434844970703.
[I 2023-12-26 17:26:17,779] Trial 29 finished with value: 32.19013595581055 and parameters: {'gradient_clip_val': 0.4156465673056203, 'hidden_size': 9, 'dropout': 0.2089999189173698, 'hidden_continuous_size': 7, 'attention_head_size': 3, 'learning_rate': 0.010287793205785933}. Best is trial 0 with value: 10.757434844970703.
[I 2023-12-26 17:26:19,944] Trial 30 finished with value: 33.148860931396484 and parameters: {'gradient_clip_val': 0.32485763515312527, 'hidden_size': 17, 'dropout': 0.23597716343218628, 'hidden_continuous_size': 10, 'attention_head_size': 4, 'learning_rate': 0.03790408674461171}. Best is trial 0 with value: 10.757434844970703.
[I 2023-12-26 17:26:21,987] Trial 31 finished with value: 31.899831771850586 and parameters: {'gradient_clip_val': 0.4368401492761515, 'hidden_size': 9, 'dropout': 0.2038015388205605, 'hidden_continuous_size': 7, 'attention_head_size': 3, 'learning_rate': 0.01309601569490762}. Best is trial 0 with value: 10.757434844970703.
[I 2023-12-26 17:26:23,978] Trial 32 finished with value: 43.80147933959961 and parameters: {'gradient_clip_val': 0.579266410464846, 'hidden_size': 7, 'dropout': 0.16336976791067778, 'hidden_continuous_size': 5, 'attention_head_size': 3, 'learning_rate': 0.009369374461613745}. Best is trial 0 with value: 10.757434844970703.
[I 2023-12-26 17:26:26,300] Trial 33 finished with value: 33.22066116333008 and parameters: {'gradient_clip_val': 0.5290807564536003, 'hidden_size': 11, 'dropout': 0.1894021176665398, 'hidden_continuous_size': 8, 'attention_head_size': 4, 'learning_rate': 0.018063325977531023}. Best is trial 0 with value: 10.757434844970703.
[I 2023-12-26 17:26:28,530] Trial 34 finished with value: 37.9847412109375 and parameters: {'gradient_clip_val': 0.7034400800643776, 'hidden_size': 19, 'dropout': 0.24306134038920887, 'hidden_continuous_size': 11, 'attention_head_size': 3, 'learning_rate': 0.0125864195751544}. Best is trial 0 with value: 10.757434844970703.
[I 2023-12-26 17:26:30,735] Trial 35 finished with value: 49.09049606323242 and parameters: {'gradient_clip_val': 0.8820663476366917, 'hidden_size': 15, 'dropout': 0.29309776009498983, 'hidden_continuous_size': 10, 'attention_head_size': 3, 'learning_rate': 0.008608589253172991}. Best is trial 0 with value: 10.757434844970703.
[I 2023-12-26 17:26:32,780] Trial 36 finished with value: 29.97181510925293 and parameters: {'gradient_clip_val': 0.7198633533789508, 'hidden_size': 12, 'dropout': 0.20547475689722108, 'hidden_continuous_size': 7, 'attention_head_size': 2, 'learning_rate': 0.024421880872269385}. Best is trial 0 with value: 10.757434844970703.
[I 2023-12-26 17:26:35,013] Trial 37 finished with value: 49.68865966796875 and parameters: {'gradient_clip_val': 0.8829434736187426, 'hidden_size': 21, 'dropout': 0.2657588822805687, 'hidden_continuous_size': 12, 'attention_head_size': 2, 'learning_rate': 0.03613985957054298}. Best is trial 0 with value: 10.757434844970703.
[I 2023-12-26 17:26:37,117] Trial 38 finished with value: 37.64533233642578 and parameters: {'gradient_clip_val': 0.7100494047342357, 'hidden_size': 13, 'dropout': 0.4938466791633977, 'hidden_continuous_size': 7, 'attention_head_size': 2, 'learning_rate': 0.025303713743931713}. Best is trial 0 with value: 10.757434844970703.
[I 2023-12-26 17:26:39,600] Trial 39 finished with value: 34.50566101074219 and parameters: {'gradient_clip_val': 0.5045572115554715, 'hidden_size': 27, 'dropout': 0.24496411159730977, 'hidden_continuous_size': 18, 'attention_head_size': 1, 'learning_rate': 0.0016188576101288758}. Best is trial 0 with value: 10.757434844970703.
[I 2023-12-26 17:26:41,775] Trial 40 finished with value: 43.77223587036133 and parameters: {'gradient_clip_val': 0.5825157847825121, 'hidden_size': 17, 'dropout': 0.31273441143753344, 'hidden_continuous_size': 14, 'attention_head_size': 2, 'learning_rate': 0.017615510191531816}. Best is trial 0 with value: 10.757434844970703.
[I 2023-12-26 17:26:43,829] Trial 41 finished with value: 35.20698928833008 and parameters: {'gradient_clip_val': 0.7452899659941111, 'hidden_size': 10, 'dropout': 0.20570274344989148, 'hidden_continuous_size': 8, 'attention_head_size': 3, 'learning_rate': 0.012052885298532804}. Best is trial 0 with value: 10.757434844970703.
[I 2023-12-26 17:26:45,789] Trial 42 finished with value: 47.59442138671875 and parameters: {'gradient_clip_val': 0.6220017864933092, 'hidden_size': 7, 'dropout': 0.1858370096664137, 'hidden_continuous_size': 6, 'attention_head_size': 3, 'learning_rate': 0.02602980084445777}. Best is trial 0 with value: 10.757434844970703.
[I 2023-12-26 17:26:47,862] Trial 43 finished with value: 38.22381591796875 and parameters: {'gradient_clip_val': 0.9067090292406343, 'hidden_size': 12, 'dropout': 0.21161626719851936, 'hidden_continuous_size': 7, 'attention_head_size': 2, 'learning_rate': 0.004766996447196048}. Best is trial 0 with value: 10.757434844970703.
[I 2023-12-26 17:26:50,069] Trial 44 finished with value: 31.473127365112305 and parameters: {'gradient_clip_val': 0.8162534165092149, 'hidden_size': 15, 'dropout': 0.23647652226271137, 'hidden_continuous_size': 12, 'attention_head_size': 3, 'learning_rate': 0.007817246434211791}. Best is trial 0 with value: 10.757434844970703.
[I 2023-12-26 17:26:52,464] Trial 45 finished with value: 39.9808235168457 and parameters: {'gradient_clip_val': 0.8333434945699222, 'hidden_size': 14, 'dropout': 0.2506213030170655, 'hidden_continuous_size': 12, 'attention_head_size': 2, 'learning_rate': 0.008056645536578965}. Best is trial 0 with value: 10.757434844970703.
[I 2023-12-26 17:26:54,670] Trial 46 finished with value: 31.620527267456055 and parameters: {'gradient_clip_val': 0.7409507912353053, 'hidden_size': 18, 'dropout': 0.2751660119095917, 'hidden_continuous_size': 14, 'attention_head_size': 3, 'learning_rate': 0.0030774690180264542}. Best is trial 0 with value: 10.757434844970703.
[I 2023-12-26 17:26:56,850] Trial 47 finished with value: 37.64178466796875 and parameters: {'gradient_clip_val': 0.9047286143973021, 'hidden_size': 15, 'dropout': 0.231683120603732, 'hidden_continuous_size': 11, 'attention_head_size': 1, 'learning_rate': 0.0056566367780261735}. Best is trial 0 with value: 10.757434844970703.
[I 2023-12-26 17:26:59,158] Trial 48 finished with value: 47.09819412231445 and parameters: {'gradient_clip_val': 0.6649992643956054, 'hidden_size': 22, 'dropout': 0.24726023109550713, 'hidden_continuous_size': 13, 'attention_head_size': 2, 'learning_rate': 0.007035690466396148}. Best is trial 0 with value: 10.757434844970703.
[I 2023-12-26 17:27:01,621] Trial 49 finished with value: 37.40456771850586 and parameters: {'gradient_clip_val': 0.8241112920640147, 'hidden_size': 26, 'dropout': 0.28199561388986516, 'hidden_continuous_size': 19, 'attention_head_size': 3, 'learning_rate': 0.003944790636756702}. Best is trial 0 with value: 10.757434844970703.
[I 2023-12-26 17:27:01,739] A new study created in memory with name: no-name-48abca5f-e058-4e5e-8fc0-cd56d65fcbee
/home/le004/conda/anaconda3/envs/tsff_env/lib/python3.9/site-packages/lightning/fabric/plugins/environments/slurm.py:191: The `srun` command is available on your system but is not used. HINT: If your intention is to run Lightning on SLURM, prepend your python command with `srun` like so: srun python /home/le004/master_thesis/git/TSFusionForecast/code/ ...
[I 2023-12-26 17:29:03,603] Trial 0 finished with value: 60.45389175415039 and parameters: {'gradient_clip_val': 0.6469859107394844, 'hidden_size': 20, 'dropout': 0.2997918320452142, 'hidden_continuous_size': 14, 'attention_head_size': 1, 'learning_rate': 0.07579310511047724}. Best is trial 0 with value: 60.45389175415039.
[I 2023-12-26 17:29:05,679] Trial 1 finished with value: 95.5791015625 and parameters: {'gradient_clip_val': 0.7046304813414543, 'hidden_size': 12, 'dropout': 0.3010116183462439, 'hidden_continuous_size': 6, 'attention_head_size': 3, 'learning_rate': 0.0038005479343130723}. Best is trial 0 with value: 60.45389175415039.
[I 2023-12-26 17:29:07,915] Trial 2 finished with value: 112.90157318115234 and parameters: {'gradient_clip_val': 0.44563782180617995, 'hidden_size': 12, 'dropout': 0.2184838786562803, 'hidden_continuous_size': 8, 'attention_head_size': 2, 'learning_rate': 0.029078206041735985}. Best is trial 0 with value: 60.45389175415039.
[I 2023-12-26 17:29:09,671] Trial 3 finished with value: 123.79715728759766 and parameters: {'gradient_clip_val': 0.11264795248269728, 'hidden_size': 5, 'dropout': 0.14451417564339117, 'hidden_continuous_size': 5, 'attention_head_size': 2, 'learning_rate': 0.0025942182674093682}. Best is trial 0 with value: 60.45389175415039.
[I 2023-12-26 17:29:11,704] Trial 4 finished with value: 165.55076599121094 and parameters: {'gradient_clip_val': 0.642773268274101, 'hidden_size': 12, 'dropout': 0.4818155622315592, 'hidden_continuous_size': 7, 'attention_head_size': 2, 'learning_rate': 0.01115671366405105}. Best is trial 0 with value: 60.45389175415039.
[I 2023-12-26 17:29:13,838] Trial 5 finished with value: 120.71564483642578 and parameters: {'gradient_clip_val': 0.19161816364059092, 'hidden_size': 18, 'dropout': 0.38468552932019173, 'hidden_continuous_size': 7, 'attention_head_size': 3, 'learning_rate': 0.07293019493244665}. Best is trial 0 with value: 60.45389175415039.
[I 2023-12-26 17:29:17,264] Trial 6 finished with value: 110.6240463256836 and parameters: {'gradient_clip_val': 0.2860323400578942, 'hidden_size': 50, 'dropout': 0.2683863727336495, 'hidden_continuous_size': 35, 'attention_head_size': 3, 'learning_rate': 0.014133335145444759}. Best is trial 0 with value: 60.45389175415039.
[I 2023-12-26 17:29:19,106] Trial 7 finished with value: 138.21966552734375 and parameters: {'gradient_clip_val': 0.15822479973044684, 'hidden_size': 5, 'dropout': 0.20526318140429545, 'hidden_continuous_size': 5, 'attention_head_size': 4, 'learning_rate': 0.0731746877594089}. Best is trial 0 with value: 60.45389175415039.
[I 2023-12-26 17:29:26,690] Trial 8 finished with value: 98.35282135009766 and parameters: {'gradient_clip_val': 0.4012663725136463, 'hidden_size': 113, 'dropout': 0.3876096080584023, 'hidden_continuous_size': 14, 'attention_head_size': 3, 'learning_rate': 0.018936280873919208}. Best is trial 0 with value: 60.45389175415039.
[I 2023-12-26 17:29:31,017] Trial 9 finished with value: 120.19060516357422 and parameters: {'gradient_clip_val': 0.3180804069959522, 'hidden_size': 51, 'dropout': 0.23611673453540463, 'hidden_continuous_size': 11, 'attention_head_size': 1, 'learning_rate': 0.08715959740469081}. Best is trial 0 with value: 60.45389175415039.
[I 2023-12-26 17:29:33,483] Trial 10 finished with value: 102.938232421875 and parameters: {'gradient_clip_val': 0.9953378299250303, 'hidden_size': 29, 'dropout': 0.12150887092132193, 'hidden_continuous_size': 17, 'attention_head_size': 1, 'learning_rate': 0.0005916703817028957}. Best is trial 0 with value: 60.45389175415039.
[I 2023-12-26 17:29:35,567] Trial 11 finished with value: 154.7948455810547 and parameters: {'gradient_clip_val': 0.7427852612150693, 'hidden_size': 12, 'dropout': 0.3231803556283559, 'hidden_continuous_size': 6, 'attention_head_size': 4, 'learning_rate': 0.004462576357279234}. Best is trial 0 with value: 60.45389175415039.
