[I 2023-12-26 14:15:06,554] Trial 45 finished with value: 4.9063568115234375 and parameters: {'gradient_clip_val': 0.9101809183195817, 'hidden_size': 126, 'dropout': 0.11885304299847269, 'hidden_continuous_size': 13, 'attention_head_size': 1, 'learning_rate': 0.003073217453039069}. Best is trial 0 with value: 0.04041590914130211.
[I 2023-12-26 14:15:13,205] Trial 46 finished with value: 3.6445295810699463 and parameters: {'gradient_clip_val': 0.7599352362481675, 'hidden_size': 92, 'dropout': 0.1416100588763102, 'hidden_continuous_size': 49, 'attention_head_size': 2, 'learning_rate': 0.07422605490931859}. Best is trial 0 with value: 0.04041590914130211.
[I 2023-12-26 14:15:19,762] Trial 47 finished with value: 2.7307727336883545 and parameters: {'gradient_clip_val': 0.44826387111447313, 'hidden_size': 81, 'dropout': 0.18285895431574187, 'hidden_continuous_size': 40, 'attention_head_size': 2, 'learning_rate': 0.00920070206164654}. Best is trial 0 with value: 0.04041590914130211.
[I 2023-12-26 14:15:25,265] Trial 48 finished with value: 3.8438186645507812 and parameters: {'gradient_clip_val': 0.4402769366089862, 'hidden_size': 77, 'dropout': 0.1939588230660488, 'hidden_continuous_size': 45, 'attention_head_size': 3, 'learning_rate': 0.0037892710257405524}. Best is trial 0 with value: 0.04041590914130211.
[I 2023-12-26 14:15:29,183] Trial 49 finished with value: 4.331684112548828 and parameters: {'gradient_clip_val': 0.4922344348109561, 'hidden_size': 49, 'dropout': 0.25055423802916915, 'hidden_continuous_size': 32, 'attention_head_size': 2, 'learning_rate': 0.009607545130721368}. Best is trial 0 with value: 0.04041590914130211.
[I 2023-12-26 14:15:29,313] A new study created in memory with name: no-name-63a65abe-9dbf-4652-ba66-6e143a790941
/home/le004/conda/anaconda3/envs/tsff_env/lib/python3.9/site-packages/lightning/fabric/plugins/environments/slurm.py:191: The `srun` command is available on your system but is not used. HINT: If your intention is to run Lightning on SLURM, prepend your python command with `srun` like so: srun python /home/le004/master_thesis/git/TSFusionForecast/code/ ...
[I 2023-12-26 14:20:27,365] Trial 0 finished with value: 0.07571110874414444 and parameters: {'gradient_clip_val': 0.6043213678770399, 'hidden_size': 15, 'dropout': 0.22217494344503988, 'hidden_continuous_size': 11, 'attention_head_size': 3, 'learning_rate': 0.00444792524391795}. Best is trial 0 with value: 0.07571110874414444.
[I 2023-12-26 14:20:30,842] Trial 1 finished with value: 2.3733081817626953 and parameters: {'gradient_clip_val': 0.12581387439754294, 'hidden_size': 30, 'dropout': 0.12423669957215765, 'hidden_continuous_size': 10, 'attention_head_size': 4, 'learning_rate': 0.01945135748692537}. Best is trial 0 with value: 0.07571110874414444.
[I 2023-12-26 14:20:33,238] Trial 2 finished with value: 4.224430084228516 and parameters: {'gradient_clip_val': 0.6605067677566189, 'hidden_size': 18, 'dropout': 0.32604624633796897, 'hidden_continuous_size': 18, 'attention_head_size': 2, 'learning_rate': 0.05545953774444613}. Best is trial 0 with value: 0.07571110874414444.
[I 2023-12-26 14:20:40,643] Trial 3 finished with value: 2.912210464477539 and parameters: {'gradient_clip_val': 0.2917231206533258, 'hidden_size': 96, 'dropout': 0.15950517817261983, 'hidden_continuous_size': 14, 'attention_head_size': 2, 'learning_rate': 0.0009666499953203087}. Best is trial 0 with value: 0.07571110874414444.
[I 2023-12-26 14:20:42,985] Trial 4 finished with value: 3.3395397663116455 and parameters: {'gradient_clip_val': 0.5354002529665124, 'hidden_size': 16, 'dropout': 0.4873674530504699, 'hidden_continuous_size': 8, 'attention_head_size': 3, 'learning_rate': 0.0481664151583881}. Best is trial 0 with value: 0.07571110874414444.
[I 2023-12-26 14:20:46,875] Trial 5 finished with value: 3.39026141166687 and parameters: {'gradient_clip_val': 0.6420559069753673, 'hidden_size': 44, 'dropout': 0.38526623470784893, 'hidden_continuous_size': 12, 'attention_head_size': 4, 'learning_rate': 0.001668346010105839}. Best is trial 0 with value: 0.07571110874414444.
[I 2023-12-26 14:20:52,703] Trial 6 finished with value: 3.0860612392425537 and parameters: {'gradient_clip_val': 0.13687973459090816, 'hidden_size': 70, 'dropout': 0.46731083340961155, 'hidden_continuous_size': 14, 'attention_head_size': 3, 'learning_rate': 0.004090620460486765}. Best is trial 0 with value: 0.07571110874414444.
[I 2023-12-26 14:20:55,276] Trial 7 finished with value: 3.488013982772827 and parameters: {'gradient_clip_val': 0.7300168301260525, 'hidden_size': 17, 'dropout': 0.16910436445663524, 'hidden_continuous_size': 6, 'attention_head_size': 4, 'learning_rate': 0.042292147905399445}. Best is trial 0 with value: 0.07571110874414444.
[I 2023-12-26 14:20:57,399] Trial 8 finished with value: 4.266119956970215 and parameters: {'gradient_clip_val': 0.17025454628248748, 'hidden_size': 7, 'dropout': 0.4416694161906204, 'hidden_continuous_size': 7, 'attention_head_size': 3, 'learning_rate': 0.04786559463118287}. Best is trial 0 with value: 0.07571110874414444.
[I 2023-12-26 14:21:00,030] Trial 9 finished with value: 3.417163610458374 and parameters: {'gradient_clip_val': 0.5692040027533909, 'hidden_size': 20, 'dropout': 0.11057702461607138, 'hidden_continuous_size': 19, 'attention_head_size': 1, 'learning_rate': 0.07021114881631269}. Best is trial 0 with value: 0.07571110874414444.
[I 2023-12-26 14:21:02,101] Trial 10 finished with value: 2.865354537963867 and parameters: {'gradient_clip_val': 0.9711841687204807, 'hidden_size': 5, 'dropout': 0.25776342046683715, 'hidden_continuous_size': 5, 'attention_head_size': 1, 'learning_rate': 0.007931773504191254}. Best is trial 0 with value: 0.07571110874414444.
[I 2023-12-26 14:21:05,655] Trial 11 finished with value: 3.3932762145996094 and parameters: {'gradient_clip_val': 0.10274707709460844, 'hidden_size': 37, 'dropout': 0.22375294462849668, 'hidden_continuous_size': 10, 'attention_head_size': 4, 'learning_rate': 0.01269070389686481}. Best is trial 0 with value: 0.07571110874414444.
[I 2023-12-26 14:21:08,463] Trial 12 finished with value: 2.4751837253570557 and parameters: {'gradient_clip_val': 0.3415638619791272, 'hidden_size': 10, 'dropout': 0.10651184372246356, 'hidden_continuous_size': 8, 'attention_head_size': 4, 'learning_rate': 0.014686736411624398}. Best is trial 0 with value: 0.07571110874414444.
[I 2023-12-26 14:21:11,793] Trial 13 finished with value: 3.6759729385375977 and parameters: {'gradient_clip_val': 0.22490802927412487, 'hidden_size': 29, 'dropout': 0.20927739660869366, 'hidden_continuous_size': 26, 'attention_head_size': 3, 'learning_rate': 0.004890304534195736}. Best is trial 0 with value: 0.07571110874414444.
[I 2023-12-26 14:21:16,646] Trial 14 finished with value: 2.4582910537719727 and parameters: {'gradient_clip_val': 0.39651133626685453, 'hidden_size': 54, 'dropout': 0.2875806405680381, 'hidden_continuous_size': 33, 'attention_head_size': 2, 'learning_rate': 0.002392437453044473}. Best is trial 0 with value: 0.07571110874414444.
[I 2023-12-26 14:21:19,776] Trial 15 finished with value: 2.4232749938964844 and parameters: {'gradient_clip_val': 0.23758225238621863, 'hidden_size': 29, 'dropout': 0.17871713390861813, 'hidden_continuous_size': 10, 'attention_head_size': 4, 'learning_rate': 0.019757982722475188}. Best is trial 0 with value: 0.07571110874414444.
[I 2023-12-26 14:21:30,736] Trial 16 finished with value: 3.06780743598938 and parameters: {'gradient_clip_val': 0.39363447631239673, 'hidden_size': 133, 'dropout': 0.23892986549318754, 'hidden_continuous_size': 55, 'attention_head_size': 3, 'learning_rate': 0.0006343678527518472}. Best is trial 0 with value: 0.07571110874414444.
[I 2023-12-26 14:21:33,134] Trial 17 finished with value: 3.031466245651245 and parameters: {'gradient_clip_val': 0.16420243375546842, 'hidden_size': 11, 'dropout': 0.1379610020923423, 'hidden_continuous_size': 5, 'attention_head_size': 4, 'learning_rate': 0.02544161357858116}. Best is trial 0 with value: 0.07571110874414444.
[I 2023-12-26 14:21:35,921] Trial 18 finished with value: 3.856595754623413 and parameters: {'gradient_clip_val': 0.1047776725186827, 'hidden_size': 24, 'dropout': 0.19173789080736667, 'hidden_continuous_size': 9, 'attention_head_size': 3, 'learning_rate': 0.007155697770935438}. Best is trial 0 with value: 0.07571110874414444.
[I 2023-12-26 14:21:38,366] Trial 19 finished with value: 2.9007813930511475 and parameters: {'gradient_clip_val': 0.4604070277098798, 'hidden_size': 13, 'dropout': 0.13187562939265354, 'hidden_continuous_size': 7, 'attention_head_size': 2, 'learning_rate': 0.010248783239865215}. Best is trial 0 with value: 0.07571110874414444.
[I 2023-12-26 14:21:41,824] Trial 20 finished with value: 2.049915075302124 and parameters: {'gradient_clip_val': 0.2777243623993919, 'hidden_size': 34, 'dropout': 0.1964052606462376, 'hidden_continuous_size': 11, 'attention_head_size': 4, 'learning_rate': 0.09474945795203388}. Best is trial 0 with value: 0.07571110874414444.
[I 2023-12-26 14:21:45,221] Trial 21 finished with value: 2.612114191055298 and parameters: {'gradient_clip_val': 0.2820936349797425, 'hidden_size': 33, 'dropout': 0.19734898087775507, 'hidden_continuous_size': 11, 'attention_head_size': 4, 'learning_rate': 0.08129455086480944}. Best is trial 0 with value: 0.07571110874414444.
[I 2023-12-26 14:21:48,042] Trial 22 finished with value: 2.7963778972625732 and parameters: {'gradient_clip_val': 0.23137389335954076, 'hidden_size': 24, 'dropout': 0.15205965882006212, 'hidden_continuous_size': 9, 'attention_head_size': 4, 'learning_rate': 0.09183833276852915}. Best is trial 0 with value: 0.07571110874414444.
[I 2023-12-26 14:21:52,422] Trial 23 finished with value: 2.355229139328003 and parameters: {'gradient_clip_val': 0.4512694866018437, 'hidden_size': 52, 'dropout': 0.24891901418648205, 'hidden_continuous_size': 12, 'attention_head_size': 3, 'learning_rate': 0.028256950124338886}. Best is trial 0 with value: 0.07571110874414444.
[I 2023-12-26 14:21:56,829] Trial 24 finished with value: 3.2751636505126953 and parameters: {'gradient_clip_val': 0.4611181944916423, 'hidden_size': 44, 'dropout': 0.2586541811337422, 'hidden_continuous_size': 12, 'attention_head_size': 3, 'learning_rate': 0.031519048301802986}. Best is trial 0 with value: 0.07571110874414444.
[I 2023-12-26 14:22:02,376] Trial 25 finished with value: 3.277117967605591 and parameters: {'gradient_clip_val': 0.32082233653605274, 'hidden_size': 63, 'dropout': 0.21756109589180303, 'hidden_continuous_size': 15, 'attention_head_size': 3, 'learning_rate': 0.028988674033993078}. Best is trial 0 with value: 0.07571110874414444.
[I 2023-12-26 14:22:06,389] Trial 26 finished with value: 3.2433197498321533 and parameters: {'gradient_clip_val': 0.41500873005434336, 'hidden_size': 45, 'dropout': 0.30528084661028143, 'hidden_continuous_size': 12, 'attention_head_size': 2, 'learning_rate': 0.09527828232732219}. Best is trial 0 with value: 0.07571110874414444.
[I 2023-12-26 14:22:13,070] Trial 27 finished with value: 2.49629282951355 and parameters: {'gradient_clip_val': 0.35589381928758457, 'hidden_size': 79, 'dropout': 0.2574360289759261, 'hidden_continuous_size': 18, 'attention_head_size': 3, 'learning_rate': 0.03275200869751346}. Best is trial 0 with value: 0.07571110874414444.
[I 2023-12-26 14:22:16,025] Trial 28 finished with value: 3.8860902786254883 and parameters: {'gradient_clip_val': 0.5065482557652279, 'hidden_size': 23, 'dropout': 0.18909876104205586, 'hidden_continuous_size': 11, 'attention_head_size': 3, 'learning_rate': 0.062391551709638206}. Best is trial 0 with value: 0.07571110874414444.
[I 2023-12-26 14:22:19,248] Trial 29 finished with value: 2.6729462146759033 and parameters: {'gradient_clip_val': 0.46316041669962876, 'hidden_size': 31, 'dropout': 0.22519263588579658, 'hidden_continuous_size': 9, 'attention_head_size': 2, 'learning_rate': 0.018320699214231788}. Best is trial 0 with value: 0.07571110874414444.
[I 2023-12-26 14:22:23,883] Trial 30 finished with value: 2.9180209636688232 and parameters: {'gradient_clip_val': 0.76344486342264, 'hidden_size': 56, 'dropout': 0.17608447882070133, 'hidden_continuous_size': 14, 'attention_head_size': 4, 'learning_rate': 0.019044686781654253}. Best is trial 0 with value: 0.07571110874414444.
[I 2023-12-26 14:22:27,391] Trial 31 finished with value: 3.2472026348114014 and parameters: {'gradient_clip_val': 0.6214691305182781, 'hidden_size': 37, 'dropout': 0.1462512909034329, 'hidden_continuous_size': 10, 'attention_head_size': 4, 'learning_rate': 0.06034357342227172}. Best is trial 0 with value: 0.07571110874414444.
[I 2023-12-26 14:22:30,237] Trial 32 finished with value: 3.4192421436309814 and parameters: {'gradient_clip_val': 0.2718109344303077, 'hidden_size': 21, 'dropout': 0.20048262002849365, 'hidden_continuous_size': 11, 'attention_head_size': 4, 'learning_rate': 0.041365247560782956}. Best is trial 0 with value: 0.07571110874414444.
[I 2023-12-26 14:22:32,732] Trial 33 finished with value: 2.8106491565704346 and parameters: {'gradient_clip_val': 0.5704846046999613, 'hidden_size': 17, 'dropout': 0.16142622007202675, 'hidden_continuous_size': 10, 'attention_head_size': 3, 'learning_rate': 0.010795544851618537}. Best is trial 0 with value: 0.07571110874414444.
[I 2023-12-26 14:22:35,844] Trial 34 finished with value: 2.6695749759674072 and parameters: {'gradient_clip_val': 0.2983659904892729, 'hidden_size': 27, 'dropout': 0.28572233667211944, 'hidden_continuous_size': 12, 'attention_head_size': 4, 'learning_rate': 0.023084862955528022}. Best is trial 0 with value: 0.07571110874414444.
[I 2023-12-26 14:22:39,572] Trial 35 finished with value: 3.3374624252319336 and parameters: {'gradient_clip_val': 0.19667913277502838, 'hidden_size': 39, 'dropout': 0.33481380403966265, 'hidden_continuous_size': 13, 'attention_head_size': 3, 'learning_rate': 0.014832531619098581}. Best is trial 0 with value: 0.07571110874414444.
[I 2023-12-26 14:22:42,594] Trial 36 finished with value: 3.565706491470337 and parameters: {'gradient_clip_val': 0.12988025370966533, 'hidden_size': 15, 'dropout': 0.1222267521281647, 'hidden_continuous_size': 9, 'attention_head_size': 4, 'learning_rate': 0.03791151034180095}. Best is trial 0 with value: 0.07571110874414444.
[I 2023-12-26 14:22:45,291] Trial 37 finished with value: 2.8009777069091797 and parameters: {'gradient_clip_val': 0.3535956629597713, 'hidden_size': 20, 'dropout': 0.10235269480604484, 'hidden_continuous_size': 8, 'attention_head_size': 2, 'learning_rate': 0.05723538396985663}. Best is trial 0 with value: 0.07571110874414444.
[I 2023-12-26 14:22:49,529] Trial 38 finished with value: 3.161832094192505 and parameters: {'gradient_clip_val': 0.2642714472594823, 'hidden_size': 49, 'dropout': 0.16511789040169805, 'hidden_continuous_size': 15, 'attention_head_size': 3, 'learning_rate': 0.04819519259521472}. Best is trial 0 with value: 0.07571110874414444.
[I 2023-12-26 14:22:56,176] Trial 39 finished with value: 4.456075191497803 and parameters: {'gradient_clip_val': 0.5208931387028393, 'hidden_size': 78, 'dropout': 0.12955303904708762, 'hidden_continuous_size': 16, 'attention_head_size': 1, 'learning_rate': 0.004906044793133369}. Best is trial 0 with value: 0.07571110874414444.
[I 2023-12-26 14:22:59,715] Trial 40 finished with value: 3.642613410949707 and parameters: {'gradient_clip_val': 0.6740419735190033, 'hidden_size': 35, 'dropout': 0.24124843354529152, 'hidden_continuous_size': 14, 'attention_head_size': 3, 'learning_rate': 0.07265828291532019}. Best is trial 0 with value: 0.07571110874414444.
[I 2023-12-26 14:23:02,752] Trial 41 finished with value: 3.123628616333008 and parameters: {'gradient_clip_val': 0.3163267523221487, 'hidden_size': 27, 'dropout': 0.1808017098617284, 'hidden_continuous_size': 10, 'attention_head_size': 4, 'learning_rate': 0.024886255065205757}. Best is trial 0 with value: 0.07571110874414444.
[I 2023-12-26 14:23:06,016] Trial 42 finished with value: 2.5596890449523926 and parameters: {'gradient_clip_val': 0.24949737492864615, 'hidden_size': 30, 'dropout': 0.17591142265240828, 'hidden_continuous_size': 13, 'attention_head_size': 4, 'learning_rate': 0.01746533859728986}. Best is trial 0 with value: 0.07571110874414444.
[I 2023-12-26 14:23:09,787] Trial 43 finished with value: 3.8287670612335205 and parameters: {'gradient_clip_val': 0.20788644663157002, 'hidden_size': 42, 'dropout': 0.15523845584046064, 'hidden_continuous_size': 11, 'attention_head_size': 4, 'learning_rate': 0.04185955912327089}. Best is trial 0 with value: 0.07571110874414444.
[I 2023-12-26 14:23:13,272] Trial 44 finished with value: 2.20644211769104 and parameters: {'gradient_clip_val': 0.1769926245153792, 'hidden_size': 33, 'dropout': 0.20899615772244445, 'hidden_continuous_size': 13, 'attention_head_size': 4, 'learning_rate': 0.01100098411235256}. Best is trial 0 with value: 0.07571110874414444.
[I 2023-12-26 14:23:16,715] Trial 45 finished with value: 2.884470224380493 and parameters: {'gradient_clip_val': 0.16736425301169197, 'hidden_size': 34, 'dropout': 0.214120268036423, 'hidden_continuous_size': 13, 'attention_head_size': 4, 'learning_rate': 0.012441543934082496}. Best is trial 0 with value: 0.07571110874414444.
[I 2023-12-26 14:23:21,399] Trial 46 finished with value: 3.1149308681488037 and parameters: {'gradient_clip_val': 0.14493025786935504, 'hidden_size': 54, 'dropout': 0.20619331182812048, 'hidden_continuous_size': 17, 'attention_head_size': 3, 'learning_rate': 0.009410957828034335}. Best is trial 0 with value: 0.07571110874414444.
[I 2023-12-26 14:23:24,127] Trial 47 finished with value: 2.3295087814331055 and parameters: {'gradient_clip_val': 0.1927114290292179, 'hidden_size': 19, 'dropout': 0.23057207678977537, 'hidden_continuous_size': 11, 'attention_head_size': 4, 'learning_rate': 0.006150290531181368}. Best is trial 0 with value: 0.07571110874414444.
[I 2023-12-26 14:23:27,233] Trial 48 finished with value: 2.9760701656341553 and parameters: {'gradient_clip_val': 0.19517349863065395, 'hidden_size': 19, 'dropout': 0.23156807226136572, 'hidden_continuous_size': 11, 'attention_head_size': 4, 'learning_rate': 0.005839742734428039}. Best is trial 0 with value: 0.07571110874414444.
[I 2023-12-26 14:23:29,640] Trial 49 finished with value: 3.9187686443328857 and parameters: {'gradient_clip_val': 0.2562245601488102, 'hidden_size': 16, 'dropout': 0.24573572307718156, 'hidden_continuous_size': 12, 'attention_head_size': 4, 'learning_rate': 0.0032378370072164977}. Best is trial 0 with value: 0.07571110874414444.
[I 2023-12-26 14:23:29,781] A new study created in memory with name: no-name-a2c93e02-ac58-49cc-945b-775b22fa108f
/home/le004/conda/anaconda3/envs/tsff_env/lib/python3.9/site-packages/lightning/fabric/plugins/environments/slurm.py:191: The `srun` command is available on your system but is not used. HINT: If your intention is to run Lightning on SLURM, prepend your python command with `srun` like so: srun python /home/le004/master_thesis/git/TSFusionForecast/code/ ...
[I 2023-12-26 14:28:25,746] Trial 0 finished with value: 0.2718944549560547 and parameters: {'gradient_clip_val': 0.7607882374741248, 'hidden_size': 8, 'dropout': 0.37626401921080443, 'hidden_continuous_size': 5, 'attention_head_size': 1, 'learning_rate': 0.0006899495246438206}. Best is trial 0 with value: 0.2718944549560547.
[I 2023-12-26 14:33:47,686] Trial 1 finished with value: 0.09019678831100464 and parameters: {'gradient_clip_val': 0.4019855111895597, 'hidden_size': 10, 'dropout': 0.14249123020995366, 'hidden_continuous_size': 6, 'attention_head_size': 1, 'learning_rate': 0.0022011529634764727}. Best is trial 1 with value: 0.09019678831100464.
[I 2023-12-26 14:34:27,206] Trial 2 finished with value: 1.5012949705123901 and parameters: {'gradient_clip_val': 0.15481222946478265, 'hidden_size': 5, 'dropout': 0.3984906448375303, 'hidden_continuous_size': 5, 'attention_head_size': 3, 'learning_rate': 0.0035577896721371753}. Best is trial 1 with value: 0.09019678831100464.
[I 2023-12-26 14:34:35,691] Trial 3 finished with value: 1.9178534746170044 and parameters: {'gradient_clip_val': 0.18713877806411314, 'hidden_size': 138, 'dropout': 0.35159109915668874, 'hidden_continuous_size': 27, 'attention_head_size': 2, 'learning_rate': 0.07621848933408043}. Best is trial 1 with value: 0.09019678831100464.
[I 2023-12-26 14:34:38,537] Trial 4 finished with value: 2.331190347671509 and parameters: {'gradient_clip_val': 0.9357694810715296, 'hidden_size': 31, 'dropout': 0.46202458219823017, 'hidden_continuous_size': 8, 'attention_head_size': 4, 'learning_rate': 0.045173152607716614}. Best is trial 1 with value: 0.09019678831100464.
[I 2023-12-26 14:34:41,845] Trial 5 finished with value: 2.3038833141326904 and parameters: {'gradient_clip_val': 0.37654236634844274, 'hidden_size': 53, 'dropout': 0.39485746450757186, 'hidden_continuous_size': 8, 'attention_head_size': 2, 'learning_rate': 0.00406041429099306}. Best is trial 1 with value: 0.09019678831100464.
[I 2023-12-26 14:34:44,349] Trial 6 finished with value: 1.5453509092330933 and parameters: {'gradient_clip_val': 0.7595248955947149, 'hidden_size': 33, 'dropout': 0.419251324469023, 'hidden_continuous_size': 5, 'attention_head_size': 1, 'learning_rate': 0.0019464814862371223}. Best is trial 1 with value: 0.09019678831100464.
[I 2023-12-26 14:34:46,479] Trial 7 finished with value: 1.877880573272705 and parameters: {'gradient_clip_val': 0.2767879406134454, 'hidden_size': 16, 'dropout': 0.4484648287441467, 'hidden_continuous_size': 9, 'attention_head_size': 4, 'learning_rate': 0.0024259637684009485}. Best is trial 1 with value: 0.09019678831100464.
