[I 2023-12-15 23:10:16,112] Trial 9 finished with value: 0.052724819630384445 and parameters: {'gradient_clip_val': 0.41508317006771694, 'hidden_size': 66, 'dropout': 0.1810019793750372, 'hidden_continuous_size': 19, 'attention_head_size': 3, 'learning_rate': 0.013467366683228394}. Best is trial 6 with value: 0.03664131835103035.
LOCAL_RANK: 0 - CUDA_VISIBLE_DEVICES: [0]
[I 2023-12-15 23:11:08,313] Trial 10 finished with value: 0.08291888982057571 and parameters: {'gradient_clip_val': 0.16631123715623042, 'hidden_size': 35, 'dropout': 0.10844487443200304, 'hidden_continuous_size': 32, 'attention_head_size': 1, 'learning_rate': 0.09900860609813096}. Best is trial 6 with value: 0.03664131835103035.
LOCAL_RANK: 0 - CUDA_VISIBLE_DEVICES: [0]
[I 2023-12-15 23:12:01,493] Trial 11 finished with value: 0.045729804784059525 and parameters: {'gradient_clip_val': 0.982572914904401, 'hidden_size': 82, 'dropout': 0.26288567289244563, 'hidden_continuous_size': 11, 'attention_head_size': 2, 'learning_rate': 0.019024424469482253}. Best is trial 6 with value: 0.03664131835103035.
LOCAL_RANK: 0 - CUDA_VISIBLE_DEVICES: [0]
[I 2023-12-15 23:12:52,964] Trial 12 finished with value: 0.19632677733898163 and parameters: {'gradient_clip_val': 0.5369930663964885, 'hidden_size': 44, 'dropout': 0.29776318772329546, 'hidden_continuous_size': 13, 'attention_head_size': 2, 'learning_rate': 0.0006307349536368379}. Best is trial 6 with value: 0.03664131835103035.
LOCAL_RANK: 0 - CUDA_VISIBLE_DEVICES: [0]
[I 2023-12-15 23:13:52,280] Trial 13 finished with value: 0.1852157860994339 and parameters: {'gradient_clip_val': 0.2267500813864909, 'hidden_size': 99, 'dropout': 0.23842451636743006, 'hidden_continuous_size': 91, 'attention_head_size': 4, 'learning_rate': 0.022419268228534853}. Best is trial 6 with value: 0.03664131835103035.
LOCAL_RANK: 0 - CUDA_VISIBLE_DEVICES: [0]
[I 2023-12-15 23:14:40,285] Trial 14 finished with value: 0.05275657773017883 and parameters: {'gradient_clip_val': 0.5468053246958502, 'hidden_size': 28, 'dropout': 0.3104259595329172, 'hidden_continuous_size': 10, 'attention_head_size': 2, 'learning_rate': 0.03826244942652599}. Best is trial 6 with value: 0.03664131835103035.
LOCAL_RANK: 0 - CUDA_VISIBLE_DEVICES: [0]
[I 2023-12-15 23:15:32,202] Trial 15 finished with value: 0.1554357260465622 and parameters: {'gradient_clip_val': 0.10958680748039888, 'hidden_size': 56, 'dropout': 0.205693497093521, 'hidden_continuous_size': 16, 'attention_head_size': 2, 'learning_rate': 0.01044805805864862}. Best is trial 6 with value: 0.03664131835103035.
LOCAL_RANK: 0 - CUDA_VISIBLE_DEVICES: [0]
[I 2023-12-15 23:16:22,683] Trial 16 finished with value: 0.0861707553267479 and parameters: {'gradient_clip_val': 0.4565205761528533, 'hidden_size': 37, 'dropout': 0.23267138902932968, 'hidden_continuous_size': 8, 'attention_head_size': 4, 'learning_rate': 0.0013067617221621053}. Best is trial 6 with value: 0.03664131835103035.
LOCAL_RANK: 0 - CUDA_VISIBLE_DEVICES: [0]
[I 2023-12-15 23:17:16,197] Trial 17 finished with value: 0.16355165839195251 and parameters: {'gradient_clip_val': 0.7472775254932733, 'hidden_size': 70, 'dropout': 0.2111866719535712, 'hidden_continuous_size': 24, 'attention_head_size': 1, 'learning_rate': 0.007319076649840869}. Best is trial 6 with value: 0.03664131835103035.
LOCAL_RANK: 0 - CUDA_VISIBLE_DEVICES: [0]
[I 2023-12-15 23:18:09,042] Trial 18 finished with value: 0.05753382667899132 and parameters: {'gradient_clip_val': 0.6783010310056079, 'hidden_size': 52, 'dropout': 0.15725893579400788, 'hidden_continuous_size': 14, 'attention_head_size': 2, 'learning_rate': 0.036017375048404895}. Best is trial 6 with value: 0.03664131835103035.
LOCAL_RANK: 0 - CUDA_VISIBLE_DEVICES: [0]
[I 2023-12-15 23:18:59,252] Trial 19 finished with value: 0.04929767921566963 and parameters: {'gradient_clip_val': 0.2566419278226434, 'hidden_size': 31, 'dropout': 0.11147754733711573, 'hidden_continuous_size': 10, 'attention_head_size': 4, 'learning_rate': 0.004753517812633432}. Best is trial 6 with value: 0.03664131835103035.
LOCAL_RANK: 0 - CUDA_VISIBLE_DEVICES: [0]
[I 2023-12-15 23:19:46,854] Trial 20 finished with value: 0.1698070913553238 and parameters: {'gradient_clip_val': 0.9414875887650365, 'hidden_size': 21, 'dropout': 0.19292327354381306, 'hidden_continuous_size': 7, 'attention_head_size': 1, 'learning_rate': 0.010349402362379254}. Best is trial 6 with value: 0.03664131835103035.
LOCAL_RANK: 0 - CUDA_VISIBLE_DEVICES: [0]
[I 2023-12-15 23:20:40,388] Trial 21 finished with value: 0.05347764492034912 and parameters: {'gradient_clip_val': 0.9470382344224867, 'hidden_size': 100, 'dropout': 0.25578652167506766, 'hidden_continuous_size': 13, 'attention_head_size': 2, 'learning_rate': 0.016728321194366198}. Best is trial 6 with value: 0.03664131835103035.
LOCAL_RANK: 0 - CUDA_VISIBLE_DEVICES: [0]
[I 2023-12-15 23:21:34,478] Trial 22 finished with value: 0.03770561143755913 and parameters: {'gradient_clip_val': 0.9370145593993492, 'hidden_size': 73, 'dropout': 0.26603548044337166, 'hidden_continuous_size': 22, 'attention_head_size': 2, 'learning_rate': 0.021103142321473683}. Best is trial 6 with value: 0.03664131835103035.
LOCAL_RANK: 0 - CUDA_VISIBLE_DEVICES: [0]
[I 2023-12-15 23:22:28,594] Trial 23 finished with value: 0.07438202947378159 and parameters: {'gradient_clip_val': 0.663906416871344, 'hidden_size': 69, 'dropout': 0.2941616083618761, 'hidden_continuous_size': 23, 'attention_head_size': 3, 'learning_rate': 0.02788747760936358}. Best is trial 6 with value: 0.03664131835103035.
LOCAL_RANK: 0 - CUDA_VISIBLE_DEVICES: [0]
[I 2023-12-15 23:23:20,862] Trial 24 finished with value: 0.05405528470873833 and parameters: {'gradient_clip_val': 0.8086627602408958, 'hidden_size': 45, 'dropout': 0.2302095042681198, 'hidden_continuous_size': 17, 'attention_head_size': 1, 'learning_rate': 0.05307397008203844}. Best is trial 6 with value: 0.03664131835103035.
LOCAL_RANK: 0 - CUDA_VISIBLE_DEVICES: [0]
[I 2023-12-15 23:24:13,911] Trial 25 finished with value: 0.1898805946111679 and parameters: {'gradient_clip_val': 0.551525748717079, 'hidden_size': 60, 'dropout': 0.32496385358578844, 'hidden_continuous_size': 24, 'attention_head_size': 2, 'learning_rate': 0.013641399830269258}. Best is trial 6 with value: 0.03664131835103035.
LOCAL_RANK: 0 - CUDA_VISIBLE_DEVICES: [0]
[I 2023-12-15 23:25:08,766] Trial 26 finished with value: 0.10973785072565079 and parameters: {'gradient_clip_val': 0.9925731122274292, 'hidden_size': 79, 'dropout': 0.24582451100898736, 'hidden_continuous_size': 30, 'attention_head_size': 3, 'learning_rate': 0.009131886703580746}. Best is trial 6 with value: 0.03664131835103035.
LOCAL_RANK: 0 - CUDA_VISIBLE_DEVICES: [0]
[I 2023-12-15 23:26:01,320] Trial 27 finished with value: 0.19606812298297882 and parameters: {'gradient_clip_val': 0.7254414404268702, 'hidden_size': 42, 'dropout': 0.2715228883283369, 'hidden_continuous_size': 14, 'attention_head_size': 2, 'learning_rate': 0.022264029567244055}. Best is trial 6 with value: 0.03664131835103035.
LOCAL_RANK: 0 - CUDA_VISIBLE_DEVICES: [0]
[I 2023-12-15 23:26:54,285] Trial 28 finished with value: 0.059620678424835205 and parameters: {'gradient_clip_val': 0.44994734942256737, 'hidden_size': 57, 'dropout': 0.20481959844453798, 'hidden_continuous_size': 20, 'attention_head_size': 1, 'learning_rate': 0.004169763511463325}. Best is trial 6 with value: 0.03664131835103035.
LOCAL_RANK: 0 - CUDA_VISIBLE_DEVICES: [0]
[I 2023-12-15 23:27:48,223] Trial 29 finished with value: 0.0687219426035881 and parameters: {'gradient_clip_val': 0.6118448099815127, 'hidden_size': 80, 'dropout': 0.1424530940446455, 'hidden_continuous_size': 33, 'attention_head_size': 1, 'learning_rate': 0.0036816571092671458}. Best is trial 6 with value: 0.03664131835103035.
LOCAL_RANK: 0 - CUDA_VISIBLE_DEVICES: [0]
[I 2023-12-15 23:28:41,060] Trial 30 finished with value: 0.06507959961891174 and parameters: {'gradient_clip_val': 0.8114643517390996, 'hidden_size': 53, 'dropout': 0.21441913350007605, 'hidden_continuous_size': 16, 'attention_head_size': 2, 'learning_rate': 0.008334103391786333}. Best is trial 6 with value: 0.03664131835103035.
LOCAL_RANK: 0 - CUDA_VISIBLE_DEVICES: [0]
[I 2023-12-15 23:29:34,648] Trial 31 finished with value: 0.04693744704127312 and parameters: {'gradient_clip_val': 0.9873217293955653, 'hidden_size': 82, 'dropout': 0.2593602041393761, 'hidden_continuous_size': 11, 'attention_head_size': 2, 'learning_rate': 0.016858101384769265}. Best is trial 6 with value: 0.03664131835103035.
LOCAL_RANK: 0 - CUDA_VISIBLE_DEVICES: [0]
[I 2023-12-15 23:30:29,269] Trial 32 finished with value: 0.05305662751197815 and parameters: {'gradient_clip_val': 0.8789978175379439, 'hidden_size': 86, 'dropout': 0.27615192614233974, 'hidden_continuous_size': 12, 'attention_head_size': 3, 'learning_rate': 0.020209122783243435}. Best is trial 6 with value: 0.03664131835103035.
LOCAL_RANK: 0 - CUDA_VISIBLE_DEVICES: [0]
[I 2023-12-15 23:31:22,198] Trial 33 finished with value: 0.08560524135828018 and parameters: {'gradient_clip_val': 0.7267958015603966, 'hidden_size': 64, 'dropout': 0.17382921987316047, 'hidden_continuous_size': 15, 'attention_head_size': 2, 'learning_rate': 0.011355637892001034}. Best is trial 6 with value: 0.03664131835103035.
LOCAL_RANK: 0 - CUDA_VISIBLE_DEVICES: [0]
[I 2023-12-15 23:32:14,846] Trial 34 finished with value: 0.06677749007940292 and parameters: {'gradient_clip_val': 0.8574823144086203, 'hidden_size': 48, 'dropout': 0.23849452811843136, 'hidden_continuous_size': 18, 'attention_head_size': 3, 'learning_rate': 0.006586420568875065}. Best is trial 6 with value: 0.03664131835103035.
LOCAL_RANK: 0 - CUDA_VISIBLE_DEVICES: [0]
[I 2023-12-15 23:33:08,176] Trial 35 finished with value: 0.1965416669845581 and parameters: {'gradient_clip_val': 0.6190979939407668, 'hidden_size': 71, 'dropout': 0.1909601274013154, 'hidden_continuous_size': 11, 'attention_head_size': 2, 'learning_rate': 0.0009017634643045492}. Best is trial 6 with value: 0.03664131835103035.
LOCAL_RANK: 0 - CUDA_VISIBLE_DEVICES: [0]
[I 2023-12-15 23:34:03,385] Trial 36 finished with value: 0.05200827121734619 and parameters: {'gradient_clip_val': 0.8522149227947662, 'hidden_size': 90, 'dropout': 0.22450710719511224, 'hidden_continuous_size': 21, 'attention_head_size': 3, 'learning_rate': 0.014647539212254286}. Best is trial 6 with value: 0.03664131835103035.
LOCAL_RANK: 0 - CUDA_VISIBLE_DEVICES: [0]
[I 2023-12-15 23:34:56,269] Trial 37 finished with value: 0.1301891952753067 and parameters: {'gradient_clip_val': 0.3754823070114733, 'hidden_size': 59, 'dropout': 0.2540111128756918, 'hidden_continuous_size': 18, 'attention_head_size': 1, 'learning_rate': 0.0005409288950824795}. Best is trial 6 with value: 0.03664131835103035.
LOCAL_RANK: 0 - CUDA_VISIBLE_DEVICES: [0]
[I 2023-12-15 23:35:51,007] Trial 38 finished with value: 0.1782398223876953 and parameters: {'gradient_clip_val': 0.7436047012821329, 'hidden_size': 77, 'dropout': 0.28467555892801094, 'hidden_continuous_size': 27, 'attention_head_size': 3, 'learning_rate': 0.003032262808333876}. Best is trial 6 with value: 0.03664131835103035.
LOCAL_RANK: 0 - CUDA_VISIBLE_DEVICES: [0]
[I 2023-12-15 23:36:43,117] Trial 39 finished with value: 0.10973642021417618 and parameters: {'gradient_clip_val': 0.3098033713661713, 'hidden_size': 39, 'dropout': 0.2648215937514404, 'hidden_continuous_size': 15, 'attention_head_size': 2, 'learning_rate': 0.006370119493648389}. Best is trial 6 with value: 0.03664131835103035.
LOCAL_RANK: 0 - CUDA_VISIBLE_DEVICES: [0]
[I 2023-12-15 23:37:35,669] Trial 40 finished with value: 0.08750984072685242 and parameters: {'gradient_clip_val': 0.9995959204844442, 'hidden_size': 49, 'dropout': 0.24712990393174328, 'hidden_continuous_size': 21, 'attention_head_size': 1, 'learning_rate': 0.0022866668881449306}. Best is trial 6 with value: 0.03664131835103035.
LOCAL_RANK: 0 - CUDA_VISIBLE_DEVICES: [0]
[I 2023-12-15 23:38:28,152] Trial 41 finished with value: 0.10137855261564255 and parameters: {'gradient_clip_val': 0.9001069173402781, 'hidden_size': 84, 'dropout': 0.2540241840030087, 'hidden_continuous_size': 11, 'attention_head_size': 2, 'learning_rate': 0.017526591953658164}. Best is trial 6 with value: 0.03664131835103035.
LOCAL_RANK: 0 - CUDA_VISIBLE_DEVICES: [0]
[I 2023-12-15 23:39:20,839] Trial 42 finished with value: 0.4070225656032562 and parameters: {'gradient_clip_val': 0.9715104980407597, 'hidden_size': 65, 'dropout': 0.2631112065061913, 'hidden_continuous_size': 9, 'attention_head_size': 2, 'learning_rate': 0.01278138737648874}. Best is trial 6 with value: 0.03664131835103035.
LOCAL_RANK: 0 - CUDA_VISIBLE_DEVICES: [0]
[I 2023-12-15 23:40:14,123] Trial 43 finished with value: 0.21539203822612762 and parameters: {'gradient_clip_val': 0.868129237995418, 'hidden_size': 96, 'dropout': 0.2810129701276558, 'hidden_continuous_size': 11, 'attention_head_size': 3, 'learning_rate': 0.01847355442673505}. Best is trial 6 with value: 0.03664131835103035.
LOCAL_RANK: 0 - CUDA_VISIBLE_DEVICES: [0]
[I 2023-12-15 23:41:07,645] Trial 44 finished with value: 0.05030818656086922 and parameters: {'gradient_clip_val': 0.7584424914704847, 'hidden_size': 75, 'dropout': 0.22700760787666333, 'hidden_continuous_size': 13, 'attention_head_size': 2, 'learning_rate': 0.025980646656838528}. Best is trial 6 with value: 0.03664131835103035.
LOCAL_RANK: 0 - CUDA_VISIBLE_DEVICES: [0]
[I 2023-12-15 23:42:02,632] Trial 45 finished with value: 0.03737511485815048 and parameters: {'gradient_clip_val': 0.8144722434099094, 'hidden_size': 86, 'dropout': 0.31276663463865023, 'hidden_continuous_size': 17, 'attention_head_size': 3, 'learning_rate': 0.015367230904164576}. Best is trial 6 with value: 0.03664131835103035.
LOCAL_RANK: 0 - CUDA_VISIBLE_DEVICES: [0]
[I 2023-12-15 23:42:56,712] Trial 46 finished with value: 0.0889897570014 and parameters: {'gradient_clip_val': 0.8134286626333282, 'hidden_size': 63, 'dropout': 0.3219960336837365, 'hidden_continuous_size': 17, 'attention_head_size': 4, 'learning_rate': 0.004985799344620262}. Best is trial 6 with value: 0.03664131835103035.
LOCAL_RANK: 0 - CUDA_VISIBLE_DEVICES: [0]
[I 2023-12-15 23:43:50,193] Trial 47 finished with value: 0.05011042580008507 and parameters: {'gradient_clip_val': 0.6565029952468767, 'hidden_size': 53, 'dropout': 0.3041559459872762, 'hidden_continuous_size': 18, 'attention_head_size': 3, 'learning_rate': 0.008935982158211626}. Best is trial 6 with value: 0.03664131835103035.
LOCAL_RANK: 0 - CUDA_VISIBLE_DEVICES: [0]
[I 2023-12-15 23:44:46,581] Trial 48 finished with value: 0.09629673510789871 and parameters: {'gradient_clip_val': 0.546547614755168, 'hidden_size': 94, 'dropout': 0.34810775131779165, 'hidden_continuous_size': 40, 'attention_head_size': 3, 'learning_rate': 0.01127740020863958}. Best is trial 6 with value: 0.03664131835103035.
LOCAL_RANK: 0 - CUDA_VISIBLE_DEVICES: [0]
[I 2023-12-15 23:45:40,941] Trial 49 finished with value: 0.11910877376794815 and parameters: {'gradient_clip_val': 0.7081929128460707, 'hidden_size': 70, 'dropout': 0.2853096423697254, 'hidden_continuous_size': 21, 'attention_head_size': 3, 'learning_rate': 0.029570472243508734}. Best is trial 6 with value: 0.03664131835103035.
[I 2023-12-15 23:45:41,035] A new study created in memory with name: no-name-95deda5c-e1ef-4730-b87f-f0d5d5bd8cdf
/home/le004/conda/anaconda3/envs/tsff_env/lib/python3.9/site-packages/lightning/fabric/plugins/environments/slurm.py:191: The `srun` command is available on your system but is not used. HINT: If your intention is to run Lightning on SLURM, prepend your python command with `srun` like so: srun python /home/le004/master_thesis/git/TSFusionForecast/code/ ...
LOCAL_RANK: 0 - CUDA_VISIBLE_DEVICES: [0]
[I 2023-12-15 23:46:15,718] Trial 0 finished with value: 0.14610344171524048 and parameters: {'gradient_clip_val': 0.23494547710879604, 'hidden_size': 5, 'dropout': 0.35166837016592445, 'hidden_continuous_size': 5, 'attention_head_size': 4, 'learning_rate': 0.019898498170112452}. Best is trial 0 with value: 0.14610344171524048.
LOCAL_RANK: 0 - CUDA_VISIBLE_DEVICES: [0]
[I 2023-12-15 23:47:06,055] Trial 1 finished with value: 0.048593923449516296 and parameters: {'gradient_clip_val': 0.7544427737006133, 'hidden_size': 25, 'dropout': 0.3621258967835502, 'hidden_continuous_size': 22, 'attention_head_size': 4, 'learning_rate': 0.008022708694542552}. Best is trial 1 with value: 0.048593923449516296.
LOCAL_RANK: 0 - CUDA_VISIBLE_DEVICES: [0]
[I 2023-12-15 23:47:39,574] Trial 2 finished with value: 0.32155731320381165 and parameters: {'gradient_clip_val': 0.7071229883454966, 'hidden_size': 6, 'dropout': 0.2526243213998089, 'hidden_continuous_size': 6, 'attention_head_size': 1, 'learning_rate': 0.006175972942826876}. Best is trial 1 with value: 0.048593923449516296.
LOCAL_RANK: 0 - CUDA_VISIBLE_DEVICES: [0]
[I 2023-12-15 23:48:25,606] Trial 3 finished with value: 0.05737289413809776 and parameters: {'gradient_clip_val': 0.13122568924265784, 'hidden_size': 15, 'dropout': 0.2989859613196624, 'hidden_continuous_size': 8, 'attention_head_size': 3, 'learning_rate': 0.09929641293694391}. Best is trial 1 with value: 0.048593923449516296.
LOCAL_RANK: 0 - CUDA_VISIBLE_DEVICES: [0]
[I 2023-12-15 23:49:12,006] Trial 4 finished with value: 0.48230743408203125 and parameters: {'gradient_clip_val': 0.9380032803689466, 'hidden_size': 13, 'dropout': 0.16234482671833483, 'hidden_continuous_size': 11, 'attention_head_size': 3, 'learning_rate': 0.0007192369292869392}. Best is trial 1 with value: 0.048593923449516296.
LOCAL_RANK: 0 - CUDA_VISIBLE_DEVICES: [0]
[I 2023-12-15 23:50:05,475] Trial 5 finished with value: 0.06279917806386948 and parameters: {'gradient_clip_val': 0.40574269731061446, 'hidden_size': 47, 'dropout': 0.34294676569007565, 'hidden_continuous_size': 34, 'attention_head_size': 3, 'learning_rate': 0.007104401013415352}. Best is trial 1 with value: 0.048593923449516296.
LOCAL_RANK: 0 - CUDA_VISIBLE_DEVICES: [0]
[I 2023-12-15 23:50:50,510] Trial 6 finished with value: 0.5157484412193298 and parameters: {'gradient_clip_val': 0.12818270360467043, 'hidden_size': 9, 'dropout': 0.2940804064914772, 'hidden_continuous_size': 5, 'attention_head_size': 2, 'learning_rate': 0.0026993459753426917}. Best is trial 1 with value: 0.048593923449516296.
LOCAL_RANK: 0 - CUDA_VISIBLE_DEVICES: [0]
[I 2023-12-15 23:51:43,344] Trial 7 finished with value: 0.09950494021177292 and parameters: {'gradient_clip_val': 0.6991063916652408, 'hidden_size': 72, 'dropout': 0.22164224242348354, 'hidden_continuous_size': 11, 'attention_head_size': 2, 'learning_rate': 0.0009461656925973914}. Best is trial 1 with value: 0.048593923449516296.
LOCAL_RANK: 0 - CUDA_VISIBLE_DEVICES: [0]
[I 2023-12-15 23:52:27,419] Trial 8 finished with value: 1.2595765590667725 and parameters: {'gradient_clip_val': 0.25428264939689155, 'hidden_size': 12, 'dropout': 0.10918646351627363, 'hidden_continuous_size': 10, 'attention_head_size': 1, 'learning_rate': 0.001565721998259197}. Best is trial 1 with value: 0.048593923449516296.
LOCAL_RANK: 0 - CUDA_VISIBLE_DEVICES: [0]
[I 2023-12-15 23:53:17,859] Trial 9 finished with value: 0.053565461188554764 and parameters: {'gradient_clip_val': 0.4698068023233715, 'hidden_size': 33, 'dropout': 0.31188873132060924, 'hidden_continuous_size': 13, 'attention_head_size': 4, 'learning_rate': 0.002040105526034244}. Best is trial 1 with value: 0.048593923449516296.
LOCAL_RANK: 0 - CUDA_VISIBLE_DEVICES: [0]
[I 2023-12-15 23:54:07,836] Trial 10 finished with value: 0.20120857656002045 and parameters: {'gradient_clip_val': 0.9670081983694293, 'hidden_size': 23, 'dropout': 0.3851994101210227, 'hidden_continuous_size': 19, 'attention_head_size': 4, 'learning_rate': 0.016570810902362787}. Best is trial 1 with value: 0.048593923449516296.
LOCAL_RANK: 0 - CUDA_VISIBLE_DEVICES: [0]
[I 2023-12-15 23:54:58,906] Trial 11 finished with value: 0.153315469622612 and parameters: {'gradient_clip_val': 0.4686571402210013, 'hidden_size': 31, 'dropout': 0.39986588242095944, 'hidden_continuous_size': 18, 'attention_head_size': 4, 'learning_rate': 0.0023780114522915907}. Best is trial 1 with value: 0.048593923449516296.
LOCAL_RANK: 0 - CUDA_VISIBLE_DEVICES: [0]
[I 2023-12-15 23:55:50,839] Trial 12 finished with value: 0.18834413588047028 and parameters: {'gradient_clip_val': 0.5150576941130948, 'hidden_size': 34, 'dropout': 0.33734542666890655, 'hidden_continuous_size': 16, 'attention_head_size': 4, 'learning_rate': 0.0005416400179841739}. Best is trial 1 with value: 0.048593923449516296.
LOCAL_RANK: 0 - CUDA_VISIBLE_DEVICES: [0]
[I 2023-12-15 23:56:47,516] Trial 13 finished with value: 0.033984094858169556 and parameters: {'gradient_clip_val': 0.3500996809223179, 'hidden_size': 95, 'dropout': 0.2953132035402643, 'hidden_continuous_size': 37, 'attention_head_size': 4, 'learning_rate': 0.004029149493728578}. Best is trial 13 with value: 0.033984094858169556.
LOCAL_RANK: 0 - CUDA_VISIBLE_DEVICES: [0]
[I 2023-12-15 23:57:43,088] Trial 14 finished with value: 0.05892696976661682 and parameters: {'gradient_clip_val': 0.3305538035462652, 'hidden_size': 88, 'dropout': 0.27453239994293155, 'hidden_continuous_size': 38, 'attention_head_size': 3, 'learning_rate': 0.0049229646849285194}. Best is trial 13 with value: 0.033984094858169556.
LOCAL_RANK: 0 - CUDA_VISIBLE_DEVICES: [0]
[I 2023-12-15 23:58:38,188] Trial 15 finished with value: 0.06037335470318794 and parameters: {'gradient_clip_val': 0.6259439357159232, 'hidden_size': 59, 'dropout': 0.2272403674956014, 'hidden_continuous_size': 52, 'attention_head_size': 4, 'learning_rate': 0.013102087692638837}. Best is trial 13 with value: 0.033984094858169556.
LOCAL_RANK: 0 - CUDA_VISIBLE_DEVICES: [0]
