[I 2023-12-26 18:13:18,469] Trial 0 finished with value: 7.560863971710205 and parameters: {'gradient_clip_val': 0.17442271510209678, 'hidden_size': 74, 'dropout': 0.2210253911445217, 'hidden_continuous_size': 29, 'attention_head_size': 3, 'learning_rate': 0.018891977074552858}. Best is trial 0 with value: 7.560863971710205.
[I 2023-12-26 18:13:21,124] Trial 1 finished with value: 14.331334114074707 and parameters: {'gradient_clip_val': 0.7161490135216553, 'hidden_size': 38, 'dropout': 0.3757711960517268, 'hidden_continuous_size': 21, 'attention_head_size': 4, 'learning_rate': 0.005344771761011859}. Best is trial 0 with value: 7.560863971710205.
[I 2023-12-26 18:13:22,865] Trial 2 finished with value: 10.97082233428955 and parameters: {'gradient_clip_val': 0.738983919988487, 'hidden_size': 9, 'dropout': 0.42420709816389535, 'hidden_continuous_size': 9, 'attention_head_size': 1, 'learning_rate': 0.0005371722171034154}. Best is trial 0 with value: 7.560863971710205.
[I 2023-12-26 18:13:24,986] Trial 3 finished with value: 11.720130920410156 and parameters: {'gradient_clip_val': 0.40055293733694347, 'hidden_size': 21, 'dropout': 0.28643081880807697, 'hidden_continuous_size': 7, 'attention_head_size': 3, 'learning_rate': 0.01796518477974845}. Best is trial 0 with value: 7.560863971710205.
[I 2023-12-26 18:13:27,415] Trial 4 finished with value: 10.117510795593262 and parameters: {'gradient_clip_val': 0.21079846088510248, 'hidden_size': 30, 'dropout': 0.3405611799771023, 'hidden_continuous_size': 20, 'attention_head_size': 3, 'learning_rate': 0.0008268022500535734}. Best is trial 0 with value: 7.560863971710205.
[I 2023-12-26 18:13:32,013] Trial 5 finished with value: 12.504063606262207 and parameters: {'gradient_clip_val': 0.20546637666570905, 'hidden_size': 88, 'dropout': 0.13217484625742842, 'hidden_continuous_size': 10, 'attention_head_size': 4, 'learning_rate': 0.0013861113390493}. Best is trial 0 with value: 7.560863971710205.
[I 2023-12-26 18:13:33,666] Trial 6 finished with value: 13.33755111694336 and parameters: {'gradient_clip_val': 0.44875674392453574, 'hidden_size': 5, 'dropout': 0.2810262863375119, 'hidden_continuous_size': 5, 'attention_head_size': 2, 'learning_rate': 0.009126980387848906}. Best is trial 0 with value: 7.560863971710205.
[I 2023-12-26 18:13:35,828] Trial 7 finished with value: 16.1055908203125 and parameters: {'gradient_clip_val': 0.21960907172075608, 'hidden_size': 11, 'dropout': 0.2913397835450988, 'hidden_continuous_size': 7, 'attention_head_size': 4, 'learning_rate': 0.0027419474791103345}. Best is trial 0 with value: 7.560863971710205.
[I 2023-12-26 18:13:39,650] Trial 8 finished with value: 13.306793212890625 and parameters: {'gradient_clip_val': 0.11192619271348649, 'hidden_size': 76, 'dropout': 0.2193037479180834, 'hidden_continuous_size': 9, 'attention_head_size': 2, 'learning_rate': 0.002075650971040998}. Best is trial 0 with value: 7.560863971710205.
[I 2023-12-26 18:13:42,385] Trial 9 finished with value: 14.44726848602295 and parameters: {'gradient_clip_val': 0.33372036212522993, 'hidden_size': 43, 'dropout': 0.2887762909390584, 'hidden_continuous_size': 22, 'attention_head_size': 1, 'learning_rate': 0.0007738623570756373}. Best is trial 0 with value: 7.560863971710205.
[I 2023-12-26 18:13:51,506] Trial 10 finished with value: 9.084527969360352 and parameters: {'gradient_clip_val': 0.10864768263555642, 'hidden_size': 147, 'dropout': 0.476683078179631, 'hidden_continuous_size': 79, 'attention_head_size': 3, 'learning_rate': 0.05761278535854968}. Best is trial 0 with value: 7.560863971710205.
[I 2023-12-26 18:14:00,541] Trial 11 finished with value: 9.695178031921387 and parameters: {'gradient_clip_val': 0.10419369583594607, 'hidden_size': 147, 'dropout': 0.48957563183151304, 'hidden_continuous_size': 75, 'attention_head_size': 3, 'learning_rate': 0.07804578719947855}. Best is trial 0 with value: 7.560863971710205.
[I 2023-12-26 18:14:06,994] Trial 12 finished with value: 10.526796340942383 and parameters: {'gradient_clip_val': 0.1430294853232868, 'hidden_size': 101, 'dropout': 0.4913655084800754, 'hidden_continuous_size': 100, 'attention_head_size': 3, 'learning_rate': 0.04205643362467689}. Best is trial 0 with value: 7.560863971710205.
[I 2023-12-26 18:14:15,359] Trial 13 finished with value: 10.586173057556152 and parameters: {'gradient_clip_val': 0.15015078384995445, 'hidden_size': 141, 'dropout': 0.20858587333934497, 'hidden_continuous_size': 51, 'attention_head_size': 2, 'learning_rate': 0.028522302793552848}. Best is trial 0 with value: 7.560863971710205.
[I 2023-12-26 18:14:18,928] Trial 14 finished with value: 9.761360168457031 and parameters: {'gradient_clip_val': 0.10229190829918136, 'hidden_size': 67, 'dropout': 0.4165947658792413, 'hidden_continuous_size': 36, 'attention_head_size': 3, 'learning_rate': 0.09900196465619693}. Best is trial 0 with value: 7.560863971710205.
[I 2023-12-26 18:14:21,985] Trial 15 finished with value: 11.184767723083496 and parameters: {'gradient_clip_val': 0.16786080554646013, 'hidden_size': 53, 'dropout': 0.10898350923947178, 'hidden_continuous_size': 30, 'attention_head_size': 2, 'learning_rate': 0.015000271527168502}. Best is trial 0 with value: 7.560863971710205.
[I 2023-12-26 18:14:27,581] Trial 16 finished with value: 12.544421195983887 and parameters: {'gradient_clip_val': 0.1339394917029348, 'hidden_size': 98, 'dropout': 0.3498365594248987, 'hidden_continuous_size': 56, 'attention_head_size': 4, 'learning_rate': 0.04372262661918984}. Best is trial 0 with value: 7.560863971710205.
[I 2023-12-26 18:14:30,870] Trial 17 finished with value: 16.83489418029785 and parameters: {'gradient_clip_val': 0.24404956143359463, 'hidden_size': 62, 'dropout': 0.23040665263808394, 'hidden_continuous_size': 14, 'attention_head_size': 3, 'learning_rate': 0.02285910772076104}. Best is trial 0 with value: 7.560863971710205.
[I 2023-12-26 18:14:40,810] Trial 18 finished with value: 15.244877815246582 and parameters: {'gradient_clip_val': 0.16467385210028046, 'hidden_size': 149, 'dropout': 0.4414762181369368, 'hidden_continuous_size': 124, 'attention_head_size': 2, 'learning_rate': 0.0110265382320862}. Best is trial 0 with value: 7.560863971710205.
[I 2023-12-26 18:14:46,939] Trial 19 finished with value: 11.733149528503418 and parameters: {'gradient_clip_val': 0.1257378326755429, 'hidden_size': 103, 'dropout': 0.166167204046856, 'hidden_continuous_size': 49, 'attention_head_size': 4, 'learning_rate': 0.005819681677015778}. Best is trial 0 with value: 7.560863971710205.
[I 2023-12-26 18:14:50,400] Trial 20 finished with value: 10.874293327331543 and parameters: {'gradient_clip_val': 0.18088522842680155, 'hidden_size': 62, 'dropout': 0.25338780312123876, 'hidden_continuous_size': 35, 'attention_head_size': 3, 'learning_rate': 0.05395249722992646}. Best is trial 0 with value: 7.560863971710205.
[I 2023-12-26 18:14:59,529] Trial 21 finished with value: 9.363670349121094 and parameters: {'gradient_clip_val': 0.10057363819411175, 'hidden_size': 150, 'dropout': 0.494159167216781, 'hidden_continuous_size': 74, 'attention_head_size': 3, 'learning_rate': 0.09004178146833357}. Best is trial 0 with value: 7.560863971710205.
[I 2023-12-26 18:15:06,041] Trial 22 finished with value: 12.125393867492676 and parameters: {'gradient_clip_val': 0.10001099399482066, 'hidden_size': 107, 'dropout': 0.4621750040214474, 'hidden_continuous_size': 70, 'attention_head_size': 3, 'learning_rate': 0.0707268530892789}. Best is trial 0 with value: 7.560863971710205.
[I 2023-12-26 18:15:13,579] Trial 23 finished with value: 12.51868724822998 and parameters: {'gradient_clip_val': 0.12958126174027962, 'hidden_size': 121, 'dropout': 0.4937980149491443, 'hidden_continuous_size': 83, 'attention_head_size': 3, 'learning_rate': 0.03210461774971284}. Best is trial 0 with value: 7.560863971710205.
[I 2023-12-26 18:15:18,043] Trial 24 finished with value: 13.533574104309082 and parameters: {'gradient_clip_val': 0.12456090938118008, 'hidden_size': 81, 'dropout': 0.40858487817414985, 'hidden_continuous_size': 47, 'attention_head_size': 2, 'learning_rate': 0.09954718247140822}. Best is trial 0 with value: 7.560863971710205.
[I 2023-12-26 18:15:25,222] Trial 25 finished with value: 11.297625541687012 and parameters: {'gradient_clip_val': 0.14954300481985516, 'hidden_size': 121, 'dropout': 0.4516866152602412, 'hidden_continuous_size': 60, 'attention_head_size': 3, 'learning_rate': 0.05691703749245478}. Best is trial 0 with value: 7.560863971710205.
[I 2023-12-26 18:15:30,446] Trial 26 finished with value: 13.808837890625 and parameters: {'gradient_clip_val': 0.11819361439902357, 'hidden_size': 89, 'dropout': 0.39726193066557103, 'hidden_continuous_size': 64, 'attention_head_size': 4, 'learning_rate': 0.036194734603877454}. Best is trial 0 with value: 7.560863971710205.
[I 2023-12-26 18:15:39,536] Trial 27 finished with value: 12.173763275146484 and parameters: {'gradient_clip_val': 0.17650443179312314, 'hidden_size': 144, 'dropout': 0.4669815172650208, 'hidden_continuous_size': 109, 'attention_head_size': 3, 'learning_rate': 0.05665786423688936}. Best is trial 0 with value: 7.560863971710205.
[I 2023-12-26 18:15:43,648] Trial 28 finished with value: 12.673816680908203 and parameters: {'gradient_clip_val': 0.11699880196859691, 'hidden_size': 76, 'dropout': 0.33785201999555936, 'hidden_continuous_size': 44, 'attention_head_size': 2, 'learning_rate': 0.024703925446703353}. Best is trial 0 with value: 7.560863971710205.
[I 2023-12-26 18:15:46,500] Trial 29 finished with value: 12.63266658782959 and parameters: {'gradient_clip_val': 0.13959664520666723, 'hidden_size': 44, 'dropout': 0.3746679552846675, 'hidden_continuous_size': 37, 'attention_head_size': 4, 'learning_rate': 0.01929131286321398}. Best is trial 0 with value: 7.560863971710205.
[I 2023-12-26 18:15:54,190] Trial 30 finished with value: 14.733002662658691 and parameters: {'gradient_clip_val': 0.11214096422761853, 'hidden_size': 119, 'dropout': 0.4387794207182576, 'hidden_continuous_size': 82, 'attention_head_size': 4, 'learning_rate': 0.03189237196180286}. Best is trial 0 with value: 7.560863971710205.
[I 2023-12-26 18:16:03,196] Trial 31 finished with value: 8.698479652404785 and parameters: {'gradient_clip_val': 0.10018142816847145, 'hidden_size': 145, 'dropout': 0.48735088521803605, 'hidden_continuous_size': 89, 'attention_head_size': 3, 'learning_rate': 0.07248415401184799}. Best is trial 0 with value: 7.560863971710205.
[I 2023-12-26 18:16:10,517] Trial 32 finished with value: 8.519569396972656 and parameters: {'gradient_clip_val': 0.10192274240424742, 'hidden_size': 117, 'dropout': 0.474565682977538, 'hidden_continuous_size': 90, 'attention_head_size': 3, 'learning_rate': 0.06993912416972416}. Best is trial 0 with value: 7.560863971710205.
[I 2023-12-26 18:16:17,919] Trial 33 finished with value: 8.61905574798584 and parameters: {'gradient_clip_val': 0.1212050029477065, 'hidden_size': 116, 'dropout': 0.46531038965735716, 'hidden_continuous_size': 95, 'attention_head_size': 3, 'learning_rate': 0.06968056187876001}. Best is trial 0 with value: 7.560863971710205.
[I 2023-12-26 18:16:23,098] Trial 34 finished with value: 12.597060203552246 and parameters: {'gradient_clip_val': 0.12844559309808726, 'hidden_size': 89, 'dropout': 0.43683213789472775, 'hidden_continuous_size': 60, 'attention_head_size': 3, 'learning_rate': 0.07336730372292859}. Best is trial 0 with value: 7.560863971710205.
[I 2023-12-26 18:16:30,382] Trial 35 finished with value: 9.873220443725586 and parameters: {'gradient_clip_val': 0.15716208280073485, 'hidden_size': 115, 'dropout': 0.4504785002982972, 'hidden_continuous_size': 95, 'attention_head_size': 1, 'learning_rate': 0.0399653655674014}. Best is trial 0 with value: 7.560863971710205.
[I 2023-12-26 18:16:33,543] Trial 36 finished with value: 11.295329093933105 and parameters: {'gradient_clip_val': 0.13856257806006633, 'hidden_size': 53, 'dropout': 0.42191246609780203, 'hidden_continuous_size': 43, 'attention_head_size': 3, 'learning_rate': 0.04668228196617349}. Best is trial 0 with value: 7.560863971710205.
[I 2023-12-26 18:16:35,916] Trial 37 finished with value: 11.830123901367188 and parameters: {'gradient_clip_val': 0.12001134308937977, 'hidden_size': 32, 'dropout': 0.4774915158602244, 'hidden_continuous_size': 28, 'attention_head_size': 3, 'learning_rate': 0.014995379984415429}. Best is trial 0 with value: 7.560863971710205.
[I 2023-12-26 18:16:39,996] Trial 38 finished with value: 10.230130195617676 and parameters: {'gradient_clip_val': 0.19935579072943668, 'hidden_size': 73, 'dropout': 0.46849361901920406, 'hidden_continuous_size': 56, 'attention_head_size': 4, 'learning_rate': 0.06960653712399759}. Best is trial 0 with value: 7.560863971710205.
[I 2023-12-26 18:16:45,118] Trial 39 finished with value: 10.259167671203613 and parameters: {'gradient_clip_val': 0.24525043440525518, 'hidden_size': 87, 'dropout': 0.3931625295961383, 'hidden_continuous_size': 66, 'attention_head_size': 2, 'learning_rate': 0.02584208678387887}. Best is trial 0 with value: 7.560863971710205.
[I 2023-12-26 18:16:47,339] Trial 40 finished with value: 14.349959373474121 and parameters: {'gradient_clip_val': 0.9828177969045984, 'hidden_size': 21, 'dropout': 0.317119410876922, 'hidden_continuous_size': 14, 'attention_head_size': 3, 'learning_rate': 0.06764222966190646}. Best is trial 0 with value: 7.560863971710205.
[I 2023-12-26 18:16:55,072] Trial 41 finished with value: 13.129020690917969 and parameters: {'gradient_clip_val': 0.11203669763195513, 'hidden_size': 123, 'dropout': 0.471625131041426, 'hidden_continuous_size': 90, 'attention_head_size': 3, 'learning_rate': 0.05301649970157866}. Best is trial 0 with value: 7.560863971710205.
[I 2023-12-26 18:17:01,195] Trial 42 finished with value: 9.324484825134277 and parameters: {'gradient_clip_val': 0.10924467695489348, 'hidden_size': 98, 'dropout': 0.49566946393351075, 'hidden_continuous_size': 73, 'attention_head_size': 3, 'learning_rate': 0.034204161374310635}. Best is trial 0 with value: 7.560863971710205.
[I 2023-12-26 18:17:09,735] Trial 43 finished with value: 12.631343841552734 and parameters: {'gradient_clip_val': 0.14622485752429257, 'hidden_size': 127, 'dropout': 0.43069624313436716, 'hidden_continuous_size': 119, 'attention_head_size': 3, 'learning_rate': 0.0809198327611868}. Best is trial 0 with value: 7.560863971710205.
[I 2023-12-26 18:17:16,484] Trial 44 finished with value: 9.870591163635254 and parameters: {'gradient_clip_val': 0.11317062915621344, 'hidden_size': 106, 'dropout': 0.45430960679325627, 'hidden_continuous_size': 87, 'attention_head_size': 3, 'learning_rate': 0.05987763479323861}. Best is trial 0 with value: 7.560863971710205.
[I 2023-12-26 18:17:25,469] Trial 45 finished with value: 11.933845520019531 and parameters: {'gradient_clip_val': 0.101293434932024, 'hidden_size': 133, 'dropout': 0.47747661735096564, 'hidden_continuous_size': 127, 'attention_head_size': 3, 'learning_rate': 0.045985103361594726}. Best is trial 0 with value: 7.560863971710205.
[I 2023-12-26 18:17:30,842] Trial 46 finished with value: 11.044198036193848 and parameters: {'gradient_clip_val': 0.13451720169667394, 'hidden_size': 90, 'dropout': 0.4979452986799896, 'hidden_continuous_size': 77, 'attention_head_size': 3, 'learning_rate': 0.09775998409578171}. Best is trial 0 with value: 7.560863971710205.
[I 2023-12-26 18:17:37,929] Trial 47 finished with value: 15.541732788085938 and parameters: {'gradient_clip_val': 0.11992972936010786, 'hidden_size': 111, 'dropout': 0.4263894833811041, 'hidden_continuous_size': 97, 'attention_head_size': 2, 'learning_rate': 0.04005815879343752}. Best is trial 0 with value: 7.560863971710205.
[I 2023-12-26 18:17:42,119] Trial 48 finished with value: 10.418971061706543 and parameters: {'gradient_clip_val': 0.15604041519567963, 'hidden_size': 74, 'dropout': 0.4590520626790252, 'hidden_continuous_size': 65, 'attention_head_size': 3, 'learning_rate': 0.07844229587111665}. Best is trial 0 with value: 7.560863971710205.
[I 2023-12-26 18:17:50,613] Trial 49 finished with value: 12.393513679504395 and parameters: {'gradient_clip_val': 0.10010863795706315, 'hidden_size': 132, 'dropout': 0.4790279828078069, 'hidden_continuous_size': 108, 'attention_head_size': 4, 'learning_rate': 0.027777852370641072}. Best is trial 0 with value: 7.560863971710205.
