[I 2023-12-16 00:42:11,906] Trial 38 finished with value: 19.260087966918945 and parameters: {'gradient_clip_val': 0.4952434775883438, 'hidden_size': 81, 'dropout': 0.1428099523133425, 'hidden_continuous_size': 8, 'attention_head_size': 1, 'learning_rate': 0.005602116238277943}. Best is trial 4 with value: 10.741019248962402.
LOCAL_RANK: 0 - CUDA_VISIBLE_DEVICES: [0]
[I 2023-12-16 00:43:00,489] Trial 39 finished with value: 24.977575302124023 and parameters: {'gradient_clip_val': 0.42453900827624946, 'hidden_size': 32, 'dropout': 0.32315691604003777, 'hidden_continuous_size': 13, 'attention_head_size': 3, 'learning_rate': 0.01510391104097393}. Best is trial 4 with value: 10.741019248962402.
LOCAL_RANK: 0 - CUDA_VISIBLE_DEVICES: [0]
[I 2023-12-16 00:43:52,796] Trial 40 finished with value: 25.111984252929688 and parameters: {'gradient_clip_val': 0.23946389037185298, 'hidden_size': 62, 'dropout': 0.21489281563269402, 'hidden_continuous_size': 10, 'attention_head_size': 2, 'learning_rate': 0.009419378119253068}. Best is trial 4 with value: 10.741019248962402.
LOCAL_RANK: 0 - CUDA_VISIBLE_DEVICES: [0]
[I 2023-12-16 00:44:44,820] Trial 41 finished with value: 37.13711166381836 and parameters: {'gradient_clip_val': 0.3193745747644413, 'hidden_size': 46, 'dropout': 0.2849537889712951, 'hidden_continuous_size': 12, 'attention_head_size': 2, 'learning_rate': 0.004191268195459139}. Best is trial 4 with value: 10.741019248962402.
LOCAL_RANK: 0 - CUDA_VISIBLE_DEVICES: [0]
[I 2023-12-16 00:45:37,000] Trial 42 finished with value: 47.882320404052734 and parameters: {'gradient_clip_val': 0.3750969983488544, 'hidden_size': 43, 'dropout': 0.24788483935637615, 'hidden_continuous_size': 13, 'attention_head_size': 2, 'learning_rate': 0.0022824330156851953}. Best is trial 4 with value: 10.741019248962402.
LOCAL_RANK: 0 - CUDA_VISIBLE_DEVICES: [0]
[I 2023-12-16 00:46:29,968] Trial 43 finished with value: 84.8267822265625 and parameters: {'gradient_clip_val': 0.3223981998190311, 'hidden_size': 54, 'dropout': 0.2639703231899164, 'hidden_continuous_size': 17, 'attention_head_size': 2, 'learning_rate': 0.006382841867128355}. Best is trial 4 with value: 10.741019248962402.
LOCAL_RANK: 0 - CUDA_VISIBLE_DEVICES: [0]
[I 2023-12-16 00:47:20,235] Trial 44 finished with value: 46.25449752807617 and parameters: {'gradient_clip_val': 0.2768616219031969, 'hidden_size': 37, 'dropout': 0.30028676753250366, 'hidden_continuous_size': 11, 'attention_head_size': 2, 'learning_rate': 0.0029912248061731224}. Best is trial 4 with value: 10.741019248962402.
LOCAL_RANK: 0 - CUDA_VISIBLE_DEVICES: [0]
[I 2023-12-16 00:48:12,787] Trial 45 finished with value: 27.342132568359375 and parameters: {'gradient_clip_val': 0.42125375103234164, 'hidden_size': 51, 'dropout': 0.27478387770143525, 'hidden_continuous_size': 15, 'attention_head_size': 2, 'learning_rate': 0.005251278747358666}. Best is trial 4 with value: 10.741019248962402.
LOCAL_RANK: 0 - CUDA_VISIBLE_DEVICES: [0]
[I 2023-12-16 00:49:02,887] Trial 46 finished with value: 77.18865203857422 and parameters: {'gradient_clip_val': 0.24427755361824968, 'hidden_size': 33, 'dropout': 0.37378090392655877, 'hidden_continuous_size': 13, 'attention_head_size': 3, 'learning_rate': 0.007677683023759476}. Best is trial 4 with value: 10.741019248962402.
LOCAL_RANK: 0 - CUDA_VISIBLE_DEVICES: [0]
[I 2023-12-16 00:49:54,812] Trial 47 finished with value: 15.540878295898438 and parameters: {'gradient_clip_val': 0.3106175034218453, 'hidden_size': 43, 'dropout': 0.31309312276711726, 'hidden_continuous_size': 20, 'attention_head_size': 1, 'learning_rate': 0.0037824267954500754}. Best is trial 4 with value: 10.741019248962402.
LOCAL_RANK: 0 - CUDA_VISIBLE_DEVICES: [0]
[I 2023-12-16 00:50:43,469] Trial 48 finished with value: 30.576616287231445 and parameters: {'gradient_clip_val': 0.29680034278111106, 'hidden_size': 30, 'dropout': 0.3133168514677805, 'hidden_continuous_size': 10, 'attention_head_size': 1, 'learning_rate': 0.003836966871918086}. Best is trial 4 with value: 10.741019248962402.
LOCAL_RANK: 0 - CUDA_VISIBLE_DEVICES: [0]
[I 2023-12-16 00:51:34,608] Trial 49 finished with value: 11.607086181640625 and parameters: {'gradient_clip_val': 0.455403865949768, 'hidden_size': 40, 'dropout': 0.3332136259981765, 'hidden_continuous_size': 19, 'attention_head_size': 1, 'learning_rate': 0.006522546192899721}. Best is trial 4 with value: 10.741019248962402.
[I 2023-12-16 00:51:34,701] A new study created in memory with name: no-name-190968f1-192c-483f-a891-fad5ab5a532e
/home/le004/conda/anaconda3/envs/tsff_env/lib/python3.9/site-packages/lightning/fabric/plugins/environments/slurm.py:191: The `srun` command is available on your system but is not used. HINT: If your intention is to run Lightning on SLURM, prepend your python command with `srun` like so: srun python /home/le004/master_thesis/git/TSFusionForecast/code/ ...
LOCAL_RANK: 0 - CUDA_VISIBLE_DEVICES: [0]
[I 2023-12-16 00:52:23,750] Trial 0 finished with value: 12.285456657409668 and parameters: {'gradient_clip_val': 0.3133153166508979, 'hidden_size': 29, 'dropout': 0.3228903425455294, 'hidden_continuous_size': 8, 'attention_head_size': 3, 'learning_rate': 0.03150271592145659}. Best is trial 0 with value: 12.285456657409668.
LOCAL_RANK: 0 - CUDA_VISIBLE_DEVICES: [0]
[I 2023-12-16 00:53:15,194] Trial 1 finished with value: 29.218521118164062 and parameters: {'gradient_clip_val': 0.23502447785444852, 'hidden_size': 52, 'dropout': 0.11462159614841456, 'hidden_continuous_size': 19, 'attention_head_size': 1, 'learning_rate': 0.04162393004678763}. Best is trial 0 with value: 12.285456657409668.
LOCAL_RANK: 0 - CUDA_VISIBLE_DEVICES: [0]
[I 2023-12-16 00:54:07,769] Trial 2 finished with value: 44.112548828125 and parameters: {'gradient_clip_val': 0.1360225623709117, 'hidden_size': 79, 'dropout': 0.12589816151901445, 'hidden_continuous_size': 7, 'attention_head_size': 2, 'learning_rate': 0.0008567078374529389}. Best is trial 0 with value: 12.285456657409668.
LOCAL_RANK: 0 - CUDA_VISIBLE_DEVICES: [0]
[I 2023-12-16 00:55:01,424] Trial 3 finished with value: 8.383110046386719 and parameters: {'gradient_clip_val': 0.13137837326973112, 'hidden_size': 55, 'dropout': 0.2610549739337885, 'hidden_continuous_size': 30, 'attention_head_size': 4, 'learning_rate': 0.021661615969584075}. Best is trial 3 with value: 8.383110046386719.
LOCAL_RANK: 0 - CUDA_VISIBLE_DEVICES: [0]
[I 2023-12-16 00:55:55,742] Trial 4 finished with value: 11.45334529876709 and parameters: {'gradient_clip_val': 0.10209564059899734, 'hidden_size': 91, 'dropout': 0.20891707641991206, 'hidden_continuous_size': 10, 'attention_head_size': 3, 'learning_rate': 0.004253657382616999}. Best is trial 3 with value: 8.383110046386719.
LOCAL_RANK: 0 - CUDA_VISIBLE_DEVICES: [0]
[I 2023-12-16 00:56:44,097] Trial 5 finished with value: 36.74169921875 and parameters: {'gradient_clip_val': 0.49233843836428615, 'hidden_size': 26, 'dropout': 0.2077986120265047, 'hidden_continuous_size': 9, 'attention_head_size': 1, 'learning_rate': 0.01991809213167719}. Best is trial 3 with value: 8.383110046386719.
LOCAL_RANK: 0 - CUDA_VISIBLE_DEVICES: [0]
[I 2023-12-16 00:57:28,318] Trial 6 finished with value: 14.07989501953125 and parameters: {'gradient_clip_val': 0.5103966236936457, 'hidden_size': 16, 'dropout': 0.18384538246336957, 'hidden_continuous_size': 8, 'attention_head_size': 1, 'learning_rate': 0.005479543916771865}. Best is trial 3 with value: 8.383110046386719.
LOCAL_RANK: 0 - CUDA_VISIBLE_DEVICES: [0]
[I 2023-12-16 00:58:14,319] Trial 7 finished with value: 53.54155349731445 and parameters: {'gradient_clip_val': 0.11874924907342713, 'hidden_size': 9, 'dropout': 0.17782755553339943, 'hidden_continuous_size': 7, 'attention_head_size': 4, 'learning_rate': 0.021642954732887357}. Best is trial 3 with value: 8.383110046386719.
LOCAL_RANK: 0 - CUDA_VISIBLE_DEVICES: [0]
[I 2023-12-16 00:58:59,573] Trial 8 finished with value: 9.622020721435547 and parameters: {'gradient_clip_val': 0.22706263091398038, 'hidden_size': 12, 'dropout': 0.33014246383865603, 'hidden_continuous_size': 9, 'attention_head_size': 4, 'learning_rate': 0.011014830334265297}. Best is trial 3 with value: 8.383110046386719.
LOCAL_RANK: 0 - CUDA_VISIBLE_DEVICES: [0]
[I 2023-12-16 00:59:45,958] Trial 9 finished with value: 26.97420310974121 and parameters: {'gradient_clip_val': 0.5795633703353457, 'hidden_size': 20, 'dropout': 0.2291716689426267, 'hidden_continuous_size': 7, 'attention_head_size': 2, 'learning_rate': 0.01787094200333911}. Best is trial 3 with value: 8.383110046386719.
LOCAL_RANK: 0 - CUDA_VISIBLE_DEVICES: [0]
[I 2023-12-16 01:00:20,610] Trial 10 finished with value: 38.161319732666016 and parameters: {'gradient_clip_val': 0.9514886143251222, 'hidden_size': 5, 'dropout': 0.2803361105487098, 'hidden_continuous_size': 5, 'attention_head_size': 4, 'learning_rate': 0.09668745684907466}. Best is trial 3 with value: 8.383110046386719.
LOCAL_RANK: 0 - CUDA_VISIBLE_DEVICES: [0]
[I 2023-12-16 01:01:13,624] Trial 11 finished with value: 31.649011611938477 and parameters: {'gradient_clip_val': 0.1761954035404471, 'hidden_size': 44, 'dropout': 0.3965710027652014, 'hidden_continuous_size': 35, 'attention_head_size': 4, 'learning_rate': 0.008607946739979562}. Best is trial 3 with value: 8.383110046386719.
LOCAL_RANK: 0 - CUDA_VISIBLE_DEVICES: [0]
[I 2023-12-16 01:01:59,270] Trial 12 finished with value: 23.12212562561035 and parameters: {'gradient_clip_val': 0.18199603076053078, 'hidden_size': 13, 'dropout': 0.29303527760530956, 'hidden_continuous_size': 5, 'attention_head_size': 3, 'learning_rate': 0.009734960495822922}. Best is trial 3 with value: 8.383110046386719.
LOCAL_RANK: 0 - CUDA_VISIBLE_DEVICES: [0]
[I 2023-12-16 01:02:49,958] Trial 13 finished with value: 11.162812232971191 and parameters: {'gradient_clip_val': 0.16129272923079732, 'hidden_size': 36, 'dropout': 0.3418264578499017, 'hidden_continuous_size': 14, 'attention_head_size': 4, 'learning_rate': 0.003093812423719263}. Best is trial 3 with value: 8.383110046386719.
LOCAL_RANK: 0 - CUDA_VISIBLE_DEVICES: [0]
[I 2023-12-16 01:03:44,818] Trial 14 finished with value: 54.38682556152344 and parameters: {'gradient_clip_val': 0.2435952372969356, 'hidden_size': 59, 'dropout': 0.27614132436967365, 'hidden_continuous_size': 56, 'attention_head_size': 3, 'learning_rate': 0.05860991919323883}. Best is trial 3 with value: 8.383110046386719.
LOCAL_RANK: 0 - CUDA_VISIBLE_DEVICES: [0]
[I 2023-12-16 01:04:33,858] Trial 15 finished with value: 63.84246826171875 and parameters: {'gradient_clip_val': 0.10182212756880744, 'hidden_size': 32, 'dropout': 0.2496941754160293, 'hidden_continuous_size': 15, 'attention_head_size': 4, 'learning_rate': 0.011450657550852771}. Best is trial 3 with value: 8.383110046386719.
LOCAL_RANK: 0 - CUDA_VISIBLE_DEVICES: [0]
[I 2023-12-16 01:05:18,681] Trial 16 finished with value: 40.4947624206543 and parameters: {'gradient_clip_val': 0.14238514496594318, 'hidden_size': 12, 'dropout': 0.34476774075333744, 'hidden_continuous_size': 6, 'attention_head_size': 4, 'learning_rate': 0.003074273504464388}. Best is trial 3 with value: 8.383110046386719.
LOCAL_RANK: 0 - CUDA_VISIBLE_DEVICES: [0]
[I 2023-12-16 01:06:07,338] Trial 17 finished with value: 48.5084342956543 and parameters: {'gradient_clip_val': 0.21801260895611593, 'hidden_size': 21, 'dropout': 0.31262976684534494, 'hidden_continuous_size': 11, 'attention_head_size': 2, 'learning_rate': 0.013906620201811468}. Best is trial 3 with value: 8.383110046386719.
LOCAL_RANK: 0 - CUDA_VISIBLE_DEVICES: [0]
[I 2023-12-16 01:07:00,965] Trial 18 finished with value: 20.847509384155273 and parameters: {'gradient_clip_val': 0.13168343836578333, 'hidden_size': 57, 'dropout': 0.3768810275458036, 'hidden_continuous_size': 22, 'attention_head_size': 3, 'learning_rate': 0.030142360059963708}. Best is trial 3 with value: 8.383110046386719.
LOCAL_RANK: 0 - CUDA_VISIBLE_DEVICES: [0]
[I 2023-12-16 01:07:39,914] Trial 19 finished with value: 15.95483112335205 and parameters: {'gradient_clip_val': 0.19019536809502355, 'hidden_size': 99, 'dropout': 0.2632474877772166, 'hidden_continuous_size': 99, 'attention_head_size': 4, 'learning_rate': 0.007050773921454}. Best is trial 3 with value: 8.383110046386719.
LOCAL_RANK: 0 - CUDA_VISIBLE_DEVICES: [0]
[I 2023-12-16 01:08:31,242] Trial 20 finished with value: 14.303382873535156 and parameters: {'gradient_clip_val': 0.2978060662262323, 'hidden_size': 39, 'dropout': 0.29978778861754507, 'hidden_continuous_size': 11, 'attention_head_size': 3, 'learning_rate': 0.048033105172186764}. Best is trial 3 with value: 8.383110046386719.
LOCAL_RANK: 0 - CUDA_VISIBLE_DEVICES: [0]
[I 2023-12-16 01:09:23,566] Trial 21 finished with value: 43.750789642333984 and parameters: {'gradient_clip_val': 0.17125815592242286, 'hidden_size': 39, 'dropout': 0.3387479700255961, 'hidden_continuous_size': 14, 'attention_head_size': 4, 'learning_rate': 0.0031385929071970618}. Best is trial 3 with value: 8.383110046386719.
LOCAL_RANK: 0 - CUDA_VISIBLE_DEVICES: [0]
[I 2023-12-16 01:10:17,869] Trial 22 finished with value: 18.575429916381836 and parameters: {'gradient_clip_val': 0.15579935822559374, 'hidden_size': 62, 'dropout': 0.36429500041112267, 'hidden_continuous_size': 14, 'attention_head_size': 4, 'learning_rate': 0.0017927476928357882}. Best is trial 3 with value: 8.383110046386719.
LOCAL_RANK: 0 - CUDA_VISIBLE_DEVICES: [0]
[I 2023-12-16 01:11:08,204] Trial 23 finished with value: 52.78147506713867 and parameters: {'gradient_clip_val': 0.1502675206874874, 'hidden_size': 33, 'dropout': 0.3210889498908557, 'hidden_continuous_size': 10, 'attention_head_size': 4, 'learning_rate': 0.012079452205810602}. Best is trial 3 with value: 8.383110046386719.
LOCAL_RANK: 0 - CUDA_VISIBLE_DEVICES: [0]
[I 2023-12-16 01:11:57,966] Trial 24 finished with value: 21.573022842407227 and parameters: {'gradient_clip_val': 0.20599387952105186, 'hidden_size': 26, 'dropout': 0.3476769284754274, 'hidden_continuous_size': 12, 'attention_head_size': 4, 'learning_rate': 0.00680197452879534}. Best is trial 3 with value: 8.383110046386719.
LOCAL_RANK: 0 - CUDA_VISIBLE_DEVICES: [0]
[I 2023-12-16 01:12:50,836] Trial 25 finished with value: 20.162919998168945 and parameters: {'gradient_clip_val': 0.11812848936843182, 'hidden_size': 47, 'dropout': 0.3011082507201944, 'hidden_continuous_size': 19, 'attention_head_size': 3, 'learning_rate': 0.014090677543561799}. Best is trial 3 with value: 8.383110046386719.
LOCAL_RANK: 0 - CUDA_VISIBLE_DEVICES: [0]
[I 2023-12-16 01:13:45,384] Trial 26 finished with value: 34.68124771118164 and parameters: {'gradient_clip_val': 0.25560214305026197, 'hidden_size': 69, 'dropout': 0.37057022736839496, 'hidden_continuous_size': 25, 'attention_head_size': 4, 'learning_rate': 0.004913401549540221}. Best is trial 3 with value: 8.383110046386719.
LOCAL_RANK: 0 - CUDA_VISIBLE_DEVICES: [0]
[I 2023-12-16 01:14:39,474] Trial 27 finished with value: 62.41697692871094 and parameters: {'gradient_clip_val': 0.16168787402081106, 'hidden_size': 75, 'dropout': 0.323757537217112, 'hidden_continuous_size': 28, 'attention_head_size': 3, 'learning_rate': 0.0016779329622896196}. Best is trial 3 with value: 8.383110046386719.
LOCAL_RANK: 0 - CUDA_VISIBLE_DEVICES: [0]
[I 2023-12-16 01:15:32,539] Trial 28 finished with value: 34.879337310791016 and parameters: {'gradient_clip_val': 0.20268598829711681, 'hidden_size': 41, 'dropout': 0.2561953478657621, 'hidden_continuous_size': 17, 'attention_head_size': 4, 'learning_rate': 0.020192216941255645}. Best is trial 3 with value: 8.383110046386719.
LOCAL_RANK: 0 - CUDA_VISIBLE_DEVICES: [0]
[I 2023-12-16 01:16:21,884] Trial 29 finished with value: 13.464337348937988 and parameters: {'gradient_clip_val': 0.2891710281497142, 'hidden_size': 30, 'dropout': 0.3279825657011888, 'hidden_continuous_size': 12, 'attention_head_size': 3, 'learning_rate': 0.03313396463607823}. Best is trial 3 with value: 8.383110046386719.
LOCAL_RANK: 0 - CUDA_VISIBLE_DEVICES: [0]
[I 2023-12-16 01:17:10,437] Trial 30 finished with value: 42.27021789550781 and parameters: {'gradient_clip_val': 0.16728947296229937, 'hidden_size': 22, 'dropout': 0.3077251712344341, 'hidden_continuous_size': 9, 'attention_head_size': 2, 'learning_rate': 0.0005116141705197707}. Best is trial 3 with value: 8.383110046386719.
LOCAL_RANK: 0 - CUDA_VISIBLE_DEVICES: [0]
[I 2023-12-16 01:18:05,184] Trial 31 finished with value: 9.514006614685059 and parameters: {'gradient_clip_val': 0.10240477868020591, 'hidden_size': 92, 'dropout': 0.22968237387293472, 'hidden_continuous_size': 16, 'attention_head_size': 3, 'learning_rate': 0.004180602167167321}. Best is trial 3 with value: 8.383110046386719.
LOCAL_RANK: 0 - CUDA_VISIBLE_DEVICES: [0]
[I 2023-12-16 01:18:59,989] Trial 32 finished with value: 16.944658279418945 and parameters: {'gradient_clip_val': 0.12182925993571381, 'hidden_size': 82, 'dropout': 0.28578813725527974, 'hidden_continuous_size': 19, 'attention_head_size': 4, 'learning_rate': 0.008973211725357231}. Best is trial 3 with value: 8.383110046386719.
LOCAL_RANK: 0 - CUDA_VISIBLE_DEVICES: [0]
[I 2023-12-16 01:19:53,455] Trial 33 finished with value: 32.17850112915039 and parameters: {'gradient_clip_val': 0.1371554553581465, 'hidden_size': 54, 'dropout': 0.24116832440889033, 'hidden_continuous_size': 16, 'attention_head_size': 4, 'learning_rate': 0.006861879217616825}. Best is trial 3 with value: 8.383110046386719.
LOCAL_RANK: 0 - CUDA_VISIBLE_DEVICES: [0]
[I 2023-12-16 01:20:47,401] Trial 34 finished with value: 32.89162826538086 and parameters: {'gradient_clip_val': 0.10085277269972748, 'hidden_size': 89, 'dropout': 0.2693403057384025, 'hidden_continuous_size': 13, 'attention_head_size': 3, 'learning_rate': 0.004390958869840646}. Best is trial 3 with value: 8.383110046386719.
LOCAL_RANK: 0 - CUDA_VISIBLE_DEVICES: [0]
[I 2023-12-16 01:21:41,221] Trial 35 finished with value: 25.770029067993164 and parameters: {'gradient_clip_val': 0.11643628331450578, 'hidden_size': 69, 'dropout': 0.27996249044969207, 'hidden_continuous_size': 17, 'attention_head_size': 3, 'learning_rate': 0.0031265677547680218}. Best is trial 3 with value: 8.383110046386719.
LOCAL_RANK: 0 - CUDA_VISIBLE_DEVICES: [0]
[I 2023-12-16 01:22:35,763] Trial 36 finished with value: 47.90677261352539 and parameters: {'gradient_clip_val': 0.13738830975029154, 'hidden_size': 81, 'dropout': 0.22981431978718125, 'hidden_continuous_size': 14, 'attention_head_size': 4, 'learning_rate': 0.005425376336093474}. Best is trial 3 with value: 8.383110046386719.
LOCAL_RANK: 0 - CUDA_VISIBLE_DEVICES: [0]
[I 2023-12-16 01:23:27,695] Trial 37 finished with value: 24.245529174804688 and parameters: {'gradient_clip_val': 0.15099732193986373, 'hidden_size': 54, 'dropout': 0.3542504556053213, 'hidden_continuous_size': 8, 'attention_head_size': 1, 'learning_rate': 0.015955267941088095}. Best is trial 3 with value: 8.383110046386719.
LOCAL_RANK: 0 - CUDA_VISIBLE_DEVICES: [0]
[I 2023-12-16 01:24:20,219] Trial 38 finished with value: 21.731332778930664 and parameters: {'gradient_clip_val': 0.22300125352383587, 'hidden_size': 50, 'dropout': 0.33247745138396895, 'hidden_continuous_size': 9, 'attention_head_size': 2, 'learning_rate': 0.002082131243155986}. Best is trial 3 with value: 8.383110046386719.
LOCAL_RANK: 0 - CUDA_VISIBLE_DEVICES: [0]
[I 2023-12-16 01:25:14,355] Trial 39 finished with value: 18.665468215942383 and parameters: {'gradient_clip_val': 0.11182141884993824, 'hidden_size': 96, 'dropout': 0.30985505095294236, 'hidden_continuous_size': 21, 'attention_head_size': 3, 'learning_rate': 0.023307541133921895}. Best is trial 3 with value: 8.383110046386719.
LOCAL_RANK: 0 - CUDA_VISIBLE_DEVICES: [0]
[I 2023-12-16 01:26:07,297] Trial 40 finished with value: 36.89820861816406 and parameters: {'gradient_clip_val': 0.12709354886104723, 'hidden_size': 64, 'dropout': 0.19926200672756406, 'hidden_continuous_size': 16, 'attention_head_size': 4, 'learning_rate': 0.010216900453741436}. Best is trial 3 with value: 8.383110046386719.
LOCAL_RANK: 0 - CUDA_VISIBLE_DEVICES: [0]
[I 2023-12-16 01:27:00,648] Trial 41 finished with value: 37.647647857666016 and parameters: {'gradient_clip_val': 0.10785890957512718, 'hidden_size': 75, 'dropout': 0.21161943914464543, 'hidden_continuous_size': 10, 'attention_head_size': 3, 'learning_rate': 0.0044655290681828285}. Best is trial 3 with value: 8.383110046386719.
LOCAL_RANK: 0 - CUDA_VISIBLE_DEVICES: [0]
[I 2023-12-16 01:27:55,101] Trial 42 finished with value: 44.56852340698242 and parameters: {'gradient_clip_val': 0.10182645914188612, 'hidden_size': 85, 'dropout': 0.18652041427344096, 'hidden_continuous_size': 12, 'attention_head_size': 3, 'learning_rate': 0.00797694804258237}. Best is trial 3 with value: 8.383110046386719.
LOCAL_RANK: 0 - CUDA_VISIBLE_DEVICES: [0]
[I 2023-12-16 01:28:47,847] Trial 43 finished with value: 56.07412338256836 and parameters: {'gradient_clip_val': 0.12207141237321639, 'hidden_size': 67, 'dropout': 0.15761461473143412, 'hidden_continuous_size': 8, 'attention_head_size': 2, 'learning_rate': 0.003646864433263138}. Best is trial 3 with value: 8.383110046386719.
LOCAL_RANK: 0 - CUDA_VISIBLE_DEVICES: [0]
[I 2023-12-16 01:29:41,731] Trial 44 finished with value: 84.20894622802734 and parameters: {'gradient_clip_val': 0.1323873251968544, 'hidden_size': 95, 'dropout': 0.2278024681487454, 'hidden_continuous_size': 6, 'attention_head_size': 4, 'learning_rate': 0.0061475531904005565}. Best is trial 3 with value: 8.383110046386719.
LOCAL_RANK: 0 - CUDA_VISIBLE_DEVICES: [0]
[I 2023-12-16 01:30:33,740] Trial 45 finished with value: 29.712814331054688 and parameters: {'gradient_clip_val': 0.10843229602526859, 'hidden_size': 45, 'dropout': 0.24877984765584626, 'hidden_continuous_size': 15, 'attention_head_size': 1, 'learning_rate': 0.0025913563666442037}. Best is trial 3 with value: 8.383110046386719.
LOCAL_RANK: 0 - CUDA_VISIBLE_DEVICES: [0]
