[I 2023-12-27 11:26:52,784] Trial 30 finished with value: 40.35773849487305 and parameters: {'gradient_clip_val': 0.1775295032779466, 'hidden_size': 20, 'dropout': 0.496850909733176, 'hidden_continuous_size': 7, 'attention_head_size': 1, 'learning_rate': 0.008254085053157516}. Best is trial 0 with value: 10.555022239685059.
LOCAL_RANK: 0 - CUDA_VISIBLE_DEVICES: [0]
[I 2023-12-27 11:26:53,229] Trial 31 finished with value: 46.08250427246094 and parameters: {'gradient_clip_val': 0.2778290304293151, 'hidden_size': 16, 'dropout': 0.4209539532638416, 'hidden_continuous_size': 6, 'attention_head_size': 2, 'learning_rate': 0.0029468418314242554}. Best is trial 0 with value: 10.555022239685059.
LOCAL_RANK: 0 - CUDA_VISIBLE_DEVICES: [0]
[I 2023-12-27 11:26:53,684] Trial 32 finished with value: 35.98311996459961 and parameters: {'gradient_clip_val': 0.30754555596457617, 'hidden_size': 29, 'dropout': 0.43366322825262515, 'hidden_continuous_size': 6, 'attention_head_size': 2, 'learning_rate': 0.0017330309654660665}. Best is trial 0 with value: 10.555022239685059.
LOCAL_RANK: 0 - CUDA_VISIBLE_DEVICES: [0]
[I 2023-12-27 11:26:54,229] Trial 33 finished with value: 39.522125244140625 and parameters: {'gradient_clip_val': 0.22094997076634465, 'hidden_size': 70, 'dropout': 0.39286715259797317, 'hidden_continuous_size': 9, 'attention_head_size': 2, 'learning_rate': 0.006259836833314506}. Best is trial 0 with value: 10.555022239685059.
LOCAL_RANK: 0 - CUDA_VISIBLE_DEVICES: [0]
[I 2023-12-27 11:26:54,729] Trial 34 finished with value: 34.864967346191406 and parameters: {'gradient_clip_val': 0.3322563595401063, 'hidden_size': 42, 'dropout': 0.3643998202933574, 'hidden_continuous_size': 7, 'attention_head_size': 3, 'learning_rate': 0.0035290296218887835}. Best is trial 0 with value: 10.555022239685059.
LOCAL_RANK: 0 - CUDA_VISIBLE_DEVICES: [0]
[I 2023-12-27 11:26:55,486] Trial 35 finished with value: 35.5146598815918 and parameters: {'gradient_clip_val': 0.24020246907648865, 'hidden_size': 21, 'dropout': 0.3865080911033638, 'hidden_continuous_size': 5, 'attention_head_size': 2, 'learning_rate': 0.004776591934419357}. Best is trial 0 with value: 10.555022239685059.
LOCAL_RANK: 0 - CUDA_VISIBLE_DEVICES: [0]
[I 2023-12-27 11:26:55,984] Trial 36 finished with value: 39.7004280090332 and parameters: {'gradient_clip_val': 0.20267021968949417, 'hidden_size': 17, 'dropout': 0.3396159657229464, 'hidden_continuous_size': 5, 'attention_head_size': 3, 'learning_rate': 0.0022414595553750002}. Best is trial 0 with value: 10.555022239685059.
LOCAL_RANK: 0 - CUDA_VISIBLE_DEVICES: [0]
[I 2023-12-27 11:26:56,387] Trial 37 finished with value: 34.910587310791016 and parameters: {'gradient_clip_val': 0.11879596383435943, 'hidden_size': 5, 'dropout': 0.4218335177020407, 'hidden_continuous_size': 5, 'attention_head_size': 1, 'learning_rate': 0.008411588183361043}. Best is trial 0 with value: 10.555022239685059.
LOCAL_RANK: 0 - CUDA_VISIBLE_DEVICES: [0]
[I 2023-12-27 11:26:56,844] Trial 38 finished with value: 34.582847595214844 and parameters: {'gradient_clip_val': 0.2761796159291941, 'hidden_size': 9, 'dropout': 0.4614976200369089, 'hidden_continuous_size': 6, 'attention_head_size': 4, 'learning_rate': 0.005138806746069033}. Best is trial 0 with value: 10.555022239685059.
LOCAL_RANK: 0 - CUDA_VISIBLE_DEVICES: [0]
[I 2023-12-27 11:26:57,295] Trial 39 finished with value: 29.936861038208008 and parameters: {'gradient_clip_val': 0.3940843842617448, 'hidden_size': 7, 'dropout': 0.3710382145703797, 'hidden_continuous_size': 5, 'attention_head_size': 2, 'learning_rate': 0.0030319269987001945}. Best is trial 0 with value: 10.555022239685059.
LOCAL_RANK: 0 - CUDA_VISIBLE_DEVICES: [0]
[I 2023-12-27 11:26:57,791] Trial 40 finished with value: 31.89818572998047 and parameters: {'gradient_clip_val': 0.24199373097706195, 'hidden_size': 90, 'dropout': 0.4188674484213168, 'hidden_continuous_size': 13, 'attention_head_size': 1, 'learning_rate': 0.01105001128153477}. Best is trial 0 with value: 10.555022239685059.
LOCAL_RANK: 0 - CUDA_VISIBLE_DEVICES: [0]
[I 2023-12-27 11:26:58,294] Trial 41 finished with value: 37.30917739868164 and parameters: {'gradient_clip_val': 0.19209052497287674, 'hidden_size': 55, 'dropout': 0.22860017088334286, 'hidden_continuous_size': 11, 'attention_head_size': 4, 'learning_rate': 0.00332954910328733}. Best is trial 0 with value: 10.555022239685059.
LOCAL_RANK: 0 - CUDA_VISIBLE_DEVICES: [0]
[I 2023-12-27 11:26:58,780] Trial 42 finished with value: 43.83837890625 and parameters: {'gradient_clip_val': 0.20697712067427798, 'hidden_size': 45, 'dropout': 0.11148718451397235, 'hidden_continuous_size': 12, 'attention_head_size': 3, 'learning_rate': 0.004233743833258736}. Best is trial 0 with value: 10.555022239685059.
LOCAL_RANK: 0 - CUDA_VISIBLE_DEVICES: [0]
[I 2023-12-27 11:26:59,260] Trial 43 finished with value: 40.884883880615234 and parameters: {'gradient_clip_val': 0.17148389257819183, 'hidden_size': 34, 'dropout': 0.10283007742237865, 'hidden_continuous_size': 14, 'attention_head_size': 4, 'learning_rate': 0.0020524817843011866}. Best is trial 0 with value: 10.555022239685059.
LOCAL_RANK: 0 - CUDA_VISIBLE_DEVICES: [0]
[I 2023-12-27 11:26:59,723] Trial 44 finished with value: 36.168888092041016 and parameters: {'gradient_clip_val': 0.1337658332015774, 'hidden_size': 55, 'dropout': 0.1436371180592368, 'hidden_continuous_size': 10, 'attention_head_size': 3, 'learning_rate': 0.003757311910373815}. Best is trial 0 with value: 10.555022239685059.
LOCAL_RANK: 0 - CUDA_VISIBLE_DEVICES: [0]
[I 2023-12-27 11:27:00,226] Trial 45 finished with value: 36.374332427978516 and parameters: {'gradient_clip_val': 0.16029358689622855, 'hidden_size': 46, 'dropout': 0.21680078151429388, 'hidden_continuous_size': 8, 'attention_head_size': 3, 'learning_rate': 0.0013686631112119867}. Best is trial 0 with value: 10.555022239685059.
LOCAL_RANK: 0 - CUDA_VISIBLE_DEVICES: [0]
[I 2023-12-27 11:27:00,689] Trial 46 finished with value: 32.14059829711914 and parameters: {'gradient_clip_val': 0.3028082571460663, 'hidden_size': 28, 'dropout': 0.38336958882716876, 'hidden_continuous_size': 7, 'attention_head_size': 2, 'learning_rate': 0.0025229079875185357}. Best is trial 0 with value: 10.555022239685059.
LOCAL_RANK: 0 - CUDA_VISIBLE_DEVICES: [0]
[I 2023-12-27 11:27:01,168] Trial 47 finished with value: 43.68522262573242 and parameters: {'gradient_clip_val': 0.21312162546536212, 'hidden_size': 36, 'dropout': 0.3247764732637695, 'hidden_continuous_size': 9, 'attention_head_size': 4, 'learning_rate': 0.0073796832189259535}. Best is trial 0 with value: 10.555022239685059.
LOCAL_RANK: 0 - CUDA_VISIBLE_DEVICES: [0]
[I 2023-12-27 11:27:01,918] Trial 48 finished with value: 34.54208755493164 and parameters: {'gradient_clip_val': 0.25718602919160855, 'hidden_size': 30, 'dropout': 0.24964107287420997, 'hidden_continuous_size': 8, 'attention_head_size': 3, 'learning_rate': 0.005656450515810009}. Best is trial 0 with value: 10.555022239685059.
LOCAL_RANK: 0 - CUDA_VISIBLE_DEVICES: [0]
[I 2023-12-27 11:27:02,357] Trial 49 finished with value: 35.26149368286133 and parameters: {'gradient_clip_val': 0.36932580484347993, 'hidden_size': 24, 'dropout': 0.18614506696114097, 'hidden_continuous_size': 10, 'attention_head_size': 2, 'learning_rate': 0.0030510682338602737}. Best is trial 0 with value: 10.555022239685059.
[I 2023-12-27 11:27:02,487] A new study created in memory with name: no-name-5b3a37f6-f999-4f55-bcfc-3e6d5c606ca9
/home/le004/conda/anaconda3/envs/tsff_env/lib/python3.9/site-packages/lightning/fabric/plugins/environments/slurm.py:191: The `srun` command is available on your system but is not used. HINT: If your intention is to run Lightning on SLURM, prepend your python command with `srun` like so: srun python /home/le004/master_thesis/git/TSFusionForecast/code/ ...
LOCAL_RANK: 0 - CUDA_VISIBLE_DEVICES: [0]
[I 2023-12-27 11:27:32,199] Trial 0 finished with value: 7758.23193359375 and parameters: {'gradient_clip_val': 0.2361061557056184, 'hidden_size': 86, 'dropout': 0.1293045426634698, 'hidden_continuous_size': 15, 'attention_head_size': 3, 'learning_rate': 0.0013822579221412347}. Best is trial 0 with value: 7758.23193359375.
LOCAL_RANK: 0 - CUDA_VISIBLE_DEVICES: [0]
[I 2023-12-27 11:27:42,474] Trial 1 finished with value: 9152.1083984375 and parameters: {'gradient_clip_val': 0.16072211169810008, 'hidden_size': 64, 'dropout': 0.4387749664620352, 'hidden_continuous_size': 57, 'attention_head_size': 4, 'learning_rate': 0.002156772304614164}. Best is trial 0 with value: 7758.23193359375.
LOCAL_RANK: 0 - CUDA_VISIBLE_DEVICES: [0]
[I 2023-12-27 11:27:42,927] Trial 2 finished with value: 25726.775390625 and parameters: {'gradient_clip_val': 0.24390738507282198, 'hidden_size': 64, 'dropout': 0.3935091427760605, 'hidden_continuous_size': 64, 'attention_head_size': 2, 'learning_rate': 0.01911510408430479}. Best is trial 0 with value: 7758.23193359375.
LOCAL_RANK: 0 - CUDA_VISIBLE_DEVICES: [0]
[I 2023-12-27 11:27:43,351] Trial 3 finished with value: 18330.421875 and parameters: {'gradient_clip_val': 0.4361223473785087, 'hidden_size': 7, 'dropout': 0.47172349477638864, 'hidden_continuous_size': 5, 'attention_head_size': 4, 'learning_rate': 0.0007840922321516641}. Best is trial 0 with value: 7758.23193359375.
LOCAL_RANK: 0 - CUDA_VISIBLE_DEVICES: [0]
[I 2023-12-27 11:27:43,828] Trial 4 finished with value: 21672.927734375 and parameters: {'gradient_clip_val': 0.8869857984683336, 'hidden_size': 71, 'dropout': 0.2131220720364349, 'hidden_continuous_size': 26, 'attention_head_size': 3, 'learning_rate': 0.0030722443987329555}. Best is trial 0 with value: 7758.23193359375.
LOCAL_RANK: 0 - CUDA_VISIBLE_DEVICES: [0]
[I 2023-12-27 11:27:44,235] Trial 5 finished with value: 24146.4140625 and parameters: {'gradient_clip_val': 0.673009192554156, 'hidden_size': 8, 'dropout': 0.19458759916637708, 'hidden_continuous_size': 8, 'attention_head_size': 4, 'learning_rate': 0.0024342753657270615}. Best is trial 0 with value: 7758.23193359375.
LOCAL_RANK: 0 - CUDA_VISIBLE_DEVICES: [0]
[I 2023-12-27 11:27:44,684] Trial 6 finished with value: 18926.841796875 and parameters: {'gradient_clip_val': 0.24814794370801066, 'hidden_size': 26, 'dropout': 0.2678135307113898, 'hidden_continuous_size': 11, 'attention_head_size': 4, 'learning_rate': 0.001999776896571034}. Best is trial 0 with value: 7758.23193359375.
LOCAL_RANK: 0 - CUDA_VISIBLE_DEVICES: [0]
[I 2023-12-27 11:27:45,136] Trial 7 finished with value: 24768.787109375 and parameters: {'gradient_clip_val': 0.3168441700587677, 'hidden_size': 50, 'dropout': 0.1185204904248328, 'hidden_continuous_size': 23, 'attention_head_size': 2, 'learning_rate': 0.02529913741267131}. Best is trial 0 with value: 7758.23193359375.
LOCAL_RANK: 0 - CUDA_VISIBLE_DEVICES: [0]
[I 2023-12-27 11:27:45,875] Trial 8 finished with value: 24180.115234375 and parameters: {'gradient_clip_val': 0.4312041081299239, 'hidden_size': 45, 'dropout': 0.33576274603328926, 'hidden_continuous_size': 18, 'attention_head_size': 2, 'learning_rate': 0.0017806778099384345}. Best is trial 0 with value: 7758.23193359375.
LOCAL_RANK: 0 - CUDA_VISIBLE_DEVICES: [0]
[I 2023-12-27 11:27:46,313] Trial 9 finished with value: 25627.4609375 and parameters: {'gradient_clip_val': 0.15158504342285936, 'hidden_size': 63, 'dropout': 0.21903067556233458, 'hidden_continuous_size': 16, 'attention_head_size': 4, 'learning_rate': 0.008628183898289286}. Best is trial 0 with value: 7758.23193359375.
LOCAL_RANK: 0 - CUDA_VISIBLE_DEVICES: [0]
[I 2023-12-27 11:27:46,810] Trial 10 finished with value: 23937.267578125 and parameters: {'gradient_clip_val': 0.12021430305869064, 'hidden_size': 143, 'dropout': 0.10499003121720725, 'hidden_continuous_size': 42, 'attention_head_size': 1, 'learning_rate': 0.0005691596310546899}. Best is trial 0 with value: 7758.23193359375.
LOCAL_RANK: 0 - CUDA_VISIBLE_DEVICES: [0]
[I 2023-12-27 11:27:47,345] Trial 11 finished with value: 22429.091796875 and parameters: {'gradient_clip_val': 0.1653394629843068, 'hidden_size': 139, 'dropout': 0.44344146542371826, 'hidden_continuous_size': 100, 'attention_head_size': 3, 'learning_rate': 0.006125732979055314}. Best is trial 0 with value: 7758.23193359375.
LOCAL_RANK: 0 - CUDA_VISIBLE_DEVICES: [0]
[I 2023-12-27 11:27:47,794] Trial 12 finished with value: 22677.056640625 and parameters: {'gradient_clip_val': 0.19278095443818194, 'hidden_size': 29, 'dropout': 0.36214573754859913, 'hidden_continuous_size': 10, 'attention_head_size': 3, 'learning_rate': 0.09321888172667754}. Best is trial 0 with value: 7758.23193359375.
LOCAL_RANK: 0 - CUDA_VISIBLE_DEVICES: [0]
[I 2023-12-27 11:27:48,304] Trial 13 finished with value: 23370.736328125 and parameters: {'gradient_clip_val': 0.10745778050106815, 'hidden_size': 103, 'dropout': 0.3082595606806424, 'hidden_continuous_size': 41, 'attention_head_size': 3, 'learning_rate': 0.001110868872190913}. Best is trial 0 with value: 7758.23193359375.
LOCAL_RANK: 0 - CUDA_VISIBLE_DEVICES: [0]
[I 2023-12-27 11:27:48,807] Trial 14 finished with value: 19762.53125 and parameters: {'gradient_clip_val': 0.14395930738203166, 'hidden_size': 93, 'dropout': 0.4990845327295593, 'hidden_continuous_size': 40, 'attention_head_size': 4, 'learning_rate': 0.0010428625685654765}. Best is trial 0 with value: 7758.23193359375.
LOCAL_RANK: 0 - CUDA_VISIBLE_DEVICES: [0]
[I 2023-12-27 11:27:49,255] Trial 15 finished with value: 23928.796875 and parameters: {'gradient_clip_val': 0.20724199312821337, 'hidden_size': 34, 'dropout': 0.43308275036626853, 'hidden_continuous_size': 14, 'attention_head_size': 3, 'learning_rate': 0.0005557269325485909}. Best is trial 0 with value: 7758.23193359375.
LOCAL_RANK: 0 - CUDA_VISIBLE_DEVICES: [0]
[I 2023-12-27 11:27:49,715] Trial 16 finished with value: 21412.626953125 and parameters: {'gradient_clip_val': 0.11185758269264946, 'hidden_size': 90, 'dropout': 0.3822464689946222, 'hidden_continuous_size': 24, 'attention_head_size': 1, 'learning_rate': 0.003942279609425651}. Best is trial 0 with value: 7758.23193359375.
LOCAL_RANK: 0 - CUDA_VISIBLE_DEVICES: [0]
[I 2023-12-27 11:27:50,175] Trial 17 finished with value: 17960.716796875 and parameters: {'gradient_clip_val': 0.18549162059651364, 'hidden_size': 42, 'dropout': 0.26556082887903754, 'hidden_continuous_size': 7, 'attention_head_size': 4, 'learning_rate': 0.0012815741303238402}. Best is trial 0 with value: 7758.23193359375.
LOCAL_RANK: 0 - CUDA_VISIBLE_DEVICES: [0]
[I 2023-12-27 11:27:50,640] Trial 18 finished with value: 23052.564453125 and parameters: {'gradient_clip_val': 0.28677228049190817, 'hidden_size': 23, 'dropout': 0.1740109826811412, 'hidden_continuous_size': 11, 'attention_head_size': 3, 'learning_rate': 0.0016544808673159667}. Best is trial 0 with value: 7758.23193359375.
LOCAL_RANK: 0 - CUDA_VISIBLE_DEVICES: [0]
[I 2023-12-27 11:27:51,139] Trial 19 finished with value: 21317.349609375 and parameters: {'gradient_clip_val': 0.13980374724806097, 'hidden_size': 104, 'dropout': 0.15390924920806193, 'hidden_continuous_size': 30, 'attention_head_size': 2, 'learning_rate': 0.003505023601437407}. Best is trial 0 with value: 7758.23193359375.
LOCAL_RANK: 0 - CUDA_VISIBLE_DEVICES: [0]
[I 2023-12-27 11:27:51,682] Trial 20 finished with value: 23125.189453125 and parameters: {'gradient_clip_val': 0.2081035223648472, 'hidden_size': 149, 'dropout': 0.26371047298480843, 'hidden_continuous_size': 119, 'attention_head_size': 4, 'learning_rate': 0.0007956094096876575}. Best is trial 0 with value: 7758.23193359375.
LOCAL_RANK: 0 - CUDA_VISIBLE_DEVICES: [0]
[I 2023-12-27 11:27:52,436] Trial 21 finished with value: 23714.375 and parameters: {'gradient_clip_val': 0.17341472501096242, 'hidden_size': 43, 'dropout': 0.2629323036473831, 'hidden_continuous_size': 7, 'attention_head_size': 4, 'learning_rate': 0.0012017551031665698}. Best is trial 0 with value: 7758.23193359375.
LOCAL_RANK: 0 - CUDA_VISIBLE_DEVICES: [0]
[I 2023-12-27 11:27:52,912] Trial 22 finished with value: 23017.8046875 and parameters: {'gradient_clip_val': 0.13127584803785758, 'hidden_size': 19, 'dropout': 0.31752037742921535, 'hidden_continuous_size': 7, 'attention_head_size': 4, 'learning_rate': 0.001516509049490705}. Best is trial 0 with value: 7758.23193359375.
LOCAL_RANK: 0 - CUDA_VISIBLE_DEVICES: [0]
[I 2023-12-27 11:27:53,391] Trial 23 finished with value: 22482.1328125 and parameters: {'gradient_clip_val': 0.18157313177313295, 'hidden_size': 54, 'dropout': 0.1427893254630121, 'hidden_continuous_size': 14, 'attention_head_size': 3, 'learning_rate': 0.0022960636269417334}. Best is trial 0 with value: 7758.23193359375.
LOCAL_RANK: 0 - CUDA_VISIBLE_DEVICES: [0]
[I 2023-12-27 11:27:53,895] Trial 24 finished with value: 20983.255859375 and parameters: {'gradient_clip_val': 0.15462140337908822, 'hidden_size': 75, 'dropout': 0.228005321350859, 'hidden_continuous_size': 20, 'attention_head_size': 4, 'learning_rate': 0.0011918543212738604}. Best is trial 0 with value: 7758.23193359375.
LOCAL_RANK: 0 - CUDA_VISIBLE_DEVICES: [0]
[I 2023-12-27 11:27:54,374] Trial 25 finished with value: 21425.716796875 and parameters: {'gradient_clip_val': 0.21869954200894046, 'hidden_size': 38, 'dropout': 0.290806988885757, 'hidden_continuous_size': 5, 'attention_head_size': 3, 'learning_rate': 0.0007768925737859803}. Best is trial 0 with value: 7758.23193359375.
LOCAL_RANK: 0 - CUDA_VISIBLE_DEVICES: [0]
[I 2023-12-27 11:27:54,866] Trial 26 finished with value: 20902.259765625 and parameters: {'gradient_clip_val': 0.10182480346424733, 'hidden_size': 52, 'dropout': 0.35432539608775654, 'hidden_continuous_size': 13, 'attention_head_size': 4, 'learning_rate': 0.001569502590283529}. Best is trial 0 with value: 7758.23193359375.
LOCAL_RANK: 0 - CUDA_VISIBLE_DEVICES: [0]
[I 2023-12-27 11:27:55,372] Trial 27 finished with value: 23267.326171875 and parameters: {'gradient_clip_val': 0.1274265961429532, 'hidden_size': 78, 'dropout': 0.17117972766648448, 'hidden_continuous_size': 17, 'attention_head_size': 4, 'learning_rate': 0.0005223578117437322}. Best is trial 0 with value: 7758.23193359375.
LOCAL_RANK: 0 - CUDA_VISIBLE_DEVICES: [0]
[I 2023-12-27 11:27:55,832] Trial 28 finished with value: 21251.841796875 and parameters: {'gradient_clip_val': 0.16800309660317142, 'hidden_size': 38, 'dropout': 0.24191773643156203, 'hidden_continuous_size': 6, 'attention_head_size': 3, 'learning_rate': 0.0038234305615206126}. Best is trial 0 with value: 7758.23193359375.
LOCAL_RANK: 0 - CUDA_VISIBLE_DEVICES: [0]
[I 2023-12-27 11:27:56,301] Trial 29 finished with value: 22874.0 and parameters: {'gradient_clip_val': 0.264753737376582, 'hidden_size': 64, 'dropout': 0.4021579267703855, 'hidden_continuous_size': 10, 'attention_head_size': 2, 'learning_rate': 0.0026011668695105367}. Best is trial 0 with value: 7758.23193359375.
LOCAL_RANK: 0 - CUDA_VISIBLE_DEVICES: [0]
[I 2023-12-27 11:27:56,797] Trial 30 finished with value: 18016.431640625 and parameters: {'gradient_clip_val': 0.207684003057511, 'hidden_size': 62, 'dropout': 0.19865184069453523, 'hidden_continuous_size': 8, 'attention_head_size': 1, 'learning_rate': 0.004595506127239963}. Best is trial 0 with value: 7758.23193359375.
LOCAL_RANK: 0 - CUDA_VISIBLE_DEVICES: [0]
[I 2023-12-27 11:27:57,308] Trial 31 finished with value: 20561.611328125 and parameters: {'gradient_clip_val': 0.22973226016440412, 'hidden_size': 58, 'dropout': 0.19026323739307147, 'hidden_continuous_size': 8, 'attention_head_size': 1, 'learning_rate': 0.00538309773431713}. Best is trial 0 with value: 7758.23193359375.
LOCAL_RANK: 0 - CUDA_VISIBLE_DEVICES: [0]
[I 2023-12-27 11:27:57,814] Trial 32 finished with value: 23223.28125 and parameters: {'gradient_clip_val': 0.20048858233451924, 'hidden_size': 69, 'dropout': 0.1360576749975952, 'hidden_continuous_size': 9, 'attention_head_size': 2, 'learning_rate': 0.0022677647852382414}. Best is trial 0 with value: 7758.23193359375.
LOCAL_RANK: 0 - CUDA_VISIBLE_DEVICES: [0]
[I 2023-12-27 11:27:58,362] Trial 33 finished with value: 23922.15625 and parameters: {'gradient_clip_val': 0.18121904358802013, 'hidden_size': 112, 'dropout': 0.10084425369565096, 'hidden_continuous_size': 5, 'attention_head_size': 1, 'learning_rate': 0.004330375376102824}. Best is trial 0 with value: 7758.23193359375.
LOCAL_RANK: 0 - CUDA_VISIBLE_DEVICES: [0]
[I 2023-12-27 11:27:59,137] Trial 34 finished with value: 18934.771484375 and parameters: {'gradient_clip_val': 0.2529994203827097, 'hidden_size': 78, 'dropout': 0.20746904334513783, 'hidden_continuous_size': 12, 'attention_head_size': 1, 'learning_rate': 0.0029088828423887024}. Best is trial 0 with value: 7758.23193359375.
LOCAL_RANK: 0 - CUDA_VISIBLE_DEVICES: [0]
[I 2023-12-27 11:27:59,616] Trial 35 finished with value: 25256.521484375 and parameters: {'gradient_clip_val': 0.3269458505240675, 'hidden_size': 58, 'dropout': 0.2452649079760169, 'hidden_continuous_size': 9, 'attention_head_size': 3, 'learning_rate': 0.00865856712487581}. Best is trial 0 with value: 7758.23193359375.
LOCAL_RANK: 0 - CUDA_VISIBLE_DEVICES: [0]
[I 2023-12-27 11:28:00,134] Trial 36 finished with value: 24114.6484375 and parameters: {'gradient_clip_val': 0.23451730166860818, 'hidden_size': 48, 'dropout': 0.2896099089386511, 'hidden_continuous_size': 15, 'attention_head_size': 4, 'learning_rate': 0.002065726380714099}. Best is trial 0 with value: 7758.23193359375.
LOCAL_RANK: 0 - CUDA_VISIBLE_DEVICES: [0]
[I 2023-12-27 11:28:00,638] Trial 37 finished with value: 21786.7265625 and parameters: {'gradient_clip_val': 0.15560197625848807, 'hidden_size': 77, 'dropout': 0.19652176500641894, 'hidden_continuous_size': 12, 'attention_head_size': 2, 'learning_rate': 0.002834828547454799}. Best is trial 0 with value: 7758.23193359375.
LOCAL_RANK: 0 - CUDA_VISIBLE_DEVICES: [0]
