[I 2023-12-15 17:39:03,539] Trial 18 finished with value: 17.397050857543945 and parameters: {'gradient_clip_val': 0.227182764784471, 'hidden_size': 17, 'dropout': 0.1011517086200126, 'hidden_continuous_size': 8, 'attention_head_size': 1, 'learning_rate': 0.0021866175450680754}. Best is trial 2 with value: 6.4168877601623535.
LOCAL_RANK: 0 - CUDA_VISIBLE_DEVICES: [0]
[I 2023-12-15 17:39:52,862] Trial 19 finished with value: 22.68705177307129 and parameters: {'gradient_clip_val': 0.11892658260879714, 'hidden_size': 25, 'dropout': 0.173816331518149, 'hidden_continuous_size': 11, 'attention_head_size': 2, 'learning_rate': 0.0011139332136386767}. Best is trial 2 with value: 6.4168877601623535.
LOCAL_RANK: 0 - CUDA_VISIBLE_DEVICES: [0]
[I 2023-12-15 17:40:43,702] Trial 20 finished with value: 12.184788703918457 and parameters: {'gradient_clip_val': 0.16347579256564237, 'hidden_size': 33, 'dropout': 0.15578569591766725, 'hidden_continuous_size': 13, 'attention_head_size': 3, 'learning_rate': 0.00614009142099837}. Best is trial 2 with value: 6.4168877601623535.
LOCAL_RANK: 0 - CUDA_VISIBLE_DEVICES: [0]
[I 2023-12-15 17:41:32,933] Trial 21 finished with value: 23.272308349609375 and parameters: {'gradient_clip_val': 0.1726737894282359, 'hidden_size': 27, 'dropout': 0.3958867617650094, 'hidden_continuous_size': 7, 'attention_head_size': 2, 'learning_rate': 0.0011659297163949694}. Best is trial 2 with value: 6.4168877601623535.
LOCAL_RANK: 0 - CUDA_VISIBLE_DEVICES: [0]
[I 2023-12-15 17:42:20,565] Trial 22 finished with value: 22.41169548034668 and parameters: {'gradient_clip_val': 0.143354697969671, 'hidden_size': 17, 'dropout': 0.3970947611678187, 'hidden_continuous_size': 6, 'attention_head_size': 4, 'learning_rate': 0.0009146736916318478}. Best is trial 2 with value: 6.4168877601623535.
LOCAL_RANK: 0 - CUDA_VISIBLE_DEVICES: [0]
[I 2023-12-15 17:43:06,626] Trial 23 finished with value: 13.99776554107666 and parameters: {'gradient_clip_val': 0.20866659129421863, 'hidden_size': 13, 'dropout': 0.3579685573895625, 'hidden_continuous_size': 5, 'attention_head_size': 3, 'learning_rate': 0.002508954275394843}. Best is trial 2 with value: 6.4168877601623535.
LOCAL_RANK: 0 - CUDA_VISIBLE_DEVICES: [0]
[I 2023-12-15 17:43:56,243] Trial 24 finished with value: 6.431318759918213 and parameters: {'gradient_clip_val': 0.11575705289195809, 'hidden_size': 29, 'dropout': 0.28246279680017206, 'hidden_continuous_size': 9, 'attention_head_size': 2, 'learning_rate': 0.001523732840185727}. Best is trial 2 with value: 6.4168877601623535.
LOCAL_RANK: 0 - CUDA_VISIBLE_DEVICES: [0]
[I 2023-12-15 17:44:45,044] Trial 25 finished with value: 27.646255493164062 and parameters: {'gradient_clip_val': 0.10612245704725198, 'hidden_size': 22, 'dropout': 0.28807411439817626, 'hidden_continuous_size': 8, 'attention_head_size': 2, 'learning_rate': 0.001614672487972607}. Best is trial 2 with value: 6.4168877601623535.
LOCAL_RANK: 0 - CUDA_VISIBLE_DEVICES: [0]
[I 2023-12-15 17:45:35,518] Trial 26 finished with value: 9.844682693481445 and parameters: {'gradient_clip_val': 0.12379378059693398, 'hidden_size': 40, 'dropout': 0.28579992643902824, 'hidden_continuous_size': 11, 'attention_head_size': 1, 'learning_rate': 0.0028627304686139237}. Best is trial 2 with value: 6.4168877601623535.
LOCAL_RANK: 0 - CUDA_VISIBLE_DEVICES: [0]
[I 2023-12-15 17:46:24,986] Trial 27 finished with value: 12.936663627624512 and parameters: {'gradient_clip_val': 0.10074884257513822, 'hidden_size': 23, 'dropout': 0.2464061066746689, 'hidden_continuous_size': 9, 'attention_head_size': 2, 'learning_rate': 0.001406033140397132}. Best is trial 2 with value: 6.4168877601623535.
LOCAL_RANK: 0 - CUDA_VISIBLE_DEVICES: [0]
[I 2023-12-15 17:47:10,254] Trial 28 finished with value: 19.654151916503906 and parameters: {'gradient_clip_val': 0.1462915893247192, 'hidden_size': 16, 'dropout': 0.22721803236918608, 'hidden_continuous_size': 8, 'attention_head_size': 2, 'learning_rate': 0.0007779407706390646}. Best is trial 2 with value: 6.4168877601623535.
LOCAL_RANK: 0 - CUDA_VISIBLE_DEVICES: [0]
[I 2023-12-15 17:47:56,410] Trial 29 finished with value: 20.16169548034668 and parameters: {'gradient_clip_val': 0.12094181194336079, 'hidden_size': 10, 'dropout': 0.21361959566861832, 'hidden_continuous_size': 6, 'attention_head_size': 1, 'learning_rate': 0.004597665982986822}. Best is trial 2 with value: 6.4168877601623535.
LOCAL_RANK: 0 - CUDA_VISIBLE_DEVICES: [0]
[I 2023-12-15 17:48:41,469] Trial 30 finished with value: 25.398513793945312 and parameters: {'gradient_clip_val': 0.18734913646473383, 'hidden_size': 12, 'dropout': 0.1702900432691895, 'hidden_continuous_size': 7, 'attention_head_size': 2, 'learning_rate': 0.0021750839894527224}. Best is trial 2 with value: 6.4168877601623535.
LOCAL_RANK: 0 - CUDA_VISIBLE_DEVICES: [0]
[I 2023-12-15 17:49:30,917] Trial 31 finished with value: 9.949326515197754 and parameters: {'gradient_clip_val': 0.1631849320050588, 'hidden_size': 27, 'dropout': 0.36631593628002335, 'hidden_continuous_size': 5, 'attention_head_size': 4, 'learning_rate': 0.0011917092683115162}. Best is trial 2 with value: 6.4168877601623535.
LOCAL_RANK: 0 - CUDA_VISIBLE_DEVICES: [0]
[I 2023-12-15 17:50:20,077] Trial 32 finished with value: 25.89214324951172 and parameters: {'gradient_clip_val': 0.1403841026376041, 'hidden_size': 32, 'dropout': 0.2910085672476062, 'hidden_continuous_size': 10, 'attention_head_size': 3, 'learning_rate': 0.000866318520379934}. Best is trial 2 with value: 6.4168877601623535.
LOCAL_RANK: 0 - CUDA_VISIBLE_DEVICES: [0]
[I 2023-12-15 17:51:06,683] Trial 33 finished with value: 22.615190505981445 and parameters: {'gradient_clip_val': 0.2538538533943077, 'hidden_size': 17, 'dropout': 0.3260318813510535, 'hidden_continuous_size': 6, 'attention_head_size': 2, 'learning_rate': 0.0014939354295403426}. Best is trial 2 with value: 6.4168877601623535.
LOCAL_RANK: 0 - CUDA_VISIBLE_DEVICES: [0]
[I 2023-12-15 17:52:00,334] Trial 34 finished with value: 30.893783569335938 and parameters: {'gradient_clip_val': 0.16162050301890935, 'hidden_size': 41, 'dropout': 0.18830134690179942, 'hidden_continuous_size': 14, 'attention_head_size': 4, 'learning_rate': 0.0036401562250465884}. Best is trial 2 with value: 6.4168877601623535.
LOCAL_RANK: 0 - CUDA_VISIBLE_DEVICES: [0]
[I 2023-12-15 17:52:49,616] Trial 35 finished with value: 14.105438232421875 and parameters: {'gradient_clip_val': 0.31950878670421, 'hidden_size': 29, 'dropout': 0.21491208447340038, 'hidden_continuous_size': 9, 'attention_head_size': 2, 'learning_rate': 0.0006313562130894377}. Best is trial 2 with value: 6.4168877601623535.
LOCAL_RANK: 0 - CUDA_VISIBLE_DEVICES: [0]
[I 2023-12-15 17:53:42,340] Trial 36 finished with value: 13.391772270202637 and parameters: {'gradient_clip_val': 0.14100430412790863, 'hidden_size': 60, 'dropout': 0.2715663786140812, 'hidden_continuous_size': 18, 'attention_head_size': 2, 'learning_rate': 0.0009572424125370942}. Best is trial 2 with value: 6.4168877601623535.
LOCAL_RANK: 0 - CUDA_VISIBLE_DEVICES: [0]
[I 2023-12-15 17:54:30,881] Trial 37 finished with value: 20.82436752319336 and parameters: {'gradient_clip_val': 0.11145965595782271, 'hidden_size': 22, 'dropout': 0.30952028037733464, 'hidden_continuous_size': 5, 'attention_head_size': 3, 'learning_rate': 0.0007097642379793965}. Best is trial 2 with value: 6.4168877601623535.
LOCAL_RANK: 0 - CUDA_VISIBLE_DEVICES: [0]
[I 2023-12-15 17:55:18,389] Trial 38 finished with value: 31.738306045532227 and parameters: {'gradient_clip_val': 0.11261345491022377, 'hidden_size': 19, 'dropout': 0.34086079102630845, 'hidden_continuous_size': 8, 'attention_head_size': 1, 'learning_rate': 0.002578452350601803}. Best is trial 2 with value: 6.4168877601623535.
LOCAL_RANK: 0 - CUDA_VISIBLE_DEVICES: [0]
[I 2023-12-15 17:56:05,619] Trial 39 finished with value: 22.147653579711914 and parameters: {'gradient_clip_val': 0.13174206434426178, 'hidden_size': 14, 'dropout': 0.3047744595551978, 'hidden_continuous_size': 5, 'attention_head_size': 4, 'learning_rate': 0.0019115432315862679}. Best is trial 2 with value: 6.4168877601623535.
LOCAL_RANK: 0 - CUDA_VISIBLE_DEVICES: [0]
[I 2023-12-15 17:56:54,837] Trial 40 finished with value: 15.885724067687988 and parameters: {'gradient_clip_val': 0.1844739814433512, 'hidden_size': 25, 'dropout': 0.2673353486309293, 'hidden_continuous_size': 7, 'attention_head_size': 2, 'learning_rate': 0.0006343400913507548}. Best is trial 2 with value: 6.4168877601623535.
LOCAL_RANK: 0 - CUDA_VISIBLE_DEVICES: [0]
[I 2023-12-15 17:57:47,139] Trial 41 finished with value: 8.844786643981934 and parameters: {'gradient_clip_val': 0.1180919264135044, 'hidden_size': 45, 'dropout': 0.2865045569455745, 'hidden_continuous_size': 12, 'attention_head_size': 1, 'learning_rate': 0.0029206020433859476}. Best is trial 2 with value: 6.4168877601623535.
LOCAL_RANK: 0 - CUDA_VISIBLE_DEVICES: [0]
[I 2023-12-15 17:58:38,302] Trial 42 finished with value: 13.182900428771973 and parameters: {'gradient_clip_val': 0.11447563362562396, 'hidden_size': 39, 'dropout': 0.2762348034082037, 'hidden_continuous_size': 12, 'attention_head_size': 1, 'learning_rate': 0.0014041620802136008}. Best is trial 2 with value: 6.4168877601623535.
LOCAL_RANK: 0 - CUDA_VISIBLE_DEVICES: [0]
[I 2023-12-15 17:59:27,816] Trial 43 finished with value: 16.740442276000977 and parameters: {'gradient_clip_val': 0.13171497875057694, 'hidden_size': 31, 'dropout': 0.2496618800528277, 'hidden_continuous_size': 15, 'attention_head_size': 1, 'learning_rate': 0.0020109039379770798}. Best is trial 2 with value: 6.4168877601623535.
LOCAL_RANK: 0 - CUDA_VISIBLE_DEVICES: [0]
[I 2023-12-15 18:00:20,615] Trial 44 finished with value: 26.343881607055664 and parameters: {'gradient_clip_val': 0.1014970320099497, 'hidden_size': 50, 'dropout': 0.29988624754217735, 'hidden_continuous_size': 17, 'attention_head_size': 1, 'learning_rate': 0.003910869274946249}. Best is trial 2 with value: 6.4168877601623535.
LOCAL_RANK: 0 - CUDA_VISIBLE_DEVICES: [0]
[I 2023-12-15 18:01:09,243] Trial 45 finished with value: 18.40412712097168 and parameters: {'gradient_clip_val': 0.15300078725587987, 'hidden_size': 19, 'dropout': 0.28000099409309065, 'hidden_continuous_size': 10, 'attention_head_size': 2, 'learning_rate': 0.002977468719369078}. Best is trial 2 with value: 6.4168877601623535.
LOCAL_RANK: 0 - CUDA_VISIBLE_DEVICES: [0]
[I 2023-12-15 18:01:56,975] Trial 46 finished with value: 16.151912689208984 and parameters: {'gradient_clip_val': 0.11330191346586597, 'hidden_size': 15, 'dropout': 0.32426490128281565, 'hidden_continuous_size': 9, 'attention_head_size': 3, 'learning_rate': 0.0009821593687662012}. Best is trial 2 with value: 6.4168877601623535.
LOCAL_RANK: 0 - CUDA_VISIBLE_DEVICES: [0]
[I 2023-12-15 18:02:46,577] Trial 47 finished with value: 13.01343822479248 and parameters: {'gradient_clip_val': 0.13470762073839107, 'hidden_size': 36, 'dropout': 0.26725496833569484, 'hidden_continuous_size': 11, 'attention_head_size': 2, 'learning_rate': 0.0017163140402489433}. Best is trial 2 with value: 6.4168877601623535.
LOCAL_RANK: 0 - CUDA_VISIBLE_DEVICES: [0]
[I 2023-12-15 18:03:35,345] Trial 48 finished with value: 16.043617248535156 and parameters: {'gradient_clip_val': 0.15313217559057654, 'hidden_size': 29, 'dropout': 0.3143260321432191, 'hidden_continuous_size': 6, 'attention_head_size': 1, 'learning_rate': 0.0012594422206635815}. Best is trial 2 with value: 6.4168877601623535.
LOCAL_RANK: 0 - CUDA_VISIBLE_DEVICES: [0]
[I 2023-12-15 18:04:22,198] Trial 49 finished with value: 16.944589614868164 and parameters: {'gradient_clip_val': 0.18144815840625986, 'hidden_size': 11, 'dropout': 0.257350740022993, 'hidden_continuous_size': 8, 'attention_head_size': 3, 'learning_rate': 0.0024541407554404915}. Best is trial 2 with value: 6.4168877601623535.
[I 2023-12-15 18:04:22,295] A new study created in memory with name: no-name-df3269a1-7687-4d71-b6b7-417f632e47e0
/home/le004/conda/anaconda3/envs/tsff_env/lib/python3.9/site-packages/lightning/fabric/plugins/environments/slurm.py:191: The `srun` command is available on your system but is not used. HINT: If your intention is to run Lightning on SLURM, prepend your python command with `srun` like so: srun python /home/le004/master_thesis/git/TSFusionForecast/code/ ...
LOCAL_RANK: 0 - CUDA_VISIBLE_DEVICES: [0]
[I 2023-12-15 18:05:11,700] Trial 0 finished with value: 17.088411331176758 and parameters: {'gradient_clip_val': 0.4024470124470214, 'hidden_size': 21, 'dropout': 0.3111318822492686, 'hidden_continuous_size': 8, 'attention_head_size': 3, 'learning_rate': 0.01923419393198646}. Best is trial 0 with value: 17.088411331176758.
LOCAL_RANK: 0 - CUDA_VISIBLE_DEVICES: [0]
[I 2023-12-15 18:06:03,001] Trial 1 finished with value: 10.754081726074219 and parameters: {'gradient_clip_val': 0.2443119988194299, 'hidden_size': 30, 'dropout': 0.25799122121386714, 'hidden_continuous_size': 22, 'attention_head_size': 1, 'learning_rate': 0.0016680087034599126}. Best is trial 1 with value: 10.754081726074219.
LOCAL_RANK: 0 - CUDA_VISIBLE_DEVICES: [0]
[I 2023-12-15 18:06:55,754] Trial 2 finished with value: 14.970344543457031 and parameters: {'gradient_clip_val': 0.3561522193711954, 'hidden_size': 70, 'dropout': 0.11497116618210637, 'hidden_continuous_size': 5, 'attention_head_size': 4, 'learning_rate': 0.022465511677068173}. Best is trial 1 with value: 10.754081726074219.
LOCAL_RANK: 0 - CUDA_VISIBLE_DEVICES: [0]
[I 2023-12-15 18:07:49,032] Trial 3 finished with value: 10.510204315185547 and parameters: {'gradient_clip_val': 0.29283902595175715, 'hidden_size': 45, 'dropout': 0.1551934754629241, 'hidden_continuous_size': 10, 'attention_head_size': 4, 'learning_rate': 0.07380414802694926}. Best is trial 3 with value: 10.510204315185547.
LOCAL_RANK: 0 - CUDA_VISIBLE_DEVICES: [0]
[I 2023-12-15 18:08:45,202] Trial 4 finished with value: 7.401994705200195 and parameters: {'gradient_clip_val': 0.7873713291764842, 'hidden_size': 83, 'dropout': 0.2989552497455552, 'hidden_continuous_size': 62, 'attention_head_size': 2, 'learning_rate': 0.0005830252561539556}. Best is trial 4 with value: 7.401994705200195.
LOCAL_RANK: 0 - CUDA_VISIBLE_DEVICES: [0]
[I 2023-12-15 18:09:31,391] Trial 5 finished with value: 5.216942310333252 and parameters: {'gradient_clip_val': 0.6657101828103332, 'hidden_size': 9, 'dropout': 0.256614649189155, 'hidden_continuous_size': 5, 'attention_head_size': 3, 'learning_rate': 0.011996256031917715}. Best is trial 5 with value: 5.216942310333252.
LOCAL_RANK: 0 - CUDA_VISIBLE_DEVICES: [0]
[I 2023-12-15 18:10:28,303] Trial 6 finished with value: 15.199482917785645 and parameters: {'gradient_clip_val': 0.5719559438515042, 'hidden_size': 94, 'dropout': 0.3206202513926374, 'hidden_continuous_size': 54, 'attention_head_size': 2, 'learning_rate': 0.002127858631323209}. Best is trial 5 with value: 5.216942310333252.
LOCAL_RANK: 0 - CUDA_VISIBLE_DEVICES: [0]
[I 2023-12-15 18:11:06,407] Trial 7 finished with value: 7.289238452911377 and parameters: {'gradient_clip_val': 0.572950945692749, 'hidden_size': 6, 'dropout': 0.13121652506582107, 'hidden_continuous_size': 6, 'attention_head_size': 4, 'learning_rate': 0.017485188782639677}. Best is trial 5 with value: 5.216942310333252.
LOCAL_RANK: 0 - CUDA_VISIBLE_DEVICES: [0]
[I 2023-12-15 18:11:55,981] Trial 8 finished with value: 5.872354030609131 and parameters: {'gradient_clip_val': 0.13512212413707997, 'hidden_size': 21, 'dropout': 0.233604855772783, 'hidden_continuous_size': 12, 'attention_head_size': 3, 'learning_rate': 0.052680018837789444}. Best is trial 5 with value: 5.216942310333252.
LOCAL_RANK: 0 - CUDA_VISIBLE_DEVICES: [0]
[I 2023-12-15 18:12:46,430] Trial 9 finished with value: 5.204620361328125 and parameters: {'gradient_clip_val': 0.2852742215680108, 'hidden_size': 36, 'dropout': 0.3968675158822895, 'hidden_continuous_size': 9, 'attention_head_size': 4, 'learning_rate': 0.004864291103020109}. Best is trial 9 with value: 5.204620361328125.
LOCAL_RANK: 0 - CUDA_VISIBLE_DEVICES: [0]
[I 2023-12-15 18:13:32,130] Trial 10 finished with value: 8.0272855758667 and parameters: {'gradient_clip_val': 0.18044264968586732, 'hidden_size': 13, 'dropout': 0.39889240512947116, 'hidden_continuous_size': 7, 'attention_head_size': 1, 'learning_rate': 0.004998523428659677}. Best is trial 9 with value: 5.204620361328125.
LOCAL_RANK: 0 - CUDA_VISIBLE_DEVICES: [0]
[I 2023-12-15 18:14:18,787] Trial 11 finished with value: 8.845382690429688 and parameters: {'gradient_clip_val': 0.926478153711006, 'hidden_size': 9, 'dropout': 0.3927745828917577, 'hidden_continuous_size': 5, 'attention_head_size': 3, 'learning_rate': 0.006092041510043116}. Best is trial 9 with value: 5.204620361328125.
LOCAL_RANK: 0 - CUDA_VISIBLE_DEVICES: [0]
[I 2023-12-15 18:14:56,198] Trial 12 finished with value: 8.197285652160645 and parameters: {'gradient_clip_val': 0.22039261701269133, 'hidden_size': 5, 'dropout': 0.18887788541587425, 'hidden_continuous_size': 5, 'attention_head_size': 4, 'learning_rate': 0.00840887420518229}. Best is trial 9 with value: 5.204620361328125.
LOCAL_RANK: 0 - CUDA_VISIBLE_DEVICES: [0]
[I 2023-12-15 18:15:42,657] Trial 13 finished with value: 18.42686653137207 and parameters: {'gradient_clip_val': 0.10520814337175965, 'hidden_size': 14, 'dropout': 0.3559620390923443, 'hidden_continuous_size': 6, 'attention_head_size': 3, 'learning_rate': 0.009905155095045004}. Best is trial 9 with value: 5.204620361328125.
LOCAL_RANK: 0 - CUDA_VISIBLE_DEVICES: [0]
[I 2023-12-15 18:16:32,537] Trial 14 finished with value: 9.454649925231934 and parameters: {'gradient_clip_val': 0.4342187265249394, 'hidden_size': 35, 'dropout': 0.26085115208406207, 'hidden_continuous_size': 9, 'attention_head_size': 2, 'learning_rate': 0.003543801533400054}. Best is trial 9 with value: 5.204620361328125.
LOCAL_RANK: 0 - CUDA_VISIBLE_DEVICES: [0]
[I 2023-12-15 18:17:17,919] Trial 15 finished with value: 13.399548530578613 and parameters: {'gradient_clip_val': 0.2993035998322165, 'hidden_size': 8, 'dropout': 0.35295163425129694, 'hidden_continuous_size': 5, 'attention_head_size': 4, 'learning_rate': 0.011331492251917088}. Best is trial 9 with value: 5.204620361328125.
LOCAL_RANK: 0 - CUDA_VISIBLE_DEVICES: [0]
[I 2023-12-15 18:18:11,377] Trial 16 finished with value: 5.807352542877197 and parameters: {'gradient_clip_val': 0.5175067845646076, 'hidden_size': 50, 'dropout': 0.21383212495809245, 'hidden_continuous_size': 13, 'attention_head_size': 3, 'learning_rate': 0.03442620616256033}. Best is trial 9 with value: 5.204620361328125.
LOCAL_RANK: 0 - CUDA_VISIBLE_DEVICES: [0]
[I 2023-12-15 18:18:58,279] Trial 17 finished with value: 5.184982776641846 and parameters: {'gradient_clip_val': 0.7027422532426203, 'hidden_size': 14, 'dropout': 0.27628394166051506, 'hidden_continuous_size': 6, 'attention_head_size': 4, 'learning_rate': 0.003301672720596878}. Best is trial 17 with value: 5.184982776641846.
LOCAL_RANK: 0 - CUDA_VISIBLE_DEVICES: [0]
[I 2023-12-15 18:19:48,133] Trial 18 finished with value: 11.081498146057129 and parameters: {'gradient_clip_val': 0.4503299917170938, 'hidden_size': 25, 'dropout': 0.27889466640556226, 'hidden_continuous_size': 7, 'attention_head_size': 4, 'learning_rate': 0.0035763279263390604}. Best is trial 17 with value: 5.184982776641846.
LOCAL_RANK: 0 - CUDA_VISIBLE_DEVICES: [0]
[I 2023-12-15 18:20:35,722] Trial 19 finished with value: 6.982792377471924 and parameters: {'gradient_clip_val': 0.8525112479300386, 'hidden_size': 17, 'dropout': 0.3438745577134652, 'hidden_continuous_size': 7, 'attention_head_size': 4, 'learning_rate': 0.0015951366368652912}. Best is trial 17 with value: 5.184982776641846.
LOCAL_RANK: 0 - CUDA_VISIBLE_DEVICES: [0]
[I 2023-12-15 18:21:26,637] Trial 20 finished with value: 11.25538158416748 and parameters: {'gradient_clip_val': 0.679587125481164, 'hidden_size': 35, 'dropout': 0.28562442335962446, 'hidden_continuous_size': 10, 'attention_head_size': 4, 'learning_rate': 0.005160412551084084}. Best is trial 17 with value: 5.184982776641846.
LOCAL_RANK: 0 - CUDA_VISIBLE_DEVICES: [0]
[I 2023-12-15 18:22:12,888] Trial 21 finished with value: 9.03669261932373 and parameters: {'gradient_clip_val': 0.654282550472699, 'hidden_size': 11, 'dropout': 0.22854780430741534, 'hidden_continuous_size': 6, 'attention_head_size': 3, 'learning_rate': 0.012153251998126344}. Best is trial 17 with value: 5.184982776641846.
LOCAL_RANK: 0 - CUDA_VISIBLE_DEVICES: [0]
[I 2023-12-15 18:23:00,398] Trial 22 finished with value: 11.825284004211426 and parameters: {'gradient_clip_val': 0.9189268586544708, 'hidden_size': 18, 'dropout': 0.2553071866016558, 'hidden_continuous_size': 6, 'attention_head_size': 3, 'learning_rate': 0.008059396376116135}. Best is trial 17 with value: 5.184982776641846.
LOCAL_RANK: 0 - CUDA_VISIBLE_DEVICES: [0]
[I 2023-12-15 18:23:47,144] Trial 23 finished with value: 9.596232414245605 and parameters: {'gradient_clip_val': 0.7294777941353986, 'hidden_size': 9, 'dropout': 0.2815627019823061, 'hidden_continuous_size': 5, 'attention_head_size': 4, 'learning_rate': 0.003150525263117256}. Best is trial 17 with value: 5.184982776641846.
LOCAL_RANK: 0 - CUDA_VISIBLE_DEVICES: [0]
[I 2023-12-15 18:24:33,290] Trial 24 finished with value: 5.7562737464904785 and parameters: {'gradient_clip_val': 0.4790808714662738, 'hidden_size': 14, 'dropout': 0.3286785373180896, 'hidden_continuous_size': 5, 'attention_head_size': 2, 'learning_rate': 0.0061303356502721345}. Best is trial 17 with value: 5.184982776641846.
LOCAL_RANK: 0 - CUDA_VISIBLE_DEVICES: [0]
[I 2023-12-15 18:25:19,257] Trial 25 finished with value: 6.119720458984375 and parameters: {'gradient_clip_val': 0.9614055946221155, 'hidden_size': 7, 'dropout': 0.3664504872203186, 'hidden_continuous_size': 5, 'attention_head_size': 3, 'learning_rate': 0.012363169179845831}. Best is trial 17 with value: 5.184982776641846.
LOCAL_RANK: 0 - CUDA_VISIBLE_DEVICES: [0]
