[I 2023-12-27 11:00:12,436] Trial 2 finished with value: 46.35811233520508 and parameters: {'gradient_clip_val': 0.7374360884707718, 'hidden_size': 18, 'dropout': 0.14431573876220544, 'hidden_continuous_size': 17, 'attention_head_size': 3, 'learning_rate': 0.03645030814268565}. Best is trial 0 with value: 5.580170154571533.
LOCAL_RANK: 0 - CUDA_VISIBLE_DEVICES: [0]
[I 2023-12-27 11:00:12,897] Trial 3 finished with value: 63.79848861694336 and parameters: {'gradient_clip_val': 0.4254695617357515, 'hidden_size': 45, 'dropout': 0.29637835080836356, 'hidden_continuous_size': 21, 'attention_head_size': 2, 'learning_rate': 0.010100806585356033}. Best is trial 0 with value: 5.580170154571533.
LOCAL_RANK: 0 - CUDA_VISIBLE_DEVICES: [0]
[I 2023-12-27 11:00:13,322] Trial 4 finished with value: 56.154754638671875 and parameters: {'gradient_clip_val': 0.7216157272035081, 'hidden_size': 31, 'dropout': 0.15458294570797237, 'hidden_continuous_size': 5, 'attention_head_size': 2, 'learning_rate': 0.03622891230964676}. Best is trial 0 with value: 5.580170154571533.
LOCAL_RANK: 0 - CUDA_VISIBLE_DEVICES: [0]
[I 2023-12-27 11:00:13,768] Trial 5 finished with value: 55.559539794921875 and parameters: {'gradient_clip_val': 0.5289068445424794, 'hidden_size': 122, 'dropout': 0.23956379996703117, 'hidden_continuous_size': 12, 'attention_head_size': 4, 'learning_rate': 0.018768409386839192}. Best is trial 0 with value: 5.580170154571533.
LOCAL_RANK: 0 - CUDA_VISIBLE_DEVICES: [0]
[I 2023-12-27 11:00:14,232] Trial 6 finished with value: 55.85451126098633 and parameters: {'gradient_clip_val': 0.8776800474179904, 'hidden_size': 50, 'dropout': 0.4424890009370873, 'hidden_continuous_size': 8, 'attention_head_size': 2, 'learning_rate': 0.0009339363113371672}. Best is trial 0 with value: 5.580170154571533.
LOCAL_RANK: 0 - CUDA_VISIBLE_DEVICES: [0]
[I 2023-12-27 11:00:14,674] Trial 7 finished with value: 53.41025161743164 and parameters: {'gradient_clip_val': 0.5205815137447175, 'hidden_size': 35, 'dropout': 0.17489836563971467, 'hidden_continuous_size': 12, 'attention_head_size': 2, 'learning_rate': 0.006386730843442072}. Best is trial 0 with value: 5.580170154571533.
LOCAL_RANK: 0 - CUDA_VISIBLE_DEVICES: [0]
[I 2023-12-27 11:00:15,163] Trial 8 finished with value: 50.434391021728516 and parameters: {'gradient_clip_val': 0.6430680172870012, 'hidden_size': 101, 'dropout': 0.373055559348795, 'hidden_continuous_size': 47, 'attention_head_size': 4, 'learning_rate': 0.04664983319311394}. Best is trial 0 with value: 5.580170154571533.
LOCAL_RANK: 0 - CUDA_VISIBLE_DEVICES: [0]
[I 2023-12-27 11:00:15,541] Trial 9 finished with value: 68.07627868652344 and parameters: {'gradient_clip_val': 0.10276803850654598, 'hidden_size': 5, 'dropout': 0.4892775628902998, 'hidden_continuous_size': 5, 'attention_head_size': 4, 'learning_rate': 0.06342312137482979}. Best is trial 0 with value: 5.580170154571533.
LOCAL_RANK: 0 - CUDA_VISIBLE_DEVICES: [0]
[I 2023-12-27 11:00:16,088] Trial 10 finished with value: 53.53550338745117 and parameters: {'gradient_clip_val': 0.14545664902939098, 'hidden_size': 133, 'dropout': 0.32699063940931317, 'hidden_continuous_size': 124, 'attention_head_size': 1, 'learning_rate': 0.0006174049984250114}. Best is trial 0 with value: 5.580170154571533.
LOCAL_RANK: 0 - CUDA_VISIBLE_DEVICES: [0]
[I 2023-12-27 11:00:16,520] Trial 11 finished with value: 39.31556701660156 and parameters: {'gradient_clip_val': 0.25517047028148093, 'hidden_size': 15, 'dropout': 0.23410056707923105, 'hidden_continuous_size': 7, 'attention_head_size': 3, 'learning_rate': 0.0023659356422668964}. Best is trial 0 with value: 5.580170154571533.
LOCAL_RANK: 0 - CUDA_VISIBLE_DEVICES: [0]
[I 2023-12-27 11:00:17,228] Trial 12 finished with value: 52.52357482910156 and parameters: {'gradient_clip_val': 0.2731632892306206, 'hidden_size': 72, 'dropout': 0.11055568131015313, 'hidden_continuous_size': 10, 'attention_head_size': 3, 'learning_rate': 0.0025548744613440137}. Best is trial 0 with value: 5.580170154571533.
LOCAL_RANK: 0 - CUDA_VISIBLE_DEVICES: [0]
[I 2023-12-27 11:00:17,685] Trial 13 finished with value: 72.86430358886719 and parameters: {'gradient_clip_val': 0.2039927348191576, 'hidden_size': 21, 'dropout': 0.22597970819001528, 'hidden_continuous_size': 7, 'attention_head_size': 3, 'learning_rate': 0.0021820372791638647}. Best is trial 0 with value: 5.580170154571533.
LOCAL_RANK: 0 - CUDA_VISIBLE_DEVICES: [0]
[I 2023-12-27 11:00:18,125] Trial 14 finished with value: 43.697418212890625 and parameters: {'gradient_clip_val': 0.3682106124308569, 'hidden_size': 11, 'dropout': 0.2958644153650293, 'hidden_continuous_size': 6, 'attention_head_size': 1, 'learning_rate': 0.004832463795041738}. Best is trial 0 with value: 5.580170154571533.
LOCAL_RANK: 0 - CUDA_VISIBLE_DEVICES: [0]
[I 2023-12-27 11:00:18,617] Trial 15 finished with value: 51.28947067260742 and parameters: {'gradient_clip_val': 0.33301551822082265, 'hidden_size': 76, 'dropout': 0.36535739098556885, 'hidden_continuous_size': 17, 'attention_head_size': 3, 'learning_rate': 0.0010826492509927689}. Best is trial 0 with value: 5.580170154571533.
LOCAL_RANK: 0 - CUDA_VISIBLE_DEVICES: [0]
[I 2023-12-27 11:00:19,106] Trial 16 finished with value: 42.16334915161133 and parameters: {'gradient_clip_val': 0.10258668355214952, 'hidden_size': 63, 'dropout': 0.19476271370938936, 'hidden_continuous_size': 10, 'attention_head_size': 4, 'learning_rate': 0.004121032897104903}. Best is trial 0 with value: 5.580170154571533.
LOCAL_RANK: 0 - CUDA_VISIBLE_DEVICES: [0]
[I 2023-12-27 11:00:19,615] Trial 17 finished with value: 58.64524841308594 and parameters: {'gradient_clip_val': 0.19757914142671548, 'hidden_size': 142, 'dropout': 0.10164145327945356, 'hidden_continuous_size': 30, 'attention_head_size': 3, 'learning_rate': 0.009637087054130848}. Best is trial 0 with value: 5.580170154571533.
LOCAL_RANK: 0 - CUDA_VISIBLE_DEVICES: [0]
[I 2023-12-27 11:00:20,067] Trial 18 finished with value: 56.10712814331055 and parameters: {'gradient_clip_val': 0.4598357416052862, 'hidden_size': 31, 'dropout': 0.26869826843360833, 'hidden_continuous_size': 8, 'attention_head_size': 2, 'learning_rate': 0.0011743489907714115}. Best is trial 0 with value: 5.580170154571533.
LOCAL_RANK: 0 - CUDA_VISIBLE_DEVICES: [0]
[I 2023-12-27 11:00:20,542] Trial 19 finished with value: 48.0269775390625 and parameters: {'gradient_clip_val': 0.35959848434764174, 'hidden_size': 88, 'dropout': 0.19647287490038984, 'hidden_continuous_size': 5, 'attention_head_size': 4, 'learning_rate': 0.0017258569874117654}. Best is trial 0 with value: 5.580170154571533.
LOCAL_RANK: 0 - CUDA_VISIBLE_DEVICES: [0]
[I 2023-12-27 11:00:21,036] Trial 20 finished with value: 65.8404541015625 and parameters: {'gradient_clip_val': 0.13447350042851108, 'hidden_size': 54, 'dropout': 0.2692883221457305, 'hidden_continuous_size': 13, 'attention_head_size': 3, 'learning_rate': 0.003103065528532503}. Best is trial 0 with value: 5.580170154571533.
LOCAL_RANK: 0 - CUDA_VISIBLE_DEVICES: [0]
[I 2023-12-27 11:00:21,468] Trial 21 finished with value: 58.85542678833008 and parameters: {'gradient_clip_val': 0.22309129521429147, 'hidden_size': 15, 'dropout': 0.22338859596145072, 'hidden_continuous_size': 7, 'attention_head_size': 3, 'learning_rate': 0.0018575289047432796}. Best is trial 0 with value: 5.580170154571533.
LOCAL_RANK: 0 - CUDA_VISIBLE_DEVICES: [0]
[I 2023-12-27 11:00:21,900] Trial 22 finished with value: 65.8584213256836 and parameters: {'gradient_clip_val': 0.26684279310957637, 'hidden_size': 12, 'dropout': 0.2521965450410761, 'hidden_continuous_size': 6, 'attention_head_size': 3, 'learning_rate': 0.003573184777559099}. Best is trial 0 with value: 5.580170154571533.
LOCAL_RANK: 0 - CUDA_VISIBLE_DEVICES: [0]
[I 2023-12-27 11:00:22,367] Trial 23 finished with value: 46.6466064453125 and parameters: {'gradient_clip_val': 0.16119467798738882, 'hidden_size': 22, 'dropout': 0.2061223838092687, 'hidden_continuous_size': 8, 'attention_head_size': 3, 'learning_rate': 0.0019247948527391324}. Best is trial 0 with value: 5.580170154571533.
LOCAL_RANK: 0 - CUDA_VISIBLE_DEVICES: [0]
[I 2023-12-27 11:00:22,862] Trial 24 finished with value: 55.57876968383789 and parameters: {'gradient_clip_val': 0.28157818363853554, 'hidden_size': 26, 'dropout': 0.2475091204787199, 'hidden_continuous_size': 9, 'attention_head_size': 2, 'learning_rate': 0.0005159586707696221}. Best is trial 0 with value: 5.580170154571533.
LOCAL_RANK: 0 - CUDA_VISIBLE_DEVICES: [0]
[I 2023-12-27 11:00:23,585] Trial 25 finished with value: 46.877010345458984 and parameters: {'gradient_clip_val': 0.17995043406960012, 'hidden_size': 9, 'dropout': 0.16127031021266522, 'hidden_continuous_size': 6, 'attention_head_size': 3, 'learning_rate': 0.004974072956211029}. Best is trial 0 with value: 5.580170154571533.
LOCAL_RANK: 0 - CUDA_VISIBLE_DEVICES: [0]
[I 2023-12-27 11:00:24,066] Trial 26 finished with value: 57.829193115234375 and parameters: {'gradient_clip_val': 0.12708587743773084, 'hidden_size': 16, 'dropout': 0.3252211780867631, 'hidden_continuous_size': 7, 'attention_head_size': 4, 'learning_rate': 0.0029596275612607512}. Best is trial 0 with value: 5.580170154571533.
LOCAL_RANK: 0 - CUDA_VISIBLE_DEVICES: [0]
[I 2023-12-27 11:00:24,547] Trial 27 finished with value: 42.834590911865234 and parameters: {'gradient_clip_val': 0.2628510901562674, 'hidden_size': 24, 'dropout': 0.21369598752366614, 'hidden_continuous_size': 9, 'attention_head_size': 3, 'learning_rate': 0.006493642275658782}. Best is trial 0 with value: 5.580170154571533.
LOCAL_RANK: 0 - CUDA_VISIBLE_DEVICES: [0]
[I 2023-12-27 11:00:25,040] Trial 28 finished with value: 66.86161041259766 and parameters: {'gradient_clip_val': 0.1723358589164495, 'hidden_size': 40, 'dropout': 0.18855929797046214, 'hidden_continuous_size': 10, 'attention_head_size': 2, 'learning_rate': 0.0014984853286284447}. Best is trial 0 with value: 5.580170154571533.
LOCAL_RANK: 0 - CUDA_VISIBLE_DEVICES: [0]
[I 2023-12-27 11:00:25,495] Trial 29 finished with value: 53.13911056518555 and parameters: {'gradient_clip_val': 0.22908575370075865, 'hidden_size': 16, 'dropout': 0.1273519630459371, 'hidden_continuous_size': 7, 'attention_head_size': 3, 'learning_rate': 0.002607181240148121}. Best is trial 0 with value: 5.580170154571533.
LOCAL_RANK: 0 - CUDA_VISIBLE_DEVICES: [0]
[I 2023-12-27 11:00:25,992] Trial 30 finished with value: 51.970184326171875 and parameters: {'gradient_clip_val': 0.3149785509413902, 'hidden_size': 20, 'dropout': 0.13727607632949201, 'hidden_continuous_size': 6, 'attention_head_size': 4, 'learning_rate': 0.0007459045450579357}. Best is trial 0 with value: 5.580170154571533.
LOCAL_RANK: 0 - CUDA_VISIBLE_DEVICES: [0]
[I 2023-12-27 11:00:26,540] Trial 31 finished with value: 56.40790939331055 and parameters: {'gradient_clip_val': 0.11030647195089842, 'hidden_size': 61, 'dropout': 0.17793807783297078, 'hidden_continuous_size': 11, 'attention_head_size': 4, 'learning_rate': 0.0038270337230930165}. Best is trial 0 with value: 5.580170154571533.
LOCAL_RANK: 0 - CUDA_VISIBLE_DEVICES: [0]
[I 2023-12-27 11:00:27,041] Trial 32 finished with value: 49.166748046875 and parameters: {'gradient_clip_val': 0.11692787252002884, 'hidden_size': 116, 'dropout': 0.20200695400369875, 'hidden_continuous_size': 14, 'attention_head_size': 4, 'learning_rate': 0.0014102152478471448}. Best is trial 0 with value: 5.580170154571533.
LOCAL_RANK: 0 - CUDA_VISIBLE_DEVICES: [0]
[I 2023-12-27 11:00:27,558] Trial 33 finished with value: 52.45097732543945 and parameters: {'gradient_clip_val': 0.14430059926351077, 'hidden_size': 97, 'dropout': 0.1516743268714462, 'hidden_continuous_size': 16, 'attention_head_size': 4, 'learning_rate': 0.004400135274636906}. Best is trial 0 with value: 5.580170154571533.
LOCAL_RANK: 0 - CUDA_VISIBLE_DEVICES: [0]
[I 2023-12-27 11:00:28,048] Trial 34 finished with value: 42.83250427246094 and parameters: {'gradient_clip_val': 0.10345491818584875, 'hidden_size': 75, 'dropout': 0.18064187693155548, 'hidden_continuous_size': 11, 'attention_head_size': 3, 'learning_rate': 0.0023625551032282056}. Best is trial 0 with value: 5.580170154571533.
LOCAL_RANK: 0 - CUDA_VISIBLE_DEVICES: [0]
[I 2023-12-27 11:00:28,531] Trial 35 finished with value: 62.738983154296875 and parameters: {'gradient_clip_val': 0.1260631764081481, 'hidden_size': 43, 'dropout': 0.23089092731800243, 'hidden_continuous_size': 9, 'attention_head_size': 3, 'learning_rate': 0.003386271500106847}. Best is trial 0 with value: 5.580170154571533.
LOCAL_RANK: 0 - CUDA_VISIBLE_DEVICES: [0]
[I 2023-12-27 11:00:28,969] Trial 36 finished with value: 53.83407211303711 and parameters: {'gradient_clip_val': 0.11464820843200253, 'hidden_size': 31, 'dropout': 0.15728128233201394, 'hidden_continuous_size': 10, 'attention_head_size': 2, 'learning_rate': 0.00903779297040911}. Best is trial 0 with value: 5.580170154571533.
LOCAL_RANK: 0 - CUDA_VISIBLE_DEVICES: [0]
[I 2023-12-27 11:00:29,460] Trial 37 finished with value: 44.20173263549805 and parameters: {'gradient_clip_val': 0.15786427251028545, 'hidden_size': 57, 'dropout': 0.263440286731678, 'hidden_continuous_size': 15, 'attention_head_size': 4, 'learning_rate': 0.0054398610874667646}. Best is trial 0 with value: 5.580170154571533.
LOCAL_RANK: 0 - CUDA_VISIBLE_DEVICES: [0]
[I 2023-12-27 11:00:30,232] Trial 38 finished with value: 53.56010055541992 and parameters: {'gradient_clip_val': 0.4139654369601464, 'hidden_size': 112, 'dropout': 0.23863142374501822, 'hidden_continuous_size': 12, 'attention_head_size': 2, 'learning_rate': 0.014242544305380571}. Best is trial 0 with value: 5.580170154571533.
LOCAL_RANK: 0 - CUDA_VISIBLE_DEVICES: [0]
[I 2023-12-27 11:00:30,750] Trial 39 finished with value: 42.618919372558594 and parameters: {'gradient_clip_val': 0.5940413005029664, 'hidden_size': 149, 'dropout': 0.21500410947841297, 'hidden_continuous_size': 19, 'attention_head_size': 4, 'learning_rate': 0.0013266502944621137}. Best is trial 0 with value: 5.580170154571533.
LOCAL_RANK: 0 - CUDA_VISIBLE_DEVICES: [0]
[I 2023-12-27 11:00:31,252] Trial 40 finished with value: 61.46026611328125 and parameters: {'gradient_clip_val': 0.10197068002424056, 'hidden_size': 47, 'dropout': 0.1772725275709339, 'hidden_continuous_size': 13, 'attention_head_size': 3, 'learning_rate': 0.006861523831177735}. Best is trial 0 with value: 5.580170154571533.
LOCAL_RANK: 0 - CUDA_VISIBLE_DEVICES: [0]
[I 2023-12-27 11:00:31,779] Trial 41 finished with value: 61.11626052856445 and parameters: {'gradient_clip_val': 0.6194955262591697, 'hidden_size': 148, 'dropout': 0.21291179226200013, 'hidden_continuous_size': 17, 'attention_head_size': 4, 'learning_rate': 0.0009278713081855883}. Best is trial 0 with value: 5.580170154571533.
LOCAL_RANK: 0 - CUDA_VISIBLE_DEVICES: [0]
[I 2023-12-27 11:00:32,282] Trial 42 finished with value: 59.401763916015625 and parameters: {'gradient_clip_val': 0.8035960160835026, 'hidden_size': 110, 'dropout': 0.19685198841532536, 'hidden_continuous_size': 20, 'attention_head_size': 4, 'learning_rate': 0.0014619100018530683}. Best is trial 0 with value: 5.580170154571533.
LOCAL_RANK: 0 - CUDA_VISIBLE_DEVICES: [0]
[I 2023-12-27 11:00:32,777] Trial 43 finished with value: 65.7430648803711 and parameters: {'gradient_clip_val': 0.5889570477596583, 'hidden_size': 126, 'dropout': 0.1661104736094274, 'hidden_continuous_size': 13, 'attention_head_size': 4, 'learning_rate': 0.002277363066704877}. Best is trial 0 with value: 5.580170154571533.
LOCAL_RANK: 0 - CUDA_VISIBLE_DEVICES: [0]
[I 2023-12-27 11:00:33,268] Trial 44 finished with value: 56.47758102416992 and parameters: {'gradient_clip_val': 0.9963518922953445, 'hidden_size': 149, 'dropout': 0.2852538648245041, 'hidden_continuous_size': 24, 'attention_head_size': 4, 'learning_rate': 0.0028163012126555453}. Best is trial 0 with value: 5.580170154571533.
LOCAL_RANK: 0 - CUDA_VISIBLE_DEVICES: [0]
[I 2023-12-27 11:00:33,769] Trial 45 finished with value: 66.46385192871094 and parameters: {'gradient_clip_val': 0.6914072951577308, 'hidden_size': 85, 'dropout': 0.23032853218180466, 'hidden_continuous_size': 18, 'attention_head_size': 3, 'learning_rate': 0.003954248047298304}. Best is trial 0 with value: 5.580170154571533.
LOCAL_RANK: 0 - CUDA_VISIBLE_DEVICES: [0]
[I 2023-12-27 11:00:34,264] Trial 46 finished with value: 53.70074462890625 and parameters: {'gradient_clip_val': 0.520248792086218, 'hidden_size': 102, 'dropout': 0.24557344083201696, 'hidden_continuous_size': 15, 'attention_head_size': 1, 'learning_rate': 0.0020854858249295663}. Best is trial 0 with value: 5.580170154571533.
LOCAL_RANK: 0 - CUDA_VISIBLE_DEVICES: [0]
[I 2023-12-27 11:00:34,771] Trial 47 finished with value: 55.1787109375 and parameters: {'gradient_clip_val': 0.46972991182828944, 'hidden_size': 128, 'dropout': 0.13444910292911738, 'hidden_continuous_size': 20, 'attention_head_size': 3, 'learning_rate': 0.001102822055121092}. Best is trial 0 with value: 5.580170154571533.
LOCAL_RANK: 0 - CUDA_VISIBLE_DEVICES: [0]
[I 2023-12-27 11:00:35,256] Trial 48 finished with value: 42.127628326416016 and parameters: {'gradient_clip_val': 0.14278796517861703, 'hidden_size': 128, 'dropout': 0.21418974654970147, 'hidden_continuous_size': 5, 'attention_head_size': 4, 'learning_rate': 0.0017212019585121597}. Best is trial 0 with value: 5.580170154571533.
LOCAL_RANK: 0 - CUDA_VISIBLE_DEVICES: [0]
[I 2023-12-27 11:00:35,729] Trial 49 finished with value: 54.802860260009766 and parameters: {'gradient_clip_val': 0.13696536511138802, 'hidden_size': 88, 'dropout': 0.18532398562325864, 'hidden_continuous_size': 5, 'attention_head_size': 2, 'learning_rate': 0.002854156936237195}. Best is trial 0 with value: 5.580170154571533.
[I 2023-12-27 11:00:35,862] A new study created in memory with name: no-name-1824a247-a148-46f1-8dcf-b8732cefa73a
/home/le004/conda/anaconda3/envs/tsff_env/lib/python3.9/site-packages/lightning/fabric/plugins/environments/slurm.py:191: The `srun` command is available on your system but is not used. HINT: If your intention is to run Lightning on SLURM, prepend your python command with `srun` like so: srun python /home/le004/master_thesis/git/TSFusionForecast/code/ ...
LOCAL_RANK: 0 - CUDA_VISIBLE_DEVICES: [0]
[I 2023-12-27 11:01:02,381] Trial 0 finished with value: 14.917259216308594 and parameters: {'gradient_clip_val': 0.6418699175384153, 'hidden_size': 7, 'dropout': 0.13775792174524182, 'hidden_continuous_size': 7, 'attention_head_size': 2, 'learning_rate': 0.028875376158947523}. Best is trial 0 with value: 14.917259216308594.
LOCAL_RANK: 0 - CUDA_VISIBLE_DEVICES: [0]
[I 2023-12-27 11:01:11,718] Trial 1 finished with value: 15.7230806350708 and parameters: {'gradient_clip_val': 0.11667429306544307, 'hidden_size': 107, 'dropout': 0.3680494608832765, 'hidden_continuous_size': 6, 'attention_head_size': 1, 'learning_rate': 0.0760976865946546}. Best is trial 0 with value: 14.917259216308594.
LOCAL_RANK: 0 - CUDA_VISIBLE_DEVICES: [0]
[I 2023-12-27 11:01:12,176] Trial 2 finished with value: 68.77782440185547 and parameters: {'gradient_clip_val': 0.7206004928802935, 'hidden_size': 10, 'dropout': 0.3032010440956037, 'hidden_continuous_size': 7, 'attention_head_size': 3, 'learning_rate': 0.0026217251418204947}. Best is trial 0 with value: 14.917259216308594.
LOCAL_RANK: 0 - CUDA_VISIBLE_DEVICES: [0]
[I 2023-12-27 11:01:12,672] Trial 3 finished with value: 41.082557678222656 and parameters: {'gradient_clip_val': 0.1441752222622407, 'hidden_size': 19, 'dropout': 0.23456601683214703, 'hidden_continuous_size': 7, 'attention_head_size': 1, 'learning_rate': 0.0022800851271569233}. Best is trial 0 with value: 14.917259216308594.
LOCAL_RANK: 0 - CUDA_VISIBLE_DEVICES: [0]
[I 2023-12-27 11:01:13,124] Trial 4 finished with value: 71.74408721923828 and parameters: {'gradient_clip_val': 0.16107653724448998, 'hidden_size': 6, 'dropout': 0.4941638267319599, 'hidden_continuous_size': 5, 'attention_head_size': 4, 'learning_rate': 0.01750382307791614}. Best is trial 0 with value: 14.917259216308594.
LOCAL_RANK: 0 - CUDA_VISIBLE_DEVICES: [0]
[I 2023-12-27 11:01:13,546] Trial 5 finished with value: 54.17582702636719 and parameters: {'gradient_clip_val': 0.3969020510654754, 'hidden_size': 9, 'dropout': 0.21245366055735954, 'hidden_continuous_size': 6, 'attention_head_size': 3, 'learning_rate': 0.005537532671504482}. Best is trial 0 with value: 14.917259216308594.
LOCAL_RANK: 0 - CUDA_VISIBLE_DEVICES: [0]
[I 2023-12-27 11:01:13,998] Trial 6 finished with value: 70.26766204833984 and parameters: {'gradient_clip_val': 0.25355202324615345, 'hidden_size': 17, 'dropout': 0.3982356355078909, 'hidden_continuous_size': 6, 'attention_head_size': 1, 'learning_rate': 0.021814153821705238}. Best is trial 0 with value: 14.917259216308594.
LOCAL_RANK: 0 - CUDA_VISIBLE_DEVICES: [0]
[I 2023-12-27 11:01:14,423] Trial 7 finished with value: 82.41024780273438 and parameters: {'gradient_clip_val': 0.8626971555565826, 'hidden_size': 9, 'dropout': 0.17222755102288667, 'hidden_continuous_size': 7, 'attention_head_size': 4, 'learning_rate': 0.018122979636528116}. Best is trial 0 with value: 14.917259216308594.
LOCAL_RANK: 0 - CUDA_VISIBLE_DEVICES: [0]
[I 2023-12-27 11:01:14,855] Trial 8 finished with value: 46.3890266418457 and parameters: {'gradient_clip_val': 0.2545719812830776, 'hidden_size': 22, 'dropout': 0.14707870732506223, 'hidden_continuous_size': 6, 'attention_head_size': 4, 'learning_rate': 0.012402734815535593}. Best is trial 0 with value: 14.917259216308594.
LOCAL_RANK: 0 - CUDA_VISIBLE_DEVICES: [0]
[I 2023-12-27 11:01:15,316] Trial 9 finished with value: 64.83001708984375 and parameters: {'gradient_clip_val': 0.100310990099271, 'hidden_size': 93, 'dropout': 0.22232466863663777, 'hidden_continuous_size': 5, 'attention_head_size': 4, 'learning_rate': 0.001515197926333171}. Best is trial 0 with value: 14.917259216308594.
LOCAL_RANK: 0 - CUDA_VISIBLE_DEVICES: [0]
