[I 2023-12-26 17:38:51,272] Trial 12 finished with value: 5.033353328704834 and parameters: {'gradient_clip_val': 0.8472339543732371, 'hidden_size': 58, 'dropout': 0.39971925662203883, 'hidden_continuous_size': 54, 'attention_head_size': 3, 'learning_rate': 0.0018493963991949264}. Best is trial 0 with value: 0.08831224590539932.
[I 2023-12-26 17:38:53,658] Trial 13 finished with value: 3.5035555362701416 and parameters: {'gradient_clip_val': 0.5027348348159032, 'hidden_size': 13, 'dropout': 0.2534793874056077, 'hidden_continuous_size': 5, 'attention_head_size': 3, 'learning_rate': 0.0015822244683954781}. Best is trial 0 with value: 0.08831224590539932.
[I 2023-12-26 17:38:56,759] Trial 14 finished with value: 4.790178298950195 and parameters: {'gradient_clip_val': 0.2169615352268524, 'hidden_size': 25, 'dropout': 0.33778814081612607, 'hidden_continuous_size': 11, 'attention_head_size': 4, 'learning_rate': 0.00414137743055397}. Best is trial 0 with value: 0.08831224590539932.
[I 2023-12-26 17:38:59,245] Trial 15 finished with value: 5.063860893249512 and parameters: {'gradient_clip_val': 0.6437064765860712, 'hidden_size': 10, 'dropout': 0.42823755929484814, 'hidden_continuous_size': 6, 'attention_head_size': 3, 'learning_rate': 0.0012990530527737117}. Best is trial 0 with value: 0.08831224590539932.
[I 2023-12-26 17:39:05,791] Trial 16 finished with value: 5.747375965118408 and parameters: {'gradient_clip_val': 0.2735627537414955, 'hidden_size': 77, 'dropout': 0.45540287045800415, 'hidden_continuous_size': 22, 'attention_head_size': 2, 'learning_rate': 0.0005896626556968974}. Best is trial 0 with value: 0.08831224590539932.
[I 2023-12-26 17:39:09,219] Trial 17 finished with value: 4.7303571701049805 and parameters: {'gradient_clip_val': 0.379911065817875, 'hidden_size': 34, 'dropout': 0.3614819531134412, 'hidden_continuous_size': 9, 'attention_head_size': 4, 'learning_rate': 0.015351255487202207}. Best is trial 0 with value: 0.08831224590539932.
[I 2023-12-26 17:39:11,934] Trial 18 finished with value: 4.311103343963623 and parameters: {'gradient_clip_val': 0.1771508466106452, 'hidden_size': 21, 'dropout': 0.4922271226086538, 'hidden_continuous_size': 10, 'attention_head_size': 3, 'learning_rate': 0.004937348215730888}. Best is trial 0 with value: 0.08831224590539932.
[I 2023-12-26 17:39:14,433] Trial 19 finished with value: 6.221734523773193 and parameters: {'gradient_clip_val': 0.1803903959303428, 'hidden_size': 13, 'dropout': 0.3830442501087986, 'hidden_continuous_size': 8, 'attention_head_size': 2, 'learning_rate': 0.002123058496089047}. Best is trial 0 with value: 0.08831224590539932.
[I 2023-12-26 17:39:26,296] Trial 20 finished with value: 5.081545829772949 and parameters: {'gradient_clip_val': 0.9855620855180275, 'hidden_size': 149, 'dropout': 0.4427263416839216, 'hidden_continuous_size': 34, 'attention_head_size': 4, 'learning_rate': 0.0011093124421053954}. Best is trial 0 with value: 0.08831224590539932.
[I 2023-12-26 17:39:28,746] Trial 21 finished with value: 5.635887145996094 and parameters: {'gradient_clip_val': 0.5401858716584902, 'hidden_size': 13, 'dropout': 0.22809359126992435, 'hidden_continuous_size': 5, 'attention_head_size': 3, 'learning_rate': 0.0005400059490779291}. Best is trial 0 with value: 0.08831224590539932.
[I 2023-12-26 17:39:31,418] Trial 22 finished with value: 5.7273030281066895 and parameters: {'gradient_clip_val': 0.4881168929774762, 'hidden_size': 15, 'dropout': 0.28381990969908816, 'hidden_continuous_size': 6, 'attention_head_size': 3, 'learning_rate': 0.0013845868382031824}. Best is trial 0 with value: 0.08831224590539932.
[I 2023-12-26 17:39:34,402] Trial 23 finished with value: 5.440382480621338 and parameters: {'gradient_clip_val': 0.644237178121999, 'hidden_size': 24, 'dropout': 0.3352911643387612, 'hidden_continuous_size': 12, 'attention_head_size': 3, 'learning_rate': 0.0009867369395379023}. Best is trial 0 with value: 0.08831224590539932.
[I 2023-12-26 17:39:36,790] Trial 24 finished with value: 4.159356594085693 and parameters: {'gradient_clip_val': 0.40049044537527845, 'hidden_size': 11, 'dropout': 0.20459693080514452, 'hidden_continuous_size': 6, 'attention_head_size': 3, 'learning_rate': 0.0025903734145838087}. Best is trial 0 with value: 0.08831224590539932.
[I 2023-12-26 17:39:38,935] Trial 25 finished with value: 5.2624077796936035 and parameters: {'gradient_clip_val': 0.30888430553764123, 'hidden_size': 8, 'dropout': 0.2699956701484537, 'hidden_continuous_size': 5, 'attention_head_size': 2, 'learning_rate': 0.0005110334781380701}. Best is trial 0 with value: 0.08831224590539932.
[I 2023-12-26 17:39:41,592] Trial 26 finished with value: 5.209354877471924 and parameters: {'gradient_clip_val': 0.4310634756910174, 'hidden_size': 20, 'dropout': 0.3065395526407475, 'hidden_continuous_size': 10, 'attention_head_size': 3, 'learning_rate': 0.001601972957978117}. Best is trial 0 with value: 0.08831224590539932.
[I 2023-12-26 17:39:44,249] Trial 27 finished with value: 4.352761745452881 and parameters: {'gradient_clip_val': 0.5849537281617633, 'hidden_size': 14, 'dropout': 0.24819116531965008, 'hidden_continuous_size': 7, 'attention_head_size': 4, 'learning_rate': 0.0009045732233206048}. Best is trial 0 with value: 0.08831224590539932.
[I 2023-12-26 17:39:46,334] Trial 28 finished with value: 5.126017093658447 and parameters: {'gradient_clip_val': 0.3032680790663278, 'hidden_size': 7, 'dropout': 0.349394621547031, 'hidden_continuous_size': 5, 'attention_head_size': 3, 'learning_rate': 0.006359837614477452}. Best is trial 0 with value: 0.08831224590539932.
[I 2023-12-26 17:39:48,555] Trial 29 finished with value: 5.919988632202148 and parameters: {'gradient_clip_val': 0.46126690786552915, 'hidden_size': 11, 'dropout': 0.37099142681614694, 'hidden_continuous_size': 6, 'attention_head_size': 4, 'learning_rate': 0.0007968442029724851}. Best is trial 0 with value: 0.08831224590539932.
[I 2023-12-26 17:39:52,363] Trial 30 finished with value: 4.889091491699219 and parameters: {'gradient_clip_val': 0.3502322513807823, 'hidden_size': 40, 'dropout': 0.31440743442558905, 'hidden_continuous_size': 14, 'attention_head_size': 2, 'learning_rate': 0.003009094629138625}. Best is trial 0 with value: 0.08831224590539932.
[I 2023-12-26 17:39:56,445] Trial 31 finished with value: 6.178464412689209 and parameters: {'gradient_clip_val': 0.554957889874575, 'hidden_size': 43, 'dropout': 0.2609850502622586, 'hidden_continuous_size': 12, 'attention_head_size': 3, 'learning_rate': 0.0022992595694075967}. Best is trial 0 with value: 0.08831224590539932.
[I 2023-12-26 17:39:59,019] Trial 32 finished with value: 3.9180355072021484 and parameters: {'gradient_clip_val': 0.4641506412598675, 'hidden_size': 27, 'dropout': 0.240976167109392, 'hidden_continuous_size': 12, 'attention_head_size': 3, 'learning_rate': 0.0030306356201622513}. Best is trial 0 with value: 0.08831224590539932.
[I 2023-12-26 17:40:00,968] Trial 33 finished with value: 5.465892791748047 and parameters: {'gradient_clip_val': 0.26849954898243833, 'hidden_size': 16, 'dropout': 0.28755567979904983, 'hidden_continuous_size': 10, 'attention_head_size': 3, 'learning_rate': 0.001531914992196158}. Best is trial 0 with value: 0.08831224590539932.
[I 2023-12-26 17:40:06,064] Trial 34 finished with value: 4.545547008514404 and parameters: {'gradient_clip_val': 0.4953386472624457, 'hidden_size': 85, 'dropout': 0.3189816855548339, 'hidden_continuous_size': 17, 'attention_head_size': 3, 'learning_rate': 0.001116804941370142}. Best is trial 0 with value: 0.08831224590539932.
[I 2023-12-26 17:40:08,433] Trial 35 finished with value: 4.007052421569824 and parameters: {'gradient_clip_val': 0.35524805271386634, 'hidden_size': 19, 'dropout': 0.2774922604291211, 'hidden_continuous_size': 8, 'attention_head_size': 3, 'learning_rate': 0.0007231372916098266}. Best is trial 0 with value: 0.08831224590539932.
[I 2023-12-26 17:40:10,958] Trial 36 finished with value: 3.246662139892578 and parameters: {'gradient_clip_val': 0.41323851729449335, 'hidden_size': 33, 'dropout': 0.2231989246710095, 'hidden_continuous_size': 14, 'attention_head_size': 2, 'learning_rate': 0.0019514693066459783}. Best is trial 0 with value: 0.08831224590539932.
[I 2023-12-26 17:40:13,010] Trial 37 finished with value: 5.671586990356445 and parameters: {'gradient_clip_val': 0.43618582673819395, 'hidden_size': 17, 'dropout': 0.21448723179650472, 'hidden_continuous_size': 9, 'attention_head_size': 2, 'learning_rate': 0.0007496055946420295}. Best is trial 0 with value: 0.08831224590539932.
[I 2023-12-26 17:40:15,209] Trial 38 finished with value: 5.304582118988037 and parameters: {'gradient_clip_val': 0.3330943059542603, 'hidden_size': 22, 'dropout': 0.18098283125255205, 'hidden_continuous_size': 11, 'attention_head_size': 1, 'learning_rate': 0.0039530427960114516}. Best is trial 0 with value: 0.08831224590539932.
[I 2023-12-26 17:40:17,634] Trial 39 finished with value: 5.275380611419678 and parameters: {'gradient_clip_val': 0.41415416254339904, 'hidden_size': 28, 'dropout': 0.18160192344237336, 'hidden_continuous_size': 13, 'attention_head_size': 2, 'learning_rate': 0.0017520835401118296}. Best is trial 0 with value: 0.08831224590539932.
[I 2023-12-26 17:40:19,344] Trial 40 finished with value: 6.736999988555908 and parameters: {'gradient_clip_val': 0.22531992971631715, 'hidden_size': 5, 'dropout': 0.29476052974339273, 'hidden_continuous_size': 5, 'attention_head_size': 2, 'learning_rate': 0.006047089883990473}. Best is trial 0 with value: 0.08831224590539932.
[I 2023-12-26 17:40:22,027] Trial 41 finished with value: 5.605199337005615 and parameters: {'gradient_clip_val': 0.5243681834878989, 'hidden_size': 37, 'dropout': 0.25050689529663545, 'hidden_continuous_size': 15, 'attention_head_size': 3, 'learning_rate': 0.0020332011700567136}. Best is trial 0 with value: 0.08831224590539932.
[I 2023-12-26 17:40:24,533] Trial 42 finished with value: 4.706021785736084 and parameters: {'gradient_clip_val': 0.38457623245877737, 'hidden_size': 34, 'dropout': 0.23091552150299524, 'hidden_continuous_size': 13, 'attention_head_size': 2, 'learning_rate': 0.0011695130580662949}. Best is trial 0 with value: 0.08831224590539932.
[I 2023-12-26 17:40:27,413] Trial 43 finished with value: 4.468651294708252 and parameters: {'gradient_clip_val': 0.5957482917616119, 'hidden_size': 43, 'dropout': 0.2578877576861729, 'hidden_continuous_size': 17, 'attention_head_size': 3, 'learning_rate': 0.0032864566823975986}. Best is trial 0 with value: 0.08831224590539932.
[I 2023-12-26 17:40:30,718] Trial 44 finished with value: 4.838459491729736 and parameters: {'gradient_clip_val': 0.49783337311423065, 'hidden_size': 54, 'dropout': 0.22331669883583666, 'hidden_continuous_size': 19, 'attention_head_size': 2, 'learning_rate': 0.002358008862042173}. Best is trial 0 with value: 0.08831224590539932.
[I 2023-12-26 17:40:33,229] Trial 45 finished with value: 4.698873043060303 and parameters: {'gradient_clip_val': 0.7107427834337302, 'hidden_size': 30, 'dropout': 0.20073285305684568, 'hidden_continuous_size': 11, 'attention_head_size': 3, 'learning_rate': 0.001429446880767507}. Best is trial 0 with value: 0.08831224590539932.
[I 2023-12-26 17:40:36,611] Trial 46 finished with value: 5.837455749511719 and parameters: {'gradient_clip_val': 0.4501972837427464, 'hidden_size': 52, 'dropout': 0.39722888289703384, 'hidden_continuous_size': 14, 'attention_head_size': 1, 'learning_rate': 0.0007085932644318616}. Best is trial 0 with value: 0.08831224590539932.
[I 2023-12-26 17:40:38,861] Trial 47 finished with value: 3.8649098873138428 and parameters: {'gradient_clip_val': 0.14365342621759378, 'hidden_size': 24, 'dropout': 0.2684706142105067, 'hidden_continuous_size': 9, 'attention_head_size': 4, 'learning_rate': 0.004578085734307629}. Best is trial 0 with value: 0.08831224590539932.
[I 2023-12-26 17:40:41,004] Trial 48 finished with value: 4.487443447113037 and parameters: {'gradient_clip_val': 0.14592151926848304, 'hidden_size': 18, 'dropout': 0.27164236144369625, 'hidden_continuous_size': 9, 'attention_head_size': 4, 'learning_rate': 0.011065690614557174}. Best is trial 0 with value: 0.08831224590539932.
[I 2023-12-26 17:40:42,984] Trial 49 finished with value: 5.454212188720703 and parameters: {'gradient_clip_val': 0.10302769819938641, 'hidden_size': 16, 'dropout': 0.30747032480387654, 'hidden_continuous_size': 10, 'attention_head_size': 4, 'learning_rate': 0.0054142852256597734}. Best is trial 0 with value: 0.08831224590539932.
[I 2023-12-26 17:40:43,104] A new study created in memory with name: no-name-f720e161-7e41-4f5b-9777-e17c8129733f
/home/le004/conda/anaconda3/envs/tsff_env/lib/python3.9/site-packages/lightning/fabric/plugins/environments/slurm.py:191: The `srun` command is available on your system but is not used. HINT: If your intention is to run Lightning on SLURM, prepend your python command with `srun` like so: srun python /home/le004/master_thesis/git/TSFusionForecast/code/ ...
[I 2023-12-26 17:45:19,413] Trial 0 finished with value: 0.18187910318374634 and parameters: {'gradient_clip_val': 0.898538514456295, 'hidden_size': 10, 'dropout': 0.4738708240627103, 'hidden_continuous_size': 6, 'attention_head_size': 3, 'learning_rate': 0.0008837929328399821}. Best is trial 0 with value: 0.18187910318374634.
[I 2023-12-26 17:51:56,922] Trial 1 finished with value: 0.04586878418922424 and parameters: {'gradient_clip_val': 0.4244125177678942, 'hidden_size': 39, 'dropout': 0.11753111168059616, 'hidden_continuous_size': 12, 'attention_head_size': 3, 'learning_rate': 0.0007678086342209245}. Best is trial 1 with value: 0.04586878418922424.
[I 2023-12-26 17:55:45,622] Trial 2 finished with value: 0.1416749209165573 and parameters: {'gradient_clip_val': 0.2557646832233734, 'hidden_size': 93, 'dropout': 0.48999945745039775, 'hidden_continuous_size': 5, 'attention_head_size': 2, 'learning_rate': 0.09273583854097008}. Best is trial 1 with value: 0.04586878418922424.
[I 2023-12-26 17:55:47,560] Trial 3 finished with value: 6.101476192474365 and parameters: {'gradient_clip_val': 0.9157631382103569, 'hidden_size': 7, 'dropout': 0.30253014849106663, 'hidden_continuous_size': 6, 'attention_head_size': 2, 'learning_rate': 0.04968679762889008}. Best is trial 1 with value: 0.04586878418922424.
[I 2023-12-26 17:55:50,349] Trial 4 finished with value: 8.030080795288086 and parameters: {'gradient_clip_val': 0.15893750976234772, 'hidden_size': 35, 'dropout': 0.4202083170691131, 'hidden_continuous_size': 34, 'attention_head_size': 1, 'learning_rate': 0.0006111089945797419}. Best is trial 1 with value: 0.04586878418922424.
[I 2023-12-26 17:55:57,293] Trial 5 finished with value: 6.520107746124268 and parameters: {'gradient_clip_val': 0.6900987832328929, 'hidden_size': 95, 'dropout': 0.45489759403317553, 'hidden_continuous_size': 62, 'attention_head_size': 3, 'learning_rate': 0.021696605610015247}. Best is trial 1 with value: 0.04586878418922424.
[I 2023-12-26 17:56:01,326] Trial 6 finished with value: 5.721712589263916 and parameters: {'gradient_clip_val': 0.21355599103372222, 'hidden_size': 61, 'dropout': 0.17654662881166316, 'hidden_continuous_size': 5, 'attention_head_size': 3, 'learning_rate': 0.0022636416745959835}. Best is trial 1 with value: 0.04586878418922424.
[I 2023-12-26 17:56:04,139] Trial 7 finished with value: 7.14978551864624 and parameters: {'gradient_clip_val': 0.9050386600731327, 'hidden_size': 40, 'dropout': 0.15699292088252892, 'hidden_continuous_size': 24, 'attention_head_size': 1, 'learning_rate': 0.0031791452856519335}. Best is trial 1 with value: 0.04586878418922424.
[I 2023-12-26 17:56:07,596] Trial 8 finished with value: 6.450673580169678 and parameters: {'gradient_clip_val': 0.7448214503362566, 'hidden_size': 47, 'dropout': 0.11936722805501065, 'hidden_continuous_size': 34, 'attention_head_size': 3, 'learning_rate': 0.006766859250064939}. Best is trial 1 with value: 0.04586878418922424.
[I 2023-12-26 17:56:14,967] Trial 9 finished with value: 5.301326751708984 and parameters: {'gradient_clip_val': 0.16789831274543088, 'hidden_size': 103, 'dropout': 0.4568904538451326, 'hidden_continuous_size': 35, 'attention_head_size': 2, 'learning_rate': 0.0031213032356743483}. Best is trial 1 with value: 0.04586878418922424.
[I 2023-12-26 17:56:17,227] Trial 10 finished with value: 5.426853656768799 and parameters: {'gradient_clip_val': 0.37893119869560626, 'hidden_size': 19, 'dropout': 0.10027828609359621, 'hidden_continuous_size': 9, 'attention_head_size': 4, 'learning_rate': 0.0011155933239908717}. Best is trial 1 with value: 0.04586878418922424.
[I 2023-12-26 17:56:26,207] Trial 11 finished with value: 4.763144493103027 and parameters: {'gradient_clip_val': 0.3449986244612488, 'hidden_size': 136, 'dropout': 0.253170940099949, 'hidden_continuous_size': 11, 'attention_head_size': 4, 'learning_rate': 0.08977121150770014}. Best is trial 1 with value: 0.04586878418922424.
[I 2023-12-26 17:56:30,815] Trial 12 finished with value: 6.1807780265808105 and parameters: {'gradient_clip_val': 0.1143933193614048, 'hidden_size': 70, 'dropout': 0.3858475654633468, 'hidden_continuous_size': 11, 'attention_head_size': 2, 'learning_rate': 0.014821073446493395}. Best is trial 1 with value: 0.04586878418922424.
[I 2023-12-26 17:56:33,083] Trial 13 finished with value: 6.945952892303467 and parameters: {'gradient_clip_val': 0.46262920622759646, 'hidden_size': 24, 'dropout': 0.3458712519468594, 'hidden_continuous_size': 8, 'attention_head_size': 2, 'learning_rate': 0.015200175279299103}. Best is trial 1 with value: 0.04586878418922424.
[I 2023-12-26 17:56:37,872] Trial 14 finished with value: 4.907443523406982 and parameters: {'gradient_clip_val': 0.2694411296783933, 'hidden_size': 70, 'dropout': 0.2272994771820429, 'hidden_continuous_size': 15, 'attention_head_size': 4, 'learning_rate': 0.0005328426246851678}. Best is trial 1 with value: 0.04586878418922424.
[I 2023-12-26 17:56:47,659] Trial 15 finished with value: 4.690737724304199 and parameters: {'gradient_clip_val': 0.48158667270162614, 'hidden_size': 149, 'dropout': 0.4954988923135557, 'hidden_continuous_size': 5, 'attention_head_size': 1, 'learning_rate': 0.005997333320800794}. Best is trial 1 with value: 0.04586878418922424.
[I 2023-12-26 17:56:49,804] Trial 16 finished with value: 5.527938365936279 and parameters: {'gradient_clip_val': 0.26270564950548336, 'hidden_size': 18, 'dropout': 0.3548774834777318, 'hidden_continuous_size': 7, 'attention_head_size': 2, 'learning_rate': 0.09874883311660708}. Best is trial 1 with value: 0.04586878418922424.
[I 2023-12-26 17:56:52,312] Trial 17 finished with value: 6.912359237670898 and parameters: {'gradient_clip_val': 0.5094293753622187, 'hidden_size': 32, 'dropout': 0.28748439186330427, 'hidden_continuous_size': 9, 'attention_head_size': 3, 'learning_rate': 0.0016434163286814032}. Best is trial 1 with value: 0.04586878418922424.
[I 2023-12-26 17:56:56,099] Trial 18 finished with value: 4.960672378540039 and parameters: {'gradient_clip_val': 0.3039362945333552, 'hidden_size': 50, 'dropout': 0.2132337079092912, 'hidden_continuous_size': 15, 'attention_head_size': 3, 'learning_rate': 0.03314806469907528}. Best is trial 1 with value: 0.04586878418922424.
[I 2023-12-26 17:57:01,589] Trial 19 finished with value: 5.874766826629639 and parameters: {'gradient_clip_val': 0.4150565052067556, 'hidden_size': 83, 'dropout': 0.3938830752135105, 'hidden_continuous_size': 5, 'attention_head_size': 2, 'learning_rate': 0.009649606269959426}. Best is trial 1 with value: 0.04586878418922424.
[I 2023-12-26 17:57:05,502] Trial 20 finished with value: 4.394657611846924 and parameters: {'gradient_clip_val': 0.5515238067816851, 'hidden_size': 54, 'dropout': 0.3075165300541216, 'hidden_continuous_size': 12, 'attention_head_size': 4, 'learning_rate': 0.048943841095044724}. Best is trial 1 with value: 0.04586878418922424.
[I 2023-12-26 17:57:07,982] Trial 21 finished with value: 4.637549877166748 and parameters: {'gradient_clip_val': 0.6265081427631372, 'hidden_size': 15, 'dropout': 0.4891554324551084, 'hidden_continuous_size': 6, 'attention_head_size': 3, 'learning_rate': 0.0008563571336948878}. Best is trial 1 with value: 0.04586878418922424.
[I 2023-12-26 17:57:10,068] Trial 22 finished with value: 4.996404647827148 and parameters: {'gradient_clip_val': 0.35549131229648107, 'hidden_size': 11, 'dropout': 0.44517761336354256, 'hidden_continuous_size': 6, 'attention_head_size': 3, 'learning_rate': 0.001155844536092122}. Best is trial 1 with value: 0.04586878418922424.
[I 2023-12-26 17:57:11,882] Trial 23 finished with value: 7.403920650482178 and parameters: {'gradient_clip_val': 0.5898904585170044, 'hidden_size': 5, 'dropout': 0.4987864312870865, 'hidden_continuous_size': 5, 'attention_head_size': 3, 'learning_rate': 0.0005260035235509757}. Best is trial 1 with value: 0.04586878418922424.
[I 2023-12-26 17:57:14,413] Trial 24 finished with value: 5.498291492462158 and parameters: {'gradient_clip_val': 0.7890475236834834, 'hidden_size': 28, 'dropout': 0.4167613390380338, 'hidden_continuous_size': 7, 'attention_head_size': 2, 'learning_rate': 0.001740073620209339}. Best is trial 1 with value: 0.04586878418922424.
[I 2023-12-26 17:57:17,332] Trial 25 finished with value: 5.217862606048584 and parameters: {'gradient_clip_val': 0.9916589103775874, 'hidden_size': 40, 'dropout': 0.4668428266027117, 'hidden_continuous_size': 7, 'attention_head_size': 3, 'learning_rate': 0.003921525232430423}. Best is trial 1 with value: 0.04586878418922424.
[I 2023-12-26 17:57:19,431] Trial 26 finished with value: 5.5589776039123535 and parameters: {'gradient_clip_val': 0.41512858155796034, 'hidden_size': 11, 'dropout': 0.4282642584341108, 'hidden_continuous_size': 6, 'attention_head_size': 4, 'learning_rate': 0.0007574564369678225}. Best is trial 1 with value: 0.04586878418922424.
