[I 2023-12-27 11:31:15,345] Trial 3 finished with value: 36.02072525024414 and parameters: {'gradient_clip_val': 0.8484111569004413, 'hidden_size': 132, 'dropout': 0.4043337578779339, 'hidden_continuous_size': 66, 'attention_head_size': 1, 'learning_rate': 0.004337693226285117}. Best is trial 0 with value: 10.22988224029541.
LOCAL_RANK: 0 - CUDA_VISIBLE_DEVICES: [0]
[I 2023-12-27 11:31:15,768] Trial 4 finished with value: 38.23382568359375 and parameters: {'gradient_clip_val': 0.12936566849751027, 'hidden_size': 9, 'dropout': 0.3235607614911382, 'hidden_continuous_size': 8, 'attention_head_size': 1, 'learning_rate': 0.031004840279479702}. Best is trial 0 with value: 10.22988224029541.
LOCAL_RANK: 0 - CUDA_VISIBLE_DEVICES: [0]
[I 2023-12-27 11:31:16,196] Trial 5 finished with value: 33.58467102050781 and parameters: {'gradient_clip_val': 0.4348395526342316, 'hidden_size': 11, 'dropout': 0.34795384138602525, 'hidden_continuous_size': 5, 'attention_head_size': 4, 'learning_rate': 0.023773037452341838}. Best is trial 0 with value: 10.22988224029541.
LOCAL_RANK: 0 - CUDA_VISIBLE_DEVICES: [0]
[I 2023-12-27 11:31:16,705] Trial 6 finished with value: 29.94925880432129 and parameters: {'gradient_clip_val': 0.4336016279906968, 'hidden_size': 103, 'dropout': 0.17928324214524283, 'hidden_continuous_size': 83, 'attention_head_size': 2, 'learning_rate': 0.03181190715918218}. Best is trial 0 with value: 10.22988224029541.
LOCAL_RANK: 0 - CUDA_VISIBLE_DEVICES: [0]
[I 2023-12-27 11:31:17,098] Trial 7 finished with value: 24.75611114501953 and parameters: {'gradient_clip_val': 0.26773491218657813, 'hidden_size': 7, 'dropout': 0.4322821072373647, 'hidden_continuous_size': 7, 'attention_head_size': 1, 'learning_rate': 0.026631056849268375}. Best is trial 0 with value: 10.22988224029541.
LOCAL_RANK: 0 - CUDA_VISIBLE_DEVICES: [0]
[I 2023-12-27 11:31:17,570] Trial 8 finished with value: 41.56613540649414 and parameters: {'gradient_clip_val': 0.9839981615578637, 'hidden_size': 32, 'dropout': 0.34263877969206114, 'hidden_continuous_size': 19, 'attention_head_size': 2, 'learning_rate': 0.011697731973540937}. Best is trial 0 with value: 10.22988224029541.
LOCAL_RANK: 0 - CUDA_VISIBLE_DEVICES: [0]
[I 2023-12-27 11:31:17,970] Trial 9 finished with value: 36.84626388549805 and parameters: {'gradient_clip_val': 0.1459139391705577, 'hidden_size': 5, 'dropout': 0.23701168346657303, 'hidden_continuous_size': 5, 'attention_head_size': 4, 'learning_rate': 0.020566099891405835}. Best is trial 0 with value: 10.22988224029541.
LOCAL_RANK: 0 - CUDA_VISIBLE_DEVICES: [0]
[I 2023-12-27 11:31:18,450] Trial 10 finished with value: 46.23042297363281 and parameters: {'gradient_clip_val': 0.2773395481633565, 'hidden_size': 46, 'dropout': 0.4893704698390758, 'hidden_continuous_size': 14, 'attention_head_size': 3, 'learning_rate': 0.0006740324855680886}. Best is trial 0 with value: 10.22988224029541.
LOCAL_RANK: 0 - CUDA_VISIBLE_DEVICES: [0]
[I 2023-12-27 11:31:18,950] Trial 11 finished with value: 35.127925872802734 and parameters: {'gradient_clip_val': 0.102253180257734, 'hidden_size': 53, 'dropout': 0.4850615843563789, 'hidden_continuous_size': 10, 'attention_head_size': 2, 'learning_rate': 0.09443262198029348}. Best is trial 0 with value: 10.22988224029541.
LOCAL_RANK: 0 - CUDA_VISIBLE_DEVICES: [0]
[I 2023-12-27 11:31:19,400] Trial 12 finished with value: 29.409744262695312 and parameters: {'gradient_clip_val': 0.21836082587252265, 'hidden_size': 19, 'dropout': 0.411030868106556, 'hidden_continuous_size': 6, 'attention_head_size': 1, 'learning_rate': 0.0005993419601976214}. Best is trial 0 with value: 10.22988224029541.
LOCAL_RANK: 0 - CUDA_VISIBLE_DEVICES: [0]
[I 2023-12-27 11:31:19,802] Trial 13 finished with value: 32.43117904663086 and parameters: {'gradient_clip_val': 0.20050377275939052, 'hidden_size': 5, 'dropout': 0.42785645509673476, 'hidden_continuous_size': 5, 'attention_head_size': 1, 'learning_rate': 0.002390549819844298}. Best is trial 0 with value: 10.22988224029541.
LOCAL_RANK: 0 - CUDA_VISIBLE_DEVICES: [0]
[I 2023-12-27 11:31:20,303] Trial 14 finished with value: 37.318302154541016 and parameters: {'gradient_clip_val': 0.38375748317163905, 'hidden_size': 77, 'dropout': 0.4983892502226803, 'hidden_continuous_size': 10, 'attention_head_size': 2, 'learning_rate': 0.0019622525555008535}. Best is trial 0 with value: 10.22988224029541.
LOCAL_RANK: 0 - CUDA_VISIBLE_DEVICES: [0]
[I 2023-12-27 11:31:20,753] Trial 15 finished with value: 25.226404190063477 and parameters: {'gradient_clip_val': 0.5677510117713767, 'hidden_size': 32, 'dropout': 0.3774305898317657, 'hidden_continuous_size': 7, 'attention_head_size': 1, 'learning_rate': 0.0014303546863404625}. Best is trial 0 with value: 10.22988224029541.
LOCAL_RANK: 0 - CUDA_VISIBLE_DEVICES: [0]
[I 2023-12-27 11:31:21,205] Trial 16 finished with value: 32.23432540893555 and parameters: {'gradient_clip_val': 0.3242364713161356, 'hidden_size': 15, 'dropout': 0.44693915826074965, 'hidden_continuous_size': 6, 'attention_head_size': 3, 'learning_rate': 0.004843045685170466}. Best is trial 0 with value: 10.22988224029541.
LOCAL_RANK: 0 - CUDA_VISIBLE_DEVICES: [0]
[I 2023-12-27 11:31:21,945] Trial 17 finished with value: 35.56881332397461 and parameters: {'gradient_clip_val': 0.18557229182899673, 'hidden_size': 21, 'dropout': 0.37329185331832465, 'hidden_continuous_size': 9, 'attention_head_size': 2, 'learning_rate': 0.0008225065295614308}. Best is trial 0 with value: 10.22988224029541.
LOCAL_RANK: 0 - CUDA_VISIBLE_DEVICES: [0]
[I 2023-12-27 11:31:22,401] Trial 18 finished with value: 24.479883193969727 and parameters: {'gradient_clip_val': 0.24059392459933585, 'hidden_size': 13, 'dropout': 0.2842375659129042, 'hidden_continuous_size': 6, 'attention_head_size': 1, 'learning_rate': 0.0011419128671786842}. Best is trial 0 with value: 10.22988224029541.
LOCAL_RANK: 0 - CUDA_VISIBLE_DEVICES: [0]
[I 2023-12-27 11:31:22,896] Trial 19 finished with value: 23.815933227539062 and parameters: {'gradient_clip_val': 0.33759698792558035, 'hidden_size': 26, 'dropout': 0.45215350966927925, 'hidden_continuous_size': 8, 'attention_head_size': 2, 'learning_rate': 0.003298234648035158}. Best is trial 0 with value: 10.22988224029541.
LOCAL_RANK: 0 - CUDA_VISIBLE_DEVICES: [0]
[I 2023-12-27 11:31:23,376] Trial 20 finished with value: 40.31241989135742 and parameters: {'gradient_clip_val': 0.1904248054086431, 'hidden_size': 8, 'dropout': 0.37808970905770195, 'hidden_continuous_size': 5, 'attention_head_size': 1, 'learning_rate': 0.00764189588961349}. Best is trial 0 with value: 10.22988224029541.
LOCAL_RANK: 0 - CUDA_VISIBLE_DEVICES: [0]
[I 2023-12-27 11:31:23,836] Trial 21 finished with value: 25.869661331176758 and parameters: {'gradient_clip_val': 0.33117610471830744, 'hidden_size': 25, 'dropout': 0.4606916179998875, 'hidden_continuous_size': 8, 'attention_head_size': 2, 'learning_rate': 0.0005285038036850093}. Best is trial 0 with value: 10.22988224029541.
LOCAL_RANK: 0 - CUDA_VISIBLE_DEVICES: [0]
[I 2023-12-27 11:31:24,329] Trial 22 finished with value: 27.651763916015625 and parameters: {'gradient_clip_val': 0.2726750911934872, 'hidden_size': 48, 'dropout': 0.457445902295312, 'hidden_continuous_size': 11, 'attention_head_size': 2, 'learning_rate': 0.0031723672938502217}. Best is trial 0 with value: 10.22988224029541.
LOCAL_RANK: 0 - CUDA_VISIBLE_DEVICES: [0]
[I 2023-12-27 11:31:24,783] Trial 23 finished with value: 32.77250671386719 and parameters: {'gradient_clip_val': 0.5817142304180839, 'hidden_size': 71, 'dropout': 0.402030155622154, 'hidden_continuous_size': 13, 'attention_head_size': 1, 'learning_rate': 0.0011405798926258691}. Best is trial 0 with value: 10.22988224029541.
LOCAL_RANK: 0 - CUDA_VISIBLE_DEVICES: [0]
[I 2023-12-27 11:31:25,240] Trial 24 finished with value: 34.696353912353516 and parameters: {'gradient_clip_val': 0.3577923203929207, 'hidden_size': 11, 'dropout': 0.4669976864182044, 'hidden_continuous_size': 6, 'attention_head_size': 3, 'learning_rate': 0.0018464394098317548}. Best is trial 0 with value: 10.22988224029541.
LOCAL_RANK: 0 - CUDA_VISIBLE_DEVICES: [0]
[I 2023-12-27 11:31:25,734] Trial 25 finished with value: 27.000314712524414 and parameters: {'gradient_clip_val': 0.23500425260771382, 'hidden_size': 31, 'dropout': 0.43921270148075564, 'hidden_continuous_size': 8, 'attention_head_size': 2, 'learning_rate': 0.002989903348030717}. Best is trial 0 with value: 10.22988224029541.
LOCAL_RANK: 0 - CUDA_VISIBLE_DEVICES: [0]
[I 2023-12-27 11:31:26,267] Trial 26 finished with value: 34.007293701171875 and parameters: {'gradient_clip_val': 0.2909191929323443, 'hidden_size': 148, 'dropout': 0.4971085123444401, 'hidden_continuous_size': 18, 'attention_head_size': 1, 'learning_rate': 0.0012298624636082707}. Best is trial 0 with value: 10.22988224029541.
LOCAL_RANK: 0 - CUDA_VISIBLE_DEVICES: [0]
[I 2023-12-27 11:31:26,760] Trial 27 finished with value: 37.676387786865234 and parameters: {'gradient_clip_val': 0.39676047060525255, 'hidden_size': 22, 'dropout': 0.4199706453034587, 'hidden_continuous_size': 7, 'attention_head_size': 1, 'learning_rate': 0.0007143553378151111}. Best is trial 0 with value: 10.22988224029541.
LOCAL_RANK: 0 - CUDA_VISIBLE_DEVICES: [0]
[I 2023-12-27 11:31:27,242] Trial 28 finished with value: 30.77381134033203 and parameters: {'gradient_clip_val': 0.49884797798563885, 'hidden_size': 16, 'dropout': 0.46500225684565744, 'hidden_continuous_size': 7, 'attention_head_size': 2, 'learning_rate': 0.005439462091264774}. Best is trial 0 with value: 10.22988224029541.
LOCAL_RANK: 0 - CUDA_VISIBLE_DEVICES: [0]
[I 2023-12-27 11:31:27,734] Trial 29 finished with value: 38.189327239990234 and parameters: {'gradient_clip_val': 0.17858088531227112, 'hidden_size': 18, 'dropout': 0.39279863646128677, 'hidden_continuous_size': 9, 'attention_head_size': 3, 'learning_rate': 0.008792451780545755}. Best is trial 0 with value: 10.22988224029541.
LOCAL_RANK: 0 - CUDA_VISIBLE_DEVICES: [0]
[I 2023-12-27 11:31:28,467] Trial 30 finished with value: 31.731287002563477 and parameters: {'gradient_clip_val': 0.3294242928356355, 'hidden_size': 38, 'dropout': 0.44156873077003417, 'hidden_continuous_size': 11, 'attention_head_size': 1, 'learning_rate': 0.0005016209273483459}. Best is trial 0 with value: 10.22988224029541.
LOCAL_RANK: 0 - CUDA_VISIBLE_DEVICES: [0]
[I 2023-12-27 11:31:28,925] Trial 31 finished with value: 41.03712463378906 and parameters: {'gradient_clip_val': 0.2508228794439514, 'hidden_size': 13, 'dropout': 0.28521015038253744, 'hidden_continuous_size': 6, 'attention_head_size': 1, 'learning_rate': 0.0009466374715112278}. Best is trial 0 with value: 10.22988224029541.
LOCAL_RANK: 0 - CUDA_VISIBLE_DEVICES: [0]
[I 2023-12-27 11:31:29,373] Trial 32 finished with value: 34.315460205078125 and parameters: {'gradient_clip_val': 0.22160990995378052, 'hidden_size': 25, 'dropout': 0.2809894062051918, 'hidden_continuous_size': 6, 'attention_head_size': 1, 'learning_rate': 0.0009224421518839792}. Best is trial 0 with value: 10.22988224029541.
LOCAL_RANK: 0 - CUDA_VISIBLE_DEVICES: [0]
[I 2023-12-27 11:31:29,815] Trial 33 finished with value: 25.574846267700195 and parameters: {'gradient_clip_val': 0.16433926999011897, 'hidden_size': 13, 'dropout': 0.30691803469155776, 'hidden_continuous_size': 5, 'attention_head_size': 1, 'learning_rate': 0.001496305397255175}. Best is trial 0 with value: 10.22988224029541.
LOCAL_RANK: 0 - CUDA_VISIBLE_DEVICES: [0]
[I 2023-12-27 11:31:30,261] Trial 34 finished with value: 41.52956008911133 and parameters: {'gradient_clip_val': 0.1474298144551832, 'hidden_size': 7, 'dropout': 0.4094429875324417, 'hidden_continuous_size': 5, 'attention_head_size': 1, 'learning_rate': 0.0010404916864739406}. Best is trial 0 with value: 10.22988224029541.
LOCAL_RANK: 0 - CUDA_VISIBLE_DEVICES: [0]
[I 2023-12-27 11:31:30,722] Trial 35 finished with value: 33.41963577270508 and parameters: {'gradient_clip_val': 0.29871321151685015, 'hidden_size': 9, 'dropout': 0.3400661360115648, 'hidden_continuous_size': 6, 'attention_head_size': 2, 'learning_rate': 0.0037118953525594896}. Best is trial 0 with value: 10.22988224029541.
LOCAL_RANK: 0 - CUDA_VISIBLE_DEVICES: [0]
[I 2023-12-27 11:31:31,188] Trial 36 finished with value: 33.38003921508789 and parameters: {'gradient_clip_val': 0.2226187232220151, 'hidden_size': 16, 'dropout': 0.36050411162016943, 'hidden_continuous_size': 7, 'attention_head_size': 4, 'learning_rate': 0.0021932890256725615}. Best is trial 0 with value: 10.22988224029541.
LOCAL_RANK: 0 - CUDA_VISIBLE_DEVICES: [0]
[I 2023-12-27 11:31:31,635] Trial 37 finished with value: 34.476192474365234 and parameters: {'gradient_clip_val': 0.12837560317502267, 'hidden_size': 11, 'dropout': 0.39451620881242233, 'hidden_continuous_size': 8, 'attention_head_size': 1, 'learning_rate': 0.0008084974923124026}. Best is trial 0 with value: 10.22988224029541.
LOCAL_RANK: 0 - CUDA_VISIBLE_DEVICES: [0]
[I 2023-12-27 11:31:32,072] Trial 38 finished with value: 30.471853256225586 and parameters: {'gradient_clip_val': 0.23833553932628587, 'hidden_size': 6, 'dropout': 0.42936468288914476, 'hidden_continuous_size': 5, 'attention_head_size': 1, 'learning_rate': 0.001393696588019861}. Best is trial 0 with value: 10.22988224029541.
LOCAL_RANK: 0 - CUDA_VISIBLE_DEVICES: [0]
[I 2023-12-27 11:31:32,565] Trial 39 finished with value: 38.760643005371094 and parameters: {'gradient_clip_val': 0.2651835498805753, 'hidden_size': 9, 'dropout': 0.47604464808079233, 'hidden_continuous_size': 6, 'attention_head_size': 2, 'learning_rate': 0.005931024511361338}. Best is trial 0 with value: 10.22988224029541.
LOCAL_RANK: 0 - CUDA_VISIBLE_DEVICES: [0]
[I 2023-12-27 11:31:33,039] Trial 40 finished with value: 27.003793716430664 and parameters: {'gradient_clip_val': 0.43480150217183927, 'hidden_size': 6, 'dropout': 0.3354230752834843, 'hidden_continuous_size': 5, 'attention_head_size': 1, 'learning_rate': 0.0006938245344739552}. Best is trial 0 with value: 10.22988224029541.
LOCAL_RANK: 0 - CUDA_VISIBLE_DEVICES: [0]
[I 2023-12-27 11:31:33,507] Trial 41 finished with value: 33.557769775390625 and parameters: {'gradient_clip_val': 0.30358200589313655, 'hidden_size': 7, 'dropout': 0.44825619401442734, 'hidden_continuous_size': 6, 'attention_head_size': 1, 'learning_rate': 0.013263774356609526}. Best is trial 0 with value: 10.22988224029541.
LOCAL_RANK: 0 - CUDA_VISIBLE_DEVICES: [0]
[I 2023-12-27 11:31:34,024] Trial 42 finished with value: 31.790212631225586 and parameters: {'gradient_clip_val': 0.26646289539914575, 'hidden_size': 115, 'dropout': 0.42706066181879276, 'hidden_continuous_size': 29, 'attention_head_size': 1, 'learning_rate': 0.046371171545269554}. Best is trial 0 with value: 10.22988224029541.
LOCAL_RANK: 0 - CUDA_VISIBLE_DEVICES: [0]
[I 2023-12-27 11:31:34,451] Trial 43 finished with value: 42.515933990478516 and parameters: {'gradient_clip_val': 0.3707422008137725, 'hidden_size': 5, 'dropout': 0.47919512665089736, 'hidden_continuous_size': 5, 'attention_head_size': 1, 'learning_rate': 0.01634476006698416}. Best is trial 0 with value: 10.22988224029541.
LOCAL_RANK: 0 - CUDA_VISIBLE_DEVICES: [0]
[I 2023-12-27 11:31:35,218] Trial 44 finished with value: 26.3758487701416 and parameters: {'gradient_clip_val': 0.20670166530952136, 'hidden_size': 10, 'dropout': 0.4092907699719223, 'hidden_continuous_size': 7, 'attention_head_size': 1, 'learning_rate': 0.02872500191212134}. Best is trial 0 with value: 10.22988224029541.
LOCAL_RANK: 0 - CUDA_VISIBLE_DEVICES: [0]
[I 2023-12-27 11:31:35,677] Trial 45 finished with value: 40.91218566894531 and parameters: {'gradient_clip_val': 0.2566590939177759, 'hidden_size': 13, 'dropout': 0.4765086924018781, 'hidden_continuous_size': 7, 'attention_head_size': 2, 'learning_rate': 0.009659216942781313}. Best is trial 0 with value: 10.22988224029541.
LOCAL_RANK: 0 - CUDA_VISIBLE_DEVICES: [0]
[I 2023-12-27 11:31:36,161] Trial 46 finished with value: 27.291353225708008 and parameters: {'gradient_clip_val': 0.16694774107401594, 'hidden_size': 8, 'dropout': 0.4391510851681078, 'hidden_continuous_size': 6, 'attention_head_size': 1, 'learning_rate': 0.004306374335997112}. Best is trial 0 with value: 10.22988224029541.
LOCAL_RANK: 0 - CUDA_VISIBLE_DEVICES: [0]
[I 2023-12-27 11:31:36,612] Trial 47 finished with value: 28.26509666442871 and parameters: {'gradient_clip_val': 0.20449426624949646, 'hidden_size': 19, 'dropout': 0.36192239837885487, 'hidden_continuous_size': 8, 'attention_head_size': 2, 'learning_rate': 0.041997733762687055}. Best is trial 0 with value: 10.22988224029541.
LOCAL_RANK: 0 - CUDA_VISIBLE_DEVICES: [0]
[I 2023-12-27 11:31:37,100] Trial 48 finished with value: 26.48504066467285 and parameters: {'gradient_clip_val': 0.3357099325103739, 'hidden_size': 60, 'dropout': 0.24734199332744458, 'hidden_continuous_size': 9, 'attention_head_size': 1, 'learning_rate': 0.02272858378116409}. Best is trial 0 with value: 10.22988224029541.
LOCAL_RANK: 0 - CUDA_VISIBLE_DEVICES: [0]
[I 2023-12-27 11:31:37,605] Trial 49 finished with value: 33.08417892456055 and parameters: {'gradient_clip_val': 0.2881962001053896, 'hidden_size': 95, 'dropout': 0.4908700447890773, 'hidden_continuous_size': 12, 'attention_head_size': 4, 'learning_rate': 0.006734665539071765}. Best is trial 0 with value: 10.22988224029541.
[I 2023-12-27 11:31:37,734] A new study created in memory with name: no-name-4eee7765-2951-4bee-ac2d-d503de610b66
/home/le004/conda/anaconda3/envs/tsff_env/lib/python3.9/site-packages/lightning/fabric/plugins/environments/slurm.py:191: The `srun` command is available on your system but is not used. HINT: If your intention is to run Lightning on SLURM, prepend your python command with `srun` like so: srun python /home/le004/master_thesis/git/TSFusionForecast/code/ ...
LOCAL_RANK: 0 - CUDA_VISIBLE_DEVICES: [0]
[I 2023-12-27 11:32:03,563] Trial 0 finished with value: 3.0868942737579346 and parameters: {'gradient_clip_val': 0.10426639279217056, 'hidden_size': 5, 'dropout': 0.46641294547404566, 'hidden_continuous_size': 5, 'attention_head_size': 3, 'learning_rate': 0.027010145995595022}. Best is trial 0 with value: 3.0868942737579346.
LOCAL_RANK: 0 - CUDA_VISIBLE_DEVICES: [0]
[I 2023-12-27 11:32:13,350] Trial 1 finished with value: 5.937737941741943 and parameters: {'gradient_clip_val': 0.5831657197381761, 'hidden_size': 91, 'dropout': 0.3513817425714425, 'hidden_continuous_size': 10, 'attention_head_size': 4, 'learning_rate': 0.0010885461501415877}. Best is trial 0 with value: 3.0868942737579346.
LOCAL_RANK: 0 - CUDA_VISIBLE_DEVICES: [0]
[I 2023-12-27 11:32:13,752] Trial 2 finished with value: 12.0733060836792 and parameters: {'gradient_clip_val': 0.37505802080261347, 'hidden_size': 9, 'dropout': 0.24997734832021196, 'hidden_continuous_size': 7, 'attention_head_size': 1, 'learning_rate': 0.002775293207692132}. Best is trial 0 with value: 3.0868942737579346.
LOCAL_RANK: 0 - CUDA_VISIBLE_DEVICES: [0]
[I 2023-12-27 11:32:14,161] Trial 3 finished with value: 12.798401832580566 and parameters: {'gradient_clip_val': 0.13439489487013287, 'hidden_size': 7, 'dropout': 0.47615831552259635, 'hidden_continuous_size': 5, 'attention_head_size': 4, 'learning_rate': 0.004022006944538889}. Best is trial 0 with value: 3.0868942737579346.
LOCAL_RANK: 0 - CUDA_VISIBLE_DEVICES: [0]
[I 2023-12-27 11:32:14,846] Trial 4 finished with value: 15.283421516418457 and parameters: {'gradient_clip_val': 0.5582108984942015, 'hidden_size': 12, 'dropout': 0.15521974788293513, 'hidden_continuous_size': 5, 'attention_head_size': 1, 'learning_rate': 0.06683472735231641}. Best is trial 0 with value: 3.0868942737579346.
LOCAL_RANK: 0 - CUDA_VISIBLE_DEVICES: [0]
[I 2023-12-27 11:32:15,248] Trial 5 finished with value: 13.512261390686035 and parameters: {'gradient_clip_val': 0.6589363613523146, 'hidden_size': 13, 'dropout': 0.4465280555964194, 'hidden_continuous_size': 11, 'attention_head_size': 1, 'learning_rate': 0.0027082747112935927}. Best is trial 0 with value: 3.0868942737579346.
LOCAL_RANK: 0 - CUDA_VISIBLE_DEVICES: [0]
[I 2023-12-27 11:32:15,738] Trial 6 finished with value: 16.23760223388672 and parameters: {'gradient_clip_val': 0.30028202384364, 'hidden_size': 143, 'dropout': 0.4474823520736626, 'hidden_continuous_size': 7, 'attention_head_size': 2, 'learning_rate': 0.0005878444605529441}. Best is trial 0 with value: 3.0868942737579346.
LOCAL_RANK: 0 - CUDA_VISIBLE_DEVICES: [0]
[I 2023-12-27 11:32:16,217] Trial 7 finished with value: 13.609489440917969 and parameters: {'gradient_clip_val': 0.3034676013866976, 'hidden_size': 106, 'dropout': 0.28794658924515654, 'hidden_continuous_size': 9, 'attention_head_size': 3, 'learning_rate': 0.0013863961781640892}. Best is trial 0 with value: 3.0868942737579346.
LOCAL_RANK: 0 - CUDA_VISIBLE_DEVICES: [0]
[I 2023-12-27 11:32:16,684] Trial 8 finished with value: 14.566662788391113 and parameters: {'gradient_clip_val': 0.7731513717091582, 'hidden_size': 43, 'dropout': 0.4485027424089044, 'hidden_continuous_size': 22, 'attention_head_size': 4, 'learning_rate': 0.016504206557915506}. Best is trial 0 with value: 3.0868942737579346.
LOCAL_RANK: 0 - CUDA_VISIBLE_DEVICES: [0]
[I 2023-12-27 11:32:17,152] Trial 9 finished with value: 15.846817016601562 and parameters: {'gradient_clip_val': 0.3778515452822704, 'hidden_size': 100, 'dropout': 0.3278399176219656, 'hidden_continuous_size': 22, 'attention_head_size': 4, 'learning_rate': 0.011466862430769728}. Best is trial 0 with value: 3.0868942737579346.
LOCAL_RANK: 0 - CUDA_VISIBLE_DEVICES: [0]
[I 2023-12-27 11:32:17,558] Trial 10 finished with value: 11.4904203414917 and parameters: {'gradient_clip_val': 0.10211441161362683, 'hidden_size': 5, 'dropout': 0.379273112506694, 'hidden_continuous_size': 5, 'attention_head_size': 3, 'learning_rate': 0.03386465329872223}. Best is trial 0 with value: 3.0868942737579346.
LOCAL_RANK: 0 - CUDA_VISIBLE_DEVICES: [0]
