[I 2023-12-26 16:36:23,059] Trial 23 finished with value: 2.9035768508911133 and parameters: {'gradient_clip_val': 0.20113757811437738, 'hidden_size': 24, 'dropout': 0.4175426376941333, 'hidden_continuous_size': 8, 'attention_head_size': 4, 'learning_rate': 0.019850599797071506}. Best is trial 0 with value: 0.12863987684249878.
[I 2023-12-26 16:36:28,612] Trial 24 finished with value: 2.120793342590332 and parameters: {'gradient_clip_val': 0.2964501624727318, 'hidden_size': 94, 'dropout': 0.4641081190400957, 'hidden_continuous_size': 24, 'attention_head_size': 4, 'learning_rate': 0.06378823930533184}. Best is trial 0 with value: 0.12863987684249878.
[I 2023-12-26 16:36:31,976] Trial 25 finished with value: 2.5249767303466797 and parameters: {'gradient_clip_val': 0.13496591306737907, 'hidden_size': 59, 'dropout': 0.4725288014224374, 'hidden_continuous_size': 15, 'attention_head_size': 3, 'learning_rate': 0.09521249499968576}. Best is trial 0 with value: 0.12863987684249878.
[I 2023-12-26 16:36:34,484] Trial 26 finished with value: 2.900362968444824 and parameters: {'gradient_clip_val': 0.4761699543285721, 'hidden_size': 33, 'dropout': 0.4142139239742719, 'hidden_continuous_size': 10, 'attention_head_size': 4, 'learning_rate': 0.03915250447252898}. Best is trial 0 with value: 0.12863987684249878.
[I 2023-12-26 16:36:37,529] Trial 27 finished with value: 2.976625680923462 and parameters: {'gradient_clip_val': 0.12354990129642461, 'hidden_size': 51, 'dropout': 0.4986766093997312, 'hidden_continuous_size': 14, 'attention_head_size': 3, 'learning_rate': 0.023965980403470727}. Best is trial 0 with value: 0.12863987684249878.
[I 2023-12-26 16:36:42,484] Trial 28 finished with value: 3.040154218673706 and parameters: {'gradient_clip_val': 0.16766246375644622, 'hidden_size': 84, 'dropout': 0.4404886721638349, 'hidden_continuous_size': 30, 'attention_head_size': 4, 'learning_rate': 0.0074318697366287535}. Best is trial 0 with value: 0.12863987684249878.
[I 2023-12-26 16:36:44,606] Trial 29 finished with value: 2.5888986587524414 and parameters: {'gradient_clip_val': 0.3387379139085925, 'hidden_size': 19, 'dropout': 0.44457771679224994, 'hidden_continuous_size': 7, 'attention_head_size': 2, 'learning_rate': 0.0657605208403064}. Best is trial 0 with value: 0.12863987684249878.
[I 2023-12-26 16:36:47,014] Trial 30 finished with value: 2.1907289028167725 and parameters: {'gradient_clip_val': 0.26171142739336534, 'hidden_size': 27, 'dropout': 0.46806183405473867, 'hidden_continuous_size': 12, 'attention_head_size': 3, 'learning_rate': 0.047233637422670824}. Best is trial 0 with value: 0.12863987684249878.
[I 2023-12-26 16:36:49,096] Trial 31 finished with value: 3.2887208461761475 and parameters: {'gradient_clip_val': 0.21902440328110853, 'hidden_size': 18, 'dropout': 0.42477541876901337, 'hidden_continuous_size': 10, 'attention_head_size': 2, 'learning_rate': 0.0077080862970832515}. Best is trial 0 with value: 0.12863987684249878.
[I 2023-12-26 16:36:51,642] Trial 32 finished with value: 2.395293951034546 and parameters: {'gradient_clip_val': 0.20206633902339896, 'hidden_size': 25, 'dropout': 0.4374098246233359, 'hidden_continuous_size': 11, 'attention_head_size': 2, 'learning_rate': 0.03676397147966885}. Best is trial 0 with value: 0.12863987684249878.
[I 2023-12-26 16:36:53,694] Trial 33 finished with value: 2.505693197250366 and parameters: {'gradient_clip_val': 0.2379123449124444, 'hidden_size': 14, 'dropout': 0.4486815835116324, 'hidden_continuous_size': 8, 'attention_head_size': 2, 'learning_rate': 0.010155255761288064}. Best is trial 0 with value: 0.12863987684249878.
[I 2023-12-26 16:36:55,681] Trial 34 finished with value: 2.360079050064087 and parameters: {'gradient_clip_val': 0.181758616453472, 'hidden_size': 12, 'dropout': 0.4117960869641808, 'hidden_continuous_size': 7, 'attention_head_size': 1, 'learning_rate': 0.004561820399775226}. Best is trial 0 with value: 0.12863987684249878.
[I 2023-12-26 16:36:57,830] Trial 35 finished with value: 1.963146686553955 and parameters: {'gradient_clip_val': 0.21282368474763752, 'hidden_size': 21, 'dropout': 0.4769056426477979, 'hidden_continuous_size': 9, 'attention_head_size': 1, 'learning_rate': 0.006123379501750293}. Best is trial 0 with value: 0.12863987684249878.
[I 2023-12-26 16:37:00,430] Trial 36 finished with value: 2.9024171829223633 and parameters: {'gradient_clip_val': 0.2650772442209597, 'hidden_size': 38, 'dropout': 0.4467449849847905, 'hidden_continuous_size': 16, 'attention_head_size': 2, 'learning_rate': 0.01580588252060338}. Best is trial 0 with value: 0.12863987684249878.
[I 2023-12-26 16:37:02,278] Trial 37 finished with value: 2.5157222747802734 and parameters: {'gradient_clip_val': 0.39010069134977104, 'hidden_size': 8, 'dropout': 0.3973645740643488, 'hidden_continuous_size': 5, 'attention_head_size': 2, 'learning_rate': 0.003100390413713024}. Best is trial 0 with value: 0.12863987684249878.
[I 2023-12-26 16:37:04,514] Trial 38 finished with value: 2.5371522903442383 and parameters: {'gradient_clip_val': 0.17243679417970176, 'hidden_size': 22, 'dropout': 0.475835835931806, 'hidden_continuous_size': 11, 'attention_head_size': 3, 'learning_rate': 0.040949597103243335}. Best is trial 0 with value: 0.12863987684249878.
[I 2023-12-26 16:37:06,969] Trial 39 finished with value: 1.5507642030715942 and parameters: {'gradient_clip_val': 0.33464810534501205, 'hidden_size': 33, 'dropout': 0.36006516591312177, 'hidden_continuous_size': 14, 'attention_head_size': 1, 'learning_rate': 0.010554481821144913}. Best is trial 0 with value: 0.12863987684249878.
[I 2023-12-26 16:37:09,464] Trial 40 finished with value: 2.515190601348877 and parameters: {'gradient_clip_val': 0.3316432313084609, 'hidden_size': 31, 'dropout': 0.36072085176162827, 'hidden_continuous_size': 13, 'attention_head_size': 1, 'learning_rate': 0.01292501376011862}. Best is trial 0 with value: 0.12863987684249878.
[I 2023-12-26 16:37:13,087] Trial 41 finished with value: 2.6815128326416016 and parameters: {'gradient_clip_val': 0.293981414857651, 'hidden_size': 36, 'dropout': 0.43344695978114967, 'hidden_continuous_size': 17, 'attention_head_size': 1, 'learning_rate': 0.008610636709292257}. Best is trial 0 with value: 0.12863987684249878.
[I 2023-12-26 16:37:15,674] Trial 42 finished with value: 2.420912981033325 and parameters: {'gradient_clip_val': 0.3896696443052229, 'hidden_size': 17, 'dropout': 0.3869162610283066, 'hidden_continuous_size': 10, 'attention_head_size': 1, 'learning_rate': 0.018458406807507793}. Best is trial 0 with value: 0.12863987684249878.
[I 2023-12-26 16:37:18,678] Trial 43 finished with value: 2.683703660964966 and parameters: {'gradient_clip_val': 0.2305691396559194, 'hidden_size': 26, 'dropout': 0.45654432210302565, 'hidden_continuous_size': 12, 'attention_head_size': 2, 'learning_rate': 0.006105382716177766}. Best is trial 0 with value: 0.12863987684249878.
[I 2023-12-26 16:37:21,288] Trial 44 finished with value: 2.43597149848938 and parameters: {'gradient_clip_val': 0.2518739017971346, 'hidden_size': 20, 'dropout': 0.48306011264823356, 'hidden_continuous_size': 8, 'attention_head_size': 1, 'learning_rate': 0.011837145961135153}. Best is trial 0 with value: 0.12863987684249878.
[I 2023-12-26 16:37:24,348] Trial 45 finished with value: 3.2260875701904297 and parameters: {'gradient_clip_val': 0.3197205529548118, 'hidden_size': 47, 'dropout': 0.34015978110479905, 'hidden_continuous_size': 14, 'attention_head_size': 4, 'learning_rate': 0.024368503662726863}. Best is trial 0 with value: 0.12863987684249878.
[I 2023-12-26 16:37:26,753] Trial 46 finished with value: 2.670908212661743 and parameters: {'gradient_clip_val': 0.1120741594379683, 'hidden_size': 30, 'dropout': 0.3994178656105044, 'hidden_continuous_size': 6, 'attention_head_size': 1, 'learning_rate': 0.009464534164024}. Best is trial 0 with value: 0.12863987684249878.
[I 2023-12-26 16:37:29,424] Trial 47 finished with value: 1.8921632766723633 and parameters: {'gradient_clip_val': 0.27618782018347404, 'hidden_size': 39, 'dropout': 0.38153360568108896, 'hidden_continuous_size': 18, 'attention_head_size': 1, 'learning_rate': 0.01505927202111433}. Best is trial 0 with value: 0.12863987684249878.
[I 2023-12-26 16:37:32,674] Trial 48 finished with value: 2.3714447021484375 and parameters: {'gradient_clip_val': 0.4273124944165665, 'hidden_size': 37, 'dropout': 0.37536245126372575, 'hidden_continuous_size': 18, 'attention_head_size': 1, 'learning_rate': 0.029348283516162244}. Best is trial 0 with value: 0.12863987684249878.
[I 2023-12-26 16:37:36,522] Trial 49 finished with value: 2.718912363052368 and parameters: {'gradient_clip_val': 0.34967849848802013, 'hidden_size': 52, 'dropout': 0.319455914018819, 'hidden_continuous_size': 16, 'attention_head_size': 1, 'learning_rate': 0.014790846291657441}. Best is trial 0 with value: 0.12863987684249878.
[I 2023-12-26 16:37:36,658] A new study created in memory with name: no-name-702fa8d6-154e-4ae0-9388-df77a66aef15
/home/le004/conda/anaconda3/envs/tsff_env/lib/python3.9/site-packages/lightning/fabric/plugins/environments/slurm.py:191: The `srun` command is available on your system but is not used. HINT: If your intention is to run Lightning on SLURM, prepend your python command with `srun` like so: srun python /home/le004/master_thesis/git/TSFusionForecast/code/ ...
[I 2023-12-26 16:40:50,341] Trial 0 finished with value: 0.14069771766662598 and parameters: {'gradient_clip_val': 0.3149311492656707, 'hidden_size': 35, 'dropout': 0.3183628005372463, 'hidden_continuous_size': 9, 'attention_head_size': 4, 'learning_rate': 0.008767989268821582}. Best is trial 0 with value: 0.14069771766662598.
[I 2023-12-26 16:40:57,064] Trial 1 finished with value: 3.5466997623443604 and parameters: {'gradient_clip_val': 0.2640135418222262, 'hidden_size': 115, 'dropout': 0.15666833626576412, 'hidden_continuous_size': 9, 'attention_head_size': 4, 'learning_rate': 0.0012754439274998179}. Best is trial 0 with value: 0.14069771766662598.
[I 2023-12-26 16:40:59,736] Trial 2 finished with value: 3.9796273708343506 and parameters: {'gradient_clip_val': 0.5887713372367388, 'hidden_size': 41, 'dropout': 0.4181771816077907, 'hidden_continuous_size': 6, 'attention_head_size': 4, 'learning_rate': 0.07733791573343192}. Best is trial 0 with value: 0.14069771766662598.
[I 2023-12-26 16:41:01,894] Trial 3 finished with value: 3.8502438068389893 and parameters: {'gradient_clip_val': 0.3440987852200974, 'hidden_size': 20, 'dropout': 0.3580339407421663, 'hidden_continuous_size': 11, 'attention_head_size': 3, 'learning_rate': 0.03324477402621597}. Best is trial 0 with value: 0.14069771766662598.
[I 2023-12-26 16:41:04,180] Trial 4 finished with value: 3.2970292568206787 and parameters: {'gradient_clip_val': 0.3047051863527084, 'hidden_size': 23, 'dropout': 0.33319640783946813, 'hidden_continuous_size': 15, 'attention_head_size': 2, 'learning_rate': 0.02607536801787521}. Best is trial 0 with value: 0.14069771766662598.
[I 2023-12-26 16:41:06,256] Trial 5 finished with value: 3.9018304347991943 and parameters: {'gradient_clip_val': 0.23458979585700887, 'hidden_size': 17, 'dropout': 0.24233612225216403, 'hidden_continuous_size': 7, 'attention_head_size': 4, 'learning_rate': 0.05211939098178549}. Best is trial 0 with value: 0.14069771766662598.
[I 2023-12-26 16:41:10,087] Trial 6 finished with value: 2.6311562061309814 and parameters: {'gradient_clip_val': 0.23232761574428212, 'hidden_size': 63, 'dropout': 0.2353628156263856, 'hidden_continuous_size': 39, 'attention_head_size': 4, 'learning_rate': 0.016248925131093706}. Best is trial 0 with value: 0.14069771766662598.
[I 2023-12-26 16:41:13,434] Trial 7 finished with value: 2.9665019512176514 and parameters: {'gradient_clip_val': 0.40412540999706964, 'hidden_size': 55, 'dropout': 0.35602818086145827, 'hidden_continuous_size': 30, 'attention_head_size': 3, 'learning_rate': 0.06545058006440084}. Best is trial 0 with value: 0.14069771766662598.
[I 2023-12-26 16:41:15,469] Trial 8 finished with value: 4.011928081512451 and parameters: {'gradient_clip_val': 0.30834256477628236, 'hidden_size': 18, 'dropout': 0.30462896074057544, 'hidden_continuous_size': 5, 'attention_head_size': 2, 'learning_rate': 0.00088012105343664}. Best is trial 0 with value: 0.14069771766662598.
[I 2023-12-26 16:41:23,834] Trial 9 finished with value: 3.320530891418457 and parameters: {'gradient_clip_val': 0.17380783760040347, 'hidden_size': 138, 'dropout': 0.22353378952263117, 'hidden_continuous_size': 20, 'attention_head_size': 4, 'learning_rate': 0.00830398257833657}. Best is trial 0 with value: 0.14069771766662598.
[I 2023-12-26 16:41:25,724] Trial 10 finished with value: 2.763765335083008 and parameters: {'gradient_clip_val': 0.10438412488826863, 'hidden_size': 7, 'dropout': 0.4639326265124897, 'hidden_continuous_size': 5, 'attention_head_size': 1, 'learning_rate': 0.0027333889720989263}. Best is trial 0 with value: 0.14069771766662598.
[I 2023-12-26 16:41:29,490] Trial 11 finished with value: 4.569122791290283 and parameters: {'gradient_clip_val': 0.9479377115381948, 'hidden_size': 61, 'dropout': 0.24638534369058132, 'hidden_continuous_size': 60, 'attention_head_size': 3, 'learning_rate': 0.01074921964872663}. Best is trial 0 with value: 0.14069771766662598.
[I 2023-12-26 16:41:32,057] Trial 12 finished with value: 3.412959337234497 and parameters: {'gradient_clip_val': 0.17667174567661184, 'hidden_size': 36, 'dropout': 0.12811238459550353, 'hidden_continuous_size': 9, 'attention_head_size': 4, 'learning_rate': 0.013703185449066293}. Best is trial 0 with value: 0.14069771766662598.
[I 2023-12-26 16:41:36,171] Trial 13 finished with value: 3.2621428966522217 and parameters: {'gradient_clip_val': 0.45978378618506993, 'hidden_size': 71, 'dropout': 0.2718040709949848, 'hidden_continuous_size': 35, 'attention_head_size': 3, 'learning_rate': 0.00405458765521292}. Best is trial 0 with value: 0.14069771766662598.
[I 2023-12-26 16:41:41,175] Trial 14 finished with value: 3.7586872577667236 and parameters: {'gradient_clip_val': 0.2152645932977345, 'hidden_size': 87, 'dropout': 0.18708726588829125, 'hidden_continuous_size': 16, 'attention_head_size': 1, 'learning_rate': 0.0191994110851699}. Best is trial 0 with value: 0.14069771766662598.
[I 2023-12-26 16:41:43,749] Trial 15 finished with value: 3.3376007080078125 and parameters: {'gradient_clip_val': 0.49647627455119303, 'hidden_size': 36, 'dropout': 0.2921366007131021, 'hidden_continuous_size': 12, 'attention_head_size': 4, 'learning_rate': 0.005234962340547676}. Best is trial 0 with value: 0.14069771766662598.
[I 2023-12-26 16:41:49,654] Trial 16 finished with value: 2.9989051818847656 and parameters: {'gradient_clip_val': 0.1590131766666879, 'hidden_size': 95, 'dropout': 0.10367697433192175, 'hidden_continuous_size': 59, 'attention_head_size': 2, 'learning_rate': 0.01409688204712897}. Best is trial 0 with value: 0.14069771766662598.
[I 2023-12-26 16:41:52,766] Trial 17 finished with value: 3.5692014694213867 and parameters: {'gradient_clip_val': 0.3701016018409126, 'hidden_size': 53, 'dropout': 0.19621414553395672, 'hidden_continuous_size': 24, 'attention_head_size': 3, 'learning_rate': 0.007620552812101264}. Best is trial 0 with value: 0.14069771766662598.
[I 2023-12-26 16:42:02,898] Trial 18 finished with value: 2.9447669982910156 and parameters: {'gradient_clip_val': 0.2603331366546819, 'hidden_size': 149, 'dropout': 0.4014770881211873, 'hidden_continuous_size': 149, 'attention_head_size': 4, 'learning_rate': 0.030012837815992347}. Best is trial 0 with value: 0.14069771766662598.
[I 2023-12-26 16:42:05,272] Trial 19 finished with value: 3.2216529846191406 and parameters: {'gradient_clip_val': 0.1281767033126459, 'hidden_size': 28, 'dropout': 0.2877230108016605, 'hidden_continuous_size': 7, 'attention_head_size': 3, 'learning_rate': 0.002811971805754586}. Best is trial 0 with value: 0.14069771766662598.
[I 2023-12-26 16:42:09,518] Trial 20 finished with value: 3.5011966228485107 and parameters: {'gradient_clip_val': 0.1978373587492685, 'hidden_size': 76, 'dropout': 0.21217507239195607, 'hidden_continuous_size': 13, 'attention_head_size': 4, 'learning_rate': 0.016388851092315776}. Best is trial 0 with value: 0.14069771766662598.
[I 2023-12-26 16:42:11,565] Trial 21 finished with value: 4.247731685638428 and parameters: {'gradient_clip_val': 0.1324059478336319, 'hidden_size': 8, 'dropout': 0.486961769706196, 'hidden_continuous_size': 5, 'attention_head_size': 1, 'learning_rate': 0.002496092881623776}. Best is trial 0 with value: 0.14069771766662598.
[I 2023-12-26 16:42:13,273] Trial 22 finished with value: 3.673051118850708 and parameters: {'gradient_clip_val': 0.10169644936644763, 'hidden_size': 5, 'dropout': 0.4974673385560181, 'hidden_continuous_size': 5, 'attention_head_size': 1, 'learning_rate': 0.005725937188248783}. Best is trial 0 with value: 0.14069771766662598.
[I 2023-12-26 16:42:15,321] Trial 23 finished with value: 2.9864132404327393 and parameters: {'gradient_clip_val': 0.10188625407454427, 'hidden_size': 13, 'dropout': 0.44072219481061486, 'hidden_continuous_size': 6, 'attention_head_size': 2, 'learning_rate': 0.0005674279454107892}. Best is trial 0 with value: 0.14069771766662598.
[I 2023-12-26 16:42:17,290] Trial 24 finished with value: 4.341969013214111 and parameters: {'gradient_clip_val': 0.2260257678970964, 'hidden_size': 11, 'dropout': 0.32415372585175334, 'hidden_continuous_size': 6, 'attention_head_size': 1, 'learning_rate': 0.008356313846082099}. Best is trial 0 with value: 0.14069771766662598.
[I 2023-12-26 16:42:19,655] Trial 25 finished with value: 3.5999879837036133 and parameters: {'gradient_clip_val': 0.1466867131035275, 'hidden_size': 27, 'dropout': 0.2562248517274878, 'hidden_continuous_size': 9, 'attention_head_size': 2, 'learning_rate': 0.003702691951500972}. Best is trial 0 with value: 0.14069771766662598.
[I 2023-12-26 16:42:22,558] Trial 26 finished with value: 4.144678115844727 and parameters: {'gradient_clip_val': 0.19384209512588976, 'hidden_size': 46, 'dropout': 0.37162199039245447, 'hidden_continuous_size': 10, 'attention_head_size': 3, 'learning_rate': 0.002003309069853722}. Best is trial 0 with value: 0.14069771766662598.
[I 2023-12-26 16:42:25,027] Trial 27 finished with value: 4.748479843139648 and parameters: {'gradient_clip_val': 0.2613815762782269, 'hidden_size': 31, 'dropout': 0.4559521473136384, 'hidden_continuous_size': 8, 'attention_head_size': 1, 'learning_rate': 0.0059243003328932915}. Best is trial 0 with value: 0.14069771766662598.
[I 2023-12-26 16:42:27,846] Trial 28 finished with value: 3.169785261154175 and parameters: {'gradient_clip_val': 0.13647080499518816, 'hidden_size': 43, 'dropout': 0.31418834010274665, 'hidden_continuous_size': 11, 'attention_head_size': 4, 'learning_rate': 0.010963140823599955}. Best is trial 0 with value: 0.14069771766662598.
[I 2023-12-26 16:42:34,452] Trial 29 finished with value: 3.1418731212615967 and parameters: {'gradient_clip_val': 0.30432701026134057, 'hidden_size': 111, 'dropout': 0.1664340111775426, 'hidden_continuous_size': 8, 'attention_head_size': 4, 'learning_rate': 0.0013985257258366931}. Best is trial 0 with value: 0.14069771766662598.
[I 2023-12-26 16:42:36,188] Trial 30 finished with value: 3.304762601852417 and parameters: {'gradient_clip_val': 0.11398080326889078, 'hidden_size': 5, 'dropout': 0.2684486634131385, 'hidden_continuous_size': 5, 'attention_head_size': 2, 'learning_rate': 0.004436788697876996}. Best is trial 0 with value: 0.14069771766662598.
[I 2023-12-26 16:42:46,454] Trial 31 finished with value: 2.726289749145508 and parameters: {'gradient_clip_val': 0.27310131779490676, 'hidden_size': 148, 'dropout': 0.4252435975423906, 'hidden_continuous_size': 141, 'attention_head_size': 4, 'learning_rate': 0.025073220921482193}. Best is trial 0 with value: 0.14069771766662598.
[I 2023-12-26 16:42:53,717] Trial 32 finished with value: 3.346071243286133 and parameters: {'gradient_clip_val': 0.25962776119318953, 'hidden_size': 108, 'dropout': 0.4088300797456767, 'hidden_continuous_size': 107, 'attention_head_size': 4, 'learning_rate': 0.01062175095014817}. Best is trial 0 with value: 0.14069771766662598.
[I 2023-12-26 16:42:58,067] Trial 33 finished with value: 3.52404522895813 and parameters: {'gradient_clip_val': 0.1593040883199728, 'hidden_size': 70, 'dropout': 0.3902580063605957, 'hidden_continuous_size': 18, 'attention_head_size': 4, 'learning_rate': 0.022713211728157136}. Best is trial 0 with value: 0.14069771766662598.
[I 2023-12-26 16:43:05,392] Trial 34 finished with value: 2.527172088623047 and parameters: {'gradient_clip_val': 0.3375606838147281, 'hidden_size': 124, 'dropout': 0.4307101724518208, 'hidden_continuous_size': 13, 'attention_head_size': 4, 'learning_rate': 0.0399293660349258}. Best is trial 0 with value: 0.14069771766662598.
[I 2023-12-26 16:43:13,282] Trial 35 finished with value: 4.439327716827393 and parameters: {'gradient_clip_val': 0.32552658237754123, 'hidden_size': 134, 'dropout': 0.4307494493796031, 'hidden_continuous_size': 14, 'attention_head_size': 4, 'learning_rate': 0.03869560349151634}. Best is trial 0 with value: 0.14069771766662598.
[I 2023-12-26 16:43:18,835] Trial 36 finished with value: 3.7378885746002197 and parameters: {'gradient_clip_val': 0.2966104571712523, 'hidden_size': 95, 'dropout': 0.375725605911759, 'hidden_continuous_size': 16, 'attention_head_size': 4, 'learning_rate': 0.04163699177433805}. Best is trial 0 with value: 0.14069771766662598.
[I 2023-12-26 16:43:25,515] Trial 37 finished with value: 4.051029682159424 and parameters: {'gradient_clip_val': 0.386938263523494, 'hidden_size': 115, 'dropout': 0.4199759683073137, 'hidden_continuous_size': 11, 'attention_head_size': 4, 'learning_rate': 0.02210599129407537}. Best is trial 0 with value: 0.14069771766662598.
