[rank: 0] Seed set to 42
[I 2023-12-15 10:45:09,174] A new study created in memory with name: no-name-c6aff707-2ec3-476d-9ec1-3ffb4005fc9b
/home/le004/conda/anaconda3/envs/tsff_env/lib/python3.9/site-packages/lightning/fabric/plugins/environments/slurm.py:191: The `srun` command is available on your system but is not used. HINT: If your intention is to run Lightning on SLURM, prepend your python command with `srun` like so: srun python /home/le004/master_thesis/git/TSFusionForecast/code/ ...
LOCAL_RANK: 0 - CUDA_VISIBLE_DEVICES: [0]
[I 2023-12-15 10:45:54,151] Trial 0 finished with value: 3.899379014968872 and parameters: {'gradient_clip_val': 0.1302121526131291, 'hidden_size': 10, 'dropout': 0.17537360527614887, 'hidden_continuous_size': 6, 'attention_head_size': 1, 'learning_rate': 0.004038595908149596}. Best is trial 0 with value: 3.899379014968872.
LOCAL_RANK: 0 - CUDA_VISIBLE_DEVICES: [0]
[I 2023-12-15 10:46:27,015] Trial 1 finished with value: 3.181706428527832 and parameters: {'gradient_clip_val': 0.4266988320636825, 'hidden_size': 7, 'dropout': 0.35523589563628943, 'hidden_continuous_size': 7, 'attention_head_size': 2, 'learning_rate': 0.0037240237529419687}. Best is trial 1 with value: 3.181706428527832.
LOCAL_RANK: 0 - CUDA_VISIBLE_DEVICES: [0]
[I 2023-12-15 10:47:19,697] Trial 2 finished with value: 2.22501540184021 and parameters: {'gradient_clip_val': 0.3538466843446551, 'hidden_size': 100, 'dropout': 0.25513902437580177, 'hidden_continuous_size': 15, 'attention_head_size': 1, 'learning_rate': 0.0005968287231765371}. Best is trial 2 with value: 2.22501540184021.
LOCAL_RANK: 0 - CUDA_VISIBLE_DEVICES: [0]
[I 2023-12-15 10:48:03,695] Trial 3 finished with value: 0.1250736117362976 and parameters: {'gradient_clip_val': 0.26061205360989226, 'hidden_size': 7, 'dropout': 0.20923128266476615, 'hidden_continuous_size': 6, 'attention_head_size': 2, 'learning_rate': 0.008006383048584182}. Best is trial 3 with value: 0.1250736117362976.
LOCAL_RANK: 0 - CUDA_VISIBLE_DEVICES: [0]
[I 2023-12-15 10:48:54,403] Trial 4 finished with value: 0.33451423048973083 and parameters: {'gradient_clip_val': 0.7051115116090796, 'hidden_size': 60, 'dropout': 0.36579891982569746, 'hidden_continuous_size': 8, 'attention_head_size': 2, 'learning_rate': 0.028827287124903164}. Best is trial 3 with value: 0.1250736117362976.
LOCAL_RANK: 0 - CUDA_VISIBLE_DEVICES: [0]
[I 2023-12-15 10:49:38,907] Trial 5 finished with value: 2.660329580307007 and parameters: {'gradient_clip_val': 0.11957503155897987, 'hidden_size': 13, 'dropout': 0.2528761669547064, 'hidden_continuous_size': 5, 'attention_head_size': 2, 'learning_rate': 0.000982705440412016}. Best is trial 3 with value: 0.1250736117362976.
LOCAL_RANK: 0 - CUDA_VISIBLE_DEVICES: [0]
[I 2023-12-15 10:50:22,015] Trial 6 finished with value: 1.4527047872543335 and parameters: {'gradient_clip_val': 0.1339354639217981, 'hidden_size': 12, 'dropout': 0.19551632850747097, 'hidden_continuous_size': 7, 'attention_head_size': 1, 'learning_rate': 0.013175785446331387}. Best is trial 3 with value: 0.1250736117362976.
LOCAL_RANK: 0 - CUDA_VISIBLE_DEVICES: [0]
[I 2023-12-15 10:51:05,870] Trial 7 finished with value: 1.5733894109725952 and parameters: {'gradient_clip_val': 0.5911031472879236, 'hidden_size': 7, 'dropout': 0.1234788781099124, 'hidden_continuous_size': 6, 'attention_head_size': 1, 'learning_rate': 0.01265871967929693}. Best is trial 3 with value: 0.1250736117362976.
LOCAL_RANK: 0 - CUDA_VISIBLE_DEVICES: [0]
[I 2023-12-15 10:51:52,393] Trial 8 finished with value: 2.4664700031280518 and parameters: {'gradient_clip_val': 0.2300212626741519, 'hidden_size': 14, 'dropout': 0.15308892015681946, 'hidden_continuous_size': 13, 'attention_head_size': 4, 'learning_rate': 0.004600716207507192}. Best is trial 3 with value: 0.1250736117362976.
LOCAL_RANK: 0 - CUDA_VISIBLE_DEVICES: [0]
[I 2023-12-15 10:52:37,438] Trial 9 finished with value: 2.324842929840088 and parameters: {'gradient_clip_val': 0.23394369923238933, 'hidden_size': 7, 'dropout': 0.30397896068433367, 'hidden_continuous_size': 5, 'attention_head_size': 4, 'learning_rate': 0.0005831803306810843}. Best is trial 3 with value: 0.1250736117362976.
LOCAL_RANK: 0 - CUDA_VISIBLE_DEVICES: [0]
[I 2023-12-15 10:53:11,203] Trial 10 finished with value: 0.6399147510528564 and parameters: {'gradient_clip_val': 0.9979433505963654, 'hidden_size': 5, 'dropout': 0.10141781323277953, 'hidden_continuous_size': 5, 'attention_head_size': 3, 'learning_rate': 0.04009793499751938}. Best is trial 3 with value: 0.1250736117362976.
LOCAL_RANK: 0 - CUDA_VISIBLE_DEVICES: [0]
[I 2023-12-15 10:54:04,074] Trial 11 finished with value: 0.36238670349121094 and parameters: {'gradient_clip_val': 0.6051816998142504, 'hidden_size': 41, 'dropout': 0.39621026120781827, 'hidden_continuous_size': 39, 'attention_head_size': 3, 'learning_rate': 0.07484541264774597}. Best is trial 3 with value: 0.1250736117362976.
LOCAL_RANK: 0 - CUDA_VISIBLE_DEVICES: [0]
[I 2023-12-15 10:54:52,198] Trial 12 finished with value: 1.094396710395813 and parameters: {'gradient_clip_val': 0.25888846531026116, 'hidden_size': 26, 'dropout': 0.3090858631498104, 'hidden_continuous_size': 9, 'attention_head_size': 2, 'learning_rate': 0.029522944127460676}. Best is trial 3 with value: 0.1250736117362976.
LOCAL_RANK: 0 - CUDA_VISIBLE_DEVICES: [0]
[I 2023-12-15 10:55:40,061] Trial 13 finished with value: 2.8493053913116455 and parameters: {'gradient_clip_val': 0.9824771212917698, 'hidden_size': 28, 'dropout': 0.20918813121830188, 'hidden_continuous_size': 9, 'attention_head_size': 3, 'learning_rate': 0.013112539845782836}. Best is trial 3 with value: 0.1250736117362976.
LOCAL_RANK: 0 - CUDA_VISIBLE_DEVICES: [0]
[I 2023-12-15 10:56:32,043] Trial 14 finished with value: 2.9273364543914795 and parameters: {'gradient_clip_val': 0.17627102629649186, 'hidden_size': 55, 'dropout': 0.21251183935998802, 'hidden_continuous_size': 10, 'attention_head_size': 2, 'learning_rate': 0.09527929239906788}. Best is trial 3 with value: 0.1250736117362976.
LOCAL_RANK: 0 - CUDA_VISIBLE_DEVICES: [0]
[I 2023-12-15 10:57:18,046] Trial 15 finished with value: 2.261352300643921 and parameters: {'gradient_clip_val': 0.35080981593555133, 'hidden_size': 20, 'dropout': 0.28843360041318883, 'hidden_continuous_size': 7, 'attention_head_size': 2, 'learning_rate': 0.026703911676936278}. Best is trial 3 with value: 0.1250736117362976.
LOCAL_RANK: 0 - CUDA_VISIBLE_DEVICES: [0]
[I 2023-12-15 10:58:04,668] Trial 16 finished with value: 2.013488531112671 and parameters: {'gradient_clip_val': 0.46599467559768243, 'hidden_size': 19, 'dropout': 0.39950494138686343, 'hidden_continuous_size': 6, 'attention_head_size': 3, 'learning_rate': 0.007307772210548001}. Best is trial 3 with value: 0.1250736117362976.
LOCAL_RANK: 0 - CUDA_VISIBLE_DEVICES: [0]
[I 2023-12-15 10:58:56,085] Trial 17 finished with value: 0.7503406405448914 and parameters: {'gradient_clip_val': 0.10004032722255948, 'hidden_size': 46, 'dropout': 0.34354562686417656, 'hidden_continuous_size': 13, 'attention_head_size': 2, 'learning_rate': 0.0020707755043115257}. Best is trial 3 with value: 0.1250736117362976.
LOCAL_RANK: 0 - CUDA_VISIBLE_DEVICES: [0]
[I 2023-12-15 10:59:50,165] Trial 18 finished with value: 0.1525806188583374 and parameters: {'gradient_clip_val': 0.28983938530395553, 'hidden_size': 89, 'dropout': 0.2296428655490904, 'hidden_continuous_size': 22, 'attention_head_size': 3, 'learning_rate': 0.019320272379099}. Best is trial 3 with value: 0.1250736117362976.
LOCAL_RANK: 0 - CUDA_VISIBLE_DEVICES: [0]
[I 2023-12-15 11:00:45,138] Trial 19 finished with value: 1.7058768272399902 and parameters: {'gradient_clip_val': 0.2860986835767526, 'hidden_size': 94, 'dropout': 0.21606296224363417, 'hidden_continuous_size': 26, 'attention_head_size': 4, 'learning_rate': 0.008328920611778447}. Best is trial 3 with value: 0.1250736117362976.
LOCAL_RANK: 0 - CUDA_VISIBLE_DEVICES: [0]
[I 2023-12-15 11:01:36,627] Trial 20 finished with value: 3.813300371170044 and parameters: {'gradient_clip_val': 0.18231824146068545, 'hidden_size': 37, 'dropout': 0.24512576084375678, 'hidden_continuous_size': 18, 'attention_head_size': 3, 'learning_rate': 0.0022895456507612097}. Best is trial 3 with value: 0.1250736117362976.
LOCAL_RANK: 0 - CUDA_VISIBLE_DEVICES: [0]
[I 2023-12-15 11:02:29,675] Trial 21 finished with value: 0.06293866038322449 and parameters: {'gradient_clip_val': 0.3059602800209193, 'hidden_size': 71, 'dropout': 0.23640360025646215, 'hidden_continuous_size': 21, 'attention_head_size': 2, 'learning_rate': 0.019151379219040473}. Best is trial 21 with value: 0.06293866038322449.
LOCAL_RANK: 0 - CUDA_VISIBLE_DEVICES: [0]
[I 2023-12-15 11:03:22,982] Trial 22 finished with value: 0.713007390499115 and parameters: {'gradient_clip_val': 0.31908967864091925, 'hidden_size': 74, 'dropout': 0.23726840679614217, 'hidden_continuous_size': 24, 'attention_head_size': 3, 'learning_rate': 0.015477833500807064}. Best is trial 21 with value: 0.06293866038322449.
LOCAL_RANK: 0 - CUDA_VISIBLE_DEVICES: [0]
[I 2023-12-15 11:04:16,453] Trial 23 finished with value: 1.4227757453918457 and parameters: {'gradient_clip_val': 0.2859314311250313, 'hidden_size': 78, 'dropout': 0.17866668801850646, 'hidden_continuous_size': 26, 'attention_head_size': 2, 'learning_rate': 0.02025174601874142}. Best is trial 21 with value: 0.06293866038322449.
LOCAL_RANK: 0 - CUDA_VISIBLE_DEVICES: [0]
[I 2023-12-15 11:05:09,475] Trial 24 finished with value: 0.22242343425750732 and parameters: {'gradient_clip_val': 0.2100932171920015, 'hidden_size': 67, 'dropout': 0.27601235627182447, 'hidden_continuous_size': 19, 'attention_head_size': 3, 'learning_rate': 0.009144381369069289}. Best is trial 21 with value: 0.06293866038322449.
LOCAL_RANK: 0 - CUDA_VISIBLE_DEVICES: [0]
[I 2023-12-15 11:06:01,300] Trial 25 finished with value: 1.3660739660263062 and parameters: {'gradient_clip_val': 0.393842154328779, 'hidden_size': 50, 'dropout': 0.23046363983835125, 'hidden_continuous_size': 11, 'attention_head_size': 2, 'learning_rate': 0.042313238314256034}. Best is trial 21 with value: 0.06293866038322449.
LOCAL_RANK: 0 - CUDA_VISIBLE_DEVICES: [0]
[I 2023-12-15 11:06:51,735] Trial 26 finished with value: 1.0257843732833862 and parameters: {'gradient_clip_val': 0.2920053754420854, 'hidden_size': 35, 'dropout': 0.2610023983896654, 'hidden_continuous_size': 16, 'attention_head_size': 1, 'learning_rate': 0.016964936204919213}. Best is trial 21 with value: 0.06293866038322449.
LOCAL_RANK: 0 - CUDA_VISIBLE_DEVICES: [0]
[I 2023-12-15 11:07:48,467] Trial 27 finished with value: 0.5619158744812012 and parameters: {'gradient_clip_val': 0.2465108086423162, 'hidden_size': 85, 'dropout': 0.22587311393166107, 'hidden_continuous_size': 75, 'attention_head_size': 3, 'learning_rate': 0.009630943767620047}. Best is trial 21 with value: 0.06293866038322449.
LOCAL_RANK: 0 - CUDA_VISIBLE_DEVICES: [0]
[I 2023-12-15 11:08:41,897] Trial 28 finished with value: 0.5278540253639221 and parameters: {'gradient_clip_val': 0.31705823901511926, 'hidden_size': 63, 'dropout': 0.1950160192564675, 'hidden_continuous_size': 21, 'attention_head_size': 4, 'learning_rate': 0.005352044318368172}. Best is trial 21 with value: 0.06293866038322449.
LOCAL_RANK: 0 - CUDA_VISIBLE_DEVICES: [0]
[I 2023-12-15 11:09:34,810] Trial 29 finished with value: 2.0769166946411133 and parameters: {'gradient_clip_val': 0.1766019799754339, 'hidden_size': 77, 'dropout': 0.1632214029388791, 'hidden_continuous_size': 32, 'attention_head_size': 1, 'learning_rate': 0.005915570546695645}. Best is trial 21 with value: 0.06293866038322449.
LOCAL_RANK: 0 - CUDA_VISIBLE_DEVICES: [0]
[I 2023-12-15 11:10:26,518] Trial 30 finished with value: 0.5821071267127991 and parameters: {'gradient_clip_val': 0.199983451381008, 'hidden_size': 49, 'dropout': 0.18395334659005877, 'hidden_continuous_size': 12, 'attention_head_size': 2, 'learning_rate': 0.02255301185160081}. Best is trial 21 with value: 0.06293866038322449.
LOCAL_RANK: 0 - CUDA_VISIBLE_DEVICES: [0]
[I 2023-12-15 11:11:19,135] Trial 31 finished with value: 0.4414433538913727 and parameters: {'gradient_clip_val': 0.20984489266045622, 'hidden_size': 72, 'dropout': 0.27044217332716536, 'hidden_continuous_size': 19, 'attention_head_size': 3, 'learning_rate': 0.011037415823856133}. Best is trial 21 with value: 0.06293866038322449.
LOCAL_RANK: 0 - CUDA_VISIBLE_DEVICES: [0]
[I 2023-12-15 11:12:11,836] Trial 32 finished with value: 0.09150370210409164 and parameters: {'gradient_clip_val': 0.2620199712400258, 'hidden_size': 65, 'dropout': 0.27066062378944333, 'hidden_continuous_size': 15, 'attention_head_size': 3, 'learning_rate': 0.007831394321425003}. Best is trial 21 with value: 0.06293866038322449.
LOCAL_RANK: 0 - CUDA_VISIBLE_DEVICES: [0]
[I 2023-12-15 11:13:06,202] Trial 33 finished with value: 0.08753033727407455 and parameters: {'gradient_clip_val': 0.25894019258377515, 'hidden_size': 98, 'dropout': 0.24541548868685314, 'hidden_continuous_size': 14, 'attention_head_size': 3, 'learning_rate': 0.0067624096938264724}. Best is trial 21 with value: 0.06293866038322449.
LOCAL_RANK: 0 - CUDA_VISIBLE_DEVICES: [0]
[I 2023-12-15 11:13:58,546] Trial 34 finished with value: 3.395840883255005 and parameters: {'gradient_clip_val': 0.37570548654917385, 'hidden_size': 58, 'dropout': 0.2500600873066265, 'hidden_continuous_size': 15, 'attention_head_size': 2, 'learning_rate': 0.007174212126022876}. Best is trial 21 with value: 0.06293866038322449.
LOCAL_RANK: 0 - CUDA_VISIBLE_DEVICES: [0]
[I 2023-12-15 11:14:51,500] Trial 35 finished with value: 0.129252627491951 and parameters: {'gradient_clip_val': 0.269236447363404, 'hidden_size': 95, 'dropout': 0.26398800935445416, 'hidden_continuous_size': 10, 'attention_head_size': 2, 'learning_rate': 0.004057613922437034}. Best is trial 21 with value: 0.06293866038322449.
LOCAL_RANK: 0 - CUDA_VISIBLE_DEVICES: [0]
[I 2023-12-15 11:15:45,706] Trial 36 finished with value: 2.8409340381622314 and parameters: {'gradient_clip_val': 0.3403629914693163, 'hidden_size': 100, 'dropout': 0.24264235959003524, 'hidden_continuous_size': 8, 'attention_head_size': 3, 'learning_rate': 0.006442714658348692}. Best is trial 21 with value: 0.06293866038322449.
LOCAL_RANK: 0 - CUDA_VISIBLE_DEVICES: [0]
[I 2023-12-15 11:16:38,300] Trial 37 finished with value: 0.1358310580253601 and parameters: {'gradient_clip_val': 0.421375936711612, 'hidden_size': 63, 'dropout': 0.20185186906206865, 'hidden_continuous_size': 15, 'attention_head_size': 2, 'learning_rate': 0.0033262865708984183}. Best is trial 21 with value: 0.06293866038322449.
LOCAL_RANK: 0 - CUDA_VISIBLE_DEVICES: [0]
[I 2023-12-15 11:17:22,552] Trial 38 finished with value: 2.240283250808716 and parameters: {'gradient_clip_val': 0.2469513243518201, 'hidden_size': 9, 'dropout': 0.21632329641018938, 'hidden_continuous_size': 6, 'attention_head_size': 1, 'learning_rate': 0.010556856481505316}. Best is trial 21 with value: 0.06293866038322449.
LOCAL_RANK: 0 - CUDA_VISIBLE_DEVICES: [0]
[I 2023-12-15 11:18:16,527] Trial 39 finished with value: 2.1437268257141113 and parameters: {'gradient_clip_val': 0.3278514397292141, 'hidden_size': 81, 'dropout': 0.2822417591957193, 'hidden_continuous_size': 12, 'attention_head_size': 4, 'learning_rate': 0.014713124303995247}. Best is trial 21 with value: 0.06293866038322449.
LOCAL_RANK: 0 - CUDA_VISIBLE_DEVICES: [0]
[I 2023-12-15 11:19:09,224] Trial 40 finished with value: 2.111649990081787 and parameters: {'gradient_clip_val': 0.22187256993947083, 'hidden_size': 57, 'dropout': 0.25554456324576463, 'hidden_continuous_size': 15, 'attention_head_size': 2, 'learning_rate': 0.008128361165236235}. Best is trial 21 with value: 0.06293866038322449.
LOCAL_RANK: 0 - CUDA_VISIBLE_DEVICES: [0]
[I 2023-12-15 11:20:01,309] Trial 41 finished with value: 0.16353002190589905 and parameters: {'gradient_clip_val': 0.27503409105646054, 'hidden_size': 96, 'dropout': 0.26038588714932653, 'hidden_continuous_size': 11, 'attention_head_size': 2, 'learning_rate': 0.004539784313193786}. Best is trial 21 with value: 0.06293866038322449.
LOCAL_RANK: 0 - CUDA_VISIBLE_DEVICES: [0]
[I 2023-12-15 11:20:55,331] Trial 42 finished with value: 2.6009461879730225 and parameters: {'gradient_clip_val': 0.245633602411827, 'hidden_size': 99, 'dropout': 0.23619838213540986, 'hidden_continuous_size': 8, 'attention_head_size': 2, 'learning_rate': 0.0038788167285338597}. Best is trial 21 with value: 0.06293866038322449.
LOCAL_RANK: 0 - CUDA_VISIBLE_DEVICES: [0]
[I 2023-12-15 11:21:47,818] Trial 43 finished with value: 2.329141855239868 and parameters: {'gradient_clip_val': 0.2639118200306701, 'hidden_size': 69, 'dropout': 0.2678774379283272, 'hidden_continuous_size': 14, 'attention_head_size': 2, 'learning_rate': 0.004939553018574381}. Best is trial 21 with value: 0.06293866038322449.
LOCAL_RANK: 0 - CUDA_VISIBLE_DEVICES: [0]
[I 2023-12-15 11:22:41,274] Trial 44 finished with value: 0.10223963111639023 and parameters: {'gradient_clip_val': 0.304762152259346, 'hidden_size': 83, 'dropout': 0.29382542862392635, 'hidden_continuous_size': 10, 'attention_head_size': 3, 'learning_rate': 0.006478539420450033}. Best is trial 21 with value: 0.06293866038322449.
LOCAL_RANK: 0 - CUDA_VISIBLE_DEVICES: [0]
[I 2023-12-15 11:23:35,100] Trial 45 finished with value: 0.6306466460227966 and parameters: {'gradient_clip_val': 0.3665379971153837, 'hidden_size': 85, 'dropout': 0.297599619232578, 'hidden_continuous_size': 17, 'attention_head_size': 3, 'learning_rate': 0.01269128486848579}. Best is trial 21 with value: 0.06293866038322449.
LOCAL_RANK: 0 - CUDA_VISIBLE_DEVICES: [0]
[I 2023-12-15 11:24:26,615] Trial 46 finished with value: 4.590840816497803 and parameters: {'gradient_clip_val': 0.3122419117686183, 'hidden_size': 67, 'dropout': 0.3132696994179157, 'hidden_continuous_size': 7, 'attention_head_size': 3, 'learning_rate': 0.006519729003229042}. Best is trial 21 with value: 0.06293866038322449.
LOCAL_RANK: 0 - CUDA_VISIBLE_DEVICES: [0]
[I 2023-12-15 11:25:12,431] Trial 47 finished with value: 2.4111697673797607 and parameters: {'gradient_clip_val': 0.24060369428968206, 'hidden_size': 17, 'dropout': 0.28351849462185186, 'hidden_continuous_size': 5, 'attention_head_size': 3, 'learning_rate': 0.010698749300923297}. Best is trial 21 with value: 0.06293866038322449.
LOCAL_RANK: 0 - CUDA_VISIBLE_DEVICES: [0]
[I 2023-12-15 11:25:46,617] Trial 48 finished with value: 2.238478899002075 and parameters: {'gradient_clip_val': 0.154948367153815, 'hidden_size': 5, 'dropout': 0.25192268100257925, 'hidden_continuous_size': 5, 'attention_head_size': 4, 'learning_rate': 0.00812716089491786}. Best is trial 21 with value: 0.06293866038322449.
LOCAL_RANK: 0 - CUDA_VISIBLE_DEVICES: [0]
[I 2023-12-15 11:26:39,113] Trial 49 finished with value: 1.6887588500976562 and parameters: {'gradient_clip_val': 0.2260796361456564, 'hidden_size': 54, 'dropout': 0.29475641866328306, 'hidden_continuous_size': 13, 'attention_head_size': 3, 'learning_rate': 0.012783817633240246}. Best is trial 21 with value: 0.06293866038322449.
[I 2023-12-15 11:26:39,209] A new study created in memory with name: no-name-1842e633-0d2b-4819-b0b4-9d801ce58d62
/home/le004/conda/anaconda3/envs/tsff_env/lib/python3.9/site-packages/lightning/fabric/plugins/environments/slurm.py:191: The `srun` command is available on your system but is not used. HINT: If your intention is to run Lightning on SLURM, prepend your python command with `srun` like so: srun python /home/le004/master_thesis/git/TSFusionForecast/code/ ...
LOCAL_RANK: 0 - CUDA_VISIBLE_DEVICES: [0]
[I 2023-12-15 11:27:34,827] Trial 0 finished with value: 0.6564667820930481 and parameters: {'gradient_clip_val': 0.7345301680720037, 'hidden_size': 80, 'dropout': 0.38900267930882815, 'hidden_continuous_size': 69, 'attention_head_size': 1, 'learning_rate': 0.0066238506781214745}. Best is trial 0 with value: 0.6564667820930481.
LOCAL_RANK: 0 - CUDA_VISIBLE_DEVICES: [0]
[I 2023-12-15 11:28:18,752] Trial 1 finished with value: 1.6371742486953735 and parameters: {'gradient_clip_val': 0.20109776221199346, 'hidden_size': 7, 'dropout': 0.16624057133358394, 'hidden_continuous_size': 5, 'attention_head_size': 1, 'learning_rate': 0.008105083665655722}. Best is trial 0 with value: 0.6564667820930481.
LOCAL_RANK: 0 - CUDA_VISIBLE_DEVICES: [0]
[I 2023-12-15 11:29:03,591] Trial 2 finished with value: 1.5487074851989746 and parameters: {'gradient_clip_val': 0.1577981289559272, 'hidden_size': 10, 'dropout': 0.13371801756445856, 'hidden_continuous_size': 7, 'attention_head_size': 2, 'learning_rate': 0.0014683622242832796}. Best is trial 0 with value: 0.6564667820930481.
LOCAL_RANK: 0 - CUDA_VISIBLE_DEVICES: [0]
[I 2023-12-15 11:29:50,711] Trial 3 finished with value: 1.8161596059799194 and parameters: {'gradient_clip_val': 0.5753751912107676, 'hidden_size': 20, 'dropout': 0.2245637808438634, 'hidden_continuous_size': 17, 'attention_head_size': 2, 'learning_rate': 0.07950514291613908}. Best is trial 0 with value: 0.6564667820930481.
LOCAL_RANK: 0 - CUDA_VISIBLE_DEVICES: [0]
[I 2023-12-15 11:30:35,821] Trial 4 finished with value: 0.778148353099823 and parameters: {'gradient_clip_val': 0.2561605174199174, 'hidden_size': 6, 'dropout': 0.3212634788638511, 'hidden_continuous_size': 5, 'attention_head_size': 4, 'learning_rate': 0.009202776622367723}. Best is trial 0 with value: 0.6564667820930481.
LOCAL_RANK: 0 - CUDA_VISIBLE_DEVICES: [0]
[I 2023-12-15 11:31:20,751] Trial 5 finished with value: 0.7350147366523743 and parameters: {'gradient_clip_val': 0.16036386831668814, 'hidden_size': 9, 'dropout': 0.13019040568404183, 'hidden_continuous_size': 8, 'attention_head_size': 2, 'learning_rate': 0.002391396091453395}. Best is trial 0 with value: 0.6564667820930481.
LOCAL_RANK: 0 - CUDA_VISIBLE_DEVICES: [0]
