[I 2023-12-26 11:46:14,502] Trial 29 finished with value: 5873.50146484375 and parameters: {'gradient_clip_val': 0.5333898449822508, 'hidden_size': 30, 'dropout': 0.13146861008933855, 'hidden_continuous_size': 12, 'attention_head_size': 1, 'learning_rate': 0.003594748893803551}. Best is trial 0 with value: 1001.9214477539062.
[I 2023-12-26 11:46:17,798] Trial 30 finished with value: 5225.208984375 and parameters: {'gradient_clip_val': 0.2875598521519986, 'hidden_size': 21, 'dropout': 0.1018143888870742, 'hidden_continuous_size': 14, 'attention_head_size': 4, 'learning_rate': 0.010103775640739136}. Best is trial 0 with value: 1001.9214477539062.
[I 2023-12-26 11:46:21,240] Trial 31 finished with value: 6028.77880859375 and parameters: {'gradient_clip_val': 0.15240071733168364, 'hidden_size': 31, 'dropout': 0.31400659003700954, 'hidden_continuous_size': 14, 'attention_head_size': 3, 'learning_rate': 0.0008226325813008142}. Best is trial 0 with value: 1001.9214477539062.
[I 2023-12-26 11:46:24,917] Trial 32 finished with value: 4543.47900390625 and parameters: {'gradient_clip_val': 0.4181602381685758, 'hidden_size': 40, 'dropout': 0.3594314000339009, 'hidden_continuous_size': 20, 'attention_head_size': 3, 'learning_rate': 0.002022466624000052}. Best is trial 0 with value: 1001.9214477539062.
[I 2023-12-26 11:46:30,415] Trial 33 finished with value: 4999.73583984375 and parameters: {'gradient_clip_val': 0.3573492573609563, 'hidden_size': 57, 'dropout': 0.3298311369748605, 'hidden_continuous_size': 51, 'attention_head_size': 3, 'learning_rate': 0.0005186645616494461}. Best is trial 0 with value: 1001.9214477539062.
[I 2023-12-26 11:46:33,560] Trial 34 finished with value: 5407.716796875 and parameters: {'gradient_clip_val': 0.49606775200304365, 'hidden_size': 27, 'dropout': 0.3842873174806461, 'hidden_continuous_size': 10, 'attention_head_size': 3, 'learning_rate': 0.0009258824287554433}. Best is trial 0 with value: 1001.9214477539062.
[I 2023-12-26 11:46:36,738] Trial 35 finished with value: 5047.51611328125 and parameters: {'gradient_clip_val': 0.4118588790870183, 'hidden_size': 32, 'dropout': 0.3444472724112553, 'hidden_continuous_size': 14, 'attention_head_size': 1, 'learning_rate': 0.001764599377584209}. Best is trial 0 with value: 1001.9214477539062.
[I 2023-12-26 11:46:39,331] Trial 36 finished with value: 5361.13427734375 and parameters: {'gradient_clip_val': 0.37127620478906265, 'hidden_size': 18, 'dropout': 0.29037381853962035, 'hidden_continuous_size': 8, 'attention_head_size': 2, 'learning_rate': 0.0012806955917365227}. Best is trial 0 with value: 1001.9214477539062.
[I 2023-12-26 11:46:45,339] Trial 37 finished with value: 5868.16015625 and parameters: {'gradient_clip_val': 0.3349228389703527, 'hidden_size': 72, 'dropout': 0.4502377717978227, 'hidden_continuous_size': 20, 'attention_head_size': 3, 'learning_rate': 0.00278388396788385}. Best is trial 0 with value: 1001.9214477539062.
[I 2023-12-26 11:46:49,212] Trial 38 finished with value: 5753.45947265625 and parameters: {'gradient_clip_val': 0.5918297919974038, 'hidden_size': 38, 'dropout': 0.32222566830804156, 'hidden_continuous_size': 11, 'attention_head_size': 4, 'learning_rate': 0.0009727893880933789}. Best is trial 0 with value: 1001.9214477539062.
[I 2023-12-26 11:46:52,049] Trial 39 finished with value: 5721.17138671875 and parameters: {'gradient_clip_val': 0.44122400264255685, 'hidden_size': 24, 'dropout': 0.34561177154660133, 'hidden_continuous_size': 13, 'attention_head_size': 2, 'learning_rate': 0.0013722816807958589}. Best is trial 0 with value: 1001.9214477539062.
[I 2023-12-26 11:46:54,640] Trial 40 finished with value: 5442.15576171875 and parameters: {'gradient_clip_val': 0.5072811100944896, 'hidden_size': 18, 'dropout': 0.39801459481937834, 'hidden_continuous_size': 8, 'attention_head_size': 4, 'learning_rate': 0.0007583690288792965}. Best is trial 0 with value: 1001.9214477539062.
[I 2023-12-26 11:46:57,757] Trial 41 finished with value: 4697.6796875 and parameters: {'gradient_clip_val': 0.1997105607460146, 'hidden_size': 22, 'dropout': 0.2985704161423016, 'hidden_continuous_size': 11, 'attention_head_size': 2, 'learning_rate': 0.004365678031201932}. Best is trial 0 with value: 1001.9214477539062.
[I 2023-12-26 11:47:00,833] Trial 42 finished with value: 4283.4892578125 and parameters: {'gradient_clip_val': 0.2692704691541048, 'hidden_size': 28, 'dropout': 0.3061173366681791, 'hidden_continuous_size': 9, 'attention_head_size': 2, 'learning_rate': 0.0035288464071740596}. Best is trial 0 with value: 1001.9214477539062.
[I 2023-12-26 11:47:03,844] Trial 43 finished with value: 5703.69091796875 and parameters: {'gradient_clip_val': 0.27262543448659055, 'hidden_size': 27, 'dropout': 0.3317623810693727, 'hidden_continuous_size': 10, 'attention_head_size': 2, 'learning_rate': 0.0028155524914857157}. Best is trial 0 with value: 1001.9214477539062.
[I 2023-12-26 11:47:07,943] Trial 44 finished with value: 5589.99462890625 and parameters: {'gradient_clip_val': 0.3072024307811154, 'hidden_size': 44, 'dropout': 0.3589618086613206, 'hidden_continuous_size': 13, 'attention_head_size': 1, 'learning_rate': 0.001148165257770883}. Best is trial 0 with value: 1001.9214477539062.
[I 2023-12-26 11:47:11,262] Trial 45 finished with value: 6069.63671875 and parameters: {'gradient_clip_val': 0.3327687343519465, 'hidden_size': 31, 'dropout': 0.2531448378685942, 'hidden_continuous_size': 9, 'attention_head_size': 3, 'learning_rate': 0.0014421642051333132}. Best is trial 0 with value: 1001.9214477539062.
[I 2023-12-26 11:47:13,659] Trial 46 finished with value: 4483.07177734375 and parameters: {'gradient_clip_val': 0.3849851569242104, 'hidden_size': 16, 'dropout': 0.30145162637463707, 'hidden_continuous_size': 7, 'attention_head_size': 3, 'learning_rate': 0.0258196310301468}. Best is trial 0 with value: 1001.9214477539062.
[I 2023-12-26 11:47:16,765] Trial 47 finished with value: 4396.90966796875 and parameters: {'gradient_clip_val': 0.2602123733551642, 'hidden_size': 28, 'dropout': 0.37688034423548594, 'hidden_continuous_size': 10, 'attention_head_size': 2, 'learning_rate': 0.004733929842674521}. Best is trial 0 with value: 1001.9214477539062.
[I 2023-12-26 11:47:20,262] Trial 48 finished with value: 5699.33544921875 and parameters: {'gradient_clip_val': 0.6283950655216487, 'hidden_size': 35, 'dropout': 0.32116076940064076, 'hidden_continuous_size': 6, 'attention_head_size': 3, 'learning_rate': 0.006891716272239205}. Best is trial 0 with value: 1001.9214477539062.
[I 2023-12-26 11:47:23,223] Trial 49 finished with value: 3749.0703125 and parameters: {'gradient_clip_val': 0.35306109014709275, 'hidden_size': 25, 'dropout': 0.2646062201921988, 'hidden_continuous_size': 9, 'attention_head_size': 2, 'learning_rate': 0.0033622065424136283}. Best is trial 0 with value: 1001.9214477539062.
[I 2023-12-26 11:47:23,376] A new study created in memory with name: no-name-f330069c-01c1-4dea-bead-4d9f39eb8280
/home/le004/conda/anaconda3/envs/tsff_env/lib/python3.9/site-packages/lightning/fabric/plugins/environments/slurm.py:191: The `srun` command is available on your system but is not used. HINT: If your intention is to run Lightning on SLURM, prepend your python command with `srun` like so: srun python /home/le004/master_thesis/git/TSFusionForecast/code/ ...
[I 2023-12-26 11:50:32,674] Trial 0 finished with value: 5.597046375274658 and parameters: {'gradient_clip_val': 0.4833861946378561, 'hidden_size': 8, 'dropout': 0.48877253320471814, 'hidden_continuous_size': 5, 'attention_head_size': 1, 'learning_rate': 0.003387414347644456}. Best is trial 0 with value: 5.597046375274658.
[I 2023-12-26 11:50:40,667] Trial 1 finished with value: 24.995264053344727 and parameters: {'gradient_clip_val': 0.28982373963329244, 'hidden_size': 97, 'dropout': 0.466256820101281, 'hidden_continuous_size': 26, 'attention_head_size': 2, 'learning_rate': 0.0093453212219335}. Best is trial 0 with value: 5.597046375274658.
[I 2023-12-26 11:50:43,019] Trial 2 finished with value: 20.302461624145508 and parameters: {'gradient_clip_val': 0.19020434982042175, 'hidden_size': 9, 'dropout': 0.45274528902219335, 'hidden_continuous_size': 5, 'attention_head_size': 2, 'learning_rate': 0.027439514385573033}. Best is trial 0 with value: 5.597046375274658.
[I 2023-12-26 11:50:46,072] Trial 3 finished with value: 31.780332565307617 and parameters: {'gradient_clip_val': 0.9265458323190175, 'hidden_size': 27, 'dropout': 0.39277750481099427, 'hidden_continuous_size': 12, 'attention_head_size': 1, 'learning_rate': 0.04119765733350169}. Best is trial 0 with value: 5.597046375274658.
[I 2023-12-26 11:50:48,729] Trial 4 finished with value: 12.198528289794922 and parameters: {'gradient_clip_val': 0.815190882797799, 'hidden_size': 19, 'dropout': 0.33554111484127863, 'hidden_continuous_size': 8, 'attention_head_size': 3, 'learning_rate': 0.015634066630173183}. Best is trial 0 with value: 5.597046375274658.
[I 2023-12-26 11:50:51,660] Trial 5 finished with value: 28.057342529296875 and parameters: {'gradient_clip_val': 0.139598658375882, 'hidden_size': 26, 'dropout': 0.264020692704254, 'hidden_continuous_size': 12, 'attention_head_size': 1, 'learning_rate': 0.0009534637598500182}. Best is trial 0 with value: 5.597046375274658.
[I 2023-12-26 11:50:55,687] Trial 6 finished with value: 17.06707191467285 and parameters: {'gradient_clip_val': 0.37866472765121134, 'hidden_size': 41, 'dropout': 0.4909442196262692, 'hidden_continuous_size': 27, 'attention_head_size': 1, 'learning_rate': 0.00407542375376688}. Best is trial 0 with value: 5.597046375274658.
[I 2023-12-26 11:50:57,867] Trial 7 finished with value: 20.734764099121094 and parameters: {'gradient_clip_val': 0.5541117768350965, 'hidden_size': 7, 'dropout': 0.4015968648010484, 'hidden_continuous_size': 7, 'attention_head_size': 3, 'learning_rate': 0.007189807343974295}. Best is trial 0 with value: 5.597046375274658.
[I 2023-12-26 11:51:01,393] Trial 8 finished with value: 21.449010848999023 and parameters: {'gradient_clip_val': 0.29233830994904997, 'hidden_size': 40, 'dropout': 0.1237848427061067, 'hidden_continuous_size': 10, 'attention_head_size': 1, 'learning_rate': 0.06528765691405504}. Best is trial 0 with value: 5.597046375274658.
[I 2023-12-26 11:51:03,778] Trial 9 finished with value: 14.647318840026855 and parameters: {'gradient_clip_val': 0.1830117428797034, 'hidden_size': 11, 'dropout': 0.24672325220215421, 'hidden_continuous_size': 8, 'attention_head_size': 3, 'learning_rate': 0.01089760126877198}. Best is trial 0 with value: 5.597046375274658.
[I 2023-12-26 11:51:05,933] Trial 10 finished with value: 15.56414794921875 and parameters: {'gradient_clip_val': 0.5123578686149026, 'hidden_size': 5, 'dropout': 0.4940450255176657, 'hidden_continuous_size': 5, 'attention_head_size': 4, 'learning_rate': 0.002531873006003584}. Best is trial 0 with value: 5.597046375274658.
[I 2023-12-26 11:51:08,535] Trial 11 finished with value: 18.47886848449707 and parameters: {'gradient_clip_val': 0.8613598847515408, 'hidden_size': 14, 'dropout': 0.3487447639382919, 'hidden_continuous_size': 6, 'attention_head_size': 4, 'learning_rate': 0.01856693183710702}. Best is trial 0 with value: 5.597046375274658.
[I 2023-12-26 11:51:10,629] Trial 12 finished with value: 14.205421447753906 and parameters: {'gradient_clip_val': 0.6362689656078337, 'hidden_size': 5, 'dropout': 0.35284813304995893, 'hidden_continuous_size': 5, 'attention_head_size': 3, 'learning_rate': 0.0025851004459425597}. Best is trial 0 with value: 5.597046375274658.
[I 2023-12-26 11:51:13,212] Trial 13 finished with value: 22.4929141998291 and parameters: {'gradient_clip_val': 0.9889872999461016, 'hidden_size': 15, 'dropout': 0.30455193096242916, 'hidden_continuous_size': 6, 'attention_head_size': 2, 'learning_rate': 0.017375452476979476}. Best is trial 0 with value: 5.597046375274658.
[I 2023-12-26 11:51:15,826] Trial 14 finished with value: 22.800947189331055 and parameters: {'gradient_clip_val': 0.721773012932748, 'hidden_size': 17, 'dropout': 0.4227092722847016, 'hidden_continuous_size': 7, 'attention_head_size': 3, 'learning_rate': 0.08503207854112954}. Best is trial 0 with value: 5.597046375274658.
[I 2023-12-26 11:51:18,081] Trial 15 finished with value: 14.524590492248535 and parameters: {'gradient_clip_val': 0.4529668756922548, 'hidden_size': 8, 'dropout': 0.4323489655523093, 'hidden_continuous_size': 5, 'attention_head_size': 2, 'learning_rate': 0.004575584139050419}. Best is trial 0 with value: 5.597046375274658.
[I 2023-12-26 11:51:20,489] Trial 16 finished with value: 18.839622497558594 and parameters: {'gradient_clip_val': 0.6874085107353045, 'hidden_size': 11, 'dropout': 0.3572985865278875, 'hidden_continuous_size': 6, 'attention_head_size': 4, 'learning_rate': 0.0005186265964301805}. Best is trial 0 with value: 5.597046375274658.
[I 2023-12-26 11:51:22,780] Trial 17 finished with value: 18.381092071533203 and parameters: {'gradient_clip_val': 0.40810307812693675, 'hidden_size': 6, 'dropout': 0.4513513125550572, 'hidden_continuous_size': 5, 'attention_head_size': 2, 'learning_rate': 0.012210203644192263}. Best is trial 0 with value: 5.597046375274658.
[I 2023-12-26 11:51:25,368] Trial 18 finished with value: 19.70277214050293 and parameters: {'gradient_clip_val': 0.5775231706444109, 'hidden_size': 8, 'dropout': 0.49324613411810236, 'hidden_continuous_size': 5, 'attention_head_size': 3, 'learning_rate': 0.032088818493136516}. Best is trial 0 with value: 5.597046375274658.
[I 2023-12-26 11:51:28,009] Trial 19 finished with value: 29.44612693786621 and parameters: {'gradient_clip_val': 0.7636862202486471, 'hidden_size': 18, 'dropout': 0.39193753098070533, 'hidden_continuous_size': 9, 'attention_head_size': 4, 'learning_rate': 0.005098249785210419}. Best is trial 0 with value: 5.597046375274658.
[I 2023-12-26 11:51:30,000] Trial 20 finished with value: 29.651718139648438 and parameters: {'gradient_clip_val': 0.7920706021616274, 'hidden_size': 5, 'dropout': 0.2962994733291061, 'hidden_continuous_size': 5, 'attention_head_size': 1, 'learning_rate': 0.002460383339690492}. Best is trial 0 with value: 5.597046375274658.
[I 2023-12-26 11:51:32,186] Trial 21 finished with value: 16.3808536529541 and parameters: {'gradient_clip_val': 0.6241489002041961, 'hidden_size': 5, 'dropout': 0.3597092834064346, 'hidden_continuous_size': 5, 'attention_head_size': 3, 'learning_rate': 0.002160688099434025}. Best is trial 0 with value: 5.597046375274658.
[I 2023-12-26 11:51:34,478] Trial 22 finished with value: 23.294164657592773 and parameters: {'gradient_clip_val': 0.6336585162799492, 'hidden_size': 6, 'dropout': 0.322528205935762, 'hidden_continuous_size': 5, 'attention_head_size': 3, 'learning_rate': 0.0014833371218186755}. Best is trial 0 with value: 5.597046375274658.
[I 2023-12-26 11:51:36,922] Trial 23 finished with value: 22.900306701660156 and parameters: {'gradient_clip_val': 0.49509689386945605, 'hidden_size': 11, 'dropout': 0.41888900515736704, 'hidden_continuous_size': 6, 'attention_head_size': 3, 'learning_rate': 0.005898730279758635}. Best is trial 0 with value: 5.597046375274658.
[I 2023-12-26 11:51:39,268] Trial 24 finished with value: 25.424291610717773 and parameters: {'gradient_clip_val': 0.741417155948199, 'hidden_size': 7, 'dropout': 0.37897931333348606, 'hidden_continuous_size': 5, 'attention_head_size': 2, 'learning_rate': 0.003991222226731026}. Best is trial 0 with value: 5.597046375274658.
[I 2023-12-26 11:51:41,717] Trial 25 finished with value: 19.803388595581055 and parameters: {'gradient_clip_val': 0.9786359257163725, 'hidden_size': 9, 'dropout': 0.434131960365271, 'hidden_continuous_size': 6, 'attention_head_size': 3, 'learning_rate': 0.008558796222929583}. Best is trial 0 with value: 5.597046375274658.
[I 2023-12-26 11:51:43,805] Trial 26 finished with value: 18.886545181274414 and parameters: {'gradient_clip_val': 0.5942704455133113, 'hidden_size': 5, 'dropout': 0.3315938055660033, 'hidden_continuous_size': 5, 'attention_head_size': 4, 'learning_rate': 0.003230078126677052}. Best is trial 0 with value: 5.597046375274658.
[I 2023-12-26 11:51:46,113] Trial 27 finished with value: 19.58832359313965 and parameters: {'gradient_clip_val': 0.36700304881656853, 'hidden_size': 7, 'dropout': 0.36479312934418345, 'hidden_continuous_size': 5, 'attention_head_size': 2, 'learning_rate': 0.006671500596567607}. Best is trial 0 with value: 5.597046375274658.
[I 2023-12-26 11:51:48,663] Trial 28 finished with value: 22.204607009887695 and parameters: {'gradient_clip_val': 0.4700068621553456, 'hidden_size': 11, 'dropout': 0.3931548695916628, 'hidden_continuous_size': 7, 'attention_head_size': 3, 'learning_rate': 0.0014238967152296444}. Best is trial 0 with value: 5.597046375274658.
[I 2023-12-26 11:51:55,391] Trial 29 finished with value: 16.88929557800293 and parameters: {'gradient_clip_val': 0.34760575285820167, 'hidden_size': 74, 'dropout': 0.4545568840907939, 'hidden_continuous_size': 18, 'attention_head_size': 2, 'learning_rate': 0.008689724025499026}. Best is trial 0 with value: 5.597046375274658.
[I 2023-12-26 11:51:57,716] Trial 30 finished with value: 18.120450973510742 and parameters: {'gradient_clip_val': 0.6667743564552804, 'hidden_size': 6, 'dropout': 0.4810771056415194, 'hidden_continuous_size': 5, 'attention_head_size': 3, 'learning_rate': 0.003296429774144083}. Best is trial 0 with value: 5.597046375274658.
[I 2023-12-26 11:52:00,025] Trial 31 finished with value: 18.610715866088867 and parameters: {'gradient_clip_val': 0.4450373064611759, 'hidden_size': 9, 'dropout': 0.4645507517182773, 'hidden_continuous_size': 6, 'attention_head_size': 1, 'learning_rate': 0.0040463856296953545}. Best is trial 0 with value: 5.597046375274658.
[I 2023-12-26 11:52:02,229] Trial 32 finished with value: 23.493635177612305 and parameters: {'gradient_clip_val': 0.45008848631715653, 'hidden_size': 8, 'dropout': 0.43095428030769617, 'hidden_continuous_size': 5, 'attention_head_size': 2, 'learning_rate': 0.004575605432802396}. Best is trial 0 with value: 5.597046375274658.
[I 2023-12-26 11:52:04,647] Trial 33 finished with value: 17.263439178466797 and parameters: {'gradient_clip_val': 0.5395591509510321, 'hidden_size': 9, 'dropout': 0.44929653359622185, 'hidden_continuous_size': 6, 'attention_head_size': 2, 'learning_rate': 0.005787124597261828}. Best is trial 0 with value: 5.597046375274658.
[I 2023-12-26 11:52:07,363] Trial 34 finished with value: 10.58047103881836 and parameters: {'gradient_clip_val': 0.8295826305808459, 'hidden_size': 21, 'dropout': 0.46897559545541967, 'hidden_continuous_size': 7, 'attention_head_size': 1, 'learning_rate': 0.012593365516690503}. Best is trial 0 with value: 5.597046375274658.
[I 2023-12-26 11:52:09,956] Trial 35 finished with value: 20.099523544311523 and parameters: {'gradient_clip_val': 0.8423058786632645, 'hidden_size': 20, 'dropout': 0.4727398420774129, 'hidden_continuous_size': 8, 'attention_head_size': 1, 'learning_rate': 0.014687187625394964}. Best is trial 0 with value: 5.597046375274658.
[I 2023-12-26 11:52:12,848] Trial 36 finished with value: 12.78702449798584 and parameters: {'gradient_clip_val': 0.8614262740193213, 'hidden_size': 25, 'dropout': 0.4983842424401976, 'hidden_continuous_size': 8, 'attention_head_size': 1, 'learning_rate': 0.025352507938097478}. Best is trial 0 with value: 5.597046375274658.
[I 2023-12-26 11:52:15,706] Trial 37 finished with value: 8.315221786499023 and parameters: {'gradient_clip_val': 0.9012010500776005, 'hidden_size': 23, 'dropout': 0.49416008673146794, 'hidden_continuous_size': 10, 'attention_head_size': 1, 'learning_rate': 0.02309710789420273}. Best is trial 0 with value: 5.597046375274658.
[I 2023-12-26 11:52:18,521] Trial 38 finished with value: 25.401763916015625 and parameters: {'gradient_clip_val': 0.8793581524180156, 'hidden_size': 22, 'dropout': 0.47014549936079136, 'hidden_continuous_size': 10, 'attention_head_size': 1, 'learning_rate': 0.01185741467777892}. Best is trial 0 with value: 5.597046375274658.
[I 2023-12-26 11:52:21,681] Trial 39 finished with value: 18.26290512084961 and parameters: {'gradient_clip_val': 0.9805578692699095, 'hidden_size': 32, 'dropout': 0.49874968365426287, 'hidden_continuous_size': 11, 'attention_head_size': 1, 'learning_rate': 0.044241001355465645}. Best is trial 0 with value: 5.597046375274658.
[I 2023-12-26 11:52:24,781] Trial 40 finished with value: 23.53944969177246 and parameters: {'gradient_clip_val': 0.7412720194843978, 'hidden_size': 29, 'dropout': 0.47593398176575946, 'hidden_continuous_size': 12, 'attention_head_size': 1, 'learning_rate': 0.022320565257295748}. Best is trial 0 with value: 5.597046375274658.
[I 2023-12-26 11:52:27,810] Trial 41 finished with value: 23.511404037475586 and parameters: {'gradient_clip_val': 0.8522797532571299, 'hidden_size': 24, 'dropout': 0.49735386300573076, 'hidden_continuous_size': 9, 'attention_head_size': 1, 'learning_rate': 0.022950741702489872}. Best is trial 0 with value: 5.597046375274658.
[I 2023-12-26 11:52:30,706] Trial 42 finished with value: 18.51514434814453 and parameters: {'gradient_clip_val': 0.8917548096109823, 'hidden_size': 25, 'dropout': 0.45810172471118005, 'hidden_continuous_size': 8, 'attention_head_size': 1, 'learning_rate': 0.03175321528896898}. Best is trial 0 with value: 5.597046375274658.
[I 2023-12-26 11:52:33,474] Trial 43 finished with value: 32.28804016113281 and parameters: {'gradient_clip_val': 0.7956034080678267, 'hidden_size': 22, 'dropout': 0.4139302302165493, 'hidden_continuous_size': 9, 'attention_head_size': 1, 'learning_rate': 0.015047517383332834}. Best is trial 0 with value: 5.597046375274658.
