[I 2023-12-26 14:33:07,872] Trial 36 finished with value: 79.00717163085938 and parameters: {'gradient_clip_val': 0.8274601832679821, 'hidden_size': 36, 'dropout': 0.36675916701553324, 'hidden_continuous_size': 10, 'attention_head_size': 1, 'learning_rate': 0.0065338351804851355}. Best is trial 0 with value: 5.963043689727783.
[I 2023-12-26 14:33:10,176] Trial 37 finished with value: 60.933963775634766 and parameters: {'gradient_clip_val': 0.8968061811559425, 'hidden_size': 26, 'dropout': 0.3918198707818377, 'hidden_continuous_size': 7, 'attention_head_size': 2, 'learning_rate': 0.0014840753646130549}. Best is trial 0 with value: 5.963043689727783.
[I 2023-12-26 14:33:12,261] Trial 38 finished with value: 65.47936248779297 and parameters: {'gradient_clip_val': 0.5914430787013815, 'hidden_size': 14, 'dropout': 0.33455143144362187, 'hidden_continuous_size': 6, 'attention_head_size': 3, 'learning_rate': 0.0034837315760045616}. Best is trial 0 with value: 5.963043689727783.
[I 2023-12-26 14:33:14,445] Trial 39 finished with value: 52.77851867675781 and parameters: {'gradient_clip_val': 0.6990790144590093, 'hidden_size': 21, 'dropout': 0.43203076062203255, 'hidden_continuous_size': 9, 'attention_head_size': 2, 'learning_rate': 0.004724163920167462}. Best is trial 0 with value: 5.963043689727783.
[I 2023-12-26 14:33:16,500] Trial 40 finished with value: 59.677852630615234 and parameters: {'gradient_clip_val': 0.49805280389750484, 'hidden_size': 11, 'dropout': 0.40198625777476105, 'hidden_continuous_size': 6, 'attention_head_size': 4, 'learning_rate': 0.002750435862526986}. Best is trial 0 with value: 5.963043689727783.
[I 2023-12-26 14:33:18,630] Trial 41 finished with value: 43.59568405151367 and parameters: {'gradient_clip_val': 0.43708272979485197, 'hidden_size': 14, 'dropout': 0.4476006311993849, 'hidden_continuous_size': 7, 'attention_head_size': 4, 'learning_rate': 0.005138899613237991}. Best is trial 0 with value: 5.963043689727783.
[I 2023-12-26 14:33:20,701] Trial 42 finished with value: 39.693729400634766 and parameters: {'gradient_clip_val': 0.47764318938099437, 'hidden_size': 10, 'dropout': 0.4252157115408406, 'hidden_continuous_size': 7, 'attention_head_size': 4, 'learning_rate': 0.010810244101850311}. Best is trial 0 with value: 5.963043689727783.
[I 2023-12-26 14:33:22,746] Trial 43 finished with value: 54.87656021118164 and parameters: {'gradient_clip_val': 0.5654067081233103, 'hidden_size': 10, 'dropout': 0.4189786772051569, 'hidden_continuous_size': 7, 'attention_head_size': 4, 'learning_rate': 0.010855991760640372}. Best is trial 0 with value: 5.963043689727783.
[I 2023-12-26 14:33:24,734] Trial 44 finished with value: 61.637020111083984 and parameters: {'gradient_clip_val': 0.900266374620297, 'hidden_size': 9, 'dropout': 0.3568955180115425, 'hidden_continuous_size': 5, 'attention_head_size': 4, 'learning_rate': 0.0038260720463641523}. Best is trial 0 with value: 5.963043689727783.
[I 2023-12-26 14:33:26,638] Trial 45 finished with value: 60.0499267578125 and parameters: {'gradient_clip_val': 0.3703541054320662, 'hidden_size': 6, 'dropout': 0.3111859438309119, 'hidden_continuous_size': 5, 'attention_head_size': 3, 'learning_rate': 0.0076933232277785575}. Best is trial 0 with value: 5.963043689727783.
[I 2023-12-26 14:33:28,536] Trial 46 finished with value: 47.10942459106445 and parameters: {'gradient_clip_val': 0.7394466266340658, 'hidden_size': 8, 'dropout': 0.4095355069844827, 'hidden_continuous_size': 6, 'attention_head_size': 4, 'learning_rate': 0.01505430780045445}. Best is trial 0 with value: 5.963043689727783.
[I 2023-12-26 14:33:30,561] Trial 47 finished with value: 41.95841598510742 and parameters: {'gradient_clip_val': 0.3222863835555571, 'hidden_size': 11, 'dropout': 0.4298049092792957, 'hidden_continuous_size': 8, 'attention_head_size': 3, 'learning_rate': 0.0011396038665134806}. Best is trial 0 with value: 5.963043689727783.
[I 2023-12-26 14:33:32,842] Trial 48 finished with value: 58.66029357910156 and parameters: {'gradient_clip_val': 0.30129982184529985, 'hidden_size': 11, 'dropout': 0.43083843271637956, 'hidden_continuous_size': 8, 'attention_head_size': 4, 'learning_rate': 0.0008626288169289535}. Best is trial 0 with value: 5.963043689727783.
[I 2023-12-26 14:33:34,655] Trial 49 finished with value: 58.0384635925293 and parameters: {'gradient_clip_val': 0.28545567096033964, 'hidden_size': 7, 'dropout': 0.4908706211524952, 'hidden_continuous_size': 7, 'attention_head_size': 3, 'learning_rate': 0.0012701608892603388}. Best is trial 0 with value: 5.963043689727783.
[I 2023-12-26 14:33:34,776] A new study created in memory with name: no-name-0e23f981-1704-4284-835f-f56ec57aaebe
/home/le004/conda/anaconda3/envs/tsff_env/lib/python3.9/site-packages/lightning/fabric/plugins/environments/slurm.py:191: The `srun` command is available on your system but is not used. HINT: If your intention is to run Lightning on SLURM, prepend your python command with `srun` like so: srun python /home/le004/master_thesis/git/TSFusionForecast/code/ ...
[I 2023-12-26 14:36:58,121] Trial 0 finished with value: 4.0465168952941895 and parameters: {'gradient_clip_val': 0.4161450458131433, 'hidden_size': 34, 'dropout': 0.3447971931871163, 'hidden_continuous_size': 12, 'attention_head_size': 2, 'learning_rate': 0.00411585782889528}. Best is trial 0 with value: 4.0465168952941895.
[I 2023-12-26 14:37:00,010] Trial 1 finished with value: 23.09465217590332 and parameters: {'gradient_clip_val': 0.13909069078145636, 'hidden_size': 5, 'dropout': 0.22354057911021186, 'hidden_continuous_size': 5, 'attention_head_size': 1, 'learning_rate': 0.033636366263998824}. Best is trial 0 with value: 4.0465168952941895.
[I 2023-12-26 14:37:01,849] Trial 2 finished with value: 19.427560806274414 and parameters: {'gradient_clip_val': 0.251864939153381, 'hidden_size': 9, 'dropout': 0.13474165082542686, 'hidden_continuous_size': 9, 'attention_head_size': 1, 'learning_rate': 0.030830419697387673}. Best is trial 0 with value: 4.0465168952941895.
[I 2023-12-26 14:37:04,641] Trial 3 finished with value: 23.98345947265625 and parameters: {'gradient_clip_val': 0.1055526466359415, 'hidden_size': 28, 'dropout': 0.21284732801801629, 'hidden_continuous_size': 10, 'attention_head_size': 1, 'learning_rate': 0.03996674863102635}. Best is trial 0 with value: 4.0465168952941895.
[I 2023-12-26 14:37:09,942] Trial 4 finished with value: 15.193171501159668 and parameters: {'gradient_clip_val': 0.14426880441290382, 'hidden_size': 80, 'dropout': 0.14243563814955962, 'hidden_continuous_size': 73, 'attention_head_size': 4, 'learning_rate': 0.06363746835678773}. Best is trial 0 with value: 4.0465168952941895.
[I 2023-12-26 14:37:12,326] Trial 5 finished with value: 16.15221405029297 and parameters: {'gradient_clip_val': 0.18762001737625636, 'hidden_size': 29, 'dropout': 0.41477924613640216, 'hidden_continuous_size': 5, 'attention_head_size': 1, 'learning_rate': 0.0006440123190872387}. Best is trial 0 with value: 4.0465168952941895.
[I 2023-12-26 14:37:18,102] Trial 6 finished with value: 17.184537887573242 and parameters: {'gradient_clip_val': 0.1379438977622135, 'hidden_size': 93, 'dropout': 0.43390730605258654, 'hidden_continuous_size': 18, 'attention_head_size': 1, 'learning_rate': 0.001454211980020154}. Best is trial 0 with value: 4.0465168952941895.
[I 2023-12-26 14:37:24,029] Trial 7 finished with value: 20.106584548950195 and parameters: {'gradient_clip_val': 0.12283877190395202, 'hidden_size': 97, 'dropout': 0.45407019470153065, 'hidden_continuous_size': 8, 'attention_head_size': 2, 'learning_rate': 0.007881821794961353}. Best is trial 0 with value: 4.0465168952941895.
[I 2023-12-26 14:37:26,124] Trial 8 finished with value: 10.25477123260498 and parameters: {'gradient_clip_val': 0.8605731452429416, 'hidden_size': 15, 'dropout': 0.3766944126013806, 'hidden_continuous_size': 6, 'attention_head_size': 2, 'learning_rate': 0.0008734453232853732}. Best is trial 0 with value: 4.0465168952941895.
[I 2023-12-26 14:37:29,420] Trial 9 finished with value: 18.012468338012695 and parameters: {'gradient_clip_val': 0.7073919699471445, 'hidden_size': 50, 'dropout': 0.25667244353469304, 'hidden_continuous_size': 49, 'attention_head_size': 1, 'learning_rate': 0.0022188040194944794}. Best is trial 0 with value: 4.0465168952941895.
[I 2023-12-26 14:37:38,201] Trial 10 finished with value: 22.887243270874023 and parameters: {'gradient_clip_val': 0.44638592294350066, 'hidden_size': 144, 'dropout': 0.3367472022417143, 'hidden_continuous_size': 27, 'attention_head_size': 4, 'learning_rate': 0.003675222359545343}. Best is trial 0 with value: 4.0465168952941895.
[I 2023-12-26 14:37:40,368] Trial 11 finished with value: 16.065139770507812 and parameters: {'gradient_clip_val': 0.7712092868782269, 'hidden_size': 15, 'dropout': 0.35317352469912006, 'hidden_continuous_size': 6, 'attention_head_size': 3, 'learning_rate': 0.0006232425035705938}. Best is trial 0 with value: 4.0465168952941895.
[I 2023-12-26 14:37:42,464] Trial 12 finished with value: 14.811389923095703 and parameters: {'gradient_clip_val': 0.46935588121921573, 'hidden_size': 17, 'dropout': 0.36997447696013014, 'hidden_continuous_size': 7, 'attention_head_size': 2, 'learning_rate': 0.006561198426639929}. Best is trial 0 with value: 4.0465168952941895.
[I 2023-12-26 14:37:45,563] Trial 13 finished with value: 22.607397079467773 and parameters: {'gradient_clip_val': 0.9934595566976921, 'hidden_size': 41, 'dropout': 0.2906422423224321, 'hidden_continuous_size': 12, 'attention_head_size': 3, 'learning_rate': 0.001381595807866883}. Best is trial 0 with value: 4.0465168952941895.
[I 2023-12-26 14:37:47,694] Trial 14 finished with value: 26.522628784179688 and parameters: {'gradient_clip_val': 0.36960544923491945, 'hidden_size': 18, 'dropout': 0.49653647152528285, 'hidden_continuous_size': 6, 'attention_head_size': 2, 'learning_rate': 0.0005444435066165113}. Best is trial 0 with value: 4.0465168952941895.
[I 2023-12-26 14:37:49,783] Trial 15 finished with value: 23.723756790161133 and parameters: {'gradient_clip_val': 0.5639189347481637, 'hidden_size': 12, 'dropout': 0.38990528684155057, 'hidden_continuous_size': 6, 'attention_head_size': 3, 'learning_rate': 0.013102379756308203}. Best is trial 0 with value: 4.0465168952941895.
[I 2023-12-26 14:37:52,028] Trial 16 finished with value: 18.35429573059082 and parameters: {'gradient_clip_val': 0.29912165722676726, 'hidden_size': 24, 'dropout': 0.3161151932270231, 'hidden_continuous_size': 12, 'attention_head_size': 2, 'learning_rate': 0.0031334404009677568}. Best is trial 0 with value: 4.0465168952941895.
[I 2023-12-26 14:37:55,000] Trial 17 finished with value: 22.023908615112305 and parameters: {'gradient_clip_val': 0.9750595370877088, 'hidden_size': 44, 'dropout': 0.37732629082419933, 'hidden_continuous_size': 16, 'attention_head_size': 2, 'learning_rate': 0.0010556242362979662}. Best is trial 0 with value: 4.0465168952941895.
[I 2023-12-26 14:37:57,023] Trial 18 finished with value: 22.878332138061523 and parameters: {'gradient_clip_val': 0.6355551194542876, 'hidden_size': 9, 'dropout': 0.3061707767058021, 'hidden_continuous_size': 5, 'attention_head_size': 3, 'learning_rate': 0.002077527345689157}. Best is trial 0 with value: 4.0465168952941895.
[I 2023-12-26 14:37:59,266] Trial 19 finished with value: 17.304380416870117 and parameters: {'gradient_clip_val': 0.5087023823005365, 'hidden_size': 21, 'dropout': 0.40179877447181833, 'hidden_continuous_size': 7, 'attention_head_size': 2, 'learning_rate': 0.0009720566343666807}. Best is trial 0 with value: 4.0465168952941895.
[I 2023-12-26 14:38:01,879] Trial 20 finished with value: 26.470705032348633 and parameters: {'gradient_clip_val': 0.37708121388978977, 'hidden_size': 33, 'dropout': 0.34700712903072206, 'hidden_continuous_size': 10, 'attention_head_size': 3, 'learning_rate': 0.004412893720950544}. Best is trial 0 with value: 4.0465168952941895.
[I 2023-12-26 14:38:03,838] Trial 21 finished with value: 21.178621292114258 and parameters: {'gradient_clip_val': 0.48544829428452274, 'hidden_size': 16, 'dropout': 0.36736015092744095, 'hidden_continuous_size': 7, 'attention_head_size': 2, 'learning_rate': 0.006162794568282651}. Best is trial 0 with value: 4.0465168952941895.
[I 2023-12-26 14:38:06,131] Trial 22 finished with value: 24.222923278808594 and parameters: {'gradient_clip_val': 0.6089475206604742, 'hidden_size': 23, 'dropout': 0.37832177091047803, 'hidden_continuous_size': 8, 'attention_head_size': 2, 'learning_rate': 0.009444422835933683}. Best is trial 0 with value: 4.0465168952941895.
[I 2023-12-26 14:38:08,223] Trial 23 finished with value: 12.912768363952637 and parameters: {'gradient_clip_val': 0.42045920450029206, 'hidden_size': 13, 'dropout': 0.33177863597432106, 'hidden_continuous_size': 7, 'attention_head_size': 2, 'learning_rate': 0.016457452308925587}. Best is trial 0 with value: 4.0465168952941895.
[I 2023-12-26 14:38:10,280] Trial 24 finished with value: 19.012693405151367 and parameters: {'gradient_clip_val': 0.3835981374863117, 'hidden_size': 12, 'dropout': 0.28668796109053535, 'hidden_continuous_size': 6, 'attention_head_size': 2, 'learning_rate': 0.016694517721065727}. Best is trial 0 with value: 4.0465168952941895.
[I 2023-12-26 14:38:13,220] Trial 25 finished with value: 18.342159271240234 and parameters: {'gradient_clip_val': 0.7879801742136262, 'hidden_size': 37, 'dropout': 0.32762548035662453, 'hidden_continuous_size': 10, 'attention_head_size': 3, 'learning_rate': 0.015400630064681889}. Best is trial 0 with value: 4.0465168952941895.
[I 2023-12-26 14:38:16,751] Trial 26 finished with value: 23.468244552612305 and parameters: {'gradient_clip_val': 0.2894828605838274, 'hidden_size': 55, 'dropout': 0.3377969139837315, 'hidden_continuous_size': 13, 'attention_head_size': 2, 'learning_rate': 0.002675335524675816}. Best is trial 0 with value: 4.0465168952941895.
[I 2023-12-26 14:38:18,995] Trial 27 finished with value: 20.57294464111328 and parameters: {'gradient_clip_val': 0.5613167271515347, 'hidden_size': 22, 'dropout': 0.44559652586236853, 'hidden_continuous_size': 8, 'attention_head_size': 2, 'learning_rate': 0.004517325668059671}. Best is trial 0 with value: 4.0465168952941895.
[I 2023-12-26 14:38:21,448] Trial 28 finished with value: 17.8377742767334 and parameters: {'gradient_clip_val': 0.4212902396792652, 'hidden_size': 27, 'dropout': 0.41137660236099416, 'hidden_continuous_size': 9, 'attention_head_size': 3, 'learning_rate': 0.001924888208519378}. Best is trial 0 with value: 4.0465168952941895.
[I 2023-12-26 14:38:23,177] Trial 29 finished with value: 16.67818260192871 and parameters: {'gradient_clip_val': 0.3260251553310125, 'hidden_size': 5, 'dropout': 0.2834389339187454, 'hidden_continuous_size': 5, 'attention_head_size': 1, 'learning_rate': 0.0110838016989825}. Best is trial 0 with value: 4.0465168952941895.
[I 2023-12-26 14:38:25,680] Trial 30 finished with value: 14.247754096984863 and parameters: {'gradient_clip_val': 0.6801954057216898, 'hidden_size': 33, 'dropout': 0.31862348853365385, 'hidden_continuous_size': 5, 'attention_head_size': 1, 'learning_rate': 0.004663907482911753}. Best is trial 0 with value: 4.0465168952941895.
[I 2023-12-26 14:38:28,156] Trial 31 finished with value: 21.92807960510254 and parameters: {'gradient_clip_val': 0.6798507491368828, 'hidden_size': 33, 'dropout': 0.3174596999154622, 'hidden_continuous_size': 5, 'attention_head_size': 1, 'learning_rate': 0.005786953352994048}. Best is trial 0 with value: 4.0465168952941895.
[I 2023-12-26 14:38:30,277] Trial 32 finished with value: 19.58123779296875 and parameters: {'gradient_clip_val': 0.8571281573762148, 'hidden_size': 19, 'dropout': 0.3586399613064789, 'hidden_continuous_size': 5, 'attention_head_size': 1, 'learning_rate': 0.021468911048337164}. Best is trial 0 with value: 4.0465168952941895.
[I 2023-12-26 14:38:32,666] Trial 33 finished with value: 19.194000244140625 and parameters: {'gradient_clip_val': 0.5474838901453997, 'hidden_size': 27, 'dropout': 0.264712586513349, 'hidden_continuous_size': 6, 'attention_head_size': 1, 'learning_rate': 0.008496463134587856}. Best is trial 0 with value: 4.0465168952941895.
[I 2023-12-26 14:38:35,228] Trial 34 finished with value: 17.790302276611328 and parameters: {'gradient_clip_val': 0.7162494577518512, 'hidden_size': 34, 'dropout': 0.3217990285286029, 'hidden_continuous_size': 7, 'attention_head_size': 2, 'learning_rate': 0.0032638134563714766}. Best is trial 0 with value: 4.0465168952941895.
[I 2023-12-26 14:38:37,292] Trial 35 finished with value: 23.27906608581543 and parameters: {'gradient_clip_val': 0.852732429083902, 'hidden_size': 13, 'dropout': 0.3420858801779378, 'hidden_continuous_size': 6, 'attention_head_size': 1, 'learning_rate': 0.02795172871351312}. Best is trial 0 with value: 4.0465168952941895.
[I 2023-12-26 14:38:40,959] Trial 36 finished with value: 21.02288818359375 and parameters: {'gradient_clip_val': 0.6120003637272147, 'hidden_size': 60, 'dropout': 0.23226926274772647, 'hidden_continuous_size': 9, 'attention_head_size': 4, 'learning_rate': 0.0421604506930202}. Best is trial 0 with value: 4.0465168952941895.
[I 2023-12-26 14:38:43,687] Trial 37 finished with value: 18.94803810119629 and parameters: {'gradient_clip_val': 0.5141115064137369, 'hidden_size': 30, 'dropout': 0.38870662577134196, 'hidden_continuous_size': 5, 'attention_head_size': 2, 'learning_rate': 0.00503090437641072}. Best is trial 0 with value: 4.0465168952941895.
[I 2023-12-26 14:38:45,830] Trial 38 finished with value: 14.462626457214355 and parameters: {'gradient_clip_val': 0.2402395445180289, 'hidden_size': 20, 'dropout': 0.2996857745116277, 'hidden_continuous_size': 5, 'attention_head_size': 1, 'learning_rate': 0.010397042297537892}. Best is trial 0 with value: 4.0465168952941895.
[I 2023-12-26 14:38:48,151] Trial 39 finished with value: 19.657907485961914 and parameters: {'gradient_clip_val': 0.6399603076387017, 'hidden_size': 25, 'dropout': 0.1838280827756296, 'hidden_continuous_size': 8, 'attention_head_size': 1, 'learning_rate': 0.0007905946581452035}. Best is trial 0 with value: 4.0465168952941895.
[I 2023-12-26 14:38:51,094] Trial 40 finished with value: 18.86852264404297 and parameters: {'gradient_clip_val': 0.4274786545427905, 'hidden_size': 43, 'dropout': 0.4231508838438173, 'hidden_continuous_size': 11, 'attention_head_size': 2, 'learning_rate': 0.007934394843425858}. Best is trial 0 with value: 4.0465168952941895.
[I 2023-12-26 14:38:53,166] Trial 41 finished with value: 15.75566577911377 and parameters: {'gradient_clip_val': 0.22772215177062002, 'hidden_size': 14, 'dropout': 0.31456970687585967, 'hidden_continuous_size': 5, 'attention_head_size': 1, 'learning_rate': 0.0114807950434827}. Best is trial 0 with value: 4.0465168952941895.
[I 2023-12-26 14:38:55,375] Trial 42 finished with value: 15.799480438232422 and parameters: {'gradient_clip_val': 0.2111587277891478, 'hidden_size': 22, 'dropout': 0.3552349277723694, 'hidden_continuous_size': 5, 'attention_head_size': 1, 'learning_rate': 0.004101749089897301}. Best is trial 0 with value: 4.0465168952941895.
[I 2023-12-26 14:38:57,510] Trial 43 finished with value: 13.745365142822266 and parameters: {'gradient_clip_val': 0.2642387583530699, 'hidden_size': 19, 'dropout': 0.271587360631527, 'hidden_continuous_size': 6, 'attention_head_size': 1, 'learning_rate': 0.0066628779914730245}. Best is trial 0 with value: 4.0465168952941895.
[I 2023-12-26 14:38:59,572] Trial 44 finished with value: 22.696264266967773 and parameters: {'gradient_clip_val': 0.3322701617541074, 'hidden_size': 17, 'dropout': 0.2570878105985167, 'hidden_continuous_size': 7, 'attention_head_size': 1, 'learning_rate': 0.006430041211522243}. Best is trial 0 with value: 4.0465168952941895.
[I 2023-12-26 14:39:01,593] Trial 45 finished with value: 14.2116117477417 and parameters: {'gradient_clip_val': 0.26737451359356884, 'hidden_size': 10, 'dropout': 0.33691373021342413, 'hidden_continuous_size': 6, 'attention_head_size': 2, 'learning_rate': 0.0027598674431812773}. Best is trial 0 with value: 4.0465168952941895.
[I 2023-12-26 14:39:03,612] Trial 46 finished with value: 24.239168167114258 and parameters: {'gradient_clip_val': 0.27349705497641646, 'hidden_size': 10, 'dropout': 0.33728119424986436, 'hidden_continuous_size': 6, 'attention_head_size': 2, 'learning_rate': 0.001604119193405653}. Best is trial 0 with value: 4.0465168952941895.
[I 2023-12-26 14:39:05,753] Trial 47 finished with value: 19.26957130432129 and parameters: {'gradient_clip_val': 0.2621938621111509, 'hidden_size': 14, 'dropout': 0.360598723852696, 'hidden_continuous_size': 7, 'attention_head_size': 2, 'learning_rate': 0.003058757808022673}. Best is trial 0 with value: 4.0465168952941895.
[I 2023-12-26 14:39:07,780] Trial 48 finished with value: 17.686025619506836 and parameters: {'gradient_clip_val': 0.31790853500946026, 'hidden_size': 11, 'dropout': 0.2746813792398875, 'hidden_continuous_size': 6, 'attention_head_size': 2, 'learning_rate': 0.002596528065533524}. Best is trial 0 with value: 4.0465168952941895.
[I 2023-12-26 14:39:09,935] Trial 49 finished with value: 19.68909454345703 and parameters: {'gradient_clip_val': 0.17658810449185885, 'hidden_size': 8, 'dropout': 0.29301801692263496, 'hidden_continuous_size': 6, 'attention_head_size': 3, 'learning_rate': 0.007623383606615895}. Best is trial 0 with value: 4.0465168952941895.
[I 2023-12-26 14:39:10,048] A new study created in memory with name: no-name-f4087aed-c966-49e0-a812-fb9da584b1d5
/home/le004/conda/anaconda3/envs/tsff_env/lib/python3.9/site-packages/lightning/fabric/plugins/environments/slurm.py:191: The `srun` command is available on your system but is not used. HINT: If your intention is to run Lightning on SLURM, prepend your python command with `srun` like so: srun python /home/le004/master_thesis/git/TSFusionForecast/code/ ...
