[I 2023-12-15 18:32:28,170] Trial 20 finished with value: 13.776423454284668 and parameters: {'gradient_clip_val': 0.2969325496429211, 'hidden_size': 17, 'dropout': 0.21972707142716164, 'hidden_continuous_size': 7, 'attention_head_size': 2, 'learning_rate': 0.021535432404867976}. Best is trial 6 with value: 6.281949520111084.
LOCAL_RANK: 0 - CUDA_VISIBLE_DEVICES: [0]
[I 2023-12-15 18:33:20,514] Trial 21 finished with value: 7.711627960205078 and parameters: {'gradient_clip_val': 0.39511307238081045, 'hidden_size': 67, 'dropout': 0.13377385824676136, 'hidden_continuous_size': 9, 'attention_head_size': 3, 'learning_rate': 0.05708022513744601}. Best is trial 6 with value: 6.281949520111084.
LOCAL_RANK: 0 - CUDA_VISIBLE_DEVICES: [0]
[I 2023-12-15 18:34:11,912] Trial 22 finished with value: 11.821483612060547 and parameters: {'gradient_clip_val': 0.346114543128588, 'hidden_size': 42, 'dropout': 0.16630725791011305, 'hidden_continuous_size': 10, 'attention_head_size': 2, 'learning_rate': 0.05918363518239089}. Best is trial 6 with value: 6.281949520111084.
LOCAL_RANK: 0 - CUDA_VISIBLE_DEVICES: [0]
[I 2023-12-15 18:35:05,509] Trial 23 finished with value: 9.002875328063965 and parameters: {'gradient_clip_val': 0.3225126055338105, 'hidden_size': 58, 'dropout': 0.13814330879791015, 'hidden_continuous_size': 55, 'attention_head_size': 1, 'learning_rate': 0.05192442860399299}. Best is trial 6 with value: 6.281949520111084.
LOCAL_RANK: 0 - CUDA_VISIBLE_DEVICES: [0]
[I 2023-12-15 18:35:57,721] Trial 24 finished with value: 10.388286590576172 and parameters: {'gradient_clip_val': 0.40068826388050705, 'hidden_size': 72, 'dropout': 0.13098850706781895, 'hidden_continuous_size': 12, 'attention_head_size': 2, 'learning_rate': 0.026213137305934484}. Best is trial 6 with value: 6.281949520111084.
LOCAL_RANK: 0 - CUDA_VISIBLE_DEVICES: [0]
[I 2023-12-15 18:36:48,693] Trial 25 finished with value: 16.321855545043945 and parameters: {'gradient_clip_val': 0.5094786484243242, 'hidden_size': 44, 'dropout': 0.16784512110564695, 'hidden_continuous_size': 9, 'attention_head_size': 3, 'learning_rate': 0.052105804935931185}. Best is trial 6 with value: 6.281949520111084.
LOCAL_RANK: 0 - CUDA_VISIBLE_DEVICES: [0]
[I 2023-12-15 18:37:37,020] Trial 26 finished with value: 14.221702575683594 and parameters: {'gradient_clip_val': 0.3772493234813875, 'hidden_size': 34, 'dropout': 0.12798717676459376, 'hidden_continuous_size': 7, 'attention_head_size': 1, 'learning_rate': 0.013383554981717161}. Best is trial 6 with value: 6.281949520111084.
LOCAL_RANK: 0 - CUDA_VISIBLE_DEVICES: [0]
[I 2023-12-15 18:38:29,980] Trial 27 finished with value: 6.70553731918335 and parameters: {'gradient_clip_val': 0.3040495680907952, 'hidden_size': 54, 'dropout': 0.15507584825922854, 'hidden_continuous_size': 12, 'attention_head_size': 4, 'learning_rate': 0.03720136853294611}. Best is trial 6 with value: 6.281949520111084.
LOCAL_RANK: 0 - CUDA_VISIBLE_DEVICES: [0]
[I 2023-12-15 18:39:22,808] Trial 28 finished with value: 11.049125671386719 and parameters: {'gradient_clip_val': 0.29507961420948464, 'hidden_size': 52, 'dropout': 0.1920397898586724, 'hidden_continuous_size': 12, 'attention_head_size': 4, 'learning_rate': 0.030004699268736054}. Best is trial 6 with value: 6.281949520111084.
LOCAL_RANK: 0 - CUDA_VISIBLE_DEVICES: [0]
[I 2023-12-15 18:40:12,036] Trial 29 finished with value: 13.556037902832031 and parameters: {'gradient_clip_val': 0.31363817815360284, 'hidden_size': 34, 'dropout': 0.1564117595318307, 'hidden_continuous_size': 6, 'attention_head_size': 4, 'learning_rate': 0.020503528726611202}. Best is trial 6 with value: 6.281949520111084.
LOCAL_RANK: 0 - CUDA_VISIBLE_DEVICES: [0]
[I 2023-12-15 18:41:04,888] Trial 30 finished with value: 11.337515830993652 and parameters: {'gradient_clip_val': 0.20020253297503698, 'hidden_size': 47, 'dropout': 0.20258579398749496, 'hidden_continuous_size': 18, 'attention_head_size': 4, 'learning_rate': 0.03806185477882608}. Best is trial 6 with value: 6.281949520111084.
LOCAL_RANK: 0 - CUDA_VISIBLE_DEVICES: [0]
[I 2023-12-15 18:41:57,264] Trial 31 finished with value: 10.071053504943848 and parameters: {'gradient_clip_val': 0.3348852225294025, 'hidden_size': 72, 'dropout': 0.15558738356510476, 'hidden_continuous_size': 10, 'attention_head_size': 4, 'learning_rate': 0.0670525302677416}. Best is trial 6 with value: 6.281949520111084.
LOCAL_RANK: 0 - CUDA_VISIBLE_DEVICES: [0]
[I 2023-12-15 18:42:50,154] Trial 32 finished with value: 8.068676948547363 and parameters: {'gradient_clip_val': 0.4504526730732132, 'hidden_size': 67, 'dropout': 0.13022437755683997, 'hidden_continuous_size': 8, 'attention_head_size': 3, 'learning_rate': 0.06444349139811753}. Best is trial 6 with value: 6.281949520111084.
LOCAL_RANK: 0 - CUDA_VISIBLE_DEVICES: [0]
[I 2023-12-15 18:43:42,043] Trial 33 finished with value: 12.399065971374512 and parameters: {'gradient_clip_val': 0.3717824524906465, 'hidden_size': 72, 'dropout': 0.15436726049248845, 'hidden_continuous_size': 12, 'attention_head_size': 2, 'learning_rate': 0.04329162076037081}. Best is trial 6 with value: 6.281949520111084.
LOCAL_RANK: 0 - CUDA_VISIBLE_DEVICES: [0]
[I 2023-12-15 18:44:31,934] Trial 34 finished with value: 7.313864231109619 and parameters: {'gradient_clip_val': 0.27728039324911624, 'hidden_size': 38, 'dropout': 0.17506688455684427, 'hidden_continuous_size': 11, 'attention_head_size': 1, 'learning_rate': 0.06470900378027455}. Best is trial 6 with value: 6.281949520111084.
LOCAL_RANK: 0 - CUDA_VISIBLE_DEVICES: [0]
[I 2023-12-15 18:45:20,102] Trial 35 finished with value: 6.62078332901001 and parameters: {'gradient_clip_val': 0.2807704699906818, 'hidden_size': 27, 'dropout': 0.18341604884810175, 'hidden_continuous_size': 14, 'attention_head_size': 1, 'learning_rate': 0.07074566796746401}. Best is trial 6 with value: 6.281949520111084.
LOCAL_RANK: 0 - CUDA_VISIBLE_DEVICES: [0]
[I 2023-12-15 18:46:07,308] Trial 36 finished with value: 16.50867462158203 and parameters: {'gradient_clip_val': 0.23236705967013338, 'hidden_size': 28, 'dropout': 0.1900598104408943, 'hidden_continuous_size': 14, 'attention_head_size': 1, 'learning_rate': 0.09799229779132095}. Best is trial 6 with value: 6.281949520111084.
LOCAL_RANK: 0 - CUDA_VISIBLE_DEVICES: [0]
[I 2023-12-15 18:46:54,308] Trial 37 finished with value: 7.41409158706665 and parameters: {'gradient_clip_val': 0.2654827135984005, 'hidden_size': 28, 'dropout': 0.14907420341162936, 'hidden_continuous_size': 11, 'attention_head_size': 1, 'learning_rate': 0.07400899684558708}. Best is trial 6 with value: 6.281949520111084.
LOCAL_RANK: 0 - CUDA_VISIBLE_DEVICES: [0]
[I 2023-12-15 18:47:42,299] Trial 38 finished with value: 9.36864948272705 and parameters: {'gradient_clip_val': 0.28326140295647606, 'hidden_size': 22, 'dropout': 0.22242716368760823, 'hidden_continuous_size': 11, 'attention_head_size': 1, 'learning_rate': 0.07390307551108873}. Best is trial 6 with value: 6.281949520111084.
LOCAL_RANK: 0 - CUDA_VISIBLE_DEVICES: [0]
[I 2023-12-15 18:48:34,235] Trial 39 finished with value: 13.04425048828125 and parameters: {'gradient_clip_val': 0.2218239515915292, 'hidden_size': 49, 'dropout': 0.1718987091647953, 'hidden_continuous_size': 15, 'attention_head_size': 2, 'learning_rate': 0.09898048141788118}. Best is trial 6 with value: 6.281949520111084.
LOCAL_RANK: 0 - CUDA_VISIBLE_DEVICES: [0]
[I 2023-12-15 18:49:21,228] Trial 40 finished with value: 8.225573539733887 and parameters: {'gradient_clip_val': 0.25465654997858617, 'hidden_size': 24, 'dropout': 0.10018876326479312, 'hidden_continuous_size': 13, 'attention_head_size': 1, 'learning_rate': 0.06768497929580175}. Best is trial 6 with value: 6.281949520111084.
LOCAL_RANK: 0 - CUDA_VISIBLE_DEVICES: [0]
[I 2023-12-15 18:50:08,483] Trial 41 finished with value: 7.128147125244141 and parameters: {'gradient_clip_val': 0.28022237212239304, 'hidden_size': 28, 'dropout': 0.15090906391313463, 'hidden_continuous_size': 11, 'attention_head_size': 1, 'learning_rate': 0.06936691622830439}. Best is trial 6 with value: 6.281949520111084.
LOCAL_RANK: 0 - CUDA_VISIBLE_DEVICES: [0]
[I 2023-12-15 18:50:58,866] Trial 42 finished with value: 9.184118270874023 and parameters: {'gradient_clip_val': 0.29683218994858723, 'hidden_size': 40, 'dropout': 0.15922816123760886, 'hidden_continuous_size': 16, 'attention_head_size': 1, 'learning_rate': 0.049049798714829326}. Best is trial 6 with value: 6.281949520111084.
LOCAL_RANK: 0 - CUDA_VISIBLE_DEVICES: [0]
[I 2023-12-15 18:51:47,262] Trial 43 finished with value: 11.07224178314209 and parameters: {'gradient_clip_val': 0.241150386122511, 'hidden_size': 31, 'dropout': 0.1227730100461247, 'hidden_continuous_size': 13, 'attention_head_size': 1, 'learning_rate': 0.07320932021018746}. Best is trial 6 with value: 6.281949520111084.
LOCAL_RANK: 0 - CUDA_VISIBLE_DEVICES: [0]
[I 2023-12-15 18:52:35,530] Trial 44 finished with value: 11.576838493347168 and parameters: {'gradient_clip_val': 0.29159617828095696, 'hidden_size': 26, 'dropout': 0.14580041420155637, 'hidden_continuous_size': 11, 'attention_head_size': 1, 'learning_rate': 0.03350228401661558}. Best is trial 6 with value: 6.281949520111084.
LOCAL_RANK: 0 - CUDA_VISIBLE_DEVICES: [0]
[I 2023-12-15 18:53:23,794] Trial 45 finished with value: 14.584716796875 and parameters: {'gradient_clip_val': 0.2072637756560387, 'hidden_size': 31, 'dropout': 0.12222955640171301, 'hidden_continuous_size': 14, 'attention_head_size': 1, 'learning_rate': 0.043701668336168724}. Best is trial 6 with value: 6.281949520111084.
LOCAL_RANK: 0 - CUDA_VISIBLE_DEVICES: [0]
[I 2023-12-15 18:54:15,246] Trial 46 finished with value: 11.188854217529297 and parameters: {'gradient_clip_val': 0.2643668157514781, 'hidden_size': 37, 'dropout': 0.14716800624459356, 'hidden_continuous_size': 17, 'attention_head_size': 2, 'learning_rate': 0.08381077515858053}. Best is trial 6 with value: 6.281949520111084.
LOCAL_RANK: 0 - CUDA_VISIBLE_DEVICES: [0]
[I 2023-12-15 18:55:06,374] Trial 47 finished with value: 9.198972702026367 and parameters: {'gradient_clip_val': 0.1784765927036655, 'hidden_size': 44, 'dropout': 0.16432811005071213, 'hidden_continuous_size': 19, 'attention_head_size': 1, 'learning_rate': 0.05832728535149911}. Best is trial 6 with value: 6.281949520111084.
LOCAL_RANK: 0 - CUDA_VISIBLE_DEVICES: [0]
[I 2023-12-15 18:55:53,473] Trial 48 finished with value: 6.744430065155029 and parameters: {'gradient_clip_val': 0.22956561067030706, 'hidden_size': 19, 'dropout': 0.18333136145233137, 'hidden_continuous_size': 10, 'attention_head_size': 1, 'learning_rate': 0.08313639636587149}. Best is trial 6 with value: 6.281949520111084.
LOCAL_RANK: 0 - CUDA_VISIBLE_DEVICES: [0]
[I 2023-12-15 18:56:39,946] Trial 49 finished with value: 11.84001636505127 and parameters: {'gradient_clip_val': 0.22544117822756757, 'hidden_size': 17, 'dropout': 0.1893448932159707, 'hidden_continuous_size': 10, 'attention_head_size': 2, 'learning_rate': 0.07838149330744934}. Best is trial 6 with value: 6.281949520111084.
[I 2023-12-15 18:56:40,040] A new study created in memory with name: no-name-cd65e343-8a7b-4df3-a8ac-031289e8299d
/home/le004/conda/anaconda3/envs/tsff_env/lib/python3.9/site-packages/lightning/fabric/plugins/environments/slurm.py:191: The `srun` command is available on your system but is not used. HINT: If your intention is to run Lightning on SLURM, prepend your python command with `srun` like so: srun python /home/le004/master_thesis/git/TSFusionForecast/code/ ...
LOCAL_RANK: 0 - CUDA_VISIBLE_DEVICES: [0]
[I 2023-12-15 18:57:13,285] Trial 0 finished with value: 7.212144374847412 and parameters: {'gradient_clip_val': 0.5828819707794046, 'hidden_size': 5, 'dropout': 0.10783124130856887, 'hidden_continuous_size': 5, 'attention_head_size': 1, 'learning_rate': 0.05604672430834764}. Best is trial 0 with value: 7.212144374847412.
LOCAL_RANK: 0 - CUDA_VISIBLE_DEVICES: [0]
[I 2023-12-15 18:58:07,224] Trial 1 finished with value: 4.155959606170654 and parameters: {'gradient_clip_val': 0.5032385704899581, 'hidden_size': 94, 'dropout': 0.30650841716750726, 'hidden_continuous_size': 14, 'attention_head_size': 3, 'learning_rate': 0.0005485495810393583}. Best is trial 1 with value: 4.155959606170654.
LOCAL_RANK: 0 - CUDA_VISIBLE_DEVICES: [0]
[I 2023-12-15 18:58:55,271] Trial 2 finished with value: 6.3741135597229 and parameters: {'gradient_clip_val': 0.14370954274599726, 'hidden_size': 28, 'dropout': 0.1954736770458333, 'hidden_continuous_size': 7, 'attention_head_size': 4, 'learning_rate': 0.04362053534681353}. Best is trial 1 with value: 4.155959606170654.
LOCAL_RANK: 0 - CUDA_VISIBLE_DEVICES: [0]
[I 2023-12-15 18:59:42,595] Trial 3 finished with value: 2.6677358150482178 and parameters: {'gradient_clip_val': 0.10959837524047994, 'hidden_size': 20, 'dropout': 0.3926855154612777, 'hidden_continuous_size': 15, 'attention_head_size': 2, 'learning_rate': 0.05988080697798551}. Best is trial 3 with value: 2.6677358150482178.
LOCAL_RANK: 0 - CUDA_VISIBLE_DEVICES: [0]
[I 2023-12-15 19:00:33,351] Trial 4 finished with value: 8.903214454650879 and parameters: {'gradient_clip_val': 0.19633542933123738, 'hidden_size': 62, 'dropout': 0.22498514613331816, 'hidden_continuous_size': 5, 'attention_head_size': 2, 'learning_rate': 0.0016690811659433513}. Best is trial 3 with value: 2.6677358150482178.
LOCAL_RANK: 0 - CUDA_VISIBLE_DEVICES: [0]
[I 2023-12-15 19:01:20,762] Trial 5 finished with value: 4.021183490753174 and parameters: {'gradient_clip_val': 0.22098263194001286, 'hidden_size': 20, 'dropout': 0.2596059160745451, 'hidden_continuous_size': 11, 'attention_head_size': 4, 'learning_rate': 0.0038354855525213533}. Best is trial 3 with value: 2.6677358150482178.
LOCAL_RANK: 0 - CUDA_VISIBLE_DEVICES: [0]
[I 2023-12-15 19:02:11,502] Trial 6 finished with value: 12.374299049377441 and parameters: {'gradient_clip_val': 0.3884504461250382, 'hidden_size': 30, 'dropout': 0.30513185114763, 'hidden_continuous_size': 23, 'attention_head_size': 1, 'learning_rate': 0.0010196144315524043}. Best is trial 3 with value: 2.6677358150482178.
LOCAL_RANK: 0 - CUDA_VISIBLE_DEVICES: [0]
[I 2023-12-15 19:02:58,326] Trial 7 finished with value: 8.06107234954834 and parameters: {'gradient_clip_val': 0.5428825744322285, 'hidden_size': 28, 'dropout': 0.33459699834220247, 'hidden_continuous_size': 6, 'attention_head_size': 2, 'learning_rate': 0.01865510215495096}. Best is trial 3 with value: 2.6677358150482178.
LOCAL_RANK: 0 - CUDA_VISIBLE_DEVICES: [0]
[I 2023-12-15 19:03:43,089] Trial 8 finished with value: 8.095080375671387 and parameters: {'gradient_clip_val': 0.3457032608918665, 'hidden_size': 9, 'dropout': 0.1382048638403208, 'hidden_continuous_size': 6, 'attention_head_size': 2, 'learning_rate': 0.002091148044364767}. Best is trial 3 with value: 2.6677358150482178.
LOCAL_RANK: 0 - CUDA_VISIBLE_DEVICES: [0]
[I 2023-12-15 19:04:26,653] Trial 9 finished with value: 3.565535306930542 and parameters: {'gradient_clip_val': 0.7245784133259032, 'hidden_size': 12, 'dropout': 0.23732953884914418, 'hidden_continuous_size': 6, 'attention_head_size': 2, 'learning_rate': 0.0151891272500679}. Best is trial 3 with value: 2.6677358150482178.
LOCAL_RANK: 0 - CUDA_VISIBLE_DEVICES: [0]
[I 2023-12-15 19:05:01,711] Trial 10 finished with value: 6.691965103149414 and parameters: {'gradient_clip_val': 0.10692179367893777, 'hidden_size': 48, 'dropout': 0.3888085923592336, 'hidden_continuous_size': 48, 'attention_head_size': 3, 'learning_rate': 0.08746859168863327}. Best is trial 3 with value: 2.6677358150482178.
LOCAL_RANK: 0 - CUDA_VISIBLE_DEVICES: [0]
[I 2023-12-15 19:05:46,624] Trial 11 finished with value: 6.066895008087158 and parameters: {'gradient_clip_val': 0.9873789523222019, 'hidden_size': 13, 'dropout': 0.3957490131027068, 'hidden_continuous_size': 7, 'attention_head_size': 2, 'learning_rate': 0.01528396514508857}. Best is trial 3 with value: 2.6677358150482178.
LOCAL_RANK: 0 - CUDA_VISIBLE_DEVICES: [0]
[I 2023-12-15 19:06:30,860] Trial 12 finished with value: 4.690611839294434 and parameters: {'gradient_clip_val': 0.22932878748809832, 'hidden_size': 16, 'dropout': 0.25334319715547715, 'hidden_continuous_size': 9, 'attention_head_size': 1, 'learning_rate': 0.009712216380668846}. Best is trial 3 with value: 2.6677358150482178.
LOCAL_RANK: 0 - CUDA_VISIBLE_DEVICES: [0]
[I 2023-12-15 19:07:15,934] Trial 13 finished with value: 3.827852964401245 and parameters: {'gradient_clip_val': 0.10572734023362966, 'hidden_size': 9, 'dropout': 0.3544042271039188, 'hidden_continuous_size': 5, 'attention_head_size': 3, 'learning_rate': 0.03037323643061582}. Best is trial 3 with value: 2.6677358150482178.
LOCAL_RANK: 0 - CUDA_VISIBLE_DEVICES: [0]
[I 2023-12-15 19:07:59,420] Trial 14 finished with value: 3.9438936710357666 and parameters: {'gradient_clip_val': 0.27542887505406954, 'hidden_size': 12, 'dropout': 0.27319823209739785, 'hidden_continuous_size': 6, 'attention_head_size': 2, 'learning_rate': 0.09588668762390894}. Best is trial 3 with value: 2.6677358150482178.
LOCAL_RANK: 0 - CUDA_VISIBLE_DEVICES: [0]
[I 2023-12-15 19:08:47,429] Trial 15 finished with value: 6.050199031829834 and parameters: {'gradient_clip_val': 0.14452378198198298, 'hidden_size': 19, 'dropout': 0.2045391630103717, 'hidden_continuous_size': 9, 'attention_head_size': 3, 'learning_rate': 0.0065595035783400325}. Best is trial 3 with value: 2.6677358150482178.
LOCAL_RANK: 0 - CUDA_VISIBLE_DEVICES: [0]
[I 2023-12-15 19:09:31,389] Trial 16 finished with value: 4.030463695526123 and parameters: {'gradient_clip_val': 0.984011297569683, 'hidden_size': 6, 'dropout': 0.3547379110870809, 'hidden_continuous_size': 5, 'attention_head_size': 1, 'learning_rate': 0.027174314665580394}. Best is trial 3 with value: 2.6677358150482178.
LOCAL_RANK: 0 - CUDA_VISIBLE_DEVICES: [0]
[I 2023-12-15 19:10:15,963] Trial 17 finished with value: 3.0062668323516846 and parameters: {'gradient_clip_val': 0.7503477525386101, 'hidden_size': 9, 'dropout': 0.29044731463450135, 'hidden_continuous_size': 6, 'attention_head_size': 2, 'learning_rate': 0.012726038207996285}. Best is trial 3 with value: 2.6677358150482178.
LOCAL_RANK: 0 - CUDA_VISIBLE_DEVICES: [0]
[I 2023-12-15 19:11:00,884] Trial 18 finished with value: 6.208523273468018 and parameters: {'gradient_clip_val': 0.3970337760376341, 'hidden_size': 7, 'dropout': 0.31196715949805504, 'hidden_continuous_size': 5, 'attention_head_size': 3, 'learning_rate': 0.04659572646928477}. Best is trial 3 with value: 2.6677358150482178.
LOCAL_RANK: 0 - CUDA_VISIBLE_DEVICES: [0]
[I 2023-12-15 19:11:33,682] Trial 19 finished with value: 4.557529449462891 and parameters: {'gradient_clip_val': 0.2689907640895037, 'hidden_size': 5, 'dropout': 0.3679613966647428, 'hidden_continuous_size': 5, 'attention_head_size': 1, 'learning_rate': 0.00571073387549651}. Best is trial 3 with value: 2.6677358150482178.
LOCAL_RANK: 0 - CUDA_VISIBLE_DEVICES: [0]
[I 2023-12-15 19:12:17,471] Trial 20 finished with value: 4.106006622314453 and parameters: {'gradient_clip_val': 0.3156905678763165, 'hidden_size': 8, 'dropout': 0.280769240826492, 'hidden_continuous_size': 6, 'attention_head_size': 2, 'learning_rate': 0.011728142064598017}. Best is trial 3 with value: 2.6677358150482178.
LOCAL_RANK: 0 - CUDA_VISIBLE_DEVICES: [0]
[I 2023-12-15 19:13:01,161] Trial 21 finished with value: 21.84263801574707 and parameters: {'gradient_clip_val': 0.7355990492024276, 'hidden_size': 12, 'dropout': 0.3226422668907139, 'hidden_continuous_size': 6, 'attention_head_size': 2, 'learning_rate': 0.024163751158226134}. Best is trial 3 with value: 2.6677358150482178.
LOCAL_RANK: 0 - CUDA_VISIBLE_DEVICES: [0]
[I 2023-12-15 19:13:45,450] Trial 22 finished with value: 2.744358777999878 and parameters: {'gradient_clip_val': 0.7422755248316927, 'hidden_size': 16, 'dropout': 0.23181346561562488, 'hidden_continuous_size': 7, 'attention_head_size': 2, 'learning_rate': 0.01401375396096438}. Best is trial 3 with value: 2.6677358150482178.
LOCAL_RANK: 0 - CUDA_VISIBLE_DEVICES: [0]
[I 2023-12-15 19:14:29,611] Trial 23 finished with value: 12.68000316619873 and parameters: {'gradient_clip_val': 0.4400216813686261, 'hidden_size': 16, 'dropout': 0.28626186324966313, 'hidden_continuous_size': 7, 'attention_head_size': 2, 'learning_rate': 0.009664838821051777}. Best is trial 3 with value: 2.6677358150482178.
LOCAL_RANK: 0 - CUDA_VISIBLE_DEVICES: [0]
[I 2023-12-15 19:15:14,943] Trial 24 finished with value: 4.316195011138916 and parameters: {'gradient_clip_val': 0.7433476329564548, 'hidden_size': 10, 'dropout': 0.3415321937473194, 'hidden_continuous_size': 7, 'attention_head_size': 3, 'learning_rate': 0.020751240969109692}. Best is trial 3 with value: 2.6677358150482178.
LOCAL_RANK: 0 - CUDA_VISIBLE_DEVICES: [0]
[I 2023-12-15 19:15:59,550] Trial 25 finished with value: 3.040013074874878 and parameters: {'gradient_clip_val': 0.6064644410636785, 'hidden_size': 7, 'dropout': 0.37345002772432717, 'hidden_continuous_size': 5, 'attention_head_size': 2, 'learning_rate': 0.004868112542363325}. Best is trial 3 with value: 2.6677358150482178.
LOCAL_RANK: 0 - CUDA_VISIBLE_DEVICES: [0]
[I 2023-12-15 19:16:47,329] Trial 26 finished with value: 26.4248046875 and parameters: {'gradient_clip_val': 0.45027932236194995, 'hidden_size': 23, 'dropout': 0.39175184488360437, 'hidden_continuous_size': 8, 'attention_head_size': 1, 'learning_rate': 0.035707834349028446}. Best is trial 3 with value: 2.6677358150482178.
LOCAL_RANK: 0 - CUDA_VISIBLE_DEVICES: [0]
[I 2023-12-15 19:17:31,336] Trial 27 finished with value: 8.040629386901855 and parameters: {'gradient_clip_val': 0.8739058844591049, 'hidden_size': 16, 'dropout': 0.3319559449745895, 'hidden_continuous_size': 8, 'attention_head_size': 2, 'learning_rate': 0.0632659150681718}. Best is trial 3 with value: 2.6677358150482178.
LOCAL_RANK: 0 - CUDA_VISIBLE_DEVICES: [0]
