[I 2023-12-26 12:29:57,019] Trial 22 finished with value: 3.167060136795044 and parameters: {'gradient_clip_val': 0.2013073154194649, 'hidden_size': 78, 'dropout': 0.3757984897368003, 'hidden_continuous_size': 62, 'attention_head_size': 3, 'learning_rate': 0.05116760145230939}. Best is trial 0 with value: 0.19381223618984222.
[I 2023-12-26 12:30:07,523] Trial 23 finished with value: 2.6595332622528076 and parameters: {'gradient_clip_val': 0.2713666095107506, 'hidden_size': 116, 'dropout': 0.4090676562924694, 'hidden_continuous_size': 104, 'attention_head_size': 4, 'learning_rate': 0.031461826117601795}. Best is trial 0 with value: 0.19381223618984222.
[I 2023-12-26 12:30:11,720] Trial 24 finished with value: 3.1249172687530518 and parameters: {'gradient_clip_val': 0.3198537668607238, 'hidden_size': 48, 'dropout': 0.2691091322574295, 'hidden_continuous_size': 31, 'attention_head_size': 2, 'learning_rate': 0.07939780148538307}. Best is trial 0 with value: 0.19381223618984222.
[I 2023-12-26 12:30:24,594] Trial 25 finished with value: 2.528033494949341 and parameters: {'gradient_clip_val': 0.18548385131483358, 'hidden_size': 143, 'dropout': 0.32380090515089655, 'hidden_continuous_size': 122, 'attention_head_size': 3, 'learning_rate': 0.05612596622979618}. Best is trial 0 with value: 0.19381223618984222.
[I 2023-12-26 12:30:37,157] Trial 26 finished with value: 2.771123170852661 and parameters: {'gradient_clip_val': 0.16102029283085717, 'hidden_size': 139, 'dropout': 0.3276165652269776, 'hidden_continuous_size': 128, 'attention_head_size': 4, 'learning_rate': 0.057524962186440216}. Best is trial 0 with value: 0.19381223618984222.
[I 2023-12-26 12:30:50,809] Trial 27 finished with value: 1.7997428178787231 and parameters: {'gradient_clip_val': 0.19056754736451462, 'hidden_size': 150, 'dropout': 0.288438152369917, 'hidden_continuous_size': 149, 'attention_head_size': 4, 'learning_rate': 0.07412585040489016}. Best is trial 0 with value: 0.19381223618984222.
[I 2023-12-26 12:30:57,340] Trial 28 finished with value: 3.0285937786102295 and parameters: {'gradient_clip_val': 0.13827505140086963, 'hidden_size': 71, 'dropout': 0.27176656973673574, 'hidden_continuous_size': 46, 'attention_head_size': 4, 'learning_rate': 0.09930577612275746}. Best is trial 0 with value: 0.19381223618984222.
[I 2023-12-26 12:31:06,489] Trial 29 finished with value: 3.424152374267578 and parameters: {'gradient_clip_val': 0.10478287560477396, 'hidden_size': 106, 'dropout': 0.19632409659605093, 'hidden_continuous_size': 74, 'attention_head_size': 4, 'learning_rate': 0.02248325437270287}. Best is trial 0 with value: 0.19381223618984222.
[I 2023-12-26 12:31:12,218] Trial 30 finished with value: 5.181949138641357 and parameters: {'gradient_clip_val': 0.23053312618280616, 'hidden_size': 59, 'dropout': 0.2168656811160356, 'hidden_continuous_size': 39, 'attention_head_size': 4, 'learning_rate': 0.015103891696981666}. Best is trial 0 with value: 0.19381223618984222.
[I 2023-12-26 12:31:24,184] Trial 31 finished with value: 3.2113382816314697 and parameters: {'gradient_clip_val': 0.18711154092577512, 'hidden_size': 146, 'dropout': 0.3207338563018392, 'hidden_continuous_size': 62, 'attention_head_size': 3, 'learning_rate': 0.06099253998762116}. Best is trial 0 with value: 0.19381223618984222.
[I 2023-12-26 12:31:34,598] Trial 32 finished with value: 2.712354898452759 and parameters: {'gradient_clip_val': 0.1703650126165347, 'hidden_size': 118, 'dropout': 0.27057239173124603, 'hidden_continuous_size': 118, 'attention_head_size': 1, 'learning_rate': 0.028595905674549806}. Best is trial 0 with value: 0.19381223618984222.
[I 2023-12-26 12:31:45,855] Trial 33 finished with value: 1.912308692932129 and parameters: {'gradient_clip_val': 0.20154918393515858, 'hidden_size': 127, 'dropout': 0.3399313851752782, 'hidden_continuous_size': 107, 'attention_head_size': 4, 'learning_rate': 0.07135619538723552}. Best is trial 0 with value: 0.19381223618984222.
[I 2023-12-26 12:31:52,878] Trial 34 finished with value: 3.0800411701202393 and parameters: {'gradient_clip_val': 0.2119761025929807, 'hidden_size': 85, 'dropout': 0.3470878044861314, 'hidden_continuous_size': 72, 'attention_head_size': 4, 'learning_rate': 0.08188319421298143}. Best is trial 0 with value: 0.19381223618984222.
[I 2023-12-26 12:32:00,369] Trial 35 finished with value: 2.9217331409454346 and parameters: {'gradient_clip_val': 0.14174132131924363, 'hidden_size': 114, 'dropout': 0.2516800018035605, 'hidden_continuous_size': 87, 'attention_head_size': 4, 'learning_rate': 0.04070070861638134}. Best is trial 0 with value: 0.19381223618984222.
[I 2023-12-26 12:32:05,616] Trial 36 finished with value: 2.39211106300354 and parameters: {'gradient_clip_val': 0.3462146478750176, 'hidden_size': 67, 'dropout': 0.30059422444573997, 'hidden_continuous_size': 52, 'attention_head_size': 4, 'learning_rate': 0.07483277809262322}. Best is trial 0 with value: 0.19381223618984222.
[I 2023-12-26 12:32:09,563] Trial 37 finished with value: 3.7709133625030518 and parameters: {'gradient_clip_val': 0.24426248340498113, 'hidden_size': 38, 'dropout': 0.11433153527350068, 'hidden_continuous_size': 27, 'attention_head_size': 4, 'learning_rate': 0.021446955652800047}. Best is trial 0 with value: 0.19381223618984222.
[I 2023-12-26 12:32:16,139] Trial 38 finished with value: 3.521937608718872 and parameters: {'gradient_clip_val': 0.2910612203959302, 'hidden_size': 87, 'dropout': 0.35477990380244373, 'hidden_continuous_size': 70, 'attention_head_size': 4, 'learning_rate': 0.008378903196066226}. Best is trial 0 with value: 0.19381223618984222.
[I 2023-12-26 12:32:25,827] Trial 39 finished with value: 2.2219152450561523 and parameters: {'gradient_clip_val': 0.19458980571112885, 'hidden_size': 119, 'dropout': 0.33204863988134725, 'hidden_continuous_size': 96, 'attention_head_size': 2, 'learning_rate': 0.06459867925055186}. Best is trial 0 with value: 0.19381223618984222.
[I 2023-12-26 12:32:35,291] Trial 40 finished with value: 2.5793631076812744 and parameters: {'gradient_clip_val': 0.19546370563461207, 'hidden_size': 111, 'dropout': 0.33863946999804756, 'hidden_continuous_size': 92, 'attention_head_size': 2, 'learning_rate': 0.06785930310429385}. Best is trial 0 with value: 0.19381223618984222.
[I 2023-12-26 12:32:45,160] Trial 41 finished with value: 1.6891423463821411 and parameters: {'gradient_clip_val': 0.21142041029848713, 'hidden_size': 124, 'dropout': 0.30785853570943905, 'hidden_continuous_size': 105, 'attention_head_size': 2, 'learning_rate': 0.0977886705112947}. Best is trial 0 with value: 0.19381223618984222.
[I 2023-12-26 12:32:55,681] Trial 42 finished with value: 3.1809146404266357 and parameters: {'gradient_clip_val': 0.22772079409595875, 'hidden_size': 123, 'dropout': 0.2898620440151007, 'hidden_continuous_size': 102, 'attention_head_size': 2, 'learning_rate': 0.09335682293993243}. Best is trial 0 with value: 0.19381223618984222.
[I 2023-12-26 12:33:04,160] Trial 43 finished with value: 2.291107177734375 and parameters: {'gradient_clip_val': 0.1644847135666134, 'hidden_size': 98, 'dropout': 0.32055355428814875, 'hidden_continuous_size': 82, 'attention_head_size': 1, 'learning_rate': 0.06171728605298092}. Best is trial 0 with value: 0.19381223618984222.
[I 2023-12-26 12:33:17,100] Trial 44 finished with value: 2.310509204864502 and parameters: {'gradient_clip_val': 0.19576759754577208, 'hidden_size': 148, 'dropout': 0.3471974269105193, 'hidden_continuous_size': 136, 'attention_head_size': 2, 'learning_rate': 0.07236155879379505}. Best is trial 0 with value: 0.19381223618984222.
[I 2023-12-26 12:33:28,797] Trial 45 finished with value: 3.50567626953125 and parameters: {'gradient_clip_val': 0.21223798925182277, 'hidden_size': 125, 'dropout': 0.30832119529877855, 'hidden_continuous_size': 116, 'attention_head_size': 2, 'learning_rate': 0.04534566359567572}. Best is trial 0 with value: 0.19381223618984222.
[I 2023-12-26 12:33:35,063] Trial 46 finished with value: 3.023524284362793 and parameters: {'gradient_clip_val': 0.26278270044200147, 'hidden_size': 74, 'dropout': 0.22208422460619498, 'hidden_continuous_size': 65, 'attention_head_size': 1, 'learning_rate': 0.0982424242867606}. Best is trial 0 with value: 0.19381223618984222.
[I 2023-12-26 12:33:42,816] Trial 47 finished with value: 4.094784736633301 and parameters: {'gradient_clip_val': 0.12132606648857316, 'hidden_size': 88, 'dropout': 0.24816857336373319, 'hidden_continuous_size': 75, 'attention_head_size': 2, 'learning_rate': 0.03603802776228959}. Best is trial 0 with value: 0.19381223618984222.
[I 2023-12-26 12:33:48,236] Trial 48 finished with value: 2.712923288345337 and parameters: {'gradient_clip_val': 0.1797817735070093, 'hidden_size': 59, 'dropout': 0.28995014967919813, 'hidden_continuous_size': 53, 'attention_head_size': 2, 'learning_rate': 0.05068934063487287}. Best is trial 0 with value: 0.19381223618984222.
[I 2023-12-26 12:33:58,835] Trial 49 finished with value: 2.7010514736175537 and parameters: {'gradient_clip_val': 0.3185900663871693, 'hidden_size': 129, 'dropout': 0.35826928204103425, 'hidden_continuous_size': 108, 'attention_head_size': 1, 'learning_rate': 0.07107701322424084}. Best is trial 0 with value: 0.19381223618984222.
[I 2023-12-26 12:33:58,973] A new study created in memory with name: no-name-41e84ab5-3a46-4ac2-ab6d-2f3a732f168f
/home/le004/conda/anaconda3/envs/tsff_env/lib/python3.9/site-packages/lightning/fabric/plugins/environments/slurm.py:191: The `srun` command is available on your system but is not used. HINT: If your intention is to run Lightning on SLURM, prepend your python command with `srun` like so: srun python /home/le004/master_thesis/git/TSFusionForecast/code/ ...
[I 2023-12-26 12:49:40,547] Trial 0 finished with value: 0.055530060082674026 and parameters: {'gradient_clip_val': 0.4659093947552902, 'hidden_size': 92, 'dropout': 0.3221314477814923, 'hidden_continuous_size': 7, 'attention_head_size': 2, 'learning_rate': 0.009117927574919282}. Best is trial 0 with value: 0.055530060082674026.
[I 2023-12-26 12:52:15,191] Trial 1 finished with value: 0.28862664103507996 and parameters: {'gradient_clip_val': 0.11931754978753882, 'hidden_size': 87, 'dropout': 0.17446971410620407, 'hidden_continuous_size': 82, 'attention_head_size': 4, 'learning_rate': 0.000765557798364275}. Best is trial 0 with value: 0.055530060082674026.
[I 2023-12-26 12:52:20,051] Trial 2 finished with value: 2.986666440963745 and parameters: {'gradient_clip_val': 0.11272587170992379, 'hidden_size': 61, 'dropout': 0.37877366366598253, 'hidden_continuous_size': 43, 'attention_head_size': 4, 'learning_rate': 0.037928819601906076}. Best is trial 0 with value: 0.055530060082674026.
[I 2023-12-26 12:52:22,324] Trial 3 finished with value: 3.134413003921509 and parameters: {'gradient_clip_val': 0.27183371176025, 'hidden_size': 12, 'dropout': 0.19071510346085618, 'hidden_continuous_size': 9, 'attention_head_size': 3, 'learning_rate': 0.0012890100826222068}. Best is trial 0 with value: 0.055530060082674026.
[I 2023-12-26 12:52:24,797] Trial 4 finished with value: 4.572460651397705 and parameters: {'gradient_clip_val': 0.25068203509586773, 'hidden_size': 16, 'dropout': 0.34597649464455327, 'hidden_continuous_size': 14, 'attention_head_size': 1, 'learning_rate': 0.018858417000777658}. Best is trial 0 with value: 0.055530060082674026.
[I 2023-12-26 12:52:31,320] Trial 5 finished with value: 3.3961689472198486 and parameters: {'gradient_clip_val': 0.688118236786052, 'hidden_size': 74, 'dropout': 0.23406096859914327, 'hidden_continuous_size': 31, 'attention_head_size': 4, 'learning_rate': 0.053983528061719216}. Best is trial 0 with value: 0.055530060082674026.
[I 2023-12-26 12:52:33,537] Trial 6 finished with value: 4.285240173339844 and parameters: {'gradient_clip_val': 0.4042492789365915, 'hidden_size': 6, 'dropout': 0.37096997219511396, 'hidden_continuous_size': 6, 'attention_head_size': 4, 'learning_rate': 0.000657689526880622}. Best is trial 0 with value: 0.055530060082674026.
[I 2023-12-26 12:52:35,941] Trial 7 finished with value: 3.9792416095733643 and parameters: {'gradient_clip_val': 0.17010933370227876, 'hidden_size': 9, 'dropout': 0.4350315900472216, 'hidden_continuous_size': 6, 'attention_head_size': 4, 'learning_rate': 0.008306654401820776}. Best is trial 0 with value: 0.055530060082674026.
[I 2023-12-26 12:52:38,140] Trial 8 finished with value: 3.789374351501465 and parameters: {'gradient_clip_val': 0.9030109932665566, 'hidden_size': 8, 'dropout': 0.1626204989758817, 'hidden_continuous_size': 7, 'attention_head_size': 2, 'learning_rate': 0.002135632696488715}. Best is trial 0 with value: 0.055530060082674026.
[I 2023-12-26 12:52:40,282] Trial 9 finished with value: 3.282857894897461 and parameters: {'gradient_clip_val': 0.20171308632953058, 'hidden_size': 5, 'dropout': 0.36661285476670324, 'hidden_continuous_size': 5, 'attention_head_size': 4, 'learning_rate': 0.0006693962667534159}. Best is trial 0 with value: 0.055530060082674026.
[I 2023-12-26 12:52:51,368] Trial 10 finished with value: 4.667808532714844 and parameters: {'gradient_clip_val': 0.46362007463790356, 'hidden_size': 141, 'dropout': 0.4962906904995835, 'hidden_continuous_size': 16, 'attention_head_size': 1, 'learning_rate': 0.00471225639361796}. Best is trial 0 with value: 0.055530060082674026.
[I 2023-12-26 12:52:55,171] Trial 11 finished with value: 4.443347454071045 and parameters: {'gradient_clip_val': 0.11311714980786901, 'hidden_size': 39, 'dropout': 0.11666385460849502, 'hidden_continuous_size': 21, 'attention_head_size': 2, 'learning_rate': 0.004751736786090169}. Best is trial 0 with value: 0.055530060082674026.
[I 2023-12-26 12:53:07,013] Trial 12 finished with value: 2.937889337539673 and parameters: {'gradient_clip_val': 0.3970646920690678, 'hidden_size': 129, 'dropout': 0.26657187165386637, 'hidden_continuous_size': 109, 'attention_head_size': 3, 'learning_rate': 0.01028982088707743}. Best is trial 0 with value: 0.055530060082674026.
[I 2023-12-26 12:53:10,121] Trial 13 finished with value: 3.4640941619873047 and parameters: {'gradient_clip_val': 0.17251843175656958, 'hidden_size': 29, 'dropout': 0.2910447831175545, 'hidden_continuous_size': 8, 'attention_head_size': 2, 'learning_rate': 0.0022853242557843933}. Best is trial 0 with value: 0.055530060082674026.
[I 2023-12-26 12:53:17,248] Trial 14 finished with value: 4.771762371063232 and parameters: {'gradient_clip_val': 0.10042578774022708, 'hidden_size': 85, 'dropout': 0.23145911789969578, 'hidden_continuous_size': 10, 'attention_head_size': 3, 'learning_rate': 0.01945781703087152}. Best is trial 0 with value: 0.055530060082674026.
[I 2023-12-26 12:53:20,892] Trial 15 finished with value: 5.454312801361084 and parameters: {'gradient_clip_val': 0.33001854362130856, 'hidden_size': 45, 'dropout': 0.10531902741783539, 'hidden_continuous_size': 5, 'attention_head_size': 2, 'learning_rate': 0.003784618278654172}. Best is trial 0 with value: 0.055530060082674026.
[I 2023-12-26 12:53:28,984] Trial 16 finished with value: 3.4184730052948 and parameters: {'gradient_clip_val': 0.527426043542322, 'hidden_size': 98, 'dropout': 0.31659354672310674, 'hidden_continuous_size': 61, 'attention_head_size': 3, 'learning_rate': 0.0013585564388007736}. Best is trial 0 with value: 0.055530060082674026.
[I 2023-12-26 12:53:33,280] Trial 17 finished with value: 5.6665873527526855 and parameters: {'gradient_clip_val': 0.6072232435372477, 'hidden_size': 53, 'dropout': 0.2659709387632866, 'hidden_continuous_size': 11, 'attention_head_size': 1, 'learning_rate': 0.08430070663635325}. Best is trial 0 with value: 0.055530060082674026.
[I 2023-12-26 12:53:41,403] Trial 18 finished with value: 3.268125534057617 and parameters: {'gradient_clip_val': 0.3283658342663189, 'hidden_size': 98, 'dropout': 0.1832817980398463, 'hidden_continuous_size': 23, 'attention_head_size': 3, 'learning_rate': 0.010941659274668787}. Best is trial 0 with value: 0.055530060082674026.
[I 2023-12-26 12:53:44,563] Trial 19 finished with value: 5.45643949508667 and parameters: {'gradient_clip_val': 0.14624904695236024, 'hidden_size': 30, 'dropout': 0.3156809655919583, 'hidden_continuous_size': 9, 'attention_head_size': 2, 'learning_rate': 0.0006348195743171148}. Best is trial 0 with value: 0.055530060082674026.
[I 2023-12-26 12:53:49,974] Trial 20 finished with value: 3.8312013149261475 and parameters: {'gradient_clip_val': 0.23219702244407783, 'hidden_size': 63, 'dropout': 0.231829465353162, 'hidden_continuous_size': 14, 'attention_head_size': 1, 'learning_rate': 0.0054073386696066915}. Best is trial 0 with value: 0.055530060082674026.
[I 2023-12-26 12:54:03,243] Trial 21 finished with value: 3.8480026721954346 and parameters: {'gradient_clip_val': 0.4159288081899355, 'hidden_size': 148, 'dropout': 0.28320967618210213, 'hidden_continuous_size': 143, 'attention_head_size': 3, 'learning_rate': 0.01175857159334781}. Best is trial 0 with value: 0.055530060082674026.
[I 2023-12-26 12:54:14,750] Trial 22 finished with value: 4.832643985748291 and parameters: {'gradient_clip_val': 0.3237303845014396, 'hidden_size': 135, 'dropout': 0.26385793386018486, 'hidden_continuous_size': 95, 'attention_head_size': 3, 'learning_rate': 0.007662515711021788}. Best is trial 0 with value: 0.055530060082674026.
[I 2023-12-26 12:54:22,878] Trial 23 finished with value: 3.0657174587249756 and parameters: {'gradient_clip_val': 0.39568586555266005, 'hidden_size': 94, 'dropout': 0.1524212076993631, 'hidden_continuous_size': 53, 'attention_head_size': 2, 'learning_rate': 0.015753309252216147}. Best is trial 0 with value: 0.055530060082674026.
[I 2023-12-26 12:54:32,661] Trial 24 finished with value: 4.459713459014893 and parameters: {'gradient_clip_val': 0.2740627779673227, 'hidden_size': 115, 'dropout': 0.19836773621423304, 'hidden_continuous_size': 75, 'attention_head_size': 4, 'learning_rate': 0.028736085460656858}. Best is trial 0 with value: 0.055530060082674026.
[I 2023-12-26 12:54:38,451] Trial 25 finished with value: 4.469421863555908 and parameters: {'gradient_clip_val': 0.4955510519507849, 'hidden_size': 74, 'dropout': 0.3243433243222607, 'hidden_continuous_size': 35, 'attention_head_size': 3, 'learning_rate': 0.007387018043623029}. Best is trial 0 with value: 0.055530060082674026.
[I 2023-12-26 12:54:47,929] Trial 26 finished with value: 3.288606643676758 and parameters: {'gradient_clip_val': 0.37953704246635245, 'hidden_size': 113, 'dropout': 0.24924477699973266, 'hidden_continuous_size': 89, 'attention_head_size': 2, 'learning_rate': 0.012424622138056712}. Best is trial 0 with value: 0.055530060082674026.
[I 2023-12-26 12:54:54,204] Trial 27 finished with value: 4.73993444442749 and parameters: {'gradient_clip_val': 0.29231220877433517, 'hidden_size': 69, 'dropout': 0.2121769498814468, 'hidden_continuous_size': 30, 'attention_head_size': 3, 'learning_rate': 0.003380488857583475}. Best is trial 0 with value: 0.055530060082674026.
[I 2023-12-26 12:54:58,494] Trial 28 finished with value: 3.3736207485198975 and parameters: {'gradient_clip_val': 0.5570518161631608, 'hidden_size': 50, 'dropout': 0.28291845429609697, 'hidden_continuous_size': 11, 'attention_head_size': 4, 'learning_rate': 0.006960702277500633}. Best is trial 0 with value: 0.055530060082674026.
[I 2023-12-26 12:55:04,078] Trial 29 finished with value: 3.2955849170684814 and parameters: {'gradient_clip_val': 0.12890880874625604, 'hidden_size': 61, 'dropout': 0.33848651809794367, 'hidden_continuous_size': 43, 'attention_head_size': 4, 'learning_rate': 0.02993441799287608}. Best is trial 0 with value: 0.055530060082674026.
[I 2023-12-26 12:55:11,044] Trial 30 finished with value: 3.775344133377075 and parameters: {'gradient_clip_val': 0.20789477914774382, 'hidden_size': 81, 'dropout': 0.2924482516553587, 'hidden_continuous_size': 25, 'attention_head_size': 3, 'learning_rate': 0.010323712712227618}. Best is trial 0 with value: 0.055530060082674026.
[I 2023-12-26 12:55:20,176] Trial 31 finished with value: 3.7208311557769775 and parameters: {'gradient_clip_val': 0.12097583139761083, 'hidden_size': 113, 'dropout': 0.3882250265586347, 'hidden_continuous_size': 47, 'attention_head_size': 4, 'learning_rate': 0.03101402258578121}. Best is trial 0 with value: 0.055530060082674026.
[I 2023-12-26 12:55:25,652] Trial 32 finished with value: 4.91619348526001 and parameters: {'gradient_clip_val': 0.15389790704015546, 'hidden_size': 61, 'dropout': 0.3481087549238874, 'hidden_continuous_size': 38, 'attention_head_size': 4, 'learning_rate': 0.01766555907769004}. Best is trial 0 with value: 0.055530060082674026.
[I 2023-12-26 12:55:32,404] Trial 33 finished with value: 4.0334086418151855 and parameters: {'gradient_clip_val': 0.10818841347546318, 'hidden_size': 85, 'dropout': 0.3094887015874577, 'hidden_continuous_size': 19, 'attention_head_size': 4, 'learning_rate': 0.053032870333133614}. Best is trial 0 with value: 0.055530060082674026.
[I 2023-12-26 12:55:36,009] Trial 34 finished with value: 2.8848628997802734 and parameters: {'gradient_clip_val': 0.1300569319742623, 'hidden_size': 37, 'dropout': 0.21536352177505003, 'hidden_continuous_size': 27, 'attention_head_size': 4, 'learning_rate': 0.00613615754856021}. Best is trial 0 with value: 0.055530060082674026.
[I 2023-12-26 12:55:39,169] Trial 35 finished with value: 4.497485637664795 and parameters: {'gradient_clip_val': 0.1266377242659053, 'hidden_size': 22, 'dropout': 0.21503819959916992, 'hidden_continuous_size': 13, 'attention_head_size': 4, 'learning_rate': 0.0008603254888266493}. Best is trial 0 with value: 0.055530060082674026.
[I 2023-12-26 12:55:43,232] Trial 36 finished with value: 3.8636443614959717 and parameters: {'gradient_clip_val': 0.2544584148635926, 'hidden_size': 45, 'dropout': 0.2602849326971674, 'hidden_continuous_size': 28, 'attention_head_size': 3, 'learning_rate': 0.002914610588019727}. Best is trial 0 with value: 0.055530060082674026.
