[I 2023-12-26 11:41:45,135] Trial 29 finished with value: 265.18621826171875 and parameters: {'gradient_clip_val': 0.7725284183211829, 'hidden_size': 21, 'dropout': 0.1982333899426741, 'hidden_continuous_size': 11, 'attention_head_size': 1, 'learning_rate': 0.006724050330598876}. Best is trial 0 with value: 102.69912719726562.
[I 2023-12-26 11:41:48,037] Trial 30 finished with value: 231.19529724121094 and parameters: {'gradient_clip_val': 0.27404404868752685, 'hidden_size': 35, 'dropout': 0.3474062129315812, 'hidden_continuous_size': 12, 'attention_head_size': 1, 'learning_rate': 0.0005114391256642061}. Best is trial 0 with value: 102.69912719726562.
[I 2023-12-26 11:41:51,394] Trial 31 finished with value: 316.7602844238281 and parameters: {'gradient_clip_val': 0.487137033602544, 'hidden_size': 30, 'dropout': 0.2984576634625635, 'hidden_continuous_size': 11, 'attention_head_size': 2, 'learning_rate': 0.0020234327366110798}. Best is trial 0 with value: 102.69912719726562.
[I 2023-12-26 11:41:55,001] Trial 32 finished with value: 277.4189147949219 and parameters: {'gradient_clip_val': 0.5023075215872718, 'hidden_size': 35, 'dropout': 0.221564233609562, 'hidden_continuous_size': 13, 'attention_head_size': 3, 'learning_rate': 0.001525202527110042}. Best is trial 0 with value: 102.69912719726562.
[I 2023-12-26 11:42:00,067] Trial 33 finished with value: 186.9698028564453 and parameters: {'gradient_clip_val': 0.6231439877173481, 'hidden_size': 60, 'dropout': 0.2964700712799668, 'hidden_continuous_size': 17, 'attention_head_size': 2, 'learning_rate': 0.0010727094046577915}. Best is trial 0 with value: 102.69912719726562.
[I 2023-12-26 11:42:05,691] Trial 34 finished with value: 272.2767333984375 and parameters: {'gradient_clip_val': 0.6250681321079988, 'hidden_size': 68, 'dropout': 0.24046816384413539, 'hidden_continuous_size': 17, 'attention_head_size': 1, 'learning_rate': 0.001009996115963834}. Best is trial 0 with value: 102.69912719726562.
[I 2023-12-26 11:42:12,308] Trial 35 finished with value: 209.7809600830078 and parameters: {'gradient_clip_val': 0.8083057537650024, 'hidden_size': 84, 'dropout': 0.27522119520505806, 'hidden_continuous_size': 24, 'attention_head_size': 3, 'learning_rate': 0.0008039448404619618}. Best is trial 0 with value: 102.69912719726562.
[I 2023-12-26 11:42:16,827] Trial 36 finished with value: 275.1874084472656 and parameters: {'gradient_clip_val': 0.8985390289015833, 'hidden_size': 50, 'dropout': 0.222095246487098, 'hidden_continuous_size': 16, 'attention_head_size': 2, 'learning_rate': 0.00117573691338864}. Best is trial 0 with value: 102.69912719726562.
[I 2023-12-26 11:42:19,795] Trial 37 finished with value: 240.0106964111328 and parameters: {'gradient_clip_val': 0.6706716463366548, 'hidden_size': 25, 'dropout': 0.3285899954461696, 'hidden_continuous_size': 10, 'attention_head_size': 1, 'learning_rate': 0.0006730130542195147}. Best is trial 0 with value: 102.69912719726562.
[I 2023-12-26 11:42:28,084] Trial 38 finished with value: 250.87457275390625 and parameters: {'gradient_clip_val': 0.8828821765392849, 'hidden_size': 105, 'dropout': 0.2897116780784648, 'hidden_continuous_size': 19, 'attention_head_size': 2, 'learning_rate': 0.002707209453049181}. Best is trial 0 with value: 102.69912719726562.
[I 2023-12-26 11:42:33,074] Trial 39 finished with value: 309.9335632324219 and parameters: {'gradient_clip_val': 0.5908898392763801, 'hidden_size': 56, 'dropout': 0.3669955322764923, 'hidden_continuous_size': 30, 'attention_head_size': 1, 'learning_rate': 0.0010114813993850951}. Best is trial 0 with value: 102.69912719726562.
[I 2023-12-26 11:42:36,919] Trial 40 finished with value: 268.9447326660156 and parameters: {'gradient_clip_val': 0.8188433535593808, 'hidden_size': 45, 'dropout': 0.23863179196086615, 'hidden_continuous_size': 14, 'attention_head_size': 4, 'learning_rate': 0.0034295005150177453}. Best is trial 0 with value: 102.69912719726562.
[I 2023-12-26 11:42:39,760] Trial 41 finished with value: 273.8129577636719 and parameters: {'gradient_clip_val': 0.5206145603246212, 'hidden_size': 36, 'dropout': 0.3082591079985021, 'hidden_continuous_size': 12, 'attention_head_size': 2, 'learning_rate': 0.0018451352401399538}. Best is trial 0 with value: 102.69912719726562.
[I 2023-12-26 11:42:42,554] Trial 42 finished with value: 229.0037841796875 and parameters: {'gradient_clip_val': 0.5823678717199976, 'hidden_size': 21, 'dropout': 0.30069938973324595, 'hidden_continuous_size': 11, 'attention_head_size': 2, 'learning_rate': 0.0013873525291944106}. Best is trial 0 with value: 102.69912719726562.
[I 2023-12-26 11:42:46,798] Trial 43 finished with value: 215.7158966064453 and parameters: {'gradient_clip_val': 0.6852180895390723, 'hidden_size': 46, 'dropout': 0.2682510789150062, 'hidden_continuous_size': 15, 'attention_head_size': 3, 'learning_rate': 0.002187031433852321}. Best is trial 0 with value: 102.69912719726562.
[I 2023-12-26 11:42:50,196] Trial 44 finished with value: 135.35159301757812 and parameters: {'gradient_clip_val': 0.46785016266556745, 'hidden_size': 31, 'dropout': 0.31829443391841516, 'hidden_continuous_size': 13, 'attention_head_size': 2, 'learning_rate': 0.000824809621005027}. Best is trial 0 with value: 102.69912719726562.
[I 2023-12-26 11:42:52,863] Trial 45 finished with value: 264.04803466796875 and parameters: {'gradient_clip_val': 0.5595297956060903, 'hidden_size': 26, 'dropout': 0.39560541767999907, 'hidden_continuous_size': 13, 'attention_head_size': 2, 'learning_rate': 0.0006557268071079974}. Best is trial 0 with value: 102.69912719726562.
[I 2023-12-26 11:42:54,984] Trial 46 finished with value: 289.6459655761719 and parameters: {'gradient_clip_val': 0.39274728571649203, 'hidden_size': 11, 'dropout': 0.31878433581787124, 'hidden_continuous_size': 9, 'attention_head_size': 1, 'learning_rate': 0.0008259342661639231}. Best is trial 0 with value: 102.69912719726562.
[I 2023-12-26 11:42:58,839] Trial 47 finished with value: 305.8052062988281 and parameters: {'gradient_clip_val': 0.5540912335626356, 'hidden_size': 52, 'dropout': 0.2796773083197317, 'hidden_continuous_size': 16, 'attention_head_size': 1, 'learning_rate': 0.0012661772925388593}. Best is trial 0 with value: 102.69912719726562.
[I 2023-12-26 11:43:02,613] Trial 48 finished with value: 285.63946533203125 and parameters: {'gradient_clip_val': 0.9293083333694057, 'hidden_size': 40, 'dropout': 0.35285337367080893, 'hidden_continuous_size': 8, 'attention_head_size': 3, 'learning_rate': 0.001603752791160097}. Best is trial 0 with value: 102.69912719726562.
[I 2023-12-26 11:43:05,612] Trial 49 finished with value: 281.3992614746094 and parameters: {'gradient_clip_val': 0.6463970957030243, 'hidden_size': 13, 'dropout': 0.29083367365932367, 'hidden_continuous_size': 9, 'attention_head_size': 2, 'learning_rate': 0.0005928821938661654}. Best is trial 0 with value: 102.69912719726562.
[I 2023-12-26 11:43:05,748] A new study created in memory with name: no-name-62cbda12-40c5-4011-bf39-6967dcf1b105
/home/le004/conda/anaconda3/envs/tsff_env/lib/python3.9/site-packages/lightning/fabric/plugins/environments/slurm.py:191: The `srun` command is available on your system but is not used. HINT: If your intention is to run Lightning on SLURM, prepend your python command with `srun` like so: srun python /home/le004/master_thesis/git/TSFusionForecast/code/ ...
[I 2023-12-26 11:57:50,106] Trial 0 finished with value: 8.975481986999512 and parameters: {'gradient_clip_val': 0.9466899304260546, 'hidden_size': 127, 'dropout': 0.1654599354717811, 'hidden_continuous_size': 16, 'attention_head_size': 2, 'learning_rate': 0.008023581691969029}. Best is trial 0 with value: 8.975481986999512.
[I 2023-12-26 11:57:52,529] Trial 1 finished with value: 59.30503845214844 and parameters: {'gradient_clip_val': 0.31127731600237396, 'hidden_size': 20, 'dropout': 0.25138801196842064, 'hidden_continuous_size': 9, 'attention_head_size': 3, 'learning_rate': 0.017090673533419764}. Best is trial 0 with value: 8.975481986999512.
[I 2023-12-26 11:57:54,666] Trial 2 finished with value: 61.36079025268555 and parameters: {'gradient_clip_val': 0.26255108636440716, 'hidden_size': 8, 'dropout': 0.12623503349735377, 'hidden_continuous_size': 5, 'attention_head_size': 3, 'learning_rate': 0.02170843253364418}. Best is trial 0 with value: 8.975481986999512.
[I 2023-12-26 11:58:03,105] Trial 3 finished with value: 57.03268051147461 and parameters: {'gradient_clip_val': 0.45723655492143145, 'hidden_size': 100, 'dropout': 0.49257299361490514, 'hidden_continuous_size': 15, 'attention_head_size': 2, 'learning_rate': 0.000558580953428075}. Best is trial 0 with value: 8.975481986999512.
[I 2023-12-26 11:58:10,618] Trial 4 finished with value: 71.65509033203125 and parameters: {'gradient_clip_val': 0.883784545385906, 'hidden_size': 97, 'dropout': 0.4562007237925514, 'hidden_continuous_size': 6, 'attention_head_size': 1, 'learning_rate': 0.0005719755474083026}. Best is trial 0 with value: 8.975481986999512.
[I 2023-12-26 11:58:18,272] Trial 5 finished with value: 68.3557357788086 and parameters: {'gradient_clip_val': 0.503721752356227, 'hidden_size': 86, 'dropout': 0.15201659118859354, 'hidden_continuous_size': 34, 'attention_head_size': 1, 'learning_rate': 0.017409005793318926}. Best is trial 0 with value: 8.975481986999512.
[I 2023-12-26 11:58:20,693] Trial 6 finished with value: 60.857391357421875 and parameters: {'gradient_clip_val': 0.13489347829736287, 'hidden_size': 11, 'dropout': 0.304171447117928, 'hidden_continuous_size': 8, 'attention_head_size': 3, 'learning_rate': 0.0019275395024551285}. Best is trial 0 with value: 8.975481986999512.
[I 2023-12-26 11:58:22,725] Trial 7 finished with value: 52.5340461730957 and parameters: {'gradient_clip_val': 0.7111943497293421, 'hidden_size': 6, 'dropout': 0.38048445886769255, 'hidden_continuous_size': 6, 'attention_head_size': 1, 'learning_rate': 0.006847777133806317}. Best is trial 0 with value: 8.975481986999512.
[I 2023-12-26 11:58:25,712] Trial 8 finished with value: 64.44390106201172 and parameters: {'gradient_clip_val': 0.2679177717499677, 'hidden_size': 23, 'dropout': 0.24941511792324392, 'hidden_continuous_size': 12, 'attention_head_size': 1, 'learning_rate': 0.0015870389474511876}. Best is trial 0 with value: 8.975481986999512.
[I 2023-12-26 11:58:31,671] Trial 9 finished with value: 71.67718505859375 and parameters: {'gradient_clip_val': 0.24472026785403614, 'hidden_size': 80, 'dropout': 0.20159088757824262, 'hidden_continuous_size': 15, 'attention_head_size': 1, 'learning_rate': 0.0005312745498325428}. Best is trial 0 with value: 8.975481986999512.
[I 2023-12-26 11:58:34,818] Trial 10 finished with value: 87.92794799804688 and parameters: {'gradient_clip_val': 0.9751146423014649, 'hidden_size': 48, 'dropout': 0.10523813910093, 'hidden_continuous_size': 27, 'attention_head_size': 4, 'learning_rate': 0.07190752523562938}. Best is trial 0 with value: 8.975481986999512.
[I 2023-12-26 11:58:36,682] Trial 11 finished with value: 71.62700653076172 and parameters: {'gradient_clip_val': 0.7934058304725832, 'hidden_size': 5, 'dropout': 0.35529816786890017, 'hidden_continuous_size': 5, 'attention_head_size': 2, 'learning_rate': 0.006327854903451531}. Best is trial 0 with value: 8.975481986999512.
[I 2023-12-26 11:58:48,582] Trial 12 finished with value: 63.30336380004883 and parameters: {'gradient_clip_val': 0.5897474538240481, 'hidden_size': 149, 'dropout': 0.38464992453312924, 'hidden_continuous_size': 44, 'attention_head_size': 2, 'learning_rate': 0.007603646699688263}. Best is trial 0 with value: 8.975481986999512.
[I 2023-12-26 11:58:52,467] Trial 13 finished with value: 44.63132095336914 and parameters: {'gradient_clip_val': 0.6705553399351206, 'hidden_size': 42, 'dropout': 0.3836491483191406, 'hidden_continuous_size': 20, 'attention_head_size': 2, 'learning_rate': 0.007485170632865678}. Best is trial 0 with value: 8.975481986999512.
[I 2023-12-26 11:58:55,761] Trial 14 finished with value: 65.13455963134766 and parameters: {'gradient_clip_val': 0.9567770523427606, 'hidden_size': 42, 'dropout': 0.18923184037445998, 'hidden_continuous_size': 21, 'attention_head_size': 2, 'learning_rate': 0.002994064057183325}. Best is trial 0 with value: 8.975481986999512.
[I 2023-12-26 11:58:59,615] Trial 15 finished with value: 67.12860870361328 and parameters: {'gradient_clip_val': 0.6505087663617608, 'hidden_size': 43, 'dropout': 0.31886470304870596, 'hidden_continuous_size': 21, 'attention_head_size': 4, 'learning_rate': 0.03774629921775674}. Best is trial 0 with value: 8.975481986999512.
[I 2023-12-26 11:59:10,666] Trial 16 finished with value: 52.8741455078125 and parameters: {'gradient_clip_val': 0.46687655991553556, 'hidden_size': 147, 'dropout': 0.25538825855113984, 'hidden_continuous_size': 77, 'attention_head_size': 2, 'learning_rate': 0.010337484391348578}. Best is trial 0 with value: 8.975481986999512.
[I 2023-12-26 11:59:14,748] Trial 17 finished with value: 58.82130813598633 and parameters: {'gradient_clip_val': 0.7010475301980988, 'hidden_size': 58, 'dropout': 0.43226708393547736, 'hidden_continuous_size': 11, 'attention_head_size': 3, 'learning_rate': 0.0032266023404142427}. Best is trial 0 with value: 8.975481986999512.
[I 2023-12-26 11:59:17,799] Trial 18 finished with value: 88.81478118896484 and parameters: {'gradient_clip_val': 0.9911052198095547, 'hidden_size': 31, 'dropout': 0.3280747984314668, 'hidden_continuous_size': 15, 'attention_head_size': 2, 'learning_rate': 0.09255209485464946}. Best is trial 0 with value: 8.975481986999512.
[I 2023-12-26 11:59:23,563] Trial 19 finished with value: 60.25311279296875 and parameters: {'gradient_clip_val': 0.565414502360637, 'hidden_size': 66, 'dropout': 0.27180844661017195, 'hidden_continuous_size': 19, 'attention_head_size': 3, 'learning_rate': 0.011254447473903497}. Best is trial 0 with value: 8.975481986999512.
[I 2023-12-26 11:59:26,499] Trial 20 finished with value: 67.42526245117188 and parameters: {'gradient_clip_val': 0.3935782749085184, 'hidden_size': 30, 'dropout': 0.16799234590421144, 'hidden_continuous_size': 12, 'attention_head_size': 2, 'learning_rate': 0.004694493133108597}. Best is trial 0 with value: 8.975481986999512.
[I 2023-12-26 11:59:28,862] Trial 21 finished with value: 72.212158203125 and parameters: {'gradient_clip_val': 0.7216343822223248, 'hidden_size': 17, 'dropout': 0.3889858842648655, 'hidden_continuous_size': 6, 'attention_head_size': 1, 'learning_rate': 0.006432832006157415}. Best is trial 0 with value: 8.975481986999512.
[I 2023-12-26 11:59:31,057] Trial 22 finished with value: 69.62865447998047 and parameters: {'gradient_clip_val': 0.8052476134671361, 'hidden_size': 14, 'dropout': 0.36072076787010166, 'hidden_continuous_size': 6, 'attention_head_size': 1, 'learning_rate': 0.010365746341861427}. Best is trial 0 with value: 8.975481986999512.
[I 2023-12-26 11:59:33,916] Trial 23 finished with value: 59.76336669921875 and parameters: {'gradient_clip_val': 0.6770283881122962, 'hidden_size': 33, 'dropout': 0.4209771218688222, 'hidden_continuous_size': 10, 'attention_head_size': 2, 'learning_rate': 0.00419556005713104}. Best is trial 0 with value: 8.975481986999512.
[I 2023-12-26 11:59:36,792] Trial 24 finished with value: 65.16643524169922 and parameters: {'gradient_clip_val': 0.7911559593452364, 'hidden_size': 25, 'dropout': 0.3449524433856898, 'hidden_continuous_size': 8, 'attention_head_size': 1, 'learning_rate': 0.025941400690844503}. Best is trial 0 with value: 8.975481986999512.
[I 2023-12-26 11:59:38,929] Trial 25 finished with value: 43.57061767578125 and parameters: {'gradient_clip_val': 0.5739821299420474, 'hidden_size': 5, 'dropout': 0.29985807329079867, 'hidden_continuous_size': 5, 'attention_head_size': 2, 'learning_rate': 0.012937233672185605}. Best is trial 0 with value: 8.975481986999512.
[I 2023-12-26 11:59:41,562] Trial 26 finished with value: 69.96624755859375 and parameters: {'gradient_clip_val': 0.5689026409163999, 'hidden_size': 10, 'dropout': 0.2805367423558003, 'hidden_continuous_size': 5, 'attention_head_size': 2, 'learning_rate': 0.012749460969574682}. Best is trial 0 with value: 8.975481986999512.
[I 2023-12-26 11:59:44,014] Trial 27 finished with value: 64.68856048583984 and parameters: {'gradient_clip_val': 0.8507301217026242, 'hidden_size': 15, 'dropout': 0.2223509788114136, 'hidden_continuous_size': 7, 'attention_head_size': 3, 'learning_rate': 0.02755719791549918}. Best is trial 0 with value: 8.975481986999512.
[I 2023-12-26 11:59:47,493] Trial 28 finished with value: 64.55644226074219 and parameters: {'gradient_clip_val': 0.40356808032953395, 'hidden_size': 38, 'dropout': 0.29689254500258994, 'hidden_continuous_size': 10, 'attention_head_size': 2, 'learning_rate': 0.015324656721284722}. Best is trial 0 with value: 8.975481986999512.
[I 2023-12-26 11:59:50,218] Trial 29 finished with value: 48.477874755859375 and parameters: {'gradient_clip_val': 0.6400862514463063, 'hidden_size': 20, 'dropout': 0.22810326028617983, 'hidden_continuous_size': 9, 'attention_head_size': 3, 'learning_rate': 0.008465480339499964}. Best is trial 0 with value: 8.975481986999512.
[I 2023-12-26 11:59:54,706] Trial 30 finished with value: 69.16441345214844 and parameters: {'gradient_clip_val': 0.5631368649014485, 'hidden_size': 54, 'dropout': 0.29298694724092034, 'hidden_continuous_size': 17, 'attention_head_size': 2, 'learning_rate': 0.014779901077938803}. Best is trial 0 with value: 8.975481986999512.
[I 2023-12-26 11:59:57,090] Trial 31 finished with value: 77.5936279296875 and parameters: {'gradient_clip_val': 0.6622001081098958, 'hidden_size': 19, 'dropout': 0.23050873519223175, 'hidden_continuous_size': 9, 'attention_head_size': 3, 'learning_rate': 0.008770729456020082}. Best is trial 0 with value: 8.975481986999512.
[I 2023-12-26 11:59:59,350] Trial 32 finished with value: 81.3573989868164 and parameters: {'gradient_clip_val': 0.8570505270037572, 'hidden_size': 7, 'dropout': 0.21075126191894916, 'hidden_continuous_size': 5, 'attention_head_size': 4, 'learning_rate': 0.008924541656406198}. Best is trial 0 with value: 8.975481986999512.
[I 2023-12-26 12:00:01,993] Trial 33 finished with value: 51.42181396484375 and parameters: {'gradient_clip_val': 0.6108659987269581, 'hidden_size': 22, 'dropout': 0.1800601467317824, 'hidden_continuous_size': 7, 'attention_head_size': 3, 'learning_rate': 0.018663113959481323}. Best is trial 0 with value: 8.975481986999512.
[I 2023-12-26 12:00:04,312] Trial 34 finished with value: 51.56778335571289 and parameters: {'gradient_clip_val': 0.7581330983002565, 'hidden_size': 9, 'dropout': 0.14698871238961325, 'hidden_continuous_size': 5, 'attention_head_size': 3, 'learning_rate': 0.014045882106386225}. Best is trial 0 with value: 8.975481986999512.
[I 2023-12-26 12:00:06,591] Trial 35 finished with value: 62.35807418823242 and parameters: {'gradient_clip_val': 0.5243690743963954, 'hidden_size': 12, 'dropout': 0.23734218707565222, 'hidden_continuous_size': 7, 'attention_head_size': 2, 'learning_rate': 0.022586533317720776}. Best is trial 0 with value: 8.975481986999512.
[I 2023-12-26 12:00:08,860] Trial 36 finished with value: 61.27285385131836 and parameters: {'gradient_clip_val': 0.8473503547411805, 'hidden_size': 8, 'dropout': 0.27215344399136016, 'hidden_continuous_size': 5, 'attention_head_size': 2, 'learning_rate': 0.005111338962525124}. Best is trial 0 with value: 8.975481986999512.
[I 2023-12-26 12:00:11,682] Trial 37 finished with value: 62.00947189331055 and parameters: {'gradient_clip_val': 0.48662357739226303, 'hidden_size': 20, 'dropout': 0.21538031295304938, 'hidden_continuous_size': 9, 'attention_head_size': 3, 'learning_rate': 0.007932290286229255}. Best is trial 0 with value: 8.975481986999512.
[I 2023-12-26 12:00:21,536] Trial 38 finished with value: 73.63422393798828 and parameters: {'gradient_clip_val': 0.6318727807214499, 'hidden_size': 118, 'dropout': 0.13962063412130102, 'hidden_continuous_size': 14, 'attention_head_size': 3, 'learning_rate': 0.011943671469605642}. Best is trial 0 with value: 8.975481986999512.
[I 2023-12-26 12:00:27,666] Trial 39 finished with value: 51.17595291137695 and parameters: {'gradient_clip_val': 0.908079423655508, 'hidden_size': 80, 'dropout': 0.16689088763444906, 'hidden_continuous_size': 13, 'attention_head_size': 2, 'learning_rate': 0.005664036274624947}. Best is trial 0 with value: 8.975481986999512.
[I 2023-12-26 12:00:30,605] Trial 40 finished with value: 68.1490478515625 and parameters: {'gradient_clip_val': 0.7408838237954773, 'hidden_size': 26, 'dropout': 0.19368396250403408, 'hidden_continuous_size': 11, 'attention_head_size': 4, 'learning_rate': 0.019372395088895388}. Best is trial 0 with value: 8.975481986999512.
[I 2023-12-26 12:00:36,530] Trial 41 finished with value: 73.7501449584961 and parameters: {'gradient_clip_val': 0.8955274866255337, 'hidden_size': 68, 'dropout': 0.16895648627914872, 'hidden_continuous_size': 14, 'attention_head_size': 2, 'learning_rate': 0.005868878979936867}. Best is trial 0 with value: 8.975481986999512.
[I 2023-12-26 12:00:44,344] Trial 42 finished with value: 48.23118591308594 and parameters: {'gradient_clip_val': 0.9745359045069425, 'hidden_size': 97, 'dropout': 0.1102841508918681, 'hidden_continuous_size': 24, 'attention_head_size': 2, 'learning_rate': 0.007730365708893299}. Best is trial 0 with value: 8.975481986999512.
[I 2023-12-26 12:00:52,474] Trial 43 finished with value: 68.05196380615234 and parameters: {'gradient_clip_val': 0.9492546947192085, 'hidden_size': 103, 'dropout': 0.1484194096792171, 'hidden_continuous_size': 25, 'attention_head_size': 2, 'learning_rate': 0.008242509733370923}. Best is trial 0 with value: 8.975481986999512.
