[I 2023-12-16 04:11:32,134] Trial 3 finished with value: 138.03419494628906 and parameters: {'gradient_clip_val': 0.6304372880310305, 'hidden_size': 11, 'dropout': 0.3563702553891145, 'hidden_continuous_size': 6, 'attention_head_size': 1, 'learning_rate': 0.0013578993714751112}. Best is trial 1 with value: 67.33040618896484.
LOCAL_RANK: 0 - CUDA_VISIBLE_DEVICES: [0]
[I 2023-12-16 04:12:19,881] Trial 4 finished with value: 259.7743835449219 and parameters: {'gradient_clip_val': 0.9915081004421366, 'hidden_size': 9, 'dropout': 0.10588936972872329, 'hidden_continuous_size': 7, 'attention_head_size': 4, 'learning_rate': 0.0005322378596184622}. Best is trial 1 with value: 67.33040618896484.
LOCAL_RANK: 0 - CUDA_VISIBLE_DEVICES: [0]
[I 2023-12-16 04:13:13,330] Trial 5 finished with value: 59.9805793762207 and parameters: {'gradient_clip_val': 0.1773034022446482, 'hidden_size': 49, 'dropout': 0.36803987175900954, 'hidden_continuous_size': 16, 'attention_head_size': 1, 'learning_rate': 0.0013668930467206286}. Best is trial 5 with value: 59.9805793762207.
LOCAL_RANK: 0 - CUDA_VISIBLE_DEVICES: [0]
[I 2023-12-16 04:14:00,498] Trial 6 finished with value: 100.08621978759766 and parameters: {'gradient_clip_val': 0.5698752698203315, 'hidden_size': 10, 'dropout': 0.19908330333671406, 'hidden_continuous_size': 7, 'attention_head_size': 4, 'learning_rate': 0.05006231470444478}. Best is trial 5 with value: 59.9805793762207.
LOCAL_RANK: 0 - CUDA_VISIBLE_DEVICES: [0]
[I 2023-12-16 04:14:50,783] Trial 7 finished with value: 116.699951171875 and parameters: {'gradient_clip_val': 0.37737710484118264, 'hidden_size': 41, 'dropout': 0.24597438838501112, 'hidden_continuous_size': 5, 'attention_head_size': 2, 'learning_rate': 0.005741811962963076}. Best is trial 5 with value: 59.9805793762207.
LOCAL_RANK: 0 - CUDA_VISIBLE_DEVICES: [0]
[I 2023-12-16 04:15:36,357] Trial 8 finished with value: 88.84835052490234 and parameters: {'gradient_clip_val': 0.5597731876055126, 'hidden_size': 16, 'dropout': 0.10017063389911668, 'hidden_continuous_size': 5, 'attention_head_size': 2, 'learning_rate': 0.0018540782007588456}. Best is trial 5 with value: 59.9805793762207.
LOCAL_RANK: 0 - CUDA_VISIBLE_DEVICES: [0]
[I 2023-12-16 04:16:23,115] Trial 9 finished with value: 172.72515869140625 and parameters: {'gradient_clip_val': 0.1799697253177153, 'hidden_size': 14, 'dropout': 0.2861974759918903, 'hidden_continuous_size': 8, 'attention_head_size': 2, 'learning_rate': 0.06377984505129076}. Best is trial 5 with value: 59.9805793762207.
LOCAL_RANK: 0 - CUDA_VISIBLE_DEVICES: [0]
[I 2023-12-16 04:17:13,709] Trial 10 finished with value: 106.83385467529297 and parameters: {'gradient_clip_val': 0.10647428173716789, 'hidden_size': 26, 'dropout': 0.3965362955465413, 'hidden_continuous_size': 15, 'attention_head_size': 3, 'learning_rate': 0.017823827553206592}. Best is trial 5 with value: 59.9805793762207.
LOCAL_RANK: 0 - CUDA_VISIBLE_DEVICES: [0]
[I 2023-12-16 04:17:59,581] Trial 11 finished with value: 116.23345947265625 and parameters: {'gradient_clip_val': 0.2876265694064277, 'hidden_size': 6, 'dropout': 0.32918463614068844, 'hidden_continuous_size': 5, 'attention_head_size': 1, 'learning_rate': 0.01103132393271111}. Best is trial 5 with value: 59.9805793762207.
LOCAL_RANK: 0 - CUDA_VISIBLE_DEVICES: [0]
[I 2023-12-16 04:18:49,224] Trial 12 finished with value: 66.6730728149414 and parameters: {'gradient_clip_val': 0.2647731334933336, 'hidden_size': 25, 'dropout': 0.33005213881235007, 'hidden_continuous_size': 13, 'attention_head_size': 1, 'learning_rate': 0.0036041779358572156}. Best is trial 5 with value: 59.9805793762207.
LOCAL_RANK: 0 - CUDA_VISIBLE_DEVICES: [0]
[I 2023-12-16 04:19:40,024] Trial 13 finished with value: 123.08074951171875 and parameters: {'gradient_clip_val': 0.24012209484197253, 'hidden_size': 31, 'dropout': 0.39923689717116334, 'hidden_continuous_size': 14, 'attention_head_size': 3, 'learning_rate': 0.0005468933654729636}. Best is trial 5 with value: 59.9805793762207.
LOCAL_RANK: 0 - CUDA_VISIBLE_DEVICES: [0]
[I 2023-12-16 04:20:33,520] Trial 14 finished with value: 125.4484634399414 and parameters: {'gradient_clip_val': 0.3683336923760714, 'hidden_size': 56, 'dropout': 0.3519092451433372, 'hidden_continuous_size': 22, 'attention_head_size': 1, 'learning_rate': 0.0023772941137163543}. Best is trial 5 with value: 59.9805793762207.
LOCAL_RANK: 0 - CUDA_VISIBLE_DEVICES: [0]
[I 2023-12-16 04:21:22,952] Trial 15 finished with value: 130.27503967285156 and parameters: {'gradient_clip_val': 0.20527761681629758, 'hidden_size': 21, 'dropout': 0.3281334973650368, 'hidden_continuous_size': 12, 'attention_head_size': 1, 'learning_rate': 0.009108875595382863}. Best is trial 5 with value: 59.9805793762207.
LOCAL_RANK: 0 - CUDA_VISIBLE_DEVICES: [0]
[I 2023-12-16 04:22:18,917] Trial 16 finished with value: 85.03948211669922 and parameters: {'gradient_clip_val': 0.14957325799691992, 'hidden_size': 93, 'dropout': 0.3660488795488133, 'hidden_continuous_size': 24, 'attention_head_size': 3, 'learning_rate': 0.0009651802907885211}. Best is trial 5 with value: 59.9805793762207.
LOCAL_RANK: 0 - CUDA_VISIBLE_DEVICES: [0]
[I 2023-12-16 04:23:10,721] Trial 17 finished with value: 120.14312744140625 and parameters: {'gradient_clip_val': 0.27598714534188445, 'hidden_size': 39, 'dropout': 0.30628402677962063, 'hidden_continuous_size': 11, 'attention_head_size': 2, 'learning_rate': 0.0025176966956488907}. Best is trial 5 with value: 59.9805793762207.
LOCAL_RANK: 0 - CUDA_VISIBLE_DEVICES: [0]
[I 2023-12-16 04:24:03,356] Trial 18 finished with value: 154.01014709472656 and parameters: {'gradient_clip_val': 0.3771548150865692, 'hidden_size': 52, 'dropout': 0.3656361939227547, 'hidden_continuous_size': 19, 'attention_head_size': 1, 'learning_rate': 0.005152205619944073}. Best is trial 5 with value: 59.9805793762207.
LOCAL_RANK: 0 - CUDA_VISIBLE_DEVICES: [0]
[I 2023-12-16 04:24:52,702] Trial 19 finished with value: 122.88582611083984 and parameters: {'gradient_clip_val': 0.22110870587164336, 'hidden_size': 21, 'dropout': 0.2349175723030501, 'hidden_continuous_size': 10, 'attention_head_size': 2, 'learning_rate': 0.000924785106325166}. Best is trial 5 with value: 59.9805793762207.
LOCAL_RANK: 0 - CUDA_VISIBLE_DEVICES: [0]
[I 2023-12-16 04:25:42,659] Trial 20 finished with value: 120.6498031616211 and parameters: {'gradient_clip_val': 0.1055719279960535, 'hidden_size': 27, 'dropout': 0.3284199361538367, 'hidden_continuous_size': 15, 'attention_head_size': 1, 'learning_rate': 0.003063297962334468}. Best is trial 5 with value: 59.9805793762207.
LOCAL_RANK: 0 - CUDA_VISIBLE_DEVICES: [0]
[I 2023-12-16 04:26:28,367] Trial 21 finished with value: 81.81163787841797 and parameters: {'gradient_clip_val': 0.4425094690563482, 'hidden_size': 6, 'dropout': 0.29788551205707287, 'hidden_continuous_size': 5, 'attention_head_size': 1, 'learning_rate': 0.004247886030471243}. Best is trial 5 with value: 59.9805793762207.
LOCAL_RANK: 0 - CUDA_VISIBLE_DEVICES: [0]
[I 2023-12-16 04:27:04,481] Trial 22 finished with value: 234.8682403564453 and parameters: {'gradient_clip_val': 0.2962852598181464, 'hidden_size': 5, 'dropout': 0.27929359734076864, 'hidden_continuous_size': 5, 'attention_head_size': 1, 'learning_rate': 0.001965009917751017}. Best is trial 5 with value: 59.9805793762207.
LOCAL_RANK: 0 - CUDA_VISIBLE_DEVICES: [0]
[I 2023-12-16 04:27:52,825] Trial 23 finished with value: 77.92935943603516 and parameters: {'gradient_clip_val': 0.24307414462181134, 'hidden_size': 18, 'dropout': 0.3157645192126396, 'hidden_continuous_size': 9, 'attention_head_size': 1, 'learning_rate': 0.003905292498630603}. Best is trial 5 with value: 59.9805793762207.
LOCAL_RANK: 0 - CUDA_VISIBLE_DEVICES: [0]
[I 2023-12-16 04:28:42,121] Trial 24 finished with value: 162.1079559326172 and parameters: {'gradient_clip_val': 0.4872943809053138, 'hidden_size': 32, 'dropout': 0.30294305954354234, 'hidden_continuous_size': 11, 'attention_head_size': 2, 'learning_rate': 0.007181434104699258}. Best is trial 5 with value: 59.9805793762207.
LOCAL_RANK: 0 - CUDA_VISIBLE_DEVICES: [0]
[I 2023-12-16 04:29:30,953] Trial 25 finished with value: 116.1798324584961 and parameters: {'gradient_clip_val': 0.32489426973940494, 'hidden_size': 22, 'dropout': 0.34379041132223376, 'hidden_continuous_size': 6, 'attention_head_size': 1, 'learning_rate': 0.0026775909975154596}. Best is trial 5 with value: 59.9805793762207.
LOCAL_RANK: 0 - CUDA_VISIBLE_DEVICES: [0]
[I 2023-12-16 04:30:15,815] Trial 26 finished with value: 102.18338775634766 and parameters: {'gradient_clip_val': 0.8554778869876083, 'hidden_size': 8, 'dropout': 0.38068217880259686, 'hidden_continuous_size': 6, 'attention_head_size': 2, 'learning_rate': 0.004000846386604533}. Best is trial 5 with value: 59.9805793762207.
LOCAL_RANK: 0 - CUDA_VISIBLE_DEVICES: [0]
[I 2023-12-16 04:31:01,825] Trial 27 finished with value: 93.4228744506836 and parameters: {'gradient_clip_val': 0.790724241514618, 'hidden_size': 16, 'dropout': 0.33540754930219313, 'hidden_continuous_size': 9, 'attention_head_size': 1, 'learning_rate': 0.006648463833191684}. Best is trial 5 with value: 59.9805793762207.
LOCAL_RANK: 0 - CUDA_VISIBLE_DEVICES: [0]
[I 2023-12-16 04:31:47,694] Trial 28 finished with value: 106.24739837646484 and parameters: {'gradient_clip_val': 0.19406408760477953, 'hidden_size': 12, 'dropout': 0.3716427388855782, 'hidden_continuous_size': 7, 'attention_head_size': 3, 'learning_rate': 0.0016537706732605035}. Best is trial 5 with value: 59.9805793762207.
LOCAL_RANK: 0 - CUDA_VISIBLE_DEVICES: [0]
[I 2023-12-16 04:32:42,702] Trial 29 finished with value: 83.92737579345703 and parameters: {'gradient_clip_val': 0.25822134383965134, 'hidden_size': 67, 'dropout': 0.34887087317369286, 'hidden_continuous_size': 25, 'attention_head_size': 2, 'learning_rate': 0.0033332396203141737}. Best is trial 5 with value: 59.9805793762207.
LOCAL_RANK: 0 - CUDA_VISIBLE_DEVICES: [0]
[I 2023-12-16 04:33:35,718] Trial 30 finished with value: 81.43899536132812 and parameters: {'gradient_clip_val': 0.7016281540076027, 'hidden_size': 41, 'dropout': 0.3104980771428699, 'hidden_continuous_size': 17, 'attention_head_size': 1, 'learning_rate': 0.0029023632790772147}. Best is trial 5 with value: 59.9805793762207.
LOCAL_RANK: 0 - CUDA_VISIBLE_DEVICES: [0]
[I 2023-12-16 04:34:23,908] Trial 31 finished with value: 89.2822494506836 and parameters: {'gradient_clip_val': 0.25448183637740274, 'hidden_size': 17, 'dropout': 0.3234347613333476, 'hidden_continuous_size': 13, 'attention_head_size': 1, 'learning_rate': 0.004362337957833239}. Best is trial 5 with value: 59.9805793762207.
LOCAL_RANK: 0 - CUDA_VISIBLE_DEVICES: [0]
[I 2023-12-16 04:35:08,786] Trial 32 finished with value: 82.59503936767578 and parameters: {'gradient_clip_val': 0.2275551540920966, 'hidden_size': 8, 'dropout': 0.27890675265956844, 'hidden_continuous_size': 7, 'attention_head_size': 1, 'learning_rate': 0.003701015161654267}. Best is trial 5 with value: 59.9805793762207.
LOCAL_RANK: 0 - CUDA_VISIBLE_DEVICES: [0]
[I 2023-12-16 04:35:54,346] Trial 33 finished with value: 125.79080963134766 and parameters: {'gradient_clip_val': 0.32414773295738514, 'hidden_size': 12, 'dropout': 0.3169949873928053, 'hidden_continuous_size': 9, 'attention_head_size': 1, 'learning_rate': 0.0015180573628652799}. Best is trial 5 with value: 59.9805793762207.
LOCAL_RANK: 0 - CUDA_VISIBLE_DEVICES: [0]
[I 2023-12-16 04:36:42,111] Trial 34 finished with value: 174.0266876220703 and parameters: {'gradient_clip_val': 0.1691429361455772, 'hidden_size': 18, 'dropout': 0.347578077678046, 'hidden_continuous_size': 8, 'attention_head_size': 1, 'learning_rate': 0.002197635357606942}. Best is trial 5 with value: 59.9805793762207.
LOCAL_RANK: 0 - CUDA_VISIBLE_DEVICES: [0]
[I 2023-12-16 04:37:28,976] Trial 35 finished with value: 116.50394439697266 and parameters: {'gradient_clip_val': 0.2126723952824677, 'hidden_size': 14, 'dropout': 0.2623506059997491, 'hidden_continuous_size': 9, 'attention_head_size': 1, 'learning_rate': 0.001165207769221326}. Best is trial 5 with value: 59.9805793762207.
LOCAL_RANK: 0 - CUDA_VISIBLE_DEVICES: [0]
[I 2023-12-16 04:38:15,637] Trial 36 finished with value: 85.45719146728516 and parameters: {'gradient_clip_val': 0.24250661504813195, 'hidden_size': 10, 'dropout': 0.29390300137745584, 'hidden_continuous_size': 8, 'attention_head_size': 2, 'learning_rate': 0.004488405761205532}. Best is trial 5 with value: 59.9805793762207.
LOCAL_RANK: 0 - CUDA_VISIBLE_DEVICES: [0]
[I 2023-12-16 04:39:06,258] Trial 37 finished with value: 67.94208526611328 and parameters: {'gradient_clip_val': 0.6477941470930978, 'hidden_size': 35, 'dropout': 0.3141260825561819, 'hidden_continuous_size': 12, 'attention_head_size': 1, 'learning_rate': 0.0013795749346473965}. Best is trial 5 with value: 59.9805793762207.
LOCAL_RANK: 0 - CUDA_VISIBLE_DEVICES: [0]
[I 2023-12-16 04:40:00,001] Trial 38 finished with value: 291.7930603027344 and parameters: {'gradient_clip_val': 0.9461281675975527, 'hidden_size': 49, 'dropout': 0.35844130362467974, 'hidden_continuous_size': 17, 'attention_head_size': 2, 'learning_rate': 0.0012740616665088526}. Best is trial 5 with value: 59.9805793762207.
LOCAL_RANK: 0 - CUDA_VISIBLE_DEVICES: [0]
[I 2023-12-16 04:40:51,322] Trial 39 finished with value: 72.70633697509766 and parameters: {'gradient_clip_val': 0.6051507699403462, 'hidden_size': 36, 'dropout': 0.38050836690882295, 'hidden_continuous_size': 11, 'attention_head_size': 4, 'learning_rate': 0.002030600586386}. Best is trial 5 with value: 59.9805793762207.
LOCAL_RANK: 0 - CUDA_VISIBLE_DEVICES: [0]
[I 2023-12-16 04:41:43,378] Trial 40 finished with value: 56.59120559692383 and parameters: {'gradient_clip_val': 0.6821447957220602, 'hidden_size': 44, 'dropout': 0.34204276619706137, 'hidden_continuous_size': 12, 'attention_head_size': 1, 'learning_rate': 0.0007601726739539626}. Best is trial 40 with value: 56.59120559692383.
LOCAL_RANK: 0 - CUDA_VISIBLE_DEVICES: [0]
[I 2023-12-16 04:42:36,039] Trial 41 finished with value: 93.73331451416016 and parameters: {'gradient_clip_val': 0.7098275455642616, 'hidden_size': 45, 'dropout': 0.3373433506816367, 'hidden_continuous_size': 14, 'attention_head_size': 1, 'learning_rate': 0.0006355660299385951}. Best is trial 40 with value: 56.59120559692383.
LOCAL_RANK: 0 - CUDA_VISIBLE_DEVICES: [0]
[I 2023-12-16 04:43:26,697] Trial 42 finished with value: 103.15032196044922 and parameters: {'gradient_clip_val': 0.9936806861470636, 'hidden_size': 35, 'dropout': 0.33910483584724005, 'hidden_continuous_size': 12, 'attention_head_size': 1, 'learning_rate': 0.0007055603735525044}. Best is trial 40 with value: 56.59120559692383.
LOCAL_RANK: 0 - CUDA_VISIBLE_DEVICES: [0]
[I 2023-12-16 04:44:20,507] Trial 43 finished with value: 117.44603729248047 and parameters: {'gradient_clip_val': 0.6927405668904506, 'hidden_size': 59, 'dropout': 0.31456559064493717, 'hidden_continuous_size': 19, 'attention_head_size': 1, 'learning_rate': 0.0008324458335282991}. Best is trial 40 with value: 56.59120559692383.
LOCAL_RANK: 0 - CUDA_VISIBLE_DEVICES: [0]
[I 2023-12-16 04:45:08,855] Trial 44 finished with value: 95.04159545898438 and parameters: {'gradient_clip_val': 0.8144761913624822, 'hidden_size': 28, 'dropout': 0.28995508583760404, 'hidden_continuous_size': 13, 'attention_head_size': 1, 'learning_rate': 0.0013373082515379738}. Best is trial 40 with value: 56.59120559692383.
LOCAL_RANK: 0 - CUDA_VISIBLE_DEVICES: [0]
[I 2023-12-16 04:46:01,850] Trial 45 finished with value: 140.929443359375 and parameters: {'gradient_clip_val': 0.5516991538409527, 'hidden_size': 45, 'dropout': 0.35854905539536175, 'hidden_continuous_size': 16, 'attention_head_size': 1, 'learning_rate': 0.001119210402278011}. Best is trial 40 with value: 56.59120559692383.
LOCAL_RANK: 0 - CUDA_VISIBLE_DEVICES: [0]
[I 2023-12-16 04:46:51,687] Trial 46 finished with value: 108.89347076416016 and parameters: {'gradient_clip_val': 0.6465962386677453, 'hidden_size': 30, 'dropout': 0.3853999604717121, 'hidden_continuous_size': 13, 'attention_head_size': 1, 'learning_rate': 0.0005207092237187374}. Best is trial 40 with value: 56.59120559692383.
LOCAL_RANK: 0 - CUDA_VISIBLE_DEVICES: [0]
[I 2023-12-16 04:47:40,327] Trial 47 finished with value: 85.29161834716797 and parameters: {'gradient_clip_val': 0.5514641554544376, 'hidden_size': 24, 'dropout': 0.3243908492059853, 'hidden_continuous_size': 12, 'attention_head_size': 2, 'learning_rate': 0.0007932912915034637}. Best is trial 40 with value: 56.59120559692383.
LOCAL_RANK: 0 - CUDA_VISIBLE_DEVICES: [0]
[I 2023-12-16 04:48:31,977] Trial 48 finished with value: 174.5407257080078 and parameters: {'gradient_clip_val': 0.4725667085797638, 'hidden_size': 34, 'dropout': 0.34998721490491375, 'hidden_continuous_size': 10, 'attention_head_size': 4, 'learning_rate': 0.001591985067395344}. Best is trial 40 with value: 56.59120559692383.
LOCAL_RANK: 0 - CUDA_VISIBLE_DEVICES: [0]
[I 2023-12-16 04:49:23,227] Trial 49 finished with value: 63.823368072509766 and parameters: {'gradient_clip_val': 0.7595373241817185, 'hidden_size': 39, 'dropout': 0.30333327219132167, 'hidden_continuous_size': 10, 'attention_head_size': 1, 'learning_rate': 0.0010383900206200863}. Best is trial 40 with value: 56.59120559692383.
[I 2023-12-16 04:49:23,336] A new study created in memory with name: no-name-e7f9563a-8036-4924-8def-f3423f3db57f
/home/le004/conda/anaconda3/envs/tsff_env/lib/python3.9/site-packages/lightning/fabric/plugins/environments/slurm.py:191: The `srun` command is available on your system but is not used. HINT: If your intention is to run Lightning on SLURM, prepend your python command with `srun` like so: srun python /home/le004/master_thesis/git/TSFusionForecast/code/ ...
LOCAL_RANK: 0 - CUDA_VISIBLE_DEVICES: [0]
[I 2023-12-16 04:50:14,248] Trial 0 finished with value: 0.22277872264385223 and parameters: {'gradient_clip_val': 0.13312298023908717, 'hidden_size': 35, 'dropout': 0.3141515687607399, 'hidden_continuous_size': 5, 'attention_head_size': 4, 'learning_rate': 0.06541392856842994}. Best is trial 0 with value: 0.22277872264385223.
LOCAL_RANK: 0 - CUDA_VISIBLE_DEVICES: [0]
[I 2023-12-16 04:51:01,344] Trial 1 finished with value: 0.18339842557907104 and parameters: {'gradient_clip_val': 0.5343497295205827, 'hidden_size': 18, 'dropout': 0.3196873196289123, 'hidden_continuous_size': 5, 'attention_head_size': 1, 'learning_rate': 0.011699507615181579}. Best is trial 1 with value: 0.18339842557907104.
LOCAL_RANK: 0 - CUDA_VISIBLE_DEVICES: [0]
[I 2023-12-16 04:51:47,081] Trial 2 finished with value: 1.6488310098648071 and parameters: {'gradient_clip_val': 0.9380647472283079, 'hidden_size': 8, 'dropout': 0.18223727634535603, 'hidden_continuous_size': 5, 'attention_head_size': 4, 'learning_rate': 0.0011188947467083864}. Best is trial 1 with value: 0.18339842557907104.
LOCAL_RANK: 0 - CUDA_VISIBLE_DEVICES: [0]
[I 2023-12-16 04:52:36,461] Trial 3 finished with value: 0.23382751643657684 and parameters: {'gradient_clip_val': 0.36136830567318684, 'hidden_size': 20, 'dropout': 0.1117694843942138, 'hidden_continuous_size': 14, 'attention_head_size': 4, 'learning_rate': 0.04840268847424592}. Best is trial 1 with value: 0.18339842557907104.
LOCAL_RANK: 0 - CUDA_VISIBLE_DEVICES: [0]
[I 2023-12-16 04:53:29,371] Trial 4 finished with value: 0.2293464094400406 and parameters: {'gradient_clip_val': 0.2186327405896628, 'hidden_size': 36, 'dropout': 0.22974622127281202, 'hidden_continuous_size': 18, 'attention_head_size': 4, 'learning_rate': 0.04804559219005153}. Best is trial 1 with value: 0.18339842557907104.
LOCAL_RANK: 0 - CUDA_VISIBLE_DEVICES: [0]
[I 2023-12-16 04:54:22,022] Trial 5 finished with value: 0.1294451355934143 and parameters: {'gradient_clip_val': 0.8014776091344835, 'hidden_size': 79, 'dropout': 0.1141192572707235, 'hidden_continuous_size': 6, 'attention_head_size': 1, 'learning_rate': 0.005489396854496791}. Best is trial 5 with value: 0.1294451355934143.
LOCAL_RANK: 0 - CUDA_VISIBLE_DEVICES: [0]
[I 2023-12-16 04:55:09,278] Trial 6 finished with value: 0.7302501797676086 and parameters: {'gradient_clip_val': 0.11920855542670132, 'hidden_size': 15, 'dropout': 0.36763621554578907, 'hidden_continuous_size': 6, 'attention_head_size': 3, 'learning_rate': 0.0011528429980042175}. Best is trial 5 with value: 0.1294451355934143.
LOCAL_RANK: 0 - CUDA_VISIBLE_DEVICES: [0]
[I 2023-12-16 04:55:56,546] Trial 7 finished with value: 0.23599767684936523 and parameters: {'gradient_clip_val': 0.35447048482930227, 'hidden_size': 13, 'dropout': 0.1925462565336351, 'hidden_continuous_size': 10, 'attention_head_size': 3, 'learning_rate': 0.0033413535394060407}. Best is trial 5 with value: 0.1294451355934143.
LOCAL_RANK: 0 - CUDA_VISIBLE_DEVICES: [0]
[I 2023-12-16 04:56:32,408] Trial 8 finished with value: 0.962003231048584 and parameters: {'gradient_clip_val': 0.15092169455464222, 'hidden_size': 5, 'dropout': 0.13175829988845567, 'hidden_continuous_size': 5, 'attention_head_size': 1, 'learning_rate': 0.0023631436462458622}. Best is trial 5 with value: 0.1294451355934143.
LOCAL_RANK: 0 - CUDA_VISIBLE_DEVICES: [0]
[I 2023-12-16 04:57:26,268] Trial 9 finished with value: 0.09427573531866074 and parameters: {'gradient_clip_val': 0.8195401464825393, 'hidden_size': 83, 'dropout': 0.35134935065147954, 'hidden_continuous_size': 7, 'attention_head_size': 2, 'learning_rate': 0.0006529238099310768}. Best is trial 9 with value: 0.09427573531866074.
LOCAL_RANK: 0 - CUDA_VISIBLE_DEVICES: [0]
[I 2023-12-16 04:58:21,714] Trial 10 finished with value: 0.23843896389007568 and parameters: {'gradient_clip_val': 0.6206563010510369, 'hidden_size': 67, 'dropout': 0.39315152723732183, 'hidden_continuous_size': 33, 'attention_head_size': 2, 'learning_rate': 0.0008798687637203454}. Best is trial 9 with value: 0.09427573531866074.
LOCAL_RANK: 0 - CUDA_VISIBLE_DEVICES: [0]
