[I 2023-12-26 13:03:16,824] Trial 33 finished with value: 89.12702178955078 and parameters: {'gradient_clip_val': 0.1912209460927251, 'hidden_size': 17, 'dropout': 0.46479546218256296, 'hidden_continuous_size': 7, 'attention_head_size': 3, 'learning_rate': 0.0005968156424234248}. Best is trial 33 with value: 89.12702178955078.
[I 2023-12-26 13:03:18,957] Trial 34 finished with value: 205.9501495361328 and parameters: {'gradient_clip_val': 0.1738094254616668, 'hidden_size': 15, 'dropout': 0.47228753351837865, 'hidden_continuous_size': 7, 'attention_head_size': 4, 'learning_rate': 0.0005985981890053922}. Best is trial 33 with value: 89.12702178955078.
[I 2023-12-26 13:03:21,051] Trial 35 finished with value: 273.63909912109375 and parameters: {'gradient_clip_val': 0.14931143071358688, 'hidden_size': 19, 'dropout': 0.4725091096887642, 'hidden_continuous_size': 7, 'attention_head_size': 2, 'learning_rate': 0.000681349299056416}. Best is trial 33 with value: 89.12702178955078.
[I 2023-12-26 13:03:23,142] Trial 36 finished with value: 175.28143310546875 and parameters: {'gradient_clip_val': 0.2537196647420887, 'hidden_size': 24, 'dropout': 0.40917139288038057, 'hidden_continuous_size': 8, 'attention_head_size': 1, 'learning_rate': 0.000857089886491207}. Best is trial 33 with value: 89.12702178955078.
[I 2023-12-26 13:03:25,195] Trial 37 finished with value: 206.4923095703125 and parameters: {'gradient_clip_val': 0.11783311435942094, 'hidden_size': 18, 'dropout': 0.45115976591488016, 'hidden_continuous_size': 6, 'attention_head_size': 3, 'learning_rate': 0.0006418881738352628}. Best is trial 33 with value: 89.12702178955078.
[I 2023-12-26 13:03:27,369] Trial 38 finished with value: 211.94313049316406 and parameters: {'gradient_clip_val': 0.31064280136723094, 'hidden_size': 21, 'dropout': 0.4180373417068477, 'hidden_continuous_size': 9, 'attention_head_size': 2, 'learning_rate': 0.0005086894712990227}. Best is trial 33 with value: 89.12702178955078.
[I 2023-12-26 13:03:29,634] Trial 39 finished with value: 282.841796875 and parameters: {'gradient_clip_val': 0.1921101796331753, 'hidden_size': 11, 'dropout': 0.3707812984215722, 'hidden_continuous_size': 6, 'attention_head_size': 4, 'learning_rate': 0.001191896115996574}. Best is trial 33 with value: 89.12702178955078.
[I 2023-12-26 13:03:31,672] Trial 40 finished with value: 287.79876708984375 and parameters: {'gradient_clip_val': 0.16043672984383997, 'hidden_size': 14, 'dropout': 0.4570125501815952, 'hidden_continuous_size': 7, 'attention_head_size': 1, 'learning_rate': 0.0007917331271181983}. Best is trial 33 with value: 89.12702178955078.
[I 2023-12-26 13:03:34,200] Trial 41 finished with value: 162.40863037109375 and parameters: {'gradient_clip_val': 0.21227169254999842, 'hidden_size': 36, 'dropout': 0.4288863836235567, 'hidden_continuous_size': 11, 'attention_head_size': 3, 'learning_rate': 0.001018705871747874}. Best is trial 33 with value: 89.12702178955078.
[I 2023-12-26 13:03:36,845] Trial 42 finished with value: 186.7152099609375 and parameters: {'gradient_clip_val': 0.2364460719967271, 'hidden_size': 48, 'dropout': 0.40154920078022244, 'hidden_continuous_size': 8, 'attention_head_size': 3, 'learning_rate': 0.0019930015329554015}. Best is trial 33 with value: 89.12702178955078.
[I 2023-12-26 13:03:38,721] Trial 43 finished with value: 237.99462890625 and parameters: {'gradient_clip_val': 0.24833999115040736, 'hidden_size': 16, 'dropout': 0.4507134873985728, 'hidden_continuous_size': 8, 'attention_head_size': 3, 'learning_rate': 0.0006758012195856847}. Best is trial 33 with value: 89.12702178955078.
[I 2023-12-26 13:03:42,472] Trial 44 finished with value: 285.52777099609375 and parameters: {'gradient_clip_val': 0.29217078890411285, 'hidden_size': 68, 'dropout': 0.4783590711765897, 'hidden_continuous_size': 15, 'attention_head_size': 3, 'learning_rate': 0.0014928805104905186}. Best is trial 33 with value: 89.12702178955078.
[I 2023-12-26 13:03:44,882] Trial 45 finished with value: 194.30870056152344 and parameters: {'gradient_clip_val': 0.18499068297844284, 'hidden_size': 30, 'dropout': 0.49120856344690217, 'hidden_continuous_size': 9, 'attention_head_size': 3, 'learning_rate': 0.002745934373375647}. Best is trial 33 with value: 89.12702178955078.
[I 2023-12-26 13:03:47,658] Trial 46 finished with value: 155.7027587890625 and parameters: {'gradient_clip_val': 0.20915531849169397, 'hidden_size': 43, 'dropout': 0.4616140714378988, 'hidden_continuous_size': 12, 'attention_head_size': 3, 'learning_rate': 0.0022347260999520022}. Best is trial 33 with value: 89.12702178955078.
[I 2023-12-26 13:03:50,602] Trial 47 finished with value: 199.1417694091797 and parameters: {'gradient_clip_val': 0.16582645719987826, 'hidden_size': 47, 'dropout': 0.45604020561435255, 'hidden_continuous_size': 12, 'attention_head_size': 2, 'learning_rate': 0.0013047063479124635}. Best is trial 33 with value: 89.12702178955078.
[I 2023-12-26 13:03:52,458] Trial 48 finished with value: 180.32362365722656 and parameters: {'gradient_clip_val': 0.2717560114160554, 'hidden_size': 8, 'dropout': 0.4319168739008096, 'hidden_continuous_size': 7, 'attention_head_size': 4, 'learning_rate': 0.0006354904761611372}. Best is trial 33 with value: 89.12702178955078.
[I 2023-12-26 13:03:54,493] Trial 49 finished with value: 135.4312744140625 and parameters: {'gradient_clip_val': 0.2059636763652993, 'hidden_size': 17, 'dropout': 0.4824465157372679, 'hidden_continuous_size': 10, 'attention_head_size': 2, 'learning_rate': 0.0016494660434273245}. Best is trial 33 with value: 89.12702178955078.
[I 2023-12-26 13:03:54,618] A new study created in memory with name: no-name-9b08b9ce-888e-4bed-a50f-5d61ef72a5f4
/home/le004/conda/anaconda3/envs/tsff_env/lib/python3.9/site-packages/lightning/fabric/plugins/environments/slurm.py:191: The `srun` command is available on your system but is not used. HINT: If your intention is to run Lightning on SLURM, prepend your python command with `srun` like so: srun python /home/le004/master_thesis/git/TSFusionForecast/code/ ...
[I 2023-12-26 13:08:25,286] Trial 0 finished with value: 139.4481964111328 and parameters: {'gradient_clip_val': 0.8375687933583869, 'hidden_size': 25, 'dropout': 0.21465292913923487, 'hidden_continuous_size': 12, 'attention_head_size': 1, 'learning_rate': 0.028316265728531038}. Best is trial 0 with value: 139.4481964111328.
[I 2023-12-26 13:08:27,391] Trial 1 finished with value: 1035.802734375 and parameters: {'gradient_clip_val': 0.3473073591215865, 'hidden_size': 6, 'dropout': 0.23655258078467012, 'hidden_continuous_size': 5, 'attention_head_size': 3, 'learning_rate': 0.021384364316617357}. Best is trial 0 with value: 139.4481964111328.
[I 2023-12-26 13:08:32,783] Trial 2 finished with value: 468.2472839355469 and parameters: {'gradient_clip_val': 0.2639868525586151, 'hidden_size': 71, 'dropout': 0.45721649328417546, 'hidden_continuous_size': 11, 'attention_head_size': 3, 'learning_rate': 0.004601275869112063}. Best is trial 0 with value: 139.4481964111328.
[I 2023-12-26 13:08:34,868] Trial 3 finished with value: 638.6985473632812 and parameters: {'gradient_clip_val': 0.4330577210295636, 'hidden_size': 7, 'dropout': 0.35841867917921166, 'hidden_continuous_size': 7, 'attention_head_size': 1, 'learning_rate': 0.0005920798745077222}. Best is trial 0 with value: 139.4481964111328.
[I 2023-12-26 13:08:37,574] Trial 4 finished with value: 793.6107788085938 and parameters: {'gradient_clip_val': 0.44013276634822196, 'hidden_size': 23, 'dropout': 0.3856018796253604, 'hidden_continuous_size': 6, 'attention_head_size': 1, 'learning_rate': 0.0006029822883952493}. Best is trial 0 with value: 139.4481964111328.
[I 2023-12-26 13:08:39,674] Trial 5 finished with value: 501.5141296386719 and parameters: {'gradient_clip_val': 0.1174919827912953, 'hidden_size': 10, 'dropout': 0.14481068817419246, 'hidden_continuous_size': 7, 'attention_head_size': 3, 'learning_rate': 0.050491757085417706}. Best is trial 0 with value: 139.4481964111328.
[I 2023-12-26 13:08:42,744] Trial 6 finished with value: 667.8773803710938 and parameters: {'gradient_clip_val': 0.12419245183621959, 'hidden_size': 42, 'dropout': 0.2809909727005358, 'hidden_continuous_size': 25, 'attention_head_size': 1, 'learning_rate': 0.06816326663539025}. Best is trial 0 with value: 139.4481964111328.
[I 2023-12-26 13:08:51,392] Trial 7 finished with value: 603.1876831054688 and parameters: {'gradient_clip_val': 0.6342114947503014, 'hidden_size': 128, 'dropout': 0.30384948998761924, 'hidden_continuous_size': 24, 'attention_head_size': 3, 'learning_rate': 0.0021865828864753418}. Best is trial 0 with value: 139.4481964111328.
[I 2023-12-26 13:08:53,386] Trial 8 finished with value: 947.69091796875 and parameters: {'gradient_clip_val': 0.9269447451814125, 'hidden_size': 9, 'dropout': 0.43458035365100933, 'hidden_continuous_size': 7, 'attention_head_size': 4, 'learning_rate': 0.07891030122811074}. Best is trial 0 with value: 139.4481964111328.
[I 2023-12-26 13:08:58,096] Trial 9 finished with value: 528.8595581054688 and parameters: {'gradient_clip_val': 0.29728675555928, 'hidden_size': 68, 'dropout': 0.31587064030494005, 'hidden_continuous_size': 23, 'attention_head_size': 1, 'learning_rate': 0.0025022997458423045}. Best is trial 0 with value: 139.4481964111328.
[I 2023-12-26 13:09:00,693] Trial 10 finished with value: 732.1298828125 and parameters: {'gradient_clip_val': 0.9732423145493613, 'hidden_size': 18, 'dropout': 0.1105286029844646, 'hidden_continuous_size': 11, 'attention_head_size': 2, 'learning_rate': 0.01493407226500345}. Best is trial 0 with value: 139.4481964111328.
[I 2023-12-26 13:09:05,531] Trial 11 finished with value: 883.2915649414062 and parameters: {'gradient_clip_val': 0.22646681433761315, 'hidden_size': 53, 'dropout': 0.4899833845589656, 'hidden_continuous_size': 13, 'attention_head_size': 2, 'learning_rate': 0.00876943214143835}. Best is trial 0 with value: 139.4481964111328.
[I 2023-12-26 13:09:09,100] Trial 12 finished with value: 726.616943359375 and parameters: {'gradient_clip_val': 0.2017290462789879, 'hidden_size': 33, 'dropout': 0.4919934659553852, 'hidden_continuous_size': 12, 'attention_head_size': 4, 'learning_rate': 0.02752804699207229}. Best is trial 0 with value: 139.4481964111328.
[I 2023-12-26 13:09:17,389] Trial 13 finished with value: 809.6299438476562 and parameters: {'gradient_clip_val': 0.667215585341244, 'hidden_size': 94, 'dropout': 0.41370671308604157, 'hidden_continuous_size': 48, 'attention_head_size': 2, 'learning_rate': 0.00671552142034161}. Best is trial 0 with value: 139.4481964111328.
[I 2023-12-26 13:09:23,317] Trial 14 finished with value: 714.620361328125 and parameters: {'gradient_clip_val': 0.5936129341119059, 'hidden_size': 66, 'dropout': 0.2107299078094648, 'hidden_continuous_size': 15, 'attention_head_size': 3, 'learning_rate': 0.031409523031114515}. Best is trial 0 with value: 139.4481964111328.
[I 2023-12-26 13:09:26,281] Trial 15 finished with value: 615.3928833007812 and parameters: {'gradient_clip_val': 0.21224965773694382, 'hidden_size': 26, 'dropout': 0.20123233904761478, 'hidden_continuous_size': 9, 'attention_head_size': 2, 'learning_rate': 0.09701020632264581}. Best is trial 0 with value: 139.4481964111328.
[I 2023-12-26 13:09:39,033] Trial 16 finished with value: 490.8881530761719 and parameters: {'gradient_clip_val': 0.30215669071989043, 'hidden_size': 144, 'dropout': 0.34596991035706426, 'hidden_continuous_size': 132, 'attention_head_size': 4, 'learning_rate': 0.013404429601292166}. Best is trial 0 with value: 139.4481964111328.
[I 2023-12-26 13:09:41,557] Trial 17 finished with value: 818.299560546875 and parameters: {'gradient_clip_val': 0.7904724891308569, 'hidden_size': 15, 'dropout': 0.261891132812736, 'hidden_continuous_size': 5, 'attention_head_size': 2, 'learning_rate': 0.03992312735711514}. Best is trial 0 with value: 139.4481964111328.
[I 2023-12-26 13:09:45,189] Trial 18 finished with value: 469.136962890625 and parameters: {'gradient_clip_val': 0.5026991820079619, 'hidden_size': 35, 'dropout': 0.43722672571944265, 'hidden_continuous_size': 9, 'attention_head_size': 3, 'learning_rate': 0.006658950875114526}. Best is trial 0 with value: 139.4481964111328.
[I 2023-12-26 13:09:49,744] Trial 19 finished with value: 780.0390625 and parameters: {'gradient_clip_val': 0.7310684733772546, 'hidden_size': 49, 'dropout': 0.32330517601733944, 'hidden_continuous_size': 16, 'attention_head_size': 4, 'learning_rate': 0.04200680686200487}. Best is trial 0 with value: 139.4481964111328.
[I 2023-12-26 13:09:57,809] Trial 20 finished with value: 796.9375610351562 and parameters: {'gradient_clip_val': 0.5354211624012685, 'hidden_size': 95, 'dropout': 0.17380224667890484, 'hidden_continuous_size': 18, 'attention_head_size': 1, 'learning_rate': 0.004380103307690805}. Best is trial 0 with value: 139.4481964111328.
[I 2023-12-26 13:10:01,379] Trial 21 finished with value: 558.0327758789062 and parameters: {'gradient_clip_val': 0.7777449828335898, 'hidden_size': 35, 'dropout': 0.4394707951277497, 'hidden_continuous_size': 9, 'attention_head_size': 3, 'learning_rate': 0.009050380725823447}. Best is trial 0 with value: 139.4481964111328.
[I 2023-12-26 13:10:04,802] Trial 22 finished with value: 1072.8448486328125 and parameters: {'gradient_clip_val': 0.5035530628081888, 'hidden_size': 33, 'dropout': 0.4670980332231939, 'hidden_continuous_size': 9, 'attention_head_size': 3, 'learning_rate': 0.0191998759596397}. Best is trial 0 with value: 139.4481964111328.
[I 2023-12-26 13:10:07,964] Trial 23 finished with value: 858.8886108398438 and parameters: {'gradient_clip_val': 0.41301843282236717, 'hidden_size': 21, 'dropout': 0.3941109855752839, 'hidden_continuous_size': 10, 'attention_head_size': 3, 'learning_rate': 0.005526613039588805}. Best is trial 0 with value: 139.4481964111328.
[I 2023-12-26 13:10:11,322] Trial 24 finished with value: 709.1716918945312 and parameters: {'gradient_clip_val': 0.5461526593182799, 'hidden_size': 31, 'dropout': 0.37491361467558343, 'hidden_continuous_size': 8, 'attention_head_size': 2, 'learning_rate': 0.003951365439641755}. Best is trial 0 with value: 139.4481964111328.
[I 2023-12-26 13:10:15,147] Trial 25 finished with value: 684.46240234375 and parameters: {'gradient_clip_val': 0.8281583857264826, 'hidden_size': 42, 'dropout': 0.44235074024120297, 'hidden_continuous_size': 11, 'attention_head_size': 3, 'learning_rate': 0.009539361912113117}. Best is trial 0 with value: 139.4481964111328.
[I 2023-12-26 13:10:17,734] Trial 26 finished with value: 635.5897827148438 and parameters: {'gradient_clip_val': 0.6587214292258272, 'hidden_size': 17, 'dropout': 0.4076739798707896, 'hidden_continuous_size': 8, 'attention_head_size': 4, 'learning_rate': 0.013175546702767441}. Best is trial 0 with value: 139.4481964111328.
[I 2023-12-26 13:10:20,807] Trial 27 finished with value: 697.4667358398438 and parameters: {'gradient_clip_val': 0.9771110129014609, 'hidden_size': 27, 'dropout': 0.4629939356399847, 'hidden_continuous_size': 10, 'attention_head_size': 2, 'learning_rate': 0.022943974661951704}. Best is trial 0 with value: 139.4481964111328.
[I 2023-12-26 13:10:25,587] Trial 28 finished with value: 764.2763061523438 and parameters: {'gradient_clip_val': 0.7056125241330141, 'hidden_size': 59, 'dropout': 0.34393360504479986, 'hidden_continuous_size': 13, 'attention_head_size': 3, 'learning_rate': 0.0029839563887879405}. Best is trial 0 with value: 139.4481964111328.
[I 2023-12-26 13:10:29,301] Trial 29 finished with value: 716.407470703125 and parameters: {'gradient_clip_val': 0.3559240307204566, 'hidden_size': 43, 'dropout': 0.2710589941665678, 'hidden_continuous_size': 5, 'attention_head_size': 3, 'learning_rate': 0.018210373579914448}. Best is trial 0 with value: 139.4481964111328.
[I 2023-12-26 13:10:31,968] Trial 30 finished with value: 530.9535522460938 and parameters: {'gradient_clip_val': 0.4957190618085556, 'hidden_size': 14, 'dropout': 0.23571603263561614, 'hidden_continuous_size': 6, 'attention_head_size': 4, 'learning_rate': 0.006393675456455732}. Best is trial 0 with value: 139.4481964111328.
[I 2023-12-26 13:10:43,544] Trial 31 finished with value: 351.6503601074219 and parameters: {'gradient_clip_val': 0.30767563791152786, 'hidden_size': 129, 'dropout': 0.34510119274067086, 'hidden_continuous_size': 110, 'attention_head_size': 4, 'learning_rate': 0.013624404415342233}. Best is trial 0 with value: 139.4481964111328.
[I 2023-12-26 13:10:50,301] Trial 32 finished with value: 628.148681640625 and parameters: {'gradient_clip_val': 0.36681364171753356, 'hidden_size': 87, 'dropout': 0.3685393481657047, 'hidden_continuous_size': 15, 'attention_head_size': 4, 'learning_rate': 0.011572110935239058}. Best is trial 0 with value: 139.4481964111328.
[I 2023-12-26 13:10:59,212] Trial 33 finished with value: 688.3134765625 and parameters: {'gradient_clip_val': 0.2665232980370612, 'hidden_size': 111, 'dropout': 0.409068603423361, 'hidden_continuous_size': 19, 'attention_head_size': 3, 'learning_rate': 0.021698376056300206}. Best is trial 0 with value: 139.4481964111328.
[I 2023-12-26 13:11:05,832] Trial 34 finished with value: 595.6841430664062 and parameters: {'gradient_clip_val': 0.41776019509453055, 'hidden_size': 76, 'dropout': 0.3589608842434869, 'hidden_continuous_size': 13, 'attention_head_size': 1, 'learning_rate': 0.008222132538924756}. Best is trial 0 with value: 139.4481964111328.
[I 2023-12-26 13:11:15,581] Trial 35 finished with value: 960.5632934570312 and parameters: {'gradient_clip_val': 0.3392857256791093, 'hidden_size': 111, 'dropout': 0.38599139105237085, 'hidden_continuous_size': 37, 'attention_head_size': 4, 'learning_rate': 0.01555638617674587}. Best is trial 0 with value: 139.4481964111328.
[I 2023-12-26 13:11:20,250] Trial 36 finished with value: 560.207275390625 and parameters: {'gradient_clip_val': 0.456769518463743, 'hidden_size': 55, 'dropout': 0.33415703048508416, 'hidden_continuous_size': 6, 'attention_head_size': 3, 'learning_rate': 0.010609829074964444}. Best is trial 0 with value: 139.4481964111328.
[I 2023-12-26 13:11:32,795] Trial 37 finished with value: 1136.1893310546875 and parameters: {'gradient_clip_val': 0.5866464133474266, 'hidden_size': 140, 'dropout': 0.2964718012290998, 'hidden_continuous_size': 115, 'attention_head_size': 1, 'learning_rate': 0.005625255392244479}. Best is trial 0 with value: 139.4481964111328.
[I 2023-12-26 13:11:38,808] Trial 38 finished with value: 830.4735717773438 and parameters: {'gradient_clip_val': 0.38255019636232823, 'hidden_size': 74, 'dropout': 0.3014423279985292, 'hidden_continuous_size': 7, 'attention_head_size': 4, 'learning_rate': 0.0019486106890930133}. Best is trial 0 with value: 139.4481964111328.
[I 2023-12-26 13:11:48,985] Trial 39 finished with value: 619.0438232421875 and parameters: {'gradient_clip_val': 0.8671549178149128, 'hidden_size': 118, 'dropout': 0.4210890236464838, 'hidden_continuous_size': 88, 'attention_head_size': 2, 'learning_rate': 0.06303484647850138}. Best is trial 0 with value: 139.4481964111328.
[I 2023-12-26 13:11:54,001] Trial 40 finished with value: 787.1261596679688 and parameters: {'gradient_clip_val': 0.4532048577144154, 'hidden_size': 62, 'dropout': 0.38405544769972827, 'hidden_continuous_size': 21, 'attention_head_size': 3, 'learning_rate': 0.026628007967178135}. Best is trial 0 with value: 139.4481964111328.
[I 2023-12-26 13:12:04,713] Trial 41 finished with value: 610.2758178710938 and parameters: {'gradient_clip_val': 0.3093910230897699, 'hidden_size': 126, 'dropout': 0.3615099293647369, 'hidden_continuous_size': 117, 'attention_head_size': 4, 'learning_rate': 0.01486187240895757}. Best is trial 0 with value: 139.4481964111328.
[I 2023-12-26 13:12:16,508] Trial 42 finished with value: 536.9498901367188 and parameters: {'gradient_clip_val': 0.27625030602468736, 'hidden_size': 139, 'dropout': 0.34517916978122176, 'hidden_continuous_size': 87, 'attention_head_size': 4, 'learning_rate': 0.011825560140620505}. Best is trial 0 with value: 139.4481964111328.
[I 2023-12-26 13:12:27,514] Trial 43 finished with value: 515.0747680664062 and parameters: {'gradient_clip_val': 0.324731080784119, 'hidden_size': 139, 'dropout': 0.32099586773284416, 'hidden_continuous_size': 29, 'attention_head_size': 4, 'learning_rate': 0.017124243141946147}. Best is trial 0 with value: 139.4481964111328.
[I 2023-12-26 13:12:39,234] Trial 44 finished with value: 584.0325927734375 and parameters: {'gradient_clip_val': 0.2512124666821422, 'hidden_size': 147, 'dropout': 0.397587929821329, 'hidden_continuous_size': 52, 'attention_head_size': 4, 'learning_rate': 0.012615801098638793}. Best is trial 0 with value: 139.4481964111328.
[I 2023-12-26 13:12:45,663] Trial 45 finished with value: 798.6935424804688 and parameters: {'gradient_clip_val': 0.2952392898455735, 'hidden_size': 82, 'dropout': 0.34211438353869555, 'hidden_continuous_size': 17, 'attention_head_size': 3, 'learning_rate': 0.00762125325305079}. Best is trial 0 with value: 139.4481964111328.
[I 2023-12-26 13:12:54,340] Trial 46 finished with value: 574.7262573242188 and parameters: {'gradient_clip_val': 0.24012225360031583, 'hidden_size': 101, 'dropout': 0.2818885723401205, 'hidden_continuous_size': 12, 'attention_head_size': 3, 'learning_rate': 0.03375119293342654}. Best is trial 0 with value: 139.4481964111328.
[I 2023-12-26 13:13:02,690] Trial 47 finished with value: 536.5449829101562 and parameters: {'gradient_clip_val': 0.19800040237577357, 'hidden_size': 99, 'dropout': 0.49999443367381213, 'hidden_continuous_size': 14, 'attention_head_size': 4, 'learning_rate': 0.02068663175164085}. Best is trial 0 with value: 139.4481964111328.
