[I 2023-12-16 12:55:44,707] Trial 5 finished with value: 2.760700225830078 and parameters: {'gradient_clip_val': 0.23114794382272402, 'hidden_size': 5, 'dropout': 0.21431231602083664, 'hidden_continuous_size': 5, 'attention_head_size': 1, 'learning_rate': 0.02945135096696027}. Best is trial 3 with value: 1.129116177558899.
LOCAL_RANK: 0 - CUDA_VISIBLE_DEVICES: [0]
[I 2023-12-16 12:56:19,455] Trial 6 finished with value: 0.8504018783569336 and parameters: {'gradient_clip_val': 0.2675070588793468, 'hidden_size': 10, 'dropout': 0.21002342120763018, 'hidden_continuous_size': 10, 'attention_head_size': 4, 'learning_rate': 0.0018126303353460185}. Best is trial 6 with value: 0.8504018783569336.
LOCAL_RANK: 0 - CUDA_VISIBLE_DEVICES: [0]
[I 2023-12-16 12:57:08,781] Trial 7 finished with value: 2.70446515083313 and parameters: {'gradient_clip_val': 0.22783684794440542, 'hidden_size': 26, 'dropout': 0.30821617744054763, 'hidden_continuous_size': 6, 'attention_head_size': 4, 'learning_rate': 0.015410616195997923}. Best is trial 6 with value: 0.8504018783569336.
LOCAL_RANK: 0 - CUDA_VISIBLE_DEVICES: [0]
[I 2023-12-16 12:57:53,294] Trial 8 finished with value: 0.39121147990226746 and parameters: {'gradient_clip_val': 0.6734990569320295, 'hidden_size': 6, 'dropout': 0.3671547854484132, 'hidden_continuous_size': 5, 'attention_head_size': 1, 'learning_rate': 0.012364664478496948}. Best is trial 8 with value: 0.39121147990226746.
LOCAL_RANK: 0 - CUDA_VISIBLE_DEVICES: [0]
[I 2023-12-16 12:58:42,014] Trial 9 finished with value: 0.6553472876548767 and parameters: {'gradient_clip_val': 0.3787152456553718, 'hidden_size': 22, 'dropout': 0.10086883858907775, 'hidden_continuous_size': 7, 'attention_head_size': 3, 'learning_rate': 0.012365613574881936}. Best is trial 8 with value: 0.39121147990226746.
LOCAL_RANK: 0 - CUDA_VISIBLE_DEVICES: [0]
[I 2023-12-16 12:59:16,063] Trial 10 finished with value: 2.8125832080841064 and parameters: {'gradient_clip_val': 0.10523992705039702, 'hidden_size': 5, 'dropout': 0.32501998754803385, 'hidden_continuous_size': 5, 'attention_head_size': 2, 'learning_rate': 0.09907297486909612}. Best is trial 8 with value: 0.39121147990226746.
LOCAL_RANK: 0 - CUDA_VISIBLE_DEVICES: [0]
[I 2023-12-16 13:00:01,552] Trial 11 finished with value: 0.19878554344177246 and parameters: {'gradient_clip_val': 0.4964089421563104, 'hidden_size': 13, 'dropout': 0.12873386812633641, 'hidden_continuous_size': 7, 'attention_head_size': 2, 'learning_rate': 0.01999743471462403}. Best is trial 11 with value: 0.19878554344177246.
LOCAL_RANK: 0 - CUDA_VISIBLE_DEVICES: [0]
[I 2023-12-16 13:00:46,515] Trial 12 finished with value: 1.9813069105148315 and parameters: {'gradient_clip_val': 0.5355277630541329, 'hidden_size': 9, 'dropout': 0.3994827624202011, 'hidden_continuous_size': 5, 'attention_head_size': 2, 'learning_rate': 0.03291836045787264}. Best is trial 11 with value: 0.19878554344177246.
LOCAL_RANK: 0 - CUDA_VISIBLE_DEVICES: [0]
[I 2023-12-16 13:01:31,604] Trial 13 finished with value: 1.5119739770889282 and parameters: {'gradient_clip_val': 0.532507929405172, 'hidden_size': 13, 'dropout': 0.27439616846170495, 'hidden_continuous_size': 7, 'attention_head_size': 1, 'learning_rate': 0.004041269609225691}. Best is trial 11 with value: 0.19878554344177246.
LOCAL_RANK: 0 - CUDA_VISIBLE_DEVICES: [0]
[I 2023-12-16 13:02:16,334] Trial 14 finished with value: 0.20050662755966187 and parameters: {'gradient_clip_val': 0.4956028699908069, 'hidden_size': 6, 'dropout': 0.15873586302538836, 'hidden_continuous_size': 5, 'attention_head_size': 2, 'learning_rate': 0.026678804219335595}. Best is trial 11 with value: 0.19878554344177246.
LOCAL_RANK: 0 - CUDA_VISIBLE_DEVICES: [0]
[I 2023-12-16 13:03:02,041] Trial 15 finished with value: 0.7800784111022949 and parameters: {'gradient_clip_val': 0.4392286924987074, 'hidden_size': 14, 'dropout': 0.15031195479085066, 'hidden_continuous_size': 8, 'attention_head_size': 2, 'learning_rate': 0.036314869309130214}. Best is trial 11 with value: 0.19878554344177246.
LOCAL_RANK: 0 - CUDA_VISIBLE_DEVICES: [0]
[I 2023-12-16 13:03:47,183] Trial 16 finished with value: 2.304903984069824 and parameters: {'gradient_clip_val': 0.4292738723770741, 'hidden_size': 7, 'dropout': 0.16626895865648622, 'hidden_continuous_size': 5, 'attention_head_size': 2, 'learning_rate': 0.07273423434381886}. Best is trial 11 with value: 0.19878554344177246.
LOCAL_RANK: 0 - CUDA_VISIBLE_DEVICES: [0]
[I 2023-12-16 13:04:32,019] Trial 17 finished with value: 0.5276349186897278 and parameters: {'gradient_clip_val': 0.32449089156804684, 'hidden_size': 7, 'dropout': 0.10702328609620768, 'hidden_continuous_size': 5, 'attention_head_size': 2, 'learning_rate': 0.02425529319620418}. Best is trial 11 with value: 0.19878554344177246.
LOCAL_RANK: 0 - CUDA_VISIBLE_DEVICES: [0]
[I 2023-12-16 13:05:06,198] Trial 18 finished with value: 0.9736952781677246 and parameters: {'gradient_clip_val': 0.5174375454010298, 'hidden_size': 5, 'dropout': 0.17239397081098867, 'hidden_continuous_size': 5, 'attention_head_size': 2, 'learning_rate': 0.01723394961092006}. Best is trial 11 with value: 0.19878554344177246.
LOCAL_RANK: 0 - CUDA_VISIBLE_DEVICES: [0]
[I 2023-12-16 13:05:51,878] Trial 19 finished with value: 1.6314784288406372 and parameters: {'gradient_clip_val': 0.7151178617746203, 'hidden_size': 13, 'dropout': 0.1387743289129615, 'hidden_continuous_size': 6, 'attention_head_size': 3, 'learning_rate': 0.054620162475873535}. Best is trial 11 with value: 0.19878554344177246.
LOCAL_RANK: 0 - CUDA_VISIBLE_DEVICES: [0]
[I 2023-12-16 13:06:36,106] Trial 20 finished with value: 1.411482334136963 and parameters: {'gradient_clip_val': 0.5933001595636188, 'hidden_size': 7, 'dropout': 0.17505576615398144, 'hidden_continuous_size': 5, 'attention_head_size': 1, 'learning_rate': 0.04823887706029729}. Best is trial 11 with value: 0.19878554344177246.
LOCAL_RANK: 0 - CUDA_VISIBLE_DEVICES: [0]
[I 2023-12-16 13:07:20,681] Trial 21 finished with value: 3.8122377395629883 and parameters: {'gradient_clip_val': 0.743635114382856, 'hidden_size': 6, 'dropout': 0.2528918930388441, 'hidden_continuous_size': 5, 'attention_head_size': 1, 'learning_rate': 0.017414064385731162}. Best is trial 11 with value: 0.19878554344177246.
LOCAL_RANK: 0 - CUDA_VISIBLE_DEVICES: [0]
[I 2023-12-16 13:08:05,558] Trial 22 finished with value: 0.7221589088439941 and parameters: {'gradient_clip_val': 0.956946005897378, 'hidden_size': 9, 'dropout': 0.12478274931570388, 'hidden_continuous_size': 6, 'attention_head_size': 1, 'learning_rate': 0.02316610960258637}. Best is trial 11 with value: 0.19878554344177246.
LOCAL_RANK: 0 - CUDA_VISIBLE_DEVICES: [0]
[I 2023-12-16 13:08:50,696] Trial 23 finished with value: 0.2352924793958664 and parameters: {'gradient_clip_val': 0.6359690032920756, 'hidden_size': 6, 'dropout': 0.2852613732464591, 'hidden_continuous_size': 5, 'attention_head_size': 2, 'learning_rate': 0.010157314429461481}. Best is trial 11 with value: 0.19878554344177246.
LOCAL_RANK: 0 - CUDA_VISIBLE_DEVICES: [0]
[I 2023-12-16 13:09:35,910] Trial 24 finished with value: 1.2455962896347046 and parameters: {'gradient_clip_val': 0.4555171398513713, 'hidden_size': 11, 'dropout': 0.1921687148447354, 'hidden_continuous_size': 6, 'attention_head_size': 2, 'learning_rate': 0.006689349087357059}. Best is trial 11 with value: 0.19878554344177246.
LOCAL_RANK: 0 - CUDA_VISIBLE_DEVICES: [0]
[I 2023-12-16 13:10:22,058] Trial 25 finished with value: 0.5801489353179932 and parameters: {'gradient_clip_val': 0.5908183181651703, 'hidden_size': 17, 'dropout': 0.24440145706605804, 'hidden_continuous_size': 7, 'attention_head_size': 2, 'learning_rate': 0.021611516948500317}. Best is trial 11 with value: 0.19878554344177246.
LOCAL_RANK: 0 - CUDA_VISIBLE_DEVICES: [0]
[I 2023-12-16 13:11:05,963] Trial 26 finished with value: 2.0302088260650635 and parameters: {'gradient_clip_val': 0.7995545778733288, 'hidden_size': 8, 'dropout': 0.14114164163091372, 'hidden_continuous_size': 5, 'attention_head_size': 2, 'learning_rate': 0.045044076605939516}. Best is trial 11 with value: 0.19878554344177246.
LOCAL_RANK: 0 - CUDA_VISIBLE_DEVICES: [0]
[I 2023-12-16 13:11:51,419] Trial 27 finished with value: 1.7029918432235718 and parameters: {'gradient_clip_val': 0.46886083270491885, 'hidden_size': 11, 'dropout': 0.11396353740834836, 'hidden_continuous_size': 6, 'attention_head_size': 3, 'learning_rate': 0.03128668732597662}. Best is trial 11 with value: 0.19878554344177246.
LOCAL_RANK: 0 - CUDA_VISIBLE_DEVICES: [0]
[I 2023-12-16 13:12:36,233] Trial 28 finished with value: 0.8383021950721741 and parameters: {'gradient_clip_val': 0.5787282376082917, 'hidden_size': 6, 'dropout': 0.14620504310095442, 'hidden_continuous_size': 5, 'attention_head_size': 2, 'learning_rate': 0.012143250754136711}. Best is trial 11 with value: 0.19878554344177246.
LOCAL_RANK: 0 - CUDA_VISIBLE_DEVICES: [0]
[I 2023-12-16 13:13:20,225] Trial 29 finished with value: 1.7114888429641724 and parameters: {'gradient_clip_val': 0.7871169688204307, 'hidden_size': 8, 'dropout': 0.11860051493726148, 'hidden_continuous_size': 5, 'attention_head_size': 2, 'learning_rate': 0.008541117664631599}. Best is trial 11 with value: 0.19878554344177246.
LOCAL_RANK: 0 - CUDA_VISIBLE_DEVICES: [0]
[I 2023-12-16 13:13:54,413] Trial 30 finished with value: 1.459965705871582 and parameters: {'gradient_clip_val': 0.39070135616330526, 'hidden_size': 5, 'dropout': 0.1286077483887112, 'hidden_continuous_size': 5, 'attention_head_size': 3, 'learning_rate': 0.02068018643368448}. Best is trial 11 with value: 0.19878554344177246.
LOCAL_RANK: 0 - CUDA_VISIBLE_DEVICES: [0]
[I 2023-12-16 13:14:38,680] Trial 31 finished with value: 0.2824065387248993 and parameters: {'gradient_clip_val': 0.6484853369299413, 'hidden_size': 6, 'dropout': 0.3243776269669407, 'hidden_continuous_size': 5, 'attention_head_size': 1, 'learning_rate': 0.012988291053009035}. Best is trial 11 with value: 0.19878554344177246.
LOCAL_RANK: 0 - CUDA_VISIBLE_DEVICES: [0]
[I 2023-12-16 13:15:23,029] Trial 32 finished with value: 0.6909790635108948 and parameters: {'gradient_clip_val': 0.643039477868509, 'hidden_size': 6, 'dropout': 0.30560432795761927, 'hidden_continuous_size': 5, 'attention_head_size': 1, 'learning_rate': 0.01467569373878217}. Best is trial 11 with value: 0.19878554344177246.
LOCAL_RANK: 0 - CUDA_VISIBLE_DEVICES: [0]
[I 2023-12-16 13:16:07,970] Trial 33 finished with value: 3.6849794387817383 and parameters: {'gradient_clip_val': 0.8308611840040978, 'hidden_size': 7, 'dropout': 0.2812244813121119, 'hidden_continuous_size': 5, 'attention_head_size': 1, 'learning_rate': 0.008268148664187713}. Best is trial 11 with value: 0.19878554344177246.
LOCAL_RANK: 0 - CUDA_VISIBLE_DEVICES: [0]
[I 2023-12-16 13:16:56,765] Trial 34 finished with value: 0.7480990886688232 and parameters: {'gradient_clip_val': 0.5179699567503183, 'hidden_size': 27, 'dropout': 0.3511597398676022, 'hidden_continuous_size': 8, 'attention_head_size': 2, 'learning_rate': 0.005603691386403483}. Best is trial 11 with value: 0.19878554344177246.
LOCAL_RANK: 0 - CUDA_VISIBLE_DEVICES: [0]
[I 2023-12-16 13:17:44,533] Trial 35 finished with value: 1.966475486755371 and parameters: {'gradient_clip_val': 0.8789902474084847, 'hidden_size': 18, 'dropout': 0.33449675987306554, 'hidden_continuous_size': 12, 'attention_head_size': 2, 'learning_rate': 0.00935455991996149}. Best is trial 11 with value: 0.19878554344177246.
LOCAL_RANK: 0 - CUDA_VISIBLE_DEVICES: [0]
[I 2023-12-16 13:18:17,951] Trial 36 finished with value: 1.2097967863082886 and parameters: {'gradient_clip_val': 0.6702855072091056, 'hidden_size': 5, 'dropout': 0.15837440281250448, 'hidden_continuous_size': 5, 'attention_head_size': 1, 'learning_rate': 0.02790301812660048}. Best is trial 11 with value: 0.19878554344177246.
LOCAL_RANK: 0 - CUDA_VISIBLE_DEVICES: [0]
[I 2023-12-16 13:19:03,673] Trial 37 finished with value: 0.8948912024497986 and parameters: {'gradient_clip_val': 0.9946873067758043, 'hidden_size': 10, 'dropout': 0.18904341574572833, 'hidden_continuous_size': 6, 'attention_head_size': 3, 'learning_rate': 0.01135551968351268}. Best is trial 11 with value: 0.19878554344177246.
LOCAL_RANK: 0 - CUDA_VISIBLE_DEVICES: [0]
[I 2023-12-16 13:19:48,048] Trial 38 finished with value: 0.6984069347381592 and parameters: {'gradient_clip_val': 0.6237892707468311, 'hidden_size': 8, 'dropout': 0.2361787106286395, 'hidden_continuous_size': 6, 'attention_head_size': 3, 'learning_rate': 0.017982851394373604}. Best is trial 11 with value: 0.19878554344177246.
LOCAL_RANK: 0 - CUDA_VISIBLE_DEVICES: [0]
[I 2023-12-16 13:20:32,666] Trial 39 finished with value: 2.541727304458618 and parameters: {'gradient_clip_val': 0.687893720133497, 'hidden_size': 6, 'dropout': 0.1293566408308952, 'hidden_continuous_size': 5, 'attention_head_size': 1, 'learning_rate': 0.004408124428614005}. Best is trial 11 with value: 0.19878554344177246.
LOCAL_RANK: 0 - CUDA_VISIBLE_DEVICES: [0]
[I 2023-12-16 13:21:18,881] Trial 40 finished with value: 0.5505330562591553 and parameters: {'gradient_clip_val': 0.40058796054133383, 'hidden_size': 11, 'dropout': 0.28538699140180346, 'hidden_continuous_size': 7, 'attention_head_size': 4, 'learning_rate': 0.014219210432236083}. Best is trial 11 with value: 0.19878554344177246.
LOCAL_RANK: 0 - CUDA_VISIBLE_DEVICES: [0]
[I 2023-12-16 13:22:03,265] Trial 41 finished with value: 0.5446869134902954 and parameters: {'gradient_clip_val': 0.7511530876658298, 'hidden_size': 6, 'dropout': 0.35841917710118026, 'hidden_continuous_size': 5, 'attention_head_size': 1, 'learning_rate': 0.010558662126980794}. Best is trial 11 with value: 0.19878554344177246.
LOCAL_RANK: 0 - CUDA_VISIBLE_DEVICES: [0]
[I 2023-12-16 13:22:36,690] Trial 42 finished with value: 2.2413032054901123 and parameters: {'gradient_clip_val': 0.664333163175927, 'hidden_size': 5, 'dropout': 0.37467601760589264, 'hidden_continuous_size': 5, 'attention_head_size': 1, 'learning_rate': 0.01322016626731807}. Best is trial 11 with value: 0.19878554344177246.
LOCAL_RANK: 0 - CUDA_VISIBLE_DEVICES: [0]
[I 2023-12-16 13:23:20,085] Trial 43 finished with value: 1.5589889287948608 and parameters: {'gradient_clip_val': 0.49949957239235776, 'hidden_size': 8, 'dropout': 0.3195148995439068, 'hidden_continuous_size': 5, 'attention_head_size': 1, 'learning_rate': 0.019837614690942206}. Best is trial 11 with value: 0.19878554344177246.
LOCAL_RANK: 0 - CUDA_VISIBLE_DEVICES: [0]
[I 2023-12-16 13:23:53,716] Trial 44 finished with value: 1.3470773696899414 and parameters: {'gradient_clip_val': 0.5637251427491553, 'hidden_size': 5, 'dropout': 0.10111080099732071, 'hidden_continuous_size': 5, 'attention_head_size': 2, 'learning_rate': 0.0072236732628919425}. Best is trial 11 with value: 0.19878554344177246.
LOCAL_RANK: 0 - CUDA_VISIBLE_DEVICES: [0]
[I 2023-12-16 13:24:38,192] Trial 45 finished with value: 1.8967057466506958 and parameters: {'gradient_clip_val': 0.49784950648296994, 'hidden_size': 6, 'dropout': 0.3435163868881732, 'hidden_continuous_size': 5, 'attention_head_size': 1, 'learning_rate': 0.02588295486963001}. Best is trial 11 with value: 0.19878554344177246.
LOCAL_RANK: 0 - CUDA_VISIBLE_DEVICES: [0]
[I 2023-12-16 13:25:23,074] Trial 46 finished with value: 0.6282504200935364 and parameters: {'gradient_clip_val': 0.8569770808852788, 'hidden_size': 7, 'dropout': 0.3011013043013181, 'hidden_continuous_size': 5, 'attention_head_size': 2, 'learning_rate': 0.009937278780169543}. Best is trial 11 with value: 0.19878554344177246.
LOCAL_RANK: 0 - CUDA_VISIBLE_DEVICES: [0]
[I 2023-12-16 13:26:08,342] Trial 47 finished with value: 1.1773117780685425 and parameters: {'gradient_clip_val': 0.3466633573500625, 'hidden_size': 9, 'dropout': 0.36921196386287736, 'hidden_continuous_size': 7, 'attention_head_size': 2, 'learning_rate': 0.03633130655701268}. Best is trial 11 with value: 0.19878554344177246.
LOCAL_RANK: 0 - CUDA_VISIBLE_DEVICES: [0]
[I 2023-12-16 13:26:59,368] Trial 48 finished with value: 0.5458981394767761 and parameters: {'gradient_clip_val': 0.6276594650018746, 'hidden_size': 35, 'dropout': 0.3931304217517169, 'hidden_continuous_size': 16, 'attention_head_size': 1, 'learning_rate': 0.015357545305597655}. Best is trial 11 with value: 0.19878554344177246.
LOCAL_RANK: 0 - CUDA_VISIBLE_DEVICES: [0]
[I 2023-12-16 13:27:44,548] Trial 49 finished with value: 0.2841293215751648 and parameters: {'gradient_clip_val': 0.4250096066211139, 'hidden_size': 13, 'dropout': 0.3288632590035817, 'hidden_continuous_size': 6, 'attention_head_size': 2, 'learning_rate': 0.011695055288051067}. Best is trial 11 with value: 0.19878554344177246.
[I 2023-12-16 13:27:44,654] A new study created in memory with name: no-name-ae4380c2-d078-445b-9225-fa3149f03136
/home/le004/conda/anaconda3/envs/tsff_env/lib/python3.9/site-packages/lightning/fabric/plugins/environments/slurm.py:191: The `srun` command is available on your system but is not used. HINT: If your intention is to run Lightning on SLURM, prepend your python command with `srun` like so: srun python /home/le004/master_thesis/git/TSFusionForecast/code/ ...
LOCAL_RANK: 0 - CUDA_VISIBLE_DEVICES: [0]
[I 2023-12-16 13:28:35,702] Trial 0 finished with value: 2.9098575115203857 and parameters: {'gradient_clip_val': 0.3641171480804671, 'hidden_size': 32, 'dropout': 0.1174118884304268, 'hidden_continuous_size': 21, 'attention_head_size': 4, 'learning_rate': 0.002342065271766326}. Best is trial 0 with value: 2.9098575115203857.
LOCAL_RANK: 0 - CUDA_VISIBLE_DEVICES: [0]
[I 2023-12-16 13:29:09,598] Trial 1 finished with value: 1.550289273262024 and parameters: {'gradient_clip_val': 0.12613727853625253, 'hidden_size': 9, 'dropout': 0.18618668962073717, 'hidden_continuous_size': 9, 'attention_head_size': 2, 'learning_rate': 0.03853666988213689}. Best is trial 1 with value: 1.550289273262024.
LOCAL_RANK: 0 - CUDA_VISIBLE_DEVICES: [0]
[I 2023-12-16 13:29:54,505] Trial 2 finished with value: 3.555645704269409 and parameters: {'gradient_clip_val': 0.2252017466599572, 'hidden_size': 9, 'dropout': 0.3376131635869968, 'hidden_continuous_size': 5, 'attention_head_size': 2, 'learning_rate': 0.000597795846961577}. Best is trial 1 with value: 1.550289273262024.
LOCAL_RANK: 0 - CUDA_VISIBLE_DEVICES: [0]
[I 2023-12-16 13:30:40,942] Trial 3 finished with value: 2.4112019538879395 and parameters: {'gradient_clip_val': 0.24399653170837846, 'hidden_size': 15, 'dropout': 0.24084718796132695, 'hidden_continuous_size': 9, 'attention_head_size': 3, 'learning_rate': 0.007728863996856534}. Best is trial 1 with value: 1.550289273262024.
LOCAL_RANK: 0 - CUDA_VISIBLE_DEVICES: [0]
[I 2023-12-16 13:31:29,633] Trial 4 finished with value: 1.060623288154602 and parameters: {'gradient_clip_val': 0.3135981981464721, 'hidden_size': 25, 'dropout': 0.3261022922116531, 'hidden_continuous_size': 14, 'attention_head_size': 1, 'learning_rate': 0.0007327031285185784}. Best is trial 4 with value: 1.060623288154602.
LOCAL_RANK: 0 - CUDA_VISIBLE_DEVICES: [0]
[I 2023-12-16 13:32:20,275] Trial 5 finished with value: 0.2906087040901184 and parameters: {'gradient_clip_val': 0.4809073105975752, 'hidden_size': 44, 'dropout': 0.3206625026783738, 'hidden_continuous_size': 9, 'attention_head_size': 1, 'learning_rate': 0.03573960770141887}. Best is trial 5 with value: 0.2906087040901184.
LOCAL_RANK: 0 - CUDA_VISIBLE_DEVICES: [0]
[I 2023-12-16 13:33:11,134] Trial 6 finished with value: 0.07104707509279251 and parameters: {'gradient_clip_val': 0.48447503982004125, 'hidden_size': 28, 'dropout': 0.38899909954909784, 'hidden_continuous_size': 27, 'attention_head_size': 2, 'learning_rate': 0.062142575224531614}. Best is trial 6 with value: 0.07104707509279251.
LOCAL_RANK: 0 - CUDA_VISIBLE_DEVICES: [0]
[I 2023-12-16 13:33:55,543] Trial 7 finished with value: 0.19534409046173096 and parameters: {'gradient_clip_val': 0.12432721687297442, 'hidden_size': 9, 'dropout': 0.3284641586081276, 'hidden_continuous_size': 5, 'attention_head_size': 1, 'learning_rate': 0.034398279223452025}. Best is trial 6 with value: 0.07104707509279251.
LOCAL_RANK: 0 - CUDA_VISIBLE_DEVICES: [0]
[I 2023-12-16 13:34:29,277] Trial 8 finished with value: 2.2190606594085693 and parameters: {'gradient_clip_val': 0.1385108369627158, 'hidden_size': 5, 'dropout': 0.18268340575097414, 'hidden_continuous_size': 5, 'attention_head_size': 2, 'learning_rate': 0.001672639581870295}. Best is trial 6 with value: 0.07104707509279251.
LOCAL_RANK: 0 - CUDA_VISIBLE_DEVICES: [0]
[I 2023-12-16 13:35:13,470] Trial 9 finished with value: 0.8098287582397461 and parameters: {'gradient_clip_val': 0.23078616519081868, 'hidden_size': 8, 'dropout': 0.16071683165743278, 'hidden_continuous_size': 5, 'attention_head_size': 3, 'learning_rate': 0.012600121667079077}. Best is trial 6 with value: 0.07104707509279251.
LOCAL_RANK: 0 - CUDA_VISIBLE_DEVICES: [0]
[I 2023-12-16 13:36:10,702] Trial 10 finished with value: 0.20380832254886627 and parameters: {'gradient_clip_val': 0.9348209473614795, 'hidden_size': 97, 'dropout': 0.3977658007354825, 'hidden_continuous_size': 49, 'attention_head_size': 4, 'learning_rate': 0.08396246709295856}. Best is trial 6 with value: 0.07104707509279251.
LOCAL_RANK: 0 - CUDA_VISIBLE_DEVICES: [0]
[I 2023-12-16 13:36:54,804] Trial 11 finished with value: 0.08685106039047241 and parameters: {'gradient_clip_val': 0.10179876992707321, 'hidden_size': 16, 'dropout': 0.39544647970393, 'hidden_continuous_size': 6, 'attention_head_size': 1, 'learning_rate': 0.09271087070072644}. Best is trial 6 with value: 0.07104707509279251.
LOCAL_RANK: 0 - CUDA_VISIBLE_DEVICES: [0]
[I 2023-12-16 13:37:40,748] Trial 12 finished with value: 0.10894026607275009 and parameters: {'gradient_clip_val': 0.5560111898280062, 'hidden_size': 17, 'dropout': 0.39518650387434523, 'hidden_continuous_size': 7, 'attention_head_size': 1, 'learning_rate': 0.09428398206220112}. Best is trial 6 with value: 0.07104707509279251.
LOCAL_RANK: 0 - CUDA_VISIBLE_DEVICES: [0]
