[I 2023-12-26 14:35:51,404] Trial 18 finished with value: 5905.013671875 and parameters: {'gradient_clip_val': 0.4060388953562094, 'hidden_size': 5, 'dropout': 0.3599263071489496, 'hidden_continuous_size': 5, 'attention_head_size': 3, 'learning_rate': 0.0018843522496748606}. Best is trial 0 with value: 932.5436401367188.
[I 2023-12-26 14:35:54,098] Trial 19 finished with value: 5591.35205078125 and parameters: {'gradient_clip_val': 0.2545459943006698, 'hidden_size': 36, 'dropout': 0.44020521393759093, 'hidden_continuous_size': 9, 'attention_head_size': 4, 'learning_rate': 0.0005099605931365111}. Best is trial 0 with value: 932.5436401367188.
[I 2023-12-26 14:35:56,553] Trial 20 finished with value: 5734.607421875 and parameters: {'gradient_clip_val': 0.3674751803772124, 'hidden_size': 20, 'dropout': 0.26225833348174055, 'hidden_continuous_size': 6, 'attention_head_size': 1, 'learning_rate': 0.0009111922681733162}. Best is trial 0 with value: 932.5436401367188.
[I 2023-12-26 14:35:58,671] Trial 21 finished with value: 6406.05810546875 and parameters: {'gradient_clip_val': 0.4732073187922834, 'hidden_size': 11, 'dropout': 0.3876906856335903, 'hidden_continuous_size': 7, 'attention_head_size': 3, 'learning_rate': 0.003439408415151266}. Best is trial 0 with value: 932.5436401367188.
[I 2023-12-26 14:36:00,812] Trial 22 finished with value: 6897.57421875 and parameters: {'gradient_clip_val': 0.7856451209473947, 'hidden_size': 11, 'dropout': 0.42966604761131033, 'hidden_continuous_size': 6, 'attention_head_size': 3, 'learning_rate': 0.0009175743856145879}. Best is trial 0 with value: 932.5436401367188.
[I 2023-12-26 14:36:02,835] Trial 23 finished with value: 7624.02783203125 and parameters: {'gradient_clip_val': 0.49437135962941264, 'hidden_size': 7, 'dropout': 0.4119792060255756, 'hidden_continuous_size': 5, 'attention_head_size': 3, 'learning_rate': 0.0028394678813692537}. Best is trial 0 with value: 932.5436401367188.
[I 2023-12-26 14:36:05,007] Trial 24 finished with value: 5138.185546875 and parameters: {'gradient_clip_val': 0.6343266396140389, 'hidden_size': 14, 'dropout': 0.45649892461048175, 'hidden_continuous_size': 7, 'attention_head_size': 2, 'learning_rate': 0.001130130256437118}. Best is trial 0 with value: 932.5436401367188.
[I 2023-12-26 14:36:07,006] Trial 25 finished with value: 5209.052734375 and parameters: {'gradient_clip_val': 0.9020965356503589, 'hidden_size': 6, 'dropout': 0.40896167078294837, 'hidden_continuous_size': 5, 'attention_head_size': 3, 'learning_rate': 0.0021142964532886712}. Best is trial 0 with value: 932.5436401367188.
[I 2023-12-26 14:36:09,118] Trial 26 finished with value: 6159.75244140625 and parameters: {'gradient_clip_val': 0.8326576781253708, 'hidden_size': 10, 'dropout': 0.3556785246852321, 'hidden_continuous_size': 6, 'attention_head_size': 4, 'learning_rate': 0.004169185699067567}. Best is trial 0 with value: 932.5436401367188.
[I 2023-12-26 14:36:11,175] Trial 27 finished with value: 4870.935546875 and parameters: {'gradient_clip_val': 0.5465777591670274, 'hidden_size': 9, 'dropout': 0.47091742906636436, 'hidden_continuous_size': 6, 'attention_head_size': 2, 'learning_rate': 0.0007850973410899513}. Best is trial 0 with value: 932.5436401367188.
[I 2023-12-26 14:36:13,170] Trial 28 finished with value: 6607.44970703125 and parameters: {'gradient_clip_val': 0.7142395702553141, 'hidden_size': 7, 'dropout': 0.4587803924845072, 'hidden_continuous_size': 5, 'attention_head_size': 3, 'learning_rate': 0.0013765784974477263}. Best is trial 0 with value: 932.5436401367188.
[I 2023-12-26 14:36:15,372] Trial 29 finished with value: 6440.70947265625 and parameters: {'gradient_clip_val': 0.6255876667474525, 'hidden_size': 13, 'dropout': 0.335331446600581, 'hidden_continuous_size': 9, 'attention_head_size': 4, 'learning_rate': 0.0007104264767028702}. Best is trial 0 with value: 932.5436401367188.
[I 2023-12-26 14:36:17,341] Trial 30 finished with value: 4754.1064453125 and parameters: {'gradient_clip_val': 0.9895095204851236, 'hidden_size': 6, 'dropout': 0.28866314141814897, 'hidden_continuous_size': 5, 'attention_head_size': 3, 'learning_rate': 0.00456351823405925}. Best is trial 0 with value: 932.5436401367188.
[I 2023-12-26 14:36:19,321] Trial 31 finished with value: 5480.658203125 and parameters: {'gradient_clip_val': 0.8097139432562971, 'hidden_size': 6, 'dropout': 0.3140666692521906, 'hidden_continuous_size': 5, 'attention_head_size': 3, 'learning_rate': 0.005811385084836316}. Best is trial 0 with value: 932.5436401367188.
[I 2023-12-26 14:36:21,548] Trial 32 finished with value: 5794.6015625 and parameters: {'gradient_clip_val': 0.9989570803461496, 'hidden_size': 6, 'dropout': 0.28904753179256015, 'hidden_continuous_size': 5, 'attention_head_size': 3, 'learning_rate': 0.004843316643209755}. Best is trial 0 with value: 932.5436401367188.
[I 2023-12-26 14:36:23,707] Trial 33 finished with value: 5402.22412109375 and parameters: {'gradient_clip_val': 0.6741115293985782, 'hidden_size': 12, 'dropout': 0.41536972631154495, 'hidden_continuous_size': 7, 'attention_head_size': 4, 'learning_rate': 0.0017639447711137385}. Best is trial 0 with value: 932.5436401367188.
[I 2023-12-26 14:36:25,790] Trial 34 finished with value: 7501.99072265625 and parameters: {'gradient_clip_val': 0.8120758795811625, 'hidden_size': 9, 'dropout': 0.2770519511223362, 'hidden_continuous_size': 6, 'attention_head_size': 3, 'learning_rate': 0.0027056459331317568}. Best is trial 0 with value: 932.5436401367188.
[I 2023-12-26 14:36:27,970] Trial 35 finished with value: 6582.81005859375 and parameters: {'gradient_clip_val': 0.7110859582990927, 'hidden_size': 17, 'dropout': 0.32850606914196434, 'hidden_continuous_size': 10, 'attention_head_size': 3, 'learning_rate': 0.002698861043814612}. Best is trial 0 with value: 932.5436401367188.
[I 2023-12-26 14:36:29,928] Trial 36 finished with value: 5966.47509765625 and parameters: {'gradient_clip_val': 0.5867478287146322, 'hidden_size': 8, 'dropout': 0.30459451173640956, 'hidden_continuous_size': 6, 'attention_head_size': 2, 'learning_rate': 0.0063635023308267905}. Best is trial 0 with value: 932.5436401367188.
[I 2023-12-26 14:36:31,998] Trial 37 finished with value: 4657.7783203125 and parameters: {'gradient_clip_val': 0.513240208573675, 'hidden_size': 12, 'dropout': 0.14648232386357368, 'hidden_continuous_size': 7, 'attention_head_size': 1, 'learning_rate': 0.012304529991812791}. Best is trial 0 with value: 932.5436401367188.
[I 2023-12-26 14:36:34,158] Trial 38 finished with value: 6018.640625 and parameters: {'gradient_clip_val': 0.38147959729807696, 'hidden_size': 18, 'dropout': 0.15603368936301484, 'hidden_continuous_size': 10, 'attention_head_size': 1, 'learning_rate': 0.010374437099324257}. Best is trial 0 with value: 932.5436401367188.
[I 2023-12-26 14:36:36,264] Trial 39 finished with value: 6049.63623046875 and parameters: {'gradient_clip_val': 0.5448341537356499, 'hidden_size': 13, 'dropout': 0.14258392486757646, 'hidden_continuous_size': 8, 'attention_head_size': 1, 'learning_rate': 0.016760733147622404}. Best is trial 0 with value: 932.5436401367188.
[I 2023-12-26 14:36:38,590] Trial 40 finished with value: 6908.30615234375 and parameters: {'gradient_clip_val': 0.22860530688075495, 'hidden_size': 22, 'dropout': 0.1953800806707218, 'hidden_continuous_size': 12, 'attention_head_size': 1, 'learning_rate': 0.007709504269181833}. Best is trial 0 with value: 932.5436401367188.
[I 2023-12-26 14:36:40,572] Trial 41 finished with value: 5866.78271484375 and parameters: {'gradient_clip_val': 0.8699143290518964, 'hidden_size': 16, 'dropout': 0.22334662352269688, 'hidden_continuous_size': 7, 'attention_head_size': 1, 'learning_rate': 0.0053707454678230855}. Best is trial 0 with value: 932.5436401367188.
[I 2023-12-26 14:36:42,715] Trial 42 finished with value: 7767.361328125 and parameters: {'gradient_clip_val': 0.6389872956971703, 'hidden_size': 13, 'dropout': 0.1731466065668818, 'hidden_continuous_size': 7, 'attention_head_size': 2, 'learning_rate': 0.010172510233098024}. Best is trial 0 with value: 932.5436401367188.
[I 2023-12-26 14:36:45,032] Trial 43 finished with value: 6256.005859375 and parameters: {'gradient_clip_val': 0.522535024408674, 'hidden_size': 10, 'dropout': 0.22925850225645292, 'hidden_continuous_size': 7, 'attention_head_size': 1, 'learning_rate': 0.0044309983036067355}. Best is trial 0 with value: 932.5436401367188.
[I 2023-12-26 14:36:46,840] Trial 44 finished with value: 6847.07666015625 and parameters: {'gradient_clip_val': 0.4306263129625301, 'hidden_size': 5, 'dropout': 0.11846507038527496, 'hidden_continuous_size': 5, 'attention_head_size': 2, 'learning_rate': 0.0006388388089016078}. Best is trial 0 with value: 932.5436401367188.
[I 2023-12-26 14:36:49,064] Trial 45 finished with value: 7359.38525390625 and parameters: {'gradient_clip_val': 0.9210566772832705, 'hidden_size': 15, 'dropout': 0.1669934559497013, 'hidden_continuous_size': 8, 'attention_head_size': 3, 'learning_rate': 0.0011089868644600122}. Best is trial 0 with value: 932.5436401367188.
[I 2023-12-26 14:36:51,069] Trial 46 finished with value: 5088.08251953125 and parameters: {'gradient_clip_val': 0.3560618890850751, 'hidden_size': 6, 'dropout': 0.20582006124305952, 'hidden_continuous_size': 5, 'attention_head_size': 3, 'learning_rate': 0.00709004840829611}. Best is trial 0 with value: 932.5436401367188.
[I 2023-12-26 14:36:53,122] Trial 47 finished with value: 7580.75 and parameters: {'gradient_clip_val': 0.47755736436557594, 'hidden_size': 12, 'dropout': 0.13557555384481337, 'hidden_continuous_size': 8, 'attention_head_size': 1, 'learning_rate': 0.0007291935196334333}. Best is trial 0 with value: 932.5436401367188.
[I 2023-12-26 14:36:55,043] Trial 48 finished with value: 6536.96240234375 and parameters: {'gradient_clip_val': 0.7671431740023973, 'hidden_size': 8, 'dropout': 0.1875109329158734, 'hidden_continuous_size': 6, 'attention_head_size': 2, 'learning_rate': 0.016415044588482208}. Best is trial 0 with value: 932.5436401367188.
[I 2023-12-26 14:36:57,117] Trial 49 finished with value: 4544.98779296875 and parameters: {'gradient_clip_val': 0.3063604177928165, 'hidden_size': 9, 'dropout': 0.21249761244427556, 'hidden_continuous_size': 7, 'attention_head_size': 3, 'learning_rate': 0.0016010783020826338}. Best is trial 0 with value: 932.5436401367188.
[I 2023-12-26 14:36:57,240] A new study created in memory with name: no-name-0d67bfe4-69e4-4741-a15d-49a4d31915c8
/home/le004/conda/anaconda3/envs/tsff_env/lib/python3.9/site-packages/lightning/fabric/plugins/environments/slurm.py:191: The `srun` command is available on your system but is not used. HINT: If your intention is to run Lightning on SLURM, prepend your python command with `srun` like so: srun python /home/le004/master_thesis/git/TSFusionForecast/code/ ...
[I 2023-12-26 14:39:09,977] Trial 0 finished with value: 73.7833480834961 and parameters: {'gradient_clip_val': 0.5528592548690048, 'hidden_size': 24, 'dropout': 0.42973731086918454, 'hidden_continuous_size': 9, 'attention_head_size': 2, 'learning_rate': 0.08166223168307973}. Best is trial 0 with value: 73.7833480834961.
[I 2023-12-26 14:39:12,387] Trial 1 finished with value: 442.1164245605469 and parameters: {'gradient_clip_val': 0.1333725999169052, 'hidden_size': 32, 'dropout': 0.3724046265303932, 'hidden_continuous_size': 19, 'attention_head_size': 3, 'learning_rate': 0.0029274793962845262}. Best is trial 0 with value: 73.7833480834961.
[I 2023-12-26 14:39:14,537] Trial 2 finished with value: 350.6611022949219 and parameters: {'gradient_clip_val': 0.1858385202315216, 'hidden_size': 21, 'dropout': 0.4855766891025043, 'hidden_continuous_size': 6, 'attention_head_size': 1, 'learning_rate': 0.03166044811781294}. Best is trial 0 with value: 73.7833480834961.
[I 2023-12-26 14:39:19,980] Trial 3 finished with value: 467.6263122558594 and parameters: {'gradient_clip_val': 0.3060513738588226, 'hidden_size': 96, 'dropout': 0.38032455967676304, 'hidden_continuous_size': 11, 'attention_head_size': 4, 'learning_rate': 0.000855242481180101}. Best is trial 0 with value: 73.7833480834961.
[I 2023-12-26 14:39:21,991] Trial 4 finished with value: 548.1851196289062 and parameters: {'gradient_clip_val': 0.15689336482725316, 'hidden_size': 10, 'dropout': 0.2447967621254925, 'hidden_continuous_size': 5, 'attention_head_size': 3, 'learning_rate': 0.0071785871958594824}. Best is trial 0 with value: 73.7833480834961.
[I 2023-12-26 14:39:24,235] Trial 5 finished with value: 401.118408203125 and parameters: {'gradient_clip_val': 0.12146647867057203, 'hidden_size': 20, 'dropout': 0.44418788657416874, 'hidden_continuous_size': 15, 'attention_head_size': 4, 'learning_rate': 0.000525841581641098}. Best is trial 0 with value: 73.7833480834961.
[I 2023-12-26 14:39:29,275] Trial 6 finished with value: 382.5178527832031 and parameters: {'gradient_clip_val': 0.15026905746596508, 'hidden_size': 82, 'dropout': 0.24385309372372369, 'hidden_continuous_size': 82, 'attention_head_size': 3, 'learning_rate': 0.0013433290584509035}. Best is trial 0 with value: 73.7833480834961.
[I 2023-12-26 14:39:31,674] Trial 7 finished with value: 460.3404541015625 and parameters: {'gradient_clip_val': 0.13080417839451108, 'hidden_size': 27, 'dropout': 0.2050680249834231, 'hidden_continuous_size': 16, 'attention_head_size': 3, 'learning_rate': 0.07323173933310062}. Best is trial 0 with value: 73.7833480834961.
[I 2023-12-26 14:39:39,055] Trial 8 finished with value: 437.0867614746094 and parameters: {'gradient_clip_val': 0.6262425584961099, 'hidden_size': 113, 'dropout': 0.3930381915038238, 'hidden_continuous_size': 113, 'attention_head_size': 3, 'learning_rate': 0.003216576596148922}. Best is trial 0 with value: 73.7833480834961.
[I 2023-12-26 14:39:40,818] Trial 9 finished with value: 323.0278625488281 and parameters: {'gradient_clip_val': 0.5059071905624222, 'hidden_size': 8, 'dropout': 0.4326959438165736, 'hidden_continuous_size': 8, 'attention_head_size': 3, 'learning_rate': 0.013512651982969354}. Best is trial 0 with value: 73.7833480834961.
[I 2023-12-26 14:39:42,536] Trial 10 finished with value: 476.4753723144531 and parameters: {'gradient_clip_val': 0.8392366397111498, 'hidden_size': 5, 'dropout': 0.31999094918135296, 'hidden_continuous_size': 5, 'attention_head_size': 1, 'learning_rate': 0.09951545987191782}. Best is trial 0 with value: 73.7833480834961.
[I 2023-12-26 14:39:44,505] Trial 11 finished with value: 412.9405517578125 and parameters: {'gradient_clip_val': 0.4920297513590204, 'hidden_size': 5, 'dropout': 0.4989423280508135, 'hidden_continuous_size': 5, 'attention_head_size': 2, 'learning_rate': 0.018685874381486427}. Best is trial 0 with value: 73.7833480834961.
[I 2023-12-26 14:39:46,521] Trial 12 finished with value: 649.0729370117188 and parameters: {'gradient_clip_val': 0.4739255139799527, 'hidden_size': 11, 'dropout': 0.1143508846428942, 'hidden_continuous_size': 7, 'attention_head_size': 2, 'learning_rate': 0.02169034209905666}. Best is trial 0 with value: 73.7833480834961.
[I 2023-12-26 14:39:49,569] Trial 13 finished with value: 485.2749938964844 and parameters: {'gradient_clip_val': 0.9464605077829503, 'hidden_size': 54, 'dropout': 0.43927251460741146, 'hidden_continuous_size': 8, 'attention_head_size': 2, 'learning_rate': 0.048394563564502224}. Best is trial 0 with value: 73.7833480834961.
[I 2023-12-26 14:39:51,579] Trial 14 finished with value: 318.1512756347656 and parameters: {'gradient_clip_val': 0.3649756494824795, 'hidden_size': 11, 'dropout': 0.3344695821428123, 'hidden_continuous_size': 8, 'attention_head_size': 2, 'learning_rate': 0.013895944739353561}. Best is trial 0 with value: 73.7833480834961.
[I 2023-12-26 14:39:53,645] Trial 15 finished with value: 360.2431640625 and parameters: {'gradient_clip_val': 0.31835363437313335, 'hidden_size': 14, 'dropout': 0.33405811070597397, 'hidden_continuous_size': 7, 'attention_head_size': 1, 'learning_rate': 0.04600884768957441}. Best is trial 0 with value: 73.7833480834961.
[I 2023-12-26 14:39:55,782] Trial 16 finished with value: 450.2481994628906 and parameters: {'gradient_clip_val': 0.3327091858281645, 'hidden_size': 15, 'dropout': 0.3402560813524197, 'hidden_continuous_size': 9, 'attention_head_size': 2, 'learning_rate': 0.011836775172002233}. Best is trial 0 with value: 73.7833480834961.
[I 2023-12-26 14:39:58,513] Trial 17 finished with value: 276.2967529296875 and parameters: {'gradient_clip_val': 0.24810478622497867, 'hidden_size': 41, 'dropout': 0.29877147388500735, 'hidden_continuous_size': 11, 'attention_head_size': 2, 'learning_rate': 0.03300726927987105}. Best is trial 0 with value: 73.7833480834961.
[I 2023-12-26 14:40:01,230] Trial 18 finished with value: 586.5708618164062 and parameters: {'gradient_clip_val': 0.23682025994173078, 'hidden_size': 41, 'dropout': 0.2873872049522861, 'hidden_continuous_size': 11, 'attention_head_size': 1, 'learning_rate': 0.05724597498998264}. Best is trial 0 with value: 73.7833480834961.
[I 2023-12-26 14:40:04,339] Trial 19 finished with value: 488.4588928222656 and parameters: {'gradient_clip_val': 0.21372202779609062, 'hidden_size': 53, 'dropout': 0.29548877044034827, 'hidden_continuous_size': 11, 'attention_head_size': 2, 'learning_rate': 0.03410591961910379}. Best is trial 0 with value: 73.7833480834961.
[I 2023-12-26 14:40:13,231] Trial 20 finished with value: 333.4804992675781 and parameters: {'gradient_clip_val': 0.24083303172145193, 'hidden_size': 149, 'dropout': 0.4036383059680338, 'hidden_continuous_size': 27, 'attention_head_size': 1, 'learning_rate': 0.08070610088722392}. Best is trial 0 with value: 73.7833480834961.
[I 2023-12-26 14:40:15,567] Trial 21 finished with value: 518.38037109375 and parameters: {'gradient_clip_val': 0.3961279069265039, 'hidden_size': 32, 'dropout': 0.3567900852899035, 'hidden_continuous_size': 9, 'attention_head_size': 2, 'learning_rate': 0.02744808853882452}. Best is trial 0 with value: 73.7833480834961.
[I 2023-12-26 14:40:17,726] Trial 22 finished with value: 312.0798034667969 and parameters: {'gradient_clip_val': 0.6622965593543714, 'hidden_size': 20, 'dropout': 0.3180895499548564, 'hidden_continuous_size': 10, 'attention_head_size': 2, 'learning_rate': 0.04639817583050037}. Best is trial 0 with value: 73.7833480834961.
[I 2023-12-26 14:40:20,192] Trial 23 finished with value: 484.1407775878906 and parameters: {'gradient_clip_val': 0.7133547800620603, 'hidden_size': 22, 'dropout': 0.2898018722304367, 'hidden_continuous_size': 10, 'attention_head_size': 2, 'learning_rate': 0.09764624835655411}. Best is trial 0 with value: 73.7833480834961.
[I 2023-12-26 14:40:22,283] Trial 24 finished with value: 405.2815246582031 and parameters: {'gradient_clip_val': 0.6698616603705664, 'hidden_size': 17, 'dropout': 0.36071013847999683, 'hidden_continuous_size': 10, 'attention_head_size': 2, 'learning_rate': 0.04743519147470865}. Best is trial 0 with value: 73.7833480834961.
[I 2023-12-26 14:40:24,771] Trial 25 finished with value: 583.2338256835938 and parameters: {'gradient_clip_val': 0.9971907442605829, 'hidden_size': 29, 'dropout': 0.41294736566774615, 'hidden_continuous_size': 13, 'attention_head_size': 2, 'learning_rate': 0.0622263946125455}. Best is trial 0 with value: 73.7833480834961.
[I 2023-12-26 14:40:27,488] Trial 26 finished with value: 514.3003540039062 and parameters: {'gradient_clip_val': 0.5903432588572397, 'hidden_size': 41, 'dropout': 0.4660262018286577, 'hidden_continuous_size': 13, 'attention_head_size': 1, 'learning_rate': 0.03664395702716437}. Best is trial 0 with value: 73.7833480834961.
[I 2023-12-26 14:40:29,689] Trial 27 finished with value: 587.8699951171875 and parameters: {'gradient_clip_val': 0.8015884028259503, 'hidden_size': 24, 'dropout': 0.40421399525620666, 'hidden_continuous_size': 9, 'attention_head_size': 2, 'learning_rate': 0.02499877430117086}. Best is trial 0 with value: 73.7833480834961.
[I 2023-12-26 14:40:31,830] Trial 28 finished with value: 558.4789428710938 and parameters: {'gradient_clip_val': 0.5618422815166689, 'hidden_size': 18, 'dropout': 0.4627247228717639, 'hidden_continuous_size': 10, 'attention_head_size': 3, 'learning_rate': 0.0625424564198199}. Best is trial 0 with value: 73.7833480834961.
[I 2023-12-26 14:40:34,467] Trial 29 finished with value: 348.6239318847656 and parameters: {'gradient_clip_val': 0.10935676691917051, 'hidden_size': 37, 'dropout': 0.38468037489544105, 'hidden_continuous_size': 6, 'attention_head_size': 4, 'learning_rate': 0.03442352933418592}. Best is trial 0 with value: 73.7833480834961.
[I 2023-12-26 14:40:36,808] Trial 30 finished with value: 592.5176391601562 and parameters: {'gradient_clip_val': 0.4323878457380194, 'hidden_size': 26, 'dropout': 0.3667508807315092, 'hidden_continuous_size': 12, 'attention_head_size': 1, 'learning_rate': 0.042991202877559684}. Best is trial 0 with value: 73.7833480834961.
[I 2023-12-26 14:40:38,886] Trial 31 finished with value: 560.8017578125 and parameters: {'gradient_clip_val': 0.3905272345315037, 'hidden_size': 13, 'dropout': 0.32187117363609546, 'hidden_continuous_size': 9, 'attention_head_size': 2, 'learning_rate': 0.017177718068709776}. Best is trial 0 with value: 73.7833480834961.
[I 2023-12-26 14:40:41,012] Trial 32 finished with value: 403.6266174316406 and parameters: {'gradient_clip_val': 0.5693794544848665, 'hidden_size': 19, 'dropout': 0.3536847641419405, 'hidden_continuous_size': 8, 'attention_head_size': 2, 'learning_rate': 0.025866470010867736}. Best is trial 0 with value: 73.7833480834961.
[I 2023-12-26 14:40:43,237] Trial 33 finished with value: 434.9880065917969 and parameters: {'gradient_clip_val': 0.27506942790367095, 'hidden_size': 22, 'dropout': 0.32088027643883993, 'hidden_continuous_size': 7, 'attention_head_size': 2, 'learning_rate': 0.07343635613298875}. Best is trial 0 with value: 73.7833480834961.
