[I 2023-12-16 05:38:17,361] Trial 16 finished with value: 1.3008619546890259 and parameters: {'gradient_clip_val': 0.4293073496294018, 'hidden_size': 25, 'dropout': 0.15989254228230687, 'hidden_continuous_size': 11, 'attention_head_size': 2, 'learning_rate': 0.0005585457968029469}. Best is trial 4 with value: 0.06983355432748795.
LOCAL_RANK: 0 - CUDA_VISIBLE_DEVICES: [0]
[I 2023-12-16 05:39:03,740] Trial 17 finished with value: 0.1438368409872055 and parameters: {'gradient_clip_val': 0.9609489217475077, 'hidden_size': 11, 'dropout': 0.21231573298110312, 'hidden_continuous_size': 7, 'attention_head_size': 3, 'learning_rate': 0.005723558165639267}. Best is trial 4 with value: 0.06983355432748795.
LOCAL_RANK: 0 - CUDA_VISIBLE_DEVICES: [0]
[I 2023-12-16 05:39:50,981] Trial 18 finished with value: 0.054614048451185226 and parameters: {'gradient_clip_val': 0.3249923398985609, 'hidden_size': 17, 'dropout': 0.14414401261164872, 'hidden_continuous_size': 6, 'attention_head_size': 4, 'learning_rate': 0.013927210284895249}. Best is trial 18 with value: 0.054614048451185226.
LOCAL_RANK: 0 - CUDA_VISIBLE_DEVICES: [0]
[I 2023-12-16 05:40:37,502] Trial 19 finished with value: 0.215772345662117 and parameters: {'gradient_clip_val': 0.5577948361540856, 'hidden_size': 17, 'dropout': 0.11127697156067565, 'hidden_continuous_size': 6, 'attention_head_size': 3, 'learning_rate': 0.0016399072937983588}. Best is trial 18 with value: 0.054614048451185226.
LOCAL_RANK: 0 - CUDA_VISIBLE_DEVICES: [0]
[I 2023-12-16 05:41:26,775] Trial 20 finished with value: 0.05533504858613014 and parameters: {'gradient_clip_val': 0.37691545606039983, 'hidden_size': 26, 'dropout': 0.14855338547968328, 'hidden_continuous_size': 6, 'attention_head_size': 4, 'learning_rate': 0.0037738498799273056}. Best is trial 18 with value: 0.054614048451185226.
LOCAL_RANK: 0 - CUDA_VISIBLE_DEVICES: [0]
[I 2023-12-16 05:42:14,838] Trial 21 finished with value: 0.16680355370044708 and parameters: {'gradient_clip_val': 0.37562969573194405, 'hidden_size': 24, 'dropout': 0.16156712029442452, 'hidden_continuous_size': 6, 'attention_head_size': 4, 'learning_rate': 0.0037398180796349148}. Best is trial 18 with value: 0.054614048451185226.
LOCAL_RANK: 0 - CUDA_VISIBLE_DEVICES: [0]
[I 2023-12-16 05:43:02,475] Trial 22 finished with value: 0.18774671852588654 and parameters: {'gradient_clip_val': 0.451603320554104, 'hidden_size': 19, 'dropout': 0.13883621697733825, 'hidden_continuous_size': 6, 'attention_head_size': 4, 'learning_rate': 0.00866115754378286}. Best is trial 18 with value: 0.054614048451185226.
LOCAL_RANK: 0 - CUDA_VISIBLE_DEVICES: [0]
[I 2023-12-16 05:43:52,296] Trial 23 finished with value: 0.7608054280281067 and parameters: {'gradient_clip_val': 0.3361352683059023, 'hidden_size': 31, 'dropout': 0.21546923711463156, 'hidden_continuous_size': 7, 'attention_head_size': 4, 'learning_rate': 0.004914074516415176}. Best is trial 18 with value: 0.054614048451185226.
LOCAL_RANK: 0 - CUDA_VISIBLE_DEVICES: [0]
[I 2023-12-16 05:44:37,297] Trial 24 finished with value: 0.22001075744628906 and parameters: {'gradient_clip_val': 0.7058684059112987, 'hidden_size': 16, 'dropout': 0.16001634278338372, 'hidden_continuous_size': 5, 'attention_head_size': 3, 'learning_rate': 0.0021056098952702664}. Best is trial 18 with value: 0.054614048451185226.
LOCAL_RANK: 0 - CUDA_VISIBLE_DEVICES: [0]
[I 2023-12-16 05:45:26,273] Trial 25 finished with value: 1.8740936517715454 and parameters: {'gradient_clip_val': 0.5640633067951711, 'hidden_size': 21, 'dropout': 0.1053256811493126, 'hidden_continuous_size': 8, 'attention_head_size': 4, 'learning_rate': 0.003795585352786437}. Best is trial 18 with value: 0.054614048451185226.
LOCAL_RANK: 0 - CUDA_VISIBLE_DEVICES: [0]
[I 2023-12-16 05:46:12,543] Trial 26 finished with value: 0.8701910972595215 and parameters: {'gradient_clip_val': 0.4051936806481894, 'hidden_size': 10, 'dropout': 0.1379797292029338, 'hidden_continuous_size': 6, 'attention_head_size': 3, 'learning_rate': 0.010458981280794696}. Best is trial 18 with value: 0.054614048451185226.
LOCAL_RANK: 0 - CUDA_VISIBLE_DEVICES: [0]
[I 2023-12-16 05:46:59,105] Trial 27 finished with value: 0.27087289094924927 and parameters: {'gradient_clip_val': 0.29805979540371874, 'hidden_size': 15, 'dropout': 0.19453583159183988, 'hidden_continuous_size': 7, 'attention_head_size': 4, 'learning_rate': 0.006528881228396821}. Best is trial 18 with value: 0.054614048451185226.
LOCAL_RANK: 0 - CUDA_VISIBLE_DEVICES: [0]
[I 2023-12-16 05:47:46,750] Trial 28 finished with value: 1.1519910097122192 and parameters: {'gradient_clip_val': 0.2322994994597115, 'hidden_size': 28, 'dropout': 0.1599511280070224, 'hidden_continuous_size': 5, 'attention_head_size': 2, 'learning_rate': 0.00256435084925444}. Best is trial 18 with value: 0.054614048451185226.
LOCAL_RANK: 0 - CUDA_VISIBLE_DEVICES: [0]
[I 2023-12-16 05:48:35,816] Trial 29 finished with value: 0.9326159954071045 and parameters: {'gradient_clip_val': 0.49074200479648616, 'hidden_size': 21, 'dropout': 0.2811854025238848, 'hidden_continuous_size': 9, 'attention_head_size': 4, 'learning_rate': 0.0014723803263005928}. Best is trial 18 with value: 0.054614048451185226.
LOCAL_RANK: 0 - CUDA_VISIBLE_DEVICES: [0]
[I 2023-12-16 05:49:22,376] Trial 30 finished with value: 1.9023513793945312 and parameters: {'gradient_clip_val': 0.8264918206811844, 'hidden_size': 13, 'dropout': 0.12050243258138604, 'hidden_continuous_size': 6, 'attention_head_size': 4, 'learning_rate': 0.0010619978755604298}. Best is trial 18 with value: 0.054614048451185226.
LOCAL_RANK: 0 - CUDA_VISIBLE_DEVICES: [0]
[I 2023-12-16 05:50:09,115] Trial 31 finished with value: 0.7516989707946777 and parameters: {'gradient_clip_val': 0.2664518169136667, 'hidden_size': 13, 'dropout': 0.1440718449276217, 'hidden_continuous_size': 9, 'attention_head_size': 4, 'learning_rate': 0.013603041918015589}. Best is trial 18 with value: 0.054614048451185226.
LOCAL_RANK: 0 - CUDA_VISIBLE_DEVICES: [0]
[I 2023-12-16 05:50:58,322] Trial 32 finished with value: 0.08343864232301712 and parameters: {'gradient_clip_val': 0.6217630625281304, 'hidden_size': 18, 'dropout': 0.12584705497565707, 'hidden_continuous_size': 10, 'attention_head_size': 4, 'learning_rate': 0.016311628649835225}. Best is trial 18 with value: 0.054614048451185226.
LOCAL_RANK: 0 - CUDA_VISIBLE_DEVICES: [0]
[I 2023-12-16 05:51:45,128] Trial 33 finished with value: 0.24318253993988037 and parameters: {'gradient_clip_val': 0.3659274921896215, 'hidden_size': 9, 'dropout': 0.10004191014307626, 'hidden_continuous_size': 6, 'attention_head_size': 4, 'learning_rate': 0.007421581249038835}. Best is trial 18 with value: 0.054614048451185226.
LOCAL_RANK: 0 - CUDA_VISIBLE_DEVICES: [0]
[I 2023-12-16 05:52:36,020] Trial 34 finished with value: 0.07538547366857529 and parameters: {'gradient_clip_val': 0.29228853039345626, 'hidden_size': 33, 'dropout': 0.1723411792432771, 'hidden_continuous_size': 13, 'attention_head_size': 4, 'learning_rate': 0.022502579381551053}. Best is trial 18 with value: 0.054614048451185226.
LOCAL_RANK: 0 - CUDA_VISIBLE_DEVICES: [0]
[I 2023-12-16 05:53:26,393] Trial 35 finished with value: 0.04728849232196808 and parameters: {'gradient_clip_val': 0.30985194904302504, 'hidden_size': 34, 'dropout': 0.17289859861634824, 'hidden_continuous_size': 14, 'attention_head_size': 3, 'learning_rate': 0.026772343277138608}. Best is trial 35 with value: 0.04728849232196808.
LOCAL_RANK: 0 - CUDA_VISIBLE_DEVICES: [0]
[I 2023-12-16 05:54:19,416] Trial 36 finished with value: 0.17905806005001068 and parameters: {'gradient_clip_val': 0.3390578953194094, 'hidden_size': 54, 'dropout': 0.20148336066767344, 'hidden_continuous_size': 16, 'attention_head_size': 3, 'learning_rate': 0.037054912621275846}. Best is trial 35 with value: 0.04728849232196808.
LOCAL_RANK: 0 - CUDA_VISIBLE_DEVICES: [0]
[I 2023-12-16 05:55:10,515] Trial 37 finished with value: 0.03741450980305672 and parameters: {'gradient_clip_val': 0.7609010785012259, 'hidden_size': 34, 'dropout': 0.22513581986121534, 'hidden_continuous_size': 15, 'attention_head_size': 3, 'learning_rate': 0.011024829691852023}. Best is trial 37 with value: 0.03741450980305672.
LOCAL_RANK: 0 - CUDA_VISIBLE_DEVICES: [0]
[I 2023-12-16 05:56:03,280] Trial 38 finished with value: 1.968676209449768 and parameters: {'gradient_clip_val': 0.7719401011579141, 'hidden_size': 38, 'dropout': 0.19762709369361836, 'hidden_continuous_size': 15, 'attention_head_size': 3, 'learning_rate': 0.012785157084865082}. Best is trial 37 with value: 0.03741450980305672.
LOCAL_RANK: 0 - CUDA_VISIBLE_DEVICES: [0]
[I 2023-12-16 05:56:53,137] Trial 39 finished with value: 0.09052512794733047 and parameters: {'gradient_clip_val': 0.5109753652456237, 'hidden_size': 26, 'dropout': 0.22987414621241967, 'hidden_continuous_size': 13, 'attention_head_size': 2, 'learning_rate': 0.010485996684796023}. Best is trial 37 with value: 0.03741450980305672.
LOCAL_RANK: 0 - CUDA_VISIBLE_DEVICES: [0]
[I 2023-12-16 05:57:45,922] Trial 40 finished with value: 0.06473341584205627 and parameters: {'gradient_clip_val': 0.42422271331080547, 'hidden_size': 35, 'dropout': 0.2274603736773052, 'hidden_continuous_size': 17, 'attention_head_size': 3, 'learning_rate': 0.018004417295790574}. Best is trial 37 with value: 0.03741450980305672.
LOCAL_RANK: 0 - CUDA_VISIBLE_DEVICES: [0]
[I 2023-12-16 05:58:37,682] Trial 41 finished with value: 0.5194369554519653 and parameters: {'gradient_clip_val': 0.40077773153596846, 'hidden_size': 36, 'dropout': 0.26149283389178735, 'hidden_continuous_size': 17, 'attention_head_size': 3, 'learning_rate': 0.018078333323644502}. Best is trial 37 with value: 0.03741450980305672.
LOCAL_RANK: 0 - CUDA_VISIBLE_DEVICES: [0]
[I 2023-12-16 05:59:31,032] Trial 42 finished with value: 0.1358785629272461 and parameters: {'gradient_clip_val': 0.3136442021700034, 'hidden_size': 43, 'dropout': 0.2567542749749026, 'hidden_continuous_size': 17, 'attention_head_size': 3, 'learning_rate': 0.034540177169531665}. Best is trial 37 with value: 0.03741450980305672.
LOCAL_RANK: 0 - CUDA_VISIBLE_DEVICES: [0]
[I 2023-12-16 06:00:19,643] Trial 43 finished with value: 0.04381561279296875 and parameters: {'gradient_clip_val': 0.4431727027119773, 'hidden_size': 28, 'dropout': 0.2305901163157263, 'hidden_continuous_size': 15, 'attention_head_size': 3, 'learning_rate': 0.019595083282298816}. Best is trial 37 with value: 0.03741450980305672.
LOCAL_RANK: 0 - CUDA_VISIBLE_DEVICES: [0]
[I 2023-12-16 06:01:09,354] Trial 44 finished with value: 0.046534810215234756 and parameters: {'gradient_clip_val': 0.6040331360461061, 'hidden_size': 30, 'dropout': 0.17712599805696644, 'hidden_continuous_size': 15, 'attention_head_size': 3, 'learning_rate': 0.010566250379853367}. Best is trial 37 with value: 0.03741450980305672.
LOCAL_RANK: 0 - CUDA_VISIBLE_DEVICES: [0]
[I 2023-12-16 06:01:58,423] Trial 45 finished with value: 0.5093643069267273 and parameters: {'gradient_clip_val': 0.618104397583283, 'hidden_size': 30, 'dropout': 0.17941992069629203, 'hidden_continuous_size': 14, 'attention_head_size': 2, 'learning_rate': 0.01263978644993806}. Best is trial 37 with value: 0.03741450980305672.
LOCAL_RANK: 0 - CUDA_VISIBLE_DEVICES: [0]
[I 2023-12-16 06:02:51,775] Trial 46 finished with value: 0.10141698271036148 and parameters: {'gradient_clip_val': 0.54336293806657, 'hidden_size': 50, 'dropout': 0.19880664716833613, 'hidden_continuous_size': 19, 'attention_head_size': 3, 'learning_rate': 0.008931783812432979}. Best is trial 37 with value: 0.03741450980305672.
LOCAL_RANK: 0 - CUDA_VISIBLE_DEVICES: [0]
[I 2023-12-16 06:03:41,194] Trial 47 finished with value: 0.0493307001888752 and parameters: {'gradient_clip_val': 0.47077771870997265, 'hidden_size': 30, 'dropout': 0.2318603337551455, 'hidden_continuous_size': 12, 'attention_head_size': 3, 'learning_rate': 0.028648793651003916}. Best is trial 37 with value: 0.03741450980305672.
LOCAL_RANK: 0 - CUDA_VISIBLE_DEVICES: [0]
[I 2023-12-16 06:04:30,839] Trial 48 finished with value: 0.04540809988975525 and parameters: {'gradient_clip_val': 0.617571249216221, 'hidden_size': 31, 'dropout': 0.2337570123774025, 'hidden_continuous_size': 13, 'attention_head_size': 3, 'learning_rate': 0.02887290173351832}. Best is trial 37 with value: 0.03741450980305672.
LOCAL_RANK: 0 - CUDA_VISIBLE_DEVICES: [0]
[I 2023-12-16 06:05:23,962] Trial 49 finished with value: 0.6002650260925293 and parameters: {'gradient_clip_val': 0.6103484073235285, 'hidden_size': 41, 'dropout': 0.24348435902776489, 'hidden_continuous_size': 20, 'attention_head_size': 3, 'learning_rate': 0.04332114744244537}. Best is trial 37 with value: 0.03741450980305672.
[I 2023-12-16 06:05:24,054] A new study created in memory with name: no-name-76e8dea8-5a93-4289-89e2-a3276f248cdf
/home/le004/conda/anaconda3/envs/tsff_env/lib/python3.9/site-packages/lightning/fabric/plugins/environments/slurm.py:191: The `srun` command is available on your system but is not used. HINT: If your intention is to run Lightning on SLURM, prepend your python command with `srun` like so: srun python /home/le004/master_thesis/git/TSFusionForecast/code/ ...
LOCAL_RANK: 0 - CUDA_VISIBLE_DEVICES: [0]
[I 2023-12-16 06:06:11,556] Trial 0 finished with value: 0.5024363994598389 and parameters: {'gradient_clip_val': 0.4755350290524123, 'hidden_size': 18, 'dropout': 0.3464996260255143, 'hidden_continuous_size': 8, 'attention_head_size': 3, 'learning_rate': 0.001889224854615601}. Best is trial 0 with value: 0.5024363994598389.
LOCAL_RANK: 0 - CUDA_VISIBLE_DEVICES: [0]
[I 2023-12-16 06:07:04,355] Trial 1 finished with value: 0.15954850614070892 and parameters: {'gradient_clip_val': 0.9779074294890372, 'hidden_size': 38, 'dropout': 0.3506521470836589, 'hidden_continuous_size': 17, 'attention_head_size': 4, 'learning_rate': 0.0017993169321494631}. Best is trial 1 with value: 0.15954850614070892.
LOCAL_RANK: 0 - CUDA_VISIBLE_DEVICES: [0]
[I 2023-12-16 06:07:59,693] Trial 2 finished with value: 0.08245610445737839 and parameters: {'gradient_clip_val': 0.10209576509203953, 'hidden_size': 80, 'dropout': 0.2408978015800296, 'hidden_continuous_size': 35, 'attention_head_size': 3, 'learning_rate': 0.000917993456745014}. Best is trial 2 with value: 0.08245610445737839.
LOCAL_RANK: 0 - CUDA_VISIBLE_DEVICES: [0]
[I 2023-12-16 06:08:45,639] Trial 3 finished with value: 1.3285542726516724 and parameters: {'gradient_clip_val': 0.23806617916650483, 'hidden_size': 12, 'dropout': 0.16302625159409853, 'hidden_continuous_size': 6, 'attention_head_size': 4, 'learning_rate': 0.00362841897881335}. Best is trial 2 with value: 0.08245610445737839.
LOCAL_RANK: 0 - CUDA_VISIBLE_DEVICES: [0]
[I 2023-12-16 06:09:33,056] Trial 4 finished with value: 1.6934388875961304 and parameters: {'gradient_clip_val': 0.36529851729850793, 'hidden_size': 20, 'dropout': 0.23976568019337777, 'hidden_continuous_size': 8, 'attention_head_size': 4, 'learning_rate': 0.0005131418864607026}. Best is trial 2 with value: 0.08245610445737839.
LOCAL_RANK: 0 - CUDA_VISIBLE_DEVICES: [0]
[I 2023-12-16 06:10:18,432] Trial 5 finished with value: 2.827937364578247 and parameters: {'gradient_clip_val': 0.13625815531945637, 'hidden_size': 7, 'dropout': 0.38965217002146657, 'hidden_continuous_size': 5, 'attention_head_size': 2, 'learning_rate': 0.0007587481654119584}. Best is trial 2 with value: 0.08245610445737839.
LOCAL_RANK: 0 - CUDA_VISIBLE_DEVICES: [0]
[I 2023-12-16 06:11:03,976] Trial 6 finished with value: 0.5653842091560364 and parameters: {'gradient_clip_val': 0.19768939683032294, 'hidden_size': 6, 'dropout': 0.20091140868742344, 'hidden_continuous_size': 5, 'attention_head_size': 2, 'learning_rate': 0.02791916695336859}. Best is trial 2 with value: 0.08245610445737839.
LOCAL_RANK: 0 - CUDA_VISIBLE_DEVICES: [0]
[I 2023-12-16 06:11:49,028] Trial 7 finished with value: 1.8322950601577759 and parameters: {'gradient_clip_val': 0.7367941185515441, 'hidden_size': 7, 'dropout': 0.14125745224874084, 'hidden_continuous_size': 5, 'attention_head_size': 1, 'learning_rate': 0.001660368967656862}. Best is trial 2 with value: 0.08245610445737839.
LOCAL_RANK: 0 - CUDA_VISIBLE_DEVICES: [0]
[I 2023-12-16 06:12:37,813] Trial 8 finished with value: 0.06466154009103775 and parameters: {'gradient_clip_val': 0.5669194226559602, 'hidden_size': 35, 'dropout': 0.3197319232904773, 'hidden_continuous_size': 5, 'attention_head_size': 1, 'learning_rate': 0.008734697805570393}. Best is trial 8 with value: 0.06466154009103775.
LOCAL_RANK: 0 - CUDA_VISIBLE_DEVICES: [0]
[I 2023-12-16 06:13:23,769] Trial 9 finished with value: 0.08742033690214157 and parameters: {'gradient_clip_val': 0.35959801363005295, 'hidden_size': 9, 'dropout': 0.28672257734649453, 'hidden_continuous_size': 5, 'attention_head_size': 1, 'learning_rate': 0.027691797700465655}. Best is trial 8 with value: 0.06466154009103775.
LOCAL_RANK: 0 - CUDA_VISIBLE_DEVICES: [0]
[I 2023-12-16 06:14:14,877] Trial 10 finished with value: 1.1243613958358765 and parameters: {'gradient_clip_val': 0.5739285198129015, 'hidden_size': 39, 'dropout': 0.28712680409482, 'hidden_continuous_size': 12, 'attention_head_size': 1, 'learning_rate': 0.010697777994713142}. Best is trial 8 with value: 0.06466154009103775.
LOCAL_RANK: 0 - CUDA_VISIBLE_DEVICES: [0]
[I 2023-12-16 06:15:10,571] Trial 11 finished with value: 0.13039885461330414 and parameters: {'gradient_clip_val': 0.14891460528358022, 'hidden_size': 86, 'dropout': 0.10590405875348413, 'hidden_continuous_size': 38, 'attention_head_size': 3, 'learning_rate': 0.008122871463958195}. Best is trial 8 with value: 0.06466154009103775.
LOCAL_RANK: 0 - CUDA_VISIBLE_DEVICES: [0]
[I 2023-12-16 06:16:06,824] Trial 12 finished with value: 0.3365600109100342 and parameters: {'gradient_clip_val': 0.10018929914704738, 'hidden_size': 97, 'dropout': 0.24831797303668512, 'hidden_continuous_size': 37, 'attention_head_size': 2, 'learning_rate': 0.004974384746215883}. Best is trial 8 with value: 0.06466154009103775.
LOCAL_RANK: 0 - CUDA_VISIBLE_DEVICES: [0]
[I 2023-12-16 06:16:45,140] Trial 13 finished with value: 0.07977993786334991 and parameters: {'gradient_clip_val': 0.24910237796091464, 'hidden_size': 53, 'dropout': 0.29365852349830396, 'hidden_continuous_size': 53, 'attention_head_size': 3, 'learning_rate': 0.07736772349872713}. Best is trial 8 with value: 0.06466154009103775.
LOCAL_RANK: 0 - CUDA_VISIBLE_DEVICES: [0]
[I 2023-12-16 06:17:37,484] Trial 14 finished with value: 0.08506346493959427 and parameters: {'gradient_clip_val': 0.2670682366087643, 'hidden_size': 42, 'dropout': 0.2916916060344723, 'hidden_continuous_size': 23, 'attention_head_size': 2, 'learning_rate': 0.09870751435490044}. Best is trial 8 with value: 0.06466154009103775.
LOCAL_RANK: 0 - CUDA_VISIBLE_DEVICES: [0]
[I 2023-12-16 06:18:31,424] Trial 15 finished with value: 0.10441261529922485 and parameters: {'gradient_clip_val': 0.4500829258205479, 'hidden_size': 53, 'dropout': 0.32527114486941694, 'hidden_continuous_size': 27, 'attention_head_size': 3, 'learning_rate': 0.09857162548259456}. Best is trial 8 with value: 0.06466154009103775.
LOCAL_RANK: 0 - CUDA_VISIBLE_DEVICES: [0]
[I 2023-12-16 06:19:19,935] Trial 16 finished with value: 0.18200898170471191 and parameters: {'gradient_clip_val': 0.3250740443290723, 'hidden_size': 29, 'dropout': 0.39101592300072274, 'hidden_continuous_size': 15, 'attention_head_size': 1, 'learning_rate': 0.017495273366860447}. Best is trial 8 with value: 0.06466154009103775.
LOCAL_RANK: 0 - CUDA_VISIBLE_DEVICES: [0]
[I 2023-12-16 06:20:14,237] Trial 17 finished with value: 0.06887296587228775 and parameters: {'gradient_clip_val': 0.6325849672811753, 'hidden_size': 63, 'dropout': 0.30796656052337984, 'hidden_continuous_size': 50, 'attention_head_size': 2, 'learning_rate': 0.043480870330775245}. Best is trial 8 with value: 0.06466154009103775.
LOCAL_RANK: 0 - CUDA_VISIBLE_DEVICES: [0]
[I 2023-12-16 06:21:02,765] Trial 18 finished with value: 0.06594187766313553 and parameters: {'gradient_clip_val': 0.6094377336145533, 'hidden_size': 27, 'dropout': 0.3242122771659454, 'hidden_continuous_size': 10, 'attention_head_size': 1, 'learning_rate': 0.039993455594412}. Best is trial 8 with value: 0.06466154009103775.
LOCAL_RANK: 0 - CUDA_VISIBLE_DEVICES: [0]
[I 2023-12-16 06:21:51,151] Trial 19 finished with value: 0.48615503311157227 and parameters: {'gradient_clip_val': 0.962546175531765, 'hidden_size': 26, 'dropout': 0.3579756390251102, 'hidden_continuous_size': 8, 'attention_head_size': 1, 'learning_rate': 0.012597659726132427}. Best is trial 8 with value: 0.06466154009103775.
LOCAL_RANK: 0 - CUDA_VISIBLE_DEVICES: [0]
[I 2023-12-16 06:22:36,625] Trial 20 finished with value: 1.479543685913086 and parameters: {'gradient_clip_val': 0.7296949526271084, 'hidden_size': 13, 'dropout': 0.3296392023927844, 'hidden_continuous_size': 7, 'attention_head_size': 1, 'learning_rate': 0.005821679049154713}. Best is trial 8 with value: 0.06466154009103775.
LOCAL_RANK: 0 - CUDA_VISIBLE_DEVICES: [0]
[I 2023-12-16 06:23:24,845] Trial 21 finished with value: 0.06702577322721481 and parameters: {'gradient_clip_val': 0.5922326151885714, 'hidden_size': 28, 'dropout': 0.31657766244681096, 'hidden_continuous_size': 10, 'attention_head_size': 2, 'learning_rate': 0.04764838600376427}. Best is trial 8 with value: 0.06466154009103775.
LOCAL_RANK: 0 - CUDA_VISIBLE_DEVICES: [0]
[I 2023-12-16 06:24:13,854] Trial 22 finished with value: 0.5229926705360413 and parameters: {'gradient_clip_val': 0.4913647823021994, 'hidden_size': 27, 'dropout': 0.26743094781323373, 'hidden_continuous_size': 10, 'attention_head_size': 1, 'learning_rate': 0.05467085845255985}. Best is trial 8 with value: 0.06466154009103775.
LOCAL_RANK: 0 - CUDA_VISIBLE_DEVICES: [0]
