[I 2023-12-26 13:28:51,974] Trial 26 finished with value: 24.863637924194336 and parameters: {'gradient_clip_val': 0.31949653190611377, 'hidden_size': 46, 'dropout': 0.2303183271853745, 'hidden_continuous_size': 21, 'attention_head_size': 3, 'learning_rate': 0.01911724802727988}. Best is trial 0 with value: 11.613308906555176.
[I 2023-12-26 13:28:55,809] Trial 27 finished with value: 31.24287986755371 and parameters: {'gradient_clip_val': 0.5753041432744432, 'hidden_size': 39, 'dropout': 0.2782214866890061, 'hidden_continuous_size': 19, 'attention_head_size': 4, 'learning_rate': 0.03393269648691839}. Best is trial 0 with value: 11.613308906555176.
[I 2023-12-26 13:29:01,600] Trial 28 finished with value: 16.56280517578125 and parameters: {'gradient_clip_val': 0.41043181378663995, 'hidden_size': 69, 'dropout': 0.34426441586095313, 'hidden_continuous_size': 40, 'attention_head_size': 4, 'learning_rate': 0.026985185744997038}. Best is trial 0 with value: 11.613308906555176.
[I 2023-12-26 13:29:11,186] Trial 29 finished with value: 15.120597839355469 and parameters: {'gradient_clip_val': 0.7251709105544811, 'hidden_size': 114, 'dropout': 0.14172086865969197, 'hidden_continuous_size': 98, 'attention_head_size': 1, 'learning_rate': 0.00400983423095281}. Best is trial 0 with value: 11.613308906555176.
[I 2023-12-26 13:29:24,646] Trial 30 finished with value: 25.25071144104004 and parameters: {'gradient_clip_val': 0.7053689189615522, 'hidden_size': 147, 'dropout': 0.1250436723375578, 'hidden_continuous_size': 125, 'attention_head_size': 1, 'learning_rate': 0.002504998172364264}. Best is trial 0 with value: 11.613308906555176.
[I 2023-12-26 13:29:32,373] Trial 31 finished with value: 21.53697967529297 and parameters: {'gradient_clip_val': 0.6525696650609599, 'hidden_size': 96, 'dropout': 0.12836972538957442, 'hidden_continuous_size': 73, 'attention_head_size': 1, 'learning_rate': 0.0044316759195690775}. Best is trial 0 with value: 11.613308906555176.
[I 2023-12-26 13:29:41,969] Trial 32 finished with value: 28.133834838867188 and parameters: {'gradient_clip_val': 0.546456719648394, 'hidden_size': 110, 'dropout': 0.17584571701669813, 'hidden_continuous_size': 98, 'attention_head_size': 1, 'learning_rate': 0.007964189218166853}. Best is trial 0 with value: 11.613308906555176.
[I 2023-12-26 13:29:51,214] Trial 33 finished with value: 21.30935287475586 and parameters: {'gradient_clip_val': 0.9812526893492137, 'hidden_size': 115, 'dropout': 0.15680176899432816, 'hidden_continuous_size': 65, 'attention_head_size': 2, 'learning_rate': 0.004337622032007962}. Best is trial 0 with value: 11.613308906555176.
[I 2023-12-26 13:29:58,077] Trial 34 finished with value: 19.865198135375977 and parameters: {'gradient_clip_val': 0.7649229897278608, 'hidden_size': 81, 'dropout': 0.19600784921007902, 'hidden_continuous_size': 60, 'attention_head_size': 2, 'learning_rate': 0.011316349552393266}. Best is trial 0 with value: 11.613308906555176.
[I 2023-12-26 13:30:03,786] Trial 35 finished with value: 19.919048309326172 and parameters: {'gradient_clip_val': 0.615095508123904, 'hidden_size': 67, 'dropout': 0.1342502000051488, 'hidden_continuous_size': 51, 'attention_head_size': 3, 'learning_rate': 0.019299269925065452}. Best is trial 0 with value: 11.613308906555176.
[I 2023-12-26 13:30:12,555] Trial 36 finished with value: 28.878677368164062 and parameters: {'gradient_clip_val': 0.7380192904705762, 'hidden_size': 102, 'dropout': 0.10017245935567874, 'hidden_continuous_size': 77, 'attention_head_size': 1, 'learning_rate': 0.06703659922146211}. Best is trial 0 with value: 11.613308906555176.
[I 2023-12-26 13:30:17,547] Trial 37 finished with value: 25.890535354614258 and parameters: {'gradient_clip_val': 0.5834599960260182, 'hidden_size': 56, 'dropout': 0.17996394078141692, 'hidden_continuous_size': 43, 'attention_head_size': 2, 'learning_rate': 0.039042593709197444}. Best is trial 0 with value: 11.613308906555176.
[I 2023-12-26 13:30:21,001] Trial 38 finished with value: 24.761919021606445 and parameters: {'gradient_clip_val': 0.44262021671221174, 'hidden_size': 34, 'dropout': 0.1518398536834149, 'hidden_continuous_size': 6, 'attention_head_size': 4, 'learning_rate': 0.019153927119194034}. Best is trial 0 with value: 11.613308906555176.
[I 2023-12-26 13:30:23,920] Trial 39 finished with value: 21.492544174194336 and parameters: {'gradient_clip_val': 0.516676497909513, 'hidden_size': 23, 'dropout': 0.20653974439336947, 'hidden_continuous_size': 9, 'attention_head_size': 3, 'learning_rate': 0.002906431213816723}. Best is trial 0 with value: 11.613308906555176.
[I 2023-12-26 13:30:30,552] Trial 40 finished with value: 28.947168350219727 and parameters: {'gradient_clip_val': 0.6422853177585935, 'hidden_size': 75, 'dropout': 0.2416789247751658, 'hidden_continuous_size': 56, 'attention_head_size': 2, 'learning_rate': 0.005604995360400294}. Best is trial 0 with value: 11.613308906555176.
[I 2023-12-26 13:30:41,733] Trial 41 finished with value: 25.353242874145508 and parameters: {'gradient_clip_val': 0.4248751966390903, 'hidden_size': 121, 'dropout': 0.32954815053039554, 'hidden_continuous_size': 100, 'attention_head_size': 4, 'learning_rate': 0.026370574861362236}. Best is trial 0 with value: 11.613308906555176.
[I 2023-12-26 13:30:49,604] Trial 42 finished with value: 20.204769134521484 and parameters: {'gradient_clip_val': 0.36623772750630884, 'hidden_size': 92, 'dropout': 0.2142473886177842, 'hidden_continuous_size': 68, 'attention_head_size': 4, 'learning_rate': 0.06309641018040478}. Best is trial 0 with value: 11.613308906555176.
[I 2023-12-26 13:30:54,657] Trial 43 finished with value: 21.948606491088867 and parameters: {'gradient_clip_val': 0.2902172395435039, 'hidden_size': 64, 'dropout': 0.18230552537016698, 'hidden_continuous_size': 48, 'attention_head_size': 4, 'learning_rate': 0.023528286452161276}. Best is trial 0 with value: 11.613308906555176.
[I 2023-12-26 13:31:06,319] Trial 44 finished with value: 18.111940383911133 and parameters: {'gradient_clip_val': 0.4684035515161393, 'hidden_size': 127, 'dropout': 0.3444420210431519, 'hidden_continuous_size': 99, 'attention_head_size': 4, 'learning_rate': 0.07770972960176475}. Best is trial 0 with value: 11.613308906555176.
[I 2023-12-26 13:31:13,497] Trial 45 finished with value: 22.667814254760742 and parameters: {'gradient_clip_val': 0.5330872249398697, 'hidden_size': 81, 'dropout': 0.24663142263669574, 'hidden_continuous_size': 60, 'attention_head_size': 4, 'learning_rate': 0.04691567108802067}. Best is trial 0 with value: 11.613308906555176.
[I 2023-12-26 13:31:19,775] Trial 46 finished with value: 25.003524780273438 and parameters: {'gradient_clip_val': 0.4096235410130919, 'hidden_size': 71, 'dropout': 0.2169161394055764, 'hidden_continuous_size': 44, 'attention_head_size': 4, 'learning_rate': 0.00873474873169265}. Best is trial 0 with value: 11.613308906555176.
[I 2023-12-26 13:31:32,726] Trial 47 finished with value: 21.58049201965332 and parameters: {'gradient_clip_val': 0.8072792093725517, 'hidden_size': 147, 'dropout': 0.25470366183066484, 'hidden_continuous_size': 118, 'attention_head_size': 3, 'learning_rate': 0.013547504352700203}. Best is trial 0 with value: 11.613308906555176.
[I 2023-12-26 13:31:37,634] Trial 48 finished with value: 29.638166427612305 and parameters: {'gradient_clip_val': 0.6543221034788407, 'hidden_size': 57, 'dropout': 0.19225603424660923, 'hidden_continuous_size': 45, 'attention_head_size': 3, 'learning_rate': 0.006260780943956812}. Best is trial 0 with value: 11.613308906555176.
[I 2023-12-26 13:31:46,146] Trial 49 finished with value: 21.425878524780273 and parameters: {'gradient_clip_val': 0.4528647198956515, 'hidden_size': 100, 'dropout': 0.23527846878634456, 'hidden_continuous_size': 73, 'attention_head_size': 4, 'learning_rate': 0.031973639431921816}. Best is trial 0 with value: 11.613308906555176.
[I 2023-12-26 13:31:46,317] A new study created in memory with name: no-name-2b292f7e-bbf3-406f-a5e4-ebbc17c94c10
/home/le004/conda/anaconda3/envs/tsff_env/lib/python3.9/site-packages/lightning/fabric/plugins/environments/slurm.py:191: The `srun` command is available on your system but is not used. HINT: If your intention is to run Lightning on SLURM, prepend your python command with `srun` like so: srun python /home/le004/master_thesis/git/TSFusionForecast/code/ ...
[I 2023-12-26 13:34:46,685] Trial 0 finished with value: 5.961793899536133 and parameters: {'gradient_clip_val': 0.2188403447732891, 'hidden_size': 8, 'dropout': 0.12304745173870685, 'hidden_continuous_size': 6, 'attention_head_size': 1, 'learning_rate': 0.04130551325245775}. Best is trial 0 with value: 5.961793899536133.
[I 2023-12-26 13:34:48,791] Trial 1 finished with value: 26.138084411621094 and parameters: {'gradient_clip_val': 0.14316496599078798, 'hidden_size': 14, 'dropout': 0.235596839786587, 'hidden_continuous_size': 12, 'attention_head_size': 4, 'learning_rate': 0.08564462925930717}. Best is trial 0 with value: 5.961793899536133.
[I 2023-12-26 13:34:53,141] Trial 2 finished with value: 19.787458419799805 and parameters: {'gradient_clip_val': 0.14972709145098084, 'hidden_size': 71, 'dropout': 0.2241330608341023, 'hidden_continuous_size': 69, 'attention_head_size': 3, 'learning_rate': 0.02242749178248338}. Best is trial 0 with value: 5.961793899536133.
[I 2023-12-26 13:34:54,829] Trial 3 finished with value: 25.58420753479004 and parameters: {'gradient_clip_val': 0.4573391126048408, 'hidden_size': 5, 'dropout': 0.15412163886159816, 'hidden_continuous_size': 5, 'attention_head_size': 3, 'learning_rate': 0.015410255818448043}. Best is trial 0 with value: 5.961793899536133.
[I 2023-12-26 13:34:57,868] Trial 4 finished with value: 27.076467514038086 and parameters: {'gradient_clip_val': 0.7065536289159391, 'hidden_size': 53, 'dropout': 0.1965468557598729, 'hidden_continuous_size': 19, 'attention_head_size': 2, 'learning_rate': 0.0025083138381771742}. Best is trial 0 with value: 5.961793899536133.
[I 2023-12-26 13:34:59,930] Trial 5 finished with value: 15.268904685974121 and parameters: {'gradient_clip_val': 0.393064439786857, 'hidden_size': 17, 'dropout': 0.3734007928079569, 'hidden_continuous_size': 15, 'attention_head_size': 3, 'learning_rate': 0.007262740661704459}. Best is trial 0 with value: 5.961793899536133.
[I 2023-12-26 13:35:01,761] Trial 6 finished with value: 23.259552001953125 and parameters: {'gradient_clip_val': 0.27557397651071514, 'hidden_size': 11, 'dropout': 0.47464153948104437, 'hidden_continuous_size': 11, 'attention_head_size': 2, 'learning_rate': 0.05045739949143206}. Best is trial 0 with value: 5.961793899536133.
[I 2023-12-26 13:35:03,769] Trial 7 finished with value: 11.947609901428223 and parameters: {'gradient_clip_val': 0.1678642949039722, 'hidden_size': 16, 'dropout': 0.14304672252702516, 'hidden_continuous_size': 12, 'attention_head_size': 1, 'learning_rate': 0.0011405430947742017}. Best is trial 0 with value: 5.961793899536133.
[I 2023-12-26 13:35:05,673] Trial 8 finished with value: 20.245616912841797 and parameters: {'gradient_clip_val': 0.30936828993205817, 'hidden_size': 12, 'dropout': 0.3477948215642178, 'hidden_continuous_size': 6, 'attention_head_size': 2, 'learning_rate': 0.006543441290233439}. Best is trial 0 with value: 5.961793899536133.
[I 2023-12-26 13:35:09,439] Trial 9 finished with value: 24.078359603881836 and parameters: {'gradient_clip_val': 0.4967953458207688, 'hidden_size': 67, 'dropout': 0.38644657865679066, 'hidden_continuous_size': 39, 'attention_head_size': 3, 'learning_rate': 0.047041542759068446}. Best is trial 0 with value: 5.961793899536133.
[I 2023-12-26 13:35:11,076] Trial 10 finished with value: 29.953752517700195 and parameters: {'gradient_clip_val': 0.10929996733137565, 'hidden_size': 5, 'dropout': 0.10156566510112738, 'hidden_continuous_size': 5, 'attention_head_size': 1, 'learning_rate': 0.0005320701463630136}. Best is trial 0 with value: 5.961793899536133.
[I 2023-12-26 13:35:13,311] Trial 11 finished with value: 25.529165267944336 and parameters: {'gradient_clip_val': 0.2193073460462278, 'hidden_size': 28, 'dropout': 0.1283157756797708, 'hidden_continuous_size': 8, 'attention_head_size': 1, 'learning_rate': 0.0009980985818595167}. Best is trial 0 with value: 5.961793899536133.
[I 2023-12-26 13:35:15,558] Trial 12 finished with value: 32.99283218383789 and parameters: {'gradient_clip_val': 0.2088448500134392, 'hidden_size': 28, 'dropout': 0.10293036629969612, 'hidden_continuous_size': 8, 'attention_head_size': 1, 'learning_rate': 0.0022052923108460964}. Best is trial 0 with value: 5.961793899536133.
[I 2023-12-26 13:35:23,768] Trial 13 finished with value: 25.3089599609375 and parameters: {'gradient_clip_val': 0.19174395838786334, 'hidden_size': 141, 'dropout': 0.17179530953178831, 'hidden_continuous_size': 24, 'attention_head_size': 1, 'learning_rate': 0.002901544393057345}. Best is trial 0 with value: 5.961793899536133.
[I 2023-12-26 13:35:25,531] Trial 14 finished with value: 23.57746696472168 and parameters: {'gradient_clip_val': 0.10427840209141666, 'hidden_size': 8, 'dropout': 0.27909615681715844, 'hidden_continuous_size': 5, 'attention_head_size': 1, 'learning_rate': 0.017460080740887986}. Best is trial 0 with value: 5.961793899536133.
[I 2023-12-26 13:35:27,326] Trial 15 finished with value: 20.886232376098633 and parameters: {'gradient_clip_val': 0.26281162744626985, 'hidden_size': 8, 'dropout': 0.16586993486285725, 'hidden_continuous_size': 6, 'attention_head_size': 2, 'learning_rate': 0.0005022265996982425}. Best is trial 0 with value: 5.961793899536133.
[I 2023-12-26 13:35:29,374] Trial 16 finished with value: 24.927589416503906 and parameters: {'gradient_clip_val': 0.16143822087990695, 'hidden_size': 17, 'dropout': 0.14185446085043912, 'hidden_continuous_size': 7, 'attention_head_size': 4, 'learning_rate': 0.09919027202351777}. Best is trial 0 with value: 5.961793899536133.
[I 2023-12-26 13:35:31,481] Trial 17 finished with value: 29.66318702697754 and parameters: {'gradient_clip_val': 0.9824915113521591, 'hidden_size': 21, 'dropout': 0.206762661911908, 'hidden_continuous_size': 9, 'attention_head_size': 1, 'learning_rate': 0.0011887744639155994}. Best is trial 0 with value: 5.961793899536133.
[I 2023-12-26 13:35:33,285] Trial 18 finished with value: 16.45989418029785 and parameters: {'gradient_clip_val': 0.23805997467451478, 'hidden_size': 8, 'dropout': 0.25916727985821963, 'hidden_continuous_size': 5, 'attention_head_size': 2, 'learning_rate': 0.005984274610351329}. Best is trial 0 with value: 5.961793899536133.
[I 2023-12-26 13:35:35,732] Trial 19 finished with value: 21.36663246154785 and parameters: {'gradient_clip_val': 0.34231879135478727, 'hidden_size': 25, 'dropout': 0.1829742954060555, 'hidden_continuous_size': 10, 'attention_head_size': 1, 'learning_rate': 0.01019863971995571}. Best is trial 0 with value: 5.961793899536133.
[I 2023-12-26 13:35:37,666] Trial 20 finished with value: 33.65585708618164 and parameters: {'gradient_clip_val': 0.17761900983276993, 'hidden_size': 10, 'dropout': 0.1359616052042882, 'hidden_continuous_size': 6, 'attention_head_size': 2, 'learning_rate': 0.027239622725490867}. Best is trial 0 with value: 5.961793899536133.
[I 2023-12-26 13:35:39,541] Trial 21 finished with value: 29.803495407104492 and parameters: {'gradient_clip_val': 0.3698038138486395, 'hidden_size': 16, 'dropout': 0.32690249899349016, 'hidden_continuous_size': 7, 'attention_head_size': 3, 'learning_rate': 0.004742208953586057}. Best is trial 0 with value: 5.961793899536133.
[I 2023-12-26 13:35:41,646] Trial 22 finished with value: 22.509756088256836 and parameters: {'gradient_clip_val': 0.25344744877609554, 'hidden_size': 18, 'dropout': 0.2521643485487443, 'hidden_continuous_size': 12, 'attention_head_size': 4, 'learning_rate': 0.010399904432090077}. Best is trial 0 with value: 5.961793899536133.
[I 2023-12-26 13:35:43,644] Trial 23 finished with value: 23.118120193481445 and parameters: {'gradient_clip_val': 0.19159871407938858, 'hidden_size': 13, 'dropout': 0.2994763676032237, 'hidden_continuous_size': 6, 'attention_head_size': 3, 'learning_rate': 0.0038520994675857534}. Best is trial 0 with value: 5.961793899536133.
[I 2023-12-26 13:35:45,488] Trial 24 finished with value: 20.312999725341797 and parameters: {'gradient_clip_val': 0.12423008252883781, 'hidden_size': 6, 'dropout': 0.21029692621116472, 'hidden_continuous_size': 5, 'attention_head_size': 2, 'learning_rate': 0.009547730282144782}. Best is trial 0 with value: 5.961793899536133.
[I 2023-12-26 13:35:47,466] Trial 25 finished with value: 18.939390182495117 and parameters: {'gradient_clip_val': 0.13940800509139295, 'hidden_size': 10, 'dropout': 0.17976163262356723, 'hidden_continuous_size': 6, 'attention_head_size': 3, 'learning_rate': 0.004147634077157605}. Best is trial 0 with value: 5.961793899536133.
[I 2023-12-26 13:35:49,300] Trial 26 finished with value: 35.372291564941406 and parameters: {'gradient_clip_val': 0.17160745563502092, 'hidden_size': 7, 'dropout': 0.1359160768796757, 'hidden_continuous_size': 5, 'attention_head_size': 1, 'learning_rate': 0.0016932569002564937}. Best is trial 0 with value: 5.961793899536133.
[I 2023-12-26 13:35:51,512] Trial 27 finished with value: 31.092214584350586 and parameters: {'gradient_clip_val': 0.21961551411417987, 'hidden_size': 21, 'dropout': 0.10882322325851072, 'hidden_continuous_size': 13, 'attention_head_size': 4, 'learning_rate': 0.008316652640633151}. Best is trial 0 with value: 5.961793899536133.
[I 2023-12-26 13:35:53,427] Trial 28 finished with value: 22.775680541992188 and parameters: {'gradient_clip_val': 0.2955348973714071, 'hidden_size': 10, 'dropout': 0.22617909320254637, 'hidden_continuous_size': 6, 'attention_head_size': 2, 'learning_rate': 0.013837106366595386}. Best is trial 0 with value: 5.961793899536133.
[I 2023-12-26 13:35:55,403] Trial 29 finished with value: 33.09739303588867 and parameters: {'gradient_clip_val': 0.12601768942032218, 'hidden_size': 14, 'dropout': 0.162587014132641, 'hidden_continuous_size': 7, 'attention_head_size': 1, 'learning_rate': 0.031000039428411803}. Best is trial 0 with value: 5.961793899536133.
[I 2023-12-26 13:35:57,438] Trial 30 finished with value: 32.3609733581543 and parameters: {'gradient_clip_val': 0.38120030627848916, 'hidden_size': 14, 'dropout': 0.255784852758035, 'hidden_continuous_size': 7, 'attention_head_size': 3, 'learning_rate': 0.06453005070226168}. Best is trial 0 with value: 5.961793899536133.
[I 2023-12-26 13:35:59,462] Trial 31 finished with value: 31.717529296875 and parameters: {'gradient_clip_val': 0.23674694633900253, 'hidden_size': 8, 'dropout': 0.24770410593478084, 'hidden_continuous_size': 5, 'attention_head_size': 2, 'learning_rate': 0.006235045886336411}. Best is trial 0 with value: 5.961793899536133.
[I 2023-12-26 13:36:01,269] Trial 32 finished with value: 31.74207305908203 and parameters: {'gradient_clip_val': 0.24177707263710885, 'hidden_size': 6, 'dropout': 0.20109089003380393, 'hidden_continuous_size': 5, 'attention_head_size': 1, 'learning_rate': 0.005586600889353326}. Best is trial 0 with value: 5.961793899536133.
[I 2023-12-26 13:36:03,223] Trial 33 finished with value: 28.575197219848633 and parameters: {'gradient_clip_val': 0.15925962661844179, 'hidden_size': 12, 'dropout': 0.2274747875163125, 'hidden_continuous_size': 6, 'attention_head_size': 2, 'learning_rate': 0.023615433947958748}. Best is trial 0 with value: 5.961793899536133.
[I 2023-12-26 13:36:04,934] Trial 34 finished with value: 27.7812557220459 and parameters: {'gradient_clip_val': 0.1956457796718666, 'hidden_size': 5, 'dropout': 0.12433103782181557, 'hidden_continuous_size': 5, 'attention_head_size': 3, 'learning_rate': 0.01374411816365581}. Best is trial 0 with value: 5.961793899536133.
[I 2023-12-26 13:36:06,858] Trial 35 finished with value: 29.075197219848633 and parameters: {'gradient_clip_val': 0.2759748503509026, 'hidden_size': 9, 'dropout': 0.15333055924608766, 'hidden_continuous_size': 5, 'attention_head_size': 2, 'learning_rate': 0.003347715726170089}. Best is trial 0 with value: 5.961793899536133.
[I 2023-12-26 13:36:08,810] Trial 36 finished with value: 25.858230590820312 and parameters: {'gradient_clip_val': 0.1445491733555357, 'hidden_size': 12, 'dropout': 0.18501692889883017, 'hidden_continuous_size': 8, 'attention_head_size': 3, 'learning_rate': 0.007010213588651859}. Best is trial 0 with value: 5.961793899536133.
[I 2023-12-26 13:36:10,654] Trial 37 finished with value: 30.299148559570312 and parameters: {'gradient_clip_val': 0.45374707154079197, 'hidden_size': 7, 'dropout': 0.3854362090469877, 'hidden_continuous_size': 5, 'attention_head_size': 1, 'learning_rate': 0.03323552474666957}. Best is trial 0 with value: 5.961793899536133.
[I 2023-12-26 13:36:12,585] Trial 38 finished with value: 27.208267211914062 and parameters: {'gradient_clip_val': 0.307215823228457, 'hidden_size': 11, 'dropout': 0.15972985907018158, 'hidden_continuous_size': 6, 'attention_head_size': 2, 'learning_rate': 0.004398008547562891}. Best is trial 0 with value: 5.961793899536133.
[I 2023-12-26 13:36:15,114] Trial 39 finished with value: 20.923006057739258 and parameters: {'gradient_clip_val': 0.23820581574748032, 'hidden_size': 35, 'dropout': 0.2688425298437637, 'hidden_continuous_size': 14, 'attention_head_size': 4, 'learning_rate': 0.002226423906893323}. Best is trial 0 with value: 5.961793899536133.
[I 2023-12-26 13:36:17,210] Trial 40 finished with value: 28.627172470092773 and parameters: {'gradient_clip_val': 0.21390819223721436, 'hidden_size': 15, 'dropout': 0.23481397757305206, 'hidden_continuous_size': 9, 'attention_head_size': 3, 'learning_rate': 0.01887424536054869}. Best is trial 0 with value: 5.961793899536133.
