[I 2023-12-15 22:17:13,055] Trial 13 finished with value: 976.4889526367188 and parameters: {'gradient_clip_val': 0.7094331713035081, 'hidden_size': 53, 'dropout': 0.21297650340386798, 'hidden_continuous_size': 10, 'attention_head_size': 2, 'learning_rate': 0.0005051968391655245}. Best is trial 13 with value: 976.4889526367188.
LOCAL_RANK: 0 - CUDA_VISIBLE_DEVICES: [0]
[I 2023-12-15 22:18:05,845] Trial 14 finished with value: 1057.80078125 and parameters: {'gradient_clip_val': 0.7762312338959652, 'hidden_size': 58, 'dropout': 0.2065492722281935, 'hidden_continuous_size': 21, 'attention_head_size': 2, 'learning_rate': 0.0019072574995412123}. Best is trial 13 with value: 976.4889526367188.
LOCAL_RANK: 0 - CUDA_VISIBLE_DEVICES: [0]
[I 2023-12-15 22:18:58,866] Trial 15 finished with value: 2777.112060546875 and parameters: {'gradient_clip_val': 0.9775878469770523, 'hidden_size': 64, 'dropout': 0.19880964162864223, 'hidden_continuous_size': 22, 'attention_head_size': 2, 'learning_rate': 0.002751504036400559}. Best is trial 13 with value: 976.4889526367188.
LOCAL_RANK: 0 - CUDA_VISIBLE_DEVICES: [0]
[I 2023-12-15 22:19:53,099] Trial 16 finished with value: 1915.0712890625 and parameters: {'gradient_clip_val': 0.7307233312902578, 'hidden_size': 84, 'dropout': 0.12204909740239812, 'hidden_continuous_size': 35, 'attention_head_size': 2, 'learning_rate': 0.001247886470979066}. Best is trial 13 with value: 976.4889526367188.
LOCAL_RANK: 0 - CUDA_VISIBLE_DEVICES: [0]
[I 2023-12-15 22:20:46,897] Trial 17 finished with value: 1580.5062255859375 and parameters: {'gradient_clip_val': 0.8037626449407861, 'hidden_size': 58, 'dropout': 0.16520857714234527, 'hidden_continuous_size': 48, 'attention_head_size': 3, 'learning_rate': 0.0026729682604619102}. Best is trial 13 with value: 976.4889526367188.
LOCAL_RANK: 0 - CUDA_VISIBLE_DEVICES: [0]
[I 2023-12-15 22:21:41,903] Trial 18 finished with value: 4894.1962890625 and parameters: {'gradient_clip_val': 0.564872290982492, 'hidden_size': 97, 'dropout': 0.2224511219080151, 'hidden_continuous_size': 16, 'attention_head_size': 2, 'learning_rate': 0.00103302312805553}. Best is trial 13 with value: 976.4889526367188.
LOCAL_RANK: 0 - CUDA_VISIBLE_DEVICES: [0]
[I 2023-12-15 22:22:35,244] Trial 19 finished with value: 2084.829345703125 and parameters: {'gradient_clip_val': 0.8191632445998676, 'hidden_size': 65, 'dropout': 0.2645037756854947, 'hidden_continuous_size': 19, 'attention_head_size': 3, 'learning_rate': 0.00204320581274899}. Best is trial 13 with value: 976.4889526367188.
LOCAL_RANK: 0 - CUDA_VISIBLE_DEVICES: [0]
[I 2023-12-15 22:23:26,598] Trial 20 finished with value: 1959.73193359375 and parameters: {'gradient_clip_val': 0.9951400680190458, 'hidden_size': 42, 'dropout': 0.2516585833280157, 'hidden_continuous_size': 12, 'attention_head_size': 1, 'learning_rate': 0.004354038834667499}. Best is trial 13 with value: 976.4889526367188.
LOCAL_RANK: 0 - CUDA_VISIBLE_DEVICES: [0]
[I 2023-12-15 22:24:21,033] Trial 21 finished with value: 2764.2158203125 and parameters: {'gradient_clip_val': 0.7437450567885041, 'hidden_size': 53, 'dropout': 0.17208961744684137, 'hidden_continuous_size': 52, 'attention_head_size': 3, 'learning_rate': 0.003540645172102508}. Best is trial 13 with value: 976.4889526367188.
LOCAL_RANK: 0 - CUDA_VISIBLE_DEVICES: [0]
[I 2023-12-15 22:25:14,474] Trial 22 finished with value: 9332.4755859375 and parameters: {'gradient_clip_val': 0.7893083956201355, 'hidden_size': 68, 'dropout': 0.14463979569547974, 'hidden_continuous_size': 49, 'attention_head_size': 2, 'learning_rate': 0.0015457854186396922}. Best is trial 13 with value: 976.4889526367188.
LOCAL_RANK: 0 - CUDA_VISIBLE_DEVICES: [0]
[I 2023-12-15 22:26:08,173] Trial 23 finished with value: 1587.8531494140625 and parameters: {'gradient_clip_val': 0.534366408762136, 'hidden_size': 55, 'dropout': 0.10290754946129747, 'hidden_continuous_size': 37, 'attention_head_size': 3, 'learning_rate': 0.000940014566063329}. Best is trial 13 with value: 976.4889526367188.
LOCAL_RANK: 0 - CUDA_VISIBLE_DEVICES: [0]
[I 2023-12-15 22:27:00,416] Trial 24 finished with value: 1967.5233154296875 and parameters: {'gradient_clip_val': 0.7492176132679054, 'hidden_size': 45, 'dropout': 0.1989107302418257, 'hidden_continuous_size': 22, 'attention_head_size': 2, 'learning_rate': 0.0019228845386723614}. Best is trial 13 with value: 976.4889526367188.
LOCAL_RANK: 0 - CUDA_VISIBLE_DEVICES: [0]
[I 2023-12-15 22:27:57,016] Trial 25 finished with value: 4936.87744140625 and parameters: {'gradient_clip_val': 0.6670287242102073, 'hidden_size': 75, 'dropout': 0.16292423665750674, 'hidden_continuous_size': 72, 'attention_head_size': 3, 'learning_rate': 0.004560977201951572}. Best is trial 13 with value: 976.4889526367188.
LOCAL_RANK: 0 - CUDA_VISIBLE_DEVICES: [0]
[I 2023-12-15 22:28:49,823] Trial 26 finished with value: 1187.5648193359375 and parameters: {'gradient_clip_val': 0.5284962843343305, 'hidden_size': 58, 'dropout': 0.2217304177987746, 'hidden_continuous_size': 14, 'attention_head_size': 2, 'learning_rate': 0.0008158923104721533}. Best is trial 13 with value: 976.4889526367188.
LOCAL_RANK: 0 - CUDA_VISIBLE_DEVICES: [0]
[I 2023-12-15 22:29:43,360] Trial 27 finished with value: 6164.52392578125 and parameters: {'gradient_clip_val': 0.5684259885198124, 'hidden_size': 98, 'dropout': 0.21006912852199072, 'hidden_continuous_size': 10, 'attention_head_size': 2, 'learning_rate': 0.0008706873979701137}. Best is trial 13 with value: 976.4889526367188.
LOCAL_RANK: 0 - CUDA_VISIBLE_DEVICES: [0]
[I 2023-12-15 22:30:36,587] Trial 28 finished with value: 5231.73876953125 and parameters: {'gradient_clip_val': 0.5155750001291975, 'hidden_size': 73, 'dropout': 0.2209224967799938, 'hidden_continuous_size': 15, 'attention_head_size': 2, 'learning_rate': 0.0008013731801167337}. Best is trial 13 with value: 976.4889526367188.
LOCAL_RANK: 0 - CUDA_VISIBLE_DEVICES: [0]
[I 2023-12-15 22:31:28,353] Trial 29 finished with value: 3437.946533203125 and parameters: {'gradient_clip_val': 0.38674594178210614, 'hidden_size': 43, 'dropout': 0.18716068274589023, 'hidden_continuous_size': 13, 'attention_head_size': 1, 'learning_rate': 0.0006509798722425898}. Best is trial 13 with value: 976.4889526367188.
LOCAL_RANK: 0 - CUDA_VISIBLE_DEVICES: [0]
[I 2023-12-15 22:32:16,800] Trial 30 finished with value: 2024.5408935546875 and parameters: {'gradient_clip_val': 0.4967353790600442, 'hidden_size': 36, 'dropout': 0.22914938921806358, 'hidden_continuous_size': 10, 'attention_head_size': 1, 'learning_rate': 0.0005133192633991797}. Best is trial 13 with value: 976.4889526367188.
LOCAL_RANK: 0 - CUDA_VISIBLE_DEVICES: [0]
[I 2023-12-15 22:33:09,590] Trial 31 finished with value: 2734.2802734375 and parameters: {'gradient_clip_val': 0.8611910655154501, 'hidden_size': 59, 'dropout': 0.16011748886349464, 'hidden_continuous_size': 18, 'attention_head_size': 2, 'learning_rate': 0.0014530666575140298}. Best is trial 13 with value: 976.4889526367188.
LOCAL_RANK: 0 - CUDA_VISIBLE_DEVICES: [0]
[I 2023-12-15 22:34:02,911] Trial 32 finished with value: 4022.802001953125 and parameters: {'gradient_clip_val': 0.6750344555686258, 'hidden_size': 54, 'dropout': 0.20600483485459864, 'hidden_continuous_size': 26, 'attention_head_size': 3, 'learning_rate': 0.0023049035839188747}. Best is trial 13 with value: 976.4889526367188.
LOCAL_RANK: 0 - CUDA_VISIBLE_DEVICES: [0]
[I 2023-12-15 22:34:55,723] Trial 33 finished with value: 5249.74462890625 and parameters: {'gradient_clip_val': 0.6033507144630952, 'hidden_size': 82, 'dropout': 0.17948366234356317, 'hidden_continuous_size': 9, 'attention_head_size': 2, 'learning_rate': 0.0010924951101562946}. Best is trial 13 with value: 976.4889526367188.
LOCAL_RANK: 0 - CUDA_VISIBLE_DEVICES: [0]
[I 2023-12-15 22:35:48,433] Trial 34 finished with value: 4248.91357421875 and parameters: {'gradient_clip_val': 0.6841350588824282, 'hidden_size': 49, 'dropout': 0.19081371750643347, 'hidden_continuous_size': 13, 'attention_head_size': 3, 'learning_rate': 0.0005087925112112457}. Best is trial 13 with value: 976.4889526367188.
LOCAL_RANK: 0 - CUDA_VISIBLE_DEVICES: [0]
[I 2023-12-15 22:36:38,962] Trial 35 finished with value: 2214.5087890625 and parameters: {'gradient_clip_val': 0.6186032485923487, 'hidden_size': 38, 'dropout': 0.21399332533750523, 'hidden_continuous_size': 11, 'attention_head_size': 2, 'learning_rate': 0.001699611889056581}. Best is trial 13 with value: 976.4889526367188.
LOCAL_RANK: 0 - CUDA_VISIBLE_DEVICES: [0]
[I 2023-12-15 22:37:30,521] Trial 36 finished with value: 1436.5745849609375 and parameters: {'gradient_clip_val': 0.879847035227122, 'hidden_size': 64, 'dropout': 0.2629909848916122, 'hidden_continuous_size': 8, 'attention_head_size': 3, 'learning_rate': 0.0007501053168882328}. Best is trial 13 with value: 976.4889526367188.
LOCAL_RANK: 0 - CUDA_VISIBLE_DEVICES: [0]
[I 2023-12-15 22:38:23,684] Trial 37 finished with value: 1144.8282470703125 and parameters: {'gradient_clip_val': 0.6281103143789883, 'hidden_size': 75, 'dropout': 0.27053486275269034, 'hidden_continuous_size': 8, 'attention_head_size': 2, 'learning_rate': 0.0008027557096819102}. Best is trial 13 with value: 976.4889526367188.
LOCAL_RANK: 0 - CUDA_VISIBLE_DEVICES: [0]
[I 2023-12-15 22:39:15,871] Trial 38 finished with value: 5463.634765625 and parameters: {'gradient_clip_val': 0.4072720977366207, 'hidden_size': 79, 'dropout': 0.3179938854636115, 'hidden_continuous_size': 7, 'attention_head_size': 2, 'learning_rate': 0.0008596247343027139}. Best is trial 13 with value: 976.4889526367188.
LOCAL_RANK: 0 - CUDA_VISIBLE_DEVICES: [0]
[I 2023-12-15 22:40:07,118] Trial 39 finished with value: 3058.667724609375 and parameters: {'gradient_clip_val': 0.5845767338710476, 'hidden_size': 47, 'dropout': 0.2752521484718484, 'hidden_continuous_size': 8, 'attention_head_size': 1, 'learning_rate': 0.0006912669619885171}. Best is trial 13 with value: 976.4889526367188.
LOCAL_RANK: 0 - CUDA_VISIBLE_DEVICES: [0]
[I 2023-12-15 22:40:54,764] Trial 40 finished with value: 1943.6832275390625 and parameters: {'gradient_clip_val': 0.4924343928006833, 'hidden_size': 32, 'dropout': 0.2383419858055726, 'hidden_continuous_size': 11, 'attention_head_size': 2, 'learning_rate': 0.0005009314913706556}. Best is trial 13 with value: 976.4889526367188.
LOCAL_RANK: 0 - CUDA_VISIBLE_DEVICES: [0]
[I 2023-12-15 22:41:46,186] Trial 41 finished with value: 629.8372802734375 and parameters: {'gradient_clip_val': 0.6709649835323208, 'hidden_size': 68, 'dropout': 0.25789521076220706, 'hidden_continuous_size': 8, 'attention_head_size': 2, 'learning_rate': 0.0007449495092460938}. Best is trial 41 with value: 629.8372802734375.
LOCAL_RANK: 0 - CUDA_VISIBLE_DEVICES: [0]
[I 2023-12-15 22:42:38,103] Trial 42 finished with value: 2053.45361328125 and parameters: {'gradient_clip_val': 0.6895353311396618, 'hidden_size': 74, 'dropout': 0.22895595710508043, 'hidden_continuous_size': 7, 'attention_head_size': 2, 'learning_rate': 0.0010220664420531656}. Best is trial 41 with value: 629.8372802734375.
LOCAL_RANK: 0 - CUDA_VISIBLE_DEVICES: [0]
[I 2023-12-15 22:43:30,785] Trial 43 finished with value: 1398.8824462890625 and parameters: {'gradient_clip_val': 0.648457421510151, 'hidden_size': 83, 'dropout': 0.25315356087982605, 'hidden_continuous_size': 9, 'attention_head_size': 2, 'learning_rate': 0.0006955685448140347}. Best is trial 41 with value: 629.8372802734375.
LOCAL_RANK: 0 - CUDA_VISIBLE_DEVICES: [0]
[I 2023-12-15 22:44:22,159] Trial 44 finished with value: 1408.4986572265625 and parameters: {'gradient_clip_val': 0.5933912881083592, 'hidden_size': 61, 'dropout': 0.29098784417774415, 'hidden_continuous_size': 6, 'attention_head_size': 2, 'learning_rate': 0.0014174187064879295}. Best is trial 41 with value: 629.8372802734375.
LOCAL_RANK: 0 - CUDA_VISIBLE_DEVICES: [0]
[I 2023-12-15 22:45:16,083] Trial 45 finished with value: 719.8252563476562 and parameters: {'gradient_clip_val': 0.44441726812016197, 'hidden_size': 98, 'dropout': 0.2441122035702326, 'hidden_continuous_size': 13, 'attention_head_size': 2, 'learning_rate': 0.0006289437795708281}. Best is trial 41 with value: 629.8372802734375.
LOCAL_RANK: 0 - CUDA_VISIBLE_DEVICES: [0]
[I 2023-12-15 22:46:10,195] Trial 46 finished with value: 4918.68994140625 and parameters: {'gradient_clip_val': 0.7330691075311417, 'hidden_size': 99, 'dropout': 0.24373158187463007, 'hidden_continuous_size': 12, 'attention_head_size': 2, 'learning_rate': 0.0006370969065434317}. Best is trial 41 with value: 629.8372802734375.
LOCAL_RANK: 0 - CUDA_VISIBLE_DEVICES: [0]
[I 2023-12-15 22:47:04,064] Trial 47 finished with value: 3744.920654296875 and parameters: {'gradient_clip_val': 0.4543716231028114, 'hidden_size': 89, 'dropout': 0.2790464889417116, 'hidden_continuous_size': 16, 'attention_head_size': 1, 'learning_rate': 0.0011205692780608208}. Best is trial 41 with value: 629.8372802734375.
LOCAL_RANK: 0 - CUDA_VISIBLE_DEVICES: [0]
[I 2023-12-15 22:47:55,857] Trial 48 finished with value: 1189.5924072265625 and parameters: {'gradient_clip_val': 0.9030641941678413, 'hidden_size': 75, 'dropout': 0.2642095586277133, 'hidden_continuous_size': 6, 'attention_head_size': 2, 'learning_rate': 0.0006378618470559975}. Best is trial 41 with value: 629.8372802734375.
LOCAL_RANK: 0 - CUDA_VISIBLE_DEVICES: [0]
[I 2023-12-15 22:48:48,056] Trial 49 finished with value: 4216.80908203125 and parameters: {'gradient_clip_val': 0.4390970468348052, 'hidden_size': 69, 'dropout': 0.30586492396861864, 'hidden_continuous_size': 9, 'attention_head_size': 2, 'learning_rate': 0.0012740581414504106}. Best is trial 41 with value: 629.8372802734375.
[I 2023-12-15 22:48:48,149] A new study created in memory with name: no-name-d32876c6-f49d-46eb-b97b-1a05caff67c7
/home/le004/conda/anaconda3/envs/tsff_env/lib/python3.9/site-packages/lightning/fabric/plugins/environments/slurm.py:191: The `srun` command is available on your system but is not used. HINT: If your intention is to run Lightning on SLURM, prepend your python command with `srun` like so: srun python /home/le004/master_thesis/git/TSFusionForecast/code/ ...
LOCAL_RANK: 0 - CUDA_VISIBLE_DEVICES: [0]
[I 2023-12-15 22:49:39,540] Trial 0 finished with value: 25.07309913635254 and parameters: {'gradient_clip_val': 0.15298042838491102, 'hidden_size': 56, 'dropout': 0.24217943774806489, 'hidden_continuous_size': 12, 'attention_head_size': 1, 'learning_rate': 0.0005243703068952408}. Best is trial 0 with value: 25.07309913635254.
LOCAL_RANK: 0 - CUDA_VISIBLE_DEVICES: [0]
[I 2023-12-15 22:50:14,104] Trial 1 finished with value: 124.51451873779297 and parameters: {'gradient_clip_val': 0.10971203349280985, 'hidden_size': 15, 'dropout': 0.1809171594314366, 'hidden_continuous_size': 15, 'attention_head_size': 4, 'learning_rate': 0.010488974130940623}. Best is trial 0 with value: 25.07309913635254.
LOCAL_RANK: 0 - CUDA_VISIBLE_DEVICES: [0]
[I 2023-12-15 22:51:00,096] Trial 2 finished with value: 44.76613998413086 and parameters: {'gradient_clip_val': 0.1645391248054206, 'hidden_size': 14, 'dropout': 0.37491574680233486, 'hidden_continuous_size': 13, 'attention_head_size': 2, 'learning_rate': 0.010450687288395037}. Best is trial 0 with value: 25.07309913635254.
LOCAL_RANK: 0 - CUDA_VISIBLE_DEVICES: [0]
[I 2023-12-15 22:51:56,039] Trial 3 finished with value: 25.52683448791504 and parameters: {'gradient_clip_val': 0.44575372261526186, 'hidden_size': 100, 'dropout': 0.15643957066298525, 'hidden_continuous_size': 46, 'attention_head_size': 4, 'learning_rate': 0.0006821073882612769}. Best is trial 0 with value: 25.07309913635254.
LOCAL_RANK: 0 - CUDA_VISIBLE_DEVICES: [0]
[I 2023-12-15 22:52:41,895] Trial 4 finished with value: 22.873937606811523 and parameters: {'gradient_clip_val': 0.794708547428198, 'hidden_size': 9, 'dropout': 0.17560122107848736, 'hidden_continuous_size': 8, 'attention_head_size': 4, 'learning_rate': 0.047121537183747925}. Best is trial 4 with value: 22.873937606811523.
LOCAL_RANK: 0 - CUDA_VISIBLE_DEVICES: [0]
[I 2023-12-15 22:53:15,062] Trial 5 finished with value: 88.4734878540039 and parameters: {'gradient_clip_val': 0.7157067999330228, 'hidden_size': 14, 'dropout': 0.15469067658343366, 'hidden_continuous_size': 14, 'attention_head_size': 1, 'learning_rate': 0.009320458651476538}. Best is trial 4 with value: 22.873937606811523.
LOCAL_RANK: 0 - CUDA_VISIBLE_DEVICES: [0]
[I 2023-12-15 22:54:04,357] Trial 6 finished with value: 59.70255661010742 and parameters: {'gradient_clip_val': 0.25136822308356976, 'hidden_size': 31, 'dropout': 0.3192412409446648, 'hidden_continuous_size': 15, 'attention_head_size': 2, 'learning_rate': 0.0026110496270856758}. Best is trial 4 with value: 22.873937606811523.
LOCAL_RANK: 0 - CUDA_VISIBLE_DEVICES: [0]
[I 2023-12-15 22:54:53,858] Trial 7 finished with value: 31.596105575561523 and parameters: {'gradient_clip_val': 0.529147949020693, 'hidden_size': 30, 'dropout': 0.13245732724765974, 'hidden_continuous_size': 17, 'attention_head_size': 1, 'learning_rate': 0.07941620856087629}. Best is trial 4 with value: 22.873937606811523.
LOCAL_RANK: 0 - CUDA_VISIBLE_DEVICES: [0]
[I 2023-12-15 22:55:46,028] Trial 8 finished with value: 68.80331420898438 and parameters: {'gradient_clip_val': 0.13383886306734286, 'hidden_size': 79, 'dropout': 0.3359207832622596, 'hidden_continuous_size': 6, 'attention_head_size': 3, 'learning_rate': 0.045351316219942664}. Best is trial 4 with value: 22.873937606811523.
LOCAL_RANK: 0 - CUDA_VISIBLE_DEVICES: [0]
[I 2023-12-15 22:56:34,174] Trial 9 finished with value: 19.55848503112793 and parameters: {'gradient_clip_val': 0.37483482434293636, 'hidden_size': 35, 'dropout': 0.19399989955298197, 'hidden_continuous_size': 5, 'attention_head_size': 1, 'learning_rate': 0.009753764717627037}. Best is trial 9 with value: 19.55848503112793.
LOCAL_RANK: 0 - CUDA_VISIBLE_DEVICES: [0]
[I 2023-12-15 22:57:08,131] Trial 10 finished with value: 24.235868453979492 and parameters: {'gradient_clip_val': 0.29208172609232586, 'hidden_size': 5, 'dropout': 0.24060366097751695, 'hidden_continuous_size': 5, 'attention_head_size': 2, 'learning_rate': 0.003239375767584234}. Best is trial 9 with value: 19.55848503112793.
LOCAL_RANK: 0 - CUDA_VISIBLE_DEVICES: [0]
[I 2023-12-15 22:57:53,019] Trial 11 finished with value: 30.37473487854004 and parameters: {'gradient_clip_val': 0.9966143048089438, 'hidden_size': 7, 'dropout': 0.1972966235427955, 'hidden_continuous_size': 5, 'attention_head_size': 3, 'learning_rate': 0.0259436738548085}. Best is trial 9 with value: 19.55848503112793.
LOCAL_RANK: 0 - CUDA_VISIBLE_DEVICES: [0]
[I 2023-12-15 22:58:37,840] Trial 12 finished with value: 60.68059158325195 and parameters: {'gradient_clip_val': 0.42103577678447685, 'hidden_size': 7, 'dropout': 0.2049665155030981, 'hidden_continuous_size': 5, 'attention_head_size': 3, 'learning_rate': 0.09684821499107162}. Best is trial 9 with value: 19.55848503112793.
LOCAL_RANK: 0 - CUDA_VISIBLE_DEVICES: [0]
[I 2023-12-15 22:59:29,966] Trial 13 finished with value: 32.18288803100586 and parameters: {'gradient_clip_val': 0.6735182209769656, 'hidden_size': 45, 'dropout': 0.10874968984157621, 'hidden_continuous_size': 8, 'attention_head_size': 4, 'learning_rate': 0.026286086568341017}. Best is trial 9 with value: 19.55848503112793.
LOCAL_RANK: 0 - CUDA_VISIBLE_DEVICES: [0]
[I 2023-12-15 23:00:17,888] Trial 14 finished with value: 43.95147705078125 and parameters: {'gradient_clip_val': 0.3488065348032698, 'hidden_size': 21, 'dropout': 0.26969319349634313, 'hidden_continuous_size': 7, 'attention_head_size': 3, 'learning_rate': 0.022132575592844837}. Best is trial 9 with value: 19.55848503112793.
LOCAL_RANK: 0 - CUDA_VISIBLE_DEVICES: [0]
[I 2023-12-15 23:01:02,910] Trial 15 finished with value: 52.77714920043945 and parameters: {'gradient_clip_val': 0.9569673511143036, 'hidden_size': 9, 'dropout': 0.100290950685155, 'hidden_continuous_size': 5, 'attention_head_size': 2, 'learning_rate': 0.04757425601093738}. Best is trial 9 with value: 19.55848503112793.
LOCAL_RANK: 0 - CUDA_VISIBLE_DEVICES: [0]
[I 2023-12-15 23:01:50,459] Trial 16 finished with value: 54.71220779418945 and parameters: {'gradient_clip_val': 0.22696658779803508, 'hidden_size': 24, 'dropout': 0.2123400645064882, 'hidden_continuous_size': 8, 'attention_head_size': 4, 'learning_rate': 0.005516051296200878}. Best is trial 9 with value: 19.55848503112793.
LOCAL_RANK: 0 - CUDA_VISIBLE_DEVICES: [0]
[I 2023-12-15 23:02:41,115] Trial 17 finished with value: 51.39313888549805 and parameters: {'gradient_clip_val': 0.5825416396819108, 'hidden_size': 48, 'dropout': 0.16584801349940093, 'hidden_continuous_size': 9, 'attention_head_size': 1, 'learning_rate': 0.016924600331420698}. Best is trial 9 with value: 19.55848503112793.
LOCAL_RANK: 0 - CUDA_VISIBLE_DEVICES: [0]
[I 2023-12-15 23:03:25,728] Trial 18 finished with value: 37.29291915893555 and parameters: {'gradient_clip_val': 0.37590044120290744, 'hidden_size': 10, 'dropout': 0.13040878584195847, 'hidden_continuous_size': 6, 'attention_head_size': 2, 'learning_rate': 0.04757459663883869}. Best is trial 9 with value: 19.55848503112793.
LOCAL_RANK: 0 - CUDA_VISIBLE_DEVICES: [0]
[I 2023-12-15 23:03:59,626] Trial 19 finished with value: 133.82550048828125 and parameters: {'gradient_clip_val': 0.5001828806159496, 'hidden_size': 5, 'dropout': 0.18539316679925183, 'hidden_continuous_size': 5, 'attention_head_size': 3, 'learning_rate': 0.01564677294684853}. Best is trial 9 with value: 19.55848503112793.
LOCAL_RANK: 0 - CUDA_VISIBLE_DEVICES: [0]
[I 2023-12-15 23:04:46,965] Trial 20 finished with value: 66.04491424560547 and parameters: {'gradient_clip_val': 0.7711866839405656, 'hidden_size': 23, 'dropout': 0.22486574739805154, 'hidden_continuous_size': 6, 'attention_head_size': 1, 'learning_rate': 0.0054122006368423}. Best is trial 9 with value: 19.55848503112793.
LOCAL_RANK: 0 - CUDA_VISIBLE_DEVICES: [0]
