[I 2023-12-26 14:47:01,768] Trial 23 finished with value: 1.2938734292984009 and parameters: {'gradient_clip_val': 0.6736622677009834, 'hidden_size': 64, 'dropout': 0.4997179702150816, 'hidden_continuous_size': 15, 'attention_head_size': 1, 'learning_rate': 0.011548403310146482}. Best is trial 1 with value: 0.012283342890441418.
[I 2023-12-26 14:47:04,748] Trial 24 finished with value: 1.589795470237732 and parameters: {'gradient_clip_val': 0.4489363420074434, 'hidden_size': 30, 'dropout': 0.2569443952515602, 'hidden_continuous_size': 11, 'attention_head_size': 2, 'learning_rate': 0.0723681774981179}. Best is trial 1 with value: 0.012283342890441418.
[I 2023-12-26 14:47:06,941] Trial 25 finished with value: 2.0948598384857178 and parameters: {'gradient_clip_val': 0.9896603843521106, 'hidden_size': 17, 'dropout': 0.3137538169046292, 'hidden_continuous_size': 6, 'attention_head_size': 3, 'learning_rate': 0.0437560238562301}. Best is trial 1 with value: 0.012283342890441418.
[I 2023-12-26 14:47:09,539] Trial 26 finished with value: 1.7261756658554077 and parameters: {'gradient_clip_val': 0.3207844360972662, 'hidden_size': 26, 'dropout': 0.1887940102909634, 'hidden_continuous_size': 8, 'attention_head_size': 2, 'learning_rate': 0.022785762282368435}. Best is trial 1 with value: 0.012283342890441418.
[I 2023-12-26 14:47:21,078] Trial 27 finished with value: 1.571070671081543 and parameters: {'gradient_clip_val': 0.46323604468356877, 'hidden_size': 147, 'dropout': 0.23573863978978885, 'hidden_continuous_size': 17, 'attention_head_size': 1, 'learning_rate': 0.014795076591419362}. Best is trial 1 with value: 0.012283342890441418.
[I 2023-12-26 14:47:23,224] Trial 28 finished with value: 2.007803201675415 and parameters: {'gradient_clip_val': 0.6379606544936782, 'hidden_size': 19, 'dropout': 0.2807583304770505, 'hidden_continuous_size': 8, 'attention_head_size': 3, 'learning_rate': 0.02551677616801009}. Best is trial 1 with value: 0.012283342890441418.
[I 2023-12-26 14:47:29,334] Trial 29 finished with value: 1.7989035844802856 and parameters: {'gradient_clip_val': 0.16154728526525622, 'hidden_size': 101, 'dropout': 0.1502347584664665, 'hidden_continuous_size': 11, 'attention_head_size': 2, 'learning_rate': 0.05072048284912502}. Best is trial 1 with value: 0.012283342890441418.
[I 2023-12-26 14:47:32,175] Trial 30 finished with value: 1.9747258424758911 and parameters: {'gradient_clip_val': 0.774326517396295, 'hidden_size': 40, 'dropout': 0.16670060697189865, 'hidden_continuous_size': 13, 'attention_head_size': 3, 'learning_rate': 0.03334654377191152}. Best is trial 1 with value: 0.012283342890441418.
[I 2023-12-26 14:47:36,032] Trial 31 finished with value: 1.470129370689392 and parameters: {'gradient_clip_val': 0.10161478069441551, 'hidden_size': 55, 'dropout': 0.2961145678690495, 'hidden_continuous_size': 18, 'attention_head_size': 4, 'learning_rate': 0.09048133968374239}. Best is trial 1 with value: 0.012283342890441418.
[I 2023-12-26 14:47:39,411] Trial 32 finished with value: 1.3208240270614624 and parameters: {'gradient_clip_val': 0.10801657227939897, 'hidden_size': 49, 'dropout': 0.3216336617661529, 'hidden_continuous_size': 23, 'attention_head_size': 4, 'learning_rate': 0.06472213342902036}. Best is trial 1 with value: 0.012283342890441418.
[I 2023-12-26 14:47:45,232] Trial 33 finished with value: 0.9718196988105774 and parameters: {'gradient_clip_val': 0.15208666294207215, 'hidden_size': 96, 'dropout': 0.28735838983139156, 'hidden_continuous_size': 25, 'attention_head_size': 4, 'learning_rate': 0.09244121467748645}. Best is trial 1 with value: 0.012283342890441418.
[I 2023-12-26 14:47:50,388] Trial 34 finished with value: 1.1627092361450195 and parameters: {'gradient_clip_val': 0.13941063838041318, 'hidden_size': 84, 'dropout': 0.20149734557543028, 'hidden_continuous_size': 23, 'attention_head_size': 3, 'learning_rate': 0.05358115145123835}. Best is trial 1 with value: 0.012283342890441418.
[I 2023-12-26 14:47:56,793] Trial 35 finished with value: 1.3109822273254395 and parameters: {'gradient_clip_val': 0.1573599519255068, 'hidden_size': 90, 'dropout': 0.23773536272177764, 'hidden_continuous_size': 31, 'attention_head_size': 4, 'learning_rate': 0.0382242588309326}. Best is trial 1 with value: 0.012283342890441418.
[I 2023-12-26 14:48:04,111] Trial 36 finished with value: 1.2010728120803833 and parameters: {'gradient_clip_val': 0.11899783820160341, 'hidden_size': 114, 'dropout': 0.18939780420473928, 'hidden_continuous_size': 7, 'attention_head_size': 4, 'learning_rate': 0.03409676753989629}. Best is trial 1 with value: 0.012283342890441418.
[I 2023-12-26 14:48:08,923] Trial 37 finished with value: 1.4007424116134644 and parameters: {'gradient_clip_val': 0.18689625537726315, 'hidden_size': 78, 'dropout': 0.22092692106659065, 'hidden_continuous_size': 14, 'attention_head_size': 1, 'learning_rate': 0.06492446931627222}. Best is trial 1 with value: 0.012283342890441418.
[I 2023-12-26 14:48:16,018] Trial 38 finished with value: 2.3481924533843994 and parameters: {'gradient_clip_val': 0.12722372558489095, 'hidden_size': 119, 'dropout': 0.3630646909231665, 'hidden_continuous_size': 10, 'attention_head_size': 3, 'learning_rate': 0.021055194937816456}. Best is trial 1 with value: 0.012283342890441418.
[I 2023-12-26 14:48:18,124] Trial 39 finished with value: 1.8084183931350708 and parameters: {'gradient_clip_val': 0.16909185211246514, 'hidden_size': 10, 'dropout': 0.13485833738287803, 'hidden_continuous_size': 6, 'attention_head_size': 2, 'learning_rate': 0.09432319833583609}. Best is trial 1 with value: 0.012283342890441418.
[I 2023-12-26 14:48:27,502] Trial 40 finished with value: 1.2125927209854126 and parameters: {'gradient_clip_val': 0.26393051692646047, 'hidden_size': 147, 'dropout': 0.3384314655969749, 'hidden_continuous_size': 35, 'attention_head_size': 4, 'learning_rate': 0.04605719870587473}. Best is trial 1 with value: 0.012283342890441418.
[I 2023-12-26 14:48:32,747] Trial 41 finished with value: 1.1385449171066284 and parameters: {'gradient_clip_val': 0.143868828924185, 'hidden_size': 88, 'dropout': 0.21039210655410978, 'hidden_continuous_size': 23, 'attention_head_size': 3, 'learning_rate': 0.055648193968948524}. Best is trial 1 with value: 0.012283342890441418.
[I 2023-12-26 14:48:39,099] Trial 42 finished with value: 1.3983393907546997 and parameters: {'gradient_clip_val': 0.1489849105176553, 'hidden_size': 104, 'dropout': 0.2551613972412872, 'hidden_continuous_size': 20, 'attention_head_size': 3, 'learning_rate': 0.02927754161119967}. Best is trial 1 with value: 0.012283342890441418.
[I 2023-12-26 14:48:44,009] Trial 43 finished with value: 1.3012617826461792 and parameters: {'gradient_clip_val': 0.12951678841764455, 'hidden_size': 76, 'dropout': 0.21459613292380042, 'hidden_continuous_size': 16, 'attention_head_size': 3, 'learning_rate': 0.06270094014787105}. Best is trial 1 with value: 0.012283342890441418.
[I 2023-12-26 14:48:50,173] Trial 44 finished with value: 1.282738208770752 and parameters: {'gradient_clip_val': 0.1221127955314785, 'hidden_size': 92, 'dropout': 0.273160372511418, 'hidden_continuous_size': 13, 'attention_head_size': 2, 'learning_rate': 0.041271136723534885}. Best is trial 1 with value: 0.012283342890441418.
[I 2023-12-26 14:48:54,121] Trial 45 finished with value: 1.4228328466415405 and parameters: {'gradient_clip_val': 0.1483866810796552, 'hidden_size': 66, 'dropout': 0.17707439291380522, 'hidden_continuous_size': 25, 'attention_head_size': 3, 'learning_rate': 0.07579130042805057}. Best is trial 1 with value: 0.012283342890441418.
[I 2023-12-26 14:49:01,675] Trial 46 finished with value: 1.2552489042282104 and parameters: {'gradient_clip_val': 0.18540919270901937, 'hidden_size': 126, 'dropout': 0.2385405202135682, 'hidden_continuous_size': 42, 'attention_head_size': 2, 'learning_rate': 0.05619086295207122}. Best is trial 1 with value: 0.012283342890441418.
[I 2023-12-26 14:49:07,830] Trial 47 finished with value: 1.6734882593154907 and parameters: {'gradient_clip_val': 0.11314420982210147, 'hidden_size': 105, 'dropout': 0.29033247389844447, 'hidden_continuous_size': 20, 'attention_head_size': 4, 'learning_rate': 0.02627178297315706}. Best is trial 1 with value: 0.012283342890441418.
[I 2023-12-26 14:49:12,035] Trial 48 finished with value: 1.703695297241211 and parameters: {'gradient_clip_val': 0.16190486468069992, 'hidden_size': 75, 'dropout': 0.3819420615921646, 'hidden_continuous_size': 15, 'attention_head_size': 2, 'learning_rate': 0.08090909804174035}. Best is trial 1 with value: 0.012283342890441418.
[I 2023-12-26 14:49:14,550] Trial 49 finished with value: 1.5758577585220337 and parameters: {'gradient_clip_val': 0.13964165136680914, 'hidden_size': 35, 'dropout': 0.2548701759375087, 'hidden_continuous_size': 8, 'attention_head_size': 3, 'learning_rate': 0.0022685148463965125}. Best is trial 1 with value: 0.012283342890441418.
[I 2023-12-26 14:49:14,669] A new study created in memory with name: no-name-e548b3f7-c3fc-48a4-bc98-972abec20926
/home/le004/conda/anaconda3/envs/tsff_env/lib/python3.9/site-packages/lightning/fabric/plugins/environments/slurm.py:191: The `srun` command is available on your system but is not used. HINT: If your intention is to run Lightning on SLURM, prepend your python command with `srun` like so: srun python /home/le004/master_thesis/git/TSFusionForecast/code/ ...
[I 2023-12-26 15:00:37,630] Trial 0 finished with value: 0.058798033744096756 and parameters: {'gradient_clip_val': 0.9448566722478052, 'hidden_size': 112, 'dropout': 0.2652813221623126, 'hidden_continuous_size': 14, 'attention_head_size': 4, 'learning_rate': 0.0009760946513094815}. Best is trial 0 with value: 0.058798033744096756.
[I 2023-12-26 15:00:39,846] Trial 1 finished with value: 2.7152888774871826 and parameters: {'gradient_clip_val': 0.11858293160445832, 'hidden_size': 17, 'dropout': 0.2292590769894871, 'hidden_continuous_size': 5, 'attention_head_size': 2, 'learning_rate': 0.0008629251593864399}. Best is trial 0 with value: 0.058798033744096756.
[I 2023-12-26 15:00:42,089] Trial 2 finished with value: 2.925189256668091 and parameters: {'gradient_clip_val': 0.2771250862940305, 'hidden_size': 18, 'dropout': 0.15345470930816463, 'hidden_continuous_size': 10, 'attention_head_size': 1, 'learning_rate': 0.035281802872449634}. Best is trial 0 with value: 0.058798033744096756.
[I 2023-12-26 15:00:46,010] Trial 3 finished with value: 3.322352647781372 and parameters: {'gradient_clip_val': 0.3857743672659307, 'hidden_size': 50, 'dropout': 0.15248910490156564, 'hidden_continuous_size': 10, 'attention_head_size': 4, 'learning_rate': 0.003556146031665791}. Best is trial 0 with value: 0.058798033744096756.
[I 2023-12-26 15:00:48,978] Trial 4 finished with value: 3.1612539291381836 and parameters: {'gradient_clip_val': 0.7527459712533712, 'hidden_size': 31, 'dropout': 0.3104178597221655, 'hidden_continuous_size': 15, 'attention_head_size': 3, 'learning_rate': 0.005000456648519365}. Best is trial 0 with value: 0.058798033744096756.
[I 2023-12-26 15:00:51,849] Trial 5 finished with value: 2.539766550064087 and parameters: {'gradient_clip_val': 0.12306057963453182, 'hidden_size': 34, 'dropout': 0.13086493778174604, 'hidden_continuous_size': 12, 'attention_head_size': 2, 'learning_rate': 0.016089622583916885}. Best is trial 0 with value: 0.058798033744096756.
[I 2023-12-26 15:00:54,166] Trial 6 finished with value: 3.3501312732696533 and parameters: {'gradient_clip_val': 0.28480927219841146, 'hidden_size': 16, 'dropout': 0.20929752411570748, 'hidden_continuous_size': 16, 'attention_head_size': 4, 'learning_rate': 0.0479796637665031}. Best is trial 0 with value: 0.058798033744096756.
[I 2023-12-26 15:00:56,368] Trial 7 finished with value: 3.309502601623535 and parameters: {'gradient_clip_val': 0.23248221104995231, 'hidden_size': 18, 'dropout': 0.1746185427467155, 'hidden_continuous_size': 9, 'attention_head_size': 1, 'learning_rate': 0.000570092064090189}. Best is trial 0 with value: 0.058798033744096756.
[I 2023-12-26 15:00:58,389] Trial 8 finished with value: 3.0769450664520264 and parameters: {'gradient_clip_val': 0.5687846075032318, 'hidden_size': 7, 'dropout': 0.1344537232589867, 'hidden_continuous_size': 5, 'attention_head_size': 4, 'learning_rate': 0.001741143855633692}. Best is trial 0 with value: 0.058798033744096756.
[I 2023-12-26 15:01:00,501] Trial 9 finished with value: 2.9394168853759766 and parameters: {'gradient_clip_val': 0.168329640117232, 'hidden_size': 9, 'dropout': 0.16157402429385834, 'hidden_continuous_size': 5, 'attention_head_size': 4, 'learning_rate': 0.048734628156067265}. Best is trial 0 with value: 0.058798033744096756.
[I 2023-12-26 15:01:11,430] Trial 10 finished with value: 2.100860118865967 and parameters: {'gradient_clip_val': 0.9833647987999335, 'hidden_size': 149, 'dropout': 0.40371298066248756, 'hidden_continuous_size': 49, 'attention_head_size': 3, 'learning_rate': 0.0017604160139750122}. Best is trial 0 with value: 0.058798033744096756.
[I 2023-12-26 15:01:21,640] Trial 11 finished with value: 2.5277187824249268 and parameters: {'gradient_clip_val': 0.9196357573690211, 'hidden_size': 135, 'dropout': 0.41204838825109524, 'hidden_continuous_size': 55, 'attention_head_size': 3, 'learning_rate': 0.0019584028389117393}. Best is trial 0 with value: 0.058798033744096756.
[I 2023-12-26 15:01:32,345] Trial 12 finished with value: 3.072164535522461 and parameters: {'gradient_clip_val': 0.9737451539945637, 'hidden_size': 150, 'dropout': 0.48611700604193786, 'hidden_continuous_size': 41, 'attention_head_size': 3, 'learning_rate': 0.0012002172210907127}. Best is trial 0 with value: 0.058798033744096756.
[I 2023-12-26 15:01:38,554] Trial 13 finished with value: 3.132809638977051 and parameters: {'gradient_clip_val': 0.5744975922399157, 'hidden_size': 84, 'dropout': 0.31002456967966396, 'hidden_continuous_size': 30, 'attention_head_size': 3, 'learning_rate': 0.0005427772733911004}. Best is trial 0 with value: 0.058798033744096756.
[I 2023-12-26 15:01:44,055] Trial 14 finished with value: 3.336371660232544 and parameters: {'gradient_clip_val': 0.6700856760982011, 'hidden_size': 80, 'dropout': 0.36781311456054305, 'hidden_continuous_size': 26, 'attention_head_size': 2, 'learning_rate': 0.0027943953679379387}. Best is trial 0 with value: 0.058798033744096756.
[I 2023-12-26 15:01:50,022] Trial 15 finished with value: 2.4665915966033936 and parameters: {'gradient_clip_val': 0.44393434644540936, 'hidden_size': 86, 'dropout': 0.2618885997306196, 'hidden_continuous_size': 85, 'attention_head_size': 4, 'learning_rate': 0.007881402065235403}. Best is trial 0 with value: 0.058798033744096756.
[I 2023-12-26 15:01:53,192] Trial 16 finished with value: 2.684004545211792 and parameters: {'gradient_clip_val': 0.9632178215933317, 'hidden_size': 56, 'dropout': 0.36837323284266144, 'hidden_continuous_size': 21, 'attention_head_size': 3, 'learning_rate': 0.0011791278211751369}. Best is trial 0 with value: 0.058798033744096756.
[I 2023-12-26 15:02:04,009] Trial 17 finished with value: 2.9172699451446533 and parameters: {'gradient_clip_val': 0.7199408340548087, 'hidden_size': 144, 'dropout': 0.26686004106891403, 'hidden_continuous_size': 94, 'attention_head_size': 4, 'learning_rate': 0.0022066854410421966}. Best is trial 0 with value: 0.058798033744096756.
[I 2023-12-26 15:02:12,809] Trial 18 finished with value: 3.4181153774261475 and parameters: {'gradient_clip_val': 0.49450449836795507, 'hidden_size': 106, 'dropout': 0.46287817393149544, 'hidden_continuous_size': 43, 'attention_head_size': 3, 'learning_rate': 0.0011450550858777303}. Best is trial 0 with value: 0.058798033744096756.
[I 2023-12-26 15:02:17,650] Trial 19 finished with value: 2.940729856491089 and parameters: {'gradient_clip_val': 0.7723131624923291, 'hidden_size': 59, 'dropout': 0.3414722871626648, 'hidden_continuous_size': 25, 'attention_head_size': 2, 'learning_rate': 0.0043680289435070775}. Best is trial 0 with value: 0.058798033744096756.
[I 2023-12-26 15:02:25,614] Trial 20 finished with value: 2.495788812637329 and parameters: {'gradient_clip_val': 0.6004784364032015, 'hidden_size': 109, 'dropout': 0.10258861740533676, 'hidden_continuous_size': 68, 'attention_head_size': 4, 'learning_rate': 0.0017071545934160862}. Best is trial 0 with value: 0.058798033744096756.
[I 2023-12-26 15:02:32,069] Trial 21 finished with value: 3.405095100402832 and parameters: {'gradient_clip_val': 0.4461778447147936, 'hidden_size': 86, 'dropout': 0.27273677793590556, 'hidden_continuous_size': 84, 'attention_head_size': 4, 'learning_rate': 0.008159804452528568}. Best is trial 0 with value: 0.058798033744096756.
[I 2023-12-26 15:02:39,967] Trial 22 finished with value: 3.2624199390411377 and parameters: {'gradient_clip_val': 0.3637960657233923, 'hidden_size': 103, 'dropout': 0.24841192956487718, 'hidden_continuous_size': 69, 'attention_head_size': 4, 'learning_rate': 0.00678166575818668}. Best is trial 0 with value: 0.058798033744096756.
[I 2023-12-26 15:02:44,881] Trial 23 finished with value: 2.74117374420166 and parameters: {'gradient_clip_val': 0.8468452401753568, 'hidden_size': 68, 'dropout': 0.21072133945198876, 'hidden_continuous_size': 37, 'attention_head_size': 3, 'learning_rate': 0.010653576753083276}. Best is trial 0 with value: 0.058798033744096756.
[I 2023-12-26 15:02:49,165] Trial 24 finished with value: 2.2545857429504395 and parameters: {'gradient_clip_val': 0.9941389020117192, 'hidden_size': 44, 'dropout': 0.2677836836577411, 'hidden_continuous_size': 20, 'attention_head_size': 4, 'learning_rate': 0.0031719264154452444}. Best is trial 0 with value: 0.058798033744096756.
[I 2023-12-26 15:02:53,282] Trial 25 finished with value: 3.4950942993164062 and parameters: {'gradient_clip_val': 0.9796761892503985, 'hidden_size': 44, 'dropout': 0.2990227137461243, 'hidden_continuous_size': 19, 'attention_head_size': 3, 'learning_rate': 0.0029151685780350353}. Best is trial 0 with value: 0.058798033744096756.
[I 2023-12-26 15:02:56,269] Trial 26 finished with value: 2.585606813430786 and parameters: {'gradient_clip_val': 0.7895660252973818, 'hidden_size': 45, 'dropout': 0.42737971027404487, 'hidden_continuous_size': 19, 'attention_head_size': 4, 'learning_rate': 0.0028457024994023336}. Best is trial 0 with value: 0.058798033744096756.
[I 2023-12-26 15:03:00,010] Trial 27 finished with value: 3.0946037769317627 and parameters: {'gradient_clip_val': 0.8082108861772942, 'hidden_size': 63, 'dropout': 0.2897498016475154, 'hidden_continuous_size': 33, 'attention_head_size': 4, 'learning_rate': 0.0007976017479267172}. Best is trial 0 with value: 0.058798033744096756.
[I 2023-12-26 15:03:06,839] Trial 28 finished with value: 3.0648443698883057 and parameters: {'gradient_clip_val': 0.6856921785737542, 'hidden_size': 114, 'dropout': 0.33334772516572864, 'hidden_continuous_size': 28, 'attention_head_size': 3, 'learning_rate': 0.0014702223611633722}. Best is trial 0 with value: 0.058798033744096756.
[I 2023-12-26 15:03:15,616] Trial 29 finished with value: 2.4458696842193604 and parameters: {'gradient_clip_val': 0.6416556485286934, 'hidden_size': 123, 'dropout': 0.23317407604260748, 'hidden_continuous_size': 116, 'attention_head_size': 2, 'learning_rate': 0.0007196895630326482}. Best is trial 0 with value: 0.058798033744096756.
[I 2023-12-26 15:03:18,533] Trial 30 finished with value: 3.2372629642486572 and parameters: {'gradient_clip_val': 0.8554901763302254, 'hidden_size': 42, 'dropout': 0.2313775929709954, 'hidden_continuous_size': 14, 'attention_head_size': 1, 'learning_rate': 0.0008918118430684358}. Best is trial 0 with value: 0.058798033744096756.
[I 2023-12-26 15:03:26,715] Trial 31 finished with value: 3.0231993198394775 and parameters: {'gradient_clip_val': 0.999274586112989, 'hidden_size': 124, 'dropout': 0.2392154804811129, 'hidden_continuous_size': 49, 'attention_head_size': 2, 'learning_rate': 0.0007801912129585748}. Best is trial 0 with value: 0.058798033744096756.
[I 2023-12-26 15:03:32,996] Trial 32 finished with value: 2.7778542041778564 and parameters: {'gradient_clip_val': 0.8534193414249466, 'hidden_size': 101, 'dropout': 0.2163479976316901, 'hidden_continuous_size': 65, 'attention_head_size': 2, 'learning_rate': 0.0022436443840798325}. Best is trial 0 with value: 0.058798033744096756.
[I 2023-12-26 15:03:37,086] Trial 33 finished with value: 2.8349180221557617 and parameters: {'gradient_clip_val': 0.6474751512528516, 'hidden_size': 72, 'dropout': 0.1912691254482357, 'hidden_continuous_size': 36, 'attention_head_size': 2, 'learning_rate': 0.0014306877916002792}. Best is trial 0 with value: 0.058798033744096756.
[I 2023-12-26 15:03:47,372] Trial 34 finished with value: 3.0184037685394287 and parameters: {'gradient_clip_val': 0.7426142782233539, 'hidden_size': 149, 'dropout': 0.2800622034486625, 'hidden_continuous_size': 139, 'attention_head_size': 1, 'learning_rate': 0.0005045081419589702}. Best is trial 0 with value: 0.058798033744096756.
[I 2023-12-26 15:03:56,336] Trial 35 finished with value: 3.227729082107544 and parameters: {'gradient_clip_val': 0.8682333059130752, 'hidden_size': 123, 'dropout': 0.2484235246480972, 'hidden_continuous_size': 24, 'attention_head_size': 2, 'learning_rate': 0.0008935513676627448}. Best is trial 0 with value: 0.058798033744096756.
[I 2023-12-26 15:04:03,050] Trial 36 finished with value: 2.402308225631714 and parameters: {'gradient_clip_val': 0.6643656371394393, 'hidden_size': 93, 'dropout': 0.23213432816316287, 'hidden_continuous_size': 31, 'attention_head_size': 3, 'learning_rate': 0.0038622486991734305}. Best is trial 0 with value: 0.058798033744096756.
