[I 2023-12-26 13:55:54,024] Trial 7 finished with value: 3519.29296875 and parameters: {'gradient_clip_val': 0.274753255578716, 'hidden_size': 7, 'dropout': 0.3007967223387704, 'hidden_continuous_size': 5, 'attention_head_size': 1, 'learning_rate': 0.015165957433903263}. Best is trial 0 with value: 451.6597595214844.
[I 2023-12-26 13:55:56,061] Trial 8 finished with value: 3562.176513671875 and parameters: {'gradient_clip_val': 0.6816022275892943, 'hidden_size': 12, 'dropout': 0.22181291471945297, 'hidden_continuous_size': 9, 'attention_head_size': 2, 'learning_rate': 0.0011615849376379022}. Best is trial 0 with value: 451.6597595214844.
[I 2023-12-26 13:55:58,091] Trial 9 finished with value: 3303.652587890625 and parameters: {'gradient_clip_val': 0.402143979190187, 'hidden_size': 10, 'dropout': 0.10829456295588723, 'hidden_continuous_size': 6, 'attention_head_size': 4, 'learning_rate': 0.008514041623445302}. Best is trial 0 with value: 451.6597595214844.
[I 2023-12-26 13:56:00,378] Trial 10 finished with value: 4006.830810546875 and parameters: {'gradient_clip_val': 0.12510392434531345, 'hidden_size': 23, 'dropout': 0.4525314874997995, 'hidden_continuous_size': 10, 'attention_head_size': 1, 'learning_rate': 0.0006092118518788868}. Best is trial 0 with value: 451.6597595214844.
[I 2023-12-26 13:56:02,561] Trial 11 finished with value: 3096.2919921875 and parameters: {'gradient_clip_val': 0.42419940693864244, 'hidden_size': 19, 'dropout': 0.10438695680999256, 'hidden_continuous_size': 7, 'attention_head_size': 4, 'learning_rate': 0.009300758151477614}. Best is trial 0 with value: 451.6597595214844.
[I 2023-12-26 13:56:04,827] Trial 12 finished with value: 2682.595947265625 and parameters: {'gradient_clip_val': 0.4508212943453532, 'hidden_size': 22, 'dropout': 0.18623896195663497, 'hidden_continuous_size': 8, 'attention_head_size': 4, 'learning_rate': 0.000538870942602096}. Best is trial 0 with value: 451.6597595214844.
[I 2023-12-26 13:56:07,409] Trial 13 finished with value: 3697.745361328125 and parameters: {'gradient_clip_val': 0.5714753369794688, 'hidden_size': 35, 'dropout': 0.20389185000471244, 'hidden_continuous_size': 11, 'attention_head_size': 2, 'learning_rate': 0.0005105555121128844}. Best is trial 0 with value: 451.6597595214844.
[I 2023-12-26 13:56:09,475] Trial 14 finished with value: 4072.828857421875 and parameters: {'gradient_clip_val': 0.35926910287262076, 'hidden_size': 17, 'dropout': 0.257641329493485, 'hidden_continuous_size': 8, 'attention_head_size': 2, 'learning_rate': 0.000994017651127768}. Best is trial 0 with value: 451.6597595214844.
[I 2023-12-26 13:56:12,054] Trial 15 finished with value: 4120.33154296875 and parameters: {'gradient_clip_val': 0.5342324137224174, 'hidden_size': 30, 'dropout': 0.16659112631648, 'hidden_continuous_size': 12, 'attention_head_size': 4, 'learning_rate': 0.0005087708569278046}. Best is trial 0 with value: 451.6597595214844.
[I 2023-12-26 13:56:14,341] Trial 16 finished with value: 4027.496826171875 and parameters: {'gradient_clip_val': 0.31037194147089825, 'hidden_size': 17, 'dropout': 0.3403251163370152, 'hidden_continuous_size': 8, 'attention_head_size': 2, 'learning_rate': 0.0013847370086725258}. Best is trial 0 with value: 451.6597595214844.
[I 2023-12-26 13:56:17,010] Trial 17 finished with value: 3267.025390625 and parameters: {'gradient_clip_val': 0.4910740900419864, 'hidden_size': 39, 'dropout': 0.16388947756096106, 'hidden_continuous_size': 14, 'attention_head_size': 1, 'learning_rate': 0.002427352867220215}. Best is trial 0 with value: 451.6597595214844.
[I 2023-12-26 13:56:18,806] Trial 18 finished with value: 3360.454833984375 and parameters: {'gradient_clip_val': 0.7388141066515022, 'hidden_size': 5, 'dropout': 0.35664370254422684, 'hidden_continuous_size': 5, 'attention_head_size': 4, 'learning_rate': 0.0009907016280582357}. Best is trial 0 with value: 451.6597595214844.
[I 2023-12-26 13:56:21,136] Trial 19 finished with value: 3207.507568359375 and parameters: {'gradient_clip_val': 0.34713966424402964, 'hidden_size': 25, 'dropout': 0.1940693598355673, 'hidden_continuous_size': 9, 'attention_head_size': 2, 'learning_rate': 0.0008110298753469798}. Best is trial 0 with value: 451.6597595214844.
[I 2023-12-26 13:56:23,294] Trial 20 finished with value: 3759.283935546875 and parameters: {'gradient_clip_val': 0.5690135398505966, 'hidden_size': 14, 'dropout': 0.24589427507570896, 'hidden_continuous_size': 7, 'attention_head_size': 4, 'learning_rate': 0.0018685085806447914}. Best is trial 0 with value: 451.6597595214844.
[I 2023-12-26 13:56:25,485] Trial 21 finished with value: 3592.915771484375 and parameters: {'gradient_clip_val': 0.4284669246752988, 'hidden_size': 19, 'dropout': 0.13367406700662196, 'hidden_continuous_size': 8, 'attention_head_size': 4, 'learning_rate': 0.0074446630756548095}. Best is trial 0 with value: 451.6597595214844.
[I 2023-12-26 13:56:27,672] Trial 22 finished with value: 4595.19677734375 and parameters: {'gradient_clip_val': 0.46248237727703567, 'hidden_size': 20, 'dropout': 0.18096257492665835, 'hidden_continuous_size': 7, 'attention_head_size': 4, 'learning_rate': 0.004405988793809357}. Best is trial 0 with value: 451.6597595214844.
[I 2023-12-26 13:56:30,138] Trial 23 finished with value: 3935.7216796875 and parameters: {'gradient_clip_val': 0.37058428908626023, 'hidden_size': 27, 'dropout': 0.14163997882409304, 'hidden_continuous_size': 10, 'attention_head_size': 4, 'learning_rate': 0.0009094971227505418}. Best is trial 0 with value: 451.6597595214844.
[I 2023-12-26 13:56:32,955] Trial 24 finished with value: 2970.488525390625 and parameters: {'gradient_clip_val': 0.5233767902977478, 'hidden_size': 40, 'dropout': 0.20894666383365865, 'hidden_continuous_size': 14, 'attention_head_size': 3, 'learning_rate': 0.014512835211275537}. Best is trial 0 with value: 451.6597595214844.
[I 2023-12-26 13:56:36,164] Trial 25 finished with value: 2784.786865234375 and parameters: {'gradient_clip_val': 0.6049595499277507, 'hidden_size': 43, 'dropout': 0.19824294862402403, 'hidden_continuous_size': 14, 'attention_head_size': 3, 'learning_rate': 0.018512806952908308}. Best is trial 0 with value: 451.6597595214844.
[I 2023-12-26 13:56:39,518] Trial 26 finished with value: 3170.3564453125 and parameters: {'gradient_clip_val': 0.7414288423895766, 'hidden_size': 53, 'dropout': 0.25467537056325246, 'hidden_continuous_size': 12, 'attention_head_size': 3, 'learning_rate': 0.0007595147871435877}. Best is trial 0 with value: 451.6597595214844.
[I 2023-12-26 13:56:42,553] Trial 27 finished with value: 3478.4130859375 and parameters: {'gradient_clip_val': 0.6177819272863373, 'hidden_size': 29, 'dropout': 0.18838238508492375, 'hidden_continuous_size': 11, 'attention_head_size': 2, 'learning_rate': 0.001436492771940021}. Best is trial 0 with value: 451.6597595214844.
[I 2023-12-26 13:56:45,891] Trial 28 finished with value: 3827.8828125 and parameters: {'gradient_clip_val': 0.8150270801797176, 'hidden_size': 25, 'dropout': 0.2260914752167167, 'hidden_continuous_size': 9, 'attention_head_size': 1, 'learning_rate': 0.0007008983165583295}. Best is trial 0 with value: 451.6597595214844.
[I 2023-12-26 13:56:48,319] Trial 29 finished with value: 3546.141357421875 and parameters: {'gradient_clip_val': 0.6410371600200463, 'hidden_size': 9, 'dropout': 0.16009695702653737, 'hidden_continuous_size': 6, 'attention_head_size': 3, 'learning_rate': 0.0005181539837340257}. Best is trial 0 with value: 451.6597595214844.
[I 2023-12-26 13:56:50,984] Trial 30 finished with value: 3600.336669921875 and parameters: {'gradient_clip_val': 0.2192656478388734, 'hidden_size': 14, 'dropout': 0.1833988917866758, 'hidden_continuous_size': 6, 'attention_head_size': 3, 'learning_rate': 0.09954595595065531}. Best is trial 0 with value: 451.6597595214844.
[I 2023-12-26 13:56:54,880] Trial 31 finished with value: 3314.936767578125 and parameters: {'gradient_clip_val': 0.5318758689672674, 'hidden_size': 39, 'dropout': 0.20662503891046038, 'hidden_continuous_size': 15, 'attention_head_size': 3, 'learning_rate': 0.017486231423046384}. Best is trial 0 with value: 451.6597595214844.
[I 2023-12-26 13:56:58,413] Trial 32 finished with value: 3542.202880859375 and parameters: {'gradient_clip_val': 0.46713719390323677, 'hidden_size': 33, 'dropout': 0.2078072821984917, 'hidden_continuous_size': 14, 'attention_head_size': 3, 'learning_rate': 0.016538325858394442}. Best is trial 0 with value: 451.6597595214844.
[I 2023-12-26 13:57:01,419] Trial 33 finished with value: 3273.690673828125 and parameters: {'gradient_clip_val': 0.5252686573407666, 'hidden_size': 22, 'dropout': 0.1547127210384478, 'hidden_continuous_size': 12, 'attention_head_size': 3, 'learning_rate': 0.005292793148002334}. Best is trial 0 with value: 451.6597595214844.
[I 2023-12-26 13:57:05,211] Trial 34 finished with value: 4089.112060546875 and parameters: {'gradient_clip_val': 0.4792566784746237, 'hidden_size': 45, 'dropout': 0.2385242405290282, 'hidden_continuous_size': 20, 'attention_head_size': 3, 'learning_rate': 0.0023802072941561357}. Best is trial 0 with value: 451.6597595214844.
[I 2023-12-26 13:57:10,894] Trial 35 finished with value: 3694.383056640625 and parameters: {'gradient_clip_val': 0.4066686541016259, 'hidden_size': 84, 'dropout': 0.18103905988197103, 'hidden_continuous_size': 18, 'attention_head_size': 2, 'learning_rate': 0.024497208408378414}. Best is trial 0 with value: 451.6597595214844.
[I 2023-12-26 13:57:13,446] Trial 36 finished with value: 3609.372802734375 and parameters: {'gradient_clip_val': 0.591507974125588, 'hidden_size': 29, 'dropout': 0.27162400712072793, 'hidden_continuous_size': 13, 'attention_head_size': 3, 'learning_rate': 0.011993618913322835}. Best is trial 0 with value: 451.6597595214844.
[I 2023-12-26 13:57:17,359] Trial 37 finished with value: 3715.256103515625 and parameters: {'gradient_clip_val': 0.667330892892281, 'hidden_size': 46, 'dropout': 0.21965295486961822, 'hidden_continuous_size': 17, 'attention_head_size': 3, 'learning_rate': 0.02688530055468334}. Best is trial 0 with value: 451.6597595214844.
[I 2023-12-26 13:57:21,862] Trial 38 finished with value: 3373.795166015625 and parameters: {'gradient_clip_val': 0.8601960578296236, 'hidden_size': 65, 'dropout': 0.23312205850814946, 'hidden_continuous_size': 25, 'attention_head_size': 2, 'learning_rate': 0.005295091506600036}. Best is trial 0 with value: 451.6597595214844.
[I 2023-12-26 13:57:24,373] Trial 39 finished with value: 3080.882080078125 and parameters: {'gradient_clip_val': 0.3267549225083175, 'hidden_size': 35, 'dropout': 0.270161084815684, 'hidden_continuous_size': 16, 'attention_head_size': 1, 'learning_rate': 0.01158597874388291}. Best is trial 0 with value: 451.6597595214844.
[I 2023-12-26 13:57:30,150] Trial 40 finished with value: 3468.873779296875 and parameters: {'gradient_clip_val': 0.3867408259666135, 'hidden_size': 85, 'dropout': 0.12852332624276952, 'hidden_continuous_size': 70, 'attention_head_size': 3, 'learning_rate': 0.006129891264292634}. Best is trial 0 with value: 451.6597595214844.
[I 2023-12-26 13:57:32,757] Trial 41 finished with value: 3865.5791015625 and parameters: {'gradient_clip_val': 0.3227998001212972, 'hidden_size': 35, 'dropout': 0.2744527696675479, 'hidden_continuous_size': 15, 'attention_head_size': 1, 'learning_rate': 0.01081869348367572}. Best is trial 0 with value: 451.6597595214844.
[I 2023-12-26 13:57:35,034] Trial 42 finished with value: 2915.427490234375 and parameters: {'gradient_clip_val': 0.43895238898945954, 'hidden_size': 24, 'dropout': 0.21687993253428423, 'hidden_continuous_size': 10, 'attention_head_size': 1, 'learning_rate': 0.012522260862985324}. Best is trial 0 with value: 451.6597595214844.
[I 2023-12-26 13:57:37,449] Trial 43 finished with value: 3854.9267578125 and parameters: {'gradient_clip_val': 0.4414116001389098, 'hidden_size': 24, 'dropout': 0.21382351513625864, 'hidden_continuous_size': 10, 'attention_head_size': 1, 'learning_rate': 0.007210674930085556}. Best is trial 0 with value: 451.6597595214844.
[I 2023-12-26 13:57:40,166] Trial 44 finished with value: 3621.717041015625 and parameters: {'gradient_clip_val': 0.5111016432032366, 'hidden_size': 22, 'dropout': 0.20161519716801882, 'hidden_continuous_size': 9, 'attention_head_size': 1, 'learning_rate': 0.022482555567752038}. Best is trial 0 with value: 451.6597595214844.
[I 2023-12-26 13:57:42,942] Trial 45 finished with value: 3505.126708984375 and parameters: {'gradient_clip_val': 0.42770138995935164, 'hidden_size': 29, 'dropout': 0.23492460787931874, 'hidden_continuous_size': 13, 'attention_head_size': 1, 'learning_rate': 0.04116706435004262}. Best is trial 0 with value: 451.6597595214844.
[I 2023-12-26 13:57:46,176] Trial 46 finished with value: 4472.3515625 and parameters: {'gradient_clip_val': 0.5733909453855934, 'hidden_size': 43, 'dropout': 0.17784844784598675, 'hidden_continuous_size': 11, 'attention_head_size': 2, 'learning_rate': 0.009014263067216158}. Best is trial 0 with value: 451.6597595214844.
[I 2023-12-26 13:57:48,516] Trial 47 finished with value: 2846.1328125 and parameters: {'gradient_clip_val': 0.49496153717395414, 'hidden_size': 17, 'dropout': 0.22129891122514767, 'hidden_continuous_size': 8, 'attention_head_size': 4, 'learning_rate': 0.013227865088564744}. Best is trial 0 with value: 451.6597595214844.
[I 2023-12-26 13:57:51,239] Trial 48 finished with value: 4031.095703125 and parameters: {'gradient_clip_val': 0.389773404840559, 'hidden_size': 15, 'dropout': 0.24544683765979422, 'hidden_continuous_size': 8, 'attention_head_size': 4, 'learning_rate': 0.0006270446376711876}. Best is trial 0 with value: 451.6597595214844.
[I 2023-12-26 13:57:53,740] Trial 49 finished with value: 3824.60546875 and parameters: {'gradient_clip_val': 0.48521163846460663, 'hidden_size': 17, 'dropout': 0.2254623161032439, 'hidden_continuous_size': 8, 'attention_head_size': 4, 'learning_rate': 0.0031321296896496334}. Best is trial 0 with value: 451.6597595214844.
[I 2023-12-26 13:57:53,865] A new study created in memory with name: no-name-08bc6bbf-0c03-470f-a61d-7eb3ff3bec3b
/home/le004/conda/anaconda3/envs/tsff_env/lib/python3.9/site-packages/lightning/fabric/plugins/environments/slurm.py:191: The `srun` command is available on your system but is not used. HINT: If your intention is to run Lightning on SLURM, prepend your python command with `srun` like so: srun python /home/le004/master_thesis/git/TSFusionForecast/code/ ...
[I 2023-12-26 14:07:15,086] Trial 0 finished with value: 135.8434600830078 and parameters: {'gradient_clip_val': 0.15817590546853177, 'hidden_size': 150, 'dropout': 0.24024137559278633, 'hidden_continuous_size': 9, 'attention_head_size': 2, 'learning_rate': 0.004090817628769516}. Best is trial 0 with value: 135.8434600830078.
[I 2023-12-26 14:07:17,526] Trial 1 finished with value: 255.45758056640625 and parameters: {'gradient_clip_val': 0.6584534755574623, 'hidden_size': 23, 'dropout': 0.2524401490887581, 'hidden_continuous_size': 5, 'attention_head_size': 3, 'learning_rate': 0.004891185294439998}. Best is trial 0 with value: 135.8434600830078.
[I 2023-12-26 14:07:19,838] Trial 2 finished with value: 293.8735046386719 and parameters: {'gradient_clip_val': 0.17446704017073308, 'hidden_size': 15, 'dropout': 0.43720136784065755, 'hidden_continuous_size': 12, 'attention_head_size': 3, 'learning_rate': 0.02586439154089184}. Best is trial 0 with value: 135.8434600830078.
[I 2023-12-26 14:07:22,066] Trial 3 finished with value: 252.3285675048828 and parameters: {'gradient_clip_val': 0.2967680218258783, 'hidden_size': 18, 'dropout': 0.2068790370262193, 'hidden_continuous_size': 6, 'attention_head_size': 2, 'learning_rate': 0.07271039749865545}. Best is trial 0 with value: 135.8434600830078.
[I 2023-12-26 14:07:25,326] Trial 4 finished with value: 227.91552734375 and parameters: {'gradient_clip_val': 0.6125076350062918, 'hidden_size': 48, 'dropout': 0.17824639239322632, 'hidden_continuous_size': 19, 'attention_head_size': 4, 'learning_rate': 0.008634814341280847}. Best is trial 0 with value: 135.8434600830078.
[I 2023-12-26 14:07:34,181] Trial 5 finished with value: 195.93373107910156 and parameters: {'gradient_clip_val': 0.47550710281683917, 'hidden_size': 130, 'dropout': 0.29087025044945203, 'hidden_continuous_size': 6, 'attention_head_size': 4, 'learning_rate': 0.05170893410684857}. Best is trial 0 with value: 135.8434600830078.
[I 2023-12-26 14:07:36,173] Trial 6 finished with value: 225.23927307128906 and parameters: {'gradient_clip_val': 0.17414429015142296, 'hidden_size': 7, 'dropout': 0.10910392427064118, 'hidden_continuous_size': 5, 'attention_head_size': 3, 'learning_rate': 0.018280887718046885}. Best is trial 0 with value: 135.8434600830078.
[I 2023-12-26 14:07:38,202] Trial 7 finished with value: 195.6304931640625 and parameters: {'gradient_clip_val': 0.1774482724800998, 'hidden_size': 7, 'dropout': 0.2460459311173156, 'hidden_continuous_size': 7, 'attention_head_size': 1, 'learning_rate': 0.07974026121682497}. Best is trial 0 with value: 135.8434600830078.
[I 2023-12-26 14:07:40,037] Trial 8 finished with value: 315.8301696777344 and parameters: {'gradient_clip_val': 0.22917910687858234, 'hidden_size': 5, 'dropout': 0.48597473821184667, 'hidden_continuous_size': 5, 'attention_head_size': 4, 'learning_rate': 0.042889436633882054}. Best is trial 0 with value: 135.8434600830078.
[I 2023-12-26 14:07:45,394] Trial 9 finished with value: 221.30694580078125 and parameters: {'gradient_clip_val': 0.12044040852223332, 'hidden_size': 73, 'dropout': 0.3908588583019261, 'hidden_continuous_size': 54, 'attention_head_size': 2, 'learning_rate': 0.025837547910720068}. Best is trial 0 with value: 135.8434600830078.
[I 2023-12-26 14:07:54,050] Trial 10 finished with value: 275.9742736816406 and parameters: {'gradient_clip_val': 0.11251073096661522, 'hidden_size': 126, 'dropout': 0.3460007576287378, 'hidden_continuous_size': 38, 'attention_head_size': 1, 'learning_rate': 0.0013163856217788682}. Best is trial 0 with value: 135.8434600830078.
[I 2023-12-26 14:07:57,045] Trial 11 finished with value: 325.6951904296875 and parameters: {'gradient_clip_val': 0.9865009863749237, 'hidden_size': 42, 'dropout': 0.2839250225046075, 'hidden_continuous_size': 9, 'attention_head_size': 1, 'learning_rate': 0.0032886214370939403}. Best is trial 0 with value: 135.8434600830078.
[I 2023-12-26 14:07:59,082] Trial 12 finished with value: 327.98046875 and parameters: {'gradient_clip_val': 0.17078186827444478, 'hidden_size': 9, 'dropout': 0.2292125310230392, 'hidden_continuous_size': 7, 'attention_head_size': 1, 'learning_rate': 0.09460238126503491}. Best is trial 0 with value: 135.8434600830078.
[I 2023-12-26 14:08:01,181] Trial 13 finished with value: 270.2421569824219 and parameters: {'gradient_clip_val': 0.290202648992934, 'hidden_size': 11, 'dropout': 0.32437575422952464, 'hidden_continuous_size': 7, 'attention_head_size': 2, 'learning_rate': 0.0007708427578495055}. Best is trial 0 with value: 135.8434600830078.
[I 2023-12-26 14:08:03,970] Trial 14 finished with value: 219.8013458251953 and parameters: {'gradient_clip_val': 0.10093505623577578, 'hidden_size': 34, 'dropout': 0.16885027547459558, 'hidden_continuous_size': 10, 'attention_head_size': 1, 'learning_rate': 0.009817710130249799}. Best is trial 0 with value: 135.8434600830078.
[I 2023-12-26 14:08:06,297] Trial 15 finished with value: 363.7137451171875 and parameters: {'gradient_clip_val': 0.14365725086278855, 'hidden_size': 24, 'dropout': 0.25733248617001525, 'hidden_continuous_size': 8, 'attention_head_size': 2, 'learning_rate': 0.0022343205765799944}. Best is trial 0 with value: 135.8434600830078.
[I 2023-12-26 14:08:08,091] Trial 16 finished with value: 253.7574005126953 and parameters: {'gradient_clip_val': 0.23026975298299, 'hidden_size': 5, 'dropout': 0.3511274477295323, 'hidden_continuous_size': 5, 'attention_head_size': 1, 'learning_rate': 0.010907700460310893}. Best is trial 0 with value: 135.8434600830078.
[I 2023-12-26 14:08:13,266] Trial 17 finished with value: 218.8787841796875 and parameters: {'gradient_clip_val': 0.14304402935486107, 'hidden_size': 74, 'dropout': 0.3019572093796562, 'hidden_continuous_size': 14, 'attention_head_size': 2, 'learning_rate': 0.005816454365802306}. Best is trial 0 with value: 135.8434600830078.
[I 2023-12-26 14:08:15,504] Trial 18 finished with value: 201.666748046875 and parameters: {'gradient_clip_val': 0.22821218743429494, 'hidden_size': 15, 'dropout': 0.20477210243217422, 'hidden_continuous_size': 8, 'attention_head_size': 1, 'learning_rate': 0.0023762236904655296}. Best is trial 0 with value: 135.8434600830078.
[I 2023-12-26 14:08:18,488] Trial 19 finished with value: 262.3402404785156 and parameters: {'gradient_clip_val': 0.37083056124205627, 'hidden_size': 30, 'dropout': 0.24659319247439773, 'hidden_continuous_size': 10, 'attention_head_size': 2, 'learning_rate': 0.014840241305315072}. Best is trial 0 with value: 135.8434600830078.
[I 2023-12-26 14:08:20,618] Trial 20 finished with value: 187.77561950683594 and parameters: {'gradient_clip_val': 0.1304932553142524, 'hidden_size': 10, 'dropout': 0.1350378484144771, 'hidden_continuous_size': 6, 'attention_head_size': 3, 'learning_rate': 0.004854931867429091}. Best is trial 0 with value: 135.8434600830078.
[I 2023-12-26 14:08:22,727] Trial 21 finished with value: 264.7127990722656 and parameters: {'gradient_clip_val': 0.13808082473717073, 'hidden_size': 10, 'dropout': 0.12706752065370408, 'hidden_continuous_size': 6, 'attention_head_size': 3, 'learning_rate': 0.004710345945628473}. Best is trial 0 with value: 135.8434600830078.
