[I 2023-12-15 11:33:10,382] Trial 6 finished with value: 10.830700874328613 and parameters: {'gradient_clip_val': 0.25440366771455813, 'hidden_size': 15, 'dropout': 0.17387695839128897, 'hidden_continuous_size': 5, 'attention_head_size': 4, 'learning_rate': 0.0013796075465972225}. Best is trial 2 with value: 5.998910427093506.
LOCAL_RANK: 0 - CUDA_VISIBLE_DEVICES: [0]
[I 2023-12-15 11:34:00,686] Trial 7 finished with value: 6.617347717285156 and parameters: {'gradient_clip_val': 0.1352374282324539, 'hidden_size': 45, 'dropout': 0.2754250753694865, 'hidden_continuous_size': 7, 'attention_head_size': 1, 'learning_rate': 0.0007660519691240674}. Best is trial 2 with value: 5.998910427093506.
LOCAL_RANK: 0 - CUDA_VISIBLE_DEVICES: [0]
[I 2023-12-15 11:34:55,808] Trial 8 finished with value: 7.7126946449279785 and parameters: {'gradient_clip_val': 0.7269764918352136, 'hidden_size': 100, 'dropout': 0.3757729240251736, 'hidden_continuous_size': 42, 'attention_head_size': 1, 'learning_rate': 0.0012030837574887807}. Best is trial 2 with value: 5.998910427093506.
LOCAL_RANK: 0 - CUDA_VISIBLE_DEVICES: [0]
[I 2023-12-15 11:35:28,817] Trial 9 finished with value: 15.496928215026855 and parameters: {'gradient_clip_val': 0.7151122722999161, 'hidden_size': 5, 'dropout': 0.15626617427907674, 'hidden_continuous_size': 5, 'attention_head_size': 1, 'learning_rate': 0.0026687497431557576}. Best is trial 2 with value: 5.998910427093506.
LOCAL_RANK: 0 - CUDA_VISIBLE_DEVICES: [0]
[I 2023-12-15 11:36:17,571] Trial 10 finished with value: 13.078792572021484 and parameters: {'gradient_clip_val': 0.3776749684365567, 'hidden_size': 25, 'dropout': 0.1031050343745914, 'hidden_continuous_size': 9, 'attention_head_size': 3, 'learning_rate': 0.007996950680531382}. Best is trial 2 with value: 5.998910427093506.
LOCAL_RANK: 0 - CUDA_VISIBLE_DEVICES: [0]
[I 2023-12-15 11:37:06,210] Trial 11 finished with value: 12.030911445617676 and parameters: {'gradient_clip_val': 0.20597945121752761, 'hidden_size': 27, 'dropout': 0.32571233711599984, 'hidden_continuous_size': 15, 'attention_head_size': 2, 'learning_rate': 0.005213853185599386}. Best is trial 2 with value: 5.998910427093506.
LOCAL_RANK: 0 - CUDA_VISIBLE_DEVICES: [0]
[I 2023-12-15 11:38:01,118] Trial 12 finished with value: 8.66491985321045 and parameters: {'gradient_clip_val': 0.10050835356334208, 'hidden_size': 100, 'dropout': 0.23117598827311037, 'hidden_continuous_size': 26, 'attention_head_size': 3, 'learning_rate': 0.005973167139743598}. Best is trial 2 with value: 5.998910427093506.
LOCAL_RANK: 0 - CUDA_VISIBLE_DEVICES: [0]
[I 2023-12-15 11:38:51,930] Trial 13 finished with value: 11.270233154296875 and parameters: {'gradient_clip_val': 0.198251967997137, 'hidden_size': 34, 'dropout': 0.2890090166029426, 'hidden_continuous_size': 17, 'attention_head_size': 2, 'learning_rate': 0.0005171013137915898}. Best is trial 2 with value: 5.998910427093506.
LOCAL_RANK: 0 - CUDA_VISIBLE_DEVICES: [0]
[I 2023-12-15 11:39:37,853] Trial 14 finished with value: 7.2136921882629395 and parameters: {'gradient_clip_val': 0.15471755677039786, 'hidden_size': 14, 'dropout': 0.3905613336706516, 'hidden_continuous_size': 9, 'attention_head_size': 3, 'learning_rate': 0.0034750833322792288}. Best is trial 2 with value: 5.998910427093506.
LOCAL_RANK: 0 - CUDA_VISIBLE_DEVICES: [0]
[I 2023-12-15 11:40:30,663] Trial 15 finished with value: 13.94564437866211 and parameters: {'gradient_clip_val': 0.3091525738998854, 'hidden_size': 60, 'dropout': 0.19230728463777033, 'hidden_continuous_size': 23, 'attention_head_size': 2, 'learning_rate': 0.010300509838029789}. Best is trial 2 with value: 5.998910427093506.
LOCAL_RANK: 0 - CUDA_VISIBLE_DEVICES: [0]
[I 2023-12-15 11:41:20,341] Trial 16 finished with value: 11.2941255569458 and parameters: {'gradient_clip_val': 0.17285756147390782, 'hidden_size': 34, 'dropout': 0.25445056692576223, 'hidden_continuous_size': 11, 'attention_head_size': 3, 'learning_rate': 0.013537782767235081}. Best is trial 2 with value: 5.998910427093506.
LOCAL_RANK: 0 - CUDA_VISIBLE_DEVICES: [0]
[I 2023-12-15 11:42:05,320] Trial 17 finished with value: 9.979607582092285 and parameters: {'gradient_clip_val': 0.10104623487224451, 'hidden_size': 10, 'dropout': 0.3192255477359544, 'hidden_continuous_size': 7, 'attention_head_size': 2, 'learning_rate': 0.00282385287888216}. Best is trial 2 with value: 5.998910427093506.
LOCAL_RANK: 0 - CUDA_VISIBLE_DEVICES: [0]
[I 2023-12-15 11:42:52,931] Trial 18 finished with value: 7.147963047027588 and parameters: {'gradient_clip_val': 0.23318629797154514, 'hidden_size': 20, 'dropout': 0.20147089476182733, 'hidden_continuous_size': 11, 'attention_head_size': 3, 'learning_rate': 0.0020971341621153924}. Best is trial 2 with value: 5.998910427093506.
LOCAL_RANK: 0 - CUDA_VISIBLE_DEVICES: [0]
[I 2023-12-15 11:43:45,099] Trial 19 finished with value: 17.71781349182129 and parameters: {'gradient_clip_val': 0.160923849929738, 'hidden_size': 38, 'dropout': 0.2640860242663328, 'hidden_continuous_size': 19, 'attention_head_size': 2, 'learning_rate': 0.004717125305633122}. Best is trial 2 with value: 5.998910427093506.
LOCAL_RANK: 0 - CUDA_VISIBLE_DEVICES: [0]
[I 2023-12-15 11:44:38,992] Trial 20 finished with value: 12.965324401855469 and parameters: {'gradient_clip_val': 0.2999679075816144, 'hidden_size': 66, 'dropout': 0.3046851807011721, 'hidden_continuous_size': 32, 'attention_head_size': 4, 'learning_rate': 0.014663627491111237}. Best is trial 2 with value: 5.998910427093506.
LOCAL_RANK: 0 - CUDA_VISIBLE_DEVICES: [0]
[I 2023-12-15 11:45:30,903] Trial 21 finished with value: 8.323901176452637 and parameters: {'gradient_clip_val': 0.1332829988471722, 'hidden_size': 46, 'dropout': 0.26915539615293155, 'hidden_continuous_size': 19, 'attention_head_size': 1, 'learning_rate': 0.0006935004577737564}. Best is trial 2 with value: 5.998910427093506.
LOCAL_RANK: 0 - CUDA_VISIBLE_DEVICES: [0]
[I 2023-12-15 11:46:25,732] Trial 22 finished with value: 10.547728538513184 and parameters: {'gradient_clip_val': 0.13089787622896443, 'hidden_size': 74, 'dropout': 0.25124920005791196, 'hidden_continuous_size': 57, 'attention_head_size': 1, 'learning_rate': 0.0008770704958793779}. Best is trial 2 with value: 5.998910427093506.
LOCAL_RANK: 0 - CUDA_VISIBLE_DEVICES: [0]
[I 2023-12-15 11:47:17,807] Trial 23 finished with value: 12.449002265930176 and parameters: {'gradient_clip_val': 0.1686453396169987, 'hidden_size': 47, 'dropout': 0.29188252101356427, 'hidden_continuous_size': 14, 'attention_head_size': 2, 'learning_rate': 0.0017237943400455309}. Best is trial 2 with value: 5.998910427093506.
LOCAL_RANK: 0 - CUDA_VISIBLE_DEVICES: [0]
[I 2023-12-15 11:48:10,739] Trial 24 finished with value: 5.226874351501465 and parameters: {'gradient_clip_val': 0.19428107165849443, 'hidden_size': 81, 'dropout': 0.21978334835889446, 'hidden_continuous_size': 8, 'attention_head_size': 1, 'learning_rate': 0.0005065443075001779}. Best is trial 24 with value: 5.226874351501465.
LOCAL_RANK: 0 - CUDA_VISIBLE_DEVICES: [0]
[I 2023-12-15 11:49:04,269] Trial 25 finished with value: 21.290771484375 and parameters: {'gradient_clip_val': 0.19061790112031407, 'hidden_size': 83, 'dropout': 0.21381028935681398, 'hidden_continuous_size': 12, 'attention_head_size': 2, 'learning_rate': 0.003818654356985443}. Best is trial 24 with value: 5.226874351501465.
LOCAL_RANK: 0 - CUDA_VISIBLE_DEVICES: [0]
[I 2023-12-15 11:49:56,860] Trial 26 finished with value: 10.891087532043457 and parameters: {'gradient_clip_val': 0.2640180102179525, 'hidden_size': 57, 'dropout': 0.235255507486793, 'hidden_continuous_size': 9, 'attention_head_size': 3, 'learning_rate': 0.002293996797149707}. Best is trial 24 with value: 5.226874351501465.
LOCAL_RANK: 0 - CUDA_VISIBLE_DEVICES: [0]
[I 2023-12-15 11:50:50,399] Trial 27 finished with value: 9.588955879211426 and parameters: {'gradient_clip_val': 0.23110918758796525, 'hidden_size': 86, 'dropout': 0.24877494246399828, 'hidden_continuous_size': 16, 'attention_head_size': 1, 'learning_rate': 0.001550083770333801}. Best is trial 24 with value: 5.226874351501465.
LOCAL_RANK: 0 - CUDA_VISIBLE_DEVICES: [0]
[I 2023-12-15 11:51:43,671] Trial 28 finished with value: 7.985822677612305 and parameters: {'gradient_clip_val': 0.20658185197808615, 'hidden_size': 63, 'dropout': 0.18928760846475295, 'hidden_continuous_size': 23, 'attention_head_size': 2, 'learning_rate': 0.0005292616424796588}. Best is trial 24 with value: 5.226874351501465.
LOCAL_RANK: 0 - CUDA_VISIBLE_DEVICES: [0]
[I 2023-12-15 11:52:36,937] Trial 29 finished with value: 10.333632469177246 and parameters: {'gradient_clip_val': 0.3878202813748015, 'hidden_size': 72, 'dropout': 0.3479298614831963, 'hidden_continuous_size': 13, 'attention_head_size': 4, 'learning_rate': 0.0010546043748414738}. Best is trial 24 with value: 5.226874351501465.
LOCAL_RANK: 0 - CUDA_VISIBLE_DEVICES: [0]
[I 2023-12-15 11:53:29,145] Trial 30 finished with value: 6.099033355712891 and parameters: {'gradient_clip_val': 0.1799280536833568, 'hidden_size': 73, 'dropout': 0.3079493600469157, 'hidden_continuous_size': 10, 'attention_head_size': 1, 'learning_rate': 0.0011479539254726579}. Best is trial 24 with value: 5.226874351501465.
LOCAL_RANK: 0 - CUDA_VISIBLE_DEVICES: [0]
[I 2023-12-15 11:54:21,731] Trial 31 finished with value: 13.107348442077637 and parameters: {'gradient_clip_val': 0.14962054377292014, 'hidden_size': 77, 'dropout': 0.3070103428421861, 'hidden_continuous_size': 10, 'attention_head_size': 1, 'learning_rate': 0.0010063774084867758}. Best is trial 24 with value: 5.226874351501465.
LOCAL_RANK: 0 - CUDA_VISIBLE_DEVICES: [0]
[I 2023-12-15 11:55:13,442] Trial 32 finished with value: 6.1224188804626465 and parameters: {'gradient_clip_val': 0.1810041813214379, 'hidden_size': 55, 'dropout': 0.34584513919248233, 'hidden_continuous_size': 8, 'attention_head_size': 1, 'learning_rate': 0.0007237526159029731}. Best is trial 24 with value: 5.226874351501465.
LOCAL_RANK: 0 - CUDA_VISIBLE_DEVICES: [0]
[I 2023-12-15 11:56:04,350] Trial 33 finished with value: 14.006199836730957 and parameters: {'gradient_clip_val': 0.18069196568820253, 'hidden_size': 56, 'dropout': 0.3619133530281471, 'hidden_continuous_size': 8, 'attention_head_size': 1, 'learning_rate': 0.0007755896982444267}. Best is trial 24 with value: 5.226874351501465.
LOCAL_RANK: 0 - CUDA_VISIBLE_DEVICES: [0]
[I 2023-12-15 11:56:56,487] Trial 34 finished with value: 7.609042644500732 and parameters: {'gradient_clip_val': 0.1852290774991137, 'hidden_size': 66, 'dropout': 0.31891480889109763, 'hidden_continuous_size': 11, 'attention_head_size': 1, 'learning_rate': 0.0005029265345272305}. Best is trial 24 with value: 5.226874351501465.
LOCAL_RANK: 0 - CUDA_VISIBLE_DEVICES: [0]
[I 2023-12-15 11:57:47,984] Trial 35 finished with value: 13.848674774169922 and parameters: {'gradient_clip_val': 0.14808418383464855, 'hidden_size': 88, 'dropout': 0.3395185912077994, 'hidden_continuous_size': 7, 'attention_head_size': 1, 'learning_rate': 0.0010621667495519238}. Best is trial 24 with value: 5.226874351501465.
LOCAL_RANK: 0 - CUDA_VISIBLE_DEVICES: [0]
[I 2023-12-15 11:58:39,552] Trial 36 finished with value: 9.817595481872559 and parameters: {'gradient_clip_val': 0.11720723439620734, 'hidden_size': 51, 'dropout': 0.34811253503666834, 'hidden_continuous_size': 8, 'attention_head_size': 1, 'learning_rate': 0.0013959687153859745}. Best is trial 24 with value: 5.226874351501465.
LOCAL_RANK: 0 - CUDA_VISIBLE_DEVICES: [0]
[I 2023-12-15 11:59:28,700] Trial 37 finished with value: 5.377246856689453 and parameters: {'gradient_clip_val': 0.16963341985790095, 'hidden_size': 40, 'dropout': 0.398641617612184, 'hidden_continuous_size': 6, 'attention_head_size': 4, 'learning_rate': 0.0006623227065085738}. Best is trial 24 with value: 5.226874351501465.
LOCAL_RANK: 0 - CUDA_VISIBLE_DEVICES: [0]
[I 2023-12-15 12:00:18,938] Trial 38 finished with value: 14.324994087219238 and parameters: {'gradient_clip_val': 0.14523498990040687, 'hidden_size': 42, 'dropout': 0.3971655552189527, 'hidden_continuous_size': 6, 'attention_head_size': 4, 'learning_rate': 0.0012447662528085918}. Best is trial 24 with value: 5.226874351501465.
LOCAL_RANK: 0 - CUDA_VISIBLE_DEVICES: [0]
[I 2023-12-15 12:01:11,244] Trial 39 finished with value: 16.486968994140625 and parameters: {'gradient_clip_val': 0.11692007642591197, 'hidden_size': 74, 'dropout': 0.36457252900804393, 'hidden_continuous_size': 6, 'attention_head_size': 4, 'learning_rate': 0.0006203316025235555}. Best is trial 24 with value: 5.226874351501465.
LOCAL_RANK: 0 - CUDA_VISIBLE_DEVICES: [0]
[I 2023-12-15 12:02:03,615] Trial 40 finished with value: 4.400840759277344 and parameters: {'gradient_clip_val': 0.16433870578049536, 'hidden_size': 42, 'dropout': 0.27775519797151527, 'hidden_continuous_size': 12, 'attention_head_size': 4, 'learning_rate': 0.000856235133602169}. Best is trial 40 with value: 4.400840759277344.
LOCAL_RANK: 0 - CUDA_VISIBLE_DEVICES: [0]
[I 2023-12-15 12:02:55,129] Trial 41 finished with value: 14.016032218933105 and parameters: {'gradient_clip_val': 0.16229149738547954, 'hidden_size': 38, 'dropout': 0.27639822412678294, 'hidden_continuous_size': 13, 'attention_head_size': 4, 'learning_rate': 0.0008877362557064836}. Best is trial 40 with value: 4.400840759277344.
LOCAL_RANK: 0 - CUDA_VISIBLE_DEVICES: [0]
[I 2023-12-15 12:03:48,509] Trial 42 finished with value: 6.23091459274292 and parameters: {'gradient_clip_val': 0.22051082818377804, 'hidden_size': 54, 'dropout': 0.29161947372773883, 'hidden_continuous_size': 10, 'attention_head_size': 4, 'learning_rate': 0.0006666445454500698}. Best is trial 40 with value: 4.400840759277344.
LOCAL_RANK: 0 - CUDA_VISIBLE_DEVICES: [0]
[I 2023-12-15 12:04:38,055] Trial 43 finished with value: 8.074896812438965 and parameters: {'gradient_clip_val': 0.1395042875846304, 'hidden_size': 30, 'dropout': 0.22253147601086068, 'hidden_continuous_size': 12, 'attention_head_size': 4, 'learning_rate': 0.0018257204531702987}. Best is trial 40 with value: 4.400840759277344.
LOCAL_RANK: 0 - CUDA_VISIBLE_DEVICES: [0]
[I 2023-12-15 12:05:27,731] Trial 44 finished with value: 6.202208995819092 and parameters: {'gradient_clip_val': 0.17158532858225406, 'hidden_size': 41, 'dropout': 0.27965086292047076, 'hidden_continuous_size': 5, 'attention_head_size': 4, 'learning_rate': 0.00132079620438518}. Best is trial 40 with value: 4.400840759277344.
LOCAL_RANK: 0 - CUDA_VISIBLE_DEVICES: [0]
[I 2023-12-15 12:06:20,715] Trial 45 finished with value: 13.296319007873535 and parameters: {'gradient_clip_val': 0.12359287370451068, 'hidden_size': 49, 'dropout': 0.3752919196359436, 'hidden_continuous_size': 14, 'attention_head_size': 4, 'learning_rate': 0.0008927589383501591}. Best is trial 40 with value: 4.400840759277344.
LOCAL_RANK: 0 - CUDA_VISIBLE_DEVICES: [0]
[I 2023-12-15 12:07:14,119] Trial 46 finished with value: 14.876609802246094 and parameters: {'gradient_clip_val': 0.19897625096841884, 'hidden_size': 93, 'dropout': 0.3303982351538116, 'hidden_continuous_size': 6, 'attention_head_size': 4, 'learning_rate': 0.0006048362714516255}. Best is trial 40 with value: 4.400840759277344.
LOCAL_RANK: 0 - CUDA_VISIBLE_DEVICES: [0]
[I 2023-12-15 12:08:08,761] Trial 47 finished with value: 8.318434715270996 and parameters: {'gradient_clip_val': 0.14918791939447057, 'hidden_size': 100, 'dropout': 0.2415031672685291, 'hidden_continuous_size': 17, 'attention_head_size': 3, 'learning_rate': 0.0012348058219074085}. Best is trial 40 with value: 4.400840759277344.
LOCAL_RANK: 0 - CUDA_VISIBLE_DEVICES: [0]
[I 2023-12-15 12:09:01,524] Trial 48 finished with value: 10.943678855895996 and parameters: {'gradient_clip_val': 0.15907370715910452, 'hidden_size': 62, 'dropout': 0.2575582276364178, 'hidden_continuous_size': 10, 'attention_head_size': 4, 'learning_rate': 0.0008599744707603661}. Best is trial 40 with value: 4.400840759277344.
LOCAL_RANK: 0 - CUDA_VISIBLE_DEVICES: [0]
[I 2023-12-15 12:09:50,157] Trial 49 finished with value: 7.477564334869385 and parameters: {'gradient_clip_val': 0.19091008929630582, 'hidden_size': 23, 'dropout': 0.26797726468609107, 'hidden_continuous_size': 9, 'attention_head_size': 3, 'learning_rate': 0.0016165057134806186}. Best is trial 40 with value: 4.400840759277344.
[I 2023-12-15 12:09:50,254] A new study created in memory with name: no-name-9c180ac9-960d-463e-9f98-1097aff7890b
/home/le004/conda/anaconda3/envs/tsff_env/lib/python3.9/site-packages/lightning/fabric/plugins/environments/slurm.py:191: The `srun` command is available on your system but is not used. HINT: If your intention is to run Lightning on SLURM, prepend your python command with `srun` like so: srun python /home/le004/master_thesis/git/TSFusionForecast/code/ ...
LOCAL_RANK: 0 - CUDA_VISIBLE_DEVICES: [0]
[I 2023-12-15 12:10:41,853] Trial 0 finished with value: 96.53607177734375 and parameters: {'gradient_clip_val': 0.18738829652138983, 'hidden_size': 61, 'dropout': 0.13973998419830194, 'hidden_continuous_size': 7, 'attention_head_size': 2, 'learning_rate': 0.0006735952130068633}. Best is trial 0 with value: 96.53607177734375.
LOCAL_RANK: 0 - CUDA_VISIBLE_DEVICES: [0]
[I 2023-12-15 12:11:14,811] Trial 1 finished with value: 145.3729705810547 and parameters: {'gradient_clip_val': 0.4289705229818066, 'hidden_size': 5, 'dropout': 0.3971702083842551, 'hidden_continuous_size': 5, 'attention_head_size': 1, 'learning_rate': 0.03254822690450595}. Best is trial 0 with value: 96.53607177734375.
LOCAL_RANK: 0 - CUDA_VISIBLE_DEVICES: [0]
[I 2023-12-15 12:12:05,671] Trial 2 finished with value: 99.47359466552734 and parameters: {'gradient_clip_val': 0.604829668047713, 'hidden_size': 30, 'dropout': 0.17003863995853302, 'hidden_continuous_size': 24, 'attention_head_size': 2, 'learning_rate': 0.0008789263065896501}. Best is trial 0 with value: 96.53607177734375.
LOCAL_RANK: 0 - CUDA_VISIBLE_DEVICES: [0]
[I 2023-12-15 12:12:49,968] Trial 3 finished with value: 109.6953353881836 and parameters: {'gradient_clip_val': 0.12846836172541853, 'hidden_size': 8, 'dropout': 0.1858266019518297, 'hidden_continuous_size': 6, 'attention_head_size': 4, 'learning_rate': 0.008580148507533516}. Best is trial 0 with value: 96.53607177734375.
LOCAL_RANK: 0 - CUDA_VISIBLE_DEVICES: [0]
[I 2023-12-15 12:13:38,302] Trial 4 finished with value: 89.93985748291016 and parameters: {'gradient_clip_val': 0.522428206623855, 'hidden_size': 21, 'dropout': 0.3816304609600726, 'hidden_continuous_size': 14, 'attention_head_size': 2, 'learning_rate': 0.004090107963591665}. Best is trial 4 with value: 89.93985748291016.
LOCAL_RANK: 0 - CUDA_VISIBLE_DEVICES: [0]
[I 2023-12-15 12:14:13,644] Trial 5 finished with value: 134.5419464111328 and parameters: {'gradient_clip_val': 0.22643254938421767, 'hidden_size': 43, 'dropout': 0.3036166072440368, 'hidden_continuous_size': 43, 'attention_head_size': 2, 'learning_rate': 0.004235581470995983}. Best is trial 4 with value: 89.93985748291016.
LOCAL_RANK: 0 - CUDA_VISIBLE_DEVICES: [0]
[I 2023-12-15 12:15:01,539] Trial 6 finished with value: 133.6519012451172 and parameters: {'gradient_clip_val': 0.12303052913808708, 'hidden_size': 22, 'dropout': 0.15626332475597898, 'hidden_continuous_size': 10, 'attention_head_size': 1, 'learning_rate': 0.03021017165862777}. Best is trial 4 with value: 89.93985748291016.
LOCAL_RANK: 0 - CUDA_VISIBLE_DEVICES: [0]
[I 2023-12-15 12:15:53,130] Trial 7 finished with value: 67.78995513916016 and parameters: {'gradient_clip_val': 0.13502210297279363, 'hidden_size': 38, 'dropout': 0.14674737820709752, 'hidden_continuous_size': 24, 'attention_head_size': 1, 'learning_rate': 0.0012925038489232854}. Best is trial 7 with value: 67.78995513916016.
LOCAL_RANK: 0 - CUDA_VISIBLE_DEVICES: [0]
[I 2023-12-15 12:16:38,048] Trial 8 finished with value: 116.50125885009766 and parameters: {'gradient_clip_val': 0.30994166400542145, 'hidden_size': 6, 'dropout': 0.21728337170800582, 'hidden_continuous_size': 5, 'attention_head_size': 3, 'learning_rate': 0.0248163926395649}. Best is trial 7 with value: 67.78995513916016.
LOCAL_RANK: 0 - CUDA_VISIBLE_DEVICES: [0]
[I 2023-12-15 12:17:22,884] Trial 9 finished with value: 75.10658264160156 and parameters: {'gradient_clip_val': 0.9920128654118531, 'hidden_size': 13, 'dropout': 0.3561061589124356, 'hidden_continuous_size': 8, 'attention_head_size': 1, 'learning_rate': 0.005817009276570621}. Best is trial 7 with value: 67.78995513916016.
LOCAL_RANK: 0 - CUDA_VISIBLE_DEVICES: [0]
[I 2023-12-15 12:18:19,191] Trial 10 finished with value: 129.40130615234375 and parameters: {'gradient_clip_val': 0.10406594750561474, 'hidden_size': 73, 'dropout': 0.10037755569210291, 'hidden_continuous_size': 67, 'attention_head_size': 4, 'learning_rate': 0.0881494680801124}. Best is trial 7 with value: 67.78995513916016.
LOCAL_RANK: 0 - CUDA_VISIBLE_DEVICES: [0]
[I 2023-12-15 12:19:03,484] Trial 11 finished with value: 93.88626861572266 and parameters: {'gradient_clip_val': 0.9529195834101639, 'hidden_size': 13, 'dropout': 0.26258369705320994, 'hidden_continuous_size': 6, 'attention_head_size': 1, 'learning_rate': 0.001670356432104076}. Best is trial 7 with value: 67.78995513916016.
LOCAL_RANK: 0 - CUDA_VISIBLE_DEVICES: [0]
[I 2023-12-15 12:19:48,630] Trial 12 finished with value: 98.2419204711914 and parameters: {'gradient_clip_val': 0.9558920981757805, 'hidden_size': 14, 'dropout': 0.3155345480563639, 'hidden_continuous_size': 8, 'attention_head_size': 1, 'learning_rate': 0.00217677934666262}. Best is trial 7 with value: 67.78995513916016.
LOCAL_RANK: 0 - CUDA_VISIBLE_DEVICES: [0]
[I 2023-12-15 12:20:40,763] Trial 13 finished with value: 72.32058715820312 and parameters: {'gradient_clip_val': 0.1794331642049985, 'hidden_size': 42, 'dropout': 0.2291160592966739, 'hidden_continuous_size': 14, 'attention_head_size': 3, 'learning_rate': 0.0005520818130381851}. Best is trial 7 with value: 67.78995513916016.
LOCAL_RANK: 0 - CUDA_VISIBLE_DEVICES: [0]
