[I 2023-12-15 15:32:43,717] Trial 42 finished with value: 2.117389440536499 and parameters: {'gradient_clip_val': 0.5783317826310963, 'hidden_size': 35, 'dropout': 0.36560329781388634, 'hidden_continuous_size': 11, 'attention_head_size': 1, 'learning_rate': 0.024725343591591176}. Best is trial 18 with value: 0.19023247063159943.
LOCAL_RANK: 0 - CUDA_VISIBLE_DEVICES: [0]
[I 2023-12-15 15:33:40,625] Trial 43 finished with value: 2.444258451461792 and parameters: {'gradient_clip_val': 0.8808516459012208, 'hidden_size': 100, 'dropout': 0.2951219161590708, 'hidden_continuous_size': 74, 'attention_head_size': 1, 'learning_rate': 0.017491767397318232}. Best is trial 18 with value: 0.19023247063159943.
LOCAL_RANK: 0 - CUDA_VISIBLE_DEVICES: [0]
[I 2023-12-15 15:34:34,208] Trial 44 finished with value: 3.0586493015289307 and parameters: {'gradient_clip_val': 0.4348017747533814, 'hidden_size': 64, 'dropout': 0.25930315442001856, 'hidden_continuous_size': 14, 'attention_head_size': 3, 'learning_rate': 0.012743658577174433}. Best is trial 18 with value: 0.19023247063159943.
LOCAL_RANK: 0 - CUDA_VISIBLE_DEVICES: [0]
[I 2023-12-15 15:35:27,553] Trial 45 finished with value: 2.460629463195801 and parameters: {'gradient_clip_val': 0.7523946575558407, 'hidden_size': 51, 'dropout': 0.23423431405450523, 'hidden_continuous_size': 32, 'attention_head_size': 3, 'learning_rate': 0.02698531413258176}. Best is trial 18 with value: 0.19023247063159943.
LOCAL_RANK: 0 - CUDA_VISIBLE_DEVICES: [0]
[I 2023-12-15 15:36:22,036] Trial 46 finished with value: 0.9585472941398621 and parameters: {'gradient_clip_val': 0.34905570900877264, 'hidden_size': 85, 'dropout': 0.16428574762550868, 'hidden_continuous_size': 26, 'attention_head_size': 1, 'learning_rate': 0.04325536192273548}. Best is trial 18 with value: 0.19023247063159943.
LOCAL_RANK: 0 - CUDA_VISIBLE_DEVICES: [0]
[I 2023-12-15 15:37:15,272] Trial 47 finished with value: 2.493589162826538 and parameters: {'gradient_clip_val': 0.5368549766882366, 'hidden_size': 65, 'dropout': 0.19778883742634001, 'hidden_continuous_size': 19, 'attention_head_size': 2, 'learning_rate': 0.03362770882694037}. Best is trial 18 with value: 0.19023247063159943.
LOCAL_RANK: 0 - CUDA_VISIBLE_DEVICES: [0]
[I 2023-12-15 15:38:07,766] Trial 48 finished with value: 4.691873073577881 and parameters: {'gradient_clip_val': 0.6456448931597589, 'hidden_size': 42, 'dropout': 0.22515326282508924, 'hidden_continuous_size': 13, 'attention_head_size': 3, 'learning_rate': 0.025101741306455976}. Best is trial 18 with value: 0.19023247063159943.
LOCAL_RANK: 0 - CUDA_VISIBLE_DEVICES: [0]
[I 2023-12-15 15:39:01,329] Trial 49 finished with value: 2.1832902431488037 and parameters: {'gradient_clip_val': 0.43700055127359716, 'hidden_size': 53, 'dropout': 0.21388296526167763, 'hidden_continuous_size': 17, 'attention_head_size': 4, 'learning_rate': 0.06273628155138773}. Best is trial 18 with value: 0.19023247063159943.
[I 2023-12-15 15:39:01,428] A new study created in memory with name: no-name-0593a866-f9f4-4bb3-886d-34a02933cf48
/home/le004/conda/anaconda3/envs/tsff_env/lib/python3.9/site-packages/lightning/fabric/plugins/environments/slurm.py:191: The `srun` command is available on your system but is not used. HINT: If your intention is to run Lightning on SLURM, prepend your python command with `srun` like so: srun python /home/le004/master_thesis/git/TSFusionForecast/code/ ...
LOCAL_RANK: 0 - CUDA_VISIBLE_DEVICES: [0]
[I 2023-12-15 15:39:53,044] Trial 0 finished with value: 5421.333984375 and parameters: {'gradient_clip_val': 0.4000044728147956, 'hidden_size': 62, 'dropout': 0.10537931873249178, 'hidden_continuous_size': 5, 'attention_head_size': 3, 'learning_rate': 0.03139083083557599}. Best is trial 0 with value: 5421.333984375.
LOCAL_RANK: 0 - CUDA_VISIBLE_DEVICES: [0]
[I 2023-12-15 15:40:42,862] Trial 1 finished with value: 3278.238037109375 and parameters: {'gradient_clip_val': 0.11469836937180493, 'hidden_size': 23, 'dropout': 0.28663716102893, 'hidden_continuous_size': 19, 'attention_head_size': 4, 'learning_rate': 0.0017246928981552905}. Best is trial 1 with value: 3278.238037109375.
LOCAL_RANK: 0 - CUDA_VISIBLE_DEVICES: [0]
[I 2023-12-15 15:41:29,445] Trial 2 finished with value: 6147.23828125 and parameters: {'gradient_clip_val': 0.6256701474514328, 'hidden_size': 14, 'dropout': 0.15583630502500614, 'hidden_continuous_size': 8, 'attention_head_size': 3, 'learning_rate': 0.02389375088703064}. Best is trial 1 with value: 3278.238037109375.
LOCAL_RANK: 0 - CUDA_VISIBLE_DEVICES: [0]
[I 2023-12-15 15:42:13,513] Trial 3 finished with value: 3863.0234375 and parameters: {'gradient_clip_val': 0.2289900468573206, 'hidden_size': 12, 'dropout': 0.1091753101438771, 'hidden_continuous_size': 7, 'attention_head_size': 1, 'learning_rate': 0.0007444239129870626}. Best is trial 1 with value: 3278.238037109375.
LOCAL_RANK: 0 - CUDA_VISIBLE_DEVICES: [0]
[I 2023-12-15 15:43:08,437] Trial 4 finished with value: 1563.6318359375 and parameters: {'gradient_clip_val': 0.11936247664845846, 'hidden_size': 87, 'dropout': 0.10514530374012203, 'hidden_continuous_size': 31, 'attention_head_size': 2, 'learning_rate': 0.0026465453681073755}. Best is trial 4 with value: 1563.6318359375.
LOCAL_RANK: 0 - CUDA_VISIBLE_DEVICES: [0]
[I 2023-12-15 15:43:55,391] Trial 5 finished with value: 6996.86328125 and parameters: {'gradient_clip_val': 0.39309688113560404, 'hidden_size': 15, 'dropout': 0.20903816206886944, 'hidden_continuous_size': 12, 'attention_head_size': 4, 'learning_rate': 0.0006815922967647528}. Best is trial 4 with value: 1563.6318359375.
LOCAL_RANK: 0 - CUDA_VISIBLE_DEVICES: [0]
[I 2023-12-15 15:44:41,762] Trial 6 finished with value: 1903.88671875 and parameters: {'gradient_clip_val': 0.2269682184645389, 'hidden_size': 7, 'dropout': 0.26358388822871626, 'hidden_continuous_size': 6, 'attention_head_size': 4, 'learning_rate': 0.001728789335604416}. Best is trial 4 with value: 1563.6318359375.
LOCAL_RANK: 0 - CUDA_VISIBLE_DEVICES: [0]
[I 2023-12-15 15:45:27,541] Trial 7 finished with value: 1904.5279541015625 and parameters: {'gradient_clip_val': 0.7114352272160643, 'hidden_size': 6, 'dropout': 0.33185812170715245, 'hidden_continuous_size': 5, 'attention_head_size': 4, 'learning_rate': 0.024198821496308653}. Best is trial 4 with value: 1563.6318359375.
LOCAL_RANK: 0 - CUDA_VISIBLE_DEVICES: [0]
[I 2023-12-15 15:46:20,751] Trial 8 finished with value: 3522.480224609375 and parameters: {'gradient_clip_val': 0.5681862761414659, 'hidden_size': 38, 'dropout': 0.17938567251415516, 'hidden_continuous_size': 30, 'attention_head_size': 3, 'learning_rate': 0.006772451114171279}. Best is trial 4 with value: 1563.6318359375.
LOCAL_RANK: 0 - CUDA_VISIBLE_DEVICES: [0]
[I 2023-12-15 15:47:10,084] Trial 9 finished with value: 7211.73486328125 and parameters: {'gradient_clip_val': 0.13398006122745787, 'hidden_size': 32, 'dropout': 0.30947683447058005, 'hidden_continuous_size': 16, 'attention_head_size': 2, 'learning_rate': 0.003908297399543599}. Best is trial 4 with value: 1563.6318359375.
LOCAL_RANK: 0 - CUDA_VISIBLE_DEVICES: [0]
[I 2023-12-15 15:48:06,661] Trial 10 finished with value: 1119.7813720703125 and parameters: {'gradient_clip_val': 0.10934414625596035, 'hidden_size': 87, 'dropout': 0.3612675048033316, 'hidden_continuous_size': 76, 'attention_head_size': 1, 'learning_rate': 0.0895599478030683}. Best is trial 10 with value: 1119.7813720703125.
LOCAL_RANK: 0 - CUDA_VISIBLE_DEVICES: [0]
[I 2023-12-15 15:49:04,024] Trial 11 finished with value: 1627.869140625 and parameters: {'gradient_clip_val': 0.1046695853767919, 'hidden_size': 94, 'dropout': 0.39418636145352565, 'hidden_continuous_size': 83, 'attention_head_size': 1, 'learning_rate': 0.09921752495229401}. Best is trial 10 with value: 1119.7813720703125.
LOCAL_RANK: 0 - CUDA_VISIBLE_DEVICES: [0]
[I 2023-12-15 15:49:59,842] Trial 12 finished with value: 3657.464599609375 and parameters: {'gradient_clip_val': 0.162348623655273, 'hidden_size': 91, 'dropout': 0.2244467357510563, 'hidden_continuous_size': 49, 'attention_head_size': 2, 'learning_rate': 0.01156629109059248}. Best is trial 10 with value: 1119.7813720703125.
LOCAL_RANK: 0 - CUDA_VISIBLE_DEVICES: [0]
[I 2023-12-15 15:50:52,558] Trial 13 finished with value: 4932.654296875 and parameters: {'gradient_clip_val': 0.1025347536457813, 'hidden_size': 54, 'dropout': 0.35299338055271934, 'hidden_continuous_size': 30, 'attention_head_size': 1, 'learning_rate': 0.0034724026559651336}. Best is trial 10 with value: 1119.7813720703125.
LOCAL_RANK: 0 - CUDA_VISIBLE_DEVICES: [0]
[I 2023-12-15 15:51:49,782] Trial 14 finished with value: 1316.596435546875 and parameters: {'gradient_clip_val': 0.16697635772232283, 'hidden_size': 100, 'dropout': 0.25704020773927727, 'hidden_continuous_size': 94, 'attention_head_size': 2, 'learning_rate': 0.06897672915476843}. Best is trial 10 with value: 1119.7813720703125.
LOCAL_RANK: 0 - CUDA_VISIBLE_DEVICES: [0]
[I 2023-12-15 15:52:43,751] Trial 15 finished with value: 478.7774963378906 and parameters: {'gradient_clip_val': 0.1667146519702164, 'hidden_size': 62, 'dropout': 0.2591719675835732, 'hidden_continuous_size': 59, 'attention_head_size': 1, 'learning_rate': 0.09347590246378218}. Best is trial 15 with value: 478.7774963378906.
LOCAL_RANK: 0 - CUDA_VISIBLE_DEVICES: [0]
[I 2023-12-15 15:53:37,029] Trial 16 finished with value: 5324.86328125 and parameters: {'gradient_clip_val': 0.17310664247510654, 'hidden_size': 53, 'dropout': 0.39653029419492103, 'hidden_continuous_size': 45, 'attention_head_size': 1, 'learning_rate': 0.05549388664687268}. Best is trial 15 with value: 478.7774963378906.
LOCAL_RANK: 0 - CUDA_VISIBLE_DEVICES: [0]
[I 2023-12-15 15:54:31,483] Trial 17 finished with value: 2766.041015625 and parameters: {'gradient_clip_val': 0.22132495061122073, 'hidden_size': 65, 'dropout': 0.2930961414854677, 'hidden_continuous_size': 54, 'attention_head_size': 1, 'learning_rate': 0.09961978977536338}. Best is trial 15 with value: 478.7774963378906.
LOCAL_RANK: 0 - CUDA_VISIBLE_DEVICES: [0]
[I 2023-12-15 15:55:21,398] Trial 18 finished with value: 2738.114501953125 and parameters: {'gradient_clip_val': 0.13497754079850202, 'hidden_size': 37, 'dropout': 0.3576445630865983, 'hidden_continuous_size': 10, 'attention_head_size': 1, 'learning_rate': 0.044150164896561164}. Best is trial 15 with value: 478.7774963378906.
LOCAL_RANK: 0 - CUDA_VISIBLE_DEVICES: [0]
[I 2023-12-15 15:56:14,030] Trial 19 finished with value: 2197.7890625 and parameters: {'gradient_clip_val': 0.9673227294643688, 'hidden_size': 46, 'dropout': 0.31919690921633165, 'hidden_continuous_size': 21, 'attention_head_size': 2, 'learning_rate': 0.014638770458887089}. Best is trial 15 with value: 478.7774963378906.
LOCAL_RANK: 0 - CUDA_VISIBLE_DEVICES: [0]
[I 2023-12-15 15:57:08,444] Trial 20 finished with value: 622.6689453125 and parameters: {'gradient_clip_val': 0.14032598245015154, 'hidden_size': 71, 'dropout': 0.23217180056054382, 'hidden_continuous_size': 60, 'attention_head_size': 1, 'learning_rate': 0.04638289183796138}. Best is trial 15 with value: 478.7774963378906.
LOCAL_RANK: 0 - CUDA_VISIBLE_DEVICES: [0]
[I 2023-12-15 15:58:01,669] Trial 21 finished with value: 844.6083984375 and parameters: {'gradient_clip_val': 0.1369536570011197, 'hidden_size': 64, 'dropout': 0.23827231478653588, 'hidden_continuous_size': 53, 'attention_head_size': 1, 'learning_rate': 0.05354967145497146}. Best is trial 15 with value: 478.7774963378906.
LOCAL_RANK: 0 - CUDA_VISIBLE_DEVICES: [0]
[I 2023-12-15 15:58:55,049] Trial 22 finished with value: 3394.783447265625 and parameters: {'gradient_clip_val': 0.14771748762686154, 'hidden_size': 63, 'dropout': 0.23246279062351663, 'hidden_continuous_size': 40, 'attention_head_size': 1, 'learning_rate': 0.04564746714100899}. Best is trial 15 with value: 478.7774963378906.
LOCAL_RANK: 0 - CUDA_VISIBLE_DEVICES: [0]
[I 2023-12-15 15:59:48,967] Trial 23 finished with value: 2297.2939453125 and parameters: {'gradient_clip_val': 0.18922691121471805, 'hidden_size': 72, 'dropout': 0.2679204477224009, 'hidden_continuous_size': 59, 'attention_head_size': 2, 'learning_rate': 0.0567659255029482}. Best is trial 15 with value: 478.7774963378906.
LOCAL_RANK: 0 - CUDA_VISIBLE_DEVICES: [0]
[I 2023-12-15 16:00:42,296] Trial 24 finished with value: 4550.15966796875 and parameters: {'gradient_clip_val': 0.13630380153605737, 'hidden_size': 49, 'dropout': 0.24169374453641557, 'hidden_continuous_size': 35, 'attention_head_size': 1, 'learning_rate': 0.03285060976272909}. Best is trial 15 with value: 478.7774963378906.
LOCAL_RANK: 0 - CUDA_VISIBLE_DEVICES: [0]
[I 2023-12-15 16:01:37,221] Trial 25 finished with value: 4260.34765625 and parameters: {'gradient_clip_val': 0.2807214681329136, 'hidden_size': 74, 'dropout': 0.2059739663096897, 'hidden_continuous_size': 59, 'attention_head_size': 1, 'learning_rate': 0.06671179450021318}. Best is trial 15 with value: 478.7774963378906.
LOCAL_RANK: 0 - CUDA_VISIBLE_DEVICES: [0]
[I 2023-12-15 16:02:28,907] Trial 26 finished with value: 1930.365234375 and parameters: {'gradient_clip_val': 0.18665419748425438, 'hidden_size': 30, 'dropout': 0.27771234460925437, 'hidden_continuous_size': 24, 'attention_head_size': 2, 'learning_rate': 0.035976034165911}. Best is trial 15 with value: 478.7774963378906.
LOCAL_RANK: 0 - CUDA_VISIBLE_DEVICES: [0]
[I 2023-12-15 16:03:20,928] Trial 27 finished with value: 3677.537841796875 and parameters: {'gradient_clip_val': 0.14921745901749087, 'hidden_size': 39, 'dropout': 0.24475887579096875, 'hidden_continuous_size': 27, 'attention_head_size': 1, 'learning_rate': 0.06786608041282714}. Best is trial 15 with value: 478.7774963378906.
LOCAL_RANK: 0 - CUDA_VISIBLE_DEVICES: [0]
[I 2023-12-15 16:04:14,213] Trial 28 finished with value: 3431.412841796875 and parameters: {'gradient_clip_val': 0.12009458943076474, 'hidden_size': 47, 'dropout': 0.29177900841068466, 'hidden_continuous_size': 38, 'attention_head_size': 2, 'learning_rate': 0.019966501335135077}. Best is trial 15 with value: 478.7774963378906.
LOCAL_RANK: 0 - CUDA_VISIBLE_DEVICES: [0]
[I 2023-12-15 16:05:08,435] Trial 29 finished with value: 3365.955810546875 and parameters: {'gradient_clip_val': 0.19739346993711426, 'hidden_size': 62, 'dropout': 0.24628140871222068, 'hidden_continuous_size': 42, 'attention_head_size': 3, 'learning_rate': 0.033879521644243134}. Best is trial 15 with value: 478.7774963378906.
LOCAL_RANK: 0 - CUDA_VISIBLE_DEVICES: [0]
[I 2023-12-15 16:06:02,175] Trial 30 finished with value: 4432.26513671875 and parameters: {'gradient_clip_val': 0.27896289943756103, 'hidden_size': 72, 'dropout': 0.27042408788100286, 'hidden_continuous_size': 48, 'attention_head_size': 1, 'learning_rate': 0.04347535938633141}. Best is trial 15 with value: 478.7774963378906.
LOCAL_RANK: 0 - CUDA_VISIBLE_DEVICES: [0]
[I 2023-12-15 16:06:57,913] Trial 31 finished with value: 499.8256530761719 and parameters: {'gradient_clip_val': 0.10261653299907594, 'hidden_size': 77, 'dropout': 0.2150080698601119, 'hidden_continuous_size': 68, 'attention_head_size': 1, 'learning_rate': 0.09370944123820128}. Best is trial 15 with value: 478.7774963378906.
LOCAL_RANK: 0 - CUDA_VISIBLE_DEVICES: [0]
[I 2023-12-15 16:07:51,220] Trial 32 finished with value: 3023.796142578125 and parameters: {'gradient_clip_val': 0.10043263247590055, 'hidden_size': 59, 'dropout': 0.2190860268488092, 'hidden_continuous_size': 39, 'attention_head_size': 1, 'learning_rate': 0.07995732586273138}. Best is trial 15 with value: 478.7774963378906.
LOCAL_RANK: 0 - CUDA_VISIBLE_DEVICES: [0]
[I 2023-12-15 16:08:46,389] Trial 33 finished with value: 1281.7467041015625 and parameters: {'gradient_clip_val': 0.12327388457484853, 'hidden_size': 75, 'dropout': 0.18863851165121365, 'hidden_continuous_size': 64, 'attention_head_size': 1, 'learning_rate': 0.06642017444071024}. Best is trial 15 with value: 478.7774963378906.
LOCAL_RANK: 0 - CUDA_VISIBLE_DEVICES: [0]
[I 2023-12-15 16:09:41,690] Trial 34 finished with value: 582.8619384765625 and parameters: {'gradient_clip_val': 0.14538638419142866, 'hidden_size': 79, 'dropout': 0.2329703993358778, 'hidden_continuous_size': 63, 'attention_head_size': 1, 'learning_rate': 0.05069876102526117}. Best is trial 15 with value: 478.7774963378906.
LOCAL_RANK: 0 - CUDA_VISIBLE_DEVICES: [0]
[I 2023-12-15 16:10:38,129] Trial 35 finished with value: 5074.75439453125 and parameters: {'gradient_clip_val': 0.11715130199725661, 'hidden_size': 85, 'dropout': 0.2545779073765915, 'hidden_continuous_size': 66, 'attention_head_size': 1, 'learning_rate': 0.029301067666172517}. Best is trial 15 with value: 478.7774963378906.
LOCAL_RANK: 0 - CUDA_VISIBLE_DEVICES: [0]
[I 2023-12-15 16:11:34,539] Trial 36 finished with value: 462.5606689453125 and parameters: {'gradient_clip_val': 0.1589430136294456, 'hidden_size': 82, 'dropout': 0.2008364051807627, 'hidden_continuous_size': 68, 'attention_head_size': 2, 'learning_rate': 0.08107303663691667}. Best is trial 36 with value: 462.5606689453125.
LOCAL_RANK: 0 - CUDA_VISIBLE_DEVICES: [0]
[I 2023-12-15 16:12:32,812] Trial 37 finished with value: 547.2340698242188 and parameters: {'gradient_clip_val': 0.157431584886076, 'hidden_size': 97, 'dropout': 0.15488797473975172, 'hidden_continuous_size': 95, 'attention_head_size': 2, 'learning_rate': 0.0992579972828185}. Best is trial 36 with value: 462.5606689453125.
LOCAL_RANK: 0 - CUDA_VISIBLE_DEVICES: [0]
[I 2023-12-15 16:13:12,035] Trial 38 finished with value: 1295.5716552734375 and parameters: {'gradient_clip_val': 0.1601943606284282, 'hidden_size': 100, 'dropout': 0.15952182028098758, 'hidden_continuous_size': 100, 'attention_head_size': 3, 'learning_rate': 0.08549721761208104}. Best is trial 36 with value: 462.5606689453125.
LOCAL_RANK: 0 - CUDA_VISIBLE_DEVICES: [0]
[I 2023-12-15 16:14:08,653] Trial 39 finished with value: 5229.6943359375 and parameters: {'gradient_clip_val': 0.2111551692426457, 'hidden_size': 81, 'dropout': 0.1341135834382244, 'hidden_continuous_size': 71, 'attention_head_size': 2, 'learning_rate': 0.09592949781063834}. Best is trial 36 with value: 462.5606689453125.
LOCAL_RANK: 0 - CUDA_VISIBLE_DEVICES: [0]
[I 2023-12-15 16:15:02,986] Trial 40 finished with value: 628.4850463867188 and parameters: {'gradient_clip_val': 0.25707608874684923, 'hidden_size': 55, 'dropout': 0.2006013192382781, 'hidden_continuous_size': 45, 'attention_head_size': 3, 'learning_rate': 0.0778933885686721}. Best is trial 36 with value: 462.5606689453125.
LOCAL_RANK: 0 - CUDA_VISIBLE_DEVICES: [0]
[I 2023-12-15 16:15:59,826] Trial 41 finished with value: 2030.7496337890625 and parameters: {'gradient_clip_val': 0.1774199175882861, 'hidden_size': 81, 'dropout': 0.21454393828863402, 'hidden_continuous_size': 70, 'attention_head_size': 2, 'learning_rate': 0.05942799917747493}. Best is trial 36 with value: 462.5606689453125.
LOCAL_RANK: 0 - CUDA_VISIBLE_DEVICES: [0]
[I 2023-12-15 16:16:57,908] Trial 42 finished with value: 4083.047607421875 and parameters: {'gradient_clip_val': 0.2045872332701577, 'hidden_size': 99, 'dropout': 0.18228981164158736, 'hidden_continuous_size': 85, 'attention_head_size': 2, 'learning_rate': 0.074098945618581}. Best is trial 36 with value: 462.5606689453125.
LOCAL_RANK: 0 - CUDA_VISIBLE_DEVICES: [0]
[I 2023-12-15 16:17:54,948] Trial 43 finished with value: 2676.066650390625 and parameters: {'gradient_clip_val': 0.1213525480731607, 'hidden_size': 83, 'dropout': 0.1665475397026384, 'hidden_continuous_size': 72, 'attention_head_size': 2, 'learning_rate': 0.09402010264458303}. Best is trial 36 with value: 462.5606689453125.
LOCAL_RANK: 0 - CUDA_VISIBLE_DEVICES: [0]
[I 2023-12-15 16:18:50,467] Trial 44 finished with value: 869.7195434570312 and parameters: {'gradient_clip_val': 0.15591023811173707, 'hidden_size': 83, 'dropout': 0.2048213990734619, 'hidden_continuous_size': 54, 'attention_head_size': 2, 'learning_rate': 0.040710078776209226}. Best is trial 36 with value: 462.5606689453125.
LOCAL_RANK: 0 - CUDA_VISIBLE_DEVICES: [0]
[I 2023-12-15 16:19:46,168] Trial 45 finished with value: 5158.69970703125 and parameters: {'gradient_clip_val': 0.11063522637131708, 'hidden_size': 67, 'dropout': 0.19586910137355507, 'hidden_continuous_size': 57, 'attention_head_size': 4, 'learning_rate': 0.05588574239194074}. Best is trial 36 with value: 462.5606689453125.
LOCAL_RANK: 0 - CUDA_VISIBLE_DEVICES: [0]
[I 2023-12-15 16:20:40,689] Trial 46 finished with value: 5187.728515625 and parameters: {'gradient_clip_val': 0.12732444319995154, 'hidden_size': 59, 'dropout': 0.17535101983518322, 'hidden_continuous_size': 49, 'attention_head_size': 2, 'learning_rate': 0.026574648565419818}. Best is trial 36 with value: 462.5606689453125.
LOCAL_RANK: 0 - CUDA_VISIBLE_DEVICES: [0]
[I 2023-12-15 16:21:38,028] Trial 47 finished with value: 2695.104248046875 and parameters: {'gradient_clip_val': 0.1515580352929492, 'hidden_size': 100, 'dropout': 0.14711094834110597, 'hidden_continuous_size': 82, 'attention_head_size': 3, 'learning_rate': 0.07612255906842558}. Best is trial 36 with value: 462.5606689453125.
LOCAL_RANK: 0 - CUDA_VISIBLE_DEVICES: [0]
[I 2023-12-15 16:22:34,834] Trial 48 finished with value: 4720.7431640625 and parameters: {'gradient_clip_val': 0.17418387868295881, 'hidden_size': 89, 'dropout': 0.2211889731026743, 'hidden_continuous_size': 75, 'attention_head_size': 1, 'learning_rate': 0.05399620211763523}. Best is trial 36 with value: 462.5606689453125.
LOCAL_RANK: 0 - CUDA_VISIBLE_DEVICES: [0]
