[I 2023-12-16 13:26:05,924] Trial 9 finished with value: 5.4930596351623535 and parameters: {'gradient_clip_val': 0.17682865373038031, 'hidden_size': 15, 'dropout': 0.3716460085852388, 'hidden_continuous_size': 10, 'attention_head_size': 1, 'learning_rate': 0.009673240112834535}. Best is trial 9 with value: 5.4930596351623535.
LOCAL_RANK: 0 - CUDA_VISIBLE_DEVICES: [0]
[I 2023-12-16 13:26:51,041] Trial 10 finished with value: 5.655414581298828 and parameters: {'gradient_clip_val': 0.13815249555390507, 'hidden_size': 11, 'dropout': 0.39891070133825823, 'hidden_continuous_size': 8, 'attention_head_size': 2, 'learning_rate': 0.0028816553668803216}. Best is trial 9 with value: 5.4930596351623535.
LOCAL_RANK: 0 - CUDA_VISIBLE_DEVICES: [0]
[I 2023-12-16 13:27:36,158] Trial 11 finished with value: 4.974149227142334 and parameters: {'gradient_clip_val': 0.10818490874319989, 'hidden_size': 11, 'dropout': 0.3858596538157687, 'hidden_continuous_size': 8, 'attention_head_size': 2, 'learning_rate': 0.0029514153499462866}. Best is trial 11 with value: 4.974149227142334.
LOCAL_RANK: 0 - CUDA_VISIBLE_DEVICES: [0]
[I 2023-12-16 13:28:21,066] Trial 12 finished with value: 4.40065860748291 and parameters: {'gradient_clip_val': 0.10361138297652028, 'hidden_size': 11, 'dropout': 0.3451936739174097, 'hidden_continuous_size': 8, 'attention_head_size': 2, 'learning_rate': 0.002202949559896953}. Best is trial 12 with value: 4.40065860748291.
LOCAL_RANK: 0 - CUDA_VISIBLE_DEVICES: [0]
[I 2023-12-16 13:29:06,137] Trial 13 finished with value: 5.919111728668213 and parameters: {'gradient_clip_val': 0.10437440034130764, 'hidden_size': 10, 'dropout': 0.3126351155623892, 'hidden_continuous_size': 7, 'attention_head_size': 2, 'learning_rate': 0.0020618734628081014}. Best is trial 12 with value: 4.40065860748291.
LOCAL_RANK: 0 - CUDA_VISIBLE_DEVICES: [0]
[I 2023-12-16 13:29:50,079] Trial 14 finished with value: 5.174881458282471 and parameters: {'gradient_clip_val': 0.10529611121545442, 'hidden_size': 8, 'dropout': 0.3478228410444472, 'hidden_continuous_size': 6, 'attention_head_size': 3, 'learning_rate': 0.0018972085146960608}. Best is trial 12 with value: 4.40065860748291.
LOCAL_RANK: 0 - CUDA_VISIBLE_DEVICES: [0]
[I 2023-12-16 13:30:33,804] Trial 15 finished with value: 6.509798526763916 and parameters: {'gradient_clip_val': 0.14136781972410134, 'hidden_size': 8, 'dropout': 0.3918948037947218, 'hidden_continuous_size': 7, 'attention_head_size': 2, 'learning_rate': 0.003973680545306908}. Best is trial 12 with value: 4.40065860748291.
LOCAL_RANK: 0 - CUDA_VISIBLE_DEVICES: [0]
[I 2023-12-16 13:31:25,609] Trial 16 finished with value: 9.88845157623291 and parameters: {'gradient_clip_val': 0.10140954310364626, 'hidden_size': 30, 'dropout': 0.302008705024121, 'hidden_continuous_size': 27, 'attention_head_size': 3, 'learning_rate': 0.0013348679958324436}. Best is trial 12 with value: 4.40065860748291.
LOCAL_RANK: 0 - CUDA_VISIBLE_DEVICES: [0]
[I 2023-12-16 13:32:10,910] Trial 17 finished with value: 5.969015598297119 and parameters: {'gradient_clip_val': 0.18864929411707565, 'hidden_size': 14, 'dropout': 0.35612125712214354, 'hidden_continuous_size': 9, 'attention_head_size': 2, 'learning_rate': 0.004616366774968267}. Best is trial 12 with value: 4.40065860748291.
LOCAL_RANK: 0 - CUDA_VISIBLE_DEVICES: [0]
[I 2023-12-16 13:32:55,958] Trial 18 finished with value: 9.560456275939941 and parameters: {'gradient_clip_val': 0.13552721626243716, 'hidden_size': 7, 'dropout': 0.3403401887969992, 'hidden_continuous_size': 5, 'attention_head_size': 2, 'learning_rate': 0.0005012113357570436}. Best is trial 12 with value: 4.40065860748291.
LOCAL_RANK: 0 - CUDA_VISIBLE_DEVICES: [0]
[I 2023-12-16 13:33:41,455] Trial 19 finished with value: 10.597481727600098 and parameters: {'gradient_clip_val': 0.20409010968128674, 'hidden_size': 11, 'dropout': 0.3668073293136178, 'hidden_continuous_size': 8, 'attention_head_size': 3, 'learning_rate': 0.09716414268762277}. Best is trial 12 with value: 4.40065860748291.
LOCAL_RANK: 0 - CUDA_VISIBLE_DEVICES: [0]
[I 2023-12-16 13:34:28,221] Trial 20 finished with value: 10.834904670715332 and parameters: {'gradient_clip_val': 0.12417782343316386, 'hidden_size': 20, 'dropout': 0.3975487065352914, 'hidden_continuous_size': 9, 'attention_head_size': 2, 'learning_rate': 0.002525801007292448}. Best is trial 12 with value: 4.40065860748291.
LOCAL_RANK: 0 - CUDA_VISIBLE_DEVICES: [0]
[I 2023-12-16 13:35:12,220] Trial 21 finished with value: 6.599678039550781 and parameters: {'gradient_clip_val': 0.10437966604167685, 'hidden_size': 8, 'dropout': 0.3522114392599133, 'hidden_continuous_size': 6, 'attention_head_size': 3, 'learning_rate': 0.0016435463735084994}. Best is trial 12 with value: 4.40065860748291.
LOCAL_RANK: 0 - CUDA_VISIBLE_DEVICES: [0]
[I 2023-12-16 13:35:46,039] Trial 22 finished with value: 9.374369621276855 and parameters: {'gradient_clip_val': 0.11772365904517539, 'hidden_size': 5, 'dropout': 0.32157769222144916, 'hidden_continuous_size': 5, 'attention_head_size': 3, 'learning_rate': 0.0010600005443343688}. Best is trial 12 with value: 4.40065860748291.
LOCAL_RANK: 0 - CUDA_VISIBLE_DEVICES: [0]
[I 2023-12-16 13:36:30,912] Trial 23 finished with value: 5.3462653160095215 and parameters: {'gradient_clip_val': 0.10045770153091171, 'hidden_size': 9, 'dropout': 0.36875211933702257, 'hidden_continuous_size': 6, 'attention_head_size': 2, 'learning_rate': 0.0029708334085882466}. Best is trial 12 with value: 4.40065860748291.
LOCAL_RANK: 0 - CUDA_VISIBLE_DEVICES: [0]
[I 2023-12-16 13:37:15,063] Trial 24 finished with value: 11.935315132141113 and parameters: {'gradient_clip_val': 0.16299091756188552, 'hidden_size': 12, 'dropout': 0.2927170161197091, 'hidden_continuous_size': 7, 'attention_head_size': 3, 'learning_rate': 0.0017483738567784434}. Best is trial 12 with value: 4.40065860748291.
LOCAL_RANK: 0 - CUDA_VISIBLE_DEVICES: [0]
[I 2023-12-16 13:37:59,604] Trial 25 finished with value: 4.303679466247559 and parameters: {'gradient_clip_val': 0.15494143592427911, 'hidden_size': 7, 'dropout': 0.3317698149481821, 'hidden_continuous_size': 5, 'attention_head_size': 2, 'learning_rate': 0.0032901813341275686}. Best is trial 25 with value: 4.303679466247559.
LOCAL_RANK: 0 - CUDA_VISIBLE_DEVICES: [0]
[I 2023-12-16 13:38:44,218] Trial 26 finished with value: 5.842423915863037 and parameters: {'gradient_clip_val': 0.14862524926333384, 'hidden_size': 6, 'dropout': 0.33130352203087265, 'hidden_continuous_size': 5, 'attention_head_size': 2, 'learning_rate': 0.005206432886818427}. Best is trial 25 with value: 4.303679466247559.
LOCAL_RANK: 0 - CUDA_VISIBLE_DEVICES: [0]
[I 2023-12-16 13:39:29,181] Trial 27 finished with value: 5.465646266937256 and parameters: {'gradient_clip_val': 0.12973831593553653, 'hidden_size': 10, 'dropout': 0.31021799697001823, 'hidden_continuous_size': 8, 'attention_head_size': 2, 'learning_rate': 0.0031443850990693504}. Best is trial 25 with value: 4.303679466247559.
LOCAL_RANK: 0 - CUDA_VISIBLE_DEVICES: [0]
[I 2023-12-16 13:40:14,368] Trial 28 finished with value: 5.605936050415039 and parameters: {'gradient_clip_val': 0.16270967527208116, 'hidden_size': 14, 'dropout': 0.3780154457555047, 'hidden_continuous_size': 7, 'attention_head_size': 2, 'learning_rate': 0.005997469037935492}. Best is trial 25 with value: 4.303679466247559.
LOCAL_RANK: 0 - CUDA_VISIBLE_DEVICES: [0]
[I 2023-12-16 13:40:58,862] Trial 29 finished with value: 6.7060980796813965 and parameters: {'gradient_clip_val': 0.12245345806288428, 'hidden_size': 7, 'dropout': 0.3320852779852509, 'hidden_continuous_size': 5, 'attention_head_size': 2, 'learning_rate': 0.0035240890561437665}. Best is trial 25 with value: 4.303679466247559.
LOCAL_RANK: 0 - CUDA_VISIBLE_DEVICES: [0]
[I 2023-12-16 13:41:43,474] Trial 30 finished with value: 4.114529132843018 and parameters: {'gradient_clip_val': 0.21495541840306542, 'hidden_size': 16, 'dropout': 0.15958319338381616, 'hidden_continuous_size': 10, 'attention_head_size': 1, 'learning_rate': 0.002321620067058188}. Best is trial 30 with value: 4.114529132843018.
LOCAL_RANK: 0 - CUDA_VISIBLE_DEVICES: [0]
[I 2023-12-16 13:42:29,701] Trial 31 finished with value: 7.056589126586914 and parameters: {'gradient_clip_val': 0.211286509806145, 'hidden_size': 17, 'dropout': 0.13671576464911753, 'hidden_continuous_size': 10, 'attention_head_size': 1, 'learning_rate': 0.002429265388427663}. Best is trial 30 with value: 4.114529132843018.
LOCAL_RANK: 0 - CUDA_VISIBLE_DEVICES: [0]
[I 2023-12-16 13:43:13,164] Trial 32 finished with value: 7.357439041137695 and parameters: {'gradient_clip_val': 0.15521098478291315, 'hidden_size': 12, 'dropout': 0.1148785493442475, 'hidden_continuous_size': 8, 'attention_head_size': 1, 'learning_rate': 0.00395440164017234}. Best is trial 30 with value: 4.114529132843018.
LOCAL_RANK: 0 - CUDA_VISIBLE_DEVICES: [0]
[I 2023-12-16 13:44:00,334] Trial 33 finished with value: 7.527578830718994 and parameters: {'gradient_clip_val': 0.12214488466009894, 'hidden_size': 20, 'dropout': 0.1773244814441229, 'hidden_continuous_size': 11, 'attention_head_size': 1, 'learning_rate': 0.0013827402291866561}. Best is trial 30 with value: 4.114529132843018.
LOCAL_RANK: 0 - CUDA_VISIBLE_DEVICES: [0]
[I 2023-12-16 13:44:45,648] Trial 34 finished with value: 5.6986236572265625 and parameters: {'gradient_clip_val': 0.2290328115276712, 'hidden_size': 13, 'dropout': 0.19075733167064024, 'hidden_continuous_size': 9, 'attention_head_size': 2, 'learning_rate': 0.0023339032841082664}. Best is trial 30 with value: 4.114529132843018.
LOCAL_RANK: 0 - CUDA_VISIBLE_DEVICES: [0]
[I 2023-12-16 13:45:31,695] Trial 35 finished with value: 9.135321617126465 and parameters: {'gradient_clip_val': 0.18326276742406625, 'hidden_size': 17, 'dropout': 0.274199823670789, 'hidden_continuous_size': 10, 'attention_head_size': 1, 'learning_rate': 0.006587654306703153}. Best is trial 30 with value: 4.114529132843018.
LOCAL_RANK: 0 - CUDA_VISIBLE_DEVICES: [0]
[I 2023-12-16 13:46:16,746] Trial 36 finished with value: 11.479361534118652 and parameters: {'gradient_clip_val': 0.1552612940160021, 'hidden_size': 9, 'dropout': 0.21401574688022426, 'hidden_continuous_size': 7, 'attention_head_size': 2, 'learning_rate': 0.0009098428429255027}. Best is trial 30 with value: 4.114529132843018.
LOCAL_RANK: 0 - CUDA_VISIBLE_DEVICES: [0]
[I 2023-12-16 13:47:01,633] Trial 37 finished with value: 5.6025848388671875 and parameters: {'gradient_clip_val': 0.35528271738022543, 'hidden_size': 13, 'dropout': 0.25958926775622365, 'hidden_continuous_size': 9, 'attention_head_size': 1, 'learning_rate': 0.0038047633644854185}. Best is trial 30 with value: 4.114529132843018.
LOCAL_RANK: 0 - CUDA_VISIBLE_DEVICES: [0]
[I 2023-12-16 13:47:47,974] Trial 38 finished with value: 7.295135021209717 and parameters: {'gradient_clip_val': 0.12032377067416244, 'hidden_size': 17, 'dropout': 0.2892887452521531, 'hidden_continuous_size': 11, 'attention_head_size': 1, 'learning_rate': 0.0021232195337935475}. Best is trial 30 with value: 4.114529132843018.
LOCAL_RANK: 0 - CUDA_VISIBLE_DEVICES: [0]
[I 2023-12-16 13:48:37,507] Trial 39 finished with value: 3.5511505603790283 and parameters: {'gradient_clip_val': 0.14350976128651277, 'hidden_size': 26, 'dropout': 0.35500851433367203, 'hidden_continuous_size': 15, 'attention_head_size': 4, 'learning_rate': 0.007942383856726624}. Best is trial 39 with value: 3.5511505603790283.
LOCAL_RANK: 0 - CUDA_VISIBLE_DEVICES: [0]
[I 2023-12-16 13:49:26,596] Trial 40 finished with value: 6.574796199798584 and parameters: {'gradient_clip_val': 0.23309337673005914, 'hidden_size': 26, 'dropout': 0.3566014176260349, 'hidden_continuous_size': 15, 'attention_head_size': 4, 'learning_rate': 0.00885038683089998}. Best is trial 39 with value: 3.5511505603790283.
LOCAL_RANK: 0 - CUDA_VISIBLE_DEVICES: [0]
[I 2023-12-16 13:50:16,897] Trial 41 finished with value: 4.386007308959961 and parameters: {'gradient_clip_val': 0.13651957438873347, 'hidden_size': 34, 'dropout': 0.3400267079606319, 'hidden_continuous_size': 14, 'attention_head_size': 4, 'learning_rate': 0.006528466442281924}. Best is trial 39 with value: 3.5511505603790283.
LOCAL_RANK: 0 - CUDA_VISIBLE_DEVICES: [0]
[I 2023-12-16 13:51:07,229] Trial 42 finished with value: 5.643253326416016 and parameters: {'gradient_clip_val': 0.14444313516445334, 'hidden_size': 36, 'dropout': 0.33858706192529886, 'hidden_continuous_size': 14, 'attention_head_size': 4, 'learning_rate': 0.006920023287626195}. Best is trial 39 with value: 3.5511505603790283.
LOCAL_RANK: 0 - CUDA_VISIBLE_DEVICES: [0]
[I 2023-12-16 13:52:00,148] Trial 43 finished with value: 5.223527908325195 and parameters: {'gradient_clip_val': 0.1704376175269275, 'hidden_size': 53, 'dropout': 0.3240456730965432, 'hidden_continuous_size': 16, 'attention_head_size': 4, 'learning_rate': 0.011018716214484636}. Best is trial 39 with value: 3.5511505603790283.
LOCAL_RANK: 0 - CUDA_VISIBLE_DEVICES: [0]
[I 2023-12-16 13:52:49,458] Trial 44 finished with value: 7.5191650390625 and parameters: {'gradient_clip_val': 0.13796234846251623, 'hidden_size': 23, 'dropout': 0.360364888251252, 'hidden_continuous_size': 13, 'attention_head_size': 4, 'learning_rate': 0.004860420058290612}. Best is trial 39 with value: 3.5511505603790283.
LOCAL_RANK: 0 - CUDA_VISIBLE_DEVICES: [0]
[I 2023-12-16 13:53:38,843] Trial 45 finished with value: 8.455033302307129 and parameters: {'gradient_clip_val': 0.17881575500545696, 'hidden_size': 30, 'dropout': 0.340616457590844, 'hidden_continuous_size': 12, 'attention_head_size': 4, 'learning_rate': 0.007247013698272466}. Best is trial 39 with value: 3.5511505603790283.
LOCAL_RANK: 0 - CUDA_VISIBLE_DEVICES: [0]
[I 2023-12-16 13:54:31,692] Trial 46 finished with value: 6.070140838623047 and parameters: {'gradient_clip_val': 0.11300441564969045, 'hidden_size': 46, 'dropout': 0.3813946983119877, 'hidden_continuous_size': 17, 'attention_head_size': 4, 'learning_rate': 0.013049252641481731}. Best is trial 39 with value: 3.5511505603790283.
LOCAL_RANK: 0 - CUDA_VISIBLE_DEVICES: [0]
[I 2023-12-16 13:55:21,606] Trial 47 finished with value: 8.43563461303711 and parameters: {'gradient_clip_val': 0.13691430054763332, 'hidden_size': 36, 'dropout': 0.31233773805231624, 'hidden_continuous_size': 14, 'attention_head_size': 3, 'learning_rate': 0.005667062937595039}. Best is trial 39 with value: 3.5511505603790283.
LOCAL_RANK: 0 - CUDA_VISIBLE_DEVICES: [0]
[I 2023-12-16 13:56:10,620] Trial 48 finished with value: 4.454514980316162 and parameters: {'gradient_clip_val': 0.11416060736252852, 'hidden_size': 19, 'dropout': 0.3514173099931934, 'hidden_continuous_size': 12, 'attention_head_size': 4, 'learning_rate': 0.008131631115453968}. Best is trial 39 with value: 3.5511505603790283.
LOCAL_RANK: 0 - CUDA_VISIBLE_DEVICES: [0]
[I 2023-12-16 13:56:59,275] Trial 49 finished with value: 7.148763179779053 and parameters: {'gradient_clip_val': 0.1516925555487946, 'hidden_size': 23, 'dropout': 0.24143919922651397, 'hidden_continuous_size': 11, 'attention_head_size': 3, 'learning_rate': 0.004340933495649775}. Best is trial 39 with value: 3.5511505603790283.
