[I 2023-12-16 02:52:24,202] Trial 13 finished with value: 286.4180908203125 and parameters: {'gradient_clip_val': 0.22542829578951226, 'hidden_size': 40, 'dropout': 0.16319800865097808, 'hidden_continuous_size': 5, 'attention_head_size': 3, 'learning_rate': 0.0009896212347525457}. Best is trial 12 with value: 74.38008880615234.
LOCAL_RANK: 0 - CUDA_VISIBLE_DEVICES: [0]
[I 2023-12-16 02:53:09,430] Trial 14 finished with value: 227.5715789794922 and parameters: {'gradient_clip_val': 0.4651289509581183, 'hidden_size': 9, 'dropout': 0.14787013352639514, 'hidden_continuous_size': 5, 'attention_head_size': 2, 'learning_rate': 0.0005000272715960413}. Best is trial 12 with value: 74.38008880615234.
LOCAL_RANK: 0 - CUDA_VISIBLE_DEVICES: [0]
[I 2023-12-16 02:53:55,113] Trial 15 finished with value: 381.6092834472656 and parameters: {'gradient_clip_val': 0.10044247104919868, 'hidden_size': 9, 'dropout': 0.10602295232168228, 'hidden_continuous_size': 5, 'attention_head_size': 3, 'learning_rate': 0.015254166601803312}. Best is trial 12 with value: 74.38008880615234.
LOCAL_RANK: 0 - CUDA_VISIBLE_DEVICES: [0]
[I 2023-12-16 02:54:43,702] Trial 16 finished with value: 161.291748046875 and parameters: {'gradient_clip_val': 0.24266250075791812, 'hidden_size': 31, 'dropout': 0.15499429108993418, 'hidden_continuous_size': 7, 'attention_head_size': 1, 'learning_rate': 0.034664045511956385}. Best is trial 12 with value: 74.38008880615234.
LOCAL_RANK: 0 - CUDA_VISIBLE_DEVICES: [0]
[I 2023-12-16 02:55:36,623] Trial 17 finished with value: 296.4324951171875 and parameters: {'gradient_clip_val': 0.44172203376527985, 'hidden_size': 57, 'dropout': 0.21937732223675407, 'hidden_continuous_size': 8, 'attention_head_size': 2, 'learning_rate': 0.008350447126313495}. Best is trial 12 with value: 74.38008880615234.
LOCAL_RANK: 0 - CUDA_VISIBLE_DEVICES: [0]
[I 2023-12-16 02:56:25,280] Trial 18 finished with value: 454.0663146972656 and parameters: {'gradient_clip_val': 0.26547426412381053, 'hidden_size': 22, 'dropout': 0.17476684419977512, 'hidden_continuous_size': 6, 'attention_head_size': 3, 'learning_rate': 0.0005014959161713772}. Best is trial 12 with value: 74.38008880615234.
LOCAL_RANK: 0 - CUDA_VISIBLE_DEVICES: [0]
[I 2023-12-16 02:57:14,304] Trial 19 finished with value: 75.36992645263672 and parameters: {'gradient_clip_val': 0.19828294753592582, 'hidden_size': 30, 'dropout': 0.12665978987988924, 'hidden_continuous_size': 8, 'attention_head_size': 2, 'learning_rate': 0.0021796843541664348}. Best is trial 12 with value: 74.38008880615234.
LOCAL_RANK: 0 - CUDA_VISIBLE_DEVICES: [0]
[I 2023-12-16 02:58:03,278] Trial 20 finished with value: 150.8626708984375 and parameters: {'gradient_clip_val': 0.17742565207424768, 'hidden_size': 33, 'dropout': 0.13217147347070615, 'hidden_continuous_size': 8, 'attention_head_size': 1, 'learning_rate': 0.0022434761230353075}. Best is trial 12 with value: 74.38008880615234.
LOCAL_RANK: 0 - CUDA_VISIBLE_DEVICES: [0]
[I 2023-12-16 02:58:56,301] Trial 21 finished with value: 377.5691223144531 and parameters: {'gradient_clip_val': 0.27641480929833484, 'hidden_size': 62, 'dropout': 0.17405773734718255, 'hidden_continuous_size': 8, 'attention_head_size': 2, 'learning_rate': 0.0011835794214843994}. Best is trial 12 with value: 74.38008880615234.
LOCAL_RANK: 0 - CUDA_VISIBLE_DEVICES: [0]
[I 2023-12-16 02:59:44,072] Trial 22 finished with value: 317.5367431640625 and parameters: {'gradient_clip_val': 0.19371824276541239, 'hidden_size': 32, 'dropout': 0.12306613259151425, 'hidden_continuous_size': 7, 'attention_head_size': 2, 'learning_rate': 0.0030874890297784775}. Best is trial 12 with value: 74.38008880615234.
LOCAL_RANK: 0 - CUDA_VISIBLE_DEVICES: [0]
[I 2023-12-16 03:00:37,502] Trial 23 finished with value: 55.88319778442383 and parameters: {'gradient_clip_val': 0.26735704182154785, 'hidden_size': 50, 'dropout': 0.15420902736798586, 'hidden_continuous_size': 16, 'attention_head_size': 3, 'learning_rate': 0.0008214685332832997}. Best is trial 23 with value: 55.88319778442383.
LOCAL_RANK: 0 - CUDA_VISIBLE_DEVICES: [0]
[I 2023-12-16 03:01:30,515] Trial 24 finished with value: 380.95361328125 and parameters: {'gradient_clip_val': 0.22083724366775798, 'hidden_size': 53, 'dropout': 0.15275823425371296, 'hidden_continuous_size': 15, 'attention_head_size': 2, 'learning_rate': 0.0007329071417621166}. Best is trial 23 with value: 55.88319778442383.
LOCAL_RANK: 0 - CUDA_VISIBLE_DEVICES: [0]
[I 2023-12-16 03:02:22,707] Trial 25 finished with value: 235.23182678222656 and parameters: {'gradient_clip_val': 0.17693066949586697, 'hidden_size': 44, 'dropout': 0.12361400188270255, 'hidden_continuous_size': 16, 'attention_head_size': 3, 'learning_rate': 0.0014158357086893844}. Best is trial 23 with value: 55.88319778442383.
LOCAL_RANK: 0 - CUDA_VISIBLE_DEVICES: [0]
[I 2023-12-16 03:03:16,181] Trial 26 finished with value: 179.6549530029297 and parameters: {'gradient_clip_val': 0.29361808178927057, 'hidden_size': 67, 'dropout': 0.10268469209028755, 'hidden_continuous_size': 19, 'attention_head_size': 2, 'learning_rate': 0.0007045561156974936}. Best is trial 23 with value: 55.88319778442383.
LOCAL_RANK: 0 - CUDA_VISIBLE_DEVICES: [0]
[I 2023-12-16 03:04:11,186] Trial 27 finished with value: 214.12477111816406 and parameters: {'gradient_clip_val': 0.23665652234283524, 'hidden_size': 99, 'dropout': 0.14621707068622447, 'hidden_continuous_size': 28, 'attention_head_size': 1, 'learning_rate': 0.0012800394181650976}. Best is trial 23 with value: 55.88319778442383.
LOCAL_RANK: 0 - CUDA_VISIBLE_DEVICES: [0]
[I 2023-12-16 03:05:04,122] Trial 28 finished with value: 88.75882720947266 and parameters: {'gradient_clip_val': 0.15325089516236365, 'hidden_size': 47, 'dropout': 0.1632936264899198, 'hidden_continuous_size': 14, 'attention_head_size': 3, 'learning_rate': 0.0007703482318124282}. Best is trial 23 with value: 55.88319778442383.
LOCAL_RANK: 0 - CUDA_VISIBLE_DEVICES: [0]
[I 2023-12-16 03:05:57,912] Trial 29 finished with value: 367.9130554199219 and parameters: {'gradient_clip_val': 0.20239188242389006, 'hidden_size': 74, 'dropout': 0.12537290211555294, 'hidden_continuous_size': 9, 'attention_head_size': 4, 'learning_rate': 0.002273171105145923}. Best is trial 23 with value: 55.88319778442383.
LOCAL_RANK: 0 - CUDA_VISIBLE_DEVICES: [0]
[I 2023-12-16 03:06:51,161] Trial 30 finished with value: 120.58282470703125 and parameters: {'gradient_clip_val': 0.3096571627175004, 'hidden_size': 59, 'dropout': 0.2084845801014616, 'hidden_continuous_size': 13, 'attention_head_size': 2, 'learning_rate': 0.0016772880348637593}. Best is trial 23 with value: 55.88319778442383.
LOCAL_RANK: 0 - CUDA_VISIBLE_DEVICES: [0]
[I 2023-12-16 03:07:44,246] Trial 31 finished with value: 332.4944152832031 and parameters: {'gradient_clip_val': 0.14890981433762354, 'hidden_size': 49, 'dropout': 0.16690762434757636, 'hidden_continuous_size': 13, 'attention_head_size': 3, 'learning_rate': 0.0007632176803157371}. Best is trial 23 with value: 55.88319778442383.
LOCAL_RANK: 0 - CUDA_VISIBLE_DEVICES: [0]
[I 2023-12-16 03:08:36,798] Trial 32 finished with value: 85.69281005859375 and parameters: {'gradient_clip_val': 0.2501344548845572, 'hidden_size': 38, 'dropout': 0.1639075003605956, 'hidden_continuous_size': 15, 'attention_head_size': 3, 'learning_rate': 0.0009558064942444788}. Best is trial 23 with value: 55.88319778442383.
LOCAL_RANK: 0 - CUDA_VISIBLE_DEVICES: [0]
[I 2023-12-16 03:09:27,475] Trial 33 finished with value: 134.62704467773438 and parameters: {'gradient_clip_val': 0.26478762566236674, 'hidden_size': 37, 'dropout': 0.1899455529575776, 'hidden_continuous_size': 10, 'attention_head_size': 3, 'learning_rate': 0.0011596928402334836}. Best is trial 23 with value: 55.88319778442383.
LOCAL_RANK: 0 - CUDA_VISIBLE_DEVICES: [0]
[I 2023-12-16 03:10:16,500] Trial 34 finished with value: 254.51092529296875 and parameters: {'gradient_clip_val': 0.32875223150723315, 'hidden_size': 28, 'dropout': 0.1435707429755768, 'hidden_continuous_size': 12, 'attention_head_size': 4, 'learning_rate': 0.0005427398581184283}. Best is trial 23 with value: 55.88319778442383.
LOCAL_RANK: 0 - CUDA_VISIBLE_DEVICES: [0]
[I 2023-12-16 03:11:06,060] Trial 35 finished with value: 176.92799377441406 and parameters: {'gradient_clip_val': 0.23914146504461212, 'hidden_size': 26, 'dropout': 0.23654857251064754, 'hidden_continuous_size': 9, 'attention_head_size': 3, 'learning_rate': 0.0009666912954888409}. Best is trial 23 with value: 55.88319778442383.
LOCAL_RANK: 0 - CUDA_VISIBLE_DEVICES: [0]
[I 2023-12-16 03:11:57,682] Trial 36 finished with value: 364.4059753417969 and parameters: {'gradient_clip_val': 0.1896604179296604, 'hidden_size': 35, 'dropout': 0.19912017282678107, 'hidden_continuous_size': 17, 'attention_head_size': 2, 'learning_rate': 0.00171514788371616}. Best is trial 23 with value: 55.88319778442383.
LOCAL_RANK: 0 - CUDA_VISIBLE_DEVICES: [0]
[I 2023-12-16 03:12:49,862] Trial 37 finished with value: 238.5025634765625 and parameters: {'gradient_clip_val': 0.3578921351509721, 'hidden_size': 42, 'dropout': 0.17963135924942006, 'hidden_continuous_size': 12, 'attention_head_size': 2, 'learning_rate': 0.0006820540023151359}. Best is trial 23 with value: 55.88319778442383.
LOCAL_RANK: 0 - CUDA_VISIBLE_DEVICES: [0]
[I 2023-12-16 03:13:39,315] Trial 38 finished with value: 91.2294921875 and parameters: {'gradient_clip_val': 0.24853269554034702, 'hidden_size': 26, 'dropout': 0.26494148362035624, 'hidden_continuous_size': 11, 'attention_head_size': 3, 'learning_rate': 0.001031192217550872}. Best is trial 23 with value: 55.88319778442383.
LOCAL_RANK: 0 - CUDA_VISIBLE_DEVICES: [0]
[I 2023-12-16 03:14:32,504] Trial 39 finished with value: 220.93772888183594 and parameters: {'gradient_clip_val': 0.2103431617176127, 'hidden_size': 50, 'dropout': 0.11317038431916393, 'hidden_continuous_size': 22, 'attention_head_size': 3, 'learning_rate': 0.0013322198957514638}. Best is trial 23 with value: 55.88319778442383.
LOCAL_RANK: 0 - CUDA_VISIBLE_DEVICES: [0]
[I 2023-12-16 03:15:21,338] Trial 40 finished with value: 270.9201965332031 and parameters: {'gradient_clip_val': 0.2946901249353369, 'hidden_size': 19, 'dropout': 0.13525815313930215, 'hidden_continuous_size': 10, 'attention_head_size': 4, 'learning_rate': 0.0029355731961668535}. Best is trial 23 with value: 55.88319778442383.
LOCAL_RANK: 0 - CUDA_VISIBLE_DEVICES: [0]
[I 2023-12-16 03:16:14,486] Trial 41 finished with value: 55.9105224609375 and parameters: {'gradient_clip_val': 0.16234845084331537, 'hidden_size': 49, 'dropout': 0.16228247993149603, 'hidden_continuous_size': 14, 'attention_head_size': 3, 'learning_rate': 0.0006491456801253863}. Best is trial 23 with value: 55.88319778442383.
LOCAL_RANK: 0 - CUDA_VISIBLE_DEVICES: [0]
[I 2023-12-16 03:17:05,963] Trial 42 finished with value: 360.72412109375 and parameters: {'gradient_clip_val': 0.1686218504858371, 'hidden_size': 37, 'dropout': 0.16164077046616196, 'hidden_continuous_size': 14, 'attention_head_size': 3, 'learning_rate': 0.0005915342937017773}. Best is trial 23 with value: 55.88319778442383.
LOCAL_RANK: 0 - CUDA_VISIBLE_DEVICES: [0]
[I 2023-12-16 03:17:59,986] Trial 43 finished with value: 506.6302795410156 and parameters: {'gradient_clip_val': 0.19094894941853918, 'hidden_size': 69, 'dropout': 0.11710394933326418, 'hidden_continuous_size': 16, 'attention_head_size': 3, 'learning_rate': 0.0008884532195241096}. Best is trial 23 with value: 55.88319778442383.
LOCAL_RANK: 0 - CUDA_VISIBLE_DEVICES: [0]
[I 2023-12-16 03:18:53,032] Trial 44 finished with value: 183.94993591308594 and parameters: {'gradient_clip_val': 0.21345916152085528, 'hidden_size': 54, 'dropout': 0.13998693077282306, 'hidden_continuous_size': 11, 'attention_head_size': 2, 'learning_rate': 0.0006673630526783901}. Best is trial 23 with value: 55.88319778442383.
LOCAL_RANK: 0 - CUDA_VISIBLE_DEVICES: [0]
[I 2023-12-16 03:19:45,060] Trial 45 finished with value: 239.3653106689453 and parameters: {'gradient_clip_val': 0.13584883905726583, 'hidden_size': 39, 'dropout': 0.19251319570800038, 'hidden_continuous_size': 13, 'attention_head_size': 3, 'learning_rate': 0.0009166904291788643}. Best is trial 23 with value: 55.88319778442383.
LOCAL_RANK: 0 - CUDA_VISIBLE_DEVICES: [0]
[I 2023-12-16 03:20:38,463] Trial 46 finished with value: 274.1943054199219 and parameters: {'gradient_clip_val': 0.2547534437730743, 'hidden_size': 43, 'dropout': 0.17425943656038562, 'hidden_continuous_size': 17, 'attention_head_size': 3, 'learning_rate': 0.001760720977533058}. Best is trial 23 with value: 55.88319778442383.
LOCAL_RANK: 0 - CUDA_VISIBLE_DEVICES: [0]
[I 2023-12-16 03:21:31,998] Trial 47 finished with value: 244.7517852783203 and parameters: {'gradient_clip_val': 0.39554367957177866, 'hidden_size': 61, 'dropout': 0.15505475338626848, 'hidden_continuous_size': 23, 'attention_head_size': 2, 'learning_rate': 0.0006193012962057667}. Best is trial 23 with value: 55.88319778442383.
LOCAL_RANK: 0 - CUDA_VISIBLE_DEVICES: [0]
[I 2023-12-16 03:22:25,695] Trial 48 finished with value: 281.1304626464844 and parameters: {'gradient_clip_val': 0.2260865870849966, 'hidden_size': 83, 'dropout': 0.10097410821981428, 'hidden_continuous_size': 7, 'attention_head_size': 4, 'learning_rate': 0.0010992592018908755}. Best is trial 23 with value: 55.88319778442383.
LOCAL_RANK: 0 - CUDA_VISIBLE_DEVICES: [0]
[I 2023-12-16 03:23:17,638] Trial 49 finished with value: 133.55189514160156 and parameters: {'gradient_clip_val': 0.2861121210075201, 'hidden_size': 47, 'dropout': 0.13683208162604132, 'hidden_continuous_size': 6, 'attention_head_size': 3, 'learning_rate': 0.0008589843137139631}. Best is trial 23 with value: 55.88319778442383.
[I 2023-12-16 03:23:17,728] A new study created in memory with name: no-name-70dbee2b-808c-4ca0-8e18-989d5330779b
/home/le004/conda/anaconda3/envs/tsff_env/lib/python3.9/site-packages/lightning/fabric/plugins/environments/slurm.py:191: The `srun` command is available on your system but is not used. HINT: If your intention is to run Lightning on SLURM, prepend your python command with `srun` like so: srun python /home/le004/master_thesis/git/TSFusionForecast/code/ ...
LOCAL_RANK: 0 - CUDA_VISIBLE_DEVICES: [0]
[I 2023-12-16 03:24:03,854] Trial 0 finished with value: 2055.639892578125 and parameters: {'gradient_clip_val': 0.2234955036719627, 'hidden_size': 14, 'dropout': 0.20143945402843205, 'hidden_continuous_size': 5, 'attention_head_size': 4, 'learning_rate': 0.014583414877386834}. Best is trial 0 with value: 2055.639892578125.
LOCAL_RANK: 0 - CUDA_VISIBLE_DEVICES: [0]
[I 2023-12-16 03:24:56,041] Trial 1 finished with value: 359.1645812988281 and parameters: {'gradient_clip_val': 0.7475583426660095, 'hidden_size': 48, 'dropout': 0.12337344510714593, 'hidden_continuous_size': 10, 'attention_head_size': 2, 'learning_rate': 0.022926129223942545}. Best is trial 1 with value: 359.1645812988281.
LOCAL_RANK: 0 - CUDA_VISIBLE_DEVICES: [0]
[I 2023-12-16 03:25:48,493] Trial 2 finished with value: 566.3564453125 and parameters: {'gradient_clip_val': 0.317860328943926, 'hidden_size': 40, 'dropout': 0.18684699285423434, 'hidden_continuous_size': 34, 'attention_head_size': 3, 'learning_rate': 0.0011050741039146294}. Best is trial 1 with value: 359.1645812988281.
LOCAL_RANK: 0 - CUDA_VISIBLE_DEVICES: [0]
[I 2023-12-16 03:26:42,062] Trial 3 finished with value: 201.69850158691406 and parameters: {'gradient_clip_val': 0.10028742414920735, 'hidden_size': 68, 'dropout': 0.2985720192054832, 'hidden_continuous_size': 25, 'attention_head_size': 2, 'learning_rate': 0.001168589211317004}. Best is trial 3 with value: 201.69850158691406.
LOCAL_RANK: 0 - CUDA_VISIBLE_DEVICES: [0]
[I 2023-12-16 03:27:27,242] Trial 4 finished with value: 366.0472106933594 and parameters: {'gradient_clip_val': 0.7945824918897754, 'hidden_size': 15, 'dropout': 0.16922564868017348, 'hidden_continuous_size': 5, 'attention_head_size': 1, 'learning_rate': 0.018080700502689385}. Best is trial 3 with value: 201.69850158691406.
LOCAL_RANK: 0 - CUDA_VISIBLE_DEVICES: [0]
[I 2023-12-16 03:28:13,250] Trial 5 finished with value: 174.08494567871094 and parameters: {'gradient_clip_val': 0.29109778662981733, 'hidden_size': 13, 'dropout': 0.2550427178242798, 'hidden_continuous_size': 7, 'attention_head_size': 3, 'learning_rate': 0.0013877124440933488}. Best is trial 5 with value: 174.08494567871094.
LOCAL_RANK: 0 - CUDA_VISIBLE_DEVICES: [0]
[I 2023-12-16 03:29:02,301] Trial 6 finished with value: 321.041748046875 and parameters: {'gradient_clip_val': 0.9712034844991428, 'hidden_size': 23, 'dropout': 0.3778823963209603, 'hidden_continuous_size': 10, 'attention_head_size': 2, 'learning_rate': 0.0016069439747113407}. Best is trial 5 with value: 174.08494567871094.
LOCAL_RANK: 0 - CUDA_VISIBLE_DEVICES: [0]
[I 2023-12-16 03:29:47,894] Trial 7 finished with value: 283.5185546875 and parameters: {'gradient_clip_val': 0.4857727798945016, 'hidden_size': 10, 'dropout': 0.12247234341965296, 'hidden_continuous_size': 9, 'attention_head_size': 1, 'learning_rate': 0.00272301201817192}. Best is trial 5 with value: 174.08494567871094.
LOCAL_RANK: 0 - CUDA_VISIBLE_DEVICES: [0]
[I 2023-12-16 03:30:37,828] Trial 8 finished with value: 482.5495910644531 and parameters: {'gradient_clip_val': 0.3070578653029829, 'hidden_size': 28, 'dropout': 0.15068771155888538, 'hidden_continuous_size': 22, 'attention_head_size': 3, 'learning_rate': 0.015312691667965395}. Best is trial 5 with value: 174.08494567871094.
LOCAL_RANK: 0 - CUDA_VISIBLE_DEVICES: [0]
[I 2023-12-16 03:31:31,853] Trial 9 finished with value: 449.8748779296875 and parameters: {'gradient_clip_val': 0.8218639251512594, 'hidden_size': 88, 'dropout': 0.2440303850336046, 'hidden_continuous_size': 35, 'attention_head_size': 1, 'learning_rate': 0.06865644901334127}. Best is trial 5 with value: 174.08494567871094.
LOCAL_RANK: 0 - CUDA_VISIBLE_DEVICES: [0]
[I 2023-12-16 03:32:17,808] Trial 10 finished with value: 1214.2833251953125 and parameters: {'gradient_clip_val': 0.15991063079977294, 'hidden_size': 6, 'dropout': 0.2924508680531479, 'hidden_continuous_size': 5, 'attention_head_size': 4, 'learning_rate': 0.0005322841117686619}. Best is trial 5 with value: 174.08494567871094.
LOCAL_RANK: 0 - CUDA_VISIBLE_DEVICES: [0]
[I 2023-12-16 03:33:15,586] Trial 11 finished with value: 356.7320861816406 and parameters: {'gradient_clip_val': 0.12450110855009862, 'hidden_size': 100, 'dropout': 0.30041676586844807, 'hidden_continuous_size': 79, 'attention_head_size': 3, 'learning_rate': 0.002826040413892464}. Best is trial 5 with value: 174.08494567871094.
LOCAL_RANK: 0 - CUDA_VISIBLE_DEVICES: [0]
[I 2023-12-16 03:33:50,127] Trial 12 finished with value: 730.8134765625 and parameters: {'gradient_clip_val': 0.1223666751985942, 'hidden_size': 5, 'dropout': 0.2545357269486053, 'hidden_continuous_size': 5, 'attention_head_size': 2, 'learning_rate': 0.0005249153009964937}. Best is trial 5 with value: 174.08494567871094.
LOCAL_RANK: 0 - CUDA_VISIBLE_DEVICES: [0]
[I 2023-12-16 03:34:42,908] Trial 13 finished with value: 1047.8270263671875 and parameters: {'gradient_clip_val': 0.10179507465513604, 'hidden_size': 52, 'dropout': 0.3359212883881539, 'hidden_continuous_size': 15, 'attention_head_size': 3, 'learning_rate': 0.004398407790565806}. Best is trial 5 with value: 174.08494567871094.
LOCAL_RANK: 0 - CUDA_VISIBLE_DEVICES: [0]
[I 2023-12-16 03:35:31,893] Trial 14 finished with value: 495.5005798339844 and parameters: {'gradient_clip_val': 0.1844773432915783, 'hidden_size': 30, 'dropout': 0.24142646240760351, 'hidden_continuous_size': 7, 'attention_head_size': 2, 'learning_rate': 0.0012344477130575063}. Best is trial 5 with value: 174.08494567871094.
LOCAL_RANK: 0 - CUDA_VISIBLE_DEVICES: [0]
[I 2023-12-16 03:36:19,745] Trial 15 finished with value: 509.9012145996094 and parameters: {'gradient_clip_val': 0.2557192304065307, 'hidden_size': 18, 'dropout': 0.3837781450699424, 'hidden_continuous_size': 7, 'attention_head_size': 4, 'learning_rate': 0.005731766298202227}. Best is trial 5 with value: 174.08494567871094.
LOCAL_RANK: 0 - CUDA_VISIBLE_DEVICES: [0]
[I 2023-12-16 03:37:05,633] Trial 16 finished with value: 975.53662109375 and parameters: {'gradient_clip_val': 0.16204567170683046, 'hidden_size': 10, 'dropout': 0.3103519725740326, 'hidden_continuous_size': 6, 'attention_head_size': 3, 'learning_rate': 0.0018417395352123833}. Best is trial 5 with value: 174.08494567871094.
LOCAL_RANK: 0 - CUDA_VISIBLE_DEVICES: [0]
[I 2023-12-16 03:37:59,284] Trial 17 finished with value: 284.7592468261719 and parameters: {'gradient_clip_val': 0.3955614437280805, 'hidden_size': 66, 'dropout': 0.22052391785358275, 'hidden_continuous_size': 16, 'attention_head_size': 2, 'learning_rate': 0.0008178115289677613}. Best is trial 5 with value: 174.08494567871094.
LOCAL_RANK: 0 - CUDA_VISIBLE_DEVICES: [0]
[I 2023-12-16 03:38:49,952] Trial 18 finished with value: 951.966552734375 and parameters: {'gradient_clip_val': 0.20673528318003476, 'hidden_size': 35, 'dropout': 0.2630215200312473, 'hidden_continuous_size': 12, 'attention_head_size': 3, 'learning_rate': 0.002871184471177894}. Best is trial 5 with value: 174.08494567871094.
LOCAL_RANK: 0 - CUDA_VISIBLE_DEVICES: [0]
[I 2023-12-16 03:39:43,807] Trial 19 finished with value: 452.8665466308594 and parameters: {'gradient_clip_val': 0.14172059352078076, 'hidden_size': 69, 'dropout': 0.3379030947955307, 'hidden_continuous_size': 23, 'attention_head_size': 2, 'learning_rate': 0.0008165038063982169}. Best is trial 5 with value: 174.08494567871094.
LOCAL_RANK: 0 - CUDA_VISIBLE_DEVICES: [0]
[I 2023-12-16 03:40:32,321] Trial 20 finished with value: 389.85693359375 and parameters: {'gradient_clip_val': 0.10340933333646948, 'hidden_size': 23, 'dropout': 0.27652643404092725, 'hidden_continuous_size': 8, 'attention_head_size': 1, 'learning_rate': 0.0015851169814333702}. Best is trial 5 with value: 174.08494567871094.
LOCAL_RANK: 0 - CUDA_VISIBLE_DEVICES: [0]
