[I 2023-12-16 06:20:58,236] Trial 23 finished with value: 1.313878059387207 and parameters: {'gradient_clip_val': 0.6000116676242067, 'hidden_size': 25, 'dropout': 0.364781388321714, 'hidden_continuous_size': 11, 'attention_head_size': 1, 'learning_rate': 0.0031944765135247096}. Best is trial 4 with value: 0.5759257078170776.
LOCAL_RANK: 0 - CUDA_VISIBLE_DEVICES: [0]
[I 2023-12-16 06:21:45,288] Trial 24 finished with value: 2.1743757724761963 and parameters: {'gradient_clip_val': 0.736476272737274, 'hidden_size': 17, 'dropout': 0.3208475963687446, 'hidden_continuous_size': 8, 'attention_head_size': 3, 'learning_rate': 0.005376217861045694}. Best is trial 4 with value: 0.5759257078170776.
LOCAL_RANK: 0 - CUDA_VISIBLE_DEVICES: [0]
[I 2023-12-16 06:22:35,902] Trial 25 finished with value: 3.071394205093384 and parameters: {'gradient_clip_val': 0.8309325208998222, 'hidden_size': 37, 'dropout': 0.287654950135025, 'hidden_continuous_size': 13, 'attention_head_size': 1, 'learning_rate': 0.007938846223795192}. Best is trial 4 with value: 0.5759257078170776.
LOCAL_RANK: 0 - CUDA_VISIBLE_DEVICES: [0]
[I 2023-12-16 06:23:19,918] Trial 26 finished with value: 2.386735200881958 and parameters: {'gradient_clip_val': 0.4531999797551494, 'hidden_size': 12, 'dropout': 0.3591182772951307, 'hidden_continuous_size': 6, 'attention_head_size': 2, 'learning_rate': 0.0017262048670608858}. Best is trial 4 with value: 0.5759257078170776.
LOCAL_RANK: 0 - CUDA_VISIBLE_DEVICES: [0]
[I 2023-12-16 06:24:09,199] Trial 27 finished with value: 3.3943421840667725 and parameters: {'gradient_clip_val': 0.6194638824098211, 'hidden_size': 23, 'dropout': 0.3218919071151328, 'hidden_continuous_size': 10, 'attention_head_size': 3, 'learning_rate': 0.004254290483399089}. Best is trial 4 with value: 0.5759257078170776.
LOCAL_RANK: 0 - CUDA_VISIBLE_DEVICES: [0]
[I 2023-12-16 06:24:55,954] Trial 28 finished with value: 0.7130008339881897 and parameters: {'gradient_clip_val': 0.9957641400857055, 'hidden_size': 18, 'dropout': 0.24791563799612476, 'hidden_continuous_size': 7, 'attention_head_size': 2, 'learning_rate': 0.001115881507666473}. Best is trial 4 with value: 0.5759257078170776.
LOCAL_RANK: 0 - CUDA_VISIBLE_DEVICES: [0]
[I 2023-12-16 06:25:41,189] Trial 29 finished with value: 1.6928142309188843 and parameters: {'gradient_clip_val': 0.9651429583018266, 'hidden_size': 11, 'dropout': 0.24873190987234484, 'hidden_continuous_size': 6, 'attention_head_size': 2, 'learning_rate': 0.0010310273597551925}. Best is trial 4 with value: 0.5759257078170776.
LOCAL_RANK: 0 - CUDA_VISIBLE_DEVICES: [0]
[I 2023-12-16 06:26:26,121] Trial 30 finished with value: 3.042341947555542 and parameters: {'gradient_clip_val': 0.9958227854327869, 'hidden_size': 9, 'dropout': 0.1929684401997471, 'hidden_continuous_size': 5, 'attention_head_size': 2, 'learning_rate': 0.0008485711897177137}. Best is trial 4 with value: 0.5759257078170776.
LOCAL_RANK: 0 - CUDA_VISIBLE_DEVICES: [0]
[I 2023-12-16 06:27:12,541] Trial 31 finished with value: 2.159003496170044 and parameters: {'gradient_clip_val': 0.7917250317148898, 'hidden_size': 18, 'dropout': 0.279038392313702, 'hidden_continuous_size': 7, 'attention_head_size': 1, 'learning_rate': 0.002324270820837261}. Best is trial 4 with value: 0.5759257078170776.
LOCAL_RANK: 0 - CUDA_VISIBLE_DEVICES: [0]
[I 2023-12-16 06:27:58,730] Trial 32 finished with value: 0.959256112575531 and parameters: {'gradient_clip_val': 0.6701462856118684, 'hidden_size': 17, 'dropout': 0.3019338732141014, 'hidden_continuous_size': 7, 'attention_head_size': 2, 'learning_rate': 0.0030976327606553077}. Best is trial 4 with value: 0.5759257078170776.
LOCAL_RANK: 0 - CUDA_VISIBLE_DEVICES: [0]
[I 2023-12-16 06:28:44,085] Trial 33 finished with value: 1.077890157699585 and parameters: {'gradient_clip_val': 0.8529130750428223, 'hidden_size': 13, 'dropout': 0.23567899610852094, 'hidden_continuous_size': 7, 'attention_head_size': 2, 'learning_rate': 0.001413673055680982}. Best is trial 4 with value: 0.5759257078170776.
LOCAL_RANK: 0 - CUDA_VISIBLE_DEVICES: [0]
[I 2023-12-16 06:29:29,942] Trial 34 finished with value: 2.761463165283203 and parameters: {'gradient_clip_val': 0.5453692774747851, 'hidden_size': 15, 'dropout': 0.2622583205452042, 'hidden_continuous_size': 7, 'attention_head_size': 2, 'learning_rate': 0.002739487893075856}. Best is trial 4 with value: 0.5759257078170776.
LOCAL_RANK: 0 - CUDA_VISIBLE_DEVICES: [0]
[I 2023-12-16 06:30:14,634] Trial 35 finished with value: 1.8570255041122437 and parameters: {'gradient_clip_val': 0.6495662525108297, 'hidden_size': 16, 'dropout': 0.14849447172748875, 'hidden_continuous_size': 8, 'attention_head_size': 2, 'learning_rate': 0.003054867575446915}. Best is trial 4 with value: 0.5759257078170776.
LOCAL_RANK: 0 - CUDA_VISIBLE_DEVICES: [0]
[I 2023-12-16 06:31:02,811] Trial 36 finished with value: 2.83059024810791 and parameters: {'gradient_clip_val': 0.8925968528385677, 'hidden_size': 19, 'dropout': 0.20550987827209818, 'hidden_continuous_size': 9, 'attention_head_size': 3, 'learning_rate': 0.0019293766709091228}. Best is trial 4 with value: 0.5759257078170776.
LOCAL_RANK: 0 - CUDA_VISIBLE_DEVICES: [0]
[I 2023-12-16 06:31:48,529] Trial 37 finished with value: 2.1272311210632324 and parameters: {'gradient_clip_val': 0.38249699478840615, 'hidden_size': 13, 'dropout': 0.2939650792676897, 'hidden_continuous_size': 6, 'attention_head_size': 3, 'learning_rate': 0.0012433974447078788}. Best is trial 4 with value: 0.5759257078170776.
LOCAL_RANK: 0 - CUDA_VISIBLE_DEVICES: [0]
[I 2023-12-16 06:32:33,701] Trial 38 finished with value: 1.0222713947296143 and parameters: {'gradient_clip_val': 0.5898074163667884, 'hidden_size': 10, 'dropout': 0.3773122230071632, 'hidden_continuous_size': 6, 'attention_head_size': 2, 'learning_rate': 0.021527623219592534}. Best is trial 4 with value: 0.5759257078170776.
LOCAL_RANK: 0 - CUDA_VISIBLE_DEVICES: [0]
[I 2023-12-16 06:33:20,596] Trial 39 finished with value: 1.5138531923294067 and parameters: {'gradient_clip_val': 0.7552748617414631, 'hidden_size': 17, 'dropout': 0.3413320124821818, 'hidden_continuous_size': 7, 'attention_head_size': 3, 'learning_rate': 0.009632104754528631}. Best is trial 4 with value: 0.5759257078170776.
LOCAL_RANK: 0 - CUDA_VISIBLE_DEVICES: [0]
[I 2023-12-16 06:34:09,881] Trial 40 finished with value: 1.547140121459961 and parameters: {'gradient_clip_val': 0.5358833388652092, 'hidden_size': 27, 'dropout': 0.2585177926547774, 'hidden_continuous_size': 9, 'attention_head_size': 3, 'learning_rate': 0.0020483018717055825}. Best is trial 4 with value: 0.5759257078170776.
LOCAL_RANK: 0 - CUDA_VISIBLE_DEVICES: [0]
[I 2023-12-16 06:34:54,805] Trial 41 finished with value: 2.0923638343811035 and parameters: {'gradient_clip_val': 0.6011352705619233, 'hidden_size': 10, 'dropout': 0.3702092277598802, 'hidden_continuous_size': 6, 'attention_head_size': 2, 'learning_rate': 0.023461215208791204}. Best is trial 4 with value: 0.5759257078170776.
LOCAL_RANK: 0 - CUDA_VISIBLE_DEVICES: [0]
[I 2023-12-16 06:35:40,537] Trial 42 finished with value: 0.13764935731887817 and parameters: {'gradient_clip_val': 0.9112690089298785, 'hidden_size': 14, 'dropout': 0.38298119986918905, 'hidden_continuous_size': 7, 'attention_head_size': 2, 'learning_rate': 0.03380026932313855}. Best is trial 42 with value: 0.13764935731887817.
LOCAL_RANK: 0 - CUDA_VISIBLE_DEVICES: [0]
[I 2023-12-16 06:36:25,955] Trial 43 finished with value: 2.2492706775665283 and parameters: {'gradient_clip_val': 0.8937269666878722, 'hidden_size': 14, 'dropout': 0.37495430144244546, 'hidden_continuous_size': 7, 'attention_head_size': 2, 'learning_rate': 0.03619675095170943}. Best is trial 42 with value: 0.13764935731887817.
LOCAL_RANK: 0 - CUDA_VISIBLE_DEVICES: [0]
[I 2023-12-16 06:37:13,346] Trial 44 finished with value: 1.8589372634887695 and parameters: {'gradient_clip_val': 0.977389291897319, 'hidden_size': 19, 'dropout': 0.3967933927581199, 'hidden_continuous_size': 8, 'attention_head_size': 2, 'learning_rate': 0.05756052937254798}. Best is trial 42 with value: 0.13764935731887817.
LOCAL_RANK: 0 - CUDA_VISIBLE_DEVICES: [0]
[I 2023-12-16 06:38:02,249] Trial 45 finished with value: 3.086560010910034 and parameters: {'gradient_clip_val': 0.7895485094135976, 'hidden_size': 23, 'dropout': 0.38853029829748875, 'hidden_continuous_size': 9, 'attention_head_size': 2, 'learning_rate': 0.01917179187783838}. Best is trial 42 with value: 0.13764935731887817.
LOCAL_RANK: 0 - CUDA_VISIBLE_DEVICES: [0]
[I 2023-12-16 06:38:47,625] Trial 46 finished with value: 1.1880947351455688 and parameters: {'gradient_clip_val': 0.6630392969424673, 'hidden_size': 14, 'dropout': 0.34836510006333116, 'hidden_continuous_size': 7, 'attention_head_size': 2, 'learning_rate': 0.033435681150902105}. Best is trial 42 with value: 0.13764935731887817.
LOCAL_RANK: 0 - CUDA_VISIBLE_DEVICES: [0]
[I 2023-12-16 06:39:32,609] Trial 47 finished with value: 2.139939308166504 and parameters: {'gradient_clip_val': 0.8619443757852622, 'hidden_size': 16, 'dropout': 0.3485041628255074, 'hidden_continuous_size': 8, 'attention_head_size': 2, 'learning_rate': 0.014715606718416874}. Best is trial 42 with value: 0.13764935731887817.
LOCAL_RANK: 0 - CUDA_VISIBLE_DEVICES: [0]
[I 2023-12-16 06:40:20,630] Trial 48 finished with value: 0.6551700234413147 and parameters: {'gradient_clip_val': 0.7274833676198871, 'hidden_size': 32, 'dropout': 0.38380191885408926, 'hidden_continuous_size': 5, 'attention_head_size': 3, 'learning_rate': 0.0678974600042542}. Best is trial 42 with value: 0.13764935731887817.
LOCAL_RANK: 0 - CUDA_VISIBLE_DEVICES: [0]
[I 2023-12-16 06:41:09,346] Trial 49 finished with value: 0.8970389366149902 and parameters: {'gradient_clip_val': 0.7520629152638785, 'hidden_size': 31, 'dropout': 0.3754343908305834, 'hidden_continuous_size': 5, 'attention_head_size': 3, 'learning_rate': 0.09465238735225434}. Best is trial 42 with value: 0.13764935731887817.
[I 2023-12-16 06:41:09,441] A new study created in memory with name: no-name-ba372803-2144-46b5-ad59-acd6f235e7e7
/home/le004/conda/anaconda3/envs/tsff_env/lib/python3.9/site-packages/lightning/fabric/plugins/environments/slurm.py:191: The `srun` command is available on your system but is not used. HINT: If your intention is to run Lightning on SLURM, prepend your python command with `srun` like so: srun python /home/le004/master_thesis/git/TSFusionForecast/code/ ...
LOCAL_RANK: 0 - CUDA_VISIBLE_DEVICES: [0]
[I 2023-12-16 06:41:42,973] Trial 0 finished with value: 2.795140027999878 and parameters: {'gradient_clip_val': 0.6597735441885839, 'hidden_size': 11, 'dropout': 0.3143924863549843, 'hidden_continuous_size': 11, 'attention_head_size': 1, 'learning_rate': 0.0006281036337723556}. Best is trial 0 with value: 2.795140027999878.
LOCAL_RANK: 0 - CUDA_VISIBLE_DEVICES: [0]
[I 2023-12-16 06:42:35,501] Trial 1 finished with value: 1.220267415046692 and parameters: {'gradient_clip_val': 0.10192391677911945, 'hidden_size': 37, 'dropout': 0.18942924844459186, 'hidden_continuous_size': 29, 'attention_head_size': 2, 'learning_rate': 0.09543153055824348}. Best is trial 1 with value: 1.220267415046692.
LOCAL_RANK: 0 - CUDA_VISIBLE_DEVICES: [0]
[I 2023-12-16 06:43:27,515] Trial 2 finished with value: 0.15260595083236694 and parameters: {'gradient_clip_val': 0.10552836376057788, 'hidden_size': 44, 'dropout': 0.24807261970836259, 'hidden_continuous_size': 15, 'attention_head_size': 3, 'learning_rate': 0.002852101836149497}. Best is trial 2 with value: 0.15260595083236694.
LOCAL_RANK: 0 - CUDA_VISIBLE_DEVICES: [0]
[I 2023-12-16 06:44:10,970] Trial 3 finished with value: 1.306877851486206 and parameters: {'gradient_clip_val': 0.15809590538798488, 'hidden_size': 8, 'dropout': 0.2059970421689918, 'hidden_continuous_size': 5, 'attention_head_size': 1, 'learning_rate': 0.004341203463702378}. Best is trial 2 with value: 0.15260595083236694.
LOCAL_RANK: 0 - CUDA_VISIBLE_DEVICES: [0]
[I 2023-12-16 06:44:56,211] Trial 4 finished with value: 2.3690547943115234 and parameters: {'gradient_clip_val': 0.17743864589114947, 'hidden_size': 11, 'dropout': 0.23972262155018154, 'hidden_continuous_size': 6, 'attention_head_size': 2, 'learning_rate': 0.004734976741116974}. Best is trial 2 with value: 0.15260595083236694.
LOCAL_RANK: 0 - CUDA_VISIBLE_DEVICES: [0]
[I 2023-12-16 06:45:41,505] Trial 5 finished with value: 0.8033003807067871 and parameters: {'gradient_clip_val': 0.2211996668186025, 'hidden_size': 10, 'dropout': 0.15842113294399457, 'hidden_continuous_size': 5, 'attention_head_size': 3, 'learning_rate': 0.013363654281560876}. Best is trial 2 with value: 0.15260595083236694.
LOCAL_RANK: 0 - CUDA_VISIBLE_DEVICES: [0]
[I 2023-12-16 06:46:33,322] Trial 6 finished with value: 2.745950698852539 and parameters: {'gradient_clip_val': 0.14250253420870765, 'hidden_size': 61, 'dropout': 0.2862704668245003, 'hidden_continuous_size': 6, 'attention_head_size': 3, 'learning_rate': 0.0012142087454979449}. Best is trial 2 with value: 0.15260595083236694.
LOCAL_RANK: 0 - CUDA_VISIBLE_DEVICES: [0]
[I 2023-12-16 06:47:22,962] Trial 7 finished with value: 2.9570510387420654 and parameters: {'gradient_clip_val': 0.10738209786214709, 'hidden_size': 25, 'dropout': 0.12918180068179227, 'hidden_continuous_size': 10, 'attention_head_size': 4, 'learning_rate': 0.0006232895775662574}. Best is trial 2 with value: 0.15260595083236694.
LOCAL_RANK: 0 - CUDA_VISIBLE_DEVICES: [0]
[I 2023-12-16 06:48:15,967] Trial 8 finished with value: 2.6957271099090576 and parameters: {'gradient_clip_val': 0.22541886614436238, 'hidden_size': 55, 'dropout': 0.35389780271889115, 'hidden_continuous_size': 8, 'attention_head_size': 3, 'learning_rate': 0.0031777975035634687}. Best is trial 2 with value: 0.15260595083236694.
LOCAL_RANK: 0 - CUDA_VISIBLE_DEVICES: [0]
[I 2023-12-16 06:49:09,377] Trial 9 finished with value: 2.46644926071167 and parameters: {'gradient_clip_val': 0.7832298840063653, 'hidden_size': 95, 'dropout': 0.15854075572053739, 'hidden_continuous_size': 9, 'attention_head_size': 2, 'learning_rate': 0.09839374171264713}. Best is trial 2 with value: 0.15260595083236694.
LOCAL_RANK: 0 - CUDA_VISIBLE_DEVICES: [0]
[I 2023-12-16 06:49:44,234] Trial 10 finished with value: 1.3017914295196533 and parameters: {'gradient_clip_val': 0.368224962772578, 'hidden_size': 5, 'dropout': 0.3870182032466638, 'hidden_continuous_size': 5, 'attention_head_size': 4, 'learning_rate': 0.01789013898314745}. Best is trial 2 with value: 0.15260595083236694.
LOCAL_RANK: 0 - CUDA_VISIBLE_DEVICES: [0]
[I 2023-12-16 06:50:33,295] Trial 11 finished with value: 3.0717878341674805 and parameters: {'gradient_clip_val': 0.28932580376129996, 'hidden_size': 19, 'dropout': 0.10782458556950991, 'hidden_continuous_size': 14, 'attention_head_size': 3, 'learning_rate': 0.015948061493117605}. Best is trial 2 with value: 0.15260595083236694.
LOCAL_RANK: 0 - CUDA_VISIBLE_DEVICES: [0]
[I 2023-12-16 06:51:22,383] Trial 12 finished with value: 1.4805530309677124 and parameters: {'gradient_clip_val': 0.2281633115812077, 'hidden_size': 21, 'dropout': 0.23821049715131137, 'hidden_continuous_size': 15, 'attention_head_size': 3, 'learning_rate': 0.011646529697731323}. Best is trial 2 with value: 0.15260595083236694.
LOCAL_RANK: 0 - CUDA_VISIBLE_DEVICES: [0]
[I 2023-12-16 06:52:14,540] Trial 13 finished with value: 0.44875016808509827 and parameters: {'gradient_clip_val': 0.41910435898968684, 'hidden_size': 33, 'dropout': 0.18431641687738765, 'hidden_continuous_size': 18, 'attention_head_size': 4, 'learning_rate': 0.0020970661264637976}. Best is trial 2 with value: 0.15260595083236694.
LOCAL_RANK: 0 - CUDA_VISIBLE_DEVICES: [0]
[I 2023-12-16 06:53:07,002] Trial 14 finished with value: 0.9856062531471252 and parameters: {'gradient_clip_val': 0.42171233129442354, 'hidden_size': 34, 'dropout': 0.27298089243691986, 'hidden_continuous_size': 19, 'attention_head_size': 4, 'learning_rate': 0.002012463322324296}. Best is trial 2 with value: 0.15260595083236694.
LOCAL_RANK: 0 - CUDA_VISIBLE_DEVICES: [0]
[I 2023-12-16 06:53:59,468] Trial 15 finished with value: 3.2244958877563477 and parameters: {'gradient_clip_val': 0.5006823219746025, 'hidden_size': 44, 'dropout': 0.20233045825379128, 'hidden_continuous_size': 24, 'attention_head_size': 4, 'learning_rate': 0.0015266624216360419}. Best is trial 2 with value: 0.15260595083236694.
LOCAL_RANK: 0 - CUDA_VISIBLE_DEVICES: [0]
[I 2023-12-16 06:54:55,672] Trial 16 finished with value: 3.972607374191284 and parameters: {'gradient_clip_val': 0.9660068419633594, 'hidden_size': 74, 'dropout': 0.2352484465253026, 'hidden_continuous_size': 58, 'attention_head_size': 4, 'learning_rate': 0.0025864984521150733}. Best is trial 2 with value: 0.15260595083236694.
LOCAL_RANK: 0 - CUDA_VISIBLE_DEVICES: [0]
[I 2023-12-16 06:55:45,653] Trial 17 finished with value: 1.8364534378051758 and parameters: {'gradient_clip_val': 0.30948686134914993, 'hidden_size': 30, 'dropout': 0.27859605899692347, 'hidden_continuous_size': 14, 'attention_head_size': 4, 'learning_rate': 0.006413559610903407}. Best is trial 2 with value: 0.15260595083236694.
LOCAL_RANK: 0 - CUDA_VISIBLE_DEVICES: [0]
[I 2023-12-16 06:56:38,066] Trial 18 finished with value: 2.9908273220062256 and parameters: {'gradient_clip_val': 0.4631780903992079, 'hidden_size': 44, 'dropout': 0.16915579843357573, 'hidden_continuous_size': 20, 'attention_head_size': 3, 'learning_rate': 0.00108506742303281}. Best is trial 2 with value: 0.15260595083236694.
LOCAL_RANK: 0 - CUDA_VISIBLE_DEVICES: [0]
[I 2023-12-16 06:57:32,975] Trial 19 finished with value: 0.2894781529903412 and parameters: {'gradient_clip_val': 0.5740390531967547, 'hidden_size': 96, 'dropout': 0.21978934596563313, 'hidden_continuous_size': 33, 'attention_head_size': 2, 'learning_rate': 0.0026897797640441537}. Best is trial 2 with value: 0.15260595083236694.
LOCAL_RANK: 0 - CUDA_VISIBLE_DEVICES: [0]
[I 2023-12-16 06:58:28,860] Trial 20 finished with value: 3.017605781555176 and parameters: {'gradient_clip_val': 0.5553074639463871, 'hidden_size': 98, 'dropout': 0.21187691165297873, 'hidden_continuous_size': 35, 'attention_head_size': 2, 'learning_rate': 0.0034784695453892265}. Best is trial 2 with value: 0.15260595083236694.
LOCAL_RANK: 0 - CUDA_VISIBLE_DEVICES: [0]
[I 2023-12-16 06:59:23,564] Trial 21 finished with value: 2.4897749423980713 and parameters: {'gradient_clip_val': 0.37848186545308415, 'hidden_size': 67, 'dropout': 0.22773275982334334, 'hidden_continuous_size': 36, 'attention_head_size': 2, 'learning_rate': 0.002212666741390828}. Best is trial 2 with value: 0.15260595083236694.
LOCAL_RANK: 0 - CUDA_VISIBLE_DEVICES: [0]
[I 2023-12-16 07:00:15,246] Trial 22 finished with value: 1.5754092931747437 and parameters: {'gradient_clip_val': 0.5947584618509337, 'hidden_size': 48, 'dropout': 0.25819884116127184, 'hidden_continuous_size': 18, 'attention_head_size': 1, 'learning_rate': 0.0015896544297240005}. Best is trial 2 with value: 0.15260595083236694.
LOCAL_RANK: 0 - CUDA_VISIBLE_DEVICES: [0]
[I 2023-12-16 07:01:09,218] Trial 23 finished with value: 0.31224673986434937 and parameters: {'gradient_clip_val': 0.4264958399344216, 'hidden_size': 77, 'dropout': 0.183200830619458, 'hidden_continuous_size': 26, 'attention_head_size': 2, 'learning_rate': 0.0009460208977047622}. Best is trial 2 with value: 0.15260595083236694.
LOCAL_RANK: 0 - CUDA_VISIBLE_DEVICES: [0]
[I 2023-12-16 07:02:04,719] Trial 24 finished with value: 1.5444139242172241 and parameters: {'gradient_clip_val': 0.5132252802239767, 'hidden_size': 83, 'dropout': 0.20577793115972376, 'hidden_continuous_size': 45, 'attention_head_size': 2, 'learning_rate': 0.0009064882081403558}. Best is trial 2 with value: 0.15260595083236694.
LOCAL_RANK: 0 - CUDA_VISIBLE_DEVICES: [0]
[I 2023-12-16 07:02:58,826] Trial 25 finished with value: 1.9027372598648071 and parameters: {'gradient_clip_val': 0.31930605410867996, 'hidden_size': 74, 'dropout': 0.22635432067138944, 'hidden_continuous_size': 25, 'attention_head_size': 2, 'learning_rate': 0.0008009896822053294}. Best is trial 2 with value: 0.15260595083236694.
LOCAL_RANK: 0 - CUDA_VISIBLE_DEVICES: [0]
[I 2023-12-16 07:03:51,841] Trial 26 finished with value: 2.2713420391082764 and parameters: {'gradient_clip_val': 0.6357288922856988, 'hidden_size': 57, 'dropout': 0.2568999783916688, 'hidden_continuous_size': 22, 'attention_head_size': 1, 'learning_rate': 0.0013265798672024303}. Best is trial 2 with value: 0.15260595083236694.
LOCAL_RANK: 0 - CUDA_VISIBLE_DEVICES: [0]
[I 2023-12-16 07:04:49,735] Trial 27 finished with value: 2.378854990005493 and parameters: {'gradient_clip_val': 0.12394259044015404, 'hidden_size': 97, 'dropout': 0.17864466934200568, 'hidden_continuous_size': 77, 'attention_head_size': 2, 'learning_rate': 0.0006535194335952982}. Best is trial 2 with value: 0.15260595083236694.
LOCAL_RANK: 0 - CUDA_VISIBLE_DEVICES: [0]
[I 2023-12-16 07:05:44,053] Trial 28 finished with value: 2.38632869720459 and parameters: {'gradient_clip_val': 0.7470073498145998, 'hidden_size': 74, 'dropout': 0.3086379127862393, 'hidden_continuous_size': 28, 'attention_head_size': 3, 'learning_rate': 0.000919919302194804}. Best is trial 2 with value: 0.15260595083236694.
LOCAL_RANK: 0 - CUDA_VISIBLE_DEVICES: [0]
[I 2023-12-16 07:06:35,739] Trial 29 finished with value: 0.8803145289421082 and parameters: {'gradient_clip_val': 0.5288416525439297, 'hidden_size': 56, 'dropout': 0.25242395404711415, 'hidden_continuous_size': 12, 'attention_head_size': 1, 'learning_rate': 0.0005994573833714111}. Best is trial 2 with value: 0.15260595083236694.
LOCAL_RANK: 0 - CUDA_VISIBLE_DEVICES: [0]
