[I 2023-12-15 23:00:50,115] Trial 20 finished with value: 29.704973220825195 and parameters: {'gradient_clip_val': 0.10517396455031224, 'hidden_size': 11, 'dropout': 0.3386553254089828, 'hidden_continuous_size': 6, 'attention_head_size': 4, 'learning_rate': 0.03555850182784712}. Best is trial 19 with value: 11.628055572509766.
LOCAL_RANK: 0 - CUDA_VISIBLE_DEVICES: [0]
[I 2023-12-15 23:01:35,654] Trial 21 finished with value: 29.640151977539062 and parameters: {'gradient_clip_val': 0.14309719271078575, 'hidden_size': 8, 'dropout': 0.28345419163974994, 'hidden_continuous_size': 5, 'attention_head_size': 4, 'learning_rate': 0.08481629328079596}. Best is trial 19 with value: 11.628055572509766.
LOCAL_RANK: 0 - CUDA_VISIBLE_DEVICES: [0]
[I 2023-12-15 23:02:24,010] Trial 22 finished with value: 30.944093704223633 and parameters: {'gradient_clip_val': 0.12922690372281811, 'hidden_size': 17, 'dropout': 0.2816088535457872, 'hidden_continuous_size': 7, 'attention_head_size': 3, 'learning_rate': 0.05903908024624296}. Best is trial 19 with value: 11.628055572509766.
LOCAL_RANK: 0 - CUDA_VISIBLE_DEVICES: [0]
[I 2023-12-15 23:03:11,561] Trial 23 finished with value: 10.097416877746582 and parameters: {'gradient_clip_val': 0.1001736404309924, 'hidden_size': 13, 'dropout': 0.3003788631761274, 'hidden_continuous_size': 6, 'attention_head_size': 4, 'learning_rate': 0.0419883235090827}. Best is trial 23 with value: 10.097416877746582.
LOCAL_RANK: 0 - CUDA_VISIBLE_DEVICES: [0]
[I 2023-12-15 23:03:58,177] Trial 24 finished with value: 91.14501953125 and parameters: {'gradient_clip_val': 0.11063696885017474, 'hidden_size': 13, 'dropout': 0.32440801985264783, 'hidden_continuous_size': 6, 'attention_head_size': 4, 'learning_rate': 0.03620200445724342}. Best is trial 23 with value: 10.097416877746582.
LOCAL_RANK: 0 - CUDA_VISIBLE_DEVICES: [0]
[I 2023-12-15 23:04:44,635] Trial 25 finished with value: 41.88578796386719 and parameters: {'gradient_clip_val': 0.10204566384256028, 'hidden_size': 9, 'dropout': 0.30085334986057044, 'hidden_continuous_size': 6, 'attention_head_size': 4, 'learning_rate': 0.08631721790435198}. Best is trial 23 with value: 10.097416877746582.
LOCAL_RANK: 0 - CUDA_VISIBLE_DEVICES: [0]
[I 2023-12-15 23:05:30,926] Trial 26 finished with value: 11.428080558776855 and parameters: {'gradient_clip_val': 0.17871935475220302, 'hidden_size': 7, 'dropout': 0.3533841570748908, 'hidden_continuous_size': 5, 'attention_head_size': 4, 'learning_rate': 0.03168710553629031}. Best is trial 23 with value: 10.097416877746582.
LOCAL_RANK: 0 - CUDA_VISIBLE_DEVICES: [0]
[I 2023-12-15 23:06:17,591] Trial 27 finished with value: 14.914176940917969 and parameters: {'gradient_clip_val': 0.12599065504961227, 'hidden_size': 14, 'dropout': 0.35945267229234545, 'hidden_continuous_size': 5, 'attention_head_size': 4, 'learning_rate': 0.030784721150484362}. Best is trial 23 with value: 10.097416877746582.
LOCAL_RANK: 0 - CUDA_VISIBLE_DEVICES: [0]
[I 2023-12-15 23:07:04,390] Trial 28 finished with value: 12.590545654296875 and parameters: {'gradient_clip_val': 0.17693932797362677, 'hidden_size': 11, 'dropout': 0.33412360229758026, 'hidden_continuous_size': 6, 'attention_head_size': 4, 'learning_rate': 0.05935104802078299}. Best is trial 23 with value: 10.097416877746582.
LOCAL_RANK: 0 - CUDA_VISIBLE_DEVICES: [0]
[I 2023-12-15 23:07:52,852] Trial 29 finished with value: 32.45132827758789 and parameters: {'gradient_clip_val': 0.12936129098317872, 'hidden_size': 24, 'dropout': 0.3793192109430261, 'hidden_continuous_size': 9, 'attention_head_size': 4, 'learning_rate': 0.02797714020398181}. Best is trial 23 with value: 10.097416877746582.
LOCAL_RANK: 0 - CUDA_VISIBLE_DEVICES: [0]
[I 2023-12-15 23:08:39,176] Trial 30 finished with value: 78.34661865234375 and parameters: {'gradient_clip_val': 0.18311460795890733, 'hidden_size': 6, 'dropout': 0.36329161902410484, 'hidden_continuous_size': 5, 'attention_head_size': 4, 'learning_rate': 0.0471059820813636}. Best is trial 23 with value: 10.097416877746582.
LOCAL_RANK: 0 - CUDA_VISIBLE_DEVICES: [0]
[I 2023-12-15 23:09:25,519] Trial 31 finished with value: 21.229211807250977 and parameters: {'gradient_clip_val': 0.1549764675890977, 'hidden_size': 11, 'dropout': 0.3386613701944731, 'hidden_continuous_size': 6, 'attention_head_size': 4, 'learning_rate': 0.0646470747425246}. Best is trial 23 with value: 10.097416877746582.
LOCAL_RANK: 0 - CUDA_VISIBLE_DEVICES: [0]
[I 2023-12-15 23:10:12,013] Trial 32 finished with value: 22.969995498657227 and parameters: {'gradient_clip_val': 0.194658162023812, 'hidden_size': 10, 'dropout': 0.3974472101255173, 'hidden_continuous_size': 6, 'attention_head_size': 4, 'learning_rate': 0.09855265450419706}. Best is trial 23 with value: 10.097416877746582.
LOCAL_RANK: 0 - CUDA_VISIBLE_DEVICES: [0]
[I 2023-12-15 23:10:58,464] Trial 33 finished with value: 35.7336311340332 and parameters: {'gradient_clip_val': 0.15798721725404097, 'hidden_size': 13, 'dropout': 0.333980210764557, 'hidden_continuous_size': 5, 'attention_head_size': 4, 'learning_rate': 0.06249598537050519}. Best is trial 23 with value: 10.097416877746582.
LOCAL_RANK: 0 - CUDA_VISIBLE_DEVICES: [0]
[I 2023-12-15 23:11:44,881] Trial 34 finished with value: 62.4548454284668 and parameters: {'gradient_clip_val': 0.21633367295350286, 'hidden_size': 7, 'dropout': 0.3526883068442216, 'hidden_continuous_size': 6, 'attention_head_size': 4, 'learning_rate': 0.045709181316036594}. Best is trial 23 with value: 10.097416877746582.
LOCAL_RANK: 0 - CUDA_VISIBLE_DEVICES: [0]
[I 2023-12-15 23:12:30,908] Trial 35 finished with value: 64.54662322998047 and parameters: {'gradient_clip_val': 0.1251118201647211, 'hidden_size': 11, 'dropout': 0.3689417240206104, 'hidden_continuous_size': 6, 'attention_head_size': 3, 'learning_rate': 0.07366113320730913}. Best is trial 23 with value: 10.097416877746582.
LOCAL_RANK: 0 - CUDA_VISIBLE_DEVICES: [0]
[I 2023-12-15 23:13:16,895] Trial 36 finished with value: 75.18611907958984 and parameters: {'gradient_clip_val': 0.1456453423834112, 'hidden_size': 6, 'dropout': 0.32451985298129304, 'hidden_continuous_size': 5, 'attention_head_size': 4, 'learning_rate': 0.023966870081304225}. Best is trial 23 with value: 10.097416877746582.
LOCAL_RANK: 0 - CUDA_VISIBLE_DEVICES: [0]
[I 2023-12-15 23:14:03,078] Trial 37 finished with value: 50.81624221801758 and parameters: {'gradient_clip_val': 0.24525681720568251, 'hidden_size': 9, 'dropout': 0.314654780594529, 'hidden_continuous_size': 6, 'attention_head_size': 3, 'learning_rate': 0.054292539406537346}. Best is trial 23 with value: 10.097416877746582.
LOCAL_RANK: 0 - CUDA_VISIBLE_DEVICES: [0]
[I 2023-12-15 23:14:48,634] Trial 38 finished with value: 14.645072937011719 and parameters: {'gradient_clip_val': 0.10117331463333261, 'hidden_size': 12, 'dropout': 0.3763818022589446, 'hidden_continuous_size': 7, 'attention_head_size': 3, 'learning_rate': 0.07463123545965186}. Best is trial 23 with value: 10.097416877746582.
LOCAL_RANK: 0 - CUDA_VISIBLE_DEVICES: [0]
[I 2023-12-15 23:15:35,862] Trial 39 finished with value: 50.46853256225586 and parameters: {'gradient_clip_val': 0.11825803713933107, 'hidden_size': 15, 'dropout': 0.26798664069505757, 'hidden_continuous_size': 7, 'attention_head_size': 4, 'learning_rate': 0.043563603298268326}. Best is trial 23 with value: 10.097416877746582.
LOCAL_RANK: 0 - CUDA_VISIBLE_DEVICES: [0]
[I 2023-12-15 23:16:22,292] Trial 40 finished with value: 92.31109619140625 and parameters: {'gradient_clip_val': 0.18025789542236492, 'hidden_size': 7, 'dropout': 0.3225742956826152, 'hidden_continuous_size': 5, 'attention_head_size': 4, 'learning_rate': 0.06452195301961017}. Best is trial 23 with value: 10.097416877746582.
LOCAL_RANK: 0 - CUDA_VISIBLE_DEVICES: [0]
[I 2023-12-15 23:17:08,226] Trial 41 finished with value: 21.696969985961914 and parameters: {'gradient_clip_val': 0.10090375092015479, 'hidden_size': 12, 'dropout': 0.38193336077588963, 'hidden_continuous_size': 7, 'attention_head_size': 3, 'learning_rate': 0.09955692367843662}. Best is trial 23 with value: 10.097416877746582.
LOCAL_RANK: 0 - CUDA_VISIBLE_DEVICES: [0]
[I 2023-12-15 23:17:54,953] Trial 42 finished with value: 35.09099197387695 and parameters: {'gradient_clip_val': 0.11706763497309663, 'hidden_size': 13, 'dropout': 0.37235058977887275, 'hidden_continuous_size': 7, 'attention_head_size': 4, 'learning_rate': 0.07729078184819817}. Best is trial 23 with value: 10.097416877746582.
LOCAL_RANK: 0 - CUDA_VISIBLE_DEVICES: [0]
[I 2023-12-15 23:18:40,970] Trial 43 finished with value: 22.640615463256836 and parameters: {'gradient_clip_val': 0.14092615288260318, 'hidden_size': 16, 'dropout': 0.34888079241587244, 'hidden_continuous_size': 8, 'attention_head_size': 3, 'learning_rate': 0.07546049247052357}. Best is trial 23 with value: 10.097416877746582.
LOCAL_RANK: 0 - CUDA_VISIBLE_DEVICES: [0]
[I 2023-12-15 23:19:27,672] Trial 44 finished with value: 13.63143253326416 and parameters: {'gradient_clip_val': 0.10253730565875355, 'hidden_size': 9, 'dropout': 0.3869874220269952, 'hidden_continuous_size': 6, 'attention_head_size': 4, 'learning_rate': 0.05354527989298982}. Best is trial 23 with value: 10.097416877746582.
LOCAL_RANK: 0 - CUDA_VISIBLE_DEVICES: [0]
[I 2023-12-15 23:20:14,106] Trial 45 finished with value: 57.661712646484375 and parameters: {'gradient_clip_val': 0.16578819921424484, 'hidden_size': 7, 'dropout': 0.29604703508272234, 'hidden_continuous_size': 6, 'attention_head_size': 4, 'learning_rate': 0.04087173277379158}. Best is trial 23 with value: 10.097416877746582.
LOCAL_RANK: 0 - CUDA_VISIBLE_DEVICES: [0]
[I 2023-12-15 23:21:00,841] Trial 46 finished with value: 26.49773597717285 and parameters: {'gradient_clip_val': 0.1339408691882021, 'hidden_size': 9, 'dropout': 0.39908328597258097, 'hidden_continuous_size': 6, 'attention_head_size': 4, 'learning_rate': 0.05705688682901186}. Best is trial 23 with value: 10.097416877746582.
LOCAL_RANK: 0 - CUDA_VISIBLE_DEVICES: [0]
[I 2023-12-15 23:21:48,474] Trial 47 finished with value: 63.833560943603516 and parameters: {'gradient_clip_val': 0.11436019570242832, 'hidden_size': 10, 'dropout': 0.38841512238878484, 'hidden_continuous_size': 6, 'attention_head_size': 4, 'learning_rate': 0.049204433805101956}. Best is trial 23 with value: 10.097416877746582.
LOCAL_RANK: 0 - CUDA_VISIBLE_DEVICES: [0]
[I 2023-12-15 23:22:34,289] Trial 48 finished with value: 36.13543701171875 and parameters: {'gradient_clip_val': 0.15254833741227508, 'hidden_size': 8, 'dropout': 0.3566721607525281, 'hidden_continuous_size': 6, 'attention_head_size': 4, 'learning_rate': 0.0243502596777836}. Best is trial 23 with value: 10.097416877746582.
LOCAL_RANK: 0 - CUDA_VISIBLE_DEVICES: [0]
[I 2023-12-15 23:23:21,345] Trial 49 finished with value: 47.62164306640625 and parameters: {'gradient_clip_val': 0.11823657426349367, 'hidden_size': 14, 'dropout': 0.3124837007265503, 'hidden_continuous_size': 5, 'attention_head_size': 4, 'learning_rate': 0.03294163727564819}. Best is trial 23 with value: 10.097416877746582.
[I 2023-12-15 23:23:21,438] A new study created in memory with name: no-name-5da85f56-d39b-4f26-b783-36afe8b4b8bf
/home/le004/conda/anaconda3/envs/tsff_env/lib/python3.9/site-packages/lightning/fabric/plugins/environments/slurm.py:191: The `srun` command is available on your system but is not used. HINT: If your intention is to run Lightning on SLURM, prepend your python command with `srun` like so: srun python /home/le004/master_thesis/git/TSFusionForecast/code/ ...
LOCAL_RANK: 0 - CUDA_VISIBLE_DEVICES: [0]
[I 2023-12-15 23:24:08,734] Trial 0 finished with value: 21.45147705078125 and parameters: {'gradient_clip_val': 0.6544713065624633, 'hidden_size': 14, 'dropout': 0.2805109466338509, 'hidden_continuous_size': 8, 'attention_head_size': 4, 'learning_rate': 0.05424027333974531}. Best is trial 0 with value: 21.45147705078125.
LOCAL_RANK: 0 - CUDA_VISIBLE_DEVICES: [0]
[I 2023-12-15 23:25:04,653] Trial 1 finished with value: 7.968780517578125 and parameters: {'gradient_clip_val': 0.3094330369773301, 'hidden_size': 66, 'dropout': 0.3918409826349839, 'hidden_continuous_size': 54, 'attention_head_size': 4, 'learning_rate': 0.020838348799731735}. Best is trial 1 with value: 7.968780517578125.
LOCAL_RANK: 0 - CUDA_VISIBLE_DEVICES: [0]
[I 2023-12-15 23:25:58,586] Trial 2 finished with value: 21.57179832458496 and parameters: {'gradient_clip_val': 0.311846136820864, 'hidden_size': 96, 'dropout': 0.37120819135410443, 'hidden_continuous_size': 9, 'attention_head_size': 4, 'learning_rate': 0.000635240326622998}. Best is trial 1 with value: 7.968780517578125.
LOCAL_RANK: 0 - CUDA_VISIBLE_DEVICES: [0]
[I 2023-12-15 23:26:48,571] Trial 3 finished with value: 16.928205490112305 and parameters: {'gradient_clip_val': 0.38652349669563474, 'hidden_size': 35, 'dropout': 0.3565817083834979, 'hidden_continuous_size': 5, 'attention_head_size': 3, 'learning_rate': 0.0028102606705824934}. Best is trial 1 with value: 7.968780517578125.
LOCAL_RANK: 0 - CUDA_VISIBLE_DEVICES: [0]
[I 2023-12-15 23:27:35,572] Trial 4 finished with value: 47.01192092895508 and parameters: {'gradient_clip_val': 0.21719440423845518, 'hidden_size': 13, 'dropout': 0.35205485516948687, 'hidden_continuous_size': 8, 'attention_head_size': 4, 'learning_rate': 0.0005201959846991392}. Best is trial 1 with value: 7.968780517578125.
LOCAL_RANK: 0 - CUDA_VISIBLE_DEVICES: [0]
[I 2023-12-15 23:28:24,909] Trial 5 finished with value: 10.672358512878418 and parameters: {'gradient_clip_val': 0.22975809787399093, 'hidden_size': 30, 'dropout': 0.10964497698474387, 'hidden_continuous_size': 9, 'attention_head_size': 1, 'learning_rate': 0.007962524771183043}. Best is trial 1 with value: 7.968780517578125.
LOCAL_RANK: 0 - CUDA_VISIBLE_DEVICES: [0]
[I 2023-12-15 23:29:19,246] Trial 6 finished with value: 7.359748840332031 and parameters: {'gradient_clip_val': 0.41213926161058084, 'hidden_size': 96, 'dropout': 0.13656846141951295, 'hidden_continuous_size': 19, 'attention_head_size': 2, 'learning_rate': 0.0352615544247931}. Best is trial 6 with value: 7.359748840332031.
LOCAL_RANK: 0 - CUDA_VISIBLE_DEVICES: [0]
[I 2023-12-15 23:30:11,190] Trial 7 finished with value: 56.61943435668945 and parameters: {'gradient_clip_val': 0.7977217559661264, 'hidden_size': 69, 'dropout': 0.12711846805326205, 'hidden_continuous_size': 7, 'attention_head_size': 1, 'learning_rate': 0.0011533950629705656}. Best is trial 6 with value: 7.359748840332031.
LOCAL_RANK: 0 - CUDA_VISIBLE_DEVICES: [0]
[I 2023-12-15 23:31:10,554] Trial 8 finished with value: 25.8812255859375 and parameters: {'gradient_clip_val': 0.9448948779876313, 'hidden_size': 99, 'dropout': 0.16155470280279272, 'hidden_continuous_size': 87, 'attention_head_size': 4, 'learning_rate': 0.010196621211379688}. Best is trial 6 with value: 7.359748840332031.
LOCAL_RANK: 0 - CUDA_VISIBLE_DEVICES: [0]
[I 2023-12-15 23:31:56,121] Trial 9 finished with value: 17.38789939880371 and parameters: {'gradient_clip_val': 0.4682320544888707, 'hidden_size': 7, 'dropout': 0.25293294820768336, 'hidden_continuous_size': 5, 'attention_head_size': 1, 'learning_rate': 0.0037560590191687243}. Best is trial 6 with value: 7.359748840332031.
LOCAL_RANK: 0 - CUDA_VISIBLE_DEVICES: [0]
[I 2023-12-15 23:32:47,704] Trial 10 finished with value: 9.498779296875 and parameters: {'gradient_clip_val': 0.11622137500479364, 'hidden_size': 40, 'dropout': 0.1844389195960116, 'hidden_continuous_size': 17, 'attention_head_size': 2, 'learning_rate': 0.09114546026872346}. Best is trial 6 with value: 7.359748840332031.
LOCAL_RANK: 0 - CUDA_VISIBLE_DEVICES: [0]
[I 2023-12-15 23:33:42,122] Trial 11 finished with value: 23.921058654785156 and parameters: {'gradient_clip_val': 0.5148802440959719, 'hidden_size': 54, 'dropout': 0.39692096139489547, 'hidden_continuous_size': 34, 'attention_head_size': 2, 'learning_rate': 0.023414556627164868}. Best is trial 6 with value: 7.359748840332031.
LOCAL_RANK: 0 - CUDA_VISIBLE_DEVICES: [0]
[I 2023-12-15 23:34:36,268] Trial 12 finished with value: 31.68013572692871 and parameters: {'gradient_clip_val': 0.3190774604888433, 'hidden_size': 58, 'dropout': 0.20883214487723273, 'hidden_continuous_size': 25, 'attention_head_size': 3, 'learning_rate': 0.02741198301642656}. Best is trial 6 with value: 7.359748840332031.
LOCAL_RANK: 0 - CUDA_VISIBLE_DEVICES: [0]
[I 2023-12-15 23:35:32,644] Trial 13 finished with value: 69.34012603759766 and parameters: {'gradient_clip_val': 0.5951972200203764, 'hidden_size': 96, 'dropout': 0.2973009802708405, 'hidden_continuous_size': 51, 'attention_head_size': 2, 'learning_rate': 0.019213153832464594}. Best is trial 6 with value: 7.359748840332031.
LOCAL_RANK: 0 - CUDA_VISIBLE_DEVICES: [0]
[I 2023-12-15 23:36:26,284] Trial 14 finished with value: 11.407447814941406 and parameters: {'gradient_clip_val': 0.4037046370982467, 'hidden_size': 54, 'dropout': 0.21753595207155357, 'hidden_continuous_size': 15, 'attention_head_size': 3, 'learning_rate': 0.044374204841542204}. Best is trial 6 with value: 7.359748840332031.
LOCAL_RANK: 0 - CUDA_VISIBLE_DEVICES: [0]
[I 2023-12-15 23:37:16,461] Trial 15 finished with value: 6.66705846786499 and parameters: {'gradient_clip_val': 0.24566992040338473, 'hidden_size': 26, 'dropout': 0.3190846699172981, 'hidden_continuous_size': 12, 'attention_head_size': 3, 'learning_rate': 0.013780256986323007}. Best is trial 15 with value: 6.66705846786499.
LOCAL_RANK: 0 - CUDA_VISIBLE_DEVICES: [0]
[I 2023-12-15 23:38:06,223] Trial 16 finished with value: 6.805471420288086 and parameters: {'gradient_clip_val': 0.20657725979067051, 'hidden_size': 23, 'dropout': 0.31013464195355867, 'hidden_continuous_size': 12, 'attention_head_size': 2, 'learning_rate': 0.010673397959830208}. Best is trial 15 with value: 6.66705846786499.
LOCAL_RANK: 0 - CUDA_VISIBLE_DEVICES: [0]
[I 2023-12-15 23:38:56,002] Trial 17 finished with value: 18.00404167175293 and parameters: {'gradient_clip_val': 0.156276432348597, 'hidden_size': 22, 'dropout': 0.3179951636780222, 'hidden_continuous_size': 11, 'attention_head_size': 3, 'learning_rate': 0.011284915051729964}. Best is trial 15 with value: 6.66705846786499.
LOCAL_RANK: 0 - CUDA_VISIBLE_DEVICES: [0]
[I 2023-12-15 23:39:44,182] Trial 18 finished with value: 8.384028434753418 and parameters: {'gradient_clip_val': 0.18999820806346907, 'hidden_size': 24, 'dropout': 0.32490401741047226, 'hidden_continuous_size': 12, 'attention_head_size': 2, 'learning_rate': 0.004035496607327835}. Best is trial 15 with value: 6.66705846786499.
LOCAL_RANK: 0 - CUDA_VISIBLE_DEVICES: [0]
[I 2023-12-15 23:40:30,700] Trial 19 finished with value: 72.89141845703125 and parameters: {'gradient_clip_val': 0.10130577229181639, 'hidden_size': 16, 'dropout': 0.27056630359647493, 'hidden_continuous_size': 10, 'attention_head_size': 3, 'learning_rate': 0.014072692180566193}. Best is trial 15 with value: 6.66705846786499.
LOCAL_RANK: 0 - CUDA_VISIBLE_DEVICES: [0]
[I 2023-12-15 23:41:19,813] Trial 20 finished with value: 12.797645568847656 and parameters: {'gradient_clip_val': 0.2508053464813896, 'hidden_size': 19, 'dropout': 0.3187523699009312, 'hidden_continuous_size': 12, 'attention_head_size': 2, 'learning_rate': 0.005008036564741285}. Best is trial 15 with value: 6.66705846786499.
LOCAL_RANK: 0 - CUDA_VISIBLE_DEVICES: [0]
[I 2023-12-15 23:42:09,930] Trial 21 finished with value: 9.790596008300781 and parameters: {'gradient_clip_val': 0.1679087036811129, 'hidden_size': 31, 'dropout': 0.223088984619636, 'hidden_continuous_size': 14, 'attention_head_size': 2, 'learning_rate': 0.013693503174173465}. Best is trial 15 with value: 6.66705846786499.
LOCAL_RANK: 0 - CUDA_VISIBLE_DEVICES: [0]
[I 2023-12-15 23:42:55,599] Trial 22 finished with value: 42.38564682006836 and parameters: {'gradient_clip_val': 0.2672387700381329, 'hidden_size': 11, 'dropout': 0.24561086297960696, 'hidden_continuous_size': 6, 'attention_head_size': 2, 'learning_rate': 0.006678661509737993}. Best is trial 15 with value: 6.66705846786499.
LOCAL_RANK: 0 - CUDA_VISIBLE_DEVICES: [0]
[I 2023-12-15 23:43:47,695] Trial 23 finished with value: 13.570780754089355 and parameters: {'gradient_clip_val': 0.19432874102857578, 'hidden_size': 40, 'dropout': 0.29113626205857657, 'hidden_continuous_size': 17, 'attention_head_size': 3, 'learning_rate': 0.031588798942438476}. Best is trial 15 with value: 6.66705846786499.
LOCAL_RANK: 0 - CUDA_VISIBLE_DEVICES: [0]
[I 2023-12-15 23:44:36,864] Trial 24 finished with value: 37.21367263793945 and parameters: {'gradient_clip_val': 0.38542137692431694, 'hidden_size': 27, 'dropout': 0.16804334619133468, 'hidden_continuous_size': 13, 'attention_head_size': 1, 'learning_rate': 0.015268473815635787}. Best is trial 15 with value: 6.66705846786499.
LOCAL_RANK: 0 - CUDA_VISIBLE_DEVICES: [0]
[I 2023-12-15 23:45:25,033] Trial 25 finished with value: 68.04352569580078 and parameters: {'gradient_clip_val': 0.25972430020643983, 'hidden_size': 19, 'dropout': 0.2503464362887455, 'hidden_continuous_size': 10, 'attention_head_size': 2, 'learning_rate': 0.03628746728678496}. Best is trial 15 with value: 6.66705846786499.
LOCAL_RANK: 0 - CUDA_VISIBLE_DEVICES: [0]
[I 2023-12-15 23:46:17,748] Trial 26 finished with value: 18.36692237854004 and parameters: {'gradient_clip_val': 0.1432945833748127, 'hidden_size': 39, 'dropout': 0.1358317337165502, 'hidden_continuous_size': 16, 'attention_head_size': 3, 'learning_rate': 0.008687747329715003}. Best is trial 15 with value: 6.66705846786499.
LOCAL_RANK: 0 - CUDA_VISIBLE_DEVICES: [0]
[I 2023-12-15 23:47:07,434] Trial 27 finished with value: 10.026371955871582 and parameters: {'gradient_clip_val': 0.20921178102915625, 'hidden_size': 25, 'dropout': 0.33529237269897527, 'hidden_continuous_size': 11, 'attention_head_size': 2, 'learning_rate': 0.05586087529703835}. Best is trial 15 with value: 6.66705846786499.
LOCAL_RANK: 0 - CUDA_VISIBLE_DEVICES: [0]
