[I 2023-12-15 12:17:51,257] Trial 13 finished with value: 0.41171279549598694 and parameters: {'gradient_clip_val': 0.5069520784910143, 'hidden_size': 30, 'dropout': 0.2141871467391776, 'hidden_continuous_size': 15, 'attention_head_size': 2, 'learning_rate': 0.004680454654576284}. Best is trial 9 with value: 0.19128961861133575.
LOCAL_RANK: 0 - CUDA_VISIBLE_DEVICES: [0]
[I 2023-12-15 12:18:36,123] Trial 14 finished with value: 0.6047419905662537 and parameters: {'gradient_clip_val': 0.3021876987612316, 'hidden_size': 16, 'dropout': 0.26576666782922853, 'hidden_continuous_size': 7, 'attention_head_size': 2, 'learning_rate': 0.017885420146927167}. Best is trial 9 with value: 0.19128961861133575.
LOCAL_RANK: 0 - CUDA_VISIBLE_DEVICES: [0]
[I 2023-12-15 12:19:23,418] Trial 15 finished with value: 0.8061259388923645 and parameters: {'gradient_clip_val': 0.47234360025314087, 'hidden_size': 18, 'dropout': 0.3219811048240884, 'hidden_continuous_size': 10, 'attention_head_size': 1, 'learning_rate': 0.039585519404562286}. Best is trial 9 with value: 0.19128961861133575.
LOCAL_RANK: 0 - CUDA_VISIBLE_DEVICES: [0]
[I 2023-12-15 12:20:12,648] Trial 16 finished with value: 0.05309824272990227 and parameters: {'gradient_clip_val': 0.9661696244062067, 'hidden_size': 31, 'dropout': 0.20914615295348926, 'hidden_continuous_size': 14, 'attention_head_size': 2, 'learning_rate': 0.013881789318810739}. Best is trial 16 with value: 0.05309824272990227.
LOCAL_RANK: 0 - CUDA_VISIBLE_DEVICES: [0]
[I 2023-12-15 12:21:05,311] Trial 17 finished with value: 0.07621464878320694 and parameters: {'gradient_clip_val': 0.9322251028455535, 'hidden_size': 37, 'dropout': 0.1927466097033577, 'hidden_continuous_size': 18, 'attention_head_size': 4, 'learning_rate': 0.09124844346406012}. Best is trial 16 with value: 0.05309824272990227.
LOCAL_RANK: 0 - CUDA_VISIBLE_DEVICES: [0]
[I 2023-12-15 12:21:59,079] Trial 18 finished with value: 0.15251901745796204 and parameters: {'gradient_clip_val': 0.9696138845311169, 'hidden_size': 37, 'dropout': 0.1821348720134841, 'hidden_continuous_size': 36, 'attention_head_size': 4, 'learning_rate': 0.08637392021541233}. Best is trial 16 with value: 0.05309824272990227.
LOCAL_RANK: 0 - CUDA_VISIBLE_DEVICES: [0]
[I 2023-12-15 12:22:52,948] Trial 19 finished with value: 1.6320714950561523 and parameters: {'gradient_clip_val': 0.9097888748794832, 'hidden_size': 51, 'dropout': 0.23855480961133557, 'hidden_continuous_size': 19, 'attention_head_size': 4, 'learning_rate': 0.049444292384523796}. Best is trial 16 with value: 0.05309824272990227.
LOCAL_RANK: 0 - CUDA_VISIBLE_DEVICES: [0]
[I 2023-12-15 12:23:42,141] Trial 20 finished with value: 0.1081414595246315 and parameters: {'gradient_clip_val': 0.7191718541187232, 'hidden_size': 32, 'dropout': 0.1768930277018889, 'hidden_continuous_size': 13, 'attention_head_size': 4, 'learning_rate': 0.05461495271798908}. Best is trial 16 with value: 0.05309824272990227.
LOCAL_RANK: 0 - CUDA_VISIBLE_DEVICES: [0]
[I 2023-12-15 12:24:32,413] Trial 21 finished with value: 0.1801556795835495 and parameters: {'gradient_clip_val': 0.7644847467637891, 'hidden_size': 30, 'dropout': 0.18601689651771064, 'hidden_continuous_size': 14, 'attention_head_size': 4, 'learning_rate': 0.09019983805158918}. Best is trial 16 with value: 0.05309824272990227.
LOCAL_RANK: 0 - CUDA_VISIBLE_DEVICES: [0]
[I 2023-12-15 12:25:23,180] Trial 22 finished with value: 0.7447137236595154 and parameters: {'gradient_clip_val': 0.9011720260622671, 'hidden_size': 31, 'dropout': 0.17072608040608533, 'hidden_continuous_size': 17, 'attention_head_size': 4, 'learning_rate': 0.052726645943204975}. Best is trial 16 with value: 0.05309824272990227.
LOCAL_RANK: 0 - CUDA_VISIBLE_DEVICES: [0]
[I 2023-12-15 12:26:16,317] Trial 23 finished with value: 0.08219143003225327 and parameters: {'gradient_clip_val': 0.9844702758301321, 'hidden_size': 46, 'dropout': 0.10094674688480443, 'hidden_continuous_size': 20, 'attention_head_size': 3, 'learning_rate': 0.09541173754580744}. Best is trial 16 with value: 0.05309824272990227.
LOCAL_RANK: 0 - CUDA_VISIBLE_DEVICES: [0]
[I 2023-12-15 12:27:09,582] Trial 24 finished with value: 0.1566009521484375 and parameters: {'gradient_clip_val': 0.6097509231340394, 'hidden_size': 45, 'dropout': 0.10188838117763056, 'hidden_continuous_size': 21, 'attention_head_size': 3, 'learning_rate': 0.0964534041376066}. Best is trial 16 with value: 0.05309824272990227.
LOCAL_RANK: 0 - CUDA_VISIBLE_DEVICES: [0]
[I 2023-12-15 12:28:03,472] Trial 25 finished with value: 0.93304443359375 and parameters: {'gradient_clip_val': 0.8281030234116173, 'hidden_size': 55, 'dropout': 0.13026665494340767, 'hidden_continuous_size': 30, 'attention_head_size': 3, 'learning_rate': 0.03195335443794906}. Best is trial 16 with value: 0.05309824272990227.
LOCAL_RANK: 0 - CUDA_VISIBLE_DEVICES: [0]
[I 2023-12-15 12:28:41,430] Trial 26 finished with value: 0.18969117105007172 and parameters: {'gradient_clip_val': 0.9659872842020296, 'hidden_size': 58, 'dropout': 0.1276174691371423, 'hidden_continuous_size': 58, 'attention_head_size': 2, 'learning_rate': 0.09949083194056525}. Best is trial 16 with value: 0.05309824272990227.
LOCAL_RANK: 0 - CUDA_VISIBLE_DEVICES: [0]
[I 2023-12-15 12:29:34,501] Trial 27 finished with value: 0.5987176895141602 and parameters: {'gradient_clip_val': 0.9643644325712194, 'hidden_size': 44, 'dropout': 0.1566541632697208, 'hidden_continuous_size': 17, 'attention_head_size': 3, 'learning_rate': 0.039003060360345565}. Best is trial 16 with value: 0.05309824272990227.
LOCAL_RANK: 0 - CUDA_VISIBLE_DEVICES: [0]
[I 2023-12-15 12:30:25,250] Trial 28 finished with value: 0.2794025242328644 and parameters: {'gradient_clip_val': 0.6358545706808424, 'hidden_size': 36, 'dropout': 0.20727303939228978, 'hidden_continuous_size': 15, 'attention_head_size': 2, 'learning_rate': 0.06921125938610224}. Best is trial 16 with value: 0.05309824272990227.
LOCAL_RANK: 0 - CUDA_VISIBLE_DEVICES: [0]
[I 2023-12-15 12:31:15,173] Trial 29 finished with value: 0.9424326419830322 and parameters: {'gradient_clip_val': 0.7108741408108599, 'hidden_size': 26, 'dropout': 0.13731032236603283, 'hidden_continuous_size': 16, 'attention_head_size': 4, 'learning_rate': 0.06161476295260728}. Best is trial 16 with value: 0.05309824272990227.
LOCAL_RANK: 0 - CUDA_VISIBLE_DEVICES: [0]
[I 2023-12-15 12:32:06,062] Trial 30 finished with value: 0.8495013117790222 and parameters: {'gradient_clip_val': 0.7870624803543638, 'hidden_size': 37, 'dropout': 0.10220745475361728, 'hidden_continuous_size': 12, 'attention_head_size': 3, 'learning_rate': 0.01282887206911989}. Best is trial 16 with value: 0.05309824272990227.
LOCAL_RANK: 0 - CUDA_VISIBLE_DEVICES: [0]
[I 2023-12-15 12:32:54,990] Trial 31 finished with value: 0.0616384893655777 and parameters: {'gradient_clip_val': 0.6981561834493403, 'hidden_size': 32, 'dropout': 0.17412229266820883, 'hidden_continuous_size': 13, 'attention_head_size': 4, 'learning_rate': 0.057882001854762714}. Best is trial 16 with value: 0.05309824272990227.
LOCAL_RANK: 0 - CUDA_VISIBLE_DEVICES: [0]
[I 2023-12-15 12:33:45,360] Trial 32 finished with value: 0.4095642566680908 and parameters: {'gradient_clip_val': 0.9872008610277722, 'hidden_size': 27, 'dropout': 0.16599912712916542, 'hidden_continuous_size': 14, 'attention_head_size': 4, 'learning_rate': 0.03201309772821933}. Best is trial 16 with value: 0.05309824272990227.
LOCAL_RANK: 0 - CUDA_VISIBLE_DEVICES: [0]
[I 2023-12-15 12:34:38,445] Trial 33 finished with value: 0.4381115734577179 and parameters: {'gradient_clip_val': 0.8168153354484518, 'hidden_size': 45, 'dropout': 0.20232110430017156, 'hidden_continuous_size': 19, 'attention_head_size': 4, 'learning_rate': 0.061858987208108236}. Best is trial 16 with value: 0.05309824272990227.
LOCAL_RANK: 0 - CUDA_VISIBLE_DEVICES: [0]
[I 2023-12-15 12:35:33,152] Trial 34 finished with value: 0.37584030628204346 and parameters: {'gradient_clip_val': 0.6679614859463539, 'hidden_size': 68, 'dropout': 0.2206660583707696, 'hidden_continuous_size': 21, 'attention_head_size': 4, 'learning_rate': 0.04247051715700869}. Best is trial 16 with value: 0.05309824272990227.
LOCAL_RANK: 0 - CUDA_VISIBLE_DEVICES: [0]
[I 2023-12-15 12:36:26,533] Trial 35 finished with value: 0.0958327129483223 and parameters: {'gradient_clip_val': 0.8462351488631262, 'hidden_size': 86, 'dropout': 0.14764642359324137, 'hidden_continuous_size': 11, 'attention_head_size': 3, 'learning_rate': 0.06858334678546893}. Best is trial 16 with value: 0.05309824272990227.
LOCAL_RANK: 0 - CUDA_VISIBLE_DEVICES: [0]
[I 2023-12-15 12:37:19,510] Trial 36 finished with value: 0.11443716287612915 and parameters: {'gradient_clip_val': 0.5749790540628417, 'hidden_size': 38, 'dropout': 0.19153123508965786, 'hidden_continuous_size': 16, 'attention_head_size': 4, 'learning_rate': 0.09956187182305544}. Best is trial 16 with value: 0.05309824272990227.
LOCAL_RANK: 0 - CUDA_VISIBLE_DEVICES: [0]
[I 2023-12-15 12:38:11,768] Trial 37 finished with value: 0.8204771876335144 and parameters: {'gradient_clip_val': 0.7242384749599315, 'hidden_size': 48, 'dropout': 0.11931213281762523, 'hidden_continuous_size': 18, 'attention_head_size': 3, 'learning_rate': 0.023936119695337845}. Best is trial 16 with value: 0.05309824272990227.
LOCAL_RANK: 0 - CUDA_VISIBLE_DEVICES: [0]
[I 2023-12-15 12:39:04,708] Trial 38 finished with value: 0.4452292025089264 and parameters: {'gradient_clip_val': 0.8226076409272721, 'hidden_size': 52, 'dropout': 0.2321847495030827, 'hidden_continuous_size': 23, 'attention_head_size': 3, 'learning_rate': 0.07019487050740669}. Best is trial 16 with value: 0.05309824272990227.
LOCAL_RANK: 0 - CUDA_VISIBLE_DEVICES: [0]
[I 2023-12-15 12:39:56,044] Trial 39 finished with value: 0.20790863037109375 and parameters: {'gradient_clip_val': 0.6910037071742793, 'hidden_size': 34, 'dropout': 0.14686462501703854, 'hidden_continuous_size': 14, 'attention_head_size': 4, 'learning_rate': 0.0488032070871391}. Best is trial 16 with value: 0.05309824272990227.
LOCAL_RANK: 0 - CUDA_VISIBLE_DEVICES: [0]
[I 2023-12-15 12:40:47,773] Trial 40 finished with value: 1.2399033308029175 and parameters: {'gradient_clip_val': 0.5563755750686643, 'hidden_size': 41, 'dropout': 0.16695510990915632, 'hidden_continuous_size': 12, 'attention_head_size': 2, 'learning_rate': 0.006794533129276184}. Best is trial 16 with value: 0.05309824272990227.
LOCAL_RANK: 0 - CUDA_VISIBLE_DEVICES: [0]
[I 2023-12-15 12:41:42,350] Trial 41 finished with value: 0.33068200945854187 and parameters: {'gradient_clip_val': 0.8450988080579496, 'hidden_size': 98, 'dropout': 0.14852306431548326, 'hidden_continuous_size': 10, 'attention_head_size': 3, 'learning_rate': 0.06707858962692904}. Best is trial 16 with value: 0.05309824272990227.
LOCAL_RANK: 0 - CUDA_VISIBLE_DEVICES: [0]
[I 2023-12-15 12:42:35,407] Trial 42 finished with value: 0.10124338418245316 and parameters: {'gradient_clip_val': 0.885975491113484, 'hidden_size': 62, 'dropout': 0.1902848267221332, 'hidden_continuous_size': 11, 'attention_head_size': 3, 'learning_rate': 0.07077337986217556}. Best is trial 16 with value: 0.05309824272990227.
LOCAL_RANK: 0 - CUDA_VISIBLE_DEVICES: [0]
[I 2023-12-15 12:43:30,166] Trial 43 finished with value: 0.3007776439189911 and parameters: {'gradient_clip_val': 0.7643756307531561, 'hidden_size': 75, 'dropout': 0.1397854969275893, 'hidden_continuous_size': 24, 'attention_head_size': 3, 'learning_rate': 0.07434872157603964}. Best is trial 16 with value: 0.05309824272990227.
LOCAL_RANK: 0 - CUDA_VISIBLE_DEVICES: [0]
[I 2023-12-15 12:44:24,674] Trial 44 finished with value: 0.34014448523521423 and parameters: {'gradient_clip_val': 0.9963205933343762, 'hidden_size': 81, 'dropout': 0.1575972488741732, 'hidden_continuous_size': 28, 'attention_head_size': 3, 'learning_rate': 0.04108946500759219}. Best is trial 16 with value: 0.05309824272990227.
LOCAL_RANK: 0 - CUDA_VISIBLE_DEVICES: [0]
[I 2023-12-15 12:45:17,608] Trial 45 finished with value: 0.08682998269796371 and parameters: {'gradient_clip_val': 0.8542550179383831, 'hidden_size': 57, 'dropout': 0.11847655341003405, 'hidden_continuous_size': 13, 'attention_head_size': 2, 'learning_rate': 0.05398509787543237}. Best is trial 16 with value: 0.05309824272990227.
LOCAL_RANK: 0 - CUDA_VISIBLE_DEVICES: [0]
[I 2023-12-15 12:46:10,372] Trial 46 finished with value: 0.43916574120521545 and parameters: {'gradient_clip_val': 0.6525985855729279, 'hidden_size': 62, 'dropout': 0.1160751686911696, 'hidden_continuous_size': 16, 'attention_head_size': 2, 'learning_rate': 0.02876985462574636}. Best is trial 16 with value: 0.05309824272990227.
LOCAL_RANK: 0 - CUDA_VISIBLE_DEVICES: [0]
[I 2023-12-15 12:47:01,791] Trial 47 finished with value: 1.0437322854995728 and parameters: {'gradient_clip_val': 0.8842501234020126, 'hidden_size': 41, 'dropout': 0.19711528624479646, 'hidden_continuous_size': 13, 'attention_head_size': 1, 'learning_rate': 0.05497014427372402}. Best is trial 16 with value: 0.05309824272990227.
LOCAL_RANK: 0 - CUDA_VISIBLE_DEVICES: [0]
[I 2023-12-15 12:47:50,822] Trial 48 finished with value: 1.1846410036087036 and parameters: {'gradient_clip_val': 0.7828813515666975, 'hidden_size': 27, 'dropout': 0.17772017777568128, 'hidden_continuous_size': 13, 'attention_head_size': 2, 'learning_rate': 0.023812299990383576}. Best is trial 16 with value: 0.05309824272990227.
LOCAL_RANK: 0 - CUDA_VISIBLE_DEVICES: [0]
[I 2023-12-15 12:48:42,633] Trial 49 finished with value: 0.12956346571445465 and parameters: {'gradient_clip_val': 0.9985011749442742, 'hidden_size': 48, 'dropout': 0.11504075378633738, 'hidden_continuous_size': 15, 'attention_head_size': 2, 'learning_rate': 0.08085629139458608}. Best is trial 16 with value: 0.05309824272990227.
[I 2023-12-15 12:48:42,736] A new study created in memory with name: no-name-302ce262-1a76-4099-a3fb-d4c1557295f2
/home/le004/conda/anaconda3/envs/tsff_env/lib/python3.9/site-packages/lightning/fabric/plugins/environments/slurm.py:191: The `srun` command is available on your system but is not used. HINT: If your intention is to run Lightning on SLURM, prepend your python command with `srun` like so: srun python /home/le004/master_thesis/git/TSFusionForecast/code/ ...
LOCAL_RANK: 0 - CUDA_VISIBLE_DEVICES: [0]
[I 2023-12-15 12:49:40,546] Trial 0 finished with value: 1.2317513227462769 and parameters: {'gradient_clip_val': 0.10027286479298123, 'hidden_size': 89, 'dropout': 0.12167281474730413, 'hidden_continuous_size': 73, 'attention_head_size': 4, 'learning_rate': 0.0067890744111296095}. Best is trial 0 with value: 1.2317513227462769.
LOCAL_RANK: 0 - CUDA_VISIBLE_DEVICES: [0]
[I 2023-12-15 12:50:33,738] Trial 1 finished with value: 0.8356855511665344 and parameters: {'gradient_clip_val': 0.8339532965494934, 'hidden_size': 43, 'dropout': 0.2827149760003651, 'hidden_continuous_size': 20, 'attention_head_size': 3, 'learning_rate': 0.002700468142403296}. Best is trial 1 with value: 0.8356855511665344.
LOCAL_RANK: 0 - CUDA_VISIBLE_DEVICES: [0]
[I 2023-12-15 12:51:10,792] Trial 2 finished with value: 1.0365030765533447 and parameters: {'gradient_clip_val': 0.6814628731301577, 'hidden_size': 6, 'dropout': 0.24804323432835992, 'hidden_continuous_size': 6, 'attention_head_size': 4, 'learning_rate': 0.04806630332651892}. Best is trial 1 with value: 0.8356855511665344.
LOCAL_RANK: 0 - CUDA_VISIBLE_DEVICES: [0]
[I 2023-12-15 12:52:00,242] Trial 3 finished with value: 2.1278231143951416 and parameters: {'gradient_clip_val': 0.6752699057805474, 'hidden_size': 26, 'dropout': 0.12627941411495902, 'hidden_continuous_size': 21, 'attention_head_size': 1, 'learning_rate': 0.001311639186249105}. Best is trial 1 with value: 0.8356855511665344.
LOCAL_RANK: 0 - CUDA_VISIBLE_DEVICES: [0]
[I 2023-12-15 12:52:38,932] Trial 4 finished with value: 1.4652200937271118 and parameters: {'gradient_clip_val': 0.7702570351412894, 'hidden_size': 10, 'dropout': 0.31990565049518066, 'hidden_continuous_size': 10, 'attention_head_size': 3, 'learning_rate': 0.0005718940913894576}. Best is trial 1 with value: 0.8356855511665344.
LOCAL_RANK: 0 - CUDA_VISIBLE_DEVICES: [0]
[I 2023-12-15 12:53:35,103] Trial 5 finished with value: 0.14881397783756256 and parameters: {'gradient_clip_val': 0.7720889955199688, 'hidden_size': 78, 'dropout': 0.15154220444792862, 'hidden_continuous_size': 73, 'attention_head_size': 1, 'learning_rate': 0.0019987119138137692}. Best is trial 5 with value: 0.14881397783756256.
LOCAL_RANK: 0 - CUDA_VISIBLE_DEVICES: [0]
[I 2023-12-15 12:54:21,116] Trial 6 finished with value: 2.9499244689941406 and parameters: {'gradient_clip_val': 0.8806730028380334, 'hidden_size': 6, 'dropout': 0.19711080485150934, 'hidden_continuous_size': 5, 'attention_head_size': 4, 'learning_rate': 0.0013727711693364046}. Best is trial 5 with value: 0.14881397783756256.
LOCAL_RANK: 0 - CUDA_VISIBLE_DEVICES: [0]
[I 2023-12-15 12:55:10,874] Trial 7 finished with value: 0.7325822710990906 and parameters: {'gradient_clip_val': 0.20468752531291692, 'hidden_size': 31, 'dropout': 0.14727658998898885, 'hidden_continuous_size': 14, 'attention_head_size': 4, 'learning_rate': 0.015286535093165009}. Best is trial 5 with value: 0.14881397783756256.
LOCAL_RANK: 0 - CUDA_VISIBLE_DEVICES: [0]
[I 2023-12-15 12:55:55,716] Trial 8 finished with value: 1.148041844367981 and parameters: {'gradient_clip_val': 0.38812654078899095, 'hidden_size': 12, 'dropout': 0.21159650439917266, 'hidden_continuous_size': 6, 'attention_head_size': 3, 'learning_rate': 0.011285110111581297}. Best is trial 5 with value: 0.14881397783756256.
LOCAL_RANK: 0 - CUDA_VISIBLE_DEVICES: [0]
[I 2023-12-15 12:56:42,823] Trial 9 finished with value: 1.247604489326477 and parameters: {'gradient_clip_val': 0.3262128117305659, 'hidden_size': 17, 'dropout': 0.13306373413362424, 'hidden_continuous_size': 5, 'attention_head_size': 4, 'learning_rate': 0.0868773218445128}. Best is trial 5 with value: 0.14881397783756256.
LOCAL_RANK: 0 - CUDA_VISIBLE_DEVICES: [0]
[I 2023-12-15 12:57:39,362] Trial 10 finished with value: 1.3652251958847046 and parameters: {'gradient_clip_val': 0.4877826683884753, 'hidden_size': 96, 'dropout': 0.3976958412779322, 'hidden_continuous_size': 95, 'attention_head_size': 1, 'learning_rate': 0.004076830168116532}. Best is trial 5 with value: 0.14881397783756256.
LOCAL_RANK: 0 - CUDA_VISIBLE_DEVICES: [0]
[I 2023-12-15 12:58:33,074] Trial 11 finished with value: 0.16223323345184326 and parameters: {'gradient_clip_val': 0.2087044148341539, 'hidden_size': 47, 'dropout': 0.16990819288970616, 'hidden_continuous_size': 29, 'attention_head_size': 2, 'learning_rate': 0.01632605607202123}. Best is trial 5 with value: 0.14881397783756256.
LOCAL_RANK: 0 - CUDA_VISIBLE_DEVICES: [0]
[I 2023-12-15 12:59:27,471] Trial 12 finished with value: 1.2137582302093506 and parameters: {'gradient_clip_val': 0.21136254224096035, 'hidden_size': 55, 'dropout': 0.17759742993428665, 'hidden_continuous_size': 38, 'attention_head_size': 2, 'learning_rate': 0.023984901197330155}. Best is trial 5 with value: 0.14881397783756256.
LOCAL_RANK: 0 - CUDA_VISIBLE_DEVICES: [0]
[I 2023-12-15 13:00:21,264] Trial 13 finished with value: 2.2572100162506104 and parameters: {'gradient_clip_val': 0.5357768093382466, 'hidden_size': 58, 'dropout': 0.1041922624502444, 'hidden_continuous_size': 34, 'attention_head_size': 2, 'learning_rate': 0.006387164951499602}. Best is trial 5 with value: 0.14881397783756256.
LOCAL_RANK: 0 - CUDA_VISIBLE_DEVICES: [0]
[I 2023-12-15 13:01:12,530] Trial 14 finished with value: 1.556933045387268 and parameters: {'gradient_clip_val': 0.24463454616134506, 'hidden_size': 40, 'dropout': 0.17495246984570892, 'hidden_continuous_size': 29, 'attention_head_size': 1, 'learning_rate': 0.028697357602992708}. Best is trial 5 with value: 0.14881397783756256.
LOCAL_RANK: 0 - CUDA_VISIBLE_DEVICES: [0]
[I 2023-12-15 13:02:05,669] Trial 15 finished with value: 0.8788682818412781 and parameters: {'gradient_clip_val': 0.28126033209248796, 'hidden_size': 64, 'dropout': 0.16143119089626198, 'hidden_continuous_size': 48, 'attention_head_size': 2, 'learning_rate': 0.011062431798437702}. Best is trial 5 with value: 0.14881397783756256.
LOCAL_RANK: 0 - CUDA_VISIBLE_DEVICES: [0]
[I 2023-12-15 13:03:00,240] Trial 16 finished with value: 1.9371551275253296 and parameters: {'gradient_clip_val': 0.16405569107869994, 'hidden_size': 73, 'dropout': 0.21507890040101785, 'hidden_continuous_size': 49, 'attention_head_size': 1, 'learning_rate': 0.003417416335919733}. Best is trial 5 with value: 0.14881397783756256.
LOCAL_RANK: 0 - CUDA_VISIBLE_DEVICES: [0]
[I 2023-12-15 13:03:52,577] Trial 17 finished with value: 2.249748945236206 and parameters: {'gradient_clip_val': 0.3954161665561334, 'hidden_size': 43, 'dropout': 0.10136337781916993, 'hidden_continuous_size': 24, 'attention_head_size': 2, 'learning_rate': 0.022423617212055835}. Best is trial 5 with value: 0.14881397783756256.
LOCAL_RANK: 0 - CUDA_VISIBLE_DEVICES: [0]
[I 2023-12-15 13:04:48,515] Trial 18 finished with value: 0.4965949058532715 and parameters: {'gradient_clip_val': 0.9826928741033584, 'hidden_size': 93, 'dropout': 0.15514365768069996, 'hidden_continuous_size': 59, 'attention_head_size': 1, 'learning_rate': 0.007041993139314928}. Best is trial 5 with value: 0.14881397783756256.
LOCAL_RANK: 0 - CUDA_VISIBLE_DEVICES: [0]
[I 2023-12-15 13:05:38,737] Trial 19 finished with value: 2.9884955883026123 and parameters: {'gradient_clip_val': 0.5927324730702189, 'hidden_size': 31, 'dropout': 0.23475653494194457, 'hidden_continuous_size': 17, 'attention_head_size': 2, 'learning_rate': 0.001803938026079009}. Best is trial 5 with value: 0.14881397783756256.
LOCAL_RANK: 0 - CUDA_VISIBLE_DEVICES: [0]
