[I 2023-12-27 11:33:08,914] Trial 19 finished with value: 151.63897705078125 and parameters: {'gradient_clip_val': 0.43269853517557966, 'hidden_size': 110, 'dropout': 0.327728783172102, 'hidden_continuous_size': 47, 'attention_head_size': 2, 'learning_rate': 0.016268436834704292}. Best is trial 0 with value: 29.12397003173828.
LOCAL_RANK: 0 - CUDA_VISIBLE_DEVICES: [0]
[I 2023-12-27 11:33:09,392] Trial 20 finished with value: 122.9908218383789 and parameters: {'gradient_clip_val': 0.673651493228427, 'hidden_size': 71, 'dropout': 0.4888069336076569, 'hidden_continuous_size': 31, 'attention_head_size': 1, 'learning_rate': 0.047152214773233884}. Best is trial 0 with value: 29.12397003173828.
LOCAL_RANK: 0 - CUDA_VISIBLE_DEVICES: [0]
[I 2023-12-27 11:33:09,903] Trial 21 finished with value: 171.0627899169922 and parameters: {'gradient_clip_val': 0.7415324141881348, 'hidden_size': 42, 'dropout': 0.4211696402801779, 'hidden_continuous_size': 22, 'attention_head_size': 2, 'learning_rate': 0.002693885498119818}. Best is trial 0 with value: 29.12397003173828.
LOCAL_RANK: 0 - CUDA_VISIBLE_DEVICES: [0]
[I 2023-12-27 11:33:10,415] Trial 22 finished with value: 148.0337371826172 and parameters: {'gradient_clip_val': 0.5561672639809334, 'hidden_size': 60, 'dropout': 0.43013899979329007, 'hidden_continuous_size': 24, 'attention_head_size': 2, 'learning_rate': 0.0032354608109633953}. Best is trial 0 with value: 29.12397003173828.
LOCAL_RANK: 0 - CUDA_VISIBLE_DEVICES: [0]
[I 2023-12-27 11:33:10,931] Trial 23 finished with value: 130.9998016357422 and parameters: {'gradient_clip_val': 0.8237871291530974, 'hidden_size': 113, 'dropout': 0.45493904050194256, 'hidden_continuous_size': 65, 'attention_head_size': 2, 'learning_rate': 0.008492314107580518}. Best is trial 0 with value: 29.12397003173828.
LOCAL_RANK: 0 - CUDA_VISIBLE_DEVICES: [0]
[I 2023-12-27 11:33:11,452] Trial 24 finished with value: 134.9374237060547 and parameters: {'gradient_clip_val': 0.6566866360223197, 'hidden_size': 36, 'dropout': 0.38461704128387053, 'hidden_continuous_size': 18, 'attention_head_size': 3, 'learning_rate': 0.012626220029716553}. Best is trial 0 with value: 29.12397003173828.
LOCAL_RANK: 0 - CUDA_VISIBLE_DEVICES: [0]
[I 2023-12-27 11:33:11,983] Trial 25 finished with value: 165.18475341796875 and parameters: {'gradient_clip_val': 0.42192643049316825, 'hidden_size': 50, 'dropout': 0.3434602100438053, 'hidden_continuous_size': 34, 'attention_head_size': 2, 'learning_rate': 0.0062988812703174}. Best is trial 0 with value: 29.12397003173828.
LOCAL_RANK: 0 - CUDA_VISIBLE_DEVICES: [0]
[I 2023-12-27 11:33:12,517] Trial 26 finished with value: 134.42124938964844 and parameters: {'gradient_clip_val': 0.9584802012712083, 'hidden_size': 69, 'dropout': 0.40922616886846175, 'hidden_continuous_size': 41, 'attention_head_size': 1, 'learning_rate': 0.023135058510403723}. Best is trial 0 with value: 29.12397003173828.
LOCAL_RANK: 0 - CUDA_VISIBLE_DEVICES: [0]
[I 2023-12-27 11:33:13,043] Trial 27 finished with value: 174.17095947265625 and parameters: {'gradient_clip_val': 0.7852663323979364, 'hidden_size': 100, 'dropout': 0.45818176357804313, 'hidden_continuous_size': 52, 'attention_head_size': 2, 'learning_rate': 0.012952101243600325}. Best is trial 0 with value: 29.12397003173828.
LOCAL_RANK: 0 - CUDA_VISIBLE_DEVICES: [0]
[I 2023-12-27 11:33:13,535] Trial 28 finished with value: 127.24737548828125 and parameters: {'gradient_clip_val': 0.61723034856494, 'hidden_size': 38, 'dropout': 0.37449559859033205, 'hidden_continuous_size': 21, 'attention_head_size': 3, 'learning_rate': 0.007068339429676142}. Best is trial 0 with value: 29.12397003173828.
LOCAL_RANK: 0 - CUDA_VISIBLE_DEVICES: [0]
[I 2023-12-27 11:33:14,037] Trial 29 finished with value: 163.76136779785156 and parameters: {'gradient_clip_val': 0.5375115656954331, 'hidden_size': 27, 'dropout': 0.40183311169137487, 'hidden_continuous_size': 14, 'attention_head_size': 2, 'learning_rate': 0.01567166702114046}. Best is trial 0 with value: 29.12397003173828.
LOCAL_RANK: 0 - CUDA_VISIBLE_DEVICES: [0]
[I 2023-12-27 11:33:14,576] Trial 30 finished with value: 138.41714477539062 and parameters: {'gradient_clip_val': 0.624997847601422, 'hidden_size': 118, 'dropout': 0.42775139337465895, 'hidden_continuous_size': 91, 'attention_head_size': 1, 'learning_rate': 0.0030611073876207944}. Best is trial 0 with value: 29.12397003173828.
LOCAL_RANK: 0 - CUDA_VISIBLE_DEVICES: [0]
[I 2023-12-27 11:33:15,098] Trial 31 finished with value: 113.97781372070312 and parameters: {'gradient_clip_val': 0.3061448095020127, 'hidden_size': 86, 'dropout': 0.34043224405550887, 'hidden_continuous_size': 58, 'attention_head_size': 1, 'learning_rate': 0.004680859441915176}. Best is trial 0 with value: 29.12397003173828.
LOCAL_RANK: 0 - CUDA_VISIBLE_DEVICES: [0]
[I 2023-12-27 11:33:15,920] Trial 32 finished with value: 129.07586669921875 and parameters: {'gradient_clip_val': 0.4055051371928044, 'hidden_size': 54, 'dropout': 0.3494692311578468, 'hidden_continuous_size': 29, 'attention_head_size': 1, 'learning_rate': 0.004667139274733405}. Best is trial 0 with value: 29.12397003173828.
LOCAL_RANK: 0 - CUDA_VISIBLE_DEVICES: [0]
[I 2023-12-27 11:33:16,435] Trial 33 finished with value: 116.03359985351562 and parameters: {'gradient_clip_val': 0.27365942963312184, 'hidden_size': 75, 'dropout': 0.2982020575796799, 'hidden_continuous_size': 40, 'attention_head_size': 1, 'learning_rate': 0.007616916833431988}. Best is trial 0 with value: 29.12397003173828.
LOCAL_RANK: 0 - CUDA_VISIBLE_DEVICES: [0]
[I 2023-12-27 11:33:16,961] Trial 34 finished with value: 161.24903869628906 and parameters: {'gradient_clip_val': 0.502036297816987, 'hidden_size': 99, 'dropout': 0.38829615570141945, 'hidden_continuous_size': 63, 'attention_head_size': 2, 'learning_rate': 0.004134949295039541}. Best is trial 0 with value: 29.12397003173828.
LOCAL_RANK: 0 - CUDA_VISIBLE_DEVICES: [0]
[I 2023-12-27 11:33:17,477] Trial 35 finished with value: 166.14967346191406 and parameters: {'gradient_clip_val': 0.28463896693095614, 'hidden_size': 77, 'dropout': 0.36173908629787954, 'hidden_continuous_size': 35, 'attention_head_size': 1, 'learning_rate': 0.0019308818888530708}. Best is trial 0 with value: 29.12397003173828.
LOCAL_RANK: 0 - CUDA_VISIBLE_DEVICES: [0]
[I 2023-12-27 11:33:17,989] Trial 36 finished with value: 116.47067260742188 and parameters: {'gradient_clip_val': 0.19561598673094793, 'hidden_size': 47, 'dropout': 0.31540188532762586, 'hidden_continuous_size': 25, 'attention_head_size': 2, 'learning_rate': 0.00504618677635815}. Best is trial 0 with value: 29.12397003173828.
LOCAL_RANK: 0 - CUDA_VISIBLE_DEVICES: [0]
[I 2023-12-27 11:33:18,484] Trial 37 finished with value: 91.41634368896484 and parameters: {'gradient_clip_val': 0.46171358793384093, 'hidden_size': 61, 'dropout': 0.27430736319895704, 'hidden_continuous_size': 32, 'attention_head_size': 1, 'learning_rate': 0.006401970571967994}. Best is trial 0 with value: 29.12397003173828.
LOCAL_RANK: 0 - CUDA_VISIBLE_DEVICES: [0]
[I 2023-12-27 11:33:18,974] Trial 38 finished with value: 151.2350616455078 and parameters: {'gradient_clip_val': 0.44697101808080786, 'hidden_size': 61, 'dropout': 0.24885461686340943, 'hidden_continuous_size': 33, 'attention_head_size': 2, 'learning_rate': 0.008524134833336947}. Best is trial 0 with value: 29.12397003173828.
LOCAL_RANK: 0 - CUDA_VISIBLE_DEVICES: [0]
[I 2023-12-27 11:33:19,447] Trial 39 finished with value: 184.8486328125 and parameters: {'gradient_clip_val': 0.501298730854503, 'hidden_size': 31, 'dropout': 0.28058207704674604, 'hidden_continuous_size': 19, 'attention_head_size': 3, 'learning_rate': 0.02270963982121864}. Best is trial 0 with value: 29.12397003173828.
LOCAL_RANK: 0 - CUDA_VISIBLE_DEVICES: [0]
[I 2023-12-27 11:33:19,937] Trial 40 finished with value: 177.74945068359375 and parameters: {'gradient_clip_val': 0.5657605910804431, 'hidden_size': 45, 'dropout': 0.2145990979276138, 'hidden_continuous_size': 30, 'attention_head_size': 4, 'learning_rate': 0.006192372319678831}. Best is trial 0 with value: 29.12397003173828.
LOCAL_RANK: 0 - CUDA_VISIBLE_DEVICES: [0]
[I 2023-12-27 11:33:20,446] Trial 41 finished with value: 126.23128509521484 and parameters: {'gradient_clip_val': 0.3428745179004535, 'hidden_size': 78, 'dropout': 0.3363254250582478, 'hidden_continuous_size': 49, 'attention_head_size': 1, 'learning_rate': 0.003878916901363935}. Best is trial 0 with value: 29.12397003173828.
LOCAL_RANK: 0 - CUDA_VISIBLE_DEVICES: [0]
[I 2023-12-27 11:33:20,948] Trial 42 finished with value: 121.7601547241211 and parameters: {'gradient_clip_val': 0.3689720777067692, 'hidden_size': 55, 'dropout': 0.3715130600826433, 'hidden_continuous_size': 28, 'attention_head_size': 1, 'learning_rate': 0.002621075525299659}. Best is trial 0 with value: 29.12397003173828.
LOCAL_RANK: 0 - CUDA_VISIBLE_DEVICES: [0]
[I 2023-12-27 11:33:21,465] Trial 43 finished with value: 150.23963928222656 and parameters: {'gradient_clip_val': 0.4577698696949649, 'hidden_size': 85, 'dropout': 0.26583106611529284, 'hidden_continuous_size': 55, 'attention_head_size': 1, 'learning_rate': 0.006190605371414283}. Best is trial 0 with value: 29.12397003173828.
LOCAL_RANK: 0 - CUDA_VISIBLE_DEVICES: [0]
[I 2023-12-27 11:33:21,984] Trial 44 finished with value: 134.18348693847656 and parameters: {'gradient_clip_val': 0.3033123188316253, 'hidden_size': 67, 'dropout': 0.30210462673669936, 'hidden_continuous_size': 46, 'attention_head_size': 1, 'learning_rate': 0.0089457048228732}. Best is trial 0 with value: 29.12397003173828.
LOCAL_RANK: 0 - CUDA_VISIBLE_DEVICES: [0]
[I 2023-12-27 11:33:22,457] Trial 45 finished with value: 158.6858673095703 and parameters: {'gradient_clip_val': 0.8861446038492276, 'hidden_size': 58, 'dropout': 0.3239885032877756, 'hidden_continuous_size': 38, 'attention_head_size': 1, 'learning_rate': 0.01162566917604175}. Best is trial 0 with value: 29.12397003173828.
LOCAL_RANK: 0 - CUDA_VISIBLE_DEVICES: [0]
[I 2023-12-27 11:33:23,250] Trial 46 finished with value: 123.6212387084961 and parameters: {'gradient_clip_val': 0.3915671624911517, 'hidden_size': 93, 'dropout': 0.2921717149761551, 'hidden_continuous_size': 69, 'attention_head_size': 1, 'learning_rate': 0.001884825035865446}. Best is trial 0 with value: 29.12397003173828.
LOCAL_RANK: 0 - CUDA_VISIBLE_DEVICES: [0]
[I 2023-12-27 11:33:23,798] Trial 47 finished with value: 179.25144958496094 and parameters: {'gradient_clip_val': 0.6973691880815929, 'hidden_size': 122, 'dropout': 0.38237965986249417, 'hidden_continuous_size': 113, 'attention_head_size': 3, 'learning_rate': 0.0037605840277496446}. Best is trial 0 with value: 29.12397003173828.
LOCAL_RANK: 0 - CUDA_VISIBLE_DEVICES: [0]
[I 2023-12-27 11:33:24,304] Trial 48 finished with value: 107.44185638427734 and parameters: {'gradient_clip_val': 0.6190257594145282, 'hidden_size': 82, 'dropout': 0.3514218249807852, 'hidden_continuous_size': 58, 'attention_head_size': 1, 'learning_rate': 0.010829218664890084}. Best is trial 0 with value: 29.12397003173828.
LOCAL_RANK: 0 - CUDA_VISIBLE_DEVICES: [0]
[I 2023-12-27 11:33:24,813] Trial 49 finished with value: 142.3148956298828 and parameters: {'gradient_clip_val': 0.613460353788297, 'hidden_size': 131, 'dropout': 0.3575125344954154, 'hidden_continuous_size': 77, 'attention_head_size': 2, 'learning_rate': 0.014659145755104509}. Best is trial 0 with value: 29.12397003173828.
