[I 2023-12-15 14:33:13,768] Trial 38 finished with value: 660.818115234375 and parameters: {'gradient_clip_val': 0.22889203604158212, 'hidden_size': 22, 'dropout': 0.191656428443633, 'hidden_continuous_size': 8, 'attention_head_size': 1, 'learning_rate': 0.003956116948761017}. Best is trial 13 with value: 126.08003997802734.
LOCAL_RANK: 0 - CUDA_VISIBLE_DEVICES: [0]
[I 2023-12-15 14:34:01,151] Trial 39 finished with value: 396.2038269042969 and parameters: {'gradient_clip_val': 0.1628475047750916, 'hidden_size': 17, 'dropout': 0.2621837926896289, 'hidden_continuous_size': 6, 'attention_head_size': 4, 'learning_rate': 0.007472431133679031}. Best is trial 13 with value: 126.08003997802734.
LOCAL_RANK: 0 - CUDA_VISIBLE_DEVICES: [0]
[I 2023-12-15 14:34:46,558] Trial 40 finished with value: 194.684814453125 and parameters: {'gradient_clip_val': 0.11490887280129326, 'hidden_size': 10, 'dropout': 0.13464790093340268, 'hidden_continuous_size': 5, 'attention_head_size': 1, 'learning_rate': 0.0015482229167044905}. Best is trial 13 with value: 126.08003997802734.
LOCAL_RANK: 0 - CUDA_VISIBLE_DEVICES: [0]
[I 2023-12-15 14:35:32,245] Trial 41 finished with value: 460.9252014160156 and parameters: {'gradient_clip_val': 0.13854399810344198, 'hidden_size': 13, 'dropout': 0.20604358145026944, 'hidden_continuous_size': 5, 'attention_head_size': 1, 'learning_rate': 0.002288278621663149}. Best is trial 13 with value: 126.08003997802734.
LOCAL_RANK: 0 - CUDA_VISIBLE_DEVICES: [0]
[I 2023-12-15 14:36:17,632] Trial 42 finished with value: 269.4211730957031 and parameters: {'gradient_clip_val': 0.1507215263950929, 'hidden_size': 14, 'dropout': 0.21040718413276097, 'hidden_continuous_size': 5, 'attention_head_size': 1, 'learning_rate': 0.00197368822832878}. Best is trial 13 with value: 126.08003997802734.
LOCAL_RANK: 0 - CUDA_VISIBLE_DEVICES: [0]
[I 2023-12-15 14:37:04,092] Trial 43 finished with value: 139.36636352539062 and parameters: {'gradient_clip_val': 0.19106437560103146, 'hidden_size': 20, 'dropout': 0.15645771350704754, 'hidden_continuous_size': 7, 'attention_head_size': 1, 'learning_rate': 0.0012072143525261533}. Best is trial 13 with value: 126.08003997802734.
LOCAL_RANK: 0 - CUDA_VISIBLE_DEVICES: [0]
[I 2023-12-15 14:37:53,390] Trial 44 finished with value: 306.31707763671875 and parameters: {'gradient_clip_val': 0.18553943135255482, 'hidden_size': 27, 'dropout': 0.15989780268522832, 'hidden_continuous_size': 8, 'attention_head_size': 1, 'learning_rate': 0.0010777358009221364}. Best is trial 13 with value: 126.08003997802734.
LOCAL_RANK: 0 - CUDA_VISIBLE_DEVICES: [0]
[I 2023-12-15 14:38:40,126] Trial 45 finished with value: 282.923828125 and parameters: {'gradient_clip_val': 0.21300301859875162, 'hidden_size': 20, 'dropout': 0.10364065705815953, 'hidden_continuous_size': 8, 'attention_head_size': 1, 'learning_rate': 0.0007411594185768177}. Best is trial 13 with value: 126.08003997802734.
LOCAL_RANK: 0 - CUDA_VISIBLE_DEVICES: [0]
[I 2023-12-15 14:39:25,080] Trial 46 finished with value: 142.6118621826172 and parameters: {'gradient_clip_val': 0.18413196349118863, 'hidden_size': 16, 'dropout': 0.1387336896823789, 'hidden_continuous_size': 7, 'attention_head_size': 1, 'learning_rate': 0.001352026820579852}. Best is trial 13 with value: 126.08003997802734.
LOCAL_RANK: 0 - CUDA_VISIBLE_DEVICES: [0]
[I 2023-12-15 14:40:10,526] Trial 47 finished with value: 221.07403564453125 and parameters: {'gradient_clip_val': 0.1965762905070434, 'hidden_size': 16, 'dropout': 0.1220768148541142, 'hidden_continuous_size': 7, 'attention_head_size': 2, 'learning_rate': 0.0013172631248377022}. Best is trial 13 with value: 126.08003997802734.
LOCAL_RANK: 0 - CUDA_VISIBLE_DEVICES: [0]
[I 2023-12-15 14:40:57,587] Trial 48 finished with value: 282.1567077636719 and parameters: {'gradient_clip_val': 0.22719786118373472, 'hidden_size': 20, 'dropout': 0.14164088245783668, 'hidden_continuous_size': 10, 'attention_head_size': 1, 'learning_rate': 0.0007109854111318396}. Best is trial 13 with value: 126.08003997802734.
LOCAL_RANK: 0 - CUDA_VISIBLE_DEVICES: [0]
[I 2023-12-15 14:41:45,325] Trial 49 finished with value: 261.5911865234375 and parameters: {'gradient_clip_val': 0.16741535189531362, 'hidden_size': 24, 'dropout': 0.1307066891019093, 'hidden_continuous_size': 7, 'attention_head_size': 1, 'learning_rate': 0.0005950987071637983}. Best is trial 13 with value: 126.08003997802734.
[I 2023-12-15 14:41:45,420] A new study created in memory with name: no-name-7110f179-b86c-4cde-9096-7c3f14bf48d8
/home/le004/conda/anaconda3/envs/tsff_env/lib/python3.9/site-packages/lightning/fabric/plugins/environments/slurm.py:191: The `srun` command is available on your system but is not used. HINT: If your intention is to run Lightning on SLURM, prepend your python command with `srun` like so: srun python /home/le004/master_thesis/git/TSFusionForecast/code/ ...
LOCAL_RANK: 0 - CUDA_VISIBLE_DEVICES: [0]
[I 2023-12-15 14:42:39,339] Trial 0 finished with value: 117.94750213623047 and parameters: {'gradient_clip_val': 0.12240831990583316, 'hidden_size': 46, 'dropout': 0.2842255403178008, 'hidden_continuous_size': 28, 'attention_head_size': 4, 'learning_rate': 0.032487613779246555}. Best is trial 0 with value: 117.94750213623047.
LOCAL_RANK: 0 - CUDA_VISIBLE_DEVICES: [0]
[I 2023-12-15 14:43:17,043] Trial 1 finished with value: 143.93211364746094 and parameters: {'gradient_clip_val': 0.20352714614526043, 'hidden_size': 5, 'dropout': 0.3571811774960826, 'hidden_continuous_size': 5, 'attention_head_size': 4, 'learning_rate': 0.0025104103483821363}. Best is trial 0 with value: 117.94750213623047.
LOCAL_RANK: 0 - CUDA_VISIBLE_DEVICES: [0]
[I 2023-12-15 14:44:04,256] Trial 2 finished with value: 118.55850219726562 and parameters: {'gradient_clip_val': 0.4393036681099784, 'hidden_size': 14, 'dropout': 0.120928226025386, 'hidden_continuous_size': 9, 'attention_head_size': 3, 'learning_rate': 0.0013944041738138467}. Best is trial 0 with value: 117.94750213623047.
LOCAL_RANK: 0 - CUDA_VISIBLE_DEVICES: [0]
[I 2023-12-15 14:44:50,278] Trial 3 finished with value: 106.6343002319336 and parameters: {'gradient_clip_val': 0.10055193165246591, 'hidden_size': 6, 'dropout': 0.3944048622472054, 'hidden_continuous_size': 5, 'attention_head_size': 3, 'learning_rate': 0.011164603013279305}. Best is trial 3 with value: 106.6343002319336.
LOCAL_RANK: 0 - CUDA_VISIBLE_DEVICES: [0]
[I 2023-12-15 14:45:40,152] Trial 4 finished with value: 190.08050537109375 and parameters: {'gradient_clip_val': 0.2296204342227603, 'hidden_size': 35, 'dropout': 0.23850250621367752, 'hidden_continuous_size': 5, 'attention_head_size': 3, 'learning_rate': 0.0014877454151088385}. Best is trial 3 with value: 106.6343002319336.
LOCAL_RANK: 0 - CUDA_VISIBLE_DEVICES: [0]
[I 2023-12-15 14:46:26,586] Trial 5 finished with value: 313.4933166503906 and parameters: {'gradient_clip_val': 0.5059054080629565, 'hidden_size': 10, 'dropout': 0.2756519562581923, 'hidden_continuous_size': 5, 'attention_head_size': 3, 'learning_rate': 0.04937196931823854}. Best is trial 3 with value: 106.6343002319336.
LOCAL_RANK: 0 - CUDA_VISIBLE_DEVICES: [0]
[I 2023-12-15 14:47:11,989] Trial 6 finished with value: 152.82363891601562 and parameters: {'gradient_clip_val': 0.14498341233177564, 'hidden_size': 15, 'dropout': 0.22175472558625592, 'hidden_continuous_size': 5, 'attention_head_size': 1, 'learning_rate': 0.007736792272378692}. Best is trial 3 with value: 106.6343002319336.
LOCAL_RANK: 0 - CUDA_VISIBLE_DEVICES: [0]
[I 2023-12-15 14:47:57,378] Trial 7 finished with value: 166.937744140625 and parameters: {'gradient_clip_val': 0.16831926871543518, 'hidden_size': 12, 'dropout': 0.1499454007454209, 'hidden_continuous_size': 6, 'attention_head_size': 4, 'learning_rate': 0.0007114086907102894}. Best is trial 3 with value: 106.6343002319336.
LOCAL_RANK: 0 - CUDA_VISIBLE_DEVICES: [0]
[I 2023-12-15 14:48:44,841] Trial 8 finished with value: 74.8509292602539 and parameters: {'gradient_clip_val': 0.18243217262366906, 'hidden_size': 18, 'dropout': 0.3307904501300599, 'hidden_continuous_size': 5, 'attention_head_size': 2, 'learning_rate': 0.0007028334439244499}. Best is trial 8 with value: 74.8509292602539.
LOCAL_RANK: 0 - CUDA_VISIBLE_DEVICES: [0]
[I 2023-12-15 14:49:38,678] Trial 9 finished with value: 110.2948226928711 and parameters: {'gradient_clip_val': 0.2777590083416698, 'hidden_size': 47, 'dropout': 0.20844170040704774, 'hidden_continuous_size': 23, 'attention_head_size': 4, 'learning_rate': 0.08796480283030485}. Best is trial 8 with value: 74.8509292602539.
LOCAL_RANK: 0 - CUDA_VISIBLE_DEVICES: [0]
[I 2023-12-15 14:50:27,965] Trial 10 finished with value: 110.0431900024414 and parameters: {'gradient_clip_val': 0.7685900819353008, 'hidden_size': 26, 'dropout': 0.3392595204565273, 'hidden_continuous_size': 8, 'attention_head_size': 1, 'learning_rate': 0.0005570556432299906}. Best is trial 8 with value: 74.8509292602539.
LOCAL_RANK: 0 - CUDA_VISIBLE_DEVICES: [0]
[I 2023-12-15 14:51:21,613] Trial 11 finished with value: 90.41314697265625 and parameters: {'gradient_clip_val': 0.10591301624519073, 'hidden_size': 69, 'dropout': 0.3987933001157684, 'hidden_continuous_size': 13, 'attention_head_size': 2, 'learning_rate': 0.0073599949379164545}. Best is trial 8 with value: 74.8509292602539.
LOCAL_RANK: 0 - CUDA_VISIBLE_DEVICES: [0]
[I 2023-12-15 14:52:15,615] Trial 12 finished with value: 194.8443145751953 and parameters: {'gradient_clip_val': 0.158675460821492, 'hidden_size': 82, 'dropout': 0.39856969970084827, 'hidden_continuous_size': 13, 'attention_head_size': 2, 'learning_rate': 0.0038159553182353593}. Best is trial 8 with value: 74.8509292602539.
LOCAL_RANK: 0 - CUDA_VISIBLE_DEVICES: [0]
[I 2023-12-15 14:53:12,396] Trial 13 finished with value: 160.51097106933594 and parameters: {'gradient_clip_val': 0.10214760349771597, 'hidden_size': 90, 'dropout': 0.3378399763299733, 'hidden_continuous_size': 61, 'attention_head_size': 2, 'learning_rate': 0.01311226090181777}. Best is trial 8 with value: 74.8509292602539.
LOCAL_RANK: 0 - CUDA_VISIBLE_DEVICES: [0]
[I 2023-12-15 14:54:01,278] Trial 14 finished with value: 154.5604248046875 and parameters: {'gradient_clip_val': 0.19721359365835703, 'hidden_size': 23, 'dropout': 0.30708802314076844, 'hidden_continuous_size': 7, 'attention_head_size': 2, 'learning_rate': 0.0045091097935075295}. Best is trial 8 with value: 74.8509292602539.
LOCAL_RANK: 0 - CUDA_VISIBLE_DEVICES: [0]
[I 2023-12-15 14:54:48,283] Trial 15 finished with value: 392.16650390625 and parameters: {'gradient_clip_val': 0.13652076729883214, 'hidden_size': 20, 'dropout': 0.3660355032725552, 'hidden_continuous_size': 7, 'attention_head_size': 2, 'learning_rate': 0.018516621655089206}. Best is trial 8 with value: 74.8509292602539.
LOCAL_RANK: 0 - CUDA_VISIBLE_DEVICES: [0]
[I 2023-12-15 14:55:40,996] Trial 16 finished with value: 77.98368835449219 and parameters: {'gradient_clip_val': 0.2713456072830574, 'hidden_size': 65, 'dropout': 0.3226773881552372, 'hidden_continuous_size': 11, 'attention_head_size': 1, 'learning_rate': 0.00489150458159025}. Best is trial 8 with value: 74.8509292602539.
LOCAL_RANK: 0 - CUDA_VISIBLE_DEVICES: [0]
[I 2023-12-15 14:56:30,932] Trial 17 finished with value: 227.91819763183594 and parameters: {'gradient_clip_val': 0.26160801481391777, 'hidden_size': 35, 'dropout': 0.31024905828429133, 'hidden_continuous_size': 10, 'attention_head_size': 1, 'learning_rate': 0.0008979870412340602}. Best is trial 8 with value: 74.8509292602539.
LOCAL_RANK: 0 - CUDA_VISIBLE_DEVICES: [0]
[I 2023-12-15 14:57:25,325] Trial 18 finished with value: 63.992584228515625 and parameters: {'gradient_clip_val': 0.3315033439475879, 'hidden_size': 99, 'dropout': 0.25529418471902793, 'hidden_continuous_size': 13, 'attention_head_size': 1, 'learning_rate': 0.002373707426890055}. Best is trial 18 with value: 63.992584228515625.
LOCAL_RANK: 0 - CUDA_VISIBLE_DEVICES: [0]
[I 2023-12-15 14:58:18,522] Trial 19 finished with value: 137.89756774902344 and parameters: {'gradient_clip_val': 0.36804908309878387, 'hidden_size': 55, 'dropout': 0.27336317210023997, 'hidden_continuous_size': 18, 'attention_head_size': 1, 'learning_rate': 0.0005185039556020187}. Best is trial 18 with value: 63.992584228515625.
LOCAL_RANK: 0 - CUDA_VISIBLE_DEVICES: [0]
[I 2023-12-15 14:59:13,549] Trial 20 finished with value: 179.7534942626953 and parameters: {'gradient_clip_val': 0.31039237201819414, 'hidden_size': 98, 'dropout': 0.2515614798278917, 'hidden_continuous_size': 17, 'attention_head_size': 1, 'learning_rate': 0.0020332336947866017}. Best is trial 18 with value: 63.992584228515625.
LOCAL_RANK: 0 - CUDA_VISIBLE_DEVICES: [0]
[I 2023-12-15 15:00:06,133] Trial 21 finished with value: 110.96874237060547 and parameters: {'gradient_clip_val': 0.23685120854825262, 'hidden_size': 66, 'dropout': 0.29509540667930323, 'hidden_continuous_size': 10, 'attention_head_size': 1, 'learning_rate': 0.0033968804842340015}. Best is trial 18 with value: 63.992584228515625.
LOCAL_RANK: 0 - CUDA_VISIBLE_DEVICES: [0]
[I 2023-12-15 15:01:00,220] Trial 22 finished with value: 243.55224609375 and parameters: {'gradient_clip_val': 0.33772188481738735, 'hidden_size': 94, 'dropout': 0.31596919571032567, 'hidden_continuous_size': 13, 'attention_head_size': 1, 'learning_rate': 0.0011312371932968046}. Best is trial 18 with value: 63.992584228515625.
LOCAL_RANK: 0 - CUDA_VISIBLE_DEVICES: [0]
[I 2023-12-15 15:01:52,327] Trial 23 finished with value: 81.4448013305664 and parameters: {'gradient_clip_val': 0.19637246636792205, 'hidden_size': 66, 'dropout': 0.33429928833229916, 'hidden_continuous_size': 7, 'attention_head_size': 2, 'learning_rate': 0.0021796154890053074}. Best is trial 18 with value: 63.992584228515625.
LOCAL_RANK: 0 - CUDA_VISIBLE_DEVICES: [0]
[I 2023-12-15 15:02:45,331] Trial 24 finished with value: 139.14476013183594 and parameters: {'gradient_clip_val': 0.28931680084590883, 'hidden_size': 74, 'dropout': 0.25743916937733136, 'hidden_continuous_size': 9, 'attention_head_size': 1, 'learning_rate': 0.001059348374308967}. Best is trial 18 with value: 63.992584228515625.
LOCAL_RANK: 0 - CUDA_VISIBLE_DEVICES: [0]
[I 2023-12-15 15:03:39,923] Trial 25 finished with value: 127.4692611694336 and parameters: {'gradient_clip_val': 0.4045340985966305, 'hidden_size': 98, 'dropout': 0.3022217182524584, 'hidden_continuous_size': 11, 'attention_head_size': 2, 'learning_rate': 0.004564862763127654}. Best is trial 18 with value: 63.992584228515625.
LOCAL_RANK: 0 - CUDA_VISIBLE_DEVICES: [0]
[I 2023-12-15 15:04:31,328] Trial 26 finished with value: 226.0435333251953 and parameters: {'gradient_clip_val': 0.32353154070459206, 'hidden_size': 54, 'dropout': 0.3255477447698283, 'hidden_continuous_size': 6, 'attention_head_size': 1, 'learning_rate': 0.001839910716152534}. Best is trial 18 with value: 63.992584228515625.
LOCAL_RANK: 0 - CUDA_VISIBLE_DEVICES: [0]
[I 2023-12-15 15:05:21,441] Trial 27 finished with value: 219.46202087402344 and parameters: {'gradient_clip_val': 0.17152196416125737, 'hidden_size': 34, 'dropout': 0.36869653789222545, 'hidden_continuous_size': 11, 'attention_head_size': 2, 'learning_rate': 0.002787091523900259}. Best is trial 18 with value: 63.992584228515625.
LOCAL_RANK: 0 - CUDA_VISIBLE_DEVICES: [0]
[I 2023-12-15 15:06:15,164] Trial 28 finished with value: 72.70878601074219 and parameters: {'gradient_clip_val': 0.2353113178423026, 'hidden_size': 78, 'dropout': 0.2886846074190308, 'hidden_continuous_size': 16, 'attention_head_size': 1, 'learning_rate': 0.0007946779323922162}. Best is trial 18 with value: 63.992584228515625.
LOCAL_RANK: 0 - CUDA_VISIBLE_DEVICES: [0]
[I 2023-12-15 15:07:07,746] Trial 29 finished with value: 149.153564453125 and parameters: {'gradient_clip_val': 0.12968331426420063, 'hidden_size': 45, 'dropout': 0.2862675012913665, 'hidden_continuous_size': 17, 'attention_head_size': 1, 'learning_rate': 0.0007947108645900226}. Best is trial 18 with value: 63.992584228515625.
LOCAL_RANK: 0 - CUDA_VISIBLE_DEVICES: [0]
[I 2023-12-15 15:08:01,855] Trial 30 finished with value: 157.6915283203125 and parameters: {'gradient_clip_val': 0.19807204439405324, 'hidden_size': 80, 'dropout': 0.2769238313346342, 'hidden_continuous_size': 30, 'attention_head_size': 2, 'learning_rate': 0.001244890949335806}. Best is trial 18 with value: 63.992584228515625.
LOCAL_RANK: 0 - CUDA_VISIBLE_DEVICES: [0]
[I 2023-12-15 15:08:55,221] Trial 31 finished with value: 75.68932342529297 and parameters: {'gradient_clip_val': 0.25647807002338613, 'hidden_size': 58, 'dropout': 0.2891102125569641, 'hidden_continuous_size': 14, 'attention_head_size': 1, 'learning_rate': 0.0006581630556150524}. Best is trial 18 with value: 63.992584228515625.
LOCAL_RANK: 0 - CUDA_VISIBLE_DEVICES: [0]
[I 2023-12-15 15:09:49,193] Trial 32 finished with value: 64.51605224609375 and parameters: {'gradient_clip_val': 0.21757972652868354, 'hidden_size': 81, 'dropout': 0.2976717461821867, 'hidden_continuous_size': 14, 'attention_head_size': 1, 'learning_rate': 0.0006455179009200555}. Best is trial 18 with value: 63.992584228515625.
LOCAL_RANK: 0 - CUDA_VISIBLE_DEVICES: [0]
[I 2023-12-15 15:10:42,988] Trial 33 finished with value: 143.309814453125 and parameters: {'gradient_clip_val': 0.2185528922167017, 'hidden_size': 78, 'dropout': 0.2547681055176976, 'hidden_continuous_size': 23, 'attention_head_size': 1, 'learning_rate': 0.000797685484043985}. Best is trial 18 with value: 63.992584228515625.
LOCAL_RANK: 0 - CUDA_VISIBLE_DEVICES: [0]
[I 2023-12-15 15:11:38,384] Trial 34 finished with value: 84.6249771118164 and parameters: {'gradient_clip_val': 0.2387680302107869, 'hidden_size': 97, 'dropout': 0.3550667740267536, 'hidden_continuous_size': 28, 'attention_head_size': 1, 'learning_rate': 0.0016037068735076496}. Best is trial 18 with value: 63.992584228515625.
LOCAL_RANK: 0 - CUDA_VISIBLE_DEVICES: [0]
[I 2023-12-15 15:12:30,340] Trial 35 finished with value: 65.20012664794922 and parameters: {'gradient_clip_val': 0.184470701780249, 'hidden_size': 44, 'dropout': 0.2644835202524959, 'hidden_continuous_size': 8, 'attention_head_size': 3, 'learning_rate': 0.0005231932616805015}. Best is trial 18 with value: 63.992584228515625.
LOCAL_RANK: 0 - CUDA_VISIBLE_DEVICES: [0]
[I 2023-12-15 15:13:25,300] Trial 36 finished with value: 196.3124542236328 and parameters: {'gradient_clip_val': 0.21533816045251664, 'hidden_size': 79, 'dropout': 0.2362509783205844, 'hidden_continuous_size': 16, 'attention_head_size': 3, 'learning_rate': 0.0005209417356366041}. Best is trial 18 with value: 63.992584228515625.
LOCAL_RANK: 0 - CUDA_VISIBLE_DEVICES: [0]
[I 2023-12-15 15:14:18,399] Trial 37 finished with value: 71.2575454711914 and parameters: {'gradient_clip_val': 0.1651213221540794, 'hidden_size': 46, 'dropout': 0.26442816344914366, 'hidden_continuous_size': 15, 'attention_head_size': 3, 'learning_rate': 0.0009887808413837425}. Best is trial 18 with value: 63.992584228515625.
LOCAL_RANK: 0 - CUDA_VISIBLE_DEVICES: [0]
[I 2023-12-15 15:15:11,742] Trial 38 finished with value: 71.2715835571289 and parameters: {'gradient_clip_val': 0.1501969836792825, 'hidden_size': 46, 'dropout': 0.26784435407235313, 'hidden_continuous_size': 12, 'attention_head_size': 3, 'learning_rate': 0.0014224215481353068}. Best is trial 18 with value: 63.992584228515625.
LOCAL_RANK: 0 - CUDA_VISIBLE_DEVICES: [0]
[I 2023-12-15 15:16:02,957] Trial 39 finished with value: 194.8528594970703 and parameters: {'gradient_clip_val': 0.17990806623427458, 'hidden_size': 39, 'dropout': 0.23802823202430898, 'hidden_continuous_size': 9, 'attention_head_size': 3, 'learning_rate': 0.0009700942229642357}. Best is trial 18 with value: 63.992584228515625.
LOCAL_RANK: 0 - CUDA_VISIBLE_DEVICES: [0]
[I 2023-12-15 15:16:57,328] Trial 40 finished with value: 185.38206481933594 and parameters: {'gradient_clip_val': 0.11972628630826887, 'hidden_size': 57, 'dropout': 0.21487610239707278, 'hidden_continuous_size': 15, 'attention_head_size': 4, 'learning_rate': 0.0012680747513000082}. Best is trial 18 with value: 63.992584228515625.
LOCAL_RANK: 0 - CUDA_VISIBLE_DEVICES: [0]
[I 2023-12-15 15:17:50,647] Trial 41 finished with value: 143.5575714111328 and parameters: {'gradient_clip_val': 0.15380534354828357, 'hidden_size': 46, 'dropout': 0.2669006473555298, 'hidden_continuous_size': 12, 'attention_head_size': 3, 'learning_rate': 0.0013986331140297785}. Best is trial 18 with value: 63.992584228515625.
LOCAL_RANK: 0 - CUDA_VISIBLE_DEVICES: [0]
[I 2023-12-15 15:18:40,776] Trial 42 finished with value: 61.58195114135742 and parameters: {'gradient_clip_val': 0.15280109513129075, 'hidden_size': 30, 'dropout': 0.26813707343425647, 'hidden_continuous_size': 12, 'attention_head_size': 3, 'learning_rate': 0.001634637762696614}. Best is trial 42 with value: 61.58195114135742.
LOCAL_RANK: 0 - CUDA_VISIBLE_DEVICES: [0]
[I 2023-12-15 15:19:30,646] Trial 43 finished with value: 95.30670928955078 and parameters: {'gradient_clip_val': 0.16469258493792316, 'hidden_size': 30, 'dropout': 0.22875419276964692, 'hidden_continuous_size': 14, 'attention_head_size': 3, 'learning_rate': 0.0010026963482526441}. Best is trial 42 with value: 61.58195114135742.
LOCAL_RANK: 0 - CUDA_VISIBLE_DEVICES: [0]
[I 2023-12-15 15:20:20,386] Trial 44 finished with value: 126.47245025634766 and parameters: {'gradient_clip_val': 0.18194223343862476, 'hidden_size': 29, 'dropout': 0.24832482748308865, 'hidden_continuous_size': 10, 'attention_head_size': 3, 'learning_rate': 0.0006231377013391302}. Best is trial 42 with value: 61.58195114135742.
LOCAL_RANK: 0 - CUDA_VISIBLE_DEVICES: [0]
[I 2023-12-15 15:21:13,972] Trial 45 finished with value: 109.65348052978516 and parameters: {'gradient_clip_val': 0.1411718601105525, 'hidden_size': 42, 'dropout': 0.2084480346516053, 'hidden_continuous_size': 15, 'attention_head_size': 4, 'learning_rate': 0.0017499512013787548}. Best is trial 42 with value: 61.58195114135742.
LOCAL_RANK: 0 - CUDA_VISIBLE_DEVICES: [0]
