[I 2023-12-16 04:19:07,999] Trial 19 finished with value: 3.4520065784454346 and parameters: {'gradient_clip_val': 0.7105309698173017, 'hidden_size': 45, 'dropout': 0.36468295494499714, 'hidden_continuous_size': 24, 'attention_head_size': 3, 'learning_rate': 0.001032280140078597}. Best is trial 14 with value: 3.309563636779785.
LOCAL_RANK: 0 - CUDA_VISIBLE_DEVICES: [0]
[I 2023-12-16 04:20:02,746] Trial 20 finished with value: 4.4687676429748535 and parameters: {'gradient_clip_val': 0.949880246554852, 'hidden_size': 73, 'dropout': 0.3189077453295519, 'hidden_continuous_size': 35, 'attention_head_size': 4, 'learning_rate': 0.00232123672036975}. Best is trial 14 with value: 3.309563636779785.
LOCAL_RANK: 0 - CUDA_VISIBLE_DEVICES: [0]
[I 2023-12-16 04:20:54,210] Trial 21 finished with value: 5.759517669677734 and parameters: {'gradient_clip_val': 0.7229764092821511, 'hidden_size': 44, 'dropout': 0.37522248965537625, 'hidden_continuous_size': 22, 'attention_head_size': 3, 'learning_rate': 0.000925278126358399}. Best is trial 14 with value: 3.309563636779785.
LOCAL_RANK: 0 - CUDA_VISIBLE_DEVICES: [0]
[I 2023-12-16 04:21:46,837] Trial 22 finished with value: 4.680598735809326 and parameters: {'gradient_clip_val': 0.7008066553836987, 'hidden_size': 47, 'dropout': 0.367067922781088, 'hidden_continuous_size': 23, 'attention_head_size': 3, 'learning_rate': 0.0005013166723337062}. Best is trial 14 with value: 3.309563636779785.
LOCAL_RANK: 0 - CUDA_VISIBLE_DEVICES: [0]
[I 2023-12-16 04:22:41,487] Trial 23 finished with value: 3.3149521350860596 and parameters: {'gradient_clip_val': 0.8169230445968657, 'hidden_size': 79, 'dropout': 0.39754825318544157, 'hidden_continuous_size': 32, 'attention_head_size': 4, 'learning_rate': 0.0011263519577702215}. Best is trial 14 with value: 3.309563636779785.
LOCAL_RANK: 0 - CUDA_VISIBLE_DEVICES: [0]
[I 2023-12-16 04:23:37,101] Trial 24 finished with value: 3.787628173828125 and parameters: {'gradient_clip_val': 0.8526358654985184, 'hidden_size': 76, 'dropout': 0.39294582413119855, 'hidden_continuous_size': 54, 'attention_head_size': 4, 'learning_rate': 0.0008796215545508638}. Best is trial 14 with value: 3.309563636779785.
LOCAL_RANK: 0 - CUDA_VISIBLE_DEVICES: [0]
[I 2023-12-16 04:24:31,402] Trial 25 finished with value: 7.3350372314453125 and parameters: {'gradient_clip_val': 0.6262851684813201, 'hidden_size': 77, 'dropout': 0.34344961265780616, 'hidden_continuous_size': 31, 'attention_head_size': 4, 'learning_rate': 0.0007736219746509521}. Best is trial 14 with value: 3.309563636779785.
LOCAL_RANK: 0 - CUDA_VISIBLE_DEVICES: [0]
[I 2023-12-16 04:25:25,813] Trial 26 finished with value: 6.138848781585693 and parameters: {'gradient_clip_val': 0.9877732841385405, 'hidden_size': 81, 'dropout': 0.3813475661432538, 'hidden_continuous_size': 32, 'attention_head_size': 4, 'learning_rate': 0.0016304768251353388}. Best is trial 14 with value: 3.309563636779785.
LOCAL_RANK: 0 - CUDA_VISIBLE_DEVICES: [0]
[I 2023-12-16 04:26:19,245] Trial 27 finished with value: 3.8816585540771484 and parameters: {'gradient_clip_val': 0.8390361547244337, 'hidden_size': 62, 'dropout': 0.39783361809337975, 'hidden_continuous_size': 20, 'attention_head_size': 4, 'learning_rate': 0.0012216035949898319}. Best is trial 14 with value: 3.309563636779785.
LOCAL_RANK: 0 - CUDA_VISIBLE_DEVICES: [0]
[I 2023-12-16 04:27:14,157] Trial 28 finished with value: 5.806153774261475 and parameters: {'gradient_clip_val': 0.49975004773534176, 'hidden_size': 77, 'dropout': 0.34433719925992967, 'hidden_continuous_size': 47, 'attention_head_size': 3, 'learning_rate': 0.0006702661848869946}. Best is trial 14 with value: 3.309563636779785.
LOCAL_RANK: 0 - CUDA_VISIBLE_DEVICES: [0]
[I 2023-12-16 04:28:07,133] Trial 29 finished with value: 8.09252643585205 and parameters: {'gradient_clip_val': 0.6230827705338887, 'hidden_size': 54, 'dropout': 0.3726872118649357, 'hidden_continuous_size': 28, 'attention_head_size': 4, 'learning_rate': 0.003372715504385781}. Best is trial 14 with value: 3.309563636779785.
LOCAL_RANK: 0 - CUDA_VISIBLE_DEVICES: [0]
[I 2023-12-16 04:28:59,407] Trial 30 finished with value: 3.2887792587280273 and parameters: {'gradient_clip_val': 0.8197590178897944, 'hidden_size': 35, 'dropout': 0.32687265677063837, 'hidden_continuous_size': 18, 'attention_head_size': 4, 'learning_rate': 0.0006923785053044328}. Best is trial 30 with value: 3.2887792587280273.
LOCAL_RANK: 0 - CUDA_VISIBLE_DEVICES: [0]
[I 2023-12-16 04:29:49,266] Trial 31 finished with value: 3.182520866394043 and parameters: {'gradient_clip_val': 0.8206198701447628, 'hidden_size': 32, 'dropout': 0.3761582594763807, 'hidden_continuous_size': 18, 'attention_head_size': 4, 'learning_rate': 0.0006961938121807191}. Best is trial 31 with value: 3.182520866394043.
LOCAL_RANK: 0 - CUDA_VISIBLE_DEVICES: [0]
[I 2023-12-16 04:30:41,502] Trial 32 finished with value: 3.7448031902313232 and parameters: {'gradient_clip_val': 0.8116741586963971, 'hidden_size': 37, 'dropout': 0.3612260329696509, 'hidden_continuous_size': 18, 'attention_head_size': 4, 'learning_rate': 0.0007574350468548851}. Best is trial 31 with value: 3.182520866394043.
LOCAL_RANK: 0 - CUDA_VISIBLE_DEVICES: [0]
[I 2023-12-16 04:31:30,751] Trial 33 finished with value: 3.392773389816284 and parameters: {'gradient_clip_val': 0.790878778271599, 'hidden_size': 30, 'dropout': 0.3806556643092033, 'hidden_continuous_size': 13, 'attention_head_size': 4, 'learning_rate': 0.001036614650893543}. Best is trial 31 with value: 3.182520866394043.
LOCAL_RANK: 0 - CUDA_VISIBLE_DEVICES: [0]
[I 2023-12-16 04:32:20,031] Trial 34 finished with value: 3.211343765258789 and parameters: {'gradient_clip_val': 0.6565442532298003, 'hidden_size': 32, 'dropout': 0.3261355759093621, 'hidden_continuous_size': 16, 'attention_head_size': 4, 'learning_rate': 0.000678046518392234}. Best is trial 31 with value: 3.182520866394043.
LOCAL_RANK: 0 - CUDA_VISIBLE_DEVICES: [0]
[I 2023-12-16 04:33:09,366] Trial 35 finished with value: 3.338696241378784 and parameters: {'gradient_clip_val': 0.6470387840089272, 'hidden_size': 31, 'dropout': 0.33446510135418295, 'hidden_continuous_size': 12, 'attention_head_size': 4, 'learning_rate': 0.0006831918040145177}. Best is trial 31 with value: 3.182520866394043.
LOCAL_RANK: 0 - CUDA_VISIBLE_DEVICES: [0]
[I 2023-12-16 04:33:58,464] Trial 36 finished with value: 5.245739459991455 and parameters: {'gradient_clip_val': 0.9154748165669289, 'hidden_size': 26, 'dropout': 0.30021554374530723, 'hidden_continuous_size': 15, 'attention_head_size': 4, 'learning_rate': 0.000640093583934058}. Best is trial 31 with value: 3.182520866394043.
LOCAL_RANK: 0 - CUDA_VISIBLE_DEVICES: [0]
[I 2023-12-16 04:34:48,157] Trial 37 finished with value: 3.3027279376983643 and parameters: {'gradient_clip_val': 0.4683601845940722, 'hidden_size': 35, 'dropout': 0.3334783711983943, 'hidden_continuous_size': 10, 'attention_head_size': 3, 'learning_rate': 0.0013602467868513647}. Best is trial 31 with value: 3.182520866394043.
LOCAL_RANK: 0 - CUDA_VISIBLE_DEVICES: [0]
[I 2023-12-16 04:35:36,869] Trial 38 finished with value: 3.2477405071258545 and parameters: {'gradient_clip_val': 0.4746038307701648, 'hidden_size': 22, 'dropout': 0.33017510757576796, 'hidden_continuous_size': 16, 'attention_head_size': 3, 'learning_rate': 0.0013044614684526467}. Best is trial 31 with value: 3.182520866394043.
LOCAL_RANK: 0 - CUDA_VISIBLE_DEVICES: [0]
[I 2023-12-16 04:36:25,557] Trial 39 finished with value: 4.153963565826416 and parameters: {'gradient_clip_val': 0.5778399246558998, 'hidden_size': 22, 'dropout': 0.3312251360423852, 'hidden_continuous_size': 16, 'attention_head_size': 3, 'learning_rate': 0.0022461265246426403}. Best is trial 31 with value: 3.182520866394043.
LOCAL_RANK: 0 - CUDA_VISIBLE_DEVICES: [0]
[I 2023-12-16 04:37:13,921] Trial 40 finished with value: 3.810837507247925 and parameters: {'gradient_clip_val': 0.514166210055249, 'hidden_size': 23, 'dropout': 0.3553305031296473, 'hidden_continuous_size': 14, 'attention_head_size': 2, 'learning_rate': 0.0008723795026568343}. Best is trial 31 with value: 3.182520866394043.
LOCAL_RANK: 0 - CUDA_VISIBLE_DEVICES: [0]
[I 2023-12-16 04:38:03,628] Trial 41 finished with value: 4.623697280883789 and parameters: {'gradient_clip_val': 0.47233063565942973, 'hidden_size': 32, 'dropout': 0.3262295706472098, 'hidden_continuous_size': 18, 'attention_head_size': 3, 'learning_rate': 0.0014980736797531344}. Best is trial 31 with value: 3.182520866394043.
LOCAL_RANK: 0 - CUDA_VISIBLE_DEVICES: [0]
[I 2023-12-16 04:38:50,538] Trial 42 finished with value: 3.522352933883667 and parameters: {'gradient_clip_val': 0.3516988625602776, 'hidden_size': 20, 'dropout': 0.30913091810610743, 'hidden_continuous_size': 10, 'attention_head_size': 3, 'learning_rate': 0.0012879543399192139}. Best is trial 31 with value: 3.182520866394043.
LOCAL_RANK: 0 - CUDA_VISIBLE_DEVICES: [0]
[I 2023-12-16 04:39:41,106] Trial 43 finished with value: 4.169835567474365 and parameters: {'gradient_clip_val': 0.5640092980448334, 'hidden_size': 35, 'dropout': 0.338610465421747, 'hidden_continuous_size': 16, 'attention_head_size': 2, 'learning_rate': 0.0008432305027883777}. Best is trial 31 with value: 3.182520866394043.
LOCAL_RANK: 0 - CUDA_VISIBLE_DEVICES: [0]
[I 2023-12-16 04:40:30,246] Trial 44 finished with value: 3.445195436477661 and parameters: {'gradient_clip_val': 0.47468808029345616, 'hidden_size': 27, 'dropout': 0.3517496116768724, 'hidden_continuous_size': 14, 'attention_head_size': 3, 'learning_rate': 0.0006530841403294932}. Best is trial 31 with value: 3.182520866394043.
LOCAL_RANK: 0 - CUDA_VISIBLE_DEVICES: [0]
[I 2023-12-16 04:41:19,374] Trial 45 finished with value: 8.601099014282227 and parameters: {'gradient_clip_val': 0.677698871976964, 'hidden_size': 25, 'dropout': 0.2877087683402853, 'hidden_continuous_size': 17, 'attention_head_size': 3, 'learning_rate': 0.0013526478416101206}. Best is trial 31 with value: 3.182520866394043.
LOCAL_RANK: 0 - CUDA_VISIBLE_DEVICES: [0]
[I 2023-12-16 04:42:06,856] Trial 46 finished with value: 3.6920206546783447 and parameters: {'gradient_clip_val': 0.30366902103339116, 'hidden_size': 18, 'dropout': 0.32484364811098243, 'hidden_continuous_size': 12, 'attention_head_size': 2, 'learning_rate': 0.001971114965331357}. Best is trial 31 with value: 3.182520866394043.
LOCAL_RANK: 0 - CUDA_VISIBLE_DEVICES: [0]
[I 2023-12-16 04:42:54,045] Trial 47 finished with value: 3.631535768508911 and parameters: {'gradient_clip_val': 0.5659319179811121, 'hidden_size': 28, 'dropout': 0.35093264033695815, 'hidden_continuous_size': 10, 'attention_head_size': 1, 'learning_rate': 0.0009638510188470996}. Best is trial 31 with value: 3.182520866394043.
LOCAL_RANK: 0 - CUDA_VISIBLE_DEVICES: [0]
[I 2023-12-16 04:43:45,706] Trial 48 finished with value: 4.493540287017822 and parameters: {'gradient_clip_val': 0.7643756688640785, 'hidden_size': 33, 'dropout': 0.31898400627013945, 'hidden_continuous_size': 21, 'attention_head_size': 3, 'learning_rate': 0.002791011414302803}. Best is trial 31 with value: 3.182520866394043.
LOCAL_RANK: 0 - CUDA_VISIBLE_DEVICES: [0]
[I 2023-12-16 04:44:38,397] Trial 49 finished with value: 4.339045524597168 and parameters: {'gradient_clip_val': 0.6492259513155281, 'hidden_size': 41, 'dropout': 0.2571884838194805, 'hidden_continuous_size': 18, 'attention_head_size': 3, 'learning_rate': 0.004859812544129556}. Best is trial 31 with value: 3.182520866394043.
[I 2023-12-16 04:44:38,493] A new study created in memory with name: no-name-ece570e7-a3aa-429a-8776-041c80f6053e
/home/le004/conda/anaconda3/envs/tsff_env/lib/python3.9/site-packages/lightning/fabric/plugins/environments/slurm.py:191: The `srun` command is available on your system but is not used. HINT: If your intention is to run Lightning on SLURM, prepend your python command with `srun` like so: srun python /home/le004/master_thesis/git/TSFusionForecast/code/ ...
LOCAL_RANK: 0 - CUDA_VISIBLE_DEVICES: [0]
[I 2023-12-16 04:45:32,907] Trial 0 finished with value: 35.73887252807617 and parameters: {'gradient_clip_val': 0.4562242719817992, 'hidden_size': 76, 'dropout': 0.3396897549757704, 'hidden_continuous_size': 60, 'attention_head_size': 2, 'learning_rate': 0.009761004115249083}. Best is trial 0 with value: 35.73887252807617.
LOCAL_RANK: 0 - CUDA_VISIBLE_DEVICES: [0]
[I 2023-12-16 04:46:07,157] Trial 1 finished with value: 27.881912231445312 and parameters: {'gradient_clip_val': 0.1626700000583824, 'hidden_size': 17, 'dropout': 0.3496522349265598, 'hidden_continuous_size': 17, 'attention_head_size': 3, 'learning_rate': 0.02213929686750599}. Best is trial 1 with value: 27.881912231445312.
LOCAL_RANK: 0 - CUDA_VISIBLE_DEVICES: [0]
[I 2023-12-16 04:47:01,086] Trial 2 finished with value: 39.8920783996582 and parameters: {'gradient_clip_val': 0.9712618021917089, 'hidden_size': 83, 'dropout': 0.20321234804894378, 'hidden_continuous_size': 8, 'attention_head_size': 3, 'learning_rate': 0.059277654379655244}. Best is trial 1 with value: 27.881912231445312.
LOCAL_RANK: 0 - CUDA_VISIBLE_DEVICES: [0]
[I 2023-12-16 04:47:47,742] Trial 3 finished with value: 28.741750717163086 and parameters: {'gradient_clip_val': 0.44034004953439937, 'hidden_size': 17, 'dropout': 0.34087509103997227, 'hidden_continuous_size': 8, 'attention_head_size': 4, 'learning_rate': 0.0063704139839420625}. Best is trial 1 with value: 27.881912231445312.
LOCAL_RANK: 0 - CUDA_VISIBLE_DEVICES: [0]
[I 2023-12-16 04:48:41,866] Trial 4 finished with value: 37.70542907714844 and parameters: {'gradient_clip_val': 0.14572188804394434, 'hidden_size': 94, 'dropout': 0.23457565473697703, 'hidden_continuous_size': 26, 'attention_head_size': 1, 'learning_rate': 0.008940739895627506}. Best is trial 1 with value: 27.881912231445312.
LOCAL_RANK: 0 - CUDA_VISIBLE_DEVICES: [0]
[I 2023-12-16 04:49:26,728] Trial 5 finished with value: 30.761171340942383 and parameters: {'gradient_clip_val': 0.9523340014532173, 'hidden_size': 15, 'dropout': 0.2935142675220682, 'hidden_continuous_size': 5, 'attention_head_size': 2, 'learning_rate': 0.006431001883467179}. Best is trial 1 with value: 27.881912231445312.
LOCAL_RANK: 0 - CUDA_VISIBLE_DEVICES: [0]
[I 2023-12-16 04:50:21,157] Trial 6 finished with value: 42.80763626098633 and parameters: {'gradient_clip_val': 0.19721539303365712, 'hidden_size': 78, 'dropout': 0.2902889588326665, 'hidden_continuous_size': 54, 'attention_head_size': 1, 'learning_rate': 0.004345759796848902}. Best is trial 1 with value: 27.881912231445312.
LOCAL_RANK: 0 - CUDA_VISIBLE_DEVICES: [0]
[I 2023-12-16 04:51:10,098] Trial 7 finished with value: 34.34037780761719 and parameters: {'gradient_clip_val': 0.2158582073717869, 'hidden_size': 36, 'dropout': 0.20855700406437283, 'hidden_continuous_size': 10, 'attention_head_size': 3, 'learning_rate': 0.06842090982048611}. Best is trial 1 with value: 27.881912231445312.
LOCAL_RANK: 0 - CUDA_VISIBLE_DEVICES: [0]
[I 2023-12-16 04:51:55,059] Trial 8 finished with value: 21.168598175048828 and parameters: {'gradient_clip_val': 0.6256447404607999, 'hidden_size': 14, 'dropout': 0.3687765437308722, 'hidden_continuous_size': 6, 'attention_head_size': 2, 'learning_rate': 0.009443349090149529}. Best is trial 8 with value: 21.168598175048828.
LOCAL_RANK: 0 - CUDA_VISIBLE_DEVICES: [0]
[I 2023-12-16 04:52:48,508] Trial 9 finished with value: 35.73529815673828 and parameters: {'gradient_clip_val': 0.1384196212764888, 'hidden_size': 96, 'dropout': 0.24928553474117238, 'hidden_continuous_size': 31, 'attention_head_size': 2, 'learning_rate': 0.053727673530871656}. Best is trial 8 with value: 21.168598175048828.
LOCAL_RANK: 0 - CUDA_VISIBLE_DEVICES: [0]
[I 2023-12-16 04:53:33,855] Trial 10 finished with value: 35.00565719604492 and parameters: {'gradient_clip_val': 0.10680502018143383, 'hidden_size': 7, 'dropout': 0.3933151580253834, 'hidden_continuous_size': 5, 'attention_head_size': 4, 'learning_rate': 0.0013864038571406371}. Best is trial 8 with value: 21.168598175048828.
LOCAL_RANK: 0 - CUDA_VISIBLE_DEVICES: [0]
[I 2023-12-16 04:54:19,040] Trial 11 finished with value: 33.080745697021484 and parameters: {'gradient_clip_val': 0.309673334343836, 'hidden_size': 11, 'dropout': 0.12638895783881426, 'hidden_continuous_size': 6, 'attention_head_size': 3, 'learning_rate': 0.02402839616329957}. Best is trial 8 with value: 21.168598175048828.
LOCAL_RANK: 0 - CUDA_VISIBLE_DEVICES: [0]
[I 2023-12-16 04:55:07,558] Trial 12 finished with value: 37.67184829711914 and parameters: {'gradient_clip_val': 0.6254221271570803, 'hidden_size': 27, 'dropout': 0.3890543583063458, 'hidden_continuous_size': 14, 'attention_head_size': 2, 'learning_rate': 0.029219205828542278}. Best is trial 8 with value: 21.168598175048828.
LOCAL_RANK: 0 - CUDA_VISIBLE_DEVICES: [0]
[I 2023-12-16 04:55:41,728] Trial 13 finished with value: 37.55086135864258 and parameters: {'gradient_clip_val': 0.26202377823328554, 'hidden_size': 5, 'dropout': 0.3568720592596824, 'hidden_continuous_size': 5, 'attention_head_size': 3, 'learning_rate': 0.0005662508892075704}. Best is trial 8 with value: 21.168598175048828.
LOCAL_RANK: 0 - CUDA_VISIBLE_DEVICES: [0]
[I 2023-12-16 04:56:25,973] Trial 14 finished with value: 28.756492614746094 and parameters: {'gradient_clip_val': 0.3692988052237368, 'hidden_size': 11, 'dropout': 0.3978706527042536, 'hidden_continuous_size': 6, 'attention_head_size': 1, 'learning_rate': 0.018794275841437214}. Best is trial 8 with value: 21.168598175048828.
LOCAL_RANK: 0 - CUDA_VISIBLE_DEVICES: [0]
[I 2023-12-16 04:57:15,337] Trial 15 finished with value: 35.951602935791016 and parameters: {'gradient_clip_val': 0.6287300693222216, 'hidden_size': 26, 'dropout': 0.3143584719400953, 'hidden_continuous_size': 13, 'attention_head_size': 4, 'learning_rate': 0.01654085596234135}. Best is trial 8 with value: 21.168598175048828.
LOCAL_RANK: 0 - CUDA_VISIBLE_DEVICES: [0]
[I 2023-12-16 04:58:00,121] Trial 16 finished with value: 14.372791290283203 and parameters: {'gradient_clip_val': 0.22145838975891458, 'hidden_size': 10, 'dropout': 0.36673060365411453, 'hidden_continuous_size': 6, 'attention_head_size': 2, 'learning_rate': 0.003314142709524123}. Best is trial 16 with value: 14.372791290283203.
LOCAL_RANK: 0 - CUDA_VISIBLE_DEVICES: [0]
[I 2023-12-16 04:58:43,551] Trial 17 finished with value: 20.784303665161133 and parameters: {'gradient_clip_val': 0.2621926117253858, 'hidden_size': 8, 'dropout': 0.28984912358873544, 'hidden_continuous_size': 5, 'attention_head_size': 2, 'learning_rate': 0.002664220277719825}. Best is trial 16 with value: 14.372791290283203.
LOCAL_RANK: 0 - CUDA_VISIBLE_DEVICES: [0]
[I 2023-12-16 04:59:26,418] Trial 18 finished with value: 22.3492374420166 and parameters: {'gradient_clip_val': 0.26204764167799677, 'hidden_size': 8, 'dropout': 0.29525159276833207, 'hidden_continuous_size': 5, 'attention_head_size': 1, 'learning_rate': 0.0027677392305876787}. Best is trial 16 with value: 14.372791290283203.
LOCAL_RANK: 0 - CUDA_VISIBLE_DEVICES: [0]
[I 2023-12-16 05:00:00,191] Trial 19 finished with value: 26.684316635131836 and parameters: {'gradient_clip_val': 0.20934328831333482, 'hidden_size': 5, 'dropout': 0.3212065104679703, 'hidden_continuous_size': 5, 'attention_head_size': 2, 'learning_rate': 0.00235703691361786}. Best is trial 16 with value: 14.372791290283203.
LOCAL_RANK: 0 - CUDA_VISIBLE_DEVICES: [0]
[I 2023-12-16 05:00:43,075] Trial 20 finished with value: 21.508468627929688 and parameters: {'gradient_clip_val': 0.2758596627639377, 'hidden_size': 8, 'dropout': 0.2823214683681521, 'hidden_continuous_size': 5, 'attention_head_size': 1, 'learning_rate': 0.0011811608428183085}. Best is trial 16 with value: 14.372791290283203.
LOCAL_RANK: 0 - CUDA_VISIBLE_DEVICES: [0]
[I 2023-12-16 05:01:28,085] Trial 21 finished with value: 22.307485580444336 and parameters: {'gradient_clip_val': 0.3428245537636608, 'hidden_size': 11, 'dropout': 0.3724459671635821, 'hidden_continuous_size': 6, 'attention_head_size': 2, 'learning_rate': 0.003600783124307942}. Best is trial 16 with value: 14.372791290283203.
LOCAL_RANK: 0 - CUDA_VISIBLE_DEVICES: [0]
[I 2023-12-16 05:02:13,108] Trial 22 finished with value: 35.44927215576172 and parameters: {'gradient_clip_val': 0.237800784513213, 'hidden_size': 13, 'dropout': 0.36763877071555207, 'hidden_continuous_size': 6, 'attention_head_size': 2, 'learning_rate': 0.004353128660226281}. Best is trial 16 with value: 14.372791290283203.
LOCAL_RANK: 0 - CUDA_VISIBLE_DEVICES: [0]
[I 2023-12-16 05:02:57,563] Trial 23 finished with value: 27.966196060180664 and parameters: {'gradient_clip_val': 0.19385310238457235, 'hidden_size': 7, 'dropout': 0.3680171851831977, 'hidden_continuous_size': 5, 'attention_head_size': 2, 'learning_rate': 0.002163249088320992}. Best is trial 16 with value: 14.372791290283203.
LOCAL_RANK: 0 - CUDA_VISIBLE_DEVICES: [0]
[I 2023-12-16 05:03:42,206] Trial 24 finished with value: 30.659006118774414 and parameters: {'gradient_clip_val': 0.3141171569037981, 'hidden_size': 9, 'dropout': 0.32590571630812154, 'hidden_continuous_size': 6, 'attention_head_size': 2, 'learning_rate': 0.010223266970733315}. Best is trial 16 with value: 14.372791290283203.
LOCAL_RANK: 0 - CUDA_VISIBLE_DEVICES: [0]
[I 2023-12-16 05:04:27,103] Trial 25 finished with value: 23.692636489868164 and parameters: {'gradient_clip_val': 0.4001348837672517, 'hidden_size': 6, 'dropout': 0.37668093009238246, 'hidden_continuous_size': 5, 'attention_head_size': 3, 'learning_rate': 0.005211214911689195}. Best is trial 16 with value: 14.372791290283203.
LOCAL_RANK: 0 - CUDA_VISIBLE_DEVICES: [0]
[I 2023-12-16 05:05:11,843] Trial 26 finished with value: 43.3456916809082 and parameters: {'gradient_clip_val': 0.30312128995253423, 'hidden_size': 10, 'dropout': 0.35219589856888206, 'hidden_continuous_size': 6, 'attention_head_size': 2, 'learning_rate': 0.011965279794826332}. Best is trial 16 with value: 14.372791290283203.
LOCAL_RANK: 0 - CUDA_VISIBLE_DEVICES: [0]
