[I 2023-12-16 08:35:26,355] Trial 13 finished with value: 1483.7779541015625 and parameters: {'gradient_clip_val': 0.5453364740753831, 'hidden_size': 65, 'dropout': 0.3992721451712329, 'hidden_continuous_size': 9, 'attention_head_size': 1, 'learning_rate': 0.0013285288600613958}. Best is trial 4 with value: 1013.7561645507812.
LOCAL_RANK: 0 - CUDA_VISIBLE_DEVICES: [0]
[I 2023-12-16 08:36:16,442] Trial 14 finished with value: 3088.026611328125 and parameters: {'gradient_clip_val': 0.41987836456492156, 'hidden_size': 35, 'dropout': 0.2384039896980065, 'hidden_continuous_size': 9, 'attention_head_size': 2, 'learning_rate': 0.0009070392789814308}. Best is trial 4 with value: 1013.7561645507812.
LOCAL_RANK: 0 - CUDA_VISIBLE_DEVICES: [0]
[I 2023-12-16 08:37:03,513] Trial 15 finished with value: 3483.248779296875 and parameters: {'gradient_clip_val': 0.7353080905560484, 'hidden_size': 18, 'dropout': 0.32895449847538494, 'hidden_continuous_size': 8, 'attention_head_size': 1, 'learning_rate': 0.0040626108247480515}. Best is trial 4 with value: 1013.7561645507812.
LOCAL_RANK: 0 - CUDA_VISIBLE_DEVICES: [0]
[I 2023-12-16 08:37:52,297] Trial 16 finished with value: 1137.6971435546875 and parameters: {'gradient_clip_val': 0.21605026144498254, 'hidden_size': 28, 'dropout': 0.2902344567207097, 'hidden_continuous_size': 13, 'attention_head_size': 3, 'learning_rate': 0.0027400178703575143}. Best is trial 4 with value: 1013.7561645507812.
LOCAL_RANK: 0 - CUDA_VISIBLE_DEVICES: [0]
[I 2023-12-16 08:38:42,184] Trial 17 finished with value: 3827.968994140625 and parameters: {'gradient_clip_val': 0.219597806894865, 'hidden_size': 29, 'dropout': 0.29310506951409204, 'hidden_continuous_size': 11, 'attention_head_size': 3, 'learning_rate': 0.013927628397393182}. Best is trial 4 with value: 1013.7561645507812.
LOCAL_RANK: 0 - CUDA_VISIBLE_DEVICES: [0]
[I 2023-12-16 08:39:28,834] Trial 18 finished with value: 1412.88330078125 and parameters: {'gradient_clip_val': 0.10171383531739965, 'hidden_size': 15, 'dropout': 0.23153880646617334, 'hidden_continuous_size': 7, 'attention_head_size': 3, 'learning_rate': 0.002736377161322199}. Best is trial 4 with value: 1013.7561645507812.
LOCAL_RANK: 0 - CUDA_VISIBLE_DEVICES: [0]
[I 2023-12-16 08:40:17,894] Trial 19 finished with value: 3633.306640625 and parameters: {'gradient_clip_val': 0.22872608983992654, 'hidden_size': 28, 'dropout': 0.2728588162806438, 'hidden_continuous_size': 11, 'attention_head_size': 4, 'learning_rate': 0.006325116280179117}. Best is trial 4 with value: 1013.7561645507812.
LOCAL_RANK: 0 - CUDA_VISIBLE_DEVICES: [0]
[I 2023-12-16 08:41:03,812] Trial 20 finished with value: 3098.8291015625 and parameters: {'gradient_clip_val': 0.3711778374710644, 'hidden_size': 9, 'dropout': 0.21153011829967172, 'hidden_continuous_size': 5, 'attention_head_size': 2, 'learning_rate': 0.002119269911417244}. Best is trial 4 with value: 1013.7561645507812.
LOCAL_RANK: 0 - CUDA_VISIBLE_DEVICES: [0]
[I 2023-12-16 08:41:57,650] Trial 21 finished with value: 2310.902587890625 and parameters: {'gradient_clip_val': 0.35143924071039057, 'hidden_size': 49, 'dropout': 0.3095383737354979, 'hidden_continuous_size': 14, 'attention_head_size': 3, 'learning_rate': 0.000985111091909886}. Best is trial 4 with value: 1013.7561645507812.
LOCAL_RANK: 0 - CUDA_VISIBLE_DEVICES: [0]
[I 2023-12-16 08:42:48,350] Trial 22 finished with value: 1327.09716796875 and parameters: {'gradient_clip_val': 0.24619062144333823, 'hidden_size': 33, 'dropout': 0.3693894398404616, 'hidden_continuous_size': 15, 'attention_head_size': 2, 'learning_rate': 0.0020044816236014064}. Best is trial 4 with value: 1013.7561645507812.
LOCAL_RANK: 0 - CUDA_VISIBLE_DEVICES: [0]
[I 2023-12-16 08:43:37,491] Trial 23 finished with value: 2348.998291015625 and parameters: {'gradient_clip_val': 0.19025516252006439, 'hidden_size': 21, 'dropout': 0.32583730352332546, 'hidden_continuous_size': 12, 'attention_head_size': 1, 'learning_rate': 0.0010405878750277722}. Best is trial 4 with value: 1013.7561645507812.
LOCAL_RANK: 0 - CUDA_VISIBLE_DEVICES: [0]
[I 2023-12-16 08:44:30,889] Trial 24 finished with value: 1085.111328125 and parameters: {'gradient_clip_val': 0.32938536614268804, 'hidden_size': 43, 'dropout': 0.2692236775271539, 'hidden_continuous_size': 18, 'attention_head_size': 2, 'learning_rate': 0.0016397217027194293}. Best is trial 4 with value: 1013.7561645507812.
LOCAL_RANK: 0 - CUDA_VISIBLE_DEVICES: [0]
[I 2023-12-16 08:45:25,497] Trial 25 finished with value: 1122.3511962890625 and parameters: {'gradient_clip_val': 0.33039957072867304, 'hidden_size': 63, 'dropout': 0.26611080281135185, 'hidden_continuous_size': 22, 'attention_head_size': 3, 'learning_rate': 0.0034801174393861442}. Best is trial 4 with value: 1013.7561645507812.
LOCAL_RANK: 0 - CUDA_VISIBLE_DEVICES: [0]
[I 2023-12-16 08:46:20,147] Trial 26 finished with value: 6775.1796875 and parameters: {'gradient_clip_val': 0.34036192196151027, 'hidden_size': 67, 'dropout': 0.25794009009295016, 'hidden_continuous_size': 22, 'attention_head_size': 2, 'learning_rate': 0.00563938183810922}. Best is trial 4 with value: 1013.7561645507812.
LOCAL_RANK: 0 - CUDA_VISIBLE_DEVICES: [0]
[I 2023-12-16 08:47:16,020] Trial 27 finished with value: 3432.013671875 and parameters: {'gradient_clip_val': 0.4331974307975898, 'hidden_size': 96, 'dropout': 0.220697859687229, 'hidden_continuous_size': 26, 'attention_head_size': 3, 'learning_rate': 0.0033111754602863468}. Best is trial 4 with value: 1013.7561645507812.
LOCAL_RANK: 0 - CUDA_VISIBLE_DEVICES: [0]
[I 2023-12-16 08:48:09,311] Trial 28 finished with value: 6648.673828125 and parameters: {'gradient_clip_val': 0.3064654510311477, 'hidden_size': 54, 'dropout': 0.2736586109129153, 'hidden_continuous_size': 17, 'attention_head_size': 2, 'learning_rate': 0.002007542499621796}. Best is trial 4 with value: 1013.7561645507812.
LOCAL_RANK: 0 - CUDA_VISIBLE_DEVICES: [0]
[I 2023-12-16 08:49:04,620] Trial 29 finished with value: 1690.4876708984375 and parameters: {'gradient_clip_val': 0.268179213731509, 'hidden_size': 70, 'dropout': 0.25057645302411147, 'hidden_continuous_size': 30, 'attention_head_size': 4, 'learning_rate': 0.0006594733694029928}. Best is trial 4 with value: 1013.7561645507812.
LOCAL_RANK: 0 - CUDA_VISIBLE_DEVICES: [0]
[I 2023-12-16 08:49:57,855] Trial 30 finished with value: 3171.891845703125 and parameters: {'gradient_clip_val': 0.3035271860719162, 'hidden_size': 47, 'dropout': 0.21612321921402544, 'hidden_continuous_size': 20, 'attention_head_size': 2, 'learning_rate': 0.0007217706464502738}. Best is trial 4 with value: 1013.7561645507812.
LOCAL_RANK: 0 - CUDA_VISIBLE_DEVICES: [0]
[I 2023-12-16 08:50:47,439] Trial 31 finished with value: 7039.54150390625 and parameters: {'gradient_clip_val': 0.24943961656986813, 'hidden_size': 32, 'dropout': 0.285136652024516, 'hidden_continuous_size': 13, 'attention_head_size': 3, 'learning_rate': 0.0016772052067318582}. Best is trial 4 with value: 1013.7561645507812.
LOCAL_RANK: 0 - CUDA_VISIBLE_DEVICES: [0]
[I 2023-12-16 08:51:40,925] Trial 32 finished with value: 3968.385009765625 and parameters: {'gradient_clip_val': 0.3663342891422602, 'hidden_size': 42, 'dropout': 0.2933737958992182, 'hidden_continuous_size': 16, 'attention_head_size': 3, 'learning_rate': 0.002673740370047561}. Best is trial 4 with value: 1013.7561645507812.
LOCAL_RANK: 0 - CUDA_VISIBLE_DEVICES: [0]
[I 2023-12-16 08:52:34,100] Trial 33 finished with value: 2441.5927734375 and parameters: {'gradient_clip_val': 0.21564929762952775, 'hidden_size': 56, 'dropout': 0.28195704912899444, 'hidden_continuous_size': 13, 'attention_head_size': 3, 'learning_rate': 0.0016458013130672897}. Best is trial 4 with value: 1013.7561645507812.
LOCAL_RANK: 0 - CUDA_VISIBLE_DEVICES: [0]
[I 2023-12-16 08:53:26,975] Trial 34 finished with value: 1529.6832275390625 and parameters: {'gradient_clip_val': 0.2728923986187789, 'hidden_size': 37, 'dropout': 0.30305370488553635, 'hidden_continuous_size': 14, 'attention_head_size': 4, 'learning_rate': 0.004187874830410911}. Best is trial 4 with value: 1013.7561645507812.
LOCAL_RANK: 0 - CUDA_VISIBLE_DEVICES: [0]
[I 2023-12-16 08:54:17,481] Trial 35 finished with value: 876.15673828125 and parameters: {'gradient_clip_val': 0.32312926024725985, 'hidden_size': 31, 'dropout': 0.27001083888806143, 'hidden_continuous_size': 11, 'attention_head_size': 3, 'learning_rate': 0.0013808439073422457}. Best is trial 35 with value: 876.15673828125.
LOCAL_RANK: 0 - CUDA_VISIBLE_DEVICES: [0]
[I 2023-12-16 08:55:10,979] Trial 36 finished with value: 4137.23388671875 and parameters: {'gradient_clip_val': 0.32871303564164017, 'hidden_size': 45, 'dropout': 0.2624034917996604, 'hidden_continuous_size': 10, 'attention_head_size': 4, 'learning_rate': 0.0014438552703941218}. Best is trial 35 with value: 876.15673828125.
LOCAL_RANK: 0 - CUDA_VISIBLE_DEVICES: [0]
[I 2023-12-16 08:55:59,686] Trial 37 finished with value: 1458.0703125 and parameters: {'gradient_clip_val': 0.38767480540378374, 'hidden_size': 24, 'dropout': 0.2443027956666922, 'hidden_continuous_size': 10, 'attention_head_size': 3, 'learning_rate': 0.0008096486058276745}. Best is trial 35 with value: 876.15673828125.
LOCAL_RANK: 0 - CUDA_VISIBLE_DEVICES: [0]
[I 2023-12-16 08:56:51,567] Trial 38 finished with value: 2141.313720703125 and parameters: {'gradient_clip_val': 0.4756792907983117, 'hidden_size': 39, 'dropout': 0.195597872910508, 'hidden_continuous_size': 17, 'attention_head_size': 1, 'learning_rate': 0.0011831607156178175}. Best is trial 35 with value: 876.15673828125.
LOCAL_RANK: 0 - CUDA_VISIBLE_DEVICES: [0]
[I 2023-12-16 08:57:41,930] Trial 39 finished with value: 4110.44287109375 and parameters: {'gradient_clip_val': 0.3178619426523107, 'hidden_size': 30, 'dropout': 0.264792142648037, 'hidden_continuous_size': 12, 'attention_head_size': 3, 'learning_rate': 0.0018729393847597888}. Best is trial 35 with value: 876.15673828125.
LOCAL_RANK: 0 - CUDA_VISIBLE_DEVICES: [0]
[I 2023-12-16 08:58:31,434] Trial 40 finished with value: 1423.1328125 and parameters: {'gradient_clip_val': 0.27884358502494233, 'hidden_size': 23, 'dropout': 0.3066418743838517, 'hidden_continuous_size': 12, 'attention_head_size': 2, 'learning_rate': 0.0015105519484141178}. Best is trial 35 with value: 876.15673828125.
LOCAL_RANK: 0 - CUDA_VISIBLE_DEVICES: [0]
[I 2023-12-16 08:59:21,902] Trial 41 finished with value: 1073.5511474609375 and parameters: {'gradient_clip_val': 0.16704806518629406, 'hidden_size': 26, 'dropout': 0.28099554387424186, 'hidden_continuous_size': 14, 'attention_head_size': 3, 'learning_rate': 0.002495976441714877}. Best is trial 35 with value: 876.15673828125.
LOCAL_RANK: 0 - CUDA_VISIBLE_DEVICES: [0]
[I 2023-12-16 09:00:10,021] Trial 42 finished with value: 4221.94580078125 and parameters: {'gradient_clip_val': 0.16101380088583234, 'hidden_size': 20, 'dropout': 0.2527512769746112, 'hidden_continuous_size': 11, 'attention_head_size': 3, 'learning_rate': 0.002345109011719185}. Best is trial 35 with value: 876.15673828125.
LOCAL_RANK: 0 - CUDA_VISIBLE_DEVICES: [0]
[I 2023-12-16 09:00:59,906] Trial 43 finished with value: 2873.6904296875 and parameters: {'gradient_clip_val': 0.33647629184244643, 'hidden_size': 26, 'dropout': 0.27805217183043734, 'hidden_continuous_size': 15, 'attention_head_size': 3, 'learning_rate': 0.0013319487987143012}. Best is trial 35 with value: 876.15673828125.
LOCAL_RANK: 0 - CUDA_VISIBLE_DEVICES: [0]
[I 2023-12-16 09:01:51,701] Trial 44 finished with value: 1042.125244140625 and parameters: {'gradient_clip_val': 0.29759821888450627, 'hidden_size': 36, 'dropout': 0.2377882367062985, 'hidden_continuous_size': 21, 'attention_head_size': 3, 'learning_rate': 0.0033327961953531536}. Best is trial 35 with value: 876.15673828125.
LOCAL_RANK: 0 - CUDA_VISIBLE_DEVICES: [0]
[I 2023-12-16 09:02:42,387] Trial 45 finished with value: 3181.125732421875 and parameters: {'gradient_clip_val': 0.1771351573526861, 'hidden_size': 32, 'dropout': 0.251482057501898, 'hidden_continuous_size': 18, 'attention_head_size': 3, 'learning_rate': 0.0022212781453391666}. Best is trial 35 with value: 876.15673828125.
LOCAL_RANK: 0 - CUDA_VISIBLE_DEVICES: [0]
[I 2023-12-16 09:03:34,253] Trial 46 finished with value: 940.3931274414062 and parameters: {'gradient_clip_val': 0.29126115569168703, 'hidden_size': 36, 'dropout': 0.22750313920512144, 'hidden_continuous_size': 19, 'attention_head_size': 4, 'learning_rate': 0.0011172804691070043}. Best is trial 35 with value: 876.15673828125.
LOCAL_RANK: 0 - CUDA_VISIBLE_DEVICES: [0]
[I 2023-12-16 09:04:25,801] Trial 47 finished with value: 1277.4764404296875 and parameters: {'gradient_clip_val': 0.29186980551295855, 'hidden_size': 36, 'dropout': 0.17249967581044956, 'hidden_continuous_size': 16, 'attention_head_size': 4, 'learning_rate': 0.0009811457963680667}. Best is trial 35 with value: 876.15673828125.
LOCAL_RANK: 0 - CUDA_VISIBLE_DEVICES: [0]
[I 2023-12-16 09:05:16,412] Trial 48 finished with value: 6877.23828125 and parameters: {'gradient_clip_val': 0.24849572139020937, 'hidden_size': 26, 'dropout': 0.23559302536966298, 'hidden_continuous_size': 10, 'attention_head_size': 4, 'learning_rate': 0.000506769195703225}. Best is trial 35 with value: 876.15673828125.
LOCAL_RANK: 0 - CUDA_VISIBLE_DEVICES: [0]
[I 2023-12-16 09:06:05,453] Trial 49 finished with value: 4858.39892578125 and parameters: {'gradient_clip_val': 0.13561776379837226, 'hidden_size': 17, 'dropout': 0.2301120521868167, 'hidden_continuous_size': 14, 'attention_head_size': 4, 'learning_rate': 0.0011435385128158112}. Best is trial 35 with value: 876.15673828125.
[I 2023-12-16 09:06:05,546] A new study created in memory with name: no-name-a5fc389a-4ca2-454a-a4b5-054814352357
/home/le004/conda/anaconda3/envs/tsff_env/lib/python3.9/site-packages/lightning/fabric/plugins/environments/slurm.py:191: The `srun` command is available on your system but is not used. HINT: If your intention is to run Lightning on SLURM, prepend your python command with `srun` like so: srun python /home/le004/master_thesis/git/TSFusionForecast/code/ ...
LOCAL_RANK: 0 - CUDA_VISIBLE_DEVICES: [0]
[I 2023-12-16 09:06:43,076] Trial 0 finished with value: 70.54788970947266 and parameters: {'gradient_clip_val': 0.17385031834451006, 'hidden_size': 5, 'dropout': 0.1743709411329294, 'hidden_continuous_size': 5, 'attention_head_size': 4, 'learning_rate': 0.0013061659828797075}. Best is trial 0 with value: 70.54788970947266.
LOCAL_RANK: 0 - CUDA_VISIBLE_DEVICES: [0]
[I 2023-12-16 09:07:35,473] Trial 1 finished with value: 79.53893280029297 and parameters: {'gradient_clip_val': 0.29823010800349725, 'hidden_size': 92, 'dropout': 0.3284707878847759, 'hidden_continuous_size': 5, 'attention_head_size': 1, 'learning_rate': 0.06199180709200389}. Best is trial 0 with value: 70.54788970947266.
LOCAL_RANK: 0 - CUDA_VISIBLE_DEVICES: [0]
[I 2023-12-16 09:08:20,417] Trial 2 finished with value: 59.785430908203125 and parameters: {'gradient_clip_val': 0.707224564558493, 'hidden_size': 8, 'dropout': 0.15208044946946803, 'hidden_continuous_size': 7, 'attention_head_size': 2, 'learning_rate': 0.013382367576767725}. Best is trial 2 with value: 59.785430908203125.
LOCAL_RANK: 0 - CUDA_VISIBLE_DEVICES: [0]
[I 2023-12-16 09:09:15,185] Trial 3 finished with value: 60.10585403442383 and parameters: {'gradient_clip_val': 0.422128634092117, 'hidden_size': 50, 'dropout': 0.3764548453438542, 'hidden_continuous_size': 43, 'attention_head_size': 3, 'learning_rate': 0.04148233151819793}. Best is trial 2 with value: 59.785430908203125.
LOCAL_RANK: 0 - CUDA_VISIBLE_DEVICES: [0]
[I 2023-12-16 09:10:00,138] Trial 4 finished with value: 68.3575668334961 and parameters: {'gradient_clip_val': 0.21778544602887168, 'hidden_size': 12, 'dropout': 0.3083403908214842, 'hidden_continuous_size': 10, 'attention_head_size': 1, 'learning_rate': 0.0006343417119957173}. Best is trial 2 with value: 59.785430908203125.
LOCAL_RANK: 0 - CUDA_VISIBLE_DEVICES: [0]
[I 2023-12-16 09:10:49,444] Trial 5 finished with value: 114.0645980834961 and parameters: {'gradient_clip_val': 0.14488615512706737, 'hidden_size': 28, 'dropout': 0.14456602687805375, 'hidden_continuous_size': 9, 'attention_head_size': 4, 'learning_rate': 0.00787544804001938}. Best is trial 2 with value: 59.785430908203125.
LOCAL_RANK: 0 - CUDA_VISIBLE_DEVICES: [0]
[I 2023-12-16 09:11:37,607] Trial 6 finished with value: 26.95823860168457 and parameters: {'gradient_clip_val': 0.5030040027172777, 'hidden_size': 20, 'dropout': 0.3950268832768399, 'hidden_continuous_size': 7, 'attention_head_size': 4, 'learning_rate': 0.001695800215392068}. Best is trial 6 with value: 26.95823860168457.
LOCAL_RANK: 0 - CUDA_VISIBLE_DEVICES: [0]
[I 2023-12-16 09:12:32,658] Trial 7 finished with value: 126.4039077758789 and parameters: {'gradient_clip_val': 0.19199595292892263, 'hidden_size': 57, 'dropout': 0.37790580086778347, 'hidden_continuous_size': 40, 'attention_head_size': 4, 'learning_rate': 0.009695940881955169}. Best is trial 6 with value: 26.95823860168457.
LOCAL_RANK: 0 - CUDA_VISIBLE_DEVICES: [0]
[I 2023-12-16 09:13:24,543] Trial 8 finished with value: 45.97628402709961 and parameters: {'gradient_clip_val': 0.244130164823197, 'hidden_size': 47, 'dropout': 0.1970929213817748, 'hidden_continuous_size': 5, 'attention_head_size': 3, 'learning_rate': 0.024987169177344528}. Best is trial 6 with value: 26.95823860168457.
LOCAL_RANK: 0 - CUDA_VISIBLE_DEVICES: [0]
[I 2023-12-16 09:14:23,361] Trial 9 finished with value: 52.099212646484375 and parameters: {'gradient_clip_val': 0.6660510122352272, 'hidden_size': 95, 'dropout': 0.21486416628922728, 'hidden_continuous_size': 77, 'attention_head_size': 4, 'learning_rate': 0.00610523319651471}. Best is trial 6 with value: 26.95823860168457.
LOCAL_RANK: 0 - CUDA_VISIBLE_DEVICES: [0]
[I 2023-12-16 09:15:10,320] Trial 10 finished with value: 44.76032638549805 and parameters: {'gradient_clip_val': 0.42757811238419347, 'hidden_size': 20, 'dropout': 0.10108645768924754, 'hidden_continuous_size': 7, 'attention_head_size': 2, 'learning_rate': 0.0021226540666007894}. Best is trial 6 with value: 26.95823860168457.
LOCAL_RANK: 0 - CUDA_VISIBLE_DEVICES: [0]
[I 2023-12-16 09:15:57,197] Trial 11 finished with value: 98.16091918945312 and parameters: {'gradient_clip_val': 0.43536364148291695, 'hidden_size': 17, 'dropout': 0.11055571598637848, 'hidden_continuous_size': 7, 'attention_head_size': 2, 'learning_rate': 0.0023659307528634}. Best is trial 6 with value: 26.95823860168457.
LOCAL_RANK: 0 - CUDA_VISIBLE_DEVICES: [0]
[I 2023-12-16 09:16:46,059] Trial 12 finished with value: 35.902889251708984 and parameters: {'gradient_clip_val': 0.10865575528096505, 'hidden_size': 23, 'dropout': 0.2571997949733865, 'hidden_continuous_size': 7, 'attention_head_size': 2, 'learning_rate': 0.002535277460801068}. Best is trial 6 with value: 26.95823860168457.
LOCAL_RANK: 0 - CUDA_VISIBLE_DEVICES: [0]
[I 2023-12-16 09:17:37,536] Trial 13 finished with value: 75.08255767822266 and parameters: {'gradient_clip_val': 0.10807882901673452, 'hidden_size': 34, 'dropout': 0.24855826774376652, 'hidden_continuous_size': 13, 'attention_head_size': 3, 'learning_rate': 0.0033780796986822514}. Best is trial 6 with value: 26.95823860168457.
LOCAL_RANK: 0 - CUDA_VISIBLE_DEVICES: [0]
[I 2023-12-16 09:18:23,714] Trial 14 finished with value: 57.75782775878906 and parameters: {'gradient_clip_val': 0.999270575946949, 'hidden_size': 14, 'dropout': 0.29891121739358406, 'hidden_continuous_size': 6, 'attention_head_size': 2, 'learning_rate': 0.0005191190492402401}. Best is trial 6 with value: 26.95823860168457.
LOCAL_RANK: 0 - CUDA_VISIBLE_DEVICES: [0]
[I 2023-12-16 09:19:13,290] Trial 15 finished with value: 32.31723403930664 and parameters: {'gradient_clip_val': 0.11407056114781901, 'hidden_size': 25, 'dropout': 0.2550668612650836, 'hidden_continuous_size': 8, 'attention_head_size': 3, 'learning_rate': 0.0011651528845505455}. Best is trial 6 with value: 26.95823860168457.
LOCAL_RANK: 0 - CUDA_VISIBLE_DEVICES: [0]
[I 2023-12-16 09:20:03,744] Trial 16 finished with value: 76.45558166503906 and parameters: {'gradient_clip_val': 0.27381525845740107, 'hidden_size': 30, 'dropout': 0.3491228207443912, 'hidden_continuous_size': 10, 'attention_head_size': 3, 'learning_rate': 0.0011254116208235779}. Best is trial 6 with value: 26.95823860168457.
LOCAL_RANK: 0 - CUDA_VISIBLE_DEVICES: [0]
[I 2023-12-16 09:20:50,442] Trial 17 finished with value: 65.08026123046875 and parameters: {'gradient_clip_val': 0.1354959910050303, 'hidden_size': 10, 'dropout': 0.2705610922484571, 'hidden_continuous_size': 6, 'attention_head_size': 4, 'learning_rate': 0.0008859498448799557}. Best is trial 6 with value: 26.95823860168457.
LOCAL_RANK: 0 - CUDA_VISIBLE_DEVICES: [0]
[I 2023-12-16 09:21:38,780] Trial 18 finished with value: 45.90349197387695 and parameters: {'gradient_clip_val': 0.3438543511901332, 'hidden_size': 18, 'dropout': 0.3984550708929571, 'hidden_continuous_size': 8, 'attention_head_size': 3, 'learning_rate': 0.0015273356548096931}. Best is trial 6 with value: 26.95823860168457.
LOCAL_RANK: 0 - CUDA_VISIBLE_DEVICES: [0]
[I 2023-12-16 09:22:29,767] Trial 19 finished with value: 46.598758697509766 and parameters: {'gradient_clip_val': 0.17259490814890305, 'hidden_size': 26, 'dropout': 0.3438037815818312, 'hidden_continuous_size': 12, 'attention_head_size': 4, 'learning_rate': 0.0008387232878418074}. Best is trial 6 with value: 26.95823860168457.
LOCAL_RANK: 0 - CUDA_VISIBLE_DEVICES: [0]
[I 2023-12-16 09:23:17,282] Trial 20 finished with value: 65.29779052734375 and parameters: {'gradient_clip_val': 0.22524230129158523, 'hidden_size': 15, 'dropout': 0.2860674817555115, 'hidden_continuous_size': 6, 'attention_head_size': 3, 'learning_rate': 0.0039522024166802755}. Best is trial 6 with value: 26.95823860168457.
LOCAL_RANK: 0 - CUDA_VISIBLE_DEVICES: [0]
