[I 2023-12-15 17:31:49,160] Trial 19 finished with value: 238.9491729736328 and parameters: {'gradient_clip_val': 0.3240070031030822, 'hidden_size': 9, 'dropout': 0.36025693678570414, 'hidden_continuous_size': 5, 'attention_head_size': 1, 'learning_rate': 0.0014152812972905735}. Best is trial 8 with value: 188.14134216308594.
LOCAL_RANK: 0 - CUDA_VISIBLE_DEVICES: [0]
[I 2023-12-15 17:32:32,533] Trial 20 finished with value: 857.5911254882812 and parameters: {'gradient_clip_val': 0.23565571818954886, 'hidden_size': 8, 'dropout': 0.36459482897944756, 'hidden_continuous_size': 5, 'attention_head_size': 1, 'learning_rate': 0.0016295801545037577}. Best is trial 8 with value: 188.14134216308594.
LOCAL_RANK: 0 - CUDA_VISIBLE_DEVICES: [0]
[I 2023-12-15 17:33:16,833] Trial 21 finished with value: 626.9732666015625 and parameters: {'gradient_clip_val': 0.33081706266868705, 'hidden_size': 9, 'dropout': 0.3547995749426275, 'hidden_continuous_size': 5, 'attention_head_size': 1, 'learning_rate': 0.0005217088232073464}. Best is trial 8 with value: 188.14134216308594.
LOCAL_RANK: 0 - CUDA_VISIBLE_DEVICES: [0]
[I 2023-12-15 17:34:02,912] Trial 22 finished with value: 837.910888671875 and parameters: {'gradient_clip_val': 0.3602267403516376, 'hidden_size': 17, 'dropout': 0.31461999266008867, 'hidden_continuous_size': 6, 'attention_head_size': 2, 'learning_rate': 0.00438243934437849}. Best is trial 8 with value: 188.14134216308594.
LOCAL_RANK: 0 - CUDA_VISIBLE_DEVICES: [0]
[I 2023-12-15 17:34:46,513] Trial 23 finished with value: 561.3986206054688 and parameters: {'gradient_clip_val': 0.2846895674594679, 'hidden_size': 8, 'dropout': 0.3480485348756592, 'hidden_continuous_size': 5, 'attention_head_size': 1, 'learning_rate': 0.0012052222339552882}. Best is trial 8 with value: 188.14134216308594.
LOCAL_RANK: 0 - CUDA_VISIBLE_DEVICES: [0]
[I 2023-12-15 17:35:31,549] Trial 24 finished with value: 1270.38134765625 and parameters: {'gradient_clip_val': 0.5525935567854515, 'hidden_size': 11, 'dropout': 0.37104046274372576, 'hidden_continuous_size': 5, 'attention_head_size': 2, 'learning_rate': 0.005108259295197904}. Best is trial 8 with value: 188.14134216308594.
LOCAL_RANK: 0 - CUDA_VISIBLE_DEVICES: [0]
[I 2023-12-15 17:36:15,840] Trial 25 finished with value: 573.569091796875 and parameters: {'gradient_clip_val': 0.37617340333162924, 'hidden_size': 16, 'dropout': 0.30566712553016306, 'hidden_continuous_size': 6, 'attention_head_size': 2, 'learning_rate': 0.01257544371475321}. Best is trial 8 with value: 188.14134216308594.
LOCAL_RANK: 0 - CUDA_VISIBLE_DEVICES: [0]
[I 2023-12-15 17:37:03,195] Trial 26 finished with value: 662.1062622070312 and parameters: {'gradient_clip_val': 0.22703778893257734, 'hidden_size': 24, 'dropout': 0.3343972687228971, 'hidden_continuous_size': 11, 'attention_head_size': 1, 'learning_rate': 0.006672475396897616}. Best is trial 8 with value: 188.14134216308594.
LOCAL_RANK: 0 - CUDA_VISIBLE_DEVICES: [0]
[I 2023-12-15 17:37:48,286] Trial 27 finished with value: 678.083740234375 and parameters: {'gradient_clip_val': 0.307421193886593, 'hidden_size': 11, 'dropout': 0.3729546477786745, 'hidden_continuous_size': 5, 'attention_head_size': 2, 'learning_rate': 0.0030843956334386303}. Best is trial 8 with value: 188.14134216308594.
LOCAL_RANK: 0 - CUDA_VISIBLE_DEVICES: [0]
[I 2023-12-15 17:38:32,939] Trial 28 finished with value: 367.65185546875 and parameters: {'gradient_clip_val': 0.38606659880000244, 'hidden_size': 7, 'dropout': 0.2903032817804262, 'hidden_continuous_size': 5, 'attention_head_size': 1, 'learning_rate': 0.006273144595830449}. Best is trial 8 with value: 188.14134216308594.
LOCAL_RANK: 0 - CUDA_VISIBLE_DEVICES: [0]
[I 2023-12-15 17:39:06,849] Trial 29 finished with value: 323.8307800292969 and parameters: {'gradient_clip_val': 0.4144608595025836, 'hidden_size': 5, 'dropout': 0.35061387900162966, 'hidden_continuous_size': 5, 'attention_head_size': 2, 'learning_rate': 0.013207960957356048}. Best is trial 8 with value: 188.14134216308594.
LOCAL_RANK: 0 - CUDA_VISIBLE_DEVICES: [0]
[I 2023-12-15 17:39:51,288] Trial 30 finished with value: 632.2604370117188 and parameters: {'gradient_clip_val': 0.3338503446467874, 'hidden_size': 7, 'dropout': 0.3265011822758904, 'hidden_continuous_size': 5, 'attention_head_size': 1, 'learning_rate': 0.0017485974664561256}. Best is trial 8 with value: 188.14134216308594.
LOCAL_RANK: 0 - CUDA_VISIBLE_DEVICES: [0]
[I 2023-12-15 17:40:36,730] Trial 31 finished with value: 380.8606872558594 and parameters: {'gradient_clip_val': 0.519399200915967, 'hidden_size': 10, 'dropout': 0.3108157627857097, 'hidden_continuous_size': 6, 'attention_head_size': 3, 'learning_rate': 0.00712186590781668}. Best is trial 8 with value: 188.14134216308594.
LOCAL_RANK: 0 - CUDA_VISIBLE_DEVICES: [0]
[I 2023-12-15 17:41:22,568] Trial 32 finished with value: 289.6119384765625 and parameters: {'gradient_clip_val': 0.6045856367113737, 'hidden_size': 10, 'dropout': 0.2716705406002093, 'hidden_continuous_size': 6, 'attention_head_size': 4, 'learning_rate': 0.008674674591759057}. Best is trial 8 with value: 188.14134216308594.
LOCAL_RANK: 0 - CUDA_VISIBLE_DEVICES: [0]
[I 2023-12-15 17:42:07,544] Trial 33 finished with value: 285.48590087890625 and parameters: {'gradient_clip_val': 0.5060428750960112, 'hidden_size': 7, 'dropout': 0.2977264429652764, 'hidden_continuous_size': 5, 'attention_head_size': 3, 'learning_rate': 0.0034189380163745374}. Best is trial 8 with value: 188.14134216308594.
LOCAL_RANK: 0 - CUDA_VISIBLE_DEVICES: [0]
[I 2023-12-15 17:42:53,337] Trial 34 finished with value: 884.4148559570312 and parameters: {'gradient_clip_val': 0.46859383633758445, 'hidden_size': 6, 'dropout': 0.29670901209354866, 'hidden_continuous_size': 5, 'attention_head_size': 4, 'learning_rate': 0.0036278099890213666}. Best is trial 8 with value: 188.14134216308594.
LOCAL_RANK: 0 - CUDA_VISIBLE_DEVICES: [0]
[I 2023-12-15 17:43:38,019] Trial 35 finished with value: 1021.3600463867188 and parameters: {'gradient_clip_val': 0.4208520051861531, 'hidden_size': 7, 'dropout': 0.27200758434279376, 'hidden_continuous_size': 5, 'attention_head_size': 2, 'learning_rate': 0.005081032437374028}. Best is trial 8 with value: 188.14134216308594.
LOCAL_RANK: 0 - CUDA_VISIBLE_DEVICES: [0]
[I 2023-12-15 17:44:12,292] Trial 36 finished with value: 755.9386596679688 and parameters: {'gradient_clip_val': 0.49809009090908113, 'hidden_size': 5, 'dropout': 0.25420088890357395, 'hidden_continuous_size': 5, 'attention_head_size': 3, 'learning_rate': 0.002974179279444274}. Best is trial 8 with value: 188.14134216308594.
LOCAL_RANK: 0 - CUDA_VISIBLE_DEVICES: [0]
[I 2023-12-15 17:44:57,883] Trial 37 finished with value: 229.1329803466797 and parameters: {'gradient_clip_val': 0.3948527392278282, 'hidden_size': 14, 'dropout': 0.3214548196119792, 'hidden_continuous_size': 7, 'attention_head_size': 2, 'learning_rate': 0.0037635556490595817}. Best is trial 8 with value: 188.14134216308594.
LOCAL_RANK: 0 - CUDA_VISIBLE_DEVICES: [0]
[I 2023-12-15 17:45:43,474] Trial 38 finished with value: 261.0610046386719 and parameters: {'gradient_clip_val': 0.3884118049185555, 'hidden_size': 15, 'dropout': 0.3248766873558243, 'hidden_continuous_size': 7, 'attention_head_size': 2, 'learning_rate': 0.014066675957607598}. Best is trial 8 with value: 188.14134216308594.
LOCAL_RANK: 0 - CUDA_VISIBLE_DEVICES: [0]
[I 2023-12-15 17:46:28,863] Trial 39 finished with value: 285.7033386230469 and parameters: {'gradient_clip_val': 0.3845695096319787, 'hidden_size': 15, 'dropout': 0.34639326663064984, 'hidden_continuous_size': 7, 'attention_head_size': 2, 'learning_rate': 0.01748107922529076}. Best is trial 8 with value: 188.14134216308594.
LOCAL_RANK: 0 - CUDA_VISIBLE_DEVICES: [0]
[I 2023-12-15 17:47:14,122] Trial 40 finished with value: 467.8148498535156 and parameters: {'gradient_clip_val': 0.2840214055942031, 'hidden_size': 14, 'dropout': 0.32593340360521883, 'hidden_continuous_size': 7, 'attention_head_size': 2, 'learning_rate': 0.0364001371857224}. Best is trial 8 with value: 188.14134216308594.
LOCAL_RANK: 0 - CUDA_VISIBLE_DEVICES: [0]
[I 2023-12-15 17:47:58,439] Trial 41 finished with value: 350.2281494140625 and parameters: {'gradient_clip_val': 0.3072371352623157, 'hidden_size': 12, 'dropout': 0.32188037304349065, 'hidden_continuous_size': 7, 'attention_head_size': 2, 'learning_rate': 0.011100371461276902}. Best is trial 8 with value: 188.14134216308594.
LOCAL_RANK: 0 - CUDA_VISIBLE_DEVICES: [0]
[I 2023-12-15 17:48:44,475] Trial 42 finished with value: 604.710205078125 and parameters: {'gradient_clip_val': 0.40434322252454363, 'hidden_size': 17, 'dropout': 0.28057798076704693, 'hidden_continuous_size': 6, 'attention_head_size': 2, 'learning_rate': 0.015391110742136505}. Best is trial 8 with value: 188.14134216308594.
LOCAL_RANK: 0 - CUDA_VISIBLE_DEVICES: [0]
[I 2023-12-15 17:49:29,749] Trial 43 finished with value: 235.13555908203125 and parameters: {'gradient_clip_val': 0.35367405338909447, 'hidden_size': 11, 'dropout': 0.35922744336082824, 'hidden_continuous_size': 7, 'attention_head_size': 2, 'learning_rate': 0.009048086485449981}. Best is trial 8 with value: 188.14134216308594.
LOCAL_RANK: 0 - CUDA_VISIBLE_DEVICES: [0]
[I 2023-12-15 17:50:13,647] Trial 44 finished with value: 826.8582153320312 and parameters: {'gradient_clip_val': 0.4525768058372738, 'hidden_size': 12, 'dropout': 0.35887283169672013, 'hidden_continuous_size': 7, 'attention_head_size': 1, 'learning_rate': 0.005190796346687955}. Best is trial 8 with value: 188.14134216308594.
LOCAL_RANK: 0 - CUDA_VISIBLE_DEVICES: [0]
[I 2023-12-15 17:51:02,346] Trial 45 finished with value: 305.7577819824219 and parameters: {'gradient_clip_val': 0.35800027073106105, 'hidden_size': 23, 'dropout': 0.3831125097183806, 'hidden_continuous_size': 12, 'attention_head_size': 2, 'learning_rate': 0.02335093842772192}. Best is trial 8 with value: 188.14134216308594.
LOCAL_RANK: 0 - CUDA_VISIBLE_DEVICES: [0]
[I 2023-12-15 17:51:47,708] Trial 46 finished with value: 285.33837890625 and parameters: {'gradient_clip_val': 0.42785065012241097, 'hidden_size': 14, 'dropout': 0.3442942778973722, 'hidden_continuous_size': 8, 'attention_head_size': 2, 'learning_rate': 0.009892229806991346}. Best is trial 8 with value: 188.14134216308594.
LOCAL_RANK: 0 - CUDA_VISIBLE_DEVICES: [0]
[I 2023-12-15 17:52:32,692] Trial 47 finished with value: 358.3217468261719 and parameters: {'gradient_clip_val': 0.25123194582857805, 'hidden_size': 13, 'dropout': 0.3839935953483541, 'hidden_continuous_size': 7, 'attention_head_size': 1, 'learning_rate': 0.014557857234293651}. Best is trial 8 with value: 188.14134216308594.
LOCAL_RANK: 0 - CUDA_VISIBLE_DEVICES: [0]
[I 2023-12-15 17:53:17,600] Trial 48 finished with value: 323.792236328125 and parameters: {'gradient_clip_val': 0.3098330732264327, 'hidden_size': 16, 'dropout': 0.3640172901307248, 'hidden_continuous_size': 9, 'attention_head_size': 2, 'learning_rate': 0.004300984486171469}. Best is trial 8 with value: 188.14134216308594.
LOCAL_RANK: 0 - CUDA_VISIBLE_DEVICES: [0]
[I 2023-12-15 17:54:02,729] Trial 49 finished with value: 316.4742736816406 and parameters: {'gradient_clip_val': 0.3795540926150585, 'hidden_size': 11, 'dropout': 0.3371270320810743, 'hidden_continuous_size': 6, 'attention_head_size': 2, 'learning_rate': 0.011446798434743248}. Best is trial 8 with value: 188.14134216308594.
[I 2023-12-15 17:54:02,824] A new study created in memory with name: no-name-47569071-fea1-4f45-9701-3726e585c639
/home/le004/conda/anaconda3/envs/tsff_env/lib/python3.9/site-packages/lightning/fabric/plugins/environments/slurm.py:191: The `srun` command is available on your system but is not used. HINT: If your intention is to run Lightning on SLURM, prepend your python command with `srun` like so: srun python /home/le004/master_thesis/git/TSFusionForecast/code/ ...
LOCAL_RANK: 0 - CUDA_VISIBLE_DEVICES: [0]
[I 2023-12-15 17:54:37,259] Trial 0 finished with value: 106.72725677490234 and parameters: {'gradient_clip_val': 0.11738463702506335, 'hidden_size': 5, 'dropout': 0.12414854495682151, 'hidden_continuous_size': 5, 'attention_head_size': 4, 'learning_rate': 0.0015289353481776457}. Best is trial 0 with value: 106.72725677490234.
LOCAL_RANK: 0 - CUDA_VISIBLE_DEVICES: [0]
[I 2023-12-15 17:55:24,242] Trial 1 finished with value: 390.845458984375 and parameters: {'gradient_clip_val': 0.12851177029130598, 'hidden_size': 19, 'dropout': 0.36558725067409537, 'hidden_continuous_size': 6, 'attention_head_size': 2, 'learning_rate': 0.058825319733810985}. Best is trial 0 with value: 106.72725677490234.
LOCAL_RANK: 0 - CUDA_VISIBLE_DEVICES: [0]
[I 2023-12-15 17:56:13,326] Trial 2 finished with value: 346.1424865722656 and parameters: {'gradient_clip_val': 0.10585428026339612, 'hidden_size': 36, 'dropout': 0.11347929475502833, 'hidden_continuous_size': 10, 'attention_head_size': 2, 'learning_rate': 0.03170819035795275}. Best is trial 0 with value: 106.72725677490234.
LOCAL_RANK: 0 - CUDA_VISIBLE_DEVICES: [0]
[I 2023-12-15 17:56:47,805] Trial 3 finished with value: 458.3035583496094 and parameters: {'gradient_clip_val': 0.6395591322757521, 'hidden_size': 6, 'dropout': 0.23385025936719137, 'hidden_continuous_size': 6, 'attention_head_size': 2, 'learning_rate': 0.0533713623539318}. Best is trial 0 with value: 106.72725677490234.
LOCAL_RANK: 0 - CUDA_VISIBLE_DEVICES: [0]
[I 2023-12-15 17:57:38,204] Trial 4 finished with value: 257.94708251953125 and parameters: {'gradient_clip_val': 0.12757316590520426, 'hidden_size': 33, 'dropout': 0.17936703767330398, 'hidden_continuous_size': 9, 'attention_head_size': 4, 'learning_rate': 0.010211337382079327}. Best is trial 0 with value: 106.72725677490234.
LOCAL_RANK: 0 - CUDA_VISIBLE_DEVICES: [0]
[I 2023-12-15 17:58:22,890] Trial 5 finished with value: 174.8126678466797 and parameters: {'gradient_clip_val': 0.27969172657379326, 'hidden_size': 16, 'dropout': 0.2914445969317445, 'hidden_continuous_size': 9, 'attention_head_size': 1, 'learning_rate': 0.0025010906896276034}. Best is trial 0 with value: 106.72725677490234.
LOCAL_RANK: 0 - CUDA_VISIBLE_DEVICES: [0]
[I 2023-12-15 17:59:14,947] Trial 6 finished with value: 209.56915283203125 and parameters: {'gradient_clip_val': 0.29566917374909524, 'hidden_size': 67, 'dropout': 0.24246294533673415, 'hidden_continuous_size': 10, 'attention_head_size': 1, 'learning_rate': 0.03930715042672388}. Best is trial 0 with value: 106.72725677490234.
LOCAL_RANK: 0 - CUDA_VISIBLE_DEVICES: [0]
[I 2023-12-15 18:00:04,034] Trial 7 finished with value: 240.620361328125 and parameters: {'gradient_clip_val': 0.5973909320545323, 'hidden_size': 29, 'dropout': 0.2128180599218378, 'hidden_continuous_size': 7, 'attention_head_size': 3, 'learning_rate': 0.007215599134118928}. Best is trial 0 with value: 106.72725677490234.
LOCAL_RANK: 0 - CUDA_VISIBLE_DEVICES: [0]
[I 2023-12-15 18:00:37,505] Trial 8 finished with value: 367.7315368652344 and parameters: {'gradient_clip_val': 0.18928601103923828, 'hidden_size': 5, 'dropout': 0.19826535996445394, 'hidden_continuous_size': 5, 'attention_head_size': 1, 'learning_rate': 0.027263066361839984}. Best is trial 0 with value: 106.72725677490234.
LOCAL_RANK: 0 - CUDA_VISIBLE_DEVICES: [0]
[I 2023-12-15 18:01:31,417] Trial 9 finished with value: 200.0725860595703 and parameters: {'gradient_clip_val': 0.36125429601756087, 'hidden_size': 67, 'dropout': 0.3059397009513616, 'hidden_continuous_size': 21, 'attention_head_size': 4, 'learning_rate': 0.06772804504857706}. Best is trial 0 with value: 106.72725677490234.
LOCAL_RANK: 0 - CUDA_VISIBLE_DEVICES: [0]
[I 2023-12-15 18:02:15,697] Trial 10 finished with value: 100.87027740478516 and parameters: {'gradient_clip_val': 0.9702193580645964, 'hidden_size': 8, 'dropout': 0.1080211242753004, 'hidden_continuous_size': 5, 'attention_head_size': 3, 'learning_rate': 0.0005035468869154047}. Best is trial 10 with value: 100.87027740478516.
LOCAL_RANK: 0 - CUDA_VISIBLE_DEVICES: [0]
[I 2023-12-15 18:02:59,696] Trial 11 finished with value: 201.9083251953125 and parameters: {'gradient_clip_val': 0.8392784720729034, 'hidden_size': 8, 'dropout': 0.11513660471131346, 'hidden_continuous_size': 5, 'attention_head_size': 3, 'learning_rate': 0.0005361086904121399}. Best is trial 10 with value: 100.87027740478516.
LOCAL_RANK: 0 - CUDA_VISIBLE_DEVICES: [0]
[I 2023-12-15 18:03:45,560] Trial 12 finished with value: 163.39390563964844 and parameters: {'gradient_clip_val': 0.4508226271722002, 'hidden_size': 9, 'dropout': 0.13935904890667328, 'hidden_continuous_size': 5, 'attention_head_size': 4, 'learning_rate': 0.0005913173829893676}. Best is trial 10 with value: 100.87027740478516.
LOCAL_RANK: 0 - CUDA_VISIBLE_DEVICES: [0]
[I 2023-12-15 18:04:30,956] Trial 13 finished with value: 205.73431396484375 and parameters: {'gradient_clip_val': 0.8648579208809545, 'hidden_size': 11, 'dropout': 0.15801689027586555, 'hidden_continuous_size': 5, 'attention_head_size': 3, 'learning_rate': 0.0015545183644598518}. Best is trial 10 with value: 100.87027740478516.
LOCAL_RANK: 0 - CUDA_VISIBLE_DEVICES: [0]
[I 2023-12-15 18:05:05,423] Trial 14 finished with value: 235.7764892578125 and parameters: {'gradient_clip_val': 0.20763814237256437, 'hidden_size': 5, 'dropout': 0.1071857624989682, 'hidden_continuous_size': 5, 'attention_head_size': 4, 'learning_rate': 0.0011194395712174367}. Best is trial 10 with value: 100.87027740478516.
LOCAL_RANK: 0 - CUDA_VISIBLE_DEVICES: [0]
[I 2023-12-15 18:05:49,758] Trial 15 finished with value: 163.76596069335938 and parameters: {'gradient_clip_val': 0.9518503652586165, 'hidden_size': 12, 'dropout': 0.15903022381680046, 'hidden_continuous_size': 6, 'attention_head_size': 3, 'learning_rate': 0.002657493107514561}. Best is trial 10 with value: 100.87027740478516.
LOCAL_RANK: 0 - CUDA_VISIBLE_DEVICES: [0]
[I 2023-12-15 18:06:35,413] Trial 16 finished with value: 211.6826629638672 and parameters: {'gradient_clip_val': 0.4490782715829836, 'hidden_size': 7, 'dropout': 0.1024930596803913, 'hidden_continuous_size': 5, 'attention_head_size': 4, 'learning_rate': 0.0008860688886836968}. Best is trial 10 with value: 100.87027740478516.
LOCAL_RANK: 0 - CUDA_VISIBLE_DEVICES: [0]
[I 2023-12-15 18:07:09,568] Trial 17 finished with value: 147.80760192871094 and parameters: {'gradient_clip_val': 0.24428123300525173, 'hidden_size': 5, 'dropout': 0.14796161954757792, 'hidden_continuous_size': 5, 'attention_head_size': 3, 'learning_rate': 0.0019351370292130918}. Best is trial 10 with value: 100.87027740478516.
LOCAL_RANK: 0 - CUDA_VISIBLE_DEVICES: [0]
[I 2023-12-15 18:07:54,947] Trial 18 finished with value: 128.02317810058594 and parameters: {'gradient_clip_val': 0.15750407574519673, 'hidden_size': 7, 'dropout': 0.1866425010238485, 'hidden_continuous_size': 5, 'attention_head_size': 4, 'learning_rate': 0.0005050863665660524}. Best is trial 10 with value: 100.87027740478516.
LOCAL_RANK: 0 - CUDA_VISIBLE_DEVICES: [0]
[I 2023-12-15 18:08:40,580] Trial 19 finished with value: 263.2175598144531 and parameters: {'gradient_clip_val': 0.3633007629173767, 'hidden_size': 10, 'dropout': 0.13498492619133656, 'hidden_continuous_size': 6, 'attention_head_size': 3, 'learning_rate': 0.0037162142557070053}. Best is trial 10 with value: 100.87027740478516.
LOCAL_RANK: 0 - CUDA_VISIBLE_DEVICES: [0]
[I 2023-12-15 18:09:26,163] Trial 20 finished with value: 120.0008544921875 and parameters: {'gradient_clip_val': 0.2284354289677185, 'hidden_size': 14, 'dropout': 0.1749202561854249, 'hidden_continuous_size': 7, 'attention_head_size': 2, 'learning_rate': 0.0010938320701694608}. Best is trial 10 with value: 100.87027740478516.
LOCAL_RANK: 0 - CUDA_VISIBLE_DEVICES: [0]
[I 2023-12-15 18:10:11,671] Trial 21 finished with value: 194.10423278808594 and parameters: {'gradient_clip_val': 0.20620874044352108, 'hidden_size': 13, 'dropout': 0.16822216973304113, 'hidden_continuous_size': 7, 'attention_head_size': 2, 'learning_rate': 0.0010132779494162942}. Best is trial 10 with value: 100.87027740478516.
LOCAL_RANK: 0 - CUDA_VISIBLE_DEVICES: [0]
[I 2023-12-15 18:10:55,779] Trial 22 finished with value: 265.35791015625 and parameters: {'gradient_clip_val': 0.15683081122510792, 'hidden_size': 8, 'dropout': 0.13543845782367486, 'hidden_continuous_size': 5, 'attention_head_size': 2, 'learning_rate': 0.0008720858002383196}. Best is trial 10 with value: 100.87027740478516.
LOCAL_RANK: 0 - CUDA_VISIBLE_DEVICES: [0]
[I 2023-12-15 18:11:41,178] Trial 23 finished with value: 118.81033325195312 and parameters: {'gradient_clip_val': 0.10482474114234219, 'hidden_size': 14, 'dropout': 0.1326248177504532, 'hidden_continuous_size': 7, 'attention_head_size': 2, 'learning_rate': 0.0013993610158411396}. Best is trial 10 with value: 100.87027740478516.
LOCAL_RANK: 0 - CUDA_VISIBLE_DEVICES: [0]
[I 2023-12-15 18:12:26,711] Trial 24 finished with value: 69.7392578125 and parameters: {'gradient_clip_val': 0.10001666174105488, 'hidden_size': 9, 'dropout': 0.12853879291110726, 'hidden_continuous_size': 6, 'attention_head_size': 3, 'learning_rate': 0.0015744875361479464}. Best is trial 24 with value: 69.7392578125.
LOCAL_RANK: 0 - CUDA_VISIBLE_DEVICES: [0]
[I 2023-12-15 18:13:12,116] Trial 25 finished with value: 141.25917053222656 and parameters: {'gradient_clip_val': 0.16866435271588978, 'hidden_size': 6, 'dropout': 0.10040838102087107, 'hidden_continuous_size': 5, 'attention_head_size': 3, 'learning_rate': 0.0018537481078321756}. Best is trial 24 with value: 69.7392578125.
LOCAL_RANK: 0 - CUDA_VISIBLE_DEVICES: [0]
[I 2023-12-15 18:13:57,922] Trial 26 finished with value: 75.91297149658203 and parameters: {'gradient_clip_val': 0.13089593812998448, 'hidden_size': 10, 'dropout': 0.1273583715585221, 'hidden_continuous_size': 6, 'attention_head_size': 3, 'learning_rate': 0.0007846199556911833}. Best is trial 24 with value: 69.7392578125.
LOCAL_RANK: 0 - CUDA_VISIBLE_DEVICES: [0]
