[I 2023-12-15 20:36:44,380] Trial 49 finished with value: 66.08728790283203 and parameters: {'gradient_clip_val': 0.7319224801319895, 'hidden_size': 75, 'dropout': 0.2800406058563761, 'hidden_continuous_size': 41, 'attention_head_size': 2, 'learning_rate': 0.0014547222129004387}. Best is trial 29 with value: 50.80873489379883.
[I 2023-12-15 20:36:44,471] A new study created in memory with name: no-name-f43744ba-12a6-4f28-86f1-c34d612e578b
/home/le004/conda/anaconda3/envs/tsff_env/lib/python3.9/site-packages/lightning/fabric/plugins/environments/slurm.py:191: The `srun` command is available on your system but is not used. HINT: If your intention is to run Lightning on SLURM, prepend your python command with `srun` like so: srun python /home/le004/master_thesis/git/TSFusionForecast/code/ ...
LOCAL_RANK: 0 - CUDA_VISIBLE_DEVICES: [0]
[I 2023-12-15 20:37:38,483] Trial 0 finished with value: 1298.9825439453125 and parameters: {'gradient_clip_val': 0.5604057247654437, 'hidden_size': 53, 'dropout': 0.19266498887754505, 'hidden_continuous_size': 43, 'attention_head_size': 3, 'learning_rate': 0.09379148065014602}. Best is trial 0 with value: 1298.9825439453125.
LOCAL_RANK: 0 - CUDA_VISIBLE_DEVICES: [0]
[I 2023-12-15 20:38:24,151] Trial 1 finished with value: 2516.043701171875 and parameters: {'gradient_clip_val': 0.10764745731862345, 'hidden_size': 13, 'dropout': 0.26333890996552045, 'hidden_continuous_size': 11, 'attention_head_size': 1, 'learning_rate': 0.005184899882048237}. Best is trial 0 with value: 1298.9825439453125.
LOCAL_RANK: 0 - CUDA_VISIBLE_DEVICES: [0]
[I 2023-12-15 20:39:15,302] Trial 2 finished with value: 697.2623901367188 and parameters: {'gradient_clip_val': 0.46340149763028443, 'hidden_size': 40, 'dropout': 0.37150187359485043, 'hidden_continuous_size': 26, 'attention_head_size': 1, 'learning_rate': 0.0007694465581357646}. Best is trial 2 with value: 697.2623901367188.
LOCAL_RANK: 0 - CUDA_VISIBLE_DEVICES: [0]
[I 2023-12-15 20:39:59,037] Trial 3 finished with value: 939.3170776367188 and parameters: {'gradient_clip_val': 0.470876012836457, 'hidden_size': 8, 'dropout': 0.11310017509144231, 'hidden_continuous_size': 6, 'attention_head_size': 1, 'learning_rate': 0.0016968918832666311}. Best is trial 2 with value: 697.2623901367188.
LOCAL_RANK: 0 - CUDA_VISIBLE_DEVICES: [0]
[I 2023-12-15 20:40:50,487] Trial 4 finished with value: 3846.454345703125 and parameters: {'gradient_clip_val': 0.17488126819357724, 'hidden_size': 64, 'dropout': 0.37027058192391016, 'hidden_continuous_size': 7, 'attention_head_size': 2, 'learning_rate': 0.0075012209998458115}. Best is trial 2 with value: 697.2623901367188.
LOCAL_RANK: 0 - CUDA_VISIBLE_DEVICES: [0]
[I 2023-12-15 20:41:43,210] Trial 5 finished with value: 1456.8656005859375 and parameters: {'gradient_clip_val': 0.25106778697419835, 'hidden_size': 70, 'dropout': 0.2713857240745181, 'hidden_continuous_size': 8, 'attention_head_size': 1, 'learning_rate': 0.06745845999945217}. Best is trial 2 with value: 697.2623901367188.
LOCAL_RANK: 0 - CUDA_VISIBLE_DEVICES: [0]
[I 2023-12-15 20:42:39,230] Trial 6 finished with value: 1253.0966796875 and parameters: {'gradient_clip_val': 0.5069955605351653, 'hidden_size': 71, 'dropout': 0.12295114780045799, 'hidden_continuous_size': 60, 'attention_head_size': 3, 'learning_rate': 0.012244152966686996}. Best is trial 2 with value: 697.2623901367188.
LOCAL_RANK: 0 - CUDA_VISIBLE_DEVICES: [0]
[I 2023-12-15 20:43:24,175] Trial 7 finished with value: 3351.526123046875 and parameters: {'gradient_clip_val': 0.6257125543396129, 'hidden_size': 12, 'dropout': 0.10776254968703208, 'hidden_continuous_size': 11, 'attention_head_size': 2, 'learning_rate': 0.06316586880013478}. Best is trial 2 with value: 697.2623901367188.
LOCAL_RANK: 0 - CUDA_VISIBLE_DEVICES: [0]
[I 2023-12-15 20:44:13,142] Trial 8 finished with value: 1878.0943603515625 and parameters: {'gradient_clip_val': 0.30248812073608367, 'hidden_size': 21, 'dropout': 0.2568645175035975, 'hidden_continuous_size': 17, 'attention_head_size': 2, 'learning_rate': 0.004712451554710687}. Best is trial 2 with value: 697.2623901367188.
LOCAL_RANK: 0 - CUDA_VISIBLE_DEVICES: [0]
[I 2023-12-15 20:44:59,428] Trial 9 finished with value: 1616.6436767578125 and parameters: {'gradient_clip_val': 0.16532132375707098, 'hidden_size': 14, 'dropout': 0.1482559509708318, 'hidden_continuous_size': 6, 'attention_head_size': 4, 'learning_rate': 0.0005312891901756876}. Best is trial 2 with value: 697.2623901367188.
LOCAL_RANK: 0 - CUDA_VISIBLE_DEVICES: [0]
[I 2023-12-15 20:45:51,864] Trial 10 finished with value: 746.4868774414062 and parameters: {'gradient_clip_val': 0.9944200320573184, 'hidden_size': 36, 'dropout': 0.38052789171021684, 'hidden_continuous_size': 20, 'attention_head_size': 4, 'learning_rate': 0.0005274067801779046}. Best is trial 2 with value: 697.2623901367188.
LOCAL_RANK: 0 - CUDA_VISIBLE_DEVICES: [0]
[I 2023-12-15 20:46:44,725] Trial 11 finished with value: 1517.8255615234375 and parameters: {'gradient_clip_val': 0.8571311057422064, 'hidden_size': 35, 'dropout': 0.39882860885684385, 'hidden_continuous_size': 19, 'attention_head_size': 4, 'learning_rate': 0.0005550633966901593}. Best is trial 2 with value: 697.2623901367188.
LOCAL_RANK: 0 - CUDA_VISIBLE_DEVICES: [0]
[I 2023-12-15 20:47:37,809] Trial 12 finished with value: 1163.3729248046875 and parameters: {'gradient_clip_val': 0.9378421836745743, 'hidden_size': 38, 'dropout': 0.34282868883378903, 'hidden_continuous_size': 24, 'attention_head_size': 3, 'learning_rate': 0.0012366077853350648}. Best is trial 2 with value: 697.2623901367188.
LOCAL_RANK: 0 - CUDA_VISIBLE_DEVICES: [0]
[I 2023-12-15 20:48:34,737] Trial 13 finished with value: 2181.949462890625 and parameters: {'gradient_clip_val': 0.9790420328698244, 'hidden_size': 99, 'dropout': 0.3357276059991544, 'hidden_continuous_size': 33, 'attention_head_size': 4, 'learning_rate': 0.0012309596048781925}. Best is trial 2 with value: 697.2623901367188.
LOCAL_RANK: 0 - CUDA_VISIBLE_DEVICES: [0]
[I 2023-12-15 20:49:24,003] Trial 14 finished with value: 539.1622924804688 and parameters: {'gradient_clip_val': 0.7133075161761625, 'hidden_size': 26, 'dropout': 0.3186832227704668, 'hidden_continuous_size': 14, 'attention_head_size': 2, 'learning_rate': 0.0005112457763290368}. Best is trial 14 with value: 539.1622924804688.
LOCAL_RANK: 0 - CUDA_VISIBLE_DEVICES: [0]
[I 2023-12-15 20:49:57,372] Trial 15 finished with value: 2069.515869140625 and parameters: {'gradient_clip_val': 0.41706895064969035, 'hidden_size': 5, 'dropout': 0.31007609609122316, 'hidden_continuous_size': 5, 'attention_head_size': 1, 'learning_rate': 0.0021621248026690684}. Best is trial 14 with value: 539.1622924804688.
LOCAL_RANK: 0 - CUDA_VISIBLE_DEVICES: [0]
[I 2023-12-15 20:50:46,360] Trial 16 finished with value: 382.9093322753906 and parameters: {'gradient_clip_val': 0.6478580704306206, 'hidden_size': 25, 'dropout': 0.3038555260977589, 'hidden_continuous_size': 14, 'attention_head_size': 2, 'learning_rate': 0.0009111866054243576}. Best is trial 16 with value: 382.9093322753906.
LOCAL_RANK: 0 - CUDA_VISIBLE_DEVICES: [0]
[I 2023-12-15 20:51:35,123] Trial 17 finished with value: 2675.34814453125 and parameters: {'gradient_clip_val': 0.7050530312243062, 'hidden_size': 25, 'dropout': 0.30178391055674025, 'hidden_continuous_size': 13, 'attention_head_size': 2, 'learning_rate': 0.0025516359680973957}. Best is trial 16 with value: 382.9093322753906.
LOCAL_RANK: 0 - CUDA_VISIBLE_DEVICES: [0]
[I 2023-12-15 20:52:24,150] Trial 18 finished with value: 1317.2933349609375 and parameters: {'gradient_clip_val': 0.7050120158800766, 'hidden_size': 23, 'dropout': 0.22482672588803682, 'hidden_continuous_size': 14, 'attention_head_size': 2, 'learning_rate': 0.0009408187525030417}. Best is trial 16 with value: 382.9093322753906.
LOCAL_RANK: 0 - CUDA_VISIBLE_DEVICES: [0]
[I 2023-12-15 20:53:11,873] Trial 19 finished with value: 1535.7271728515625 and parameters: {'gradient_clip_val': 0.7267472643144577, 'hidden_size': 18, 'dropout': 0.29748478670472306, 'hidden_continuous_size': 10, 'attention_head_size': 3, 'learning_rate': 0.0009373004468271347}. Best is trial 16 with value: 382.9093322753906.
LOCAL_RANK: 0 - CUDA_VISIBLE_DEVICES: [0]
[I 2023-12-15 20:54:00,594] Trial 20 finished with value: 1316.643798828125 and parameters: {'gradient_clip_val': 0.38041167644985796, 'hidden_size': 25, 'dropout': 0.3364555289496476, 'hidden_continuous_size': 14, 'attention_head_size': 2, 'learning_rate': 0.002549694430477955}. Best is trial 16 with value: 382.9093322753906.
LOCAL_RANK: 0 - CUDA_VISIBLE_DEVICES: [0]
[I 2023-12-15 20:54:49,755] Trial 21 finished with value: 786.8314819335938 and parameters: {'gradient_clip_val': 0.5671641657956201, 'hidden_size': 30, 'dropout': 0.3631031384425445, 'hidden_continuous_size': 15, 'attention_head_size': 1, 'learning_rate': 0.0007282034235472317}. Best is trial 16 with value: 382.9093322753906.
LOCAL_RANK: 0 - CUDA_VISIBLE_DEVICES: [0]
[I 2023-12-15 20:55:40,409] Trial 22 finished with value: 508.61572265625 and parameters: {'gradient_clip_val': 0.45314352163603555, 'hidden_size': 40, 'dropout': 0.3235672471101394, 'hidden_continuous_size': 25, 'attention_head_size': 1, 'learning_rate': 0.0008650556563629828}. Best is trial 16 with value: 382.9093322753906.
LOCAL_RANK: 0 - CUDA_VISIBLE_DEVICES: [0]
[I 2023-12-15 20:56:32,852] Trial 23 finished with value: 982.573486328125 and parameters: {'gradient_clip_val': 0.6048045776856691, 'hidden_size': 45, 'dropout': 0.2858774505352261, 'hidden_continuous_size': 17, 'attention_head_size': 2, 'learning_rate': 0.00161643680394922}. Best is trial 16 with value: 382.9093322753906.
LOCAL_RANK: 0 - CUDA_VISIBLE_DEVICES: [0]
[I 2023-12-15 20:57:21,126] Trial 24 finished with value: 4487.93017578125 and parameters: {'gradient_clip_val': 0.7390753153706932, 'hidden_size': 32, 'dropout': 0.31825578272214144, 'hidden_continuous_size': 9, 'attention_head_size': 2, 'learning_rate': 0.0009353200051816023}. Best is trial 16 with value: 382.9093322753906.
LOCAL_RANK: 0 - CUDA_VISIBLE_DEVICES: [0]
[I 2023-12-15 20:58:09,611] Trial 25 finished with value: 1827.6209716796875 and parameters: {'gradient_clip_val': 0.39219134105765086, 'hidden_size': 30, 'dropout': 0.2822025038084005, 'hidden_continuous_size': 12, 'attention_head_size': 1, 'learning_rate': 0.0005708360892575649}. Best is trial 16 with value: 382.9093322753906.
LOCAL_RANK: 0 - CUDA_VISIBLE_DEVICES: [0]
[I 2023-12-15 20:59:02,654] Trial 26 finished with value: 2014.8154296875 and parameters: {'gradient_clip_val': 0.5194519531642143, 'hidden_size': 49, 'dropout': 0.24224389514104241, 'hidden_continuous_size': 22, 'attention_head_size': 3, 'learning_rate': 0.001469433649176444}. Best is trial 16 with value: 382.9093322753906.
LOCAL_RANK: 0 - CUDA_VISIBLE_DEVICES: [0]
[I 2023-12-15 20:59:51,011] Trial 27 finished with value: 592.3530883789062 and parameters: {'gradient_clip_val': 0.6438825117098247, 'hidden_size': 19, 'dropout': 0.3208377474635082, 'hidden_continuous_size': 12, 'attention_head_size': 2, 'learning_rate': 0.0009263242554944408}. Best is trial 16 with value: 382.9093322753906.
LOCAL_RANK: 0 - CUDA_VISIBLE_DEVICES: [0]
[I 2023-12-15 21:00:39,717] Trial 28 finished with value: 994.15380859375 and parameters: {'gradient_clip_val': 0.8205106056298285, 'hidden_size': 27, 'dropout': 0.34900823575419926, 'hidden_continuous_size': 16, 'attention_head_size': 1, 'learning_rate': 0.0007072709983292237}. Best is trial 16 with value: 382.9093322753906.
LOCAL_RANK: 0 - CUDA_VISIBLE_DEVICES: [0]
[I 2023-12-15 21:01:33,021] Trial 29 finished with value: 2215.58203125 and parameters: {'gradient_clip_val': 0.5694004111275548, 'hidden_size': 50, 'dropout': 0.290391450520343, 'hidden_continuous_size': 28, 'attention_head_size': 3, 'learning_rate': 0.0018555101914476775}. Best is trial 16 with value: 382.9093322753906.
LOCAL_RANK: 0 - CUDA_VISIBLE_DEVICES: [0]
[I 2023-12-15 21:02:21,083] Trial 30 finished with value: 1251.4512939453125 and parameters: {'gradient_clip_val': 0.7995835895192465, 'hidden_size': 18, 'dropout': 0.3209561828845171, 'hidden_continuous_size': 13, 'attention_head_size': 2, 'learning_rate': 0.0012081648332234836}. Best is trial 16 with value: 382.9093322753906.
LOCAL_RANK: 0 - CUDA_VISIBLE_DEVICES: [0]
[I 2023-12-15 21:03:09,293] Trial 31 finished with value: 1236.282470703125 and parameters: {'gradient_clip_val': 0.6352937734152078, 'hidden_size': 19, 'dropout': 0.3202054187109739, 'hidden_continuous_size': 12, 'attention_head_size': 2, 'learning_rate': 0.0005055891406788915}. Best is trial 16 with value: 382.9093322753906.
LOCAL_RANK: 0 - CUDA_VISIBLE_DEVICES: [0]
[I 2023-12-15 21:03:58,086] Trial 32 finished with value: 837.57861328125 and parameters: {'gradient_clip_val': 0.6451091436632863, 'hidden_size': 27, 'dropout': 0.3053062593963923, 'hidden_continuous_size': 10, 'attention_head_size': 2, 'learning_rate': 0.0008769846997604407}. Best is trial 16 with value: 382.9093322753906.
LOCAL_RANK: 0 - CUDA_VISIBLE_DEVICES: [0]
[I 2023-12-15 21:04:50,465] Trial 33 finished with value: 1797.2330322265625 and parameters: {'gradient_clip_val': 0.5282198464124539, 'hidden_size': 43, 'dropout': 0.2752072643177029, 'hidden_continuous_size': 19, 'attention_head_size': 1, 'learning_rate': 0.0007044064242012852}. Best is trial 16 with value: 382.9093322753906.
LOCAL_RANK: 0 - CUDA_VISIBLE_DEVICES: [0]
[I 2023-12-15 21:05:39,442] Trial 34 finished with value: 720.9052124023438 and parameters: {'gradient_clip_val': 0.4569660407372538, 'hidden_size': 22, 'dropout': 0.32654437054437513, 'hidden_continuous_size': 15, 'attention_head_size': 2, 'learning_rate': 0.001006253947719218}. Best is trial 16 with value: 382.9093322753906.
LOCAL_RANK: 0 - CUDA_VISIBLE_DEVICES: [0]
[I 2023-12-15 21:06:25,271] Trial 35 finished with value: 1255.0494384765625 and parameters: {'gradient_clip_val': 0.8417750515639462, 'hidden_size': 15, 'dropout': 0.3537118640702192, 'hidden_continuous_size': 11, 'attention_head_size': 1, 'learning_rate': 0.0007141865071923587}. Best is trial 16 with value: 382.9093322753906.
LOCAL_RANK: 0 - CUDA_VISIBLE_DEVICES: [0]
[I 2023-12-15 21:07:16,711] Trial 36 finished with value: 1016.0918579101562 and parameters: {'gradient_clip_val': 0.464548638619463, 'hidden_size': 37, 'dropout': 0.334145514685937, 'hidden_continuous_size': 17, 'attention_head_size': 1, 'learning_rate': 0.0012476566495192062}. Best is trial 16 with value: 382.9093322753906.
LOCAL_RANK: 0 - CUDA_VISIBLE_DEVICES: [0]
[I 2023-12-15 21:08:06,011] Trial 37 finished with value: 1330.369140625 and parameters: {'gradient_clip_val': 0.5751005093652057, 'hidden_size': 30, 'dropout': 0.2619721586743456, 'hidden_continuous_size': 13, 'attention_head_size': 2, 'learning_rate': 0.0019209704345350643}. Best is trial 16 with value: 382.9093322753906.
LOCAL_RANK: 0 - CUDA_VISIBLE_DEVICES: [0]
[I 2023-12-15 21:08:51,806] Trial 38 finished with value: 1308.2781982421875 and parameters: {'gradient_clip_val': 0.6404706891064075, 'hidden_size': 16, 'dropout': 0.29868066393561155, 'hidden_continuous_size': 12, 'attention_head_size': 3, 'learning_rate': 0.0028825047285551157}. Best is trial 16 with value: 382.9093322753906.
LOCAL_RANK: 0 - CUDA_VISIBLE_DEVICES: [0]
[I 2023-12-15 21:09:37,313] Trial 39 finished with value: 842.3768920898438 and parameters: {'gradient_clip_val': 0.5129580341648902, 'hidden_size': 11, 'dropout': 0.3543779104376189, 'hidden_continuous_size': 8, 'attention_head_size': 2, 'learning_rate': 0.000699959125958938}. Best is trial 16 with value: 382.9093322753906.
LOCAL_RANK: 0 - CUDA_VISIBLE_DEVICES: [0]
[I 2023-12-15 21:10:30,201] Trial 40 finished with value: 1538.7193603515625 and parameters: {'gradient_clip_val': 0.6718460694088259, 'hidden_size': 55, 'dropout': 0.3139122162463193, 'hidden_continuous_size': 28, 'attention_head_size': 1, 'learning_rate': 0.003417994004975169}. Best is trial 16 with value: 382.9093322753906.
LOCAL_RANK: 0 - CUDA_VISIBLE_DEVICES: [0]
[I 2023-12-15 21:11:22,188] Trial 41 finished with value: 1855.0435791015625 and parameters: {'gradient_clip_val': 0.45567667677157103, 'hidden_size': 41, 'dropout': 0.36970247612140583, 'hidden_continuous_size': 23, 'attention_head_size': 1, 'learning_rate': 0.0014930580508214976}. Best is trial 16 with value: 382.9093322753906.
LOCAL_RANK: 0 - CUDA_VISIBLE_DEVICES: [0]
[I 2023-12-15 21:12:10,332] Trial 42 finished with value: 1793.751953125 and parameters: {'gradient_clip_val': 0.3547621076470942, 'hidden_size': 21, 'dropout': 0.37557609015519144, 'hidden_continuous_size': 15, 'attention_head_size': 1, 'learning_rate': 0.0008399265100178624}. Best is trial 16 with value: 382.9093322753906.
LOCAL_RANK: 0 - CUDA_VISIBLE_DEVICES: [0]
[I 2023-12-15 21:13:02,284] Trial 43 finished with value: 599.8480834960938 and parameters: {'gradient_clip_val': 0.48345049011155034, 'hidden_size': 34, 'dropout': 0.38734642220960375, 'hidden_continuous_size': 19, 'attention_head_size': 2, 'learning_rate': 0.0005007946122904825}. Best is trial 16 with value: 382.9093322753906.
LOCAL_RANK: 0 - CUDA_VISIBLE_DEVICES: [0]
[I 2023-12-15 21:13:53,755] Trial 44 finished with value: 1707.6531982421875 and parameters: {'gradient_clip_val': 0.5635389977955381, 'hidden_size': 33, 'dropout': 0.38611770486176145, 'hidden_continuous_size': 18, 'attention_head_size': 2, 'learning_rate': 0.0005078281420541628}. Best is trial 16 with value: 382.9093322753906.
LOCAL_RANK: 0 - CUDA_VISIBLE_DEVICES: [0]
[I 2023-12-15 21:14:42,873] Trial 45 finished with value: 421.3448181152344 and parameters: {'gradient_clip_val': 0.49422311653507556, 'hidden_size': 26, 'dropout': 0.3600626570290161, 'hidden_continuous_size': 16, 'attention_head_size': 2, 'learning_rate': 0.0006389554501943441}. Best is trial 16 with value: 382.9093322753906.
LOCAL_RANK: 0 - CUDA_VISIBLE_DEVICES: [0]
[I 2023-12-15 21:15:31,106] Trial 46 finished with value: 1570.349609375 and parameters: {'gradient_clip_val': 0.7929172530241467, 'hidden_size': 24, 'dropout': 0.34341012891838235, 'hidden_continuous_size': 16, 'attention_head_size': 3, 'learning_rate': 0.0010174836610976521}. Best is trial 16 with value: 382.9093322753906.
LOCAL_RANK: 0 - CUDA_VISIBLE_DEVICES: [0]
[I 2023-12-15 21:16:19,767] Trial 47 finished with value: 598.3971557617188 and parameters: {'gradient_clip_val': 0.6022527956590339, 'hidden_size': 21, 'dropout': 0.360590487077092, 'hidden_continuous_size': 14, 'attention_head_size': 2, 'learning_rate': 0.001117756458737541}. Best is trial 16 with value: 382.9093322753906.
LOCAL_RANK: 0 - CUDA_VISIBLE_DEVICES: [0]
[I 2023-12-15 21:17:09,294] Trial 48 finished with value: 1321.041259765625 and parameters: {'gradient_clip_val': 0.8930855519258984, 'hidden_size': 27, 'dropout': 0.33040246500362486, 'hidden_continuous_size': 20, 'attention_head_size': 2, 'learning_rate': 0.0006082257957290076}. Best is trial 16 with value: 382.9093322753906.
LOCAL_RANK: 0 - CUDA_VISIBLE_DEVICES: [0]
[I 2023-12-15 21:18:00,376] Trial 49 finished with value: 1025.15673828125 and parameters: {'gradient_clip_val': 0.7520383305485535, 'hidden_size': 40, 'dropout': 0.35113483355525615, 'hidden_continuous_size': 21, 'attention_head_size': 2, 'learning_rate': 0.0007505785712545683}. Best is trial 16 with value: 382.9093322753906.
[I 2023-12-15 21:18:00,468] A new study created in memory with name: no-name-ef0f478f-d4aa-4008-b23f-d099fb2518ff
/home/le004/conda/anaconda3/envs/tsff_env/lib/python3.9/site-packages/lightning/fabric/plugins/environments/slurm.py:191: The `srun` command is available on your system but is not used. HINT: If your intention is to run Lightning on SLURM, prepend your python command with `srun` like so: srun python /home/le004/master_thesis/git/TSFusionForecast/code/ ...
LOCAL_RANK: 0 - CUDA_VISIBLE_DEVICES: [0]
[I 2023-12-15 21:18:44,988] Trial 0 finished with value: 39.24928665161133 and parameters: {'gradient_clip_val': 0.16329492101031684, 'hidden_size': 12, 'dropout': 0.27251094469969894, 'hidden_continuous_size': 6, 'attention_head_size': 3, 'learning_rate': 0.0025575434073388326}. Best is trial 0 with value: 39.24928665161133.
LOCAL_RANK: 0 - CUDA_VISIBLE_DEVICES: [0]
[I 2023-12-15 21:19:38,094] Trial 1 finished with value: 56.52537536621094 and parameters: {'gradient_clip_val': 0.10724849629874394, 'hidden_size': 61, 'dropout': 0.22255178110880883, 'hidden_continuous_size': 8, 'attention_head_size': 3, 'learning_rate': 0.021043324726727586}. Best is trial 0 with value: 39.24928665161133.
LOCAL_RANK: 0 - CUDA_VISIBLE_DEVICES: [0]
[I 2023-12-15 21:20:22,610] Trial 2 finished with value: 74.86195373535156 and parameters: {'gradient_clip_val': 0.31673198278974957, 'hidden_size': 10, 'dropout': 0.39282051637230075, 'hidden_continuous_size': 5, 'attention_head_size': 1, 'learning_rate': 0.0007388037366764734}. Best is trial 0 with value: 39.24928665161133.
LOCAL_RANK: 0 - CUDA_VISIBLE_DEVICES: [0]
[I 2023-12-15 21:21:11,811] Trial 3 finished with value: 41.301910400390625 and parameters: {'gradient_clip_val': 0.4606707802793764, 'hidden_size': 27, 'dropout': 0.11881082638347568, 'hidden_continuous_size': 15, 'attention_head_size': 3, 'learning_rate': 0.0010950480086389517}. Best is trial 0 with value: 39.24928665161133.
LOCAL_RANK: 0 - CUDA_VISIBLE_DEVICES: [0]
[I 2023-12-15 21:21:46,596] Trial 4 finished with value: 50.02427291870117 and parameters: {'gradient_clip_val': 0.1360032466347321, 'hidden_size': 25, 'dropout': 0.3362772433206659, 'hidden_continuous_size': 25, 'attention_head_size': 2, 'learning_rate': 0.0008664013268821192}. Best is trial 0 with value: 39.24928665161133.
LOCAL_RANK: 0 - CUDA_VISIBLE_DEVICES: [0]
