[I 2023-12-26 12:24:48,875] Trial 23 finished with value: 457.1651611328125 and parameters: {'gradient_clip_val': 0.8105199791328292, 'hidden_size': 77, 'dropout': 0.4381638196920933, 'hidden_continuous_size': 29, 'attention_head_size': 2, 'learning_rate': 0.003804304929627513}. Best is trial 0 with value: 139.31036376953125.
[I 2023-12-26 12:24:57,327] Trial 24 finished with value: 197.65199279785156 and parameters: {'gradient_clip_val': 0.5974163452056515, 'hidden_size': 100, 'dropout': 0.37714980038846235, 'hidden_continuous_size': 44, 'attention_head_size': 3, 'learning_rate': 0.0022511720757216478}. Best is trial 0 with value: 139.31036376953125.
[I 2023-12-26 12:25:05,522] Trial 25 finished with value: 228.0187225341797 and parameters: {'gradient_clip_val': 0.7991012059768859, 'hidden_size': 102, 'dropout': 0.3573537805301356, 'hidden_continuous_size': 47, 'attention_head_size': 4, 'learning_rate': 0.0005557866805003637}. Best is trial 0 with value: 139.31036376953125.
[I 2023-12-26 12:25:16,888] Trial 26 finished with value: 283.67633056640625 and parameters: {'gradient_clip_val': 0.5483453413675842, 'hidden_size': 140, 'dropout': 0.35131390507012256, 'hidden_continuous_size': 57, 'attention_head_size': 3, 'learning_rate': 0.0015931523959674745}. Best is trial 0 with value: 139.31036376953125.
[I 2023-12-26 12:25:23,565] Trial 27 finished with value: 360.1665954589844 and parameters: {'gradient_clip_val': 0.3875511409251471, 'hidden_size': 77, 'dropout': 0.40899798529111314, 'hidden_continuous_size': 33, 'attention_head_size': 4, 'learning_rate': 0.007272385422255574}. Best is trial 0 with value: 139.31036376953125.
[I 2023-12-26 12:25:32,696] Trial 28 finished with value: 245.6807861328125 and parameters: {'gradient_clip_val': 0.597876238534346, 'hidden_size': 108, 'dropout': 0.38721177280586816, 'hidden_continuous_size': 41, 'attention_head_size': 3, 'learning_rate': 0.0024346725368133994}. Best is trial 0 with value: 139.31036376953125.
[I 2023-12-26 12:25:40,670] Trial 29 finished with value: 390.6195983886719 and parameters: {'gradient_clip_val': 0.45991286351938626, 'hidden_size': 95, 'dropout': 0.3392646690410269, 'hidden_continuous_size': 33, 'attention_head_size': 3, 'learning_rate': 0.0009562477196538094}. Best is trial 0 with value: 139.31036376953125.
[I 2023-12-26 12:25:46,804] Trial 30 finished with value: 294.6658020019531 and parameters: {'gradient_clip_val': 0.7607906255292581, 'hidden_size': 69, 'dropout': 0.3052912348594746, 'hidden_continuous_size': 37, 'attention_head_size': 4, 'learning_rate': 0.0013592822536431346}. Best is trial 0 with value: 139.31036376953125.
[I 2023-12-26 12:25:59,000] Trial 31 finished with value: 269.0848388671875 and parameters: {'gradient_clip_val': 0.864945267268958, 'hidden_size': 148, 'dropout': 0.36530822632484145, 'hidden_continuous_size': 51, 'attention_head_size': 4, 'learning_rate': 0.0006475413925839376}. Best is trial 0 with value: 139.31036376953125.
[I 2023-12-26 12:26:08,234] Trial 32 finished with value: 298.6991271972656 and parameters: {'gradient_clip_val': 0.7578342788795317, 'hidden_size': 105, 'dropout': 0.3552137098803882, 'hidden_continuous_size': 46, 'attention_head_size': 4, 'learning_rate': 0.000557790908922856}. Best is trial 0 with value: 139.31036376953125.
[I 2023-12-26 12:26:15,628] Trial 33 finished with value: 306.7240905761719 and parameters: {'gradient_clip_val': 0.878518236903677, 'hidden_size': 86, 'dropout': 0.39270681079288133, 'hidden_continuous_size': 25, 'attention_head_size': 4, 'learning_rate': 0.0009546779448889281}. Best is trial 0 with value: 139.31036376953125.
[I 2023-12-26 12:26:20,615] Trial 34 finished with value: 298.3822021484375 and parameters: {'gradient_clip_val': 0.9906485467009293, 'hidden_size': 55, 'dropout': 0.30666785854750267, 'hidden_continuous_size': 27, 'attention_head_size': 4, 'learning_rate': 0.0012381853210241885}. Best is trial 0 with value: 139.31036376953125.
[I 2023-12-26 12:26:30,237] Trial 35 finished with value: 340.7274475097656 and parameters: {'gradient_clip_val': 0.7083488162312008, 'hidden_size': 115, 'dropout': 0.3724857660653991, 'hidden_continuous_size': 65, 'attention_head_size': 1, 'learning_rate': 0.0023568019498362773}. Best is trial 0 with value: 139.31036376953125.
[I 2023-12-26 12:26:36,380] Trial 36 finished with value: 355.0010986328125 and parameters: {'gradient_clip_val': 0.6057746896389081, 'hidden_size': 72, 'dropout': 0.34960371811046753, 'hidden_continuous_size': 37, 'attention_head_size': 3, 'learning_rate': 0.0005059188905569488}. Best is trial 0 with value: 139.31036376953125.
[I 2023-12-26 12:26:43,967] Trial 37 finished with value: 388.9065246582031 and parameters: {'gradient_clip_val': 0.8139768991530139, 'hidden_size': 91, 'dropout': 0.32294455470930605, 'hidden_continuous_size': 47, 'attention_head_size': 4, 'learning_rate': 0.000860563046117472}. Best is trial 0 with value: 139.31036376953125.
[I 2023-12-26 12:26:54,055] Trial 38 finished with value: 312.3503112792969 and parameters: {'gradient_clip_val': 0.683060196610552, 'hidden_size': 121, 'dropout': 0.28613822551424023, 'hidden_continuous_size': 58, 'attention_head_size': 1, 'learning_rate': 0.0017593688740687146}. Best is trial 0 with value: 139.31036376953125.
[I 2023-12-26 12:27:00,844] Trial 39 finished with value: 358.2099609375 and parameters: {'gradient_clip_val': 0.8688023449746907, 'hidden_size': 77, 'dropout': 0.3875706953796012, 'hidden_continuous_size': 30, 'attention_head_size': 3, 'learning_rate': 0.004836403030255353}. Best is trial 0 with value: 139.31036376953125.
[I 2023-12-26 12:27:05,591] Trial 40 finished with value: 411.795166015625 and parameters: {'gradient_clip_val': 0.5694826172427961, 'hidden_size': 52, 'dropout': 0.3351436885372382, 'hidden_continuous_size': 19, 'attention_head_size': 4, 'learning_rate': 0.0007050233989230698}. Best is trial 0 with value: 139.31036376953125.
[I 2023-12-26 12:27:09,925] Trial 41 finished with value: 336.43072509765625 and parameters: {'gradient_clip_val': 0.6341931049183308, 'hidden_size': 49, 'dropout': 0.42391732003837634, 'hidden_continuous_size': 22, 'attention_head_size': 2, 'learning_rate': 0.003804873004092593}. Best is trial 0 with value: 139.31036376953125.
[I 2023-12-26 12:27:13,590] Trial 42 finished with value: 240.4088897705078 and parameters: {'gradient_clip_val': 0.48453616018942225, 'hidden_size': 40, 'dropout': 0.4739555320869691, 'hidden_continuous_size': 15, 'attention_head_size': 2, 'learning_rate': 0.0028355893129030094}. Best is trial 0 with value: 139.31036376953125.
[I 2023-12-26 12:27:18,870] Trial 43 finished with value: 264.9842224121094 and parameters: {'gradient_clip_val': 0.7287169067649382, 'hidden_size': 60, 'dropout': 0.4256752913045389, 'hidden_continuous_size': 24, 'attention_head_size': 2, 'learning_rate': 0.0016071234643012906}. Best is trial 0 with value: 139.31036376953125.
[I 2023-12-26 12:27:22,301] Trial 44 finished with value: 460.0357360839844 and parameters: {'gradient_clip_val': 0.637236706056749, 'hidden_size': 35, 'dropout': 0.47009813732448, 'hidden_continuous_size': 21, 'attention_head_size': 1, 'learning_rate': 0.004525753489199365}. Best is trial 0 with value: 139.31036376953125.
[I 2023-12-26 12:27:28,061] Trial 45 finished with value: 356.2139892578125 and parameters: {'gradient_clip_val': 0.9266660242427276, 'hidden_size': 68, 'dropout': 0.39724556371410613, 'hidden_continuous_size': 40, 'attention_head_size': 2, 'learning_rate': 0.0011880813715051414}. Best is trial 0 with value: 139.31036376953125.
[I 2023-12-26 12:27:36,113] Trial 46 finished with value: 382.9328918457031 and parameters: {'gradient_clip_val': 0.409340328563841, 'hidden_size': 100, 'dropout': 0.43517129872712706, 'hidden_continuous_size': 14, 'attention_head_size': 2, 'learning_rate': 0.00206627946924896}. Best is trial 0 with value: 139.31036376953125.
[I 2023-12-26 12:27:39,247] Trial 47 finished with value: 354.7807312011719 and parameters: {'gradient_clip_val': 0.7973343435667137, 'hidden_size': 26, 'dropout': 0.3663603154031036, 'hidden_continuous_size': 18, 'attention_head_size': 3, 'learning_rate': 0.0026765485443850288}. Best is trial 0 with value: 139.31036376953125.
[I 2023-12-26 12:27:49,337] Trial 48 finished with value: 267.91436767578125 and parameters: {'gradient_clip_val': 0.5584760510408898, 'hidden_size': 123, 'dropout': 0.4084711175925223, 'hidden_continuous_size': 34, 'attention_head_size': 2, 'learning_rate': 0.01207668923042097}. Best is trial 0 with value: 139.31036376953125.
[I 2023-12-26 12:27:53,989] Trial 49 finished with value: 412.66455078125 and parameters: {'gradient_clip_val': 0.9936536833474819, 'hidden_size': 52, 'dropout': 0.4794844892747383, 'hidden_continuous_size': 29, 'attention_head_size': 1, 'learning_rate': 0.005359171857063972}. Best is trial 0 with value: 139.31036376953125.
[I 2023-12-26 12:27:54,123] A new study created in memory with name: no-name-41e55480-1e95-403c-9458-7251135edf14
/home/le004/conda/anaconda3/envs/tsff_env/lib/python3.9/site-packages/lightning/fabric/plugins/environments/slurm.py:191: The `srun` command is available on your system but is not used. HINT: If your intention is to run Lightning on SLURM, prepend your python command with `srun` like so: srun python /home/le004/master_thesis/git/TSFusionForecast/code/ ...
[I 2023-12-26 12:35:15,081] Trial 0 finished with value: 288.5268249511719 and parameters: {'gradient_clip_val': 0.1236058594147694, 'hidden_size': 98, 'dropout': 0.2158224734102813, 'hidden_continuous_size': 6, 'attention_head_size': 2, 'learning_rate': 0.0013539891391781533}. Best is trial 0 with value: 288.5268249511719.
[I 2023-12-26 12:35:16,955] Trial 1 finished with value: 418.2904968261719 and parameters: {'gradient_clip_val': 0.12771833898029644, 'hidden_size': 7, 'dropout': 0.4168174407269033, 'hidden_continuous_size': 5, 'attention_head_size': 4, 'learning_rate': 0.0011425030626919133}. Best is trial 0 with value: 288.5268249511719.
[I 2023-12-26 12:35:18,966] Trial 2 finished with value: 387.8780212402344 and parameters: {'gradient_clip_val': 0.2210088800936603, 'hidden_size': 17, 'dropout': 0.2140058578810521, 'hidden_continuous_size': 7, 'attention_head_size': 1, 'learning_rate': 0.009800115715884874}. Best is trial 0 with value: 288.5268249511719.
[I 2023-12-26 12:35:21,009] Trial 3 finished with value: 405.0092468261719 and parameters: {'gradient_clip_val': 0.9514433345837607, 'hidden_size': 13, 'dropout': 0.47010959282300424, 'hidden_continuous_size': 5, 'attention_head_size': 3, 'learning_rate': 0.028498015644933594}. Best is trial 0 with value: 288.5268249511719.
[I 2023-12-26 12:35:25,193] Trial 4 finished with value: 454.0826721191406 and parameters: {'gradient_clip_val': 0.29143414677969515, 'hidden_size': 69, 'dropout': 0.1311735125119412, 'hidden_continuous_size': 58, 'attention_head_size': 1, 'learning_rate': 0.007056733456218944}. Best is trial 0 with value: 288.5268249511719.
[I 2023-12-26 12:35:33,322] Trial 5 finished with value: 433.3838806152344 and parameters: {'gradient_clip_val': 0.15390307838159947, 'hidden_size': 123, 'dropout': 0.17415376254852832, 'hidden_continuous_size': 6, 'attention_head_size': 2, 'learning_rate': 0.060737905781837305}. Best is trial 0 with value: 288.5268249511719.
[I 2023-12-26 12:35:40,625] Trial 6 finished with value: 394.0541076660156 and parameters: {'gradient_clip_val': 0.23127126167436177, 'hidden_size': 85, 'dropout': 0.3772712947715945, 'hidden_continuous_size': 65, 'attention_head_size': 1, 'learning_rate': 0.052394121872901}. Best is trial 0 with value: 288.5268249511719.
[I 2023-12-26 12:35:50,571] Trial 7 finished with value: 493.5321350097656 and parameters: {'gradient_clip_val': 0.7834625996828295, 'hidden_size': 132, 'dropout': 0.47205243310056566, 'hidden_continuous_size': 8, 'attention_head_size': 1, 'learning_rate': 0.034918399806941065}. Best is trial 0 with value: 288.5268249511719.
[I 2023-12-26 12:35:53,081] Trial 8 finished with value: 361.5353088378906 and parameters: {'gradient_clip_val': 0.7485420922559064, 'hidden_size': 36, 'dropout': 0.4990691764523114, 'hidden_continuous_size': 11, 'attention_head_size': 3, 'learning_rate': 0.002436073903270069}. Best is trial 0 with value: 288.5268249511719.
[I 2023-12-26 12:35:55,537] Trial 9 finished with value: 383.4269714355469 and parameters: {'gradient_clip_val': 0.26938938889724245, 'hidden_size': 23, 'dropout': 0.38753764295240434, 'hidden_continuous_size': 17, 'attention_head_size': 2, 'learning_rate': 0.044916975252563995}. Best is trial 0 with value: 288.5268249511719.
[I 2023-12-26 12:35:58,545] Trial 10 finished with value: 372.7002868652344 and parameters: {'gradient_clip_val': 0.11995236742554675, 'hidden_size': 52, 'dropout': 0.25616495691372126, 'hidden_continuous_size': 14, 'attention_head_size': 4, 'learning_rate': 0.0005398210006546532}. Best is trial 0 with value: 288.5268249511719.
[I 2023-12-26 12:36:01,241] Trial 11 finished with value: 412.1351318359375 and parameters: {'gradient_clip_val': 0.3922717050167337, 'hidden_size': 41, 'dropout': 0.31368948968653865, 'hidden_continuous_size': 9, 'attention_head_size': 3, 'learning_rate': 0.002062984341954032}. Best is trial 0 with value: 288.5268249511719.
[I 2023-12-26 12:36:03,685] Trial 12 finished with value: 323.3917236328125 and parameters: {'gradient_clip_val': 0.10107344640504898, 'hidden_size': 30, 'dropout': 0.30656389741511353, 'hidden_continuous_size': 10, 'attention_head_size': 3, 'learning_rate': 0.0023471145883962523}. Best is trial 0 with value: 288.5268249511719.
[I 2023-12-26 12:36:06,136] Trial 13 finished with value: 456.9226989746094 and parameters: {'gradient_clip_val': 0.1039855450463611, 'hidden_size': 31, 'dropout': 0.2919342574663261, 'hidden_continuous_size': 7, 'attention_head_size': 2, 'learning_rate': 0.0027142084317472834}. Best is trial 0 with value: 288.5268249511719.
[I 2023-12-26 12:36:10,389] Trial 14 finished with value: 434.7223815917969 and parameters: {'gradient_clip_val': 0.1013870653009369, 'hidden_size': 67, 'dropout': 0.22704917594504403, 'hidden_continuous_size': 11, 'attention_head_size': 3, 'learning_rate': 0.000781491133254267}. Best is trial 0 with value: 288.5268249511719.
[I 2023-12-26 12:36:15,659] Trial 15 finished with value: 370.6002197265625 and parameters: {'gradient_clip_val': 0.17492802603574292, 'hidden_size': 90, 'dropout': 0.12269605093277744, 'hidden_continuous_size': 27, 'attention_head_size': 2, 'learning_rate': 0.0012419020245920493}. Best is trial 0 with value: 288.5268249511719.
[I 2023-12-26 12:36:19,167] Trial 16 finished with value: 390.9127197265625 and parameters: {'gradient_clip_val': 0.1595807892402075, 'hidden_size': 53, 'dropout': 0.3182742717398845, 'hidden_continuous_size': 5, 'attention_head_size': 4, 'learning_rate': 0.005284538370985499}. Best is trial 0 with value: 288.5268249511719.
[I 2023-12-26 12:36:27,748] Trial 17 finished with value: 431.2335510253906 and parameters: {'gradient_clip_val': 0.13310983105203364, 'hidden_size': 145, 'dropout': 0.20015157722888177, 'hidden_continuous_size': 20, 'attention_head_size': 3, 'learning_rate': 0.0005113839314252631}. Best is trial 0 with value: 288.5268249511719.
[I 2023-12-26 12:36:29,864] Trial 18 finished with value: 466.378662109375 and parameters: {'gradient_clip_val': 0.10339344974317727, 'hidden_size': 24, 'dropout': 0.25822236197295045, 'hidden_continuous_size': 6, 'attention_head_size': 2, 'learning_rate': 0.0039911529378926685}. Best is trial 0 with value: 288.5268249511719.
[I 2023-12-26 12:36:32,766] Trial 19 finished with value: 443.5665588378906 and parameters: {'gradient_clip_val': 0.18547079645883047, 'hidden_size': 42, 'dropout': 0.16145936669817199, 'hidden_continuous_size': 9, 'attention_head_size': 3, 'learning_rate': 0.001411043656350491}. Best is trial 0 with value: 288.5268249511719.
[I 2023-12-26 12:36:34,474] Trial 20 finished with value: 423.093994140625 and parameters: {'gradient_clip_val': 0.1365986067333774, 'hidden_size': 5, 'dropout': 0.2593617851469998, 'hidden_continuous_size': 5, 'attention_head_size': 2, 'learning_rate': 0.01226702777707253}. Best is trial 0 with value: 288.5268249511719.
[I 2023-12-26 12:36:37,128] Trial 21 finished with value: 393.3080139160156 and parameters: {'gradient_clip_val': 0.4305256795573312, 'hidden_size': 30, 'dropout': 0.4895484964804492, 'hidden_continuous_size': 11, 'attention_head_size': 3, 'learning_rate': 0.0029657903896882195}. Best is trial 0 with value: 288.5268249511719.
[I 2023-12-26 12:36:40,170] Trial 22 finished with value: 363.8983459472656 and parameters: {'gradient_clip_val': 0.581745486680419, 'hidden_size': 37, 'dropout': 0.34603177846904887, 'hidden_continuous_size': 10, 'attention_head_size': 3, 'learning_rate': 0.001968228888828815}. Best is trial 0 with value: 288.5268249511719.
[I 2023-12-26 12:36:43,515] Trial 23 finished with value: 366.9305114746094 and parameters: {'gradient_clip_val': 0.36329108649430597, 'hidden_size': 52, 'dropout': 0.4260146001153964, 'hidden_continuous_size': 13, 'attention_head_size': 4, 'learning_rate': 0.0036838708090584146}. Best is trial 0 with value: 288.5268249511719.
[I 2023-12-26 12:36:45,576] Trial 24 finished with value: 376.61083984375 and parameters: {'gradient_clip_val': 0.48338532919574745, 'hidden_size': 18, 'dropout': 0.10006138789593426, 'hidden_continuous_size': 8, 'attention_head_size': 3, 'learning_rate': 0.0018271261438224233}. Best is trial 0 with value: 288.5268249511719.
[I 2023-12-26 12:36:52,151] Trial 25 finished with value: 426.7432861328125 and parameters: {'gradient_clip_val': 0.33872961076218533, 'hidden_size': 96, 'dropout': 0.34629321614168623, 'hidden_continuous_size': 14, 'attention_head_size': 2, 'learning_rate': 0.0008776814892966117}. Best is trial 0 with value: 288.5268249511719.
[I 2023-12-26 12:36:54,489] Trial 26 finished with value: 395.1901550292969 and parameters: {'gradient_clip_val': 0.209213066345627, 'hidden_size': 32, 'dropout': 0.44086918509560014, 'hidden_continuous_size': 10, 'attention_head_size': 3, 'learning_rate': 0.002756044935510775}. Best is trial 0 with value: 288.5268249511719.
[I 2023-12-26 12:36:58,533] Trial 27 finished with value: 548.0386352539062 and parameters: {'gradient_clip_val': 0.26457875605814724, 'hidden_size': 67, 'dropout': 0.3993198921875589, 'hidden_continuous_size': 7, 'attention_head_size': 4, 'learning_rate': 0.001734997387507708}. Best is trial 0 with value: 288.5268249511719.
[I 2023-12-26 12:37:07,532] Trial 28 finished with value: 472.1440124511719 and parameters: {'gradient_clip_val': 0.313287806846051, 'hidden_size': 111, 'dropout': 0.44639853379996886, 'hidden_continuous_size': 26, 'attention_head_size': 2, 'learning_rate': 0.005070187783287398}. Best is trial 0 with value: 288.5268249511719.
[I 2023-12-26 12:37:10,088] Trial 29 finished with value: 490.2452697753906 and parameters: {'gradient_clip_val': 0.12448486306400607, 'hidden_size': 11, 'dropout': 0.35756154262444834, 'hidden_continuous_size': 6, 'attention_head_size': 4, 'learning_rate': 0.0010524880565577332}. Best is trial 0 with value: 288.5268249511719.
[I 2023-12-26 12:37:13,644] Trial 30 finished with value: 417.7734680175781 and parameters: {'gradient_clip_val': 0.15180948814537729, 'hidden_size': 41, 'dropout': 0.4199573915355958, 'hidden_continuous_size': 12, 'attention_head_size': 3, 'learning_rate': 0.0011832437768776888}. Best is trial 0 with value: 288.5268249511719.
[I 2023-12-26 12:37:17,226] Trial 31 finished with value: 592.3759765625 and parameters: {'gradient_clip_val': 0.5113565639390317, 'hidden_size': 37, 'dropout': 0.34115890130277826, 'hidden_continuous_size': 10, 'attention_head_size': 3, 'learning_rate': 0.0019296294302179886}. Best is trial 0 with value: 288.5268249511719.
[I 2023-12-26 12:37:19,720] Trial 32 finished with value: 367.1522521972656 and parameters: {'gradient_clip_val': 0.6783705713793016, 'hidden_size': 26, 'dropout': 0.29875820107900997, 'hidden_continuous_size': 9, 'attention_head_size': 3, 'learning_rate': 0.00241619338787949}. Best is trial 0 with value: 288.5268249511719.
[I 2023-12-26 12:37:22,432] Trial 33 finished with value: 341.3321228027344 and parameters: {'gradient_clip_val': 0.6166832111534944, 'hidden_size': 19, 'dropout': 0.3628265878980362, 'hidden_continuous_size': 8, 'attention_head_size': 3, 'learning_rate': 0.0016520423521079407}. Best is trial 0 with value: 288.5268249511719.
[I 2023-12-26 12:37:25,038] Trial 34 finished with value: 402.3168029785156 and parameters: {'gradient_clip_val': 0.9447756178728788, 'hidden_size': 19, 'dropout': 0.4931184940713545, 'hidden_continuous_size': 8, 'attention_head_size': 2, 'learning_rate': 0.0014736663454625676}. Best is trial 0 with value: 288.5268249511719.
[I 2023-12-26 12:37:27,505] Trial 35 finished with value: 439.8466796875 and parameters: {'gradient_clip_val': 0.6511839948453494, 'hidden_size': 12, 'dropout': 0.39775792936731147, 'hidden_continuous_size': 6, 'attention_head_size': 3, 'learning_rate': 0.0008230751144241446}. Best is trial 0 with value: 288.5268249511719.
[I 2023-12-26 12:37:29,874] Trial 36 finished with value: 405.841064453125 and parameters: {'gradient_clip_val': 0.9888706720669342, 'hidden_size': 14, 'dropout': 0.37846477459210337, 'hidden_continuous_size': 7, 'attention_head_size': 1, 'learning_rate': 0.0015135674690000297}. Best is trial 0 with value: 288.5268249511719.
[I 2023-12-26 12:37:32,673] Trial 37 finished with value: 405.8327941894531 and parameters: {'gradient_clip_val': 0.795481390397559, 'hidden_size': 21, 'dropout': 0.4685893191720758, 'hidden_continuous_size': 8, 'attention_head_size': 4, 'learning_rate': 0.00880310895327385}. Best is trial 0 with value: 288.5268249511719.
