[I 2023-12-26 16:21:57,471] Trial 4 finished with value: 2.335294723510742 and parameters: {'gradient_clip_val': 0.38993211670360484, 'hidden_size': 49, 'dropout': 0.11349643707537133, 'hidden_continuous_size': 17, 'attention_head_size': 1, 'learning_rate': 0.003119065503689027}. Best is trial 0 with value: 0.5856228470802307.
[I 2023-12-26 16:22:06,648] Trial 5 finished with value: 2.688533067703247 and parameters: {'gradient_clip_val': 0.5927429831588892, 'hidden_size': 136, 'dropout': 0.34393686022980285, 'hidden_continuous_size': 33, 'attention_head_size': 1, 'learning_rate': 0.0010945895560598275}. Best is trial 0 with value: 0.5856228470802307.
[I 2023-12-26 16:22:08,823] Trial 6 finished with value: 2.8317439556121826 and parameters: {'gradient_clip_val': 0.4199552793197179, 'hidden_size': 14, 'dropout': 0.3826820297737836, 'hidden_continuous_size': 9, 'attention_head_size': 3, 'learning_rate': 0.007294043927910925}. Best is trial 0 with value: 0.5856228470802307.
[I 2023-12-26 16:22:11,531] Trial 7 finished with value: 3.2505815029144287 and parameters: {'gradient_clip_val': 0.5532703905424922, 'hidden_size': 31, 'dropout': 0.48947515380270745, 'hidden_continuous_size': 6, 'attention_head_size': 2, 'learning_rate': 0.07209671468515204}. Best is trial 0 with value: 0.5856228470802307.
[I 2023-12-26 16:22:13,264] Trial 8 finished with value: 2.304297685623169 and parameters: {'gradient_clip_val': 0.3293455600457861, 'hidden_size': 5, 'dropout': 0.1515340459452017, 'hidden_continuous_size': 5, 'attention_head_size': 1, 'learning_rate': 0.0011484117844069565}. Best is trial 0 with value: 0.5856228470802307.
[I 2023-12-26 16:22:15,046] Trial 9 finished with value: 2.7958908081054688 and parameters: {'gradient_clip_val': 0.5576978531537085, 'hidden_size': 5, 'dropout': 0.2058133991531042, 'hidden_continuous_size': 5, 'attention_head_size': 3, 'learning_rate': 0.09808772419813772}. Best is trial 0 with value: 0.5856228470802307.
[I 2023-12-26 16:22:17,252] Trial 10 finished with value: 2.5145559310913086 and parameters: {'gradient_clip_val': 0.9180170176217106, 'hidden_size': 13, 'dropout': 0.24499331391050982, 'hidden_continuous_size': 7, 'attention_head_size': 4, 'learning_rate': 0.0171535579599697}. Best is trial 0 with value: 0.5856228470802307.
[I 2023-12-26 16:22:19,271] Trial 11 finished with value: 3.1893069744110107 and parameters: {'gradient_clip_val': 0.10159224588111193, 'hidden_size': 9, 'dropout': 0.11599086139263069, 'hidden_continuous_size': 5, 'attention_head_size': 2, 'learning_rate': 0.0006065602654666048}. Best is trial 0 with value: 0.5856228470802307.
[I 2023-12-26 16:22:21,105] Trial 12 finished with value: 3.369415283203125 and parameters: {'gradient_clip_val': 0.2775375326263805, 'hidden_size': 5, 'dropout': 0.20767466709956806, 'hidden_continuous_size': 5, 'attention_head_size': 4, 'learning_rate': 0.014024240790116245}. Best is trial 0 with value: 0.5856228470802307.
[I 2023-12-26 16:22:23,142] Trial 13 finished with value: 2.819775342941284 and parameters: {'gradient_clip_val': 0.23955971382583857, 'hidden_size': 9, 'dropout': 0.28367781253065283, 'hidden_continuous_size': 5, 'attention_head_size': 2, 'learning_rate': 0.006900721682217276}. Best is trial 0 with value: 0.5856228470802307.
[I 2023-12-26 16:22:25,697] Trial 14 finished with value: 2.559957265853882 and parameters: {'gradient_clip_val': 0.18227924220462216, 'hidden_size': 19, 'dropout': 0.18936988649644007, 'hidden_continuous_size': 7, 'attention_head_size': 3, 'learning_rate': 0.0005406962552026864}. Best is trial 0 with value: 0.5856228470802307.
[I 2023-12-26 16:22:27,555] Trial 15 finished with value: 2.310142755508423 and parameters: {'gradient_clip_val': 0.3083504066837055, 'hidden_size': 8, 'dropout': 0.10712012120729801, 'hidden_continuous_size': 5, 'attention_head_size': 2, 'learning_rate': 0.02838281792584652}. Best is trial 0 with value: 0.5856228470802307.
[I 2023-12-26 16:22:30,170] Trial 16 finished with value: 2.6949832439422607 and parameters: {'gradient_clip_val': 0.4066257263975121, 'hidden_size': 20, 'dropout': 0.2400777712301451, 'hidden_continuous_size': 9, 'attention_head_size': 4, 'learning_rate': 0.006009658763895077}. Best is trial 0 with value: 0.5856228470802307.
[I 2023-12-26 16:22:32,460] Trial 17 finished with value: 2.541954278945923 and parameters: {'gradient_clip_val': 0.2605943461538249, 'hidden_size': 7, 'dropout': 0.16207854868079824, 'hidden_continuous_size': 5, 'attention_head_size': 2, 'learning_rate': 0.04594294195843556}. Best is trial 0 with value: 0.5856228470802307.
[I 2023-12-26 16:22:34,834] Trial 18 finished with value: 2.8523924350738525 and parameters: {'gradient_clip_val': 0.19893949524403998, 'hidden_size': 12, 'dropout': 0.30397199795268737, 'hidden_continuous_size': 6, 'attention_head_size': 3, 'learning_rate': 0.013221279311719784}. Best is trial 0 with value: 0.5856228470802307.
[I 2023-12-26 16:22:36,784] Trial 19 finished with value: 3.1285159587860107 and parameters: {'gradient_clip_val': 0.3341629829427973, 'hidden_size': 7, 'dropout': 0.23435213370782815, 'hidden_continuous_size': 5, 'attention_head_size': 4, 'learning_rate': 0.027622616399158275}. Best is trial 0 with value: 0.5856228470802307.
[I 2023-12-26 16:22:38,557] Trial 20 finished with value: 2.39872407913208 and parameters: {'gradient_clip_val': 0.15773766276043583, 'hidden_size': 5, 'dropout': 0.1382652466981304, 'hidden_continuous_size': 5, 'attention_head_size': 1, 'learning_rate': 0.0044309246051740725}. Best is trial 0 with value: 0.5856228470802307.
[I 2023-12-26 16:22:40,468] Trial 21 finished with value: 2.4123079776763916 and parameters: {'gradient_clip_val': 0.30389539099367235, 'hidden_size': 7, 'dropout': 0.11346823711205897, 'hidden_continuous_size': 5, 'attention_head_size': 2, 'learning_rate': 0.03040020763405099}. Best is trial 0 with value: 0.5856228470802307.
[I 2023-12-26 16:22:42,717] Trial 22 finished with value: 3.133969306945801 and parameters: {'gradient_clip_val': 0.2762563956533977, 'hidden_size': 9, 'dropout': 0.10599232002035605, 'hidden_continuous_size': 5, 'attention_head_size': 2, 'learning_rate': 0.009204649340151787}. Best is trial 0 with value: 0.5856228470802307.
[I 2023-12-26 16:22:45,163] Trial 23 finished with value: 2.6927592754364014 and parameters: {'gradient_clip_val': 0.34851617957681924, 'hidden_size': 7, 'dropout': 0.1454849166067098, 'hidden_continuous_size': 5, 'attention_head_size': 3, 'learning_rate': 0.022117121646480838}. Best is trial 0 with value: 0.5856228470802307.
[I 2023-12-26 16:22:47,361] Trial 24 finished with value: 2.276221752166748 and parameters: {'gradient_clip_val': 0.4606687420078881, 'hidden_size': 5, 'dropout': 0.18636936277426974, 'hidden_continuous_size': 5, 'attention_head_size': 1, 'learning_rate': 0.01051753039667725}. Best is trial 0 with value: 0.5856228470802307.
[I 2023-12-26 16:22:49,260] Trial 25 finished with value: 2.2950000762939453 and parameters: {'gradient_clip_val': 0.4469384186567653, 'hidden_size': 5, 'dropout': 0.18335944599783688, 'hidden_continuous_size': 5, 'attention_head_size': 1, 'learning_rate': 0.011734526853333411}. Best is trial 0 with value: 0.5856228470802307.
[I 2023-12-26 16:22:51,519] Trial 26 finished with value: 2.584857702255249 and parameters: {'gradient_clip_val': 0.5039497976420677, 'hidden_size': 11, 'dropout': 0.19981734125826356, 'hidden_continuous_size': 6, 'attention_head_size': 1, 'learning_rate': 0.010940489408637493}. Best is trial 0 with value: 0.5856228470802307.
[I 2023-12-26 16:22:53,471] Trial 27 finished with value: 2.81398868560791 and parameters: {'gradient_clip_val': 0.6862935371829979, 'hidden_size': 6, 'dropout': 0.2220920585416862, 'hidden_continuous_size': 5, 'attention_head_size': 1, 'learning_rate': 0.017145335949511536}. Best is trial 0 with value: 0.5856228470802307.
[I 2023-12-26 16:22:55,370] Trial 28 finished with value: 3.7542030811309814 and parameters: {'gradient_clip_val': 0.48134459832079374, 'hidden_size': 6, 'dropout': 0.18332543875597476, 'hidden_continuous_size': 5, 'attention_head_size': 2, 'learning_rate': 0.009177009518414428}. Best is trial 0 with value: 0.5856228470802307.
[I 2023-12-26 16:22:57,268] Trial 29 finished with value: 2.3876068592071533 and parameters: {'gradient_clip_val': 0.4440400720470963, 'hidden_size': 16, 'dropout': 0.1782543829763112, 'hidden_continuous_size': 6, 'attention_head_size': 1, 'learning_rate': 0.005855161741045306}. Best is trial 0 with value: 0.5856228470802307.
[I 2023-12-26 16:22:59,227] Trial 30 finished with value: 2.585474729537964 and parameters: {'gradient_clip_val': 0.38689903113784296, 'hidden_size': 10, 'dropout': 0.2198272416499239, 'hidden_continuous_size': 6, 'attention_head_size': 1, 'learning_rate': 0.01372291298200875}. Best is trial 0 with value: 0.5856228470802307.
[I 2023-12-26 16:23:00,951] Trial 31 finished with value: 2.4237401485443115 and parameters: {'gradient_clip_val': 0.3609444036412347, 'hidden_size': 5, 'dropout': 0.1564479063138496, 'hidden_continuous_size': 5, 'attention_head_size': 1, 'learning_rate': 0.010838647370716084}. Best is trial 0 with value: 0.5856228470802307.
[I 2023-12-26 16:23:03,001] Trial 32 finished with value: 3.7927846908569336 and parameters: {'gradient_clip_val': 0.4735237396784349, 'hidden_size': 6, 'dropout': 0.17870306505350228, 'hidden_continuous_size': 5, 'attention_head_size': 1, 'learning_rate': 0.0038190949855937063}. Best is trial 0 with value: 0.5856228470802307.
[I 2023-12-26 16:23:05,283] Trial 33 finished with value: 2.947514772415161 and parameters: {'gradient_clip_val': 0.34216213413300567, 'hidden_size': 11, 'dropout': 0.13962341017856356, 'hidden_continuous_size': 6, 'attention_head_size': 1, 'learning_rate': 0.002120028458917343}. Best is trial 0 with value: 0.5856228470802307.
[I 2023-12-26 16:23:06,993] Trial 34 finished with value: 2.6950366497039795 and parameters: {'gradient_clip_val': 0.4164259352529349, 'hidden_size': 5, 'dropout': 0.17608089178458966, 'hidden_continuous_size': 5, 'attention_head_size': 1, 'learning_rate': 0.004909849719775974}. Best is trial 0 with value: 0.5856228470802307.
[I 2023-12-26 16:23:08,829] Trial 35 finished with value: 2.9565913677215576 and parameters: {'gradient_clip_val': 0.3877292687420689, 'hidden_size': 8, 'dropout': 0.14947306159685853, 'hidden_continuous_size': 5, 'attention_head_size': 3, 'learning_rate': 0.002003567436315603}. Best is trial 0 with value: 0.5856228470802307.
[I 2023-12-26 16:23:10,805] Trial 36 finished with value: 3.2530553340911865 and parameters: {'gradient_clip_val': 0.30345238458477286, 'hidden_size': 6, 'dropout': 0.25944074539246414, 'hidden_continuous_size': 5, 'attention_head_size': 1, 'learning_rate': 0.0034963893534305074}. Best is trial 0 with value: 0.5856228470802307.
[I 2023-12-26 16:23:14,746] Trial 37 finished with value: 3.125544786453247 and parameters: {'gradient_clip_val': 0.6427544715382913, 'hidden_size': 51, 'dropout': 0.19844914667522992, 'hidden_continuous_size': 10, 'attention_head_size': 1, 'learning_rate': 0.008616812460952776}. Best is trial 0 with value: 0.5856228470802307.
[I 2023-12-26 16:23:16,781] Trial 38 finished with value: 3.4616787433624268 and parameters: {'gradient_clip_val': 0.4432382005648079, 'hidden_size': 5, 'dropout': 0.22166568440568926, 'hidden_continuous_size': 5, 'attention_head_size': 3, 'learning_rate': 0.007170146440334759}. Best is trial 0 with value: 0.5856228470802307.
[I 2023-12-26 16:23:18,852] Trial 39 finished with value: 2.638075113296509 and parameters: {'gradient_clip_val': 0.5118732960660309, 'hidden_size': 14, 'dropout': 0.16780911311946187, 'hidden_continuous_size': 7, 'attention_head_size': 2, 'learning_rate': 0.0014146183879449714}. Best is trial 0 with value: 0.5856228470802307.
[I 2023-12-26 16:23:20,773] Trial 40 finished with value: 3.2580087184906006 and parameters: {'gradient_clip_val': 0.36648421416050286, 'hidden_size': 6, 'dropout': 0.2613129560510649, 'hidden_continuous_size': 5, 'attention_head_size': 1, 'learning_rate': 0.0025887979889173797}. Best is trial 0 with value: 0.5856228470802307.
[I 2023-12-26 16:23:22,675] Trial 41 finished with value: 2.09765887260437 and parameters: {'gradient_clip_val': 0.32103302387003557, 'hidden_size': 8, 'dropout': 0.13311364639632375, 'hidden_continuous_size': 5, 'attention_head_size': 2, 'learning_rate': 0.02115435100289145}. Best is trial 0 with value: 0.5856228470802307.
[I 2023-12-26 16:23:24,658] Trial 42 finished with value: 3.1002414226531982 and parameters: {'gradient_clip_val': 0.317939624651006, 'hidden_size': 6, 'dropout': 0.13030848623240424, 'hidden_continuous_size': 5, 'attention_head_size': 2, 'learning_rate': 0.018085598897606858}. Best is trial 0 with value: 0.5856228470802307.
[I 2023-12-26 16:23:26,581] Trial 43 finished with value: 2.655686140060425 and parameters: {'gradient_clip_val': 0.3811152999502259, 'hidden_size': 8, 'dropout': 0.12358960909781272, 'hidden_continuous_size': 5, 'attention_head_size': 1, 'learning_rate': 0.020760125377091532}. Best is trial 0 with value: 0.5856228470802307.
[I 2023-12-26 16:23:28,405] Trial 44 finished with value: 2.6562252044677734 and parameters: {'gradient_clip_val': 0.43753839692123386, 'hidden_size': 5, 'dropout': 0.1575201918530111, 'hidden_continuous_size': 5, 'attention_head_size': 3, 'learning_rate': 0.0123241452278377}. Best is trial 0 with value: 0.5856228470802307.
[I 2023-12-26 16:23:30,646] Trial 45 finished with value: 2.857551336288452 and parameters: {'gradient_clip_val': 0.5461347506843016, 'hidden_size': 10, 'dropout': 0.13212448905642432, 'hidden_continuous_size': 6, 'attention_head_size': 2, 'learning_rate': 0.0007322976682732225}. Best is trial 0 with value: 0.5856228470802307.
[I 2023-12-26 16:23:32,464] Trial 46 finished with value: 2.9397544860839844 and parameters: {'gradient_clip_val': 0.24170983304856195, 'hidden_size': 5, 'dropout': 0.19181206953789257, 'hidden_continuous_size': 5, 'attention_head_size': 1, 'learning_rate': 0.008101440260438339}. Best is trial 0 with value: 0.5856228470802307.
[I 2023-12-26 16:23:34,433] Trial 47 finished with value: 2.5696704387664795 and parameters: {'gradient_clip_val': 0.33311852211462545, 'hidden_size': 7, 'dropout': 0.10070894080622624, 'hidden_continuous_size': 5, 'attention_head_size': 3, 'learning_rate': 0.010265952347968689}. Best is trial 0 with value: 0.5856228470802307.
[I 2023-12-26 16:23:36,369] Trial 48 finished with value: 2.2908685207366943 and parameters: {'gradient_clip_val': 0.2971349522607459, 'hidden_size': 8, 'dropout': 0.16348425760934282, 'hidden_continuous_size': 6, 'attention_head_size': 2, 'learning_rate': 0.01351771689512668}. Best is trial 0 with value: 0.5856228470802307.
[I 2023-12-26 16:23:38,403] Trial 49 finished with value: 2.559720277786255 and parameters: {'gradient_clip_val': 0.28226068750210453, 'hidden_size': 12, 'dropout': 0.16141707336392472, 'hidden_continuous_size': 6, 'attention_head_size': 2, 'learning_rate': 0.014482096663919081}. Best is trial 0 with value: 0.5856228470802307.
[I 2023-12-26 16:23:38,526] A new study created in memory with name: no-name-8c9fc939-20e0-4963-87ee-562f9cf3af50
/home/le004/conda/anaconda3/envs/tsff_env/lib/python3.9/site-packages/lightning/fabric/plugins/environments/slurm.py:191: The `srun` command is available on your system but is not used. HINT: If your intention is to run Lightning on SLURM, prepend your python command with `srun` like so: srun python /home/le004/master_thesis/git/TSFusionForecast/code/ ...
[I 2023-12-26 16:34:54,553] Trial 0 finished with value: 1.5046648979187012 and parameters: {'gradient_clip_val': 0.5827155732192029, 'hidden_size': 128, 'dropout': 0.3205124783992148, 'hidden_continuous_size': 103, 'attention_head_size': 2, 'learning_rate': 0.053198126592413235}. Best is trial 0 with value: 1.5046648979187012.
[I 2023-12-26 16:34:56,876] Trial 1 finished with value: 2.6363096237182617 and parameters: {'gradient_clip_val': 0.3618447019703355, 'hidden_size': 13, 'dropout': 0.12054142604881234, 'hidden_continuous_size': 5, 'attention_head_size': 4, 'learning_rate': 0.00061927987695337}. Best is trial 0 with value: 1.5046648979187012.
[I 2023-12-26 16:35:00,468] Trial 2 finished with value: 2.8093526363372803 and parameters: {'gradient_clip_val': 0.4756599614874072, 'hidden_size': 45, 'dropout': 0.32775480403513446, 'hidden_continuous_size': 6, 'attention_head_size': 2, 'learning_rate': 0.005826119424246773}. Best is trial 0 with value: 1.5046648979187012.
[I 2023-12-26 16:35:02,359] Trial 3 finished with value: 2.3161303997039795 and parameters: {'gradient_clip_val': 0.3548864639905097, 'hidden_size': 5, 'dropout': 0.15459805138767352, 'hidden_continuous_size': 5, 'attention_head_size': 2, 'learning_rate': 0.013681100341272186}. Best is trial 0 with value: 1.5046648979187012.
[I 2023-12-26 16:35:05,460] Trial 4 finished with value: 2.1853809356689453 and parameters: {'gradient_clip_val': 0.7593772118093507, 'hidden_size': 31, 'dropout': 0.25665108763591116, 'hidden_continuous_size': 10, 'attention_head_size': 3, 'learning_rate': 0.05548185911756396}. Best is trial 0 with value: 1.5046648979187012.
[I 2023-12-26 16:35:07,419] Trial 5 finished with value: 2.747694730758667 and parameters: {'gradient_clip_val': 0.6207880036631543, 'hidden_size': 5, 'dropout': 0.44186559800483716, 'hidden_continuous_size': 5, 'attention_head_size': 4, 'learning_rate': 0.0008147342448809594}. Best is trial 0 with value: 1.5046648979187012.
[I 2023-12-26 16:35:09,792] Trial 6 finished with value: 1.8183168172836304 and parameters: {'gradient_clip_val': 0.20543936585803513, 'hidden_size': 20, 'dropout': 0.21148491966417887, 'hidden_continuous_size': 8, 'attention_head_size': 1, 'learning_rate': 0.001432302384040034}. Best is trial 0 with value: 1.5046648979187012.
[I 2023-12-26 16:35:11,850] Trial 7 finished with value: 2.755634307861328 and parameters: {'gradient_clip_val': 0.332275678442194, 'hidden_size': 5, 'dropout': 0.2790328931455304, 'hidden_continuous_size': 5, 'attention_head_size': 1, 'learning_rate': 0.014392265801695154}. Best is trial 0 with value: 1.5046648979187012.
[I 2023-12-26 16:35:13,878] Trial 8 finished with value: 2.5178496837615967 and parameters: {'gradient_clip_val': 0.13798597870449505, 'hidden_size': 12, 'dropout': 0.4017649867822477, 'hidden_continuous_size': 12, 'attention_head_size': 1, 'learning_rate': 0.0006220095680224387}. Best is trial 0 with value: 1.5046648979187012.
[I 2023-12-26 16:35:16,321] Trial 9 finished with value: 2.0379555225372314 and parameters: {'gradient_clip_val': 0.47373200520859887, 'hidden_size': 17, 'dropout': 0.2015020682966533, 'hidden_continuous_size': 15, 'attention_head_size': 2, 'learning_rate': 0.02398761976398334}. Best is trial 0 with value: 1.5046648979187012.
[I 2023-12-26 16:35:29,141] Trial 10 finished with value: 2.6529862880706787 and parameters: {'gradient_clip_val': 0.9972904330901787, 'hidden_size': 149, 'dropout': 0.4986854491413323, 'hidden_continuous_size': 134, 'attention_head_size': 3, 'learning_rate': 0.09587477321435858}. Best is trial 0 with value: 1.5046648979187012.
[I 2023-12-26 16:35:39,691] Trial 11 finished with value: 2.691596031188965 and parameters: {'gradient_clip_val': 0.19635398130027454, 'hidden_size': 144, 'dropout': 0.22561873901254836, 'hidden_continuous_size': 43, 'attention_head_size': 1, 'learning_rate': 0.003105978766398365}. Best is trial 0 with value: 1.5046648979187012.
[I 2023-12-26 16:35:45,293] Trial 12 finished with value: 3.186711549758911 and parameters: {'gradient_clip_val': 0.23450342477094457, 'hidden_size': 67, 'dropout': 0.32599362459162007, 'hidden_continuous_size': 24, 'attention_head_size': 1, 'learning_rate': 0.0023316771335855045}. Best is trial 0 with value: 1.5046648979187012.
[I 2023-12-26 16:35:50,928] Trial 13 finished with value: 3.281045913696289 and parameters: {'gradient_clip_val': 0.11351020202859753, 'hidden_size': 75, 'dropout': 0.18720636293852277, 'hidden_continuous_size': 24, 'attention_head_size': 2, 'learning_rate': 0.03464277300089139}. Best is trial 0 with value: 1.5046648979187012.
[I 2023-12-26 16:35:53,749] Trial 14 finished with value: 3.6640031337738037 and parameters: {'gradient_clip_val': 0.2333864253654629, 'hidden_size': 26, 'dropout': 0.3014857607123093, 'hidden_continuous_size': 8, 'attention_head_size': 3, 'learning_rate': 0.008779308918916606}. Best is trial 0 with value: 1.5046648979187012.
[I 2023-12-26 16:36:00,502] Trial 15 finished with value: 2.8918850421905518 and parameters: {'gradient_clip_val': 0.16584091229045725, 'hidden_size': 86, 'dropout': 0.10811001615027174, 'hidden_continuous_size': 39, 'attention_head_size': 1, 'learning_rate': 0.0016504356568026}. Best is trial 0 with value: 1.5046648979187012.
[I 2023-12-26 16:36:04,014] Trial 16 finished with value: 3.005587339401245 and parameters: {'gradient_clip_val': 0.2689708286225456, 'hidden_size': 44, 'dropout': 0.24043631499911094, 'hidden_continuous_size': 8, 'attention_head_size': 2, 'learning_rate': 0.004251350811338075}. Best is trial 0 with value: 1.5046648979187012.
[I 2023-12-26 16:36:06,579] Trial 17 finished with value: 2.7059977054595947 and parameters: {'gradient_clip_val': 0.15785286437188983, 'hidden_size': 22, 'dropout': 0.36031843644267214, 'hidden_continuous_size': 7, 'attention_head_size': 1, 'learning_rate': 0.001571311195283198}. Best is trial 0 with value: 1.5046648979187012.
[I 2023-12-26 16:36:15,161] Trial 18 finished with value: 2.1007769107818604 and parameters: {'gradient_clip_val': 0.10135483309489761, 'hidden_size': 104, 'dropout': 0.27868716284643946, 'hidden_continuous_size': 98, 'attention_head_size': 2, 'learning_rate': 0.007337838686810379}. Best is trial 0 with value: 1.5046648979187012.
