[I 2023-12-26 19:02:10,648] Trial 49 finished with value: 3.4181089401245117 and parameters: {'gradient_clip_val': 0.12482893444353053, 'hidden_size': 72, 'dropout': 0.1648586874234284, 'hidden_continuous_size': 22, 'attention_head_size': 2, 'learning_rate': 0.006393273717880378}. Best is trial 0 with value: 0.03437155485153198.
[I 2023-12-26 19:02:10,814] A new study created in memory with name: no-name-dfd14d38-1146-403e-856b-5902ef15541c
/home/le004/conda/anaconda3/envs/tsff_env/lib/python3.9/site-packages/lightning/fabric/plugins/environments/slurm.py:191: The `srun` command is available on your system but is not used. HINT: If your intention is to run Lightning on SLURM, prepend your python command with `srun` like so: srun python /home/le004/master_thesis/git/TSFusionForecast/code/ ...
[I 2023-12-26 19:06:52,087] Trial 0 finished with value: 0.09452872723340988 and parameters: {'gradient_clip_val': 0.40324264421104244, 'hidden_size': 6, 'dropout': 0.22553293908956312, 'hidden_continuous_size': 6, 'attention_head_size': 3, 'learning_rate': 0.0017188020506734663}. Best is trial 0 with value: 0.09452872723340988.
[I 2023-12-26 19:15:28,639] Trial 1 finished with value: 0.053712811321020126 and parameters: {'gradient_clip_val': 0.3440802641918775, 'hidden_size': 72, 'dropout': 0.10369568650934609, 'hidden_continuous_size': 7, 'attention_head_size': 1, 'learning_rate': 0.018495267785846203}. Best is trial 1 with value: 0.053712811321020126.
[I 2023-12-26 19:15:30,991] Trial 2 finished with value: 3.2374465465545654 and parameters: {'gradient_clip_val': 0.387067095869362, 'hidden_size': 25, 'dropout': 0.18474664905972815, 'hidden_continuous_size': 10, 'attention_head_size': 2, 'learning_rate': 0.001039121115909834}. Best is trial 1 with value: 0.053712811321020126.
[I 2023-12-26 19:15:33,062] Trial 3 finished with value: 3.307485580444336 and parameters: {'gradient_clip_val': 0.24646678442528075, 'hidden_size': 17, 'dropout': 0.41939604786452755, 'hidden_continuous_size': 8, 'attention_head_size': 2, 'learning_rate': 0.0014538656059438554}. Best is trial 1 with value: 0.053712811321020126.
[I 2023-12-26 19:15:38,863] Trial 4 finished with value: 2.987102746963501 and parameters: {'gradient_clip_val': 0.21838114773073927, 'hidden_size': 89, 'dropout': 0.31665934265799117, 'hidden_continuous_size': 39, 'attention_head_size': 1, 'learning_rate': 0.08124028291103189}. Best is trial 1 with value: 0.053712811321020126.
[I 2023-12-26 19:15:40,619] Trial 5 finished with value: 2.360650062561035 and parameters: {'gradient_clip_val': 0.5451215224630928, 'hidden_size': 7, 'dropout': 0.1732573284702767, 'hidden_continuous_size': 7, 'attention_head_size': 1, 'learning_rate': 0.05239774353356992}. Best is trial 1 with value: 0.053712811321020126.
[I 2023-12-26 19:15:43,563] Trial 6 finished with value: 3.4788529872894287 and parameters: {'gradient_clip_val': 0.19485392491234113, 'hidden_size': 43, 'dropout': 0.39209533622639725, 'hidden_continuous_size': 11, 'attention_head_size': 4, 'learning_rate': 0.022134784213417524}. Best is trial 1 with value: 0.053712811321020126.
[I 2023-12-26 19:15:45,475] Trial 7 finished with value: 3.1994740962982178 and parameters: {'gradient_clip_val': 0.4150928146356472, 'hidden_size': 7, 'dropout': 0.1866789969076931, 'hidden_continuous_size': 6, 'attention_head_size': 1, 'learning_rate': 0.0046648004635008716}. Best is trial 1 with value: 0.053712811321020126.
[I 2023-12-26 19:15:48,017] Trial 8 finished with value: 3.2697792053222656 and parameters: {'gradient_clip_val': 0.2697635766842694, 'hidden_size': 29, 'dropout': 0.22875130676098188, 'hidden_continuous_size': 26, 'attention_head_size': 1, 'learning_rate': 0.09103647540373036}. Best is trial 1 with value: 0.053712811321020126.
[I 2023-12-26 19:15:50,895] Trial 9 finished with value: 3.420689582824707 and parameters: {'gradient_clip_val': 0.1238894336868914, 'hidden_size': 39, 'dropout': 0.3783759500198344, 'hidden_continuous_size': 24, 'attention_head_size': 4, 'learning_rate': 0.0030710070351757583}. Best is trial 1 with value: 0.053712811321020126.
[I 2023-12-26 19:15:59,798] Trial 10 finished with value: 3.1642160415649414 and parameters: {'gradient_clip_val': 0.8975917042251146, 'hidden_size': 127, 'dropout': 0.10169575877734582, 'hidden_continuous_size': 97, 'attention_head_size': 3, 'learning_rate': 0.012366040804739605}. Best is trial 1 with value: 0.053712811321020126.
[I 2023-12-26 19:16:01,873] Trial 11 finished with value: 3.7384328842163086 and parameters: {'gradient_clip_val': 0.5990842783092061, 'hidden_size': 11, 'dropout': 0.27373523139667244, 'hidden_continuous_size': 5, 'attention_head_size': 3, 'learning_rate': 0.007933046836598455}. Best is trial 1 with value: 0.053712811321020126.
[I 2023-12-26 19:16:03,886] Trial 12 finished with value: 3.122457504272461 and parameters: {'gradient_clip_val': 0.34614090788499347, 'hidden_size': 5, 'dropout': 0.4929488146640007, 'hidden_continuous_size': 5, 'attention_head_size': 3, 'learning_rate': 0.0005326380296314581}. Best is trial 1 with value: 0.053712811321020126.
[I 2023-12-26 19:16:07,509] Trial 13 finished with value: 3.2793209552764893 and parameters: {'gradient_clip_val': 0.4812137119587937, 'hidden_size': 58, 'dropout': 0.1025068780323323, 'hidden_continuous_size': 10, 'attention_head_size': 2, 'learning_rate': 0.020339991058323084}. Best is trial 1 with value: 0.053712811321020126.
[I 2023-12-26 19:16:09,642] Trial 14 finished with value: 2.8926708698272705 and parameters: {'gradient_clip_val': 0.3233815196165977, 'hidden_size': 14, 'dropout': 0.138757258715976, 'hidden_continuous_size': 6, 'attention_head_size': 3, 'learning_rate': 0.0027137064915210133}. Best is trial 1 with value: 0.053712811321020126.
[I 2023-12-26 19:16:14,387] Trial 15 finished with value: 3.252128839492798 and parameters: {'gradient_clip_val': 0.6852814575762619, 'hidden_size': 75, 'dropout': 0.24008720765538555, 'hidden_continuous_size': 13, 'attention_head_size': 2, 'learning_rate': 0.008027711948730443}. Best is trial 1 with value: 0.053712811321020126.
[I 2023-12-26 19:16:23,366] Trial 16 finished with value: 3.860903024673462 and parameters: {'gradient_clip_val': 0.4170172035420691, 'hidden_size': 141, 'dropout': 0.13918165561230447, 'hidden_continuous_size': 14, 'attention_head_size': 4, 'learning_rate': 0.0041541335132562075}. Best is trial 1 with value: 0.053712811321020126.
[I 2023-12-26 19:16:25,535] Trial 17 finished with value: 2.951338768005371 and parameters: {'gradient_clip_val': 0.31604599975039666, 'hidden_size': 20, 'dropout': 0.23730003948556883, 'hidden_continuous_size': 6, 'attention_head_size': 2, 'learning_rate': 0.0019482468162932733}. Best is trial 1 with value: 0.053712811321020126.
[I 2023-12-26 19:16:27,598] Trial 18 finished with value: 3.034618377685547 and parameters: {'gradient_clip_val': 0.7307568985097488, 'hidden_size': 10, 'dropout': 0.28455107953948827, 'hidden_continuous_size': 5, 'attention_head_size': 3, 'learning_rate': 0.001092091685108049}. Best is trial 1 with value: 0.053712811321020126.
[I 2023-12-26 19:16:30,153] Trial 19 finished with value: 2.9090263843536377 and parameters: {'gradient_clip_val': 0.4850915667117864, 'hidden_size': 33, 'dropout': 0.19498644513519353, 'hidden_continuous_size': 8, 'attention_head_size': 4, 'learning_rate': 0.005386233082908232}. Best is trial 1 with value: 0.053712811321020126.
[I 2023-12-26 19:16:33,602] Trial 20 finished with value: 2.839419364929199 and parameters: {'gradient_clip_val': 0.18347243290169588, 'hidden_size': 55, 'dropout': 0.14451245272218816, 'hidden_continuous_size': 8, 'attention_head_size': 1, 'learning_rate': 0.014701048319400407}. Best is trial 1 with value: 0.053712811321020126.
[I 2023-12-26 19:16:35,324] Trial 21 finished with value: 2.953472375869751 and parameters: {'gradient_clip_val': 0.5296235532493304, 'hidden_size': 5, 'dropout': 0.1675465212722938, 'hidden_continuous_size': 5, 'attention_head_size': 1, 'learning_rate': 0.04010217285074677}. Best is trial 1 with value: 0.053712811321020126.
[I 2023-12-26 19:16:37,246] Trial 22 finished with value: 4.214601039886475 and parameters: {'gradient_clip_val': 0.5973652543600264, 'hidden_size': 7, 'dropout': 0.10103483575346416, 'hidden_continuous_size': 5, 'attention_head_size': 1, 'learning_rate': 0.03788931439654782}. Best is trial 1 with value: 0.053712811321020126.
[I 2023-12-26 19:16:39,490] Trial 23 finished with value: 3.202108383178711 and parameters: {'gradient_clip_val': 0.4168471151204036, 'hidden_size': 9, 'dropout': 0.21826233233936793, 'hidden_continuous_size': 6, 'attention_head_size': 2, 'learning_rate': 0.04945976618142607}. Best is trial 1 with value: 0.053712811321020126.
[I 2023-12-26 19:16:41,707] Trial 24 finished with value: 2.637263059616089 and parameters: {'gradient_clip_val': 0.30738254770263485, 'hidden_size': 22, 'dropout': 0.15405478754217244, 'hidden_continuous_size': 7, 'attention_head_size': 1, 'learning_rate': 0.03325002709120014}. Best is trial 1 with value: 0.053712811321020126.
[I 2023-12-26 19:16:43,804] Trial 25 finished with value: 2.391756296157837 and parameters: {'gradient_clip_val': 0.9177489305984144, 'hidden_size': 13, 'dropout': 0.20836043860704204, 'hidden_continuous_size': 7, 'attention_head_size': 2, 'learning_rate': 0.009732070710151216}. Best is trial 1 with value: 0.053712811321020126.
[I 2023-12-26 19:16:45,770] Trial 26 finished with value: 2.7203996181488037 and parameters: {'gradient_clip_val': 0.5012358996252761, 'hidden_size': 7, 'dropout': 0.16227497737532054, 'hidden_continuous_size': 5, 'attention_head_size': 3, 'learning_rate': 0.024034096108726657}. Best is trial 1 with value: 0.053712811321020126.
[I 2023-12-26 19:16:47,875] Trial 27 finished with value: 3.591057062149048 and parameters: {'gradient_clip_val': 0.3693667204398232, 'hidden_size': 18, 'dropout': 0.12957750371916588, 'hidden_continuous_size': 7, 'attention_head_size': 1, 'learning_rate': 0.05547087467722854}. Best is trial 1 with value: 0.053712811321020126.
[I 2023-12-26 19:16:49,621] Trial 28 finished with value: 3.7668182849884033 and parameters: {'gradient_clip_val': 0.2723854248287812, 'hidden_size': 5, 'dropout': 0.17347358235175023, 'hidden_continuous_size': 5, 'attention_head_size': 2, 'learning_rate': 0.013885188617344663}. Best is trial 1 with value: 0.053712811321020126.
[I 2023-12-26 19:16:52,175] Trial 29 finished with value: 2.5123884677886963 and parameters: {'gradient_clip_val': 0.3944791075986795, 'hidden_size': 29, 'dropout': 0.19512980094937227, 'hidden_continuous_size': 9, 'attention_head_size': 1, 'learning_rate': 0.006547277986004943}. Best is trial 1 with value: 0.053712811321020126.
[I 2023-12-26 19:16:54,342] Trial 30 finished with value: 3.6231634616851807 and parameters: {'gradient_clip_val': 0.4535729806126823, 'hidden_size': 15, 'dropout': 0.1806619383657411, 'hidden_continuous_size': 7, 'attention_head_size': 3, 'learning_rate': 0.029176524021048863}. Best is trial 1 with value: 0.053712811321020126.
[I 2023-12-26 19:16:56,394] Trial 31 finished with value: 3.229556083679199 and parameters: {'gradient_clip_val': 0.9469162797124739, 'hidden_size': 12, 'dropout': 0.21012937713143517, 'hidden_continuous_size': 6, 'attention_head_size': 2, 'learning_rate': 0.010358729311861844}. Best is trial 1 with value: 0.053712811321020126.
[I 2023-12-26 19:16:58,417] Trial 32 finished with value: 3.684340715408325 and parameters: {'gradient_clip_val': 0.7737368409535694, 'hidden_size': 9, 'dropout': 0.25733053298664954, 'hidden_continuous_size': 6, 'attention_head_size': 2, 'learning_rate': 0.01685480045825015}. Best is trial 1 with value: 0.053712811321020126.
[I 2023-12-26 19:17:00,520] Trial 33 finished with value: 2.592003583908081 and parameters: {'gradient_clip_val': 0.8330533503591657, 'hidden_size': 14, 'dropout': 0.20068658558527128, 'hidden_continuous_size': 7, 'attention_head_size': 1, 'learning_rate': 0.010676044432087443}. Best is trial 1 with value: 0.053712811321020126.
[I 2023-12-26 19:17:02,793] Trial 34 finished with value: 3.8681325912475586 and parameters: {'gradient_clip_val': 0.9493021083303275, 'hidden_size': 22, 'dropout': 0.21870307457861732, 'hidden_continuous_size': 8, 'attention_head_size': 2, 'learning_rate': 0.06391748957648126}. Best is trial 1 with value: 0.053712811321020126.
[I 2023-12-26 19:17:04,909] Trial 35 finished with value: 3.1494109630584717 and parameters: {'gradient_clip_val': 0.655323499605248, 'hidden_size': 8, 'dropout': 0.31099272801190114, 'hidden_continuous_size': 6, 'attention_head_size': 1, 'learning_rate': 0.02673831867380887}. Best is trial 1 with value: 0.053712811321020126.
[I 2023-12-26 19:17:06,803] Trial 36 finished with value: 2.9217145442962646 and parameters: {'gradient_clip_val': 0.5730033944829261, 'hidden_size': 6, 'dropout': 0.18064709805058346, 'hidden_continuous_size': 5, 'attention_head_size': 1, 'learning_rate': 0.017622083177032705}. Best is trial 1 with value: 0.053712811321020126.
[I 2023-12-26 19:17:08,734] Trial 37 finished with value: 2.7931106090545654 and parameters: {'gradient_clip_val': 0.7958557413332505, 'hidden_size': 6, 'dropout': 0.12335997994922857, 'hidden_continuous_size': 5, 'attention_head_size': 2, 'learning_rate': 0.0989904100132215}. Best is trial 1 with value: 0.053712811321020126.
[I 2023-12-26 19:17:10,764] Trial 38 finished with value: 3.6295325756073 and parameters: {'gradient_clip_val': 0.6772300745524624, 'hidden_size': 12, 'dropout': 0.2509147273239085, 'hidden_continuous_size': 7, 'attention_head_size': 1, 'learning_rate': 0.021377480955137574}. Best is trial 1 with value: 0.053712811321020126.
[I 2023-12-26 19:17:12,696] Trial 39 finished with value: 2.692673921585083 and parameters: {'gradient_clip_val': 0.5512536314056318, 'hidden_size': 8, 'dropout': 0.164293548260293, 'hidden_continuous_size': 6, 'attention_head_size': 3, 'learning_rate': 0.004157120352436057}. Best is trial 1 with value: 0.053712811321020126.
[I 2023-12-26 19:17:14,737] Trial 40 finished with value: 4.835346221923828 and parameters: {'gradient_clip_val': 0.8576332661867143, 'hidden_size': 10, 'dropout': 0.21666137334845556, 'hidden_continuous_size': 7, 'attention_head_size': 2, 'learning_rate': 0.07452802983861281}. Best is trial 1 with value: 0.053712811321020126.
[I 2023-12-26 19:17:17,171] Trial 41 finished with value: 2.3812367916107178 and parameters: {'gradient_clip_val': 0.38353160131118225, 'hidden_size': 27, 'dropout': 0.19393120711597292, 'hidden_continuous_size': 9, 'attention_head_size': 1, 'learning_rate': 0.0076127318049530645}. Best is trial 1 with value: 0.053712811321020126.
[I 2023-12-26 19:17:19,512] Trial 42 finished with value: 3.168105363845825 and parameters: {'gradient_clip_val': 0.45143926128927836, 'hidden_size': 25, 'dropout': 0.1879055221711688, 'hidden_continuous_size': 9, 'attention_head_size': 1, 'learning_rate': 0.009895818051233454}. Best is trial 1 with value: 0.053712811321020126.
[I 2023-12-26 19:17:22,211] Trial 43 finished with value: 3.6035563945770264 and parameters: {'gradient_clip_val': 0.36945457436929674, 'hidden_size': 39, 'dropout': 0.12231484972589424, 'hidden_continuous_size': 11, 'attention_head_size': 1, 'learning_rate': 0.006837225981177951}. Best is trial 1 with value: 0.053712811321020126.
[I 2023-12-26 19:17:29,291] Trial 44 finished with value: 4.165380954742432 and parameters: {'gradient_clip_val': 0.614275045525645, 'hidden_size': 110, 'dropout': 0.1524113762137601, 'hidden_continuous_size': 11, 'attention_head_size': 1, 'learning_rate': 0.013721982783382939}. Best is trial 1 with value: 0.053712811321020126.
[I 2023-12-26 19:17:31,447] Trial 45 finished with value: 4.126054763793945 and parameters: {'gradient_clip_val': 0.5160759011841916, 'hidden_size': 17, 'dropout': 0.23400418008378043, 'hidden_continuous_size': 8, 'attention_head_size': 3, 'learning_rate': 0.00865485775184}. Best is trial 1 with value: 0.053712811321020126.
[I 2023-12-26 19:17:36,567] Trial 46 finished with value: 3.47137451171875 and parameters: {'gradient_clip_val': 0.979895059110668, 'hidden_size': 81, 'dropout': 0.20495503844380414, 'hidden_continuous_size': 13, 'attention_head_size': 1, 'learning_rate': 0.005920118703852404}. Best is trial 1 with value: 0.053712811321020126.
[I 2023-12-26 19:17:40,237] Trial 47 finished with value: 3.2182044982910156 and parameters: {'gradient_clip_val': 0.3477247310335802, 'hidden_size': 53, 'dropout': 0.2656066338815618, 'hidden_continuous_size': 10, 'attention_head_size': 2, 'learning_rate': 0.0032647723568845466}. Best is trial 1 with value: 0.053712811321020126.
[I 2023-12-26 19:17:42,978] Trial 48 finished with value: 3.129204750061035 and parameters: {'gradient_clip_val': 0.42600174891725046, 'hidden_size': 35, 'dropout': 0.2879831470534962, 'hidden_continuous_size': 9, 'attention_head_size': 4, 'learning_rate': 0.007656850734484916}. Best is trial 1 with value: 0.053712811321020126.
[I 2023-12-26 19:17:44,922] Trial 49 finished with value: 3.163727045059204 and parameters: {'gradient_clip_val': 0.4577219302266956, 'hidden_size': 6, 'dropout': 0.2459993206352205, 'hidden_continuous_size': 5, 'attention_head_size': 3, 'learning_rate': 0.00509911726954627}. Best is trial 1 with value: 0.053712811321020126.
