[I 2023-12-16 11:56:00,692] Trial 1 finished with value: 116.94869232177734 and parameters: {'gradient_clip_val': 0.6299429514254579, 'hidden_size': 32, 'dropout': 0.30048863753429067, 'hidden_continuous_size': 12, 'attention_head_size': 1, 'learning_rate': 0.026334470255536018}. Best is trial 0 with value: 105.7381362915039.
LOCAL_RANK: 0 - CUDA_VISIBLE_DEVICES: [0]
[I 2023-12-16 11:56:44,671] Trial 2 finished with value: 106.05776977539062 and parameters: {'gradient_clip_val': 0.17646431848250915, 'hidden_size': 8, 'dropout': 0.10383554906670509, 'hidden_continuous_size': 6, 'attention_head_size': 3, 'learning_rate': 0.09057924652295363}. Best is trial 0 with value: 105.7381362915039.
LOCAL_RANK: 0 - CUDA_VISIBLE_DEVICES: [0]
[I 2023-12-16 11:57:40,751] Trial 3 finished with value: 107.3355712890625 and parameters: {'gradient_clip_val': 0.5069460648606298, 'hidden_size': 98, 'dropout': 0.1207580844677885, 'hidden_continuous_size': 20, 'attention_head_size': 4, 'learning_rate': 0.04126891085228977}. Best is trial 0 with value: 105.7381362915039.
LOCAL_RANK: 0 - CUDA_VISIBLE_DEVICES: [0]
[I 2023-12-16 11:58:26,044] Trial 4 finished with value: 111.294189453125 and parameters: {'gradient_clip_val': 0.2189797219414353, 'hidden_size': 7, 'dropout': 0.397003258599421, 'hidden_continuous_size': 5, 'attention_head_size': 4, 'learning_rate': 0.0005096767003267802}. Best is trial 0 with value: 105.7381362915039.
LOCAL_RANK: 0 - CUDA_VISIBLE_DEVICES: [0]
[I 2023-12-16 11:59:11,006] Trial 5 finished with value: 119.73746490478516 and parameters: {'gradient_clip_val': 0.10871232143821087, 'hidden_size': 10, 'dropout': 0.38763741178576483, 'hidden_continuous_size': 7, 'attention_head_size': 2, 'learning_rate': 0.010227186677367993}. Best is trial 0 with value: 105.7381362915039.
LOCAL_RANK: 0 - CUDA_VISIBLE_DEVICES: [0]
[I 2023-12-16 11:59:57,088] Trial 6 finished with value: 109.71512603759766 and parameters: {'gradient_clip_val': 0.13433256301039265, 'hidden_size': 11, 'dropout': 0.3882460516668227, 'hidden_continuous_size': 9, 'attention_head_size': 4, 'learning_rate': 0.00883707708834963}. Best is trial 0 with value: 105.7381362915039.
LOCAL_RANK: 0 - CUDA_VISIBLE_DEVICES: [0]
[I 2023-12-16 12:00:44,884] Trial 7 finished with value: 137.90977478027344 and parameters: {'gradient_clip_val': 0.40863044266111004, 'hidden_size': 19, 'dropout': 0.12208075037249708, 'hidden_continuous_size': 8, 'attention_head_size': 4, 'learning_rate': 0.009149850751790704}. Best is trial 0 with value: 105.7381362915039.
LOCAL_RANK: 0 - CUDA_VISIBLE_DEVICES: [0]
[I 2023-12-16 12:01:30,173] Trial 8 finished with value: 102.98638916015625 and parameters: {'gradient_clip_val': 0.4629393553246523, 'hidden_size': 9, 'dropout': 0.34408420985602517, 'hidden_continuous_size': 6, 'attention_head_size': 2, 'learning_rate': 0.017788052572470046}. Best is trial 8 with value: 102.98638916015625.
LOCAL_RANK: 0 - CUDA_VISIBLE_DEVICES: [0]
[I 2023-12-16 12:02:24,714] Trial 9 finished with value: 101.2780532836914 and parameters: {'gradient_clip_val': 0.3247469216913775, 'hidden_size': 62, 'dropout': 0.1698865073012405, 'hidden_continuous_size': 41, 'attention_head_size': 4, 'learning_rate': 0.00261069914041816}. Best is trial 9 with value: 101.2780532836914.
LOCAL_RANK: 0 - CUDA_VISIBLE_DEVICES: [0]
[I 2023-12-16 12:03:22,072] Trial 10 finished with value: 103.11249542236328 and parameters: {'gradient_clip_val': 0.2830586603821627, 'hidden_size': 90, 'dropout': 0.20232397075232522, 'hidden_continuous_size': 74, 'attention_head_size': 3, 'learning_rate': 0.0025662090345044703}. Best is trial 9 with value: 101.2780532836914.
LOCAL_RANK: 0 - CUDA_VISIBLE_DEVICES: [0]
[I 2023-12-16 12:03:55,591] Trial 11 finished with value: 91.76995849609375 and parameters: {'gradient_clip_val': 0.32771291393565016, 'hidden_size': 5, 'dropout': 0.24647035794440292, 'hidden_continuous_size': 5, 'attention_head_size': 2, 'learning_rate': 0.0027072936955762424}. Best is trial 11 with value: 91.76995849609375.
LOCAL_RANK: 0 - CUDA_VISIBLE_DEVICES: [0]
[I 2023-12-16 12:04:29,133] Trial 12 finished with value: 88.6904067993164 and parameters: {'gradient_clip_val': 0.29540810352049574, 'hidden_size': 5, 'dropout': 0.22204463104682168, 'hidden_continuous_size': 5, 'attention_head_size': 2, 'learning_rate': 0.0028945503947870274}. Best is trial 12 with value: 88.6904067993164.
LOCAL_RANK: 0 - CUDA_VISIBLE_DEVICES: [0]
[I 2023-12-16 12:05:02,909] Trial 13 finished with value: 94.16199493408203 and parameters: {'gradient_clip_val': 0.2592829906981441, 'hidden_size': 5, 'dropout': 0.2447691544990269, 'hidden_continuous_size': 5, 'attention_head_size': 2, 'learning_rate': 0.002775323431308226}. Best is trial 12 with value: 88.6904067993164.
LOCAL_RANK: 0 - CUDA_VISIBLE_DEVICES: [0]
[I 2023-12-16 12:05:36,574] Trial 14 finished with value: 70.41992950439453 and parameters: {'gradient_clip_val': 0.20486189941987365, 'hidden_size': 5, 'dropout': 0.260079856912232, 'hidden_continuous_size': 5, 'attention_head_size': 2, 'learning_rate': 0.0038655980237312284}. Best is trial 14 with value: 70.41992950439453.
LOCAL_RANK: 0 - CUDA_VISIBLE_DEVICES: [0]
[I 2023-12-16 12:06:09,480] Trial 15 finished with value: 109.1851806640625 and parameters: {'gradient_clip_val': 0.1838557670589766, 'hidden_size': 5, 'dropout': 0.28340624344187093, 'hidden_continuous_size': 5, 'attention_head_size': 1, 'learning_rate': 0.004525416084170037}. Best is trial 14 with value: 70.41992950439453.
LOCAL_RANK: 0 - CUDA_VISIBLE_DEVICES: [0]
[I 2023-12-16 12:06:55,061] Trial 16 finished with value: 92.1868896484375 and parameters: {'gradient_clip_val': 0.20938974768364083, 'hidden_size': 14, 'dropout': 0.18611342625201505, 'hidden_continuous_size': 5, 'attention_head_size': 3, 'learning_rate': 0.0008602447097686035}. Best is trial 14 with value: 70.41992950439453.
LOCAL_RANK: 0 - CUDA_VISIBLE_DEVICES: [0]
[I 2023-12-16 12:07:39,922] Trial 17 finished with value: 78.41031646728516 and parameters: {'gradient_clip_val': 0.2498449821224985, 'hidden_size': 7, 'dropout': 0.29332205700382397, 'hidden_continuous_size': 5, 'attention_head_size': 2, 'learning_rate': 0.0015217987597822274}. Best is trial 14 with value: 70.41992950439453.
LOCAL_RANK: 0 - CUDA_VISIBLE_DEVICES: [0]
[I 2023-12-16 12:08:24,920] Trial 18 finished with value: 134.9023895263672 and parameters: {'gradient_clip_val': 0.1421484055551401, 'hidden_size': 7, 'dropout': 0.28496420657454086, 'hidden_continuous_size': 5, 'attention_head_size': 3, 'learning_rate': 0.0013665248556209903}. Best is trial 14 with value: 70.41992950439453.
LOCAL_RANK: 0 - CUDA_VISIBLE_DEVICES: [0]
[I 2023-12-16 12:09:09,719] Trial 19 finished with value: 125.00391387939453 and parameters: {'gradient_clip_val': 0.228686724168918, 'hidden_size': 14, 'dropout': 0.31652098342900353, 'hidden_continuous_size': 6, 'attention_head_size': 1, 'learning_rate': 0.005466599579041781}. Best is trial 14 with value: 70.41992950439453.
LOCAL_RANK: 0 - CUDA_VISIBLE_DEVICES: [0]
[I 2023-12-16 12:09:53,397] Trial 20 finished with value: 63.904815673828125 and parameters: {'gradient_clip_val': 0.16421373619789206, 'hidden_size': 8, 'dropout': 0.26229847019963015, 'hidden_continuous_size': 5, 'attention_head_size': 2, 'learning_rate': 0.0012455098199137087}. Best is trial 20 with value: 63.904815673828125.
LOCAL_RANK: 0 - CUDA_VISIBLE_DEVICES: [0]
[I 2023-12-16 12:10:38,134] Trial 21 finished with value: 101.25220489501953 and parameters: {'gradient_clip_val': 0.16853474842813065, 'hidden_size': 7, 'dropout': 0.272499518554461, 'hidden_continuous_size': 5, 'attention_head_size': 2, 'learning_rate': 0.0013839877960535331}. Best is trial 20 with value: 63.904815673828125.
LOCAL_RANK: 0 - CUDA_VISIBLE_DEVICES: [0]
[I 2023-12-16 12:11:22,621] Trial 22 finished with value: 100.61212158203125 and parameters: {'gradient_clip_val': 0.1476756659093145, 'hidden_size': 7, 'dropout': 0.2604858178186936, 'hidden_continuous_size': 5, 'attention_head_size': 2, 'learning_rate': 0.0013400643422314064}. Best is trial 20 with value: 63.904815673828125.
LOCAL_RANK: 0 - CUDA_VISIBLE_DEVICES: [0]
[I 2023-12-16 12:12:07,379] Trial 23 finished with value: 112.31793212890625 and parameters: {'gradient_clip_val': 0.23513830966190155, 'hidden_size': 6, 'dropout': 0.32102524219254036, 'hidden_continuous_size': 5, 'attention_head_size': 2, 'learning_rate': 0.0007541287858068642}. Best is trial 20 with value: 63.904815673828125.
LOCAL_RANK: 0 - CUDA_VISIBLE_DEVICES: [0]
[I 2023-12-16 12:12:52,795] Trial 24 finished with value: 76.2936782836914 and parameters: {'gradient_clip_val': 0.1830141688568743, 'hidden_size': 10, 'dropout': 0.23697739550391467, 'hidden_continuous_size': 6, 'attention_head_size': 3, 'learning_rate': 0.0015735173987714093}. Best is trial 20 with value: 63.904815673828125.
LOCAL_RANK: 0 - CUDA_VISIBLE_DEVICES: [0]
[I 2023-12-16 12:13:38,213] Trial 25 finished with value: 122.40716552734375 and parameters: {'gradient_clip_val': 0.11058297968835151, 'hidden_size': 11, 'dropout': 0.22336422668405312, 'hidden_continuous_size': 6, 'attention_head_size': 3, 'learning_rate': 0.004616772185942012}. Best is trial 20 with value: 63.904815673828125.
LOCAL_RANK: 0 - CUDA_VISIBLE_DEVICES: [0]
[I 2023-12-16 12:14:23,427] Trial 26 finished with value: 71.79898834228516 and parameters: {'gradient_clip_val': 0.1900404963510948, 'hidden_size': 9, 'dropout': 0.2609323765730616, 'hidden_continuous_size': 6, 'attention_head_size': 3, 'learning_rate': 0.0017382417060972171}. Best is trial 20 with value: 63.904815673828125.
LOCAL_RANK: 0 - CUDA_VISIBLE_DEVICES: [0]
[I 2023-12-16 12:15:08,183] Trial 27 finished with value: 96.9457015991211 and parameters: {'gradient_clip_val': 0.13124725645798446, 'hidden_size': 6, 'dropout': 0.26085250950234445, 'hidden_continuous_size': 5, 'attention_head_size': 3, 'learning_rate': 0.004323729298730197}. Best is trial 20 with value: 63.904815673828125.
LOCAL_RANK: 0 - CUDA_VISIBLE_DEVICES: [0]
[I 2023-12-16 12:15:53,223] Trial 28 finished with value: 101.14986419677734 and parameters: {'gradient_clip_val': 0.20248861306602575, 'hidden_size': 13, 'dropout': 0.2621096824749015, 'hidden_continuous_size': 6, 'attention_head_size': 1, 'learning_rate': 0.0008998868148449449}. Best is trial 20 with value: 63.904815673828125.
LOCAL_RANK: 0 - CUDA_VISIBLE_DEVICES: [0]
[I 2023-12-16 12:16:38,371] Trial 29 finished with value: 133.6945037841797 and parameters: {'gradient_clip_val': 0.15968580138949948, 'hidden_size': 9, 'dropout': 0.22801011725963433, 'hidden_continuous_size': 6, 'attention_head_size': 1, 'learning_rate': 0.0021648249812200137}. Best is trial 20 with value: 63.904815673828125.
LOCAL_RANK: 0 - CUDA_VISIBLE_DEVICES: [0]
[I 2023-12-16 12:17:23,316] Trial 30 finished with value: 123.32852935791016 and parameters: {'gradient_clip_val': 0.10046918421947995, 'hidden_size': 16, 'dropout': 0.2718714979081298, 'hidden_continuous_size': 7, 'attention_head_size': 3, 'learning_rate': 0.003878055824359655}. Best is trial 20 with value: 63.904815673828125.
LOCAL_RANK: 0 - CUDA_VISIBLE_DEVICES: [0]
[I 2023-12-16 12:18:08,394] Trial 31 finished with value: 64.3248291015625 and parameters: {'gradient_clip_val': 0.18766625431088013, 'hidden_size': 9, 'dropout': 0.24350901801780656, 'hidden_continuous_size': 6, 'attention_head_size': 3, 'learning_rate': 0.001965481460517279}. Best is trial 20 with value: 63.904815673828125.
LOCAL_RANK: 0 - CUDA_VISIBLE_DEVICES: [0]
[I 2023-12-16 12:18:56,688] Trial 32 finished with value: 82.20792388916016 and parameters: {'gradient_clip_val': 0.1936245562754789, 'hidden_size': 23, 'dropout': 0.24764354565979363, 'hidden_continuous_size': 7, 'attention_head_size': 3, 'learning_rate': 0.001984565262608516}. Best is trial 20 with value: 63.904815673828125.
LOCAL_RANK: 0 - CUDA_VISIBLE_DEVICES: [0]
[I 2023-12-16 12:19:41,996] Trial 33 finished with value: 112.86609649658203 and parameters: {'gradient_clip_val': 0.1678427681791726, 'hidden_size': 9, 'dropout': 0.21509779605500046, 'hidden_continuous_size': 6, 'attention_head_size': 3, 'learning_rate': 0.003455051231912151}. Best is trial 20 with value: 63.904815673828125.
LOCAL_RANK: 0 - CUDA_VISIBLE_DEVICES: [0]
[I 2023-12-16 12:20:25,585] Trial 34 finished with value: 107.322021484375 and parameters: {'gradient_clip_val': 0.19401560316314423, 'hidden_size': 12, 'dropout': 0.246162853762258, 'hidden_continuous_size': 6, 'attention_head_size': 2, 'learning_rate': 0.006085852048202295}. Best is trial 20 with value: 63.904815673828125.
LOCAL_RANK: 0 - CUDA_VISIBLE_DEVICES: [0]
[I 2023-12-16 12:21:09,509] Trial 35 finished with value: 81.04158020019531 and parameters: {'gradient_clip_val': 0.16330139065202381, 'hidden_size': 8, 'dropout': 0.3015647918304444, 'hidden_continuous_size': 5, 'attention_head_size': 3, 'learning_rate': 0.001918703456940745}. Best is trial 20 with value: 63.904815673828125.
LOCAL_RANK: 0 - CUDA_VISIBLE_DEVICES: [0]
[I 2023-12-16 12:21:54,403] Trial 36 finished with value: 92.19393157958984 and parameters: {'gradient_clip_val': 0.21820833661261363, 'hidden_size': 6, 'dropout': 0.27762224272320724, 'hidden_continuous_size': 5, 'attention_head_size': 2, 'learning_rate': 0.006755458815464684}. Best is trial 20 with value: 63.904815673828125.
LOCAL_RANK: 0 - CUDA_VISIBLE_DEVICES: [0]
[I 2023-12-16 12:22:38,315] Trial 37 finished with value: 106.747802734375 and parameters: {'gradient_clip_val': 0.1201890374342931, 'hidden_size': 8, 'dropout': 0.26035778991717595, 'hidden_continuous_size': 6, 'attention_head_size': 3, 'learning_rate': 0.0010300677223147865}. Best is trial 20 with value: 63.904815673828125.
LOCAL_RANK: 0 - CUDA_VISIBLE_DEVICES: [0]
[I 2023-12-16 12:23:24,252] Trial 38 finished with value: 112.50872039794922 and parameters: {'gradient_clip_val': 0.14781111302691768, 'hidden_size': 11, 'dropout': 0.20637977811527397, 'hidden_continuous_size': 7, 'attention_head_size': 4, 'learning_rate': 0.0005819233246785717}. Best is trial 20 with value: 63.904815673828125.
LOCAL_RANK: 0 - CUDA_VISIBLE_DEVICES: [0]
[I 2023-12-16 12:24:08,659] Trial 39 finished with value: 76.28978729248047 and parameters: {'gradient_clip_val': 0.9148770893139011, 'hidden_size': 16, 'dropout': 0.23246432306932546, 'hidden_continuous_size': 8, 'attention_head_size': 2, 'learning_rate': 0.0011170201478537547}. Best is trial 20 with value: 63.904815673828125.
LOCAL_RANK: 0 - CUDA_VISIBLE_DEVICES: [0]
[I 2023-12-16 12:24:53,821] Trial 40 finished with value: 94.81705474853516 and parameters: {'gradient_clip_val': 0.13328239120165034, 'hidden_size': 6, 'dropout': 0.3026414037336311, 'hidden_continuous_size': 5, 'attention_head_size': 4, 'learning_rate': 0.001825941116915833}. Best is trial 20 with value: 63.904815673828125.
LOCAL_RANK: 0 - CUDA_VISIBLE_DEVICES: [0]
[I 2023-12-16 12:25:41,345] Trial 41 finished with value: 59.72129440307617 and parameters: {'gradient_clip_val': 0.8083056677684123, 'hidden_size': 19, 'dropout': 0.23269663249175418, 'hidden_continuous_size': 8, 'attention_head_size': 2, 'learning_rate': 0.001083307448024242}. Best is trial 41 with value: 59.72129440307617.
LOCAL_RANK: 0 - CUDA_VISIBLE_DEVICES: [0]
[I 2023-12-16 12:26:30,427] Trial 42 finished with value: 127.65299224853516 and parameters: {'gradient_clip_val': 0.36298425019217734, 'hidden_size': 30, 'dropout': 0.23501970130890298, 'hidden_continuous_size': 10, 'attention_head_size': 2, 'learning_rate': 0.0011101850743012436}. Best is trial 41 with value: 59.72129440307617.
LOCAL_RANK: 0 - CUDA_VISIBLE_DEVICES: [0]
[I 2023-12-16 12:27:17,706] Trial 43 finished with value: 105.00826263427734 and parameters: {'gradient_clip_val': 0.6166782909534847, 'hidden_size': 24, 'dropout': 0.2539017002818414, 'hidden_continuous_size': 8, 'attention_head_size': 2, 'learning_rate': 0.0006574944048082036}. Best is trial 41 with value: 59.72129440307617.
LOCAL_RANK: 0 - CUDA_VISIBLE_DEVICES: [0]
[I 2023-12-16 12:28:04,818] Trial 44 finished with value: 109.62300872802734 and parameters: {'gradient_clip_val': 0.2627461785252467, 'hidden_size': 19, 'dropout': 0.2686667235387809, 'hidden_continuous_size': 7, 'attention_head_size': 2, 'learning_rate': 0.0021542961172924513}. Best is trial 41 with value: 59.72129440307617.
LOCAL_RANK: 0 - CUDA_VISIBLE_DEVICES: [0]
[I 2023-12-16 12:28:56,450] Trial 45 finished with value: 108.2337875366211 and parameters: {'gradient_clip_val': 0.21531069274017758, 'hidden_size': 41, 'dropout': 0.21058427476729863, 'hidden_continuous_size': 10, 'attention_head_size': 3, 'learning_rate': 0.003312953053752847}. Best is trial 41 with value: 59.72129440307617.
LOCAL_RANK: 0 - CUDA_VISIBLE_DEVICES: [0]
[I 2023-12-16 12:29:41,022] Trial 46 finished with value: 134.56884765625 and parameters: {'gradient_clip_val': 0.28487524744535425, 'hidden_size': 10, 'dropout': 0.24002259501556739, 'hidden_continuous_size': 6, 'attention_head_size': 1, 'learning_rate': 0.0005068876742295163}. Best is trial 41 with value: 59.72129440307617.
LOCAL_RANK: 0 - CUDA_VISIBLE_DEVICES: [0]
[I 2023-12-16 12:30:25,895] Trial 47 finished with value: 108.9915542602539 and parameters: {'gradient_clip_val': 0.18438839561768616, 'hidden_size': 9, 'dropout': 0.19464068165029313, 'hidden_continuous_size': 6, 'attention_head_size': 2, 'learning_rate': 0.0008083755006070334}. Best is trial 41 with value: 59.72129440307617.
LOCAL_RANK: 0 - CUDA_VISIBLE_DEVICES: [0]
[I 2023-12-16 12:31:09,713] Trial 48 finished with value: 86.2669448852539 and parameters: {'gradient_clip_val': 0.24967182982705144, 'hidden_size': 12, 'dropout': 0.22169869080996837, 'hidden_continuous_size': 7, 'attention_head_size': 2, 'learning_rate': 0.0011263581616211818}. Best is trial 41 with value: 59.72129440307617.
LOCAL_RANK: 0 - CUDA_VISIBLE_DEVICES: [0]
[I 2023-12-16 12:31:53,510] Trial 49 finished with value: 83.33733367919922 and parameters: {'gradient_clip_val': 0.3570463577960657, 'hidden_size': 8, 'dropout': 0.25436248117607946, 'hidden_continuous_size': 6, 'attention_head_size': 3, 'learning_rate': 0.002541600624383332}. Best is trial 41 with value: 59.72129440307617.
[I 2023-12-16 12:31:53,605] A new study created in memory with name: no-name-256d83bb-4fe2-4643-baad-b7f10b88f6bc
/home/le004/conda/anaconda3/envs/tsff_env/lib/python3.9/site-packages/lightning/fabric/plugins/environments/slurm.py:191: The `srun` command is available on your system but is not used. HINT: If your intention is to run Lightning on SLURM, prepend your python command with `srun` like so: srun python /home/le004/master_thesis/git/TSFusionForecast/code/ ...
LOCAL_RANK: 0 - CUDA_VISIBLE_DEVICES: [0]
[I 2023-12-16 12:32:38,935] Trial 0 finished with value: 91.05988311767578 and parameters: {'gradient_clip_val': 0.17864394559867558, 'hidden_size': 15, 'dropout': 0.31569811289578054, 'hidden_continuous_size': 6, 'attention_head_size': 2, 'learning_rate': 0.040569889672370865}. Best is trial 0 with value: 91.05988311767578.
LOCAL_RANK: 0 - CUDA_VISIBLE_DEVICES: [0]
[I 2023-12-16 12:33:31,356] Trial 1 finished with value: 89.73983764648438 and parameters: {'gradient_clip_val': 0.5332764678447414, 'hidden_size': 98, 'dropout': 0.3470825132271302, 'hidden_continuous_size': 5, 'attention_head_size': 2, 'learning_rate': 0.0021138813293665347}. Best is trial 1 with value: 89.73983764648438.
LOCAL_RANK: 0 - CUDA_VISIBLE_DEVICES: [0]
[I 2023-12-16 12:34:16,654] Trial 2 finished with value: 125.23714447021484 and parameters: {'gradient_clip_val': 0.7205401322827664, 'hidden_size': 7, 'dropout': 0.2977216289150959, 'hidden_continuous_size': 5, 'attention_head_size': 4, 'learning_rate': 0.001023981184035223}. Best is trial 1 with value: 89.73983764648438.
LOCAL_RANK: 0 - CUDA_VISIBLE_DEVICES: [0]
[I 2023-12-16 12:35:09,373] Trial 3 finished with value: 176.5199432373047 and parameters: {'gradient_clip_val': 0.9337666653249397, 'hidden_size': 100, 'dropout': 0.14214109771628963, 'hidden_continuous_size': 7, 'attention_head_size': 1, 'learning_rate': 0.011711884489120469}. Best is trial 1 with value: 89.73983764648438.
LOCAL_RANK: 0 - CUDA_VISIBLE_DEVICES: [0]
[I 2023-12-16 12:35:55,004] Trial 4 finished with value: 114.21393585205078 and parameters: {'gradient_clip_val': 0.27449015040761054, 'hidden_size': 11, 'dropout': 0.196203622763361, 'hidden_continuous_size': 6, 'attention_head_size': 4, 'learning_rate': 0.001895311246394616}. Best is trial 1 with value: 89.73983764648438.
LOCAL_RANK: 0 - CUDA_VISIBLE_DEVICES: [0]
[I 2023-12-16 12:36:47,499] Trial 5 finished with value: 111.84369659423828 and parameters: {'gradient_clip_val': 0.32785205413873797, 'hidden_size': 43, 'dropout': 0.3621968525162178, 'hidden_continuous_size': 19, 'attention_head_size': 2, 'learning_rate': 0.004525517818617871}. Best is trial 1 with value: 89.73983764648438.
LOCAL_RANK: 0 - CUDA_VISIBLE_DEVICES: [0]
[I 2023-12-16 12:37:21,958] Trial 6 finished with value: 105.24874114990234 and parameters: {'gradient_clip_val': 0.19747517052609478, 'hidden_size': 5, 'dropout': 0.3474134619311448, 'hidden_continuous_size': 5, 'attention_head_size': 4, 'learning_rate': 0.0022825343655048483}. Best is trial 1 with value: 89.73983764648438.
LOCAL_RANK: 0 - CUDA_VISIBLE_DEVICES: [0]
[I 2023-12-16 12:38:16,575] Trial 7 finished with value: 120.14910888671875 and parameters: {'gradient_clip_val': 0.24520169478410866, 'hidden_size': 90, 'dropout': 0.19384015213621517, 'hidden_continuous_size': 17, 'attention_head_size': 4, 'learning_rate': 0.049447479871868774}. Best is trial 1 with value: 89.73983764648438.
LOCAL_RANK: 0 - CUDA_VISIBLE_DEVICES: [0]
[I 2023-12-16 12:39:01,619] Trial 8 finished with value: 116.3685073852539 and parameters: {'gradient_clip_val': 0.4110751494094881, 'hidden_size': 11, 'dropout': 0.1543299852634759, 'hidden_continuous_size': 5, 'attention_head_size': 3, 'learning_rate': 0.053068948211304964}. Best is trial 1 with value: 89.73983764648438.
LOCAL_RANK: 0 - CUDA_VISIBLE_DEVICES: [0]
