[I 2023-12-26 14:02:06,149] Trial 23 finished with value: 413.1703186035156 and parameters: {'gradient_clip_val': 0.1664475617867642, 'hidden_size': 58, 'dropout': 0.25253684082962846, 'hidden_continuous_size': 7, 'attention_head_size': 2, 'learning_rate': 0.01041658549401192}. Best is trial 0 with value: 144.8592987060547.
[I 2023-12-26 14:02:09,026] Trial 24 finished with value: 506.370361328125 and parameters: {'gradient_clip_val': 0.29289877073934006, 'hidden_size': 43, 'dropout': 0.3558582611648177, 'hidden_continuous_size': 11, 'attention_head_size': 1, 'learning_rate': 0.04956132438762174}. Best is trial 0 with value: 144.8592987060547.
[I 2023-12-26 14:02:13,758] Trial 25 finished with value: 382.201416015625 and parameters: {'gradient_clip_val': 0.3713742493573362, 'hidden_size': 76, 'dropout': 0.37769563892904645, 'hidden_continuous_size': 15, 'attention_head_size': 2, 'learning_rate': 0.005921910393865972}. Best is trial 0 with value: 144.8592987060547.
[I 2023-12-26 14:02:17,158] Trial 26 finished with value: 590.5741577148438 and parameters: {'gradient_clip_val': 0.23351511740766193, 'hidden_size': 55, 'dropout': 0.3188936167008213, 'hidden_continuous_size': 5, 'attention_head_size': 1, 'learning_rate': 0.008552771612831318}. Best is trial 0 with value: 144.8592987060547.
[I 2023-12-26 14:02:19,746] Trial 27 finished with value: 512.5828247070312 and parameters: {'gradient_clip_val': 0.3140718457174949, 'hidden_size': 34, 'dropout': 0.3606724848938735, 'hidden_continuous_size': 12, 'attention_head_size': 2, 'learning_rate': 0.0036381270974750316}. Best is trial 0 with value: 144.8592987060547.
[I 2023-12-26 14:02:26,220] Trial 28 finished with value: 498.1371154785156 and parameters: {'gradient_clip_val': 0.42791775679264293, 'hidden_size': 101, 'dropout': 0.43112208143009845, 'hidden_continuous_size': 24, 'attention_head_size': 3, 'learning_rate': 0.012016788410466429}. Best is trial 0 with value: 144.8592987060547.
[I 2023-12-26 14:02:28,613] Trial 29 finished with value: 442.8617248535156 and parameters: {'gradient_clip_val': 0.15947738978812148, 'hidden_size': 27, 'dropout': 0.41207100029562227, 'hidden_continuous_size': 10, 'attention_head_size': 1, 'learning_rate': 0.0019882338467376885}. Best is trial 0 with value: 144.8592987060547.
[I 2023-12-26 14:02:32,789] Trial 30 finished with value: 411.2331848144531 and parameters: {'gradient_clip_val': 0.27929973829827454, 'hidden_size': 69, 'dropout': 0.25517365453809865, 'hidden_continuous_size': 13, 'attention_head_size': 1, 'learning_rate': 0.0014679424635063527}. Best is trial 0 with value: 144.8592987060547.
[I 2023-12-26 14:02:35,230] Trial 31 finished with value: 442.306396484375 and parameters: {'gradient_clip_val': 0.2549238903111406, 'hidden_size': 30, 'dropout': 0.44010202217267763, 'hidden_continuous_size': 5, 'attention_head_size': 1, 'learning_rate': 0.01669542661400832}. Best is trial 0 with value: 144.8592987060547.
[I 2023-12-26 14:02:38,020] Trial 32 finished with value: 510.6680908203125 and parameters: {'gradient_clip_val': 0.3340280905104621, 'hidden_size': 42, 'dropout': 0.46683510679272966, 'hidden_continuous_size': 5, 'attention_head_size': 1, 'learning_rate': 0.0044031404581374375}. Best is trial 0 with value: 144.8592987060547.
[I 2023-12-26 14:02:40,204] Trial 33 finished with value: 461.1161804199219 and parameters: {'gradient_clip_val': 0.21071850105524215, 'hidden_size': 19, 'dropout': 0.42693089738141304, 'hidden_continuous_size': 6, 'attention_head_size': 4, 'learning_rate': 0.007981071889319865}. Best is trial 0 with value: 144.8592987060547.
[I 2023-12-26 14:02:43,829] Trial 34 finished with value: 487.030029296875 and parameters: {'gradient_clip_val': 0.26990069080713613, 'hidden_size': 60, 'dropout': 0.3963316272509422, 'hidden_continuous_size': 7, 'attention_head_size': 1, 'learning_rate': 0.006042886938803556}. Best is trial 0 with value: 144.8592987060547.
[I 2023-12-26 14:02:46,388] Trial 35 finished with value: 490.6634826660156 and parameters: {'gradient_clip_val': 0.22200270532810953, 'hidden_size': 32, 'dropout': 0.4749348756104726, 'hidden_continuous_size': 8, 'attention_head_size': 2, 'learning_rate': 0.003080867412656513}. Best is trial 0 with value: 144.8592987060547.
[I 2023-12-26 14:02:48,969] Trial 36 finished with value: 709.333984375 and parameters: {'gradient_clip_val': 0.29434449731472123, 'hidden_size': 36, 'dropout': 0.4391339752641294, 'hidden_continuous_size': 6, 'attention_head_size': 1, 'learning_rate': 0.022033481748513908}. Best is trial 0 with value: 144.8592987060547.
[I 2023-12-26 14:02:52,110] Trial 37 finished with value: 452.9752502441406 and parameters: {'gradient_clip_val': 0.1869285062132942, 'hidden_size': 50, 'dropout': 0.40699269444344216, 'hidden_continuous_size': 17, 'attention_head_size': 2, 'learning_rate': 0.03923710290758454}. Best is trial 0 with value: 144.8592987060547.
[I 2023-12-26 14:02:54,285] Trial 38 finished with value: 709.558837890625 and parameters: {'gradient_clip_val': 0.2391560750483464, 'hidden_size': 20, 'dropout': 0.4496520949524854, 'hidden_continuous_size': 9, 'attention_head_size': 2, 'learning_rate': 0.014227129112569873}. Best is trial 0 with value: 144.8592987060547.
[I 2023-12-26 14:02:56,601] Trial 39 finished with value: 509.785400390625 and parameters: {'gradient_clip_val': 0.5082084438171108, 'hidden_size': 26, 'dropout': 0.3826915868394356, 'hidden_continuous_size': 5, 'attention_head_size': 1, 'learning_rate': 0.022102860876191902}. Best is trial 0 with value: 144.8592987060547.
[I 2023-12-26 14:03:04,809] Trial 40 finished with value: 315.2288818359375 and parameters: {'gradient_clip_val': 0.26810532963837846, 'hidden_size': 132, 'dropout': 0.47912141430367405, 'hidden_continuous_size': 18, 'attention_head_size': 3, 'learning_rate': 0.09313109278787249}. Best is trial 0 with value: 144.8592987060547.
[I 2023-12-26 14:03:12,748] Trial 41 finished with value: 554.2730102539062 and parameters: {'gradient_clip_val': 0.26056011685750097, 'hidden_size': 127, 'dropout': 0.4750973346337327, 'hidden_continuous_size': 20, 'attention_head_size': 3, 'learning_rate': 0.08036801331907084}. Best is trial 0 with value: 144.8592987060547.
[I 2023-12-26 14:03:22,006] Trial 42 finished with value: 340.0091247558594 and parameters: {'gradient_clip_val': 0.36111637752592435, 'hidden_size': 148, 'dropout': 0.4855357919786441, 'hidden_continuous_size': 19, 'attention_head_size': 4, 'learning_rate': 0.08028297960280527}. Best is trial 0 with value: 144.8592987060547.
[I 2023-12-26 14:03:28,908] Trial 43 finished with value: 331.106201171875 and parameters: {'gradient_clip_val': 0.3516837470040124, 'hidden_size': 112, 'dropout': 0.4998612054692817, 'hidden_continuous_size': 18, 'attention_head_size': 4, 'learning_rate': 0.09151225419276637}. Best is trial 0 with value: 144.8592987060547.
[I 2023-12-26 14:03:36,771] Trial 44 finished with value: 397.2431640625 and parameters: {'gradient_clip_val': 0.3323187283941095, 'hidden_size': 125, 'dropout': 0.49480660110867136, 'hidden_continuous_size': 15, 'attention_head_size': 4, 'learning_rate': 0.0952130723266249}. Best is trial 0 with value: 144.8592987060547.
[I 2023-12-26 14:03:43,834] Trial 45 finished with value: 259.4629211425781 and parameters: {'gradient_clip_val': 0.3943048050007744, 'hidden_size': 110, 'dropout': 0.4565345377021302, 'hidden_continuous_size': 17, 'attention_head_size': 4, 'learning_rate': 0.06810184158366231}. Best is trial 0 with value: 144.8592987060547.
[I 2023-12-26 14:03:51,790] Trial 46 finished with value: 322.4053955078125 and parameters: {'gradient_clip_val': 0.3924677684472996, 'hidden_size': 114, 'dropout': 0.4566955999922811, 'hidden_continuous_size': 27, 'attention_head_size': 4, 'learning_rate': 0.057318196024860144}. Best is trial 0 with value: 144.8592987060547.
[I 2023-12-26 14:03:58,810] Trial 47 finished with value: 402.7175598144531 and parameters: {'gradient_clip_val': 0.404586475384764, 'hidden_size': 99, 'dropout': 0.44832818089263393, 'hidden_continuous_size': 25, 'attention_head_size': 4, 'learning_rate': 0.06130223575542355}. Best is trial 0 with value: 144.8592987060547.
[I 2023-12-26 14:04:06,580] Trial 48 finished with value: 405.4857482910156 and parameters: {'gradient_clip_val': 0.5084830910084777, 'hidden_size': 115, 'dropout': 0.4787156628970597, 'hidden_continuous_size': 29, 'attention_head_size': 4, 'learning_rate': 0.0631762853556487}. Best is trial 0 with value: 144.8592987060547.
[I 2023-12-26 14:04:16,879] Trial 49 finished with value: 387.578857421875 and parameters: {'gradient_clip_val': 0.3904829688458922, 'hidden_size': 148, 'dropout': 0.4553959175762471, 'hidden_continuous_size': 21, 'attention_head_size': 3, 'learning_rate': 0.041943128425671355}. Best is trial 0 with value: 144.8592987060547.
[I 2023-12-26 14:04:16,998] A new study created in memory with name: no-name-e15a6e79-df1a-4674-be31-c25200ad231c
/home/le004/conda/anaconda3/envs/tsff_env/lib/python3.9/site-packages/lightning/fabric/plugins/environments/slurm.py:191: The `srun` command is available on your system but is not used. HINT: If your intention is to run Lightning on SLURM, prepend your python command with `srun` like so: srun python /home/le004/master_thesis/git/TSFusionForecast/code/ ...
[I 2023-12-26 14:06:19,429] Trial 0 finished with value: 131.31370544433594 and parameters: {'gradient_clip_val': 0.2246992469946453, 'hidden_size': 17, 'dropout': 0.41923548921561793, 'hidden_continuous_size': 6, 'attention_head_size': 4, 'learning_rate': 0.05288079343943182}. Best is trial 0 with value: 131.31370544433594.
[I 2023-12-26 14:06:23,284] Trial 1 finished with value: 254.77638244628906 and parameters: {'gradient_clip_val': 0.1501769388023742, 'hidden_size': 63, 'dropout': 0.32661335184142726, 'hidden_continuous_size': 6, 'attention_head_size': 1, 'learning_rate': 0.07346640560287299}. Best is trial 0 with value: 131.31370544433594.
[I 2023-12-26 14:06:25,754] Trial 2 finished with value: 170.61424255371094 and parameters: {'gradient_clip_val': 0.4956581976300368, 'hidden_size': 33, 'dropout': 0.46386225546935944, 'hidden_continuous_size': 12, 'attention_head_size': 4, 'learning_rate': 0.027493819950568533}. Best is trial 0 with value: 131.31370544433594.
[I 2023-12-26 14:06:27,746] Trial 3 finished with value: 255.7609405517578 and parameters: {'gradient_clip_val': 0.11884468655352523, 'hidden_size': 11, 'dropout': 0.17880514823315938, 'hidden_continuous_size': 5, 'attention_head_size': 4, 'learning_rate': 0.001387088223559908}. Best is trial 0 with value: 131.31370544433594.
[I 2023-12-26 14:06:29,669] Trial 4 finished with value: 203.9502410888672 and parameters: {'gradient_clip_val': 0.17713382174805367, 'hidden_size': 11, 'dropout': 0.22497248557653535, 'hidden_continuous_size': 9, 'attention_head_size': 1, 'learning_rate': 0.0035026264483080183}. Best is trial 0 with value: 131.31370544433594.
[I 2023-12-26 14:06:33,481] Trial 5 finished with value: 217.49095153808594 and parameters: {'gradient_clip_val': 0.25414562404547747, 'hidden_size': 65, 'dropout': 0.4658206602882591, 'hidden_continuous_size': 19, 'attention_head_size': 1, 'learning_rate': 0.0006292726308861271}. Best is trial 0 with value: 131.31370544433594.
[I 2023-12-26 14:06:37,581] Trial 6 finished with value: 254.1946563720703 and parameters: {'gradient_clip_val': 0.25226849441256965, 'hidden_size': 72, 'dropout': 0.25499219152636116, 'hidden_continuous_size': 14, 'attention_head_size': 2, 'learning_rate': 0.001503060418066732}. Best is trial 0 with value: 131.31370544433594.
[I 2023-12-26 14:06:49,761] Trial 7 finished with value: 132.04461669921875 and parameters: {'gradient_clip_val': 0.2671607776509178, 'hidden_size': 129, 'dropout': 0.4509358356815103, 'hidden_continuous_size': 128, 'attention_head_size': 2, 'learning_rate': 0.08240248184232662}. Best is trial 0 with value: 131.31370544433594.
[I 2023-12-26 14:06:58,485] Trial 8 finished with value: 187.0240478515625 and parameters: {'gradient_clip_val': 0.326640420871445, 'hidden_size': 105, 'dropout': 0.48586811825979226, 'hidden_continuous_size': 37, 'attention_head_size': 3, 'learning_rate': 0.05473796008383746}. Best is trial 0 with value: 131.31370544433594.
[I 2023-12-26 14:07:00,578] Trial 9 finished with value: 225.45025634765625 and parameters: {'gradient_clip_val': 0.8224484044565543, 'hidden_size': 5, 'dropout': 0.1815959264730616, 'hidden_continuous_size': 5, 'attention_head_size': 3, 'learning_rate': 0.040090017065648444}. Best is trial 0 with value: 131.31370544433594.
[I 2023-12-26 14:07:03,382] Trial 10 finished with value: 260.3768005371094 and parameters: {'gradient_clip_val': 0.1072981979564517, 'hidden_size': 21, 'dropout': 0.3683511476744731, 'hidden_continuous_size': 7, 'attention_head_size': 4, 'learning_rate': 0.01402483170601127}. Best is trial 0 with value: 131.31370544433594.
[I 2023-12-26 14:07:15,955] Trial 11 finished with value: 166.6949462890625 and parameters: {'gradient_clip_val': 0.39552698425640154, 'hidden_size': 142, 'dropout': 0.39520738447243087, 'hidden_continuous_size': 93, 'attention_head_size': 2, 'learning_rate': 0.08113848049867078}. Best is trial 0 with value: 131.31370544433594.
[I 2023-12-26 14:07:19,272] Trial 12 finished with value: 174.01275634765625 and parameters: {'gradient_clip_val': 0.2295034402612456, 'hidden_size': 33, 'dropout': 0.10141503683962477, 'hidden_continuous_size': 8, 'attention_head_size': 3, 'learning_rate': 0.017973424632540435}. Best is trial 0 with value: 131.31370544433594.
[I 2023-12-26 14:07:23,894] Trial 13 finished with value: 219.6046905517578 and parameters: {'gradient_clip_val': 0.1784896176957821, 'hidden_size': 44, 'dropout': 0.4081469663702467, 'hidden_continuous_size': 10, 'attention_head_size': 2, 'learning_rate': 0.03155748919733969}. Best is trial 0 with value: 131.31370544433594.
[I 2023-12-26 14:07:35,348] Trial 14 finished with value: 124.2484359741211 and parameters: {'gradient_clip_val': 0.4140624775045666, 'hidden_size': 126, 'dropout': 0.49834081524702867, 'hidden_continuous_size': 114, 'attention_head_size': 3, 'learning_rate': 0.09962306117837345}. Best is trial 14 with value: 124.2484359741211.
[I 2023-12-26 14:07:38,177] Trial 15 finished with value: 275.01434326171875 and parameters: {'gradient_clip_val': 0.4834346100428792, 'hidden_size': 21, 'dropout': 0.4985716649566151, 'hidden_continuous_size': 6, 'attention_head_size': 4, 'learning_rate': 0.09799227808116454}. Best is trial 14 with value: 124.2484359741211.
[I 2023-12-26 14:07:45,896] Trial 16 finished with value: 228.490478515625 and parameters: {'gradient_clip_val': 0.36305838719957456, 'hidden_size': 92, 'dropout': 0.42356733796293683, 'hidden_continuous_size': 36, 'attention_head_size': 3, 'learning_rate': 0.01355995251695005}. Best is trial 14 with value: 124.2484359741211.
[I 2023-12-26 14:07:57,985] Trial 17 finished with value: 159.3053436279297 and parameters: {'gradient_clip_val': 0.6470059391724122, 'hidden_size': 143, 'dropout': 0.35318374456274404, 'hidden_continuous_size': 64, 'attention_head_size': 4, 'learning_rate': 0.04198853543206012}. Best is trial 14 with value: 124.2484359741211.
[I 2023-12-26 14:08:02,291] Trial 18 finished with value: 261.6250915527344 and parameters: {'gradient_clip_val': 0.45017787227980005, 'hidden_size': 45, 'dropout': 0.4338970599493982, 'hidden_continuous_size': 20, 'attention_head_size': 3, 'learning_rate': 0.007874186640593804}. Best is trial 14 with value: 124.2484359741211.
[I 2023-12-26 14:08:10,048] Trial 19 finished with value: 201.0111846923828 and parameters: {'gradient_clip_val': 0.3288223990346709, 'hidden_size': 92, 'dropout': 0.3784197673301541, 'hidden_continuous_size': 27, 'attention_head_size': 4, 'learning_rate': 0.052451059791638256}. Best is trial 14 with value: 124.2484359741211.
[I 2023-12-26 14:08:12,452] Trial 20 finished with value: 200.9896697998047 and parameters: {'gradient_clip_val': 0.9893800448035158, 'hidden_size': 16, 'dropout': 0.49882736583021275, 'hidden_continuous_size': 7, 'attention_head_size': 3, 'learning_rate': 0.025123448671539206}. Best is trial 14 with value: 124.2484359741211.
[I 2023-12-26 14:08:25,274] Trial 21 finished with value: 147.6431427001953 and parameters: {'gradient_clip_val': 0.2821894296117071, 'hidden_size': 140, 'dropout': 0.44165602229268996, 'hidden_continuous_size': 131, 'attention_head_size': 2, 'learning_rate': 0.09228178274371535}. Best is trial 14 with value: 124.2484359741211.
[I 2023-12-26 14:08:34,678] Trial 22 finished with value: 191.26580810546875 and parameters: {'gradient_clip_val': 0.2087689896511019, 'hidden_size': 108, 'dropout': 0.4514827437029098, 'hidden_continuous_size': 58, 'attention_head_size': 2, 'learning_rate': 0.058578499656003834}. Best is trial 14 with value: 124.2484359741211.
[I 2023-12-26 14:08:39,433] Trial 23 finished with value: 197.31654357910156 and parameters: {'gradient_clip_val': 0.2886208461900971, 'hidden_size': 54, 'dropout': 0.4147000115184985, 'hidden_continuous_size': 12, 'attention_head_size': 2, 'learning_rate': 0.09195091869737203}. Best is trial 14 with value: 124.2484359741211.
[I 2023-12-26 14:08:46,164] Trial 24 finished with value: 238.42803955078125 and parameters: {'gradient_clip_val': 0.21199583673087294, 'hidden_size': 78, 'dropout': 0.4594841270886294, 'hidden_continuous_size': 17, 'attention_head_size': 3, 'learning_rate': 0.05030877544112811}. Best is trial 14 with value: 124.2484359741211.
[I 2023-12-26 14:08:56,881] Trial 25 finished with value: 183.96607971191406 and parameters: {'gradient_clip_val': 0.2988084208703802, 'hidden_size': 113, 'dropout': 0.3969540835699653, 'hidden_continuous_size': 106, 'attention_head_size': 2, 'learning_rate': 0.03570895150699803}. Best is trial 14 with value: 124.2484359741211.
[I 2023-12-26 14:09:04,511] Trial 26 finished with value: 167.19305419921875 and parameters: {'gradient_clip_val': 0.3896746786677603, 'hidden_size': 85, 'dropout': 0.35050506761116357, 'hidden_continuous_size': 60, 'attention_head_size': 3, 'learning_rate': 0.06340021730654156}. Best is trial 14 with value: 124.2484359741211.
[I 2023-12-26 14:09:09,362] Trial 27 finished with value: 219.39447021484375 and parameters: {'gradient_clip_val': 0.24545356071586033, 'hidden_size': 56, 'dropout': 0.4288594488193446, 'hidden_continuous_size': 10, 'attention_head_size': 4, 'learning_rate': 0.09979665045239554}. Best is trial 14 with value: 124.2484359741211.
[I 2023-12-26 14:09:20,100] Trial 28 finished with value: 195.2530059814453 and parameters: {'gradient_clip_val': 0.5656383735232446, 'hidden_size': 120, 'dropout': 0.48385861827432264, 'hidden_continuous_size': 94, 'attention_head_size': 1, 'learning_rate': 0.024607302047981932}. Best is trial 14 with value: 124.2484359741211.
[I 2023-12-26 14:09:27,144] Trial 29 finished with value: 226.0071563720703 and parameters: {'gradient_clip_val': 0.14570832311166043, 'hidden_size': 79, 'dropout': 0.31839632246252997, 'hidden_continuous_size': 25, 'attention_head_size': 3, 'learning_rate': 0.06575401126982194}. Best is trial 14 with value: 124.2484359741211.
[I 2023-12-26 14:09:31,973] Trial 30 finished with value: 212.9159698486328 and parameters: {'gradient_clip_val': 0.3426856421821041, 'hidden_size': 58, 'dropout': 0.47595048354854597, 'hidden_continuous_size': 6, 'attention_head_size': 1, 'learning_rate': 0.0626878364863383}. Best is trial 14 with value: 124.2484359741211.
[I 2023-12-26 14:09:45,358] Trial 31 finished with value: 178.81895446777344 and parameters: {'gradient_clip_val': 0.2673893377441588, 'hidden_size': 150, 'dropout': 0.44752789280004474, 'hidden_continuous_size': 150, 'attention_head_size': 2, 'learning_rate': 0.08343127749927955}. Best is trial 14 with value: 124.2484359741211.
[I 2023-12-26 14:09:57,211] Trial 32 finished with value: 146.77113342285156 and parameters: {'gradient_clip_val': 0.29556179586030373, 'hidden_size': 130, 'dropout': 0.4367928907720131, 'hidden_continuous_size': 119, 'attention_head_size': 2, 'learning_rate': 0.04175095888113828}. Best is trial 14 with value: 124.2484359741211.
[I 2023-12-26 14:10:06,351] Trial 33 finished with value: 210.92462158203125 and parameters: {'gradient_clip_val': 0.4051760521797498, 'hidden_size': 101, 'dropout': 0.4695674184358996, 'hidden_continuous_size': 78, 'attention_head_size': 2, 'learning_rate': 0.0408194362973881}. Best is trial 14 with value: 124.2484359741211.
[I 2023-12-26 14:10:16,361] Trial 34 finished with value: 249.98435974121094 and parameters: {'gradient_clip_val': 0.29481997729514653, 'hidden_size': 118, 'dropout': 0.43413715811665615, 'hidden_continuous_size': 72, 'attention_head_size': 2, 'learning_rate': 0.02992180454132882}. Best is trial 14 with value: 124.2484359741211.
[I 2023-12-26 14:10:22,846] Trial 35 finished with value: 214.831787109375 and parameters: {'gradient_clip_val': 0.34246704550717844, 'hidden_size': 71, 'dropout': 0.46143746525677937, 'hidden_continuous_size': 55, 'attention_head_size': 1, 'learning_rate': 0.07038288162673942}. Best is trial 14 with value: 124.2484359741211.
[I 2023-12-26 14:10:30,735] Trial 36 finished with value: 168.08546447753906 and parameters: {'gradient_clip_val': 0.2201431640141024, 'hidden_size': 90, 'dropout': 0.39623327159254873, 'hidden_continuous_size': 47, 'attention_head_size': 4, 'learning_rate': 0.046038941834115575}. Best is trial 14 with value: 124.2484359741211.
[I 2023-12-26 14:10:42,183] Trial 37 finished with value: 174.08734130859375 and parameters: {'gradient_clip_val': 0.17785295915854815, 'hidden_size': 123, 'dropout': 0.47393271785939484, 'hidden_continuous_size': 83, 'attention_head_size': 2, 'learning_rate': 0.07206052244181049}. Best is trial 14 with value: 124.2484359741211.
