[I 2023-12-26 11:50:29,162] Trial 44 finished with value: 993.7550659179688 and parameters: {'gradient_clip_val': 0.16725685157022877, 'hidden_size': 5, 'dropout': 0.4532995756398907, 'hidden_continuous_size': 5, 'attention_head_size': 3, 'learning_rate': 0.020567461221661382}. Best is trial 0 with value: 250.00054931640625.
[I 2023-12-26 11:50:31,563] Trial 45 finished with value: 794.6032104492188 and parameters: {'gradient_clip_val': 0.26342967356898955, 'hidden_size': 6, 'dropout': 0.40068800510358354, 'hidden_continuous_size': 5, 'attention_head_size': 3, 'learning_rate': 0.015448329921155983}. Best is trial 0 with value: 250.00054931640625.
[I 2023-12-26 11:50:34,951] Trial 46 finished with value: 926.669921875 and parameters: {'gradient_clip_val': 0.2595888541676787, 'hidden_size': 33, 'dropout': 0.39914424484621425, 'hidden_continuous_size': 10, 'attention_head_size': 4, 'learning_rate': 0.016157375715080285}. Best is trial 0 with value: 250.00054931640625.
[I 2023-12-26 11:50:37,414] Trial 47 finished with value: 1121.3492431640625 and parameters: {'gradient_clip_val': 0.31932570937147875, 'hidden_size': 16, 'dropout': 0.4218745657572969, 'hidden_continuous_size': 7, 'attention_head_size': 3, 'learning_rate': 0.030126186716287723}. Best is trial 0 with value: 250.00054931640625.
[I 2023-12-26 11:50:39,785] Trial 48 finished with value: 862.462890625 and parameters: {'gradient_clip_val': 0.29867961066948856, 'hidden_size': 8, 'dropout': 0.4000315715005702, 'hidden_continuous_size': 5, 'attention_head_size': 3, 'learning_rate': 0.025290219361258536}. Best is trial 0 with value: 250.00054931640625.
[I 2023-12-26 11:50:41,949] Trial 49 finished with value: 1084.891357421875 and parameters: {'gradient_clip_val': 0.27222684875172887, 'hidden_size': 5, 'dropout': 0.3685041314859775, 'hidden_continuous_size': 5, 'attention_head_size': 2, 'learning_rate': 0.018955630328111355}. Best is trial 0 with value: 250.00054931640625.
[I 2023-12-26 11:50:42,086] A new study created in memory with name: no-name-d579ed0d-37d4-40b7-ac5d-1a25d40dd449
/home/le004/conda/anaconda3/envs/tsff_env/lib/python3.9/site-packages/lightning/fabric/plugins/environments/slurm.py:191: The `srun` command is available on your system but is not used. HINT: If your intention is to run Lightning on SLURM, prepend your python command with `srun` like so: srun python /home/le004/master_thesis/git/TSFusionForecast/code/ ...
[I 2023-12-26 11:57:13,058] Trial 0 finished with value: 97.11373901367188 and parameters: {'gradient_clip_val': 0.7372259622213371, 'hidden_size': 84, 'dropout': 0.4134201375911827, 'hidden_continuous_size': 27, 'attention_head_size': 2, 'learning_rate': 0.0077463985880133635}. Best is trial 0 with value: 97.11373901367188.
[I 2023-12-26 11:57:15,703] Trial 1 finished with value: 240.4721221923828 and parameters: {'gradient_clip_val': 0.14186317274419213, 'hidden_size': 20, 'dropout': 0.22664082464341645, 'hidden_continuous_size': 6, 'attention_head_size': 1, 'learning_rate': 0.0074611301268660895}. Best is trial 0 with value: 97.11373901367188.
[I 2023-12-26 11:57:23,376] Trial 2 finished with value: 137.59347534179688 and parameters: {'gradient_clip_val': 0.16925047812355976, 'hidden_size': 94, 'dropout': 0.34779197859177613, 'hidden_continuous_size': 5, 'attention_head_size': 2, 'learning_rate': 0.004017885233443878}. Best is trial 0 with value: 97.11373901367188.
[I 2023-12-26 11:57:25,738] Trial 3 finished with value: 198.6505584716797 and parameters: {'gradient_clip_val': 0.5531569310753306, 'hidden_size': 10, 'dropout': 0.257911127383438, 'hidden_continuous_size': 5, 'attention_head_size': 1, 'learning_rate': 0.0006787180578956824}. Best is trial 0 with value: 97.11373901367188.
[I 2023-12-26 11:57:27,982] Trial 4 finished with value: 172.76768493652344 and parameters: {'gradient_clip_val': 0.3217442166639827, 'hidden_size': 7, 'dropout': 0.13653051126685947, 'hidden_continuous_size': 7, 'attention_head_size': 4, 'learning_rate': 0.027416428197034347}. Best is trial 0 with value: 97.11373901367188.
[I 2023-12-26 11:57:35,191] Trial 5 finished with value: 138.69029235839844 and parameters: {'gradient_clip_val': 0.23067990070056982, 'hidden_size': 79, 'dropout': 0.41540054317640174, 'hidden_continuous_size': 57, 'attention_head_size': 3, 'learning_rate': 0.006362256423905576}. Best is trial 0 with value: 97.11373901367188.
[I 2023-12-26 11:57:40,530] Trial 6 finished with value: 130.94398498535156 and parameters: {'gradient_clip_val': 0.3566508229218037, 'hidden_size': 62, 'dropout': 0.4686259052749894, 'hidden_continuous_size': 21, 'attention_head_size': 1, 'learning_rate': 0.005361837293410128}. Best is trial 0 with value: 97.11373901367188.
[I 2023-12-26 11:57:46,396] Trial 7 finished with value: 206.50201416015625 and parameters: {'gradient_clip_val': 0.5687491960547079, 'hidden_size': 62, 'dropout': 0.12631151741087707, 'hidden_continuous_size': 59, 'attention_head_size': 1, 'learning_rate': 0.0052751880609291655}. Best is trial 0 with value: 97.11373901367188.
[I 2023-12-26 11:57:48,536] Trial 8 finished with value: 249.4000701904297 and parameters: {'gradient_clip_val': 0.32908541661589163, 'hidden_size': 8, 'dropout': 0.2147859033749042, 'hidden_continuous_size': 8, 'attention_head_size': 1, 'learning_rate': 0.0052796920555795955}. Best is trial 0 with value: 97.11373901367188.
[I 2023-12-26 11:57:53,104] Trial 9 finished with value: 229.0537872314453 and parameters: {'gradient_clip_val': 0.5656972621351124, 'hidden_size': 66, 'dropout': 0.11799380087279165, 'hidden_continuous_size': 57, 'attention_head_size': 4, 'learning_rate': 0.018574490096582692}. Best is trial 0 with value: 97.11373901367188.
[I 2023-12-26 11:58:05,947] Trial 10 finished with value: 74.23194885253906 and parameters: {'gradient_clip_val': 0.9358140025208153, 'hidden_size': 150, 'dropout': 0.49639587983350963, 'hidden_continuous_size': 137, 'attention_head_size': 3, 'learning_rate': 0.08052065903877748}. Best is trial 10 with value: 74.23194885253906.
[I 2023-12-26 11:58:18,915] Trial 11 finished with value: 146.1957550048828 and parameters: {'gradient_clip_val': 0.9813187112531885, 'hidden_size': 146, 'dropout': 0.49875077322187233, 'hidden_continuous_size': 119, 'attention_head_size': 3, 'learning_rate': 0.09609383147902113}. Best is trial 10 with value: 74.23194885253906.
[I 2023-12-26 11:58:30,033] Trial 12 finished with value: 136.13748168945312 and parameters: {'gradient_clip_val': 0.9871789580979952, 'hidden_size': 145, 'dropout': 0.4142221039723206, 'hidden_continuous_size': 143, 'attention_head_size': 2, 'learning_rate': 0.08135013851484559}. Best is trial 10 with value: 74.23194885253906.
[I 2023-12-26 11:58:33,047] Trial 13 finished with value: 174.1336669921875 and parameters: {'gradient_clip_val': 0.10549767582794274, 'hidden_size': 34, 'dropout': 0.4260441249058455, 'hidden_continuous_size': 12, 'attention_head_size': 3, 'learning_rate': 0.03807471399212768}. Best is trial 10 with value: 74.23194885253906.
[I 2023-12-26 11:58:35,850] Trial 14 finished with value: 160.6092529296875 and parameters: {'gradient_clip_val': 0.7424017383007872, 'hidden_size': 35, 'dropout': 0.35272244108484985, 'hidden_continuous_size': 13, 'attention_head_size': 2, 'learning_rate': 0.015552712058836172}. Best is trial 10 with value: 74.23194885253906.
[I 2023-12-26 11:58:47,672] Trial 15 finished with value: 196.91734313964844 and parameters: {'gradient_clip_val': 0.7326186940868767, 'hidden_size': 148, 'dropout': 0.4879356587262773, 'hidden_continuous_size': 35, 'attention_head_size': 3, 'learning_rate': 0.046130458790771565}. Best is trial 10 with value: 74.23194885253906.
[I 2023-12-26 11:58:53,976] Trial 16 finished with value: 155.3585662841797 and parameters: {'gradient_clip_val': 0.43174556382875123, 'hidden_size': 96, 'dropout': 0.44812071281765137, 'hidden_continuous_size': 25, 'attention_head_size': 2, 'learning_rate': 0.06270509445798993}. Best is trial 10 with value: 74.23194885253906.
[I 2023-12-26 11:58:56,966] Trial 17 finished with value: 194.16546630859375 and parameters: {'gradient_clip_val': 0.7757342868527745, 'hidden_size': 43, 'dropout': 0.3626559479148423, 'hidden_continuous_size': 9, 'attention_head_size': 4, 'learning_rate': 0.013449783336390889}. Best is trial 10 with value: 74.23194885253906.
[I 2023-12-26 11:59:05,787] Trial 18 finished with value: 153.5646514892578 and parameters: {'gradient_clip_val': 0.4320597392878142, 'hidden_size': 105, 'dropout': 0.4578846864816084, 'hidden_continuous_size': 76, 'attention_head_size': 3, 'learning_rate': 0.03181285686340935}. Best is trial 10 with value: 74.23194885253906.
[I 2023-12-26 11:59:08,542] Trial 19 finished with value: 214.400390625 and parameters: {'gradient_clip_val': 0.9822941846551819, 'hidden_size': 19, 'dropout': 0.3958969891613588, 'hidden_continuous_size': 11, 'attention_head_size': 2, 'learning_rate': 0.054885793101828166}. Best is trial 10 with value: 74.23194885253906.
[I 2023-12-26 11:59:12,411] Trial 20 finished with value: 158.53823852539062 and parameters: {'gradient_clip_val': 0.6961230729935632, 'hidden_size': 50, 'dropout': 0.4959660689131944, 'hidden_continuous_size': 18, 'attention_head_size': 3, 'learning_rate': 0.002452779386867756}. Best is trial 10 with value: 74.23194885253906.
[I 2023-12-26 11:59:17,043] Trial 21 finished with value: 138.9897918701172 and parameters: {'gradient_clip_val': 0.4215238653620432, 'hidden_size': 67, 'dropout': 0.4610905830085498, 'hidden_continuous_size': 21, 'attention_head_size': 1, 'learning_rate': 0.002315492400796172}. Best is trial 10 with value: 74.23194885253906.
[I 2023-12-26 11:59:25,078] Trial 22 finished with value: 140.97886657714844 and parameters: {'gradient_clip_val': 0.260584173565175, 'hidden_size': 107, 'dropout': 0.4573055887079223, 'hidden_continuous_size': 29, 'attention_head_size': 2, 'learning_rate': 0.01242911952622398}. Best is trial 10 with value: 74.23194885253906.
[I 2023-12-26 11:59:29,804] Trial 23 finished with value: 226.4217987060547 and parameters: {'gradient_clip_val': 0.8281341632309288, 'hidden_size': 78, 'dropout': 0.3877598562107902, 'hidden_continuous_size': 33, 'attention_head_size': 1, 'learning_rate': 0.02342272990067261}. Best is trial 10 with value: 74.23194885253906.
[I 2023-12-26 11:59:32,903] Trial 24 finished with value: 184.261962890625 and parameters: {'gradient_clip_val': 0.6212263009689576, 'hidden_size': 49, 'dropout': 0.44125601146467835, 'hidden_continuous_size': 15, 'attention_head_size': 2, 'learning_rate': 0.010095392431922461}. Best is trial 10 with value: 74.23194885253906.
[I 2023-12-26 11:59:39,957] Trial 25 finished with value: 134.06997680664062 and parameters: {'gradient_clip_val': 0.48772829981280996, 'hidden_size': 114, 'dropout': 0.4752980649974768, 'hidden_continuous_size': 41, 'attention_head_size': 3, 'learning_rate': 0.023419584580793372}. Best is trial 10 with value: 74.23194885253906.
[I 2023-12-26 11:59:44,685] Trial 26 finished with value: 190.85267639160156 and parameters: {'gradient_clip_val': 0.6401823292443061, 'hidden_size': 79, 'dropout': 0.4976966483496183, 'hidden_continuous_size': 21, 'attention_head_size': 2, 'learning_rate': 0.009556343121997487}. Best is trial 10 with value: 74.23194885253906.
[I 2023-12-26 11:59:52,296] Trial 27 finished with value: 133.4091033935547 and parameters: {'gradient_clip_val': 0.382154363030397, 'hidden_size': 118, 'dropout': 0.43405050595482736, 'hidden_continuous_size': 17, 'attention_head_size': 1, 'learning_rate': 0.033868012600094144}. Best is trial 10 with value: 74.23194885253906.
[I 2023-12-26 11:59:56,363] Trial 28 finished with value: 181.9109649658203 and parameters: {'gradient_clip_val': 0.8655913355452558, 'hidden_size': 55, 'dropout': 0.47441894494789083, 'hidden_continuous_size': 24, 'attention_head_size': 4, 'learning_rate': 0.018278941779304354}. Best is trial 10 with value: 74.23194885253906.
[I 2023-12-26 12:00:01,211] Trial 29 finished with value: 125.56158447265625 and parameters: {'gradient_clip_val': 0.5167594670912602, 'hidden_size': 84, 'dropout': 0.325176151988919, 'hidden_continuous_size': 15, 'attention_head_size': 1, 'learning_rate': 0.008640481931663002}. Best is trial 10 with value: 74.23194885253906.
[I 2023-12-26 12:00:06,212] Trial 30 finished with value: 214.9564208984375 and parameters: {'gradient_clip_val': 0.8369021228226794, 'hidden_size': 86, 'dropout': 0.3364002237134913, 'hidden_continuous_size': 15, 'attention_head_size': 2, 'learning_rate': 0.06171704537022631}. Best is trial 10 with value: 74.23194885253906.
[I 2023-12-26 12:00:13,805] Trial 31 finished with value: 119.04803466796875 and parameters: {'gradient_clip_val': 0.5033029049297112, 'hidden_size': 122, 'dropout': 0.38616711048758323, 'hidden_continuous_size': 10, 'attention_head_size': 1, 'learning_rate': 0.008230139630383906}. Best is trial 10 with value: 74.23194885253906.
[I 2023-12-26 12:00:23,660] Trial 32 finished with value: 182.6268310546875 and parameters: {'gradient_clip_val': 0.508163169303808, 'hidden_size': 128, 'dropout': 0.31468309414292284, 'hidden_continuous_size': 10, 'attention_head_size': 1, 'learning_rate': 0.009958584916773561}. Best is trial 10 with value: 74.23194885253906.
[I 2023-12-26 12:00:30,389] Trial 33 finished with value: 171.6212615966797 and parameters: {'gradient_clip_val': 0.6512931454476275, 'hidden_size': 95, 'dropout': 0.3778808135055223, 'hidden_continuous_size': 6, 'attention_head_size': 1, 'learning_rate': 0.007885845597328377}. Best is trial 10 with value: 74.23194885253906.
[I 2023-12-26 12:00:39,800] Trial 34 finished with value: 202.69944763183594 and parameters: {'gradient_clip_val': 0.5111778201992955, 'hidden_size': 123, 'dropout': 0.39250039904241996, 'hidden_continuous_size': 9, 'attention_head_size': 1, 'learning_rate': 0.003474600316605824}. Best is trial 10 with value: 74.23194885253906.
[I 2023-12-26 12:00:47,973] Trial 35 finished with value: 173.966796875 and parameters: {'gradient_clip_val': 0.6151226952617878, 'hidden_size': 105, 'dropout': 0.2982862857586437, 'hidden_continuous_size': 7, 'attention_head_size': 1, 'learning_rate': 0.007446211567498701}. Best is trial 10 with value: 74.23194885253906.
[I 2023-12-26 12:00:54,066] Trial 36 finished with value: 192.552978515625 and parameters: {'gradient_clip_val': 0.7438037125825291, 'hidden_size': 84, 'dropout': 0.3724298138750367, 'hidden_continuous_size': 14, 'attention_head_size': 2, 'learning_rate': 0.02435729957016078}. Best is trial 10 with value: 74.23194885253906.
[I 2023-12-26 12:01:03,293] Trial 37 finished with value: 161.3844451904297 and parameters: {'gradient_clip_val': 0.5689905323931642, 'hidden_size': 128, 'dropout': 0.4220262765712318, 'hidden_continuous_size': 5, 'attention_head_size': 3, 'learning_rate': 0.012687122386703385}. Best is trial 10 with value: 74.23194885253906.
[I 2023-12-26 12:01:10,850] Trial 38 finished with value: 184.98358154296875 and parameters: {'gradient_clip_val': 0.6798907877454811, 'hidden_size': 89, 'dropout': 0.3929293511678205, 'hidden_continuous_size': 11, 'attention_head_size': 1, 'learning_rate': 0.0011769517228235674}. Best is trial 10 with value: 74.23194885253906.
[I 2023-12-26 12:01:14,628] Trial 39 finished with value: 156.6283721923828 and parameters: {'gradient_clip_val': 0.8638786884884262, 'hidden_size': 66, 'dropout': 0.4124636923034744, 'hidden_continuous_size': 17, 'attention_head_size': 1, 'learning_rate': 0.006590661431340903}. Best is trial 10 with value: 74.23194885253906.
[I 2023-12-26 12:01:20,125] Trial 40 finished with value: 152.10569763183594 and parameters: {'gradient_clip_val': 0.48845061810053564, 'hidden_size': 70, 'dropout': 0.3330093057380833, 'hidden_continuous_size': 13, 'attention_head_size': 2, 'learning_rate': 0.004158128578138366}. Best is trial 10 with value: 74.23194885253906.
[I 2023-12-26 12:01:27,662] Trial 41 finished with value: 162.16339111328125 and parameters: {'gradient_clip_val': 0.3558375151175639, 'hidden_size': 94, 'dropout': 0.47153543193973957, 'hidden_continuous_size': 19, 'attention_head_size': 1, 'learning_rate': 0.007947927233930653}. Best is trial 10 with value: 74.23194885253906.
[I 2023-12-26 12:01:36,366] Trial 42 finished with value: 146.2445068359375 and parameters: {'gradient_clip_val': 0.5496678248165879, 'hidden_size': 146, 'dropout': 0.44110126309599473, 'hidden_continuous_size': 23, 'attention_head_size': 1, 'learning_rate': 0.005301824227364815}. Best is trial 10 with value: 74.23194885253906.
[I 2023-12-26 12:01:40,648] Trial 43 finished with value: 161.97930908203125 and parameters: {'gradient_clip_val': 0.30395007266450136, 'hidden_size': 74, 'dropout': 0.4066632412650756, 'hidden_continuous_size': 27, 'attention_head_size': 1, 'learning_rate': 0.005363234804873954}. Best is trial 10 with value: 74.23194885253906.
[I 2023-12-26 12:01:44,065] Trial 44 finished with value: 140.94815063476562 and parameters: {'gradient_clip_val': 0.3898964821149216, 'hidden_size': 60, 'dropout': 0.3640139397483239, 'hidden_continuous_size': 16, 'attention_head_size': 1, 'learning_rate': 0.016761163795897257}. Best is trial 10 with value: 74.23194885253906.
[I 2023-12-26 12:01:51,094] Trial 45 finished with value: 150.31211853027344 and parameters: {'gradient_clip_val': 0.45651597545622624, 'hidden_size': 115, 'dropout': 0.42743662299431723, 'hidden_continuous_size': 44, 'attention_head_size': 3, 'learning_rate': 0.08667073042036745}. Best is trial 10 with value: 74.23194885253906.
[I 2023-12-26 12:02:00,907] Trial 46 finished with value: 164.8282470703125 and parameters: {'gradient_clip_val': 0.5784561847040156, 'hidden_size': 149, 'dropout': 0.47630079123983915, 'hidden_continuous_size': 96, 'attention_head_size': 1, 'learning_rate': 0.02161984976686365}. Best is trial 10 with value: 74.23194885253906.
[I 2023-12-26 12:02:06,985] Trial 47 finished with value: 121.52202606201172 and parameters: {'gradient_clip_val': 0.7162794380549979, 'hidden_size': 98, 'dropout': 0.4415210987579098, 'hidden_continuous_size': 53, 'attention_head_size': 4, 'learning_rate': 0.028204704349073333}. Best is trial 10 with value: 74.23194885253906.
[I 2023-12-26 12:02:12,784] Trial 48 finished with value: 171.4777069091797 and parameters: {'gradient_clip_val': 0.7043370474220977, 'hidden_size': 97, 'dropout': 0.4056202586236974, 'hidden_continuous_size': 43, 'attention_head_size': 4, 'learning_rate': 0.03966913114663438}. Best is trial 10 with value: 74.23194885253906.
[I 2023-12-26 12:02:20,978] Trial 49 finished with value: 129.78375244140625 and parameters: {'gradient_clip_val': 0.7919837983204838, 'hidden_size': 127, 'dropout': 0.4463847462772236, 'hidden_continuous_size': 69, 'attention_head_size': 4, 'learning_rate': 0.044111868235146214}. Best is trial 10 with value: 74.23194885253906.
[I 2023-12-26 12:02:21,095] A new study created in memory with name: no-name-d0933bac-3712-4c11-b8e1-b495e1c9718a
/home/le004/conda/anaconda3/envs/tsff_env/lib/python3.9/site-packages/lightning/fabric/plugins/environments/slurm.py:191: The `srun` command is available on your system but is not used. HINT: If your intention is to run Lightning on SLURM, prepend your python command with `srun` like so: srun python /home/le004/master_thesis/git/TSFusionForecast/code/ ...
[I 2023-12-26 12:05:00,036] Trial 0 finished with value: 133.3192596435547 and parameters: {'gradient_clip_val': 0.4248504038155689, 'hidden_size': 16, 'dropout': 0.16942903434765605, 'hidden_continuous_size': 7, 'attention_head_size': 1, 'learning_rate': 0.05646481918699824}. Best is trial 0 with value: 133.3192596435547.
[I 2023-12-26 12:05:05,680] Trial 1 finished with value: 345.1568908691406 and parameters: {'gradient_clip_val': 0.7834189701139962, 'hidden_size': 85, 'dropout': 0.18037697373176848, 'hidden_continuous_size': 5, 'attention_head_size': 4, 'learning_rate': 0.00411562246934532}. Best is trial 0 with value: 133.3192596435547.
[I 2023-12-26 12:05:09,375] Trial 2 finished with value: 317.6105041503906 and parameters: {'gradient_clip_val': 0.1073675047870624, 'hidden_size': 48, 'dropout': 0.3526775921088894, 'hidden_continuous_size': 48, 'attention_head_size': 3, 'learning_rate': 0.028901676267556558}. Best is trial 0 with value: 133.3192596435547.
[I 2023-12-26 12:05:12,303] Trial 3 finished with value: 532.4933471679688 and parameters: {'gradient_clip_val': 0.4153859951838397, 'hidden_size': 22, 'dropout': 0.37267649895322197, 'hidden_continuous_size': 15, 'attention_head_size': 3, 'learning_rate': 0.03343884934351072}. Best is trial 0 with value: 133.3192596435547.
[I 2023-12-26 12:05:14,404] Trial 4 finished with value: 421.7061767578125 and parameters: {'gradient_clip_val': 0.6823912216648824, 'hidden_size': 20, 'dropout': 0.23342095066178056, 'hidden_continuous_size': 20, 'attention_head_size': 3, 'learning_rate': 0.001579536010742866}. Best is trial 0 with value: 133.3192596435547.
[I 2023-12-26 12:05:16,647] Trial 5 finished with value: 395.0873718261719 and parameters: {'gradient_clip_val': 0.5019453763164962, 'hidden_size': 22, 'dropout': 0.4778862329004908, 'hidden_continuous_size': 18, 'attention_head_size': 2, 'learning_rate': 0.09519162077890092}. Best is trial 0 with value: 133.3192596435547.
[I 2023-12-26 12:05:18,627] Trial 6 finished with value: 312.5951843261719 and parameters: {'gradient_clip_val': 0.1065258859987283, 'hidden_size': 18, 'dropout': 0.11436409587250283, 'hidden_continuous_size': 18, 'attention_head_size': 1, 'learning_rate': 0.003722384328209471}. Best is trial 0 with value: 133.3192596435547.
[I 2023-12-26 12:05:28,471] Trial 7 finished with value: 423.9164123535156 and parameters: {'gradient_clip_val': 0.1658546799050741, 'hidden_size': 141, 'dropout': 0.3070262408776554, 'hidden_continuous_size': 5, 'attention_head_size': 2, 'learning_rate': 0.0005919998805478823}. Best is trial 0 with value: 133.3192596435547.
