[I 2023-12-15 13:10:15,259] Trial 21 finished with value: 87.00982666015625 and parameters: {'gradient_clip_val': 0.12405504546771881, 'hidden_size': 93, 'dropout': 0.10169397145630663, 'hidden_continuous_size': 69, 'attention_head_size': 2, 'learning_rate': 0.0005349835364708964}. Best is trial 14 with value: 57.160282135009766.
LOCAL_RANK: 0 - CUDA_VISIBLE_DEVICES: [0]
[I 2023-12-15 13:11:10,066] Trial 22 finished with value: 64.30828857421875 and parameters: {'gradient_clip_val': 0.10194639016645286, 'hidden_size': 73, 'dropout': 0.16087853881252778, 'hidden_continuous_size': 47, 'attention_head_size': 2, 'learning_rate': 0.0009503265328009937}. Best is trial 14 with value: 57.160282135009766.
LOCAL_RANK: 0 - CUDA_VISIBLE_DEVICES: [0]
[I 2023-12-15 13:11:47,003] Trial 23 finished with value: 83.20185089111328 and parameters: {'gradient_clip_val': 0.12674988139272955, 'hidden_size': 100, 'dropout': 0.12049383883274738, 'hidden_continuous_size': 100, 'attention_head_size': 2, 'learning_rate': 0.0006984931309099361}. Best is trial 14 with value: 57.160282135009766.
LOCAL_RANK: 0 - CUDA_VISIBLE_DEVICES: [0]
[I 2023-12-15 13:12:43,069] Trial 24 finished with value: 71.98503875732422 and parameters: {'gradient_clip_val': 0.16853422765534798, 'hidden_size': 75, 'dropout': 0.10804483259515914, 'hidden_continuous_size': 53, 'attention_head_size': 3, 'learning_rate': 0.0016930166912896892}. Best is trial 14 with value: 57.160282135009766.
LOCAL_RANK: 0 - CUDA_VISIBLE_DEVICES: [0]
[I 2023-12-15 13:13:36,173] Trial 25 finished with value: 95.79425048828125 and parameters: {'gradient_clip_val': 0.12483033406674593, 'hidden_size': 51, 'dropout': 0.15128831374140886, 'hidden_continuous_size': 35, 'attention_head_size': 2, 'learning_rate': 0.0008016300421892066}. Best is trial 14 with value: 57.160282135009766.
LOCAL_RANK: 0 - CUDA_VISIBLE_DEVICES: [0]
[I 2023-12-15 13:14:31,145] Trial 26 finished with value: 108.0698013305664 and parameters: {'gradient_clip_val': 0.21304076487518198, 'hidden_size': 75, 'dropout': 0.12284037915498805, 'hidden_continuous_size': 62, 'attention_head_size': 1, 'learning_rate': 0.0015363641546675766}. Best is trial 14 with value: 57.160282135009766.
LOCAL_RANK: 0 - CUDA_VISIBLE_DEVICES: [0]
[I 2023-12-15 13:15:26,812] Trial 27 finished with value: 97.75504302978516 and parameters: {'gradient_clip_val': 0.14623739324783164, 'hidden_size': 82, 'dropout': 0.17788135281011963, 'hidden_continuous_size': 54, 'attention_head_size': 2, 'learning_rate': 0.0005227958569971216}. Best is trial 14 with value: 57.160282135009766.
LOCAL_RANK: 0 - CUDA_VISIBLE_DEVICES: [0]
[I 2023-12-15 13:16:20,789] Trial 28 finished with value: 89.65262603759766 and parameters: {'gradient_clip_val': 0.17067098806444497, 'hidden_size': 57, 'dropout': 0.14770465790160608, 'hidden_continuous_size': 35, 'attention_head_size': 3, 'learning_rate': 0.0010413179556105193}. Best is trial 14 with value: 57.160282135009766.
LOCAL_RANK: 0 - CUDA_VISIBLE_DEVICES: [0]
[I 2023-12-15 13:17:13,549] Trial 29 finished with value: 58.85640335083008 and parameters: {'gradient_clip_val': 0.30635425234631436, 'hidden_size': 45, 'dropout': 0.11870736016000251, 'hidden_continuous_size': 32, 'attention_head_size': 2, 'learning_rate': 0.0018405883475493218}. Best is trial 14 with value: 57.160282135009766.
LOCAL_RANK: 0 - CUDA_VISIBLE_DEVICES: [0]
[I 2023-12-15 13:18:05,916] Trial 30 finished with value: 124.58306884765625 and parameters: {'gradient_clip_val': 0.3492316793958213, 'hidden_size': 43, 'dropout': 0.18714089277951484, 'hidden_continuous_size': 27, 'attention_head_size': 1, 'learning_rate': 0.0018004474239693867}. Best is trial 14 with value: 57.160282135009766.
LOCAL_RANK: 0 - CUDA_VISIBLE_DEVICES: [0]
[I 2023-12-15 13:19:01,010] Trial 31 finished with value: 98.95401000976562 and parameters: {'gradient_clip_val': 0.48637320132826906, 'hidden_size': 83, 'dropout': 0.12053381124632104, 'hidden_continuous_size': 42, 'attention_head_size': 2, 'learning_rate': 0.0007188834031211516}. Best is trial 14 with value: 57.160282135009766.
LOCAL_RANK: 0 - CUDA_VISIBLE_DEVICES: [0]
[I 2023-12-15 13:19:54,550] Trial 32 finished with value: 95.09998321533203 and parameters: {'gradient_clip_val': 0.2075769839994919, 'hidden_size': 66, 'dropout': 0.10050070682541068, 'hidden_continuous_size': 31, 'attention_head_size': 2, 'learning_rate': 0.0011116128848258449}. Best is trial 14 with value: 57.160282135009766.
LOCAL_RANK: 0 - CUDA_VISIBLE_DEVICES: [0]
[I 2023-12-15 13:20:47,553] Trial 33 finished with value: 94.2332763671875 and parameters: {'gradient_clip_val': 0.2665887224112156, 'hidden_size': 47, 'dropout': 0.14256091582950073, 'hidden_continuous_size': 31, 'attention_head_size': 2, 'learning_rate': 0.0014217373231629506}. Best is trial 14 with value: 57.160282135009766.
LOCAL_RANK: 0 - CUDA_VISIBLE_DEVICES: [0]
[I 2023-12-15 13:21:42,340] Trial 34 finished with value: 77.35236358642578 and parameters: {'gradient_clip_val': 0.11648522120744668, 'hidden_size': 60, 'dropout': 0.11732554027448105, 'hidden_continuous_size': 42, 'attention_head_size': 4, 'learning_rate': 0.0006726656095510815}. Best is trial 14 with value: 57.160282135009766.
LOCAL_RANK: 0 - CUDA_VISIBLE_DEVICES: [0]
[I 2023-12-15 13:22:34,404] Trial 35 finished with value: 57.56010055541992 and parameters: {'gradient_clip_val': 0.14217057405078126, 'hidden_size': 35, 'dropout': 0.12653741466777538, 'hidden_continuous_size': 23, 'attention_head_size': 2, 'learning_rate': 0.0014137141418851685}. Best is trial 14 with value: 57.160282135009766.
LOCAL_RANK: 0 - CUDA_VISIBLE_DEVICES: [0]
[I 2023-12-15 13:23:26,058] Trial 36 finished with value: 63.17251968383789 and parameters: {'gradient_clip_val': 0.14086299743885952, 'hidden_size': 36, 'dropout': 0.14713689736078123, 'hidden_continuous_size': 25, 'attention_head_size': 3, 'learning_rate': 0.002257629305829801}. Best is trial 14 with value: 57.160282135009766.
LOCAL_RANK: 0 - CUDA_VISIBLE_DEVICES: [0]
[I 2023-12-15 13:24:15,885] Trial 37 finished with value: 88.94371795654297 and parameters: {'gradient_clip_val': 0.3020234703664634, 'hidden_size': 26, 'dropout': 0.12820615464808424, 'hidden_continuous_size': 22, 'attention_head_size': 2, 'learning_rate': 0.0014113217749056812}. Best is trial 14 with value: 57.160282135009766.
LOCAL_RANK: 0 - CUDA_VISIBLE_DEVICES: [0]
[I 2023-12-15 13:25:04,482] Trial 38 finished with value: 57.21189880371094 and parameters: {'gradient_clip_val': 0.24174403701206773, 'hidden_size': 28, 'dropout': 0.20613777621890822, 'hidden_continuous_size': 20, 'attention_head_size': 2, 'learning_rate': 0.0028442896034302444}. Best is trial 14 with value: 57.160282135009766.
LOCAL_RANK: 0 - CUDA_VISIBLE_DEVICES: [0]
[I 2023-12-15 13:25:55,208] Trial 39 finished with value: 137.2863311767578 and parameters: {'gradient_clip_val': 0.24264654086136722, 'hidden_size': 32, 'dropout': 0.21872440534214474, 'hidden_continuous_size': 22, 'attention_head_size': 3, 'learning_rate': 0.003100825433206121}. Best is trial 14 with value: 57.160282135009766.
LOCAL_RANK: 0 - CUDA_VISIBLE_DEVICES: [0]
[I 2023-12-15 13:26:43,162] Trial 40 finished with value: 66.63971710205078 and parameters: {'gradient_clip_val': 0.19595838091931728, 'hidden_size': 28, 'dropout': 0.20306716936628388, 'hidden_continuous_size': 19, 'attention_head_size': 1, 'learning_rate': 0.0023691683769276784}. Best is trial 14 with value: 57.160282135009766.
LOCAL_RANK: 0 - CUDA_VISIBLE_DEVICES: [0]
[I 2023-12-15 13:27:35,367] Trial 41 finished with value: 81.99276733398438 and parameters: {'gradient_clip_val': 0.24864189992285982, 'hidden_size': 39, 'dropout': 0.16793300827185115, 'hidden_continuous_size': 31, 'attention_head_size': 2, 'learning_rate': 0.0019513771088403963}. Best is trial 14 with value: 57.160282135009766.
LOCAL_RANK: 0 - CUDA_VISIBLE_DEVICES: [0]
[I 2023-12-15 13:28:27,693] Trial 42 finished with value: 102.33441162109375 and parameters: {'gradient_clip_val': 0.2320609235320002, 'hidden_size': 45, 'dropout': 0.11660238938171556, 'hidden_continuous_size': 14, 'attention_head_size': 2, 'learning_rate': 0.0009245989336089905}. Best is trial 14 with value: 57.160282135009766.
LOCAL_RANK: 0 - CUDA_VISIBLE_DEVICES: [0]
[I 2023-12-15 13:29:19,849] Trial 43 finished with value: 77.07952880859375 and parameters: {'gradient_clip_val': 0.17602988683775536, 'hidden_size': 37, 'dropout': 0.13505574090448372, 'hidden_continuous_size': 29, 'attention_head_size': 2, 'learning_rate': 0.0013898376964248138}. Best is trial 14 with value: 57.160282135009766.
LOCAL_RANK: 0 - CUDA_VISIBLE_DEVICES: [0]
[I 2023-12-15 13:30:13,518] Trial 44 finished with value: 91.90234375 and parameters: {'gradient_clip_val': 0.15319072966359712, 'hidden_size': 51, 'dropout': 0.11584334129297308, 'hidden_continuous_size': 37, 'attention_head_size': 2, 'learning_rate': 0.0007847871615090373}. Best is trial 14 with value: 57.160282135009766.
LOCAL_RANK: 0 - CUDA_VISIBLE_DEVICES: [0]
[I 2023-12-15 13:31:01,672] Trial 45 finished with value: 94.78933715820312 and parameters: {'gradient_clip_val': 0.1904264210129568, 'hidden_size': 24, 'dropout': 0.1533891072511755, 'hidden_continuous_size': 21, 'attention_head_size': 2, 'learning_rate': 0.0011143108790995962}. Best is trial 14 with value: 57.160282135009766.
LOCAL_RANK: 0 - CUDA_VISIBLE_DEVICES: [0]
[I 2023-12-15 13:31:53,430] Trial 46 finished with value: 82.7278060913086 and parameters: {'gradient_clip_val': 0.1319808161242686, 'hidden_size': 30, 'dropout': 0.23765674112375992, 'hidden_continuous_size': 25, 'attention_head_size': 2, 'learning_rate': 0.0017578511464479358}. Best is trial 14 with value: 57.160282135009766.
LOCAL_RANK: 0 - CUDA_VISIBLE_DEVICES: [0]
[I 2023-12-15 13:32:44,046] Trial 47 finished with value: 88.42684173583984 and parameters: {'gradient_clip_val': 0.11236500041120098, 'hidden_size': 32, 'dropout': 0.16964187183457102, 'hidden_continuous_size': 27, 'attention_head_size': 1, 'learning_rate': 0.002790117815772829}. Best is trial 14 with value: 57.160282135009766.
LOCAL_RANK: 0 - CUDA_VISIBLE_DEVICES: [0]
[I 2023-12-15 13:33:32,760] Trial 48 finished with value: 107.99117279052734 and parameters: {'gradient_clip_val': 0.1559852208785191, 'hidden_size': 21, 'dropout': 0.1347535182820227, 'hidden_continuous_size': 19, 'attention_head_size': 2, 'learning_rate': 0.003893184431849776}. Best is trial 14 with value: 57.160282135009766.
LOCAL_RANK: 0 - CUDA_VISIBLE_DEVICES: [0]
[I 2023-12-15 13:34:26,379] Trial 49 finished with value: 163.64578247070312 and parameters: {'gradient_clip_val': 0.13632609586640598, 'hidden_size': 41, 'dropout': 0.11059967715381727, 'hidden_continuous_size': 33, 'attention_head_size': 3, 'learning_rate': 0.002025575361154787}. Best is trial 14 with value: 57.160282135009766.
[I 2023-12-15 13:34:26,473] A new study created in memory with name: no-name-bcd8e5cf-7376-44e2-8a91-8f1db9e603ab
/home/le004/conda/anaconda3/envs/tsff_env/lib/python3.9/site-packages/lightning/fabric/plugins/environments/slurm.py:191: The `srun` command is available on your system but is not used. HINT: If your intention is to run Lightning on SLURM, prepend your python command with `srun` like so: srun python /home/le004/master_thesis/git/TSFusionForecast/code/ ...
LOCAL_RANK: 0 - CUDA_VISIBLE_DEVICES: [0]
[I 2023-12-15 13:35:13,934] Trial 0 finished with value: 461.6749572753906 and parameters: {'gradient_clip_val': 0.5919480793858227, 'hidden_size': 32, 'dropout': 0.27004996036284107, 'hidden_continuous_size': 5, 'attention_head_size': 3, 'learning_rate': 0.001736109596627807}. Best is trial 0 with value: 461.6749572753906.
LOCAL_RANK: 0 - CUDA_VISIBLE_DEVICES: [0]
[I 2023-12-15 13:36:03,280] Trial 1 finished with value: 403.7923278808594 and parameters: {'gradient_clip_val': 0.2960820260909506, 'hidden_size': 26, 'dropout': 0.28204458127044496, 'hidden_continuous_size': 19, 'attention_head_size': 2, 'learning_rate': 0.001987216567945209}. Best is trial 1 with value: 403.7923278808594.
LOCAL_RANK: 0 - CUDA_VISIBLE_DEVICES: [0]
[I 2023-12-15 13:36:36,362] Trial 2 finished with value: 433.258056640625 and parameters: {'gradient_clip_val': 0.9913181035982863, 'hidden_size': 5, 'dropout': 0.3518258373525507, 'hidden_continuous_size': 5, 'attention_head_size': 1, 'learning_rate': 0.0162602049159647}. Best is trial 1 with value: 403.7923278808594.
LOCAL_RANK: 0 - CUDA_VISIBLE_DEVICES: [0]
[I 2023-12-15 13:37:10,099] Trial 3 finished with value: 421.5322265625 and parameters: {'gradient_clip_val': 0.12723167809693642, 'hidden_size': 7, 'dropout': 0.15648876102073594, 'hidden_continuous_size': 7, 'attention_head_size': 2, 'learning_rate': 0.035006844975128265}. Best is trial 1 with value: 403.7923278808594.
LOCAL_RANK: 0 - CUDA_VISIBLE_DEVICES: [0]
[I 2023-12-15 13:38:01,288] Trial 4 finished with value: 443.6524963378906 and parameters: {'gradient_clip_val': 0.10298819939887967, 'hidden_size': 35, 'dropout': 0.34273512882701807, 'hidden_continuous_size': 20, 'attention_head_size': 1, 'learning_rate': 0.01389642678726052}. Best is trial 1 with value: 403.7923278808594.
LOCAL_RANK: 0 - CUDA_VISIBLE_DEVICES: [0]
[I 2023-12-15 13:38:54,421] Trial 5 finished with value: 498.9756774902344 and parameters: {'gradient_clip_val': 0.10748756516700915, 'hidden_size': 53, 'dropout': 0.13611893358322638, 'hidden_continuous_size': 13, 'attention_head_size': 4, 'learning_rate': 0.006834450634384771}. Best is trial 1 with value: 403.7923278808594.
LOCAL_RANK: 0 - CUDA_VISIBLE_DEVICES: [0]
[I 2023-12-15 13:39:28,244] Trial 6 finished with value: 347.5640563964844 and parameters: {'gradient_clip_val': 0.28918839452651374, 'hidden_size': 7, 'dropout': 0.1824153010564421, 'hidden_continuous_size': 7, 'attention_head_size': 3, 'learning_rate': 0.00247372549658065}. Best is trial 6 with value: 347.5640563964844.
LOCAL_RANK: 0 - CUDA_VISIBLE_DEVICES: [0]
[I 2023-12-15 13:40:12,529] Trial 7 finished with value: 326.6236877441406 and parameters: {'gradient_clip_val': 0.10290406969648089, 'hidden_size': 8, 'dropout': 0.3000504960548308, 'hidden_continuous_size': 5, 'attention_head_size': 4, 'learning_rate': 0.0036194007407256306}. Best is trial 7 with value: 326.6236877441406.
LOCAL_RANK: 0 - CUDA_VISIBLE_DEVICES: [0]
[I 2023-12-15 13:41:06,140] Trial 8 finished with value: 550.6923217773438 and parameters: {'gradient_clip_val': 0.5086343762761126, 'hidden_size': 59, 'dropout': 0.2514615474488192, 'hidden_continuous_size': 15, 'attention_head_size': 4, 'learning_rate': 0.020226382318102587}. Best is trial 7 with value: 326.6236877441406.
LOCAL_RANK: 0 - CUDA_VISIBLE_DEVICES: [0]
[I 2023-12-15 13:41:58,345] Trial 9 finished with value: 431.2762451171875 and parameters: {'gradient_clip_val': 0.16104456429436753, 'hidden_size': 60, 'dropout': 0.20455557381948264, 'hidden_continuous_size': 10, 'attention_head_size': 4, 'learning_rate': 0.016611478949675258}. Best is trial 7 with value: 326.6236877441406.
LOCAL_RANK: 0 - CUDA_VISIBLE_DEVICES: [0]
[I 2023-12-15 13:42:43,675] Trial 10 finished with value: 408.4425048828125 and parameters: {'gradient_clip_val': 0.19420283966292462, 'hidden_size': 14, 'dropout': 0.39402866488386534, 'hidden_continuous_size': 6, 'attention_head_size': 3, 'learning_rate': 0.05352043998732341}. Best is trial 7 with value: 326.6236877441406.
LOCAL_RANK: 0 - CUDA_VISIBLE_DEVICES: [0]
[I 2023-12-15 13:43:28,774] Trial 11 finished with value: 406.92919921875 and parameters: {'gradient_clip_val': 0.23031830003116, 'hidden_size': 10, 'dropout': 0.20308711216178787, 'hidden_continuous_size': 6, 'attention_head_size': 3, 'learning_rate': 0.0005077848519575032}. Best is trial 7 with value: 326.6236877441406.
LOCAL_RANK: 0 - CUDA_VISIBLE_DEVICES: [0]
[I 2023-12-15 13:44:15,012] Trial 12 finished with value: 501.0927429199219 and parameters: {'gradient_clip_val': 0.15931004538229324, 'hidden_size': 15, 'dropout': 0.1971718260117482, 'hidden_continuous_size': 8, 'attention_head_size': 4, 'learning_rate': 0.004283127852626591}. Best is trial 7 with value: 326.6236877441406.
LOCAL_RANK: 0 - CUDA_VISIBLE_DEVICES: [0]
[I 2023-12-15 13:44:48,876] Trial 13 finished with value: 353.7964782714844 and parameters: {'gradient_clip_val': 0.27175635232164647, 'hidden_size': 5, 'dropout': 0.1209432697712049, 'hidden_continuous_size': 5, 'attention_head_size': 3, 'learning_rate': 0.003383351495528538}. Best is trial 7 with value: 326.6236877441406.
LOCAL_RANK: 0 - CUDA_VISIBLE_DEVICES: [0]
[I 2023-12-15 13:45:33,817] Trial 14 finished with value: 342.6661376953125 and parameters: {'gradient_clip_val': 0.38577172308688645, 'hidden_size': 9, 'dropout': 0.10104129434344958, 'hidden_continuous_size': 6, 'attention_head_size': 2, 'learning_rate': 0.001130284147427204}. Best is trial 7 with value: 326.6236877441406.
LOCAL_RANK: 0 - CUDA_VISIBLE_DEVICES: [0]
[I 2023-12-15 13:46:19,249] Trial 15 finished with value: 328.9384765625 and parameters: {'gradient_clip_val': 0.4021489437689769, 'hidden_size': 17, 'dropout': 0.10835265330170293, 'hidden_continuous_size': 6, 'attention_head_size': 2, 'learning_rate': 0.0008677338964617137}. Best is trial 7 with value: 326.6236877441406.
LOCAL_RANK: 0 - CUDA_VISIBLE_DEVICES: [0]
[I 2023-12-15 13:47:06,645] Trial 16 finished with value: 366.6116027832031 and parameters: {'gradient_clip_val': 0.20312152286893104, 'hidden_size': 19, 'dropout': 0.22650728607862125, 'hidden_continuous_size': 10, 'attention_head_size': 2, 'learning_rate': 0.0008090983940475719}. Best is trial 7 with value: 326.6236877441406.
LOCAL_RANK: 0 - CUDA_VISIBLE_DEVICES: [0]
[I 2023-12-15 13:48:01,099] Trial 17 finished with value: 588.201416015625 and parameters: {'gradient_clip_val': 0.41698237745481403, 'hidden_size': 86, 'dropout': 0.29538073360389433, 'hidden_continuous_size': 38, 'attention_head_size': 1, 'learning_rate': 0.005787128702204735}. Best is trial 7 with value: 326.6236877441406.
LOCAL_RANK: 0 - CUDA_VISIBLE_DEVICES: [0]
[I 2023-12-15 13:48:46,188] Trial 18 finished with value: 372.4688415527344 and parameters: {'gradient_clip_val': 0.35301236904314315, 'hidden_size': 13, 'dropout': 0.2392044269158249, 'hidden_continuous_size': 5, 'attention_head_size': 2, 'learning_rate': 0.001289654818157552}. Best is trial 7 with value: 326.6236877441406.
LOCAL_RANK: 0 - CUDA_VISIBLE_DEVICES: [0]
[I 2023-12-15 13:49:31,575] Trial 19 finished with value: 321.7291564941406 and parameters: {'gradient_clip_val': 0.12903992595119143, 'hidden_size': 20, 'dropout': 0.16708248763609973, 'hidden_continuous_size': 6, 'attention_head_size': 1, 'learning_rate': 0.0030590131927828563}. Best is trial 19 with value: 321.7291564941406.
LOCAL_RANK: 0 - CUDA_VISIBLE_DEVICES: [0]
[I 2023-12-15 13:50:19,123] Trial 20 finished with value: 456.6133728027344 and parameters: {'gradient_clip_val': 0.1309405642905728, 'hidden_size': 23, 'dropout': 0.16140081750739388, 'hidden_continuous_size': 8, 'attention_head_size': 1, 'learning_rate': 0.0032853412028788684}. Best is trial 19 with value: 321.7291564941406.
LOCAL_RANK: 0 - CUDA_VISIBLE_DEVICES: [0]
[I 2023-12-15 13:51:04,898] Trial 21 finished with value: 396.9434509277344 and parameters: {'gradient_clip_val': 0.13501187852943267, 'hidden_size': 18, 'dropout': 0.11197347989136916, 'hidden_continuous_size': 6, 'attention_head_size': 1, 'learning_rate': 0.00234770393943247}. Best is trial 19 with value: 321.7291564941406.
LOCAL_RANK: 0 - CUDA_VISIBLE_DEVICES: [0]
[I 2023-12-15 13:51:49,757] Trial 22 finished with value: 418.8162536621094 and parameters: {'gradient_clip_val': 0.11358345372756241, 'hidden_size': 11, 'dropout': 0.14032361783903657, 'hidden_continuous_size': 5, 'attention_head_size': 2, 'learning_rate': 0.004706559610263972}. Best is trial 19 with value: 321.7291564941406.
LOCAL_RANK: 0 - CUDA_VISIBLE_DEVICES: [0]
[I 2023-12-15 13:52:35,200] Trial 23 finished with value: 450.8697204589844 and parameters: {'gradient_clip_val': 0.1529148737409726, 'hidden_size': 17, 'dropout': 0.15841986746579337, 'hidden_continuous_size': 6, 'attention_head_size': 1, 'learning_rate': 0.010198547961571545}. Best is trial 19 with value: 321.7291564941406.
LOCAL_RANK: 0 - CUDA_VISIBLE_DEVICES: [0]
[I 2023-12-15 13:53:22,697] Trial 24 finished with value: 511.95361328125 and parameters: {'gradient_clip_val': 0.1040307270940129, 'hidden_size': 23, 'dropout': 0.129168405819711, 'hidden_continuous_size': 7, 'attention_head_size': 2, 'learning_rate': 0.007619680714716589}. Best is trial 19 with value: 321.7291564941406.
LOCAL_RANK: 0 - CUDA_VISIBLE_DEVICES: [0]
[I 2023-12-15 13:54:06,842] Trial 25 finished with value: 369.4552001953125 and parameters: {'gradient_clip_val': 0.1804130173381909, 'hidden_size': 12, 'dropout': 0.10850953009662243, 'hidden_continuous_size': 5, 'attention_head_size': 3, 'learning_rate': 0.001465891392558563}. Best is trial 19 with value: 321.7291564941406.
LOCAL_RANK: 0 - CUDA_VISIBLE_DEVICES: [0]
[I 2023-12-15 13:54:50,353] Trial 26 finished with value: 371.2466735839844 and parameters: {'gradient_clip_val': 0.24026051900111903, 'hidden_size': 16, 'dropout': 0.18338076802278264, 'hidden_continuous_size': 6, 'attention_head_size': 1, 'learning_rate': 0.0008185529494830874}. Best is trial 19 with value: 321.7291564941406.
LOCAL_RANK: 0 - CUDA_VISIBLE_DEVICES: [0]
[I 2023-12-15 13:55:35,926] Trial 27 finished with value: 321.505615234375 and parameters: {'gradient_clip_val': 0.13755253229349115, 'hidden_size': 9, 'dropout': 0.14310158057895053, 'hidden_continuous_size': 5, 'attention_head_size': 4, 'learning_rate': 0.0030225890522447675}. Best is trial 27 with value: 321.505615234375.
LOCAL_RANK: 0 - CUDA_VISIBLE_DEVICES: [0]
[I 2023-12-15 13:56:20,088] Trial 28 finished with value: 354.665283203125 and parameters: {'gradient_clip_val': 0.1267978339432013, 'hidden_size': 8, 'dropout': 0.22076848399959034, 'hidden_continuous_size': 5, 'attention_head_size': 4, 'learning_rate': 0.003159189939421813}. Best is trial 27 with value: 321.505615234375.
LOCAL_RANK: 0 - CUDA_VISIBLE_DEVICES: [0]
