[I 2023-12-16 00:37:09,532] Trial 36 finished with value: 10.765276908874512 and parameters: {'gradient_clip_val': 0.10155364539777532, 'hidden_size': 27, 'dropout': 0.1580156596301216, 'hidden_continuous_size': 11, 'attention_head_size': 4, 'learning_rate': 0.04963225040760124}. Best is trial 17 with value: 5.710169315338135.
LOCAL_RANK: 0 - CUDA_VISIBLE_DEVICES: [0]
[I 2023-12-16 00:37:57,629] Trial 37 finished with value: 10.80325984954834 and parameters: {'gradient_clip_val': 0.17310798714038667, 'hidden_size': 28, 'dropout': 0.17672334222530037, 'hidden_continuous_size': 11, 'attention_head_size': 1, 'learning_rate': 0.05292704192787667}. Best is trial 17 with value: 5.710169315338135.
LOCAL_RANK: 0 - CUDA_VISIBLE_DEVICES: [0]
[I 2023-12-16 00:38:46,366] Trial 38 finished with value: 40.55692672729492 and parameters: {'gradient_clip_val': 0.20303305105769737, 'hidden_size': 25, 'dropout': 0.17846076890648088, 'hidden_continuous_size': 11, 'attention_head_size': 1, 'learning_rate': 0.03462933501163605}. Best is trial 17 with value: 5.710169315338135.
LOCAL_RANK: 0 - CUDA_VISIBLE_DEVICES: [0]
[I 2023-12-16 00:39:33,646] Trial 39 finished with value: 20.171171188354492 and parameters: {'gradient_clip_val': 0.16799197819641343, 'hidden_size': 20, 'dropout': 0.15762412946885837, 'hidden_continuous_size': 11, 'attention_head_size': 1, 'learning_rate': 0.04865929975612071}. Best is trial 17 with value: 5.710169315338135.
LOCAL_RANK: 0 - CUDA_VISIBLE_DEVICES: [0]
[I 2023-12-16 00:40:22,658] Trial 40 finished with value: 17.954343795776367 and parameters: {'gradient_clip_val': 0.11097290384129238, 'hidden_size': 29, 'dropout': 0.19290746178475648, 'hidden_continuous_size': 13, 'attention_head_size': 1, 'learning_rate': 0.026478420532877116}. Best is trial 17 with value: 5.710169315338135.
LOCAL_RANK: 0 - CUDA_VISIBLE_DEVICES: [0]
[I 2023-12-16 00:41:10,145] Trial 41 finished with value: 10.627911567687988 and parameters: {'gradient_clip_val': 0.14234290275205558, 'hidden_size': 24, 'dropout': 0.1638004321613196, 'hidden_continuous_size': 10, 'attention_head_size': 1, 'learning_rate': 0.05170736069325888}. Best is trial 17 with value: 5.710169315338135.
LOCAL_RANK: 0 - CUDA_VISIBLE_DEVICES: [0]
[I 2023-12-16 00:41:57,515] Trial 42 finished with value: 14.606511116027832 and parameters: {'gradient_clip_val': 0.14754814182667478, 'hidden_size': 24, 'dropout': 0.161455161156861, 'hidden_continuous_size': 10, 'attention_head_size': 1, 'learning_rate': 0.05423231523860953}. Best is trial 17 with value: 5.710169315338135.
LOCAL_RANK: 0 - CUDA_VISIBLE_DEVICES: [0]
[I 2023-12-16 00:42:47,354] Trial 43 finished with value: 20.220046997070312 and parameters: {'gradient_clip_val': 0.11349881092765267, 'hidden_size': 34, 'dropout': 0.14308423693355155, 'hidden_continuous_size': 11, 'attention_head_size': 1, 'learning_rate': 0.0399562239589248}. Best is trial 17 with value: 5.710169315338135.
LOCAL_RANK: 0 - CUDA_VISIBLE_DEVICES: [0]
[I 2023-12-16 00:43:36,152] Trial 44 finished with value: 28.741968154907227 and parameters: {'gradient_clip_val': 0.11176619232036145, 'hidden_size': 21, 'dropout': 0.13161082281265804, 'hidden_continuous_size': 10, 'attention_head_size': 1, 'learning_rate': 0.03210367853813218}. Best is trial 17 with value: 5.710169315338135.
LOCAL_RANK: 0 - CUDA_VISIBLE_DEVICES: [0]
[I 2023-12-16 00:44:25,502] Trial 45 finished with value: 23.418792724609375 and parameters: {'gradient_clip_val': 0.23075400982040795, 'hidden_size': 30, 'dropout': 0.1762817072997906, 'hidden_continuous_size': 13, 'attention_head_size': 1, 'learning_rate': 0.07240818397280034}. Best is trial 17 with value: 5.710169315338135.
LOCAL_RANK: 0 - CUDA_VISIBLE_DEVICES: [0]
[I 2023-12-16 00:45:14,435] Trial 46 finished with value: 12.081048011779785 and parameters: {'gradient_clip_val': 0.13938366142717334, 'hidden_size': 25, 'dropout': 0.15928053541075174, 'hidden_continuous_size': 9, 'attention_head_size': 1, 'learning_rate': 0.04785656494480266}. Best is trial 17 with value: 5.710169315338135.
LOCAL_RANK: 0 - CUDA_VISIBLE_DEVICES: [0]
[I 2023-12-16 00:46:05,232] Trial 47 finished with value: 26.65851593017578 and parameters: {'gradient_clip_val': 0.10914302168726771, 'hidden_size': 33, 'dropout': 0.19171980941902983, 'hidden_continuous_size': 15, 'attention_head_size': 2, 'learning_rate': 0.07549459168335314}. Best is trial 17 with value: 5.710169315338135.
LOCAL_RANK: 0 - CUDA_VISIBLE_DEVICES: [0]
[I 2023-12-16 00:46:55,302] Trial 48 finished with value: 15.849124908447266 and parameters: {'gradient_clip_val': 0.1004975916876383, 'hidden_size': 23, 'dropout': 0.1507728756561672, 'hidden_continuous_size': 12, 'attention_head_size': 4, 'learning_rate': 0.05381175564467113}. Best is trial 17 with value: 5.710169315338135.
LOCAL_RANK: 0 - CUDA_VISIBLE_DEVICES: [0]
[I 2023-12-16 00:47:42,772] Trial 49 finished with value: 19.911033630371094 and parameters: {'gradient_clip_val': 0.1248253382207177, 'hidden_size': 14, 'dropout': 0.1284693203676256, 'hidden_continuous_size': 9, 'attention_head_size': 1, 'learning_rate': 0.03497992358680015}. Best is trial 17 with value: 5.710169315338135.
[I 2023-12-16 00:47:42,869] A new study created in memory with name: no-name-5ba042cd-1f63-45fd-8353-58d3206da8fa
/home/le004/conda/anaconda3/envs/tsff_env/lib/python3.9/site-packages/lightning/fabric/plugins/environments/slurm.py:191: The `srun` command is available on your system but is not used. HINT: If your intention is to run Lightning on SLURM, prepend your python command with `srun` like so: srun python /home/le004/master_thesis/git/TSFusionForecast/code/ ...
LOCAL_RANK: 0 - CUDA_VISIBLE_DEVICES: [0]
[I 2023-12-16 00:48:34,680] Trial 0 finished with value: 14.402549743652344 and parameters: {'gradient_clip_val': 0.6798521242576382, 'hidden_size': 39, 'dropout': 0.258279492438964, 'hidden_continuous_size': 9, 'attention_head_size': 4, 'learning_rate': 0.0038683621325181065}. Best is trial 0 with value: 14.402549743652344.
LOCAL_RANK: 0 - CUDA_VISIBLE_DEVICES: [0]
[I 2023-12-16 00:49:27,391] Trial 1 finished with value: 16.446054458618164 and parameters: {'gradient_clip_val': 0.26744200704541143, 'hidden_size': 27, 'dropout': 0.3455543535593917, 'hidden_continuous_size': 25, 'attention_head_size': 4, 'learning_rate': 0.0027327341135667477}. Best is trial 0 with value: 14.402549743652344.
LOCAL_RANK: 0 - CUDA_VISIBLE_DEVICES: [0]
[I 2023-12-16 00:50:21,060] Trial 2 finished with value: 13.761283874511719 and parameters: {'gradient_clip_val': 0.10102194220267101, 'hidden_size': 41, 'dropout': 0.3543290979082864, 'hidden_continuous_size': 37, 'attention_head_size': 2, 'learning_rate': 0.008981180229730535}. Best is trial 2 with value: 13.761283874511719.
LOCAL_RANK: 0 - CUDA_VISIBLE_DEVICES: [0]
[I 2023-12-16 00:51:09,710] Trial 3 finished with value: 10.869182586669922 and parameters: {'gradient_clip_val': 0.10249838147997818, 'hidden_size': 30, 'dropout': 0.266515482321665, 'hidden_continuous_size': 5, 'attention_head_size': 1, 'learning_rate': 0.0008526264725678437}. Best is trial 3 with value: 10.869182586669922.
LOCAL_RANK: 0 - CUDA_VISIBLE_DEVICES: [0]
[I 2023-12-16 00:51:46,265] Trial 4 finished with value: 16.989126205444336 and parameters: {'gradient_clip_val': 0.3434137920487829, 'hidden_size': 9, 'dropout': 0.10613856464441361, 'hidden_continuous_size': 9, 'attention_head_size': 2, 'learning_rate': 0.030798331582768106}. Best is trial 3 with value: 10.869182586669922.
LOCAL_RANK: 0 - CUDA_VISIBLE_DEVICES: [0]
[I 2023-12-16 00:52:33,244] Trial 5 finished with value: 12.644671440124512 and parameters: {'gradient_clip_val': 0.16250149804395186, 'hidden_size': 13, 'dropout': 0.3559809045569817, 'hidden_continuous_size': 11, 'attention_head_size': 3, 'learning_rate': 0.025257556276973472}. Best is trial 3 with value: 10.869182586669922.
LOCAL_RANK: 0 - CUDA_VISIBLE_DEVICES: [0]
[I 2023-12-16 00:53:19,525] Trial 6 finished with value: 13.842964172363281 and parameters: {'gradient_clip_val': 0.9103959913016708, 'hidden_size': 10, 'dropout': 0.20143803294414758, 'hidden_continuous_size': 5, 'attention_head_size': 3, 'learning_rate': 0.023162030084630796}. Best is trial 3 with value: 10.869182586669922.
LOCAL_RANK: 0 - CUDA_VISIBLE_DEVICES: [0]
[I 2023-12-16 00:54:09,148] Trial 7 finished with value: 16.353227615356445 and parameters: {'gradient_clip_val': 0.3178611017550309, 'hidden_size': 23, 'dropout': 0.17523423095031454, 'hidden_continuous_size': 16, 'attention_head_size': 3, 'learning_rate': 0.0005526896750628892}. Best is trial 3 with value: 10.869182586669922.
LOCAL_RANK: 0 - CUDA_VISIBLE_DEVICES: [0]
[I 2023-12-16 00:54:56,801] Trial 8 finished with value: 8.516316413879395 and parameters: {'gradient_clip_val': 0.4006738630056523, 'hidden_size': 17, 'dropout': 0.26134083379542156, 'hidden_continuous_size': 8, 'attention_head_size': 2, 'learning_rate': 0.000806717005946335}. Best is trial 8 with value: 8.516316413879395.
LOCAL_RANK: 0 - CUDA_VISIBLE_DEVICES: [0]
[I 2023-12-16 00:55:47,152] Trial 9 finished with value: 13.476140022277832 and parameters: {'gradient_clip_val': 0.3038093351284187, 'hidden_size': 27, 'dropout': 0.11535415181012425, 'hidden_continuous_size': 18, 'attention_head_size': 4, 'learning_rate': 0.007615289185751811}. Best is trial 8 with value: 8.516316413879395.
LOCAL_RANK: 0 - CUDA_VISIBLE_DEVICES: [0]
[I 2023-12-16 00:56:23,405] Trial 10 finished with value: 14.770283699035645 and parameters: {'gradient_clip_val': 0.5292340517640814, 'hidden_size': 5, 'dropout': 0.2937525483018913, 'hidden_continuous_size': 5, 'attention_head_size': 1, 'learning_rate': 0.08441564525040736}. Best is trial 8 with value: 8.516316413879395.
LOCAL_RANK: 0 - CUDA_VISIBLE_DEVICES: [0]
[I 2023-12-16 00:57:19,812] Trial 11 finished with value: 14.626507759094238 and parameters: {'gradient_clip_val': 0.1077873452584444, 'hidden_size': 79, 'dropout': 0.2706907778367421, 'hidden_continuous_size': 68, 'attention_head_size': 1, 'learning_rate': 0.0005038455284039955}. Best is trial 8 with value: 8.516316413879395.
LOCAL_RANK: 0 - CUDA_VISIBLE_DEVICES: [0]
[I 2023-12-16 00:58:04,743] Trial 12 finished with value: 12.431713104248047 and parameters: {'gradient_clip_val': 0.18320462384690098, 'hidden_size': 16, 'dropout': 0.2941202620741186, 'hidden_continuous_size': 6, 'attention_head_size': 1, 'learning_rate': 0.0012069040359056944}. Best is trial 8 with value: 8.516316413879395.
LOCAL_RANK: 0 - CUDA_VISIBLE_DEVICES: [0]
[I 2023-12-16 00:58:52,084] Trial 13 finished with value: 11.995686531066895 and parameters: {'gradient_clip_val': 0.5209771029124326, 'hidden_size': 17, 'dropout': 0.21585483808592396, 'hidden_continuous_size': 6, 'attention_head_size': 2, 'learning_rate': 0.0011370773428651586}. Best is trial 8 with value: 8.516316413879395.
LOCAL_RANK: 0 - CUDA_VISIBLE_DEVICES: [0]
[I 2023-12-16 00:59:43,026] Trial 14 finished with value: 14.91589641571045 and parameters: {'gradient_clip_val': 0.19873763197155248, 'hidden_size': 48, 'dropout': 0.305542464087001, 'hidden_continuous_size': 7, 'attention_head_size': 1, 'learning_rate': 0.0013311216858825192}. Best is trial 8 with value: 8.516316413879395.
LOCAL_RANK: 0 - CUDA_VISIBLE_DEVICES: [0]
[I 2023-12-16 01:00:37,763] Trial 15 finished with value: 15.556065559387207 and parameters: {'gradient_clip_val': 0.13471332470496197, 'hidden_size': 94, 'dropout': 0.250119953630905, 'hidden_continuous_size': 12, 'attention_head_size': 2, 'learning_rate': 0.002563982774864503}. Best is trial 8 with value: 8.516316413879395.
LOCAL_RANK: 0 - CUDA_VISIBLE_DEVICES: [0]
[I 2023-12-16 01:01:24,516] Trial 16 finished with value: 15.709639549255371 and parameters: {'gradient_clip_val': 0.22478699527828996, 'hidden_size': 20, 'dropout': 0.3807590512993209, 'hidden_continuous_size': 7, 'attention_head_size': 1, 'learning_rate': 0.0008437279177300539}. Best is trial 8 with value: 8.516316413879395.
LOCAL_RANK: 0 - CUDA_VISIBLE_DEVICES: [0]
[I 2023-12-16 01:02:13,780] Trial 17 finished with value: 12.926582336425781 and parameters: {'gradient_clip_val': 0.3684266281669021, 'hidden_size': 30, 'dropout': 0.23391869863494097, 'hidden_continuous_size': 5, 'attention_head_size': 2, 'learning_rate': 0.0021668013119060777}. Best is trial 8 with value: 8.516316413879395.
LOCAL_RANK: 0 - CUDA_VISIBLE_DEVICES: [0]
[I 2023-12-16 01:03:06,205] Trial 18 finished with value: 13.38864517211914 and parameters: {'gradient_clip_val': 0.24151098377575714, 'hidden_size': 56, 'dropout': 0.3146925333556531, 'hidden_continuous_size': 8, 'attention_head_size': 1, 'learning_rate': 0.0007719245522321788}. Best is trial 8 with value: 8.516316413879395.
LOCAL_RANK: 0 - CUDA_VISIBLE_DEVICES: [0]
[I 2023-12-16 01:03:55,915] Trial 19 finished with value: 10.314098358154297 and parameters: {'gradient_clip_val': 0.1466979002666781, 'hidden_size': 33, 'dropout': 0.2704614668035515, 'hidden_continuous_size': 6, 'attention_head_size': 2, 'learning_rate': 0.0016389399121034857}. Best is trial 8 with value: 8.516316413879395.
LOCAL_RANK: 0 - CUDA_VISIBLE_DEVICES: [0]
[I 2023-12-16 01:04:48,911] Trial 20 finished with value: 12.397964477539062 and parameters: {'gradient_clip_val': 0.14271319122298223, 'hidden_size': 60, 'dropout': 0.23079260878744726, 'hidden_continuous_size': 11, 'attention_head_size': 3, 'learning_rate': 0.0017251813976824815}. Best is trial 8 with value: 8.516316413879395.
LOCAL_RANK: 0 - CUDA_VISIBLE_DEVICES: [0]
[I 2023-12-16 01:05:38,031] Trial 21 finished with value: 9.326441764831543 and parameters: {'gradient_clip_val': 0.13533970015745747, 'hidden_size': 32, 'dropout': 0.2759198985144567, 'hidden_continuous_size': 6, 'attention_head_size': 2, 'learning_rate': 0.0007154850701075994}. Best is trial 8 with value: 8.516316413879395.
LOCAL_RANK: 0 - CUDA_VISIBLE_DEVICES: [0]
[I 2023-12-16 01:06:27,795] Trial 22 finished with value: 15.00571060180664 and parameters: {'gradient_clip_val': 0.1298774650859964, 'hidden_size': 35, 'dropout': 0.27204804655141634, 'hidden_continuous_size': 6, 'attention_head_size': 2, 'learning_rate': 0.0005398216104907564}. Best is trial 8 with value: 8.516316413879395.
LOCAL_RANK: 0 - CUDA_VISIBLE_DEVICES: [0]
[I 2023-12-16 01:07:16,676] Trial 23 finished with value: 8.1913480758667 and parameters: {'gradient_clip_val': 0.17179132090378055, 'hidden_size': 22, 'dropout': 0.31353005352121055, 'hidden_continuous_size': 7, 'attention_head_size': 2, 'learning_rate': 0.0015362633578433682}. Best is trial 23 with value: 8.1913480758667.
LOCAL_RANK: 0 - CUDA_VISIBLE_DEVICES: [0]
[I 2023-12-16 01:08:05,288] Trial 24 finished with value: 10.25202751159668 and parameters: {'gradient_clip_val': 0.18862416774046292, 'hidden_size': 21, 'dropout': 0.33325552019195004, 'hidden_continuous_size': 7, 'attention_head_size': 2, 'learning_rate': 0.0009316219215120068}. Best is trial 23 with value: 8.1913480758667.
LOCAL_RANK: 0 - CUDA_VISIBLE_DEVICES: [0]
[I 2023-12-16 01:08:53,679] Trial 25 finished with value: 18.920061111450195 and parameters: {'gradient_clip_val': 0.16736440581127904, 'hidden_size': 24, 'dropout': 0.30866394394649094, 'hidden_continuous_size': 8, 'attention_head_size': 3, 'learning_rate': 0.0037742453968867833}. Best is trial 23 with value: 8.1913480758667.
LOCAL_RANK: 0 - CUDA_VISIBLE_DEVICES: [0]
[I 2023-12-16 01:09:41,276] Trial 26 finished with value: 15.080089569091797 and parameters: {'gradient_clip_val': 0.399084260580538, 'hidden_size': 18, 'dropout': 0.3938036535512897, 'hidden_continuous_size': 8, 'attention_head_size': 2, 'learning_rate': 0.00133620807101202}. Best is trial 23 with value: 8.1913480758667.
LOCAL_RANK: 0 - CUDA_VISIBLE_DEVICES: [0]
[I 2023-12-16 01:10:27,653] Trial 27 finished with value: 8.246504783630371 and parameters: {'gradient_clip_val': 0.21974060064035145, 'hidden_size': 13, 'dropout': 0.3300786506869708, 'hidden_continuous_size': 7, 'attention_head_size': 3, 'learning_rate': 0.0007669089754393707}. Best is trial 23 with value: 8.1913480758667.
LOCAL_RANK: 0 - CUDA_VISIBLE_DEVICES: [0]
[I 2023-12-16 01:11:14,514] Trial 28 finished with value: 8.117622375488281 and parameters: {'gradient_clip_val': 0.2185220174056368, 'hidden_size': 15, 'dropout': 0.3264346836839516, 'hidden_continuous_size': 7, 'attention_head_size': 3, 'learning_rate': 0.0010539010770768747}. Best is trial 28 with value: 8.117622375488281.
LOCAL_RANK: 0 - CUDA_VISIBLE_DEVICES: [0]
[I 2023-12-16 01:12:00,485] Trial 29 finished with value: 11.501021385192871 and parameters: {'gradient_clip_val': 0.2190245169045343, 'hidden_size': 12, 'dropout': 0.33011633209218516, 'hidden_continuous_size': 7, 'attention_head_size': 4, 'learning_rate': 0.0047799491187964045}. Best is trial 28 with value: 8.117622375488281.
LOCAL_RANK: 0 - CUDA_VISIBLE_DEVICES: [0]
[I 2023-12-16 01:12:47,833] Trial 30 finished with value: 12.441729545593262 and parameters: {'gradient_clip_val': 0.2579460514064351, 'hidden_size': 14, 'dropout': 0.372436559249838, 'hidden_continuous_size': 7, 'attention_head_size': 3, 'learning_rate': 0.0018222790111487586}. Best is trial 28 with value: 8.117622375488281.
LOCAL_RANK: 0 - CUDA_VISIBLE_DEVICES: [0]
[I 2023-12-16 01:13:34,098] Trial 31 finished with value: 13.697822570800781 and parameters: {'gradient_clip_val': 0.21195882928028917, 'hidden_size': 16, 'dropout': 0.3280704230107638, 'hidden_continuous_size': 8, 'attention_head_size': 3, 'learning_rate': 0.0010978797629151626}. Best is trial 28 with value: 8.117622375488281.
LOCAL_RANK: 0 - CUDA_VISIBLE_DEVICES: [0]
[I 2023-12-16 01:14:23,474] Trial 32 finished with value: 7.26885986328125 and parameters: {'gradient_clip_val': 0.26334425863919997, 'hidden_size': 22, 'dropout': 0.3475602407942879, 'hidden_continuous_size': 9, 'attention_head_size': 3, 'learning_rate': 0.0007331043598138705}. Best is trial 32 with value: 7.26885986328125.
LOCAL_RANK: 0 - CUDA_VISIBLE_DEVICES: [0]
[I 2023-12-16 01:15:12,302] Trial 33 finished with value: 7.75654935836792 and parameters: {'gradient_clip_val': 0.2771406183553956, 'hidden_size': 24, 'dropout': 0.3464362533647046, 'hidden_continuous_size': 9, 'attention_head_size': 4, 'learning_rate': 0.0006736029310507552}. Best is trial 32 with value: 7.26885986328125.
LOCAL_RANK: 0 - CUDA_VISIBLE_DEVICES: [0]
[I 2023-12-16 01:16:02,116] Trial 34 finished with value: 18.841611862182617 and parameters: {'gradient_clip_val': 0.26565176887891667, 'hidden_size': 22, 'dropout': 0.3565861672894939, 'hidden_continuous_size': 9, 'attention_head_size': 4, 'learning_rate': 0.0024395400466041104}. Best is trial 32 with value: 7.26885986328125.
LOCAL_RANK: 0 - CUDA_VISIBLE_DEVICES: [0]
[I 2023-12-16 01:16:52,934] Trial 35 finished with value: 16.62249755859375 and parameters: {'gradient_clip_val': 0.3007650395427279, 'hidden_size': 26, 'dropout': 0.36747242190602714, 'hidden_continuous_size': 10, 'attention_head_size': 4, 'learning_rate': 0.001501558384800789}. Best is trial 32 with value: 7.26885986328125.
LOCAL_RANK: 0 - CUDA_VISIBLE_DEVICES: [0]
[I 2023-12-16 01:17:45,813] Trial 36 finished with value: 15.529828071594238 and parameters: {'gradient_clip_val': 0.25276232952786826, 'hidden_size': 41, 'dropout': 0.3455878201360016, 'hidden_continuous_size': 10, 'attention_head_size': 4, 'learning_rate': 0.0006063195106424987}. Best is trial 32 with value: 7.26885986328125.
LOCAL_RANK: 0 - CUDA_VISIBLE_DEVICES: [0]
[I 2023-12-16 01:18:36,397] Trial 37 finished with value: 11.420063972473145 and parameters: {'gradient_clip_val': 0.2928503292194622, 'hidden_size': 27, 'dropout': 0.3961303897648964, 'hidden_continuous_size': 9, 'attention_head_size': 4, 'learning_rate': 0.0010053350186024963}. Best is trial 32 with value: 7.26885986328125.
LOCAL_RANK: 0 - CUDA_VISIBLE_DEVICES: [0]
[I 2023-12-16 01:19:24,597] Trial 38 finished with value: 11.938812255859375 and parameters: {'gradient_clip_val': 0.17190080110370937, 'hidden_size': 20, 'dropout': 0.3446773710902346, 'hidden_continuous_size': 9, 'attention_head_size': 3, 'learning_rate': 0.0006656153286517034}. Best is trial 32 with value: 7.26885986328125.
LOCAL_RANK: 0 - CUDA_VISIBLE_DEVICES: [0]
[I 2023-12-16 01:20:14,238] Trial 39 finished with value: 9.54468059539795 and parameters: {'gradient_clip_val': 0.1986467360922625, 'hidden_size': 23, 'dropout': 0.3578239860486835, 'hidden_continuous_size': 10, 'attention_head_size': 3, 'learning_rate': 0.003268563897136383}. Best is trial 32 with value: 7.26885986328125.
LOCAL_RANK: 0 - CUDA_VISIBLE_DEVICES: [0]
[I 2023-12-16 01:21:04,500] Trial 40 finished with value: 13.593449592590332 and parameters: {'gradient_clip_val': 0.271028646004191, 'hidden_size': 36, 'dropout': 0.38029007958712097, 'hidden_continuous_size': 12, 'attention_head_size': 4, 'learning_rate': 0.001981685452191731}. Best is trial 32 with value: 7.26885986328125.
LOCAL_RANK: 0 - CUDA_VISIBLE_DEVICES: [0]
[I 2023-12-16 01:21:51,962] Trial 41 finished with value: 11.934239387512207 and parameters: {'gradient_clip_val': 0.22920612445497612, 'hidden_size': 14, 'dropout': 0.32019090502312547, 'hidden_continuous_size': 7, 'attention_head_size': 3, 'learning_rate': 0.0006774426263214968}. Best is trial 32 with value: 7.26885986328125.
LOCAL_RANK: 0 - CUDA_VISIBLE_DEVICES: [0]
[I 2023-12-16 01:22:37,090] Trial 42 finished with value: 8.917847633361816 and parameters: {'gradient_clip_val': 0.21040988499476826, 'hidden_size': 12, 'dropout': 0.34263163808219144, 'hidden_continuous_size': 7, 'attention_head_size': 3, 'learning_rate': 0.0009657723772938015}. Best is trial 32 with value: 7.26885986328125.
LOCAL_RANK: 0 - CUDA_VISIBLE_DEVICES: [0]
[I 2023-12-16 01:23:23,653] Trial 43 finished with value: 11.212811470031738 and parameters: {'gradient_clip_val': 0.32770071044052274, 'hidden_size': 10, 'dropout': 0.3318706919086527, 'hidden_continuous_size': 6, 'attention_head_size': 3, 'learning_rate': 0.0008344714272298401}. Best is trial 32 with value: 7.26885986328125.
LOCAL_RANK: 0 - CUDA_VISIBLE_DEVICES: [0]
