[I 2023-12-26 17:29:29,070] Trial 46 finished with value: 1360.2489013671875 and parameters: {'gradient_clip_val': 0.2573349503026801, 'hidden_size': 49, 'dropout': 0.2786508223703802, 'hidden_continuous_size': 11, 'attention_head_size': 4, 'learning_rate': 0.0307855363357002}. Best is trial 0 with value: 162.32769775390625.
[I 2023-12-26 17:29:37,228] Trial 47 finished with value: 1245.3016357421875 and parameters: {'gradient_clip_val': 0.1680814035645067, 'hidden_size': 128, 'dropout': 0.2540632562891536, 'hidden_continuous_size': 18, 'attention_head_size': 3, 'learning_rate': 0.043892189049219356}. Best is trial 0 with value: 162.32769775390625.
[I 2023-12-26 17:29:42,207] Trial 48 finished with value: 1331.6368408203125 and parameters: {'gradient_clip_val': 0.22463543206122263, 'hidden_size': 78, 'dropout': 0.22978860537216317, 'hidden_continuous_size': 14, 'attention_head_size': 4, 'learning_rate': 0.07857088613262435}. Best is trial 0 with value: 162.32769775390625.
[I 2023-12-26 17:29:51,694] Trial 49 finished with value: 949.5646362304688 and parameters: {'gradient_clip_val': 0.2690072326423765, 'hidden_size': 148, 'dropout': 0.307472354002342, 'hidden_continuous_size': 26, 'attention_head_size': 3, 'learning_rate': 0.02607098948537232}. Best is trial 0 with value: 162.32769775390625.
[I 2023-12-26 17:29:51,810] A new study created in memory with name: no-name-228a5716-1fe1-40db-b503-644cbe60e031
/home/le004/conda/anaconda3/envs/tsff_env/lib/python3.9/site-packages/lightning/fabric/plugins/environments/slurm.py:191: The `srun` command is available on your system but is not used. HINT: If your intention is to run Lightning on SLURM, prepend your python command with `srun` like so: srun python /home/le004/master_thesis/git/TSFusionForecast/code/ ...
[I 2023-12-26 17:33:55,701] Trial 0 finished with value: 0.03886016458272934 and parameters: {'gradient_clip_val': 0.2823612288685664, 'hidden_size': 5, 'dropout': 0.3894711794304676, 'hidden_continuous_size': 5, 'attention_head_size': 1, 'learning_rate': 0.08184794301831678}. Best is trial 0 with value: 0.03886016458272934.
[I 2023-12-26 17:38:58,236] Trial 1 finished with value: 0.07543344795703888 and parameters: {'gradient_clip_val': 0.2698867421321997, 'hidden_size': 86, 'dropout': 0.4956521823510197, 'hidden_continuous_size': 23, 'attention_head_size': 2, 'learning_rate': 0.0246243621375992}. Best is trial 0 with value: 0.03886016458272934.
[I 2023-12-26 17:39:08,823] Trial 2 finished with value: 3.148261070251465 and parameters: {'gradient_clip_val': 0.10197610664595479, 'hidden_size': 149, 'dropout': 0.47560813443784944, 'hidden_continuous_size': 27, 'attention_head_size': 4, 'learning_rate': 0.04021355280925827}. Best is trial 0 with value: 0.03886016458272934.
[I 2023-12-26 17:39:11,136] Trial 3 finished with value: 3.630110740661621 and parameters: {'gradient_clip_val': 0.3087125197138173, 'hidden_size': 10, 'dropout': 0.269389921879725, 'hidden_continuous_size': 10, 'attention_head_size': 4, 'learning_rate': 0.0852177789690506}. Best is trial 0 with value: 0.03886016458272934.
[I 2023-12-26 17:39:16,116] Trial 4 finished with value: 3.2478201389312744 and parameters: {'gradient_clip_val': 0.27584351487198644, 'hidden_size': 68, 'dropout': 0.411058852156851, 'hidden_continuous_size': 5, 'attention_head_size': 2, 'learning_rate': 0.051524971435747156}. Best is trial 0 with value: 0.03886016458272934.
[I 2023-12-26 17:39:20,528] Trial 5 finished with value: 2.804166793823242 and parameters: {'gradient_clip_val': 0.43785644196328305, 'hidden_size': 52, 'dropout': 0.12455409053444333, 'hidden_continuous_size': 9, 'attention_head_size': 3, 'learning_rate': 0.04596057458372616}. Best is trial 0 with value: 0.03886016458272934.
[I 2023-12-26 17:39:28,293] Trial 6 finished with value: 3.4435837268829346 and parameters: {'gradient_clip_val': 0.6756314074609259, 'hidden_size': 91, 'dropout': 0.22445144059132965, 'hidden_continuous_size': 15, 'attention_head_size': 4, 'learning_rate': 0.07236500188202355}. Best is trial 0 with value: 0.03886016458272934.
[I 2023-12-26 17:39:32,626] Trial 7 finished with value: 3.5001142024993896 and parameters: {'gradient_clip_val': 0.3485781121518643, 'hidden_size': 57, 'dropout': 0.438719682383391, 'hidden_continuous_size': 32, 'attention_head_size': 3, 'learning_rate': 0.009474198632008027}. Best is trial 0 with value: 0.03886016458272934.
[I 2023-12-26 17:39:38,567] Trial 8 finished with value: 3.3869123458862305 and parameters: {'gradient_clip_val': 0.38017745134014547, 'hidden_size': 75, 'dropout': 0.4729270492379676, 'hidden_continuous_size': 18, 'attention_head_size': 3, 'learning_rate': 0.003042289479559571}. Best is trial 0 with value: 0.03886016458272934.
[I 2023-12-26 17:39:41,066] Trial 9 finished with value: 3.2025320529937744 and parameters: {'gradient_clip_val': 0.1674888326964947, 'hidden_size': 17, 'dropout': 0.35831910020903335, 'hidden_continuous_size': 11, 'attention_head_size': 4, 'learning_rate': 0.00685942783104599}. Best is trial 0 with value: 0.03886016458272934.
[I 2023-12-26 17:39:43,119] Trial 10 finished with value: 2.726857900619507 and parameters: {'gradient_clip_val': 0.9982547314637876, 'hidden_size': 5, 'dropout': 0.35936166289495264, 'hidden_continuous_size': 5, 'attention_head_size': 1, 'learning_rate': 0.0007415203447633216}. Best is trial 0 with value: 0.03886016458272934.
[I 2023-12-26 17:39:46,383] Trial 11 finished with value: 5.237231254577637 and parameters: {'gradient_clip_val': 0.21208636674382347, 'hidden_size': 29, 'dropout': 0.4075973137799565, 'hidden_continuous_size': 7, 'attention_head_size': 1, 'learning_rate': 0.022144615841400137}. Best is trial 0 with value: 0.03886016458272934.
[I 2023-12-26 17:39:48,498] Trial 12 finished with value: 3.562906503677368 and parameters: {'gradient_clip_val': 0.19135099284775683, 'hidden_size': 6, 'dropout': 0.48253766244056273, 'hidden_continuous_size': 5, 'attention_head_size': 2, 'learning_rate': 0.0981575203367192}. Best is trial 0 with value: 0.03886016458272934.
[I 2023-12-26 17:39:51,174] Trial 13 finished with value: 5.257651329040527 and parameters: {'gradient_clip_val': 0.4982214741287462, 'hidden_size': 28, 'dropout': 0.49928579818806024, 'hidden_continuous_size': 7, 'attention_head_size': 1, 'learning_rate': 0.02506021445761913}. Best is trial 0 with value: 0.03886016458272934.
[I 2023-12-26 17:39:54,079] Trial 14 finished with value: 4.405520915985107 and parameters: {'gradient_clip_val': 0.25362187457177543, 'hidden_size': 13, 'dropout': 0.38697545528058636, 'hidden_continuous_size': 6, 'attention_head_size': 2, 'learning_rate': 0.022997425594507293}. Best is trial 0 with value: 0.03886016458272934.
[I 2023-12-26 17:39:56,361] Trial 15 finished with value: 3.3780486583709717 and parameters: {'gradient_clip_val': 0.15102294907346117, 'hidden_size': 8, 'dropout': 0.34059402702014413, 'hidden_continuous_size': 5, 'attention_head_size': 1, 'learning_rate': 0.013410914454662233}. Best is trial 0 with value: 0.03886016458272934.
[I 2023-12-26 17:39:58,862] Trial 16 finished with value: 3.317673921585083 and parameters: {'gradient_clip_val': 0.24589491508120576, 'hidden_size': 17, 'dropout': 0.4388556095704239, 'hidden_continuous_size': 7, 'attention_head_size': 2, 'learning_rate': 0.044770452637154116}. Best is trial 0 with value: 0.03886016458272934.
[I 2023-12-26 17:40:00,698] Trial 17 finished with value: 3.5784027576446533 and parameters: {'gradient_clip_val': 0.32143739290935486, 'hidden_size': 5, 'dropout': 0.309845732256415, 'hidden_continuous_size': 5, 'attention_head_size': 1, 'learning_rate': 0.028272587918268966}. Best is trial 0 with value: 0.03886016458272934.
[I 2023-12-26 17:40:03,534] Trial 18 finished with value: 3.4448490142822266 and parameters: {'gradient_clip_val': 0.2271638070952492, 'hidden_size': 38, 'dropout': 0.441836117273433, 'hidden_continuous_size': 21, 'attention_head_size': 2, 'learning_rate': 0.09984707871300338}. Best is trial 0 with value: 0.03886016458272934.
[I 2023-12-26 17:40:05,751] Trial 19 finished with value: 3.4144458770751953 and parameters: {'gradient_clip_val': 0.5127003828847829, 'hidden_size': 20, 'dropout': 0.389789905787053, 'hidden_continuous_size': 13, 'attention_head_size': 1, 'learning_rate': 0.015163521790912201}. Best is trial 0 with value: 0.03886016458272934.
[I 2023-12-26 17:40:07,744] Trial 20 finished with value: 2.890932083129883 and parameters: {'gradient_clip_val': 0.29570388969351563, 'hidden_size': 9, 'dropout': 0.4442445565725881, 'hidden_continuous_size': 6, 'attention_head_size': 2, 'learning_rate': 0.05613490750596365}. Best is trial 0 with value: 0.03886016458272934.
[I 2023-12-26 17:40:09,454] Trial 21 finished with value: 2.995523691177368 and parameters: {'gradient_clip_val': 0.9655641332090683, 'hidden_size': 5, 'dropout': 0.3661678183422604, 'hidden_continuous_size': 5, 'attention_head_size': 1, 'learning_rate': 0.0005176619998808482}. Best is trial 0 with value: 0.03886016458272934.
[I 2023-12-26 17:40:11,381] Trial 22 finished with value: 4.645308971405029 and parameters: {'gradient_clip_val': 0.6621911979622311, 'hidden_size': 7, 'dropout': 0.32712082128356856, 'hidden_continuous_size': 6, 'attention_head_size': 1, 'learning_rate': 0.0008663684301608737}. Best is trial 0 with value: 0.03886016458272934.
[I 2023-12-26 17:40:13,104] Trial 23 finished with value: 2.3214476108551025 and parameters: {'gradient_clip_val': 0.3943147743418745, 'hidden_size': 5, 'dropout': 0.3686515923400958, 'hidden_continuous_size': 5, 'attention_head_size': 1, 'learning_rate': 0.004335674212899547}. Best is trial 0 with value: 0.03886016458272934.
[I 2023-12-26 17:40:15,135] Trial 24 finished with value: 3.588484048843384 and parameters: {'gradient_clip_val': 0.3781599702664444, 'hidden_size': 12, 'dropout': 0.41811889416540293, 'hidden_continuous_size': 8, 'attention_head_size': 2, 'learning_rate': 0.00566994705421558}. Best is trial 0 with value: 0.03886016458272934.
[I 2023-12-26 17:40:17,045] Trial 25 finished with value: 3.3997881412506104 and parameters: {'gradient_clip_val': 0.2754696934365362, 'hidden_size': 7, 'dropout': 0.49880869216375967, 'hidden_continuous_size': 6, 'attention_head_size': 1, 'learning_rate': 0.004297242075777003}. Best is trial 0 with value: 0.03886016458272934.
[I 2023-12-26 17:40:19,247] Trial 26 finished with value: 2.731536626815796 and parameters: {'gradient_clip_val': 0.3835060944522114, 'hidden_size': 7, 'dropout': 0.3826111348855287, 'hidden_continuous_size': 5, 'attention_head_size': 3, 'learning_rate': 0.033644653135318545}. Best is trial 0 with value: 0.03886016458272934.
[I 2023-12-26 17:40:21,297] Trial 27 finished with value: 4.392187595367432 and parameters: {'gradient_clip_val': 0.30579444213295387, 'hidden_size': 11, 'dropout': 0.2805350218161593, 'hidden_continuous_size': 9, 'attention_head_size': 2, 'learning_rate': 0.06518463250210889}. Best is trial 0 with value: 0.03886016458272934.
[I 2023-12-26 17:40:23,164] Trial 28 finished with value: 2.892282485961914 and parameters: {'gradient_clip_val': 0.21224519590884455, 'hidden_size': 6, 'dropout': 0.45531965591644097, 'hidden_continuous_size': 5, 'attention_head_size': 1, 'learning_rate': 0.01611309694907998}. Best is trial 0 with value: 0.03886016458272934.
[I 2023-12-26 17:40:31,176] Trial 29 finished with value: 3.0572805404663086 and parameters: {'gradient_clip_val': 0.10574047082780193, 'hidden_size': 126, 'dropout': 0.4672073513593705, 'hidden_continuous_size': 48, 'attention_head_size': 1, 'learning_rate': 0.045439093061560146}. Best is trial 0 with value: 0.03886016458272934.
[I 2023-12-26 17:40:41,213] Trial 30 finished with value: 1.764143943786621 and parameters: {'gradient_clip_val': 0.2464931796912827, 'hidden_size': 141, 'dropout': 0.4061953130020291, 'hidden_continuous_size': 117, 'attention_head_size': 2, 'learning_rate': 0.030635964399439147}. Best is trial 0 with value: 0.03886016458272934.
[I 2023-12-26 17:40:50,782] Trial 31 finished with value: 2.9081027507781982 and parameters: {'gradient_clip_val': 0.25722860781618445, 'hidden_size': 135, 'dropout': 0.41118557919865983, 'hidden_continuous_size': 119, 'attention_head_size': 2, 'learning_rate': 0.036162866310725204}. Best is trial 0 with value: 0.03886016458272934.
[I 2023-12-26 17:40:56,886] Trial 32 finished with value: 4.0040154457092285 and parameters: {'gradient_clip_val': 0.3021429471157461, 'hidden_size': 99, 'dropout': 0.4175807513601927, 'hidden_continuous_size': 12, 'attention_head_size': 2, 'learning_rate': 0.0592900378770378}. Best is trial 0 with value: 0.03886016458272934.
[I 2023-12-26 17:41:03,984] Trial 33 finished with value: 2.102857828140259 and parameters: {'gradient_clip_val': 0.2687037542927585, 'hidden_size': 114, 'dropout': 0.4656846370495565, 'hidden_continuous_size': 29, 'attention_head_size': 3, 'learning_rate': 0.033240961373008734}. Best is trial 0 with value: 0.03886016458272934.
[I 2023-12-26 17:41:12,303] Trial 34 finished with value: 3.5253207683563232 and parameters: {'gradient_clip_val': 0.24268681189532593, 'hidden_size': 136, 'dropout': 0.4699928146380304, 'hidden_continuous_size': 30, 'attention_head_size': 3, 'learning_rate': 0.03471733178275021}. Best is trial 0 with value: 0.03886016458272934.
[I 2023-12-26 17:41:19,015] Trial 35 finished with value: 3.2304210662841797 and parameters: {'gradient_clip_val': 0.2717780933781176, 'hidden_size': 107, 'dropout': 0.4810456192183739, 'hidden_continuous_size': 25, 'attention_head_size': 3, 'learning_rate': 0.07396323838000878}. Best is trial 0 with value: 0.03886016458272934.
[I 2023-12-26 17:41:24,087] Trial 36 finished with value: 2.550006628036499 and parameters: {'gradient_clip_val': 0.3360626001788174, 'hidden_size': 82, 'dropout': 0.4540146244448562, 'hidden_continuous_size': 16, 'attention_head_size': 4, 'learning_rate': 0.07618126801649958}. Best is trial 0 with value: 0.03886016458272934.
[I 2023-12-26 17:41:33,379] Trial 37 finished with value: 2.6442453861236572 and parameters: {'gradient_clip_val': 0.19368871525105316, 'hidden_size': 147, 'dropout': 0.42674398570402317, 'hidden_continuous_size': 43, 'attention_head_size': 3, 'learning_rate': 0.04552523622450344}. Best is trial 0 with value: 0.03886016458272934.
[I 2023-12-26 17:41:37,892] Trial 38 finished with value: 3.9723093509674072 and parameters: {'gradient_clip_val': 0.29327463290463246, 'hidden_size': 69, 'dropout': 0.39932640104114275, 'hidden_continuous_size': 10, 'attention_head_size': 3, 'learning_rate': 0.05525432529779482}. Best is trial 0 with value: 0.03886016458272934.
[I 2023-12-26 17:41:44,637] Trial 39 finished with value: 2.586232900619507 and parameters: {'gradient_clip_val': 0.34171157510932676, 'hidden_size': 108, 'dropout': 0.4248139260880935, 'hidden_continuous_size': 20, 'attention_head_size': 3, 'learning_rate': 0.01793554162215337}. Best is trial 0 with value: 0.03886016458272934.
[I 2023-12-26 17:41:48,460] Trial 40 finished with value: 5.095387935638428 and parameters: {'gradient_clip_val': 0.23115697996337178, 'hidden_size': 59, 'dropout': 0.4534350263362087, 'hidden_continuous_size': 14, 'attention_head_size': 4, 'learning_rate': 0.032162875985173194}. Best is trial 0 with value: 0.03886016458272934.
[I 2023-12-26 17:41:53,792] Trial 41 finished with value: 4.330048084259033 and parameters: {'gradient_clip_val': 0.41822034321775375, 'hidden_size': 88, 'dropout': 0.3834365470195831, 'hidden_continuous_size': 16, 'attention_head_size': 2, 'learning_rate': 0.011700168062692081}. Best is trial 0 with value: 0.03886016458272934.
[I 2023-12-26 17:42:00,811] Trial 42 finished with value: 4.974411964416504 and parameters: {'gradient_clip_val': 0.2721974133079336, 'hidden_size': 110, 'dropout': 0.3579735985033364, 'hidden_continuous_size': 25, 'attention_head_size': 2, 'learning_rate': 0.009940370671387542}. Best is trial 0 with value: 0.03886016458272934.
[I 2023-12-26 17:42:05,251] Trial 43 finished with value: 4.087325572967529 and parameters: {'gradient_clip_val': 0.3443819824603576, 'hidden_size': 73, 'dropout': 0.43028511880833636, 'hidden_continuous_size': 9, 'attention_head_size': 3, 'learning_rate': 0.02140251255320422}. Best is trial 0 with value: 0.03886016458272934.
[I 2023-12-26 17:42:08,186] Trial 44 finished with value: 3.438910484313965 and parameters: {'gradient_clip_val': 0.3160419056604807, 'hidden_size': 45, 'dropout': 0.49861625322878234, 'hidden_continuous_size': 11, 'attention_head_size': 1, 'learning_rate': 0.0383369753458102}. Best is trial 0 with value: 0.03886016458272934.
[I 2023-12-26 17:42:13,250] Trial 45 finished with value: 3.853008985519409 and parameters: {'gradient_clip_val': 0.27793690342624816, 'hidden_size': 84, 'dropout': 0.46604323958343963, 'hidden_continuous_size': 14, 'attention_head_size': 2, 'learning_rate': 0.019381838427694118}. Best is trial 0 with value: 0.03886016458272934.
[I 2023-12-26 17:42:20,508] Trial 46 finished with value: 3.5663955211639404 and parameters: {'gradient_clip_val': 0.21889522726335364, 'hidden_size': 116, 'dropout': 0.40391052293739443, 'hidden_continuous_size': 36, 'attention_head_size': 1, 'learning_rate': 0.02437192720241999}. Best is trial 0 with value: 0.03886016458272934.
[I 2023-12-26 17:42:26,508] Trial 47 finished with value: 2.941049575805664 and parameters: {'gradient_clip_val': 0.2553043705276193, 'hidden_size': 95, 'dropout': 0.37703682565501884, 'hidden_continuous_size': 18, 'attention_head_size': 2, 'learning_rate': 0.02709827728199968}. Best is trial 0 with value: 0.03886016458272934.
[I 2023-12-26 17:42:30,224] Trial 48 finished with value: 2.256777048110962 and parameters: {'gradient_clip_val': 0.3660322532748771, 'hidden_size': 60, 'dropout': 0.4827405496425563, 'hidden_continuous_size': 22, 'attention_head_size': 3, 'learning_rate': 0.0791184378596939}. Best is trial 0 with value: 0.03886016458272934.
[I 2023-12-26 17:42:39,877] Trial 49 finished with value: 1.9754408597946167 and parameters: {'gradient_clip_val': 0.19947564173523988, 'hidden_size': 149, 'dropout': 0.480111637529918, 'hidden_continuous_size': 62, 'attention_head_size': 3, 'learning_rate': 0.08588292763243287}. Best is trial 0 with value: 0.03886016458272934.
[I 2023-12-26 17:42:39,998] A new study created in memory with name: no-name-62666664-6fe8-411a-907c-f312d43278ce
/home/le004/conda/anaconda3/envs/tsff_env/lib/python3.9/site-packages/lightning/fabric/plugins/environments/slurm.py:191: The `srun` command is available on your system but is not used. HINT: If your intention is to run Lightning on SLURM, prepend your python command with `srun` like so: srun python /home/le004/master_thesis/git/TSFusionForecast/code/ ...
[I 2023-12-26 17:50:25,393] Trial 0 finished with value: 0.09945077449083328 and parameters: {'gradient_clip_val': 0.5404798536930514, 'hidden_size': 96, 'dropout': 0.44860848852477053, 'hidden_continuous_size': 7, 'attention_head_size': 1, 'learning_rate': 0.06595395867746762}. Best is trial 0 with value: 0.09945077449083328.
[I 2023-12-26 17:50:30,946] Trial 1 finished with value: 2.7636282444000244 and parameters: {'gradient_clip_val': 0.1581539983559609, 'hidden_size': 78, 'dropout': 0.24142287130048842, 'hidden_continuous_size': 14, 'attention_head_size': 3, 'learning_rate': 0.00964732630182562}. Best is trial 0 with value: 0.09945077449083328.
[I 2023-12-26 17:50:33,032] Trial 2 finished with value: 3.87322998046875 and parameters: {'gradient_clip_val': 0.3181468827504834, 'hidden_size': 5, 'dropout': 0.41027123570745616, 'hidden_continuous_size': 5, 'attention_head_size': 4, 'learning_rate': 0.0007967858967316494}. Best is trial 0 with value: 0.09945077449083328.
[I 2023-12-26 17:50:38,378] Trial 3 finished with value: 3.695408821105957 and parameters: {'gradient_clip_val': 0.10440692534713299, 'hidden_size': 74, 'dropout': 0.24596100075589322, 'hidden_continuous_size': 5, 'attention_head_size': 3, 'learning_rate': 0.0361798168594777}. Best is trial 0 with value: 0.09945077449083328.
[I 2023-12-26 17:50:40,594] Trial 4 finished with value: 4.516878604888916 and parameters: {'gradient_clip_val': 0.17277472607916852, 'hidden_size': 9, 'dropout': 0.385442366335097, 'hidden_continuous_size': 6, 'attention_head_size': 4, 'learning_rate': 0.0011415675322712208}. Best is trial 0 with value: 0.09945077449083328.
[I 2023-12-26 17:50:42,469] Trial 5 finished with value: 4.512149333953857 and parameters: {'gradient_clip_val': 0.28819641045015115, 'hidden_size': 6, 'dropout': 0.14389211897484874, 'hidden_continuous_size': 6, 'attention_head_size': 2, 'learning_rate': 0.0015409674337632116}. Best is trial 0 with value: 0.09945077449083328.
[I 2023-12-26 17:50:44,921] Trial 6 finished with value: 3.0496931076049805 and parameters: {'gradient_clip_val': 0.3006388072946446, 'hidden_size': 18, 'dropout': 0.27147422091848605, 'hidden_continuous_size': 17, 'attention_head_size': 4, 'learning_rate': 0.012267789620143237}. Best is trial 0 with value: 0.09945077449083328.
[I 2023-12-26 17:50:47,862] Trial 7 finished with value: 2.5468132495880127 and parameters: {'gradient_clip_val': 0.19908413092919772, 'hidden_size': 30, 'dropout': 0.19145615652650425, 'hidden_continuous_size': 18, 'attention_head_size': 2, 'learning_rate': 0.005577777593140742}. Best is trial 0 with value: 0.09945077449083328.
[I 2023-12-26 17:50:49,874] Trial 8 finished with value: 2.4748144149780273 and parameters: {'gradient_clip_val': 0.11341152953995885, 'hidden_size': 7, 'dropout': 0.2544574394590482, 'hidden_continuous_size': 5, 'attention_head_size': 1, 'learning_rate': 0.0005462543403072886}. Best is trial 0 with value: 0.09945077449083328.
[I 2023-12-26 17:50:51,970] Trial 9 finished with value: 3.158128023147583 and parameters: {'gradient_clip_val': 0.26428079466330556, 'hidden_size': 7, 'dropout': 0.17944213680114604, 'hidden_continuous_size': 5, 'attention_head_size': 4, 'learning_rate': 0.0011862992455994189}. Best is trial 0 with value: 0.09945077449083328.
