[I 2023-12-16 12:39:46,924] Trial 9 finished with value: 114.5528793334961 and parameters: {'gradient_clip_val': 0.1450749321305807, 'hidden_size': 15, 'dropout': 0.21195854662397118, 'hidden_continuous_size': 5, 'attention_head_size': 3, 'learning_rate': 0.001097245880317419}. Best is trial 1 with value: 89.73983764648438.
LOCAL_RANK: 0 - CUDA_VISIBLE_DEVICES: [0]
[I 2023-12-16 12:40:38,573] Trial 10 finished with value: 95.93222045898438 and parameters: {'gradient_clip_val': 0.11111153973258962, 'hidden_size': 34, 'dropout': 0.39877829430281464, 'hidden_continuous_size': 32, 'attention_head_size': 1, 'learning_rate': 0.0005479541317423112}. Best is trial 1 with value: 89.73983764648438.
LOCAL_RANK: 0 - CUDA_VISIBLE_DEVICES: [0]
[I 2023-12-16 12:41:27,282] Trial 11 finished with value: 88.15951538085938 and parameters: {'gradient_clip_val': 0.4674058688103486, 'hidden_size': 27, 'dropout': 0.29452405962100786, 'hidden_continuous_size': 8, 'attention_head_size': 2, 'learning_rate': 0.017682608408893633}. Best is trial 11 with value: 88.15951538085938.
LOCAL_RANK: 0 - CUDA_VISIBLE_DEVICES: [0]
[I 2023-12-16 12:42:15,827] Trial 12 finished with value: 83.00792694091797 and parameters: {'gradient_clip_val': 0.4636125191165231, 'hidden_size': 31, 'dropout': 0.2737803521255554, 'hidden_continuous_size': 9, 'attention_head_size': 2, 'learning_rate': 0.01241832691409844}. Best is trial 12 with value: 83.00792694091797.
LOCAL_RANK: 0 - CUDA_VISIBLE_DEVICES: [0]
[I 2023-12-16 12:43:03,624] Trial 13 finished with value: 85.85149383544922 and parameters: {'gradient_clip_val': 0.5373296467421679, 'hidden_size': 28, 'dropout': 0.2700599724368808, 'hidden_continuous_size': 9, 'attention_head_size': 2, 'learning_rate': 0.015591409986045792}. Best is trial 12 with value: 83.00792694091797.
LOCAL_RANK: 0 - CUDA_VISIBLE_DEVICES: [0]
[I 2023-12-16 12:43:54,816] Trial 14 finished with value: 159.9100799560547 and parameters: {'gradient_clip_val': 0.6161669876404241, 'hidden_size': 48, 'dropout': 0.25559261540401873, 'hidden_continuous_size': 10, 'attention_head_size': 1, 'learning_rate': 0.020517124408857067}. Best is trial 12 with value: 83.00792694091797.
LOCAL_RANK: 0 - CUDA_VISIBLE_DEVICES: [0]
[I 2023-12-16 12:44:43,236] Trial 15 finished with value: 91.44644927978516 and parameters: {'gradient_clip_val': 0.38466765831457317, 'hidden_size': 23, 'dropout': 0.264133624945024, 'hidden_continuous_size': 9, 'attention_head_size': 3, 'learning_rate': 0.008096636414675729}. Best is trial 12 with value: 83.00792694091797.
LOCAL_RANK: 0 - CUDA_VISIBLE_DEVICES: [0]
[I 2023-12-16 12:45:32,011] Trial 16 finished with value: 92.12206268310547 and parameters: {'gradient_clip_val': 0.6246825387423255, 'hidden_size': 30, 'dropout': 0.2327764988249527, 'hidden_continuous_size': 11, 'attention_head_size': 2, 'learning_rate': 0.005292669498776265}. Best is trial 12 with value: 83.00792694091797.
LOCAL_RANK: 0 - CUDA_VISIBLE_DEVICES: [0]
[I 2023-12-16 12:46:23,468] Trial 17 finished with value: 129.5652313232422 and parameters: {'gradient_clip_val': 0.34747567479964525, 'hidden_size': 48, 'dropout': 0.26864217275707136, 'hidden_continuous_size': 13, 'attention_head_size': 3, 'learning_rate': 0.03168778476538986}. Best is trial 12 with value: 83.00792694091797.
LOCAL_RANK: 0 - CUDA_VISIBLE_DEVICES: [0]
[I 2023-12-16 12:47:10,578] Trial 18 finished with value: 112.59356689453125 and parameters: {'gradient_clip_val': 0.4629482869359066, 'hidden_size': 21, 'dropout': 0.10028064087944263, 'hidden_continuous_size': 7, 'attention_head_size': 1, 'learning_rate': 0.06978875298136031}. Best is trial 12 with value: 83.00792694091797.
LOCAL_RANK: 0 - CUDA_VISIBLE_DEVICES: [0]
[I 2023-12-16 12:48:03,658] Trial 19 finished with value: 189.3466033935547 and parameters: {'gradient_clip_val': 0.8289170735912827, 'hidden_size': 63, 'dropout': 0.2487753057446734, 'hidden_continuous_size': 13, 'attention_head_size': 2, 'learning_rate': 0.0913861533893834}. Best is trial 12 with value: 83.00792694091797.
LOCAL_RANK: 0 - CUDA_VISIBLE_DEVICES: [0]
[I 2023-12-16 12:48:53,617] Trial 20 finished with value: 127.00555419921875 and parameters: {'gradient_clip_val': 0.5505120785848875, 'hidden_size': 37, 'dropout': 0.28542164290607097, 'hidden_continuous_size': 9, 'attention_head_size': 3, 'learning_rate': 0.022204736652943424}. Best is trial 12 with value: 83.00792694091797.
LOCAL_RANK: 0 - CUDA_VISIBLE_DEVICES: [0]
[I 2023-12-16 12:49:42,061] Trial 21 finished with value: 91.1723403930664 and parameters: {'gradient_clip_val': 0.48196752798523834, 'hidden_size': 27, 'dropout': 0.2993860412817148, 'hidden_continuous_size': 8, 'attention_head_size': 2, 'learning_rate': 0.01322379361611137}. Best is trial 12 with value: 83.00792694091797.
LOCAL_RANK: 0 - CUDA_VISIBLE_DEVICES: [0]
[I 2023-12-16 12:50:29,390] Trial 22 finished with value: 85.5467529296875 and parameters: {'gradient_clip_val': 0.4590047866049954, 'hidden_size': 24, 'dropout': 0.31736421686124283, 'hidden_continuous_size': 8, 'attention_head_size': 2, 'learning_rate': 0.017785678998453073}. Best is trial 12 with value: 83.00792694091797.
LOCAL_RANK: 0 - CUDA_VISIBLE_DEVICES: [0]
[I 2023-12-16 12:51:15,618] Trial 23 finished with value: 91.711181640625 and parameters: {'gradient_clip_val': 0.38998326931337657, 'hidden_size': 20, 'dropout': 0.3270798257656022, 'hidden_continuous_size': 8, 'attention_head_size': 2, 'learning_rate': 0.009563287513839858}. Best is trial 12 with value: 83.00792694091797.
LOCAL_RANK: 0 - CUDA_VISIBLE_DEVICES: [0]
[I 2023-12-16 12:52:04,554] Trial 24 finished with value: 112.92725372314453 and parameters: {'gradient_clip_val': 0.7628468796863392, 'hidden_size': 34, 'dropout': 0.2797461731665603, 'hidden_continuous_size': 11, 'attention_head_size': 1, 'learning_rate': 0.027671321463086186}. Best is trial 12 with value: 83.00792694091797.
LOCAL_RANK: 0 - CUDA_VISIBLE_DEVICES: [0]
[I 2023-12-16 12:52:53,106] Trial 25 finished with value: 137.03416442871094 and parameters: {'gradient_clip_val': 0.621999867392882, 'hidden_size': 27, 'dropout': 0.3171208381012353, 'hidden_continuous_size': 9, 'attention_head_size': 2, 'learning_rate': 0.016532825781282793}. Best is trial 12 with value: 83.00792694091797.
LOCAL_RANK: 0 - CUDA_VISIBLE_DEVICES: [0]
[I 2023-12-16 12:53:44,635] Trial 26 finished with value: 122.19271087646484 and parameters: {'gradient_clip_val': 0.27921744954720495, 'hidden_size': 39, 'dropout': 0.2424083403469338, 'hidden_continuous_size': 12, 'attention_head_size': 3, 'learning_rate': 0.012680093317834314}. Best is trial 12 with value: 83.00792694091797.
LOCAL_RANK: 0 - CUDA_VISIBLE_DEVICES: [0]
[I 2023-12-16 12:54:37,375] Trial 27 finished with value: 86.87044525146484 and parameters: {'gradient_clip_val': 0.4103458451477053, 'hidden_size': 58, 'dropout': 0.270383966196685, 'hidden_continuous_size': 14, 'attention_head_size': 2, 'learning_rate': 0.007238867466050535}. Best is trial 12 with value: 83.00792694091797.
LOCAL_RANK: 0 - CUDA_VISIBLE_DEVICES: [0]
[I 2023-12-16 12:55:24,331] Trial 28 finished with value: 83.45621490478516 and parameters: {'gradient_clip_val': 0.9787842817128384, 'hidden_size': 18, 'dropout': 0.23376193083765523, 'hidden_continuous_size': 10, 'attention_head_size': 1, 'learning_rate': 0.030966333761246405}. Best is trial 12 with value: 83.00792694091797.
LOCAL_RANK: 0 - CUDA_VISIBLE_DEVICES: [0]
[I 2023-12-16 12:56:11,271] Trial 29 finished with value: 171.34014892578125 and parameters: {'gradient_clip_val': 0.9499684398702528, 'hidden_size': 18, 'dropout': 0.23224633281035983, 'hidden_continuous_size': 10, 'attention_head_size': 1, 'learning_rate': 0.041372136203481825}. Best is trial 12 with value: 83.00792694091797.
LOCAL_RANK: 0 - CUDA_VISIBLE_DEVICES: [0]
[I 2023-12-16 12:56:55,369] Trial 30 finished with value: 96.89717864990234 and parameters: {'gradient_clip_val': 0.7050378989158658, 'hidden_size': 16, 'dropout': 0.3105788434305266, 'hidden_continuous_size': 7, 'attention_head_size': 1, 'learning_rate': 0.03372074322575629}. Best is trial 12 with value: 83.00792694091797.
LOCAL_RANK: 0 - CUDA_VISIBLE_DEVICES: [0]
[I 2023-12-16 12:57:43,771] Trial 31 finished with value: 104.89798736572266 and parameters: {'gradient_clip_val': 0.8696601082923555, 'hidden_size': 23, 'dropout': 0.27964139987393477, 'hidden_continuous_size': 9, 'attention_head_size': 2, 'learning_rate': 0.024371137300972914}. Best is trial 12 with value: 83.00792694091797.
LOCAL_RANK: 0 - CUDA_VISIBLE_DEVICES: [0]
[I 2023-12-16 12:58:30,114] Trial 32 finished with value: 78.81684112548828 and parameters: {'gradient_clip_val': 0.5259415622172515, 'hidden_size': 18, 'dropout': 0.25539577445163125, 'hidden_continuous_size': 8, 'attention_head_size': 1, 'learning_rate': 0.01676465671866039}. Best is trial 32 with value: 78.81684112548828.
LOCAL_RANK: 0 - CUDA_VISIBLE_DEVICES: [0]
[I 2023-12-16 12:59:15,057] Trial 33 finished with value: 132.3658905029297 and parameters: {'gradient_clip_val': 0.7851452285505705, 'hidden_size': 13, 'dropout': 0.2532408102262207, 'hidden_continuous_size': 8, 'attention_head_size': 1, 'learning_rate': 0.023411817070383166}. Best is trial 32 with value: 78.81684112548828.
LOCAL_RANK: 0 - CUDA_VISIBLE_DEVICES: [0]
[I 2023-12-16 13:00:00,855] Trial 34 finished with value: 139.4821014404297 and parameters: {'gradient_clip_val': 0.6841737927545095, 'hidden_size': 18, 'dropout': 0.22192005665988862, 'hidden_continuous_size': 7, 'attention_head_size': 1, 'learning_rate': 0.03398226739434287}. Best is trial 32 with value: 78.81684112548828.
LOCAL_RANK: 0 - CUDA_VISIBLE_DEVICES: [0]
[I 2023-12-16 13:00:45,278] Trial 35 finished with value: 128.09881591796875 and parameters: {'gradient_clip_val': 0.5482365621588043, 'hidden_size': 13, 'dropout': 0.29886803589986327, 'hidden_continuous_size': 6, 'attention_head_size': 1, 'learning_rate': 0.010763339605838848}. Best is trial 32 with value: 78.81684112548828.
LOCAL_RANK: 0 - CUDA_VISIBLE_DEVICES: [0]
[I 2023-12-16 13:01:32,589] Trial 36 finished with value: 105.92496490478516 and parameters: {'gradient_clip_val': 0.9320978826954636, 'hidden_size': 22, 'dropout': 0.24436384059843722, 'hidden_continuous_size': 6, 'attention_head_size': 1, 'learning_rate': 0.015361780855800936}. Best is trial 32 with value: 78.81684112548828.
LOCAL_RANK: 0 - CUDA_VISIBLE_DEVICES: [0]
[I 2023-12-16 13:02:18,660] Trial 37 finished with value: 99.77159881591797 and parameters: {'gradient_clip_val': 0.4831186254651904, 'hidden_size': 18, 'dropout': 0.32901723513453773, 'hidden_continuous_size': 8, 'attention_head_size': 1, 'learning_rate': 0.010203093553283468}. Best is trial 32 with value: 78.81684112548828.
LOCAL_RANK: 0 - CUDA_VISIBLE_DEVICES: [0]
[I 2023-12-16 13:03:03,861] Trial 38 finished with value: 108.9957275390625 and parameters: {'gradient_clip_val': 0.9894064423356557, 'hidden_size': 10, 'dropout': 0.2872435419524845, 'hidden_continuous_size': 8, 'attention_head_size': 2, 'learning_rate': 0.01980800195369312}. Best is trial 32 with value: 78.81684112548828.
LOCAL_RANK: 0 - CUDA_VISIBLE_DEVICES: [0]
[I 2023-12-16 13:03:50,807] Trial 39 finished with value: 109.86486053466797 and parameters: {'gradient_clip_val': 0.8132676644772252, 'hidden_size': 24, 'dropout': 0.20728082071215798, 'hidden_continuous_size': 10, 'attention_head_size': 1, 'learning_rate': 0.006277204370611634}. Best is trial 32 with value: 78.81684112548828.
LOCAL_RANK: 0 - CUDA_VISIBLE_DEVICES: [0]
[I 2023-12-16 13:04:39,632] Trial 40 finished with value: 119.56097412109375 and parameters: {'gradient_clip_val': 0.353413415326536, 'hidden_size': 31, 'dropout': 0.18935442412855888, 'hidden_continuous_size': 11, 'attention_head_size': 2, 'learning_rate': 0.043746508586853215}. Best is trial 32 with value: 78.81684112548828.
LOCAL_RANK: 0 - CUDA_VISIBLE_DEVICES: [0]
[I 2023-12-16 13:05:28,124] Trial 41 finished with value: 85.5221176147461 and parameters: {'gradient_clip_val': 0.5393197728678891, 'hidden_size': 26, 'dropout': 0.2642716594257881, 'hidden_continuous_size': 7, 'attention_head_size': 2, 'learning_rate': 0.015043180577833163}. Best is trial 32 with value: 78.81684112548828.
LOCAL_RANK: 0 - CUDA_VISIBLE_DEVICES: [0]
[I 2023-12-16 13:06:16,325] Trial 42 finished with value: 102.24341583251953 and parameters: {'gradient_clip_val': 0.6830856711587171, 'hidden_size': 25, 'dropout': 0.2317420308302083, 'hidden_continuous_size': 7, 'attention_head_size': 2, 'learning_rate': 0.012789166084818428}. Best is trial 32 with value: 78.81684112548828.
LOCAL_RANK: 0 - CUDA_VISIBLE_DEVICES: [0]
[I 2023-12-16 13:07:02,296] Trial 43 finished with value: 136.47186279296875 and parameters: {'gradient_clip_val': 0.4360287035189126, 'hidden_size': 20, 'dropout': 0.25842877018401605, 'hidden_continuous_size': 6, 'attention_head_size': 2, 'learning_rate': 0.028928441148570568}. Best is trial 32 with value: 78.81684112548828.
LOCAL_RANK: 0 - CUDA_VISIBLE_DEVICES: [0]
[I 2023-12-16 13:07:46,668] Trial 44 finished with value: 116.74478149414062 and parameters: {'gradient_clip_val': 0.5089191720491175, 'hidden_size': 16, 'dropout': 0.27620053874263295, 'hidden_continuous_size': 7, 'attention_head_size': 2, 'learning_rate': 0.01791977590109685}. Best is trial 32 with value: 78.81684112548828.
LOCAL_RANK: 0 - CUDA_VISIBLE_DEVICES: [0]
[I 2023-12-16 13:08:33,580] Trial 45 finished with value: 105.15108489990234 and parameters: {'gradient_clip_val': 0.5806210895240721, 'hidden_size': 32, 'dropout': 0.26280506450806146, 'hidden_continuous_size': 6, 'attention_head_size': 1, 'learning_rate': 0.024376597082967272}. Best is trial 32 with value: 78.81684112548828.
LOCAL_RANK: 0 - CUDA_VISIBLE_DEVICES: [0]
[I 2023-12-16 13:09:23,035] Trial 46 finished with value: 103.6612319946289 and parameters: {'gradient_clip_val': 0.44449988743704366, 'hidden_size': 25, 'dropout': 0.3085507610031548, 'hidden_continuous_size': 10, 'attention_head_size': 4, 'learning_rate': 0.008237372710061287}. Best is trial 32 with value: 78.81684112548828.
LOCAL_RANK: 0 - CUDA_VISIBLE_DEVICES: [0]
[I 2023-12-16 13:10:11,322] Trial 47 finished with value: 87.51055908203125 and parameters: {'gradient_clip_val': 0.519053122673933, 'hidden_size': 21, 'dropout': 0.2911198862806797, 'hidden_continuous_size': 9, 'attention_head_size': 3, 'learning_rate': 0.015409790164462096}. Best is trial 32 with value: 78.81684112548828.
LOCAL_RANK: 0 - CUDA_VISIBLE_DEVICES: [0]
[I 2023-12-16 13:10:59,713] Trial 48 finished with value: 97.5000228881836 and parameters: {'gradient_clip_val': 0.5895216166146482, 'hidden_size': 30, 'dropout': 0.3511244912799976, 'hidden_continuous_size': 5, 'attention_head_size': 2, 'learning_rate': 0.009320394023163491}. Best is trial 32 with value: 78.81684112548828.
LOCAL_RANK: 0 - CUDA_VISIBLE_DEVICES: [0]
[I 2023-12-16 13:11:50,281] Trial 49 finished with value: 93.58260345458984 and parameters: {'gradient_clip_val': 0.6594633325738211, 'hidden_size': 35, 'dropout': 0.2573863534811202, 'hidden_continuous_size': 16, 'attention_head_size': 1, 'learning_rate': 0.004333417619489712}. Best is trial 32 with value: 78.81684112548828.
[I 2023-12-16 13:11:50,374] A new study created in memory with name: no-name-44ec03bf-9c0c-413c-85bf-1732ce164512
/home/le004/conda/anaconda3/envs/tsff_env/lib/python3.9/site-packages/lightning/fabric/plugins/environments/slurm.py:191: The `srun` command is available on your system but is not used. HINT: If your intention is to run Lightning on SLURM, prepend your python command with `srun` like so: srun python /home/le004/master_thesis/git/TSFusionForecast/code/ ...
LOCAL_RANK: 0 - CUDA_VISIBLE_DEVICES: [0]
[I 2023-12-16 13:12:41,945] Trial 0 finished with value: 116.87276458740234 and parameters: {'gradient_clip_val': 0.14760865955738625, 'hidden_size': 37, 'dropout': 0.24901701607251917, 'hidden_continuous_size': 29, 'attention_head_size': 1, 'learning_rate': 0.0019098470513023778}. Best is trial 0 with value: 116.87276458740234.
LOCAL_RANK: 0 - CUDA_VISIBLE_DEVICES: [0]
[I 2023-12-16 13:13:29,491] Trial 1 finished with value: 162.54249572753906 and parameters: {'gradient_clip_val': 0.11826974917129665, 'hidden_size': 32, 'dropout': 0.1459127816154536, 'hidden_continuous_size': 5, 'attention_head_size': 3, 'learning_rate': 0.0009606743551176746}. Best is trial 0 with value: 116.87276458740234.
LOCAL_RANK: 0 - CUDA_VISIBLE_DEVICES: [0]
[I 2023-12-16 13:14:22,732] Trial 2 finished with value: 107.8002700805664 and parameters: {'gradient_clip_val': 0.8583047748601966, 'hidden_size': 53, 'dropout': 0.26286019005799555, 'hidden_continuous_size': 43, 'attention_head_size': 1, 'learning_rate': 0.0012883645196049378}. Best is trial 2 with value: 107.8002700805664.
LOCAL_RANK: 0 - CUDA_VISIBLE_DEVICES: [0]
[I 2023-12-16 13:15:18,297] Trial 3 finished with value: 144.3504180908203 and parameters: {'gradient_clip_val': 0.4458906361357992, 'hidden_size': 69, 'dropout': 0.15141070227464937, 'hidden_continuous_size': 56, 'attention_head_size': 4, 'learning_rate': 0.0014742574167460876}. Best is trial 2 with value: 107.8002700805664.
LOCAL_RANK: 0 - CUDA_VISIBLE_DEVICES: [0]
[I 2023-12-16 13:15:52,011] Trial 4 finished with value: 144.7474822998047 and parameters: {'gradient_clip_val': 0.6550985446854131, 'hidden_size': 5, 'dropout': 0.3704941153082252, 'hidden_continuous_size': 5, 'attention_head_size': 1, 'learning_rate': 0.003737614018148216}. Best is trial 2 with value: 107.8002700805664.
LOCAL_RANK: 0 - CUDA_VISIBLE_DEVICES: [0]
[I 2023-12-16 13:16:45,385] Trial 5 finished with value: 106.57547760009766 and parameters: {'gradient_clip_val': 0.2809744171536753, 'hidden_size': 87, 'dropout': 0.2976204646529709, 'hidden_continuous_size': 15, 'attention_head_size': 1, 'learning_rate': 0.012353189415037167}. Best is trial 5 with value: 106.57547760009766.
LOCAL_RANK: 0 - CUDA_VISIBLE_DEVICES: [0]
[I 2023-12-16 13:17:18,668] Trial 6 finished with value: 145.77346801757812 and parameters: {'gradient_clip_val': 0.9050156529983968, 'hidden_size': 6, 'dropout': 0.32711312212234456, 'hidden_continuous_size': 6, 'attention_head_size': 1, 'learning_rate': 0.0015275888740935288}. Best is trial 5 with value: 106.57547760009766.
LOCAL_RANK: 0 - CUDA_VISIBLE_DEVICES: [0]
[I 2023-12-16 13:18:13,723] Trial 7 finished with value: 115.6771469116211 and parameters: {'gradient_clip_val': 0.17730648188199521, 'hidden_size': 83, 'dropout': 0.3466926398346486, 'hidden_continuous_size': 48, 'attention_head_size': 1, 'learning_rate': 0.008686577475654001}. Best is trial 5 with value: 106.57547760009766.
LOCAL_RANK: 0 - CUDA_VISIBLE_DEVICES: [0]
[I 2023-12-16 13:18:49,536] Trial 8 finished with value: 99.2540283203125 and parameters: {'gradient_clip_val': 0.17412090384175713, 'hidden_size': 33, 'dropout': 0.11270995917188951, 'hidden_continuous_size': 33, 'attention_head_size': 4, 'learning_rate': 0.005403904705694799}. Best is trial 8 with value: 99.2540283203125.
LOCAL_RANK: 0 - CUDA_VISIBLE_DEVICES: [0]
[I 2023-12-16 13:19:42,306] Trial 9 finished with value: 108.40775299072266 and parameters: {'gradient_clip_val': 0.8060867019374526, 'hidden_size': 67, 'dropout': 0.3586922623186486, 'hidden_continuous_size': 16, 'attention_head_size': 2, 'learning_rate': 0.001013904599492797}. Best is trial 8 with value: 99.2540283203125.
LOCAL_RANK: 0 - CUDA_VISIBLE_DEVICES: [0]
[I 2023-12-16 13:20:29,247] Trial 10 finished with value: 189.40130615234375 and parameters: {'gradient_clip_val': 0.10122201219008582, 'hidden_size': 17, 'dropout': 0.11424616398089506, 'hidden_continuous_size': 8, 'attention_head_size': 4, 'learning_rate': 0.05247075351537537}. Best is trial 8 with value: 99.2540283203125.
LOCAL_RANK: 0 - CUDA_VISIBLE_DEVICES: [0]
[I 2023-12-16 13:21:18,168] Trial 11 finished with value: 149.67282104492188 and parameters: {'gradient_clip_val': 0.24001911178060267, 'hidden_size': 21, 'dropout': 0.20904050694644508, 'hidden_continuous_size': 12, 'attention_head_size': 3, 'learning_rate': 0.011043109671278644}. Best is trial 8 with value: 99.2540283203125.
LOCAL_RANK: 0 - CUDA_VISIBLE_DEVICES: [0]
[I 2023-12-16 13:22:15,645] Trial 12 finished with value: 137.3853759765625 and parameters: {'gradient_clip_val': 0.27719137740747224, 'hidden_size': 97, 'dropout': 0.10070879779473994, 'hidden_continuous_size': 93, 'attention_head_size': 2, 'learning_rate': 0.0196907836602258}. Best is trial 8 with value: 99.2540283203125.
LOCAL_RANK: 0 - CUDA_VISIBLE_DEVICES: [0]
[I 2023-12-16 13:23:08,196] Trial 13 finished with value: 113.83230590820312 and parameters: {'gradient_clip_val': 0.21412383668244023, 'hidden_size': 43, 'dropout': 0.30036972022841707, 'hidden_continuous_size': 18, 'attention_head_size': 3, 'learning_rate': 0.004996584449208825}. Best is trial 8 with value: 99.2540283203125.
LOCAL_RANK: 0 - CUDA_VISIBLE_DEVICES: [0]
[I 2023-12-16 13:24:02,506] Trial 14 finished with value: 113.01605987548828 and parameters: {'gradient_clip_val': 0.3076225659463149, 'hidden_size': 100, 'dropout': 0.2032856151257516, 'hidden_continuous_size': 25, 'attention_head_size': 2, 'learning_rate': 0.02043207647387517}. Best is trial 8 with value: 99.2540283203125.
LOCAL_RANK: 0 - CUDA_VISIBLE_DEVICES: [0]
[I 2023-12-16 13:24:55,617] Trial 15 finished with value: 143.26524353027344 and parameters: {'gradient_clip_val': 0.36870279881623924, 'hidden_size': 52, 'dropout': 0.39067061591242813, 'hidden_continuous_size': 12, 'attention_head_size': 4, 'learning_rate': 0.003232914274564474}. Best is trial 8 with value: 99.2540283203125.
LOCAL_RANK: 0 - CUDA_VISIBLE_DEVICES: [0]
[I 2023-12-16 13:25:45,181] Trial 16 finished with value: 101.80399322509766 and parameters: {'gradient_clip_val': 0.1868930463464659, 'hidden_size': 27, 'dropout': 0.304118500905215, 'hidden_continuous_size': 9, 'attention_head_size': 3, 'learning_rate': 0.006991301121132287}. Best is trial 8 with value: 99.2540283203125.
LOCAL_RANK: 0 - CUDA_VISIBLE_DEVICES: [0]
