[I 2023-12-16 01:44:02,177] Trial 32 finished with value: 0.10145741701126099 and parameters: {'gradient_clip_val': 0.12266029165926523, 'hidden_size': 17, 'dropout': 0.19895355505562107, 'hidden_continuous_size': 7, 'attention_head_size': 4, 'learning_rate': 0.017060634237673927}. Best is trial 17 with value: 0.07000338286161423.
LOCAL_RANK: 0 - CUDA_VISIBLE_DEVICES: [0]
[I 2023-12-16 01:44:50,856] Trial 33 finished with value: 0.7393689155578613 and parameters: {'gradient_clip_val': 0.15238765932567067, 'hidden_size': 28, 'dropout': 0.13548758691647886, 'hidden_continuous_size': 8, 'attention_head_size': 4, 'learning_rate': 0.024075169227604633}. Best is trial 17 with value: 0.07000338286161423.
LOCAL_RANK: 0 - CUDA_VISIBLE_DEVICES: [0]
[I 2023-12-16 01:45:40,115] Trial 34 finished with value: 0.1644682139158249 and parameters: {'gradient_clip_val': 0.12124463322418787, 'hidden_size': 22, 'dropout': 0.16371917194115504, 'hidden_continuous_size': 7, 'attention_head_size': 4, 'learning_rate': 0.035470469227809116}. Best is trial 17 with value: 0.07000338286161423.
LOCAL_RANK: 0 - CUDA_VISIBLE_DEVICES: [0]
[I 2023-12-16 01:46:27,084] Trial 35 finished with value: 0.14420829713344574 and parameters: {'gradient_clip_val': 0.15586391027397709, 'hidden_size': 20, 'dropout': 0.2059759391964344, 'hidden_continuous_size': 8, 'attention_head_size': 3, 'learning_rate': 0.053490376035996455}. Best is trial 17 with value: 0.07000338286161423.
LOCAL_RANK: 0 - CUDA_VISIBLE_DEVICES: [0]
[I 2023-12-16 01:47:12,416] Trial 36 finished with value: 0.14679428935050964 and parameters: {'gradient_clip_val': 0.1892801798902049, 'hidden_size': 13, 'dropout': 0.18759119054511136, 'hidden_continuous_size': 7, 'attention_head_size': 1, 'learning_rate': 0.01603562964684987}. Best is trial 17 with value: 0.07000338286161423.
LOCAL_RANK: 0 - CUDA_VISIBLE_DEVICES: [0]
[I 2023-12-16 01:47:58,613] Trial 37 finished with value: 0.0944456085562706 and parameters: {'gradient_clip_val': 0.11216687850476685, 'hidden_size': 15, 'dropout': 0.21540123658049193, 'hidden_continuous_size': 8, 'attention_head_size': 3, 'learning_rate': 0.02491033121170395}. Best is trial 17 with value: 0.07000338286161423.
LOCAL_RANK: 0 - CUDA_VISIBLE_DEVICES: [0]
[I 2023-12-16 01:48:45,756] Trial 38 finished with value: 0.41964325308799744 and parameters: {'gradient_clip_val': 0.13791417422658592, 'hidden_size': 18, 'dropout': 0.153204156359796, 'hidden_continuous_size': 6, 'attention_head_size': 4, 'learning_rate': 0.010567279402228747}. Best is trial 17 with value: 0.07000338286161423.
LOCAL_RANK: 0 - CUDA_VISIBLE_DEVICES: [0]
[I 2023-12-16 01:49:33,916] Trial 39 finished with value: 0.737739086151123 and parameters: {'gradient_clip_val': 0.13550060694987448, 'hidden_size': 24, 'dropout': 0.24006856815686692, 'hidden_continuous_size': 11, 'attention_head_size': 3, 'learning_rate': 0.007111140933784904}. Best is trial 17 with value: 0.07000338286161423.
LOCAL_RANK: 0 - CUDA_VISIBLE_DEVICES: [0]
[I 2023-12-16 01:50:18,879] Trial 40 finished with value: 0.27250611782073975 and parameters: {'gradient_clip_val': 0.16516000346619655, 'hidden_size': 12, 'dropout': 0.12482432436279445, 'hidden_continuous_size': 6, 'attention_head_size': 4, 'learning_rate': 0.031573891109609106}. Best is trial 17 with value: 0.07000338286161423.
LOCAL_RANK: 0 - CUDA_VISIBLE_DEVICES: [0]
[I 2023-12-16 01:51:07,509] Trial 41 finished with value: 0.1180017814040184 and parameters: {'gradient_clip_val': 0.21258454560666404, 'hidden_size': 32, 'dropout': 0.22435452289791394, 'hidden_continuous_size': 9, 'attention_head_size': 3, 'learning_rate': 0.013183095561727498}. Best is trial 17 with value: 0.07000338286161423.
LOCAL_RANK: 0 - CUDA_VISIBLE_DEVICES: [0]
[I 2023-12-16 01:51:56,768] Trial 42 finished with value: 0.14474350214004517 and parameters: {'gradient_clip_val': 0.18561480263697624, 'hidden_size': 22, 'dropout': 0.24499045627011304, 'hidden_continuous_size': 9, 'attention_head_size': 3, 'learning_rate': 0.00641521294533728}. Best is trial 17 with value: 0.07000338286161423.
LOCAL_RANK: 0 - CUDA_VISIBLE_DEVICES: [0]
[I 2023-12-16 01:52:47,951] Trial 43 finished with value: 0.08875387907028198 and parameters: {'gradient_clip_val': 0.11732549576161441, 'hidden_size': 40, 'dropout': 0.25906674847236394, 'hidden_continuous_size': 15, 'attention_head_size': 3, 'learning_rate': 0.017805378151052594}. Best is trial 17 with value: 0.07000338286161423.
LOCAL_RANK: 0 - CUDA_VISIBLE_DEVICES: [0]
[I 2023-12-16 01:53:36,150] Trial 44 finished with value: 0.12293773144483566 and parameters: {'gradient_clip_val': 0.1721112087053132, 'hidden_size': 28, 'dropout': 0.18267694833303574, 'hidden_continuous_size': 10, 'attention_head_size': 2, 'learning_rate': 0.009178277493456045}. Best is trial 17 with value: 0.07000338286161423.
LOCAL_RANK: 0 - CUDA_VISIBLE_DEVICES: [0]
[I 2023-12-16 01:54:21,771] Trial 45 finished with value: 0.35060492157936096 and parameters: {'gradient_clip_val': 0.11190151306846421, 'hidden_size': 16, 'dropout': 0.2045370706927331, 'hidden_continuous_size': 8, 'attention_head_size': 4, 'learning_rate': 0.01260867803680488}. Best is trial 17 with value: 0.07000338286161423.
LOCAL_RANK: 0 - CUDA_VISIBLE_DEVICES: [0]
[I 2023-12-16 01:55:07,944] Trial 46 finished with value: 1.389492392539978 and parameters: {'gradient_clip_val': 0.23287475646501596, 'hidden_size': 11, 'dropout': 0.27631159664471255, 'hidden_continuous_size': 7, 'attention_head_size': 3, 'learning_rate': 0.022586590049465238}. Best is trial 17 with value: 0.07000338286161423.
LOCAL_RANK: 0 - CUDA_VISIBLE_DEVICES: [0]
[I 2023-12-16 01:56:00,460] Trial 47 finished with value: 0.3299001455307007 and parameters: {'gradient_clip_val': 0.14767012382487546, 'hidden_size': 37, 'dropout': 0.2261405070064502, 'hidden_continuous_size': 14, 'attention_head_size': 4, 'learning_rate': 0.004554009341403442}. Best is trial 17 with value: 0.07000338286161423.
LOCAL_RANK: 0 - CUDA_VISIBLE_DEVICES: [0]
[I 2023-12-16 01:56:52,279] Trial 48 finished with value: 0.10935243219137192 and parameters: {'gradient_clip_val': 0.26312870790887194, 'hidden_size': 48, 'dropout': 0.16582432911158645, 'hidden_continuous_size': 13, 'attention_head_size': 3, 'learning_rate': 0.07329464765665035}. Best is trial 17 with value: 0.07000338286161423.
LOCAL_RANK: 0 - CUDA_VISIBLE_DEVICES: [0]
[I 2023-12-16 01:57:40,218] Trial 49 finished with value: 0.08563679456710815 and parameters: {'gradient_clip_val': 0.1326120565321358, 'hidden_size': 19, 'dropout': 0.2525792190837307, 'hidden_continuous_size': 10, 'attention_head_size': 2, 'learning_rate': 0.039921707682434915}. Best is trial 17 with value: 0.07000338286161423.
[I 2023-12-16 01:57:40,318] A new study created in memory with name: no-name-ef6bc757-46a2-42ee-bc86-424512571d28
/home/le004/conda/anaconda3/envs/tsff_env/lib/python3.9/site-packages/lightning/fabric/plugins/environments/slurm.py:191: The `srun` command is available on your system but is not used. HINT: If your intention is to run Lightning on SLURM, prepend your python command with `srun` like so: srun python /home/le004/master_thesis/git/TSFusionForecast/code/ ...
LOCAL_RANK: 0 - CUDA_VISIBLE_DEVICES: [0]
[I 2023-12-16 01:58:25,406] Trial 0 finished with value: 1.8123334646224976 and parameters: {'gradient_clip_val': 0.3174901672836734, 'hidden_size': 9, 'dropout': 0.11220526612542189, 'hidden_continuous_size': 5, 'attention_head_size': 1, 'learning_rate': 0.0022175951702517504}. Best is trial 0 with value: 1.8123334646224976.
LOCAL_RANK: 0 - CUDA_VISIBLE_DEVICES: [0]
[I 2023-12-16 01:59:02,842] Trial 1 finished with value: 1.469037652015686 and parameters: {'gradient_clip_val': 0.18733199085312952, 'hidden_size': 5, 'dropout': 0.25475068240675636, 'hidden_continuous_size': 5, 'attention_head_size': 2, 'learning_rate': 0.002082049760451599}. Best is trial 1 with value: 1.469037652015686.
LOCAL_RANK: 0 - CUDA_VISIBLE_DEVICES: [0]
[I 2023-12-16 01:59:51,522] Trial 2 finished with value: 1.1062299013137817 and parameters: {'gradient_clip_val': 0.46762404927243756, 'hidden_size': 23, 'dropout': 0.35571838394557753, 'hidden_continuous_size': 18, 'attention_head_size': 1, 'learning_rate': 0.008503355570822959}. Best is trial 2 with value: 1.1062299013137817.
LOCAL_RANK: 0 - CUDA_VISIBLE_DEVICES: [0]
[I 2023-12-16 02:00:27,953] Trial 3 finished with value: 2.331324338912964 and parameters: {'gradient_clip_val': 0.7237545573557012, 'hidden_size': 8, 'dropout': 0.20188977988876167, 'hidden_continuous_size': 8, 'attention_head_size': 4, 'learning_rate': 0.0008253114206037809}. Best is trial 2 with value: 1.1062299013137817.
LOCAL_RANK: 0 - CUDA_VISIBLE_DEVICES: [0]
[I 2023-12-16 02:01:14,420] Trial 4 finished with value: 1.2621256113052368 and parameters: {'gradient_clip_val': 0.612563736019308, 'hidden_size': 6, 'dropout': 0.17816182603875497, 'hidden_continuous_size': 5, 'attention_head_size': 4, 'learning_rate': 0.002562608642821111}. Best is trial 2 with value: 1.1062299013137817.
LOCAL_RANK: 0 - CUDA_VISIBLE_DEVICES: [0]
[I 2023-12-16 02:01:58,450] Trial 5 finished with value: 2.45825457572937 and parameters: {'gradient_clip_val': 0.24140869149660182, 'hidden_size': 8, 'dropout': 0.332584746069873, 'hidden_continuous_size': 6, 'attention_head_size': 2, 'learning_rate': 0.0005739508706798368}. Best is trial 2 with value: 1.1062299013137817.
LOCAL_RANK: 0 - CUDA_VISIBLE_DEVICES: [0]
[I 2023-12-16 02:02:44,447] Trial 6 finished with value: 1.2432585954666138 and parameters: {'gradient_clip_val': 0.47764819175220813, 'hidden_size': 11, 'dropout': 0.1677317536659683, 'hidden_continuous_size': 7, 'attention_head_size': 3, 'learning_rate': 0.0029693746286759844}. Best is trial 2 with value: 1.1062299013137817.
LOCAL_RANK: 0 - CUDA_VISIBLE_DEVICES: [0]
[I 2023-12-16 02:03:36,023] Trial 7 finished with value: 0.22661380469799042 and parameters: {'gradient_clip_val': 0.11229923531378554, 'hidden_size': 42, 'dropout': 0.13657321047148197, 'hidden_continuous_size': 11, 'attention_head_size': 1, 'learning_rate': 0.0011348787610429203}. Best is trial 7 with value: 0.22661380469799042.
LOCAL_RANK: 0 - CUDA_VISIBLE_DEVICES: [0]
[I 2023-12-16 02:04:29,741] Trial 8 finished with value: 0.28987327218055725 and parameters: {'gradient_clip_val': 0.24027015011000885, 'hidden_size': 58, 'dropout': 0.3640149415091283, 'hidden_continuous_size': 34, 'attention_head_size': 2, 'learning_rate': 0.0011038202272359754}. Best is trial 7 with value: 0.22661380469799042.
LOCAL_RANK: 0 - CUDA_VISIBLE_DEVICES: [0]
[I 2023-12-16 02:05:21,250] Trial 9 finished with value: 0.5105213522911072 and parameters: {'gradient_clip_val': 0.43802816594791616, 'hidden_size': 68, 'dropout': 0.10839841615663864, 'hidden_continuous_size': 5, 'attention_head_size': 4, 'learning_rate': 0.0007083998719470649}. Best is trial 7 with value: 0.22661380469799042.
LOCAL_RANK: 0 - CUDA_VISIBLE_DEVICES: [0]
[I 2023-12-16 02:06:12,019] Trial 10 finished with value: 0.38916870951652527 and parameters: {'gradient_clip_val': 0.10275957941392527, 'hidden_size': 38, 'dropout': 0.2823866999192144, 'hidden_continuous_size': 11, 'attention_head_size': 1, 'learning_rate': 0.02754056726595541}. Best is trial 7 with value: 0.22661380469799042.
LOCAL_RANK: 0 - CUDA_VISIBLE_DEVICES: [0]
[I 2023-12-16 02:07:07,317] Trial 11 finished with value: 0.07626127451658249 and parameters: {'gradient_clip_val': 0.12555634816140362, 'hidden_size': 82, 'dropout': 0.39486386465222956, 'hidden_continuous_size': 45, 'attention_head_size': 2, 'learning_rate': 0.09408378656610822}. Best is trial 11 with value: 0.07626127451658249.
LOCAL_RANK: 0 - CUDA_VISIBLE_DEVICES: [0]
[I 2023-12-16 02:08:05,562] Trial 12 finished with value: 0.08860648423433304 and parameters: {'gradient_clip_val': 0.10565123581388072, 'hidden_size': 97, 'dropout': 0.3988971427695469, 'hidden_continuous_size': 81, 'attention_head_size': 3, 'learning_rate': 0.09775794974105}. Best is trial 11 with value: 0.07626127451658249.
LOCAL_RANK: 0 - CUDA_VISIBLE_DEVICES: [0]
[I 2023-12-16 02:09:03,507] Trial 13 finished with value: 0.16663767397403717 and parameters: {'gradient_clip_val': 0.14555314159616914, 'hidden_size': 90, 'dropout': 0.3975136215417606, 'hidden_continuous_size': 85, 'attention_head_size': 3, 'learning_rate': 0.09475447771218407}. Best is trial 11 with value: 0.07626127451658249.
LOCAL_RANK: 0 - CUDA_VISIBLE_DEVICES: [0]
[I 2023-12-16 02:10:01,484] Trial 14 finished with value: 0.11115565150976181 and parameters: {'gradient_clip_val': 0.14061766423200406, 'hidden_size': 100, 'dropout': 0.3891123168289181, 'hidden_continuous_size': 75, 'attention_head_size': 3, 'learning_rate': 0.08594606153738808}. Best is trial 11 with value: 0.07626127451658249.
LOCAL_RANK: 0 - CUDA_VISIBLE_DEVICES: [0]
[I 2023-12-16 02:10:56,726] Trial 15 finished with value: 0.08917932957410812 and parameters: {'gradient_clip_val': 0.10175006455446632, 'hidden_size': 66, 'dropout': 0.3029853557884369, 'hidden_continuous_size': 44, 'attention_head_size': 3, 'learning_rate': 0.044962258023657636}. Best is trial 11 with value: 0.07626127451658249.
LOCAL_RANK: 0 - CUDA_VISIBLE_DEVICES: [0]
[I 2023-12-16 02:11:53,213] Trial 16 finished with value: 0.5186715126037598 and parameters: {'gradient_clip_val': 0.14817069541926112, 'hidden_size': 96, 'dropout': 0.39912527677369763, 'hidden_continuous_size': 58, 'attention_head_size': 2, 'learning_rate': 0.030050061378426453}. Best is trial 11 with value: 0.07626127451658249.
LOCAL_RANK: 0 - CUDA_VISIBLE_DEVICES: [0]
[I 2023-12-16 02:12:46,664] Trial 17 finished with value: 0.0796077623963356 and parameters: {'gradient_clip_val': 0.9195704122998969, 'hidden_size': 45, 'dropout': 0.321849620966323, 'hidden_continuous_size': 28, 'attention_head_size': 3, 'learning_rate': 0.013469422913499859}. Best is trial 11 with value: 0.07626127451658249.
LOCAL_RANK: 0 - CUDA_VISIBLE_DEVICES: [0]
[I 2023-12-16 02:13:38,729] Trial 18 finished with value: 0.20026127994060516 and parameters: {'gradient_clip_val': 0.8879173572903709, 'hidden_size': 34, 'dropout': 0.3232939037723555, 'hidden_continuous_size': 21, 'attention_head_size': 2, 'learning_rate': 0.012740278249052587}. Best is trial 11 with value: 0.07626127451658249.
LOCAL_RANK: 0 - CUDA_VISIBLE_DEVICES: [0]
[I 2023-12-16 02:14:31,010] Trial 19 finished with value: 0.21176700294017792 and parameters: {'gradient_clip_val': 0.9962198640409603, 'hidden_size': 48, 'dropout': 0.3547021444912516, 'hidden_continuous_size': 27, 'attention_head_size': 3, 'learning_rate': 0.01466570210565169}. Best is trial 11 with value: 0.07626127451658249.
LOCAL_RANK: 0 - CUDA_VISIBLE_DEVICES: [0]
[I 2023-12-16 02:15:19,359] Trial 20 finished with value: 0.09101986885070801 and parameters: {'gradient_clip_val': 0.3503603019173314, 'hidden_size': 28, 'dropout': 0.2819593174926741, 'hidden_continuous_size': 16, 'attention_head_size': 2, 'learning_rate': 0.005759172473397254}. Best is trial 11 with value: 0.07626127451658249.
LOCAL_RANK: 0 - CUDA_VISIBLE_DEVICES: [0]
[I 2023-12-16 02:16:14,632] Trial 21 finished with value: 0.21962256729602814 and parameters: {'gradient_clip_val': 0.19355452426332662, 'hidden_size': 71, 'dropout': 0.37192643734675, 'hidden_continuous_size': 45, 'attention_head_size': 3, 'learning_rate': 0.05740750819297962}. Best is trial 11 with value: 0.07626127451658249.
LOCAL_RANK: 0 - CUDA_VISIBLE_DEVICES: [0]
[I 2023-12-16 02:17:07,367] Trial 22 finished with value: 0.16729404032230377 and parameters: {'gradient_clip_val': 0.12957510999731253, 'hidden_size': 48, 'dropout': 0.33661988527276154, 'hidden_continuous_size': 29, 'attention_head_size': 3, 'learning_rate': 0.06056798554140068}. Best is trial 11 with value: 0.07626127451658249.
LOCAL_RANK: 0 - CUDA_VISIBLE_DEVICES: [0]
[I 2023-12-16 02:18:03,392] Trial 23 finished with value: 0.17403848469257355 and parameters: {'gradient_clip_val': 0.13020183902684235, 'hidden_size': 76, 'dropout': 0.3726418636434342, 'hidden_continuous_size': 53, 'attention_head_size': 4, 'learning_rate': 0.09672915991064553}. Best is trial 11 with value: 0.07626127451658249.
LOCAL_RANK: 0 - CUDA_VISIBLE_DEVICES: [0]
[I 2023-12-16 02:18:57,202] Trial 24 finished with value: 0.21826715767383575 and parameters: {'gradient_clip_val': 0.1823185520768229, 'hidden_size': 53, 'dropout': 0.3450677731633126, 'hidden_continuous_size': 35, 'attention_head_size': 3, 'learning_rate': 0.02737936676623014}. Best is trial 11 with value: 0.07626127451658249.
LOCAL_RANK: 0 - CUDA_VISIBLE_DEVICES: [0]
[I 2023-12-16 02:19:52,583] Trial 25 finished with value: 0.15787647664546967 and parameters: {'gradient_clip_val': 0.10025996330985862, 'hidden_size': 73, 'dropout': 0.37657819145703314, 'hidden_continuous_size': 61, 'attention_head_size': 2, 'learning_rate': 0.04990524247466499}. Best is trial 11 with value: 0.07626127451658249.
LOCAL_RANK: 0 - CUDA_VISIBLE_DEVICES: [0]
[I 2023-12-16 02:20:46,860] Trial 26 finished with value: 0.15716047585010529 and parameters: {'gradient_clip_val': 0.239653763147665, 'hidden_size': 57, 'dropout': 0.3085309749603731, 'hidden_continuous_size': 39, 'attention_head_size': 3, 'learning_rate': 0.037404988118542024}. Best is trial 11 with value: 0.07626127451658249.
LOCAL_RANK: 0 - CUDA_VISIBLE_DEVICES: [0]
[I 2023-12-16 02:21:43,309] Trial 27 finished with value: 0.5740384459495544 and parameters: {'gradient_clip_val': 0.1199462822101242, 'hidden_size': 80, 'dropout': 0.3786274561818717, 'hidden_continuous_size': 66, 'attention_head_size': 4, 'learning_rate': 0.020771342524491733}. Best is trial 11 with value: 0.07626127451658249.
LOCAL_RANK: 0 - CUDA_VISIBLE_DEVICES: [0]
[I 2023-12-16 02:22:22,205] Trial 28 finished with value: 0.17495809495449066 and parameters: {'gradient_clip_val': 0.5919040928470639, 'hidden_size': 87, 'dropout': 0.35351034915857804, 'hidden_continuous_size': 87, 'attention_head_size': 2, 'learning_rate': 0.06969930350535927}. Best is trial 11 with value: 0.07626127451658249.
LOCAL_RANK: 0 - CUDA_VISIBLE_DEVICES: [0]
[I 2023-12-16 02:23:12,385] Trial 29 finished with value: 0.12229480594396591 and parameters: {'gradient_clip_val': 0.2975111924909363, 'hidden_size': 32, 'dropout': 0.3999984433162464, 'hidden_continuous_size': 24, 'attention_head_size': 1, 'learning_rate': 0.042908082946719314}. Best is trial 11 with value: 0.07626127451658249.
LOCAL_RANK: 0 - CUDA_VISIBLE_DEVICES: [0]
[I 2023-12-16 02:24:06,313] Trial 30 finished with value: 0.2130364626646042 and parameters: {'gradient_clip_val': 0.11640498167755163, 'hidden_size': 45, 'dropout': 0.33085512558162056, 'hidden_continuous_size': 33, 'attention_head_size': 3, 'learning_rate': 0.06442232761799281}. Best is trial 11 with value: 0.07626127451658249.
LOCAL_RANK: 0 - CUDA_VISIBLE_DEVICES: [0]
[I 2023-12-16 02:25:01,131] Trial 31 finished with value: 0.15560990571975708 and parameters: {'gradient_clip_val': 0.10068916741573208, 'hidden_size': 59, 'dropout': 0.3051649341793473, 'hidden_continuous_size': 45, 'attention_head_size': 3, 'learning_rate': 0.03928900145418777}. Best is trial 11 with value: 0.07626127451658249.
LOCAL_RANK: 0 - CUDA_VISIBLE_DEVICES: [0]
[I 2023-12-16 02:25:54,994] Trial 32 finished with value: 0.12339089065790176 and parameters: {'gradient_clip_val': 0.16733652606267016, 'hidden_size': 64, 'dropout': 0.37952681156305595, 'hidden_continuous_size': 50, 'attention_head_size': 3, 'learning_rate': 0.07505638578202761}. Best is trial 11 with value: 0.07626127451658249.
LOCAL_RANK: 0 - CUDA_VISIBLE_DEVICES: [0]
[I 2023-12-16 02:26:50,140] Trial 33 finished with value: 0.09851714223623276 and parameters: {'gradient_clip_val': 0.12539844068153563, 'hidden_size': 79, 'dropout': 0.35657184821456667, 'hidden_continuous_size': 44, 'attention_head_size': 2, 'learning_rate': 0.09980819038597034}. Best is trial 11 with value: 0.07626127451658249.
LOCAL_RANK: 0 - CUDA_VISIBLE_DEVICES: [0]
[I 2023-12-16 02:27:48,684] Trial 34 finished with value: 0.16026504337787628 and parameters: {'gradient_clip_val': 0.16422543661977107, 'hidden_size': 98, 'dropout': 0.2503460287539237, 'hidden_continuous_size': 92, 'attention_head_size': 3, 'learning_rate': 0.051489834203661766}. Best is trial 11 with value: 0.07626127451658249.
LOCAL_RANK: 0 - CUDA_VISIBLE_DEVICES: [0]
[I 2023-12-16 02:28:43,859] Trial 35 finished with value: 0.10573158413171768 and parameters: {'gradient_clip_val': 0.11590046780311408, 'hidden_size': 65, 'dropout': 0.3144260876503413, 'hidden_continuous_size': 40, 'attention_head_size': 4, 'learning_rate': 0.06613512220375048}. Best is trial 11 with value: 0.07626127451658249.
LOCAL_RANK: 0 - CUDA_VISIBLE_DEVICES: [0]
[I 2023-12-16 02:29:37,387] Trial 36 finished with value: 0.12911434471607208 and parameters: {'gradient_clip_val': 0.13795746330193587, 'hidden_size': 53, 'dropout': 0.34187929285623325, 'hidden_continuous_size': 38, 'attention_head_size': 2, 'learning_rate': 0.0441582805044122}. Best is trial 11 with value: 0.07626127451658249.
LOCAL_RANK: 0 - CUDA_VISIBLE_DEVICES: [0]
[I 2023-12-16 02:30:34,560] Trial 37 finished with value: 0.22158044576644897 and parameters: {'gradient_clip_val': 0.11118462128586726, 'hidden_size': 82, 'dropout': 0.23365173421888094, 'hidden_continuous_size': 66, 'attention_head_size': 3, 'learning_rate': 0.021411964233852797}. Best is trial 11 with value: 0.07626127451658249.
LOCAL_RANK: 0 - CUDA_VISIBLE_DEVICES: [0]
[I 2023-12-16 02:31:28,057] Trial 38 finished with value: 0.13363046944141388 and parameters: {'gradient_clip_val': 0.1540751121782759, 'hidden_size': 41, 'dropout': 0.358919372044715, 'hidden_continuous_size': 30, 'attention_head_size': 4, 'learning_rate': 0.07667146088981991}. Best is trial 11 with value: 0.07626127451658249.
LOCAL_RANK: 0 - CUDA_VISIBLE_DEVICES: [0]
