[I 2023-12-26 14:37:56,384] Trial 1 finished with value: 52.24853515625 and parameters: {'gradient_clip_val': 0.3775327142190444, 'hidden_size': 23, 'dropout': 0.2880184645606505, 'hidden_continuous_size': 16, 'attention_head_size': 3, 'learning_rate': 0.0015823512665854357}. Best is trial 0 with value: 30.610939025878906.
[I 2023-12-26 14:38:02,208] Trial 2 finished with value: 125.92733001708984 and parameters: {'gradient_clip_val': 0.20749167242462446, 'hidden_size': 69, 'dropout': 0.13549538840650813, 'hidden_continuous_size': 48, 'attention_head_size': 1, 'learning_rate': 0.015022193550935595}. Best is trial 0 with value: 30.610939025878906.
[I 2023-12-26 14:38:04,127] Trial 3 finished with value: 176.96221923828125 and parameters: {'gradient_clip_val': 0.7608437900317181, 'hidden_size': 5, 'dropout': 0.35908033498150205, 'hidden_continuous_size': 5, 'attention_head_size': 4, 'learning_rate': 0.003480717384288845}. Best is trial 0 with value: 30.610939025878906.
[I 2023-12-26 14:38:06,324] Trial 4 finished with value: 122.52643585205078 and parameters: {'gradient_clip_val': 0.5870382272803075, 'hidden_size': 11, 'dropout': 0.22911978712347458, 'hidden_continuous_size': 10, 'attention_head_size': 3, 'learning_rate': 0.0006249013405812887}. Best is trial 0 with value: 30.610939025878906.
[I 2023-12-26 14:38:16,005] Trial 5 finished with value: 154.1378631591797 and parameters: {'gradient_clip_val': 0.7091366784147627, 'hidden_size': 122, 'dropout': 0.308144558975024, 'hidden_continuous_size': 77, 'attention_head_size': 2, 'learning_rate': 0.0027519342082255546}. Best is trial 0 with value: 30.610939025878906.
[I 2023-12-26 14:38:18,179] Trial 6 finished with value: 137.84954833984375 and parameters: {'gradient_clip_val': 0.8931248493812352, 'hidden_size': 10, 'dropout': 0.39767167026193806, 'hidden_continuous_size': 5, 'attention_head_size': 4, 'learning_rate': 0.000639364669744305}. Best is trial 0 with value: 30.610939025878906.
[I 2023-12-26 14:38:20,508] Trial 7 finished with value: 158.22183227539062 and parameters: {'gradient_clip_val': 0.5247066068055147, 'hidden_size': 15, 'dropout': 0.35007512691481957, 'hidden_continuous_size': 5, 'attention_head_size': 4, 'learning_rate': 0.038477999831987963}. Best is trial 0 with value: 30.610939025878906.
[I 2023-12-26 14:38:22,673] Trial 8 finished with value: 141.50653076171875 and parameters: {'gradient_clip_val': 0.1103939063518146, 'hidden_size': 10, 'dropout': 0.22747783352699935, 'hidden_continuous_size': 6, 'attention_head_size': 2, 'learning_rate': 0.0055451154009465405}. Best is trial 0 with value: 30.610939025878906.
[I 2023-12-26 14:38:27,993] Trial 9 finished with value: 143.884765625 and parameters: {'gradient_clip_val': 0.42442382476955526, 'hidden_size': 61, 'dropout': 0.40655246847647886, 'hidden_continuous_size': 11, 'attention_head_size': 4, 'learning_rate': 0.00396307337365278}. Best is trial 0 with value: 30.610939025878906.
[I 2023-12-26 14:38:29,811] Trial 10 finished with value: 107.18834686279297 and parameters: {'gradient_clip_val': 0.2500494926041588, 'hidden_size': 5, 'dropout': 0.49950401394710464, 'hidden_continuous_size': 5, 'attention_head_size': 1, 'learning_rate': 0.08645351133082516}. Best is trial 0 with value: 30.610939025878906.
[I 2023-12-26 14:38:32,760] Trial 11 finished with value: 140.95057678222656 and parameters: {'gradient_clip_val': 0.9091660050132021, 'hidden_size': 25, 'dropout': 0.10997137066374038, 'hidden_continuous_size': 11, 'attention_head_size': 3, 'learning_rate': 0.0013583068088539624}. Best is trial 0 with value: 30.610939025878906.
[I 2023-12-26 14:38:35,501] Trial 12 finished with value: 157.22230529785156 and parameters: {'gradient_clip_val': 0.40707861490769065, 'hidden_size': 28, 'dropout': 0.18960645286703648, 'hidden_continuous_size': 16, 'attention_head_size': 2, 'learning_rate': 0.0005105836443114422}. Best is trial 0 with value: 30.610939025878906.
[I 2023-12-26 14:38:38,139] Trial 13 finished with value: 113.83096313476562 and parameters: {'gradient_clip_val': 0.3256109226477098, 'hidden_size': 25, 'dropout': 0.1780980326691311, 'hidden_continuous_size': 7, 'attention_head_size': 3, 'learning_rate': 0.001455928117673102}. Best is trial 0 with value: 30.610939025878906.
[I 2023-12-26 14:38:40,397] Trial 14 finished with value: 151.4423828125 and parameters: {'gradient_clip_val': 0.5841886912408141, 'hidden_size': 17, 'dropout': 0.2519848733804329, 'hidden_continuous_size': 7, 'attention_head_size': 1, 'learning_rate': 0.0012718431344990082}. Best is trial 0 with value: 30.610939025878906.
[I 2023-12-26 14:38:42,470] Trial 15 finished with value: 113.54373168945312 and parameters: {'gradient_clip_val': 0.9431424893647445, 'hidden_size': 7, 'dropout': 0.1072681392521641, 'hidden_continuous_size': 5, 'attention_head_size': 2, 'learning_rate': 0.011266852000607916}. Best is trial 0 with value: 30.610939025878906.
[I 2023-12-26 14:38:44,654] Trial 16 finished with value: 154.8768310546875 and parameters: {'gradient_clip_val': 0.43073391157155505, 'hidden_size': 16, 'dropout': 0.27766521975711733, 'hidden_continuous_size': 8, 'attention_head_size': 3, 'learning_rate': 0.0019514699144199223}. Best is trial 0 with value: 30.610939025878906.
[I 2023-12-26 14:38:46,646] Trial 17 finished with value: 135.85906982421875 and parameters: {'gradient_clip_val': 0.6903997380691256, 'hidden_size': 8, 'dropout': 0.1720341544858814, 'hidden_continuous_size': 6, 'attention_head_size': 1, 'learning_rate': 0.0009264625503997085}. Best is trial 0 with value: 30.610939025878906.
[I 2023-12-26 14:38:48,709] Trial 18 finished with value: 130.2006072998047 and parameters: {'gradient_clip_val': 0.30875561992970374, 'hidden_size': 7, 'dropout': 0.1466504214076305, 'hidden_continuous_size': 5, 'attention_head_size': 2, 'learning_rate': 0.0009159290357159775}. Best is trial 0 with value: 30.610939025878906.
[I 2023-12-26 14:38:51,950] Trial 19 finished with value: 181.99395751953125 and parameters: {'gradient_clip_val': 0.9873735929750893, 'hidden_size': 41, 'dropout': 0.20424603811740266, 'hidden_continuous_size': 16, 'attention_head_size': 3, 'learning_rate': 0.0022061958099928894}. Best is trial 0 with value: 30.610939025878906.
[I 2023-12-26 14:38:54,144] Trial 20 finished with value: 104.20389556884766 and parameters: {'gradient_clip_val': 0.5013052235967065, 'hidden_size': 13, 'dropout': 0.26529677069208146, 'hidden_continuous_size': 6, 'attention_head_size': 1, 'learning_rate': 0.0009191279948959615}. Best is trial 0 with value: 30.610939025878906.
[I 2023-12-26 14:38:56,235] Trial 21 finished with value: 134.4352264404297 and parameters: {'gradient_clip_val': 0.5187858232175141, 'hidden_size': 16, 'dropout': 0.2588744446783474, 'hidden_continuous_size': 6, 'attention_head_size': 1, 'learning_rate': 0.0005015488584660356}. Best is trial 0 with value: 30.610939025878906.
[I 2023-12-26 14:38:58,403] Trial 22 finished with value: 144.4708251953125 and parameters: {'gradient_clip_val': 0.6899731634944931, 'hidden_size': 12, 'dropout': 0.29777253818689275, 'hidden_continuous_size': 6, 'attention_head_size': 1, 'learning_rate': 0.0009100721652260831}. Best is trial 0 with value: 30.610939025878906.
[I 2023-12-26 14:39:01,125] Trial 23 finished with value: 116.36001586914062 and parameters: {'gradient_clip_val': 0.4841538357654965, 'hidden_size': 21, 'dropout': 0.2228641439202896, 'hidden_continuous_size': 8, 'attention_head_size': 2, 'learning_rate': 0.001908771913075122}. Best is trial 0 with value: 30.610939025878906.
[I 2023-12-26 14:39:03,342] Trial 24 finished with value: 141.04209899902344 and parameters: {'gradient_clip_val': 0.6252530283355019, 'hidden_size': 13, 'dropout': 0.15016538220880643, 'hidden_continuous_size': 6, 'attention_head_size': 1, 'learning_rate': 0.0008790656210039807}. Best is trial 0 with value: 30.610939025878906.
[I 2023-12-26 14:39:05,691] Trial 25 finished with value: 157.41510009765625 and parameters: {'gradient_clip_val': 0.7722896185535257, 'hidden_size': 19, 'dropout': 0.2040660736873324, 'hidden_continuous_size': 7, 'attention_head_size': 2, 'learning_rate': 0.0013763618207601107}. Best is trial 0 with value: 30.610939025878906.
[I 2023-12-26 14:39:08,762] Trial 26 finished with value: 154.51536560058594 and parameters: {'gradient_clip_val': 0.5859845391812916, 'hidden_size': 34, 'dropout': 0.2571666578040418, 'hidden_continuous_size': 16, 'attention_head_size': 3, 'learning_rate': 0.0007382798763781688}. Best is trial 0 with value: 30.610939025878906.
[I 2023-12-26 14:39:11,034] Trial 27 finished with value: 128.71018981933594 and parameters: {'gradient_clip_val': 0.3672090304183314, 'hidden_size': 14, 'dropout': 0.1042280246297852, 'hidden_continuous_size': 6, 'attention_head_size': 1, 'learning_rate': 0.0005004128033783857}. Best is trial 0 with value: 30.610939025878906.
[I 2023-12-26 14:39:13,153] Trial 28 finished with value: 150.06654357910156 and parameters: {'gradient_clip_val': 0.4707974485308526, 'hidden_size': 9, 'dropout': 0.16656848219845413, 'hidden_continuous_size': 5, 'attention_head_size': 2, 'learning_rate': 0.001183485361437688}. Best is trial 0 with value: 30.610939025878906.
[I 2023-12-26 14:39:15,537] Trial 29 finished with value: 132.789794921875 and parameters: {'gradient_clip_val': 0.276550390569604, 'hidden_size': 20, 'dropout': 0.1349084100060225, 'hidden_continuous_size': 13, 'attention_head_size': 1, 'learning_rate': 0.0027480967729698632}. Best is trial 0 with value: 30.610939025878906.
[I 2023-12-26 14:39:17,693] Trial 30 finished with value: 161.73226928710938 and parameters: {'gradient_clip_val': 0.3876977509959197, 'hidden_size': 12, 'dropout': 0.1364367822788924, 'hidden_continuous_size': 8, 'attention_head_size': 1, 'learning_rate': 0.005886280220218066}. Best is trial 0 with value: 30.610939025878906.
[I 2023-12-26 14:39:19,534] Trial 31 finished with value: 139.7213134765625 and parameters: {'gradient_clip_val': 0.24470181646306377, 'hidden_size': 5, 'dropout': 0.4973688103855462, 'hidden_continuous_size': 5, 'attention_head_size': 1, 'learning_rate': 0.050016040688270154}. Best is trial 0 with value: 30.610939025878906.
[I 2023-12-26 14:39:21,395] Trial 32 finished with value: 141.6287384033203 and parameters: {'gradient_clip_val': 0.2027849961392295, 'hidden_size': 5, 'dropout': 0.31195968865181933, 'hidden_continuous_size': 5, 'attention_head_size': 1, 'learning_rate': 0.09994225511263292}. Best is trial 0 with value: 30.610939025878906.
[I 2023-12-26 14:39:23,465] Trial 33 finished with value: 113.26522064208984 and parameters: {'gradient_clip_val': 0.3316968613886511, 'hidden_size': 7, 'dropout': 0.3244362289550046, 'hidden_continuous_size': 5, 'attention_head_size': 1, 'learning_rate': 0.007538234086083016}. Best is trial 0 with value: 30.610939025878906.
[I 2023-12-26 14:39:25,441] Trial 34 finished with value: 109.97949981689453 and parameters: {'gradient_clip_val': 0.7982060784543674, 'hidden_size': 6, 'dropout': 0.2804418849610249, 'hidden_continuous_size': 5, 'attention_head_size': 1, 'learning_rate': 0.014039032075694877}. Best is trial 0 with value: 30.610939025878906.
[I 2023-12-26 14:39:27,871] Trial 35 finished with value: 133.70999145507812 and parameters: {'gradient_clip_val': 0.8443309812898513, 'hidden_size': 9, 'dropout': 0.3411818329914168, 'hidden_continuous_size': 6, 'attention_head_size': 3, 'learning_rate': 0.00066883675603644}. Best is trial 0 with value: 30.610939025878906.
[I 2023-12-26 14:39:30,081] Trial 36 finished with value: 125.41703033447266 and parameters: {'gradient_clip_val': 0.6347901044749134, 'hidden_size': 11, 'dropout': 0.38235157343079107, 'hidden_continuous_size': 7, 'attention_head_size': 2, 'learning_rate': 0.003366412564481309}. Best is trial 0 with value: 30.610939025878906.
[I 2023-12-26 14:39:32,158] Trial 37 finished with value: 114.66983032226562 and parameters: {'gradient_clip_val': 0.775208768361582, 'hidden_size': 6, 'dropout': 0.32953016897192033, 'hidden_continuous_size': 5, 'attention_head_size': 4, 'learning_rate': 0.022731246783531122}. Best is trial 0 with value: 30.610939025878906.
[I 2023-12-26 14:39:34,329] Trial 38 finished with value: 103.3685302734375 and parameters: {'gradient_clip_val': 0.5464471875474872, 'hidden_size': 10, 'dropout': 0.36036551205155565, 'hidden_continuous_size': 6, 'attention_head_size': 1, 'learning_rate': 0.00449214640114967}. Best is trial 0 with value: 30.610939025878906.
[I 2023-12-26 14:39:36,629] Trial 39 finished with value: 131.2225341796875 and parameters: {'gradient_clip_val': 0.5259362980466017, 'hidden_size': 14, 'dropout': 0.3615546892381426, 'hidden_continuous_size': 10, 'attention_head_size': 2, 'learning_rate': 0.0006816904580941282}. Best is trial 0 with value: 30.610939025878906.
[I 2023-12-26 14:39:38,823] Trial 40 finished with value: 148.1874542236328 and parameters: {'gradient_clip_val': 0.7093783150917022, 'hidden_size': 10, 'dropout': 0.2422772259724102, 'hidden_continuous_size': 6, 'attention_head_size': 3, 'learning_rate': 0.0016877497247263353}. Best is trial 0 with value: 30.610939025878906.
[I 2023-12-26 14:39:40,922] Trial 41 finished with value: 156.5486297607422 and parameters: {'gradient_clip_val': 0.45333588716991335, 'hidden_size': 9, 'dropout': 0.43249857653995355, 'hidden_continuous_size': 6, 'attention_head_size': 1, 'learning_rate': 0.004479216976630581}. Best is trial 0 with value: 30.610939025878906.
[I 2023-12-26 14:39:43,103] Trial 42 finished with value: 127.9710693359375 and parameters: {'gradient_clip_val': 0.5449001681081056, 'hidden_size': 12, 'dropout': 0.29467413500896117, 'hidden_continuous_size': 9, 'attention_head_size': 1, 'learning_rate': 0.0025892585157261485}. Best is trial 0 with value: 30.610939025878906.
[I 2023-12-26 14:39:45,252] Trial 43 finished with value: 137.11094665527344 and parameters: {'gradient_clip_val': 0.38349835607944843, 'hidden_size': 10, 'dropout': 0.35675151726196763, 'hidden_continuous_size': 7, 'attention_head_size': 1, 'learning_rate': 0.0036840281003849566}. Best is trial 0 with value: 30.610939025878906.
[I 2023-12-26 14:39:47,280] Trial 44 finished with value: 149.14572143554688 and parameters: {'gradient_clip_val': 0.8620880351013686, 'hidden_size': 6, 'dropout': 0.2799699758867065, 'hidden_continuous_size': 5, 'attention_head_size': 1, 'learning_rate': 0.008545104125824888}. Best is trial 0 with value: 30.610939025878906.
[I 2023-12-26 14:39:49,279] Trial 45 finished with value: 135.95985412597656 and parameters: {'gradient_clip_val': 0.47632087814651664, 'hidden_size': 8, 'dropout': 0.43384904969372373, 'hidden_continuous_size': 6, 'attention_head_size': 1, 'learning_rate': 0.0011308303689440608}. Best is trial 0 with value: 30.610939025878906.
[I 2023-12-26 14:39:51,669] Trial 46 finished with value: 157.6949005126953 and parameters: {'gradient_clip_val': 0.9984601110292324, 'hidden_size': 14, 'dropout': 0.3168439968707525, 'hidden_continuous_size': 9, 'attention_head_size': 4, 'learning_rate': 0.0016544775825650504}. Best is trial 0 with value: 30.610939025878906.
[I 2023-12-26 14:39:54,302] Trial 47 finished with value: 165.2292022705078 and parameters: {'gradient_clip_val': 0.6256563866527504, 'hidden_size': 17, 'dropout': 0.3003782479839445, 'hidden_continuous_size': 14, 'attention_head_size': 2, 'learning_rate': 0.005394505645921128}. Best is trial 0 with value: 30.610939025878906.
[I 2023-12-26 14:39:56,957] Trial 48 finished with value: 145.4877471923828 and parameters: {'gradient_clip_val': 0.4270383720739277, 'hidden_size': 23, 'dropout': 0.2194384644814168, 'hidden_continuous_size': 20, 'attention_head_size': 1, 'learning_rate': 0.0030663857630183963}. Best is trial 0 with value: 30.610939025878906.
[I 2023-12-26 14:39:59,370] Trial 49 finished with value: 132.25869750976562 and parameters: {'gradient_clip_val': 0.5631448173599529, 'hidden_size': 18, 'dropout': 0.23672807873684698, 'hidden_continuous_size': 12, 'attention_head_size': 3, 'learning_rate': 0.0024954669515794}. Best is trial 0 with value: 30.610939025878906.
[I 2023-12-26 14:39:59,514] A new study created in memory with name: no-name-bee8ef03-3847-4e0c-bcae-63fae7aeb5a1
/home/le004/conda/anaconda3/envs/tsff_env/lib/python3.9/site-packages/lightning/fabric/plugins/environments/slurm.py:191: The `srun` command is available on your system but is not used. HINT: If your intention is to run Lightning on SLURM, prepend your python command with `srun` like so: srun python /home/le004/master_thesis/git/TSFusionForecast/code/ ...
[I 2023-12-26 14:42:20,449] Trial 0 finished with value: 28.739173889160156 and parameters: {'gradient_clip_val': 0.16475684578625877, 'hidden_size': 19, 'dropout': 0.21666318746969884, 'hidden_continuous_size': 5, 'attention_head_size': 2, 'learning_rate': 0.04867908487134512}. Best is trial 0 with value: 28.739173889160156.
[I 2023-12-26 14:42:23,728] Trial 1 finished with value: 103.10381317138672 and parameters: {'gradient_clip_val': 0.8681409283930753, 'hidden_size': 33, 'dropout': 0.20475377655940835, 'hidden_continuous_size': 6, 'attention_head_size': 2, 'learning_rate': 0.004542554154923772}. Best is trial 0 with value: 28.739173889160156.
[I 2023-12-26 14:42:26,423] Trial 2 finished with value: 76.91534423828125 and parameters: {'gradient_clip_val': 0.17965252301480095, 'hidden_size': 26, 'dropout': 0.2526320533676776, 'hidden_continuous_size': 21, 'attention_head_size': 1, 'learning_rate': 0.0006645234393634935}. Best is trial 0 with value: 28.739173889160156.
[I 2023-12-26 14:42:35,431] Trial 3 finished with value: 101.44161224365234 and parameters: {'gradient_clip_val': 0.712056586602813, 'hidden_size': 127, 'dropout': 0.1720587008703206, 'hidden_continuous_size': 13, 'attention_head_size': 2, 'learning_rate': 0.0007399458569216826}. Best is trial 0 with value: 28.739173889160156.
[I 2023-12-26 14:42:38,786] Trial 4 finished with value: 98.44284057617188 and parameters: {'gradient_clip_val': 0.2321989353630171, 'hidden_size': 30, 'dropout': 0.22383247642643556, 'hidden_continuous_size': 27, 'attention_head_size': 2, 'learning_rate': 0.0018510989032504874}. Best is trial 0 with value: 28.739173889160156.
[I 2023-12-26 14:42:40,742] Trial 5 finished with value: 101.28433227539062 and parameters: {'gradient_clip_val': 0.6911366610706706, 'hidden_size': 10, 'dropout': 0.421206746481239, 'hidden_continuous_size': 8, 'attention_head_size': 1, 'learning_rate': 0.010337642074736177}. Best is trial 0 with value: 28.739173889160156.
[I 2023-12-26 14:42:43,632] Trial 6 finished with value: 120.98931121826172 and parameters: {'gradient_clip_val': 0.1001056192570952, 'hidden_size': 37, 'dropout': 0.1971963558306261, 'hidden_continuous_size': 11, 'attention_head_size': 2, 'learning_rate': 0.002038947308141446}. Best is trial 0 with value: 28.739173889160156.
[I 2023-12-26 14:42:45,669] Trial 7 finished with value: 118.95494842529297 and parameters: {'gradient_clip_val': 0.36251354585220386, 'hidden_size': 9, 'dropout': 0.2937674613228481, 'hidden_continuous_size': 8, 'attention_head_size': 4, 'learning_rate': 0.028415515165607027}. Best is trial 0 with value: 28.739173889160156.
[I 2023-12-26 14:42:54,506] Trial 8 finished with value: 108.59515380859375 and parameters: {'gradient_clip_val': 0.7211926452975433, 'hidden_size': 131, 'dropout': 0.22583314627877688, 'hidden_continuous_size': 12, 'attention_head_size': 2, 'learning_rate': 0.08749739375572249}. Best is trial 0 with value: 28.739173889160156.
[I 2023-12-26 14:42:58,535] Trial 9 finished with value: 87.14718627929688 and parameters: {'gradient_clip_val': 0.3102580533465882, 'hidden_size': 64, 'dropout': 0.4056164691163515, 'hidden_continuous_size': 5, 'attention_head_size': 4, 'learning_rate': 0.009719312376535685}. Best is trial 0 with value: 28.739173889160156.
[I 2023-12-26 14:43:00,501] Trial 10 finished with value: 116.4615707397461 and parameters: {'gradient_clip_val': 0.10976294142164753, 'hidden_size': 5, 'dropout': 0.10410548919501894, 'hidden_continuous_size': 5, 'attention_head_size': 3, 'learning_rate': 0.09659717228974088}. Best is trial 0 with value: 28.739173889160156.
[I 2023-12-26 14:43:02,639] Trial 11 finished with value: 90.68045806884766 and parameters: {'gradient_clip_val': 0.16409900892466364, 'hidden_size': 16, 'dropout': 0.3082743862502371, 'hidden_continuous_size': 6, 'attention_head_size': 1, 'learning_rate': 0.0007322032486428238}. Best is trial 0 with value: 28.739173889160156.
[I 2023-12-26 14:43:05,007] Trial 12 finished with value: 69.40679168701172 and parameters: {'gradient_clip_val': 0.1694615185786192, 'hidden_size': 18, 'dropout': 0.3077236145980506, 'hidden_continuous_size': 18, 'attention_head_size': 1, 'learning_rate': 0.02772717871405865}. Best is trial 0 with value: 28.739173889160156.
[I 2023-12-26 14:43:07,317] Trial 13 finished with value: 87.1513671875 and parameters: {'gradient_clip_val': 0.1498507770020199, 'hidden_size': 18, 'dropout': 0.3491049887156341, 'hidden_continuous_size': 9, 'attention_head_size': 3, 'learning_rate': 0.03163261707714483}. Best is trial 0 with value: 28.739173889160156.
[I 2023-12-26 14:43:09,508] Trial 14 finished with value: 80.93960571289062 and parameters: {'gradient_clip_val': 0.22706938832258636, 'hidden_size': 15, 'dropout': 0.4776712917277729, 'hidden_continuous_size': 6, 'attention_head_size': 1, 'learning_rate': 0.03042315419036603}. Best is trial 0 with value: 28.739173889160156.
[I 2023-12-26 14:43:12,857] Trial 15 finished with value: 84.70047760009766 and parameters: {'gradient_clip_val': 0.13330971973158656, 'hidden_size': 46, 'dropout': 0.28733407415693996, 'hidden_continuous_size': 18, 'attention_head_size': 3, 'learning_rate': 0.047925215505571224}. Best is trial 0 with value: 28.739173889160156.
