[I 2023-12-26 17:22:37,286] Trial 28 finished with value: 76.63553619384766 and parameters: {'gradient_clip_val': 0.22336205603726758, 'hidden_size': 15, 'dropout': 0.2397811910207246, 'hidden_continuous_size': 8, 'attention_head_size': 2, 'learning_rate': 0.039483585899534934}. Best is trial 27 with value: 55.3727912902832.
[I 2023-12-26 17:22:40,305] Trial 29 finished with value: 85.6208724975586 and parameters: {'gradient_clip_val': 0.1475615798371329, 'hidden_size': 23, 'dropout': 0.28478468225631365, 'hidden_continuous_size': 9, 'attention_head_size': 1, 'learning_rate': 0.06936490129369452}. Best is trial 27 with value: 55.3727912902832.
[I 2023-12-26 17:22:42,886] Trial 30 finished with value: 69.39849090576172 and parameters: {'gradient_clip_val': 0.2568151308002097, 'hidden_size': 19, 'dropout': 0.3133589099727185, 'hidden_continuous_size': 8, 'attention_head_size': 4, 'learning_rate': 0.033096477335917994}. Best is trial 27 with value: 55.3727912902832.
[I 2023-12-26 17:22:46,307] Trial 31 finished with value: 78.99837493896484 and parameters: {'gradient_clip_val': 0.11146494167539338, 'hidden_size': 35, 'dropout': 0.3486430988700483, 'hidden_continuous_size': 11, 'attention_head_size': 3, 'learning_rate': 0.022437779640823382}. Best is trial 27 with value: 55.3727912902832.
[I 2023-12-26 17:22:49,037] Trial 32 finished with value: 81.60533142089844 and parameters: {'gradient_clip_val': 0.1339753056365945, 'hidden_size': 24, 'dropout': 0.3566113585167537, 'hidden_continuous_size': 11, 'attention_head_size': 3, 'learning_rate': 0.0127117444007954}. Best is trial 27 with value: 55.3727912902832.
[I 2023-12-26 17:22:52,080] Trial 33 finished with value: 80.12828826904297 and parameters: {'gradient_clip_val': 0.14691128624717026, 'hidden_size': 29, 'dropout': 0.32212868648150894, 'hidden_continuous_size': 12, 'attention_head_size': 3, 'learning_rate': 0.025558859892916334}. Best is trial 27 with value: 55.3727912902832.
[I 2023-12-26 17:22:55,706] Trial 34 finished with value: 69.54067993164062 and parameters: {'gradient_clip_val': 0.11622344109115859, 'hidden_size': 41, 'dropout': 0.38021856003492704, 'hidden_continuous_size': 16, 'attention_head_size': 3, 'learning_rate': 0.017364222896487973}. Best is trial 27 with value: 55.3727912902832.
[I 2023-12-26 17:22:59,860] Trial 35 finished with value: 68.55814361572266 and parameters: {'gradient_clip_val': 0.1667172944242872, 'hidden_size': 51, 'dropout': 0.34618085622241834, 'hidden_continuous_size': 14, 'attention_head_size': 3, 'learning_rate': 0.025800222172778456}. Best is trial 27 with value: 55.3727912902832.
[I 2023-12-26 17:23:02,658] Trial 36 finished with value: 65.1024398803711 and parameters: {'gradient_clip_val': 0.13151675814120944, 'hidden_size': 25, 'dropout': 0.2659311284535782, 'hidden_continuous_size': 7, 'attention_head_size': 4, 'learning_rate': 0.018869246533890695}. Best is trial 27 with value: 55.3727912902832.
[I 2023-12-26 17:23:05,163] Trial 37 finished with value: 87.36328125 and parameters: {'gradient_clip_val': 0.1127109978792206, 'hidden_size': 15, 'dropout': 0.21869072847180276, 'hidden_continuous_size': 8, 'attention_head_size': 3, 'learning_rate': 0.012768453496539744}. Best is trial 27 with value: 55.3727912902832.
[I 2023-12-26 17:23:07,481] Trial 38 finished with value: 84.6956787109375 and parameters: {'gradient_clip_val': 0.14272998334683212, 'hidden_size': 11, 'dropout': 0.3071752883136401, 'hidden_continuous_size': 7, 'attention_head_size': 2, 'learning_rate': 0.008370887291800043}. Best is trial 27 with value: 55.3727912902832.
[I 2023-12-26 17:23:10,149] Trial 39 finished with value: 78.09965515136719 and parameters: {'gradient_clip_val': 0.19245883875996725, 'hidden_size': 21, 'dropout': 0.3292126985043542, 'hidden_continuous_size': 9, 'attention_head_size': 4, 'learning_rate': 0.00574275103521142}. Best is trial 27 with value: 55.3727912902832.
[I 2023-12-26 17:23:13,433] Trial 40 finished with value: 69.73905181884766 and parameters: {'gradient_clip_val': 0.16459806172880231, 'hidden_size': 33, 'dropout': 0.2797181902823426, 'hidden_continuous_size': 15, 'attention_head_size': 3, 'learning_rate': 0.010600811077495206}. Best is trial 27 with value: 55.3727912902832.
[I 2023-12-26 17:23:16,298] Trial 41 finished with value: 63.01741027832031 and parameters: {'gradient_clip_val': 0.13336323861506277, 'hidden_size': 18, 'dropout': 0.4045763072821551, 'hidden_continuous_size': 8, 'attention_head_size': 3, 'learning_rate': 0.009352222669825182}. Best is trial 27 with value: 55.3727912902832.
[I 2023-12-26 17:23:19,206] Trial 42 finished with value: 69.30613708496094 and parameters: {'gradient_clip_val': 0.12463774172860091, 'hidden_size': 26, 'dropout': 0.3708029023453607, 'hidden_continuous_size': 18, 'attention_head_size': 3, 'learning_rate': 0.013336995441488909}. Best is trial 27 with value: 55.3727912902832.
[I 2023-12-26 17:23:21,896] Trial 43 finished with value: 58.29783630371094 and parameters: {'gradient_clip_val': 0.10820684903544239, 'hidden_size': 21, 'dropout': 0.3869310130778292, 'hidden_continuous_size': 12, 'attention_head_size': 3, 'learning_rate': 0.020178527959177406}. Best is trial 27 with value: 55.3727912902832.
[I 2023-12-26 17:23:24,708] Trial 44 finished with value: 85.50826263427734 and parameters: {'gradient_clip_val': 0.1087655300011161, 'hidden_size': 23, 'dropout': 0.34118624718431395, 'hidden_continuous_size': 11, 'attention_head_size': 3, 'learning_rate': 0.019818904156761578}. Best is trial 27 with value: 55.3727912902832.
[I 2023-12-26 17:23:27,689] Trial 45 finished with value: 79.31543731689453 and parameters: {'gradient_clip_val': 0.10217476850093377, 'hidden_size': 28, 'dropout': 0.3886146942719401, 'hidden_continuous_size': 12, 'attention_head_size': 3, 'learning_rate': 0.015746000011255472}. Best is trial 27 with value: 55.3727912902832.
[I 2023-12-26 17:23:30,121] Trial 46 finished with value: 69.76583099365234 and parameters: {'gradient_clip_val': 0.11235371434680246, 'hidden_size': 13, 'dropout': 0.3000150899199213, 'hidden_continuous_size': 9, 'attention_head_size': 2, 'learning_rate': 0.02486429737715123}. Best is trial 27 with value: 55.3727912902832.
[I 2023-12-26 17:23:32,770] Trial 47 finished with value: 76.1282958984375 and parameters: {'gradient_clip_val': 0.15350592823333487, 'hidden_size': 21, 'dropout': 0.3653036661969786, 'hidden_continuous_size': 10, 'attention_head_size': 3, 'learning_rate': 0.007835283966238702}. Best is trial 27 with value: 55.3727912902832.
[I 2023-12-26 17:23:35,101] Trial 48 finished with value: 87.9981460571289 and parameters: {'gradient_clip_val': 0.10178314955576416, 'hidden_size': 9, 'dropout': 0.31910297931020737, 'hidden_continuous_size': 6, 'attention_head_size': 4, 'learning_rate': 0.03163544316108045}. Best is trial 27 with value: 55.3727912902832.
[I 2023-12-26 17:23:38,242] Trial 49 finished with value: 75.44583892822266 and parameters: {'gradient_clip_val': 0.14000453799136486, 'hidden_size': 30, 'dropout': 0.3445416325715212, 'hidden_continuous_size': 17, 'attention_head_size': 3, 'learning_rate': 0.017985583709573066}. Best is trial 27 with value: 55.3727912902832.
[I 2023-12-26 17:23:38,405] A new study created in memory with name: no-name-2e2eaacd-e8b6-41db-92ef-93ffb929c8ab
/home/le004/conda/anaconda3/envs/tsff_env/lib/python3.9/site-packages/lightning/fabric/plugins/environments/slurm.py:191: The `srun` command is available on your system but is not used. HINT: If your intention is to run Lightning on SLURM, prepend your python command with `srun` like so: srun python /home/le004/master_thesis/git/TSFusionForecast/code/ ...
[I 2023-12-26 17:26:18,335] Trial 0 finished with value: 708.8674926757812 and parameters: {'gradient_clip_val': 0.38454485176498565, 'hidden_size': 5, 'dropout': 0.12707501596232573, 'hidden_continuous_size': 5, 'attention_head_size': 1, 'learning_rate': 0.09271301949148476}. Best is trial 0 with value: 708.8674926757812.
[I 2023-12-26 17:26:20,363] Trial 1 finished with value: 4255.84228515625 and parameters: {'gradient_clip_val': 0.1642148177177665, 'hidden_size': 11, 'dropout': 0.14270654158890342, 'hidden_continuous_size': 9, 'attention_head_size': 4, 'learning_rate': 0.015149941216414832}. Best is trial 0 with value: 708.8674926757812.
[I 2023-12-26 17:26:22,375] Trial 2 finished with value: 3702.84375 and parameters: {'gradient_clip_val': 0.8461802853340645, 'hidden_size': 9, 'dropout': 0.2880755221150113, 'hidden_continuous_size': 8, 'attention_head_size': 4, 'learning_rate': 0.03439917402245449}. Best is trial 0 with value: 708.8674926757812.
[I 2023-12-26 17:26:24,357] Trial 3 finished with value: 4653.8828125 and parameters: {'gradient_clip_val': 0.6814465036520735, 'hidden_size': 6, 'dropout': 0.4068673882447108, 'hidden_continuous_size': 5, 'attention_head_size': 2, 'learning_rate': 0.0011111885451415234}. Best is trial 0 with value: 708.8674926757812.
[I 2023-12-26 17:26:26,627] Trial 4 finished with value: 3752.294189453125 and parameters: {'gradient_clip_val': 0.26173063869072843, 'hidden_size': 17, 'dropout': 0.4219064313735974, 'hidden_continuous_size': 10, 'attention_head_size': 2, 'learning_rate': 0.0010721276062059418}. Best is trial 0 with value: 708.8674926757812.
[I 2023-12-26 17:26:35,757] Trial 5 finished with value: 3709.861572265625 and parameters: {'gradient_clip_val': 0.6054077139127433, 'hidden_size': 122, 'dropout': 0.42616579688439205, 'hidden_continuous_size': 6, 'attention_head_size': 4, 'learning_rate': 0.007547100074120058}. Best is trial 0 with value: 708.8674926757812.
[I 2023-12-26 17:26:38,363] Trial 6 finished with value: 5348.01611328125 and parameters: {'gradient_clip_val': 0.1257222315716623, 'hidden_size': 14, 'dropout': 0.4315908491814404, 'hidden_continuous_size': 8, 'attention_head_size': 4, 'learning_rate': 0.0005656386134688502}. Best is trial 0 with value: 708.8674926757812.
[I 2023-12-26 17:26:42,016] Trial 7 finished with value: 4770.7880859375 and parameters: {'gradient_clip_val': 0.5767848377255443, 'hidden_size': 34, 'dropout': 0.16546741274645138, 'hidden_continuous_size': 17, 'attention_head_size': 1, 'learning_rate': 0.09038786413657152}. Best is trial 0 with value: 708.8674926757812.
[I 2023-12-26 17:26:45,565] Trial 8 finished with value: 4339.51123046875 and parameters: {'gradient_clip_val': 0.18161627152122053, 'hidden_size': 54, 'dropout': 0.2269914220572543, 'hidden_continuous_size': 7, 'attention_head_size': 1, 'learning_rate': 0.0017832883091170061}. Best is trial 0 with value: 708.8674926757812.
[I 2023-12-26 17:26:49,898] Trial 9 finished with value: 4042.628662109375 and parameters: {'gradient_clip_val': 0.3731486489519612, 'hidden_size': 55, 'dropout': 0.323218801248922, 'hidden_continuous_size': 5, 'attention_head_size': 1, 'learning_rate': 0.09177135012773893}. Best is trial 0 with value: 708.8674926757812.
[I 2023-12-26 17:26:51,770] Trial 10 finished with value: 3552.197265625 and parameters: {'gradient_clip_val': 0.39499741740696714, 'hidden_size': 5, 'dropout': 0.10653032315056735, 'hidden_continuous_size': 5, 'attention_head_size': 3, 'learning_rate': 0.027138052567825734}. Best is trial 0 with value: 708.8674926757812.
[I 2023-12-26 17:26:53,872] Trial 11 finished with value: 2773.875 and parameters: {'gradient_clip_val': 0.36171169743201337, 'hidden_size': 5, 'dropout': 0.10181649207994152, 'hidden_continuous_size': 5, 'attention_head_size': 3, 'learning_rate': 0.03160445272456106}. Best is trial 0 with value: 708.8674926757812.
[I 2023-12-26 17:26:55,993] Trial 12 finished with value: 4139.13427734375 and parameters: {'gradient_clip_val': 0.27887577508123823, 'hidden_size': 5, 'dropout': 0.11466919773902362, 'hidden_continuous_size': 5, 'attention_head_size': 3, 'learning_rate': 0.04105601612958605}. Best is trial 0 with value: 708.8674926757812.
[I 2023-12-26 17:26:58,010] Trial 13 finished with value: 4349.54248046875 and parameters: {'gradient_clip_val': 0.43272387377308735, 'hidden_size': 8, 'dropout': 0.19228731356051282, 'hidden_continuous_size': 5, 'attention_head_size': 2, 'learning_rate': 0.05988057116477027}. Best is trial 0 with value: 708.8674926757812.
[I 2023-12-26 17:26:59,974] Trial 14 finished with value: 4046.983642578125 and parameters: {'gradient_clip_val': 0.2763726981939558, 'hidden_size': 8, 'dropout': 0.10519288163939292, 'hidden_continuous_size': 5, 'attention_head_size': 3, 'learning_rate': 0.020718491595688813}. Best is trial 0 with value: 708.8674926757812.
[I 2023-12-26 17:27:01,772] Trial 15 finished with value: 5074.62451171875 and parameters: {'gradient_clip_val': 0.4840946499299879, 'hidden_size': 5, 'dropout': 0.19867520818108267, 'hidden_continuous_size': 5, 'attention_head_size': 2, 'learning_rate': 0.051786042106728714}. Best is trial 0 with value: 708.8674926757812.
[I 2023-12-26 17:27:03,911] Trial 16 finished with value: 5245.986328125 and parameters: {'gradient_clip_val': 0.335882394851098, 'hidden_size': 18, 'dropout': 0.16024043826833947, 'hidden_continuous_size': 6, 'attention_head_size': 3, 'learning_rate': 0.013637884406178824}. Best is trial 0 with value: 708.8674926757812.
[I 2023-12-26 17:27:06,052] Trial 17 finished with value: 4571.5966796875 and parameters: {'gradient_clip_val': 0.9419460920635161, 'hidden_size': 7, 'dropout': 0.23958813511658705, 'hidden_continuous_size': 5, 'attention_head_size': 1, 'learning_rate': 0.06010646696054387}. Best is trial 0 with value: 708.8674926757812.
[I 2023-12-26 17:27:08,441] Trial 18 finished with value: 5576.24560546875 and parameters: {'gradient_clip_val': 0.5062639681565357, 'hidden_size': 11, 'dropout': 0.15063446006883652, 'hidden_continuous_size': 6, 'attention_head_size': 2, 'learning_rate': 0.025691645927266138}. Best is trial 0 with value: 708.8674926757812.
[I 2023-12-26 17:27:11,125] Trial 19 finished with value: 5706.05419921875 and parameters: {'gradient_clip_val': 0.22611986531209574, 'hidden_size': 7, 'dropout': 0.10288234208661268, 'hidden_continuous_size': 5, 'attention_head_size': 3, 'learning_rate': 0.09171456336503123}. Best is trial 0 with value: 708.8674926757812.
[I 2023-12-26 17:27:13,278] Trial 20 finished with value: 3906.751708984375 and parameters: {'gradient_clip_val': 0.35390064632772045, 'hidden_size': 5, 'dropout': 0.49547161265899875, 'hidden_continuous_size': 5, 'attention_head_size': 1, 'learning_rate': 0.00975930507899936}. Best is trial 0 with value: 708.8674926757812.
[I 2023-12-26 17:27:15,469] Trial 21 finished with value: 3602.893798828125 and parameters: {'gradient_clip_val': 0.4063804216251212, 'hidden_size': 5, 'dropout': 0.12124806014023978, 'hidden_continuous_size': 5, 'attention_head_size': 3, 'learning_rate': 0.02647321065467684}. Best is trial 0 with value: 708.8674926757812.
[I 2023-12-26 17:27:17,981] Trial 22 finished with value: 4305.01611328125 and parameters: {'gradient_clip_val': 0.4102781108834923, 'hidden_size': 10, 'dropout': 0.10476297919271721, 'hidden_continuous_size': 6, 'attention_head_size': 3, 'learning_rate': 0.03817652091661272}. Best is trial 0 with value: 708.8674926757812.
[I 2023-12-26 17:27:20,397] Trial 23 finished with value: 4637.39892578125 and parameters: {'gradient_clip_val': 0.33047998764508557, 'hidden_size': 6, 'dropout': 0.13371583901076403, 'hidden_continuous_size': 5, 'attention_head_size': 3, 'learning_rate': 0.004356260747985719}. Best is trial 0 with value: 708.8674926757812.
[I 2023-12-26 17:27:22,828] Trial 24 finished with value: 5438.771484375 and parameters: {'gradient_clip_val': 0.4590752042209812, 'hidden_size': 7, 'dropout': 0.1686323574799087, 'hidden_continuous_size': 5, 'attention_head_size': 2, 'learning_rate': 0.02440118957462581}. Best is trial 0 with value: 708.8674926757812.
[I 2023-12-26 17:27:24,982] Trial 25 finished with value: 4519.80517578125 and parameters: {'gradient_clip_val': 0.3128153633207228, 'hidden_size': 5, 'dropout': 0.14041506211608637, 'hidden_continuous_size': 5, 'attention_head_size': 3, 'learning_rate': 0.05402332523210703}. Best is trial 0 with value: 708.8674926757812.
[I 2023-12-26 17:27:27,657] Trial 26 finished with value: 4464.240234375 and parameters: {'gradient_clip_val': 0.38705244048374965, 'hidden_size': 13, 'dropout': 0.189164401766688, 'hidden_continuous_size': 6, 'attention_head_size': 4, 'learning_rate': 0.032261259989894125}. Best is trial 0 with value: 708.8674926757812.
[I 2023-12-26 17:27:30,114] Trial 27 finished with value: 4155.29296875 and parameters: {'gradient_clip_val': 0.518883980226091, 'hidden_size': 9, 'dropout': 0.12145848823181754, 'hidden_continuous_size': 5, 'attention_head_size': 2, 'learning_rate': 0.016527058039550818}. Best is trial 0 with value: 708.8674926757812.
[I 2023-12-26 17:27:32,436] Trial 28 finished with value: 5195.20703125 and parameters: {'gradient_clip_val': 0.24584178561575692, 'hidden_size': 6, 'dropout': 0.14161219285702842, 'hidden_continuous_size': 5, 'attention_head_size': 3, 'learning_rate': 0.0653723017674782}. Best is trial 0 with value: 708.8674926757812.
[I 2023-12-26 17:27:34,810] Trial 29 finished with value: 4931.287109375 and parameters: {'gradient_clip_val': 0.2948884759357647, 'hidden_size': 11, 'dropout': 0.10056292511624063, 'hidden_continuous_size': 6, 'attention_head_size': 4, 'learning_rate': 0.012743357003747883}. Best is trial 0 with value: 708.8674926757812.
[I 2023-12-26 17:27:37,100] Trial 30 finished with value: 4037.488525390625 and parameters: {'gradient_clip_val': 0.22092547832297157, 'hidden_size': 9, 'dropout': 0.13758151558864518, 'hidden_continuous_size': 6, 'attention_head_size': 3, 'learning_rate': 0.042092130092166495}. Best is trial 0 with value: 708.8674926757812.
[I 2023-12-26 17:27:39,454] Trial 31 finished with value: 4718.43212890625 and parameters: {'gradient_clip_val': 0.39013024737595375, 'hidden_size': 5, 'dropout': 0.1302393284021836, 'hidden_continuous_size': 5, 'attention_head_size': 3, 'learning_rate': 0.021912380085546825}. Best is trial 0 with value: 708.8674926757812.
[I 2023-12-26 17:27:41,790] Trial 32 finished with value: 4965.57080078125 and parameters: {'gradient_clip_val': 0.43290711726066083, 'hidden_size': 6, 'dropout': 0.157724040176791, 'hidden_continuous_size': 5, 'attention_head_size': 3, 'learning_rate': 0.03051345021242498}. Best is trial 0 with value: 708.8674926757812.
[I 2023-12-26 17:27:44,214] Trial 33 finished with value: 3465.262939453125 and parameters: {'gradient_clip_val': 0.3524395857342671, 'hidden_size': 7, 'dropout': 0.12649175922740974, 'hidden_continuous_size': 5, 'attention_head_size': 4, 'learning_rate': 0.01715394485849609}. Best is trial 0 with value: 708.8674926757812.
[I 2023-12-26 17:27:46,493] Trial 34 finished with value: 3420.955078125 and parameters: {'gradient_clip_val': 0.31789768584694333, 'hidden_size': 7, 'dropout': 0.17629526114424532, 'hidden_continuous_size': 5, 'attention_head_size': 4, 'learning_rate': 0.017874738655414796}. Best is trial 0 with value: 708.8674926757812.
[I 2023-12-26 17:27:48,850] Trial 35 finished with value: 5881.64453125 and parameters: {'gradient_clip_val': 0.337317862175164, 'hidden_size': 7, 'dropout': 0.17846336207713642, 'hidden_continuous_size': 5, 'attention_head_size': 4, 'learning_rate': 0.017981909552793933}. Best is trial 0 with value: 708.8674926757812.
[I 2023-12-26 17:27:51,344] Trial 36 finished with value: 4223.52197265625 and parameters: {'gradient_clip_val': 0.6922539128189439, 'hidden_size': 9, 'dropout': 0.20365320394329783, 'hidden_continuous_size': 7, 'attention_head_size': 4, 'learning_rate': 0.01058213426876547}. Best is trial 0 with value: 708.8674926757812.
[I 2023-12-26 17:27:53,818] Trial 37 finished with value: 3816.8349609375 and parameters: {'gradient_clip_val': 0.30607644976704323, 'hidden_size': 14, 'dropout': 0.15372921011020313, 'hidden_continuous_size': 9, 'attention_head_size': 4, 'learning_rate': 0.017940447593105823}. Best is trial 0 with value: 708.8674926757812.
[I 2023-12-26 17:27:55,934] Trial 38 finished with value: 5562.30615234375 and parameters: {'gradient_clip_val': 0.24861253001711733, 'hidden_size': 6, 'dropout': 0.1774627716128111, 'hidden_continuous_size': 5, 'attention_head_size': 4, 'learning_rate': 0.04054659514438309}. Best is trial 0 with value: 708.8674926757812.
[I 2023-12-26 17:27:57,987] Trial 39 finished with value: 4491.43408203125 and parameters: {'gradient_clip_val': 0.30768974335969934, 'hidden_size': 8, 'dropout': 0.12911943631550288, 'hidden_continuous_size': 6, 'attention_head_size': 4, 'learning_rate': 0.006851981752974889}. Best is trial 0 with value: 708.8674926757812.
[I 2023-12-26 17:28:00,333] Trial 40 finished with value: 4437.076171875 and parameters: {'gradient_clip_val': 0.35594880033744475, 'hidden_size': 12, 'dropout': 0.21877935325709622, 'hidden_continuous_size': 11, 'attention_head_size': 4, 'learning_rate': 0.07048619190770332}. Best is trial 0 with value: 708.8674926757812.
[I 2023-12-26 17:28:02,441] Trial 41 finished with value: 3200.541259765625 and parameters: {'gradient_clip_val': 0.37579179369925997, 'hidden_size': 6, 'dropout': 0.13101891990917042, 'hidden_continuous_size': 5, 'attention_head_size': 4, 'learning_rate': 0.030709536037917585}. Best is trial 0 with value: 708.8674926757812.
[I 2023-12-26 17:28:04,650] Trial 42 finished with value: 3755.468017578125 and parameters: {'gradient_clip_val': 0.35874411973039466, 'hidden_size': 6, 'dropout': 0.15507498342479326, 'hidden_continuous_size': 5, 'attention_head_size': 4, 'learning_rate': 0.03213388354585506}. Best is trial 0 with value: 708.8674926757812.
[I 2023-12-26 17:28:07,266] Trial 43 finished with value: 4013.7939453125 and parameters: {'gradient_clip_val': 0.45566658177203667, 'hidden_size': 10, 'dropout': 0.1229653721826972, 'hidden_continuous_size': 7, 'attention_head_size': 4, 'learning_rate': 0.01983277773230312}. Best is trial 0 with value: 708.8674926757812.
