[I 2023-12-26 16:29:03,794] Trial 19 finished with value: 5490.4453125 and parameters: {'gradient_clip_val': 0.3633560464163867, 'hidden_size': 40, 'dropout': 0.25663755846976927, 'hidden_continuous_size': 12, 'attention_head_size': 2, 'learning_rate': 0.015521064592901547}. Best is trial 0 with value: 592.4840698242188.
[I 2023-12-26 16:29:06,582] Trial 20 finished with value: 5031.044921875 and parameters: {'gradient_clip_val': 0.5159364190196567, 'hidden_size': 20, 'dropout': 0.20539063067077284, 'hidden_continuous_size': 10, 'attention_head_size': 4, 'learning_rate': 0.04732554162363998}. Best is trial 0 with value: 592.4840698242188.
[I 2023-12-26 16:29:17,848] Trial 21 finished with value: 4980.95849609375 and parameters: {'gradient_clip_val': 0.1779375104785902, 'hidden_size': 149, 'dropout': 0.14164621179953593, 'hidden_continuous_size': 43, 'attention_head_size': 1, 'learning_rate': 0.005845632579992548}. Best is trial 0 with value: 592.4840698242188.
[I 2023-12-26 16:29:25,539] Trial 22 finished with value: 5024.07275390625 and parameters: {'gradient_clip_val': 0.10304374879910677, 'hidden_size': 98, 'dropout': 0.10367467955167264, 'hidden_continuous_size': 44, 'attention_head_size': 1, 'learning_rate': 0.013227761552561995}. Best is trial 0 with value: 592.4840698242188.
[I 2023-12-26 16:29:34,145] Trial 23 finished with value: 7077.46875 and parameters: {'gradient_clip_val': 0.18864657528636025, 'hidden_size': 116, 'dropout': 0.15052160670504394, 'hidden_continuous_size': 66, 'attention_head_size': 1, 'learning_rate': 0.004228030176168012}. Best is trial 0 with value: 592.4840698242188.
[I 2023-12-26 16:29:39,565] Trial 24 finished with value: 4915.50537109375 and parameters: {'gradient_clip_val': 0.36877532135675783, 'hidden_size': 66, 'dropout': 0.1004078565458544, 'hidden_continuous_size': 21, 'attention_head_size': 1, 'learning_rate': 0.012785461253999996}. Best is trial 0 with value: 592.4840698242188.
[I 2023-12-26 16:29:51,887] Trial 25 finished with value: 4915.92431640625 and parameters: {'gradient_clip_val': 0.3020370825351574, 'hidden_size': 146, 'dropout': 0.17363788628501742, 'hidden_continuous_size': 117, 'attention_head_size': 2, 'learning_rate': 0.004386073056615857}. Best is trial 0 with value: 592.4840698242188.
[I 2023-12-26 16:29:59,442] Trial 26 finished with value: 4791.89111328125 and parameters: {'gradient_clip_val': 0.5434641027683546, 'hidden_size': 92, 'dropout': 0.21631119531836496, 'hidden_continuous_size': 31, 'attention_head_size': 1, 'learning_rate': 0.0006899835589512818}. Best is trial 0 with value: 592.4840698242188.
[I 2023-12-26 16:30:04,184] Trial 27 finished with value: 6302.76953125 and parameters: {'gradient_clip_val': 0.39567462876123455, 'hidden_size': 62, 'dropout': 0.14151872554561873, 'hidden_continuous_size': 26, 'attention_head_size': 2, 'learning_rate': 0.01088972682640461}. Best is trial 0 with value: 592.4840698242188.
[I 2023-12-26 16:30:12,903] Trial 28 finished with value: 6165.384765625 and parameters: {'gradient_clip_val': 0.26913866528470487, 'hidden_size': 111, 'dropout': 0.17351712607336575, 'hidden_continuous_size': 16, 'attention_head_size': 1, 'learning_rate': 0.016729240792359212}. Best is trial 0 with value: 592.4840698242188.
[I 2023-12-26 16:30:19,887] Trial 29 finished with value: 3044.982666015625 and parameters: {'gradient_clip_val': 0.32560408339671487, 'hidden_size': 78, 'dropout': 0.2747856028135276, 'hidden_continuous_size': 16, 'attention_head_size': 3, 'learning_rate': 0.002769778296707958}. Best is trial 0 with value: 592.4840698242188.
[I 2023-12-26 16:30:26,938] Trial 30 finished with value: 5526.59814453125 and parameters: {'gradient_clip_val': 0.4144556602134292, 'hidden_size': 92, 'dropout': 0.2712971049331515, 'hidden_continuous_size': 11, 'attention_head_size': 3, 'learning_rate': 0.006546576103684459}. Best is trial 0 with value: 592.4840698242188.
[I 2023-12-26 16:30:32,845] Trial 31 finished with value: 5929.826171875 and parameters: {'gradient_clip_val': 0.3234757216320576, 'hidden_size': 79, 'dropout': 0.19364102399903052, 'hidden_continuous_size': 17, 'attention_head_size': 4, 'learning_rate': 0.002852696096553914}. Best is trial 0 with value: 592.4840698242188.
[I 2023-12-26 16:30:40,569] Trial 32 finished with value: 8639.8828125 and parameters: {'gradient_clip_val': 0.5548167856786375, 'hidden_size': 121, 'dropout': 0.22625437705082335, 'hidden_continuous_size': 7, 'attention_head_size': 2, 'learning_rate': 0.0014677942597794505}. Best is trial 0 with value: 592.4840698242188.
[I 2023-12-26 16:30:46,177] Trial 33 finished with value: 6558.20751953125 and parameters: {'gradient_clip_val': 0.3315126328812635, 'hidden_size': 83, 'dropout': 0.25405203524174935, 'hidden_continuous_size': 13, 'attention_head_size': 3, 'learning_rate': 0.0020928140917706416}. Best is trial 0 with value: 592.4840698242188.
[I 2023-12-26 16:30:54,304] Trial 34 finished with value: 4988.75341796875 and parameters: {'gradient_clip_val': 0.41969845101316683, 'hidden_size': 112, 'dropout': 0.32426385280704245, 'hidden_continuous_size': 18, 'attention_head_size': 3, 'learning_rate': 0.0010988499662001618}. Best is trial 0 with value: 592.4840698242188.
[I 2023-12-26 16:31:05,045] Trial 35 finished with value: 5516.38818359375 and parameters: {'gradient_clip_val': 0.6326348074472553, 'hidden_size': 146, 'dropout': 0.28130738503511865, 'hidden_continuous_size': 52, 'attention_head_size': 2, 'learning_rate': 0.003256722052086421}. Best is trial 0 with value: 592.4840698242188.
[I 2023-12-26 16:31:13,940] Trial 36 finished with value: 4971.7099609375 and parameters: {'gradient_clip_val': 0.2755795527704758, 'hidden_size': 120, 'dropout': 0.2410091767822173, 'hidden_continuous_size': 29, 'attention_head_size': 4, 'learning_rate': 0.0020441798887302605}. Best is trial 0 with value: 592.4840698242188.
[I 2023-12-26 16:31:16,049] Trial 37 finished with value: 7040.69287109375 and parameters: {'gradient_clip_val': 0.49655902571486626, 'hidden_size': 8, 'dropout': 0.2139457158422979, 'hidden_continuous_size': 7, 'attention_head_size': 3, 'learning_rate': 0.003669065993433624}. Best is trial 0 with value: 592.4840698242188.
[I 2023-12-26 16:31:22,316] Trial 38 finished with value: 6560.087890625 and parameters: {'gradient_clip_val': 0.5615075258225684, 'hidden_size': 76, 'dropout': 0.364014894409952, 'hidden_continuous_size': 22, 'attention_head_size': 2, 'learning_rate': 0.0026495994506604338}. Best is trial 0 with value: 592.4840698242188.
[I 2023-12-26 16:31:31,119] Trial 39 finished with value: 5281.74072265625 and parameters: {'gradient_clip_val': 0.3463056583580734, 'hidden_size': 102, 'dropout': 0.192123668254419, 'hidden_continuous_size': 32, 'attention_head_size': 4, 'learning_rate': 0.004272567296230373}. Best is trial 0 with value: 592.4840698242188.
[I 2023-12-26 16:31:36,035] Trial 40 finished with value: 6540.5078125 and parameters: {'gradient_clip_val': 0.416801179368953, 'hidden_size': 53, 'dropout': 0.12862298330629363, 'hidden_continuous_size': 15, 'attention_head_size': 1, 'learning_rate': 0.007547410936691593}. Best is trial 0 with value: 592.4840698242188.
[I 2023-12-26 16:31:44,058] Trial 41 finished with value: 5979.263671875 and parameters: {'gradient_clip_val': 0.5741238860788904, 'hidden_size': 94, 'dropout': 0.21596803322526578, 'hidden_continuous_size': 33, 'attention_head_size': 1, 'learning_rate': 0.0008444188864971468}. Best is trial 0 with value: 592.4840698242188.
[I 2023-12-26 16:31:54,622] Trial 42 finished with value: 6642.66943359375 and parameters: {'gradient_clip_val': 0.7351673852297559, 'hidden_size': 126, 'dropout': 0.2264067538918415, 'hidden_continuous_size': 26, 'attention_head_size': 1, 'learning_rate': 0.0012107088242322118}. Best is trial 0 with value: 592.4840698242188.
[I 2023-12-26 16:32:03,419] Trial 43 finished with value: 6622.39208984375 and parameters: {'gradient_clip_val': 0.663418714976979, 'hidden_size': 94, 'dropout': 0.2830600940393842, 'hidden_continuous_size': 57, 'attention_head_size': 1, 'learning_rate': 0.0005754071468849712}. Best is trial 0 with value: 592.4840698242188.
[I 2023-12-26 16:32:09,474] Trial 44 finished with value: 5410.703125 and parameters: {'gradient_clip_val': 0.3930420162060374, 'hidden_size': 70, 'dropout': 0.25835911772619324, 'hidden_continuous_size': 19, 'attention_head_size': 1, 'learning_rate': 0.0005077561338987322}. Best is trial 0 with value: 592.4840698242188.
[I 2023-12-26 16:32:21,487] Trial 45 finished with value: 4949.21875 and parameters: {'gradient_clip_val': 0.523824986507843, 'hidden_size': 134, 'dropout': 0.15883861328845908, 'hidden_continuous_size': 84, 'attention_head_size': 2, 'learning_rate': 0.0007967410522701266}. Best is trial 0 with value: 592.4840698242188.
[I 2023-12-26 16:32:29,070] Trial 46 finished with value: 6339.28369140625 and parameters: {'gradient_clip_val': 0.45228029199536135, 'hidden_size': 86, 'dropout': 0.24064013900785602, 'hidden_continuous_size': 36, 'attention_head_size': 1, 'learning_rate': 0.001486959956066834}. Best is trial 0 with value: 592.4840698242188.
[I 2023-12-26 16:32:34,599] Trial 47 finished with value: 5176.78515625 and parameters: {'gradient_clip_val': 0.4902238671863441, 'hidden_size': 60, 'dropout': 0.4874235874425621, 'hidden_continuous_size': 40, 'attention_head_size': 4, 'learning_rate': 0.0019067510809918568}. Best is trial 0 with value: 592.4840698242188.
[I 2023-12-26 16:32:43,539] Trial 48 finished with value: 6508.16455078125 and parameters: {'gradient_clip_val': 0.13885419829353457, 'hidden_size': 105, 'dropout': 0.18338557383718274, 'hidden_continuous_size': 23, 'attention_head_size': 1, 'learning_rate': 0.0021577919558493737}. Best is trial 0 with value: 592.4840698242188.
[I 2023-12-26 16:32:54,758] Trial 49 finished with value: 6434.88818359375 and parameters: {'gradient_clip_val': 0.6273185384419203, 'hidden_size': 130, 'dropout': 0.2998678294786108, 'hidden_continuous_size': 79, 'attention_head_size': 3, 'learning_rate': 0.0010435295827095907}. Best is trial 0 with value: 592.4840698242188.
[I 2023-12-26 16:32:54,953] A new study created in memory with name: no-name-d93fcb02-1a23-4da8-bad8-2397611781d9
/home/le004/conda/anaconda3/envs/tsff_env/lib/python3.9/site-packages/lightning/fabric/plugins/environments/slurm.py:191: The `srun` command is available on your system but is not used. HINT: If your intention is to run Lightning on SLURM, prepend your python command with `srun` like so: srun python /home/le004/master_thesis/git/TSFusionForecast/code/ ...
[I 2023-12-26 16:44:47,023] Trial 0 finished with value: 14.9127779006958 and parameters: {'gradient_clip_val': 0.7178694373507611, 'hidden_size': 105, 'dropout': 0.45146893616149064, 'hidden_continuous_size': 32, 'attention_head_size': 3, 'learning_rate': 0.0740680913853611}. Best is trial 0 with value: 14.9127779006958.
[I 2023-12-26 16:44:49,769] Trial 1 finished with value: 91.58782196044922 and parameters: {'gradient_clip_val': 0.20982840342868087, 'hidden_size': 15, 'dropout': 0.48158291958862687, 'hidden_continuous_size': 7, 'attention_head_size': 2, 'learning_rate': 0.03668071840357275}. Best is trial 0 with value: 14.9127779006958.
[I 2023-12-26 16:44:52,851] Trial 2 finished with value: 88.62252044677734 and parameters: {'gradient_clip_val': 0.7259225766839286, 'hidden_size': 32, 'dropout': 0.46347676121909187, 'hidden_continuous_size': 21, 'attention_head_size': 1, 'learning_rate': 0.029396058550729572}. Best is trial 0 with value: 14.9127779006958.
[I 2023-12-26 16:44:55,136] Trial 3 finished with value: 119.13248443603516 and parameters: {'gradient_clip_val': 0.3838920008742413, 'hidden_size': 9, 'dropout': 0.23471435453069162, 'hidden_continuous_size': 9, 'attention_head_size': 2, 'learning_rate': 0.011469649481621253}. Best is trial 0 with value: 14.9127779006958.
[I 2023-12-26 16:44:58,780] Trial 4 finished with value: 96.80059051513672 and parameters: {'gradient_clip_val': 0.9467215810267967, 'hidden_size': 35, 'dropout': 0.22574920143266428, 'hidden_continuous_size': 21, 'attention_head_size': 1, 'learning_rate': 0.020325841638787527}. Best is trial 0 with value: 14.9127779006958.
[I 2023-12-26 16:45:01,678] Trial 5 finished with value: 108.42255401611328 and parameters: {'gradient_clip_val': 0.16385004808313303, 'hidden_size': 21, 'dropout': 0.24174021335088353, 'hidden_continuous_size': 11, 'attention_head_size': 2, 'learning_rate': 0.0035446244351782356}. Best is trial 0 with value: 14.9127779006958.
[I 2023-12-26 16:45:03,768] Trial 6 finished with value: 117.35704803466797 and parameters: {'gradient_clip_val': 0.49180976156851036, 'hidden_size': 5, 'dropout': 0.37480699817989294, 'hidden_continuous_size': 5, 'attention_head_size': 4, 'learning_rate': 0.000841813278468533}. Best is trial 0 with value: 14.9127779006958.
[I 2023-12-26 16:45:06,070] Trial 7 finished with value: 83.68744659423828 and parameters: {'gradient_clip_val': 0.34296768444479453, 'hidden_size': 12, 'dropout': 0.293795556351493, 'hidden_continuous_size': 10, 'attention_head_size': 3, 'learning_rate': 0.0030866934869552016}. Best is trial 0 with value: 14.9127779006958.
[I 2023-12-26 16:45:08,303] Trial 8 finished with value: 107.40625762939453 and parameters: {'gradient_clip_val': 0.6354134689080501, 'hidden_size': 11, 'dropout': 0.49104547320310277, 'hidden_continuous_size': 7, 'attention_head_size': 1, 'learning_rate': 0.019756258093113238}. Best is trial 0 with value: 14.9127779006958.
[I 2023-12-26 16:45:10,999] Trial 9 finished with value: 81.04347229003906 and parameters: {'gradient_clip_val': 0.25492890511149535, 'hidden_size': 10, 'dropout': 0.33202275282792587, 'hidden_continuous_size': 7, 'attention_head_size': 1, 'learning_rate': 0.0030269001712694174}. Best is trial 0 with value: 14.9127779006958.
[I 2023-12-26 16:45:21,772] Trial 10 finished with value: 70.78063201904297 and parameters: {'gradient_clip_val': 0.11357266672426768, 'hidden_size': 142, 'dropout': 0.11382412520252955, 'hidden_continuous_size': 76, 'attention_head_size': 4, 'learning_rate': 0.08674621895234179}. Best is trial 0 with value: 14.9127779006958.
[I 2023-12-26 16:45:33,300] Trial 11 finished with value: 66.49816131591797 and parameters: {'gradient_clip_val': 0.10586529245921272, 'hidden_size': 143, 'dropout': 0.12512355491470087, 'hidden_continuous_size': 92, 'attention_head_size': 4, 'learning_rate': 0.09430356924993828}. Best is trial 0 with value: 14.9127779006958.
[I 2023-12-26 16:45:43,634] Trial 12 finished with value: 58.029781341552734 and parameters: {'gradient_clip_val': 0.1040213485037087, 'hidden_size': 133, 'dropout': 0.1144042836081571, 'hidden_continuous_size': 104, 'attention_head_size': 3, 'learning_rate': 0.09937242662699441}. Best is trial 0 with value: 14.9127779006958.
[I 2023-12-26 16:45:50,850] Trial 13 finished with value: 89.464111328125 and parameters: {'gradient_clip_val': 0.43726825824044097, 'hidden_size': 84, 'dropout': 0.4096449994436065, 'hidden_continuous_size': 51, 'attention_head_size': 3, 'learning_rate': 0.05035328971680607}. Best is trial 0 with value: 14.9127779006958.
[I 2023-12-26 16:45:56,582] Trial 14 finished with value: 69.07024383544922 and parameters: {'gradient_clip_val': 0.26496356944233196, 'hidden_size': 68, 'dropout': 0.17424894993035384, 'hidden_continuous_size': 35, 'attention_head_size': 3, 'learning_rate': 0.09212800413368734}. Best is trial 0 with value: 14.9127779006958.
[I 2023-12-26 16:46:02,342] Trial 15 finished with value: 92.57112884521484 and parameters: {'gradient_clip_val': 0.16100973887180556, 'hidden_size': 67, 'dropout': 0.41469246996499126, 'hidden_continuous_size': 31, 'attention_head_size': 3, 'learning_rate': 0.05532528230448846}. Best is trial 0 with value: 14.9127779006958.
[I 2023-12-26 16:46:10,592] Trial 16 finished with value: 99.9272232055664 and parameters: {'gradient_clip_val': 0.5303680513164205, 'hidden_size': 98, 'dropout': 0.31562545892658866, 'hidden_continuous_size': 60, 'attention_head_size': 3, 'learning_rate': 0.04501105036146544}. Best is trial 0 with value: 14.9127779006958.
[I 2023-12-26 16:46:14,388] Trial 17 finished with value: 92.77787017822266 and parameters: {'gradient_clip_val': 0.34215421851479205, 'hidden_size': 44, 'dropout': 0.18186284557273075, 'hidden_continuous_size': 16, 'attention_head_size': 2, 'learning_rate': 0.014042595996991935}. Best is trial 0 with value: 14.9127779006958.
[I 2023-12-26 16:46:18,767] Trial 18 finished with value: 109.28263092041016 and parameters: {'gradient_clip_val': 0.8447288965620809, 'hidden_size': 52, 'dropout': 0.27707823973849316, 'hidden_continuous_size': 32, 'attention_head_size': 4, 'learning_rate': 0.03252132369387805}. Best is trial 0 with value: 14.9127779006958.
[I 2023-12-26 16:46:27,751] Trial 19 finished with value: 74.15568542480469 and parameters: {'gradient_clip_val': 0.5899166211066339, 'hidden_size': 104, 'dropout': 0.10498568447422982, 'hidden_continuous_size': 82, 'attention_head_size': 3, 'learning_rate': 0.06264725319705863}. Best is trial 0 with value: 14.9127779006958.
[I 2023-12-26 16:46:37,511] Trial 20 finished with value: 98.48098754882812 and parameters: {'gradient_clip_val': 0.9882685542831612, 'hidden_size': 118, 'dropout': 0.3422039113097797, 'hidden_continuous_size': 103, 'attention_head_size': 2, 'learning_rate': 0.06693140500246123}. Best is trial 0 with value: 14.9127779006958.
[I 2023-12-26 16:46:50,296] Trial 21 finished with value: 59.970218658447266 and parameters: {'gradient_clip_val': 0.10928217008665206, 'hidden_size': 148, 'dropout': 0.10321165793561149, 'hidden_continuous_size': 148, 'attention_head_size': 4, 'learning_rate': 0.09838560370797739}. Best is trial 0 with value: 14.9127779006958.
[I 2023-12-26 16:47:03,405] Trial 22 finished with value: 73.13265991210938 and parameters: {'gradient_clip_val': 0.12519076612918786, 'hidden_size': 143, 'dropout': 0.1595925434224552, 'hidden_continuous_size': 129, 'attention_head_size': 4, 'learning_rate': 0.0992278598056093}. Best is trial 0 with value: 14.9127779006958.
[I 2023-12-26 16:47:10,486] Trial 23 finished with value: 84.86479949951172 and parameters: {'gradient_clip_val': 0.10058408392397372, 'hidden_size': 78, 'dropout': 0.14371350491474047, 'hidden_continuous_size': 51, 'attention_head_size': 4, 'learning_rate': 0.05382178073651827}. Best is trial 0 with value: 14.9127779006958.
[I 2023-12-26 16:47:20,504] Trial 24 finished with value: 91.3985824584961 and parameters: {'gradient_clip_val': 0.1344141646007613, 'hidden_size': 108, 'dropout': 0.20052111074710777, 'hidden_continuous_size': 71, 'attention_head_size': 3, 'learning_rate': 0.03981384370936319}. Best is trial 0 with value: 14.9127779006958.
[I 2023-12-26 16:47:26,109] Trial 25 finished with value: 94.90139770507812 and parameters: {'gradient_clip_val': 0.14166179315232727, 'hidden_size': 59, 'dropout': 0.1346062538752732, 'hidden_continuous_size': 43, 'attention_head_size': 3, 'learning_rate': 0.06704406866923195}. Best is trial 0 with value: 14.9127779006958.
[I 2023-12-26 16:47:33,099] Trial 26 finished with value: 87.12313079833984 and parameters: {'gradient_clip_val': 0.18857572457658, 'hidden_size': 80, 'dropout': 0.15878420439101015, 'hidden_continuous_size': 60, 'attention_head_size': 4, 'learning_rate': 0.023408189523912517}. Best is trial 0 with value: 14.9127779006958.
[I 2023-12-26 16:47:46,756] Trial 27 finished with value: 80.14342498779297 and parameters: {'gradient_clip_val': 0.11820732741137939, 'hidden_size': 149, 'dropout': 0.10560203433606584, 'hidden_continuous_size': 125, 'attention_head_size': 3, 'learning_rate': 0.036657937697957485}. Best is trial 0 with value: 14.9127779006958.
[I 2023-12-26 16:47:54,987] Trial 28 finished with value: 90.63382720947266 and parameters: {'gradient_clip_val': 0.10021275412075134, 'hidden_size': 93, 'dropout': 0.19578894160678298, 'hidden_continuous_size': 73, 'attention_head_size': 4, 'learning_rate': 0.06832592929438447}. Best is trial 0 with value: 14.9127779006958.
[I 2023-12-26 16:48:05,474] Trial 29 finished with value: 79.02975463867188 and parameters: {'gradient_clip_val': 0.20748226390834956, 'hidden_size': 113, 'dropout': 0.14667132400876176, 'hidden_continuous_size': 95, 'attention_head_size': 2, 'learning_rate': 0.039927281751612385}. Best is trial 0 with value: 14.9127779006958.
[I 2023-12-26 16:48:10,123] Trial 30 finished with value: 108.95471954345703 and parameters: {'gradient_clip_val': 0.2738846811040057, 'hidden_size': 47, 'dropout': 0.2758515523531091, 'hidden_continuous_size': 25, 'attention_head_size': 3, 'learning_rate': 0.026997149041321836}. Best is trial 0 with value: 14.9127779006958.
[I 2023-12-26 16:48:23,346] Trial 31 finished with value: 59.4222526550293 and parameters: {'gradient_clip_val': 0.13950984419270482, 'hidden_size': 150, 'dropout': 0.12812318389711702, 'hidden_continuous_size': 149, 'attention_head_size': 4, 'learning_rate': 0.09467673331494214}. Best is trial 0 with value: 14.9127779006958.
[I 2023-12-26 16:48:31,405] Trial 32 finished with value: 114.13671112060547 and parameters: {'gradient_clip_val': 0.133398957987466, 'hidden_size': 117, 'dropout': 0.13184027694416428, 'hidden_continuous_size': 101, 'attention_head_size': 4, 'learning_rate': 0.09502769368372066}. Best is trial 0 with value: 14.9127779006958.
[I 2023-12-26 16:48:36,428] Trial 33 finished with value: 96.09888458251953 and parameters: {'gradient_clip_val': 0.15498433585632676, 'hidden_size': 82, 'dropout': 0.10769410900864416, 'hidden_continuous_size': 62, 'attention_head_size': 4, 'learning_rate': 0.06523885755645081}. Best is trial 0 with value: 14.9127779006958.
