[I 2023-12-27 11:06:30,664] Trial 49 finished with value: 202.70574951171875 and parameters: {'gradient_clip_val': 0.34105238895333934, 'hidden_size': 36, 'dropout': 0.37620947654224945, 'hidden_continuous_size': 7, 'attention_head_size': 4, 'learning_rate': 0.008521894268632948}. Best is trial 0 with value: 56.554443359375.
[I 2023-12-27 11:06:30,793] A new study created in memory with name: no-name-f65a3b28-17bf-4e11-bb1d-3610480cf2ee
/home/le004/conda/anaconda3/envs/tsff_env/lib/python3.9/site-packages/lightning/fabric/plugins/environments/slurm.py:191: The `srun` command is available on your system but is not used. HINT: If your intention is to run Lightning on SLURM, prepend your python command with `srun` like so: srun python /home/le004/master_thesis/git/TSFusionForecast/code/ ...
LOCAL_RANK: 0 - CUDA_VISIBLE_DEVICES: [0]
[I 2023-12-27 11:06:57,108] Trial 0 finished with value: 15.562294960021973 and parameters: {'gradient_clip_val': 0.1078778929133037, 'hidden_size': 5, 'dropout': 0.21321576297401248, 'hidden_continuous_size': 5, 'attention_head_size': 1, 'learning_rate': 0.0009488595581930263}. Best is trial 0 with value: 15.562294960021973.
LOCAL_RANK: 0 - CUDA_VISIBLE_DEVICES: [0]
[I 2023-12-27 11:07:15,228] Trial 1 finished with value: 7.288946628570557 and parameters: {'gradient_clip_val': 0.8597137819107513, 'hidden_size': 30, 'dropout': 0.1267701818262094, 'hidden_continuous_size': 5, 'attention_head_size': 4, 'learning_rate': 0.053151765881682723}. Best is trial 1 with value: 7.288946628570557.
LOCAL_RANK: 0 - CUDA_VISIBLE_DEVICES: [0]
[I 2023-12-27 11:07:15,668] Trial 2 finished with value: 24.76129722595215 and parameters: {'gradient_clip_val': 0.17829932076242055, 'hidden_size': 80, 'dropout': 0.3357788202476595, 'hidden_continuous_size': 8, 'attention_head_size': 1, 'learning_rate': 0.08713850274150885}. Best is trial 1 with value: 7.288946628570557.
LOCAL_RANK: 0 - CUDA_VISIBLE_DEVICES: [0]
[I 2023-12-27 11:07:16,184] Trial 3 finished with value: 24.658456802368164 and parameters: {'gradient_clip_val': 0.2835578093170935, 'hidden_size': 71, 'dropout': 0.2031424479769982, 'hidden_continuous_size': 24, 'attention_head_size': 2, 'learning_rate': 0.01926086410161719}. Best is trial 1 with value: 7.288946628570557.
LOCAL_RANK: 0 - CUDA_VISIBLE_DEVICES: [0]
[I 2023-12-27 11:07:16,654] Trial 4 finished with value: 33.119937896728516 and parameters: {'gradient_clip_val': 0.8699096976323226, 'hidden_size': 16, 'dropout': 0.35600785416145586, 'hidden_continuous_size': 14, 'attention_head_size': 4, 'learning_rate': 0.0008930604026452875}. Best is trial 1 with value: 7.288946628570557.
LOCAL_RANK: 0 - CUDA_VISIBLE_DEVICES: [0]
[I 2023-12-27 11:07:17,150] Trial 5 finished with value: 35.49829864501953 and parameters: {'gradient_clip_val': 0.9932153731031392, 'hidden_size': 98, 'dropout': 0.12088976908027492, 'hidden_continuous_size': 22, 'attention_head_size': 3, 'learning_rate': 0.011839907259261694}. Best is trial 1 with value: 7.288946628570557.
LOCAL_RANK: 0 - CUDA_VISIBLE_DEVICES: [0]
[I 2023-12-27 11:07:17,640] Trial 6 finished with value: 23.258522033691406 and parameters: {'gradient_clip_val': 0.16937421397092411, 'hidden_size': 77, 'dropout': 0.42271597772362934, 'hidden_continuous_size': 6, 'attention_head_size': 4, 'learning_rate': 0.00283693660937055}. Best is trial 1 with value: 7.288946628570557.
LOCAL_RANK: 0 - CUDA_VISIBLE_DEVICES: [0]
[I 2023-12-27 11:07:18,118] Trial 7 finished with value: 27.597105026245117 and parameters: {'gradient_clip_val': 0.42743899937188035, 'hidden_size': 81, 'dropout': 0.3335757099753206, 'hidden_continuous_size': 7, 'attention_head_size': 4, 'learning_rate': 0.046349365377225345}. Best is trial 1 with value: 7.288946628570557.
LOCAL_RANK: 0 - CUDA_VISIBLE_DEVICES: [0]
[I 2023-12-27 11:07:18,585] Trial 8 finished with value: 22.93181800842285 and parameters: {'gradient_clip_val': 0.25391679468977785, 'hidden_size': 72, 'dropout': 0.4390913868544497, 'hidden_continuous_size': 30, 'attention_head_size': 3, 'learning_rate': 0.01817299687288039}. Best is trial 1 with value: 7.288946628570557.
LOCAL_RANK: 0 - CUDA_VISIBLE_DEVICES: [0]
[I 2023-12-27 11:07:19,079] Trial 9 finished with value: 24.48134422302246 and parameters: {'gradient_clip_val': 0.1845897324618097, 'hidden_size': 83, 'dropout': 0.3145699479366904, 'hidden_continuous_size': 13, 'attention_head_size': 1, 'learning_rate': 0.0763896872745462}. Best is trial 1 with value: 7.288946628570557.
LOCAL_RANK: 0 - CUDA_VISIBLE_DEVICES: [0]
[I 2023-12-27 11:07:19,836] Trial 10 finished with value: 18.927492141723633 and parameters: {'gradient_clip_val': 0.5574901227144824, 'hidden_size': 29, 'dropout': 0.10957307149060116, 'hidden_continuous_size': 5, 'attention_head_size': 3, 'learning_rate': 0.004861418068228768}. Best is trial 1 with value: 7.288946628570557.
LOCAL_RANK: 0 - CUDA_VISIBLE_DEVICES: [0]
[I 2023-12-27 11:07:20,324] Trial 11 finished with value: 28.10002899169922 and parameters: {'gradient_clip_val': 0.12023486968341786, 'hidden_size': 7, 'dropout': 0.21795746864600704, 'hidden_continuous_size': 5, 'attention_head_size': 2, 'learning_rate': 0.0007812424697842593}. Best is trial 1 with value: 7.288946628570557.
LOCAL_RANK: 0 - CUDA_VISIBLE_DEVICES: [0]
[I 2023-12-27 11:07:20,736] Trial 12 finished with value: 28.76708221435547 and parameters: {'gradient_clip_val': 0.1160348074697937, 'hidden_size': 5, 'dropout': 0.20398156502914686, 'hidden_continuous_size': 5, 'attention_head_size': 2, 'learning_rate': 0.0014166489164116316}. Best is trial 1 with value: 7.288946628570557.
LOCAL_RANK: 0 - CUDA_VISIBLE_DEVICES: [0]
[I 2023-12-27 11:07:21,209] Trial 13 finished with value: 22.722909927368164 and parameters: {'gradient_clip_val': 0.4101465753875865, 'hidden_size': 13, 'dropout': 0.15817784201642038, 'hidden_continuous_size': 6, 'attention_head_size': 1, 'learning_rate': 0.002830434334900042}. Best is trial 1 with value: 7.288946628570557.
LOCAL_RANK: 0 - CUDA_VISIBLE_DEVICES: [0]
[I 2023-12-27 11:07:21,723] Trial 14 finished with value: 21.772485733032227 and parameters: {'gradient_clip_val': 0.10039303975066635, 'hidden_size': 34, 'dropout': 0.24488857898348634, 'hidden_continuous_size': 8, 'attention_head_size': 2, 'learning_rate': 0.008915455655289855}. Best is trial 1 with value: 7.288946628570557.
LOCAL_RANK: 0 - CUDA_VISIBLE_DEVICES: [0]
[I 2023-12-27 11:07:22,208] Trial 15 finished with value: 24.254661560058594 and parameters: {'gradient_clip_val': 0.6713224390926509, 'hidden_size': 9, 'dropout': 0.2587416697217644, 'hidden_continuous_size': 5, 'attention_head_size': 3, 'learning_rate': 0.0005148561672068407}. Best is trial 1 with value: 7.288946628570557.
LOCAL_RANK: 0 - CUDA_VISIBLE_DEVICES: [0]
[I 2023-12-27 11:07:22,703] Trial 16 finished with value: 23.385629653930664 and parameters: {'gradient_clip_val': 0.38111409956977405, 'hidden_size': 17, 'dropout': 0.1656955955565501, 'hidden_continuous_size': 6, 'attention_head_size': 4, 'learning_rate': 0.03706783151647036}. Best is trial 1 with value: 7.288946628570557.
LOCAL_RANK: 0 - CUDA_VISIBLE_DEVICES: [0]
[I 2023-12-27 11:07:23,219] Trial 17 finished with value: 23.039159774780273 and parameters: {'gradient_clip_val': 0.6003194045632008, 'hidden_size': 41, 'dropout': 0.10284835850633078, 'hidden_continuous_size': 10, 'attention_head_size': 1, 'learning_rate': 0.00461708186883813}. Best is trial 1 with value: 7.288946628570557.
LOCAL_RANK: 0 - CUDA_VISIBLE_DEVICES: [0]
[I 2023-12-27 11:07:23,674] Trial 18 finished with value: 15.150273323059082 and parameters: {'gradient_clip_val': 0.22714359844459966, 'hidden_size': 20, 'dropout': 0.27353186481341596, 'hidden_continuous_size': 6, 'attention_head_size': 2, 'learning_rate': 0.0018085554440794194}. Best is trial 1 with value: 7.288946628570557.
LOCAL_RANK: 0 - CUDA_VISIBLE_DEVICES: [0]
[I 2023-12-27 11:07:24,162] Trial 19 finished with value: 24.95021629333496 and parameters: {'gradient_clip_val': 0.3208971342120338, 'hidden_size': 22, 'dropout': 0.27527659582086467, 'hidden_continuous_size': 7, 'attention_head_size': 3, 'learning_rate': 0.0023507052347652943}. Best is trial 1 with value: 7.288946628570557.
LOCAL_RANK: 0 - CUDA_VISIBLE_DEVICES: [0]
[I 2023-12-27 11:07:24,662] Trial 20 finished with value: 20.818613052368164 and parameters: {'gradient_clip_val': 0.7602037584631536, 'hidden_size': 45, 'dropout': 0.4921316987922431, 'hidden_continuous_size': 11, 'attention_head_size': 2, 'learning_rate': 0.006127588789136823}. Best is trial 1 with value: 7.288946628570557.
LOCAL_RANK: 0 - CUDA_VISIBLE_DEVICES: [0]
[I 2023-12-27 11:07:25,143] Trial 21 finished with value: 28.522077560424805 and parameters: {'gradient_clip_val': 0.21860499967799474, 'hidden_size': 11, 'dropout': 0.1689585075999247, 'hidden_continuous_size': 5, 'attention_head_size': 1, 'learning_rate': 0.001597029837489723}. Best is trial 1 with value: 7.288946628570557.
LOCAL_RANK: 0 - CUDA_VISIBLE_DEVICES: [0]
[I 2023-12-27 11:07:25,594] Trial 22 finished with value: 24.29291343688965 and parameters: {'gradient_clip_val': 0.1459878261320705, 'hidden_size': 22, 'dropout': 0.2808594018543425, 'hidden_continuous_size': 6, 'attention_head_size': 2, 'learning_rate': 0.0011163938736145028}. Best is trial 1 with value: 7.288946628570557.
LOCAL_RANK: 0 - CUDA_VISIBLE_DEVICES: [0]
[I 2023-12-27 11:07:26,268] Trial 23 finished with value: 27.120941162109375 and parameters: {'gradient_clip_val': 0.23375472715638826, 'hidden_size': 5, 'dropout': 0.23100300386565994, 'hidden_continuous_size': 5, 'attention_head_size': 1, 'learning_rate': 0.0005720938810227756}. Best is trial 1 with value: 7.288946628570557.
LOCAL_RANK: 0 - CUDA_VISIBLE_DEVICES: [0]
[I 2023-12-27 11:07:26,718] Trial 24 finished with value: 29.7022705078125 and parameters: {'gradient_clip_val': 0.49911900969071593, 'hidden_size': 7, 'dropout': 0.18886875048236426, 'hidden_continuous_size': 5, 'attention_head_size': 2, 'learning_rate': 0.0017831179185120777}. Best is trial 1 with value: 7.288946628570557.
LOCAL_RANK: 0 - CUDA_VISIBLE_DEVICES: [0]
[I 2023-12-27 11:07:27,253] Trial 25 finished with value: 21.63291358947754 and parameters: {'gradient_clip_val': 0.31898376790321126, 'hidden_size': 126, 'dropout': 0.14454672597831575, 'hidden_continuous_size': 65, 'attention_head_size': 3, 'learning_rate': 0.003451458504435866}. Best is trial 1 with value: 7.288946628570557.
LOCAL_RANK: 0 - CUDA_VISIBLE_DEVICES: [0]
[I 2023-12-27 11:07:27,711] Trial 26 finished with value: 29.258798599243164 and parameters: {'gradient_clip_val': 0.2103166433098289, 'hidden_size': 24, 'dropout': 0.23745035601284703, 'hidden_continuous_size': 6, 'attention_head_size': 1, 'learning_rate': 0.0010386668861268632}. Best is trial 1 with value: 7.288946628570557.
LOCAL_RANK: 0 - CUDA_VISIBLE_DEVICES: [0]
[I 2023-12-27 11:07:28,168] Trial 27 finished with value: 21.93251609802246 and parameters: {'gradient_clip_val': 0.26691679648744926, 'hidden_size': 17, 'dropout': 0.1332935369795804, 'hidden_continuous_size': 6, 'attention_head_size': 4, 'learning_rate': 0.002044877184127868}. Best is trial 1 with value: 7.288946628570557.
LOCAL_RANK: 0 - CUDA_VISIBLE_DEVICES: [0]
[I 2023-12-27 11:07:28,664] Trial 28 finished with value: 25.72010612487793 and parameters: {'gradient_clip_val': 0.14688267484657194, 'hidden_size': 51, 'dropout': 0.18858234094063292, 'hidden_continuous_size': 9, 'attention_head_size': 2, 'learning_rate': 0.0013227046540351722}. Best is trial 1 with value: 7.288946628570557.
LOCAL_RANK: 0 - CUDA_VISIBLE_DEVICES: [0]
[I 2023-12-27 11:07:29,145] Trial 29 finished with value: 25.64634132385254 and parameters: {'gradient_clip_val': 0.503303509443175, 'hidden_size': 32, 'dropout': 0.1369562244840979, 'hidden_continuous_size': 7, 'attention_head_size': 1, 'learning_rate': 0.0007143134174499167}. Best is trial 1 with value: 7.288946628570557.
LOCAL_RANK: 0 - CUDA_VISIBLE_DEVICES: [0]
[I 2023-12-27 11:07:29,586] Trial 30 finished with value: 20.940603256225586 and parameters: {'gradient_clip_val': 0.20344832002491114, 'hidden_size': 13, 'dropout': 0.2228144191176541, 'hidden_continuous_size': 5, 'attention_head_size': 1, 'learning_rate': 0.09673256565321506}. Best is trial 1 with value: 7.288946628570557.
LOCAL_RANK: 0 - CUDA_VISIBLE_DEVICES: [0]
[I 2023-12-27 11:07:30,046] Trial 31 finished with value: 25.289899826049805 and parameters: {'gradient_clip_val': 0.6497907556818077, 'hidden_size': 28, 'dropout': 0.10797277263860759, 'hidden_continuous_size': 7, 'attention_head_size': 3, 'learning_rate': 0.004280340778442739}. Best is trial 1 with value: 7.288946628570557.
LOCAL_RANK: 0 - CUDA_VISIBLE_DEVICES: [0]
[I 2023-12-27 11:07:30,545] Trial 32 finished with value: 26.060644149780273 and parameters: {'gradient_clip_val': 0.7447982461762116, 'hidden_size': 56, 'dropout': 0.10290789039450103, 'hidden_continuous_size': 8, 'attention_head_size': 3, 'learning_rate': 0.005280941051443222}. Best is trial 1 with value: 7.288946628570557.
LOCAL_RANK: 0 - CUDA_VISIBLE_DEVICES: [0]
[I 2023-12-27 11:07:31,019] Trial 33 finished with value: 28.427526473999023 and parameters: {'gradient_clip_val': 0.9936528307543339, 'hidden_size': 32, 'dropout': 0.1775085281796519, 'hidden_continuous_size': 5, 'attention_head_size': 4, 'learning_rate': 0.008518495992489394}. Best is trial 1 with value: 7.288946628570557.
LOCAL_RANK: 0 - CUDA_VISIBLE_DEVICES: [0]
[I 2023-12-27 11:07:31,511] Trial 34 finished with value: 26.7471866607666 and parameters: {'gradient_clip_val': 0.3401902089111709, 'hidden_size': 38, 'dropout': 0.14654779930194686, 'hidden_continuous_size': 6, 'attention_head_size': 3, 'learning_rate': 0.00348900046916903}. Best is trial 1 with value: 7.288946628570557.
LOCAL_RANK: 0 - CUDA_VISIBLE_DEVICES: [0]
[I 2023-12-27 11:07:32,015] Trial 35 finished with value: 20.64082145690918 and parameters: {'gradient_clip_val': 0.2808942597609859, 'hidden_size': 27, 'dropout': 0.12176530401153508, 'hidden_continuous_size': 5, 'attention_head_size': 4, 'learning_rate': 0.002318858411608687}. Best is trial 1 with value: 7.288946628570557.
LOCAL_RANK: 0 - CUDA_VISIBLE_DEVICES: [0]
[I 2023-12-27 11:07:32,749] Trial 36 finished with value: 31.247581481933594 and parameters: {'gradient_clip_val': 0.8217289497427748, 'hidden_size': 20, 'dropout': 0.208844389213245, 'hidden_continuous_size': 6, 'attention_head_size': 4, 'learning_rate': 0.014230048993300042}. Best is trial 1 with value: 7.288946628570557.
LOCAL_RANK: 0 - CUDA_VISIBLE_DEVICES: [0]
[I 2023-12-27 11:07:33,250] Trial 37 finished with value: 19.914276123046875 and parameters: {'gradient_clip_val': 0.5349247592947235, 'hidden_size': 57, 'dropout': 0.1536725597523205, 'hidden_continuous_size': 8, 'attention_head_size': 3, 'learning_rate': 0.007250339948294999}. Best is trial 1 with value: 7.288946628570557.
LOCAL_RANK: 0 - CUDA_VISIBLE_DEVICES: [0]
[I 2023-12-27 11:07:33,734] Trial 38 finished with value: 21.387985229492188 and parameters: {'gradient_clip_val': 0.8475377792616258, 'hidden_size': 19, 'dropout': 0.19099587227802686, 'hidden_continuous_size': 5, 'attention_head_size': 2, 'learning_rate': 0.028991575544916978}. Best is trial 1 with value: 7.288946628570557.
LOCAL_RANK: 0 - CUDA_VISIBLE_DEVICES: [0]
[I 2023-12-27 11:07:34,198] Trial 39 finished with value: 28.9473876953125 and parameters: {'gradient_clip_val': 0.23887321583497173, 'hidden_size': 24, 'dropout': 0.12349032705320802, 'hidden_continuous_size': 7, 'attention_head_size': 4, 'learning_rate': 0.0009590400563116539}. Best is trial 1 with value: 7.288946628570557.
LOCAL_RANK: 0 - CUDA_VISIBLE_DEVICES: [0]
[I 2023-12-27 11:07:34,686] Trial 40 finished with value: 27.227842330932617 and parameters: {'gradient_clip_val': 0.170691737399187, 'hidden_size': 15, 'dropout': 0.3073620783331936, 'hidden_continuous_size': 5, 'attention_head_size': 2, 'learning_rate': 0.010541513348591594}. Best is trial 1 with value: 7.288946628570557.
LOCAL_RANK: 0 - CUDA_VISIBLE_DEVICES: [0]
[I 2023-12-27 11:07:35,186] Trial 41 finished with value: 18.541208267211914 and parameters: {'gradient_clip_val': 0.5605007817355461, 'hidden_size': 61, 'dropout': 0.15484055630249918, 'hidden_continuous_size': 8, 'attention_head_size': 3, 'learning_rate': 0.007361124715555941}. Best is trial 1 with value: 7.288946628570557.
LOCAL_RANK: 0 - CUDA_VISIBLE_DEVICES: [0]
[I 2023-12-27 11:07:35,665] Trial 42 finished with value: 27.724510192871094 and parameters: {'gradient_clip_val': 0.9012748178265922, 'hidden_size': 45, 'dropout': 0.1603147481204792, 'hidden_continuous_size': 9, 'attention_head_size': 3, 'learning_rate': 0.01568965673393489}. Best is trial 1 with value: 7.288946628570557.
LOCAL_RANK: 0 - CUDA_VISIBLE_DEVICES: [0]
[I 2023-12-27 11:07:36,170] Trial 43 finished with value: 28.161165237426758 and parameters: {'gradient_clip_val': 0.5601354012089221, 'hidden_size': 66, 'dropout': 0.12400415449560513, 'hidden_continuous_size': 13, 'attention_head_size': 3, 'learning_rate': 0.07405003942249219}. Best is trial 1 with value: 7.288946628570557.
LOCAL_RANK: 0 - CUDA_VISIBLE_DEVICES: [0]
[I 2023-12-27 11:07:36,642] Trial 44 finished with value: 21.18195343017578 and parameters: {'gradient_clip_val': 0.46948270674077663, 'hidden_size': 29, 'dropout': 0.21008255053266756, 'hidden_continuous_size': 6, 'attention_head_size': 3, 'learning_rate': 0.00651858326613958}. Best is trial 1 with value: 7.288946628570557.
LOCAL_RANK: 0 - CUDA_VISIBLE_DEVICES: [0]
[I 2023-12-27 11:07:37,109] Trial 45 finished with value: 23.515380859375 and parameters: {'gradient_clip_val': 0.42192171203671863, 'hidden_size': 38, 'dropout': 0.1733162909009898, 'hidden_continuous_size': 7, 'attention_head_size': 3, 'learning_rate': 0.01945844972817957}. Best is trial 1 with value: 7.288946628570557.
LOCAL_RANK: 0 - CUDA_VISIBLE_DEVICES: [0]
[I 2023-12-27 11:07:37,634] Trial 46 finished with value: 21.451751708984375 and parameters: {'gradient_clip_val': 0.591131805369798, 'hidden_size': 93, 'dropout': 0.13995442553060666, 'hidden_continuous_size': 10, 'attention_head_size': 2, 'learning_rate': 0.0013272271832343255}. Best is trial 1 with value: 7.288946628570557.
LOCAL_RANK: 0 - CUDA_VISIBLE_DEVICES: [0]
[I 2023-12-27 11:07:38,154] Trial 47 finished with value: 22.045082092285156 and parameters: {'gradient_clip_val': 0.3685910683440705, 'hidden_size': 68, 'dropout': 0.1980606674482327, 'hidden_continuous_size': 12, 'attention_head_size': 4, 'learning_rate': 0.0018273732617087434}. Best is trial 1 with value: 7.288946628570557.
LOCAL_RANK: 0 - CUDA_VISIBLE_DEVICES: [0]
[I 2023-12-27 11:07:38,649] Trial 48 finished with value: 24.565322875976562 and parameters: {'gradient_clip_val': 0.4537011281835205, 'hidden_size': 37, 'dropout': 0.25865127892554374, 'hidden_continuous_size': 7, 'attention_head_size': 3, 'learning_rate': 0.002903924290865085}. Best is trial 1 with value: 7.288946628570557.
LOCAL_RANK: 0 - CUDA_VISIBLE_DEVICES: [0]
[I 2023-12-27 11:07:39,367] Trial 49 finished with value: 30.00477409362793 and parameters: {'gradient_clip_val': 0.3005421394589862, 'hidden_size': 27, 'dropout': 0.15655446778205145, 'hidden_continuous_size': 6, 'attention_head_size': 2, 'learning_rate': 0.005418087571467543}. Best is trial 1 with value: 7.288946628570557.
[I 2023-12-27 11:07:39,496] A new study created in memory with name: no-name-5c64cecf-ce7d-4cda-9342-986be78d06e2
/home/le004/conda/anaconda3/envs/tsff_env/lib/python3.9/site-packages/lightning/fabric/plugins/environments/slurm.py:191: The `srun` command is available on your system but is not used. HINT: If your intention is to run Lightning on SLURM, prepend your python command with `srun` like so: srun python /home/le004/master_thesis/git/TSFusionForecast/code/ ...
LOCAL_RANK: 0 - CUDA_VISIBLE_DEVICES: [0]
[I 2023-12-27 11:08:01,410] Trial 0 finished with value: 7.396756649017334 and parameters: {'gradient_clip_val': 0.6046482667608671, 'hidden_size': 25, 'dropout': 0.2031080480875782, 'hidden_continuous_size': 5, 'attention_head_size': 2, 'learning_rate': 0.04258080452668656}. Best is trial 0 with value: 7.396756649017334.
LOCAL_RANK: 0 - CUDA_VISIBLE_DEVICES: [0]
[I 2023-12-27 11:08:01,836] Trial 1 finished with value: 26.3489933013916 and parameters: {'gradient_clip_val': 0.1621402711710248, 'hidden_size': 37, 'dropout': 0.3290325221080677, 'hidden_continuous_size': 6, 'attention_head_size': 1, 'learning_rate': 0.06500029003464271}. Best is trial 0 with value: 7.396756649017334.
LOCAL_RANK: 0 - CUDA_VISIBLE_DEVICES: [0]
[I 2023-12-27 11:08:02,293] Trial 2 finished with value: 28.983102798461914 and parameters: {'gradient_clip_val': 0.18364604187244085, 'hidden_size': 118, 'dropout': 0.11746929650711505, 'hidden_continuous_size': 12, 'attention_head_size': 1, 'learning_rate': 0.004369794608227672}. Best is trial 0 with value: 7.396756649017334.
LOCAL_RANK: 0 - CUDA_VISIBLE_DEVICES: [0]
[I 2023-12-27 11:08:02,750] Trial 3 finished with value: 26.482666015625 and parameters: {'gradient_clip_val': 0.49607523139460513, 'hidden_size': 49, 'dropout': 0.11998583649631112, 'hidden_continuous_size': 5, 'attention_head_size': 4, 'learning_rate': 0.0013105695683498391}. Best is trial 0 with value: 7.396756649017334.
LOCAL_RANK: 0 - CUDA_VISIBLE_DEVICES: [0]
[I 2023-12-27 11:08:03,159] Trial 4 finished with value: 20.69878387451172 and parameters: {'gradient_clip_val': 0.10635219014688864, 'hidden_size': 22, 'dropout': 0.26116725073328745, 'hidden_continuous_size': 6, 'attention_head_size': 2, 'learning_rate': 0.00558136572989517}. Best is trial 0 with value: 7.396756649017334.
LOCAL_RANK: 0 - CUDA_VISIBLE_DEVICES: [0]
[I 2023-12-27 11:08:03,626] Trial 5 finished with value: 24.121610641479492 and parameters: {'gradient_clip_val': 0.6956453683290524, 'hidden_size': 99, 'dropout': 0.4520978517921118, 'hidden_continuous_size': 22, 'attention_head_size': 3, 'learning_rate': 0.004037547766977454}. Best is trial 0 with value: 7.396756649017334.
LOCAL_RANK: 0 - CUDA_VISIBLE_DEVICES: [0]
