[I 2023-12-16 12:33:19,605] Trial 30 finished with value: 0.05032717064023018 and parameters: {'gradient_clip_val': 0.12267962134228856, 'hidden_size': 42, 'dropout': 0.2719015630888239, 'hidden_continuous_size': 15, 'attention_head_size': 1, 'learning_rate': 0.034288750660092404}. Best is trial 8 with value: 0.046219706535339355.
LOCAL_RANK: 0 - CUDA_VISIBLE_DEVICES: [0]
[I 2023-12-16 12:34:13,100] Trial 31 finished with value: 0.08505963534116745 and parameters: {'gradient_clip_val': 0.12459101813787722, 'hidden_size': 75, 'dropout': 0.2676303986517779, 'hidden_continuous_size': 17, 'attention_head_size': 1, 'learning_rate': 0.030425397731655975}. Best is trial 8 with value: 0.046219706535339355.
LOCAL_RANK: 0 - CUDA_VISIBLE_DEVICES: [0]
[I 2023-12-16 12:35:05,017] Trial 32 finished with value: 0.07713741064071655 and parameters: {'gradient_clip_val': 0.11645384401950573, 'hidden_size': 43, 'dropout': 0.32572157698223597, 'hidden_continuous_size': 12, 'attention_head_size': 1, 'learning_rate': 0.057469526949292526}. Best is trial 8 with value: 0.046219706535339355.
LOCAL_RANK: 0 - CUDA_VISIBLE_DEVICES: [0]
[I 2023-12-16 12:35:58,197] Trial 33 finished with value: 0.07188578695058823 and parameters: {'gradient_clip_val': 0.13321519889215538, 'hidden_size': 57, 'dropout': 0.30224333772695455, 'hidden_continuous_size': 23, 'attention_head_size': 1, 'learning_rate': 0.040948996938253046}. Best is trial 8 with value: 0.046219706535339355.
LOCAL_RANK: 0 - CUDA_VISIBLE_DEVICES: [0]
[I 2023-12-16 12:36:51,109] Trial 34 finished with value: 0.07189210504293442 and parameters: {'gradient_clip_val': 0.11480834495885708, 'hidden_size': 69, 'dropout': 0.3408611414290164, 'hidden_continuous_size': 14, 'attention_head_size': 1, 'learning_rate': 0.07535521775946377}. Best is trial 8 with value: 0.046219706535339355.
LOCAL_RANK: 0 - CUDA_VISIBLE_DEVICES: [0]
[I 2023-12-16 12:37:37,458] Trial 35 finished with value: 0.12386628240346909 and parameters: {'gradient_clip_val': 0.10550766574051437, 'hidden_size': 6, 'dropout': 0.3255839519620859, 'hidden_continuous_size': 5, 'attention_head_size': 2, 'learning_rate': 0.019542093223501096}. Best is trial 8 with value: 0.046219706535339355.
LOCAL_RANK: 0 - CUDA_VISIBLE_DEVICES: [0]
[I 2023-12-16 12:38:26,253] Trial 36 finished with value: 0.05153288319706917 and parameters: {'gradient_clip_val': 0.1635623517070278, 'hidden_size': 30, 'dropout': 0.2815589601543048, 'hidden_continuous_size': 16, 'attention_head_size': 1, 'learning_rate': 0.017568635432298384}. Best is trial 8 with value: 0.046219706535339355.
LOCAL_RANK: 0 - CUDA_VISIBLE_DEVICES: [0]
[I 2023-12-16 12:39:17,961] Trial 37 finished with value: 0.06662216037511826 and parameters: {'gradient_clip_val': 0.12095605565068966, 'hidden_size': 48, 'dropout': 0.35800538623995043, 'hidden_continuous_size': 18, 'attention_head_size': 1, 'learning_rate': 0.02657177132154254}. Best is trial 8 with value: 0.046219706535339355.
LOCAL_RANK: 0 - CUDA_VISIBLE_DEVICES: [0]
[I 2023-12-16 12:40:11,177] Trial 38 finished with value: 0.06456512212753296 and parameters: {'gradient_clip_val': 0.13093905526405958, 'hidden_size': 63, 'dropout': 0.3448423052170277, 'hidden_continuous_size': 20, 'attention_head_size': 2, 'learning_rate': 0.03649857522780678}. Best is trial 8 with value: 0.046219706535339355.
LOCAL_RANK: 0 - CUDA_VISIBLE_DEVICES: [0]
[I 2023-12-16 12:41:05,318] Trial 39 finished with value: 0.0630810484290123 and parameters: {'gradient_clip_val': 0.15295081413614325, 'hidden_size': 82, 'dropout': 0.24463598270550435, 'hidden_continuous_size': 14, 'attention_head_size': 3, 'learning_rate': 0.011368305044818401}. Best is trial 8 with value: 0.046219706535339355.
LOCAL_RANK: 0 - CUDA_VISIBLE_DEVICES: [0]
[I 2023-12-16 12:41:54,734] Trial 40 finished with value: 0.10945490002632141 and parameters: {'gradient_clip_val': 0.13087028603578496, 'hidden_size': 36, 'dropout': 0.2832598165831496, 'hidden_continuous_size': 11, 'attention_head_size': 2, 'learning_rate': 0.005964422736519462}. Best is trial 8 with value: 0.046219706535339355.
LOCAL_RANK: 0 - CUDA_VISIBLE_DEVICES: [0]
[I 2023-12-16 12:42:44,942] Trial 41 finished with value: 0.06257795542478561 and parameters: {'gradient_clip_val': 0.16347908458661442, 'hidden_size': 33, 'dropout': 0.2811206824437556, 'hidden_continuous_size': 16, 'attention_head_size': 1, 'learning_rate': 0.025209689163993926}. Best is trial 8 with value: 0.046219706535339355.
LOCAL_RANK: 0 - CUDA_VISIBLE_DEVICES: [0]
[I 2023-12-16 12:43:33,742] Trial 42 finished with value: 0.09893491119146347 and parameters: {'gradient_clip_val': 0.10024542852400663, 'hidden_size': 27, 'dropout': 0.3041437040530375, 'hidden_continuous_size': 15, 'attention_head_size': 1, 'learning_rate': 0.015822926998132196}. Best is trial 8 with value: 0.046219706535339355.
LOCAL_RANK: 0 - CUDA_VISIBLE_DEVICES: [0]
[I 2023-12-16 12:44:23,514] Trial 43 finished with value: 0.06348832696676254 and parameters: {'gradient_clip_val': 0.15740658695331813, 'hidden_size': 21, 'dropout': 0.2701356566471511, 'hidden_continuous_size': 11, 'attention_head_size': 4, 'learning_rate': 0.016701532844618804}. Best is trial 8 with value: 0.046219706535339355.
LOCAL_RANK: 0 - CUDA_VISIBLE_DEVICES: [0]
[I 2023-12-16 12:45:12,551] Trial 44 finished with value: 0.04749494791030884 and parameters: {'gradient_clip_val': 0.11497457254430517, 'hidden_size': 29, 'dropout': 0.29013267172212187, 'hidden_continuous_size': 13, 'attention_head_size': 1, 'learning_rate': 0.04969614478105336}. Best is trial 8 with value: 0.046219706535339355.
LOCAL_RANK: 0 - CUDA_VISIBLE_DEVICES: [0]
[I 2023-12-16 12:46:02,940] Trial 45 finished with value: 0.060513775795698166 and parameters: {'gradient_clip_val': 0.11175807575134254, 'hidden_size': 41, 'dropout': 0.3229089445113477, 'hidden_continuous_size': 8, 'attention_head_size': 1, 'learning_rate': 0.0524452676948786}. Best is trial 8 with value: 0.046219706535339355.
LOCAL_RANK: 0 - CUDA_VISIBLE_DEVICES: [0]
[I 2023-12-16 12:46:48,156] Trial 46 finished with value: 0.04735870286822319 and parameters: {'gradient_clip_val': 0.12036609277242444, 'hidden_size': 10, 'dropout': 0.2954401368059922, 'hidden_continuous_size': 6, 'attention_head_size': 1, 'learning_rate': 0.07482261756253987}. Best is trial 8 with value: 0.046219706535339355.
LOCAL_RANK: 0 - CUDA_VISIBLE_DEVICES: [0]
[I 2023-12-16 12:47:33,670] Trial 47 finished with value: 0.08395594358444214 and parameters: {'gradient_clip_val': 0.1384407646735402, 'hidden_size': 10, 'dropout': 0.3118509690255236, 'hidden_continuous_size': 6, 'attention_head_size': 2, 'learning_rate': 0.0778071994551899}. Best is trial 8 with value: 0.046219706535339355.
LOCAL_RANK: 0 - CUDA_VISIBLE_DEVICES: [0]
[I 2023-12-16 12:48:19,994] Trial 48 finished with value: 0.08488159626722336 and parameters: {'gradient_clip_val': 0.11155631662630443, 'hidden_size': 14, 'dropout': 0.34305071700966216, 'hidden_continuous_size': 7, 'attention_head_size': 4, 'learning_rate': 0.08740328653301795}. Best is trial 8 with value: 0.046219706535339355.
LOCAL_RANK: 0 - CUDA_VISIBLE_DEVICES: [0]
[I 2023-12-16 12:49:06,131] Trial 49 finished with value: 0.08463888615369797 and parameters: {'gradient_clip_val': 0.1349546770801947, 'hidden_size': 11, 'dropout': 0.2960567551870341, 'hidden_continuous_size': 6, 'attention_head_size': 3, 'learning_rate': 0.06627226485287811}. Best is trial 8 with value: 0.046219706535339355.
[I 2023-12-16 12:49:06,223] A new study created in memory with name: no-name-e080ff92-6238-4db2-917a-6bc6cd089b6c
/home/le004/conda/anaconda3/envs/tsff_env/lib/python3.9/site-packages/lightning/fabric/plugins/environments/slurm.py:191: The `srun` command is available on your system but is not used. HINT: If your intention is to run Lightning on SLURM, prepend your python command with `srun` like so: srun python /home/le004/master_thesis/git/TSFusionForecast/code/ ...
LOCAL_RANK: 0 - CUDA_VISIBLE_DEVICES: [0]
[I 2023-12-16 12:49:42,768] Trial 0 finished with value: 0.855863630771637 and parameters: {'gradient_clip_val': 0.104933223199653, 'hidden_size': 5, 'dropout': 0.3679784916732729, 'hidden_continuous_size': 5, 'attention_head_size': 3, 'learning_rate': 0.01334224727873174}. Best is trial 0 with value: 0.855863630771637.
LOCAL_RANK: 0 - CUDA_VISIBLE_DEVICES: [0]
[I 2023-12-16 12:50:32,513] Trial 1 finished with value: 0.3662373125553131 and parameters: {'gradient_clip_val': 0.620771048735765, 'hidden_size': 25, 'dropout': 0.19719936298266136, 'hidden_continuous_size': 7, 'attention_head_size': 3, 'learning_rate': 0.00473369214017437}. Best is trial 1 with value: 0.3662373125553131.
LOCAL_RANK: 0 - CUDA_VISIBLE_DEVICES: [0]
[I 2023-12-16 12:51:25,035] Trial 2 finished with value: 0.20288889110088348 and parameters: {'gradient_clip_val': 0.21005790766201227, 'hidden_size': 64, 'dropout': 0.39376795144608, 'hidden_continuous_size': 8, 'attention_head_size': 4, 'learning_rate': 0.002585244165073167}. Best is trial 2 with value: 0.20288889110088348.
LOCAL_RANK: 0 - CUDA_VISIBLE_DEVICES: [0]
[I 2023-12-16 12:52:17,175] Trial 3 finished with value: 0.10608331114053726 and parameters: {'gradient_clip_val': 0.25096020848677764, 'hidden_size': 43, 'dropout': 0.24125007390872696, 'hidden_continuous_size': 17, 'attention_head_size': 1, 'learning_rate': 0.007246726726233374}. Best is trial 3 with value: 0.10608331114053726.
LOCAL_RANK: 0 - CUDA_VISIBLE_DEVICES: [0]
[I 2023-12-16 12:53:10,478] Trial 4 finished with value: 0.1349666267633438 and parameters: {'gradient_clip_val': 0.3222641655620951, 'hidden_size': 41, 'dropout': 0.3922840146755584, 'hidden_continuous_size': 19, 'attention_head_size': 4, 'learning_rate': 0.003660926924567363}. Best is trial 3 with value: 0.10608331114053726.
LOCAL_RANK: 0 - CUDA_VISIBLE_DEVICES: [0]
[I 2023-12-16 12:53:57,245] Trial 5 finished with value: 0.267421692609787 and parameters: {'gradient_clip_val': 0.3974659154018651, 'hidden_size': 16, 'dropout': 0.38999552739161214, 'hidden_continuous_size': 15, 'attention_head_size': 4, 'learning_rate': 0.0026429501249642636}. Best is trial 3 with value: 0.10608331114053726.
LOCAL_RANK: 0 - CUDA_VISIBLE_DEVICES: [0]
[I 2023-12-16 12:54:50,469] Trial 6 finished with value: 0.17538563907146454 and parameters: {'gradient_clip_val': 0.17313309258578613, 'hidden_size': 45, 'dropout': 0.12477110633242042, 'hidden_continuous_size': 21, 'attention_head_size': 4, 'learning_rate': 0.015922368011751287}. Best is trial 3 with value: 0.10608331114053726.
LOCAL_RANK: 0 - CUDA_VISIBLE_DEVICES: [0]
[I 2023-12-16 12:55:38,708] Trial 7 finished with value: 0.05935465171933174 and parameters: {'gradient_clip_val': 0.27039325580985263, 'hidden_size': 20, 'dropout': 0.21104748261796838, 'hidden_continuous_size': 12, 'attention_head_size': 4, 'learning_rate': 0.078331082911146}. Best is trial 7 with value: 0.05935465171933174.
LOCAL_RANK: 0 - CUDA_VISIBLE_DEVICES: [0]
[I 2023-12-16 12:56:25,300] Trial 8 finished with value: 0.32503798604011536 and parameters: {'gradient_clip_val': 0.6130300526058329, 'hidden_size': 14, 'dropout': 0.31166748117417564, 'hidden_continuous_size': 9, 'attention_head_size': 1, 'learning_rate': 0.07673932103163868}. Best is trial 7 with value: 0.05935465171933174.
LOCAL_RANK: 0 - CUDA_VISIBLE_DEVICES: [0]
[I 2023-12-16 12:57:02,842] Trial 9 finished with value: 0.08863594383001328 and parameters: {'gradient_clip_val': 0.6869732568619932, 'hidden_size': 5, 'dropout': 0.19562287329313466, 'hidden_continuous_size': 5, 'attention_head_size': 4, 'learning_rate': 0.022460573973707106}. Best is trial 7 with value: 0.05935465171933174.
LOCAL_RANK: 0 - CUDA_VISIBLE_DEVICES: [0]
[I 2023-12-16 12:57:59,267] Trial 10 finished with value: 0.31776532530784607 and parameters: {'gradient_clip_val': 0.9972696409391362, 'hidden_size': 99, 'dropout': 0.10834184351938661, 'hidden_continuous_size': 47, 'attention_head_size': 2, 'learning_rate': 0.0006574310315697804}. Best is trial 7 with value: 0.05935465171933174.
LOCAL_RANK: 0 - CUDA_VISIBLE_DEVICES: [0]
[I 2023-12-16 12:58:35,698] Trial 11 finished with value: 0.1015152558684349 and parameters: {'gradient_clip_val': 0.4230836028076036, 'hidden_size': 5, 'dropout': 0.19348645297041436, 'hidden_continuous_size': 5, 'attention_head_size': 3, 'learning_rate': 0.08302470318651661}. Best is trial 7 with value: 0.05935465171933174.
LOCAL_RANK: 0 - CUDA_VISIBLE_DEVICES: [0]
[I 2023-12-16 12:59:22,039] Trial 12 finished with value: 0.3197571039199829 and parameters: {'gradient_clip_val': 0.9253101283712117, 'hidden_size': 10, 'dropout': 0.18931951076884554, 'hidden_continuous_size': 5, 'attention_head_size': 2, 'learning_rate': 0.03784368436409762}. Best is trial 7 with value: 0.05935465171933174.
LOCAL_RANK: 0 - CUDA_VISIBLE_DEVICES: [0]
[I 2023-12-16 13:00:07,132] Trial 13 finished with value: 0.09683495759963989 and parameters: {'gradient_clip_val': 0.5073048459462243, 'hidden_size': 8, 'dropout': 0.25864114988252845, 'hidden_continuous_size': 5, 'attention_head_size': 4, 'learning_rate': 0.029999784281205675}. Best is trial 7 with value: 0.05935465171933174.
LOCAL_RANK: 0 - CUDA_VISIBLE_DEVICES: [0]
[I 2023-12-16 13:00:56,193] Trial 14 finished with value: 0.08394721895456314 and parameters: {'gradient_clip_val': 0.302502150978183, 'hidden_size': 22, 'dropout': 0.15372920105928206, 'hidden_continuous_size': 7, 'attention_head_size': 3, 'learning_rate': 0.04323441671385184}. Best is trial 7 with value: 0.05935465171933174.
LOCAL_RANK: 0 - CUDA_VISIBLE_DEVICES: [0]
[I 2023-12-16 13:01:45,966] Trial 15 finished with value: 0.11004055291414261 and parameters: {'gradient_clip_val': 0.2888094167197303, 'hidden_size': 23, 'dropout': 0.1560192385694601, 'hidden_continuous_size': 11, 'attention_head_size': 3, 'learning_rate': 0.09814264104937602}. Best is trial 7 with value: 0.05935465171933174.
LOCAL_RANK: 0 - CUDA_VISIBLE_DEVICES: [0]
[I 2023-12-16 13:02:34,766] Trial 16 finished with value: 0.0927976593375206 and parameters: {'gradient_clip_val': 0.33089867632454145, 'hidden_size': 26, 'dropout': 0.15381487132335564, 'hidden_continuous_size': 7, 'attention_head_size': 2, 'learning_rate': 0.047588890051428495}. Best is trial 7 with value: 0.05935465171933174.
LOCAL_RANK: 0 - CUDA_VISIBLE_DEVICES: [0]
[I 2023-12-16 13:03:22,243] Trial 17 finished with value: 0.0835079550743103 and parameters: {'gradient_clip_val': 0.20130008465135069, 'hidden_size': 19, 'dropout': 0.10080288193926189, 'hidden_continuous_size': 6, 'attention_head_size': 3, 'learning_rate': 0.0452726752245924}. Best is trial 7 with value: 0.05935465171933174.
LOCAL_RANK: 0 - CUDA_VISIBLE_DEVICES: [0]
[I 2023-12-16 13:04:08,039] Trial 18 finished with value: 0.08547548204660416 and parameters: {'gradient_clip_val': 0.16272955128242228, 'hidden_size': 16, 'dropout': 0.10050905476110379, 'hidden_continuous_size': 6, 'attention_head_size': 3, 'learning_rate': 0.054865077210761684}. Best is trial 7 with value: 0.05935465171933174.
LOCAL_RANK: 0 - CUDA_VISIBLE_DEVICES: [0]
[I 2023-12-16 13:04:52,803] Trial 19 finished with value: 0.16494430601596832 and parameters: {'gradient_clip_val': 0.22559581330956943, 'hidden_size': 12, 'dropout': 0.23558631772891492, 'hidden_continuous_size': 6, 'attention_head_size': 2, 'learning_rate': 0.026258945359564228}. Best is trial 7 with value: 0.05935465171933174.
LOCAL_RANK: 0 - CUDA_VISIBLE_DEVICES: [0]
[I 2023-12-16 13:05:43,068] Trial 20 finished with value: 0.1041724681854248 and parameters: {'gradient_clip_val': 0.1481846473793373, 'hidden_size': 33, 'dropout': 0.120122685228762, 'hidden_continuous_size': 10, 'attention_head_size': 4, 'learning_rate': 0.06118127285109952}. Best is trial 7 with value: 0.05935465171933174.
LOCAL_RANK: 0 - CUDA_VISIBLE_DEVICES: [0]
[I 2023-12-16 13:06:30,591] Trial 21 finished with value: 0.06558085232973099 and parameters: {'gradient_clip_val': 0.2519050984589951, 'hidden_size': 18, 'dropout': 0.15252228916834257, 'hidden_continuous_size': 6, 'attention_head_size': 3, 'learning_rate': 0.044542935104456685}. Best is trial 7 with value: 0.05935465171933174.
LOCAL_RANK: 0 - CUDA_VISIBLE_DEVICES: [0]
[I 2023-12-16 13:07:17,975] Trial 22 finished with value: 0.12463575601577759 and parameters: {'gradient_clip_val': 0.2114609998851719, 'hidden_size': 19, 'dropout': 0.13350178248756622, 'hidden_continuous_size': 6, 'attention_head_size': 3, 'learning_rate': 0.08643745552798819}. Best is trial 7 with value: 0.05935465171933174.
LOCAL_RANK: 0 - CUDA_VISIBLE_DEVICES: [0]
[I 2023-12-16 13:08:05,474] Trial 23 finished with value: 0.11467643827199936 and parameters: {'gradient_clip_val': 0.26629037166282565, 'hidden_size': 18, 'dropout': 0.13955574536573245, 'hidden_continuous_size': 6, 'attention_head_size': 3, 'learning_rate': 0.04711823945348833}. Best is trial 7 with value: 0.05935465171933174.
LOCAL_RANK: 0 - CUDA_VISIBLE_DEVICES: [0]
[I 2023-12-16 13:08:51,353] Trial 24 finished with value: 0.23376651108264923 and parameters: {'gradient_clip_val': 0.19099788406496207, 'hidden_size': 13, 'dropout': 0.17355887165122594, 'hidden_continuous_size': 6, 'attention_head_size': 2, 'learning_rate': 0.09889123719591512}. Best is trial 7 with value: 0.05935465171933174.
LOCAL_RANK: 0 - CUDA_VISIBLE_DEVICES: [0]
[I 2023-12-16 13:09:40,853] Trial 25 finished with value: 0.05669583007693291 and parameters: {'gradient_clip_val': 0.24348309796151063, 'hidden_size': 30, 'dropout': 0.10218185469419676, 'hidden_continuous_size': 9, 'attention_head_size': 3, 'learning_rate': 0.03515648200710566}. Best is trial 25 with value: 0.05669583007693291.
LOCAL_RANK: 0 - CUDA_VISIBLE_DEVICES: [0]
[I 2023-12-16 13:10:30,769] Trial 26 finished with value: 0.10551822185516357 and parameters: {'gradient_clip_val': 0.25006080471927705, 'hidden_size': 31, 'dropout': 0.13339579489715742, 'hidden_continuous_size': 13, 'attention_head_size': 4, 'learning_rate': 0.030432518228914966}. Best is trial 25 with value: 0.05669583007693291.
LOCAL_RANK: 0 - CUDA_VISIBLE_DEVICES: [0]
[I 2023-12-16 13:11:20,177] Trial 27 finished with value: 0.09577137231826782 and parameters: {'gradient_clip_val': 0.3546023565197877, 'hidden_size': 29, 'dropout': 0.16606541894164595, 'hidden_continuous_size': 9, 'attention_head_size': 3, 'learning_rate': 0.06505760889651026}. Best is trial 25 with value: 0.05669583007693291.
LOCAL_RANK: 0 - CUDA_VISIBLE_DEVICES: [0]
[I 2023-12-16 13:12:07,085] Trial 28 finished with value: 0.12082377076148987 and parameters: {'gradient_clip_val': 0.27293011438084674, 'hidden_size': 20, 'dropout': 0.22099132689507522, 'hidden_continuous_size': 8, 'attention_head_size': 2, 'learning_rate': 0.0198243160684146}. Best is trial 25 with value: 0.05669583007693291.
LOCAL_RANK: 0 - CUDA_VISIBLE_DEVICES: [0]
[I 2023-12-16 13:12:55,442] Trial 29 finished with value: 0.04499213770031929 and parameters: {'gradient_clip_val': 0.2361850152864083, 'hidden_size': 24, 'dropout': 0.14210275420889296, 'hidden_continuous_size': 11, 'attention_head_size': 3, 'learning_rate': 0.016224605187036563}. Best is trial 29 with value: 0.04499213770031929.
LOCAL_RANK: 0 - CUDA_VISIBLE_DEVICES: [0]
[I 2023-12-16 13:13:45,948] Trial 30 finished with value: 0.1075337752699852 and parameters: {'gradient_clip_val': 0.13019214816924937, 'hidden_size': 35, 'dropout': 0.12012292946115288, 'hidden_continuous_size': 11, 'attention_head_size': 4, 'learning_rate': 0.010630880283025898}. Best is trial 29 with value: 0.04499213770031929.
LOCAL_RANK: 0 - CUDA_VISIBLE_DEVICES: [0]
[I 2023-12-16 13:14:34,215] Trial 31 finished with value: 0.07239911705255508 and parameters: {'gradient_clip_val': 0.2363399310685463, 'hidden_size': 24, 'dropout': 0.1421265529927177, 'hidden_continuous_size': 12, 'attention_head_size': 3, 'learning_rate': 0.03228571760545566}. Best is trial 29 with value: 0.04499213770031929.
LOCAL_RANK: 0 - CUDA_VISIBLE_DEVICES: [0]
[I 2023-12-16 13:15:23,515] Trial 32 finished with value: 0.2198677808046341 and parameters: {'gradient_clip_val': 0.28173749305946005, 'hidden_size': 27, 'dropout': 0.17204850219839035, 'hidden_continuous_size': 10, 'attention_head_size': 3, 'learning_rate': 0.019211749705223324}. Best is trial 29 with value: 0.04499213770031929.
LOCAL_RANK: 0 - CUDA_VISIBLE_DEVICES: [0]
[I 2023-12-16 13:16:12,570] Trial 33 finished with value: 0.6606116890907288 and parameters: {'gradient_clip_val': 0.18625826812978705, 'hidden_size': 22, 'dropout': 0.2134067696625234, 'hidden_continuous_size': 9, 'attention_head_size': 3, 'learning_rate': 0.01389666636330554}. Best is trial 29 with value: 0.04499213770031929.
LOCAL_RANK: 0 - CUDA_VISIBLE_DEVICES: [0]
[I 2023-12-16 13:17:01,240] Trial 34 finished with value: 0.1011916771531105 and parameters: {'gradient_clip_val': 0.22530377668437732, 'hidden_size': 28, 'dropout': 0.17437247465204325, 'hidden_continuous_size': 12, 'attention_head_size': 3, 'learning_rate': 0.06163437101845204}. Best is trial 29 with value: 0.04499213770031929.
LOCAL_RANK: 0 - CUDA_VISIBLE_DEVICES: [0]
[I 2023-12-16 13:17:50,429] Trial 35 finished with value: 0.09697515517473221 and parameters: {'gradient_clip_val': 0.24963048679266417, 'hidden_size': 36, 'dropout': 0.11602365308572479, 'hidden_continuous_size': 8, 'attention_head_size': 4, 'learning_rate': 0.03178713281984987}. Best is trial 29 with value: 0.04499213770031929.
LOCAL_RANK: 0 - CUDA_VISIBLE_DEVICES: [0]
[I 2023-12-16 13:18:38,057] Trial 36 finished with value: 0.07516760379076004 and parameters: {'gradient_clip_val': 0.35308629537111746, 'hidden_size': 24, 'dropout': 0.1443866106462675, 'hidden_continuous_size': 10, 'attention_head_size': 1, 'learning_rate': 0.011427354458207934}. Best is trial 29 with value: 0.04499213770031929.
LOCAL_RANK: 0 - CUDA_VISIBLE_DEVICES: [0]
