[I 2023-12-16 13:02:27,178] Trial 33 finished with value: 1.8651808500289917 and parameters: {'gradient_clip_val': 0.12394201247053023, 'hidden_size': 42, 'dropout': 0.11947242272596192, 'hidden_continuous_size': 18, 'attention_head_size': 3, 'learning_rate': 0.010490043014955314}. Best is trial 31 with value: 0.25376519560813904.
LOCAL_RANK: 0 - CUDA_VISIBLE_DEVICES: [0]
[I 2023-12-16 13:03:17,613] Trial 34 finished with value: 2.443455696105957 and parameters: {'gradient_clip_val': 0.2205968539050871, 'hidden_size': 27, 'dropout': 0.1916311546348151, 'hidden_continuous_size': 14, 'attention_head_size': 2, 'learning_rate': 0.004820796003494436}. Best is trial 31 with value: 0.25376519560813904.
LOCAL_RANK: 0 - CUDA_VISIBLE_DEVICES: [0]
[I 2023-12-16 13:04:11,198] Trial 35 finished with value: 0.17602963745594025 and parameters: {'gradient_clip_val': 0.11436759615091291, 'hidden_size': 37, 'dropout': 0.1685369678704554, 'hidden_continuous_size': 16, 'attention_head_size': 4, 'learning_rate': 0.014070842019495915}. Best is trial 35 with value: 0.17602963745594025.
LOCAL_RANK: 0 - CUDA_VISIBLE_DEVICES: [0]
[I 2023-12-16 13:05:00,915] Trial 36 finished with value: 2.1515090465545654 and parameters: {'gradient_clip_val': 0.11084521413889266, 'hidden_size': 20, 'dropout': 0.16580944133057285, 'hidden_continuous_size': 15, 'attention_head_size': 4, 'learning_rate': 0.0024472738289547874}. Best is trial 35 with value: 0.17602963745594025.
LOCAL_RANK: 0 - CUDA_VISIBLE_DEVICES: [0]
[I 2023-12-16 13:05:51,966] Trial 37 finished with value: 1.346622109413147 and parameters: {'gradient_clip_val': 0.15061896902140764, 'hidden_size': 26, 'dropout': 0.14172897800627232, 'hidden_continuous_size': 17, 'attention_head_size': 4, 'learning_rate': 0.013961784568094087}. Best is trial 35 with value: 0.17602963745594025.
LOCAL_RANK: 0 - CUDA_VISIBLE_DEVICES: [0]
[I 2023-12-16 13:06:44,557] Trial 38 finished with value: 1.2866920232772827 and parameters: {'gradient_clip_val': 0.11658321237469337, 'hidden_size': 37, 'dropout': 0.17574625746453992, 'hidden_continuous_size': 12, 'attention_head_size': 4, 'learning_rate': 0.02486745887033235}. Best is trial 35 with value: 0.17602963745594025.
LOCAL_RANK: 0 - CUDA_VISIBLE_DEVICES: [0]
[I 2023-12-16 13:07:37,414] Trial 39 finished with value: 1.9806642532348633 and parameters: {'gradient_clip_val': 0.13045557658196727, 'hidden_size': 38, 'dropout': 0.12348727185963732, 'hidden_continuous_size': 14, 'attention_head_size': 3, 'learning_rate': 0.01528973174125472}. Best is trial 35 with value: 0.17602963745594025.
LOCAL_RANK: 0 - CUDA_VISIBLE_DEVICES: [0]
[I 2023-12-16 13:08:26,641] Trial 40 finished with value: 4.269659042358398 and parameters: {'gradient_clip_val': 0.14291264362015876, 'hidden_size': 18, 'dropout': 0.144367684315511, 'hidden_continuous_size': 9, 'attention_head_size': 4, 'learning_rate': 0.0016752394528980988}. Best is trial 35 with value: 0.17602963745594025.
LOCAL_RANK: 0 - CUDA_VISIBLE_DEVICES: [0]
[I 2023-12-16 13:09:20,128] Trial 41 finished with value: 0.5667165517807007 and parameters: {'gradient_clip_val': 0.1630630343630748, 'hidden_size': 52, 'dropout': 0.20463365733983097, 'hidden_continuous_size': 20, 'attention_head_size': 2, 'learning_rate': 0.0077487628153901315}. Best is trial 35 with value: 0.17602963745594025.
LOCAL_RANK: 0 - CUDA_VISIBLE_DEVICES: [0]
[I 2023-12-16 13:10:13,564] Trial 42 finished with value: 0.35091814398765564 and parameters: {'gradient_clip_val': 0.1106018549711158, 'hidden_size': 44, 'dropout': 0.10046829588874956, 'hidden_continuous_size': 17, 'attention_head_size': 3, 'learning_rate': 0.01123218052147618}. Best is trial 35 with value: 0.17602963745594025.
LOCAL_RANK: 0 - CUDA_VISIBLE_DEVICES: [0]
[I 2023-12-16 13:11:05,059] Trial 43 finished with value: 0.4006165564060211 and parameters: {'gradient_clip_val': 0.1110099008176237, 'hidden_size': 30, 'dropout': 0.10310894640370177, 'hidden_continuous_size': 17, 'attention_head_size': 3, 'learning_rate': 0.018683277992072547}. Best is trial 35 with value: 0.17602963745594025.
LOCAL_RANK: 0 - CUDA_VISIBLE_DEVICES: [0]
[I 2023-12-16 13:11:57,702] Trial 44 finished with value: 1.7847334146499634 and parameters: {'gradient_clip_val': 0.10155472781550816, 'hidden_size': 38, 'dropout': 0.11261995646564255, 'hidden_continuous_size': 13, 'attention_head_size': 3, 'learning_rate': 0.006086030932218029}. Best is trial 35 with value: 0.17602963745594025.
LOCAL_RANK: 0 - CUDA_VISIBLE_DEVICES: [0]
[I 2023-12-16 13:12:47,257] Trial 45 finished with value: 2.6099770069122314 and parameters: {'gradient_clip_val': 0.11307036690352665, 'hidden_size': 24, 'dropout': 0.12683921216437635, 'hidden_continuous_size': 16, 'attention_head_size': 4, 'learning_rate': 0.011704330156344719}. Best is trial 35 with value: 0.17602963745594025.
LOCAL_RANK: 0 - CUDA_VISIBLE_DEVICES: [0]
[I 2023-12-16 13:13:41,382] Trial 46 finished with value: 0.7112739682197571 and parameters: {'gradient_clip_val': 0.13994461470831265, 'hidden_size': 56, 'dropout': 0.1585906896469572, 'hidden_continuous_size': 22, 'attention_head_size': 3, 'learning_rate': 0.014935345364681153}. Best is trial 35 with value: 0.17602963745594025.
LOCAL_RANK: 0 - CUDA_VISIBLE_DEVICES: [0]
[I 2023-12-16 13:14:35,433] Trial 47 finished with value: 0.5992375016212463 and parameters: {'gradient_clip_val': 0.10046089150820203, 'hidden_size': 45, 'dropout': 0.1024610267313967, 'hidden_continuous_size': 19, 'attention_head_size': 3, 'learning_rate': 0.008575831770115007}. Best is trial 35 with value: 0.17602963745594025.
LOCAL_RANK: 0 - CUDA_VISIBLE_DEVICES: [0]
[I 2023-12-16 13:15:29,376] Trial 48 finished with value: 1.5126866102218628 and parameters: {'gradient_clip_val': 0.12224306076548976, 'hidden_size': 35, 'dropout': 0.11982064760707069, 'hidden_continuous_size': 19, 'attention_head_size': 4, 'learning_rate': 0.006043607113034073}. Best is trial 35 with value: 0.17602963745594025.
LOCAL_RANK: 0 - CUDA_VISIBLE_DEVICES: [0]
[I 2023-12-16 13:16:24,707] Trial 49 finished with value: 2.155881881713867 and parameters: {'gradient_clip_val': 0.12870253161488884, 'hidden_size': 69, 'dropout': 0.1379266307981102, 'hidden_continuous_size': 22, 'attention_head_size': 4, 'learning_rate': 0.024766708885549188}. Best is trial 35 with value: 0.17602963745594025.
[I 2023-12-16 13:16:24,803] A new study created in memory with name: no-name-7ad7d9eb-7fc8-473f-b1ad-0c37d9a938a2
/home/le004/conda/anaconda3/envs/tsff_env/lib/python3.9/site-packages/lightning/fabric/plugins/environments/slurm.py:191: The `srun` command is available on your system but is not used. HINT: If your intention is to run Lightning on SLURM, prepend your python command with `srun` like so: srun python /home/le004/master_thesis/git/TSFusionForecast/code/ ...
LOCAL_RANK: 0 - CUDA_VISIBLE_DEVICES: [0]
[I 2023-12-16 13:17:19,659] Trial 0 finished with value: 0.09558570384979248 and parameters: {'gradient_clip_val': 0.2999599468329387, 'hidden_size': 70, 'dropout': 0.16834839310415017, 'hidden_continuous_size': 30, 'attention_head_size': 2, 'learning_rate': 0.04444757219836195}. Best is trial 0 with value: 0.09558570384979248.
LOCAL_RANK: 0 - CUDA_VISIBLE_DEVICES: [0]
[I 2023-12-16 13:18:12,631] Trial 1 finished with value: 0.9944435954093933 and parameters: {'gradient_clip_val': 0.5069170136590729, 'hidden_size': 36, 'dropout': 0.18324618682735955, 'hidden_continuous_size': 19, 'attention_head_size': 4, 'learning_rate': 0.010036257895200427}. Best is trial 0 with value: 0.09558570384979248.
LOCAL_RANK: 0 - CUDA_VISIBLE_DEVICES: [0]
[I 2023-12-16 13:19:07,673] Trial 2 finished with value: 0.40265128016471863 and parameters: {'gradient_clip_val': 0.9537330079773199, 'hidden_size': 71, 'dropout': 0.30222399621955337, 'hidden_continuous_size': 11, 'attention_head_size': 4, 'learning_rate': 0.0024105033658835887}. Best is trial 0 with value: 0.09558570384979248.
LOCAL_RANK: 0 - CUDA_VISIBLE_DEVICES: [0]
[I 2023-12-16 13:19:57,296] Trial 3 finished with value: 2.2189133167266846 and parameters: {'gradient_clip_val': 0.22115075227505981, 'hidden_size': 30, 'dropout': 0.15449261304027095, 'hidden_continuous_size': 5, 'attention_head_size': 2, 'learning_rate': 0.0023635737760086557}. Best is trial 0 with value: 0.09558570384979248.
LOCAL_RANK: 0 - CUDA_VISIBLE_DEVICES: [0]
[I 2023-12-16 13:20:43,983] Trial 4 finished with value: 1.257778286933899 and parameters: {'gradient_clip_val': 0.15498794685893813, 'hidden_size': 11, 'dropout': 0.23176029567866835, 'hidden_continuous_size': 10, 'attention_head_size': 1, 'learning_rate': 0.025896300293375148}. Best is trial 0 with value: 0.09558570384979248.
LOCAL_RANK: 0 - CUDA_VISIBLE_DEVICES: [0]
[I 2023-12-16 13:21:36,442] Trial 5 finished with value: 1.1213099956512451 and parameters: {'gradient_clip_val': 0.8010222559000956, 'hidden_size': 54, 'dropout': 0.248660051988234, 'hidden_continuous_size': 5, 'attention_head_size': 3, 'learning_rate': 0.040644581389047536}. Best is trial 0 with value: 0.09558570384979248.
LOCAL_RANK: 0 - CUDA_VISIBLE_DEVICES: [0]
[I 2023-12-16 13:22:30,853] Trial 6 finished with value: 0.6575887799263 and parameters: {'gradient_clip_val': 0.11599189630650554, 'hidden_size': 89, 'dropout': 0.2066332591623708, 'hidden_continuous_size': 7, 'attention_head_size': 3, 'learning_rate': 0.00512168153281712}. Best is trial 0 with value: 0.09558570384979248.
LOCAL_RANK: 0 - CUDA_VISIBLE_DEVICES: [0]
[I 2023-12-16 13:23:19,154] Trial 7 finished with value: 2.260796308517456 and parameters: {'gradient_clip_val': 0.40922607113904846, 'hidden_size': 19, 'dropout': 0.2749902724927049, 'hidden_continuous_size': 7, 'attention_head_size': 2, 'learning_rate': 0.03542843788199562}. Best is trial 0 with value: 0.09558570384979248.
LOCAL_RANK: 0 - CUDA_VISIBLE_DEVICES: [0]
[I 2023-12-16 13:24:10,153] Trial 8 finished with value: 1.093381404876709 and parameters: {'gradient_clip_val': 0.3525184993731721, 'hidden_size': 23, 'dropout': 0.2006680917104856, 'hidden_continuous_size': 11, 'attention_head_size': 4, 'learning_rate': 0.0013412184828457208}. Best is trial 0 with value: 0.09558570384979248.
LOCAL_RANK: 0 - CUDA_VISIBLE_DEVICES: [0]
[I 2023-12-16 13:25:04,729] Trial 9 finished with value: 2.676839828491211 and parameters: {'gradient_clip_val': 0.9553278722605023, 'hidden_size': 58, 'dropout': 0.10919265374591794, 'hidden_continuous_size': 12, 'attention_head_size': 3, 'learning_rate': 0.021868252569053767}. Best is trial 0 with value: 0.09558570384979248.
LOCAL_RANK: 0 - CUDA_VISIBLE_DEVICES: [0]
[I 2023-12-16 13:25:41,605] Trial 10 finished with value: 2.353856086730957 and parameters: {'gradient_clip_val': 0.24280746580717655, 'hidden_size': 5, 'dropout': 0.3775067212856912, 'hidden_continuous_size': 5, 'attention_head_size': 1, 'learning_rate': 0.08293991812921135}. Best is trial 0 with value: 0.09558570384979248.
LOCAL_RANK: 0 - CUDA_VISIBLE_DEVICES: [0]
[I 2023-12-16 13:26:37,720] Trial 11 finished with value: 2.35060715675354 and parameters: {'gradient_clip_val': 0.5424749577506504, 'hidden_size': 100, 'dropout': 0.3077476824260166, 'hidden_continuous_size': 44, 'attention_head_size': 2, 'learning_rate': 0.000943426612360768}. Best is trial 0 with value: 0.09558570384979248.
LOCAL_RANK: 0 - CUDA_VISIBLE_DEVICES: [0]
[I 2023-12-16 13:27:32,621] Trial 12 finished with value: 1.3915609121322632 and parameters: {'gradient_clip_val': 0.6566562526615738, 'hidden_size': 59, 'dropout': 0.3130849494926485, 'hidden_continuous_size': 22, 'attention_head_size': 4, 'learning_rate': 0.0005250064165499646}. Best is trial 0 with value: 0.09558570384979248.
LOCAL_RANK: 0 - CUDA_VISIBLE_DEVICES: [0]
[I 2023-12-16 13:28:30,834] Trial 13 finished with value: 1.0622773170471191 and parameters: {'gradient_clip_val': 0.2839263299774025, 'hidden_size': 100, 'dropout': 0.13739862967271552, 'hidden_continuous_size': 95, 'attention_head_size': 2, 'learning_rate': 0.004851677423644204}. Best is trial 0 with value: 0.09558570384979248.
LOCAL_RANK: 0 - CUDA_VISIBLE_DEVICES: [0]
[I 2023-12-16 13:29:24,656] Trial 14 finished with value: 1.7975317239761353 and parameters: {'gradient_clip_val': 0.9704740731866498, 'hidden_size': 43, 'dropout': 0.16356007474857448, 'hidden_continuous_size': 16, 'attention_head_size': 3, 'learning_rate': 0.011262653190499098}. Best is trial 0 with value: 0.09558570384979248.
LOCAL_RANK: 0 - CUDA_VISIBLE_DEVICES: [0]
[I 2023-12-16 13:30:18,821] Trial 15 finished with value: 1.2326260805130005 and parameters: {'gradient_clip_val': 0.4267490288595269, 'hidden_size': 67, 'dropout': 0.10821031508129073, 'hidden_continuous_size': 26, 'attention_head_size': 1, 'learning_rate': 0.09638803598631727}. Best is trial 0 with value: 0.09558570384979248.
LOCAL_RANK: 0 - CUDA_VISIBLE_DEVICES: [0]
[I 2023-12-16 13:31:12,894] Trial 16 finished with value: 1.3617521524429321 and parameters: {'gradient_clip_val': 0.5395115633373951, 'hidden_size': 43, 'dropout': 0.23265410893948432, 'hidden_continuous_size': 14, 'attention_head_size': 4, 'learning_rate': 0.0029598189987882348}. Best is trial 0 with value: 0.09558570384979248.
LOCAL_RANK: 0 - CUDA_VISIBLE_DEVICES: [0]
[I 2023-12-16 13:32:07,760] Trial 17 finished with value: 0.21434013545513153 and parameters: {'gradient_clip_val': 0.3166608338832926, 'hidden_size': 67, 'dropout': 0.2844671177105616, 'hidden_continuous_size': 27, 'attention_head_size': 3, 'learning_rate': 0.012695800072848065}. Best is trial 0 with value: 0.09558570384979248.
LOCAL_RANK: 0 - CUDA_VISIBLE_DEVICES: [0]
[I 2023-12-16 13:33:03,096] Trial 18 finished with value: 0.08978422731161118 and parameters: {'gradient_clip_val': 0.317959359464197, 'hidden_size': 75, 'dropout': 0.2662263547772409, 'hidden_continuous_size': 30, 'attention_head_size': 2, 'learning_rate': 0.016124187254703472}. Best is trial 18 with value: 0.08978422731161118.
LOCAL_RANK: 0 - CUDA_VISIBLE_DEVICES: [0]
[I 2023-12-16 13:33:56,911] Trial 19 finished with value: 0.5609709024429321 and parameters: {'gradient_clip_val': 0.21751716260902484, 'hidden_size': 45, 'dropout': 0.1998098164325638, 'hidden_continuous_size': 32, 'attention_head_size': 2, 'learning_rate': 0.06096610964496747}. Best is trial 18 with value: 0.08978422731161118.
LOCAL_RANK: 0 - CUDA_VISIBLE_DEVICES: [0]
[I 2023-12-16 13:34:52,490] Trial 20 finished with value: 1.3389654159545898 and parameters: {'gradient_clip_val': 0.1805332223810461, 'hidden_size': 78, 'dropout': 0.14024799140836436, 'hidden_continuous_size': 39, 'attention_head_size': 1, 'learning_rate': 0.019153155338289835}. Best is trial 18 with value: 0.08978422731161118.
LOCAL_RANK: 0 - CUDA_VISIBLE_DEVICES: [0]
[I 2023-12-16 13:35:47,603] Trial 21 finished with value: 1.2053793668746948 and parameters: {'gradient_clip_val': 0.3215556276697047, 'hidden_size': 68, 'dropout': 0.27839951624195136, 'hidden_continuous_size': 25, 'attention_head_size': 3, 'learning_rate': 0.014796514820794531}. Best is trial 18 with value: 0.08978422731161118.
LOCAL_RANK: 0 - CUDA_VISIBLE_DEVICES: [0]
[I 2023-12-16 13:36:42,993] Trial 22 finished with value: 1.937606930732727 and parameters: {'gradient_clip_val': 0.28479850165945775, 'hidden_size': 84, 'dropout': 0.2666181619771601, 'hidden_continuous_size': 34, 'attention_head_size': 2, 'learning_rate': 0.008917589084314692}. Best is trial 18 with value: 0.08978422731161118.
LOCAL_RANK: 0 - CUDA_VISIBLE_DEVICES: [0]
[I 2023-12-16 13:37:37,032] Trial 23 finished with value: 1.0423334836959839 and parameters: {'gradient_clip_val': 0.3641627343486396, 'hidden_size': 53, 'dropout': 0.23476120316459448, 'hidden_continuous_size': 20, 'attention_head_size': 2, 'learning_rate': 0.0504506260088365}. Best is trial 18 with value: 0.08978422731161118.
LOCAL_RANK: 0 - CUDA_VISIBLE_DEVICES: [0]
[I 2023-12-16 13:38:32,450] Trial 24 finished with value: 0.31528279185295105 and parameters: {'gradient_clip_val': 0.2811062125095377, 'hidden_size': 75, 'dropout': 0.3180675176652128, 'hidden_continuous_size': 28, 'attention_head_size': 3, 'learning_rate': 0.029062548687555395}. Best is trial 18 with value: 0.08978422731161118.
LOCAL_RANK: 0 - CUDA_VISIBLE_DEVICES: [0]
[I 2023-12-16 13:39:26,430] Trial 25 finished with value: 0.10289814323186874 and parameters: {'gradient_clip_val': 0.4005237158664346, 'hidden_size': 53, 'dropout': 0.3439342203056118, 'hidden_continuous_size': 23, 'attention_head_size': 2, 'learning_rate': 0.01757044487797029}. Best is trial 18 with value: 0.08978422731161118.
LOCAL_RANK: 0 - CUDA_VISIBLE_DEVICES: [0]
[I 2023-12-16 13:40:19,151] Trial 26 finished with value: 0.7106600403785706 and parameters: {'gradient_clip_val': 0.4263145805004507, 'hidden_size': 48, 'dropout': 0.34221879625619833, 'hidden_continuous_size': 17, 'attention_head_size': 2, 'learning_rate': 0.018402822618085814}. Best is trial 18 with value: 0.08978422731161118.
LOCAL_RANK: 0 - CUDA_VISIBLE_DEVICES: [0]
[I 2023-12-16 13:41:10,886] Trial 27 finished with value: 0.35465702414512634 and parameters: {'gradient_clip_val': 0.2559506760363108, 'hidden_size': 36, 'dropout': 0.3947543434298561, 'hidden_continuous_size': 24, 'attention_head_size': 1, 'learning_rate': 0.029672130975708633}. Best is trial 18 with value: 0.08978422731161118.
LOCAL_RANK: 0 - CUDA_VISIBLE_DEVICES: [0]
[I 2023-12-16 13:42:07,136] Trial 28 finished with value: 1.5338081121444702 and parameters: {'gradient_clip_val': 0.3761106288801937, 'hidden_size': 84, 'dropout': 0.34312879669705815, 'hidden_continuous_size': 47, 'attention_head_size': 2, 'learning_rate': 0.04758071466355473}. Best is trial 18 with value: 0.08978422731161118.
LOCAL_RANK: 0 - CUDA_VISIBLE_DEVICES: [0]
[I 2023-12-16 13:43:00,419] Trial 29 finished with value: 0.9945713877677917 and parameters: {'gradient_clip_val': 0.46458229723259375, 'hidden_size': 35, 'dropout': 0.17863937503733693, 'hidden_continuous_size': 20, 'attention_head_size': 2, 'learning_rate': 0.015031640554126372}. Best is trial 18 with value: 0.08978422731161118.
LOCAL_RANK: 0 - CUDA_VISIBLE_DEVICES: [0]
[I 2023-12-16 13:43:54,396] Trial 30 finished with value: 0.8446710109710693 and parameters: {'gradient_clip_val': 0.5174034225039712, 'hidden_size': 59, 'dropout': 0.2487209981704006, 'hidden_continuous_size': 18, 'attention_head_size': 1, 'learning_rate': 0.0068792662999049865}. Best is trial 18 with value: 0.08978422731161118.
LOCAL_RANK: 0 - CUDA_VISIBLE_DEVICES: [0]
[I 2023-12-16 13:44:49,962] Trial 31 finished with value: 0.06524881720542908 and parameters: {'gradient_clip_val': 0.3331097519342294, 'hidden_size': 71, 'dropout': 0.2833278526990124, 'hidden_continuous_size': 31, 'attention_head_size': 3, 'learning_rate': 0.011515480172245926}. Best is trial 31 with value: 0.06524881720542908.
LOCAL_RANK: 0 - CUDA_VISIBLE_DEVICES: [0]
[I 2023-12-16 13:45:44,420] Trial 32 finished with value: 0.6098902821540833 and parameters: {'gradient_clip_val': 0.3322998118599443, 'hidden_size': 72, 'dropout': 0.28903547310411526, 'hidden_continuous_size': 32, 'attention_head_size': 2, 'learning_rate': 0.010122679275361713}. Best is trial 31 with value: 0.06524881720542908.
LOCAL_RANK: 0 - CUDA_VISIBLE_DEVICES: [0]
[I 2023-12-16 13:46:40,152] Trial 33 finished with value: 0.35728248953819275 and parameters: {'gradient_clip_val': 0.3772501133815497, 'hidden_size': 81, 'dropout': 0.2654462568688763, 'hidden_continuous_size': 23, 'attention_head_size': 3, 'learning_rate': 0.01789757425290192}. Best is trial 31 with value: 0.06524881720542908.
LOCAL_RANK: 0 - CUDA_VISIBLE_DEVICES: [0]
[I 2023-12-16 13:47:35,014] Trial 34 finished with value: 1.1851176023483276 and parameters: {'gradient_clip_val': 0.30474266948958406, 'hidden_size': 62, 'dropout': 0.21754792454834165, 'hidden_continuous_size': 29, 'attention_head_size': 2, 'learning_rate': 0.02154534206077822}. Best is trial 31 with value: 0.06524881720542908.
LOCAL_RANK: 0 - CUDA_VISIBLE_DEVICES: [0]
[I 2023-12-16 13:48:29,322] Trial 35 finished with value: 0.5747017860412598 and parameters: {'gradient_clip_val': 0.46317766143343, 'hidden_size': 50, 'dropout': 0.2529222256933304, 'hidden_continuous_size': 22, 'attention_head_size': 3, 'learning_rate': 0.034175624872329564}. Best is trial 31 with value: 0.06524881720542908.
LOCAL_RANK: 0 - CUDA_VISIBLE_DEVICES: [0]
[I 2023-12-16 13:49:25,844] Trial 36 finished with value: 1.0747350454330444 and parameters: {'gradient_clip_val': 0.2483679242003245, 'hidden_size': 86, 'dropout': 0.29150239576063125, 'hidden_continuous_size': 38, 'attention_head_size': 2, 'learning_rate': 0.025671282133966588}. Best is trial 31 with value: 0.06524881720542908.
LOCAL_RANK: 0 - CUDA_VISIBLE_DEVICES: [0]
[I 2023-12-16 13:50:19,186] Trial 37 finished with value: 0.9619879126548767 and parameters: {'gradient_clip_val': 0.3324133284186923, 'hidden_size': 41, 'dropout': 0.221437926352586, 'hidden_continuous_size': 20, 'attention_head_size': 2, 'learning_rate': 0.013336879117195017}. Best is trial 31 with value: 0.06524881720542908.
LOCAL_RANK: 0 - CUDA_VISIBLE_DEVICES: [0]
[I 2023-12-16 13:51:13,730] Trial 38 finished with value: 0.08192269504070282 and parameters: {'gradient_clip_val': 0.20796212019080268, 'hidden_size': 54, 'dropout': 0.29732640013582534, 'hidden_continuous_size': 30, 'attention_head_size': 3, 'learning_rate': 0.03970695769101015}. Best is trial 31 with value: 0.06524881720542908.
LOCAL_RANK: 0 - CUDA_VISIBLE_DEVICES: [0]
[I 2023-12-16 13:52:05,459] Trial 39 finished with value: 2.6454555988311768 and parameters: {'gradient_clip_val': 0.2055924167934515, 'hidden_size': 33, 'dropout': 0.26226332967934407, 'hidden_continuous_size': 15, 'attention_head_size': 3, 'learning_rate': 0.041625374100019645}. Best is trial 31 with value: 0.06524881720542908.
LOCAL_RANK: 0 - CUDA_VISIBLE_DEVICES: [0]
