[I 2023-12-26 11:46:15,659] Trial 14 finished with value: 3.4967682361602783 and parameters: {'gradient_clip_val': 0.3612953005461879, 'hidden_size': 134, 'dropout': 0.42201391906254504, 'hidden_continuous_size': 131, 'attention_head_size': 2, 'learning_rate': 0.01732192944815888}. Best is trial 0 with value: 0.04984750226140022.
[I 2023-12-26 11:46:22,835] Trial 15 finished with value: 2.8818819522857666 and parameters: {'gradient_clip_val': 0.1523750569714784, 'hidden_size': 90, 'dropout': 0.358733281821374, 'hidden_continuous_size': 65, 'attention_head_size': 3, 'learning_rate': 0.03336835707566787}. Best is trial 0 with value: 0.04984750226140022.
[I 2023-12-26 11:46:25,832] Trial 16 finished with value: 3.5409624576568604 and parameters: {'gradient_clip_val': 0.3813953027012354, 'hidden_size': 37, 'dropout': 0.2152697753164029, 'hidden_continuous_size': 18, 'attention_head_size': 1, 'learning_rate': 0.006382191478802897}. Best is trial 0 with value: 0.04984750226140022.
[I 2023-12-26 11:46:32,532] Trial 17 finished with value: 2.057591199874878 and parameters: {'gradient_clip_val': 0.2896005918232066, 'hidden_size': 90, 'dropout': 0.4546581270930488, 'hidden_continuous_size': 62, 'attention_head_size': 2, 'learning_rate': 0.052725282048257806}. Best is trial 0 with value: 0.04984750226140022.
[I 2023-12-26 11:46:44,284] Trial 18 finished with value: 1.6366214752197266 and parameters: {'gradient_clip_val': 0.14541047823296474, 'hidden_size': 148, 'dropout': 0.3554430677643111, 'hidden_continuous_size': 144, 'attention_head_size': 1, 'learning_rate': 0.05223294267320977}. Best is trial 0 with value: 0.04984750226140022.
[I 2023-12-26 11:46:48,109] Trial 19 finished with value: 3.9104344844818115 and parameters: {'gradient_clip_val': 0.17110654173917214, 'hidden_size': 57, 'dropout': 0.34761159209946435, 'hidden_continuous_size': 26, 'attention_head_size': 1, 'learning_rate': 0.02052109899052311}. Best is trial 0 with value: 0.04984750226140022.
[I 2023-12-26 11:46:50,662] Trial 20 finished with value: 2.3591816425323486 and parameters: {'gradient_clip_val': 0.1413903683546352, 'hidden_size': 28, 'dropout': 0.3912777217729499, 'hidden_continuous_size': 12, 'attention_head_size': 1, 'learning_rate': 0.05964506145253453}. Best is trial 0 with value: 0.04984750226140022.
[I 2023-12-26 11:47:02,645] Trial 21 finished with value: 1.8168649673461914 and parameters: {'gradient_clip_val': 0.1286951203318631, 'hidden_size': 148, 'dropout': 0.4443121574869886, 'hidden_continuous_size': 146, 'attention_head_size': 2, 'learning_rate': 0.09292005501345231}. Best is trial 0 with value: 0.04984750226140022.
[I 2023-12-26 11:47:10,462] Trial 22 finished with value: 2.7659151554107666 and parameters: {'gradient_clip_val': 0.10074341251379572, 'hidden_size': 102, 'dropout': 0.3287802919586654, 'hidden_continuous_size': 82, 'attention_head_size': 1, 'learning_rate': 0.052660890565586274}. Best is trial 0 with value: 0.04984750226140022.
[I 2023-12-26 11:47:18,881] Trial 23 finished with value: 2.94140362739563 and parameters: {'gradient_clip_val': 0.12287306946758876, 'hidden_size': 108, 'dropout': 0.40256441302198764, 'hidden_continuous_size': 92, 'attention_head_size': 2, 'learning_rate': 0.04583450821215876}. Best is trial 0 with value: 0.04984750226140022.
[I 2023-12-26 11:47:24,330] Trial 24 finished with value: 1.2164571285247803 and parameters: {'gradient_clip_val': 0.17719349273162038, 'hidden_size': 73, 'dropout': 0.3796489659882414, 'hidden_continuous_size': 55, 'attention_head_size': 1, 'learning_rate': 0.09927328077765325}. Best is trial 0 with value: 0.04984750226140022.
[I 2023-12-26 11:47:29,465] Trial 25 finished with value: 3.643740653991699 and parameters: {'gradient_clip_val': 0.17974157729888626, 'hidden_size': 69, 'dropout': 0.38203857609010106, 'hidden_continuous_size': 42, 'attention_head_size': 1, 'learning_rate': 0.06304016358671988}. Best is trial 0 with value: 0.04984750226140022.
[I 2023-12-26 11:47:33,468] Trial 26 finished with value: 2.7033116817474365 and parameters: {'gradient_clip_val': 0.24880073767006133, 'hidden_size': 52, 'dropout': 0.33754586282914556, 'hidden_continuous_size': 32, 'attention_head_size': 1, 'learning_rate': 0.03126684838066127}. Best is trial 0 with value: 0.04984750226140022.
[I 2023-12-26 11:47:39,302] Trial 27 finished with value: 2.726679563522339 and parameters: {'gradient_clip_val': 0.2064943398736785, 'hidden_size': 76, 'dropout': 0.28482060669802794, 'hidden_continuous_size': 55, 'attention_head_size': 1, 'learning_rate': 0.0684138956563754}. Best is trial 0 with value: 0.04984750226140022.
[I 2023-12-26 11:47:47,518] Trial 28 finished with value: 5.123375415802002 and parameters: {'gradient_clip_val': 0.16651617731694826, 'hidden_size': 112, 'dropout': 0.3667557502516223, 'hidden_continuous_size': 73, 'attention_head_size': 1, 'learning_rate': 0.023387258775497955}. Best is trial 0 with value: 0.04984750226140022.
[I 2023-12-26 11:47:50,899] Trial 29 finished with value: 2.605321168899536 and parameters: {'gradient_clip_val': 0.19956967201783793, 'hidden_size': 49, 'dropout': 0.4284857246686119, 'hidden_continuous_size': 35, 'attention_head_size': 1, 'learning_rate': 0.044565275035618}. Best is trial 0 with value: 0.04984750226140022.
[I 2023-12-26 11:47:56,754] Trial 30 finished with value: 4.260702133178711 and parameters: {'gradient_clip_val': 0.23058601218150998, 'hidden_size': 77, 'dropout': 0.26973775750713413, 'hidden_continuous_size': 52, 'attention_head_size': 3, 'learning_rate': 0.04258863537253548}. Best is trial 0 with value: 0.04984750226140022.
[I 2023-12-26 11:48:05,967] Trial 31 finished with value: 1.9252456426620483 and parameters: {'gradient_clip_val': 0.12561133305884437, 'hidden_size': 118, 'dropout': 0.4630263524979025, 'hidden_continuous_size': 99, 'attention_head_size': 2, 'learning_rate': 0.09333419905404011}. Best is trial 0 with value: 0.04984750226140022.
[I 2023-12-26 11:48:14,404] Trial 32 finished with value: 3.079181432723999 and parameters: {'gradient_clip_val': 0.1443161933641692, 'hidden_size': 113, 'dropout': 0.3085252174253393, 'hidden_continuous_size': 72, 'attention_head_size': 1, 'learning_rate': 0.07272636053435862}. Best is trial 0 with value: 0.04984750226140022.
[I 2023-12-26 11:48:25,942] Trial 33 finished with value: 1.538737177848816 and parameters: {'gradient_clip_val': 0.18277661227412628, 'hidden_size': 150, 'dropout': 0.3882524500642788, 'hidden_continuous_size': 108, 'attention_head_size': 2, 'learning_rate': 0.09799845534173869}. Best is trial 0 with value: 0.04984750226140022.
[I 2023-12-26 11:48:33,135] Trial 34 finished with value: 3.091705560684204 and parameters: {'gradient_clip_val': 0.1722916167651613, 'hidden_size': 94, 'dropout': 0.3366112860933298, 'hidden_continuous_size': 65, 'attention_head_size': 1, 'learning_rate': 0.06875288600579325}. Best is trial 0 with value: 0.04984750226140022.
[I 2023-12-26 11:48:39,085] Trial 35 finished with value: 2.861449956893921 and parameters: {'gradient_clip_val': 0.21007990502664659, 'hidden_size': 79, 'dropout': 0.3852425065514055, 'hidden_continuous_size': 56, 'attention_head_size': 1, 'learning_rate': 0.05550232532111062}. Best is trial 0 with value: 0.04984750226140022.
[I 2023-12-26 11:48:48,278] Trial 36 finished with value: 2.5347273349761963 and parameters: {'gradient_clip_val': 0.18641635768666343, 'hidden_size': 117, 'dropout': 0.3238586275022354, 'hidden_continuous_size': 100, 'attention_head_size': 3, 'learning_rate': 0.03791773625619643}. Best is trial 0 with value: 0.04984750226140022.
[I 2023-12-26 11:48:59,710] Trial 37 finished with value: 1.9853538274765015 and parameters: {'gradient_clip_val': 0.2529773329464783, 'hidden_size': 147, 'dropout': 0.363822271564671, 'hidden_continuous_size': 113, 'attention_head_size': 2, 'learning_rate': 0.07362420374139567}. Best is trial 0 with value: 0.04984750226140022.
[I 2023-12-26 11:49:04,505] Trial 38 finished with value: 2.194410562515259 and parameters: {'gradient_clip_val': 0.1943999442092534, 'hidden_size': 60, 'dropout': 0.3070106151055455, 'hidden_continuous_size': 50, 'attention_head_size': 1, 'learning_rate': 0.09870815713434618}. Best is trial 0 with value: 0.04984750226140022.
[I 2023-12-26 11:49:14,271] Trial 39 finished with value: 3.785365343093872 and parameters: {'gradient_clip_val': 0.1575056415476205, 'hidden_size': 122, 'dropout': 0.35066977821301915, 'hidden_continuous_size': 84, 'attention_head_size': 4, 'learning_rate': 0.05298791812372438}. Best is trial 0 with value: 0.04984750226140022.
[I 2023-12-26 11:49:21,000] Trial 40 finished with value: 2.012547254562378 and parameters: {'gradient_clip_val': 0.22523328268563625, 'hidden_size': 88, 'dropout': 0.3844759397407553, 'hidden_continuous_size': 73, 'attention_head_size': 2, 'learning_rate': 0.07120601232768994}. Best is trial 0 with value: 0.04984750226140022.
[I 2023-12-26 11:49:31,999] Trial 41 finished with value: 1.9676207304000854 and parameters: {'gradient_clip_val': 0.11722982754650602, 'hidden_size': 144, 'dropout': 0.40050168699617805, 'hidden_continuous_size': 114, 'attention_head_size': 2, 'learning_rate': 0.0976125284424765}. Best is trial 0 with value: 0.04984750226140022.
[I 2023-12-26 11:49:40,137] Trial 42 finished with value: 2.286207675933838 and parameters: {'gradient_clip_val': 0.13591279441615775, 'hidden_size': 103, 'dropout': 0.43618791659783934, 'hidden_continuous_size': 83, 'attention_head_size': 2, 'learning_rate': 0.07927704093864232}. Best is trial 0 with value: 0.04984750226140022.
[I 2023-12-26 11:49:49,107] Trial 43 finished with value: 1.4659687280654907 and parameters: {'gradient_clip_val': 0.137310330295869, 'hidden_size': 130, 'dropout': 0.42336777771210593, 'hidden_continuous_size': 106, 'attention_head_size': 3, 'learning_rate': 0.07781139195231872}. Best is trial 0 with value: 0.04984750226140022.
[I 2023-12-26 11:49:57,832] Trial 44 finished with value: 2.769092321395874 and parameters: {'gradient_clip_val': 0.13767717171244212, 'hidden_size': 127, 'dropout': 0.3764982357990059, 'hidden_continuous_size': 102, 'attention_head_size': 3, 'learning_rate': 0.04008864661735333}. Best is trial 0 with value: 0.04984750226140022.
[I 2023-12-26 11:50:04,566] Trial 45 finished with value: 3.0646533966064453 and parameters: {'gradient_clip_val': 0.1575892535444004, 'hidden_size': 100, 'dropout': 0.4189711371367405, 'hidden_continuous_size': 82, 'attention_head_size': 3, 'learning_rate': 0.05771178658560309}. Best is trial 0 with value: 0.04984750226140022.
[I 2023-12-26 11:50:13,279] Trial 46 finished with value: 2.7113399505615234 and parameters: {'gradient_clip_val': 0.1137783283155159, 'hidden_size': 127, 'dropout': 0.4062949610917952, 'hidden_continuous_size': 108, 'attention_head_size': 3, 'learning_rate': 0.0780135231702616}. Best is trial 0 with value: 0.04984750226140022.
[I 2023-12-26 11:50:18,890] Trial 47 finished with value: 3.1823160648345947 and parameters: {'gradient_clip_val': 0.184214090448888, 'hidden_size': 83, 'dropout': 0.35221783241055, 'hidden_continuous_size': 71, 'attention_head_size': 4, 'learning_rate': 0.02572285072450762}. Best is trial 0 with value: 0.04984750226140022.
[I 2023-12-26 11:50:23,071] Trial 48 finished with value: 3.5835745334625244 and parameters: {'gradient_clip_val': 0.1627000813494714, 'hidden_size': 65, 'dropout': 0.42498513188494175, 'hidden_continuous_size': 55, 'attention_head_size': 3, 'learning_rate': 0.03546147288130295}. Best is trial 0 with value: 0.04984750226140022.
[I 2023-12-26 11:50:32,007] Trial 49 finished with value: 2.476933240890503 and parameters: {'gradient_clip_val': 0.1110508154953652, 'hidden_size': 128, 'dropout': 0.37136562774524795, 'hidden_continuous_size': 119, 'attention_head_size': 4, 'learning_rate': 0.0468964206590038}. Best is trial 0 with value: 0.04984750226140022.
[I 2023-12-26 11:50:32,133] A new study created in memory with name: no-name-cd791569-0cf2-429a-9b44-6771f4f752ab
/home/le004/conda/anaconda3/envs/tsff_env/lib/python3.9/site-packages/lightning/fabric/plugins/environments/slurm.py:191: The `srun` command is available on your system but is not used. HINT: If your intention is to run Lightning on SLURM, prepend your python command with `srun` like so: srun python /home/le004/master_thesis/git/TSFusionForecast/code/ ...
[I 2023-12-26 11:54:45,628] Trial 0 finished with value: 0.6157074570655823 and parameters: {'gradient_clip_val': 0.16386394443480662, 'hidden_size': 5, 'dropout': 0.25400440301339744, 'hidden_continuous_size': 5, 'attention_head_size': 4, 'learning_rate': 0.0006431115915918903}. Best is trial 0 with value: 0.6157074570655823.
[I 2023-12-26 12:03:31,598] Trial 1 finished with value: 0.06367051601409912 and parameters: {'gradient_clip_val': 0.48739721798077934, 'hidden_size': 87, 'dropout': 0.17833710191370467, 'hidden_continuous_size': 58, 'attention_head_size': 1, 'learning_rate': 0.018668477668128076}. Best is trial 1 with value: 0.06367051601409912.
[I 2023-12-26 12:03:34,239] Trial 2 finished with value: 2.632769823074341 and parameters: {'gradient_clip_val': 0.46838878837027087, 'hidden_size': 14, 'dropout': 0.31882835722983816, 'hidden_continuous_size': 7, 'attention_head_size': 4, 'learning_rate': 0.008835273532065036}. Best is trial 1 with value: 0.06367051601409912.
[I 2023-12-26 12:03:37,718] Trial 3 finished with value: 1.8759912252426147 and parameters: {'gradient_clip_val': 0.20194747602580723, 'hidden_size': 29, 'dropout': 0.14595533187015486, 'hidden_continuous_size': 19, 'attention_head_size': 2, 'learning_rate': 0.023207913029930256}. Best is trial 1 with value: 0.06367051601409912.
[I 2023-12-26 12:03:40,110] Trial 4 finished with value: 3.2891557216644287 and parameters: {'gradient_clip_val': 0.14773743024637553, 'hidden_size': 9, 'dropout': 0.17343023248194872, 'hidden_continuous_size': 7, 'attention_head_size': 1, 'learning_rate': 0.0033714025946245596}. Best is trial 1 with value: 0.06367051601409912.
[I 2023-12-26 12:03:44,135] Trial 5 finished with value: 2.964257001876831 and parameters: {'gradient_clip_val': 0.11236661824579675, 'hidden_size': 38, 'dropout': 0.1867172591914756, 'hidden_continuous_size': 35, 'attention_head_size': 3, 'learning_rate': 0.0007455759589828409}. Best is trial 1 with value: 0.06367051601409912.
[I 2023-12-26 12:03:47,961] Trial 6 finished with value: 2.7759616374969482 and parameters: {'gradient_clip_val': 0.2843661931017631, 'hidden_size': 36, 'dropout': 0.11177827967504009, 'hidden_continuous_size': 26, 'attention_head_size': 2, 'learning_rate': 0.007968756485991822}. Best is trial 1 with value: 0.06367051601409912.
[I 2023-12-26 12:03:50,564] Trial 7 finished with value: 2.9911603927612305 and parameters: {'gradient_clip_val': 0.2712876867382526, 'hidden_size': 14, 'dropout': 0.3194170777764239, 'hidden_continuous_size': 9, 'attention_head_size': 3, 'learning_rate': 0.025056948189281072}. Best is trial 1 with value: 0.06367051601409912.
[I 2023-12-26 12:04:00,506] Trial 8 finished with value: 2.999906539916992 and parameters: {'gradient_clip_val': 0.8953703162262956, 'hidden_size': 121, 'dropout': 0.44175176990467524, 'hidden_continuous_size': 22, 'attention_head_size': 2, 'learning_rate': 0.0061229834951208395}. Best is trial 1 with value: 0.06367051601409912.
[I 2023-12-26 12:04:03,160] Trial 9 finished with value: 2.4626197814941406 and parameters: {'gradient_clip_val': 0.7503843020168306, 'hidden_size': 13, 'dropout': 0.43692480154534874, 'hidden_continuous_size': 9, 'attention_head_size': 3, 'learning_rate': 0.0036801499848142624}. Best is trial 1 with value: 0.06367051601409912.
[I 2023-12-26 12:04:16,096] Trial 10 finished with value: 1.5062824487686157 and parameters: {'gradient_clip_val': 0.45857744880909956, 'hidden_size': 146, 'dropout': 0.10055051650234198, 'hidden_continuous_size': 85, 'attention_head_size': 1, 'learning_rate': 0.09062334982562163}. Best is trial 1 with value: 0.06367051601409912.
[I 2023-12-26 12:04:18,262] Trial 11 finished with value: 2.448615789413452 and parameters: {'gradient_clip_val': 0.19761142349606423, 'hidden_size': 5, 'dropout': 0.23810890340235852, 'hidden_continuous_size': 5, 'attention_head_size': 4, 'learning_rate': 0.0005077588566957993}. Best is trial 1 with value: 0.06367051601409912.
[I 2023-12-26 12:04:25,077] Trial 12 finished with value: 3.233372926712036 and parameters: {'gradient_clip_val': 0.39162584053246796, 'hidden_size': 76, 'dropout': 0.24720884767482415, 'hidden_continuous_size': 13, 'attention_head_size': 4, 'learning_rate': 0.001586010255976624}. Best is trial 1 with value: 0.06367051601409912.
[I 2023-12-26 12:04:31,068] Trial 13 finished with value: 3.2796480655670166 and parameters: {'gradient_clip_val': 0.10256359762218654, 'hidden_size': 63, 'dropout': 0.23739723358702966, 'hidden_continuous_size': 5, 'attention_head_size': 1, 'learning_rate': 0.0013699621455011814}. Best is trial 1 with value: 0.06367051601409912.
[I 2023-12-26 12:04:33,242] Trial 14 finished with value: 3.299898386001587 and parameters: {'gradient_clip_val': 0.6536025869276378, 'hidden_size': 5, 'dropout': 0.27985212745758803, 'hidden_continuous_size': 5, 'attention_head_size': 3, 'learning_rate': 0.0010716671225778284}. Best is trial 1 with value: 0.06367051601409912.
[I 2023-12-26 12:04:36,032] Trial 15 finished with value: 3.1250393390655518 and parameters: {'gradient_clip_val': 0.5857048043966123, 'hidden_size': 21, 'dropout': 0.19603088990367357, 'hidden_continuous_size': 6, 'attention_head_size': 2, 'learning_rate': 0.0018689917940445334}. Best is trial 1 with value: 0.06367051601409912.
[I 2023-12-26 12:04:41,556] Trial 16 finished with value: 2.9744179248809814 and parameters: {'gradient_clip_val': 0.342361013322692, 'hidden_size': 60, 'dropout': 0.33374156151885676, 'hidden_continuous_size': 14, 'attention_head_size': 1, 'learning_rate': 0.015476603583801173}. Best is trial 1 with value: 0.06367051601409912.
[I 2023-12-26 12:04:43,890] Trial 17 finished with value: 3.3219058513641357 and parameters: {'gradient_clip_val': 0.21879385234890794, 'hidden_size': 8, 'dropout': 0.37554216509010613, 'hidden_continuous_size': 5, 'attention_head_size': 4, 'learning_rate': 0.0006510610958991845}. Best is trial 1 with value: 0.06367051601409912.
[I 2023-12-26 12:04:46,731] Trial 18 finished with value: 2.054816722869873 and parameters: {'gradient_clip_val': 0.15137452020778114, 'hidden_size': 21, 'dropout': 0.22264529050807355, 'hidden_continuous_size': 7, 'attention_head_size': 3, 'learning_rate': 0.0024417736497727243}. Best is trial 1 with value: 0.06367051601409912.
[I 2023-12-26 12:04:55,918] Trial 19 finished with value: 3.3079769611358643 and parameters: {'gradient_clip_val': 0.3651914429526363, 'hidden_size': 106, 'dropout': 0.2740897002633083, 'hidden_continuous_size': 51, 'attention_head_size': 2, 'learning_rate': 0.0010271027166735775}. Best is trial 1 with value: 0.06367051601409912.
[I 2023-12-26 12:05:00,256] Trial 20 finished with value: 2.372262954711914 and parameters: {'gradient_clip_val': 0.9488081083703069, 'hidden_size': 45, 'dropout': 0.14576108931258783, 'hidden_continuous_size': 11, 'attention_head_size': 1, 'learning_rate': 0.004318443245087619}. Best is trial 1 with value: 0.06367051601409912.
[I 2023-12-26 12:05:12,055] Trial 21 finished with value: 1.6050070524215698 and parameters: {'gradient_clip_val': 0.4791051670653424, 'hidden_size': 126, 'dropout': 0.10076909156806199, 'hidden_continuous_size': 114, 'attention_head_size': 1, 'learning_rate': 0.08496180381648429}. Best is trial 1 with value: 0.06367051601409912.
[I 2023-12-26 12:05:24,754] Trial 22 finished with value: 2.4206674098968506 and parameters: {'gradient_clip_val': 0.4634405533042329, 'hidden_size': 143, 'dropout': 0.14410791672299011, 'hidden_continuous_size': 71, 'attention_head_size': 1, 'learning_rate': 0.06111027857983522}. Best is trial 1 with value: 0.06367051601409912.
[I 2023-12-26 12:05:32,297] Trial 23 finished with value: 2.765965700149536 and parameters: {'gradient_clip_val': 0.5558658025917248, 'hidden_size': 85, 'dropout': 0.2023580391324415, 'hidden_continuous_size': 39, 'attention_head_size': 1, 'learning_rate': 0.04354662427198845}. Best is trial 1 with value: 0.06367051601409912.
[I 2023-12-26 12:05:41,177] Trial 24 finished with value: 3.0370471477508545 and parameters: {'gradient_clip_val': 0.40592647217475203, 'hidden_size': 97, 'dropout': 0.10100119826315104, 'hidden_continuous_size': 71, 'attention_head_size': 2, 'learning_rate': 0.08924159356663962}. Best is trial 1 with value: 0.06367051601409912.
[I 2023-12-26 12:05:54,592] Trial 25 finished with value: 1.8616242408752441 and parameters: {'gradient_clip_val': 0.2697445807397114, 'hidden_size': 135, 'dropout': 0.16859097455368055, 'hidden_continuous_size': 121, 'attention_head_size': 1, 'learning_rate': 0.012991226238225257}. Best is trial 1 with value: 0.06367051601409912.
[I 2023-12-26 12:06:01,108] Trial 26 finished with value: 2.9856855869293213 and parameters: {'gradient_clip_val': 0.6877498149566219, 'hidden_size': 74, 'dropout': 0.20847570099286358, 'hidden_continuous_size': 17, 'attention_head_size': 2, 'learning_rate': 0.038070581886660605}. Best is trial 1 with value: 0.06367051601409912.
[I 2023-12-26 12:06:05,943] Trial 27 finished with value: 3.3949263095855713 and parameters: {'gradient_clip_val': 0.31641568049111285, 'hidden_size': 53, 'dropout': 0.12318306089889064, 'hidden_continuous_size': 16, 'attention_head_size': 4, 'learning_rate': 0.05045968701259614}. Best is trial 1 with value: 0.06367051601409912.
[I 2023-12-26 12:06:15,155] Trial 28 finished with value: 3.520792007446289 and parameters: {'gradient_clip_val': 0.544085864914409, 'hidden_size': 106, 'dropout': 0.16489328635818792, 'hidden_continuous_size': 30, 'attention_head_size': 1, 'learning_rate': 0.024981663434555455}. Best is trial 1 with value: 0.06367051601409912.
