[I 2023-12-27 11:34:41,041] Trial 21 finished with value: 2.4804532527923584 and parameters: {'gradient_clip_val': 0.17729970468807835, 'hidden_size': 24, 'dropout': 0.2558789354508783, 'hidden_continuous_size': 7, 'attention_head_size': 3, 'learning_rate': 0.021722882626890372}. Best is trial 0 with value: 0.04983784258365631.
[I 2023-12-27 11:34:41,417] Trial 22 finished with value: 3.440135955810547 and parameters: {'gradient_clip_val': 0.1371899801606116, 'hidden_size': 8, 'dropout': 0.26418689874119217, 'hidden_continuous_size': 6, 'attention_head_size': 3, 'learning_rate': 0.01730480750011643}. Best is trial 0 with value: 0.04983784258365631.
[I 2023-12-27 11:34:41,812] Trial 23 finished with value: 2.8396546840667725 and parameters: {'gradient_clip_val': 0.18295225979711274, 'hidden_size': 17, 'dropout': 0.21785143312663222, 'hidden_continuous_size': 7, 'attention_head_size': 4, 'learning_rate': 0.030306508170251337}. Best is trial 0 with value: 0.04983784258365631.
[I 2023-12-27 11:34:42,198] Trial 24 finished with value: 3.488185167312622 and parameters: {'gradient_clip_val': 0.1590030823307172, 'hidden_size': 24, 'dropout': 0.37011892251111284, 'hidden_continuous_size': 9, 'attention_head_size': 3, 'learning_rate': 0.012633746056350719}. Best is trial 0 with value: 0.04983784258365631.
[I 2023-12-27 11:34:42,577] Trial 25 finished with value: 2.963550329208374 and parameters: {'gradient_clip_val': 0.1280545497076729, 'hidden_size': 14, 'dropout': 0.4624083817759673, 'hidden_continuous_size': 7, 'attention_head_size': 2, 'learning_rate': 0.04879365019826207}. Best is trial 0 with value: 0.04983784258365631.
[I 2023-12-27 11:34:42,968] Trial 26 finished with value: 3.026203155517578 and parameters: {'gradient_clip_val': 0.20818388882239405, 'hidden_size': 20, 'dropout': 0.3305605556827469, 'hidden_continuous_size': 6, 'attention_head_size': 4, 'learning_rate': 0.007756225745042284}. Best is trial 0 with value: 0.04983784258365631.
[I 2023-12-27 11:34:43,365] Trial 27 finished with value: 3.1822121143341064 and parameters: {'gradient_clip_val': 0.2774590418370744, 'hidden_size': 29, 'dropout': 0.29480719881366235, 'hidden_continuous_size': 12, 'attention_head_size': 1, 'learning_rate': 0.0005118665424062432}. Best is trial 0 with value: 0.04983784258365631.
[I 2023-12-27 11:34:43,780] Trial 28 finished with value: 2.5744478702545166 and parameters: {'gradient_clip_val': 0.1679478424709784, 'hidden_size': 41, 'dropout': 0.3700280859588921, 'hidden_continuous_size': 9, 'attention_head_size': 3, 'learning_rate': 0.02614350235763829}. Best is trial 0 with value: 0.04983784258365631.
[I 2023-12-27 11:34:44,174] Trial 29 finished with value: 2.5228512287139893 and parameters: {'gradient_clip_val': 0.21541270829959666, 'hidden_size': 10, 'dropout': 0.4231320063451455, 'hidden_continuous_size': 7, 'attention_head_size': 4, 'learning_rate': 0.014521708291095115}. Best is trial 0 with value: 0.04983784258365631.
[I 2023-12-27 11:34:44,548] Trial 30 finished with value: 3.0441553592681885 and parameters: {'gradient_clip_val': 0.19488021833177696, 'hidden_size': 8, 'dropout': 0.279735930394603, 'hidden_continuous_size': 6, 'attention_head_size': 4, 'learning_rate': 0.0032521993915450528}. Best is trial 0 with value: 0.04983784258365631.
[I 2023-12-27 11:34:45,163] Trial 31 finished with value: 3.0138988494873047 and parameters: {'gradient_clip_val': 0.17764741793909253, 'hidden_size': 20, 'dropout': 0.23492374085738266, 'hidden_continuous_size': 7, 'attention_head_size': 3, 'learning_rate': 0.021744226829826904}. Best is trial 0 with value: 0.04983784258365631.
[I 2023-12-27 11:34:45,555] Trial 32 finished with value: 3.019826889038086 and parameters: {'gradient_clip_val': 0.12285175553121876, 'hidden_size': 13, 'dropout': 0.20658943566460106, 'hidden_continuous_size': 7, 'attention_head_size': 3, 'learning_rate': 0.0224408384925147}. Best is trial 0 with value: 0.04983784258365631.
[I 2023-12-27 11:34:45,945] Trial 33 finished with value: 3.9898741245269775 and parameters: {'gradient_clip_val': 0.15600087965175125, 'hidden_size': 23, 'dropout': 0.28294891844371606, 'hidden_continuous_size': 8, 'attention_head_size': 3, 'learning_rate': 0.010150299287346959}. Best is trial 0 with value: 0.04983784258365631.
[I 2023-12-27 11:34:46,371] Trial 34 finished with value: 2.485783338546753 and parameters: {'gradient_clip_val': 0.23482814898379764, 'hidden_size': 47, 'dropout': 0.3109862285145787, 'hidden_continuous_size': 11, 'attention_head_size': 2, 'learning_rate': 0.018812359493729655}. Best is trial 0 with value: 0.04983784258365631.
[I 2023-12-27 11:34:46,771] Trial 35 finished with value: 3.4117488861083984 and parameters: {'gradient_clip_val': 0.1875378126839956, 'hidden_size': 26, 'dropout': 0.26172008145720804, 'hidden_continuous_size': 9, 'attention_head_size': 3, 'learning_rate': 0.036034280177328584}. Best is trial 0 with value: 0.04983784258365631.
[I 2023-12-27 11:34:47,164] Trial 36 finished with value: 3.483952283859253 and parameters: {'gradient_clip_val': 0.1411190105360029, 'hidden_size': 33, 'dropout': 0.33548794990628894, 'hidden_continuous_size': 5, 'attention_head_size': 2, 'learning_rate': 0.01317832638953136}. Best is trial 0 with value: 0.04983784258365631.
[I 2023-12-27 11:34:47,536] Trial 37 finished with value: 4.600951671600342 and parameters: {'gradient_clip_val': 0.12058893716681786, 'hidden_size': 17, 'dropout': 0.38133094419223923, 'hidden_continuous_size': 8, 'attention_head_size': 1, 'learning_rate': 0.00925204240702206}. Best is trial 0 with value: 0.04983784258365631.
[I 2023-12-27 11:34:47,973] Trial 38 finished with value: 3.1856963634490967 and parameters: {'gradient_clip_val': 0.15125000040935915, 'hidden_size': 53, 'dropout': 0.23963677046122284, 'hidden_continuous_size': 12, 'attention_head_size': 3, 'learning_rate': 0.01896461625692706}. Best is trial 0 with value: 0.04983784258365631.
[I 2023-12-27 11:34:48,362] Trial 39 finished with value: 3.0080769062042236 and parameters: {'gradient_clip_val': 0.25731158440373897, 'hidden_size': 12, 'dropout': 0.47366689869337014, 'hidden_continuous_size': 7, 'attention_head_size': 3, 'learning_rate': 0.011228499428424871}. Best is trial 0 with value: 0.04983784258365631.
[I 2023-12-27 11:34:48,792] Trial 40 finished with value: 2.7885255813598633 and parameters: {'gradient_clip_val': 0.3112679217712928, 'hidden_size': 36, 'dropout': 0.1856520250253284, 'hidden_continuous_size': 9, 'attention_head_size': 4, 'learning_rate': 0.030246955615527413}. Best is trial 0 with value: 0.04983784258365631.
[I 2023-12-27 11:34:49,211] Trial 41 finished with value: 2.8488311767578125 and parameters: {'gradient_clip_val': 0.22934272606240258, 'hidden_size': 46, 'dropout': 0.31238192665519593, 'hidden_continuous_size': 11, 'attention_head_size': 2, 'learning_rate': 0.017583278678264865}. Best is trial 0 with value: 0.04983784258365631.
[I 2023-12-27 11:34:49,654] Trial 42 finished with value: 2.995295524597168 and parameters: {'gradient_clip_val': 0.23529185184606, 'hidden_size': 66, 'dropout': 0.32444930374416636, 'hidden_continuous_size': 11, 'attention_head_size': 1, 'learning_rate': 0.022444806525746246}. Best is trial 0 with value: 0.04983784258365631.
[I 2023-12-27 11:34:50,072] Trial 43 finished with value: 2.626466989517212 and parameters: {'gradient_clip_val': 0.19440713066064252, 'hidden_size': 44, 'dropout': 0.3044917454647149, 'hidden_continuous_size': 9, 'attention_head_size': 2, 'learning_rate': 0.014485986699102017}. Best is trial 0 with value: 0.04983784258365631.
[I 2023-12-27 11:34:50,711] Trial 44 finished with value: 3.9023149013519287 and parameters: {'gradient_clip_val': 0.16431928127024176, 'hidden_size': 36, 'dropout': 0.3562675693412281, 'hidden_continuous_size': 15, 'attention_head_size': 2, 'learning_rate': 0.025791896458216383}. Best is trial 0 with value: 0.04983784258365631.
[I 2023-12-27 11:34:51,103] Trial 45 finished with value: 2.3658649921417236 and parameters: {'gradient_clip_val': 0.20784698592554637, 'hidden_size': 26, 'dropout': 0.39591289948169933, 'hidden_continuous_size': 10, 'attention_head_size': 1, 'learning_rate': 0.011379898779897337}. Best is trial 0 with value: 0.04983784258365631.
[I 2023-12-27 11:34:51,493] Trial 46 finished with value: 3.028972864151001 and parameters: {'gradient_clip_val': 0.20059675385091447, 'hidden_size': 26, 'dropout': 0.3956210656326171, 'hidden_continuous_size': 8, 'attention_head_size': 1, 'learning_rate': 0.011533756729303077}. Best is trial 0 with value: 0.04983784258365631.
[I 2023-12-27 11:34:51,874] Trial 47 finished with value: 3.6348068714141846 and parameters: {'gradient_clip_val': 0.1720384765662633, 'hidden_size': 21, 'dropout': 0.4828764346022451, 'hidden_continuous_size': 8, 'attention_head_size': 1, 'learning_rate': 0.008665108418734784}. Best is trial 0 with value: 0.04983784258365631.
[I 2023-12-27 11:34:52,281] Trial 48 finished with value: 3.437743902206421 and parameters: {'gradient_clip_val': 0.14723625200664642, 'hidden_size': 31, 'dropout': 0.45086655036262246, 'hidden_continuous_size': 10, 'attention_head_size': 1, 'learning_rate': 0.014016459580405326}. Best is trial 0 with value: 0.04983784258365631.
[I 2023-12-27 11:34:52,656] Trial 49 finished with value: 3.9895131587982178 and parameters: {'gradient_clip_val': 0.25518962709480886, 'hidden_size': 18, 'dropout': 0.4987391599968107, 'hidden_continuous_size': 6, 'attention_head_size': 1, 'learning_rate': 0.010415644646714855}. Best is trial 0 with value: 0.04983784258365631.
[I 2023-12-27 11:34:52,768] A new study created in memory with name: no-name-dca56d61-568e-420f-977e-685ed90854c1
/home/le004/conda/anaconda3/envs/tsff_env/lib/python3.9/site-packages/lightning/fabric/plugins/environments/slurm.py:191: The `srun` command is available on your system but is not used. HINT: If your intention is to run Lightning on SLURM, prepend your python command with `srun` like so: srun python /home/le004/master_thesis/git/TSFusionForecast/code/ ...
[I 2023-12-27 11:35:43,807] Trial 0 finished with value: 0.16105639934539795 and parameters: {'gradient_clip_val': 0.3467796049657274, 'hidden_size': 102, 'dropout': 0.44011734469975494, 'hidden_continuous_size': 14, 'attention_head_size': 3, 'learning_rate': 0.054036624151694475}. Best is trial 0 with value: 0.16105639934539795.
[I 2023-12-27 11:35:48,953] Trial 1 finished with value: 0.6318541765213013 and parameters: {'gradient_clip_val': 0.5527215134319314, 'hidden_size': 28, 'dropout': 0.3604681454107652, 'hidden_continuous_size': 6, 'attention_head_size': 3, 'learning_rate': 0.02394414262645267}. Best is trial 0 with value: 0.16105639934539795.
[I 2023-12-27 11:35:49,487] Trial 2 finished with value: 1.9867857694625854 and parameters: {'gradient_clip_val': 0.1404006352737742, 'hidden_size': 123, 'dropout': 0.24790748851699684, 'hidden_continuous_size': 5, 'attention_head_size': 1, 'learning_rate': 0.03020543355988688}. Best is trial 0 with value: 0.16105639934539795.
[I 2023-12-27 11:35:49,865] Trial 3 finished with value: 1.7342084646224976 and parameters: {'gradient_clip_val': 0.3464922022651945, 'hidden_size': 22, 'dropout': 0.4573734952258742, 'hidden_continuous_size': 14, 'attention_head_size': 1, 'learning_rate': 0.002954140161810251}. Best is trial 0 with value: 0.16105639934539795.
[I 2023-12-27 11:35:50,469] Trial 4 finished with value: 2.7217700481414795 and parameters: {'gradient_clip_val': 0.13738667069311647, 'hidden_size': 22, 'dropout': 0.2627635792572427, 'hidden_continuous_size': 5, 'attention_head_size': 1, 'learning_rate': 0.08646716075417321}. Best is trial 0 with value: 0.16105639934539795.
[I 2023-12-27 11:35:50,870] Trial 5 finished with value: 2.198195695877075 and parameters: {'gradient_clip_val': 0.1183220798307704, 'hidden_size': 34, 'dropout': 0.19959338011140268, 'hidden_continuous_size': 32, 'attention_head_size': 2, 'learning_rate': 0.0019908024541535627}. Best is trial 0 with value: 0.16105639934539795.
[I 2023-12-27 11:35:51,232] Trial 6 finished with value: 2.5165979862213135 and parameters: {'gradient_clip_val': 0.9616375683194114, 'hidden_size': 11, 'dropout': 0.26765978162135906, 'hidden_continuous_size': 7, 'attention_head_size': 2, 'learning_rate': 0.0011441678004284197}. Best is trial 0 with value: 0.16105639934539795.
[I 2023-12-27 11:35:51,790] Trial 7 finished with value: 1.6925034523010254 and parameters: {'gradient_clip_val': 0.1994580351429992, 'hidden_size': 123, 'dropout': 0.3756175774517574, 'hidden_continuous_size': 51, 'attention_head_size': 1, 'learning_rate': 0.008410089064667524}. Best is trial 0 with value: 0.16105639934539795.
[I 2023-12-27 11:35:52,159] Trial 8 finished with value: 1.8803805112838745 and parameters: {'gradient_clip_val': 0.22594381680026693, 'hidden_size': 19, 'dropout': 0.3673300489512219, 'hidden_continuous_size': 6, 'attention_head_size': 3, 'learning_rate': 0.01605275309868035}. Best is trial 0 with value: 0.16105639934539795.
[I 2023-12-27 11:35:52,536] Trial 9 finished with value: 2.1644842624664307 and parameters: {'gradient_clip_val': 0.11012343793597615, 'hidden_size': 26, 'dropout': 0.37493226839530924, 'hidden_continuous_size': 7, 'attention_head_size': 1, 'learning_rate': 0.007685935560862612}. Best is trial 0 with value: 0.16105639934539795.
[I 2023-12-27 11:35:52,897] Trial 10 finished with value: 2.284149408340454 and parameters: {'gradient_clip_val': 0.3348895301548431, 'hidden_size': 5, 'dropout': 0.11513250875765782, 'hidden_continuous_size': 5, 'attention_head_size': 4, 'learning_rate': 0.0005698225383035185}. Best is trial 0 with value: 0.16105639934539795.
[I 2023-12-27 11:35:53,351] Trial 11 finished with value: 1.8680105209350586 and parameters: {'gradient_clip_val': 0.5125995973715999, 'hidden_size': 61, 'dropout': 0.48259983331839906, 'hidden_continuous_size': 12, 'attention_head_size': 3, 'learning_rate': 0.04961123974425628}. Best is trial 0 with value: 0.16105639934539795.
[I 2023-12-27 11:35:53,821] Trial 12 finished with value: 2.472797393798828 and parameters: {'gradient_clip_val': 0.51594233039422, 'hidden_size': 63, 'dropout': 0.4236064139121497, 'hidden_continuous_size': 10, 'attention_head_size': 4, 'learning_rate': 0.025143873226417777}. Best is trial 0 with value: 0.16105639934539795.
[I 2023-12-27 11:35:54,270] Trial 13 finished with value: 1.7347898483276367 and parameters: {'gradient_clip_val': 0.5240063423353661, 'hidden_size': 57, 'dropout': 0.4999818593519627, 'hidden_continuous_size': 19, 'attention_head_size': 3, 'learning_rate': 0.09302390839841237}. Best is trial 0 with value: 0.16105639934539795.
[I 2023-12-27 11:35:54,886] Trial 14 finished with value: 1.8462008237838745 and parameters: {'gradient_clip_val': 0.7281912022019381, 'hidden_size': 145, 'dropout': 0.34164228475272174, 'hidden_continuous_size': 24, 'attention_head_size': 3, 'learning_rate': 0.015358178615025104}. Best is trial 0 with value: 0.16105639934539795.
[I 2023-12-27 11:35:55,319] Trial 15 finished with value: 2.162386417388916 and parameters: {'gradient_clip_val': 0.27006874517887375, 'hidden_size': 43, 'dropout': 0.430292291995672, 'hidden_continuous_size': 9, 'attention_head_size': 4, 'learning_rate': 0.04540315569895267}. Best is trial 0 with value: 0.16105639934539795.
[I 2023-12-27 11:35:55,819] Trial 16 finished with value: 2.316143274307251 and parameters: {'gradient_clip_val': 0.3993116895905376, 'hidden_size': 94, 'dropout': 0.4207109358879061, 'hidden_continuous_size': 14, 'attention_head_size': 2, 'learning_rate': 0.015407061582524815}. Best is trial 0 with value: 0.16105639934539795.
[I 2023-12-27 11:35:56,289] Trial 17 finished with value: 2.1210031509399414 and parameters: {'gradient_clip_val': 0.40826684895201665, 'hidden_size': 76, 'dropout': 0.3200395095075764, 'hidden_continuous_size': 9, 'attention_head_size': 3, 'learning_rate': 0.04466779144131881}. Best is trial 0 with value: 0.16105639934539795.
[I 2023-12-27 11:35:56,968] Trial 18 finished with value: 2.3981330394744873 and parameters: {'gradient_clip_val': 0.6826237994264973, 'hidden_size': 39, 'dropout': 0.4042478985415282, 'hidden_continuous_size': 11, 'attention_head_size': 2, 'learning_rate': 0.004865201677694527}. Best is trial 0 with value: 0.16105639934539795.
[I 2023-12-27 11:35:57,475] Trial 19 finished with value: 2.172154188156128 and parameters: {'gradient_clip_val': 0.27983721516367005, 'hidden_size': 90, 'dropout': 0.4613217006558991, 'hidden_continuous_size': 17, 'attention_head_size': 4, 'learning_rate': 0.09750982499521633}. Best is trial 0 with value: 0.16105639934539795.
[I 2023-12-27 11:35:57,870] Trial 20 finished with value: 2.146101474761963 and parameters: {'gradient_clip_val': 0.42992804992904393, 'hidden_size': 17, 'dropout': 0.3232032096169979, 'hidden_continuous_size': 8, 'attention_head_size': 3, 'learning_rate': 0.02536353847875138}. Best is trial 0 with value: 0.16105639934539795.
[I 2023-12-27 11:35:58,452] Trial 21 finished with value: 2.330328941345215 and parameters: {'gradient_clip_val': 0.1990461814080879, 'hidden_size': 117, 'dropout': 0.37940146678449566, 'hidden_continuous_size': 60, 'attention_head_size': 2, 'learning_rate': 0.008166341869296786}. Best is trial 0 with value: 0.16105639934539795.
[I 2023-12-27 11:35:59,183] Trial 22 finished with value: 1.6972635984420776 and parameters: {'gradient_clip_val': 0.17598018569407226, 'hidden_size': 139, 'dropout': 0.3928806878554744, 'hidden_continuous_size': 130, 'attention_head_size': 3, 'learning_rate': 0.01208984120154695}. Best is trial 0 with value: 0.16105639934539795.
[I 2023-12-27 11:35:59,688] Trial 23 finished with value: 1.7815769910812378 and parameters: {'gradient_clip_val': 0.274350676971804, 'hidden_size': 96, 'dropout': 0.34909093008459197, 'hidden_continuous_size': 25, 'attention_head_size': 2, 'learning_rate': 0.010034717474063239}. Best is trial 0 with value: 0.16105639934539795.
[I 2023-12-27 11:36:00,126] Trial 24 finished with value: 1.9228013753890991 and parameters: {'gradient_clip_val': 0.2273121237146882, 'hidden_size': 47, 'dropout': 0.44878890534702875, 'hidden_continuous_size': 11, 'attention_head_size': 3, 'learning_rate': 0.00527266791734494}. Best is trial 0 with value: 0.16105639934539795.
[I 2023-12-27 11:36:00,614] Trial 25 finished with value: 2.0033693313598633 and parameters: {'gradient_clip_val': 0.3112056457587309, 'hidden_size': 77, 'dropout': 0.40426695302366195, 'hidden_continuous_size': 7, 'attention_head_size': 4, 'learning_rate': 0.023800082969705764}. Best is trial 0 with value: 0.16105639934539795.
[I 2023-12-27 11:36:01,162] Trial 26 finished with value: 2.1437222957611084 and parameters: {'gradient_clip_val': 0.1950968786447664, 'hidden_size': 113, 'dropout': 0.35275487288237733, 'hidden_continuous_size': 32, 'attention_head_size': 2, 'learning_rate': 0.06017011647198411}. Best is trial 0 with value: 0.16105639934539795.
[I 2023-12-27 11:36:01,581] Trial 27 finished with value: 2.277630567550659 and parameters: {'gradient_clip_val': 0.2371521256366443, 'hidden_size': 31, 'dropout': 0.39065847729028996, 'hidden_continuous_size': 6, 'attention_head_size': 3, 'learning_rate': 0.018200412482411006}. Best is trial 0 with value: 0.16105639934539795.
[I 2023-12-27 11:36:02,217] Trial 28 finished with value: 1.7906938791275024 and parameters: {'gradient_clip_val': 0.16545423377625434, 'hidden_size': 146, 'dropout': 0.44687736014521734, 'hidden_continuous_size': 49, 'attention_head_size': 1, 'learning_rate': 0.03728062426937893}. Best is trial 0 with value: 0.16105639934539795.
[I 2023-12-27 11:36:02,661] Trial 29 finished with value: 2.335280179977417 and parameters: {'gradient_clip_val': 0.15384708588044305, 'hidden_size': 55, 'dropout': 0.3130453322409202, 'hidden_continuous_size': 13, 'attention_head_size': 1, 'learning_rate': 0.02771630382857789}. Best is trial 0 with value: 0.16105639934539795.
[I 2023-12-27 11:36:03,201] Trial 30 finished with value: 1.8112330436706543 and parameters: {'gradient_clip_val': 0.34183000187529583, 'hidden_size': 112, 'dropout': 0.36382776244139675, 'hidden_continuous_size': 17, 'attention_head_size': 3, 'learning_rate': 0.031666720511734116}. Best is trial 0 with value: 0.16105639934539795.
[I 2023-12-27 11:36:03,900] Trial 31 finished with value: 2.1183395385742188 and parameters: {'gradient_clip_val': 0.1820636674481953, 'hidden_size': 148, 'dropout': 0.39705208268214204, 'hidden_continuous_size': 136, 'attention_head_size': 3, 'learning_rate': 0.06533147616360674}. Best is trial 0 with value: 0.16105639934539795.
[I 2023-12-27 11:36:04,681] Trial 32 finished with value: 2.357377290725708 and parameters: {'gradient_clip_val': 0.12578422229789557, 'hidden_size': 79, 'dropout': 0.4221436619544428, 'hidden_continuous_size': 78, 'attention_head_size': 3, 'learning_rate': 0.012262995200563254}. Best is trial 0 with value: 0.16105639934539795.
[I 2023-12-27 11:36:05,314] Trial 33 finished with value: 2.2646265029907227 and parameters: {'gradient_clip_val': 0.16016905236135384, 'hidden_size': 118, 'dropout': 0.39390129500581644, 'hidden_continuous_size': 113, 'attention_head_size': 3, 'learning_rate': 0.01035546727094496}. Best is trial 0 with value: 0.16105639934539795.
[I 2023-12-27 11:36:05,856] Trial 34 finished with value: 2.525404453277588 and parameters: {'gradient_clip_val': 0.15000264157100857, 'hidden_size': 102, 'dropout': 0.2925837956613173, 'hidden_continuous_size': 42, 'attention_head_size': 4, 'learning_rate': 0.005534408088935874}. Best is trial 0 with value: 0.16105639934539795.
[I 2023-12-27 11:36:06,458] Trial 35 finished with value: 2.2457072734832764 and parameters: {'gradient_clip_val': 0.1777736573606173, 'hidden_size': 128, 'dropout': 0.3330989867322704, 'hidden_continuous_size': 78, 'attention_head_size': 2, 'learning_rate': 0.0203088550725616}. Best is trial 0 with value: 0.16105639934539795.
