[I 2023-12-27 11:32:39,874] Trial 42 finished with value: 4.382462978363037 and parameters: {'gradient_clip_val': 0.19178031740384147, 'hidden_size': 83, 'dropout': 0.369098177458792, 'hidden_continuous_size': 10, 'attention_head_size': 2, 'learning_rate': 0.007775073136090889}. Best is trial 0 with value: 0.04558536037802696.
[I 2023-12-27 11:32:40,314] Trial 43 finished with value: 3.9453020095825195 and parameters: {'gradient_clip_val': 0.14991203022498253, 'hidden_size': 51, 'dropout': 0.3906786869581517, 'hidden_continuous_size': 9, 'attention_head_size': 3, 'learning_rate': 0.005935531929621404}. Best is trial 0 with value: 0.04558536037802696.
[I 2023-12-27 11:32:40,766] Trial 44 finished with value: 3.4178695678710938 and parameters: {'gradient_clip_val': 0.12286052631590841, 'hidden_size': 69, 'dropout': 0.288004438394059, 'hidden_continuous_size': 15, 'attention_head_size': 3, 'learning_rate': 0.07679333831672665}. Best is trial 0 with value: 0.04558536037802696.
[I 2023-12-27 11:32:41,267] Trial 45 finished with value: 3.858579635620117 and parameters: {'gradient_clip_val': 0.10848185856597464, 'hidden_size': 106, 'dropout': 0.41890565624118525, 'hidden_continuous_size': 6, 'attention_head_size': 2, 'learning_rate': 0.06384573795010855}. Best is trial 0 with value: 0.04558536037802696.
[I 2023-12-27 11:32:41,721] Trial 46 finished with value: 2.700672149658203 and parameters: {'gradient_clip_val': 0.28420971475588186, 'hidden_size': 62, 'dropout': 0.31808791920135904, 'hidden_continuous_size': 12, 'attention_head_size': 4, 'learning_rate': 0.025487046169741855}. Best is trial 0 with value: 0.04558536037802696.
[I 2023-12-27 11:32:42,105] Trial 47 finished with value: 2.4008708000183105 and parameters: {'gradient_clip_val': 0.23149492937351937, 'hidden_size': 6, 'dropout': 0.3627512303724352, 'hidden_continuous_size': 5, 'attention_head_size': 3, 'learning_rate': 0.018103349975786547}. Best is trial 0 with value: 0.04558536037802696.
[I 2023-12-27 11:32:42,485] Trial 48 finished with value: 3.430677652359009 and parameters: {'gradient_clip_val': 0.233662675180906, 'hidden_size': 6, 'dropout': 0.36629983184079107, 'hidden_continuous_size': 5, 'attention_head_size': 3, 'learning_rate': 0.019591668282657765}. Best is trial 0 with value: 0.04558536037802696.
[I 2023-12-27 11:32:42,830] Trial 49 finished with value: 3.889256238937378 and parameters: {'gradient_clip_val': 0.2052714164789582, 'hidden_size': 5, 'dropout': 0.35175959914258226, 'hidden_continuous_size': 5, 'attention_head_size': 3, 'learning_rate': 0.014840240168570924}. Best is trial 0 with value: 0.04558536037802696.
[I 2023-12-27 11:32:42,944] A new study created in memory with name: no-name-9c479414-ff07-4172-8f7d-461a7ef78935
/home/le004/conda/anaconda3/envs/tsff_env/lib/python3.9/site-packages/lightning/fabric/plugins/environments/slurm.py:191: The `srun` command is available on your system but is not used. HINT: If your intention is to run Lightning on SLURM, prepend your python command with `srun` like so: srun python /home/le004/master_thesis/git/TSFusionForecast/code/ ...
[I 2023-12-27 11:33:15,550] Trial 0 finished with value: 1.5082918405532837 and parameters: {'gradient_clip_val': 0.26186064270634457, 'hidden_size': 10, 'dropout': 0.12620244911646436, 'hidden_continuous_size': 5, 'attention_head_size': 4, 'learning_rate': 0.013544986859814761}. Best is trial 0 with value: 1.5082918405532837.
[I 2023-12-27 11:33:17,097] Trial 1 finished with value: 2.4153034687042236 and parameters: {'gradient_clip_val': 0.665356876061805, 'hidden_size': 9, 'dropout': 0.3719512251022976, 'hidden_continuous_size': 6, 'attention_head_size': 1, 'learning_rate': 0.0024679448520134456}. Best is trial 0 with value: 1.5082918405532837.
[I 2023-12-27 11:33:17,443] Trial 2 finished with value: 3.878298759460449 and parameters: {'gradient_clip_val': 0.12217354671375792, 'hidden_size': 11, 'dropout': 0.1854396143745607, 'hidden_continuous_size': 7, 'attention_head_size': 4, 'learning_rate': 0.001181979411345571}. Best is trial 0 with value: 1.5082918405532837.
[I 2023-12-27 11:33:17,789] Trial 3 finished with value: 2.600309133529663 and parameters: {'gradient_clip_val': 0.1339573185877052, 'hidden_size': 6, 'dropout': 0.2412702173226341, 'hidden_continuous_size': 5, 'attention_head_size': 3, 'learning_rate': 0.0402342105768683}. Best is trial 0 with value: 1.5082918405532837.
[I 2023-12-27 11:33:18,150] Trial 4 finished with value: 3.5108678340911865 and parameters: {'gradient_clip_val': 0.5389581612601486, 'hidden_size': 9, 'dropout': 0.45992334895884923, 'hidden_continuous_size': 8, 'attention_head_size': 4, 'learning_rate': 0.08570088427331271}. Best is trial 0 with value: 1.5082918405532837.
[I 2023-12-27 11:33:18,493] Trial 5 finished with value: 2.896259307861328 and parameters: {'gradient_clip_val': 0.22602083452608734, 'hidden_size': 17, 'dropout': 0.12242502893731465, 'hidden_continuous_size': 12, 'attention_head_size': 1, 'learning_rate': 0.013859561965707461}. Best is trial 0 with value: 1.5082918405532837.
[I 2023-12-27 11:33:18,843] Trial 6 finished with value: 2.9547274112701416 and parameters: {'gradient_clip_val': 0.813219128470943, 'hidden_size': 23, 'dropout': 0.12658442599361497, 'hidden_continuous_size': 5, 'attention_head_size': 3, 'learning_rate': 0.0037843161977515177}. Best is trial 0 with value: 1.5082918405532837.
[I 2023-12-27 11:33:19,205] Trial 7 finished with value: 3.218561887741089 and parameters: {'gradient_clip_val': 0.3771851529332106, 'hidden_size': 19, 'dropout': 0.2775679416482608, 'hidden_continuous_size': 10, 'attention_head_size': 3, 'learning_rate': 0.026443895576103795}. Best is trial 0 with value: 1.5082918405532837.
[I 2023-12-27 11:33:19,668] Trial 8 finished with value: 3.4069414138793945 and parameters: {'gradient_clip_val': 0.8258506108192982, 'hidden_size': 100, 'dropout': 0.2698759517217567, 'hidden_continuous_size': 5, 'attention_head_size': 4, 'learning_rate': 0.019690250851619347}. Best is trial 0 with value: 1.5082918405532837.
[I 2023-12-27 11:33:20,019] Trial 9 finished with value: 3.628082036972046 and parameters: {'gradient_clip_val': 0.16613237368628164, 'hidden_size': 14, 'dropout': 0.357338108856894, 'hidden_continuous_size': 13, 'attention_head_size': 4, 'learning_rate': 0.0075399454660376305}. Best is trial 0 with value: 1.5082918405532837.
[I 2023-12-27 11:33:20,351] Trial 10 finished with value: 2.2238216400146484 and parameters: {'gradient_clip_val': 0.2996307915899062, 'hidden_size': 5, 'dropout': 0.10277647310460897, 'hidden_continuous_size': 5, 'attention_head_size': 2, 'learning_rate': 0.0005421210496490206}. Best is trial 0 with value: 1.5082918405532837.
[I 2023-12-27 11:33:20,681] Trial 11 finished with value: 3.425122022628784 and parameters: {'gradient_clip_val': 0.30808880371147124, 'hidden_size': 5, 'dropout': 0.11007793965876836, 'hidden_continuous_size': 5, 'attention_head_size': 2, 'learning_rate': 0.0007376431027134282}. Best is trial 0 with value: 1.5082918405532837.
[I 2023-12-27 11:33:21,022] Trial 12 finished with value: 3.3642280101776123 and parameters: {'gradient_clip_val': 0.2491013319121128, 'hidden_size': 5, 'dropout': 0.1920930356411514, 'hidden_continuous_size': 5, 'attention_head_size': 2, 'learning_rate': 0.0005305368860510269}. Best is trial 0 with value: 1.5082918405532837.
[I 2023-12-27 11:33:21,686] Trial 13 finished with value: 3.068781852722168 and parameters: {'gradient_clip_val': 0.4409307280751953, 'hidden_size': 40, 'dropout': 0.10288739366264832, 'hidden_continuous_size': 20, 'attention_head_size': 2, 'learning_rate': 0.0018102202030537235}. Best is trial 0 with value: 1.5082918405532837.
[I 2023-12-27 11:33:22,067] Trial 14 finished with value: 4.474363803863525 and parameters: {'gradient_clip_val': 0.2932600089746269, 'hidden_size': 8, 'dropout': 0.17900078993873375, 'hidden_continuous_size': 5, 'attention_head_size': 2, 'learning_rate': 0.005894077976601259}. Best is trial 0 with value: 1.5082918405532837.
[I 2023-12-27 11:33:22,449] Trial 15 finished with value: 3.722583532333374 and parameters: {'gradient_clip_val': 0.18044018362568418, 'hidden_size': 7, 'dropout': 0.1677584059075249, 'hidden_continuous_size': 5, 'attention_head_size': 3, 'learning_rate': 0.00898649023683916}. Best is trial 0 with value: 1.5082918405532837.
[I 2023-12-27 11:33:22,792] Trial 16 finished with value: 3.493119955062866 and parameters: {'gradient_clip_val': 0.38614814286358917, 'hidden_size': 5, 'dropout': 0.23307982680484976, 'hidden_continuous_size': 5, 'attention_head_size': 1, 'learning_rate': 0.0040271359129361375}. Best is trial 0 with value: 1.5082918405532837.
[I 2023-12-27 11:33:23,174] Trial 17 finished with value: 2.6091649532318115 and parameters: {'gradient_clip_val': 0.10146156186338243, 'hidden_size': 12, 'dropout': 0.16224138498488636, 'hidden_continuous_size': 6, 'attention_head_size': 3, 'learning_rate': 0.0012318289814931224}. Best is trial 0 with value: 1.5082918405532837.
[I 2023-12-27 11:33:23,558] Trial 18 finished with value: 3.5619537830352783 and parameters: {'gradient_clip_val': 0.2451516773633779, 'hidden_size': 8, 'dropout': 0.1009825026720179, 'hidden_continuous_size': 6, 'attention_head_size': 2, 'learning_rate': 0.011759246250583331}. Best is trial 0 with value: 1.5082918405532837.
[I 2023-12-27 11:33:23,935] Trial 19 finished with value: 3.7431068420410156 and parameters: {'gradient_clip_val': 0.48409292583426455, 'hidden_size': 13, 'dropout': 0.1477639340725815, 'hidden_continuous_size': 6, 'attention_head_size': 1, 'learning_rate': 0.0005201807169137422}. Best is trial 0 with value: 1.5082918405532837.
[I 2023-12-27 11:33:24,331] Trial 20 finished with value: 2.6254725456237793 and parameters: {'gradient_clip_val': 0.34419697187193793, 'hidden_size': 35, 'dropout': 0.22004536489283297, 'hidden_continuous_size': 35, 'attention_head_size': 4, 'learning_rate': 0.004934785979128382}. Best is trial 0 with value: 1.5082918405532837.
[I 2023-12-27 11:33:24,720] Trial 21 finished with value: 3.113352060317993 and parameters: {'gradient_clip_val': 0.5770612838327771, 'hidden_size': 9, 'dropout': 0.32300186946967824, 'hidden_continuous_size': 6, 'attention_head_size': 1, 'learning_rate': 0.002755694496363288}. Best is trial 0 with value: 1.5082918405532837.
[I 2023-12-27 11:33:25,093] Trial 22 finished with value: 3.019925355911255 and parameters: {'gradient_clip_val': 0.6148818468754471, 'hidden_size': 7, 'dropout': 0.35135761221254486, 'hidden_continuous_size': 5, 'attention_head_size': 1, 'learning_rate': 0.0025177577409270895}. Best is trial 0 with value: 1.5082918405532837.
[I 2023-12-27 11:33:25,476] Trial 23 finished with value: 2.299689531326294 and parameters: {'gradient_clip_val': 0.6738333550219056, 'hidden_size': 6, 'dropout': 0.15007207452652144, 'hidden_continuous_size': 5, 'attention_head_size': 2, 'learning_rate': 0.001000366507812395}. Best is trial 0 with value: 1.5082918405532837.
[I 2023-12-27 11:33:25,869] Trial 24 finished with value: 3.4160852432250977 and parameters: {'gradient_clip_val': 0.4314669572010298, 'hidden_size': 6, 'dropout': 0.14157215242550739, 'hidden_continuous_size': 5, 'attention_head_size': 2, 'learning_rate': 0.0010312934786397428}. Best is trial 0 with value: 1.5082918405532837.
[I 2023-12-27 11:33:26,210] Trial 25 finished with value: 3.0297482013702393 and parameters: {'gradient_clip_val': 0.3135094454033328, 'hidden_size': 5, 'dropout': 0.1415029065970747, 'hidden_continuous_size': 5, 'attention_head_size': 2, 'learning_rate': 0.0008026733726343095}. Best is trial 0 with value: 1.5082918405532837.
[I 2023-12-27 11:33:26,811] Trial 26 finished with value: 2.786370038986206 and parameters: {'gradient_clip_val': 0.9993105724088023, 'hidden_size': 6, 'dropout': 0.2050611327828199, 'hidden_continuous_size': 5, 'attention_head_size': 3, 'learning_rate': 0.0015392221756820308}. Best is trial 0 with value: 1.5082918405532837.
[I 2023-12-27 11:33:27,225] Trial 27 finished with value: 3.303151845932007 and parameters: {'gradient_clip_val': 0.27716780335187796, 'hidden_size': 11, 'dropout': 0.15690416073388516, 'hidden_continuous_size': 7, 'attention_head_size': 2, 'learning_rate': 0.0008656178577180036}. Best is trial 0 with value: 1.5082918405532837.
[I 2023-12-27 11:33:27,604] Trial 28 finished with value: 3.1377627849578857 and parameters: {'gradient_clip_val': 0.36141051621275233, 'hidden_size': 7, 'dropout': 0.1348623152409981, 'hidden_continuous_size': 5, 'attention_head_size': 3, 'learning_rate': 0.0005060294026492882}. Best is trial 0 with value: 1.5082918405532837.
[I 2023-12-27 11:33:28,017] Trial 29 finished with value: 3.035470724105835 and parameters: {'gradient_clip_val': 0.4856299103775276, 'hidden_size': 10, 'dropout': 0.2001901650124778, 'hidden_continuous_size': 6, 'attention_head_size': 2, 'learning_rate': 0.001674473755682035}. Best is trial 0 with value: 1.5082918405532837.
[I 2023-12-27 11:33:28,420] Trial 30 finished with value: 4.08460807800293 and parameters: {'gradient_clip_val': 0.2089009960048965, 'hidden_size': 9, 'dropout': 0.17029446574412221, 'hidden_continuous_size': 6, 'attention_head_size': 2, 'learning_rate': 0.002128348067052506}. Best is trial 0 with value: 1.5082918405532837.
[I 2023-12-27 11:33:28,815] Trial 31 finished with value: 3.532647132873535 and parameters: {'gradient_clip_val': 0.6652880363940102, 'hidden_size': 10, 'dropout': 0.10103058456285391, 'hidden_continuous_size': 6, 'attention_head_size': 1, 'learning_rate': 0.0010838589921683954}. Best is trial 0 with value: 1.5082918405532837.
[I 2023-12-27 11:33:29,189] Trial 32 finished with value: 3.228632688522339 and parameters: {'gradient_clip_val': 0.7165505623551774, 'hidden_size': 6, 'dropout': 0.12793624026541284, 'hidden_continuous_size': 5, 'attention_head_size': 1, 'learning_rate': 0.0012135855893655135}. Best is trial 0 with value: 1.5082918405532837.
[I 2023-12-27 11:33:29,582] Trial 33 finished with value: 3.7677228450775146 and parameters: {'gradient_clip_val': 0.5168359948828701, 'hidden_size': 14, 'dropout': 0.1848469006846693, 'hidden_continuous_size': 7, 'attention_head_size': 4, 'learning_rate': 0.0007003235261193731}. Best is trial 0 with value: 1.5082918405532837.
[I 2023-12-27 11:33:29,960] Trial 34 finished with value: 3.883681535720825 and parameters: {'gradient_clip_val': 0.5722624528122056, 'hidden_size': 8, 'dropout': 0.4006544204695332, 'hidden_continuous_size': 5, 'attention_head_size': 1, 'learning_rate': 0.003022359110927473}. Best is trial 0 with value: 1.5082918405532837.
[I 2023-12-27 11:33:30,309] Trial 35 finished with value: 4.508312702178955 and parameters: {'gradient_clip_val': 0.4309559518032644, 'hidden_size': 5, 'dropout': 0.24423114505426258, 'hidden_continuous_size': 5, 'attention_head_size': 2, 'learning_rate': 0.0014810774831192878}. Best is trial 0 with value: 1.5082918405532837.
[I 2023-12-27 11:33:30,696] Trial 36 finished with value: 3.239734411239624 and parameters: {'gradient_clip_val': 0.6878749585225952, 'hidden_size': 12, 'dropout': 0.12205689707578295, 'hidden_continuous_size': 6, 'attention_head_size': 3, 'learning_rate': 0.0021530166895995365}. Best is trial 0 with value: 1.5082918405532837.
[I 2023-12-27 11:33:31,094] Trial 37 finished with value: 3.205125570297241 and parameters: {'gradient_clip_val': 0.34971950004947583, 'hidden_size': 17, 'dropout': 0.15144635390510366, 'hidden_continuous_size': 7, 'attention_head_size': 4, 'learning_rate': 0.042120215103579495}. Best is trial 0 with value: 1.5082918405532837.
[I 2023-12-27 11:33:31,483] Trial 38 finished with value: 3.2682301998138428 and parameters: {'gradient_clip_val': 0.2770676838083544, 'hidden_size': 7, 'dropout': 0.12511769917117077, 'hidden_continuous_size': 5, 'attention_head_size': 3, 'learning_rate': 0.004242947289031659}. Best is trial 0 with value: 1.5082918405532837.
[I 2023-12-27 11:33:31,875] Trial 39 finished with value: 3.111729860305786 and parameters: {'gradient_clip_val': 0.7892046737581858, 'hidden_size': 10, 'dropout': 0.2687188084379688, 'hidden_continuous_size': 6, 'attention_head_size': 1, 'learning_rate': 0.0032749912619862015}. Best is trial 0 with value: 1.5082918405532837.
[I 2023-12-27 11:33:32,498] Trial 40 finished with value: 3.231830358505249 and parameters: {'gradient_clip_val': 0.9823894327851826, 'hidden_size': 6, 'dropout': 0.4908812260877196, 'hidden_continuous_size': 5, 'attention_head_size': 3, 'learning_rate': 0.0007219550929275687}. Best is trial 0 with value: 1.5082918405532837.
[I 2023-12-27 11:33:32,894] Trial 41 finished with value: 2.8271291255950928 and parameters: {'gradient_clip_val': 0.15593963632229382, 'hidden_size': 6, 'dropout': 0.2037860668121778, 'hidden_continuous_size': 5, 'attention_head_size': 4, 'learning_rate': 0.0779694855333901}. Best is trial 0 with value: 1.5082918405532837.
[I 2023-12-27 11:33:33,245] Trial 42 finished with value: 3.101177930831909 and parameters: {'gradient_clip_val': 0.12579212781107996, 'hidden_size': 5, 'dropout': 0.17760096398461417, 'hidden_continuous_size': 5, 'attention_head_size': 3, 'learning_rate': 0.02441117641122546}. Best is trial 0 with value: 1.5082918405532837.
[I 2023-12-27 11:33:33,639] Trial 43 finished with value: 3.5134754180908203 and parameters: {'gradient_clip_val': 0.206390327988657, 'hidden_size': 8, 'dropout': 0.11850092041886241, 'hidden_continuous_size': 5, 'attention_head_size': 4, 'learning_rate': 0.015732388328872297}. Best is trial 0 with value: 1.5082918405532837.
[I 2023-12-27 11:33:34,016] Trial 44 finished with value: 3.2827179431915283 and parameters: {'gradient_clip_val': 0.25297477941158963, 'hidden_size': 16, 'dropout': 0.2979042892283693, 'hidden_continuous_size': 8, 'attention_head_size': 2, 'learning_rate': 0.00695805500702989}. Best is trial 0 with value: 1.5082918405532837.
[I 2023-12-27 11:33:34,414] Trial 45 finished with value: 4.000794887542725 and parameters: {'gradient_clip_val': 0.3229297035722931, 'hidden_size': 22, 'dropout': 0.11476674993311785, 'hidden_continuous_size': 10, 'attention_head_size': 2, 'learning_rate': 0.03766025746523422}. Best is trial 0 with value: 1.5082918405532837.
[I 2023-12-27 11:33:34,818] Trial 46 finished with value: 3.233595132827759 and parameters: {'gradient_clip_val': 0.21080227051632844, 'hidden_size': 11, 'dropout': 0.16375701238385923, 'hidden_continuous_size': 6, 'attention_head_size': 3, 'learning_rate': 0.010923559641264156}. Best is trial 0 with value: 1.5082918405532837.
[I 2023-12-27 11:33:35,212] Trial 47 finished with value: 3.4647140502929688 and parameters: {'gradient_clip_val': 0.38517248814891, 'hidden_size': 9, 'dropout': 0.13450311554304448, 'hidden_continuous_size': 5, 'attention_head_size': 4, 'learning_rate': 0.0006256241874567736}. Best is trial 0 with value: 1.5082918405532837.
[I 2023-12-27 11:33:35,605] Trial 48 finished with value: 3.971024513244629 and parameters: {'gradient_clip_val': 0.2930793949905379, 'hidden_size': 15, 'dropout': 0.1842179368027249, 'hidden_continuous_size': 7, 'attention_head_size': 2, 'learning_rate': 0.0009982619316183379}. Best is trial 0 with value: 1.5082918405532837.
[I 2023-12-27 11:33:35,993] Trial 49 finished with value: 3.503469705581665 and parameters: {'gradient_clip_val': 0.17770602189523174, 'hidden_size': 19, 'dropout': 0.10202359642686294, 'hidden_continuous_size': 6, 'attention_head_size': 3, 'learning_rate': 0.00806921917471001}. Best is trial 0 with value: 1.5082918405532837.
[I 2023-12-27 11:33:36,107] A new study created in memory with name: no-name-33624847-5c7e-40c7-a611-0e9ceef85929
/home/le004/conda/anaconda3/envs/tsff_env/lib/python3.9/site-packages/lightning/fabric/plugins/environments/slurm.py:191: The `srun` command is available on your system but is not used. HINT: If your intention is to run Lightning on SLURM, prepend your python command with `srun` like so: srun python /home/le004/master_thesis/git/TSFusionForecast/code/ ...
[I 2023-12-27 11:34:08,805] Trial 0 finished with value: 1.0938607454299927 and parameters: {'gradient_clip_val': 0.256752793652976, 'hidden_size': 11, 'dropout': 0.1036150412292411, 'hidden_continuous_size': 7, 'attention_head_size': 4, 'learning_rate': 0.004279845049999915}. Best is trial 0 with value: 1.0938607454299927.
[I 2023-12-27 11:34:42,651] Trial 1 finished with value: 0.07418578863143921 and parameters: {'gradient_clip_val': 0.18953289444942778, 'hidden_size': 34, 'dropout': 0.3786832928755375, 'hidden_continuous_size': 6, 'attention_head_size': 1, 'learning_rate': 0.0392286899070669}. Best is trial 1 with value: 0.07418578863143921.
[I 2023-12-27 11:34:52,855] Trial 2 finished with value: 2.7711288928985596 and parameters: {'gradient_clip_val': 0.31752430978276325, 'hidden_size': 13, 'dropout': 0.2790234033379658, 'hidden_continuous_size': 5, 'attention_head_size': 1, 'learning_rate': 0.003302424461313223}. Best is trial 1 with value: 0.07418578863143921.
[I 2023-12-27 11:34:53,210] Trial 3 finished with value: 3.0553581714630127 and parameters: {'gradient_clip_val': 0.15915073143885733, 'hidden_size': 14, 'dropout': 0.23435642526506048, 'hidden_continuous_size': 6, 'attention_head_size': 2, 'learning_rate': 0.02130800250800162}. Best is trial 1 with value: 0.07418578863143921.
[I 2023-12-27 11:34:53,688] Trial 4 finished with value: 3.0164554119110107 and parameters: {'gradient_clip_val': 0.37523068651824887, 'hidden_size': 98, 'dropout': 0.20712732282147717, 'hidden_continuous_size': 20, 'attention_head_size': 3, 'learning_rate': 0.008550716874776293}. Best is trial 1 with value: 0.07418578863143921.
[I 2023-12-27 11:34:54,092] Trial 5 finished with value: 3.9030351638793945 and parameters: {'gradient_clip_val': 0.3550271809337669, 'hidden_size': 50, 'dropout': 0.38253053362874934, 'hidden_continuous_size': 25, 'attention_head_size': 4, 'learning_rate': 0.006859967491664803}. Best is trial 1 with value: 0.07418578863143921.
