[I 2023-12-27 10:54:58,504] Trial 29 finished with value: 3.0516910552978516 and parameters: {'gradient_clip_val': 0.5094947164756117, 'hidden_size': 25, 'dropout': 0.4259110784997838, 'hidden_continuous_size': 12, 'attention_head_size': 1, 'learning_rate': 0.011224415630478001}. Best is trial 0 with value: 0.16013233363628387.
[I 2023-12-27 10:54:58,882] Trial 30 finished with value: 3.233929395675659 and parameters: {'gradient_clip_val': 0.6197180654998774, 'hidden_size': 18, 'dropout': 0.4662845136474438, 'hidden_continuous_size': 8, 'attention_head_size': 1, 'learning_rate': 0.010243272054478059}. Best is trial 0 with value: 0.16013233363628387.
[I 2023-12-27 10:54:59,283] Trial 31 finished with value: 3.646613836288452 and parameters: {'gradient_clip_val': 0.3051830391679482, 'hidden_size': 29, 'dropout': 0.4411519785578629, 'hidden_continuous_size': 14, 'attention_head_size': 1, 'learning_rate': 0.004416051574904266}. Best is trial 0 with value: 0.16013233363628387.
[I 2023-12-27 10:54:59,894] Trial 32 finished with value: 3.3071060180664062 and parameters: {'gradient_clip_val': 0.23703233698603618, 'hidden_size': 14, 'dropout': 0.3966187874643414, 'hidden_continuous_size': 8, 'attention_head_size': 1, 'learning_rate': 0.0033441316351951974}. Best is trial 0 with value: 0.16013233363628387.
[I 2023-12-27 10:55:00,270] Trial 33 finished with value: 3.417466402053833 and parameters: {'gradient_clip_val': 0.28071666177205035, 'hidden_size': 20, 'dropout': 0.42737778374109, 'hidden_continuous_size': 12, 'attention_head_size': 1, 'learning_rate': 0.00814560291151311}. Best is trial 0 with value: 0.16013233363628387.
[I 2023-12-27 10:55:00,674] Trial 34 finished with value: 2.8697359561920166 and parameters: {'gradient_clip_val': 0.24629104861061699, 'hidden_size': 40, 'dropout': 0.3984619005643184, 'hidden_continuous_size': 17, 'attention_head_size': 1, 'learning_rate': 0.011977868817679784}. Best is trial 0 with value: 0.16013233363628387.
[I 2023-12-27 10:55:01,111] Trial 35 finished with value: 2.825453758239746 and parameters: {'gradient_clip_val': 0.3355757223310573, 'hidden_size': 57, 'dropout': 0.37060309576575384, 'hidden_continuous_size': 20, 'attention_head_size': 2, 'learning_rate': 0.005789187954451434}. Best is trial 0 with value: 0.16013233363628387.
[I 2023-12-27 10:55:01,494] Trial 36 finished with value: 3.5347378253936768 and parameters: {'gradient_clip_val': 0.2811096818609583, 'hidden_size': 13, 'dropout': 0.474297789771402, 'hidden_continuous_size': 9, 'attention_head_size': 2, 'learning_rate': 0.04821300681879654}. Best is trial 0 with value: 0.16013233363628387.
[I 2023-12-27 10:55:01,936] Trial 37 finished with value: 2.7572433948516846 and parameters: {'gradient_clip_val': 0.3903594057913139, 'hidden_size': 66, 'dropout': 0.43724665594098266, 'hidden_continuous_size': 24, 'attention_head_size': 1, 'learning_rate': 0.016685413470613218}. Best is trial 0 with value: 0.16013233363628387.
[I 2023-12-27 10:55:02,330] Trial 38 finished with value: 2.5789408683776855 and parameters: {'gradient_clip_val': 0.3196429859686622, 'hidden_size': 6, 'dropout': 0.4971366546445951, 'hidden_continuous_size': 5, 'attention_head_size': 4, 'learning_rate': 0.0018275672242240061}. Best is trial 0 with value: 0.16013233363628387.
[I 2023-12-27 10:55:02,726] Trial 39 finished with value: 3.1925013065338135 and parameters: {'gradient_clip_val': 0.7429874681591189, 'hidden_size': 18, 'dropout': 0.39738293457799395, 'hidden_continuous_size': 13, 'attention_head_size': 1, 'learning_rate': 0.00905919461586631}. Best is trial 0 with value: 0.16013233363628387.
[I 2023-12-27 10:55:03,123] Trial 40 finished with value: 3.333529472351074 and parameters: {'gradient_clip_val': 0.4504652943213842, 'hidden_size': 11, 'dropout': 0.3576734002265643, 'hidden_continuous_size': 6, 'attention_head_size': 3, 'learning_rate': 0.024395836775718948}. Best is trial 0 with value: 0.16013233363628387.
[I 2023-12-27 10:55:03,505] Trial 41 finished with value: 2.735959768295288 and parameters: {'gradient_clip_val': 0.1745835828767457, 'hidden_size': 20, 'dropout': 0.46034673100407075, 'hidden_continuous_size': 11, 'attention_head_size': 1, 'learning_rate': 0.054064663956202276}. Best is trial 0 with value: 0.16013233363628387.
[I 2023-12-27 10:55:03,914] Trial 42 finished with value: 3.2800676822662354 and parameters: {'gradient_clip_val': 0.15268231519587225, 'hidden_size': 23, 'dropout': 0.4453615585465751, 'hidden_continuous_size': 11, 'attention_head_size': 1, 'learning_rate': 0.03309839353384889}. Best is trial 0 with value: 0.16013233363628387.
[I 2023-12-27 10:55:04,299] Trial 43 finished with value: 3.233036756515503 and parameters: {'gradient_clip_val': 0.2207330275970315, 'hidden_size': 12, 'dropout': 0.47666841121381454, 'hidden_continuous_size': 11, 'attention_head_size': 1, 'learning_rate': 0.07395749995615641}. Best is trial 0 with value: 0.16013233363628387.
[I 2023-12-27 10:55:04,666] Trial 44 finished with value: 2.894864320755005 and parameters: {'gradient_clip_val': 0.1906124220764144, 'hidden_size': 16, 'dropout': 0.4129987691380701, 'hidden_continuous_size': 13, 'attention_head_size': 2, 'learning_rate': 0.04189679710898322}. Best is trial 0 with value: 0.16013233363628387.
[I 2023-12-27 10:55:05,317] Trial 45 finished with value: 3.400294303894043 and parameters: {'gradient_clip_val': 0.14240289592140004, 'hidden_size': 10, 'dropout': 0.3863438369733396, 'hidden_continuous_size': 7, 'attention_head_size': 2, 'learning_rate': 0.09941936707950493}. Best is trial 0 with value: 0.16013233363628387.
[I 2023-12-27 10:55:05,704] Trial 46 finished with value: 2.990798234939575 and parameters: {'gradient_clip_val': 0.24165714817321715, 'hidden_size': 14, 'dropout': 0.4439175266030628, 'hidden_continuous_size': 12, 'attention_head_size': 1, 'learning_rate': 0.015908843617269304}. Best is trial 0 with value: 0.16013233363628387.
[I 2023-12-27 10:55:06,180] Trial 47 finished with value: 3.899081230163574 and parameters: {'gradient_clip_val': 0.1948171261767139, 'hidden_size': 76, 'dropout': 0.4892304395667335, 'hidden_continuous_size': 16, 'attention_head_size': 2, 'learning_rate': 0.03717582795487917}. Best is trial 0 with value: 0.16013233363628387.
[I 2023-12-27 10:55:06,586] Trial 48 finished with value: 3.3685271739959717 and parameters: {'gradient_clip_val': 0.21676261177356107, 'hidden_size': 27, 'dropout': 0.3192081249835316, 'hidden_continuous_size': 15, 'attention_head_size': 2, 'learning_rate': 0.06721998907546452}. Best is trial 0 with value: 0.16013233363628387.
[I 2023-12-27 10:55:06,965] Trial 49 finished with value: 2.488304853439331 and parameters: {'gradient_clip_val': 0.169268143129678, 'hidden_size': 9, 'dropout': 0.4606489836607112, 'hidden_continuous_size': 6, 'attention_head_size': 4, 'learning_rate': 0.03949086736660256}. Best is trial 0 with value: 0.16013233363628387.
[I 2023-12-27 10:55:07,078] A new study created in memory with name: no-name-04889fbf-f1eb-47b2-aba0-5a85c89277f7
/home/le004/conda/anaconda3/envs/tsff_env/lib/python3.9/site-packages/lightning/fabric/plugins/environments/slurm.py:191: The `srun` command is available on your system but is not used. HINT: If your intention is to run Lightning on SLURM, prepend your python command with `srun` like so: srun python /home/le004/master_thesis/git/TSFusionForecast/code/ ...
[I 2023-12-27 10:55:45,733] Trial 0 finished with value: 0.43297079205513 and parameters: {'gradient_clip_val': 0.20833179864842763, 'hidden_size': 53, 'dropout': 0.30481014713430177, 'hidden_continuous_size': 7, 'attention_head_size': 4, 'learning_rate': 0.00114784902691789}. Best is trial 0 with value: 0.43297079205513.
[I 2023-12-27 10:55:56,269] Trial 1 finished with value: 0.9472691416740417 and parameters: {'gradient_clip_val': 0.5801695665053723, 'hidden_size': 19, 'dropout': 0.318593990964788, 'hidden_continuous_size': 16, 'attention_head_size': 2, 'learning_rate': 0.0064100979006906506}. Best is trial 0 with value: 0.43297079205513.
[I 2023-12-27 10:55:56,619] Trial 2 finished with value: 2.837156057357788 and parameters: {'gradient_clip_val': 0.5965772895082976, 'hidden_size': 7, 'dropout': 0.26737102496648496, 'hidden_continuous_size': 5, 'attention_head_size': 3, 'learning_rate': 0.0019922703370010134}. Best is trial 0 with value: 0.43297079205513.
[I 2023-12-27 10:55:56,968] Trial 3 finished with value: 4.274206638336182 and parameters: {'gradient_clip_val': 0.48660129149562165, 'hidden_size': 15, 'dropout': 0.25499931509855456, 'hidden_continuous_size': 5, 'attention_head_size': 1, 'learning_rate': 0.001919910658237928}. Best is trial 0 with value: 0.43297079205513.
[I 2023-12-27 10:55:57,317] Trial 4 finished with value: 2.8538010120391846 and parameters: {'gradient_clip_val': 0.18133593145654933, 'hidden_size': 20, 'dropout': 0.1335554716324011, 'hidden_continuous_size': 11, 'attention_head_size': 2, 'learning_rate': 0.003938612258707595}. Best is trial 0 with value: 0.43297079205513.
[I 2023-12-27 10:55:58,086] Trial 5 finished with value: 3.036107301712036 and parameters: {'gradient_clip_val': 0.46298340102048213, 'hidden_size': 125, 'dropout': 0.41074903825204334, 'hidden_continuous_size': 112, 'attention_head_size': 1, 'learning_rate': 0.0006916275992172715}. Best is trial 0 with value: 0.43297079205513.
[I 2023-12-27 10:55:58,411] Trial 6 finished with value: 3.8635408878326416 and parameters: {'gradient_clip_val': 0.13451209736641018, 'hidden_size': 7, 'dropout': 0.49364842173338197, 'hidden_continuous_size': 7, 'attention_head_size': 2, 'learning_rate': 0.0016167363674116123}. Best is trial 0 with value: 0.43297079205513.
[I 2023-12-27 10:55:58,795] Trial 7 finished with value: 3.3473265171051025 and parameters: {'gradient_clip_val': 0.5341738498370137, 'hidden_size': 40, 'dropout': 0.33889104254576863, 'hidden_continuous_size': 9, 'attention_head_size': 3, 'learning_rate': 0.04821743887352701}. Best is trial 0 with value: 0.43297079205513.
[I 2023-12-27 10:55:59,112] Trial 8 finished with value: 2.495250701904297 and parameters: {'gradient_clip_val': 0.5918608390441376, 'hidden_size': 5, 'dropout': 0.3489228845459614, 'hidden_continuous_size': 5, 'attention_head_size': 4, 'learning_rate': 0.0503633548580602}. Best is trial 0 with value: 0.43297079205513.
[I 2023-12-27 10:55:59,684] Trial 9 finished with value: 3.1854331493377686 and parameters: {'gradient_clip_val': 0.7730989313929817, 'hidden_size': 121, 'dropout': 0.3275876960548152, 'hidden_continuous_size': 120, 'attention_head_size': 2, 'learning_rate': 0.000501189279550608}. Best is trial 0 with value: 0.43297079205513.
[I 2023-12-27 10:56:00,099] Trial 10 finished with value: 3.4430341720581055 and parameters: {'gradient_clip_val': 0.24815058140796498, 'hidden_size': 49, 'dropout': 0.19660267776069906, 'hidden_continuous_size': 16, 'attention_head_size': 4, 'learning_rate': 0.017047267996856772}. Best is trial 0 with value: 0.43297079205513.
[I 2023-12-27 10:56:00,505] Trial 11 finished with value: 2.2078986167907715 and parameters: {'gradient_clip_val': 0.3066303612920396, 'hidden_size': 39, 'dropout': 0.2407308312544163, 'hidden_continuous_size': 15, 'attention_head_size': 3, 'learning_rate': 0.008123467467214191}. Best is trial 0 with value: 0.43297079205513.
[I 2023-12-27 10:56:00,886] Trial 12 finished with value: 2.2553725242614746 and parameters: {'gradient_clip_val': 0.3369323989290594, 'hidden_size': 14, 'dropout': 0.3850835517048532, 'hidden_continuous_size': 7, 'attention_head_size': 4, 'learning_rate': 0.007112338824374871}. Best is trial 0 with value: 0.43297079205513.
[I 2023-12-27 10:56:01,336] Trial 13 finished with value: 2.4476935863494873 and parameters: {'gradient_clip_val': 0.9748817193740524, 'hidden_size': 71, 'dropout': 0.29306121044139877, 'hidden_continuous_size': 25, 'attention_head_size': 2, 'learning_rate': 0.015259668593146527}. Best is trial 0 with value: 0.43297079205513.
[I 2023-12-27 10:56:01,718] Trial 14 finished with value: 2.779484510421753 and parameters: {'gradient_clip_val': 0.11005024120107164, 'hidden_size': 26, 'dropout': 0.20699615187887893, 'hidden_continuous_size': 7, 'attention_head_size': 3, 'learning_rate': 0.0010343565416234021}. Best is trial 0 with value: 0.43297079205513.
[I 2023-12-27 10:56:02,105] Trial 15 finished with value: 4.665435791015625 and parameters: {'gradient_clip_val': 0.20130887708486858, 'hidden_size': 28, 'dropout': 0.307767685224429, 'hidden_continuous_size': 9, 'attention_head_size': 1, 'learning_rate': 0.004159738486349323}. Best is trial 0 with value: 0.43297079205513.
[I 2023-12-27 10:56:02,559] Trial 16 finished with value: 2.7540273666381836 and parameters: {'gradient_clip_val': 0.3845849369780599, 'hidden_size': 76, 'dropout': 0.3868790592981197, 'hidden_continuous_size': 23, 'attention_head_size': 4, 'learning_rate': 0.001069460845488846}. Best is trial 0 with value: 0.43297079205513.
[I 2023-12-27 10:56:02,931] Trial 17 finished with value: 2.9768383502960205 and parameters: {'gradient_clip_val': 0.2662940698215436, 'hidden_size': 14, 'dropout': 0.10012632433495022, 'hidden_continuous_size': 6, 'attention_head_size': 3, 'learning_rate': 0.002741475282083195}. Best is trial 0 with value: 0.43297079205513.
[I 2023-12-27 10:56:03,583] Trial 18 finished with value: 2.9043500423431396 and parameters: {'gradient_clip_val': 0.38867634949466656, 'hidden_size': 69, 'dropout': 0.2948489026137598, 'hidden_continuous_size': 12, 'attention_head_size': 2, 'learning_rate': 0.00359241615715015}. Best is trial 0 with value: 0.43297079205513.
[I 2023-12-27 10:56:03,968] Trial 19 finished with value: 3.2596662044525146 and parameters: {'gradient_clip_val': 0.17281064066530372, 'hidden_size': 28, 'dropout': 0.22994085681046517, 'hidden_continuous_size': 9, 'attention_head_size': 1, 'learning_rate': 0.0011479358634796841}. Best is trial 0 with value: 0.43297079205513.
[I 2023-12-27 10:56:04,393] Trial 20 finished with value: 2.3070170879364014 and parameters: {'gradient_clip_val': 0.23822188656793752, 'hidden_size': 52, 'dropout': 0.1835425611329376, 'hidden_continuous_size': 18, 'attention_head_size': 4, 'learning_rate': 0.09628734378167662}. Best is trial 0 with value: 0.43297079205513.
[I 2023-12-27 10:56:04,807] Trial 21 finished with value: 2.8459198474884033 and parameters: {'gradient_clip_val': 0.30948273131062615, 'hidden_size': 38, 'dropout': 0.26028947403418723, 'hidden_continuous_size': 15, 'attention_head_size': 3, 'learning_rate': 0.007345641623647939}. Best is trial 0 with value: 0.43297079205513.
[I 2023-12-27 10:56:05,204] Trial 22 finished with value: 3.154280662536621 and parameters: {'gradient_clip_val': 0.30319543790827336, 'hidden_size': 33, 'dropout': 0.2281359774705067, 'hidden_continuous_size': 14, 'attention_head_size': 3, 'learning_rate': 0.00913130566229873}. Best is trial 0 with value: 0.43297079205513.
[I 2023-12-27 10:56:05,592] Trial 23 finished with value: 3.520138740539551 and parameters: {'gradient_clip_val': 0.399776600632501, 'hidden_size': 21, 'dropout': 0.2712219645496865, 'hidden_continuous_size': 12, 'attention_head_size': 2, 'learning_rate': 0.005673687315436406}. Best is trial 0 with value: 0.43297079205513.
[I 2023-12-27 10:56:05,996] Trial 24 finished with value: 3.807133674621582 and parameters: {'gradient_clip_val': 0.2177770039809825, 'hidden_size': 48, 'dropout': 0.3211645862687209, 'hidden_continuous_size': 18, 'attention_head_size': 4, 'learning_rate': 0.010865074745508097}. Best is trial 0 with value: 0.43297079205513.
[I 2023-12-27 10:56:06,474] Trial 25 finished with value: 2.758253335952759 and parameters: {'gradient_clip_val': 0.27872891764869895, 'hidden_size': 91, 'dropout': 0.172122508034629, 'hidden_continuous_size': 27, 'attention_head_size': 3, 'learning_rate': 0.0024121955332295658}. Best is trial 0 with value: 0.43297079205513.
[I 2023-12-27 10:56:06,896] Trial 26 finished with value: 3.388737678527832 and parameters: {'gradient_clip_val': 0.2065490357680857, 'hidden_size': 57, 'dropout': 0.23658943272503177, 'hidden_continuous_size': 20, 'attention_head_size': 2, 'learning_rate': 0.005894596674503605}. Best is trial 0 with value: 0.43297079205513.
[I 2023-12-27 10:56:07,291] Trial 27 finished with value: 3.379136800765991 and parameters: {'gradient_clip_val': 0.32804044620117895, 'hidden_size': 40, 'dropout': 0.28769345308939975, 'hidden_continuous_size': 13, 'attention_head_size': 3, 'learning_rate': 0.013123981163543503}. Best is trial 0 with value: 0.43297079205513.
[I 2023-12-27 10:56:07,877] Trial 28 finished with value: 3.420271635055542 and parameters: {'gradient_clip_val': 0.26634922474425143, 'hidden_size': 147, 'dropout': 0.3569533797284923, 'hidden_continuous_size': 31, 'attention_head_size': 4, 'learning_rate': 0.01978965400026517}. Best is trial 0 with value: 0.43297079205513.
[I 2023-12-27 10:56:08,274] Trial 29 finished with value: 2.931877851486206 and parameters: {'gradient_clip_val': 0.16281438057036884, 'hidden_size': 34, 'dropout': 0.2653851697026022, 'hidden_continuous_size': 10, 'attention_head_size': 3, 'learning_rate': 0.002879011947949324}. Best is trial 0 with value: 0.43297079205513.
[I 2023-12-27 10:56:08,767] Trial 30 finished with value: 3.3696377277374268 and parameters: {'gradient_clip_val': 0.6985902691091125, 'hidden_size': 94, 'dropout': 0.29041005618914334, 'hidden_continuous_size': 35, 'attention_head_size': 3, 'learning_rate': 0.0014974519748889039}. Best is trial 0 with value: 0.43297079205513.
[I 2023-12-27 10:56:09,142] Trial 31 finished with value: 3.1878559589385986 and parameters: {'gradient_clip_val': 0.37818755773095225, 'hidden_size': 11, 'dropout': 0.3682394561241783, 'hidden_continuous_size': 6, 'attention_head_size': 4, 'learning_rate': 0.008014227660508804}. Best is trial 0 with value: 0.43297079205513.
[I 2023-12-27 10:56:09,756] Trial 32 finished with value: 3.355297088623047 and parameters: {'gradient_clip_val': 0.33220117445257324, 'hidden_size': 20, 'dropout': 0.3993806102895013, 'hidden_continuous_size': 8, 'attention_head_size': 4, 'learning_rate': 0.004950745181159524}. Best is trial 0 with value: 0.43297079205513.
[I 2023-12-27 10:56:10,149] Trial 33 finished with value: 2.7563724517822266 and parameters: {'gradient_clip_val': 0.49332212678607684, 'hidden_size': 13, 'dropout': 0.31742454737257014, 'hidden_continuous_size': 7, 'attention_head_size': 4, 'learning_rate': 0.006734878743105241}. Best is trial 0 with value: 0.43297079205513.
[I 2023-12-27 10:56:10,530] Trial 34 finished with value: 3.502509117126465 and parameters: {'gradient_clip_val': 0.2337260383962219, 'hidden_size': 17, 'dropout': 0.33542121818064596, 'hidden_continuous_size': 8, 'attention_head_size': 4, 'learning_rate': 0.0036576359926472624}. Best is trial 0 with value: 0.43297079205513.
[I 2023-12-27 10:56:10,916] Trial 35 finished with value: 3.124288558959961 and parameters: {'gradient_clip_val': 0.44416595166713085, 'hidden_size': 24, 'dropout': 0.37524836494504094, 'hidden_continuous_size': 5, 'attention_head_size': 1, 'learning_rate': 0.00244388417301066}. Best is trial 0 with value: 0.43297079205513.
[I 2023-12-27 10:56:11,298] Trial 36 finished with value: 3.81404185295105 and parameters: {'gradient_clip_val': 0.33613923945210245, 'hidden_size': 17, 'dropout': 0.4211052968869137, 'hidden_continuous_size': 10, 'attention_head_size': 2, 'learning_rate': 0.0019083738688088733}. Best is trial 0 with value: 0.43297079205513.
[I 2023-12-27 10:56:11,687] Trial 37 finished with value: 3.0188162326812744 and parameters: {'gradient_clip_val': 0.518131391066355, 'hidden_size': 11, 'dropout': 0.34685616253578805, 'hidden_continuous_size': 6, 'attention_head_size': 4, 'learning_rate': 0.010327745833863528}. Best is trial 0 with value: 0.43297079205513.
[I 2023-12-27 10:56:12,073] Trial 38 finished with value: 3.285688638687134 and parameters: {'gradient_clip_val': 0.4408361532803617, 'hidden_size': 22, 'dropout': 0.24385943169031293, 'hidden_continuous_size': 12, 'attention_head_size': 2, 'learning_rate': 0.005163044335728488}. Best is trial 0 with value: 0.43297079205513.
[I 2023-12-27 10:56:12,479] Trial 39 finished with value: 2.993851661682129 and parameters: {'gradient_clip_val': 0.19143548872792535, 'hidden_size': 29, 'dropout': 0.3123075393155688, 'hidden_continuous_size': 11, 'attention_head_size': 3, 'learning_rate': 0.007469057091585775}. Best is trial 0 with value: 0.43297079205513.
[I 2023-12-27 10:56:12,856] Trial 40 finished with value: 3.8720312118530273 and parameters: {'gradient_clip_val': 0.609643737482651, 'hidden_size': 9, 'dropout': 0.2730436222020736, 'hidden_continuous_size': 5, 'attention_head_size': 4, 'learning_rate': 0.0007332051635323605}. Best is trial 0 with value: 0.43297079205513.
[I 2023-12-27 10:56:13,287] Trial 41 finished with value: 3.6003236770629883 and parameters: {'gradient_clip_val': 0.23906605052169144, 'hidden_size': 46, 'dropout': 0.17189679569523642, 'hidden_continuous_size': 16, 'attention_head_size': 4, 'learning_rate': 0.02681760933511125}. Best is trial 0 with value: 0.43297079205513.
[I 2023-12-27 10:56:13,729] Trial 42 finished with value: 3.994492769241333 and parameters: {'gradient_clip_val': 0.22951845541722943, 'hidden_size': 54, 'dropout': 0.4268008974349756, 'hidden_continuous_size': 17, 'attention_head_size': 4, 'learning_rate': 0.09676142686776601}. Best is trial 0 with value: 0.43297079205513.
[I 2023-12-27 10:56:14,116] Trial 43 finished with value: 3.1062896251678467 and parameters: {'gradient_clip_val': 0.28110903457941944, 'hidden_size': 17, 'dropout': 0.2496067789788641, 'hidden_continuous_size': 14, 'attention_head_size': 4, 'learning_rate': 0.02573631439286483}. Best is trial 0 with value: 0.43297079205513.
