[I 2023-12-27 11:02:42,209] Trial 2 finished with value: 303.6097106933594 and parameters: {'gradient_clip_val': 0.26172295680961405, 'hidden_size': 78, 'dropout': 0.1774667995854658, 'hidden_continuous_size': 12, 'attention_head_size': 2, 'learning_rate': 0.001595218313251765}. Best is trial 0 with value: 135.145751953125.
[I 2023-12-27 11:02:42,745] Trial 3 finished with value: 370.7160339355469 and parameters: {'gradient_clip_val': 0.2645090080532606, 'hidden_size': 134, 'dropout': 0.17523926833710748, 'hidden_continuous_size': 22, 'attention_head_size': 4, 'learning_rate': 0.0007995110285231532}. Best is trial 0 with value: 135.145751953125.
[I 2023-12-27 11:02:43,102] Trial 4 finished with value: 429.239501953125 and parameters: {'gradient_clip_val': 0.16888760924245813, 'hidden_size': 25, 'dropout': 0.2611167371334403, 'hidden_continuous_size': 6, 'attention_head_size': 1, 'learning_rate': 0.03736622217344395}. Best is trial 0 with value: 135.145751953125.
[I 2023-12-27 11:02:43,451] Trial 5 finished with value: 412.0849609375 and parameters: {'gradient_clip_val': 0.10043418786792208, 'hidden_size': 16, 'dropout': 0.1453009924501263, 'hidden_continuous_size': 10, 'attention_head_size': 1, 'learning_rate': 0.002059139292979632}. Best is trial 0 with value: 135.145751953125.
[I 2023-12-27 11:02:43,887] Trial 6 finished with value: 395.8377685546875 and parameters: {'gradient_clip_val': 0.30434956815001657, 'hidden_size': 66, 'dropout': 0.33201996395931405, 'hidden_continuous_size': 61, 'attention_head_size': 3, 'learning_rate': 0.010090948060992913}. Best is trial 0 with value: 135.145751953125.
[I 2023-12-27 11:02:44,204] Trial 7 finished with value: 365.0838623046875 and parameters: {'gradient_clip_val': 0.16884743123941873, 'hidden_size': 5, 'dropout': 0.340794910563596, 'hidden_continuous_size': 5, 'attention_head_size': 3, 'learning_rate': 0.013782215446863437}. Best is trial 0 with value: 135.145751953125.
[I 2023-12-27 11:02:44,905] Trial 8 finished with value: 416.1124572753906 and parameters: {'gradient_clip_val': 0.18172618190396012, 'hidden_size': 99, 'dropout': 0.12895110352482206, 'hidden_continuous_size': 7, 'attention_head_size': 1, 'learning_rate': 0.019263173685414876}. Best is trial 0 with value: 135.145751953125.
[I 2023-12-27 11:02:45,282] Trial 9 finished with value: 388.4185791015625 and parameters: {'gradient_clip_val': 0.28291260721352973, 'hidden_size': 39, 'dropout': 0.43859963969070725, 'hidden_continuous_size': 8, 'attention_head_size': 1, 'learning_rate': 0.05950555542813253}. Best is trial 0 with value: 135.145751953125.
[I 2023-12-27 11:02:45,651] Trial 10 finished with value: 513.75439453125 and parameters: {'gradient_clip_val': 0.8910100366532867, 'hidden_size': 8, 'dropout': 0.38121995388051094, 'hidden_continuous_size': 5, 'attention_head_size': 2, 'learning_rate': 0.09966073004900453}. Best is trial 0 with value: 135.145751953125.
[I 2023-12-27 11:02:46,033] Trial 11 finished with value: 351.240478515625 and parameters: {'gradient_clip_val': 0.5463042893785474, 'hidden_size': 13, 'dropout': 0.24408751553823171, 'hidden_continuous_size': 5, 'attention_head_size': 2, 'learning_rate': 0.004284530844011918}. Best is trial 0 with value: 135.145751953125.
[I 2023-12-27 11:02:46,451] Trial 12 finished with value: 385.787841796875 and parameters: {'gradient_clip_val': 0.4519431410916556, 'hidden_size': 52, 'dropout': 0.22062184186130523, 'hidden_continuous_size': 11, 'attention_head_size': 2, 'learning_rate': 0.004818203769475599}. Best is trial 0 with value: 135.145751953125.
[I 2023-12-27 11:02:46,836] Trial 13 finished with value: 317.5855407714844 and parameters: {'gradient_clip_val': 0.51579846030473, 'hidden_size': 21, 'dropout': 0.10310299609790585, 'hidden_continuous_size': 8, 'attention_head_size': 2, 'learning_rate': 0.0005561702621464047}. Best is trial 0 with value: 135.145751953125.
[I 2023-12-27 11:02:47,216] Trial 14 finished with value: 263.4700012207031 and parameters: {'gradient_clip_val': 0.4018215607776451, 'hidden_size': 10, 'dropout': 0.20722143826562517, 'hidden_continuous_size': 5, 'attention_head_size': 1, 'learning_rate': 0.001975851763442159}. Best is trial 0 with value: 135.145751953125.
[I 2023-12-27 11:02:47,590] Trial 15 finished with value: 446.8949890136719 and parameters: {'gradient_clip_val': 0.9962053442891049, 'hidden_size': 9, 'dropout': 0.2773542691463629, 'hidden_continuous_size': 5, 'attention_head_size': 1, 'learning_rate': 0.008318604545375058}. Best is trial 0 with value: 135.145751953125.
[I 2023-12-27 11:02:47,936] Trial 16 finished with value: 461.5921325683594 and parameters: {'gradient_clip_val': 0.6814086709453527, 'hidden_size': 5, 'dropout': 0.3074468504469747, 'hidden_continuous_size': 5, 'attention_head_size': 4, 'learning_rate': 0.004975621243090801}. Best is trial 0 with value: 135.145751953125.
[I 2023-12-27 11:02:48,308] Trial 17 finished with value: 428.8233337402344 and parameters: {'gradient_clip_val': 0.41875257453967185, 'hidden_size': 11, 'dropout': 0.22827178292302183, 'hidden_continuous_size': 6, 'attention_head_size': 1, 'learning_rate': 0.018752294232178817}. Best is trial 0 with value: 135.145751953125.
[I 2023-12-27 11:02:48,676] Trial 18 finished with value: 349.3558654785156 and parameters: {'gradient_clip_val': 0.671925184151543, 'hidden_size': 18, 'dropout': 0.39222392363135344, 'hidden_continuous_size': 6, 'attention_head_size': 1, 'learning_rate': 0.0030644818876232353}. Best is trial 0 with value: 135.145751953125.
[I 2023-12-27 11:02:49,043] Trial 19 finished with value: 367.1812438964844 and parameters: {'gradient_clip_val': 0.3861745692518396, 'hidden_size': 7, 'dropout': 0.20472360636790657, 'hidden_continuous_size': 5, 'attention_head_size': 2, 'learning_rate': 0.00895699136184033}. Best is trial 0 with value: 135.145751953125.
[I 2023-12-27 11:02:49,419] Trial 20 finished with value: 305.35040283203125 and parameters: {'gradient_clip_val': 0.5592080107597063, 'hidden_size': 13, 'dropout': 0.285171406250548, 'hidden_continuous_size': 6, 'attention_head_size': 1, 'learning_rate': 0.0016250316019296065}. Best is trial 0 with value: 135.145751953125.
[I 2023-12-27 11:02:50,034] Trial 21 finished with value: 368.7745666503906 and parameters: {'gradient_clip_val': 0.35373306776926117, 'hidden_size': 30, 'dropout': 0.1826912113447557, 'hidden_continuous_size': 9, 'attention_head_size': 2, 'learning_rate': 0.0014323925800582464}. Best is trial 0 with value: 135.145751953125.
[I 2023-12-27 11:02:50,416] Trial 22 finished with value: 410.4136657714844 and parameters: {'gradient_clip_val': 0.7852261283262547, 'hidden_size': 22, 'dropout': 0.18844032968125074, 'hidden_continuous_size': 7, 'attention_head_size': 2, 'learning_rate': 0.0009976102452612678}. Best is trial 0 with value: 135.145751953125.
[I 2023-12-27 11:02:50,775] Trial 23 finished with value: 375.1815490722656 and parameters: {'gradient_clip_val': 0.6331954749593287, 'hidden_size': 16, 'dropout': 0.25933744073567355, 'hidden_continuous_size': 6, 'attention_head_size': 1, 'learning_rate': 0.0025187974894928192}. Best is trial 0 with value: 135.145751953125.
[I 2023-12-27 11:02:51,153] Trial 24 finished with value: 353.7483825683594 and parameters: {'gradient_clip_val': 0.4774728907640834, 'hidden_size': 10, 'dropout': 0.15804035342574071, 'hidden_continuous_size': 5, 'attention_head_size': 3, 'learning_rate': 0.0012450158546597617}. Best is trial 0 with value: 135.145751953125.
[I 2023-12-27 11:02:51,525] Trial 25 finished with value: 444.0218505859375 and parameters: {'gradient_clip_val': 0.334499359199012, 'hidden_size': 7, 'dropout': 0.23682264490919686, 'hidden_continuous_size': 5, 'attention_head_size': 2, 'learning_rate': 0.003160016455401925}. Best is trial 0 with value: 135.145751953125.
[I 2023-12-27 11:02:51,926] Trial 26 finished with value: 400.9534912109375 and parameters: {'gradient_clip_val': 0.3844155604649118, 'hidden_size': 27, 'dropout': 0.21177986221945347, 'hidden_continuous_size': 11, 'attention_head_size': 1, 'learning_rate': 0.00219515415427995}. Best is trial 0 with value: 135.145751953125.
[I 2023-12-27 11:02:52,385] Trial 27 finished with value: 496.113525390625 and parameters: {'gradient_clip_val': 0.6016358443188543, 'hidden_size': 71, 'dropout': 0.16326389658818727, 'hidden_continuous_size': 13, 'attention_head_size': 1, 'learning_rate': 0.006913416316249464}. Best is trial 0 with value: 135.145751953125.
[I 2023-12-27 11:02:52,984] Trial 28 finished with value: 484.3453674316406 and parameters: {'gradient_clip_val': 0.8374652102456766, 'hidden_size': 148, 'dropout': 0.13386987750943208, 'hidden_continuous_size': 14, 'attention_head_size': 2, 'learning_rate': 0.0007423102127097255}. Best is trial 0 with value: 135.145751953125.
[I 2023-12-27 11:02:53,395] Trial 29 finished with value: 350.5279541015625 and parameters: {'gradient_clip_val': 0.7038899664681146, 'hidden_size': 37, 'dropout': 0.4948624429001981, 'hidden_continuous_size': 17, 'attention_head_size': 3, 'learning_rate': 0.0015975479714311208}. Best is trial 0 with value: 135.145751953125.
[I 2023-12-27 11:02:53,763] Trial 30 finished with value: 399.3612976074219 and parameters: {'gradient_clip_val': 0.46116060682455956, 'hidden_size': 12, 'dropout': 0.19517808345103338, 'hidden_continuous_size': 7, 'attention_head_size': 1, 'learning_rate': 0.0005702612563978171}. Best is trial 0 with value: 135.145751953125.
[I 2023-12-27 11:02:54,144] Trial 31 finished with value: 388.7129211425781 and parameters: {'gradient_clip_val': 0.5502615260212175, 'hidden_size': 14, 'dropout': 0.29084127871267207, 'hidden_continuous_size': 6, 'attention_head_size': 1, 'learning_rate': 0.0017283043661954296}. Best is trial 0 with value: 135.145751953125.
[I 2023-12-27 11:02:54,509] Trial 32 finished with value: 372.097900390625 and parameters: {'gradient_clip_val': 0.8264108406771916, 'hidden_size': 11, 'dropout': 0.2646744212813427, 'hidden_continuous_size': 6, 'attention_head_size': 1, 'learning_rate': 0.0010444715405429801}. Best is trial 0 with value: 135.145751953125.
[I 2023-12-27 11:02:54,895] Trial 33 finished with value: 383.7894287109375 and parameters: {'gradient_clip_val': 0.615821227258207, 'hidden_size': 14, 'dropout': 0.24125309991100372, 'hidden_continuous_size': 7, 'attention_head_size': 4, 'learning_rate': 0.0016226554687173733}. Best is trial 0 with value: 135.145751953125.
[I 2023-12-27 11:02:55,499] Trial 34 finished with value: 302.1029357910156 and parameters: {'gradient_clip_val': 0.737438658280147, 'hidden_size': 20, 'dropout': 0.29484732880915443, 'hidden_continuous_size': 6, 'attention_head_size': 1, 'learning_rate': 0.0025513314709487618}. Best is trial 0 with value: 135.145751953125.
[I 2023-12-27 11:02:55,876] Trial 35 finished with value: 378.9050598144531 and parameters: {'gradient_clip_val': 0.9667391397511396, 'hidden_size': 18, 'dropout': 0.16933123578188047, 'hidden_continuous_size': 9, 'attention_head_size': 1, 'learning_rate': 0.003562128146619468}. Best is trial 0 with value: 135.145751953125.
[I 2023-12-27 11:02:56,276] Trial 36 finished with value: 398.6897277832031 and parameters: {'gradient_clip_val': 0.7527884636804825, 'hidden_size': 23, 'dropout': 0.31422072167885406, 'hidden_continuous_size': 8, 'attention_head_size': 2, 'learning_rate': 0.0026079200314489625}. Best is trial 0 with value: 135.145751953125.
[I 2023-12-27 11:02:56,790] Trial 37 finished with value: 344.2652282714844 and parameters: {'gradient_clip_val': 0.23998768685862407, 'hidden_size': 116, 'dropout': 0.20667819009597418, 'hidden_continuous_size': 17, 'attention_head_size': 1, 'learning_rate': 0.0022367328918022466}. Best is trial 0 with value: 135.145751953125.
[I 2023-12-27 11:02:57,206] Trial 38 finished with value: 584.1265869140625 and parameters: {'gradient_clip_val': 0.7421464155086244, 'hidden_size': 48, 'dropout': 0.3407574169100225, 'hidden_continuous_size': 22, 'attention_head_size': 1, 'learning_rate': 0.031122370067840858}. Best is trial 0 with value: 135.145751953125.
[I 2023-12-27 11:02:57,619] Trial 39 finished with value: 439.3641052246094 and parameters: {'gradient_clip_val': 0.25937464045066544, 'hidden_size': 29, 'dropout': 0.36373810659669703, 'hidden_continuous_size': 9, 'attention_head_size': 3, 'learning_rate': 0.0010728945670189503}. Best is trial 0 with value: 135.145751953125.
[I 2023-12-27 11:02:58,012] Trial 40 finished with value: 439.8300476074219 and parameters: {'gradient_clip_val': 0.8978670373166329, 'hidden_size': 9, 'dropout': 0.29654881415306, 'hidden_continuous_size': 5, 'attention_head_size': 1, 'learning_rate': 0.013634568987656127}. Best is trial 0 with value: 135.145751953125.
[I 2023-12-27 11:02:58,380] Trial 41 finished with value: 294.9031677246094 and parameters: {'gradient_clip_val': 0.5644025189998316, 'hidden_size': 16, 'dropout': 0.31907617887103235, 'hidden_continuous_size': 6, 'attention_head_size': 1, 'learning_rate': 0.0019067846551973384}. Best is trial 0 with value: 135.145751953125.
[I 2023-12-27 11:02:58,767] Trial 42 finished with value: 394.0850524902344 and parameters: {'gradient_clip_val': 0.5000322791469708, 'hidden_size': 19, 'dropout': 0.32120785594242934, 'hidden_continuous_size': 6, 'attention_head_size': 1, 'learning_rate': 0.0019546683008916073}. Best is trial 0 with value: 135.145751953125.
[I 2023-12-27 11:02:59,140] Trial 43 finished with value: 375.2598571777344 and parameters: {'gradient_clip_val': 0.5946085382938038, 'hidden_size': 16, 'dropout': 0.33265218100999655, 'hidden_continuous_size': 7, 'attention_head_size': 1, 'learning_rate': 0.0038542262361131096}. Best is trial 0 with value: 135.145751953125.
[I 2023-12-27 11:02:59,547] Trial 44 finished with value: 239.75086975097656 and parameters: {'gradient_clip_val': 0.304244813106006, 'hidden_size': 26, 'dropout': 0.26446056695522707, 'hidden_continuous_size': 10, 'attention_head_size': 1, 'learning_rate': 0.0058068167362356465}. Best is trial 0 with value: 135.145751953125.
[I 2023-12-27 11:02:59,929] Trial 45 finished with value: 389.8877868652344 and parameters: {'gradient_clip_val': 0.6693327288102825, 'hidden_size': 24, 'dropout': 0.2712707997760658, 'hidden_continuous_size': 12, 'attention_head_size': 1, 'learning_rate': 0.006411374662209749}. Best is trial 0 with value: 135.145751953125.
[I 2023-12-27 11:03:00,308] Trial 46 finished with value: 399.6445007324219 and parameters: {'gradient_clip_val': 0.304552575030534, 'hidden_size': 20, 'dropout': 0.2970440397246158, 'hidden_continuous_size': 10, 'attention_head_size': 1, 'learning_rate': 0.005119528763476544}. Best is trial 0 with value: 135.145751953125.
[I 2023-12-27 11:03:00,918] Trial 47 finished with value: 441.424072265625 and parameters: {'gradient_clip_val': 0.5175746686730808, 'hidden_size': 15, 'dropout': 0.2541720155511238, 'hidden_continuous_size': 5, 'attention_head_size': 1, 'learning_rate': 0.003029217842276239}. Best is trial 0 with value: 135.145751953125.
[I 2023-12-27 11:03:01,306] Trial 48 finished with value: 474.7347412109375 and parameters: {'gradient_clip_val': 0.42270162272602874, 'hidden_size': 32, 'dropout': 0.27499238445590646, 'hidden_continuous_size': 8, 'attention_head_size': 1, 'learning_rate': 0.0040880978766405455}. Best is trial 0 with value: 135.145751953125.
[I 2023-12-27 11:03:01,686] Trial 49 finished with value: 288.2503967285156 and parameters: {'gradient_clip_val': 0.7591517321569747, 'hidden_size': 12, 'dropout': 0.3169311749590619, 'hidden_continuous_size': 6, 'attention_head_size': 2, 'learning_rate': 0.006196146980690559}. Best is trial 0 with value: 135.145751953125.
[I 2023-12-27 11:03:01,805] A new study created in memory with name: no-name-5b32005a-60ad-498c-bc57-179114896022
/home/le004/conda/anaconda3/envs/tsff_env/lib/python3.9/site-packages/lightning/fabric/plugins/environments/slurm.py:191: The `srun` command is available on your system but is not used. HINT: If your intention is to run Lightning on SLURM, prepend your python command with `srun` like so: srun python /home/le004/master_thesis/git/TSFusionForecast/code/ ...
[I 2023-12-27 11:03:19,583] Trial 0 finished with value: 344.3802795410156 and parameters: {'gradient_clip_val': 0.2151194819178225, 'hidden_size': 22, 'dropout': 0.2869350987939906, 'hidden_continuous_size': 12, 'attention_head_size': 3, 'learning_rate': 0.03781563154878034}. Best is trial 0 with value: 344.3802795410156.
[I 2023-12-27 11:03:19,928] Trial 1 finished with value: 1097.3089599609375 and parameters: {'gradient_clip_val': 0.7719711107009919, 'hidden_size': 12, 'dropout': 0.48307233696347984, 'hidden_continuous_size': 11, 'attention_head_size': 3, 'learning_rate': 0.01802101015187576}. Best is trial 0 with value: 344.3802795410156.
[I 2023-12-27 11:03:20,406] Trial 2 finished with value: 1064.16455078125 and parameters: {'gradient_clip_val': 0.258706829093282, 'hidden_size': 91, 'dropout': 0.46535367236743075, 'hidden_continuous_size': 63, 'attention_head_size': 1, 'learning_rate': 0.03792321757841968}. Best is trial 0 with value: 344.3802795410156.
[I 2023-12-27 11:03:20,763] Trial 3 finished with value: 1008.9727172851562 and parameters: {'gradient_clip_val': 0.5190783359999056, 'hidden_size': 14, 'dropout': 0.31391721365543135, 'hidden_continuous_size': 5, 'attention_head_size': 4, 'learning_rate': 0.008522852733036004}. Best is trial 0 with value: 344.3802795410156.
[I 2023-12-27 11:03:21,106] Trial 4 finished with value: 730.7948608398438 and parameters: {'gradient_clip_val': 0.10732400406047053, 'hidden_size': 8, 'dropout': 0.21686194768416486, 'hidden_continuous_size': 7, 'attention_head_size': 3, 'learning_rate': 0.05762615066668447}. Best is trial 0 with value: 344.3802795410156.
[I 2023-12-27 11:03:21,455] Trial 5 finished with value: 1098.1900634765625 and parameters: {'gradient_clip_val': 0.41552673438515564, 'hidden_size': 16, 'dropout': 0.11277851031221409, 'hidden_continuous_size': 12, 'attention_head_size': 3, 'learning_rate': 0.004721798488630184}. Best is trial 0 with value: 344.3802795410156.
[I 2023-12-27 11:03:21,831] Trial 6 finished with value: 974.4572143554688 and parameters: {'gradient_clip_val': 0.1398309804425647, 'hidden_size': 28, 'dropout': 0.4075233620889156, 'hidden_continuous_size': 8, 'attention_head_size': 4, 'learning_rate': 0.0031659046952347944}. Best is trial 0 with value: 344.3802795410156.
[I 2023-12-27 11:03:22,184] Trial 7 finished with value: 862.5187377929688 and parameters: {'gradient_clip_val': 0.6303044923353778, 'hidden_size': 9, 'dropout': 0.47063275194988763, 'hidden_continuous_size': 7, 'attention_head_size': 4, 'learning_rate': 0.018273311197422967}. Best is trial 0 with value: 344.3802795410156.
[I 2023-12-27 11:03:22,542] Trial 8 finished with value: 851.0906372070312 and parameters: {'gradient_clip_val': 0.1219923174113893, 'hidden_size': 14, 'dropout': 0.3403405400501899, 'hidden_continuous_size': 13, 'attention_head_size': 1, 'learning_rate': 0.001162279259476423}. Best is trial 0 with value: 344.3802795410156.
[I 2023-12-27 11:03:23,190] Trial 9 finished with value: 905.3937377929688 and parameters: {'gradient_clip_val': 0.29359199822224097, 'hidden_size': 51, 'dropout': 0.4469918264162104, 'hidden_continuous_size': 6, 'attention_head_size': 3, 'learning_rate': 0.08317569342604494}. Best is trial 0 with value: 344.3802795410156.
[I 2023-12-27 11:03:23,589] Trial 10 finished with value: 1214.0606689453125 and parameters: {'gradient_clip_val': 0.19833930686052, 'hidden_size': 30, 'dropout': 0.2456873533514053, 'hidden_continuous_size': 17, 'attention_head_size': 2, 'learning_rate': 0.09616506362073}. Best is trial 0 with value: 344.3802795410156.
[I 2023-12-27 11:03:23,956] Trial 11 finished with value: 1053.2431640625 and parameters: {'gradient_clip_val': 0.10113324413639938, 'hidden_size': 6, 'dropout': 0.22728418968091044, 'hidden_continuous_size': 5, 'attention_head_size': 2, 'learning_rate': 0.03596002098029442}. Best is trial 0 with value: 344.3802795410156.
[I 2023-12-27 11:03:24,295] Trial 12 finished with value: 1054.7724609375 and parameters: {'gradient_clip_val': 0.18434881293304126, 'hidden_size': 5, 'dropout': 0.1999169867263042, 'hidden_continuous_size': 5, 'attention_head_size': 3, 'learning_rate': 0.04360957700511497}. Best is trial 0 with value: 344.3802795410156.
[I 2023-12-27 11:03:24,660] Trial 13 finished with value: 709.4214477539062 and parameters: {'gradient_clip_val': 0.16133113035084312, 'hidden_size': 8, 'dropout': 0.27544993876473484, 'hidden_continuous_size': 6, 'attention_head_size': 2, 'learning_rate': 0.019706162268677843}. Best is trial 0 with value: 344.3802795410156.
[I 2023-12-27 11:03:25,046] Trial 14 finished with value: 1099.6043701171875 and parameters: {'gradient_clip_val': 0.18823338305501144, 'hidden_size': 22, 'dropout': 0.370434604536813, 'hidden_continuous_size': 9, 'attention_head_size': 2, 'learning_rate': 0.015550828709427198}. Best is trial 0 with value: 344.3802795410156.
[I 2023-12-27 11:03:25,375] Trial 15 finished with value: 936.921875 and parameters: {'gradient_clip_val': 0.3633368829909249, 'hidden_size': 5, 'dropout': 0.2821483191488244, 'hidden_continuous_size': 5, 'attention_head_size': 2, 'learning_rate': 0.025080820644271303}. Best is trial 0 with value: 344.3802795410156.
[I 2023-12-27 11:03:25,788] Trial 16 finished with value: 771.19677734375 and parameters: {'gradient_clip_val': 0.1513994402872542, 'hidden_size': 41, 'dropout': 0.279977666319805, 'hidden_continuous_size': 19, 'attention_head_size': 1, 'learning_rate': 0.010181175511632322}. Best is trial 0 with value: 344.3802795410156.
[I 2023-12-27 11:03:26,157] Trial 17 finished with value: 867.9329223632812 and parameters: {'gradient_clip_val': 0.2384095749120092, 'hidden_size': 9, 'dropout': 0.3526312462750903, 'hidden_continuous_size': 6, 'attention_head_size': 2, 'learning_rate': 0.028350022969406904}. Best is trial 0 with value: 344.3802795410156.
