[I 2023-12-27 11:27:51,437] Trial 5 finished with value: 1079.4752197265625 and parameters: {'gradient_clip_val': 0.1941542798274754, 'hidden_size': 11, 'dropout': 0.15576199483786632, 'hidden_continuous_size': 10, 'attention_head_size': 2, 'learning_rate': 0.01990500710953012}. Best is trial 0 with value: 308.2000732421875.
LOCAL_RANK: 0 - CUDA_VISIBLE_DEVICES: [0]
[I 2023-12-27 11:27:51,923] Trial 6 finished with value: 1168.399169921875 and parameters: {'gradient_clip_val': 0.2032223733566004, 'hidden_size': 85, 'dropout': 0.3117106966531443, 'hidden_continuous_size': 75, 'attention_head_size': 1, 'learning_rate': 0.009396217710970496}. Best is trial 0 with value: 308.2000732421875.
LOCAL_RANK: 0 - CUDA_VISIBLE_DEVICES: [0]
[I 2023-12-27 11:27:52,338] Trial 7 finished with value: 1204.0595703125 and parameters: {'gradient_clip_val': 0.7629134976299016, 'hidden_size': 5, 'dropout': 0.32069800176243335, 'hidden_continuous_size': 5, 'attention_head_size': 3, 'learning_rate': 0.004284942813168577}. Best is trial 0 with value: 308.2000732421875.
LOCAL_RANK: 0 - CUDA_VISIBLE_DEVICES: [0]
[I 2023-12-27 11:27:52,760] Trial 8 finished with value: 980.6220703125 and parameters: {'gradient_clip_val': 0.7526935885993031, 'hidden_size': 8, 'dropout': 0.379437341952535, 'hidden_continuous_size': 5, 'attention_head_size': 3, 'learning_rate': 0.002912806387247873}. Best is trial 0 with value: 308.2000732421875.
LOCAL_RANK: 0 - CUDA_VISIBLE_DEVICES: [0]
[I 2023-12-27 11:27:53,210] Trial 9 finished with value: 961.5375366210938 and parameters: {'gradient_clip_val': 0.44899952425672346, 'hidden_size': 16, 'dropout': 0.1319172526167084, 'hidden_continuous_size': 11, 'attention_head_size': 4, 'learning_rate': 0.0016730339749187048}. Best is trial 0 with value: 308.2000732421875.
LOCAL_RANK: 0 - CUDA_VISIBLE_DEVICES: [0]
[I 2023-12-27 11:27:53,672] Trial 10 finished with value: 924.0348510742188 and parameters: {'gradient_clip_val': 0.1123800714476174, 'hidden_size': 41, 'dropout': 0.49490980176709337, 'hidden_continuous_size': 17, 'attention_head_size': 1, 'learning_rate': 0.07326518940668653}. Best is trial 0 with value: 308.2000732421875.
LOCAL_RANK: 0 - CUDA_VISIBLE_DEVICES: [0]
[I 2023-12-27 11:27:54,128] Trial 11 finished with value: 1208.1942138671875 and parameters: {'gradient_clip_val': 0.10141486008044118, 'hidden_size': 49, 'dropout': 0.22389376648389037, 'hidden_continuous_size': 46, 'attention_head_size': 2, 'learning_rate': 0.000814481013912996}. Best is trial 0 with value: 308.2000732421875.
LOCAL_RANK: 0 - CUDA_VISIBLE_DEVICES: [0]
[I 2023-12-27 11:27:54,926] Trial 12 finished with value: 1235.9666748046875 and parameters: {'gradient_clip_val': 0.3144122748514893, 'hidden_size': 147, 'dropout': 0.2300067119553495, 'hidden_continuous_size': 34, 'attention_head_size': 2, 'learning_rate': 0.0006144051753642951}. Best is trial 0 with value: 308.2000732421875.
LOCAL_RANK: 0 - CUDA_VISIBLE_DEVICES: [0]
[I 2023-12-27 11:27:55,401] Trial 13 finished with value: 1200.82080078125 and parameters: {'gradient_clip_val': 0.1347896154479792, 'hidden_size': 65, 'dropout': 0.48497047485129324, 'hidden_continuous_size': 29, 'attention_head_size': 1, 'learning_rate': 0.07260388879801698}. Best is trial 0 with value: 308.2000732421875.
LOCAL_RANK: 0 - CUDA_VISIBLE_DEVICES: [0]
[I 2023-12-27 11:27:55,909] Trial 14 finished with value: 971.9773559570312 and parameters: {'gradient_clip_val': 0.14789368247037285, 'hidden_size': 36, 'dropout': 0.2508040253951667, 'hidden_continuous_size': 18, 'attention_head_size': 2, 'learning_rate': 0.0011553873145196422}. Best is trial 0 with value: 308.2000732421875.
LOCAL_RANK: 0 - CUDA_VISIBLE_DEVICES: [0]
[I 2023-12-27 11:27:56,422] Trial 15 finished with value: 794.906494140625 and parameters: {'gradient_clip_val': 0.263216927097263, 'hidden_size': 71, 'dropout': 0.41709253707014293, 'hidden_continuous_size': 65, 'attention_head_size': 3, 'learning_rate': 0.0017158043737682555}. Best is trial 0 with value: 308.2000732421875.
LOCAL_RANK: 0 - CUDA_VISIBLE_DEVICES: [0]
[I 2023-12-27 11:27:56,927] Trial 16 finished with value: 1156.061767578125 and parameters: {'gradient_clip_val': 0.32184445321317245, 'hidden_size': 75, 'dropout': 0.439406639404966, 'hidden_continuous_size': 69, 'attention_head_size': 3, 'learning_rate': 0.001636780948424456}. Best is trial 0 with value: 308.2000732421875.
LOCAL_RANK: 0 - CUDA_VISIBLE_DEVICES: [0]
[I 2023-12-27 11:27:57,409] Trial 17 finished with value: 1145.7864990234375 and parameters: {'gradient_clip_val': 0.26098567829187513, 'hidden_size': 31, 'dropout': 0.4564137346106736, 'hidden_continuous_size': 16, 'attention_head_size': 4, 'learning_rate': 0.0005972583713005889}. Best is trial 0 with value: 308.2000732421875.
LOCAL_RANK: 0 - CUDA_VISIBLE_DEVICES: [0]
[I 2023-12-27 11:27:57,892] Trial 18 finished with value: 768.6544799804688 and parameters: {'gradient_clip_val': 0.13404308675144994, 'hidden_size': 89, 'dropout': 0.3837104022901295, 'hidden_continuous_size': 88, 'attention_head_size': 3, 'learning_rate': 0.037063446229824965}. Best is trial 0 with value: 308.2000732421875.
LOCAL_RANK: 0 - CUDA_VISIBLE_DEVICES: [0]
[I 2023-12-27 11:27:58,444] Trial 19 finished with value: 1232.46728515625 and parameters: {'gradient_clip_val': 0.12435324411476592, 'hidden_size': 105, 'dropout': 0.3693491822294465, 'hidden_continuous_size': 101, 'attention_head_size': 3, 'learning_rate': 0.039168941047241466}. Best is trial 0 with value: 308.2000732421875.
LOCAL_RANK: 0 - CUDA_VISIBLE_DEVICES: [0]
[I 2023-12-27 11:27:59,001] Trial 20 finished with value: 1163.2772216796875 and parameters: {'gradient_clip_val': 0.10007343579481502, 'hidden_size': 145, 'dropout': 0.4637866183896198, 'hidden_continuous_size': 131, 'attention_head_size': 4, 'learning_rate': 0.04154313499880038}. Best is trial 0 with value: 308.2000732421875.
LOCAL_RANK: 0 - CUDA_VISIBLE_DEVICES: [0]
[I 2023-12-27 11:27:59,506] Trial 21 finished with value: 952.7435913085938 and parameters: {'gradient_clip_val': 0.158986259110789, 'hidden_size': 70, 'dropout': 0.42045329728264885, 'hidden_continuous_size': 44, 'attention_head_size': 3, 'learning_rate': 0.020448771849172567}. Best is trial 0 with value: 308.2000732421875.
LOCAL_RANK: 0 - CUDA_VISIBLE_DEVICES: [0]
[I 2023-12-27 11:28:00,004] Trial 22 finished with value: 1309.8175048828125 and parameters: {'gradient_clip_val': 0.13356808239347387, 'hidden_size': 59, 'dropout': 0.39651306809361153, 'hidden_continuous_size': 43, 'attention_head_size': 3, 'learning_rate': 0.0942128003518231}. Best is trial 0 with value: 308.2000732421875.
LOCAL_RANK: 0 - CUDA_VISIBLE_DEVICES: [0]
[I 2023-12-27 11:28:00,507] Trial 23 finished with value: 1199.0487060546875 and parameters: {'gradient_clip_val': 0.16719110670685672, 'hidden_size': 93, 'dropout': 0.43800432037518244, 'hidden_continuous_size': 60, 'attention_head_size': 3, 'learning_rate': 0.011937509016811551}. Best is trial 0 with value: 308.2000732421875.
LOCAL_RANK: 0 - CUDA_VISIBLE_DEVICES: [0]
[I 2023-12-27 11:28:01,000] Trial 24 finished with value: 887.9808959960938 and parameters: {'gradient_clip_val': 0.1223119533202318, 'hidden_size': 63, 'dropout': 0.3767264085559753, 'hidden_continuous_size': 36, 'attention_head_size': 2, 'learning_rate': 0.005787935049861739}. Best is trial 0 with value: 308.2000732421875.
LOCAL_RANK: 0 - CUDA_VISIBLE_DEVICES: [0]
[I 2023-12-27 11:28:01,797] Trial 25 finished with value: 1272.2064208984375 and parameters: {'gradient_clip_val': 0.2520660442056808, 'hidden_size': 103, 'dropout': 0.4698593027611329, 'hidden_continuous_size': 58, 'attention_head_size': 3, 'learning_rate': 0.013414970811547059}. Best is trial 0 with value: 308.2000732421875.
LOCAL_RANK: 0 - CUDA_VISIBLE_DEVICES: [0]
[I 2023-12-27 11:28:02,272] Trial 26 finished with value: 1193.1510009765625 and parameters: {'gradient_clip_val': 0.14927929088417446, 'hidden_size': 50, 'dropout': 0.4966319808718208, 'hidden_continuous_size': 22, 'attention_head_size': 4, 'learning_rate': 0.0406316232644877}. Best is trial 0 with value: 308.2000732421875.
LOCAL_RANK: 0 - CUDA_VISIBLE_DEVICES: [0]
[I 2023-12-27 11:28:02,756] Trial 27 finished with value: 1103.2161865234375 and parameters: {'gradient_clip_val': 0.18167262693194033, 'hidden_size': 27, 'dropout': 0.43432428141095686, 'hidden_continuous_size': 12, 'attention_head_size': 2, 'learning_rate': 0.006343239983525791}. Best is trial 0 with value: 308.2000732421875.
LOCAL_RANK: 0 - CUDA_VISIBLE_DEVICES: [0]
[I 2023-12-27 11:28:03,221] Trial 28 finished with value: 1032.7608642578125 and parameters: {'gradient_clip_val': 0.11675850660574699, 'hidden_size': 73, 'dropout': 0.34815632847951017, 'hidden_continuous_size': 52, 'attention_head_size': 1, 'learning_rate': 0.002639022554735872}. Best is trial 0 with value: 308.2000732421875.
LOCAL_RANK: 0 - CUDA_VISIBLE_DEVICES: [0]
[I 2023-12-27 11:28:03,707] Trial 29 finished with value: 1095.67578125 and parameters: {'gradient_clip_val': 0.16946943253995114, 'hidden_size': 24, 'dropout': 0.39323956095763535, 'hidden_continuous_size': 14, 'attention_head_size': 3, 'learning_rate': 0.004597428599195657}. Best is trial 0 with value: 308.2000732421875.
LOCAL_RANK: 0 - CUDA_VISIBLE_DEVICES: [0]
[I 2023-12-27 11:28:04,207] Trial 30 finished with value: 1487.9229736328125 and parameters: {'gradient_clip_val': 0.13999719079632955, 'hidden_size': 87, 'dropout': 0.41165242016689507, 'hidden_continuous_size': 63, 'attention_head_size': 2, 'learning_rate': 0.03261087387478051}. Best is trial 0 with value: 308.2000732421875.
LOCAL_RANK: 0 - CUDA_VISIBLE_DEVICES: [0]
[I 2023-12-27 11:28:04,706] Trial 31 finished with value: 1164.2327880859375 and parameters: {'gradient_clip_val': 0.12142765226602263, 'hidden_size': 60, 'dropout': 0.3497781369088651, 'hidden_continuous_size': 39, 'attention_head_size': 2, 'learning_rate': 0.005863029125813664}. Best is trial 0 with value: 308.2000732421875.
LOCAL_RANK: 0 - CUDA_VISIBLE_DEVICES: [0]
[I 2023-12-27 11:28:05,226] Trial 32 finished with value: 1180.1162109375 and parameters: {'gradient_clip_val': 0.14438163360059392, 'hidden_size': 119, 'dropout': 0.4068976238467303, 'hidden_continuous_size': 82, 'attention_head_size': 2, 'learning_rate': 0.012708451373283759}. Best is trial 0 with value: 308.2000732421875.
LOCAL_RANK: 0 - CUDA_VISIBLE_DEVICES: [0]
[I 2023-12-27 11:28:05,748] Trial 33 finished with value: 1245.89111328125 and parameters: {'gradient_clip_val': 0.16136349211612203, 'hidden_size': 79, 'dropout': 0.37031992628319144, 'hidden_continuous_size': 50, 'attention_head_size': 3, 'learning_rate': 0.009390707192826489}. Best is trial 0 with value: 308.2000732421875.
LOCAL_RANK: 0 - CUDA_VISIBLE_DEVICES: [0]
[I 2023-12-27 11:28:06,205] Trial 34 finished with value: 1066.1182861328125 and parameters: {'gradient_clip_val': 0.12111076099507279, 'hidden_size': 41, 'dropout': 0.44901610183303076, 'hidden_continuous_size': 34, 'attention_head_size': 2, 'learning_rate': 0.0264457369254476}. Best is trial 0 with value: 308.2000732421875.
LOCAL_RANK: 0 - CUDA_VISIBLE_DEVICES: [0]
[I 2023-12-27 11:28:06,672] Trial 35 finished with value: 1340.9393310546875 and parameters: {'gradient_clip_val': 0.20819986627677753, 'hidden_size': 59, 'dropout': 0.42685598235544336, 'hidden_continuous_size': 39, 'attention_head_size': 3, 'learning_rate': 0.016876529365096336}. Best is trial 0 with value: 308.2000732421875.
LOCAL_RANK: 0 - CUDA_VISIBLE_DEVICES: [0]
[I 2023-12-27 11:28:07,183] Trial 36 finished with value: 1025.22314453125 and parameters: {'gradient_clip_val': 0.18814209020214182, 'hidden_size': 119, 'dropout': 0.4643048232802038, 'hidden_continuous_size': 84, 'attention_head_size': 1, 'learning_rate': 0.00727138329414248}. Best is trial 0 with value: 308.2000732421875.
LOCAL_RANK: 0 - CUDA_VISIBLE_DEVICES: [0]
[I 2023-12-27 11:28:07,705] Trial 37 finished with value: 1006.5032348632812 and parameters: {'gradient_clip_val': 0.10735608381669874, 'hidden_size': 90, 'dropout': 0.3950634521483135, 'hidden_continuous_size': 55, 'attention_head_size': 2, 'learning_rate': 0.028959100828585403}. Best is trial 0 with value: 308.2000732421875.
LOCAL_RANK: 0 - CUDA_VISIBLE_DEVICES: [0]
[I 2023-12-27 11:28:08,467] Trial 38 finished with value: 1112.2237548828125 and parameters: {'gradient_clip_val': 0.13086863966178994, 'hidden_size': 53, 'dropout': 0.3367664053487383, 'hidden_continuous_size': 42, 'attention_head_size': 2, 'learning_rate': 0.0034098899076490763}. Best is trial 0 with value: 308.2000732421875.
LOCAL_RANK: 0 - CUDA_VISIBLE_DEVICES: [0]
[I 2023-12-27 11:28:08,948] Trial 39 finished with value: 1044.7855224609375 and parameters: {'gradient_clip_val': 0.21165970388242183, 'hidden_size': 73, 'dropout': 0.4185255216800013, 'hidden_continuous_size': 50, 'attention_head_size': 3, 'learning_rate': 0.01836778863031561}. Best is trial 0 with value: 308.2000732421875.
LOCAL_RANK: 0 - CUDA_VISIBLE_DEVICES: [0]
[I 2023-12-27 11:28:09,415] Trial 40 finished with value: 919.635498046875 and parameters: {'gradient_clip_val': 0.1764532197146785, 'hidden_size': 41, 'dropout': 0.47707018228325987, 'hidden_continuous_size': 33, 'attention_head_size': 2, 'learning_rate': 0.009382510522593798}. Best is trial 0 with value: 308.2000732421875.
LOCAL_RANK: 0 - CUDA_VISIBLE_DEVICES: [0]
[I 2023-12-27 11:28:09,914] Trial 41 finished with value: 946.103515625 and parameters: {'gradient_clip_val': 0.18850900703531065, 'hidden_size': 48, 'dropout': 0.31321642970390867, 'hidden_continuous_size': 38, 'attention_head_size': 2, 'learning_rate': 0.0013881516342485402}. Best is trial 0 with value: 308.2000732421875.
LOCAL_RANK: 0 - CUDA_VISIBLE_DEVICES: [0]
[I 2023-12-27 11:28:10,404] Trial 42 finished with value: 1004.180908203125 and parameters: {'gradient_clip_val': 0.11439201837872202, 'hidden_size': 64, 'dropout': 0.2893613109081534, 'hidden_continuous_size': 50, 'attention_head_size': 2, 'learning_rate': 0.002322377998573344}. Best is trial 0 with value: 308.2000732421875.
LOCAL_RANK: 0 - CUDA_VISIBLE_DEVICES: [0]
[I 2023-12-27 11:28:10,909] Trial 43 finished with value: 1058.85400390625 and parameters: {'gradient_clip_val': 0.15521631344376663, 'hidden_size': 84, 'dropout': 0.38608251698266166, 'hidden_continuous_size': 28, 'attention_head_size': 1, 'learning_rate': 0.0009037262493598859}. Best is trial 0 with value: 308.2000732421875.
LOCAL_RANK: 0 - CUDA_VISIBLE_DEVICES: [0]
[I 2023-12-27 11:28:11,371] Trial 44 finished with value: 1105.2587890625 and parameters: {'gradient_clip_val': 0.23219119364355206, 'hidden_size': 53, 'dropout': 0.49873246788306314, 'hidden_continuous_size': 44, 'attention_head_size': 2, 'learning_rate': 0.0018279627063603526}. Best is trial 0 with value: 308.2000732421875.
LOCAL_RANK: 0 - CUDA_VISIBLE_DEVICES: [0]
[I 2023-12-27 11:28:11,895] Trial 45 finished with value: 982.631591796875 and parameters: {'gradient_clip_val': 0.13123989897999624, 'hidden_size': 67, 'dropout': 0.36911392735503123, 'hidden_continuous_size': 48, 'attention_head_size': 3, 'learning_rate': 0.0037509498672773107}. Best is trial 0 with value: 308.2000732421875.
LOCAL_RANK: 0 - CUDA_VISIBLE_DEVICES: [0]
[I 2023-12-27 11:28:12,413] Trial 46 finished with value: 1096.8603515625 and parameters: {'gradient_clip_val': 0.14480756518747448, 'hidden_size': 94, 'dropout': 0.4452917815957944, 'hidden_continuous_size': 66, 'attention_head_size': 2, 'learning_rate': 0.005047896784122985}. Best is trial 0 with value: 308.2000732421875.
LOCAL_RANK: 0 - CUDA_VISIBLE_DEVICES: [0]
[I 2023-12-27 11:28:12,906] Trial 47 finished with value: 882.4169311523438 and parameters: {'gradient_clip_val': 0.10908598981768663, 'hidden_size': 34, 'dropout': 0.4793525036056368, 'hidden_continuous_size': 27, 'attention_head_size': 3, 'learning_rate': 0.0005129845197851618}. Best is trial 0 with value: 308.2000732421875.
LOCAL_RANK: 0 - CUDA_VISIBLE_DEVICES: [0]
[I 2023-12-27 11:28:13,386] Trial 48 finished with value: 1205.0584716796875 and parameters: {'gradient_clip_val': 0.10748475967898151, 'hidden_size': 20, 'dropout': 0.47779337143573986, 'hidden_continuous_size': 18, 'attention_head_size': 4, 'learning_rate': 0.0007656090733447559}. Best is trial 0 with value: 308.2000732421875.
LOCAL_RANK: 0 - CUDA_VISIBLE_DEVICES: [0]
[I 2023-12-27 11:28:13,857] Trial 49 finished with value: 1111.8455810546875 and parameters: {'gradient_clip_val': 0.10229426514771513, 'hidden_size': 34, 'dropout': 0.4563271489922713, 'hidden_continuous_size': 25, 'attention_head_size': 3, 'learning_rate': 0.0005514730066132981}. Best is trial 0 with value: 308.2000732421875.
[I 2023-12-27 11:28:13,983] A new study created in memory with name: no-name-a9e68bb8-6466-404c-b95e-3312c8d3c68d
/home/le004/conda/anaconda3/envs/tsff_env/lib/python3.9/site-packages/lightning/fabric/plugins/environments/slurm.py:191: The `srun` command is available on your system but is not used. HINT: If your intention is to run Lightning on SLURM, prepend your python command with `srun` like so: srun python /home/le004/master_thesis/git/TSFusionForecast/code/ ...
LOCAL_RANK: 0 - CUDA_VISIBLE_DEVICES: [0]
[I 2023-12-27 11:28:42,854] Trial 0 finished with value: 4619.400390625 and parameters: {'gradient_clip_val': 0.5588649788050801, 'hidden_size': 8, 'dropout': 0.4826635868506275, 'hidden_continuous_size': 7, 'attention_head_size': 3, 'learning_rate': 0.03565624809556278}. Best is trial 0 with value: 4619.400390625.
LOCAL_RANK: 0 - CUDA_VISIBLE_DEVICES: [0]
[I 2023-12-27 11:28:43,866] Trial 1 finished with value: 22681.720703125 and parameters: {'gradient_clip_val': 0.45654428851116885, 'hidden_size': 92, 'dropout': 0.13426927285080065, 'hidden_continuous_size': 18, 'attention_head_size': 2, 'learning_rate': 0.004161210984939473}. Best is trial 0 with value: 4619.400390625.
LOCAL_RANK: 0 - CUDA_VISIBLE_DEVICES: [0]
[I 2023-12-27 11:28:44,328] Trial 2 finished with value: 16285.8427734375 and parameters: {'gradient_clip_val': 0.6807520521084764, 'hidden_size': 40, 'dropout': 0.3581152344996976, 'hidden_continuous_size': 15, 'attention_head_size': 3, 'learning_rate': 0.016176241625961624}. Best is trial 0 with value: 4619.400390625.
LOCAL_RANK: 0 - CUDA_VISIBLE_DEVICES: [0]
[I 2023-12-27 11:28:44,808] Trial 3 finished with value: 19426.099609375 and parameters: {'gradient_clip_val': 0.21339121423625304, 'hidden_size': 57, 'dropout': 0.41886689474059746, 'hidden_continuous_size': 20, 'attention_head_size': 4, 'learning_rate': 0.0023934802122325062}. Best is trial 0 with value: 4619.400390625.
LOCAL_RANK: 0 - CUDA_VISIBLE_DEVICES: [0]
[I 2023-12-27 11:28:45,269] Trial 4 finished with value: 13734.0732421875 and parameters: {'gradient_clip_val': 0.6365483188600708, 'hidden_size': 14, 'dropout': 0.2704852650256242, 'hidden_continuous_size': 6, 'attention_head_size': 4, 'learning_rate': 0.0028597005048779933}. Best is trial 0 with value: 4619.400390625.
LOCAL_RANK: 0 - CUDA_VISIBLE_DEVICES: [0]
[I 2023-12-27 11:28:45,726] Trial 5 finished with value: 17748.302734375 and parameters: {'gradient_clip_val': 0.29427996937672624, 'hidden_size': 10, 'dropout': 0.18298758152816139, 'hidden_continuous_size': 8, 'attention_head_size': 2, 'learning_rate': 0.0006394450693304063}. Best is trial 0 with value: 4619.400390625.
LOCAL_RANK: 0 - CUDA_VISIBLE_DEVICES: [0]
[I 2023-12-27 11:28:46,217] Trial 6 finished with value: 17355.306640625 and parameters: {'gradient_clip_val': 0.944134408395395, 'hidden_size': 85, 'dropout': 0.3289414480405881, 'hidden_continuous_size': 66, 'attention_head_size': 4, 'learning_rate': 0.008544439599317935}. Best is trial 0 with value: 4619.400390625.
LOCAL_RANK: 0 - CUDA_VISIBLE_DEVICES: [0]
[I 2023-12-27 11:28:46,672] Trial 7 finished with value: 12329.203125 and parameters: {'gradient_clip_val': 0.3403887621115354, 'hidden_size': 18, 'dropout': 0.10902745441040325, 'hidden_continuous_size': 5, 'attention_head_size': 3, 'learning_rate': 0.00996189864057095}. Best is trial 0 with value: 4619.400390625.
LOCAL_RANK: 0 - CUDA_VISIBLE_DEVICES: [0]
[I 2023-12-27 11:28:47,094] Trial 8 finished with value: 20434.404296875 and parameters: {'gradient_clip_val': 0.1157933165020563, 'hidden_size': 5, 'dropout': 0.26323189960624155, 'hidden_continuous_size': 5, 'attention_head_size': 4, 'learning_rate': 0.0010147340877604957}. Best is trial 0 with value: 4619.400390625.
LOCAL_RANK: 0 - CUDA_VISIBLE_DEVICES: [0]
[I 2023-12-27 11:28:47,481] Trial 9 finished with value: 15579.9130859375 and parameters: {'gradient_clip_val': 0.11097798530570427, 'hidden_size': 5, 'dropout': 0.4057286010414157, 'hidden_continuous_size': 5, 'attention_head_size': 3, 'learning_rate': 0.008441173462226495}. Best is trial 0 with value: 4619.400390625.
LOCAL_RANK: 0 - CUDA_VISIBLE_DEVICES: [0]
[I 2023-12-27 11:28:47,950] Trial 10 finished with value: 21570.416015625 and parameters: {'gradient_clip_val': 0.9567608564227177, 'hidden_size': 25, 'dropout': 0.49089468323863195, 'hidden_continuous_size': 8, 'attention_head_size': 1, 'learning_rate': 0.06184790388435973}. Best is trial 0 with value: 4619.400390625.
LOCAL_RANK: 0 - CUDA_VISIBLE_DEVICES: [0]
[I 2023-12-27 11:28:48,699] Trial 11 finished with value: 19152.888671875 and parameters: {'gradient_clip_val': 0.39815155633747545, 'hidden_size': 16, 'dropout': 0.11237434964474796, 'hidden_continuous_size': 6, 'attention_head_size': 3, 'learning_rate': 0.030438900767516715}. Best is trial 0 with value: 4619.400390625.
LOCAL_RANK: 0 - CUDA_VISIBLE_DEVICES: [0]
[I 2023-12-27 11:28:49,165] Trial 12 finished with value: 22463.052734375 and parameters: {'gradient_clip_val': 0.2808583139245687, 'hidden_size': 9, 'dropout': 0.21379929744705467, 'hidden_continuous_size': 5, 'attention_head_size': 2, 'learning_rate': 0.09291353484433515}. Best is trial 0 with value: 4619.400390625.
LOCAL_RANK: 0 - CUDA_VISIBLE_DEVICES: [0]
