[I 2023-12-27 11:33:10,492] Trial 1 finished with value: 12.553573608398438 and parameters: {'gradient_clip_val': 0.18044960441313468, 'hidden_size': 18, 'dropout': 0.23930575425784775, 'hidden_continuous_size': 11, 'attention_head_size': 1, 'learning_rate': 0.0007135882309836301}. Best is trial 0 with value: 3.9315433502197266.
[I 2023-12-27 11:33:11,090] Trial 2 finished with value: 11.639994621276855 and parameters: {'gradient_clip_val': 0.5851102494455447, 'hidden_size': 8, 'dropout': 0.24357258484630787, 'hidden_continuous_size': 6, 'attention_head_size': 3, 'learning_rate': 0.0024231375253296623}. Best is trial 0 with value: 3.9315433502197266.
[I 2023-12-27 11:33:11,469] Trial 3 finished with value: 13.691115379333496 and parameters: {'gradient_clip_val': 0.23290710386925187, 'hidden_size': 11, 'dropout': 0.177489769361268, 'hidden_continuous_size': 8, 'attention_head_size': 2, 'learning_rate': 0.08893524150769676}. Best is trial 0 with value: 3.9315433502197266.
[I 2023-12-27 11:33:12,008] Trial 4 finished with value: 14.340363502502441 and parameters: {'gradient_clip_val': 0.8960253472573076, 'hidden_size': 114, 'dropout': 0.2954794573754114, 'hidden_continuous_size': 64, 'attention_head_size': 2, 'learning_rate': 0.012098624201096659}. Best is trial 0 with value: 3.9315433502197266.
[I 2023-12-27 11:33:12,360] Trial 5 finished with value: 13.077166557312012 and parameters: {'gradient_clip_val': 0.25141202283408987, 'hidden_size': 7, 'dropout': 0.26025389498167817, 'hidden_continuous_size': 5, 'attention_head_size': 2, 'learning_rate': 0.04485298803925299}. Best is trial 0 with value: 3.9315433502197266.
[I 2023-12-27 11:33:12,725] Trial 6 finished with value: 19.069786071777344 and parameters: {'gradient_clip_val': 0.5271055124227753, 'hidden_size': 22, 'dropout': 0.3975063069170286, 'hidden_continuous_size': 16, 'attention_head_size': 3, 'learning_rate': 0.000877038129010306}. Best is trial 0 with value: 3.9315433502197266.
[I 2023-12-27 11:33:13,142] Trial 7 finished with value: 14.253321647644043 and parameters: {'gradient_clip_val': 0.4452064050040656, 'hidden_size': 39, 'dropout': 0.26126009949843754, 'hidden_continuous_size': 19, 'attention_head_size': 4, 'learning_rate': 0.0702626404132757}. Best is trial 0 with value: 3.9315433502197266.
[I 2023-12-27 11:33:13,494] Trial 8 finished with value: 10.46229076385498 and parameters: {'gradient_clip_val': 0.29172992183358315, 'hidden_size': 8, 'dropout': 0.2993034925658418, 'hidden_continuous_size': 5, 'attention_head_size': 2, 'learning_rate': 0.011520274348371237}. Best is trial 0 with value: 3.9315433502197266.
[I 2023-12-27 11:33:13,972] Trial 9 finished with value: 11.848496437072754 and parameters: {'gradient_clip_val': 0.2086979265103369, 'hidden_size': 79, 'dropout': 0.16070941474108158, 'hidden_continuous_size': 75, 'attention_head_size': 1, 'learning_rate': 0.0026720399940899924}. Best is trial 0 with value: 3.9315433502197266.
[I 2023-12-27 11:33:14,403] Trial 10 finished with value: 12.248749732971191 and parameters: {'gradient_clip_val': 0.11515822378209858, 'hidden_size': 52, 'dropout': 0.4622430765462489, 'hidden_continuous_size': 24, 'attention_head_size': 1, 'learning_rate': 0.018000097662409828}. Best is trial 0 with value: 3.9315433502197266.
[I 2023-12-27 11:33:14,740] Trial 11 finished with value: 11.53962230682373 and parameters: {'gradient_clip_val': 0.35310252431680617, 'hidden_size': 5, 'dropout': 0.37121342931242235, 'hidden_continuous_size': 5, 'attention_head_size': 1, 'learning_rate': 0.0075660370213415104}. Best is trial 0 with value: 3.9315433502197266.
[I 2023-12-27 11:33:15,123] Trial 12 finished with value: 14.780349731445312 and parameters: {'gradient_clip_val': 0.2966237337492508, 'hidden_size': 15, 'dropout': 0.49147590024100485, 'hidden_continuous_size': 6, 'attention_head_size': 2, 'learning_rate': 0.023475025254089957}. Best is trial 0 with value: 3.9315433502197266.
[I 2023-12-27 11:33:15,517] Trial 13 finished with value: 15.230186462402344 and parameters: {'gradient_clip_val': 0.1669332036408507, 'hidden_size': 31, 'dropout': 0.36818066891890583, 'hidden_continuous_size': 9, 'attention_head_size': 3, 'learning_rate': 0.006679946608188471}. Best is trial 0 with value: 3.9315433502197266.
[I 2023-12-27 11:33:16,033] Trial 14 finished with value: 12.235679626464844 and parameters: {'gradient_clip_val': 0.35202953804579623, 'hidden_size': 116, 'dropout': 0.10551361297106807, 'hidden_continuous_size': 31, 'attention_head_size': 1, 'learning_rate': 0.0233604693151481}. Best is trial 0 with value: 3.9315433502197266.
[I 2023-12-27 11:33:16,441] Trial 15 finished with value: 9.805987358093262 and parameters: {'gradient_clip_val': 0.1351439920397561, 'hidden_size': 57, 'dropout': 0.33230361739516917, 'hidden_continuous_size': 13, 'attention_head_size': 2, 'learning_rate': 0.03617628929218185}. Best is trial 0 with value: 3.9315433502197266.
[I 2023-12-27 11:33:17,228] Trial 16 finished with value: 14.437893867492676 and parameters: {'gradient_clip_val': 0.10076756510032542, 'hidden_size': 141, 'dropout': 0.42381728181693556, 'hidden_continuous_size': 34, 'attention_head_size': 1, 'learning_rate': 0.04392787777287267}. Best is trial 0 with value: 3.9315433502197266.
[I 2023-12-27 11:33:17,667] Trial 17 finished with value: 14.347275733947754 and parameters: {'gradient_clip_val': 0.14557768727776718, 'hidden_size': 66, 'dropout': 0.3399766328174172, 'hidden_continuous_size': 13, 'attention_head_size': 4, 'learning_rate': 0.03561711659610305}. Best is trial 0 with value: 3.9315433502197266.
[I 2023-12-27 11:33:18,151] Trial 18 finished with value: 12.727450370788574 and parameters: {'gradient_clip_val': 0.13590929883483252, 'hidden_size': 82, 'dropout': 0.4350690416558387, 'hidden_continuous_size': 15, 'attention_head_size': 2, 'learning_rate': 0.09273765984174343}. Best is trial 0 with value: 3.9315433502197266.
[I 2023-12-27 11:33:18,643] Trial 19 finished with value: 12.599533081054688 and parameters: {'gradient_clip_val': 0.1869696848220576, 'hidden_size': 51, 'dropout': 0.49286545446546587, 'hidden_continuous_size': 12, 'attention_head_size': 3, 'learning_rate': 0.028925430552329826}. Best is trial 0 with value: 3.9315433502197266.
[I 2023-12-27 11:33:19,039] Trial 20 finished with value: 13.332474708557129 and parameters: {'gradient_clip_val': 0.14084516809132594, 'hidden_size': 30, 'dropout': 0.33764055490080747, 'hidden_continuous_size': 9, 'attention_head_size': 1, 'learning_rate': 0.05534493226664881}. Best is trial 0 with value: 3.9315433502197266.
[I 2023-12-27 11:33:19,532] Trial 21 finished with value: 16.25313949584961 and parameters: {'gradient_clip_val': 0.26218895906297474, 'hidden_size': 92, 'dropout': 0.3098337920890954, 'hidden_continuous_size': 7, 'attention_head_size': 2, 'learning_rate': 0.013936082734472473}. Best is trial 0 with value: 3.9315433502197266.
[I 2023-12-27 11:33:19,947] Trial 22 finished with value: 14.699806213378906 and parameters: {'gradient_clip_val': 0.19916898344553097, 'hidden_size': 46, 'dropout': 0.4022262532805782, 'hidden_continuous_size': 10, 'attention_head_size': 2, 'learning_rate': 0.01385079738354042}. Best is trial 0 with value: 3.9315433502197266.
[I 2023-12-27 11:33:20,391] Trial 23 finished with value: 13.11043643951416 and parameters: {'gradient_clip_val': 0.29529818024175186, 'hidden_size': 69, 'dropout': 0.4474974007573646, 'hidden_continuous_size': 7, 'attention_head_size': 2, 'learning_rate': 0.03425481389155927}. Best is trial 0 with value: 3.9315433502197266.
[I 2023-12-27 11:33:20,801] Trial 24 finished with value: 14.548047065734863 and parameters: {'gradient_clip_val': 0.22355870588944704, 'hidden_size': 23, 'dropout': 0.3944666743438511, 'hidden_continuous_size': 10, 'attention_head_size': 3, 'learning_rate': 0.010169694210741584}. Best is trial 0 with value: 3.9315433502197266.
[I 2023-12-27 11:33:21,181] Trial 25 finished with value: 14.030501365661621 and parameters: {'gradient_clip_val': 0.16171630757391736, 'hidden_size': 13, 'dropout': 0.3497718308125384, 'hidden_continuous_size': 5, 'attention_head_size': 2, 'learning_rate': 0.02285564187589871}. Best is trial 0 with value: 3.9315433502197266.
[I 2023-12-27 11:33:21,794] Trial 26 finished with value: 12.76607894897461 and parameters: {'gradient_clip_val': 0.2158593194017865, 'hidden_size': 150, 'dropout': 0.30211478028694394, 'hidden_continuous_size': 21, 'attention_head_size': 1, 'learning_rate': 0.059394307847584815}. Best is trial 0 with value: 3.9315433502197266.
[I 2023-12-27 11:33:22,198] Trial 27 finished with value: 13.05923080444336 and parameters: {'gradient_clip_val': 0.11820470292255275, 'hidden_size': 39, 'dropout': 0.4722406568697695, 'hidden_continuous_size': 13, 'attention_head_size': 2, 'learning_rate': 0.018321129969047358}. Best is trial 0 with value: 3.9315433502197266.
[I 2023-12-27 11:33:22,626] Trial 28 finished with value: 13.466279029846191 and parameters: {'gradient_clip_val': 0.26084530940196826, 'hidden_size': 61, 'dropout': 0.4252792390255479, 'hidden_continuous_size': 15, 'attention_head_size': 3, 'learning_rate': 0.006049482372319709}. Best is trial 0 with value: 3.9315433502197266.
[I 2023-12-27 11:33:23,012] Trial 29 finished with value: 15.224380493164062 and parameters: {'gradient_clip_val': 0.17431523889380884, 'hidden_size': 19, 'dropout': 0.31375378710441804, 'hidden_continuous_size': 11, 'attention_head_size': 1, 'learning_rate': 0.00884505603641714}. Best is trial 0 with value: 3.9315433502197266.
[I 2023-12-27 11:33:23,777] Trial 30 finished with value: 13.714771270751953 and parameters: {'gradient_clip_val': 0.18855578105690027, 'hidden_size': 102, 'dropout': 0.2816299210497449, 'hidden_continuous_size': 18, 'attention_head_size': 1, 'learning_rate': 0.036199037800933406}. Best is trial 0 with value: 3.9315433502197266.
[I 2023-12-27 11:33:24,120] Trial 31 finished with value: 11.374300956726074 and parameters: {'gradient_clip_val': 0.36651498425796497, 'hidden_size': 5, 'dropout': 0.3718629154499239, 'hidden_continuous_size': 5, 'attention_head_size': 1, 'learning_rate': 0.007860664867009115}. Best is trial 0 with value: 3.9315433502197266.
[I 2023-12-27 11:33:24,439] Trial 32 finished with value: 14.842896461486816 and parameters: {'gradient_clip_val': 0.3474543532547552, 'hidden_size': 5, 'dropout': 0.3271080206259877, 'hidden_continuous_size': 5, 'attention_head_size': 1, 'learning_rate': 0.004493743489762444}. Best is trial 0 with value: 3.9315433502197266.
[I 2023-12-27 11:33:24,815] Trial 33 finished with value: 12.983412742614746 and parameters: {'gradient_clip_val': 0.4140349682386326, 'hidden_size': 7, 'dropout': 0.36380401896992987, 'hidden_continuous_size': 5, 'attention_head_size': 1, 'learning_rate': 0.015770835554805778}. Best is trial 0 with value: 3.9315433502197266.
[I 2023-12-27 11:33:25,190] Trial 34 finished with value: 11.122633934020996 and parameters: {'gradient_clip_val': 0.28267222899252, 'hidden_size': 10, 'dropout': 0.2806132423362456, 'hidden_continuous_size': 6, 'attention_head_size': 2, 'learning_rate': 0.010350315001625495}. Best is trial 0 with value: 3.9315433502197266.
[I 2023-12-27 11:33:25,566] Trial 35 finished with value: 10.52747917175293 and parameters: {'gradient_clip_val': 0.23928789214987384, 'hidden_size': 9, 'dropout': 0.28509455900906244, 'hidden_continuous_size': 6, 'attention_head_size': 2, 'learning_rate': 0.011902954477065594}. Best is trial 0 with value: 3.9315433502197266.
[I 2023-12-27 11:33:25,934] Trial 36 finished with value: 16.42306137084961 and parameters: {'gradient_clip_val': 0.23799244548621412, 'hidden_size': 8, 'dropout': 0.21987956274853782, 'hidden_continuous_size': 6, 'attention_head_size': 2, 'learning_rate': 0.012254932345342289}. Best is trial 0 with value: 3.9315433502197266.
[I 2023-12-27 11:33:26,316] Trial 37 finished with value: 13.337471961975098 and parameters: {'gradient_clip_val': 0.22672433752861043, 'hidden_size': 18, 'dropout': 0.232667275579022, 'hidden_continuous_size': 8, 'attention_head_size': 3, 'learning_rate': 0.004955745338697175}. Best is trial 0 with value: 3.9315433502197266.
[I 2023-12-27 11:33:26,697] Trial 38 finished with value: 10.553622245788574 and parameters: {'gradient_clip_val': 0.2577696320135334, 'hidden_size': 10, 'dropout': 0.3163295194226636, 'hidden_continuous_size': 6, 'attention_head_size': 2, 'learning_rate': 0.010650798435399943}. Best is trial 0 with value: 3.9315433502197266.
[I 2023-12-27 11:33:27,078] Trial 39 finished with value: 13.323105812072754 and parameters: {'gradient_clip_val': 0.3205338041659272, 'hidden_size': 13, 'dropout': 0.2852772789512363, 'hidden_continuous_size': 7, 'attention_head_size': 2, 'learning_rate': 0.01851675623848945}. Best is trial 0 with value: 3.9315433502197266.
[I 2023-12-27 11:33:27,553] Trial 40 finished with value: 13.298469543457031 and parameters: {'gradient_clip_val': 0.20058204204243826, 'hidden_size': 79, 'dropout': 0.25460597755719133, 'hidden_continuous_size': 8, 'attention_head_size': 4, 'learning_rate': 0.025701706326520007}. Best is trial 0 with value: 3.9315433502197266.
[I 2023-12-27 11:33:27,920] Trial 41 finished with value: 11.582167625427246 and parameters: {'gradient_clip_val': 0.25281528343478576, 'hidden_size': 10, 'dropout': 0.3236815890979258, 'hidden_continuous_size': 6, 'attention_head_size': 2, 'learning_rate': 0.010391734992824928}. Best is trial 0 with value: 3.9315433502197266.
[I 2023-12-27 11:33:28,286] Trial 42 finished with value: 12.556729316711426 and parameters: {'gradient_clip_val': 0.2389959987286229, 'hidden_size': 8, 'dropout': 0.29983339438510964, 'hidden_continuous_size': 6, 'attention_head_size': 2, 'learning_rate': 0.013663781646419942}. Best is trial 0 with value: 3.9315433502197266.
[I 2023-12-27 11:33:28,866] Trial 43 finished with value: 12.696571350097656 and parameters: {'gradient_clip_val': 0.2772178476248967, 'hidden_size': 6, 'dropout': 0.2674519869024507, 'hidden_continuous_size': 5, 'attention_head_size': 2, 'learning_rate': 0.017056492609590957}. Best is trial 0 with value: 3.9315433502197266.
[I 2023-12-27 11:33:29,246] Trial 44 finished with value: 17.839317321777344 and parameters: {'gradient_clip_val': 0.21100428578329947, 'hidden_size': 10, 'dropout': 0.32175533643900084, 'hidden_continuous_size': 6, 'attention_head_size': 2, 'learning_rate': 0.009490599347955892}. Best is trial 0 with value: 3.9315433502197266.
[I 2023-12-27 11:33:29,629] Trial 45 finished with value: 10.902422904968262 and parameters: {'gradient_clip_val': 0.30072505001888006, 'hidden_size': 9, 'dropout': 0.29611141264728263, 'hidden_continuous_size': 7, 'attention_head_size': 3, 'learning_rate': 0.011759274890124762}. Best is trial 0 with value: 3.9315433502197266.
[I 2023-12-27 11:33:30,002] Trial 46 finished with value: 17.213911056518555 and parameters: {'gradient_clip_val': 0.1630893828603866, 'hidden_size': 12, 'dropout': 0.3481187199485267, 'hidden_continuous_size': 6, 'attention_head_size': 2, 'learning_rate': 0.020219935815366276}. Best is trial 0 with value: 3.9315433502197266.
[I 2023-12-27 11:33:30,387] Trial 47 finished with value: 11.804702758789062 and parameters: {'gradient_clip_val': 0.24761282862583756, 'hidden_size': 6, 'dropout': 0.241197866337177, 'hidden_continuous_size': 5, 'attention_head_size': 3, 'learning_rate': 0.006731011247127872}. Best is trial 0 with value: 3.9315433502197266.
[I 2023-12-27 11:33:30,765] Trial 48 finished with value: 15.341113090515137 and parameters: {'gradient_clip_val': 0.32447780577138957, 'hidden_size': 14, 'dropout': 0.4987965279656424, 'hidden_continuous_size': 9, 'attention_head_size': 2, 'learning_rate': 0.026623731122279747}. Best is trial 0 with value: 3.9315433502197266.
[I 2023-12-27 11:33:31,131] Trial 49 finished with value: 12.945340156555176 and parameters: {'gradient_clip_val': 0.2679157933261656, 'hidden_size': 11, 'dropout': 0.27456271884211986, 'hidden_continuous_size': 8, 'attention_head_size': 2, 'learning_rate': 0.01581586644608304}. Best is trial 0 with value: 3.9315433502197266.
