[I 2023-12-27 11:24:01,203] Trial 39 finished with value: 176.35321044921875 and parameters: {'gradient_clip_val': 0.10273380248347501, 'hidden_size': 65, 'dropout': 0.10128412778621476, 'hidden_continuous_size': 27, 'attention_head_size': 2, 'learning_rate': 0.047443002939043084}. Best is trial 0 with value: 57.75250244140625.
[I 2023-12-27 11:24:01,616] Trial 40 finished with value: 138.9493865966797 and parameters: {'gradient_clip_val': 0.12034770964926726, 'hidden_size': 17, 'dropout': 0.3286906471467435, 'hidden_continuous_size': 8, 'attention_head_size': 3, 'learning_rate': 0.02819445348744345}. Best is trial 0 with value: 57.75250244140625.
[I 2023-12-27 11:24:02,026] Trial 41 finished with value: 166.8882293701172 and parameters: {'gradient_clip_val': 0.10740920713087022, 'hidden_size': 25, 'dropout': 0.2681999417480255, 'hidden_continuous_size': 12, 'attention_head_size': 1, 'learning_rate': 0.06174922622401092}. Best is trial 0 with value: 57.75250244140625.
[I 2023-12-27 11:24:02,441] Trial 42 finished with value: 149.34800720214844 and parameters: {'gradient_clip_val': 0.10111955027982814, 'hidden_size': 26, 'dropout': 0.2846837366003097, 'hidden_continuous_size': 10, 'attention_head_size': 1, 'learning_rate': 0.07416357956488487}. Best is trial 0 with value: 57.75250244140625.
[I 2023-12-27 11:24:02,836] Trial 43 finished with value: 201.8298797607422 and parameters: {'gradient_clip_val': 0.11886037031331888, 'hidden_size': 21, 'dropout': 0.2556035076798193, 'hidden_continuous_size': 9, 'attention_head_size': 1, 'learning_rate': 0.06839512945278517}. Best is trial 0 with value: 57.75250244140625.
[I 2023-12-27 11:24:03,243] Trial 44 finished with value: 143.61773681640625 and parameters: {'gradient_clip_val': 0.14129841544207497, 'hidden_size': 15, 'dropout': 0.20480232530037962, 'hidden_continuous_size': 7, 'attention_head_size': 2, 'learning_rate': 0.05165657263734094}. Best is trial 0 with value: 57.75250244140625.
[I 2023-12-27 11:24:03,619] Trial 45 finished with value: 178.01307678222656 and parameters: {'gradient_clip_val': 0.15823847497864896, 'hidden_size': 11, 'dropout': 0.3084573044486545, 'hidden_continuous_size': 8, 'attention_head_size': 1, 'learning_rate': 0.03549949205738238}. Best is trial 0 with value: 57.75250244140625.
[I 2023-12-27 11:24:04,050] Trial 46 finished with value: 175.18927001953125 and parameters: {'gradient_clip_val': 0.27920811461101264, 'hidden_size': 30, 'dropout': 0.23000610826543016, 'hidden_continuous_size': 10, 'attention_head_size': 3, 'learning_rate': 0.08057120385204282}. Best is trial 0 with value: 57.75250244140625.
[I 2023-12-27 11:24:04,439] Trial 47 finished with value: 169.50450134277344 and parameters: {'gradient_clip_val': 0.23161787335411924, 'hidden_size': 17, 'dropout': 0.26382515888293456, 'hidden_continuous_size': 8, 'attention_head_size': 2, 'learning_rate': 0.0575044271126293}. Best is trial 0 with value: 57.75250244140625.
[I 2023-12-27 11:24:05,069] Trial 48 finished with value: 171.7006072998047 and parameters: {'gradient_clip_val': 0.3379337372929673, 'hidden_size': 19, 'dropout': 0.2808559600645095, 'hidden_continuous_size': 9, 'attention_head_size': 3, 'learning_rate': 0.00922633912861523}. Best is trial 0 with value: 57.75250244140625.
[I 2023-12-27 11:24:05,469] Trial 49 finished with value: 159.10865783691406 and parameters: {'gradient_clip_val': 0.16905947646108066, 'hidden_size': 13, 'dropout': 0.3570130027195251, 'hidden_continuous_size': 7, 'attention_head_size': 2, 'learning_rate': 0.018102942585716}. Best is trial 0 with value: 57.75250244140625.
[I 2023-12-27 11:24:05,590] A new study created in memory with name: no-name-85127496-6412-495f-a824-4678352c36e4
/home/le004/conda/anaconda3/envs/tsff_env/lib/python3.9/site-packages/lightning/fabric/plugins/environments/slurm.py:191: The `srun` command is available on your system but is not used. HINT: If your intention is to run Lightning on SLURM, prepend your python command with `srun` like so: srun python /home/le004/master_thesis/git/TSFusionForecast/code/ ...
[I 2023-12-27 11:24:51,816] Trial 0 finished with value: 79.31246948242188 and parameters: {'gradient_clip_val': 0.22957208651307445, 'hidden_size': 92, 'dropout': 0.1105789474072203, 'hidden_continuous_size': 5, 'attention_head_size': 2, 'learning_rate': 0.0015588775626799334}. Best is trial 0 with value: 79.31246948242188.
[I 2023-12-27 11:25:00,612] Trial 1 finished with value: 340.7830505371094 and parameters: {'gradient_clip_val': 0.9833880887345955, 'hidden_size': 7, 'dropout': 0.45035348770007244, 'hidden_continuous_size': 6, 'attention_head_size': 4, 'learning_rate': 0.0021133590590262}. Best is trial 0 with value: 79.31246948242188.
[I 2023-12-27 11:25:01,003] Trial 2 finished with value: 282.6282653808594 and parameters: {'gradient_clip_val': 0.167599268941726, 'hidden_size': 38, 'dropout': 0.4074433744935212, 'hidden_continuous_size': 32, 'attention_head_size': 3, 'learning_rate': 0.014600559874556369}. Best is trial 0 with value: 79.31246948242188.
[I 2023-12-27 11:25:01,515] Trial 3 finished with value: 282.1333312988281 and parameters: {'gradient_clip_val': 0.7668238146140661, 'hidden_size': 115, 'dropout': 0.14104779671259737, 'hidden_continuous_size': 24, 'attention_head_size': 4, 'learning_rate': 0.000742227796721215}. Best is trial 0 with value: 79.31246948242188.
[I 2023-12-27 11:25:01,882] Trial 4 finished with value: 361.1381530761719 and parameters: {'gradient_clip_val': 0.3020161697423412, 'hidden_size': 26, 'dropout': 0.42002808980740525, 'hidden_continuous_size': 17, 'attention_head_size': 1, 'learning_rate': 0.030626956405436088}. Best is trial 0 with value: 79.31246948242188.
[I 2023-12-27 11:25:02,434] Trial 5 finished with value: 239.8585968017578 and parameters: {'gradient_clip_val': 0.2008350223664593, 'hidden_size': 146, 'dropout': 0.282140729144994, 'hidden_continuous_size': 8, 'attention_head_size': 1, 'learning_rate': 0.0009748976122543126}. Best is trial 0 with value: 79.31246948242188.
[I 2023-12-27 11:25:02,867] Trial 6 finished with value: 295.90704345703125 and parameters: {'gradient_clip_val': 0.36451588433800247, 'hidden_size': 88, 'dropout': 0.286698353117298, 'hidden_continuous_size': 5, 'attention_head_size': 1, 'learning_rate': 0.0014798036907590778}. Best is trial 0 with value: 79.31246948242188.
[I 2023-12-27 11:25:03,315] Trial 7 finished with value: 331.0719909667969 and parameters: {'gradient_clip_val': 0.21190340493847012, 'hidden_size': 86, 'dropout': 0.38246990560314864, 'hidden_continuous_size': 29, 'attention_head_size': 1, 'learning_rate': 0.043439338347843526}. Best is trial 0 with value: 79.31246948242188.
[I 2023-12-27 11:25:03,649] Trial 8 finished with value: 238.5392303466797 and parameters: {'gradient_clip_val': 0.1410343129985377, 'hidden_size': 9, 'dropout': 0.28080086293071993, 'hidden_continuous_size': 9, 'attention_head_size': 4, 'learning_rate': 0.0036001900478201078}. Best is trial 0 with value: 79.31246948242188.
[I 2023-12-27 11:25:04,201] Trial 9 finished with value: 191.22686767578125 and parameters: {'gradient_clip_val': 0.5870113400304143, 'hidden_size': 8, 'dropout': 0.144611696246744, 'hidden_continuous_size': 5, 'attention_head_size': 2, 'learning_rate': 0.001734701962657675}. Best is trial 0 with value: 79.31246948242188.
[I 2023-12-27 11:25:04,626] Trial 10 finished with value: 346.4091491699219 and parameters: {'gradient_clip_val': 0.10218307275955858, 'hidden_size': 47, 'dropout': 0.11121857077559372, 'hidden_continuous_size': 12, 'attention_head_size': 2, 'learning_rate': 0.007107708499405282}. Best is trial 0 with value: 79.31246948242188.
[I 2023-12-27 11:25:05,006] Trial 11 finished with value: 277.5169677734375 and parameters: {'gradient_clip_val': 0.5088943649650481, 'hidden_size': 14, 'dropout': 0.17978776887686826, 'hidden_continuous_size': 5, 'attention_head_size': 2, 'learning_rate': 0.0006068392205805749}. Best is trial 0 with value: 79.31246948242188.
[I 2023-12-27 11:25:05,360] Trial 12 finished with value: 406.0115661621094 and parameters: {'gradient_clip_val': 0.4988416443185337, 'hidden_size': 5, 'dropout': 0.19573226971012986, 'hidden_continuous_size': 5, 'attention_head_size': 2, 'learning_rate': 0.0027844295334365117}. Best is trial 0 with value: 79.31246948242188.
[I 2023-12-27 11:25:05,736] Trial 13 finished with value: 246.05470275878906 and parameters: {'gradient_clip_val': 0.2787362318364371, 'hidden_size': 17, 'dropout': 0.11180442955598507, 'hidden_continuous_size': 6, 'attention_head_size': 3, 'learning_rate': 0.004841467058051739}. Best is trial 0 with value: 79.31246948242188.
[I 2023-12-27 11:25:06,174] Trial 14 finished with value: 286.6424255371094 and parameters: {'gradient_clip_val': 0.42914955118172415, 'hidden_size': 56, 'dropout': 0.20289308404416673, 'hidden_continuous_size': 49, 'attention_head_size': 3, 'learning_rate': 0.0014146829793220408}. Best is trial 0 with value: 79.31246948242188.
[I 2023-12-27 11:25:06,562] Trial 15 finished with value: 224.97930908203125 and parameters: {'gradient_clip_val': 0.6213710883170871, 'hidden_size': 24, 'dropout': 0.10061779113094668, 'hidden_continuous_size': 7, 'attention_head_size': 2, 'learning_rate': 0.09033255954235926}. Best is trial 0 with value: 79.31246948242188.
[I 2023-12-27 11:25:06,946] Trial 16 finished with value: 276.2193298339844 and parameters: {'gradient_clip_val': 0.2752795492434365, 'hidden_size': 14, 'dropout': 0.16271621891645688, 'hidden_continuous_size': 6, 'attention_head_size': 2, 'learning_rate': 0.0017768762252386812}. Best is trial 0 with value: 79.31246948242188.
[I 2023-12-27 11:25:07,381] Trial 17 finished with value: 229.0845947265625 and parameters: {'gradient_clip_val': 0.4096950515593296, 'hidden_size': 58, 'dropout': 0.2297672969312935, 'hidden_continuous_size': 10, 'attention_head_size': 3, 'learning_rate': 0.0005839874458661064}. Best is trial 0 with value: 79.31246948242188.
[I 2023-12-27 11:25:07,768] Trial 18 finished with value: 327.9384765625 and parameters: {'gradient_clip_val': 0.622257311752092, 'hidden_size': 9, 'dropout': 0.22739183001579238, 'hidden_continuous_size': 5, 'attention_head_size': 2, 'learning_rate': 0.001022240966122571}. Best is trial 0 with value: 79.31246948242188.
[I 2023-12-27 11:25:08,158] Trial 19 finished with value: 192.88523864746094 and parameters: {'gradient_clip_val': 0.3558046266606778, 'hidden_size': 32, 'dropout': 0.14732982369770262, 'hidden_continuous_size': 7, 'attention_head_size': 3, 'learning_rate': 0.0046121943376651086}. Best is trial 0 with value: 79.31246948242188.
[I 2023-12-27 11:25:08,540] Trial 20 finished with value: 322.18585205078125 and parameters: {'gradient_clip_val': 0.25776553305977296, 'hidden_size': 20, 'dropout': 0.1421694594461562, 'hidden_continuous_size': 6, 'attention_head_size': 1, 'learning_rate': 0.002465091491649336}. Best is trial 0 with value: 79.31246948242188.
[I 2023-12-27 11:25:08,940] Trial 21 finished with value: 255.43858337402344 and parameters: {'gradient_clip_val': 0.36241902358485334, 'hidden_size': 35, 'dropout': 0.14081155459490147, 'hidden_continuous_size': 7, 'attention_head_size': 3, 'learning_rate': 0.0052384606235668365}. Best is trial 0 with value: 79.31246948242188.
[I 2023-12-27 11:25:09,321] Trial 22 finished with value: 231.8233642578125 and parameters: {'gradient_clip_val': 0.31329405658367043, 'hidden_size': 32, 'dropout': 0.1508700858974196, 'hidden_continuous_size': 8, 'attention_head_size': 2, 'learning_rate': 0.003221564189177952}. Best is trial 0 with value: 79.31246948242188.
[I 2023-12-27 11:25:09,991] Trial 23 finished with value: 251.57325744628906 and parameters: {'gradient_clip_val': 0.2344407373941119, 'hidden_size': 64, 'dropout': 0.1845936130214889, 'hidden_continuous_size': 11, 'attention_head_size': 3, 'learning_rate': 0.008289068742010105}. Best is trial 0 with value: 79.31246948242188.
[I 2023-12-27 11:25:10,409] Trial 24 finished with value: 282.15838623046875 and parameters: {'gradient_clip_val': 0.35509130780083126, 'hidden_size': 40, 'dropout': 0.10973570098708785, 'hidden_continuous_size': 7, 'attention_head_size': 2, 'learning_rate': 0.001359206048456951}. Best is trial 0 with value: 79.31246948242188.
[I 2023-12-27 11:25:10,804] Trial 25 finished with value: 316.3092956542969 and parameters: {'gradient_clip_val': 0.2305380655005716, 'hidden_size': 27, 'dropout': 0.2411556088213372, 'hidden_continuous_size': 5, 'attention_head_size': 3, 'learning_rate': 0.002251621329675388}. Best is trial 0 with value: 79.31246948242188.
[I 2023-12-27 11:25:11,263] Trial 26 finished with value: 298.5088195800781 and parameters: {'gradient_clip_val': 0.44727345014150155, 'hidden_size': 77, 'dropout': 0.15924608981877675, 'hidden_continuous_size': 13, 'attention_head_size': 2, 'learning_rate': 0.0039961450657324035}. Best is trial 0 with value: 79.31246948242188.
[I 2023-12-27 11:25:11,693] Trial 27 finished with value: 396.5844421386719 and parameters: {'gradient_clip_val': 0.33151740054658585, 'hidden_size': 50, 'dropout': 0.13031037675499732, 'hidden_continuous_size': 10, 'attention_head_size': 3, 'learning_rate': 0.0009718992480475492}. Best is trial 0 with value: 79.31246948242188.
[I 2023-12-27 11:25:12,111] Trial 28 finished with value: 270.50933837890625 and parameters: {'gradient_clip_val': 0.5401671895142917, 'hidden_size': 43, 'dropout': 0.16939723228752976, 'hidden_continuous_size': 8, 'attention_head_size': 4, 'learning_rate': 0.001972437616243358}. Best is trial 0 with value: 79.31246948242188.
[I 2023-12-27 11:25:12,455] Trial 29 finished with value: 283.4220886230469 and parameters: {'gradient_clip_val': 0.8948359383276614, 'hidden_size': 5, 'dropout': 0.20617124383886964, 'hidden_continuous_size': 5, 'attention_head_size': 4, 'learning_rate': 0.002577848577402626}. Best is trial 0 with value: 79.31246948242188.
[I 2023-12-27 11:25:12,911] Trial 30 finished with value: 287.8870544433594 and parameters: {'gradient_clip_val': 0.4012162927095425, 'hidden_size': 70, 'dropout': 0.1006943932729404, 'hidden_continuous_size': 14, 'attention_head_size': 2, 'learning_rate': 0.00182399697754569}. Best is trial 0 with value: 79.31246948242188.
[I 2023-12-27 11:25:13,295] Trial 31 finished with value: 272.6416931152344 and parameters: {'gradient_clip_val': 0.6900007190171046, 'hidden_size': 22, 'dropout': 0.10177699709930127, 'hidden_continuous_size': 7, 'attention_head_size': 2, 'learning_rate': 0.09083187012678544}. Best is trial 0 with value: 79.31246948242188.
[I 2023-12-27 11:25:13,700] Trial 32 finished with value: 263.90234375 and parameters: {'gradient_clip_val': 0.5857948633306459, 'hidden_size': 31, 'dropout': 0.1275472700044153, 'hidden_continuous_size': 6, 'attention_head_size': 2, 'learning_rate': 0.010094813228719315}. Best is trial 0 with value: 79.31246948242188.
[I 2023-12-27 11:25:14,213] Trial 33 finished with value: 289.731201171875 and parameters: {'gradient_clip_val': 0.7763706317644752, 'hidden_size': 106, 'dropout': 0.1284877128371884, 'hidden_continuous_size': 9, 'attention_head_size': 3, 'learning_rate': 0.0054168839226954235}. Best is trial 0 with value: 79.31246948242188.
[I 2023-12-27 11:25:14,633] Trial 34 finished with value: 256.5665588378906 and parameters: {'gradient_clip_val': 0.9197183664429867, 'hidden_size': 47, 'dropout': 0.16864240857840074, 'hidden_continuous_size': 7, 'attention_head_size': 2, 'learning_rate': 0.011862523927546834}. Best is trial 0 with value: 79.31246948242188.
[I 2023-12-27 11:25:15,034] Trial 35 finished with value: 304.3819885253906 and parameters: {'gradient_clip_val': 0.6680233394456412, 'hidden_size': 37, 'dropout': 0.15043062821973693, 'hidden_continuous_size': 6, 'attention_head_size': 1, 'learning_rate': 0.016356300980193642}. Best is trial 0 with value: 79.31246948242188.
[I 2023-12-27 11:25:15,827] Trial 36 finished with value: 256.91253662109375 and parameters: {'gradient_clip_val': 0.4889717040225284, 'hidden_size': 137, 'dropout': 0.13330121927238836, 'hidden_continuous_size': 18, 'attention_head_size': 2, 'learning_rate': 0.003940253822347413}. Best is trial 0 with value: 79.31246948242188.
[I 2023-12-27 11:25:16,331] Trial 37 finished with value: 270.7247009277344 and parameters: {'gradient_clip_val': 0.5570001395949806, 'hidden_size': 100, 'dropout': 0.17628996625836335, 'hidden_continuous_size': 14, 'attention_head_size': 1, 'learning_rate': 0.021141889952880053}. Best is trial 0 with value: 79.31246948242188.
[I 2023-12-27 11:25:16,718] Trial 38 finished with value: 283.96453857421875 and parameters: {'gradient_clip_val': 0.7858292708343468, 'hidden_size': 26, 'dropout': 0.1226442963230667, 'hidden_continuous_size': 5, 'attention_head_size': 3, 'learning_rate': 0.006732536317603267}. Best is trial 0 with value: 79.31246948242188.
[I 2023-12-27 11:25:17,176] Trial 39 finished with value: 278.8228454589844 and parameters: {'gradient_clip_val': 0.6410916325074985, 'hidden_size': 82, 'dropout': 0.14845016925459217, 'hidden_continuous_size': 9, 'attention_head_size': 1, 'learning_rate': 0.0031910320869492897}. Best is trial 0 with value: 79.31246948242188.
[I 2023-12-27 11:25:17,552] Trial 40 finished with value: 301.2023620605469 and parameters: {'gradient_clip_val': 0.17352185958722904, 'hidden_size': 11, 'dropout': 0.10448951585344046, 'hidden_continuous_size': 6, 'attention_head_size': 2, 'learning_rate': 0.04170493784921426}. Best is trial 0 with value: 79.31246948242188.
[I 2023-12-27 11:25:17,989] Trial 41 finished with value: 245.92462158203125 and parameters: {'gradient_clip_val': 0.4059053292985936, 'hidden_size': 60, 'dropout': 0.22088126732213048, 'hidden_continuous_size': 10, 'attention_head_size': 3, 'learning_rate': 0.0006590200009878996}. Best is trial 0 with value: 79.31246948242188.
[I 2023-12-27 11:25:18,447] Trial 42 finished with value: 417.8825378417969 and parameters: {'gradient_clip_val': 0.45912953981621596, 'hidden_size': 69, 'dropout': 0.18660688268470388, 'hidden_continuous_size': 8, 'attention_head_size': 4, 'learning_rate': 0.0008295189024723671}. Best is trial 0 with value: 79.31246948242188.
[I 2023-12-27 11:25:18,870] Trial 43 finished with value: 315.6937561035156 and parameters: {'gradient_clip_val': 0.5324330903173837, 'hidden_size': 56, 'dropout': 0.2572346767011478, 'hidden_continuous_size': 7, 'attention_head_size': 3, 'learning_rate': 0.0005154380628580852}. Best is trial 0 with value: 79.31246948242188.
[I 2023-12-27 11:25:19,238] Trial 44 finished with value: 272.43115234375 and parameters: {'gradient_clip_val': 0.3312194805618231, 'hidden_size': 6, 'dropout': 0.19729812478455355, 'hidden_continuous_size': 5, 'attention_head_size': 3, 'learning_rate': 0.0013542430210112223}. Best is trial 0 with value: 79.31246948242188.
[I 2023-12-27 11:25:19,668] Trial 45 finished with value: 332.3512268066406 and parameters: {'gradient_clip_val': 0.40052808324341127, 'hidden_size': 53, 'dropout': 0.3135950602562323, 'hidden_continuous_size': 11, 'attention_head_size': 2, 'learning_rate': 0.0007183602616131667}. Best is trial 0 with value: 79.31246948242188.
[I 2023-12-27 11:25:20,148] Trial 46 finished with value: 252.13145446777344 and parameters: {'gradient_clip_val': 0.292877600927577, 'hidden_size': 89, 'dropout': 0.11964006563880847, 'hidden_continuous_size': 16, 'attention_head_size': 3, 'learning_rate': 0.0010743440709290771}. Best is trial 0 with value: 79.31246948242188.
[I 2023-12-27 11:25:20,564] Trial 47 finished with value: 294.2791442871094 and parameters: {'gradient_clip_val': 0.4675956163538292, 'hidden_size': 43, 'dropout': 0.16209786703876095, 'hidden_continuous_size': 6, 'attention_head_size': 2, 'learning_rate': 0.0005783116466898486}. Best is trial 0 with value: 79.31246948242188.
[I 2023-12-27 11:25:20,951] Trial 48 finished with value: 307.5502624511719 and parameters: {'gradient_clip_val': 0.4990311127079241, 'hidden_size': 21, 'dropout': 0.13852322163678246, 'hidden_continuous_size': 9, 'attention_head_size': 3, 'learning_rate': 0.0017050170408898504}. Best is trial 0 with value: 79.31246948242188.
[I 2023-12-27 11:25:21,587] Trial 49 finished with value: 300.5330505371094 and parameters: {'gradient_clip_val': 0.37165447069530144, 'hidden_size': 8, 'dropout': 0.12191395759662862, 'hidden_continuous_size': 5, 'attention_head_size': 2, 'learning_rate': 0.0028675994941139028}. Best is trial 0 with value: 79.31246948242188.
[I 2023-12-27 11:25:21,698] A new study created in memory with name: no-name-378faafb-675e-4082-a06e-5a4e4b239819
/home/le004/conda/anaconda3/envs/tsff_env/lib/python3.9/site-packages/lightning/fabric/plugins/environments/slurm.py:191: The `srun` command is available on your system but is not used. HINT: If your intention is to run Lightning on SLURM, prepend your python command with `srun` like so: srun python /home/le004/master_thesis/git/TSFusionForecast/code/ ...
[I 2023-12-27 11:25:56,215] Trial 0 finished with value: 414.9359130859375 and parameters: {'gradient_clip_val': 0.13309494688441872, 'hidden_size': 131, 'dropout': 0.34504780862931145, 'hidden_continuous_size': 6, 'attention_head_size': 3, 'learning_rate': 0.004310083913363218}. Best is trial 0 with value: 414.9359130859375.
[I 2023-12-27 11:25:56,602] Trial 1 finished with value: 1855.4036865234375 and parameters: {'gradient_clip_val': 0.20804845939191594, 'hidden_size': 40, 'dropout': 0.12301286757777317, 'hidden_continuous_size': 19, 'attention_head_size': 3, 'learning_rate': 0.0018199212224129545}. Best is trial 0 with value: 414.9359130859375.
[I 2023-12-27 11:25:57,011] Trial 2 finished with value: 1452.8265380859375 and parameters: {'gradient_clip_val': 0.2570094790372044, 'hidden_size': 57, 'dropout': 0.12350389929948023, 'hidden_continuous_size': 12, 'attention_head_size': 4, 'learning_rate': 0.01174138112986255}. Best is trial 0 with value: 414.9359130859375.
