[I 2023-12-27 11:16:17,595] Trial 21 finished with value: 878.858642578125 and parameters: {'gradient_clip_val': 0.5224011247346517, 'hidden_size': 69, 'dropout': 0.39968723317528404, 'hidden_continuous_size': 29, 'attention_head_size': 3, 'learning_rate': 0.009019849143149967}. Best is trial 0 with value: 257.8041687011719.
LOCAL_RANK: 0 - CUDA_VISIBLE_DEVICES: [0]
[I 2023-12-27 11:16:18,105] Trial 22 finished with value: 1431.939453125 and parameters: {'gradient_clip_val': 0.580118796022587, 'hidden_size': 111, 'dropout': 0.3773729790939477, 'hidden_continuous_size': 28, 'attention_head_size': 3, 'learning_rate': 0.009259914440817914}. Best is trial 0 with value: 257.8041687011719.
LOCAL_RANK: 0 - CUDA_VISIBLE_DEVICES: [0]
[I 2023-12-27 11:16:18,613] Trial 23 finished with value: 1186.06005859375 and parameters: {'gradient_clip_val': 0.3917954580274132, 'hidden_size': 76, 'dropout': 0.44154693056089284, 'hidden_continuous_size': 27, 'attention_head_size': 4, 'learning_rate': 0.004874612030653511}. Best is trial 0 with value: 257.8041687011719.
LOCAL_RANK: 0 - CUDA_VISIBLE_DEVICES: [0]
[I 2023-12-27 11:16:19,139] Trial 24 finished with value: 1062.9716796875 and parameters: {'gradient_clip_val': 0.26246873464178705, 'hidden_size': 122, 'dropout': 0.39829192172987343, 'hidden_continuous_size': 53, 'attention_head_size': 3, 'learning_rate': 0.009700865158763923}. Best is trial 0 with value: 257.8041687011719.
LOCAL_RANK: 0 - CUDA_VISIBLE_DEVICES: [0]
[I 2023-12-27 11:16:19,648] Trial 25 finished with value: 851.9994506835938 and parameters: {'gradient_clip_val': 0.4617883247726684, 'hidden_size': 84, 'dropout': 0.32557495134131276, 'hidden_continuous_size': 51, 'attention_head_size': 4, 'learning_rate': 0.003463017723125608}. Best is trial 0 with value: 257.8041687011719.
LOCAL_RANK: 0 - CUDA_VISIBLE_DEVICES: [0]
[I 2023-12-27 11:16:20,172] Trial 26 finished with value: 962.3591918945312 and parameters: {'gradient_clip_val': 0.35322317131611863, 'hidden_size': 116, 'dropout': 0.31722068851099955, 'hidden_continuous_size': 65, 'attention_head_size': 4, 'learning_rate': 0.002940408940397066}. Best is trial 0 with value: 257.8041687011719.
LOCAL_RANK: 0 - CUDA_VISIBLE_DEVICES: [0]
[I 2023-12-27 11:16:20,687] Trial 27 finished with value: 934.6184692382812 and parameters: {'gradient_clip_val': 0.2811272582413693, 'hidden_size': 87, 'dropout': 0.3145448791849741, 'hidden_continuous_size': 49, 'attention_head_size': 4, 'learning_rate': 0.0015980726112370602}. Best is trial 0 with value: 257.8041687011719.
LOCAL_RANK: 0 - CUDA_VISIBLE_DEVICES: [0]
[I 2023-12-27 11:16:21,177] Trial 28 finished with value: 1233.1483154296875 and parameters: {'gradient_clip_val': 0.4360161547207242, 'hidden_size': 116, 'dropout': 0.256229555313275, 'hidden_continuous_size': 76, 'attention_head_size': 4, 'learning_rate': 0.0035887353011750337}. Best is trial 0 with value: 257.8041687011719.
LOCAL_RANK: 0 - CUDA_VISIBLE_DEVICES: [0]
[I 2023-12-27 11:16:21,668] Trial 29 finished with value: 1178.7401123046875 and parameters: {'gradient_clip_val': 0.35176617616017075, 'hidden_size': 56, 'dropout': 0.3707865353711756, 'hidden_continuous_size': 37, 'attention_head_size': 4, 'learning_rate': 0.0021775182350304225}. Best is trial 0 with value: 257.8041687011719.
LOCAL_RANK: 0 - CUDA_VISIBLE_DEVICES: [0]
[I 2023-12-27 11:16:22,194] Trial 30 finished with value: 904.134765625 and parameters: {'gradient_clip_val': 0.25743356623520985, 'hidden_size': 150, 'dropout': 0.3235748913240798, 'hidden_continuous_size': 146, 'attention_head_size': 4, 'learning_rate': 0.006014921895452997}. Best is trial 0 with value: 257.8041687011719.
LOCAL_RANK: 0 - CUDA_VISIBLE_DEVICES: [0]
[I 2023-12-27 11:16:22,707] Trial 31 finished with value: 944.5618286132812 and parameters: {'gradient_clip_val': 0.4561949751877583, 'hidden_size': 81, 'dropout': 0.4092650828096783, 'hidden_continuous_size': 31, 'attention_head_size': 3, 'learning_rate': 0.0038800058143434457}. Best is trial 0 with value: 257.8041687011719.
LOCAL_RANK: 0 - CUDA_VISIBLE_DEVICES: [0]
[I 2023-12-27 11:16:23,187] Trial 32 finished with value: 990.3400268554688 and parameters: {'gradient_clip_val': 0.6179205784811476, 'hidden_size': 69, 'dropout': 0.37147566643437274, 'hidden_continuous_size': 23, 'attention_head_size': 3, 'learning_rate': 0.008577089539222562}. Best is trial 0 with value: 257.8041687011719.
LOCAL_RANK: 0 - CUDA_VISIBLE_DEVICES: [0]
[I 2023-12-27 11:16:23,710] Trial 33 finished with value: 1069.688232421875 and parameters: {'gradient_clip_val': 0.5030683985472844, 'hidden_size': 88, 'dropout': 0.3469952472099491, 'hidden_continuous_size': 45, 'attention_head_size': 4, 'learning_rate': 0.0009906773104850302}. Best is trial 0 with value: 257.8041687011719.
LOCAL_RANK: 0 - CUDA_VISIBLE_DEVICES: [0]
[I 2023-12-27 11:16:24,511] Trial 34 finished with value: 1007.7517700195312 and parameters: {'gradient_clip_val': 0.6528032456854045, 'hidden_size': 118, 'dropout': 0.3772621475294524, 'hidden_continuous_size': 36, 'attention_head_size': 3, 'learning_rate': 0.005140082902842096}. Best is trial 0 with value: 257.8041687011719.
LOCAL_RANK: 0 - CUDA_VISIBLE_DEVICES: [0]
[I 2023-12-27 11:16:25,010] Trial 35 finished with value: 1191.69580078125 and parameters: {'gradient_clip_val': 0.7580045657398496, 'hidden_size': 60, 'dropout': 0.29884847950400095, 'hidden_continuous_size': 25, 'attention_head_size': 4, 'learning_rate': 0.0006230019068676784}. Best is trial 0 with value: 257.8041687011719.
LOCAL_RANK: 0 - CUDA_VISIBLE_DEVICES: [0]
[I 2023-12-27 11:16:25,490] Trial 36 finished with value: 1025.3858642578125 and parameters: {'gradient_clip_val': 0.5805601456697074, 'hidden_size': 122, 'dropout': 0.43905545044860445, 'hidden_continuous_size': 53, 'attention_head_size': 3, 'learning_rate': 0.01208820761459075}. Best is trial 0 with value: 257.8041687011719.
LOCAL_RANK: 0 - CUDA_VISIBLE_DEVICES: [0]
[I 2023-12-27 11:16:26,001] Trial 37 finished with value: 925.916748046875 and parameters: {'gradient_clip_val': 0.43234309178716873, 'hidden_size': 79, 'dropout': 0.4159760561234448, 'hidden_continuous_size': 21, 'attention_head_size': 3, 'learning_rate': 0.006640136701689}. Best is trial 0 with value: 257.8041687011719.
LOCAL_RANK: 0 - CUDA_VISIBLE_DEVICES: [0]
[I 2023-12-27 11:16:26,505] Trial 38 finished with value: 836.5161743164062 and parameters: {'gradient_clip_val': 0.5452746259432242, 'hidden_size': 98, 'dropout': 0.33990946953303947, 'hidden_continuous_size': 42, 'attention_head_size': 2, 'learning_rate': 0.019766560042612888}. Best is trial 0 with value: 257.8041687011719.
LOCAL_RANK: 0 - CUDA_VISIBLE_DEVICES: [0]
[I 2023-12-27 11:16:27,027] Trial 39 finished with value: 1152.385986328125 and parameters: {'gradient_clip_val': 0.6946105577417258, 'hidden_size': 128, 'dropout': 0.2845209063636802, 'hidden_continuous_size': 63, 'attention_head_size': 2, 'learning_rate': 0.01964626156417335}. Best is trial 0 with value: 257.8041687011719.
LOCAL_RANK: 0 - CUDA_VISIBLE_DEVICES: [0]
[I 2023-12-27 11:16:27,530] Trial 40 finished with value: 1176.5714111328125 and parameters: {'gradient_clip_val': 0.3465747048409382, 'hidden_size': 106, 'dropout': 0.341385096633203, 'hidden_continuous_size': 41, 'attention_head_size': 2, 'learning_rate': 0.022133250031877764}. Best is trial 0 with value: 257.8041687011719.
LOCAL_RANK: 0 - CUDA_VISIBLE_DEVICES: [0]
[I 2023-12-27 11:16:28,010] Trial 41 finished with value: 793.2844848632812 and parameters: {'gradient_clip_val': 0.5247729914187776, 'hidden_size': 95, 'dropout': 0.360787987660278, 'hidden_continuous_size': 31, 'attention_head_size': 2, 'learning_rate': 0.012126710503083766}. Best is trial 0 with value: 257.8041687011719.
LOCAL_RANK: 0 - CUDA_VISIBLE_DEVICES: [0]
[I 2023-12-27 11:16:28,496] Trial 42 finished with value: 1109.9271240234375 and parameters: {'gradient_clip_val': 0.5396802890380468, 'hidden_size': 98, 'dropout': 0.3562759793910525, 'hidden_continuous_size': 33, 'attention_head_size': 2, 'learning_rate': 0.014920978864219406}. Best is trial 0 with value: 257.8041687011719.
LOCAL_RANK: 0 - CUDA_VISIBLE_DEVICES: [0]
[I 2023-12-27 11:16:29,011] Trial 43 finished with value: 1077.8956298828125 and parameters: {'gradient_clip_val': 0.8112528312869287, 'hidden_size': 131, 'dropout': 0.32581997876798785, 'hidden_continuous_size': 43, 'attention_head_size': 2, 'learning_rate': 0.013672576674252942}. Best is trial 0 with value: 257.8041687011719.
LOCAL_RANK: 0 - CUDA_VISIBLE_DEVICES: [0]
[I 2023-12-27 11:16:29,486] Trial 44 finished with value: 844.0521850585938 and parameters: {'gradient_clip_val': 0.9990680683603388, 'hidden_size': 100, 'dropout': 0.3593299317204034, 'hidden_continuous_size': 36, 'attention_head_size': 2, 'learning_rate': 0.010993745027984909}. Best is trial 0 with value: 257.8041687011719.
LOCAL_RANK: 0 - CUDA_VISIBLE_DEVICES: [0]
[I 2023-12-27 11:16:29,996] Trial 45 finished with value: 1030.030029296875 and parameters: {'gradient_clip_val': 0.9388612396651451, 'hidden_size': 134, 'dropout': 0.30630709416734825, 'hidden_continuous_size': 37, 'attention_head_size': 2, 'learning_rate': 0.026141560432265367}. Best is trial 0 with value: 257.8041687011719.
LOCAL_RANK: 0 - CUDA_VISIBLE_DEVICES: [0]
[I 2023-12-27 11:16:30,472] Trial 46 finished with value: 1119.9443359375 and parameters: {'gradient_clip_val': 0.9807078708564086, 'hidden_size': 84, 'dropout': 0.36064869454840875, 'hidden_continuous_size': 51, 'attention_head_size': 2, 'learning_rate': 0.016807189155544907}. Best is trial 0 with value: 257.8041687011719.
LOCAL_RANK: 0 - CUDA_VISIBLE_DEVICES: [0]
[I 2023-12-27 11:16:31,200] Trial 47 finished with value: 1389.2252197265625 and parameters: {'gradient_clip_val': 0.8636611602459149, 'hidden_size': 37, 'dropout': 0.3306905740000305, 'hidden_continuous_size': 26, 'attention_head_size': 2, 'learning_rate': 0.011097461104029307}. Best is trial 0 with value: 257.8041687011719.
LOCAL_RANK: 0 - CUDA_VISIBLE_DEVICES: [0]
[I 2023-12-27 11:16:31,690] Trial 48 finished with value: 1151.5338134765625 and parameters: {'gradient_clip_val': 0.6931966795635365, 'hidden_size': 57, 'dropout': 0.3416414645689682, 'hidden_continuous_size': 40, 'attention_head_size': 1, 'learning_rate': 0.011342712172100715}. Best is trial 0 with value: 257.8041687011719.
LOCAL_RANK: 0 - CUDA_VISIBLE_DEVICES: [0]
[I 2023-12-27 11:16:32,196] Trial 49 finished with value: 1269.0390625 and parameters: {'gradient_clip_val': 0.6281365340500837, 'hidden_size': 102, 'dropout': 0.29503505729904506, 'hidden_continuous_size': 18, 'attention_head_size': 2, 'learning_rate': 0.020647147513533703}. Best is trial 0 with value: 257.8041687011719.
[I 2023-12-27 11:16:32,323] A new study created in memory with name: no-name-bd237d6e-6eee-4305-bbd4-02bae725e718
/home/le004/conda/anaconda3/envs/tsff_env/lib/python3.9/site-packages/lightning/fabric/plugins/environments/slurm.py:191: The `srun` command is available on your system but is not used. HINT: If your intention is to run Lightning on SLURM, prepend your python command with `srun` like so: srun python /home/le004/master_thesis/git/TSFusionForecast/code/ ...
LOCAL_RANK: 0 - CUDA_VISIBLE_DEVICES: [0]
[I 2023-12-27 11:16:47,658] Trial 0 finished with value: 951.2487182617188 and parameters: {'gradient_clip_val': 0.26646359672884756, 'hidden_size': 60, 'dropout': 0.3511028142583663, 'hidden_continuous_size': 41, 'attention_head_size': 1, 'learning_rate': 0.07953901049323862}. Best is trial 0 with value: 951.2487182617188.
LOCAL_RANK: 0 - CUDA_VISIBLE_DEVICES: [0]
[I 2023-12-27 11:16:48,113] Trial 1 finished with value: 3380.53515625 and parameters: {'gradient_clip_val': 0.5568586964344409, 'hidden_size': 7, 'dropout': 0.26884544988728654, 'hidden_continuous_size': 6, 'attention_head_size': 4, 'learning_rate': 0.0750161932752561}. Best is trial 0 with value: 951.2487182617188.
LOCAL_RANK: 0 - CUDA_VISIBLE_DEVICES: [0]
[I 2023-12-27 11:16:48,584] Trial 2 finished with value: 3379.109130859375 and parameters: {'gradient_clip_val': 0.6489150969378092, 'hidden_size': 66, 'dropout': 0.3932971676073801, 'hidden_continuous_size': 9, 'attention_head_size': 4, 'learning_rate': 0.003858202904630699}. Best is trial 0 with value: 951.2487182617188.
LOCAL_RANK: 0 - CUDA_VISIBLE_DEVICES: [0]
[I 2023-12-27 11:16:49,035] Trial 3 finished with value: 2983.1474609375 and parameters: {'gradient_clip_val': 0.665011481163489, 'hidden_size': 45, 'dropout': 0.1248856970876521, 'hidden_continuous_size': 10, 'attention_head_size': 2, 'learning_rate': 0.03145418199948803}. Best is trial 0 with value: 951.2487182617188.
LOCAL_RANK: 0 - CUDA_VISIBLE_DEVICES: [0]
[I 2023-12-27 11:16:49,505] Trial 4 finished with value: 2720.390625 and parameters: {'gradient_clip_val': 0.6735811081265771, 'hidden_size': 83, 'dropout': 0.24460373212501607, 'hidden_continuous_size': 13, 'attention_head_size': 1, 'learning_rate': 0.03828698791228726}. Best is trial 0 with value: 951.2487182617188.
LOCAL_RANK: 0 - CUDA_VISIBLE_DEVICES: [0]
[I 2023-12-27 11:16:49,974] Trial 5 finished with value: 3149.16015625 and parameters: {'gradient_clip_val': 0.16446233373184393, 'hidden_size': 85, 'dropout': 0.26577001071156997, 'hidden_continuous_size': 47, 'attention_head_size': 1, 'learning_rate': 0.05452605983063074}. Best is trial 0 with value: 951.2487182617188.
LOCAL_RANK: 0 - CUDA_VISIBLE_DEVICES: [0]
[I 2023-12-27 11:16:50,420] Trial 6 finished with value: 3352.09375 and parameters: {'gradient_clip_val': 0.17582136512663785, 'hidden_size': 11, 'dropout': 0.4518300451075097, 'hidden_continuous_size': 9, 'attention_head_size': 3, 'learning_rate': 0.011336222884809725}. Best is trial 0 with value: 951.2487182617188.
LOCAL_RANK: 0 - CUDA_VISIBLE_DEVICES: [0]
[I 2023-12-27 11:16:50,894] Trial 7 finished with value: 3056.918212890625 and parameters: {'gradient_clip_val': 0.6703973078085074, 'hidden_size': 144, 'dropout': 0.2750443147442157, 'hidden_continuous_size': 10, 'attention_head_size': 2, 'learning_rate': 0.00406610535643664}. Best is trial 0 with value: 951.2487182617188.
LOCAL_RANK: 0 - CUDA_VISIBLE_DEVICES: [0]
[I 2023-12-27 11:16:51,342] Trial 8 finished with value: 2445.921875 and parameters: {'gradient_clip_val': 0.31738619895013276, 'hidden_size': 13, 'dropout': 0.4201088460473553, 'hidden_continuous_size': 9, 'attention_head_size': 3, 'learning_rate': 0.0005275480022097014}. Best is trial 0 with value: 951.2487182617188.
LOCAL_RANK: 0 - CUDA_VISIBLE_DEVICES: [0]
[I 2023-12-27 11:16:52,092] Trial 9 finished with value: 2850.971435546875 and parameters: {'gradient_clip_val': 0.22362762891496127, 'hidden_size': 90, 'dropout': 0.46813643986622755, 'hidden_continuous_size': 57, 'attention_head_size': 1, 'learning_rate': 0.00302258749815445}. Best is trial 0 with value: 951.2487182617188.
LOCAL_RANK: 0 - CUDA_VISIBLE_DEVICES: [0]
[I 2023-12-27 11:16:52,584] Trial 10 finished with value: 3974.390869140625 and parameters: {'gradient_clip_val': 0.11039173148473555, 'hidden_size': 32, 'dropout': 0.3573336005382215, 'hidden_continuous_size': 25, 'attention_head_size': 2, 'learning_rate': 0.07652325114338702}. Best is trial 0 with value: 951.2487182617188.
LOCAL_RANK: 0 - CUDA_VISIBLE_DEVICES: [0]
[I 2023-12-27 11:16:53,075] Trial 11 finished with value: 3107.0244140625 and parameters: {'gradient_clip_val': 0.3339009621638824, 'hidden_size': 16, 'dropout': 0.383210162057654, 'hidden_continuous_size': 5, 'attention_head_size': 3, 'learning_rate': 0.0005452201089000971}. Best is trial 0 with value: 951.2487182617188.
LOCAL_RANK: 0 - CUDA_VISIBLE_DEVICES: [0]
[I 2023-12-27 11:16:53,569] Trial 12 finished with value: 3065.059326171875 and parameters: {'gradient_clip_val': 0.3564475313590501, 'hidden_size': 21, 'dropout': 0.4843157427415843, 'hidden_continuous_size': 7, 'attention_head_size': 3, 'learning_rate': 0.0006441350635712288}. Best is trial 0 with value: 951.2487182617188.
LOCAL_RANK: 0 - CUDA_VISIBLE_DEVICES: [0]
[I 2023-12-27 11:16:54,002] Trial 13 finished with value: 2715.2568359375 and parameters: {'gradient_clip_val': 0.417887616776363, 'hidden_size': 5, 'dropout': 0.3408051447054218, 'hidden_continuous_size': 5, 'attention_head_size': 3, 'learning_rate': 0.01147700936949227}. Best is trial 0 with value: 951.2487182617188.
LOCAL_RANK: 0 - CUDA_VISIBLE_DEVICES: [0]
[I 2023-12-27 11:16:54,458] Trial 14 finished with value: 2717.421630859375 and parameters: {'gradient_clip_val': 0.24254621248747568, 'hidden_size': 32, 'dropout': 0.43534426203692966, 'hidden_continuous_size': 14, 'attention_head_size': 2, 'learning_rate': 0.0012376493973005188}. Best is trial 0 with value: 951.2487182617188.
LOCAL_RANK: 0 - CUDA_VISIBLE_DEVICES: [0]
[I 2023-12-27 11:16:54,907] Trial 15 finished with value: 3037.4599609375 and parameters: {'gradient_clip_val': 0.8967265247012313, 'hidden_size': 13, 'dropout': 0.4119279398681666, 'hidden_continuous_size': 6, 'attention_head_size': 4, 'learning_rate': 0.021015264175092793}. Best is trial 0 with value: 951.2487182617188.
LOCAL_RANK: 0 - CUDA_VISIBLE_DEVICES: [0]
[I 2023-12-27 11:16:55,385] Trial 16 finished with value: 2515.228271484375 and parameters: {'gradient_clip_val': 0.2584903597178836, 'hidden_size': 20, 'dropout': 0.32788292487547854, 'hidden_continuous_size': 8, 'attention_head_size': 1, 'learning_rate': 0.0017780387128647139}. Best is trial 0 with value: 951.2487182617188.
LOCAL_RANK: 0 - CUDA_VISIBLE_DEVICES: [0]
[I 2023-12-27 11:16:55,888] Trial 17 finished with value: 2263.1259765625 and parameters: {'gradient_clip_val': 0.4367819051901224, 'hidden_size': 46, 'dropout': 0.49435184723669967, 'hidden_continuous_size': 20, 'attention_head_size': 2, 'learning_rate': 0.007467602012640903}. Best is trial 0 with value: 951.2487182617188.
LOCAL_RANK: 0 - CUDA_VISIBLE_DEVICES: [0]
[I 2023-12-27 11:16:56,345] Trial 18 finished with value: 2548.568359375 and parameters: {'gradient_clip_val': 0.4604642901617826, 'hidden_size': 46, 'dropout': 0.47044506077067727, 'hidden_continuous_size': 22, 'attention_head_size': 1, 'learning_rate': 0.02066616584442424}. Best is trial 0 with value: 951.2487182617188.
LOCAL_RANK: 0 - CUDA_VISIBLE_DEVICES: [0]
[I 2023-12-27 11:16:56,840] Trial 19 finished with value: 2218.57666015625 and parameters: {'gradient_clip_val': 0.41001071073374995, 'hidden_size': 48, 'dropout': 0.4891859539681097, 'hidden_continuous_size': 30, 'attention_head_size': 2, 'learning_rate': 0.008210459338861577}. Best is trial 0 with value: 951.2487182617188.
LOCAL_RANK: 0 - CUDA_VISIBLE_DEVICES: [0]
[I 2023-12-27 11:16:57,317] Trial 20 finished with value: 3723.711669921875 and parameters: {'gradient_clip_val': 0.28761712761741304, 'hidden_size': 28, 'dropout': 0.4359696423187297, 'hidden_continuous_size': 25, 'attention_head_size': 1, 'learning_rate': 0.0959814227649006}. Best is trial 0 with value: 951.2487182617188.
LOCAL_RANK: 0 - CUDA_VISIBLE_DEVICES: [0]
[I 2023-12-27 11:16:57,771] Trial 21 finished with value: 3057.080810546875 and parameters: {'gradient_clip_val': 0.42008571780693266, 'hidden_size': 46, 'dropout': 0.4959201439776699, 'hidden_continuous_size': 32, 'attention_head_size': 2, 'learning_rate': 0.00730233814365628}. Best is trial 0 with value: 951.2487182617188.
LOCAL_RANK: 0 - CUDA_VISIBLE_DEVICES: [0]
[I 2023-12-27 11:16:58,262] Trial 22 finished with value: 3235.732421875 and parameters: {'gradient_clip_val': 0.4282672487424178, 'hidden_size': 59, 'dropout': 0.4920643416205113, 'hidden_continuous_size': 37, 'attention_head_size': 2, 'learning_rate': 0.007026603131050056}. Best is trial 0 with value: 951.2487182617188.
LOCAL_RANK: 0 - CUDA_VISIBLE_DEVICES: [0]
[I 2023-12-27 11:16:59,023] Trial 23 finished with value: 3124.1943359375 and parameters: {'gradient_clip_val': 0.3533988714246177, 'hidden_size': 38, 'dropout': 0.45512030634287104, 'hidden_continuous_size': 18, 'attention_head_size': 2, 'learning_rate': 0.04652413981307274}. Best is trial 0 with value: 951.2487182617188.
LOCAL_RANK: 0 - CUDA_VISIBLE_DEVICES: [0]
[I 2023-12-27 11:16:59,482] Trial 24 finished with value: 2821.44140625 and parameters: {'gradient_clip_val': 0.5511822401617913, 'hidden_size': 60, 'dropout': 0.38644261901327315, 'hidden_continuous_size': 35, 'attention_head_size': 2, 'learning_rate': 0.02458833798910993}. Best is trial 0 with value: 951.2487182617188.
LOCAL_RANK: 0 - CUDA_VISIBLE_DEVICES: [0]
[I 2023-12-27 11:16:59,961] Trial 25 finished with value: 2743.067138671875 and parameters: {'gradient_clip_val': 0.29034185823613645, 'hidden_size': 24, 'dropout': 0.49908800264437764, 'hidden_continuous_size': 17, 'attention_head_size': 1, 'learning_rate': 0.013590274002931632}. Best is trial 0 with value: 951.2487182617188.
LOCAL_RANK: 0 - CUDA_VISIBLE_DEVICES: [0]
[I 2023-12-27 11:17:00,445] Trial 26 finished with value: 3281.596923828125 and parameters: {'gradient_clip_val': 0.37709496289790984, 'hidden_size': 35, 'dropout': 0.44937610418353724, 'hidden_continuous_size': 26, 'attention_head_size': 2, 'learning_rate': 0.017076845937249514}. Best is trial 0 with value: 951.2487182617188.
LOCAL_RANK: 0 - CUDA_VISIBLE_DEVICES: [0]
[I 2023-12-27 11:17:00,920] Trial 27 finished with value: 2889.882568359375 and parameters: {'gradient_clip_val': 0.4812582797378685, 'hidden_size': 43, 'dropout': 0.423406527607174, 'hidden_continuous_size': 32, 'attention_head_size': 1, 'learning_rate': 0.033499242940546646}. Best is trial 0 with value: 951.2487182617188.
LOCAL_RANK: 0 - CUDA_VISIBLE_DEVICES: [0]
[I 2023-12-27 11:17:01,407] Trial 28 finished with value: 2989.676513671875 and parameters: {'gradient_clip_val': 0.37411921370115137, 'hidden_size': 27, 'dropout': 0.45639865829973314, 'hidden_continuous_size': 19, 'attention_head_size': 2, 'learning_rate': 0.008043939612549171}. Best is trial 0 with value: 951.2487182617188.
LOCAL_RANK: 0 - CUDA_VISIBLE_DEVICES: [0]
