[I 2023-12-27 11:27:56,475] Trial 33 finished with value: 333.59918212890625 and parameters: {'gradient_clip_val': 0.7454252537871651, 'hidden_size': 9, 'dropout': 0.4825285339272678, 'hidden_continuous_size': 6, 'attention_head_size': 3, 'learning_rate': 0.0031058487950949387}. Best is trial 0 with value: 143.05250549316406.
[I 2023-12-27 11:27:56,839] Trial 34 finished with value: 384.7132873535156 and parameters: {'gradient_clip_val': 0.706698116465426, 'hidden_size': 5, 'dropout': 0.4456812600313855, 'hidden_continuous_size': 5, 'attention_head_size': 3, 'learning_rate': 0.0036801046903297747}. Best is trial 0 with value: 143.05250549316406.
[I 2023-12-27 11:27:57,231] Trial 35 finished with value: 334.8622131347656 and parameters: {'gradient_clip_val': 0.5737907208984152, 'hidden_size': 7, 'dropout': 0.4660928640868223, 'hidden_continuous_size': 5, 'attention_head_size': 3, 'learning_rate': 0.01002956119114462}. Best is trial 0 with value: 143.05250549316406.
[I 2023-12-27 11:27:57,586] Trial 36 finished with value: 211.7340087890625 and parameters: {'gradient_clip_val': 0.9961222256577127, 'hidden_size': 5, 'dropout': 0.41998227264539245, 'hidden_continuous_size': 5, 'attention_head_size': 3, 'learning_rate': 0.0023695073453006517}. Best is trial 0 with value: 143.05250549316406.
[I 2023-12-27 11:27:57,992] Trial 37 finished with value: 292.3506164550781 and parameters: {'gradient_clip_val': 0.9547027758721333, 'hidden_size': 10, 'dropout': 0.4105564554559867, 'hidden_continuous_size': 6, 'attention_head_size': 4, 'learning_rate': 0.0021530657414729148}. Best is trial 0 with value: 143.05250549316406.
[I 2023-12-27 11:27:58,398] Trial 38 finished with value: 300.7599792480469 and parameters: {'gradient_clip_val': 0.8353376194029601, 'hidden_size': 15, 'dropout': 0.37950102734605845, 'hidden_continuous_size': 8, 'attention_head_size': 3, 'learning_rate': 0.002080274429084133}. Best is trial 0 with value: 143.05250549316406.
[I 2023-12-27 11:27:58,783] Trial 39 finished with value: 352.2743225097656 and parameters: {'gradient_clip_val': 0.9950658211221761, 'hidden_size': 8, 'dropout': 0.4224966456053772, 'hidden_continuous_size': 6, 'attention_head_size': 2, 'learning_rate': 0.0037412554391552766}. Best is trial 0 with value: 143.05250549316406.
[I 2023-12-27 11:27:59,160] Trial 40 finished with value: 245.38807678222656 and parameters: {'gradient_clip_val': 0.8052680448470646, 'hidden_size': 6, 'dropout': 0.35744008885989936, 'hidden_continuous_size': 5, 'attention_head_size': 1, 'learning_rate': 0.0010957099260951483}. Best is trial 0 with value: 143.05250549316406.
[I 2023-12-27 11:27:59,836] Trial 41 finished with value: 349.4416809082031 and parameters: {'gradient_clip_val': 0.7914378511039138, 'hidden_size': 6, 'dropout': 0.3628880677043662, 'hidden_continuous_size': 5, 'attention_head_size': 1, 'learning_rate': 0.0010444465293817271}. Best is trial 0 with value: 143.05250549316406.
[I 2023-12-27 11:28:00,188] Trial 42 finished with value: 339.0961608886719 and parameters: {'gradient_clip_val': 0.6956489759744432, 'hidden_size': 5, 'dropout': 0.39317633513800015, 'hidden_continuous_size': 5, 'attention_head_size': 1, 'learning_rate': 0.0009979851779267602}. Best is trial 0 with value: 143.05250549316406.
[I 2023-12-27 11:28:00,578] Trial 43 finished with value: 256.1695861816406 and parameters: {'gradient_clip_val': 0.8028023536299232, 'hidden_size': 7, 'dropout': 0.3446846630503218, 'hidden_continuous_size': 5, 'attention_head_size': 3, 'learning_rate': 0.001729128442985157}. Best is trial 0 with value: 143.05250549316406.
[I 2023-12-27 11:28:00,969] Trial 44 finished with value: 267.5780944824219 and parameters: {'gradient_clip_val': 0.6107646115356165, 'hidden_size': 11, 'dropout': 0.4281710809839235, 'hidden_continuous_size': 7, 'attention_head_size': 2, 'learning_rate': 0.004684742701490639}. Best is trial 0 with value: 143.05250549316406.
[I 2023-12-27 11:28:01,427] Trial 45 finished with value: 296.7148132324219 and parameters: {'gradient_clip_val': 0.8724111091488772, 'hidden_size': 39, 'dropout': 0.4112172528316506, 'hidden_continuous_size': 17, 'attention_head_size': 1, 'learning_rate': 0.0024196154888855427}. Best is trial 0 with value: 143.05250549316406.
[I 2023-12-27 11:28:01,833] Trial 46 finished with value: 331.66607666015625 and parameters: {'gradient_clip_val': 0.48103577558627636, 'hidden_size': 24, 'dropout': 0.3857933785587432, 'hidden_continuous_size': 8, 'attention_head_size': 3, 'learning_rate': 0.003236644599280418}. Best is trial 0 with value: 143.05250549316406.
[I 2023-12-27 11:28:02,243] Trial 47 finished with value: 261.8168640136719 and parameters: {'gradient_clip_val': 0.692937329661966, 'hidden_size': 13, 'dropout': 0.3599738224159372, 'hidden_continuous_size': 9, 'attention_head_size': 2, 'learning_rate': 0.0016973181902135907}. Best is trial 0 with value: 143.05250549316406.
[I 2023-12-27 11:28:02,635] Trial 48 finished with value: 301.5189514160156 and parameters: {'gradient_clip_val': 0.5230895836724463, 'hidden_size': 6, 'dropout': 0.4428408697670277, 'hidden_continuous_size': 5, 'attention_head_size': 3, 'learning_rate': 0.00624476674779724}. Best is trial 0 with value: 143.05250549316406.
[I 2023-12-27 11:28:03,050] Trial 49 finished with value: 265.6687316894531 and parameters: {'gradient_clip_val': 0.6154999875540442, 'hidden_size': 21, 'dropout': 0.40413372843417283, 'hidden_continuous_size': 11, 'attention_head_size': 1, 'learning_rate': 0.0028975008232630527}. Best is trial 0 with value: 143.05250549316406.
[I 2023-12-27 11:28:03,179] A new study created in memory with name: no-name-2aa3693c-07c1-4468-96bb-af17b4fb31d6
/home/le004/conda/anaconda3/envs/tsff_env/lib/python3.9/site-packages/lightning/fabric/plugins/environments/slurm.py:191: The `srun` command is available on your system but is not used. HINT: If your intention is to run Lightning on SLURM, prepend your python command with `srun` like so: srun python /home/le004/master_thesis/git/TSFusionForecast/code/ ...
[I 2023-12-27 11:28:32,381] Trial 0 finished with value: 36.09469223022461 and parameters: {'gradient_clip_val': 0.11747517556641857, 'hidden_size': 131, 'dropout': 0.48172653383019426, 'hidden_continuous_size': 66, 'attention_head_size': 2, 'learning_rate': 0.01420839975364262}. Best is trial 0 with value: 36.09469223022461.
[I 2023-12-27 11:28:32,780] Trial 1 finished with value: 136.0673065185547 and parameters: {'gradient_clip_val': 0.16429113742385784, 'hidden_size': 42, 'dropout': 0.3278055914571332, 'hidden_continuous_size': 29, 'attention_head_size': 2, 'learning_rate': 0.03340584707180553}. Best is trial 0 with value: 36.09469223022461.
[I 2023-12-27 11:28:33,125] Trial 2 finished with value: 136.0879669189453 and parameters: {'gradient_clip_val': 0.7123009981725476, 'hidden_size': 9, 'dropout': 0.3147157894486372, 'hidden_continuous_size': 7, 'attention_head_size': 1, 'learning_rate': 0.01059156050679761}. Best is trial 0 with value: 36.09469223022461.
[I 2023-12-27 11:28:33,812] Trial 3 finished with value: 108.90819549560547 and parameters: {'gradient_clip_val': 0.1636280670902753, 'hidden_size': 68, 'dropout': 0.42375512268256277, 'hidden_continuous_size': 20, 'attention_head_size': 4, 'learning_rate': 0.0075687315109507075}. Best is trial 0 with value: 36.09469223022461.
[I 2023-12-27 11:28:34,185] Trial 4 finished with value: 138.2883758544922 and parameters: {'gradient_clip_val': 0.31885281660925097, 'hidden_size': 22, 'dropout': 0.24456431511493043, 'hidden_continuous_size': 15, 'attention_head_size': 4, 'learning_rate': 0.013795379273347723}. Best is trial 0 with value: 36.09469223022461.
[I 2023-12-27 11:28:34,619] Trial 5 finished with value: 107.68441009521484 and parameters: {'gradient_clip_val': 0.3396451690856994, 'hidden_size': 75, 'dropout': 0.23812088568773893, 'hidden_continuous_size': 5, 'attention_head_size': 1, 'learning_rate': 0.014305594327235265}. Best is trial 0 with value: 36.09469223022461.
[I 2023-12-27 11:28:35,020] Trial 6 finished with value: 95.08368682861328 and parameters: {'gradient_clip_val': 0.2505553920579277, 'hidden_size': 32, 'dropout': 0.24517217576258832, 'hidden_continuous_size': 30, 'attention_head_size': 4, 'learning_rate': 0.0013473960410729587}. Best is trial 0 with value: 36.09469223022461.
[I 2023-12-27 11:28:35,420] Trial 7 finished with value: 112.97631072998047 and parameters: {'gradient_clip_val': 0.16230399343545468, 'hidden_size': 47, 'dropout': 0.33221771862837646, 'hidden_continuous_size': 12, 'attention_head_size': 1, 'learning_rate': 0.0007638397816389379}. Best is trial 0 with value: 36.09469223022461.
[I 2023-12-27 11:28:35,771] Trial 8 finished with value: 123.3831558227539 and parameters: {'gradient_clip_val': 0.13058544999751232, 'hidden_size': 17, 'dropout': 0.38191449137110056, 'hidden_continuous_size': 5, 'attention_head_size': 1, 'learning_rate': 0.0014513533185763255}. Best is trial 0 with value: 36.09469223022461.
[I 2023-12-27 11:28:36,131] Trial 9 finished with value: 103.23441314697266 and parameters: {'gradient_clip_val': 0.27165323945029773, 'hidden_size': 16, 'dropout': 0.2345147260214319, 'hidden_continuous_size': 6, 'attention_head_size': 2, 'learning_rate': 0.0007257132682340694}. Best is trial 0 with value: 36.09469223022461.
[I 2023-12-27 11:28:36,772] Trial 10 finished with value: 113.00623321533203 and parameters: {'gradient_clip_val': 0.12164063236467537, 'hidden_size': 141, 'dropout': 0.4987537781709828, 'hidden_continuous_size': 90, 'attention_head_size': 3, 'learning_rate': 0.08404582359016066}. Best is trial 0 with value: 36.09469223022461.
[I 2023-12-27 11:28:37,396] Trial 11 finished with value: 112.53925323486328 and parameters: {'gradient_clip_val': 0.1076167999995217, 'hidden_size': 149, 'dropout': 0.14363467542300717, 'hidden_continuous_size': 48, 'attention_head_size': 3, 'learning_rate': 0.002771004149037266}. Best is trial 0 with value: 36.09469223022461.
[I 2023-12-27 11:28:37,779] Trial 12 finished with value: 97.99340057373047 and parameters: {'gradient_clip_val': 0.21127087051124196, 'hidden_size': 8, 'dropout': 0.49386813141348684, 'hidden_continuous_size': 7, 'attention_head_size': 3, 'learning_rate': 0.0030317265939764624}. Best is trial 0 with value: 36.09469223022461.
[I 2023-12-27 11:28:38,202] Trial 13 finished with value: 130.46437072753906 and parameters: {'gradient_clip_val': 0.10625175046089842, 'hidden_size': 34, 'dropout': 0.41828367404792, 'hidden_continuous_size': 24, 'attention_head_size': 2, 'learning_rate': 0.003943523070206511}. Best is trial 0 with value: 36.09469223022461.
[I 2023-12-27 11:28:38,549] Trial 14 finished with value: 114.8039779663086 and parameters: {'gradient_clip_val': 0.4350596973584567, 'hidden_size': 5, 'dropout': 0.1599060402988008, 'hidden_continuous_size': 5, 'attention_head_size': 4, 'learning_rate': 0.0015051820735827923}. Best is trial 0 with value: 36.09469223022461.
[I 2023-12-27 11:28:39,042] Trial 15 finished with value: 102.68656158447266 and parameters: {'gradient_clip_val': 0.1938395941808503, 'hidden_size': 83, 'dropout': 0.10451684367036454, 'hidden_continuous_size': 40, 'attention_head_size': 3, 'learning_rate': 0.005030073143131513}. Best is trial 0 with value: 36.09469223022461.
[I 2023-12-27 11:28:39,461] Trial 16 finished with value: 104.47704315185547 and parameters: {'gradient_clip_val': 0.23713775959907465, 'hidden_size': 29, 'dropout': 0.26930714517288556, 'hidden_continuous_size': 11, 'attention_head_size': 2, 'learning_rate': 0.000516865620645368}. Best is trial 0 with value: 36.09469223022461.
[I 2023-12-27 11:28:40,185] Trial 17 finished with value: 117.29669189453125 and parameters: {'gradient_clip_val': 0.4420620335342576, 'hidden_size': 50, 'dropout': 0.203888959573985, 'hidden_continuous_size': 36, 'attention_head_size': 4, 'learning_rate': 0.022771388879605947}. Best is trial 0 with value: 36.09469223022461.
[I 2023-12-27 11:28:40,695] Trial 18 finished with value: 119.6426010131836 and parameters: {'gradient_clip_val': 0.1310850446036753, 'hidden_size': 96, 'dropout': 0.28792758238536226, 'hidden_continuous_size': 61, 'attention_head_size': 3, 'learning_rate': 0.0064276248674097584}. Best is trial 0 with value: 36.09469223022461.
[I 2023-12-27 11:28:41,277] Trial 19 finished with value: 108.361083984375 and parameters: {'gradient_clip_val': 0.2491213989495637, 'hidden_size': 115, 'dropout': 0.36035107500612157, 'hidden_continuous_size': 90, 'attention_head_size': 2, 'learning_rate': 0.002490469893939985}. Best is trial 0 with value: 36.09469223022461.
[I 2023-12-27 11:28:41,719] Trial 20 finished with value: 95.81884765625 and parameters: {'gradient_clip_val': 0.10359056335748597, 'hidden_size': 57, 'dropout': 0.28323789003284416, 'hidden_continuous_size': 24, 'attention_head_size': 4, 'learning_rate': 0.007783912385380262}. Best is trial 0 with value: 36.09469223022461.
[I 2023-12-27 11:28:42,181] Trial 21 finished with value: 145.4210662841797 and parameters: {'gradient_clip_val': 0.10283688629426876, 'hidden_size': 68, 'dropout': 0.29069816907114626, 'hidden_continuous_size': 29, 'attention_head_size': 4, 'learning_rate': 0.007802907166605471}. Best is trial 0 with value: 36.09469223022461.
[I 2023-12-27 11:28:42,631] Trial 22 finished with value: 125.81127166748047 and parameters: {'gradient_clip_val': 0.13812066310168092, 'hidden_size': 54, 'dropout': 0.2727815747692343, 'hidden_continuous_size': 20, 'attention_head_size': 4, 'learning_rate': 0.004029264348955841}. Best is trial 0 with value: 36.09469223022461.
[I 2023-12-27 11:28:43,164] Trial 23 finished with value: 112.99325561523438 and parameters: {'gradient_clip_val': 0.18999442639017367, 'hidden_size': 106, 'dropout': 0.20714620463055336, 'hidden_continuous_size': 57, 'attention_head_size': 3, 'learning_rate': 0.010874622382777439}. Best is trial 0 with value: 36.09469223022461.
[I 2023-12-27 11:28:43,625] Trial 24 finished with value: 131.0612335205078 and parameters: {'gradient_clip_val': 0.10193710934054673, 'hidden_size': 58, 'dropout': 0.3616083750705937, 'hidden_continuous_size': 31, 'attention_head_size': 4, 'learning_rate': 0.005646802225900519}. Best is trial 0 with value: 36.09469223022461.
[I 2023-12-27 11:28:44,047] Trial 25 finished with value: 101.8961410522461 and parameters: {'gradient_clip_val': 0.14642523105162275, 'hidden_size': 36, 'dropout': 0.29994654439011853, 'hidden_continuous_size': 22, 'attention_head_size': 3, 'learning_rate': 0.020757249554591014}. Best is trial 0 with value: 36.09469223022461.
[I 2023-12-27 11:28:44,550] Trial 26 finished with value: 92.51399993896484 and parameters: {'gradient_clip_val': 0.12335214663318364, 'hidden_size': 94, 'dropout': 0.46026246390451264, 'hidden_continuous_size': 39, 'attention_head_size': 2, 'learning_rate': 0.001883506408659961}. Best is trial 0 with value: 36.09469223022461.
[I 2023-12-27 11:28:45,053] Trial 27 finished with value: 107.93819427490234 and parameters: {'gradient_clip_val': 0.18037608306121952, 'hidden_size': 92, 'dropout': 0.4643899441287056, 'hidden_continuous_size': 41, 'attention_head_size': 2, 'learning_rate': 0.0016572615408688115}. Best is trial 0 with value: 36.09469223022461.
[I 2023-12-27 11:28:45,622] Trial 28 finished with value: 106.5866470336914 and parameters: {'gradient_clip_val': 0.14783054296179438, 'hidden_size': 128, 'dropout': 0.44969418764289903, 'hidden_continuous_size': 68, 'attention_head_size': 2, 'learning_rate': 0.0022312680134908376}. Best is trial 0 with value: 36.09469223022461.
[I 2023-12-27 11:28:46,204] Trial 29 finished with value: 99.69416046142578 and parameters: {'gradient_clip_val': 0.16625535215613085, 'hidden_size': 113, 'dropout': 0.4106271718372389, 'hidden_continuous_size': 106, 'attention_head_size': 2, 'learning_rate': 0.001177834248485154}. Best is trial 0 with value: 36.09469223022461.
[I 2023-12-27 11:28:46,678] Trial 30 finished with value: 126.10961151123047 and parameters: {'gradient_clip_val': 0.12420369443887667, 'hidden_size': 82, 'dropout': 0.4708030462129097, 'hidden_continuous_size': 47, 'attention_head_size': 1, 'learning_rate': 0.0010695279479728144}. Best is trial 0 with value: 36.09469223022461.
[I 2023-12-27 11:28:47,392] Trial 31 finished with value: 109.8436279296875 and parameters: {'gradient_clip_val': 0.12138113377024588, 'hidden_size': 39, 'dropout': 0.3290000928795505, 'hidden_continuous_size': 26, 'attention_head_size': 2, 'learning_rate': 0.003858294333387754}. Best is trial 0 with value: 36.09469223022461.
[I 2023-12-27 11:28:47,859] Trial 32 finished with value: 132.53421020507812 and parameters: {'gradient_clip_val': 0.11808914149390942, 'hidden_size': 62, 'dropout': 0.4454350272979424, 'hidden_continuous_size': 32, 'attention_head_size': 4, 'learning_rate': 0.0020347362133295525}. Best is trial 0 with value: 36.09469223022461.
[I 2023-12-27 11:28:48,288] Trial 33 finished with value: 140.9187469482422 and parameters: {'gradient_clip_val': 0.15175257555909785, 'hidden_size': 43, 'dropout': 0.39136891819373465, 'hidden_continuous_size': 28, 'attention_head_size': 3, 'learning_rate': 0.007905325169731848}. Best is trial 0 with value: 36.09469223022461.
[I 2023-12-27 11:28:48,769] Trial 34 finished with value: 105.13137817382812 and parameters: {'gradient_clip_val': 0.10048651624508796, 'hidden_size': 70, 'dropout': 0.4388353711051391, 'hidden_continuous_size': 35, 'attention_head_size': 4, 'learning_rate': 0.009050619362656843}. Best is trial 0 with value: 36.09469223022461.
[I 2023-12-27 11:28:49,288] Trial 35 finished with value: 136.642822265625 and parameters: {'gradient_clip_val': 0.14038836643342784, 'hidden_size': 104, 'dropout': 0.4790197124535077, 'hidden_continuous_size': 18, 'attention_head_size': 1, 'learning_rate': 0.005748166539850419}. Best is trial 0 with value: 36.09469223022461.
[I 2023-12-27 11:28:49,771] Trial 36 finished with value: 89.41510772705078 and parameters: {'gradient_clip_val': 0.16840544183455258, 'hidden_size': 84, 'dropout': 0.31490506427273884, 'hidden_continuous_size': 28, 'attention_head_size': 2, 'learning_rate': 0.011810178351945685}. Best is trial 0 with value: 36.09469223022461.
[I 2023-12-27 11:28:50,258] Trial 37 finished with value: 105.77041625976562 and parameters: {'gradient_clip_val': 0.20122922843853264, 'hidden_size': 82, 'dropout': 0.42803095204442493, 'hidden_continuous_size': 35, 'attention_head_size': 2, 'learning_rate': 0.014368118211083978}. Best is trial 0 with value: 36.09469223022461.
[I 2023-12-27 11:28:50,831] Trial 38 finished with value: 121.04949951171875 and parameters: {'gradient_clip_val': 0.1622729885628391, 'hidden_size': 127, 'dropout': 0.40205645647330435, 'hidden_continuous_size': 48, 'attention_head_size': 1, 'learning_rate': 0.01106297522533323}. Best is trial 0 with value: 36.09469223022461.
[I 2023-12-27 11:28:51,550] Trial 39 finished with value: 83.11376953125 and parameters: {'gradient_clip_val': 0.16401815520528448, 'hidden_size': 149, 'dropout': 0.31364567892568773, 'hidden_continuous_size': 140, 'attention_head_size': 2, 'learning_rate': 0.0010911100789864567}. Best is trial 0 with value: 36.09469223022461.
[I 2023-12-27 11:28:52,252] Trial 40 finished with value: 96.10717010498047 and parameters: {'gradient_clip_val': 0.16716877122185658, 'hidden_size': 148, 'dropout': 0.3196258196273594, 'hidden_continuous_size': 137, 'attention_head_size': 2, 'learning_rate': 0.0009122558735963237}. Best is trial 0 with value: 36.09469223022461.
[I 2023-12-27 11:28:52,824] Trial 41 finished with value: 118.93785858154297 and parameters: {'gradient_clip_val': 0.216968308052924, 'hidden_size': 122, 'dropout': 0.3497377832955717, 'hidden_continuous_size': 70, 'attention_head_size': 2, 'learning_rate': 0.0017938410459344737}. Best is trial 0 with value: 36.09469223022461.
[I 2023-12-27 11:28:53,350] Trial 42 finished with value: 110.14665985107422 and parameters: {'gradient_clip_val': 0.1771713623967514, 'hidden_size': 95, 'dropout': 0.3132684218294917, 'hidden_continuous_size': 52, 'attention_head_size': 2, 'learning_rate': 0.0010795351280806225}. Best is trial 0 with value: 36.09469223022461.
[I 2023-12-27 11:28:53,981] Trial 43 finished with value: 112.3644027709961 and parameters: {'gradient_clip_val': 0.11750517463358857, 'hidden_size': 150, 'dropout': 0.2551571872870009, 'hidden_continuous_size': 41, 'attention_head_size': 2, 'learning_rate': 0.0007668560043936919}. Best is trial 0 with value: 36.09469223022461.
[I 2023-12-27 11:28:54,762] Trial 44 finished with value: 131.78411865234375 and parameters: {'gradient_clip_val': 0.13439821769609075, 'hidden_size': 71, 'dropout': 0.34624435609228216, 'hidden_continuous_size': 44, 'attention_head_size': 2, 'learning_rate': 0.0012656769564068145}. Best is trial 0 with value: 36.09469223022461.
[I 2023-12-27 11:28:55,345] Trial 45 finished with value: 131.93170166015625 and parameters: {'gradient_clip_val': 0.15510078891310217, 'hidden_size': 122, 'dropout': 0.3902024198780042, 'hidden_continuous_size': 53, 'attention_head_size': 1, 'learning_rate': 0.001348882086100198}. Best is trial 0 with value: 36.09469223022461.
[I 2023-12-27 11:28:55,853] Trial 46 finished with value: 122.50772857666016 and parameters: {'gradient_clip_val': 0.18000813175440195, 'hidden_size': 86, 'dropout': 0.3746058721547222, 'hidden_continuous_size': 38, 'attention_head_size': 2, 'learning_rate': 0.0020648896625711016}. Best is trial 0 with value: 36.09469223022461.
[I 2023-12-27 11:28:56,324] Trial 47 finished with value: 109.64962768554688 and parameters: {'gradient_clip_val': 0.11517732990422667, 'hidden_size': 47, 'dropout': 0.4931460897563982, 'hidden_continuous_size': 32, 'attention_head_size': 3, 'learning_rate': 0.003011531705317793}. Best is trial 0 with value: 36.09469223022461.
