[I 2023-12-27 11:00:23,980] Trial 36 finished with value: 4.084717750549316 and parameters: {'gradient_clip_val': 0.7289943524342455, 'hidden_size': 10, 'dropout': 0.4474749546972442, 'hidden_continuous_size': 7, 'attention_head_size': 2, 'learning_rate': 0.00869173688763943}. Best is trial 0 with value: 2.001655340194702.
[I 2023-12-27 11:00:24,343] Trial 37 finished with value: 3.4471771717071533 and parameters: {'gradient_clip_val': 0.5744632773836141, 'hidden_size': 8, 'dropout': 0.4366478365542631, 'hidden_continuous_size': 7, 'attention_head_size': 2, 'learning_rate': 0.012660073163899496}. Best is trial 0 with value: 2.001655340194702.
[I 2023-12-27 11:00:24,720] Trial 38 finished with value: 3.8611390590667725 and parameters: {'gradient_clip_val': 0.35184451434846103, 'hidden_size': 11, 'dropout': 0.4679862760478056, 'hidden_continuous_size': 7, 'attention_head_size': 1, 'learning_rate': 0.0053507920157359065}. Best is trial 0 with value: 2.001655340194702.
[I 2023-12-27 11:00:25,097] Trial 39 finished with value: 3.773332357406616 and parameters: {'gradient_clip_val': 0.9868347183494693, 'hidden_size': 6, 'dropout': 0.4328558282806426, 'hidden_continuous_size': 5, 'attention_head_size': 1, 'learning_rate': 0.009589037718738242}. Best is trial 0 with value: 2.001655340194702.
[I 2023-12-27 11:00:25,509] Trial 40 finished with value: 3.039788246154785 and parameters: {'gradient_clip_val': 0.4667356913897011, 'hidden_size': 25, 'dropout': 0.4060055907888913, 'hidden_continuous_size': 13, 'attention_head_size': 1, 'learning_rate': 0.005479149452552317}. Best is trial 0 with value: 2.001655340194702.
[I 2023-12-27 11:00:25,866] Trial 41 finished with value: 2.8673923015594482 and parameters: {'gradient_clip_val': 0.6963872863512268, 'hidden_size': 16, 'dropout': 0.35033951929217744, 'hidden_continuous_size': 8, 'attention_head_size': 2, 'learning_rate': 0.003783590031747326}. Best is trial 0 with value: 2.001655340194702.
[I 2023-12-27 11:00:26,519] Trial 42 finished with value: 4.279633045196533 and parameters: {'gradient_clip_val': 0.5582057172870611, 'hidden_size': 13, 'dropout': 0.420310844070116, 'hidden_continuous_size': 9, 'attention_head_size': 2, 'learning_rate': 0.006156957094291113}. Best is trial 0 with value: 2.001655340194702.
[I 2023-12-27 11:00:26,908] Trial 43 finished with value: 3.5348093509674072 and parameters: {'gradient_clip_val': 0.8574681322776129, 'hidden_size': 20, 'dropout': 0.4662320606023278, 'hidden_continuous_size': 11, 'attention_head_size': 3, 'learning_rate': 0.003536092251294684}. Best is trial 0 with value: 2.001655340194702.
[I 2023-12-27 11:00:27,317] Trial 44 finished with value: 2.968599557876587 and parameters: {'gradient_clip_val': 0.44728981541964513, 'hidden_size': 28, 'dropout': 0.3872895288398282, 'hidden_continuous_size': 14, 'attention_head_size': 1, 'learning_rate': 0.001987894573701777}. Best is trial 0 with value: 2.001655340194702.
[I 2023-12-27 11:00:27,699] Trial 45 finished with value: 2.6778199672698975 and parameters: {'gradient_clip_val': 0.5178617032411413, 'hidden_size': 18, 'dropout': 0.4145975215690442, 'hidden_continuous_size': 10, 'attention_head_size': 2, 'learning_rate': 0.0025927246072614844}. Best is trial 0 with value: 2.001655340194702.
[I 2023-12-27 11:00:28,102] Trial 46 finished with value: 3.179076910018921 and parameters: {'gradient_clip_val': 0.5390045949284552, 'hidden_size': 23, 'dropout': 0.41742634505790277, 'hidden_continuous_size': 12, 'attention_head_size': 2, 'learning_rate': 0.001634675137852228}. Best is trial 0 with value: 2.001655340194702.
[I 2023-12-27 11:00:28,482] Trial 47 finished with value: 2.9947547912597656 and parameters: {'gradient_clip_val': 0.3968544423702803, 'hidden_size': 32, 'dropout': 0.44961875929050504, 'hidden_continuous_size': 16, 'attention_head_size': 2, 'learning_rate': 0.0039047168783888533}. Best is trial 0 with value: 2.001655340194702.
[I 2023-12-27 11:00:28,857] Trial 48 finished with value: 3.6991357803344727 and parameters: {'gradient_clip_val': 0.284598736426047, 'hidden_size': 18, 'dropout': 0.4701582583515641, 'hidden_continuous_size': 8, 'attention_head_size': 2, 'learning_rate': 0.007374944354917595}. Best is trial 0 with value: 2.001655340194702.
[I 2023-12-27 11:00:29,244] Trial 49 finished with value: 3.788569211959839 and parameters: {'gradient_clip_val': 0.44231062414119715, 'hidden_size': 14, 'dropout': 0.4852754077063328, 'hidden_continuous_size': 10, 'attention_head_size': 2, 'learning_rate': 0.0024170098647908664}. Best is trial 0 with value: 2.001655340194702.
[I 2023-12-27 11:00:29,359] A new study created in memory with name: no-name-67077e4a-76a7-4cf1-825a-8d55bb20460b
/home/le004/conda/anaconda3/envs/tsff_env/lib/python3.9/site-packages/lightning/fabric/plugins/environments/slurm.py:191: The `srun` command is available on your system but is not used. HINT: If your intention is to run Lightning on SLURM, prepend your python command with `srun` like so: srun python /home/le004/master_thesis/git/TSFusionForecast/code/ ...
[I 2023-12-27 11:01:08,838] Trial 0 finished with value: 0.09985235333442688 and parameters: {'gradient_clip_val': 0.3612935130075927, 'hidden_size': 54, 'dropout': 0.18077130771039018, 'hidden_continuous_size': 43, 'attention_head_size': 1, 'learning_rate': 0.0058535355408345455}. Best is trial 0 with value: 0.09985235333442688.
[I 2023-12-27 11:01:19,227] Trial 1 finished with value: 1.0608789920806885 and parameters: {'gradient_clip_val': 0.3478106969321683, 'hidden_size': 20, 'dropout': 0.3351273536223381, 'hidden_continuous_size': 9, 'attention_head_size': 3, 'learning_rate': 0.009117266939236937}. Best is trial 0 with value: 0.09985235333442688.
[I 2023-12-27 11:01:19,825] Trial 2 finished with value: 3.545630693435669 and parameters: {'gradient_clip_val': 0.3719836252993471, 'hidden_size': 8, 'dropout': 0.12026480385979968, 'hidden_continuous_size': 6, 'attention_head_size': 4, 'learning_rate': 0.013059941111375224}. Best is trial 0 with value: 0.09985235333442688.
[I 2023-12-27 11:01:20,198] Trial 3 finished with value: 3.6008918285369873 and parameters: {'gradient_clip_val': 0.1766399386665234, 'hidden_size': 20, 'dropout': 0.16969771627472258, 'hidden_continuous_size': 10, 'attention_head_size': 1, 'learning_rate': 0.0029473323348612524}. Best is trial 0 with value: 0.09985235333442688.
[I 2023-12-27 11:01:20,620] Trial 4 finished with value: 4.026029109954834 and parameters: {'gradient_clip_val': 0.45636649667740314, 'hidden_size': 59, 'dropout': 0.45658019339239087, 'hidden_continuous_size': 9, 'attention_head_size': 3, 'learning_rate': 0.0031472395608856886}. Best is trial 0 with value: 0.09985235333442688.
[I 2023-12-27 11:01:20,954] Trial 5 finished with value: 3.268754243850708 and parameters: {'gradient_clip_val': 0.6174783541059318, 'hidden_size': 6, 'dropout': 0.2279906119850899, 'hidden_continuous_size': 5, 'attention_head_size': 1, 'learning_rate': 0.0006498956009155086}. Best is trial 0 with value: 0.09985235333442688.
[I 2023-12-27 11:01:21,309] Trial 6 finished with value: 2.1902544498443604 and parameters: {'gradient_clip_val': 0.16452475266313307, 'hidden_size': 6, 'dropout': 0.13723822677414207, 'hidden_continuous_size': 5, 'attention_head_size': 4, 'learning_rate': 0.00848764667516762}. Best is trial 0 with value: 0.09985235333442688.
[I 2023-12-27 11:01:21,831] Trial 7 finished with value: 2.97945499420166 and parameters: {'gradient_clip_val': 0.1578354144195556, 'hidden_size': 107, 'dropout': 0.461940169005575, 'hidden_continuous_size': 12, 'attention_head_size': 3, 'learning_rate': 0.019204201473187948}. Best is trial 0 with value: 0.09985235333442688.
[I 2023-12-27 11:01:22,210] Trial 8 finished with value: 2.458205461502075 and parameters: {'gradient_clip_val': 0.46965578915711176, 'hidden_size': 35, 'dropout': 0.4815327947250154, 'hidden_continuous_size': 6, 'attention_head_size': 3, 'learning_rate': 0.050087342080194344}. Best is trial 0 with value: 0.09985235333442688.
[I 2023-12-27 11:01:22,576] Trial 9 finished with value: 2.141613245010376 and parameters: {'gradient_clip_val': 0.4242101427793173, 'hidden_size': 23, 'dropout': 0.22357410651220336, 'hidden_continuous_size': 10, 'attention_head_size': 3, 'learning_rate': 0.028199178177093623}. Best is trial 0 with value: 0.09985235333442688.
[I 2023-12-27 11:01:23,126] Trial 10 finished with value: 3.0147104263305664 and parameters: {'gradient_clip_val': 0.8279955536288282, 'hidden_size': 112, 'dropout': 0.3069640865102598, 'hidden_continuous_size': 71, 'attention_head_size': 2, 'learning_rate': 0.048782868311842385}. Best is trial 0 with value: 0.09985235333442688.
[I 2023-12-27 11:01:23,562] Trial 11 finished with value: 2.9996559619903564 and parameters: {'gradient_clip_val': 0.26914047329332225, 'hidden_size': 45, 'dropout': 0.3202265660233487, 'hidden_continuous_size': 22, 'attention_head_size': 2, 'learning_rate': 0.005310296691634102}. Best is trial 0 with value: 0.09985235333442688.
[I 2023-12-27 11:01:23,925] Trial 12 finished with value: 2.658241033554077 and parameters: {'gradient_clip_val': 0.2704487306359927, 'hidden_size': 13, 'dropout': 0.35625388515245393, 'hidden_continuous_size': 13, 'attention_head_size': 2, 'learning_rate': 0.007287691093546624}. Best is trial 0 with value: 0.09985235333442688.
[I 2023-12-27 11:01:24,394] Trial 13 finished with value: 3.925968885421753 and parameters: {'gradient_clip_val': 0.10011276744807329, 'hidden_size': 63, 'dropout': 0.25110604959801364, 'hidden_continuous_size': 21, 'attention_head_size': 1, 'learning_rate': 0.09513176819447211}. Best is trial 0 with value: 0.09985235333442688.
[I 2023-12-27 11:01:24,760] Trial 14 finished with value: 2.6031076908111572 and parameters: {'gradient_clip_val': 0.30546137534584067, 'hidden_size': 16, 'dropout': 0.38901430961980776, 'hidden_continuous_size': 7, 'attention_head_size': 2, 'learning_rate': 0.002932352283040453}. Best is trial 0 with value: 0.09985235333442688.
[I 2023-12-27 11:01:25,430] Trial 15 finished with value: 3.456146478652954 and parameters: {'gradient_clip_val': 0.9578347469922948, 'hidden_size': 32, 'dropout': 0.27596224138535946, 'hidden_continuous_size': 17, 'attention_head_size': 4, 'learning_rate': 0.016124676918724094}. Best is trial 0 with value: 0.09985235333442688.
[I 2023-12-27 11:01:25,842] Trial 16 finished with value: 2.4760539531707764 and parameters: {'gradient_clip_val': 0.5942208469315972, 'hidden_size': 27, 'dropout': 0.186314047171991, 'hidden_continuous_size': 14, 'attention_head_size': 1, 'learning_rate': 0.0015251294514569507}. Best is trial 0 with value: 0.09985235333442688.
[I 2023-12-27 11:01:26,212] Trial 17 finished with value: 3.3544979095458984 and parameters: {'gradient_clip_val': 0.3630781535469546, 'hidden_size': 12, 'dropout': 0.10775032642737592, 'hidden_continuous_size': 8, 'attention_head_size': 2, 'learning_rate': 0.008769104859807114}. Best is trial 0 with value: 0.09985235333442688.
[I 2023-12-27 11:01:26,797] Trial 18 finished with value: 2.992461919784546 and parameters: {'gradient_clip_val': 0.2694305341008333, 'hidden_size': 144, 'dropout': 0.2704049633320731, 'hidden_continuous_size': 37, 'attention_head_size': 3, 'learning_rate': 0.004635647252007267}. Best is trial 0 with value: 0.09985235333442688.
[I 2023-12-27 11:01:27,235] Trial 19 finished with value: 2.3386354446411133 and parameters: {'gradient_clip_val': 0.22513083998949232, 'hidden_size': 46, 'dropout': 0.20599213732227376, 'hidden_continuous_size': 18, 'attention_head_size': 4, 'learning_rate': 0.013279907865528856}. Best is trial 0 with value: 0.09985235333442688.
[I 2023-12-27 11:01:27,627] Trial 20 finished with value: 2.6539552211761475 and parameters: {'gradient_clip_val': 0.35550852972289526, 'hidden_size': 21, 'dropout': 0.15606465862923663, 'hidden_continuous_size': 8, 'attention_head_size': 1, 'learning_rate': 0.00153740014887752}. Best is trial 0 with value: 0.09985235333442688.
[I 2023-12-27 11:01:28,027] Trial 21 finished with value: 3.0444939136505127 and parameters: {'gradient_clip_val': 0.4212572558853273, 'hidden_size': 23, 'dropout': 0.2113802315077847, 'hidden_continuous_size': 10, 'attention_head_size': 3, 'learning_rate': 0.02851808721041905}. Best is trial 0 with value: 0.09985235333442688.
[I 2023-12-27 11:01:28,434] Trial 22 finished with value: 3.1562087535858154 and parameters: {'gradient_clip_val': 0.52102001648897, 'hidden_size': 31, 'dropout': 0.2328432227999783, 'hidden_continuous_size': 10, 'attention_head_size': 3, 'learning_rate': 0.023030939191150103}. Best is trial 0 with value: 0.09985235333442688.
[I 2023-12-27 11:01:28,813] Trial 23 finished with value: 2.597778558731079 and parameters: {'gradient_clip_val': 0.40850378137635895, 'hidden_size': 17, 'dropout': 0.19339643652217217, 'hidden_continuous_size': 7, 'attention_head_size': 3, 'learning_rate': 0.011293004641564072}. Best is trial 0 with value: 0.09985235333442688.
[I 2023-12-27 11:01:29,200] Trial 24 finished with value: 2.650907516479492 and parameters: {'gradient_clip_val': 0.3278962386967552, 'hidden_size': 25, 'dropout': 0.1469327825431377, 'hidden_continuous_size': 11, 'attention_head_size': 2, 'learning_rate': 0.02465586958092142}. Best is trial 0 with value: 0.09985235333442688.
[I 2023-12-27 11:01:29,610] Trial 25 finished with value: 2.9150285720825195 and parameters: {'gradient_clip_val': 0.5753327571692454, 'hidden_size': 39, 'dropout': 0.2717546558933129, 'hidden_continuous_size': 13, 'attention_head_size': 3, 'learning_rate': 0.011633165701286476}. Best is trial 0 with value: 0.09985235333442688.
[I 2023-12-27 11:01:30,004] Trial 26 finished with value: 2.878546714782715 and parameters: {'gradient_clip_val': 0.692215541698178, 'hidden_size': 10, 'dropout': 0.1743859259297168, 'hidden_continuous_size': 6, 'attention_head_size': 4, 'learning_rate': 0.005797743661983195}. Best is trial 0 with value: 0.09985235333442688.
[I 2023-12-27 11:01:30,399] Trial 27 finished with value: 3.2554028034210205 and parameters: {'gradient_clip_val': 0.46940440197188277, 'hidden_size': 17, 'dropout': 0.24914129365203602, 'hidden_continuous_size': 8, 'attention_head_size': 2, 'learning_rate': 0.031799604807161215}. Best is trial 0 with value: 0.09985235333442688.
[I 2023-12-27 11:01:31,052] Trial 28 finished with value: 2.6022069454193115 and parameters: {'gradient_clip_val': 0.39328864923264023, 'hidden_size': 25, 'dropout': 0.2103684613921009, 'hidden_continuous_size': 9, 'attention_head_size': 3, 'learning_rate': 0.01849878605284526}. Best is trial 0 with value: 0.09985235333442688.
[I 2023-12-27 11:01:31,449] Trial 29 finished with value: 3.7906768321990967 and parameters: {'gradient_clip_val': 0.37767868251489234, 'hidden_size': 8, 'dropout': 0.12226564099914805, 'hidden_continuous_size': 5, 'attention_head_size': 4, 'learning_rate': 0.011066352555349617}. Best is trial 0 with value: 0.09985235333442688.
[I 2023-12-27 11:01:31,902] Trial 30 finished with value: 3.154228448867798 and parameters: {'gradient_clip_val': 0.49393302980538834, 'hidden_size': 64, 'dropout': 0.10479646344200105, 'hidden_continuous_size': 29, 'attention_head_size': 3, 'learning_rate': 0.01501477711425847}. Best is trial 0 with value: 0.09985235333442688.
[I 2023-12-27 11:01:32,255] Trial 31 finished with value: 3.3269965648651123 and parameters: {'gradient_clip_val': 0.3109799239204842, 'hidden_size': 5, 'dropout': 0.13887846529781422, 'hidden_continuous_size': 5, 'attention_head_size': 4, 'learning_rate': 0.009259860078500205}. Best is trial 0 with value: 0.09985235333442688.
[I 2023-12-27 11:01:32,635] Trial 32 finished with value: 2.7859933376312256 and parameters: {'gradient_clip_val': 0.22201131576604743, 'hidden_size': 8, 'dropout': 0.1676676259528731, 'hidden_continuous_size': 5, 'attention_head_size': 4, 'learning_rate': 0.007602533306189105}. Best is trial 0 with value: 0.09985235333442688.
[I 2023-12-27 11:01:33,024] Trial 33 finished with value: 2.723930597305298 and parameters: {'gradient_clip_val': 0.426535560194753, 'hidden_size': 10, 'dropout': 0.14332761187825482, 'hidden_continuous_size': 6, 'attention_head_size': 4, 'learning_rate': 0.006668106854155459}. Best is trial 0 with value: 0.09985235333442688.
[I 2023-12-27 11:01:33,369] Trial 34 finished with value: 2.7691738605499268 and parameters: {'gradient_clip_val': 0.34428454011459814, 'hidden_size': 5, 'dropout': 0.17436519577940385, 'hidden_continuous_size': 5, 'attention_head_size': 4, 'learning_rate': 0.004734696200708711}. Best is trial 0 with value: 0.09985235333442688.
[I 2023-12-27 11:01:33,754] Trial 35 finished with value: 3.2678372859954834 and parameters: {'gradient_clip_val': 0.5248165796108208, 'hidden_size': 6, 'dropout': 0.12541684873529757, 'hidden_continuous_size': 5, 'attention_head_size': 3, 'learning_rate': 0.009467376303167872}. Best is trial 0 with value: 0.09985235333442688.
[I 2023-12-27 11:01:34,136] Trial 36 finished with value: 3.1490395069122314 and parameters: {'gradient_clip_val': 0.4386526426579731, 'hidden_size': 15, 'dropout': 0.16057773180982535, 'hidden_continuous_size': 7, 'attention_head_size': 1, 'learning_rate': 0.016468153971287}. Best is trial 0 with value: 0.09985235333442688.
[I 2023-12-27 11:01:34,525] Trial 37 finished with value: 2.949678421020508 and parameters: {'gradient_clip_val': 0.15342553007096882, 'hidden_size': 19, 'dropout': 0.21744952657520342, 'hidden_continuous_size': 9, 'attention_head_size': 3, 'learning_rate': 0.003799819580664161}. Best is trial 0 with value: 0.09985235333442688.
[I 2023-12-27 11:01:34,916] Trial 38 finished with value: 2.791085958480835 and parameters: {'gradient_clip_val': 0.38641333146901685, 'hidden_size': 19, 'dropout': 0.1890677272535947, 'hidden_continuous_size': 11, 'attention_head_size': 2, 'learning_rate': 0.007207363318126535}. Best is trial 0 with value: 0.09985235333442688.
[I 2023-12-27 11:01:35,324] Trial 39 finished with value: 1.940092921257019 and parameters: {'gradient_clip_val': 0.30492422556397675, 'hidden_size': 29, 'dropout': 0.23086853548567426, 'hidden_continuous_size': 10, 'attention_head_size': 3, 'learning_rate': 0.013175363743109096}. Best is trial 0 with value: 0.09985235333442688.
[I 2023-12-27 11:01:35,733] Trial 40 finished with value: 2.8099653720855713 and parameters: {'gradient_clip_val': 0.29641292284884635, 'hidden_size': 28, 'dropout': 0.23243563592002203, 'hidden_continuous_size': 12, 'attention_head_size': 3, 'learning_rate': 0.013457734116861018}. Best is trial 0 with value: 0.09985235333442688.
[I 2023-12-27 11:01:36,139] Trial 41 finished with value: 3.6954143047332764 and parameters: {'gradient_clip_val': 0.3356159966600835, 'hidden_size': 22, 'dropout': 0.19013252113086035, 'hidden_continuous_size': 9, 'attention_head_size': 3, 'learning_rate': 0.009244106857662823}. Best is trial 0 with value: 0.09985235333442688.
[I 2023-12-27 11:01:36,821] Trial 42 finished with value: 3.8326022624969482 and parameters: {'gradient_clip_val': 0.2406664442456853, 'hidden_size': 36, 'dropout': 0.3146784783066846, 'hidden_continuous_size': 14, 'attention_head_size': 3, 'learning_rate': 0.022321450970289192}. Best is trial 0 with value: 0.09985235333442688.
[I 2023-12-27 11:01:37,250] Trial 43 finished with value: 2.9490997791290283 and parameters: {'gradient_clip_val': 0.1766035896340356, 'hidden_size': 46, 'dropout': 0.29134965340510527, 'hidden_continuous_size': 16, 'attention_head_size': 2, 'learning_rate': 0.005990668757245323}. Best is trial 0 with value: 0.09985235333442688.
[I 2023-12-27 11:01:37,716] Trial 44 finished with value: 2.4286863803863525 and parameters: {'gradient_clip_val': 0.44825694936960775, 'hidden_size': 69, 'dropout': 0.3396286964352896, 'hidden_continuous_size': 6, 'attention_head_size': 4, 'learning_rate': 0.039789789338941534}. Best is trial 0 with value: 0.09985235333442688.
[I 2023-12-27 11:01:38,129] Trial 45 finished with value: 3.2130844593048096 and parameters: {'gradient_clip_val': 0.36404825690050574, 'hidden_size': 32, 'dropout': 0.2531946472852249, 'hidden_continuous_size': 11, 'attention_head_size': 3, 'learning_rate': 0.01818208123240212}. Best is trial 0 with value: 0.09985235333442688.
[I 2023-12-27 11:01:38,517] Trial 46 finished with value: 2.212629795074463 and parameters: {'gradient_clip_val': 0.3058490742553859, 'hidden_size': 15, 'dropout': 0.1317547791592117, 'hidden_continuous_size': 10, 'attention_head_size': 1, 'learning_rate': 0.011090444210309467}. Best is trial 0 with value: 0.09985235333442688.
[I 2023-12-27 11:01:38,976] Trial 47 finished with value: 2.5739760398864746 and parameters: {'gradient_clip_val': 0.28591883283033903, 'hidden_size': 55, 'dropout': 0.29491045239838554, 'hidden_continuous_size': 7, 'attention_head_size': 2, 'learning_rate': 0.018937126277820456}. Best is trial 0 with value: 0.09985235333442688.
[I 2023-12-27 11:01:39,387] Trial 48 finished with value: 3.0520756244659424 and parameters: {'gradient_clip_val': 0.39685189929496184, 'hidden_size': 27, 'dropout': 0.37145947895443804, 'hidden_continuous_size': 12, 'attention_head_size': 3, 'learning_rate': 0.014312798864316098}. Best is trial 0 with value: 0.09985235333442688.
