[I 2023-12-27 11:20:04,385] Trial 45 finished with value: 311.4006042480469 and parameters: {'gradient_clip_val': 0.3898292311704807, 'hidden_size': 21, 'dropout': 0.20088518309038694, 'hidden_continuous_size': 10, 'attention_head_size': 4, 'learning_rate': 0.0031488102193410945}. Best is trial 0 with value: 81.15543365478516.
[I 2023-12-27 11:20:04,754] Trial 46 finished with value: 252.42945861816406 and parameters: {'gradient_clip_val': 0.30718834053513344, 'hidden_size': 6, 'dropout': 0.30341871336136544, 'hidden_continuous_size': 5, 'attention_head_size': 2, 'learning_rate': 0.006443745331047157}. Best is trial 0 with value: 81.15543365478516.
[I 2023-12-27 11:20:05,133] Trial 47 finished with value: 278.19775390625 and parameters: {'gradient_clip_val': 0.4369055811664281, 'hidden_size': 13, 'dropout': 0.1830305474056015, 'hidden_continuous_size': 7, 'attention_head_size': 3, 'learning_rate': 0.00816310730858888}. Best is trial 0 with value: 81.15543365478516.
[I 2023-12-27 11:20:05,520] Trial 48 finished with value: 339.3188781738281 and parameters: {'gradient_clip_val': 0.5128182073833347, 'hidden_size': 18, 'dropout': 0.22598550667061196, 'hidden_continuous_size': 8, 'attention_head_size': 4, 'learning_rate': 0.004549475738981223}. Best is trial 0 with value: 81.15543365478516.
[I 2023-12-27 11:20:05,906] Trial 49 finished with value: 312.34686279296875 and parameters: {'gradient_clip_val': 0.15121085985196664, 'hidden_size': 22, 'dropout': 0.20214491869159726, 'hidden_continuous_size': 8, 'attention_head_size': 1, 'learning_rate': 0.0016514263976396028}. Best is trial 0 with value: 81.15543365478516.
[I 2023-12-27 11:20:06,019] A new study created in memory with name: no-name-c60ec55c-d3df-433d-8dc3-cd293cbc082b
/home/le004/conda/anaconda3/envs/tsff_env/lib/python3.9/site-packages/lightning/fabric/plugins/environments/slurm.py:191: The `srun` command is available on your system but is not used. HINT: If your intention is to run Lightning on SLURM, prepend your python command with `srun` like so: srun python /home/le004/master_thesis/git/TSFusionForecast/code/ ...
[I 2023-12-27 11:20:50,808] Trial 0 finished with value: 31.985239028930664 and parameters: {'gradient_clip_val': 0.8239927630329676, 'hidden_size': 70, 'dropout': 0.2557446703223334, 'hidden_continuous_size': 63, 'attention_head_size': 1, 'learning_rate': 0.001132661467845436}. Best is trial 0 with value: 31.985239028930664.
[I 2023-12-27 11:21:00,361] Trial 1 finished with value: 175.67237854003906 and parameters: {'gradient_clip_val': 0.40017072843988233, 'hidden_size': 16, 'dropout': 0.4346436007331437, 'hidden_continuous_size': 10, 'attention_head_size': 4, 'learning_rate': 0.0022628442356848574}. Best is trial 0 with value: 31.985239028930664.
[I 2023-12-27 11:21:00,717] Trial 2 finished with value: 295.7400207519531 and parameters: {'gradient_clip_val': 0.21309918783657983, 'hidden_size': 26, 'dropout': 0.44128124592786433, 'hidden_continuous_size': 7, 'attention_head_size': 2, 'learning_rate': 0.029005832661315734}. Best is trial 0 with value: 31.985239028930664.
[I 2023-12-27 11:21:01,199] Trial 3 finished with value: 262.7369689941406 and parameters: {'gradient_clip_val': 0.20874979200244134, 'hidden_size': 110, 'dropout': 0.20682672754394604, 'hidden_continuous_size': 36, 'attention_head_size': 1, 'learning_rate': 0.03725204389436079}. Best is trial 0 with value: 31.985239028930664.
[I 2023-12-27 11:21:01,874] Trial 4 finished with value: 200.93955993652344 and parameters: {'gradient_clip_val': 0.28935445746032423, 'hidden_size': 91, 'dropout': 0.46087722392474584, 'hidden_continuous_size': 20, 'attention_head_size': 3, 'learning_rate': 0.0011692562574214162}. Best is trial 0 with value: 31.985239028930664.
[I 2023-12-27 11:21:02,216] Trial 5 finished with value: 240.4045867919922 and parameters: {'gradient_clip_val': 0.8153910883499309, 'hidden_size': 9, 'dropout': 0.4668500334243494, 'hidden_continuous_size': 8, 'attention_head_size': 4, 'learning_rate': 0.06984584425749948}. Best is trial 0 with value: 31.985239028930664.
[I 2023-12-27 11:21:02,659] Trial 6 finished with value: 313.6987609863281 and parameters: {'gradient_clip_val': 0.18061721302652275, 'hidden_size': 83, 'dropout': 0.30533758294924007, 'hidden_continuous_size': 50, 'attention_head_size': 2, 'learning_rate': 0.0006067407870071958}. Best is trial 0 with value: 31.985239028930664.
[I 2023-12-27 11:21:03,180] Trial 7 finished with value: 310.08209228515625 and parameters: {'gradient_clip_val': 0.11187678329877868, 'hidden_size': 137, 'dropout': 0.4572107213855079, 'hidden_continuous_size': 24, 'attention_head_size': 2, 'learning_rate': 0.000508400091212708}. Best is trial 0 with value: 31.985239028930664.
[I 2023-12-27 11:21:03,510] Trial 8 finished with value: 203.4833984375 and parameters: {'gradient_clip_val': 0.6596229371458859, 'hidden_size': 6, 'dropout': 0.23887992090515522, 'hidden_continuous_size': 5, 'attention_head_size': 1, 'learning_rate': 0.02807485243474435}. Best is trial 0 with value: 31.985239028930664.
[I 2023-12-27 11:21:03,877] Trial 9 finished with value: 275.1531677246094 and parameters: {'gradient_clip_val': 0.48384347775756503, 'hidden_size': 38, 'dropout': 0.24492376357382942, 'hidden_continuous_size': 38, 'attention_head_size': 1, 'learning_rate': 0.005576916428541386}. Best is trial 0 with value: 31.985239028930664.
[I 2023-12-27 11:21:04,292] Trial 10 finished with value: 247.1656494140625 and parameters: {'gradient_clip_val': 0.8679634923568336, 'hidden_size': 52, 'dropout': 0.1085698868368975, 'hidden_continuous_size': 14, 'attention_head_size': 3, 'learning_rate': 0.0030290279876837726}. Best is trial 0 with value: 31.985239028930664.
[I 2023-12-27 11:21:04,668] Trial 11 finished with value: 272.6831970214844 and parameters: {'gradient_clip_val': 0.45638699807761496, 'hidden_size': 19, 'dropout': 0.3615585063396086, 'hidden_continuous_size': 10, 'attention_head_size': 4, 'learning_rate': 0.0019997746745356536}. Best is trial 0 with value: 31.985239028930664.
[I 2023-12-27 11:21:05,029] Trial 12 finished with value: 266.1625061035156 and parameters: {'gradient_clip_val': 0.9819602462384814, 'hidden_size': 17, 'dropout': 0.3733283835271612, 'hidden_continuous_size': 5, 'attention_head_size': 3, 'learning_rate': 0.0017617118074741633}. Best is trial 0 with value: 31.985239028930664.
[I 2023-12-27 11:21:05,460] Trial 13 finished with value: 282.08154296875 and parameters: {'gradient_clip_val': 0.598106284028224, 'hidden_size': 53, 'dropout': 0.37549466504621476, 'hidden_continuous_size': 15, 'attention_head_size': 4, 'learning_rate': 0.004622550969086782}. Best is trial 0 with value: 31.985239028930664.
[I 2023-12-27 11:21:05,818] Trial 14 finished with value: 220.5350341796875 and parameters: {'gradient_clip_val': 0.3858063160758596, 'hidden_size': 13, 'dropout': 0.30265288277117147, 'hidden_continuous_size': 6, 'attention_head_size': 2, 'learning_rate': 0.009016538765538254}. Best is trial 0 with value: 31.985239028930664.
[I 2023-12-27 11:21:06,224] Trial 15 finished with value: 313.5110168457031 and parameters: {'gradient_clip_val': 0.6362231307953614, 'hidden_size': 35, 'dropout': 0.4056951854267325, 'hidden_continuous_size': 10, 'attention_head_size': 3, 'learning_rate': 0.0010535287177374038}. Best is trial 0 with value: 31.985239028930664.
[I 2023-12-27 11:21:06,601] Trial 16 finished with value: 300.8774719238281 and parameters: {'gradient_clip_val': 0.33990648711415844, 'hidden_size': 11, 'dropout': 0.4871345983318467, 'hidden_continuous_size': 6, 'attention_head_size': 4, 'learning_rate': 0.0026923862263698215}. Best is trial 0 with value: 31.985239028930664.
[I 2023-12-27 11:21:07,140] Trial 17 finished with value: 360.0286865234375 and parameters: {'gradient_clip_val': 0.538741127992648, 'hidden_size': 5, 'dropout': 0.4943387875166787, 'hidden_continuous_size': 5, 'attention_head_size': 1, 'learning_rate': 0.0010444041941181288}. Best is trial 0 with value: 31.985239028930664.
[I 2023-12-27 11:21:07,518] Trial 18 finished with value: 312.226806640625 and parameters: {'gradient_clip_val': 0.7556814268374283, 'hidden_size': 23, 'dropout': 0.32329935317839975, 'hidden_continuous_size': 12, 'attention_head_size': 2, 'learning_rate': 0.008915372258175827}. Best is trial 0 with value: 31.985239028930664.
[I 2023-12-27 11:21:07,875] Trial 19 finished with value: 254.2277374267578 and parameters: {'gradient_clip_val': 0.4891644678201186, 'hidden_size': 16, 'dropout': 0.4188839644284733, 'hidden_continuous_size': 8, 'attention_head_size': 3, 'learning_rate': 0.0037998953304479027}. Best is trial 0 with value: 31.985239028930664.
[I 2023-12-27 11:21:08,276] Trial 20 finished with value: 283.6525573730469 and parameters: {'gradient_clip_val': 0.9952779030823334, 'hidden_size': 30, 'dropout': 0.340399943105124, 'hidden_continuous_size': 17, 'attention_head_size': 4, 'learning_rate': 0.0019070814431933804}. Best is trial 0 with value: 31.985239028930664.
[I 2023-12-27 11:21:08,795] Trial 21 finished with value: 250.08013916015625 and parameters: {'gradient_clip_val': 0.286744062976544, 'hidden_size': 87, 'dropout': 0.4272819075315082, 'hidden_continuous_size': 84, 'attention_head_size': 3, 'learning_rate': 0.001108230041805838}. Best is trial 0 with value: 31.985239028930664.
[I 2023-12-27 11:21:09,251] Trial 22 finished with value: 306.7760925292969 and parameters: {'gradient_clip_val': 0.4069025026603804, 'hidden_size': 71, 'dropout': 0.410196236149271, 'hidden_continuous_size': 21, 'attention_head_size': 3, 'learning_rate': 0.000897506057313715}. Best is trial 0 with value: 31.985239028930664.
[I 2023-12-27 11:21:09,943] Trial 23 finished with value: 178.5609588623047 and parameters: {'gradient_clip_val': 0.3047393904119922, 'hidden_size': 150, 'dropout': 0.4622590781470139, 'hidden_continuous_size': 149, 'attention_head_size': 4, 'learning_rate': 0.0015895612383252768}. Best is trial 0 with value: 31.985239028930664.
[I 2023-12-27 11:21:10,544] Trial 24 finished with value: 283.3226318359375 and parameters: {'gradient_clip_val': 0.716957079257933, 'hidden_size': 132, 'dropout': 0.38862603525293066, 'hidden_continuous_size': 112, 'attention_head_size': 4, 'learning_rate': 0.0016165562931788077}. Best is trial 0 with value: 31.985239028930664.
[I 2023-12-27 11:21:11,204] Trial 25 finished with value: 260.5202331542969 and parameters: {'gradient_clip_val': 0.5748411575729852, 'hidden_size': 138, 'dropout': 0.49957715992326135, 'hidden_continuous_size': 135, 'attention_head_size': 4, 'learning_rate': 0.00073564544148488}. Best is trial 0 with value: 31.985239028930664.
[I 2023-12-27 11:21:11,667] Trial 26 finished with value: 254.9029541015625 and parameters: {'gradient_clip_val': 0.3454142263934122, 'hidden_size': 67, 'dropout': 0.42866716257061405, 'hidden_continuous_size': 51, 'attention_head_size': 4, 'learning_rate': 0.00284255814821761}. Best is trial 0 with value: 31.985239028930664.
[I 2023-12-27 11:21:12,188] Trial 27 finished with value: 219.6345672607422 and parameters: {'gradient_clip_val': 0.4256814536853511, 'hidden_size': 107, 'dropout': 0.3438503871565949, 'hidden_continuous_size': 70, 'attention_head_size': 1, 'learning_rate': 0.0007338742009070693}. Best is trial 0 with value: 31.985239028930664.
[I 2023-12-27 11:21:12,870] Trial 28 finished with value: 284.400634765625 and parameters: {'gradient_clip_val': 0.7161716366162838, 'hidden_size': 146, 'dropout': 0.39577298748673495, 'hidden_continuous_size': 138, 'attention_head_size': 4, 'learning_rate': 0.0005076927709501576}. Best is trial 0 with value: 31.985239028930664.
[I 2023-12-27 11:21:13,264] Trial 29 finished with value: 233.32420349121094 and parameters: {'gradient_clip_val': 0.25691807618642054, 'hidden_size': 25, 'dropout': 0.4292564680932101, 'hidden_continuous_size': 11, 'attention_head_size': 2, 'learning_rate': 0.0013716719316733694}. Best is trial 0 with value: 31.985239028930664.
[I 2023-12-27 11:21:13,912] Trial 30 finished with value: 254.27586364746094 and parameters: {'gradient_clip_val': 0.5306714106242056, 'hidden_size': 46, 'dropout': 0.45093377296628895, 'hidden_continuous_size': 28, 'attention_head_size': 3, 'learning_rate': 0.00203739401257695}. Best is trial 0 with value: 31.985239028930664.
[I 2023-12-27 11:21:14,411] Trial 31 finished with value: 270.721923828125 and parameters: {'gradient_clip_val': 0.29511659422416325, 'hidden_size': 101, 'dropout': 0.45833887903423653, 'hidden_continuous_size': 18, 'attention_head_size': 3, 'learning_rate': 0.001246180688942083}. Best is trial 0 with value: 31.985239028930664.
[I 2023-12-27 11:21:14,946] Trial 32 finished with value: 324.83721923828125 and parameters: {'gradient_clip_val': 0.37160415978130873, 'hidden_size': 112, 'dropout': 0.4727680026334736, 'hidden_continuous_size': 77, 'attention_head_size': 4, 'learning_rate': 0.0008537323390713265}. Best is trial 0 with value: 31.985239028930664.
[I 2023-12-27 11:21:15,406] Trial 33 finished with value: 155.3911895751953 and parameters: {'gradient_clip_val': 0.24797753944122986, 'hidden_size': 73, 'dropout': 0.4468828575399138, 'hidden_continuous_size': 28, 'attention_head_size': 2, 'learning_rate': 0.0013439861716152623}. Best is trial 0 with value: 31.985239028930664.
[I 2023-12-27 11:21:15,850] Trial 34 finished with value: 241.39097595214844 and parameters: {'gradient_clip_val': 0.24319108755190227, 'hidden_size': 63, 'dropout': 0.4445065043133549, 'hidden_continuous_size': 31, 'attention_head_size': 1, 'learning_rate': 0.0014573741254055288}. Best is trial 0 with value: 31.985239028930664.
[I 2023-12-27 11:21:16,335] Trial 35 finished with value: 228.61509704589844 and parameters: {'gradient_clip_val': 0.20750622862660542, 'hidden_size': 83, 'dropout': 0.4780187902831106, 'hidden_continuous_size': 44, 'attention_head_size': 2, 'learning_rate': 0.002491861476676516}. Best is trial 0 with value: 31.985239028930664.
[I 2023-12-27 11:21:16,859] Trial 36 finished with value: 297.8232421875 and parameters: {'gradient_clip_val': 0.3297071112000765, 'hidden_size': 115, 'dropout': 0.45375839123417006, 'hidden_continuous_size': 64, 'attention_head_size': 1, 'learning_rate': 0.001384878733100349}. Best is trial 0 with value: 31.985239028930664.
[I 2023-12-27 11:21:17,324] Trial 37 finished with value: 227.96214294433594 and parameters: {'gradient_clip_val': 0.4276679295472728, 'hidden_size': 75, 'dropout': 0.27727795002651845, 'hidden_continuous_size': 36, 'attention_head_size': 2, 'learning_rate': 0.0007084661475817784}. Best is trial 0 with value: 31.985239028930664.
[I 2023-12-27 11:21:17,824] Trial 38 finished with value: 243.61297607421875 and parameters: {'gradient_clip_val': 0.185217477666804, 'hidden_size': 93, 'dropout': 0.3967091818158609, 'hidden_continuous_size': 57, 'attention_head_size': 1, 'learning_rate': 0.000895708972757091}. Best is trial 0 with value: 31.985239028930664.
[I 2023-12-27 11:21:18,405] Trial 39 finished with value: 262.8629455566406 and parameters: {'gradient_clip_val': 0.25552516021654437, 'hidden_size': 150, 'dropout': 0.47346358191591903, 'hidden_continuous_size': 23, 'attention_head_size': 2, 'learning_rate': 0.0037121120954959055}. Best is trial 0 with value: 31.985239028930664.
[I 2023-12-27 11:21:18,828] Trial 40 finished with value: 310.0894470214844 and parameters: {'gradient_clip_val': 0.294281593682152, 'hidden_size': 56, 'dropout': 0.43018102655593704, 'hidden_continuous_size': 40, 'attention_head_size': 2, 'learning_rate': 0.0006364802141053873}. Best is trial 0 with value: 31.985239028930664.
[I 2023-12-27 11:21:19,306] Trial 41 finished with value: 271.48590087890625 and parameters: {'gradient_clip_val': 0.3608646923615923, 'hidden_size': 82, 'dropout': 0.4698773175056989, 'hidden_continuous_size': 30, 'attention_head_size': 3, 'learning_rate': 0.002159341432236457}. Best is trial 0 with value: 31.985239028930664.
[I 2023-12-27 11:21:19,857] Trial 42 finished with value: 264.1691589355469 and parameters: {'gradient_clip_val': 0.31235404797106503, 'hidden_size': 119, 'dropout': 0.44606709786610366, 'hidden_continuous_size': 44, 'attention_head_size': 4, 'learning_rate': 0.0015544655944321}. Best is trial 0 with value: 31.985239028930664.
[I 2023-12-27 11:21:20,347] Trial 43 finished with value: 243.34352111816406 and parameters: {'gradient_clip_val': 0.22398949196588042, 'hidden_size': 87, 'dropout': 0.49444459265640706, 'hidden_continuous_size': 26, 'attention_head_size': 3, 'learning_rate': 0.0011551017095640039}. Best is trial 0 with value: 31.985239028930664.
[I 2023-12-27 11:21:21,102] Trial 44 finished with value: 292.1962585449219 and parameters: {'gradient_clip_val': 0.8753715463104681, 'hidden_size': 102, 'dropout': 0.45974594307069283, 'hidden_continuous_size': 22, 'attention_head_size': 4, 'learning_rate': 0.0017521728967108954}. Best is trial 0 with value: 31.985239028930664.
[I 2023-12-27 11:21:21,528] Trial 45 finished with value: 245.25086975097656 and parameters: {'gradient_clip_val': 0.2745507334461245, 'hidden_size': 42, 'dropout': 0.4123133873882404, 'hidden_continuous_size': 33, 'attention_head_size': 1, 'learning_rate': 0.002289469971733272}. Best is trial 0 with value: 31.985239028930664.
[I 2023-12-27 11:21:22,122] Trial 46 finished with value: 264.1460876464844 and parameters: {'gradient_clip_val': 0.31638461244844035, 'hidden_size': 125, 'dropout': 0.3741582441225459, 'hidden_continuous_size': 85, 'attention_head_size': 2, 'learning_rate': 0.0005005131581222985}. Best is trial 0 with value: 31.985239028930664.
[I 2023-12-27 11:21:22,587] Trial 47 finished with value: 240.96913146972656 and parameters: {'gradient_clip_val': 0.14895590039409196, 'hidden_size': 73, 'dropout': 0.43803386297284364, 'hidden_continuous_size': 26, 'attention_head_size': 4, 'learning_rate': 0.0012513555401262456}. Best is trial 0 with value: 31.985239028930664.
[I 2023-12-27 11:21:23,022] Trial 48 finished with value: 324.4569396972656 and parameters: {'gradient_clip_val': 0.4753585019136019, 'hidden_size': 59, 'dropout': 0.4776224093342016, 'hidden_continuous_size': 19, 'attention_head_size': 3, 'learning_rate': 0.003237603012494183}. Best is trial 0 with value: 31.985239028930664.
[I 2023-12-27 11:21:23,513] Trial 49 finished with value: 214.0767822265625 and parameters: {'gradient_clip_val': 0.3769969304778778, 'hidden_size': 99, 'dropout': 0.1991252743041514, 'hidden_continuous_size': 14, 'attention_head_size': 4, 'learning_rate': 0.0010193705193525674}. Best is trial 0 with value: 31.985239028930664.
[I 2023-12-27 11:21:23,625] A new study created in memory with name: no-name-ba6e201a-dd2c-4e56-b723-9f8b22008820
/home/le004/conda/anaconda3/envs/tsff_env/lib/python3.9/site-packages/lightning/fabric/plugins/environments/slurm.py:191: The `srun` command is available on your system but is not used. HINT: If your intention is to run Lightning on SLURM, prepend your python command with `srun` like so: srun python /home/le004/master_thesis/git/TSFusionForecast/code/ ...
[I 2023-12-27 11:21:52,163] Trial 0 finished with value: 31.24083137512207 and parameters: {'gradient_clip_val': 0.5332870273004047, 'hidden_size': 9, 'dropout': 0.47127427885053297, 'hidden_continuous_size': 8, 'attention_head_size': 3, 'learning_rate': 0.04583444918669615}. Best is trial 0 with value: 31.24083137512207.
[I 2023-12-27 11:21:52,530] Trial 1 finished with value: 152.0908660888672 and parameters: {'gradient_clip_val': 0.8040887867004288, 'hidden_size': 5, 'dropout': 0.2840520079038419, 'hidden_continuous_size': 5, 'attention_head_size': 4, 'learning_rate': 0.03403493145748586}. Best is trial 0 with value: 31.24083137512207.
[I 2023-12-27 11:21:53,075] Trial 2 finished with value: 214.3317108154297 and parameters: {'gradient_clip_val': 0.866578107327732, 'hidden_size': 110, 'dropout': 0.4766896982848957, 'hidden_continuous_size': 49, 'attention_head_size': 1, 'learning_rate': 0.051215052865608554}. Best is trial 0 with value: 31.24083137512207.
[I 2023-12-27 11:21:53,419] Trial 3 finished with value: 178.9595489501953 and parameters: {'gradient_clip_val': 0.6524343685060074, 'hidden_size': 8, 'dropout': 0.1719825111473297, 'hidden_continuous_size': 6, 'attention_head_size': 1, 'learning_rate': 0.018779019263973146}. Best is trial 0 with value: 31.24083137512207.
[I 2023-12-27 11:21:53,783] Trial 4 finished with value: 181.0970916748047 and parameters: {'gradient_clip_val': 0.19313478320549823, 'hidden_size': 8, 'dropout': 0.34143577890066246, 'hidden_continuous_size': 6, 'attention_head_size': 4, 'learning_rate': 0.09971795851070206}. Best is trial 0 with value: 31.24083137512207.
[I 2023-12-27 11:21:54,369] Trial 5 finished with value: 197.49267578125 and parameters: {'gradient_clip_val': 0.20727746727569055, 'hidden_size': 5, 'dropout': 0.31833523648023876, 'hidden_continuous_size': 5, 'attention_head_size': 2, 'learning_rate': 0.0006832241950717761}. Best is trial 0 with value: 31.24083137512207.
[I 2023-12-27 11:21:54,722] Trial 6 finished with value: 163.53909301757812 and parameters: {'gradient_clip_val': 0.22836083702686186, 'hidden_size': 15, 'dropout': 0.46736675612051815, 'hidden_continuous_size': 15, 'attention_head_size': 1, 'learning_rate': 0.004175868653427725}. Best is trial 0 with value: 31.24083137512207.
[I 2023-12-27 11:21:55,136] Trial 7 finished with value: 130.4078826904297 and parameters: {'gradient_clip_val': 0.16107977209064386, 'hidden_size': 45, 'dropout': 0.48592173927087967, 'hidden_continuous_size': 6, 'attention_head_size': 3, 'learning_rate': 0.004014029299977944}. Best is trial 0 with value: 31.24083137512207.
[I 2023-12-27 11:21:55,558] Trial 8 finished with value: 198.2061309814453 and parameters: {'gradient_clip_val': 0.15060251815743264, 'hidden_size': 57, 'dropout': 0.11517135957779301, 'hidden_continuous_size': 8, 'attention_head_size': 3, 'learning_rate': 0.009878800065154925}. Best is trial 0 with value: 31.24083137512207.
