[I 2023-12-27 11:17:01,911] Trial 29 finished with value: 2791.78125 and parameters: {'gradient_clip_val': 0.5231317419530305, 'hidden_size': 53, 'dropout': 0.4064073546609426, 'hidden_continuous_size': 39, 'attention_head_size': 3, 'learning_rate': 0.07683178118544812}. Best is trial 0 with value: 951.2487182617188.
LOCAL_RANK: 0 - CUDA_VISIBLE_DEVICES: [0]
[I 2023-12-27 11:17:02,432] Trial 30 finished with value: 2587.262451171875 and parameters: {'gradient_clip_val': 0.28805992890632565, 'hidden_size': 73, 'dropout': 0.3654673563339552, 'hidden_continuous_size': 62, 'attention_head_size': 1, 'learning_rate': 0.027607981982801767}. Best is trial 0 with value: 951.2487182617188.
LOCAL_RANK: 0 - CUDA_VISIBLE_DEVICES: [0]
[I 2023-12-27 11:17:02,925] Trial 31 finished with value: 2686.009765625 and parameters: {'gradient_clip_val': 0.329626357990918, 'hidden_size': 10, 'dropout': 0.42660133109559006, 'hidden_continuous_size': 7, 'attention_head_size': 3, 'learning_rate': 0.006370635124142555}. Best is trial 0 with value: 951.2487182617188.
LOCAL_RANK: 0 - CUDA_VISIBLE_DEVICES: [0]
[I 2023-12-27 11:17:03,406] Trial 32 finished with value: 2275.564453125 and parameters: {'gradient_clip_val': 0.3983119186872956, 'hidden_size': 38, 'dropout': 0.47647252665020345, 'hidden_continuous_size': 30, 'attention_head_size': 4, 'learning_rate': 0.01581031268639483}. Best is trial 0 with value: 951.2487182617188.
LOCAL_RANK: 0 - CUDA_VISIBLE_DEVICES: [0]
[I 2023-12-27 11:17:03,913] Trial 33 finished with value: 3502.439453125 and parameters: {'gradient_clip_val': 0.5124651290008432, 'hidden_size': 56, 'dropout': 0.47308132313624207, 'hidden_continuous_size': 31, 'attention_head_size': 4, 'learning_rate': 0.05301886655842305}. Best is trial 0 with value: 951.2487182617188.
LOCAL_RANK: 0 - CUDA_VISIBLE_DEVICES: [0]
[I 2023-12-27 11:17:04,373] Trial 34 finished with value: 2895.001708984375 and parameters: {'gradient_clip_val': 0.5888042117223965, 'hidden_size': 38, 'dropout': 0.4974096191923839, 'hidden_continuous_size': 28, 'attention_head_size': 4, 'learning_rate': 0.015455051874449014}. Best is trial 0 with value: 951.2487182617188.
LOCAL_RANK: 0 - CUDA_VISIBLE_DEVICES: [0]
[I 2023-12-27 11:17:04,874] Trial 35 finished with value: 3240.960205078125 and parameters: {'gradient_clip_val': 0.4132521415056406, 'hidden_size': 65, 'dropout': 0.4013327646661138, 'hidden_continuous_size': 44, 'attention_head_size': 4, 'learning_rate': 0.009448405307700532}. Best is trial 0 with value: 951.2487182617188.
LOCAL_RANK: 0 - CUDA_VISIBLE_DEVICES: [0]
[I 2023-12-27 11:17:05,656] Trial 36 finished with value: 3497.25 and parameters: {'gradient_clip_val': 0.4872672378051892, 'hidden_size': 47, 'dropout': 0.4734605994852023, 'hidden_continuous_size': 22, 'attention_head_size': 2, 'learning_rate': 0.018226459396496537}. Best is trial 0 with value: 951.2487182617188.
LOCAL_RANK: 0 - CUDA_VISIBLE_DEVICES: [0]
[I 2023-12-27 11:17:06,140] Trial 37 finished with value: 3140.891845703125 and parameters: {'gradient_clip_val': 0.5655162619299534, 'hidden_size': 73, 'dropout': 0.4448035804270406, 'hidden_continuous_size': 49, 'attention_head_size': 3, 'learning_rate': 0.040400493266373995}. Best is trial 0 with value: 951.2487182617188.
LOCAL_RANK: 0 - CUDA_VISIBLE_DEVICES: [0]
[I 2023-12-27 11:17:06,650] Trial 38 finished with value: 2921.176513671875 and parameters: {'gradient_clip_val': 0.3873847288566417, 'hidden_size': 99, 'dropout': 0.22151612799083084, 'hidden_continuous_size': 77, 'attention_head_size': 2, 'learning_rate': 0.005615180616467674}. Best is trial 0 with value: 951.2487182617188.
LOCAL_RANK: 0 - CUDA_VISIBLE_DEVICES: [0]
[I 2023-12-27 11:17:07,137] Trial 39 finished with value: 2873.4755859375 and parameters: {'gradient_clip_val': 0.4558071038338488, 'hidden_size': 40, 'dropout': 0.467162697923339, 'hidden_continuous_size': 28, 'attention_head_size': 4, 'learning_rate': 0.01003303099171627}. Best is trial 0 with value: 951.2487182617188.
LOCAL_RANK: 0 - CUDA_VISIBLE_DEVICES: [0]
[I 2023-12-27 11:17:07,612] Trial 40 finished with value: 2546.910400390625 and parameters: {'gradient_clip_val': 0.2058158313543666, 'hidden_size': 52, 'dropout': 0.4312817952939992, 'hidden_continuous_size': 22, 'attention_head_size': 1, 'learning_rate': 0.02961669864876621}. Best is trial 0 with value: 951.2487182617188.
LOCAL_RANK: 0 - CUDA_VISIBLE_DEVICES: [0]
[I 2023-12-27 11:17:08,063] Trial 41 finished with value: 2776.601318359375 and parameters: {'gradient_clip_val': 0.30437767309599717, 'hidden_size': 32, 'dropout': 0.4714750899497205, 'hidden_continuous_size': 11, 'attention_head_size': 3, 'learning_rate': 0.0049866701687049}. Best is trial 0 with value: 951.2487182617188.
LOCAL_RANK: 0 - CUDA_VISIBLE_DEVICES: [0]
[I 2023-12-27 11:17:08,540] Trial 42 finished with value: 1996.400390625 and parameters: {'gradient_clip_val': 0.33173772811095764, 'hidden_size': 39, 'dropout': 0.41761079049264604, 'hidden_continuous_size': 30, 'attention_head_size': 3, 'learning_rate': 0.0035352910466644404}. Best is trial 0 with value: 951.2487182617188.
LOCAL_RANK: 0 - CUDA_VISIBLE_DEVICES: [0]
[I 2023-12-27 11:17:09,012] Trial 43 finished with value: 2056.095947265625 and parameters: {'gradient_clip_val': 0.3443133035249062, 'hidden_size': 40, 'dropout': 0.4471062785011363, 'hidden_continuous_size': 29, 'attention_head_size': 4, 'learning_rate': 0.004216358766575297}. Best is trial 0 with value: 951.2487182617188.
LOCAL_RANK: 0 - CUDA_VISIBLE_DEVICES: [0]
[I 2023-12-27 11:17:09,504] Trial 44 finished with value: 3674.367919921875 and parameters: {'gradient_clip_val': 0.33853459223522314, 'hidden_size': 50, 'dropout': 0.39577846047958004, 'hidden_continuous_size': 36, 'attention_head_size': 3, 'learning_rate': 0.003625886842743965}. Best is trial 0 with value: 951.2487182617188.
LOCAL_RANK: 0 - CUDA_VISIBLE_DEVICES: [0]
[I 2023-12-27 11:17:09,999] Trial 45 finished with value: 3475.530517578125 and parameters: {'gradient_clip_val': 0.2626255989246858, 'hidden_size': 69, 'dropout': 0.45131373934008956, 'hidden_continuous_size': 41, 'attention_head_size': 2, 'learning_rate': 0.004477209490484852}. Best is trial 0 with value: 951.2487182617188.
LOCAL_RANK: 0 - CUDA_VISIBLE_DEVICES: [0]
[I 2023-12-27 11:17:10,481] Trial 46 finished with value: 2335.074462890625 and parameters: {'gradient_clip_val': 0.3158363722762144, 'hidden_size': 31, 'dropout': 0.41399362480428364, 'hidden_continuous_size': 24, 'attention_head_size': 3, 'learning_rate': 0.0026219231705345227}. Best is trial 0 with value: 951.2487182617188.
LOCAL_RANK: 0 - CUDA_VISIBLE_DEVICES: [0]
[I 2023-12-27 11:17:10,942] Trial 47 finished with value: 2456.689453125 and parameters: {'gradient_clip_val': 0.3568526734441134, 'hidden_size': 43, 'dropout': 0.370739418998388, 'hidden_continuous_size': 29, 'attention_head_size': 2, 'learning_rate': 0.005543344651772999}. Best is trial 0 with value: 951.2487182617188.
LOCAL_RANK: 0 - CUDA_VISIBLE_DEVICES: [0]
[I 2023-12-27 11:17:11,440] Trial 48 finished with value: 3285.776611328125 and parameters: {'gradient_clip_val': 0.2641999852586422, 'hidden_size': 54, 'dropout': 0.3841896051641403, 'hidden_continuous_size': 34, 'attention_head_size': 4, 'learning_rate': 0.011858865761818887}. Best is trial 0 with value: 951.2487182617188.
LOCAL_RANK: 0 - CUDA_VISIBLE_DEVICES: [0]
[I 2023-12-27 11:17:12,187] Trial 49 finished with value: 3247.499267578125 and parameters: {'gradient_clip_val': 0.22196256891586247, 'hidden_size': 85, 'dropout': 0.43694940663131826, 'hidden_continuous_size': 16, 'attention_head_size': 3, 'learning_rate': 0.004050875905977185}. Best is trial 0 with value: 951.2487182617188.
[I 2023-12-27 11:17:12,313] A new study created in memory with name: no-name-889ba908-251e-497a-9dff-dd3061ee72fc
/home/le004/conda/anaconda3/envs/tsff_env/lib/python3.9/site-packages/lightning/fabric/plugins/environments/slurm.py:191: The `srun` command is available on your system but is not used. HINT: If your intention is to run Lightning on SLURM, prepend your python command with `srun` like so: srun python /home/le004/master_thesis/git/TSFusionForecast/code/ ...
LOCAL_RANK: 0 - CUDA_VISIBLE_DEVICES: [0]
[I 2023-12-27 11:17:36,881] Trial 0 finished with value: 169.37159729003906 and parameters: {'gradient_clip_val': 0.4737286110927694, 'hidden_size': 90, 'dropout': 0.370862732543096, 'hidden_continuous_size': 5, 'attention_head_size': 1, 'learning_rate': 0.0019859299091466265}. Best is trial 0 with value: 169.37159729003906.
LOCAL_RANK: 0 - CUDA_VISIBLE_DEVICES: [0]
[I 2023-12-27 11:17:37,337] Trial 1 finished with value: 422.4105529785156 and parameters: {'gradient_clip_val': 0.1282391080520018, 'hidden_size': 23, 'dropout': 0.15348830743868125, 'hidden_continuous_size': 8, 'attention_head_size': 4, 'learning_rate': 0.07929362099827568}. Best is trial 0 with value: 169.37159729003906.
LOCAL_RANK: 0 - CUDA_VISIBLE_DEVICES: [0]
[I 2023-12-27 11:17:37,762] Trial 2 finished with value: 482.338134765625 and parameters: {'gradient_clip_val': 0.14990127073306042, 'hidden_size': 9, 'dropout': 0.35778311702822485, 'hidden_continuous_size': 9, 'attention_head_size': 4, 'learning_rate': 0.0005162388370228468}. Best is trial 0 with value: 169.37159729003906.
LOCAL_RANK: 0 - CUDA_VISIBLE_DEVICES: [0]
[I 2023-12-27 11:17:38,235] Trial 3 finished with value: 543.510498046875 and parameters: {'gradient_clip_val': 0.22904997633147087, 'hidden_size': 74, 'dropout': 0.17380994077002482, 'hidden_continuous_size': 22, 'attention_head_size': 4, 'learning_rate': 0.034666663105349875}. Best is trial 0 with value: 169.37159729003906.
LOCAL_RANK: 0 - CUDA_VISIBLE_DEVICES: [0]
[I 2023-12-27 11:17:38,654] Trial 4 finished with value: 477.3027038574219 and parameters: {'gradient_clip_val': 0.11830658850863617, 'hidden_size': 13, 'dropout': 0.4957146860443201, 'hidden_continuous_size': 6, 'attention_head_size': 4, 'learning_rate': 0.0007755578886830815}. Best is trial 0 with value: 169.37159729003906.
LOCAL_RANK: 0 - CUDA_VISIBLE_DEVICES: [0]
[I 2023-12-27 11:17:39,105] Trial 5 finished with value: 462.2432861328125 and parameters: {'gradient_clip_val': 0.10460441216042517, 'hidden_size': 11, 'dropout': 0.28279240069016703, 'hidden_continuous_size': 5, 'attention_head_size': 3, 'learning_rate': 0.000745313234653814}. Best is trial 0 with value: 169.37159729003906.
LOCAL_RANK: 0 - CUDA_VISIBLE_DEVICES: [0]
[I 2023-12-27 11:17:39,572] Trial 6 finished with value: 380.1730041503906 and parameters: {'gradient_clip_val': 0.1469115953468426, 'hidden_size': 44, 'dropout': 0.1973116895359156, 'hidden_continuous_size': 9, 'attention_head_size': 2, 'learning_rate': 0.03820003017638491}. Best is trial 0 with value: 169.37159729003906.
LOCAL_RANK: 0 - CUDA_VISIBLE_DEVICES: [0]
[I 2023-12-27 11:17:40,019] Trial 7 finished with value: 467.8759765625 and parameters: {'gradient_clip_val': 0.6644335773143534, 'hidden_size': 8, 'dropout': 0.23473003760411146, 'hidden_continuous_size': 5, 'attention_head_size': 4, 'learning_rate': 0.009000067473986625}. Best is trial 0 with value: 169.37159729003906.
LOCAL_RANK: 0 - CUDA_VISIBLE_DEVICES: [0]
[I 2023-12-27 11:17:40,454] Trial 8 finished with value: 496.5104064941406 and parameters: {'gradient_clip_val': 0.8859791621795634, 'hidden_size': 50, 'dropout': 0.17242772205967766, 'hidden_continuous_size': 41, 'attention_head_size': 2, 'learning_rate': 0.007583500795815402}. Best is trial 0 with value: 169.37159729003906.
LOCAL_RANK: 0 - CUDA_VISIBLE_DEVICES: [0]
[I 2023-12-27 11:17:40,866] Trial 9 finished with value: 518.747802734375 and parameters: {'gradient_clip_val': 0.2151470073059094, 'hidden_size': 6, 'dropout': 0.31887624138662807, 'hidden_continuous_size': 6, 'attention_head_size': 3, 'learning_rate': 0.004169766610936813}. Best is trial 0 with value: 169.37159729003906.
LOCAL_RANK: 0 - CUDA_VISIBLE_DEVICES: [0]
[I 2023-12-27 11:17:41,681] Trial 10 finished with value: 512.252197265625 and parameters: {'gradient_clip_val': 0.44850871090465294, 'hidden_size': 126, 'dropout': 0.4023586144877792, 'hidden_continuous_size': 123, 'attention_head_size': 1, 'learning_rate': 0.002363546545956888}. Best is trial 0 with value: 169.37159729003906.
LOCAL_RANK: 0 - CUDA_VISIBLE_DEVICES: [0]
[I 2023-12-27 11:17:42,145] Trial 11 finished with value: 501.2047424316406 and parameters: {'gradient_clip_val': 0.41977904049594456, 'hidden_size': 44, 'dropout': 0.11982669619582989, 'hidden_continuous_size': 9, 'attention_head_size': 1, 'learning_rate': 0.02516092161906396}. Best is trial 0 with value: 169.37159729003906.
LOCAL_RANK: 0 - CUDA_VISIBLE_DEVICES: [0]
[I 2023-12-27 11:17:42,670] Trial 12 finished with value: 338.5322570800781 and parameters: {'gradient_clip_val': 0.2802041499782721, 'hidden_size': 129, 'dropout': 0.24281845739714336, 'hidden_continuous_size': 13, 'attention_head_size': 2, 'learning_rate': 0.0021127111082612253}. Best is trial 0 with value: 169.37159729003906.
LOCAL_RANK: 0 - CUDA_VISIBLE_DEVICES: [0]
[I 2023-12-27 11:17:43,193] Trial 13 finished with value: 485.2020568847656 and parameters: {'gradient_clip_val': 0.3271899105348017, 'hidden_size': 135, 'dropout': 0.25060241082400797, 'hidden_continuous_size': 17, 'attention_head_size': 1, 'learning_rate': 0.0017289603091302172}. Best is trial 0 with value: 169.37159729003906.
LOCAL_RANK: 0 - CUDA_VISIBLE_DEVICES: [0]
[I 2023-12-27 11:17:43,725] Trial 14 finished with value: 493.5708923339844 and parameters: {'gradient_clip_val': 0.5402500319190223, 'hidden_size': 91, 'dropout': 0.33114783226376476, 'hidden_continuous_size': 15, 'attention_head_size': 2, 'learning_rate': 0.0018577485311507785}. Best is trial 0 with value: 169.37159729003906.
LOCAL_RANK: 0 - CUDA_VISIBLE_DEVICES: [0]
[I 2023-12-27 11:17:44,188] Trial 15 finished with value: 415.759033203125 and parameters: {'gradient_clip_val': 0.30595358266062017, 'hidden_size': 90, 'dropout': 0.2697227938653568, 'hidden_continuous_size': 12, 'attention_head_size': 1, 'learning_rate': 0.003937832079970946}. Best is trial 0 with value: 169.37159729003906.
LOCAL_RANK: 0 - CUDA_VISIBLE_DEVICES: [0]
[I 2023-12-27 11:17:44,706] Trial 16 finished with value: 555.5599975585938 and parameters: {'gradient_clip_val': 0.9520373154314307, 'hidden_size': 144, 'dropout': 0.37959250164059727, 'hidden_continuous_size': 30, 'attention_head_size': 2, 'learning_rate': 0.0012246436531709113}. Best is trial 0 with value: 169.37159729003906.
LOCAL_RANK: 0 - CUDA_VISIBLE_DEVICES: [0]
[I 2023-12-27 11:17:45,175] Trial 17 finished with value: 539.698974609375 and parameters: {'gradient_clip_val': 0.6649689360371093, 'hidden_size': 69, 'dropout': 0.23518771497667595, 'hidden_continuous_size': 12, 'attention_head_size': 3, 'learning_rate': 0.003072565435456288}. Best is trial 0 with value: 169.37159729003906.
LOCAL_RANK: 0 - CUDA_VISIBLE_DEVICES: [0]
[I 2023-12-27 11:17:45,677] Trial 18 finished with value: 465.90185546875 and parameters: {'gradient_clip_val': 0.32698770058477306, 'hidden_size': 147, 'dropout': 0.2977528852076741, 'hidden_continuous_size': 5, 'attention_head_size': 1, 'learning_rate': 0.0012221823738929292}. Best is trial 0 with value: 169.37159729003906.
LOCAL_RANK: 0 - CUDA_VISIBLE_DEVICES: [0]
[I 2023-12-27 11:17:46,158] Trial 19 finished with value: 380.5461730957031 and parameters: {'gradient_clip_val': 0.23215199606995618, 'hidden_size': 28, 'dropout': 0.41976595221643676, 'hidden_continuous_size': 7, 'attention_head_size': 2, 'learning_rate': 0.004518778354753717}. Best is trial 0 with value: 169.37159729003906.
LOCAL_RANK: 0 - CUDA_VISIBLE_DEVICES: [0]
[I 2023-12-27 11:17:46,662] Trial 20 finished with value: 517.7203369140625 and parameters: {'gradient_clip_val': 0.41272352058817485, 'hidden_size': 101, 'dropout': 0.3392858495194389, 'hidden_continuous_size': 11, 'attention_head_size': 1, 'learning_rate': 0.011200734936586536}. Best is trial 0 with value: 169.37159729003906.
LOCAL_RANK: 0 - CUDA_VISIBLE_DEVICES: [0]
[I 2023-12-27 11:17:47,155] Trial 21 finished with value: 455.30810546875 and parameters: {'gradient_clip_val': 0.17050244434470507, 'hidden_size': 58, 'dropout': 0.2095058335865633, 'hidden_continuous_size': 8, 'attention_head_size': 2, 'learning_rate': 0.01724931702747599}. Best is trial 0 with value: 169.37159729003906.
LOCAL_RANK: 0 - CUDA_VISIBLE_DEVICES: [0]
[I 2023-12-27 11:17:47,645] Trial 22 finished with value: 442.7367248535156 and parameters: {'gradient_clip_val': 0.16370902309795932, 'hidden_size': 41, 'dropout': 0.21140413684901294, 'hidden_continuous_size': 10, 'attention_head_size': 2, 'learning_rate': 0.006171412874970448}. Best is trial 0 with value: 169.37159729003906.
LOCAL_RANK: 0 - CUDA_VISIBLE_DEVICES: [0]
[I 2023-12-27 11:17:48,428] Trial 23 finished with value: 463.7245178222656 and parameters: {'gradient_clip_val': 0.19420414099387043, 'hidden_size': 93, 'dropout': 0.29229750763192813, 'hidden_continuous_size': 7, 'attention_head_size': 3, 'learning_rate': 0.002742259063089775}. Best is trial 0 with value: 169.37159729003906.
LOCAL_RANK: 0 - CUDA_VISIBLE_DEVICES: [0]
[I 2023-12-27 11:17:48,932] Trial 24 finished with value: 405.0283203125 and parameters: {'gradient_clip_val': 0.2798127235120984, 'hidden_size': 66, 'dropout': 0.26489879314986453, 'hidden_continuous_size': 13, 'attention_head_size': 2, 'learning_rate': 0.080536540358537}. Best is trial 0 with value: 169.37159729003906.
LOCAL_RANK: 0 - CUDA_VISIBLE_DEVICES: [0]
[I 2023-12-27 11:17:49,440] Trial 25 finished with value: 434.5461730957031 and parameters: {'gradient_clip_val': 0.2535848487132472, 'hidden_size': 114, 'dropout': 0.11288310012465191, 'hidden_continuous_size': 7, 'attention_head_size': 2, 'learning_rate': 0.005633201486668332}. Best is trial 0 with value: 169.37159729003906.
LOCAL_RANK: 0 - CUDA_VISIBLE_DEVICES: [0]
[I 2023-12-27 11:17:49,927] Trial 26 finished with value: 506.7682189941406 and parameters: {'gradient_clip_val': 0.1915960235739872, 'hidden_size': 76, 'dropout': 0.20248727193104252, 'hidden_continuous_size': 10, 'attention_head_size': 1, 'learning_rate': 0.01220086251769398}. Best is trial 0 with value: 169.37159729003906.
LOCAL_RANK: 0 - CUDA_VISIBLE_DEVICES: [0]
[I 2023-12-27 11:17:50,427] Trial 27 finished with value: 445.9740295410156 and parameters: {'gradient_clip_val': 0.1370267255756003, 'hidden_size': 110, 'dropout': 0.3116789194409172, 'hidden_continuous_size': 15, 'attention_head_size': 3, 'learning_rate': 0.002610116706237606}. Best is trial 0 with value: 169.37159729003906.
LOCAL_RANK: 0 - CUDA_VISIBLE_DEVICES: [0]
[I 2023-12-27 11:17:50,911] Trial 28 finished with value: 467.3029479980469 and parameters: {'gradient_clip_val': 0.10447875698784692, 'hidden_size': 56, 'dropout': 0.24910627828414295, 'hidden_continuous_size': 6, 'attention_head_size': 2, 'learning_rate': 0.04457403850138038}. Best is trial 0 with value: 169.37159729003906.
LOCAL_RANK: 0 - CUDA_VISIBLE_DEVICES: [0]
[I 2023-12-27 11:17:51,387] Trial 29 finished with value: 463.22216796875 and parameters: {'gradient_clip_val': 0.13042341173206298, 'hidden_size': 35, 'dropout': 0.14446795607263788, 'hidden_continuous_size': 8, 'attention_head_size': 1, 'learning_rate': 0.054194448039053}. Best is trial 0 with value: 169.37159729003906.
LOCAL_RANK: 0 - CUDA_VISIBLE_DEVICES: [0]
[I 2023-12-27 11:17:51,870] Trial 30 finished with value: 395.9232177734375 and parameters: {'gradient_clip_val': 0.35905949807362997, 'hidden_size': 22, 'dropout': 0.19007227493464302, 'hidden_continuous_size': 5, 'attention_head_size': 2, 'learning_rate': 0.07676937290738389}. Best is trial 0 with value: 169.37159729003906.
LOCAL_RANK: 0 - CUDA_VISIBLE_DEVICES: [0]
[I 2023-12-27 11:17:52,320] Trial 31 finished with value: 388.6434631347656 and parameters: {'gradient_clip_val': 0.2627418451649652, 'hidden_size': 28, 'dropout': 0.42316051309090635, 'hidden_continuous_size': 7, 'attention_head_size': 2, 'learning_rate': 0.004459271079828063}. Best is trial 0 with value: 169.37159729003906.
LOCAL_RANK: 0 - CUDA_VISIBLE_DEVICES: [0]
[I 2023-12-27 11:17:52,815] Trial 32 finished with value: 435.9570007324219 and parameters: {'gradient_clip_val': 0.23403030277457962, 'hidden_size': 33, 'dropout': 0.35884929922588843, 'hidden_continuous_size': 9, 'attention_head_size': 2, 'learning_rate': 0.005320353172343241}. Best is trial 0 with value: 169.37159729003906.
LOCAL_RANK: 0 - CUDA_VISIBLE_DEVICES: [0]
[I 2023-12-27 11:17:53,317] Trial 33 finished with value: 454.1830749511719 and parameters: {'gradient_clip_val': 0.153609842148725, 'hidden_size': 21, 'dropout': 0.41553192172375136, 'hidden_continuous_size': 6, 'attention_head_size': 3, 'learning_rate': 0.003450014110244953}. Best is trial 0 with value: 169.37159729003906.
LOCAL_RANK: 0 - CUDA_VISIBLE_DEVICES: [0]
[I 2023-12-27 11:17:53,793] Trial 34 finished with value: 392.8777770996094 and parameters: {'gradient_clip_val': 0.20857254757419588, 'hidden_size': 50, 'dropout': 0.4365518778602824, 'hidden_continuous_size': 8, 'attention_head_size': 2, 'learning_rate': 0.0077643041099096834}. Best is trial 0 with value: 169.37159729003906.
LOCAL_RANK: 0 - CUDA_VISIBLE_DEVICES: [0]
[I 2023-12-27 11:17:54,277] Trial 35 finished with value: 439.4382019042969 and parameters: {'gradient_clip_val': 0.2852788376573959, 'hidden_size': 17, 'dropout': 0.45432135932050477, 'hidden_continuous_size': 7, 'attention_head_size': 1, 'learning_rate': 0.0018785586308693353}. Best is trial 0 with value: 169.37159729003906.
LOCAL_RANK: 0 - CUDA_VISIBLE_DEVICES: [0]
[I 2023-12-27 11:17:54,727] Trial 36 finished with value: 485.7760314941406 and parameters: {'gradient_clip_val': 0.23932050206977162, 'hidden_size': 28, 'dropout': 0.3871090754203456, 'hidden_continuous_size': 5, 'attention_head_size': 3, 'learning_rate': 0.021776599534784422}. Best is trial 0 with value: 169.37159729003906.
LOCAL_RANK: 0 - CUDA_VISIBLE_DEVICES: [0]
