[I 2023-12-27 11:16:22,234] Trial 49 finished with value: 82969.4765625 and parameters: {'gradient_clip_val': 0.1508653782119382, 'hidden_size': 59, 'dropout': 0.4077903507128704, 'hidden_continuous_size': 23, 'attention_head_size': 3, 'learning_rate': 0.0008793880589180739}. Best is trial 0 with value: 47179.70703125.
[I 2023-12-27 11:16:22,340] A new study created in memory with name: no-name-e5516a88-44b5-455d-89de-33d7f216b516
/home/le004/conda/anaconda3/envs/tsff_env/lib/python3.9/site-packages/lightning/fabric/plugins/environments/slurm.py:191: The `srun` command is available on your system but is not used. HINT: If your intention is to run Lightning on SLURM, prepend your python command with `srun` like so: srun python /home/le004/master_thesis/git/TSFusionForecast/code/ ...
[I 2023-12-27 11:16:50,038] Trial 0 finished with value: 160.8681182861328 and parameters: {'gradient_clip_val': 0.7097364427457385, 'hidden_size': 59, 'dropout': 0.4474251175758338, 'hidden_continuous_size': 20, 'attention_head_size': 1, 'learning_rate': 0.013356146037602051}. Best is trial 0 with value: 160.8681182861328.
[I 2023-12-27 11:16:50,396] Trial 1 finished with value: 503.5531921386719 and parameters: {'gradient_clip_val': 0.12314205839870175, 'hidden_size': 42, 'dropout': 0.31341423821969705, 'hidden_continuous_size': 7, 'attention_head_size': 1, 'learning_rate': 0.019326410387184478}. Best is trial 0 with value: 160.8681182861328.
[I 2023-12-27 11:16:50,729] Trial 2 finished with value: 622.2533569335938 and parameters: {'gradient_clip_val': 0.2734551735814634, 'hidden_size': 19, 'dropout': 0.11302478962084508, 'hidden_continuous_size': 11, 'attention_head_size': 2, 'learning_rate': 0.0014546139864548542}. Best is trial 0 with value: 160.8681182861328.
[I 2023-12-27 11:16:51,427] Trial 3 finished with value: 576.1051635742188 and parameters: {'gradient_clip_val': 0.8899008807704376, 'hidden_size': 130, 'dropout': 0.31941338166662114, 'hidden_continuous_size': 23, 'attention_head_size': 1, 'learning_rate': 0.01623918484450524}. Best is trial 0 with value: 160.8681182861328.
[I 2023-12-27 11:16:51,852] Trial 4 finished with value: 515.6961669921875 and parameters: {'gradient_clip_val': 0.10743619724703447, 'hidden_size': 66, 'dropout': 0.4579630067346925, 'hidden_continuous_size': 62, 'attention_head_size': 3, 'learning_rate': 0.0072751692970500275}. Best is trial 0 with value: 160.8681182861328.
[I 2023-12-27 11:16:52,174] Trial 5 finished with value: 426.76025390625 and parameters: {'gradient_clip_val': 0.49091684894178345, 'hidden_size': 6, 'dropout': 0.18710816360376248, 'hidden_continuous_size': 5, 'attention_head_size': 4, 'learning_rate': 0.009891029585331359}. Best is trial 0 with value: 160.8681182861328.
[I 2023-12-27 11:16:52,548] Trial 6 finished with value: 605.4268798828125 and parameters: {'gradient_clip_val': 0.10885791890937639, 'hidden_size': 55, 'dropout': 0.20335087101158728, 'hidden_continuous_size': 8, 'attention_head_size': 2, 'learning_rate': 0.08277171984709407}. Best is trial 0 with value: 160.8681182861328.
[I 2023-12-27 11:16:52,944] Trial 7 finished with value: 595.2767333984375 and parameters: {'gradient_clip_val': 0.16629701895144783, 'hidden_size': 59, 'dropout': 0.23463220054997078, 'hidden_continuous_size': 12, 'attention_head_size': 3, 'learning_rate': 0.018872646003323366}. Best is trial 0 with value: 160.8681182861328.
[I 2023-12-27 11:16:53,375] Trial 8 finished with value: 596.6349487304688 and parameters: {'gradient_clip_val': 0.47346244162144563, 'hidden_size': 76, 'dropout': 0.33558729187604996, 'hidden_continuous_size': 55, 'attention_head_size': 4, 'learning_rate': 0.09264369170187504}. Best is trial 0 with value: 160.8681182861328.
[I 2023-12-27 11:16:53,720] Trial 9 finished with value: 490.4840087890625 and parameters: {'gradient_clip_val': 0.1871434093146913, 'hidden_size': 25, 'dropout': 0.4594977105520016, 'hidden_continuous_size': 5, 'attention_head_size': 4, 'learning_rate': 0.04474647376119103}. Best is trial 0 with value: 160.8681182861328.
[I 2023-12-27 11:16:54,364] Trial 10 finished with value: 404.8388977050781 and parameters: {'gradient_clip_val': 0.7946023460710732, 'hidden_size': 149, 'dropout': 0.41069817827519334, 'hidden_continuous_size': 139, 'attention_head_size': 1, 'learning_rate': 0.0026447908882274596}. Best is trial 0 with value: 160.8681182861328.
[I 2023-12-27 11:16:54,980] Trial 11 finished with value: 548.505615234375 and parameters: {'gradient_clip_val': 0.9517504202154444, 'hidden_size': 139, 'dropout': 0.3989918683787938, 'hidden_continuous_size': 112, 'attention_head_size': 1, 'learning_rate': 0.0029799369118348753}. Best is trial 0 with value: 160.8681182861328.
[I 2023-12-27 11:16:55,500] Trial 12 finished with value: 553.545654296875 and parameters: {'gradient_clip_val': 0.6822039076513751, 'hidden_size': 133, 'dropout': 0.4910544662957113, 'hidden_continuous_size': 24, 'attention_head_size': 2, 'learning_rate': 0.0006846000666159155}. Best is trial 0 with value: 160.8681182861328.
[I 2023-12-27 11:16:55,971] Trial 13 finished with value: 366.1327209472656 and parameters: {'gradient_clip_val': 0.626769066069014, 'hidden_size': 99, 'dropout': 0.40417062339225523, 'hidden_continuous_size': 35, 'attention_head_size': 1, 'learning_rate': 0.0034985185875657534}. Best is trial 0 with value: 160.8681182861328.
[I 2023-12-27 11:16:56,429] Trial 14 finished with value: 467.3802185058594 and parameters: {'gradient_clip_val': 0.5247568210520182, 'hidden_size': 88, 'dropout': 0.38233993166468416, 'hidden_continuous_size': 30, 'attention_head_size': 2, 'learning_rate': 0.004954202957782088}. Best is trial 0 with value: 160.8681182861328.
[I 2023-12-27 11:16:56,809] Trial 15 finished with value: 558.9668579101562 and parameters: {'gradient_clip_val': 0.6231285192279127, 'hidden_size': 42, 'dropout': 0.49714551402570056, 'hidden_continuous_size': 17, 'attention_head_size': 1, 'learning_rate': 0.004238030351022921}. Best is trial 0 with value: 160.8681182861328.
[I 2023-12-27 11:16:57,271] Trial 16 finished with value: 419.3591003417969 and parameters: {'gradient_clip_val': 0.36265721930446465, 'hidden_size': 97, 'dropout': 0.3733116138024074, 'hidden_continuous_size': 36, 'attention_head_size': 1, 'learning_rate': 0.009778432653492281}. Best is trial 0 with value: 160.8681182861328.
[I 2023-12-27 11:16:57,867] Trial 17 finished with value: 562.8828125 and parameters: {'gradient_clip_val': 0.738191643829973, 'hidden_size': 37, 'dropout': 0.4347252201314822, 'hidden_continuous_size': 16, 'attention_head_size': 3, 'learning_rate': 0.001090485583007318}. Best is trial 0 with value: 160.8681182861328.
[I 2023-12-27 11:16:58,345] Trial 18 finished with value: 642.6799926757812 and parameters: {'gradient_clip_val': 0.9604416168304692, 'hidden_size': 94, 'dropout': 0.358649363956805, 'hidden_continuous_size': 35, 'attention_head_size': 2, 'learning_rate': 0.002535638049477621}. Best is trial 0 with value: 160.8681182861328.
[I 2023-12-27 11:16:58,690] Trial 19 finished with value: 487.163818359375 and parameters: {'gradient_clip_val': 0.6301225887071865, 'hidden_size': 17, 'dropout': 0.42318310686432825, 'hidden_continuous_size': 9, 'attention_head_size': 1, 'learning_rate': 0.0005527091040614808}. Best is trial 0 with value: 160.8681182861328.
[I 2023-12-27 11:16:59,099] Trial 20 finished with value: 419.2735595703125 and parameters: {'gradient_clip_val': 0.39315293659459843, 'hidden_size': 58, 'dropout': 0.3566430598135984, 'hidden_continuous_size': 16, 'attention_head_size': 2, 'learning_rate': 0.005333954784339343}. Best is trial 0 with value: 160.8681182861328.
[I 2023-12-27 11:16:59,751] Trial 21 finished with value: 481.1742248535156 and parameters: {'gradient_clip_val': 0.7667816571034517, 'hidden_size': 150, 'dropout': 0.4105355685625158, 'hidden_continuous_size': 141, 'attention_head_size': 1, 'learning_rate': 0.0022222422530115086}. Best is trial 0 with value: 160.8681182861328.
[I 2023-12-27 11:17:00,243] Trial 22 finished with value: 576.5439453125 and parameters: {'gradient_clip_val': 0.8217259700626252, 'hidden_size': 103, 'dropout': 0.4393809240714806, 'hidden_continuous_size': 50, 'attention_head_size': 1, 'learning_rate': 0.0031136757962582514}. Best is trial 0 with value: 160.8681182861328.
[I 2023-12-27 11:17:00,762] Trial 23 finished with value: 628.758056640625 and parameters: {'gradient_clip_val': 0.9996767877060906, 'hidden_size': 108, 'dropout': 0.39657369279336535, 'hidden_continuous_size': 83, 'attention_head_size': 1, 'learning_rate': 0.0016022332742892352}. Best is trial 0 with value: 160.8681182861328.
[I 2023-12-27 11:17:01,208] Trial 24 finished with value: 452.36474609375 and parameters: {'gradient_clip_val': 0.62303139314937, 'hidden_size': 76, 'dropout': 0.46225855895943446, 'hidden_continuous_size': 42, 'attention_head_size': 1, 'learning_rate': 0.003534791166048193}. Best is trial 0 with value: 160.8681182861328.
[I 2023-12-27 11:17:01,728] Trial 25 finished with value: 471.6921691894531 and parameters: {'gradient_clip_val': 0.7901651187773212, 'hidden_size': 110, 'dropout': 0.41349024441453636, 'hidden_continuous_size': 72, 'attention_head_size': 2, 'learning_rate': 0.006127634509877707}. Best is trial 0 with value: 160.8681182861328.
[I 2023-12-27 11:17:02,168] Trial 26 finished with value: 573.8167724609375 and parameters: {'gradient_clip_val': 0.5412470704371367, 'hidden_size': 82, 'dropout': 0.2884722026173537, 'hidden_continuous_size': 27, 'attention_head_size': 1, 'learning_rate': 0.0021285154319913564}. Best is trial 0 with value: 160.8681182861328.
[I 2023-12-27 11:17:02,785] Trial 27 finished with value: 441.605712890625 and parameters: {'gradient_clip_val': 0.7124817751588592, 'hidden_size': 150, 'dropout': 0.47221601095018007, 'hidden_continuous_size': 89, 'attention_head_size': 2, 'learning_rate': 0.004045176217401941}. Best is trial 0 with value: 160.8681182861328.
[I 2023-12-27 11:17:03,294] Trial 28 finished with value: 520.3572998046875 and parameters: {'gradient_clip_val': 0.8393271117521162, 'hidden_size': 110, 'dropout': 0.44128253765452646, 'hidden_continuous_size': 44, 'attention_head_size': 1, 'learning_rate': 0.0009150331516923994}. Best is trial 0 with value: 160.8681182861328.
[I 2023-12-27 11:17:03,691] Trial 29 finished with value: 620.90087890625 and parameters: {'gradient_clip_val': 0.606215739056751, 'hidden_size': 45, 'dropout': 0.37979252900301896, 'hidden_continuous_size': 20, 'attention_head_size': 1, 'learning_rate': 0.008567842477688953}. Best is trial 0 with value: 160.8681182861328.
[I 2023-12-27 11:17:04,137] Trial 30 finished with value: 339.0512390136719 and parameters: {'gradient_clip_val': 0.4376733360646598, 'hidden_size': 74, 'dropout': 0.4300334528795505, 'hidden_continuous_size': 32, 'attention_head_size': 3, 'learning_rate': 0.013519416117751443}. Best is trial 0 with value: 160.8681182861328.
[I 2023-12-27 11:17:04,819] Trial 31 finished with value: 444.1636047363281 and parameters: {'gradient_clip_val': 0.4328590154471696, 'hidden_size': 76, 'dropout': 0.422704478449851, 'hidden_continuous_size': 33, 'attention_head_size': 3, 'learning_rate': 0.015595090534145324}. Best is trial 0 with value: 160.8681182861328.
[I 2023-12-27 11:17:05,329] Trial 32 finished with value: 404.265380859375 and parameters: {'gradient_clip_val': 0.5533541436423968, 'hidden_size': 117, 'dropout': 0.47874892514664336, 'hidden_continuous_size': 27, 'attention_head_size': 3, 'learning_rate': 0.027120184846617403}. Best is trial 0 with value: 160.8681182861328.
[I 2023-12-27 11:17:05,778] Trial 33 finished with value: 709.4011840820312 and parameters: {'gradient_clip_val': 0.5358188083850826, 'hidden_size': 69, 'dropout': 0.47902015119411145, 'hidden_continuous_size': 28, 'attention_head_size': 3, 'learning_rate': 0.03079692041887991}. Best is trial 0 with value: 160.8681182861328.
[I 2023-12-27 11:17:06,302] Trial 34 finished with value: 496.1918640136719 and parameters: {'gradient_clip_val': 0.3027858467749468, 'hidden_size': 121, 'dropout': 0.4937650737229754, 'hidden_continuous_size': 23, 'attention_head_size': 3, 'learning_rate': 0.012300198024711996}. Best is trial 0 with value: 160.8681182861328.
[I 2023-12-27 11:17:06,762] Trial 35 finished with value: 448.2296447753906 and parameters: {'gradient_clip_val': 0.4596390043765134, 'hidden_size': 87, 'dropout': 0.45420762677894005, 'hidden_continuous_size': 31, 'attention_head_size': 3, 'learning_rate': 0.011237485368582233}. Best is trial 0 with value: 160.8681182861328.
[I 2023-12-27 11:17:07,191] Trial 36 finished with value: 634.1304321289062 and parameters: {'gradient_clip_val': 0.3977736519035699, 'hidden_size': 66, 'dropout': 0.4451327641526837, 'hidden_continuous_size': 38, 'attention_head_size': 4, 'learning_rate': 0.024765493273056306}. Best is trial 0 with value: 160.8681182861328.
[I 2023-12-27 11:17:07,587] Trial 37 finished with value: 510.4017028808594 and parameters: {'gradient_clip_val': 0.56190514373045, 'hidden_size': 50, 'dropout': 0.4758365205851168, 'hidden_continuous_size': 26, 'attention_head_size': 3, 'learning_rate': 0.006270592076420545}. Best is trial 0 with value: 160.8681182861328.
[I 2023-12-27 11:17:08,085] Trial 38 finished with value: 543.27197265625 and parameters: {'gradient_clip_val': 0.4836367687206909, 'hidden_size': 120, 'dropout': 0.4341233989583062, 'hidden_continuous_size': 19, 'attention_head_size': 4, 'learning_rate': 0.014855728129230372}. Best is trial 0 with value: 160.8681182861328.
[I 2023-12-27 11:17:08,515] Trial 39 finished with value: 389.7280578613281 and parameters: {'gradient_clip_val': 0.6754012183446935, 'hidden_size': 64, 'dropout': 0.49966330782568946, 'hidden_continuous_size': 31, 'attention_head_size': 3, 'learning_rate': 0.00815082203213949}. Best is trial 0 with value: 160.8681182861328.
[I 2023-12-27 11:17:08,949] Trial 40 finished with value: 583.0119018554688 and parameters: {'gradient_clip_val': 0.6925409134880521, 'hidden_size': 57, 'dropout': 0.4605541522069906, 'hidden_continuous_size': 39, 'attention_head_size': 3, 'learning_rate': 0.007721231296542882}. Best is trial 0 with value: 160.8681182861328.
[I 2023-12-27 11:17:09,390] Trial 41 finished with value: 517.6676635742188 and parameters: {'gradient_clip_val': 0.5650323832358349, 'hidden_size': 67, 'dropout': 0.47704902054803444, 'hidden_continuous_size': 31, 'attention_head_size': 3, 'learning_rate': 0.021519660776530614}. Best is trial 0 with value: 160.8681182861328.
[I 2023-12-27 11:17:09,866] Trial 42 finished with value: 444.612060546875 and parameters: {'gradient_clip_val': 0.6713914173368365, 'hidden_size': 90, 'dropout': 0.49507765772564627, 'hidden_continuous_size': 23, 'attention_head_size': 3, 'learning_rate': 0.011909347743518631}. Best is trial 0 with value: 160.8681182861328.
[I 2023-12-27 11:17:10,528] Trial 43 finished with value: 552.9153442382812 and parameters: {'gradient_clip_val': 0.8665889515617168, 'hidden_size': 75, 'dropout': 0.45457492364988833, 'hidden_continuous_size': 45, 'attention_head_size': 4, 'learning_rate': 0.008461152993022905}. Best is trial 0 with value: 160.8681182861328.
[I 2023-12-27 11:17:11,056] Trial 44 finished with value: 587.5966796875 and parameters: {'gradient_clip_val': 0.47421749576204825, 'hidden_size': 119, 'dropout': 0.46478185799219995, 'hidden_continuous_size': 56, 'attention_head_size': 3, 'learning_rate': 0.017508514754308407}. Best is trial 0 with value: 160.8681182861328.
[I 2023-12-27 11:17:11,498] Trial 45 finished with value: 511.5428466796875 and parameters: {'gradient_clip_val': 0.5934783908515308, 'hidden_size': 63, 'dropout': 0.4978636258916712, 'hidden_continuous_size': 32, 'attention_head_size': 2, 'learning_rate': 0.03310216912328941}. Best is trial 0 with value: 160.8681182861328.
[I 2023-12-27 11:17:11,982] Trial 46 finished with value: 375.1687927246094 and parameters: {'gradient_clip_val': 0.5005935422101037, 'hidden_size': 93, 'dropout': 0.42501493949299096, 'hidden_continuous_size': 26, 'attention_head_size': 3, 'learning_rate': 0.013097376707257913}. Best is trial 0 with value: 160.8681182861328.
[I 2023-12-27 11:17:12,460] Trial 47 finished with value: 716.1921997070312 and parameters: {'gradient_clip_val': 0.5009923410898245, 'hidden_size': 91, 'dropout': 0.4258711455666733, 'hidden_continuous_size': 22, 'attention_head_size': 3, 'learning_rate': 0.007407435103097129}. Best is trial 0 with value: 160.8681182861328.
[I 2023-12-27 11:17:12,865] Trial 48 finished with value: 380.1176452636719 and parameters: {'gradient_clip_val': 0.6734175782773921, 'hidden_size': 53, 'dropout': 0.4047920743944465, 'hidden_continuous_size': 25, 'attention_head_size': 2, 'learning_rate': 0.01357455179506316}. Best is trial 0 with value: 160.8681182861328.
[I 2023-12-27 11:17:13,251] Trial 49 finished with value: 461.1122131347656 and parameters: {'gradient_clip_val': 0.4268788532609688, 'hidden_size': 36, 'dropout': 0.40277965690889905, 'hidden_continuous_size': 28, 'attention_head_size': 2, 'learning_rate': 0.014835254122647757}. Best is trial 0 with value: 160.8681182861328.
[I 2023-12-27 11:17:13,360] A new study created in memory with name: no-name-e8fe0aaa-6f97-45c1-9422-84101502ffb4
/home/le004/conda/anaconda3/envs/tsff_env/lib/python3.9/site-packages/lightning/fabric/plugins/environments/slurm.py:191: The `srun` command is available on your system but is not used. HINT: If your intention is to run Lightning on SLURM, prepend your python command with `srun` like so: srun python /home/le004/master_thesis/git/TSFusionForecast/code/ ...
[I 2023-12-27 11:17:40,540] Trial 0 finished with value: 116.61870574951172 and parameters: {'gradient_clip_val': 0.8415300160731018, 'hidden_size': 7, 'dropout': 0.4606661531471711, 'hidden_continuous_size': 7, 'attention_head_size': 4, 'learning_rate': 0.02553055318456374}. Best is trial 0 with value: 116.61870574951172.
[I 2023-12-27 11:17:42,108] Trial 1 finished with value: 374.8800964355469 and parameters: {'gradient_clip_val': 0.11578028903712634, 'hidden_size': 7, 'dropout': 0.26008869968101667, 'hidden_continuous_size': 6, 'attention_head_size': 4, 'learning_rate': 0.0238961908025657}. Best is trial 0 with value: 116.61870574951172.
[I 2023-12-27 11:17:42,514] Trial 2 finished with value: 382.2757568359375 and parameters: {'gradient_clip_val': 0.1326721948104579, 'hidden_size': 81, 'dropout': 0.4969947430202658, 'hidden_continuous_size': 5, 'attention_head_size': 4, 'learning_rate': 0.059355597361873666}. Best is trial 0 with value: 116.61870574951172.
[I 2023-12-27 11:17:42,844] Trial 3 finished with value: 314.8558654785156 and parameters: {'gradient_clip_val': 0.11788232251961238, 'hidden_size': 19, 'dropout': 0.48345912408973113, 'hidden_continuous_size': 13, 'attention_head_size': 1, 'learning_rate': 0.001273413568587094}. Best is trial 0 with value: 116.61870574951172.
[I 2023-12-27 11:17:43,192] Trial 4 finished with value: 370.857421875 and parameters: {'gradient_clip_val': 0.23136066348649273, 'hidden_size': 29, 'dropout': 0.47136551249197567, 'hidden_continuous_size': 9, 'attention_head_size': 1, 'learning_rate': 0.08210183625067248}. Best is trial 0 with value: 116.61870574951172.
[I 2023-12-27 11:17:43,754] Trial 5 finished with value: 362.4739685058594 and parameters: {'gradient_clip_val': 0.11730398484487527, 'hidden_size': 26, 'dropout': 0.3596932730771536, 'hidden_continuous_size': 19, 'attention_head_size': 3, 'learning_rate': 0.00551468998021186}. Best is trial 0 with value: 116.61870574951172.
[I 2023-12-27 11:17:44,074] Trial 6 finished with value: 425.3999938964844 and parameters: {'gradient_clip_val': 0.10070910092051003, 'hidden_size': 5, 'dropout': 0.24570963732146459, 'hidden_continuous_size': 5, 'attention_head_size': 2, 'learning_rate': 0.0021898287667406354}. Best is trial 0 with value: 116.61870574951172.
[I 2023-12-27 11:17:44,474] Trial 7 finished with value: 443.2723083496094 and parameters: {'gradient_clip_val': 0.14860054298426345, 'hidden_size': 72, 'dropout': 0.3271460266270685, 'hidden_continuous_size': 14, 'attention_head_size': 3, 'learning_rate': 0.05202917985384912}. Best is trial 0 with value: 116.61870574951172.
[I 2023-12-27 11:17:44,929] Trial 8 finished with value: 388.9331359863281 and parameters: {'gradient_clip_val': 0.30479741973760377, 'hidden_size': 106, 'dropout': 0.4573574999102349, 'hidden_continuous_size': 6, 'attention_head_size': 1, 'learning_rate': 0.006211551928714344}. Best is trial 0 with value: 116.61870574951172.
[I 2023-12-27 11:17:45,268] Trial 9 finished with value: 391.8388366699219 and parameters: {'gradient_clip_val': 0.3065972042186419, 'hidden_size': 11, 'dropout': 0.2508778373833892, 'hidden_continuous_size': 9, 'attention_head_size': 3, 'learning_rate': 0.06641445478849022}. Best is trial 0 with value: 116.61870574951172.
[I 2023-12-27 11:17:45,600] Trial 10 finished with value: 360.8140563964844 and parameters: {'gradient_clip_val': 0.9901549577841451, 'hidden_size': 5, 'dropout': 0.1741199375523262, 'hidden_continuous_size': 5, 'attention_head_size': 4, 'learning_rate': 0.015967551034536842}. Best is trial 0 with value: 116.61870574951172.
[I 2023-12-27 11:17:45,949] Trial 11 finished with value: 410.958740234375 and parameters: {'gradient_clip_val': 0.684011604226926, 'hidden_size': 13, 'dropout': 0.4073168941003976, 'hidden_continuous_size': 8, 'attention_head_size': 2, 'learning_rate': 0.0006396396305948138}. Best is trial 0 with value: 116.61870574951172.
[I 2023-12-27 11:17:46,311] Trial 12 finished with value: 401.2215881347656 and parameters: {'gradient_clip_val': 0.5677900692849197, 'hidden_size': 13, 'dropout': 0.40207552942471136, 'hidden_continuous_size': 7, 'attention_head_size': 2, 'learning_rate': 0.0005477092755846099}. Best is trial 0 with value: 116.61870574951172.
