[I 2023-12-27 11:24:51,650] Trial 34 finished with value: 6650.04150390625 and parameters: {'gradient_clip_val': 0.7972552053149956, 'hidden_size': 103, 'dropout': 0.27544843568199096, 'hidden_continuous_size': 14, 'attention_head_size': 1, 'learning_rate': 0.04141961993173983}. Best is trial 0 with value: 1091.5260009765625.
LOCAL_RANK: 0 - CUDA_VISIBLE_DEVICES: [0]
[I 2023-12-27 11:24:52,136] Trial 35 finished with value: 5199.13330078125 and parameters: {'gradient_clip_val': 0.5865456637621028, 'hidden_size': 110, 'dropout': 0.2447038067903055, 'hidden_continuous_size': 9, 'attention_head_size': 1, 'learning_rate': 0.01565764227617639}. Best is trial 0 with value: 1091.5260009765625.
LOCAL_RANK: 0 - CUDA_VISIBLE_DEVICES: [0]
[I 2023-12-27 11:24:52,899] Trial 36 finished with value: 4390.02001953125 and parameters: {'gradient_clip_val': 0.7363733659520666, 'hidden_size': 73, 'dropout': 0.36989858395605696, 'hidden_continuous_size': 5, 'attention_head_size': 1, 'learning_rate': 0.010018859386369584}. Best is trial 0 with value: 1091.5260009765625.
LOCAL_RANK: 0 - CUDA_VISIBLE_DEVICES: [0]
[I 2023-12-27 11:24:53,348] Trial 37 finished with value: 5535.98876953125 and parameters: {'gradient_clip_val': 0.8561686946312541, 'hidden_size': 44, 'dropout': 0.26173218765130146, 'hidden_continuous_size': 7, 'attention_head_size': 1, 'learning_rate': 0.008630946874003311}. Best is trial 0 with value: 1091.5260009765625.
LOCAL_RANK: 0 - CUDA_VISIBLE_DEVICES: [0]
[I 2023-12-27 11:24:53,841] Trial 38 finished with value: 5954.68505859375 and parameters: {'gradient_clip_val': 0.7188856482293211, 'hidden_size': 70, 'dropout': 0.4574749200509154, 'hidden_continuous_size': 6, 'attention_head_size': 2, 'learning_rate': 0.00540635009696452}. Best is trial 0 with value: 1091.5260009765625.
LOCAL_RANK: 0 - CUDA_VISIBLE_DEVICES: [0]
[I 2023-12-27 11:24:54,330] Trial 39 finished with value: 6439.294921875 and parameters: {'gradient_clip_val': 0.6150588223332283, 'hidden_size': 54, 'dropout': 0.3047431287172764, 'hidden_continuous_size': 8, 'attention_head_size': 4, 'learning_rate': 0.04865499712346239}. Best is trial 0 with value: 1091.5260009765625.
LOCAL_RANK: 0 - CUDA_VISIBLE_DEVICES: [0]
[I 2023-12-27 11:24:54,839] Trial 40 finished with value: 5514.19384765625 and parameters: {'gradient_clip_val': 0.975527152762363, 'hidden_size': 150, 'dropout': 0.22806213901434402, 'hidden_continuous_size': 14, 'attention_head_size': 1, 'learning_rate': 0.0284525283028192}. Best is trial 0 with value: 1091.5260009765625.
LOCAL_RANK: 0 - CUDA_VISIBLE_DEVICES: [0]
[I 2023-12-27 11:24:55,325] Trial 41 finished with value: 5451.92041015625 and parameters: {'gradient_clip_val': 0.7226202835649191, 'hidden_size': 71, 'dropout': 0.3653344172051726, 'hidden_continuous_size': 5, 'attention_head_size': 1, 'learning_rate': 0.01072487625093218}. Best is trial 0 with value: 1091.5260009765625.
LOCAL_RANK: 0 - CUDA_VISIBLE_DEVICES: [0]
[I 2023-12-27 11:24:55,831] Trial 42 finished with value: 7966.68359375 and parameters: {'gradient_clip_val': 0.8297833881112284, 'hidden_size': 105, 'dropout': 0.36418652355752834, 'hidden_continuous_size': 31, 'attention_head_size': 1, 'learning_rate': 0.01797271733226202}. Best is trial 0 with value: 1091.5260009765625.
LOCAL_RANK: 0 - CUDA_VISIBLE_DEVICES: [0]
[I 2023-12-27 11:24:56,311] Trial 43 finished with value: 7688.74658203125 and parameters: {'gradient_clip_val': 0.6765211645248268, 'hidden_size': 50, 'dropout': 0.2789709845580244, 'hidden_continuous_size': 5, 'attention_head_size': 1, 'learning_rate': 0.012257154303536112}. Best is trial 0 with value: 1091.5260009765625.
LOCAL_RANK: 0 - CUDA_VISIBLE_DEVICES: [0]
[I 2023-12-27 11:24:56,797] Trial 44 finished with value: 6381.33642578125 and parameters: {'gradient_clip_val': 0.887776132240498, 'hidden_size': 62, 'dropout': 0.31997090001447454, 'hidden_continuous_size': 6, 'attention_head_size': 1, 'learning_rate': 0.008401263880159873}. Best is trial 0 with value: 1091.5260009765625.
LOCAL_RANK: 0 - CUDA_VISIBLE_DEVICES: [0]
[I 2023-12-27 11:24:57,276] Trial 45 finished with value: 6490.25146484375 and parameters: {'gradient_clip_val': 0.7534181710502259, 'hidden_size': 74, 'dropout': 0.25914374644235566, 'hidden_continuous_size': 7, 'attention_head_size': 1, 'learning_rate': 0.08839374389896831}. Best is trial 0 with value: 1091.5260009765625.
LOCAL_RANK: 0 - CUDA_VISIBLE_DEVICES: [0]
[I 2023-12-27 11:24:57,771] Trial 46 finished with value: 4463.75732421875 and parameters: {'gradient_clip_val': 0.8749242733026905, 'hidden_size': 39, 'dropout': 0.35138580067993197, 'hidden_continuous_size': 8, 'attention_head_size': 2, 'learning_rate': 0.015146008082481404}. Best is trial 0 with value: 1091.5260009765625.
LOCAL_RANK: 0 - CUDA_VISIBLE_DEVICES: [0]
[I 2023-12-27 11:24:58,274] Trial 47 finished with value: 6010.33935546875 and parameters: {'gradient_clip_val': 0.9906741148640946, 'hidden_size': 49, 'dropout': 0.3824540849896521, 'hidden_continuous_size': 5, 'attention_head_size': 3, 'learning_rate': 0.006485608616393361}. Best is trial 0 with value: 1091.5260009765625.
LOCAL_RANK: 0 - CUDA_VISIBLE_DEVICES: [0]
[I 2023-12-27 11:24:58,757] Trial 48 finished with value: 5268.58447265625 and parameters: {'gradient_clip_val': 0.5783592701232805, 'hidden_size': 93, 'dropout': 0.32453363429058746, 'hidden_continuous_size': 10, 'attention_head_size': 1, 'learning_rate': 0.00402769805630873}. Best is trial 0 with value: 1091.5260009765625.
LOCAL_RANK: 0 - CUDA_VISIBLE_DEVICES: [0]
[I 2023-12-27 11:24:59,226] Trial 49 finished with value: 5735.33642578125 and parameters: {'gradient_clip_val': 0.7595149200388913, 'hidden_size': 62, 'dropout': 0.2865032088378302, 'hidden_continuous_size': 7, 'attention_head_size': 2, 'learning_rate': 0.008798396018373017}. Best is trial 0 with value: 1091.5260009765625.
[I 2023-12-27 11:24:59,354] A new study created in memory with name: no-name-73d4cc3a-4135-4b7d-ab58-d73c052a0187
/home/le004/conda/anaconda3/envs/tsff_env/lib/python3.9/site-packages/lightning/fabric/plugins/environments/slurm.py:191: The `srun` command is available on your system but is not used. HINT: If your intention is to run Lightning on SLURM, prepend your python command with `srun` like so: srun python /home/le004/master_thesis/git/TSFusionForecast/code/ ...
LOCAL_RANK: 0 - CUDA_VISIBLE_DEVICES: [0]
[I 2023-12-27 11:25:15,995] Trial 0 finished with value: 2067.560302734375 and parameters: {'gradient_clip_val': 0.6100422111187362, 'hidden_size': 28, 'dropout': 0.39035294558931277, 'hidden_continuous_size': 5, 'attention_head_size': 1, 'learning_rate': 0.04521701729297437}. Best is trial 0 with value: 2067.560302734375.
LOCAL_RANK: 0 - CUDA_VISIBLE_DEVICES: [0]
[I 2023-12-27 11:25:16,455] Trial 1 finished with value: 3142.5224609375 and parameters: {'gradient_clip_val': 0.36496445468914224, 'hidden_size': 23, 'dropout': 0.3824884376018397, 'hidden_continuous_size': 7, 'attention_head_size': 4, 'learning_rate': 0.010048908656284512}. Best is trial 0 with value: 2067.560302734375.
LOCAL_RANK: 0 - CUDA_VISIBLE_DEVICES: [0]
[I 2023-12-27 11:25:16,899] Trial 2 finished with value: 2955.21875 and parameters: {'gradient_clip_val': 0.8392526355749098, 'hidden_size': 67, 'dropout': 0.228187583151679, 'hidden_continuous_size': 40, 'attention_head_size': 2, 'learning_rate': 0.04020863324833694}. Best is trial 0 with value: 2067.560302734375.
LOCAL_RANK: 0 - CUDA_VISIBLE_DEVICES: [0]
[I 2023-12-27 11:25:17,350] Trial 3 finished with value: 3822.823486328125 and parameters: {'gradient_clip_val': 0.2668582629508265, 'hidden_size': 96, 'dropout': 0.33771082987710166, 'hidden_continuous_size': 5, 'attention_head_size': 1, 'learning_rate': 0.013710985259821392}. Best is trial 0 with value: 2067.560302734375.
LOCAL_RANK: 0 - CUDA_VISIBLE_DEVICES: [0]
[I 2023-12-27 11:25:17,792] Trial 4 finished with value: 4489.83642578125 and parameters: {'gradient_clip_val': 0.48953093714874724, 'hidden_size': 21, 'dropout': 0.4864298860287094, 'hidden_continuous_size': 18, 'attention_head_size': 1, 'learning_rate': 0.002817485933013048}. Best is trial 0 with value: 2067.560302734375.
LOCAL_RANK: 0 - CUDA_VISIBLE_DEVICES: [0]
[I 2023-12-27 11:25:18,198] Trial 5 finished with value: 3759.745849609375 and parameters: {'gradient_clip_val': 0.4834642764421789, 'hidden_size': 5, 'dropout': 0.3086248702884836, 'hidden_continuous_size': 5, 'attention_head_size': 2, 'learning_rate': 0.0028830430147773686}. Best is trial 0 with value: 2067.560302734375.
LOCAL_RANK: 0 - CUDA_VISIBLE_DEVICES: [0]
[I 2023-12-27 11:25:18,639] Trial 6 finished with value: 3443.89453125 and parameters: {'gradient_clip_val': 0.8067548914046039, 'hidden_size': 87, 'dropout': 0.32015001959959666, 'hidden_continuous_size': 24, 'attention_head_size': 2, 'learning_rate': 0.027215353615470523}. Best is trial 0 with value: 2067.560302734375.
LOCAL_RANK: 0 - CUDA_VISIBLE_DEVICES: [0]
[I 2023-12-27 11:25:19,044] Trial 7 finished with value: 4276.68701171875 and parameters: {'gradient_clip_val': 0.48817055156056877, 'hidden_size': 37, 'dropout': 0.27025275359819234, 'hidden_continuous_size': 37, 'attention_head_size': 1, 'learning_rate': 0.001407405028076017}. Best is trial 0 with value: 2067.560302734375.
LOCAL_RANK: 0 - CUDA_VISIBLE_DEVICES: [0]
[I 2023-12-27 11:25:19,485] Trial 8 finished with value: 3764.666259765625 and parameters: {'gradient_clip_val': 0.6217688778978564, 'hidden_size': 67, 'dropout': 0.1611644929497861, 'hidden_continuous_size': 34, 'attention_head_size': 2, 'learning_rate': 0.0015541987292797877}. Best is trial 0 with value: 2067.560302734375.
LOCAL_RANK: 0 - CUDA_VISIBLE_DEVICES: [0]
[I 2023-12-27 11:25:19,938] Trial 9 finished with value: 3715.28125 and parameters: {'gradient_clip_val': 0.5320589374319293, 'hidden_size': 17, 'dropout': 0.17780440231221914, 'hidden_continuous_size': 6, 'attention_head_size': 4, 'learning_rate': 0.009734995463529975}. Best is trial 0 with value: 2067.560302734375.
LOCAL_RANK: 0 - CUDA_VISIBLE_DEVICES: [0]
[I 2023-12-27 11:25:20,405] Trial 10 finished with value: 3847.674560546875 and parameters: {'gradient_clip_val': 0.17018186212762917, 'hidden_size': 10, 'dropout': 0.10930432869978429, 'hidden_continuous_size': 6, 'attention_head_size': 3, 'learning_rate': 0.09706621972858388}. Best is trial 0 with value: 2067.560302734375.
LOCAL_RANK: 0 - CUDA_VISIBLE_DEVICES: [0]
[I 2023-12-27 11:25:20,906] Trial 11 finished with value: 3915.908203125 and parameters: {'gradient_clip_val': 0.978105826782036, 'hidden_size': 59, 'dropout': 0.24602066155442506, 'hidden_continuous_size': 55, 'attention_head_size': 3, 'learning_rate': 0.05383209992962635}. Best is trial 0 with value: 2067.560302734375.
LOCAL_RANK: 0 - CUDA_VISIBLE_DEVICES: [0]
[I 2023-12-27 11:25:21,589] Trial 12 finished with value: 3229.423583984375 and parameters: {'gradient_clip_val': 0.7970735437780082, 'hidden_size': 44, 'dropout': 0.4231783605806487, 'hidden_continuous_size': 10, 'attention_head_size': 1, 'learning_rate': 0.032493357087969056}. Best is trial 0 with value: 2067.560302734375.
LOCAL_RANK: 0 - CUDA_VISIBLE_DEVICES: [0]
[I 2023-12-27 11:25:22,126] Trial 13 finished with value: 4145.4248046875 and parameters: {'gradient_clip_val': 0.9944326064717796, 'hidden_size': 149, 'dropout': 0.22489367488465664, 'hidden_continuous_size': 120, 'attention_head_size': 2, 'learning_rate': 0.09801532111501601}. Best is trial 0 with value: 2067.560302734375.
LOCAL_RANK: 0 - CUDA_VISIBLE_DEVICES: [0]
[I 2023-12-27 11:25:22,613] Trial 14 finished with value: 3492.089599609375 and parameters: {'gradient_clip_val': 0.6872507207606581, 'hidden_size': 36, 'dropout': 0.35248002510667886, 'hidden_continuous_size': 10, 'attention_head_size': 3, 'learning_rate': 0.022079956392340967}. Best is trial 0 with value: 2067.560302734375.
LOCAL_RANK: 0 - CUDA_VISIBLE_DEVICES: [0]
[I 2023-12-27 11:25:23,078] Trial 15 finished with value: 3643.375 and parameters: {'gradient_clip_val': 0.31951707420654735, 'hidden_size': 29, 'dropout': 0.2720755841367724, 'hidden_continuous_size': 8, 'attention_head_size': 1, 'learning_rate': 0.0005534042926408129}. Best is trial 0 with value: 2067.560302734375.
LOCAL_RANK: 0 - CUDA_VISIBLE_DEVICES: [0]
[I 2023-12-27 11:25:23,566] Trial 16 finished with value: 4341.103515625 and parameters: {'gradient_clip_val': 0.680483713018034, 'hidden_size': 42, 'dropout': 0.3933405055249437, 'hidden_continuous_size': 13, 'attention_head_size': 2, 'learning_rate': 0.047145770634750714}. Best is trial 0 with value: 2067.560302734375.
LOCAL_RANK: 0 - CUDA_VISIBLE_DEVICES: [0]
[I 2023-12-27 11:25:24,029] Trial 17 finished with value: 4454.44580078125 and parameters: {'gradient_clip_val': 0.10467537077424377, 'hidden_size': 14, 'dropout': 0.44019919919249295, 'hidden_continuous_size': 5, 'attention_head_size': 1, 'learning_rate': 0.014280441431930612}. Best is trial 0 with value: 2067.560302734375.
LOCAL_RANK: 0 - CUDA_VISIBLE_DEVICES: [0]
[I 2023-12-27 11:25:24,474] Trial 18 finished with value: 4217.09130859375 and parameters: {'gradient_clip_val': 0.403254758642332, 'hidden_size': 27, 'dropout': 0.2991388367046909, 'hidden_continuous_size': 8, 'attention_head_size': 2, 'learning_rate': 0.0388200919161133}. Best is trial 0 with value: 2067.560302734375.
LOCAL_RANK: 0 - CUDA_VISIBLE_DEVICES: [0]
[I 2023-12-27 11:25:24,939] Trial 19 finished with value: 3936.807373046875 and parameters: {'gradient_clip_val': 0.6228574530704417, 'hidden_size': 54, 'dropout': 0.36403124309486146, 'hidden_continuous_size': 14, 'attention_head_size': 3, 'learning_rate': 0.018536031763060064}. Best is trial 0 with value: 2067.560302734375.
LOCAL_RANK: 0 - CUDA_VISIBLE_DEVICES: [0]
[I 2023-12-27 11:25:25,429] Trial 20 finished with value: 4153.990234375 and parameters: {'gradient_clip_val': 0.8837031992112264, 'hidden_size': 77, 'dropout': 0.49957621648759876, 'hidden_continuous_size': 20, 'attention_head_size': 1, 'learning_rate': 0.06832645124213875}. Best is trial 0 with value: 2067.560302734375.
LOCAL_RANK: 0 - CUDA_VISIBLE_DEVICES: [0]
[I 2023-12-27 11:25:25,890] Trial 21 finished with value: 4353.21923828125 and parameters: {'gradient_clip_val': 0.3526864846050662, 'hidden_size': 24, 'dropout': 0.38460970461760036, 'hidden_continuous_size': 7, 'attention_head_size': 4, 'learning_rate': 0.007607522631217772}. Best is trial 0 with value: 2067.560302734375.
LOCAL_RANK: 0 - CUDA_VISIBLE_DEVICES: [0]
[I 2023-12-27 11:25:26,353] Trial 22 finished with value: 4039.180419921875 and parameters: {'gradient_clip_val': 0.40219870541972574, 'hidden_size': 31, 'dropout': 0.4047998376920802, 'hidden_continuous_size': 6, 'attention_head_size': 4, 'learning_rate': 0.034794150477896406}. Best is trial 0 with value: 2067.560302734375.
LOCAL_RANK: 0 - CUDA_VISIBLE_DEVICES: [0]
[I 2023-12-27 11:25:26,838] Trial 23 finished with value: 3840.618408203125 and parameters: {'gradient_clip_val': 0.7678027223763332, 'hidden_size': 51, 'dropout': 0.3586802293703747, 'hidden_continuous_size': 10, 'attention_head_size': 3, 'learning_rate': 0.025445339440819968}. Best is trial 0 with value: 2067.560302734375.
LOCAL_RANK: 0 - CUDA_VISIBLE_DEVICES: [0]
[I 2023-12-27 11:25:27,342] Trial 24 finished with value: 3458.036376953125 and parameters: {'gradient_clip_val': 0.2659817990681602, 'hidden_size': 22, 'dropout': 0.4440891683738207, 'hidden_continuous_size': 7, 'attention_head_size': 4, 'learning_rate': 0.05921701205464579}. Best is trial 0 with value: 2067.560302734375.
LOCAL_RANK: 0 - CUDA_VISIBLE_DEVICES: [0]
[I 2023-12-27 11:25:28,050] Trial 25 finished with value: 3455.957275390625 and parameters: {'gradient_clip_val': 0.5877283759553764, 'hidden_size': 34, 'dropout': 0.334899197245924, 'hidden_continuous_size': 5, 'attention_head_size': 2, 'learning_rate': 0.014970198546449523}. Best is trial 0 with value: 2067.560302734375.
LOCAL_RANK: 0 - CUDA_VISIBLE_DEVICES: [0]
[I 2023-12-27 11:25:28,549] Trial 26 finished with value: 3442.337890625 and parameters: {'gradient_clip_val': 0.7291877650517958, 'hidden_size': 46, 'dropout': 0.3832343987831306, 'hidden_continuous_size': 9, 'attention_head_size': 3, 'learning_rate': 0.02278409073250803}. Best is trial 0 with value: 2067.560302734375.
LOCAL_RANK: 0 - CUDA_VISIBLE_DEVICES: [0]
[I 2023-12-27 11:25:29,002] Trial 27 finished with value: 3813.349609375 and parameters: {'gradient_clip_val': 0.578780145066586, 'hidden_size': 17, 'dropout': 0.46469623690055606, 'hidden_continuous_size': 6, 'attention_head_size': 4, 'learning_rate': 0.009486633790994502}. Best is trial 0 with value: 2067.560302734375.
LOCAL_RANK: 0 - CUDA_VISIBLE_DEVICES: [0]
[I 2023-12-27 11:25:29,513] Trial 28 finished with value: 3497.537353515625 and parameters: {'gradient_clip_val': 0.8744109632909601, 'hidden_size': 68, 'dropout': 0.4215797059723874, 'hidden_continuous_size': 12, 'attention_head_size': 2, 'learning_rate': 0.0396153317279862}. Best is trial 0 with value: 2067.560302734375.
LOCAL_RANK: 0 - CUDA_VISIBLE_DEVICES: [0]
[I 2023-12-27 11:25:30,022] Trial 29 finished with value: 4483.4951171875 and parameters: {'gradient_clip_val': 0.42674833404254353, 'hidden_size': 107, 'dropout': 0.3339879772208638, 'hidden_continuous_size': 15, 'attention_head_size': 1, 'learning_rate': 0.01722057412745191}. Best is trial 0 with value: 2067.560302734375.
LOCAL_RANK: 0 - CUDA_VISIBLE_DEVICES: [0]
[I 2023-12-27 11:25:30,533] Trial 30 finished with value: 3025.01953125 and parameters: {'gradient_clip_val': 0.24961955154145732, 'hidden_size': 55, 'dropout': 0.35948359819632103, 'hidden_continuous_size': 11, 'attention_head_size': 1, 'learning_rate': 0.012843748562744494}. Best is trial 0 with value: 2067.560302734375.
LOCAL_RANK: 0 - CUDA_VISIBLE_DEVICES: [0]
[I 2023-12-27 11:25:31,016] Trial 31 finished with value: 4052.573486328125 and parameters: {'gradient_clip_val': 0.267659426625658, 'hidden_size': 57, 'dropout': 0.3700959702900369, 'hidden_continuous_size': 12, 'attention_head_size': 1, 'learning_rate': 0.011800256668174044}. Best is trial 0 with value: 2067.560302734375.
LOCAL_RANK: 0 - CUDA_VISIBLE_DEVICES: [0]
[I 2023-12-27 11:25:31,470] Trial 32 finished with value: 3719.98828125 and parameters: {'gradient_clip_val': 0.25705290689429816, 'hidden_size': 42, 'dropout': 0.40807287826243144, 'hidden_continuous_size': 7, 'attention_head_size': 1, 'learning_rate': 0.005926728377950167}. Best is trial 0 with value: 2067.560302734375.
LOCAL_RANK: 0 - CUDA_VISIBLE_DEVICES: [0]
[I 2023-12-27 11:25:31,908] Trial 33 finished with value: 3256.487548828125 and parameters: {'gradient_clip_val': 0.52321088777217, 'hidden_size': 28, 'dropout': 0.3504619148096456, 'hidden_continuous_size': 11, 'attention_head_size': 1, 'learning_rate': 0.03105299131600981}. Best is trial 0 with value: 2067.560302734375.
LOCAL_RANK: 0 - CUDA_VISIBLE_DEVICES: [0]
[I 2023-12-27 11:25:32,407] Trial 34 finished with value: 3717.239013671875 and parameters: {'gradient_clip_val': 0.4594653417450028, 'hidden_size': 73, 'dropout': 0.31490925050175145, 'hidden_continuous_size': 5, 'attention_head_size': 2, 'learning_rate': 0.019698075372234867}. Best is trial 0 with value: 2067.560302734375.
LOCAL_RANK: 0 - CUDA_VISIBLE_DEVICES: [0]
[I 2023-12-27 11:25:32,875] Trial 35 finished with value: 3793.035888671875 and parameters: {'gradient_clip_val': 0.3355791750752024, 'hidden_size': 107, 'dropout': 0.38698715880122925, 'hidden_continuous_size': 17, 'attention_head_size': 1, 'learning_rate': 0.004851987911273555}. Best is trial 0 with value: 2067.560302734375.
LOCAL_RANK: 0 - CUDA_VISIBLE_DEVICES: [0]
[I 2023-12-27 11:25:33,361] Trial 36 finished with value: 3496.193359375 and parameters: {'gradient_clip_val': 0.6401979841321428, 'hidden_size': 89, 'dropout': 0.299607878236705, 'hidden_continuous_size': 9, 'attention_head_size': 2, 'learning_rate': 0.012044016799012704}. Best is trial 0 with value: 2067.560302734375.
LOCAL_RANK: 0 - CUDA_VISIBLE_DEVICES: [0]
[I 2023-12-27 11:25:33,832] Trial 37 finished with value: 3730.568359375 and parameters: {'gradient_clip_val': 0.5214554678031605, 'hidden_size': 38, 'dropout': 0.33783837696151753, 'hidden_continuous_size': 8, 'attention_head_size': 1, 'learning_rate': 0.025245292935174277}. Best is trial 0 with value: 2067.560302734375.
LOCAL_RANK: 0 - CUDA_VISIBLE_DEVICES: [0]
[I 2023-12-27 11:25:34,603] Trial 38 finished with value: 3680.416015625 and parameters: {'gradient_clip_val': 0.7657343291440056, 'hidden_size': 32, 'dropout': 0.37341203231924985, 'hidden_continuous_size': 11, 'attention_head_size': 2, 'learning_rate': 0.04231906623225682}. Best is trial 0 with value: 2067.560302734375.
LOCAL_RANK: 0 - CUDA_VISIBLE_DEVICES: [0]
[I 2023-12-27 11:25:35,095] Trial 39 finished with value: 3678.798828125 and parameters: {'gradient_clip_val': 0.5722274073732138, 'hidden_size': 61, 'dropout': 0.47459030338419494, 'hidden_continuous_size': 21, 'attention_head_size': 1, 'learning_rate': 0.01656243972645281}. Best is trial 0 with value: 2067.560302734375.
LOCAL_RANK: 0 - CUDA_VISIBLE_DEVICES: [0]
[I 2023-12-27 11:25:35,554] Trial 40 finished with value: 4115.720703125 and parameters: {'gradient_clip_val': 0.45210178626529673, 'hidden_size': 24, 'dropout': 0.4103014619900731, 'hidden_continuous_size': 5, 'attention_head_size': 3, 'learning_rate': 0.07242023795766864}. Best is trial 0 with value: 2067.560302734375.
LOCAL_RANK: 0 - CUDA_VISIBLE_DEVICES: [0]
[I 2023-12-27 11:25:36,035] Trial 41 finished with value: 4055.860107421875 and parameters: {'gradient_clip_val': 0.8344131687514909, 'hidden_size': 47, 'dropout': 0.4446283964115304, 'hidden_continuous_size': 15, 'attention_head_size': 1, 'learning_rate': 0.029742671749744615}. Best is trial 0 with value: 2067.560302734375.
LOCAL_RANK: 0 - CUDA_VISIBLE_DEVICES: [0]
