[I 2023-12-27 11:30:19,759] Trial 22 finished with value: 21.32456398010254 and parameters: {'gradient_clip_val': 0.4616779082087678, 'hidden_size': 11, 'dropout': 0.4587580295344967, 'hidden_continuous_size': 6, 'attention_head_size': 1, 'learning_rate': 0.0008965521411409624}. Best is trial 0 with value: 4.756958961486816.
[I 2023-12-27 11:30:20,121] Trial 23 finished with value: 20.940990447998047 and parameters: {'gradient_clip_val': 0.337057485554008, 'hidden_size': 7, 'dropout': 0.43185833702995363, 'hidden_continuous_size': 5, 'attention_head_size': 2, 'learning_rate': 0.0016755699380095908}. Best is trial 0 with value: 4.756958961486816.
[I 2023-12-27 11:30:20,688] Trial 24 finished with value: 29.291650772094727 and parameters: {'gradient_clip_val': 0.4111084707980776, 'hidden_size': 5, 'dropout': 0.45718967483261586, 'hidden_continuous_size': 5, 'attention_head_size': 1, 'learning_rate': 0.0009173911423207742}. Best is trial 0 with value: 4.756958961486816.
[I 2023-12-27 11:30:21,067] Trial 25 finished with value: 22.081161499023438 and parameters: {'gradient_clip_val': 0.5226080360515777, 'hidden_size': 23, 'dropout': 0.3363904138782827, 'hidden_continuous_size': 6, 'attention_head_size': 3, 'learning_rate': 0.0031785283249882133}. Best is trial 0 with value: 4.756958961486816.
[I 2023-12-27 11:30:21,468] Trial 26 finished with value: 30.289016723632812 and parameters: {'gradient_clip_val': 0.629305519005825, 'hidden_size': 34, 'dropout': 0.39452948830086354, 'hidden_continuous_size': 7, 'attention_head_size': 2, 'learning_rate': 0.0018321117945501305}. Best is trial 0 with value: 4.756958961486816.
[I 2023-12-27 11:30:21,825] Trial 27 finished with value: 33.57549285888672 and parameters: {'gradient_clip_val': 0.29011325367556434, 'hidden_size': 12, 'dropout': 0.4243370557699492, 'hidden_continuous_size': 6, 'attention_head_size': 1, 'learning_rate': 0.0031924937618199875}. Best is trial 0 with value: 4.756958961486816.
[I 2023-12-27 11:30:22,200] Trial 28 finished with value: 28.29746437072754 and parameters: {'gradient_clip_val': 0.3439475396903644, 'hidden_size': 20, 'dropout': 0.49329755954974963, 'hidden_continuous_size': 7, 'attention_head_size': 3, 'learning_rate': 0.0012817174244275531}. Best is trial 0 with value: 4.756958961486816.
[I 2023-12-27 11:30:22,579] Trial 29 finished with value: 24.119140625 and parameters: {'gradient_clip_val': 0.3847333551702426, 'hidden_size': 15, 'dropout': 0.2530848043252882, 'hidden_continuous_size': 6, 'attention_head_size': 3, 'learning_rate': 0.0008065163354058425}. Best is trial 0 with value: 4.756958961486816.
[I 2023-12-27 11:30:22,958] Trial 30 finished with value: 27.536720275878906 and parameters: {'gradient_clip_val': 0.42623673324723627, 'hidden_size': 9, 'dropout': 0.4500007212250111, 'hidden_continuous_size': 5, 'attention_head_size': 4, 'learning_rate': 0.0006284147519734082}. Best is trial 0 with value: 4.756958961486816.
[I 2023-12-27 11:30:23,374] Trial 31 finished with value: 24.63060188293457 and parameters: {'gradient_clip_val': 0.5863030485937462, 'hidden_size': 50, 'dropout': 0.32005238942233927, 'hidden_continuous_size': 12, 'attention_head_size': 4, 'learning_rate': 0.0012513151265230744}. Best is trial 0 with value: 4.756958961486816.
[I 2023-12-27 11:30:23,776] Trial 32 finished with value: 32.41496658325195 and parameters: {'gradient_clip_val': 0.5137955453200306, 'hidden_size': 30, 'dropout': 0.295996891366452, 'hidden_continuous_size': 10, 'attention_head_size': 4, 'learning_rate': 0.002285359280202781}. Best is trial 0 with value: 4.756958961486816.
[I 2023-12-27 11:30:24,168] Trial 33 finished with value: 14.910842895507812 and parameters: {'gradient_clip_val': 0.686624273122461, 'hidden_size': 13, 'dropout': 0.27402863444774916, 'hidden_continuous_size': 8, 'attention_head_size': 4, 'learning_rate': 0.001501879283898976}. Best is trial 0 with value: 4.756958961486816.
[I 2023-12-27 11:30:24,551] Trial 34 finished with value: 19.36741828918457 and parameters: {'gradient_clip_val': 0.7201987127846672, 'hidden_size': 13, 'dropout': 0.2100986488712173, 'hidden_continuous_size': 7, 'attention_head_size': 3, 'learning_rate': 0.0024126630123710415}. Best is trial 0 with value: 4.756958961486816.
[I 2023-12-27 11:30:24,933] Trial 35 finished with value: 19.126750946044922 and parameters: {'gradient_clip_val': 0.3531727416403967, 'hidden_size': 19, 'dropout': 0.25739104667474566, 'hidden_continuous_size': 9, 'attention_head_size': 3, 'learning_rate': 0.001850752235197132}. Best is trial 0 with value: 4.756958961486816.
[I 2023-12-27 11:30:25,303] Trial 36 finished with value: 16.614469528198242 and parameters: {'gradient_clip_val': 0.17885465526652652, 'hidden_size': 10, 'dropout': 0.27482026377926616, 'hidden_continuous_size': 6, 'attention_head_size': 4, 'learning_rate': 0.0006747507060203843}. Best is trial 0 with value: 4.756958961486816.
[I 2023-12-27 11:30:25,905] Trial 37 finished with value: 29.202428817749023 and parameters: {'gradient_clip_val': 0.18448269732469058, 'hidden_size': 13, 'dropout': 0.2860193416930815, 'hidden_continuous_size': 8, 'attention_head_size': 4, 'learning_rate': 0.000687068730318131}. Best is trial 0 with value: 4.756958961486816.
[I 2023-12-27 11:30:26,287] Trial 38 finished with value: 16.443361282348633 and parameters: {'gradient_clip_val': 0.198544611801342, 'hidden_size': 9, 'dropout': 0.24024337948915442, 'hidden_continuous_size': 6, 'attention_head_size': 4, 'learning_rate': 0.0009697013168262079}. Best is trial 0 with value: 4.756958961486816.
[I 2023-12-27 11:30:26,673] Trial 39 finished with value: 23.73997688293457 and parameters: {'gradient_clip_val': 0.15307512355158157, 'hidden_size': 10, 'dropout': 0.23835142837121848, 'hidden_continuous_size': 6, 'attention_head_size': 4, 'learning_rate': 0.0005035909627572257}. Best is trial 0 with value: 4.756958961486816.
[I 2023-12-27 11:30:27,036] Trial 40 finished with value: 27.312889099121094 and parameters: {'gradient_clip_val': 0.20898479104982276, 'hidden_size': 8, 'dropout': 0.2746283985693053, 'hidden_continuous_size': 6, 'attention_head_size': 4, 'learning_rate': 0.0010129307411529838}. Best is trial 0 with value: 4.756958961486816.
[I 2023-12-27 11:30:27,426] Trial 41 finished with value: 28.245399475097656 and parameters: {'gradient_clip_val': 0.26002152013257257, 'hidden_size': 10, 'dropout': 0.27230234220793, 'hidden_continuous_size': 6, 'attention_head_size': 4, 'learning_rate': 0.0008085925828891893}. Best is trial 0 with value: 4.756958961486816.
[I 2023-12-27 11:30:27,805] Trial 42 finished with value: 23.5811710357666 and parameters: {'gradient_clip_val': 0.2046288248572497, 'hidden_size': 14, 'dropout': 0.23762322903486052, 'hidden_continuous_size': 7, 'attention_head_size': 4, 'learning_rate': 0.0010690020887350298}. Best is trial 0 with value: 4.756958961486816.
[I 2023-12-27 11:30:28,177] Trial 43 finished with value: 17.353565216064453 and parameters: {'gradient_clip_val': 0.15326955116012808, 'hidden_size': 17, 'dropout': 0.19335417532006807, 'hidden_continuous_size': 9, 'attention_head_size': 4, 'learning_rate': 0.001467770441245355}. Best is trial 0 with value: 4.756958961486816.
[I 2023-12-27 11:30:28,550] Trial 44 finished with value: 18.2740535736084 and parameters: {'gradient_clip_val': 0.2355278147181235, 'hidden_size': 11, 'dropout': 0.31449056052707836, 'hidden_continuous_size': 7, 'attention_head_size': 4, 'learning_rate': 0.0006643003607753988}. Best is trial 0 with value: 4.756958961486816.
[I 2023-12-27 11:30:28,915] Trial 45 finished with value: 26.3209228515625 and parameters: {'gradient_clip_val': 0.16323652367064273, 'hidden_size': 7, 'dropout': 0.2831698172670759, 'hidden_continuous_size': 5, 'attention_head_size': 3, 'learning_rate': 0.0015371739948643185}. Best is trial 0 with value: 4.756958961486816.
[I 2023-12-27 11:30:29,294] Trial 46 finished with value: 28.152978897094727 and parameters: {'gradient_clip_val': 0.2937540647811456, 'hidden_size': 14, 'dropout': 0.1706835234639658, 'hidden_continuous_size': 8, 'attention_head_size': 4, 'learning_rate': 0.0011610643443928782}. Best is trial 0 with value: 4.756958961486816.
[I 2023-12-27 11:30:29,693] Trial 47 finished with value: 24.49892234802246 and parameters: {'gradient_clip_val': 0.12918544452499406, 'hidden_size': 29, 'dropout': 0.23996032878373405, 'hidden_continuous_size': 8, 'attention_head_size': 3, 'learning_rate': 0.0007822133671149107}. Best is trial 0 with value: 4.756958961486816.
[I 2023-12-27 11:30:30,074] Trial 48 finished with value: 21.876840591430664 and parameters: {'gradient_clip_val': 0.21017667025469633, 'hidden_size': 21, 'dropout': 0.26674039486396517, 'hidden_continuous_size': 9, 'attention_head_size': 4, 'learning_rate': 0.0005075161665609383}. Best is trial 0 with value: 4.756958961486816.
[I 2023-12-27 11:30:30,471] Trial 49 finished with value: 25.147308349609375 and parameters: {'gradient_clip_val': 0.264759827464493, 'hidden_size': 18, 'dropout': 0.21667315057794556, 'hidden_continuous_size': 11, 'attention_head_size': 4, 'learning_rate': 0.0014125566721758956}. Best is trial 0 with value: 4.756958961486816.
[I 2023-12-27 11:30:30,584] A new study created in memory with name: no-name-fd3dffb9-fd06-4eb4-946d-7894cfc34cab
/home/le004/conda/anaconda3/envs/tsff_env/lib/python3.9/site-packages/lightning/fabric/plugins/environments/slurm.py:191: The `srun` command is available on your system but is not used. HINT: If your intention is to run Lightning on SLURM, prepend your python command with `srun` like so: srun python /home/le004/master_thesis/git/TSFusionForecast/code/ ...
[I 2023-12-27 11:31:02,782] Trial 0 finished with value: 23.484458923339844 and parameters: {'gradient_clip_val': 0.1813798807427212, 'hidden_size': 17, 'dropout': 0.4511540058509981, 'hidden_continuous_size': 14, 'attention_head_size': 4, 'learning_rate': 0.001017885465932031}. Best is trial 0 with value: 23.484458923339844.
[I 2023-12-27 11:31:35,123] Trial 1 finished with value: 6.3899149894714355 and parameters: {'gradient_clip_val': 0.8792227229903276, 'hidden_size': 13, 'dropout': 0.49620737557256767, 'hidden_continuous_size': 10, 'attention_head_size': 4, 'learning_rate': 0.05531723105369485}. Best is trial 1 with value: 6.3899149894714355.
[I 2023-12-27 11:31:41,283] Trial 2 finished with value: 26.310279846191406 and parameters: {'gradient_clip_val': 0.19419567109187574, 'hidden_size': 5, 'dropout': 0.4922338874256317, 'hidden_continuous_size': 5, 'attention_head_size': 3, 'learning_rate': 0.03628057407163188}. Best is trial 1 with value: 6.3899149894714355.
[I 2023-12-27 11:31:41,642] Trial 3 finished with value: 57.25904846191406 and parameters: {'gradient_clip_val': 0.2518652420064727, 'hidden_size': 6, 'dropout': 0.1974606322019169, 'hidden_continuous_size': 5, 'attention_head_size': 1, 'learning_rate': 0.0044481445833160285}. Best is trial 1 with value: 6.3899149894714355.
[I 2023-12-27 11:31:42,020] Trial 4 finished with value: 66.04312133789062 and parameters: {'gradient_clip_val': 0.1022565598403157, 'hidden_size': 15, 'dropout': 0.37668347214977005, 'hidden_continuous_size': 11, 'attention_head_size': 2, 'learning_rate': 0.0635599944547594}. Best is trial 1 with value: 6.3899149894714355.
[I 2023-12-27 11:31:42,375] Trial 5 finished with value: 54.729732513427734 and parameters: {'gradient_clip_val': 0.12500744546038606, 'hidden_size': 16, 'dropout': 0.2506972096825232, 'hidden_continuous_size': 8, 'attention_head_size': 3, 'learning_rate': 0.07348972401725491}. Best is trial 1 with value: 6.3899149894714355.
[I 2023-12-27 11:31:42,848] Trial 6 finished with value: 45.94575881958008 and parameters: {'gradient_clip_val': 0.47300380849711127, 'hidden_size': 86, 'dropout': 0.491602436317089, 'hidden_continuous_size': 8, 'attention_head_size': 4, 'learning_rate': 0.00091894552845469}. Best is trial 1 with value: 6.3899149894714355.
[I 2023-12-27 11:31:43,268] Trial 7 finished with value: 45.05758285522461 and parameters: {'gradient_clip_val': 0.5645450430267565, 'hidden_size': 52, 'dropout': 0.30374582518832993, 'hidden_continuous_size': 19, 'attention_head_size': 3, 'learning_rate': 0.02738618212698908}. Best is trial 1 with value: 6.3899149894714355.
[I 2023-12-27 11:31:43,617] Trial 8 finished with value: 55.49848556518555 and parameters: {'gradient_clip_val': 0.1296943440715148, 'hidden_size': 11, 'dropout': 0.33898950346550727, 'hidden_continuous_size': 8, 'attention_head_size': 1, 'learning_rate': 0.09374819285892283}. Best is trial 1 with value: 6.3899149894714355.
[I 2023-12-27 11:31:44,207] Trial 9 finished with value: 53.97731399536133 and parameters: {'gradient_clip_val': 0.24436708108986854, 'hidden_size': 13, 'dropout': 0.46635776923087524, 'hidden_continuous_size': 13, 'attention_head_size': 3, 'learning_rate': 0.0008084736933412623}. Best is trial 1 with value: 6.3899149894714355.
[I 2023-12-27 11:31:44,609] Trial 10 finished with value: 55.56068801879883 and parameters: {'gradient_clip_val': 0.8830586081064359, 'hidden_size': 35, 'dropout': 0.10760739175086084, 'hidden_continuous_size': 35, 'attention_head_size': 4, 'learning_rate': 0.013388210951881727}. Best is trial 1 with value: 6.3899149894714355.
[I 2023-12-27 11:31:45,044] Trial 11 finished with value: 50.12260437011719 and parameters: {'gradient_clip_val': 0.9930033652139026, 'hidden_size': 26, 'dropout': 0.4053704510190002, 'hidden_continuous_size': 14, 'attention_head_size': 4, 'learning_rate': 0.003803153151286588}. Best is trial 1 with value: 6.3899149894714355.
[I 2023-12-27 11:31:45,442] Trial 12 finished with value: 50.05894470214844 and parameters: {'gradient_clip_val': 0.3759117787865824, 'hidden_size': 24, 'dropout': 0.423603547764859, 'hidden_continuous_size': 15, 'attention_head_size': 4, 'learning_rate': 0.0019951584909051823}. Best is trial 1 with value: 6.3899149894714355.
[I 2023-12-27 11:31:46,067] Trial 13 finished with value: 53.98443603515625 and parameters: {'gradient_clip_val': 0.7088289576918179, 'hidden_size': 130, 'dropout': 0.436911308150273, 'hidden_continuous_size': 73, 'attention_head_size': 2, 'learning_rate': 0.014112773061867043}. Best is trial 1 with value: 6.3899149894714355.
[I 2023-12-27 11:31:46,451] Trial 14 finished with value: 47.76945877075195 and parameters: {'gradient_clip_val': 0.35677115503366247, 'hidden_size': 8, 'dropout': 0.49847242532420233, 'hidden_continuous_size': 5, 'attention_head_size': 4, 'learning_rate': 0.000522262443723743}. Best is trial 1 with value: 6.3899149894714355.
[I 2023-12-27 11:31:46,851] Trial 15 finished with value: 41.34175109863281 and parameters: {'gradient_clip_val': 0.6412606721689753, 'hidden_size': 9, 'dropout': 0.38153228157206165, 'hidden_continuous_size': 6, 'attention_head_size': 4, 'learning_rate': 0.007300033708172116}. Best is trial 1 with value: 6.3899149894714355.
[I 2023-12-27 11:31:47,233] Trial 16 finished with value: 54.56794357299805 and parameters: {'gradient_clip_val': 0.4577738735231036, 'hidden_size': 16, 'dropout': 0.43853007793763066, 'hidden_continuous_size': 10, 'attention_head_size': 2, 'learning_rate': 0.0014311926336061107}. Best is trial 1 with value: 6.3899149894714355.
[I 2023-12-27 11:31:47,642] Trial 17 finished with value: 42.52253341674805 and parameters: {'gradient_clip_val': 0.8068889409448992, 'hidden_size': 21, 'dropout': 0.45848346273547214, 'hidden_continuous_size': 7, 'attention_head_size': 3, 'learning_rate': 0.002317709186128377}. Best is trial 1 with value: 6.3899149894714355.
[I 2023-12-27 11:31:48,060] Trial 18 finished with value: 49.98660659790039 and parameters: {'gradient_clip_val': 0.1826621196573127, 'hidden_size': 8, 'dropout': 0.3670690670494113, 'hidden_continuous_size': 6, 'attention_head_size': 4, 'learning_rate': 0.008725129743790184}. Best is trial 1 with value: 6.3899149894714355.
[I 2023-12-27 11:31:48,487] Trial 19 finished with value: 71.18663787841797 and parameters: {'gradient_clip_val': 0.3153632689761897, 'hidden_size': 38, 'dropout': 0.4206446009191057, 'hidden_continuous_size': 10, 'attention_head_size': 3, 'learning_rate': 0.02585026875795263}. Best is trial 1 with value: 6.3899149894714355.
[I 2023-12-27 11:31:48,888] Trial 20 finished with value: 44.953487396240234 and parameters: {'gradient_clip_val': 0.9794426307710905, 'hidden_size': 11, 'dropout': 0.44856032802439816, 'hidden_continuous_size': 7, 'attention_head_size': 4, 'learning_rate': 0.003920921282869274}. Best is trial 1 with value: 6.3899149894714355.
[I 2023-12-27 11:31:49,243] Trial 21 finished with value: 68.83077239990234 and parameters: {'gradient_clip_val': 0.18831519954059306, 'hidden_size': 5, 'dropout': 0.4951536576288437, 'hidden_continuous_size': 5, 'attention_head_size': 3, 'learning_rate': 0.04184081197285047}. Best is trial 1 with value: 6.3899149894714355.
[I 2023-12-27 11:31:49,633] Trial 22 finished with value: 55.57369613647461 and parameters: {'gradient_clip_val': 0.18102590089870227, 'hidden_size': 6, 'dropout': 0.46348600629635583, 'hidden_continuous_size': 5, 'attention_head_size': 3, 'learning_rate': 0.04968236015509384}. Best is trial 1 with value: 6.3899149894714355.
[I 2023-12-27 11:31:50,252] Trial 23 finished with value: 43.847015380859375 and parameters: {'gradient_clip_val': 0.2503729652488998, 'hidden_size': 5, 'dropout': 0.49962935653104323, 'hidden_continuous_size': 5, 'attention_head_size': 4, 'learning_rate': 0.09584448603181307}. Best is trial 1 with value: 6.3899149894714355.
[I 2023-12-27 11:31:50,645] Trial 24 finished with value: 51.50741958618164 and parameters: {'gradient_clip_val': 0.5852283900581461, 'hidden_size': 19, 'dropout': 0.4007045818189215, 'hidden_continuous_size': 9, 'attention_head_size': 2, 'learning_rate': 0.03280942917080723}. Best is trial 1 with value: 6.3899149894714355.
[I 2023-12-27 11:31:51,059] Trial 25 finished with value: 55.85113525390625 and parameters: {'gradient_clip_val': 0.2073382972290395, 'hidden_size': 11, 'dropout': 0.45950522877706557, 'hidden_continuous_size': 6, 'attention_head_size': 3, 'learning_rate': 0.01696571346825265}. Best is trial 1 with value: 6.3899149894714355.
[I 2023-12-27 11:31:51,459] Trial 26 finished with value: 57.110198974609375 and parameters: {'gradient_clip_val': 0.15762075095372344, 'hidden_size': 8, 'dropout': 0.47306467807747304, 'hidden_continuous_size': 5, 'attention_head_size': 4, 'learning_rate': 0.046931343137575264}. Best is trial 1 with value: 6.3899149894714355.
[I 2023-12-27 11:31:51,870] Trial 27 finished with value: 55.84493637084961 and parameters: {'gradient_clip_val': 0.29348992875370294, 'hidden_size': 18, 'dropout': 0.42518672968268023, 'hidden_continuous_size': 7, 'attention_head_size': 4, 'learning_rate': 0.019991637657464565}. Best is trial 1 with value: 6.3899149894714355.
[I 2023-12-27 11:31:52,281] Trial 28 finished with value: 51.62349319458008 and parameters: {'gradient_clip_val': 0.7748090035879165, 'hidden_size': 14, 'dropout': 0.4747926309881699, 'hidden_continuous_size': 6, 'attention_head_size': 3, 'learning_rate': 0.010234042517377622}. Best is trial 1 with value: 6.3899149894714355.
[I 2023-12-27 11:31:52,657] Trial 29 finished with value: 59.87094497680664 and parameters: {'gradient_clip_val': 0.24260532210564467, 'hidden_size': 6, 'dropout': 0.4047367965505634, 'hidden_continuous_size': 5, 'attention_head_size': 1, 'learning_rate': 0.02195806552922728}. Best is trial 1 with value: 6.3899149894714355.
[I 2023-12-27 11:31:53,061] Trial 30 finished with value: 56.55424499511719 and parameters: {'gradient_clip_val': 0.2904037197074656, 'hidden_size': 7, 'dropout': 0.35492215586205, 'hidden_continuous_size': 5, 'attention_head_size': 2, 'learning_rate': 0.034993101583730625}. Best is trial 1 with value: 6.3899149894714355.
[I 2023-12-27 11:31:53,481] Trial 31 finished with value: 52.99348068237305 and parameters: {'gradient_clip_val': 0.6716407702167219, 'hidden_size': 10, 'dropout': 0.3923130768956344, 'hidden_continuous_size': 6, 'attention_head_size': 4, 'learning_rate': 0.005577058469046872}. Best is trial 1 with value: 6.3899149894714355.
[I 2023-12-27 11:31:53,858] Trial 32 finished with value: 51.02217483520508 and parameters: {'gradient_clip_val': 0.8566983942263254, 'hidden_size': 5, 'dropout': 0.44642738337583865, 'hidden_continuous_size': 5, 'attention_head_size': 4, 'learning_rate': 0.007662967447418579}. Best is trial 1 with value: 6.3899149894714355.
[I 2023-12-27 11:31:54,260] Trial 33 finished with value: 60.6884651184082 and parameters: {'gradient_clip_val': 0.6627624482412409, 'hidden_size': 9, 'dropout': 0.38835919700423993, 'hidden_continuous_size': 6, 'attention_head_size': 4, 'learning_rate': 0.061610690382495684}. Best is trial 1 with value: 6.3899149894714355.
[I 2023-12-27 11:31:54,691] Trial 34 finished with value: 49.09038162231445 and parameters: {'gradient_clip_val': 0.21594105631353536, 'hidden_size': 13, 'dropout': 0.47874508215030054, 'hidden_continuous_size': 7, 'attention_head_size': 4, 'learning_rate': 0.011393585951694532}. Best is trial 1 with value: 6.3899149894714355.
[I 2023-12-27 11:31:55,082] Trial 35 finished with value: 51.51028823852539 and parameters: {'gradient_clip_val': 0.15137049494741103, 'hidden_size': 7, 'dropout': 0.44184382898700497, 'hidden_continuous_size': 5, 'attention_head_size': 3, 'learning_rate': 0.0059499266163544895}. Best is trial 1 with value: 6.3899149894714355.
[I 2023-12-27 11:31:55,495] Trial 36 finished with value: 55.09073257446289 and parameters: {'gradient_clip_val': 0.11016140578002254, 'hidden_size': 15, 'dropout': 0.48125045967904995, 'hidden_continuous_size': 6, 'attention_head_size': 4, 'learning_rate': 0.06294072955374862}. Best is trial 1 with value: 6.3899149894714355.
