[I 2023-12-27 11:01:39,855] Trial 19 finished with value: 3869.811767578125 and parameters: {'gradient_clip_val': 0.16224395658333612, 'hidden_size': 14, 'dropout': 0.32088246312070823, 'hidden_continuous_size': 6, 'attention_head_size': 1, 'learning_rate': 0.0019852728353911}. Best is trial 0 with value: 925.3827514648438.
LOCAL_RANK: 0 - CUDA_VISIBLE_DEVICES: [0]
[I 2023-12-27 11:01:40,304] Trial 20 finished with value: 4439.23486328125 and parameters: {'gradient_clip_val': 0.14825163039589376, 'hidden_size': 15, 'dropout': 0.3143558618229374, 'hidden_continuous_size': 7, 'attention_head_size': 1, 'learning_rate': 0.0196128086820442}. Best is trial 0 with value: 925.3827514648438.
LOCAL_RANK: 0 - CUDA_VISIBLE_DEVICES: [0]
[I 2023-12-27 11:01:40,738] Trial 21 finished with value: 5742.9765625 and parameters: {'gradient_clip_val': 0.1520941814137322, 'hidden_size': 15, 'dropout': 0.31516118815393473, 'hidden_continuous_size': 7, 'attention_head_size': 1, 'learning_rate': 0.019844569088991248}. Best is trial 0 with value: 925.3827514648438.
LOCAL_RANK: 0 - CUDA_VISIBLE_DEVICES: [0]
[I 2023-12-27 11:01:41,197] Trial 22 finished with value: 5925.76611328125 and parameters: {'gradient_clip_val': 0.23857879446287997, 'hidden_size': 12, 'dropout': 0.24784290777873125, 'hidden_continuous_size': 6, 'attention_head_size': 1, 'learning_rate': 0.009899148659763343}. Best is trial 0 with value: 925.3827514648438.
LOCAL_RANK: 0 - CUDA_VISIBLE_DEVICES: [0]
[I 2023-12-27 11:01:41,642] Trial 23 finished with value: 6355.482421875 and parameters: {'gradient_clip_val': 0.15353121982879053, 'hidden_size': 18, 'dropout': 0.2983172586849324, 'hidden_continuous_size': 7, 'attention_head_size': 1, 'learning_rate': 0.023564337515815173}. Best is trial 0 with value: 925.3827514648438.
LOCAL_RANK: 0 - CUDA_VISIBLE_DEVICES: [0]
[I 2023-12-27 11:01:42,080] Trial 24 finished with value: 4346.7109375 and parameters: {'gradient_clip_val': 0.12143259756929148, 'hidden_size': 12, 'dropout': 0.330637850877165, 'hidden_continuous_size': 6, 'attention_head_size': 1, 'learning_rate': 0.05763991926189593}. Best is trial 0 with value: 925.3827514648438.
LOCAL_RANK: 0 - CUDA_VISIBLE_DEVICES: [0]
[I 2023-12-27 11:01:42,540] Trial 25 finished with value: 6412.37890625 and parameters: {'gradient_clip_val': 0.12251057008675686, 'hidden_size': 11, 'dropout': 0.3316569789316953, 'hidden_continuous_size': 6, 'attention_head_size': 1, 'learning_rate': 0.07827824357628392}. Best is trial 0 with value: 925.3827514648438.
LOCAL_RANK: 0 - CUDA_VISIBLE_DEVICES: [0]
[I 2023-12-27 11:01:42,975] Trial 26 finished with value: 5408.84326171875 and parameters: {'gradient_clip_val': 0.10263696637932133, 'hidden_size': 7, 'dropout': 0.2759868120051506, 'hidden_continuous_size': 6, 'attention_head_size': 2, 'learning_rate': 0.053881082254150336}. Best is trial 0 with value: 925.3827514648438.
LOCAL_RANK: 0 - CUDA_VISIBLE_DEVICES: [0]
[I 2023-12-27 11:01:43,415] Trial 27 finished with value: 6333.29052734375 and parameters: {'gradient_clip_val': 0.1687303911391031, 'hidden_size': 12, 'dropout': 0.23918589719584404, 'hidden_continuous_size': 6, 'attention_head_size': 4, 'learning_rate': 0.0976247255033912}. Best is trial 0 with value: 925.3827514648438.
LOCAL_RANK: 0 - CUDA_VISIBLE_DEVICES: [0]
[I 2023-12-27 11:01:43,853] Trial 28 finished with value: 6661.10009765625 and parameters: {'gradient_clip_val': 0.1263552268873775, 'hidden_size': 20, 'dropout': 0.3552678137923516, 'hidden_continuous_size': 7, 'attention_head_size': 1, 'learning_rate': 0.06229620208005542}. Best is trial 0 with value: 925.3827514648438.
LOCAL_RANK: 0 - CUDA_VISIBLE_DEVICES: [0]
[I 2023-12-27 11:01:44,312] Trial 29 finished with value: 6003.02392578125 and parameters: {'gradient_clip_val': 0.12903119917492062, 'hidden_size': 19, 'dropout': 0.3883820117717753, 'hidden_continuous_size': 8, 'attention_head_size': 3, 'learning_rate': 0.05565107934293579}. Best is trial 0 with value: 925.3827514648438.
LOCAL_RANK: 0 - CUDA_VISIBLE_DEVICES: [0]
[I 2023-12-27 11:01:44,786] Trial 30 finished with value: 5809.974609375 and parameters: {'gradient_clip_val': 0.20878441378064788, 'hidden_size': 29, 'dropout': 0.33843718788646415, 'hidden_continuous_size': 8, 'attention_head_size': 2, 'learning_rate': 0.029307140865722933}. Best is trial 0 with value: 925.3827514648438.
LOCAL_RANK: 0 - CUDA_VISIBLE_DEVICES: [0]
[I 2023-12-27 11:01:45,486] Trial 31 finished with value: 6189.51708984375 and parameters: {'gradient_clip_val': 0.13361595131590198, 'hidden_size': 15, 'dropout': 0.31044572167548756, 'hidden_continuous_size': 7, 'attention_head_size': 1, 'learning_rate': 0.042923000870014355}. Best is trial 0 with value: 925.3827514648438.
LOCAL_RANK: 0 - CUDA_VISIBLE_DEVICES: [0]
[I 2023-12-27 11:01:45,923] Trial 32 finished with value: 6691.00341796875 and parameters: {'gradient_clip_val': 0.16904156468877857, 'hidden_size': 9, 'dropout': 0.3005677341660722, 'hidden_continuous_size': 6, 'attention_head_size': 1, 'learning_rate': 0.02319560064734838}. Best is trial 0 with value: 925.3827514648438.
LOCAL_RANK: 0 - CUDA_VISIBLE_DEVICES: [0]
[I 2023-12-27 11:01:46,354] Trial 33 finished with value: 6811.05859375 and parameters: {'gradient_clip_val': 0.15993453161568566, 'hidden_size': 12, 'dropout': 0.3602663102062961, 'hidden_continuous_size': 7, 'attention_head_size': 1, 'learning_rate': 0.015256798952717405}. Best is trial 0 with value: 925.3827514648438.
LOCAL_RANK: 0 - CUDA_VISIBLE_DEVICES: [0]
[I 2023-12-27 11:01:46,801] Trial 34 finished with value: 6865.60986328125 and parameters: {'gradient_clip_val': 0.1362501733058777, 'hidden_size': 25, 'dropout': 0.32220853878857436, 'hidden_continuous_size': 8, 'attention_head_size': 1, 'learning_rate': 0.007363372393597716}. Best is trial 0 with value: 925.3827514648438.
LOCAL_RANK: 0 - CUDA_VISIBLE_DEVICES: [0]
[I 2023-12-27 11:01:47,248] Trial 35 finished with value: 4527.3134765625 and parameters: {'gradient_clip_val': 0.11786461598355157, 'hidden_size': 10, 'dropout': 0.2780809458450909, 'hidden_continuous_size': 6, 'attention_head_size': 2, 'learning_rate': 0.028934711502595523}. Best is trial 0 with value: 925.3827514648438.
LOCAL_RANK: 0 - CUDA_VISIBLE_DEVICES: [0]
[I 2023-12-27 11:01:47,727] Trial 36 finished with value: 6721.95068359375 and parameters: {'gradient_clip_val': 0.18484472156879944, 'hidden_size': 16, 'dropout': 0.3642016249968858, 'hidden_continuous_size': 7, 'attention_head_size': 1, 'learning_rate': 0.04307604949475717}. Best is trial 0 with value: 925.3827514648438.
LOCAL_RANK: 0 - CUDA_VISIBLE_DEVICES: [0]
[I 2023-12-27 11:01:48,212] Trial 37 finished with value: 3470.798828125 and parameters: {'gradient_clip_val': 0.14223196631265725, 'hidden_size': 13, 'dropout': 0.2252484853470993, 'hidden_continuous_size': 7, 'attention_head_size': 2, 'learning_rate': 0.01722574339293486}. Best is trial 0 with value: 925.3827514648438.
LOCAL_RANK: 0 - CUDA_VISIBLE_DEVICES: [0]
[I 2023-12-27 11:01:48,663] Trial 38 finished with value: 5141.87109375 and parameters: {'gradient_clip_val': 0.10293890352894178, 'hidden_size': 8, 'dropout': 0.21998834948749035, 'hidden_continuous_size': 6, 'attention_head_size': 2, 'learning_rate': 0.014346277853155339}. Best is trial 0 with value: 925.3827514648438.
LOCAL_RANK: 0 - CUDA_VISIBLE_DEVICES: [0]
[I 2023-12-27 11:01:49,110] Trial 39 finished with value: 5553.67578125 and parameters: {'gradient_clip_val': 0.24801464327282768, 'hidden_size': 12, 'dropout': 0.22257868763324537, 'hidden_continuous_size': 6, 'attention_head_size': 2, 'learning_rate': 0.03068708963235806}. Best is trial 0 with value: 925.3827514648438.
LOCAL_RANK: 0 - CUDA_VISIBLE_DEVICES: [0]
[I 2023-12-27 11:01:49,594] Trial 40 finished with value: 6811.29736328125 and parameters: {'gradient_clip_val': 0.18855195204416453, 'hidden_size': 6, 'dropout': 0.1927919866577431, 'hidden_continuous_size': 5, 'attention_head_size': 3, 'learning_rate': 0.06222105037122961}. Best is trial 0 with value: 925.3827514648438.
LOCAL_RANK: 0 - CUDA_VISIBLE_DEVICES: [0]
[I 2023-12-27 11:01:50,046] Trial 41 finished with value: 5942.599609375 and parameters: {'gradient_clip_val': 0.14007966124026613, 'hidden_size': 10, 'dropout': 0.31923448386524295, 'hidden_continuous_size': 7, 'attention_head_size': 1, 'learning_rate': 0.021051349362751576}. Best is trial 0 with value: 925.3827514648438.
LOCAL_RANK: 0 - CUDA_VISIBLE_DEVICES: [0]
[I 2023-12-27 11:01:50,502] Trial 42 finished with value: 4959.58154296875 and parameters: {'gradient_clip_val': 0.15117050221180175, 'hidden_size': 13, 'dropout': 0.2884058370268548, 'hidden_continuous_size': 7, 'attention_head_size': 1, 'learning_rate': 0.015935556623058428}. Best is trial 0 with value: 925.3827514648438.
LOCAL_RANK: 0 - CUDA_VISIBLE_DEVICES: [0]
[I 2023-12-27 11:01:50,985] Trial 43 finished with value: 6055.09521484375 and parameters: {'gradient_clip_val': 0.1143620737946109, 'hidden_size': 17, 'dropout': 0.25815439271502894, 'hidden_continuous_size': 8, 'attention_head_size': 1, 'learning_rate': 0.04263677255657406}. Best is trial 0 with value: 925.3827514648438.
LOCAL_RANK: 0 - CUDA_VISIBLE_DEVICES: [0]
[I 2023-12-27 11:01:51,720] Trial 44 finished with value: 6225.06396484375 and parameters: {'gradient_clip_val': 0.16565314635189746, 'hidden_size': 22, 'dropout': 0.2998538409994815, 'hidden_continuous_size': 9, 'attention_head_size': 2, 'learning_rate': 0.010035992411949224}. Best is trial 0 with value: 925.3827514648438.
LOCAL_RANK: 0 - CUDA_VISIBLE_DEVICES: [0]
[I 2023-12-27 11:01:52,186] Trial 45 finished with value: 6617.203125 and parameters: {'gradient_clip_val': 0.19390310323632906, 'hidden_size': 14, 'dropout': 0.2663439341355568, 'hidden_continuous_size': 7, 'attention_head_size': 4, 'learning_rate': 0.01772005252519513}. Best is trial 0 with value: 925.3827514648438.
LOCAL_RANK: 0 - CUDA_VISIBLE_DEVICES: [0]
[I 2023-12-27 11:01:52,627] Trial 46 finished with value: 5570.015625 and parameters: {'gradient_clip_val': 0.12136059886411986, 'hidden_size': 10, 'dropout': 0.3339295489899864, 'hidden_continuous_size': 6, 'attention_head_size': 1, 'learning_rate': 0.025599532687881132}. Best is trial 0 with value: 925.3827514648438.
LOCAL_RANK: 0 - CUDA_VISIBLE_DEVICES: [0]
[I 2023-12-27 11:01:53,099] Trial 47 finished with value: 4748.95458984375 and parameters: {'gradient_clip_val': 0.17124691185159327, 'hidden_size': 17, 'dropout': 0.2840938496799716, 'hidden_continuous_size': 10, 'attention_head_size': 2, 'learning_rate': 0.03329964752653833}. Best is trial 0 with value: 925.3827514648438.
LOCAL_RANK: 0 - CUDA_VISIBLE_DEVICES: [0]
[I 2023-12-27 11:01:53,549] Trial 48 finished with value: 6267.728515625 and parameters: {'gradient_clip_val': 0.3309039931161404, 'hidden_size': 8, 'dropout': 0.31362309602188265, 'hidden_continuous_size': 6, 'attention_head_size': 2, 'learning_rate': 0.03611717210269273}. Best is trial 0 with value: 925.3827514648438.
LOCAL_RANK: 0 - CUDA_VISIBLE_DEVICES: [0]
[I 2023-12-27 11:01:54,024] Trial 49 finished with value: 5250.39404296875 and parameters: {'gradient_clip_val': 0.13624281396826823, 'hidden_size': 11, 'dropout': 0.370189971747117, 'hidden_continuous_size': 8, 'attention_head_size': 3, 'learning_rate': 0.000916188650111321}. Best is trial 0 with value: 925.3827514648438.
[I 2023-12-27 11:01:54,155] A new study created in memory with name: no-name-e5ad7f58-732a-49e0-88e3-67aefd3d3a83
/home/le004/conda/anaconda3/envs/tsff_env/lib/python3.9/site-packages/lightning/fabric/plugins/environments/slurm.py:191: The `srun` command is available on your system but is not used. HINT: If your intention is to run Lightning on SLURM, prepend your python command with `srun` like so: srun python /home/le004/master_thesis/git/TSFusionForecast/code/ ...
LOCAL_RANK: 0 - CUDA_VISIBLE_DEVICES: [0]
[I 2023-12-27 11:02:11,038] Trial 0 finished with value: 64.10721588134766 and parameters: {'gradient_clip_val': 0.24592907675002496, 'hidden_size': 30, 'dropout': 0.23768822416663987, 'hidden_continuous_size': 14, 'attention_head_size': 4, 'learning_rate': 0.022246307723804145}. Best is trial 0 with value: 64.10721588134766.
LOCAL_RANK: 0 - CUDA_VISIBLE_DEVICES: [0]
[I 2023-12-27 11:02:11,446] Trial 1 finished with value: 230.3111572265625 and parameters: {'gradient_clip_val': 0.10308240855600717, 'hidden_size': 14, 'dropout': 0.2888459132212443, 'hidden_continuous_size': 5, 'attention_head_size': 2, 'learning_rate': 0.006751434947395518}. Best is trial 0 with value: 64.10721588134766.
LOCAL_RANK: 0 - CUDA_VISIBLE_DEVICES: [0]
[I 2023-12-27 11:02:11,931] Trial 2 finished with value: 188.4614715576172 and parameters: {'gradient_clip_val': 0.21124442186579623, 'hidden_size': 39, 'dropout': 0.305868646063544, 'hidden_continuous_size': 22, 'attention_head_size': 3, 'learning_rate': 0.011585002526151715}. Best is trial 0 with value: 64.10721588134766.
LOCAL_RANK: 0 - CUDA_VISIBLE_DEVICES: [0]
[I 2023-12-27 11:02:12,349] Trial 3 finished with value: 216.1623992919922 and parameters: {'gradient_clip_val': 0.2548007054938686, 'hidden_size': 8, 'dropout': 0.2265680756551626, 'hidden_continuous_size': 6, 'attention_head_size': 4, 'learning_rate': 0.0013616807080826833}. Best is trial 0 with value: 64.10721588134766.
LOCAL_RANK: 0 - CUDA_VISIBLE_DEVICES: [0]
[I 2023-12-27 11:02:12,813] Trial 4 finished with value: 214.0502471923828 and parameters: {'gradient_clip_val': 0.14985325707254546, 'hidden_size': 47, 'dropout': 0.2541785499397745, 'hidden_continuous_size': 39, 'attention_head_size': 2, 'learning_rate': 0.0005449424341485893}. Best is trial 0 with value: 64.10721588134766.
LOCAL_RANK: 0 - CUDA_VISIBLE_DEVICES: [0]
[I 2023-12-27 11:02:13,246] Trial 5 finished with value: 258.34820556640625 and parameters: {'gradient_clip_val': 0.5502131694358936, 'hidden_size': 39, 'dropout': 0.366901581588032, 'hidden_continuous_size': 9, 'attention_head_size': 4, 'learning_rate': 0.05525319592346835}. Best is trial 0 with value: 64.10721588134766.
LOCAL_RANK: 0 - CUDA_VISIBLE_DEVICES: [0]
[I 2023-12-27 11:02:13,930] Trial 6 finished with value: 232.8053741455078 and parameters: {'gradient_clip_val': 0.17652543746228022, 'hidden_size': 15, 'dropout': 0.13333057735796863, 'hidden_continuous_size': 5, 'attention_head_size': 4, 'learning_rate': 0.010308889061278349}. Best is trial 0 with value: 64.10721588134766.
LOCAL_RANK: 0 - CUDA_VISIBLE_DEVICES: [0]
[I 2023-12-27 11:02:14,388] Trial 7 finished with value: 204.090576171875 and parameters: {'gradient_clip_val': 0.1179360729863343, 'hidden_size': 27, 'dropout': 0.2974098410259144, 'hidden_continuous_size': 26, 'attention_head_size': 3, 'learning_rate': 0.004810638010815365}. Best is trial 0 with value: 64.10721588134766.
LOCAL_RANK: 0 - CUDA_VISIBLE_DEVICES: [0]
[I 2023-12-27 11:02:14,861] Trial 8 finished with value: 267.8736877441406 and parameters: {'gradient_clip_val': 0.5794522786189119, 'hidden_size': 72, 'dropout': 0.18359321096813663, 'hidden_continuous_size': 32, 'attention_head_size': 3, 'learning_rate': 0.0018291049176724548}. Best is trial 0 with value: 64.10721588134766.
LOCAL_RANK: 0 - CUDA_VISIBLE_DEVICES: [0]
[I 2023-12-27 11:02:15,327] Trial 9 finished with value: 179.2587127685547 and parameters: {'gradient_clip_val': 0.9222373888409504, 'hidden_size': 63, 'dropout': 0.28613121162538674, 'hidden_continuous_size': 56, 'attention_head_size': 1, 'learning_rate': 0.0005733566151828418}. Best is trial 0 with value: 64.10721588134766.
LOCAL_RANK: 0 - CUDA_VISIBLE_DEVICES: [0]
[I 2023-12-27 11:02:15,864] Trial 10 finished with value: 236.8009490966797 and parameters: {'gradient_clip_val': 0.3101044528371863, 'hidden_size': 131, 'dropout': 0.4747647071571052, 'hidden_continuous_size': 126, 'attention_head_size': 1, 'learning_rate': 0.09993862451252629}. Best is trial 0 with value: 64.10721588134766.
LOCAL_RANK: 0 - CUDA_VISIBLE_DEVICES: [0]
[I 2023-12-27 11:02:16,342] Trial 11 finished with value: 240.1438446044922 and parameters: {'gradient_clip_val': 0.770999211777461, 'hidden_size': 86, 'dropout': 0.11754260660555588, 'hidden_continuous_size': 13, 'attention_head_size': 1, 'learning_rate': 0.029869310354475508}. Best is trial 0 with value: 64.10721588134766.
LOCAL_RANK: 0 - CUDA_VISIBLE_DEVICES: [0]
[I 2023-12-27 11:02:16,836] Trial 12 finished with value: 314.5702209472656 and parameters: {'gradient_clip_val': 0.3910550722888645, 'hidden_size': 71, 'dropout': 0.193912140137676, 'hidden_continuous_size': 15, 'attention_head_size': 2, 'learning_rate': 0.026757050091684824}. Best is trial 0 with value: 64.10721588134766.
LOCAL_RANK: 0 - CUDA_VISIBLE_DEVICES: [0]
[I 2023-12-27 11:02:17,351] Trial 13 finished with value: 232.7816162109375 and parameters: {'gradient_clip_val': 0.9477840586054717, 'hidden_size': 146, 'dropout': 0.3484243892928811, 'hidden_continuous_size': 56, 'attention_head_size': 1, 'learning_rate': 0.0034679520555362603}. Best is trial 0 with value: 64.10721588134766.
LOCAL_RANK: 0 - CUDA_VISIBLE_DEVICES: [0]
[I 2023-12-27 11:02:17,797] Trial 14 finished with value: 228.3941650390625 and parameters: {'gradient_clip_val': 0.3701578234714083, 'hidden_size': 22, 'dropout': 0.21693122992591743, 'hidden_continuous_size': 8, 'attention_head_size': 3, 'learning_rate': 0.000653427665818556}. Best is trial 0 with value: 64.10721588134766.
LOCAL_RANK: 0 - CUDA_VISIBLE_DEVICES: [0]
[I 2023-12-27 11:02:18,192] Trial 15 finished with value: 237.1581573486328 and parameters: {'gradient_clip_val': 0.2582750182991092, 'hidden_size': 5, 'dropout': 0.15050294624462185, 'hidden_continuous_size': 5, 'attention_head_size': 2, 'learning_rate': 0.016657663032042115}. Best is trial 0 with value: 64.10721588134766.
LOCAL_RANK: 0 - CUDA_VISIBLE_DEVICES: [0]
[I 2023-12-27 11:02:18,684] Trial 16 finished with value: 205.16163635253906 and parameters: {'gradient_clip_val': 0.4811923740372759, 'hidden_size': 54, 'dropout': 0.2575861061203509, 'hidden_continuous_size': 12, 'attention_head_size': 1, 'learning_rate': 0.0034805839845471484}. Best is trial 0 with value: 64.10721588134766.
LOCAL_RANK: 0 - CUDA_VISIBLE_DEVICES: [0]
[I 2023-12-27 11:02:19,179] Trial 17 finished with value: 167.53672790527344 and parameters: {'gradient_clip_val': 0.9541402831939036, 'hidden_size': 99, 'dropout': 0.16804642056891833, 'hidden_continuous_size': 18, 'attention_head_size': 4, 'learning_rate': 0.0010914723440751343}. Best is trial 0 with value: 64.10721588134766.
LOCAL_RANK: 0 - CUDA_VISIBLE_DEVICES: [0]
[I 2023-12-27 11:02:19,673] Trial 18 finished with value: 238.50889587402344 and parameters: {'gradient_clip_val': 0.7128432572243548, 'hidden_size': 91, 'dropout': 0.15841127844992742, 'hidden_continuous_size': 17, 'attention_head_size': 4, 'learning_rate': 0.0017881785707242366}. Best is trial 0 with value: 64.10721588134766.
LOCAL_RANK: 0 - CUDA_VISIBLE_DEVICES: [0]
[I 2023-12-27 11:02:20,166] Trial 19 finished with value: 213.97021484375 and parameters: {'gradient_clip_val': 0.44146815837547093, 'hidden_size': 108, 'dropout': 0.10040748671446126, 'hidden_continuous_size': 18, 'attention_head_size': 4, 'learning_rate': 0.007221932209790943}. Best is trial 0 with value: 64.10721588134766.
LOCAL_RANK: 0 - CUDA_VISIBLE_DEVICES: [0]
[I 2023-12-27 11:02:20,955] Trial 20 finished with value: 165.23484802246094 and parameters: {'gradient_clip_val': 0.30059833749573844, 'hidden_size': 105, 'dropout': 0.17156779740601924, 'hidden_continuous_size': 10, 'attention_head_size': 4, 'learning_rate': 0.02282455093197452}. Best is trial 0 with value: 64.10721588134766.
LOCAL_RANK: 0 - CUDA_VISIBLE_DEVICES: [0]
[I 2023-12-27 11:02:21,454] Trial 21 finished with value: 203.5493621826172 and parameters: {'gradient_clip_val': 0.34899638705014374, 'hidden_size': 118, 'dropout': 0.17526857589383155, 'hidden_continuous_size': 10, 'attention_head_size': 4, 'learning_rate': 0.026122524990344193}. Best is trial 0 with value: 64.10721588134766.
LOCAL_RANK: 0 - CUDA_VISIBLE_DEVICES: [0]
[I 2023-12-27 11:02:21,940] Trial 22 finished with value: 285.5732116699219 and parameters: {'gradient_clip_val': 0.2930433047662862, 'hidden_size': 88, 'dropout': 0.2043577614366947, 'hidden_continuous_size': 13, 'attention_head_size': 4, 'learning_rate': 0.016869040271511225}. Best is trial 0 with value: 64.10721588134766.
LOCAL_RANK: 0 - CUDA_VISIBLE_DEVICES: [0]
[I 2023-12-27 11:02:22,411] Trial 23 finished with value: 195.1438446044922 and parameters: {'gradient_clip_val': 0.22290711898179286, 'hidden_size': 108, 'dropout': 0.1403566651691743, 'hidden_continuous_size': 7, 'attention_head_size': 3, 'learning_rate': 0.0489137187120398}. Best is trial 0 with value: 64.10721588134766.
LOCAL_RANK: 0 - CUDA_VISIBLE_DEVICES: [0]
[I 2023-12-27 11:02:22,913] Trial 24 finished with value: 222.1280517578125 and parameters: {'gradient_clip_val': 0.31080694792484026, 'hidden_size': 61, 'dropout': 0.17035290548667248, 'hidden_continuous_size': 10, 'attention_head_size': 4, 'learning_rate': 0.01847309461560022}. Best is trial 0 with value: 64.10721588134766.
LOCAL_RANK: 0 - CUDA_VISIBLE_DEVICES: [0]
[I 2023-12-27 11:02:23,401] Trial 25 finished with value: 188.6507110595703 and parameters: {'gradient_clip_val': 0.38074864206626546, 'hidden_size': 48, 'dropout': 0.10445131523908746, 'hidden_continuous_size': 11, 'attention_head_size': 3, 'learning_rate': 0.012173896483152744}. Best is trial 0 with value: 64.10721588134766.
LOCAL_RANK: 0 - CUDA_VISIBLE_DEVICES: [0]
[I 2023-12-27 11:02:23,901] Trial 26 finished with value: 210.7906036376953 and parameters: {'gradient_clip_val': 0.48011059445824944, 'hidden_size': 93, 'dropout': 0.2114058705973993, 'hidden_continuous_size': 16, 'attention_head_size': 4, 'learning_rate': 0.0009901865134960943}. Best is trial 0 with value: 64.10721588134766.
LOCAL_RANK: 0 - CUDA_VISIBLE_DEVICES: [0]
