[I 2023-12-27 11:18:51,898] Trial 28 finished with value: 6723.77490234375 and parameters: {'gradient_clip_val': 0.5248469926541455, 'hidden_size': 57, 'dropout': 0.30926091448785126, 'hidden_continuous_size': 9, 'attention_head_size': 1, 'learning_rate': 0.005845614689093257}. Best is trial 0 with value: 1630.61083984375.
LOCAL_RANK: 0 - CUDA_VISIBLE_DEVICES: [0]
[I 2023-12-27 11:18:52,411] Trial 29 finished with value: 5767.47900390625 and parameters: {'gradient_clip_val': 0.7811308924487514, 'hidden_size': 41, 'dropout': 0.34170718729780314, 'hidden_continuous_size': 8, 'attention_head_size': 4, 'learning_rate': 0.009412105194630925}. Best is trial 0 with value: 1630.61083984375.
LOCAL_RANK: 0 - CUDA_VISIBLE_DEVICES: [0]
[I 2023-12-27 11:18:52,922] Trial 30 finished with value: 6834.27880859375 and parameters: {'gradient_clip_val': 0.4561058065725759, 'hidden_size': 68, 'dropout': 0.472076936280298, 'hidden_continuous_size': 10, 'attention_head_size': 3, 'learning_rate': 0.0090084309883997}. Best is trial 0 with value: 1630.61083984375.
LOCAL_RANK: 0 - CUDA_VISIBLE_DEVICES: [0]
[I 2023-12-27 11:18:53,425] Trial 31 finished with value: 5914.23974609375 and parameters: {'gradient_clip_val': 0.6181859080983376, 'hidden_size': 49, 'dropout': 0.4217593787733229, 'hidden_continuous_size': 12, 'attention_head_size': 2, 'learning_rate': 0.013958241882554514}. Best is trial 0 with value: 1630.61083984375.
LOCAL_RANK: 0 - CUDA_VISIBLE_DEVICES: [0]
[I 2023-12-27 11:18:53,908] Trial 32 finished with value: 4898.64501953125 and parameters: {'gradient_clip_val': 0.5751528109633444, 'hidden_size': 85, 'dropout': 0.4322755124300597, 'hidden_continuous_size': 12, 'attention_head_size': 2, 'learning_rate': 0.006808061640898346}. Best is trial 0 with value: 1630.61083984375.
LOCAL_RANK: 0 - CUDA_VISIBLE_DEVICES: [0]
[I 2023-12-27 11:18:54,404] Trial 33 finished with value: 7359.953125 and parameters: {'gradient_clip_val': 0.7245523251894461, 'hidden_size': 70, 'dropout': 0.42992881415106377, 'hidden_continuous_size': 14, 'attention_head_size': 1, 'learning_rate': 0.007208261004204177}. Best is trial 0 with value: 1630.61083984375.
LOCAL_RANK: 0 - CUDA_VISIBLE_DEVICES: [0]
[I 2023-12-27 11:18:55,148] Trial 34 finished with value: 7047.10205078125 and parameters: {'gradient_clip_val': 0.8005037782634482, 'hidden_size': 44, 'dropout': 0.47721390596722923, 'hidden_continuous_size': 10, 'attention_head_size': 2, 'learning_rate': 0.01617644121889704}. Best is trial 0 with value: 1630.61083984375.
LOCAL_RANK: 0 - CUDA_VISIBLE_DEVICES: [0]
[I 2023-12-27 11:18:55,593] Trial 35 finished with value: 5812.53857421875 and parameters: {'gradient_clip_val': 0.5226804533341447, 'hidden_size': 57, 'dropout': 0.39793443122286304, 'hidden_continuous_size': 5, 'attention_head_size': 1, 'learning_rate': 0.005822960313462992}. Best is trial 0 with value: 1630.61083984375.
LOCAL_RANK: 0 - CUDA_VISIBLE_DEVICES: [0]
[I 2023-12-27 11:18:56,103] Trial 36 finished with value: 6965.03515625 and parameters: {'gradient_clip_val': 0.6362325327348451, 'hidden_size': 94, 'dropout': 0.43843007222893976, 'hidden_continuous_size': 24, 'attention_head_size': 2, 'learning_rate': 0.01901924320720935}. Best is trial 0 with value: 1630.61083984375.
LOCAL_RANK: 0 - CUDA_VISIBLE_DEVICES: [0]
[I 2023-12-27 11:18:56,584] Trial 37 finished with value: 5668.41796875 and parameters: {'gradient_clip_val': 0.8897899841378951, 'hidden_size': 109, 'dropout': 0.36223228506815874, 'hidden_continuous_size': 6, 'attention_head_size': 1, 'learning_rate': 0.0016343391366990207}. Best is trial 0 with value: 1630.61083984375.
LOCAL_RANK: 0 - CUDA_VISIBLE_DEVICES: [0]
[I 2023-12-27 11:18:57,079] Trial 38 finished with value: 5579.94287109375 and parameters: {'gradient_clip_val': 0.33828089786718635, 'hidden_size': 74, 'dropout': 0.4512082343480899, 'hidden_continuous_size': 14, 'attention_head_size': 2, 'learning_rate': 0.003929026890774288}. Best is trial 0 with value: 1630.61083984375.
LOCAL_RANK: 0 - CUDA_VISIBLE_DEVICES: [0]
[I 2023-12-27 11:18:57,534] Trial 39 finished with value: 8110.32177734375 and parameters: {'gradient_clip_val': 0.2597553631284278, 'hidden_size': 49, 'dropout': 0.39796183670699853, 'hidden_continuous_size': 12, 'attention_head_size': 3, 'learning_rate': 0.06148919677226941}. Best is trial 0 with value: 1630.61083984375.
LOCAL_RANK: 0 - CUDA_VISIBLE_DEVICES: [0]
[I 2023-12-27 11:18:58,017] Trial 40 finished with value: 7352.00244140625 and parameters: {'gradient_clip_val': 0.4195407152541183, 'hidden_size': 25, 'dropout': 0.47386238070877373, 'hidden_continuous_size': 7, 'attention_head_size': 4, 'learning_rate': 0.0033059556723341885}. Best is trial 0 with value: 1630.61083984375.
LOCAL_RANK: 0 - CUDA_VISIBLE_DEVICES: [0]
[I 2023-12-27 11:18:58,493] Trial 41 finished with value: 4920.19140625 and parameters: {'gradient_clip_val': 0.5869443282807879, 'hidden_size': 87, 'dropout': 0.4264518549259437, 'hidden_continuous_size': 11, 'attention_head_size': 2, 'learning_rate': 0.01249100153714544}. Best is trial 0 with value: 1630.61083984375.
LOCAL_RANK: 0 - CUDA_VISIBLE_DEVICES: [0]
[I 2023-12-27 11:18:59,009] Trial 42 finished with value: 6471.35302734375 and parameters: {'gradient_clip_val': 0.576735552809626, 'hidden_size': 124, 'dropout': 0.43171723067120776, 'hidden_continuous_size': 5, 'attention_head_size': 2, 'learning_rate': 0.010308318462285556}. Best is trial 0 with value: 1630.61083984375.
LOCAL_RANK: 0 - CUDA_VISIBLE_DEVICES: [0]
[I 2023-12-27 11:18:59,511] Trial 43 finished with value: 7570.37255859375 and parameters: {'gradient_clip_val': 0.4832627590525551, 'hidden_size': 91, 'dropout': 0.4013167237604822, 'hidden_continuous_size': 16, 'attention_head_size': 2, 'learning_rate': 0.008088035995842863}. Best is trial 0 with value: 1630.61083984375.
LOCAL_RANK: 0 - CUDA_VISIBLE_DEVICES: [0]
[I 2023-12-27 11:19:00,021] Trial 44 finished with value: 5043.66845703125 and parameters: {'gradient_clip_val': 0.7417173260724426, 'hidden_size': 116, 'dropout': 0.43234169540956147, 'hidden_continuous_size': 11, 'attention_head_size': 2, 'learning_rate': 0.0061684981782686565}. Best is trial 0 with value: 1630.61083984375.
LOCAL_RANK: 0 - CUDA_VISIBLE_DEVICES: [0]
[I 2023-12-27 11:19:00,588] Trial 45 finished with value: 6015.5390625 and parameters: {'gradient_clip_val': 0.7213394924423773, 'hidden_size': 84, 'dropout': 0.4368651796407572, 'hidden_continuous_size': 11, 'attention_head_size': 2, 'learning_rate': 0.006314703816301114}. Best is trial 0 with value: 1630.61083984375.
LOCAL_RANK: 0 - CUDA_VISIBLE_DEVICES: [0]
[I 2023-12-27 11:19:01,156] Trial 46 finished with value: 5005.83984375 and parameters: {'gradient_clip_val': 0.6161616064963567, 'hidden_size': 119, 'dropout': 0.485790737004111, 'hidden_continuous_size': 18, 'attention_head_size': 2, 'learning_rate': 0.015692720489030216}. Best is trial 0 with value: 1630.61083984375.
LOCAL_RANK: 0 - CUDA_VISIBLE_DEVICES: [0]
[I 2023-12-27 11:19:01,949] Trial 47 finished with value: 4942.64208984375 and parameters: {'gradient_clip_val': 0.6281658207695058, 'hidden_size': 129, 'dropout': 0.4870656208347726, 'hidden_continuous_size': 18, 'attention_head_size': 2, 'learning_rate': 0.016429768063756386}. Best is trial 0 with value: 1630.61083984375.
LOCAL_RANK: 0 - CUDA_VISIBLE_DEVICES: [0]
[I 2023-12-27 11:19:02,483] Trial 48 finished with value: 5826.08154296875 and parameters: {'gradient_clip_val': 0.5490544254544186, 'hidden_size': 124, 'dropout': 0.49897684881043025, 'hidden_continuous_size': 14, 'attention_head_size': 1, 'learning_rate': 0.010534801798094956}. Best is trial 0 with value: 1630.61083984375.
LOCAL_RANK: 0 - CUDA_VISIBLE_DEVICES: [0]
[I 2023-12-27 11:19:03,052] Trial 49 finished with value: 6656.19580078125 and parameters: {'gradient_clip_val': 0.4664157964969862, 'hidden_size': 71, 'dropout': 0.46197984434504086, 'hidden_continuous_size': 19, 'attention_head_size': 2, 'learning_rate': 0.025299863397350828}. Best is trial 0 with value: 1630.61083984375.
[I 2023-12-27 11:19:03,186] A new study created in memory with name: no-name-adb1c825-4f57-47ad-8593-a93227028441
/home/le004/conda/anaconda3/envs/tsff_env/lib/python3.9/site-packages/lightning/fabric/plugins/environments/slurm.py:191: The `srun` command is available on your system but is not used. HINT: If your intention is to run Lightning on SLURM, prepend your python command with `srun` like so: srun python /home/le004/master_thesis/git/TSFusionForecast/code/ ...
LOCAL_RANK: 0 - CUDA_VISIBLE_DEVICES: [0]
[I 2023-12-27 11:19:26,017] Trial 0 finished with value: 12.543118476867676 and parameters: {'gradient_clip_val': 0.34227189354830373, 'hidden_size': 8, 'dropout': 0.4192332880272679, 'hidden_continuous_size': 6, 'attention_head_size': 3, 'learning_rate': 0.07926955007701406}. Best is trial 0 with value: 12.543118476867676.
LOCAL_RANK: 0 - CUDA_VISIBLE_DEVICES: [0]
[I 2023-12-27 11:19:26,593] Trial 1 finished with value: 55.99209213256836 and parameters: {'gradient_clip_val': 0.27198239494598275, 'hidden_size': 89, 'dropout': 0.4020467965940693, 'hidden_continuous_size': 67, 'attention_head_size': 4, 'learning_rate': 0.04433220845360466}. Best is trial 0 with value: 12.543118476867676.
LOCAL_RANK: 0 - CUDA_VISIBLE_DEVICES: [0]
[I 2023-12-27 11:19:27,116] Trial 2 finished with value: 40.853214263916016 and parameters: {'gradient_clip_val': 0.22857311461963672, 'hidden_size': 41, 'dropout': 0.2881933881025953, 'hidden_continuous_size': 7, 'attention_head_size': 3, 'learning_rate': 0.0033183577693019577}. Best is trial 0 with value: 12.543118476867676.
LOCAL_RANK: 0 - CUDA_VISIBLE_DEVICES: [0]
[I 2023-12-27 11:19:27,661] Trial 3 finished with value: 61.802459716796875 and parameters: {'gradient_clip_val': 0.7733268185909566, 'hidden_size': 120, 'dropout': 0.4696765463513082, 'hidden_continuous_size': 13, 'attention_head_size': 3, 'learning_rate': 0.04858945390404482}. Best is trial 0 with value: 12.543118476867676.
LOCAL_RANK: 0 - CUDA_VISIBLE_DEVICES: [0]
[I 2023-12-27 11:19:28,217] Trial 4 finished with value: 74.17517852783203 and parameters: {'gradient_clip_val': 0.5806126977794372, 'hidden_size': 61, 'dropout': 0.3243383831071913, 'hidden_continuous_size': 54, 'attention_head_size': 3, 'learning_rate': 0.02185175920003039}. Best is trial 0 with value: 12.543118476867676.
LOCAL_RANK: 0 - CUDA_VISIBLE_DEVICES: [0]
[I 2023-12-27 11:19:28,735] Trial 5 finished with value: 46.97440719604492 and parameters: {'gradient_clip_val': 0.27371848733843235, 'hidden_size': 61, 'dropout': 0.4686285190244516, 'hidden_continuous_size': 47, 'attention_head_size': 4, 'learning_rate': 0.05071531782503638}. Best is trial 0 with value: 12.543118476867676.
LOCAL_RANK: 0 - CUDA_VISIBLE_DEVICES: [0]
[I 2023-12-27 11:19:29,248] Trial 6 finished with value: 60.031742095947266 and parameters: {'gradient_clip_val': 0.17690315868913095, 'hidden_size': 98, 'dropout': 0.17144157556879983, 'hidden_continuous_size': 11, 'attention_head_size': 1, 'learning_rate': 0.04980006372082315}. Best is trial 0 with value: 12.543118476867676.
LOCAL_RANK: 0 - CUDA_VISIBLE_DEVICES: [0]
[I 2023-12-27 11:19:29,705] Trial 7 finished with value: 51.201446533203125 and parameters: {'gradient_clip_val': 0.9909762746609173, 'hidden_size': 36, 'dropout': 0.12315600383492815, 'hidden_continuous_size': 6, 'attention_head_size': 4, 'learning_rate': 0.009040316546750278}. Best is trial 0 with value: 12.543118476867676.
LOCAL_RANK: 0 - CUDA_VISIBLE_DEVICES: [0]
[I 2023-12-27 11:19:30,111] Trial 8 finished with value: 59.7635498046875 and parameters: {'gradient_clip_val': 0.21867460092907892, 'hidden_size': 5, 'dropout': 0.2544684382096316, 'hidden_continuous_size': 5, 'attention_head_size': 3, 'learning_rate': 0.00298096115343268}. Best is trial 0 with value: 12.543118476867676.
LOCAL_RANK: 0 - CUDA_VISIBLE_DEVICES: [0]
[I 2023-12-27 11:19:30,874] Trial 9 finished with value: 43.36040115356445 and parameters: {'gradient_clip_val': 0.6393768102798819, 'hidden_size': 129, 'dropout': 0.47858888824918466, 'hidden_continuous_size': 57, 'attention_head_size': 3, 'learning_rate': 0.0017100109802813154}. Best is trial 0 with value: 12.543118476867676.
LOCAL_RANK: 0 - CUDA_VISIBLE_DEVICES: [0]
[I 2023-12-27 11:19:31,328] Trial 10 finished with value: 58.05891799926758 and parameters: {'gradient_clip_val': 0.10214400472941174, 'hidden_size': 14, 'dropout': 0.3704170184233458, 'hidden_continuous_size': 5, 'attention_head_size': 1, 'learning_rate': 0.0006085472928544856}. Best is trial 0 with value: 12.543118476867676.
LOCAL_RANK: 0 - CUDA_VISIBLE_DEVICES: [0]
[I 2023-12-27 11:19:31,790] Trial 11 finished with value: 58.92243576049805 and parameters: {'gradient_clip_val': 0.4384068717706786, 'hidden_size': 19, 'dropout': 0.25052219397976844, 'hidden_continuous_size': 7, 'attention_head_size': 2, 'learning_rate': 0.09891792349797807}. Best is trial 0 with value: 12.543118476867676.
LOCAL_RANK: 0 - CUDA_VISIBLE_DEVICES: [0]
[I 2023-12-27 11:19:32,245] Trial 12 finished with value: 62.66843795776367 and parameters: {'gradient_clip_val': 0.4325759930172326, 'hidden_size': 10, 'dropout': 0.3245502031283274, 'hidden_continuous_size': 6, 'attention_head_size': 2, 'learning_rate': 0.010158638624699502}. Best is trial 0 with value: 12.543118476867676.
LOCAL_RANK: 0 - CUDA_VISIBLE_DEVICES: [0]
[I 2023-12-27 11:19:32,711] Trial 13 finished with value: 52.50213623046875 and parameters: {'gradient_clip_val': 0.36298807491651336, 'hidden_size': 31, 'dropout': 0.3821827144558464, 'hidden_continuous_size': 8, 'attention_head_size': 2, 'learning_rate': 0.01591731544940496}. Best is trial 0 with value: 12.543118476867676.
LOCAL_RANK: 0 - CUDA_VISIBLE_DEVICES: [0]
[I 2023-12-27 11:19:33,163] Trial 14 finished with value: 51.15577697753906 and parameters: {'gradient_clip_val': 0.17976364116108837, 'hidden_size': 7, 'dropout': 0.2649129200804456, 'hidden_continuous_size': 5, 'attention_head_size': 3, 'learning_rate': 0.004223634472074588}. Best is trial 0 with value: 12.543118476867676.
LOCAL_RANK: 0 - CUDA_VISIBLE_DEVICES: [0]
[I 2023-12-27 11:19:33,627] Trial 15 finished with value: 37.07623291015625 and parameters: {'gradient_clip_val': 0.3313445995675489, 'hidden_size': 21, 'dropout': 0.41581085834528864, 'hidden_continuous_size': 8, 'attention_head_size': 2, 'learning_rate': 0.005205864214094132}. Best is trial 0 with value: 12.543118476867676.
LOCAL_RANK: 0 - CUDA_VISIBLE_DEVICES: [0]
[I 2023-12-27 11:19:34,121] Trial 16 finished with value: 58.456787109375 and parameters: {'gradient_clip_val': 0.38337353122463874, 'hidden_size': 18, 'dropout': 0.4282500456205244, 'hidden_continuous_size': 9, 'attention_head_size': 2, 'learning_rate': 0.017961569484578364}. Best is trial 0 with value: 12.543118476867676.
LOCAL_RANK: 0 - CUDA_VISIBLE_DEVICES: [0]
[I 2023-12-27 11:19:34,577] Trial 17 finished with value: 52.83327102661133 and parameters: {'gradient_clip_val': 0.31969491019714463, 'hidden_size': 9, 'dropout': 0.4340791852269215, 'hidden_continuous_size': 6, 'attention_head_size': 1, 'learning_rate': 0.007959668993236834}. Best is trial 0 with value: 12.543118476867676.
LOCAL_RANK: 0 - CUDA_VISIBLE_DEVICES: [0]
[I 2023-12-27 11:19:35,046] Trial 18 finished with value: 56.8076286315918 and parameters: {'gradient_clip_val': 0.5353919511343129, 'hidden_size': 13, 'dropout': 0.49603613850441397, 'hidden_continuous_size': 7, 'attention_head_size': 2, 'learning_rate': 0.0048992493168872765}. Best is trial 0 with value: 12.543118476867676.
LOCAL_RANK: 0 - CUDA_VISIBLE_DEVICES: [0]
[I 2023-12-27 11:19:35,515] Trial 19 finished with value: 47.19877624511719 and parameters: {'gradient_clip_val': 0.4594852288232843, 'hidden_size': 22, 'dropout': 0.3594962339646619, 'hidden_continuous_size': 9, 'attention_head_size': 2, 'learning_rate': 0.026784517679185983}. Best is trial 0 with value: 12.543118476867676.
LOCAL_RANK: 0 - CUDA_VISIBLE_DEVICES: [0]
[I 2023-12-27 11:19:35,911] Trial 20 finished with value: 49.9000244140625 and parameters: {'gradient_clip_val': 0.3361115292558719, 'hidden_size': 5, 'dropout': 0.415191197948795, 'hidden_continuous_size': 5, 'attention_head_size': 1, 'learning_rate': 0.011705065102920856}. Best is trial 0 with value: 12.543118476867676.
LOCAL_RANK: 0 - CUDA_VISIBLE_DEVICES: [0]
[I 2023-12-27 11:19:36,382] Trial 21 finished with value: 52.500125885009766 and parameters: {'gradient_clip_val': 0.26082207106849054, 'hidden_size': 30, 'dropout': 0.3032771263601909, 'hidden_continuous_size': 7, 'attention_head_size': 3, 'learning_rate': 0.005702083784500492}. Best is trial 0 with value: 12.543118476867676.
LOCAL_RANK: 0 - CUDA_VISIBLE_DEVICES: [0]
[I 2023-12-27 11:19:37,074] Trial 22 finished with value: 47.48417282104492 and parameters: {'gradient_clip_val': 0.22383817312435, 'hidden_size': 41, 'dropout': 0.4419293746723875, 'hidden_continuous_size': 10, 'attention_head_size': 3, 'learning_rate': 0.002385242409424074}. Best is trial 0 with value: 12.543118476867676.
LOCAL_RANK: 0 - CUDA_VISIBLE_DEVICES: [0]
[I 2023-12-27 11:19:37,518] Trial 23 finished with value: 39.30774688720703 and parameters: {'gradient_clip_val': 0.34239445025203785, 'hidden_size': 25, 'dropout': 0.3544206191088979, 'hidden_continuous_size': 8, 'attention_head_size': 4, 'learning_rate': 0.006522821762091306}. Best is trial 0 with value: 12.543118476867676.
LOCAL_RANK: 0 - CUDA_VISIBLE_DEVICES: [0]
[I 2023-12-27 11:19:37,997] Trial 24 finished with value: 36.747188568115234 and parameters: {'gradient_clip_val': 0.37519119447198684, 'hidden_size': 26, 'dropout': 0.3919954443823376, 'hidden_continuous_size': 8, 'attention_head_size': 4, 'learning_rate': 0.007508563108882289}. Best is trial 0 with value: 12.543118476867676.
LOCAL_RANK: 0 - CUDA_VISIBLE_DEVICES: [0]
[I 2023-12-27 11:19:38,469] Trial 25 finished with value: 59.12852096557617 and parameters: {'gradient_clip_val': 0.39648488687123906, 'hidden_size': 16, 'dropout': 0.39493867131449245, 'hidden_continuous_size': 8, 'attention_head_size': 4, 'learning_rate': 0.01313765295877393}. Best is trial 0 with value: 12.543118476867676.
LOCAL_RANK: 0 - CUDA_VISIBLE_DEVICES: [0]
[I 2023-12-27 11:19:38,963] Trial 26 finished with value: 46.27225112915039 and parameters: {'gradient_clip_val': 0.4938893549905727, 'hidden_size': 23, 'dropout': 0.434671195805712, 'hidden_continuous_size': 6, 'attention_head_size': 4, 'learning_rate': 0.026072382175510382}. Best is trial 0 with value: 12.543118476867676.
LOCAL_RANK: 0 - CUDA_VISIBLE_DEVICES: [0]
[I 2023-12-27 11:19:39,432] Trial 27 finished with value: 62.262516021728516 and parameters: {'gradient_clip_val': 0.30467090675509956, 'hidden_size': 12, 'dropout': 0.40669869309648177, 'hidden_continuous_size': 7, 'attention_head_size': 2, 'learning_rate': 0.007587260753147076}. Best is trial 0 with value: 12.543118476867676.
LOCAL_RANK: 0 - CUDA_VISIBLE_DEVICES: [0]
[I 2023-12-27 11:19:39,895] Trial 28 finished with value: 65.09139251708984 and parameters: {'gradient_clip_val': 0.40081426077365395, 'hidden_size': 18, 'dropout': 0.38155789745746405, 'hidden_continuous_size': 8, 'attention_head_size': 4, 'learning_rate': 0.08226563092202563}. Best is trial 0 with value: 12.543118476867676.
LOCAL_RANK: 0 - CUDA_VISIBLE_DEVICES: [0]
[I 2023-12-27 11:19:40,338] Trial 29 finished with value: 53.131927490234375 and parameters: {'gradient_clip_val': 0.5152326018768068, 'hidden_size': 8, 'dropout': 0.44999271475693936, 'hidden_continuous_size': 6, 'attention_head_size': 4, 'learning_rate': 0.031568660362369674}. Best is trial 0 with value: 12.543118476867676.
LOCAL_RANK: 0 - CUDA_VISIBLE_DEVICES: [0]
[I 2023-12-27 11:19:40,798] Trial 30 finished with value: 62.6971321105957 and parameters: {'gradient_clip_val': 0.29538965074072704, 'hidden_size': 12, 'dropout': 0.4072243684584015, 'hidden_continuous_size': 7, 'attention_head_size': 3, 'learning_rate': 0.014252035993342006}. Best is trial 0 with value: 12.543118476867676.
LOCAL_RANK: 0 - CUDA_VISIBLE_DEVICES: [0]
[I 2023-12-27 11:19:41,248] Trial 31 finished with value: 58.73540115356445 and parameters: {'gradient_clip_val': 0.33380024170007455, 'hidden_size': 23, 'dropout': 0.34273799623665435, 'hidden_continuous_size': 9, 'attention_head_size': 4, 'learning_rate': 0.005798903323339072}. Best is trial 0 with value: 12.543118476867676.
LOCAL_RANK: 0 - CUDA_VISIBLE_DEVICES: [0]
[I 2023-12-27 11:19:41,704] Trial 32 finished with value: 49.7893180847168 and parameters: {'gradient_clip_val': 0.3604477754252994, 'hidden_size': 26, 'dropout': 0.3551567793043443, 'hidden_continuous_size': 11, 'attention_head_size': 4, 'learning_rate': 0.0066857098911768}. Best is trial 0 with value: 12.543118476867676.
LOCAL_RANK: 0 - CUDA_VISIBLE_DEVICES: [0]
[I 2023-12-27 11:19:42,163] Trial 33 finished with value: 53.64884948730469 and parameters: {'gradient_clip_val': 0.4476958277020214, 'hidden_size': 30, 'dropout': 0.3926313905541674, 'hidden_continuous_size': 13, 'attention_head_size': 4, 'learning_rate': 0.010370698543337858}. Best is trial 0 with value: 12.543118476867676.
LOCAL_RANK: 0 - CUDA_VISIBLE_DEVICES: [0]
[I 2023-12-27 11:19:42,619] Trial 34 finished with value: 61.26591873168945 and parameters: {'gradient_clip_val': 0.3643300634067665, 'hidden_size': 16, 'dropout': 0.38031369505921186, 'hidden_continuous_size': 8, 'attention_head_size': 4, 'learning_rate': 0.036896894577854875}. Best is trial 0 with value: 12.543118476867676.
LOCAL_RANK: 0 - CUDA_VISIBLE_DEVICES: [0]
[I 2023-12-27 11:19:43,386] Trial 35 finished with value: 51.58648681640625 and parameters: {'gradient_clip_val': 0.2713987188531886, 'hidden_size': 50, 'dropout': 0.41889075191563363, 'hidden_continuous_size': 17, 'attention_head_size': 3, 'learning_rate': 0.01993173123192626}. Best is trial 0 with value: 12.543118476867676.
LOCAL_RANK: 0 - CUDA_VISIBLE_DEVICES: [0]
