[I 2023-12-27 11:03:56,507] Trial 27 finished with value: 10.390376091003418 and parameters: {'gradient_clip_val': 0.45724829011114826, 'hidden_size': 25, 'dropout': 0.233173442099911, 'hidden_continuous_size': 12, 'attention_head_size': 2, 'learning_rate': 0.0025178427954863627}. Best is trial 0 with value: 6.798677921295166.
LOCAL_RANK: 0 - CUDA_VISIBLE_DEVICES: [0]
[I 2023-12-27 11:03:56,999] Trial 28 finished with value: 12.117630004882812 and parameters: {'gradient_clip_val': 0.14547097778481438, 'hidden_size': 47, 'dropout': 0.1943899386458296, 'hidden_continuous_size': 17, 'attention_head_size': 3, 'learning_rate': 0.0012469669386474544}. Best is trial 0 with value: 6.798677921295166.
LOCAL_RANK: 0 - CUDA_VISIBLE_DEVICES: [0]
[I 2023-12-27 11:03:57,463] Trial 29 finished with value: 10.411865234375 and parameters: {'gradient_clip_val': 0.3750971047380684, 'hidden_size': 8, 'dropout': 0.3141913562635277, 'hidden_continuous_size': 6, 'attention_head_size': 4, 'learning_rate': 0.0020785396570215243}. Best is trial 0 with value: 6.798677921295166.
LOCAL_RANK: 0 - CUDA_VISIBLE_DEVICES: [0]
[I 2023-12-27 11:03:58,176] Trial 30 finished with value: 10.91668701171875 and parameters: {'gradient_clip_val': 0.27390898323576107, 'hidden_size': 29, 'dropout': 0.274879642896754, 'hidden_continuous_size': 8, 'attention_head_size': 1, 'learning_rate': 0.0007022085315494463}. Best is trial 0 with value: 6.798677921295166.
LOCAL_RANK: 0 - CUDA_VISIBLE_DEVICES: [0]
[I 2023-12-27 11:03:58,619] Trial 31 finished with value: 8.660737037658691 and parameters: {'gradient_clip_val': 0.2351992075840334, 'hidden_size': 10, 'dropout': 0.35892374499258556, 'hidden_continuous_size': 6, 'attention_head_size': 2, 'learning_rate': 0.0005072330581070266}. Best is trial 0 with value: 6.798677921295166.
LOCAL_RANK: 0 - CUDA_VISIBLE_DEVICES: [0]
[I 2023-12-27 11:03:59,053] Trial 32 finished with value: 12.464566230773926 and parameters: {'gradient_clip_val': 0.21858206259727225, 'hidden_size': 11, 'dropout': 0.3447307423459505, 'hidden_continuous_size': 6, 'attention_head_size': 2, 'learning_rate': 0.000515400830468968}. Best is trial 0 with value: 6.798677921295166.
LOCAL_RANK: 0 - CUDA_VISIBLE_DEVICES: [0]
[I 2023-12-27 11:03:59,495] Trial 33 finished with value: 9.888191223144531 and parameters: {'gradient_clip_val': 0.20556968694308492, 'hidden_size': 14, 'dropout': 0.4470076608477313, 'hidden_continuous_size': 7, 'attention_head_size': 2, 'learning_rate': 0.0008143849692366183}. Best is trial 0 with value: 6.798677921295166.
LOCAL_RANK: 0 - CUDA_VISIBLE_DEVICES: [0]
[I 2023-12-27 11:03:59,925] Trial 34 finished with value: 11.399426460266113 and parameters: {'gradient_clip_val': 0.18452825621046637, 'hidden_size': 7, 'dropout': 0.391049439208192, 'hidden_continuous_size': 5, 'attention_head_size': 2, 'learning_rate': 0.0018392532476791369}. Best is trial 0 with value: 6.798677921295166.
LOCAL_RANK: 0 - CUDA_VISIBLE_DEVICES: [0]
[I 2023-12-27 11:04:00,408] Trial 35 finished with value: 10.034466743469238 and parameters: {'gradient_clip_val': 0.2383959976772437, 'hidden_size': 19, 'dropout': 0.33757167281379874, 'hidden_continuous_size': 8, 'attention_head_size': 4, 'learning_rate': 0.0011100304762077455}. Best is trial 0 with value: 6.798677921295166.
LOCAL_RANK: 0 - CUDA_VISIBLE_DEVICES: [0]
[I 2023-12-27 11:04:00,848] Trial 36 finished with value: 11.498461723327637 and parameters: {'gradient_clip_val': 0.1888596464785097, 'hidden_size': 10, 'dropout': 0.4746761764206503, 'hidden_continuous_size': 6, 'attention_head_size': 2, 'learning_rate': 0.0006881687636910424}. Best is trial 0 with value: 6.798677921295166.
LOCAL_RANK: 0 - CUDA_VISIBLE_DEVICES: [0]
[I 2023-12-27 11:04:01,367] Trial 37 finished with value: 11.881321907043457 and parameters: {'gradient_clip_val': 0.3287244883307788, 'hidden_size': 145, 'dropout': 0.4668797673336884, 'hidden_continuous_size': 19, 'attention_head_size': 3, 'learning_rate': 0.0015580634698076233}. Best is trial 0 with value: 6.798677921295166.
LOCAL_RANK: 0 - CUDA_VISIBLE_DEVICES: [0]
[I 2023-12-27 11:04:01,809] Trial 38 finished with value: 10.861137390136719 and parameters: {'gradient_clip_val': 0.13469772952735903, 'hidden_size': 15, 'dropout': 0.4112604760805409, 'hidden_continuous_size': 9, 'attention_head_size': 1, 'learning_rate': 0.0010276165185845044}. Best is trial 0 with value: 6.798677921295166.
LOCAL_RANK: 0 - CUDA_VISIBLE_DEVICES: [0]
[I 2023-12-27 11:04:02,264] Trial 39 finished with value: 11.345162391662598 and parameters: {'gradient_clip_val': 0.15988797122106402, 'hidden_size': 22, 'dropout': 0.4991808378814159, 'hidden_continuous_size': 9, 'attention_head_size': 2, 'learning_rate': 0.0006746433827902882}. Best is trial 0 with value: 6.798677921295166.
LOCAL_RANK: 0 - CUDA_VISIBLE_DEVICES: [0]
[I 2023-12-27 11:04:02,709] Trial 40 finished with value: 12.86283016204834 and parameters: {'gradient_clip_val': 0.1698300489160532, 'hidden_size': 12, 'dropout': 0.31455619956985525, 'hidden_continuous_size': 7, 'attention_head_size': 3, 'learning_rate': 0.0013916696238511948}. Best is trial 0 with value: 6.798677921295166.
LOCAL_RANK: 0 - CUDA_VISIBLE_DEVICES: [0]
[I 2023-12-27 11:04:03,169] Trial 41 finished with value: 10.968505859375 and parameters: {'gradient_clip_val': 0.2544479843983121, 'hidden_size': 9, 'dropout': 0.3563153499401037, 'hidden_continuous_size': 6, 'attention_head_size': 2, 'learning_rate': 0.0005689445245562157}. Best is trial 0 with value: 6.798677921295166.
LOCAL_RANK: 0 - CUDA_VISIBLE_DEVICES: [0]
[I 2023-12-27 11:04:03,612] Trial 42 finished with value: 11.210854530334473 and parameters: {'gradient_clip_val': 0.23295429363058928, 'hidden_size': 9, 'dropout': 0.3766820973757724, 'hidden_continuous_size': 6, 'attention_head_size': 2, 'learning_rate': 0.0005057089739865718}. Best is trial 0 with value: 6.798677921295166.
LOCAL_RANK: 0 - CUDA_VISIBLE_DEVICES: [0]
[I 2023-12-27 11:04:04,326] Trial 43 finished with value: 14.06101131439209 and parameters: {'gradient_clip_val': 0.2859210756466907, 'hidden_size': 15, 'dropout': 0.4072039289397626, 'hidden_continuous_size': 7, 'attention_head_size': 2, 'learning_rate': 0.0005148931012158548}. Best is trial 0 with value: 6.798677921295166.
LOCAL_RANK: 0 - CUDA_VISIBLE_DEVICES: [0]
[I 2023-12-27 11:04:04,727] Trial 44 finished with value: 12.809556007385254 and parameters: {'gradient_clip_val': 0.12704765181507202, 'hidden_size': 5, 'dropout': 0.43202959988270434, 'hidden_continuous_size': 5, 'attention_head_size': 2, 'learning_rate': 0.0008574301758741214}. Best is trial 0 with value: 6.798677921295166.
LOCAL_RANK: 0 - CUDA_VISIBLE_DEVICES: [0]
[I 2023-12-27 11:04:05,171] Trial 45 finished with value: 11.36230754852295 and parameters: {'gradient_clip_val': 0.2023747125113509, 'hidden_size': 11, 'dropout': 0.3620504790052342, 'hidden_continuous_size': 6, 'attention_head_size': 1, 'learning_rate': 0.0006443248968115557}. Best is trial 0 with value: 6.798677921295166.
LOCAL_RANK: 0 - CUDA_VISIBLE_DEVICES: [0]
[I 2023-12-27 11:04:05,666] Trial 46 finished with value: 9.81406307220459 and parameters: {'gradient_clip_val': 0.17973650013326703, 'hidden_size': 6, 'dropout': 0.3387507802976102, 'hidden_continuous_size': 5, 'attention_head_size': 2, 'learning_rate': 0.0008987985313771605}. Best is trial 0 with value: 6.798677921295166.
LOCAL_RANK: 0 - CUDA_VISIBLE_DEVICES: [0]
[I 2023-12-27 11:04:06,137] Trial 47 finished with value: 11.66085147857666 and parameters: {'gradient_clip_val': 0.25856364569302503, 'hidden_size': 13, 'dropout': 0.3217931097123575, 'hidden_continuous_size': 8, 'attention_head_size': 1, 'learning_rate': 0.0018371408404473796}. Best is trial 0 with value: 6.798677921295166.
LOCAL_RANK: 0 - CUDA_VISIBLE_DEVICES: [0]
[I 2023-12-27 11:04:06,572] Trial 48 finished with value: 7.876695156097412 and parameters: {'gradient_clip_val': 0.2965534891197455, 'hidden_size': 16, 'dropout': 0.12090211371767642, 'hidden_continuous_size': 7, 'attention_head_size': 2, 'learning_rate': 0.0011623272888689558}. Best is trial 0 with value: 6.798677921295166.
LOCAL_RANK: 0 - CUDA_VISIBLE_DEVICES: [0]
[I 2023-12-27 11:04:07,023] Trial 49 finished with value: 10.56943416595459 and parameters: {'gradient_clip_val': 0.3023875185221895, 'hidden_size': 19, 'dropout': 0.11610684655373112, 'hidden_continuous_size': 11, 'attention_head_size': 1, 'learning_rate': 0.001274467048241553}. Best is trial 0 with value: 6.798677921295166.
[I 2023-12-27 11:04:07,156] A new study created in memory with name: no-name-0f2ea9ec-2403-460f-9f9c-1fd24f7ed010
/home/le004/conda/anaconda3/envs/tsff_env/lib/python3.9/site-packages/lightning/fabric/plugins/environments/slurm.py:191: The `srun` command is available on your system but is not used. HINT: If your intention is to run Lightning on SLURM, prepend your python command with `srun` like so: srun python /home/le004/master_thesis/git/TSFusionForecast/code/ ...
LOCAL_RANK: 0 - CUDA_VISIBLE_DEVICES: [0]
[I 2023-12-27 11:04:37,127] Trial 0 finished with value: 86.90890502929688 and parameters: {'gradient_clip_val': 0.14985681254948494, 'hidden_size': 15, 'dropout': 0.39411110787437587, 'hidden_continuous_size': 10, 'attention_head_size': 3, 'learning_rate': 0.0011088895287285332}. Best is trial 0 with value: 86.90890502929688.
LOCAL_RANK: 0 - CUDA_VISIBLE_DEVICES: [0]
[I 2023-12-27 11:04:45,497] Trial 1 finished with value: 154.61341857910156 and parameters: {'gradient_clip_val': 0.1467680337704292, 'hidden_size': 8, 'dropout': 0.34735548955095236, 'hidden_continuous_size': 8, 'attention_head_size': 2, 'learning_rate': 0.003165528051247577}. Best is trial 0 with value: 86.90890502929688.
LOCAL_RANK: 0 - CUDA_VISIBLE_DEVICES: [0]
[I 2023-12-27 11:04:45,930] Trial 2 finished with value: 154.90467834472656 and parameters: {'gradient_clip_val': 0.22075609819063968, 'hidden_size': 6, 'dropout': 0.17381084616557319, 'hidden_continuous_size': 5, 'attention_head_size': 3, 'learning_rate': 0.0031429378112770574}. Best is trial 0 with value: 86.90890502929688.
LOCAL_RANK: 0 - CUDA_VISIBLE_DEVICES: [0]
[I 2023-12-27 11:04:46,642] Trial 3 finished with value: 168.0887908935547 and parameters: {'gradient_clip_val': 0.17985305609125046, 'hidden_size': 14, 'dropout': 0.2934833677483192, 'hidden_continuous_size': 7, 'attention_head_size': 2, 'learning_rate': 0.04046229909945845}. Best is trial 0 with value: 86.90890502929688.
LOCAL_RANK: 0 - CUDA_VISIBLE_DEVICES: [0]
[I 2023-12-27 11:04:47,082] Trial 4 finished with value: 163.4111785888672 and parameters: {'gradient_clip_val': 0.191837441802077, 'hidden_size': 13, 'dropout': 0.2011180666638467, 'hidden_continuous_size': 10, 'attention_head_size': 4, 'learning_rate': 0.059290603354006044}. Best is trial 0 with value: 86.90890502929688.
LOCAL_RANK: 0 - CUDA_VISIBLE_DEVICES: [0]
[I 2023-12-27 11:04:47,554] Trial 5 finished with value: 149.01043701171875 and parameters: {'gradient_clip_val': 0.30842787914168, 'hidden_size': 18, 'dropout': 0.31000716954110485, 'hidden_continuous_size': 6, 'attention_head_size': 4, 'learning_rate': 0.0010993670586503296}. Best is trial 0 with value: 86.90890502929688.
LOCAL_RANK: 0 - CUDA_VISIBLE_DEVICES: [0]
[I 2023-12-27 11:04:47,936] Trial 6 finished with value: 183.5529022216797 and parameters: {'gradient_clip_val': 0.5770523236798394, 'hidden_size': 5, 'dropout': 0.4566259495379752, 'hidden_continuous_size': 5, 'attention_head_size': 2, 'learning_rate': 0.02692373072980062}. Best is trial 0 with value: 86.90890502929688.
LOCAL_RANK: 0 - CUDA_VISIBLE_DEVICES: [0]
[I 2023-12-27 11:04:48,329] Trial 7 finished with value: 134.4139862060547 and parameters: {'gradient_clip_val': 0.3843248501358868, 'hidden_size': 5, 'dropout': 0.11867547380012354, 'hidden_continuous_size': 5, 'attention_head_size': 3, 'learning_rate': 0.003779564760644773}. Best is trial 0 with value: 86.90890502929688.
LOCAL_RANK: 0 - CUDA_VISIBLE_DEVICES: [0]
[I 2023-12-27 11:04:48,746] Trial 8 finished with value: 181.0567169189453 and parameters: {'gradient_clip_val': 0.3537836515486463, 'hidden_size': 17, 'dropout': 0.3888787765548102, 'hidden_continuous_size': 6, 'attention_head_size': 3, 'learning_rate': 0.0006934250142656126}. Best is trial 0 with value: 86.90890502929688.
LOCAL_RANK: 0 - CUDA_VISIBLE_DEVICES: [0]
[I 2023-12-27 11:04:49,278] Trial 9 finished with value: 183.5430145263672 and parameters: {'gradient_clip_val': 0.3772153817069055, 'hidden_size': 133, 'dropout': 0.38801808179010233, 'hidden_continuous_size': 131, 'attention_head_size': 4, 'learning_rate': 0.0013270544438319049}. Best is trial 0 with value: 86.90890502929688.
LOCAL_RANK: 0 - CUDA_VISIBLE_DEVICES: [0]
[I 2023-12-27 11:04:49,763] Trial 10 finished with value: 162.9468994140625 and parameters: {'gradient_clip_val': 0.11153977682096575, 'hidden_size': 37, 'dropout': 0.48967865936759813, 'hidden_continuous_size': 14, 'attention_head_size': 1, 'learning_rate': 0.0005461604414849275}. Best is trial 0 with value: 86.90890502929688.
LOCAL_RANK: 0 - CUDA_VISIBLE_DEVICES: [0]
[I 2023-12-27 11:04:50,162] Trial 11 finished with value: 143.41749572753906 and parameters: {'gradient_clip_val': 0.7275250552250101, 'hidden_size': 5, 'dropout': 0.11291054034766396, 'hidden_continuous_size': 5, 'attention_head_size': 3, 'learning_rate': 0.008659869524453469}. Best is trial 0 with value: 86.90890502929688.
LOCAL_RANK: 0 - CUDA_VISIBLE_DEVICES: [0]
[I 2023-12-27 11:04:50,599] Trial 12 finished with value: 137.74945068359375 and parameters: {'gradient_clip_val': 0.10383679569062167, 'hidden_size': 9, 'dropout': 0.2373216240617192, 'hidden_continuous_size': 5, 'attention_head_size': 3, 'learning_rate': 0.0024604276314823766}. Best is trial 0 with value: 86.90890502929688.
LOCAL_RANK: 0 - CUDA_VISIBLE_DEVICES: [0]
[I 2023-12-27 11:04:51,060] Trial 13 finished with value: 151.76658630371094 and parameters: {'gradient_clip_val': 0.2624448324038476, 'hidden_size': 28, 'dropout': 0.11918137555191623, 'hidden_continuous_size': 9, 'attention_head_size': 1, 'learning_rate': 0.00632214408857812}. Best is trial 0 with value: 86.90890502929688.
LOCAL_RANK: 0 - CUDA_VISIBLE_DEVICES: [0]
[I 2023-12-27 11:04:51,509] Trial 14 finished with value: 160.77468872070312 and parameters: {'gradient_clip_val': 0.4678458938311996, 'hidden_size': 7, 'dropout': 0.2552544058700526, 'hidden_continuous_size': 5, 'attention_head_size': 3, 'learning_rate': 0.0011965311590759647}. Best is trial 0 with value: 86.90890502929688.
LOCAL_RANK: 0 - CUDA_VISIBLE_DEVICES: [0]
[I 2023-12-27 11:04:51,948] Trial 15 finished with value: 162.33827209472656 and parameters: {'gradient_clip_val': 0.9157720993043802, 'hidden_size': 9, 'dropout': 0.16755304446107838, 'hidden_continuous_size': 6, 'attention_head_size': 2, 'learning_rate': 0.008834310894764281}. Best is trial 0 with value: 86.90890502929688.
LOCAL_RANK: 0 - CUDA_VISIBLE_DEVICES: [0]
[I 2023-12-27 11:04:52,354] Trial 16 finished with value: 196.0262451171875 and parameters: {'gradient_clip_val': 0.25746833282688053, 'hidden_size': 5, 'dropout': 0.23925738681552805, 'hidden_continuous_size': 5, 'attention_head_size': 4, 'learning_rate': 0.0005064338589418457}. Best is trial 0 with value: 86.90890502929688.
LOCAL_RANK: 0 - CUDA_VISIBLE_DEVICES: [0]
[I 2023-12-27 11:04:53,118] Trial 17 finished with value: 180.2609405517578 and parameters: {'gradient_clip_val': 0.4506883770205361, 'hidden_size': 42, 'dropout': 0.10616064802748709, 'hidden_continuous_size': 11, 'attention_head_size': 3, 'learning_rate': 0.0019948432350491924}. Best is trial 0 with value: 86.90890502929688.
LOCAL_RANK: 0 - CUDA_VISIBLE_DEVICES: [0]
[I 2023-12-27 11:04:53,560] Trial 18 finished with value: 124.222412109375 and parameters: {'gradient_clip_val': 0.1560287685635978, 'hidden_size': 11, 'dropout': 0.41921468214107693, 'hidden_continuous_size': 7, 'attention_head_size': 2, 'learning_rate': 0.0046864803208299865}. Best is trial 0 with value: 86.90890502929688.
LOCAL_RANK: 0 - CUDA_VISIBLE_DEVICES: [0]
[I 2023-12-27 11:04:53,997] Trial 19 finished with value: 118.93192291259766 and parameters: {'gradient_clip_val': 0.14076381667952087, 'hidden_size': 11, 'dropout': 0.42722328645614077, 'hidden_continuous_size': 7, 'attention_head_size': 1, 'learning_rate': 0.01410705391060124}. Best is trial 0 with value: 86.90890502929688.
LOCAL_RANK: 0 - CUDA_VISIBLE_DEVICES: [0]
[I 2023-12-27 11:04:54,441] Trial 20 finished with value: 139.99620056152344 and parameters: {'gradient_clip_val': 0.1305926070083434, 'hidden_size': 21, 'dropout': 0.49703586315415893, 'hidden_continuous_size': 11, 'attention_head_size': 1, 'learning_rate': 0.013910094650996413}. Best is trial 0 with value: 86.90890502929688.
LOCAL_RANK: 0 - CUDA_VISIBLE_DEVICES: [0]
[I 2023-12-27 11:04:54,877] Trial 21 finished with value: 165.28598022460938 and parameters: {'gradient_clip_val': 0.14978496699514424, 'hidden_size': 11, 'dropout': 0.4299026786861152, 'hidden_continuous_size': 7, 'attention_head_size': 2, 'learning_rate': 0.015591796558124489}. Best is trial 0 with value: 86.90890502929688.
LOCAL_RANK: 0 - CUDA_VISIBLE_DEVICES: [0]
[I 2023-12-27 11:04:55,315] Trial 22 finished with value: 174.04237365722656 and parameters: {'gradient_clip_val': 0.17409758052215507, 'hidden_size': 12, 'dropout': 0.426368318628413, 'hidden_continuous_size': 7, 'attention_head_size': 1, 'learning_rate': 0.005468730318260492}. Best is trial 0 with value: 86.90890502929688.
LOCAL_RANK: 0 - CUDA_VISIBLE_DEVICES: [0]
[I 2023-12-27 11:04:55,750] Trial 23 finished with value: 133.16049194335938 and parameters: {'gradient_clip_val': 0.12253202279802551, 'hidden_size': 11, 'dropout': 0.3822652244053299, 'hidden_continuous_size': 8, 'attention_head_size': 1, 'learning_rate': 0.004615421384730209}. Best is trial 0 with value: 86.90890502929688.
LOCAL_RANK: 0 - CUDA_VISIBLE_DEVICES: [0]
[I 2023-12-27 11:04:56,193] Trial 24 finished with value: 147.0943145751953 and parameters: {'gradient_clip_val': 0.1373441202393626, 'hidden_size': 8, 'dropout': 0.4458544134819678, 'hidden_continuous_size': 6, 'attention_head_size': 2, 'learning_rate': 0.011217047080743413}. Best is trial 0 with value: 86.90890502929688.
LOCAL_RANK: 0 - CUDA_VISIBLE_DEVICES: [0]
[I 2023-12-27 11:04:56,622] Trial 25 finished with value: 180.76551818847656 and parameters: {'gradient_clip_val': 0.1030735913496932, 'hidden_size': 16, 'dropout': 0.41316407488408374, 'hidden_continuous_size': 8, 'attention_head_size': 1, 'learning_rate': 0.02242630826870218}. Best is trial 0 with value: 86.90890502929688.
LOCAL_RANK: 0 - CUDA_VISIBLE_DEVICES: [0]
[I 2023-12-27 11:04:57,058] Trial 26 finished with value: 180.2213897705078 and parameters: {'gradient_clip_val': 0.15421477779492823, 'hidden_size': 22, 'dropout': 0.35662872503217524, 'hidden_continuous_size': 9, 'attention_head_size': 2, 'learning_rate': 0.005744509831918799}. Best is trial 0 with value: 86.90890502929688.
LOCAL_RANK: 0 - CUDA_VISIBLE_DEVICES: [0]
[I 2023-12-27 11:04:57,498] Trial 27 finished with value: 194.13829040527344 and parameters: {'gradient_clip_val': 0.20459162100361683, 'hidden_size': 10, 'dropout': 0.4596288092523314, 'hidden_continuous_size': 7, 'attention_head_size': 2, 'learning_rate': 0.09434475233474252}. Best is trial 0 with value: 86.90890502929688.
LOCAL_RANK: 0 - CUDA_VISIBLE_DEVICES: [0]
[I 2023-12-27 11:04:57,922] Trial 28 finished with value: 138.98182678222656 and parameters: {'gradient_clip_val': 0.12423517474408463, 'hidden_size': 7, 'dropout': 0.40857535134190004, 'hidden_continuous_size': 6, 'attention_head_size': 1, 'learning_rate': 0.0018346071471979826}. Best is trial 0 with value: 86.90890502929688.
LOCAL_RANK: 0 - CUDA_VISIBLE_DEVICES: [0]
[I 2023-12-27 11:04:58,357] Trial 29 finished with value: 181.8223419189453 and parameters: {'gradient_clip_val': 0.162462996705411, 'hidden_size': 14, 'dropout': 0.3557086529638477, 'hidden_continuous_size': 8, 'attention_head_size': 2, 'learning_rate': 0.00282763068908101}. Best is trial 0 with value: 86.90890502929688.
LOCAL_RANK: 0 - CUDA_VISIBLE_DEVICES: [0]
[I 2023-12-27 11:04:59,065] Trial 30 finished with value: 146.2072296142578 and parameters: {'gradient_clip_val': 0.14706201251258325, 'hidden_size': 8, 'dropout': 0.33795122661795035, 'hidden_continuous_size': 7, 'attention_head_size': 3, 'learning_rate': 0.004670151617059964}. Best is trial 0 with value: 86.90890502929688.
LOCAL_RANK: 0 - CUDA_VISIBLE_DEVICES: [0]
[I 2023-12-27 11:04:59,509] Trial 31 finished with value: 203.3164520263672 and parameters: {'gradient_clip_val': 0.119642112807016, 'hidden_size': 11, 'dropout': 0.38919442014704064, 'hidden_continuous_size': 8, 'attention_head_size': 1, 'learning_rate': 0.003932318268948243}. Best is trial 0 with value: 86.90890502929688.
LOCAL_RANK: 0 - CUDA_VISIBLE_DEVICES: [0]
[I 2023-12-27 11:04:59,946] Trial 32 finished with value: 192.9873046875 and parameters: {'gradient_clip_val': 0.1293877428841005, 'hidden_size': 10, 'dropout': 0.37481452827100803, 'hidden_continuous_size': 7, 'attention_head_size': 1, 'learning_rate': 0.007903585334125813}. Best is trial 0 with value: 86.90890502929688.
LOCAL_RANK: 0 - CUDA_VISIBLE_DEVICES: [0]
[I 2023-12-27 11:05:00,394] Trial 33 finished with value: 145.9355926513672 and parameters: {'gradient_clip_val': 0.1603003043452358, 'hidden_size': 13, 'dropout': 0.4142019618614945, 'hidden_continuous_size': 9, 'attention_head_size': 1, 'learning_rate': 0.0033683950358379734}. Best is trial 0 with value: 86.90890502929688.
LOCAL_RANK: 0 - CUDA_VISIBLE_DEVICES: [0]
[I 2023-12-27 11:05:00,833] Trial 34 finished with value: 155.9781951904297 and parameters: {'gradient_clip_val': 0.2123383383030516, 'hidden_size': 15, 'dropout': 0.33224025637594234, 'hidden_continuous_size': 8, 'attention_head_size': 2, 'learning_rate': 0.004219444471118417}. Best is trial 0 with value: 86.90890502929688.
LOCAL_RANK: 0 - CUDA_VISIBLE_DEVICES: [0]
