[I 2023-12-27 11:16:56,597] Trial 12 finished with value: 564.1675415039062 and parameters: {'gradient_clip_val': 0.43827316593622906, 'hidden_size': 23, 'dropout': 0.4834530532160576, 'hidden_continuous_size': 5, 'attention_head_size': 3, 'learning_rate': 0.004968383923213142}. Best is trial 0 with value: 179.31968688964844.
LOCAL_RANK: 0 - CUDA_VISIBLE_DEVICES: [0]
[I 2023-12-27 11:16:57,112] Trial 13 finished with value: 466.7284240722656 and parameters: {'gradient_clip_val': 0.22136891404586734, 'hidden_size': 8, 'dropout': 0.392566828831398, 'hidden_continuous_size': 5, 'attention_head_size': 4, 'learning_rate': 0.003989397847367124}. Best is trial 0 with value: 179.31968688964844.
LOCAL_RANK: 0 - CUDA_VISIBLE_DEVICES: [0]
[I 2023-12-27 11:16:57,623] Trial 14 finished with value: 627.97216796875 and parameters: {'gradient_clip_val': 0.18424972904157574, 'hidden_size': 7, 'dropout': 0.4074580294678165, 'hidden_continuous_size': 5, 'attention_head_size': 4, 'learning_rate': 0.003626269471308364}. Best is trial 0 with value: 179.31968688964844.
LOCAL_RANK: 0 - CUDA_VISIBLE_DEVICES: [0]
[I 2023-12-27 11:16:58,085] Trial 15 finished with value: 765.9832153320312 and parameters: {'gradient_clip_val': 0.25985172528304895, 'hidden_size': 5, 'dropout': 0.49386579079547305, 'hidden_continuous_size': 5, 'attention_head_size': 3, 'learning_rate': 0.0006862055339682407}. Best is trial 0 with value: 179.31968688964844.
LOCAL_RANK: 0 - CUDA_VISIBLE_DEVICES: [0]
[I 2023-12-27 11:16:58,577] Trial 16 finished with value: 513.337646484375 and parameters: {'gradient_clip_val': 0.14505510373853667, 'hidden_size': 10, 'dropout': 0.43372855574904423, 'hidden_continuous_size': 5, 'attention_head_size': 4, 'learning_rate': 0.0036441855624777873}. Best is trial 0 with value: 179.31968688964844.
LOCAL_RANK: 0 - CUDA_VISIBLE_DEVICES: [0]
[I 2023-12-27 11:16:59,046] Trial 17 finished with value: 626.9524536132812 and parameters: {'gradient_clip_val': 0.24974914559135197, 'hidden_size': 13, 'dropout': 0.38301971213224173, 'hidden_continuous_size': 6, 'attention_head_size': 3, 'learning_rate': 0.013336642222333056}. Best is trial 0 with value: 179.31968688964844.
LOCAL_RANK: 0 - CUDA_VISIBLE_DEVICES: [0]
[I 2023-12-27 11:16:59,523] Trial 18 finished with value: 633.4817504882812 and parameters: {'gradient_clip_val': 0.10283490658359945, 'hidden_size': 25, 'dropout': 0.44597613126385727, 'hidden_continuous_size': 6, 'attention_head_size': 4, 'learning_rate': 0.0013930346441952792}. Best is trial 0 with value: 179.31968688964844.
LOCAL_RANK: 0 - CUDA_VISIBLE_DEVICES: [0]
[I 2023-12-27 11:16:59,957] Trial 19 finished with value: 494.4971008300781 and parameters: {'gradient_clip_val': 0.1655847912796424, 'hidden_size': 10, 'dropout': 0.38537810133650496, 'hidden_continuous_size': 6, 'attention_head_size': 3, 'learning_rate': 0.005337580989665077}. Best is trial 0 with value: 179.31968688964844.
LOCAL_RANK: 0 - CUDA_VISIBLE_DEVICES: [0]
[I 2023-12-27 11:17:00,675] Trial 20 finished with value: 742.2828979492188 and parameters: {'gradient_clip_val': 0.14209350136827734, 'hidden_size': 21, 'dropout': 0.44586801324459047, 'hidden_continuous_size': 6, 'attention_head_size': 4, 'learning_rate': 0.003010659033651866}. Best is trial 0 with value: 179.31968688964844.
LOCAL_RANK: 0 - CUDA_VISIBLE_DEVICES: [0]
[I 2023-12-27 11:17:01,110] Trial 21 finished with value: 579.76123046875 and parameters: {'gradient_clip_val': 0.18380074969959834, 'hidden_size': 10, 'dropout': 0.3842800621607174, 'hidden_continuous_size': 5, 'attention_head_size': 3, 'learning_rate': 0.00531929610943105}. Best is trial 0 with value: 179.31968688964844.
LOCAL_RANK: 0 - CUDA_VISIBLE_DEVICES: [0]
[I 2023-12-27 11:17:01,506] Trial 22 finished with value: 563.576416015625 and parameters: {'gradient_clip_val': 0.15173104974132332, 'hidden_size': 5, 'dropout': 0.31697810197949655, 'hidden_continuous_size': 5, 'attention_head_size': 3, 'learning_rate': 0.007005230164066567}. Best is trial 0 with value: 179.31968688964844.
LOCAL_RANK: 0 - CUDA_VISIBLE_DEVICES: [0]
[I 2023-12-27 11:17:01,943] Trial 23 finished with value: 556.5012817382812 and parameters: {'gradient_clip_val': 0.20059579302022795, 'hidden_size': 8, 'dropout': 0.3872584899696785, 'hidden_continuous_size': 5, 'attention_head_size': 4, 'learning_rate': 0.004533841224274792}. Best is trial 0 with value: 179.31968688964844.
LOCAL_RANK: 0 - CUDA_VISIBLE_DEVICES: [0]
[I 2023-12-27 11:17:02,378] Trial 24 finished with value: 967.2633666992188 and parameters: {'gradient_clip_val': 0.12188993935120603, 'hidden_size': 14, 'dropout': 0.4309651728337612, 'hidden_continuous_size': 6, 'attention_head_size': 2, 'learning_rate': 0.009094042956414245}. Best is trial 0 with value: 179.31968688964844.
LOCAL_RANK: 0 - CUDA_VISIBLE_DEVICES: [0]
[I 2023-12-27 11:17:02,851] Trial 25 finished with value: 546.22607421875 and parameters: {'gradient_clip_val': 0.23357205294823075, 'hidden_size': 27, 'dropout': 0.348201463836919, 'hidden_continuous_size': 7, 'attention_head_size': 3, 'learning_rate': 0.002426294054805688}. Best is trial 0 with value: 179.31968688964844.
LOCAL_RANK: 0 - CUDA_VISIBLE_DEVICES: [0]
[I 2023-12-27 11:17:03,309] Trial 26 finished with value: 739.7655639648438 and parameters: {'gradient_clip_val': 0.1735008802993072, 'hidden_size': 19, 'dropout': 0.40168540943917236, 'hidden_continuous_size': 6, 'attention_head_size': 4, 'learning_rate': 0.005693072957870527}. Best is trial 0 with value: 179.31968688964844.
LOCAL_RANK: 0 - CUDA_VISIBLE_DEVICES: [0]
[I 2023-12-27 11:17:03,762] Trial 27 finished with value: 780.938232421875 and parameters: {'gradient_clip_val': 0.1618058273587834, 'hidden_size': 7, 'dropout': 0.45594462236028777, 'hidden_continuous_size': 5, 'attention_head_size': 4, 'learning_rate': 0.015524140992460541}. Best is trial 0 with value: 179.31968688964844.
LOCAL_RANK: 0 - CUDA_VISIBLE_DEVICES: [0]
[I 2023-12-27 11:17:04,213] Trial 28 finished with value: 471.2440490722656 and parameters: {'gradient_clip_val': 0.12128170193197485, 'hidden_size': 12, 'dropout': 0.3705144934724477, 'hidden_continuous_size': 6, 'attention_head_size': 3, 'learning_rate': 0.0039222438772056134}. Best is trial 0 with value: 179.31968688964844.
LOCAL_RANK: 0 - CUDA_VISIBLE_DEVICES: [0]
[I 2023-12-27 11:17:04,685] Trial 29 finished with value: 753.9835815429688 and parameters: {'gradient_clip_val': 0.12460506623864046, 'hidden_size': 17, 'dropout': 0.352234435431747, 'hidden_continuous_size': 7, 'attention_head_size': 4, 'learning_rate': 0.00859129677387998}. Best is trial 0 with value: 179.31968688964844.
LOCAL_RANK: 0 - CUDA_VISIBLE_DEVICES: [0]
[I 2023-12-27 11:17:05,175] Trial 30 finished with value: 510.6468811035156 and parameters: {'gradient_clip_val': 0.11716456752880146, 'hidden_size': 30, 'dropout': 0.2852047280093423, 'hidden_continuous_size': 13, 'attention_head_size': 2, 'learning_rate': 0.0018384511608151247}. Best is trial 0 with value: 179.31968688964844.
LOCAL_RANK: 0 - CUDA_VISIBLE_DEVICES: [0]
[I 2023-12-27 11:17:05,641] Trial 31 finished with value: 471.8334045410156 and parameters: {'gradient_clip_val': 0.15690558928243323, 'hidden_size': 11, 'dropout': 0.3748928334083159, 'hidden_continuous_size': 6, 'attention_head_size': 3, 'learning_rate': 0.0039263806101621284}. Best is trial 0 with value: 179.31968688964844.
LOCAL_RANK: 0 - CUDA_VISIBLE_DEVICES: [0]
[I 2023-12-27 11:17:06,086] Trial 32 finished with value: 711.34716796875 and parameters: {'gradient_clip_val': 0.13588815676792082, 'hidden_size': 12, 'dropout': 0.3673161327175971, 'hidden_continuous_size': 6, 'attention_head_size': 3, 'learning_rate': 0.00400365327352189}. Best is trial 0 with value: 179.31968688964844.
LOCAL_RANK: 0 - CUDA_VISIBLE_DEVICES: [0]
[I 2023-12-27 11:17:06,566] Trial 33 finished with value: 549.5281372070312 and parameters: {'gradient_clip_val': 0.15890375347068983, 'hidden_size': 34, 'dropout': 0.3306939703486098, 'hidden_continuous_size': 8, 'attention_head_size': 3, 'learning_rate': 0.003002556709069884}. Best is trial 0 with value: 179.31968688964844.
LOCAL_RANK: 0 - CUDA_VISIBLE_DEVICES: [0]
[I 2023-12-27 11:17:07,254] Trial 34 finished with value: 601.3729248046875 and parameters: {'gradient_clip_val': 0.11537909388990521, 'hidden_size': 17, 'dropout': 0.416476198029061, 'hidden_continuous_size': 8, 'attention_head_size': 1, 'learning_rate': 0.0016213772079889906}. Best is trial 0 with value: 179.31968688964844.
LOCAL_RANK: 0 - CUDA_VISIBLE_DEVICES: [0]
[I 2023-12-27 11:17:07,704] Trial 35 finished with value: 644.3872680664062 and parameters: {'gradient_clip_val': 0.21144408584259783, 'hidden_size': 12, 'dropout': 0.3640823027286473, 'hidden_continuous_size': 6, 'attention_head_size': 2, 'learning_rate': 0.0029948095566902726}. Best is trial 0 with value: 179.31968688964844.
LOCAL_RANK: 0 - CUDA_VISIBLE_DEVICES: [0]
[I 2023-12-27 11:17:08,177] Trial 36 finished with value: 574.9330444335938 and parameters: {'gradient_clip_val': 0.13731031060996832, 'hidden_size': 22, 'dropout': 0.33466546662678803, 'hidden_continuous_size': 7, 'attention_head_size': 4, 'learning_rate': 0.0021309794033807835}. Best is trial 0 with value: 179.31968688964844.
LOCAL_RANK: 0 - CUDA_VISIBLE_DEVICES: [0]
[I 2023-12-27 11:17:08,630] Trial 37 finished with value: 697.4993286132812 and parameters: {'gradient_clip_val': 0.1999957971595236, 'hidden_size': 34, 'dropout': 0.3052342365023466, 'hidden_continuous_size': 10, 'attention_head_size': 3, 'learning_rate': 0.0011284392758014428}. Best is trial 0 with value: 179.31968688964844.
LOCAL_RANK: 0 - CUDA_VISIBLE_DEVICES: [0]
[I 2023-12-27 11:17:09,115] Trial 38 finished with value: 618.8181762695312 and parameters: {'gradient_clip_val': 0.16681356735062916, 'hidden_size': 39, 'dropout': 0.4109990374426486, 'hidden_continuous_size': 13, 'attention_head_size': 2, 'learning_rate': 0.007079822633829448}. Best is trial 0 with value: 179.31968688964844.
LOCAL_RANK: 0 - CUDA_VISIBLE_DEVICES: [0]
[I 2023-12-27 11:17:09,569] Trial 39 finished with value: 646.656005859375 and parameters: {'gradient_clip_val': 0.12624315844722034, 'hidden_size': 8, 'dropout': 0.3691266908886897, 'hidden_continuous_size': 6, 'attention_head_size': 3, 'learning_rate': 0.0023399753485242505}. Best is trial 0 with value: 179.31968688964844.
LOCAL_RANK: 0 - CUDA_VISIBLE_DEVICES: [0]
[I 2023-12-27 11:17:10,038] Trial 40 finished with value: 568.26806640625 and parameters: {'gradient_clip_val': 0.28310196044818636, 'hidden_size': 15, 'dropout': 0.3272295210322115, 'hidden_continuous_size': 7, 'attention_head_size': 4, 'learning_rate': 0.0040435613428348085}. Best is trial 0 with value: 179.31968688964844.
LOCAL_RANK: 0 - CUDA_VISIBLE_DEVICES: [0]
[I 2023-12-27 11:17:10,501] Trial 41 finished with value: 753.30517578125 and parameters: {'gradient_clip_val': 0.15688986940252073, 'hidden_size': 11, 'dropout': 0.39318608436589, 'hidden_continuous_size': 6, 'attention_head_size': 3, 'learning_rate': 0.005298231962053114}. Best is trial 0 with value: 179.31968688964844.
LOCAL_RANK: 0 - CUDA_VISIBLE_DEVICES: [0]
[I 2023-12-27 11:17:10,954] Trial 42 finished with value: 586.5443725585938 and parameters: {'gradient_clip_val': 0.17583157152666354, 'hidden_size': 9, 'dropout': 0.3754453902230228, 'hidden_continuous_size': 6, 'attention_head_size': 3, 'learning_rate': 0.01008235898712074}. Best is trial 0 with value: 179.31968688964844.
LOCAL_RANK: 0 - CUDA_VISIBLE_DEVICES: [0]
[I 2023-12-27 11:17:11,395] Trial 43 finished with value: 841.75537109375 and parameters: {'gradient_clip_val': 0.19835343278193887, 'hidden_size': 6, 'dropout': 0.4038837294394517, 'hidden_continuous_size': 5, 'attention_head_size': 2, 'learning_rate': 0.006798501706568888}. Best is trial 0 with value: 179.31968688964844.
LOCAL_RANK: 0 - CUDA_VISIBLE_DEVICES: [0]
[I 2023-12-27 11:17:11,835] Trial 44 finished with value: 897.4039916992188 and parameters: {'gradient_clip_val': 0.15158127005715635, 'hidden_size': 10, 'dropout': 0.3557139746401391, 'hidden_continuous_size': 6, 'attention_head_size': 3, 'learning_rate': 0.004456314058778236}. Best is trial 0 with value: 179.31968688964844.
LOCAL_RANK: 0 - CUDA_VISIBLE_DEVICES: [0]
[I 2023-12-27 11:17:12,279] Trial 45 finished with value: 622.410400390625 and parameters: {'gradient_clip_val': 0.22132963702828265, 'hidden_size': 13, 'dropout': 0.4254498811280495, 'hidden_continuous_size': 7, 'attention_head_size': 3, 'learning_rate': 0.005808369770831031}. Best is trial 0 with value: 179.31968688964844.
LOCAL_RANK: 0 - CUDA_VISIBLE_DEVICES: [0]
[I 2023-12-27 11:17:12,730] Trial 46 finished with value: 720.9431762695312 and parameters: {'gradient_clip_val': 0.10777803424936455, 'hidden_size': 9, 'dropout': 0.3943365953773614, 'hidden_continuous_size': 5, 'attention_head_size': 4, 'learning_rate': 0.003112141925044597}. Best is trial 0 with value: 179.31968688964844.
LOCAL_RANK: 0 - CUDA_VISIBLE_DEVICES: [0]
[I 2023-12-27 11:17:13,420] Trial 47 finished with value: 672.9714965820312 and parameters: {'gradient_clip_val': 0.13164404915901334, 'hidden_size': 6, 'dropout': 0.376258128266734, 'hidden_continuous_size': 5, 'attention_head_size': 1, 'learning_rate': 0.007930794722824944}. Best is trial 0 with value: 179.31968688964844.
LOCAL_RANK: 0 - CUDA_VISIBLE_DEVICES: [0]
[I 2023-12-27 11:17:13,889] Trial 48 finished with value: 775.2515258789062 and parameters: {'gradient_clip_val': 0.1760485950894168, 'hidden_size': 15, 'dropout': 0.3435208130458374, 'hidden_continuous_size': 9, 'attention_head_size': 4, 'learning_rate': 0.011266716637157075}. Best is trial 0 with value: 179.31968688964844.
LOCAL_RANK: 0 - CUDA_VISIBLE_DEVICES: [0]
[I 2023-12-27 11:17:14,353] Trial 49 finished with value: 662.4312133789062 and parameters: {'gradient_clip_val': 0.10902874374561185, 'hidden_size': 11, 'dropout': 0.4221241884799793, 'hidden_continuous_size': 8, 'attention_head_size': 3, 'learning_rate': 0.0036296798149856027}. Best is trial 0 with value: 179.31968688964844.
[I 2023-12-27 11:17:14,482] A new study created in memory with name: no-name-4ff10755-90bc-4740-a6ba-4a11bfbde5eb
/home/le004/conda/anaconda3/envs/tsff_env/lib/python3.9/site-packages/lightning/fabric/plugins/environments/slurm.py:191: The `srun` command is available on your system but is not used. HINT: If your intention is to run Lightning on SLURM, prepend your python command with `srun` like so: srun python /home/le004/master_thesis/git/TSFusionForecast/code/ ...
LOCAL_RANK: 0 - CUDA_VISIBLE_DEVICES: [0]
[I 2023-12-27 11:17:45,182] Trial 0 finished with value: 65.2676010131836 and parameters: {'gradient_clip_val': 0.10784530501970589, 'hidden_size': 24, 'dropout': 0.4351668412392269, 'hidden_continuous_size': 9, 'attention_head_size': 4, 'learning_rate': 0.0009804055691073452}. Best is trial 0 with value: 65.2676010131836.
LOCAL_RANK: 0 - CUDA_VISIBLE_DEVICES: [0]
[I 2023-12-27 11:17:59,609] Trial 1 finished with value: 45.996829986572266 and parameters: {'gradient_clip_val': 0.3858207825493397, 'hidden_size': 53, 'dropout': 0.2566121601458283, 'hidden_continuous_size': 13, 'attention_head_size': 1, 'learning_rate': 0.04062960970511319}. Best is trial 1 with value: 45.996829986572266.
LOCAL_RANK: 0 - CUDA_VISIBLE_DEVICES: [0]
[I 2023-12-27 11:18:00,039] Trial 2 finished with value: 181.7444305419922 and parameters: {'gradient_clip_val': 0.8420343344440214, 'hidden_size': 49, 'dropout': 0.4385900420413017, 'hidden_continuous_size': 5, 'attention_head_size': 2, 'learning_rate': 0.006559723921672197}. Best is trial 1 with value: 45.996829986572266.
LOCAL_RANK: 0 - CUDA_VISIBLE_DEVICES: [0]
[I 2023-12-27 11:18:00,511] Trial 3 finished with value: 156.25698852539062 and parameters: {'gradient_clip_val': 0.16755461381612968, 'hidden_size': 42, 'dropout': 0.3003650216688897, 'hidden_continuous_size': 18, 'attention_head_size': 2, 'learning_rate': 0.0009148829977268775}. Best is trial 1 with value: 45.996829986572266.
LOCAL_RANK: 0 - CUDA_VISIBLE_DEVICES: [0]
[I 2023-12-27 11:18:00,941] Trial 4 finished with value: 147.10182189941406 and parameters: {'gradient_clip_val': 0.5750678181147887, 'hidden_size': 9, 'dropout': 0.42040529834465423, 'hidden_continuous_size': 8, 'attention_head_size': 3, 'learning_rate': 0.000795132641637897}. Best is trial 1 with value: 45.996829986572266.
LOCAL_RANK: 0 - CUDA_VISIBLE_DEVICES: [0]
[I 2023-12-27 11:18:01,360] Trial 5 finished with value: 148.5692596435547 and parameters: {'gradient_clip_val': 0.3100548316934386, 'hidden_size': 17, 'dropout': 0.23453108251953073, 'hidden_continuous_size': 12, 'attention_head_size': 1, 'learning_rate': 0.008651711909393968}. Best is trial 1 with value: 45.996829986572266.
LOCAL_RANK: 0 - CUDA_VISIBLE_DEVICES: [0]
[I 2023-12-27 11:18:01,850] Trial 6 finished with value: 207.454345703125 and parameters: {'gradient_clip_val': 0.774156620208838, 'hidden_size': 80, 'dropout': 0.39745849108961984, 'hidden_continuous_size': 72, 'attention_head_size': 2, 'learning_rate': 0.005194630141438041}. Best is trial 1 with value: 45.996829986572266.
LOCAL_RANK: 0 - CUDA_VISIBLE_DEVICES: [0]
[I 2023-12-27 11:18:02,632] Trial 7 finished with value: 124.08710479736328 and parameters: {'gradient_clip_val': 0.6021006017226752, 'hidden_size': 81, 'dropout': 0.49905735294237796, 'hidden_continuous_size': 10, 'attention_head_size': 3, 'learning_rate': 0.07775979588288355}. Best is trial 1 with value: 45.996829986572266.
LOCAL_RANK: 0 - CUDA_VISIBLE_DEVICES: [0]
[I 2023-12-27 11:18:03,184] Trial 8 finished with value: 138.79176330566406 and parameters: {'gradient_clip_val': 0.10964629776291719, 'hidden_size': 137, 'dropout': 0.40008060645923027, 'hidden_continuous_size': 122, 'attention_head_size': 4, 'learning_rate': 0.0073067366054353445}. Best is trial 1 with value: 45.996829986572266.
LOCAL_RANK: 0 - CUDA_VISIBLE_DEVICES: [0]
[I 2023-12-27 11:18:03,634] Trial 9 finished with value: 171.6168670654297 and parameters: {'gradient_clip_val': 0.6974838201479625, 'hidden_size': 25, 'dropout': 0.4573649792006381, 'hidden_continuous_size': 16, 'attention_head_size': 4, 'learning_rate': 0.0051860591118576774}. Best is trial 1 with value: 45.996829986572266.
LOCAL_RANK: 0 - CUDA_VISIBLE_DEVICES: [0]
[I 2023-12-27 11:18:04,052] Trial 10 finished with value: 183.46324157714844 and parameters: {'gradient_clip_val': 0.3646410598712697, 'hidden_size': 5, 'dropout': 0.100012607688477, 'hidden_continuous_size': 5, 'attention_head_size': 1, 'learning_rate': 0.09245928009204765}. Best is trial 1 with value: 45.996829986572266.
LOCAL_RANK: 0 - CUDA_VISIBLE_DEVICES: [0]
[I 2023-12-27 11:18:04,532] Trial 11 finished with value: 146.98812866210938 and parameters: {'gradient_clip_val': 0.2093457373348968, 'hidden_size': 19, 'dropout': 0.3174700448268589, 'hidden_continuous_size': 8, 'attention_head_size': 4, 'learning_rate': 0.02724595311758021}. Best is trial 1 with value: 45.996829986572266.
LOCAL_RANK: 0 - CUDA_VISIBLE_DEVICES: [0]
[I 2023-12-27 11:18:05,045] Trial 12 finished with value: 190.62200927734375 and parameters: {'gradient_clip_val': 0.10154120891475021, 'hidden_size': 37, 'dropout': 0.24898381049518067, 'hidden_continuous_size': 17, 'attention_head_size': 3, 'learning_rate': 0.0017017267313462119}. Best is trial 1 with value: 45.996829986572266.
LOCAL_RANK: 0 - CUDA_VISIBLE_DEVICES: [0]
[I 2023-12-27 11:18:05,528] Trial 13 finished with value: 175.00830078125 and parameters: {'gradient_clip_val': 0.3921265345036299, 'hidden_size': 16, 'dropout': 0.3548513438365682, 'hidden_continuous_size': 7, 'attention_head_size': 1, 'learning_rate': 0.0005249829289255813}. Best is trial 1 with value: 45.996829986572266.
LOCAL_RANK: 0 - CUDA_VISIBLE_DEVICES: [0]
[I 2023-12-27 11:18:06,030] Trial 14 finished with value: 177.3734588623047 and parameters: {'gradient_clip_val': 0.23768414649988726, 'hidden_size': 28, 'dropout': 0.3540276741679549, 'hidden_continuous_size': 12, 'attention_head_size': 2, 'learning_rate': 0.0018779948880372581}. Best is trial 1 with value: 45.996829986572266.
LOCAL_RANK: 0 - CUDA_VISIBLE_DEVICES: [0]
[I 2023-12-27 11:18:06,549] Trial 15 finished with value: 137.48963928222656 and parameters: {'gradient_clip_val': 0.1413178570075781, 'hidden_size': 59, 'dropout': 0.24479407921187926, 'hidden_continuous_size': 25, 'attention_head_size': 3, 'learning_rate': 0.020598721828726994}. Best is trial 1 with value: 45.996829986572266.
LOCAL_RANK: 0 - CUDA_VISIBLE_DEVICES: [0]
[I 2023-12-27 11:18:07,014] Trial 16 finished with value: 135.4708709716797 and parameters: {'gradient_clip_val': 0.4530740890685309, 'hidden_size': 30, 'dropout': 0.18448060687535983, 'hidden_continuous_size': 10, 'attention_head_size': 1, 'learning_rate': 0.0019746840470368666}. Best is trial 1 with value: 45.996829986572266.
LOCAL_RANK: 0 - CUDA_VISIBLE_DEVICES: [0]
[I 2023-12-27 11:18:07,479] Trial 17 finished with value: 138.04627990722656 and parameters: {'gradient_clip_val': 0.2649917493859605, 'hidden_size': 11, 'dropout': 0.4983321470709232, 'hidden_continuous_size': 6, 'attention_head_size': 4, 'learning_rate': 0.04092692955565224}. Best is trial 1 with value: 45.996829986572266.
LOCAL_RANK: 0 - CUDA_VISIBLE_DEVICES: [0]
[I 2023-12-27 11:18:07,998] Trial 18 finished with value: 171.2404327392578 and parameters: {'gradient_clip_val': 0.18724802682523695, 'hidden_size': 66, 'dropout': 0.35445899487799576, 'hidden_continuous_size': 25, 'attention_head_size': 3, 'learning_rate': 0.01251812754923895}. Best is trial 1 with value: 45.996829986572266.
LOCAL_RANK: 0 - CUDA_VISIBLE_DEVICES: [0]
[I 2023-12-27 11:18:08,473] Trial 19 finished with value: 151.40174865722656 and parameters: {'gradient_clip_val': 0.2865782846549814, 'hidden_size': 37, 'dropout': 0.2811907570079133, 'hidden_continuous_size': 9, 'attention_head_size': 2, 'learning_rate': 0.0032686823594291984}. Best is trial 1 with value: 45.996829986572266.
LOCAL_RANK: 0 - CUDA_VISIBLE_DEVICES: [0]
