[I 2023-12-27 11:05:30,155] Trial 48 finished with value: 517.6183471679688 and parameters: {'gradient_clip_val': 0.25178662482537717, 'hidden_size': 8, 'dropout': 0.3805253745071454, 'hidden_continuous_size': 7, 'attention_head_size': 4, 'learning_rate': 0.006748299838876779}. Best is trial 45 with value: 460.1884765625.
[I 2023-12-27 11:05:30,546] Trial 49 finished with value: 478.16748046875 and parameters: {'gradient_clip_val': 0.19738835731528667, 'hidden_size': 11, 'dropout': 0.37824086421131453, 'hidden_continuous_size': 7, 'attention_head_size': 4, 'learning_rate': 0.007780187918972657}. Best is trial 45 with value: 460.1884765625.
[I 2023-12-27 11:05:30,665] A new study created in memory with name: no-name-ad85abf4-6e4c-442b-aa57-6980027a2e89
/home/le004/conda/anaconda3/envs/tsff_env/lib/python3.9/site-packages/lightning/fabric/plugins/environments/slurm.py:191: The `srun` command is available on your system but is not used. HINT: If your intention is to run Lightning on SLURM, prepend your python command with `srun` like so: srun python /home/le004/master_thesis/git/TSFusionForecast/code/ ...
[I 2023-12-27 11:06:01,645] Trial 0 finished with value: 72.18587493896484 and parameters: {'gradient_clip_val': 0.39425070624189856, 'hidden_size': 8, 'dropout': 0.4232556283185561, 'hidden_continuous_size': 7, 'attention_head_size': 4, 'learning_rate': 0.02602526814477509}. Best is trial 0 with value: 72.18587493896484.
[I 2023-12-27 11:06:07,097] Trial 1 finished with value: 394.0072326660156 and parameters: {'gradient_clip_val': 0.2683263027214446, 'hidden_size': 9, 'dropout': 0.11490666720036136, 'hidden_continuous_size': 7, 'attention_head_size': 4, 'learning_rate': 0.0019271663150398613}. Best is trial 0 with value: 72.18587493896484.
[I 2023-12-27 11:06:07,505] Trial 2 finished with value: 421.8424072265625 and parameters: {'gradient_clip_val': 0.3907387656447179, 'hidden_size': 66, 'dropout': 0.2529566246435906, 'hidden_continuous_size': 26, 'attention_head_size': 2, 'learning_rate': 0.028678311601008685}. Best is trial 0 with value: 72.18587493896484.
[I 2023-12-27 11:06:07,909] Trial 3 finished with value: 315.67236328125 and parameters: {'gradient_clip_val': 0.6339608316630123, 'hidden_size': 63, 'dropout': 0.11230144254945783, 'hidden_continuous_size': 7, 'attention_head_size': 1, 'learning_rate': 0.03208517586696662}. Best is trial 0 with value: 72.18587493896484.
[I 2023-12-27 11:06:08,225] Trial 4 finished with value: 368.2425231933594 and parameters: {'gradient_clip_val': 0.37614407374682074, 'hidden_size': 8, 'dropout': 0.38851637841068665, 'hidden_continuous_size': 8, 'attention_head_size': 3, 'learning_rate': 0.07599248856924531}. Best is trial 0 with value: 72.18587493896484.
[I 2023-12-27 11:06:08,683] Trial 5 finished with value: 277.03948974609375 and parameters: {'gradient_clip_val': 0.19152884713753454, 'hidden_size': 83, 'dropout': 0.35392889647148684, 'hidden_continuous_size': 35, 'attention_head_size': 1, 'learning_rate': 0.0009214024498555394}. Best is trial 0 with value: 72.18587493896484.
[I 2023-12-27 11:06:09,093] Trial 6 finished with value: 369.1444396972656 and parameters: {'gradient_clip_val': 0.2287840586649872, 'hidden_size': 55, 'dropout': 0.21248206611010667, 'hidden_continuous_size': 26, 'attention_head_size': 4, 'learning_rate': 0.033864678921512154}. Best is trial 0 with value: 72.18587493896484.
[I 2023-12-27 11:06:09,411] Trial 7 finished with value: 360.2515563964844 and parameters: {'gradient_clip_val': 0.15847518938816707, 'hidden_size': 5, 'dropout': 0.2549851984975635, 'hidden_continuous_size': 5, 'attention_head_size': 2, 'learning_rate': 0.039335293968794545}. Best is trial 0 with value: 72.18587493896484.
[I 2023-12-27 11:06:09,914] Trial 8 finished with value: 309.3871765136719 and parameters: {'gradient_clip_val': 0.21284041151521185, 'hidden_size': 123, 'dropout': 0.195255499116786, 'hidden_continuous_size': 6, 'attention_head_size': 4, 'learning_rate': 0.002562706098088937}. Best is trial 0 with value: 72.18587493896484.
[I 2023-12-27 11:06:10,318] Trial 9 finished with value: 438.3066711425781 and parameters: {'gradient_clip_val': 0.7440664577743981, 'hidden_size': 52, 'dropout': 0.2069680897011692, 'hidden_continuous_size': 11, 'attention_head_size': 3, 'learning_rate': 0.003943038350542256}. Best is trial 0 with value: 72.18587493896484.
[I 2023-12-27 11:06:10,696] Trial 10 finished with value: 311.2142639160156 and parameters: {'gradient_clip_val': 0.10496549192637214, 'hidden_size': 20, 'dropout': 0.4574161513221041, 'hidden_continuous_size': 10, 'attention_head_size': 3, 'learning_rate': 0.009248385485276789}. Best is trial 0 with value: 72.18587493896484.
[I 2023-12-27 11:06:11,313] Trial 11 finished with value: 296.2118225097656 and parameters: {'gradient_clip_val': 0.44381570985111507, 'hidden_size': 22, 'dropout': 0.36690183953765493, 'hidden_continuous_size': 18, 'attention_head_size': 1, 'learning_rate': 0.000803948135906135}. Best is trial 0 with value: 72.18587493896484.
[I 2023-12-27 11:06:11,715] Trial 12 finished with value: 306.5505676269531 and parameters: {'gradient_clip_val': 0.5251605298982219, 'hidden_size': 14, 'dropout': 0.49903346058530174, 'hidden_continuous_size': 5, 'attention_head_size': 2, 'learning_rate': 0.0007078037407814528}. Best is trial 0 with value: 72.18587493896484.
[I 2023-12-27 11:06:12,099] Trial 13 finished with value: 225.05104064941406 and parameters: {'gradient_clip_val': 0.946152785978471, 'hidden_size': 32, 'dropout': 0.3583149254401972, 'hidden_continuous_size': 15, 'attention_head_size': 1, 'learning_rate': 0.009840490751249683}. Best is trial 0 with value: 72.18587493896484.
[I 2023-12-27 11:06:12,488] Trial 14 finished with value: 298.5213928222656 and parameters: {'gradient_clip_val': 0.991185044337411, 'hidden_size': 32, 'dropout': 0.4242717971778712, 'hidden_continuous_size': 14, 'attention_head_size': 3, 'learning_rate': 0.011463919774493249}. Best is trial 0 with value: 72.18587493896484.
[I 2023-12-27 11:06:12,871] Trial 15 finished with value: 218.41473388671875 and parameters: {'gradient_clip_val': 0.3111694952589796, 'hidden_size': 33, 'dropout': 0.32309161911974194, 'hidden_continuous_size': 14, 'attention_head_size': 2, 'learning_rate': 0.0115899193201596}. Best is trial 0 with value: 72.18587493896484.
[I 2023-12-27 11:06:13,244] Trial 16 finished with value: 331.33154296875 and parameters: {'gradient_clip_val': 0.31519071829497797, 'hidden_size': 14, 'dropout': 0.3145243949321533, 'hidden_continuous_size': 6, 'attention_head_size': 2, 'learning_rate': 0.018159535708385834}. Best is trial 0 with value: 72.18587493896484.
[I 2023-12-27 11:06:13,589] Trial 17 finished with value: 361.3561096191406 and parameters: {'gradient_clip_val': 0.3094244699013735, 'hidden_size': 5, 'dropout': 0.4181049190097115, 'hidden_continuous_size': 5, 'attention_head_size': 4, 'learning_rate': 0.0052821598755196835}. Best is trial 0 with value: 72.18587493896484.
[I 2023-12-27 11:06:13,996] Trial 18 finished with value: 292.1718444824219 and parameters: {'gradient_clip_val': 0.49208245931444683, 'hidden_size': 37, 'dropout': 0.3344642839913598, 'hidden_continuous_size': 10, 'attention_head_size': 3, 'learning_rate': 0.01539394769002089}. Best is trial 0 with value: 72.18587493896484.
[I 2023-12-27 11:06:14,376] Trial 19 finished with value: 309.6391906738281 and parameters: {'gradient_clip_val': 0.36696190529750544, 'hidden_size': 17, 'dropout': 0.2974422028764835, 'hidden_continuous_size': 8, 'attention_head_size': 2, 'learning_rate': 0.0063017459019161694}. Best is trial 0 with value: 72.18587493896484.
[I 2023-12-27 11:06:14,773] Trial 20 finished with value: 278.3099670410156 and parameters: {'gradient_clip_val': 0.26613106804159364, 'hidden_size': 28, 'dropout': 0.40214232660912425, 'hidden_continuous_size': 13, 'attention_head_size': 4, 'learning_rate': 0.07368920566179432}. Best is trial 0 with value: 72.18587493896484.
[I 2023-12-27 11:06:15,148] Trial 21 finished with value: 399.2525329589844 and parameters: {'gradient_clip_val': 0.6105441999517, 'hidden_size': 32, 'dropout': 0.3663005163080882, 'hidden_continuous_size': 15, 'attention_head_size': 1, 'learning_rate': 0.010884145059702149}. Best is trial 0 with value: 72.18587493896484.
[I 2023-12-27 11:06:15,544] Trial 22 finished with value: 270.3805236816406 and parameters: {'gradient_clip_val': 0.693946094833076, 'hidden_size': 39, 'dropout': 0.4406248664108512, 'hidden_continuous_size': 17, 'attention_head_size': 1, 'learning_rate': 0.018325250665882795}. Best is trial 0 with value: 72.18587493896484.
[I 2023-12-27 11:06:15,917] Trial 23 finished with value: 498.5111389160156 and parameters: {'gradient_clip_val': 0.8571413344321483, 'hidden_size': 24, 'dropout': 0.3880453394484269, 'hidden_continuous_size': 12, 'attention_head_size': 2, 'learning_rate': 0.009512766408076419}. Best is trial 0 with value: 72.18587493896484.
[I 2023-12-27 11:06:16,534] Trial 24 finished with value: 262.3511047363281 and parameters: {'gradient_clip_val': 0.5568764622515836, 'hidden_size': 39, 'dropout': 0.33659775004762266, 'hidden_continuous_size': 18, 'attention_head_size': 1, 'learning_rate': 0.0067852075511955915}. Best is trial 0 with value: 72.18587493896484.
[I 2023-12-27 11:06:16,930] Trial 25 finished with value: 481.9845886230469 and parameters: {'gradient_clip_val': 0.9719034826388815, 'hidden_size': 26, 'dropout': 0.46491181613017785, 'hidden_continuous_size': 10, 'attention_head_size': 2, 'learning_rate': 0.01949676351768519}. Best is trial 0 with value: 72.18587493896484.
[I 2023-12-27 11:06:17,318] Trial 26 finished with value: 340.5648498535156 and parameters: {'gradient_clip_val': 0.4375248423197703, 'hidden_size': 17, 'dropout': 0.38352478256103906, 'hidden_continuous_size': 9, 'attention_head_size': 3, 'learning_rate': 0.05033158231963099}. Best is trial 0 with value: 72.18587493896484.
[I 2023-12-27 11:06:17,744] Trial 27 finished with value: 422.7145690917969 and parameters: {'gradient_clip_val': 0.5492862551234836, 'hidden_size': 47, 'dropout': 0.4172482918941895, 'hidden_continuous_size': 12, 'attention_head_size': 1, 'learning_rate': 0.024608803854101715}. Best is trial 0 with value: 72.18587493896484.
[I 2023-12-27 11:06:18,119] Trial 28 finished with value: 304.7646789550781 and parameters: {'gradient_clip_val': 0.6953400279428024, 'hidden_size': 11, 'dropout': 0.31017279857871966, 'hidden_continuous_size': 6, 'attention_head_size': 2, 'learning_rate': 0.013575548600286957}. Best is trial 0 with value: 72.18587493896484.
[I 2023-12-27 11:06:18,496] Trial 29 finished with value: 305.407958984375 and parameters: {'gradient_clip_val': 0.8083160887975801, 'hidden_size': 8, 'dropout': 0.3469356572444247, 'hidden_continuous_size': 5, 'attention_head_size': 4, 'learning_rate': 0.003911877115917662}. Best is trial 0 with value: 72.18587493896484.
[I 2023-12-27 11:06:18,902] Trial 30 finished with value: 462.5586853027344 and parameters: {'gradient_clip_val': 0.4585756967909391, 'hidden_size': 29, 'dropout': 0.3689311627542616, 'hidden_continuous_size': 15, 'attention_head_size': 1, 'learning_rate': 0.022779737864672828}. Best is trial 0 with value: 72.18587493896484.
[I 2023-12-27 11:06:19,310] Trial 31 finished with value: 409.7151794433594 and parameters: {'gradient_clip_val': 0.6002162945820787, 'hidden_size': 41, 'dropout': 0.32380268302138093, 'hidden_continuous_size': 18, 'attention_head_size': 1, 'learning_rate': 0.0074372312696371675}. Best is trial 0 with value: 72.18587493896484.
[I 2023-12-27 11:06:19,709] Trial 32 finished with value: 289.4488830566406 and parameters: {'gradient_clip_val': 0.5328113954560945, 'hidden_size': 36, 'dropout': 0.2950230844020309, 'hidden_continuous_size': 20, 'attention_head_size': 1, 'learning_rate': 0.014668533305267203}. Best is trial 0 with value: 72.18587493896484.
[I 2023-12-27 11:06:20,122] Trial 33 finished with value: 259.48095703125 and parameters: {'gradient_clip_val': 0.37323328232871955, 'hidden_size': 44, 'dropout': 0.3394127336808964, 'hidden_continuous_size': 21, 'attention_head_size': 1, 'learning_rate': 0.007895912897581514}. Best is trial 0 with value: 72.18587493896484.
[I 2023-12-27 11:06:20,511] Trial 34 finished with value: 302.2386779785156 and parameters: {'gradient_clip_val': 0.36424936605821234, 'hidden_size': 26, 'dropout': 0.3529744731038687, 'hidden_continuous_size': 13, 'attention_head_size': 2, 'learning_rate': 0.025202369620001802}. Best is trial 0 with value: 72.18587493896484.
[I 2023-12-27 11:06:20,906] Trial 35 finished with value: 413.1370849609375 and parameters: {'gradient_clip_val': 0.33302119955159987, 'hidden_size': 48, 'dropout': 0.39681828644002487, 'hidden_continuous_size': 22, 'attention_head_size': 1, 'learning_rate': 0.012411566351471788}. Best is trial 0 with value: 72.18587493896484.
[I 2023-12-27 11:06:21,331] Trial 36 finished with value: 329.1884460449219 and parameters: {'gradient_clip_val': 0.42176626218185453, 'hidden_size': 64, 'dropout': 0.29198920060887384, 'hidden_continuous_size': 29, 'attention_head_size': 2, 'learning_rate': 0.030328633674073333}. Best is trial 0 with value: 72.18587493896484.
[I 2023-12-27 11:06:21,793] Trial 37 finished with value: 366.5033874511719 and parameters: {'gradient_clip_val': 0.3922933123628466, 'hidden_size': 80, 'dropout': 0.27686243484910916, 'hidden_continuous_size': 47, 'attention_head_size': 1, 'learning_rate': 0.009406825916292036}. Best is trial 0 with value: 72.18587493896484.
[I 2023-12-27 11:06:22,421] Trial 38 finished with value: 419.2300109863281 and parameters: {'gradient_clip_val': 0.274976936354702, 'hidden_size': 21, 'dropout': 0.32113130381787214, 'hidden_continuous_size': 15, 'attention_head_size': 3, 'learning_rate': 0.007941321702458756}. Best is trial 0 with value: 72.18587493896484.
[I 2023-12-27 11:06:22,851] Trial 39 finished with value: 262.5408630371094 and parameters: {'gradient_clip_val': 0.49202025939734406, 'hidden_size': 57, 'dropout': 0.3438833512218296, 'hidden_continuous_size': 8, 'attention_head_size': 2, 'learning_rate': 0.0399630163690426}. Best is trial 0 with value: 72.18587493896484.
[I 2023-12-27 11:06:23,286] Trial 40 finished with value: 285.239013671875 and parameters: {'gradient_clip_val': 0.4088948260132011, 'hidden_size': 45, 'dropout': 0.3767144804959551, 'hidden_continuous_size': 24, 'attention_head_size': 1, 'learning_rate': 0.0048166669885030475}. Best is trial 0 with value: 72.18587493896484.
[I 2023-12-27 11:06:23,687] Trial 41 finished with value: 356.3067932128906 and parameters: {'gradient_clip_val': 0.5828543868597483, 'hidden_size': 35, 'dropout': 0.35043202105016896, 'hidden_continuous_size': 17, 'attention_head_size': 1, 'learning_rate': 0.006950103755695306}. Best is trial 0 with value: 72.18587493896484.
[I 2023-12-27 11:06:24,095] Trial 42 finished with value: 263.48419189453125 and parameters: {'gradient_clip_val': 0.6608206444864773, 'hidden_size': 43, 'dropout': 0.336996778409603, 'hidden_continuous_size': 21, 'attention_head_size': 1, 'learning_rate': 0.013033377618567496}. Best is trial 0 with value: 72.18587493896484.
[I 2023-12-27 11:06:24,518] Trial 43 finished with value: 305.95050048828125 and parameters: {'gradient_clip_val': 0.4711391020315389, 'hidden_size': 30, 'dropout': 0.3251593909178982, 'hidden_continuous_size': 16, 'attention_head_size': 1, 'learning_rate': 0.0029337154861648054}. Best is trial 0 with value: 72.18587493896484.
[I 2023-12-27 11:06:24,960] Trial 44 finished with value: 326.3046569824219 and parameters: {'gradient_clip_val': 0.3482046742246525, 'hidden_size': 55, 'dropout': 0.2690742599091789, 'hidden_continuous_size': 19, 'attention_head_size': 1, 'learning_rate': 0.005850262159295911}. Best is trial 0 with value: 72.18587493896484.
[I 2023-12-27 11:06:25,360] Trial 45 finished with value: 353.9852600097656 and parameters: {'gradient_clip_val': 0.3965593327679744, 'hidden_size': 34, 'dropout': 0.36971152297866045, 'hidden_continuous_size': 14, 'attention_head_size': 4, 'learning_rate': 0.008668598120068245}. Best is trial 0 with value: 72.18587493896484.
[I 2023-12-27 11:06:25,738] Trial 46 finished with value: 345.8460388183594 and parameters: {'gradient_clip_val': 0.2874208475932264, 'hidden_size': 24, 'dropout': 0.2458211299887187, 'hidden_continuous_size': 16, 'attention_head_size': 1, 'learning_rate': 0.006940682798189933}. Best is trial 0 with value: 72.18587493896484.
[I 2023-12-27 11:06:26,165] Trial 47 finished with value: 495.871337890625 and parameters: {'gradient_clip_val': 0.7680668538769336, 'hidden_size': 42, 'dropout': 0.4019202902284934, 'hidden_continuous_size': 19, 'attention_head_size': 2, 'learning_rate': 0.010562292419105923}. Best is trial 0 with value: 72.18587493896484.
[I 2023-12-27 11:06:26,607] Trial 48 finished with value: 357.566162109375 and parameters: {'gradient_clip_val': 0.3400898472795947, 'hidden_size': 72, 'dropout': 0.36171130976437305, 'hidden_continuous_size': 28, 'attention_head_size': 3, 'learning_rate': 0.01704256842951855}. Best is trial 0 with value: 72.18587493896484.
[I 2023-12-27 11:06:27,039] Trial 49 finished with value: 374.6038818359375 and parameters: {'gradient_clip_val': 0.24869011210071815, 'hidden_size': 51, 'dropout': 0.33659616686074423, 'hidden_continuous_size': 22, 'attention_head_size': 1, 'learning_rate': 0.004646825594668064}. Best is trial 0 with value: 72.18587493896484.
[I 2023-12-27 11:06:27,154] A new study created in memory with name: no-name-cbbaf21e-7a70-40fe-ac26-157c991dcfd6
/home/le004/conda/anaconda3/envs/tsff_env/lib/python3.9/site-packages/lightning/fabric/plugins/environments/slurm.py:191: The `srun` command is available on your system but is not used. HINT: If your intention is to run Lightning on SLURM, prepend your python command with `srun` like so: srun python /home/le004/master_thesis/git/TSFusionForecast/code/ ...
[I 2023-12-27 11:07:03,585] Trial 0 finished with value: 79.2036361694336 and parameters: {'gradient_clip_val': 0.11834280956251994, 'hidden_size': 147, 'dropout': 0.16169604531060255, 'hidden_continuous_size': 21, 'attention_head_size': 3, 'learning_rate': 0.02853556111646034}. Best is trial 0 with value: 79.2036361694336.
[I 2023-12-27 11:07:03,979] Trial 1 finished with value: 477.3711242675781 and parameters: {'gradient_clip_val': 0.4784182509489507, 'hidden_size': 44, 'dropout': 0.40940039880951107, 'hidden_continuous_size': 10, 'attention_head_size': 4, 'learning_rate': 0.004186615063885557}. Best is trial 0 with value: 79.2036361694336.
[I 2023-12-27 11:07:04,399] Trial 2 finished with value: 403.393310546875 and parameters: {'gradient_clip_val': 0.5196005916737276, 'hidden_size': 66, 'dropout': 0.31203993976211464, 'hidden_continuous_size': 31, 'attention_head_size': 4, 'learning_rate': 0.0029219040679041575}. Best is trial 0 with value: 79.2036361694336.
[I 2023-12-27 11:07:04,724] Trial 3 finished with value: 498.1883850097656 and parameters: {'gradient_clip_val': 0.21693940632500053, 'hidden_size': 7, 'dropout': 0.48867776097833115, 'hidden_continuous_size': 7, 'attention_head_size': 4, 'learning_rate': 0.026580193155452035}. Best is trial 0 with value: 79.2036361694336.
[I 2023-12-27 11:07:05,041] Trial 4 finished with value: 542.8720092773438 and parameters: {'gradient_clip_val': 0.20507219535560958, 'hidden_size': 9, 'dropout': 0.3549931881996876, 'hidden_continuous_size': 9, 'attention_head_size': 1, 'learning_rate': 0.020642731016115634}. Best is trial 0 with value: 79.2036361694336.
[I 2023-12-27 11:07:05,362] Trial 5 finished with value: 465.8189392089844 and parameters: {'gradient_clip_val': 0.16247182006877595, 'hidden_size': 5, 'dropout': 0.3324414812459979, 'hidden_continuous_size': 5, 'attention_head_size': 3, 'learning_rate': 0.014690159672580198}. Best is trial 0 with value: 79.2036361694336.
[I 2023-12-27 11:07:05,728] Trial 6 finished with value: 416.323486328125 and parameters: {'gradient_clip_val': 0.12082497824002134, 'hidden_size': 36, 'dropout': 0.2069854169620589, 'hidden_continuous_size': 13, 'attention_head_size': 1, 'learning_rate': 0.0012851467357708622}. Best is trial 0 with value: 79.2036361694336.
[I 2023-12-27 11:07:06,046] Trial 7 finished with value: 578.9823608398438 and parameters: {'gradient_clip_val': 0.30576601110017004, 'hidden_size': 6, 'dropout': 0.11611857011967004, 'hidden_continuous_size': 6, 'attention_head_size': 4, 'learning_rate': 0.005429265156574062}. Best is trial 0 with value: 79.2036361694336.
[I 2023-12-27 11:07:06,386] Trial 8 finished with value: 593.9080810546875 and parameters: {'gradient_clip_val': 0.6398278305292223, 'hidden_size': 7, 'dropout': 0.30183601865633763, 'hidden_continuous_size': 5, 'attention_head_size': 1, 'learning_rate': 0.0012630163697123626}. Best is trial 0 with value: 79.2036361694336.
[I 2023-12-27 11:07:06,739] Trial 9 finished with value: 529.5411376953125 and parameters: {'gradient_clip_val': 0.5313751012276223, 'hidden_size': 7, 'dropout': 0.13442333107326576, 'hidden_continuous_size': 6, 'attention_head_size': 2, 'learning_rate': 0.0007416757641915494}. Best is trial 0 with value: 79.2036361694336.
[I 2023-12-27 11:07:07,358] Trial 10 finished with value: 586.3679809570312 and parameters: {'gradient_clip_val': 0.10087898496041069, 'hidden_size': 145, 'dropout': 0.22078665271641407, 'hidden_continuous_size': 78, 'attention_head_size': 3, 'learning_rate': 0.09651244387388583}. Best is trial 0 with value: 79.2036361694336.
[I 2023-12-27 11:07:07,915] Trial 11 finished with value: 656.38525390625 and parameters: {'gradient_clip_val': 0.9824616710682638, 'hidden_size': 134, 'dropout': 0.2308703560113463, 'hidden_continuous_size': 29, 'attention_head_size': 3, 'learning_rate': 0.003031833032540256}. Best is trial 0 with value: 79.2036361694336.
