[I 2023-12-27 11:25:36,484] Trial 42 finished with value: 3477.50390625 and parameters: {'gradient_clip_val': 0.7052730879833969, 'hidden_size': 38, 'dropout': 0.4195678599825276, 'hidden_continuous_size': 10, 'attention_head_size': 1, 'learning_rate': 0.034824450575159406}. Best is trial 0 with value: 2067.560302734375.
LOCAL_RANK: 0 - CUDA_VISIBLE_DEVICES: [0]
[I 2023-12-27 11:25:36,960] Trial 43 finished with value: 3627.453125 and parameters: {'gradient_clip_val': 0.9140184922453906, 'hidden_size': 49, 'dropout': 0.39555908433072184, 'hidden_continuous_size': 13, 'attention_head_size': 1, 'learning_rate': 0.0554132377408728}. Best is trial 0 with value: 2067.560302734375.
LOCAL_RANK: 0 - CUDA_VISIBLE_DEVICES: [0]
[I 2023-12-27 11:25:37,438] Trial 44 finished with value: 4182.34619140625 and parameters: {'gradient_clip_val': 0.8014193147420403, 'hidden_size': 62, 'dropout': 0.4326839275159207, 'hidden_continuous_size': 16, 'attention_head_size': 1, 'learning_rate': 0.0458338889379469}. Best is trial 0 with value: 2067.560302734375.
LOCAL_RANK: 0 - CUDA_VISIBLE_DEVICES: [0]
[I 2023-12-27 11:25:37,957] Trial 45 finished with value: 3212.4111328125 and parameters: {'gradient_clip_val': 0.9779665498937407, 'hidden_size': 33, 'dropout': 0.4639916464536498, 'hidden_continuous_size': 9, 'attention_head_size': 2, 'learning_rate': 0.026704029448080504}. Best is trial 0 with value: 2067.560302734375.
LOCAL_RANK: 0 - CUDA_VISIBLE_DEVICES: [0]
[I 2023-12-27 11:25:38,403] Trial 46 finished with value: 3415.713623046875 and parameters: {'gradient_clip_val': 0.9980923509697696, 'hidden_size': 33, 'dropout': 0.4907454575474138, 'hidden_continuous_size': 9, 'attention_head_size': 2, 'learning_rate': 0.023412490855318886}. Best is trial 0 with value: 2067.560302734375.
LOCAL_RANK: 0 - CUDA_VISIBLE_DEVICES: [0]
[I 2023-12-27 11:25:38,882] Trial 47 finished with value: 3794.141357421875 and parameters: {'gradient_clip_val': 0.6931338675347318, 'hidden_size': 20, 'dropout': 0.47289417476054096, 'hidden_continuous_size': 6, 'attention_head_size': 2, 'learning_rate': 0.02763255844369991}. Best is trial 0 with value: 2067.560302734375.
LOCAL_RANK: 0 - CUDA_VISIBLE_DEVICES: [0]
[I 2023-12-27 11:25:39,325] Trial 48 finished with value: 3671.3623046875 and parameters: {'gradient_clip_val': 0.9085041349629528, 'hidden_size': 28, 'dropout': 0.28046977599136363, 'hidden_continuous_size': 12, 'attention_head_size': 2, 'learning_rate': 0.01934971022005561}. Best is trial 0 with value: 2067.560302734375.
LOCAL_RANK: 0 - CUDA_VISIBLE_DEVICES: [0]
[I 2023-12-27 11:25:39,810] Trial 49 finished with value: 2942.0830078125 and parameters: {'gradient_clip_val': 0.8458761964727277, 'hidden_size': 40, 'dropout': 0.45999266571390396, 'hidden_continuous_size': 7, 'attention_head_size': 3, 'learning_rate': 0.012573279253717798}. Best is trial 0 with value: 2067.560302734375.
[I 2023-12-27 11:25:39,936] A new study created in memory with name: no-name-80588968-4b8c-4b2a-912c-f0af4740a765
/home/le004/conda/anaconda3/envs/tsff_env/lib/python3.9/site-packages/lightning/fabric/plugins/environments/slurm.py:191: The `srun` command is available on your system but is not used. HINT: If your intention is to run Lightning on SLURM, prepend your python command with `srun` like so: srun python /home/le004/master_thesis/git/TSFusionForecast/code/ ...
LOCAL_RANK: 0 - CUDA_VISIBLE_DEVICES: [0]
[I 2023-12-27 11:26:07,373] Trial 0 finished with value: 126.3399429321289 and parameters: {'gradient_clip_val': 0.35894102833956826, 'hidden_size': 57, 'dropout': 0.14370759290946922, 'hidden_continuous_size': 23, 'attention_head_size': 3, 'learning_rate': 0.0016692696555554677}. Best is trial 0 with value: 126.3399429321289.
LOCAL_RANK: 0 - CUDA_VISIBLE_DEVICES: [0]
[I 2023-12-27 11:26:07,838] Trial 1 finished with value: 494.5057067871094 and parameters: {'gradient_clip_val': 0.6041289900838979, 'hidden_size': 7, 'dropout': 0.19990759656393525, 'hidden_continuous_size': 5, 'attention_head_size': 4, 'learning_rate': 0.000607382823409991}. Best is trial 0 with value: 126.3399429321289.
LOCAL_RANK: 0 - CUDA_VISIBLE_DEVICES: [0]
[I 2023-12-27 11:26:08,283] Trial 2 finished with value: 581.1881713867188 and parameters: {'gradient_clip_val': 0.8227023833630214, 'hidden_size': 59, 'dropout': 0.30253151172000503, 'hidden_continuous_size': 7, 'attention_head_size': 2, 'learning_rate': 0.022650643079848553}. Best is trial 0 with value: 126.3399429321289.
LOCAL_RANK: 0 - CUDA_VISIBLE_DEVICES: [0]
[I 2023-12-27 11:26:08,731] Trial 3 finished with value: 422.0582580566406 and parameters: {'gradient_clip_val': 0.2025083102951739, 'hidden_size': 73, 'dropout': 0.12167356157654914, 'hidden_continuous_size': 12, 'attention_head_size': 3, 'learning_rate': 0.0009681167168904404}. Best is trial 0 with value: 126.3399429321289.
LOCAL_RANK: 0 - CUDA_VISIBLE_DEVICES: [0]
[I 2023-12-27 11:26:09,185] Trial 4 finished with value: 456.133544921875 and parameters: {'gradient_clip_val': 0.13324922258284558, 'hidden_size': 16, 'dropout': 0.23968346355775833, 'hidden_continuous_size': 6, 'attention_head_size': 2, 'learning_rate': 0.0010400092685787729}. Best is trial 0 with value: 126.3399429321289.
LOCAL_RANK: 0 - CUDA_VISIBLE_DEVICES: [0]
[I 2023-12-27 11:26:09,655] Trial 5 finished with value: 680.2301025390625 and parameters: {'gradient_clip_val': 0.17368453302471815, 'hidden_size': 140, 'dropout': 0.2842683729816142, 'hidden_continuous_size': 7, 'attention_head_size': 1, 'learning_rate': 0.005144933283923579}. Best is trial 0 with value: 126.3399429321289.
LOCAL_RANK: 0 - CUDA_VISIBLE_DEVICES: [0]
[I 2023-12-27 11:26:10,120] Trial 6 finished with value: 534.920166015625 and parameters: {'gradient_clip_val': 0.22001347145979333, 'hidden_size': 74, 'dropout': 0.3345815625040159, 'hidden_continuous_size': 20, 'attention_head_size': 3, 'learning_rate': 0.0010832258907294114}. Best is trial 0 with value: 126.3399429321289.
LOCAL_RANK: 0 - CUDA_VISIBLE_DEVICES: [0]
[I 2023-12-27 11:26:10,610] Trial 7 finished with value: 384.1497497558594 and parameters: {'gradient_clip_val': 0.6656180891235058, 'hidden_size': 83, 'dropout': 0.150016701318741, 'hidden_continuous_size': 30, 'attention_head_size': 4, 'learning_rate': 0.0009016275532994019}. Best is trial 0 with value: 126.3399429321289.
LOCAL_RANK: 0 - CUDA_VISIBLE_DEVICES: [0]
[I 2023-12-27 11:26:11,065] Trial 8 finished with value: 472.7328186035156 and parameters: {'gradient_clip_val': 0.550571399907508, 'hidden_size': 19, 'dropout': 0.3590749703056926, 'hidden_continuous_size': 10, 'attention_head_size': 1, 'learning_rate': 0.0011771033836940762}. Best is trial 0 with value: 126.3399429321289.
LOCAL_RANK: 0 - CUDA_VISIBLE_DEVICES: [0]
[I 2023-12-27 11:26:11,492] Trial 9 finished with value: 538.1611938476562 and parameters: {'gradient_clip_val': 0.9127473756041729, 'hidden_size': 33, 'dropout': 0.21127159682058144, 'hidden_continuous_size': 20, 'attention_head_size': 2, 'learning_rate': 0.00255784621173061}. Best is trial 0 with value: 126.3399429321289.
LOCAL_RANK: 0 - CUDA_VISIBLE_DEVICES: [0]
[I 2023-12-27 11:26:11,989] Trial 10 finished with value: 442.3396911621094 and parameters: {'gradient_clip_val': 0.35305035645767563, 'hidden_size': 35, 'dropout': 0.4862779100415601, 'hidden_continuous_size': 30, 'attention_head_size': 3, 'learning_rate': 0.053274062199716324}. Best is trial 0 with value: 126.3399429321289.
LOCAL_RANK: 0 - CUDA_VISIBLE_DEVICES: [0]
[I 2023-12-27 11:26:12,509] Trial 11 finished with value: 596.0287475585938 and parameters: {'gradient_clip_val': 0.37057817208807725, 'hidden_size': 115, 'dropout': 0.10129122467373432, 'hidden_continuous_size': 59, 'attention_head_size': 4, 'learning_rate': 0.003159889629202464}. Best is trial 0 with value: 126.3399429321289.
LOCAL_RANK: 0 - CUDA_VISIBLE_DEVICES: [0]
[I 2023-12-27 11:26:12,987] Trial 12 finished with value: 583.305908203125 and parameters: {'gradient_clip_val': 0.4879847166496346, 'hidden_size': 51, 'dropout': 0.15617381399837169, 'hidden_continuous_size': 33, 'attention_head_size': 4, 'learning_rate': 0.0005105166302945778}. Best is trial 0 with value: 126.3399429321289.
LOCAL_RANK: 0 - CUDA_VISIBLE_DEVICES: [0]
[I 2023-12-27 11:26:13,793] Trial 13 finished with value: 424.5802307128906 and parameters: {'gradient_clip_val': 0.28484279116888656, 'hidden_size': 108, 'dropout': 0.15663400143500938, 'hidden_continuous_size': 73, 'attention_head_size': 4, 'learning_rate': 0.0029994613460098117}. Best is trial 0 with value: 126.3399429321289.
LOCAL_RANK: 0 - CUDA_VISIBLE_DEVICES: [0]
[I 2023-12-27 11:26:14,304] Trial 14 finished with value: 422.2729797363281 and parameters: {'gradient_clip_val': 0.10343022866832094, 'hidden_size': 48, 'dropout': 0.10776312234686114, 'hidden_continuous_size': 18, 'attention_head_size': 3, 'learning_rate': 0.010698749875025051}. Best is trial 0 with value: 126.3399429321289.
LOCAL_RANK: 0 - CUDA_VISIBLE_DEVICES: [0]
[I 2023-12-27 11:26:14,828] Trial 15 finished with value: 536.8569946289062 and parameters: {'gradient_clip_val': 0.7097330835130389, 'hidden_size': 80, 'dropout': 0.17289366970985626, 'hidden_continuous_size': 41, 'attention_head_size': 4, 'learning_rate': 0.002160518010917663}. Best is trial 0 with value: 126.3399429321289.
LOCAL_RANK: 0 - CUDA_VISIBLE_DEVICES: [0]
[I 2023-12-27 11:26:15,384] Trial 16 finished with value: 484.6708068847656 and parameters: {'gradient_clip_val': 0.4770266968331906, 'hidden_size': 134, 'dropout': 0.2158242074398185, 'hidden_continuous_size': 118, 'attention_head_size': 3, 'learning_rate': 0.007958493878363074}. Best is trial 0 with value: 126.3399429321289.
LOCAL_RANK: 0 - CUDA_VISIBLE_DEVICES: [0]
[I 2023-12-27 11:26:15,919] Trial 17 finished with value: 467.2023010253906 and parameters: {'gradient_clip_val': 0.9637588485760492, 'hidden_size': 91, 'dropout': 0.14360262905060853, 'hidden_continuous_size': 14, 'attention_head_size': 4, 'learning_rate': 0.0019240048360128343}. Best is trial 0 with value: 126.3399429321289.
LOCAL_RANK: 0 - CUDA_VISIBLE_DEVICES: [0]
[I 2023-12-27 11:26:16,418] Trial 18 finished with value: 348.5367126464844 and parameters: {'gradient_clip_val': 0.4247686176620894, 'hidden_size': 41, 'dropout': 0.18246621320531647, 'hidden_continuous_size': 22, 'attention_head_size': 3, 'learning_rate': 0.004811818160913167}. Best is trial 0 with value: 126.3399429321289.
LOCAL_RANK: 0 - CUDA_VISIBLE_DEVICES: [0]
[I 2023-12-27 11:26:16,929] Trial 19 finished with value: 453.1107482910156 and parameters: {'gradient_clip_val': 0.39669869214904024, 'hidden_size': 39, 'dropout': 0.2510376493812574, 'hidden_continuous_size': 16, 'attention_head_size': 2, 'learning_rate': 0.013093581102032988}. Best is trial 0 with value: 126.3399429321289.
LOCAL_RANK: 0 - CUDA_VISIBLE_DEVICES: [0]
[I 2023-12-27 11:26:17,405] Trial 20 finished with value: 667.4537353515625 and parameters: {'gradient_clip_val': 0.2761129721718593, 'hidden_size': 22, 'dropout': 0.18167775384678256, 'hidden_continuous_size': 11, 'attention_head_size': 3, 'learning_rate': 0.005007029086312824}. Best is trial 0 with value: 126.3399429321289.
LOCAL_RANK: 0 - CUDA_VISIBLE_DEVICES: [0]
[I 2023-12-27 11:26:17,897] Trial 21 finished with value: 549.0541381835938 and parameters: {'gradient_clip_val': 0.6664065971836862, 'hidden_size': 60, 'dropout': 0.13444394002599752, 'hidden_continuous_size': 23, 'attention_head_size': 3, 'learning_rate': 0.0018772526558606536}. Best is trial 0 with value: 126.3399429321289.
LOCAL_RANK: 0 - CUDA_VISIBLE_DEVICES: [0]
[I 2023-12-27 11:26:18,381] Trial 22 finished with value: 577.5243530273438 and parameters: {'gradient_clip_val': 0.42101954433847993, 'hidden_size': 29, 'dropout': 0.15641816377712522, 'hidden_continuous_size': 14, 'attention_head_size': 3, 'learning_rate': 0.004063192671125588}. Best is trial 0 with value: 126.3399429321289.
LOCAL_RANK: 0 - CUDA_VISIBLE_DEVICES: [0]
[I 2023-12-27 11:26:18,853] Trial 23 finished with value: 531.6703491210938 and parameters: {'gradient_clip_val': 0.5128427293863307, 'hidden_size': 42, 'dropout': 0.18302497526929537, 'hidden_continuous_size': 23, 'attention_head_size': 4, 'learning_rate': 0.0016282922969979826}. Best is trial 0 with value: 126.3399429321289.
LOCAL_RANK: 0 - CUDA_VISIBLE_DEVICES: [0]
[I 2023-12-27 11:26:19,355] Trial 24 finished with value: 546.392578125 and parameters: {'gradient_clip_val': 0.7227714796906054, 'hidden_size': 100, 'dropout': 0.1032020369836259, 'hidden_continuous_size': 27, 'attention_head_size': 2, 'learning_rate': 0.0037054611978346807}. Best is trial 0 with value: 126.3399429321289.
LOCAL_RANK: 0 - CUDA_VISIBLE_DEVICES: [0]
[I 2023-12-27 11:26:20,103] Trial 25 finished with value: 591.732177734375 and parameters: {'gradient_clip_val': 0.4470186345131544, 'hidden_size': 61, 'dropout': 0.13145402263680642, 'hidden_continuous_size': 26, 'attention_head_size': 3, 'learning_rate': 0.000687270656029883}. Best is trial 0 with value: 126.3399429321289.
LOCAL_RANK: 0 - CUDA_VISIBLE_DEVICES: [0]
[I 2023-12-27 11:26:20,618] Trial 26 finished with value: 367.1446838378906 and parameters: {'gradient_clip_val': 0.5855051765350517, 'hidden_size': 81, 'dropout': 0.18728807608152911, 'hidden_continuous_size': 36, 'attention_head_size': 4, 'learning_rate': 0.00159908048091671}. Best is trial 0 with value: 126.3399429321289.
LOCAL_RANK: 0 - CUDA_VISIBLE_DEVICES: [0]
[I 2023-12-27 11:26:21,102] Trial 27 finished with value: 529.9940185546875 and parameters: {'gradient_clip_val': 0.35251193751028365, 'hidden_size': 47, 'dropout': 0.1916498778783845, 'hidden_continuous_size': 17, 'attention_head_size': 3, 'learning_rate': 0.0015126055605588593}. Best is trial 0 with value: 126.3399429321289.
LOCAL_RANK: 0 - CUDA_VISIBLE_DEVICES: [0]
[I 2023-12-27 11:26:21,618] Trial 28 finished with value: 493.641845703125 and parameters: {'gradient_clip_val': 0.5521585502557054, 'hidden_size': 27, 'dropout': 0.23089016865922649, 'hidden_continuous_size': 15, 'attention_head_size': 2, 'learning_rate': 0.002918886826689556}. Best is trial 0 with value: 126.3399429321289.
LOCAL_RANK: 0 - CUDA_VISIBLE_DEVICES: [0]
[I 2023-12-27 11:26:22,106] Trial 29 finished with value: 493.8186950683594 and parameters: {'gradient_clip_val': 0.5864651862704765, 'hidden_size': 13, 'dropout': 0.20076184323540822, 'hidden_continuous_size': 9, 'attention_head_size': 4, 'learning_rate': 0.0006703794840244781}. Best is trial 0 with value: 126.3399429321289.
LOCAL_RANK: 0 - CUDA_VISIBLE_DEVICES: [0]
[I 2023-12-27 11:26:22,577] Trial 30 finished with value: 408.7073669433594 and parameters: {'gradient_clip_val': 0.3041989001503081, 'hidden_size': 6, 'dropout': 0.17345011089895734, 'hidden_continuous_size': 5, 'attention_head_size': 4, 'learning_rate': 0.006511280547586916}. Best is trial 0 with value: 126.3399429321289.
LOCAL_RANK: 0 - CUDA_VISIBLE_DEVICES: [0]
[I 2023-12-27 11:26:23,060] Trial 31 finished with value: 411.7898864746094 and parameters: {'gradient_clip_val': 0.6338989761544053, 'hidden_size': 81, 'dropout': 0.14640329121692142, 'hidden_continuous_size': 39, 'attention_head_size': 4, 'learning_rate': 0.0014305247969514643}. Best is trial 0 with value: 126.3399429321289.
LOCAL_RANK: 0 - CUDA_VISIBLE_DEVICES: [0]
[I 2023-12-27 11:26:23,571] Trial 32 finished with value: 479.9654235839844 and parameters: {'gradient_clip_val': 0.8406844417548321, 'hidden_size': 63, 'dropout': 0.1257582198274903, 'hidden_continuous_size': 23, 'attention_head_size': 4, 'learning_rate': 0.0008318829527913742}. Best is trial 0 with value: 126.3399429321289.
LOCAL_RANK: 0 - CUDA_VISIBLE_DEVICES: [0]
[I 2023-12-27 11:26:24,071] Trial 33 finished with value: 557.5159301757812 and parameters: {'gradient_clip_val': 0.45221352920376573, 'hidden_size': 55, 'dropout': 0.20177002115698686, 'hidden_continuous_size': 20, 'attention_head_size': 4, 'learning_rate': 0.0008079801389581943}. Best is trial 0 with value: 126.3399429321289.
LOCAL_RANK: 0 - CUDA_VISIBLE_DEVICES: [0]
[I 2023-12-27 11:26:24,571] Trial 34 finished with value: 339.4303283691406 and parameters: {'gradient_clip_val': 0.7708839651467867, 'hidden_size': 69, 'dropout': 0.1633069417297468, 'hidden_continuous_size': 33, 'attention_head_size': 3, 'learning_rate': 0.001215219216526606}. Best is trial 0 with value: 126.3399429321289.
LOCAL_RANK: 0 - CUDA_VISIBLE_DEVICES: [0]
[I 2023-12-27 11:26:25,067] Trial 35 finished with value: 549.9063110351562 and parameters: {'gradient_clip_val': 0.7805966966603929, 'hidden_size': 66, 'dropout': 0.17222973549128812, 'hidden_continuous_size': 36, 'attention_head_size': 3, 'learning_rate': 0.001276645798167888}. Best is trial 0 with value: 126.3399429321289.
LOCAL_RANK: 0 - CUDA_VISIBLE_DEVICES: [0]
[I 2023-12-27 11:26:25,536] Trial 36 finished with value: 582.6611938476562 and parameters: {'gradient_clip_val': 0.6170828258799786, 'hidden_size': 41, 'dropout': 0.12257573393475055, 'hidden_continuous_size': 13, 'attention_head_size': 3, 'learning_rate': 0.00227218837277126}. Best is trial 0 with value: 126.3399429321289.
LOCAL_RANK: 0 - CUDA_VISIBLE_DEVICES: [0]
[I 2023-12-27 11:26:26,041] Trial 37 finished with value: 521.9755249023438 and parameters: {'gradient_clip_val': 0.5171301842513241, 'hidden_size': 72, 'dropout': 0.25740936899535205, 'hidden_continuous_size': 30, 'attention_head_size': 2, 'learning_rate': 0.0011927777452568414}. Best is trial 0 with value: 126.3399429321289.
LOCAL_RANK: 0 - CUDA_VISIBLE_DEVICES: [0]
[I 2023-12-27 11:26:26,809] Trial 38 finished with value: 474.5627746582031 and parameters: {'gradient_clip_val': 0.8101616434958335, 'hidden_size': 54, 'dropout': 0.22316414051944403, 'hidden_continuous_size': 18, 'attention_head_size': 1, 'learning_rate': 0.0016604617656754252}. Best is trial 0 with value: 126.3399429321289.
LOCAL_RANK: 0 - CUDA_VISIBLE_DEVICES: [0]
[I 2023-12-27 11:26:27,318] Trial 39 finished with value: 552.7222900390625 and parameters: {'gradient_clip_val': 0.5788037867145777, 'hidden_size': 94, 'dropout': 0.20058913990734756, 'hidden_continuous_size': 45, 'attention_head_size': 3, 'learning_rate': 0.0010258634126895957}. Best is trial 0 with value: 126.3399429321289.
LOCAL_RANK: 0 - CUDA_VISIBLE_DEVICES: [0]
[I 2023-12-27 11:26:27,791] Trial 40 finished with value: 451.3436584472656 and parameters: {'gradient_clip_val': 0.9888864633287732, 'hidden_size': 72, 'dropout': 0.16558843536257295, 'hidden_continuous_size': 26, 'attention_head_size': 3, 'learning_rate': 0.0005115774350069686}. Best is trial 0 with value: 126.3399429321289.
LOCAL_RANK: 0 - CUDA_VISIBLE_DEVICES: [0]
[I 2023-12-27 11:26:28,284] Trial 41 finished with value: 539.6785278320312 and parameters: {'gradient_clip_val': 0.678756472836505, 'hidden_size': 87, 'dropout': 0.14129685395546052, 'hidden_continuous_size': 32, 'attention_head_size': 3, 'learning_rate': 0.0008969801643403734}. Best is trial 0 with value: 126.3399429321289.
LOCAL_RANK: 0 - CUDA_VISIBLE_DEVICES: [0]
[I 2023-12-27 11:26:28,781] Trial 42 finished with value: 454.6131286621094 and parameters: {'gradient_clip_val': 0.7433265565870268, 'hidden_size': 134, 'dropout': 0.1195511472784627, 'hidden_continuous_size': 50, 'attention_head_size': 4, 'learning_rate': 0.0024710391533792424}. Best is trial 0 with value: 126.3399429321289.
LOCAL_RANK: 0 - CUDA_VISIBLE_DEVICES: [0]
[I 2023-12-27 11:26:29,276] Trial 43 finished with value: 427.5627136230469 and parameters: {'gradient_clip_val': 0.8765473389283668, 'hidden_size': 76, 'dropout': 0.15588218631296707, 'hidden_continuous_size': 33, 'attention_head_size': 2, 'learning_rate': 0.0011737099571757213}. Best is trial 0 with value: 126.3399429321289.
LOCAL_RANK: 0 - CUDA_VISIBLE_DEVICES: [0]
[I 2023-12-27 11:26:29,756] Trial 44 finished with value: 611.784912109375 and parameters: {'gradient_clip_val': 0.6327675827736448, 'hidden_size': 108, 'dropout': 0.1856419001344196, 'hidden_continuous_size': 28, 'attention_head_size': 4, 'learning_rate': 0.0019520378459252968}. Best is trial 0 with value: 126.3399429321289.
LOCAL_RANK: 0 - CUDA_VISIBLE_DEVICES: [0]
[I 2023-12-27 11:26:30,244] Trial 45 finished with value: 422.3187561035156 and parameters: {'gradient_clip_val': 0.5398887180101503, 'hidden_size': 49, 'dropout': 0.2115929871912869, 'hidden_continuous_size': 21, 'attention_head_size': 3, 'learning_rate': 0.0009178551480083014}. Best is trial 0 with value: 126.3399429321289.
LOCAL_RANK: 0 - CUDA_VISIBLE_DEVICES: [0]
[I 2023-12-27 11:26:30,742] Trial 46 finished with value: 450.906005859375 and parameters: {'gradient_clip_val': 0.4042624873852254, 'hidden_size': 62, 'dropout': 0.11767099776791758, 'hidden_continuous_size': 25, 'attention_head_size': 3, 'learning_rate': 0.0013609665667593382}. Best is trial 0 with value: 126.3399429321289.
LOCAL_RANK: 0 - CUDA_VISIBLE_DEVICES: [0]
[I 2023-12-27 11:26:31,236] Trial 47 finished with value: 302.4622802734375 and parameters: {'gradient_clip_val': 0.48657953010408095, 'hidden_size': 34, 'dropout': 0.14142320498762279, 'hidden_continuous_size': 22, 'attention_head_size': 4, 'learning_rate': 0.0006264622565917893}. Best is trial 0 with value: 126.3399429321289.
LOCAL_RANK: 0 - CUDA_VISIBLE_DEVICES: [0]
[I 2023-12-27 11:26:31,729] Trial 48 finished with value: 476.1756591796875 and parameters: {'gradient_clip_val': 0.4816407791356086, 'hidden_size': 38, 'dropout': 0.13933422057756809, 'hidden_continuous_size': 19, 'attention_head_size': 4, 'learning_rate': 0.0005912611940125428}. Best is trial 0 with value: 126.3399429321289.
LOCAL_RANK: 0 - CUDA_VISIBLE_DEVICES: [0]
