[I 2023-12-27 11:19:43,887] Trial 36 finished with value: 49.00263595581055 and parameters: {'gradient_clip_val': 0.6092187228591245, 'hidden_size': 37, 'dropout': 0.4590534222200635, 'hidden_continuous_size': 11, 'attention_head_size': 3, 'learning_rate': 0.004157550016659406}. Best is trial 0 with value: 12.543118476867676.
LOCAL_RANK: 0 - CUDA_VISIBLE_DEVICES: [0]
[I 2023-12-27 11:19:44,390] Trial 37 finished with value: 50.67508316040039 and parameters: {'gradient_clip_val': 0.32042436382627604, 'hidden_size': 45, 'dropout': 0.3457618808383414, 'hidden_continuous_size': 16, 'attention_head_size': 4, 'learning_rate': 0.06495022506910082}. Best is trial 0 with value: 12.543118476867676.
LOCAL_RANK: 0 - CUDA_VISIBLE_DEVICES: [0]
[I 2023-12-27 11:19:44,909] Trial 38 finished with value: 50.3927116394043 and parameters: {'gradient_clip_val': 0.4070715977811323, 'hidden_size': 66, 'dropout': 0.45884633920735796, 'hidden_continuous_size': 24, 'attention_head_size': 4, 'learning_rate': 0.04000164236080133}. Best is trial 0 with value: 12.543118476867676.
LOCAL_RANK: 0 - CUDA_VISIBLE_DEVICES: [0]
[I 2023-12-27 11:19:45,368] Trial 39 finished with value: 64.26081085205078 and parameters: {'gradient_clip_val': 0.25608461767322555, 'hidden_size': 26, 'dropout': 0.40679582334004394, 'hidden_continuous_size': 10, 'attention_head_size': 2, 'learning_rate': 0.05253316295536503}. Best is trial 0 with value: 12.543118476867676.
LOCAL_RANK: 0 - CUDA_VISIBLE_DEVICES: [0]
[I 2023-12-27 11:19:45,901] Trial 40 finished with value: 58.17924499511719 and parameters: {'gradient_clip_val': 0.29748385681235073, 'hidden_size': 6, 'dropout': 0.3626265646039323, 'hidden_continuous_size': 5, 'attention_head_size': 3, 'learning_rate': 0.01869981531731484}. Best is trial 0 with value: 12.543118476867676.
LOCAL_RANK: 0 - CUDA_VISIBLE_DEVICES: [0]
[I 2023-12-27 11:19:46,388] Trial 41 finished with value: 53.75559997558594 and parameters: {'gradient_clip_val': 0.23826039040134053, 'hidden_size': 33, 'dropout': 0.33415501193367286, 'hidden_continuous_size': 6, 'attention_head_size': 3, 'learning_rate': 0.003246939866960176}. Best is trial 0 with value: 12.543118476867676.
LOCAL_RANK: 0 - CUDA_VISIBLE_DEVICES: [0]
[I 2023-12-27 11:19:46,892] Trial 42 finished with value: 52.92506790161133 and parameters: {'gradient_clip_val': 0.2884835623104442, 'hidden_size': 52, 'dropout': 0.3127227872632579, 'hidden_continuous_size': 12, 'attention_head_size': 3, 'learning_rate': 0.008693437821609949}. Best is trial 0 with value: 12.543118476867676.
LOCAL_RANK: 0 - CUDA_VISIBLE_DEVICES: [0]
[I 2023-12-27 11:19:47,389] Trial 43 finished with value: 56.42875289916992 and parameters: {'gradient_clip_val': 0.19992988859169747, 'hidden_size': 38, 'dropout': 0.2867845117279378, 'hidden_continuous_size': 8, 'attention_head_size': 3, 'learning_rate': 0.0018417643001957741}. Best is trial 0 with value: 12.543118476867676.
LOCAL_RANK: 0 - CUDA_VISIBLE_DEVICES: [0]
[I 2023-12-27 11:19:47,838] Trial 44 finished with value: 52.453460693359375 and parameters: {'gradient_clip_val': 0.24419395167939847, 'hidden_size': 21, 'dropout': 0.3685020879481321, 'hidden_continuous_size': 7, 'attention_head_size': 2, 'learning_rate': 0.006846627433679699}. Best is trial 0 with value: 12.543118476867676.
LOCAL_RANK: 0 - CUDA_VISIBLE_DEVICES: [0]
[I 2023-12-27 11:19:48,332] Trial 45 finished with value: 59.84078598022461 and parameters: {'gradient_clip_val': 0.2799041291753447, 'hidden_size': 27, 'dropout': 0.32838499378551145, 'hidden_continuous_size': 9, 'attention_head_size': 4, 'learning_rate': 0.0036461485817172955}. Best is trial 0 with value: 12.543118476867676.
LOCAL_RANK: 0 - CUDA_VISIBLE_DEVICES: [0]
[I 2023-12-27 11:19:48,816] Trial 46 finished with value: 55.119441986083984 and parameters: {'gradient_clip_val': 0.34820091494677674, 'hidden_size': 11, 'dropout': 0.42185694654638767, 'hidden_continuous_size': 8, 'attention_head_size': 3, 'learning_rate': 0.0027402113411165857}. Best is trial 0 with value: 12.543118476867676.
LOCAL_RANK: 0 - CUDA_VISIBLE_DEVICES: [0]
[I 2023-12-27 11:19:49,564] Trial 47 finished with value: 50.39857482910156 and parameters: {'gradient_clip_val': 0.7197087386503404, 'hidden_size': 15, 'dropout': 0.3913798830798972, 'hidden_continuous_size': 7, 'attention_head_size': 2, 'learning_rate': 0.004705752332858509}. Best is trial 0 with value: 12.543118476867676.
LOCAL_RANK: 0 - CUDA_VISIBLE_DEVICES: [0]
[I 2023-12-27 11:19:50,022] Trial 48 finished with value: 54.45954513549805 and parameters: {'gradient_clip_val': 0.3744096119356627, 'hidden_size': 19, 'dropout': 0.23056264617223493, 'hidden_continuous_size': 6, 'attention_head_size': 1, 'learning_rate': 0.010336977082364902}. Best is trial 0 with value: 12.543118476867676.
LOCAL_RANK: 0 - CUDA_VISIBLE_DEVICES: [0]
[I 2023-12-27 11:19:50,483] Trial 49 finished with value: 44.308414459228516 and parameters: {'gradient_clip_val': 0.32997537734455107, 'hidden_size': 14, 'dropout': 0.3451135076556755, 'hidden_continuous_size': 7, 'attention_head_size': 4, 'learning_rate': 0.01608139613777394}. Best is trial 0 with value: 12.543118476867676.
[I 2023-12-27 11:19:50,610] A new study created in memory with name: no-name-c878a229-e03e-46a7-b532-3d4be4eae9f8
/home/le004/conda/anaconda3/envs/tsff_env/lib/python3.9/site-packages/lightning/fabric/plugins/environments/slurm.py:191: The `srun` command is available on your system but is not used. HINT: If your intention is to run Lightning on SLURM, prepend your python command with `srun` like so: srun python /home/le004/master_thesis/git/TSFusionForecast/code/ ...
LOCAL_RANK: 0 - CUDA_VISIBLE_DEVICES: [0]
[I 2023-12-27 11:20:18,063] Trial 0 finished with value: 3258.622314453125 and parameters: {'gradient_clip_val': 0.6627963317766551, 'hidden_size': 8, 'dropout': 0.255981475183122, 'hidden_continuous_size': 6, 'attention_head_size': 1, 'learning_rate': 0.0017681316425983376}. Best is trial 0 with value: 3258.622314453125.
LOCAL_RANK: 0 - CUDA_VISIBLE_DEVICES: [0]
[I 2023-12-27 11:20:29,167] Trial 1 finished with value: 4656.88818359375 and parameters: {'gradient_clip_val': 0.2155593624673693, 'hidden_size': 19, 'dropout': 0.21466020192261692, 'hidden_continuous_size': 18, 'attention_head_size': 1, 'learning_rate': 0.0008360854468083596}. Best is trial 0 with value: 3258.622314453125.
LOCAL_RANK: 0 - CUDA_VISIBLE_DEVICES: [0]
[I 2023-12-27 11:20:29,718] Trial 2 finished with value: 4277.28857421875 and parameters: {'gradient_clip_val': 0.735990818903054, 'hidden_size': 92, 'dropout': 0.46184272801968507, 'hidden_continuous_size': 11, 'attention_head_size': 3, 'learning_rate': 0.0034021286143646823}. Best is trial 0 with value: 3258.622314453125.
LOCAL_RANK: 0 - CUDA_VISIBLE_DEVICES: [0]
[I 2023-12-27 11:20:30,221] Trial 3 finished with value: 8326.5458984375 and parameters: {'gradient_clip_val': 0.9621754918241069, 'hidden_size': 11, 'dropout': 0.4224929611325796, 'hidden_continuous_size': 5, 'attention_head_size': 4, 'learning_rate': 0.0012851329838523824}. Best is trial 0 with value: 3258.622314453125.
LOCAL_RANK: 0 - CUDA_VISIBLE_DEVICES: [0]
[I 2023-12-27 11:20:30,774] Trial 4 finished with value: 8602.3486328125 and parameters: {'gradient_clip_val': 0.8989291451604099, 'hidden_size': 62, 'dropout': 0.36821635735774305, 'hidden_continuous_size': 23, 'attention_head_size': 4, 'learning_rate': 0.004039586431366472}. Best is trial 0 with value: 3258.622314453125.
LOCAL_RANK: 0 - CUDA_VISIBLE_DEVICES: [0]
[I 2023-12-27 11:20:31,283] Trial 5 finished with value: 6912.46142578125 and parameters: {'gradient_clip_val': 0.7562160464507958, 'hidden_size': 52, 'dropout': 0.48737944211061324, 'hidden_continuous_size': 7, 'attention_head_size': 3, 'learning_rate': 0.015563188644250834}. Best is trial 0 with value: 3258.622314453125.
LOCAL_RANK: 0 - CUDA_VISIBLE_DEVICES: [0]
[I 2023-12-27 11:20:31,790] Trial 6 finished with value: 6164.19921875 and parameters: {'gradient_clip_val': 0.2972529398410668, 'hidden_size': 78, 'dropout': 0.14453848219986742, 'hidden_continuous_size': 12, 'attention_head_size': 1, 'learning_rate': 0.04420127847564465}. Best is trial 0 with value: 3258.622314453125.
LOCAL_RANK: 0 - CUDA_VISIBLE_DEVICES: [0]
[I 2023-12-27 11:20:32,469] Trial 7 finished with value: 5501.88818359375 and parameters: {'gradient_clip_val': 0.11023918566174147, 'hidden_size': 9, 'dropout': 0.3198300327010007, 'hidden_continuous_size': 6, 'attention_head_size': 2, 'learning_rate': 0.006403601366393284}. Best is trial 0 with value: 3258.622314453125.
LOCAL_RANK: 0 - CUDA_VISIBLE_DEVICES: [0]
[I 2023-12-27 11:20:32,857] Trial 8 finished with value: 6695.24755859375 and parameters: {'gradient_clip_val': 0.5634503092924706, 'hidden_size': 13, 'dropout': 0.13399933291496857, 'hidden_continuous_size': 13, 'attention_head_size': 2, 'learning_rate': 0.002728375767847563}. Best is trial 0 with value: 3258.622314453125.
LOCAL_RANK: 0 - CUDA_VISIBLE_DEVICES: [0]
[I 2023-12-27 11:20:33,323] Trial 9 finished with value: 6743.07177734375 and parameters: {'gradient_clip_val': 0.6033025688692195, 'hidden_size': 28, 'dropout': 0.4632027243451702, 'hidden_continuous_size': 26, 'attention_head_size': 2, 'learning_rate': 0.00627730461324204}. Best is trial 0 with value: 3258.622314453125.
LOCAL_RANK: 0 - CUDA_VISIBLE_DEVICES: [0]
[I 2023-12-27 11:20:33,757] Trial 10 finished with value: 4844.74169921875 and parameters: {'gradient_clip_val': 0.4330295753238165, 'hidden_size': 5, 'dropout': 0.24867158794587832, 'hidden_continuous_size': 5, 'attention_head_size': 1, 'learning_rate': 0.0006472984443422374}. Best is trial 0 with value: 3258.622314453125.
LOCAL_RANK: 0 - CUDA_VISIBLE_DEVICES: [0]
[I 2023-12-27 11:20:34,294] Trial 11 finished with value: 6058.85498046875 and parameters: {'gradient_clip_val': 0.5104397490085923, 'hidden_size': 143, 'dropout': 0.3546268392116378, 'hidden_continuous_size': 57, 'attention_head_size': 3, 'learning_rate': 0.0024222731789822678}. Best is trial 0 with value: 3258.622314453125.
LOCAL_RANK: 0 - CUDA_VISIBLE_DEVICES: [0]
[I 2023-12-27 11:20:34,760] Trial 12 finished with value: 6652.51416015625 and parameters: {'gradient_clip_val': 0.7528226313129676, 'hidden_size': 32, 'dropout': 0.2666117180835932, 'hidden_continuous_size': 8, 'attention_head_size': 3, 'learning_rate': 0.0015203646279593696}. Best is trial 0 with value: 3258.622314453125.
LOCAL_RANK: 0 - CUDA_VISIBLE_DEVICES: [0]
[I 2023-12-27 11:20:35,256] Trial 13 finished with value: 5067.08642578125 and parameters: {'gradient_clip_val': 0.39215862148289155, 'hidden_size': 140, 'dropout': 0.4022849111478866, 'hidden_continuous_size': 9, 'attention_head_size': 3, 'learning_rate': 0.0005234777877195334}. Best is trial 0 with value: 3258.622314453125.
LOCAL_RANK: 0 - CUDA_VISIBLE_DEVICES: [0]
[I 2023-12-27 11:20:35,691] Trial 14 finished with value: 6268.63134765625 and parameters: {'gradient_clip_val': 0.7082753293859799, 'hidden_size': 6, 'dropout': 0.30756491921319545, 'hidden_continuous_size': 5, 'attention_head_size': 2, 'learning_rate': 0.012055568052701937}. Best is trial 0 with value: 3258.622314453125.
LOCAL_RANK: 0 - CUDA_VISIBLE_DEVICES: [0]
[I 2023-12-27 11:20:36,133] Trial 15 finished with value: 5145.73974609375 and parameters: {'gradient_clip_val': 0.6042387993509122, 'hidden_size': 18, 'dropout': 0.4957538523652157, 'hidden_continuous_size': 6, 'attention_head_size': 4, 'learning_rate': 0.0014182658284277764}. Best is trial 0 with value: 3258.622314453125.
LOCAL_RANK: 0 - CUDA_VISIBLE_DEVICES: [0]
[I 2023-12-27 11:20:36,572] Trial 16 finished with value: 4620.5322265625 and parameters: {'gradient_clip_val': 0.9975207305661872, 'hidden_size': 37, 'dropout': 0.42329753231089273, 'hidden_continuous_size': 9, 'attention_head_size': 1, 'learning_rate': 0.0030111054087703744}. Best is trial 0 with value: 3258.622314453125.
LOCAL_RANK: 0 - CUDA_VISIBLE_DEVICES: [0]
[I 2023-12-27 11:20:37,020] Trial 17 finished with value: 6146.31201171875 and parameters: {'gradient_clip_val': 0.44098334620987406, 'hidden_size': 7, 'dropout': 0.19619738153548852, 'hidden_continuous_size': 5, 'attention_head_size': 2, 'learning_rate': 0.001764174280201618}. Best is trial 0 with value: 3258.622314453125.
LOCAL_RANK: 0 - CUDA_VISIBLE_DEVICES: [0]
[I 2023-12-27 11:20:37,452] Trial 18 finished with value: 5475.80517578125 and parameters: {'gradient_clip_val': 0.7258162242426007, 'hidden_size': 18, 'dropout': 0.3511500211405961, 'hidden_continuous_size': 7, 'attention_head_size': 3, 'learning_rate': 0.003798738172601767}. Best is trial 0 with value: 3258.622314453125.
LOCAL_RANK: 0 - CUDA_VISIBLE_DEVICES: [0]
[I 2023-12-27 11:20:37,898] Trial 19 finished with value: 6429.11865234375 and parameters: {'gradient_clip_val': 0.3250458149358359, 'hidden_size': 9, 'dropout': 0.28099169250451356, 'hidden_continuous_size': 6, 'attention_head_size': 4, 'learning_rate': 0.0008049377105969859}. Best is trial 0 with value: 3258.622314453125.
LOCAL_RANK: 0 - CUDA_VISIBLE_DEVICES: [0]
[I 2023-12-27 11:20:38,290] Trial 20 finished with value: 4986.02294921875 and parameters: {'gradient_clip_val': 0.5274101238042417, 'hidden_size': 5, 'dropout': 0.31710281064232954, 'hidden_continuous_size': 5, 'attention_head_size': 1, 'learning_rate': 0.009827288864491147}. Best is trial 0 with value: 3258.622314453125.
LOCAL_RANK: 0 - CUDA_VISIBLE_DEVICES: [0]
[I 2023-12-27 11:20:38,998] Trial 21 finished with value: 6690.96337890625 and parameters: {'gradient_clip_val': 0.9905403894473238, 'hidden_size': 35, 'dropout': 0.44741073982097435, 'hidden_continuous_size': 10, 'attention_head_size': 1, 'learning_rate': 0.0033133107000185495}. Best is trial 0 with value: 3258.622314453125.
LOCAL_RANK: 0 - CUDA_VISIBLE_DEVICES: [0]
[I 2023-12-27 11:20:39,476] Trial 22 finished with value: 5651.79296875 and parameters: {'gradient_clip_val': 0.8180716190117937, 'hidden_size': 43, 'dropout': 0.4134234762803885, 'hidden_continuous_size': 11, 'attention_head_size': 1, 'learning_rate': 0.0021206411269016376}. Best is trial 0 with value: 3258.622314453125.
LOCAL_RANK: 0 - CUDA_VISIBLE_DEVICES: [0]
[I 2023-12-27 11:20:39,958] Trial 23 finished with value: 6236.4609375 and parameters: {'gradient_clip_val': 0.9171199687559312, 'hidden_size': 76, 'dropout': 0.4467958475157531, 'hidden_continuous_size': 9, 'attention_head_size': 2, 'learning_rate': 0.004521698154878939}. Best is trial 0 with value: 3258.622314453125.
LOCAL_RANK: 0 - CUDA_VISIBLE_DEVICES: [0]
[I 2023-12-27 11:20:40,405] Trial 24 finished with value: 6682.32373046875 and parameters: {'gradient_clip_val': 0.6997701710132193, 'hidden_size': 23, 'dropout': 0.3892729338036139, 'hidden_continuous_size': 8, 'attention_head_size': 1, 'learning_rate': 0.001043586097257973}. Best is trial 0 with value: 3258.622314453125.
LOCAL_RANK: 0 - CUDA_VISIBLE_DEVICES: [0]
[I 2023-12-27 11:20:40,869] Trial 25 finished with value: 5947.48291015625 and parameters: {'gradient_clip_val': 0.9909668274709804, 'hidden_size': 46, 'dropout': 0.4346347908571349, 'hidden_continuous_size': 11, 'attention_head_size': 2, 'learning_rate': 0.002193633194977784}. Best is trial 0 with value: 3258.622314453125.
LOCAL_RANK: 0 - CUDA_VISIBLE_DEVICES: [0]
[I 2023-12-27 11:20:41,310] Trial 26 finished with value: 4684.18701171875 and parameters: {'gradient_clip_val': 0.6953218379291519, 'hidden_size': 14, 'dropout': 0.47742805820640993, 'hidden_continuous_size': 7, 'attention_head_size': 3, 'learning_rate': 0.0009854216197071987}. Best is trial 0 with value: 3258.622314453125.
LOCAL_RANK: 0 - CUDA_VISIBLE_DEVICES: [0]
[I 2023-12-27 11:20:41,787] Trial 27 finished with value: 5317.02099609375 and parameters: {'gradient_clip_val': 0.8364385685233775, 'hidden_size': 36, 'dropout': 0.4574335852863111, 'hidden_continuous_size': 9, 'attention_head_size': 1, 'learning_rate': 0.0029216158092334825}. Best is trial 0 with value: 3258.622314453125.
LOCAL_RANK: 0 - CUDA_VISIBLE_DEVICES: [0]
[I 2023-12-27 11:20:42,256] Trial 28 finished with value: 5993.56494140625 and parameters: {'gradient_clip_val': 0.6407876433991708, 'hidden_size': 24, 'dropout': 0.49706481834232746, 'hidden_continuous_size': 10, 'attention_head_size': 2, 'learning_rate': 0.0017725102402378558}. Best is trial 0 with value: 3258.622314453125.
LOCAL_RANK: 0 - CUDA_VISIBLE_DEVICES: [0]
[I 2023-12-27 11:20:42,744] Trial 29 finished with value: 4921.7236328125 and parameters: {'gradient_clip_val': 0.5202085201807912, 'hidden_size': 101, 'dropout': 0.40280251024625013, 'hidden_continuous_size': 16, 'attention_head_size': 1, 'learning_rate': 0.005025311477251157}. Best is trial 0 with value: 3258.622314453125.
LOCAL_RANK: 0 - CUDA_VISIBLE_DEVICES: [0]
[I 2023-12-27 11:20:43,225] Trial 30 finished with value: 6429.99853515625 and parameters: {'gradient_clip_val': 0.8279769571040552, 'hidden_size': 60, 'dropout': 0.37777426378109163, 'hidden_continuous_size': 14, 'attention_head_size': 1, 'learning_rate': 0.001111923371930227}. Best is trial 0 with value: 3258.622314453125.
LOCAL_RANK: 0 - CUDA_VISIBLE_DEVICES: [0]
[I 2023-12-27 11:20:43,664] Trial 31 finished with value: 6827.59228515625 and parameters: {'gradient_clip_val': 0.9759387696967772, 'hidden_size': 11, 'dropout': 0.22215914233973016, 'hidden_continuous_size': 6, 'attention_head_size': 1, 'learning_rate': 0.0007626748517229357}. Best is trial 0 with value: 3258.622314453125.
LOCAL_RANK: 0 - CUDA_VISIBLE_DEVICES: [0]
[I 2023-12-27 11:20:44,103] Trial 32 finished with value: 5256.07275390625 and parameters: {'gradient_clip_val': 0.21336521018623616, 'hidden_size': 19, 'dropout': 0.42289240889853175, 'hidden_continuous_size': 8, 'attention_head_size': 1, 'learning_rate': 0.0012831327380023799}. Best is trial 0 with value: 3258.622314453125.
LOCAL_RANK: 0 - CUDA_VISIBLE_DEVICES: [0]
[I 2023-12-27 11:20:44,562] Trial 33 finished with value: 6368.0234375 and parameters: {'gradient_clip_val': 0.8478974319402561, 'hidden_size': 43, 'dropout': 0.1944164635139846, 'hidden_continuous_size': 15, 'attention_head_size': 1, 'learning_rate': 0.0032863556527195897}. Best is trial 0 with value: 3258.622314453125.
LOCAL_RANK: 0 - CUDA_VISIBLE_DEVICES: [0]
[I 2023-12-27 11:20:45,307] Trial 34 finished with value: 5839.8828125 and parameters: {'gradient_clip_val': 0.8497687499211936, 'hidden_size': 61, 'dropout': 0.33844202029746373, 'hidden_continuous_size': 19, 'attention_head_size': 3, 'learning_rate': 0.0018495222664285807}. Best is trial 0 with value: 3258.622314453125.
LOCAL_RANK: 0 - CUDA_VISIBLE_DEVICES: [0]
[I 2023-12-27 11:20:45,796] Trial 35 finished with value: 5341.12255859375 and parameters: {'gradient_clip_val': 0.22299809375513593, 'hidden_size': 29, 'dropout': 0.4749399403658469, 'hidden_continuous_size': 12, 'attention_head_size': 1, 'learning_rate': 0.0005150482696677927}. Best is trial 0 with value: 3258.622314453125.
LOCAL_RANK: 0 - CUDA_VISIBLE_DEVICES: [0]
[I 2023-12-27 11:20:46,284] Trial 36 finished with value: 5891.33056640625 and parameters: {'gradient_clip_val': 0.6255813310624606, 'hidden_size': 24, 'dropout': 0.3796490377534101, 'hidden_continuous_size': 12, 'attention_head_size': 4, 'learning_rate': 0.0025767783222595455}. Best is trial 0 with value: 3258.622314453125.
LOCAL_RANK: 0 - CUDA_VISIBLE_DEVICES: [0]
[I 2023-12-27 11:20:46,797] Trial 37 finished with value: 7014.47705078125 and parameters: {'gradient_clip_val': 0.7816966303384807, 'hidden_size': 81, 'dropout': 0.28884889629084226, 'hidden_continuous_size': 17, 'attention_head_size': 2, 'learning_rate': 0.005238329050492448}. Best is trial 0 with value: 3258.622314453125.
LOCAL_RANK: 0 - CUDA_VISIBLE_DEVICES: [0]
[I 2023-12-27 11:20:47,236] Trial 38 finished with value: 6650.83447265625 and parameters: {'gradient_clip_val': 0.883336437561149, 'hidden_size': 15, 'dropout': 0.10089954637715193, 'hidden_continuous_size': 7, 'attention_head_size': 2, 'learning_rate': 0.003929440023521428}. Best is trial 0 with value: 3258.622314453125.
LOCAL_RANK: 0 - CUDA_VISIBLE_DEVICES: [0]
[I 2023-12-27 11:20:47,698] Trial 39 finished with value: 6254.84814453125 and parameters: {'gradient_clip_val': 0.6685631160654009, 'hidden_size': 10, 'dropout': 0.2462011206942853, 'hidden_continuous_size': 8, 'attention_head_size': 1, 'learning_rate': 0.0014360384598385832}. Best is trial 0 with value: 3258.622314453125.
LOCAL_RANK: 0 - CUDA_VISIBLE_DEVICES: [0]
[I 2023-12-27 11:20:48,194] Trial 40 finished with value: 5240.42578125 and parameters: {'gradient_clip_val': 0.5757567672229253, 'hidden_size': 49, 'dropout': 0.32726957859940786, 'hidden_continuous_size': 14, 'attention_head_size': 3, 'learning_rate': 0.006906709507868889}. Best is trial 0 with value: 3258.622314453125.
LOCAL_RANK: 0 - CUDA_VISIBLE_DEVICES: [0]
[I 2023-12-27 11:20:48,664] Trial 41 finished with value: 4698.11328125 and parameters: {'gradient_clip_val': 0.7083354744661307, 'hidden_size': 12, 'dropout': 0.48548291324833087, 'hidden_continuous_size': 7, 'attention_head_size': 3, 'learning_rate': 0.0010326484896710547}. Best is trial 0 with value: 3258.622314453125.
LOCAL_RANK: 0 - CUDA_VISIBLE_DEVICES: [0]
[I 2023-12-27 11:20:49,100] Trial 42 finished with value: 6675.609375 and parameters: {'gradient_clip_val': 0.7759302204972324, 'hidden_size': 15, 'dropout': 0.46525723004374403, 'hidden_continuous_size': 7, 'attention_head_size': 3, 'learning_rate': 0.0008465940559086822}. Best is trial 0 with value: 3258.622314453125.
LOCAL_RANK: 0 - CUDA_VISIBLE_DEVICES: [0]
[I 2023-12-27 11:20:49,537] Trial 43 finished with value: 6482.41162109375 and parameters: {'gradient_clip_val': 0.6380413890333515, 'hidden_size': 13, 'dropout': 0.4267674230093308, 'hidden_continuous_size': 9, 'attention_head_size': 3, 'learning_rate': 0.002622549110280921}. Best is trial 0 with value: 3258.622314453125.
LOCAL_RANK: 0 - CUDA_VISIBLE_DEVICES: [0]
