[I 2023-12-27 11:00:29,517] Trial 38 finished with value: 188.3007354736328 and parameters: {'gradient_clip_val': 0.8576486254633008, 'hidden_size': 15, 'dropout': 0.23672943811017316, 'hidden_continuous_size': 7, 'attention_head_size': 3, 'learning_rate': 0.0021758303827627916}. Best is trial 0 with value: 130.6974334716797.
[I 2023-12-27 11:00:29,896] Trial 39 finished with value: 417.3846740722656 and parameters: {'gradient_clip_val': 0.8571820370051697, 'hidden_size': 9, 'dropout': 0.2802959042649742, 'hidden_continuous_size': 6, 'attention_head_size': 3, 'learning_rate': 0.0015345513337458624}. Best is trial 0 with value: 130.6974334716797.
[I 2023-12-27 11:00:30,273] Trial 40 finished with value: 402.4871520996094 and parameters: {'gradient_clip_val': 0.7653879943953629, 'hidden_size': 14, 'dropout': 0.24403482968400014, 'hidden_continuous_size': 7, 'attention_head_size': 4, 'learning_rate': 0.002138528388966228}. Best is trial 0 with value: 130.6974334716797.
[I 2023-12-27 11:00:30,650] Trial 41 finished with value: 342.4124755859375 and parameters: {'gradient_clip_val': 0.916337711025016, 'hidden_size': 7, 'dropout': 0.19062753722846482, 'hidden_continuous_size': 5, 'attention_head_size': 3, 'learning_rate': 0.0032202288705891684}. Best is trial 0 with value: 130.6974334716797.
[I 2023-12-27 11:00:31,133] Trial 42 finished with value: 352.6398620605469 and parameters: {'gradient_clip_val': 0.80483686762746, 'hidden_size': 97, 'dropout': 0.22990256608726228, 'hidden_continuous_size': 8, 'attention_head_size': 3, 'learning_rate': 0.002491358634252556}. Best is trial 0 with value: 130.6974334716797.
[I 2023-12-27 11:00:31,505] Trial 43 finished with value: 475.58642578125 and parameters: {'gradient_clip_val': 0.6085543477450643, 'hidden_size': 6, 'dropout': 0.26211291323920755, 'hidden_continuous_size': 5, 'attention_head_size': 3, 'learning_rate': 0.0008253072528311797}. Best is trial 0 with value: 130.6974334716797.
[I 2023-12-27 11:00:31,882] Trial 44 finished with value: 467.7698669433594 and parameters: {'gradient_clip_val': 0.6858189225422817, 'hidden_size': 23, 'dropout': 0.2080116707683573, 'hidden_continuous_size': 11, 'attention_head_size': 2, 'learning_rate': 0.001497798968397198}. Best is trial 0 with value: 130.6974334716797.
[I 2023-12-27 11:00:32,252] Trial 45 finished with value: 284.4894104003906 and parameters: {'gradient_clip_val': 0.923750304033976, 'hidden_size': 18, 'dropout': 0.161226494587401, 'hidden_continuous_size': 8, 'attention_head_size': 4, 'learning_rate': 0.005220413960511748}. Best is trial 0 with value: 130.6974334716797.
[I 2023-12-27 11:00:32,857] Trial 46 finished with value: 286.5747375488281 and parameters: {'gradient_clip_val': 0.5815795361464877, 'hidden_size': 33, 'dropout': 0.19428713383785357, 'hidden_continuous_size': 13, 'attention_head_size': 3, 'learning_rate': 0.003105490231046567}. Best is trial 0 with value: 130.6974334716797.
[I 2023-12-27 11:00:33,247] Trial 47 finished with value: 307.4674377441406 and parameters: {'gradient_clip_val': 0.7725211823233384, 'hidden_size': 14, 'dropout': 0.29982114755680395, 'hidden_continuous_size': 7, 'attention_head_size': 1, 'learning_rate': 0.00800231441504188}. Best is trial 0 with value: 130.6974334716797.
[I 2023-12-27 11:00:33,639] Trial 48 finished with value: 419.2244873046875 and parameters: {'gradient_clip_val': 0.42001098662190794, 'hidden_size': 9, 'dropout': 0.4430727787861366, 'hidden_continuous_size': 6, 'attention_head_size': 2, 'learning_rate': 0.001119501607033154}. Best is trial 0 with value: 130.6974334716797.
[I 2023-12-27 11:00:33,969] Trial 49 finished with value: 405.73828125 and parameters: {'gradient_clip_val': 0.3548745295515116, 'hidden_size': 5, 'dropout': 0.2809731865835689, 'hidden_continuous_size': 5, 'attention_head_size': 4, 'learning_rate': 0.0006956442190102784}. Best is trial 0 with value: 130.6974334716797.
[I 2023-12-27 11:00:34,079] A new study created in memory with name: no-name-f48629ab-6e93-438d-a868-be579710c1e4
/home/le004/conda/anaconda3/envs/tsff_env/lib/python3.9/site-packages/lightning/fabric/plugins/environments/slurm.py:191: The `srun` command is available on your system but is not used. HINT: If your intention is to run Lightning on SLURM, prepend your python command with `srun` like so: srun python /home/le004/master_thesis/git/TSFusionForecast/code/ ...
[I 2023-12-27 11:01:05,907] Trial 0 finished with value: 210.7794647216797 and parameters: {'gradient_clip_val': 0.42267015897403026, 'hidden_size': 12, 'dropout': 0.29237614144896706, 'hidden_continuous_size': 5, 'attention_head_size': 4, 'learning_rate': 0.0005883449021194708}. Best is trial 0 with value: 210.7794647216797.
[I 2023-12-27 11:01:54,643] Trial 1 finished with value: 68.35064697265625 and parameters: {'gradient_clip_val': 0.253462963184104, 'hidden_size': 93, 'dropout': 0.2494973443310657, 'hidden_continuous_size': 80, 'attention_head_size': 1, 'learning_rate': 0.013189031614745836}. Best is trial 1 with value: 68.35064697265625.
[I 2023-12-27 11:01:55,081] Trial 2 finished with value: 256.5845031738281 and parameters: {'gradient_clip_val': 0.17156458890874668, 'hidden_size': 85, 'dropout': 0.1742280110131279, 'hidden_continuous_size': 8, 'attention_head_size': 1, 'learning_rate': 0.01211415510799091}. Best is trial 1 with value: 68.35064697265625.
[I 2023-12-27 11:01:55,443] Trial 3 finished with value: 303.9336242675781 and parameters: {'gradient_clip_val': 0.6648397456323861, 'hidden_size': 27, 'dropout': 0.3144686174873562, 'hidden_continuous_size': 5, 'attention_head_size': 1, 'learning_rate': 0.056931735426395846}. Best is trial 1 with value: 68.35064697265625.
[I 2023-12-27 11:01:55,821] Trial 4 finished with value: 254.09239196777344 and parameters: {'gradient_clip_val': 0.7407408874337161, 'hidden_size': 28, 'dropout': 0.1846523942367252, 'hidden_continuous_size': 13, 'attention_head_size': 3, 'learning_rate': 0.000834059924382372}. Best is trial 1 with value: 68.35064697265625.
[I 2023-12-27 11:01:56,178] Trial 5 finished with value: 277.6826171875 and parameters: {'gradient_clip_val': 0.5683715588394875, 'hidden_size': 17, 'dropout': 0.25088963576428736, 'hidden_continuous_size': 14, 'attention_head_size': 2, 'learning_rate': 0.06637030251301299}. Best is trial 1 with value: 68.35064697265625.
[I 2023-12-27 11:01:56,939] Trial 6 finished with value: 275.1386413574219 and parameters: {'gradient_clip_val': 0.23201554630770094, 'hidden_size': 146, 'dropout': 0.4470955200427017, 'hidden_continuous_size': 11, 'attention_head_size': 1, 'learning_rate': 0.0009670326184749866}. Best is trial 1 with value: 68.35064697265625.
[I 2023-12-27 11:01:57,321] Trial 7 finished with value: 320.739501953125 and parameters: {'gradient_clip_val': 0.7319224421665356, 'hidden_size': 35, 'dropout': 0.178671533992664, 'hidden_continuous_size': 15, 'attention_head_size': 1, 'learning_rate': 0.061821833700164}. Best is trial 1 with value: 68.35064697265625.
[I 2023-12-27 11:01:57,663] Trial 8 finished with value: 229.11732482910156 and parameters: {'gradient_clip_val': 0.2877140988533582, 'hidden_size': 16, 'dropout': 0.44957633163161226, 'hidden_continuous_size': 10, 'attention_head_size': 2, 'learning_rate': 0.0075828238242512435}. Best is trial 1 with value: 68.35064697265625.
[I 2023-12-27 11:01:58,034] Trial 9 finished with value: 343.0292663574219 and parameters: {'gradient_clip_val': 0.29606923615414016, 'hidden_size': 21, 'dropout': 0.10847394923717096, 'hidden_continuous_size': 14, 'attention_head_size': 1, 'learning_rate': 0.008499630893666439}. Best is trial 1 with value: 68.35064697265625.
[I 2023-12-27 11:01:58,375] Trial 10 finished with value: 281.68719482421875 and parameters: {'gradient_clip_val': 0.10739240069720717, 'hidden_size': 6, 'dropout': 0.3669703204214256, 'hidden_continuous_size': 6, 'attention_head_size': 3, 'learning_rate': 0.0027102701600066072}. Best is trial 1 with value: 68.35064697265625.
[I 2023-12-27 11:01:58,844] Trial 11 finished with value: 234.81861877441406 and parameters: {'gradient_clip_val': 0.46867182029619747, 'hidden_size': 57, 'dropout': 0.296570191388388, 'hidden_continuous_size': 56, 'attention_head_size': 4, 'learning_rate': 0.0006361214527204364}. Best is trial 1 with value: 68.35064697265625.
[I 2023-12-27 11:01:59,242] Trial 12 finished with value: 237.8661651611328 and parameters: {'gradient_clip_val': 0.43456798004624125, 'hidden_size': 9, 'dropout': 0.26237387526733347, 'hidden_continuous_size': 5, 'attention_head_size': 4, 'learning_rate': 0.0031366551538074953}. Best is trial 1 with value: 68.35064697265625.
[I 2023-12-27 11:01:59,622] Trial 13 finished with value: 290.5076599121094 and parameters: {'gradient_clip_val': 0.39896639019584035, 'hidden_size': 10, 'dropout': 0.36670016286935603, 'hidden_continuous_size': 6, 'attention_head_size': 3, 'learning_rate': 0.020118481869236166}. Best is trial 1 with value: 68.35064697265625.
[I 2023-12-27 11:02:00,044] Trial 14 finished with value: 236.17710876464844 and parameters: {'gradient_clip_val': 0.9815364575263734, 'hidden_size': 45, 'dropout': 0.22696205420344134, 'hidden_continuous_size': 23, 'attention_head_size': 2, 'learning_rate': 0.0029923371176374153}. Best is trial 1 with value: 68.35064697265625.
[I 2023-12-27 11:02:00,517] Trial 15 finished with value: 182.996337890625 and parameters: {'gradient_clip_val': 0.21465784074148792, 'hidden_size': 78, 'dropout': 0.3246695426087161, 'hidden_continuous_size': 78, 'attention_head_size': 4, 'learning_rate': 0.020928128032150304}. Best is trial 1 with value: 68.35064697265625.
[I 2023-12-27 11:02:00,982] Trial 16 finished with value: 231.845947265625 and parameters: {'gradient_clip_val': 0.1995088069467206, 'hidden_size': 80, 'dropout': 0.35029614316249913, 'hidden_continuous_size': 80, 'attention_head_size': 3, 'learning_rate': 0.02553261347866478}. Best is trial 1 with value: 68.35064697265625.
[I 2023-12-27 11:02:01,664] Trial 17 finished with value: 248.0063018798828 and parameters: {'gradient_clip_val': 0.1519517273765649, 'hidden_size': 150, 'dropout': 0.398678148415493, 'hidden_continuous_size': 138, 'attention_head_size': 2, 'learning_rate': 0.021953027743142426}. Best is trial 1 with value: 68.35064697265625.
[I 2023-12-27 11:02:02,112] Trial 18 finished with value: 293.24029541015625 and parameters: {'gradient_clip_val': 0.25052798635156615, 'hidden_size': 80, 'dropout': 0.31706329816511314, 'hidden_continuous_size': 31, 'attention_head_size': 4, 'learning_rate': 0.03288995442958312}. Best is trial 1 with value: 68.35064697265625.
[I 2023-12-27 11:02:02,549] Trial 19 finished with value: 285.0081787109375 and parameters: {'gradient_clip_val': 0.32089289153855816, 'hidden_size': 55, 'dropout': 0.49333115042635145, 'hidden_continuous_size': 20, 'attention_head_size': 3, 'learning_rate': 0.013792026696790066}. Best is trial 1 with value: 68.35064697265625.
[I 2023-12-27 11:02:03,313] Trial 20 finished with value: 299.56488037109375 and parameters: {'gradient_clip_val': 0.14862095337674056, 'hidden_size': 111, 'dropout': 0.2303751915336612, 'hidden_continuous_size': 46, 'attention_head_size': 2, 'learning_rate': 0.03916174449125233}. Best is trial 1 with value: 68.35064697265625.
[I 2023-12-27 11:02:03,733] Trial 21 finished with value: 267.8153381347656 and parameters: {'gradient_clip_val': 0.3603412952926456, 'hidden_size': 41, 'dropout': 0.28552382428448203, 'hidden_continuous_size': 8, 'attention_head_size': 4, 'learning_rate': 0.0051603359309697295}. Best is trial 1 with value: 68.35064697265625.
[I 2023-12-27 11:02:04,167] Trial 22 finished with value: 296.3251037597656 and parameters: {'gradient_clip_val': 0.26128390752161146, 'hidden_size': 57, 'dropout': 0.3302377054184314, 'hidden_continuous_size': 18, 'attention_head_size': 4, 'learning_rate': 0.015609109335985189}. Best is trial 1 with value: 68.35064697265625.
[I 2023-12-27 11:02:04,679] Trial 23 finished with value: 308.37347412109375 and parameters: {'gradient_clip_val': 0.3426988131134957, 'hidden_size': 106, 'dropout': 0.2938922084339778, 'hidden_continuous_size': 31, 'attention_head_size': 4, 'learning_rate': 0.09383267878037199}. Best is trial 1 with value: 68.35064697265625.
[I 2023-12-27 11:02:05,120] Trial 24 finished with value: 242.22625732421875 and parameters: {'gradient_clip_val': 0.20918202499161764, 'hidden_size': 65, 'dropout': 0.27603256857169034, 'hidden_continuous_size': 27, 'attention_head_size': 4, 'learning_rate': 0.0005318997315475462}. Best is trial 1 with value: 68.35064697265625.
[I 2023-12-27 11:02:05,544] Trial 25 finished with value: 225.1033477783203 and parameters: {'gradient_clip_val': 0.285143874776231, 'hidden_size': 38, 'dropout': 0.3324654871607805, 'hidden_continuous_size': 9, 'attention_head_size': 3, 'learning_rate': 0.0016377113712961638}. Best is trial 1 with value: 68.35064697265625.
[I 2023-12-27 11:02:06,063] Trial 26 finished with value: 261.00335693359375 and parameters: {'gradient_clip_val': 0.39005404273072225, 'hidden_size': 110, 'dropout': 0.2509768424134746, 'hidden_continuous_size': 41, 'attention_head_size': 4, 'learning_rate': 0.009538926803511441}. Best is trial 1 with value: 68.35064697265625.
[I 2023-12-27 11:02:06,447] Trial 27 finished with value: 253.80198669433594 and parameters: {'gradient_clip_val': 0.22959557045926313, 'hidden_size': 33, 'dropout': 0.2971790830765443, 'hidden_continuous_size': 11, 'attention_head_size': 3, 'learning_rate': 0.004628562896653741}. Best is trial 1 with value: 68.35064697265625.
[I 2023-12-27 11:02:06,877] Trial 28 finished with value: 170.09498596191406 and parameters: {'gradient_clip_val': 0.4729842600672138, 'hidden_size': 46, 'dropout': 0.34290699754430193, 'hidden_continuous_size': 17, 'attention_head_size': 4, 'learning_rate': 0.005898532682271779}. Best is trial 1 with value: 68.35064697265625.
[I 2023-12-27 11:02:07,313] Trial 29 finished with value: 266.1532287597656 and parameters: {'gradient_clip_val': 0.33398591770261826, 'hidden_size': 47, 'dropout': 0.38020314440998326, 'hidden_continuous_size': 20, 'attention_head_size': 4, 'learning_rate': 0.011760487053949454}. Best is trial 1 with value: 68.35064697265625.
[I 2023-12-27 11:02:07,766] Trial 30 finished with value: 258.9967346191406 and parameters: {'gradient_clip_val': 0.5048823092987325, 'hidden_size': 67, 'dropout': 0.34259050925347606, 'hidden_continuous_size': 17, 'attention_head_size': 2, 'learning_rate': 0.005658818546266493}. Best is trial 1 with value: 68.35064697265625.
[I 2023-12-27 11:02:08,241] Trial 31 finished with value: 379.086669921875 and parameters: {'gradient_clip_val': 0.4595606582008099, 'hidden_size': 86, 'dropout': 0.3142730259750841, 'hidden_continuous_size': 7, 'attention_head_size': 4, 'learning_rate': 0.015755629021519908}. Best is trial 1 with value: 68.35064697265625.
[I 2023-12-27 11:02:08,675] Trial 32 finished with value: 298.0834655761719 and parameters: {'gradient_clip_val': 0.3905341796704802, 'hidden_size': 68, 'dropout': 0.2718578560350458, 'hidden_continuous_size': 8, 'attention_head_size': 4, 'learning_rate': 0.009952219627162464}. Best is trial 1 with value: 68.35064697265625.
[I 2023-12-27 11:02:09,296] Trial 33 finished with value: 290.8078308105469 and parameters: {'gradient_clip_val': 0.6080407498775154, 'hidden_size': 30, 'dropout': 0.31550575083462423, 'hidden_continuous_size': 12, 'attention_head_size': 1, 'learning_rate': 0.0012547279393052113}. Best is trial 1 with value: 68.35064697265625.
[I 2023-12-27 11:02:09,687] Trial 34 finished with value: 227.54820251464844 and parameters: {'gradient_clip_val': 0.5125359913160652, 'hidden_size': 24, 'dropout': 0.22789748497397744, 'hidden_continuous_size': 10, 'attention_head_size': 3, 'learning_rate': 0.001855483159658284}. Best is trial 1 with value: 68.35064697265625.
[I 2023-12-27 11:02:10,118] Trial 35 finished with value: 212.8297576904297 and parameters: {'gradient_clip_val': 0.18728219174638047, 'hidden_size': 52, 'dropout': 0.2133254681668046, 'hidden_continuous_size': 13, 'attention_head_size': 4, 'learning_rate': 0.0008050209780504474}. Best is trial 1 with value: 68.35064697265625.
[I 2023-12-27 11:02:10,517] Trial 36 finished with value: 205.5463104248047 and parameters: {'gradient_clip_val': 0.2671490179269935, 'hidden_size': 40, 'dropout': 0.26854594771001183, 'hidden_continuous_size': 16, 'attention_head_size': 1, 'learning_rate': 0.0067736660219706955}. Best is trial 1 with value: 68.35064697265625.
[I 2023-12-27 11:02:10,913] Trial 37 finished with value: 316.9463195800781 and parameters: {'gradient_clip_val': 0.2611615200840255, 'hidden_size': 40, 'dropout': 0.27700698227119797, 'hidden_continuous_size': 16, 'attention_head_size': 1, 'learning_rate': 0.007273435694803888}. Best is trial 1 with value: 68.35064697265625.
[I 2023-12-27 11:02:11,311] Trial 38 finished with value: 283.5350036621094 and parameters: {'gradient_clip_val': 0.21468425941939961, 'hidden_size': 34, 'dropout': 0.25541485914769957, 'hidden_continuous_size': 15, 'attention_head_size': 1, 'learning_rate': 0.012381569193995091}. Best is trial 1 with value: 68.35064697265625.
[I 2023-12-27 11:02:11,728] Trial 39 finished with value: 271.1335144042969 and parameters: {'gradient_clip_val': 0.24062167914174162, 'hidden_size': 46, 'dropout': 0.2032614071596397, 'hidden_continuous_size': 12, 'attention_head_size': 1, 'learning_rate': 0.006254868482841023}. Best is trial 1 with value: 68.35064697265625.
[I 2023-12-27 11:02:12,121] Trial 40 finished with value: 237.5614471435547 and parameters: {'gradient_clip_val': 0.2870546563969947, 'hidden_size': 26, 'dropout': 0.30728115132643563, 'hidden_continuous_size': 14, 'attention_head_size': 1, 'learning_rate': 0.009159786900439353}. Best is trial 1 with value: 68.35064697265625.
[I 2023-12-27 11:02:12,500] Trial 41 finished with value: 277.93389892578125 and parameters: {'gradient_clip_val': 0.32847740980181817, 'hidden_size': 19, 'dropout': 0.25084041939709173, 'hidden_continuous_size': 9, 'attention_head_size': 1, 'learning_rate': 0.0044425034132883285}. Best is trial 1 with value: 68.35064697265625.
[I 2023-12-27 11:02:12,905] Trial 42 finished with value: 268.338134765625 and parameters: {'gradient_clip_val': 0.30093929217568527, 'hidden_size': 28, 'dropout': 0.29026878547757395, 'hidden_continuous_size': 5, 'attention_head_size': 2, 'learning_rate': 0.007549414581729447}. Best is trial 1 with value: 68.35064697265625.
[I 2023-12-27 11:02:13,264] Trial 43 finished with value: 225.04112243652344 and parameters: {'gradient_clip_val': 0.58456435743102, 'hidden_size': 16, 'dropout': 0.33667434013088204, 'hidden_continuous_size': 7, 'attention_head_size': 4, 'learning_rate': 0.003811414918022744}. Best is trial 1 with value: 68.35064697265625.
[I 2023-12-27 11:02:13,696] Trial 44 finished with value: 326.1138610839844 and parameters: {'gradient_clip_val': 0.3616375871551223, 'hidden_size': 50, 'dropout': 0.16548140457795332, 'hidden_continuous_size': 18, 'attention_head_size': 2, 'learning_rate': 0.01792727092108389}. Best is trial 1 with value: 68.35064697265625.
[I 2023-12-27 11:02:14,114] Trial 45 finished with value: 234.93165588378906 and parameters: {'gradient_clip_val': 0.42841510849018133, 'hidden_size': 40, 'dropout': 0.2675872532567087, 'hidden_continuous_size': 15, 'attention_head_size': 3, 'learning_rate': 0.0025014835926928736}. Best is trial 1 with value: 68.35064697265625.
[I 2023-12-27 11:02:14,751] Trial 46 finished with value: 251.8824005126953 and parameters: {'gradient_clip_val': 0.26729546545364713, 'hidden_size': 13, 'dropout': 0.3560335492266291, 'hidden_continuous_size': 9, 'attention_head_size': 1, 'learning_rate': 0.010984405557282272}. Best is trial 1 with value: 68.35064697265625.
[I 2023-12-27 11:02:15,103] Trial 47 finished with value: 233.79551696777344 and parameters: {'gradient_clip_val': 0.2278237205173851, 'hidden_size': 5, 'dropout': 0.3056204983307878, 'hidden_continuous_size': 5, 'attention_head_size': 4, 'learning_rate': 0.006641739242409287}. Best is trial 1 with value: 68.35064697265625.
[I 2023-12-27 11:02:15,488] Trial 48 finished with value: 308.1996154785156 and parameters: {'gradient_clip_val': 0.29210089989080873, 'hidden_size': 23, 'dropout': 0.32496819745937555, 'hidden_continuous_size': 11, 'attention_head_size': 1, 'learning_rate': 0.0248753060020497}. Best is trial 1 with value: 68.35064697265625.
[I 2023-12-27 11:02:15,904] Trial 49 finished with value: 244.97894287109375 and parameters: {'gradient_clip_val': 0.17879849244477605, 'hidden_size': 29, 'dropout': 0.3507075487993394, 'hidden_continuous_size': 14, 'attention_head_size': 3, 'learning_rate': 0.0037728815433175247}. Best is trial 1 with value: 68.35064697265625.
[I 2023-12-27 11:02:16,022] A new study created in memory with name: no-name-27be0567-7172-475b-994d-30a136f4716e
/home/le004/conda/anaconda3/envs/tsff_env/lib/python3.9/site-packages/lightning/fabric/plugins/environments/slurm.py:191: The `srun` command is available on your system but is not used. HINT: If your intention is to run Lightning on SLURM, prepend your python command with `srun` like so: srun python /home/le004/master_thesis/git/TSFusionForecast/code/ ...
[I 2023-12-27 11:02:41,391] Trial 0 finished with value: 135.145751953125 and parameters: {'gradient_clip_val': 0.77666625884051, 'hidden_size': 9, 'dropout': 0.3449114427361831, 'hidden_continuous_size': 5, 'attention_head_size': 1, 'learning_rate': 0.021766229935707773}. Best is trial 0 with value: 135.145751953125.
[I 2023-12-27 11:02:41,780] Trial 1 finished with value: 396.5499572753906 and parameters: {'gradient_clip_val': 0.7461966061518845, 'hidden_size': 35, 'dropout': 0.48863139077597173, 'hidden_continuous_size': 30, 'attention_head_size': 3, 'learning_rate': 0.02722474715571671}. Best is trial 0 with value: 135.145751953125.
