[I 2023-12-27 11:03:42,515] Trial 33 finished with value: 7937.193359375 and parameters: {'gradient_clip_val': 0.5784124782252924, 'hidden_size': 12, 'dropout': 0.42760741317987916, 'hidden_continuous_size': 6, 'attention_head_size': 1, 'learning_rate': 0.0017516326751504368}. Best is trial 1 with value: 1528.1048583984375.
[I 2023-12-27 11:03:42,860] Trial 34 finished with value: 7384.24072265625 and parameters: {'gradient_clip_val': 0.7444636654558907, 'hidden_size': 8, 'dropout': 0.46008818674954916, 'hidden_continuous_size': 5, 'attention_head_size': 2, 'learning_rate': 0.0026820500746440106}. Best is trial 1 with value: 1528.1048583984375.
[I 2023-12-27 11:03:43,227] Trial 35 finished with value: 7232.15087890625 and parameters: {'gradient_clip_val': 0.8819707543091445, 'hidden_size': 23, 'dropout': 0.47506339982091245, 'hidden_continuous_size': 12, 'attention_head_size': 1, 'learning_rate': 0.011980306960459463}. Best is trial 1 with value: 1528.1048583984375.
[I 2023-12-27 11:03:43,592] Trial 36 finished with value: 7616.57080078125 and parameters: {'gradient_clip_val': 0.2902947092553098, 'hidden_size': 11, 'dropout': 0.43556592321946497, 'hidden_continuous_size': 8, 'attention_head_size': 4, 'learning_rate': 0.005632928245747336}. Best is trial 1 with value: 1528.1048583984375.
[I 2023-12-27 11:03:43,933] Trial 37 finished with value: 9512.2705078125 and parameters: {'gradient_clip_val': 0.4549913449975971, 'hidden_size': 16, 'dropout': 0.3684948236608589, 'hidden_continuous_size': 9, 'attention_head_size': 1, 'learning_rate': 0.0030159965906611584}. Best is trial 1 with value: 1528.1048583984375.
[I 2023-12-27 11:03:44,287] Trial 38 finished with value: 8759.2373046875 and parameters: {'gradient_clip_val': 0.7440230595345944, 'hidden_size': 7, 'dropout': 0.4071923505927961, 'hidden_continuous_size': 5, 'attention_head_size': 2, 'learning_rate': 0.0020219549714288847}. Best is trial 1 with value: 1528.1048583984375.
[I 2023-12-27 11:03:44,886] Trial 39 finished with value: 7408.78515625 and parameters: {'gradient_clip_val': 0.607935916088801, 'hidden_size': 10, 'dropout': 0.3769287088775326, 'hidden_continuous_size': 6, 'attention_head_size': 2, 'learning_rate': 0.0007820531617321399}. Best is trial 1 with value: 1528.1048583984375.
[I 2023-12-27 11:03:45,242] Trial 40 finished with value: 6422.57373046875 and parameters: {'gradient_clip_val': 0.9803997421733222, 'hidden_size': 14, 'dropout': 0.3393133844814964, 'hidden_continuous_size': 8, 'attention_head_size': 1, 'learning_rate': 0.0023943078271333918}. Best is trial 1 with value: 1528.1048583984375.
[I 2023-12-27 11:03:45,581] Trial 41 finished with value: 7581.42041015625 and parameters: {'gradient_clip_val': 0.48921430143146194, 'hidden_size': 16, 'dropout': 0.4412265633394906, 'hidden_continuous_size': 7, 'attention_head_size': 1, 'learning_rate': 0.004878704205565927}. Best is trial 1 with value: 1528.1048583984375.
[I 2023-12-27 11:03:45,938] Trial 42 finished with value: 7034.21044921875 and parameters: {'gradient_clip_val': 0.5054620456483313, 'hidden_size': 12, 'dropout': 0.4027911664992382, 'hidden_continuous_size': 7, 'attention_head_size': 1, 'learning_rate': 0.003964706960819554}. Best is trial 1 with value: 1528.1048583984375.
[I 2023-12-27 11:03:46,319] Trial 43 finished with value: 6512.92822265625 and parameters: {'gradient_clip_val': 0.5939022652336436, 'hidden_size': 23, 'dropout': 0.4835305681655964, 'hidden_continuous_size': 10, 'attention_head_size': 1, 'learning_rate': 0.0021265955371421244}. Best is trial 1 with value: 1528.1048583984375.
[I 2023-12-27 11:03:46,745] Trial 44 finished with value: 6210.02978515625 and parameters: {'gradient_clip_val': 0.4363423837957536, 'hidden_size': 65, 'dropout': 0.4485507782733852, 'hidden_continuous_size': 14, 'attention_head_size': 1, 'learning_rate': 0.007894539657020873}. Best is trial 1 with value: 1528.1048583984375.
[I 2023-12-27 11:03:47,121] Trial 45 finished with value: 6804.61572265625 and parameters: {'gradient_clip_val': 0.6975023800358094, 'hidden_size': 33, 'dropout': 0.4257675626306613, 'hidden_continuous_size': 15, 'attention_head_size': 3, 'learning_rate': 0.0026982078352139663}. Best is trial 1 with value: 1528.1048583984375.
[I 2023-12-27 11:03:47,466] Trial 46 finished with value: 4972.85400390625 and parameters: {'gradient_clip_val': 0.5437317349399609, 'hidden_size': 17, 'dropout': 0.4746207084661216, 'hidden_continuous_size': 8, 'attention_head_size': 1, 'learning_rate': 0.004143628960897024}. Best is trial 1 with value: 1528.1048583984375.
[I 2023-12-27 11:03:47,940] Trial 47 finished with value: 4923.7451171875 and parameters: {'gradient_clip_val': 0.551941406045637, 'hidden_size': 106, 'dropout': 0.48613312166343553, 'hidden_continuous_size': 16, 'attention_head_size': 2, 'learning_rate': 0.006298739105680114}. Best is trial 1 with value: 1528.1048583984375.
[I 2023-12-27 11:03:48,449] Trial 48 finished with value: 6926.94677734375 and parameters: {'gradient_clip_val': 0.39191516357928896, 'hidden_size': 111, 'dropout': 0.4874452210795477, 'hidden_continuous_size': 17, 'attention_head_size': 2, 'learning_rate': 0.0011906388116533096}. Best is trial 1 with value: 1528.1048583984375.
[I 2023-12-27 11:03:48,954] Trial 49 finished with value: 5320.72900390625 and parameters: {'gradient_clip_val': 0.5408501475679337, 'hidden_size': 122, 'dropout': 0.496788673627014, 'hidden_continuous_size': 12, 'attention_head_size': 2, 'learning_rate': 0.0018060125260458903}. Best is trial 1 with value: 1528.1048583984375.
[I 2023-12-27 11:03:49,059] A new study created in memory with name: no-name-f8de8fc4-e42c-46c8-8ea9-fc4fef540a99
/home/le004/conda/anaconda3/envs/tsff_env/lib/python3.9/site-packages/lightning/fabric/plugins/environments/slurm.py:191: The `srun` command is available on your system but is not used. HINT: If your intention is to run Lightning on SLURM, prepend your python command with `srun` like so: srun python /home/le004/master_thesis/git/TSFusionForecast/code/ ...
[I 2023-12-27 11:04:25,039] Trial 0 finished with value: 3068.48828125 and parameters: {'gradient_clip_val': 0.3499224497831451, 'hidden_size': 64, 'dropout': 0.12965712053458767, 'hidden_continuous_size': 31, 'attention_head_size': 2, 'learning_rate': 0.00421463521058864}. Best is trial 0 with value: 3068.48828125.
[I 2023-12-27 11:04:25,366] Trial 1 finished with value: 7408.736328125 and parameters: {'gradient_clip_val': 0.21806595389173708, 'hidden_size': 7, 'dropout': 0.1443065007450065, 'hidden_continuous_size': 6, 'attention_head_size': 3, 'learning_rate': 0.025555087599186323}. Best is trial 0 with value: 3068.48828125.
[I 2023-12-27 11:04:25,679] Trial 2 finished with value: 5583.35498046875 and parameters: {'gradient_clip_val': 0.8538082563268685, 'hidden_size': 16, 'dropout': 0.31664558856416214, 'hidden_continuous_size': 11, 'attention_head_size': 1, 'learning_rate': 0.052874071217727865}. Best is trial 0 with value: 3068.48828125.
[I 2023-12-27 11:04:26,012] Trial 3 finished with value: 5641.52099609375 and parameters: {'gradient_clip_val': 0.21421947154430257, 'hidden_size': 15, 'dropout': 0.11383405222099903, 'hidden_continuous_size': 7, 'attention_head_size': 2, 'learning_rate': 0.0021440267783443}. Best is trial 0 with value: 3068.48828125.
[I 2023-12-27 11:04:26,472] Trial 4 finished with value: 5812.70458984375 and parameters: {'gradient_clip_val': 0.3745283198325766, 'hidden_size': 112, 'dropout': 0.4150681701746529, 'hidden_continuous_size': 37, 'attention_head_size': 3, 'learning_rate': 0.005999408924227861}. Best is trial 0 with value: 3068.48828125.
[I 2023-12-27 11:04:26,803] Trial 5 finished with value: 6287.61328125 and parameters: {'gradient_clip_val': 0.26053226743902724, 'hidden_size': 10, 'dropout': 0.4037648607248273, 'hidden_continuous_size': 6, 'attention_head_size': 3, 'learning_rate': 0.020150479052891794}. Best is trial 0 with value: 3068.48828125.
[I 2023-12-27 11:04:27,186] Trial 6 finished with value: 6962.51318359375 and parameters: {'gradient_clip_val': 0.10011579910400537, 'hidden_size': 50, 'dropout': 0.3454726207515969, 'hidden_continuous_size': 39, 'attention_head_size': 4, 'learning_rate': 0.03322594110260459}. Best is trial 0 with value: 3068.48828125.
[I 2023-12-27 11:04:27,514] Trial 7 finished with value: 5369.6845703125 and parameters: {'gradient_clip_val': 0.3471477045118242, 'hidden_size': 11, 'dropout': 0.37384273571427384, 'hidden_continuous_size': 6, 'attention_head_size': 2, 'learning_rate': 0.0019859238922568124}. Best is trial 0 with value: 3068.48828125.
[I 2023-12-27 11:04:27,950] Trial 8 finished with value: 6761.57958984375 and parameters: {'gradient_clip_val': 0.13518460181391237, 'hidden_size': 89, 'dropout': 0.2224671750540265, 'hidden_continuous_size': 28, 'attention_head_size': 3, 'learning_rate': 0.05047297871639939}. Best is trial 0 with value: 3068.48828125.
[I 2023-12-27 11:04:28,323] Trial 9 finished with value: 6945.44873046875 and parameters: {'gradient_clip_val': 0.26460830067438373, 'hidden_size': 44, 'dropout': 0.14571274079285992, 'hidden_continuous_size': 36, 'attention_head_size': 2, 'learning_rate': 0.023918282238616296}. Best is trial 0 with value: 3068.48828125.
[I 2023-12-27 11:04:28,699] Trial 10 finished with value: 5471.10400390625 and parameters: {'gradient_clip_val': 0.6444901818918743, 'hidden_size': 31, 'dropout': 0.47406753270254776, 'hidden_continuous_size': 20, 'attention_head_size': 1, 'learning_rate': 0.0005218127686844699}. Best is trial 0 with value: 3068.48828125.
[I 2023-12-27 11:04:29,016] Trial 11 finished with value: 6036.71337890625 and parameters: {'gradient_clip_val': 0.43186685168524136, 'hidden_size': 5, 'dropout': 0.24704709645986903, 'hidden_continuous_size': 5, 'attention_head_size': 2, 'learning_rate': 0.0029383566455756746}. Best is trial 0 with value: 3068.48828125.
[I 2023-12-27 11:04:29,373] Trial 12 finished with value: 6337.826171875 and parameters: {'gradient_clip_val': 0.4899470903918833, 'hidden_size': 24, 'dropout': 0.2471290307808053, 'hidden_continuous_size': 11, 'attention_head_size': 1, 'learning_rate': 0.0016480789531728122}. Best is trial 0 with value: 3068.48828125.
[I 2023-12-27 11:04:30,060] Trial 13 finished with value: 6946.69140625 and parameters: {'gradient_clip_val': 0.34583340956624037, 'hidden_size': 71, 'dropout': 0.3530794261312342, 'hidden_continuous_size': 60, 'attention_head_size': 2, 'learning_rate': 0.007740973226175305}. Best is trial 0 with value: 3068.48828125.
[I 2023-12-27 11:04:30,643] Trial 14 finished with value: 5978.22509765625 and parameters: {'gradient_clip_val': 0.48458875526296474, 'hidden_size': 136, 'dropout': 0.29277002608918967, 'hidden_continuous_size': 101, 'attention_head_size': 4, 'learning_rate': 0.0008855476844555285}. Best is trial 0 with value: 3068.48828125.
[I 2023-12-27 11:04:31,068] Trial 15 finished with value: 7430.32666015625 and parameters: {'gradient_clip_val': 0.2989074389196478, 'hidden_size': 69, 'dropout': 0.2018799860748312, 'hidden_continuous_size': 15, 'attention_head_size': 2, 'learning_rate': 0.005057170121404817}. Best is trial 0 with value: 3068.48828125.
[I 2023-12-27 11:04:31,427] Trial 16 finished with value: 6447.552734375 and parameters: {'gradient_clip_val': 0.6129297446214189, 'hidden_size': 24, 'dropout': 0.18907649709920848, 'hidden_continuous_size': 8, 'attention_head_size': 1, 'learning_rate': 0.011494138349794318}. Best is trial 0 with value: 3068.48828125.
[I 2023-12-27 11:04:31,788] Trial 17 finished with value: 6319.54296875 and parameters: {'gradient_clip_val': 0.9733835814121968, 'hidden_size': 10, 'dropout': 0.27979659532639495, 'hidden_continuous_size': 5, 'attention_head_size': 2, 'learning_rate': 0.0035700464401186415}. Best is trial 0 with value: 3068.48828125.
[I 2023-12-27 11:04:32,185] Trial 18 finished with value: 6723.71484375 and parameters: {'gradient_clip_val': 0.36595711190802666, 'hidden_size': 37, 'dropout': 0.10718368160147845, 'hidden_continuous_size': 9, 'attention_head_size': 3, 'learning_rate': 0.0014291173013374129}. Best is trial 0 with value: 3068.48828125.
[I 2023-12-27 11:04:32,597] Trial 19 finished with value: 7087.09326171875 and parameters: {'gradient_clip_val': 0.18916652642254422, 'hidden_size': 59, 'dropout': 0.17489283721767462, 'hidden_continuous_size': 18, 'attention_head_size': 1, 'learning_rate': 0.003426462831415747}. Best is trial 0 with value: 3068.48828125.
[I 2023-12-27 11:04:33,049] Trial 20 finished with value: 5945.92431640625 and parameters: {'gradient_clip_val': 0.30306654075235057, 'hidden_size': 91, 'dropout': 0.261552740555808, 'hidden_continuous_size': 15, 'attention_head_size': 2, 'learning_rate': 0.00884383898799076}. Best is trial 0 with value: 3068.48828125.
[I 2023-12-27 11:04:33,426] Trial 21 finished with value: 5670.21533203125 and parameters: {'gradient_clip_val': 0.6212978808280212, 'hidden_size': 35, 'dropout': 0.48226947629281763, 'hidden_continuous_size': 18, 'attention_head_size': 1, 'learning_rate': 0.0005583267377139424}. Best is trial 0 with value: 3068.48828125.
[I 2023-12-27 11:04:33,792] Trial 22 finished with value: 5515.990234375 and parameters: {'gradient_clip_val': 0.6572267201509465, 'hidden_size': 30, 'dropout': 0.4942064791492046, 'hidden_continuous_size': 10, 'attention_head_size': 1, 'learning_rate': 0.00052608058935962}. Best is trial 0 with value: 3068.48828125.
[I 2023-12-27 11:04:34,172] Trial 23 finished with value: 6673.470703125 and parameters: {'gradient_clip_val': 0.41656916432614083, 'hidden_size': 48, 'dropout': 0.44889219660550705, 'hidden_continuous_size': 22, 'attention_head_size': 2, 'learning_rate': 0.0016034203666647608}. Best is trial 0 with value: 3068.48828125.
[I 2023-12-27 11:04:34,525] Trial 24 finished with value: 6462.02197265625 and parameters: {'gradient_clip_val': 0.48574067922823266, 'hidden_size': 22, 'dropout': 0.392852792736117, 'hidden_continuous_size': 8, 'attention_head_size': 1, 'learning_rate': 0.0008933418510785947}. Best is trial 0 with value: 3068.48828125.
[I 2023-12-27 11:04:34,895] Trial 25 finished with value: 5599.72705078125 and parameters: {'gradient_clip_val': 0.721040354748429, 'hidden_size': 36, 'dropout': 0.4393530214970232, 'hidden_continuous_size': 12, 'attention_head_size': 2, 'learning_rate': 0.0010010699736876635}. Best is trial 0 with value: 3068.48828125.
[I 2023-12-27 11:04:35,259] Trial 26 finished with value: 6369.07666015625 and parameters: {'gradient_clip_val': 0.5512767708418211, 'hidden_size': 18, 'dropout': 0.36145339288781725, 'hidden_continuous_size': 7, 'attention_head_size': 1, 'learning_rate': 0.0027535880760867085}. Best is trial 0 with value: 3068.48828125.
[I 2023-12-27 11:04:35,882] Trial 27 finished with value: 8745.705078125 and parameters: {'gradient_clip_val': 0.7295824473296765, 'hidden_size': 30, 'dropout': 0.3081398570903991, 'hidden_continuous_size': 14, 'attention_head_size': 2, 'learning_rate': 0.005016648589502463}. Best is trial 0 with value: 3068.48828125.
[I 2023-12-27 11:04:36,247] Trial 28 finished with value: 6292.13037109375 and parameters: {'gradient_clip_val': 0.4100273824787887, 'hidden_size': 13, 'dropout': 0.37757319392321304, 'hidden_continuous_size': 9, 'attention_head_size': 3, 'learning_rate': 0.0022046657613602224}. Best is trial 0 with value: 3068.48828125.
[I 2023-12-27 11:04:36,601] Trial 29 finished with value: 5335.32275390625 and parameters: {'gradient_clip_val': 0.3244106870646111, 'hidden_size': 6, 'dropout': 0.3293026922739374, 'hidden_continuous_size': 5, 'attention_head_size': 4, 'learning_rate': 0.0012524273026178318}. Best is trial 0 with value: 3068.48828125.
[I 2023-12-27 11:04:36,946] Trial 30 finished with value: 6828.35986328125 and parameters: {'gradient_clip_val': 0.3309770778378315, 'hidden_size': 6, 'dropout': 0.32938268305599255, 'hidden_continuous_size': 5, 'attention_head_size': 4, 'learning_rate': 0.004089146406475247}. Best is trial 0 with value: 3068.48828125.
[I 2023-12-27 11:04:37,307] Trial 31 finished with value: 7217.23583984375 and parameters: {'gradient_clip_val': 0.5246563765276967, 'hidden_size': 8, 'dropout': 0.3359191626160741, 'hidden_continuous_size': 6, 'attention_head_size': 4, 'learning_rate': 0.0011886690011087366}. Best is trial 0 with value: 3068.48828125.
[I 2023-12-27 11:04:37,623] Trial 32 finished with value: 7633.38916015625 and parameters: {'gradient_clip_val': 0.416090309024589, 'hidden_size': 5, 'dropout': 0.3733508636915824, 'hidden_continuous_size': 5, 'attention_head_size': 3, 'learning_rate': 0.0007030172319222272}. Best is trial 0 with value: 3068.48828125.
[I 2023-12-27 11:04:37,975] Trial 33 finished with value: 7229.86474609375 and parameters: {'gradient_clip_val': 0.26817502411051913, 'hidden_size': 7, 'dropout': 0.2973870173954421, 'hidden_continuous_size': 5, 'attention_head_size': 4, 'learning_rate': 0.0020529005621227445}. Best is trial 0 with value: 3068.48828125.
[I 2023-12-27 11:04:38,331] Trial 34 finished with value: 6364.84716796875 and parameters: {'gradient_clip_val': 0.35280659574037, 'hidden_size': 19, 'dropout': 0.3253204929312534, 'hidden_continuous_size': 6, 'attention_head_size': 3, 'learning_rate': 0.0012154308059525766}. Best is trial 0 with value: 3068.48828125.
[I 2023-12-27 11:04:38,689] Trial 35 finished with value: 7133.451171875 and parameters: {'gradient_clip_val': 0.8598333941968654, 'hidden_size': 13, 'dropout': 0.4310855836102365, 'hidden_continuous_size': 7, 'attention_head_size': 2, 'learning_rate': 0.0007554739006281394}. Best is trial 0 with value: 3068.48828125.
[I 2023-12-27 11:04:39,035] Trial 36 finished with value: 6754.443359375 and parameters: {'gradient_clip_val': 0.21943188078732284, 'hidden_size': 9, 'dropout': 0.4060305713866476, 'hidden_continuous_size': 6, 'attention_head_size': 1, 'learning_rate': 0.0019388845350794067}. Best is trial 0 with value: 3068.48828125.
[I 2023-12-27 11:04:39,388] Trial 37 finished with value: 5801.04052734375 and parameters: {'gradient_clip_val': 0.3218300423297371, 'hidden_size': 12, 'dropout': 0.4625515581614782, 'hidden_continuous_size': 7, 'attention_head_size': 3, 'learning_rate': 0.0006714996445435576}. Best is trial 0 with value: 3068.48828125.
[I 2023-12-27 11:04:39,726] Trial 38 finished with value: 6169.17333984375 and parameters: {'gradient_clip_val': 0.3774637031557295, 'hidden_size': 16, 'dropout': 0.3922768479307673, 'hidden_continuous_size': 8, 'attention_head_size': 2, 'learning_rate': 0.0011892939836287456}. Best is trial 0 with value: 3068.48828125.
[I 2023-12-27 11:04:40,076] Trial 39 finished with value: 6077.990234375 and parameters: {'gradient_clip_val': 0.4461628990136244, 'hidden_size': 7, 'dropout': 0.422280130556302, 'hidden_continuous_size': 5, 'attention_head_size': 4, 'learning_rate': 0.0025816790413168596}. Best is trial 0 with value: 3068.48828125.
[I 2023-12-27 11:04:40,642] Trial 40 finished with value: 6444.45556640625 and parameters: {'gradient_clip_val': 0.5616347367800008, 'hidden_size': 6, 'dropout': 0.3178021806448301, 'hidden_continuous_size': 5, 'attention_head_size': 2, 'learning_rate': 0.0005270491733108339}. Best is trial 0 with value: 3068.48828125.
[I 2023-12-27 11:04:41,015] Trial 41 finished with value: 6359.25390625 and parameters: {'gradient_clip_val': 0.6618441339215002, 'hidden_size': 30, 'dropout': 0.47172533421188784, 'hidden_continuous_size': 12, 'attention_head_size': 1, 'learning_rate': 0.0005092163720145666}. Best is trial 0 with value: 3068.48828125.
[I 2023-12-27 11:04:41,383] Trial 42 finished with value: 6451.11865234375 and parameters: {'gradient_clip_val': 0.47192173651712865, 'hidden_size': 28, 'dropout': 0.48793281386508314, 'hidden_continuous_size': 10, 'attention_head_size': 1, 'learning_rate': 0.000734544935133993}. Best is trial 0 with value: 3068.48828125.
[I 2023-12-27 11:04:41,735] Trial 43 finished with value: 6056.86279296875 and parameters: {'gradient_clip_val': 0.39537418673288255, 'hidden_size': 20, 'dropout': 0.4537884133453198, 'hidden_continuous_size': 10, 'attention_head_size': 1, 'learning_rate': 0.0009823124465826814}. Best is trial 0 with value: 3068.48828125.
[I 2023-12-27 11:04:42,112] Trial 44 finished with value: 6000.78564453125 and parameters: {'gradient_clip_val': 0.7646555888264578, 'hidden_size': 40, 'dropout': 0.496745738932147, 'hidden_continuous_size': 23, 'attention_head_size': 1, 'learning_rate': 0.0006251135020896415}. Best is trial 0 with value: 3068.48828125.
[I 2023-12-27 11:04:42,477] Trial 45 finished with value: 6036.482421875 and parameters: {'gradient_clip_val': 0.5316541573947937, 'hidden_size': 25, 'dropout': 0.41964063326486317, 'hidden_continuous_size': 13, 'attention_head_size': 2, 'learning_rate': 0.001489800414513458}. Best is trial 0 with value: 3068.48828125.
[I 2023-12-27 11:04:42,879] Trial 46 finished with value: 6064.41796875 and parameters: {'gradient_clip_val': 0.4435796226392464, 'hidden_size': 51, 'dropout': 0.47224668089554184, 'hidden_continuous_size': 30, 'attention_head_size': 1, 'learning_rate': 0.0008497658172606989}. Best is trial 0 with value: 3068.48828125.
[I 2023-12-27 11:04:43,264] Trial 47 finished with value: 6200.23974609375 and parameters: {'gradient_clip_val': 0.28730005787146906, 'hidden_size': 11, 'dropout': 0.35200358401340626, 'hidden_continuous_size': 6, 'attention_head_size': 2, 'learning_rate': 0.0018239365033119218}. Best is trial 0 with value: 3068.48828125.
[I 2023-12-27 11:04:43,640] Trial 48 finished with value: 5748.17919921875 and parameters: {'gradient_clip_val': 0.37476113772443004, 'hidden_size': 14, 'dropout': 0.4467271320185505, 'hidden_continuous_size': 9, 'attention_head_size': 1, 'learning_rate': 0.0005178595002678242}. Best is trial 0 with value: 3068.48828125.
