[I 2023-12-27 10:59:18,208] Trial 21 finished with value: 3.5309689044952393 and parameters: {'gradient_clip_val': 0.25661393331467747, 'hidden_size': 33, 'dropout': 0.21754973089715818, 'hidden_continuous_size': 13, 'attention_head_size': 4, 'learning_rate': 0.06112718032654051}. Best is trial 0 with value: 0.11444845050573349.
[I 2023-12-27 10:59:18,625] Trial 22 finished with value: 4.902222156524658 and parameters: {'gradient_clip_val': 0.19497339123272112, 'hidden_size': 44, 'dropout': 0.16169911065981124, 'hidden_continuous_size': 14, 'attention_head_size': 4, 'learning_rate': 0.045445631979906136}. Best is trial 0 with value: 0.11444845050573349.
[I 2023-12-27 10:59:19,010] Trial 23 finished with value: 4.54746150970459 and parameters: {'gradient_clip_val': 0.26858124723991583, 'hidden_size': 19, 'dropout': 0.183761074387143, 'hidden_continuous_size': 8, 'attention_head_size': 3, 'learning_rate': 0.03715205992206862}. Best is trial 0 with value: 0.11444845050573349.
[I 2023-12-27 10:59:19,434] Trial 24 finished with value: 4.131765365600586 and parameters: {'gradient_clip_val': 0.3544474108085033, 'hidden_size': 55, 'dropout': 0.15810540270795415, 'hidden_continuous_size': 18, 'attention_head_size': 3, 'learning_rate': 0.07476610708809604}. Best is trial 0 with value: 0.11444845050573349.
[I 2023-12-27 10:59:19,802] Trial 25 finished with value: 4.165842533111572 and parameters: {'gradient_clip_val': 0.20316816158555323, 'hidden_size': 12, 'dropout': 0.2100721167648397, 'hidden_continuous_size': 7, 'attention_head_size': 4, 'learning_rate': 0.04031251542341342}. Best is trial 0 with value: 0.11444845050573349.
[I 2023-12-27 10:59:20,181] Trial 26 finished with value: 3.365870475769043 and parameters: {'gradient_clip_val': 0.2898688448117001, 'hidden_size': 18, 'dropout': 0.24603467689848363, 'hidden_continuous_size': 11, 'attention_head_size': 3, 'learning_rate': 0.0790013757689648}. Best is trial 0 with value: 0.11444845050573349.
[I 2023-12-27 10:59:20,581] Trial 27 finished with value: 3.1248152256011963 and parameters: {'gradient_clip_val': 0.14543646001608496, 'hidden_size': 25, 'dropout': 0.10192192059616492, 'hidden_continuous_size': 12, 'attention_head_size': 4, 'learning_rate': 0.05800332685592208}. Best is trial 0 with value: 0.11444845050573349.
[I 2023-12-27 10:59:21,163] Trial 28 finished with value: 3.966602325439453 and parameters: {'gradient_clip_val': 0.2417361382174413, 'hidden_size': 8, 'dropout': 0.2172310585517535, 'hidden_continuous_size': 6, 'attention_head_size': 3, 'learning_rate': 0.023784886490552083}. Best is trial 0 with value: 0.11444845050573349.
[I 2023-12-27 10:59:21,543] Trial 29 finished with value: 3.9810831546783447 and parameters: {'gradient_clip_val': 0.1321801251656081, 'hidden_size': 11, 'dropout': 0.13212546547832543, 'hidden_continuous_size': 8, 'attention_head_size': 2, 'learning_rate': 0.05979817272230314}. Best is trial 0 with value: 0.11444845050573349.
[I 2023-12-27 10:59:21,923] Trial 30 finished with value: 3.639059066772461 and parameters: {'gradient_clip_val': 0.1802504278662128, 'hidden_size': 10, 'dropout': 0.1771563432622609, 'hidden_continuous_size': 8, 'attention_head_size': 4, 'learning_rate': 0.033104816108815174}. Best is trial 0 with value: 0.11444845050573349.
[I 2023-12-27 10:59:22,325] Trial 31 finished with value: 3.1398117542266846 and parameters: {'gradient_clip_val': 0.13915755176333627, 'hidden_size': 30, 'dropout': 0.10177866627898396, 'hidden_continuous_size': 12, 'attention_head_size': 4, 'learning_rate': 0.06358311727212791}. Best is trial 0 with value: 0.11444845050573349.
[I 2023-12-27 10:59:22,706] Trial 32 finished with value: 3.2786519527435303 and parameters: {'gradient_clip_val': 0.17009146828088717, 'hidden_size': 22, 'dropout': 0.12947768592921605, 'hidden_continuous_size': 9, 'attention_head_size': 4, 'learning_rate': 0.051689555330684776}. Best is trial 0 with value: 0.11444845050573349.
[I 2023-12-27 10:59:23,126] Trial 33 finished with value: 2.613985776901245 and parameters: {'gradient_clip_val': 0.12699301159565643, 'hidden_size': 64, 'dropout': 0.1520515274300371, 'hidden_continuous_size': 16, 'attention_head_size': 4, 'learning_rate': 0.07085896689651938}. Best is trial 0 with value: 0.11444845050573349.
[I 2023-12-27 10:59:23,564] Trial 34 finished with value: 2.6798336505889893 and parameters: {'gradient_clip_val': 0.11613827711933589, 'hidden_size': 62, 'dropout': 0.15916512066266644, 'hidden_continuous_size': 17, 'attention_head_size': 1, 'learning_rate': 0.09010265691012498}. Best is trial 0 with value: 0.11444845050573349.
[I 2023-12-27 10:59:24,009] Trial 35 finished with value: 3.1958515644073486 and parameters: {'gradient_clip_val': 0.12111543622863391, 'hidden_size': 68, 'dropout': 0.14732992332953984, 'hidden_continuous_size': 17, 'attention_head_size': 1, 'learning_rate': 0.09254268273856382}. Best is trial 0 with value: 0.11444845050573349.
[I 2023-12-27 10:59:24,477] Trial 36 finished with value: 3.301753044128418 and parameters: {'gradient_clip_val': 0.11199633456052586, 'hidden_size': 86, 'dropout': 0.1500672338856223, 'hidden_continuous_size': 23, 'attention_head_size': 1, 'learning_rate': 0.0772122283766873}. Best is trial 0 with value: 0.11444845050573349.
[I 2023-12-27 10:59:24,977] Trial 37 finished with value: 3.627073049545288 and parameters: {'gradient_clip_val': 0.10014375481907133, 'hidden_size': 108, 'dropout': 0.12332645111365101, 'hidden_continuous_size': 27, 'attention_head_size': 1, 'learning_rate': 0.03594057930015216}. Best is trial 0 with value: 0.11444845050573349.
[I 2023-12-27 10:59:25,540] Trial 38 finished with value: 4.0476508140563965 and parameters: {'gradient_clip_val': 0.12328133992700073, 'hidden_size': 137, 'dropout': 0.19779748773657202, 'hidden_continuous_size': 36, 'attention_head_size': 2, 'learning_rate': 0.04564987033080073}. Best is trial 0 with value: 0.11444845050573349.
[I 2023-12-27 10:59:25,974] Trial 39 finished with value: 3.84842586517334 and parameters: {'gradient_clip_val': 0.12859869929113035, 'hidden_size': 63, 'dropout': 0.17202428942515005, 'hidden_continuous_size': 10, 'attention_head_size': 3, 'learning_rate': 0.024921393831275986}. Best is trial 0 with value: 0.11444845050573349.
[I 2023-12-27 10:59:26,368] Trial 40 finished with value: 3.5716278553009033 and parameters: {'gradient_clip_val': 0.1571599446272769, 'hidden_size': 39, 'dropout': 0.1313100875379731, 'hidden_continuous_size': 15, 'attention_head_size': 1, 'learning_rate': 0.07647653921320421}. Best is trial 0 with value: 0.11444845050573349.
[I 2023-12-27 10:59:26,774] Trial 41 finished with value: 4.074831008911133 and parameters: {'gradient_clip_val': 0.22080902691311502, 'hidden_size': 44, 'dropout': 0.18556658704719, 'hidden_continuous_size': 17, 'attention_head_size': 3, 'learning_rate': 0.06583957962218058}. Best is trial 0 with value: 0.11444845050573349.
[I 2023-12-27 10:59:27,464] Trial 42 finished with value: 4.377833843231201 and parameters: {'gradient_clip_val': 0.21217512407503714, 'hidden_size': 83, 'dropout': 0.22923919358282127, 'hidden_continuous_size': 15, 'attention_head_size': 4, 'learning_rate': 0.04495287719034344}. Best is trial 0 with value: 0.11444845050573349.
[I 2023-12-27 10:59:27,886] Trial 43 finished with value: 4.9553937911987305 and parameters: {'gradient_clip_val': 0.1345263307091181, 'hidden_size': 50, 'dropout': 0.19846449374885147, 'hidden_continuous_size': 20, 'attention_head_size': 3, 'learning_rate': 0.018805318643637176}. Best is trial 0 with value: 0.11444845050573349.
[I 2023-12-27 10:59:28,286] Trial 44 finished with value: 3.8511788845062256 and parameters: {'gradient_clip_val': 0.15719548370065264, 'hidden_size': 31, 'dropout': 0.15943308331519682, 'hidden_continuous_size': 13, 'attention_head_size': 4, 'learning_rate': 0.03135539289394336}. Best is trial 0 with value: 0.11444845050573349.
[I 2023-12-27 10:59:28,686] Trial 45 finished with value: 3.8420937061309814 and parameters: {'gradient_clip_val': 0.2293353541607218, 'hidden_size': 26, 'dropout': 0.26740565039821546, 'hidden_continuous_size': 15, 'attention_head_size': 2, 'learning_rate': 0.0892721095213606}. Best is trial 0 with value: 0.11444845050573349.
[I 2023-12-27 10:59:29,080] Trial 46 finished with value: 3.9092838764190674 and parameters: {'gradient_clip_val': 0.11530491932691207, 'hidden_size': 36, 'dropout': 0.2198124232596908, 'hidden_continuous_size': 11, 'attention_head_size': 3, 'learning_rate': 0.053060890804911165}. Best is trial 0 with value: 0.11444845050573349.
[I 2023-12-27 10:59:29,496] Trial 47 finished with value: 4.284425258636475 and parameters: {'gradient_clip_val': 0.1843449194996361, 'hidden_size': 52, 'dropout': 0.19302543691611967, 'hidden_continuous_size': 19, 'attention_head_size': 3, 'learning_rate': 0.09727448533363132}. Best is trial 0 with value: 0.11444845050573349.
[I 2023-12-27 10:59:29,860] Trial 48 finished with value: 3.9022343158721924 and parameters: {'gradient_clip_val': 0.16720286449806704, 'hidden_size': 6, 'dropout': 0.1699083504956588, 'hidden_continuous_size': 5, 'attention_head_size': 4, 'learning_rate': 0.06835183228343554}. Best is trial 0 with value: 0.11444845050573349.
[I 2023-12-27 10:59:30,228] Trial 49 finished with value: 4.145056247711182 and parameters: {'gradient_clip_val': 0.14251983133432872, 'hidden_size': 9, 'dropout': 0.14135668992277647, 'hidden_continuous_size': 7, 'attention_head_size': 2, 'learning_rate': 0.028163217109831988}. Best is trial 0 with value: 0.11444845050573349.
[I 2023-12-27 10:59:30,340] A new study created in memory with name: no-name-5f1ee5ef-69db-4db0-8bec-4f35916a4283
/home/le004/conda/anaconda3/envs/tsff_env/lib/python3.9/site-packages/lightning/fabric/plugins/environments/slurm.py:191: The `srun` command is available on your system but is not used. HINT: If your intention is to run Lightning on SLURM, prepend your python command with `srun` like so: srun python /home/le004/master_thesis/git/TSFusionForecast/code/ ...
[I 2023-12-27 11:00:01,196] Trial 0 finished with value: 2.001655340194702 and parameters: {'gradient_clip_val': 0.815652772517897, 'hidden_size': 14, 'dropout': 0.4386842945029884, 'hidden_continuous_size': 7, 'attention_head_size': 1, 'learning_rate': 0.0006168343462764419}. Best is trial 0 with value: 2.001655340194702.
[I 2023-12-27 11:00:09,930] Trial 1 finished with value: 4.053688049316406 and parameters: {'gradient_clip_val': 0.858506279084559, 'hidden_size': 5, 'dropout': 0.41601718285351974, 'hidden_continuous_size': 5, 'attention_head_size': 1, 'learning_rate': 0.0005103766803827153}. Best is trial 0 with value: 2.001655340194702.
[I 2023-12-27 11:00:10,556] Trial 2 finished with value: 2.977407217025757 and parameters: {'gradient_clip_val': 0.1548333214058818, 'hidden_size': 36, 'dropout': 0.46306768903919904, 'hidden_continuous_size': 7, 'attention_head_size': 2, 'learning_rate': 0.039700706556765795}. Best is trial 0 with value: 2.001655340194702.
[I 2023-12-27 11:00:10,928] Trial 3 finished with value: 4.446253776550293 and parameters: {'gradient_clip_val': 0.21282686301435577, 'hidden_size': 10, 'dropout': 0.4208482764288858, 'hidden_continuous_size': 5, 'attention_head_size': 1, 'learning_rate': 0.08110732579998166}. Best is trial 0 with value: 2.001655340194702.
[I 2023-12-27 11:00:11,254] Trial 4 finished with value: 3.4825503826141357 and parameters: {'gradient_clip_val': 0.9629153707901424, 'hidden_size': 7, 'dropout': 0.4304514565649582, 'hidden_continuous_size': 7, 'attention_head_size': 2, 'learning_rate': 0.0811037028207946}. Best is trial 0 with value: 2.001655340194702.
[I 2023-12-27 11:00:11,575] Trial 5 finished with value: 3.9113705158233643 and parameters: {'gradient_clip_val': 0.5076192730154045, 'hidden_size': 5, 'dropout': 0.2528892004290347, 'hidden_continuous_size': 5, 'attention_head_size': 2, 'learning_rate': 0.0066282304989709485}. Best is trial 0 with value: 2.001655340194702.
[I 2023-12-27 11:00:11,888] Trial 6 finished with value: 3.8795077800750732 and parameters: {'gradient_clip_val': 0.3484150377599886, 'hidden_size': 6, 'dropout': 0.3310735550867373, 'hidden_continuous_size': 6, 'attention_head_size': 1, 'learning_rate': 0.016262384552350937}. Best is trial 0 with value: 2.001655340194702.
[I 2023-12-27 11:00:12,248] Trial 7 finished with value: 3.3812379837036133 and parameters: {'gradient_clip_val': 0.11437301945393956, 'hidden_size': 26, 'dropout': 0.4561105838864592, 'hidden_continuous_size': 15, 'attention_head_size': 1, 'learning_rate': 0.0016445615087676694}. Best is trial 0 with value: 2.001655340194702.
[I 2023-12-27 11:00:12,619] Trial 8 finished with value: 5.034626007080078 and parameters: {'gradient_clip_val': 0.1735225360071202, 'hidden_size': 29, 'dropout': 0.4668969872609172, 'hidden_continuous_size': 12, 'attention_head_size': 1, 'learning_rate': 0.09728406458798244}. Best is trial 0 with value: 2.001655340194702.
[I 2023-12-27 11:00:12,934] Trial 9 finished with value: 3.5547122955322266 and parameters: {'gradient_clip_val': 0.14963714092168004, 'hidden_size': 5, 'dropout': 0.41620183473684547, 'hidden_continuous_size': 5, 'attention_head_size': 3, 'learning_rate': 0.001843770193036261}. Best is trial 0 with value: 2.001655340194702.
[I 2023-12-27 11:00:13,529] Trial 10 finished with value: 3.1350715160369873 and parameters: {'gradient_clip_val': 0.542330076120014, 'hidden_size': 129, 'dropout': 0.1568620464402564, 'hidden_continuous_size': 52, 'attention_head_size': 4, 'learning_rate': 0.0007851792600506243}. Best is trial 0 with value: 2.001655340194702.
[I 2023-12-27 11:00:13,905] Trial 11 finished with value: 4.000351905822754 and parameters: {'gradient_clip_val': 0.2566233915952173, 'hidden_size': 18, 'dropout': 0.49134422188145443, 'hidden_continuous_size': 8, 'attention_head_size': 2, 'learning_rate': 0.017127498255473377}. Best is trial 0 with value: 2.001655340194702.
[I 2023-12-27 11:00:14,323] Trial 12 finished with value: 3.3774642944335938 and parameters: {'gradient_clip_val': 0.1112114189895038, 'hidden_size': 50, 'dropout': 0.34971487989241995, 'hidden_continuous_size': 9, 'attention_head_size': 3, 'learning_rate': 0.0043227368026446415}. Best is trial 0 with value: 2.001655340194702.
[I 2023-12-27 11:00:14,696] Trial 13 finished with value: 3.703799247741699 and parameters: {'gradient_clip_val': 0.3165223562510459, 'hidden_size': 13, 'dropout': 0.49913608042713903, 'hidden_continuous_size': 6, 'attention_head_size': 2, 'learning_rate': 0.024067340481156756}. Best is trial 0 with value: 2.001655340194702.
[I 2023-12-27 11:00:15,104] Trial 14 finished with value: 2.9165689945220947 and parameters: {'gradient_clip_val': 0.43980497303212124, 'hidden_size': 38, 'dropout': 0.37198746356012036, 'hidden_continuous_size': 10, 'attention_head_size': 3, 'learning_rate': 0.0031924870327983755}. Best is trial 0 with value: 2.001655340194702.
[I 2023-12-27 11:00:15,469] Trial 15 finished with value: 2.823612928390503 and parameters: {'gradient_clip_val': 0.6445451888880813, 'hidden_size': 16, 'dropout': 0.3494322135066211, 'hidden_continuous_size': 10, 'attention_head_size': 4, 'learning_rate': 0.0028141801030349698}. Best is trial 0 with value: 2.001655340194702.
[I 2023-12-27 11:00:16,064] Trial 16 finished with value: 3.021017074584961 and parameters: {'gradient_clip_val': 0.7125950368150356, 'hidden_size': 11, 'dropout': 0.27874280170340626, 'hidden_continuous_size': 6, 'attention_head_size': 4, 'learning_rate': 0.0010544414461960984}. Best is trial 0 with value: 2.001655340194702.
[I 2023-12-27 11:00:16,460] Trial 17 finished with value: 3.4079015254974365 and parameters: {'gradient_clip_val': 0.7376015328618137, 'hidden_size': 19, 'dropout': 0.3826288318503125, 'hidden_continuous_size': 10, 'attention_head_size': 4, 'learning_rate': 0.0005514395300358258}. Best is trial 0 with value: 2.001655340194702.
[I 2023-12-27 11:00:16,832] Trial 18 finished with value: 3.235029458999634 and parameters: {'gradient_clip_val': 0.6438245657723187, 'hidden_size': 9, 'dropout': 0.3108947491971066, 'hidden_continuous_size': 6, 'attention_head_size': 3, 'learning_rate': 0.0014519459288030107}. Best is trial 0 with value: 2.001655340194702.
[I 2023-12-27 11:00:17,222] Trial 19 finished with value: 3.8773586750030518 and parameters: {'gradient_clip_val': 0.9300163332171796, 'hidden_size': 15, 'dropout': 0.3596202438451197, 'hidden_continuous_size': 8, 'attention_head_size': 4, 'learning_rate': 0.00292058267452864}. Best is trial 0 with value: 2.001655340194702.
[I 2023-12-27 11:00:17,601] Trial 20 finished with value: 3.205918550491333 and parameters: {'gradient_clip_val': 0.40443618354908517, 'hidden_size': 9, 'dropout': 0.3900504367056776, 'hidden_continuous_size': 7, 'attention_head_size': 3, 'learning_rate': 0.0009883237637442306}. Best is trial 0 with value: 2.001655340194702.
[I 2023-12-27 11:00:17,988] Trial 21 finished with value: 4.360527515411377 and parameters: {'gradient_clip_val': 0.5139485499143054, 'hidden_size': 20, 'dropout': 0.3715719060011349, 'hidden_continuous_size': 10, 'attention_head_size': 3, 'learning_rate': 0.0029005149376317716}. Best is trial 0 with value: 2.001655340194702.
[I 2023-12-27 11:00:18,368] Trial 22 finished with value: 2.664323568344116 and parameters: {'gradient_clip_val': 0.4259146269212146, 'hidden_size': 14, 'dropout': 0.33519774089698207, 'hidden_continuous_size': 9, 'attention_head_size': 4, 'learning_rate': 0.0070461381190063295}. Best is trial 0 with value: 2.001655340194702.
[I 2023-12-27 11:00:18,753] Trial 23 finished with value: 3.811232805252075 and parameters: {'gradient_clip_val': 0.632729395651782, 'hidden_size': 14, 'dropout': 0.3241928427789213, 'hidden_continuous_size': 9, 'attention_head_size': 4, 'learning_rate': 0.00695629987821347}. Best is trial 0 with value: 2.001655340194702.
[I 2023-12-27 11:00:19,160] Trial 24 finished with value: 3.052574872970581 and parameters: {'gradient_clip_val': 0.7873528967773461, 'hidden_size': 13, 'dropout': 0.28650211844594237, 'hidden_continuous_size': 9, 'attention_head_size': 4, 'learning_rate': 0.00875911709672951}. Best is trial 0 with value: 2.001655340194702.
[I 2023-12-27 11:00:19,526] Trial 25 finished with value: 2.941862106323242 and parameters: {'gradient_clip_val': 0.6314680381081059, 'hidden_size': 7, 'dropout': 0.24577281163034292, 'hidden_continuous_size': 5, 'attention_head_size': 4, 'learning_rate': 0.001965428494015718}. Best is trial 0 with value: 2.001655340194702.
[I 2023-12-27 11:00:19,904] Trial 26 finished with value: 4.483848571777344 and parameters: {'gradient_clip_val': 0.4212849024802588, 'hidden_size': 17, 'dropout': 0.33708823278161165, 'hidden_continuous_size': 8, 'attention_head_size': 4, 'learning_rate': 0.004719705159551908}. Best is trial 0 with value: 2.001655340194702.
[I 2023-12-27 11:00:20,274] Trial 27 finished with value: 3.288278818130493 and parameters: {'gradient_clip_val': 0.8238606141946434, 'hidden_size': 11, 'dropout': 0.40366069214309847, 'hidden_continuous_size': 8, 'attention_head_size': 3, 'learning_rate': 0.0007483093918828718}. Best is trial 0 with value: 2.001655340194702.
[I 2023-12-27 11:00:20,669] Trial 28 finished with value: 3.6891467571258545 and parameters: {'gradient_clip_val': 0.5746317236753616, 'hidden_size': 21, 'dropout': 0.35220995652014886, 'hidden_continuous_size': 12, 'attention_head_size': 4, 'learning_rate': 0.0012468272458252508}. Best is trial 0 with value: 2.001655340194702.
[I 2023-12-27 11:00:21,283] Trial 29 finished with value: 3.4612274169921875 and parameters: {'gradient_clip_val': 0.8508264764644756, 'hidden_size': 8, 'dropout': 0.4302373575024312, 'hidden_continuous_size': 6, 'attention_head_size': 1, 'learning_rate': 0.0005760637807992924}. Best is trial 0 with value: 2.001655340194702.
[I 2023-12-27 11:00:21,650] Trial 30 finished with value: 3.6335837841033936 and parameters: {'gradient_clip_val': 0.4873614130454805, 'hidden_size': 12, 'dropout': 0.4014823918813479, 'hidden_continuous_size': 7, 'attention_head_size': 2, 'learning_rate': 0.002448791830308535}. Best is trial 0 with value: 2.001655340194702.
[I 2023-12-27 11:00:22,059] Trial 31 finished with value: 2.1405484676361084 and parameters: {'gradient_clip_val': 0.4410841420964576, 'hidden_size': 25, 'dropout': 0.3665738448540944, 'hidden_continuous_size': 11, 'attention_head_size': 3, 'learning_rate': 0.003783547181670669}. Best is trial 0 with value: 2.001655340194702.
[I 2023-12-27 11:00:22,437] Trial 32 finished with value: 3.7842159271240234 and parameters: {'gradient_clip_val': 0.3808313167608889, 'hidden_size': 16, 'dropout': 0.30928667925380826, 'hidden_continuous_size': 11, 'attention_head_size': 3, 'learning_rate': 0.0043618842032988}. Best is trial 0 with value: 2.001655340194702.
[I 2023-12-27 11:00:22,829] Trial 33 finished with value: 3.3712005615234375 and parameters: {'gradient_clip_val': 0.4826142536470487, 'hidden_size': 23, 'dropout': 0.3747368105345394, 'hidden_continuous_size': 11, 'attention_head_size': 4, 'learning_rate': 0.0022068274165831124}. Best is trial 0 with value: 2.001655340194702.
[I 2023-12-27 11:00:23,217] Trial 34 finished with value: 2.981797218322754 and parameters: {'gradient_clip_val': 0.9662292167404629, 'hidden_size': 15, 'dropout': 0.39958824104532475, 'hidden_continuous_size': 9, 'attention_head_size': 3, 'learning_rate': 0.001328929437347603}. Best is trial 0 with value: 2.001655340194702.
[I 2023-12-27 11:00:23,593] Trial 35 finished with value: 2.6862993240356445 and parameters: {'gradient_clip_val': 0.7056041468563002, 'hidden_size': 10, 'dropout': 0.44348646619511617, 'hidden_continuous_size': 7, 'attention_head_size': 2, 'learning_rate': 0.00890307866703422}. Best is trial 0 with value: 2.001655340194702.
