[I 2023-12-27 11:25:57,353] Trial 3 finished with value: 1272.455810546875 and parameters: {'gradient_clip_val': 0.775656354894693, 'hidden_size': 13, 'dropout': 0.30673395216816246, 'hidden_continuous_size': 13, 'attention_head_size': 4, 'learning_rate': 0.010692863602306904}. Best is trial 0 with value: 414.9359130859375.
[I 2023-12-27 11:25:57,753] Trial 4 finished with value: 1486.36328125 and parameters: {'gradient_clip_val': 0.33418114896661394, 'hidden_size': 42, 'dropout': 0.24774116896776063, 'hidden_continuous_size': 24, 'attention_head_size': 4, 'learning_rate': 0.059130733540843194}. Best is trial 0 with value: 414.9359130859375.
[I 2023-12-27 11:25:58,164] Trial 5 finished with value: 1363.1741943359375 and parameters: {'gradient_clip_val': 0.11179526540572092, 'hidden_size': 55, 'dropout': 0.24534123991454224, 'hidden_continuous_size': 11, 'attention_head_size': 4, 'learning_rate': 0.0005277652626536531}. Best is trial 0 with value: 414.9359130859375.
[I 2023-12-27 11:25:58,631] Trial 6 finished with value: 1912.7266845703125 and parameters: {'gradient_clip_val': 0.694746515411281, 'hidden_size': 113, 'dropout': 0.15980133754500528, 'hidden_continuous_size': 5, 'attention_head_size': 2, 'learning_rate': 0.0006638856922230761}. Best is trial 0 with value: 414.9359130859375.
[I 2023-12-27 11:25:59,096] Trial 7 finished with value: 1240.5050048828125 and parameters: {'gradient_clip_val': 0.1581650634616314, 'hidden_size': 95, 'dropout': 0.4875639692484587, 'hidden_continuous_size': 5, 'attention_head_size': 2, 'learning_rate': 0.01363329664065188}. Best is trial 0 with value: 414.9359130859375.
[I 2023-12-27 11:25:59,585] Trial 8 finished with value: 1638.6361083984375 and parameters: {'gradient_clip_val': 0.3884786302036489, 'hidden_size': 121, 'dropout': 0.34896114266226663, 'hidden_continuous_size': 6, 'attention_head_size': 2, 'learning_rate': 0.002973171603639602}. Best is trial 0 with value: 414.9359130859375.
[I 2023-12-27 11:25:59,976] Trial 9 finished with value: 1494.7015380859375 and parameters: {'gradient_clip_val': 0.13986523407285942, 'hidden_size': 50, 'dropout': 0.11994028471951168, 'hidden_continuous_size': 8, 'attention_head_size': 3, 'learning_rate': 0.08570474565042442}. Best is trial 0 with value: 414.9359130859375.
[I 2023-12-27 11:26:00,514] Trial 10 finished with value: 1301.4544677734375 and parameters: {'gradient_clip_val': 0.11305960154427477, 'hidden_size': 5, 'dropout': 0.4023514905129475, 'hidden_continuous_size': 5, 'attention_head_size': 1, 'learning_rate': 0.004137943366018607}. Best is trial 0 with value: 414.9359130859375.
[I 2023-12-27 11:26:01,069] Trial 11 finished with value: 1681.525390625 and parameters: {'gradient_clip_val': 0.17586134722483726, 'hidden_size': 134, 'dropout': 0.4751810729806162, 'hidden_continuous_size': 52, 'attention_head_size': 1, 'learning_rate': 0.023232765908380353}. Best is trial 0 with value: 414.9359130859375.
[I 2023-12-27 11:26:01,548] Trial 12 finished with value: 1326.4561767578125 and parameters: {'gradient_clip_val': 0.15893912841147123, 'hidden_size': 97, 'dropout': 0.48175488436931846, 'hidden_continuous_size': 8, 'attention_head_size': 2, 'learning_rate': 0.0066836497734404175}. Best is trial 0 with value: 414.9359130859375.
[I 2023-12-27 11:26:02,124] Trial 13 finished with value: 1585.32177734375 and parameters: {'gradient_clip_val': 0.10480317135291581, 'hidden_size': 148, 'dropout': 0.4156336970011103, 'hidden_continuous_size': 48, 'attention_head_size': 3, 'learning_rate': 0.02230775614259601}. Best is trial 0 with value: 414.9359130859375.
[I 2023-12-27 11:26:02,586] Trial 14 finished with value: 1627.2169189453125 and parameters: {'gradient_clip_val': 0.2092821856738106, 'hidden_size': 79, 'dropout': 0.41655913041158493, 'hidden_continuous_size': 5, 'attention_head_size': 2, 'learning_rate': 0.002095007500189334}. Best is trial 0 with value: 414.9359130859375.
[I 2023-12-27 11:26:03,034] Trial 15 finished with value: 1609.6536865234375 and parameters: {'gradient_clip_val': 0.14260894967180185, 'hidden_size': 75, 'dropout': 0.3636706946175945, 'hidden_continuous_size': 7, 'attention_head_size': 3, 'learning_rate': 0.005801155837650348}. Best is trial 0 with value: 414.9359130859375.
[I 2023-12-27 11:26:03,434] Trial 16 finished with value: 1720.3759765625 and parameters: {'gradient_clip_val': 0.24376849953027582, 'hidden_size': 27, 'dropout': 0.4977287889476406, 'hidden_continuous_size': 6, 'attention_head_size': 1, 'learning_rate': 0.012244906350050768}. Best is trial 0 with value: 414.9359130859375.
[I 2023-12-27 11:26:03,873] Trial 17 finished with value: 1458.83984375 and parameters: {'gradient_clip_val': 0.14155029946254327, 'hidden_size': 80, 'dropout': 0.4398856701719085, 'hidden_continuous_size': 9, 'attention_head_size': 2, 'learning_rate': 0.0011955955605722868}. Best is trial 0 with value: 414.9359130859375.
[I 2023-12-27 11:26:04,538] Trial 18 finished with value: 1219.9190673828125 and parameters: {'gradient_clip_val': 0.18026758686101035, 'hidden_size': 149, 'dropout': 0.3537331730536453, 'hidden_continuous_size': 122, 'attention_head_size': 3, 'learning_rate': 0.0037079051131978596}. Best is trial 0 with value: 414.9359130859375.
[I 2023-12-27 11:26:05,199] Trial 19 finished with value: 1428.5452880859375 and parameters: {'gradient_clip_val': 0.18769904615643593, 'hidden_size': 148, 'dropout': 0.3559792157919562, 'hidden_continuous_size': 130, 'attention_head_size': 3, 'learning_rate': 0.0037772491252341424}. Best is trial 0 with value: 414.9359130859375.
[I 2023-12-27 11:26:05,881] Trial 20 finished with value: 1363.5228271484375 and parameters: {'gradient_clip_val': 0.1022342752578209, 'hidden_size': 149, 'dropout': 0.30994540853491054, 'hidden_continuous_size': 145, 'attention_head_size': 3, 'learning_rate': 0.001244083355660727}. Best is trial 0 with value: 414.9359130859375.
[I 2023-12-27 11:26:06,364] Trial 21 finished with value: 1546.2952880859375 and parameters: {'gradient_clip_val': 0.13340684986828957, 'hidden_size': 98, 'dropout': 0.44974228573997277, 'hidden_continuous_size': 16, 'attention_head_size': 3, 'learning_rate': 0.006124975984866627}. Best is trial 0 with value: 414.9359130859375.
[I 2023-12-27 11:26:06,828] Trial 22 finished with value: 1439.1688232421875 and parameters: {'gradient_clip_val': 0.1849110469985585, 'hidden_size': 97, 'dropout': 0.38304094650489795, 'hidden_continuous_size': 9, 'attention_head_size': 2, 'learning_rate': 0.0029762169651478742}. Best is trial 0 with value: 414.9359130859375.
[I 2023-12-27 11:26:07,479] Trial 23 finished with value: 1203.0587158203125 and parameters: {'gradient_clip_val': 0.15647742611016094, 'hidden_size': 70, 'dropout': 0.44018054492229947, 'hidden_continuous_size': 6, 'attention_head_size': 3, 'learning_rate': 0.004267575455330721}. Best is trial 0 with value: 414.9359130859375.
[I 2023-12-27 11:26:07,913] Trial 24 finished with value: 1348.10888671875 and parameters: {'gradient_clip_val': 0.25214696022768207, 'hidden_size': 70, 'dropout': 0.3356183441655751, 'hidden_continuous_size': 7, 'attention_head_size': 3, 'learning_rate': 0.00431173241081254}. Best is trial 0 with value: 414.9359130859375.
[I 2023-12-27 11:26:08,419] Trial 25 finished with value: 1353.9327392578125 and parameters: {'gradient_clip_val': 0.12605886091020302, 'hidden_size': 115, 'dropout': 0.38620279186829026, 'hidden_continuous_size': 10, 'attention_head_size': 4, 'learning_rate': 0.002311195471953845}. Best is trial 0 with value: 414.9359130859375.
[I 2023-12-27 11:26:08,855] Trial 26 finished with value: 1384.4490966796875 and parameters: {'gradient_clip_val': 0.12476231280664422, 'hidden_size': 62, 'dropout': 0.4331636649472523, 'hidden_continuous_size': 6, 'attention_head_size': 3, 'learning_rate': 0.0046876103701993365}. Best is trial 0 with value: 414.9359130859375.
[I 2023-12-27 11:26:09,365] Trial 27 finished with value: 1589.4373779296875 and parameters: {'gradient_clip_val': 0.16444164306265152, 'hidden_size': 112, 'dropout': 0.3926614370468436, 'hidden_continuous_size': 27, 'attention_head_size': 3, 'learning_rate': 0.007584204410079799}. Best is trial 0 with value: 414.9359130859375.
[I 2023-12-27 11:26:09,818] Trial 28 finished with value: 1899.33154296875 and parameters: {'gradient_clip_val': 0.10229469773249322, 'hidden_size': 83, 'dropout': 0.32359437195407215, 'hidden_continuous_size': 13, 'attention_head_size': 4, 'learning_rate': 0.0016935109494706517}. Best is trial 0 with value: 414.9359130859375.
[I 2023-12-27 11:26:10,211] Trial 29 finished with value: 1155.6260986328125 and parameters: {'gradient_clip_val': 0.20032677351302355, 'hidden_size': 36, 'dropout': 0.2817013291657629, 'hidden_continuous_size': 7, 'attention_head_size': 3, 'learning_rate': 0.0026926214694225213}. Best is trial 0 with value: 414.9359130859375.
[I 2023-12-27 11:26:10,608] Trial 30 finished with value: 1555.69580078125 and parameters: {'gradient_clip_val': 0.21637146615486239, 'hidden_size': 37, 'dropout': 0.27961112486268824, 'hidden_continuous_size': 7, 'attention_head_size': 3, 'learning_rate': 0.0027093054138786743}. Best is trial 0 with value: 414.9359130859375.
[I 2023-12-27 11:26:11,039] Trial 31 finished with value: 1235.2237548828125 and parameters: {'gradient_clip_val': 0.19263723141610178, 'hidden_size': 66, 'dropout': 0.37162812833965453, 'hidden_continuous_size': 9, 'attention_head_size': 3, 'learning_rate': 0.0031447938703856675}. Best is trial 0 with value: 414.9359130859375.
[I 2023-12-27 11:26:11,450] Trial 32 finished with value: 1789.67578125 and parameters: {'gradient_clip_val': 0.15598039031681946, 'hidden_size': 51, 'dropout': 0.3319523477658899, 'hidden_continuous_size': 6, 'attention_head_size': 3, 'learning_rate': 0.00189053096960774}. Best is trial 0 with value: 414.9359130859375.
[I 2023-12-27 11:26:11,844] Trial 33 finished with value: 1655.5869140625 and parameters: {'gradient_clip_val': 0.2348781172534588, 'hidden_size': 33, 'dropout': 0.28077650506116925, 'hidden_continuous_size': 7, 'attention_head_size': 4, 'learning_rate': 0.004688316625013098}. Best is trial 0 with value: 414.9359130859375.
[I 2023-12-27 11:26:12,262] Trial 34 finished with value: 1276.0718994140625 and parameters: {'gradient_clip_val': 0.20523380439151914, 'hidden_size': 42, 'dropout': 0.35694609822577406, 'hidden_continuous_size': 13, 'attention_head_size': 3, 'learning_rate': 0.0034709779599525433}. Best is trial 0 with value: 414.9359130859375.
[I 2023-12-27 11:26:12,652] Trial 35 finished with value: 1345.1051025390625 and parameters: {'gradient_clip_val': 0.16931886460960877, 'hidden_size': 21, 'dropout': 0.29773956705690036, 'hidden_continuous_size': 6, 'attention_head_size': 4, 'learning_rate': 0.0077051328019096125}. Best is trial 0 with value: 414.9359130859375.
[I 2023-12-27 11:26:13,311] Trial 36 finished with value: 1597.1929931640625 and parameters: {'gradient_clip_val': 0.12203495907570551, 'hidden_size': 58, 'dropout': 0.2567104284952792, 'hidden_continuous_size': 11, 'attention_head_size': 3, 'learning_rate': 0.0014359830712174224}. Best is trial 0 with value: 414.9359130859375.
[I 2023-12-27 11:26:13,832] Trial 37 finished with value: 1798.8231201171875 and parameters: {'gradient_clip_val': 0.29069267175716273, 'hidden_size': 124, 'dropout': 0.21454245441077838, 'hidden_continuous_size': 17, 'attention_head_size': 4, 'learning_rate': 0.002154979162679242}. Best is trial 0 with value: 414.9359130859375.
[I 2023-12-27 11:26:14,306] Trial 38 finished with value: 1512.6512451171875 and parameters: {'gradient_clip_val': 0.14960593898423422, 'hidden_size': 91, 'dropout': 0.3403796708174056, 'hidden_continuous_size': 12, 'attention_head_size': 3, 'learning_rate': 0.000977963910708765}. Best is trial 0 with value: 414.9359130859375.
[I 2023-12-27 11:26:14,719] Trial 39 finished with value: 1434.158203125 and parameters: {'gradient_clip_val': 0.18255725900378642, 'hidden_size': 49, 'dropout': 0.31850736344958763, 'hidden_continuous_size': 5, 'attention_head_size': 2, 'learning_rate': 0.0027804586163432806}. Best is trial 0 with value: 414.9359130859375.
[I 2023-12-27 11:26:15,156] Trial 40 finished with value: 1390.8922119140625 and parameters: {'gradient_clip_val': 0.2756391715788363, 'hidden_size': 69, 'dropout': 0.3734690718575111, 'hidden_continuous_size': 8, 'attention_head_size': 4, 'learning_rate': 0.008841845284311277}. Best is trial 0 with value: 414.9359130859375.
[I 2023-12-27 11:26:15,667] Trial 41 finished with value: 1105.66015625 and parameters: {'gradient_clip_val': 0.20432507572218783, 'hidden_size': 111, 'dropout': 0.3712304043145784, 'hidden_continuous_size': 10, 'attention_head_size': 3, 'learning_rate': 0.0034669898751688456}. Best is trial 0 with value: 414.9359130859375.
[I 2023-12-27 11:26:16,177] Trial 42 finished with value: 1448.85107421875 and parameters: {'gradient_clip_val': 0.2172860776435492, 'hidden_size': 120, 'dropout': 0.351060605572553, 'hidden_continuous_size': 11, 'attention_head_size': 3, 'learning_rate': 0.005489512028154452}. Best is trial 0 with value: 414.9359130859375.
[I 2023-12-27 11:26:16,663] Trial 43 finished with value: 1535.6317138671875 and parameters: {'gradient_clip_val': 0.17117526126979324, 'hidden_size': 100, 'dropout': 0.39397887749651955, 'hidden_continuous_size': 10, 'attention_head_size': 3, 'learning_rate': 0.004285344655656906}. Best is trial 0 with value: 414.9359130859375.
[I 2023-12-27 11:26:17,188] Trial 44 finished with value: 1333.5792236328125 and parameters: {'gradient_clip_val': 0.15326896921896274, 'hidden_size': 130, 'dropout': 0.40949620498941625, 'hidden_continuous_size': 5, 'attention_head_size': 3, 'learning_rate': 0.002413567851331278}. Best is trial 0 with value: 414.9359130859375.
[I 2023-12-27 11:26:17,703] Trial 45 finished with value: 1541.8624267578125 and parameters: {'gradient_clip_val': 0.13644716715984714, 'hidden_size': 107, 'dropout': 0.3692919740959827, 'hidden_continuous_size': 21, 'attention_head_size': 2, 'learning_rate': 0.005427666115162814}. Best is trial 0 with value: 414.9359130859375.
[I 2023-12-27 11:26:18,185] Trial 46 finished with value: 1743.4775390625 and parameters: {'gradient_clip_val': 0.11586616759328873, 'hidden_size': 89, 'dropout': 0.4619580029373836, 'hidden_continuous_size': 8, 'attention_head_size': 3, 'learning_rate': 0.0034965073173582233}. Best is trial 0 with value: 414.9359130859375.
[I 2023-12-27 11:26:18,752] Trial 47 finished with value: 1178.6751708984375 and parameters: {'gradient_clip_val': 0.19674602300496732, 'hidden_size': 136, 'dropout': 0.3390481141136906, 'hidden_continuous_size': 27, 'attention_head_size': 3, 'learning_rate': 0.003609194927661319}. Best is trial 0 with value: 414.9359130859375.
[I 2023-12-27 11:26:19,191] Trial 48 finished with value: 1670.0555419921875 and parameters: {'gradient_clip_val': 0.342191404797552, 'hidden_size': 80, 'dropout': 0.33233909345475915, 'hidden_continuous_size': 6, 'attention_head_size': 2, 'learning_rate': 0.0017435741362869363}. Best is trial 0 with value: 414.9359130859375.
[I 2023-12-27 11:26:19,691] Trial 49 finished with value: 1271.5150146484375 and parameters: {'gradient_clip_val': 0.196969590726052, 'hidden_size': 108, 'dropout': 0.4209679255112529, 'hidden_continuous_size': 5, 'attention_head_size': 3, 'learning_rate': 0.009940489361552578}. Best is trial 0 with value: 414.9359130859375.
[I 2023-12-27 11:26:19,812] A new study created in memory with name: no-name-5bbadeb5-b2dd-4104-ba1e-6ff0a03e3cb7
/home/le004/conda/anaconda3/envs/tsff_env/lib/python3.9/site-packages/lightning/fabric/plugins/environments/slurm.py:191: The `srun` command is available on your system but is not used. HINT: If your intention is to run Lightning on SLURM, prepend your python command with `srun` like so: srun python /home/le004/master_thesis/git/TSFusionForecast/code/ ...
[I 2023-12-27 11:26:46,431] Trial 0 finished with value: 101.68000030517578 and parameters: {'gradient_clip_val': 0.27756481749345074, 'hidden_size': 6, 'dropout': 0.48247914111757184, 'hidden_continuous_size': 6, 'attention_head_size': 1, 'learning_rate': 0.01993681176625629}. Best is trial 0 with value: 101.68000030517578.
[I 2023-12-27 11:26:46,821] Trial 1 finished with value: 212.6825408935547 and parameters: {'gradient_clip_val': 0.2542147407692033, 'hidden_size': 27, 'dropout': 0.4526285579612145, 'hidden_continuous_size': 7, 'attention_head_size': 1, 'learning_rate': 0.03983277453953486}. Best is trial 0 with value: 101.68000030517578.
[I 2023-12-27 11:26:47,196] Trial 2 finished with value: 311.59527587890625 and parameters: {'gradient_clip_val': 0.2225992126037259, 'hidden_size': 14, 'dropout': 0.31578941753741924, 'hidden_continuous_size': 11, 'attention_head_size': 4, 'learning_rate': 0.04627813739297708}. Best is trial 0 with value: 101.68000030517578.
[I 2023-12-27 11:26:47,545] Trial 3 finished with value: 271.4611511230469 and parameters: {'gradient_clip_val': 0.3766549393291206, 'hidden_size': 18, 'dropout': 0.2635240379394356, 'hidden_continuous_size': 7, 'attention_head_size': 1, 'learning_rate': 0.01867062569874227}. Best is trial 0 with value: 101.68000030517578.
[I 2023-12-27 11:26:48,006] Trial 4 finished with value: 277.513427734375 and parameters: {'gradient_clip_val': 0.736974008576953, 'hidden_size': 85, 'dropout': 0.1046564416765396, 'hidden_continuous_size': 7, 'attention_head_size': 3, 'learning_rate': 0.023663412619792934}. Best is trial 0 with value: 101.68000030517578.
[I 2023-12-27 11:26:48,376] Trial 5 finished with value: 225.20526123046875 and parameters: {'gradient_clip_val': 0.12151530954829998, 'hidden_size': 12, 'dropout': 0.25382190480605527, 'hidden_continuous_size': 5, 'attention_head_size': 4, 'learning_rate': 0.02422293455380064}. Best is trial 0 with value: 101.68000030517578.
[I 2023-12-27 11:26:48,987] Trial 6 finished with value: 317.060791015625 and parameters: {'gradient_clip_val': 0.17791665857663774, 'hidden_size': 148, 'dropout': 0.398476701788236, 'hidden_continuous_size': 73, 'attention_head_size': 2, 'learning_rate': 0.0005458127717186715}. Best is trial 0 with value: 101.68000030517578.
[I 2023-12-27 11:26:49,332] Trial 7 finished with value: 285.5581359863281 and parameters: {'gradient_clip_val': 0.4498020750249106, 'hidden_size': 14, 'dropout': 0.4518444047032152, 'hidden_continuous_size': 14, 'attention_head_size': 1, 'learning_rate': 0.05211330160127406}. Best is trial 0 with value: 101.68000030517578.
[I 2023-12-27 11:26:49,692] Trial 8 finished with value: 357.2578430175781 and parameters: {'gradient_clip_val': 0.1954223047484843, 'hidden_size': 19, 'dropout': 0.46462634779355005, 'hidden_continuous_size': 6, 'attention_head_size': 2, 'learning_rate': 0.0013463046385666158}. Best is trial 0 with value: 101.68000030517578.
[I 2023-12-27 11:26:50,243] Trial 9 finished with value: 211.3411102294922 and parameters: {'gradient_clip_val': 0.4564508625303838, 'hidden_size': 148, 'dropout': 0.37149468626730886, 'hidden_continuous_size': 10, 'attention_head_size': 1, 'learning_rate': 0.0010411571842454865}. Best is trial 0 with value: 101.68000030517578.
[I 2023-12-27 11:26:50,584] Trial 10 finished with value: 303.5455627441406 and parameters: {'gradient_clip_val': 0.10277028803906503, 'hidden_size': 5, 'dropout': 0.4993935986984958, 'hidden_continuous_size': 5, 'attention_head_size': 3, 'learning_rate': 0.007099533108581624}. Best is trial 0 with value: 101.68000030517578.
[I 2023-12-27 11:26:51,225] Trial 11 finished with value: 247.681396484375 and parameters: {'gradient_clip_val': 0.5445531366357679, 'hidden_size': 52, 'dropout': 0.3778615339330984, 'hidden_continuous_size': 10, 'attention_head_size': 2, 'learning_rate': 0.003069903557120613}. Best is trial 0 with value: 101.68000030517578.
[I 2023-12-27 11:26:51,569] Trial 12 finished with value: 271.8180847167969 and parameters: {'gradient_clip_val': 0.32979767249595704, 'hidden_size': 5, 'dropout': 0.38833653940184126, 'hidden_continuous_size': 5, 'attention_head_size': 1, 'learning_rate': 0.007909502240756204}. Best is trial 0 with value: 101.68000030517578.
[I 2023-12-27 11:26:51,983] Trial 13 finished with value: 319.672119140625 and parameters: {'gradient_clip_val': 0.9885696525441285, 'hidden_size': 38, 'dropout': 0.49134679474757326, 'hidden_continuous_size': 9, 'attention_head_size': 1, 'learning_rate': 0.09700392398787874}. Best is trial 0 with value: 101.68000030517578.
[I 2023-12-27 11:26:52,584] Trial 14 finished with value: 236.5066375732422 and parameters: {'gradient_clip_val': 0.3076655979687729, 'hidden_size': 150, 'dropout': 0.41897307350039587, 'hidden_continuous_size': 18, 'attention_head_size': 2, 'learning_rate': 0.003329959287093007}. Best is trial 0 with value: 101.68000030517578.
[I 2023-12-27 11:26:53,047] Trial 15 finished with value: 236.0509796142578 and parameters: {'gradient_clip_val': 0.5331905550158155, 'hidden_size': 69, 'dropout': 0.35464387733202446, 'hidden_continuous_size': 17, 'attention_head_size': 1, 'learning_rate': 0.011849193109584311}. Best is trial 0 with value: 101.68000030517578.
[I 2023-12-27 11:26:53,411] Trial 16 finished with value: 317.8106689453125 and parameters: {'gradient_clip_val': 0.4151137240898492, 'hidden_size': 8, 'dropout': 0.4334380690436953, 'hidden_continuous_size': 6, 'attention_head_size': 3, 'learning_rate': 0.003409651269724966}. Best is trial 0 with value: 101.68000030517578.
[I 2023-12-27 11:26:53,835] Trial 17 finished with value: 244.2430877685547 and parameters: {'gradient_clip_val': 0.2840719596849499, 'hidden_size': 31, 'dropout': 0.33952075688299516, 'hidden_continuous_size': 8, 'attention_head_size': 2, 'learning_rate': 0.0008095416631293222}. Best is trial 0 with value: 101.68000030517578.
