[I 2023-12-27 11:17:55,530] Trial 37 finished with value: 434.0414733886719 and parameters: {'gradient_clip_val': 0.12170100429201507, 'hidden_size': 77, 'dropout': 0.4651061883723052, 'hidden_continuous_size': 10, 'attention_head_size': 2, 'learning_rate': 0.004709116622336535}. Best is trial 0 with value: 169.37159729003906.
LOCAL_RANK: 0 - CUDA_VISIBLE_DEVICES: [0]
[I 2023-12-27 11:17:56,028] Trial 38 finished with value: 411.3311767578125 and parameters: {'gradient_clip_val': 0.17643428353425225, 'hidden_size': 114, 'dropout': 0.35774836770715657, 'hidden_continuous_size': 6, 'attention_head_size': 4, 'learning_rate': 0.0034332576419832165}. Best is trial 0 with value: 169.37159729003906.
LOCAL_RANK: 0 - CUDA_VISIBLE_DEVICES: [0]
[I 2023-12-27 11:17:56,531] Trial 39 finished with value: 432.864501953125 and parameters: {'gradient_clip_val': 0.1426255656059726, 'hidden_size': 39, 'dropout': 0.4950600672569087, 'hidden_continuous_size': 8, 'attention_head_size': 2, 'learning_rate': 0.006843547677588295}. Best is trial 0 with value: 169.37159729003906.
LOCAL_RANK: 0 - CUDA_VISIBLE_DEVICES: [0]
[I 2023-12-27 11:17:57,011] Trial 40 finished with value: 456.5494384765625 and parameters: {'gradient_clip_val': 0.21525339111889988, 'hidden_size': 58, 'dropout': 0.16377583278422797, 'hidden_continuous_size': 9, 'attention_head_size': 3, 'learning_rate': 0.008877068380732378}. Best is trial 0 with value: 169.37159729003906.
LOCAL_RANK: 0 - CUDA_VISIBLE_DEVICES: [0]
[I 2023-12-27 11:17:57,503] Trial 41 finished with value: 434.1744384765625 and parameters: {'gradient_clip_val': 0.24387333349206808, 'hidden_size': 27, 'dropout': 0.42824981562381176, 'hidden_continuous_size': 7, 'attention_head_size': 2, 'learning_rate': 0.005265595580363931}. Best is trial 0 with value: 169.37159729003906.
LOCAL_RANK: 0 - CUDA_VISIBLE_DEVICES: [0]
[I 2023-12-27 11:17:57,998] Trial 42 finished with value: 465.00830078125 and parameters: {'gradient_clip_val': 0.18942863800140206, 'hidden_size': 29, 'dropout': 0.400440779674866, 'hidden_continuous_size': 6, 'attention_head_size': 2, 'learning_rate': 0.004380885316910315}. Best is trial 0 with value: 169.37159729003906.
LOCAL_RANK: 0 - CUDA_VISIBLE_DEVICES: [0]
[I 2023-12-27 11:17:58,492] Trial 43 finished with value: 466.7646484375 and parameters: {'gradient_clip_val': 0.3716361036037907, 'hidden_size': 34, 'dropout': 0.40811825704354765, 'hidden_continuous_size': 5, 'attention_head_size': 2, 'learning_rate': 0.002192381235032733}. Best is trial 0 with value: 169.37159729003906.
LOCAL_RANK: 0 - CUDA_VISIBLE_DEVICES: [0]
[I 2023-12-27 11:17:58,960] Trial 44 finished with value: 496.8154296875 and parameters: {'gradient_clip_val': 0.2650399277182236, 'hidden_size': 44, 'dropout': 0.38302274329778424, 'hidden_continuous_size': 7, 'attention_head_size': 1, 'learning_rate': 0.0036084322279824766}. Best is trial 0 with value: 169.37159729003906.
LOCAL_RANK: 0 - CUDA_VISIBLE_DEVICES: [0]
[I 2023-12-27 11:17:59,462] Trial 45 finished with value: 432.712158203125 and parameters: {'gradient_clip_val': 0.29234144718600913, 'hidden_size': 18, 'dropout': 0.4268413904936909, 'hidden_continuous_size': 8, 'attention_head_size': 2, 'learning_rate': 0.0014744246389425861}. Best is trial 0 with value: 169.37159729003906.
LOCAL_RANK: 0 - CUDA_VISIBLE_DEVICES: [0]
[I 2023-12-27 11:17:59,945] Trial 46 finished with value: 383.2977600097656 and parameters: {'gradient_clip_val': 0.26200908608425305, 'hidden_size': 84, 'dropout': 0.22249332931992066, 'hidden_continuous_size': 13, 'attention_head_size': 1, 'learning_rate': 0.0024935165567795516}. Best is trial 0 with value: 169.37159729003906.
LOCAL_RANK: 0 - CUDA_VISIBLE_DEVICES: [0]
[I 2023-12-27 11:18:00,407] Trial 47 finished with value: 483.89892578125 and parameters: {'gradient_clip_val': 0.21971013148284957, 'hidden_size': 84, 'dropout': 0.22930576853428272, 'hidden_continuous_size': 14, 'attention_head_size': 1, 'learning_rate': 0.0022148737631867365}. Best is trial 0 with value: 169.37159729003906.
LOCAL_RANK: 0 - CUDA_VISIBLE_DEVICES: [0]
[I 2023-12-27 11:18:00,914] Trial 48 finished with value: 446.01953125 and parameters: {'gradient_clip_val': 0.3145644340295568, 'hidden_size': 124, 'dropout': 0.18612498463048482, 'hidden_continuous_size': 18, 'attention_head_size': 1, 'learning_rate': 0.0008996482862309946}. Best is trial 0 with value: 169.37159729003906.
LOCAL_RANK: 0 - CUDA_VISIBLE_DEVICES: [0]
[I 2023-12-27 11:18:01,399] Trial 49 finished with value: 597.6112060546875 and parameters: {'gradient_clip_val': 0.3572355787375518, 'hidden_size': 100, 'dropout': 0.2765027301039037, 'hidden_continuous_size': 11, 'attention_head_size': 1, 'learning_rate': 0.0026845246269187736}. Best is trial 0 with value: 169.37159729003906.
[I 2023-12-27 11:18:01,528] A new study created in memory with name: no-name-11e9b12c-f80c-433e-b870-54b458e09c7f
/home/le004/conda/anaconda3/envs/tsff_env/lib/python3.9/site-packages/lightning/fabric/plugins/environments/slurm.py:191: The `srun` command is available on your system but is not used. HINT: If your intention is to run Lightning on SLURM, prepend your python command with `srun` like so: srun python /home/le004/master_thesis/git/TSFusionForecast/code/ ...
LOCAL_RANK: 0 - CUDA_VISIBLE_DEVICES: [0]
[I 2023-12-27 11:18:24,149] Trial 0 finished with value: 14.600982666015625 and parameters: {'gradient_clip_val': 0.4390497888199172, 'hidden_size': 55, 'dropout': 0.3481066466489706, 'hidden_continuous_size': 17, 'attention_head_size': 1, 'learning_rate': 0.054224328871419515}. Best is trial 0 with value: 14.600982666015625.
LOCAL_RANK: 0 - CUDA_VISIBLE_DEVICES: [0]
[I 2023-12-27 11:18:24,612] Trial 1 finished with value: 113.59503173828125 and parameters: {'gradient_clip_val': 0.9729623817175955, 'hidden_size': 23, 'dropout': 0.2166967315269408, 'hidden_continuous_size': 13, 'attention_head_size': 4, 'learning_rate': 0.013334851988977794}. Best is trial 0 with value: 14.600982666015625.
LOCAL_RANK: 0 - CUDA_VISIBLE_DEVICES: [0]
[I 2023-12-27 11:18:25,046] Trial 2 finished with value: 84.02902221679688 and parameters: {'gradient_clip_val': 0.6897294993369879, 'hidden_size': 10, 'dropout': 0.13402026755335458, 'hidden_continuous_size': 6, 'attention_head_size': 1, 'learning_rate': 0.002861510221620373}. Best is trial 0 with value: 14.600982666015625.
LOCAL_RANK: 0 - CUDA_VISIBLE_DEVICES: [0]
[I 2023-12-27 11:18:25,496] Trial 3 finished with value: 122.8956069946289 and parameters: {'gradient_clip_val': 0.9434951836316602, 'hidden_size': 9, 'dropout': 0.4213955287381964, 'hidden_continuous_size': 6, 'attention_head_size': 4, 'learning_rate': 0.007442113744808573}. Best is trial 0 with value: 14.600982666015625.
LOCAL_RANK: 0 - CUDA_VISIBLE_DEVICES: [0]
[I 2023-12-27 11:18:25,933] Trial 4 finished with value: 80.5289306640625 and parameters: {'gradient_clip_val': 0.2090550206221335, 'hidden_size': 58, 'dropout': 0.34691736116546557, 'hidden_continuous_size': 6, 'attention_head_size': 1, 'learning_rate': 0.0033880881363469134}. Best is trial 0 with value: 14.600982666015625.
LOCAL_RANK: 0 - CUDA_VISIBLE_DEVICES: [0]
[I 2023-12-27 11:18:26,354] Trial 5 finished with value: 95.3157958984375 and parameters: {'gradient_clip_val': 0.4108588353938079, 'hidden_size': 28, 'dropout': 0.36938035356474475, 'hidden_continuous_size': 6, 'attention_head_size': 4, 'learning_rate': 0.038738517369575606}. Best is trial 0 with value: 14.600982666015625.
LOCAL_RANK: 0 - CUDA_VISIBLE_DEVICES: [0]
[I 2023-12-27 11:18:26,775] Trial 6 finished with value: 104.95095825195312 and parameters: {'gradient_clip_val': 0.7335731534737767, 'hidden_size': 23, 'dropout': 0.2518064985494535, 'hidden_continuous_size': 5, 'attention_head_size': 3, 'learning_rate': 0.04737365194966487}. Best is trial 0 with value: 14.600982666015625.
LOCAL_RANK: 0 - CUDA_VISIBLE_DEVICES: [0]
[I 2023-12-27 11:18:27,191] Trial 7 finished with value: 96.72308349609375 and parameters: {'gradient_clip_val': 0.9765265555857964, 'hidden_size': 7, 'dropout': 0.43273056225078066, 'hidden_continuous_size': 7, 'attention_head_size': 1, 'learning_rate': 0.006779004445555276}. Best is trial 0 with value: 14.600982666015625.
LOCAL_RANK: 0 - CUDA_VISIBLE_DEVICES: [0]
[I 2023-12-27 11:18:27,622] Trial 8 finished with value: 86.8000717163086 and parameters: {'gradient_clip_val': 0.1585261698301898, 'hidden_size': 5, 'dropout': 0.39253701830484655, 'hidden_continuous_size': 5, 'attention_head_size': 3, 'learning_rate': 0.0006975422166212074}. Best is trial 0 with value: 14.600982666015625.
LOCAL_RANK: 0 - CUDA_VISIBLE_DEVICES: [0]
[I 2023-12-27 11:18:28,069] Trial 9 finished with value: 78.81206512451172 and parameters: {'gradient_clip_val': 0.7685274244404694, 'hidden_size': 18, 'dropout': 0.36337171580091965, 'hidden_continuous_size': 12, 'attention_head_size': 4, 'learning_rate': 0.028914358990088724}. Best is trial 0 with value: 14.600982666015625.
LOCAL_RANK: 0 - CUDA_VISIBLE_DEVICES: [0]
[I 2023-12-27 11:18:28,596] Trial 10 finished with value: 89.7252426147461 and parameters: {'gradient_clip_val': 0.343555839080098, 'hidden_size': 146, 'dropout': 0.4631360781727595, 'hidden_continuous_size': 60, 'attention_head_size': 2, 'learning_rate': 0.08972605640681126}. Best is trial 0 with value: 14.600982666015625.
LOCAL_RANK: 0 - CUDA_VISIBLE_DEVICES: [0]
[I 2023-12-27 11:18:29,353] Trial 11 finished with value: 97.75911712646484 and parameters: {'gradient_clip_val': 0.5078157541637778, 'hidden_size': 50, 'dropout': 0.3168809182093152, 'hidden_continuous_size': 16, 'attention_head_size': 2, 'learning_rate': 0.027589959754151305}. Best is trial 0 with value: 14.600982666015625.
LOCAL_RANK: 0 - CUDA_VISIBLE_DEVICES: [0]
[I 2023-12-27 11:18:29,804] Trial 12 finished with value: 83.95001983642578 and parameters: {'gradient_clip_val': 0.5035123744778992, 'hidden_size': 14, 'dropout': 0.29780562321823784, 'hidden_continuous_size': 14, 'attention_head_size': 3, 'learning_rate': 0.09093349051041485}. Best is trial 0 with value: 14.600982666015625.
LOCAL_RANK: 0 - CUDA_VISIBLE_DEVICES: [0]
[I 2023-12-27 11:18:30,289] Trial 13 finished with value: 110.2813949584961 and parameters: {'gradient_clip_val': 0.2656957198570235, 'hidden_size': 48, 'dropout': 0.46560729981106636, 'hidden_continuous_size': 18, 'attention_head_size': 2, 'learning_rate': 0.024444484399204575}. Best is trial 0 with value: 14.600982666015625.
LOCAL_RANK: 0 - CUDA_VISIBLE_DEVICES: [0]
[I 2023-12-27 11:18:30,754] Trial 14 finished with value: 93.82131958007812 and parameters: {'gradient_clip_val': 0.12040575149330851, 'hidden_size': 15, 'dropout': 0.3731271931991119, 'hidden_continuous_size': 11, 'attention_head_size': 2, 'learning_rate': 0.06075207856585074}. Best is trial 0 with value: 14.600982666015625.
LOCAL_RANK: 0 - CUDA_VISIBLE_DEVICES: [0]
[I 2023-12-27 11:18:31,221] Trial 15 finished with value: 113.55597686767578 and parameters: {'gradient_clip_val': 0.5201463208892629, 'hidden_size': 35, 'dropout': 0.4932543121645072, 'hidden_continuous_size': 22, 'attention_head_size': 3, 'learning_rate': 0.02089209441436949}. Best is trial 0 with value: 14.600982666015625.
LOCAL_RANK: 0 - CUDA_VISIBLE_DEVICES: [0]
[I 2023-12-27 11:18:31,718] Trial 16 finished with value: 95.81864166259766 and parameters: {'gradient_clip_val': 0.325951904314447, 'hidden_size': 75, 'dropout': 0.3138069436252195, 'hidden_continuous_size': 28, 'attention_head_size': 1, 'learning_rate': 0.05064567403977663}. Best is trial 0 with value: 14.600982666015625.
LOCAL_RANK: 0 - CUDA_VISIBLE_DEVICES: [0]
[I 2023-12-27 11:18:32,171] Trial 17 finished with value: 102.97238159179688 and parameters: {'gradient_clip_val': 0.6145722363401832, 'hidden_size': 17, 'dropout': 0.40803238161264466, 'hidden_continuous_size': 9, 'attention_head_size': 4, 'learning_rate': 0.01732820135544832}. Best is trial 0 with value: 14.600982666015625.
LOCAL_RANK: 0 - CUDA_VISIBLE_DEVICES: [0]
[I 2023-12-27 11:18:32,623] Trial 18 finished with value: 103.1582260131836 and parameters: {'gradient_clip_val': 0.3897634971535358, 'hidden_size': 34, 'dropout': 0.35218445964771855, 'hidden_continuous_size': 11, 'attention_head_size': 3, 'learning_rate': 0.036163115860885595}. Best is trial 0 with value: 14.600982666015625.
LOCAL_RANK: 0 - CUDA_VISIBLE_DEVICES: [0]
[I 2023-12-27 11:18:33,103] Trial 19 finished with value: 108.560302734375 and parameters: {'gradient_clip_val': 0.25650422191536976, 'hidden_size': 84, 'dropout': 0.255084915048904, 'hidden_continuous_size': 25, 'attention_head_size': 2, 'learning_rate': 0.09590299896682215}. Best is trial 0 with value: 14.600982666015625.
LOCAL_RANK: 0 - CUDA_VISIBLE_DEVICES: [0]
[I 2023-12-27 11:18:33,593] Trial 20 finished with value: 105.43273162841797 and parameters: {'gradient_clip_val': 0.7521044138464237, 'hidden_size': 36, 'dropout': 0.4179038690612772, 'hidden_continuous_size': 8, 'attention_head_size': 4, 'learning_rate': 0.05905649961935643}. Best is trial 0 with value: 14.600982666015625.
LOCAL_RANK: 0 - CUDA_VISIBLE_DEVICES: [0]
[I 2023-12-27 11:18:34,077] Trial 21 finished with value: 89.90287017822266 and parameters: {'gradient_clip_val': 0.2126712070967464, 'hidden_size': 70, 'dropout': 0.34735848514720763, 'hidden_continuous_size': 9, 'attention_head_size': 1, 'learning_rate': 0.010780218300047106}. Best is trial 0 with value: 14.600982666015625.
LOCAL_RANK: 0 - CUDA_VISIBLE_DEVICES: [0]
[I 2023-12-27 11:18:34,549] Trial 22 finished with value: 110.4146499633789 and parameters: {'gradient_clip_val': 0.21843669819651398, 'hidden_size': 46, 'dropout': 0.3420891722272301, 'hidden_continuous_size': 11, 'attention_head_size': 1, 'learning_rate': 0.0032255658585458994}. Best is trial 0 with value: 14.600982666015625.
LOCAL_RANK: 0 - CUDA_VISIBLE_DEVICES: [0]
[I 2023-12-27 11:18:35,046] Trial 23 finished with value: 116.36865997314453 and parameters: {'gradient_clip_val': 0.4227288841643254, 'hidden_size': 105, 'dropout': 0.3935080039063199, 'hidden_continuous_size': 18, 'attention_head_size': 1, 'learning_rate': 0.03271951526657271}. Best is trial 0 with value: 14.600982666015625.
LOCAL_RANK: 0 - CUDA_VISIBLE_DEVICES: [0]
[I 2023-12-27 11:18:35,522] Trial 24 finished with value: 91.398681640625 and parameters: {'gradient_clip_val': 0.29968380004456124, 'hidden_size': 64, 'dropout': 0.3278948938596982, 'hidden_continuous_size': 7, 'attention_head_size': 1, 'learning_rate': 0.02473516403957134}. Best is trial 0 with value: 14.600982666015625.
LOCAL_RANK: 0 - CUDA_VISIBLE_DEVICES: [0]
[I 2023-12-27 11:18:36,269] Trial 25 finished with value: 107.46540069580078 and parameters: {'gradient_clip_val': 0.6031950585347439, 'hidden_size': 58, 'dropout': 0.3727951166418377, 'hidden_continuous_size': 10, 'attention_head_size': 2, 'learning_rate': 0.018637959359985783}. Best is trial 0 with value: 14.600982666015625.
LOCAL_RANK: 0 - CUDA_VISIBLE_DEVICES: [0]
[I 2023-12-27 11:18:36,767] Trial 26 finished with value: 93.67882537841797 and parameters: {'gradient_clip_val': 0.18116375419104794, 'hidden_size': 94, 'dropout': 0.28708244573213904, 'hidden_continuous_size': 29, 'attention_head_size': 1, 'learning_rate': 0.0602970808299805}. Best is trial 0 with value: 14.600982666015625.
LOCAL_RANK: 0 - CUDA_VISIBLE_DEVICES: [0]
[I 2023-12-27 11:18:37,241] Trial 27 finished with value: 96.30963134765625 and parameters: {'gradient_clip_val': 0.37905573374126483, 'hidden_size': 42, 'dropout': 0.34080123780732313, 'hidden_continuous_size': 13, 'attention_head_size': 2, 'learning_rate': 0.03826784243024907}. Best is trial 0 with value: 14.600982666015625.
LOCAL_RANK: 0 - CUDA_VISIBLE_DEVICES: [0]
[I 2023-12-27 11:18:37,683] Trial 28 finished with value: 81.5016098022461 and parameters: {'gradient_clip_val': 0.46882654495307785, 'hidden_size': 58, 'dropout': 0.3838447388803534, 'hidden_continuous_size': 8, 'attention_head_size': 1, 'learning_rate': 0.013050456982452897}. Best is trial 0 with value: 14.600982666015625.
LOCAL_RANK: 0 - CUDA_VISIBLE_DEVICES: [0]
[I 2023-12-27 11:18:38,158] Trial 29 finished with value: 67.280517578125 and parameters: {'gradient_clip_val': 0.2897023941575564, 'hidden_size': 20, 'dropout': 0.2952527052126245, 'hidden_continuous_size': 5, 'attention_head_size': 4, 'learning_rate': 0.015710630599981203}. Best is trial 0 with value: 14.600982666015625.
LOCAL_RANK: 0 - CUDA_VISIBLE_DEVICES: [0]
[I 2023-12-27 11:18:38,645] Trial 30 finished with value: 100.92554473876953 and parameters: {'gradient_clip_val': 0.34694028409910954, 'hidden_size': 19, 'dropout': 0.20236819521955185, 'hidden_continuous_size': 12, 'attention_head_size': 4, 'learning_rate': 0.016480699530781243}. Best is trial 0 with value: 14.600982666015625.
LOCAL_RANK: 0 - CUDA_VISIBLE_DEVICES: [0]
[I 2023-12-27 11:18:39,094] Trial 31 finished with value: 100.75714111328125 and parameters: {'gradient_clip_val': 0.29349152282437946, 'hidden_size': 28, 'dropout': 0.29563612802013095, 'hidden_continuous_size': 5, 'attention_head_size': 4, 'learning_rate': 0.02577124604035556}. Best is trial 0 with value: 14.600982666015625.
LOCAL_RANK: 0 - CUDA_VISIBLE_DEVICES: [0]
[I 2023-12-27 11:18:39,568] Trial 32 finished with value: 134.04934692382812 and parameters: {'gradient_clip_val': 0.2655310135682564, 'hidden_size': 22, 'dropout': 0.3507480704657256, 'hidden_continuous_size': 5, 'attention_head_size': 4, 'learning_rate': 0.004111423592910287}. Best is trial 0 with value: 14.600982666015625.
LOCAL_RANK: 0 - CUDA_VISIBLE_DEVICES: [0]
[I 2023-12-27 11:18:40,037] Trial 33 finished with value: 123.5887451171875 and parameters: {'gradient_clip_val': 0.8417740276768549, 'hidden_size': 13, 'dropout': 0.27339642978074424, 'hidden_continuous_size': 6, 'attention_head_size': 3, 'learning_rate': 0.011842822202604422}. Best is trial 0 with value: 14.600982666015625.
LOCAL_RANK: 0 - CUDA_VISIBLE_DEVICES: [0]
[I 2023-12-27 11:18:40,488] Trial 34 finished with value: 115.32147216796875 and parameters: {'gradient_clip_val': 0.614910440373765, 'hidden_size': 29, 'dropout': 0.3196214642026945, 'hidden_continuous_size': 6, 'attention_head_size': 4, 'learning_rate': 0.007543027909114405}. Best is trial 0 with value: 14.600982666015625.
LOCAL_RANK: 0 - CUDA_VISIBLE_DEVICES: [0]
[I 2023-12-27 11:18:40,968] Trial 35 finished with value: 91.28624725341797 and parameters: {'gradient_clip_val': 0.8312368774245221, 'hidden_size': 21, 'dropout': 0.3557061697426232, 'hidden_continuous_size': 5, 'attention_head_size': 4, 'learning_rate': 0.0019637638035999074}. Best is trial 0 with value: 14.600982666015625.
LOCAL_RANK: 0 - CUDA_VISIBLE_DEVICES: [0]
[I 2023-12-27 11:18:41,418] Trial 36 finished with value: 120.05218505859375 and parameters: {'gradient_clip_val': 0.43038077793289337, 'hidden_size': 27, 'dropout': 0.32820456722750274, 'hidden_continuous_size': 6, 'attention_head_size': 3, 'learning_rate': 0.03414520286524638}. Best is trial 0 with value: 14.600982666015625.
LOCAL_RANK: 0 - CUDA_VISIBLE_DEVICES: [0]
[I 2023-12-27 11:18:41,875] Trial 37 finished with value: 87.42472076416016 and parameters: {'gradient_clip_val': 0.3666123506110634, 'hidden_size': 10, 'dropout': 0.36544114762017477, 'hidden_continuous_size': 6, 'attention_head_size': 4, 'learning_rate': 0.009249735345240035}. Best is trial 0 with value: 14.600982666015625.
LOCAL_RANK: 0 - CUDA_VISIBLE_DEVICES: [0]
[I 2023-12-27 11:18:42,321] Trial 38 finished with value: 97.70491790771484 and parameters: {'gradient_clip_val': 0.9994853150250553, 'hidden_size': 23, 'dropout': 0.2759788836918886, 'hidden_continuous_size': 7, 'attention_head_size': 1, 'learning_rate': 0.014274138515936853}. Best is trial 0 with value: 14.600982666015625.
LOCAL_RANK: 0 - CUDA_VISIBLE_DEVICES: [0]
[I 2023-12-27 11:18:43,053] Trial 39 finished with value: 105.2271728515625 and parameters: {'gradient_clip_val': 0.6993833176069847, 'hidden_size': 18, 'dropout': 0.3959925993406086, 'hidden_continuous_size': 5, 'attention_head_size': 3, 'learning_rate': 0.019850669240403386}. Best is trial 0 with value: 14.600982666015625.
LOCAL_RANK: 0 - CUDA_VISIBLE_DEVICES: [0]
[I 2023-12-27 11:18:43,549] Trial 40 finished with value: 68.613525390625 and parameters: {'gradient_clip_val': 0.3039302240313367, 'hidden_size': 40, 'dropout': 0.3050696369094329, 'hidden_continuous_size': 14, 'attention_head_size': 2, 'learning_rate': 0.043605915820263526}. Best is trial 0 with value: 14.600982666015625.
LOCAL_RANK: 0 - CUDA_VISIBLE_DEVICES: [0]
[I 2023-12-27 11:18:44,021] Trial 41 finished with value: 97.06793212890625 and parameters: {'gradient_clip_val': 0.3039889013833074, 'hidden_size': 40, 'dropout': 0.30531017223048196, 'hidden_continuous_size': 15, 'attention_head_size': 2, 'learning_rate': 0.0288693224029883}. Best is trial 0 with value: 14.600982666015625.
LOCAL_RANK: 0 - CUDA_VISIBLE_DEVICES: [0]
[I 2023-12-27 11:18:44,504] Trial 42 finished with value: 78.3373031616211 and parameters: {'gradient_clip_val': 0.2322716704021264, 'hidden_size': 54, 'dropout': 0.3207286307478377, 'hidden_continuous_size': 13, 'attention_head_size': 1, 'learning_rate': 0.07639706345089009}. Best is trial 0 with value: 14.600982666015625.
LOCAL_RANK: 0 - CUDA_VISIBLE_DEVICES: [0]
[I 2023-12-27 11:18:44,995] Trial 43 finished with value: 118.0398178100586 and parameters: {'gradient_clip_val': 0.239701444641418, 'hidden_size': 52, 'dropout': 0.32915306937766436, 'hidden_continuous_size': 14, 'attention_head_size': 1, 'learning_rate': 0.04761160969400087}. Best is trial 0 with value: 14.600982666015625.
LOCAL_RANK: 0 - CUDA_VISIBLE_DEVICES: [0]
[I 2023-12-27 11:18:45,492] Trial 44 finished with value: 94.21878814697266 and parameters: {'gradient_clip_val': 0.31081514783271075, 'hidden_size': 31, 'dropout': 0.3118085212502738, 'hidden_continuous_size': 13, 'attention_head_size': 2, 'learning_rate': 0.07241281934256306}. Best is trial 0 with value: 14.600982666015625.
LOCAL_RANK: 0 - CUDA_VISIBLE_DEVICES: [0]
