[I 2023-12-27 11:15:28,330] Trial 33 finished with value: 2.822796583175659 and parameters: {'gradient_clip_val': 0.14197488231353603, 'hidden_size': 6, 'dropout': 0.4576789704863858, 'hidden_continuous_size': 5, 'attention_head_size': 3, 'learning_rate': 0.07361049642309156}. Best is trial 0 with value: 0.8448853492736816.
[I 2023-12-27 11:15:28,727] Trial 34 finished with value: 3.771467924118042 and parameters: {'gradient_clip_val': 0.301650017242554, 'hidden_size': 12, 'dropout': 0.4564854430603328, 'hidden_continuous_size': 6, 'attention_head_size': 4, 'learning_rate': 0.09638046874775685}. Best is trial 0 with value: 0.8448853492736816.
[I 2023-12-27 11:15:29,116] Trial 35 finished with value: 3.44043231010437 and parameters: {'gradient_clip_val': 0.16585445331138637, 'hidden_size': 7, 'dropout': 0.38638171307533853, 'hidden_continuous_size': 6, 'attention_head_size': 2, 'learning_rate': 0.055325943798016274}. Best is trial 0 with value: 0.8448853492736816.
[I 2023-12-27 11:15:29,789] Trial 36 finished with value: 2.891256332397461 and parameters: {'gradient_clip_val': 0.7006994377219149, 'hidden_size': 56, 'dropout': 0.44535002664669987, 'hidden_continuous_size': 18, 'attention_head_size': 2, 'learning_rate': 0.023017766172017534}. Best is trial 0 with value: 0.8448853492736816.
[I 2023-12-27 11:15:30,174] Trial 37 finished with value: 2.7207491397857666 and parameters: {'gradient_clip_val': 0.4893279185498774, 'hidden_size': 11, 'dropout': 0.4208304629892258, 'hidden_continuous_size': 6, 'attention_head_size': 4, 'learning_rate': 0.03866550637444047}. Best is trial 0 with value: 0.8448853492736816.
[I 2023-12-27 11:15:30,553] Trial 38 finished with value: 2.789198637008667 and parameters: {'gradient_clip_val': 0.11777492900860341, 'hidden_size': 14, 'dropout': 0.3613344618390631, 'hidden_continuous_size': 7, 'attention_head_size': 3, 'learning_rate': 0.01627457346009117}. Best is trial 0 with value: 0.8448853492736816.
[I 2023-12-27 11:15:30,914] Trial 39 finished with value: 2.1750357151031494 and parameters: {'gradient_clip_val': 0.3111911653623853, 'hidden_size': 8, 'dropout': 0.3866695758212073, 'hidden_continuous_size': 6, 'attention_head_size': 2, 'learning_rate': 0.04510003986834801}. Best is trial 0 with value: 0.8448853492736816.
[I 2023-12-27 11:15:31,329] Trial 40 finished with value: 3.172717809677124 and parameters: {'gradient_clip_val': 0.3281060489263839, 'hidden_size': 42, 'dropout': 0.32897385231566983, 'hidden_continuous_size': 11, 'attention_head_size': 2, 'learning_rate': 0.042178368125789206}. Best is trial 0 with value: 0.8448853492736816.
[I 2023-12-27 11:15:31,692] Trial 41 finished with value: 3.3493785858154297 and parameters: {'gradient_clip_val': 0.25604374203275637, 'hidden_size': 8, 'dropout': 0.4100535970614662, 'hidden_continuous_size': 6, 'attention_head_size': 2, 'learning_rate': 0.028427173251133017}. Best is trial 0 with value: 0.8448853492736816.
[I 2023-12-27 11:15:32,056] Trial 42 finished with value: 3.334676742553711 and parameters: {'gradient_clip_val': 0.208140059345109, 'hidden_size': 6, 'dropout': 0.3457435101974636, 'hidden_continuous_size': 5, 'attention_head_size': 2, 'learning_rate': 0.048861508305169735}. Best is trial 0 with value: 0.8448853492736816.
[I 2023-12-27 11:15:32,387] Trial 43 finished with value: 3.654096841812134 and parameters: {'gradient_clip_val': 0.2923228906259042, 'hidden_size': 5, 'dropout': 0.37214359057584157, 'hidden_continuous_size': 5, 'attention_head_size': 1, 'learning_rate': 0.06409549129040934}. Best is trial 0 with value: 0.8448853492736816.
[I 2023-12-27 11:15:32,762] Trial 44 finished with value: 3.269118547439575 and parameters: {'gradient_clip_val': 0.3901579605425397, 'hidden_size': 10, 'dropout': 0.28926102889467986, 'hidden_continuous_size': 6, 'attention_head_size': 2, 'learning_rate': 0.03221916415648137}. Best is trial 0 with value: 0.8448853492736816.
[I 2023-12-27 11:15:33,139] Trial 45 finished with value: 3.717910051345825 and parameters: {'gradient_clip_val': 0.24352137701785548, 'hidden_size': 9, 'dropout': 0.43329547725447976, 'hidden_continuous_size': 7, 'attention_head_size': 3, 'learning_rate': 0.04636387695930732}. Best is trial 0 with value: 0.8448853492736816.
[I 2023-12-27 11:15:33,521] Trial 46 finished with value: 2.459533452987671 and parameters: {'gradient_clip_val': 0.3178587327527774, 'hidden_size': 6, 'dropout': 0.39990382960689186, 'hidden_continuous_size': 5, 'attention_head_size': 2, 'learning_rate': 0.02307664924864875}. Best is trial 0 with value: 0.8448853492736816.
[I 2023-12-27 11:15:33,898] Trial 47 finished with value: 4.034811019897461 and parameters: {'gradient_clip_val': 0.21384285142053108, 'hidden_size': 8, 'dropout': 0.3838707874538153, 'hidden_continuous_size': 6, 'attention_head_size': 1, 'learning_rate': 0.07262411552906699}. Best is trial 0 with value: 0.8448853492736816.
[I 2023-12-27 11:15:34,286] Trial 48 finished with value: 3.961702346801758 and parameters: {'gradient_clip_val': 0.28443513581963786, 'hidden_size': 21, 'dropout': 0.33868000320589087, 'hidden_continuous_size': 9, 'attention_head_size': 3, 'learning_rate': 0.03713644593500305}. Best is trial 0 with value: 0.8448853492736816.
[I 2023-12-27 11:15:34,848] Trial 49 finished with value: 3.1417999267578125 and parameters: {'gradient_clip_val': 0.3494090023859848, 'hidden_size': 5, 'dropout': 0.4331176851603943, 'hidden_continuous_size': 5, 'attention_head_size': 4, 'learning_rate': 0.05336752250511084}. Best is trial 0 with value: 0.8448853492736816.
[I 2023-12-27 11:15:34,958] A new study created in memory with name: no-name-a435a854-9df6-4ad6-872f-31f70fef81d6
/home/le004/conda/anaconda3/envs/tsff_env/lib/python3.9/site-packages/lightning/fabric/plugins/environments/slurm.py:191: The `srun` command is available on your system but is not used. HINT: If your intention is to run Lightning on SLURM, prepend your python command with `srun` like so: srun python /home/le004/master_thesis/git/TSFusionForecast/code/ ...
[I 2023-12-27 11:16:03,346] Trial 0 finished with value: 2.663435697555542 and parameters: {'gradient_clip_val': 0.4315476771565742, 'hidden_size': 5, 'dropout': 0.24018616889899522, 'hidden_continuous_size': 5, 'attention_head_size': 4, 'learning_rate': 0.0016482159551126792}. Best is trial 0 with value: 2.663435697555542.
[I 2023-12-27 11:16:16,191] Trial 1 finished with value: 2.847113847732544 and parameters: {'gradient_clip_val': 0.8813721044963697, 'hidden_size': 52, 'dropout': 0.13456298526897884, 'hidden_continuous_size': 8, 'attention_head_size': 3, 'learning_rate': 0.0009063674563548884}. Best is trial 0 with value: 2.663435697555542.
[I 2023-12-27 11:16:16,613] Trial 2 finished with value: 3.330094575881958 and parameters: {'gradient_clip_val': 0.11056195469156674, 'hidden_size': 57, 'dropout': 0.20942859798505697, 'hidden_continuous_size': 12, 'attention_head_size': 1, 'learning_rate': 0.03204290776734921}. Best is trial 0 with value: 2.663435697555542.
[I 2023-12-27 11:16:17,081] Trial 3 finished with value: 4.07831335067749 and parameters: {'gradient_clip_val': 0.2631679195894997, 'hidden_size': 94, 'dropout': 0.2855109587721325, 'hidden_continuous_size': 11, 'attention_head_size': 2, 'learning_rate': 0.06233732380114923}. Best is trial 0 with value: 2.663435697555542.
[I 2023-12-27 11:16:17,513] Trial 4 finished with value: 4.053837299346924 and parameters: {'gradient_clip_val': 0.4907340219393082, 'hidden_size': 73, 'dropout': 0.3268360836183282, 'hidden_continuous_size': 7, 'attention_head_size': 3, 'learning_rate': 0.08010007465403639}. Best is trial 0 with value: 2.663435697555542.
[I 2023-12-27 11:16:18,006] Trial 5 finished with value: 3.345982551574707 and parameters: {'gradient_clip_val': 0.22067969125339087, 'hidden_size': 105, 'dropout': 0.4789830307649393, 'hidden_continuous_size': 5, 'attention_head_size': 4, 'learning_rate': 0.05320253395203065}. Best is trial 0 with value: 2.663435697555542.
[I 2023-12-27 11:16:18,385] Trial 6 finished with value: 2.8674583435058594 and parameters: {'gradient_clip_val': 0.8705958489854887, 'hidden_size': 29, 'dropout': 0.284150931114472, 'hidden_continuous_size': 9, 'attention_head_size': 1, 'learning_rate': 0.02236716651039848}. Best is trial 0 with value: 2.663435697555542.
[I 2023-12-27 11:16:18,746] Trial 7 finished with value: 4.63245153427124 and parameters: {'gradient_clip_val': 0.6802214895604995, 'hidden_size': 18, 'dropout': 0.26543019923806255, 'hidden_continuous_size': 9, 'attention_head_size': 1, 'learning_rate': 0.010457009791675935}. Best is trial 0 with value: 2.663435697555542.
[I 2023-12-27 11:16:19,333] Trial 8 finished with value: 3.9437334537506104 and parameters: {'gradient_clip_val': 0.7678301076845764, 'hidden_size': 136, 'dropout': 0.23649614650830114, 'hidden_continuous_size': 87, 'attention_head_size': 1, 'learning_rate': 0.09600525383626313}. Best is trial 0 with value: 2.663435697555542.
[I 2023-12-27 11:16:19,940] Trial 9 finished with value: 4.570225238800049 and parameters: {'gradient_clip_val': 0.8359532789303086, 'hidden_size': 143, 'dropout': 0.21492180577393183, 'hidden_continuous_size': 59, 'attention_head_size': 1, 'learning_rate': 0.0009367395777547632}. Best is trial 0 with value: 2.663435697555542.
[I 2023-12-27 11:16:48,744] Trial 10 finished with value: 2.1216466426849365 and parameters: {'gradient_clip_val': 0.3796392348414475, 'hidden_size': 5, 'dropout': 0.10308028503167044, 'hidden_continuous_size': 5, 'attention_head_size': 4, 'learning_rate': 0.0021161996925337153}. Best is trial 10 with value: 2.1216466426849365.
[I 2023-12-27 11:16:58,098] Trial 11 finished with value: 3.2583367824554443 and parameters: {'gradient_clip_val': 0.4330619127233184, 'hidden_size': 5, 'dropout': 0.10370795994760462, 'hidden_continuous_size': 5, 'attention_head_size': 4, 'learning_rate': 0.003856002639422329}. Best is trial 10 with value: 2.1216466426849365.
[I 2023-12-27 11:16:58,456] Trial 12 finished with value: 2.802581548690796 and parameters: {'gradient_clip_val': 0.37905097733503895, 'hidden_size': 5, 'dropout': 0.1551684993525443, 'hidden_continuous_size': 5, 'attention_head_size': 4, 'learning_rate': 0.0024611469878879134}. Best is trial 10 with value: 2.1216466426849365.
[I 2023-12-27 11:16:58,828] Trial 13 finished with value: 2.4653403759002686 and parameters: {'gradient_clip_val': 0.30039263299699953, 'hidden_size': 8, 'dropout': 0.16557468573796252, 'hidden_continuous_size': 5, 'attention_head_size': 3, 'learning_rate': 0.002059776045247205}. Best is trial 10 with value: 2.1216466426849365.
[I 2023-12-27 11:16:59,234] Trial 14 finished with value: 4.5922160148620605 and parameters: {'gradient_clip_val': 0.2891891259725897, 'hidden_size': 9, 'dropout': 0.10010929661965774, 'hidden_continuous_size': 5, 'attention_head_size': 3, 'learning_rate': 0.0005215740291866434}. Best is trial 10 with value: 2.1216466426849365.
[I 2023-12-27 11:16:59,628] Trial 15 finished with value: 4.327653884887695 and parameters: {'gradient_clip_val': 0.2164841325749462, 'hidden_size': 9, 'dropout': 0.17714381034307009, 'hidden_continuous_size': 6, 'attention_head_size': 2, 'learning_rate': 0.005364721099542462}. Best is trial 10 with value: 2.1216466426849365.
[I 2023-12-27 11:17:00,015] Trial 16 finished with value: 2.9486424922943115 and parameters: {'gradient_clip_val': 0.5636362384327309, 'hidden_size': 9, 'dropout': 0.1526417282165246, 'hidden_continuous_size': 6, 'attention_head_size': 3, 'learning_rate': 0.002711780443189462}. Best is trial 10 with value: 2.1216466426849365.
[I 2023-12-27 11:17:00,425] Trial 17 finished with value: 3.087123155593872 and parameters: {'gradient_clip_val': 0.34593637893719176, 'hidden_size': 15, 'dropout': 0.1806806724348728, 'hidden_continuous_size': 6, 'attention_head_size': 2, 'learning_rate': 0.008138351194515461}. Best is trial 10 with value: 2.1216466426849365.
[I 2023-12-27 11:17:00,857] Trial 18 finished with value: 2.862938165664673 and parameters: {'gradient_clip_val': 0.6106237229582215, 'hidden_size': 8, 'dropout': 0.10320755245587565, 'hidden_continuous_size': 5, 'attention_head_size': 4, 'learning_rate': 0.0018684822055761248}. Best is trial 10 with value: 2.1216466426849365.
[I 2023-12-27 11:17:01,252] Trial 19 finished with value: 3.2549304962158203 and parameters: {'gradient_clip_val': 0.3271849670928186, 'hidden_size': 7, 'dropout': 0.1378883564354436, 'hidden_continuous_size': 5, 'attention_head_size': 3, 'learning_rate': 0.004392295804045629}. Best is trial 10 with value: 2.1216466426849365.
[I 2023-12-27 11:17:01,670] Trial 20 finished with value: 3.1408956050872803 and parameters: {'gradient_clip_val': 0.5251230445312681, 'hidden_size': 12, 'dropout': 0.1755179455808037, 'hidden_continuous_size': 6, 'attention_head_size': 4, 'learning_rate': 0.011171670898723144}. Best is trial 10 with value: 2.1216466426849365.
[I 2023-12-27 11:17:02,285] Trial 21 finished with value: 3.0317370891571045 and parameters: {'gradient_clip_val': 0.4552339639184105, 'hidden_size': 5, 'dropout': 0.21240744367784817, 'hidden_continuous_size': 5, 'attention_head_size': 4, 'learning_rate': 0.0014592634778128695}. Best is trial 10 with value: 2.1216466426849365.
[I 2023-12-27 11:17:02,678] Trial 22 finished with value: 3.355107069015503 and parameters: {'gradient_clip_val': 0.40850251079319605, 'hidden_size': 6, 'dropout': 0.2502660547887565, 'hidden_continuous_size': 5, 'attention_head_size': 4, 'learning_rate': 0.0014438875959552069}. Best is trial 10 with value: 2.1216466426849365.
[I 2023-12-27 11:17:03,090] Trial 23 finished with value: 2.492047071456909 and parameters: {'gradient_clip_val': 0.3679262569147745, 'hidden_size': 6, 'dropout': 0.20169058719201213, 'hidden_continuous_size': 5, 'attention_head_size': 3, 'learning_rate': 0.002928208707369363}. Best is trial 10 with value: 2.1216466426849365.
[I 2023-12-27 11:17:03,493] Trial 24 finished with value: 3.1576969623565674 and parameters: {'gradient_clip_val': 0.2962891692407271, 'hidden_size': 7, 'dropout': 0.14766524445099452, 'hidden_continuous_size': 5, 'attention_head_size': 3, 'learning_rate': 0.0031948544219040746}. Best is trial 10 with value: 2.1216466426849365.
[I 2023-12-27 11:17:03,890] Trial 25 finished with value: 3.1296489238739014 and parameters: {'gradient_clip_val': 0.35277749924299706, 'hidden_size': 12, 'dropout': 0.12793966960480907, 'hidden_continuous_size': 6, 'attention_head_size': 2, 'learning_rate': 0.005727814463769585}. Best is trial 10 with value: 2.1216466426849365.
[I 2023-12-27 11:17:04,289] Trial 26 finished with value: 2.734524965286255 and parameters: {'gradient_clip_val': 0.2469597859250528, 'hidden_size': 6, 'dropout': 0.17348701672909203, 'hidden_continuous_size': 5, 'attention_head_size': 3, 'learning_rate': 0.002461432921281269}. Best is trial 10 with value: 2.1216466426849365.
[I 2023-12-27 11:17:04,681] Trial 27 finished with value: 3.56990909576416 and parameters: {'gradient_clip_val': 0.19170097992952445, 'hidden_size': 7, 'dropout': 0.1962742263908996, 'hidden_continuous_size': 5, 'attention_head_size': 3, 'learning_rate': 0.0038146756925990927}. Best is trial 10 with value: 2.1216466426849365.
[I 2023-12-27 11:17:05,085] Trial 28 finished with value: 4.352888584136963 and parameters: {'gradient_clip_val': 0.38204002757199323, 'hidden_size': 11, 'dropout': 0.12921575463196497, 'hidden_continuous_size': 6, 'attention_head_size': 2, 'learning_rate': 0.006380276980715891}. Best is trial 10 with value: 2.1216466426849365.
[I 2023-12-27 11:17:05,448] Trial 29 finished with value: 2.768317222595215 and parameters: {'gradient_clip_val': 0.48737358039148526, 'hidden_size': 5, 'dropout': 0.2252061048455235, 'hidden_continuous_size': 5, 'attention_head_size': 3, 'learning_rate': 0.0020697374005735074}. Best is trial 10 with value: 2.1216466426849365.
[I 2023-12-27 11:17:05,868] Trial 30 finished with value: 3.0805962085723877 and parameters: {'gradient_clip_val': 0.42280409658806256, 'hidden_size': 6, 'dropout': 0.1625746206916423, 'hidden_continuous_size': 5, 'attention_head_size': 4, 'learning_rate': 0.0031706648007730404}. Best is trial 10 with value: 2.1216466426849365.
[I 2023-12-27 11:17:06,230] Trial 31 finished with value: 3.2172422409057617 and parameters: {'gradient_clip_val': 0.32226424877160637, 'hidden_size': 5, 'dropout': 0.19693529730244663, 'hidden_continuous_size': 5, 'attention_head_size': 4, 'learning_rate': 0.001326939963480016}. Best is trial 10 with value: 2.1216466426849365.
[I 2023-12-27 11:17:06,625] Trial 32 finished with value: 3.796945333480835 and parameters: {'gradient_clip_val': 0.5814966252500716, 'hidden_size': 7, 'dropout': 0.12828117764294278, 'hidden_continuous_size': 5, 'attention_head_size': 3, 'learning_rate': 0.0010387653110909307}. Best is trial 10 with value: 2.1216466426849365.
[I 2023-12-27 11:17:07,033] Trial 33 finished with value: 2.1568572521209717 and parameters: {'gradient_clip_val': 0.3709251339395923, 'hidden_size': 10, 'dropout': 0.19558649750063048, 'hidden_continuous_size': 6, 'attention_head_size': 4, 'learning_rate': 0.001692730972377809}. Best is trial 10 with value: 2.1216466426849365.
[I 2023-12-27 11:17:07,431] Trial 34 finished with value: 3.656979560852051 and parameters: {'gradient_clip_val': 0.3760582764145657, 'hidden_size': 11, 'dropout': 0.18883577640427257, 'hidden_continuous_size': 6, 'attention_head_size': 4, 'learning_rate': 0.0024809429800847745}. Best is trial 10 with value: 2.1216466426849365.
[I 2023-12-27 11:17:08,092] Trial 35 finished with value: 2.83915638923645 and parameters: {'gradient_clip_val': 0.2881856039968109, 'hidden_size': 17, 'dropout': 0.23820024267174608, 'hidden_continuous_size': 7, 'attention_head_size': 3, 'learning_rate': 0.001791269955723337}. Best is trial 10 with value: 2.1216466426849365.
[I 2023-12-27 11:17:08,494] Trial 36 finished with value: 4.427225112915039 and parameters: {'gradient_clip_val': 0.4543209467909614, 'hidden_size': 9, 'dropout': 0.21254974526854997, 'hidden_continuous_size': 6, 'attention_head_size': 4, 'learning_rate': 0.0011742449775827026}. Best is trial 10 with value: 2.1216466426849365.
[I 2023-12-27 11:17:08,921] Trial 37 finished with value: 3.43979549407959 and parameters: {'gradient_clip_val': 0.26083108345225936, 'hidden_size': 27, 'dropout': 0.15852521675539746, 'hidden_continuous_size': 7, 'attention_head_size': 3, 'learning_rate': 0.0007350927440062831}. Best is trial 10 with value: 2.1216466426849365.
[I 2023-12-27 11:17:09,329] Trial 38 finished with value: 3.3816897869110107 and parameters: {'gradient_clip_val': 0.32931823805533916, 'hidden_size': 22, 'dropout': 0.3238963155163609, 'hidden_continuous_size': 8, 'attention_head_size': 2, 'learning_rate': 0.0015333696972855667}. Best is trial 10 with value: 2.1216466426849365.
[I 2023-12-27 11:17:09,722] Trial 39 finished with value: 3.316892385482788 and parameters: {'gradient_clip_val': 0.39419630568558606, 'hidden_size': 6, 'dropout': 0.19911449732398634, 'hidden_continuous_size': 5, 'attention_head_size': 4, 'learning_rate': 0.0019432075270371693}. Best is trial 10 with value: 2.1216466426849365.
[I 2023-12-27 11:17:10,161] Trial 40 finished with value: 4.559837818145752 and parameters: {'gradient_clip_val': 0.5065529875203856, 'hidden_size': 40, 'dropout': 0.12772015561621355, 'hidden_continuous_size': 10, 'attention_head_size': 3, 'learning_rate': 0.0007657272222363794}. Best is trial 10 with value: 2.1216466426849365.
[I 2023-12-27 11:17:10,581] Trial 41 finished with value: 2.9228904247283936 and parameters: {'gradient_clip_val': 0.4510362292619433, 'hidden_size': 8, 'dropout': 0.26452757569063384, 'hidden_continuous_size': 5, 'attention_head_size': 4, 'learning_rate': 0.0011556131689016797}. Best is trial 10 with value: 2.1216466426849365.
[I 2023-12-27 11:17:10,989] Trial 42 finished with value: 3.381000280380249 and parameters: {'gradient_clip_val': 0.3688849704008458, 'hidden_size': 6, 'dropout': 0.2311942965794302, 'hidden_continuous_size': 5, 'attention_head_size': 4, 'learning_rate': 0.0018275551231227041}. Best is trial 10 with value: 2.1216466426849365.
[I 2023-12-27 11:17:11,349] Trial 43 finished with value: 3.609175443649292 and parameters: {'gradient_clip_val': 0.9808185619761605, 'hidden_size': 5, 'dropout': 0.21601525653903228, 'hidden_continuous_size': 5, 'attention_head_size': 4, 'learning_rate': 0.003252279188438431}. Best is trial 10 with value: 2.1216466426849365.
[I 2023-12-27 11:17:11,742] Trial 44 finished with value: 3.1765873432159424 and parameters: {'gradient_clip_val': 0.3111378126805955, 'hidden_size': 8, 'dropout': 0.25476179624076695, 'hidden_continuous_size': 6, 'attention_head_size': 4, 'learning_rate': 0.0022394409199838284}. Best is trial 10 with value: 2.1216466426849365.
[I 2023-12-27 11:17:12,155] Trial 45 finished with value: 4.284243106842041 and parameters: {'gradient_clip_val': 0.412825583582272, 'hidden_size': 14, 'dropout': 0.28179438215622965, 'hidden_continuous_size': 7, 'attention_head_size': 3, 'learning_rate': 0.0009236623050577331}. Best is trial 10 with value: 2.1216466426849365.
[I 2023-12-27 11:17:12,567] Trial 46 finished with value: 4.032925128936768 and parameters: {'gradient_clip_val': 0.679701419508003, 'hidden_size': 10, 'dropout': 0.1733125410964036, 'hidden_continuous_size': 6, 'attention_head_size': 4, 'learning_rate': 0.00163372810824684}. Best is trial 10 with value: 2.1216466426849365.
[I 2023-12-27 11:17:12,957] Trial 47 finished with value: 4.105734825134277 and parameters: {'gradient_clip_val': 0.34382970591904066, 'hidden_size': 6, 'dropout': 0.1920155616851099, 'hidden_continuous_size': 5, 'attention_head_size': 4, 'learning_rate': 0.002584657482743189}. Best is trial 10 with value: 2.1216466426849365.
