[I 2023-12-27 11:15:30,101] Trial 13 finished with value: 547.4093627929688 and parameters: {'gradient_clip_val': 0.6674588069139001, 'hidden_size': 145, 'dropout': 0.16920702784005257, 'hidden_continuous_size': 114, 'attention_head_size': 4, 'learning_rate': 0.029854125066313637}. Best is trial 2 with value: 35.6074104309082.
LOCAL_RANK: 0 - CUDA_VISIBLE_DEVICES: [0]
[I 2023-12-27 11:15:30,591] Trial 14 finished with value: 569.0663452148438 and parameters: {'gradient_clip_val': 0.28710142283506007, 'hidden_size': 39, 'dropout': 0.1013473904443083, 'hidden_continuous_size': 7, 'attention_head_size': 2, 'learning_rate': 0.010175221524456499}. Best is trial 2 with value: 35.6074104309082.
LOCAL_RANK: 0 - CUDA_VISIBLE_DEVICES: [0]
[I 2023-12-27 11:15:31,084] Trial 15 finished with value: 474.2471008300781 and parameters: {'gradient_clip_val': 0.11083127070261288, 'hidden_size': 101, 'dropout': 0.20881290876336592, 'hidden_continuous_size': 13, 'attention_head_size': 3, 'learning_rate': 0.04280705024227581}. Best is trial 2 with value: 35.6074104309082.
LOCAL_RANK: 0 - CUDA_VISIBLE_DEVICES: [0]
[I 2023-12-27 11:15:31,550] Trial 16 finished with value: 425.0555114746094 and parameters: {'gradient_clip_val': 0.712131890233096, 'hidden_size': 31, 'dropout': 0.14763215846476105, 'hidden_continuous_size': 6, 'attention_head_size': 1, 'learning_rate': 0.011199492663548574}. Best is trial 2 with value: 35.6074104309082.
LOCAL_RANK: 0 - CUDA_VISIBLE_DEVICES: [0]
[I 2023-12-27 11:15:32,046] Trial 17 finished with value: 561.5999755859375 and parameters: {'gradient_clip_val': 0.8149457659497308, 'hidden_size': 93, 'dropout': 0.20764929604576893, 'hidden_continuous_size': 11, 'attention_head_size': 4, 'learning_rate': 0.04839435920898991}. Best is trial 2 with value: 35.6074104309082.
LOCAL_RANK: 0 - CUDA_VISIBLE_DEVICES: [0]
[I 2023-12-27 11:15:32,517] Trial 18 finished with value: 435.9805908203125 and parameters: {'gradient_clip_val': 0.9969372075585448, 'hidden_size': 18, 'dropout': 0.23552807651142493, 'hidden_continuous_size': 6, 'attention_head_size': 2, 'learning_rate': 0.0174649771350737}. Best is trial 2 with value: 35.6074104309082.
LOCAL_RANK: 0 - CUDA_VISIBLE_DEVICES: [0]
[I 2023-12-27 11:15:32,953] Trial 19 finished with value: 420.2640075683594 and parameters: {'gradient_clip_val': 0.5840207076705913, 'hidden_size': 8, 'dropout': 0.16173015310826516, 'hidden_continuous_size': 5, 'attention_head_size': 3, 'learning_rate': 0.004917460071266236}. Best is trial 2 with value: 35.6074104309082.
LOCAL_RANK: 0 - CUDA_VISIBLE_DEVICES: [0]
[I 2023-12-27 11:15:33,630] Trial 20 finished with value: 426.4925842285156 and parameters: {'gradient_clip_val': 0.5252069747624702, 'hidden_size': 25, 'dropout': 0.12223430891649593, 'hidden_continuous_size': 6, 'attention_head_size': 1, 'learning_rate': 0.04853045594177343}. Best is trial 2 with value: 35.6074104309082.
LOCAL_RANK: 0 - CUDA_VISIBLE_DEVICES: [0]
[I 2023-12-27 11:15:34,066] Trial 21 finished with value: 448.241943359375 and parameters: {'gradient_clip_val': 0.47948058194736914, 'hidden_size': 6, 'dropout': 0.17625344043880647, 'hidden_continuous_size': 5, 'attention_head_size': 3, 'learning_rate': 0.0005627698516318169}. Best is trial 2 with value: 35.6074104309082.
LOCAL_RANK: 0 - CUDA_VISIBLE_DEVICES: [0]
[I 2023-12-27 11:15:34,519] Trial 22 finished with value: 452.796630859375 and parameters: {'gradient_clip_val': 0.654491253445202, 'hidden_size': 7, 'dropout': 0.13850543821505915, 'hidden_continuous_size': 5, 'attention_head_size': 4, 'learning_rate': 0.0010058994005556674}. Best is trial 2 with value: 35.6074104309082.
LOCAL_RANK: 0 - CUDA_VISIBLE_DEVICES: [0]
[I 2023-12-27 11:15:34,973] Trial 23 finished with value: 457.829345703125 and parameters: {'gradient_clip_val': 0.8371878323012214, 'hidden_size': 9, 'dropout': 0.36039828073406815, 'hidden_continuous_size': 5, 'attention_head_size': 3, 'learning_rate': 0.0031332224311385447}. Best is trial 2 with value: 35.6074104309082.
LOCAL_RANK: 0 - CUDA_VISIBLE_DEVICES: [0]
[I 2023-12-27 11:15:35,375] Trial 24 finished with value: 516.2593383789062 and parameters: {'gradient_clip_val': 0.4451333465815614, 'hidden_size': 5, 'dropout': 0.12083907520797416, 'hidden_continuous_size': 5, 'attention_head_size': 4, 'learning_rate': 0.0011202908556140739}. Best is trial 2 with value: 35.6074104309082.
LOCAL_RANK: 0 - CUDA_VISIBLE_DEVICES: [0]
[I 2023-12-27 11:15:35,811] Trial 25 finished with value: 623.5402221679688 and parameters: {'gradient_clip_val': 0.5625951297498738, 'hidden_size': 7, 'dropout': 0.22983923554444674, 'hidden_continuous_size': 5, 'attention_head_size': 3, 'learning_rate': 0.004926433375132198}. Best is trial 2 with value: 35.6074104309082.
LOCAL_RANK: 0 - CUDA_VISIBLE_DEVICES: [0]
[I 2023-12-27 11:15:36,248] Trial 26 finished with value: 595.7391967773438 and parameters: {'gradient_clip_val': 0.7605446777042305, 'hidden_size': 11, 'dropout': 0.1743231813939189, 'hidden_continuous_size': 6, 'attention_head_size': 2, 'learning_rate': 0.010751680094281322}. Best is trial 2 with value: 35.6074104309082.
LOCAL_RANK: 0 - CUDA_VISIBLE_DEVICES: [0]
[I 2023-12-27 11:15:36,698] Trial 27 finished with value: 496.9182434082031 and parameters: {'gradient_clip_val': 0.6394447170252511, 'hidden_size': 16, 'dropout': 0.10282389513010866, 'hidden_continuous_size': 6, 'attention_head_size': 4, 'learning_rate': 0.003498122891182317}. Best is trial 2 with value: 35.6074104309082.
LOCAL_RANK: 0 - CUDA_VISIBLE_DEVICES: [0]
[I 2023-12-27 11:15:37,129] Trial 28 finished with value: 369.6339416503906 and parameters: {'gradient_clip_val': 0.4999263410634542, 'hidden_size': 6, 'dropout': 0.14227610304993532, 'hidden_continuous_size': 5, 'attention_head_size': 3, 'learning_rate': 0.006336426688288577}. Best is trial 2 with value: 35.6074104309082.
LOCAL_RANK: 0 - CUDA_VISIBLE_DEVICES: [0]
[I 2023-12-27 11:15:37,569] Trial 29 finished with value: 355.602783203125 and parameters: {'gradient_clip_val': 0.8392487051511653, 'hidden_size': 9, 'dropout': 0.14163434056665805, 'hidden_continuous_size': 5, 'attention_head_size': 3, 'learning_rate': 0.007354784039351598}. Best is trial 2 with value: 35.6074104309082.
LOCAL_RANK: 0 - CUDA_VISIBLE_DEVICES: [0]
[I 2023-12-27 11:15:38,006] Trial 30 finished with value: 459.1591796875 and parameters: {'gradient_clip_val': 0.8565017862719552, 'hidden_size': 9, 'dropout': 0.18559180287959248, 'hidden_continuous_size': 5, 'attention_head_size': 4, 'learning_rate': 0.015540235087768424}. Best is trial 2 with value: 35.6074104309082.
LOCAL_RANK: 0 - CUDA_VISIBLE_DEVICES: [0]
[I 2023-12-27 11:15:38,437] Trial 31 finished with value: 416.358154296875 and parameters: {'gradient_clip_val': 0.7575301344467696, 'hidden_size': 6, 'dropout': 0.14326663779321336, 'hidden_continuous_size': 5, 'attention_head_size': 3, 'learning_rate': 0.005974079365953112}. Best is trial 2 with value: 35.6074104309082.
LOCAL_RANK: 0 - CUDA_VISIBLE_DEVICES: [0]
[I 2023-12-27 11:15:38,831] Trial 32 finished with value: 421.3899841308594 and parameters: {'gradient_clip_val': 0.6408760098097506, 'hidden_size': 5, 'dropout': 0.15760835636145346, 'hidden_continuous_size': 5, 'attention_head_size': 3, 'learning_rate': 0.00836558544966628}. Best is trial 2 with value: 35.6074104309082.
LOCAL_RANK: 0 - CUDA_VISIBLE_DEVICES: [0]
[I 2023-12-27 11:15:39,600] Trial 33 finished with value: 438.630859375 and parameters: {'gradient_clip_val': 0.5084230628299357, 'hidden_size': 14, 'dropout': 0.12331790613256487, 'hidden_continuous_size': 6, 'attention_head_size': 3, 'learning_rate': 0.006815271567847365}. Best is trial 2 with value: 35.6074104309082.
LOCAL_RANK: 0 - CUDA_VISIBLE_DEVICES: [0]
[I 2023-12-27 11:15:40,042] Trial 34 finished with value: 425.968017578125 and parameters: {'gradient_clip_val': 0.896256549991273, 'hidden_size': 7, 'dropout': 0.13004588379493198, 'hidden_continuous_size': 5, 'attention_head_size': 2, 'learning_rate': 0.012438552181558224}. Best is trial 2 with value: 35.6074104309082.
LOCAL_RANK: 0 - CUDA_VISIBLE_DEVICES: [0]
[I 2023-12-27 11:15:40,470] Trial 35 finished with value: 453.9000549316406 and parameters: {'gradient_clip_val': 0.7394802747523316, 'hidden_size': 9, 'dropout': 0.15884891929505157, 'hidden_continuous_size': 5, 'attention_head_size': 1, 'learning_rate': 0.0076897970127438155}. Best is trial 2 with value: 35.6074104309082.
LOCAL_RANK: 0 - CUDA_VISIBLE_DEVICES: [0]
[I 2023-12-27 11:15:40,905] Trial 36 finished with value: 447.5624084472656 and parameters: {'gradient_clip_val': 0.8065872385462897, 'hidden_size': 12, 'dropout': 0.18750137482431062, 'hidden_continuous_size': 5, 'attention_head_size': 3, 'learning_rate': 0.024863747676619398}. Best is trial 2 with value: 35.6074104309082.
LOCAL_RANK: 0 - CUDA_VISIBLE_DEVICES: [0]
[I 2023-12-27 11:15:41,369] Trial 37 finished with value: 366.8658447265625 and parameters: {'gradient_clip_val': 0.9188686093252376, 'hidden_size': 21, 'dropout': 0.25821001047795816, 'hidden_continuous_size': 7, 'attention_head_size': 1, 'learning_rate': 0.013682539071857118}. Best is trial 2 with value: 35.6074104309082.
LOCAL_RANK: 0 - CUDA_VISIBLE_DEVICES: [0]
[I 2023-12-27 11:15:41,813] Trial 38 finished with value: 486.7819519042969 and parameters: {'gradient_clip_val': 0.9207699532653869, 'hidden_size': 21, 'dropout': 0.23864782691247444, 'hidden_continuous_size': 7, 'attention_head_size': 1, 'learning_rate': 0.01406442089410186}. Best is trial 2 with value: 35.6074104309082.
LOCAL_RANK: 0 - CUDA_VISIBLE_DEVICES: [0]
[I 2023-12-27 11:15:42,252] Trial 39 finished with value: 547.5632934570312 and parameters: {'gradient_clip_val': 0.9252613709672669, 'hidden_size': 14, 'dropout': 0.2698887488424683, 'hidden_continuous_size': 6, 'attention_head_size': 1, 'learning_rate': 0.088705444908901}. Best is trial 2 with value: 35.6074104309082.
LOCAL_RANK: 0 - CUDA_VISIBLE_DEVICES: [0]
[I 2023-12-27 11:15:42,694] Trial 40 finished with value: 452.3207702636719 and parameters: {'gradient_clip_val': 0.9775617085885224, 'hidden_size': 22, 'dropout': 0.20193613464350865, 'hidden_continuous_size': 7, 'attention_head_size': 1, 'learning_rate': 0.06706279714926895}. Best is trial 2 with value: 35.6074104309082.
LOCAL_RANK: 0 - CUDA_VISIBLE_DEVICES: [0]
[I 2023-12-27 11:15:43,125] Trial 41 finished with value: 412.9064636230469 and parameters: {'gradient_clip_val': 0.714879963533564, 'hidden_size': 6, 'dropout': 0.15521736380033188, 'hidden_continuous_size': 5, 'attention_head_size': 1, 'learning_rate': 0.004474222250535413}. Best is trial 2 with value: 35.6074104309082.
LOCAL_RANK: 0 - CUDA_VISIBLE_DEVICES: [0]
[I 2023-12-27 11:15:43,596] Trial 42 finished with value: 438.1328125 and parameters: {'gradient_clip_val': 0.800348936753885, 'hidden_size': 32, 'dropout': 0.13575860452768299, 'hidden_continuous_size': 8, 'attention_head_size': 2, 'learning_rate': 0.005984753690532375}. Best is trial 2 with value: 35.6074104309082.
LOCAL_RANK: 0 - CUDA_VISIBLE_DEVICES: [0]
[I 2023-12-27 11:15:44,065] Trial 43 finished with value: 459.1263122558594 and parameters: {'gradient_clip_val': 0.8452323976992514, 'hidden_size': 13, 'dropout': 0.10906951628255779, 'hidden_continuous_size': 6, 'attention_head_size': 2, 'learning_rate': 0.009010270739400264}. Best is trial 2 with value: 35.6074104309082.
LOCAL_RANK: 0 - CUDA_VISIBLE_DEVICES: [0]
[I 2023-12-27 11:15:44,547] Trial 44 finished with value: 434.7490234375 and parameters: {'gradient_clip_val': 0.6241518749045345, 'hidden_size': 20, 'dropout': 0.11845357074371379, 'hidden_continuous_size': 7, 'attention_head_size': 1, 'learning_rate': 0.012854950032696072}. Best is trial 2 with value: 35.6074104309082.
LOCAL_RANK: 0 - CUDA_VISIBLE_DEVICES: [0]
[I 2023-12-27 11:15:44,977] Trial 45 finished with value: 434.1575622558594 and parameters: {'gradient_clip_val': 0.7036145505869205, 'hidden_size': 11, 'dropout': 0.29666282253985854, 'hidden_continuous_size': 5, 'attention_head_size': 2, 'learning_rate': 0.008772089504923693}. Best is trial 2 with value: 35.6074104309082.
LOCAL_RANK: 0 - CUDA_VISIBLE_DEVICES: [0]
[I 2023-12-27 11:15:45,709] Trial 46 finished with value: 382.0732727050781 and parameters: {'gradient_clip_val': 0.41071458389063964, 'hidden_size': 44, 'dropout': 0.18025808813429992, 'hidden_continuous_size': 8, 'attention_head_size': 4, 'learning_rate': 0.021406573397207848}. Best is trial 2 with value: 35.6074104309082.
LOCAL_RANK: 0 - CUDA_VISIBLE_DEVICES: [0]
[I 2023-12-27 11:15:46,190] Trial 47 finished with value: 436.84423828125 and parameters: {'gradient_clip_val': 0.5661632636340749, 'hidden_size': 30, 'dropout': 0.1397916251586766, 'hidden_continuous_size': 7, 'attention_head_size': 3, 'learning_rate': 0.03099874648883842}. Best is trial 2 with value: 35.6074104309082.
LOCAL_RANK: 0 - CUDA_VISIBLE_DEVICES: [0]
[I 2023-12-27 11:15:46,652] Trial 48 finished with value: 495.358154296875 and parameters: {'gradient_clip_val': 0.8887138316103589, 'hidden_size': 10, 'dropout': 0.1588749084295295, 'hidden_continuous_size': 5, 'attention_head_size': 1, 'learning_rate': 0.003823020677680482}. Best is trial 2 with value: 35.6074104309082.
LOCAL_RANK: 0 - CUDA_VISIBLE_DEVICES: [0]
[I 2023-12-27 11:15:47,131] Trial 49 finished with value: 365.1048889160156 and parameters: {'gradient_clip_val': 0.998737027207581, 'hidden_size': 63, 'dropout': 0.2173588172084333, 'hidden_continuous_size': 9, 'attention_head_size': 2, 'learning_rate': 0.002696046773845358}. Best is trial 2 with value: 35.6074104309082.
[I 2023-12-27 11:15:47,260] A new study created in memory with name: no-name-631045fc-5277-46bd-9665-92fc73e5de7f
/home/le004/conda/anaconda3/envs/tsff_env/lib/python3.9/site-packages/lightning/fabric/plugins/environments/slurm.py:191: The `srun` command is available on your system but is not used. HINT: If your intention is to run Lightning on SLURM, prepend your python command with `srun` like so: srun python /home/le004/master_thesis/git/TSFusionForecast/code/ ...
LOCAL_RANK: 0 - CUDA_VISIBLE_DEVICES: [0]
[I 2023-12-27 11:16:07,043] Trial 0 finished with value: 257.8041687011719 and parameters: {'gradient_clip_val': 0.2575305772837858, 'hidden_size': 150, 'dropout': 0.40155897942726126, 'hidden_continuous_size': 115, 'attention_head_size': 4, 'learning_rate': 0.001908250982477507}. Best is trial 0 with value: 257.8041687011719.
LOCAL_RANK: 0 - CUDA_VISIBLE_DEVICES: [0]
[I 2023-12-27 11:16:07,426] Trial 1 finished with value: 1137.005126953125 and parameters: {'gradient_clip_val': 0.7183952510572328, 'hidden_size': 5, 'dropout': 0.29149143697149615, 'hidden_continuous_size': 5, 'attention_head_size': 4, 'learning_rate': 0.06586030562754515}. Best is trial 0 with value: 257.8041687011719.
LOCAL_RANK: 0 - CUDA_VISIBLE_DEVICES: [0]
[I 2023-12-27 11:16:07,860] Trial 2 finished with value: 1269.89208984375 and parameters: {'gradient_clip_val': 0.8771965789766857, 'hidden_size': 31, 'dropout': 0.35247257478051364, 'hidden_continuous_size': 10, 'attention_head_size': 3, 'learning_rate': 0.0007624304181848591}. Best is trial 0 with value: 257.8041687011719.
LOCAL_RANK: 0 - CUDA_VISIBLE_DEVICES: [0]
[I 2023-12-27 11:16:08,365] Trial 3 finished with value: 1177.005126953125 and parameters: {'gradient_clip_val': 0.5728305733361307, 'hidden_size': 142, 'dropout': 0.13025579815431176, 'hidden_continuous_size': 78, 'attention_head_size': 2, 'learning_rate': 0.0005774783211954404}. Best is trial 0 with value: 257.8041687011719.
LOCAL_RANK: 0 - CUDA_VISIBLE_DEVICES: [0]
[I 2023-12-27 11:16:08,813] Trial 4 finished with value: 1163.0418701171875 and parameters: {'gradient_clip_val': 0.7556977713567681, 'hidden_size': 24, 'dropout': 0.2145501210719819, 'hidden_continuous_size': 21, 'attention_head_size': 3, 'learning_rate': 0.01883212952248446}. Best is trial 0 with value: 257.8041687011719.
LOCAL_RANK: 0 - CUDA_VISIBLE_DEVICES: [0]
[I 2023-12-27 11:16:09,245] Trial 5 finished with value: 1064.3695068359375 and parameters: {'gradient_clip_val': 0.7065074565890064, 'hidden_size': 30, 'dropout': 0.2838495982679117, 'hidden_continuous_size': 19, 'attention_head_size': 3, 'learning_rate': 0.013069371892139628}. Best is trial 0 with value: 257.8041687011719.
LOCAL_RANK: 0 - CUDA_VISIBLE_DEVICES: [0]
[I 2023-12-27 11:16:09,710] Trial 6 finished with value: 886.1073608398438 and parameters: {'gradient_clip_val': 0.5314129911739944, 'hidden_size': 45, 'dropout': 0.42496685002277956, 'hidden_continuous_size': 6, 'attention_head_size': 1, 'learning_rate': 0.030318986195342578}. Best is trial 0 with value: 257.8041687011719.
LOCAL_RANK: 0 - CUDA_VISIBLE_DEVICES: [0]
[I 2023-12-27 11:16:10,154] Trial 7 finished with value: 940.7174682617188 and parameters: {'gradient_clip_val': 0.9372832769582877, 'hidden_size': 59, 'dropout': 0.3522062755609119, 'hidden_continuous_size': 14, 'attention_head_size': 3, 'learning_rate': 0.007363920677054353}. Best is trial 0 with value: 257.8041687011719.
LOCAL_RANK: 0 - CUDA_VISIBLE_DEVICES: [0]
[I 2023-12-27 11:16:10,887] Trial 8 finished with value: 1293.3765869140625 and parameters: {'gradient_clip_val': 0.18139006488532444, 'hidden_size': 8, 'dropout': 0.2668213199271745, 'hidden_continuous_size': 7, 'attention_head_size': 1, 'learning_rate': 0.015411816826603414}. Best is trial 0 with value: 257.8041687011719.
LOCAL_RANK: 0 - CUDA_VISIBLE_DEVICES: [0]
[I 2023-12-27 11:16:11,315] Trial 9 finished with value: 1395.9739990234375 and parameters: {'gradient_clip_val': 0.1279946632422489, 'hidden_size': 21, 'dropout': 0.47402816917643364, 'hidden_continuous_size': 5, 'attention_head_size': 2, 'learning_rate': 0.0013137470506756868}. Best is trial 0 with value: 257.8041687011719.
LOCAL_RANK: 0 - CUDA_VISIBLE_DEVICES: [0]
[I 2023-12-27 11:16:11,854] Trial 10 finished with value: 1075.4110107421875 and parameters: {'gradient_clip_val': 0.30222304919899823, 'hidden_size': 107, 'dropout': 0.4688764053041158, 'hidden_continuous_size': 104, 'attention_head_size': 4, 'learning_rate': 0.001961401849398204}. Best is trial 0 with value: 257.8041687011719.
LOCAL_RANK: 0 - CUDA_VISIBLE_DEVICES: [0]
[I 2023-12-27 11:16:12,356] Trial 11 finished with value: 911.6754760742188 and parameters: {'gradient_clip_val': 0.3981296357654062, 'hidden_size': 67, 'dropout': 0.42595272617779856, 'hidden_continuous_size': 37, 'attention_head_size': 1, 'learning_rate': 0.0043206738907404785}. Best is trial 0 with value: 257.8041687011719.
LOCAL_RANK: 0 - CUDA_VISIBLE_DEVICES: [0]
[I 2023-12-27 11:16:12,853] Trial 12 finished with value: 1248.0406494140625 and parameters: {'gradient_clip_val': 0.3056410751627155, 'hidden_size': 148, 'dropout': 0.4004311478315659, 'hidden_continuous_size': 41, 'attention_head_size': 1, 'learning_rate': 0.08024490936431987}. Best is trial 0 with value: 257.8041687011719.
LOCAL_RANK: 0 - CUDA_VISIBLE_DEVICES: [0]
[I 2023-12-27 11:16:13,331] Trial 13 finished with value: 918.66064453125 and parameters: {'gradient_clip_val': 0.44742185422343034, 'hidden_size': 73, 'dropout': 0.4930599006858195, 'hidden_continuous_size': 10, 'attention_head_size': 2, 'learning_rate': 0.0025772740952504773}. Best is trial 0 with value: 257.8041687011719.
LOCAL_RANK: 0 - CUDA_VISIBLE_DEVICES: [0]
[I 2023-12-27 11:16:13,805] Trial 14 finished with value: 962.5294799804688 and parameters: {'gradient_clip_val': 0.21620060616854844, 'hidden_size': 48, 'dropout': 0.4016358152344341, 'hidden_continuous_size': 7, 'attention_head_size': 4, 'learning_rate': 0.035958299098185834}. Best is trial 0 with value: 257.8041687011719.
LOCAL_RANK: 0 - CUDA_VISIBLE_DEVICES: [0]
[I 2023-12-27 11:16:14,303] Trial 15 finished with value: 989.8324584960938 and parameters: {'gradient_clip_val': 0.49515771180509877, 'hidden_size': 95, 'dropout': 0.34936245618268646, 'hidden_continuous_size': 46, 'attention_head_size': 2, 'learning_rate': 0.0046669503364557205}. Best is trial 0 with value: 257.8041687011719.
LOCAL_RANK: 0 - CUDA_VISIBLE_DEVICES: [0]
[I 2023-12-27 11:16:14,754] Trial 16 finished with value: 1069.3839111328125 and parameters: {'gradient_clip_val': 0.23595684689298657, 'hidden_size': 44, 'dropout': 0.4421355458607186, 'hidden_continuous_size': 15, 'attention_head_size': 1, 'learning_rate': 0.04092514373289527}. Best is trial 0 with value: 257.8041687011719.
LOCAL_RANK: 0 - CUDA_VISIBLE_DEVICES: [0]
[I 2023-12-27 11:16:15,254] Trial 17 finished with value: 877.6325073242188 and parameters: {'gradient_clip_val': 0.38365056744826653, 'hidden_size': 100, 'dropout': 0.3980785324478026, 'hidden_continuous_size': 30, 'attention_head_size': 4, 'learning_rate': 0.008288749052440125}. Best is trial 0 with value: 257.8041687011719.
LOCAL_RANK: 0 - CUDA_VISIBLE_DEVICES: [0]
[I 2023-12-27 11:16:15,773] Trial 18 finished with value: 1369.9300537109375 and parameters: {'gradient_clip_val': 0.3221853132844486, 'hidden_size': 94, 'dropout': 0.37925253350958943, 'hidden_continuous_size': 60, 'attention_head_size': 4, 'learning_rate': 0.006552565571252672}. Best is trial 0 with value: 257.8041687011719.
LOCAL_RANK: 0 - CUDA_VISIBLE_DEVICES: [0]
[I 2023-12-27 11:16:16,324] Trial 19 finished with value: 1146.9515380859375 and parameters: {'gradient_clip_val': 0.3759789952380118, 'hidden_size': 146, 'dropout': 0.4985621696558141, 'hidden_continuous_size': 99, 'attention_head_size': 4, 'learning_rate': 0.0012478481377168934}. Best is trial 0 with value: 257.8041687011719.
LOCAL_RANK: 0 - CUDA_VISIBLE_DEVICES: [0]
[I 2023-12-27 11:16:16,805] Trial 20 finished with value: 1095.2393798828125 and parameters: {'gradient_clip_val': 0.1073558179241284, 'hidden_size': 94, 'dropout': 0.33410288383319064, 'hidden_continuous_size': 32, 'attention_head_size': 4, 'learning_rate': 0.0029850357942961883}. Best is trial 0 with value: 257.8041687011719.
LOCAL_RANK: 0 - CUDA_VISIBLE_DEVICES: [0]
