[I 2023-12-27 11:13:44,543] Trial 5 finished with value: 6136.67041015625 and parameters: {'gradient_clip_val': 0.10218589241901722, 'hidden_size': 9, 'dropout': 0.22780904414283515, 'hidden_continuous_size': 9, 'attention_head_size': 3, 'learning_rate': 0.0029958994259383907}. Best is trial 0 with value: 4038.876220703125.
LOCAL_RANK: 0 - CUDA_VISIBLE_DEVICES: [0]
[I 2023-12-27 11:13:44,973] Trial 6 finished with value: 6386.51708984375 and parameters: {'gradient_clip_val': 0.3297990455022635, 'hidden_size': 28, 'dropout': 0.17155453780730134, 'hidden_continuous_size': 5, 'attention_head_size': 3, 'learning_rate': 0.006777398119062465}. Best is trial 0 with value: 4038.876220703125.
LOCAL_RANK: 0 - CUDA_VISIBLE_DEVICES: [0]
[I 2023-12-27 11:13:45,343] Trial 7 finished with value: 6129.58935546875 and parameters: {'gradient_clip_val': 0.15838609336873516, 'hidden_size': 5, 'dropout': 0.33191453385616915, 'hidden_continuous_size': 5, 'attention_head_size': 1, 'learning_rate': 0.03996236935226347}. Best is trial 0 with value: 4038.876220703125.
LOCAL_RANK: 0 - CUDA_VISIBLE_DEVICES: [0]
[I 2023-12-27 11:13:45,858] Trial 8 finished with value: 7403.93994140625 and parameters: {'gradient_clip_val': 0.16555194109157395, 'hidden_size': 148, 'dropout': 0.18845230545279412, 'hidden_continuous_size': 16, 'attention_head_size': 2, 'learning_rate': 0.0007957493643687818}. Best is trial 0 with value: 4038.876220703125.
LOCAL_RANK: 0 - CUDA_VISIBLE_DEVICES: [0]
[I 2023-12-27 11:13:46,358] Trial 9 finished with value: 5804.67578125 and parameters: {'gradient_clip_val': 0.39775269331130636, 'hidden_size': 76, 'dropout': 0.2280717602304174, 'hidden_continuous_size': 33, 'attention_head_size': 4, 'learning_rate': 0.005471941687952581}. Best is trial 0 with value: 4038.876220703125.
LOCAL_RANK: 0 - CUDA_VISIBLE_DEVICES: [0]
[I 2023-12-27 11:13:47,004] Trial 10 finished with value: 7084.55224609375 and parameters: {'gradient_clip_val': 0.23209495003054875, 'hidden_size': 5, 'dropout': 0.4911996859456961, 'hidden_continuous_size': 5, 'attention_head_size': 2, 'learning_rate': 0.01782629502619101}. Best is trial 0 with value: 4038.876220703125.
LOCAL_RANK: 0 - CUDA_VISIBLE_DEVICES: [0]
[I 2023-12-27 11:13:47,480] Trial 11 finished with value: 6093.96484375 and parameters: {'gradient_clip_val': 0.7337481624136496, 'hidden_size': 11, 'dropout': 0.49938848920977746, 'hidden_continuous_size': 6, 'attention_head_size': 1, 'learning_rate': 0.0005102206190311119}. Best is trial 0 with value: 4038.876220703125.
LOCAL_RANK: 0 - CUDA_VISIBLE_DEVICES: [0]
[I 2023-12-27 11:13:47,939] Trial 12 finished with value: 6075.59423828125 and parameters: {'gradient_clip_val': 0.9386343480282618, 'hidden_size': 14, 'dropout': 0.4199310270096708, 'hidden_continuous_size': 6, 'attention_head_size': 1, 'learning_rate': 0.0016306003766511385}. Best is trial 0 with value: 4038.876220703125.
LOCAL_RANK: 0 - CUDA_VISIBLE_DEVICES: [0]
[I 2023-12-27 11:13:48,385] Trial 13 finished with value: 5729.90478515625 and parameters: {'gradient_clip_val': 0.5446936634091203, 'hidden_size': 7, 'dropout': 0.11037838404410383, 'hidden_continuous_size': 5, 'attention_head_size': 1, 'learning_rate': 0.0016701383963645484}. Best is trial 0 with value: 4038.876220703125.
LOCAL_RANK: 0 - CUDA_VISIBLE_DEVICES: [0]
[I 2023-12-27 11:13:48,792] Trial 14 finished with value: 5245.74951171875 and parameters: {'gradient_clip_val': 0.5461258457166697, 'hidden_size': 5, 'dropout': 0.4325639928902955, 'hidden_continuous_size': 5, 'attention_head_size': 2, 'learning_rate': 0.0019495854421210637}. Best is trial 0 with value: 4038.876220703125.
LOCAL_RANK: 0 - CUDA_VISIBLE_DEVICES: [0]
[I 2023-12-27 11:13:49,189] Trial 15 finished with value: 6853.57470703125 and parameters: {'gradient_clip_val': 0.4621498288449328, 'hidden_size': 5, 'dropout': 0.36830164621419476, 'hidden_continuous_size': 5, 'attention_head_size': 2, 'learning_rate': 0.0024286631536073857}. Best is trial 0 with value: 4038.876220703125.
LOCAL_RANK: 0 - CUDA_VISIBLE_DEVICES: [0]
[I 2023-12-27 11:13:49,689] Trial 16 finished with value: 5575.85302734375 and parameters: {'gradient_clip_val': 0.26002461079382244, 'hidden_size': 20, 'dropout': 0.4557726992986602, 'hidden_continuous_size': 7, 'attention_head_size': 3, 'learning_rate': 0.008512774264306435}. Best is trial 0 with value: 4038.876220703125.
LOCAL_RANK: 0 - CUDA_VISIBLE_DEVICES: [0]
[I 2023-12-27 11:13:50,169] Trial 17 finished with value: 7145.34375 and parameters: {'gradient_clip_val': 0.5247534429550473, 'hidden_size': 12, 'dropout': 0.3809327631829444, 'hidden_continuous_size': 6, 'attention_head_size': 2, 'learning_rate': 0.0013951279783910374}. Best is trial 0 with value: 4038.876220703125.
LOCAL_RANK: 0 - CUDA_VISIBLE_DEVICES: [0]
[I 2023-12-27 11:13:50,614] Trial 18 finished with value: 7189.72216796875 and parameters: {'gradient_clip_val': 0.279167620282032, 'hidden_size': 7, 'dropout': 0.45705253076885527, 'hidden_continuous_size': 5, 'attention_head_size': 2, 'learning_rate': 0.0024007736566257843}. Best is trial 0 with value: 4038.876220703125.
LOCAL_RANK: 0 - CUDA_VISIBLE_DEVICES: [0]
[I 2023-12-27 11:13:51,094] Trial 19 finished with value: 5689.95263671875 and parameters: {'gradient_clip_val': 0.19487097072177242, 'hidden_size': 23, 'dropout': 0.40045468766065945, 'hidden_continuous_size': 8, 'attention_head_size': 3, 'learning_rate': 0.004458632081746926}. Best is trial 0 with value: 4038.876220703125.
LOCAL_RANK: 0 - CUDA_VISIBLE_DEVICES: [0]
[I 2023-12-27 11:13:51,483] Trial 20 finished with value: 6741.50732421875 and parameters: {'gradient_clip_val': 0.3100673573099816, 'hidden_size': 5, 'dropout': 0.46567624214967546, 'hidden_continuous_size': 5, 'attention_head_size': 1, 'learning_rate': 0.009129765492245343}. Best is trial 0 with value: 4038.876220703125.
LOCAL_RANK: 0 - CUDA_VISIBLE_DEVICES: [0]
[I 2023-12-27 11:13:51,930] Trial 21 finished with value: 6764.7734375 and parameters: {'gradient_clip_val': 0.26232293029423265, 'hidden_size': 16, 'dropout': 0.4560353799610058, 'hidden_continuous_size': 7, 'attention_head_size': 3, 'learning_rate': 0.010130902367133019}. Best is trial 0 with value: 4038.876220703125.
LOCAL_RANK: 0 - CUDA_VISIBLE_DEVICES: [0]
[I 2023-12-27 11:13:52,413] Trial 22 finished with value: 6502.47119140625 and parameters: {'gradient_clip_val': 0.20370015456618165, 'hidden_size': 22, 'dropout': 0.4991425935462357, 'hidden_continuous_size': 7, 'attention_head_size': 3, 'learning_rate': 0.003366704833882307}. Best is trial 0 with value: 4038.876220703125.
LOCAL_RANK: 0 - CUDA_VISIBLE_DEVICES: [0]
[I 2023-12-27 11:13:52,864] Trial 23 finished with value: 6488.16259765625 and parameters: {'gradient_clip_val': 0.3205207760844296, 'hidden_size': 9, 'dropout': 0.44026955977830984, 'hidden_continuous_size': 6, 'attention_head_size': 4, 'learning_rate': 0.0020497560396390735}. Best is trial 0 with value: 4038.876220703125.
LOCAL_RANK: 0 - CUDA_VISIBLE_DEVICES: [0]
[I 2023-12-27 11:13:53,632] Trial 24 finished with value: 6087.05712890625 and parameters: {'gradient_clip_val': 0.395158695109945, 'hidden_size': 34, 'dropout': 0.39613254281403537, 'hidden_continuous_size': 8, 'attention_head_size': 3, 'learning_rate': 0.0060976649475637055}. Best is trial 0 with value: 4038.876220703125.
LOCAL_RANK: 0 - CUDA_VISIBLE_DEVICES: [0]
[I 2023-12-27 11:13:54,077] Trial 25 finished with value: 6114.16650390625 and parameters: {'gradient_clip_val': 0.12366578067652531, 'hidden_size': 16, 'dropout': 0.4642499314190209, 'hidden_continuous_size': 7, 'attention_head_size': 2, 'learning_rate': 0.001274517322674221}. Best is trial 0 with value: 4038.876220703125.
LOCAL_RANK: 0 - CUDA_VISIBLE_DEVICES: [0]
[I 2023-12-27 11:13:54,513] Trial 26 finished with value: 4299.46435546875 and parameters: {'gradient_clip_val': 0.18348090394733332, 'hidden_size': 7, 'dropout': 0.4131583170127642, 'hidden_continuous_size': 5, 'attention_head_size': 3, 'learning_rate': 0.0034434444000603285}. Best is trial 0 with value: 4038.876220703125.
LOCAL_RANK: 0 - CUDA_VISIBLE_DEVICES: [0]
[I 2023-12-27 11:13:54,984] Trial 27 finished with value: 6308.42431640625 and parameters: {'gradient_clip_val': 0.1794612344125073, 'hidden_size': 6, 'dropout': 0.3992750165583089, 'hidden_continuous_size': 5, 'attention_head_size': 2, 'learning_rate': 0.002897341034369154}. Best is trial 0 with value: 4038.876220703125.
LOCAL_RANK: 0 - CUDA_VISIBLE_DEVICES: [0]
[I 2023-12-27 11:13:55,437] Trial 28 finished with value: 6205.69140625 and parameters: {'gradient_clip_val': 0.14162160767533855, 'hidden_size': 6, 'dropout': 0.335424441520569, 'hidden_continuous_size': 5, 'attention_head_size': 4, 'learning_rate': 0.002063069237245948}. Best is trial 0 with value: 4038.876220703125.
LOCAL_RANK: 0 - CUDA_VISIBLE_DEVICES: [0]
[I 2023-12-27 11:13:55,933] Trial 29 finished with value: 6177.734375 and parameters: {'gradient_clip_val': 0.22106054984077944, 'hidden_size': 9, 'dropout': 0.43012141167927864, 'hidden_continuous_size': 5, 'attention_head_size': 1, 'learning_rate': 0.0009878353315080613}. Best is trial 0 with value: 4038.876220703125.
LOCAL_RANK: 0 - CUDA_VISIBLE_DEVICES: [0]
[I 2023-12-27 11:13:56,385] Trial 30 finished with value: 4994.3134765625 and parameters: {'gradient_clip_val': 0.18480552806489964, 'hidden_size': 8, 'dropout': 0.42473673003234386, 'hidden_continuous_size': 5, 'attention_head_size': 2, 'learning_rate': 0.0045922787736951175}. Best is trial 0 with value: 4038.876220703125.
LOCAL_RANK: 0 - CUDA_VISIBLE_DEVICES: [0]
[I 2023-12-27 11:13:56,825] Trial 31 finished with value: 6833.3984375 and parameters: {'gradient_clip_val': 0.19076804923593285, 'hidden_size': 8, 'dropout': 0.4291288909641146, 'hidden_continuous_size': 5, 'attention_head_size': 2, 'learning_rate': 0.004744584461282111}. Best is trial 0 with value: 4038.876220703125.
LOCAL_RANK: 0 - CUDA_VISIBLE_DEVICES: [0]
[I 2023-12-27 11:13:57,261] Trial 32 finished with value: 6084.50634765625 and parameters: {'gradient_clip_val': 0.1710556977878453, 'hidden_size': 6, 'dropout': 0.47581186693338184, 'hidden_continuous_size': 5, 'attention_head_size': 2, 'learning_rate': 0.0034653877338766802}. Best is trial 0 with value: 4038.876220703125.
LOCAL_RANK: 0 - CUDA_VISIBLE_DEVICES: [0]
[I 2023-12-27 11:13:57,739] Trial 33 finished with value: 8004.484375 and parameters: {'gradient_clip_val': 0.11938030361863831, 'hidden_size': 11, 'dropout': 0.4401494018534447, 'hidden_continuous_size': 6, 'attention_head_size': 3, 'learning_rate': 0.002011147119102861}. Best is trial 0 with value: 4038.876220703125.
LOCAL_RANK: 0 - CUDA_VISIBLE_DEVICES: [0]
[I 2023-12-27 11:13:58,187] Trial 34 finished with value: 6154.072265625 and parameters: {'gradient_clip_val': 0.14741238440255955, 'hidden_size': 7, 'dropout': 0.407793779157845, 'hidden_continuous_size': 5, 'attention_head_size': 1, 'learning_rate': 0.0011991554155362752}. Best is trial 0 with value: 4038.876220703125.
LOCAL_RANK: 0 - CUDA_VISIBLE_DEVICES: [0]
[I 2023-12-27 11:13:58,635] Trial 35 finished with value: 6117.64453125 and parameters: {'gradient_clip_val': 0.16649156034201507, 'hidden_size': 8, 'dropout': 0.36616360664674297, 'hidden_continuous_size': 5, 'attention_head_size': 2, 'learning_rate': 0.003973143863375917}. Best is trial 0 with value: 4038.876220703125.
LOCAL_RANK: 0 - CUDA_VISIBLE_DEVICES: [0]
[I 2023-12-27 11:13:59,121] Trial 36 finished with value: 6016.38134765625 and parameters: {'gradient_clip_val': 0.217095108685883, 'hidden_size': 10, 'dropout': 0.475736368622632, 'hidden_continuous_size': 6, 'attention_head_size': 3, 'learning_rate': 0.0028555443400540685}. Best is trial 0 with value: 4038.876220703125.
LOCAL_RANK: 0 - CUDA_VISIBLE_DEVICES: [0]
[I 2023-12-27 11:13:59,818] Trial 37 finished with value: 7826.45458984375 and parameters: {'gradient_clip_val': 0.10342357863395711, 'hidden_size': 5, 'dropout': 0.41741765694185584, 'hidden_continuous_size': 5, 'attention_head_size': 1, 'learning_rate': 0.004495962488848367}. Best is trial 0 with value: 4038.876220703125.
LOCAL_RANK: 0 - CUDA_VISIBLE_DEVICES: [0]
[I 2023-12-27 11:14:00,263] Trial 38 finished with value: 7116.6171875 and parameters: {'gradient_clip_val': 0.14791379860755255, 'hidden_size': 6, 'dropout': 0.3127796555243151, 'hidden_continuous_size': 5, 'attention_head_size': 2, 'learning_rate': 0.0017577215291018319}. Best is trial 0 with value: 4038.876220703125.
LOCAL_RANK: 0 - CUDA_VISIBLE_DEVICES: [0]
[I 2023-12-27 11:14:00,727] Trial 39 finished with value: 6884.67724609375 and parameters: {'gradient_clip_val': 0.19215483877349784, 'hidden_size': 12, 'dropout': 0.38288473345239155, 'hidden_continuous_size': 6, 'attention_head_size': 3, 'learning_rate': 0.0026255600958203238}. Best is trial 0 with value: 4038.876220703125.
LOCAL_RANK: 0 - CUDA_VISIBLE_DEVICES: [0]
[I 2023-12-27 11:14:01,168] Trial 40 finished with value: 7735.45166015625 and parameters: {'gradient_clip_val': 0.24570433325344748, 'hidden_size': 8, 'dropout': 0.4430676966440684, 'hidden_continuous_size': 5, 'attention_head_size': 2, 'learning_rate': 0.006020101099384953}. Best is trial 0 with value: 4038.876220703125.
LOCAL_RANK: 0 - CUDA_VISIBLE_DEVICES: [0]
[I 2023-12-27 11:14:01,622] Trial 41 finished with value: 6985.58349609375 and parameters: {'gradient_clip_val': 0.25785108231723936, 'hidden_size': 6, 'dropout': 0.47907971829338547, 'hidden_continuous_size': 5, 'attention_head_size': 3, 'learning_rate': 0.008990614370610836}. Best is trial 0 with value: 4038.876220703125.
LOCAL_RANK: 0 - CUDA_VISIBLE_DEVICES: [0]
[I 2023-12-27 11:14:02,034] Trial 42 finished with value: 4850.56982421875 and parameters: {'gradient_clip_val': 0.22730776595574237, 'hidden_size': 5, 'dropout': 0.4501782947897778, 'hidden_continuous_size': 5, 'attention_head_size': 3, 'learning_rate': 0.0034051475511561943}. Best is trial 0 with value: 4038.876220703125.
LOCAL_RANK: 0 - CUDA_VISIBLE_DEVICES: [0]
[I 2023-12-27 11:14:02,443] Trial 43 finished with value: 6933.25537109375 and parameters: {'gradient_clip_val': 0.2141502450705647, 'hidden_size': 5, 'dropout': 0.41738775689776847, 'hidden_continuous_size': 5, 'attention_head_size': 3, 'learning_rate': 0.0033018803918449377}. Best is trial 0 with value: 4038.876220703125.
LOCAL_RANK: 0 - CUDA_VISIBLE_DEVICES: [0]
[I 2023-12-27 11:14:02,868] Trial 44 finished with value: 5361.2998046875 and parameters: {'gradient_clip_val': 0.15806754479519858, 'hidden_size': 5, 'dropout': 0.48490170056157245, 'hidden_continuous_size': 5, 'attention_head_size': 4, 'learning_rate': 0.003909245734895863}. Best is trial 0 with value: 4038.876220703125.
LOCAL_RANK: 0 - CUDA_VISIBLE_DEVICES: [0]
[I 2023-12-27 11:14:03,340] Trial 45 finished with value: 6185.74365234375 and parameters: {'gradient_clip_val': 0.18700452574780094, 'hidden_size': 7, 'dropout': 0.4508504557186006, 'hidden_continuous_size': 5, 'attention_head_size': 3, 'learning_rate': 0.0015343501216028932}. Best is trial 0 with value: 4038.876220703125.
LOCAL_RANK: 0 - CUDA_VISIBLE_DEVICES: [0]
[I 2023-12-27 11:14:03,796] Trial 46 finished with value: 6738.607421875 and parameters: {'gradient_clip_val': 0.23165876096290827, 'hidden_size': 10, 'dropout': 0.4357848849660666, 'hidden_continuous_size': 6, 'attention_head_size': 3, 'learning_rate': 0.002272264302890456}. Best is trial 0 with value: 4038.876220703125.
LOCAL_RANK: 0 - CUDA_VISIBLE_DEVICES: [0]
[I 2023-12-27 11:14:04,238] Trial 47 finished with value: 6235.78857421875 and parameters: {'gradient_clip_val': 0.17447476640060053, 'hidden_size': 6, 'dropout': 0.49854547749800593, 'hidden_continuous_size': 5, 'attention_head_size': 2, 'learning_rate': 0.005351884118594748}. Best is trial 0 with value: 4038.876220703125.
LOCAL_RANK: 0 - CUDA_VISIBLE_DEVICES: [0]
[I 2023-12-27 11:14:04,641] Trial 48 finished with value: 5866.06591796875 and parameters: {'gradient_clip_val': 0.1304819025137604, 'hidden_size': 5, 'dropout': 0.4211541060791996, 'hidden_continuous_size': 5, 'attention_head_size': 1, 'learning_rate': 0.002836116726320754}. Best is trial 0 with value: 4038.876220703125.
LOCAL_RANK: 0 - CUDA_VISIBLE_DEVICES: [0]
[I 2023-12-27 11:14:05,086] Trial 49 finished with value: 6963.76806640625 and parameters: {'gradient_clip_val': 0.28560454897013465, 'hidden_size': 7, 'dropout': 0.471492670676228, 'hidden_continuous_size': 5, 'attention_head_size': 4, 'learning_rate': 0.0008843869258925581}. Best is trial 0 with value: 4038.876220703125.
[I 2023-12-27 11:14:05,215] A new study created in memory with name: no-name-ffbbd1f4-287d-4813-868d-fd9a72bc61d0
/home/le004/conda/anaconda3/envs/tsff_env/lib/python3.9/site-packages/lightning/fabric/plugins/environments/slurm.py:191: The `srun` command is available on your system but is not used. HINT: If your intention is to run Lightning on SLURM, prepend your python command with `srun` like so: srun python /home/le004/master_thesis/git/TSFusionForecast/code/ ...
LOCAL_RANK: 0 - CUDA_VISIBLE_DEVICES: [0]
[I 2023-12-27 11:14:31,333] Trial 0 finished with value: 381.8570861816406 and parameters: {'gradient_clip_val': 0.5017092764996286, 'hidden_size': 5, 'dropout': 0.4112176596275926, 'hidden_continuous_size': 5, 'attention_head_size': 3, 'learning_rate': 0.0006679640533769012}. Best is trial 0 with value: 381.8570861816406.
LOCAL_RANK: 0 - CUDA_VISIBLE_DEVICES: [0]
[I 2023-12-27 11:14:59,769] Trial 1 finished with value: 138.8319549560547 and parameters: {'gradient_clip_val': 0.9453032085739489, 'hidden_size': 6, 'dropout': 0.1237072042932085, 'hidden_continuous_size': 5, 'attention_head_size': 4, 'learning_rate': 0.006860584715666058}. Best is trial 1 with value: 138.8319549560547.
LOCAL_RANK: 0 - CUDA_VISIBLE_DEVICES: [0]
[I 2023-12-27 11:15:24,898] Trial 2 finished with value: 35.6074104309082 and parameters: {'gradient_clip_val': 0.6470306249554787, 'hidden_size': 120, 'dropout': 0.12162134095549959, 'hidden_continuous_size': 5, 'attention_head_size': 1, 'learning_rate': 0.0947054207095721}. Best is trial 2 with value: 35.6074104309082.
LOCAL_RANK: 0 - CUDA_VISIBLE_DEVICES: [0]
[I 2023-12-27 11:15:25,274] Trial 3 finished with value: 475.75 and parameters: {'gradient_clip_val': 0.21994275591528997, 'hidden_size': 5, 'dropout': 0.31064879586558486, 'hidden_continuous_size': 5, 'attention_head_size': 1, 'learning_rate': 0.0026113177594519962}. Best is trial 2 with value: 35.6074104309082.
LOCAL_RANK: 0 - CUDA_VISIBLE_DEVICES: [0]
[I 2023-12-27 11:15:25,694] Trial 4 finished with value: 431.3899230957031 and parameters: {'gradient_clip_val': 0.7327739256455961, 'hidden_size': 11, 'dropout': 0.26235414904602306, 'hidden_continuous_size': 5, 'attention_head_size': 1, 'learning_rate': 0.004977508296058734}. Best is trial 2 with value: 35.6074104309082.
LOCAL_RANK: 0 - CUDA_VISIBLE_DEVICES: [0]
[I 2023-12-27 11:15:26,157] Trial 5 finished with value: 430.4056091308594 and parameters: {'gradient_clip_val': 0.16996662516533068, 'hidden_size': 148, 'dropout': 0.2821858250108905, 'hidden_continuous_size': 8, 'attention_head_size': 1, 'learning_rate': 0.007743485067344388}. Best is trial 2 with value: 35.6074104309082.
LOCAL_RANK: 0 - CUDA_VISIBLE_DEVICES: [0]
[I 2023-12-27 11:15:26,631] Trial 6 finished with value: 481.1034851074219 and parameters: {'gradient_clip_val': 0.8965227685308395, 'hidden_size': 17, 'dropout': 0.31102373567592123, 'hidden_continuous_size': 12, 'attention_head_size': 3, 'learning_rate': 0.001775223082767248}. Best is trial 2 with value: 35.6074104309082.
LOCAL_RANK: 0 - CUDA_VISIBLE_DEVICES: [0]
[I 2023-12-27 11:15:27,346] Trial 7 finished with value: 466.03515625 and parameters: {'gradient_clip_val': 0.4336439340460977, 'hidden_size': 25, 'dropout': 0.30654448653862804, 'hidden_continuous_size': 7, 'attention_head_size': 2, 'learning_rate': 0.08087544420557768}. Best is trial 2 with value: 35.6074104309082.
LOCAL_RANK: 0 - CUDA_VISIBLE_DEVICES: [0]
[I 2023-12-27 11:15:27,711] Trial 8 finished with value: 474.1253967285156 and parameters: {'gradient_clip_val': 0.18963539173472943, 'hidden_size': 5, 'dropout': 0.3752314995777074, 'hidden_continuous_size': 5, 'attention_head_size': 2, 'learning_rate': 0.0019358892701274175}. Best is trial 2 with value: 35.6074104309082.
LOCAL_RANK: 0 - CUDA_VISIBLE_DEVICES: [0]
[I 2023-12-27 11:15:28,170] Trial 9 finished with value: 487.5870666503906 and parameters: {'gradient_clip_val': 0.177413066781362, 'hidden_size': 59, 'dropout': 0.19481917642337737, 'hidden_continuous_size': 21, 'attention_head_size': 2, 'learning_rate': 0.0006178100653254652}. Best is trial 2 with value: 35.6074104309082.
LOCAL_RANK: 0 - CUDA_VISIBLE_DEVICES: [0]
[I 2023-12-27 11:15:28,670] Trial 10 finished with value: 473.8406982421875 and parameters: {'gradient_clip_val': 0.3713832968384774, 'hidden_size': 62, 'dropout': 0.4978090063230907, 'hidden_continuous_size': 41, 'attention_head_size': 4, 'learning_rate': 0.08496468853956429}. Best is trial 2 with value: 35.6074104309082.
LOCAL_RANK: 0 - CUDA_VISIBLE_DEVICES: [0]
[I 2023-12-27 11:15:29,106] Trial 11 finished with value: 436.935302734375 and parameters: {'gradient_clip_val': 0.9975877789040785, 'hidden_size': 11, 'dropout': 0.10140257700648875, 'hidden_continuous_size': 6, 'attention_head_size': 4, 'learning_rate': 0.02138861491046824}. Best is trial 2 with value: 35.6074104309082.
LOCAL_RANK: 0 - CUDA_VISIBLE_DEVICES: [0]
[I 2023-12-27 11:15:29,564] Trial 12 finished with value: 443.5219421386719 and parameters: {'gradient_clip_val': 0.5821289825029555, 'hidden_size': 51, 'dropout': 0.14174583592169213, 'hidden_continuous_size': 9, 'attention_head_size': 3, 'learning_rate': 0.018137448450204798}. Best is trial 2 with value: 35.6074104309082.
LOCAL_RANK: 0 - CUDA_VISIBLE_DEVICES: [0]
