[I 2023-12-27 11:18:09,281] Trial 20 finished with value: 170.41094970703125 and parameters: {'gradient_clip_val': 0.1504535480591514, 'hidden_size': 134, 'dropout': 0.37606430847040817, 'hidden_continuous_size': 33, 'attention_head_size': 4, 'learning_rate': 0.01869284531133372}. Best is trial 1 with value: 45.996829986572266.
LOCAL_RANK: 0 - CUDA_VISIBLE_DEVICES: [0]
[I 2023-12-27 11:18:09,793] Trial 21 finished with value: 154.87841796875 and parameters: {'gradient_clip_val': 0.5212157379304677, 'hidden_size': 87, 'dropout': 0.49114024296192466, 'hidden_continuous_size': 12, 'attention_head_size': 3, 'learning_rate': 0.09829922976099778}. Best is trial 1 with value: 45.996829986572266.
LOCAL_RANK: 0 - CUDA_VISIBLE_DEVICES: [0]
[I 2023-12-27 11:18:10,287] Trial 22 finished with value: 180.7877960205078 and parameters: {'gradient_clip_val': 0.3403085500905199, 'hidden_size': 54, 'dropout': 0.4612770017769324, 'hidden_continuous_size': 10, 'attention_head_size': 3, 'learning_rate': 0.05002514649633659}. Best is trial 1 with value: 45.996829986572266.
LOCAL_RANK: 0 - CUDA_VISIBLE_DEVICES: [0]
[I 2023-12-27 11:18:10,860] Trial 23 finished with value: 153.58914184570312 and parameters: {'gradient_clip_val': 0.42792729828880355, 'hidden_size': 95, 'dropout': 0.4970866255097329, 'hidden_continuous_size': 6, 'attention_head_size': 4, 'learning_rate': 0.048352965837491664}. Best is trial 1 with value: 45.996829986572266.
LOCAL_RANK: 0 - CUDA_VISIBLE_DEVICES: [0]
[I 2023-12-27 11:18:11,370] Trial 24 finished with value: 159.18533325195312 and parameters: {'gradient_clip_val': 0.6169996335945575, 'hidden_size': 65, 'dropout': 0.442340953293857, 'hidden_continuous_size': 7, 'attention_head_size': 3, 'learning_rate': 0.0663947077708601}. Best is trial 1 with value: 45.996829986572266.
LOCAL_RANK: 0 - CUDA_VISIBLE_DEVICES: [0]
[I 2023-12-27 11:18:11,853] Trial 25 finished with value: 144.0543670654297 and parameters: {'gradient_clip_val': 0.8891460724880708, 'hidden_size': 47, 'dropout': 0.4674775809205352, 'hidden_continuous_size': 13, 'attention_head_size': 2, 'learning_rate': 0.03379431290328116}. Best is trial 1 with value: 45.996829986572266.
LOCAL_RANK: 0 - CUDA_VISIBLE_DEVICES: [0]
[I 2023-12-27 11:18:12,358] Trial 26 finished with value: 194.1895294189453 and parameters: {'gradient_clip_val': 0.47163730988200947, 'hidden_size': 101, 'dropout': 0.42352523970481215, 'hidden_continuous_size': 10, 'attention_head_size': 4, 'learning_rate': 0.06989564300767706}. Best is trial 1 with value: 45.996829986572266.
LOCAL_RANK: 0 - CUDA_VISIBLE_DEVICES: [0]
[I 2023-12-27 11:18:12,836] Trial 27 finished with value: 173.8571319580078 and parameters: {'gradient_clip_val': 0.9941585567614791, 'hidden_size': 68, 'dropout': 0.4661781024016587, 'hidden_continuous_size': 9, 'attention_head_size': 1, 'learning_rate': 0.02419908257902363}. Best is trial 1 with value: 45.996829986572266.
LOCAL_RANK: 0 - CUDA_VISIBLE_DEVICES: [0]
[I 2023-12-27 11:18:13,314] Trial 28 finished with value: 189.7632293701172 and parameters: {'gradient_clip_val': 0.37540578129045943, 'hidden_size': 39, 'dropout': 0.4068012874712689, 'hidden_continuous_size': 14, 'attention_head_size': 3, 'learning_rate': 0.012561958427822605}. Best is trial 1 with value: 45.996829986572266.
LOCAL_RANK: 0 - CUDA_VISIBLE_DEVICES: [0]
[I 2023-12-27 11:18:13,803] Trial 29 finished with value: 181.5050506591797 and parameters: {'gradient_clip_val': 0.24148868707290203, 'hidden_size': 51, 'dropout': 0.4495636148771137, 'hidden_continuous_size': 5, 'attention_head_size': 2, 'learning_rate': 0.03391498081568788}. Best is trial 1 with value: 45.996829986572266.
LOCAL_RANK: 0 - CUDA_VISIBLE_DEVICES: [0]
[I 2023-12-27 11:18:14,328] Trial 30 finished with value: 208.43760681152344 and parameters: {'gradient_clip_val': 0.5263415406365067, 'hidden_size': 110, 'dropout': 0.4329613677690663, 'hidden_continuous_size': 20, 'attention_head_size': 4, 'learning_rate': 0.06429191008240602}. Best is trial 1 with value: 45.996829986572266.
LOCAL_RANK: 0 - CUDA_VISIBLE_DEVICES: [0]
[I 2023-12-27 11:18:14,829] Trial 31 finished with value: 125.09542083740234 and parameters: {'gradient_clip_val': 0.4407495536205504, 'hidden_size': 31, 'dropout': 0.19827082517190484, 'hidden_continuous_size': 10, 'attention_head_size': 1, 'learning_rate': 0.0026988496989899103}. Best is trial 1 with value: 45.996829986572266.
LOCAL_RANK: 0 - CUDA_VISIBLE_DEVICES: [0]
[I 2023-12-27 11:18:15,336] Trial 32 finished with value: 198.32373046875 and parameters: {'gradient_clip_val': 0.33585628973960097, 'hidden_size': 46, 'dropout': 0.19643343017796927, 'hidden_continuous_size': 11, 'attention_head_size': 1, 'learning_rate': 0.0028038303427856005}. Best is trial 1 with value: 45.996829986572266.
LOCAL_RANK: 0 - CUDA_VISIBLE_DEVICES: [0]
[I 2023-12-27 11:18:16,077] Trial 33 finished with value: 148.81468200683594 and parameters: {'gradient_clip_val': 0.6564871893994798, 'hidden_size': 34, 'dropout': 0.3127960857600022, 'hidden_continuous_size': 9, 'attention_head_size': 1, 'learning_rate': 0.0010315342051933833}. Best is trial 1 with value: 45.996829986572266.
LOCAL_RANK: 0 - CUDA_VISIBLE_DEVICES: [0]
[I 2023-12-27 11:18:16,560] Trial 34 finished with value: 152.75852966308594 and parameters: {'gradient_clip_val': 0.4102023229508092, 'hidden_size': 25, 'dropout': 0.4834984910269048, 'hidden_continuous_size': 11, 'attention_head_size': 1, 'learning_rate': 0.003071417497139873}. Best is trial 1 with value: 45.996829986572266.
LOCAL_RANK: 0 - CUDA_VISIBLE_DEVICES: [0]
[I 2023-12-27 11:18:17,073] Trial 35 finished with value: 164.6351776123047 and parameters: {'gradient_clip_val': 0.5479186353354675, 'hidden_size': 44, 'dropout': 0.4812856330960278, 'hidden_continuous_size': 14, 'attention_head_size': 2, 'learning_rate': 0.0010817732193800441}. Best is trial 1 with value: 45.996829986572266.
LOCAL_RANK: 0 - CUDA_VISIBLE_DEVICES: [0]
[I 2023-12-27 11:18:17,584] Trial 36 finished with value: 177.98756408691406 and parameters: {'gradient_clip_val': 0.2965653505170225, 'hidden_size': 76, 'dropout': 0.2788272901053369, 'hidden_continuous_size': 8, 'attention_head_size': 1, 'learning_rate': 0.0013297628382665447}. Best is trial 1 with value: 45.996829986572266.
LOCAL_RANK: 0 - CUDA_VISIBLE_DEVICES: [0]
[I 2023-12-27 11:18:18,106] Trial 37 finished with value: 129.7407989501953 and parameters: {'gradient_clip_val': 0.4728124802888779, 'hidden_size': 57, 'dropout': 0.43748463678927485, 'hidden_continuous_size': 15, 'attention_head_size': 2, 'learning_rate': 0.0005142612751930014}. Best is trial 1 with value: 45.996829986572266.
LOCAL_RANK: 0 - CUDA_VISIBLE_DEVICES: [0]
[I 2023-12-27 11:18:18,629] Trial 38 finished with value: 186.1596221923828 and parameters: {'gradient_clip_val': 0.7426556099572212, 'hidden_size': 79, 'dropout': 0.4012303200253044, 'hidden_continuous_size': 13, 'attention_head_size': 2, 'learning_rate': 0.0008251756741320461}. Best is trial 1 with value: 45.996829986572266.
LOCAL_RANK: 0 - CUDA_VISIBLE_DEVICES: [0]
[I 2023-12-27 11:18:19,092] Trial 39 finished with value: 148.3052978515625 and parameters: {'gradient_clip_val': 0.5724235386407985, 'hidden_size': 24, 'dropout': 0.4733271167310312, 'hidden_continuous_size': 11, 'attention_head_size': 1, 'learning_rate': 0.004873769395394757}. Best is trial 1 with value: 45.996829986572266.
LOCAL_RANK: 0 - CUDA_VISIBLE_DEVICES: [0]
[I 2023-12-27 11:18:19,607] Trial 40 finished with value: 165.4376983642578 and parameters: {'gradient_clip_val': 0.33140439269757965, 'hidden_size': 32, 'dropout': 0.21839920455987355, 'hidden_continuous_size': 8, 'attention_head_size': 3, 'learning_rate': 0.00940861001112124}. Best is trial 1 with value: 45.996829986572266.
LOCAL_RANK: 0 - CUDA_VISIBLE_DEVICES: [0]
[I 2023-12-27 11:18:20,120] Trial 41 finished with value: 155.12379455566406 and parameters: {'gradient_clip_val': 0.4781681648887454, 'hidden_size': 56, 'dropout': 0.42698284546689036, 'hidden_continuous_size': 15, 'attention_head_size': 2, 'learning_rate': 0.000582981423008226}. Best is trial 1 with value: 45.996829986572266.
LOCAL_RANK: 0 - CUDA_VISIBLE_DEVICES: [0]
[I 2023-12-27 11:18:20,597] Trial 42 finished with value: 166.0670623779297 and parameters: {'gradient_clip_val': 0.42427027383006716, 'hidden_size': 42, 'dropout': 0.4415259347528696, 'hidden_continuous_size': 15, 'attention_head_size': 1, 'learning_rate': 0.0006657201577013772}. Best is trial 1 with value: 45.996829986572266.
LOCAL_RANK: 0 - CUDA_VISIBLE_DEVICES: [0]
[I 2023-12-27 11:18:21,076] Trial 43 finished with value: 168.30738830566406 and parameters: {'gradient_clip_val': 0.618321477295626, 'hidden_size': 51, 'dropout': 0.4492049848406756, 'hidden_continuous_size': 12, 'attention_head_size': 2, 'learning_rate': 0.0008099804273646578}. Best is trial 1 with value: 45.996829986572266.
LOCAL_RANK: 0 - CUDA_VISIBLE_DEVICES: [0]
[I 2023-12-27 11:18:21,577] Trial 44 finished with value: 168.1199188232422 and parameters: {'gradient_clip_val': 0.36179501621289895, 'hidden_size': 35, 'dropout': 0.4161035406703032, 'hidden_continuous_size': 11, 'attention_head_size': 1, 'learning_rate': 0.0012719938658710594}. Best is trial 1 with value: 45.996829986572266.
LOCAL_RANK: 0 - CUDA_VISIBLE_DEVICES: [0]
[I 2023-12-27 11:18:22,065] Trial 45 finished with value: 141.4689483642578 and parameters: {'gradient_clip_val': 0.11753944736722538, 'hidden_size': 22, 'dropout': 0.47404076844952764, 'hidden_continuous_size': 9, 'attention_head_size': 1, 'learning_rate': 0.0007152952243445319}. Best is trial 1 with value: 45.996829986572266.
LOCAL_RANK: 0 - CUDA_VISIBLE_DEVICES: [0]
[I 2023-12-27 11:18:22,814] Trial 46 finished with value: 152.57867431640625 and parameters: {'gradient_clip_val': 0.49269868131823463, 'hidden_size': 32, 'dropout': 0.37916364923741697, 'hidden_continuous_size': 13, 'attention_head_size': 2, 'learning_rate': 0.0006071071576458256}. Best is trial 1 with value: 45.996829986572266.
LOCAL_RANK: 0 - CUDA_VISIBLE_DEVICES: [0]
[I 2023-12-27 11:18:23,293] Trial 47 finished with value: 166.29946899414062 and parameters: {'gradient_clip_val': 0.38961465967816544, 'hidden_size': 28, 'dropout': 0.43182076092713795, 'hidden_continuous_size': 10, 'attention_head_size': 3, 'learning_rate': 0.0005637676625456635}. Best is trial 1 with value: 45.996829986572266.
LOCAL_RANK: 0 - CUDA_VISIBLE_DEVICES: [0]
[I 2023-12-27 11:18:23,788] Trial 48 finished with value: 196.4497528076172 and parameters: {'gradient_clip_val': 0.45184243204463637, 'hidden_size': 61, 'dropout': 0.4958450882487327, 'hidden_continuous_size': 17, 'attention_head_size': 2, 'learning_rate': 0.0009123377727165309}. Best is trial 1 with value: 45.996829986572266.
LOCAL_RANK: 0 - CUDA_VISIBLE_DEVICES: [0]
[I 2023-12-27 11:18:24,275] Trial 49 finished with value: 163.89268493652344 and parameters: {'gradient_clip_val': 0.30686007431623374, 'hidden_size': 40, 'dropout': 0.3347405807554484, 'hidden_continuous_size': 12, 'attention_head_size': 4, 'learning_rate': 0.08260662289739956}. Best is trial 1 with value: 45.996829986572266.
[I 2023-12-27 11:18:24,401] A new study created in memory with name: no-name-0127e065-ae04-46f7-9d68-140f1ffdc4ac
/home/le004/conda/anaconda3/envs/tsff_env/lib/python3.9/site-packages/lightning/fabric/plugins/environments/slurm.py:191: The `srun` command is available on your system but is not used. HINT: If your intention is to run Lightning on SLURM, prepend your python command with `srun` like so: srun python /home/le004/master_thesis/git/TSFusionForecast/code/ ...
LOCAL_RANK: 0 - CUDA_VISIBLE_DEVICES: [0]
[I 2023-12-27 11:18:38,066] Trial 0 finished with value: 1630.61083984375 and parameters: {'gradient_clip_val': 0.22853305396569584, 'hidden_size': 57, 'dropout': 0.49400601355333207, 'hidden_continuous_size': 8, 'attention_head_size': 3, 'learning_rate': 0.03637298596673398}. Best is trial 0 with value: 1630.61083984375.
LOCAL_RANK: 0 - CUDA_VISIBLE_DEVICES: [0]
[I 2023-12-27 11:18:38,514] Trial 1 finished with value: 6415.61279296875 and parameters: {'gradient_clip_val': 0.7935973227859177, 'hidden_size': 42, 'dropout': 0.10507837991968288, 'hidden_continuous_size': 30, 'attention_head_size': 4, 'learning_rate': 0.007790348917310741}. Best is trial 0 with value: 1630.61083984375.
LOCAL_RANK: 0 - CUDA_VISIBLE_DEVICES: [0]
[I 2023-12-27 11:18:38,949] Trial 2 finished with value: 6482.80078125 and parameters: {'gradient_clip_val': 0.13979069724142731, 'hidden_size': 51, 'dropout': 0.41660677035482885, 'hidden_continuous_size': 45, 'attention_head_size': 1, 'learning_rate': 0.01791625804976971}. Best is trial 0 with value: 1630.61083984375.
LOCAL_RANK: 0 - CUDA_VISIBLE_DEVICES: [0]
[I 2023-12-27 11:18:39,396] Trial 3 finished with value: 7022.318359375 and parameters: {'gradient_clip_val': 0.2978528066714629, 'hidden_size': 14, 'dropout': 0.3619126980721945, 'hidden_continuous_size': 5, 'attention_head_size': 1, 'learning_rate': 0.07875646378536391}. Best is trial 0 with value: 1630.61083984375.
LOCAL_RANK: 0 - CUDA_VISIBLE_DEVICES: [0]
[I 2023-12-27 11:18:39,832] Trial 4 finished with value: 5180.76806640625 and parameters: {'gradient_clip_val': 0.7781075552907114, 'hidden_size': 87, 'dropout': 0.42605460928365735, 'hidden_continuous_size': 6, 'attention_head_size': 4, 'learning_rate': 0.002290487165087965}. Best is trial 0 with value: 1630.61083984375.
LOCAL_RANK: 0 - CUDA_VISIBLE_DEVICES: [0]
[I 2023-12-27 11:18:40,280] Trial 5 finished with value: 6353.48291015625 and parameters: {'gradient_clip_val': 0.8719212580103475, 'hidden_size': 13, 'dropout': 0.1623369462426182, 'hidden_continuous_size': 6, 'attention_head_size': 2, 'learning_rate': 0.0015559481846204955}. Best is trial 0 with value: 1630.61083984375.
LOCAL_RANK: 0 - CUDA_VISIBLE_DEVICES: [0]
[I 2023-12-27 11:18:40,719] Trial 6 finished with value: 7714.70703125 and parameters: {'gradient_clip_val': 0.20066216812073404, 'hidden_size': 7, 'dropout': 0.20660360368614344, 'hidden_continuous_size': 5, 'attention_head_size': 1, 'learning_rate': 0.000902765848151466}. Best is trial 0 with value: 1630.61083984375.
LOCAL_RANK: 0 - CUDA_VISIBLE_DEVICES: [0]
[I 2023-12-27 11:18:41,137] Trial 7 finished with value: 5593.18115234375 and parameters: {'gradient_clip_val': 0.10349516011221824, 'hidden_size': 19, 'dropout': 0.25278828098617667, 'hidden_continuous_size': 5, 'attention_head_size': 3, 'learning_rate': 0.0611101069144156}. Best is trial 0 with value: 1630.61083984375.
LOCAL_RANK: 0 - CUDA_VISIBLE_DEVICES: [0]
[I 2023-12-27 11:18:41,871] Trial 8 finished with value: 6100.89990234375 and parameters: {'gradient_clip_val': 0.19832248132633548, 'hidden_size': 48, 'dropout': 0.22852963006570515, 'hidden_continuous_size': 15, 'attention_head_size': 4, 'learning_rate': 0.0031814671751961192}. Best is trial 0 with value: 1630.61083984375.
LOCAL_RANK: 0 - CUDA_VISIBLE_DEVICES: [0]
[I 2023-12-27 11:18:42,320] Trial 9 finished with value: 7391.34765625 and parameters: {'gradient_clip_val': 0.9177675739326931, 'hidden_size': 23, 'dropout': 0.11353447086367555, 'hidden_continuous_size': 7, 'attention_head_size': 4, 'learning_rate': 0.0049208335526467}. Best is trial 0 with value: 1630.61083984375.
LOCAL_RANK: 0 - CUDA_VISIBLE_DEVICES: [0]
[I 2023-12-27 11:18:42,825] Trial 10 finished with value: 7446.29345703125 and parameters: {'gradient_clip_val': 0.42637442858457814, 'hidden_size': 137, 'dropout': 0.49816051634403646, 'hidden_continuous_size': 137, 'attention_head_size': 3, 'learning_rate': 0.029349427683960067}. Best is trial 0 with value: 1630.61083984375.
LOCAL_RANK: 0 - CUDA_VISIBLE_DEVICES: [0]
[I 2023-12-27 11:18:43,303] Trial 11 finished with value: 6829.16259765625 and parameters: {'gradient_clip_val': 0.4815662132405092, 'hidden_size': 101, 'dropout': 0.49777290037591265, 'hidden_continuous_size': 10, 'attention_head_size': 3, 'learning_rate': 0.0005110859034027554}. Best is trial 0 with value: 1630.61083984375.
LOCAL_RANK: 0 - CUDA_VISIBLE_DEVICES: [0]
[I 2023-12-27 11:18:43,791] Trial 12 finished with value: 5192.6162109375 and parameters: {'gradient_clip_val': 0.5734888903566373, 'hidden_size': 85, 'dropout': 0.4142211448660595, 'hidden_continuous_size': 11, 'attention_head_size': 2, 'learning_rate': 0.01144005633698366}. Best is trial 0 with value: 1630.61083984375.
LOCAL_RANK: 0 - CUDA_VISIBLE_DEVICES: [0]
[I 2023-12-27 11:18:44,291] Trial 13 finished with value: 5435.955078125 and parameters: {'gradient_clip_val': 0.3118499620250082, 'hidden_size': 75, 'dropout': 0.33280106967067646, 'hidden_continuous_size': 8, 'attention_head_size': 4, 'learning_rate': 0.002954117438797002}. Best is trial 0 with value: 1630.61083984375.
LOCAL_RANK: 0 - CUDA_VISIBLE_DEVICES: [0]
[I 2023-12-27 11:18:44,800] Trial 14 finished with value: 6757.248046875 and parameters: {'gradient_clip_val': 0.6952692003614438, 'hidden_size': 141, 'dropout': 0.4599359033155235, 'hidden_continuous_size': 13, 'attention_head_size': 3, 'learning_rate': 0.026439287883591976}. Best is trial 0 with value: 1630.61083984375.
LOCAL_RANK: 0 - CUDA_VISIBLE_DEVICES: [0]
[I 2023-12-27 11:18:45,281] Trial 15 finished with value: 5624.01318359375 and parameters: {'gradient_clip_val': 0.3897277780723484, 'hidden_size': 33, 'dropout': 0.4130636073792969, 'hidden_continuous_size': 7, 'attention_head_size': 2, 'learning_rate': 0.007566169456073473}. Best is trial 0 with value: 1630.61083984375.
LOCAL_RANK: 0 - CUDA_VISIBLE_DEVICES: [0]
[I 2023-12-27 11:18:45,798] Trial 16 finished with value: 5298.79248046875 and parameters: {'gradient_clip_val': 0.5803393279355473, 'hidden_size': 64, 'dropout': 0.3085330273826465, 'hidden_continuous_size': 9, 'attention_head_size': 4, 'learning_rate': 0.039923270077155674}. Best is trial 0 with value: 1630.61083984375.
LOCAL_RANK: 0 - CUDA_VISIBLE_DEVICES: [0]
[I 2023-12-27 11:18:46,251] Trial 17 finished with value: 8169.83837890625 and parameters: {'gradient_clip_val': 0.9802881220477998, 'hidden_size': 34, 'dropout': 0.37565360777086554, 'hidden_continuous_size': 6, 'attention_head_size': 3, 'learning_rate': 0.014954955760094462}. Best is trial 0 with value: 1630.61083984375.
LOCAL_RANK: 0 - CUDA_VISIBLE_DEVICES: [0]
[I 2023-12-27 11:18:46,742] Trial 18 finished with value: 7274.13671875 and parameters: {'gradient_clip_val': 0.25837780481381095, 'hidden_size': 60, 'dropout': 0.45982297923809096, 'hidden_continuous_size': 9, 'attention_head_size': 4, 'learning_rate': 0.09196894296521216}. Best is trial 0 with value: 1630.61083984375.
LOCAL_RANK: 0 - CUDA_VISIBLE_DEVICES: [0]
[I 2023-12-27 11:18:47,258] Trial 19 finished with value: 5779.25146484375 and parameters: {'gradient_clip_val': 0.3546888415270083, 'hidden_size': 83, 'dropout': 0.28420507056291294, 'hidden_continuous_size': 16, 'attention_head_size': 3, 'learning_rate': 0.002181695712706164}. Best is trial 0 with value: 1630.61083984375.
LOCAL_RANK: 0 - CUDA_VISIBLE_DEVICES: [0]
[I 2023-12-27 11:18:47,759] Trial 20 finished with value: 7438.97265625 and parameters: {'gradient_clip_val': 0.55419138435999, 'hidden_size': 103, 'dropout': 0.45032242807844913, 'hidden_continuous_size': 17, 'attention_head_size': 2, 'learning_rate': 0.0046624049920082735}. Best is trial 0 with value: 1630.61083984375.
LOCAL_RANK: 0 - CUDA_VISIBLE_DEVICES: [0]
[I 2023-12-27 11:18:48,524] Trial 21 finished with value: 6193.93994140625 and parameters: {'gradient_clip_val': 0.6752034089180349, 'hidden_size': 80, 'dropout': 0.4126729708954974, 'hidden_continuous_size': 11, 'attention_head_size': 2, 'learning_rate': 0.012644585683828827}. Best is trial 0 with value: 1630.61083984375.
LOCAL_RANK: 0 - CUDA_VISIBLE_DEVICES: [0]
[I 2023-12-27 11:18:49,024] Trial 22 finished with value: 5441.24365234375 and parameters: {'gradient_clip_val': 0.5035040391859968, 'hidden_size': 107, 'dropout': 0.3825450872989741, 'hidden_continuous_size': 12, 'attention_head_size': 2, 'learning_rate': 0.011674029895714809}. Best is trial 0 with value: 1630.61083984375.
LOCAL_RANK: 0 - CUDA_VISIBLE_DEVICES: [0]
[I 2023-12-27 11:18:49,516] Trial 23 finished with value: 5955.68896484375 and parameters: {'gradient_clip_val': 0.7802151259795792, 'hidden_size': 59, 'dropout': 0.4425203845780374, 'hidden_continuous_size': 8, 'attention_head_size': 2, 'learning_rate': 0.04354853668192356}. Best is trial 0 with value: 1630.61083984375.
LOCAL_RANK: 0 - CUDA_VISIBLE_DEVICES: [0]
[I 2023-12-27 11:18:50,034] Trial 24 finished with value: 6942.60302734375 and parameters: {'gradient_clip_val': 0.6521217882095328, 'hidden_size': 150, 'dropout': 0.49102597923928293, 'hidden_continuous_size': 20, 'attention_head_size': 3, 'learning_rate': 0.022106878593289792}. Best is trial 0 with value: 1630.61083984375.
LOCAL_RANK: 0 - CUDA_VISIBLE_DEVICES: [0]
[I 2023-12-27 11:18:50,497] Trial 25 finished with value: 4855.59228515625 and parameters: {'gradient_clip_val': 0.4674880370488236, 'hidden_size': 42, 'dropout': 0.34912992038087076, 'hidden_continuous_size': 10, 'attention_head_size': 2, 'learning_rate': 0.011687088533411615}. Best is trial 0 with value: 1630.61083984375.
LOCAL_RANK: 0 - CUDA_VISIBLE_DEVICES: [0]
[I 2023-12-27 11:18:50,960] Trial 26 finished with value: 6184.39453125 and parameters: {'gradient_clip_val': 0.3852583036136233, 'hidden_size': 42, 'dropout': 0.34580850021143844, 'hidden_continuous_size': 6, 'attention_head_size': 3, 'learning_rate': 0.03835577251139293}. Best is trial 0 with value: 1630.61083984375.
LOCAL_RANK: 0 - CUDA_VISIBLE_DEVICES: [0]
[I 2023-12-27 11:18:51,443] Trial 27 finished with value: 6352.39599609375 and parameters: {'gradient_clip_val': 0.44923703006839405, 'hidden_size': 33, 'dropout': 0.38502090964385977, 'hidden_continuous_size': 7, 'attention_head_size': 4, 'learning_rate': 0.020441642967570305}. Best is trial 0 with value: 1630.61083984375.
LOCAL_RANK: 0 - CUDA_VISIBLE_DEVICES: [0]
