[rank: 0] Seed set to 42
[I 2023-12-27 10:51:53,246] A new study created in memory with name: no-name-eb324480-0901-4f13-80d9-86406eee2cf1
/home/le004/conda/anaconda3/envs/tsff_env/lib/python3.9/site-packages/lightning/fabric/plugins/environments/slurm.py:191: The `srun` command is available on your system but is not used. HINT: If your intention is to run Lightning on SLURM, prepend your python command with `srun` like so: srun python /home/le004/master_thesis/git/TSFusionForecast/code/ ...
[I 2023-12-27 10:52:22,650] Trial 0 finished with value: 1421.3017578125 and parameters: {'gradient_clip_val': 0.32661799075491077, 'hidden_size': 103, 'dropout': 0.1953261867685114, 'hidden_continuous_size': 78, 'attention_head_size': 4, 'learning_rate': 0.007542911047450428}. Best is trial 0 with value: 1421.3017578125.
[I 2023-12-27 10:52:23,074] Trial 1 finished with value: 3118.819091796875 and parameters: {'gradient_clip_val': 0.2523523044200153, 'hidden_size': 69, 'dropout': 0.3062048292279816, 'hidden_continuous_size': 15, 'attention_head_size': 2, 'learning_rate': 0.07011503775502716}. Best is trial 0 with value: 1421.3017578125.
[I 2023-12-27 10:52:23,563] Trial 2 finished with value: 2844.045166015625 and parameters: {'gradient_clip_val': 0.25295898138832407, 'hidden_size': 120, 'dropout': 0.3081877506923748, 'hidden_continuous_size': 10, 'attention_head_size': 1, 'learning_rate': 0.06866108274041097}. Best is trial 0 with value: 1421.3017578125.
[I 2023-12-27 10:52:24,055] Trial 3 finished with value: 4103.68701171875 and parameters: {'gradient_clip_val': 0.11555416420924698, 'hidden_size': 117, 'dropout': 0.3996418070740375, 'hidden_continuous_size': 5, 'attention_head_size': 4, 'learning_rate': 0.054870630321564445}. Best is trial 0 with value: 1421.3017578125.
[I 2023-12-27 10:52:24,476] Trial 4 finished with value: 2350.45166015625 and parameters: {'gradient_clip_val': 0.8719532637408023, 'hidden_size': 41, 'dropout': 0.15533984871687034, 'hidden_continuous_size': 25, 'attention_head_size': 2, 'learning_rate': 0.06449628952104318}. Best is trial 0 with value: 1421.3017578125.
[I 2023-12-27 10:52:24,911] Trial 5 finished with value: 4547.64501953125 and parameters: {'gradient_clip_val': 0.22524920660534276, 'hidden_size': 71, 'dropout': 0.352804549783708, 'hidden_continuous_size': 7, 'attention_head_size': 3, 'learning_rate': 0.027150214358406023}. Best is trial 0 with value: 1421.3017578125.
[I 2023-12-27 10:52:25,435] Trial 6 finished with value: 3683.302001953125 and parameters: {'gradient_clip_val': 0.25857945944928135, 'hidden_size': 12, 'dropout': 0.4302544643878129, 'hidden_continuous_size': 12, 'attention_head_size': 2, 'learning_rate': 0.07359460173192145}. Best is trial 0 with value: 1421.3017578125.
[I 2023-12-27 10:52:25,814] Trial 7 finished with value: 3805.6552734375 and parameters: {'gradient_clip_val': 0.13881885100527466, 'hidden_size': 30, 'dropout': 0.13732001001115465, 'hidden_continuous_size': 21, 'attention_head_size': 3, 'learning_rate': 0.0019324635651849532}. Best is trial 0 with value: 1421.3017578125.
[I 2023-12-27 10:52:26,164] Trial 8 finished with value: 3660.607421875 and parameters: {'gradient_clip_val': 0.293624824135972, 'hidden_size': 17, 'dropout': 0.1599021377506684, 'hidden_continuous_size': 12, 'attention_head_size': 3, 'learning_rate': 0.008464393113947009}. Best is trial 0 with value: 1421.3017578125.
[I 2023-12-27 10:52:26,537] Trial 9 finished with value: 3591.957763671875 and parameters: {'gradient_clip_val': 0.7724532436871232, 'hidden_size': 34, 'dropout': 0.44521273073240264, 'hidden_continuous_size': 25, 'attention_head_size': 4, 'learning_rate': 0.030587335449870388}. Best is trial 0 with value: 1421.3017578125.
[I 2023-12-27 10:52:26,906] Trial 10 finished with value: 3821.8173828125 and parameters: {'gradient_clip_val': 0.48204653709759493, 'hidden_size': 6, 'dropout': 0.23020977209682922, 'hidden_continuous_size': 5, 'attention_head_size': 4, 'learning_rate': 0.0006636707757915977}. Best is trial 0 with value: 1421.3017578125.
[I 2023-12-27 10:52:27,334] Trial 11 finished with value: 3933.165283203125 and parameters: {'gradient_clip_val': 0.8961609465991666, 'hidden_size': 52, 'dropout': 0.10196496913402163, 'hidden_continuous_size': 40, 'attention_head_size': 1, 'learning_rate': 0.009906840998478788}. Best is trial 0 with value: 1421.3017578125.
[I 2023-12-27 10:52:27,941] Trial 12 finished with value: 3696.74609375 and parameters: {'gradient_clip_val': 0.4967139183022796, 'hidden_size': 128, 'dropout': 0.21070436950004742, 'hidden_continuous_size': 117, 'attention_head_size': 2, 'learning_rate': 0.0038704761798906205}. Best is trial 0 with value: 1421.3017578125.
[I 2023-12-27 10:52:28,383] Trial 13 finished with value: 3688.927001953125 and parameters: {'gradient_clip_val': 0.5293755316429934, 'hidden_size': 51, 'dropout': 0.22545685200111545, 'hidden_continuous_size': 47, 'attention_head_size': 2, 'learning_rate': 0.01849818181500601}. Best is trial 0 with value: 1421.3017578125.
[I 2023-12-27 10:52:28,770] Trial 14 finished with value: 3823.953125 and parameters: {'gradient_clip_val': 0.6883623649670061, 'hidden_size': 22, 'dropout': 0.49246211841602083, 'hidden_continuous_size': 8, 'attention_head_size': 3, 'learning_rate': 0.014907022866559585}. Best is trial 0 with value: 1421.3017578125.
[I 2023-12-27 10:52:29,259] Trial 15 finished with value: 2525.849853515625 and parameters: {'gradient_clip_val': 0.9874565845860714, 'hidden_size': 84, 'dropout': 0.1791105070925701, 'hidden_continuous_size': 74, 'attention_head_size': 1, 'learning_rate': 0.004449103370966991}. Best is trial 0 with value: 1421.3017578125.
[I 2023-12-27 10:52:29,865] Trial 16 finished with value: 4002.455078125 and parameters: {'gradient_clip_val': 0.3788463485102906, 'hidden_size': 143, 'dropout': 0.10583767611609136, 'hidden_continuous_size': 38, 'attention_head_size': 4, 'learning_rate': 0.03477278659587577}. Best is trial 0 with value: 1421.3017578125.
[I 2023-12-27 10:52:30,290] Trial 17 finished with value: 3611.454345703125 and parameters: {'gradient_clip_val': 0.6762813760570393, 'hidden_size': 42, 'dropout': 0.26751040899833, 'hidden_continuous_size': 18, 'attention_head_size': 3, 'learning_rate': 0.017263319776378423}. Best is trial 0 with value: 1421.3017578125.
[I 2023-12-27 10:52:30,764] Trial 18 finished with value: 4307.2412109375 and parameters: {'gradient_clip_val': 0.37583732513431284, 'hidden_size': 74, 'dropout': 0.18405123089786918, 'hidden_continuous_size': 27, 'attention_head_size': 2, 'learning_rate': 0.09909704828687307}. Best is trial 0 with value: 1421.3017578125.
[I 2023-12-27 10:52:31,397] Trial 19 finished with value: 3120.568115234375 and parameters: {'gradient_clip_val': 0.20462446421951996, 'hidden_size': 43, 'dropout': 0.26131025254601875, 'hidden_continuous_size': 18, 'attention_head_size': 1, 'learning_rate': 0.043456107085564806}. Best is trial 0 with value: 1421.3017578125.
[I 2023-12-27 10:52:31,909] Trial 20 finished with value: 3008.2119140625 and parameters: {'gradient_clip_val': 0.5779053676886109, 'hidden_size': 95, 'dropout': 0.13884311429390167, 'hidden_continuous_size': 31, 'attention_head_size': 4, 'learning_rate': 0.011863595978824167}. Best is trial 0 with value: 1421.3017578125.
[I 2023-12-27 10:52:32,404] Trial 21 finished with value: 3592.371826171875 and parameters: {'gradient_clip_val': 0.9955997833870257, 'hidden_size': 88, 'dropout': 0.19078891690581037, 'hidden_continuous_size': 69, 'attention_head_size': 1, 'learning_rate': 0.00556851429519144}. Best is trial 0 with value: 1421.3017578125.
[I 2023-12-27 10:52:32,842] Trial 22 finished with value: 3416.324462890625 and parameters: {'gradient_clip_val': 0.8470899605998936, 'hidden_size': 60, 'dropout': 0.17412007514349914, 'hidden_continuous_size': 52, 'attention_head_size': 1, 'learning_rate': 0.0047928911019010445}. Best is trial 0 with value: 1421.3017578125.
[I 2023-12-27 10:52:33,337] Trial 23 finished with value: 3514.471923828125 and parameters: {'gradient_clip_val': 0.9906543259759975, 'hidden_size': 87, 'dropout': 0.1517351981245749, 'hidden_continuous_size': 70, 'attention_head_size': 2, 'learning_rate': 0.0031232203441408962}. Best is trial 0 with value: 1421.3017578125.
[I 2023-12-27 10:52:33,830] Trial 24 finished with value: 3360.007568359375 and parameters: {'gradient_clip_val': 0.7521271904236142, 'hidden_size': 94, 'dropout': 0.20463924066277486, 'hidden_continuous_size': 64, 'attention_head_size': 1, 'learning_rate': 0.006813719421980266}. Best is trial 0 with value: 1421.3017578125.
[I 2023-12-27 10:52:34,268] Trial 25 finished with value: 3550.465576171875 and parameters: {'gradient_clip_val': 0.6284804533740534, 'hidden_size': 56, 'dropout': 0.2417870863577215, 'hidden_continuous_size': 32, 'attention_head_size': 2, 'learning_rate': 0.02530351322469339}. Best is trial 0 with value: 1421.3017578125.
[I 2023-12-27 10:52:34,934] Trial 26 finished with value: 4443.5625 and parameters: {'gradient_clip_val': 0.8456601771387123, 'hidden_size': 143, 'dropout': 0.18752775325851406, 'hidden_continuous_size': 114, 'attention_head_size': 3, 'learning_rate': 0.008298364499741025}. Best is trial 0 with value: 1421.3017578125.
[I 2023-12-27 10:52:35,349] Trial 27 finished with value: 3514.514404296875 and parameters: {'gradient_clip_val': 0.42466023279979404, 'hidden_size': 41, 'dropout': 0.12943034650606883, 'hidden_continuous_size': 23, 'attention_head_size': 1, 'learning_rate': 0.0028957655822185774}. Best is trial 0 with value: 1421.3017578125.
[I 2023-12-27 10:52:35,886] Trial 28 finished with value: 3112.894775390625 and parameters: {'gradient_clip_val': 0.626596146963744, 'hidden_size': 105, 'dropout': 0.1736809334648044, 'hidden_continuous_size': 87, 'attention_head_size': 2, 'learning_rate': 0.012905351919632295}. Best is trial 0 with value: 1421.3017578125.
[I 2023-12-27 10:52:36,359] Trial 29 finished with value: 2660.718994140625 and parameters: {'gradient_clip_val': 0.7831346587578188, 'hidden_size': 71, 'dropout': 0.21280470695171708, 'hidden_continuous_size': 45, 'attention_head_size': 1, 'learning_rate': 0.02095868175284947}. Best is trial 0 with value: 1421.3017578125.
[I 2023-12-27 10:52:36,808] Trial 30 finished with value: 3199.932373046875 and parameters: {'gradient_clip_val': 0.5350769796065368, 'hidden_size': 66, 'dropout': 0.16030196516123998, 'hidden_continuous_size': 36, 'attention_head_size': 3, 'learning_rate': 0.03713235010218655}. Best is trial 0 with value: 1421.3017578125.
[I 2023-12-27 10:52:37,274] Trial 31 finished with value: 2893.139892578125 and parameters: {'gradient_clip_val': 0.7543880893690518, 'hidden_size': 74, 'dropout': 0.20922910793072808, 'hidden_continuous_size': 46, 'attention_head_size': 1, 'learning_rate': 0.0181819263359041}. Best is trial 0 with value: 1421.3017578125.
[I 2023-12-27 10:52:37,950] Trial 32 finished with value: 3015.28515625 and parameters: {'gradient_clip_val': 0.9817359556543898, 'hidden_size': 72, 'dropout': 0.2559344972559601, 'hidden_continuous_size': 50, 'attention_head_size': 1, 'learning_rate': 0.022076298586267678}. Best is trial 0 with value: 1421.3017578125.
[I 2023-12-27 10:52:38,464] Trial 33 finished with value: 3197.777099609375 and parameters: {'gradient_clip_val': 0.82786523356649, 'hidden_size': 105, 'dropout': 0.30244167820301554, 'hidden_continuous_size': 58, 'attention_head_size': 1, 'learning_rate': 0.010242803275992989}. Best is trial 0 with value: 1421.3017578125.
[I 2023-12-27 10:52:39,009] Trial 34 finished with value: 4181.32275390625 and parameters: {'gradient_clip_val': 0.6983954444224066, 'hidden_size': 115, 'dropout': 0.2814571248173241, 'hidden_continuous_size': 81, 'attention_head_size': 1, 'learning_rate': 0.041291260799857794}. Best is trial 0 with value: 1421.3017578125.
[I 2023-12-27 10:52:39,487] Trial 35 finished with value: 3760.51953125 and parameters: {'gradient_clip_val': 0.5953397260536862, 'hidden_size': 84, 'dropout': 0.21304310798113701, 'hidden_continuous_size': 56, 'attention_head_size': 2, 'learning_rate': 0.06314642679542652}. Best is trial 0 with value: 1421.3017578125.
[I 2023-12-27 10:52:39,927] Trial 36 finished with value: 4293.9296875 and parameters: {'gradient_clip_val': 0.8833078674266247, 'hidden_size': 64, 'dropout': 0.23715158051719368, 'hidden_continuous_size': 47, 'attention_head_size': 2, 'learning_rate': 0.056439839081752395}. Best is trial 0 with value: 1421.3017578125.
[I 2023-12-27 10:52:40,489] Trial 37 finished with value: 4746.67041015625 and parameters: {'gradient_clip_val': 0.6841244288477257, 'hidden_size': 119, 'dropout': 0.3361108772775658, 'hidden_continuous_size': 85, 'attention_head_size': 1, 'learning_rate': 0.02344606329824614}. Best is trial 0 with value: 1421.3017578125.
[I 2023-12-27 10:52:40,948] Trial 38 finished with value: 3159.41796875 and parameters: {'gradient_clip_val': 0.30701628868463793, 'hidden_size': 78, 'dropout': 0.1215133221882932, 'hidden_continuous_size': 39, 'attention_head_size': 2, 'learning_rate': 0.007102216707699679}. Best is trial 0 with value: 1421.3017578125.
[I 2023-12-27 10:52:41,384] Trial 39 finished with value: 3862.0625 and parameters: {'gradient_clip_val': 0.8191109796060057, 'hidden_size': 51, 'dropout': 0.1592805735065887, 'hidden_continuous_size': 33, 'attention_head_size': 4, 'learning_rate': 0.08449190126534258}. Best is trial 0 with value: 1421.3017578125.
[I 2023-12-27 10:52:41,775] Trial 40 finished with value: 3089.777099609375 and parameters: {'gradient_clip_val': 0.44809099330926955, 'hidden_size': 32, 'dropout': 0.1951754819052257, 'hidden_continuous_size': 26, 'attention_head_size': 3, 'learning_rate': 0.0485686335781016}. Best is trial 0 with value: 1421.3017578125.
[I 2023-12-27 10:52:42,275] Trial 41 finished with value: 3935.234375 and parameters: {'gradient_clip_val': 0.2559335829321266, 'hidden_size': 108, 'dropout': 0.32510172071106563, 'hidden_continuous_size': 12, 'attention_head_size': 1, 'learning_rate': 0.06291124705326687}. Best is trial 0 with value: 1421.3017578125.
[I 2023-12-27 10:52:42,818] Trial 42 finished with value: 2963.813232421875 and parameters: {'gradient_clip_val': 0.22108232318487828, 'hidden_size': 133, 'dropout': 0.3591749279400679, 'hidden_continuous_size': 15, 'attention_head_size': 1, 'learning_rate': 0.07783711070254479}. Best is trial 0 with value: 1421.3017578125.
[I 2023-12-27 10:52:43,492] Trial 43 finished with value: 4204.12841796875 and parameters: {'gradient_clip_val': 0.18611738891542018, 'hidden_size': 146, 'dropout': 0.28352570527767706, 'hidden_continuous_size': 143, 'attention_head_size': 1, 'learning_rate': 0.054356273820866254}. Best is trial 0 with value: 1421.3017578125.
[I 2023-12-27 10:52:44,036] Trial 44 finished with value: 3330.593505859375 and parameters: {'gradient_clip_val': 0.2823613609286809, 'hidden_size': 122, 'dropout': 0.22872286622204757, 'hidden_continuous_size': 43, 'attention_head_size': 1, 'learning_rate': 0.029668198864857144}. Best is trial 0 with value: 1421.3017578125.
[I 2023-12-27 10:52:44,760] Trial 45 finished with value: 3002.826171875 and parameters: {'gradient_clip_val': 0.3444043469353449, 'hidden_size': 95, 'dropout': 0.14229428277774128, 'hidden_continuous_size': 56, 'attention_head_size': 2, 'learning_rate': 0.03266942564747858}. Best is trial 0 with value: 1421.3017578125.
[I 2023-12-27 10:52:45,261] Trial 46 finished with value: 3442.933349609375 and parameters: {'gradient_clip_val': 0.33111418385477054, 'hidden_size': 78, 'dropout': 0.17583291566661594, 'hidden_continuous_size': 42, 'attention_head_size': 4, 'learning_rate': 0.07272877012951807}. Best is trial 0 with value: 1421.3017578125.
[I 2023-12-27 10:52:45,711] Trial 47 finished with value: 2984.240478515625 and parameters: {'gradient_clip_val': 0.277232392542664, 'hidden_size': 66, 'dropout': 0.21264100248079149, 'hidden_continuous_size': 20, 'attention_head_size': 1, 'learning_rate': 0.046596447677981094}. Best is trial 0 with value: 1421.3017578125.
[I 2023-12-27 10:52:46,106] Trial 48 finished with value: 3250.04296875 and parameters: {'gradient_clip_val': 0.9230100232388078, 'hidden_size': 26, 'dropout': 0.24919600150750065, 'hidden_continuous_size': 21, 'attention_head_size': 3, 'learning_rate': 0.09744716737687567}. Best is trial 0 with value: 1421.3017578125.
[I 2023-12-27 10:52:46,542] Trial 49 finished with value: 3470.072998046875 and parameters: {'gradient_clip_val': 0.5381113562996649, 'hidden_size': 57, 'dropout': 0.11590879791745949, 'hidden_continuous_size': 29, 'attention_head_size': 2, 'learning_rate': 0.014930364456126227}. Best is trial 0 with value: 1421.3017578125.
[I 2023-12-27 10:52:46,656] A new study created in memory with name: no-name-33d08df6-5569-4edd-85f1-138c5779e4ea
/home/le004/conda/anaconda3/envs/tsff_env/lib/python3.9/site-packages/lightning/fabric/plugins/environments/slurm.py:191: The `srun` command is available on your system but is not used. HINT: If your intention is to run Lightning on SLURM, prepend your python command with `srun` like so: srun python /home/le004/master_thesis/git/TSFusionForecast/code/ ...
[I 2023-12-27 10:53:32,461] Trial 0 finished with value: 0.05499652028083801 and parameters: {'gradient_clip_val': 0.1515153474253105, 'hidden_size': 87, 'dropout': 0.3552755313344932, 'hidden_continuous_size': 28, 'attention_head_size': 1, 'learning_rate': 0.00768828166487509}. Best is trial 0 with value: 0.05499652028083801.
[I 2023-12-27 10:53:45,661] Trial 1 finished with value: 1.8362374305725098 and parameters: {'gradient_clip_val': 0.1952427631307364, 'hidden_size': 71, 'dropout': 0.23161606235743967, 'hidden_continuous_size': 13, 'attention_head_size': 3, 'learning_rate': 0.000811316487571581}. Best is trial 0 with value: 0.05499652028083801.
[I 2023-12-27 10:53:45,986] Trial 2 finished with value: 3.6063568592071533 and parameters: {'gradient_clip_val': 0.28783152662190237, 'hidden_size': 9, 'dropout': 0.34212493020054047, 'hidden_continuous_size': 9, 'attention_head_size': 3, 'learning_rate': 0.07331464910260642}. Best is trial 0 with value: 0.05499652028083801.
[I 2023-12-27 10:53:46,343] Trial 3 finished with value: 3.1622488498687744 and parameters: {'gradient_clip_val': 0.8563177170940923, 'hidden_size': 27, 'dropout': 0.45083316091906134, 'hidden_continuous_size': 5, 'attention_head_size': 2, 'learning_rate': 0.0010354045251105345}. Best is trial 0 with value: 0.05499652028083801.
[I 2023-12-27 10:53:46,694] Trial 4 finished with value: 2.885836362838745 and parameters: {'gradient_clip_val': 0.18446071586037566, 'hidden_size': 15, 'dropout': 0.28669259974355016, 'hidden_continuous_size': 10, 'attention_head_size': 3, 'learning_rate': 0.055625293641612596}. Best is trial 0 with value: 0.05499652028083801.
[I 2023-12-27 10:53:47,251] Trial 5 finished with value: 3.0567924976348877 and parameters: {'gradient_clip_val': 0.9168168762370376, 'hidden_size': 12, 'dropout': 0.45752612562202655, 'hidden_continuous_size': 10, 'attention_head_size': 4, 'learning_rate': 0.015319416033682772}. Best is trial 0 with value: 0.05499652028083801.
[I 2023-12-27 10:53:47,592] Trial 6 finished with value: 2.4645612239837646 and parameters: {'gradient_clip_val': 0.8691411978182608, 'hidden_size': 11, 'dropout': 0.1665051746576635, 'hidden_continuous_size': 6, 'attention_head_size': 1, 'learning_rate': 0.02168698015511872}. Best is trial 0 with value: 0.05499652028083801.
[I 2023-12-27 10:53:47,959] Trial 7 finished with value: 2.717292547225952 and parameters: {'gradient_clip_val': 0.9529011301808676, 'hidden_size': 19, 'dropout': 0.4688768955327899, 'hidden_continuous_size': 12, 'attention_head_size': 4, 'learning_rate': 0.0039445926811033935}. Best is trial 0 with value: 0.05499652028083801.
[I 2023-12-27 10:53:48,541] Trial 8 finished with value: 4.45636510848999 and parameters: {'gradient_clip_val': 0.4918583907850934, 'hidden_size': 149, 'dropout': 0.27601456120369594, 'hidden_continuous_size': 28, 'attention_head_size': 1, 'learning_rate': 0.0018570136226064402}. Best is trial 0 with value: 0.05499652028083801.
[I 2023-12-27 10:53:48,926] Trial 9 finished with value: 4.4850850105285645 and parameters: {'gradient_clip_val': 0.48959588154203354, 'hidden_size': 50, 'dropout': 0.46865052051709655, 'hidden_continuous_size': 6, 'attention_head_size': 4, 'learning_rate': 0.0027030199207378354}. Best is trial 0 with value: 0.05499652028083801.
[I 2023-12-27 10:53:49,253] Trial 10 finished with value: 2.8283145427703857 and parameters: {'gradient_clip_val': 0.10484268790263286, 'hidden_size': 5, 'dropout': 0.3680934312513837, 'hidden_continuous_size': 5, 'attention_head_size': 2, 'learning_rate': 0.007109597645763521}. Best is trial 0 with value: 0.05499652028083801.
[I 2023-12-27 10:53:49,728] Trial 11 finished with value: 3.0522425174713135 and parameters: {'gradient_clip_val': 0.162792520418557, 'hidden_size': 86, 'dropout': 0.21114440905044984, 'hidden_continuous_size': 54, 'attention_head_size': 2, 'learning_rate': 0.0005350326724344594}. Best is trial 0 with value: 0.05499652028083801.
[I 2023-12-27 10:53:50,135] Trial 12 finished with value: 3.5482959747314453 and parameters: {'gradient_clip_val': 0.16900551763595836, 'hidden_size': 48, 'dropout': 0.1354760689107023, 'hidden_continuous_size': 22, 'attention_head_size': 3, 'learning_rate': 0.006560123595022575}. Best is trial 0 with value: 0.05499652028083801.
[I 2023-12-27 10:53:50,746] Trial 13 finished with value: 2.7200539112091064 and parameters: {'gradient_clip_val': 0.1231691635943023, 'hidden_size': 146, 'dropout': 0.21689853360726546, 'hidden_continuous_size': 71, 'attention_head_size': 1, 'learning_rate': 0.0005391629216236921}. Best is trial 0 with value: 0.05499652028083801.
