[I 2023-12-27 10:53:35,039] Trial 14 finished with value: 279.2637634277344 and parameters: {'gradient_clip_val': 0.17438024060421586, 'hidden_size': 37, 'dropout': 0.49180845377075244, 'hidden_continuous_size': 11, 'attention_head_size': 2, 'learning_rate': 0.0013836428417259754}. Best is trial 0 with value: 86.14061737060547.
[I 2023-12-27 10:53:35,459] Trial 15 finished with value: 227.7252655029297 and parameters: {'gradient_clip_val': 0.11064590721215943, 'hidden_size': 58, 'dropout': 0.4295855537823724, 'hidden_continuous_size': 14, 'attention_head_size': 1, 'learning_rate': 0.00472642493837705}. Best is trial 0 with value: 86.14061737060547.
[I 2023-12-27 10:53:35,832] Trial 16 finished with value: 180.6400146484375 and parameters: {'gradient_clip_val': 0.29700330977161177, 'hidden_size': 12, 'dropout': 0.38010205559952154, 'hidden_continuous_size': 6, 'attention_head_size': 3, 'learning_rate': 0.000631149306712283}. Best is trial 0 with value: 86.14061737060547.
[I 2023-12-27 10:53:36,169] Trial 17 finished with value: 229.2394561767578 and parameters: {'gradient_clip_val': 0.16094006451319348, 'hidden_size': 5, 'dropout': 0.44150665857945015, 'hidden_continuous_size': 5, 'attention_head_size': 2, 'learning_rate': 0.002897564472171142}. Best is trial 0 with value: 86.14061737060547.
[I 2023-12-27 10:53:36,764] Trial 18 finished with value: 288.0299072265625 and parameters: {'gradient_clip_val': 0.22677581657910964, 'hidden_size': 18, 'dropout': 0.4880660231051127, 'hidden_continuous_size': 7, 'attention_head_size': 1, 'learning_rate': 0.02086446688038546}. Best is trial 0 with value: 86.14061737060547.
[I 2023-12-27 10:53:37,140] Trial 19 finished with value: 239.6750030517578 and parameters: {'gradient_clip_val': 0.31280163126882765, 'hidden_size': 8, 'dropout': 0.35262003707611383, 'hidden_continuous_size': 6, 'attention_head_size': 2, 'learning_rate': 0.0010426851118868884}. Best is trial 0 with value: 86.14061737060547.
[I 2023-12-27 10:53:37,535] Trial 20 finished with value: 273.38385009765625 and parameters: {'gradient_clip_val': 0.3517408299409567, 'hidden_size': 30, 'dropout': 0.2904928524886933, 'hidden_continuous_size': 9, 'attention_head_size': 1, 'learning_rate': 0.00558594855510831}. Best is trial 0 with value: 86.14061737060547.
[I 2023-12-27 10:53:37,920] Trial 21 finished with value: 208.9025115966797 and parameters: {'gradient_clip_val': 0.2732384270294126, 'hidden_size': 10, 'dropout': 0.24037784879440593, 'hidden_continuous_size': 6, 'attention_head_size': 4, 'learning_rate': 0.002505689668223175}. Best is trial 0 with value: 86.14061737060547.
[I 2023-12-27 10:53:38,298] Trial 22 finished with value: 251.276123046875 and parameters: {'gradient_clip_val': 0.30913773990477544, 'hidden_size': 7, 'dropout': 0.22662853493902335, 'hidden_continuous_size': 5, 'attention_head_size': 4, 'learning_rate': 0.0025196001154098517}. Best is trial 0 with value: 86.14061737060547.
[I 2023-12-27 10:53:38,670] Trial 23 finished with value: 263.99176025390625 and parameters: {'gradient_clip_val': 0.19847511830597592, 'hidden_size': 10, 'dropout': 0.10195137337552998, 'hidden_continuous_size': 6, 'attention_head_size': 3, 'learning_rate': 0.0035406745660886136}. Best is trial 0 with value: 86.14061737060547.
[I 2023-12-27 10:53:39,060] Trial 24 finished with value: 214.90460205078125 and parameters: {'gradient_clip_val': 0.2613458659753244, 'hidden_size': 15, 'dropout': 0.35536657579596476, 'hidden_continuous_size': 7, 'attention_head_size': 4, 'learning_rate': 0.0017264695088147755}. Best is trial 0 with value: 86.14061737060547.
[I 2023-12-27 10:53:39,438] Trial 25 finished with value: 291.25732421875 and parameters: {'gradient_clip_val': 0.1375186405513125, 'hidden_size': 6, 'dropout': 0.1718917027581222, 'hidden_continuous_size': 5, 'attention_head_size': 3, 'learning_rate': 0.0005047669717315577}. Best is trial 0 with value: 86.14061737060547.
[I 2023-12-27 10:53:39,804] Trial 26 finished with value: 246.95225524902344 and parameters: {'gradient_clip_val': 0.18601056300275162, 'hidden_size': 11, 'dropout': 0.42491945790582913, 'hidden_continuous_size': 6, 'attention_head_size': 2, 'learning_rate': 0.006132986853022289}. Best is trial 0 with value: 86.14061737060547.
[I 2023-12-27 10:53:40,173] Trial 27 finished with value: 294.8246154785156 and parameters: {'gradient_clip_val': 0.2317597551065356, 'hidden_size': 8, 'dropout': 0.39186102444352444, 'hidden_continuous_size': 5, 'attention_head_size': 4, 'learning_rate': 0.001144186060514793}. Best is trial 0 with value: 86.14061737060547.
[I 2023-12-27 10:53:40,558] Trial 28 finished with value: 205.538818359375 and parameters: {'gradient_clip_val': 0.14336810768552977, 'hidden_size': 22, 'dropout': 0.2580682681243809, 'hidden_continuous_size': 7, 'attention_head_size': 1, 'learning_rate': 0.0023252107174657165}. Best is trial 0 with value: 86.14061737060547.
[I 2023-12-27 10:53:40,934] Trial 29 finished with value: 216.59580993652344 and parameters: {'gradient_clip_val': 0.46206518780038375, 'hidden_size': 17, 'dropout': 0.13243010807749953, 'hidden_continuous_size': 8, 'attention_head_size': 1, 'learning_rate': 0.0016776828972515153}. Best is trial 0 with value: 86.14061737060547.
[I 2023-12-27 10:53:41,315] Trial 30 finished with value: 205.55223083496094 and parameters: {'gradient_clip_val': 0.34664707651288773, 'hidden_size': 23, 'dropout': 0.33773257326182926, 'hidden_continuous_size': 11, 'attention_head_size': 3, 'learning_rate': 0.003623633382105204}. Best is trial 0 with value: 86.14061737060547.
[I 2023-12-27 10:53:41,700] Trial 31 finished with value: 255.5284423828125 and parameters: {'gradient_clip_val': 0.3001020340739792, 'hidden_size': 13, 'dropout': 0.36893845520228347, 'hidden_continuous_size': 6, 'attention_head_size': 3, 'learning_rate': 0.0008416065502783709}. Best is trial 0 with value: 86.14061737060547.
[I 2023-12-27 10:53:42,286] Trial 32 finished with value: 255.70188903808594 and parameters: {'gradient_clip_val': 0.27567122628157653, 'hidden_size': 11, 'dropout': 0.38594748676421553, 'hidden_continuous_size': 6, 'attention_head_size': 3, 'learning_rate': 0.001373842874605593}. Best is trial 0 with value: 86.14061737060547.
[I 2023-12-27 10:53:42,688] Trial 33 finished with value: 166.017822265625 and parameters: {'gradient_clip_val': 0.4174472178412624, 'hidden_size': 13, 'dropout': 0.30829858969660784, 'hidden_continuous_size': 7, 'attention_head_size': 4, 'learning_rate': 0.0005027977055053988}. Best is trial 0 with value: 86.14061737060547.
[I 2023-12-27 10:53:43,073] Trial 34 finished with value: 288.8926696777344 and parameters: {'gradient_clip_val': 0.4083543032316441, 'hidden_size': 17, 'dropout': 0.30837014065261475, 'hidden_continuous_size': 7, 'attention_head_size': 4, 'learning_rate': 0.0009039317197996259}. Best is trial 0 with value: 86.14061737060547.
[I 2023-12-27 10:53:43,448] Trial 35 finished with value: 181.6055450439453 and parameters: {'gradient_clip_val': 0.4574292232592024, 'hidden_size': 9, 'dropout': 0.34022854097247285, 'hidden_continuous_size': 5, 'attention_head_size': 4, 'learning_rate': 0.000555903741250663}. Best is trial 0 with value: 86.14061737060547.
[I 2023-12-27 10:53:43,825] Trial 36 finished with value: 248.17523193359375 and parameters: {'gradient_clip_val': 0.36294139884933446, 'hidden_size': 14, 'dropout': 0.20662025968324954, 'hidden_continuous_size': 7, 'attention_head_size': 4, 'learning_rate': 0.0008165389646083135}. Best is trial 0 with value: 86.14061737060547.
[I 2023-12-27 10:53:44,186] Trial 37 finished with value: 200.66192626953125 and parameters: {'gradient_clip_val': 0.4143136249067381, 'hidden_size': 6, 'dropout': 0.27060949430385284, 'hidden_continuous_size': 5, 'attention_head_size': 2, 'learning_rate': 0.0014027154201201567}. Best is trial 0 with value: 86.14061737060547.
[I 2023-12-27 10:53:44,581] Trial 38 finished with value: 231.5987548828125 and parameters: {'gradient_clip_val': 0.4667146851506729, 'hidden_size': 23, 'dropout': 0.31646789825641364, 'hidden_continuous_size': 8, 'attention_head_size': 4, 'learning_rate': 0.004324649952755781}. Best is trial 0 with value: 86.14061737060547.
[I 2023-12-27 10:53:44,952] Trial 39 finished with value: 236.0689697265625 and parameters: {'gradient_clip_val': 0.5290788476960108, 'hidden_size': 13, 'dropout': 0.29935833874621026, 'hidden_continuous_size': 7, 'attention_head_size': 2, 'learning_rate': 0.001973199154770461}. Best is trial 0 with value: 86.14061737060547.
[I 2023-12-27 10:53:45,428] Trial 40 finished with value: 156.5567626953125 and parameters: {'gradient_clip_val': 0.6544694527217353, 'hidden_size': 92, 'dropout': 0.4631309112599372, 'hidden_continuous_size': 19, 'attention_head_size': 1, 'learning_rate': 0.003082129644360881}. Best is trial 0 with value: 86.14061737060547.
[I 2023-12-27 10:53:45,903] Trial 41 finished with value: 289.9543762207031 and parameters: {'gradient_clip_val': 0.6467945164631417, 'hidden_size': 89, 'dropout': 0.46053500379117635, 'hidden_continuous_size': 31, 'attention_head_size': 1, 'learning_rate': 0.0020755424719258748}. Best is trial 0 with value: 86.14061737060547.
[I 2023-12-27 10:53:46,407] Trial 42 finished with value: 241.54444885253906 and parameters: {'gradient_clip_val': 0.702917687708804, 'hidden_size': 111, 'dropout': 0.4126244249027842, 'hidden_continuous_size': 20, 'attention_head_size': 1, 'learning_rate': 0.0032447501096854875}. Best is trial 0 with value: 86.14061737060547.
[I 2023-12-27 10:53:46,876] Trial 43 finished with value: 202.8809051513672 and parameters: {'gradient_clip_val': 0.38284961027186726, 'hidden_size': 81, 'dropout': 0.44603155466917177, 'hidden_continuous_size': 24, 'attention_head_size': 1, 'learning_rate': 0.007313703822015955}. Best is trial 0 with value: 86.14061737060547.
[I 2023-12-27 10:53:47,314] Trial 44 finished with value: 230.6238555908203 and parameters: {'gradient_clip_val': 0.3492103392327549, 'hidden_size': 67, 'dropout': 0.40584934145132906, 'hidden_continuous_size': 17, 'attention_head_size': 1, 'learning_rate': 0.0027899121741512814}. Best is trial 0 with value: 86.14061737060547.
[I 2023-12-27 10:53:47,829] Trial 45 finished with value: 228.9424591064453 and parameters: {'gradient_clip_val': 0.5248844494492457, 'hidden_size': 117, 'dropout': 0.4797557770492966, 'hidden_continuous_size': 31, 'attention_head_size': 1, 'learning_rate': 0.004274293841656993}. Best is trial 0 with value: 86.14061737060547.
[I 2023-12-27 10:53:48,467] Trial 46 finished with value: 188.45811462402344 and parameters: {'gradient_clip_val': 0.8064672967432932, 'hidden_size': 44, 'dropout': 0.45977851667125397, 'hidden_continuous_size': 13, 'attention_head_size': 2, 'learning_rate': 0.0020206519183143773}. Best is trial 0 with value: 86.14061737060547.
[I 2023-12-27 10:53:49,072] Trial 47 finished with value: 237.05406188964844 and parameters: {'gradient_clip_val': 0.587792706683225, 'hidden_size': 150, 'dropout': 0.49622263873447797, 'hidden_continuous_size': 39, 'attention_head_size': 1, 'learning_rate': 0.0007530518964119001}. Best is trial 0 with value: 86.14061737060547.
[I 2023-12-27 10:53:49,478] Trial 48 finished with value: 228.9947052001953 and parameters: {'gradient_clip_val': 0.4262557786966384, 'hidden_size': 27, 'dropout': 0.2796984163519403, 'hidden_continuous_size': 10, 'attention_head_size': 1, 'learning_rate': 0.0011650593794916525}. Best is trial 0 with value: 86.14061737060547.
[I 2023-12-27 10:53:49,822] Trial 49 finished with value: 214.2084197998047 and parameters: {'gradient_clip_val': 0.3284767619912032, 'hidden_size': 5, 'dropout': 0.473862975120046, 'hidden_continuous_size': 5, 'attention_head_size': 4, 'learning_rate': 0.0006214245257557781}. Best is trial 0 with value: 86.14061737060547.
[I 2023-12-27 10:53:49,938] A new study created in memory with name: no-name-5c26d710-32f9-46c1-b905-6738a82bd8ca
/home/le004/conda/anaconda3/envs/tsff_env/lib/python3.9/site-packages/lightning/fabric/plugins/environments/slurm.py:191: The `srun` command is available on your system but is not used. HINT: If your intention is to run Lightning on SLURM, prepend your python command with `srun` like so: srun python /home/le004/master_thesis/git/TSFusionForecast/code/ ...
[I 2023-12-27 10:54:19,192] Trial 0 finished with value: 521.87109375 and parameters: {'gradient_clip_val': 0.16925342401594412, 'hidden_size': 8, 'dropout': 0.4339686511385087, 'hidden_continuous_size': 5, 'attention_head_size': 1, 'learning_rate': 0.0005250057314070413}. Best is trial 0 with value: 521.87109375.
[I 2023-12-27 10:54:53,675] Trial 1 finished with value: 109.42318725585938 and parameters: {'gradient_clip_val': 0.20483810203385583, 'hidden_size': 26, 'dropout': 0.4263426556726372, 'hidden_continuous_size': 15, 'attention_head_size': 4, 'learning_rate': 0.00204767592557273}. Best is trial 1 with value: 109.42318725585938.
[I 2023-12-27 10:55:07,182] Trial 2 finished with value: 333.5582275390625 and parameters: {'gradient_clip_val': 0.11546915449617277, 'hidden_size': 63, 'dropout': 0.1841528868311386, 'hidden_continuous_size': 10, 'attention_head_size': 4, 'learning_rate': 0.0011441761722653851}. Best is trial 1 with value: 109.42318725585938.
[I 2023-12-27 10:55:07,777] Trial 3 finished with value: 638.5084838867188 and parameters: {'gradient_clip_val': 0.3179748161915585, 'hidden_size': 58, 'dropout': 0.22735560964447196, 'hidden_continuous_size': 44, 'attention_head_size': 3, 'learning_rate': 0.001009558507130892}. Best is trial 1 with value: 109.42318725585938.
[I 2023-12-27 10:55:08,138] Trial 4 finished with value: 648.1884765625 and parameters: {'gradient_clip_val': 0.14666494903810065, 'hidden_size': 20, 'dropout': 0.2839131013646431, 'hidden_continuous_size': 9, 'attention_head_size': 3, 'learning_rate': 0.0446772608996125}. Best is trial 1 with value: 109.42318725585938.
[I 2023-12-27 10:55:08,502] Trial 5 finished with value: 521.4067993164062 and parameters: {'gradient_clip_val': 0.3755523103444959, 'hidden_size': 25, 'dropout': 0.17384030669618, 'hidden_continuous_size': 6, 'attention_head_size': 2, 'learning_rate': 0.0020702679405275666}. Best is trial 1 with value: 109.42318725585938.
[I 2023-12-27 10:55:08,847] Trial 6 finished with value: 625.620849609375 and parameters: {'gradient_clip_val': 0.49626120179795563, 'hidden_size': 6, 'dropout': 0.43933245040786506, 'hidden_continuous_size': 5, 'attention_head_size': 3, 'learning_rate': 0.06346603469993052}. Best is trial 1 with value: 109.42318725585938.
[I 2023-12-27 10:55:09,274] Trial 7 finished with value: 451.429443359375 and parameters: {'gradient_clip_val': 0.6378150302846162, 'hidden_size': 76, 'dropout': 0.4083976072953045, 'hidden_continuous_size': 5, 'attention_head_size': 4, 'learning_rate': 0.0019214800682277084}. Best is trial 1 with value: 109.42318725585938.
[I 2023-12-27 10:55:09,626] Trial 8 finished with value: 382.1161193847656 and parameters: {'gradient_clip_val': 0.9992169761519419, 'hidden_size': 10, 'dropout': 0.37588835980116697, 'hidden_continuous_size': 8, 'attention_head_size': 1, 'learning_rate': 0.0020228200148105567}. Best is trial 1 with value: 109.42318725585938.
[I 2023-12-27 10:55:10,007] Trial 9 finished with value: 726.0463256835938 and parameters: {'gradient_clip_val': 0.4040487897542628, 'hidden_size': 48, 'dropout': 0.408688480320764, 'hidden_continuous_size': 10, 'attention_head_size': 3, 'learning_rate': 0.0033315659148410895}. Best is trial 1 with value: 109.42318725585938.
[I 2023-12-27 10:55:10,694] Trial 10 finished with value: 454.7582092285156 and parameters: {'gradient_clip_val': 0.21714066987763073, 'hidden_size': 147, 'dropout': 0.3321567103565432, 'hidden_continuous_size': 140, 'attention_head_size': 4, 'learning_rate': 0.008660285574408523}. Best is trial 1 with value: 109.42318725585938.
[I 2023-12-27 10:55:11,096] Trial 11 finished with value: 507.5220642089844 and parameters: {'gradient_clip_val': 0.1090752375693429, 'hidden_size': 34, 'dropout': 0.499839113896569, 'hidden_continuous_size': 14, 'attention_head_size': 4, 'learning_rate': 0.0005782517654386177}. Best is trial 1 with value: 109.42318725585938.
[I 2023-12-27 10:55:11,480] Trial 12 finished with value: 501.691162109375 and parameters: {'gradient_clip_val': 0.2220096474778721, 'hidden_size': 17, 'dropout': 0.11094936318194543, 'hidden_continuous_size': 11, 'attention_head_size': 4, 'learning_rate': 0.005545281560755253}. Best is trial 1 with value: 109.42318725585938.
[I 2023-12-27 10:55:11,887] Trial 13 finished with value: 630.53369140625 and parameters: {'gradient_clip_val': 0.10527204939042199, 'hidden_size': 37, 'dropout': 0.2765261857534939, 'hidden_continuous_size': 15, 'attention_head_size': 2, 'learning_rate': 0.0011302899532777645}. Best is trial 1 with value: 109.42318725585938.
[I 2023-12-27 10:55:12,352] Trial 14 finished with value: 523.1454467773438 and parameters: {'gradient_clip_val': 0.2416563020778035, 'hidden_size': 84, 'dropout': 0.22243584102586517, 'hidden_continuous_size': 22, 'attention_head_size': 4, 'learning_rate': 0.006230398408116124}. Best is trial 1 with value: 109.42318725585938.
[I 2023-12-27 10:55:12,729] Trial 15 finished with value: 542.1091918945312 and parameters: {'gradient_clip_val': 0.14552090302953632, 'hidden_size': 13, 'dropout': 0.33759604949190114, 'hidden_continuous_size': 8, 'attention_head_size': 4, 'learning_rate': 0.013220475141094626}. Best is trial 1 with value: 109.42318725585938.
[I 2023-12-27 10:55:13,121] Trial 16 finished with value: 543.728271484375 and parameters: {'gradient_clip_val': 0.1688850567572956, 'hidden_size': 28, 'dropout': 0.11037610234929471, 'hidden_continuous_size': 13, 'attention_head_size': 2, 'learning_rate': 0.001189002283746954}. Best is trial 1 with value: 109.42318725585938.
[I 2023-12-27 10:55:13,733] Trial 17 finished with value: 545.4603881835938 and parameters: {'gradient_clip_val': 0.10151655474953301, 'hidden_size': 20, 'dropout': 0.4840968666551648, 'hidden_continuous_size': 7, 'attention_head_size': 3, 'learning_rate': 0.0027170332081121397}. Best is trial 1 with value: 109.42318725585938.
[I 2023-12-27 10:55:14,137] Trial 18 finished with value: 705.18115234375 and parameters: {'gradient_clip_val': 0.2699056316976058, 'hidden_size': 41, 'dropout': 0.34909604096895724, 'hidden_continuous_size': 18, 'attention_head_size': 4, 'learning_rate': 0.0037768349455554817}. Best is trial 1 with value: 109.42318725585938.
[I 2023-12-27 10:55:14,594] Trial 19 finished with value: 387.1499938964844 and parameters: {'gradient_clip_val': 0.18974774267591815, 'hidden_size': 61, 'dropout': 0.30350894895626945, 'hidden_continuous_size': 11, 'attention_head_size': 3, 'learning_rate': 0.000851330803926745}. Best is trial 1 with value: 109.42318725585938.
[I 2023-12-27 10:55:15,017] Trial 20 finished with value: 612.3507690429688 and parameters: {'gradient_clip_val': 0.1397246788327957, 'hidden_size': 28, 'dropout': 0.23934404939299725, 'hidden_continuous_size': 9, 'attention_head_size': 4, 'learning_rate': 0.0014384457353770572}. Best is trial 1 with value: 109.42318725585938.
[I 2023-12-27 10:55:15,382] Trial 21 finished with value: 623.0346069335938 and parameters: {'gradient_clip_val': 0.8026671982108329, 'hidden_size': 11, 'dropout': 0.36418038075600817, 'hidden_continuous_size': 7, 'attention_head_size': 1, 'learning_rate': 0.002025504977838741}. Best is trial 1 with value: 109.42318725585938.
[I 2023-12-27 10:55:15,721] Trial 22 finished with value: 482.4159851074219 and parameters: {'gradient_clip_val': 0.8036767465806803, 'hidden_size': 5, 'dropout': 0.38566769072264295, 'hidden_continuous_size': 5, 'attention_head_size': 1, 'learning_rate': 0.001466744507891382}. Best is trial 1 with value: 109.42318725585938.
[I 2023-12-27 10:55:16,107] Trial 23 finished with value: 597.2552490234375 and parameters: {'gradient_clip_val': 0.9283532826051302, 'hidden_size': 9, 'dropout': 0.3806321065464944, 'hidden_continuous_size': 6, 'attention_head_size': 2, 'learning_rate': 0.0007519969813752257}. Best is trial 1 with value: 109.42318725585938.
[I 2023-12-27 10:55:16,499] Trial 24 finished with value: 554.6572875976562 and parameters: {'gradient_clip_val': 0.2712087814828423, 'hidden_size': 14, 'dropout': 0.45499270769538597, 'hidden_continuous_size': 8, 'attention_head_size': 1, 'learning_rate': 0.003142364537961906}. Best is trial 1 with value: 109.42318725585938.
[I 2023-12-27 10:55:16,882] Trial 25 finished with value: 574.3786010742188 and parameters: {'gradient_clip_val': 0.5048714905951958, 'hidden_size': 17, 'dropout': 0.4015261125727126, 'hidden_continuous_size': 7, 'attention_head_size': 2, 'learning_rate': 0.0008887834790696518}. Best is trial 1 with value: 109.42318725585938.
[I 2023-12-27 10:55:17,258] Trial 26 finished with value: 600.2372436523438 and parameters: {'gradient_clip_val': 0.12452371333993409, 'hidden_size': 7, 'dropout': 0.3219338566649328, 'hidden_continuous_size': 6, 'attention_head_size': 3, 'learning_rate': 0.00186886183594614}. Best is trial 1 with value: 109.42318725585938.
[I 2023-12-27 10:55:17,621] Trial 27 finished with value: 630.6320190429688 and parameters: {'gradient_clip_val': 0.1870182760761923, 'hidden_size': 9, 'dropout': 0.3666394037121748, 'hidden_continuous_size': 6, 'attention_head_size': 1, 'learning_rate': 0.0006398137272421899}. Best is trial 1 with value: 109.42318725585938.
[I 2023-12-27 10:55:18,014] Trial 28 finished with value: 631.920654296875 and parameters: {'gradient_clip_val': 0.9839160280009376, 'hidden_size': 11, 'dropout': 0.47283737246298096, 'hidden_continuous_size': 8, 'attention_head_size': 4, 'learning_rate': 0.0013057941359313266}. Best is trial 1 with value: 109.42318725585938.
