[I 2023-12-27 10:55:18,364] Trial 29 finished with value: 520.3478393554688 and parameters: {'gradient_clip_val': 0.1768121301247379, 'hidden_size': 5, 'dropout': 0.42302738486264485, 'hidden_continuous_size': 5, 'attention_head_size': 1, 'learning_rate': 0.0005405765608146764}. Best is trial 1 with value: 109.42318725585938.
[I 2023-12-27 10:55:18,978] Trial 30 finished with value: 568.1404418945312 and parameters: {'gradient_clip_val': 0.13292324741902262, 'hidden_size': 24, 'dropout': 0.44142791111018, 'hidden_continuous_size': 10, 'attention_head_size': 2, 'learning_rate': 0.004391248139966065}. Best is trial 1 with value: 109.42318725585938.
[I 2023-12-27 10:55:19,429] Trial 31 finished with value: 507.0379638671875 and parameters: {'gradient_clip_val': 0.19191782070952143, 'hidden_size': 67, 'dropout': 0.3044571921049639, 'hidden_continuous_size': 12, 'attention_head_size': 3, 'learning_rate': 0.000817439701060764}. Best is trial 1 with value: 109.42318725585938.
[I 2023-12-27 10:55:19,854] Trial 32 finished with value: 522.9483642578125 and parameters: {'gradient_clip_val': 0.15902673009304727, 'hidden_size': 49, 'dropout': 0.36072407091437575, 'hidden_continuous_size': 11, 'attention_head_size': 3, 'learning_rate': 0.0009060669961289461}. Best is trial 1 with value: 109.42318725585938.
[I 2023-12-27 10:55:20,319] Trial 33 finished with value: 584.2631225585938 and parameters: {'gradient_clip_val': 0.12119427811990591, 'hidden_size': 96, 'dropout': 0.3048561541308625, 'hidden_continuous_size': 17, 'attention_head_size': 3, 'learning_rate': 0.0009716042297611043}. Best is trial 1 with value: 109.42318725585938.
[I 2023-12-27 10:55:20,761] Trial 34 finished with value: 682.2933959960938 and parameters: {'gradient_clip_val': 0.3069702154799507, 'hidden_size': 51, 'dropout': 0.32225359941610615, 'hidden_continuous_size': 12, 'attention_head_size': 4, 'learning_rate': 0.0022729309348944703}. Best is trial 1 with value: 109.42318725585938.
[I 2023-12-27 10:55:21,222] Trial 35 finished with value: 647.8156127929688 and parameters: {'gradient_clip_val': 0.15924198658617006, 'hidden_size': 61, 'dropout': 0.27394952127738964, 'hidden_continuous_size': 15, 'attention_head_size': 3, 'learning_rate': 0.0005058016005006974}. Best is trial 1 with value: 109.42318725585938.
[I 2023-12-27 10:55:21,638] Trial 36 finished with value: 493.2298889160156 and parameters: {'gradient_clip_val': 0.20305800152526812, 'hidden_size': 36, 'dropout': 0.38149663927222244, 'hidden_continuous_size': 9, 'attention_head_size': 4, 'learning_rate': 0.0015813757497078187}. Best is trial 1 with value: 109.42318725585938.
[I 2023-12-27 10:55:22,027] Trial 37 finished with value: 634.5481567382812 and parameters: {'gradient_clip_val': 0.33849461571079903, 'hidden_size': 32, 'dropout': 0.42206108749112525, 'hidden_continuous_size': 10, 'attention_head_size': 2, 'learning_rate': 0.002424001942538406}. Best is trial 1 with value: 109.42318725585938.
[I 2023-12-27 10:55:22,439] Trial 38 finished with value: 492.5070495605469 and parameters: {'gradient_clip_val': 0.15350231378817836, 'hidden_size': 42, 'dropout': 0.18376034063328175, 'hidden_continuous_size': 12, 'attention_head_size': 3, 'learning_rate': 0.0011043163946282389}. Best is trial 1 with value: 109.42318725585938.
[I 2023-12-27 10:55:22,876] Trial 39 finished with value: 523.6253051757812 and parameters: {'gradient_clip_val': 0.23693481296524785, 'hidden_size': 55, 'dropout': 0.40148912701171535, 'hidden_continuous_size': 15, 'attention_head_size': 3, 'learning_rate': 0.001692682744344973}. Best is trial 1 with value: 109.42318725585938.
[I 2023-12-27 10:55:23,311] Trial 40 finished with value: 401.1021423339844 and parameters: {'gradient_clip_val': 0.12023349218823372, 'hidden_size': 67, 'dropout': 0.2889294982991112, 'hidden_continuous_size': 22, 'attention_head_size': 4, 'learning_rate': 0.0006910439692349292}. Best is trial 1 with value: 109.42318725585938.
[I 2023-12-27 10:55:23,757] Trial 41 finished with value: 644.7791748046875 and parameters: {'gradient_clip_val': 0.11965152364208559, 'hidden_size': 61, 'dropout': 0.2587245781627512, 'hidden_continuous_size': 19, 'attention_head_size': 4, 'learning_rate': 0.0007051936941711551}. Best is trial 1 with value: 109.42318725585938.
[I 2023-12-27 10:55:24,199] Trial 42 finished with value: 548.6998291015625 and parameters: {'gradient_clip_val': 0.13047430093213233, 'hidden_size': 74, 'dropout': 0.2844992321607877, 'hidden_continuous_size': 22, 'attention_head_size': 4, 'learning_rate': 0.0006966832992577947}. Best is trial 1 with value: 109.42318725585938.
[I 2023-12-27 10:55:24,932] Trial 43 finished with value: 519.3741455078125 and parameters: {'gradient_clip_val': 0.11458313011722042, 'hidden_size': 101, 'dropout': 0.33817005879646495, 'hidden_continuous_size': 25, 'attention_head_size': 4, 'learning_rate': 0.0011866647400812936}. Best is trial 1 with value: 109.42318725585938.
[I 2023-12-27 10:55:25,344] Trial 44 finished with value: 377.0048522949219 and parameters: {'gradient_clip_val': 0.1420763464902703, 'hidden_size': 45, 'dropout': 0.20215929426382723, 'hidden_continuous_size': 13, 'attention_head_size': 4, 'learning_rate': 0.000908747946979646}. Best is trial 1 with value: 109.42318725585938.
[I 2023-12-27 10:55:25,774] Trial 45 finished with value: 754.76318359375 and parameters: {'gradient_clip_val': 0.14412102322900355, 'hidden_size': 51, 'dropout': 0.1970645347734456, 'hidden_continuous_size': 13, 'attention_head_size': 4, 'learning_rate': 0.0009739260666996464}. Best is trial 1 with value: 109.42318725585938.
[I 2023-12-27 10:55:26,204] Trial 46 finished with value: 616.9718017578125 and parameters: {'gradient_clip_val': 0.17677963094478177, 'hidden_size': 43, 'dropout': 0.14952208812066317, 'hidden_continuous_size': 10, 'attention_head_size': 4, 'learning_rate': 0.0016416551313535447}. Best is trial 1 with value: 109.42318725585938.
[I 2023-12-27 10:55:26,587] Trial 47 finished with value: 564.1511840820312 and parameters: {'gradient_clip_val': 0.22003943185398772, 'hidden_size': 32, 'dropout': 0.2219662160789561, 'hidden_continuous_size': 14, 'attention_head_size': 3, 'learning_rate': 0.0026211582578555184}. Best is trial 1 with value: 109.42318725585938.
[I 2023-12-27 10:55:26,968] Trial 48 finished with value: 534.2388305664062 and parameters: {'gradient_clip_val': 0.10154539787044406, 'hidden_size': 24, 'dropout': 0.16256456849761852, 'hidden_continuous_size': 11, 'attention_head_size': 4, 'learning_rate': 0.0012540855745851347}. Best is trial 1 with value: 109.42318725585938.
[I 2023-12-27 10:55:27,386] Trial 49 finished with value: 544.2259521484375 and parameters: {'gradient_clip_val': 0.19570296520919983, 'hidden_size': 41, 'dropout': 0.2548705783724249, 'hidden_continuous_size': 13, 'attention_head_size': 4, 'learning_rate': 0.0010231126990765862}. Best is trial 1 with value: 109.42318725585938.
[I 2023-12-27 10:55:27,508] A new study created in memory with name: no-name-e7cc056c-e869-4b1d-8650-58e65cd1ecce
/home/le004/conda/anaconda3/envs/tsff_env/lib/python3.9/site-packages/lightning/fabric/plugins/environments/slurm.py:191: The `srun` command is available on your system but is not used. HINT: If your intention is to run Lightning on SLURM, prepend your python command with `srun` like so: srun python /home/le004/master_thesis/git/TSFusionForecast/code/ ...
[I 2023-12-27 10:55:54,784] Trial 0 finished with value: 170.1652069091797 and parameters: {'gradient_clip_val': 0.9545827204609111, 'hidden_size': 5, 'dropout': 0.4324464196539479, 'hidden_continuous_size': 5, 'attention_head_size': 2, 'learning_rate': 0.022645604869505825}. Best is trial 0 with value: 170.1652069091797.
[I 2023-12-27 10:56:04,787] Trial 1 finished with value: 484.7922058105469 and parameters: {'gradient_clip_val': 0.2908424608868318, 'hidden_size': 9, 'dropout': 0.1957407566947481, 'hidden_continuous_size': 9, 'attention_head_size': 3, 'learning_rate': 0.0007243228530282594}. Best is trial 0 with value: 170.1652069091797.
[I 2023-12-27 10:56:05,177] Trial 2 finished with value: 754.4592895507812 and parameters: {'gradient_clip_val': 0.3968498755964825, 'hidden_size': 30, 'dropout': 0.16772948650346015, 'hidden_continuous_size': 5, 'attention_head_size': 4, 'learning_rate': 0.002099444103098173}. Best is trial 0 with value: 170.1652069091797.
[I 2023-12-27 10:56:05,877] Trial 3 finished with value: 904.804931640625 and parameters: {'gradient_clip_val': 0.3556469851213248, 'hidden_size': 102, 'dropout': 0.38242990884675, 'hidden_continuous_size': 38, 'attention_head_size': 1, 'learning_rate': 0.049674358617924935}. Best is trial 0 with value: 170.1652069091797.
[I 2023-12-27 10:56:06,199] Trial 4 finished with value: 651.1044311523438 and parameters: {'gradient_clip_val': 0.5155851172735153, 'hidden_size': 6, 'dropout': 0.4450618940767238, 'hidden_continuous_size': 6, 'attention_head_size': 3, 'learning_rate': 0.0330318121305751}. Best is trial 0 with value: 170.1652069091797.
[I 2023-12-27 10:56:06,561] Trial 5 finished with value: 556.1243896484375 and parameters: {'gradient_clip_val': 0.14636297501814297, 'hidden_size': 19, 'dropout': 0.4060772284413571, 'hidden_continuous_size': 6, 'attention_head_size': 3, 'learning_rate': 0.01607018670326991}. Best is trial 0 with value: 170.1652069091797.
[I 2023-12-27 10:56:07,006] Trial 6 finished with value: 659.2802124023438 and parameters: {'gradient_clip_val': 0.3126250084388965, 'hidden_size': 85, 'dropout': 0.28832347300267325, 'hidden_continuous_size': 9, 'attention_head_size': 3, 'learning_rate': 0.008953344371677528}. Best is trial 0 with value: 170.1652069091797.
[I 2023-12-27 10:56:07,371] Trial 7 finished with value: 955.98291015625 and parameters: {'gradient_clip_val': 0.8306861277603663, 'hidden_size': 21, 'dropout': 0.46181343545465114, 'hidden_continuous_size': 7, 'attention_head_size': 3, 'learning_rate': 0.006865470974875622}. Best is trial 0 with value: 170.1652069091797.
[I 2023-12-27 10:56:07,755] Trial 8 finished with value: 834.1969604492188 and parameters: {'gradient_clip_val': 0.14273934970160848, 'hidden_size': 29, 'dropout': 0.21911233796176785, 'hidden_continuous_size': 12, 'attention_head_size': 4, 'learning_rate': 0.006648880108526173}. Best is trial 0 with value: 170.1652069091797.
[I 2023-12-27 10:56:08,104] Trial 9 finished with value: 665.0654296875 and parameters: {'gradient_clip_val': 0.8481864603263651, 'hidden_size': 12, 'dropout': 0.2777109101872558, 'hidden_continuous_size': 9, 'attention_head_size': 1, 'learning_rate': 0.05981093993667344}. Best is trial 0 with value: 170.1652069091797.
[I 2023-12-27 10:56:08,450] Trial 10 finished with value: 878.5634155273438 and parameters: {'gradient_clip_val': 0.940103745928686, 'hidden_size': 5, 'dropout': 0.4923212105883613, 'hidden_continuous_size': 5, 'attention_head_size': 2, 'learning_rate': 0.09973381544030582}. Best is trial 0 with value: 170.1652069091797.
[I 2023-12-27 10:56:08,828] Trial 11 finished with value: 532.1513061523438 and parameters: {'gradient_clip_val': 0.2284891806673508, 'hidden_size': 8, 'dropout': 0.10488306794723942, 'hidden_continuous_size': 5, 'attention_head_size': 2, 'learning_rate': 0.0005192077954250957}. Best is trial 0 with value: 170.1652069091797.
[I 2023-12-27 10:56:09,171] Trial 12 finished with value: 474.8741455078125 and parameters: {'gradient_clip_val': 0.5936957699961007, 'hidden_size': 5, 'dropout': 0.3299072028166721, 'hidden_continuous_size': 5, 'attention_head_size': 2, 'learning_rate': 0.0006765446211721507}. Best is trial 0 with value: 170.1652069091797.
[I 2023-12-27 10:56:09,520] Trial 13 finished with value: 508.9664611816406 and parameters: {'gradient_clip_val': 0.6518451917673854, 'hidden_size': 5, 'dropout': 0.3598236595293858, 'hidden_continuous_size': 5, 'attention_head_size': 2, 'learning_rate': 0.0022843700271193363}. Best is trial 0 with value: 170.1652069091797.
[I 2023-12-27 10:56:09,876] Trial 14 finished with value: 868.3148803710938 and parameters: {'gradient_clip_val': 0.5960985629338178, 'hidden_size': 5, 'dropout': 0.32391068882321405, 'hidden_continuous_size': 5, 'attention_head_size': 1, 'learning_rate': 0.02115324695230272}. Best is trial 0 with value: 170.1652069091797.
[I 2023-12-27 10:56:10,269] Trial 15 finished with value: 552.2689819335938 and parameters: {'gradient_clip_val': 0.9545097588146257, 'hidden_size': 12, 'dropout': 0.4310215155978696, 'hidden_continuous_size': 6, 'attention_head_size': 2, 'learning_rate': 0.001397558172831901}. Best is trial 0 with value: 170.1652069091797.
[I 2023-12-27 10:56:10,667] Trial 16 finished with value: 731.5226440429688 and parameters: {'gradient_clip_val': 0.5020880186263604, 'hidden_size': 8, 'dropout': 0.3681168767793912, 'hidden_continuous_size': 5, 'attention_head_size': 2, 'learning_rate': 0.003927926861752845}. Best is trial 0 with value: 170.1652069091797.
[I 2023-12-27 10:56:11,291] Trial 17 finished with value: 660.6998291015625 and parameters: {'gradient_clip_val': 0.6316678398693542, 'hidden_size': 7, 'dropout': 0.4944168474212583, 'hidden_continuous_size': 5, 'attention_head_size': 1, 'learning_rate': 0.0011065081818381892}. Best is trial 0 with value: 170.1652069091797.
[I 2023-12-27 10:56:11,671] Trial 18 finished with value: 661.5453491210938 and parameters: {'gradient_clip_val': 0.7173148063091237, 'hidden_size': 12, 'dropout': 0.3235735135467268, 'hidden_continuous_size': 6, 'attention_head_size': 2, 'learning_rate': 0.012093697494905924}. Best is trial 0 with value: 170.1652069091797.
[I 2023-12-27 10:56:12,005] Trial 19 finished with value: 723.1915893554688 and parameters: {'gradient_clip_val': 0.751114609456996, 'hidden_size': 5, 'dropout': 0.4120593200368886, 'hidden_continuous_size': 5, 'attention_head_size': 1, 'learning_rate': 0.004355404930041743}. Best is trial 0 with value: 170.1652069091797.
[I 2023-12-27 10:56:12,386] Trial 20 finished with value: 852.5278930664062 and parameters: {'gradient_clip_val': 0.9607454917346843, 'hidden_size': 7, 'dropout': 0.3434824238419942, 'hidden_continuous_size': 5, 'attention_head_size': 2, 'learning_rate': 0.022723272644280725}. Best is trial 0 with value: 170.1652069091797.
[I 2023-12-27 10:56:12,788] Trial 21 finished with value: 720.5608520507812 and parameters: {'gradient_clip_val': 0.45531924902536963, 'hidden_size': 9, 'dropout': 0.24401923029855627, 'hidden_continuous_size': 6, 'attention_head_size': 3, 'learning_rate': 0.000579535601941855}. Best is trial 0 with value: 170.1652069091797.
[I 2023-12-27 10:56:13,134] Trial 22 finished with value: 687.7938842773438 and parameters: {'gradient_clip_val': 0.28880302332414315, 'hidden_size': 5, 'dropout': 0.39133919436139086, 'hidden_continuous_size': 5, 'attention_head_size': 4, 'learning_rate': 0.0011073707134120056}. Best is trial 0 with value: 170.1652069091797.
[I 2023-12-27 10:56:13,516] Trial 23 finished with value: 734.5337524414062 and parameters: {'gradient_clip_val': 0.25032201853779756, 'hidden_size': 9, 'dropout': 0.3238648468909954, 'hidden_continuous_size': 7, 'attention_head_size': 3, 'learning_rate': 0.0006179841322648077}. Best is trial 0 with value: 170.1652069091797.
[I 2023-12-27 10:56:13,893] Trial 24 finished with value: 699.4839477539062 and parameters: {'gradient_clip_val': 0.5885703169446654, 'hidden_size': 6, 'dropout': 0.2512228322383292, 'hidden_continuous_size': 5, 'attention_head_size': 2, 'learning_rate': 0.0008223751053695521}. Best is trial 0 with value: 170.1652069091797.
[I 2023-12-27 10:56:14,288] Trial 25 finished with value: 601.966796875 and parameters: {'gradient_clip_val': 0.42815666848480183, 'hidden_size': 10, 'dropout': 0.19848282913029844, 'hidden_continuous_size': 6, 'attention_head_size': 3, 'learning_rate': 0.000777238912624404}. Best is trial 0 with value: 170.1652069091797.
[I 2023-12-27 10:56:14,660] Trial 26 finished with value: 623.0188598632812 and parameters: {'gradient_clip_val': 0.7475053392112919, 'hidden_size': 7, 'dropout': 0.2944050797538338, 'hidden_continuous_size': 5, 'attention_head_size': 2, 'learning_rate': 0.0019097069125716135}. Best is trial 0 with value: 170.1652069091797.
[I 2023-12-27 10:56:15,039] Trial 27 finished with value: 695.0285034179688 and parameters: {'gradient_clip_val': 0.5245488364139311, 'hidden_size': 16, 'dropout': 0.35875320293118496, 'hidden_continuous_size': 8, 'attention_head_size': 3, 'learning_rate': 0.0009160193595418836}. Best is trial 0 with value: 170.1652069091797.
[I 2023-12-27 10:56:15,408] Trial 28 finished with value: 634.41943359375 and parameters: {'gradient_clip_val': 0.38972719107400355, 'hidden_size': 6, 'dropout': 0.4180718740383718, 'hidden_continuous_size': 5, 'attention_head_size': 4, 'learning_rate': 0.002529908888282595}. Best is trial 0 with value: 170.1652069091797.
[I 2023-12-27 10:56:15,837] Trial 29 finished with value: 804.260986328125 and parameters: {'gradient_clip_val': 0.3621789836844127, 'hidden_size': 34, 'dropout': 0.16425595430652085, 'hidden_continuous_size': 11, 'attention_head_size': 4, 'learning_rate': 0.0005662040426305423}. Best is trial 0 with value: 170.1652069091797.
[I 2023-12-27 10:56:16,469] Trial 30 finished with value: 542.502197265625 and parameters: {'gradient_clip_val': 0.43711432759090724, 'hidden_size': 10, 'dropout': 0.26994650496815165, 'hidden_continuous_size': 7, 'attention_head_size': 2, 'learning_rate': 0.0014750371248805991}. Best is trial 0 with value: 170.1652069091797.
[I 2023-12-27 10:56:16,814] Trial 31 finished with value: 848.4523315429688 and parameters: {'gradient_clip_val': 0.6192337575028575, 'hidden_size': 5, 'dropout': 0.35828327643481794, 'hidden_continuous_size': 5, 'attention_head_size': 2, 'learning_rate': 0.002227056426173846}. Best is trial 0 with value: 170.1652069091797.
[I 2023-12-27 10:56:17,184] Trial 32 finished with value: 542.401123046875 and parameters: {'gradient_clip_val': 0.6938565569631908, 'hidden_size': 6, 'dropout': 0.3943874193745475, 'hidden_continuous_size': 5, 'attention_head_size': 2, 'learning_rate': 0.0013444443786106138}. Best is trial 0 with value: 170.1652069091797.
[I 2023-12-27 10:56:17,573] Trial 33 finished with value: 686.8916015625 and parameters: {'gradient_clip_val': 0.8023089358644677, 'hidden_size': 7, 'dropout': 0.38098882035565423, 'hidden_continuous_size': 5, 'attention_head_size': 1, 'learning_rate': 0.0007140481528770762}. Best is trial 0 with value: 170.1652069091797.
[I 2023-12-27 10:56:17,940] Trial 34 finished with value: 704.7382202148438 and parameters: {'gradient_clip_val': 0.6708038894512379, 'hidden_size': 5, 'dropout': 0.30269457749769796, 'hidden_continuous_size': 5, 'attention_head_size': 3, 'learning_rate': 0.0010140303365634297}. Best is trial 0 with value: 170.1652069091797.
[I 2023-12-27 10:56:18,320] Trial 35 finished with value: 448.7188415527344 and parameters: {'gradient_clip_val': 0.8385951138311124, 'hidden_size': 6, 'dropout': 0.4349840174620247, 'hidden_continuous_size': 5, 'attention_head_size': 2, 'learning_rate': 0.0017577009809989896}. Best is trial 0 with value: 170.1652069091797.
[I 2023-12-27 10:56:18,689] Trial 36 finished with value: 789.6320190429688 and parameters: {'gradient_clip_val': 0.8393412194373913, 'hidden_size': 6, 'dropout': 0.4524346607135869, 'hidden_continuous_size': 5, 'attention_head_size': 3, 'learning_rate': 0.0007575126284860493}. Best is trial 0 with value: 170.1652069091797.
[I 2023-12-27 10:56:19,084] Trial 37 finished with value: 606.3233642578125 and parameters: {'gradient_clip_val': 0.8601749168506175, 'hidden_size': 7, 'dropout': 0.4326129534552615, 'hidden_continuous_size': 6, 'attention_head_size': 3, 'learning_rate': 0.0005125925382577705}. Best is trial 0 with value: 170.1652069091797.
[I 2023-12-27 10:56:19,484] Trial 38 finished with value: 627.1974487304688 and parameters: {'gradient_clip_val': 0.983507666656104, 'hidden_size': 10, 'dropout': 0.46784601790554936, 'hidden_continuous_size': 6, 'attention_head_size': 2, 'learning_rate': 0.0016908592946284252}. Best is trial 0 with value: 170.1652069091797.
[I 2023-12-27 10:56:19,867] Trial 39 finished with value: 689.97412109375 and parameters: {'gradient_clip_val': 0.9998956522128194, 'hidden_size': 13, 'dropout': 0.47169452756729746, 'hidden_continuous_size': 9, 'attention_head_size': 1, 'learning_rate': 0.0011488393170285926}. Best is trial 0 with value: 170.1652069091797.
[I 2023-12-27 10:56:20,231] Trial 40 finished with value: 546.1651000976562 and parameters: {'gradient_clip_val': 0.8353261619383141, 'hidden_size': 8, 'dropout': 0.4446518142547332, 'hidden_continuous_size': 7, 'attention_head_size': 3, 'learning_rate': 0.0008289008778483384}. Best is trial 0 with value: 170.1652069091797.
[I 2023-12-27 10:56:20,615] Trial 41 finished with value: 593.7863159179688 and parameters: {'gradient_clip_val': 0.7420703182041201, 'hidden_size': 6, 'dropout': 0.4042144816466714, 'hidden_continuous_size': 5, 'attention_head_size': 2, 'learning_rate': 0.0026574195273162803}. Best is trial 0 with value: 170.1652069091797.
[I 2023-12-27 10:56:20,948] Trial 42 finished with value: 604.4578247070312 and parameters: {'gradient_clip_val': 0.5717455509936228, 'hidden_size': 5, 'dropout': 0.37919854182405777, 'hidden_continuous_size': 5, 'attention_head_size': 2, 'learning_rate': 0.0018265490110872928}. Best is trial 0 with value: 170.1652069091797.
[I 2023-12-27 10:56:21,310] Trial 43 finished with value: 669.6228637695312 and parameters: {'gradient_clip_val': 0.5104996121169173, 'hidden_size': 6, 'dropout': 0.4225133425670028, 'hidden_continuous_size': 5, 'attention_head_size': 2, 'learning_rate': 0.003442905509365527}. Best is trial 0 with value: 170.1652069091797.
