[I 2023-12-27 11:11:47,503] Trial 39 finished with value: 6.311759948730469 and parameters: {'gradient_clip_val': 0.8651594998641424, 'hidden_size': 15, 'dropout': 0.10772090782318286, 'hidden_continuous_size': 11, 'attention_head_size': 2, 'learning_rate': 0.027038744189236543}. Best is trial 1 with value: 0.2404983788728714.
[I 2023-12-27 11:11:47,925] Trial 40 finished with value: 4.999845504760742 and parameters: {'gradient_clip_val': 0.49455460137054624, 'hidden_size': 10, 'dropout': 0.3026326210638809, 'hidden_continuous_size': 8, 'attention_head_size': 4, 'learning_rate': 0.007593438386953849}. Best is trial 1 with value: 0.2404983788728714.
[I 2023-12-27 11:11:48,331] Trial 41 finished with value: 6.11912202835083 and parameters: {'gradient_clip_val': 0.7472526795737887, 'hidden_size': 20, 'dropout': 0.16757436955387178, 'hidden_continuous_size': 10, 'attention_head_size': 2, 'learning_rate': 0.0007761870699654057}. Best is trial 1 with value: 0.2404983788728714.
[I 2023-12-27 11:11:48,736] Trial 42 finished with value: 4.76985502243042 and parameters: {'gradient_clip_val': 0.18686524683148256, 'hidden_size': 10, 'dropout': 0.1389827060442256, 'hidden_continuous_size': 8, 'attention_head_size': 2, 'learning_rate': 0.001272487606591073}. Best is trial 1 with value: 0.2404983788728714.
[I 2023-12-27 11:11:49,160] Trial 43 finished with value: 5.095757961273193 and parameters: {'gradient_clip_val': 0.8954466395583365, 'hidden_size': 25, 'dropout': 0.12885665161002785, 'hidden_continuous_size': 12, 'attention_head_size': 3, 'learning_rate': 0.0006699052763042404}. Best is trial 1 with value: 0.2404983788728714.
[I 2023-12-27 11:11:49,567] Trial 44 finished with value: 6.69353723526001 and parameters: {'gradient_clip_val': 0.5394678279009139, 'hidden_size': 17, 'dropout': 0.14046853037853585, 'hidden_continuous_size': 10, 'attention_head_size': 3, 'learning_rate': 0.0011733781531568532}. Best is trial 1 with value: 0.2404983788728714.
[I 2023-12-27 11:11:49,992] Trial 45 finished with value: 3.9576656818389893 and parameters: {'gradient_clip_val': 0.6486779981183328, 'hidden_size': 31, 'dropout': 0.19045191769227907, 'hidden_continuous_size': 14, 'attention_head_size': 1, 'learning_rate': 0.0016429611066554365}. Best is trial 1 with value: 0.2404983788728714.
[I 2023-12-27 11:11:50,813] Trial 46 finished with value: 4.734619140625 and parameters: {'gradient_clip_val': 0.754568250782202, 'hidden_size': 113, 'dropout': 0.23494932635283372, 'hidden_continuous_size': 5, 'attention_head_size': 2, 'learning_rate': 0.0006797459923974776}. Best is trial 1 with value: 0.2404983788728714.
[I 2023-12-27 11:11:51,263] Trial 47 finished with value: 6.060133457183838 and parameters: {'gradient_clip_val': 0.43114199659068586, 'hidden_size': 43, 'dropout': 0.11722356746383433, 'hidden_continuous_size': 15, 'attention_head_size': 3, 'learning_rate': 0.0019486966602443496}. Best is trial 1 with value: 0.2404983788728714.
[I 2023-12-27 11:11:51,725] Trial 48 finished with value: 6.236757278442383 and parameters: {'gradient_clip_val': 0.9138082291812777, 'hidden_size': 55, 'dropout': 0.3583849655725598, 'hidden_continuous_size': 19, 'attention_head_size': 2, 'learning_rate': 0.0025740615965561086}. Best is trial 1 with value: 0.2404983788728714.
[I 2023-12-27 11:11:52,252] Trial 49 finished with value: 4.866208553314209 and parameters: {'gradient_clip_val': 0.6999433884710485, 'hidden_size': 98, 'dropout': 0.1572754980351174, 'hidden_continuous_size': 22, 'attention_head_size': 1, 'learning_rate': 0.0018700337670597969}. Best is trial 1 with value: 0.2404983788728714.
[I 2023-12-27 11:11:52,366] A new study created in memory with name: no-name-2da675f4-f48d-41d8-93dd-6a8b4b2209c3
/home/le004/conda/anaconda3/envs/tsff_env/lib/python3.9/site-packages/lightning/fabric/plugins/environments/slurm.py:191: The `srun` command is available on your system but is not used. HINT: If your intention is to run Lightning on SLURM, prepend your python command with `srun` like so: srun python /home/le004/master_thesis/git/TSFusionForecast/code/ ...
[I 2023-12-27 11:12:21,202] Trial 0 finished with value: 0.0954488143324852 and parameters: {'gradient_clip_val': 0.8601399002991065, 'hidden_size': 8, 'dropout': 0.26567699138015355, 'hidden_continuous_size': 8, 'attention_head_size': 1, 'learning_rate': 0.06788027395294699}. Best is trial 0 with value: 0.0954488143324852.
[I 2023-12-27 11:12:25,435] Trial 1 finished with value: 4.506882190704346 and parameters: {'gradient_clip_val': 0.2680820163847673, 'hidden_size': 17, 'dropout': 0.18231909432581028, 'hidden_continuous_size': 6, 'attention_head_size': 4, 'learning_rate': 0.0005520648940154222}. Best is trial 0 with value: 0.0954488143324852.
[I 2023-12-27 11:12:25,813] Trial 2 finished with value: 2.4648807048797607 and parameters: {'gradient_clip_val': 0.2795238680757351, 'hidden_size': 35, 'dropout': 0.3427130711277611, 'hidden_continuous_size': 8, 'attention_head_size': 2, 'learning_rate': 0.01423875493670451}. Best is trial 0 with value: 0.0954488143324852.
[I 2023-12-27 11:12:26,213] Trial 3 finished with value: 3.3056650161743164 and parameters: {'gradient_clip_val': 0.18012826310625682, 'hidden_size': 57, 'dropout': 0.32657947988214653, 'hidden_continuous_size': 17, 'attention_head_size': 1, 'learning_rate': 0.003511712560997096}. Best is trial 0 with value: 0.0954488143324852.
[I 2023-12-27 11:12:26,635] Trial 4 finished with value: 2.6185524463653564 and parameters: {'gradient_clip_val': 0.3930543103998807, 'hidden_size': 61, 'dropout': 0.37465042787037606, 'hidden_continuous_size': 31, 'attention_head_size': 1, 'learning_rate': 0.0008022018972211274}. Best is trial 0 with value: 0.0954488143324852.
[I 2023-12-27 11:12:27,088] Trial 5 finished with value: 3.317423105239868 and parameters: {'gradient_clip_val': 0.2894587684348698, 'hidden_size': 83, 'dropout': 0.3656549763680803, 'hidden_continuous_size': 42, 'attention_head_size': 1, 'learning_rate': 0.07302451422607907}. Best is trial 0 with value: 0.0954488143324852.
[I 2023-12-27 11:12:27,470] Trial 6 finished with value: 3.5435562133789062 and parameters: {'gradient_clip_val': 0.2370854637068237, 'hidden_size': 31, 'dropout': 0.3399738953915981, 'hidden_continuous_size': 13, 'attention_head_size': 3, 'learning_rate': 0.0011981904132540946}. Best is trial 0 with value: 0.0954488143324852.
[I 2023-12-27 11:12:28,159] Trial 7 finished with value: 4.404468536376953 and parameters: {'gradient_clip_val': 0.28649357575545625, 'hidden_size': 80, 'dropout': 0.2072336730061855, 'hidden_continuous_size': 7, 'attention_head_size': 2, 'learning_rate': 0.0017779124716972305}. Best is trial 0 with value: 0.0954488143324852.
[I 2023-12-27 11:12:28,531] Trial 8 finished with value: 3.0401904582977295 and parameters: {'gradient_clip_val': 0.3294591733936954, 'hidden_size': 26, 'dropout': 0.181956876469837, 'hidden_continuous_size': 8, 'attention_head_size': 4, 'learning_rate': 0.011839066440907757}. Best is trial 0 with value: 0.0954488143324852.
[I 2023-12-27 11:12:28,884] Trial 9 finished with value: 3.974180221557617 and parameters: {'gradient_clip_val': 0.9760903139731215, 'hidden_size': 22, 'dropout': 0.28277970626802007, 'hidden_continuous_size': 6, 'attention_head_size': 1, 'learning_rate': 0.029390797928809016}. Best is trial 0 with value: 0.0954488143324852.
[I 2023-12-27 11:12:29,255] Trial 10 finished with value: 4.416204929351807 and parameters: {'gradient_clip_val': 0.9936383512150971, 'hidden_size': 6, 'dropout': 0.480781147977303, 'hidden_continuous_size': 5, 'attention_head_size': 3, 'learning_rate': 0.09286246057783289}. Best is trial 0 with value: 0.0954488143324852.
[I 2023-12-27 11:12:29,628] Trial 11 finished with value: 4.027393817901611 and parameters: {'gradient_clip_val': 0.10838017914265868, 'hidden_size': 8, 'dropout': 0.2488658523127898, 'hidden_continuous_size': 5, 'attention_head_size': 2, 'learning_rate': 0.014131309585950439}. Best is trial 0 with value: 0.0954488143324852.
[I 2023-12-27 11:12:30,011] Trial 12 finished with value: 2.8904781341552734 and parameters: {'gradient_clip_val': 0.5671202415951521, 'hidden_size': 10, 'dropout': 0.11292601463049856, 'hidden_continuous_size': 8, 'attention_head_size': 2, 'learning_rate': 0.03065491742722815}. Best is trial 0 with value: 0.0954488143324852.
[I 2023-12-27 11:12:30,344] Trial 13 finished with value: 3.0257070064544678 and parameters: {'gradient_clip_val': 0.5428060725428894, 'hidden_size': 5, 'dropout': 0.2805905746932782, 'hidden_continuous_size': 5, 'attention_head_size': 2, 'learning_rate': 0.0059816682951363345}. Best is trial 0 with value: 0.0954488143324852.
[I 2023-12-27 11:12:30,733] Trial 14 finished with value: 2.875532388687134 and parameters: {'gradient_clip_val': 0.6048028179037623, 'hidden_size': 12, 'dropout': 0.4160059126436311, 'hidden_continuous_size': 7, 'attention_head_size': 3, 'learning_rate': 0.04306189695751028}. Best is trial 0 with value: 0.0954488143324852.
[I 2023-12-27 11:12:31,357] Trial 15 finished with value: 3.9767353534698486 and parameters: {'gradient_clip_val': 0.44017445796736937, 'hidden_size': 132, 'dropout': 0.30371268527919404, 'hidden_continuous_size': 111, 'attention_head_size': 1, 'learning_rate': 0.013072389749904113}. Best is trial 0 with value: 0.0954488143324852.
[I 2023-12-27 11:12:31,742] Trial 16 finished with value: 3.096496343612671 and parameters: {'gradient_clip_val': 0.7671563363688773, 'hidden_size': 13, 'dropout': 0.40438538686710723, 'hidden_continuous_size': 7, 'attention_head_size': 2, 'learning_rate': 0.04769509020981426}. Best is trial 0 with value: 0.0954488143324852.
[I 2023-12-27 11:12:32,138] Trial 17 finished with value: 3.812628746032715 and parameters: {'gradient_clip_val': 0.4280443580068741, 'hidden_size': 38, 'dropout': 0.24542536991113695, 'hidden_continuous_size': 10, 'attention_head_size': 1, 'learning_rate': 0.02135065070028133}. Best is trial 0 with value: 0.0954488143324852.
[I 2023-12-27 11:12:32,504] Trial 18 finished with value: 3.238550901412964 and parameters: {'gradient_clip_val': 0.7026470366560229, 'hidden_size': 18, 'dropout': 0.3184770890829569, 'hidden_continuous_size': 6, 'attention_head_size': 2, 'learning_rate': 0.09776084128966497}. Best is trial 0 with value: 0.0954488143324852.
[I 2023-12-27 11:12:32,870] Trial 19 finished with value: 3.496847152709961 and parameters: {'gradient_clip_val': 0.18213632635533655, 'hidden_size': 9, 'dropout': 0.49145782064106686, 'hidden_continuous_size': 5, 'attention_head_size': 3, 'learning_rate': 0.006457730188151154}. Best is trial 0 with value: 0.0954488143324852.
[I 2023-12-27 11:12:33,501] Trial 20 finished with value: 2.5315442085266113 and parameters: {'gradient_clip_val': 0.4931695591525079, 'hidden_size': 37, 'dropout': 0.2583954733462299, 'hidden_continuous_size': 10, 'attention_head_size': 1, 'learning_rate': 0.05679135430395963}. Best is trial 0 with value: 0.0954488143324852.
[I 2023-12-27 11:12:33,898] Trial 21 finished with value: 3.925654411315918 and parameters: {'gradient_clip_val': 0.777724344410435, 'hidden_size': 39, 'dropout': 0.2632055177242666, 'hidden_continuous_size': 10, 'attention_head_size': 1, 'learning_rate': 0.05633421263278079}. Best is trial 0 with value: 0.0954488143324852.
[I 2023-12-27 11:12:34,290] Trial 22 finished with value: 3.932846784591675 and parameters: {'gradient_clip_val': 0.4802797593838562, 'hidden_size': 31, 'dropout': 0.2966176040908006, 'hidden_continuous_size': 9, 'attention_head_size': 1, 'learning_rate': 0.05131395092478945}. Best is trial 0 with value: 0.0954488143324852.
[I 2023-12-27 11:12:34,689] Trial 23 finished with value: 3.2169597148895264 and parameters: {'gradient_clip_val': 0.3629281982055286, 'hidden_size': 19, 'dropout': 0.250425199901407, 'hidden_continuous_size': 9, 'attention_head_size': 2, 'learning_rate': 0.025265790379079583}. Best is trial 0 with value: 0.0954488143324852.
[I 2023-12-27 11:12:35,068] Trial 24 finished with value: 3.56402850151062 and parameters: {'gradient_clip_val': 0.47435783458446573, 'hidden_size': 14, 'dropout': 0.342470663950695, 'hidden_continuous_size': 8, 'attention_head_size': 1, 'learning_rate': 0.06331573472789245}. Best is trial 0 with value: 0.0954488143324852.
[I 2023-12-27 11:12:35,457] Trial 25 finished with value: 2.8768444061279297 and parameters: {'gradient_clip_val': 0.6747345696779378, 'hidden_size': 23, 'dropout': 0.21895066175543054, 'hidden_continuous_size': 9, 'attention_head_size': 2, 'learning_rate': 0.042293763464910754}. Best is trial 0 with value: 0.0954488143324852.
[I 2023-12-27 11:12:35,815] Trial 26 finished with value: 4.154360294342041 and parameters: {'gradient_clip_val': 0.5444079764234294, 'hidden_size': 7, 'dropout': 0.3027668449429083, 'hidden_continuous_size': 5, 'attention_head_size': 1, 'learning_rate': 0.019157449062026346}. Best is trial 0 with value: 0.0954488143324852.
[I 2023-12-27 11:12:36,145] Trial 27 finished with value: 4.005927562713623 and parameters: {'gradient_clip_val': 0.3860633855313966, 'hidden_size': 5, 'dropout': 0.273222527035403, 'hidden_continuous_size': 5, 'attention_head_size': 1, 'learning_rate': 0.03303886033992404}. Best is trial 0 with value: 0.0954488143324852.
[I 2023-12-27 11:12:36,513] Trial 28 finished with value: 4.633206844329834 and parameters: {'gradient_clip_val': 0.34108166562768033, 'hidden_size': 11, 'dropout': 0.23263228054636412, 'hidden_continuous_size': 7, 'attention_head_size': 2, 'learning_rate': 0.07380814127933606}. Best is trial 0 with value: 0.0954488143324852.
[I 2023-12-27 11:12:36,884] Trial 29 finished with value: 3.792597532272339 and parameters: {'gradient_clip_val': 0.77707056825624, 'hidden_size': 16, 'dropout': 0.18012837564062517, 'hidden_continuous_size': 6, 'attention_head_size': 4, 'learning_rate': 0.03957581948383167}. Best is trial 0 with value: 0.0954488143324852.
[I 2023-12-27 11:12:37,260] Trial 30 finished with value: 2.780240058898926 and parameters: {'gradient_clip_val': 0.8969980366454969, 'hidden_size': 16, 'dropout': 0.2042157554768796, 'hidden_continuous_size': 8, 'attention_head_size': 3, 'learning_rate': 0.00969706032374494}. Best is trial 0 with value: 0.0954488143324852.
[I 2023-12-27 11:12:37,680] Trial 31 finished with value: 3.2913970947265625 and parameters: {'gradient_clip_val': 0.393196944431876, 'hidden_size': 47, 'dropout': 0.3634093416295617, 'hidden_continuous_size': 12, 'attention_head_size': 1, 'learning_rate': 0.0005053944968862646}. Best is trial 0 with value: 0.0954488143324852.
[I 2023-12-27 11:12:38,080] Trial 32 finished with value: 3.482213258743286 and parameters: {'gradient_clip_val': 0.49259324376508135, 'hidden_size': 49, 'dropout': 0.3193513539609605, 'hidden_continuous_size': 16, 'attention_head_size': 1, 'learning_rate': 0.018403093546622618}. Best is trial 0 with value: 0.0954488143324852.
[I 2023-12-27 11:12:38,739] Trial 33 finished with value: 3.6804115772247314 and parameters: {'gradient_clip_val': 0.627854644119629, 'hidden_size': 58, 'dropout': 0.37553976802205596, 'hidden_continuous_size': 12, 'attention_head_size': 1, 'learning_rate': 0.0044679784096777865}. Best is trial 0 with value: 0.0954488143324852.
[I 2023-12-27 11:12:39,143] Trial 34 finished with value: 4.00736665725708 and parameters: {'gradient_clip_val': 0.24913298470593348, 'hidden_size': 30, 'dropout': 0.3483971829095734, 'hidden_continuous_size': 11, 'attention_head_size': 1, 'learning_rate': 0.0007244996655056486}. Best is trial 0 with value: 0.0954488143324852.
[I 2023-12-27 11:12:39,594] Trial 35 finished with value: 3.2201030254364014 and parameters: {'gradient_clip_val': 0.3054826520664874, 'hidden_size': 70, 'dropout': 0.3312732570242711, 'hidden_continuous_size': 15, 'attention_head_size': 1, 'learning_rate': 0.002367487595138768}. Best is trial 0 with value: 0.0954488143324852.
[I 2023-12-27 11:12:39,999] Trial 36 finished with value: 3.8306102752685547 and parameters: {'gradient_clip_val': 0.2774064458244848, 'hidden_size': 36, 'dropout': 0.38478288341242156, 'hidden_continuous_size': 20, 'attention_head_size': 2, 'learning_rate': 0.008553126937532955}. Best is trial 0 with value: 0.0954488143324852.
[I 2023-12-27 11:12:40,392] Trial 37 finished with value: 3.3862292766571045 and parameters: {'gradient_clip_val': 0.3303698441016963, 'hidden_size': 26, 'dropout': 0.29461177194795163, 'hidden_continuous_size': 10, 'attention_head_size': 1, 'learning_rate': 0.0024259896191586023}. Best is trial 0 with value: 0.0954488143324852.
[I 2023-12-27 11:12:40,775] Trial 38 finished with value: 4.67499303817749 and parameters: {'gradient_clip_val': 0.4210539656822444, 'hidden_size': 21, 'dropout': 0.3166352528787006, 'hidden_continuous_size': 9, 'attention_head_size': 1, 'learning_rate': 0.06887871040677304}. Best is trial 0 with value: 0.0954488143324852.
[I 2023-12-27 11:12:41,183] Trial 39 finished with value: 3.918470621109009 and parameters: {'gradient_clip_val': 0.36459134926710574, 'hidden_size': 48, 'dropout': 0.35694285131892173, 'hidden_continuous_size': 14, 'attention_head_size': 2, 'learning_rate': 0.0008419544223338842}. Best is trial 0 with value: 0.0954488143324852.
[I 2023-12-27 11:12:41,657] Trial 40 finished with value: 3.1189050674438477 and parameters: {'gradient_clip_val': 0.305250742520791, 'hidden_size': 66, 'dropout': 0.33396679914571203, 'hidden_continuous_size': 21, 'attention_head_size': 4, 'learning_rate': 0.0011572303065467769}. Best is trial 0 with value: 0.0954488143324852.
[I 2023-12-27 11:12:42,031] Trial 41 finished with value: 3.743467330932617 and parameters: {'gradient_clip_val': 0.9127999958200491, 'hidden_size': 16, 'dropout': 0.2087394261920268, 'hidden_continuous_size': 8, 'attention_head_size': 3, 'learning_rate': 0.008439047786565101}. Best is trial 0 with value: 0.0954488143324852.
[I 2023-12-27 11:12:42,409] Trial 42 finished with value: 4.131101131439209 and parameters: {'gradient_clip_val': 0.8862742482598289, 'hidden_size': 9, 'dropout': 0.2659681523591037, 'hidden_continuous_size': 7, 'attention_head_size': 3, 'learning_rate': 0.010824332266525816}. Best is trial 0 with value: 0.0954488143324852.
[I 2023-12-27 11:12:42,801] Trial 43 finished with value: 3.1994383335113525 and parameters: {'gradient_clip_val': 0.9166630901517168, 'hidden_size': 25, 'dropout': 0.18344764931352545, 'hidden_continuous_size': 8, 'attention_head_size': 3, 'learning_rate': 0.015129566342556886}. Best is trial 0 with value: 0.0954488143324852.
[I 2023-12-27 11:12:43,208] Trial 44 finished with value: 3.949204444885254 and parameters: {'gradient_clip_val': 0.5998801322954687, 'hidden_size': 29, 'dropout': 0.229428253437571, 'hidden_continuous_size': 11, 'attention_head_size': 3, 'learning_rate': 0.026489025480568387}. Best is trial 0 with value: 0.0954488143324852.
[I 2023-12-27 11:12:43,580] Trial 45 finished with value: 2.991180419921875 and parameters: {'gradient_clip_val': 0.8436832350054791, 'hidden_size': 7, 'dropout': 0.28011055982330074, 'hidden_continuous_size': 6, 'attention_head_size': 3, 'learning_rate': 0.004909179869211929}. Best is trial 0 with value: 0.0954488143324852.
[I 2023-12-27 11:12:44,195] Trial 46 finished with value: 3.6727750301361084 and parameters: {'gradient_clip_val': 0.6844169117388968, 'hidden_size': 20, 'dropout': 0.39315512574270517, 'hidden_continuous_size': 8, 'attention_head_size': 2, 'learning_rate': 0.03548944774064477}. Best is trial 0 with value: 0.0954488143324852.
[I 2023-12-27 11:12:44,588] Trial 47 finished with value: 3.969796895980835 and parameters: {'gradient_clip_val': 0.998300770342717, 'hidden_size': 11, 'dropout': 0.3687321048475063, 'hidden_continuous_size': 7, 'attention_head_size': 1, 'learning_rate': 0.00806109195594806}. Best is trial 0 with value: 0.0954488143324852.
[I 2023-12-27 11:12:45,001] Trial 48 finished with value: 3.1329262256622314 and parameters: {'gradient_clip_val': 0.8308307732560866, 'hidden_size': 14, 'dropout': 0.43929200229742615, 'hidden_continuous_size': 7, 'attention_head_size': 4, 'learning_rate': 0.01010844641832941}. Best is trial 0 with value: 0.0954488143324852.
[I 2023-12-27 11:12:45,516] Trial 49 finished with value: 4.644461154937744 and parameters: {'gradient_clip_val': 0.5196357139973451, 'hidden_size': 100, 'dropout': 0.3499551022970231, 'hidden_continuous_size': 28, 'attention_head_size': 2, 'learning_rate': 0.014933634683868146}. Best is trial 0 with value: 0.0954488143324852.
[I 2023-12-27 11:12:45,632] A new study created in memory with name: no-name-06e3f849-dcc2-4086-9ead-4160da958827
/home/le004/conda/anaconda3/envs/tsff_env/lib/python3.9/site-packages/lightning/fabric/plugins/environments/slurm.py:191: The `srun` command is available on your system but is not used. HINT: If your intention is to run Lightning on SLURM, prepend your python command with `srun` like so: srun python /home/le004/master_thesis/git/TSFusionForecast/code/ ...
[I 2023-12-27 11:13:17,612] Trial 0 finished with value: 0.6661002039909363 and parameters: {'gradient_clip_val': 0.32738405105535184, 'hidden_size': 11, 'dropout': 0.177702636351472, 'hidden_continuous_size': 9, 'attention_head_size': 3, 'learning_rate': 0.003343003136276917}. Best is trial 0 with value: 0.6661002039909363.
[I 2023-12-27 11:13:26,687] Trial 1 finished with value: 0.8007040023803711 and parameters: {'gradient_clip_val': 0.2737822880669269, 'hidden_size': 5, 'dropout': 0.1114960224935655, 'hidden_continuous_size': 5, 'attention_head_size': 2, 'learning_rate': 0.06265832667271966}. Best is trial 0 with value: 0.6661002039909363.
[I 2023-12-27 11:13:27,087] Trial 2 finished with value: 3.098834753036499 and parameters: {'gradient_clip_val': 0.11593831211884364, 'hidden_size': 50, 'dropout': 0.151323248773374, 'hidden_continuous_size': 46, 'attention_head_size': 1, 'learning_rate': 0.0005501143133598565}. Best is trial 0 with value: 0.6661002039909363.
