[I 2023-12-27 11:15:37,588] Trial 10 finished with value: 136.80075073242188 and parameters: {'gradient_clip_val': 0.9562774226998976, 'hidden_size': 18, 'dropout': 0.2083441603835608, 'hidden_continuous_size': 8, 'attention_head_size': 1, 'learning_rate': 0.0006312166747068466}. Best is trial 0 with value: 52.5574951171875.
[I 2023-12-27 11:15:38,170] Trial 11 finished with value: 140.0519256591797 and parameters: {'gradient_clip_val': 0.20860424179336823, 'hidden_size': 128, 'dropout': 0.3608631334363132, 'hidden_continuous_size': 66, 'attention_head_size': 4, 'learning_rate': 0.005366483873394426}. Best is trial 0 with value: 52.5574951171875.
[I 2023-12-27 11:15:38,547] Trial 12 finished with value: 160.82669067382812 and parameters: {'gradient_clip_val': 0.1930440474168277, 'hidden_size': 22, 'dropout': 0.4857080822156325, 'hidden_continuous_size': 6, 'attention_head_size': 4, 'learning_rate': 0.005989749995041337}. Best is trial 0 with value: 52.5574951171875.
[I 2023-12-27 11:15:38,916] Trial 13 finished with value: 152.01336669921875 and parameters: {'gradient_clip_val': 0.24830510009547618, 'hidden_size': 12, 'dropout': 0.35001631569748687, 'hidden_continuous_size': 6, 'attention_head_size': 4, 'learning_rate': 0.0005185081527473947}. Best is trial 0 with value: 52.5574951171875.
[I 2023-12-27 11:15:39,358] Trial 14 finished with value: 147.73397827148438 and parameters: {'gradient_clip_val': 0.1561394491970097, 'hidden_size': 68, 'dropout': 0.202732290251847, 'hidden_continuous_size': 9, 'attention_head_size': 3, 'learning_rate': 0.0032359151448049933}. Best is trial 0 with value: 52.5574951171875.
[I 2023-12-27 11:15:39,759] Trial 15 finished with value: 123.7713394165039 and parameters: {'gradient_clip_val': 0.2509804750489723, 'hidden_size': 29, 'dropout': 0.3121444930108449, 'hidden_continuous_size': 5, 'attention_head_size': 4, 'learning_rate': 0.0131050165822178}. Best is trial 0 with value: 52.5574951171875.
[I 2023-12-27 11:15:40,162] Trial 16 finished with value: 128.3289337158203 and parameters: {'gradient_clip_val': 0.15861614990978343, 'hidden_size': 29, 'dropout': 0.49433730225223066, 'hidden_continuous_size': 8, 'attention_head_size': 2, 'learning_rate': 0.0012365678846260417}. Best is trial 0 with value: 52.5574951171875.
[I 2023-12-27 11:15:40,607] Trial 17 finished with value: 161.77197265625 and parameters: {'gradient_clip_val': 0.10172561829565639, 'hidden_size': 66, 'dropout': 0.3907475821730505, 'hidden_continuous_size': 17, 'attention_head_size': 3, 'learning_rate': 0.004683149051255811}. Best is trial 0 with value: 52.5574951171875.
[I 2023-12-27 11:15:41,181] Trial 18 finished with value: 157.20924377441406 and parameters: {'gradient_clip_val': 0.29017804032071814, 'hidden_size': 138, 'dropout': 0.2635105724868875, 'hidden_continuous_size': 36, 'attention_head_size': 4, 'learning_rate': 0.010625485070417804}. Best is trial 0 with value: 52.5574951171875.
[I 2023-12-27 11:15:41,551] Trial 19 finished with value: 140.8242950439453 and parameters: {'gradient_clip_val': 0.16935661511686317, 'hidden_size': 19, 'dropout': 0.34347610188815236, 'hidden_continuous_size': 7, 'attention_head_size': 3, 'learning_rate': 0.02147182889490312}. Best is trial 0 with value: 52.5574951171875.
[I 2023-12-27 11:15:42,204] Trial 20 finished with value: 122.76575469970703 and parameters: {'gradient_clip_val': 0.12728565622472973, 'hidden_size': 32, 'dropout': 0.4332469907718319, 'hidden_continuous_size': 10, 'attention_head_size': 4, 'learning_rate': 0.0038087551048018482}. Best is trial 0 with value: 52.5574951171875.
[I 2023-12-27 11:15:42,618] Trial 21 finished with value: 147.6273651123047 and parameters: {'gradient_clip_val': 0.2028665694863473, 'hidden_size': 50, 'dropout': 0.2579611915853769, 'hidden_continuous_size': 13, 'attention_head_size': 2, 'learning_rate': 0.0027883811846321016}. Best is trial 0 with value: 52.5574951171875.
[I 2023-12-27 11:15:43,009] Trial 22 finished with value: 146.4526824951172 and parameters: {'gradient_clip_val': 0.17997171264660233, 'hidden_size': 40, 'dropout': 0.20848363157879787, 'hidden_continuous_size': 10, 'attention_head_size': 2, 'learning_rate': 0.006795271938480528}. Best is trial 0 with value: 52.5574951171875.
[I 2023-12-27 11:15:43,391] Trial 23 finished with value: 140.97337341308594 and parameters: {'gradient_clip_val': 0.14967918461528829, 'hidden_size': 23, 'dropout': 0.2585828199386298, 'hidden_continuous_size': 7, 'attention_head_size': 1, 'learning_rate': 0.003634345384099595}. Best is trial 0 with value: 52.5574951171875.
[I 2023-12-27 11:15:43,843] Trial 24 finished with value: 127.34513092041016 and parameters: {'gradient_clip_val': 0.18536742195450645, 'hidden_size': 67, 'dropout': 0.16569678347911365, 'hidden_continuous_size': 15, 'attention_head_size': 2, 'learning_rate': 0.0021788615889882425}. Best is trial 0 with value: 52.5574951171875.
[I 2023-12-27 11:15:44,239] Trial 25 finished with value: 149.1763153076172 and parameters: {'gradient_clip_val': 0.22973659905129065, 'hidden_size': 31, 'dropout': 0.28625135928855083, 'hidden_continuous_size': 9, 'attention_head_size': 3, 'learning_rate': 0.0015124719136661374}. Best is trial 0 with value: 52.5574951171875.
[I 2023-12-27 11:15:44,630] Trial 26 finished with value: 132.45362854003906 and parameters: {'gradient_clip_val': 0.1304409788316465, 'hidden_size': 40, 'dropout': 0.23548165636511373, 'hidden_continuous_size': 11, 'attention_head_size': 2, 'learning_rate': 0.004269536707550431}. Best is trial 0 with value: 52.5574951171875.
[I 2023-12-27 11:15:45,046] Trial 27 finished with value: 137.18946838378906 and parameters: {'gradient_clip_val': 0.16778461160162883, 'hidden_size': 55, 'dropout': 0.3179354068070051, 'hidden_continuous_size': 8, 'attention_head_size': 1, 'learning_rate': 0.0025506407251020004}. Best is trial 0 with value: 52.5574951171875.
[I 2023-12-27 11:15:45,525] Trial 28 finished with value: 128.634765625 and parameters: {'gradient_clip_val': 0.2177517249620365, 'hidden_size': 97, 'dropout': 0.16854835416991154, 'hidden_continuous_size': 14, 'attention_head_size': 3, 'learning_rate': 0.007114501275616425}. Best is trial 0 with value: 52.5574951171875.
[I 2023-12-27 11:15:45,914] Trial 29 finished with value: 182.81988525390625 and parameters: {'gradient_clip_val': 0.2914661451128722, 'hidden_size': 15, 'dropout': 0.46140468364682946, 'hidden_continuous_size': 7, 'attention_head_size': 4, 'learning_rate': 0.001759525654157818}. Best is trial 0 with value: 52.5574951171875.
[I 2023-12-27 11:15:46,300] Trial 30 finished with value: 129.97216796875 and parameters: {'gradient_clip_val': 0.2557238224137893, 'hidden_size': 25, 'dropout': 0.29185885020719615, 'hidden_continuous_size': 6, 'attention_head_size': 3, 'learning_rate': 0.0008552251211786223}. Best is trial 0 with value: 52.5574951171875.
[I 2023-12-27 11:15:46,703] Trial 31 finished with value: 116.92132568359375 and parameters: {'gradient_clip_val': 0.12376026114810824, 'hidden_size': 35, 'dropout': 0.43359723725754273, 'hidden_continuous_size': 10, 'attention_head_size': 4, 'learning_rate': 0.003686052697214619}. Best is trial 0 with value: 52.5574951171875.
[I 2023-12-27 11:15:47,109] Trial 32 finished with value: 161.9893341064453 and parameters: {'gradient_clip_val': 0.12113852664306948, 'hidden_size': 38, 'dropout': 0.41036241271270374, 'hidden_continuous_size': 9, 'attention_head_size': 4, 'learning_rate': 0.00282602175373891}. Best is trial 0 with value: 52.5574951171875.
[I 2023-12-27 11:15:47,502] Trial 33 finished with value: 157.21144104003906 and parameters: {'gradient_clip_val': 0.14252882521061164, 'hidden_size': 34, 'dropout': 0.43176743526643513, 'hidden_continuous_size': 5, 'attention_head_size': 4, 'learning_rate': 0.0019428331519744135}. Best is trial 0 with value: 52.5574951171875.
[I 2023-12-27 11:15:48,194] Trial 34 finished with value: 125.43975067138672 and parameters: {'gradient_clip_val': 0.1369330003364557, 'hidden_size': 48, 'dropout': 0.3887638191145835, 'hidden_continuous_size': 12, 'attention_head_size': 4, 'learning_rate': 0.004010921417069682}. Best is trial 0 with value: 52.5574951171875.
[I 2023-12-27 11:15:48,584] Trial 35 finished with value: 155.83404541015625 and parameters: {'gradient_clip_val': 0.17944181421772606, 'hidden_size': 25, 'dropout': 0.45643904992340933, 'hidden_continuous_size': 10, 'attention_head_size': 3, 'learning_rate': 0.005031636477059522}. Best is trial 0 with value: 52.5574951171875.
[I 2023-12-27 11:15:48,997] Trial 36 finished with value: 128.3435516357422 and parameters: {'gradient_clip_val': 0.12442679034324837, 'hidden_size': 44, 'dropout': 0.42236279623604134, 'hidden_continuous_size': 6, 'attention_head_size': 3, 'learning_rate': 0.008925209672361793}. Best is trial 0 with value: 52.5574951171875.
[I 2023-12-27 11:15:49,371] Trial 37 finished with value: 143.54454040527344 and parameters: {'gradient_clip_val': 0.14876841505580155, 'hidden_size': 11, 'dropout': 0.37434588756716325, 'hidden_continuous_size': 6, 'attention_head_size': 4, 'learning_rate': 0.001524867132955779}. Best is trial 0 with value: 52.5574951171875.
[I 2023-12-27 11:15:49,772] Trial 38 finished with value: 121.62552642822266 and parameters: {'gradient_clip_val': 0.10137061410689151, 'hidden_size': 33, 'dropout': 0.43809842364224116, 'hidden_continuous_size': 11, 'attention_head_size': 2, 'learning_rate': 0.0031567904475737598}. Best is trial 0 with value: 52.5574951171875.
[I 2023-12-27 11:15:50,192] Trial 39 finished with value: 166.936279296875 and parameters: {'gradient_clip_val': 0.1170983002405365, 'hidden_size': 56, 'dropout': 0.4129374827072096, 'hidden_continuous_size': 16, 'attention_head_size': 4, 'learning_rate': 0.002065967620235527}. Best is trial 0 with value: 52.5574951171875.
[I 2023-12-27 11:15:50,564] Trial 40 finished with value: 154.61029052734375 and parameters: {'gradient_clip_val': 0.20304348414165985, 'hidden_size': 20, 'dropout': 0.4693746042729102, 'hidden_continuous_size': 8, 'attention_head_size': 2, 'learning_rate': 0.005802061661637641}. Best is trial 0 with value: 52.5574951171875.
[I 2023-12-27 11:15:50,971] Trial 41 finished with value: 141.04649353027344 and parameters: {'gradient_clip_val': 0.13497685550999464, 'hidden_size': 36, 'dropout': 0.44510183210628007, 'hidden_continuous_size': 12, 'attention_head_size': 2, 'learning_rate': 0.003137191864093886}. Best is trial 0 with value: 52.5574951171875.
[I 2023-12-27 11:15:51,369] Trial 42 finished with value: 146.43772888183594 and parameters: {'gradient_clip_val': 0.1096553836873259, 'hidden_size': 27, 'dropout': 0.4445080387442338, 'hidden_continuous_size': 11, 'attention_head_size': 2, 'learning_rate': 0.0025226083983644126}. Best is trial 0 with value: 52.5574951171875.
[I 2023-12-27 11:15:51,765] Trial 43 finished with value: 139.1352081298828 and parameters: {'gradient_clip_val': 0.10372350369320008, 'hidden_size': 42, 'dropout': 0.4799544236778099, 'hidden_continuous_size': 13, 'attention_head_size': 1, 'learning_rate': 0.0035789532717486515}. Best is trial 0 with value: 52.5574951171875.
[I 2023-12-27 11:15:52,154] Trial 44 finished with value: 150.47235107421875 and parameters: {'gradient_clip_val': 0.11533850975725916, 'hidden_size': 33, 'dropout': 0.40269159796388665, 'hidden_continuous_size': 7, 'attention_head_size': 2, 'learning_rate': 0.005020628668952725}. Best is trial 0 with value: 52.5574951171875.
[I 2023-12-27 11:15:52,517] Trial 45 finished with value: 115.75374603271484 and parameters: {'gradient_clip_val': 0.10006340576197871, 'hidden_size': 16, 'dropout': 0.4788415625082094, 'hidden_continuous_size': 5, 'attention_head_size': 4, 'learning_rate': 0.003202074237840573}. Best is trial 0 with value: 52.5574951171875.
[I 2023-12-27 11:15:52,891] Trial 46 finished with value: 131.9575653076172 and parameters: {'gradient_clip_val': 0.16022904561492576, 'hidden_size': 17, 'dropout': 0.49251964356136835, 'hidden_continuous_size': 5, 'attention_head_size': 4, 'learning_rate': 0.002361673824056565}. Best is trial 0 with value: 52.5574951171875.
[I 2023-12-27 11:15:53,557] Trial 47 finished with value: 142.83995056152344 and parameters: {'gradient_clip_val': 0.11674480430056207, 'hidden_size': 14, 'dropout': 0.47483504068971216, 'hidden_continuous_size': 5, 'attention_head_size': 4, 'learning_rate': 0.006207190044348573}. Best is trial 0 with value: 52.5574951171875.
[I 2023-12-27 11:15:53,942] Trial 48 finished with value: 141.28228759765625 and parameters: {'gradient_clip_val': 0.14400690666929988, 'hidden_size': 10, 'dropout': 0.46114594622751065, 'hidden_continuous_size': 5, 'attention_head_size': 4, 'learning_rate': 0.004312207268506355}. Best is trial 0 with value: 52.5574951171875.
[I 2023-12-27 11:15:54,348] Trial 49 finished with value: 121.26102447509766 and parameters: {'gradient_clip_val': 0.16391675119437915, 'hidden_size': 22, 'dropout': 0.4879442238225781, 'hidden_continuous_size': 6, 'attention_head_size': 4, 'learning_rate': 0.001745697794939087}. Best is trial 0 with value: 52.5574951171875.
[I 2023-12-27 11:15:54,464] A new study created in memory with name: no-name-87362b82-011e-456b-8969-6414d11d701b
/home/le004/conda/anaconda3/envs/tsff_env/lib/python3.9/site-packages/lightning/fabric/plugins/environments/slurm.py:191: The `srun` command is available on your system but is not used. HINT: If your intention is to run Lightning on SLURM, prepend your python command with `srun` like so: srun python /home/le004/master_thesis/git/TSFusionForecast/code/ ...
[I 2023-12-27 11:16:49,210] Trial 0 finished with value: 13.418334007263184 and parameters: {'gradient_clip_val': 0.5600153135059245, 'hidden_size': 144, 'dropout': 0.11374258724130946, 'hidden_continuous_size': 7, 'attention_head_size': 3, 'learning_rate': 0.0024243157259638197}. Best is trial 0 with value: 13.418334007263184.
[I 2023-12-27 11:16:49,517] Trial 1 finished with value: 46.568511962890625 and parameters: {'gradient_clip_val': 0.1885927253591696, 'hidden_size': 6, 'dropout': 0.2575743142766602, 'hidden_continuous_size': 6, 'attention_head_size': 3, 'learning_rate': 0.031976832608190696}. Best is trial 0 with value: 13.418334007263184.
[I 2023-12-27 11:16:49,860] Trial 2 finished with value: 64.01102447509766 and parameters: {'gradient_clip_val': 0.14637864538440723, 'hidden_size': 26, 'dropout': 0.1118008445423143, 'hidden_continuous_size': 5, 'attention_head_size': 2, 'learning_rate': 0.025806235583266186}. Best is trial 0 with value: 13.418334007263184.
[I 2023-12-27 11:16:50,241] Trial 3 finished with value: 49.9915885925293 and parameters: {'gradient_clip_val': 0.5029931876656366, 'hidden_size': 48, 'dropout': 0.22764539410592818, 'hidden_continuous_size': 17, 'attention_head_size': 4, 'learning_rate': 0.0030946410032231977}. Best is trial 0 with value: 13.418334007263184.
[I 2023-12-27 11:16:50,568] Trial 4 finished with value: 52.03425216674805 and parameters: {'gradient_clip_val': 0.5937706544087413, 'hidden_size': 8, 'dropout': 0.17172592754520954, 'hidden_continuous_size': 7, 'attention_head_size': 1, 'learning_rate': 0.0123736880061163}. Best is trial 0 with value: 13.418334007263184.
[I 2023-12-27 11:16:50,982] Trial 5 finished with value: 37.50988006591797 and parameters: {'gradient_clip_val': 0.16518619255325315, 'hidden_size': 67, 'dropout': 0.17772155632918538, 'hidden_continuous_size': 23, 'attention_head_size': 2, 'learning_rate': 0.0038919549985782466}. Best is trial 0 with value: 13.418334007263184.
[I 2023-12-27 11:16:51,367] Trial 6 finished with value: 57.755828857421875 and parameters: {'gradient_clip_val': 0.6251289699714516, 'hidden_size': 47, 'dropout': 0.1352934973356753, 'hidden_continuous_size': 8, 'attention_head_size': 2, 'learning_rate': 0.00668829098539721}. Best is trial 0 with value: 13.418334007263184.
[I 2023-12-27 11:16:51,686] Trial 7 finished with value: 66.20279693603516 and parameters: {'gradient_clip_val': 0.9222850064346563, 'hidden_size': 6, 'dropout': 0.2360500075965328, 'hidden_continuous_size': 6, 'attention_head_size': 2, 'learning_rate': 0.005581173830378058}. Best is trial 0 with value: 13.418334007263184.
[I 2023-12-27 11:16:52,223] Trial 8 finished with value: 61.26814651489258 and parameters: {'gradient_clip_val': 0.19553398355688328, 'hidden_size': 11, 'dropout': 0.11760436812916808, 'hidden_continuous_size': 5, 'attention_head_size': 1, 'learning_rate': 0.0008900152423173779}. Best is trial 0 with value: 13.418334007263184.
[I 2023-12-27 11:16:52,565] Trial 9 finished with value: 63.39499282836914 and parameters: {'gradient_clip_val': 0.2116575244941376, 'hidden_size': 9, 'dropout': 0.17289798911298018, 'hidden_continuous_size': 5, 'attention_head_size': 1, 'learning_rate': 0.010119152981691656}. Best is trial 0 with value: 13.418334007263184.
[I 2023-12-27 11:16:53,200] Trial 10 finished with value: 61.97694778442383 and parameters: {'gradient_clip_val': 0.34174034153355376, 'hidden_size': 132, 'dropout': 0.3678581025348473, 'hidden_continuous_size': 119, 'attention_head_size': 4, 'learning_rate': 0.09641002179557533}. Best is trial 0 with value: 13.418334007263184.
[I 2023-12-27 11:16:53,774] Trial 11 finished with value: 73.19218444824219 and parameters: {'gradient_clip_val': 0.11944884081781396, 'hidden_size': 148, 'dropout': 0.46036157968191493, 'hidden_continuous_size': 19, 'attention_head_size': 3, 'learning_rate': 0.0016922251282651542}. Best is trial 0 with value: 13.418334007263184.
[I 2023-12-27 11:16:54,246] Trial 12 finished with value: 55.96488571166992 and parameters: {'gradient_clip_val': 0.3141540102968017, 'hidden_size': 89, 'dropout': 0.18666043247546935, 'hidden_continuous_size': 12, 'attention_head_size': 3, 'learning_rate': 0.0005174437494822345}. Best is trial 0 with value: 13.418334007263184.
[I 2023-12-27 11:16:54,737] Trial 13 finished with value: 40.94346237182617 and parameters: {'gradient_clip_val': 0.12069020727551356, 'hidden_size': 83, 'dropout': 0.10543904846006408, 'hidden_continuous_size': 34, 'attention_head_size': 3, 'learning_rate': 0.002265469898347405}. Best is trial 0 with value: 13.418334007263184.
[I 2023-12-27 11:16:55,236] Trial 14 finished with value: 52.7147102355957 and parameters: {'gradient_clip_val': 0.3036327523936296, 'hidden_size': 88, 'dropout': 0.3108406480535528, 'hidden_continuous_size': 29, 'attention_head_size': 2, 'learning_rate': 0.003531812809106553}. Best is trial 0 with value: 13.418334007263184.
[I 2023-12-27 11:16:55,682] Trial 15 finished with value: 34.4024543762207 and parameters: {'gradient_clip_val': 0.10251885455211655, 'hidden_size': 53, 'dropout': 0.17182554209248424, 'hidden_continuous_size': 9, 'attention_head_size': 4, 'learning_rate': 0.0014256957948140274}. Best is trial 0 with value: 13.418334007263184.
[I 2023-12-27 11:16:56,095] Trial 16 finished with value: 37.15703201293945 and parameters: {'gradient_clip_val': 0.10556958869047878, 'hidden_size': 29, 'dropout': 0.15893058159058118, 'hidden_continuous_size': 9, 'attention_head_size': 4, 'learning_rate': 0.0012875560458061686}. Best is trial 0 with value: 13.418334007263184.
[I 2023-12-27 11:16:56,714] Trial 17 finished with value: 53.767333984375 and parameters: {'gradient_clip_val': 0.10011719054011818, 'hidden_size': 150, 'dropout': 0.207393605012669, 'hidden_continuous_size': 10, 'attention_head_size': 4, 'learning_rate': 0.000990753332772856}. Best is trial 0 with value: 13.418334007263184.
[I 2023-12-27 11:16:57,243] Trial 18 finished with value: 54.37006759643555 and parameters: {'gradient_clip_val': 0.23157691704377023, 'hidden_size': 107, 'dropout': 0.1416860033591676, 'hidden_continuous_size': 11, 'attention_head_size': 4, 'learning_rate': 0.0017541260994602076}. Best is trial 0 with value: 13.418334007263184.
[I 2023-12-27 11:16:57,686] Trial 19 finished with value: 63.381229400634766 and parameters: {'gradient_clip_val': 0.1440897582876827, 'hidden_size': 60, 'dropout': 0.2724960762696676, 'hidden_continuous_size': 13, 'attention_head_size': 3, 'learning_rate': 0.0005497288948169466}. Best is trial 0 with value: 13.418334007263184.
[I 2023-12-27 11:16:58,207] Trial 20 finished with value: 57.92449951171875 and parameters: {'gradient_clip_val': 0.4275427649272486, 'hidden_size': 116, 'dropout': 0.10336087900599927, 'hidden_continuous_size': 9, 'attention_head_size': 4, 'learning_rate': 0.0019977627269241994}. Best is trial 0 with value: 13.418334007263184.
[I 2023-12-27 11:16:58,858] Trial 21 finished with value: 52.375545501708984 and parameters: {'gradient_clip_val': 0.10010983940573602, 'hidden_size': 32, 'dropout': 0.1490461982243941, 'hidden_continuous_size': 8, 'attention_head_size': 4, 'learning_rate': 0.0013143991820953893}. Best is trial 0 with value: 13.418334007263184.
[I 2023-12-27 11:16:59,263] Trial 22 finished with value: 57.86155319213867 and parameters: {'gradient_clip_val': 0.24735709295888625, 'hidden_size': 23, 'dropout': 0.15728196022050758, 'hidden_continuous_size': 7, 'attention_head_size': 4, 'learning_rate': 0.001013911984386502}. Best is trial 0 with value: 13.418334007263184.
[I 2023-12-27 11:16:59,684] Trial 23 finished with value: 82.48826599121094 and parameters: {'gradient_clip_val': 0.1343314617046396, 'hidden_size': 37, 'dropout': 0.20439048235915375, 'hidden_continuous_size': 9, 'attention_head_size': 3, 'learning_rate': 0.0024560043386189895}. Best is trial 0 with value: 13.418334007263184.
[I 2023-12-27 11:17:00,110] Trial 24 finished with value: 56.82448959350586 and parameters: {'gradient_clip_val': 0.17307061186424086, 'hidden_size': 21, 'dropout': 0.1462943317398834, 'hidden_continuous_size': 8, 'attention_head_size': 4, 'learning_rate': 0.0013413983607355056}. Best is trial 0 with value: 13.418334007263184.
