[I 2023-12-27 11:23:58,725] Trial 37 finished with value: 824.0292358398438 and parameters: {'gradient_clip_val': 0.4005565142725391, 'hidden_size': 128, 'dropout': 0.26520332106234334, 'hidden_continuous_size': 25, 'attention_head_size': 1, 'learning_rate': 0.0017955256157247087}. Best is trial 0 with value: 432.2003479003906.
[I 2023-12-27 11:23:59,116] Trial 38 finished with value: 593.6614379882812 and parameters: {'gradient_clip_val': 0.6062329015513144, 'hidden_size': 11, 'dropout': 0.19879588455379607, 'hidden_continuous_size': 7, 'attention_head_size': 4, 'learning_rate': 0.0043120552809503}. Best is trial 0 with value: 432.2003479003906.
[I 2023-12-27 11:23:59,729] Trial 39 finished with value: 695.10498046875 and parameters: {'gradient_clip_val': 0.22358793613193284, 'hidden_size': 15, 'dropout': 0.23965852794864567, 'hidden_continuous_size': 8, 'attention_head_size': 4, 'learning_rate': 0.04583857939662039}. Best is trial 0 with value: 432.2003479003906.
[I 2023-12-27 11:24:00,122] Trial 40 finished with value: 558.2908935546875 and parameters: {'gradient_clip_val': 0.5186592165826828, 'hidden_size': 19, 'dropout': 0.43822590607093354, 'hidden_continuous_size': 8, 'attention_head_size': 3, 'learning_rate': 0.01510017171505341}. Best is trial 0 with value: 432.2003479003906.
[I 2023-12-27 11:24:00,502] Trial 41 finished with value: 802.8142700195312 and parameters: {'gradient_clip_val': 0.5251488849300379, 'hidden_size': 20, 'dropout': 0.445231488579876, 'hidden_continuous_size': 8, 'attention_head_size': 3, 'learning_rate': 0.01514733283243555}. Best is trial 0 with value: 432.2003479003906.
[I 2023-12-27 11:24:00,899] Trial 42 finished with value: 803.29541015625 and parameters: {'gradient_clip_val': 0.9181968548180227, 'hidden_size': 28, 'dropout': 0.45960166880822906, 'hidden_continuous_size': 10, 'attention_head_size': 4, 'learning_rate': 0.02093863251212796}. Best is trial 0 with value: 432.2003479003906.
[I 2023-12-27 11:24:01,286] Trial 43 finished with value: 765.5845336914062 and parameters: {'gradient_clip_val': 0.7397277857550253, 'hidden_size': 23, 'dropout': 0.41602684173579046, 'hidden_continuous_size': 9, 'attention_head_size': 3, 'learning_rate': 0.013681960824018716}. Best is trial 0 with value: 432.2003479003906.
[I 2023-12-27 11:24:01,663] Trial 44 finished with value: 652.7640991210938 and parameters: {'gradient_clip_val': 0.8829696528132465, 'hidden_size': 14, 'dropout': 0.3797900376710145, 'hidden_continuous_size': 7, 'attention_head_size': 2, 'learning_rate': 0.00818582800072149}. Best is trial 0 with value: 432.2003479003906.
[I 2023-12-27 11:24:02,034] Trial 45 finished with value: 645.5729370117188 and parameters: {'gradient_clip_val': 0.5122046211187988, 'hidden_size': 18, 'dropout': 0.4780608813949877, 'hidden_continuous_size': 8, 'attention_head_size': 4, 'learning_rate': 0.006674159499241057}. Best is trial 0 with value: 432.2003479003906.
[I 2023-12-27 11:24:02,414] Trial 46 finished with value: 759.2140502929688 and parameters: {'gradient_clip_val': 0.6288867109064457, 'hidden_size': 12, 'dropout': 0.42162246762483585, 'hidden_continuous_size': 7, 'attention_head_size': 4, 'learning_rate': 0.010494650983987273}. Best is trial 0 with value: 432.2003479003906.
[I 2023-12-27 11:24:02,809] Trial 47 finished with value: 636.6925659179688 and parameters: {'gradient_clip_val': 0.5810050610344836, 'hidden_size': 17, 'dropout': 0.3914711036114168, 'hidden_continuous_size': 10, 'attention_head_size': 4, 'learning_rate': 0.0007596572697072894}. Best is trial 0 with value: 432.2003479003906.
[I 2023-12-27 11:24:03,197] Trial 48 finished with value: 987.0966796875 and parameters: {'gradient_clip_val': 0.7148788017343198, 'hidden_size': 15, 'dropout': 0.35251994593623015, 'hidden_continuous_size': 7, 'attention_head_size': 3, 'learning_rate': 0.022976493017733343}. Best is trial 0 with value: 432.2003479003906.
[I 2023-12-27 11:24:03,572] Trial 49 finished with value: 894.05078125 and parameters: {'gradient_clip_val': 0.7987675416329687, 'hidden_size': 9, 'dropout': 0.29993273320873226, 'hidden_continuous_size': 6, 'attention_head_size': 3, 'learning_rate': 0.015627507522040923}. Best is trial 0 with value: 432.2003479003906.
[I 2023-12-27 11:24:03,679] A new study created in memory with name: no-name-10f54cbf-8836-49a2-828a-e404472623f7
/home/le004/conda/anaconda3/envs/tsff_env/lib/python3.9/site-packages/lightning/fabric/plugins/environments/slurm.py:191: The `srun` command is available on your system but is not used. HINT: If your intention is to run Lightning on SLURM, prepend your python command with `srun` like so: srun python /home/le004/master_thesis/git/TSFusionForecast/code/ ...
[I 2023-12-27 11:24:18,630] Trial 0 finished with value: 76.32939147949219 and parameters: {'gradient_clip_val': 0.7529326875755681, 'hidden_size': 33, 'dropout': 0.4899419645960007, 'hidden_continuous_size': 6, 'attention_head_size': 4, 'learning_rate': 0.04783649299549055}. Best is trial 0 with value: 76.32939147949219.
[I 2023-12-27 11:24:19,000] Trial 1 finished with value: 136.3338165283203 and parameters: {'gradient_clip_val': 0.1279905588088969, 'hidden_size': 38, 'dropout': 0.3359709818981884, 'hidden_continuous_size': 21, 'attention_head_size': 4, 'learning_rate': 0.000928726568946247}. Best is trial 0 with value: 76.32939147949219.
[I 2023-12-27 11:24:19,488] Trial 2 finished with value: 137.0926055908203 and parameters: {'gradient_clip_val': 0.37233837260890523, 'hidden_size': 109, 'dropout': 0.21498496441115897, 'hidden_continuous_size': 44, 'attention_head_size': 2, 'learning_rate': 0.000597486187778226}. Best is trial 0 with value: 76.32939147949219.
[I 2023-12-27 11:24:19,861] Trial 3 finished with value: 127.77075958251953 and parameters: {'gradient_clip_val': 0.5151463609954327, 'hidden_size': 43, 'dropout': 0.47647259142578335, 'hidden_continuous_size': 5, 'attention_head_size': 4, 'learning_rate': 0.003145911519186485}. Best is trial 0 with value: 76.32939147949219.
[I 2023-12-27 11:24:20,194] Trial 4 finished with value: 124.02957916259766 and parameters: {'gradient_clip_val': 0.11613080364661804, 'hidden_size': 19, 'dropout': 0.48192418849977714, 'hidden_continuous_size': 6, 'attention_head_size': 2, 'learning_rate': 0.004259485619755592}. Best is trial 0 with value: 76.32939147949219.
[I 2023-12-27 11:24:20,592] Trial 5 finished with value: 109.87749481201172 and parameters: {'gradient_clip_val': 0.7554527077421149, 'hidden_size': 63, 'dropout': 0.30270579820727495, 'hidden_continuous_size': 6, 'attention_head_size': 2, 'learning_rate': 0.007299173110056181}. Best is trial 0 with value: 76.32939147949219.
[I 2023-12-27 11:24:21,110] Trial 6 finished with value: 125.84468841552734 and parameters: {'gradient_clip_val': 0.3313615077477096, 'hidden_size': 142, 'dropout': 0.1742655883540461, 'hidden_continuous_size': 9, 'attention_head_size': 3, 'learning_rate': 0.0046600407253975275}. Best is trial 0 with value: 76.32939147949219.
[I 2023-12-27 11:24:21,464] Trial 7 finished with value: 145.8900604248047 and parameters: {'gradient_clip_val': 0.7133214589246416, 'hidden_size': 39, 'dropout': 0.4669166215209324, 'hidden_continuous_size': 12, 'attention_head_size': 1, 'learning_rate': 0.029623169398850693}. Best is trial 0 with value: 76.32939147949219.
[I 2023-12-27 11:24:21,798] Trial 8 finished with value: 133.45692443847656 and parameters: {'gradient_clip_val': 0.24966554618857567, 'hidden_size': 14, 'dropout': 0.15776249910940354, 'hidden_continuous_size': 6, 'attention_head_size': 1, 'learning_rate': 0.02106920064479928}. Best is trial 0 with value: 76.32939147949219.
[I 2023-12-27 11:24:22,110] Trial 9 finished with value: 149.9250030517578 and parameters: {'gradient_clip_val': 0.18713094492659443, 'hidden_size': 5, 'dropout': 0.45574413334667463, 'hidden_continuous_size': 5, 'attention_head_size': 1, 'learning_rate': 0.0007156380349042543}. Best is trial 0 with value: 76.32939147949219.
[I 2023-12-27 11:24:22,464] Trial 10 finished with value: 132.49610900878906 and parameters: {'gradient_clip_val': 0.8649592471011344, 'hidden_size': 11, 'dropout': 0.3797363395210231, 'hidden_continuous_size': 7, 'attention_head_size': 3, 'learning_rate': 0.07846041992024347}. Best is trial 0 with value: 76.32939147949219.
[I 2023-12-27 11:24:22,883] Trial 11 finished with value: 140.1478729248047 and parameters: {'gradient_clip_val': 0.997547286848232, 'hidden_size': 72, 'dropout': 0.24769157926548402, 'hidden_continuous_size': 13, 'attention_head_size': 3, 'learning_rate': 0.013878899460946484}. Best is trial 0 with value: 76.32939147949219.
[I 2023-12-27 11:24:23,319] Trial 12 finished with value: 157.70130920410156 and parameters: {'gradient_clip_val': 0.615725484764131, 'hidden_size': 69, 'dropout': 0.10483186715592402, 'hidden_continuous_size': 9, 'attention_head_size': 2, 'learning_rate': 0.08301258792469678}. Best is trial 0 with value: 76.32939147949219.
[I 2023-12-27 11:24:23,904] Trial 13 finished with value: 127.29093170166016 and parameters: {'gradient_clip_val': 0.5087714296413484, 'hidden_size': 27, 'dropout': 0.3911811946905926, 'hidden_continuous_size': 5, 'attention_head_size': 4, 'learning_rate': 0.01130691986401858}. Best is trial 0 with value: 76.32939147949219.
[I 2023-12-27 11:24:24,312] Trial 14 finished with value: 135.9858856201172 and parameters: {'gradient_clip_val': 0.7407843477788828, 'hidden_size': 64, 'dropout': 0.29850381912676727, 'hidden_continuous_size': 8, 'attention_head_size': 3, 'learning_rate': 0.033255486795723516}. Best is trial 0 with value: 76.32939147949219.
[I 2023-12-27 11:24:24,685] Trial 15 finished with value: 169.35829162597656 and parameters: {'gradient_clip_val': 0.47599819765503343, 'hidden_size': 26, 'dropout': 0.30056608339836216, 'hidden_continuous_size': 7, 'attention_head_size': 2, 'learning_rate': 0.0074012035917949874}. Best is trial 0 with value: 76.32939147949219.
[I 2023-12-27 11:24:25,175] Trial 16 finished with value: 153.04249572753906 and parameters: {'gradient_clip_val': 0.9387697208657567, 'hidden_size': 103, 'dropout': 0.4223177626366225, 'hidden_continuous_size': 17, 'attention_head_size': 4, 'learning_rate': 0.041190929788908655}. Best is trial 0 with value: 76.32939147949219.
[I 2023-12-27 11:24:25,592] Trial 17 finished with value: 156.63436889648438 and parameters: {'gradient_clip_val': 0.6434658438669656, 'hidden_size': 52, 'dropout': 0.41044871800450966, 'hidden_continuous_size': 10, 'attention_head_size': 3, 'learning_rate': 0.0022471775061222027}. Best is trial 0 with value: 76.32939147949219.
[I 2023-12-27 11:24:25,971] Trial 18 finished with value: 117.6148910522461 and parameters: {'gradient_clip_val': 0.4155930919591665, 'hidden_size': 32, 'dropout': 0.3549897180791998, 'hidden_continuous_size': 6, 'attention_head_size': 2, 'learning_rate': 0.01004269496998935}. Best is trial 0 with value: 76.32939147949219.
[I 2023-12-27 11:24:26,376] Trial 19 finished with value: 153.3339385986328 and parameters: {'gradient_clip_val': 0.7604336389530043, 'hidden_size': 52, 'dropout': 0.4979269445124665, 'hidden_continuous_size': 11, 'attention_head_size': 1, 'learning_rate': 0.02149827147734026}. Best is trial 0 with value: 76.32939147949219.
[I 2023-12-27 11:24:26,814] Trial 20 finished with value: 151.5535430908203 and parameters: {'gradient_clip_val': 0.5751537106068705, 'hidden_size': 77, 'dropout': 0.43050506594930005, 'hidden_continuous_size': 16, 'attention_head_size': 4, 'learning_rate': 0.09870067343989332}. Best is trial 0 with value: 76.32939147949219.
[I 2023-12-27 11:24:27,200] Trial 21 finished with value: 138.78318786621094 and parameters: {'gradient_clip_val': 0.4059761453402107, 'hidden_size': 30, 'dropout': 0.3654228905259885, 'hidden_continuous_size': 6, 'attention_head_size': 2, 'learning_rate': 0.011314062826502724}. Best is trial 0 with value: 76.32939147949219.
[I 2023-12-27 11:24:27,584] Trial 22 finished with value: 141.91078186035156 and parameters: {'gradient_clip_val': 0.4350515204177708, 'hidden_size': 33, 'dropout': 0.3377466885613025, 'hidden_continuous_size': 7, 'attention_head_size': 2, 'learning_rate': 0.006797021551794631}. Best is trial 0 with value: 76.32939147949219.
[I 2023-12-27 11:24:27,972] Trial 23 finished with value: 143.051513671875 and parameters: {'gradient_clip_val': 0.5872529545128026, 'hidden_size': 49, 'dropout': 0.4380909167751493, 'hidden_continuous_size': 5, 'attention_head_size': 2, 'learning_rate': 0.05213225737054286}. Best is trial 0 with value: 76.32939147949219.
[I 2023-12-27 11:24:28,329] Trial 24 finished with value: 112.24144744873047 and parameters: {'gradient_clip_val': 0.8432138203958682, 'hidden_size': 22, 'dropout': 0.3994132005765405, 'hidden_continuous_size': 6, 'attention_head_size': 3, 'learning_rate': 0.016823842037237136}. Best is trial 0 with value: 76.32939147949219.
[I 2023-12-27 11:24:28,722] Trial 25 finished with value: 156.71533203125 and parameters: {'gradient_clip_val': 0.8165571399773345, 'hidden_size': 54, 'dropout': 0.4054467399262667, 'hidden_continuous_size': 8, 'attention_head_size': 3, 'learning_rate': 0.02140672854092509}. Best is trial 0 with value: 76.32939147949219.
[I 2023-12-27 11:24:29,301] Trial 26 finished with value: 135.85240173339844 and parameters: {'gradient_clip_val': 0.884243008080381, 'hidden_size': 22, 'dropout': 0.43343489228018817, 'hidden_continuous_size': 6, 'attention_head_size': 4, 'learning_rate': 0.049414486198183505}. Best is trial 0 with value: 76.32939147949219.
[I 2023-12-27 11:24:29,661] Trial 27 finished with value: 129.47698974609375 and parameters: {'gradient_clip_val': 0.6966993878691462, 'hidden_size': 19, 'dropout': 0.49407797866421393, 'hidden_continuous_size': 5, 'attention_head_size': 3, 'learning_rate': 0.018015984108200316}. Best is trial 0 with value: 76.32939147949219.
[I 2023-12-27 11:24:30,053] Trial 28 finished with value: 158.7006072998047 and parameters: {'gradient_clip_val': 0.9819587123318425, 'hidden_size': 39, 'dropout': 0.454963210525581, 'hidden_continuous_size': 10, 'attention_head_size': 3, 'learning_rate': 0.034683842721524354}. Best is trial 0 with value: 76.32939147949219.
[I 2023-12-27 11:24:30,431] Trial 29 finished with value: 143.6184539794922 and parameters: {'gradient_clip_val': 0.8270075458875079, 'hidden_size': 34, 'dropout': 0.4024863785357715, 'hidden_continuous_size': 8, 'attention_head_size': 4, 'learning_rate': 0.0016840477720469979}. Best is trial 0 with value: 76.32939147949219.
[I 2023-12-27 11:24:30,837] Trial 30 finished with value: 132.07749938964844 and parameters: {'gradient_clip_val': 0.6387273890294279, 'hidden_size': 44, 'dropout': 0.31815265618531186, 'hidden_continuous_size': 13, 'attention_head_size': 4, 'learning_rate': 0.015273331323957317}. Best is trial 0 with value: 76.32939147949219.
[I 2023-12-27 11:24:31,204] Trial 31 finished with value: 122.24148559570312 and parameters: {'gradient_clip_val': 0.5556099679844172, 'hidden_size': 26, 'dropout': 0.3642071850813867, 'hidden_continuous_size': 6, 'attention_head_size': 2, 'learning_rate': 0.009331042305039564}. Best is trial 0 with value: 76.32939147949219.
[I 2023-12-27 11:24:31,580] Trial 32 finished with value: 117.43759155273438 and parameters: {'gradient_clip_val': 0.4667879628996535, 'hidden_size': 36, 'dropout': 0.3509222791228713, 'hidden_continuous_size': 7, 'attention_head_size': 2, 'learning_rate': 0.008569305634356176}. Best is trial 0 with value: 76.32939147949219.
[I 2023-12-27 11:24:31,968] Trial 33 finished with value: 148.8992156982422 and parameters: {'gradient_clip_val': 0.6943345363196065, 'hidden_size': 39, 'dropout': 0.33849744738909143, 'hidden_continuous_size': 7, 'attention_head_size': 2, 'learning_rate': 0.006690545960456607}. Best is trial 0 with value: 76.32939147949219.
[I 2023-12-27 11:24:32,421] Trial 34 finished with value: 115.84346771240234 and parameters: {'gradient_clip_val': 0.5166258356178275, 'hidden_size': 87, 'dropout': 0.3903551006885966, 'hidden_continuous_size': 43, 'attention_head_size': 1, 'learning_rate': 0.014261962865158594}. Best is trial 0 with value: 76.32939147949219.
[I 2023-12-27 11:24:32,888] Trial 35 finished with value: 149.58274841308594 and parameters: {'gradient_clip_val': 0.7974159298186768, 'hidden_size': 94, 'dropout': 0.38862869992391896, 'hidden_continuous_size': 31, 'attention_head_size': 1, 'learning_rate': 0.01458073663210621}. Best is trial 0 with value: 76.32939147949219.
[I 2023-12-27 11:24:33,416] Trial 36 finished with value: 128.9058380126953 and parameters: {'gradient_clip_val': 0.5491344972352112, 'hidden_size': 116, 'dropout': 0.46339058669387145, 'hidden_continuous_size': 63, 'attention_head_size': 1, 'learning_rate': 0.026786245436387746}. Best is trial 0 with value: 76.32939147949219.
[I 2023-12-27 11:24:33,857] Trial 37 finished with value: 149.38983154296875 and parameters: {'gradient_clip_val': 0.7260929731885843, 'hidden_size': 82, 'dropout': 0.47712550461802383, 'hidden_continuous_size': 25, 'attention_head_size': 1, 'learning_rate': 0.0055875948754225465}. Best is trial 0 with value: 76.32939147949219.
[I 2023-12-27 11:24:34,283] Trial 38 finished with value: 121.3927230834961 and parameters: {'gradient_clip_val': 0.872798341558487, 'hidden_size': 57, 'dropout': 0.4551031557106466, 'hidden_continuous_size': 33, 'attention_head_size': 1, 'learning_rate': 0.0040796152066448705}. Best is trial 0 with value: 76.32939147949219.
[I 2023-12-27 11:24:34,877] Trial 39 finished with value: 135.8713836669922 and parameters: {'gradient_clip_val': 0.36117792806354215, 'hidden_size': 136, 'dropout': 0.3761476346399411, 'hidden_continuous_size': 107, 'attention_head_size': 4, 'learning_rate': 0.028449241494100056}. Best is trial 0 with value: 76.32939147949219.
[I 2023-12-27 11:24:35,577] Trial 40 finished with value: 106.49755859375 and parameters: {'gradient_clip_val': 0.5113339896981661, 'hidden_size': 90, 'dropout': 0.4176702909263086, 'hidden_continuous_size': 14, 'attention_head_size': 3, 'learning_rate': 0.019904356456935834}. Best is trial 0 with value: 76.32939147949219.
[I 2023-12-27 11:24:36,033] Trial 41 finished with value: 140.3050079345703 and parameters: {'gradient_clip_val': 0.5116471592787835, 'hidden_size': 90, 'dropout': 0.41465788877672133, 'hidden_continuous_size': 20, 'attention_head_size': 3, 'learning_rate': 0.012760595419781293}. Best is trial 0 with value: 76.32939147949219.
[I 2023-12-27 11:24:36,447] Trial 42 finished with value: 142.89793395996094 and parameters: {'gradient_clip_val': 0.6526752051859847, 'hidden_size': 62, 'dropout': 0.4800229210628021, 'hidden_continuous_size': 12, 'attention_head_size': 3, 'learning_rate': 0.017288692184177168}. Best is trial 0 with value: 76.32939147949219.
[I 2023-12-27 11:24:36,940] Trial 43 finished with value: 152.4556427001953 and parameters: {'gradient_clip_val': 0.7727052985659312, 'hidden_size': 82, 'dropout': 0.44490384139448674, 'hidden_continuous_size': 14, 'attention_head_size': 3, 'learning_rate': 0.022509680506909224}. Best is trial 0 with value: 76.32939147949219.
[I 2023-12-27 11:24:37,361] Trial 44 finished with value: 149.58445739746094 and parameters: {'gradient_clip_val': 0.6209315153792816, 'hidden_size': 68, 'dropout': 0.3928505988415127, 'hidden_continuous_size': 16, 'attention_head_size': 3, 'learning_rate': 0.012136607857567948}. Best is trial 0 with value: 76.32939147949219.
[I 2023-12-27 11:24:37,874] Trial 45 finished with value: 120.5091552734375 and parameters: {'gradient_clip_val': 0.5352641644184664, 'hidden_size': 114, 'dropout': 0.41928284487007145, 'hidden_continuous_size': 9, 'attention_head_size': 4, 'learning_rate': 0.016908226881626204}. Best is trial 0 with value: 76.32939147949219.
[I 2023-12-27 11:24:38,417] Trial 46 finished with value: 166.77244567871094 and parameters: {'gradient_clip_val': 0.303846760202585, 'hidden_size': 147, 'dropout': 0.37827999135644585, 'hidden_continuous_size': 10, 'attention_head_size': 3, 'learning_rate': 0.00866406877008558}. Best is trial 0 with value: 76.32939147949219.
[I 2023-12-27 11:24:38,863] Trial 47 finished with value: 135.39129638671875 and parameters: {'gradient_clip_val': 0.9028894308549058, 'hidden_size': 73, 'dropout': 0.44030199759845157, 'hidden_continuous_size': 19, 'attention_head_size': 3, 'learning_rate': 0.026468640779733165}. Best is trial 0 with value: 76.32939147949219.
[I 2023-12-27 11:24:39,284] Trial 48 finished with value: 130.4535675048828 and parameters: {'gradient_clip_val': 0.9916149431995802, 'hidden_size': 62, 'dropout': 0.46770648855562913, 'hidden_continuous_size': 5, 'attention_head_size': 1, 'learning_rate': 0.06290380569542378}. Best is trial 0 with value: 76.32939147949219.
[I 2023-12-27 11:24:39,684] Trial 49 finished with value: 159.01480102539062 and parameters: {'gradient_clip_val': 0.6847335419824063, 'hidden_size': 45, 'dropout': 0.2556962370998523, 'hidden_continuous_size': 15, 'attention_head_size': 2, 'learning_rate': 0.037500682298423745}. Best is trial 0 with value: 76.32939147949219.
[I 2023-12-27 11:24:39,793] A new study created in memory with name: no-name-2a842a86-d7ac-4e98-829d-799dc8b31091
/home/le004/conda/anaconda3/envs/tsff_env/lib/python3.9/site-packages/lightning/fabric/plugins/environments/slurm.py:191: The `srun` command is available on your system but is not used. HINT: If your intention is to run Lightning on SLURM, prepend your python command with `srun` like so: srun python /home/le004/master_thesis/git/TSFusionForecast/code/ ...
[I 2023-12-27 11:25:16,453] Trial 0 finished with value: 75.93833923339844 and parameters: {'gradient_clip_val': 0.873427509695734, 'hidden_size': 137, 'dropout': 0.1479260252609124, 'hidden_continuous_size': 38, 'attention_head_size': 1, 'learning_rate': 0.05279725477543194}. Best is trial 0 with value: 75.93833923339844.
