[I 2023-12-27 11:09:32,340] Trial 7 finished with value: 84.8369369506836 and parameters: {'gradient_clip_val': 0.8213585391854683, 'hidden_size': 8, 'dropout': 0.4660681762140406, 'hidden_continuous_size': 5, 'attention_head_size': 4, 'learning_rate': 0.002472921574236585}. Best is trial 0 with value: 21.430665969848633.
[I 2023-12-27 11:09:32,757] Trial 8 finished with value: 70.53746795654297 and parameters: {'gradient_clip_val': 0.1603585217638333, 'hidden_size': 79, 'dropout': 0.17400863232070565, 'hidden_continuous_size': 5, 'attention_head_size': 1, 'learning_rate': 0.0006440062644258315}. Best is trial 0 with value: 21.430665969848633.
[I 2023-12-27 11:09:33,073] Trial 9 finished with value: 70.39435577392578 and parameters: {'gradient_clip_val': 0.5647349290351309, 'hidden_size': 6, 'dropout': 0.18754444233353743, 'hidden_continuous_size': 5, 'attention_head_size': 2, 'learning_rate': 0.0714672637088149}. Best is trial 0 with value: 21.430665969848633.
[I 2023-12-27 11:09:33,419] Trial 10 finished with value: 72.04644012451172 and parameters: {'gradient_clip_val': 0.6516582859089631, 'hidden_size': 17, 'dropout': 0.2901938729192435, 'hidden_continuous_size': 8, 'attention_head_size': 3, 'learning_rate': 0.0213929819322334}. Best is trial 0 with value: 21.430665969848633.
[I 2023-12-27 11:09:33,883] Trial 11 finished with value: 54.442264556884766 and parameters: {'gradient_clip_val': 0.23027499163188817, 'hidden_size': 79, 'dropout': 0.262544082671234, 'hidden_continuous_size': 53, 'attention_head_size': 2, 'learning_rate': 0.002722233780980925}. Best is trial 0 with value: 21.430665969848633.
[I 2023-12-27 11:09:34,402] Trial 12 finished with value: 59.49696731567383 and parameters: {'gradient_clip_val': 0.22332892989157094, 'hidden_size': 124, 'dropout': 0.1146375790336241, 'hidden_continuous_size': 22, 'attention_head_size': 3, 'learning_rate': 0.0005002126824259532}. Best is trial 0 with value: 21.430665969848633.
[I 2023-12-27 11:09:34,784] Trial 13 finished with value: 83.85704040527344 and parameters: {'gradient_clip_val': 0.5091464865415801, 'hidden_size': 43, 'dropout': 0.33066494052325857, 'hidden_continuous_size': 17, 'attention_head_size': 1, 'learning_rate': 0.0011252536113939722}. Best is trial 0 with value: 21.430665969848633.
[I 2023-12-27 11:09:35,132] Trial 14 finished with value: 50.24357223510742 and parameters: {'gradient_clip_val': 0.2791717025560063, 'hidden_size': 17, 'dropout': 0.23138686416979748, 'hidden_continuous_size': 8, 'attention_head_size': 2, 'learning_rate': 0.0037807056806964945}. Best is trial 0 with value: 21.430665969848633.
[I 2023-12-27 11:09:35,491] Trial 15 finished with value: 58.660404205322266 and parameters: {'gradient_clip_val': 0.28329714998165134, 'hidden_size': 14, 'dropout': 0.2563293390259058, 'hidden_continuous_size': 7, 'attention_head_size': 3, 'learning_rate': 0.003987593884634189}. Best is trial 0 with value: 21.430665969848633.
[I 2023-12-27 11:09:35,842] Trial 16 finished with value: 47.21282958984375 and parameters: {'gradient_clip_val': 0.43052416105986324, 'hidden_size': 14, 'dropout': 0.33162570023743665, 'hidden_continuous_size': 7, 'attention_head_size': 2, 'learning_rate': 0.004585638328763502}. Best is trial 0 with value: 21.430665969848633.
[I 2023-12-27 11:09:36,196] Trial 17 finished with value: 64.14415740966797 and parameters: {'gradient_clip_val': 0.4692460425410634, 'hidden_size': 12, 'dropout': 0.3249432750629223, 'hidden_continuous_size': 6, 'attention_head_size': 3, 'learning_rate': 0.01193399285928739}. Best is trial 0 with value: 21.430665969848633.
[I 2023-12-27 11:09:36,576] Trial 18 finished with value: 66.38957977294922 and parameters: {'gradient_clip_val': 0.6823384841869498, 'hidden_size': 27, 'dropout': 0.36081079615544764, 'hidden_continuous_size': 10, 'attention_head_size': 2, 'learning_rate': 0.004676084255137172}. Best is trial 0 with value: 21.430665969848633.
[I 2023-12-27 11:09:36,936] Trial 19 finished with value: 54.81935501098633 and parameters: {'gradient_clip_val': 0.41579939816235406, 'hidden_size': 10, 'dropout': 0.3827625966354961, 'hidden_continuous_size': 6, 'attention_head_size': 3, 'learning_rate': 0.01620333524544209}. Best is trial 0 with value: 21.430665969848633.
[I 2023-12-27 11:09:37,529] Trial 20 finished with value: 52.9632568359375 and parameters: {'gradient_clip_val': 0.6081350232309333, 'hidden_size': 21, 'dropout': 0.30006574998494506, 'hidden_continuous_size': 7, 'attention_head_size': 2, 'learning_rate': 0.006291114017938312}. Best is trial 0 with value: 21.430665969848633.
[I 2023-12-27 11:09:37,885] Trial 21 finished with value: 50.610660552978516 and parameters: {'gradient_clip_val': 0.307287578797614, 'hidden_size': 17, 'dropout': 0.22830961856912485, 'hidden_continuous_size': 7, 'attention_head_size': 2, 'learning_rate': 0.004237157947330131}. Best is trial 0 with value: 21.430665969848633.
[I 2023-12-27 11:09:38,240] Trial 22 finished with value: 77.8029556274414 and parameters: {'gradient_clip_val': 0.36694165953588237, 'hidden_size': 11, 'dropout': 0.2269359863161907, 'hidden_continuous_size': 7, 'attention_head_size': 2, 'learning_rate': 0.012043981868968438}. Best is trial 0 with value: 21.430665969848633.
[I 2023-12-27 11:09:38,600] Trial 23 finished with value: 48.26845932006836 and parameters: {'gradient_clip_val': 0.4854733645410888, 'hidden_size': 15, 'dropout': 0.27323096459597995, 'hidden_continuous_size': 8, 'attention_head_size': 2, 'learning_rate': 0.0027617471224784074}. Best is trial 0 with value: 21.430665969848633.
[I 2023-12-27 11:09:38,954] Trial 24 finished with value: 51.501617431640625 and parameters: {'gradient_clip_val': 0.4896704490090601, 'hidden_size': 9, 'dropout': 0.27598897374785364, 'hidden_continuous_size': 6, 'attention_head_size': 3, 'learning_rate': 0.0028115637744621966}. Best is trial 0 with value: 21.430665969848633.
[I 2023-12-27 11:09:39,308] Trial 25 finished with value: 80.26439666748047 and parameters: {'gradient_clip_val': 0.728355004213608, 'hidden_size': 13, 'dropout': 0.3140380238921107, 'hidden_continuous_size': 7, 'attention_head_size': 2, 'learning_rate': 0.0018960987466516645}. Best is trial 0 with value: 21.430665969848633.
[I 2023-12-27 11:09:39,627] Trial 26 finished with value: 48.26408767700195 and parameters: {'gradient_clip_val': 0.5379988539690671, 'hidden_size': 5, 'dropout': 0.34387291402636505, 'hidden_continuous_size': 5, 'attention_head_size': 1, 'learning_rate': 0.006249655125307927}. Best is trial 0 with value: 21.430665969848633.
[I 2023-12-27 11:09:39,944] Trial 27 finished with value: 53.28280258178711 and parameters: {'gradient_clip_val': 0.5671493999586853, 'hidden_size': 5, 'dropout': 0.34605661451012343, 'hidden_continuous_size': 5, 'attention_head_size': 1, 'learning_rate': 0.006152296629783395}. Best is trial 0 with value: 21.430665969848633.
[I 2023-12-27 11:09:40,298] Trial 28 finished with value: 42.981082916259766 and parameters: {'gradient_clip_val': 0.7835300687709681, 'hidden_size': 10, 'dropout': 0.41343163158593177, 'hidden_continuous_size': 5, 'attention_head_size': 1, 'learning_rate': 0.009533240259473517}. Best is trial 0 with value: 21.430665969848633.
[I 2023-12-27 11:09:40,639] Trial 29 finished with value: 67.21969604492188 and parameters: {'gradient_clip_val': 0.8176104493783509, 'hidden_size': 8, 'dropout': 0.4257597646030703, 'hidden_continuous_size': 5, 'attention_head_size': 1, 'learning_rate': 0.01003507377256245}. Best is trial 0 with value: 21.430665969848633.
[I 2023-12-27 11:09:40,988] Trial 30 finished with value: 77.93731689453125 and parameters: {'gradient_clip_val': 0.872499632537475, 'hidden_size': 11, 'dropout': 0.4386611431242195, 'hidden_continuous_size': 6, 'attention_head_size': 1, 'learning_rate': 0.02919646344035403}. Best is trial 0 with value: 21.430665969848633.
[I 2023-12-27 11:09:41,302] Trial 31 finished with value: 66.27009582519531 and parameters: {'gradient_clip_val': 0.7353896982072425, 'hidden_size': 5, 'dropout': 0.36799297456815677, 'hidden_continuous_size': 5, 'attention_head_size': 1, 'learning_rate': 0.006046307400582497}. Best is trial 0 with value: 21.430665969848633.
[I 2023-12-27 11:09:41,650] Trial 32 finished with value: 48.53025436401367 and parameters: {'gradient_clip_val': 0.616589996422515, 'hidden_size': 7, 'dropout': 0.3522189241942779, 'hidden_continuous_size': 5, 'attention_head_size': 1, 'learning_rate': 0.009066114827191782}. Best is trial 0 with value: 21.430665969848633.
[I 2023-12-27 11:09:41,999] Trial 33 finished with value: 58.983642578125 and parameters: {'gradient_clip_val': 0.9800253624398838, 'hidden_size': 10, 'dropout': 0.38766628211866383, 'hidden_continuous_size': 5, 'attention_head_size': 1, 'learning_rate': 0.007454816456658479}. Best is trial 0 with value: 21.430665969848633.
[I 2023-12-27 11:09:42,580] Trial 34 finished with value: 51.363250732421875 and parameters: {'gradient_clip_val': 0.7282965733771998, 'hidden_size': 7, 'dropout': 0.4957822729872718, 'hidden_continuous_size': 5, 'attention_head_size': 4, 'learning_rate': 0.005334126846314318}. Best is trial 0 with value: 21.430665969848633.
[I 2023-12-27 11:09:42,893] Trial 35 finished with value: 71.03852081298828 and parameters: {'gradient_clip_val': 0.5514740284051438, 'hidden_size': 5, 'dropout': 0.4143725697428775, 'hidden_continuous_size': 5, 'attention_head_size': 1, 'learning_rate': 0.014037024157371266}. Best is trial 0 with value: 21.430665969848633.
[I 2023-12-27 11:09:43,241] Trial 36 finished with value: 58.82139205932617 and parameters: {'gradient_clip_val': 0.9512834728162464, 'hidden_size': 9, 'dropout': 0.3292906264734784, 'hidden_continuous_size': 6, 'attention_head_size': 1, 'learning_rate': 0.008207230237253614}. Best is trial 0 with value: 21.430665969848633.
[I 2023-12-27 11:09:43,631] Trial 37 finished with value: 55.770355224609375 and parameters: {'gradient_clip_val': 0.4208072904824435, 'hidden_size': 7, 'dropout': 0.3933248137676498, 'hidden_continuous_size': 5, 'attention_head_size': 4, 'learning_rate': 0.0071953217150340105}. Best is trial 0 with value: 21.430665969848633.
[I 2023-12-27 11:09:43,974] Trial 38 finished with value: 71.43356323242188 and parameters: {'gradient_clip_val': 0.8012511062011248, 'hidden_size': 6, 'dropout': 0.4541588896384573, 'hidden_continuous_size': 5, 'attention_head_size': 3, 'learning_rate': 0.010044417006082688}. Best is trial 0 with value: 21.430665969848633.
[I 2023-12-27 11:09:44,322] Trial 39 finished with value: 52.40206527709961 and parameters: {'gradient_clip_val': 0.6567198568863749, 'hidden_size': 12, 'dropout': 0.41226688301810277, 'hidden_continuous_size': 6, 'attention_head_size': 1, 'learning_rate': 0.004821977836270533}. Best is trial 0 with value: 21.430665969848633.
[I 2023-12-27 11:09:44,672] Trial 40 finished with value: 55.09575271606445 and parameters: {'gradient_clip_val': 0.5369246048624746, 'hidden_size': 9, 'dropout': 0.3707410235947712, 'hidden_continuous_size': 6, 'attention_head_size': 2, 'learning_rate': 0.01780013103452661}. Best is trial 0 with value: 21.430665969848633.
[I 2023-12-27 11:09:45,062] Trial 41 finished with value: 61.06192398071289 and parameters: {'gradient_clip_val': 0.42644596483577646, 'hidden_size': 14, 'dropout': 0.29843231096407274, 'hidden_continuous_size': 8, 'attention_head_size': 2, 'learning_rate': 0.003394469427665457}. Best is trial 0 with value: 21.430665969848633.
[I 2023-12-27 11:09:45,433] Trial 42 finished with value: 65.24701690673828 and parameters: {'gradient_clip_val': 0.475374751750177, 'hidden_size': 15, 'dropout': 0.3449128221627823, 'hidden_continuous_size': 7, 'attention_head_size': 2, 'learning_rate': 0.005347677594521779}. Best is trial 0 with value: 21.430665969848633.
[I 2023-12-27 11:09:45,807] Trial 43 finished with value: 51.13227462768555 and parameters: {'gradient_clip_val': 0.6200424525126138, 'hidden_size': 20, 'dropout': 0.2798004506329394, 'hidden_continuous_size': 9, 'attention_head_size': 3, 'learning_rate': 0.0035151952999475902}. Best is trial 0 with value: 21.430665969848633.
[I 2023-12-27 11:09:46,169] Trial 44 finished with value: 55.378597259521484 and parameters: {'gradient_clip_val': 0.3636431969012662, 'hidden_size': 12, 'dropout': 0.3131894480814772, 'hidden_continuous_size': 6, 'attention_head_size': 2, 'learning_rate': 0.002306773445481605}. Best is trial 0 with value: 21.430665969848633.
[I 2023-12-27 11:09:46,517] Trial 45 finished with value: 66.71171569824219 and parameters: {'gradient_clip_val': 0.46407886353942795, 'hidden_size': 8, 'dropout': 0.3786352429528319, 'hidden_continuous_size': 5, 'attention_head_size': 2, 'learning_rate': 0.007268650823107702}. Best is trial 0 with value: 21.430665969848633.
[I 2023-12-27 11:09:46,867] Trial 46 finished with value: 64.9183349609375 and parameters: {'gradient_clip_val': 0.5745131096560062, 'hidden_size': 6, 'dropout': 0.15277213690817668, 'hidden_continuous_size': 5, 'attention_head_size': 1, 'learning_rate': 0.0018609505012398351}. Best is trial 0 with value: 21.430665969848633.
[I 2023-12-27 11:09:47,434] Trial 47 finished with value: 63.268978118896484 and parameters: {'gradient_clip_val': 0.519481256270775, 'hidden_size': 15, 'dropout': 0.47682663809774356, 'hidden_continuous_size': 8, 'attention_head_size': 3, 'learning_rate': 0.0014576001290800176}. Best is trial 0 with value: 21.430665969848633.
[I 2023-12-27 11:09:47,788] Trial 48 finished with value: 37.65007019042969 and parameters: {'gradient_clip_val': 0.6913146887679067, 'hidden_size': 10, 'dropout': 0.4033910025611007, 'hidden_continuous_size': 6, 'attention_head_size': 2, 'learning_rate': 0.0028561174334897845}. Best is trial 0 with value: 21.430665969848633.
[I 2023-12-27 11:09:48,156] Trial 49 finished with value: 69.9305648803711 and parameters: {'gradient_clip_val': 0.7002644589809508, 'hidden_size': 10, 'dropout': 0.35864019099100464, 'hidden_continuous_size': 6, 'attention_head_size': 3, 'learning_rate': 0.0033530456315875147}. Best is trial 0 with value: 21.430665969848633.
[I 2023-12-27 11:09:48,263] A new study created in memory with name: no-name-48e7b15f-c28c-4cca-8bdd-2451dde6b5ac
/home/le004/conda/anaconda3/envs/tsff_env/lib/python3.9/site-packages/lightning/fabric/plugins/environments/slurm.py:191: The `srun` command is available on your system but is not used. HINT: If your intention is to run Lightning on SLURM, prepend your python command with `srun` like so: srun python /home/le004/master_thesis/git/TSFusionForecast/code/ ...
[I 2023-12-27 11:10:12,883] Trial 0 finished with value: 132.40794372558594 and parameters: {'gradient_clip_val': 0.3053545034106641, 'hidden_size': 39, 'dropout': 0.48386574902013546, 'hidden_continuous_size': 8, 'attention_head_size': 4, 'learning_rate': 0.014438860195350775}. Best is trial 0 with value: 132.40794372558594.
[I 2023-12-27 11:10:13,219] Trial 1 finished with value: 532.6322631835938 and parameters: {'gradient_clip_val': 0.24144994134569797, 'hidden_size': 17, 'dropout': 0.21333188452247756, 'hidden_continuous_size': 5, 'attention_head_size': 4, 'learning_rate': 0.0014356933491769272}. Best is trial 0 with value: 132.40794372558594.
[I 2023-12-27 11:10:13,683] Trial 2 finished with value: 531.9402465820312 and parameters: {'gradient_clip_val': 0.6176335676626843, 'hidden_size': 104, 'dropout': 0.38196816459763816, 'hidden_continuous_size': 27, 'attention_head_size': 4, 'learning_rate': 0.04386212176615944}. Best is trial 0 with value: 132.40794372558594.
[I 2023-12-27 11:10:14,143] Trial 3 finished with value: 585.4514770507812 and parameters: {'gradient_clip_val': 0.4502349877418999, 'hidden_size': 86, 'dropout': 0.10297786569776296, 'hidden_continuous_size': 79, 'attention_head_size': 4, 'learning_rate': 0.004084447281845199}. Best is trial 0 with value: 132.40794372558594.
[I 2023-12-27 11:10:14,475] Trial 4 finished with value: 417.5801696777344 and parameters: {'gradient_clip_val': 0.18865036084070824, 'hidden_size': 7, 'dropout': 0.444526546064964, 'hidden_continuous_size': 6, 'attention_head_size': 1, 'learning_rate': 0.08632768706165558}. Best is trial 0 with value: 132.40794372558594.
[I 2023-12-27 11:10:14,792] Trial 5 finished with value: 473.7676086425781 and parameters: {'gradient_clip_val': 0.42543788989491416, 'hidden_size': 8, 'dropout': 0.1734927611743477, 'hidden_continuous_size': 6, 'attention_head_size': 1, 'learning_rate': 0.009098563826834126}. Best is trial 0 with value: 132.40794372558594.
[I 2023-12-27 11:10:15,116] Trial 6 finished with value: 473.3848571777344 and parameters: {'gradient_clip_val': 0.15791184923012827, 'hidden_size': 16, 'dropout': 0.4028926698707542, 'hidden_continuous_size': 15, 'attention_head_size': 4, 'learning_rate': 0.003788409621420409}. Best is trial 0 with value: 132.40794372558594.
[I 2023-12-27 11:10:15,557] Trial 7 finished with value: 442.4806213378906 and parameters: {'gradient_clip_val': 0.17651611039959977, 'hidden_size': 75, 'dropout': 0.17965649906379497, 'hidden_continuous_size': 35, 'attention_head_size': 4, 'learning_rate': 0.0020963500124986318}. Best is trial 0 with value: 132.40794372558594.
[I 2023-12-27 11:10:15,914] Trial 8 finished with value: 568.6541137695312 and parameters: {'gradient_clip_val': 0.37686927067679193, 'hidden_size': 9, 'dropout': 0.25286912769539216, 'hidden_continuous_size': 8, 'attention_head_size': 2, 'learning_rate': 0.001432845982216216}. Best is trial 0 with value: 132.40794372558594.
[I 2023-12-27 11:10:16,447] Trial 9 finished with value: 520.8253784179688 and parameters: {'gradient_clip_val': 0.3807595415379714, 'hidden_size': 6, 'dropout': 0.34169270380633177, 'hidden_continuous_size': 6, 'attention_head_size': 2, 'learning_rate': 0.0007958577929623805}. Best is trial 0 with value: 132.40794372558594.
[I 2023-12-27 11:10:16,862] Trial 10 finished with value: 566.6685791015625 and parameters: {'gradient_clip_val': 0.10959074453092908, 'hidden_size': 44, 'dropout': 0.48129431042251364, 'hidden_continuous_size': 9, 'attention_head_size': 3, 'learning_rate': 0.013580368047474879}. Best is trial 0 with value: 132.40794372558594.
[I 2023-12-27 11:10:17,255] Trial 11 finished with value: 473.2538757324219 and parameters: {'gradient_clip_val': 0.2608268936988025, 'hidden_size': 35, 'dropout': 0.49648583095074644, 'hidden_continuous_size': 5, 'attention_head_size': 1, 'learning_rate': 0.09449993445034494}. Best is trial 0 with value: 132.40794372558594.
[I 2023-12-27 11:10:17,637] Trial 12 finished with value: 415.0706481933594 and parameters: {'gradient_clip_val': 0.8379661673224802, 'hidden_size': 22, 'dropout': 0.4352428448538158, 'hidden_continuous_size': 7, 'attention_head_size': 3, 'learning_rate': 0.023642573521441383}. Best is trial 0 with value: 132.40794372558594.
[I 2023-12-27 11:10:18,040] Trial 13 finished with value: 385.9802551269531 and parameters: {'gradient_clip_val': 0.8090202566094514, 'hidden_size': 46, 'dropout': 0.42476036406205014, 'hidden_continuous_size': 10, 'attention_head_size': 3, 'learning_rate': 0.019835007907450224}. Best is trial 0 with value: 132.40794372558594.
[I 2023-12-27 11:10:18,429] Trial 14 finished with value: 508.9195251464844 and parameters: {'gradient_clip_val': 0.9693315298536137, 'hidden_size': 56, 'dropout': 0.3356261671802617, 'hidden_continuous_size': 10, 'attention_head_size': 3, 'learning_rate': 0.018393853451360624}. Best is trial 0 with value: 132.40794372558594.
[I 2023-12-27 11:10:18,959] Trial 15 finished with value: 503.5401916503906 and parameters: {'gradient_clip_val': 0.6204653990982966, 'hidden_size': 123, 'dropout': 0.4954324413505875, 'hidden_continuous_size': 14, 'attention_head_size': 3, 'learning_rate': 0.006796003049880477}. Best is trial 0 with value: 132.40794372558594.
[I 2023-12-27 11:10:19,332] Trial 16 finished with value: 510.9885559082031 and parameters: {'gradient_clip_val': 0.3103408020977776, 'hidden_size': 32, 'dropout': 0.4310840773247046, 'hidden_continuous_size': 11, 'attention_head_size': 2, 'learning_rate': 0.029002252635404735}. Best is trial 0 with value: 132.40794372558594.
[I 2023-12-27 11:10:19,745] Trial 17 finished with value: 516.0291137695312 and parameters: {'gradient_clip_val': 0.5737873321352694, 'hidden_size': 58, 'dropout': 0.3749007150500951, 'hidden_continuous_size': 12, 'attention_head_size': 3, 'learning_rate': 0.011290277652841681}. Best is trial 0 with value: 132.40794372558594.
[I 2023-12-27 11:10:20,153] Trial 18 finished with value: 492.6784973144531 and parameters: {'gradient_clip_val': 0.7846330624163305, 'hidden_size': 43, 'dropout': 0.45268826061865114, 'hidden_continuous_size': 8, 'attention_head_size': 4, 'learning_rate': 0.037354607183238485}. Best is trial 0 with value: 132.40794372558594.
[I 2023-12-27 11:10:20,524] Trial 19 finished with value: 470.1749572753906 and parameters: {'gradient_clip_val': 0.5081908268843511, 'hidden_size': 25, 'dropout': 0.2943530382213608, 'hidden_continuous_size': 8, 'attention_head_size': 3, 'learning_rate': 0.016596669444079077}. Best is trial 0 with value: 132.40794372558594.
[I 2023-12-27 11:10:21,084] Trial 20 finished with value: 575.3495483398438 and parameters: {'gradient_clip_val': 0.33689105982832546, 'hidden_size': 142, 'dropout': 0.39916554804013593, 'hidden_continuous_size': 16, 'attention_head_size': 2, 'learning_rate': 0.007625068338059345}. Best is trial 0 with value: 132.40794372558594.
[I 2023-12-27 11:10:21,448] Trial 21 finished with value: 425.9085388183594 and parameters: {'gradient_clip_val': 0.9803497373309268, 'hidden_size': 24, 'dropout': 0.44255098240285773, 'hidden_continuous_size': 7, 'attention_head_size': 3, 'learning_rate': 0.023318228125700398}. Best is trial 0 with value: 132.40794372558594.
