[I 2023-12-27 11:07:08,388] Trial 12 finished with value: 446.8617248535156 and parameters: {'gradient_clip_val': 0.3411030145625645, 'hidden_size': 81, 'dropout': 0.2597200330938303, 'hidden_continuous_size': 23, 'attention_head_size': 2, 'learning_rate': 0.009768102959946982}. Best is trial 0 with value: 79.2036361694336.
[I 2023-12-27 11:07:09,070] Trial 13 finished with value: 541.8060913085938 and parameters: {'gradient_clip_val': 0.12264446042396021, 'hidden_size': 73, 'dropout': 0.1705036702702856, 'hidden_continuous_size': 33, 'attention_head_size': 4, 'learning_rate': 0.042759559269302895}. Best is trial 0 with value: 79.2036361694336.
[I 2023-12-27 11:07:09,542] Trial 14 finished with value: 475.3636169433594 and parameters: {'gradient_clip_val': 0.34133431118534585, 'hidden_size': 83, 'dropout': 0.2607625064707415, 'hidden_continuous_size': 20, 'attention_head_size': 3, 'learning_rate': 0.00898752315729314}. Best is trial 0 with value: 79.2036361694336.
[I 2023-12-27 11:07:09,929] Trial 15 finished with value: 537.2557983398438 and parameters: {'gradient_clip_val': 0.16807313926951006, 'hidden_size': 18, 'dropout': 0.14264435470696907, 'hidden_continuous_size': 14, 'attention_head_size': 2, 'learning_rate': 0.0026764315035861454}. Best is trial 0 with value: 79.2036361694336.
[I 2023-12-27 11:07:10,539] Trial 16 finished with value: 349.501708984375 and parameters: {'gradient_clip_val': 0.26064899397285296, 'hidden_size': 146, 'dropout': 0.10001571830135325, 'hidden_continuous_size': 51, 'attention_head_size': 4, 'learning_rate': 0.007453022979920476}. Best is trial 0 with value: 79.2036361694336.
[I 2023-12-27 11:07:11,143] Trial 17 finished with value: 429.8717346191406 and parameters: {'gradient_clip_val': 0.2554054860477322, 'hidden_size': 146, 'dropout': 0.10239549771885534, 'hidden_continuous_size': 57, 'attention_head_size': 3, 'learning_rate': 0.011257351529365836}. Best is trial 0 with value: 79.2036361694336.
[I 2023-12-27 11:07:11,699] Trial 18 finished with value: 466.5277404785156 and parameters: {'gradient_clip_val': 0.15605000008356165, 'hidden_size': 105, 'dropout': 0.1715017223126016, 'hidden_continuous_size': 47, 'attention_head_size': 4, 'learning_rate': 0.0067968984528248835}. Best is trial 0 with value: 79.2036361694336.
[I 2023-12-27 11:07:12,123] Trial 19 finished with value: 501.088623046875 and parameters: {'gradient_clip_val': 0.21737312245422477, 'hidden_size': 50, 'dropout': 0.10053693087673339, 'hidden_continuous_size': 19, 'attention_head_size': 3, 'learning_rate': 0.032802367901888424}. Best is trial 0 with value: 79.2036361694336.
[I 2023-12-27 11:07:12,683] Trial 20 finished with value: 535.4284057617188 and parameters: {'gradient_clip_val': 0.13639956973155484, 'hidden_size': 108, 'dropout': 0.17758885096451604, 'hidden_continuous_size': 107, 'attention_head_size': 2, 'learning_rate': 0.017665637189495726}. Best is trial 0 with value: 79.2036361694336.
[I 2023-12-27 11:07:13,117] Trial 21 finished with value: 657.4703979492188 and parameters: {'gradient_clip_val': 0.10229370676018275, 'hidden_size': 64, 'dropout': 0.14722963815897594, 'hidden_continuous_size': 32, 'attention_head_size': 4, 'learning_rate': 0.005031008775143283}. Best is trial 0 with value: 79.2036361694336.
[I 2023-12-27 11:07:13,619] Trial 22 finished with value: 493.3918151855469 and parameters: {'gradient_clip_val': 0.3982510472924846, 'hidden_size': 102, 'dropout': 0.19828202270104586, 'hidden_continuous_size': 44, 'attention_head_size': 4, 'learning_rate': 0.013301135063304532}. Best is trial 0 with value: 79.2036361694336.
[I 2023-12-27 11:07:14,065] Trial 23 finished with value: 492.4329833984375 and parameters: {'gradient_clip_val': 0.28981136795759266, 'hidden_size': 63, 'dropout': 0.1440566747946419, 'hidden_continuous_size': 25, 'attention_head_size': 4, 'learning_rate': 0.007171556411222939}. Best is trial 0 with value: 79.2036361694336.
[I 2023-12-27 11:07:14,595] Trial 24 finished with value: 451.454833984375 and parameters: {'gradient_clip_val': 0.19700781912005438, 'hidden_size': 111, 'dropout': 0.27567380025871063, 'hidden_continuous_size': 38, 'attention_head_size': 3, 'learning_rate': 0.0027748414679838597}. Best is trial 0 with value: 79.2036361694336.
[I 2023-12-27 11:07:15,274] Trial 25 finished with value: 400.942626953125 and parameters: {'gradient_clip_val': 0.2628614883636933, 'hidden_size': 145, 'dropout': 0.19185269875802313, 'hidden_continuous_size': 49, 'attention_head_size': 4, 'learning_rate': 0.040038932803977974}. Best is trial 0 with value: 79.2036361694336.
[I 2023-12-27 11:07:15,880] Trial 26 finished with value: 475.4613952636719 and parameters: {'gradient_clip_val': 0.25926257155148136, 'hidden_size': 142, 'dropout': 0.17886977098542037, 'hidden_continuous_size': 62, 'attention_head_size': 3, 'learning_rate': 0.05077782465778117}. Best is trial 0 with value: 79.2036361694336.
[I 2023-12-27 11:07:16,640] Trial 27 finished with value: 493.6578674316406 and parameters: {'gradient_clip_val': 0.18323836687778194, 'hidden_size': 93, 'dropout': 0.13469422001272752, 'hidden_continuous_size': 42, 'attention_head_size': 4, 'learning_rate': 0.022713524489387103}. Best is trial 0 with value: 79.2036361694336.
[I 2023-12-27 11:07:17,246] Trial 28 finished with value: 443.5028991699219 and parameters: {'gradient_clip_val': 0.25497601286218147, 'hidden_size': 119, 'dropout': 0.22275713309820738, 'hidden_continuous_size': 55, 'attention_head_size': 4, 'learning_rate': 0.06078188354010395}. Best is trial 0 with value: 79.2036361694336.
[I 2023-12-27 11:07:17,935] Trial 29 finished with value: 416.3583068847656 and parameters: {'gradient_clip_val': 0.1423294569643285, 'hidden_size': 150, 'dropout': 0.10340259206705492, 'hidden_continuous_size': 78, 'attention_head_size': 4, 'learning_rate': 0.029879399590102468}. Best is trial 0 with value: 79.2036361694336.
[I 2023-12-27 11:07:18,470] Trial 30 finished with value: 460.4941101074219 and parameters: {'gradient_clip_val': 0.18260669851075076, 'hidden_size': 90, 'dropout': 0.19467414488395157, 'hidden_continuous_size': 38, 'attention_head_size': 3, 'learning_rate': 0.018130706994531537}. Best is trial 0 with value: 79.2036361694336.
[I 2023-12-27 11:07:19,027] Trial 31 finished with value: 513.8325805664062 and parameters: {'gradient_clip_val': 0.43157028535990877, 'hidden_size': 115, 'dropout': 0.17063469095445133, 'hidden_continuous_size': 28, 'attention_head_size': 4, 'learning_rate': 0.039483779166904}. Best is trial 0 with value: 79.2036361694336.
[I 2023-12-27 11:07:19,496] Trial 32 finished with value: 615.987548828125 and parameters: {'gradient_clip_val': 0.23131736329373054, 'hidden_size': 68, 'dropout': 0.3943321083143764, 'hidden_continuous_size': 33, 'attention_head_size': 4, 'learning_rate': 0.025894578200734222}. Best is trial 0 with value: 79.2036361694336.
[I 2023-12-27 11:07:19,985] Trial 33 finished with value: 414.8409118652344 and parameters: {'gradient_clip_val': 0.3586259014566791, 'hidden_size': 88, 'dropout': 0.24126362802046664, 'hidden_continuous_size': 37, 'attention_head_size': 4, 'learning_rate': 0.07066299456081497}. Best is trial 0 with value: 79.2036361694336.
[I 2023-12-27 11:07:20,431] Trial 34 finished with value: 467.5137634277344 and parameters: {'gradient_clip_val': 0.27800939405563024, 'hidden_size': 54, 'dropout': 0.30858712043668074, 'hidden_continuous_size': 26, 'attention_head_size': 4, 'learning_rate': 0.03416016545755182}. Best is trial 0 with value: 79.2036361694336.
[I 2023-12-27 11:07:21,014] Trial 35 finished with value: 503.427490234375 and parameters: {'gradient_clip_val': 0.23405310242408042, 'hidden_size': 124, 'dropout': 0.34698103966373806, 'hidden_continuous_size': 48, 'attention_head_size': 4, 'learning_rate': 0.01785878908066404}. Best is trial 0 with value: 79.2036361694336.
[I 2023-12-27 11:07:21,440] Trial 36 finished with value: 397.0944519042969 and parameters: {'gradient_clip_val': 0.2091184065499495, 'hidden_size': 39, 'dropout': 0.2842435073626085, 'hidden_continuous_size': 22, 'attention_head_size': 3, 'learning_rate': 0.013304765424059256}. Best is trial 0 with value: 79.2036361694336.
[I 2023-12-27 11:07:21,894] Trial 37 finished with value: 330.6768493652344 and parameters: {'gradient_clip_val': 0.20868952941604924, 'hidden_size': 41, 'dropout': 0.19761131254665626, 'hidden_continuous_size': 21, 'attention_head_size': 3, 'learning_rate': 0.024214353817388713}. Best is trial 0 with value: 79.2036361694336.
[I 2023-12-27 11:07:22,322] Trial 38 finished with value: 572.4944458007812 and parameters: {'gradient_clip_val': 0.19813673008002494, 'hidden_size': 38, 'dropout': 0.12254148845288561, 'hidden_continuous_size': 18, 'attention_head_size': 2, 'learning_rate': 0.013467672099956028}. Best is trial 0 with value: 79.2036361694336.
[I 2023-12-27 11:07:22,725] Trial 39 finished with value: 525.4893188476562 and parameters: {'gradient_clip_val': 0.21722104363880484, 'hidden_size': 32, 'dropout': 0.15471005300273566, 'hidden_continuous_size': 17, 'attention_head_size': 3, 'learning_rate': 0.02378766238868335}. Best is trial 0 with value: 79.2036361694336.
[I 2023-12-27 11:07:23,375] Trial 40 finished with value: 451.9064025878906 and parameters: {'gradient_clip_val': 0.1618078380611549, 'hidden_size': 25, 'dropout': 0.1201061458524253, 'hidden_continuous_size': 16, 'attention_head_size': 3, 'learning_rate': 0.01448985179716784}. Best is trial 0 with value: 79.2036361694336.
[I 2023-12-27 11:07:23,808] Trial 41 finished with value: 575.8538208007812 and parameters: {'gradient_clip_val': 0.2877950516314948, 'hidden_size': 48, 'dropout': 0.19478941418914453, 'hidden_continuous_size': 22, 'attention_head_size': 3, 'learning_rate': 0.028179813303223437}. Best is trial 0 with value: 79.2036361694336.
[I 2023-12-27 11:07:24,366] Trial 42 finished with value: 427.4204406738281 and parameters: {'gradient_clip_val': 0.18826787420042101, 'hidden_size': 126, 'dropout': 0.21082640830159854, 'hidden_continuous_size': 12, 'attention_head_size': 3, 'learning_rate': 0.02123191800143198}. Best is trial 0 with value: 79.2036361694336.
[I 2023-12-27 11:07:24,856] Trial 43 finished with value: 461.5630187988281 and parameters: {'gradient_clip_val': 0.3191895983827749, 'hidden_size': 79, 'dropout': 0.24119186295048667, 'hidden_continuous_size': 23, 'attention_head_size': 2, 'learning_rate': 0.040063579035121845}. Best is trial 0 with value: 79.2036361694336.
[I 2023-12-27 11:07:25,321] Trial 44 finished with value: 366.9419250488281 and parameters: {'gradient_clip_val': 0.23660589083119057, 'hidden_size': 55, 'dropout': 0.2861773628386658, 'hidden_continuous_size': 21, 'attention_head_size': 3, 'learning_rate': 0.011185594201283972}. Best is trial 0 with value: 79.2036361694336.
[I 2023-12-27 11:07:25,751] Trial 45 finished with value: 507.8429870605469 and parameters: {'gradient_clip_val': 0.22902252112455235, 'hidden_size': 44, 'dropout': 0.2849514623018186, 'hidden_continuous_size': 16, 'attention_head_size': 3, 'learning_rate': 0.010429199545447215}. Best is trial 0 with value: 79.2036361694336.
[I 2023-12-27 11:07:26,214] Trial 46 finished with value: 486.9993591308594 and parameters: {'gradient_clip_val': 0.20471394581139735, 'hidden_size': 54, 'dropout': 0.31645495071598284, 'hidden_continuous_size': 20, 'attention_head_size': 3, 'learning_rate': 0.008166638617635806}. Best is trial 0 with value: 79.2036361694336.
[I 2023-12-27 11:07:26,660] Trial 47 finished with value: 440.804443359375 and parameters: {'gradient_clip_val': 0.18015933448087215, 'hidden_size': 64, 'dropout': 0.28092194963455774, 'hidden_continuous_size': 26, 'attention_head_size': 1, 'learning_rate': 0.01290738270424132}. Best is trial 0 with value: 79.2036361694336.
[I 2023-12-27 11:07:27,143] Trial 48 finished with value: 422.032470703125 and parameters: {'gradient_clip_val': 0.14920122814631565, 'hidden_size': 75, 'dropout': 0.15508339801704, 'hidden_continuous_size': 21, 'attention_head_size': 2, 'learning_rate': 0.011212374524362998}. Best is trial 0 with value: 79.2036361694336.
[I 2023-12-27 11:07:27,577] Trial 49 finished with value: 369.3784484863281 and parameters: {'gradient_clip_val': 0.16886196365816575, 'hidden_size': 41, 'dropout': 0.25534490133651944, 'hidden_continuous_size': 24, 'attention_head_size': 3, 'learning_rate': 0.01697687518767917}. Best is trial 0 with value: 79.2036361694336.
[I 2023-12-27 11:07:27,695] A new study created in memory with name: no-name-d4b0adcb-d1d4-4415-8b84-130919c8b80f
/home/le004/conda/anaconda3/envs/tsff_env/lib/python3.9/site-packages/lightning/fabric/plugins/environments/slurm.py:191: The `srun` command is available on your system but is not used. HINT: If your intention is to run Lightning on SLURM, prepend your python command with `srun` like so: srun python /home/le004/master_thesis/git/TSFusionForecast/code/ ...
[I 2023-12-27 11:07:54,391] Trial 0 finished with value: 592.0996704101562 and parameters: {'gradient_clip_val': 0.18477977792797246, 'hidden_size': 9, 'dropout': 0.2531088842233276, 'hidden_continuous_size': 9, 'attention_head_size': 1, 'learning_rate': 0.05059222237610548}. Best is trial 0 with value: 592.0996704101562.
[I 2023-12-27 11:07:54,763] Trial 1 finished with value: 3526.782958984375 and parameters: {'gradient_clip_val': 0.12280659948786388, 'hidden_size': 31, 'dropout': 0.31161153384696505, 'hidden_continuous_size': 8, 'attention_head_size': 1, 'learning_rate': 0.013518143017764571}. Best is trial 0 with value: 592.0996704101562.
[I 2023-12-27 11:07:55,134] Trial 2 finished with value: 3104.694580078125 and parameters: {'gradient_clip_val': 0.2722976313539601, 'hidden_size': 19, 'dropout': 0.3472014740846041, 'hidden_continuous_size': 7, 'attention_head_size': 4, 'learning_rate': 0.029700544554766936}. Best is trial 0 with value: 592.0996704101562.
[I 2023-12-27 11:07:55,547] Trial 3 finished with value: 2353.360595703125 and parameters: {'gradient_clip_val': 0.7248243542846088, 'hidden_size': 55, 'dropout': 0.14503792469685434, 'hidden_continuous_size': 16, 'attention_head_size': 3, 'learning_rate': 0.009888758321024515}. Best is trial 0 with value: 592.0996704101562.
[I 2023-12-27 11:07:56,007] Trial 4 finished with value: 2076.613037109375 and parameters: {'gradient_clip_val': 0.7500294361983667, 'hidden_size': 88, 'dropout': 0.21015139365775523, 'hidden_continuous_size': 20, 'attention_head_size': 1, 'learning_rate': 0.0020128717427394848}. Best is trial 0 with value: 592.0996704101562.
[I 2023-12-27 11:07:56,485] Trial 5 finished with value: 3689.747314453125 and parameters: {'gradient_clip_val': 0.3905437708797648, 'hidden_size': 99, 'dropout': 0.31820058119455885, 'hidden_continuous_size': 19, 'attention_head_size': 3, 'learning_rate': 0.004197963559653541}. Best is trial 0 with value: 592.0996704101562.
[I 2023-12-27 11:07:56,911] Trial 6 finished with value: 3080.299560546875 and parameters: {'gradient_clip_val': 0.2773544184041931, 'hidden_size': 73, 'dropout': 0.2844552507364677, 'hidden_continuous_size': 20, 'attention_head_size': 2, 'learning_rate': 0.002546149312565851}. Best is trial 0 with value: 592.0996704101562.
[I 2023-12-27 11:07:57,250] Trial 7 finished with value: 3343.923095703125 and parameters: {'gradient_clip_val': 0.3163450538857527, 'hidden_size': 8, 'dropout': 0.22763918842390984, 'hidden_continuous_size': 5, 'attention_head_size': 2, 'learning_rate': 0.022232374764427888}. Best is trial 0 with value: 592.0996704101562.
[I 2023-12-27 11:07:57,713] Trial 8 finished with value: 2362.461669921875 and parameters: {'gradient_clip_val': 0.14895397018259524, 'hidden_size': 83, 'dropout': 0.35524260928265605, 'hidden_continuous_size': 30, 'attention_head_size': 4, 'learning_rate': 0.0034992948026245393}. Best is trial 0 with value: 592.0996704101562.
[I 2023-12-27 11:07:58,066] Trial 9 finished with value: 2593.259765625 and parameters: {'gradient_clip_val': 0.13921364079781773, 'hidden_size': 24, 'dropout': 0.4589905519768207, 'hidden_continuous_size': 5, 'attention_head_size': 3, 'learning_rate': 0.0059624445646048905}. Best is trial 0 with value: 592.0996704101562.
[I 2023-12-27 11:07:58,396] Trial 10 finished with value: 3295.776611328125 and parameters: {'gradient_clip_val': 0.20072732235451696, 'hidden_size': 5, 'dropout': 0.12383833958334117, 'hidden_continuous_size': 5, 'attention_head_size': 1, 'learning_rate': 0.08437230050032789}. Best is trial 0 with value: 592.0996704101562.
[I 2023-12-27 11:07:58,988] Trial 11 finished with value: 3238.658935546875 and parameters: {'gradient_clip_val': 0.9412934154977477, 'hidden_size': 139, 'dropout': 0.20774712130743792, 'hidden_continuous_size': 60, 'attention_head_size': 1, 'learning_rate': 0.000806954795548935}. Best is trial 0 with value: 592.0996704101562.
[I 2023-12-27 11:07:59,364] Trial 12 finished with value: 3061.5908203125 and parameters: {'gradient_clip_val': 0.5590126891911955, 'hidden_size': 10, 'dropout': 0.2027998664647639, 'hidden_continuous_size': 6, 'attention_head_size': 2, 'learning_rate': 0.087847217159706}. Best is trial 0 with value: 592.0996704101562.
[I 2023-12-27 11:07:59,773] Trial 13 finished with value: 2743.9443359375 and parameters: {'gradient_clip_val': 0.49289457777473245, 'hidden_size': 41, 'dropout': 0.25259630564709795, 'hidden_continuous_size': 10, 'attention_head_size': 1, 'learning_rate': 0.0015493412211195694}. Best is trial 0 with value: 592.0996704101562.
[I 2023-12-27 11:08:00,372] Trial 14 finished with value: 2733.7353515625 and parameters: {'gradient_clip_val': 0.10132624722414992, 'hidden_size': 18, 'dropout': 0.16250117530651156, 'hidden_continuous_size': 9, 'attention_head_size': 1, 'learning_rate': 0.0011874882133988726}. Best is trial 0 with value: 592.0996704101562.
[I 2023-12-27 11:08:00,779] Trial 15 finished with value: 2397.328369140625 and parameters: {'gradient_clip_val': 0.19916903888315862, 'hidden_size': 45, 'dropout': 0.10969710358788015, 'hidden_continuous_size': 12, 'attention_head_size': 2, 'learning_rate': 0.0005713487748494925}. Best is trial 0 with value: 592.0996704101562.
[I 2023-12-27 11:08:01,364] Trial 16 finished with value: 3320.708251953125 and parameters: {'gradient_clip_val': 0.7634629854089284, 'hidden_size': 139, 'dropout': 0.17943267025282494, 'hidden_continuous_size': 32, 'attention_head_size': 1, 'learning_rate': 0.0019085161294029932}. Best is trial 0 with value: 592.0996704101562.
[I 2023-12-27 11:08:01,744] Trial 17 finished with value: 2635.568359375 and parameters: {'gradient_clip_val': 0.4340120948781754, 'hidden_size': 13, 'dropout': 0.24679395369844123, 'hidden_continuous_size': 7, 'attention_head_size': 2, 'learning_rate': 0.005971993822958711}. Best is trial 0 with value: 592.0996704101562.
[I 2023-12-27 11:08:02,146] Trial 18 finished with value: 3025.522216796875 and parameters: {'gradient_clip_val': 0.589115546898765, 'hidden_size': 31, 'dropout': 0.17698975724730676, 'hidden_continuous_size': 11, 'attention_head_size': 1, 'learning_rate': 0.0028462224368521446}. Best is trial 0 with value: 592.0996704101562.
[I 2023-12-27 11:08:02,517] Trial 19 finished with value: 3242.394775390625 and parameters: {'gradient_clip_val': 0.9241330288916831, 'hidden_size': 6, 'dropout': 0.2740252197101525, 'hidden_continuous_size': 5, 'attention_head_size': 2, 'learning_rate': 0.046440044941797785}. Best is trial 0 with value: 592.0996704101562.
[I 2023-12-27 11:08:02,899] Trial 20 finished with value: 3264.93359375 and parameters: {'gradient_clip_val': 0.20964045999353226, 'hidden_size': 14, 'dropout': 0.22016249760538725, 'hidden_continuous_size': 6, 'attention_head_size': 1, 'learning_rate': 0.013371705074609387}. Best is trial 0 with value: 592.0996704101562.
[I 2023-12-27 11:08:03,327] Trial 21 finished with value: 3034.654052734375 and parameters: {'gradient_clip_val': 0.6684739268938262, 'hidden_size': 56, 'dropout': 0.14684799817268013, 'hidden_continuous_size': 13, 'attention_head_size': 3, 'learning_rate': 0.009173773608708793}. Best is trial 0 with value: 592.0996704101562.
[I 2023-12-27 11:08:03,765] Trial 22 finished with value: 3386.321044921875 and parameters: {'gradient_clip_val': 0.7425075377318697, 'hidden_size': 59, 'dropout': 0.13033920544732586, 'hidden_continuous_size': 15, 'attention_head_size': 3, 'learning_rate': 0.009846889107426461}. Best is trial 0 with value: 592.0996704101562.
[I 2023-12-27 11:08:04,244] Trial 23 finished with value: 3460.066650390625 and parameters: {'gradient_clip_val': 0.6548282695047716, 'hidden_size': 97, 'dropout': 0.10672213078814294, 'hidden_continuous_size': 16, 'attention_head_size': 4, 'learning_rate': 0.020643405627621493}. Best is trial 0 with value: 592.0996704101562.
[I 2023-12-27 11:08:04,666] Trial 24 finished with value: 2531.040283203125 and parameters: {'gradient_clip_val': 0.81675813226622, 'hidden_size': 50, 'dropout': 0.18204340616412662, 'hidden_continuous_size': 10, 'attention_head_size': 3, 'learning_rate': 0.00536498540476186}. Best is trial 0 with value: 592.0996704101562.
[I 2023-12-27 11:08:05,109] Trial 25 finished with value: 2995.364501953125 and parameters: {'gradient_clip_val': 0.9948430420559706, 'hidden_size': 67, 'dropout': 0.1453656719141383, 'hidden_continuous_size': 22, 'attention_head_size': 2, 'learning_rate': 0.047366314579094404}. Best is trial 0 with value: 592.0996704101562.
[I 2023-12-27 11:08:05,516] Trial 26 finished with value: 3603.369140625 and parameters: {'gradient_clip_val': 0.5389710372407783, 'hidden_size': 39, 'dropout': 0.19167903058368785, 'hidden_continuous_size': 14, 'attention_head_size': 3, 'learning_rate': 0.0079687363081003}. Best is trial 0 with value: 592.0996704101562.
