[I 2023-12-27 11:00:02,297] Trial 22 finished with value: 3.8853561878204346 and parameters: {'gradient_clip_val': 0.2302417279720596, 'hidden_size': 77, 'dropout': 0.27976253451347066, 'hidden_continuous_size': 14, 'attention_head_size': 3, 'learning_rate': 0.06220216454420123}. Best is trial 0 with value: 0.03954365476965904.
[I 2023-12-27 11:00:02,757] Trial 23 finished with value: 3.7619571685791016 and parameters: {'gradient_clip_val': 0.1744876074492441, 'hidden_size': 77, 'dropout': 0.32533291958561616, 'hidden_continuous_size': 17, 'attention_head_size': 2, 'learning_rate': 0.0364201338368316}. Best is trial 0 with value: 0.03954365476965904.
[I 2023-12-27 11:00:03,275] Trial 24 finished with value: 3.2483882904052734 and parameters: {'gradient_clip_val': 0.14739630610626006, 'hidden_size': 119, 'dropout': 0.2674234313993989, 'hidden_continuous_size': 20, 'attention_head_size': 2, 'learning_rate': 0.08968038821014009}. Best is trial 0 with value: 0.03954365476965904.
[I 2023-12-27 11:00:03,685] Trial 25 finished with value: 2.9976084232330322 and parameters: {'gradient_clip_val': 0.1290078398138756, 'hidden_size': 52, 'dropout': 0.17366830615790846, 'hidden_continuous_size': 13, 'attention_head_size': 1, 'learning_rate': 0.05564273023126446}. Best is trial 0 with value: 0.03954365476965904.
[I 2023-12-27 11:00:04,180] Trial 26 finished with value: 2.8275554180145264 and parameters: {'gradient_clip_val': 0.24283447230265467, 'hidden_size': 106, 'dropout': 0.21854845244722843, 'hidden_continuous_size': 10, 'attention_head_size': 3, 'learning_rate': 0.028503798206360658}. Best is trial 0 with value: 0.03954365476965904.
[I 2023-12-27 11:00:04,638] Trial 27 finished with value: 3.928675889968872 and parameters: {'gradient_clip_val': 0.19574716979817938, 'hidden_size': 82, 'dropout': 0.2781726404623417, 'hidden_continuous_size': 17, 'attention_head_size': 2, 'learning_rate': 0.04409283238187068}. Best is trial 0 with value: 0.03954365476965904.
[I 2023-12-27 11:00:05,145] Trial 28 finished with value: 2.6293694972991943 and parameters: {'gradient_clip_val': 0.1281344155620168, 'hidden_size': 106, 'dropout': 0.24849231048643813, 'hidden_continuous_size': 26, 'attention_head_size': 1, 'learning_rate': 0.09887591570082375}. Best is trial 0 with value: 0.03954365476965904.
[I 2023-12-27 11:00:05,960] Trial 29 finished with value: 2.158353567123413 and parameters: {'gradient_clip_val': 0.1232246775464335, 'hidden_size': 132, 'dropout': 0.2135556378626814, 'hidden_continuous_size': 27, 'attention_head_size': 1, 'learning_rate': 0.06259773373348022}. Best is trial 0 with value: 0.03954365476965904.
[I 2023-12-27 11:00:06,497] Trial 30 finished with value: 4.0264716148376465 and parameters: {'gradient_clip_val': 0.11871656407426924, 'hidden_size': 124, 'dropout': 0.20376492719909362, 'hidden_continuous_size': 45, 'attention_head_size': 1, 'learning_rate': 0.027464924104824567}. Best is trial 0 with value: 0.03954365476965904.
[I 2023-12-27 11:00:07,020] Trial 31 finished with value: 3.284283399581909 and parameters: {'gradient_clip_val': 0.10009509556309092, 'hidden_size': 117, 'dropout': 0.23379046386286476, 'hidden_continuous_size': 25, 'attention_head_size': 1, 'learning_rate': 0.0657616220905022}. Best is trial 0 with value: 0.03954365476965904.
[I 2023-12-27 11:00:07,496] Trial 32 finished with value: 2.8914401531219482 and parameters: {'gradient_clip_val': 0.12872987325318783, 'hidden_size': 100, 'dropout': 0.17415429245861017, 'hidden_continuous_size': 29, 'attention_head_size': 1, 'learning_rate': 0.0471735930177328}. Best is trial 0 with value: 0.03954365476965904.
[I 2023-12-27 11:00:08,023] Trial 33 finished with value: 3.4562623500823975 and parameters: {'gradient_clip_val': 0.16655469924464297, 'hidden_size': 128, 'dropout': 0.20205231082280037, 'hidden_continuous_size': 20, 'attention_head_size': 1, 'learning_rate': 0.06776020739862063}. Best is trial 0 with value: 0.03954365476965904.
[I 2023-12-27 11:00:08,492] Trial 34 finished with value: 4.1665496826171875 and parameters: {'gradient_clip_val': 0.1369590742194727, 'hidden_size': 68, 'dropout': 0.1661365278644753, 'hidden_continuous_size': 21, 'attention_head_size': 1, 'learning_rate': 0.09317035205378009}. Best is trial 0 with value: 0.03954365476965904.
[I 2023-12-27 11:00:09,123] Trial 35 finished with value: 4.127600193023682 and parameters: {'gradient_clip_val': 0.1604579407951876, 'hidden_size': 149, 'dropout': 0.248849816420021, 'hidden_continuous_size': 46, 'attention_head_size': 1, 'learning_rate': 0.04200279769303508}. Best is trial 0 with value: 0.03954365476965904.
[I 2023-12-27 11:00:09,590] Trial 36 finished with value: 4.2858476638793945 and parameters: {'gradient_clip_val': 0.11851733607221238, 'hidden_size': 90, 'dropout': 0.18980552479882656, 'hidden_continuous_size': 9, 'attention_head_size': 1, 'learning_rate': 0.058844484749025955}. Best is trial 0 with value: 0.03954365476965904.
[I 2023-12-27 11:00:10,067] Trial 37 finished with value: 4.690715312957764 and parameters: {'gradient_clip_val': 0.14346029630277243, 'hidden_size': 112, 'dropout': 0.206681462739014, 'hidden_continuous_size': 8, 'attention_head_size': 1, 'learning_rate': 0.07696232647417477}. Best is trial 0 with value: 0.03954365476965904.
[I 2023-12-27 11:00:10,543] Trial 38 finished with value: 3.065614938735962 and parameters: {'gradient_clip_val': 0.1630757784428238, 'hidden_size': 91, 'dropout': 0.2397032435541418, 'hidden_continuous_size': 27, 'attention_head_size': 1, 'learning_rate': 0.03534843107362993}. Best is trial 0 with value: 0.03954365476965904.
[I 2023-12-27 11:00:10,967] Trial 39 finished with value: 3.221789598464966 and parameters: {'gradient_clip_val': 0.11422803890213422, 'hidden_size': 58, 'dropout': 0.1371047803081264, 'hidden_continuous_size': 18, 'attention_head_size': 1, 'learning_rate': 0.051040481121308046}. Best is trial 0 with value: 0.03954365476965904.
[I 2023-12-27 11:00:11,305] Trial 40 finished with value: 5.061338901519775 and parameters: {'gradient_clip_val': 0.13205409824383654, 'hidden_size': 5, 'dropout': 0.15580294606618467, 'hidden_continuous_size': 5, 'attention_head_size': 2, 'learning_rate': 0.07028807552730304}. Best is trial 0 with value: 0.03954365476965904.
[I 2023-12-27 11:00:11,753] Trial 41 finished with value: 4.464089870452881 and parameters: {'gradient_clip_val': 0.17992855014794332, 'hidden_size': 74, 'dropout': 0.22973745998509446, 'hidden_continuous_size': 13, 'attention_head_size': 2, 'learning_rate': 0.09625144876979552}. Best is trial 0 with value: 0.03954365476965904.
[I 2023-12-27 11:00:12,212] Trial 42 finished with value: 3.1605052947998047 and parameters: {'gradient_clip_val': 0.1460053889438583, 'hidden_size': 82, 'dropout': 0.18920624564614155, 'hidden_continuous_size': 16, 'attention_head_size': 2, 'learning_rate': 0.07391201793435301}. Best is trial 0 with value: 0.03954365476965904.
[I 2023-12-27 11:00:12,882] Trial 43 finished with value: 4.942993640899658 and parameters: {'gradient_clip_val': 0.11411451521266554, 'hidden_size': 69, 'dropout': 0.2813483048452755, 'hidden_continuous_size': 14, 'attention_head_size': 2, 'learning_rate': 0.09606560606069706}. Best is trial 0 with value: 0.03954365476965904.
[I 2023-12-27 11:00:13,434] Trial 44 finished with value: 3.3733911514282227 and parameters: {'gradient_clip_val': 0.15503906597376568, 'hidden_size': 132, 'dropout': 0.11712124425791201, 'hidden_continuous_size': 24, 'attention_head_size': 1, 'learning_rate': 0.043734353400250454}. Best is trial 0 with value: 0.03954365476965904.
[I 2023-12-27 11:00:13,877] Trial 45 finished with value: 3.1292083263397217 and parameters: {'gradient_clip_val': 0.18640275749147836, 'hidden_size': 46, 'dropout': 0.2591836132683217, 'hidden_continuous_size': 19, 'attention_head_size': 4, 'learning_rate': 0.05771215927705032}. Best is trial 0 with value: 0.03954365476965904.
[I 2023-12-27 11:00:14,286] Trial 46 finished with value: 2.9244985580444336 and parameters: {'gradient_clip_val': 0.2064027326471096, 'hidden_size': 29, 'dropout': 0.32628535189376134, 'hidden_continuous_size': 16, 'attention_head_size': 3, 'learning_rate': 0.07765708248155458}. Best is trial 0 with value: 0.03954365476965904.
[I 2023-12-27 11:00:14,781] Trial 47 finished with value: 3.397214651107788 and parameters: {'gradient_clip_val': 0.16487699051358437, 'hidden_size': 108, 'dropout': 0.21565400364786386, 'hidden_continuous_size': 22, 'attention_head_size': 2, 'learning_rate': 0.02580816691876156}. Best is trial 0 with value: 0.03954365476965904.
[I 2023-12-27 11:00:15,206] Trial 48 finished with value: 3.8833932876586914 and parameters: {'gradient_clip_val': 0.10363111638440342, 'hidden_size': 60, 'dropout': 0.29555766489177426, 'hidden_continuous_size': 12, 'attention_head_size': 1, 'learning_rate': 0.09878875381047295}. Best is trial 0 with value: 0.03954365476965904.
[I 2023-12-27 11:00:15,676] Trial 49 finished with value: 2.3416969776153564 and parameters: {'gradient_clip_val': 0.12353257591905674, 'hidden_size': 92, 'dropout': 0.24579854519786393, 'hidden_continuous_size': 12, 'attention_head_size': 2, 'learning_rate': 0.03871420357124982}. Best is trial 0 with value: 0.03954365476965904.
[I 2023-12-27 11:00:15,789] A new study created in memory with name: no-name-e068c51b-b3b0-4dac-96e6-a987a9ea47cd
/home/le004/conda/anaconda3/envs/tsff_env/lib/python3.9/site-packages/lightning/fabric/plugins/environments/slurm.py:191: The `srun` command is available on your system but is not used. HINT: If your intention is to run Lightning on SLURM, prepend your python command with `srun` like so: srun python /home/le004/master_thesis/git/TSFusionForecast/code/ ...
[I 2023-12-27 11:00:45,546] Trial 0 finished with value: 0.3834414482116699 and parameters: {'gradient_clip_val': 0.1212854599662799, 'hidden_size': 16, 'dropout': 0.10370432048576471, 'hidden_continuous_size': 8, 'attention_head_size': 2, 'learning_rate': 0.003972603976122233}. Best is trial 0 with value: 0.3834414482116699.
[I 2023-12-27 11:00:57,248] Trial 1 finished with value: 3.050828695297241 and parameters: {'gradient_clip_val': 0.3128078744844141, 'hidden_size': 35, 'dropout': 0.33753563246509005, 'hidden_continuous_size': 6, 'attention_head_size': 3, 'learning_rate': 0.0005955835381897368}. Best is trial 0 with value: 0.3834414482116699.
[I 2023-12-27 11:00:57,608] Trial 2 finished with value: 3.4516713619232178 and parameters: {'gradient_clip_val': 0.5127053953930597, 'hidden_size': 13, 'dropout': 0.21826264927448583, 'hidden_continuous_size': 9, 'attention_head_size': 1, 'learning_rate': 0.02292908193001442}. Best is trial 0 with value: 0.3834414482116699.
[I 2023-12-27 11:00:57,964] Trial 3 finished with value: 3.7521140575408936 and parameters: {'gradient_clip_val': 0.4360874470761227, 'hidden_size': 6, 'dropout': 0.4876848960421678, 'hidden_continuous_size': 5, 'attention_head_size': 1, 'learning_rate': 0.009790785772807533}. Best is trial 0 with value: 0.3834414482116699.
[I 2023-12-27 11:00:58,547] Trial 4 finished with value: 3.042498826980591 and parameters: {'gradient_clip_val': 0.5153146146951191, 'hidden_size': 7, 'dropout': 0.25716290434972744, 'hidden_continuous_size': 6, 'attention_head_size': 1, 'learning_rate': 0.0006748400400484937}. Best is trial 0 with value: 0.3834414482116699.
[I 2023-12-27 11:00:58,872] Trial 5 finished with value: 2.339897871017456 and parameters: {'gradient_clip_val': 0.8122616057993847, 'hidden_size': 6, 'dropout': 0.10837630732373489, 'hidden_continuous_size': 6, 'attention_head_size': 1, 'learning_rate': 0.0007941467950781568}. Best is trial 0 with value: 0.3834414482116699.
[I 2023-12-27 11:00:59,201] Trial 6 finished with value: 3.5251243114471436 and parameters: {'gradient_clip_val': 0.17700202702883494, 'hidden_size': 5, 'dropout': 0.4627746599191457, 'hidden_continuous_size': 5, 'attention_head_size': 3, 'learning_rate': 0.054563256416292824}. Best is trial 0 with value: 0.3834414482116699.
[I 2023-12-27 11:00:59,572] Trial 7 finished with value: 3.378349542617798 and parameters: {'gradient_clip_val': 0.42582993940117586, 'hidden_size': 19, 'dropout': 0.3045462141120664, 'hidden_continuous_size': 8, 'attention_head_size': 3, 'learning_rate': 0.028570157894699612}. Best is trial 0 with value: 0.3834414482116699.
[I 2023-12-27 11:00:59,927] Trial 8 finished with value: 3.1284544467926025 and parameters: {'gradient_clip_val': 0.6064662995341119, 'hidden_size': 17, 'dropout': 0.22591297330382393, 'hidden_continuous_size': 5, 'attention_head_size': 1, 'learning_rate': 0.0010982721206372974}. Best is trial 0 with value: 0.3834414482116699.
[I 2023-12-27 11:01:00,282] Trial 9 finished with value: 2.914362668991089 and parameters: {'gradient_clip_val': 0.16458751861442605, 'hidden_size': 6, 'dropout': 0.4337028505555953, 'hidden_continuous_size': 5, 'attention_head_size': 2, 'learning_rate': 0.04304918932238737}. Best is trial 0 with value: 0.3834414482116699.
[I 2023-12-27 11:01:00,782] Trial 10 finished with value: 3.6598730087280273 and parameters: {'gradient_clip_val': 0.12170214052481758, 'hidden_size': 88, 'dropout': 0.11226474191975964, 'hidden_continuous_size': 31, 'attention_head_size': 4, 'learning_rate': 0.0030214291908713027}. Best is trial 0 with value: 0.3834414482116699.
[I 2023-12-27 11:01:01,167] Trial 11 finished with value: 3.133131742477417 and parameters: {'gradient_clip_val': 0.9891413859139745, 'hidden_size': 10, 'dropout': 0.10600899538903061, 'hidden_continuous_size': 7, 'attention_head_size': 2, 'learning_rate': 0.0020609825099964655}. Best is trial 0 with value: 0.3834414482116699.
[I 2023-12-27 11:01:01,589] Trial 12 finished with value: 3.4767532348632812 and parameters: {'gradient_clip_val': 0.10384537755793408, 'hidden_size': 31, 'dropout': 0.15349597461825537, 'hidden_continuous_size': 11, 'attention_head_size': 2, 'learning_rate': 0.004403122242361211}. Best is trial 0 with value: 0.3834414482116699.
[I 2023-12-27 11:01:02,000] Trial 13 finished with value: 3.0847742557525635 and parameters: {'gradient_clip_val': 0.29074300957641663, 'hidden_size': 10, 'dropout': 0.16697179301684362, 'hidden_continuous_size': 6, 'attention_head_size': 2, 'learning_rate': 0.0015605875511120625}. Best is trial 0 with value: 0.3834414482116699.
[I 2023-12-27 11:01:02,394] Trial 14 finished with value: 3.584972620010376 and parameters: {'gradient_clip_val': 0.23358628532726436, 'hidden_size': 10, 'dropout': 0.10215486664226786, 'hidden_continuous_size': 7, 'attention_head_size': 1, 'learning_rate': 0.007480048417469636}. Best is trial 0 with value: 0.3834414482116699.
[I 2023-12-27 11:01:02,795] Trial 15 finished with value: 3.223294973373413 and parameters: {'gradient_clip_val': 0.8338076538859573, 'hidden_size': 22, 'dropout': 0.1699944277646392, 'hidden_continuous_size': 11, 'attention_head_size': 2, 'learning_rate': 0.0010514994241578098}. Best is trial 0 with value: 0.3834414482116699.
[I 2023-12-27 11:01:03,172] Trial 16 finished with value: 2.8975830078125 and parameters: {'gradient_clip_val': 0.22695901843941235, 'hidden_size': 5, 'dropout': 0.1546109021011354, 'hidden_continuous_size': 5, 'attention_head_size': 4, 'learning_rate': 0.0036133270041404687}. Best is trial 0 with value: 0.3834414482116699.
[I 2023-12-27 11:01:03,847] Trial 17 finished with value: 3.5546576976776123 and parameters: {'gradient_clip_val': 0.7693078522790632, 'hidden_size': 50, 'dropout': 0.21499097699403016, 'hidden_continuous_size': 17, 'attention_head_size': 1, 'learning_rate': 0.0005043342940747766}. Best is trial 0 with value: 0.3834414482116699.
[I 2023-12-27 11:01:04,222] Trial 18 finished with value: 2.9644391536712646 and parameters: {'gradient_clip_val': 0.37660562814492543, 'hidden_size': 16, 'dropout': 0.1384589277585603, 'hidden_continuous_size': 7, 'attention_head_size': 2, 'learning_rate': 0.0022672266302314966}. Best is trial 0 with value: 0.3834414482116699.
[I 2023-12-27 11:01:04,609] Trial 19 finished with value: 3.882046699523926 and parameters: {'gradient_clip_val': 0.617918060707435, 'hidden_size': 8, 'dropout': 0.18997635370898502, 'hidden_continuous_size': 6, 'attention_head_size': 3, 'learning_rate': 0.005325349113813826}. Best is trial 0 with value: 0.3834414482116699.
[I 2023-12-27 11:01:04,987] Trial 20 finished with value: 2.8454177379608154 and parameters: {'gradient_clip_val': 0.33904969909568283, 'hidden_size': 13, 'dropout': 0.13156748913333036, 'hidden_continuous_size': 8, 'attention_head_size': 1, 'learning_rate': 0.008453064330076405}. Best is trial 0 with value: 0.3834414482116699.
[I 2023-12-27 11:01:05,408] Trial 21 finished with value: 3.9789631366729736 and parameters: {'gradient_clip_val': 0.3736839612837769, 'hidden_size': 13, 'dropout': 0.10014195603631668, 'hidden_continuous_size': 8, 'attention_head_size': 1, 'learning_rate': 0.010198148254824577}. Best is trial 0 with value: 0.3834414482116699.
[I 2023-12-27 11:01:05,823] Trial 22 finished with value: 3.003150224685669 and parameters: {'gradient_clip_val': 0.2779612482088897, 'hidden_size': 25, 'dropout': 0.15526463701816112, 'hidden_continuous_size': 9, 'attention_head_size': 1, 'learning_rate': 0.015125681415831068}. Best is trial 0 with value: 0.3834414482116699.
[I 2023-12-27 11:01:06,213] Trial 23 finished with value: 3.5278358459472656 and parameters: {'gradient_clip_val': 0.1394452714374511, 'hidden_size': 9, 'dropout': 0.13263120223606698, 'hidden_continuous_size': 6, 'attention_head_size': 2, 'learning_rate': 0.005457753035983839}. Best is trial 0 with value: 0.3834414482116699.
[I 2023-12-27 11:01:06,621] Trial 24 finished with value: 3.8207178115844727 and parameters: {'gradient_clip_val': 0.2147316701511682, 'hidden_size': 15, 'dropout': 0.12825808686935553, 'hidden_continuous_size': 7, 'attention_head_size': 1, 'learning_rate': 0.0030981867895802442}. Best is trial 0 with value: 0.3834414482116699.
[I 2023-12-27 11:01:07,019] Trial 25 finished with value: 3.91675066947937 and parameters: {'gradient_clip_val': 0.26313286572539174, 'hidden_size': 7, 'dropout': 0.19291724924659331, 'hidden_continuous_size': 5, 'attention_head_size': 2, 'learning_rate': 0.0063019303996353845}. Best is trial 0 with value: 0.3834414482116699.
[I 2023-12-27 11:01:07,412] Trial 26 finished with value: 3.139921188354492 and parameters: {'gradient_clip_val': 0.18539607973255157, 'hidden_size': 13, 'dropout': 0.13449599279952046, 'hidden_continuous_size': 8, 'attention_head_size': 1, 'learning_rate': 0.0017286807951995354}. Best is trial 0 with value: 0.3834414482116699.
[I 2023-12-27 11:01:07,814] Trial 27 finished with value: 3.1460888385772705 and parameters: {'gradient_clip_val': 0.10178231146751769, 'hidden_size': 21, 'dropout': 0.18005784194069022, 'hidden_continuous_size': 11, 'attention_head_size': 1, 'learning_rate': 0.013007217621181306}. Best is trial 0 with value: 0.3834414482116699.
[I 2023-12-27 11:01:08,195] Trial 28 finished with value: 3.195148468017578 and parameters: {'gradient_clip_val': 0.3553967990610388, 'hidden_size': 11, 'dropout': 0.10014282278350659, 'hidden_continuous_size': 6, 'attention_head_size': 2, 'learning_rate': 0.08278370158879324}. Best is trial 0 with value: 0.3834414482116699.
[I 2023-12-27 11:01:08,610] Trial 29 finished with value: 3.40722918510437 and parameters: {'gradient_clip_val': 0.2920363740356534, 'hidden_size': 29, 'dropout': 0.1299132649039486, 'hidden_continuous_size': 10, 'attention_head_size': 3, 'learning_rate': 0.003985565721050652}. Best is trial 0 with value: 0.3834414482116699.
[I 2023-12-27 11:01:09,300] Trial 30 finished with value: 3.3634960651397705 and parameters: {'gradient_clip_val': 0.31642036077778246, 'hidden_size': 40, 'dropout': 0.2460874945224275, 'hidden_continuous_size': 13, 'attention_head_size': 4, 'learning_rate': 0.0006707574806585232}. Best is trial 0 with value: 0.3834414482116699.
[I 2023-12-27 11:01:09,659] Trial 31 finished with value: 2.9803402423858643 and parameters: {'gradient_clip_val': 0.2309704651262704, 'hidden_size': 5, 'dropout': 0.1518351879935238, 'hidden_continuous_size': 5, 'attention_head_size': 4, 'learning_rate': 0.003071161697950679}. Best is trial 0 with value: 0.3834414482116699.
[I 2023-12-27 11:01:10,046] Trial 32 finished with value: 2.2057292461395264 and parameters: {'gradient_clip_val': 0.14231262920108514, 'hidden_size': 8, 'dropout': 0.16234819906593068, 'hidden_continuous_size': 5, 'attention_head_size': 4, 'learning_rate': 0.007635727452838584}. Best is trial 0 with value: 0.3834414482116699.
[I 2023-12-27 11:01:10,433] Trial 33 finished with value: 3.644848108291626 and parameters: {'gradient_clip_val': 0.14277911780618494, 'hidden_size': 12, 'dropout': 0.19289756363266966, 'hidden_continuous_size': 6, 'attention_head_size': 3, 'learning_rate': 0.007679204191497807}. Best is trial 0 with value: 0.3834414482116699.
[I 2023-12-27 11:01:10,810] Trial 34 finished with value: 4.467628479003906 and parameters: {'gradient_clip_val': 0.14816647930274232, 'hidden_size': 8, 'dropout': 0.12659483112612363, 'hidden_continuous_size': 5, 'attention_head_size': 1, 'learning_rate': 0.009355038586827324}. Best is trial 0 with value: 0.3834414482116699.
[I 2023-12-27 11:01:11,195] Trial 35 finished with value: 3.7286880016326904 and parameters: {'gradient_clip_val': 0.12184952497778219, 'hidden_size': 7, 'dropout': 0.1737417395705761, 'hidden_continuous_size': 5, 'attention_head_size': 4, 'learning_rate': 0.014629294381264165}. Best is trial 0 with value: 0.3834414482116699.
[I 2023-12-27 11:01:11,594] Trial 36 finished with value: 3.7349722385406494 and parameters: {'gradient_clip_val': 0.19550552756277384, 'hidden_size': 14, 'dropout': 0.12293526676336, 'hidden_continuous_size': 7, 'attention_head_size': 3, 'learning_rate': 0.00509351888154745}. Best is trial 0 with value: 0.3834414482116699.
