[I 2023-12-27 11:15:14,496] Trial 33 finished with value: 4963.8798828125 and parameters: {'gradient_clip_val': 0.1682750018383918, 'hidden_size': 32, 'dropout': 0.31447097564935983, 'hidden_continuous_size': 14, 'attention_head_size': 2, 'learning_rate': 0.041019165187062466}. Best is trial 0 with value: 700.1325073242188.
[I 2023-12-27 11:15:14,903] Trial 34 finished with value: 3532.686279296875 and parameters: {'gradient_clip_val': 0.13645373864909888, 'hidden_size': 39, 'dropout': 0.27601624228302835, 'hidden_continuous_size': 8, 'attention_head_size': 1, 'learning_rate': 0.017628203428405115}. Best is trial 0 with value: 700.1325073242188.
[I 2023-12-27 11:15:15,280] Trial 35 finished with value: 4213.15234375 and parameters: {'gradient_clip_val': 0.22934979476399459, 'hidden_size': 22, 'dropout': 0.33659906589410715, 'hidden_continuous_size': 7, 'attention_head_size': 3, 'learning_rate': 0.06438189991243148}. Best is trial 0 with value: 700.1325073242188.
[I 2023-12-27 11:15:15,645] Trial 36 finished with value: 2939.152099609375 and parameters: {'gradient_clip_val': 0.18045126680721715, 'hidden_size': 15, 'dropout': 0.39200188345195075, 'hidden_continuous_size': 6, 'attention_head_size': 4, 'learning_rate': 0.047232406503281914}. Best is trial 0 with value: 700.1325073242188.
[I 2023-12-27 11:15:16,132] Trial 37 finished with value: 4639.99560546875 and parameters: {'gradient_clip_val': 0.20763696006300117, 'hidden_size': 95, 'dropout': 0.2998062692910983, 'hidden_continuous_size': 10, 'attention_head_size': 2, 'learning_rate': 0.06615571538044311}. Best is trial 0 with value: 700.1325073242188.
[I 2023-12-27 11:15:16,501] Trial 38 finished with value: 2771.465087890625 and parameters: {'gradient_clip_val': 0.32641389198554344, 'hidden_size': 23, 'dropout': 0.42919578040189554, 'hidden_continuous_size': 15, 'attention_head_size': 1, 'learning_rate': 0.013237247224776006}. Best is trial 0 with value: 700.1325073242188.
[I 2023-12-27 11:15:16,902] Trial 39 finished with value: 3515.953125 and parameters: {'gradient_clip_val': 0.3320168186100245, 'hidden_size': 26, 'dropout': 0.49835790553323883, 'hidden_continuous_size': 14, 'attention_head_size': 1, 'learning_rate': 0.012468351930124778}. Best is trial 0 with value: 700.1325073242188.
[I 2023-12-27 11:15:17,261] Trial 40 finished with value: 3331.220703125 and parameters: {'gradient_clip_val': 0.4168195814480307, 'hidden_size': 17, 'dropout': 0.40469722547703507, 'hidden_continuous_size': 9, 'attention_head_size': 1, 'learning_rate': 0.03434850130700046}. Best is trial 0 with value: 700.1325073242188.
[I 2023-12-27 11:15:17,836] Trial 41 finished with value: 3026.638427734375 and parameters: {'gradient_clip_val': 0.26554715206011736, 'hidden_size': 24, 'dropout': 0.44510141386003343, 'hidden_continuous_size': 21, 'attention_head_size': 1, 'learning_rate': 0.07673265129370367}. Best is trial 0 with value: 700.1325073242188.
[I 2023-12-27 11:15:18,196] Trial 42 finished with value: 5488.08740234375 and parameters: {'gradient_clip_val': 0.36104905307274177, 'hidden_size': 11, 'dropout': 0.3552446577168499, 'hidden_continuous_size': 8, 'attention_head_size': 2, 'learning_rate': 0.04618490197806684}. Best is trial 0 with value: 700.1325073242188.
[I 2023-12-27 11:15:18,556] Trial 43 finished with value: 3901.626220703125 and parameters: {'gradient_clip_val': 0.11313143770077683, 'hidden_size': 19, 'dropout': 0.4429878440371724, 'hidden_continuous_size': 12, 'attention_head_size': 3, 'learning_rate': 0.09798730854854686}. Best is trial 0 with value: 700.1325073242188.
[I 2023-12-27 11:15:18,938] Trial 44 finished with value: 3124.287109375 and parameters: {'gradient_clip_val': 0.1559630191359697, 'hidden_size': 36, 'dropout': 0.3855321020771355, 'hidden_continuous_size': 17, 'attention_head_size': 1, 'learning_rate': 0.01563596495932517}. Best is trial 0 with value: 700.1325073242188.
[I 2023-12-27 11:15:19,350] Trial 45 finished with value: 3099.087890625 and parameters: {'gradient_clip_val': 0.14373267604515994, 'hidden_size': 47, 'dropout': 0.34746025072178754, 'hidden_continuous_size': 32, 'attention_head_size': 2, 'learning_rate': 0.010245977919066018}. Best is trial 0 with value: 700.1325073242188.
[I 2023-12-27 11:15:19,736] Trial 46 finished with value: 2953.171630859375 and parameters: {'gradient_clip_val': 0.17042156155584168, 'hidden_size': 23, 'dropout': 0.3696482543399587, 'hidden_continuous_size': 11, 'attention_head_size': 4, 'learning_rate': 0.021514233527058498}. Best is trial 0 with value: 700.1325073242188.
[I 2023-12-27 11:15:20,141] Trial 47 finished with value: 4282.98388671875 and parameters: {'gradient_clip_val': 0.32413201626307137, 'hidden_size': 15, 'dropout': 0.12406594533443285, 'hidden_continuous_size': 9, 'attention_head_size': 3, 'learning_rate': 0.02910383330370446}. Best is trial 0 with value: 700.1325073242188.
[I 2023-12-27 11:15:20,479] Trial 48 finished with value: 3277.2626953125 and parameters: {'gradient_clip_val': 0.10743418590756823, 'hidden_size': 5, 'dropout': 0.33085846913162187, 'hidden_continuous_size': 5, 'attention_head_size': 2, 'learning_rate': 0.004680147447210547}. Best is trial 0 with value: 700.1325073242188.
[I 2023-12-27 11:15:20,865] Trial 49 finished with value: 4239.68115234375 and parameters: {'gradient_clip_val': 0.5477440665675201, 'hidden_size': 10, 'dropout': 0.30689716590680105, 'hidden_continuous_size': 8, 'attention_head_size': 3, 'learning_rate': 0.08607803485378543}. Best is trial 0 with value: 700.1325073242188.
[I 2023-12-27 11:15:20,990] A new study created in memory with name: no-name-30c323ec-19a3-42cd-9931-14fde124ac06
/home/le004/conda/anaconda3/envs/tsff_env/lib/python3.9/site-packages/lightning/fabric/plugins/environments/slurm.py:191: The `srun` command is available on your system but is not used. HINT: If your intention is to run Lightning on SLURM, prepend your python command with `srun` like so: srun python /home/le004/master_thesis/git/TSFusionForecast/code/ ...
[I 2023-12-27 11:15:53,881] Trial 0 finished with value: 47179.70703125 and parameters: {'gradient_clip_val': 0.20633914226803504, 'hidden_size': 36, 'dropout': 0.39384414499021825, 'hidden_continuous_size': 7, 'attention_head_size': 2, 'learning_rate': 0.000620628331221009}. Best is trial 0 with value: 47179.70703125.
[I 2023-12-27 11:16:03,665] Trial 1 finished with value: 57594.48046875 and parameters: {'gradient_clip_val': 0.2713551805957705, 'hidden_size': 12, 'dropout': 0.20536856925622893, 'hidden_continuous_size': 7, 'attention_head_size': 1, 'learning_rate': 0.01218348561774598}. Best is trial 0 with value: 47179.70703125.
[I 2023-12-27 11:16:03,974] Trial 2 finished with value: 89956.7578125 and parameters: {'gradient_clip_val': 0.8702798689709698, 'hidden_size': 5, 'dropout': 0.13562589265807903, 'hidden_continuous_size': 5, 'attention_head_size': 4, 'learning_rate': 0.002742644206551314}. Best is trial 0 with value: 47179.70703125.
[I 2023-12-27 11:16:04,328] Trial 3 finished with value: 99707.0390625 and parameters: {'gradient_clip_val': 0.5736895273966934, 'hidden_size': 26, 'dropout': 0.17016690688776015, 'hidden_continuous_size': 13, 'attention_head_size': 4, 'learning_rate': 0.02046613014256913}. Best is trial 0 with value: 47179.70703125.
[I 2023-12-27 11:16:04,727] Trial 4 finished with value: 118011.3984375 and parameters: {'gradient_clip_val': 0.1422438536833637, 'hidden_size': 72, 'dropout': 0.35078334324344507, 'hidden_continuous_size': 6, 'attention_head_size': 4, 'learning_rate': 0.0007273952854476005}. Best is trial 0 with value: 47179.70703125.
[I 2023-12-27 11:16:05,117] Trial 5 finished with value: 86928.6484375 and parameters: {'gradient_clip_val': 0.9036837826840214, 'hidden_size': 59, 'dropout': 0.28262451663898946, 'hidden_continuous_size': 27, 'attention_head_size': 1, 'learning_rate': 0.012670422413348207}. Best is trial 0 with value: 47179.70703125.
[I 2023-12-27 11:16:05,466] Trial 6 finished with value: 88584.6640625 and parameters: {'gradient_clip_val': 0.2690740908147158, 'hidden_size': 25, 'dropout': 0.3113339570695693, 'hidden_continuous_size': 15, 'attention_head_size': 3, 'learning_rate': 0.06188305118514814}. Best is trial 0 with value: 47179.70703125.
[I 2023-12-27 11:16:05,835] Trial 7 finished with value: 84281.4375 and parameters: {'gradient_clip_val': 0.6253614699100879, 'hidden_size': 52, 'dropout': 0.39179890264696404, 'hidden_continuous_size': 8, 'attention_head_size': 3, 'learning_rate': 0.036595827868130176}. Best is trial 0 with value: 47179.70703125.
[I 2023-12-27 11:16:06,341] Trial 8 finished with value: 93714.4296875 and parameters: {'gradient_clip_val': 0.9494647321943752, 'hidden_size': 135, 'dropout': 0.3263113634011701, 'hidden_continuous_size': 14, 'attention_head_size': 3, 'learning_rate': 0.006190340818032461}. Best is trial 0 with value: 47179.70703125.
[I 2023-12-27 11:16:06,641] Trial 9 finished with value: 84707.78125 and parameters: {'gradient_clip_val': 0.3218885593703365, 'hidden_size': 6, 'dropout': 0.23389617662421547, 'hidden_continuous_size': 6, 'attention_head_size': 3, 'learning_rate': 0.015594913575832009}. Best is trial 0 with value: 47179.70703125.
[I 2023-12-27 11:16:06,998] Trial 10 finished with value: 99131.3515625 and parameters: {'gradient_clip_val': 0.1018866162555937, 'hidden_size': 15, 'dropout': 0.4897362901709036, 'hidden_continuous_size': 5, 'attention_head_size': 2, 'learning_rate': 0.0005011410439034243}. Best is trial 0 with value: 47179.70703125.
[I 2023-12-27 11:16:07,346] Trial 11 finished with value: 96438.15625 and parameters: {'gradient_clip_val': 0.21899542615114145, 'hidden_size': 12, 'dropout': 0.20672403161681246, 'hidden_continuous_size': 7, 'attention_head_size': 1, 'learning_rate': 0.0024214760852635767}. Best is trial 0 with value: 47179.70703125.
[I 2023-12-27 11:16:07,692] Trial 12 finished with value: 86819.3203125 and parameters: {'gradient_clip_val': 0.20108744115230745, 'hidden_size': 12, 'dropout': 0.11427051905806597, 'hidden_continuous_size': 7, 'attention_head_size': 2, 'learning_rate': 0.09035492316523279}. Best is trial 0 with value: 47179.70703125.
[I 2023-12-27 11:16:08,060] Trial 13 finished with value: 92827.9140625 and parameters: {'gradient_clip_val': 0.34615852993981094, 'hidden_size': 34, 'dropout': 0.23721528573693723, 'hidden_continuous_size': 9, 'attention_head_size': 1, 'learning_rate': 0.004981613417487099}. Best is trial 0 with value: 47179.70703125.
[I 2023-12-27 11:16:08,416] Trial 14 finished with value: 91497.4921875 and parameters: {'gradient_clip_val': 0.17164827982284225, 'hidden_size': 18, 'dropout': 0.41405317316504703, 'hidden_continuous_size': 8, 'attention_head_size': 2, 'learning_rate': 0.001292563652035885}. Best is trial 0 with value: 47179.70703125.
[I 2023-12-27 11:16:08,998] Trial 15 finished with value: 92152.875 and parameters: {'gradient_clip_val': 0.27372976505418106, 'hidden_size': 8, 'dropout': 0.27037942372557267, 'hidden_continuous_size': 5, 'attention_head_size': 1, 'learning_rate': 0.007881403061699118}. Best is trial 0 with value: 47179.70703125.
[I 2023-12-27 11:16:09,365] Trial 16 finished with value: 74018.4921875 and parameters: {'gradient_clip_val': 0.4496166112190045, 'hidden_size': 9, 'dropout': 0.1732984488743912, 'hidden_continuous_size': 6, 'attention_head_size': 2, 'learning_rate': 0.0012333166578221732}. Best is trial 0 with value: 47179.70703125.
[I 2023-12-27 11:16:09,726] Trial 17 finished with value: 98460.8828125 and parameters: {'gradient_clip_val': 0.23142337055183634, 'hidden_size': 20, 'dropout': 0.3802221755919435, 'hidden_continuous_size': 10, 'attention_head_size': 1, 'learning_rate': 0.002898360770117919}. Best is trial 0 with value: 47179.70703125.
[I 2023-12-27 11:16:10,119] Trial 18 finished with value: 78603.0859375 and parameters: {'gradient_clip_val': 0.37679652791271356, 'hidden_size': 31, 'dropout': 0.44023431162633253, 'hidden_continuous_size': 11, 'attention_head_size': 2, 'learning_rate': 0.03132685151229974}. Best is trial 0 with value: 47179.70703125.
[I 2023-12-27 11:16:10,498] Trial 19 finished with value: 91640.4609375 and parameters: {'gradient_clip_val': 0.1688217335940063, 'hidden_size': 39, 'dropout': 0.35412179022933277, 'hidden_continuous_size': 11, 'attention_head_size': 1, 'learning_rate': 0.008080763129843368}. Best is trial 0 with value: 47179.70703125.
[I 2023-12-27 11:16:10,849] Trial 20 finished with value: 94065.7890625 and parameters: {'gradient_clip_val': 0.27499416124661397, 'hidden_size': 19, 'dropout': 0.30147046921441045, 'hidden_continuous_size': 7, 'attention_head_size': 2, 'learning_rate': 0.0036930906727395524}. Best is trial 0 with value: 47179.70703125.
[I 2023-12-27 11:16:11,207] Trial 21 finished with value: 87673.7890625 and parameters: {'gradient_clip_val': 0.413069866164521, 'hidden_size': 9, 'dropout': 0.16316930937959773, 'hidden_continuous_size': 6, 'attention_head_size': 2, 'learning_rate': 0.0011952084408986064}. Best is trial 0 with value: 47179.70703125.
[I 2023-12-27 11:16:11,566] Trial 22 finished with value: 110049.5078125 and parameters: {'gradient_clip_val': 0.43803964563694053, 'hidden_size': 8, 'dropout': 0.20553291099269946, 'hidden_continuous_size': 6, 'attention_head_size': 2, 'learning_rate': 0.001434029993085973}. Best is trial 0 with value: 47179.70703125.
[I 2023-12-27 11:16:11,918] Trial 23 finished with value: 95028.6015625 and parameters: {'gradient_clip_val': 0.46023252411369797, 'hidden_size': 13, 'dropout': 0.16357389944657877, 'hidden_continuous_size': 7, 'attention_head_size': 2, 'learning_rate': 0.0005733523795322621}. Best is trial 0 with value: 47179.70703125.
[I 2023-12-27 11:16:12,264] Trial 24 finished with value: 81824.4296875 and parameters: {'gradient_clip_val': 0.3021074987055699, 'hidden_size': 10, 'dropout': 0.104363567153624, 'hidden_continuous_size': 6, 'attention_head_size': 1, 'learning_rate': 0.0009000169673199672}. Best is trial 0 with value: 47179.70703125.
[I 2023-12-27 11:16:12,608] Trial 25 finished with value: 83881.7109375 and parameters: {'gradient_clip_val': 0.24272768386928723, 'hidden_size': 6, 'dropout': 0.25398366632507097, 'hidden_continuous_size': 5, 'attention_head_size': 3, 'learning_rate': 0.0016838459679401252}. Best is trial 0 with value: 47179.70703125.
[I 2023-12-27 11:16:12,951] Trial 26 finished with value: 117630.9609375 and parameters: {'gradient_clip_val': 0.32375959979973973, 'hidden_size': 16, 'dropout': 0.20895564024175745, 'hidden_continuous_size': 8, 'attention_head_size': 2, 'learning_rate': 0.0009531525708835699}. Best is trial 0 with value: 47179.70703125.
[I 2023-12-27 11:16:13,321] Trial 27 finished with value: 84843.6640625 and parameters: {'gradient_clip_val': 0.36577156666870325, 'hidden_size': 23, 'dropout': 0.26798251080222024, 'hidden_continuous_size': 9, 'attention_head_size': 1, 'learning_rate': 0.0019634906947059334}. Best is trial 0 with value: 47179.70703125.
[I 2023-12-27 11:16:13,923] Trial 28 finished with value: 120975.21875 and parameters: {'gradient_clip_val': 0.20714758361978342, 'hidden_size': 14, 'dropout': 0.18531459433934241, 'hidden_continuous_size': 7, 'attention_head_size': 2, 'learning_rate': 0.0006722634307003418}. Best is trial 0 with value: 47179.70703125.
[I 2023-12-27 11:16:14,261] Trial 29 finished with value: 101595.8203125 and parameters: {'gradient_clip_val': 0.5239196051220724, 'hidden_size': 5, 'dropout': 0.15735380648276934, 'hidden_continuous_size': 5, 'attention_head_size': 3, 'learning_rate': 0.0009771045288971168}. Best is trial 0 with value: 47179.70703125.
[I 2023-12-27 11:16:14,624] Trial 30 finished with value: 101147.3125 and parameters: {'gradient_clip_val': 0.7273779230622369, 'hidden_size': 10, 'dropout': 0.1254585136934463, 'hidden_continuous_size': 6, 'attention_head_size': 1, 'learning_rate': 0.002257136676615757}. Best is trial 0 with value: 47179.70703125.
[I 2023-12-27 11:16:15,017] Trial 31 finished with value: 84782.0625 and parameters: {'gradient_clip_val': 0.3790806539363816, 'hidden_size': 31, 'dropout': 0.13662614974696352, 'hidden_continuous_size': 11, 'attention_head_size': 2, 'learning_rate': 0.028296606620578885}. Best is trial 0 with value: 47179.70703125.
[I 2023-12-27 11:16:15,401] Trial 32 finished with value: 129348.09375 and parameters: {'gradient_clip_val': 0.4873006573692352, 'hidden_size': 29, 'dropout': 0.427074067920237, 'hidden_continuous_size': 13, 'attention_head_size': 2, 'learning_rate': 0.011188193000294338}. Best is trial 0 with value: 47179.70703125.
[I 2023-12-27 11:16:15,786] Trial 33 finished with value: 101214.7890625 and parameters: {'gradient_clip_val': 0.395425171003645, 'hidden_size': 22, 'dropout': 0.45427315762197334, 'hidden_continuous_size': 9, 'attention_head_size': 4, 'learning_rate': 0.023003347675799868}. Best is trial 0 with value: 47179.70703125.
[I 2023-12-27 11:16:16,167] Trial 34 finished with value: 86143.515625 and parameters: {'gradient_clip_val': 0.5276957076320519, 'hidden_size': 37, 'dropout': 0.4534840359191631, 'hidden_continuous_size': 11, 'attention_head_size': 2, 'learning_rate': 0.0007372768236337324}. Best is trial 0 with value: 47179.70703125.
[I 2023-12-27 11:16:16,540] Trial 35 finished with value: 92401.46875 and parameters: {'gradient_clip_val': 0.36796691068024534, 'hidden_size': 27, 'dropout': 0.3269649233591442, 'hidden_continuous_size': 12, 'attention_head_size': 3, 'learning_rate': 0.013984769454414262}. Best is trial 0 with value: 47179.70703125.
[I 2023-12-27 11:16:16,930] Trial 36 finished with value: 92667.03125 and parameters: {'gradient_clip_val': 0.4291972043933495, 'hidden_size': 45, 'dropout': 0.360159364214424, 'hidden_continuous_size': 16, 'attention_head_size': 2, 'learning_rate': 0.039003109120347115}. Best is trial 0 with value: 47179.70703125.
[I 2023-12-27 11:16:17,306] Trial 37 finished with value: 106418.4921875 and parameters: {'gradient_clip_val': 0.27833718802678736, 'hidden_size': 25, 'dropout': 0.29402446005421, 'hidden_continuous_size': 8, 'attention_head_size': 1, 'learning_rate': 0.019475538752262028}. Best is trial 0 with value: 47179.70703125.
[I 2023-12-27 11:16:17,733] Trial 38 finished with value: 95305.7734375 and parameters: {'gradient_clip_val': 0.3230933970533328, 'hidden_size': 73, 'dropout': 0.380150156734256, 'hidden_continuous_size': 17, 'attention_head_size': 4, 'learning_rate': 0.01131845451289046}. Best is trial 0 with value: 47179.70703125.
[I 2023-12-27 11:16:18,086] Trial 39 finished with value: 97988.6875 and parameters: {'gradient_clip_val': 0.6306138256353055, 'hidden_size': 17, 'dropout': 0.3215630652488887, 'hidden_continuous_size': 10, 'attention_head_size': 3, 'learning_rate': 0.003660218855843318}. Best is trial 0 with value: 47179.70703125.
[I 2023-12-27 11:16:18,468] Trial 40 finished with value: 76176.625 and parameters: {'gradient_clip_val': 0.2502534341540312, 'hidden_size': 30, 'dropout': 0.4981212719792537, 'hidden_continuous_size': 22, 'attention_head_size': 2, 'learning_rate': 0.0005492363027252094}. Best is trial 0 with value: 47179.70703125.
[I 2023-12-27 11:16:19,082] Trial 41 finished with value: 103976.5625 and parameters: {'gradient_clip_val': 0.24978524300163704, 'hidden_size': 30, 'dropout': 0.4995493301328468, 'hidden_continuous_size': 18, 'attention_head_size': 2, 'learning_rate': 0.0005080656918563746}. Best is trial 0 with value: 47179.70703125.
[I 2023-12-27 11:16:19,450] Trial 42 finished with value: 103922.2109375 and parameters: {'gradient_clip_val': 0.3141258967270169, 'hidden_size': 21, 'dropout': 0.481188899370639, 'hidden_continuous_size': 20, 'attention_head_size': 2, 'learning_rate': 0.0007500560444065629}. Best is trial 0 with value: 47179.70703125.
[I 2023-12-27 11:16:19,857] Trial 43 finished with value: 84622.703125 and parameters: {'gradient_clip_val': 0.24604257456197973, 'hidden_size': 42, 'dropout': 0.4748555634127824, 'hidden_continuous_size': 40, 'attention_head_size': 2, 'learning_rate': 0.000656409919028262}. Best is trial 0 with value: 47179.70703125.
[I 2023-12-27 11:16:20,257] Trial 44 finished with value: 73851.359375 and parameters: {'gradient_clip_val': 0.1923860882296586, 'hidden_size': 35, 'dropout': 0.425397104684577, 'hidden_continuous_size': 15, 'attention_head_size': 3, 'learning_rate': 0.0005007308799357735}. Best is trial 0 with value: 47179.70703125.
[I 2023-12-27 11:16:20,656] Trial 45 finished with value: 88117.4296875 and parameters: {'gradient_clip_val': 0.19190412645067081, 'hidden_size': 49, 'dropout': 0.4078933810645562, 'hidden_continuous_size': 22, 'attention_head_size': 3, 'learning_rate': 0.0005540630380784393}. Best is trial 0 with value: 47179.70703125.
[I 2023-12-27 11:16:21,039] Trial 46 finished with value: 134489.765625 and parameters: {'gradient_clip_val': 0.2185066752742344, 'hidden_size': 34, 'dropout': 0.4663236161444556, 'hidden_continuous_size': 14, 'attention_head_size': 3, 'learning_rate': 0.0010870222644672868}. Best is trial 0 with value: 47179.70703125.
[I 2023-12-27 11:16:21,430] Trial 47 finished with value: 87066.6171875 and parameters: {'gradient_clip_val': 0.18045620947565771, 'hidden_size': 26, 'dropout': 0.43532589549397027, 'hidden_continuous_size': 15, 'attention_head_size': 3, 'learning_rate': 0.000811161500275629}. Best is trial 0 with value: 47179.70703125.
[I 2023-12-27 11:16:21,814] Trial 48 finished with value: 104991.8125 and parameters: {'gradient_clip_val': 0.16482457190226743, 'hidden_size': 15, 'dropout': 0.4861699153325453, 'hidden_continuous_size': 12, 'attention_head_size': 4, 'learning_rate': 0.0014617279068902854}. Best is trial 0 with value: 47179.70703125.
