[I 2023-12-27 10:57:08,951] Trial 8 finished with value: 17974.876953125 and parameters: {'gradient_clip_val': 0.10002257606789695, 'hidden_size': 11, 'dropout': 0.35438582148171716, 'hidden_continuous_size': 7, 'attention_head_size': 4, 'learning_rate': 0.005990431393913802}. Best is trial 0 with value: 6955.02099609375.
[I 2023-12-27 10:57:09,322] Trial 9 finished with value: 13335.9482421875 and parameters: {'gradient_clip_val': 0.2260365588092376, 'hidden_size': 53, 'dropout': 0.3965921984044156, 'hidden_continuous_size': 13, 'attention_head_size': 1, 'learning_rate': 0.06409440165588749}. Best is trial 0 with value: 6955.02099609375.
[I 2023-12-27 10:57:09,637] Trial 10 finished with value: 21848.396484375 and parameters: {'gradient_clip_val': 0.4200181568388626, 'hidden_size': 5, 'dropout': 0.24327548265316778, 'hidden_continuous_size': 5, 'attention_head_size': 1, 'learning_rate': 0.020321537651266697}. Best is trial 0 with value: 6955.02099609375.
[I 2023-12-27 10:57:10,010] Trial 11 finished with value: 18488.802734375 and parameters: {'gradient_clip_val': 0.22093498747624563, 'hidden_size': 28, 'dropout': 0.3981126319516032, 'hidden_continuous_size': 11, 'attention_head_size': 1, 'learning_rate': 0.0979041189910207}. Best is trial 0 with value: 6955.02099609375.
[I 2023-12-27 10:57:10,571] Trial 12 finished with value: 14085.125 and parameters: {'gradient_clip_val': 0.4051511184168996, 'hidden_size': 18, 'dropout': 0.42703790606484265, 'hidden_continuous_size': 9, 'attention_head_size': 1, 'learning_rate': 0.021316665136700736}. Best is trial 0 with value: 6955.02099609375.
[I 2023-12-27 10:57:10,904] Trial 13 finished with value: 19671.75 and parameters: {'gradient_clip_val': 0.1862843061339577, 'hidden_size': 16, 'dropout': 0.4970205175180308, 'hidden_continuous_size': 8, 'attention_head_size': 1, 'learning_rate': 0.09672165356449616}. Best is trial 0 with value: 6955.02099609375.
[I 2023-12-27 10:57:11,304] Trial 14 finished with value: 20721.841796875 and parameters: {'gradient_clip_val': 0.3330561374076455, 'hidden_size': 50, 'dropout': 0.2712130564016519, 'hidden_continuous_size': 13, 'attention_head_size': 1, 'learning_rate': 0.026965318711540485}. Best is trial 0 with value: 6955.02099609375.
[I 2023-12-27 10:57:11,744] Trial 15 finished with value: 18479.5234375 and parameters: {'gradient_clip_val': 0.12846137991157314, 'hidden_size': 84, 'dropout': 0.3448570231582158, 'hidden_continuous_size': 12, 'attention_head_size': 2, 'learning_rate': 0.015648762604000364}. Best is trial 0 with value: 6955.02099609375.
[I 2023-12-27 10:57:12,092] Trial 16 finished with value: 17574.990234375 and parameters: {'gradient_clip_val': 0.21725986313088405, 'hidden_size': 19, 'dropout': 0.18707480649257077, 'hidden_continuous_size': 7, 'attention_head_size': 1, 'learning_rate': 0.04476883944239701}. Best is trial 0 with value: 6955.02099609375.
[I 2023-12-27 10:57:12,460] Trial 17 finished with value: 11075.4462890625 and parameters: {'gradient_clip_val': 0.2864977621522812, 'hidden_size': 37, 'dropout': 0.24458714602014384, 'hidden_continuous_size': 5, 'attention_head_size': 2, 'learning_rate': 0.012278655965897924}. Best is trial 0 with value: 6955.02099609375.
[I 2023-12-27 10:57:12,824] Trial 18 finished with value: 23890.734375 and parameters: {'gradient_clip_val': 0.39589326071591424, 'hidden_size': 29, 'dropout': 0.2411565729358079, 'hidden_continuous_size': 5, 'attention_head_size': 2, 'learning_rate': 0.011316124167525324}. Best is trial 0 with value: 6955.02099609375.
[I 2023-12-27 10:57:13,172] Trial 19 finished with value: 19750.021484375 and parameters: {'gradient_clip_val': 0.2797692440940426, 'hidden_size': 13, 'dropout': 0.15335432643105185, 'hidden_continuous_size': 5, 'attention_head_size': 2, 'learning_rate': 0.008685201518241509}. Best is trial 0 with value: 6955.02099609375.
[I 2023-12-27 10:57:13,556] Trial 20 finished with value: 13541.3271484375 and parameters: {'gradient_clip_val': 0.53117109591713, 'hidden_size': 21, 'dropout': 0.10174992333962898, 'hidden_continuous_size': 6, 'attention_head_size': 3, 'learning_rate': 0.028319788024729384}. Best is trial 0 with value: 6955.02099609375.
[I 2023-12-27 10:57:13,950] Trial 21 finished with value: 23840.103515625 and parameters: {'gradient_clip_val': 0.20927043527941744, 'hidden_size': 38, 'dropout': 0.2504423814090395, 'hidden_continuous_size': 10, 'attention_head_size': 1, 'learning_rate': 0.05774373112548723}. Best is trial 0 with value: 6955.02099609375.
[I 2023-12-27 10:57:14,350] Trial 22 finished with value: 22362.271484375 and parameters: {'gradient_clip_val': 0.2810173714771465, 'hidden_size': 39, 'dropout': 0.2138736023560756, 'hidden_continuous_size': 15, 'attention_head_size': 1, 'learning_rate': 0.03517445160631287}. Best is trial 0 with value: 6955.02099609375.
[I 2023-12-27 10:57:14,719] Trial 23 finished with value: 18291.7109375 and parameters: {'gradient_clip_val': 0.17970224840132795, 'hidden_size': 24, 'dropout': 0.28902749370341274, 'hidden_continuous_size': 6, 'attention_head_size': 2, 'learning_rate': 0.06133166268908396}. Best is trial 0 with value: 6955.02099609375.
[I 2023-12-27 10:57:15,123] Trial 24 finished with value: 15336.7314453125 and parameters: {'gradient_clip_val': 0.2538934751727002, 'hidden_size': 56, 'dropout': 0.16729449808460795, 'hidden_continuous_size': 8, 'attention_head_size': 1, 'learning_rate': 0.01481728345415598}. Best is trial 0 with value: 6955.02099609375.
[I 2023-12-27 10:57:15,754] Trial 25 finished with value: 20846.015625 and parameters: {'gradient_clip_val': 0.34164200825622637, 'hidden_size': 41, 'dropout': 0.32172752757748907, 'hidden_continuous_size': 10, 'attention_head_size': 2, 'learning_rate': 0.08045343278689214}. Best is trial 0 with value: 6955.02099609375.
[I 2023-12-27 10:57:16,148] Trial 26 finished with value: 20770.76953125 and parameters: {'gradient_clip_val': 0.21187529142210623, 'hidden_size': 31, 'dropout': 0.26751909049845946, 'hidden_continuous_size': 14, 'attention_head_size': 1, 'learning_rate': 0.04038190431371451}. Best is trial 0 with value: 6955.02099609375.
[I 2023-12-27 10:57:16,504] Trial 27 finished with value: 25237.556640625 and parameters: {'gradient_clip_val': 0.14584180017463863, 'hidden_size': 22, 'dropout': 0.229969009856978, 'hidden_continuous_size': 7, 'attention_head_size': 1, 'learning_rate': 0.07019412491963058}. Best is trial 0 with value: 6955.02099609375.
[I 2023-12-27 10:57:16,944] Trial 28 finished with value: 20338.884765625 and parameters: {'gradient_clip_val': 0.24034749457438906, 'hidden_size': 71, 'dropout': 0.20142181076907353, 'hidden_continuous_size': 18, 'attention_head_size': 2, 'learning_rate': 0.049935398358326576}. Best is trial 0 with value: 6955.02099609375.
[I 2023-12-27 10:57:17,378] Trial 29 finished with value: 13526.7880859375 and parameters: {'gradient_clip_val': 0.2891451535036049, 'hidden_size': 62, 'dropout': 0.12743473546880965, 'hidden_continuous_size': 12, 'attention_head_size': 3, 'learning_rate': 0.0343496482183697}. Best is trial 0 with value: 6955.02099609375.
[I 2023-12-27 10:57:17,784] Trial 30 finished with value: 15564.1220703125 and parameters: {'gradient_clip_val': 0.2518835222708584, 'hidden_size': 51, 'dropout': 0.16425482568567143, 'hidden_continuous_size': 11, 'attention_head_size': 4, 'learning_rate': 0.09588016215759974}. Best is trial 0 with value: 6955.02099609375.
[I 2023-12-27 10:57:18,212] Trial 31 finished with value: 19102.490234375 and parameters: {'gradient_clip_val': 0.29779910715589686, 'hidden_size': 69, 'dropout': 0.10772063457367384, 'hidden_continuous_size': 15, 'attention_head_size': 3, 'learning_rate': 0.03412029810174637}. Best is trial 0 with value: 6955.02099609375.
[I 2023-12-27 10:57:18,632] Trial 32 finished with value: 17299.044921875 and parameters: {'gradient_clip_val': 0.28652316404882433, 'hidden_size': 60, 'dropout': 0.13355878843734584, 'hidden_continuous_size': 12, 'attention_head_size': 3, 'learning_rate': 0.047037053356035835}. Best is trial 0 with value: 6955.02099609375.
[I 2023-12-27 10:57:19,027] Trial 33 finished with value: 17838.478515625 and parameters: {'gradient_clip_val': 0.18782180071281548, 'hidden_size': 34, 'dropout': 0.13642366794180885, 'hidden_continuous_size': 10, 'attention_head_size': 3, 'learning_rate': 0.06302109667214319}. Best is trial 0 with value: 6955.02099609375.
[I 2023-12-27 10:57:19,421] Trial 34 finished with value: 19863.822265625 and parameters: {'gradient_clip_val': 0.2389601662235524, 'hidden_size': 41, 'dropout': 0.22203336050387776, 'hidden_continuous_size': 9, 'attention_head_size': 3, 'learning_rate': 0.029433770960637796}. Best is trial 0 with value: 6955.02099609375.
[I 2023-12-27 10:57:19,812] Trial 35 finished with value: 14184.11328125 and parameters: {'gradient_clip_val': 0.35414660648474566, 'hidden_size': 48, 'dropout': 0.18952109498089842, 'hidden_continuous_size': 13, 'attention_head_size': 3, 'learning_rate': 0.06923736420601274}. Best is trial 0 with value: 6955.02099609375.
[I 2023-12-27 10:57:20,192] Trial 36 finished with value: 21055.908203125 and parameters: {'gradient_clip_val': 0.26227619657257656, 'hidden_size': 25, 'dropout': 0.13807722477450315, 'hidden_continuous_size': 8, 'attention_head_size': 2, 'learning_rate': 0.04290705656549772}. Best is trial 0 with value: 6955.02099609375.
[I 2023-12-27 10:57:20,679] Trial 37 finished with value: 21529.970703125 and parameters: {'gradient_clip_val': 0.30961658234054346, 'hidden_size': 101, 'dropout': 0.182585329984871, 'hidden_continuous_size': 17, 'attention_head_size': 4, 'learning_rate': 0.022120827822675427}. Best is trial 0 with value: 6955.02099609375.
[I 2023-12-27 10:57:21,330] Trial 38 finished with value: 22448.615234375 and parameters: {'gradient_clip_val': 0.20116957702415053, 'hidden_size': 62, 'dropout': 0.12282209629143359, 'hidden_continuous_size': 54, 'attention_head_size': 3, 'learning_rate': 0.05450738825702977}. Best is trial 0 with value: 6955.02099609375.
[I 2023-12-27 10:57:21,728] Trial 39 finished with value: 15932.1474609375 and parameters: {'gradient_clip_val': 0.16418099010450082, 'hidden_size': 46, 'dropout': 0.21332800275180347, 'hidden_continuous_size': 6, 'attention_head_size': 2, 'learning_rate': 0.0361631354761022}. Best is trial 0 with value: 6955.02099609375.
[I 2023-12-27 10:57:22,108] Trial 40 finished with value: 23441.513671875 and parameters: {'gradient_clip_val': 0.22240570738053492, 'hidden_size': 34, 'dropout': 0.16203060735485617, 'hidden_continuous_size': 11, 'attention_head_size': 1, 'learning_rate': 0.07362205651125733}. Best is trial 0 with value: 6955.02099609375.
[I 2023-12-27 10:57:22,481] Trial 41 finished with value: 16547.91015625 and parameters: {'gradient_clip_val': 0.4655788975379118, 'hidden_size': 21, 'dropout': 0.14359703193979775, 'hidden_continuous_size': 6, 'attention_head_size': 3, 'learning_rate': 0.02464110683947007}. Best is trial 0 with value: 6955.02099609375.
[I 2023-12-27 10:57:22,855] Trial 42 finished with value: 20046.162109375 and parameters: {'gradient_clip_val': 0.9572414153828569, 'hidden_size': 27, 'dropout': 0.11960100771006954, 'hidden_continuous_size': 5, 'attention_head_size': 3, 'learning_rate': 0.028817467097396708}. Best is trial 0 with value: 6955.02099609375.
[I 2023-12-27 10:57:23,216] Trial 43 finished with value: 22768.9765625 and parameters: {'gradient_clip_val': 0.5509317355856296, 'hidden_size': 16, 'dropout': 0.10237045995645168, 'hidden_continuous_size': 7, 'attention_head_size': 4, 'learning_rate': 0.01755263952623105}. Best is trial 0 with value: 6955.02099609375.
[I 2023-12-27 10:57:23,585] Trial 44 finished with value: 18869.623046875 and parameters: {'gradient_clip_val': 0.3702690634971275, 'hidden_size': 25, 'dropout': 0.10313065158578501, 'hidden_continuous_size': 6, 'attention_head_size': 3, 'learning_rate': 0.030387762112089014}. Best is trial 0 with value: 6955.02099609375.
[I 2023-12-27 10:57:23,968] Trial 45 finished with value: 20910.064453125 and parameters: {'gradient_clip_val': 0.3174873613146511, 'hidden_size': 32, 'dropout': 0.12347549606467902, 'hidden_continuous_size': 5, 'attention_head_size': 3, 'learning_rate': 0.051095022816014975}. Best is trial 0 with value: 6955.02099609375.
[I 2023-12-27 10:57:24,354] Trial 46 finished with value: 19740.009765625 and parameters: {'gradient_clip_val': 0.275421333762242, 'hidden_size': 21, 'dropout': 0.17644783260412844, 'hidden_continuous_size': 9, 'attention_head_size': 2, 'learning_rate': 0.019148205508818187}. Best is trial 0 with value: 6955.02099609375.
[I 2023-12-27 10:57:24,769] Trial 47 finished with value: 17285.79296875 and parameters: {'gradient_clip_val': 0.32294118948398165, 'hidden_size': 43, 'dropout': 0.19950608806700815, 'hidden_continuous_size': 23, 'attention_head_size': 3, 'learning_rate': 0.024359854821278806}. Best is trial 0 with value: 6955.02099609375.
[I 2023-12-27 10:57:25,189] Trial 48 finished with value: 15501.8681640625 and parameters: {'gradient_clip_val': 0.4571316046480862, 'hidden_size': 53, 'dropout': 0.15401833595725514, 'hidden_continuous_size': 18, 'attention_head_size': 1, 'learning_rate': 0.013507606386681196}. Best is trial 0 with value: 6955.02099609375.
[I 2023-12-27 10:57:25,571] Trial 49 finished with value: 17157.787109375 and parameters: {'gradient_clip_val': 0.23353036483069395, 'hidden_size': 35, 'dropout': 0.10026589979319829, 'hidden_continuous_size': 12, 'attention_head_size': 2, 'learning_rate': 0.07959833425302947}. Best is trial 0 with value: 6955.02099609375.
[I 2023-12-27 10:57:25,687] A new study created in memory with name: no-name-cde58459-4168-4200-8ac5-66e9be65da55
/home/le004/conda/anaconda3/envs/tsff_env/lib/python3.9/site-packages/lightning/fabric/plugins/environments/slurm.py:191: The `srun` command is available on your system but is not used. HINT: If your intention is to run Lightning on SLURM, prepend your python command with `srun` like so: srun python /home/le004/master_thesis/git/TSFusionForecast/code/ ...
[I 2023-12-27 10:57:52,170] Trial 0 finished with value: 278.8120422363281 and parameters: {'gradient_clip_val': 0.11322038071668349, 'hidden_size': 5, 'dropout': 0.4159376529230373, 'hidden_continuous_size': 5, 'attention_head_size': 4, 'learning_rate': 0.0006393377596217388}. Best is trial 0 with value: 278.8120422363281.
[I 2023-12-27 10:58:41,441] Trial 1 finished with value: 87.06552124023438 and parameters: {'gradient_clip_val': 0.48295907915517644, 'hidden_size': 134, 'dropout': 0.3648467326849496, 'hidden_continuous_size': 51, 'attention_head_size': 1, 'learning_rate': 0.000753825497767505}. Best is trial 1 with value: 87.06552124023438.
[I 2023-12-27 10:58:41,849] Trial 2 finished with value: 283.1922302246094 and parameters: {'gradient_clip_val': 0.17400092048421853, 'hidden_size': 71, 'dropout': 0.39686010643986247, 'hidden_continuous_size': 8, 'attention_head_size': 1, 'learning_rate': 0.0005706877743244324}. Best is trial 1 with value: 87.06552124023438.
[I 2023-12-27 10:58:42,258] Trial 3 finished with value: 272.2083435058594 and parameters: {'gradient_clip_val': 0.15150438535874033, 'hidden_size': 75, 'dropout': 0.28286332739302106, 'hidden_continuous_size': 18, 'attention_head_size': 1, 'learning_rate': 0.007565518598167877}. Best is trial 1 with value: 87.06552124023438.
[I 2023-12-27 10:58:42,650] Trial 4 finished with value: 369.6704406738281 and parameters: {'gradient_clip_val': 0.3258060052783675, 'hidden_size': 52, 'dropout': 0.1490496329479609, 'hidden_continuous_size': 33, 'attention_head_size': 2, 'learning_rate': 0.0005425016437832209}. Best is trial 1 with value: 87.06552124023438.
[I 2023-12-27 10:58:42,968] Trial 5 finished with value: 301.105224609375 and parameters: {'gradient_clip_val': 0.258230829177301, 'hidden_size': 5, 'dropout': 0.1780249513541426, 'hidden_continuous_size': 5, 'attention_head_size': 3, 'learning_rate': 0.0005408515484466443}. Best is trial 1 with value: 87.06552124023438.
[I 2023-12-27 10:58:43,355] Trial 6 finished with value: 413.1098327636719 and parameters: {'gradient_clip_val': 0.6968724249881109, 'hidden_size': 44, 'dropout': 0.30379198310362715, 'hidden_continuous_size': 14, 'attention_head_size': 1, 'learning_rate': 0.000506866462429266}. Best is trial 1 with value: 87.06552124023438.
[I 2023-12-27 10:58:43,689] Trial 7 finished with value: 526.1331176757812 and parameters: {'gradient_clip_val': 0.22787641141911763, 'hidden_size': 7, 'dropout': 0.19885622039836762, 'hidden_continuous_size': 6, 'attention_head_size': 3, 'learning_rate': 0.020094268796783662}. Best is trial 1 with value: 87.06552124023438.
[I 2023-12-27 10:58:44,060] Trial 8 finished with value: 326.46868896484375 and parameters: {'gradient_clip_val': 0.4235577726038852, 'hidden_size': 38, 'dropout': 0.10022104480257617, 'hidden_continuous_size': 16, 'attention_head_size': 4, 'learning_rate': 0.03884655054304226}. Best is trial 1 with value: 87.06552124023438.
[I 2023-12-27 10:58:44,412] Trial 9 finished with value: 362.6302795410156 and parameters: {'gradient_clip_val': 0.3359645503994063, 'hidden_size': 10, 'dropout': 0.4491307248926113, 'hidden_continuous_size': 7, 'attention_head_size': 3, 'learning_rate': 0.002623228862705696}. Best is trial 1 with value: 87.06552124023438.
[I 2023-12-27 10:58:45,228] Trial 10 finished with value: 293.13885498046875 and parameters: {'gradient_clip_val': 0.9672430080059778, 'hidden_size': 148, 'dropout': 0.49978297567039337, 'hidden_continuous_size': 85, 'attention_head_size': 2, 'learning_rate': 0.002237056358486359}. Best is trial 1 with value: 87.06552124023438.
[I 2023-12-27 10:58:45,782] Trial 11 finished with value: 340.3412780761719 and parameters: {'gradient_clip_val': 0.10057892541110021, 'hidden_size': 142, 'dropout': 0.31125597423957235, 'hidden_continuous_size': 40, 'attention_head_size': 1, 'learning_rate': 0.00908095901839286}. Best is trial 1 with value: 87.06552124023438.
[I 2023-12-27 10:58:46,243] Trial 12 finished with value: 309.0139465332031 and parameters: {'gradient_clip_val': 0.489042685239469, 'hidden_size': 90, 'dropout': 0.3507562217363101, 'hidden_continuous_size': 27, 'attention_head_size': 2, 'learning_rate': 0.005300712284802508}. Best is trial 1 with value: 87.06552124023438.
[I 2023-12-27 10:58:46,606] Trial 13 finished with value: 235.12445068359375 and parameters: {'gradient_clip_val': 0.16808721230070078, 'hidden_size': 23, 'dropout': 0.2255021088660632, 'hidden_continuous_size': 10, 'attention_head_size': 1, 'learning_rate': 0.0904544717078406}. Best is trial 1 with value: 87.06552124023438.
[I 2023-12-27 10:58:46,978] Trial 14 finished with value: 195.24952697753906 and parameters: {'gradient_clip_val': 0.20281082499826528, 'hidden_size': 22, 'dropout': 0.24355220046530152, 'hidden_continuous_size': 9, 'attention_head_size': 1, 'learning_rate': 0.07484885761360237}. Best is trial 1 with value: 87.06552124023438.
[I 2023-12-27 10:58:47,358] Trial 15 finished with value: 342.9451599121094 and parameters: {'gradient_clip_val': 0.5430113097576219, 'hidden_size': 21, 'dropout': 0.24269711489398338, 'hidden_continuous_size': 9, 'attention_head_size': 2, 'learning_rate': 0.09648268656211116}. Best is trial 1 with value: 87.06552124023438.
[I 2023-12-27 10:58:47,713] Trial 16 finished with value: 351.102783203125 and parameters: {'gradient_clip_val': 0.22915828270040742, 'hidden_size': 16, 'dropout': 0.3520413792464016, 'hidden_continuous_size': 6, 'attention_head_size': 1, 'learning_rate': 0.03446809751487809}. Best is trial 1 with value: 87.06552124023438.
[I 2023-12-27 10:58:48,105] Trial 17 finished with value: 409.6287841796875 and parameters: {'gradient_clip_val': 0.3475043579861074, 'hidden_size': 34, 'dropout': 0.25097744745049694, 'hidden_continuous_size': 11, 'attention_head_size': 2, 'learning_rate': 0.0015224063648763947}. Best is trial 1 with value: 87.06552124023438.
[I 2023-12-27 10:58:48,456] Trial 18 finished with value: 257.8459167480469 and parameters: {'gradient_clip_val': 0.4109320883503508, 'hidden_size': 16, 'dropout': 0.348931015986669, 'hidden_continuous_size': 7, 'attention_head_size': 1, 'learning_rate': 0.013950380578311886}. Best is trial 1 with value: 87.06552124023438.
[I 2023-12-27 10:58:48,847] Trial 19 finished with value: 333.7186584472656 and parameters: {'gradient_clip_val': 0.2753498920630664, 'hidden_size': 29, 'dropout': 0.2752836178809681, 'hidden_continuous_size': 12, 'attention_head_size': 2, 'learning_rate': 0.003623829159901892}. Best is trial 1 with value: 87.06552124023438.
[I 2023-12-27 10:58:49,343] Trial 20 finished with value: 292.23858642578125 and parameters: {'gradient_clip_val': 0.6338250037757928, 'hidden_size': 108, 'dropout': 0.3214148434519098, 'hidden_continuous_size': 49, 'attention_head_size': 1, 'learning_rate': 0.0012753958162932337}. Best is trial 1 with value: 87.06552124023438.
[I 2023-12-27 10:58:49,714] Trial 21 finished with value: 405.0076599121094 and parameters: {'gradient_clip_val': 0.19074197097065523, 'hidden_size': 23, 'dropout': 0.21257245467273647, 'hidden_continuous_size': 9, 'attention_head_size': 1, 'learning_rate': 0.09670984476018671}. Best is trial 1 with value: 87.06552124023438.
[I 2023-12-27 10:58:50,112] Trial 22 finished with value: 306.5976257324219 and parameters: {'gradient_clip_val': 0.13922933686542088, 'hidden_size': 47, 'dropout': 0.22276679109441022, 'hidden_continuous_size': 10, 'attention_head_size': 1, 'learning_rate': 0.05363546815827845}. Best is trial 1 with value: 87.06552124023438.
[I 2023-12-27 10:58:50,688] Trial 23 finished with value: 268.3847351074219 and parameters: {'gradient_clip_val': 0.188802570269903, 'hidden_size': 26, 'dropout': 0.26704273366349096, 'hidden_continuous_size': 12, 'attention_head_size': 1, 'learning_rate': 0.020823847023791066}. Best is trial 1 with value: 87.06552124023438.
