[I 2023-12-27 11:06:57,614] Trial 28 finished with value: 1415.16748046875 and parameters: {'gradient_clip_val': 0.4804414747390637, 'hidden_size': 5, 'dropout': 0.3795462422387314, 'hidden_continuous_size': 5, 'attention_head_size': 2, 'learning_rate': 0.002378324659855708}. Best is trial 0 with value: 263.30267333984375.
[I 2023-12-27 11:06:57,995] Trial 29 finished with value: 1018.9490356445312 and parameters: {'gradient_clip_val': 0.3170660270004185, 'hidden_size': 12, 'dropout': 0.41432130405097894, 'hidden_continuous_size': 8, 'attention_head_size': 1, 'learning_rate': 0.00191834533490553}. Best is trial 0 with value: 263.30267333984375.
[I 2023-12-27 11:06:58,580] Trial 30 finished with value: 1138.5428466796875 and parameters: {'gradient_clip_val': 0.2458469157799003, 'hidden_size': 7, 'dropout': 0.3371798985152643, 'hidden_continuous_size': 5, 'attention_head_size': 2, 'learning_rate': 0.0009597424742550239}. Best is trial 0 with value: 263.30267333984375.
[I 2023-12-27 11:06:58,946] Trial 31 finished with value: 1057.5196533203125 and parameters: {'gradient_clip_val': 0.1717484720931445, 'hidden_size': 17, 'dropout': 0.3624238786467273, 'hidden_continuous_size': 12, 'attention_head_size': 3, 'learning_rate': 0.003017167641909838}. Best is trial 0 with value: 263.30267333984375.
[I 2023-12-27 11:06:59,334] Trial 32 finished with value: 1222.6168212890625 and parameters: {'gradient_clip_val': 0.13076421604077218, 'hidden_size': 23, 'dropout': 0.31887388741717115, 'hidden_continuous_size': 12, 'attention_head_size': 2, 'learning_rate': 0.001550624708505607}. Best is trial 0 with value: 263.30267333984375.
[I 2023-12-27 11:06:59,693] Trial 33 finished with value: 1133.7755126953125 and parameters: {'gradient_clip_val': 0.1376000076826795, 'hidden_size': 12, 'dropout': 0.28435251821870045, 'hidden_continuous_size': 9, 'attention_head_size': 1, 'learning_rate': 0.004308847932065716}. Best is trial 0 with value: 263.30267333984375.
[I 2023-12-27 11:07:00,081] Trial 34 finished with value: 1027.25146484375 and parameters: {'gradient_clip_val': 0.20131214677404852, 'hidden_size': 21, 'dropout': 0.3552236042922061, 'hidden_continuous_size': 11, 'attention_head_size': 3, 'learning_rate': 0.0020991262783123365}. Best is trial 0 with value: 263.30267333984375.
[I 2023-12-27 11:07:00,479] Trial 35 finished with value: 1033.5291748046875 and parameters: {'gradient_clip_val': 0.1721932814578701, 'hidden_size': 29, 'dropout': 0.3952664137003056, 'hidden_continuous_size': 14, 'attention_head_size': 3, 'learning_rate': 0.005498792432486402}. Best is trial 0 with value: 263.30267333984375.
[I 2023-12-27 11:07:00,855] Trial 36 finished with value: 1117.11669921875 and parameters: {'gradient_clip_val': 0.1010821414424892, 'hidden_size': 13, 'dropout': 0.370649248971641, 'hidden_continuous_size': 9, 'attention_head_size': 2, 'learning_rate': 0.0030478528469367367}. Best is trial 0 with value: 263.30267333984375.
[I 2023-12-27 11:07:01,266] Trial 37 finished with value: 1099.625732421875 and parameters: {'gradient_clip_val': 0.11790000587971378, 'hidden_size': 37, 'dropout': 0.4179061399215429, 'hidden_continuous_size': 36, 'attention_head_size': 1, 'learning_rate': 0.0013551565132627376}. Best is trial 0 with value: 263.30267333984375.
[I 2023-12-27 11:07:01,648] Trial 38 finished with value: 952.7192993164062 and parameters: {'gradient_clip_val': 0.2812244812479403, 'hidden_size': 15, 'dropout': 0.40152849493167075, 'hidden_continuous_size': 6, 'attention_head_size': 2, 'learning_rate': 0.002056727475823019}. Best is trial 0 with value: 263.30267333984375.
[I 2023-12-27 11:07:02,023] Trial 39 finished with value: 1207.8211669921875 and parameters: {'gradient_clip_val': 0.2826830827373137, 'hidden_size': 9, 'dropout': 0.406180967397259, 'hidden_continuous_size': 6, 'attention_head_size': 3, 'learning_rate': 0.0021093268572178565}. Best is trial 0 with value: 263.30267333984375.
[I 2023-12-27 11:07:02,421] Trial 40 finished with value: 926.536376953125 and parameters: {'gradient_clip_val': 0.24896596609088825, 'hidden_size': 15, 'dropout': 0.4394624567720984, 'hidden_continuous_size': 6, 'attention_head_size': 2, 'learning_rate': 0.0008000540231171201}. Best is trial 0 with value: 263.30267333984375.
[I 2023-12-27 11:07:02,799] Trial 41 finished with value: 1190.1968994140625 and parameters: {'gradient_clip_val': 0.24998031558686487, 'hidden_size': 15, 'dropout': 0.43269756956891325, 'hidden_continuous_size': 6, 'attention_head_size': 2, 'learning_rate': 0.0007623505298887548}. Best is trial 0 with value: 263.30267333984375.
[I 2023-12-27 11:07:03,162] Trial 42 finished with value: 1018.9417114257812 and parameters: {'gradient_clip_val': 0.33999329481168583, 'hidden_size': 12, 'dropout': 0.4718095871388765, 'hidden_continuous_size': 6, 'attention_head_size': 2, 'learning_rate': 0.0006914194998590989}. Best is trial 0 with value: 263.30267333984375.
[I 2023-12-27 11:07:03,733] Trial 43 finished with value: 1096.966064453125 and parameters: {'gradient_clip_val': 0.2663671451146206, 'hidden_size': 15, 'dropout': 0.4403456235064296, 'hidden_continuous_size': 7, 'attention_head_size': 1, 'learning_rate': 0.0011278720568311295}. Best is trial 0 with value: 263.30267333984375.
[I 2023-12-27 11:07:04,141] Trial 44 finished with value: 1488.8984375 and parameters: {'gradient_clip_val': 0.40123782929009755, 'hidden_size': 10, 'dropout': 0.40676330469472666, 'hidden_continuous_size': 6, 'attention_head_size': 3, 'learning_rate': 0.0015472245447530814}. Best is trial 0 with value: 263.30267333984375.
[I 2023-12-27 11:07:04,514] Trial 45 finished with value: 1285.9141845703125 and parameters: {'gradient_clip_val': 0.285394164482433, 'hidden_size': 17, 'dropout': 0.47996295258494204, 'hidden_continuous_size': 7, 'attention_head_size': 2, 'learning_rate': 0.0010670356912234594}. Best is trial 0 with value: 263.30267333984375.
[I 2023-12-27 11:07:04,894] Trial 46 finished with value: 1189.07373046875 and parameters: {'gradient_clip_val': 0.33650099698315233, 'hidden_size': 9, 'dropout': 0.38813671521605053, 'hidden_continuous_size': 6, 'attention_head_size': 1, 'learning_rate': 0.0006645518194469645}. Best is trial 0 with value: 263.30267333984375.
[I 2023-12-27 11:07:05,273] Trial 47 finished with value: 1134.5419921875 and parameters: {'gradient_clip_val': 0.39783460375264684, 'hidden_size': 13, 'dropout': 0.44942451641722786, 'hidden_continuous_size': 7, 'attention_head_size': 2, 'learning_rate': 0.0013119053442545037}. Best is trial 0 with value: 263.30267333984375.
[I 2023-12-27 11:07:05,647] Trial 48 finished with value: 1075.6112060546875 and parameters: {'gradient_clip_val': 0.30481147058586483, 'hidden_size': 6, 'dropout': 0.42487034824842207, 'hidden_continuous_size': 5, 'attention_head_size': 4, 'learning_rate': 0.0010408105893532761}. Best is trial 0 with value: 263.30267333984375.
[I 2023-12-27 11:07:06,002] Trial 49 finished with value: 1573.7701416015625 and parameters: {'gradient_clip_val': 0.3504470413880144, 'hidden_size': 14, 'dropout': 0.44548903234255577, 'hidden_continuous_size': 8, 'attention_head_size': 1, 'learning_rate': 0.0018599308883479138}. Best is trial 0 with value: 263.30267333984375.
[I 2023-12-27 11:07:06,109] A new study created in memory with name: no-name-a373da10-f593-43df-b65a-3f9058409f2a
/home/le004/conda/anaconda3/envs/tsff_env/lib/python3.9/site-packages/lightning/fabric/plugins/environments/slurm.py:191: The `srun` command is available on your system but is not used. HINT: If your intention is to run Lightning on SLURM, prepend your python command with `srun` like so: srun python /home/le004/master_thesis/git/TSFusionForecast/code/ ...
[I 2023-12-27 11:07:35,900] Trial 0 finished with value: 2373.5732421875 and parameters: {'gradient_clip_val': 0.4636898149933842, 'hidden_size': 10, 'dropout': 0.319148881135883, 'hidden_continuous_size': 7, 'attention_head_size': 1, 'learning_rate': 0.0014275627954078395}. Best is trial 0 with value: 2373.5732421875.
[I 2023-12-27 11:07:56,803] Trial 1 finished with value: 837.9328002929688 and parameters: {'gradient_clip_val': 0.8183323670490381, 'hidden_size': 30, 'dropout': 0.37028176272032, 'hidden_continuous_size': 6, 'attention_head_size': 1, 'learning_rate': 0.08443707216401987}. Best is trial 1 with value: 837.9328002929688.
[I 2023-12-27 11:07:57,119] Trial 2 finished with value: 3117.801513671875 and parameters: {'gradient_clip_val': 0.108673046734758, 'hidden_size': 22, 'dropout': 0.4982797149063366, 'hidden_continuous_size': 22, 'attention_head_size': 2, 'learning_rate': 0.01049252255949143}. Best is trial 1 with value: 837.9328002929688.
[I 2023-12-27 11:07:57,851] Trial 3 finished with value: 2244.96826171875 and parameters: {'gradient_clip_val': 0.9655261941323828, 'hidden_size': 123, 'dropout': 0.39756833737369146, 'hidden_continuous_size': 86, 'attention_head_size': 4, 'learning_rate': 0.0092318059594034}. Best is trial 1 with value: 837.9328002929688.
[I 2023-12-27 11:07:58,264] Trial 4 finished with value: 2590.380615234375 and parameters: {'gradient_clip_val': 0.9222792680765456, 'hidden_size': 65, 'dropout': 0.11079399786363205, 'hidden_continuous_size': 43, 'attention_head_size': 3, 'learning_rate': 0.07017897373125966}. Best is trial 1 with value: 837.9328002929688.
[I 2023-12-27 11:07:58,614] Trial 5 finished with value: 4600.41552734375 and parameters: {'gradient_clip_val': 0.888897928489294, 'hidden_size': 30, 'dropout': 0.39081740901217177, 'hidden_continuous_size': 11, 'attention_head_size': 1, 'learning_rate': 0.012172566287792556}. Best is trial 1 with value: 837.9328002929688.
[I 2023-12-27 11:07:58,970] Trial 6 finished with value: 2746.370849609375 and parameters: {'gradient_clip_val': 0.13452202409642466, 'hidden_size': 38, 'dropout': 0.13068174277156308, 'hidden_continuous_size': 26, 'attention_head_size': 1, 'learning_rate': 0.002189308831142545}. Best is trial 1 with value: 837.9328002929688.
[I 2023-12-27 11:07:59,270] Trial 7 finished with value: 2201.868408203125 and parameters: {'gradient_clip_val': 0.19473313297170558, 'hidden_size': 6, 'dropout': 0.24444882751115135, 'hidden_continuous_size': 6, 'attention_head_size': 4, 'learning_rate': 0.034985163667082694}. Best is trial 1 with value: 837.9328002929688.
[I 2023-12-27 11:07:59,879] Trial 8 finished with value: 2987.163330078125 and parameters: {'gradient_clip_val': 0.1515677797914734, 'hidden_size': 141, 'dropout': 0.32382017627355664, 'hidden_continuous_size': 139, 'attention_head_size': 1, 'learning_rate': 0.011282359488747194}. Best is trial 1 with value: 837.9328002929688.
[I 2023-12-27 11:08:00,374] Trial 9 finished with value: 3306.885498046875 and parameters: {'gradient_clip_val': 0.6615437837277894, 'hidden_size': 132, 'dropout': 0.48478946673578716, 'hidden_continuous_size': 11, 'attention_head_size': 2, 'learning_rate': 0.0024597783676689336}. Best is trial 1 with value: 837.9328002929688.
[I 2023-12-27 11:08:00,732] Trial 10 finished with value: 2346.296630859375 and parameters: {'gradient_clip_val': 0.28943120963620406, 'hidden_size': 17, 'dropout': 0.2429208717015992, 'hidden_continuous_size': 5, 'attention_head_size': 3, 'learning_rate': 0.09708588945966111}. Best is trial 1 with value: 837.9328002929688.
[I 2023-12-27 11:08:01,088] Trial 11 finished with value: 2643.641845703125 and parameters: {'gradient_clip_val': 0.2519168943490038, 'hidden_size': 6, 'dropout': 0.2294163259299302, 'hidden_continuous_size': 5, 'attention_head_size': 4, 'learning_rate': 0.039095976354451924}. Best is trial 1 with value: 837.9328002929688.
[I 2023-12-27 11:08:01,399] Trial 12 finished with value: 2876.546630859375 and parameters: {'gradient_clip_val': 0.43107905666300667, 'hidden_size': 5, 'dropout': 0.2434929518746605, 'hidden_continuous_size': 5, 'attention_head_size': 3, 'learning_rate': 0.034054662535441545}. Best is trial 1 with value: 837.9328002929688.
[I 2023-12-27 11:08:01,749] Trial 13 finished with value: 3025.739013671875 and parameters: {'gradient_clip_val': 0.20353701848136724, 'hidden_size': 11, 'dropout': 0.3702101624376303, 'hidden_continuous_size': 6, 'attention_head_size': 2, 'learning_rate': 0.03219074880492511}. Best is trial 1 with value: 837.9328002929688.
[I 2023-12-27 11:08:02,107] Trial 14 finished with value: 3388.478271484375 and parameters: {'gradient_clip_val': 0.39720262583523586, 'hidden_size': 14, 'dropout': 0.1871524666544232, 'hidden_continuous_size': 6, 'attention_head_size': 4, 'learning_rate': 0.09291751059785748}. Best is trial 1 with value: 837.9328002929688.
[I 2023-12-27 11:08:02,460] Trial 15 finished with value: 2998.98046875 and parameters: {'gradient_clip_val': 0.21775016768008715, 'hidden_size': 9, 'dropout': 0.28089125316800656, 'hidden_continuous_size': 6, 'attention_head_size': 3, 'learning_rate': 0.027548420495024428}. Best is trial 1 with value: 837.9328002929688.
[I 2023-12-27 11:08:03,043] Trial 16 finished with value: 2784.5458984375 and parameters: {'gradient_clip_val': 0.5809612801275673, 'hidden_size': 7, 'dropout': 0.1774758932697454, 'hidden_continuous_size': 5, 'attention_head_size': 2, 'learning_rate': 0.05597529705222893}. Best is trial 1 with value: 837.9328002929688.
[I 2023-12-27 11:08:03,408] Trial 17 finished with value: 3106.908935546875 and parameters: {'gradient_clip_val': 0.337457064277702, 'hidden_size': 19, 'dropout': 0.285112458641786, 'hidden_continuous_size': 7, 'attention_head_size': 4, 'learning_rate': 0.021749894550397216}. Best is trial 1 with value: 837.9328002929688.
[I 2023-12-27 11:08:03,737] Trial 18 finished with value: 2973.773193359375 and parameters: {'gradient_clip_val': 0.31861133615022424, 'hidden_size': 5, 'dropout': 0.3444790589605471, 'hidden_continuous_size': 5, 'attention_head_size': 3, 'learning_rate': 0.0005305285713335955}. Best is trial 1 with value: 837.9328002929688.
[I 2023-12-27 11:08:04,112] Trial 19 finished with value: 2767.601318359375 and parameters: {'gradient_clip_val': 0.17806460894398343, 'hidden_size': 30, 'dropout': 0.43044244040818924, 'hidden_continuous_size': 9, 'attention_head_size': 2, 'learning_rate': 0.0600594673016018}. Best is trial 1 with value: 837.9328002929688.
[I 2023-12-27 11:08:04,475] Trial 20 finished with value: 3862.13671875 and parameters: {'gradient_clip_val': 0.25904660475677466, 'hidden_size': 14, 'dropout': 0.33864094716168747, 'hidden_continuous_size': 6, 'attention_head_size': 4, 'learning_rate': 0.019321522614635926}. Best is trial 1 with value: 837.9328002929688.
[I 2023-12-27 11:08:04,887] Trial 21 finished with value: 2314.531494140625 and parameters: {'gradient_clip_val': 0.7502079366891246, 'hidden_size': 59, 'dropout': 0.3958119359884183, 'hidden_continuous_size': 10, 'attention_head_size': 4, 'learning_rate': 0.006117613024743814}. Best is trial 1 with value: 837.9328002929688.
[I 2023-12-27 11:08:05,288] Trial 22 finished with value: 3580.6982421875 and parameters: {'gradient_clip_val': 0.9617242443479574, 'hidden_size': 49, 'dropout': 0.4491954648660097, 'hidden_continuous_size': 8, 'attention_head_size': 4, 'learning_rate': 0.05355333272836644}. Best is trial 1 with value: 837.9328002929688.
[I 2023-12-27 11:08:05,740] Trial 23 finished with value: 2718.986572265625 and parameters: {'gradient_clip_val': 0.5767815785273067, 'hidden_size': 86, 'dropout': 0.3616888323831525, 'hidden_continuous_size': 14, 'attention_head_size': 4, 'learning_rate': 0.02038412891889527}. Best is trial 1 with value: 837.9328002929688.
[I 2023-12-27 11:08:06,110] Trial 24 finished with value: 3338.515380859375 and parameters: {'gradient_clip_val': 0.9845836376819171, 'hidden_size': 26, 'dropout': 0.40716887796913026, 'hidden_continuous_size': 7, 'attention_head_size': 3, 'learning_rate': 0.09286181130895664}. Best is trial 1 with value: 837.9328002929688.
[I 2023-12-27 11:08:06,495] Trial 25 finished with value: 2948.388671875 and parameters: {'gradient_clip_val': 0.7757963724049356, 'hidden_size': 39, 'dropout': 0.3656363002533614, 'hidden_continuous_size': 9, 'attention_head_size': 4, 'learning_rate': 0.042198357067777914}. Best is trial 1 with value: 837.9328002929688.
[I 2023-12-27 11:08:06,957] Trial 26 finished with value: 4335.72705078125 and parameters: {'gradient_clip_val': 0.7725599380063148, 'hidden_size': 94, 'dropout': 0.3012210086696025, 'hidden_continuous_size': 17, 'attention_head_size': 3, 'learning_rate': 0.049002565546788876}. Best is trial 1 with value: 837.9328002929688.
[I 2023-12-27 11:08:07,318] Trial 27 finished with value: 3419.678466796875 and parameters: {'gradient_clip_val': 0.5400375831903224, 'hidden_size': 23, 'dropout': 0.4337216859153621, 'hidden_continuous_size': 8, 'attention_head_size': 1, 'learning_rate': 0.005986727817865871}. Best is trial 1 with value: 837.9328002929688.
[I 2023-12-27 11:08:07,673] Trial 28 finished with value: 3119.778564453125 and parameters: {'gradient_clip_val': 0.6763595388153174, 'hidden_size': 8, 'dropout': 0.38159097865022196, 'hidden_continuous_size': 6, 'attention_head_size': 4, 'learning_rate': 0.02576651021874131}. Best is trial 1 with value: 837.9328002929688.
[I 2023-12-27 11:08:08,023] Trial 29 finished with value: 2733.6474609375 and parameters: {'gradient_clip_val': 0.4792028242115728, 'hidden_size': 12, 'dropout': 0.3190145206289936, 'hidden_continuous_size': 7, 'attention_head_size': 1, 'learning_rate': 0.016219506177467806}. Best is trial 1 with value: 837.9328002929688.
[I 2023-12-27 11:08:08,591] Trial 30 finished with value: 2096.274658203125 and parameters: {'gradient_clip_val': 0.3658127599687437, 'hidden_size': 8, 'dropout': 0.34963343982038997, 'hidden_continuous_size': 6, 'attention_head_size': 2, 'learning_rate': 0.03587959186102186}. Best is trial 1 with value: 837.9328002929688.
[I 2023-12-27 11:08:08,966] Trial 31 finished with value: 3040.953369140625 and parameters: {'gradient_clip_val': 0.4963548615404929, 'hidden_size': 9, 'dropout': 0.351357877878638, 'hidden_continuous_size': 6, 'attention_head_size': 2, 'learning_rate': 0.037291924910168375}. Best is trial 1 with value: 837.9328002929688.
[I 2023-12-27 11:08:09,330] Trial 32 finished with value: 2287.31689453125 and parameters: {'gradient_clip_val': 0.3751598837614345, 'hidden_size': 7, 'dropout': 0.40506400173018486, 'hidden_continuous_size': 5, 'attention_head_size': 1, 'learning_rate': 0.07013286272231731}. Best is trial 1 with value: 837.9328002929688.
[I 2023-12-27 11:08:09,708] Trial 33 finished with value: 2730.287109375 and parameters: {'gradient_clip_val': 0.43040863987949896, 'hidden_size': 10, 'dropout': 0.32866579569446686, 'hidden_continuous_size': 6, 'attention_head_size': 2, 'learning_rate': 0.00885100802192549}. Best is trial 1 with value: 837.9328002929688.
[I 2023-12-27 11:08:10,078] Trial 34 finished with value: 2947.045654296875 and parameters: {'gradient_clip_val': 0.8945067266817417, 'hidden_size': 18, 'dropout': 0.3076705364613779, 'hidden_continuous_size': 7, 'attention_head_size': 1, 'learning_rate': 0.014358673802015902}. Best is trial 1 with value: 837.9328002929688.
[I 2023-12-27 11:08:10,443] Trial 35 finished with value: 2976.006591796875 and parameters: {'gradient_clip_val': 0.36034842171091863, 'hidden_size': 6, 'dropout': 0.3793581361743902, 'hidden_continuous_size': 5, 'attention_head_size': 3, 'learning_rate': 0.03063614932191039}. Best is trial 1 with value: 837.9328002929688.
[I 2023-12-27 11:08:10,837] Trial 36 finished with value: 3085.125244140625 and parameters: {'gradient_clip_val': 0.10444388183830394, 'hidden_size': 32, 'dropout': 0.34821219045458196, 'hidden_continuous_size': 13, 'attention_head_size': 2, 'learning_rate': 0.07248868574244931}. Best is trial 1 with value: 837.9328002929688.
[I 2023-12-27 11:08:11,228] Trial 37 finished with value: 2973.421142578125 and parameters: {'gradient_clip_val': 0.28939609035989655, 'hidden_size': 22, 'dropout': 0.41500675731203596, 'hidden_continuous_size': 8, 'attention_head_size': 1, 'learning_rate': 0.008527588447484375}. Best is trial 1 with value: 837.9328002929688.
[I 2023-12-27 11:08:11,628] Trial 38 finished with value: 3294.397216796875 and parameters: {'gradient_clip_val': 0.8559616339850499, 'hidden_size': 44, 'dropout': 0.38034125781804023, 'hidden_continuous_size': 29, 'attention_head_size': 2, 'learning_rate': 0.046084197831705816}. Best is trial 1 with value: 837.9328002929688.
[I 2023-12-27 11:08:12,229] Trial 39 finished with value: 2825.522216796875 and parameters: {'gradient_clip_val': 0.6552259506449898, 'hidden_size': 150, 'dropout': 0.46634794341386065, 'hidden_continuous_size': 66, 'attention_head_size': 3, 'learning_rate': 0.012459575650172191}. Best is trial 1 with value: 837.9328002929688.
[I 2023-12-27 11:08:12,672] Trial 40 finished with value: 3028.583740234375 and parameters: {'gradient_clip_val': 0.13487500705618308, 'hidden_size': 71, 'dropout': 0.4885523697971829, 'hidden_continuous_size': 12, 'attention_head_size': 1, 'learning_rate': 0.024658332443702694}. Best is trial 1 with value: 837.9328002929688.
[I 2023-12-27 11:08:13,027] Trial 41 finished with value: 3781.1279296875 and parameters: {'gradient_clip_val': 0.35744042190906783, 'hidden_size': 7, 'dropout': 0.39490187301656465, 'hidden_continuous_size': 5, 'attention_head_size': 1, 'learning_rate': 0.06910486389973884}. Best is trial 1 with value: 837.9328002929688.
[I 2023-12-27 11:08:13,336] Trial 42 finished with value: 2747.837646484375 and parameters: {'gradient_clip_val': 0.3971797211330121, 'hidden_size': 5, 'dropout': 0.39804769920553856, 'hidden_continuous_size': 5, 'attention_head_size': 1, 'learning_rate': 0.06700713462407794}. Best is trial 1 with value: 837.9328002929688.
