[I 2023-12-27 11:08:55,314] Trial 42 finished with value: 102.20284271240234 and parameters: {'gradient_clip_val': 0.45782938891756075, 'hidden_size': 19, 'dropout': 0.17994415468592706, 'hidden_continuous_size': 8, 'attention_head_size': 3, 'learning_rate': 0.01622228732534971}. Best is trial 0 with value: 35.33573913574219.
[I 2023-12-27 11:08:55,715] Trial 43 finished with value: 102.24685668945312 and parameters: {'gradient_clip_val': 0.3635804686142709, 'hidden_size': 11, 'dropout': 0.22378973066878105, 'hidden_continuous_size': 7, 'attention_head_size': 3, 'learning_rate': 0.00983968783311413}. Best is trial 0 with value: 35.33573913574219.
[I 2023-12-27 11:08:56,122] Trial 44 finished with value: 109.9828872680664 and parameters: {'gradient_clip_val': 0.6896009961090784, 'hidden_size': 24, 'dropout': 0.2011968530890822, 'hidden_continuous_size': 9, 'attention_head_size': 3, 'learning_rate': 0.01688696231002044}. Best is trial 0 with value: 35.33573913574219.
[I 2023-12-27 11:08:56,515] Trial 45 finished with value: 129.24208068847656 and parameters: {'gradient_clip_val': 0.3281232106923615, 'hidden_size': 18, 'dropout': 0.1516766704361745, 'hidden_continuous_size': 10, 'attention_head_size': 2, 'learning_rate': 0.022206944686371126}. Best is trial 0 with value: 35.33573913574219.
[I 2023-12-27 11:08:56,922] Trial 46 finished with value: 152.32119750976562 and parameters: {'gradient_clip_val': 0.2680827647803633, 'hidden_size': 13, 'dropout': 0.11003890648502364, 'hidden_continuous_size': 6, 'attention_head_size': 4, 'learning_rate': 0.012200843059140876}. Best is trial 0 with value: 35.33573913574219.
[I 2023-12-27 11:08:57,320] Trial 47 finished with value: 124.4244384765625 and parameters: {'gradient_clip_val': 0.23302232545772178, 'hidden_size': 9, 'dropout': 0.14598826802280138, 'hidden_continuous_size': 7, 'attention_head_size': 3, 'learning_rate': 0.04238993603930028}. Best is trial 0 with value: 35.33573913574219.
[I 2023-12-27 11:08:57,726] Trial 48 finished with value: 105.04620361328125 and parameters: {'gradient_clip_val': 0.13158845611143347, 'hidden_size': 15, 'dropout': 0.11843940549382223, 'hidden_continuous_size': 9, 'attention_head_size': 1, 'learning_rate': 0.025285305905963444}. Best is trial 0 with value: 35.33573913574219.
[I 2023-12-27 11:08:58,141] Trial 49 finished with value: 134.1646270751953 and parameters: {'gradient_clip_val': 0.3972934168347356, 'hidden_size': 25, 'dropout': 0.2333431469030179, 'hidden_continuous_size': 14, 'attention_head_size': 3, 'learning_rate': 0.007310320194695436}. Best is trial 0 with value: 35.33573913574219.
[I 2023-12-27 11:08:58,260] A new study created in memory with name: no-name-ac020db3-2e62-4620-8663-db686d1d0822
/home/le004/conda/anaconda3/envs/tsff_env/lib/python3.9/site-packages/lightning/fabric/plugins/environments/slurm.py:191: The `srun` command is available on your system but is not used. HINT: If your intention is to run Lightning on SLURM, prepend your python command with `srun` like so: srun python /home/le004/master_thesis/git/TSFusionForecast/code/ ...
[I 2023-12-27 11:09:27,211] Trial 0 finished with value: 554.47802734375 and parameters: {'gradient_clip_val': 0.16776602714189295, 'hidden_size': 5, 'dropout': 0.41742680871026716, 'hidden_continuous_size': 5, 'attention_head_size': 4, 'learning_rate': 0.0009072534660327868}. Best is trial 0 with value: 554.47802734375.
[I 2023-12-27 11:09:58,345] Trial 1 finished with value: 222.0811767578125 and parameters: {'gradient_clip_val': 0.3389810830471742, 'hidden_size': 108, 'dropout': 0.4553877163805501, 'hidden_continuous_size': 11, 'attention_head_size': 1, 'learning_rate': 0.010810484517444714}. Best is trial 1 with value: 222.0811767578125.
[I 2023-12-27 11:09:58,747] Trial 2 finished with value: 1102.9520263671875 and parameters: {'gradient_clip_val': 0.22400469657442892, 'hidden_size': 45, 'dropout': 0.22471542039391823, 'hidden_continuous_size': 33, 'attention_head_size': 3, 'learning_rate': 0.0030950472702111834}. Best is trial 1 with value: 222.0811767578125.
[I 2023-12-27 11:09:59,301] Trial 3 finished with value: 940.5789184570312 and parameters: {'gradient_clip_val': 0.45215140088308176, 'hidden_size': 119, 'dropout': 0.3259866883533878, 'hidden_continuous_size': 58, 'attention_head_size': 4, 'learning_rate': 0.0022142446148756424}. Best is trial 1 with value: 222.0811767578125.
[I 2023-12-27 11:09:59,793] Trial 4 finished with value: 951.1670532226562 and parameters: {'gradient_clip_val': 0.42139560574604135, 'hidden_size': 99, 'dropout': 0.19383283484905656, 'hidden_continuous_size': 56, 'attention_head_size': 1, 'learning_rate': 0.07026188818106918}. Best is trial 1 with value: 222.0811767578125.
[I 2023-12-27 11:10:00,184] Trial 5 finished with value: 783.2802734375 and parameters: {'gradient_clip_val': 0.23346162181960284, 'hidden_size': 39, 'dropout': 0.30165288419699454, 'hidden_continuous_size': 7, 'attention_head_size': 4, 'learning_rate': 0.017273452273935886}. Best is trial 1 with value: 222.0811767578125.
[I 2023-12-27 11:10:00,628] Trial 6 finished with value: 728.2622680664062 and parameters: {'gradient_clip_val': 0.6499475593654241, 'hidden_size': 91, 'dropout': 0.36804776517501303, 'hidden_continuous_size': 9, 'attention_head_size': 1, 'learning_rate': 0.013092943153101945}. Best is trial 1 with value: 222.0811767578125.
[I 2023-12-27 11:10:00,976] Trial 7 finished with value: 643.3920288085938 and parameters: {'gradient_clip_val': 0.2137315797980438, 'hidden_size': 14, 'dropout': 0.1884101238927312, 'hidden_continuous_size': 14, 'attention_head_size': 4, 'learning_rate': 0.024296185708407997}. Best is trial 1 with value: 222.0811767578125.
[I 2023-12-27 11:10:01,331] Trial 8 finished with value: 638.5343017578125 and parameters: {'gradient_clip_val': 0.18823231549017258, 'hidden_size': 7, 'dropout': 0.17089823399470838, 'hidden_continuous_size': 5, 'attention_head_size': 1, 'learning_rate': 0.06148922375599933}. Best is trial 1 with value: 222.0811767578125.
[I 2023-12-27 11:10:01,678] Trial 9 finished with value: 762.323486328125 and parameters: {'gradient_clip_val': 0.30025030951389503, 'hidden_size': 8, 'dropout': 0.2509618873245717, 'hidden_continuous_size': 6, 'attention_head_size': 2, 'learning_rate': 0.06370960752785453}. Best is trial 1 with value: 222.0811767578125.
[I 2023-12-27 11:10:02,367] Trial 10 finished with value: 654.111083984375 and parameters: {'gradient_clip_val': 0.10544928097173105, 'hidden_size': 147, 'dropout': 0.47390641378991594, 'hidden_continuous_size': 127, 'attention_head_size': 2, 'learning_rate': 0.005950170168014433}. Best is trial 1 with value: 222.0811767578125.
[I 2023-12-27 11:10:02,730] Trial 11 finished with value: 617.6907348632812 and parameters: {'gradient_clip_val': 0.9286723581878918, 'hidden_size': 16, 'dropout': 0.4685455049703524, 'hidden_continuous_size': 5, 'attention_head_size': 3, 'learning_rate': 0.0006332649145826215}. Best is trial 1 with value: 222.0811767578125.
[I 2023-12-27 11:10:03,072] Trial 12 finished with value: 737.8219604492188 and parameters: {'gradient_clip_val': 0.13605710717017314, 'hidden_size': 5, 'dropout': 0.40489073002334647, 'hidden_continuous_size': 5, 'attention_head_size': 2, 'learning_rate': 0.0005419323803958325}. Best is trial 1 with value: 222.0811767578125.
[I 2023-12-27 11:10:03,473] Trial 13 finished with value: 687.0881958007812 and parameters: {'gradient_clip_val': 0.1499034481247226, 'hidden_size': 25, 'dropout': 0.4178726078980671, 'hidden_continuous_size': 8, 'attention_head_size': 3, 'learning_rate': 0.0013705133041764124}. Best is trial 1 with value: 222.0811767578125.
[I 2023-12-27 11:10:04,123] Trial 14 finished with value: 688.4550170898438 and parameters: {'gradient_clip_val': 0.32421411989519117, 'hidden_size': 61, 'dropout': 0.49212863723187494, 'hidden_continuous_size': 11, 'attention_head_size': 2, 'learning_rate': 0.006039112778226031}. Best is trial 1 with value: 222.0811767578125.
[I 2023-12-27 11:10:04,509] Trial 15 finished with value: 684.995361328125 and parameters: {'gradient_clip_val': 0.15320822180030447, 'hidden_size': 26, 'dropout': 0.4295321657548504, 'hidden_continuous_size': 7, 'attention_head_size': 3, 'learning_rate': 0.0011067468634410054}. Best is trial 1 with value: 222.0811767578125.
[I 2023-12-27 11:10:04,930] Trial 16 finished with value: 887.3651733398438 and parameters: {'gradient_clip_val': 0.27210522507109675, 'hidden_size': 60, 'dropout': 0.10015538583180905, 'hidden_continuous_size': 11, 'attention_head_size': 1, 'learning_rate': 0.0038541719773430494}. Best is trial 1 with value: 222.0811767578125.
[I 2023-12-27 11:10:05,291] Trial 17 finished with value: 731.207275390625 and parameters: {'gradient_clip_val': 0.10265555969019437, 'hidden_size': 16, 'dropout': 0.3688150629140736, 'hidden_continuous_size': 6, 'attention_head_size': 4, 'learning_rate': 0.007828542674424538}. Best is trial 1 with value: 222.0811767578125.
[I 2023-12-27 11:10:05,633] Trial 18 finished with value: 738.0632934570312 and parameters: {'gradient_clip_val': 0.3430304599532247, 'hidden_size': 5, 'dropout': 0.4478612290955171, 'hidden_continuous_size': 5, 'attention_head_size': 3, 'learning_rate': 0.001475953944642743}. Best is trial 1 with value: 222.0811767578125.
[I 2023-12-27 11:10:06,081] Trial 19 finished with value: 751.0027465820312 and parameters: {'gradient_clip_val': 0.17789559371247013, 'hidden_size': 77, 'dropout': 0.4902134064714525, 'hidden_continuous_size': 18, 'attention_head_size': 2, 'learning_rate': 0.002463988569606871}. Best is trial 1 with value: 222.0811767578125.
[I 2023-12-27 11:10:06,492] Trial 20 finished with value: 823.9450073242188 and parameters: {'gradient_clip_val': 0.2549784284590144, 'hidden_size': 36, 'dropout': 0.39706551228764386, 'hidden_continuous_size': 9, 'attention_head_size': 1, 'learning_rate': 0.0009356082065033492}. Best is trial 1 with value: 222.0811767578125.
[I 2023-12-27 11:10:06,886] Trial 21 finished with value: 625.696044921875 and parameters: {'gradient_clip_val': 0.9512550287460478, 'hidden_size': 12, 'dropout': 0.4539778575983466, 'hidden_continuous_size': 5, 'attention_head_size': 3, 'learning_rate': 0.0005239814830982573}. Best is trial 1 with value: 222.0811767578125.
[I 2023-12-27 11:10:07,289] Trial 22 finished with value: 767.582275390625 and parameters: {'gradient_clip_val': 0.6170060719932041, 'hidden_size': 19, 'dropout': 0.46581716150635655, 'hidden_continuous_size': 6, 'attention_head_size': 4, 'learning_rate': 0.0007270453967731907}. Best is trial 1 with value: 222.0811767578125.
[I 2023-12-27 11:10:07,677] Trial 23 finished with value: 738.5497436523438 and parameters: {'gradient_clip_val': 0.9162133260206834, 'hidden_size': 8, 'dropout': 0.49468800865876605, 'hidden_continuous_size': 5, 'attention_head_size': 3, 'learning_rate': 0.0015629709260752626}. Best is trial 1 with value: 222.0811767578125.
[I 2023-12-27 11:10:08,072] Trial 24 finished with value: 799.507568359375 and parameters: {'gradient_clip_val': 0.3661610641749552, 'hidden_size': 11, 'dropout': 0.4421232894908705, 'hidden_continuous_size': 5, 'attention_head_size': 4, 'learning_rate': 0.0007925133572480824}. Best is trial 1 with value: 222.0811767578125.
[I 2023-12-27 11:10:08,464] Trial 25 finished with value: 703.379638671875 and parameters: {'gradient_clip_val': 0.48673458502871, 'hidden_size': 20, 'dropout': 0.3846085448100943, 'hidden_continuous_size': 6, 'attention_head_size': 3, 'learning_rate': 0.0008722888532634456}. Best is trial 1 with value: 222.0811767578125.
[I 2023-12-27 11:10:08,889] Trial 26 finished with value: 820.073486328125 and parameters: {'gradient_clip_val': 0.7666221955516704, 'hidden_size': 30, 'dropout': 0.42527237815226493, 'hidden_continuous_size': 7, 'attention_head_size': 2, 'learning_rate': 0.0019126305644961135}. Best is trial 1 with value: 222.0811767578125.
[I 2023-12-27 11:10:09,529] Trial 27 finished with value: 736.549072265625 and parameters: {'gradient_clip_val': 0.49821672421717134, 'hidden_size': 11, 'dropout': 0.46231125524405187, 'hidden_continuous_size': 5, 'attention_head_size': 4, 'learning_rate': 0.0035718651241991423}. Best is trial 1 with value: 222.0811767578125.
[I 2023-12-27 11:10:09,940] Trial 28 finished with value: 860.6271362304688 and parameters: {'gradient_clip_val': 0.4002418767104046, 'hidden_size': 21, 'dropout': 0.3501838276708524, 'hidden_continuous_size': 6, 'attention_head_size': 3, 'learning_rate': 0.0005219776291998308}. Best is trial 1 with value: 222.0811767578125.
[I 2023-12-27 11:10:10,398] Trial 29 finished with value: 897.7571411132812 and parameters: {'gradient_clip_val': 0.5689925237553614, 'hidden_size': 56, 'dropout': 0.40886479376573615, 'hidden_continuous_size': 11, 'attention_head_size': 4, 'learning_rate': 0.0030234851265042587}. Best is trial 1 with value: 222.0811767578125.
[I 2023-12-27 11:10:10,816] Trial 30 finished with value: 700.8676147460938 and parameters: {'gradient_clip_val': 0.7593736840150976, 'hidden_size': 40, 'dropout': 0.43781159121837293, 'hidden_continuous_size': 8, 'attention_head_size': 2, 'learning_rate': 0.0012288345240178682}. Best is trial 1 with value: 222.0811767578125.
[I 2023-12-27 11:10:11,211] Trial 31 finished with value: 667.739013671875 and parameters: {'gradient_clip_val': 0.9768385998322773, 'hidden_size': 13, 'dropout': 0.4550822871207363, 'hidden_continuous_size': 5, 'attention_head_size': 3, 'learning_rate': 0.0005114623945889567}. Best is trial 1 with value: 222.0811767578125.
[I 2023-12-27 11:10:11,636] Trial 32 finished with value: 805.388427734375 and parameters: {'gradient_clip_val': 0.8443359873321573, 'hidden_size': 29, 'dropout': 0.4725674179150541, 'hidden_continuous_size': 6, 'attention_head_size': 3, 'learning_rate': 0.000704210769857603}. Best is trial 1 with value: 222.0811767578125.
[I 2023-12-27 11:10:12,044] Trial 33 finished with value: 809.0399780273438 and parameters: {'gradient_clip_val': 0.9813989858770658, 'hidden_size': 17, 'dropout': 0.49702364130632104, 'hidden_continuous_size': 5, 'attention_head_size': 3, 'learning_rate': 0.001004426964950125}. Best is trial 1 with value: 222.0811767578125.
[I 2023-12-27 11:10:12,444] Trial 34 finished with value: 749.41796875 and parameters: {'gradient_clip_val': 0.7003802100922664, 'hidden_size': 11, 'dropout': 0.4331929252026762, 'hidden_continuous_size': 5, 'attention_head_size': 3, 'learning_rate': 0.0006342819411765412}. Best is trial 1 with value: 222.0811767578125.
[I 2023-12-27 11:10:13,081] Trial 35 finished with value: 803.6292114257812 and parameters: {'gradient_clip_val': 0.8187000895650015, 'hidden_size': 133, 'dropout': 0.4012777721696359, 'hidden_continuous_size': 23, 'attention_head_size': 4, 'learning_rate': 0.0007586569947659397}. Best is trial 1 with value: 222.0811767578125.
[I 2023-12-27 11:10:13,617] Trial 36 finished with value: 701.072509765625 and parameters: {'gradient_clip_val': 0.42247298598975597, 'hidden_size': 109, 'dropout': 0.3320668279285007, 'hidden_continuous_size': 10, 'attention_head_size': 1, 'learning_rate': 0.002075366545894271}. Best is trial 1 with value: 222.0811767578125.
[I 2023-12-27 11:10:13,996] Trial 37 finished with value: 784.5275268554688 and parameters: {'gradient_clip_val': 0.5607024408046704, 'hidden_size': 6, 'dropout': 0.4559857005108495, 'hidden_continuous_size': 5, 'attention_head_size': 4, 'learning_rate': 0.001107986533052362}. Best is trial 1 with value: 222.0811767578125.
[I 2023-12-27 11:10:14,390] Trial 38 finished with value: 779.4550170898438 and parameters: {'gradient_clip_val': 0.716038775181032, 'hidden_size': 8, 'dropout': 0.3804712117870104, 'hidden_continuous_size': 5, 'attention_head_size': 3, 'learning_rate': 0.0005179726817537621}. Best is trial 1 with value: 222.0811767578125.
[I 2023-12-27 11:10:14,762] Trial 39 finished with value: 836.3051147460938 and parameters: {'gradient_clip_val': 0.6575196529370761, 'hidden_size': 14, 'dropout': 0.4185269960550829, 'hidden_continuous_size': 7, 'attention_head_size': 2, 'learning_rate': 0.0010290515512279207}. Best is trial 1 with value: 222.0811767578125.
[I 2023-12-27 11:10:15,254] Trial 40 finished with value: 735.9646606445312 and parameters: {'gradient_clip_val': 0.21938040334233147, 'hidden_size': 86, 'dropout': 0.4770712504240679, 'hidden_continuous_size': 15, 'attention_head_size': 1, 'learning_rate': 0.0016919220301566}. Best is trial 1 with value: 222.0811767578125.
[I 2023-12-27 11:10:15,892] Trial 41 finished with value: 906.20166015625 and parameters: {'gradient_clip_val': 0.19638642507587128, 'hidden_size': 6, 'dropout': 0.2939941953969391, 'hidden_continuous_size': 5, 'attention_head_size': 1, 'learning_rate': 0.04438535934380077}. Best is trial 1 with value: 222.0811767578125.
[I 2023-12-27 11:10:16,299] Trial 42 finished with value: 816.2003784179688 and parameters: {'gradient_clip_val': 0.24249134695296037, 'hidden_size': 9, 'dropout': 0.44600612070985246, 'hidden_continuous_size': 5, 'attention_head_size': 1, 'learning_rate': 0.02645670895132502}. Best is trial 1 with value: 222.0811767578125.
[I 2023-12-27 11:10:16,861] Trial 43 finished with value: 771.62451171875 and parameters: {'gradient_clip_val': 0.29258113762821264, 'hidden_size': 115, 'dropout': 0.4687300488691154, 'hidden_continuous_size': 8, 'attention_head_size': 1, 'learning_rate': 0.09225531026234297}. Best is trial 1 with value: 222.0811767578125.
[I 2023-12-27 11:10:17,268] Trial 44 finished with value: 732.952880859375 and parameters: {'gradient_clip_val': 0.2722614324675707, 'hidden_size': 7, 'dropout': 0.21888901387384158, 'hidden_continuous_size': 5, 'attention_head_size': 2, 'learning_rate': 0.00999508456477092}. Best is trial 1 with value: 222.0811767578125.
[I 2023-12-27 11:10:17,623] Trial 45 finished with value: 703.8737182617188 and parameters: {'gradient_clip_val': 0.19902244531451835, 'hidden_size': 5, 'dropout': 0.4257634721428144, 'hidden_continuous_size': 5, 'attention_head_size': 1, 'learning_rate': 0.015279881628022837}. Best is trial 1 with value: 222.0811767578125.
[I 2023-12-27 11:10:18,022] Trial 46 finished with value: 771.12646484375 and parameters: {'gradient_clip_val': 0.879430891697172, 'hidden_size': 6, 'dropout': 0.3950283173641478, 'hidden_continuous_size': 5, 'attention_head_size': 2, 'learning_rate': 0.021143924814873875}. Best is trial 1 with value: 222.0811767578125.
[I 2023-12-27 11:10:18,411] Trial 47 finished with value: 867.3346557617188 and parameters: {'gradient_clip_val': 0.31824082540505555, 'hidden_size': 9, 'dropout': 0.47749528637673755, 'hidden_continuous_size': 6, 'attention_head_size': 1, 'learning_rate': 0.004375557208460156}. Best is trial 1 with value: 222.0811767578125.
[I 2023-12-27 11:10:18,825] Trial 48 finished with value: 828.8433227539062 and parameters: {'gradient_clip_val': 0.1684827904299549, 'hidden_size': 23, 'dropout': 0.4169354060588184, 'hidden_continuous_size': 12, 'attention_head_size': 2, 'learning_rate': 0.010369337921309292}. Best is trial 1 with value: 222.0811767578125.
[I 2023-12-27 11:10:19,223] Trial 49 finished with value: 638.4901733398438 and parameters: {'gradient_clip_val': 0.12578087861900766, 'hidden_size': 17, 'dropout': 0.49965349146918303, 'hidden_continuous_size': 6, 'attention_head_size': 3, 'learning_rate': 0.005279605491950558}. Best is trial 1 with value: 222.0811767578125.
[I 2023-12-27 11:10:19,345] A new study created in memory with name: no-name-5962595f-6ae8-43c4-9d5d-545d7a9eb181
/home/le004/conda/anaconda3/envs/tsff_env/lib/python3.9/site-packages/lightning/fabric/plugins/environments/slurm.py:191: The `srun` command is available on your system but is not used. HINT: If your intention is to run Lightning on SLURM, prepend your python command with `srun` like so: srun python /home/le004/master_thesis/git/TSFusionForecast/code/ ...
[I 2023-12-27 11:11:01,462] Trial 0 finished with value: 59.589107513427734 and parameters: {'gradient_clip_val': 0.2463261720768808, 'hidden_size': 52, 'dropout': 0.2995567937438044, 'hidden_continuous_size': 31, 'attention_head_size': 4, 'learning_rate': 0.030566795193585104}. Best is trial 0 with value: 59.589107513427734.
[I 2023-12-27 11:11:18,978] Trial 1 finished with value: 70.8925552368164 and parameters: {'gradient_clip_val': 0.2017391034385514, 'hidden_size': 123, 'dropout': 0.4902764346045202, 'hidden_continuous_size': 27, 'attention_head_size': 1, 'learning_rate': 0.0013677889263796704}. Best is trial 0 with value: 59.589107513427734.
[I 2023-12-27 11:11:19,329] Trial 2 finished with value: 269.2071838378906 and parameters: {'gradient_clip_val': 0.6621807231780074, 'hidden_size': 8, 'dropout': 0.28959745226440625, 'hidden_continuous_size': 6, 'attention_head_size': 4, 'learning_rate': 0.003981410573890367}. Best is trial 0 with value: 59.589107513427734.
[I 2023-12-27 11:11:19,648] Trial 3 finished with value: 138.19822692871094 and parameters: {'gradient_clip_val': 0.6123083286696035, 'hidden_size': 5, 'dropout': 0.17981365303276348, 'hidden_continuous_size': 5, 'attention_head_size': 3, 'learning_rate': 0.0024030108802930513}. Best is trial 0 with value: 59.589107513427734.
[I 2023-12-27 11:11:20,098] Trial 4 finished with value: 229.85987854003906 and parameters: {'gradient_clip_val': 0.13192780847088684, 'hidden_size': 95, 'dropout': 0.2964959035029233, 'hidden_continuous_size': 5, 'attention_head_size': 1, 'learning_rate': 0.020075644765463332}. Best is trial 0 with value: 59.589107513427734.
[I 2023-12-27 11:11:20,414] Trial 5 finished with value: 292.2803955078125 and parameters: {'gradient_clip_val': 0.14986087764706257, 'hidden_size': 5, 'dropout': 0.45047707604258036, 'hidden_continuous_size': 5, 'attention_head_size': 3, 'learning_rate': 0.003344234830261383}. Best is trial 0 with value: 59.589107513427734.
