[I 2023-12-27 11:32:42,580] Trial 46 finished with value: 276.9589538574219 and parameters: {'gradient_clip_val': 0.16710800370771664, 'hidden_size': 18, 'dropout': 0.21893596920078479, 'hidden_continuous_size': 10, 'attention_head_size': 4, 'learning_rate': 0.0015099204492542684}. Best is trial 0 with value: 122.055419921875.
LOCAL_RANK: 0 - CUDA_VISIBLE_DEVICES: [0]
[I 2023-12-27 11:32:43,081] Trial 47 finished with value: 185.7500457763672 and parameters: {'gradient_clip_val': 0.2627150563696003, 'hidden_size': 30, 'dropout': 0.24949075355600034, 'hidden_continuous_size': 14, 'attention_head_size': 3, 'learning_rate': 0.0021940703343941528}. Best is trial 0 with value: 122.055419921875.
LOCAL_RANK: 0 - CUDA_VISIBLE_DEVICES: [0]
[I 2023-12-27 11:32:43,565] Trial 48 finished with value: 245.5469207763672 and parameters: {'gradient_clip_val': 0.22415757041863668, 'hidden_size': 22, 'dropout': 0.29793388460685655, 'hidden_continuous_size': 11, 'attention_head_size': 2, 'learning_rate': 0.010110661802095001}. Best is trial 0 with value: 122.055419921875.
LOCAL_RANK: 0 - CUDA_VISIBLE_DEVICES: [0]
[I 2023-12-27 11:32:44,017] Trial 49 finished with value: 278.1999816894531 and parameters: {'gradient_clip_val': 0.3165600834384387, 'hidden_size': 15, 'dropout': 0.27996592192281194, 'hidden_continuous_size': 6, 'attention_head_size': 4, 'learning_rate': 0.0055432816766170625}. Best is trial 0 with value: 122.055419921875.
[I 2023-12-27 11:32:44,146] A new study created in memory with name: no-name-6b440512-1855-4f1c-a1fe-43bd1645ba06
/home/le004/conda/anaconda3/envs/tsff_env/lib/python3.9/site-packages/lightning/fabric/plugins/environments/slurm.py:191: The `srun` command is available on your system but is not used. HINT: If your intention is to run Lightning on SLURM, prepend your python command with `srun` like so: srun python /home/le004/master_thesis/git/TSFusionForecast/code/ ...
LOCAL_RANK: 0 - CUDA_VISIBLE_DEVICES: [0]
[I 2023-12-27 11:33:14,766] Trial 0 finished with value: 3370.0595703125 and parameters: {'gradient_clip_val': 0.11213182993418858, 'hidden_size': 48, 'dropout': 0.24885645483230256, 'hidden_continuous_size': 10, 'attention_head_size': 3, 'learning_rate': 0.0006332024638697404}. Best is trial 0 with value: 3370.0595703125.
LOCAL_RANK: 0 - CUDA_VISIBLE_DEVICES: [0]
[I 2023-12-27 11:33:33,656] Trial 1 finished with value: 3120.738525390625 and parameters: {'gradient_clip_val': 0.7475903264516218, 'hidden_size': 8, 'dropout': 0.35267798388090177, 'hidden_continuous_size': 5, 'attention_head_size': 1, 'learning_rate': 0.09950265649373756}. Best is trial 1 with value: 3120.738525390625.
LOCAL_RANK: 0 - CUDA_VISIBLE_DEVICES: [0]
[I 2023-12-27 11:33:34,060] Trial 2 finished with value: 5190.32177734375 and parameters: {'gradient_clip_val': 0.9997598577438825, 'hidden_size': 6, 'dropout': 0.42174757758819215, 'hidden_continuous_size': 5, 'attention_head_size': 2, 'learning_rate': 0.0019669787316405857}. Best is trial 1 with value: 3120.738525390625.
LOCAL_RANK: 0 - CUDA_VISIBLE_DEVICES: [0]
[I 2023-12-27 11:33:34,523] Trial 3 finished with value: 5727.3671875 and parameters: {'gradient_clip_val': 0.10033011521302407, 'hidden_size': 33, 'dropout': 0.10227403548067887, 'hidden_continuous_size': 23, 'attention_head_size': 4, 'learning_rate': 0.0010047072017087303}. Best is trial 1 with value: 3120.738525390625.
LOCAL_RANK: 0 - CUDA_VISIBLE_DEVICES: [0]
[I 2023-12-27 11:33:34,966] Trial 4 finished with value: 5810.36572265625 and parameters: {'gradient_clip_val': 0.1912960487890591, 'hidden_size': 37, 'dropout': 0.38293387392797695, 'hidden_continuous_size': 20, 'attention_head_size': 1, 'learning_rate': 0.0013061691995647727}. Best is trial 1 with value: 3120.738525390625.
LOCAL_RANK: 0 - CUDA_VISIBLE_DEVICES: [0]
[I 2023-12-27 11:33:35,363] Trial 5 finished with value: 5557.22607421875 and parameters: {'gradient_clip_val': 0.41142106636504105, 'hidden_size': 7, 'dropout': 0.298897024266321, 'hidden_continuous_size': 5, 'attention_head_size': 1, 'learning_rate': 0.02326674860073561}. Best is trial 1 with value: 3120.738525390625.
LOCAL_RANK: 0 - CUDA_VISIBLE_DEVICES: [0]
[I 2023-12-27 11:33:35,852] Trial 6 finished with value: 4625.212890625 and parameters: {'gradient_clip_val': 0.18558695828036215, 'hidden_size': 40, 'dropout': 0.19373997245865301, 'hidden_continuous_size': 26, 'attention_head_size': 2, 'learning_rate': 0.03125565243272933}. Best is trial 1 with value: 3120.738525390625.
LOCAL_RANK: 0 - CUDA_VISIBLE_DEVICES: [0]
[I 2023-12-27 11:33:36,345] Trial 7 finished with value: 5576.49853515625 and parameters: {'gradient_clip_val': 0.3206034705680527, 'hidden_size': 35, 'dropout': 0.4411489618701996, 'hidden_continuous_size': 22, 'attention_head_size': 1, 'learning_rate': 0.010202289535751016}. Best is trial 1 with value: 3120.738525390625.
LOCAL_RANK: 0 - CUDA_VISIBLE_DEVICES: [0]
[I 2023-12-27 11:33:36,752] Trial 8 finished with value: 5733.70751953125 and parameters: {'gradient_clip_val': 0.6357224835849677, 'hidden_size': 6, 'dropout': 0.36587228295018903, 'hidden_continuous_size': 5, 'attention_head_size': 1, 'learning_rate': 0.0230392926918176}. Best is trial 1 with value: 3120.738525390625.
LOCAL_RANK: 0 - CUDA_VISIBLE_DEVICES: [0]
[I 2023-12-27 11:33:37,215] Trial 9 finished with value: 6049.41455078125 and parameters: {'gradient_clip_val': 0.5419853896324006, 'hidden_size': 84, 'dropout': 0.21620729733740857, 'hidden_continuous_size': 39, 'attention_head_size': 1, 'learning_rate': 0.016885539656049848}. Best is trial 1 with value: 3120.738525390625.
LOCAL_RANK: 0 - CUDA_VISIBLE_DEVICES: [0]
[I 2023-12-27 11:33:37,651] Trial 10 finished with value: 6095.12353515625 and parameters: {'gradient_clip_val': 0.9305949448859145, 'hidden_size': 14, 'dropout': 0.4978350396634448, 'hidden_continuous_size': 6, 'attention_head_size': 3, 'learning_rate': 0.08237251569978869}. Best is trial 1 with value: 3120.738525390625.
LOCAL_RANK: 0 - CUDA_VISIBLE_DEVICES: [0]
[I 2023-12-27 11:33:38,364] Trial 11 finished with value: 5462.88232421875 and parameters: {'gradient_clip_val': 0.22514308098471966, 'hidden_size': 15, 'dropout': 0.30718128178122045, 'hidden_continuous_size': 8, 'attention_head_size': 3, 'learning_rate': 0.0037525525122949982}. Best is trial 1 with value: 3120.738525390625.
LOCAL_RANK: 0 - CUDA_VISIBLE_DEVICES: [0]
[I 2023-12-27 11:33:38,873] Trial 12 finished with value: 5484.90771484375 and parameters: {'gradient_clip_val': 0.11852403799349372, 'hidden_size': 92, 'dropout': 0.29681267986027776, 'hidden_continuous_size': 10, 'attention_head_size': 4, 'learning_rate': 0.004767623016837931}. Best is trial 1 with value: 3120.738525390625.
LOCAL_RANK: 0 - CUDA_VISIBLE_DEVICES: [0]
[I 2023-12-27 11:33:39,320] Trial 13 finished with value: 6438.912109375 and parameters: {'gradient_clip_val': 0.2816879125939535, 'hidden_size': 18, 'dropout': 0.2439526993315002, 'hidden_continuous_size': 8, 'attention_head_size': 3, 'learning_rate': 0.0005741515796200468}. Best is trial 1 with value: 3120.738525390625.
LOCAL_RANK: 0 - CUDA_VISIBLE_DEVICES: [0]
[I 2023-12-27 11:33:39,815] Trial 14 finished with value: 5608.95556640625 and parameters: {'gradient_clip_val': 0.13292693095689936, 'hidden_size': 61, 'dropout': 0.34999999416369226, 'hidden_continuous_size': 15, 'attention_head_size': 2, 'learning_rate': 0.0866304882142839}. Best is trial 1 with value: 3120.738525390625.
LOCAL_RANK: 0 - CUDA_VISIBLE_DEVICES: [0]
[I 2023-12-27 11:33:40,378] Trial 15 finished with value: 6746.82275390625 and parameters: {'gradient_clip_val': 0.15679019413623976, 'hidden_size': 125, 'dropout': 0.2562929970134285, 'hidden_continuous_size': 102, 'attention_head_size': 3, 'learning_rate': 0.002968412107819969}. Best is trial 1 with value: 3120.738525390625.
LOCAL_RANK: 0 - CUDA_VISIBLE_DEVICES: [0]
[I 2023-12-27 11:33:40,831] Trial 16 finished with value: 6841.46484375 and parameters: {'gradient_clip_val': 0.26354204433026956, 'hidden_size': 10, 'dropout': 0.1639463255970936, 'hidden_continuous_size': 6, 'attention_head_size': 2, 'learning_rate': 0.0075718432664324}. Best is trial 1 with value: 3120.738525390625.
LOCAL_RANK: 0 - CUDA_VISIBLE_DEVICES: [0]
[I 2023-12-27 11:33:41,277] Trial 17 finished with value: 6438.26318359375 and parameters: {'gradient_clip_val': 0.36706183089843814, 'hidden_size': 26, 'dropout': 0.34069699101987944, 'hidden_continuous_size': 7, 'attention_head_size': 4, 'learning_rate': 0.0006843036684674731}. Best is trial 1 with value: 3120.738525390625.
LOCAL_RANK: 0 - CUDA_VISIBLE_DEVICES: [0]
[I 2023-12-27 11:33:41,677] Trial 18 finished with value: 6590.71630859375 and parameters: {'gradient_clip_val': 0.4607557166119713, 'hidden_size': 5, 'dropout': 0.2711564970136208, 'hidden_continuous_size': 5, 'attention_head_size': 2, 'learning_rate': 0.0021068738476221417}. Best is trial 1 with value: 3120.738525390625.
LOCAL_RANK: 0 - CUDA_VISIBLE_DEVICES: [0]
[I 2023-12-27 11:33:42,104] Trial 19 finished with value: 4791.15087890625 and parameters: {'gradient_clip_val': 0.7026445638136747, 'hidden_size': 10, 'dropout': 0.32415910863098657, 'hidden_continuous_size': 6, 'attention_head_size': 3, 'learning_rate': 0.04464946394945403}. Best is trial 1 with value: 3120.738525390625.
LOCAL_RANK: 0 - CUDA_VISIBLE_DEVICES: [0]
[I 2023-12-27 11:33:42,559] Trial 20 finished with value: 5243.208984375 and parameters: {'gradient_clip_val': 0.3509594695668349, 'hidden_size': 21, 'dropout': 0.26878805387239185, 'hidden_continuous_size': 9, 'attention_head_size': 4, 'learning_rate': 0.012341413749126251}. Best is trial 1 with value: 3120.738525390625.
LOCAL_RANK: 0 - CUDA_VISIBLE_DEVICES: [0]
[I 2023-12-27 11:33:43,040] Trial 21 finished with value: 6191.99755859375 and parameters: {'gradient_clip_val': 0.17971375953894744, 'hidden_size': 52, 'dropout': 0.20301621133711456, 'hidden_continuous_size': 11, 'attention_head_size': 2, 'learning_rate': 0.05844702048003385}. Best is trial 1 with value: 3120.738525390625.
LOCAL_RANK: 0 - CUDA_VISIBLE_DEVICES: [0]
[I 2023-12-27 11:33:43,520] Trial 22 finished with value: 5790.66796875 and parameters: {'gradient_clip_val': 0.1476310952928557, 'hidden_size': 49, 'dropout': 0.18002286172022025, 'hidden_continuous_size': 11, 'attention_head_size': 2, 'learning_rate': 0.03926827360494239}. Best is trial 1 with value: 3120.738525390625.
LOCAL_RANK: 0 - CUDA_VISIBLE_DEVICES: [0]
[I 2023-12-27 11:33:43,970] Trial 23 finished with value: 5223.30712890625 and parameters: {'gradient_clip_val': 0.21752691702322763, 'hidden_size': 25, 'dropout': 0.2285608719570688, 'hidden_continuous_size': 7, 'attention_head_size': 3, 'learning_rate': 0.028508886260888915}. Best is trial 1 with value: 3120.738525390625.
LOCAL_RANK: 0 - CUDA_VISIBLE_DEVICES: [0]
[I 2023-12-27 11:33:44,442] Trial 24 finished with value: 6129.81201171875 and parameters: {'gradient_clip_val': 0.10031840471312359, 'hidden_size': 41, 'dropout': 0.1511245884162602, 'hidden_continuous_size': 13, 'attention_head_size': 1, 'learning_rate': 0.09779343895942891}. Best is trial 1 with value: 3120.738525390625.
LOCAL_RANK: 0 - CUDA_VISIBLE_DEVICES: [0]
[I 2023-12-27 11:33:45,209] Trial 25 finished with value: 5731.6953125 and parameters: {'gradient_clip_val': 0.16658472542914293, 'hidden_size': 29, 'dropout': 0.20038810458322642, 'hidden_continuous_size': 9, 'attention_head_size': 2, 'learning_rate': 0.05427549289323415}. Best is trial 1 with value: 3120.738525390625.
LOCAL_RANK: 0 - CUDA_VISIBLE_DEVICES: [0]
[I 2023-12-27 11:33:45,700] Trial 26 finished with value: 5873.03857421875 and parameters: {'gradient_clip_val': 0.12525641242306085, 'hidden_size': 71, 'dropout': 0.24031995164128642, 'hidden_continuous_size': 15, 'attention_head_size': 3, 'learning_rate': 0.033868520376005025}. Best is trial 1 with value: 3120.738525390625.
LOCAL_RANK: 0 - CUDA_VISIBLE_DEVICES: [0]
[I 2023-12-27 11:33:46,180] Trial 27 finished with value: 5632.81884765625 and parameters: {'gradient_clip_val': 0.20221968663922682, 'hidden_size': 44, 'dropout': 0.28325397578058487, 'hidden_continuous_size': 7, 'attention_head_size': 2, 'learning_rate': 0.01654979227171026}. Best is trial 1 with value: 3120.738525390625.
LOCAL_RANK: 0 - CUDA_VISIBLE_DEVICES: [0]
[I 2023-12-27 11:33:46,650] Trial 28 finished with value: 5755.4921875 and parameters: {'gradient_clip_val': 0.2597571883618037, 'hidden_size': 51, 'dropout': 0.2536348815650804, 'hidden_continuous_size': 13, 'attention_head_size': 1, 'learning_rate': 0.005302032564026744}. Best is trial 1 with value: 3120.738525390625.
LOCAL_RANK: 0 - CUDA_VISIBLE_DEVICES: [0]
[I 2023-12-27 11:33:47,132] Trial 29 finished with value: 4662.64794921875 and parameters: {'gradient_clip_val': 0.14751730517031533, 'hidden_size': 31, 'dropout': 0.32489173263563265, 'hidden_continuous_size': 5, 'attention_head_size': 2, 'learning_rate': 0.06067991830122433}. Best is trial 1 with value: 3120.738525390625.
LOCAL_RANK: 0 - CUDA_VISIBLE_DEVICES: [0]
[I 2023-12-27 11:33:47,589] Trial 30 finished with value: 6044.1484375 and parameters: {'gradient_clip_val': 0.1746086780298077, 'hidden_size': 22, 'dropout': 0.3935576266305892, 'hidden_continuous_size': 8, 'attention_head_size': 3, 'learning_rate': 0.0005148503264892642}. Best is trial 1 with value: 3120.738525390625.
LOCAL_RANK: 0 - CUDA_VISIBLE_DEVICES: [0]
[I 2023-12-27 11:33:48,028] Trial 31 finished with value: 6279.58642578125 and parameters: {'gradient_clip_val': 0.14940859737617704, 'hidden_size': 31, 'dropout': 0.32037366755382024, 'hidden_continuous_size': 5, 'attention_head_size': 2, 'learning_rate': 0.05851717036030694}. Best is trial 1 with value: 3120.738525390625.
LOCAL_RANK: 0 - CUDA_VISIBLE_DEVICES: [0]
[I 2023-12-27 11:33:48,473] Trial 32 finished with value: 5541.26416015625 and parameters: {'gradient_clip_val': 0.11703909734215572, 'hidden_size': 33, 'dropout': 0.33000807898771894, 'hidden_continuous_size': 6, 'attention_head_size': 2, 'learning_rate': 0.07231866231587125}. Best is trial 1 with value: 3120.738525390625.
LOCAL_RANK: 0 - CUDA_VISIBLE_DEVICES: [0]
[I 2023-12-27 11:33:48,931] Trial 33 finished with value: 6285.13671875 and parameters: {'gradient_clip_val': 0.13596937138468299, 'hidden_size': 41, 'dropout': 0.28380483208589513, 'hidden_continuous_size': 5, 'attention_head_size': 1, 'learning_rate': 0.09990996438182626}. Best is trial 1 with value: 3120.738525390625.
LOCAL_RANK: 0 - CUDA_VISIBLE_DEVICES: [0]
[I 2023-12-27 11:33:49,378] Trial 34 finished with value: 5078.369140625 and parameters: {'gradient_clip_val': 0.10857071480119351, 'hidden_size': 35, 'dropout': 0.3091892857516658, 'hidden_continuous_size': 6, 'attention_head_size': 2, 'learning_rate': 0.0010780303653800038}. Best is trial 1 with value: 3120.738525390625.
LOCAL_RANK: 0 - CUDA_VISIBLE_DEVICES: [0]
[I 2023-12-27 11:33:49,862] Trial 35 finished with value: 5149.880859375 and parameters: {'gradient_clip_val': 0.1410385043605875, 'hidden_size': 60, 'dropout': 0.1224795642521252, 'hidden_continuous_size': 26, 'attention_head_size': 1, 'learning_rate': 0.04159286223711614}. Best is trial 1 with value: 3120.738525390625.
LOCAL_RANK: 0 - CUDA_VISIBLE_DEVICES: [0]
[I 2023-12-27 11:33:50,322] Trial 36 finished with value: 5774.55322265625 and parameters: {'gradient_clip_val': 0.18099275727141415, 'hidden_size': 28, 'dropout': 0.36007832078246044, 'hidden_continuous_size': 5, 'attention_head_size': 1, 'learning_rate': 0.0014709848217818666}. Best is trial 1 with value: 3120.738525390625.
LOCAL_RANK: 0 - CUDA_VISIBLE_DEVICES: [0]
[I 2023-12-27 11:33:50,798] Trial 37 finished with value: 5790.33740234375 and parameters: {'gradient_clip_val': 0.11393214603851441, 'hidden_size': 38, 'dropout': 0.3846179473484055, 'hidden_continuous_size': 7, 'attention_head_size': 2, 'learning_rate': 0.06707357027770455}. Best is trial 1 with value: 3120.738525390625.
LOCAL_RANK: 0 - CUDA_VISIBLE_DEVICES: [0]
[I 2023-12-27 11:33:51,250] Trial 38 finished with value: 5610.80517578125 and parameters: {'gradient_clip_val': 0.15578289667348866, 'hidden_size': 35, 'dropout': 0.220306587183807, 'hidden_continuous_size': 5, 'attention_head_size': 3, 'learning_rate': 0.05203585532884129}. Best is trial 1 with value: 3120.738525390625.
LOCAL_RANK: 0 - CUDA_VISIBLE_DEVICES: [0]
[I 2023-12-27 11:33:52,006] Trial 39 finished with value: 6631.13037109375 and parameters: {'gradient_clip_val': 0.10101942471916635, 'hidden_size': 23, 'dropout': 0.40459063866380496, 'hidden_continuous_size': 6, 'attention_head_size': 1, 'learning_rate': 0.021998606710310082}. Best is trial 1 with value: 3120.738525390625.
LOCAL_RANK: 0 - CUDA_VISIBLE_DEVICES: [0]
[I 2023-12-27 11:33:52,469] Trial 40 finished with value: 5469.3203125 and parameters: {'gradient_clip_val': 0.12851341261724344, 'hidden_size': 18, 'dropout': 0.36721027795092664, 'hidden_continuous_size': 8, 'attention_head_size': 4, 'learning_rate': 0.03061503731395414}. Best is trial 1 with value: 3120.738525390625.
LOCAL_RANK: 0 - CUDA_VISIBLE_DEVICES: [0]
[I 2023-12-27 11:33:52,914] Trial 41 finished with value: 5635.77001953125 and parameters: {'gradient_clip_val': 0.7707919660645689, 'hidden_size': 8, 'dropout': 0.3296735902514301, 'hidden_continuous_size': 5, 'attention_head_size': 3, 'learning_rate': 0.04555820906719643}. Best is trial 1 with value: 3120.738525390625.
LOCAL_RANK: 0 - CUDA_VISIBLE_DEVICES: [0]
[I 2023-12-27 11:33:53,355] Trial 42 finished with value: 6060.984375 and parameters: {'gradient_clip_val': 0.6431441738773801, 'hidden_size': 7, 'dropout': 0.31111126941006545, 'hidden_continuous_size': 5, 'attention_head_size': 3, 'learning_rate': 0.07561587689956831}. Best is trial 1 with value: 3120.738525390625.
LOCAL_RANK: 0 - CUDA_VISIBLE_DEVICES: [0]
[I 2023-12-27 11:33:53,830] Trial 43 finished with value: 5432.1953125 and parameters: {'gradient_clip_val': 0.5027840652156562, 'hidden_size': 11, 'dropout': 0.3445353069757356, 'hidden_continuous_size': 6, 'attention_head_size': 3, 'learning_rate': 0.036692456588926434}. Best is trial 1 with value: 3120.738525390625.
LOCAL_RANK: 0 - CUDA_VISIBLE_DEVICES: [0]
[I 2023-12-27 11:33:54,268] Trial 44 finished with value: 6370.43359375 and parameters: {'gradient_clip_val': 0.9771500374755568, 'hidden_size': 10, 'dropout': 0.3665596578504502, 'hidden_continuous_size': 6, 'attention_head_size': 3, 'learning_rate': 0.049275455010505474}. Best is trial 1 with value: 3120.738525390625.
LOCAL_RANK: 0 - CUDA_VISIBLE_DEVICES: [0]
[I 2023-12-27 11:33:54,678] Trial 45 finished with value: 4856.1640625 and parameters: {'gradient_clip_val': 0.8654521958526223, 'hidden_size': 5, 'dropout': 0.2950105423865621, 'hidden_continuous_size': 5, 'attention_head_size': 2, 'learning_rate': 0.07321300688484585}. Best is trial 1 with value: 3120.738525390625.
LOCAL_RANK: 0 - CUDA_VISIBLE_DEVICES: [0]
[I 2023-12-27 11:33:55,143] Trial 46 finished with value: 5669.35400390625 and parameters: {'gradient_clip_val': 0.6234387978024221, 'hidden_size': 14, 'dropout': 0.3247102045063054, 'hidden_continuous_size': 7, 'attention_head_size': 3, 'learning_rate': 0.02591148596365015}. Best is trial 1 with value: 3120.738525390625.
LOCAL_RANK: 0 - CUDA_VISIBLE_DEVICES: [0]
[I 2023-12-27 11:33:55,598] Trial 47 finished with value: 6001.185546875 and parameters: {'gradient_clip_val': 0.19486160430070212, 'hidden_size': 6, 'dropout': 0.425601987698968, 'hidden_continuous_size': 5, 'attention_head_size': 4, 'learning_rate': 0.04183497493413331}. Best is trial 1 with value: 3120.738525390625.
LOCAL_RANK: 0 - CUDA_VISIBLE_DEVICES: [0]
[I 2023-12-27 11:33:56,106] Trial 48 finished with value: 6491.96435546875 and parameters: {'gradient_clip_val': 0.7849457914402866, 'hidden_size': 30, 'dropout': 0.3002091247174004, 'hidden_continuous_size': 10, 'attention_head_size': 2, 'learning_rate': 0.020676299574697}. Best is trial 1 with value: 3120.738525390625.
LOCAL_RANK: 0 - CUDA_VISIBLE_DEVICES: [0]
[I 2023-12-27 11:33:56,549] Trial 49 finished with value: 5519.99072265625 and parameters: {'gradient_clip_val': 0.4434676353888264, 'hidden_size': 8, 'dropout': 0.2670950067480557, 'hidden_continuous_size': 6, 'attention_head_size': 3, 'learning_rate': 0.0325575913151831}. Best is trial 1 with value: 3120.738525390625.
