[I 2023-12-27 11:31:18,793] Trial 23 finished with value: 340.3735656738281 and parameters: {'gradient_clip_val': 0.7016800809560014, 'hidden_size': 11, 'dropout': 0.1468079077467484, 'hidden_continuous_size': 6, 'attention_head_size': 4, 'learning_rate': 0.057562693897320764}. Best is trial 0 with value: 96.32174682617188.
LOCAL_RANK: 0 - CUDA_VISIBLE_DEVICES: [0]
[I 2023-12-27 11:31:19,243] Trial 24 finished with value: 391.9429626464844 and parameters: {'gradient_clip_val': 0.9852001589588482, 'hidden_size': 30, 'dropout': 0.21999182011956986, 'hidden_continuous_size': 8, 'attention_head_size': 3, 'learning_rate': 0.09260563985859731}. Best is trial 0 with value: 96.32174682617188.
LOCAL_RANK: 0 - CUDA_VISIBLE_DEVICES: [0]
[I 2023-12-27 11:31:19,700] Trial 25 finished with value: 295.8448791503906 and parameters: {'gradient_clip_val': 0.45760152248603897, 'hidden_size': 7, 'dropout': 0.1732791674611796, 'hidden_continuous_size': 6, 'attention_head_size': 4, 'learning_rate': 0.03081950769138945}. Best is trial 0 with value: 96.32174682617188.
LOCAL_RANK: 0 - CUDA_VISIBLE_DEVICES: [0]
[I 2023-12-27 11:31:20,153] Trial 26 finished with value: 310.6200866699219 and parameters: {'gradient_clip_val': 0.35341703909105765, 'hidden_size': 13, 'dropout': 0.13047692778718872, 'hidden_continuous_size': 7, 'attention_head_size': 4, 'learning_rate': 0.055491939379762385}. Best is trial 0 with value: 96.32174682617188.
LOCAL_RANK: 0 - CUDA_VISIBLE_DEVICES: [0]
[I 2023-12-27 11:31:20,603] Trial 27 finished with value: 397.5823974609375 and parameters: {'gradient_clip_val': 0.4389544448979402, 'hidden_size': 18, 'dropout': 0.20396716500478784, 'hidden_continuous_size': 7, 'attention_head_size': 3, 'learning_rate': 0.015014503426044396}. Best is trial 0 with value: 96.32174682617188.
LOCAL_RANK: 0 - CUDA_VISIBLE_DEVICES: [0]
[I 2023-12-27 11:31:21,060] Trial 28 finished with value: 449.3345642089844 and parameters: {'gradient_clip_val': 0.6522668077459639, 'hidden_size': 24, 'dropout': 0.1605755283294132, 'hidden_continuous_size': 8, 'attention_head_size': 4, 'learning_rate': 0.06395830038246239}. Best is trial 0 with value: 96.32174682617188.
LOCAL_RANK: 0 - CUDA_VISIBLE_DEVICES: [0]
[I 2023-12-27 11:31:21,777] Trial 29 finished with value: 330.2174987792969 and parameters: {'gradient_clip_val': 0.8099346404288447, 'hidden_size': 21, 'dropout': 0.1352541014161439, 'hidden_continuous_size': 9, 'attention_head_size': 3, 'learning_rate': 0.03802092726051463}. Best is trial 0 with value: 96.32174682617188.
LOCAL_RANK: 0 - CUDA_VISIBLE_DEVICES: [0]
[I 2023-12-27 11:31:22,247] Trial 30 finished with value: 331.0098876953125 and parameters: {'gradient_clip_val': 0.6169984442747993, 'hidden_size': 36, 'dropout': 0.13558531178548006, 'hidden_continuous_size': 9, 'attention_head_size': 4, 'learning_rate': 0.026859256058952678}. Best is trial 0 with value: 96.32174682617188.
LOCAL_RANK: 0 - CUDA_VISIBLE_DEVICES: [0]
[I 2023-12-27 11:31:22,701] Trial 31 finished with value: 262.810546875 and parameters: {'gradient_clip_val': 0.3073986244032931, 'hidden_size': 7, 'dropout': 0.1683374395527867, 'hidden_continuous_size': 5, 'attention_head_size': 3, 'learning_rate': 0.014680761316781692}. Best is trial 0 with value: 96.32174682617188.
LOCAL_RANK: 0 - CUDA_VISIBLE_DEVICES: [0]
[I 2023-12-27 11:31:23,153] Trial 32 finished with value: 312.798828125 and parameters: {'gradient_clip_val': 0.32118442974199796, 'hidden_size': 9, 'dropout': 0.17493494925779673, 'hidden_continuous_size': 6, 'attention_head_size': 4, 'learning_rate': 0.014730183315970405}. Best is trial 0 with value: 96.32174682617188.
LOCAL_RANK: 0 - CUDA_VISIBLE_DEVICES: [0]
[I 2023-12-27 11:31:23,603] Trial 33 finished with value: 231.6583251953125 and parameters: {'gradient_clip_val': 0.5135982162827, 'hidden_size': 7, 'dropout': 0.11182309420340661, 'hidden_continuous_size': 5, 'attention_head_size': 3, 'learning_rate': 0.04190294109607643}. Best is trial 0 with value: 96.32174682617188.
LOCAL_RANK: 0 - CUDA_VISIBLE_DEVICES: [0]
[I 2023-12-27 11:31:24,053] Trial 34 finished with value: 253.5555419921875 and parameters: {'gradient_clip_val': 0.41483315352484523, 'hidden_size': 7, 'dropout': 0.1008709050710514, 'hidden_continuous_size': 5, 'attention_head_size': 3, 'learning_rate': 0.02253613384463054}. Best is trial 0 with value: 96.32174682617188.
LOCAL_RANK: 0 - CUDA_VISIBLE_DEVICES: [0]
[I 2023-12-27 11:31:24,514] Trial 35 finished with value: 372.4244689941406 and parameters: {'gradient_clip_val': 0.5177904943914995, 'hidden_size': 6, 'dropout': 0.11046617986195569, 'hidden_continuous_size': 5, 'attention_head_size': 3, 'learning_rate': 0.021753607036847613}. Best is trial 0 with value: 96.32174682617188.
LOCAL_RANK: 0 - CUDA_VISIBLE_DEVICES: [0]
[I 2023-12-27 11:31:24,965] Trial 36 finished with value: 279.8894958496094 and parameters: {'gradient_clip_val': 0.4171437726997675, 'hidden_size': 12, 'dropout': 0.1300546413896442, 'hidden_continuous_size': 6, 'attention_head_size': 2, 'learning_rate': 0.028078684400150565}. Best is trial 0 with value: 96.32174682617188.
LOCAL_RANK: 0 - CUDA_VISIBLE_DEVICES: [0]
[I 2023-12-27 11:31:25,458] Trial 37 finished with value: 399.6395263671875 and parameters: {'gradient_clip_val': 0.5652715171396923, 'hidden_size': 10, 'dropout': 0.1091473847392785, 'hidden_continuous_size': 5, 'attention_head_size': 3, 'learning_rate': 0.06714077643184442}. Best is trial 0 with value: 96.32174682617188.
LOCAL_RANK: 0 - CUDA_VISIBLE_DEVICES: [0]
[I 2023-12-27 11:31:25,913] Trial 38 finished with value: 355.4457092285156 and parameters: {'gradient_clip_val': 0.47772702137327167, 'hidden_size': 8, 'dropout': 0.12121340363647301, 'hidden_continuous_size': 5, 'attention_head_size': 2, 'learning_rate': 0.03670373199680325}. Best is trial 0 with value: 96.32174682617188.
LOCAL_RANK: 0 - CUDA_VISIBLE_DEVICES: [0]
[I 2023-12-27 11:31:26,366] Trial 39 finished with value: 301.8737487792969 and parameters: {'gradient_clip_val': 0.39021058102220657, 'hidden_size': 6, 'dropout': 0.10560989418838283, 'hidden_continuous_size': 5, 'attention_head_size': 3, 'learning_rate': 0.09664422721712533}. Best is trial 0 with value: 96.32174682617188.
LOCAL_RANK: 0 - CUDA_VISIBLE_DEVICES: [0]
[I 2023-12-27 11:31:26,827] Trial 40 finished with value: 429.9928283691406 and parameters: {'gradient_clip_val': 0.5148931585709599, 'hidden_size': 13, 'dropout': 0.14490223393096938, 'hidden_continuous_size': 6, 'attention_head_size': 3, 'learning_rate': 0.025413724792354493}. Best is trial 0 with value: 96.32174682617188.
LOCAL_RANK: 0 - CUDA_VISIBLE_DEVICES: [0]
[I 2023-12-27 11:31:27,274] Trial 41 finished with value: 240.66050720214844 and parameters: {'gradient_clip_val': 0.4290607913827087, 'hidden_size': 7, 'dropout': 0.17002533967562544, 'hidden_continuous_size': 5, 'attention_head_size': 3, 'learning_rate': 0.017878280695967478}. Best is trial 0 with value: 96.32174682617188.
LOCAL_RANK: 0 - CUDA_VISIBLE_DEVICES: [0]
[I 2023-12-27 11:31:27,971] Trial 42 finished with value: 360.4045104980469 and parameters: {'gradient_clip_val': 0.4305526392819425, 'hidden_size': 6, 'dropout': 0.12519737976303696, 'hidden_continuous_size': 5, 'attention_head_size': 1, 'learning_rate': 0.01729126870614309}. Best is trial 0 with value: 96.32174682617188.
LOCAL_RANK: 0 - CUDA_VISIBLE_DEVICES: [0]
[I 2023-12-27 11:31:28,434] Trial 43 finished with value: 357.0276794433594 and parameters: {'gradient_clip_val': 0.3619542524894067, 'hidden_size': 10, 'dropout': 0.1494501192442613, 'hidden_continuous_size': 5, 'attention_head_size': 3, 'learning_rate': 0.03995012512573217}. Best is trial 0 with value: 96.32174682617188.
LOCAL_RANK: 0 - CUDA_VISIBLE_DEVICES: [0]
[I 2023-12-27 11:31:28,877] Trial 44 finished with value: 354.4038391113281 and parameters: {'gradient_clip_val': 0.4960474791921202, 'hidden_size': 8, 'dropout': 0.10202576102699303, 'hidden_continuous_size': 5, 'attention_head_size': 2, 'learning_rate': 0.018998336221492006}. Best is trial 0 with value: 96.32174682617188.
LOCAL_RANK: 0 - CUDA_VISIBLE_DEVICES: [0]
[I 2023-12-27 11:31:29,329] Trial 45 finished with value: 246.68096923828125 and parameters: {'gradient_clip_val': 0.40297803241520264, 'hidden_size': 14, 'dropout': 0.20541879135992688, 'hidden_continuous_size': 6, 'attention_head_size': 3, 'learning_rate': 0.011885635202290402}. Best is trial 0 with value: 96.32174682617188.
LOCAL_RANK: 0 - CUDA_VISIBLE_DEVICES: [0]
[I 2023-12-27 11:31:29,765] Trial 46 finished with value: 337.8974609375 and parameters: {'gradient_clip_val': 0.3992267551493272, 'hidden_size': 15, 'dropout': 0.12518486080747848, 'hidden_continuous_size': 6, 'attention_head_size': 3, 'learning_rate': 0.01087428799284167}. Best is trial 0 with value: 96.32174682617188.
LOCAL_RANK: 0 - CUDA_VISIBLE_DEVICES: [0]
[I 2023-12-27 11:31:30,162] Trial 47 finished with value: 364.316162109375 and parameters: {'gradient_clip_val': 0.5769484879193107, 'hidden_size': 5, 'dropout': 0.17862544738138697, 'hidden_continuous_size': 5, 'attention_head_size': 2, 'learning_rate': 0.007943809316654447}. Best is trial 0 with value: 96.32174682617188.
LOCAL_RANK: 0 - CUDA_VISIBLE_DEVICES: [0]
[I 2023-12-27 11:31:30,595] Trial 48 finished with value: 327.6651611328125 and parameters: {'gradient_clip_val': 0.45796781586083923, 'hidden_size': 7, 'dropout': 0.1614453450409203, 'hidden_continuous_size': 5, 'attention_head_size': 3, 'learning_rate': 0.01145184199673242}. Best is trial 0 with value: 96.32174682617188.
LOCAL_RANK: 0 - CUDA_VISIBLE_DEVICES: [0]
[I 2023-12-27 11:31:31,028] Trial 49 finished with value: 337.8882751464844 and parameters: {'gradient_clip_val': 0.5306851750711845, 'hidden_size': 9, 'dropout': 0.12356908443651336, 'hidden_continuous_size': 6, 'attention_head_size': 3, 'learning_rate': 0.02369742922823667}. Best is trial 0 with value: 96.32174682617188.
