[I 2023-12-27 11:02:04,907] Trial 18 finished with value: 229.71470642089844 and parameters: {'gradient_clip_val': 0.14362489671483847, 'hidden_size': 6, 'dropout': 0.34395073402512966, 'hidden_continuous_size': 5, 'attention_head_size': 3, 'learning_rate': 0.022662546710598728}. Best is trial 0 with value: 35.95179748535156.
[I 2023-12-27 11:02:05,252] Trial 19 finished with value: 134.91839599609375 and parameters: {'gradient_clip_val': 0.12958039383364947, 'hidden_size': 8, 'dropout': 0.4281337148459211, 'hidden_continuous_size': 6, 'attention_head_size': 3, 'learning_rate': 0.09592503568020702}. Best is trial 0 with value: 35.95179748535156.
[I 2023-12-27 11:02:05,601] Trial 20 finished with value: 144.2860107421875 and parameters: {'gradient_clip_val': 0.17741766784086152, 'hidden_size': 19, 'dropout': 0.3530745746302977, 'hidden_continuous_size': 9, 'attention_head_size': 2, 'learning_rate': 0.03971033053537446}. Best is trial 0 with value: 35.95179748535156.
[I 2023-12-27 11:02:06,032] Trial 21 finished with value: 147.55528259277344 and parameters: {'gradient_clip_val': 0.22052813304821664, 'hidden_size': 76, 'dropout': 0.4211854061624347, 'hidden_continuous_size': 21, 'attention_head_size': 4, 'learning_rate': 0.02033552425883638}. Best is trial 0 with value: 35.95179748535156.
[I 2023-12-27 11:02:06,598] Trial 22 finished with value: 143.82424926757812 and parameters: {'gradient_clip_val': 0.14876849470710735, 'hidden_size': 150, 'dropout': 0.36499446846295414, 'hidden_continuous_size': 40, 'attention_head_size': 4, 'learning_rate': 0.01745860363428254}. Best is trial 0 with value: 35.95179748535156.
[I 2023-12-27 11:02:07,010] Trial 23 finished with value: 155.85829162597656 and parameters: {'gradient_clip_val': 0.12230090181211194, 'hidden_size': 68, 'dropout': 0.33192034986657637, 'hidden_continuous_size': 14, 'attention_head_size': 3, 'learning_rate': 0.05155702877783968}. Best is trial 0 with value: 35.95179748535156.
[I 2023-12-27 11:02:07,485] Trial 24 finished with value: 167.95086669921875 and parameters: {'gradient_clip_val': 0.16934438330297344, 'hidden_size': 112, 'dropout': 0.40520690963165484, 'hidden_continuous_size': 27, 'attention_head_size': 4, 'learning_rate': 0.03294843020136679}. Best is trial 0 with value: 35.95179748535156.
[I 2023-12-27 11:02:07,902] Trial 25 finished with value: 170.54193115234375 and parameters: {'gradient_clip_val': 0.21498835651425077, 'hidden_size': 65, 'dropout': 0.3758250987756605, 'hidden_continuous_size': 17, 'attention_head_size': 3, 'learning_rate': 0.005333164137504539}. Best is trial 0 with value: 35.95179748535156.
[I 2023-12-27 11:02:08,526] Trial 26 finished with value: 161.0999298095703 and parameters: {'gradient_clip_val': 0.11695247223007699, 'hidden_size': 37, 'dropout': 0.4586592331776641, 'hidden_continuous_size': 12, 'attention_head_size': 4, 'learning_rate': 0.014735178918362485}. Best is trial 0 with value: 35.95179748535156.
[I 2023-12-27 11:02:08,948] Trial 27 finished with value: 158.4331512451172 and parameters: {'gradient_clip_val': 0.1451514698950457, 'hidden_size': 61, 'dropout': 0.41375428440781337, 'hidden_continuous_size': 18, 'attention_head_size': 4, 'learning_rate': 0.007212794692415549}. Best is trial 0 with value: 35.95179748535156.
[I 2023-12-27 11:02:09,418] Trial 28 finished with value: 165.9235382080078 and parameters: {'gradient_clip_val': 0.2845539633264889, 'hidden_size': 95, 'dropout': 0.3394826615269934, 'hidden_continuous_size': 24, 'attention_head_size': 3, 'learning_rate': 0.0018959563884342052}. Best is trial 0 with value: 35.95179748535156.
[I 2023-12-27 11:02:09,865] Trial 29 finished with value: 163.42384338378906 and parameters: {'gradient_clip_val': 0.1947477750903446, 'hidden_size': 85, 'dropout': 0.40344005435251823, 'hidden_continuous_size': 14, 'attention_head_size': 4, 'learning_rate': 0.0006023177996393544}. Best is trial 0 with value: 35.95179748535156.
[I 2023-12-27 11:02:10,331] Trial 30 finished with value: 151.2764434814453 and parameters: {'gradient_clip_val': 0.10941756774181553, 'hidden_size': 100, 'dropout': 0.4468543346284501, 'hidden_continuous_size': 31, 'attention_head_size': 2, 'learning_rate': 0.005774122663790298}. Best is trial 0 with value: 35.95179748535156.
[I 2023-12-27 11:02:10,675] Trial 31 finished with value: 177.99530029296875 and parameters: {'gradient_clip_val': 0.12640819707859757, 'hidden_size': 8, 'dropout': 0.42851177597374734, 'hidden_continuous_size': 6, 'attention_head_size': 3, 'learning_rate': 0.0981141997360455}. Best is trial 0 with value: 35.95179748535156.
[I 2023-12-27 11:02:11,031] Trial 32 finished with value: 177.08953857421875 and parameters: {'gradient_clip_val': 0.14036247873017874, 'hidden_size': 9, 'dropout': 0.38258882258770616, 'hidden_continuous_size': 6, 'attention_head_size': 3, 'learning_rate': 0.07137948249564925}. Best is trial 0 with value: 35.95179748535156.
[I 2023-12-27 11:02:11,382] Trial 33 finished with value: 157.47959899902344 and parameters: {'gradient_clip_val': 0.10013373990248352, 'hidden_size': 7, 'dropout': 0.4200334523686238, 'hidden_continuous_size': 5, 'attention_head_size': 4, 'learning_rate': 0.06757275857271698}. Best is trial 0 with value: 35.95179748535156.
[I 2023-12-27 11:02:11,707] Trial 34 finished with value: 150.384033203125 and parameters: {'gradient_clip_val': 0.16085959969651842, 'hidden_size': 5, 'dropout': 0.3668182691196882, 'hidden_continuous_size': 5, 'attention_head_size': 3, 'learning_rate': 0.04090960969285354}. Best is trial 0 with value: 35.95179748535156.
[I 2023-12-27 11:02:12,101] Trial 35 finished with value: 191.13946533203125 and parameters: {'gradient_clip_val': 0.12504718694443365, 'hidden_size': 13, 'dropout': 0.3974250943956369, 'hidden_continuous_size': 8, 'attention_head_size': 4, 'learning_rate': 0.06598956976644058}. Best is trial 0 with value: 35.95179748535156.
[I 2023-12-27 11:02:12,464] Trial 36 finished with value: 159.7267303466797 and parameters: {'gradient_clip_val': 0.1349199672157041, 'hidden_size': 9, 'dropout': 0.4705677810731548, 'hidden_continuous_size': 7, 'attention_head_size': 2, 'learning_rate': 0.02732945578258435}. Best is trial 0 with value: 35.95179748535156.
[I 2023-12-27 11:02:12,818] Trial 37 finished with value: 168.9097900390625 and parameters: {'gradient_clip_val': 0.11652654471988984, 'hidden_size': 14, 'dropout': 0.4435054842571483, 'hidden_continuous_size': 8, 'attention_head_size': 3, 'learning_rate': 0.015569702327521149}. Best is trial 0 with value: 35.95179748535156.
[I 2023-12-27 11:02:13,168] Trial 38 finished with value: 171.70184326171875 and parameters: {'gradient_clip_val': 0.15514106407832753, 'hidden_size': 10, 'dropout': 0.4949426430378464, 'hidden_continuous_size': 6, 'attention_head_size': 1, 'learning_rate': 0.08750928364570684}. Best is trial 0 with value: 35.95179748535156.
[I 2023-12-27 11:02:13,762] Trial 39 finished with value: 153.09214782714844 and parameters: {'gradient_clip_val': 0.1858883197930087, 'hidden_size': 7, 'dropout': 0.31615899780019674, 'hidden_continuous_size': 6, 'attention_head_size': 4, 'learning_rate': 0.05369104914271698}. Best is trial 0 with value: 35.95179748535156.
[I 2023-12-27 11:02:14,255] Trial 40 finished with value: 133.3096923828125 and parameters: {'gradient_clip_val': 0.13593222899681848, 'hidden_size': 118, 'dropout': 0.36124341355502915, 'hidden_continuous_size': 12, 'attention_head_size': 3, 'learning_rate': 0.039804009439967314}. Best is trial 0 with value: 35.95179748535156.
[I 2023-12-27 11:02:14,761] Trial 41 finished with value: 227.7074432373047 and parameters: {'gradient_clip_val': 0.13445745623014543, 'hidden_size': 123, 'dropout': 0.36068351046832475, 'hidden_continuous_size': 12, 'attention_head_size': 3, 'learning_rate': 0.03633486950257821}. Best is trial 0 with value: 35.95179748535156.
[I 2023-12-27 11:02:15,240] Trial 42 finished with value: 131.33766174316406 and parameters: {'gradient_clip_val': 0.1132797694672224, 'hidden_size': 109, 'dropout': 0.32364511657271605, 'hidden_continuous_size': 11, 'attention_head_size': 3, 'learning_rate': 0.04944223732678918}. Best is trial 0 with value: 35.95179748535156.
[I 2023-12-27 11:02:15,721] Trial 43 finished with value: 138.48045349121094 and parameters: {'gradient_clip_val': 0.11227443279186868, 'hidden_size': 111, 'dropout': 0.3185877121934896, 'hidden_continuous_size': 11, 'attention_head_size': 3, 'learning_rate': 0.04390477460818983}. Best is trial 0 with value: 35.95179748535156.
[I 2023-12-27 11:02:16,227] Trial 44 finished with value: 181.9364776611328 and parameters: {'gradient_clip_val': 0.16374621390679814, 'hidden_size': 125, 'dropout': 0.2779006527702086, 'hidden_continuous_size': 15, 'attention_head_size': 2, 'learning_rate': 0.033566961632472775}. Best is trial 0 with value: 35.95179748535156.
[I 2023-12-27 11:02:16,670] Trial 45 finished with value: 176.7788848876953 and parameters: {'gradient_clip_val': 0.11505369512832538, 'hidden_size': 92, 'dropout': 0.294024696733287, 'hidden_continuous_size': 16, 'attention_head_size': 3, 'learning_rate': 0.057052008284946006}. Best is trial 0 with value: 35.95179748535156.
[I 2023-12-27 11:02:17,107] Trial 46 finished with value: 125.99161529541016 and parameters: {'gradient_clip_val': 0.15089788723695471, 'hidden_size': 84, 'dropout': 0.38225159702321426, 'hidden_continuous_size': 18, 'attention_head_size': 4, 'learning_rate': 0.027179304425052425}. Best is trial 0 with value: 35.95179748535156.
[I 2023-12-27 11:02:17,557] Trial 47 finished with value: 192.6420135498047 and parameters: {'gradient_clip_val': 0.20073563088722854, 'hidden_size': 81, 'dropout': 0.37715938681245165, 'hidden_continuous_size': 20, 'attention_head_size': 4, 'learning_rate': 0.02912638337526721}. Best is trial 0 with value: 35.95179748535156.
[I 2023-12-27 11:02:17,996] Trial 48 finished with value: 163.38856506347656 and parameters: {'gradient_clip_val': 0.15357531128783222, 'hidden_size': 72, 'dropout': 0.3928920768499865, 'hidden_continuous_size': 19, 'attention_head_size': 4, 'learning_rate': 0.021198432244763057}. Best is trial 0 with value: 35.95179748535156.
[I 2023-12-27 11:02:18,417] Trial 49 finished with value: 162.04640197753906 and parameters: {'gradient_clip_val': 0.17186073377043035, 'hidden_size': 57, 'dropout': 0.26053139100577, 'hidden_continuous_size': 23, 'attention_head_size': 4, 'learning_rate': 0.012508738397594433}. Best is trial 0 with value: 35.95179748535156.
[I 2023-12-27 11:02:18,539] A new study created in memory with name: no-name-e9d815fd-d575-4868-8a0a-b5844aa3478a
/home/le004/conda/anaconda3/envs/tsff_env/lib/python3.9/site-packages/lightning/fabric/plugins/environments/slurm.py:191: The `srun` command is available on your system but is not used. HINT: If your intention is to run Lightning on SLURM, prepend your python command with `srun` like so: srun python /home/le004/master_thesis/git/TSFusionForecast/code/ ...
[I 2023-12-27 11:02:48,585] Trial 0 finished with value: 2423.095458984375 and parameters: {'gradient_clip_val': 0.6894550268689486, 'hidden_size': 13, 'dropout': 0.443349963149431, 'hidden_continuous_size': 7, 'attention_head_size': 2, 'learning_rate': 0.0019402244667740699}. Best is trial 0 with value: 2423.095458984375.
[I 2023-12-27 11:03:30,136] Trial 1 finished with value: 1528.1048583984375 and parameters: {'gradient_clip_val': 0.7811719237992276, 'hidden_size': 117, 'dropout': 0.46550195339529077, 'hidden_continuous_size': 112, 'attention_head_size': 1, 'learning_rate': 0.0015535582019577418}. Best is trial 1 with value: 1528.1048583984375.
[I 2023-12-27 11:03:30,511] Trial 2 finished with value: 7018.31396484375 and parameters: {'gradient_clip_val': 0.5615732503051315, 'hidden_size': 52, 'dropout': 0.22074538914658556, 'hidden_continuous_size': 13, 'attention_head_size': 2, 'learning_rate': 0.07840855304599606}. Best is trial 1 with value: 1528.1048583984375.
[I 2023-12-27 11:03:30,832] Trial 3 finished with value: 8251.8837890625 and parameters: {'gradient_clip_val': 0.18861847262694556, 'hidden_size': 11, 'dropout': 0.19253914886094248, 'hidden_continuous_size': 5, 'attention_head_size': 1, 'learning_rate': 0.007946380920004267}. Best is trial 1 with value: 1528.1048583984375.
[I 2023-12-27 11:03:31,189] Trial 4 finished with value: 7660.82177734375 and parameters: {'gradient_clip_val': 0.11316788461681047, 'hidden_size': 29, 'dropout': 0.30828591585979137, 'hidden_continuous_size': 15, 'attention_head_size': 2, 'learning_rate': 0.04510528338614853}. Best is trial 1 with value: 1528.1048583984375.
[I 2023-12-27 11:03:31,488] Trial 5 finished with value: 7068.77734375 and parameters: {'gradient_clip_val': 0.18659417102842957, 'hidden_size': 6, 'dropout': 0.10032996942680864, 'hidden_continuous_size': 6, 'attention_head_size': 4, 'learning_rate': 0.0027232906912239255}. Best is trial 1 with value: 1528.1048583984375.
[I 2023-12-27 11:03:31,788] Trial 6 finished with value: 6519.810546875 and parameters: {'gradient_clip_val': 0.281296887813624, 'hidden_size': 5, 'dropout': 0.11638178325665556, 'hidden_continuous_size': 5, 'attention_head_size': 3, 'learning_rate': 0.0023270283091951}. Best is trial 1 with value: 1528.1048583984375.
[I 2023-12-27 11:03:32,208] Trial 7 finished with value: 8028.07275390625 and parameters: {'gradient_clip_val': 0.44439540251347603, 'hidden_size': 79, 'dropout': 0.3507148340093219, 'hidden_continuous_size': 28, 'attention_head_size': 3, 'learning_rate': 0.06767162731393364}. Best is trial 1 with value: 1528.1048583984375.
[I 2023-12-27 11:03:32,514] Trial 8 finished with value: 6430.22412109375 and parameters: {'gradient_clip_val': 0.13396735468047039, 'hidden_size': 5, 'dropout': 0.1737760047572458, 'hidden_continuous_size': 5, 'attention_head_size': 4, 'learning_rate': 0.0020330138270942843}. Best is trial 1 with value: 1528.1048583984375.
[I 2023-12-27 11:03:32,838] Trial 9 finished with value: 6239.28125 and parameters: {'gradient_clip_val': 0.6943890375490436, 'hidden_size': 10, 'dropout': 0.23230114571430616, 'hidden_continuous_size': 8, 'attention_head_size': 2, 'learning_rate': 0.002184446469989826}. Best is trial 1 with value: 1528.1048583984375.
[I 2023-12-27 11:03:33,356] Trial 10 finished with value: 6000.70068359375 and parameters: {'gradient_clip_val': 0.9764779468466027, 'hidden_size': 97, 'dropout': 0.48806500902208827, 'hidden_continuous_size': 94, 'attention_head_size': 1, 'learning_rate': 0.0006145758790842901}. Best is trial 1 with value: 1528.1048583984375.
[I 2023-12-27 11:03:33,931] Trial 11 finished with value: 6262.82275390625 and parameters: {'gradient_clip_val': 0.9882535648829185, 'hidden_size': 125, 'dropout': 0.4896997181056183, 'hidden_continuous_size': 111, 'attention_head_size': 1, 'learning_rate': 0.0005791347168536773}. Best is trial 1 with value: 1528.1048583984375.
[I 2023-12-27 11:03:34,680] Trial 12 finished with value: 7800.13623046875 and parameters: {'gradient_clip_val': 0.43271552899085836, 'hidden_size': 145, 'dropout': 0.4377957934717574, 'hidden_continuous_size': 44, 'attention_head_size': 1, 'learning_rate': 0.0065817478284222195}. Best is trial 1 with value: 1528.1048583984375.
[I 2023-12-27 11:03:35,043] Trial 13 finished with value: 8160.10498046875 and parameters: {'gradient_clip_val': 0.6672580309297552, 'hidden_size': 28, 'dropout': 0.41403400437741744, 'hidden_continuous_size': 9, 'attention_head_size': 2, 'learning_rate': 0.0009401660853594168}. Best is trial 1 with value: 1528.1048583984375.
[I 2023-12-27 11:03:35,454] Trial 14 finished with value: 6341.62939453125 and parameters: {'gradient_clip_val': 0.7615302843218735, 'hidden_size': 53, 'dropout': 0.38538690745676757, 'hidden_continuous_size': 22, 'attention_head_size': 3, 'learning_rate': 0.0010649692832611374}. Best is trial 1 with value: 1528.1048583984375.
[I 2023-12-27 11:03:35,796] Trial 15 finished with value: 5713.064453125 and parameters: {'gradient_clip_val': 0.4964098481468555, 'hidden_size': 16, 'dropout': 0.4441730993864115, 'hidden_continuous_size': 7, 'attention_head_size': 1, 'learning_rate': 0.004416903846446013}. Best is trial 1 with value: 1528.1048583984375.
[I 2023-12-27 11:03:36,155] Trial 16 finished with value: 6332.40185546875 and parameters: {'gradient_clip_val': 0.3786082220948014, 'hidden_size': 18, 'dropout': 0.3610143321323626, 'hidden_continuous_size': 6, 'attention_head_size': 2, 'learning_rate': 0.0014436419022200299}. Best is trial 1 with value: 1528.1048583984375.
[I 2023-12-27 11:03:36,546] Trial 17 finished with value: 7501.17138671875 and parameters: {'gradient_clip_val': 0.5514562250301775, 'hidden_size': 43, 'dropout': 0.49978177369522814, 'hidden_continuous_size': 10, 'attention_head_size': 1, 'learning_rate': 0.0010324532529961247}. Best is trial 1 with value: 1528.1048583984375.
[I 2023-12-27 11:03:36,992] Trial 18 finished with value: 8277.0771484375 and parameters: {'gradient_clip_val': 0.8539204753470563, 'hidden_size': 83, 'dropout': 0.4406075283593464, 'hidden_continuous_size': 38, 'attention_head_size': 2, 'learning_rate': 0.0037385650823207424}. Best is trial 1 with value: 1528.1048583984375.
[I 2023-12-27 11:03:37,361] Trial 19 finished with value: 6474.00390625 and parameters: {'gradient_clip_val': 0.6444245683907552, 'hidden_size': 33, 'dropout': 0.3101655371552361, 'hidden_continuous_size': 11, 'attention_head_size': 3, 'learning_rate': 0.0005127005318804389}. Best is trial 1 with value: 1528.1048583984375.
[I 2023-12-27 11:03:37,710] Trial 20 finished with value: 5786.43505859375 and parameters: {'gradient_clip_val': 0.7856613121202763, 'hidden_size': 19, 'dropout': 0.39881458306924317, 'hidden_continuous_size': 8, 'attention_head_size': 1, 'learning_rate': 0.009540937865472337}. Best is trial 1 with value: 1528.1048583984375.
[I 2023-12-27 11:03:38,062] Trial 21 finished with value: 7627.3359375 and parameters: {'gradient_clip_val': 0.5328821641707722, 'hidden_size': 19, 'dropout': 0.45011699772836533, 'hidden_continuous_size': 7, 'attention_head_size': 1, 'learning_rate': 0.003620057821093861}. Best is trial 1 with value: 1528.1048583984375.
[I 2023-12-27 11:03:38,416] Trial 22 finished with value: 5448.138671875 and parameters: {'gradient_clip_val': 0.5867191816696242, 'hidden_size': 13, 'dropout': 0.4524367139702654, 'hidden_continuous_size': 7, 'attention_head_size': 1, 'learning_rate': 0.0049236278583488875}. Best is trial 1 with value: 1528.1048583984375.
[I 2023-12-27 11:03:38,759] Trial 23 finished with value: 4972.92236328125 and parameters: {'gradient_clip_val': 0.6169738375638906, 'hidden_size': 11, 'dropout': 0.46264647376233625, 'hidden_continuous_size': 6, 'attention_head_size': 2, 'learning_rate': 0.0015475216655431968}. Best is trial 1 with value: 1528.1048583984375.
[I 2023-12-27 11:03:39,107] Trial 24 finished with value: 7714.46728515625 and parameters: {'gradient_clip_val': 0.8316244453877943, 'hidden_size': 7, 'dropout': 0.4707263522890507, 'hidden_continuous_size': 5, 'attention_head_size': 2, 'learning_rate': 0.0014386782135100966}. Best is trial 1 with value: 1528.1048583984375.
[I 2023-12-27 11:03:39,699] Trial 25 finished with value: 6887.95556640625 and parameters: {'gradient_clip_val': 0.6898230076963996, 'hidden_size': 9, 'dropout': 0.4209042950883337, 'hidden_continuous_size': 6, 'attention_head_size': 2, 'learning_rate': 0.0017068755781073938}. Best is trial 1 with value: 1528.1048583984375.
[I 2023-12-27 11:03:40,064] Trial 26 finished with value: 5908.697265625 and parameters: {'gradient_clip_val': 0.8448207618273489, 'hidden_size': 23, 'dropout': 0.4776158129446349, 'hidden_continuous_size': 9, 'attention_head_size': 3, 'learning_rate': 0.0009262621377033378}. Best is trial 1 with value: 1528.1048583984375.
[I 2023-12-27 11:03:40,421] Trial 27 finished with value: 8046.10693359375 and parameters: {'gradient_clip_val': 0.6292460249098075, 'hidden_size': 14, 'dropout': 0.39132888003679106, 'hidden_continuous_size': 6, 'attention_head_size': 2, 'learning_rate': 0.001448167432974461}. Best is trial 1 with value: 1528.1048583984375.
[I 2023-12-27 11:03:40,766] Trial 28 finished with value: 7896.30029296875 and parameters: {'gradient_clip_val': 0.35564758382354966, 'hidden_size': 8, 'dropout': 0.49962056157921897, 'hidden_continuous_size': 5, 'attention_head_size': 2, 'learning_rate': 0.0024656587638640466}. Best is trial 1 with value: 1528.1048583984375.
[I 2023-12-27 11:03:41,117] Trial 29 finished with value: 9577.353515625 and parameters: {'gradient_clip_val': 0.5751350518058916, 'hidden_size': 12, 'dropout': 0.4591241052443442, 'hidden_continuous_size': 7, 'attention_head_size': 3, 'learning_rate': 0.0007390174353632294}. Best is trial 1 with value: 1528.1048583984375.
[I 2023-12-27 11:03:41,470] Trial 30 finished with value: 6373.51416015625 and parameters: {'gradient_clip_val': 0.5071000006559563, 'hidden_size': 10, 'dropout': 0.41653562057394766, 'hidden_continuous_size': 6, 'attention_head_size': 2, 'learning_rate': 0.0013059850766185374}. Best is trial 1 with value: 1528.1048583984375.
[I 2023-12-27 11:03:41,819] Trial 31 finished with value: 9961.1201171875 and parameters: {'gradient_clip_val': 0.6159682895680806, 'hidden_size': 13, 'dropout': 0.4672623410114472, 'hidden_continuous_size': 7, 'attention_head_size': 1, 'learning_rate': 0.004964372348725998}. Best is trial 1 with value: 1528.1048583984375.
[I 2023-12-27 11:03:42,170] Trial 32 finished with value: 8207.2724609375 and parameters: {'gradient_clip_val': 0.6949132064800924, 'hidden_size': 15, 'dropout': 0.4588877211862233, 'hidden_continuous_size': 7, 'attention_head_size': 1, 'learning_rate': 0.0033036649974544498}. Best is trial 1 with value: 1528.1048583984375.
