[I 2023-12-27 11:07:22,673] Trial 0 finished with value: 56.44843673706055 and parameters: {'gradient_clip_val': 0.5250033631123724, 'hidden_size': 61, 'dropout': 0.16140818843095653, 'hidden_continuous_size': 49, 'attention_head_size': 4, 'learning_rate': 0.04476826200295526}. Best is trial 0 with value: 56.44843673706055.
LOCAL_RANK: 0 - CUDA_VISIBLE_DEVICES: [0]
[I 2023-12-27 11:07:23,109] Trial 1 finished with value: 175.54551696777344 and parameters: {'gradient_clip_val': 0.2626740836206876, 'hidden_size': 56, 'dropout': 0.493324257991529, 'hidden_continuous_size': 5, 'attention_head_size': 3, 'learning_rate': 0.0010319951792953543}. Best is trial 0 with value: 56.44843673706055.
LOCAL_RANK: 0 - CUDA_VISIBLE_DEVICES: [0]
[I 2023-12-27 11:07:23,529] Trial 2 finished with value: 143.27061462402344 and parameters: {'gradient_clip_val': 0.6764610995287399, 'hidden_size': 24, 'dropout': 0.4892386999128583, 'hidden_continuous_size': 11, 'attention_head_size': 2, 'learning_rate': 0.0005376043995603742}. Best is trial 0 with value: 56.44843673706055.
LOCAL_RANK: 0 - CUDA_VISIBLE_DEVICES: [0]
[I 2023-12-27 11:07:24,013] Trial 3 finished with value: 181.3407745361328 and parameters: {'gradient_clip_val': 0.16039997542003415, 'hidden_size': 144, 'dropout': 0.105394041388612, 'hidden_continuous_size': 5, 'attention_head_size': 1, 'learning_rate': 0.0686511315927177}. Best is trial 0 with value: 56.44843673706055.
LOCAL_RANK: 0 - CUDA_VISIBLE_DEVICES: [0]
[I 2023-12-27 11:07:24,450] Trial 4 finished with value: 140.11236572265625 and parameters: {'gradient_clip_val': 0.6120190389948629, 'hidden_size': 8, 'dropout': 0.4649865777639123, 'hidden_continuous_size': 5, 'attention_head_size': 1, 'learning_rate': 0.001962398267225204}. Best is trial 0 with value: 56.44843673706055.
LOCAL_RANK: 0 - CUDA_VISIBLE_DEVICES: [0]
[I 2023-12-27 11:07:24,918] Trial 5 finished with value: 138.97581481933594 and parameters: {'gradient_clip_val': 0.3653582503807164, 'hidden_size': 20, 'dropout': 0.30499152266771534, 'hidden_continuous_size': 16, 'attention_head_size': 3, 'learning_rate': 0.05809225282467509}. Best is trial 0 with value: 56.44843673706055.
LOCAL_RANK: 0 - CUDA_VISIBLE_DEVICES: [0]
[I 2023-12-27 11:07:25,623] Trial 6 finished with value: 146.4575958251953 and parameters: {'gradient_clip_val': 0.13305026520071533, 'hidden_size': 19, 'dropout': 0.2394952865957216, 'hidden_continuous_size': 7, 'attention_head_size': 4, 'learning_rate': 0.06236126264829475}. Best is trial 0 with value: 56.44843673706055.
LOCAL_RANK: 0 - CUDA_VISIBLE_DEVICES: [0]
[I 2023-12-27 11:07:26,064] Trial 7 finished with value: 127.38775634765625 and parameters: {'gradient_clip_val': 0.23510706889424557, 'hidden_size': 96, 'dropout': 0.11466254050044791, 'hidden_continuous_size': 7, 'attention_head_size': 1, 'learning_rate': 0.0005781953067812226}. Best is trial 0 with value: 56.44843673706055.
LOCAL_RANK: 0 - CUDA_VISIBLE_DEVICES: [0]
[I 2023-12-27 11:07:26,500] Trial 8 finished with value: 119.2577133178711 and parameters: {'gradient_clip_val': 0.7904634896758268, 'hidden_size': 6, 'dropout': 0.4062243930816648, 'hidden_continuous_size': 6, 'attention_head_size': 2, 'learning_rate': 0.07865705458629248}. Best is trial 0 with value: 56.44843673706055.
LOCAL_RANK: 0 - CUDA_VISIBLE_DEVICES: [0]
[I 2023-12-27 11:07:26,976] Trial 9 finished with value: 176.3559112548828 and parameters: {'gradient_clip_val': 0.1171297734681496, 'hidden_size': 10, 'dropout': 0.32740570565287375, 'hidden_continuous_size': 8, 'attention_head_size': 4, 'learning_rate': 0.000989129208803036}. Best is trial 0 with value: 56.44843673706055.
LOCAL_RANK: 0 - CUDA_VISIBLE_DEVICES: [0]
[I 2023-12-27 11:07:27,441] Trial 10 finished with value: 163.40008544921875 and parameters: {'gradient_clip_val': 0.4388206611388822, 'hidden_size': 47, 'dropout': 0.18884329987905227, 'hidden_continuous_size': 47, 'attention_head_size': 4, 'learning_rate': 0.017369513881573644}. Best is trial 0 with value: 56.44843673706055.
LOCAL_RANK: 0 - CUDA_VISIBLE_DEVICES: [0]
[I 2023-12-27 11:07:27,886] Trial 11 finished with value: 174.4394989013672 and parameters: {'gradient_clip_val': 0.9557791056958934, 'hidden_size': 6, 'dropout': 0.3819462621856451, 'hidden_continuous_size': 5, 'attention_head_size': 2, 'learning_rate': 0.022215733145873964}. Best is trial 0 with value: 56.44843673706055.
LOCAL_RANK: 0 - CUDA_VISIBLE_DEVICES: [0]
[I 2023-12-27 11:07:28,331] Trial 12 finished with value: 185.1313018798828 and parameters: {'gradient_clip_val': 0.9875938000044918, 'hidden_size': 5, 'dropout': 0.3742995961746057, 'hidden_continuous_size': 5, 'attention_head_size': 3, 'learning_rate': 0.09239765940669428}. Best is trial 0 with value: 56.44843673706055.
LOCAL_RANK: 0 - CUDA_VISIBLE_DEVICES: [0]
[I 2023-12-27 11:07:28,828] Trial 13 finished with value: 150.76329040527344 and parameters: {'gradient_clip_val': 0.5343611742875412, 'hidden_size': 11, 'dropout': 0.23907754022467295, 'hidden_continuous_size': 10, 'attention_head_size': 2, 'learning_rate': 0.023031014406452565}. Best is trial 0 with value: 56.44843673706055.
LOCAL_RANK: 0 - CUDA_VISIBLE_DEVICES: [0]
[I 2023-12-27 11:07:29,317] Trial 14 finished with value: 157.7047119140625 and parameters: {'gradient_clip_val': 0.7104635803151627, 'hidden_size': 40, 'dropout': 0.4286411938154892, 'hidden_continuous_size': 21, 'attention_head_size': 3, 'learning_rate': 0.007239219573194373}. Best is trial 0 with value: 56.44843673706055.
LOCAL_RANK: 0 - CUDA_VISIBLE_DEVICES: [0]
[I 2023-12-27 11:07:29,765] Trial 15 finished with value: 170.71812438964844 and parameters: {'gradient_clip_val': 0.4631894382406875, 'hidden_size': 15, 'dropout': 0.35647348256472944, 'hidden_continuous_size': 6, 'attention_head_size': 2, 'learning_rate': 0.038781939712572}. Best is trial 0 with value: 56.44843673706055.
LOCAL_RANK: 0 - CUDA_VISIBLE_DEVICES: [0]
[I 2023-12-27 11:07:30,240] Trial 16 finished with value: 174.760498046875 and parameters: {'gradient_clip_val': 0.35745784328196967, 'hidden_size': 31, 'dropout': 0.40913121814186637, 'hidden_continuous_size': 16, 'attention_head_size': 4, 'learning_rate': 0.034499294404604315}. Best is trial 0 with value: 56.44843673706055.
LOCAL_RANK: 0 - CUDA_VISIBLE_DEVICES: [0]
[I 2023-12-27 11:07:30,747] Trial 17 finished with value: 162.1165313720703 and parameters: {'gradient_clip_val': 0.7671678959780239, 'hidden_size': 70, 'dropout': 0.27502205470929225, 'hidden_continuous_size': 68, 'attention_head_size': 3, 'learning_rate': 0.011308792886949555}. Best is trial 0 with value: 56.44843673706055.
LOCAL_RANK: 0 - CUDA_VISIBLE_DEVICES: [0]
[I 2023-12-27 11:07:31,212] Trial 18 finished with value: 177.74102783203125 and parameters: {'gradient_clip_val': 0.5419933963592994, 'hidden_size': 32, 'dropout': 0.1743662641057145, 'hidden_continuous_size': 13, 'attention_head_size': 2, 'learning_rate': 0.0927647824891614}. Best is trial 0 with value: 56.44843673706055.
LOCAL_RANK: 0 - CUDA_VISIBLE_DEVICES: [0]
[I 2023-12-27 11:07:31,612] Trial 19 finished with value: 184.5980987548828 and parameters: {'gradient_clip_val': 0.8504733886319388, 'hidden_size': 5, 'dropout': 0.3378408888857822, 'hidden_continuous_size': 5, 'attention_head_size': 1, 'learning_rate': 0.037148330253636556}. Best is trial 0 with value: 56.44843673706055.
LOCAL_RANK: 0 - CUDA_VISIBLE_DEVICES: [0]
[I 2023-12-27 11:07:32,304] Trial 20 finished with value: 157.89944458007812 and parameters: {'gradient_clip_val': 0.7911772320595103, 'hidden_size': 15, 'dropout': 0.42372988426186253, 'hidden_continuous_size': 6, 'attention_head_size': 4, 'learning_rate': 0.00482252676249649}. Best is trial 0 with value: 56.44843673706055.
LOCAL_RANK: 0 - CUDA_VISIBLE_DEVICES: [0]
[I 2023-12-27 11:07:32,823] Trial 21 finished with value: 129.12950134277344 and parameters: {'gradient_clip_val': 0.23186646391472537, 'hidden_size': 82, 'dropout': 0.10809908946696917, 'hidden_continuous_size': 26, 'attention_head_size': 1, 'learning_rate': 0.003825964814060654}. Best is trial 0 with value: 56.44843673706055.
LOCAL_RANK: 0 - CUDA_VISIBLE_DEVICES: [0]
[I 2023-12-27 11:07:33,335] Trial 22 finished with value: 138.39794921875 and parameters: {'gradient_clip_val': 0.2807751894911441, 'hidden_size': 103, 'dropout': 0.1427866731369344, 'hidden_continuous_size': 8, 'attention_head_size': 1, 'learning_rate': 0.002793168388806562}. Best is trial 0 with value: 56.44843673706055.
LOCAL_RANK: 0 - CUDA_VISIBLE_DEVICES: [0]
[I 2023-12-27 11:07:33,813] Trial 23 finished with value: 133.05963134765625 and parameters: {'gradient_clip_val': 0.6009272660181081, 'hidden_size': 59, 'dropout': 0.15191411950256387, 'hidden_continuous_size': 9, 'attention_head_size': 2, 'learning_rate': 0.010858718766387826}. Best is trial 0 with value: 56.44843673706055.
LOCAL_RANK: 0 - CUDA_VISIBLE_DEVICES: [0]
[I 2023-12-27 11:07:34,334] Trial 24 finished with value: 166.8210906982422 and parameters: {'gradient_clip_val': 0.202470920728105, 'hidden_size': 95, 'dropout': 0.2012833075723061, 'hidden_continuous_size': 38, 'attention_head_size': 1, 'learning_rate': 0.045713223626502875}. Best is trial 0 with value: 56.44843673706055.
LOCAL_RANK: 0 - CUDA_VISIBLE_DEVICES: [0]
[I 2023-12-27 11:07:34,840] Trial 25 finished with value: 153.8786163330078 and parameters: {'gradient_clip_val': 0.3512734378590514, 'hidden_size': 39, 'dropout': 0.13179026603390412, 'hidden_continuous_size': 11, 'attention_head_size': 2, 'learning_rate': 0.0980411355168722}. Best is trial 0 with value: 56.44843673706055.
LOCAL_RANK: 0 - CUDA_VISIBLE_DEVICES: [0]
[I 2023-12-27 11:07:35,400] Trial 26 finished with value: 134.41542053222656 and parameters: {'gradient_clip_val': 0.45508280975269405, 'hidden_size': 131, 'dropout': 0.20705712867096843, 'hidden_continuous_size': 102, 'attention_head_size': 3, 'learning_rate': 0.028523555183754653}. Best is trial 0 with value: 56.44843673706055.
LOCAL_RANK: 0 - CUDA_VISIBLE_DEVICES: [0]
[I 2023-12-27 11:07:35,909] Trial 27 finished with value: 139.64524841308594 and parameters: {'gradient_clip_val': 0.29759906332876296, 'hidden_size': 68, 'dropout': 0.15881735775653844, 'hidden_continuous_size': 13, 'attention_head_size': 1, 'learning_rate': 0.01662253554820696}. Best is trial 0 with value: 56.44843673706055.
LOCAL_RANK: 0 - CUDA_VISIBLE_DEVICES: [0]
[I 2023-12-27 11:07:36,427] Trial 28 finished with value: 145.20899963378906 and parameters: {'gradient_clip_val': 0.19610024382269625, 'hidden_size': 109, 'dropout': 0.10017798371699753, 'hidden_continuous_size': 7, 'attention_head_size': 2, 'learning_rate': 0.05339861560336489}. Best is trial 0 with value: 56.44843673706055.
LOCAL_RANK: 0 - CUDA_VISIBLE_DEVICES: [0]
[I 2023-12-27 11:07:36,930] Trial 29 finished with value: 161.53822326660156 and parameters: {'gradient_clip_val': 0.2767439506798983, 'hidden_size': 64, 'dropout': 0.13324621194934833, 'hidden_continuous_size': 23, 'attention_head_size': 3, 'learning_rate': 0.002377255896928956}. Best is trial 0 with value: 56.44843673706055.
LOCAL_RANK: 0 - CUDA_VISIBLE_DEVICES: [0]
[I 2023-12-27 11:07:37,391] Trial 30 finished with value: 125.79593658447266 and parameters: {'gradient_clip_val': 0.24685221647880978, 'hidden_size': 46, 'dropout': 0.28309593583520065, 'hidden_continuous_size': 9, 'attention_head_size': 1, 'learning_rate': 0.0013028065672068215}. Best is trial 0 with value: 56.44843673706055.
LOCAL_RANK: 0 - CUDA_VISIBLE_DEVICES: [0]
[I 2023-12-27 11:07:37,876] Trial 31 finished with value: 129.75018310546875 and parameters: {'gradient_clip_val': 0.24971123121696912, 'hidden_size': 52, 'dropout': 0.27465104976584565, 'hidden_continuous_size': 9, 'attention_head_size': 1, 'learning_rate': 0.0005522652874579639}. Best is trial 0 with value: 56.44843673706055.
LOCAL_RANK: 0 - CUDA_VISIBLE_DEVICES: [0]
[I 2023-12-27 11:07:38,368] Trial 32 finished with value: 151.04249572753906 and parameters: {'gradient_clip_val': 0.2362219399121487, 'hidden_size': 81, 'dropout': 0.16998845122863976, 'hidden_continuous_size': 7, 'attention_head_size': 1, 'learning_rate': 0.001248530386418878}. Best is trial 0 with value: 56.44843673706055.
LOCAL_RANK: 0 - CUDA_VISIBLE_DEVICES: [0]
[I 2023-12-27 11:07:39,140] Trial 33 finished with value: 139.24449157714844 and parameters: {'gradient_clip_val': 0.3265169874713133, 'hidden_size': 50, 'dropout': 0.21896911332874902, 'hidden_continuous_size': 6, 'attention_head_size': 1, 'learning_rate': 0.0005194217537665194}. Best is trial 0 with value: 56.44843673706055.
LOCAL_RANK: 0 - CUDA_VISIBLE_DEVICES: [0]
[I 2023-12-27 11:07:39,635] Trial 34 finished with value: 164.66392517089844 and parameters: {'gradient_clip_val': 0.688782624457357, 'hidden_size': 28, 'dropout': 0.48638395828634634, 'hidden_continuous_size': 10, 'attention_head_size': 2, 'learning_rate': 0.0008718286572656816}. Best is trial 0 with value: 56.44843673706055.
LOCAL_RANK: 0 - CUDA_VISIBLE_DEVICES: [0]
[I 2023-12-27 11:07:40,106] Trial 35 finished with value: 187.03086853027344 and parameters: {'gradient_clip_val': 0.16098778366179897, 'hidden_size': 40, 'dropout': 0.18219537362341073, 'hidden_continuous_size': 11, 'attention_head_size': 1, 'learning_rate': 0.06910614348526685}. Best is trial 0 with value: 56.44843673706055.
LOCAL_RANK: 0 - CUDA_VISIBLE_DEVICES: [0]
[I 2023-12-27 11:07:40,641] Trial 36 finished with value: 162.50616455078125 and parameters: {'gradient_clip_val': 0.3143644907382962, 'hidden_size': 146, 'dropout': 0.2918855055504757, 'hidden_continuous_size': 6, 'attention_head_size': 2, 'learning_rate': 0.0015553130248278269}. Best is trial 0 with value: 56.44843673706055.
LOCAL_RANK: 0 - CUDA_VISIBLE_DEVICES: [0]
[I 2023-12-27 11:07:41,113] Trial 37 finished with value: 173.06988525390625 and parameters: {'gradient_clip_val': 0.6548512949023906, 'hidden_size': 24, 'dropout': 0.23801504492044365, 'hidden_continuous_size': 8, 'attention_head_size': 1, 'learning_rate': 0.001693379879738553}. Best is trial 0 with value: 56.44843673706055.
LOCAL_RANK: 0 - CUDA_VISIBLE_DEVICES: [0]
[I 2023-12-27 11:07:41,637] Trial 38 finished with value: 167.3134002685547 and parameters: {'gradient_clip_val': 0.8419475341215412, 'hidden_size': 57, 'dropout': 0.11911152853326976, 'hidden_continuous_size': 14, 'attention_head_size': 3, 'learning_rate': 0.0008814159586023547}. Best is trial 0 with value: 56.44843673706055.
LOCAL_RANK: 0 - CUDA_VISIBLE_DEVICES: [0]
[I 2023-12-27 11:07:42,156] Trial 39 finished with value: 167.10536193847656 and parameters: {'gradient_clip_val': 0.4128869693773403, 'hidden_size': 48, 'dropout': 0.1544365232553145, 'hidden_continuous_size': 7, 'attention_head_size': 4, 'learning_rate': 0.0007672117660832324}. Best is trial 0 with value: 56.44843673706055.
LOCAL_RANK: 0 - CUDA_VISIBLE_DEVICES: [0]
[I 2023-12-27 11:07:42,629] Trial 40 finished with value: 155.7344512939453 and parameters: {'gradient_clip_val': 0.5272907601386148, 'hidden_size': 8, 'dropout': 0.12073680710269649, 'hidden_continuous_size': 6, 'attention_head_size': 2, 'learning_rate': 0.0011497658556032975}. Best is trial 0 with value: 56.44843673706055.
LOCAL_RANK: 0 - CUDA_VISIBLE_DEVICES: [0]
[I 2023-12-27 11:07:43,136] Trial 41 finished with value: 173.857666015625 and parameters: {'gradient_clip_val': 0.23941568585554257, 'hidden_size': 83, 'dropout': 0.10116556789017442, 'hidden_continuous_size': 26, 'attention_head_size': 1, 'learning_rate': 0.003418901248930402}. Best is trial 0 with value: 56.44843673706055.
LOCAL_RANK: 0 - CUDA_VISIBLE_DEVICES: [0]
[I 2023-12-27 11:07:43,645] Trial 42 finished with value: 177.895751953125 and parameters: {'gradient_clip_val': 0.2120055837749425, 'hidden_size': 71, 'dropout': 0.12159518325811304, 'hidden_continuous_size': 32, 'attention_head_size': 1, 'learning_rate': 0.0020089757513744046}. Best is trial 0 with value: 56.44843673706055.
LOCAL_RANK: 0 - CUDA_VISIBLE_DEVICES: [0]
[I 2023-12-27 11:07:44,149] Trial 43 finished with value: 151.5132598876953 and parameters: {'gradient_clip_val': 0.2679588050789154, 'hidden_size': 79, 'dropout': 0.13568812650769718, 'hidden_continuous_size': 18, 'attention_head_size': 1, 'learning_rate': 0.000673389688217632}. Best is trial 0 with value: 56.44843673706055.
LOCAL_RANK: 0 - CUDA_VISIBLE_DEVICES: [0]
[I 2023-12-27 11:07:44,663] Trial 44 finished with value: 168.70550537109375 and parameters: {'gradient_clip_val': 0.394452214692826, 'hidden_size': 120, 'dropout': 0.1680290269772868, 'hidden_continuous_size': 29, 'attention_head_size': 1, 'learning_rate': 0.0012038201752481504}. Best is trial 0 with value: 56.44843673706055.
LOCAL_RANK: 0 - CUDA_VISIBLE_DEVICES: [0]
[I 2023-12-27 11:07:45,162] Trial 45 finished with value: 153.24807739257812 and parameters: {'gradient_clip_val': 0.17711580835157445, 'hidden_size': 86, 'dropout': 0.18995054733479938, 'hidden_continuous_size': 20, 'attention_head_size': 1, 'learning_rate': 0.003951207022724179}. Best is trial 0 with value: 56.44843673706055.
LOCAL_RANK: 0 - CUDA_VISIBLE_DEVICES: [0]
[I 2023-12-27 11:07:45,941] Trial 46 finished with value: 155.7455596923828 and parameters: {'gradient_clip_val': 0.2367478681541968, 'hidden_size': 91, 'dropout': 0.1133773525464118, 'hidden_continuous_size': 43, 'attention_head_size': 2, 'learning_rate': 0.000673103168571102}. Best is trial 0 with value: 56.44843673706055.
LOCAL_RANK: 0 - CUDA_VISIBLE_DEVICES: [0]
[I 2023-12-27 11:07:46,459] Trial 47 finished with value: 196.3075408935547 and parameters: {'gradient_clip_val': 0.22247599126451156, 'hidden_size': 113, 'dropout': 0.14742359439021727, 'hidden_continuous_size': 24, 'attention_head_size': 4, 'learning_rate': 0.06427626054846945}. Best is trial 0 with value: 56.44843673706055.
LOCAL_RANK: 0 - CUDA_VISIBLE_DEVICES: [0]
[I 2023-12-27 11:07:46,903] Trial 48 finished with value: 169.1522674560547 and parameters: {'gradient_clip_val': 0.2629067314699323, 'hidden_size': 6, 'dropout': 0.10257550023697111, 'hidden_continuous_size': 5, 'attention_head_size': 1, 'learning_rate': 0.0013804498561166623}. Best is trial 0 with value: 56.44843673706055.
LOCAL_RANK: 0 - CUDA_VISIBLE_DEVICES: [0]
[I 2023-12-27 11:07:47,414] Trial 49 finished with value: 183.3004913330078 and parameters: {'gradient_clip_val': 0.18439122274862763, 'hidden_size': 65, 'dropout': 0.31807141741277395, 'hidden_continuous_size': 18, 'attention_head_size': 3, 'learning_rate': 0.0010686341247144928}. Best is trial 0 with value: 56.44843673706055.
[I 2023-12-27 11:07:47,540] A new study created in memory with name: no-name-f4019412-7904-43d1-9114-6cfc8577e071
/home/le004/conda/anaconda3/envs/tsff_env/lib/python3.9/site-packages/lightning/fabric/plugins/environments/slurm.py:191: The `srun` command is available on your system but is not used. HINT: If your intention is to run Lightning on SLURM, prepend your python command with `srun` like so: srun python /home/le004/master_thesis/git/TSFusionForecast/code/ ...
LOCAL_RANK: 0 - CUDA_VISIBLE_DEVICES: [0]
[I 2023-12-27 11:08:15,587] Trial 0 finished with value: 11.423380851745605 and parameters: {'gradient_clip_val': 0.13731227252332637, 'hidden_size': 5, 'dropout': 0.16254509255698601, 'hidden_continuous_size': 5, 'attention_head_size': 4, 'learning_rate': 0.021407233487555268}. Best is trial 0 with value: 11.423380851745605.
LOCAL_RANK: 0 - CUDA_VISIBLE_DEVICES: [0]
[I 2023-12-27 11:08:25,475] Trial 1 finished with value: 49.239837646484375 and parameters: {'gradient_clip_val': 0.10437284842924793, 'hidden_size': 60, 'dropout': 0.41062060102937237, 'hidden_continuous_size': 5, 'attention_head_size': 2, 'learning_rate': 0.0012405984259733435}. Best is trial 0 with value: 11.423380851745605.
LOCAL_RANK: 0 - CUDA_VISIBLE_DEVICES: [0]
[I 2023-12-27 11:08:25,969] Trial 2 finished with value: 58.93959426879883 and parameters: {'gradient_clip_val': 0.4784716686520552, 'hidden_size': 147, 'dropout': 0.4983969780130163, 'hidden_continuous_size': 5, 'attention_head_size': 1, 'learning_rate': 0.0017123401197067145}. Best is trial 0 with value: 11.423380851745605.
LOCAL_RANK: 0 - CUDA_VISIBLE_DEVICES: [0]
[I 2023-12-27 11:08:26,432] Trial 3 finished with value: 61.45597839355469 and parameters: {'gradient_clip_val': 0.2264364130748652, 'hidden_size': 22, 'dropout': 0.2358905350086986, 'hidden_continuous_size': 9, 'attention_head_size': 4, 'learning_rate': 0.0016779398228477722}. Best is trial 0 with value: 11.423380851745605.
LOCAL_RANK: 0 - CUDA_VISIBLE_DEVICES: [0]
[I 2023-12-27 11:08:26,892] Trial 4 finished with value: 66.19917297363281 and parameters: {'gradient_clip_val': 0.2858463229743304, 'hidden_size': 20, 'dropout': 0.2125222269199747, 'hidden_continuous_size': 14, 'attention_head_size': 1, 'learning_rate': 0.03005092512056266}. Best is trial 0 with value: 11.423380851745605.
LOCAL_RANK: 0 - CUDA_VISIBLE_DEVICES: [0]
[I 2023-12-27 11:08:27,367] Trial 5 finished with value: 68.10619354248047 and parameters: {'gradient_clip_val': 0.21047241958182938, 'hidden_size': 25, 'dropout': 0.22245637824835418, 'hidden_continuous_size': 7, 'attention_head_size': 1, 'learning_rate': 0.004886614008377577}. Best is trial 0 with value: 11.423380851745605.
LOCAL_RANK: 0 - CUDA_VISIBLE_DEVICES: [0]
[I 2023-12-27 11:08:28,052] Trial 6 finished with value: 71.87174224853516 and parameters: {'gradient_clip_val': 0.1496489908134315, 'hidden_size': 46, 'dropout': 0.3019597108919516, 'hidden_continuous_size': 13, 'attention_head_size': 2, 'learning_rate': 0.0007331930125903463}. Best is trial 0 with value: 11.423380851745605.
LOCAL_RANK: 0 - CUDA_VISIBLE_DEVICES: [0]
[I 2023-12-27 11:08:28,485] Trial 7 finished with value: 70.5133056640625 and parameters: {'gradient_clip_val': 0.7618820472311357, 'hidden_size': 68, 'dropout': 0.18731085196498462, 'hidden_continuous_size': 6, 'attention_head_size': 1, 'learning_rate': 0.0038572036886116083}. Best is trial 0 with value: 11.423380851745605.
LOCAL_RANK: 0 - CUDA_VISIBLE_DEVICES: [0]
