[I 2023-12-27 11:31:39,397] Trial 38 finished with value: 6479.60205078125 and parameters: {'gradient_clip_val': 0.13673347132320224, 'hidden_size': 12, 'dropout': 0.3261169081222702, 'hidden_continuous_size': 8, 'attention_head_size': 2, 'learning_rate': 0.010299353887661209}. Best is trial 0 with value: 657.87646484375.
LOCAL_RANK: 0 - CUDA_VISIBLE_DEVICES: [0]
[I 2023-12-27 11:31:39,853] Trial 39 finished with value: 6497.10595703125 and parameters: {'gradient_clip_val': 0.38557453065485825, 'hidden_size': 10, 'dropout': 0.28065316846561483, 'hidden_continuous_size': 6, 'attention_head_size': 3, 'learning_rate': 0.005003860241056119}. Best is trial 0 with value: 657.87646484375.
LOCAL_RANK: 0 - CUDA_VISIBLE_DEVICES: [0]
[I 2023-12-27 11:31:40,342] Trial 40 finished with value: 6010.375 and parameters: {'gradient_clip_val': 0.10710253195825575, 'hidden_size': 8, 'dropout': 0.46449657539879774, 'hidden_continuous_size': 5, 'attention_head_size': 1, 'learning_rate': 0.0035643105994450624}. Best is trial 0 with value: 657.87646484375.
LOCAL_RANK: 0 - CUDA_VISIBLE_DEVICES: [0]
[I 2023-12-27 11:31:40,759] Trial 41 finished with value: 5990.876953125 and parameters: {'gradient_clip_val': 0.34514078295746364, 'hidden_size': 5, 'dropout': 0.46808286117776876, 'hidden_continuous_size': 5, 'attention_head_size': 2, 'learning_rate': 0.032834427653782326}. Best is trial 0 with value: 657.87646484375.
LOCAL_RANK: 0 - CUDA_VISIBLE_DEVICES: [0]
[I 2023-12-27 11:31:41,199] Trial 42 finished with value: 6621.77197265625 and parameters: {'gradient_clip_val': 0.34352843945342454, 'hidden_size': 6, 'dropout': 0.4984851093254641, 'hidden_continuous_size': 5, 'attention_head_size': 1, 'learning_rate': 0.025516608233149607}. Best is trial 0 with value: 657.87646484375.
LOCAL_RANK: 0 - CUDA_VISIBLE_DEVICES: [0]
[I 2023-12-27 11:31:41,643] Trial 43 finished with value: 5107.27099609375 and parameters: {'gradient_clip_val': 0.31794130383812147, 'hidden_size': 6, 'dropout': 0.4125588801566923, 'hidden_continuous_size': 5, 'attention_head_size': 2, 'learning_rate': 0.02069518851104977}. Best is trial 0 with value: 657.87646484375.
LOCAL_RANK: 0 - CUDA_VISIBLE_DEVICES: [0]
[I 2023-12-27 11:31:42,039] Trial 44 finished with value: 6427.33349609375 and parameters: {'gradient_clip_val': 0.26912246717597, 'hidden_size': 5, 'dropout': 0.43124206698004836, 'hidden_continuous_size': 5, 'attention_head_size': 2, 'learning_rate': 0.014948853704216919}. Best is trial 0 with value: 657.87646484375.
LOCAL_RANK: 0 - CUDA_VISIBLE_DEVICES: [0]
[I 2023-12-27 11:31:42,487] Trial 45 finished with value: 6926.59521484375 and parameters: {'gradient_clip_val': 0.4159975706914674, 'hidden_size': 16, 'dropout': 0.3892358954024706, 'hidden_continuous_size': 6, 'attention_head_size': 3, 'learning_rate': 0.049713984549182695}. Best is trial 0 with value: 657.87646484375.
LOCAL_RANK: 0 - CUDA_VISIBLE_DEVICES: [0]
[I 2023-12-27 11:31:42,934] Trial 46 finished with value: 4861.19140625 and parameters: {'gradient_clip_val': 0.31230248034094577, 'hidden_size': 9, 'dropout': 0.4790877045452984, 'hidden_continuous_size': 7, 'attention_head_size': 2, 'learning_rate': 0.030377801580822247}. Best is trial 0 with value: 657.87646484375.
LOCAL_RANK: 0 - CUDA_VISIBLE_DEVICES: [0]
[I 2023-12-27 11:31:43,376] Trial 47 finished with value: 6327.53173828125 and parameters: {'gradient_clip_val': 0.24861968758529068, 'hidden_size': 10, 'dropout': 0.4137729261463146, 'hidden_continuous_size': 7, 'attention_head_size': 1, 'learning_rate': 0.028822456472287806}. Best is trial 0 with value: 657.87646484375.
LOCAL_RANK: 0 - CUDA_VISIBLE_DEVICES: [0]
[I 2023-12-27 11:31:43,824] Trial 48 finished with value: 5910.5078125 and parameters: {'gradient_clip_val': 0.21205426109449632, 'hidden_size': 13, 'dropout': 0.3545173924854552, 'hidden_continuous_size': 9, 'attention_head_size': 2, 'learning_rate': 0.06385017286482371}. Best is trial 0 with value: 657.87646484375.
LOCAL_RANK: 0 - CUDA_VISIBLE_DEVICES: [0]
[I 2023-12-27 11:31:44,271] Trial 49 finished with value: 7943.06982421875 and parameters: {'gradient_clip_val': 0.38007628320855236, 'hidden_size': 19, 'dropout': 0.2586590604753862, 'hidden_continuous_size': 10, 'attention_head_size': 3, 'learning_rate': 0.03428344203344928}. Best is trial 0 with value: 657.87646484375.
[I 2023-12-27 11:31:44,400] A new study created in memory with name: no-name-b5a1752e-9423-4e83-8db9-15811bb51064
/home/le004/conda/anaconda3/envs/tsff_env/lib/python3.9/site-packages/lightning/fabric/plugins/environments/slurm.py:191: The `srun` command is available on your system but is not used. HINT: If your intention is to run Lightning on SLURM, prepend your python command with `srun` like so: srun python /home/le004/master_thesis/git/TSFusionForecast/code/ ...
LOCAL_RANK: 0 - CUDA_VISIBLE_DEVICES: [0]
[I 2023-12-27 11:32:15,419] Trial 0 finished with value: 122.055419921875 and parameters: {'gradient_clip_val': 0.2509725151918297, 'hidden_size': 20, 'dropout': 0.29116435569671195, 'hidden_continuous_size': 12, 'attention_head_size': 4, 'learning_rate': 0.003522294752885696}. Best is trial 0 with value: 122.055419921875.
LOCAL_RANK: 0 - CUDA_VISIBLE_DEVICES: [0]
[I 2023-12-27 11:32:21,163] Trial 1 finished with value: 186.8607177734375 and parameters: {'gradient_clip_val': 0.3025405653101027, 'hidden_size': 6, 'dropout': 0.14791564599895707, 'hidden_continuous_size': 5, 'attention_head_size': 1, 'learning_rate': 0.06195774989667353}. Best is trial 0 with value: 122.055419921875.
LOCAL_RANK: 0 - CUDA_VISIBLE_DEVICES: [0]
[I 2023-12-27 11:32:21,627] Trial 2 finished with value: 169.69033813476562 and parameters: {'gradient_clip_val': 0.14705563105653724, 'hidden_size': 104, 'dropout': 0.11158832627160874, 'hidden_continuous_size': 12, 'attention_head_size': 2, 'learning_rate': 0.0007069403932984544}. Best is trial 0 with value: 122.055419921875.
LOCAL_RANK: 0 - CUDA_VISIBLE_DEVICES: [0]
[I 2023-12-27 11:32:22,034] Trial 3 finished with value: 181.09300231933594 and parameters: {'gradient_clip_val': 0.6011617711998818, 'hidden_size': 6, 'dropout': 0.4905325402834192, 'hidden_continuous_size': 5, 'attention_head_size': 4, 'learning_rate': 0.05343428269315472}. Best is trial 0 with value: 122.055419921875.
LOCAL_RANK: 0 - CUDA_VISIBLE_DEVICES: [0]
[I 2023-12-27 11:32:22,516] Trial 4 finished with value: 246.10740661621094 and parameters: {'gradient_clip_val': 0.296058147484382, 'hidden_size': 69, 'dropout': 0.3382013733379382, 'hidden_continuous_size': 21, 'attention_head_size': 3, 'learning_rate': 0.004004519577600903}. Best is trial 0 with value: 122.055419921875.
LOCAL_RANK: 0 - CUDA_VISIBLE_DEVICES: [0]
[I 2023-12-27 11:32:22,960] Trial 5 finished with value: 164.3116912841797 and parameters: {'gradient_clip_val': 0.668537356485205, 'hidden_size': 23, 'dropout': 0.12100521195543822, 'hidden_continuous_size': 6, 'attention_head_size': 2, 'learning_rate': 0.028500571871888175}. Best is trial 0 with value: 122.055419921875.
LOCAL_RANK: 0 - CUDA_VISIBLE_DEVICES: [0]
[I 2023-12-27 11:32:23,451] Trial 6 finished with value: 170.6411590576172 and parameters: {'gradient_clip_val': 0.7113709894356779, 'hidden_size': 120, 'dropout': 0.3032821396481049, 'hidden_continuous_size': 7, 'attention_head_size': 2, 'learning_rate': 0.005302983111838421}. Best is trial 0 with value: 122.055419921875.
LOCAL_RANK: 0 - CUDA_VISIBLE_DEVICES: [0]
[I 2023-12-27 11:32:23,857] Trial 7 finished with value: 208.0246124267578 and parameters: {'gradient_clip_val': 0.24792662340452687, 'hidden_size': 6, 'dropout': 0.2833000910756099, 'hidden_continuous_size': 5, 'attention_head_size': 2, 'learning_rate': 0.03863199167797489}. Best is trial 0 with value: 122.055419921875.
LOCAL_RANK: 0 - CUDA_VISIBLE_DEVICES: [0]
[I 2023-12-27 11:32:24,234] Trial 8 finished with value: 206.5232391357422 and parameters: {'gradient_clip_val': 0.4833366812554523, 'hidden_size': 6, 'dropout': 0.20418135990030764, 'hidden_continuous_size': 6, 'attention_head_size': 2, 'learning_rate': 0.015577809019652757}. Best is trial 0 with value: 122.055419921875.
LOCAL_RANK: 0 - CUDA_VISIBLE_DEVICES: [0]
[I 2023-12-27 11:32:24,719] Trial 9 finished with value: 214.57395935058594 and parameters: {'gradient_clip_val': 0.17709656958841835, 'hidden_size': 99, 'dropout': 0.3417041296245421, 'hidden_continuous_size': 19, 'attention_head_size': 2, 'learning_rate': 0.005433951704112216}. Best is trial 0 with value: 122.055419921875.
LOCAL_RANK: 0 - CUDA_VISIBLE_DEVICES: [0]
[I 2023-12-27 11:32:25,172] Trial 10 finished with value: 145.1920623779297 and parameters: {'gradient_clip_val': 0.1248837390858261, 'hidden_size': 20, 'dropout': 0.4333618563782688, 'hidden_continuous_size': 11, 'attention_head_size': 4, 'learning_rate': 0.0015883862557906914}. Best is trial 0 with value: 122.055419921875.
LOCAL_RANK: 0 - CUDA_VISIBLE_DEVICES: [0]
[I 2023-12-27 11:32:25,616] Trial 11 finished with value: 240.901611328125 and parameters: {'gradient_clip_val': 0.10563016657518284, 'hidden_size': 19, 'dropout': 0.42613196786334295, 'hidden_continuous_size': 10, 'attention_head_size': 4, 'learning_rate': 0.0016404136465187642}. Best is trial 0 with value: 122.055419921875.
LOCAL_RANK: 0 - CUDA_VISIBLE_DEVICES: [0]
[I 2023-12-27 11:32:26,076] Trial 12 finished with value: 177.04132080078125 and parameters: {'gradient_clip_val': 0.10473180868883564, 'hidden_size': 15, 'dropout': 0.40404622976065196, 'hidden_continuous_size': 11, 'attention_head_size': 4, 'learning_rate': 0.0021719329063153337}. Best is trial 0 with value: 122.055419921875.
LOCAL_RANK: 0 - CUDA_VISIBLE_DEVICES: [0]
[I 2023-12-27 11:32:26,795] Trial 13 finished with value: 196.2474365234375 and parameters: {'gradient_clip_val': 0.18764675044297888, 'hidden_size': 38, 'dropout': 0.2336541284675942, 'hidden_continuous_size': 38, 'attention_head_size': 3, 'learning_rate': 0.000526092146485893}. Best is trial 0 with value: 122.055419921875.
LOCAL_RANK: 0 - CUDA_VISIBLE_DEVICES: [0]
[I 2023-12-27 11:32:27,247] Trial 14 finished with value: 187.761962890625 and parameters: {'gradient_clip_val': 0.371012640102344, 'hidden_size': 12, 'dropout': 0.4950326947583075, 'hidden_continuous_size': 8, 'attention_head_size': 3, 'learning_rate': 0.01151255043287454}. Best is trial 0 with value: 122.055419921875.
LOCAL_RANK: 0 - CUDA_VISIBLE_DEVICES: [0]
[I 2023-12-27 11:32:27,747] Trial 15 finished with value: 213.4306182861328 and parameters: {'gradient_clip_val': 0.143442040441521, 'hidden_size': 34, 'dropout': 0.4001469052365389, 'hidden_continuous_size': 9, 'attention_head_size': 4, 'learning_rate': 0.0019337408359967542}. Best is trial 0 with value: 122.055419921875.
LOCAL_RANK: 0 - CUDA_VISIBLE_DEVICES: [0]
[I 2023-12-27 11:32:28,198] Trial 16 finished with value: 161.45713806152344 and parameters: {'gradient_clip_val': 0.881697326182741, 'hidden_size': 12, 'dropout': 0.2588144922859065, 'hidden_continuous_size': 8, 'attention_head_size': 4, 'learning_rate': 0.0011354995943616388}. Best is trial 0 with value: 122.055419921875.
LOCAL_RANK: 0 - CUDA_VISIBLE_DEVICES: [0]
[I 2023-12-27 11:32:28,694] Trial 17 finished with value: 194.8499755859375 and parameters: {'gradient_clip_val': 0.22712377624739705, 'hidden_size': 31, 'dropout': 0.33983872947631133, 'hidden_continuous_size': 13, 'attention_head_size': 3, 'learning_rate': 0.003028223605839823}. Best is trial 0 with value: 122.055419921875.
LOCAL_RANK: 0 - CUDA_VISIBLE_DEVICES: [0]
[I 2023-12-27 11:32:29,155] Trial 18 finished with value: 175.111083984375 and parameters: {'gradient_clip_val': 0.4204460869659203, 'hidden_size': 46, 'dropout': 0.1992923469358424, 'hidden_continuous_size': 16, 'attention_head_size': 1, 'learning_rate': 0.0090054705233016}. Best is trial 0 with value: 122.055419921875.
LOCAL_RANK: 0 - CUDA_VISIBLE_DEVICES: [0]
[I 2023-12-27 11:32:29,614] Trial 19 finished with value: 183.63629150390625 and parameters: {'gradient_clip_val': 0.2380247901386835, 'hidden_size': 23, 'dropout': 0.4438455516226399, 'hidden_continuous_size': 10, 'attention_head_size': 4, 'learning_rate': 0.001096705521770224}. Best is trial 0 with value: 122.055419921875.
LOCAL_RANK: 0 - CUDA_VISIBLE_DEVICES: [0]
[I 2023-12-27 11:32:30,110] Trial 20 finished with value: 165.3035125732422 and parameters: {'gradient_clip_val': 0.14293513679947858, 'hidden_size': 45, 'dropout': 0.36330351354285784, 'hidden_continuous_size': 15, 'attention_head_size': 3, 'learning_rate': 0.003165691465953634}. Best is trial 0 with value: 122.055419921875.
LOCAL_RANK: 0 - CUDA_VISIBLE_DEVICES: [0]
[I 2023-12-27 11:32:30,558] Trial 21 finished with value: 226.4282989501953 and parameters: {'gradient_clip_val': 0.9892836762472206, 'hidden_size': 11, 'dropout': 0.29936038111283586, 'hidden_continuous_size': 8, 'attention_head_size': 4, 'learning_rate': 0.001315171151398923}. Best is trial 0 with value: 122.055419921875.
LOCAL_RANK: 0 - CUDA_VISIBLE_DEVICES: [0]
[I 2023-12-27 11:32:31,007] Trial 22 finished with value: 232.51280212402344 and parameters: {'gradient_clip_val': 0.34090045917008965, 'hidden_size': 16, 'dropout': 0.2558562582292659, 'hidden_continuous_size': 9, 'attention_head_size': 4, 'learning_rate': 0.001042809521701417}. Best is trial 0 with value: 122.055419921875.
LOCAL_RANK: 0 - CUDA_VISIBLE_DEVICES: [0]
[I 2023-12-27 11:32:31,457] Trial 23 finished with value: 134.3353729248047 and parameters: {'gradient_clip_val': 0.43023792879513867, 'hidden_size': 10, 'dropout': 0.2673962895013587, 'hidden_continuous_size': 7, 'attention_head_size': 4, 'learning_rate': 0.0022396145643341875}. Best is trial 0 with value: 122.055419921875.
LOCAL_RANK: 0 - CUDA_VISIBLE_DEVICES: [0]
[I 2023-12-27 11:32:31,896] Trial 24 finished with value: 208.23248291015625 and parameters: {'gradient_clip_val': 0.47007840741397017, 'hidden_size': 9, 'dropout': 0.284597076740029, 'hidden_continuous_size': 6, 'attention_head_size': 3, 'learning_rate': 0.0024038585416945786}. Best is trial 0 with value: 122.055419921875.
LOCAL_RANK: 0 - CUDA_VISIBLE_DEVICES: [0]
[I 2023-12-27 11:32:32,385] Trial 25 finished with value: 189.4801788330078 and parameters: {'gradient_clip_val': 0.30522024181140084, 'hidden_size': 26, 'dropout': 0.3607311848212248, 'hidden_continuous_size': 11, 'attention_head_size': 4, 'learning_rate': 0.003886179184264633}. Best is trial 0 with value: 122.055419921875.
LOCAL_RANK: 0 - CUDA_VISIBLE_DEVICES: [0]
[I 2023-12-27 11:32:33,145] Trial 26 finished with value: 259.2623596191406 and parameters: {'gradient_clip_val': 0.39183301775037627, 'hidden_size': 17, 'dropout': 0.3237599691295669, 'hidden_continuous_size': 7, 'attention_head_size': 4, 'learning_rate': 0.0017857913196517817}. Best is trial 0 with value: 122.055419921875.
LOCAL_RANK: 0 - CUDA_VISIBLE_DEVICES: [0]
[I 2023-12-27 11:32:33,581] Trial 27 finished with value: 251.6649932861328 and parameters: {'gradient_clip_val': 0.5214141359949852, 'hidden_size': 9, 'dropout': 0.37706150096611213, 'hidden_continuous_size': 5, 'attention_head_size': 3, 'learning_rate': 0.006051695475779144}. Best is trial 0 with value: 122.055419921875.
LOCAL_RANK: 0 - CUDA_VISIBLE_DEVICES: [0]
[I 2023-12-27 11:32:34,021] Trial 28 finished with value: 265.60595703125 and parameters: {'gradient_clip_val': 0.42859961388721723, 'hidden_size': 20, 'dropout': 0.3142575950969661, 'hidden_continuous_size': 9, 'attention_head_size': 4, 'learning_rate': 0.002528499485299694}. Best is trial 0 with value: 122.055419921875.
LOCAL_RANK: 0 - CUDA_VISIBLE_DEVICES: [0]
[I 2023-12-27 11:32:34,476] Trial 29 finished with value: 265.6638488769531 and parameters: {'gradient_clip_val': 0.28708609769222754, 'hidden_size': 14, 'dropout': 0.1970654407745085, 'hidden_continuous_size': 7, 'attention_head_size': 3, 'learning_rate': 0.09118780462956985}. Best is trial 0 with value: 122.055419921875.
LOCAL_RANK: 0 - CUDA_VISIBLE_DEVICES: [0]
[I 2023-12-27 11:32:34,967] Trial 30 finished with value: 196.0982666015625 and parameters: {'gradient_clip_val': 0.3668752095335398, 'hidden_size': 28, 'dropout': 0.1685528794759032, 'hidden_continuous_size': 13, 'attention_head_size': 1, 'learning_rate': 0.004091900946878093}. Best is trial 0 with value: 122.055419921875.
LOCAL_RANK: 0 - CUDA_VISIBLE_DEVICES: [0]
[I 2023-12-27 11:32:35,410] Trial 31 finished with value: 245.88743591308594 and parameters: {'gradient_clip_val': 0.8243739223905339, 'hidden_size': 12, 'dropout': 0.25597530939073126, 'hidden_continuous_size': 8, 'attention_head_size': 4, 'learning_rate': 0.0013058954745194034}. Best is trial 0 with value: 122.055419921875.
LOCAL_RANK: 0 - CUDA_VISIBLE_DEVICES: [0]
[I 2023-12-27 11:32:35,867] Trial 32 finished with value: 240.8515167236328 and parameters: {'gradient_clip_val': 0.5629728578994888, 'hidden_size': 20, 'dropout': 0.26271562346122773, 'hidden_continuous_size': 10, 'attention_head_size': 4, 'learning_rate': 0.0007497764381906864}. Best is trial 0 with value: 122.055419921875.
LOCAL_RANK: 0 - CUDA_VISIBLE_DEVICES: [0]
[I 2023-12-27 11:32:36,330] Trial 33 finished with value: 237.5574493408203 and parameters: {'gradient_clip_val': 0.593065823983378, 'hidden_size': 9, 'dropout': 0.22968279199590996, 'hidden_continuous_size': 7, 'attention_head_size': 4, 'learning_rate': 0.001681642444747177}. Best is trial 0 with value: 122.055419921875.
LOCAL_RANK: 0 - CUDA_VISIBLE_DEVICES: [0]
[I 2023-12-27 11:32:36,792] Trial 34 finished with value: 212.6134490966797 and parameters: {'gradient_clip_val': 0.4517926437866972, 'hidden_size': 14, 'dropout': 0.27720443276964146, 'hidden_continuous_size': 8, 'attention_head_size': 4, 'learning_rate': 0.0008756844522464519}. Best is trial 0 with value: 122.055419921875.
LOCAL_RANK: 0 - CUDA_VISIBLE_DEVICES: [0]
[I 2023-12-27 11:32:37,274] Trial 35 finished with value: 212.4527130126953 and parameters: {'gradient_clip_val': 0.5276078076421022, 'hidden_size': 18, 'dropout': 0.3109699038928333, 'hidden_continuous_size': 12, 'attention_head_size': 4, 'learning_rate': 0.0006006704034539599}. Best is trial 0 with value: 122.055419921875.
LOCAL_RANK: 0 - CUDA_VISIBLE_DEVICES: [0]
[I 2023-12-27 11:32:37,739] Trial 36 finished with value: 234.04945373535156 and parameters: {'gradient_clip_val': 0.705641419527124, 'hidden_size': 23, 'dropout': 0.4762503552173822, 'hidden_continuous_size': 9, 'attention_head_size': 4, 'learning_rate': 0.0007131767336766039}. Best is trial 0 with value: 122.055419921875.
LOCAL_RANK: 0 - CUDA_VISIBLE_DEVICES: [0]
[I 2023-12-27 11:32:38,176] Trial 37 finished with value: 228.62635803222656 and parameters: {'gradient_clip_val': 0.33576572886176975, 'hidden_size': 5, 'dropout': 0.23385758020123096, 'hidden_continuous_size': 5, 'attention_head_size': 3, 'learning_rate': 0.0013940840140624436}. Best is trial 0 with value: 122.055419921875.
LOCAL_RANK: 0 - CUDA_VISIBLE_DEVICES: [0]
[I 2023-12-27 11:32:38,633] Trial 38 finished with value: 229.251953125 and parameters: {'gradient_clip_val': 0.8118999918783255, 'hidden_size': 8, 'dropout': 0.28951266391193775, 'hidden_continuous_size': 6, 'attention_head_size': 4, 'learning_rate': 0.0009865574922171003}. Best is trial 0 with value: 122.055419921875.
LOCAL_RANK: 0 - CUDA_VISIBLE_DEVICES: [0]
[I 2023-12-27 11:32:39,356] Trial 39 finished with value: 282.8275451660156 and parameters: {'gradient_clip_val': 0.28040949461579623, 'hidden_size': 11, 'dropout': 0.3206069813870677, 'hidden_continuous_size': 7, 'attention_head_size': 3, 'learning_rate': 0.001998892622394173}. Best is trial 0 with value: 122.055419921875.
LOCAL_RANK: 0 - CUDA_VISIBLE_DEVICES: [0]
[I 2023-12-27 11:32:39,817] Trial 40 finished with value: 222.281494140625 and parameters: {'gradient_clip_val': 0.2582900997904378, 'hidden_size': 7, 'dropout': 0.2680954956745202, 'hidden_continuous_size': 6, 'attention_head_size': 4, 'learning_rate': 0.004566256220198458}. Best is trial 0 with value: 122.055419921875.
LOCAL_RANK: 0 - CUDA_VISIBLE_DEVICES: [0]
[I 2023-12-27 11:32:40,302] Trial 41 finished with value: 302.6463623046875 and parameters: {'gradient_clip_val': 0.6434182993552096, 'hidden_size': 25, 'dropout': 0.12933069167219072, 'hidden_continuous_size': 6, 'attention_head_size': 2, 'learning_rate': 0.03221984235619496}. Best is trial 0 with value: 122.055419921875.
LOCAL_RANK: 0 - CUDA_VISIBLE_DEVICES: [0]
[I 2023-12-27 11:32:40,779] Trial 42 finished with value: 199.9043731689453 and parameters: {'gradient_clip_val': 0.5352247956018013, 'hidden_size': 21, 'dropout': 0.1122488264199328, 'hidden_continuous_size': 12, 'attention_head_size': 2, 'learning_rate': 0.007358249981067472}. Best is trial 0 with value: 122.055419921875.
LOCAL_RANK: 0 - CUDA_VISIBLE_DEVICES: [0]
[I 2023-12-27 11:32:41,232] Trial 43 finished with value: 203.61451721191406 and parameters: {'gradient_clip_val': 0.6500492787525619, 'hidden_size': 17, 'dropout': 0.16253853899296405, 'hidden_continuous_size': 11, 'attention_head_size': 1, 'learning_rate': 0.002607440188448151}. Best is trial 0 with value: 122.055419921875.
LOCAL_RANK: 0 - CUDA_VISIBLE_DEVICES: [0]
[I 2023-12-27 11:32:41,678] Trial 44 finished with value: 189.07086181640625 and parameters: {'gradient_clip_val': 0.19891978502797075, 'hidden_size': 13, 'dropout': 0.178068480622955, 'hidden_continuous_size': 7, 'attention_head_size': 2, 'learning_rate': 0.0031724415506386564}. Best is trial 0 with value: 122.055419921875.
LOCAL_RANK: 0 - CUDA_VISIBLE_DEVICES: [0]
[I 2023-12-27 11:32:42,122] Trial 45 finished with value: 214.9752655029297 and parameters: {'gradient_clip_val': 0.48773816305392387, 'hidden_size': 15, 'dropout': 0.14854465143637338, 'hidden_continuous_size': 8, 'attention_head_size': 2, 'learning_rate': 0.022072963417311155}. Best is trial 0 with value: 122.055419921875.
LOCAL_RANK: 0 - CUDA_VISIBLE_DEVICES: [0]
