[I 2023-12-27 11:28:25,032] Trial 13 finished with value: 3.1113948822021484 and parameters: {'gradient_clip_val': 0.23350101267424522, 'hidden_size': 8, 'dropout': 0.4385635820522737, 'hidden_continuous_size': 6, 'attention_head_size': 3, 'learning_rate': 0.08801728796143993}. Best is trial 0 with value: 0.07650838047266006.
[I 2023-12-27 11:28:25,433] Trial 14 finished with value: 2.8879354000091553 and parameters: {'gradient_clip_val': 0.14213539591821608, 'hidden_size': 13, 'dropout': 0.35619783633800123, 'hidden_continuous_size': 6, 'attention_head_size': 2, 'learning_rate': 0.011662717216313684}. Best is trial 0 with value: 0.07650838047266006.
[I 2023-12-27 11:28:26,005] Trial 15 finished with value: 2.966789484024048 and parameters: {'gradient_clip_val': 0.2920615088217542, 'hidden_size': 5, 'dropout': 0.44661610517713957, 'hidden_continuous_size': 5, 'attention_head_size': 4, 'learning_rate': 0.027023701109053666}. Best is trial 0 with value: 0.07650838047266006.
[I 2023-12-27 11:28:26,622] Trial 16 finished with value: 3.8930981159210205 and parameters: {'gradient_clip_val': 0.13002064302269523, 'hidden_size': 128, 'dropout': 0.35906289493968535, 'hidden_continuous_size': 101, 'attention_head_size': 3, 'learning_rate': 0.007278736514521737}. Best is trial 0 with value: 0.07650838047266006.
[I 2023-12-27 11:28:27,005] Trial 17 finished with value: 2.8367738723754883 and parameters: {'gradient_clip_val': 0.16006977871972486, 'hidden_size': 19, 'dropout': 0.4640307576224115, 'hidden_continuous_size': 5, 'attention_head_size': 4, 'learning_rate': 0.036473709282767657}. Best is trial 0 with value: 0.07650838047266006.
[I 2023-12-27 11:28:27,375] Trial 18 finished with value: 4.278198719024658 and parameters: {'gradient_clip_val': 0.24764773161922596, 'hidden_size': 8, 'dropout': 0.40020116718672555, 'hidden_continuous_size': 6, 'attention_head_size': 3, 'learning_rate': 0.021191831566910416}. Best is trial 0 with value: 0.07650838047266006.
[I 2023-12-27 11:28:27,733] Trial 19 finished with value: 3.2596635818481445 and parameters: {'gradient_clip_val': 0.11800432839963837, 'hidden_size': 16, 'dropout': 0.45541143228863457, 'hidden_continuous_size': 7, 'attention_head_size': 2, 'learning_rate': 0.04807935420678971}. Best is trial 0 with value: 0.07650838047266006.
[I 2023-12-27 11:28:28,104] Trial 20 finished with value: 3.52683162689209 and parameters: {'gradient_clip_val': 0.16120813016953087, 'hidden_size': 7, 'dropout': 0.3902806186449435, 'hidden_continuous_size': 5, 'attention_head_size': 4, 'learning_rate': 0.017927256974730875}. Best is trial 0 with value: 0.07650838047266006.
[I 2023-12-27 11:28:28,450] Trial 21 finished with value: 2.856212615966797 and parameters: {'gradient_clip_val': 0.10156730940030073, 'hidden_size': 5, 'dropout': 0.4864614372828977, 'hidden_continuous_size': 5, 'attention_head_size': 4, 'learning_rate': 0.01129960570018601}. Best is trial 0 with value: 0.07650838047266006.
[I 2023-12-27 11:28:28,808] Trial 22 finished with value: 3.7632806301116943 and parameters: {'gradient_clip_val': 0.11593031240296245, 'hidden_size': 5, 'dropout': 0.47914055460320665, 'hidden_continuous_size': 5, 'attention_head_size': 4, 'learning_rate': 0.007212978405331728}. Best is trial 0 with value: 0.07650838047266006.
[I 2023-12-27 11:28:29,205] Trial 23 finished with value: 3.2159101963043213 and parameters: {'gradient_clip_val': 0.10240646245907978, 'hidden_size': 10, 'dropout': 0.43432835683186377, 'hidden_continuous_size': 6, 'attention_head_size': 3, 'learning_rate': 0.013608485538266981}. Best is trial 0 with value: 0.07650838047266006.
[I 2023-12-27 11:28:29,574] Trial 24 finished with value: 4.47957181930542 and parameters: {'gradient_clip_val': 0.1433714715215341, 'hidden_size': 7, 'dropout': 0.4987319136101315, 'hidden_continuous_size': 5, 'attention_head_size': 4, 'learning_rate': 0.01883609918040947}. Best is trial 0 with value: 0.07650838047266006.
[I 2023-12-27 11:28:29,943] Trial 25 finished with value: 4.283589839935303 and parameters: {'gradient_clip_val': 0.11698366515439515, 'hidden_size': 6, 'dropout': 0.4625538184421337, 'hidden_continuous_size': 5, 'attention_head_size': 3, 'learning_rate': 0.05040606981257683}. Best is trial 0 with value: 0.07650838047266006.
[I 2023-12-27 11:28:30,327] Trial 26 finished with value: 3.500944137573242 and parameters: {'gradient_clip_val': 0.18023411111364762, 'hidden_size': 10, 'dropout': 0.41130438285681853, 'hidden_continuous_size': 6, 'attention_head_size': 4, 'learning_rate': 0.03248234506849912}. Best is trial 0 with value: 0.07650838047266006.
[I 2023-12-27 11:28:30,709] Trial 27 finished with value: 2.64239764213562 and parameters: {'gradient_clip_val': 0.14381655071751406, 'hidden_size': 15, 'dropout': 0.4669337361609014, 'hidden_continuous_size': 6, 'attention_head_size': 4, 'learning_rate': 0.09351487297244335}. Best is trial 0 with value: 0.07650838047266006.
[I 2023-12-27 11:28:31,326] Trial 28 finished with value: 1.7114442586898804 and parameters: {'gradient_clip_val': 0.12411316153174629, 'hidden_size': 10, 'dropout': 0.4409779616863234, 'hidden_continuous_size': 6, 'attention_head_size': 3, 'learning_rate': 0.009245414642314874}. Best is trial 0 with value: 0.07650838047266006.
[I 2023-12-27 11:28:31,734] Trial 29 finished with value: 3.3890810012817383 and parameters: {'gradient_clip_val': 0.20670785659417834, 'hidden_size': 11, 'dropout': 0.43215481299025565, 'hidden_continuous_size': 6, 'attention_head_size': 2, 'learning_rate': 0.003150882520528634}. Best is trial 0 with value: 0.07650838047266006.
[I 2023-12-27 11:28:32,132] Trial 30 finished with value: 2.8847200870513916 and parameters: {'gradient_clip_val': 0.15736471237993793, 'hidden_size': 13, 'dropout': 0.34021070057065633, 'hidden_continuous_size': 7, 'attention_head_size': 3, 'learning_rate': 0.008655830635045145}. Best is trial 0 with value: 0.07650838047266006.
[I 2023-12-27 11:28:32,511] Trial 31 finished with value: 4.456849575042725 and parameters: {'gradient_clip_val': 0.12225194743605171, 'hidden_size': 9, 'dropout': 0.3841871733692764, 'hidden_continuous_size': 6, 'attention_head_size': 3, 'learning_rate': 0.0055846608825487615}. Best is trial 0 with value: 0.07650838047266006.
[I 2023-12-27 11:28:32,901] Trial 32 finished with value: 3.14577579498291 and parameters: {'gradient_clip_val': 0.11254164201452023, 'hidden_size': 7, 'dropout': 0.422942360836148, 'hidden_continuous_size': 6, 'attention_head_size': 3, 'learning_rate': 0.017551212431448998}. Best is trial 0 with value: 0.07650838047266006.
[I 2023-12-27 11:28:33,296] Trial 33 finished with value: 2.995997428894043 and parameters: {'gradient_clip_val': 0.13293917796856514, 'hidden_size': 9, 'dropout': 0.47718962217689426, 'hidden_continuous_size': 5, 'attention_head_size': 2, 'learning_rate': 0.009060291320014326}. Best is trial 0 with value: 0.07650838047266006.
[I 2023-12-27 11:28:33,672] Trial 34 finished with value: 3.0679330825805664 and parameters: {'gradient_clip_val': 0.1855186714407902, 'hidden_size': 6, 'dropout': 0.4066894176969338, 'hidden_continuous_size': 5, 'attention_head_size': 1, 'learning_rate': 0.005735180512870596}. Best is trial 0 with value: 0.07650838047266006.
[I 2023-12-27 11:28:34,061] Trial 35 finished with value: 3.064605712890625 and parameters: {'gradient_clip_val': 0.10044587697895961, 'hidden_size': 11, 'dropout': 0.44531325951340295, 'hidden_continuous_size': 7, 'attention_head_size': 4, 'learning_rate': 0.0018601827957169434}. Best is trial 0 with value: 0.07650838047266006.
[I 2023-12-27 11:28:34,447] Trial 36 finished with value: 3.343200922012329 and parameters: {'gradient_clip_val': 0.1266320435601915, 'hidden_size': 15, 'dropout': 0.47884130536911373, 'hidden_continuous_size': 8, 'attention_head_size': 3, 'learning_rate': 0.00417896923093224}. Best is trial 0 with value: 0.07650838047266006.
[I 2023-12-27 11:28:34,841] Trial 37 finished with value: 3.3943164348602295 and parameters: {'gradient_clip_val': 0.15989451653132908, 'hidden_size': 22, 'dropout': 0.4118820080513468, 'hidden_continuous_size': 8, 'attention_head_size': 4, 'learning_rate': 0.0005193434769301283}. Best is trial 0 with value: 0.07650838047266006.
[I 2023-12-27 11:28:35,217] Trial 38 finished with value: 3.949385643005371 and parameters: {'gradient_clip_val': 0.11153275089820966, 'hidden_size': 8, 'dropout': 0.4532081528150582, 'hidden_continuous_size': 6, 'attention_head_size': 2, 'learning_rate': 0.01502654469338693}. Best is trial 0 with value: 0.07650838047266006.
[I 2023-12-27 11:28:35,557] Trial 39 finished with value: 3.838897943496704 and parameters: {'gradient_clip_val': 0.14096063432843367, 'hidden_size': 5, 'dropout': 0.3814285076881044, 'hidden_continuous_size': 5, 'attention_head_size': 3, 'learning_rate': 0.009939502822884187}. Best is trial 0 with value: 0.07650838047266006.
[I 2023-12-27 11:28:35,954] Trial 40 finished with value: 3.232998847961426 and parameters: {'gradient_clip_val': 0.1757249256411158, 'hidden_size': 34, 'dropout': 0.49015090302531933, 'hidden_continuous_size': 9, 'attention_head_size': 4, 'learning_rate': 0.014078302468030088}. Best is trial 0 with value: 0.07650838047266006.
[I 2023-12-27 11:28:36,342] Trial 41 finished with value: 2.798246383666992 and parameters: {'gradient_clip_val': 0.14508716093384444, 'hidden_size': 15, 'dropout': 0.4651484559561343, 'hidden_continuous_size': 7, 'attention_head_size': 4, 'learning_rate': 0.07278813249595681}. Best is trial 0 with value: 0.07650838047266006.
[I 2023-12-27 11:28:36,971] Trial 42 finished with value: 3.436880350112915 and parameters: {'gradient_clip_val': 0.12736973131416693, 'hidden_size': 12, 'dropout': 0.43455950737711735, 'hidden_continuous_size': 6, 'attention_head_size': 4, 'learning_rate': 0.0963349025011469}. Best is trial 0 with value: 0.07650838047266006.
[I 2023-12-27 11:28:37,353] Trial 43 finished with value: 3.615779161453247 and parameters: {'gradient_clip_val': 0.10930814919800683, 'hidden_size': 10, 'dropout': 0.49986219808555843, 'hidden_continuous_size': 6, 'attention_head_size': 4, 'learning_rate': 0.06748476681382636}. Best is trial 0 with value: 0.07650838047266006.
[I 2023-12-27 11:28:37,737] Trial 44 finished with value: 3.4675381183624268 and parameters: {'gradient_clip_val': 0.12532226773554914, 'hidden_size': 18, 'dropout': 0.4668413393802233, 'hidden_continuous_size': 7, 'attention_head_size': 3, 'learning_rate': 0.04252148559222308}. Best is trial 0 with value: 0.07650838047266006.
[I 2023-12-27 11:28:38,149] Trial 45 finished with value: 4.200128078460693 and parameters: {'gradient_clip_val': 0.14755709509061019, 'hidden_size': 12, 'dropout': 0.427779330566596, 'hidden_continuous_size': 6, 'attention_head_size': 4, 'learning_rate': 0.059820905982060864}. Best is trial 0 with value: 0.07650838047266006.
[I 2023-12-27 11:28:38,566] Trial 46 finished with value: 3.3871631622314453 and parameters: {'gradient_clip_val': 0.10863528885950599, 'hidden_size': 15, 'dropout': 0.45386527540568955, 'hidden_continuous_size': 7, 'attention_head_size': 4, 'learning_rate': 0.02850168017312255}. Best is trial 0 with value: 0.07650838047266006.
[I 2023-12-27 11:28:38,943] Trial 47 finished with value: 3.6332743167877197 and parameters: {'gradient_clip_val': 0.19824758711206225, 'hidden_size': 9, 'dropout': 0.40029507579466284, 'hidden_continuous_size': 6, 'attention_head_size': 3, 'learning_rate': 0.02491840867412343}. Best is trial 0 with value: 0.07650838047266006.
[I 2023-12-27 11:28:39,317] Trial 48 finished with value: 3.30240797996521 and parameters: {'gradient_clip_val': 0.169197578298956, 'hidden_size': 6, 'dropout': 0.47703991254357025, 'hidden_continuous_size': 5, 'attention_head_size': 4, 'learning_rate': 0.08445126185578426}. Best is trial 0 with value: 0.07650838047266006.
[I 2023-12-27 11:28:39,700] Trial 49 finished with value: 2.824640989303589 and parameters: {'gradient_clip_val': 0.13285763182319085, 'hidden_size': 8, 'dropout': 0.4451309151747724, 'hidden_continuous_size': 6, 'attention_head_size': 3, 'learning_rate': 0.037148233105673376}. Best is trial 0 with value: 0.07650838047266006.
[I 2023-12-27 11:28:39,812] A new study created in memory with name: no-name-9af35784-128b-4b9d-816a-bf2352de3847
/home/le004/conda/anaconda3/envs/tsff_env/lib/python3.9/site-packages/lightning/fabric/plugins/environments/slurm.py:191: The `srun` command is available on your system but is not used. HINT: If your intention is to run Lightning on SLURM, prepend your python command with `srun` like so: srun python /home/le004/master_thesis/git/TSFusionForecast/code/ ...
[I 2023-12-27 11:29:11,998] Trial 0 finished with value: 18.801542282104492 and parameters: {'gradient_clip_val': 0.10408750106168511, 'hidden_size': 79, 'dropout': 0.10696716025082353, 'hidden_continuous_size': 52, 'attention_head_size': 4, 'learning_rate': 0.01013338302324404}. Best is trial 0 with value: 18.801542282104492.
[I 2023-12-27 11:29:12,397] Trial 1 finished with value: 160.95782470703125 and parameters: {'gradient_clip_val': 0.8031235194934686, 'hidden_size': 27, 'dropout': 0.11671894740369795, 'hidden_continuous_size': 24, 'attention_head_size': 3, 'learning_rate': 0.04350485060971055}. Best is trial 0 with value: 18.801542282104492.
[I 2023-12-27 11:29:12,762] Trial 2 finished with value: 171.32521057128906 and parameters: {'gradient_clip_val': 0.465483063297948, 'hidden_size': 9, 'dropout': 0.11764268096855607, 'hidden_continuous_size': 8, 'attention_head_size': 3, 'learning_rate': 0.001649737843930782}. Best is trial 0 with value: 18.801542282104492.
[I 2023-12-27 11:29:13,338] Trial 3 finished with value: 167.3773956298828 and parameters: {'gradient_clip_val': 0.6014063214930823, 'hidden_size': 5, 'dropout': 0.21727652989485746, 'hidden_continuous_size': 5, 'attention_head_size': 3, 'learning_rate': 0.035685975704047}. Best is trial 0 with value: 18.801542282104492.
[I 2023-12-27 11:29:13,721] Trial 4 finished with value: 187.7132568359375 and parameters: {'gradient_clip_val': 0.20722157495297552, 'hidden_size': 10, 'dropout': 0.38923021516602774, 'hidden_continuous_size': 9, 'attention_head_size': 4, 'learning_rate': 0.003497309818034731}. Best is trial 0 with value: 18.801542282104492.
[I 2023-12-27 11:29:14,135] Trial 5 finished with value: 170.38185119628906 and parameters: {'gradient_clip_val': 0.3859592493201793, 'hidden_size': 49, 'dropout': 0.1966013981515718, 'hidden_continuous_size': 13, 'attention_head_size': 2, 'learning_rate': 0.03578431285071781}. Best is trial 0 with value: 18.801542282104492.
[I 2023-12-27 11:29:14,477] Trial 6 finished with value: 168.38694763183594 and parameters: {'gradient_clip_val': 0.9835168148821027, 'hidden_size': 9, 'dropout': 0.16794443625341443, 'hidden_continuous_size': 9, 'attention_head_size': 2, 'learning_rate': 0.002189500472667312}. Best is trial 0 with value: 18.801542282104492.
[I 2023-12-27 11:29:14,982] Trial 7 finished with value: 129.71519470214844 and parameters: {'gradient_clip_val': 0.20915535891210973, 'hidden_size': 93, 'dropout': 0.29574656636640523, 'hidden_continuous_size': 49, 'attention_head_size': 2, 'learning_rate': 0.0016159592500888964}. Best is trial 0 with value: 18.801542282104492.
[I 2023-12-27 11:29:15,434] Trial 8 finished with value: 198.74920654296875 and parameters: {'gradient_clip_val': 0.1775905172739072, 'hidden_size': 63, 'dropout': 0.42544643258753645, 'hidden_continuous_size': 11, 'attention_head_size': 1, 'learning_rate': 0.05431637979223446}. Best is trial 0 with value: 18.801542282104492.
[I 2023-12-27 11:29:15,818] Trial 9 finished with value: 189.23997497558594 and parameters: {'gradient_clip_val': 0.20089542861777424, 'hidden_size': 10, 'dropout': 0.2290226904663369, 'hidden_continuous_size': 5, 'attention_head_size': 4, 'learning_rate': 0.0008122275387603523}. Best is trial 0 with value: 18.801542282104492.
[I 2023-12-27 11:29:16,560] Trial 10 finished with value: 196.13783264160156 and parameters: {'gradient_clip_val': 0.11917746607690999, 'hidden_size': 147, 'dropout': 0.3097304725653326, 'hidden_continuous_size': 138, 'attention_head_size': 4, 'learning_rate': 0.009517806169963406}. Best is trial 0 with value: 18.801542282104492.
[I 2023-12-27 11:29:17,112] Trial 11 finished with value: 177.9630126953125 and parameters: {'gradient_clip_val': 0.10152589304726814, 'hidden_size': 107, 'dropout': 0.31413835343865193, 'hidden_continuous_size': 50, 'attention_head_size': 1, 'learning_rate': 0.0079561224482311}. Best is trial 0 with value: 18.801542282104492.
[I 2023-12-27 11:29:17,595] Trial 12 finished with value: 137.8079376220703 and parameters: {'gradient_clip_val': 0.2831692434056132, 'hidden_size': 78, 'dropout': 0.25519023274289676, 'hidden_continuous_size': 37, 'attention_head_size': 2, 'learning_rate': 0.0005518326894060346}. Best is trial 0 with value: 18.801542282104492.
[I 2023-12-27 11:29:18,043] Trial 13 finished with value: 178.8335723876953 and parameters: {'gradient_clip_val': 0.1387213309691203, 'hidden_size': 51, 'dropout': 0.48478080524049605, 'hidden_continuous_size': 20, 'attention_head_size': 2, 'learning_rate': 0.0057524500541563765}. Best is trial 0 with value: 18.801542282104492.
[I 2023-12-27 11:29:18,625] Trial 14 finished with value: 167.64195251464844 and parameters: {'gradient_clip_val': 0.14747750114185362, 'hidden_size': 122, 'dropout': 0.27406816655485616, 'hidden_continuous_size': 65, 'attention_head_size': 3, 'learning_rate': 0.013947397145926771}. Best is trial 0 with value: 18.801542282104492.
[I 2023-12-27 11:29:19,115] Trial 15 finished with value: 127.1404037475586 and parameters: {'gradient_clip_val': 0.10117770573559239, 'hidden_size': 79, 'dropout': 0.16377609065625567, 'hidden_continuous_size': 31, 'attention_head_size': 1, 'learning_rate': 0.017302168497903433}. Best is trial 0 with value: 18.801542282104492.
[I 2023-12-27 11:29:19,777] Trial 16 finished with value: 182.68341064453125 and parameters: {'gradient_clip_val': 0.1203472835076024, 'hidden_size': 41, 'dropout': 0.10193999296520978, 'hidden_continuous_size': 21, 'attention_head_size': 1, 'learning_rate': 0.019589108244402072}. Best is trial 0 with value: 18.801542282104492.
[I 2023-12-27 11:29:20,258] Trial 17 finished with value: 196.7597198486328 and parameters: {'gradient_clip_val': 0.1088422867344425, 'hidden_size': 73, 'dropout': 0.16094403454387243, 'hidden_continuous_size': 32, 'attention_head_size': 4, 'learning_rate': 0.09680418864726673}. Best is trial 0 with value: 18.801542282104492.
[I 2023-12-27 11:29:20,816] Trial 18 finished with value: 168.47064208984375 and parameters: {'gradient_clip_val': 0.10140710151702999, 'hidden_size': 108, 'dropout': 0.1574116440842842, 'hidden_continuous_size': 73, 'attention_head_size': 1, 'learning_rate': 0.01837282251567381}. Best is trial 0 with value: 18.801542282104492.
[I 2023-12-27 11:29:21,462] Trial 19 finished with value: 158.27174377441406 and parameters: {'gradient_clip_val': 0.14819278529101257, 'hidden_size': 150, 'dropout': 0.14589284010650794, 'hidden_continuous_size': 16, 'attention_head_size': 3, 'learning_rate': 0.0051148846872208515}. Best is trial 0 with value: 18.801542282104492.
[I 2023-12-27 11:29:21,894] Trial 20 finished with value: 172.52099609375 and parameters: {'gradient_clip_val': 0.2623148867830065, 'hidden_size': 38, 'dropout': 0.19037786464242756, 'hidden_continuous_size': 15, 'attention_head_size': 4, 'learning_rate': 0.011883777704821689}. Best is trial 0 with value: 18.801542282104492.
[I 2023-12-27 11:29:22,385] Trial 21 finished with value: 151.1947021484375 and parameters: {'gradient_clip_val': 0.170410937913793, 'hidden_size': 82, 'dropout': 0.10035102474360691, 'hidden_continuous_size': 29, 'attention_head_size': 2, 'learning_rate': 0.004156835645351171}. Best is trial 0 with value: 18.801542282104492.
[I 2023-12-27 11:29:22,894] Trial 22 finished with value: 156.23870849609375 and parameters: {'gradient_clip_val': 0.23225366752079843, 'hidden_size': 92, 'dropout': 0.24384513473366531, 'hidden_continuous_size': 42, 'attention_head_size': 1, 'learning_rate': 0.0077794645026223385}. Best is trial 0 with value: 18.801542282104492.
[I 2023-12-27 11:29:23,345] Trial 23 finished with value: 160.0942840576172 and parameters: {'gradient_clip_val': 0.13618027223499501, 'hidden_size': 64, 'dropout': 0.19593100950289488, 'hidden_continuous_size': 28, 'attention_head_size': 2, 'learning_rate': 0.0029849470413561}. Best is trial 0 with value: 18.801542282104492.
[I 2023-12-27 11:29:23,863] Trial 24 finished with value: 201.1201171875 and parameters: {'gradient_clip_val': 0.18059886407308592, 'hidden_size': 98, 'dropout': 0.13321113029233522, 'hidden_continuous_size': 45, 'attention_head_size': 1, 'learning_rate': 0.0014157177141889297}. Best is trial 0 with value: 18.801542282104492.
[I 2023-12-27 11:29:24,320] Trial 25 finished with value: 180.931396484375 and parameters: {'gradient_clip_val': 0.12020275553206773, 'hidden_size': 57, 'dropout': 0.28575582843756026, 'hidden_continuous_size': 33, 'attention_head_size': 2, 'learning_rate': 0.005044739432327839}. Best is trial 0 with value: 18.801542282104492.
[I 2023-12-27 11:29:24,804] Trial 26 finished with value: 195.590087890625 and parameters: {'gradient_clip_val': 0.32672927997532913, 'hidden_size': 82, 'dropout': 0.13410190560965102, 'hidden_continuous_size': 26, 'attention_head_size': 3, 'learning_rate': 0.019037852097359552}. Best is trial 0 with value: 18.801542282104492.
[I 2023-12-27 11:29:25,401] Trial 27 finished with value: 217.95428466796875 and parameters: {'gradient_clip_val': 0.15921612651993394, 'hidden_size': 123, 'dropout': 0.18143043560224068, 'hidden_continuous_size': 55, 'attention_head_size': 1, 'learning_rate': 0.0093994711197338}. Best is trial 0 with value: 18.801542282104492.
