[I 2023-12-27 10:58:32,437] Trial 7 finished with value: 2.6593921184539795 and parameters: {'gradient_clip_val': 0.21097828340958286, 'hidden_size': 131, 'dropout': 0.4109296639572243, 'hidden_continuous_size': 6, 'attention_head_size': 3, 'learning_rate': 0.0007761950781039168}. Best is trial 0 with value: 0.14923276007175446.
[I 2023-12-27 10:58:32,759] Trial 8 finished with value: 4.62915563583374 and parameters: {'gradient_clip_val': 0.1346247337797811, 'hidden_size': 5, 'dropout': 0.30744026918549283, 'hidden_continuous_size': 5, 'attention_head_size': 2, 'learning_rate': 0.052826159280562134}. Best is trial 0 with value: 0.14923276007175446.
[I 2023-12-27 10:58:33,170] Trial 9 finished with value: 5.0068888664245605 and parameters: {'gradient_clip_val': 0.23147445394894944, 'hidden_size': 69, 'dropout': 0.1407765845528529, 'hidden_continuous_size': 7, 'attention_head_size': 2, 'learning_rate': 0.01759807934237675}. Best is trial 0 with value: 0.14923276007175446.
[I 2023-12-27 10:58:33,559] Trial 10 finished with value: 1.9241448640823364 and parameters: {'gradient_clip_val': 0.10006926184717976, 'hidden_size': 32, 'dropout': 0.10882806987660246, 'hidden_continuous_size': 31, 'attention_head_size': 1, 'learning_rate': 0.0026414266612089414}. Best is trial 0 with value: 0.14923276007175446.
[I 2023-12-27 10:58:33,983] Trial 11 finished with value: 3.464660406112671 and parameters: {'gradient_clip_val': 0.9872130582707571, 'hidden_size': 59, 'dropout': 0.23572206752794012, 'hidden_continuous_size': 16, 'attention_head_size': 1, 'learning_rate': 0.0300210002581607}. Best is trial 0 with value: 0.14923276007175446.
[I 2023-12-27 10:58:34,441] Trial 12 finished with value: 3.683046340942383 and parameters: {'gradient_clip_val': 0.7671460434547555, 'hidden_size': 62, 'dropout': 0.49270243938708624, 'hidden_continuous_size': 59, 'attention_head_size': 2, 'learning_rate': 0.02086183761308976}. Best is trial 0 with value: 0.14923276007175446.
[I 2023-12-27 10:58:35,082] Trial 13 finished with value: 2.676091432571411 and parameters: {'gradient_clip_val': 0.5605242394211801, 'hidden_size': 145, 'dropout': 0.2328731511875121, 'hidden_continuous_size': 116, 'attention_head_size': 2, 'learning_rate': 0.007498162667716271}. Best is trial 0 with value: 0.14923276007175446.
[I 2023-12-27 10:58:35,502] Trial 14 finished with value: 2.779711961746216 and parameters: {'gradient_clip_val': 0.4651096973994722, 'hidden_size': 46, 'dropout': 0.17686311364125545, 'hidden_continuous_size': 11, 'attention_head_size': 3, 'learning_rate': 0.031664971673465214}. Best is trial 0 with value: 0.14923276007175446.
[I 2023-12-27 10:58:35,965] Trial 15 finished with value: 4.493533611297607 and parameters: {'gradient_clip_val': 0.7354387504876525, 'hidden_size': 84, 'dropout': 0.26653421229527446, 'hidden_continuous_size': 15, 'attention_head_size': 1, 'learning_rate': 0.09110606900823137}. Best is trial 0 with value: 0.14923276007175446.
[I 2023-12-27 10:58:36,365] Trial 16 finished with value: 4.343443870544434 and parameters: {'gradient_clip_val': 0.43425387949144195, 'hidden_size': 43, 'dropout': 0.19698646336962303, 'hidden_continuous_size': 12, 'attention_head_size': 3, 'learning_rate': 0.01142361952660637}. Best is trial 0 with value: 0.14923276007175446.
[I 2023-12-27 10:58:36,842] Trial 17 finished with value: 4.414592266082764 and parameters: {'gradient_clip_val': 0.9798124775392727, 'hidden_size': 91, 'dropout': 0.2864895281089462, 'hidden_continuous_size': 26, 'attention_head_size': 2, 'learning_rate': 0.004434390212161086}. Best is trial 0 with value: 0.14923276007175446.
[I 2023-12-27 10:58:37,453] Trial 18 finished with value: 3.0503427982330322 and parameters: {'gradient_clip_val': 0.26657789871171655, 'hidden_size': 25, 'dropout': 0.1256507603835836, 'hidden_continuous_size': 10, 'attention_head_size': 3, 'learning_rate': 0.029569118136652826}. Best is trial 0 with value: 0.14923276007175446.
[I 2023-12-27 10:58:37,961] Trial 19 finished with value: 3.432854652404785 and parameters: {'gradient_clip_val': 0.6834890051541508, 'hidden_size': 103, 'dropout': 0.2015774533386109, 'hidden_continuous_size': 36, 'attention_head_size': 2, 'learning_rate': 0.012211023773309232}. Best is trial 0 with value: 0.14923276007175446.
[I 2023-12-27 10:58:38,365] Trial 20 finished with value: 4.341425895690918 and parameters: {'gradient_clip_val': 0.39846058930600714, 'hidden_size': 50, 'dropout': 0.10312700363690606, 'hidden_continuous_size': 16, 'attention_head_size': 1, 'learning_rate': 0.0042891509634072275}. Best is trial 0 with value: 0.14923276007175446.
[I 2023-12-27 10:58:38,741] Trial 21 finished with value: 2.915881872177124 and parameters: {'gradient_clip_val': 0.11221244561971341, 'hidden_size': 32, 'dropout': 0.10299936062405003, 'hidden_continuous_size': 13, 'attention_head_size': 1, 'learning_rate': 0.0020654683688715813}. Best is trial 0 with value: 0.14923276007175446.
[I 2023-12-27 10:58:39,171] Trial 22 finished with value: 3.2518184185028076 and parameters: {'gradient_clip_val': 0.2813297324410941, 'hidden_size': 65, 'dropout': 0.1450918288999233, 'hidden_continuous_size': 20, 'attention_head_size': 1, 'learning_rate': 0.0021092816716793443}. Best is trial 0 with value: 0.14923276007175446.
[I 2023-12-27 10:58:39,558] Trial 23 finished with value: 4.664346694946289 and parameters: {'gradient_clip_val': 0.16697445484753912, 'hidden_size': 26, 'dropout': 0.15424102608035328, 'hidden_continuous_size': 9, 'attention_head_size': 1, 'learning_rate': 0.021035980914859878}. Best is trial 0 with value: 0.14923276007175446.
[I 2023-12-27 10:58:40,017] Trial 24 finished with value: 4.174737453460693 and parameters: {'gradient_clip_val': 0.3179460151841759, 'hidden_size': 81, 'dropout': 0.17709562227614775, 'hidden_continuous_size': 28, 'attention_head_size': 2, 'learning_rate': 0.00524731603067247}. Best is trial 0 with value: 0.14923276007175446.
[I 2023-12-27 10:58:40,516] Trial 25 finished with value: 3.423506021499634 and parameters: {'gradient_clip_val': 0.15281207441398878, 'hidden_size': 112, 'dropout': 0.12928635083554108, 'hidden_continuous_size': 36, 'attention_head_size': 3, 'learning_rate': 0.01221872298275729}. Best is trial 0 with value: 0.14923276007175446.
[I 2023-12-27 10:58:41,105] Trial 26 finished with value: 3.5118510723114014 and parameters: {'gradient_clip_val': 0.10560203133682335, 'hidden_size': 147, 'dropout': 0.20934986217698628, 'hidden_continuous_size': 54, 'attention_head_size': 2, 'learning_rate': 0.0030703672296601733}. Best is trial 0 with value: 0.14923276007175446.
[I 2023-12-27 10:58:41,559] Trial 27 finished with value: 3.9506824016571045 and parameters: {'gradient_clip_val': 0.2863230473245323, 'hidden_size': 75, 'dropout': 0.25726728150568545, 'hidden_continuous_size': 19, 'attention_head_size': 1, 'learning_rate': 0.0011826745795036498}. Best is trial 0 with value: 0.14923276007175446.
[I 2023-12-27 10:58:41,980] Trial 28 finished with value: 3.8260891437530518 and parameters: {'gradient_clip_val': 0.507012061457192, 'hidden_size': 54, 'dropout': 0.15527375549843758, 'hidden_continuous_size': 13, 'attention_head_size': 4, 'learning_rate': 0.0005951094616905234}. Best is trial 0 with value: 0.14923276007175446.
[I 2023-12-27 10:58:42,471] Trial 29 finished with value: 3.8777542114257812 and parameters: {'gradient_clip_val': 0.39203758268986943, 'hidden_size': 104, 'dropout': 0.20817724742195926, 'hidden_continuous_size': 26, 'attention_head_size': 4, 'learning_rate': 0.008779177234168056}. Best is trial 0 with value: 0.14923276007175446.
[I 2023-12-27 10:58:42,840] Trial 30 finished with value: 3.2511539459228516 and parameters: {'gradient_clip_val': 0.22837329524419114, 'hidden_size': 19, 'dropout': 0.23829317032698322, 'hidden_continuous_size': 10, 'attention_head_size': 2, 'learning_rate': 0.006328288962241659}. Best is trial 0 with value: 0.14923276007175446.
[I 2023-12-27 10:58:43,456] Trial 31 finished with value: 4.033902645111084 and parameters: {'gradient_clip_val': 0.1881776642123519, 'hidden_size': 36, 'dropout': 0.17290401488683496, 'hidden_continuous_size': 14, 'attention_head_size': 4, 'learning_rate': 0.010871249006640962}. Best is trial 0 with value: 0.14923276007175446.
[I 2023-12-27 10:58:43,836] Trial 32 finished with value: 3.3107426166534424 and parameters: {'gradient_clip_val': 0.12768704029739966, 'hidden_size': 15, 'dropout': 0.18566240536435147, 'hidden_continuous_size': 7, 'attention_head_size': 4, 'learning_rate': 0.01482605683181019}. Best is trial 0 with value: 0.14923276007175446.
[I 2023-12-27 10:58:44,251] Trial 33 finished with value: 4.004744052886963 and parameters: {'gradient_clip_val': 0.17968137367575984, 'hidden_size': 39, 'dropout': 0.21945776035083592, 'hidden_continuous_size': 17, 'attention_head_size': 4, 'learning_rate': 0.008551441554603334}. Best is trial 0 with value: 0.14923276007175446.
[I 2023-12-27 10:58:44,674] Trial 34 finished with value: 3.9381332397460938 and parameters: {'gradient_clip_val': 0.34479965088622505, 'hidden_size': 52, 'dropout': 0.2656568321300047, 'hidden_continuous_size': 12, 'attention_head_size': 3, 'learning_rate': 0.017476714658497858}. Best is trial 0 with value: 0.14923276007175446.
[I 2023-12-27 10:58:45,063] Trial 35 finished with value: 3.8248751163482666 and parameters: {'gradient_clip_val': 0.10237125339619776, 'hidden_size': 33, 'dropout': 0.3287131406533129, 'hidden_continuous_size': 9, 'attention_head_size': 3, 'learning_rate': 0.06005445519079469}. Best is trial 0 with value: 0.14923276007175446.
[I 2023-12-27 10:58:45,576] Trial 36 finished with value: 3.3708994388580322 and parameters: {'gradient_clip_val': 0.14235048008986595, 'hidden_size': 116, 'dropout': 0.15573791139543486, 'hidden_continuous_size': 23, 'attention_head_size': 3, 'learning_rate': 0.005859486532345839}. Best is trial 0 with value: 0.14923276007175446.
[I 2023-12-27 10:58:45,945] Trial 37 finished with value: 2.905846357345581 and parameters: {'gradient_clip_val': 0.2139861135292954, 'hidden_size': 11, 'dropout': 0.11869857048195559, 'hidden_continuous_size': 6, 'attention_head_size': 4, 'learning_rate': 0.04127967571955223}. Best is trial 0 with value: 0.14923276007175446.
[I 2023-12-27 10:58:46,392] Trial 38 finished with value: 2.515622615814209 and parameters: {'gradient_clip_val': 0.16326820808740403, 'hidden_size': 69, 'dropout': 0.190017025406784, 'hidden_continuous_size': 18, 'attention_head_size': 4, 'learning_rate': 0.008078085765919278}. Best is trial 0 with value: 0.14923276007175446.
[I 2023-12-27 10:58:46,862] Trial 39 finished with value: 3.1254899501800537 and parameters: {'gradient_clip_val': 0.19865498726274655, 'hidden_size': 90, 'dropout': 0.16555705489993447, 'hidden_continuous_size': 5, 'attention_head_size': 2, 'learning_rate': 0.07227168371418648}. Best is trial 0 with value: 0.14923276007175446.
[I 2023-12-27 10:58:47,307] Trial 40 finished with value: 3.810375928878784 and parameters: {'gradient_clip_val': 0.12250605265602188, 'hidden_size': 58, 'dropout': 0.22803367565003688, 'hidden_continuous_size': 21, 'attention_head_size': 3, 'learning_rate': 0.0406854463515361}. Best is trial 0 with value: 0.14923276007175446.
[I 2023-12-27 10:58:47,756] Trial 41 finished with value: 4.306694030761719 and parameters: {'gradient_clip_val': 0.15895349359717478, 'hidden_size': 73, 'dropout': 0.18965550391605235, 'hidden_continuous_size': 19, 'attention_head_size': 4, 'learning_rate': 0.007803646069831182}. Best is trial 0 with value: 0.14923276007175446.
[I 2023-12-27 10:58:48,184] Trial 42 finished with value: 2.9927728176116943 and parameters: {'gradient_clip_val': 0.13718345063456916, 'hidden_size': 64, 'dropout': 0.13705885612502985, 'hidden_continuous_size': 17, 'attention_head_size': 4, 'learning_rate': 0.009887142714839486}. Best is trial 0 with value: 0.14923276007175446.
[I 2023-12-27 10:58:48,746] Trial 43 finished with value: 3.62148118019104 and parameters: {'gradient_clip_val': 0.12286106339322607, 'hidden_size': 123, 'dropout': 0.24844145972465195, 'hidden_continuous_size': 80, 'attention_head_size': 4, 'learning_rate': 0.023197982503337874}. Best is trial 0 with value: 0.14923276007175446.
[I 2023-12-27 10:58:49,455] Trial 44 finished with value: 3.273076057434082 and parameters: {'gradient_clip_val': 0.23419407442923376, 'hidden_size': 98, 'dropout': 0.21996546203648237, 'hidden_continuous_size': 36, 'attention_head_size': 4, 'learning_rate': 0.013679855004844857}. Best is trial 0 with value: 0.14923276007175446.
[I 2023-12-27 10:58:49,909] Trial 45 finished with value: 3.692093849182129 and parameters: {'gradient_clip_val': 0.1829764776833913, 'hidden_size': 74, 'dropout': 0.18283812734831006, 'hidden_continuous_size': 15, 'attention_head_size': 3, 'learning_rate': 0.007075449575673055}. Best is trial 0 with value: 0.14923276007175446.
[I 2023-12-27 10:58:50,320] Trial 46 finished with value: 2.3728017807006836 and parameters: {'gradient_clip_val': 0.15156986126257224, 'hidden_size': 44, 'dropout': 0.242973004769768, 'hidden_continuous_size': 18, 'attention_head_size': 4, 'learning_rate': 0.016706459831635507}. Best is trial 0 with value: 0.14923276007175446.
[I 2023-12-27 10:58:50,731] Trial 47 finished with value: 2.8895463943481445 and parameters: {'gradient_clip_val': 0.14604606744382384, 'hidden_size': 44, 'dropout': 0.2852102646253453, 'hidden_continuous_size': 22, 'attention_head_size': 2, 'learning_rate': 0.016090400880497648}. Best is trial 0 with value: 0.14923276007175446.
[I 2023-12-27 10:58:51,138] Trial 48 finished with value: 5.2554450035095215 and parameters: {'gradient_clip_val': 0.6292805310372069, 'hidden_size': 45, 'dropout': 0.2431562520510763, 'hidden_continuous_size': 16, 'attention_head_size': 3, 'learning_rate': 0.026667833700375235}. Best is trial 0 with value: 0.14923276007175446.
[I 2023-12-27 10:58:51,564] Trial 49 finished with value: 2.759995698928833 and parameters: {'gradient_clip_val': 0.5445639424205156, 'hidden_size': 57, 'dropout': 0.27569439550997876, 'hidden_continuous_size': 30, 'attention_head_size': 1, 'learning_rate': 0.0196694664956917}. Best is trial 0 with value: 0.14923276007175446.
[I 2023-12-27 10:58:51,674] A new study created in memory with name: no-name-c185503e-132a-44e9-b7f0-7d6108dcf5fc
/home/le004/conda/anaconda3/envs/tsff_env/lib/python3.9/site-packages/lightning/fabric/plugins/environments/slurm.py:191: The `srun` command is available on your system but is not used. HINT: If your intention is to run Lightning on SLURM, prepend your python command with `srun` like so: srun python /home/le004/master_thesis/git/TSFusionForecast/code/ ...
[I 2023-12-27 10:59:39,505] Trial 0 finished with value: 0.03954365476965904 and parameters: {'gradient_clip_val': 0.12608678302160825, 'hidden_size': 94, 'dropout': 0.17864378306535122, 'hidden_continuous_size': 18, 'attention_head_size': 2, 'learning_rate': 0.08876334211099136}. Best is trial 0 with value: 0.03954365476965904.
[I 2023-12-27 10:59:52,296] Trial 1 finished with value: 0.16327837109565735 and parameters: {'gradient_clip_val': 0.20261869001359825, 'hidden_size': 56, 'dropout': 0.3537236008250607, 'hidden_continuous_size': 10, 'attention_head_size': 1, 'learning_rate': 0.02766937897043242}. Best is trial 0 with value: 0.03954365476965904.
[I 2023-12-27 10:59:52,611] Trial 2 finished with value: 3.246173143386841 and parameters: {'gradient_clip_val': 0.46974643590731735, 'hidden_size': 5, 'dropout': 0.20989205086251037, 'hidden_continuous_size': 5, 'attention_head_size': 1, 'learning_rate': 0.0010441039368307985}. Best is trial 0 with value: 0.03954365476965904.
[I 2023-12-27 10:59:53,208] Trial 3 finished with value: 3.6532952785491943 and parameters: {'gradient_clip_val': 0.5455066575669484, 'hidden_size': 10, 'dropout': 0.18491152214141948, 'hidden_continuous_size': 7, 'attention_head_size': 4, 'learning_rate': 0.001454600710557371}. Best is trial 0 with value: 0.03954365476965904.
[I 2023-12-27 10:59:53,586] Trial 4 finished with value: 4.498403072357178 and parameters: {'gradient_clip_val': 0.15467482173019614, 'hidden_size': 33, 'dropout': 0.382045687296262, 'hidden_continuous_size': 8, 'attention_head_size': 1, 'learning_rate': 0.0005320904080648954}. Best is trial 0 with value: 0.03954365476965904.
[I 2023-12-27 10:59:54,019] Trial 5 finished with value: 3.2317397594451904 and parameters: {'gradient_clip_val': 0.15393785871202426, 'hidden_size': 67, 'dropout': 0.49133840013314256, 'hidden_continuous_size': 8, 'attention_head_size': 4, 'learning_rate': 0.05452794764398295}. Best is trial 0 with value: 0.03954365476965904.
[I 2023-12-27 10:59:54,500] Trial 6 finished with value: 3.2606890201568604 and parameters: {'gradient_clip_val': 0.10829872294060373, 'hidden_size': 87, 'dropout': 0.13355346773559226, 'hidden_continuous_size': 27, 'attention_head_size': 2, 'learning_rate': 0.004716720337257359}. Best is trial 0 with value: 0.03954365476965904.
[I 2023-12-27 10:59:54,909] Trial 7 finished with value: 4.491436958312988 and parameters: {'gradient_clip_val': 0.6030209164802818, 'hidden_size': 52, 'dropout': 0.19004761758298222, 'hidden_continuous_size': 7, 'attention_head_size': 4, 'learning_rate': 0.00953083682722819}. Best is trial 0 with value: 0.03954365476965904.
[I 2023-12-27 10:59:55,323] Trial 8 finished with value: 4.329308986663818 and parameters: {'gradient_clip_val': 0.27856723594970045, 'hidden_size': 41, 'dropout': 0.2306198111658529, 'hidden_continuous_size': 22, 'attention_head_size': 2, 'learning_rate': 0.08922923908852441}. Best is trial 0 with value: 0.03954365476965904.
[I 2023-12-27 10:59:55,921] Trial 9 finished with value: 4.733053684234619 and parameters: {'gradient_clip_val': 0.4249525402142571, 'hidden_size': 133, 'dropout': 0.35979924321144885, 'hidden_continuous_size': 90, 'attention_head_size': 4, 'learning_rate': 0.0022227805906136684}. Best is trial 0 with value: 0.03954365476965904.
[I 2023-12-27 10:59:56,539] Trial 10 finished with value: 3.8342392444610596 and parameters: {'gradient_clip_val': 0.8607620117024594, 'hidden_size': 148, 'dropout': 0.10121178504887118, 'hidden_continuous_size': 23, 'attention_head_size': 3, 'learning_rate': 0.023323581407943793}. Best is trial 0 with value: 0.03954365476965904.
[I 2023-12-27 10:59:56,926] Trial 11 finished with value: 3.9470913410186768 and parameters: {'gradient_clip_val': 0.23883882565520861, 'hidden_size': 24, 'dropout': 0.29411979670216126, 'hidden_continuous_size': 12, 'attention_head_size': 1, 'learning_rate': 0.035122573696458846}. Best is trial 0 with value: 0.03954365476965904.
[I 2023-12-27 10:59:57,388] Trial 12 finished with value: 2.6797211170196533 and parameters: {'gradient_clip_val': 0.19474969235940753, 'hidden_size': 78, 'dropout': 0.2782544923463961, 'hidden_continuous_size': 14, 'attention_head_size': 2, 'learning_rate': 0.08844136132160677}. Best is trial 0 with value: 0.03954365476965904.
[I 2023-12-27 10:59:57,788] Trial 13 finished with value: 4.470979690551758 and parameters: {'gradient_clip_val': 0.11238697564374675, 'hidden_size': 25, 'dropout': 0.3521423341476859, 'hidden_continuous_size': 11, 'attention_head_size': 3, 'learning_rate': 0.018319200079229037}. Best is trial 0 with value: 0.03954365476965904.
[I 2023-12-27 10:59:58,290] Trial 14 finished with value: 3.790598154067993 and parameters: {'gradient_clip_val': 0.3394643485764405, 'hidden_size': 98, 'dropout': 0.26088407373491057, 'hidden_continuous_size': 15, 'attention_head_size': 1, 'learning_rate': 0.04173614938924134}. Best is trial 0 with value: 0.03954365476965904.
[I 2023-12-27 10:59:58,719] Trial 15 finished with value: 3.9790375232696533 and parameters: {'gradient_clip_val': 0.20654141891453123, 'hidden_size': 50, 'dropout': 0.14523209649455404, 'hidden_continuous_size': 18, 'attention_head_size': 2, 'learning_rate': 0.015670559017478283}. Best is trial 0 with value: 0.03954365476965904.
[I 2023-12-27 10:59:59,463] Trial 16 finished with value: 3.7980308532714844 and parameters: {'gradient_clip_val': 0.1490066426014742, 'hidden_size': 104, 'dropout': 0.30503468360821506, 'hidden_continuous_size': 34, 'attention_head_size': 3, 'learning_rate': 0.094610499905401}. Best is trial 0 with value: 0.03954365476965904.
[I 2023-12-27 10:59:59,894] Trial 17 finished with value: 3.251927614212036 and parameters: {'gradient_clip_val': 0.29398557122095603, 'hidden_size': 64, 'dropout': 0.40723510886621017, 'hidden_continuous_size': 11, 'attention_head_size': 1, 'learning_rate': 0.031597627040453}. Best is trial 0 with value: 0.03954365476965904.
[I 2023-12-27 11:00:00,304] Trial 18 finished with value: 3.4472362995147705 and parameters: {'gradient_clip_val': 0.10062103892755285, 'hidden_size': 37, 'dropout': 0.2408625129417107, 'hidden_continuous_size': 10, 'attention_head_size': 2, 'learning_rate': 0.05197217509111713}. Best is trial 0 with value: 0.03954365476965904.
[I 2023-12-27 11:00:00,910] Trial 19 finished with value: 3.3240203857421875 and parameters: {'gradient_clip_val': 0.18137459844026443, 'hidden_size': 150, 'dropout': 0.3108893475334235, 'hidden_continuous_size': 34, 'attention_head_size': 1, 'learning_rate': 0.011076019432710216}. Best is trial 0 with value: 0.03954365476965904.
[I 2023-12-27 11:00:01,351] Trial 20 finished with value: 4.0354437828063965 and parameters: {'gradient_clip_val': 0.128354383238481, 'hidden_size': 61, 'dropout': 0.21980532496814453, 'hidden_continuous_size': 5, 'attention_head_size': 2, 'learning_rate': 0.02154194397531258}. Best is trial 0 with value: 0.03954365476965904.
[I 2023-12-27 11:00:01,838] Trial 21 finished with value: 3.3252861499786377 and parameters: {'gradient_clip_val': 0.20110649795716143, 'hidden_size': 95, 'dropout': 0.2569858793495753, 'hidden_continuous_size': 15, 'attention_head_size': 2, 'learning_rate': 0.07232781940626155}. Best is trial 0 with value: 0.03954365476965904.
