[I 2023-12-27 11:02:50,756] Trial 19 finished with value: 23.43077278137207 and parameters: {'gradient_clip_val': 0.4782742949340223, 'hidden_size': 56, 'dropout': 0.19826034896077638, 'hidden_continuous_size': 13, 'attention_head_size': 2, 'learning_rate': 0.06004602612163686}. Best is trial 0 with value: 4.979579448699951.
LOCAL_RANK: 0 - CUDA_VISIBLE_DEVICES: [0]
[I 2023-12-27 11:02:51,193] Trial 20 finished with value: 16.99300193786621 and parameters: {'gradient_clip_val': 0.24956542219255903, 'hidden_size': 12, 'dropout': 0.26519606168679893, 'hidden_continuous_size': 6, 'attention_head_size': 3, 'learning_rate': 0.03114178808150562}. Best is trial 0 with value: 4.979579448699951.
LOCAL_RANK: 0 - CUDA_VISIBLE_DEVICES: [0]
[I 2023-12-27 11:02:51,620] Trial 21 finished with value: 27.69101905822754 and parameters: {'gradient_clip_val': 0.2504173699823253, 'hidden_size': 9, 'dropout': 0.27835718952642585, 'hidden_continuous_size': 5, 'attention_head_size': 3, 'learning_rate': 0.032909924791063305}. Best is trial 0 with value: 4.979579448699951.
LOCAL_RANK: 0 - CUDA_VISIBLE_DEVICES: [0]
[I 2023-12-27 11:02:52,058] Trial 22 finished with value: 26.652109146118164 and parameters: {'gradient_clip_val': 0.20243619827330958, 'hidden_size': 13, 'dropout': 0.2526499550267575, 'hidden_continuous_size': 6, 'attention_head_size': 3, 'learning_rate': 0.06497123893593947}. Best is trial 0 with value: 4.979579448699951.
LOCAL_RANK: 0 - CUDA_VISIBLE_DEVICES: [0]
[I 2023-12-27 11:02:52,494] Trial 23 finished with value: 26.846487045288086 and parameters: {'gradient_clip_val': 0.3169271028063648, 'hidden_size': 7, 'dropout': 0.21289793832437065, 'hidden_continuous_size': 5, 'attention_head_size': 3, 'learning_rate': 0.05579383292682375}. Best is trial 0 with value: 4.979579448699951.
LOCAL_RANK: 0 - CUDA_VISIBLE_DEVICES: [0]
[I 2023-12-27 11:02:52,924] Trial 24 finished with value: 20.831178665161133 and parameters: {'gradient_clip_val': 0.25434941971339714, 'hidden_size': 7, 'dropout': 0.3145063423031851, 'hidden_continuous_size': 5, 'attention_head_size': 2, 'learning_rate': 0.024407720114991177}. Best is trial 0 with value: 4.979579448699951.
LOCAL_RANK: 0 - CUDA_VISIBLE_DEVICES: [0]
[I 2023-12-27 11:02:53,355] Trial 25 finished with value: 30.530900955200195 and parameters: {'gradient_clip_val': 0.1896271352230841, 'hidden_size': 16, 'dropout': 0.24955807482867523, 'hidden_continuous_size': 6, 'attention_head_size': 3, 'learning_rate': 0.06374522112466446}. Best is trial 0 with value: 4.979579448699951.
LOCAL_RANK: 0 - CUDA_VISIBLE_DEVICES: [0]
[I 2023-12-27 11:02:53,810] Trial 26 finished with value: 23.891321182250977 and parameters: {'gradient_clip_val': 0.34386139738863497, 'hidden_size': 24, 'dropout': 0.3006221805674806, 'hidden_continuous_size': 7, 'attention_head_size': 2, 'learning_rate': 0.03683160947197823}. Best is trial 0 with value: 4.979579448699951.
LOCAL_RANK: 0 - CUDA_VISIBLE_DEVICES: [0]
[I 2023-12-27 11:02:54,277] Trial 27 finished with value: 20.553720474243164 and parameters: {'gradient_clip_val': 0.44978797991355957, 'hidden_size': 11, 'dropout': 0.3416269141826059, 'hidden_continuous_size': 6, 'attention_head_size': 1, 'learning_rate': 0.022310205686251878}. Best is trial 0 with value: 4.979579448699951.
LOCAL_RANK: 0 - CUDA_VISIBLE_DEVICES: [0]
[I 2023-12-27 11:02:54,754] Trial 28 finished with value: 32.456058502197266 and parameters: {'gradient_clip_val': 0.40089533548204015, 'hidden_size': 19, 'dropout': 0.2809785054961384, 'hidden_continuous_size': 7, 'attention_head_size': 4, 'learning_rate': 0.04020339723349398}. Best is trial 0 with value: 4.979579448699951.
LOCAL_RANK: 0 - CUDA_VISIBLE_DEVICES: [0]
[I 2023-12-27 11:02:55,188] Trial 29 finished with value: 31.783205032348633 and parameters: {'gradient_clip_val': 0.8170304840815296, 'hidden_size': 36, 'dropout': 0.23177800323426948, 'hidden_continuous_size': 8, 'attention_head_size': 1, 'learning_rate': 0.06369064047901982}. Best is trial 0 with value: 4.979579448699951.
LOCAL_RANK: 0 - CUDA_VISIBLE_DEVICES: [0]
[I 2023-12-27 11:02:55,868] Trial 30 finished with value: 22.8389949798584 and parameters: {'gradient_clip_val': 0.32439288906603636, 'hidden_size': 6, 'dropout': 0.26277263533795997, 'hidden_continuous_size': 5, 'attention_head_size': 2, 'learning_rate': 0.09313949558483468}. Best is trial 0 with value: 4.979579448699951.
LOCAL_RANK: 0 - CUDA_VISIBLE_DEVICES: [0]
[I 2023-12-27 11:02:56,304] Trial 31 finished with value: 22.334243774414062 and parameters: {'gradient_clip_val': 0.3647410882086711, 'hidden_size': 28, 'dropout': 0.4064413037238836, 'hidden_continuous_size': 7, 'attention_head_size': 1, 'learning_rate': 0.029146970343374465}. Best is trial 0 with value: 4.979579448699951.
LOCAL_RANK: 0 - CUDA_VISIBLE_DEVICES: [0]
[I 2023-12-27 11:02:56,879] Trial 32 finished with value: 21.691162109375 and parameters: {'gradient_clip_val': 0.5724190485791174, 'hidden_size': 15, 'dropout': 0.37279097326005495, 'hidden_continuous_size': 6, 'attention_head_size': 1, 'learning_rate': 0.02280860458306641}. Best is trial 0 with value: 4.979579448699951.
LOCAL_RANK: 0 - CUDA_VISIBLE_DEVICES: [0]
[I 2023-12-27 11:02:57,421] Trial 33 finished with value: 28.841466903686523 and parameters: {'gradient_clip_val': 0.2602578482147898, 'hidden_size': 30, 'dropout': 0.4570805056710031, 'hidden_continuous_size': 8, 'attention_head_size': 1, 'learning_rate': 0.04630650750073866}. Best is trial 0 with value: 4.979579448699951.
LOCAL_RANK: 0 - CUDA_VISIBLE_DEVICES: [0]
[I 2023-12-27 11:02:57,937] Trial 34 finished with value: 23.503591537475586 and parameters: {'gradient_clip_val': 0.6620458183303107, 'hidden_size': 21, 'dropout': 0.3936302379450199, 'hidden_continuous_size': 7, 'attention_head_size': 1, 'learning_rate': 0.03231982053277183}. Best is trial 0 with value: 4.979579448699951.
LOCAL_RANK: 0 - CUDA_VISIBLE_DEVICES: [0]
[I 2023-12-27 11:02:58,452] Trial 35 finished with value: 25.79978370666504 and parameters: {'gradient_clip_val': 0.35792769199536945, 'hidden_size': 26, 'dropout': 0.3430771923440848, 'hidden_continuous_size': 11, 'attention_head_size': 1, 'learning_rate': 0.07166126346956023}. Best is trial 0 with value: 4.979579448699951.
LOCAL_RANK: 0 - CUDA_VISIBLE_DEVICES: [0]
[I 2023-12-27 11:02:58,957] Trial 36 finished with value: 26.678518295288086 and parameters: {'gradient_clip_val': 0.2298625069849095, 'hidden_size': 11, 'dropout': 0.4408751594695753, 'hidden_continuous_size': 6, 'attention_head_size': 2, 'learning_rate': 0.05137183897452748}. Best is trial 0 with value: 4.979579448699951.
LOCAL_RANK: 0 - CUDA_VISIBLE_DEVICES: [0]
[I 2023-12-27 11:02:59,485] Trial 37 finished with value: 20.11971092224121 and parameters: {'gradient_clip_val': 0.26976687840241304, 'hidden_size': 17, 'dropout': 0.31183298531229875, 'hidden_continuous_size': 7, 'attention_head_size': 1, 'learning_rate': 0.0868669809351614}. Best is trial 0 with value: 4.979579448699951.
LOCAL_RANK: 0 - CUDA_VISIBLE_DEVICES: [0]
[I 2023-12-27 11:03:00,026] Trial 38 finished with value: 25.90151023864746 and parameters: {'gradient_clip_val': 0.16695112302494375, 'hidden_size': 37, 'dropout': 0.2904470386495245, 'hidden_continuous_size': 9, 'attention_head_size': 2, 'learning_rate': 0.02057723204623735}. Best is trial 0 with value: 4.979579448699951.
LOCAL_RANK: 0 - CUDA_VISIBLE_DEVICES: [0]
[I 2023-12-27 11:03:00,567] Trial 39 finished with value: 23.356048583984375 and parameters: {'gradient_clip_val': 0.2904573053762384, 'hidden_size': 76, 'dropout': 0.22117531979406216, 'hidden_continuous_size': 20, 'attention_head_size': 4, 'learning_rate': 0.09893570098412413}. Best is trial 0 with value: 4.979579448699951.
LOCAL_RANK: 0 - CUDA_VISIBLE_DEVICES: [0]
[I 2023-12-27 11:03:01,117] Trial 40 finished with value: 30.83782958984375 and parameters: {'gradient_clip_val': 0.21438611461823417, 'hidden_size': 99, 'dropout': 0.3859536526483217, 'hidden_continuous_size': 12, 'attention_head_size': 3, 'learning_rate': 0.011701897753595907}. Best is trial 0 with value: 4.979579448699951.
LOCAL_RANK: 0 - CUDA_VISIBLE_DEVICES: [0]
[I 2023-12-27 11:03:01,618] Trial 41 finished with value: 20.116954803466797 and parameters: {'gradient_clip_val': 0.17627216610531596, 'hidden_size': 17, 'dropout': 0.29677511348016483, 'hidden_continuous_size': 7, 'attention_head_size': 1, 'learning_rate': 0.08274753830611249}. Best is trial 0 with value: 4.979579448699951.
LOCAL_RANK: 0 - CUDA_VISIBLE_DEVICES: [0]
[I 2023-12-27 11:03:02,115] Trial 42 finished with value: 26.160253524780273 and parameters: {'gradient_clip_val': 0.18982576002714865, 'hidden_size': 22, 'dropout': 0.29677234765016497, 'hidden_continuous_size': 8, 'attention_head_size': 1, 'learning_rate': 0.07361687046730492}. Best is trial 0 with value: 4.979579448699951.
LOCAL_RANK: 0 - CUDA_VISIBLE_DEVICES: [0]
[I 2023-12-27 11:03:02,836] Trial 43 finished with value: 21.89298439025879 and parameters: {'gradient_clip_val': 0.13160841495652115, 'hidden_size': 26, 'dropout': 0.3404640060142291, 'hidden_continuous_size': 7, 'attention_head_size': 1, 'learning_rate': 0.05064651330634479}. Best is trial 0 with value: 4.979579448699951.
LOCAL_RANK: 0 - CUDA_VISIBLE_DEVICES: [0]
[I 2023-12-27 11:03:03,364] Trial 44 finished with value: 21.122365951538086 and parameters: {'gradient_clip_val': 0.1650622761927083, 'hidden_size': 18, 'dropout': 0.27163915572887976, 'hidden_continuous_size': 8, 'attention_head_size': 1, 'learning_rate': 0.036193546330898066}. Best is trial 0 with value: 4.979579448699951.
LOCAL_RANK: 0 - CUDA_VISIBLE_DEVICES: [0]
[I 2023-12-27 11:03:03,856] Trial 45 finished with value: 23.510690689086914 and parameters: {'gradient_clip_val': 0.23598129363697187, 'hidden_size': 14, 'dropout': 0.2389200277521044, 'hidden_continuous_size': 7, 'attention_head_size': 1, 'learning_rate': 0.04801233101053367}. Best is trial 0 with value: 4.979579448699951.
LOCAL_RANK: 0 - CUDA_VISIBLE_DEVICES: [0]
[I 2023-12-27 11:03:04,349] Trial 46 finished with value: 26.060333251953125 and parameters: {'gradient_clip_val': 0.2926435992867536, 'hidden_size': 12, 'dropout': 0.3028942117053709, 'hidden_continuous_size': 6, 'attention_head_size': 2, 'learning_rate': 0.07126277384345629}. Best is trial 0 with value: 4.979579448699951.
LOCAL_RANK: 0 - CUDA_VISIBLE_DEVICES: [0]
[I 2023-12-27 11:03:04,846] Trial 47 finished with value: 23.315086364746094 and parameters: {'gradient_clip_val': 0.21274635477846554, 'hidden_size': 15, 'dropout': 0.36116485641916773, 'hidden_continuous_size': 9, 'attention_head_size': 1, 'learning_rate': 0.028193715295254152}. Best is trial 0 with value: 4.979579448699951.
LOCAL_RANK: 0 - CUDA_VISIBLE_DEVICES: [0]
[I 2023-12-27 11:03:05,385] Trial 48 finished with value: 29.624717712402344 and parameters: {'gradient_clip_val': 0.11788193882259122, 'hidden_size': 32, 'dropout': 0.2670022449800648, 'hidden_continuous_size': 5, 'attention_head_size': 3, 'learning_rate': 0.08097352321268608}. Best is trial 0 with value: 4.979579448699951.
LOCAL_RANK: 0 - CUDA_VISIBLE_DEVICES: [0]
[I 2023-12-27 11:03:05,839] Trial 49 finished with value: 31.560401916503906 and parameters: {'gradient_clip_val': 0.14442456162227818, 'hidden_size': 5, 'dropout': 0.32589613237568593, 'hidden_continuous_size': 5, 'attention_head_size': 2, 'learning_rate': 0.04049316474134805}. Best is trial 0 with value: 4.979579448699951.
[I 2023-12-27 11:03:05,974] A new study created in memory with name: no-name-523637ca-4d34-4afb-a459-85f51bd36a05
/home/le004/conda/anaconda3/envs/tsff_env/lib/python3.9/site-packages/lightning/fabric/plugins/environments/slurm.py:191: The `srun` command is available on your system but is not used. HINT: If your intention is to run Lightning on SLURM, prepend your python command with `srun` like so: srun python /home/le004/master_thesis/git/TSFusionForecast/code/ ...
LOCAL_RANK: 0 - CUDA_VISIBLE_DEVICES: [0]
[I 2023-12-27 11:03:34,074] Trial 0 finished with value: 6.798677921295166 and parameters: {'gradient_clip_val': 0.1526893608223374, 'hidden_size': 15, 'dropout': 0.45233033278085466, 'hidden_continuous_size': 11, 'attention_head_size': 1, 'learning_rate': 0.0006704948022466674}. Best is trial 0 with value: 6.798677921295166.
LOCAL_RANK: 0 - CUDA_VISIBLE_DEVICES: [0]
[I 2023-12-27 11:03:44,311] Trial 1 finished with value: 10.845210075378418 and parameters: {'gradient_clip_val': 0.19620757196491714, 'hidden_size': 36, 'dropout': 0.33133814613728896, 'hidden_continuous_size': 8, 'attention_head_size': 4, 'learning_rate': 0.002052007516525858}. Best is trial 0 with value: 6.798677921295166.
LOCAL_RANK: 0 - CUDA_VISIBLE_DEVICES: [0]
[I 2023-12-27 11:03:45,101] Trial 2 finished with value: 11.634617805480957 and parameters: {'gradient_clip_val': 0.19276312052890127, 'hidden_size': 100, 'dropout': 0.3219534659763691, 'hidden_continuous_size': 63, 'attention_head_size': 2, 'learning_rate': 0.07239231302764464}. Best is trial 0 with value: 6.798677921295166.
LOCAL_RANK: 0 - CUDA_VISIBLE_DEVICES: [0]
[I 2023-12-27 11:03:45,636] Trial 3 finished with value: 9.908836364746094 and parameters: {'gradient_clip_val': 0.11302060088672039, 'hidden_size': 103, 'dropout': 0.4860723415339261, 'hidden_continuous_size': 56, 'attention_head_size': 4, 'learning_rate': 0.0015732430036291196}. Best is trial 0 with value: 6.798677921295166.
LOCAL_RANK: 0 - CUDA_VISIBLE_DEVICES: [0]
[I 2023-12-27 11:03:46,155] Trial 4 finished with value: 10.735595703125 and parameters: {'gradient_clip_val': 0.574428815433565, 'hidden_size': 45, 'dropout': 0.3295386829313024, 'hidden_continuous_size': 32, 'attention_head_size': 2, 'learning_rate': 0.018306135148748168}. Best is trial 0 with value: 6.798677921295166.
LOCAL_RANK: 0 - CUDA_VISIBLE_DEVICES: [0]
[I 2023-12-27 11:03:46,587] Trial 5 finished with value: 9.9945707321167 and parameters: {'gradient_clip_val': 0.12294488649329323, 'hidden_size': 10, 'dropout': 0.14345072528573294, 'hidden_continuous_size': 7, 'attention_head_size': 3, 'learning_rate': 0.025912851335893633}. Best is trial 0 with value: 6.798677921295166.
LOCAL_RANK: 0 - CUDA_VISIBLE_DEVICES: [0]
[I 2023-12-27 11:03:47,038] Trial 6 finished with value: 9.655077934265137 and parameters: {'gradient_clip_val': 0.3437646529446541, 'hidden_size': 62, 'dropout': 0.41839718639165135, 'hidden_continuous_size': 47, 'attention_head_size': 1, 'learning_rate': 0.0037161801423898524}. Best is trial 0 with value: 6.798677921295166.
LOCAL_RANK: 0 - CUDA_VISIBLE_DEVICES: [0]
[I 2023-12-27 11:03:47,486] Trial 7 finished with value: 11.33580493927002 and parameters: {'gradient_clip_val': 0.1491046571506947, 'hidden_size': 77, 'dropout': 0.10223495114843094, 'hidden_continuous_size': 34, 'attention_head_size': 1, 'learning_rate': 0.009332275051823092}. Best is trial 0 with value: 6.798677921295166.
LOCAL_RANK: 0 - CUDA_VISIBLE_DEVICES: [0]
[I 2023-12-27 11:03:47,892] Trial 8 finished with value: 7.387954235076904 and parameters: {'gradient_clip_val': 0.7321821623847193, 'hidden_size': 16, 'dropout': 0.17677901548177186, 'hidden_continuous_size': 8, 'attention_head_size': 2, 'learning_rate': 0.0016459612406784447}. Best is trial 0 with value: 6.798677921295166.
LOCAL_RANK: 0 - CUDA_VISIBLE_DEVICES: [0]
[I 2023-12-27 11:03:48,305] Trial 9 finished with value: 13.554217338562012 and parameters: {'gradient_clip_val': 0.17076532137964248, 'hidden_size': 28, 'dropout': 0.4283723486744401, 'hidden_continuous_size': 8, 'attention_head_size': 3, 'learning_rate': 0.013367341956983574}. Best is trial 0 with value: 6.798677921295166.
LOCAL_RANK: 0 - CUDA_VISIBLE_DEVICES: [0]
[I 2023-12-27 11:03:48,695] Trial 10 finished with value: 11.557827949523926 and parameters: {'gradient_clip_val': 0.2792906667163047, 'hidden_size': 5, 'dropout': 0.49247831449229745, 'hidden_continuous_size': 5, 'attention_head_size': 1, 'learning_rate': 0.0005316964990843305}. Best is trial 0 with value: 6.798677921295166.
LOCAL_RANK: 0 - CUDA_VISIBLE_DEVICES: [0]
[I 2023-12-27 11:03:49,126] Trial 11 finished with value: 11.403984069824219 and parameters: {'gradient_clip_val': 0.7747124447183865, 'hidden_size': 14, 'dropout': 0.21369210790615284, 'hidden_continuous_size': 10, 'attention_head_size': 2, 'learning_rate': 0.0005942145615941517}. Best is trial 0 with value: 6.798677921295166.
LOCAL_RANK: 0 - CUDA_VISIBLE_DEVICES: [0]
[I 2023-12-27 11:03:49,553] Trial 12 finished with value: 9.503339767456055 and parameters: {'gradient_clip_val': 0.9850941337924869, 'hidden_size': 17, 'dropout': 0.22566517168860217, 'hidden_continuous_size': 11, 'attention_head_size': 1, 'learning_rate': 0.0014765705911315495}. Best is trial 0 with value: 6.798677921295166.
LOCAL_RANK: 0 - CUDA_VISIBLE_DEVICES: [0]
[I 2023-12-27 11:03:49,990] Trial 13 finished with value: 8.931449890136719 and parameters: {'gradient_clip_val': 0.4240827405868363, 'hidden_size': 21, 'dropout': 0.24878393662923953, 'hidden_continuous_size': 12, 'attention_head_size': 2, 'learning_rate': 0.0010116043991877093}. Best is trial 0 with value: 6.798677921295166.
LOCAL_RANK: 0 - CUDA_VISIBLE_DEVICES: [0]
[I 2023-12-27 11:03:50,422] Trial 14 finished with value: 14.504825592041016 and parameters: {'gradient_clip_val': 0.5417138094230508, 'hidden_size': 12, 'dropout': 0.17049869736315626, 'hidden_continuous_size': 9, 'attention_head_size': 3, 'learning_rate': 0.0039711275974163626}. Best is trial 0 with value: 6.798677921295166.
LOCAL_RANK: 0 - CUDA_VISIBLE_DEVICES: [0]
[I 2023-12-27 11:03:50,856] Trial 15 finished with value: 14.055689811706543 and parameters: {'gradient_clip_val': 0.2511293074291124, 'hidden_size': 26, 'dropout': 0.2767134552338183, 'hidden_continuous_size': 13, 'attention_head_size': 1, 'learning_rate': 0.0009194626452166396}. Best is trial 0 with value: 6.798677921295166.
LOCAL_RANK: 0 - CUDA_VISIBLE_DEVICES: [0]
[I 2023-12-27 11:03:51,591] Trial 16 finished with value: 9.165268898010254 and parameters: {'gradient_clip_val': 0.24232264886513502, 'hidden_size': 9, 'dropout': 0.363760605638624, 'hidden_continuous_size': 6, 'attention_head_size': 2, 'learning_rate': 0.0005006664288741794}. Best is trial 0 with value: 6.798677921295166.
LOCAL_RANK: 0 - CUDA_VISIBLE_DEVICES: [0]
[I 2023-12-27 11:03:52,028] Trial 17 finished with value: 10.602248191833496 and parameters: {'gradient_clip_val': 0.10169416098171825, 'hidden_size': 17, 'dropout': 0.29260184426828934, 'hidden_continuous_size': 10, 'attention_head_size': 1, 'learning_rate': 0.0028942863475322233}. Best is trial 0 with value: 6.798677921295166.
LOCAL_RANK: 0 - CUDA_VISIBLE_DEVICES: [0]
[I 2023-12-27 11:03:52,450] Trial 18 finished with value: 10.93280029296875 and parameters: {'gradient_clip_val': 0.39022855485591784, 'hidden_size': 7, 'dropout': 0.1877582547858644, 'hidden_continuous_size': 5, 'attention_head_size': 2, 'learning_rate': 0.005440758318358174}. Best is trial 0 with value: 6.798677921295166.
LOCAL_RANK: 0 - CUDA_VISIBLE_DEVICES: [0]
[I 2023-12-27 11:03:52,886] Trial 19 finished with value: 11.49543285369873 and parameters: {'gradient_clip_val': 0.29873671222709636, 'hidden_size': 14, 'dropout': 0.26652594007425334, 'hidden_continuous_size': 7, 'attention_head_size': 3, 'learning_rate': 0.002301706161297856}. Best is trial 0 with value: 6.798677921295166.
LOCAL_RANK: 0 - CUDA_VISIBLE_DEVICES: [0]
[I 2023-12-27 11:03:53,323] Trial 20 finished with value: 9.307868957519531 and parameters: {'gradient_clip_val': 0.21616468842035252, 'hidden_size': 22, 'dropout': 0.3788292097716647, 'hidden_continuous_size': 14, 'attention_head_size': 1, 'learning_rate': 0.0010930315101811599}. Best is trial 0 with value: 6.798677921295166.
LOCAL_RANK: 0 - CUDA_VISIBLE_DEVICES: [0]
[I 2023-12-27 11:03:53,766] Trial 21 finished with value: 11.13552474975586 and parameters: {'gradient_clip_val': 0.42154552933864126, 'hidden_size': 21, 'dropout': 0.26024260953074463, 'hidden_continuous_size': 12, 'attention_head_size': 2, 'learning_rate': 0.0010339960993753228}. Best is trial 0 with value: 6.798677921295166.
LOCAL_RANK: 0 - CUDA_VISIBLE_DEVICES: [0]
[I 2023-12-27 11:03:54,230] Trial 22 finished with value: 10.18201732635498 and parameters: {'gradient_clip_val': 0.5425952445298914, 'hidden_size': 20, 'dropout': 0.24100828565790805, 'hidden_continuous_size': 11, 'attention_head_size': 2, 'learning_rate': 0.0008846140158881339}. Best is trial 0 with value: 6.798677921295166.
LOCAL_RANK: 0 - CUDA_VISIBLE_DEVICES: [0]
[I 2023-12-27 11:03:54,678] Trial 23 finished with value: 15.530549049377441 and parameters: {'gradient_clip_val': 0.3476997118718328, 'hidden_size': 32, 'dropout': 0.20698369640873954, 'hidden_continuous_size': 15, 'attention_head_size': 2, 'learning_rate': 0.0016454408533829884}. Best is trial 0 with value: 6.798677921295166.
LOCAL_RANK: 0 - CUDA_VISIBLE_DEVICES: [0]
[I 2023-12-27 11:03:55,126] Trial 24 finished with value: 10.6514253616333 and parameters: {'gradient_clip_val': 0.45155172115791165, 'hidden_size': 12, 'dropout': 0.24576983507108013, 'hidden_continuous_size': 9, 'attention_head_size': 3, 'learning_rate': 0.0007777494124897733}. Best is trial 0 with value: 6.798677921295166.
LOCAL_RANK: 0 - CUDA_VISIBLE_DEVICES: [0]
[I 2023-12-27 11:03:55,573] Trial 25 finished with value: 12.552292823791504 and parameters: {'gradient_clip_val': 0.6883355907111548, 'hidden_size': 17, 'dropout': 0.2957038140518413, 'hidden_continuous_size': 10, 'attention_head_size': 2, 'learning_rate': 0.0013001635948477284}. Best is trial 0 with value: 6.798677921295166.
LOCAL_RANK: 0 - CUDA_VISIBLE_DEVICES: [0]
[I 2023-12-27 11:03:56,028] Trial 26 finished with value: 10.893488883972168 and parameters: {'gradient_clip_val': 0.3134188204501266, 'hidden_size': 36, 'dropout': 0.1683386498439305, 'hidden_continuous_size': 16, 'attention_head_size': 1, 'learning_rate': 0.0007329784114491112}. Best is trial 0 with value: 6.798677921295166.
LOCAL_RANK: 0 - CUDA_VISIBLE_DEVICES: [0]
