[I 2023-12-27 11:02:55,753] Trial 0 finished with value: 2.3201138973236084 and parameters: {'gradient_clip_val': 0.548057247657488, 'hidden_size': 6, 'dropout': 0.3795913537111669, 'hidden_continuous_size': 5, 'attention_head_size': 1, 'learning_rate': 0.002033611290495853}. Best is trial 0 with value: 2.3201138973236084.
[I 2023-12-27 11:03:06,507] Trial 1 finished with value: 3.115398645401001 and parameters: {'gradient_clip_val': 0.16888429182818895, 'hidden_size': 13, 'dropout': 0.39647441271000705, 'hidden_continuous_size': 9, 'attention_head_size': 4, 'learning_rate': 0.0008664553249689315}. Best is trial 0 with value: 2.3201138973236084.
[I 2023-12-27 11:03:07,073] Trial 2 finished with value: 2.6590113639831543 and parameters: {'gradient_clip_val': 0.12500786939858172, 'hidden_size': 6, 'dropout': 0.408361790520399, 'hidden_continuous_size': 5, 'attention_head_size': 3, 'learning_rate': 0.0015825975567617643}. Best is trial 0 with value: 2.3201138973236084.
[I 2023-12-27 11:03:07,433] Trial 3 finished with value: 3.055873155593872 and parameters: {'gradient_clip_val': 0.7256865173584971, 'hidden_size': 6, 'dropout': 0.3942846337364724, 'hidden_continuous_size': 5, 'attention_head_size': 3, 'learning_rate': 0.00069881939824059}. Best is trial 0 with value: 2.3201138973236084.
[I 2023-12-27 11:03:07,956] Trial 4 finished with value: 3.574281692504883 and parameters: {'gradient_clip_val': 0.4915999324217883, 'hidden_size': 124, 'dropout': 0.4071852705345981, 'hidden_continuous_size': 32, 'attention_head_size': 2, 'learning_rate': 0.0008328186982035232}. Best is trial 0 with value: 2.3201138973236084.
[I 2023-12-27 11:03:08,501] Trial 5 finished with value: 3.8474032878875732 and parameters: {'gradient_clip_val': 0.2402843142920058, 'hidden_size': 133, 'dropout': 0.3135636393973902, 'hidden_continuous_size': 25, 'attention_head_size': 4, 'learning_rate': 0.06587706994823746}. Best is trial 0 with value: 2.3201138973236084.
[I 2023-12-27 11:03:08,928] Trial 6 finished with value: 3.1707372665405273 and parameters: {'gradient_clip_val': 0.10856189058631398, 'hidden_size': 70, 'dropout': 0.23646958438925908, 'hidden_continuous_size': 24, 'attention_head_size': 4, 'learning_rate': 0.07172948393311929}. Best is trial 0 with value: 2.3201138973236084.
[I 2023-12-27 11:03:09,268] Trial 7 finished with value: 3.9863688945770264 and parameters: {'gradient_clip_val': 0.31218545181420443, 'hidden_size': 7, 'dropout': 0.4123819722764458, 'hidden_continuous_size': 6, 'attention_head_size': 4, 'learning_rate': 0.07598335430252874}. Best is trial 0 with value: 2.3201138973236084.
[I 2023-12-27 11:03:09,696] Trial 8 finished with value: 3.18637752532959 and parameters: {'gradient_clip_val': 0.6797380094898849, 'hidden_size': 78, 'dropout': 0.1592192153794066, 'hidden_continuous_size': 11, 'attention_head_size': 3, 'learning_rate': 0.019037958121812738}. Best is trial 0 with value: 2.3201138973236084.
[I 2023-12-27 11:03:10,042] Trial 9 finished with value: 4.227258205413818 and parameters: {'gradient_clip_val': 0.17197534892401797, 'hidden_size': 13, 'dropout': 0.4874877836559288, 'hidden_continuous_size': 6, 'attention_head_size': 3, 'learning_rate': 0.00650485243323905}. Best is trial 0 with value: 2.3201138973236084.
[I 2023-12-27 11:03:10,428] Trial 10 finished with value: 3.794499158859253 and parameters: {'gradient_clip_val': 0.4690308465426744, 'hidden_size': 30, 'dropout': 0.291817763291675, 'hidden_continuous_size': 8, 'attention_head_size': 1, 'learning_rate': 0.003064125489222381}. Best is trial 0 with value: 2.3201138973236084.
[I 2023-12-27 11:03:10,754] Trial 11 finished with value: 3.681675910949707 and parameters: {'gradient_clip_val': 0.9120529461696789, 'hidden_size': 5, 'dropout': 0.4654771903164771, 'hidden_continuous_size': 5, 'attention_head_size': 1, 'learning_rate': 0.0022460321700630676}. Best is trial 0 with value: 2.3201138973236084.
[I 2023-12-27 11:03:11,127] Trial 12 finished with value: 3.2171761989593506 and parameters: {'gradient_clip_val': 0.41827632362291584, 'hidden_size': 10, 'dropout': 0.34201541311021094, 'hidden_continuous_size': 5, 'attention_head_size': 2, 'learning_rate': 0.001884419299702514}. Best is trial 0 with value: 2.3201138973236084.
[I 2023-12-27 11:03:11,456] Trial 13 finished with value: 3.2468414306640625 and parameters: {'gradient_clip_val': 0.11729662524921883, 'hidden_size': 5, 'dropout': 0.3518236244075095, 'hidden_continuous_size': 5, 'attention_head_size': 2, 'learning_rate': 0.004816364370060774}. Best is trial 0 with value: 2.3201138973236084.
[I 2023-12-27 11:03:11,823] Trial 14 finished with value: 5.472432613372803 and parameters: {'gradient_clip_val': 0.28836363015552946, 'hidden_size': 19, 'dropout': 0.44809370831813544, 'hidden_continuous_size': 7, 'attention_head_size': 1, 'learning_rate': 0.001623682922506248}. Best is trial 0 with value: 2.3201138973236084.
[I 2023-12-27 11:03:12,399] Trial 15 finished with value: 3.621753692626953 and parameters: {'gradient_clip_val': 0.20291173698927295, 'hidden_size': 8, 'dropout': 0.499180016820011, 'hidden_continuous_size': 5, 'attention_head_size': 2, 'learning_rate': 0.011357157087280934}. Best is trial 0 with value: 2.3201138973236084.
[I 2023-12-27 11:03:12,731] Trial 16 finished with value: 3.2631824016571045 and parameters: {'gradient_clip_val': 0.39413838150281844, 'hidden_size': 5, 'dropout': 0.4460010429263328, 'hidden_continuous_size': 5, 'attention_head_size': 3, 'learning_rate': 0.0012302013692495172}. Best is trial 0 with value: 2.3201138973236084.
[I 2023-12-27 11:03:13,097] Trial 17 finished with value: 3.79164981842041 and parameters: {'gradient_clip_val': 0.13977607487838678, 'hidden_size': 9, 'dropout': 0.3592890164584183, 'hidden_continuous_size': 6, 'attention_head_size': 1, 'learning_rate': 0.0005389029508378522}. Best is trial 0 with value: 2.3201138973236084.
[I 2023-12-27 11:03:13,477] Trial 18 finished with value: 4.838119983673096 and parameters: {'gradient_clip_val': 0.10467100094152398, 'hidden_size': 21, 'dropout': 0.2760312320287944, 'hidden_continuous_size': 7, 'attention_head_size': 2, 'learning_rate': 0.003219178203495657}. Best is trial 0 with value: 2.3201138973236084.
[I 2023-12-27 11:03:13,847] Trial 19 finished with value: 3.432535409927368 and parameters: {'gradient_clip_val': 0.24655122314701922, 'hidden_size': 7, 'dropout': 0.4314245763553971, 'hidden_continuous_size': 5, 'attention_head_size': 3, 'learning_rate': 0.0012480130579208268}. Best is trial 0 with value: 2.3201138973236084.
[I 2023-12-27 11:03:14,213] Trial 20 finished with value: 3.4756252765655518 and parameters: {'gradient_clip_val': 0.13164120426791007, 'hidden_size': 11, 'dropout': 0.39172042746244884, 'hidden_continuous_size': 6, 'attention_head_size': 1, 'learning_rate': 0.0005079205052741355}. Best is trial 0 with value: 2.3201138973236084.
[I 2023-12-27 11:03:14,577] Trial 21 finished with value: 3.8512086868286133 and parameters: {'gradient_clip_val': 0.6269897002143434, 'hidden_size': 6, 'dropout': 0.3774125265473742, 'hidden_continuous_size': 5, 'attention_head_size': 3, 'learning_rate': 0.0009295490268143912}. Best is trial 0 with value: 2.3201138973236084.
[I 2023-12-27 11:03:14,940] Trial 22 finished with value: 4.078415393829346 and parameters: {'gradient_clip_val': 0.9169196112360567, 'hidden_size': 7, 'dropout': 0.42887536382814, 'hidden_continuous_size': 5, 'attention_head_size': 3, 'learning_rate': 0.0024899431625045984}. Best is trial 0 with value: 2.3201138973236084.
[I 2023-12-27 11:03:15,303] Trial 23 finished with value: 4.6583781242370605 and parameters: {'gradient_clip_val': 0.6144525620134732, 'hidden_size': 6, 'dropout': 0.3828721208887241, 'hidden_continuous_size': 5, 'attention_head_size': 3, 'learning_rate': 0.0014810121003475225}. Best is trial 0 with value: 2.3201138973236084.
[I 2023-12-27 11:03:15,639] Trial 24 finished with value: 2.864184617996216 and parameters: {'gradient_clip_val': 0.37734167732625207, 'hidden_size': 5, 'dropout': 0.3419215510862901, 'hidden_continuous_size': 5, 'attention_head_size': 2, 'learning_rate': 0.0006860531322525401}. Best is trial 0 with value: 2.3201138973236084.
[I 2023-12-27 11:03:15,977] Trial 25 finished with value: 4.851219654083252 and parameters: {'gradient_clip_val': 0.3570338461721355, 'hidden_size': 5, 'dropout': 0.33379646536800933, 'hidden_continuous_size': 5, 'attention_head_size': 2, 'learning_rate': 0.0011489493490638063}. Best is trial 0 with value: 2.3201138973236084.
[I 2023-12-27 11:03:16,371] Trial 26 finished with value: 4.305037021636963 and parameters: {'gradient_clip_val': 0.31717110656220493, 'hidden_size': 9, 'dropout': 0.3629242229156317, 'hidden_continuous_size': 6, 'attention_head_size': 1, 'learning_rate': 0.0017779889704215824}. Best is trial 0 with value: 2.3201138973236084.
[I 2023-12-27 11:03:16,769] Trial 27 finished with value: 2.5658693313598633 and parameters: {'gradient_clip_val': 0.5086673711595446, 'hidden_size': 14, 'dropout': 0.3355039398342244, 'hidden_continuous_size': 6, 'attention_head_size': 2, 'learning_rate': 0.0006853424445489919}. Best is trial 0 with value: 2.3201138973236084.
[I 2023-12-27 11:03:17,160] Trial 28 finished with value: 3.700990676879883 and parameters: {'gradient_clip_val': 0.5134589852700349, 'hidden_size': 13, 'dropout': 0.3085402551883605, 'hidden_continuous_size': 6, 'attention_head_size': 2, 'learning_rate': 0.003361826893174746}. Best is trial 0 with value: 2.3201138973236084.
[I 2023-12-27 11:03:17,755] Trial 29 finished with value: 4.60145378112793 and parameters: {'gradient_clip_val': 0.5582078102166401, 'hidden_size': 15, 'dropout': 0.41890710857896885, 'hidden_continuous_size': 7, 'attention_head_size': 1, 'learning_rate': 0.000971564622705852}. Best is trial 0 with value: 2.3201138973236084.
[I 2023-12-27 11:03:18,131] Trial 30 finished with value: 3.4232189655303955 and parameters: {'gradient_clip_val': 0.1738374263129996, 'hidden_size': 11, 'dropout': 0.37144916340822065, 'hidden_continuous_size': 6, 'attention_head_size': 4, 'learning_rate': 0.0008226853547225621}. Best is trial 0 with value: 2.3201138973236084.
[I 2023-12-27 11:03:18,499] Trial 31 finished with value: 4.238641738891602 and parameters: {'gradient_clip_val': 0.42554537614482135, 'hidden_size': 9, 'dropout': 0.330529207582759, 'hidden_continuous_size': 5, 'attention_head_size': 2, 'learning_rate': 0.0005577804750118936}. Best is trial 0 with value: 2.3201138973236084.
[I 2023-12-27 11:03:18,864] Trial 32 finished with value: 4.490225791931152 and parameters: {'gradient_clip_val': 0.3691433413842763, 'hidden_size': 7, 'dropout': 0.39106919722463257, 'hidden_continuous_size': 5, 'attention_head_size': 2, 'learning_rate': 0.0007474254550975023}. Best is trial 0 with value: 2.3201138973236084.
[I 2023-12-27 11:03:19,222] Trial 33 finished with value: 4.410945415496826 and parameters: {'gradient_clip_val': 0.47157859711830497, 'hidden_size': 6, 'dropout': 0.39870867455382236, 'hidden_continuous_size': 5, 'attention_head_size': 2, 'learning_rate': 0.0007736501658117413}. Best is trial 0 with value: 2.3201138973236084.
[I 2023-12-27 11:03:19,585] Trial 34 finished with value: 4.503811359405518 and parameters: {'gradient_clip_val': 0.5576601176906251, 'hidden_size': 8, 'dropout': 0.3279310847211434, 'hidden_continuous_size': 5, 'attention_head_size': 2, 'learning_rate': 0.0011104362192334953}. Best is trial 0 with value: 2.3201138973236084.
[I 2023-12-27 11:03:19,922] Trial 35 finished with value: 3.574019193649292 and parameters: {'gradient_clip_val': 0.7322695008256264, 'hidden_size': 5, 'dropout': 0.35584831958927926, 'hidden_continuous_size': 5, 'attention_head_size': 3, 'learning_rate': 0.0006701667116445467}. Best is trial 0 with value: 2.3201138973236084.
[I 2023-12-27 11:03:20,298] Trial 36 finished with value: 4.942668437957764 and parameters: {'gradient_clip_val': 0.4478347588725388, 'hidden_size': 6, 'dropout': 0.40685530375954243, 'hidden_continuous_size': 5, 'attention_head_size': 1, 'learning_rate': 0.0014798869738162311}. Best is trial 0 with value: 2.3201138973236084.
[I 2023-12-27 11:03:20,698] Trial 37 finished with value: 3.407891035079956 and parameters: {'gradient_clip_val': 0.3759133468146106, 'hidden_size': 11, 'dropout': 0.27287372705214163, 'hidden_continuous_size': 6, 'attention_head_size': 4, 'learning_rate': 0.0007117717735748387}. Best is trial 0 with value: 2.3201138973236084.
[I 2023-12-27 11:03:21,079] Trial 38 finished with value: 4.8261799812316895 and parameters: {'gradient_clip_val': 0.5190809798494738, 'hidden_size': 8, 'dropout': 0.31668376770517037, 'hidden_continuous_size': 6, 'attention_head_size': 3, 'learning_rate': 0.0009965346952336004}. Best is trial 0 with value: 2.3201138973236084.
[I 2023-12-27 11:03:21,461] Trial 39 finished with value: 3.469867706298828 and parameters: {'gradient_clip_val': 0.25214766721293885, 'hidden_size': 15, 'dropout': 0.38099501915384165, 'hidden_continuous_size': 10, 'attention_head_size': 2, 'learning_rate': 0.0022847167640105788}. Best is trial 0 with value: 2.3201138973236084.
[I 2023-12-27 11:03:21,858] Trial 40 finished with value: 3.5182230472564697 and parameters: {'gradient_clip_val': 0.3453467350616404, 'hidden_size': 38, 'dropout': 0.34640367972708797, 'hidden_continuous_size': 13, 'attention_head_size': 1, 'learning_rate': 0.0006090903595538292}. Best is trial 0 with value: 2.3201138973236084.
[I 2023-12-27 11:03:22,223] Trial 41 finished with value: 3.1973838806152344 and parameters: {'gradient_clip_val': 0.7412708961930066, 'hidden_size': 6, 'dropout': 0.40876217175979157, 'hidden_continuous_size': 5, 'attention_head_size': 3, 'learning_rate': 0.00050963841766375}. Best is trial 0 with value: 2.3201138973236084.
[I 2023-12-27 11:03:22,808] Trial 42 finished with value: 2.7528254985809326 and parameters: {'gradient_clip_val': 0.4132593455841986, 'hidden_size': 5, 'dropout': 0.36605470743706026, 'hidden_continuous_size': 5, 'attention_head_size': 3, 'learning_rate': 0.000849434124081322}. Best is trial 0 with value: 2.3201138973236084.
[I 2023-12-27 11:03:23,140] Trial 43 finished with value: 3.7561731338500977 and parameters: {'gradient_clip_val': 0.43415354369459136, 'hidden_size': 5, 'dropout': 0.3644744280572652, 'hidden_continuous_size': 5, 'attention_head_size': 3, 'learning_rate': 0.0008822799164496166}. Best is trial 0 with value: 2.3201138973236084.
[I 2023-12-27 11:03:23,529] Trial 44 finished with value: 3.6263415813446045 and parameters: {'gradient_clip_val': 0.40693069250768543, 'hidden_size': 6, 'dropout': 0.299191069497398, 'hidden_continuous_size': 5, 'attention_head_size': 4, 'learning_rate': 0.0014730509549337545}. Best is trial 0 with value: 2.3201138973236084.
[I 2023-12-27 11:03:23,912] Trial 45 finished with value: 4.706557750701904 and parameters: {'gradient_clip_val': 0.4848372995868878, 'hidden_size': 7, 'dropout': 0.33793343256302943, 'hidden_continuous_size': 5, 'attention_head_size': 3, 'learning_rate': 0.0007113774535585737}. Best is trial 0 with value: 2.3201138973236084.
[I 2023-12-27 11:03:24,241] Trial 46 finished with value: 3.851513624191284 and parameters: {'gradient_clip_val': 0.3235266120970443, 'hidden_size': 5, 'dropout': 0.37315459132186596, 'hidden_continuous_size': 5, 'attention_head_size': 2, 'learning_rate': 0.0012550311026784237}. Best is trial 0 with value: 2.3201138973236084.
[I 2023-12-27 11:03:24,619] Trial 47 finished with value: 4.130795955657959 and parameters: {'gradient_clip_val': 0.27357650965468827, 'hidden_size': 10, 'dropout': 0.32096711720009946, 'hidden_continuous_size': 6, 'attention_head_size': 4, 'learning_rate': 0.0018210848384378228}. Best is trial 0 with value: 2.3201138973236084.
[I 2023-12-27 11:03:24,983] Trial 48 finished with value: 4.274024486541748 and parameters: {'gradient_clip_val': 0.38598193703065875, 'hidden_size': 8, 'dropout': 0.35232973813430896, 'hidden_continuous_size': 5, 'attention_head_size': 2, 'learning_rate': 0.0009716914385879945}. Best is trial 0 with value: 2.3201138973236084.
[I 2023-12-27 11:03:25,341] Trial 49 finished with value: 3.433100700378418 and parameters: {'gradient_clip_val': 0.20902083133740781, 'hidden_size': 5, 'dropout': 0.3940741784745245, 'hidden_continuous_size': 5, 'attention_head_size': 3, 'learning_rate': 0.0006472258331409357}. Best is trial 0 with value: 2.3201138973236084.
[I 2023-12-27 11:03:25,460] A new study created in memory with name: no-name-7adc849b-9ee0-48e1-83ac-1895539fdedf
/home/le004/conda/anaconda3/envs/tsff_env/lib/python3.9/site-packages/lightning/fabric/plugins/environments/slurm.py:191: The `srun` command is available on your system but is not used. HINT: If your intention is to run Lightning on SLURM, prepend your python command with `srun` like so: srun python /home/le004/master_thesis/git/TSFusionForecast/code/ ...
[I 2023-12-27 11:04:01,693] Trial 0 finished with value: 0.3623707592487335 and parameters: {'gradient_clip_val': 0.19057524041160226, 'hidden_size': 37, 'dropout': 0.39196445371073374, 'hidden_continuous_size': 8, 'attention_head_size': 4, 'learning_rate': 0.0029610140695262147}. Best is trial 0 with value: 0.3623707592487335.
[I 2023-12-27 11:04:12,035] Trial 1 finished with value: 2.7380759716033936 and parameters: {'gradient_clip_val': 0.12444961933982693, 'hidden_size': 6, 'dropout': 0.17025522608570504, 'hidden_continuous_size': 5, 'attention_head_size': 1, 'learning_rate': 0.0010226432422376485}. Best is trial 0 with value: 0.3623707592487335.
[I 2023-12-27 11:04:12,420] Trial 2 finished with value: 2.6925477981567383 and parameters: {'gradient_clip_val': 0.5882541466353695, 'hidden_size': 9, 'dropout': 0.32719376394108807, 'hidden_continuous_size': 6, 'attention_head_size': 4, 'learning_rate': 0.022954414275141225}. Best is trial 0 with value: 0.3623707592487335.
[I 2023-12-27 11:04:13,138] Trial 3 finished with value: 2.529733896255493 and parameters: {'gradient_clip_val': 0.15426885017551403, 'hidden_size': 92, 'dropout': 0.49828240337296015, 'hidden_continuous_size': 7, 'attention_head_size': 3, 'learning_rate': 0.001096126590360533}. Best is trial 0 with value: 0.3623707592487335.
[I 2023-12-27 11:04:13,533] Trial 4 finished with value: 2.6768667697906494 and parameters: {'gradient_clip_val': 0.47143667584859555, 'hidden_size': 29, 'dropout': 0.4451856907362568, 'hidden_continuous_size': 9, 'attention_head_size': 2, 'learning_rate': 0.04156728282253228}. Best is trial 0 with value: 0.3623707592487335.
[I 2023-12-27 11:04:13,919] Trial 5 finished with value: 2.263338327407837 and parameters: {'gradient_clip_val': 0.3391270226241576, 'hidden_size': 23, 'dropout': 0.19178323902292838, 'hidden_continuous_size': 18, 'attention_head_size': 3, 'learning_rate': 0.0023483538150658296}. Best is trial 0 with value: 0.3623707592487335.
[I 2023-12-27 11:04:14,281] Trial 6 finished with value: 2.2643015384674072 and parameters: {'gradient_clip_val': 0.24225884863636965, 'hidden_size': 11, 'dropout': 0.3789588660408695, 'hidden_continuous_size': 6, 'attention_head_size': 1, 'learning_rate': 0.0017729761047512959}. Best is trial 0 with value: 0.3623707592487335.
[I 2023-12-27 11:04:14,655] Trial 7 finished with value: 3.101732015609741 and parameters: {'gradient_clip_val': 0.6934801913894811, 'hidden_size': 19, 'dropout': 0.38752886993410274, 'hidden_continuous_size': 15, 'attention_head_size': 3, 'learning_rate': 0.03307469459520063}. Best is trial 0 with value: 0.3623707592487335.
[I 2023-12-27 11:04:15,186] Trial 8 finished with value: 2.4729316234588623 and parameters: {'gradient_clip_val': 0.6977084696308858, 'hidden_size': 97, 'dropout': 0.3133531300095057, 'hidden_continuous_size': 74, 'attention_head_size': 1, 'learning_rate': 0.017080557767770108}. Best is trial 0 with value: 0.3623707592487335.
[I 2023-12-27 11:04:15,689] Trial 9 finished with value: 2.910665273666382 and parameters: {'gradient_clip_val': 0.13889176909118553, 'hidden_size': 91, 'dropout': 0.1019353677888205, 'hidden_continuous_size': 11, 'attention_head_size': 4, 'learning_rate': 0.0005098919982324896}. Best is trial 0 with value: 0.3623707592487335.
[I 2023-12-27 11:04:16,133] Trial 10 finished with value: 2.391038179397583 and parameters: {'gradient_clip_val': 0.22803223167634007, 'hidden_size': 40, 'dropout': 0.2606973414976558, 'hidden_continuous_size': 9, 'attention_head_size': 4, 'learning_rate': 0.006166705268265145}. Best is trial 0 with value: 0.3623707592487335.
[I 2023-12-27 11:04:16,574] Trial 11 finished with value: 2.9571714401245117 and parameters: {'gradient_clip_val': 0.3550698532846325, 'hidden_size': 44, 'dropout': 0.23758748894985274, 'hidden_continuous_size': 16, 'attention_head_size': 3, 'learning_rate': 0.005166941912750045}. Best is trial 0 with value: 0.3623707592487335.
[I 2023-12-27 11:04:16,966] Trial 12 finished with value: 1.9936720132827759 and parameters: {'gradient_clip_val': 0.33159854110839876, 'hidden_size': 18, 'dropout': 0.21638463314570347, 'hidden_continuous_size': 11, 'attention_head_size': 2, 'learning_rate': 0.0024471828835552338}. Best is trial 0 with value: 0.3623707592487335.
[I 2023-12-27 11:04:17,363] Trial 13 finished with value: 2.7481563091278076 and parameters: {'gradient_clip_val': 0.21768229349907875, 'hidden_size': 15, 'dropout': 0.35939641771161035, 'hidden_continuous_size': 8, 'attention_head_size': 2, 'learning_rate': 0.00282106816953634}. Best is trial 0 with value: 0.3623707592487335.
[I 2023-12-27 11:04:17,806] Trial 14 finished with value: 2.620830774307251 and parameters: {'gradient_clip_val': 0.10234569126631336, 'hidden_size': 51, 'dropout': 0.2753143654351171, 'hidden_continuous_size': 11, 'attention_head_size': 2, 'learning_rate': 0.09699097491008435}. Best is trial 0 with value: 0.3623707592487335.
