[I 2023-12-27 10:58:51,104] Trial 24 finished with value: 342.2604064941406 and parameters: {'gradient_clip_val': 0.13506787324278968, 'hidden_size': 54, 'dropout': 0.24392192555768352, 'hidden_continuous_size': 19, 'attention_head_size': 2, 'learning_rate': 0.05969759243581121}. Best is trial 1 with value: 87.06552124023438.
[I 2023-12-27 10:58:51,490] Trial 25 finished with value: 317.5219421386719 and parameters: {'gradient_clip_val': 0.2781723422601317, 'hidden_size': 34, 'dropout': 0.1812336813979515, 'hidden_continuous_size': 10, 'attention_head_size': 1, 'learning_rate': 0.005135813426463654}. Best is trial 1 with value: 87.06552124023438.
[I 2023-12-27 10:58:51,860] Trial 26 finished with value: 292.3640441894531 and parameters: {'gradient_clip_val': 0.20678300083586662, 'hidden_size': 18, 'dropout': 0.29015882165917317, 'hidden_continuous_size': 9, 'attention_head_size': 2, 'learning_rate': 0.011302205659332315}. Best is trial 1 with value: 87.06552124023438.
[I 2023-12-27 10:58:52,223] Trial 27 finished with value: 400.7292175292969 and parameters: {'gradient_clip_val': 0.16239231677385546, 'hidden_size': 13, 'dropout': 0.2280429624363724, 'hidden_continuous_size': 8, 'attention_head_size': 1, 'learning_rate': 0.0688520913382464}. Best is trial 1 with value: 87.06552124023438.
[I 2023-12-27 10:58:52,633] Trial 28 finished with value: 426.664794921875 and parameters: {'gradient_clip_val': 0.21788342458836113, 'hidden_size': 26, 'dropout': 0.26184250243983315, 'hidden_continuous_size': 12, 'attention_head_size': 3, 'learning_rate': 0.029482559818025965}. Best is trial 1 with value: 87.06552124023438.
[I 2023-12-27 10:58:53,007] Trial 29 finished with value: 413.6245422363281 and parameters: {'gradient_clip_val': 0.11705779823386099, 'hidden_size': 20, 'dropout': 0.3213090881638064, 'hidden_continuous_size': 5, 'attention_head_size': 4, 'learning_rate': 0.0009214942589448591}. Best is trial 1 with value: 87.06552124023438.
[I 2023-12-27 10:58:53,436] Trial 30 finished with value: 390.5521545410156 and parameters: {'gradient_clip_val': 0.16465642560954066, 'hidden_size': 62, 'dropout': 0.3873686403072205, 'hidden_continuous_size': 15, 'attention_head_size': 1, 'learning_rate': 0.04561763006860704}. Best is trial 1 with value: 87.06552124023438.
[I 2023-12-27 10:58:53,808] Trial 31 finished with value: 421.482666015625 and parameters: {'gradient_clip_val': 0.38289826543424127, 'hidden_size': 14, 'dropout': 0.34891416353363364, 'hidden_continuous_size': 7, 'attention_head_size': 1, 'learning_rate': 0.014020854749423245}. Best is trial 1 with value: 87.06552124023438.
[I 2023-12-27 10:58:54,171] Trial 32 finished with value: 388.9095458984375 and parameters: {'gradient_clip_val': 0.4026672433504354, 'hidden_size': 17, 'dropout': 0.3848773125747789, 'hidden_continuous_size': 8, 'attention_head_size': 1, 'learning_rate': 0.07041557379377286}. Best is trial 1 with value: 87.06552124023438.
[I 2023-12-27 10:58:54,548] Trial 33 finished with value: 439.9949035644531 and parameters: {'gradient_clip_val': 0.2972987439536461, 'hidden_size': 29, 'dropout': 0.2892040021063281, 'hidden_continuous_size': 7, 'attention_head_size': 1, 'learning_rate': 0.02849470357613721}. Best is trial 1 with value: 87.06552124023438.
[I 2023-12-27 10:58:54,923] Trial 34 finished with value: 276.6505432128906 and parameters: {'gradient_clip_val': 0.2601834790371066, 'hidden_size': 22, 'dropout': 0.4247955398248386, 'hidden_continuous_size': 11, 'attention_head_size': 1, 'learning_rate': 0.04742724472918427}. Best is trial 1 with value: 87.06552124023438.
[I 2023-12-27 10:58:55,313] Trial 35 finished with value: 328.7581481933594 and parameters: {'gradient_clip_val': 0.18531136628583886, 'hidden_size': 40, 'dropout': 0.33673596199828976, 'hidden_continuous_size': 18, 'attention_head_size': 1, 'learning_rate': 0.014557561774334036}. Best is trial 1 with value: 87.06552124023438.
[I 2023-12-27 10:58:55,966] Trial 36 finished with value: 243.5894775390625 and parameters: {'gradient_clip_val': 0.3106717205751941, 'hidden_size': 64, 'dropout': 0.28636540854621667, 'hidden_continuous_size': 21, 'attention_head_size': 2, 'learning_rate': 0.000715817311029689}. Best is trial 1 with value: 87.06552124023438.
[I 2023-12-27 10:58:56,420] Trial 37 finished with value: 289.8858947753906 and parameters: {'gradient_clip_val': 0.23884296874013314, 'hidden_size': 75, 'dropout': 0.2822630202931808, 'hidden_continuous_size': 27, 'attention_head_size': 2, 'learning_rate': 0.0009880655419328725}. Best is trial 1 with value: 87.06552124023438.
[I 2023-12-27 10:58:56,847] Trial 38 finished with value: 239.5490264892578 and parameters: {'gradient_clip_val': 0.20277041982966226, 'hidden_size': 57, 'dropout': 0.30107332656455404, 'hidden_continuous_size': 14, 'attention_head_size': 2, 'learning_rate': 0.0007168784675992486}. Best is trial 1 with value: 87.06552124023438.
[I 2023-12-27 10:58:57,256] Trial 39 finished with value: 329.55902099609375 and parameters: {'gradient_clip_val': 0.16647544984746068, 'hidden_size': 51, 'dropout': 0.301269584016217, 'hidden_continuous_size': 14, 'attention_head_size': 2, 'learning_rate': 0.0005911309943009686}. Best is trial 1 with value: 87.06552124023438.
[I 2023-12-27 10:58:57,752] Trial 40 finished with value: 221.1314239501953 and parameters: {'gradient_clip_val': 0.20431522296596766, 'hidden_size': 113, 'dropout': 0.2010136128508463, 'hidden_continuous_size': 15, 'attention_head_size': 3, 'learning_rate': 0.0007447022553662714}. Best is trial 1 with value: 87.06552124023438.
[I 2023-12-27 10:58:58,254] Trial 41 finished with value: 381.5155334472656 and parameters: {'gradient_clip_val': 0.2480871303523031, 'hidden_size': 120, 'dropout': 0.20666960574291632, 'hidden_continuous_size': 16, 'attention_head_size': 3, 'learning_rate': 0.0006799530840142009}. Best is trial 1 with value: 87.06552124023438.
[I 2023-12-27 10:58:58,720] Trial 42 finished with value: 435.9633483886719 and parameters: {'gradient_clip_val': 0.2001099538375237, 'hidden_size': 89, 'dropout': 0.1901338110322629, 'hidden_continuous_size': 13, 'attention_head_size': 3, 'learning_rate': 0.0005130658825123652}. Best is trial 1 with value: 87.06552124023438.
[I 2023-12-27 10:58:59,239] Trial 43 finished with value: 286.59619140625 and parameters: {'gradient_clip_val': 0.21492798809147423, 'hidden_size': 117, 'dropout': 0.162694964201897, 'hidden_continuous_size': 17, 'attention_head_size': 3, 'learning_rate': 0.0007829779300370386}. Best is trial 1 with value: 87.06552124023438.
[I 2023-12-27 10:58:59,693] Trial 44 finished with value: 308.6902770996094 and parameters: {'gradient_clip_val': 0.14715735695600304, 'hidden_size': 89, 'dropout': 0.2277273225688703, 'hidden_continuous_size': 14, 'attention_head_size': 4, 'learning_rate': 0.0014645722897225191}. Best is trial 1 with value: 87.06552124023438.
[I 2023-12-27 10:59:00,210] Trial 45 finished with value: 388.018310546875 and parameters: {'gradient_clip_val': 0.1823463248214762, 'hidden_size': 126, 'dropout': 0.2581413192805827, 'hidden_continuous_size': 22, 'attention_head_size': 3, 'learning_rate': 0.0019133925711620832}. Best is trial 1 with value: 87.06552124023438.
[I 2023-12-27 10:59:00,759] Trial 46 finished with value: 360.7274475097656 and parameters: {'gradient_clip_val': 0.22883463761333292, 'hidden_size': 148, 'dropout': 0.1993182975756731, 'hidden_continuous_size': 23, 'attention_head_size': 3, 'learning_rate': 0.001085723498962014}. Best is trial 1 with value: 87.06552124023438.
[I 2023-12-27 10:59:01,229] Trial 47 finished with value: 299.5042724609375 and parameters: {'gradient_clip_val': 0.15586794249953562, 'hidden_size': 101, 'dropout': 0.1655469487330048, 'hidden_continuous_size': 14, 'attention_head_size': 2, 'learning_rate': 0.0008562347047147759}. Best is trial 1 with value: 87.06552124023438.
[I 2023-12-27 10:59:01,813] Trial 48 finished with value: 369.7037048339844 and parameters: {'gradient_clip_val': 0.1762751740773432, 'hidden_size': 127, 'dropout': 0.1361402710818567, 'hidden_continuous_size': 116, 'attention_head_size': 3, 'learning_rate': 0.001111533646421674}. Best is trial 1 with value: 87.06552124023438.
[I 2023-12-27 10:59:02,484] Trial 49 finished with value: 384.1985778808594 and parameters: {'gradient_clip_val': 0.21118561737240388, 'hidden_size': 84, 'dropout': 0.23784419652894825, 'hidden_continuous_size': 18, 'attention_head_size': 4, 'learning_rate': 0.0006572564283010065}. Best is trial 1 with value: 87.06552124023438.
[I 2023-12-27 10:59:02,590] A new study created in memory with name: no-name-965dea70-c48c-4da6-beeb-01d3d395baf3
/home/le004/conda/anaconda3/envs/tsff_env/lib/python3.9/site-packages/lightning/fabric/plugins/environments/slurm.py:191: The `srun` command is available on your system but is not used. HINT: If your intention is to run Lightning on SLURM, prepend your python command with `srun` like so: srun python /home/le004/master_thesis/git/TSFusionForecast/code/ ...
[I 2023-12-27 10:59:26,311] Trial 0 finished with value: 358.1007080078125 and parameters: {'gradient_clip_val': 0.6162543267161347, 'hidden_size': 99, 'dropout': 0.188263651242309, 'hidden_continuous_size': 5, 'attention_head_size': 3, 'learning_rate': 0.005572469702235667}. Best is trial 0 with value: 358.1007080078125.
[I 2023-12-27 10:59:26,730] Trial 1 finished with value: 438.6905517578125 and parameters: {'gradient_clip_val': 0.2463204794774807, 'hidden_size': 74, 'dropout': 0.23313671539788694, 'hidden_continuous_size': 35, 'attention_head_size': 4, 'learning_rate': 0.0676639953243727}. Best is trial 0 with value: 358.1007080078125.
[I 2023-12-27 10:59:27,057] Trial 2 finished with value: 483.8057861328125 and parameters: {'gradient_clip_val': 0.15034483400077142, 'hidden_size': 16, 'dropout': 0.2633430606745154, 'hidden_continuous_size': 13, 'attention_head_size': 4, 'learning_rate': 0.0040088259447142146}. Best is trial 0 with value: 358.1007080078125.
[I 2023-12-27 10:59:27,398] Trial 3 finished with value: 512.492919921875 and parameters: {'gradient_clip_val': 0.35717516340861666, 'hidden_size': 18, 'dropout': 0.2496046851095456, 'hidden_continuous_size': 13, 'attention_head_size': 4, 'learning_rate': 0.0008205312183004945}. Best is trial 0 with value: 358.1007080078125.
[I 2023-12-27 10:59:27,750] Trial 4 finished with value: 478.7716369628906 and parameters: {'gradient_clip_val': 0.2307685533506828, 'hidden_size': 35, 'dropout': 0.2600588005499378, 'hidden_continuous_size': 10, 'attention_head_size': 3, 'learning_rate': 0.010815190439059444}. Best is trial 0 with value: 358.1007080078125.
[I 2023-12-27 10:59:28,051] Trial 5 finished with value: 392.1212463378906 and parameters: {'gradient_clip_val': 0.6213980117723497, 'hidden_size': 5, 'dropout': 0.14487217909437075, 'hidden_continuous_size': 5, 'attention_head_size': 4, 'learning_rate': 0.001565697651574775}. Best is trial 0 with value: 358.1007080078125.
[I 2023-12-27 10:59:28,384] Trial 6 finished with value: 441.5600891113281 and parameters: {'gradient_clip_val': 0.2132864551131686, 'hidden_size': 13, 'dropout': 0.13194787164160104, 'hidden_continuous_size': 9, 'attention_head_size': 2, 'learning_rate': 0.023832499924453972}. Best is trial 0 with value: 358.1007080078125.
[I 2023-12-27 10:59:28,891] Trial 7 finished with value: 497.7220153808594 and parameters: {'gradient_clip_val': 0.48934242959885965, 'hidden_size': 127, 'dropout': 0.1619901026491951, 'hidden_continuous_size': 36, 'attention_head_size': 3, 'learning_rate': 0.0005316976194692752}. Best is trial 0 with value: 358.1007080078125.
[I 2023-12-27 10:59:29,334] Trial 8 finished with value: 523.1671752929688 and parameters: {'gradient_clip_val': 0.5696013243098441, 'hidden_size': 87, 'dropout': 0.1250770855598823, 'hidden_continuous_size': 26, 'attention_head_size': 4, 'learning_rate': 0.06538968175254524}. Best is trial 0 with value: 358.1007080078125.
[I 2023-12-27 10:59:29,641] Trial 9 finished with value: 523.0686645507812 and parameters: {'gradient_clip_val': 0.5486343506798315, 'hidden_size': 5, 'dropout': 0.4680991118027994, 'hidden_continuous_size': 5, 'attention_head_size': 3, 'learning_rate': 0.0011901965225778366}. Best is trial 0 with value: 358.1007080078125.
[I 2023-12-27 10:59:30,239] Trial 10 finished with value: 476.4404296875 and parameters: {'gradient_clip_val': 0.9257130459449497, 'hidden_size': 147, 'dropout': 0.34825710192448955, 'hidden_continuous_size': 100, 'attention_head_size': 1, 'learning_rate': 0.003223700179779625}. Best is trial 0 with value: 358.1007080078125.
[I 2023-12-27 10:59:30,760] Trial 11 finished with value: 468.83056640625 and parameters: {'gradient_clip_val': 0.8872064598869904, 'hidden_size': 5, 'dropout': 0.18553824298682725, 'hidden_continuous_size': 5, 'attention_head_size': 2, 'learning_rate': 0.0025048394109053206}. Best is trial 0 with value: 358.1007080078125.
[I 2023-12-27 10:59:31,140] Trial 12 finished with value: 415.2463073730469 and parameters: {'gradient_clip_val': 0.10065436489557757, 'hidden_size': 39, 'dropout': 0.11770540444344989, 'hidden_continuous_size': 5, 'attention_head_size': 3, 'learning_rate': 0.0015505621878556053}. Best is trial 0 with value: 358.1007080078125.
[I 2023-12-27 10:59:31,492] Trial 13 finished with value: 510.5941162109375 and parameters: {'gradient_clip_val': 0.7033898509378285, 'hidden_size': 9, 'dropout': 0.19307338218744519, 'hidden_continuous_size': 5, 'attention_head_size': 2, 'learning_rate': 0.008432790116913244}. Best is trial 0 with value: 358.1007080078125.
[I 2023-12-27 10:59:31,884] Trial 14 finished with value: 586.3890991210938 and parameters: {'gradient_clip_val': 0.4291020533622697, 'hidden_size': 48, 'dropout': 0.18416678315110693, 'hidden_continuous_size': 7, 'attention_head_size': 4, 'learning_rate': 0.005725134024982466}. Best is trial 0 with value: 358.1007080078125.
[I 2023-12-27 10:59:32,260] Trial 15 finished with value: 510.1641540527344 and parameters: {'gradient_clip_val': 0.7574035513728061, 'hidden_size': 25, 'dropout': 0.10533711297024154, 'hidden_continuous_size': 6, 'attention_head_size': 3, 'learning_rate': 0.0019254086279965586}. Best is trial 0 with value: 358.1007080078125.
[I 2023-12-27 10:59:32,608] Trial 16 finished with value: 576.8346557617188 and parameters: {'gradient_clip_val': 0.6469059742212107, 'hidden_size': 8, 'dropout': 0.3259010329935604, 'hidden_continuous_size': 5, 'attention_head_size': 1, 'learning_rate': 0.0011697263171047323}. Best is trial 0 with value: 358.1007080078125.
[I 2023-12-27 10:59:32,983] Trial 17 finished with value: 444.7073974609375 and parameters: {'gradient_clip_val': 0.4299845497287314, 'hidden_size': 24, 'dropout': 0.20798391923553358, 'hidden_continuous_size': 7, 'attention_head_size': 4, 'learning_rate': 0.0024449180996895603}. Best is trial 0 with value: 358.1007080078125.
[I 2023-12-27 10:59:33,382] Trial 18 finished with value: 484.4164123535156 and parameters: {'gradient_clip_val': 0.9712332609350909, 'hidden_size': 55, 'dropout': 0.16304786589965567, 'hidden_continuous_size': 8, 'attention_head_size': 3, 'learning_rate': 0.004827165088735864}. Best is trial 0 with value: 358.1007080078125.
[I 2023-12-27 10:59:33,759] Trial 19 finished with value: 526.7413940429688 and parameters: {'gradient_clip_val': 0.6527358384158163, 'hidden_size': 36, 'dropout': 0.14713795948152902, 'hidden_continuous_size': 6, 'attention_head_size': 2, 'learning_rate': 0.010282573765332894}. Best is trial 0 with value: 358.1007080078125.
[I 2023-12-27 10:59:34,210] Trial 20 finished with value: 448.5204772949219 and parameters: {'gradient_clip_val': 0.35291596433362094, 'hidden_size': 96, 'dropout': 0.21581293638873067, 'hidden_continuous_size': 12, 'attention_head_size': 4, 'learning_rate': 0.003459252879157415}. Best is trial 0 with value: 358.1007080078125.
[I 2023-12-27 10:59:34,615] Trial 21 finished with value: 492.8060302734375 and parameters: {'gradient_clip_val': 0.11251086623194573, 'hidden_size': 46, 'dropout': 0.10060198766289516, 'hidden_continuous_size': 6, 'attention_head_size': 3, 'learning_rate': 0.0011692054502644544}. Best is trial 0 with value: 358.1007080078125.
[I 2023-12-27 10:59:35,045] Trial 22 finished with value: 519.250732421875 and parameters: {'gradient_clip_val': 0.10454949280073135, 'hidden_size': 69, 'dropout': 0.14086279721533723, 'hidden_continuous_size': 8, 'attention_head_size': 3, 'learning_rate': 0.0016355004987699472}. Best is trial 0 with value: 358.1007080078125.
[I 2023-12-27 10:59:35,412] Trial 23 finished with value: 460.9615173339844 and parameters: {'gradient_clip_val': 0.2900812073880003, 'hidden_size': 33, 'dropout': 0.1015706592288424, 'hidden_continuous_size': 5, 'attention_head_size': 3, 'learning_rate': 0.0005863058327867611}. Best is trial 0 with value: 358.1007080078125.
[I 2023-12-27 10:59:36,111] Trial 24 finished with value: 469.3794250488281 and parameters: {'gradient_clip_val': 0.14661681248364136, 'hidden_size': 104, 'dropout': 0.16623571448339283, 'hidden_continuous_size': 10, 'attention_head_size': 2, 'learning_rate': 0.001588325007876526}. Best is trial 0 with value: 358.1007080078125.
[I 2023-12-27 10:59:36,532] Trial 25 finished with value: 419.4874572753906 and parameters: {'gradient_clip_val': 0.458091458889933, 'hidden_size': 55, 'dropout': 0.13929105191098476, 'hidden_continuous_size': 7, 'attention_head_size': 3, 'learning_rate': 0.0026272239873188215}. Best is trial 0 with value: 358.1007080078125.
[I 2023-12-27 10:59:36,964] Trial 26 finished with value: 386.1952819824219 and parameters: {'gradient_clip_val': 0.7863907933772916, 'hidden_size': 71, 'dropout': 0.17550157549735684, 'hidden_continuous_size': 6, 'attention_head_size': 4, 'learning_rate': 0.006566008376113904}. Best is trial 0 with value: 358.1007080078125.
[I 2023-12-27 10:59:37,464] Trial 27 finished with value: 468.2731018066406 and parameters: {'gradient_clip_val': 0.7936438925041504, 'hidden_size': 119, 'dropout': 0.21273941056118434, 'hidden_continuous_size': 10, 'attention_head_size': 4, 'learning_rate': 0.006217187502732525}. Best is trial 0 with value: 358.1007080078125.
[I 2023-12-27 10:59:37,880] Trial 28 finished with value: 532.0623168945312 and parameters: {'gradient_clip_val': 0.7933614952994297, 'hidden_size': 72, 'dropout': 0.17115924634957969, 'hidden_continuous_size': 6, 'attention_head_size': 4, 'learning_rate': 0.017730453262134682}. Best is trial 0 with value: 358.1007080078125.
[I 2023-12-27 10:59:38,327] Trial 29 finished with value: 449.175537109375 and parameters: {'gradient_clip_val': 0.5958325285388559, 'hidden_size': 84, 'dropout': 0.22167083252496067, 'hidden_continuous_size': 15, 'attention_head_size': 4, 'learning_rate': 0.004223196630746497}. Best is trial 0 with value: 358.1007080078125.
[I 2023-12-27 10:59:38,854] Trial 30 finished with value: 487.8680725097656 and parameters: {'gradient_clip_val': 0.6942839624160562, 'hidden_size': 144, 'dropout': 0.23972905804129382, 'hidden_continuous_size': 17, 'attention_head_size': 4, 'learning_rate': 0.0055017591598721}. Best is trial 0 with value: 358.1007080078125.
[I 2023-12-27 10:59:39,265] Trial 31 finished with value: 417.4172058105469 and parameters: {'gradient_clip_val': 0.5234544268169937, 'hidden_size': 65, 'dropout': 0.13871674343309157, 'hidden_continuous_size': 5, 'attention_head_size': 3, 'learning_rate': 0.002119467192372145}. Best is trial 0 with value: 358.1007080078125.
[I 2023-12-27 10:59:39,737] Trial 32 finished with value: 569.3256225585938 and parameters: {'gradient_clip_val': 0.8652303946604372, 'hidden_size': 95, 'dropout': 0.19436857356958692, 'hidden_continuous_size': 8, 'attention_head_size': 4, 'learning_rate': 0.0031550115502784895}. Best is trial 0 with value: 358.1007080078125.
[I 2023-12-27 10:59:40,124] Trial 33 finished with value: 573.4725952148438 and parameters: {'gradient_clip_val': 0.5854781401850754, 'hidden_size': 42, 'dropout': 0.16100252710267024, 'hidden_continuous_size': 6, 'attention_head_size': 4, 'learning_rate': 0.0008496419990117453}. Best is trial 0 with value: 358.1007080078125.
[I 2023-12-27 10:59:40,527] Trial 34 finished with value: 461.4263000488281 and parameters: {'gradient_clip_val': 0.3916272873586263, 'hidden_size': 60, 'dropout': 0.11725325948698383, 'hidden_continuous_size': 5, 'attention_head_size': 3, 'learning_rate': 0.0038875021227696314}. Best is trial 0 with value: 358.1007080078125.
[I 2023-12-27 10:59:40,888] Trial 35 finished with value: 449.8335876464844 and parameters: {'gradient_clip_val': 0.28793415253814014, 'hidden_size': 19, 'dropout': 0.2414542388750944, 'hidden_continuous_size': 5, 'attention_head_size': 4, 'learning_rate': 0.0071309406499325744}. Best is trial 0 with value: 358.1007080078125.
[I 2023-12-27 10:59:41,312] Trial 36 finished with value: 475.9333190917969 and parameters: {'gradient_clip_val': 0.505614940573828, 'hidden_size': 76, 'dropout': 0.1238198092102924, 'hidden_continuous_size': 7, 'attention_head_size': 3, 'learning_rate': 0.004240211912023524}. Best is trial 0 with value: 358.1007080078125.
[I 2023-12-27 10:59:41,924] Trial 37 finished with value: 495.0729064941406 and parameters: {'gradient_clip_val': 0.635717582701698, 'hidden_size': 29, 'dropout': 0.1524028556247711, 'hidden_continuous_size': 6, 'attention_head_size': 2, 'learning_rate': 0.013926391741925226}. Best is trial 0 with value: 358.1007080078125.
[I 2023-12-27 10:59:42,336] Trial 38 finished with value: 467.5540771484375 and parameters: {'gradient_clip_val': 0.18195444084185494, 'hidden_size': 50, 'dropout': 0.27121422214029917, 'hidden_continuous_size': 6, 'attention_head_size': 4, 'learning_rate': 0.008639360495039342}. Best is trial 0 with value: 358.1007080078125.
