[I 2023-12-27 11:13:27,435] Trial 3 finished with value: 2.574366331100464 and parameters: {'gradient_clip_val': 0.35988595011780466, 'hidden_size': 17, 'dropout': 0.11483894800044965, 'hidden_continuous_size': 5, 'attention_head_size': 3, 'learning_rate': 0.0012723526577888716}. Best is trial 0 with value: 0.6661002039909363.
[I 2023-12-27 11:13:27,766] Trial 4 finished with value: 2.851820707321167 and parameters: {'gradient_clip_val': 0.731592025084026, 'hidden_size': 5, 'dropout': 0.1278054729005731, 'hidden_continuous_size': 5, 'attention_head_size': 2, 'learning_rate': 0.0006188620655647364}. Best is trial 0 with value: 0.6661002039909363.
[I 2023-12-27 11:13:28,169] Trial 5 finished with value: 2.2977864742279053 and parameters: {'gradient_clip_val': 0.3629954912124979, 'hidden_size': 47, 'dropout': 0.3470731311339964, 'hidden_continuous_size': 7, 'attention_head_size': 2, 'learning_rate': 0.0022827229073462585}. Best is trial 0 with value: 0.6661002039909363.
[I 2023-12-27 11:13:28,538] Trial 6 finished with value: 1.9963558912277222 and parameters: {'gradient_clip_val': 0.11734721986127172, 'hidden_size': 13, 'dropout': 0.49895870722849056, 'hidden_continuous_size': 5, 'attention_head_size': 3, 'learning_rate': 0.0006127037140295796}. Best is trial 0 with value: 0.6661002039909363.
[I 2023-12-27 11:13:29,180] Trial 7 finished with value: 2.566476583480835 and parameters: {'gradient_clip_val': 0.3073939759664996, 'hidden_size': 56, 'dropout': 0.38682929342701067, 'hidden_continuous_size': 30, 'attention_head_size': 4, 'learning_rate': 0.009119405433244505}. Best is trial 0 with value: 0.6661002039909363.
[I 2023-12-27 11:13:29,530] Trial 8 finished with value: 2.6923274993896484 and parameters: {'gradient_clip_val': 0.15911331975464893, 'hidden_size': 14, 'dropout': 0.11434655819868281, 'hidden_continuous_size': 11, 'attention_head_size': 1, 'learning_rate': 0.0013057477431920352}. Best is trial 0 with value: 0.6661002039909363.
[I 2023-12-27 11:13:29,869] Trial 9 finished with value: 2.299391984939575 and parameters: {'gradient_clip_val': 0.11621651386670422, 'hidden_size': 6, 'dropout': 0.22834802030988596, 'hidden_continuous_size': 5, 'attention_head_size': 3, 'learning_rate': 0.0030440505591132427}. Best is trial 0 with value: 0.6661002039909363.
[I 2023-12-27 11:13:30,522] Trial 10 finished with value: 3.740126609802246 and parameters: {'gradient_clip_val': 0.7091008751045489, 'hidden_size': 146, 'dropout': 0.22550687587689658, 'hidden_continuous_size': 103, 'attention_head_size': 4, 'learning_rate': 0.008936331447369106}. Best is trial 0 with value: 0.6661002039909363.
[I 2023-12-27 11:13:30,892] Trial 11 finished with value: 2.7885513305664062 and parameters: {'gradient_clip_val': 0.2349579987286748, 'hidden_size': 8, 'dropout': 0.19861849649583158, 'hidden_continuous_size': 6, 'attention_head_size': 2, 'learning_rate': 0.06622860020794125}. Best is trial 0 with value: 0.6661002039909363.
[I 2023-12-27 11:13:31,257] Trial 12 finished with value: 3.5316152572631836 and parameters: {'gradient_clip_val': 0.5014271579597411, 'hidden_size': 9, 'dropout': 0.1790074616226166, 'hidden_continuous_size': 6, 'attention_head_size': 2, 'learning_rate': 0.03536053721247957}. Best is trial 0 with value: 0.6661002039909363.
[I 2023-12-27 11:13:31,590] Trial 13 finished with value: 2.6497628688812256 and parameters: {'gradient_clip_val': 0.22342507101906547, 'hidden_size': 5, 'dropout': 0.26123231908917827, 'hidden_continuous_size': 5, 'attention_head_size': 3, 'learning_rate': 0.020606304647759883}. Best is trial 0 with value: 0.6661002039909363.
[I 2023-12-27 11:13:31,957] Trial 14 finished with value: 3.9389822483062744 and parameters: {'gradient_clip_val': 0.5168428542090908, 'hidden_size': 8, 'dropout': 0.10426717612965389, 'hidden_continuous_size': 6, 'attention_head_size': 4, 'learning_rate': 0.08506224873833118}. Best is trial 0 with value: 0.6661002039909363.
[I 2023-12-27 11:13:32,318] Trial 15 finished with value: 3.564713478088379 and parameters: {'gradient_clip_val': 0.22839054441045, 'hidden_size': 10, 'dropout': 0.17105469811953686, 'hidden_continuous_size': 6, 'attention_head_size': 1, 'learning_rate': 0.018599437841841406}. Best is trial 0 with value: 0.6661002039909363.
[I 2023-12-27 11:13:32,693] Trial 16 finished with value: 2.320671319961548 and parameters: {'gradient_clip_val': 0.3074239041092169, 'hidden_size': 21, 'dropout': 0.16211664700715603, 'hidden_continuous_size': 8, 'attention_head_size': 3, 'learning_rate': 0.005255143726340736}. Best is trial 0 with value: 0.6661002039909363.
[I 2023-12-27 11:13:33,028] Trial 17 finished with value: 2.9405486583709717 and parameters: {'gradient_clip_val': 0.9585690371285152, 'hidden_size': 5, 'dropout': 0.27274052456096815, 'hidden_continuous_size': 5, 'attention_head_size': 2, 'learning_rate': 0.096256086903987}. Best is trial 0 with value: 0.6661002039909363.
[I 2023-12-27 11:13:33,395] Trial 18 finished with value: 3.3142430782318115 and parameters: {'gradient_clip_val': 0.1716686052055371, 'hidden_size': 11, 'dropout': 0.20302038234880643, 'hidden_continuous_size': 7, 'attention_head_size': 3, 'learning_rate': 0.04944203667663406}. Best is trial 0 with value: 0.6661002039909363.
[I 2023-12-27 11:13:33,752] Trial 19 finished with value: 2.1160309314727783 and parameters: {'gradient_clip_val': 0.4585909936397338, 'hidden_size': 8, 'dropout': 0.15368236110474295, 'hidden_continuous_size': 5, 'attention_head_size': 2, 'learning_rate': 0.019268836356670774}. Best is trial 0 with value: 0.6661002039909363.
[I 2023-12-27 11:13:34,331] Trial 20 finished with value: 3.2613608837127686 and parameters: {'gradient_clip_val': 0.24963301991377299, 'hidden_size': 16, 'dropout': 0.14707477740010316, 'hidden_continuous_size': 9, 'attention_head_size': 1, 'learning_rate': 0.004782836553610027}. Best is trial 0 with value: 0.6661002039909363.
[I 2023-12-27 11:13:34,707] Trial 21 finished with value: 2.966226816177368 and parameters: {'gradient_clip_val': 0.10509006405586722, 'hidden_size': 14, 'dropout': 0.43875435281415576, 'hidden_continuous_size': 5, 'attention_head_size': 3, 'learning_rate': 0.0009732833382070417}. Best is trial 0 with value: 0.6661002039909363.
[I 2023-12-27 11:13:35,071] Trial 22 finished with value: 2.6003634929656982 and parameters: {'gradient_clip_val': 0.15625545600119714, 'hidden_size': 7, 'dropout': 0.47063441492884944, 'hidden_continuous_size': 5, 'attention_head_size': 3, 'learning_rate': 0.0024344820918452753}. Best is trial 0 with value: 0.6661002039909363.
[I 2023-12-27 11:13:35,444] Trial 23 finished with value: 2.9351844787597656 and parameters: {'gradient_clip_val': 0.19313173716190823, 'hidden_size': 12, 'dropout': 0.3300314395342675, 'hidden_continuous_size': 6, 'attention_head_size': 4, 'learning_rate': 0.0016704647845845106}. Best is trial 0 with value: 0.6661002039909363.
[I 2023-12-27 11:13:35,807] Trial 24 finished with value: 3.7270209789276123 and parameters: {'gradient_clip_val': 0.13413299934040462, 'hidden_size': 6, 'dropout': 0.47700224492116416, 'hidden_continuous_size': 5, 'attention_head_size': 3, 'learning_rate': 0.0008190366987197263}. Best is trial 0 with value: 0.6661002039909363.
[I 2023-12-27 11:13:36,175] Trial 25 finished with value: 3.485448122024536 and parameters: {'gradient_clip_val': 0.14075526622580511, 'hidden_size': 10, 'dropout': 0.4990956718743403, 'hidden_continuous_size': 6, 'attention_head_size': 2, 'learning_rate': 0.0036976753008471264}. Best is trial 0 with value: 0.6661002039909363.
[I 2023-12-27 11:13:36,562] Trial 26 finished with value: 3.172846794128418 and parameters: {'gradient_clip_val': 0.19648278479847228, 'hidden_size': 22, 'dropout': 0.39752065645382334, 'hidden_continuous_size': 7, 'attention_head_size': 3, 'learning_rate': 0.0005072905571412767}. Best is trial 0 with value: 0.6661002039909363.
[I 2023-12-27 11:13:36,962] Trial 27 finished with value: 3.045008420944214 and parameters: {'gradient_clip_val': 0.2772480682692242, 'hidden_size': 12, 'dropout': 0.29067677182367946, 'hidden_continuous_size': 6, 'attention_head_size': 4, 'learning_rate': 0.006238720203840605}. Best is trial 0 with value: 0.6661002039909363.
[I 2023-12-27 11:13:37,347] Trial 28 finished with value: 2.655907392501831 and parameters: {'gradient_clip_val': 0.10053804319310412, 'hidden_size': 7, 'dropout': 0.2462480183043841, 'hidden_continuous_size': 5, 'attention_head_size': 2, 'learning_rate': 0.0017541024625167463}. Best is trial 0 with value: 0.6661002039909363.
[I 2023-12-27 11:13:37,723] Trial 29 finished with value: 2.5466203689575195 and parameters: {'gradient_clip_val': 0.2007883227724625, 'hidden_size': 6, 'dropout': 0.13317648753045563, 'hidden_continuous_size': 5, 'attention_head_size': 1, 'learning_rate': 0.0007882805617440915}. Best is trial 0 with value: 0.6661002039909363.
[I 2023-12-27 11:13:38,122] Trial 30 finished with value: 3.050140380859375 and parameters: {'gradient_clip_val': 0.12342675410011199, 'hidden_size': 10, 'dropout': 0.10262172861989388, 'hidden_continuous_size': 6, 'attention_head_size': 3, 'learning_rate': 0.003571512834988654}. Best is trial 0 with value: 0.6661002039909363.
[I 2023-12-27 11:13:38,497] Trial 31 finished with value: 2.100383758544922 and parameters: {'gradient_clip_val': 0.359188528994522, 'hidden_size': 8, 'dropout': 0.19061972685619957, 'hidden_continuous_size': 5, 'attention_head_size': 2, 'learning_rate': 0.012146673694876544}. Best is trial 0 with value: 0.6661002039909363.
[I 2023-12-27 11:13:38,863] Trial 32 finished with value: 3.738635778427124 and parameters: {'gradient_clip_val': 0.3506854883657586, 'hidden_size': 7, 'dropout': 0.18813931946867601, 'hidden_continuous_size': 5, 'attention_head_size': 2, 'learning_rate': 0.012211335498693625}. Best is trial 0 with value: 0.6661002039909363.
[I 2023-12-27 11:13:39,239] Trial 33 finished with value: 4.149509906768799 and parameters: {'gradient_clip_val': 0.40124616362004395, 'hidden_size': 13, 'dropout': 0.14146364141440482, 'hidden_continuous_size': 5, 'attention_head_size': 2, 'learning_rate': 0.030450317338463432}. Best is trial 0 with value: 0.6661002039909363.
[I 2023-12-27 11:13:39,839] Trial 34 finished with value: 2.7556779384613037 and parameters: {'gradient_clip_val': 0.272955085104314, 'hidden_size': 17, 'dropout': 0.2085694330921714, 'hidden_continuous_size': 9, 'attention_head_size': 2, 'learning_rate': 0.011964722208421343}. Best is trial 0 with value: 0.6661002039909363.
[I 2023-12-27 11:13:40,192] Trial 35 finished with value: 3.6917591094970703 and parameters: {'gradient_clip_val': 0.2722393523427074, 'hidden_size': 5, 'dropout': 0.12206636169421448, 'hidden_continuous_size': 5, 'attention_head_size': 3, 'learning_rate': 0.00767132758862992}. Best is trial 0 with value: 0.6661002039909363.
[I 2023-12-27 11:13:40,564] Trial 36 finished with value: 3.8253180980682373 and parameters: {'gradient_clip_val': 0.3357241948457862, 'hidden_size': 11, 'dropout': 0.17136303034766975, 'hidden_continuous_size': 7, 'attention_head_size': 2, 'learning_rate': 0.0005047096411247325}. Best is trial 0 with value: 0.6661002039909363.
[I 2023-12-27 11:13:40,930] Trial 37 finished with value: 3.357776641845703 and parameters: {'gradient_clip_val': 0.4073269988712193, 'hidden_size': 9, 'dropout': 0.314698003022964, 'hidden_continuous_size': 5, 'attention_head_size': 1, 'learning_rate': 0.0011399200543060276}. Best is trial 0 with value: 0.6661002039909363.
[I 2023-12-27 11:13:41,311] Trial 38 finished with value: 3.028494119644165 and parameters: {'gradient_clip_val': 0.3746984183845961, 'hidden_size': 15, 'dropout': 0.1329930493881684, 'hidden_continuous_size': 8, 'attention_head_size': 3, 'learning_rate': 0.0007187492734336188}. Best is trial 0 with value: 0.6661002039909363.
[I 2023-12-27 11:13:41,686] Trial 39 finished with value: 3.4432668685913086 and parameters: {'gradient_clip_val': 0.3042064640207286, 'hidden_size': 18, 'dropout': 0.22431583444197972, 'hidden_continuous_size': 11, 'attention_head_size': 2, 'learning_rate': 0.002445570844466491}. Best is trial 0 with value: 0.6661002039909363.
[I 2023-12-27 11:13:42,105] Trial 40 finished with value: 3.2812116146087646 and parameters: {'gradient_clip_val': 0.3178538725169275, 'hidden_size': 30, 'dropout': 0.18711079278485326, 'hidden_continuous_size': 14, 'attention_head_size': 3, 'learning_rate': 0.0015589430583613768}. Best is trial 0 with value: 0.6661002039909363.
[I 2023-12-27 11:13:42,472] Trial 41 finished with value: 3.1995389461517334 and parameters: {'gradient_clip_val': 0.44579550527459894, 'hidden_size': 8, 'dropout': 0.15382855243623417, 'hidden_continuous_size': 5, 'attention_head_size': 2, 'learning_rate': 0.011521376518991216}. Best is trial 0 with value: 0.6661002039909363.
[I 2023-12-27 11:13:42,839] Trial 42 finished with value: 2.2884418964385986 and parameters: {'gradient_clip_val': 0.4343996847937408, 'hidden_size': 6, 'dropout': 0.1545320149774661, 'hidden_continuous_size': 5, 'attention_head_size': 2, 'learning_rate': 0.018147306383136934}. Best is trial 0 with value: 0.6661002039909363.
[I 2023-12-27 11:13:43,211] Trial 43 finished with value: 3.19842791557312 and parameters: {'gradient_clip_val': 0.4995856632709848, 'hidden_size': 9, 'dropout': 0.11263639575242962, 'hidden_continuous_size': 5, 'attention_head_size': 2, 'learning_rate': 0.027391862357984163}. Best is trial 0 with value: 0.6661002039909363.
[I 2023-12-27 11:13:43,575] Trial 44 finished with value: 2.891005277633667 and parameters: {'gradient_clip_val': 0.3737944173405053, 'hidden_size': 8, 'dropout': 0.12747269692054836, 'hidden_continuous_size': 5, 'attention_head_size': 2, 'learning_rate': 0.05202966992340015}. Best is trial 0 with value: 0.6661002039909363.
[I 2023-12-27 11:13:43,948] Trial 45 finished with value: 2.968600034713745 and parameters: {'gradient_clip_val': 0.5933895422190079, 'hidden_size': 13, 'dropout': 0.17349488989072026, 'hidden_continuous_size': 6, 'attention_head_size': 2, 'learning_rate': 0.014947103786647545}. Best is trial 0 with value: 0.6661002039909363.
[I 2023-12-27 11:13:44,291] Trial 46 finished with value: 3.2556450366973877 and parameters: {'gradient_clip_val': 0.3473779334934373, 'hidden_size': 5, 'dropout': 0.21355344663603004, 'hidden_continuous_size': 5, 'attention_head_size': 3, 'learning_rate': 0.008893380359881289}. Best is trial 0 with value: 0.6661002039909363.
[I 2023-12-27 11:13:44,682] Trial 47 finished with value: 3.261420965194702 and parameters: {'gradient_clip_val': 0.24809303307639646, 'hidden_size': 11, 'dropout': 0.1904701455411267, 'hidden_continuous_size': 6, 'attention_head_size': 1, 'learning_rate': 0.000623491228909493}. Best is trial 0 with value: 0.6661002039909363.
[I 2023-12-27 11:13:45,301] Trial 48 finished with value: 3.530679702758789 and parameters: {'gradient_clip_val': 0.28950324597642785, 'hidden_size': 6, 'dropout': 0.24818694317858064, 'hidden_continuous_size': 5, 'attention_head_size': 4, 'learning_rate': 0.02377662028470855}. Best is trial 0 with value: 0.6661002039909363.
[I 2023-12-27 11:13:45,672] Trial 49 finished with value: 2.762735605239868 and parameters: {'gradient_clip_val': 0.33817180011375814, 'hidden_size': 7, 'dropout': 0.16123807045073799, 'hidden_continuous_size': 5, 'attention_head_size': 2, 'learning_rate': 0.03865349226566861}. Best is trial 0 with value: 0.6661002039909363.
[I 2023-12-27 11:13:45,783] A new study created in memory with name: no-name-8e33a9aa-bbcc-4d30-a093-820a65bee94b
/home/le004/conda/anaconda3/envs/tsff_env/lib/python3.9/site-packages/lightning/fabric/plugins/environments/slurm.py:191: The `srun` command is available on your system but is not used. HINT: If your intention is to run Lightning on SLURM, prepend your python command with `srun` like so: srun python /home/le004/master_thesis/git/TSFusionForecast/code/ ...
[I 2023-12-27 11:14:17,921] Trial 0 finished with value: 0.2656850516796112 and parameters: {'gradient_clip_val': 0.32997332227600923, 'hidden_size': 17, 'dropout': 0.2989041467578686, 'hidden_continuous_size': 16, 'attention_head_size': 4, 'learning_rate': 0.02561229929460111}. Best is trial 0 with value: 0.2656850516796112.
[I 2023-12-27 11:14:18,298] Trial 1 finished with value: 3.1139326095581055 and parameters: {'gradient_clip_val': 0.4285008897248263, 'hidden_size': 10, 'dropout': 0.19177557275194534, 'hidden_continuous_size': 5, 'attention_head_size': 2, 'learning_rate': 0.030063312910354183}. Best is trial 0 with value: 0.2656850516796112.
[I 2023-12-27 11:14:18,734] Trial 2 finished with value: 2.460312604904175 and parameters: {'gradient_clip_val': 0.12218704945336646, 'hidden_size': 71, 'dropout': 0.13192368364594087, 'hidden_continuous_size': 8, 'attention_head_size': 3, 'learning_rate': 0.006045244252721691}. Best is trial 0 with value: 0.2656850516796112.
[I 2023-12-27 11:14:19,110] Trial 3 finished with value: 2.7355563640594482 and parameters: {'gradient_clip_val': 0.7253996200940318, 'hidden_size': 32, 'dropout': 0.34044800094808736, 'hidden_continuous_size': 9, 'attention_head_size': 3, 'learning_rate': 0.04614357859949746}. Best is trial 0 with value: 0.2656850516796112.
[I 2023-12-27 11:14:19,524] Trial 4 finished with value: 2.7088959217071533 and parameters: {'gradient_clip_val': 0.6152171797094529, 'hidden_size': 51, 'dropout': 0.19268853659220944, 'hidden_continuous_size': 33, 'attention_head_size': 3, 'learning_rate': 0.0018916059283268188}. Best is trial 0 with value: 0.2656850516796112.
[I 2023-12-27 11:14:19,831] Trial 5 finished with value: 3.617234230041504 and parameters: {'gradient_clip_val': 0.30084618266477337, 'hidden_size': 6, 'dropout': 0.13304290046642706, 'hidden_continuous_size': 6, 'attention_head_size': 1, 'learning_rate': 0.0016154472503918241}. Best is trial 0 with value: 0.2656850516796112.
[I 2023-12-27 11:14:20,399] Trial 6 finished with value: 3.072972536087036 and parameters: {'gradient_clip_val': 0.241396443303418, 'hidden_size': 147, 'dropout': 0.32454761030975143, 'hidden_continuous_size': 27, 'attention_head_size': 2, 'learning_rate': 0.0784516129822779}. Best is trial 0 with value: 0.2656850516796112.
[I 2023-12-27 11:14:20,708] Trial 7 finished with value: 3.35125732421875 and parameters: {'gradient_clip_val': 0.1428745505995622, 'hidden_size': 5, 'dropout': 0.15897087907944948, 'hidden_continuous_size': 5, 'attention_head_size': 2, 'learning_rate': 0.0006383429726849569}. Best is trial 0 with value: 0.2656850516796112.
[I 2023-12-27 11:14:21,276] Trial 8 finished with value: 3.540966749191284 and parameters: {'gradient_clip_val': 0.23063977642447656, 'hidden_size': 26, 'dropout': 0.46094862936454073, 'hidden_continuous_size': 6, 'attention_head_size': 1, 'learning_rate': 0.006473968563576751}. Best is trial 0 with value: 0.2656850516796112.
[I 2023-12-27 11:14:21,637] Trial 9 finished with value: 3.2462103366851807 and parameters: {'gradient_clip_val': 0.4587912531469659, 'hidden_size': 21, 'dropout': 0.20067842482001985, 'hidden_continuous_size': 16, 'attention_head_size': 3, 'learning_rate': 0.0008989270726367663}. Best is trial 0 with value: 0.2656850516796112.
[I 2023-12-27 11:14:22,018] Trial 10 finished with value: 3.20363450050354 and parameters: {'gradient_clip_val': 0.9231303515323418, 'hidden_size': 14, 'dropout': 0.2591802490130376, 'hidden_continuous_size': 10, 'attention_head_size': 4, 'learning_rate': 0.01868745953912194}. Best is trial 0 with value: 0.2656850516796112.
[I 2023-12-27 11:14:22,456] Trial 11 finished with value: 3.3563153743743896 and parameters: {'gradient_clip_val': 0.10506016924450048, 'hidden_size': 55, 'dropout': 0.10434631527247468, 'hidden_continuous_size': 18, 'attention_head_size': 4, 'learning_rate': 0.010936610716010193}. Best is trial 0 with value: 0.2656850516796112.
[I 2023-12-27 11:14:22,966] Trial 12 finished with value: 3.919138193130493 and parameters: {'gradient_clip_val': 0.17285812942159504, 'hidden_size': 98, 'dropout': 0.2676054850757811, 'hidden_continuous_size': 59, 'attention_head_size': 4, 'learning_rate': 0.0060471540142507055}. Best is trial 0 with value: 0.2656850516796112.
[I 2023-12-27 11:14:23,384] Trial 13 finished with value: 3.1021833419799805 and parameters: {'gradient_clip_val': 0.10326822898763022, 'hidden_size': 45, 'dropout': 0.10577731332660453, 'hidden_continuous_size': 10, 'attention_head_size': 4, 'learning_rate': 0.013875193827047697}. Best is trial 0 with value: 0.2656850516796112.
[I 2023-12-27 11:14:23,761] Trial 14 finished with value: 2.8806660175323486 and parameters: {'gradient_clip_val': 0.33817884727050873, 'hidden_size': 17, 'dropout': 0.3836444558194104, 'hidden_continuous_size': 7, 'attention_head_size': 3, 'learning_rate': 0.005133260016385999}. Best is trial 0 with value: 0.2656850516796112.
[I 2023-12-27 11:14:24,154] Trial 15 finished with value: 2.8895838260650635 and parameters: {'gradient_clip_val': 0.1614978383099172, 'hidden_size': 33, 'dropout': 0.23841422913166496, 'hidden_continuous_size': 12, 'attention_head_size': 4, 'learning_rate': 0.021723090632476072}. Best is trial 0 with value: 0.2656850516796112.
[I 2023-12-27 11:14:24,613] Trial 16 finished with value: 2.8209316730499268 and parameters: {'gradient_clip_val': 0.20348419596860964, 'hidden_size': 84, 'dropout': 0.28881957735522307, 'hidden_continuous_size': 12, 'attention_head_size': 3, 'learning_rate': 0.03955509424155464}. Best is trial 0 with value: 0.2656850516796112.
[I 2023-12-27 11:14:24,982] Trial 17 finished with value: 3.363905668258667 and parameters: {'gradient_clip_val': 0.2875088441165064, 'hidden_size': 12, 'dropout': 0.22853299986617895, 'hidden_continuous_size': 6, 'attention_head_size': 4, 'learning_rate': 0.0942035758022809}. Best is trial 0 with value: 0.2656850516796112.
