[I 2023-12-27 11:29:54,867] Trial 22 finished with value: 13432.0517578125 and parameters: {'gradient_clip_val': 0.11825320736472315, 'hidden_size': 14, 'dropout': 0.40319499111573626, 'hidden_continuous_size': 8, 'attention_head_size': 1, 'learning_rate': 0.0013181502880016736}. Best is trial 0 with value: 4615.46142578125.
LOCAL_RANK: 0 - CUDA_VISIBLE_DEVICES: [0]
[I 2023-12-27 11:29:55,301] Trial 23 finished with value: 13620.7568359375 and parameters: {'gradient_clip_val': 0.142063937544642, 'hidden_size': 7, 'dropout': 0.32522830943516795, 'hidden_continuous_size': 5, 'attention_head_size': 1, 'learning_rate': 0.002837124253005185}. Best is trial 0 with value: 4615.46142578125.
LOCAL_RANK: 0 - CUDA_VISIBLE_DEVICES: [0]
[I 2023-12-27 11:29:56,020] Trial 24 finished with value: 18015.93359375 and parameters: {'gradient_clip_val': 0.16237294230403312, 'hidden_size': 10, 'dropout': 0.3559898507232097, 'hidden_continuous_size': 6, 'attention_head_size': 2, 'learning_rate': 0.0016979468055102634}. Best is trial 0 with value: 4615.46142578125.
LOCAL_RANK: 0 - CUDA_VISIBLE_DEVICES: [0]
[I 2023-12-27 11:29:56,470] Trial 25 finished with value: 15731.171875 and parameters: {'gradient_clip_val': 0.11557043267514486, 'hidden_size': 23, 'dropout': 0.38354811490265545, 'hidden_continuous_size': 10, 'attention_head_size': 3, 'learning_rate': 0.0008493040548986219}. Best is trial 0 with value: 4615.46142578125.
LOCAL_RANK: 0 - CUDA_VISIBLE_DEVICES: [0]
[I 2023-12-27 11:29:56,913] Trial 26 finished with value: 16981.4609375 and parameters: {'gradient_clip_val': 0.21356244265442215, 'hidden_size': 13, 'dropout': 0.30400994967006534, 'hidden_continuous_size': 7, 'attention_head_size': 2, 'learning_rate': 0.0016788171212954778}. Best is trial 0 with value: 4615.46142578125.
LOCAL_RANK: 0 - CUDA_VISIBLE_DEVICES: [0]
[I 2023-12-27 11:29:57,345] Trial 27 finished with value: 14946.0419921875 and parameters: {'gradient_clip_val': 0.16382376372537852, 'hidden_size': 6, 'dropout': 0.4890508633875961, 'hidden_continuous_size': 5, 'attention_head_size': 1, 'learning_rate': 0.003312516186376671}. Best is trial 0 with value: 4615.46142578125.
LOCAL_RANK: 0 - CUDA_VISIBLE_DEVICES: [0]
[I 2023-12-27 11:29:57,795] Trial 28 finished with value: 15508.5966796875 and parameters: {'gradient_clip_val': 0.10001319782131891, 'hidden_size': 9, 'dropout': 0.32567462169740996, 'hidden_continuous_size': 6, 'attention_head_size': 4, 'learning_rate': 0.0009223105981880217}. Best is trial 0 with value: 4615.46142578125.
LOCAL_RANK: 0 - CUDA_VISIBLE_DEVICES: [0]
[I 2023-12-27 11:29:58,237] Trial 29 finished with value: 19821.9921875 and parameters: {'gradient_clip_val': 0.19938474571709483, 'hidden_size': 14, 'dropout': 0.2606630826550096, 'hidden_continuous_size': 8, 'attention_head_size': 3, 'learning_rate': 0.004769812815893942}. Best is trial 0 with value: 4615.46142578125.
LOCAL_RANK: 0 - CUDA_VISIBLE_DEVICES: [0]
[I 2023-12-27 11:29:58,687] Trial 30 finished with value: 16565.130859375 and parameters: {'gradient_clip_val': 0.18343638732561315, 'hidden_size': 17, 'dropout': 0.22867037942334273, 'hidden_continuous_size': 10, 'attention_head_size': 4, 'learning_rate': 0.0019414355706547678}. Best is trial 0 with value: 4615.46142578125.
LOCAL_RANK: 0 - CUDA_VISIBLE_DEVICES: [0]
[I 2023-12-27 11:29:59,130] Trial 31 finished with value: 11918.2802734375 and parameters: {'gradient_clip_val': 0.11746952666297085, 'hidden_size': 17, 'dropout': 0.3745075037454856, 'hidden_continuous_size': 7, 'attention_head_size': 3, 'learning_rate': 0.051820417541405484}. Best is trial 0 with value: 4615.46142578125.
LOCAL_RANK: 0 - CUDA_VISIBLE_DEVICES: [0]
[I 2023-12-27 11:29:59,572] Trial 32 finished with value: 15536.2666015625 and parameters: {'gradient_clip_val': 0.11979383888477878, 'hidden_size': 12, 'dropout': 0.3717055900285904, 'hidden_continuous_size': 7, 'attention_head_size': 3, 'learning_rate': 0.009234681552880333}. Best is trial 0 with value: 4615.46142578125.
LOCAL_RANK: 0 - CUDA_VISIBLE_DEVICES: [0]
[I 2023-12-27 11:30:00,031] Trial 33 finished with value: 16275.5361328125 and parameters: {'gradient_clip_val': 0.11937957628091556, 'hidden_size': 28, 'dropout': 0.3564425760934134, 'hidden_continuous_size': 13, 'attention_head_size': 3, 'learning_rate': 0.0028266569867624763}. Best is trial 0 with value: 4615.46142578125.
LOCAL_RANK: 0 - CUDA_VISIBLE_DEVICES: [0]
[I 2023-12-27 11:30:00,511] Trial 34 finished with value: 20408.990234375 and parameters: {'gradient_clip_val': 0.1490946987157994, 'hidden_size': 37, 'dropout': 0.41119525667276347, 'hidden_continuous_size': 11, 'attention_head_size': 2, 'learning_rate': 0.038997454958917745}. Best is trial 0 with value: 4615.46142578125.
LOCAL_RANK: 0 - CUDA_VISIBLE_DEVICES: [0]
[I 2023-12-27 11:30:00,954] Trial 35 finished with value: 16467.599609375 and parameters: {'gradient_clip_val': 0.15337732661410688, 'hidden_size': 11, 'dropout': 0.43044889469235786, 'hidden_continuous_size': 8, 'attention_head_size': 4, 'learning_rate': 0.010468959251583053}. Best is trial 0 with value: 4615.46142578125.
LOCAL_RANK: 0 - CUDA_VISIBLE_DEVICES: [0]
[I 2023-12-27 11:30:01,396] Trial 36 finished with value: 16325.9501953125 and parameters: {'gradient_clip_val': 0.12674782646835178, 'hidden_size': 15, 'dropout': 0.46380415634363725, 'hidden_continuous_size': 9, 'attention_head_size': 1, 'learning_rate': 0.004403915560425671}. Best is trial 0 with value: 4615.46142578125.
LOCAL_RANK: 0 - CUDA_VISIBLE_DEVICES: [0]
[I 2023-12-27 11:30:02,107] Trial 37 finished with value: 17024.111328125 and parameters: {'gradient_clip_val': 0.10868276061941885, 'hidden_size': 20, 'dropout': 0.3895011398936989, 'hidden_continuous_size': 11, 'attention_head_size': 2, 'learning_rate': 0.023143785334658804}. Best is trial 0 with value: 4615.46142578125.
LOCAL_RANK: 0 - CUDA_VISIBLE_DEVICES: [0]
[I 2023-12-27 11:30:02,559] Trial 38 finished with value: 19984.427734375 and parameters: {'gradient_clip_val': 0.134391345141485, 'hidden_size': 24, 'dropout': 0.3635241083497457, 'hidden_continuous_size': 12, 'attention_head_size': 3, 'learning_rate': 0.006449537500649049}. Best is trial 0 with value: 4615.46142578125.
LOCAL_RANK: 0 - CUDA_VISIBLE_DEVICES: [0]
[I 2023-12-27 11:30:03,037] Trial 39 finished with value: 19187.970703125 and parameters: {'gradient_clip_val': 0.18295881546520354, 'hidden_size': 38, 'dropout': 0.3156048666272398, 'hidden_continuous_size': 15, 'attention_head_size': 2, 'learning_rate': 0.011887608904209113}. Best is trial 0 with value: 4615.46142578125.
LOCAL_RANK: 0 - CUDA_VISIBLE_DEVICES: [0]
[I 2023-12-27 11:30:03,504] Trial 40 finished with value: 14389.1904296875 and parameters: {'gradient_clip_val': 0.10803893228154238, 'hidden_size': 28, 'dropout': 0.4287909482121501, 'hidden_continuous_size': 10, 'attention_head_size': 1, 'learning_rate': 0.07424906812294448}. Best is trial 0 with value: 4615.46142578125.
LOCAL_RANK: 0 - CUDA_VISIBLE_DEVICES: [0]
[I 2023-12-27 11:30:03,950] Trial 41 finished with value: 16670.1796875 and parameters: {'gradient_clip_val': 0.10433367628809886, 'hidden_size': 17, 'dropout': 0.3731419478111238, 'hidden_continuous_size': 8, 'attention_head_size': 3, 'learning_rate': 0.06829936724973312}. Best is trial 0 with value: 4615.46142578125.
LOCAL_RANK: 0 - CUDA_VISIBLE_DEVICES: [0]
[I 2023-12-27 11:30:04,422] Trial 42 finished with value: 16715.169921875 and parameters: {'gradient_clip_val': 0.10287262911824784, 'hidden_size': 16, 'dropout': 0.3341786569459878, 'hidden_continuous_size': 7, 'attention_head_size': 3, 'learning_rate': 0.0970664609011726}. Best is trial 0 with value: 4615.46142578125.
LOCAL_RANK: 0 - CUDA_VISIBLE_DEVICES: [0]
[I 2023-12-27 11:30:04,898] Trial 43 finished with value: 13949.5419921875 and parameters: {'gradient_clip_val': 0.12871410748724996, 'hidden_size': 21, 'dropout': 0.34940826379456735, 'hidden_continuous_size': 9, 'attention_head_size': 3, 'learning_rate': 0.05192257732521382}. Best is trial 0 with value: 4615.46142578125.
LOCAL_RANK: 0 - CUDA_VISIBLE_DEVICES: [0]
[I 2023-12-27 11:30:05,340] Trial 44 finished with value: 20313.490234375 and parameters: {'gradient_clip_val': 0.1473759884369294, 'hidden_size': 13, 'dropout': 0.2831454134176696, 'hidden_continuous_size': 7, 'attention_head_size': 3, 'learning_rate': 0.09696542253630237}. Best is trial 0 with value: 4615.46142578125.
LOCAL_RANK: 0 - CUDA_VISIBLE_DEVICES: [0]
[I 2023-12-27 11:30:05,829] Trial 45 finished with value: 16693.796875 and parameters: {'gradient_clip_val': 0.11622307948333763, 'hidden_size': 19, 'dropout': 0.3119739198945811, 'hidden_continuous_size': 8, 'attention_head_size': 4, 'learning_rate': 0.022548176753635154}. Best is trial 0 with value: 4615.46142578125.
LOCAL_RANK: 0 - CUDA_VISIBLE_DEVICES: [0]
[I 2023-12-27 11:30:06,277] Trial 46 finished with value: 18492.02734375 and parameters: {'gradient_clip_val': 0.1417125556508501, 'hidden_size': 15, 'dropout': 0.347877897998271, 'hidden_continuous_size': 6, 'attention_head_size': 3, 'learning_rate': 0.0042809303527940054}. Best is trial 0 with value: 4615.46142578125.
LOCAL_RANK: 0 - CUDA_VISIBLE_DEVICES: [0]
[I 2023-12-27 11:30:06,726] Trial 47 finished with value: 18562.869140625 and parameters: {'gradient_clip_val': 0.22241999579691976, 'hidden_size': 11, 'dropout': 0.4003325125388938, 'hidden_continuous_size': 7, 'attention_head_size': 2, 'learning_rate': 0.005937751458339916}. Best is trial 0 with value: 4615.46142578125.
LOCAL_RANK: 0 - CUDA_VISIBLE_DEVICES: [0]
[I 2023-12-27 11:30:07,168] Trial 48 finished with value: 16806.634765625 and parameters: {'gradient_clip_val': 0.2560544850286512, 'hidden_size': 9, 'dropout': 0.281656209540663, 'hidden_continuous_size': 6, 'attention_head_size': 3, 'learning_rate': 0.0030340546100987766}. Best is trial 0 with value: 4615.46142578125.
LOCAL_RANK: 0 - CUDA_VISIBLE_DEVICES: [0]
[I 2023-12-27 11:30:07,621] Trial 49 finished with value: 21329.779296875 and parameters: {'gradient_clip_val': 0.10070681357533175, 'hidden_size': 19, 'dropout': 0.37210145496148, 'hidden_continuous_size': 8, 'attention_head_size': 3, 'learning_rate': 0.045030502923679196}. Best is trial 0 with value: 4615.46142578125.
[I 2023-12-27 11:30:07,749] A new study created in memory with name: no-name-82aba1f7-8373-4202-8863-06b71dcefda6
/home/le004/conda/anaconda3/envs/tsff_env/lib/python3.9/site-packages/lightning/fabric/plugins/environments/slurm.py:191: The `srun` command is available on your system but is not used. HINT: If your intention is to run Lightning on SLURM, prepend your python command with `srun` like so: srun python /home/le004/master_thesis/git/TSFusionForecast/code/ ...
LOCAL_RANK: 0 - CUDA_VISIBLE_DEVICES: [0]
[I 2023-12-27 11:30:26,150] Trial 0 finished with value: 427.9881896972656 and parameters: {'gradient_clip_val': 0.1283851042953145, 'hidden_size': 32, 'dropout': 0.35747613139799994, 'hidden_continuous_size': 7, 'attention_head_size': 2, 'learning_rate': 0.017029832146561567}. Best is trial 0 with value: 427.9881896972656.
LOCAL_RANK: 0 - CUDA_VISIBLE_DEVICES: [0]
[I 2023-12-27 11:30:26,558] Trial 1 finished with value: 964.0641479492188 and parameters: {'gradient_clip_val': 0.5403578063873115, 'hidden_size': 6, 'dropout': 0.4680542103623252, 'hidden_continuous_size': 5, 'attention_head_size': 1, 'learning_rate': 0.008153259591105981}. Best is trial 0 with value: 427.9881896972656.
LOCAL_RANK: 0 - CUDA_VISIBLE_DEVICES: [0]
[I 2023-12-27 11:30:26,974] Trial 2 finished with value: 988.033447265625 and parameters: {'gradient_clip_val': 0.10587644105016149, 'hidden_size': 15, 'dropout': 0.17403423822383468, 'hidden_continuous_size': 5, 'attention_head_size': 4, 'learning_rate': 0.008391005154645654}. Best is trial 0 with value: 427.9881896972656.
LOCAL_RANK: 0 - CUDA_VISIBLE_DEVICES: [0]
[I 2023-12-27 11:30:27,346] Trial 3 finished with value: 842.1051635742188 and parameters: {'gradient_clip_val': 0.3776713559726514, 'hidden_size': 5, 'dropout': 0.37902256308780957, 'hidden_continuous_size': 5, 'attention_head_size': 1, 'learning_rate': 0.0458317111416478}. Best is trial 0 with value: 427.9881896972656.
LOCAL_RANK: 0 - CUDA_VISIBLE_DEVICES: [0]
[I 2023-12-27 11:30:27,724] Trial 4 finished with value: 1017.4063110351562 and parameters: {'gradient_clip_val': 0.250055655513392, 'hidden_size': 6, 'dropout': 0.14304953870032847, 'hidden_continuous_size': 6, 'attention_head_size': 4, 'learning_rate': 0.013125616942084563}. Best is trial 0 with value: 427.9881896972656.
LOCAL_RANK: 0 - CUDA_VISIBLE_DEVICES: [0]
[I 2023-12-27 11:30:28,130] Trial 5 finished with value: 944.7481079101562 and parameters: {'gradient_clip_val': 0.35967924289223785, 'hidden_size': 6, 'dropout': 0.2685868170469983, 'hidden_continuous_size': 5, 'attention_head_size': 4, 'learning_rate': 0.023072036360029465}. Best is trial 0 with value: 427.9881896972656.
LOCAL_RANK: 0 - CUDA_VISIBLE_DEVICES: [0]
[I 2023-12-27 11:30:28,554] Trial 6 finished with value: 856.3713989257812 and parameters: {'gradient_clip_val': 0.28442162381092545, 'hidden_size': 28, 'dropout': 0.17775650620738995, 'hidden_continuous_size': 23, 'attention_head_size': 2, 'learning_rate': 0.021743829951206214}. Best is trial 0 with value: 427.9881896972656.
LOCAL_RANK: 0 - CUDA_VISIBLE_DEVICES: [0]
[I 2023-12-27 11:30:29,008] Trial 7 finished with value: 1073.0941162109375 and parameters: {'gradient_clip_val': 0.7263567196889159, 'hidden_size': 8, 'dropout': 0.25799331583024876, 'hidden_continuous_size': 5, 'attention_head_size': 3, 'learning_rate': 0.0009215577613244193}. Best is trial 0 with value: 427.9881896972656.
LOCAL_RANK: 0 - CUDA_VISIBLE_DEVICES: [0]
[I 2023-12-27 11:30:29,474] Trial 8 finished with value: 906.8754272460938 and parameters: {'gradient_clip_val': 0.7868963120236958, 'hidden_size': 62, 'dropout': 0.27579204032362903, 'hidden_continuous_size': 24, 'attention_head_size': 4, 'learning_rate': 0.007391640493018342}. Best is trial 0 with value: 427.9881896972656.
LOCAL_RANK: 0 - CUDA_VISIBLE_DEVICES: [0]
[I 2023-12-27 11:30:29,934] Trial 9 finished with value: 919.1636352539062 and parameters: {'gradient_clip_val': 0.12240571362761905, 'hidden_size': 27, 'dropout': 0.495629464693642, 'hidden_continuous_size': 6, 'attention_head_size': 4, 'learning_rate': 0.09554083393659189}. Best is trial 0 with value: 427.9881896972656.
LOCAL_RANK: 0 - CUDA_VISIBLE_DEVICES: [0]
[I 2023-12-27 11:30:30,472] Trial 10 finished with value: 817.7459106445312 and parameters: {'gradient_clip_val': 0.1705769869159996, 'hidden_size': 122, 'dropout': 0.3803305003255833, 'hidden_continuous_size': 106, 'attention_head_size': 2, 'learning_rate': 0.002294464070456002}. Best is trial 0 with value: 427.9881896972656.
LOCAL_RANK: 0 - CUDA_VISIBLE_DEVICES: [0]
[I 2023-12-27 11:30:31,245] Trial 11 finished with value: 1193.9705810546875 and parameters: {'gradient_clip_val': 0.16631784544373748, 'hidden_size': 124, 'dropout': 0.370778340599513, 'hidden_continuous_size': 107, 'attention_head_size': 2, 'learning_rate': 0.0022786458505171694}. Best is trial 0 with value: 427.9881896972656.
LOCAL_RANK: 0 - CUDA_VISIBLE_DEVICES: [0]
[I 2023-12-27 11:30:31,767] Trial 12 finished with value: 1017.5530395507812 and parameters: {'gradient_clip_val': 0.1693285243937373, 'hidden_size': 114, 'dropout': 0.3732200988320554, 'hidden_continuous_size': 99, 'attention_head_size': 2, 'learning_rate': 0.0028952033342336684}. Best is trial 0 with value: 427.9881896972656.
LOCAL_RANK: 0 - CUDA_VISIBLE_DEVICES: [0]
[I 2023-12-27 11:30:32,256] Trial 13 finished with value: 899.1702270507812 and parameters: {'gradient_clip_val': 0.17070928436874142, 'hidden_size': 52, 'dropout': 0.42296958528011525, 'hidden_continuous_size': 10, 'attention_head_size': 3, 'learning_rate': 0.0033162998852660722}. Best is trial 0 with value: 427.9881896972656.
LOCAL_RANK: 0 - CUDA_VISIBLE_DEVICES: [0]
[I 2023-12-27 11:30:32,798] Trial 14 finished with value: 953.58642578125 and parameters: {'gradient_clip_val': 0.10232140722504049, 'hidden_size': 149, 'dropout': 0.3298721221574583, 'hidden_continuous_size': 59, 'attention_head_size': 2, 'learning_rate': 0.0005218490451690917}. Best is trial 0 with value: 427.9881896972656.
LOCAL_RANK: 0 - CUDA_VISIBLE_DEVICES: [0]
[I 2023-12-27 11:30:33,275] Trial 15 finished with value: 1111.9013671875 and parameters: {'gradient_clip_val': 0.21799565543496396, 'hidden_size': 72, 'dropout': 0.4326286974655675, 'hidden_continuous_size': 13, 'attention_head_size': 1, 'learning_rate': 0.004188986951122879}. Best is trial 0 with value: 427.9881896972656.
LOCAL_RANK: 0 - CUDA_VISIBLE_DEVICES: [0]
[I 2023-12-27 11:30:33,761] Trial 16 finished with value: 1009.0807495117188 and parameters: {'gradient_clip_val': 0.13275998043976386, 'hidden_size': 40, 'dropout': 0.3218881828090153, 'hidden_continuous_size': 9, 'attention_head_size': 3, 'learning_rate': 0.0013840048004753833}. Best is trial 0 with value: 427.9881896972656.
LOCAL_RANK: 0 - CUDA_VISIBLE_DEVICES: [0]
[I 2023-12-27 11:30:34,259] Trial 17 finished with value: 1011.1134643554688 and parameters: {'gradient_clip_val': 0.22023664714584537, 'hidden_size': 91, 'dropout': 0.42196202410667627, 'hidden_continuous_size': 34, 'attention_head_size': 2, 'learning_rate': 0.00418768313067414}. Best is trial 0 with value: 427.9881896972656.
LOCAL_RANK: 0 - CUDA_VISIBLE_DEVICES: [0]
[I 2023-12-27 11:30:34,748] Trial 18 finished with value: 918.3793334960938 and parameters: {'gradient_clip_val': 0.14212779097175102, 'hidden_size': 41, 'dropout': 0.3180953970806471, 'hidden_continuous_size': 8, 'attention_head_size': 3, 'learning_rate': 0.001748461407267773}. Best is trial 0 with value: 427.9881896972656.
LOCAL_RANK: 0 - CUDA_VISIBLE_DEVICES: [0]
[I 2023-12-27 11:30:35,241] Trial 19 finished with value: 877.01123046875 and parameters: {'gradient_clip_val': 0.18575560605894106, 'hidden_size': 90, 'dropout': 0.22244281406288358, 'hidden_continuous_size': 15, 'attention_head_size': 1, 'learning_rate': 0.012598237331975586}. Best is trial 0 with value: 427.9881896972656.
LOCAL_RANK: 0 - CUDA_VISIBLE_DEVICES: [0]
[I 2023-12-27 11:30:35,690] Trial 20 finished with value: 1077.5986328125 and parameters: {'gradient_clip_val': 0.1381309647417797, 'hidden_size': 16, 'dropout': 0.34876513306099455, 'hidden_continuous_size': 7, 'attention_head_size': 2, 'learning_rate': 0.005686390975866546}. Best is trial 0 with value: 427.9881896972656.
LOCAL_RANK: 0 - CUDA_VISIBLE_DEVICES: [0]
[I 2023-12-27 11:30:36,145] Trial 21 finished with value: 1034.5780029296875 and parameters: {'gradient_clip_val': 0.36018108261185194, 'hidden_size': 13, 'dropout': 0.3800588692126507, 'hidden_continuous_size': 6, 'attention_head_size': 1, 'learning_rate': 0.050144312245877946}. Best is trial 0 with value: 427.9881896972656.
LOCAL_RANK: 0 - CUDA_VISIBLE_DEVICES: [0]
[I 2023-12-27 11:30:36,612] Trial 22 finished with value: 898.705078125 and parameters: {'gradient_clip_val': 0.4357228370928346, 'hidden_size': 21, 'dropout': 0.39746410953666966, 'hidden_continuous_size': 7, 'attention_head_size': 1, 'learning_rate': 0.031964509400462915}. Best is trial 0 with value: 427.9881896972656.
LOCAL_RANK: 0 - CUDA_VISIBLE_DEVICES: [0]
[I 2023-12-27 11:30:37,072] Trial 23 finished with value: 928.6970825195312 and parameters: {'gradient_clip_val': 0.2822756049190134, 'hidden_size': 10, 'dropout': 0.35016904248963004, 'hidden_continuous_size': 6, 'attention_head_size': 1, 'learning_rate': 0.04956463226077365}. Best is trial 0 with value: 427.9881896972656.
LOCAL_RANK: 0 - CUDA_VISIBLE_DEVICES: [0]
[I 2023-12-27 11:30:37,534] Trial 24 finished with value: 1142.722412109375 and parameters: {'gradient_clip_val': 0.20458429504804868, 'hidden_size': 20, 'dropout': 0.2948726570462892, 'hidden_continuous_size': 10, 'attention_head_size': 2, 'learning_rate': 0.01511846617265285}. Best is trial 0 with value: 427.9881896972656.
LOCAL_RANK: 0 - CUDA_VISIBLE_DEVICES: [0]
[I 2023-12-27 11:30:38,287] Trial 25 finished with value: 1067.0633544921875 and parameters: {'gradient_clip_val': 0.24604942711945696, 'hidden_size': 34, 'dropout': 0.4000393139099921, 'hidden_continuous_size': 12, 'attention_head_size': 2, 'learning_rate': 0.09713784221440637}. Best is trial 0 with value: 427.9881896972656.
LOCAL_RANK: 0 - CUDA_VISIBLE_DEVICES: [0]
[I 2023-12-27 11:30:38,785] Trial 26 finished with value: 854.154541015625 and parameters: {'gradient_clip_val': 0.11969637242314987, 'hidden_size': 49, 'dropout': 0.34773186537164946, 'hidden_continuous_size': 8, 'attention_head_size': 1, 'learning_rate': 0.029926444764015746}. Best is trial 0 with value: 427.9881896972656.
LOCAL_RANK: 0 - CUDA_VISIBLE_DEVICES: [0]
[I 2023-12-27 11:30:39,246] Trial 27 finished with value: 944.78125 and parameters: {'gradient_clip_val': 0.15147758169677328, 'hidden_size': 10, 'dropout': 0.45526201098933583, 'hidden_continuous_size': 5, 'attention_head_size': 3, 'learning_rate': 0.005471218327229825}. Best is trial 0 with value: 427.9881896972656.
LOCAL_RANK: 0 - CUDA_VISIBLE_DEVICES: [0]
[I 2023-12-27 11:30:39,660] Trial 28 finished with value: 1072.8856201171875 and parameters: {'gradient_clip_val': 0.18916999829357906, 'hidden_size': 5, 'dropout': 0.39568335362425655, 'hidden_continuous_size': 5, 'attention_head_size': 2, 'learning_rate': 0.010820190803346218}. Best is trial 0 with value: 427.9881896972656.
LOCAL_RANK: 0 - CUDA_VISIBLE_DEVICES: [0]
[I 2023-12-27 11:30:40,107] Trial 29 finished with value: 1046.8909912109375 and parameters: {'gradient_clip_val': 0.5388647865003158, 'hidden_size': 34, 'dropout': 0.45067923061005816, 'hidden_continuous_size': 16, 'attention_head_size': 1, 'learning_rate': 0.008465548787550977}. Best is trial 0 with value: 427.9881896972656.
LOCAL_RANK: 0 - CUDA_VISIBLE_DEVICES: [0]
