[I 2023-12-27 11:33:26,604] Trial 6 finished with value: 2.170905828475952 and parameters: {'gradient_clip_val': 0.5135408319035372, 'hidden_size': 32, 'dropout': 0.24526994174428762, 'hidden_continuous_size': 26, 'attention_head_size': 2, 'learning_rate': 0.0009759975659089065}. Best is trial 0 with value: 0.052052583545446396.
[I 2023-12-27 11:33:27,018] Trial 7 finished with value: 2.3981683254241943 and parameters: {'gradient_clip_val': 0.37434801013576013, 'hidden_size': 68, 'dropout': 0.22606361213400328, 'hidden_continuous_size': 6, 'attention_head_size': 3, 'learning_rate': 0.025561194823760496}. Best is trial 0 with value: 0.052052583545446396.
[I 2023-12-27 11:33:27,353] Trial 8 finished with value: 2.1491734981536865 and parameters: {'gradient_clip_val': 0.11350686841168643, 'hidden_size': 14, 'dropout': 0.4946647269903902, 'hidden_continuous_size': 14, 'attention_head_size': 4, 'learning_rate': 0.010325738798633298}. Best is trial 0 with value: 0.052052583545446396.
[I 2023-12-27 11:33:27,695] Trial 9 finished with value: 2.3937747478485107 and parameters: {'gradient_clip_val': 0.49465948116377745, 'hidden_size': 6, 'dropout': 0.41866886557988126, 'hidden_continuous_size': 5, 'attention_head_size': 4, 'learning_rate': 0.04545694659220212}. Best is trial 0 with value: 0.052052583545446396.
[I 2023-12-27 11:33:28,279] Trial 10 finished with value: 2.4611003398895264 and parameters: {'gradient_clip_val': 0.19037881324921835, 'hidden_size': 133, 'dropout': 0.10871621525861666, 'hidden_continuous_size': 56, 'attention_head_size': 2, 'learning_rate': 0.0038169607223575786}. Best is trial 0 with value: 0.052052583545446396.
[I 2023-12-27 11:33:28,718] Trial 11 finished with value: 2.072413444519043 and parameters: {'gradient_clip_val': 0.2496294210991957, 'hidden_size': 61, 'dropout': 0.37088187450359095, 'hidden_continuous_size': 9, 'attention_head_size': 3, 'learning_rate': 0.0755596184871221}. Best is trial 0 with value: 0.052052583545446396.
[I 2023-12-27 11:33:29,342] Trial 12 finished with value: 2.7242965698242188 and parameters: {'gradient_clip_val': 0.31265342724731043, 'hidden_size': 150, 'dropout': 0.1694402972259457, 'hidden_continuous_size': 59, 'attention_head_size': 3, 'learning_rate': 0.02672924954595393}. Best is trial 0 with value: 0.052052583545446396.
[I 2023-12-27 11:33:29,754] Trial 13 finished with value: 2.1701271533966064 and parameters: {'gradient_clip_val': 0.10019236757689481, 'hidden_size': 44, 'dropout': 0.34160327469657015, 'hidden_continuous_size': 7, 'attention_head_size': 2, 'learning_rate': 0.09260887775742074}. Best is trial 0 with value: 0.052052583545446396.
[I 2023-12-27 11:33:30,252] Trial 14 finished with value: 2.567864179611206 and parameters: {'gradient_clip_val': 0.999411814780009, 'hidden_size': 87, 'dropout': 0.3857364547392791, 'hidden_continuous_size': 29, 'attention_head_size': 3, 'learning_rate': 0.030167036118501588}. Best is trial 0 with value: 0.052052583545446396.
[I 2023-12-27 11:33:30,680] Trial 15 finished with value: 1.9236019849777222 and parameters: {'gradient_clip_val': 0.16464270323940322, 'hidden_size': 47, 'dropout': 0.31324519020014185, 'hidden_continuous_size': 17, 'attention_head_size': 1, 'learning_rate': 0.006521675067733926}. Best is trial 0 with value: 0.052052583545446396.
[I 2023-12-27 11:33:31,164] Trial 16 finished with value: 1.8723949193954468 and parameters: {'gradient_clip_val': 0.21128796698803068, 'hidden_size': 96, 'dropout': 0.19734529287630165, 'hidden_continuous_size': 34, 'attention_head_size': 3, 'learning_rate': 0.09520438820322702}. Best is trial 0 with value: 0.052052583545446396.
[I 2023-12-27 11:33:31,877] Trial 17 finished with value: 2.3245725631713867 and parameters: {'gradient_clip_val': 0.278474986229877, 'hidden_size': 92, 'dropout': 0.44003993029313876, 'hidden_continuous_size': 12, 'attention_head_size': 2, 'learning_rate': 0.04145126956948252}. Best is trial 0 with value: 0.052052583545446396.
[I 2023-12-27 11:33:32,258] Trial 18 finished with value: 1.9286564588546753 and parameters: {'gradient_clip_val': 0.33659173661198805, 'hidden_size': 19, 'dropout': 0.29447796621094463, 'hidden_continuous_size': 7, 'attention_head_size': 3, 'learning_rate': 0.014299510208875191}. Best is trial 0 with value: 0.052052583545446396.
[I 2023-12-27 11:33:32,675] Trial 19 finished with value: 2.0435774326324463 and parameters: {'gradient_clip_val': 0.14043917064867933, 'hidden_size': 41, 'dropout': 0.3626991819317746, 'hidden_continuous_size': 9, 'attention_head_size': 2, 'learning_rate': 0.04377305165951874}. Best is trial 0 with value: 0.052052583545446396.
[I 2023-12-27 11:33:33,145] Trial 20 finished with value: 2.3280961513519287 and parameters: {'gradient_clip_val': 0.20417957863486944, 'hidden_size': 78, 'dropout': 0.4167575643675213, 'hidden_continuous_size': 20, 'attention_head_size': 3, 'learning_rate': 0.01790273774825729}. Best is trial 0 with value: 0.052052583545446396.
[I 2023-12-27 11:33:33,670] Trial 21 finished with value: 1.9990702867507935 and parameters: {'gradient_clip_val': 0.23241028073408107, 'hidden_size': 108, 'dropout': 0.18766484063931801, 'hidden_continuous_size': 38, 'attention_head_size': 3, 'learning_rate': 0.09527306665970195}. Best is trial 0 with value: 0.052052583545446396.
[I 2023-12-27 11:33:34,230] Trial 22 finished with value: 2.1748106479644775 and parameters: {'gradient_clip_val': 0.17426471165927135, 'hidden_size': 103, 'dropout': 0.1497531415460292, 'hidden_continuous_size': 94, 'attention_head_size': 3, 'learning_rate': 0.06330125512689423}. Best is trial 0 with value: 0.052052583545446396.
[I 2023-12-27 11:33:34,677] Trial 23 finished with value: 2.1096718311309814 and parameters: {'gradient_clip_val': 0.22172183703034168, 'hidden_size': 59, 'dropout': 0.2120613425845031, 'hidden_continuous_size': 24, 'attention_head_size': 3, 'learning_rate': 0.05742602545562867}. Best is trial 0 with value: 0.052052583545446396.
[I 2023-12-27 11:33:35,269] Trial 24 finished with value: 1.504381537437439 and parameters: {'gradient_clip_val': 0.13429394437557793, 'hidden_size': 148, 'dropout': 0.1947768609523972, 'hidden_continuous_size': 36, 'attention_head_size': 2, 'learning_rate': 0.0972755206963054}. Best is trial 0 with value: 0.052052583545446396.
[I 2023-12-27 11:33:35,815] Trial 25 finished with value: 2.2210702896118164 and parameters: {'gradient_clip_val': 0.13276753781642464, 'hidden_size': 129, 'dropout': 0.14645508212085528, 'hidden_continuous_size': 15, 'attention_head_size': 1, 'learning_rate': 0.036577879357771716}. Best is trial 0 with value: 0.052052583545446396.
[I 2023-12-27 11:33:36,416] Trial 26 finished with value: 2.432800769805908 and parameters: {'gradient_clip_val': 0.11837244884224046, 'hidden_size': 141, 'dropout': 0.26222087052688353, 'hidden_continuous_size': 42, 'attention_head_size': 2, 'learning_rate': 0.05865938905628841}. Best is trial 0 with value: 0.052052583545446396.
[I 2023-12-27 11:33:36,883] Trial 27 finished with value: 1.3219935894012451 and parameters: {'gradient_clip_val': 0.16147637083627833, 'hidden_size': 80, 'dropout': 0.2884461458761853, 'hidden_continuous_size': 18, 'attention_head_size': 2, 'learning_rate': 0.024132809522781754}. Best is trial 0 with value: 0.052052583545446396.
[I 2023-12-27 11:33:37,312] Trial 28 finished with value: 2.3922362327575684 and parameters: {'gradient_clip_val': 0.15454391309731708, 'hidden_size': 54, 'dropout': 0.28608682660206103, 'hidden_continuous_size': 18, 'attention_head_size': 2, 'learning_rate': 0.025759970850255266}. Best is trial 0 with value: 0.052052583545446396.
[I 2023-12-27 11:33:37,767] Trial 29 finished with value: 2.011298894882202 and parameters: {'gradient_clip_val': 0.18039848507531972, 'hidden_size': 76, 'dropout': 0.3201241479593086, 'hidden_continuous_size': 5, 'attention_head_size': 4, 'learning_rate': 0.03352406549666045}. Best is trial 0 with value: 0.052052583545446396.
[I 2023-12-27 11:33:38,242] Trial 30 finished with value: 1.9481620788574219 and parameters: {'gradient_clip_val': 0.15535749675022364, 'hidden_size': 79, 'dropout': 0.3306885952033153, 'hidden_continuous_size': 22, 'attention_head_size': 1, 'learning_rate': 0.020887958356666948}. Best is trial 0 with value: 0.052052583545446396.
[I 2023-12-27 11:33:39,008] Trial 31 finished with value: 2.753296136856079 and parameters: {'gradient_clip_val': 0.13019806156834335, 'hidden_size': 101, 'dropout': 0.22021244250120214, 'hidden_continuous_size': 26, 'attention_head_size': 2, 'learning_rate': 0.07046111374622668}. Best is trial 0 with value: 0.052052583545446396.
[I 2023-12-27 11:33:39,541] Trial 32 finished with value: 1.8911519050598145 and parameters: {'gradient_clip_val': 0.10076239545824808, 'hidden_size': 120, 'dropout': 0.23902817538906548, 'hidden_continuous_size': 13, 'attention_head_size': 2, 'learning_rate': 0.05200697983841624}. Best is trial 0 with value: 0.052052583545446396.
[I 2023-12-27 11:33:40,023] Trial 33 finished with value: 1.9224177598953247 and parameters: {'gradient_clip_val': 0.15068682640903652, 'hidden_size': 79, 'dropout': 0.28838717550333925, 'hidden_continuous_size': 16, 'attention_head_size': 2, 'learning_rate': 0.07034883260573623}. Best is trial 0 with value: 0.052052583545446396.
[I 2023-12-27 11:33:40,621] Trial 34 finished with value: 3.0331668853759766 and parameters: {'gradient_clip_val': 0.1230251649137868, 'hidden_size': 150, 'dropout': 0.2641355310300516, 'hidden_continuous_size': 11, 'attention_head_size': 1, 'learning_rate': 0.04167249660588634}. Best is trial 0 with value: 0.052052583545446396.
[I 2023-12-27 11:33:41,145] Trial 35 finished with value: 2.6136744022369385 and parameters: {'gradient_clip_val': 0.14367423351742648, 'hidden_size': 114, 'dropout': 0.27213831389311155, 'hidden_continuous_size': 21, 'attention_head_size': 2, 'learning_rate': 0.05572565275754281}. Best is trial 0 with value: 0.052052583545446396.
[I 2023-12-27 11:33:41,612] Trial 36 finished with value: 2.9059104919433594 and parameters: {'gradient_clip_val': 0.18233724212807054, 'hidden_size': 69, 'dropout': 0.2338587874517713, 'hidden_continuous_size': 17, 'attention_head_size': 3, 'learning_rate': 0.07761886357726577}. Best is trial 0 with value: 0.052052583545446396.
[I 2023-12-27 11:33:42,111] Trial 37 finished with value: 2.6640007495880127 and parameters: {'gradient_clip_val': 0.11350154125691764, 'hidden_size': 89, 'dropout': 0.24326583772943713, 'hidden_continuous_size': 30, 'attention_head_size': 4, 'learning_rate': 0.03509499154629642}. Best is trial 0 with value: 0.052052583545446396.
[I 2023-12-27 11:33:42,543] Trial 38 finished with value: 2.4140944480895996 and parameters: {'gradient_clip_val': 0.13400368369394913, 'hidden_size': 53, 'dropout': 0.3098164890567355, 'hidden_continuous_size': 18, 'attention_head_size': 2, 'learning_rate': 0.046845375413209496}. Best is trial 0 with value: 0.052052583545446396.
[I 2023-12-27 11:33:43,080] Trial 39 finished with value: 2.3240890502929688 and parameters: {'gradient_clip_val': 0.39908974721818186, 'hidden_size': 119, 'dropout': 0.21095863702239942, 'hidden_continuous_size': 14, 'attention_head_size': 3, 'learning_rate': 0.020891525361531976}. Best is trial 0 with value: 0.052052583545446396.
[I 2023-12-27 11:33:43,501] Trial 40 finished with value: 1.7787681818008423 and parameters: {'gradient_clip_val': 0.5948964885490836, 'hidden_size': 35, 'dropout': 0.2509278567389761, 'hidden_continuous_size': 19, 'attention_head_size': 4, 'learning_rate': 0.029997383778389765}. Best is trial 0 with value: 0.052052583545446396.
[I 2023-12-27 11:33:43,915] Trial 41 finished with value: 1.8855255842208862 and parameters: {'gradient_clip_val': 0.6191779113435644, 'hidden_size': 38, 'dropout': 0.24646727288772488, 'hidden_continuous_size': 19, 'attention_head_size': 4, 'learning_rate': 0.03217003620193912}. Best is trial 0 with value: 0.052052583545446396.
[I 2023-12-27 11:33:44,332] Trial 42 finished with value: 2.6077020168304443 and parameters: {'gradient_clip_val': 0.586552036045011, 'hidden_size': 34, 'dropout': 0.19043371827970962, 'hidden_continuous_size': 15, 'attention_head_size': 4, 'learning_rate': 0.05224007700440265}. Best is trial 0 with value: 0.052052583545446396.
[I 2023-12-27 11:33:44,738] Trial 43 finished with value: 2.3539068698883057 and parameters: {'gradient_clip_val': 0.44080728640060673, 'hidden_size': 29, 'dropout': 0.2701459590453649, 'hidden_continuous_size': 11, 'attention_head_size': 4, 'learning_rate': 0.09772618421747803}. Best is trial 0 with value: 0.052052583545446396.
[I 2023-12-27 11:33:45,440] Trial 44 finished with value: 2.0040581226348877 and parameters: {'gradient_clip_val': 0.7048624080715956, 'hidden_size': 64, 'dropout': 0.2555862342565065, 'hidden_continuous_size': 23, 'attention_head_size': 4, 'learning_rate': 0.0717603559049853}. Best is trial 0 with value: 0.052052583545446396.
[I 2023-12-27 11:33:45,877] Trial 45 finished with value: 2.1548023223876953 and parameters: {'gradient_clip_val': 0.487289714908223, 'hidden_size': 50, 'dropout': 0.297971515838645, 'hidden_continuous_size': 20, 'attention_head_size': 2, 'learning_rate': 0.022535637390298485}. Best is trial 0 with value: 0.052052583545446396.
[I 2023-12-27 11:33:46,334] Trial 46 finished with value: 2.7317466735839844 and parameters: {'gradient_clip_val': 0.16683660721931262, 'hidden_size': 63, 'dropout': 0.4916605924878361, 'hidden_continuous_size': 24, 'attention_head_size': 3, 'learning_rate': 0.013729826307703188}. Best is trial 0 with value: 0.052052583545446396.
[I 2023-12-27 11:33:46,727] Trial 47 finished with value: 2.2995893955230713 and parameters: {'gradient_clip_val': 0.19082426690104423, 'hidden_size': 25, 'dropout': 0.2258802417835526, 'hidden_continuous_size': 13, 'attention_head_size': 2, 'learning_rate': 0.0326820314193985}. Best is trial 0 with value: 0.052052583545446396.
[I 2023-12-27 11:33:47,274] Trial 48 finished with value: 2.406618356704712 and parameters: {'gradient_clip_val': 0.2586381412273071, 'hidden_size': 126, 'dropout': 0.3390665368342731, 'hidden_continuous_size': 6, 'attention_head_size': 3, 'learning_rate': 0.02524289045364999}. Best is trial 0 with value: 0.052052583545446396.
[I 2023-12-27 11:33:47,752] Trial 49 finished with value: 2.6838200092315674 and parameters: {'gradient_clip_val': 0.35700279714335115, 'hidden_size': 88, 'dropout': 0.2769225660998061, 'hidden_continuous_size': 28, 'attention_head_size': 3, 'learning_rate': 0.04822344271238856}. Best is trial 0 with value: 0.052052583545446396.
[I 2023-12-27 11:33:47,871] A new study created in memory with name: no-name-a04afbac-fb3d-48e0-8d45-7bb312ffa76d
/home/le004/conda/anaconda3/envs/tsff_env/lib/python3.9/site-packages/lightning/fabric/plugins/environments/slurm.py:191: The `srun` command is available on your system but is not used. HINT: If your intention is to run Lightning on SLURM, prepend your python command with `srun` like so: srun python /home/le004/master_thesis/git/TSFusionForecast/code/ ...
[I 2023-12-27 11:34:23,294] Trial 0 finished with value: 0.04983784258365631 and parameters: {'gradient_clip_val': 0.29052239249480355, 'hidden_size': 37, 'dropout': 0.4895787258843506, 'hidden_continuous_size': 7, 'attention_head_size': 1, 'learning_rate': 0.016709817331133057}. Best is trial 0 with value: 0.04983784258365631.
[I 2023-12-27 11:34:32,702] Trial 1 finished with value: 1.9399632215499878 and parameters: {'gradient_clip_val': 0.15134452377569008, 'hidden_size': 7, 'dropout': 0.3472917769791707, 'hidden_continuous_size': 7, 'attention_head_size': 4, 'learning_rate': 0.01430714526928604}. Best is trial 0 with value: 0.04983784258365631.
[I 2023-12-27 11:34:33,054] Trial 2 finished with value: 3.7751615047454834 and parameters: {'gradient_clip_val': 0.20946637959481024, 'hidden_size': 10, 'dropout': 0.10001510640662192, 'hidden_continuous_size': 10, 'attention_head_size': 4, 'learning_rate': 0.0037819582668907146}. Best is trial 0 with value: 0.04983784258365631.
[I 2023-12-27 11:34:33,459] Trial 3 finished with value: 3.7413952350616455 and parameters: {'gradient_clip_val': 0.4510127328159656, 'hidden_size': 49, 'dropout': 0.3944883855936737, 'hidden_continuous_size': 8, 'attention_head_size': 1, 'learning_rate': 0.0008275889088216381}. Best is trial 0 with value: 0.04983784258365631.
[I 2023-12-27 11:34:33,880] Trial 4 finished with value: 2.5226428508758545 and parameters: {'gradient_clip_val': 0.12342961069492683, 'hidden_size': 57, 'dropout': 0.24860169186937275, 'hidden_continuous_size': 33, 'attention_head_size': 3, 'learning_rate': 0.010443189664087093}. Best is trial 0 with value: 0.04983784258365631.
[I 2023-12-27 11:34:34,442] Trial 5 finished with value: 2.901282548904419 and parameters: {'gradient_clip_val': 0.5102054688190983, 'hidden_size': 5, 'dropout': 0.31699632945000467, 'hidden_continuous_size': 5, 'attention_head_size': 2, 'learning_rate': 0.0016034977545152135}. Best is trial 0 with value: 0.04983784258365631.
[I 2023-12-27 11:34:34,800] Trial 6 finished with value: 3.7781574726104736 and parameters: {'gradient_clip_val': 0.14987121019807584, 'hidden_size': 19, 'dropout': 0.48680869370406177, 'hidden_continuous_size': 10, 'attention_head_size': 2, 'learning_rate': 0.000999324282106978}. Best is trial 0 with value: 0.04983784258365631.
[I 2023-12-27 11:34:35,153] Trial 7 finished with value: 3.1230976581573486 and parameters: {'gradient_clip_val': 0.14635718110142049, 'hidden_size': 12, 'dropout': 0.10061379942917914, 'hidden_continuous_size': 10, 'attention_head_size': 1, 'learning_rate': 0.009834969649267736}. Best is trial 0 with value: 0.04983784258365631.
[I 2023-12-27 11:34:35,539] Trial 8 finished with value: 3.3682098388671875 and parameters: {'gradient_clip_val': 0.23930111370239246, 'hidden_size': 35, 'dropout': 0.49563873374882406, 'hidden_continuous_size': 23, 'attention_head_size': 4, 'learning_rate': 0.0017960755531821544}. Best is trial 0 with value: 0.04983784258365631.
[I 2023-12-27 11:34:35,921] Trial 9 finished with value: 2.5769169330596924 and parameters: {'gradient_clip_val': 0.5692826156379444, 'hidden_size': 38, 'dropout': 0.46698692101472794, 'hidden_continuous_size': 8, 'attention_head_size': 3, 'learning_rate': 0.012627420073878728}. Best is trial 0 with value: 0.04983784258365631.
[I 2023-12-27 11:34:36,499] Trial 10 finished with value: 3.0856454372406006 and parameters: {'gradient_clip_val': 0.8726174599216577, 'hidden_size': 121, 'dropout': 0.4013069028561908, 'hidden_continuous_size': 93, 'attention_head_size': 1, 'learning_rate': 0.05016371188053703}. Best is trial 0 with value: 0.04983784258365631.
[I 2023-12-27 11:34:36,845] Trial 11 finished with value: 3.423231840133667 and parameters: {'gradient_clip_val': 0.2865131375071771, 'hidden_size': 5, 'dropout': 0.3969333984138952, 'hidden_continuous_size': 5, 'attention_head_size': 3, 'learning_rate': 0.030511157997266145}. Best is trial 0 with value: 0.04983784258365631.
[I 2023-12-27 11:34:37,227] Trial 12 finished with value: 3.607328414916992 and parameters: {'gradient_clip_val': 0.10464923021258399, 'hidden_size': 22, 'dropout': 0.31104809304770636, 'hidden_continuous_size': 6, 'attention_head_size': 2, 'learning_rate': 0.024289906878542555}. Best is trial 0 with value: 0.04983784258365631.
[I 2023-12-27 11:34:37,610] Trial 13 finished with value: 2.6727521419525146 and parameters: {'gradient_clip_val': 0.20412234449153308, 'hidden_size': 11, 'dropout': 0.4386390068624164, 'hidden_continuous_size': 6, 'attention_head_size': 4, 'learning_rate': 0.08740642616758784}. Best is trial 0 with value: 0.04983784258365631.
[I 2023-12-27 11:34:38,064] Trial 14 finished with value: 2.9338035583496094 and parameters: {'gradient_clip_val': 0.3409826556734369, 'hidden_size': 74, 'dropout': 0.3454574421934616, 'hidden_continuous_size': 14, 'attention_head_size': 2, 'learning_rate': 0.004933694102678116}. Best is trial 0 with value: 0.04983784258365631.
[I 2023-12-27 11:34:38,455] Trial 15 finished with value: 2.3136098384857178 and parameters: {'gradient_clip_val': 0.174517565376734, 'hidden_size': 23, 'dropout': 0.25803971119250463, 'hidden_continuous_size': 7, 'attention_head_size': 3, 'learning_rate': 0.023042785595524844}. Best is trial 0 with value: 0.04983784258365631.
[I 2023-12-27 11:34:38,825] Trial 16 finished with value: 3.372138023376465 and parameters: {'gradient_clip_val': 0.10479981953749827, 'hidden_size': 16, 'dropout': 0.4472848938117163, 'hidden_continuous_size': 6, 'attention_head_size': 1, 'learning_rate': 0.01757559549769503}. Best is trial 0 with value: 0.04983784258365631.
[I 2023-12-27 11:34:39,236] Trial 17 finished with value: 3.8833439350128174 and parameters: {'gradient_clip_val': 0.26511624658305477, 'hidden_size': 31, 'dropout': 0.49729675552924246, 'hidden_continuous_size': 5, 'attention_head_size': 4, 'learning_rate': 0.006345749475669941}. Best is trial 0 with value: 0.04983784258365631.
[I 2023-12-27 11:34:39,847] Trial 18 finished with value: 2.5801475048065186 and parameters: {'gradient_clip_val': 0.3427065589538609, 'hidden_size': 7, 'dropout': 0.3544563848542528, 'hidden_continuous_size': 5, 'attention_head_size': 3, 'learning_rate': 0.04132602378641423}. Best is trial 0 with value: 0.04983784258365631.
[I 2023-12-27 11:34:40,245] Trial 19 finished with value: 3.5877983570098877 and parameters: {'gradient_clip_val': 0.17443857190721976, 'hidden_size': 15, 'dropout': 0.43711231091475705, 'hidden_continuous_size': 7, 'attention_head_size': 2, 'learning_rate': 0.015955316439821888}. Best is trial 0 with value: 0.04983784258365631.
[I 2023-12-27 11:34:40,653] Trial 20 finished with value: 2.9264848232269287 and parameters: {'gradient_clip_val': 0.23025514994566348, 'hidden_size': 28, 'dropout': 0.4182836961298416, 'hidden_continuous_size': 8, 'attention_head_size': 4, 'learning_rate': 0.007644347716068429}. Best is trial 0 with value: 0.04983784258365631.
