[I 2023-12-27 11:06:59,197] Trial 8 finished with value: 96.69898223876953 and parameters: {'gradient_clip_val': 0.4942276106604764, 'hidden_size': 50, 'dropout': 0.39060413537206384, 'hidden_continuous_size': 28, 'attention_head_size': 2, 'learning_rate': 0.09378559546005447}. Best is trial 0 with value: 35.9183235168457.
LOCAL_RANK: 0 - CUDA_VISIBLE_DEVICES: [0]
[I 2023-12-27 11:06:59,668] Trial 9 finished with value: 148.9671630859375 and parameters: {'gradient_clip_val': 0.5266661663703746, 'hidden_size': 106, 'dropout': 0.22686588222500786, 'hidden_continuous_size': 5, 'attention_head_size': 3, 'learning_rate': 0.02556791792870804}. Best is trial 0 with value: 35.9183235168457.
LOCAL_RANK: 0 - CUDA_VISIBLE_DEVICES: [0]
[I 2023-12-27 11:07:00,112] Trial 10 finished with value: 75.03743743896484 and parameters: {'gradient_clip_val': 0.10178587599968698, 'hidden_size': 24, 'dropout': 0.4893454568890669, 'hidden_continuous_size': 14, 'attention_head_size': 1, 'learning_rate': 0.0012581211463463938}. Best is trial 0 with value: 35.9183235168457.
LOCAL_RANK: 0 - CUDA_VISIBLE_DEVICES: [0]
[I 2023-12-27 11:07:00,547] Trial 11 finished with value: 74.08343505859375 and parameters: {'gradient_clip_val': 0.11047918052472223, 'hidden_size': 24, 'dropout': 0.4755967314436612, 'hidden_continuous_size': 15, 'attention_head_size': 1, 'learning_rate': 0.001117573489580024}. Best is trial 0 with value: 35.9183235168457.
LOCAL_RANK: 0 - CUDA_VISIBLE_DEVICES: [0]
[I 2023-12-27 11:07:01,020] Trial 12 finished with value: 89.14923095703125 and parameters: {'gradient_clip_val': 0.11960864280700761, 'hidden_size': 29, 'dropout': 0.49892079249918836, 'hidden_continuous_size': 17, 'attention_head_size': 1, 'learning_rate': 0.00179705341577644}. Best is trial 0 with value: 35.9183235168457.
LOCAL_RANK: 0 - CUDA_VISIBLE_DEVICES: [0]
[I 2023-12-27 11:07:01,466] Trial 13 finished with value: 91.98365020751953 and parameters: {'gradient_clip_val': 0.20910835836790204, 'hidden_size': 24, 'dropout': 0.29941660388983404, 'hidden_continuous_size': 16, 'attention_head_size': 2, 'learning_rate': 0.0006707784838307469}. Best is trial 0 with value: 35.9183235168457.
LOCAL_RANK: 0 - CUDA_VISIBLE_DEVICES: [0]
[I 2023-12-27 11:07:01,943] Trial 14 finished with value: 83.86089324951172 and parameters: {'gradient_clip_val': 0.13881415655249704, 'hidden_size': 35, 'dropout': 0.11697496856309841, 'hidden_continuous_size': 20, 'attention_head_size': 1, 'learning_rate': 0.0023089986268650426}. Best is trial 0 with value: 35.9183235168457.
LOCAL_RANK: 0 - CUDA_VISIBLE_DEVICES: [0]
[I 2023-12-27 11:07:02,410] Trial 15 finished with value: 79.26836395263672 and parameters: {'gradient_clip_val': 0.24776521305264343, 'hidden_size': 17, 'dropout': 0.42550222789757747, 'hidden_continuous_size': 9, 'attention_head_size': 2, 'learning_rate': 0.002681959805557647}. Best is trial 0 with value: 35.9183235168457.
LOCAL_RANK: 0 - CUDA_VISIBLE_DEVICES: [0]
[I 2023-12-27 11:07:02,906] Trial 16 finished with value: 94.90106201171875 and parameters: {'gradient_clip_val': 0.14057218029665575, 'hidden_size': 148, 'dropout': 0.2924151142778598, 'hidden_continuous_size': 32, 'attention_head_size': 1, 'learning_rate': 0.001991478664259235}. Best is trial 0 with value: 35.9183235168457.
LOCAL_RANK: 0 - CUDA_VISIBLE_DEVICES: [0]
[I 2023-12-27 11:07:03,390] Trial 17 finished with value: 96.40423583984375 and parameters: {'gradient_clip_val': 0.21611044706904012, 'hidden_size': 39, 'dropout': 0.4335606719935216, 'hidden_continuous_size': 20, 'attention_head_size': 2, 'learning_rate': 0.0006151342145156802}. Best is trial 0 with value: 35.9183235168457.
LOCAL_RANK: 0 - CUDA_VISIBLE_DEVICES: [0]
[I 2023-12-27 11:07:03,839] Trial 18 finished with value: 70.81936645507812 and parameters: {'gradient_clip_val': 0.32232636046915014, 'hidden_size': 18, 'dropout': 0.33242342404222314, 'hidden_continuous_size': 11, 'attention_head_size': 4, 'learning_rate': 0.0012144582752143245}. Best is trial 0 with value: 35.9183235168457.
LOCAL_RANK: 0 - CUDA_VISIBLE_DEVICES: [0]
[I 2023-12-27 11:07:04,291] Trial 19 finished with value: 95.86650848388672 and parameters: {'gradient_clip_val': 0.3341333969427421, 'hidden_size': 13, 'dropout': 0.33070181092289447, 'hidden_continuous_size': 7, 'attention_head_size': 4, 'learning_rate': 0.0042516791698032136}. Best is trial 0 with value: 35.9183235168457.
LOCAL_RANK: 0 - CUDA_VISIBLE_DEVICES: [0]
[I 2023-12-27 11:07:04,765] Trial 20 finished with value: 73.37007904052734 and parameters: {'gradient_clip_val': 0.31586534436152325, 'hidden_size': 39, 'dropout': 0.2865312955583245, 'hidden_continuous_size': 11, 'attention_head_size': 4, 'learning_rate': 0.0012031399609900054}. Best is trial 0 with value: 35.9183235168457.
LOCAL_RANK: 0 - CUDA_VISIBLE_DEVICES: [0]
[I 2023-12-27 11:07:05,533] Trial 21 finished with value: 119.36224365234375 and parameters: {'gradient_clip_val': 0.32144655121800264, 'hidden_size': 43, 'dropout': 0.2687437360090348, 'hidden_continuous_size': 11, 'attention_head_size': 4, 'learning_rate': 0.0011870381224344084}. Best is trial 0 with value: 35.9183235168457.
LOCAL_RANK: 0 - CUDA_VISIBLE_DEVICES: [0]
[I 2023-12-27 11:07:06,032] Trial 22 finished with value: 133.1979217529297 and parameters: {'gradient_clip_val': 0.2790769150856411, 'hidden_size': 33, 'dropout': 0.3237437379382625, 'hidden_continuous_size': 10, 'attention_head_size': 4, 'learning_rate': 0.0005484717919122427}. Best is trial 0 with value: 35.9183235168457.
LOCAL_RANK: 0 - CUDA_VISIBLE_DEVICES: [0]
[I 2023-12-27 11:07:06,511] Trial 23 finished with value: 107.98262786865234 and parameters: {'gradient_clip_val': 0.3944386105387087, 'hidden_size': 19, 'dropout': 0.28036598723205275, 'hidden_continuous_size': 12, 'attention_head_size': 4, 'learning_rate': 0.002963573233954853}. Best is trial 0 with value: 35.9183235168457.
LOCAL_RANK: 0 - CUDA_VISIBLE_DEVICES: [0]
[I 2023-12-27 11:07:07,001] Trial 24 finished with value: 109.69571685791016 and parameters: {'gradient_clip_val': 0.22457452248577076, 'hidden_size': 56, 'dropout': 0.25071036279307163, 'hidden_continuous_size': 9, 'attention_head_size': 4, 'learning_rate': 0.0015297567680512044}. Best is trial 0 with value: 35.9183235168457.
LOCAL_RANK: 0 - CUDA_VISIBLE_DEVICES: [0]
[I 2023-12-27 11:07:07,485] Trial 25 finished with value: 92.746337890625 and parameters: {'gradient_clip_val': 0.2615286087809911, 'hidden_size': 41, 'dropout': 0.3063822497881978, 'hidden_continuous_size': 12, 'attention_head_size': 3, 'learning_rate': 0.0007707412507639862}. Best is trial 0 with value: 35.9183235168457.
LOCAL_RANK: 0 - CUDA_VISIBLE_DEVICES: [0]
[I 2023-12-27 11:07:07,933] Trial 26 finished with value: 125.29180145263672 and parameters: {'gradient_clip_val': 0.32083187963148735, 'hidden_size': 36, 'dropout': 0.35563071719537437, 'hidden_continuous_size': 10, 'attention_head_size': 4, 'learning_rate': 0.0010191914115161827}. Best is trial 0 with value: 35.9183235168457.
LOCAL_RANK: 0 - CUDA_VISIBLE_DEVICES: [0]
[I 2023-12-27 11:07:08,428] Trial 27 finished with value: 112.70675659179688 and parameters: {'gradient_clip_val': 0.3683913368612165, 'hidden_size': 31, 'dropout': 0.301201891050769, 'hidden_continuous_size': 13, 'attention_head_size': 3, 'learning_rate': 0.0015022363879911888}. Best is trial 0 with value: 35.9183235168457.
LOCAL_RANK: 0 - CUDA_VISIBLE_DEVICES: [0]
[I 2023-12-27 11:07:08,936] Trial 28 finished with value: 110.69769287109375 and parameters: {'gradient_clip_val': 0.18176815439946328, 'hidden_size': 69, 'dropout': 0.27388705211681796, 'hidden_continuous_size': 7, 'attention_head_size': 2, 'learning_rate': 0.0009288543075561454}. Best is trial 0 with value: 35.9183235168457.
LOCAL_RANK: 0 - CUDA_VISIBLE_DEVICES: [0]
[I 2023-12-27 11:07:09,425] Trial 29 finished with value: 87.08187103271484 and parameters: {'gradient_clip_val': 0.263672418064517, 'hidden_size': 49, 'dropout': 0.22822123555033752, 'hidden_continuous_size': 19, 'attention_head_size': 4, 'learning_rate': 0.003160884542433124}. Best is trial 0 with value: 35.9183235168457.
LOCAL_RANK: 0 - CUDA_VISIBLE_DEVICES: [0]
[I 2023-12-27 11:07:09,901] Trial 30 finished with value: 81.11772155761719 and parameters: {'gradient_clip_val': 0.28880935489076554, 'hidden_size': 69, 'dropout': 0.24470003447483762, 'hidden_continuous_size': 24, 'attention_head_size': 3, 'learning_rate': 0.0005358733776686678}. Best is trial 0 with value: 35.9183235168457.
LOCAL_RANK: 0 - CUDA_VISIBLE_DEVICES: [0]
[I 2023-12-27 11:07:10,375] Trial 31 finished with value: 111.22457122802734 and parameters: {'gradient_clip_val': 0.1993032257892034, 'hidden_size': 25, 'dropout': 0.38628990853969286, 'hidden_continuous_size': 15, 'attention_head_size': 1, 'learning_rate': 0.0010630669264158155}. Best is trial 0 with value: 35.9183235168457.
LOCAL_RANK: 0 - CUDA_VISIBLE_DEVICES: [0]
[I 2023-12-27 11:07:10,827] Trial 32 finished with value: 132.39877319335938 and parameters: {'gradient_clip_val': 0.23620683943692145, 'hidden_size': 20, 'dropout': 0.35385378257213695, 'hidden_continuous_size': 14, 'attention_head_size': 2, 'learning_rate': 0.0016506959656518005}. Best is trial 0 with value: 35.9183235168457.
LOCAL_RANK: 0 - CUDA_VISIBLE_DEVICES: [0]
[I 2023-12-27 11:07:11,273] Trial 33 finished with value: 94.32321166992188 and parameters: {'gradient_clip_val': 0.10126018612059877, 'hidden_size': 29, 'dropout': 0.19120246910437752, 'hidden_continuous_size': 16, 'attention_head_size': 1, 'learning_rate': 0.0009123780859469348}. Best is trial 0 with value: 35.9183235168457.
LOCAL_RANK: 0 - CUDA_VISIBLE_DEVICES: [0]
[I 2023-12-27 11:07:11,747] Trial 34 finished with value: 88.94302368164062 and parameters: {'gradient_clip_val': 0.15028644304387487, 'hidden_size': 15, 'dropout': 0.2537436776137296, 'hidden_continuous_size': 10, 'attention_head_size': 2, 'learning_rate': 0.002146360307684035}. Best is trial 0 with value: 35.9183235168457.
LOCAL_RANK: 0 - CUDA_VISIBLE_DEVICES: [0]
[I 2023-12-27 11:07:12,496] Trial 35 finished with value: 101.73145294189453 and parameters: {'gradient_clip_val': 0.16849753818651927, 'hidden_size': 11, 'dropout': 0.32113123737649124, 'hidden_continuous_size': 8, 'attention_head_size': 4, 'learning_rate': 0.0007922755960104063}. Best is trial 0 with value: 35.9183235168457.
LOCAL_RANK: 0 - CUDA_VISIBLE_DEVICES: [0]
[I 2023-12-27 11:07:12,982] Trial 36 finished with value: 100.9930648803711 and parameters: {'gradient_clip_val': 0.19341457021073788, 'hidden_size': 21, 'dropout': 0.15706509838974533, 'hidden_continuous_size': 12, 'attention_head_size': 3, 'learning_rate': 0.005314284008553871}. Best is trial 0 with value: 35.9183235168457.
LOCAL_RANK: 0 - CUDA_VISIBLE_DEVICES: [0]
[I 2023-12-27 11:07:13,425] Trial 37 finished with value: 79.54273223876953 and parameters: {'gradient_clip_val': 0.12312493773530907, 'hidden_size': 27, 'dropout': 0.2879177318399231, 'hidden_continuous_size': 14, 'attention_head_size': 1, 'learning_rate': 0.003709727790577998}. Best is trial 0 with value: 35.9183235168457.
LOCAL_RANK: 0 - CUDA_VISIBLE_DEVICES: [0]
[I 2023-12-27 11:07:13,910] Trial 38 finished with value: 93.88129425048828 and parameters: {'gradient_clip_val': 0.435921805771604, 'hidden_size': 9, 'dropout': 0.2220833590281191, 'hidden_continuous_size': 6, 'attention_head_size': 4, 'learning_rate': 0.001328561130670764}. Best is trial 0 with value: 35.9183235168457.
LOCAL_RANK: 0 - CUDA_VISIBLE_DEVICES: [0]
[I 2023-12-27 11:07:14,398] Trial 39 finished with value: 119.95487213134766 and parameters: {'gradient_clip_val': 0.23889226619132695, 'hidden_size': 48, 'dropout': 0.33847407332014917, 'hidden_continuous_size': 18, 'attention_head_size': 3, 'learning_rate': 0.006146660232509269}. Best is trial 0 with value: 35.9183235168457.
LOCAL_RANK: 0 - CUDA_VISIBLE_DEVICES: [0]
[I 2023-12-27 11:07:14,845] Trial 40 finished with value: 97.7503662109375 and parameters: {'gradient_clip_val': 0.2847293521310362, 'hidden_size': 39, 'dropout': 0.26724709113955925, 'hidden_continuous_size': 15, 'attention_head_size': 2, 'learning_rate': 0.007528704123691546}. Best is trial 0 with value: 35.9183235168457.
LOCAL_RANK: 0 - CUDA_VISIBLE_DEVICES: [0]
[I 2023-12-27 11:07:15,291] Trial 41 finished with value: 96.64234161376953 and parameters: {'gradient_clip_val': 0.10708531175233607, 'hidden_size': 24, 'dropout': 0.494541629372454, 'hidden_continuous_size': 13, 'attention_head_size': 1, 'learning_rate': 0.0012252254200021716}. Best is trial 0 with value: 35.9183235168457.
LOCAL_RANK: 0 - CUDA_VISIBLE_DEVICES: [0]
[I 2023-12-27 11:07:15,744] Trial 42 finished with value: 93.44891357421875 and parameters: {'gradient_clip_val': 0.11924197654443988, 'hidden_size': 21, 'dropout': 0.46039475996641893, 'hidden_continuous_size': 11, 'attention_head_size': 1, 'learning_rate': 0.0018657966686221293}. Best is trial 0 with value: 35.9183235168457.
LOCAL_RANK: 0 - CUDA_VISIBLE_DEVICES: [0]
[I 2023-12-27 11:07:16,224] Trial 43 finished with value: 85.44339752197266 and parameters: {'gradient_clip_val': 0.10027640354510513, 'hidden_size': 32, 'dropout': 0.39785386165502734, 'hidden_continuous_size': 14, 'attention_head_size': 1, 'learning_rate': 0.0005023942693072703}. Best is trial 0 with value: 35.9183235168457.
LOCAL_RANK: 0 - CUDA_VISIBLE_DEVICES: [0]
[I 2023-12-27 11:07:16,700] Trial 44 finished with value: 115.0138931274414 and parameters: {'gradient_clip_val': 0.1581450714867076, 'hidden_size': 26, 'dropout': 0.47607578856818095, 'hidden_continuous_size': 16, 'attention_head_size': 1, 'learning_rate': 0.0025695590356632934}. Best is trial 0 with value: 35.9183235168457.
LOCAL_RANK: 0 - CUDA_VISIBLE_DEVICES: [0]
[I 2023-12-27 11:07:17,175] Trial 45 finished with value: 85.80052947998047 and parameters: {'gradient_clip_val': 0.13313132626146965, 'hidden_size': 16, 'dropout': 0.45115327595828875, 'hidden_continuous_size': 11, 'attention_head_size': 2, 'learning_rate': 0.0006885117065905357}. Best is trial 0 with value: 35.9183235168457.
LOCAL_RANK: 0 - CUDA_VISIBLE_DEVICES: [0]
[I 2023-12-27 11:07:17,642] Trial 46 finished with value: 81.90340423583984 and parameters: {'gradient_clip_val': 0.1823824514481638, 'hidden_size': 23, 'dropout': 0.484165785822656, 'hidden_continuous_size': 12, 'attention_head_size': 1, 'learning_rate': 0.0016150891372370628}. Best is trial 0 with value: 35.9183235168457.
LOCAL_RANK: 0 - CUDA_VISIBLE_DEVICES: [0]
[I 2023-12-27 11:07:18,090] Trial 47 finished with value: 125.4793472290039 and parameters: {'gradient_clip_val': 0.11205033388002536, 'hidden_size': 29, 'dropout': 0.4209336189262668, 'hidden_continuous_size': 17, 'attention_head_size': 2, 'learning_rate': 0.0013145871424108597}. Best is trial 0 with value: 35.9183235168457.
LOCAL_RANK: 0 - CUDA_VISIBLE_DEVICES: [0]
[I 2023-12-27 11:07:18,542] Trial 48 finished with value: 104.25904083251953 and parameters: {'gradient_clip_val': 0.13396831942525814, 'hidden_size': 18, 'dropout': 0.47115805594309035, 'hidden_continuous_size': 13, 'attention_head_size': 1, 'learning_rate': 0.002354019593081423}. Best is trial 0 with value: 35.9183235168457.
LOCAL_RANK: 0 - CUDA_VISIBLE_DEVICES: [0]
[I 2023-12-27 11:07:19,298] Trial 49 finished with value: 135.81024169921875 and parameters: {'gradient_clip_val': 0.15039121669016026, 'hidden_size': 37, 'dropout': 0.4537434354964043, 'hidden_continuous_size': 21, 'attention_head_size': 3, 'learning_rate': 0.0008189996960806338}. Best is trial 0 with value: 35.9183235168457.
[I 2023-12-27 11:07:19,430] A new study created in memory with name: no-name-177b593b-8dfd-4a13-92fa-9fbea443e26b
/home/le004/conda/anaconda3/envs/tsff_env/lib/python3.9/site-packages/lightning/fabric/plugins/environments/slurm.py:191: The `srun` command is available on your system but is not used. HINT: If your intention is to run Lightning on SLURM, prepend your python command with `srun` like so: srun python /home/le004/master_thesis/git/TSFusionForecast/code/ ...
LOCAL_RANK: 0 - CUDA_VISIBLE_DEVICES: [0]
[I 2023-12-27 11:07:48,801] Trial 0 finished with value: 38.035186767578125 and parameters: {'gradient_clip_val': 0.39098127661775534, 'hidden_size': 138, 'dropout': 0.47709242938074325, 'hidden_continuous_size': 87, 'attention_head_size': 3, 'learning_rate': 0.0011748580728077737}. Best is trial 0 with value: 38.035186767578125.
LOCAL_RANK: 0 - CUDA_VISIBLE_DEVICES: [0]
[I 2023-12-27 11:07:50,016] Trial 1 finished with value: 151.33741760253906 and parameters: {'gradient_clip_val': 0.2532608143011462, 'hidden_size': 82, 'dropout': 0.264656377464019, 'hidden_continuous_size': 9, 'attention_head_size': 2, 'learning_rate': 0.06152944540861924}. Best is trial 0 with value: 38.035186767578125.
LOCAL_RANK: 0 - CUDA_VISIBLE_DEVICES: [0]
[I 2023-12-27 11:07:50,486] Trial 2 finished with value: 117.9405288696289 and parameters: {'gradient_clip_val': 0.3887932326971691, 'hidden_size': 121, 'dropout': 0.12092609718509927, 'hidden_continuous_size': 16, 'attention_head_size': 2, 'learning_rate': 0.05549974185980217}. Best is trial 0 with value: 38.035186767578125.
LOCAL_RANK: 0 - CUDA_VISIBLE_DEVICES: [0]
[I 2023-12-27 11:07:50,945] Trial 3 finished with value: 101.64725494384766 and parameters: {'gradient_clip_val': 0.3470485971841438, 'hidden_size': 86, 'dropout': 0.3323215851060762, 'hidden_continuous_size': 35, 'attention_head_size': 1, 'learning_rate': 0.07268512139828678}. Best is trial 0 with value: 38.035186767578125.
LOCAL_RANK: 0 - CUDA_VISIBLE_DEVICES: [0]
[I 2023-12-27 11:07:51,357] Trial 4 finished with value: 123.978271484375 and parameters: {'gradient_clip_val': 0.1257456602029235, 'hidden_size': 17, 'dropout': 0.3816343753088227, 'hidden_continuous_size': 16, 'attention_head_size': 1, 'learning_rate': 0.01810709169718127}. Best is trial 0 with value: 38.035186767578125.
LOCAL_RANK: 0 - CUDA_VISIBLE_DEVICES: [0]
[I 2023-12-27 11:07:51,833] Trial 5 finished with value: 103.8742446899414 and parameters: {'gradient_clip_val': 0.11018925363108689, 'hidden_size': 108, 'dropout': 0.375636225368259, 'hidden_continuous_size': 50, 'attention_head_size': 2, 'learning_rate': 0.0005466753759318439}. Best is trial 0 with value: 38.035186767578125.
LOCAL_RANK: 0 - CUDA_VISIBLE_DEVICES: [0]
[I 2023-12-27 11:07:52,239] Trial 6 finished with value: 104.4942398071289 and parameters: {'gradient_clip_val': 0.2756676852951359, 'hidden_size': 7, 'dropout': 0.3798595870924334, 'hidden_continuous_size': 7, 'attention_head_size': 3, 'learning_rate': 0.0030382508999473755}. Best is trial 0 with value: 38.035186767578125.
LOCAL_RANK: 0 - CUDA_VISIBLE_DEVICES: [0]
[I 2023-12-27 11:07:52,696] Trial 7 finished with value: 103.78690338134766 and parameters: {'gradient_clip_val': 0.1658746446740867, 'hidden_size': 42, 'dropout': 0.11216439930664085, 'hidden_continuous_size': 15, 'attention_head_size': 4, 'learning_rate': 0.0020572969161764283}. Best is trial 0 with value: 38.035186767578125.
LOCAL_RANK: 0 - CUDA_VISIBLE_DEVICES: [0]
[I 2023-12-27 11:07:53,119] Trial 8 finished with value: 110.71797943115234 and parameters: {'gradient_clip_val': 0.7339321431583634, 'hidden_size': 5, 'dropout': 0.45235914349486916, 'hidden_continuous_size': 5, 'attention_head_size': 4, 'learning_rate': 0.04961700897317478}. Best is trial 0 with value: 38.035186767578125.
LOCAL_RANK: 0 - CUDA_VISIBLE_DEVICES: [0]
[I 2023-12-27 11:07:53,564] Trial 9 finished with value: 115.98492431640625 and parameters: {'gradient_clip_val': 0.2350735240684225, 'hidden_size': 9, 'dropout': 0.46549116610531005, 'hidden_continuous_size': 8, 'attention_head_size': 3, 'learning_rate': 0.02498338027835786}. Best is trial 0 with value: 38.035186767578125.
LOCAL_RANK: 0 - CUDA_VISIBLE_DEVICES: [0]
[I 2023-12-27 11:07:54,322] Trial 10 finished with value: 64.1244125366211 and parameters: {'gradient_clip_val': 0.544595096727035, 'hidden_size': 41, 'dropout': 0.4859981554803933, 'hidden_continuous_size': 26, 'attention_head_size': 3, 'learning_rate': 0.0005355778259691303}. Best is trial 0 with value: 38.035186767578125.
LOCAL_RANK: 0 - CUDA_VISIBLE_DEVICES: [0]
[I 2023-12-27 11:07:54,780] Trial 11 finished with value: 99.84015655517578 and parameters: {'gradient_clip_val': 0.5760559331059627, 'hidden_size': 43, 'dropout': 0.49048392721868267, 'hidden_continuous_size': 27, 'attention_head_size': 3, 'learning_rate': 0.000541744272069548}. Best is trial 0 with value: 38.035186767578125.
LOCAL_RANK: 0 - CUDA_VISIBLE_DEVICES: [0]
[I 2023-12-27 11:07:55,308] Trial 12 finished with value: 120.20604705810547 and parameters: {'gradient_clip_val': 0.9382089399999102, 'hidden_size': 148, 'dropout': 0.48645334275931956, 'hidden_continuous_size': 121, 'attention_head_size': 3, 'learning_rate': 0.0013590500956110947}. Best is trial 0 with value: 38.035186767578125.
LOCAL_RANK: 0 - CUDA_VISIBLE_DEVICES: [0]
[I 2023-12-27 11:07:55,809] Trial 13 finished with value: 106.44014739990234 and parameters: {'gradient_clip_val': 0.4884666999612395, 'hidden_size': 54, 'dropout': 0.4366489229842802, 'hidden_continuous_size': 51, 'attention_head_size': 4, 'learning_rate': 0.005434587487263155}. Best is trial 0 with value: 38.035186767578125.
LOCAL_RANK: 0 - CUDA_VISIBLE_DEVICES: [0]
[I 2023-12-27 11:07:56,260] Trial 14 finished with value: 91.0289306640625 and parameters: {'gradient_clip_val': 0.45449073762335485, 'hidden_size': 27, 'dropout': 0.4344404957728579, 'hidden_continuous_size': 11, 'attention_head_size': 3, 'learning_rate': 0.0011173971488901034}. Best is trial 0 with value: 38.035186767578125.
LOCAL_RANK: 0 - CUDA_VISIBLE_DEVICES: [0]
[I 2023-12-27 11:07:56,746] Trial 15 finished with value: 114.7682876586914 and parameters: {'gradient_clip_val': 0.634349653854282, 'hidden_size': 57, 'dropout': 0.4868455366467, 'hidden_continuous_size': 23, 'attention_head_size': 2, 'learning_rate': 0.0009819826016620277}. Best is trial 0 with value: 38.035186767578125.
LOCAL_RANK: 0 - CUDA_VISIBLE_DEVICES: [0]
