[I 2023-12-27 11:19:33,124] Trial 4 finished with value: 48.04135513305664 and parameters: {'gradient_clip_val': 0.16727803330421173, 'hidden_size': 55, 'dropout': 0.15097184112226955, 'hidden_continuous_size': 22, 'attention_head_size': 3, 'learning_rate': 0.07579929213647772}. Best is trial 0 with value: 28.08787727355957.
[I 2023-12-27 11:19:33,512] Trial 5 finished with value: 64.77620697021484 and parameters: {'gradient_clip_val': 0.6273007048500191, 'hidden_size': 30, 'dropout': 0.47202085786685866, 'hidden_continuous_size': 27, 'attention_head_size': 4, 'learning_rate': 0.0012624920004432373}. Best is trial 0 with value: 28.08787727355957.
[I 2023-12-27 11:19:33,982] Trial 6 finished with value: 47.53371810913086 and parameters: {'gradient_clip_val': 0.3048073377096099, 'hidden_size': 88, 'dropout': 0.4354368020603726, 'hidden_continuous_size': 62, 'attention_head_size': 2, 'learning_rate': 0.0006617600822885406}. Best is trial 0 with value: 28.08787727355957.
[I 2023-12-27 11:19:34,387] Trial 7 finished with value: 63.00789260864258 and parameters: {'gradient_clip_val': 0.31812832361397775, 'hidden_size': 72, 'dropout': 0.36892193951320884, 'hidden_continuous_size': 5, 'attention_head_size': 3, 'learning_rate': 0.003323106348142851}. Best is trial 0 with value: 28.08787727355957.
[I 2023-12-27 11:19:34,787] Trial 8 finished with value: 66.28680419921875 and parameters: {'gradient_clip_val': 0.9409684036333205, 'hidden_size': 60, 'dropout': 0.2152964204767459, 'hidden_continuous_size': 17, 'attention_head_size': 1, 'learning_rate': 0.004735009402792568}. Best is trial 0 with value: 28.08787727355957.
[I 2023-12-27 11:19:35,285] Trial 9 finished with value: 61.769866943359375 and parameters: {'gradient_clip_val': 0.28479217516361716, 'hidden_size': 132, 'dropout': 0.14227774524032843, 'hidden_continuous_size': 13, 'attention_head_size': 4, 'learning_rate': 0.03838575681692406}. Best is trial 0 with value: 28.08787727355957.
[I 2023-12-27 11:19:35,611] Trial 10 finished with value: 60.53914260864258 and parameters: {'gradient_clip_val': 0.5514674058441856, 'hidden_size': 5, 'dropout': 0.11643320290947129, 'hidden_continuous_size': 5, 'attention_head_size': 2, 'learning_rate': 0.0018478292065340818}. Best is trial 0 with value: 28.08787727355957.
[I 2023-12-27 11:19:36,018] Trial 11 finished with value: 51.46530532836914 and parameters: {'gradient_clip_val': 0.11551541385764334, 'hidden_size': 14, 'dropout': 0.26905116194539824, 'hidden_continuous_size': 6, 'attention_head_size': 3, 'learning_rate': 0.000577068081175533}. Best is trial 0 with value: 28.08787727355957.
[I 2023-12-27 11:19:36,423] Trial 12 finished with value: 51.8058967590332 and parameters: {'gradient_clip_val': 0.1082337355186827, 'hidden_size': 27, 'dropout': 0.2920090909974944, 'hidden_continuous_size': 9, 'attention_head_size': 4, 'learning_rate': 0.0005724398627360289}. Best is trial 0 with value: 28.08787727355957.
[I 2023-12-27 11:19:36,789] Trial 13 finished with value: 69.04081726074219 and parameters: {'gradient_clip_val': 0.4622496762968335, 'hidden_size': 16, 'dropout': 0.24013791042360064, 'hidden_continuous_size': 7, 'attention_head_size': 3, 'learning_rate': 0.0014833261447219845}. Best is trial 0 with value: 28.08787727355957.
[I 2023-12-27 11:19:37,420] Trial 14 finished with value: 62.86360168457031 and parameters: {'gradient_clip_val': 0.41051063845617036, 'hidden_size': 41, 'dropout': 0.33416551239528686, 'hidden_continuous_size': 11, 'attention_head_size': 1, 'learning_rate': 0.0010269648373133716}. Best is trial 0 with value: 28.08787727355957.
[I 2023-12-27 11:19:37,788] Trial 15 finished with value: 44.652530670166016 and parameters: {'gradient_clip_val': 0.21348508451557652, 'hidden_size': 17, 'dropout': 0.10361980648007557, 'hidden_continuous_size': 6, 'attention_head_size': 4, 'learning_rate': 0.002549601734481992}. Best is trial 0 with value: 28.08787727355957.
[I 2023-12-27 11:19:38,362] Trial 16 finished with value: 53.40909957885742 and parameters: {'gradient_clip_val': 0.6423281294946119, 'hidden_size': 140, 'dropout': 0.24312988790724865, 'hidden_continuous_size': 37, 'attention_head_size': 2, 'learning_rate': 0.001034176399685397}. Best is trial 0 with value: 28.08787727355957.
[I 2023-12-27 11:19:38,791] Trial 17 finished with value: 65.18843841552734 and parameters: {'gradient_clip_val': 0.10218093741033196, 'hidden_size': 41, 'dropout': 0.21145534790297163, 'hidden_continuous_size': 16, 'attention_head_size': 3, 'learning_rate': 0.002247297353773572}. Best is trial 0 with value: 28.08787727355957.
[I 2023-12-27 11:19:39,158] Trial 18 finished with value: 46.84133529663086 and parameters: {'gradient_clip_val': 0.4229151720503066, 'hidden_size': 10, 'dropout': 0.2971387062644628, 'hidden_continuous_size': 6, 'attention_head_size': 4, 'learning_rate': 0.0005151952230301345}. Best is trial 0 with value: 28.08787727355957.
[I 2023-12-27 11:19:39,500] Trial 19 finished with value: 64.32587432861328 and parameters: {'gradient_clip_val': 0.8510873232602001, 'hidden_size': 5, 'dropout': 0.3803690362324615, 'hidden_continuous_size': 5, 'attention_head_size': 3, 'learning_rate': 0.007512125548108467}. Best is trial 0 with value: 28.08787727355957.
[I 2023-12-27 11:19:39,886] Trial 20 finished with value: 59.90255355834961 and parameters: {'gradient_clip_val': 0.1423679053610739, 'hidden_size': 23, 'dropout': 0.26094643915291454, 'hidden_continuous_size': 10, 'attention_head_size': 4, 'learning_rate': 0.0009196157412880249}. Best is trial 0 with value: 28.08787727355957.
[I 2023-12-27 11:19:40,269] Trial 21 finished with value: 49.01399612426758 and parameters: {'gradient_clip_val': 0.19259208044518403, 'hidden_size': 18, 'dropout': 0.10785393551504721, 'hidden_continuous_size': 7, 'attention_head_size': 4, 'learning_rate': 0.002056488109748998}. Best is trial 0 with value: 28.08787727355957.
[I 2023-12-27 11:19:40,642] Trial 22 finished with value: 60.12015914916992 and parameters: {'gradient_clip_val': 0.2331560292912071, 'hidden_size': 10, 'dropout': 0.10138244287215314, 'hidden_continuous_size': 6, 'attention_head_size': 4, 'learning_rate': 0.002788479082045054}. Best is trial 0 with value: 28.08787727355957.
[I 2023-12-27 11:19:41,014] Trial 23 finished with value: 60.71467208862305 and parameters: {'gradient_clip_val': 0.1354664653980811, 'hidden_size': 7, 'dropout': 0.141647584714266, 'hidden_continuous_size': 5, 'attention_head_size': 4, 'learning_rate': 0.0008765547533497681}. Best is trial 0 with value: 28.08787727355957.
[I 2023-12-27 11:19:41,417] Trial 24 finished with value: 58.54561233520508 and parameters: {'gradient_clip_val': 0.2141540123359795, 'hidden_size': 13, 'dropout': 0.18190721227843495, 'hidden_continuous_size': 8, 'attention_head_size': 3, 'learning_rate': 0.0014380240734447778}. Best is trial 0 with value: 28.08787727355957.
[I 2023-12-27 11:19:41,830] Trial 25 finished with value: 45.5189323425293 and parameters: {'gradient_clip_val': 0.2502046914360259, 'hidden_size': 20, 'dropout': 0.14727238860007708, 'hidden_continuous_size': 11, 'attention_head_size': 4, 'learning_rate': 0.001763346277532114}. Best is trial 0 with value: 28.08787727355957.
[I 2023-12-27 11:19:42,238] Trial 26 finished with value: 64.02680206298828 and parameters: {'gradient_clip_val': 0.12966403813626035, 'hidden_size': 33, 'dropout': 0.2097173324351871, 'hidden_continuous_size': 14, 'attention_head_size': 3, 'learning_rate': 0.0007988330453574513}. Best is trial 0 with value: 28.08787727355957.
[I 2023-12-27 11:19:42,627] Trial 27 finished with value: 58.567562103271484 and parameters: {'gradient_clip_val': 0.10018531559178108, 'hidden_size': 22, 'dropout': 0.10100042049195847, 'hidden_continuous_size': 9, 'attention_head_size': 4, 'learning_rate': 0.0013280060958570216}. Best is trial 0 with value: 28.08787727355957.
[I 2023-12-27 11:19:43,276] Trial 28 finished with value: 57.50265121459961 and parameters: {'gradient_clip_val': 0.1813999387057574, 'hidden_size': 12, 'dropout': 0.1712836415422172, 'hidden_continuous_size': 6, 'attention_head_size': 2, 'learning_rate': 0.003128458385043958}. Best is trial 0 with value: 28.08787727355957.
[I 2023-12-27 11:19:43,808] Trial 29 finished with value: 55.815303802490234 and parameters: {'gradient_clip_val': 0.14482703534675453, 'hidden_size': 96, 'dropout': 0.18224661334247722, 'hidden_continuous_size': 81, 'attention_head_size': 4, 'learning_rate': 0.000707484536733162}. Best is trial 0 with value: 28.08787727355957.
[I 2023-12-27 11:19:44,198] Trial 30 finished with value: 57.43400192260742 and parameters: {'gradient_clip_val': 0.1736606844027435, 'hidden_size': 17, 'dropout': 0.1363585198464164, 'hidden_continuous_size': 7, 'attention_head_size': 4, 'learning_rate': 0.0005122415009625317}. Best is trial 0 with value: 28.08787727355957.
[I 2023-12-27 11:19:44,574] Trial 31 finished with value: 66.85177612304688 and parameters: {'gradient_clip_val': 0.23752036319592731, 'hidden_size': 20, 'dropout': 0.159874344535532, 'hidden_continuous_size': 11, 'attention_head_size': 4, 'learning_rate': 0.0017843431878801}. Best is trial 0 with value: 28.08787727355957.
[I 2023-12-27 11:19:44,963] Trial 32 finished with value: 68.7249984741211 and parameters: {'gradient_clip_val': 0.3412108210038294, 'hidden_size': 26, 'dropout': 0.12559044834550978, 'hidden_continuous_size': 13, 'attention_head_size': 4, 'learning_rate': 0.0011913743615236546}. Best is trial 0 with value: 28.08787727355957.
[I 2023-12-27 11:19:45,342] Trial 33 finished with value: 72.745849609375 and parameters: {'gradient_clip_val': 0.2685586948319345, 'hidden_size': 8, 'dropout': 0.15689990541091675, 'hidden_continuous_size': 6, 'attention_head_size': 4, 'learning_rate': 0.002319283296918406}. Best is trial 0 with value: 28.08787727355957.
[I 2023-12-27 11:19:45,751] Trial 34 finished with value: 61.85811233520508 and parameters: {'gradient_clip_val': 0.19708981421630004, 'hidden_size': 36, 'dropout': 0.196763036949988, 'hidden_continuous_size': 20, 'attention_head_size': 4, 'learning_rate': 0.004181742646340394}. Best is trial 0 with value: 28.08787727355957.
[I 2023-12-27 11:19:46,158] Trial 35 finished with value: 58.1507568359375 and parameters: {'gradient_clip_val': 0.1529916802006734, 'hidden_size': 48, 'dropout': 0.13380248724463997, 'hidden_continuous_size': 25, 'attention_head_size': 3, 'learning_rate': 0.0007762531457005331}. Best is trial 0 with value: 28.08787727355957.
[I 2023-12-27 11:19:46,557] Trial 36 finished with value: 64.53239440917969 and parameters: {'gradient_clip_val': 0.16971132277209353, 'hidden_size': 28, 'dropout': 0.1615243919510789, 'hidden_continuous_size': 12, 'attention_head_size': 4, 'learning_rate': 0.0015221041364119785}. Best is trial 0 with value: 28.08787727355957.
[I 2023-12-27 11:19:47,031] Trial 37 finished with value: 77.5766830444336 and parameters: {'gradient_clip_val': 0.23640532604352046, 'hidden_size': 72, 'dropout': 0.12769224071431892, 'hidden_continuous_size': 30, 'attention_head_size': 4, 'learning_rate': 0.001141813442992637}. Best is trial 0 with value: 28.08787727355957.
[I 2023-12-27 11:19:47,423] Trial 38 finished with value: 76.90912628173828 and parameters: {'gradient_clip_val': 0.12022745946850658, 'hidden_size': 20, 'dropout': 0.19156122075870574, 'hidden_continuous_size': 10, 'attention_head_size': 3, 'learning_rate': 0.0017335639434219157}. Best is trial 0 with value: 28.08787727355957.
[I 2023-12-27 11:19:47,863] Trial 39 finished with value: 61.76585006713867 and parameters: {'gradient_clip_val': 0.32567045275813883, 'hidden_size': 61, 'dropout': 0.15983484141266177, 'hidden_continuous_size': 36, 'attention_head_size': 4, 'learning_rate': 0.000720063446009973}. Best is trial 0 with value: 28.08787727355957.
[I 2023-12-27 11:19:48,270] Trial 40 finished with value: 56.053802490234375 and parameters: {'gradient_clip_val': 0.16000803519581494, 'hidden_size': 32, 'dropout': 0.11714346854808552, 'hidden_continuous_size': 20, 'attention_head_size': 3, 'learning_rate': 0.0026201504258851547}. Best is trial 0 with value: 28.08787727355957.
[I 2023-12-27 11:19:48,657] Trial 41 finished with value: 59.04208755493164 and parameters: {'gradient_clip_val': 0.39750021907437055, 'hidden_size': 11, 'dropout': 0.3049830674768296, 'hidden_continuous_size': 8, 'attention_head_size': 4, 'learning_rate': 0.0005018092697956822}. Best is trial 0 with value: 28.08787727355957.
[I 2023-12-27 11:19:49,322] Trial 42 finished with value: 51.2097053527832 and parameters: {'gradient_clip_val': 0.2612914662693825, 'hidden_size': 14, 'dropout': 0.23195820898737424, 'hidden_continuous_size': 9, 'attention_head_size': 4, 'learning_rate': 0.0006845483401128567}. Best is trial 0 with value: 28.08787727355957.
[I 2023-12-27 11:19:49,715] Trial 43 finished with value: 72.38506317138672 and parameters: {'gradient_clip_val': 0.5200017571604529, 'hidden_size': 9, 'dropout': 0.14052917716945937, 'hidden_continuous_size': 7, 'attention_head_size': 4, 'learning_rate': 0.0009516647663052385}. Best is trial 0 with value: 28.08787727355957.
[I 2023-12-27 11:19:50,090] Trial 44 finished with value: 73.8890380859375 and parameters: {'gradient_clip_val': 0.29468993663289644, 'hidden_size': 6, 'dropout': 0.2827181946718695, 'hidden_continuous_size': 5, 'attention_head_size': 4, 'learning_rate': 0.0012749689568992235}. Best is trial 0 with value: 28.08787727355957.
[I 2023-12-27 11:19:50,491] Trial 45 finished with value: 61.6021728515625 and parameters: {'gradient_clip_val': 0.3572540120793629, 'hidden_size': 15, 'dropout': 0.3246058734966056, 'hidden_continuous_size': 12, 'attention_head_size': 1, 'learning_rate': 0.0006191479370727419}. Best is trial 0 with value: 28.08787727355957.
[I 2023-12-27 11:19:50,876] Trial 46 finished with value: 54.57984924316406 and parameters: {'gradient_clip_val': 0.6421268474980694, 'hidden_size': 11, 'dropout': 0.22669968116513034, 'hidden_continuous_size': 8, 'attention_head_size': 4, 'learning_rate': 0.0005047046012955883}. Best is trial 0 with value: 28.08787727355957.
[I 2023-12-27 11:19:51,464] Trial 47 finished with value: 42.49369430541992 and parameters: {'gradient_clip_val': 0.12033726760278927, 'hidden_size': 118, 'dropout': 0.25449950724031795, 'hidden_continuous_size': 61, 'attention_head_size': 4, 'learning_rate': 0.001004428770536332}. Best is trial 0 with value: 28.08787727355957.
[I 2023-12-27 11:19:52,044] Trial 48 finished with value: 58.01155471801758 and parameters: {'gradient_clip_val': 0.11701764634287277, 'hidden_size': 116, 'dropout': 0.25455621718261967, 'hidden_continuous_size': 70, 'attention_head_size': 3, 'learning_rate': 0.001856592724582726}. Best is trial 0 with value: 28.08787727355957.
[I 2023-12-27 11:19:52,662] Trial 49 finished with value: 52.7230224609375 and parameters: {'gradient_clip_val': 0.12537587474672168, 'hidden_size': 143, 'dropout': 0.2065152137129683, 'hidden_continuous_size': 56, 'attention_head_size': 4, 'learning_rate': 0.0010494058437876348}. Best is trial 0 with value: 28.08787727355957.
[I 2023-12-27 11:19:52,778] A new study created in memory with name: no-name-d2d1c050-79ad-47d1-8936-54fb97650386
/home/le004/conda/anaconda3/envs/tsff_env/lib/python3.9/site-packages/lightning/fabric/plugins/environments/slurm.py:191: The `srun` command is available on your system but is not used. HINT: If your intention is to run Lightning on SLURM, prepend your python command with `srun` like so: srun python /home/le004/master_thesis/git/TSFusionForecast/code/ ...
[I 2023-12-27 11:20:21,850] Trial 0 finished with value: 63.999176025390625 and parameters: {'gradient_clip_val': 0.10030298791851489, 'hidden_size': 69, 'dropout': 0.48621012152527787, 'hidden_continuous_size': 10, 'attention_head_size': 3, 'learning_rate': 0.003464783077728904}. Best is trial 0 with value: 63.999176025390625.
[I 2023-12-27 11:20:22,239] Trial 1 finished with value: 134.9878387451172 and parameters: {'gradient_clip_val': 0.28729772575584905, 'hidden_size': 19, 'dropout': 0.294886568430514, 'hidden_continuous_size': 17, 'attention_head_size': 4, 'learning_rate': 0.0288259960944081}. Best is trial 0 with value: 63.999176025390625.
[I 2023-12-27 11:20:22,568] Trial 2 finished with value: 114.1483383178711 and parameters: {'gradient_clip_val': 0.4707070294195851, 'hidden_size': 6, 'dropout': 0.1339157834042296, 'hidden_continuous_size': 6, 'attention_head_size': 1, 'learning_rate': 0.002809476548228334}. Best is trial 0 with value: 63.999176025390625.
[I 2023-12-27 11:20:23,218] Trial 3 finished with value: 151.9106903076172 and parameters: {'gradient_clip_val': 0.25094641732367695, 'hidden_size': 49, 'dropout': 0.1916336271057741, 'hidden_continuous_size': 7, 'attention_head_size': 3, 'learning_rate': 0.021949915231066295}. Best is trial 0 with value: 63.999176025390625.
[I 2023-12-27 11:20:23,626] Trial 4 finished with value: 140.5977325439453 and parameters: {'gradient_clip_val': 0.2303254132807623, 'hidden_size': 51, 'dropout': 0.2880051821909654, 'hidden_continuous_size': 6, 'attention_head_size': 3, 'learning_rate': 0.0034657994790355815}. Best is trial 0 with value: 63.999176025390625.
[I 2023-12-27 11:20:24,058] Trial 5 finished with value: 95.95450592041016 and parameters: {'gradient_clip_val': 0.5802704115562, 'hidden_size': 62, 'dropout': 0.250622531487496, 'hidden_continuous_size': 38, 'attention_head_size': 3, 'learning_rate': 0.0013126300862818855}. Best is trial 0 with value: 63.999176025390625.
[I 2023-12-27 11:20:24,426] Trial 6 finished with value: 103.40142822265625 and parameters: {'gradient_clip_val': 0.9275495017067185, 'hidden_size': 15, 'dropout': 0.472517172594738, 'hidden_continuous_size': 8, 'attention_head_size': 1, 'learning_rate': 0.0010161737437984892}. Best is trial 0 with value: 63.999176025390625.
[I 2023-12-27 11:20:24,933] Trial 7 finished with value: 139.1825714111328 and parameters: {'gradient_clip_val': 0.1531419124913898, 'hidden_size': 87, 'dropout': 0.2660382787309944, 'hidden_continuous_size': 83, 'attention_head_size': 1, 'learning_rate': 0.0021883476215450717}. Best is trial 0 with value: 63.999176025390625.
[I 2023-12-27 11:20:25,317] Trial 8 finished with value: 117.541259765625 and parameters: {'gradient_clip_val': 0.28434498575677236, 'hidden_size': 14, 'dropout': 0.12436961139776709, 'hidden_continuous_size': 11, 'attention_head_size': 4, 'learning_rate': 0.00342025707796125}. Best is trial 0 with value: 63.999176025390625.
[I 2023-12-27 11:20:25,676] Trial 9 finished with value: 93.98839569091797 and parameters: {'gradient_clip_val': 0.2610659907791627, 'hidden_size': 18, 'dropout': 0.3945216290780774, 'hidden_continuous_size': 5, 'attention_head_size': 1, 'learning_rate': 0.005803881738177276}. Best is trial 0 with value: 63.999176025390625.
[I 2023-12-27 11:20:26,259] Trial 10 finished with value: 144.36614990234375 and parameters: {'gradient_clip_val': 0.14375240779094897, 'hidden_size': 139, 'dropout': 0.4980980498354107, 'hidden_continuous_size': 22, 'attention_head_size': 2, 'learning_rate': 0.0005460125115194434}. Best is trial 0 with value: 63.999176025390625.
[I 2023-12-27 11:20:26,666] Trial 11 finished with value: 115.21659088134766 and parameters: {'gradient_clip_val': 0.10400397072163886, 'hidden_size': 28, 'dropout': 0.38812672881843235, 'hidden_continuous_size': 5, 'attention_head_size': 2, 'learning_rate': 0.009231885450189678}. Best is trial 0 with value: 63.999176025390625.
[I 2023-12-27 11:20:27,087] Trial 12 finished with value: 111.99337005615234 and parameters: {'gradient_clip_val': 0.17250178921284204, 'hidden_size': 36, 'dropout': 0.4056897867727945, 'hidden_continuous_size': 9, 'attention_head_size': 2, 'learning_rate': 0.009666424770350969}. Best is trial 0 with value: 63.999176025390625.
[I 2023-12-27 11:20:27,489] Trial 13 finished with value: 105.33898162841797 and parameters: {'gradient_clip_val': 0.10100855573362659, 'hidden_size': 26, 'dropout': 0.38893739867993254, 'hidden_continuous_size': 5, 'attention_head_size': 3, 'learning_rate': 0.007233737481695099}. Best is trial 0 with value: 63.999176025390625.
[I 2023-12-27 11:20:28,098] Trial 14 finished with value: 135.64907836914062 and parameters: {'gradient_clip_val': 0.3948968852045677, 'hidden_size': 150, 'dropout': 0.43792611314054924, 'hidden_continuous_size': 15, 'attention_head_size': 2, 'learning_rate': 0.08858855963904863}. Best is trial 0 with value: 63.999176025390625.
[I 2023-12-27 11:20:28,487] Trial 15 finished with value: 112.98677825927734 and parameters: {'gradient_clip_val': 0.1897419782320127, 'hidden_size': 10, 'dropout': 0.35741602073477974, 'hidden_continuous_size': 5, 'attention_head_size': 4, 'learning_rate': 0.004483142317842003}. Best is trial 0 with value: 63.999176025390625.
[I 2023-12-27 11:20:29,185] Trial 16 finished with value: 113.6717529296875 and parameters: {'gradient_clip_val': 0.13106618444684437, 'hidden_size': 82, 'dropout': 0.4559168493015101, 'hidden_continuous_size': 11, 'attention_head_size': 1, 'learning_rate': 0.006414821278694687}. Best is trial 0 with value: 63.999176025390625.
[I 2023-12-27 11:20:29,595] Trial 17 finished with value: 177.56761169433594 and parameters: {'gradient_clip_val': 0.2088984237823883, 'hidden_size': 39, 'dropout': 0.3432058585606004, 'hidden_continuous_size': 8, 'attention_head_size': 2, 'learning_rate': 0.001366331631610929}. Best is trial 0 with value: 63.999176025390625.
[I 2023-12-27 11:20:29,995] Trial 18 finished with value: 130.83108520507812 and parameters: {'gradient_clip_val': 0.3584653726388254, 'hidden_size': 24, 'dropout': 0.49467631016597646, 'hidden_continuous_size': 6, 'attention_head_size': 3, 'learning_rate': 0.001792655216820261}. Best is trial 0 with value: 63.999176025390625.
