[I 2023-12-27 10:53:26,297] Trial 14 finished with value: 31.28605842590332 and parameters: {'gradient_clip_val': 0.10329377162086369, 'hidden_size': 40, 'dropout': 0.2659839944237555, 'hidden_continuous_size': 9, 'attention_head_size': 4, 'learning_rate': 0.0005352172532540326}. Best is trial 0 with value: 13.724034309387207.
[I 2023-12-27 10:53:26,653] Trial 15 finished with value: 28.267595291137695 and parameters: {'gradient_clip_val': 0.1603778284225508, 'hidden_size': 14, 'dropout': 0.3435673780892532, 'hidden_continuous_size': 6, 'attention_head_size': 3, 'learning_rate': 0.026739033607049205}. Best is trial 0 with value: 13.724034309387207.
[I 2023-12-27 10:53:27,091] Trial 16 finished with value: 28.275238037109375 and parameters: {'gradient_clip_val': 0.26259129587761887, 'hidden_size': 86, 'dropout': 0.4287982851646454, 'hidden_continuous_size': 16, 'attention_head_size': 4, 'learning_rate': 0.004724390936477934}. Best is trial 0 with value: 13.724034309387207.
[I 2023-12-27 10:53:27,443] Trial 17 finished with value: 34.66719055175781 and parameters: {'gradient_clip_val': 0.31978888290107643, 'hidden_size': 18, 'dropout': 0.24943041133335334, 'hidden_continuous_size': 8, 'attention_head_size': 4, 'learning_rate': 0.00990308710173554}. Best is trial 0 with value: 13.724034309387207.
[I 2023-12-27 10:53:27,834] Trial 18 finished with value: 29.986175537109375 and parameters: {'gradient_clip_val': 0.2104591877658697, 'hidden_size': 42, 'dropout': 0.18967065652907472, 'hidden_continuous_size': 11, 'attention_head_size': 3, 'learning_rate': 0.02086880421073534}. Best is trial 0 with value: 13.724034309387207.
[I 2023-12-27 10:53:28,384] Trial 19 finished with value: 26.081052780151367 and parameters: {'gradient_clip_val': 0.1437130263580652, 'hidden_size': 8, 'dropout': 0.3361635117968176, 'hidden_continuous_size': 5, 'attention_head_size': 4, 'learning_rate': 0.001620638669122119}. Best is trial 0 with value: 13.724034309387207.
[I 2023-12-27 10:53:28,736] Trial 20 finished with value: 24.968505859375 and parameters: {'gradient_clip_val': 0.1456044637450737, 'hidden_size': 9, 'dropout': 0.45944712409694594, 'hidden_continuous_size': 5, 'attention_head_size': 3, 'learning_rate': 0.0013666483006843227}. Best is trial 0 with value: 13.724034309387207.
[I 2023-12-27 10:53:29,077] Trial 21 finished with value: 27.40517234802246 and parameters: {'gradient_clip_val': 0.15208367507948406, 'hidden_size': 8, 'dropout': 0.4705552622242247, 'hidden_continuous_size': 5, 'attention_head_size': 3, 'learning_rate': 0.0013688694588537302}. Best is trial 0 with value: 13.724034309387207.
[I 2023-12-27 10:53:29,432] Trial 22 finished with value: 28.598403930664062 and parameters: {'gradient_clip_val': 0.13992206320374298, 'hidden_size': 9, 'dropout': 0.45586624899943684, 'hidden_continuous_size': 5, 'attention_head_size': 4, 'learning_rate': 0.0013628951027580933}. Best is trial 0 with value: 13.724034309387207.
[I 2023-12-27 10:53:29,778] Trial 23 finished with value: 31.502656936645508 and parameters: {'gradient_clip_val': 0.1450471589008263, 'hidden_size': 7, 'dropout': 0.42764099827092217, 'hidden_continuous_size': 5, 'attention_head_size': 3, 'learning_rate': 0.0005108981832610474}. Best is trial 0 with value: 13.724034309387207.
[I 2023-12-27 10:53:30,138] Trial 24 finished with value: 31.370954513549805 and parameters: {'gradient_clip_val': 0.11147965367463725, 'hidden_size': 10, 'dropout': 0.4642662202335121, 'hidden_continuous_size': 6, 'attention_head_size': 4, 'learning_rate': 0.002516633541515339}. Best is trial 0 with value: 13.724034309387207.
[I 2023-12-27 10:53:30,483] Trial 25 finished with value: 30.933029174804688 and parameters: {'gradient_clip_val': 0.10042375559243093, 'hidden_size': 6, 'dropout': 0.40567043498354255, 'hidden_continuous_size': 5, 'attention_head_size': 2, 'learning_rate': 0.0009795227334026399}. Best is trial 0 with value: 13.724034309387207.
[I 2023-12-27 10:53:30,809] Trial 26 finished with value: 32.71221923828125 and parameters: {'gradient_clip_val': 0.13199204776001655, 'hidden_size': 5, 'dropout': 0.49479828746729254, 'hidden_continuous_size': 5, 'attention_head_size': 3, 'learning_rate': 0.0017937541304120874}. Best is trial 0 with value: 13.724034309387207.
[I 2023-12-27 10:53:31,165] Trial 27 finished with value: 25.198511123657227 and parameters: {'gradient_clip_val': 0.19822031665306203, 'hidden_size': 10, 'dropout': 0.36556694055216604, 'hidden_continuous_size': 6, 'attention_head_size': 4, 'learning_rate': 0.003605240099613644}. Best is trial 0 with value: 13.724034309387207.
[I 2023-12-27 10:53:31,525] Trial 28 finished with value: 33.58217239379883 and parameters: {'gradient_clip_val': 0.22266984894899688, 'hidden_size': 10, 'dropout': 0.3614238450314954, 'hidden_continuous_size': 6, 'attention_head_size': 4, 'learning_rate': 0.0034457328803573764}. Best is trial 0 with value: 13.724034309387207.
[I 2023-12-27 10:53:31,860] Trial 29 finished with value: 21.85692024230957 and parameters: {'gradient_clip_val': 0.22696598556076233, 'hidden_size': 5, 'dropout': 0.4188127696284682, 'hidden_continuous_size': 5, 'attention_head_size': 2, 'learning_rate': 0.0010841416687120515}. Best is trial 0 with value: 13.724034309387207.
[I 2023-12-27 10:53:32,176] Trial 30 finished with value: 26.940208435058594 and parameters: {'gradient_clip_val': 0.23362618842383498, 'hidden_size': 5, 'dropout': 0.4243227801141506, 'hidden_continuous_size': 5, 'attention_head_size': 2, 'learning_rate': 0.0009986864685268388}. Best is trial 0 with value: 13.724034309387207.
[I 2023-12-27 10:53:32,526] Trial 31 finished with value: 35.50507736206055 and parameters: {'gradient_clip_val': 0.18492740013614437, 'hidden_size': 6, 'dropout': 0.45928863533577785, 'hidden_continuous_size': 5, 'attention_head_size': 2, 'learning_rate': 0.0011143570261498645}. Best is trial 0 with value: 13.724034309387207.
[I 2023-12-27 10:53:32,894] Trial 32 finished with value: 33.2694091796875 and parameters: {'gradient_clip_val': 0.2300226724910337, 'hidden_size': 7, 'dropout': 0.40469338292423984, 'hidden_continuous_size': 5, 'attention_head_size': 1, 'learning_rate': 0.0016773007694480594}. Best is trial 0 with value: 13.724034309387207.
[I 2023-12-27 10:53:33,507] Trial 33 finished with value: 32.0488395690918 and parameters: {'gradient_clip_val': 0.1859421477559512, 'hidden_size': 11, 'dropout': 0.440833438340665, 'hidden_continuous_size': 6, 'attention_head_size': 2, 'learning_rate': 0.0007432993068324767}. Best is trial 0 with value: 13.724034309387207.
[I 2023-12-27 10:53:33,841] Trial 34 finished with value: 32.033287048339844 and parameters: {'gradient_clip_val': 0.17322607667479295, 'hidden_size': 5, 'dropout': 0.3708252841968755, 'hidden_continuous_size': 5, 'attention_head_size': 3, 'learning_rate': 0.0013641380350963741}. Best is trial 0 with value: 13.724034309387207.
[I 2023-12-27 10:53:34,231] Trial 35 finished with value: 30.03946876525879 and parameters: {'gradient_clip_val': 0.2516335572355524, 'hidden_size': 14, 'dropout': 0.4741669365534924, 'hidden_continuous_size': 6, 'attention_head_size': 2, 'learning_rate': 0.0030127262147920013}. Best is trial 0 with value: 13.724034309387207.
[I 2023-12-27 10:53:34,607] Trial 36 finished with value: 23.632429122924805 and parameters: {'gradient_clip_val': 0.20677752450490622, 'hidden_size': 8, 'dropout': 0.394079528672689, 'hidden_continuous_size': 6, 'attention_head_size': 4, 'learning_rate': 0.004524254011983517}. Best is trial 0 with value: 13.724034309387207.
[I 2023-12-27 10:53:34,965] Trial 37 finished with value: 21.28607177734375 and parameters: {'gradient_clip_val': 0.29315902580077063, 'hidden_size': 8, 'dropout': 0.3919877773623816, 'hidden_continuous_size': 6, 'attention_head_size': 3, 'learning_rate': 0.0006380972838950086}. Best is trial 0 with value: 13.724034309387207.
[I 2023-12-27 10:53:35,322] Trial 38 finished with value: 29.151647567749023 and parameters: {'gradient_clip_val': 0.30186656922686383, 'hidden_size': 6, 'dropout': 0.3874680640277577, 'hidden_continuous_size': 5, 'attention_head_size': 1, 'learning_rate': 0.0006106640293096771}. Best is trial 0 with value: 13.724034309387207.
[I 2023-12-27 10:53:35,702] Trial 39 finished with value: 24.610013961791992 and parameters: {'gradient_clip_val': 0.34187915475843167, 'hidden_size': 7, 'dropout': 0.4012597655524961, 'hidden_continuous_size': 6, 'attention_head_size': 2, 'learning_rate': 0.0007379923806005409}. Best is trial 0 with value: 13.724034309387207.
[I 2023-12-27 10:53:36,062] Trial 40 finished with value: 39.6193962097168 and parameters: {'gradient_clip_val': 0.2743012766919213, 'hidden_size': 5, 'dropout': 0.30367036260206137, 'hidden_continuous_size': 5, 'attention_head_size': 3, 'learning_rate': 0.0009179917134426533}. Best is trial 0 with value: 13.724034309387207.
[I 2023-12-27 10:53:36,450] Trial 41 finished with value: 27.381866455078125 and parameters: {'gradient_clip_val': 0.34861214351675324, 'hidden_size': 7, 'dropout': 0.4056984785364064, 'hidden_continuous_size': 6, 'attention_head_size': 2, 'learning_rate': 0.0007131372950715605}. Best is trial 0 with value: 13.724034309387207.
[I 2023-12-27 10:53:36,796] Trial 42 finished with value: 23.489015579223633 and parameters: {'gradient_clip_val': 0.41036679776404056, 'hidden_size': 8, 'dropout': 0.3816855332928486, 'hidden_continuous_size': 6, 'attention_head_size': 2, 'learning_rate': 0.0005097454880832255}. Best is trial 0 with value: 13.724034309387207.
[I 2023-12-27 10:53:37,162] Trial 43 finished with value: 23.015625 and parameters: {'gradient_clip_val': 0.3956931278269781, 'hidden_size': 12, 'dropout': 0.3816430858095004, 'hidden_continuous_size': 7, 'attention_head_size': 2, 'learning_rate': 0.0005257009143409907}. Best is trial 0 with value: 13.724034309387207.
[I 2023-12-27 10:53:37,530] Trial 44 finished with value: 31.0740966796875 and parameters: {'gradient_clip_val': 0.44192741844662153, 'hidden_size': 12, 'dropout': 0.37777930872217014, 'hidden_continuous_size': 7, 'attention_head_size': 2, 'learning_rate': 0.0005775851408833273}. Best is trial 0 with value: 13.724034309387207.
[I 2023-12-27 10:53:37,896] Trial 45 finished with value: 34.774513244628906 and parameters: {'gradient_clip_val': 0.38941480574180404, 'hidden_size': 19, 'dropout': 0.4206543726621232, 'hidden_continuous_size': 7, 'attention_head_size': 1, 'learning_rate': 0.0007670044382116139}. Best is trial 0 with value: 13.724034309387207.
[I 2023-12-27 10:53:38,265] Trial 46 finished with value: 28.875917434692383 and parameters: {'gradient_clip_val': 0.2969534311512773, 'hidden_size': 25, 'dropout': 0.354829664835108, 'hidden_continuous_size': 7, 'attention_head_size': 2, 'learning_rate': 0.0005244869262336524}. Best is trial 0 with value: 13.724034309387207.
[I 2023-12-27 10:53:38,844] Trial 47 finished with value: 30.988935470581055 and parameters: {'gradient_clip_val': 0.397487636443128, 'hidden_size': 34, 'dropout': 0.326448379867528, 'hidden_continuous_size': 9, 'attention_head_size': 2, 'learning_rate': 0.0006576299895697711}. Best is trial 0 with value: 13.724034309387207.
[I 2023-12-27 10:53:39,219] Trial 48 finished with value: 22.75700569152832 and parameters: {'gradient_clip_val': 0.5234029628959225, 'hidden_size': 15, 'dropout': 0.34785918103963875, 'hidden_continuous_size': 7, 'attention_head_size': 2, 'learning_rate': 0.0010895357754529288}. Best is trial 0 with value: 13.724034309387207.
[I 2023-12-27 10:53:39,585] Trial 49 finished with value: 34.298397064208984 and parameters: {'gradient_clip_val': 0.5395734738822807, 'hidden_size': 18, 'dropout': 0.3520113480383399, 'hidden_continuous_size': 8, 'attention_head_size': 1, 'learning_rate': 0.0011243509015898055}. Best is trial 0 with value: 13.724034309387207.
[I 2023-12-27 10:53:39,709] A new study created in memory with name: no-name-718b39a9-bda5-4531-b7ff-fcf85b2e6582
/home/le004/conda/anaconda3/envs/tsff_env/lib/python3.9/site-packages/lightning/fabric/plugins/environments/slurm.py:191: The `srun` command is available on your system but is not used. HINT: If your intention is to run Lightning on SLURM, prepend your python command with `srun` like so: srun python /home/le004/master_thesis/git/TSFusionForecast/code/ ...
[I 2023-12-27 10:54:11,500] Trial 0 finished with value: 77.09077453613281 and parameters: {'gradient_clip_val': 0.45251937124988045, 'hidden_size': 137, 'dropout': 0.1923913960873982, 'hidden_continuous_size': 74, 'attention_head_size': 4, 'learning_rate': 0.0758573499471917}. Best is trial 0 with value: 77.09077453613281.
[I 2023-12-27 10:54:11,941] Trial 1 finished with value: 261.82122802734375 and parameters: {'gradient_clip_val': 0.4209436022462805, 'hidden_size': 82, 'dropout': 0.23422319188000543, 'hidden_continuous_size': 22, 'attention_head_size': 4, 'learning_rate': 0.02909012556910409}. Best is trial 0 with value: 77.09077453613281.
[I 2023-12-27 10:54:12,359] Trial 2 finished with value: 271.6918029785156 and parameters: {'gradient_clip_val': 0.11846177208788093, 'hidden_size': 71, 'dropout': 0.39664991771882974, 'hidden_continuous_size': 33, 'attention_head_size': 4, 'learning_rate': 0.02492095799983961}. Best is trial 0 with value: 77.09077453613281.
[I 2023-12-27 10:54:12,701] Trial 3 finished with value: 227.46209716796875 and parameters: {'gradient_clip_val': 0.21940213860551516, 'hidden_size': 7, 'dropout': 0.3612263666504145, 'hidden_continuous_size': 5, 'attention_head_size': 3, 'learning_rate': 0.001505231059943896}. Best is trial 0 with value: 77.09077453613281.
[I 2023-12-27 10:54:13,034] Trial 4 finished with value: 219.1468505859375 and parameters: {'gradient_clip_val': 0.9415882123569901, 'hidden_size': 11, 'dropout': 0.2732624263080581, 'hidden_continuous_size': 5, 'attention_head_size': 1, 'learning_rate': 0.0005185669401151376}. Best is trial 0 with value: 77.09077453613281.
[I 2023-12-27 10:54:13,376] Trial 5 finished with value: 254.86524963378906 and parameters: {'gradient_clip_val': 0.8945211609233019, 'hidden_size': 6, 'dropout': 0.17226171070772073, 'hidden_continuous_size': 5, 'attention_head_size': 4, 'learning_rate': 0.002586906665833134}. Best is trial 0 with value: 77.09077453613281.
[I 2023-12-27 10:54:13,710] Trial 6 finished with value: 340.979736328125 and parameters: {'gradient_clip_val': 0.5020627564914707, 'hidden_size': 16, 'dropout': 0.46927398120733277, 'hidden_continuous_size': 13, 'attention_head_size': 3, 'learning_rate': 0.07702400511620422}. Best is trial 0 with value: 77.09077453613281.
[I 2023-12-27 10:54:14,085] Trial 7 finished with value: 319.8562927246094 and parameters: {'gradient_clip_val': 0.3955991603359008, 'hidden_size': 49, 'dropout': 0.35304996869819694, 'hidden_continuous_size': 6, 'attention_head_size': 3, 'learning_rate': 0.002134291639677932}. Best is trial 0 with value: 77.09077453613281.
[I 2023-12-27 10:54:14,479] Trial 8 finished with value: 293.9416198730469 and parameters: {'gradient_clip_val': 0.2594691187836045, 'hidden_size': 63, 'dropout': 0.3268353767134802, 'hidden_continuous_size': 26, 'attention_head_size': 4, 'learning_rate': 0.001604060765877186}. Best is trial 0 with value: 77.09077453613281.
[I 2023-12-27 10:54:15,108] Trial 9 finished with value: 304.49462890625 and parameters: {'gradient_clip_val': 0.7504903685036756, 'hidden_size': 76, 'dropout': 0.30360135784403003, 'hidden_continuous_size': 17, 'attention_head_size': 1, 'learning_rate': 0.0028046051776928938}. Best is trial 0 with value: 77.09077453613281.
[I 2023-12-27 10:54:15,713] Trial 10 finished with value: 267.4752197265625 and parameters: {'gradient_clip_val': 0.2085252779409041, 'hidden_size': 141, 'dropout': 0.10963439415221593, 'hidden_continuous_size': 100, 'attention_head_size': 2, 'learning_rate': 0.09335900022621454}. Best is trial 0 with value: 77.09077453613281.
[I 2023-12-27 10:54:16,073] Trial 11 finished with value: 315.4572448730469 and parameters: {'gradient_clip_val': 0.6466761195528453, 'hidden_size': 22, 'dropout': 0.2435950821135967, 'hidden_continuous_size': 7, 'attention_head_size': 1, 'learning_rate': 0.0005541912306458446}. Best is trial 0 with value: 77.09077453613281.
[I 2023-12-27 10:54:16,446] Trial 12 finished with value: 272.759765625 and parameters: {'gradient_clip_val': 0.8837599507437466, 'hidden_size': 14, 'dropout': 0.2258084197772257, 'hidden_continuous_size': 6, 'attention_head_size': 2, 'learning_rate': 0.008098858663260482}. Best is trial 0 with value: 77.09077453613281.
[I 2023-12-27 10:54:16,837] Trial 13 finished with value: 202.7670135498047 and parameters: {'gradient_clip_val': 0.9932114143854763, 'hidden_size': 35, 'dropout': 0.27026719247529485, 'hidden_continuous_size': 9, 'attention_head_size': 2, 'learning_rate': 0.0006034036723806931}. Best is trial 0 with value: 77.09077453613281.
[I 2023-12-27 10:54:17,212] Trial 14 finished with value: 318.8119201660156 and parameters: {'gradient_clip_val': 0.5846337911359103, 'hidden_size': 34, 'dropout': 0.17360170879697512, 'hidden_continuous_size': 9, 'attention_head_size': 2, 'learning_rate': 0.008139159033861774}. Best is trial 0 with value: 77.09077453613281.
[I 2023-12-27 10:54:17,758] Trial 15 finished with value: 243.371826171875 and parameters: {'gradient_clip_val': 0.610472663747575, 'hidden_size': 131, 'dropout': 0.2835445253116275, 'hidden_continuous_size': 49, 'attention_head_size': 3, 'learning_rate': 0.01550006689314616}. Best is trial 0 with value: 77.09077453613281.
[I 2023-12-27 10:54:18,143] Trial 16 finished with value: 254.56005859375 and parameters: {'gradient_clip_val': 0.35474266130881216, 'hidden_size': 33, 'dropout': 0.18744683175105276, 'hidden_continuous_size': 11, 'attention_head_size': 2, 'learning_rate': 0.0047875714454569075}. Best is trial 0 with value: 77.09077453613281.
[I 2023-12-27 10:54:18,540] Trial 17 finished with value: 285.1164855957031 and parameters: {'gradient_clip_val': 0.4981803803317953, 'hidden_size': 42, 'dropout': 0.10705786541577342, 'hidden_continuous_size': 9, 'attention_head_size': 3, 'learning_rate': 0.04655949990210929}. Best is trial 0 with value: 77.09077453613281.
[I 2023-12-27 10:54:18,910] Trial 18 finished with value: 296.4496765136719 and parameters: {'gradient_clip_val': 0.7293242749176957, 'hidden_size': 28, 'dropout': 0.2111548199286295, 'hidden_continuous_size': 8, 'attention_head_size': 2, 'learning_rate': 0.014769077994871241}. Best is trial 0 with value: 77.09077453613281.
[I 2023-12-27 10:54:19,377] Trial 19 finished with value: 226.11231994628906 and parameters: {'gradient_clip_val': 0.31403637302248594, 'hidden_size': 102, 'dropout': 0.2651213800485871, 'hidden_continuous_size': 15, 'attention_head_size': 1, 'learning_rate': 0.0010175729185555775}. Best is trial 0 with value: 77.09077453613281.
[I 2023-12-27 10:54:19,798] Trial 20 finished with value: 264.1396789550781 and parameters: {'gradient_clip_val': 0.9691472332691822, 'hidden_size': 51, 'dropout': 0.15936095611180323, 'hidden_continuous_size': 11, 'attention_head_size': 4, 'learning_rate': 0.003924629566730282}. Best is trial 0 with value: 77.09077453613281.
[I 2023-12-27 10:54:20,150] Trial 21 finished with value: 160.64158630371094 and parameters: {'gradient_clip_val': 0.9883675626414066, 'hidden_size': 9, 'dropout': 0.273098230140949, 'hidden_continuous_size': 5, 'attention_head_size': 1, 'learning_rate': 0.0005740687961012793}. Best is trial 0 with value: 77.09077453613281.
[I 2023-12-27 10:54:20,517] Trial 22 finished with value: 232.43438720703125 and parameters: {'gradient_clip_val': 0.751562062340356, 'hidden_size': 20, 'dropout': 0.254410398885855, 'hidden_continuous_size': 7, 'attention_head_size': 1, 'learning_rate': 0.0008805897356511118}. Best is trial 0 with value: 77.09077453613281.
[I 2023-12-27 10:54:21,112] Trial 23 finished with value: 259.10015869140625 and parameters: {'gradient_clip_val': 0.7761520023817555, 'hidden_size': 9, 'dropout': 0.31044150948672994, 'hidden_continuous_size': 5, 'attention_head_size': 2, 'learning_rate': 0.000853710936039221}. Best is trial 0 with value: 77.09077453613281.
[I 2023-12-27 10:54:21,475] Trial 24 finished with value: 264.1421203613281 and parameters: {'gradient_clip_val': 0.9922567365494528, 'hidden_size': 24, 'dropout': 0.20717442930063917, 'hidden_continuous_size': 10, 'attention_head_size': 1, 'learning_rate': 0.001058248134679368}. Best is trial 0 with value: 77.09077453613281.
[I 2023-12-27 10:54:21,804] Trial 25 finished with value: 447.5797424316406 and parameters: {'gradient_clip_val': 0.5398905564529671, 'hidden_size': 5, 'dropout': 0.277215374049745, 'hidden_continuous_size': 5, 'attention_head_size': 2, 'learning_rate': 0.0005847257860436108}. Best is trial 0 with value: 77.09077453613281.
[I 2023-12-27 10:54:22,334] Trial 26 finished with value: 305.6097106933594 and parameters: {'gradient_clip_val': 0.696606492300071, 'hidden_size': 112, 'dropout': 0.14671322163732242, 'hidden_continuous_size': 99, 'attention_head_size': 3, 'learning_rate': 0.0015699806472167144}. Best is trial 0 with value: 77.09077453613281.
[I 2023-12-27 10:54:22,691] Trial 27 finished with value: 271.4156799316406 and parameters: {'gradient_clip_val': 0.7989761069252652, 'hidden_size': 17, 'dropout': 0.2050188688574467, 'hidden_continuous_size': 8, 'attention_head_size': 1, 'learning_rate': 0.004092876225236473}. Best is trial 0 with value: 77.09077453613281.
[I 2023-12-27 10:54:23,057] Trial 28 finished with value: 233.17132568359375 and parameters: {'gradient_clip_val': 0.6222205945429048, 'hidden_size': 13, 'dropout': 0.23714954195205257, 'hidden_continuous_size': 6, 'attention_head_size': 2, 'learning_rate': 0.000742738910898611}. Best is trial 0 with value: 77.09077453613281.
