[I 2023-12-27 11:11:03,455] Trial 1 finished with value: 119.77069854736328 and parameters: {'gradient_clip_val': 0.33453719240176694, 'hidden_size': 30, 'dropout': 0.23915494517326993, 'hidden_continuous_size': 7, 'attention_head_size': 2, 'learning_rate': 0.026467827873513393}. Best is trial 0 with value: 34.03166580200195.
[I 2023-12-27 11:11:03,809] Trial 2 finished with value: 118.24053192138672 and parameters: {'gradient_clip_val': 0.7823541615670362, 'hidden_size': 22, 'dropout': 0.35970552048022497, 'hidden_continuous_size': 8, 'attention_head_size': 4, 'learning_rate': 0.013394438984723004}. Best is trial 0 with value: 34.03166580200195.
[I 2023-12-27 11:11:04,145] Trial 3 finished with value: 152.7891082763672 and parameters: {'gradient_clip_val': 0.48174249443781914, 'hidden_size': 13, 'dropout': 0.4456553896860028, 'hidden_continuous_size': 11, 'attention_head_size': 1, 'learning_rate': 0.05841606799424619}. Best is trial 0 with value: 34.03166580200195.
[I 2023-12-27 11:11:04,490] Trial 4 finished with value: 116.12188720703125 and parameters: {'gradient_clip_val': 0.1497800733922522, 'hidden_size': 15, 'dropout': 0.3747148149130711, 'hidden_continuous_size': 15, 'attention_head_size': 1, 'learning_rate': 0.0037654286970655406}. Best is trial 0 with value: 34.03166580200195.
[I 2023-12-27 11:11:04,813] Trial 5 finished with value: 154.6915283203125 and parameters: {'gradient_clip_val': 0.22072414972302193, 'hidden_size': 6, 'dropout': 0.13655097816127243, 'hidden_continuous_size': 5, 'attention_head_size': 1, 'learning_rate': 0.010794323844711516}. Best is trial 0 with value: 34.03166580200195.
[I 2023-12-27 11:11:05,121] Trial 6 finished with value: 115.53775024414062 and parameters: {'gradient_clip_val': 0.20629654791581253, 'hidden_size': 5, 'dropout': 0.2002481698223805, 'hidden_continuous_size': 5, 'attention_head_size': 3, 'learning_rate': 0.004631629018937925}. Best is trial 0 with value: 34.03166580200195.
[I 2023-12-27 11:11:05,524] Trial 7 finished with value: 156.51458740234375 and parameters: {'gradient_clip_val': 0.4273429966722076, 'hidden_size': 61, 'dropout': 0.2979090504042137, 'hidden_continuous_size': 5, 'attention_head_size': 2, 'learning_rate': 0.015640378007813708}. Best is trial 0 with value: 34.03166580200195.
[I 2023-12-27 11:11:05,857] Trial 8 finished with value: 133.81072998046875 and parameters: {'gradient_clip_val': 0.7159514883477954, 'hidden_size': 7, 'dropout': 0.38251914042542157, 'hidden_continuous_size': 6, 'attention_head_size': 3, 'learning_rate': 0.015684987555276045}. Best is trial 0 with value: 34.03166580200195.
[I 2023-12-27 11:11:06,200] Trial 9 finished with value: 142.3771514892578 and parameters: {'gradient_clip_val': 0.8866978987239604, 'hidden_size': 19, 'dropout': 0.2996370530322613, 'hidden_continuous_size': 10, 'attention_head_size': 1, 'learning_rate': 0.01217369048101565}. Best is trial 0 with value: 34.03166580200195.
[I 2023-12-27 11:11:06,840] Trial 10 finished with value: 109.44113159179688 and parameters: {'gradient_clip_val': 0.10288275674593063, 'hidden_size': 147, 'dropout': 0.477737082331171, 'hidden_continuous_size': 44, 'attention_head_size': 4, 'learning_rate': 0.0010088326302988542}. Best is trial 0 with value: 34.03166580200195.
[I 2023-12-27 11:11:07,408] Trial 11 finished with value: 101.31151580810547 and parameters: {'gradient_clip_val': 0.12432979574089227, 'hidden_size': 145, 'dropout': 0.49862972036449227, 'hidden_continuous_size': 48, 'attention_head_size': 4, 'learning_rate': 0.0008000622626213376}. Best is trial 0 with value: 34.03166580200195.
[I 2023-12-27 11:11:08,272] Trial 12 finished with value: 115.13510131835938 and parameters: {'gradient_clip_val': 0.10090786210016509, 'hidden_size': 148, 'dropout': 0.4972538427834243, 'hidden_continuous_size': 99, 'attention_head_size': 3, 'learning_rate': 0.0005729192092485673}. Best is trial 0 with value: 34.03166580200195.
[I 2023-12-27 11:11:08,738] Trial 13 finished with value: 115.36925506591797 and parameters: {'gradient_clip_val': 0.15389723859517987, 'hidden_size': 75, 'dropout': 0.4388595651235444, 'hidden_continuous_size': 24, 'attention_head_size': 2, 'learning_rate': 0.002017418048872173}. Best is trial 0 with value: 34.03166580200195.
[I 2023-12-27 11:11:09,207] Trial 14 finished with value: 143.4639434814453 and parameters: {'gradient_clip_val': 0.14354499838025975, 'hidden_size': 89, 'dropout': 0.43728078433291295, 'hidden_continuous_size': 26, 'attention_head_size': 4, 'learning_rate': 0.0023729726384092145}. Best is trial 0 with value: 34.03166580200195.
[I 2023-12-27 11:11:09,625] Trial 15 finished with value: 127.76993560791016 and parameters: {'gradient_clip_val': 0.2102894826445589, 'hidden_size': 48, 'dropout': 0.49367714216430575, 'hidden_continuous_size': 15, 'attention_head_size': 3, 'learning_rate': 0.005648431622706833}. Best is trial 0 with value: 34.03166580200195.
[I 2023-12-27 11:11:10,135] Trial 16 finished with value: 114.6467514038086 and parameters: {'gradient_clip_val': 0.26304442405079165, 'hidden_size': 103, 'dropout': 0.4045953604123956, 'hidden_continuous_size': 41, 'attention_head_size': 2, 'learning_rate': 0.001435399028767431}. Best is trial 0 with value: 34.03166580200195.
[I 2023-12-27 11:11:10,553] Trial 17 finished with value: 109.9855728149414 and parameters: {'gradient_clip_val': 0.1262434003380675, 'hidden_size': 45, 'dropout': 0.4595583405786208, 'hidden_continuous_size': 19, 'attention_head_size': 4, 'learning_rate': 0.0007257755057729011}. Best is trial 0 with value: 34.03166580200195.
[I 2023-12-27 11:11:11,060] Trial 18 finished with value: 125.51422119140625 and parameters: {'gradient_clip_val': 0.18571026706538069, 'hidden_size': 103, 'dropout': 0.4099154112907254, 'hidden_continuous_size': 41, 'attention_head_size': 3, 'learning_rate': 0.0028417995569536966}. Best is trial 0 with value: 34.03166580200195.
[I 2023-12-27 11:11:11,691] Trial 19 finished with value: 98.4484634399414 and parameters: {'gradient_clip_val': 0.11777195091889792, 'hidden_size': 141, 'dropout': 0.3351594574720233, 'hidden_continuous_size': 86, 'attention_head_size': 2, 'learning_rate': 0.0005054901720059591}. Best is trial 0 with value: 34.03166580200195.
[I 2023-12-27 11:11:12,131] Trial 20 finished with value: 126.33234405517578 and parameters: {'gradient_clip_val': 0.17669744575248747, 'hidden_size': 62, 'dropout': 0.3423049235125143, 'hidden_continuous_size': 11, 'attention_head_size': 2, 'learning_rate': 0.006811263236732972}. Best is trial 0 with value: 34.03166580200195.
[I 2023-12-27 11:11:12,719] Trial 21 finished with value: 163.29238891601562 and parameters: {'gradient_clip_val': 0.12136588514378616, 'hidden_size': 123, 'dropout': 0.49509283684352456, 'hidden_continuous_size': 92, 'attention_head_size': 2, 'learning_rate': 0.0005226459132039149}. Best is trial 0 with value: 34.03166580200195.
[I 2023-12-27 11:11:13,264] Trial 22 finished with value: 123.65904998779297 and parameters: {'gradient_clip_val': 0.1234643114681937, 'hidden_size': 115, 'dropout': 0.42508400291417603, 'hidden_continuous_size': 69, 'attention_head_size': 2, 'learning_rate': 0.0011058230096985028}. Best is trial 0 with value: 34.03166580200195.
[I 2023-12-27 11:11:13,875] Trial 23 finished with value: 95.8948974609375 and parameters: {'gradient_clip_val': 0.16033290556470323, 'hidden_size': 147, 'dropout': 0.4592770954491978, 'hidden_continuous_size': 65, 'attention_head_size': 3, 'learning_rate': 0.000783040418958879}. Best is trial 0 with value: 34.03166580200195.
[I 2023-12-27 11:11:14,381] Trial 24 finished with value: 174.6831817626953 and parameters: {'gradient_clip_val': 0.1701807342732962, 'hidden_size': 85, 'dropout': 0.4554693715840634, 'hidden_continuous_size': 64, 'attention_head_size': 3, 'learning_rate': 0.001485511666744269}. Best is trial 0 with value: 34.03166580200195.
[I 2023-12-27 11:11:14,925] Trial 25 finished with value: 140.49822998046875 and parameters: {'gradient_clip_val': 0.14852533177666738, 'hidden_size': 110, 'dropout': 0.34032278773145824, 'hidden_continuous_size': 110, 'attention_head_size': 2, 'learning_rate': 0.0005175499299433387}. Best is trial 0 with value: 34.03166580200195.
[I 2023-12-27 11:11:15,683] Trial 26 finished with value: 97.05416870117188 and parameters: {'gradient_clip_val': 0.2468955708123206, 'hidden_size': 74, 'dropout': 0.4014181558706052, 'hidden_continuous_size': 35, 'attention_head_size': 3, 'learning_rate': 0.0033236203939824532}. Best is trial 0 with value: 34.03166580200195.
[I 2023-12-27 11:11:16,147] Trial 27 finished with value: 114.65843963623047 and parameters: {'gradient_clip_val': 0.2350101311693162, 'hidden_size': 77, 'dropout': 0.46747004102606243, 'hidden_continuous_size': 32, 'attention_head_size': 3, 'learning_rate': 0.0031552982926924726}. Best is trial 0 with value: 34.03166580200195.
[I 2023-12-27 11:11:16,632] Trial 28 finished with value: 100.7958755493164 and parameters: {'gradient_clip_val': 0.27086309201269915, 'hidden_size': 90, 'dropout': 0.4057654877594204, 'hidden_continuous_size': 30, 'attention_head_size': 3, 'learning_rate': 0.004070255878746443}. Best is trial 0 with value: 34.03166580200195.
[I 2023-12-27 11:11:17,040] Trial 29 finished with value: 123.40367889404297 and parameters: {'gradient_clip_val': 0.29764619901512374, 'hidden_size': 37, 'dropout': 0.46774292779510596, 'hidden_continuous_size': 19, 'attention_head_size': 3, 'learning_rate': 0.007041295918434118}. Best is trial 0 with value: 34.03166580200195.
[I 2023-12-27 11:11:17,511] Trial 30 finished with value: 130.0579376220703 and parameters: {'gradient_clip_val': 0.1858812711619179, 'hidden_size': 69, 'dropout': 0.4253738680673805, 'hidden_continuous_size': 34, 'attention_head_size': 3, 'learning_rate': 0.0021409506208094225}. Best is trial 0 with value: 34.03166580200195.
[I 2023-12-27 11:11:18,071] Trial 31 finished with value: 123.424072265625 and parameters: {'gradient_clip_val': 0.16819209194685916, 'hidden_size': 121, 'dropout': 0.3870417752251805, 'hidden_continuous_size': 59, 'attention_head_size': 2, 'learning_rate': 0.0007554514532186987}. Best is trial 0 with value: 34.03166580200195.
[I 2023-12-27 11:11:18,604] Trial 32 finished with value: 86.12218475341797 and parameters: {'gradient_clip_val': 0.2408906829259399, 'hidden_size': 99, 'dropout': 0.34216020694768506, 'hidden_continuous_size': 78, 'attention_head_size': 2, 'learning_rate': 0.0015637808557253821}. Best is trial 0 with value: 34.03166580200195.
[I 2023-12-27 11:11:19,115] Trial 33 finished with value: 127.3973388671875 and parameters: {'gradient_clip_val': 0.33760086012147617, 'hidden_size': 94, 'dropout': 0.4497219633189265, 'hidden_continuous_size': 50, 'attention_head_size': 1, 'learning_rate': 0.0013105742430864775}. Best is trial 0 with value: 34.03166580200195.
[I 2023-12-27 11:11:19,548] Trial 34 finished with value: 108.85501861572266 and parameters: {'gradient_clip_val': 0.239331418095902, 'hidden_size': 58, 'dropout': 0.36664902873587213, 'hidden_continuous_size': 43, 'attention_head_size': 2, 'learning_rate': 0.0018170625982374252}. Best is trial 0 with value: 34.03166580200195.
[I 2023-12-27 11:11:20,023] Trial 35 finished with value: 113.3076400756836 and parameters: {'gradient_clip_val': 0.19520752609972739, 'hidden_size': 77, 'dropout': 0.4198536974154799, 'hidden_continuous_size': 52, 'attention_head_size': 1, 'learning_rate': 0.004634831932825606}. Best is trial 0 with value: 34.03166580200195.
[I 2023-12-27 11:11:20,590] Trial 36 finished with value: 143.77455139160156 and parameters: {'gradient_clip_val': 0.22178480841279133, 'hidden_size': 115, 'dropout': 0.4026684182866713, 'hidden_continuous_size': 77, 'attention_head_size': 3, 'learning_rate': 0.002947836802363854}. Best is trial 0 with value: 34.03166580200195.
[I 2023-12-27 11:11:20,989] Trial 37 finished with value: 104.3313980102539 and parameters: {'gradient_clip_val': 0.20198074765871937, 'hidden_size': 28, 'dropout': 0.4399300370026762, 'hidden_continuous_size': 22, 'attention_head_size': 2, 'learning_rate': 0.0016922831996115423}. Best is trial 0 with value: 34.03166580200195.
[I 2023-12-27 11:11:21,517] Trial 38 finished with value: 110.85370635986328 and parameters: {'gradient_clip_val': 0.24937239352264426, 'hidden_size': 95, 'dropout': 0.3850236867465517, 'hidden_continuous_size': 59, 'attention_head_size': 3, 'learning_rate': 0.00108316513668463}. Best is trial 0 with value: 34.03166580200195.
[I 2023-12-27 11:11:22,182] Trial 39 finished with value: 119.04622650146484 and parameters: {'gradient_clip_val': 0.33970825279450273, 'hidden_size': 52, 'dropout': 0.3150357438522756, 'hidden_continuous_size': 37, 'attention_head_size': 1, 'learning_rate': 0.009021373391578887}. Best is trial 0 with value: 34.03166580200195.
[I 2023-12-27 11:11:22,654] Trial 40 finished with value: 162.3333740234375 and parameters: {'gradient_clip_val': 0.21331361118902684, 'hidden_size': 68, 'dropout': 0.2745155003937224, 'hidden_continuous_size': 56, 'attention_head_size': 4, 'learning_rate': 0.020637209921700643}. Best is trial 0 with value: 34.03166580200195.
[I 2023-12-27 11:11:23,306] Trial 41 finished with value: 113.5317611694336 and parameters: {'gradient_clip_val': 0.15525706402348047, 'hidden_size': 136, 'dropout': 0.34844369234040456, 'hidden_continuous_size': 134, 'attention_head_size': 2, 'learning_rate': 0.0009301007411778035}. Best is trial 0 with value: 34.03166580200195.
[I 2023-12-27 11:11:23,908] Trial 42 finished with value: 115.41171264648438 and parameters: {'gradient_clip_val': 0.1647028459781567, 'hidden_size': 132, 'dropout': 0.3769719441362598, 'hidden_continuous_size': 79, 'attention_head_size': 2, 'learning_rate': 0.0007332409014391875}. Best is trial 0 with value: 34.03166580200195.
[I 2023-12-27 11:11:24,541] Trial 43 finished with value: 158.49281311035156 and parameters: {'gradient_clip_val': 0.14267556019650185, 'hidden_size': 150, 'dropout': 0.36083381373789736, 'hidden_continuous_size': 75, 'attention_head_size': 2, 'learning_rate': 0.0012755024121592427}. Best is trial 0 with value: 34.03166580200195.
[I 2023-12-27 11:11:25,135] Trial 44 finished with value: 104.55681610107422 and parameters: {'gradient_clip_val': 0.11189895849983143, 'hidden_size': 121, 'dropout': 0.33304980949587887, 'hidden_continuous_size': 85, 'attention_head_size': 2, 'learning_rate': 0.000963510890446808}. Best is trial 0 with value: 34.03166580200195.
[I 2023-12-27 11:11:25,633] Trial 45 finished with value: 123.8478775024414 and parameters: {'gradient_clip_val': 0.13179814338610904, 'hidden_size': 82, 'dropout': 0.47583231889499505, 'hidden_continuous_size': 65, 'attention_head_size': 3, 'learning_rate': 0.0006362524711712997}. Best is trial 0 with value: 34.03166580200195.
[I 2023-12-27 11:11:26,169] Trial 46 finished with value: 94.38556671142578 and parameters: {'gradient_clip_val': 0.10875075710666911, 'hidden_size': 103, 'dropout': 0.3125804743910403, 'hidden_continuous_size': 70, 'attention_head_size': 2, 'learning_rate': 0.0008622753714702288}. Best is trial 0 with value: 34.03166580200195.
[I 2023-12-27 11:11:26,692] Trial 47 finished with value: 114.09236907958984 and parameters: {'gradient_clip_val': 0.1066823980913947, 'hidden_size': 103, 'dropout': 0.26611788312246387, 'hidden_continuous_size': 50, 'attention_head_size': 1, 'learning_rate': 0.00269304857584901}. Best is trial 0 with value: 34.03166580200195.
[I 2023-12-27 11:11:27,214] Trial 48 finished with value: 111.7457504272461 and parameters: {'gradient_clip_val': 0.1305608268733629, 'hidden_size': 94, 'dropout': 0.3129096430991009, 'hidden_continuous_size': 63, 'attention_head_size': 3, 'learning_rate': 0.0016540875819096544}. Best is trial 0 with value: 34.03166580200195.
[I 2023-12-27 11:11:27,671] Trial 49 finished with value: 89.06401824951172 and parameters: {'gradient_clip_val': 0.13692581236658985, 'hidden_size': 65, 'dropout': 0.48435173911228907, 'hidden_continuous_size': 46, 'attention_head_size': 2, 'learning_rate': 0.0022499190156686374}. Best is trial 0 with value: 34.03166580200195.
[I 2023-12-27 11:11:27,781] A new study created in memory with name: no-name-a3e1529a-017c-448d-92c7-655e8df0457d
/home/le004/conda/anaconda3/envs/tsff_env/lib/python3.9/site-packages/lightning/fabric/plugins/environments/slurm.py:191: The `srun` command is available on your system but is not used. HINT: If your intention is to run Lightning on SLURM, prepend your python command with `srun` like so: srun python /home/le004/master_thesis/git/TSFusionForecast/code/ ...
[I 2023-12-27 11:12:03,705] Trial 0 finished with value: 5.91419792175293 and parameters: {'gradient_clip_val': 0.15219776695829948, 'hidden_size': 30, 'dropout': 0.14822188077996645, 'hidden_continuous_size': 29, 'attention_head_size': 1, 'learning_rate': 0.0011734446534537389}. Best is trial 0 with value: 5.91419792175293.
[I 2023-12-27 11:12:14,071] Trial 1 finished with value: 20.041154861450195 and parameters: {'gradient_clip_val': 0.8674185976926376, 'hidden_size': 6, 'dropout': 0.17791108057912097, 'hidden_continuous_size': 5, 'attention_head_size': 3, 'learning_rate': 0.0006860659768843017}. Best is trial 0 with value: 5.91419792175293.
[I 2023-12-27 11:12:14,482] Trial 2 finished with value: 30.917816162109375 and parameters: {'gradient_clip_val': 0.3952698604580267, 'hidden_size': 48, 'dropout': 0.136242466137797, 'hidden_continuous_size': 7, 'attention_head_size': 1, 'learning_rate': 0.005207392117376013}. Best is trial 0 with value: 5.91419792175293.
[I 2023-12-27 11:12:14,939] Trial 3 finished with value: 22.138792037963867 and parameters: {'gradient_clip_val': 0.32436741528140556, 'hidden_size': 76, 'dropout': 0.14504717523019914, 'hidden_continuous_size': 18, 'attention_head_size': 2, 'learning_rate': 0.0006049579929772027}. Best is trial 0 with value: 5.91419792175293.
[I 2023-12-27 11:12:15,300] Trial 4 finished with value: 24.31392478942871 and parameters: {'gradient_clip_val': 0.14000210110299424, 'hidden_size': 8, 'dropout': 0.4217475668329297, 'hidden_continuous_size': 5, 'attention_head_size': 2, 'learning_rate': 0.0034366281137043512}. Best is trial 0 with value: 5.91419792175293.
[I 2023-12-27 11:12:15,708] Trial 5 finished with value: 25.413145065307617 and parameters: {'gradient_clip_val': 0.20969265808848087, 'hidden_size': 46, 'dropout': 0.26902432685550287, 'hidden_continuous_size': 5, 'attention_head_size': 3, 'learning_rate': 0.0537195638117902}. Best is trial 0 with value: 5.91419792175293.
[I 2023-12-27 11:12:16,110] Trial 6 finished with value: 22.817604064941406 and parameters: {'gradient_clip_val': 0.26104179608038247, 'hidden_size': 25, 'dropout': 0.14406185944194158, 'hidden_continuous_size': 18, 'attention_head_size': 3, 'learning_rate': 0.06710700215407682}. Best is trial 0 with value: 5.91419792175293.
[I 2023-12-27 11:12:16,696] Trial 7 finished with value: 30.713308334350586 and parameters: {'gradient_clip_val': 0.27684274485140364, 'hidden_size': 150, 'dropout': 0.22852037099160066, 'hidden_continuous_size': 5, 'attention_head_size': 3, 'learning_rate': 0.007587098352400002}. Best is trial 0 with value: 5.91419792175293.
[I 2023-12-27 11:12:17,286] Trial 8 finished with value: 24.431055068969727 and parameters: {'gradient_clip_val': 0.6988791712071533, 'hidden_size': 124, 'dropout': 0.26103151409554826, 'hidden_continuous_size': 92, 'attention_head_size': 3, 'learning_rate': 0.0013323529457591689}. Best is trial 0 with value: 5.91419792175293.
[I 2023-12-27 11:12:17,687] Trial 9 finished with value: 24.66017723083496 and parameters: {'gradient_clip_val': 0.6536406281470225, 'hidden_size': 42, 'dropout': 0.42854342360597464, 'hidden_continuous_size': 16, 'attention_head_size': 3, 'learning_rate': 0.0027937939097258885}. Best is trial 0 with value: 5.91419792175293.
[I 2023-12-27 11:12:18,047] Trial 10 finished with value: 20.133678436279297 and parameters: {'gradient_clip_val': 0.10449956036813415, 'hidden_size': 16, 'dropout': 0.3399135586040386, 'hidden_continuous_size': 11, 'attention_head_size': 1, 'learning_rate': 0.0014742936625398578}. Best is trial 0 with value: 5.91419792175293.
[I 2023-12-27 11:12:18,600] Trial 11 finished with value: 25.960847854614258 and parameters: {'gradient_clip_val': 0.881287953060379, 'hidden_size': 5, 'dropout': 0.1934036196743406, 'hidden_continuous_size': 5, 'attention_head_size': 4, 'learning_rate': 0.0005979166248267769}. Best is trial 0 with value: 5.91419792175293.
[I 2023-12-27 11:12:18,991] Trial 12 finished with value: 26.797700881958008 and parameters: {'gradient_clip_val': 0.5657268010135859, 'hidden_size': 13, 'dropout': 0.10596758207545369, 'hidden_continuous_size': 6, 'attention_head_size': 4, 'learning_rate': 0.0006671850436491059}. Best is trial 0 with value: 5.91419792175293.
[I 2023-12-27 11:12:19,323] Trial 13 finished with value: 22.609649658203125 and parameters: {'gradient_clip_val': 0.4685277895405226, 'hidden_size': 5, 'dropout': 0.19162239980269669, 'hidden_continuous_size': 5, 'attention_head_size': 2, 'learning_rate': 0.00137096371743925}. Best is trial 0 with value: 5.91419792175293.
[I 2023-12-27 11:12:19,693] Trial 14 finished with value: 20.377382278442383 and parameters: {'gradient_clip_val': 0.883576802215441, 'hidden_size': 18, 'dropout': 0.3215728490689291, 'hidden_continuous_size': 8, 'attention_head_size': 1, 'learning_rate': 0.000563282587535077}. Best is trial 0 with value: 5.91419792175293.
[I 2023-12-27 11:12:20,081] Trial 15 finished with value: 23.941694259643555 and parameters: {'gradient_clip_val': 0.21539273462567052, 'hidden_size': 10, 'dropout': 0.10166711170328266, 'hidden_continuous_size': 6, 'attention_head_size': 2, 'learning_rate': 0.0015864658346882072}. Best is trial 0 with value: 5.91419792175293.
