[I 2023-12-27 11:20:08,362] Trial 43 finished with value: 940.3654174804688 and parameters: {'gradient_clip_val': 0.6139743930640306, 'hidden_size': 39, 'dropout': 0.2886990551472627, 'hidden_continuous_size': 13, 'attention_head_size': 3, 'learning_rate': 0.0006190636668736869}. Best is trial 0 with value: 344.1499938964844.
[I 2023-12-27 11:20:08,804] Trial 44 finished with value: 709.6554565429688 and parameters: {'gradient_clip_val': 0.4011804587341073, 'hidden_size': 71, 'dropout': 0.2699056658759901, 'hidden_continuous_size': 17, 'attention_head_size': 2, 'learning_rate': 0.0007957077720102846}. Best is trial 0 with value: 344.1499938964844.
[I 2023-12-27 11:20:09,202] Trial 45 finished with value: 1111.550048828125 and parameters: {'gradient_clip_val': 0.34390406086413383, 'hidden_size': 51, 'dropout': 0.23542476626525066, 'hidden_continuous_size': 12, 'attention_head_size': 2, 'learning_rate': 0.001408461810891596}. Best is trial 0 with value: 344.1499938964844.
[I 2023-12-27 11:20:09,543] Trial 46 finished with value: 1108.7310791015625 and parameters: {'gradient_clip_val': 0.4677445222237328, 'hidden_size': 7, 'dropout': 0.2588183573649929, 'hidden_continuous_size': 5, 'attention_head_size': 1, 'learning_rate': 0.0009815444215767984}. Best is trial 0 with value: 344.1499938964844.
[I 2023-12-27 11:20:10,028] Trial 47 finished with value: 802.5 and parameters: {'gradient_clip_val': 0.2038699525105444, 'hidden_size': 118, 'dropout': 0.15923312402747908, 'hidden_continuous_size': 7, 'attention_head_size': 2, 'learning_rate': 0.0005082356526784447}. Best is trial 0 with value: 344.1499938964844.
[I 2023-12-27 11:20:10,630] Trial 48 finished with value: 779.9741821289062 and parameters: {'gradient_clip_val': 0.5649025117298092, 'hidden_size': 32, 'dropout': 0.3021257838175643, 'hidden_continuous_size': 14, 'attention_head_size': 3, 'learning_rate': 0.001815119875857019}. Best is trial 0 with value: 344.1499938964844.
[I 2023-12-27 11:20:11,096] Trial 49 finished with value: 830.4295043945312 and parameters: {'gradient_clip_val': 0.4214263330286039, 'hidden_size': 93, 'dropout': 0.2182438954474848, 'hidden_continuous_size': 30, 'attention_head_size': 1, 'learning_rate': 0.002256363470246556}. Best is trial 0 with value: 344.1499938964844.
[I 2023-12-27 11:20:11,202] A new study created in memory with name: no-name-0f4b7b9e-a801-42c3-a902-5004d1478fc5
/home/le004/conda/anaconda3/envs/tsff_env/lib/python3.9/site-packages/lightning/fabric/plugins/environments/slurm.py:191: The `srun` command is available on your system but is not used. HINT: If your intention is to run Lightning on SLURM, prepend your python command with `srun` like so: srun python /home/le004/master_thesis/git/TSFusionForecast/code/ ...
[I 2023-12-27 11:20:49,289] Trial 0 finished with value: 189.14109802246094 and parameters: {'gradient_clip_val': 0.18018574406438054, 'hidden_size': 145, 'dropout': 0.3788677003222446, 'hidden_continuous_size': 56, 'attention_head_size': 4, 'learning_rate': 0.008364345855120395}. Best is trial 0 with value: 189.14109802246094.
[I 2023-12-27 11:20:49,726] Trial 1 finished with value: 684.3110961914062 and parameters: {'gradient_clip_val': 0.2519187421679974, 'hidden_size': 102, 'dropout': 0.45848752301780504, 'hidden_continuous_size': 9, 'attention_head_size': 2, 'learning_rate': 0.003518641118215679}. Best is trial 0 with value: 189.14109802246094.
[I 2023-12-27 11:20:50,054] Trial 2 finished with value: 865.2448120117188 and parameters: {'gradient_clip_val': 0.8379480675780051, 'hidden_size': 11, 'dropout': 0.39482748104708343, 'hidden_continuous_size': 6, 'attention_head_size': 3, 'learning_rate': 0.0007221226760890584}. Best is trial 0 with value: 189.14109802246094.
[I 2023-12-27 11:20:50,480] Trial 3 finished with value: 776.3694458007812 and parameters: {'gradient_clip_val': 0.15096455102222084, 'hidden_size': 92, 'dropout': 0.2653083695175023, 'hidden_continuous_size': 5, 'attention_head_size': 3, 'learning_rate': 0.0020484713000904287}. Best is trial 0 with value: 189.14109802246094.
[I 2023-12-27 11:20:50,891] Trial 4 finished with value: 896.205810546875 and parameters: {'gradient_clip_val': 0.2745700140453584, 'hidden_size': 77, 'dropout': 0.33554563370884727, 'hidden_continuous_size': 16, 'attention_head_size': 4, 'learning_rate': 0.026003805952364983}. Best is trial 0 with value: 189.14109802246094.
[I 2023-12-27 11:20:51,223] Trial 5 finished with value: 1101.7049560546875 and parameters: {'gradient_clip_val': 0.13963401825469643, 'hidden_size': 14, 'dropout': 0.16741554059848396, 'hidden_continuous_size': 11, 'attention_head_size': 2, 'learning_rate': 0.029715788438856843}. Best is trial 0 with value: 189.14109802246094.
[I 2023-12-27 11:20:51,630] Trial 6 finished with value: 681.4029541015625 and parameters: {'gradient_clip_val': 0.16722797616235038, 'hidden_size': 77, 'dropout': 0.46998425858631054, 'hidden_continuous_size': 16, 'attention_head_size': 3, 'learning_rate': 0.07475864547993669}. Best is trial 0 with value: 189.14109802246094.
[I 2023-12-27 11:20:51,966] Trial 7 finished with value: 959.6441040039062 and parameters: {'gradient_clip_val': 0.1265239509215603, 'hidden_size': 17, 'dropout': 0.13205652848863247, 'hidden_continuous_size': 9, 'attention_head_size': 3, 'learning_rate': 0.013762231444412779}. Best is trial 0 with value: 189.14109802246094.
[I 2023-12-27 11:20:52,273] Trial 8 finished with value: 1114.28076171875 and parameters: {'gradient_clip_val': 0.5988264433710385, 'hidden_size': 12, 'dropout': 0.4114052301236568, 'hidden_continuous_size': 12, 'attention_head_size': 2, 'learning_rate': 0.0027036449234764362}. Best is trial 0 with value: 189.14109802246094.
[I 2023-12-27 11:20:52,579] Trial 9 finished with value: 948.7332153320312 and parameters: {'gradient_clip_val': 0.10303621849045518, 'hidden_size': 6, 'dropout': 0.3717782504791102, 'hidden_continuous_size': 6, 'attention_head_size': 1, 'learning_rate': 0.07354706844087541}. Best is trial 0 with value: 189.14109802246094.
[I 2023-12-27 11:20:53,198] Trial 10 finished with value: 715.6751098632812 and parameters: {'gradient_clip_val': 0.4079354406795724, 'hidden_size': 39, 'dropout': 0.2812005727897428, 'hidden_continuous_size': 39, 'attention_head_size': 4, 'learning_rate': 0.007829789785744218}. Best is trial 0 with value: 189.14109802246094.
[I 2023-12-27 11:20:53,764] Trial 11 finished with value: 941.1652221679688 and parameters: {'gradient_clip_val': 0.21050318024162856, 'hidden_size': 136, 'dropout': 0.4959070079399212, 'hidden_continuous_size': 87, 'attention_head_size': 4, 'learning_rate': 0.06365357266041714}. Best is trial 0 with value: 189.14109802246094.
[I 2023-12-27 11:20:54,167] Trial 12 finished with value: 1077.0748291015625 and parameters: {'gradient_clip_val': 0.1799342896294084, 'hidden_size': 51, 'dropout': 0.4547551081279095, 'hidden_continuous_size': 21, 'attention_head_size': 4, 'learning_rate': 0.09786478814438603}. Best is trial 0 with value: 189.14109802246094.
[I 2023-12-27 11:20:54,712] Trial 13 finished with value: 825.0715942382812 and parameters: {'gradient_clip_val': 0.1843458445790178, 'hidden_size': 143, 'dropout': 0.4879310030036248, 'hidden_continuous_size': 40, 'attention_head_size': 3, 'learning_rate': 0.015455578293591215}. Best is trial 0 with value: 189.14109802246094.
[I 2023-12-27 11:20:55,162] Trial 14 finished with value: 828.4765625 and parameters: {'gradient_clip_val': 0.35374650573218785, 'hidden_size': 65, 'dropout': 0.43489141010688664, 'hidden_continuous_size': 23, 'attention_head_size': 4, 'learning_rate': 0.03706913538141152}. Best is trial 0 with value: 189.14109802246094.
[I 2023-12-27 11:20:55,542] Trial 15 finished with value: 846.738037109375 and parameters: {'gradient_clip_val': 0.10101788110066315, 'hidden_size': 35, 'dropout': 0.35879637065781744, 'hidden_continuous_size': 16, 'attention_head_size': 3, 'learning_rate': 0.006878896177281466}. Best is trial 0 with value: 189.14109802246094.
[I 2023-12-27 11:20:56,209] Trial 16 finished with value: 871.5692749023438 and parameters: {'gradient_clip_val': 0.23174456260770596, 'hidden_size': 149, 'dropout': 0.4124796465450256, 'hidden_continuous_size': 142, 'attention_head_size': 1, 'learning_rate': 0.04857572758607456}. Best is trial 0 with value: 189.14109802246094.
[I 2023-12-27 11:20:56,655] Trial 17 finished with value: 702.5844116210938 and parameters: {'gradient_clip_val': 0.17379557061795323, 'hidden_size': 63, 'dropout': 0.32888194285975825, 'hidden_continuous_size': 28, 'attention_head_size': 4, 'learning_rate': 0.019745054539854742}. Best is trial 0 with value: 189.14109802246094.
[I 2023-12-27 11:20:57,119] Trial 18 finished with value: 874.5803833007812 and parameters: {'gradient_clip_val': 0.31626729182648755, 'hidden_size': 96, 'dropout': 0.43534969022693365, 'hidden_continuous_size': 46, 'attention_head_size': 3, 'learning_rate': 0.04346330539434967}. Best is trial 0 with value: 189.14109802246094.
[I 2023-12-27 11:20:57,478] Trial 19 finished with value: 1145.4857177734375 and parameters: {'gradient_clip_val': 0.2269994927850755, 'hidden_size': 25, 'dropout': 0.3733598388451163, 'hidden_continuous_size': 8, 'attention_head_size': 2, 'learning_rate': 0.09372666145557043}. Best is trial 0 with value: 189.14109802246094.
[I 2023-12-27 11:20:57,882] Trial 20 finished with value: 956.9602661132812 and parameters: {'gradient_clip_val': 0.1309249557610371, 'hidden_size': 56, 'dropout': 0.4945835386789761, 'hidden_continuous_size': 14, 'attention_head_size': 4, 'learning_rate': 0.011658841960896919}. Best is trial 0 with value: 189.14109802246094.
[I 2023-12-27 11:20:58,338] Trial 21 finished with value: 888.7225952148438 and parameters: {'gradient_clip_val': 0.2510105526982439, 'hidden_size': 104, 'dropout': 0.4555637305278903, 'hidden_continuous_size': 10, 'attention_head_size': 2, 'learning_rate': 0.003759467965169178}. Best is trial 0 with value: 189.14109802246094.
[I 2023-12-27 11:20:58,798] Trial 22 finished with value: 850.578857421875 and parameters: {'gradient_clip_val': 0.1831261528442688, 'hidden_size': 100, 'dropout': 0.4652246081416373, 'hidden_continuous_size': 8, 'attention_head_size': 2, 'learning_rate': 0.005493706212801045}. Best is trial 0 with value: 189.14109802246094.
[I 2023-12-27 11:20:59,546] Trial 23 finished with value: 757.0075073242188 and parameters: {'gradient_clip_val': 0.30859101635949043, 'hidden_size': 119, 'dropout': 0.42369860191392983, 'hidden_continuous_size': 19, 'attention_head_size': 1, 'learning_rate': 0.010138752834205692}. Best is trial 0 with value: 189.14109802246094.
[I 2023-12-27 11:21:00,005] Trial 24 finished with value: 1183.7655029296875 and parameters: {'gradient_clip_val': 0.20542211724019374, 'hidden_size': 91, 'dropout': 0.45879685490342564, 'hidden_continuous_size': 14, 'attention_head_size': 2, 'learning_rate': 0.020638743827675922}. Best is trial 0 with value: 189.14109802246094.
[I 2023-12-27 11:21:00,432] Trial 25 finished with value: 754.2295532226562 and parameters: {'gradient_clip_val': 0.1569275187812981, 'hidden_size': 75, 'dropout': 0.40476138636930103, 'hidden_continuous_size': 12, 'attention_head_size': 3, 'learning_rate': 0.0015636580345989067}. Best is trial 0 with value: 189.14109802246094.
[I 2023-12-27 11:21:00,943] Trial 26 finished with value: 793.3424682617188 and parameters: {'gradient_clip_val': 0.2366192168863971, 'hidden_size': 121, 'dropout': 0.49988145011980445, 'hidden_continuous_size': 29, 'attention_head_size': 2, 'learning_rate': 0.004807359244391497}. Best is trial 0 with value: 189.14109802246094.
[I 2023-12-27 11:21:01,379] Trial 27 finished with value: 872.052734375 and parameters: {'gradient_clip_val': 0.26986708645238344, 'hidden_size': 79, 'dropout': 0.39217540780047044, 'hidden_continuous_size': 16, 'attention_head_size': 3, 'learning_rate': 0.008953192040504614}. Best is trial 0 with value: 189.14109802246094.
[I 2023-12-27 11:21:01,903] Trial 28 finished with value: 1074.3917236328125 and parameters: {'gradient_clip_val': 0.19784584670170538, 'hidden_size': 116, 'dropout': 0.4650737470367843, 'hidden_continuous_size': 54, 'attention_head_size': 1, 'learning_rate': 0.003493616147947478}. Best is trial 0 with value: 189.14109802246094.
[I 2023-12-27 11:21:02,316] Trial 29 finished with value: 844.33203125 and parameters: {'gradient_clip_val': 0.16086653819459099, 'hidden_size': 46, 'dropout': 0.3897840120449654, 'hidden_continuous_size': 6, 'attention_head_size': 3, 'learning_rate': 0.0005299064627846055}. Best is trial 0 with value: 189.14109802246094.
[I 2023-12-27 11:21:02,765] Trial 30 finished with value: 842.951904296875 and parameters: {'gradient_clip_val': 0.976640637189325, 'hidden_size': 69, 'dropout': 0.43027813827159245, 'hidden_continuous_size': 23, 'attention_head_size': 2, 'learning_rate': 0.0013638437289710292}. Best is trial 0 with value: 189.14109802246094.
[I 2023-12-27 11:21:03,208] Trial 31 finished with value: 819.4790649414062 and parameters: {'gradient_clip_val': 0.1715769148794156, 'hidden_size': 63, 'dropout': 0.31928115237775306, 'hidden_continuous_size': 28, 'attention_head_size': 4, 'learning_rate': 0.021204516774186097}. Best is trial 0 with value: 189.14109802246094.
[I 2023-12-27 11:21:03,666] Trial 32 finished with value: 923.6798706054688 and parameters: {'gradient_clip_val': 0.1459659626297809, 'hidden_size': 83, 'dropout': 0.35190570065473686, 'hidden_continuous_size': 32, 'attention_head_size': 4, 'learning_rate': 0.015884865006837348}. Best is trial 0 with value: 189.14109802246094.
[I 2023-12-27 11:21:04,223] Trial 33 finished with value: 766.021240234375 and parameters: {'gradient_clip_val': 0.20635237614496868, 'hidden_size': 149, 'dropout': 0.299764559084581, 'hidden_continuous_size': 19, 'attention_head_size': 4, 'learning_rate': 0.03148732951854022}. Best is trial 0 with value: 189.14109802246094.
[I 2023-12-27 11:21:04,693] Trial 34 finished with value: 953.1943359375 and parameters: {'gradient_clip_val': 0.16423092978069428, 'hidden_size': 105, 'dropout': 0.33491575156028475, 'hidden_continuous_size': 5, 'attention_head_size': 4, 'learning_rate': 0.006261880077133316}. Best is trial 0 with value: 189.14109802246094.
[I 2023-12-27 11:21:05,135] Trial 35 finished with value: 841.9741821289062 and parameters: {'gradient_clip_val': 0.12281456864800286, 'hidden_size': 84, 'dropout': 0.22909579103388097, 'hidden_continuous_size': 24, 'attention_head_size': 3, 'learning_rate': 0.011196710408156372}. Best is trial 0 with value: 189.14109802246094.
[I 2023-12-27 11:21:05,778] Trial 36 finished with value: 920.599853515625 and parameters: {'gradient_clip_val': 0.14433629039197457, 'hidden_size': 58, 'dropout': 0.3864517569380165, 'hidden_continuous_size': 14, 'attention_head_size': 3, 'learning_rate': 0.028690566895967384}. Best is trial 0 with value: 189.14109802246094.
[I 2023-12-27 11:21:06,227] Trial 37 finished with value: 669.336669921875 and parameters: {'gradient_clip_val': 0.1186120689768599, 'hidden_size': 74, 'dropout': 0.3475047164616158, 'hidden_continuous_size': 17, 'attention_head_size': 4, 'learning_rate': 0.02115094847213718}. Best is trial 0 with value: 189.14109802246094.
[I 2023-12-27 11:21:06,680] Trial 38 finished with value: 839.5211791992188 and parameters: {'gradient_clip_val': 0.11545301032513712, 'hidden_size': 77, 'dropout': 0.40653528807559686, 'hidden_continuous_size': 17, 'attention_head_size': 4, 'learning_rate': 0.05461802115125562}. Best is trial 0 with value: 189.14109802246094.
[I 2023-12-27 11:21:07,175] Trial 39 finished with value: 813.9397583007812 and parameters: {'gradient_clip_val': 0.14393428394743812, 'hidden_size': 118, 'dropout': 0.34599224375168236, 'hidden_continuous_size': 12, 'attention_head_size': 3, 'learning_rate': 0.038679288015162565}. Best is trial 0 with value: 189.14109802246094.
[I 2023-12-27 11:21:07,635] Trial 40 finished with value: 727.8778686523438 and parameters: {'gradient_clip_val': 0.11553642745442777, 'hidden_size': 94, 'dropout': 0.360998313543962, 'hidden_continuous_size': 10, 'attention_head_size': 2, 'learning_rate': 0.007425733293678165}. Best is trial 0 with value: 189.14109802246094.
[I 2023-12-27 11:21:08,064] Trial 41 finished with value: 864.6198120117188 and parameters: {'gradient_clip_val': 0.13751676677317123, 'hidden_size': 67, 'dropout': 0.32195097738960665, 'hidden_continuous_size': 19, 'attention_head_size': 4, 'learning_rate': 0.020292850995310488}. Best is trial 0 with value: 189.14109802246094.
[I 2023-12-27 11:21:08,452] Trial 42 finished with value: 901.8317260742188 and parameters: {'gradient_clip_val': 0.16378209307457453, 'hidden_size': 48, 'dropout': 0.37466436500675254, 'hidden_continuous_size': 13, 'attention_head_size': 4, 'learning_rate': 0.014926007358637016}. Best is trial 0 with value: 189.14109802246094.
[I 2023-12-27 11:21:08,948] Trial 43 finished with value: 789.7599487304688 and parameters: {'gradient_clip_val': 0.18445828660605973, 'hidden_size': 120, 'dropout': 0.30158707752078917, 'hidden_continuous_size': 26, 'attention_head_size': 4, 'learning_rate': 0.07419265114489478}. Best is trial 0 with value: 189.14109802246094.
[I 2023-12-27 11:21:09,391] Trial 44 finished with value: 840.1863403320312 and parameters: {'gradient_clip_val': 0.12904118328701122, 'hidden_size': 88, 'dropout': 0.4811312915035699, 'hidden_continuous_size': 21, 'attention_head_size': 4, 'learning_rate': 0.026549464425827413}. Best is trial 0 with value: 189.14109802246094.
[I 2023-12-27 11:21:09,823] Trial 45 finished with value: 816.6767578125 and parameters: {'gradient_clip_val': 0.1535278359984952, 'hidden_size': 72, 'dropout': 0.4229801648361911, 'hidden_continuous_size': 17, 'attention_head_size': 4, 'learning_rate': 0.009325483805961314}. Best is trial 0 with value: 189.14109802246094.
[I 2023-12-27 11:21:10,376] Trial 46 finished with value: 948.4583129882812 and parameters: {'gradient_clip_val': 0.2171470869725743, 'hidden_size': 133, 'dropout': 0.4438045045993566, 'hidden_continuous_size': 53, 'attention_head_size': 3, 'learning_rate': 0.03294605826497643}. Best is trial 0 with value: 189.14109802246094.
[I 2023-12-27 11:21:10,780] Trial 47 finished with value: 896.0844116210938 and parameters: {'gradient_clip_val': 0.11112766077942032, 'hidden_size': 56, 'dropout': 0.3765406777525735, 'hidden_continuous_size': 15, 'attention_head_size': 4, 'learning_rate': 0.05389735652329633}. Best is trial 0 with value: 189.14109802246094.
[I 2023-12-27 11:21:11,167] Trial 48 finished with value: 1266.343994140625 and parameters: {'gradient_clip_val': 0.18872529686957185, 'hidden_size': 41, 'dropout': 0.4065474489209947, 'hidden_continuous_size': 13, 'attention_head_size': 4, 'learning_rate': 0.0406341916494333}. Best is trial 0 with value: 189.14109802246094.
[I 2023-12-27 11:21:11,884] Trial 49 finished with value: 782.32958984375 and parameters: {'gradient_clip_val': 0.17012330165497155, 'hidden_size': 108, 'dropout': 0.47952450159918514, 'hidden_continuous_size': 33, 'attention_head_size': 3, 'learning_rate': 0.01366394641746964}. Best is trial 0 with value: 189.14109802246094.
[I 2023-12-27 11:21:11,990] A new study created in memory with name: no-name-bf64f851-702b-49b5-9158-80693858e81a
/home/le004/conda/anaconda3/envs/tsff_env/lib/python3.9/site-packages/lightning/fabric/plugins/environments/slurm.py:191: The `srun` command is available on your system but is not used. HINT: If your intention is to run Lightning on SLURM, prepend your python command with `srun` like so: srun python /home/le004/master_thesis/git/TSFusionForecast/code/ ...
[I 2023-12-27 11:21:42,695] Trial 0 finished with value: 949.0365600585938 and parameters: {'gradient_clip_val': 0.672996249469328, 'hidden_size': 10, 'dropout': 0.47054744001006, 'hidden_continuous_size': 9, 'attention_head_size': 3, 'learning_rate': 0.001217192728955448}. Best is trial 0 with value: 949.0365600585938.
[I 2023-12-27 11:21:59,288] Trial 1 finished with value: 282.8690185546875 and parameters: {'gradient_clip_val': 0.3801340260301134, 'hidden_size': 47, 'dropout': 0.19806783112048776, 'hidden_continuous_size': 26, 'attention_head_size': 1, 'learning_rate': 0.06636028408589677}. Best is trial 1 with value: 282.8690185546875.
[I 2023-12-27 11:21:59,664] Trial 2 finished with value: 1411.8736572265625 and parameters: {'gradient_clip_val': 0.49395417658540774, 'hidden_size': 35, 'dropout': 0.12244567565650125, 'hidden_continuous_size': 26, 'attention_head_size': 3, 'learning_rate': 0.00942680139173685}. Best is trial 1 with value: 282.8690185546875.
[I 2023-12-27 11:22:00,027] Trial 3 finished with value: 1274.4935302734375 and parameters: {'gradient_clip_val': 0.17973225292832629, 'hidden_size': 28, 'dropout': 0.4316876145610684, 'hidden_continuous_size': 20, 'attention_head_size': 2, 'learning_rate': 0.00139651129697675}. Best is trial 1 with value: 282.8690185546875.
[I 2023-12-27 11:22:00,376] Trial 4 finished with value: 1511.0880126953125 and parameters: {'gradient_clip_val': 0.538091327282452, 'hidden_size': 18, 'dropout': 0.4606620670147693, 'hidden_continuous_size': 6, 'attention_head_size': 1, 'learning_rate': 0.0157697781423802}. Best is trial 1 with value: 282.8690185546875.
[I 2023-12-27 11:22:00,764] Trial 5 finished with value: 1201.4595947265625 and parameters: {'gradient_clip_val': 0.26133776456514807, 'hidden_size': 43, 'dropout': 0.3067401715227691, 'hidden_continuous_size': 17, 'attention_head_size': 3, 'learning_rate': 0.009974234421748648}. Best is trial 1 with value: 282.8690185546875.
[I 2023-12-27 11:22:01,284] Trial 6 finished with value: 1358.8187255859375 and parameters: {'gradient_clip_val': 0.17946181641739067, 'hidden_size': 136, 'dropout': 0.20340665636905336, 'hidden_continuous_size': 47, 'attention_head_size': 4, 'learning_rate': 0.0005579608178219189}. Best is trial 1 with value: 282.8690185546875.
