[I 2023-12-27 11:20:30,388] Trial 19 finished with value: 111.3756103515625 and parameters: {'gradient_clip_val': 0.12549895005188427, 'hidden_size': 9, 'dropout': 0.4380647489398445, 'hidden_continuous_size': 5, 'attention_head_size': 4, 'learning_rate': 0.005316181268258451}. Best is trial 0 with value: 63.999176025390625.
[I 2023-12-27 11:20:30,733] Trial 20 finished with value: 148.68063354492188 and parameters: {'gradient_clip_val': 0.20845572918817867, 'hidden_size': 5, 'dropout': 0.4245527456934391, 'hidden_continuous_size': 5, 'attention_head_size': 1, 'learning_rate': 0.015951525426789945}. Best is trial 0 with value: 63.999176025390625.
[I 2023-12-27 11:20:31,210] Trial 21 finished with value: 120.90087890625 and parameters: {'gradient_clip_val': 0.5086612325583533, 'hidden_size': 63, 'dropout': 0.3309613231473327, 'hidden_continuous_size': 30, 'attention_head_size': 3, 'learning_rate': 0.0009621470245065433}. Best is trial 0 with value: 63.999176025390625.
[I 2023-12-27 11:20:31,686] Trial 22 finished with value: 104.03607940673828 and parameters: {'gradient_clip_val': 0.6350456824815258, 'hidden_size': 68, 'dropout': 0.24398360365233104, 'hidden_continuous_size': 33, 'attention_head_size': 3, 'learning_rate': 0.0019215827628332883}. Best is trial 0 with value: 63.999176025390625.
[I 2023-12-27 11:20:32,210] Trial 23 finished with value: 113.13823699951172 and parameters: {'gradient_clip_val': 0.3229967450302668, 'hidden_size': 102, 'dropout': 0.4627751004156876, 'hidden_continuous_size': 10, 'attention_head_size': 3, 'learning_rate': 0.0027909068264883137}. Best is trial 0 with value: 63.999176025390625.
[I 2023-12-27 11:20:32,633] Trial 24 finished with value: 111.58139038085938 and parameters: {'gradient_clip_val': 0.2480956385692791, 'hidden_size': 37, 'dropout': 0.3898680615011208, 'hidden_continuous_size': 12, 'attention_head_size': 2, 'learning_rate': 0.00461552987388495}. Best is trial 0 with value: 63.999176025390625.
[I 2023-12-27 11:20:33,066] Trial 25 finished with value: 143.02220153808594 and parameters: {'gradient_clip_val': 0.17591855081572508, 'hidden_size': 55, 'dropout': 0.32868993595298984, 'hidden_continuous_size': 7, 'attention_head_size': 3, 'learning_rate': 0.0013562471625658456}. Best is trial 0 with value: 63.999176025390625.
[I 2023-12-27 11:20:33,603] Trial 26 finished with value: 85.9411849975586 and parameters: {'gradient_clip_val': 0.11620659770341912, 'hidden_size': 112, 'dropout': 0.4184012675863947, 'hidden_continuous_size': 49, 'attention_head_size': 4, 'learning_rate': 0.0005164061742291467}. Best is trial 0 with value: 63.999176025390625.
[I 2023-12-27 11:20:34,124] Trial 27 finished with value: 121.51895904541016 and parameters: {'gradient_clip_val': 0.11922870966064293, 'hidden_size': 107, 'dropout': 0.42123226564859517, 'hidden_continuous_size': 55, 'attention_head_size': 4, 'learning_rate': 0.0005428885375950782}. Best is trial 0 with value: 63.999176025390625.
[I 2023-12-27 11:20:34,730] Trial 28 finished with value: 125.46863555908203 and parameters: {'gradient_clip_val': 0.15389130457216493, 'hidden_size': 123, 'dropout': 0.4680790991700927, 'hidden_continuous_size': 114, 'attention_head_size': 4, 'learning_rate': 0.0007819825272321328}. Best is trial 0 with value: 63.999176025390625.
[I 2023-12-27 11:20:35,407] Trial 29 finished with value: 119.88790130615234 and parameters: {'gradient_clip_val': 0.11579272107667436, 'hidden_size': 82, 'dropout': 0.36351204699709877, 'hidden_continuous_size': 15, 'attention_head_size': 4, 'learning_rate': 0.0007729759844814407}. Best is trial 0 with value: 63.999176025390625.
[I 2023-12-27 11:20:35,906] Trial 30 finished with value: 82.92493438720703 and parameters: {'gradient_clip_val': 0.14688073166964136, 'hidden_size': 112, 'dropout': 0.4142833755437046, 'hidden_continuous_size': 19, 'attention_head_size': 4, 'learning_rate': 0.011715792399533995}. Best is trial 0 with value: 63.999176025390625.
[I 2023-12-27 11:20:36,413] Trial 31 finished with value: 115.90445709228516 and parameters: {'gradient_clip_val': 0.10064910059448512, 'hidden_size': 103, 'dropout': 0.4102576170729969, 'hidden_continuous_size': 19, 'attention_head_size': 4, 'learning_rate': 0.013209583544344225}. Best is trial 0 with value: 63.999176025390625.
[I 2023-12-27 11:20:36,952] Trial 32 finished with value: 71.10913848876953 and parameters: {'gradient_clip_val': 0.13321571654297004, 'hidden_size': 130, 'dropout': 0.44395824502881365, 'hidden_continuous_size': 25, 'attention_head_size': 4, 'learning_rate': 0.007715477178029075}. Best is trial 0 with value: 63.999176025390625.
[I 2023-12-27 11:20:37,516] Trial 33 finished with value: 124.4952163696289 and parameters: {'gradient_clip_val': 0.13609655196770673, 'hidden_size': 129, 'dropout': 0.45312811614241133, 'hidden_continuous_size': 24, 'attention_head_size': 4, 'learning_rate': 0.03069041098269774}. Best is trial 0 with value: 63.999176025390625.
[I 2023-12-27 11:20:38,054] Trial 34 finished with value: 134.75685119628906 and parameters: {'gradient_clip_val': 0.11700022541193246, 'hidden_size': 122, 'dropout': 0.48172723370953763, 'hidden_continuous_size': 14, 'attention_head_size': 4, 'learning_rate': 0.0035017714934081658}. Best is trial 0 with value: 63.999176025390625.
[I 2023-12-27 11:20:38,636] Trial 35 finished with value: 103.86983489990234 and parameters: {'gradient_clip_val': 0.15244711703308203, 'hidden_size': 146, 'dropout': 0.43869659565265323, 'hidden_continuous_size': 18, 'attention_head_size': 4, 'learning_rate': 0.0026787407904235163}. Best is trial 0 with value: 63.999176025390625.
[I 2023-12-27 11:20:39,090] Trial 36 finished with value: 133.5780792236328 and parameters: {'gradient_clip_val': 0.11552649441483323, 'hidden_size': 73, 'dropout': 0.47954730432558096, 'hidden_continuous_size': 22, 'attention_head_size': 4, 'learning_rate': 0.008363841295615428}. Best is trial 0 with value: 63.999176025390625.
[I 2023-12-27 11:20:39,579] Trial 37 finished with value: 131.74343872070312 and parameters: {'gradient_clip_val': 0.13218450371108, 'hidden_size': 94, 'dropout': 0.44615144813048896, 'hidden_continuous_size': 27, 'attention_head_size': 4, 'learning_rate': 0.0038512289248320984}. Best is trial 0 with value: 63.999176025390625.
[I 2023-12-27 11:20:40,099] Trial 38 finished with value: 128.25286865234375 and parameters: {'gradient_clip_val': 0.16289886653789748, 'hidden_size': 111, 'dropout': 0.418333688905802, 'hidden_continuous_size': 40, 'attention_head_size': 4, 'learning_rate': 0.010997238849159135}. Best is trial 0 with value: 63.999176025390625.
[I 2023-12-27 11:20:40,559] Trial 39 finished with value: 112.809814453125 and parameters: {'gradient_clip_val': 0.14281392055228506, 'hidden_size': 77, 'dropout': 0.4768268096553012, 'hidden_continuous_size': 18, 'attention_head_size': 3, 'learning_rate': 0.006971174879581378}. Best is trial 0 with value: 63.999176025390625.
[I 2023-12-27 11:20:41,022] Trial 40 finished with value: 130.1958770751953 and parameters: {'gradient_clip_val': 0.18213183285392573, 'hidden_size': 90, 'dropout': 0.498373999717722, 'hidden_continuous_size': 13, 'attention_head_size': 3, 'learning_rate': 0.002388755855100839}. Best is trial 0 with value: 63.999176025390625.
[I 2023-12-27 11:20:41,490] Trial 41 finished with value: 124.90570068359375 and parameters: {'gradient_clip_val': 0.10951048861081662, 'hidden_size': 96, 'dropout': 0.3994556025737091, 'hidden_continuous_size': 16, 'attention_head_size': 4, 'learning_rate': 0.00621079898797158}. Best is trial 0 with value: 63.999176025390625.
[I 2023-12-27 11:20:41,986] Trial 42 finished with value: 121.60941314697266 and parameters: {'gradient_clip_val': 0.12844696529258887, 'hidden_size': 113, 'dropout': 0.37279294644369976, 'hidden_continuous_size': 10, 'attention_head_size': 1, 'learning_rate': 0.005452341048664901}. Best is trial 0 with value: 63.999176025390625.
[I 2023-12-27 11:20:42,655] Trial 43 finished with value: 139.60049438476562 and parameters: {'gradient_clip_val': 0.14447607110961794, 'hidden_size': 60, 'dropout': 0.42889021255924764, 'hidden_continuous_size': 16, 'attention_head_size': 4, 'learning_rate': 0.003209509357567369}. Best is trial 0 with value: 63.999176025390625.
[I 2023-12-27 11:20:43,223] Trial 44 finished with value: 80.22889709472656 and parameters: {'gradient_clip_val': 0.107482444777448, 'hidden_size': 148, 'dropout': 0.40459696358302727, 'hidden_continuous_size': 7, 'attention_head_size': 2, 'learning_rate': 0.0046650793682253755}. Best is trial 0 with value: 63.999176025390625.
[I 2023-12-27 11:20:43,811] Trial 45 finished with value: 105.7015380859375 and parameters: {'gradient_clip_val': 0.10041643182440911, 'hidden_size': 148, 'dropout': 0.4525582522477172, 'hidden_continuous_size': 21, 'attention_head_size': 2, 'learning_rate': 0.004476795016654737}. Best is trial 0 with value: 63.999176025390625.
[I 2023-12-27 11:20:44,349] Trial 46 finished with value: 112.43109130859375 and parameters: {'gradient_clip_val': 0.10878743631458833, 'hidden_size': 127, 'dropout': 0.40704735443892937, 'hidden_continuous_size': 12, 'attention_head_size': 2, 'learning_rate': 0.008063440097127441}. Best is trial 0 with value: 63.999176025390625.
[I 2023-12-27 11:20:44,809] Trial 47 finished with value: 97.28182220458984 and parameters: {'gradient_clip_val': 0.12531837443621843, 'hidden_size': 88, 'dropout': 0.4350268460060973, 'hidden_continuous_size': 8, 'attention_head_size': 3, 'learning_rate': 0.0018275154141392741}. Best is trial 0 with value: 63.999176025390625.
[I 2023-12-27 11:20:45,350] Trial 48 finished with value: 108.40755462646484 and parameters: {'gradient_clip_val': 0.1608694020047496, 'hidden_size': 126, 'dropout': 0.4692550261496801, 'hidden_continuous_size': 45, 'attention_head_size': 3, 'learning_rate': 0.010813890178903404}. Best is trial 0 with value: 63.999176025390625.
[I 2023-12-27 11:20:45,827] Trial 49 finished with value: 114.76937866210938 and parameters: {'gradient_clip_val': 0.11188181149295048, 'hidden_size': 70, 'dropout': 0.3830774138540686, 'hidden_continuous_size': 25, 'attention_head_size': 2, 'learning_rate': 0.003947978468543406}. Best is trial 0 with value: 63.999176025390625.
[I 2023-12-27 11:20:45,936] A new study created in memory with name: no-name-8de647a7-f00d-4fac-98cd-0b1347eb626c
/home/le004/conda/anaconda3/envs/tsff_env/lib/python3.9/site-packages/lightning/fabric/plugins/environments/slurm.py:191: The `srun` command is available on your system but is not used. HINT: If your intention is to run Lightning on SLURM, prepend your python command with `srun` like so: srun python /home/le004/master_thesis/git/TSFusionForecast/code/ ...
[I 2023-12-27 11:21:05,233] Trial 0 finished with value: 25.36787223815918 and parameters: {'gradient_clip_val': 0.2568519659528726, 'hidden_size': 26, 'dropout': 0.37491258417288575, 'hidden_continuous_size': 10, 'attention_head_size': 4, 'learning_rate': 0.05210175075059126}. Best is trial 0 with value: 25.36787223815918.
[I 2023-12-27 11:21:05,678] Trial 1 finished with value: 58.73210144042969 and parameters: {'gradient_clip_val': 0.3198112401209426, 'hidden_size': 78, 'dropout': 0.47485726276300544, 'hidden_continuous_size': 47, 'attention_head_size': 3, 'learning_rate': 0.0011935562608308538}. Best is trial 0 with value: 25.36787223815918.
[I 2023-12-27 11:21:06,082] Trial 2 finished with value: 81.60887145996094 and parameters: {'gradient_clip_val': 0.9581653505157927, 'hidden_size': 52, 'dropout': 0.36597949989303236, 'hidden_continuous_size': 49, 'attention_head_size': 3, 'learning_rate': 0.06402667818658363}. Best is trial 0 with value: 25.36787223815918.
[I 2023-12-27 11:21:06,471] Trial 3 finished with value: 75.43071746826172 and parameters: {'gradient_clip_val': 0.23154538735328362, 'hidden_size': 54, 'dropout': 0.19639352192876156, 'hidden_continuous_size': 23, 'attention_head_size': 1, 'learning_rate': 0.02405783097117087}. Best is trial 0 with value: 25.36787223815918.
[I 2023-12-27 11:21:06,848] Trial 4 finished with value: 53.53782272338867 and parameters: {'gradient_clip_val': 0.12265005548871549, 'hidden_size': 31, 'dropout': 0.3340158811913694, 'hidden_continuous_size': 19, 'attention_head_size': 3, 'learning_rate': 0.0009394801497204292}. Best is trial 0 with value: 25.36787223815918.
[I 2023-12-27 11:21:07,504] Trial 5 finished with value: 68.7391128540039 and parameters: {'gradient_clip_val': 0.23789053277536337, 'hidden_size': 79, 'dropout': 0.44512102286683497, 'hidden_continuous_size': 32, 'attention_head_size': 3, 'learning_rate': 0.016901227143142704}. Best is trial 0 with value: 25.36787223815918.
[I 2023-12-27 11:21:07,915] Trial 6 finished with value: 63.83311080932617 and parameters: {'gradient_clip_val': 0.7191057296417125, 'hidden_size': 60, 'dropout': 0.28171575972909635, 'hidden_continuous_size': 52, 'attention_head_size': 1, 'learning_rate': 0.008034854067086124}. Best is trial 0 with value: 25.36787223815918.
[I 2023-12-27 11:21:08,326] Trial 7 finished with value: 70.3756332397461 and parameters: {'gradient_clip_val': 0.1754461997965644, 'hidden_size': 53, 'dropout': 0.45085430833470097, 'hidden_continuous_size': 25, 'attention_head_size': 1, 'learning_rate': 0.0006774789194085175}. Best is trial 0 with value: 25.36787223815918.
[I 2023-12-27 11:21:08,677] Trial 8 finished with value: 57.6411247253418 and parameters: {'gradient_clip_val': 0.6150406866441898, 'hidden_size': 8, 'dropout': 0.4064423410670993, 'hidden_continuous_size': 6, 'attention_head_size': 4, 'learning_rate': 0.016351693036074817}. Best is trial 0 with value: 25.36787223815918.
[I 2023-12-27 11:21:09,042] Trial 9 finished with value: 82.42346954345703 and parameters: {'gradient_clip_val': 0.24619335302774314, 'hidden_size': 32, 'dropout': 0.36760741371723293, 'hidden_continuous_size': 21, 'attention_head_size': 2, 'learning_rate': 0.0006027086853161187}. Best is trial 0 with value: 25.36787223815918.
[I 2023-12-27 11:21:09,418] Trial 10 finished with value: 71.02230072021484 and parameters: {'gradient_clip_val': 0.39814419722767824, 'hidden_size': 12, 'dropout': 0.10085322144238734, 'hidden_continuous_size': 8, 'attention_head_size': 4, 'learning_rate': 0.07620015148231775}. Best is trial 0 with value: 25.36787223815918.
[I 2023-12-27 11:21:09,797] Trial 11 finished with value: 70.3508071899414 and parameters: {'gradient_clip_val': 0.10841828764265268, 'hidden_size': 18, 'dropout': 0.31512544391463626, 'hidden_continuous_size': 11, 'attention_head_size': 4, 'learning_rate': 0.00240455521189779}. Best is trial 0 with value: 25.36787223815918.
[I 2023-12-27 11:21:10,182] Trial 12 finished with value: 62.97322082519531 and parameters: {'gradient_clip_val': 0.1073348866993106, 'hidden_size': 28, 'dropout': 0.2984752655838056, 'hidden_continuous_size': 13, 'attention_head_size': 2, 'learning_rate': 0.0027375064461233833}. Best is trial 0 with value: 25.36787223815918.
[I 2023-12-27 11:21:10,715] Trial 13 finished with value: 49.938419342041016 and parameters: {'gradient_clip_val': 0.14853172297582323, 'hidden_size': 125, 'dropout': 0.37201124339199276, 'hidden_continuous_size': 5, 'attention_head_size': 4, 'learning_rate': 0.004383105200524538}. Best is trial 0 with value: 25.36787223815918.
[I 2023-12-27 11:21:11,219] Trial 14 finished with value: 60.18758010864258 and parameters: {'gradient_clip_val': 0.1636210620897329, 'hidden_size': 111, 'dropout': 0.4941711523288232, 'hidden_continuous_size': 5, 'attention_head_size': 4, 'learning_rate': 0.005673295080493143}. Best is trial 0 with value: 25.36787223815918.
[I 2023-12-27 11:21:11,858] Trial 15 finished with value: 61.78627395629883 and parameters: {'gradient_clip_val': 0.16432187326142036, 'hidden_size': 138, 'dropout': 0.4128565471377693, 'hidden_continuous_size': 122, 'attention_head_size': 4, 'learning_rate': 0.03583107878076836}. Best is trial 0 with value: 25.36787223815918.
[I 2023-12-27 11:21:12,224] Trial 16 finished with value: 69.69258880615234 and parameters: {'gradient_clip_val': 0.3748183361378219, 'hidden_size': 18, 'dropout': 0.2566591863494497, 'hidden_continuous_size': 5, 'attention_head_size': 4, 'learning_rate': 0.09769232984658233}. Best is trial 0 with value: 25.36787223815918.
[I 2023-12-27 11:21:12,551] Trial 17 finished with value: 64.0339584350586 and parameters: {'gradient_clip_val': 0.14124823272778522, 'hidden_size': 5, 'dropout': 0.3883336803338533, 'hidden_continuous_size': 5, 'attention_head_size': 2, 'learning_rate': 0.006676699984866695}. Best is trial 0 with value: 25.36787223815918.
[I 2023-12-27 11:21:13,331] Trial 18 finished with value: 57.714080810546875 and parameters: {'gradient_clip_val': 0.20565813456508403, 'hidden_size': 139, 'dropout': 0.4285283089418567, 'hidden_continuous_size': 8, 'attention_head_size': 3, 'learning_rate': 0.04432506966422568}. Best is trial 0 with value: 25.36787223815918.
[I 2023-12-27 11:21:13,735] Trial 19 finished with value: 89.26128387451172 and parameters: {'gradient_clip_val': 0.13224455951715597, 'hidden_size': 37, 'dropout': 0.36000272129434413, 'hidden_continuous_size': 7, 'attention_head_size': 4, 'learning_rate': 0.01056932359014869}. Best is trial 0 with value: 25.36787223815918.
[I 2023-12-27 11:21:14,119] Trial 20 finished with value: 57.398563385009766 and parameters: {'gradient_clip_val': 0.2958218901218512, 'hidden_size': 21, 'dropout': 0.33190159364855365, 'hidden_continuous_size': 6, 'attention_head_size': 3, 'learning_rate': 0.004279719770107901}. Best is trial 0 with value: 25.36787223815918.
[I 2023-12-27 11:21:14,526] Trial 21 finished with value: 72.25694274902344 and parameters: {'gradient_clip_val': 0.12851174946983923, 'hidden_size': 34, 'dropout': 0.34831670983766405, 'hidden_continuous_size': 10, 'attention_head_size': 3, 'learning_rate': 0.001357686584921136}. Best is trial 0 with value: 25.36787223815918.
[I 2023-12-27 11:21:14,938] Trial 22 finished with value: 55.71271896362305 and parameters: {'gradient_clip_val': 0.10341277097947722, 'hidden_size': 39, 'dropout': 0.38237664532475196, 'hidden_continuous_size': 15, 'attention_head_size': 4, 'learning_rate': 0.003642347004521836}. Best is trial 0 with value: 25.36787223815918.
[I 2023-12-27 11:21:15,315] Trial 23 finished with value: 76.10140228271484 and parameters: {'gradient_clip_val': 0.18865946155138286, 'hidden_size': 22, 'dropout': 0.3328322519072619, 'hidden_continuous_size': 9, 'attention_head_size': 3, 'learning_rate': 0.010142850640832477}. Best is trial 0 with value: 25.36787223815918.
[I 2023-12-27 11:21:15,694] Trial 24 finished with value: 57.58882522583008 and parameters: {'gradient_clip_val': 0.14589087116883415, 'hidden_size': 14, 'dropout': 0.39217413874395335, 'hidden_continuous_size': 6, 'attention_head_size': 4, 'learning_rate': 0.0019991929696174466}. Best is trial 0 with value: 25.36787223815918.
[I 2023-12-27 11:21:16,080] Trial 25 finished with value: 57.242008209228516 and parameters: {'gradient_clip_val': 0.1938902634477346, 'hidden_size': 26, 'dropout': 0.42138895559007084, 'hidden_continuous_size': 7, 'attention_head_size': 2, 'learning_rate': 0.004346303394699069}. Best is trial 0 with value: 25.36787223815918.
[I 2023-12-27 11:21:16,477] Trial 26 finished with value: 62.31681442260742 and parameters: {'gradient_clip_val': 0.12189118175643575, 'hidden_size': 40, 'dropout': 0.3332426127269998, 'hidden_continuous_size': 12, 'attention_head_size': 3, 'learning_rate': 0.0009347237356177178}. Best is trial 0 with value: 25.36787223815918.
[I 2023-12-27 11:21:16,961] Trial 27 finished with value: 57.39841842651367 and parameters: {'gradient_clip_val': 0.14918267553393785, 'hidden_size': 102, 'dropout': 0.38127052145307977, 'hidden_continuous_size': 16, 'attention_head_size': 4, 'learning_rate': 0.0017887438118339013}. Best is trial 0 with value: 25.36787223815918.
[I 2023-12-27 11:21:17,406] Trial 28 finished with value: 61.10708999633789 and parameters: {'gradient_clip_val': 0.16394765819067686, 'hidden_size': 73, 'dropout': 0.2755001178362937, 'hidden_continuous_size': 11, 'attention_head_size': 4, 'learning_rate': 0.0008639958090250082}. Best is trial 0 with value: 25.36787223815918.
[I 2023-12-27 11:21:17,813] Trial 29 finished with value: 55.99876403808594 and parameters: {'gradient_clip_val': 0.12110453152694568, 'hidden_size': 44, 'dropout': 0.46619832491875224, 'hidden_continuous_size': 14, 'attention_head_size': 3, 'learning_rate': 0.0005265040766900194}. Best is trial 0 with value: 25.36787223815918.
[I 2023-12-27 11:21:18,211] Trial 30 finished with value: 60.6331901550293 and parameters: {'gradient_clip_val': 0.10088754645006419, 'hidden_size': 28, 'dropout': 0.4960181709514142, 'hidden_continuous_size': 9, 'attention_head_size': 3, 'learning_rate': 0.001349956238827882}. Best is trial 0 with value: 25.36787223815918.
[I 2023-12-27 11:21:18,881] Trial 31 finished with value: 75.81009674072266 and parameters: {'gradient_clip_val': 0.1152394152956414, 'hidden_size': 45, 'dropout': 0.396024388276407, 'hidden_continuous_size': 16, 'attention_head_size': 4, 'learning_rate': 0.004838350321905824}. Best is trial 0 with value: 25.36787223815918.
[I 2023-12-27 11:21:19,325] Trial 32 finished with value: 59.957698822021484 and parameters: {'gradient_clip_val': 0.10159069551802324, 'hidden_size': 64, 'dropout': 0.3646614107387163, 'hidden_continuous_size': 18, 'attention_head_size': 4, 'learning_rate': 0.003254489050323732}. Best is trial 0 with value: 25.36787223815918.
[I 2023-12-27 11:21:19,745] Trial 33 finished with value: 58.30105209350586 and parameters: {'gradient_clip_val': 0.1342161665151068, 'hidden_size': 46, 'dropout': 0.38026705465147514, 'hidden_continuous_size': 13, 'attention_head_size': 4, 'learning_rate': 0.0033141859108107097}. Best is trial 0 with value: 25.36787223815918.
