[I 2023-12-27 11:29:22,322] Trial 6 finished with value: 4384.66455078125 and parameters: {'gradient_clip_val': 0.12952715749059973, 'hidden_size': 21, 'dropout': 0.493717045713277, 'hidden_continuous_size': 5, 'attention_head_size': 2, 'learning_rate': 0.004855628131489309}. Best is trial 0 with value: 949.7435913085938.
LOCAL_RANK: 0 - CUDA_VISIBLE_DEVICES: [0]
[I 2023-12-27 11:29:22,733] Trial 7 finished with value: 4304.86865234375 and parameters: {'gradient_clip_val': 0.19101601809118382, 'hidden_size': 12, 'dropout': 0.13705103828559553, 'hidden_continuous_size': 5, 'attention_head_size': 4, 'learning_rate': 0.06838294314001427}. Best is trial 0 with value: 949.7435913085938.
LOCAL_RANK: 0 - CUDA_VISIBLE_DEVICES: [0]
[I 2023-12-27 11:29:23,128] Trial 8 finished with value: 4189.4375 and parameters: {'gradient_clip_val': 0.10260523075573862, 'hidden_size': 8, 'dropout': 0.18500116348774062, 'hidden_continuous_size': 5, 'attention_head_size': 2, 'learning_rate': 0.0009383889806780879}. Best is trial 0 with value: 949.7435913085938.
LOCAL_RANK: 0 - CUDA_VISIBLE_DEVICES: [0]
[I 2023-12-27 11:29:23,533] Trial 9 finished with value: 3785.8759765625 and parameters: {'gradient_clip_val': 0.35542249426972855, 'hidden_size': 10, 'dropout': 0.2150487398476626, 'hidden_continuous_size': 8, 'attention_head_size': 3, 'learning_rate': 0.005805537147336413}. Best is trial 0 with value: 949.7435913085938.
LOCAL_RANK: 0 - CUDA_VISIBLE_DEVICES: [0]
[I 2023-12-27 11:29:23,913] Trial 10 finished with value: 4250.72900390625 and parameters: {'gradient_clip_val': 0.8208679501863542, 'hidden_size': 5, 'dropout': 0.35980664875890644, 'hidden_continuous_size': 5, 'attention_head_size': 1, 'learning_rate': 0.08623630787059783}. Best is trial 0 with value: 949.7435913085938.
LOCAL_RANK: 0 - CUDA_VISIBLE_DEVICES: [0]
[I 2023-12-27 11:29:24,384] Trial 11 finished with value: 4024.275390625 and parameters: {'gradient_clip_val': 0.2284397335877693, 'hidden_size': 20, 'dropout': 0.2836263970273838, 'hidden_continuous_size': 12, 'attention_head_size': 1, 'learning_rate': 0.0026304985501946804}. Best is trial 0 with value: 949.7435913085938.
LOCAL_RANK: 0 - CUDA_VISIBLE_DEVICES: [0]
[I 2023-12-27 11:29:24,859] Trial 12 finished with value: 4139.0322265625 and parameters: {'gradient_clip_val': 0.2578855031039226, 'hidden_size': 18, 'dropout': 0.10397555164744399, 'hidden_continuous_size': 12, 'attention_head_size': 4, 'learning_rate': 0.010384007289748198}. Best is trial 0 with value: 949.7435913085938.
LOCAL_RANK: 0 - CUDA_VISIBLE_DEVICES: [0]
[I 2023-12-27 11:29:25,335] Trial 13 finished with value: 3772.196533203125 and parameters: {'gradient_clip_val': 0.4853471106129185, 'hidden_size': 30, 'dropout': 0.27454634234897035, 'hidden_continuous_size': 17, 'attention_head_size': 1, 'learning_rate': 0.0006980296192142872}. Best is trial 0 with value: 949.7435913085938.
LOCAL_RANK: 0 - CUDA_VISIBLE_DEVICES: [0]
[I 2023-12-27 11:29:26,007] Trial 14 finished with value: 3655.47265625 and parameters: {'gradient_clip_val': 0.10611346256302073, 'hidden_size': 14, 'dropout': 0.35176539867324275, 'hidden_continuous_size': 6, 'attention_head_size': 2, 'learning_rate': 0.023034531612404527}. Best is trial 0 with value: 949.7435913085938.
LOCAL_RANK: 0 - CUDA_VISIBLE_DEVICES: [0]
[I 2023-12-27 11:29:26,475] Trial 15 finished with value: 3250.205322265625 and parameters: {'gradient_clip_val': 0.2577789532778837, 'hidden_size': 28, 'dropout': 0.182483306582778, 'hidden_continuous_size': 15, 'attention_head_size': 4, 'learning_rate': 0.0029053234634765102}. Best is trial 0 with value: 949.7435913085938.
LOCAL_RANK: 0 - CUDA_VISIBLE_DEVICES: [0]
[I 2023-12-27 11:29:26,917] Trial 16 finished with value: 4769.35400390625 and parameters: {'gradient_clip_val': 0.25320757936904587, 'hidden_size': 7, 'dropout': 0.18231806055869537, 'hidden_continuous_size': 5, 'attention_head_size': 4, 'learning_rate': 0.0013304136811764914}. Best is trial 0 with value: 949.7435913085938.
LOCAL_RANK: 0 - CUDA_VISIBLE_DEVICES: [0]
[I 2023-12-27 11:29:27,359] Trial 17 finished with value: 4108.79052734375 and parameters: {'gradient_clip_val': 0.45533693215474524, 'hidden_size': 14, 'dropout': 0.18068944257475728, 'hidden_continuous_size': 6, 'attention_head_size': 1, 'learning_rate': 0.009539371373157631}. Best is trial 0 with value: 949.7435913085938.
LOCAL_RANK: 0 - CUDA_VISIBLE_DEVICES: [0]
[I 2023-12-27 11:29:27,852] Trial 18 finished with value: 4284.28857421875 and parameters: {'gradient_clip_val': 0.7100788728400272, 'hidden_size': 28, 'dropout': 0.22909604183931317, 'hidden_continuous_size': 9, 'attention_head_size': 4, 'learning_rate': 0.0014699547288223814}. Best is trial 0 with value: 949.7435913085938.
LOCAL_RANK: 0 - CUDA_VISIBLE_DEVICES: [0]
[I 2023-12-27 11:29:28,344] Trial 19 finished with value: 4988.43115234375 and parameters: {'gradient_clip_val': 0.9789716261430645, 'hidden_size': 22, 'dropout': 0.155287992102881, 'hidden_continuous_size': 7, 'attention_head_size': 2, 'learning_rate': 0.006701113700380386}. Best is trial 0 with value: 949.7435913085938.
LOCAL_RANK: 0 - CUDA_VISIBLE_DEVICES: [0]
[I 2023-12-27 11:29:28,806] Trial 20 finished with value: 5433.927734375 and parameters: {'gradient_clip_val': 0.3082395310486171, 'hidden_size': 15, 'dropout': 0.12146675833853826, 'hidden_continuous_size': 7, 'attention_head_size': 4, 'learning_rate': 0.0029964775798573587}. Best is trial 0 with value: 949.7435913085938.
LOCAL_RANK: 0 - CUDA_VISIBLE_DEVICES: [0]
[I 2023-12-27 11:29:29,302] Trial 21 finished with value: 4322.60107421875 and parameters: {'gradient_clip_val': 0.14184422746619202, 'hidden_size': 32, 'dropout': 0.24744714438608562, 'hidden_continuous_size': 15, 'attention_head_size': 3, 'learning_rate': 0.003994038700285783}. Best is trial 0 with value: 949.7435913085938.
LOCAL_RANK: 0 - CUDA_VISIBLE_DEVICES: [0]
[I 2023-12-27 11:29:29,829] Trial 22 finished with value: 3960.590576171875 and parameters: {'gradient_clip_val': 0.12740393709216183, 'hidden_size': 75, 'dropout': 0.193833323069306, 'hidden_continuous_size': 22, 'attention_head_size': 3, 'learning_rate': 0.0005249664053728353}. Best is trial 0 with value: 949.7435913085938.
LOCAL_RANK: 0 - CUDA_VISIBLE_DEVICES: [0]
[I 2023-12-27 11:29:30,298] Trial 23 finished with value: 4788.509765625 and parameters: {'gradient_clip_val': 0.2056207935199742, 'hidden_size': 36, 'dropout': 0.1619116800325039, 'hidden_continuous_size': 10, 'attention_head_size': 4, 'learning_rate': 0.003802257874412328}. Best is trial 0 with value: 949.7435913085938.
LOCAL_RANK: 0 - CUDA_VISIBLE_DEVICES: [0]
[I 2023-12-27 11:29:30,759] Trial 24 finished with value: 6209.4765625 and parameters: {'gradient_clip_val': 0.17657684833356313, 'hidden_size': 24, 'dropout': 0.21196405486911413, 'hidden_continuous_size': 15, 'attention_head_size': 3, 'learning_rate': 0.001924526535939017}. Best is trial 0 with value: 949.7435913085938.
LOCAL_RANK: 0 - CUDA_VISIBLE_DEVICES: [0]
[I 2023-12-27 11:29:31,253] Trial 25 finished with value: 4486.89892578125 and parameters: {'gradient_clip_val': 0.22100450369849367, 'hidden_size': 49, 'dropout': 0.2571054681222251, 'hidden_continuous_size': 19, 'attention_head_size': 2, 'learning_rate': 0.004772403811784224}. Best is trial 0 with value: 949.7435913085938.
LOCAL_RANK: 0 - CUDA_VISIBLE_DEVICES: [0]
[I 2023-12-27 11:29:31,744] Trial 26 finished with value: 4383.3974609375 and parameters: {'gradient_clip_val': 0.2896643188956475, 'hidden_size': 26, 'dropout': 0.10307067160231094, 'hidden_continuous_size': 12, 'attention_head_size': 4, 'learning_rate': 0.0019156364079668106}. Best is trial 0 with value: 949.7435913085938.
LOCAL_RANK: 0 - CUDA_VISIBLE_DEVICES: [0]
[I 2023-12-27 11:29:32,493] Trial 27 finished with value: 3589.793701171875 and parameters: {'gradient_clip_val': 0.40217178680520604, 'hidden_size': 38, 'dropout': 0.20722488214755996, 'hidden_continuous_size': 10, 'attention_head_size': 1, 'learning_rate': 0.006928586770777459}. Best is trial 0 with value: 949.7435913085938.
LOCAL_RANK: 0 - CUDA_VISIBLE_DEVICES: [0]
[I 2023-12-27 11:29:33,013] Trial 28 finished with value: 4073.263671875 and parameters: {'gradient_clip_val': 0.623140672023678, 'hidden_size': 64, 'dropout': 0.16373073071414582, 'hidden_continuous_size': 56, 'attention_head_size': 3, 'learning_rate': 0.004003152587979865}. Best is trial 0 with value: 949.7435913085938.
LOCAL_RANK: 0 - CUDA_VISIBLE_DEVICES: [0]
[I 2023-12-27 11:29:33,466] Trial 29 finished with value: 4442.32470703125 and parameters: {'gradient_clip_val': 0.39799288343774003, 'hidden_size': 18, 'dropout': 0.1320303209891009, 'hidden_continuous_size': 11, 'attention_head_size': 3, 'learning_rate': 0.016412507106356253}. Best is trial 0 with value: 949.7435913085938.
LOCAL_RANK: 0 - CUDA_VISIBLE_DEVICES: [0]
[I 2023-12-27 11:29:33,938] Trial 30 finished with value: 5063.18505859375 and parameters: {'gradient_clip_val': 0.1578861285934193, 'hidden_size': 46, 'dropout': 0.23911899135817039, 'hidden_continuous_size': 14, 'attention_head_size': 4, 'learning_rate': 0.009025079224473735}. Best is trial 0 with value: 949.7435913085938.
LOCAL_RANK: 0 - CUDA_VISIBLE_DEVICES: [0]
[I 2023-12-27 11:29:34,389] Trial 31 finished with value: 4225.68017578125 and parameters: {'gradient_clip_val': 0.39982785895959394, 'hidden_size': 38, 'dropout': 0.20817011488725862, 'hidden_continuous_size': 10, 'attention_head_size': 1, 'learning_rate': 0.00691430016406278}. Best is trial 0 with value: 949.7435913085938.
LOCAL_RANK: 0 - CUDA_VISIBLE_DEVICES: [0]
[I 2023-12-27 11:29:34,876] Trial 32 finished with value: 4491.57861328125 and parameters: {'gradient_clip_val': 0.2937589557089893, 'hidden_size': 34, 'dropout': 0.20217642045841105, 'hidden_continuous_size': 14, 'attention_head_size': 1, 'learning_rate': 0.005986589299995389}. Best is trial 0 with value: 949.7435913085938.
LOCAL_RANK: 0 - CUDA_VISIBLE_DEVICES: [0]
[I 2023-12-27 11:29:35,364] Trial 33 finished with value: 3429.853515625 and parameters: {'gradient_clip_val': 0.5648200513054011, 'hidden_size': 45, 'dropout': 0.1545118984844103, 'hidden_continuous_size': 22, 'attention_head_size': 1, 'learning_rate': 0.014103523687517168}. Best is trial 0 with value: 949.7435913085938.
LOCAL_RANK: 0 - CUDA_VISIBLE_DEVICES: [0]
[I 2023-12-27 11:29:35,839] Trial 34 finished with value: 4334.029296875 and parameters: {'gradient_clip_val': 0.567472123811885, 'hidden_size': 26, 'dropout': 0.14980690837616883, 'hidden_continuous_size': 17, 'attention_head_size': 2, 'learning_rate': 0.013151421443145038}. Best is trial 0 with value: 949.7435913085938.
LOCAL_RANK: 0 - CUDA_VISIBLE_DEVICES: [0]
[I 2023-12-27 11:29:36,319] Trial 35 finished with value: 6367.83349609375 and parameters: {'gradient_clip_val': 0.5617074553316407, 'hidden_size': 42, 'dropout': 0.1683778326106263, 'hidden_continuous_size': 25, 'attention_head_size': 1, 'learning_rate': 0.017197908328361603}. Best is trial 0 with value: 949.7435913085938.
LOCAL_RANK: 0 - CUDA_VISIBLE_DEVICES: [0]
[I 2023-12-27 11:29:36,818] Trial 36 finished with value: 4604.818359375 and parameters: {'gradient_clip_val': 0.4555339934447751, 'hidden_size': 55, 'dropout': 0.134866858998563, 'hidden_continuous_size': 30, 'attention_head_size': 2, 'learning_rate': 0.033320142687614046}. Best is trial 0 with value: 949.7435913085938.
LOCAL_RANK: 0 - CUDA_VISIBLE_DEVICES: [0]
[I 2023-12-27 11:29:37,289] Trial 37 finished with value: 4578.984375 and parameters: {'gradient_clip_val': 0.17852653178877942, 'hidden_size': 30, 'dropout': 0.3073961945274333, 'hidden_continuous_size': 19, 'attention_head_size': 3, 'learning_rate': 0.009158359276671293}. Best is trial 0 with value: 949.7435913085938.
LOCAL_RANK: 0 - CUDA_VISIBLE_DEVICES: [0]
[I 2023-12-27 11:29:37,791] Trial 38 finished with value: 4127.40966796875 and parameters: {'gradient_clip_val': 0.35058239408767444, 'hidden_size': 79, 'dropout': 0.22541697191435492, 'hidden_continuous_size': 33, 'attention_head_size': 2, 'learning_rate': 0.03073797842173743}. Best is trial 0 with value: 949.7435913085938.
LOCAL_RANK: 0 - CUDA_VISIBLE_DEVICES: [0]
[I 2023-12-27 11:29:38,292] Trial 39 finished with value: 4663.72216796875 and parameters: {'gradient_clip_val': 0.19525697651490062, 'hidden_size': 127, 'dropout': 0.17087412533434482, 'hidden_continuous_size': 43, 'attention_head_size': 1, 'learning_rate': 0.0030981106342047684}. Best is trial 0 with value: 949.7435913085938.
LOCAL_RANK: 0 - CUDA_VISIBLE_DEVICES: [0]
[I 2023-12-27 11:29:39,031] Trial 40 finished with value: 3884.83984375 and parameters: {'gradient_clip_val': 0.5378457481411048, 'hidden_size': 48, 'dropout': 0.14456578336727854, 'hidden_continuous_size': 20, 'attention_head_size': 3, 'learning_rate': 0.005029342321765609}. Best is trial 0 with value: 949.7435913085938.
LOCAL_RANK: 0 - CUDA_VISIBLE_DEVICES: [0]
[I 2023-12-27 11:29:39,634] Trial 41 finished with value: 4116.67822265625 and parameters: {'gradient_clip_val': 0.38926465044971514, 'hidden_size': 39, 'dropout': 0.19865781152775647, 'hidden_continuous_size': 16, 'attention_head_size': 1, 'learning_rate': 0.008046834991158531}. Best is trial 0 with value: 949.7435913085938.
LOCAL_RANK: 0 - CUDA_VISIBLE_DEVICES: [0]
[I 2023-12-27 11:29:40,160] Trial 42 finished with value: 4614.54931640625 and parameters: {'gradient_clip_val': 0.4625144846323618, 'hidden_size': 34, 'dropout': 0.2176792018653725, 'hidden_continuous_size': 13, 'attention_head_size': 1, 'learning_rate': 0.013302098169771298}. Best is trial 0 with value: 949.7435913085938.
LOCAL_RANK: 0 - CUDA_VISIBLE_DEVICES: [0]
[I 2023-12-27 11:29:40,719] Trial 43 finished with value: 3900.119140625 and parameters: {'gradient_clip_val': 0.41694193536914753, 'hidden_size': 41, 'dropout': 0.19484482610246345, 'hidden_continuous_size': 23, 'attention_head_size': 1, 'learning_rate': 0.0072893490316294825}. Best is trial 0 with value: 949.7435913085938.
LOCAL_RANK: 0 - CUDA_VISIBLE_DEVICES: [0]
[I 2023-12-27 11:29:41,256] Trial 44 finished with value: 4466.142578125 and parameters: {'gradient_clip_val': 0.33251066508834604, 'hidden_size': 23, 'dropout': 0.2534511211545929, 'hidden_continuous_size': 17, 'attention_head_size': 1, 'learning_rate': 0.012079583772388098}. Best is trial 0 with value: 949.7435913085938.
LOCAL_RANK: 0 - CUDA_VISIBLE_DEVICES: [0]
[I 2023-12-27 11:29:41,801] Trial 45 finished with value: 5015.16259765625 and parameters: {'gradient_clip_val': 0.49279891923531177, 'hidden_size': 29, 'dropout': 0.17375386650080443, 'hidden_continuous_size': 13, 'attention_head_size': 1, 'learning_rate': 0.005412930338183856}. Best is trial 0 with value: 949.7435913085938.
LOCAL_RANK: 0 - CUDA_VISIBLE_DEVICES: [0]
[I 2023-12-27 11:29:42,340] Trial 46 finished with value: 4323.12890625 and parameters: {'gradient_clip_val': 0.36937623294918304, 'hidden_size': 19, 'dropout': 0.11789017851453593, 'hidden_continuous_size': 9, 'attention_head_size': 2, 'learning_rate': 0.016977135552515253}. Best is trial 0 with value: 949.7435913085938.
LOCAL_RANK: 0 - CUDA_VISIBLE_DEVICES: [0]
[I 2023-12-27 11:29:42,846] Trial 47 finished with value: 4376.61572265625 and parameters: {'gradient_clip_val': 0.33155057658128995, 'hidden_size': 55, 'dropout': 0.18629972235163778, 'hidden_continuous_size': 21, 'attention_head_size': 1, 'learning_rate': 0.011128081461330007}. Best is trial 0 with value: 949.7435913085938.
LOCAL_RANK: 0 - CUDA_VISIBLE_DEVICES: [0]
[I 2023-12-27 11:29:43,297] Trial 48 finished with value: 4919.966796875 and parameters: {'gradient_clip_val': 0.42672200315307046, 'hidden_size': 10, 'dropout': 0.22996148046874185, 'hidden_continuous_size': 8, 'attention_head_size': 2, 'learning_rate': 0.00715969911788093}. Best is trial 0 with value: 949.7435913085938.
LOCAL_RANK: 0 - CUDA_VISIBLE_DEVICES: [0]
[I 2023-12-27 11:29:43,789] Trial 49 finished with value: 4286.33251953125 and parameters: {'gradient_clip_val': 0.5125261603815429, 'hidden_size': 33, 'dropout': 0.14900254578661432, 'hidden_continuous_size': 19, 'attention_head_size': 1, 'learning_rate': 0.002303393324484737}. Best is trial 0 with value: 949.7435913085938.
[I 2023-12-27 11:29:43,918] A new study created in memory with name: no-name-9c413c18-3152-4a61-8d77-d4cfae6d559d
/home/le004/conda/anaconda3/envs/tsff_env/lib/python3.9/site-packages/lightning/fabric/plugins/environments/slurm.py:191: The `srun` command is available on your system but is not used. HINT: If your intention is to run Lightning on SLURM, prepend your python command with `srun` like so: srun python /home/le004/master_thesis/git/TSFusionForecast/code/ ...
LOCAL_RANK: 0 - CUDA_VISIBLE_DEVICES: [0]
[I 2023-12-27 11:30:12,295] Trial 0 finished with value: 26334.974609375 and parameters: {'gradient_clip_val': 0.22341969255268002, 'hidden_size': 19, 'dropout': 0.2731443026135876, 'hidden_continuous_size': 14, 'attention_head_size': 1, 'learning_rate': 0.003347013325650178}. Best is trial 0 with value: 26334.974609375.
LOCAL_RANK: 0 - CUDA_VISIBLE_DEVICES: [0]
[I 2023-12-27 11:30:22,108] Trial 1 finished with value: 41041.84765625 and parameters: {'gradient_clip_val': 0.2107834507480673, 'hidden_size': 18, 'dropout': 0.11171462003711939, 'hidden_continuous_size': 5, 'attention_head_size': 2, 'learning_rate': 0.00989624145478434}. Best is trial 0 with value: 26334.974609375.
LOCAL_RANK: 0 - CUDA_VISIBLE_DEVICES: [0]
[I 2023-12-27 11:30:22,547] Trial 2 finished with value: 109707.125 and parameters: {'gradient_clip_val': 0.3994696256799683, 'hidden_size': 17, 'dropout': 0.20142475438597646, 'hidden_continuous_size': 10, 'attention_head_size': 2, 'learning_rate': 0.014897387941518894}. Best is trial 0 with value: 26334.974609375.
LOCAL_RANK: 0 - CUDA_VISIBLE_DEVICES: [0]
[I 2023-12-27 11:30:23,007] Trial 3 finished with value: 110518.4609375 and parameters: {'gradient_clip_val': 0.674681288285323, 'hidden_size': 89, 'dropout': 0.3390731736931208, 'hidden_continuous_size': 18, 'attention_head_size': 2, 'learning_rate': 0.05970408098568288}. Best is trial 0 with value: 26334.974609375.
LOCAL_RANK: 0 - CUDA_VISIBLE_DEVICES: [0]
[I 2023-12-27 11:30:23,400] Trial 4 finished with value: 107443.2578125 and parameters: {'gradient_clip_val': 0.11058672343463594, 'hidden_size': 5, 'dropout': 0.3423062942251605, 'hidden_continuous_size': 5, 'attention_head_size': 1, 'learning_rate': 0.0021746151721243365}. Best is trial 0 with value: 26334.974609375.
LOCAL_RANK: 0 - CUDA_VISIBLE_DEVICES: [0]
[I 2023-12-27 11:30:23,830] Trial 5 finished with value: 71550.5703125 and parameters: {'gradient_clip_val': 0.2212037962434152, 'hidden_size': 20, 'dropout': 0.25414910528652335, 'hidden_continuous_size': 10, 'attention_head_size': 1, 'learning_rate': 0.02472057403987553}. Best is trial 0 with value: 26334.974609375.
LOCAL_RANK: 0 - CUDA_VISIBLE_DEVICES: [0]
[I 2023-12-27 11:30:24,238] Trial 6 finished with value: 105350.7734375 and parameters: {'gradient_clip_val': 0.46501976421487123, 'hidden_size': 17, 'dropout': 0.1925707798545081, 'hidden_continuous_size': 12, 'attention_head_size': 1, 'learning_rate': 0.06448200130728861}. Best is trial 0 with value: 26334.974609375.
LOCAL_RANK: 0 - CUDA_VISIBLE_DEVICES: [0]
[I 2023-12-27 11:30:24,694] Trial 7 finished with value: 92948.1796875 and parameters: {'gradient_clip_val': 0.21352805981056924, 'hidden_size': 70, 'dropout': 0.3321396350179431, 'hidden_continuous_size': 7, 'attention_head_size': 3, 'learning_rate': 0.03330040686663548}. Best is trial 0 with value: 26334.974609375.
LOCAL_RANK: 0 - CUDA_VISIBLE_DEVICES: [0]
[I 2023-12-27 11:30:25,157] Trial 8 finished with value: 95156.7109375 and parameters: {'gradient_clip_val': 0.4459338074990937, 'hidden_size': 38, 'dropout': 0.11234182797173564, 'hidden_continuous_size': 16, 'attention_head_size': 3, 'learning_rate': 0.0036660976596639846}. Best is trial 0 with value: 26334.974609375.
LOCAL_RANK: 0 - CUDA_VISIBLE_DEVICES: [0]
[I 2023-12-27 11:30:25,569] Trial 9 finished with value: 110261.6875 and parameters: {'gradient_clip_val': 0.3822933879230484, 'hidden_size': 19, 'dropout': 0.11465413899974415, 'hidden_continuous_size': 12, 'attention_head_size': 2, 'learning_rate': 0.002874251083880296}. Best is trial 0 with value: 26334.974609375.
LOCAL_RANK: 0 - CUDA_VISIBLE_DEVICES: [0]
[I 2023-12-27 11:30:26,050] Trial 10 finished with value: 108336.9296875 and parameters: {'gradient_clip_val': 0.8807472539621148, 'hidden_size': 7, 'dropout': 0.4565256264348022, 'hidden_continuous_size': 6, 'attention_head_size': 4, 'learning_rate': 0.0007867166678287594}. Best is trial 0 with value: 26334.974609375.
LOCAL_RANK: 0 - CUDA_VISIBLE_DEVICES: [0]
[I 2023-12-27 11:30:26,510] Trial 11 finished with value: 105045.15625 and parameters: {'gradient_clip_val': 0.22562653151798712, 'hidden_size': 11, 'dropout': 0.1767550734677262, 'hidden_continuous_size': 5, 'attention_head_size': 1, 'learning_rate': 0.009364318276451034}. Best is trial 0 with value: 26334.974609375.
LOCAL_RANK: 0 - CUDA_VISIBLE_DEVICES: [0]
[I 2023-12-27 11:30:26,963] Trial 12 finished with value: 75277.6953125 and parameters: {'gradient_clip_val': 0.1499692277007751, 'hidden_size': 36, 'dropout': 0.2586178421218391, 'hidden_continuous_size': 25, 'attention_head_size': 2, 'learning_rate': 0.007875364811818362}. Best is trial 0 with value: 26334.974609375.
LOCAL_RANK: 0 - CUDA_VISIBLE_DEVICES: [0]
[I 2023-12-27 11:30:27,410] Trial 13 finished with value: 83405.25 and parameters: {'gradient_clip_val': 0.2857458439077606, 'hidden_size': 10, 'dropout': 0.406987709735228, 'hidden_continuous_size': 6, 'attention_head_size': 3, 'learning_rate': 0.00499878385602697}. Best is trial 0 with value: 26334.974609375.
LOCAL_RANK: 0 - CUDA_VISIBLE_DEVICES: [0]
