[I 2023-12-27 11:10:21,877] Trial 22 finished with value: 537.8980102539062 and parameters: {'gradient_clip_val': 0.735116797298082, 'hidden_size': 61, 'dropout': 0.46542027740945624, 'hidden_continuous_size': 10, 'attention_head_size': 3, 'learning_rate': 0.021874704268775202}. Best is trial 0 with value: 132.40794372558594.
[I 2023-12-27 11:10:22,442] Trial 23 finished with value: 536.8311157226562 and parameters: {'gradient_clip_val': 0.7802855919152527, 'hidden_size': 18, 'dropout': 0.4247479233152639, 'hidden_continuous_size': 7, 'attention_head_size': 3, 'learning_rate': 0.04334321949996085}. Best is trial 0 with value: 132.40794372558594.
[I 2023-12-27 11:10:22,814] Trial 24 finished with value: 446.5782470703125 and parameters: {'gradient_clip_val': 0.5080240104535007, 'hidden_size': 33, 'dropout': 0.4621769487008478, 'hidden_continuous_size': 9, 'attention_head_size': 4, 'learning_rate': 0.012302362535553725}. Best is trial 0 with value: 132.40794372558594.
[I 2023-12-27 11:10:23,201] Trial 25 finished with value: 413.3075866699219 and parameters: {'gradient_clip_val': 0.6989105172173923, 'hidden_size': 44, 'dropout': 0.49287957855988634, 'hidden_continuous_size': 5, 'attention_head_size': 2, 'learning_rate': 0.030422625408057104}. Best is trial 0 with value: 132.40794372558594.
[I 2023-12-27 11:10:23,637] Trial 26 finished with value: 489.4559631347656 and parameters: {'gradient_clip_val': 0.6639564681211506, 'hidden_size': 83, 'dropout': 0.48928767194648276, 'hidden_continuous_size': 5, 'attention_head_size': 2, 'learning_rate': 0.0584562353840656}. Best is trial 0 with value: 132.40794372558594.
[I 2023-12-27 11:10:24,017] Trial 27 finished with value: 406.2359924316406 and parameters: {'gradient_clip_val': 0.5172171182929595, 'hidden_size': 44, 'dropout': 0.46810446741185663, 'hidden_continuous_size': 5, 'attention_head_size': 2, 'learning_rate': 0.03181927188526644}. Best is trial 0 with value: 132.40794372558594.
[I 2023-12-27 11:10:24,426] Trial 28 finished with value: 396.9111328125 and parameters: {'gradient_clip_val': 0.53029780962519, 'hidden_size': 65, 'dropout': 0.4114611283869917, 'hidden_continuous_size': 13, 'attention_head_size': 2, 'learning_rate': 0.01381812487315545}. Best is trial 0 with value: 132.40794372558594.
[I 2023-12-27 11:10:24,845] Trial 29 finished with value: 456.5575866699219 and parameters: {'gradient_clip_val': 0.27855676044769767, 'hidden_size': 67, 'dropout': 0.41001610582706066, 'hidden_continuous_size': 12, 'attention_head_size': 4, 'learning_rate': 0.015838363706769974}. Best is trial 0 with value: 132.40794372558594.
[I 2023-12-27 11:10:25,310] Trial 30 finished with value: 437.0755920410156 and parameters: {'gradient_clip_val': 0.43347106856889184, 'hidden_size': 95, 'dropout': 0.36809064818033627, 'hidden_continuous_size': 21, 'attention_head_size': 1, 'learning_rate': 0.010747859562905939}. Best is trial 0 with value: 132.40794372558594.
[I 2023-12-27 11:10:25,712] Trial 31 finished with value: 623.817626953125 and parameters: {'gradient_clip_val': 0.5783172061686127, 'hidden_size': 51, 'dropout': 0.4672939788300811, 'hidden_continuous_size': 12, 'attention_head_size': 2, 'learning_rate': 0.017601990225312798}. Best is trial 0 with value: 132.40794372558594.
[I 2023-12-27 11:10:26,100] Trial 32 finished with value: 449.10986328125 and parameters: {'gradient_clip_val': 0.5161445819614432, 'hidden_size': 50, 'dropout': 0.4128825206260941, 'hidden_continuous_size': 9, 'attention_head_size': 2, 'learning_rate': 0.03304517925249503}. Best is trial 0 with value: 132.40794372558594.
[I 2023-12-27 11:10:26,521] Trial 33 finished with value: 579.7655029296875 and parameters: {'gradient_clip_val': 0.6258587193173399, 'hidden_size': 73, 'dropout': 0.45816647472900507, 'hidden_continuous_size': 13, 'attention_head_size': 2, 'learning_rate': 0.050768982093412414}. Best is trial 0 with value: 132.40794372558594.
[I 2023-12-27 11:10:27,000] Trial 34 finished with value: 496.6194152832031 and parameters: {'gradient_clip_val': 0.47982131981931453, 'hidden_size': 107, 'dropout': 0.43207998947627935, 'hidden_continuous_size': 17, 'attention_head_size': 2, 'learning_rate': 0.021328013511106456}. Best is trial 0 with value: 132.40794372558594.
[I 2023-12-27 11:10:27,375] Trial 35 finished with value: 374.7768859863281 and parameters: {'gradient_clip_val': 0.4133206325745522, 'hidden_size': 36, 'dropout': 0.389191827317649, 'hidden_continuous_size': 6, 'attention_head_size': 1, 'learning_rate': 0.062092573026585704}. Best is trial 0 with value: 132.40794372558594.
[I 2023-12-27 11:10:27,762] Trial 36 finished with value: 474.048583984375 and parameters: {'gradient_clip_val': 0.4192756568954645, 'hidden_size': 35, 'dropout': 0.3891349191252738, 'hidden_continuous_size': 11, 'attention_head_size': 1, 'learning_rate': 0.006540748076402558}. Best is trial 0 with value: 132.40794372558594.
[I 2023-12-27 11:10:28,405] Trial 37 finished with value: 479.145751953125 and parameters: {'gradient_clip_val': 0.3451902148122865, 'hidden_size': 65, 'dropout': 0.41476094956352777, 'hidden_continuous_size': 19, 'attention_head_size': 1, 'learning_rate': 0.060610344812775566}. Best is trial 0 with value: 132.40794372558594.
[I 2023-12-27 11:10:28,864] Trial 38 finished with value: 449.7534484863281 and parameters: {'gradient_clip_val': 0.2268026596673331, 'hidden_size': 86, 'dropout': 0.38785662216810746, 'hidden_continuous_size': 6, 'attention_head_size': 4, 'learning_rate': 0.07860663399303829}. Best is trial 0 with value: 132.40794372558594.
[I 2023-12-27 11:10:29,295] Trial 39 finished with value: 446.7041015625 and parameters: {'gradient_clip_val': 0.3859792906276919, 'hidden_size': 72, 'dropout': 0.36484767134817436, 'hidden_continuous_size': 14, 'attention_head_size': 1, 'learning_rate': 0.00898607059021895}. Best is trial 0 with value: 132.40794372558594.
[I 2023-12-27 11:10:29,700] Trial 40 finished with value: 462.1236267089844 and parameters: {'gradient_clip_val': 0.4254651804284537, 'hidden_size': 30, 'dropout': 0.44185342118140697, 'hidden_continuous_size': 10, 'attention_head_size': 4, 'learning_rate': 0.04660301977819128}. Best is trial 0 with value: 132.40794372558594.
[I 2023-12-27 11:10:30,072] Trial 41 finished with value: 487.6676330566406 and parameters: {'gradient_clip_val': 0.46508003766623407, 'hidden_size': 40, 'dropout': 0.4669629134983372, 'hidden_continuous_size': 6, 'attention_head_size': 1, 'learning_rate': 0.0304311530128872}. Best is trial 0 with value: 132.40794372558594.
[I 2023-12-27 11:10:30,480] Trial 42 finished with value: 449.8423767089844 and parameters: {'gradient_clip_val': 0.5484503187764019, 'hidden_size': 49, 'dropout': 0.4720848803130139, 'hidden_continuous_size': 5, 'attention_head_size': 2, 'learning_rate': 0.04063295333479059}. Best is trial 0 with value: 132.40794372558594.
[I 2023-12-27 11:10:30,872] Trial 43 finished with value: 534.8955688476562 and parameters: {'gradient_clip_val': 0.5645974412034501, 'hidden_size': 39, 'dropout': 0.4212905162373691, 'hidden_continuous_size': 6, 'attention_head_size': 1, 'learning_rate': 0.014091197798676387}. Best is trial 0 with value: 132.40794372558594.
[I 2023-12-27 11:10:31,263] Trial 44 finished with value: 601.9783325195312 and parameters: {'gradient_clip_val': 0.6403897114043673, 'hidden_size': 27, 'dropout': 0.447316003513325, 'hidden_continuous_size': 8, 'attention_head_size': 2, 'learning_rate': 0.07399163997130054}. Best is trial 0 with value: 132.40794372558594.
[I 2023-12-27 11:10:31,685] Trial 45 finished with value: 653.6740112304688 and parameters: {'gradient_clip_val': 0.4704182577204671, 'hidden_size': 53, 'dropout': 0.48104164871858146, 'hidden_continuous_size': 7, 'attention_head_size': 3, 'learning_rate': 0.09845871144601356}. Best is trial 0 with value: 132.40794372558594.
[I 2023-12-27 11:10:32,072] Trial 46 finished with value: 337.7366638183594 and parameters: {'gradient_clip_val': 0.40970537354945247, 'hidden_size': 37, 'dropout': 0.399056757447759, 'hidden_continuous_size': 5, 'attention_head_size': 4, 'learning_rate': 0.026264665278235785}. Best is trial 0 with value: 132.40794372558594.
[I 2023-12-27 11:10:32,470] Trial 47 finished with value: 469.7781677246094 and parameters: {'gradient_clip_val': 0.38403495194401005, 'hidden_size': 37, 'dropout': 0.4034398778095169, 'hidden_continuous_size': 9, 'attention_head_size': 4, 'learning_rate': 0.02550020506564778}. Best is trial 0 with value: 132.40794372558594.
[I 2023-12-27 11:10:32,896] Trial 48 finished with value: 449.7979431152344 and parameters: {'gradient_clip_val': 0.31544269701627575, 'hidden_size': 59, 'dropout': 0.346586259465369, 'hidden_continuous_size': 7, 'attention_head_size': 4, 'learning_rate': 0.019293308312256053}. Best is trial 0 with value: 132.40794372558594.
[I 2023-12-27 11:10:33,282] Trial 49 finished with value: 453.9277038574219 and parameters: {'gradient_clip_val': 0.8812058190070292, 'hidden_size': 29, 'dropout': 0.39196923429086145, 'hidden_continuous_size': 11, 'attention_head_size': 4, 'learning_rate': 0.014542008434887715}. Best is trial 0 with value: 132.40794372558594.
[I 2023-12-27 11:10:33,387] A new study created in memory with name: no-name-53daec24-6570-4e8e-a9ce-955d2c7b46b6
/home/le004/conda/anaconda3/envs/tsff_env/lib/python3.9/site-packages/lightning/fabric/plugins/environments/slurm.py:191: The `srun` command is available on your system but is not used. HINT: If your intention is to run Lightning on SLURM, prepend your python command with `srun` like so: srun python /home/le004/master_thesis/git/TSFusionForecast/code/ ...
[I 2023-12-27 11:11:03,558] Trial 0 finished with value: 90.67626953125 and parameters: {'gradient_clip_val': 0.10958167015843191, 'hidden_size': 19, 'dropout': 0.33147383434884714, 'hidden_continuous_size': 7, 'attention_head_size': 2, 'learning_rate': 0.002331873209091333}. Best is trial 0 with value: 90.67626953125.
[I 2023-12-27 11:11:11,917] Trial 1 finished with value: 118.97317504882812 and parameters: {'gradient_clip_val': 0.23262638609436845, 'hidden_size': 5, 'dropout': 0.298416760457081, 'hidden_continuous_size': 5, 'attention_head_size': 1, 'learning_rate': 0.04926520938698335}. Best is trial 0 with value: 90.67626953125.
[I 2023-12-27 11:11:12,264] Trial 2 finished with value: 305.33294677734375 and parameters: {'gradient_clip_val': 0.43125655844259514, 'hidden_size': 23, 'dropout': 0.4474856533364432, 'hidden_continuous_size': 16, 'attention_head_size': 4, 'learning_rate': 0.025791174096777614}. Best is trial 0 with value: 90.67626953125.
[I 2023-12-27 11:11:12,619] Trial 3 finished with value: 174.6041259765625 and parameters: {'gradient_clip_val': 0.13582849641111053, 'hidden_size': 28, 'dropout': 0.24462228767123773, 'hidden_continuous_size': 17, 'attention_head_size': 4, 'learning_rate': 0.04679971313633168}. Best is trial 0 with value: 90.67626953125.
[I 2023-12-27 11:11:12,978] Trial 4 finished with value: 271.4848327636719 and parameters: {'gradient_clip_val': 0.1794952830476981, 'hidden_size': 27, 'dropout': 0.17117877775997337, 'hidden_continuous_size': 15, 'attention_head_size': 4, 'learning_rate': 0.0010865939058531076}. Best is trial 0 with value: 90.67626953125.
[I 2023-12-27 11:11:13,302] Trial 5 finished with value: 182.21815490722656 and parameters: {'gradient_clip_val': 0.3478951220067101, 'hidden_size': 6, 'dropout': 0.3188815376156449, 'hidden_continuous_size': 5, 'attention_head_size': 4, 'learning_rate': 0.010221747449083796}. Best is trial 0 with value: 90.67626953125.
[I 2023-12-27 11:11:13,693] Trial 6 finished with value: 229.5558624267578 and parameters: {'gradient_clip_val': 0.9009126109182682, 'hidden_size': 62, 'dropout': 0.1752837660270039, 'hidden_continuous_size': 15, 'attention_head_size': 1, 'learning_rate': 0.036690544679024335}. Best is trial 0 with value: 90.67626953125.
[I 2023-12-27 11:11:14,059] Trial 7 finished with value: 218.8798370361328 and parameters: {'gradient_clip_val': 0.791474403952266, 'hidden_size': 31, 'dropout': 0.3841812953898277, 'hidden_continuous_size': 12, 'attention_head_size': 3, 'learning_rate': 0.008469144489382243}. Best is trial 0 with value: 90.67626953125.
[I 2023-12-27 11:11:14,562] Trial 8 finished with value: 264.1141052246094 and parameters: {'gradient_clip_val': 0.7821252032085623, 'hidden_size': 122, 'dropout': 0.16917327121729464, 'hidden_continuous_size': 60, 'attention_head_size': 1, 'learning_rate': 0.007459318987256226}. Best is trial 0 with value: 90.67626953125.
[I 2023-12-27 11:11:14,896] Trial 9 finished with value: 308.9216003417969 and parameters: {'gradient_clip_val': 0.9708450952689514, 'hidden_size': 10, 'dropout': 0.4496480313262633, 'hidden_continuous_size': 7, 'attention_head_size': 2, 'learning_rate': 0.07807125614808094}. Best is trial 0 with value: 90.67626953125.
[I 2023-12-27 11:11:15,471] Trial 10 finished with value: 220.26483154296875 and parameters: {'gradient_clip_val': 0.10495374789651743, 'hidden_size': 13, 'dropout': 0.11385520806880092, 'hidden_continuous_size': 6, 'attention_head_size': 2, 'learning_rate': 0.00151481227543041}. Best is trial 0 with value: 90.67626953125.
[I 2023-12-27 11:11:15,786] Trial 11 finished with value: 196.2207794189453 and parameters: {'gradient_clip_val': 0.21407269986195068, 'hidden_size': 5, 'dropout': 0.3124319117607231, 'hidden_continuous_size': 5, 'attention_head_size': 1, 'learning_rate': 0.00253983606221828}. Best is trial 0 with value: 90.67626953125.
[I 2023-12-27 11:11:16,139] Trial 12 finished with value: 251.65953063964844 and parameters: {'gradient_clip_val': 0.10047658863558488, 'hidden_size': 9, 'dropout': 0.3601570807842403, 'hidden_continuous_size': 5, 'attention_head_size': 2, 'learning_rate': 0.0006232517059513435}. Best is trial 0 with value: 90.67626953125.
[I 2023-12-27 11:11:16,507] Trial 13 finished with value: 269.7780456542969 and parameters: {'gradient_clip_val': 0.21405882479795071, 'hidden_size': 15, 'dropout': 0.26503232532893073, 'hidden_continuous_size': 6, 'attention_head_size': 3, 'learning_rate': 0.003073333698818546}. Best is trial 0 with value: 90.67626953125.
[I 2023-12-27 11:11:16,822] Trial 14 finished with value: 265.3931579589844 and parameters: {'gradient_clip_val': 0.1531801053865023, 'hidden_size': 5, 'dropout': 0.37431226199366185, 'hidden_continuous_size': 5, 'attention_head_size': 1, 'learning_rate': 0.017988600584122542}. Best is trial 0 with value: 90.67626953125.
[I 2023-12-27 11:11:17,180] Trial 15 finished with value: 228.85247802734375 and parameters: {'gradient_clip_val': 0.24888582501205206, 'hidden_size': 7, 'dropout': 0.28274828345500674, 'hidden_continuous_size': 5, 'attention_head_size': 2, 'learning_rate': 0.0959508168788504}. Best is trial 0 with value: 90.67626953125.
[I 2023-12-27 11:11:17,535] Trial 16 finished with value: 169.10755920410156 and parameters: {'gradient_clip_val': 0.1370452407623342, 'hidden_size': 16, 'dropout': 0.493541215121902, 'hidden_continuous_size': 7, 'attention_head_size': 3, 'learning_rate': 0.0041267034615831135}. Best is trial 0 with value: 90.67626953125.
[I 2023-12-27 11:11:17,872] Trial 17 finished with value: 229.2505340576172 and parameters: {'gradient_clip_val': 0.2867467436665189, 'hidden_size': 8, 'dropout': 0.22751377553475255, 'hidden_continuous_size': 6, 'attention_head_size': 1, 'learning_rate': 0.013866211193348889}. Best is trial 0 with value: 90.67626953125.
[I 2023-12-27 11:11:18,189] Trial 18 finished with value: 228.0980987548828 and parameters: {'gradient_clip_val': 0.16876321737510688, 'hidden_size': 5, 'dropout': 0.33100586220048583, 'hidden_continuous_size': 5, 'attention_head_size': 2, 'learning_rate': 0.005254652611221816}. Best is trial 0 with value: 90.67626953125.
[I 2023-12-27 11:11:18,531] Trial 19 finished with value: 202.8429412841797 and parameters: {'gradient_clip_val': 0.12911026137277634, 'hidden_size': 11, 'dropout': 0.2863847141662308, 'hidden_continuous_size': 6, 'attention_head_size': 1, 'learning_rate': 0.01833637263404758}. Best is trial 0 with value: 90.67626953125.
[I 2023-12-27 11:11:18,870] Trial 20 finished with value: 234.67242431640625 and parameters: {'gradient_clip_val': 0.19032609980961193, 'hidden_size': 8, 'dropout': 0.3372716175680647, 'hidden_continuous_size': 5, 'attention_head_size': 2, 'learning_rate': 0.004503107107007535}. Best is trial 0 with value: 90.67626953125.
[I 2023-12-27 11:11:19,226] Trial 21 finished with value: 263.1817626953125 and parameters: {'gradient_clip_val': 0.12888813102731547, 'hidden_size': 17, 'dropout': 0.42450325414443885, 'hidden_continuous_size': 7, 'attention_head_size': 3, 'learning_rate': 0.0038396310359850114}. Best is trial 0 with value: 90.67626953125.
[I 2023-12-27 11:11:19,582] Trial 22 finished with value: 204.4236297607422 and parameters: {'gradient_clip_val': 0.11447657415926983, 'hidden_size': 16, 'dropout': 0.47523707838460477, 'hidden_continuous_size': 7, 'attention_head_size': 3, 'learning_rate': 0.0022746802327421613}. Best is trial 0 with value: 90.67626953125.
[I 2023-12-27 11:11:19,932] Trial 23 finished with value: 202.6648712158203 and parameters: {'gradient_clip_val': 0.14622846131842995, 'hidden_size': 11, 'dropout': 0.494241930861429, 'hidden_continuous_size': 6, 'attention_head_size': 3, 'learning_rate': 0.005168799600186064}. Best is trial 0 with value: 90.67626953125.
[I 2023-12-27 11:11:20,539] Trial 24 finished with value: 224.0562744140625 and parameters: {'gradient_clip_val': 0.11543162526153915, 'hidden_size': 19, 'dropout': 0.42383131045594774, 'hidden_continuous_size': 8, 'attention_head_size': 3, 'learning_rate': 0.00612415600930752}. Best is trial 0 with value: 90.67626953125.
[I 2023-12-27 11:11:20,919] Trial 25 finished with value: 200.83428955078125 and parameters: {'gradient_clip_val': 0.15549593489471247, 'hidden_size': 35, 'dropout': 0.3877667488199905, 'hidden_continuous_size': 9, 'attention_head_size': 2, 'learning_rate': 0.010775366439721639}. Best is trial 0 with value: 90.67626953125.
[I 2023-12-27 11:11:21,269] Trial 26 finished with value: 199.50909423828125 and parameters: {'gradient_clip_val': 0.10132116032587925, 'hidden_size': 7, 'dropout': 0.41054279750726197, 'hidden_continuous_size': 5, 'attention_head_size': 3, 'learning_rate': 0.00173097662322785}. Best is trial 0 with value: 90.67626953125.
[I 2023-12-27 11:11:21,624] Trial 27 finished with value: 229.850341796875 and parameters: {'gradient_clip_val': 0.12775036903612497, 'hidden_size': 13, 'dropout': 0.3440667307854195, 'hidden_continuous_size': 7, 'attention_head_size': 2, 'learning_rate': 0.003648474664080816}. Best is trial 0 with value: 90.67626953125.
[I 2023-12-27 11:11:21,978] Trial 28 finished with value: 256.7166748046875 and parameters: {'gradient_clip_val': 0.17047101883917082, 'hidden_size': 21, 'dropout': 0.3621382561298099, 'hidden_continuous_size': 8, 'attention_head_size': 1, 'learning_rate': 0.006639957209690814}. Best is trial 0 with value: 90.67626953125.
[I 2023-12-27 11:11:22,350] Trial 29 finished with value: 232.6881103515625 and parameters: {'gradient_clip_val': 0.3818315711284809, 'hidden_size': 23, 'dropout': 0.46356378466509585, 'hidden_continuous_size': 8, 'attention_head_size': 4, 'learning_rate': 0.02306711523295799}. Best is trial 0 with value: 90.67626953125.
[I 2023-12-27 11:11:22,729] Trial 30 finished with value: 250.9430694580078 and parameters: {'gradient_clip_val': 0.2777357586067029, 'hidden_size': 40, 'dropout': 0.49744664134561445, 'hidden_continuous_size': 10, 'attention_head_size': 2, 'learning_rate': 0.03193027693820567}. Best is trial 0 with value: 90.67626953125.
[I 2023-12-27 11:11:23,100] Trial 31 finished with value: 160.4189453125 and parameters: {'gradient_clip_val': 0.1387644229556079, 'hidden_size': 24, 'dropout': 0.25643551010500076, 'hidden_continuous_size': 12, 'attention_head_size': 4, 'learning_rate': 0.04968712974701199}. Best is trial 0 with value: 90.67626953125.
[I 2023-12-27 11:11:23,468] Trial 32 finished with value: 256.6442565917969 and parameters: {'gradient_clip_val': 0.1433451798317785, 'hidden_size': 21, 'dropout': 0.30021652846574015, 'hidden_continuous_size': 10, 'attention_head_size': 4, 'learning_rate': 0.04495929324664678}. Best is trial 0 with value: 90.67626953125.
[I 2023-12-27 11:11:23,855] Trial 33 finished with value: 246.47967529296875 and parameters: {'gradient_clip_val': 0.11966044167163113, 'hidden_size': 25, 'dropout': 0.27040254826687016, 'hidden_continuous_size': 11, 'attention_head_size': 4, 'learning_rate': 0.07863247289386599}. Best is trial 0 with value: 90.67626953125.
[I 2023-12-27 11:11:24,229] Trial 34 finished with value: 286.459716796875 and parameters: {'gradient_clip_val': 0.1413848825001108, 'hidden_size': 18, 'dropout': 0.3082610524516958, 'hidden_continuous_size': 9, 'attention_head_size': 4, 'learning_rate': 0.05123697131041994}. Best is trial 0 with value: 90.67626953125.
[I 2023-12-27 11:11:24,600] Trial 35 finished with value: 302.5137939453125 and parameters: {'gradient_clip_val': 0.18846872183058608, 'hidden_size': 26, 'dropout': 0.2506692980735873, 'hidden_continuous_size': 13, 'attention_head_size': 4, 'learning_rate': 0.030118049539065557}. Best is trial 0 with value: 90.67626953125.
[I 2023-12-27 11:11:24,962] Trial 36 finished with value: 274.9185791015625 and parameters: {'gradient_clip_val': 0.15814198930353326, 'hidden_size': 13, 'dropout': 0.2326197746412868, 'hidden_continuous_size': 7, 'attention_head_size': 3, 'learning_rate': 0.05683289656740414}. Best is trial 0 with value: 90.67626953125.
[I 2023-12-27 11:11:25,549] Trial 37 finished with value: 221.5634002685547 and parameters: {'gradient_clip_val': 0.11456269220977161, 'hidden_size': 6, 'dropout': 0.3991365787451486, 'hidden_continuous_size': 5, 'attention_head_size': 4, 'learning_rate': 0.02529063118797238}. Best is trial 0 with value: 90.67626953125.
