[I 2023-12-27 11:37:56,075] Trial 49 finished with value: 3.2594873905181885 and parameters: {'gradient_clip_val': 0.5465574086813838, 'hidden_size': 33, 'dropout': 0.37721966437401716, 'hidden_continuous_size': 25, 'attention_head_size': 3, 'learning_rate': 0.08323534345673604}. Best is trial 1 with value: 0.06063997745513916.
[I 2023-12-27 11:37:56,186] A new study created in memory with name: no-name-b98293d4-d793-4922-a1a7-04c80e9536b5
/home/le004/conda/anaconda3/envs/tsff_env/lib/python3.9/site-packages/lightning/fabric/plugins/environments/slurm.py:191: The `srun` command is available on your system but is not used. HINT: If your intention is to run Lightning on SLURM, prepend your python command with `srun` like so: srun python /home/le004/master_thesis/git/TSFusionForecast/code/ ...
[I 2023-12-27 11:38:42,805] Trial 0 finished with value: 0.09692323952913284 and parameters: {'gradient_clip_val': 0.3818799604254501, 'hidden_size': 74, 'dropout': 0.4372212078951788, 'hidden_continuous_size': 36, 'attention_head_size': 4, 'learning_rate': 0.0020483101909644016}. Best is trial 0 with value: 0.09692323952913284.
[I 2023-12-27 11:38:53,229] Trial 1 finished with value: 2.3686816692352295 and parameters: {'gradient_clip_val': 0.6057384491175651, 'hidden_size': 9, 'dropout': 0.31795565569246864, 'hidden_continuous_size': 5, 'attention_head_size': 1, 'learning_rate': 0.007291938803507425}. Best is trial 0 with value: 0.09692323952913284.
[I 2023-12-27 11:38:53,660] Trial 2 finished with value: 2.6992828845977783 and parameters: {'gradient_clip_val': 0.19040266613341897, 'hidden_size': 49, 'dropout': 0.22144873676629914, 'hidden_continuous_size': 18, 'attention_head_size': 3, 'learning_rate': 0.013431108813786981}. Best is trial 0 with value: 0.09692323952913284.
[I 2023-12-27 11:38:54,123] Trial 3 finished with value: 2.1839587688446045 and parameters: {'gradient_clip_val': 0.39118052647475804, 'hidden_size': 70, 'dropout': 0.2984758712323188, 'hidden_continuous_size': 30, 'attention_head_size': 2, 'learning_rate': 0.0018840121041359158}. Best is trial 0 with value: 0.09692323952913284.
[I 2023-12-27 11:38:54,491] Trial 4 finished with value: 2.27728009223938 and parameters: {'gradient_clip_val': 0.35127358680187526, 'hidden_size': 9, 'dropout': 0.49680253270698704, 'hidden_continuous_size': 7, 'attention_head_size': 3, 'learning_rate': 0.002249415741236913}. Best is trial 0 with value: 0.09692323952913284.
[I 2023-12-27 11:38:55,172] Trial 5 finished with value: 2.931227445602417 and parameters: {'gradient_clip_val': 0.20162526484254556, 'hidden_size': 14, 'dropout': 0.3330594135038987, 'hidden_continuous_size': 10, 'attention_head_size': 3, 'learning_rate': 0.0022452940475237706}. Best is trial 0 with value: 0.09692323952913284.
[I 2023-12-27 11:38:55,568] Trial 6 finished with value: 3.5731709003448486 and parameters: {'gradient_clip_val': 0.8738003591146918, 'hidden_size': 14, 'dropout': 0.10283934943082601, 'hidden_continuous_size': 10, 'attention_head_size': 3, 'learning_rate': 0.001447875267092501}. Best is trial 0 with value: 0.09692323952913284.
[I 2023-12-27 11:38:55,966] Trial 7 finished with value: 2.3270962238311768 and parameters: {'gradient_clip_val': 0.3964574787401465, 'hidden_size': 36, 'dropout': 0.48518226308111634, 'hidden_continuous_size': 20, 'attention_head_size': 2, 'learning_rate': 0.02163661505518857}. Best is trial 0 with value: 0.09692323952913284.
[I 2023-12-27 11:38:56,352] Trial 8 finished with value: 3.1400444507598877 and parameters: {'gradient_clip_val': 0.3627341539263262, 'hidden_size': 21, 'dropout': 0.3962716493095827, 'hidden_continuous_size': 6, 'attention_head_size': 3, 'learning_rate': 0.02734291198649807}. Best is trial 0 with value: 0.09692323952913284.
[I 2023-12-27 11:38:56,717] Trial 9 finished with value: 3.2510175704956055 and parameters: {'gradient_clip_val': 0.21453840661940518, 'hidden_size': 16, 'dropout': 0.403915949875157, 'hidden_continuous_size': 11, 'attention_head_size': 1, 'learning_rate': 0.03570588431548036}. Best is trial 0 with value: 0.09692323952913284.
[I 2023-12-27 11:38:57,400] Trial 10 finished with value: 2.853602647781372 and parameters: {'gradient_clip_val': 0.10328073695550348, 'hidden_size': 140, 'dropout': 0.4324237256226801, 'hidden_continuous_size': 70, 'attention_head_size': 4, 'learning_rate': 0.000550622288267099}. Best is trial 0 with value: 0.09692323952913284.
[I 2023-12-27 11:38:57,902] Trial 11 finished with value: 2.1822025775909424 and parameters: {'gradient_clip_val': 0.6119880595558669, 'hidden_size': 71, 'dropout': 0.24063552811323308, 'hidden_continuous_size': 34, 'attention_head_size': 4, 'learning_rate': 0.00452724501033763}. Best is trial 0 with value: 0.09692323952913284.
[I 2023-12-27 11:38:58,413] Trial 12 finished with value: 3.4456241130828857 and parameters: {'gradient_clip_val': 0.613861087399466, 'hidden_size': 85, 'dropout': 0.23636818864236483, 'hidden_continuous_size': 44, 'attention_head_size': 4, 'learning_rate': 0.0053378906125698}. Best is trial 0 with value: 0.09692323952913284.
[I 2023-12-27 11:38:58,838] Trial 13 finished with value: 3.5237863063812256 and parameters: {'gradient_clip_val': 0.5749111279595952, 'hidden_size': 35, 'dropout': 0.22819461332432606, 'hidden_continuous_size': 17, 'attention_head_size': 4, 'learning_rate': 0.0058570583072776}. Best is trial 0 with value: 0.09692323952913284.
[I 2023-12-27 11:38:59,562] Trial 14 finished with value: 4.063455104827881 and parameters: {'gradient_clip_val': 0.9504116891330028, 'hidden_size': 145, 'dropout': 0.35631816461914684, 'hidden_continuous_size': 128, 'attention_head_size': 4, 'learning_rate': 0.00402924498914908}. Best is trial 0 with value: 0.09692323952913284.
[I 2023-12-27 11:39:00,060] Trial 15 finished with value: 2.7772328853607178 and parameters: {'gradient_clip_val': 0.5006155385368208, 'hidden_size': 73, 'dropout': 0.4417806784167789, 'hidden_continuous_size': 30, 'attention_head_size': 4, 'learning_rate': 0.06520103421435319}. Best is trial 0 with value: 0.09692323952913284.
[I 2023-12-27 11:39:00,529] Trial 16 finished with value: 2.410541296005249 and parameters: {'gradient_clip_val': 0.7435835501787492, 'hidden_size': 57, 'dropout': 0.272665593964586, 'hidden_continuous_size': 25, 'attention_head_size': 4, 'learning_rate': 0.0009151547189490265}. Best is trial 0 with value: 0.09692323952913284.
[I 2023-12-27 11:39:00,882] Trial 17 finished with value: 2.9151666164398193 and parameters: {'gradient_clip_val': 0.4785239586765496, 'hidden_size': 5, 'dropout': 0.3730524195647813, 'hidden_continuous_size': 5, 'attention_head_size': 2, 'learning_rate': 0.003438177783547995}. Best is trial 0 with value: 0.09692323952913284.
[I 2023-12-27 11:39:01,756] Trial 18 finished with value: 2.909656524658203 and parameters: {'gradient_clip_val': 0.28494080349640366, 'hidden_size': 103, 'dropout': 0.1792689601378929, 'hidden_continuous_size': 42, 'attention_head_size': 4, 'learning_rate': 0.001108590287107433}. Best is trial 0 with value: 0.09692323952913284.
[I 2023-12-27 11:39:02,227] Trial 19 finished with value: 3.8079121112823486 and parameters: {'gradient_clip_val': 0.775128103067002, 'hidden_size': 46, 'dropout': 0.3418880609143395, 'hidden_continuous_size': 14, 'attention_head_size': 3, 'learning_rate': 0.010599386334035565}. Best is trial 0 with value: 0.09692323952913284.
[I 2023-12-27 11:39:02,778] Trial 20 finished with value: 2.9551801681518555 and parameters: {'gradient_clip_val': 0.7081356589634378, 'hidden_size': 99, 'dropout': 0.2779520504895432, 'hidden_continuous_size': 44, 'attention_head_size': 4, 'learning_rate': 0.003056807619262864}. Best is trial 0 with value: 0.09692323952913284.
[I 2023-12-27 11:39:03,262] Trial 21 finished with value: 2.6673552989959717 and parameters: {'gradient_clip_val': 0.4486315571105444, 'hidden_size': 66, 'dropout': 0.29113913091846944, 'hidden_continuous_size': 28, 'attention_head_size': 2, 'learning_rate': 0.0019217085209607065}. Best is trial 0 with value: 0.09692323952913284.
[I 2023-12-27 11:39:03,755] Trial 22 finished with value: 3.356726884841919 and parameters: {'gradient_clip_val': 0.29855151146893033, 'hidden_size': 76, 'dropout': 0.3087413088070871, 'hidden_continuous_size': 34, 'attention_head_size': 2, 'learning_rate': 0.0032173511949197073}. Best is trial 0 with value: 0.09692323952913284.
[I 2023-12-27 11:39:04,211] Trial 23 finished with value: 2.552243709564209 and parameters: {'gradient_clip_val': 0.44287940937631637, 'hidden_size': 55, 'dropout': 0.3597604051118397, 'hidden_continuous_size': 22, 'attention_head_size': 1, 'learning_rate': 0.0014792258399735612}. Best is trial 0 with value: 0.09692323952913284.
[I 2023-12-27 11:39:04,763] Trial 24 finished with value: 2.3690297603607178 and parameters: {'gradient_clip_val': 0.5312267095966904, 'hidden_size': 106, 'dropout': 0.3133328360620144, 'hidden_continuous_size': 35, 'attention_head_size': 2, 'learning_rate': 0.0007423919858546442}. Best is trial 0 with value: 0.09692323952913284.
[I 2023-12-27 11:39:05,211] Trial 25 finished with value: 2.569105625152588 and parameters: {'gradient_clip_val': 0.3939494638603038, 'hidden_size': 39, 'dropout': 0.25572690412857685, 'hidden_continuous_size': 23, 'attention_head_size': 3, 'learning_rate': 0.0013461828551232962}. Best is trial 0 with value: 0.09692323952913284.
[I 2023-12-27 11:39:05,696] Trial 26 finished with value: 3.2616097927093506 and parameters: {'gradient_clip_val': 0.6268516583987093, 'hidden_size': 63, 'dropout': 0.2964428336181282, 'hidden_continuous_size': 27, 'attention_head_size': 2, 'learning_rate': 0.0021676211998198414}. Best is trial 0 with value: 0.09692323952913284.
[I 2023-12-27 11:39:06,125] Trial 27 finished with value: 3.4711196422576904 and parameters: {'gradient_clip_val': 0.4986665090560611, 'hidden_size': 27, 'dropout': 0.3330209143324705, 'hidden_continuous_size': 16, 'attention_head_size': 1, 'learning_rate': 0.005111911844380397}. Best is trial 0 with value: 0.09692323952913284.
[I 2023-12-27 11:39:06,640] Trial 28 finished with value: 2.362844228744507 and parameters: {'gradient_clip_val': 0.3439379061442362, 'hidden_size': 85, 'dropout': 0.20150151326379523, 'hidden_continuous_size': 34, 'attention_head_size': 3, 'learning_rate': 0.0008097377818912301}. Best is trial 0 with value: 0.09692323952913284.
[I 2023-12-27 11:39:07,082] Trial 29 finished with value: 2.5799014568328857 and parameters: {'gradient_clip_val': 0.6328033650486068, 'hidden_size': 48, 'dropout': 0.25364886836362865, 'hidden_continuous_size': 21, 'attention_head_size': 1, 'learning_rate': 0.00746853276873606}. Best is trial 0 with value: 0.09692323952913284.
[I 2023-12-27 11:39:07,663] Trial 30 finished with value: 2.925116777420044 and parameters: {'gradient_clip_val': 0.5633443984708831, 'hidden_size': 120, 'dropout': 0.2997856860520957, 'hidden_continuous_size': 66, 'attention_head_size': 4, 'learning_rate': 0.0028452034529221973}. Best is trial 0 with value: 0.09692323952913284.
[I 2023-12-27 11:39:08,082] Trial 31 finished with value: 1.9147394895553589 and parameters: {'gradient_clip_val': 0.3101614768412154, 'hidden_size': 10, 'dropout': 0.4996493505521174, 'hidden_continuous_size': 5, 'attention_head_size': 3, 'learning_rate': 0.0020058363607621367}. Best is trial 0 with value: 0.09692323952913284.
[I 2023-12-27 11:39:08,808] Trial 32 finished with value: 3.260199785232544 and parameters: {'gradient_clip_val': 0.27738299114582426, 'hidden_size': 65, 'dropout': 0.47273099751246084, 'hidden_continuous_size': 7, 'attention_head_size': 4, 'learning_rate': 0.0018147401904239752}. Best is trial 0 with value: 0.09692323952913284.
[I 2023-12-27 11:39:09,316] Trial 33 finished with value: 3.2330474853515625 and parameters: {'gradient_clip_val': 0.41380890587213703, 'hidden_size': 81, 'dropout': 0.4643569122681137, 'hidden_continuous_size': 17, 'attention_head_size': 3, 'learning_rate': 0.003942658723509643}. Best is trial 0 with value: 0.09692323952913284.
[I 2023-12-27 11:39:09,770] Trial 34 finished with value: 3.2323505878448486 and parameters: {'gradient_clip_val': 0.33156911398161276, 'hidden_size': 45, 'dropout': 0.4894882515942748, 'hidden_continuous_size': 13, 'attention_head_size': 3, 'learning_rate': 0.0025100860955034458}. Best is trial 0 with value: 0.09692323952913284.
[I 2023-12-27 11:39:10,208] Trial 35 finished with value: 3.2687301635742188 and parameters: {'gradient_clip_val': 0.2534752255168086, 'hidden_size': 30, 'dropout': 0.4995980564258762, 'hidden_continuous_size': 10, 'attention_head_size': 2, 'learning_rate': 0.0017849706293685222}. Best is trial 0 with value: 0.09692323952913284.
[I 2023-12-27 11:39:10,626] Trial 36 finished with value: 2.3542861938476562 and parameters: {'gradient_clip_val': 0.3728604658556911, 'hidden_size': 22, 'dropout': 0.4520286703146216, 'hidden_continuous_size': 5, 'attention_head_size': 3, 'learning_rate': 0.0011931511769549276}. Best is trial 0 with value: 0.09692323952913284.
[I 2023-12-27 11:39:11,092] Trial 37 finished with value: 3.146090507507324 and parameters: {'gradient_clip_val': 0.3232891077574334, 'hidden_size': 57, 'dropout': 0.4189132212452084, 'hidden_continuous_size': 8, 'attention_head_size': 4, 'learning_rate': 0.001646356740288089}. Best is trial 0 with value: 0.09692323952913284.
[I 2023-12-27 11:39:11,498] Trial 38 finished with value: 2.9668352603912354 and parameters: {'gradient_clip_val': 0.4254719263912402, 'hidden_size': 11, 'dropout': 0.4751851361641447, 'hidden_continuous_size': 6, 'attention_head_size': 3, 'learning_rate': 0.002321110641600803}. Best is trial 0 with value: 0.09692323952913284.
[I 2023-12-27 11:39:11,929] Trial 39 finished with value: 2.693905830383301 and parameters: {'gradient_clip_val': 0.3693369546523462, 'hidden_size': 31, 'dropout': 0.38998015053697654, 'hidden_continuous_size': 9, 'attention_head_size': 2, 'learning_rate': 0.002613066979815485}. Best is trial 0 with value: 0.09692323952913284.
[I 2023-12-27 11:39:12,374] Trial 40 finished with value: 2.893625020980835 and parameters: {'gradient_clip_val': 0.2510265566168929, 'hidden_size': 40, 'dropout': 0.44776665246294794, 'hidden_continuous_size': 19, 'attention_head_size': 3, 'learning_rate': 0.004328141109078583}. Best is trial 0 with value: 0.09692323952913284.
[I 2023-12-27 11:39:12,778] Trial 41 finished with value: 2.5493056774139404 and parameters: {'gradient_clip_val': 0.3443598675426997, 'hidden_size': 9, 'dropout': 0.4977534279219228, 'hidden_continuous_size': 5, 'attention_head_size': 3, 'learning_rate': 0.002282749704473922}. Best is trial 0 with value: 0.09692323952913284.
[I 2023-12-27 11:39:13,188] Trial 42 finished with value: 2.3359055519104004 and parameters: {'gradient_clip_val': 0.39402371631676614, 'hidden_size': 18, 'dropout': 0.46674091493700764, 'hidden_continuous_size': 7, 'attention_head_size': 4, 'learning_rate': 0.0014084744267598833}. Best is trial 0 with value: 0.09692323952913284.
[I 2023-12-27 11:39:13,595] Trial 43 finished with value: 3.171405076980591 and parameters: {'gradient_clip_val': 0.3140038429223, 'hidden_size': 13, 'dropout': 0.4264182195482794, 'hidden_continuous_size': 6, 'attention_head_size': 3, 'learning_rate': 0.0033745615529275634}. Best is trial 0 with value: 0.09692323952913284.
[I 2023-12-27 11:39:13,989] Trial 44 finished with value: 2.6892566680908203 and parameters: {'gradient_clip_val': 0.471882383625774, 'hidden_size': 6, 'dropout': 0.4771521450413069, 'hidden_continuous_size': 5, 'attention_head_size': 2, 'learning_rate': 0.0018751445076848079}. Best is trial 0 with value: 0.09692323952913284.
[I 2023-12-27 11:39:14,388] Trial 45 finished with value: 3.8131797313690186 and parameters: {'gradient_clip_val': 0.5200518391321985, 'hidden_size': 7, 'dropout': 0.4059134989892822, 'hidden_continuous_size': 5, 'attention_head_size': 4, 'learning_rate': 0.0010226045988445318}. Best is trial 0 with value: 0.09692323952913284.
[I 2023-12-27 11:39:15,121] Trial 46 finished with value: 3.678159475326538 and parameters: {'gradient_clip_val': 0.43101096303657055, 'hidden_size': 8, 'dropout': 0.4490582470898988, 'hidden_continuous_size': 6, 'attention_head_size': 4, 'learning_rate': 0.006366823579499823}. Best is trial 0 with value: 0.09692323952913284.
[I 2023-12-27 11:39:15,541] Trial 47 finished with value: 3.084226608276367 and parameters: {'gradient_clip_val': 0.3649070006871864, 'hidden_size': 10, 'dropout': 0.48773627541492354, 'hidden_continuous_size': 7, 'attention_head_size': 3, 'learning_rate': 0.004395576336471851}. Best is trial 0 with value: 0.09692323952913284.
[I 2023-12-27 11:39:15,951] Trial 48 finished with value: 2.4888358116149902 and parameters: {'gradient_clip_val': 0.19263898219467607, 'hidden_size': 12, 'dropout': 0.45672211779919564, 'hidden_continuous_size': 8, 'attention_head_size': 4, 'learning_rate': 0.0027111081060348843}. Best is trial 0 with value: 0.09692323952913284.
[I 2023-12-27 11:39:16,361] Trial 49 finished with value: 2.2802276611328125 and parameters: {'gradient_clip_val': 0.3117397124468619, 'hidden_size': 16, 'dropout': 0.43381195761756486, 'hidden_continuous_size': 10, 'attention_head_size': 3, 'learning_rate': 0.001218812860318521}. Best is trial 0 with value: 0.09692323952913284.
