[I 2023-12-27 11:02:24,406] Trial 27 finished with value: 215.1164093017578 and parameters: {'gradient_clip_val': 0.26412311061966076, 'hidden_size': 147, 'dropout': 0.1414784675238834, 'hidden_continuous_size': 8, 'attention_head_size': 4, 'learning_rate': 0.0028468167946498826}. Best is trial 0 with value: 64.10721588134766.
LOCAL_RANK: 0 - CUDA_VISIBLE_DEVICES: [0]
[I 2023-12-27 11:02:24,892] Trial 28 finished with value: 225.4518280029297 and parameters: {'gradient_clip_val': 0.19753278113647843, 'hidden_size': 70, 'dropout': 0.17532783213451242, 'hidden_continuous_size': 13, 'attention_head_size': 3, 'learning_rate': 0.0071030534987668184}. Best is trial 0 with value: 64.10721588134766.
LOCAL_RANK: 0 - CUDA_VISIBLE_DEVICES: [0]
[I 2023-12-27 11:02:25,348] Trial 29 finished with value: 191.4764862060547 and parameters: {'gradient_clip_val': 0.3461941250321455, 'hidden_size': 30, 'dropout': 0.22853173063329074, 'hidden_continuous_size': 11, 'attention_head_size': 4, 'learning_rate': 0.0054445581636270906}. Best is trial 0 with value: 64.10721588134766.
LOCAL_RANK: 0 - CUDA_VISIBLE_DEVICES: [0]
[I 2023-12-27 11:02:25,840] Trial 30 finished with value: 206.951171875 and parameters: {'gradient_clip_val': 0.4232754846497224, 'hidden_size': 21, 'dropout': 0.125602523029066, 'hidden_continuous_size': 9, 'attention_head_size': 3, 'learning_rate': 0.008407551290083727}. Best is trial 0 with value: 64.10721588134766.
LOCAL_RANK: 0 - CUDA_VISIBLE_DEVICES: [0]
[I 2023-12-27 11:02:26,307] Trial 31 finished with value: 253.47962951660156 and parameters: {'gradient_clip_val': 0.928528226474113, 'hidden_size': 63, 'dropout': 0.25385455194928075, 'hidden_continuous_size': 19, 'attention_head_size': 2, 'learning_rate': 0.0005074933594609223}. Best is trial 0 with value: 64.10721588134766.
LOCAL_RANK: 0 - CUDA_VISIBLE_DEVICES: [0]
[I 2023-12-27 11:02:26,792] Trial 32 finished with value: 194.6475067138672 and parameters: {'gradient_clip_val': 0.8361531901581488, 'hidden_size': 38, 'dropout': 0.19615584361018112, 'hidden_continuous_size': 15, 'attention_head_size': 2, 'learning_rate': 0.0007994322404712697}. Best is trial 0 with value: 64.10721588134766.
LOCAL_RANK: 0 - CUDA_VISIBLE_DEVICES: [0]
[I 2023-12-27 11:02:27,500] Trial 33 finished with value: 232.6714324951172 and parameters: {'gradient_clip_val': 0.6373822674510972, 'hidden_size': 108, 'dropout': 0.23674132713604393, 'hidden_continuous_size': 23, 'attention_head_size': 4, 'learning_rate': 0.0009618523470249513}. Best is trial 0 with value: 64.10721588134766.
LOCAL_RANK: 0 - CUDA_VISIBLE_DEVICES: [0]
[I 2023-12-27 11:02:28,024] Trial 34 finished with value: 222.7450714111328 and parameters: {'gradient_clip_val': 0.8420122809569754, 'hidden_size': 52, 'dropout': 0.28316555143248173, 'hidden_continuous_size': 14, 'attention_head_size': 3, 'learning_rate': 0.0007110431181498534}. Best is trial 0 with value: 64.10721588134766.
LOCAL_RANK: 0 - CUDA_VISIBLE_DEVICES: [0]
[I 2023-12-27 11:02:28,565] Trial 35 finished with value: 220.669677734375 and parameters: {'gradient_clip_val': 0.6898048970926287, 'hidden_size': 77, 'dropout': 0.1968986742411849, 'hidden_continuous_size': 20, 'attention_head_size': 4, 'learning_rate': 0.0005003964958486224}. Best is trial 0 with value: 64.10721588134766.
LOCAL_RANK: 0 - CUDA_VISIBLE_DEVICES: [0]
[I 2023-12-27 11:02:29,036] Trial 36 finished with value: 205.7782440185547 and parameters: {'gradient_clip_val': 0.9588784319395476, 'hidden_size': 36, 'dropout': 0.27289360176711985, 'hidden_continuous_size': 16, 'attention_head_size': 1, 'learning_rate': 0.0012824643691577743}. Best is trial 0 with value: 64.10721588134766.
LOCAL_RANK: 0 - CUDA_VISIBLE_DEVICES: [0]
[I 2023-12-27 11:02:29,517] Trial 37 finished with value: 240.90721130371094 and parameters: {'gradient_clip_val': 0.537194562688172, 'hidden_size': 45, 'dropout': 0.23627724287977264, 'hidden_continuous_size': 7, 'attention_head_size': 4, 'learning_rate': 0.0011561206695761455}. Best is trial 0 with value: 64.10721588134766.
LOCAL_RANK: 0 - CUDA_VISIBLE_DEVICES: [0]
[I 2023-12-27 11:02:30,002] Trial 38 finished with value: 246.0225067138672 and parameters: {'gradient_clip_val': 0.2401748613645512, 'hidden_size': 60, 'dropout': 0.16174726352978555, 'hidden_continuous_size': 22, 'attention_head_size': 3, 'learning_rate': 0.0007953330650959375}. Best is trial 0 with value: 64.10721588134766.
LOCAL_RANK: 0 - CUDA_VISIBLE_DEVICES: [0]
[I 2023-12-27 11:02:30,505] Trial 39 finished with value: 228.28643798828125 and parameters: {'gradient_clip_val': 0.9985785473222792, 'hidden_size': 125, 'dropout': 0.3100177989302365, 'hidden_continuous_size': 32, 'attention_head_size': 4, 'learning_rate': 0.0018597753736013863}. Best is trial 0 with value: 64.10721588134766.
LOCAL_RANK: 0 - CUDA_VISIBLE_DEVICES: [0]
[I 2023-12-27 11:02:31,013] Trial 40 finished with value: 166.99815368652344 and parameters: {'gradient_clip_val': 0.6244531366667859, 'hidden_size': 80, 'dropout': 0.21302427017541692, 'hidden_continuous_size': 18, 'attention_head_size': 4, 'learning_rate': 0.010170694356427076}. Best is trial 0 with value: 64.10721588134766.
LOCAL_RANK: 0 - CUDA_VISIBLE_DEVICES: [0]
[I 2023-12-27 11:02:31,501] Trial 41 finished with value: 180.75201416015625 and parameters: {'gradient_clip_val': 0.8065470590682942, 'hidden_size': 86, 'dropout': 0.1847105287561242, 'hidden_continuous_size': 20, 'attention_head_size': 4, 'learning_rate': 0.009933219603090439}. Best is trial 0 with value: 64.10721588134766.
LOCAL_RANK: 0 - CUDA_VISIBLE_DEVICES: [0]
[I 2023-12-27 11:02:32,012] Trial 42 finished with value: 229.4306182861328 and parameters: {'gradient_clip_val': 0.6307450274670141, 'hidden_size': 100, 'dropout': 0.2125910267674508, 'hidden_continuous_size': 26, 'attention_head_size': 4, 'learning_rate': 0.012710119048527606}. Best is trial 0 with value: 64.10721588134766.
LOCAL_RANK: 0 - CUDA_VISIBLE_DEVICES: [0]
[I 2023-12-27 11:02:32,522] Trial 43 finished with value: 206.3395233154297 and parameters: {'gradient_clip_val': 0.7686944282648281, 'hidden_size': 75, 'dropout': 0.22823052037325559, 'hidden_continuous_size': 14, 'attention_head_size': 4, 'learning_rate': 0.0005965685758539702}. Best is trial 0 with value: 64.10721588134766.
LOCAL_RANK: 0 - CUDA_VISIBLE_DEVICES: [0]
[I 2023-12-27 11:02:33,051] Trial 44 finished with value: 249.2219696044922 and parameters: {'gradient_clip_val': 0.7019568857896403, 'hidden_size': 124, 'dropout': 0.25351998534434733, 'hidden_continuous_size': 57, 'attention_head_size': 4, 'learning_rate': 0.009201496412411582}. Best is trial 0 with value: 64.10721588134766.
LOCAL_RANK: 0 - CUDA_VISIBLE_DEVICES: [0]
[I 2023-12-27 11:02:33,547] Trial 45 finished with value: 216.6261749267578 and parameters: {'gradient_clip_val': 0.8696391276010585, 'hidden_size': 44, 'dropout': 0.18679528866548128, 'hidden_continuous_size': 17, 'attention_head_size': 3, 'learning_rate': 0.00543630809021701}. Best is trial 0 with value: 64.10721588134766.
LOCAL_RANK: 0 - CUDA_VISIBLE_DEVICES: [0]
[I 2023-12-27 11:02:34,262] Trial 46 finished with value: 230.8755645751953 and parameters: {'gradient_clip_val': 0.8843705261771292, 'hidden_size': 76, 'dropout': 0.16071134735380507, 'hidden_continuous_size': 12, 'attention_head_size': 1, 'learning_rate': 0.013231379483913905}. Best is trial 0 with value: 64.10721588134766.
LOCAL_RANK: 0 - CUDA_VISIBLE_DEVICES: [0]
[I 2023-12-27 11:02:34,740] Trial 47 finished with value: 282.1870422363281 and parameters: {'gradient_clip_val': 0.9961009336761788, 'hidden_size': 55, 'dropout': 0.3085043738321084, 'hidden_continuous_size': 18, 'attention_head_size': 2, 'learning_rate': 0.02083997999448625}. Best is trial 0 with value: 64.10721588134766.
LOCAL_RANK: 0 - CUDA_VISIBLE_DEVICES: [0]
[I 2023-12-27 11:02:35,262] Trial 48 finished with value: 271.1452941894531 and parameters: {'gradient_clip_val': 0.2848963977745417, 'hidden_size': 143, 'dropout': 0.14720411503538838, 'hidden_continuous_size': 30, 'attention_head_size': 4, 'learning_rate': 0.04077848787887938}. Best is trial 0 with value: 64.10721588134766.
LOCAL_RANK: 0 - CUDA_VISIBLE_DEVICES: [0]
[I 2023-12-27 11:02:35,777] Trial 49 finished with value: 193.39068603515625 and parameters: {'gradient_clip_val': 0.7244273331464017, 'hidden_size': 102, 'dropout': 0.2134226931027095, 'hidden_continuous_size': 25, 'attention_head_size': 4, 'learning_rate': 0.022846865739147165}. Best is trial 0 with value: 64.10721588134766.
[I 2023-12-27 11:02:35,905] A new study created in memory with name: no-name-6432bbe3-89c2-4177-8797-bc3c3f58ce0a
/home/le004/conda/anaconda3/envs/tsff_env/lib/python3.9/site-packages/lightning/fabric/plugins/environments/slurm.py:191: The `srun` command is available on your system but is not used. HINT: If your intention is to run Lightning on SLURM, prepend your python command with `srun` like so: srun python /home/le004/master_thesis/git/TSFusionForecast/code/ ...
LOCAL_RANK: 0 - CUDA_VISIBLE_DEVICES: [0]
[I 2023-12-27 11:02:52,457] Trial 0 finished with value: 4111.80419921875 and parameters: {'gradient_clip_val': 0.7767513774081288, 'hidden_size': 32, 'dropout': 0.31821348972474917, 'hidden_continuous_size': 14, 'attention_head_size': 1, 'learning_rate': 0.029433010842013642}. Best is trial 0 with value: 4111.80419921875.
LOCAL_RANK: 0 - CUDA_VISIBLE_DEVICES: [0]
[I 2023-12-27 11:02:52,867] Trial 1 finished with value: 8890.5927734375 and parameters: {'gradient_clip_val': 0.9653320811349183, 'hidden_size': 6, 'dropout': 0.25393342066164226, 'hidden_continuous_size': 6, 'attention_head_size': 3, 'learning_rate': 0.0007199646209280208}. Best is trial 0 with value: 4111.80419921875.
LOCAL_RANK: 0 - CUDA_VISIBLE_DEVICES: [0]
[I 2023-12-27 11:02:53,335] Trial 2 finished with value: 9177.9638671875 and parameters: {'gradient_clip_val': 0.12356886995870611, 'hidden_size': 92, 'dropout': 0.22211721860888042, 'hidden_continuous_size': 56, 'attention_head_size': 4, 'learning_rate': 0.0012738525475813594}. Best is trial 0 with value: 4111.80419921875.
LOCAL_RANK: 0 - CUDA_VISIBLE_DEVICES: [0]
[I 2023-12-27 11:02:53,789] Trial 3 finished with value: 7765.02099609375 and parameters: {'gradient_clip_val': 0.63033256108868, 'hidden_size': 43, 'dropout': 0.3113165545878012, 'hidden_continuous_size': 19, 'attention_head_size': 3, 'learning_rate': 0.003337785117506219}. Best is trial 0 with value: 4111.80419921875.
LOCAL_RANK: 0 - CUDA_VISIBLE_DEVICES: [0]
[I 2023-12-27 11:02:54,170] Trial 4 finished with value: 8382.8896484375 and parameters: {'gradient_clip_val': 0.38171259390277823, 'hidden_size': 6, 'dropout': 0.2012518745300661, 'hidden_continuous_size': 6, 'attention_head_size': 1, 'learning_rate': 0.006936884870611283}. Best is trial 0 with value: 4111.80419921875.
LOCAL_RANK: 0 - CUDA_VISIBLE_DEVICES: [0]
[I 2023-12-27 11:02:54,621] Trial 5 finished with value: 9398.1328125 and parameters: {'gradient_clip_val': 0.14638706184338143, 'hidden_size': 26, 'dropout': 0.28081632362310827, 'hidden_continuous_size': 6, 'attention_head_size': 2, 'learning_rate': 0.011190703053287128}. Best is trial 0 with value: 4111.80419921875.
LOCAL_RANK: 0 - CUDA_VISIBLE_DEVICES: [0]
[I 2023-12-27 11:02:55,090] Trial 6 finished with value: 10162.55078125 and parameters: {'gradient_clip_val': 0.3645564129183589, 'hidden_size': 68, 'dropout': 0.3048865817226618, 'hidden_continuous_size': 6, 'attention_head_size': 4, 'learning_rate': 0.025127544765864082}. Best is trial 0 with value: 4111.80419921875.
LOCAL_RANK: 0 - CUDA_VISIBLE_DEVICES: [0]
[I 2023-12-27 11:02:55,787] Trial 7 finished with value: 7594.48779296875 and parameters: {'gradient_clip_val': 0.749749198003018, 'hidden_size': 19, 'dropout': 0.33201249338036576, 'hidden_continuous_size': 16, 'attention_head_size': 3, 'learning_rate': 0.001351390961006317}. Best is trial 0 with value: 4111.80419921875.
LOCAL_RANK: 0 - CUDA_VISIBLE_DEVICES: [0]
[I 2023-12-27 11:02:56,203] Trial 8 finished with value: 9097.939453125 and parameters: {'gradient_clip_val': 0.28694440431367263, 'hidden_size': 10, 'dropout': 0.3154251834815298, 'hidden_continuous_size': 10, 'attention_head_size': 2, 'learning_rate': 0.09063474027481817}. Best is trial 0 with value: 4111.80419921875.
LOCAL_RANK: 0 - CUDA_VISIBLE_DEVICES: [0]
[I 2023-12-27 11:02:56,711] Trial 9 finished with value: 7579.90087890625 and parameters: {'gradient_clip_val': 0.5589014720742282, 'hidden_size': 113, 'dropout': 0.2534298129846858, 'hidden_continuous_size': 99, 'attention_head_size': 4, 'learning_rate': 0.0011261454244123484}. Best is trial 0 with value: 4111.80419921875.
LOCAL_RANK: 0 - CUDA_VISIBLE_DEVICES: [0]
[I 2023-12-27 11:02:57,224] Trial 10 finished with value: 9549.318359375 and parameters: {'gradient_clip_val': 0.9427442693694833, 'hidden_size': 149, 'dropout': 0.4440163738583419, 'hidden_continuous_size': 29, 'attention_head_size': 1, 'learning_rate': 0.04511899535086275}. Best is trial 0 with value: 4111.80419921875.
LOCAL_RANK: 0 - CUDA_VISIBLE_DEVICES: [0]
[I 2023-12-27 11:02:57,680] Trial 11 finished with value: 9779.6123046875 and parameters: {'gradient_clip_val': 0.5531321597936546, 'hidden_size': 53, 'dropout': 0.10524486509319192, 'hidden_continuous_size': 53, 'attention_head_size': 1, 'learning_rate': 0.0034247308231201705}. Best is trial 0 with value: 4111.80419921875.
LOCAL_RANK: 0 - CUDA_VISIBLE_DEVICES: [0]
[I 2023-12-27 11:02:58,231] Trial 12 finished with value: 8350.1572265625 and parameters: {'gradient_clip_val': 0.5404749319329355, 'hidden_size': 150, 'dropout': 0.37232519359729366, 'hidden_continuous_size': 143, 'attention_head_size': 2, 'learning_rate': 0.0005503148562078666}. Best is trial 0 with value: 4111.80419921875.
LOCAL_RANK: 0 - CUDA_VISIBLE_DEVICES: [0]
[I 2023-12-27 11:02:58,719] Trial 13 finished with value: 7746.34765625 and parameters: {'gradient_clip_val': 0.7340679546934376, 'hidden_size': 39, 'dropout': 0.3959454599149895, 'hidden_continuous_size': 10, 'attention_head_size': 4, 'learning_rate': 0.019947164655486117}. Best is trial 0 with value: 4111.80419921875.
LOCAL_RANK: 0 - CUDA_VISIBLE_DEVICES: [0]
[I 2023-12-27 11:02:59,196] Trial 14 finished with value: 7076.87646484375 and parameters: {'gradient_clip_val': 0.47329717226909723, 'hidden_size': 80, 'dropout': 0.21054552076146854, 'hidden_continuous_size': 27, 'attention_head_size': 2, 'learning_rate': 0.006465620358312201}. Best is trial 0 with value: 4111.80419921875.
LOCAL_RANK: 0 - CUDA_VISIBLE_DEVICES: [0]
[I 2023-12-27 11:02:59,682] Trial 15 finished with value: 9334.1611328125 and parameters: {'gradient_clip_val': 0.4260928002410748, 'hidden_size': 65, 'dropout': 0.47430577567271137, 'hidden_continuous_size': 21, 'attention_head_size': 1, 'learning_rate': 0.01046769181060664}. Best is trial 0 with value: 4111.80419921875.
LOCAL_RANK: 0 - CUDA_VISIBLE_DEVICES: [0]
[I 2023-12-27 11:03:00,155] Trial 16 finished with value: 9309.4990234375 and parameters: {'gradient_clip_val': 0.2672003487685405, 'hidden_size': 30, 'dropout': 0.17632544865793764, 'hidden_continuous_size': 12, 'attention_head_size': 2, 'learning_rate': 0.03485239420955541}. Best is trial 0 with value: 4111.80419921875.
LOCAL_RANK: 0 - CUDA_VISIBLE_DEVICES: [0]
[I 2023-12-27 11:03:00,651] Trial 17 finished with value: 8582.05078125 and parameters: {'gradient_clip_val': 0.46057833476163496, 'hidden_size': 81, 'dropout': 0.16178911810469554, 'hidden_continuous_size': 27, 'attention_head_size': 1, 'learning_rate': 0.08485513124357912}. Best is trial 0 with value: 4111.80419921875.
LOCAL_RANK: 0 - CUDA_VISIBLE_DEVICES: [0]
[I 2023-12-27 11:03:01,117] Trial 18 finished with value: 6363.63134765625 and parameters: {'gradient_clip_val': 0.7575175613513306, 'hidden_size': 52, 'dropout': 0.3739150137851238, 'hidden_continuous_size': 14, 'attention_head_size': 2, 'learning_rate': 0.017412054130836636}. Best is trial 0 with value: 4111.80419921875.
LOCAL_RANK: 0 - CUDA_VISIBLE_DEVICES: [0]
[I 2023-12-27 11:03:01,601] Trial 19 finished with value: 8416.3154296875 and parameters: {'gradient_clip_val': 0.7690788033918478, 'hidden_size': 18, 'dropout': 0.3644495803825182, 'hidden_continuous_size': 9, 'attention_head_size': 1, 'learning_rate': 0.01884210072564917}. Best is trial 0 with value: 4111.80419921875.
LOCAL_RANK: 0 - CUDA_VISIBLE_DEVICES: [0]
[I 2023-12-27 11:03:02,096] Trial 20 finished with value: 8439.7060546875 and parameters: {'gradient_clip_val': 0.9752396452803478, 'hidden_size': 49, 'dropout': 0.40299198075593806, 'hidden_continuous_size': 14, 'attention_head_size': 2, 'learning_rate': 0.04364758529774125}. Best is trial 0 with value: 4111.80419921875.
LOCAL_RANK: 0 - CUDA_VISIBLE_DEVICES: [0]
[I 2023-12-27 11:03:02,833] Trial 21 finished with value: 10001.09765625 and parameters: {'gradient_clip_val': 0.7258935575657295, 'hidden_size': 62, 'dropout': 0.33127117669646594, 'hidden_continuous_size': 14, 'attention_head_size': 2, 'learning_rate': 0.013496870495504742}. Best is trial 0 with value: 4111.80419921875.
LOCAL_RANK: 0 - CUDA_VISIBLE_DEVICES: [0]
[I 2023-12-27 11:03:03,338] Trial 22 finished with value: 8670.490234375 and parameters: {'gradient_clip_val': 0.47830278529328685, 'hidden_size': 37, 'dropout': 0.2703728287700061, 'hidden_continuous_size': 8, 'attention_head_size': 3, 'learning_rate': 0.006515201754329292}. Best is trial 0 with value: 4111.80419921875.
LOCAL_RANK: 0 - CUDA_VISIBLE_DEVICES: [0]
[I 2023-12-27 11:03:03,822] Trial 23 finished with value: 6863.68505859375 and parameters: {'gradient_clip_val': 0.6436153285032997, 'hidden_size': 88, 'dropout': 0.49811897830873025, 'hidden_continuous_size': 19, 'attention_head_size': 2, 'learning_rate': 0.02813510157438555}. Best is trial 0 with value: 4111.80419921875.
LOCAL_RANK: 0 - CUDA_VISIBLE_DEVICES: [0]
[I 2023-12-27 11:03:04,324] Trial 24 finished with value: 8268.2802734375 and parameters: {'gradient_clip_val': 0.6608446239420812, 'hidden_size': 51, 'dropout': 0.4953039079721204, 'hidden_continuous_size': 13, 'attention_head_size': 2, 'learning_rate': 0.02719221273635944}. Best is trial 0 with value: 4111.80419921875.
LOCAL_RANK: 0 - CUDA_VISIBLE_DEVICES: [0]
[I 2023-12-27 11:03:04,835] Trial 25 finished with value: 8032.11572265625 and parameters: {'gradient_clip_val': 0.8456747446724615, 'hidden_size': 109, 'dropout': 0.442630594087042, 'hidden_continuous_size': 19, 'attention_head_size': 1, 'learning_rate': 0.06024515312260082}. Best is trial 0 with value: 4111.80419921875.
LOCAL_RANK: 0 - CUDA_VISIBLE_DEVICES: [0]
[I 2023-12-27 11:03:05,343] Trial 26 finished with value: 7779.478515625 and parameters: {'gradient_clip_val': 0.620100780551609, 'hidden_size': 33, 'dropout': 0.3558062084910257, 'hidden_continuous_size': 16, 'attention_head_size': 3, 'learning_rate': 0.031148241896259768}. Best is trial 0 with value: 4111.80419921875.
LOCAL_RANK: 0 - CUDA_VISIBLE_DEVICES: [0]
[I 2023-12-27 11:03:05,842] Trial 27 finished with value: 7342.72900390625 and parameters: {'gradient_clip_val': 0.7997570189822039, 'hidden_size': 58, 'dropout': 0.40896971628705076, 'hidden_continuous_size': 11, 'attention_head_size': 2, 'learning_rate': 0.01649178600983942}. Best is trial 0 with value: 4111.80419921875.
LOCAL_RANK: 0 - CUDA_VISIBLE_DEVICES: [0]
[I 2023-12-27 11:03:06,317] Trial 28 finished with value: 7051.66943359375 and parameters: {'gradient_clip_val': 0.8514952250634984, 'hidden_size': 24, 'dropout': 0.4410799792710459, 'hidden_continuous_size': 5, 'attention_head_size': 1, 'learning_rate': 0.056135007459593024}. Best is trial 0 with value: 4111.80419921875.
LOCAL_RANK: 0 - CUDA_VISIBLE_DEVICES: [0]
[I 2023-12-27 11:03:06,776] Trial 29 finished with value: 10027.89453125 and parameters: {'gradient_clip_val': 0.6587462700596215, 'hidden_size': 44, 'dropout': 0.49436690668271305, 'hidden_continuous_size': 12, 'attention_head_size': 3, 'learning_rate': 0.02313490949012978}. Best is trial 0 with value: 4111.80419921875.
LOCAL_RANK: 0 - CUDA_VISIBLE_DEVICES: [0]
[I 2023-12-27 11:03:07,266] Trial 30 finished with value: 8809.4052734375 and parameters: {'gradient_clip_val': 0.9664198868630555, 'hidden_size': 72, 'dropout': 0.352956973378204, 'hidden_continuous_size': 8, 'attention_head_size': 2, 'learning_rate': 0.03653352815665385}. Best is trial 0 with value: 4111.80419921875.
LOCAL_RANK: 0 - CUDA_VISIBLE_DEVICES: [0]
[I 2023-12-27 11:03:07,736] Trial 31 finished with value: 8315.3916015625 and parameters: {'gradient_clip_val': 0.8274993886674076, 'hidden_size': 25, 'dropout': 0.4490935515866344, 'hidden_continuous_size': 5, 'attention_head_size': 1, 'learning_rate': 0.05611413801189443}. Best is trial 0 with value: 4111.80419921875.
LOCAL_RANK: 0 - CUDA_VISIBLE_DEVICES: [0]
[I 2023-12-27 11:03:08,173] Trial 32 finished with value: 8768.7587890625 and parameters: {'gradient_clip_val': 0.8851989861708481, 'hidden_size': 32, 'dropout': 0.4328197705223463, 'hidden_continuous_size': 5, 'attention_head_size': 1, 'learning_rate': 0.06174847659253306}. Best is trial 0 with value: 4111.80419921875.
LOCAL_RANK: 0 - CUDA_VISIBLE_DEVICES: [0]
[I 2023-12-27 11:03:08,650] Trial 33 finished with value: 7749.10546875 and parameters: {'gradient_clip_val': 0.9854952392814843, 'hidden_size': 42, 'dropout': 0.4688182521942116, 'hidden_continuous_size': 7, 'attention_head_size': 1, 'learning_rate': 0.034000801048266374}. Best is trial 0 with value: 4111.80419921875.
LOCAL_RANK: 0 - CUDA_VISIBLE_DEVICES: [0]
[I 2023-12-27 11:03:09,098] Trial 34 finished with value: 8563.4228515625 and parameters: {'gradient_clip_val': 0.6870490723142091, 'hidden_size': 24, 'dropout': 0.4246622052865582, 'hidden_continuous_size': 5, 'attention_head_size': 1, 'learning_rate': 0.0234574637302556}. Best is trial 0 with value: 4111.80419921875.
LOCAL_RANK: 0 - CUDA_VISIBLE_DEVICES: [0]
