[I 2023-12-27 11:04:15,631] Trial 33 finished with value: 122.1595687866211 and parameters: {'gradient_clip_val': 0.8100457619620292, 'hidden_size': 11, 'dropout': 0.46828380419375426, 'hidden_continuous_size': 6, 'attention_head_size': 4, 'learning_rate': 0.0009897435718522684}. Best is trial 0 with value: 99.90831756591797.
[I 2023-12-27 11:04:16,006] Trial 34 finished with value: 272.1067199707031 and parameters: {'gradient_clip_val': 0.8768704559761672, 'hidden_size': 8, 'dropout': 0.43519868681482055, 'hidden_continuous_size': 6, 'attention_head_size': 4, 'learning_rate': 0.0018778423143590785}. Best is trial 0 with value: 99.90831756591797.
[I 2023-12-27 11:04:16,392] Trial 35 finished with value: 304.7259216308594 and parameters: {'gradient_clip_val': 0.8370622281403802, 'hidden_size': 14, 'dropout': 0.47430463201592715, 'hidden_continuous_size': 7, 'attention_head_size': 4, 'learning_rate': 0.001104980962159431}. Best is trial 0 with value: 99.90831756591797.
[I 2023-12-27 11:04:16,756] Trial 36 finished with value: 187.14576721191406 and parameters: {'gradient_clip_val': 0.4771001858460538, 'hidden_size': 6, 'dropout': 0.4957672885260504, 'hidden_continuous_size': 5, 'attention_head_size': 2, 'learning_rate': 0.001227699153229075}. Best is trial 0 with value: 99.90831756591797.
[I 2023-12-27 11:04:17,129] Trial 37 finished with value: 197.0537567138672 and parameters: {'gradient_clip_val': 0.6586288393625462, 'hidden_size': 20, 'dropout': 0.44852465093721494, 'hidden_continuous_size': 8, 'attention_head_size': 4, 'learning_rate': 0.0025092571351394634}. Best is trial 0 with value: 99.90831756591797.
[I 2023-12-27 11:04:17,750] Trial 38 finished with value: 236.33251953125 and parameters: {'gradient_clip_val': 0.40456358339926274, 'hidden_size': 30, 'dropout': 0.4122367200433168, 'hidden_continuous_size': 8, 'attention_head_size': 2, 'learning_rate': 0.001514849674816691}. Best is trial 0 with value: 99.90831756591797.
[I 2023-12-27 11:04:18,129] Trial 39 finished with value: 224.2002410888672 and parameters: {'gradient_clip_val': 0.8010470152723531, 'hidden_size': 11, 'dropout': 0.4357399759627042, 'hidden_continuous_size': 7, 'attention_head_size': 2, 'learning_rate': 0.0009367601442306166}. Best is trial 0 with value: 99.90831756591797.
[I 2023-12-27 11:04:18,499] Trial 40 finished with value: 224.92356872558594 and parameters: {'gradient_clip_val': 0.5113750355548499, 'hidden_size': 6, 'dropout': 0.4582321116729216, 'hidden_continuous_size': 5, 'attention_head_size': 4, 'learning_rate': 0.002686136455704531}. Best is trial 0 with value: 99.90831756591797.
[I 2023-12-27 11:04:18,893] Trial 41 finished with value: 289.7783508300781 and parameters: {'gradient_clip_val': 0.690274242223873, 'hidden_size': 11, 'dropout': 0.4690880122200834, 'hidden_continuous_size': 6, 'attention_head_size': 3, 'learning_rate': 0.0006875151883211998}. Best is trial 0 with value: 99.90831756591797.
[I 2023-12-27 11:04:19,273] Trial 42 finished with value: 272.5790710449219 and parameters: {'gradient_clip_val': 0.7712991291356831, 'hidden_size': 23, 'dropout': 0.4526686950431322, 'hidden_continuous_size': 9, 'attention_head_size': 3, 'learning_rate': 0.0010065155885756992}. Best is trial 0 with value: 99.90831756591797.
[I 2023-12-27 11:04:19,661] Trial 43 finished with value: 209.15655517578125 and parameters: {'gradient_clip_val': 0.5943315637922812, 'hidden_size': 15, 'dropout': 0.4785752237398644, 'hidden_continuous_size': 7, 'attention_head_size': 3, 'learning_rate': 0.0006091036514607601}. Best is trial 0 with value: 99.90831756591797.
[I 2023-12-27 11:04:20,025] Trial 44 finished with value: 281.9822692871094 and parameters: {'gradient_clip_val': 0.5471925515948309, 'hidden_size': 8, 'dropout': 0.4975849081684737, 'hidden_continuous_size': 6, 'attention_head_size': 3, 'learning_rate': 0.0008470992958580332}. Best is trial 0 with value: 99.90831756591797.
[I 2023-12-27 11:04:20,396] Trial 45 finished with value: 349.7901306152344 and parameters: {'gradient_clip_val': 0.7099824718293489, 'hidden_size': 13, 'dropout': 0.4609514643286623, 'hidden_continuous_size': 7, 'attention_head_size': 2, 'learning_rate': 0.0006384853814627837}. Best is trial 0 with value: 99.90831756591797.
[I 2023-12-27 11:04:20,775] Trial 46 finished with value: 210.19732666015625 and parameters: {'gradient_clip_val': 0.8624708522078264, 'hidden_size': 10, 'dropout': 0.42278668880045717, 'hidden_continuous_size': 6, 'attention_head_size': 3, 'learning_rate': 0.0016587769710090007}. Best is trial 0 with value: 99.90831756591797.
[I 2023-12-27 11:04:21,147] Trial 47 finished with value: 172.3252716064453 and parameters: {'gradient_clip_val': 0.6168398562153408, 'hidden_size': 17, 'dropout': 0.384046414723193, 'hidden_continuous_size': 8, 'attention_head_size': 4, 'learning_rate': 0.0005005988988516595}. Best is trial 0 with value: 99.90831756591797.
[I 2023-12-27 11:04:21,533] Trial 48 finished with value: 234.227294921875 and parameters: {'gradient_clip_val': 0.45228601045999894, 'hidden_size': 15, 'dropout': 0.43995458209273475, 'hidden_continuous_size': 7, 'attention_head_size': 3, 'learning_rate': 0.0010588234491156103}. Best is trial 0 with value: 99.90831756591797.
[I 2023-12-27 11:04:21,905] Trial 49 finished with value: 144.6932830810547 and parameters: {'gradient_clip_val': 0.6102482290367379, 'hidden_size': 8, 'dropout': 0.4806219404378867, 'hidden_continuous_size': 6, 'attention_head_size': 2, 'learning_rate': 0.0012528712514655723}. Best is trial 0 with value: 99.90831756591797.
[I 2023-12-27 11:04:22,023] A new study created in memory with name: no-name-a9024538-30c0-4cfe-a1ba-22e4e056faed
/home/le004/conda/anaconda3/envs/tsff_env/lib/python3.9/site-packages/lightning/fabric/plugins/environments/slurm.py:191: The `srun` command is available on your system but is not used. HINT: If your intention is to run Lightning on SLURM, prepend your python command with `srun` like so: srun python /home/le004/master_thesis/git/TSFusionForecast/code/ ...
[I 2023-12-27 11:04:54,575] Trial 0 finished with value: 599.0761108398438 and parameters: {'gradient_clip_val': 0.8741062251837832, 'hidden_size': 13, 'dropout': 0.4453614521958338, 'hidden_continuous_size': 12, 'attention_head_size': 3, 'learning_rate': 0.000695384529178892}. Best is trial 0 with value: 599.0761108398438.
[I 2023-12-27 11:05:10,410] Trial 1 finished with value: 524.8786010742188 and parameters: {'gradient_clip_val': 0.25107153573414354, 'hidden_size': 9, 'dropout': 0.11946289463405933, 'hidden_continuous_size': 7, 'attention_head_size': 2, 'learning_rate': 0.07564638814243224}. Best is trial 1 with value: 524.8786010742188.
[I 2023-12-27 11:05:10,960] Trial 2 finished with value: 999.4555053710938 and parameters: {'gradient_clip_val': 0.146640503001889, 'hidden_size': 99, 'dropout': 0.21301096307876632, 'hidden_continuous_size': 51, 'attention_head_size': 4, 'learning_rate': 0.0028775467552719816}. Best is trial 1 with value: 524.8786010742188.
[I 2023-12-27 11:05:11,324] Trial 3 finished with value: 797.6064453125 and parameters: {'gradient_clip_val': 0.2673781803727712, 'hidden_size': 14, 'dropout': 0.21154955022337238, 'hidden_continuous_size': 14, 'attention_head_size': 2, 'learning_rate': 0.0013306477823480651}. Best is trial 1 with value: 524.8786010742188.
[I 2023-12-27 11:05:11,726] Trial 4 finished with value: 1034.2886962890625 and parameters: {'gradient_clip_val': 0.10844247627281052, 'hidden_size': 28, 'dropout': 0.2707818405846698, 'hidden_continuous_size': 17, 'attention_head_size': 1, 'learning_rate': 0.049780531095605776}. Best is trial 1 with value: 524.8786010742188.
[I 2023-12-27 11:05:12,196] Trial 5 finished with value: 692.8936157226562 and parameters: {'gradient_clip_val': 0.4982573234533722, 'hidden_size': 86, 'dropout': 0.2134755310428441, 'hidden_continuous_size': 6, 'attention_head_size': 3, 'learning_rate': 0.006461353523839938}. Best is trial 1 with value: 524.8786010742188.
[I 2023-12-27 11:05:12,623] Trial 6 finished with value: 801.8168334960938 and parameters: {'gradient_clip_val': 0.727940276318286, 'hidden_size': 45, 'dropout': 0.4553265721937533, 'hidden_continuous_size': 38, 'attention_head_size': 4, 'learning_rate': 0.03163283577201239}. Best is trial 1 with value: 524.8786010742188.
[I 2023-12-27 11:05:12,972] Trial 7 finished with value: 646.0873413085938 and parameters: {'gradient_clip_val': 0.29837299570704146, 'hidden_size': 7, 'dropout': 0.12545952016401785, 'hidden_continuous_size': 7, 'attention_head_size': 3, 'learning_rate': 0.005889257917691565}. Best is trial 1 with value: 524.8786010742188.
[I 2023-12-27 11:05:13,372] Trial 8 finished with value: 960.8701171875 and parameters: {'gradient_clip_val': 0.11180596367649474, 'hidden_size': 26, 'dropout': 0.468748648629706, 'hidden_continuous_size': 6, 'attention_head_size': 4, 'learning_rate': 0.003809254099744354}. Best is trial 1 with value: 524.8786010742188.
[I 2023-12-27 11:05:13,712] Trial 9 finished with value: 943.00244140625 and parameters: {'gradient_clip_val': 0.37841865650468004, 'hidden_size': 11, 'dropout': 0.44939673490640053, 'hidden_continuous_size': 11, 'attention_head_size': 1, 'learning_rate': 0.022906302111044368}. Best is trial 1 with value: 524.8786010742188.
[I 2023-12-27 11:05:14,068] Trial 10 finished with value: 764.009521484375 and parameters: {'gradient_clip_val': 0.20496861398051716, 'hidden_size': 5, 'dropout': 0.10544321874048729, 'hidden_continuous_size': 5, 'attention_head_size': 2, 'learning_rate': 0.08936020677337979}. Best is trial 1 with value: 524.8786010742188.
[I 2023-12-27 11:05:14,696] Trial 11 finished with value: 1186.8980712890625 and parameters: {'gradient_clip_val': 0.9128806734003625, 'hidden_size': 10, 'dropout': 0.3931071723793304, 'hidden_continuous_size': 5, 'attention_head_size': 2, 'learning_rate': 0.0005102431041683052}. Best is trial 1 with value: 524.8786010742188.
[I 2023-12-27 11:05:15,094] Trial 12 finished with value: 993.1923828125 and parameters: {'gradient_clip_val': 0.5201902443039668, 'hidden_size': 16, 'dropout': 0.3553477108102665, 'hidden_continuous_size': 8, 'attention_head_size': 3, 'learning_rate': 0.014263519688276497}. Best is trial 1 with value: 524.8786010742188.
[I 2023-12-27 11:05:15,471] Trial 13 finished with value: 965.6506958007812 and parameters: {'gradient_clip_val': 0.9306125765576664, 'hidden_size': 5, 'dropout': 0.339435113711657, 'hidden_continuous_size': 5, 'attention_head_size': 2, 'learning_rate': 0.016885275292558597}. Best is trial 1 with value: 524.8786010742188.
[I 2023-12-27 11:05:15,872] Trial 14 finished with value: 860.0400390625 and parameters: {'gradient_clip_val': 0.22309879173876587, 'hidden_size': 8, 'dropout': 0.3913419826726152, 'hidden_continuous_size': 5, 'attention_head_size': 3, 'learning_rate': 0.09802947307180956}. Best is trial 1 with value: 524.8786010742188.
[I 2023-12-27 11:05:16,255] Trial 15 finished with value: 767.9236450195312 and parameters: {'gradient_clip_val': 0.42341236512049757, 'hidden_size': 16, 'dropout': 0.29047122180306756, 'hidden_continuous_size': 9, 'attention_head_size': 1, 'learning_rate': 0.0014630894226135094}. Best is trial 1 with value: 524.8786010742188.
[I 2023-12-27 11:05:16,658] Trial 16 finished with value: 917.0986328125 and parameters: {'gradient_clip_val': 0.6766848454814923, 'hidden_size': 7, 'dropout': 0.14903299342352377, 'hidden_continuous_size': 5, 'attention_head_size': 3, 'learning_rate': 0.010499345865515904}. Best is trial 1 with value: 524.8786010742188.
[I 2023-12-27 11:05:17,077] Trial 17 finished with value: 501.6893310546875 and parameters: {'gradient_clip_val': 0.3370320227177282, 'hidden_size': 21, 'dropout': 0.4946556093517051, 'hidden_continuous_size': 10, 'attention_head_size': 2, 'learning_rate': 0.041521389477889796}. Best is trial 17 with value: 501.6893310546875.
[I 2023-12-27 11:05:17,494] Trial 18 finished with value: 613.7822875976562 and parameters: {'gradient_clip_val': 0.3502337893826679, 'hidden_size': 21, 'dropout': 0.2628362551106321, 'hidden_continuous_size': 8, 'attention_head_size': 2, 'learning_rate': 0.04368069770560547}. Best is trial 17 with value: 501.6893310546875.
[I 2023-12-27 11:05:17,930] Trial 19 finished with value: 824.4553833007812 and parameters: {'gradient_clip_val': 0.22825311190581002, 'hidden_size': 39, 'dropout': 0.16114398660955537, 'hidden_continuous_size': 9, 'attention_head_size': 1, 'learning_rate': 0.04713624301355488}. Best is trial 17 with value: 501.6893310546875.
[I 2023-12-27 11:05:18,343] Trial 20 finished with value: 703.4053344726562 and parameters: {'gradient_clip_val': 0.3053941018260138, 'hidden_size': 20, 'dropout': 0.4974285270480446, 'hidden_continuous_size': 7, 'attention_head_size': 2, 'learning_rate': 0.06979017252189447}. Best is trial 17 with value: 501.6893310546875.
[I 2023-12-27 11:05:18,746] Trial 21 finished with value: 884.7200317382812 and parameters: {'gradient_clip_val': 0.45191027954510954, 'hidden_size': 12, 'dropout': 0.49557173697575113, 'hidden_continuous_size': 6, 'attention_head_size': 2, 'learning_rate': 0.03131891662015916}. Best is trial 17 with value: 501.6893310546875.
[I 2023-12-27 11:05:19,158] Trial 22 finished with value: 852.9473266601562 and parameters: {'gradient_clip_val': 0.5616183326948926, 'hidden_size': 10, 'dropout': 0.42069097866408434, 'hidden_continuous_size': 6, 'attention_head_size': 3, 'learning_rate': 0.02071102019233976}. Best is trial 17 with value: 501.6893310546875.
[I 2023-12-27 11:05:19,567] Trial 23 finished with value: 847.0772094726562 and parameters: {'gradient_clip_val': 0.39099415421795164, 'hidden_size': 14, 'dropout': 0.4251923086024819, 'hidden_continuous_size': 10, 'attention_head_size': 2, 'learning_rate': 0.010047255289541701}. Best is trial 17 with value: 501.6893310546875.
[I 2023-12-27 11:05:19,965] Trial 24 finished with value: 984.1801147460938 and parameters: {'gradient_clip_val': 0.6398538103639061, 'hidden_size': 9, 'dropout': 0.33440613445250533, 'hidden_continuous_size': 7, 'attention_head_size': 3, 'learning_rate': 0.06208184871280045}. Best is trial 17 with value: 501.6893310546875.
[I 2023-12-27 11:05:20,638] Trial 25 finished with value: 602.8760375976562 and parameters: {'gradient_clip_val': 0.7973352324519534, 'hidden_size': 20, 'dropout': 0.47259766488467925, 'hidden_continuous_size': 11, 'attention_head_size': 2, 'learning_rate': 0.03707526806388532}. Best is trial 17 with value: 501.6893310546875.
[I 2023-12-27 11:05:21,038] Trial 26 finished with value: 953.68798828125 and parameters: {'gradient_clip_val': 0.5873205745455146, 'hidden_size': 12, 'dropout': 0.4986702854506712, 'hidden_continuous_size': 8, 'attention_head_size': 1, 'learning_rate': 0.06920406501219022}. Best is trial 17 with value: 501.6893310546875.
[I 2023-12-27 11:05:21,435] Trial 27 finished with value: 729.046630859375 and parameters: {'gradient_clip_val': 0.3331211609877589, 'hidden_size': 7, 'dropout': 0.42319698824081875, 'hidden_continuous_size': 5, 'attention_head_size': 3, 'learning_rate': 0.023130047493181417}. Best is trial 17 with value: 501.6893310546875.
[I 2023-12-27 11:05:22,121] Trial 28 finished with value: 1166.09521484375 and parameters: {'gradient_clip_val': 0.9866868685991026, 'hidden_size': 149, 'dropout': 0.37004577506873065, 'hidden_continuous_size': 19, 'attention_head_size': 4, 'learning_rate': 0.031342090814430644}. Best is trial 17 with value: 501.6893310546875.
[I 2023-12-27 11:05:22,481] Trial 29 finished with value: 858.5233764648438 and parameters: {'gradient_clip_val': 0.17015687322742074, 'hidden_size': 6, 'dropout': 0.3054031455049988, 'hidden_continuous_size': 5, 'attention_head_size': 4, 'learning_rate': 0.003460773000628486}. Best is trial 17 with value: 501.6893310546875.
[I 2023-12-27 11:05:22,852] Trial 30 finished with value: 739.6088256835938 and parameters: {'gradient_clip_val': 0.4432180489798431, 'hidden_size': 9, 'dropout': 0.44588228925761697, 'hidden_continuous_size': 6, 'attention_head_size': 2, 'learning_rate': 0.09290135306640476}. Best is trial 17 with value: 501.6893310546875.
[I 2023-12-27 11:05:23,243] Trial 31 finished with value: 688.6935424804688 and parameters: {'gradient_clip_val': 0.8245162703073721, 'hidden_size': 18, 'dropout': 0.471256664118596, 'hidden_continuous_size': 10, 'attention_head_size': 2, 'learning_rate': 0.04016212442396727}. Best is trial 17 with value: 501.6893310546875.
[I 2023-12-27 11:05:23,614] Trial 32 finished with value: 638.4017333984375 and parameters: {'gradient_clip_val': 0.8042023033180192, 'hidden_size': 13, 'dropout': 0.4675293109232098, 'hidden_continuous_size': 11, 'attention_head_size': 2, 'learning_rate': 0.055206478612689694}. Best is trial 17 with value: 501.6893310546875.
[I 2023-12-27 11:05:24,004] Trial 33 finished with value: 960.404296875 and parameters: {'gradient_clip_val': 0.7456837452404219, 'hidden_size': 23, 'dropout': 0.4364424980113438, 'hidden_continuous_size': 13, 'attention_head_size': 2, 'learning_rate': 0.0371228808209472}. Best is trial 17 with value: 501.6893310546875.
[I 2023-12-27 11:05:24,370] Trial 34 finished with value: 882.1723022460938 and parameters: {'gradient_clip_val': 0.26330523478372286, 'hidden_size': 16, 'dropout': 0.4019145581679635, 'hidden_continuous_size': 11, 'attention_head_size': 1, 'learning_rate': 0.0020396408628894414}. Best is trial 17 with value: 501.6893310546875.
[I 2023-12-27 11:05:24,772] Trial 35 finished with value: 706.5117797851562 and parameters: {'gradient_clip_val': 0.636062994348503, 'hidden_size': 29, 'dropout': 0.20446706439087686, 'hidden_continuous_size': 13, 'attention_head_size': 3, 'learning_rate': 0.0005418743310297145}. Best is trial 17 with value: 501.6893310546875.
[I 2023-12-27 11:05:25,153] Trial 36 finished with value: 1412.9833984375 and parameters: {'gradient_clip_val': 0.8330149793980695, 'hidden_size': 13, 'dropout': 0.4829431703020128, 'hidden_continuous_size': 9, 'attention_head_size': 2, 'learning_rate': 0.000829944318668455}. Best is trial 17 with value: 501.6893310546875.
[I 2023-12-27 11:05:25,540] Trial 37 finished with value: 901.269287109375 and parameters: {'gradient_clip_val': 0.7001484585589812, 'hidden_size': 18, 'dropout': 0.44318176926538, 'hidden_continuous_size': 12, 'attention_head_size': 3, 'learning_rate': 0.052891346676251894}. Best is trial 17 with value: 501.6893310546875.
[I 2023-12-27 11:05:26,199] Trial 38 finished with value: 591.9303588867188 and parameters: {'gradient_clip_val': 0.2620377247541465, 'hidden_size': 33, 'dropout': 0.4616677966731336, 'hidden_continuous_size': 15, 'attention_head_size': 2, 'learning_rate': 0.00480774101152098}. Best is trial 17 with value: 501.6893310546875.
[I 2023-12-27 11:05:26,593] Trial 39 finished with value: 918.1788940429688 and parameters: {'gradient_clip_val': 0.2752601039325271, 'hidden_size': 33, 'dropout': 0.45488077945379235, 'hidden_continuous_size': 16, 'attention_head_size': 1, 'learning_rate': 0.004111152376203387}. Best is trial 17 with value: 501.6893310546875.
[I 2023-12-27 11:05:27,011] Trial 40 finished with value: 905.9690551757812 and parameters: {'gradient_clip_val': 0.3537261831683312, 'hidden_size': 46, 'dropout': 0.41512968799728683, 'hidden_continuous_size': 15, 'attention_head_size': 2, 'learning_rate': 0.002648854361152858}. Best is trial 17 with value: 501.6893310546875.
[I 2023-12-27 11:05:27,414] Trial 41 finished with value: 829.1141967773438 and parameters: {'gradient_clip_val': 0.2821849824442807, 'hidden_size': 25, 'dropout': 0.47346394515824136, 'hidden_continuous_size': 12, 'attention_head_size': 2, 'learning_rate': 0.005655236387700538}. Best is trial 17 with value: 501.6893310546875.
[I 2023-12-27 11:05:27,791] Trial 42 finished with value: 979.19482421875 and parameters: {'gradient_clip_val': 0.5015529359320563, 'hidden_size': 22, 'dropout': 0.46637879434931645, 'hidden_continuous_size': 13, 'attention_head_size': 2, 'learning_rate': 0.008507901108641828}. Best is trial 17 with value: 501.6893310546875.
[I 2023-12-27 11:05:28,186] Trial 43 finished with value: 1099.65380859375 and parameters: {'gradient_clip_val': 0.31271563775670114, 'hidden_size': 30, 'dropout': 0.48330587975777417, 'hidden_continuous_size': 14, 'attention_head_size': 2, 'learning_rate': 0.005807781654586895}. Best is trial 17 with value: 501.6893310546875.
[I 2023-12-27 11:05:28,575] Trial 44 finished with value: 841.82861328125 and parameters: {'gradient_clip_val': 0.23815585774398898, 'hidden_size': 15, 'dropout': 0.45473995898486014, 'hidden_continuous_size': 10, 'attention_head_size': 2, 'learning_rate': 0.012185591392955787}. Best is trial 17 with value: 501.6893310546875.
[I 2023-12-27 11:05:28,970] Trial 45 finished with value: 460.1884765625 and parameters: {'gradient_clip_val': 0.2569896859609988, 'hidden_size': 11, 'dropout': 0.43737802696458566, 'hidden_continuous_size': 10, 'attention_head_size': 3, 'learning_rate': 0.01668838197872196}. Best is trial 45 with value: 460.1884765625.
[I 2023-12-27 11:05:29,369] Trial 46 finished with value: 692.6044921875 and parameters: {'gradient_clip_val': 0.19033070594282092, 'hidden_size': 10, 'dropout': 0.40147622395591404, 'hidden_continuous_size': 9, 'attention_head_size': 3, 'learning_rate': 0.015414514484147684}. Best is trial 45 with value: 460.1884765625.
[I 2023-12-27 11:05:29,779] Trial 47 finished with value: 573.388427734375 and parameters: {'gradient_clip_val': 0.23701629232512517, 'hidden_size': 11, 'dropout': 0.43868173523556786, 'hidden_continuous_size': 10, 'attention_head_size': 4, 'learning_rate': 0.0074441694836219095}. Best is trial 45 with value: 460.1884765625.
