[I 2023-12-27 11:30:20,832] Trial 12 finished with value: 259.70159912109375 and parameters: {'gradient_clip_val': 0.2100416973042477, 'hidden_size': 10, 'dropout': 0.31759332444898075, 'hidden_continuous_size': 8, 'attention_head_size': 2, 'learning_rate': 0.02857934359140314}. Best is trial 0 with value: 111.01056671142578.
[I 2023-12-27 11:30:21,145] Trial 13 finished with value: 259.8758239746094 and parameters: {'gradient_clip_val': 0.38516738174986653, 'hidden_size': 5, 'dropout': 0.36437897855840723, 'hidden_continuous_size': 5, 'attention_head_size': 1, 'learning_rate': 0.005694167653226302}. Best is trial 0 with value: 111.01056671142578.
[I 2023-12-27 11:30:21,531] Trial 14 finished with value: 228.31947326660156 and parameters: {'gradient_clip_val': 0.17224305577262042, 'hidden_size': 35, 'dropout': 0.2718048823139012, 'hidden_continuous_size': 18, 'attention_head_size': 3, 'learning_rate': 0.023358542175200548}. Best is trial 0 with value: 111.01056671142578.
[I 2023-12-27 11:30:21,883] Trial 15 finished with value: 219.28147888183594 and parameters: {'gradient_clip_val': 0.25256656313588566, 'hidden_size': 18, 'dropout': 0.3367910631766006, 'hidden_continuous_size': 10, 'attention_head_size': 2, 'learning_rate': 0.003723849218312447}. Best is trial 0 with value: 111.01056671142578.
[I 2023-12-27 11:30:22,299] Trial 16 finished with value: 226.3910675048828 and parameters: {'gradient_clip_val': 0.365507132265552, 'hidden_size': 59, 'dropout': 0.3991945801700123, 'hidden_continuous_size': 21, 'attention_head_size': 1, 'learning_rate': 0.041313248850772165}. Best is trial 0 with value: 111.01056671142578.
[I 2023-12-27 11:30:22,769] Trial 17 finished with value: 227.1576385498047 and parameters: {'gradient_clip_val': 0.14111949465951396, 'hidden_size': 85, 'dropout': 0.2662880186489658, 'hidden_continuous_size': 25, 'attention_head_size': 4, 'learning_rate': 0.017801441768204602}. Best is trial 0 with value: 111.01056671142578.
[I 2023-12-27 11:30:23,172] Trial 18 finished with value: 252.2652587890625 and parameters: {'gradient_clip_val': 0.21262917322789726, 'hidden_size': 38, 'dropout': 0.4208378519386754, 'hidden_continuous_size': 10, 'attention_head_size': 3, 'learning_rate': 0.06199280774175782}. Best is trial 0 with value: 111.01056671142578.
[I 2023-12-27 11:30:23,553] Trial 19 finished with value: 203.0792694091797 and parameters: {'gradient_clip_val': 0.10584917896992523, 'hidden_size': 10, 'dropout': 0.3393812420717314, 'hidden_continuous_size': 6, 'attention_head_size': 2, 'learning_rate': 0.014295345807262133}. Best is trial 0 with value: 111.01056671142578.
[I 2023-12-27 11:30:24,006] Trial 20 finished with value: 244.80796813964844 and parameters: {'gradient_clip_val': 0.31938150315698793, 'hidden_size': 73, 'dropout': 0.4838279225320957, 'hidden_continuous_size': 29, 'attention_head_size': 4, 'learning_rate': 0.003026864681712698}. Best is trial 0 with value: 111.01056671142578.
[I 2023-12-27 11:30:24,611] Trial 21 finished with value: 228.70458984375 and parameters: {'gradient_clip_val': 0.4848598055230528, 'hidden_size': 8, 'dropout': 0.4448613301732852, 'hidden_continuous_size': 5, 'attention_head_size': 2, 'learning_rate': 0.009250269596482572}. Best is trial 0 with value: 111.01056671142578.
[I 2023-12-27 11:30:24,986] Trial 22 finished with value: 182.7065887451172 and parameters: {'gradient_clip_val': 0.5443901790485597, 'hidden_size': 14, 'dropout': 0.49591612379547845, 'hidden_continuous_size': 6, 'attention_head_size': 1, 'learning_rate': 0.007058337207445826}. Best is trial 0 with value: 111.01056671142578.
[I 2023-12-27 11:30:25,355] Trial 23 finished with value: 235.37770080566406 and parameters: {'gradient_clip_val': 0.4842172747971738, 'hidden_size': 15, 'dropout': 0.43211668740778525, 'hidden_continuous_size': 8, 'attention_head_size': 1, 'learning_rate': 0.005932210984841286}. Best is trial 0 with value: 111.01056671142578.
[I 2023-12-27 11:30:25,708] Trial 24 finished with value: 267.04229736328125 and parameters: {'gradient_clip_val': 0.24255896326321447, 'hidden_size': 24, 'dropout': 0.4011020815853516, 'hidden_continuous_size': 9, 'attention_head_size': 1, 'learning_rate': 0.007762857940898643}. Best is trial 0 with value: 111.01056671142578.
[I 2023-12-27 11:30:26,071] Trial 25 finished with value: 191.1761474609375 and parameters: {'gradient_clip_val': 0.28679346431828806, 'hidden_size': 14, 'dropout': 0.49706080166721434, 'hidden_continuous_size': 7, 'attention_head_size': 1, 'learning_rate': 0.020195053504523594}. Best is trial 0 with value: 111.01056671142578.
[I 2023-12-27 11:30:26,426] Trial 26 finished with value: 231.4993438720703 and parameters: {'gradient_clip_val': 0.3321800223348481, 'hidden_size': 22, 'dropout': 0.3569455231919806, 'hidden_continuous_size': 8, 'attention_head_size': 1, 'learning_rate': 0.01376330069211641}. Best is trial 0 with value: 111.01056671142578.
[I 2023-12-27 11:30:26,789] Trial 27 finished with value: 237.95562744140625 and parameters: {'gradient_clip_val': 0.4409733285368717, 'hidden_size': 7, 'dropout': 0.4938464059946143, 'hidden_continuous_size': 5, 'attention_head_size': 2, 'learning_rate': 0.0070829588053753015}. Best is trial 0 with value: 111.01056671142578.
[I 2023-12-27 11:30:27,134] Trial 28 finished with value: 269.0830078125 and parameters: {'gradient_clip_val': 0.3248539036706361, 'hidden_size': 12, 'dropout': 0.42060345447100966, 'hidden_continuous_size': 6, 'attention_head_size': 1, 'learning_rate': 0.025769760390394487}. Best is trial 0 with value: 111.01056671142578.
[I 2023-12-27 11:30:27,487] Trial 29 finished with value: 235.1538543701172 and parameters: {'gradient_clip_val': 0.13496397133974725, 'hidden_size': 20, 'dropout': 0.3855313247239166, 'hidden_continuous_size': 9, 'attention_head_size': 1, 'learning_rate': 0.016569189594691846}. Best is trial 0 with value: 111.01056671142578.
[I 2023-12-27 11:30:27,859] Trial 30 finished with value: 189.36549377441406 and parameters: {'gradient_clip_val': 0.17517439622987158, 'hidden_size': 32, 'dropout': 0.4611638294487935, 'hidden_continuous_size': 13, 'attention_head_size': 3, 'learning_rate': 0.01307046098251628}. Best is trial 0 with value: 111.01056671142578.
[I 2023-12-27 11:30:28,228] Trial 31 finished with value: 252.2744140625 and parameters: {'gradient_clip_val': 0.18042433415645104, 'hidden_size': 32, 'dropout': 0.4665076209010834, 'hidden_continuous_size': 12, 'attention_head_size': 3, 'learning_rate': 0.014752441398284966}. Best is trial 0 with value: 111.01056671142578.
[I 2023-12-27 11:30:28,606] Trial 32 finished with value: 213.5001220703125 and parameters: {'gradient_clip_val': 0.26471947140873275, 'hidden_size': 28, 'dropout': 0.44069435009181906, 'hidden_continuous_size': 13, 'attention_head_size': 4, 'learning_rate': 0.011290578340645285}. Best is trial 0 with value: 111.01056671142578.
[I 2023-12-27 11:30:28,968] Trial 33 finished with value: 197.86322021484375 and parameters: {'gradient_clip_val': 0.22540633870777252, 'hidden_size': 21, 'dropout': 0.4747255367247122, 'hidden_continuous_size': 11, 'attention_head_size': 3, 'learning_rate': 0.020552560200379065}. Best is trial 0 with value: 111.01056671142578.
[I 2023-12-27 11:30:29,575] Trial 34 finished with value: 237.5084228515625 and parameters: {'gradient_clip_val': 0.1567074808036095, 'hidden_size': 45, 'dropout': 0.4653919792755967, 'hidden_continuous_size': 16, 'attention_head_size': 4, 'learning_rate': 0.008548581884876547}. Best is trial 0 with value: 111.01056671142578.
[I 2023-12-27 11:30:29,969] Trial 35 finished with value: 261.74609375 and parameters: {'gradient_clip_val': 0.18948937816219366, 'hidden_size': 31, 'dropout': 0.48964865784620726, 'hidden_continuous_size': 14, 'attention_head_size': 3, 'learning_rate': 0.004547962833093675}. Best is trial 0 with value: 111.01056671142578.
[I 2023-12-27 11:30:30,360] Trial 36 finished with value: 189.59901428222656 and parameters: {'gradient_clip_val': 0.12160769113164707, 'hidden_size': 48, 'dropout': 0.4193639910947228, 'hidden_continuous_size': 12, 'attention_head_size': 2, 'learning_rate': 0.011612509922495538}. Best is trial 0 with value: 111.01056671142578.
[I 2023-12-27 11:30:30,736] Trial 37 finished with value: 225.16748046875 and parameters: {'gradient_clip_val': 0.22745964134868993, 'hidden_size': 26, 'dropout': 0.4567313593973062, 'hidden_continuous_size': 7, 'attention_head_size': 4, 'learning_rate': 0.006943187004249973}. Best is trial 0 with value: 111.01056671142578.
[I 2023-12-27 11:30:31,128] Trial 38 finished with value: 217.5623016357422 and parameters: {'gradient_clip_val': 0.15910217539013405, 'hidden_size': 40, 'dropout': 0.23062523929323298, 'hidden_continuous_size': 15, 'attention_head_size': 3, 'learning_rate': 0.0026623096666851657}. Best is trial 0 with value: 111.01056671142578.
[I 2023-12-27 11:30:31,488] Trial 39 finished with value: 220.1425323486328 and parameters: {'gradient_clip_val': 0.19918543111642698, 'hidden_size': 18, 'dropout': 0.4990313574992505, 'hidden_continuous_size': 10, 'attention_head_size': 2, 'learning_rate': 0.004866925243288656}. Best is trial 0 with value: 111.01056671142578.
[I 2023-12-27 11:30:31,911] Trial 40 finished with value: 226.30348205566406 and parameters: {'gradient_clip_val': 0.283959501722513, 'hidden_size': 56, 'dropout': 0.27879528971075695, 'hidden_continuous_size': 17, 'attention_head_size': 4, 'learning_rate': 0.03456899842656289}. Best is trial 0 with value: 111.01056671142578.
[I 2023-12-27 11:30:32,309] Trial 41 finished with value: 223.0045166015625 and parameters: {'gradient_clip_val': 0.11954733191757395, 'hidden_size': 48, 'dropout': 0.4212375436095569, 'hidden_continuous_size': 12, 'attention_head_size': 2, 'learning_rate': 0.011880532702916407}. Best is trial 0 with value: 111.01056671142578.
[I 2023-12-27 11:30:32,680] Trial 42 finished with value: 210.90953063964844 and parameters: {'gradient_clip_val': 0.12211731882801373, 'hidden_size': 40, 'dropout': 0.4459771009519597, 'hidden_continuous_size': 13, 'attention_head_size': 1, 'learning_rate': 0.009554453147289725}. Best is trial 0 with value: 111.01056671142578.
[I 2023-12-27 11:30:33,074] Trial 43 finished with value: 244.31768798828125 and parameters: {'gradient_clip_val': 0.14720064518399298, 'hidden_size': 31, 'dropout': 0.473007983635904, 'hidden_continuous_size': 14, 'attention_head_size': 2, 'learning_rate': 0.013139992435837114}. Best is trial 0 with value: 111.01056671142578.
[I 2023-12-27 11:30:33,463] Trial 44 finished with value: 184.73388671875 and parameters: {'gradient_clip_val': 0.1303609232500494, 'hidden_size': 45, 'dropout': 0.3779837185314791, 'hidden_continuous_size': 11, 'attention_head_size': 3, 'learning_rate': 0.017687045311584743}. Best is trial 0 with value: 111.01056671142578.
[I 2023-12-27 11:30:33,831] Trial 45 finished with value: 197.7094268798828 and parameters: {'gradient_clip_val': 0.18054698067699448, 'hidden_size': 27, 'dropout': 0.36998583878778035, 'hidden_continuous_size': 9, 'attention_head_size': 3, 'learning_rate': 0.018450808153965485}. Best is trial 0 with value: 111.01056671142578.
[I 2023-12-27 11:30:34,200] Trial 46 finished with value: 241.96287536621094 and parameters: {'gradient_clip_val': 0.10525534636032437, 'hidden_size': 35, 'dropout': 0.3151334993193511, 'hidden_continuous_size': 11, 'attention_head_size': 3, 'learning_rate': 0.008340214608403061}. Best is trial 0 with value: 111.01056671142578.
[I 2023-12-27 11:30:34,601] Trial 47 finished with value: 230.1933135986328 and parameters: {'gradient_clip_val': 0.1661797251386219, 'hidden_size': 58, 'dropout': 0.3432829249220207, 'hidden_continuous_size': 7, 'attention_head_size': 3, 'learning_rate': 0.03131043931613172}. Best is trial 0 with value: 111.01056671142578.
[I 2023-12-27 11:30:35,205] Trial 48 finished with value: 278.6853332519531 and parameters: {'gradient_clip_val': 0.1320494635372246, 'hidden_size': 13, 'dropout': 0.38912570798089247, 'hidden_continuous_size': 9, 'attention_head_size': 4, 'learning_rate': 0.022798336388723032}. Best is trial 0 with value: 111.01056671142578.
[I 2023-12-27 11:30:35,615] Trial 49 finished with value: 245.0668487548828 and parameters: {'gradient_clip_val': 0.14830030346797984, 'hidden_size': 23, 'dropout': 0.29248905305126544, 'hidden_continuous_size': 11, 'attention_head_size': 3, 'learning_rate': 0.016283878942787648}. Best is trial 0 with value: 111.01056671142578.
