[I 2023-12-27 11:26:32,217] Trial 49 finished with value: 470.5572814941406 and parameters: {'gradient_clip_val': 0.32845927936170666, 'hidden_size': 31, 'dropout': 0.16508419298306318, 'hidden_continuous_size': 21, 'attention_head_size': 2, 'learning_rate': 0.0007120727558311285}. Best is trial 0 with value: 126.3399429321289.
[I 2023-12-27 11:26:32,347] A new study created in memory with name: no-name-6f60acdd-db88-4b29-a54c-4c27d5e0eb54
/home/le004/conda/anaconda3/envs/tsff_env/lib/python3.9/site-packages/lightning/fabric/plugins/environments/slurm.py:191: The `srun` command is available on your system but is not used. HINT: If your intention is to run Lightning on SLURM, prepend your python command with `srun` like so: srun python /home/le004/master_thesis/git/TSFusionForecast/code/ ...
LOCAL_RANK: 0 - CUDA_VISIBLE_DEVICES: [0]
[I 2023-12-27 11:27:00,696] Trial 0 finished with value: 128.44400024414062 and parameters: {'gradient_clip_val': 0.233987345411266, 'hidden_size': 8, 'dropout': 0.19363528582285597, 'hidden_continuous_size': 6, 'attention_head_size': 3, 'learning_rate': 0.022487275975203693}. Best is trial 0 with value: 128.44400024414062.
LOCAL_RANK: 0 - CUDA_VISIBLE_DEVICES: [0]
[I 2023-12-27 11:27:07,477] Trial 1 finished with value: 334.2734069824219 and parameters: {'gradient_clip_val': 0.10526321651386178, 'hidden_size': 69, 'dropout': 0.3544547404051409, 'hidden_continuous_size': 40, 'attention_head_size': 3, 'learning_rate': 0.0018934623423421844}. Best is trial 0 with value: 128.44400024414062.
LOCAL_RANK: 0 - CUDA_VISIBLE_DEVICES: [0]
[I 2023-12-27 11:27:07,889] Trial 2 finished with value: 624.692626953125 and parameters: {'gradient_clip_val': 0.44479530145021257, 'hidden_size': 5, 'dropout': 0.2195351548843496, 'hidden_continuous_size': 5, 'attention_head_size': 4, 'learning_rate': 0.08554787645849521}. Best is trial 0 with value: 128.44400024414062.
LOCAL_RANK: 0 - CUDA_VISIBLE_DEVICES: [0]
[I 2023-12-27 11:27:08,346] Trial 3 finished with value: 781.5588989257812 and parameters: {'gradient_clip_val': 0.15320528815295006, 'hidden_size': 11, 'dropout': 0.43254147748926475, 'hidden_continuous_size': 6, 'attention_head_size': 3, 'learning_rate': 0.04661986982548086}. Best is trial 0 with value: 128.44400024414062.
LOCAL_RANK: 0 - CUDA_VISIBLE_DEVICES: [0]
[I 2023-12-27 11:27:08,811] Trial 4 finished with value: 612.9335327148438 and parameters: {'gradient_clip_val': 0.11081620510549682, 'hidden_size': 10, 'dropout': 0.1160353357788297, 'hidden_continuous_size': 8, 'attention_head_size': 4, 'learning_rate': 0.05870055227616001}. Best is trial 0 with value: 128.44400024414062.
LOCAL_RANK: 0 - CUDA_VISIBLE_DEVICES: [0]
[I 2023-12-27 11:27:09,259] Trial 5 finished with value: 579.2930297851562 and parameters: {'gradient_clip_val': 0.5187856691270102, 'hidden_size': 23, 'dropout': 0.25038455626928885, 'hidden_continuous_size': 5, 'attention_head_size': 3, 'learning_rate': 0.02437532001934738}. Best is trial 0 with value: 128.44400024414062.
LOCAL_RANK: 0 - CUDA_VISIBLE_DEVICES: [0]
[I 2023-12-27 11:27:09,703] Trial 6 finished with value: 491.6331481933594 and parameters: {'gradient_clip_val': 0.40280896151938883, 'hidden_size': 94, 'dropout': 0.2614523469896335, 'hidden_continuous_size': 11, 'attention_head_size': 2, 'learning_rate': 0.055469503385980896}. Best is trial 0 with value: 128.44400024414062.
LOCAL_RANK: 0 - CUDA_VISIBLE_DEVICES: [0]
[I 2023-12-27 11:27:10,131] Trial 7 finished with value: 633.9110717773438 and parameters: {'gradient_clip_val': 0.44797069556604546, 'hidden_size': 87, 'dropout': 0.15548725813773123, 'hidden_continuous_size': 5, 'attention_head_size': 2, 'learning_rate': 0.003438702403888351}. Best is trial 0 with value: 128.44400024414062.
LOCAL_RANK: 0 - CUDA_VISIBLE_DEVICES: [0]
[I 2023-12-27 11:27:10,573] Trial 8 finished with value: 594.0610961914062 and parameters: {'gradient_clip_val': 0.22405340252517295, 'hidden_size': 87, 'dropout': 0.10430342719911595, 'hidden_continuous_size': 76, 'attention_head_size': 1, 'learning_rate': 0.0038570916055567714}. Best is trial 0 with value: 128.44400024414062.
LOCAL_RANK: 0 - CUDA_VISIBLE_DEVICES: [0]
[I 2023-12-27 11:27:10,991] Trial 9 finished with value: 633.5985717773438 and parameters: {'gradient_clip_val': 0.745431107635967, 'hidden_size': 11, 'dropout': 0.3765399215895323, 'hidden_continuous_size': 5, 'attention_head_size': 1, 'learning_rate': 0.06881902446722658}. Best is trial 0 with value: 128.44400024414062.
LOCAL_RANK: 0 - CUDA_VISIBLE_DEVICES: [0]
[I 2023-12-27 11:27:11,401] Trial 10 finished with value: 666.4271850585938 and parameters: {'gradient_clip_val': 0.26862836243936794, 'hidden_size': 5, 'dropout': 0.4914448192411502, 'hidden_continuous_size': 5, 'attention_head_size': 4, 'learning_rate': 0.012606300171241694}. Best is trial 0 with value: 128.44400024414062.
LOCAL_RANK: 0 - CUDA_VISIBLE_DEVICES: [0]
[I 2023-12-27 11:27:11,855] Trial 11 finished with value: 800.40576171875 and parameters: {'gradient_clip_val': 0.10186296121527331, 'hidden_size': 41, 'dropout': 0.31801861610836607, 'hidden_continuous_size': 21, 'attention_head_size': 3, 'learning_rate': 0.0008461116071473597}. Best is trial 0 with value: 128.44400024414062.
LOCAL_RANK: 0 - CUDA_VISIBLE_DEVICES: [0]
[I 2023-12-27 11:27:12,587] Trial 12 finished with value: 545.5905151367188 and parameters: {'gradient_clip_val': 0.18300225476277665, 'hidden_size': 42, 'dropout': 0.33890278526752055, 'hidden_continuous_size': 18, 'attention_head_size': 3, 'learning_rate': 0.009113037333313768}. Best is trial 0 with value: 128.44400024414062.
LOCAL_RANK: 0 - CUDA_VISIBLE_DEVICES: [0]
[I 2023-12-27 11:27:13,120] Trial 13 finished with value: 754.4408569335938 and parameters: {'gradient_clip_val': 0.13912197315182862, 'hidden_size': 121, 'dropout': 0.20080579552931474, 'hidden_continuous_size': 42, 'attention_head_size': 2, 'learning_rate': 0.0009674221965345067}. Best is trial 0 with value: 128.44400024414062.
LOCAL_RANK: 0 - CUDA_VISIBLE_DEVICES: [0]
[I 2023-12-27 11:27:13,648] Trial 14 finished with value: 444.9012451171875 and parameters: {'gradient_clip_val': 0.2475501508005585, 'hidden_size': 149, 'dropout': 0.28682405051561793, 'hidden_continuous_size': 35, 'attention_head_size': 3, 'learning_rate': 0.0019683523861352696}. Best is trial 0 with value: 128.44400024414062.
LOCAL_RANK: 0 - CUDA_VISIBLE_DEVICES: [0]
[I 2023-12-27 11:27:14,129] Trial 15 finished with value: 617.97412109375 and parameters: {'gradient_clip_val': 0.1785005702723449, 'hidden_size': 20, 'dropout': 0.35998162843469855, 'hidden_continuous_size': 7, 'attention_head_size': 2, 'learning_rate': 0.0005410114084359969}. Best is trial 0 with value: 128.44400024414062.
LOCAL_RANK: 0 - CUDA_VISIBLE_DEVICES: [0]
[I 2023-12-27 11:27:14,628] Trial 16 finished with value: 620.42236328125 and parameters: {'gradient_clip_val': 0.31083495109883874, 'hidden_size': 53, 'dropout': 0.19257604109293225, 'hidden_continuous_size': 11, 'attention_head_size': 4, 'learning_rate': 0.017697684542777502}. Best is trial 0 with value: 128.44400024414062.
LOCAL_RANK: 0 - CUDA_VISIBLE_DEVICES: [0]
[I 2023-12-27 11:27:15,097] Trial 17 finished with value: 847.944580078125 and parameters: {'gradient_clip_val': 0.12883821106901766, 'hidden_size': 17, 'dropout': 0.27170300777786616, 'hidden_continuous_size': 6, 'attention_head_size': 3, 'learning_rate': 0.007371598897070066}. Best is trial 0 with value: 128.44400024414062.
LOCAL_RANK: 0 - CUDA_VISIBLE_DEVICES: [0]
[I 2023-12-27 11:27:15,573] Trial 18 finished with value: 514.0117797851562 and parameters: {'gradient_clip_val': 0.2026664420952079, 'hidden_size': 28, 'dropout': 0.3214886305709515, 'hidden_continuous_size': 9, 'attention_head_size': 2, 'learning_rate': 0.027524947892950746}. Best is trial 0 with value: 128.44400024414062.
LOCAL_RANK: 0 - CUDA_VISIBLE_DEVICES: [0]
[I 2023-12-27 11:27:16,084] Trial 19 finished with value: 727.6921997070312 and parameters: {'gradient_clip_val': 0.16578461052875976, 'hidden_size': 65, 'dropout': 0.23342859835941937, 'hidden_continuous_size': 14, 'attention_head_size': 4, 'learning_rate': 0.004256696068060002}. Best is trial 0 with value: 128.44400024414062.
LOCAL_RANK: 0 - CUDA_VISIBLE_DEVICES: [0]
[I 2023-12-27 11:27:16,559] Trial 20 finished with value: 455.8976135253906 and parameters: {'gradient_clip_val': 0.11638685431455767, 'hidden_size': 32, 'dropout': 0.16312014350871526, 'hidden_continuous_size': 9, 'attention_head_size': 3, 'learning_rate': 0.011994214696343536}. Best is trial 0 with value: 128.44400024414062.
LOCAL_RANK: 0 - CUDA_VISIBLE_DEVICES: [0]
[I 2023-12-27 11:27:17,053] Trial 21 finished with value: 534.2656860351562 and parameters: {'gradient_clip_val': 0.2555664297766206, 'hidden_size': 149, 'dropout': 0.28908321477877946, 'hidden_continuous_size': 34, 'attention_head_size': 3, 'learning_rate': 0.0018343064269348397}. Best is trial 0 with value: 128.44400024414062.
LOCAL_RANK: 0 - CUDA_VISIBLE_DEVICES: [0]
[I 2023-12-27 11:27:17,562] Trial 22 finished with value: 609.936279296875 and parameters: {'gradient_clip_val': 0.2284859293429669, 'hidden_size': 112, 'dropout': 0.2971926770787515, 'hidden_continuous_size': 30, 'attention_head_size': 3, 'learning_rate': 0.0024544655931321886}. Best is trial 0 with value: 128.44400024414062.
LOCAL_RANK: 0 - CUDA_VISIBLE_DEVICES: [0]
[I 2023-12-27 11:27:18,071] Trial 23 finished with value: 735.2745971679688 and parameters: {'gradient_clip_val': 0.1452636024383111, 'hidden_size': 149, 'dropout': 0.3888756306360071, 'hidden_continuous_size': 47, 'attention_head_size': 3, 'learning_rate': 0.005678843451081718}. Best is trial 0 with value: 128.44400024414062.
LOCAL_RANK: 0 - CUDA_VISIBLE_DEVICES: [0]
[I 2023-12-27 11:27:18,580] Trial 24 finished with value: 696.49267578125 and parameters: {'gradient_clip_val': 0.1978420280551296, 'hidden_size': 63, 'dropout': 0.27607928416248106, 'hidden_continuous_size': 24, 'attention_head_size': 2, 'learning_rate': 0.0013050730992030272}. Best is trial 0 with value: 128.44400024414062.
LOCAL_RANK: 0 - CUDA_VISIBLE_DEVICES: [0]
[I 2023-12-27 11:27:19,344] Trial 25 finished with value: 602.3224487304688 and parameters: {'gradient_clip_val': 0.3103675760891271, 'hidden_size': 67, 'dropout': 0.2326355690295712, 'hidden_continuous_size': 15, 'attention_head_size': 3, 'learning_rate': 0.001417027325364353}. Best is trial 0 with value: 128.44400024414062.
LOCAL_RANK: 0 - CUDA_VISIBLE_DEVICES: [0]
[I 2023-12-27 11:27:19,872] Trial 26 finished with value: 732.2743530273438 and parameters: {'gradient_clip_val': 0.12527961831101925, 'hidden_size': 102, 'dropout': 0.304057682290607, 'hidden_continuous_size': 55, 'attention_head_size': 4, 'learning_rate': 0.0026729682872463486}. Best is trial 0 with value: 128.44400024414062.
LOCAL_RANK: 0 - CUDA_VISIBLE_DEVICES: [0]
[I 2023-12-27 11:27:20,365] Trial 27 finished with value: 742.6642456054688 and parameters: {'gradient_clip_val': 0.1596216120049734, 'hidden_size': 73, 'dropout': 0.3434898421285598, 'hidden_continuous_size': 28, 'attention_head_size': 3, 'learning_rate': 0.002011860364027001}. Best is trial 0 with value: 128.44400024414062.
LOCAL_RANK: 0 - CUDA_VISIBLE_DEVICES: [0]
[I 2023-12-27 11:27:20,829] Trial 28 finished with value: 647.1337890625 and parameters: {'gradient_clip_val': 0.10586671881702332, 'hidden_size': 49, 'dropout': 0.2561093144786344, 'hidden_continuous_size': 25, 'attention_head_size': 2, 'learning_rate': 0.00484226218548026}. Best is trial 0 with value: 128.44400024414062.
LOCAL_RANK: 0 - CUDA_VISIBLE_DEVICES: [0]
[I 2023-12-27 11:27:21,335] Trial 29 finished with value: 615.1031494140625 and parameters: {'gradient_clip_val': 0.2676788007376774, 'hidden_size': 128, 'dropout': 0.21609906536220863, 'hidden_continuous_size': 128, 'attention_head_size': 4, 'learning_rate': 0.002875453272954183}. Best is trial 0 with value: 128.44400024414062.
LOCAL_RANK: 0 - CUDA_VISIBLE_DEVICES: [0]
[I 2023-12-27 11:27:21,832] Trial 30 finished with value: 696.462158203125 and parameters: {'gradient_clip_val': 0.13482843573676645, 'hidden_size': 80, 'dropout': 0.302267835931927, 'hidden_continuous_size': 19, 'attention_head_size': 4, 'learning_rate': 0.006152754268666343}. Best is trial 0 with value: 128.44400024414062.
LOCAL_RANK: 0 - CUDA_VISIBLE_DEVICES: [0]
[I 2023-12-27 11:27:22,325] Trial 31 finished with value: 570.0774536132812 and parameters: {'gradient_clip_val': 0.11825008848858484, 'hidden_size': 37, 'dropout': 0.17853033786916628, 'hidden_continuous_size': 10, 'attention_head_size': 3, 'learning_rate': 0.01110533003035382}. Best is trial 0 with value: 128.44400024414062.
LOCAL_RANK: 0 - CUDA_VISIBLE_DEVICES: [0]
[I 2023-12-27 11:27:22,787] Trial 32 finished with value: 668.0513305664062 and parameters: {'gradient_clip_val': 0.1571833632928085, 'hidden_size': 28, 'dropout': 0.1570599725255367, 'hidden_continuous_size': 8, 'attention_head_size': 3, 'learning_rate': 0.018320546570177527}. Best is trial 0 with value: 128.44400024414062.
LOCAL_RANK: 0 - CUDA_VISIBLE_DEVICES: [0]
[I 2023-12-27 11:27:23,290] Trial 33 finished with value: 615.4736328125 and parameters: {'gradient_clip_val': 0.10163621165703328, 'hidden_size': 55, 'dropout': 0.13291778098469123, 'hidden_continuous_size': 12, 'attention_head_size': 3, 'learning_rate': 0.007700470108874396}. Best is trial 0 with value: 128.44400024414062.
LOCAL_RANK: 0 - CUDA_VISIBLE_DEVICES: [0]
[I 2023-12-27 11:27:23,781] Trial 34 finished with value: 669.1478271484375 and parameters: {'gradient_clip_val': 0.11635327380518808, 'hidden_size': 33, 'dropout': 0.21393103224221044, 'hidden_continuous_size': 7, 'attention_head_size': 3, 'learning_rate': 0.09836819233947779}. Best is trial 0 with value: 128.44400024414062.
LOCAL_RANK: 0 - CUDA_VISIBLE_DEVICES: [0]
[I 2023-12-27 11:27:24,287] Trial 35 finished with value: 553.9729614257812 and parameters: {'gradient_clip_val': 0.12032628453432878, 'hidden_size': 95, 'dropout': 0.17350547258587862, 'hidden_continuous_size': 9, 'attention_head_size': 3, 'learning_rate': 0.0425359634379571}. Best is trial 0 with value: 128.44400024414062.
LOCAL_RANK: 0 - CUDA_VISIBLE_DEVICES: [0]
[I 2023-12-27 11:27:24,777] Trial 36 finished with value: 638.7080688476562 and parameters: {'gradient_clip_val': 0.14010246845720065, 'hidden_size': 50, 'dropout': 0.135275227800158, 'hidden_continuous_size': 6, 'attention_head_size': 3, 'learning_rate': 0.004984456379647091}. Best is trial 0 with value: 128.44400024414062.
LOCAL_RANK: 0 - CUDA_VISIBLE_DEVICES: [0]
[I 2023-12-27 11:27:25,267] Trial 37 finished with value: 634.4901733398438 and parameters: {'gradient_clip_val': 0.35427202088790305, 'hidden_size': 77, 'dropout': 0.241476811965725, 'hidden_continuous_size': 15, 'attention_head_size': 2, 'learning_rate': 0.0037088997102605187}. Best is trial 0 with value: 128.44400024414062.
LOCAL_RANK: 0 - CUDA_VISIBLE_DEVICES: [0]
[I 2023-12-27 11:27:26,054] Trial 38 finished with value: 703.7120971679688 and parameters: {'gradient_clip_val': 0.1721070239513605, 'hidden_size': 108, 'dropout': 0.10626529277820171, 'hidden_continuous_size': 37, 'attention_head_size': 4, 'learning_rate': 0.03162029654313616}. Best is trial 0 with value: 128.44400024414062.
LOCAL_RANK: 0 - CUDA_VISIBLE_DEVICES: [0]
[I 2023-12-27 11:27:26,541] Trial 39 finished with value: 664.178955078125 and parameters: {'gradient_clip_val': 0.1525851556554997, 'hidden_size': 14, 'dropout': 0.2512065651238812, 'hidden_continuous_size': 7, 'attention_head_size': 3, 'learning_rate': 0.015386996603015752}. Best is trial 0 with value: 128.44400024414062.
LOCAL_RANK: 0 - CUDA_VISIBLE_DEVICES: [0]
[I 2023-12-27 11:27:27,017] Trial 40 finished with value: 688.8882446289062 and parameters: {'gradient_clip_val': 0.20003594931720586, 'hidden_size': 22, 'dropout': 0.1821334759036414, 'hidden_continuous_size': 12, 'attention_head_size': 1, 'learning_rate': 0.008356189096683364}. Best is trial 0 with value: 128.44400024414062.
LOCAL_RANK: 0 - CUDA_VISIBLE_DEVICES: [0]
[I 2023-12-27 11:27:27,509] Trial 41 finished with value: 583.1834716796875 and parameters: {'gradient_clip_val': 0.5570434910554253, 'hidden_size': 89, 'dropout': 0.2752522768868303, 'hidden_continuous_size': 9, 'attention_head_size': 2, 'learning_rate': 0.0665921209232057}. Best is trial 0 with value: 128.44400024414062.
LOCAL_RANK: 0 - CUDA_VISIBLE_DEVICES: [0]
[I 2023-12-27 11:27:27,977] Trial 42 finished with value: 661.1590576171875 and parameters: {'gradient_clip_val': 0.3638137259571775, 'hidden_size': 7, 'dropout': 0.20058883562117086, 'hidden_continuous_size': 5, 'attention_head_size': 2, 'learning_rate': 0.037051644780271294}. Best is trial 0 with value: 128.44400024414062.
LOCAL_RANK: 0 - CUDA_VISIBLE_DEVICES: [0]
[I 2023-12-27 11:27:28,484] Trial 43 finished with value: 675.791748046875 and parameters: {'gradient_clip_val': 0.23017606516243005, 'hidden_size': 124, 'dropout': 0.2199691286889055, 'hidden_continuous_size': 21, 'attention_head_size': 2, 'learning_rate': 0.05465037389904587}. Best is trial 0 with value: 128.44400024414062.
LOCAL_RANK: 0 - CUDA_VISIBLE_DEVICES: [0]
[I 2023-12-27 11:27:28,984] Trial 44 finished with value: 805.458984375 and parameters: {'gradient_clip_val': 0.11178265259433112, 'hidden_size': 100, 'dropout': 0.255257666694862, 'hidden_continuous_size': 6, 'attention_head_size': 3, 'learning_rate': 0.02110997549156206}. Best is trial 0 with value: 128.44400024414062.
LOCAL_RANK: 0 - CUDA_VISIBLE_DEVICES: [0]
[I 2023-12-27 11:27:29,490] Trial 45 finished with value: 825.1989135742188 and parameters: {'gradient_clip_val': 0.4469235076832796, 'hidden_size': 86, 'dropout': 0.1655449456402457, 'hidden_continuous_size': 8, 'attention_head_size': 3, 'learning_rate': 0.024614135694055978}. Best is trial 0 with value: 128.44400024414062.
LOCAL_RANK: 0 - CUDA_VISIBLE_DEVICES: [0]
[I 2023-12-27 11:27:29,938] Trial 46 finished with value: 818.1526489257812 and parameters: {'gradient_clip_val': 0.1016166432839182, 'hidden_size': 11, 'dropout': 0.13384299867922758, 'hidden_continuous_size': 8, 'attention_head_size': 1, 'learning_rate': 0.01216019809393619}. Best is trial 0 with value: 128.44400024414062.
LOCAL_RANK: 0 - CUDA_VISIBLE_DEVICES: [0]
[I 2023-12-27 11:27:30,424] Trial 47 finished with value: 650.23291015625 and parameters: {'gradient_clip_val': 0.1277465657678947, 'hidden_size': 34, 'dropout': 0.19188787394085402, 'hidden_continuous_size': 11, 'attention_head_size': 2, 'learning_rate': 0.03247237079190169}. Best is trial 0 with value: 128.44400024414062.
LOCAL_RANK: 0 - CUDA_VISIBLE_DEVICES: [0]
[I 2023-12-27 11:27:30,899] Trial 48 finished with value: 574.764404296875 and parameters: {'gradient_clip_val': 0.25014410588857294, 'hidden_size': 8, 'dropout': 0.3266028257220068, 'hidden_continuous_size': 6, 'attention_head_size': 3, 'learning_rate': 0.05460943507987281}. Best is trial 0 with value: 128.44400024414062.
LOCAL_RANK: 0 - CUDA_VISIBLE_DEVICES: [0]
[I 2023-12-27 11:27:31,370] Trial 49 finished with value: 778.190185546875 and parameters: {'gradient_clip_val': 0.18369464498651153, 'hidden_size': 41, 'dropout': 0.266234669436308, 'hidden_continuous_size': 16, 'attention_head_size': 2, 'learning_rate': 0.0761365624582917}. Best is trial 0 with value: 128.44400024414062.
[I 2023-12-27 11:27:31,498] A new study created in memory with name: no-name-f0b372a3-a06f-4985-8344-ce481d986339
/home/le004/conda/anaconda3/envs/tsff_env/lib/python3.9/site-packages/lightning/fabric/plugins/environments/slurm.py:191: The `srun` command is available on your system but is not used. HINT: If your intention is to run Lightning on SLURM, prepend your python command with `srun` like so: srun python /home/le004/master_thesis/git/TSFusionForecast/code/ ...
LOCAL_RANK: 0 - CUDA_VISIBLE_DEVICES: [0]
[I 2023-12-27 11:27:49,206] Trial 0 finished with value: 308.2000732421875 and parameters: {'gradient_clip_val': 0.13897713287642105, 'hidden_size': 73, 'dropout': 0.4888381038421845, 'hidden_continuous_size': 60, 'attention_head_size': 2, 'learning_rate': 0.03533092364518206}. Best is trial 0 with value: 308.2000732421875.
LOCAL_RANK: 0 - CUDA_VISIBLE_DEVICES: [0]
[I 2023-12-27 11:27:49,638] Trial 1 finished with value: 1328.1505126953125 and parameters: {'gradient_clip_val': 0.16608607938326156, 'hidden_size': 22, 'dropout': 0.3246555007823404, 'hidden_continuous_size': 6, 'attention_head_size': 3, 'learning_rate': 0.0037974919461452434}. Best is trial 0 with value: 308.2000732421875.
LOCAL_RANK: 0 - CUDA_VISIBLE_DEVICES: [0]
[I 2023-12-27 11:27:50,114] Trial 2 finished with value: 1060.1258544921875 and parameters: {'gradient_clip_val': 0.5446421920639408, 'hidden_size': 114, 'dropout': 0.4117414480109729, 'hidden_continuous_size': 8, 'attention_head_size': 2, 'learning_rate': 0.022308522613823552}. Best is trial 0 with value: 308.2000732421875.
LOCAL_RANK: 0 - CUDA_VISIBLE_DEVICES: [0]
[I 2023-12-27 11:27:50,569] Trial 3 finished with value: 1153.978515625 and parameters: {'gradient_clip_val': 0.22611526266134852, 'hidden_size': 12, 'dropout': 0.31485747516426055, 'hidden_continuous_size': 8, 'attention_head_size': 4, 'learning_rate': 0.007544478120390036}. Best is trial 0 with value: 308.2000732421875.
LOCAL_RANK: 0 - CUDA_VISIBLE_DEVICES: [0]
[I 2023-12-27 11:27:51,017] Trial 4 finished with value: 909.3566284179688 and parameters: {'gradient_clip_val': 0.195861137618753, 'hidden_size': 49, 'dropout': 0.24401730997588755, 'hidden_continuous_size': 29, 'attention_head_size': 2, 'learning_rate': 0.0010964897185890344}. Best is trial 0 with value: 308.2000732421875.
LOCAL_RANK: 0 - CUDA_VISIBLE_DEVICES: [0]
