[I 2023-12-27 11:08:28,944] Trial 8 finished with value: 45.8856201171875 and parameters: {'gradient_clip_val': 0.17300080837539533, 'hidden_size': 7, 'dropout': 0.16746490007047188, 'hidden_continuous_size': 5, 'attention_head_size': 1, 'learning_rate': 0.047987157608522395}. Best is trial 0 with value: 11.423380851745605.
LOCAL_RANK: 0 - CUDA_VISIBLE_DEVICES: [0]
[I 2023-12-27 11:08:29,424] Trial 9 finished with value: 52.799407958984375 and parameters: {'gradient_clip_val': 0.48185088655897756, 'hidden_size': 27, 'dropout': 0.2964656497883218, 'hidden_continuous_size': 19, 'attention_head_size': 3, 'learning_rate': 0.008617683014062464}. Best is trial 0 with value: 11.423380851745605.
LOCAL_RANK: 0 - CUDA_VISIBLE_DEVICES: [0]
[I 2023-12-27 11:08:29,837] Trial 10 finished with value: 65.45006561279297 and parameters: {'gradient_clip_val': 0.10475731750512786, 'hidden_size': 5, 'dropout': 0.10122959984520653, 'hidden_continuous_size': 5, 'attention_head_size': 4, 'learning_rate': 0.07724978207094704}. Best is trial 0 with value: 11.423380851745605.
LOCAL_RANK: 0 - CUDA_VISIBLE_DEVICES: [0]
[I 2023-12-27 11:08:30,243] Trial 11 finished with value: 53.05196762084961 and parameters: {'gradient_clip_val': 0.16060041821045, 'hidden_size': 5, 'dropout': 0.11093348124480903, 'hidden_continuous_size': 5, 'attention_head_size': 3, 'learning_rate': 0.028464825204386975}. Best is trial 0 with value: 11.423380851745605.
LOCAL_RANK: 0 - CUDA_VISIBLE_DEVICES: [0]
[I 2023-12-27 11:08:30,717] Trial 12 finished with value: 74.21454620361328 and parameters: {'gradient_clip_val': 0.15646410538008226, 'hidden_size': 9, 'dropout': 0.15163591856918782, 'hidden_continuous_size': 6, 'attention_head_size': 3, 'learning_rate': 0.02080275238041425}. Best is trial 0 with value: 11.423380851745605.
LOCAL_RANK: 0 - CUDA_VISIBLE_DEVICES: [0]
[I 2023-12-27 11:08:31,182] Trial 13 finished with value: 45.1527099609375 and parameters: {'gradient_clip_val': 0.2121889530764857, 'hidden_size': 8, 'dropout': 0.15746254168630397, 'hidden_continuous_size': 5, 'attention_head_size': 2, 'learning_rate': 0.09908045908854307}. Best is trial 0 with value: 11.423380851745605.
LOCAL_RANK: 0 - CUDA_VISIBLE_DEVICES: [0]
[I 2023-12-27 11:08:31,661] Trial 14 finished with value: 52.96175003051758 and parameters: {'gradient_clip_val': 0.30676420114396674, 'hidden_size': 10, 'dropout': 0.13640801424012555, 'hidden_continuous_size': 6, 'attention_head_size': 2, 'learning_rate': 0.0972395257381437}. Best is trial 0 with value: 11.423380851745605.
LOCAL_RANK: 0 - CUDA_VISIBLE_DEVICES: [0]
[I 2023-12-27 11:08:32,146] Trial 15 finished with value: 50.69721984863281 and parameters: {'gradient_clip_val': 0.12237853655615784, 'hidden_size': 13, 'dropout': 0.10220308378055722, 'hidden_continuous_size': 7, 'attention_head_size': 4, 'learning_rate': 0.04755554272728612}. Best is trial 0 with value: 11.423380851745605.
LOCAL_RANK: 0 - CUDA_VISIBLE_DEVICES: [0]
[I 2023-12-27 11:08:32,560] Trial 16 finished with value: 62.71242904663086 and parameters: {'gradient_clip_val': 0.23458561077193135, 'hidden_size': 5, 'dropout': 0.16801798251826952, 'hidden_continuous_size': 5, 'attention_head_size': 3, 'learning_rate': 0.013347371181579238}. Best is trial 0 with value: 11.423380851745605.
LOCAL_RANK: 0 - CUDA_VISIBLE_DEVICES: [0]
[I 2023-12-27 11:08:33,007] Trial 17 finished with value: 52.5013542175293 and parameters: {'gradient_clip_val': 0.1272047313933102, 'hidden_size': 8, 'dropout': 0.25642485686743194, 'hidden_continuous_size': 5, 'attention_head_size': 2, 'learning_rate': 0.015613692668309523}. Best is trial 0 with value: 11.423380851745605.
LOCAL_RANK: 0 - CUDA_VISIBLE_DEVICES: [0]
[I 2023-12-27 11:08:33,485] Trial 18 finished with value: 62.15199279785156 and parameters: {'gradient_clip_val': 0.19968221224713295, 'hidden_size': 13, 'dropout': 0.17814730712161095, 'hidden_continuous_size': 6, 'attention_head_size': 4, 'learning_rate': 0.05135349358953261}. Best is trial 0 with value: 11.423380851745605.
LOCAL_RANK: 0 - CUDA_VISIBLE_DEVICES: [0]
[I 2023-12-27 11:08:33,950] Trial 19 finished with value: 50.31418991088867 and parameters: {'gradient_clip_val': 0.2566312591887855, 'hidden_size': 7, 'dropout': 0.13940038638294402, 'hidden_continuous_size': 5, 'attention_head_size': 3, 'learning_rate': 0.09890689650202555}. Best is trial 0 with value: 11.423380851745605.
LOCAL_RANK: 0 - CUDA_VISIBLE_DEVICES: [0]
[I 2023-12-27 11:08:34,669] Trial 20 finished with value: 72.56415557861328 and parameters: {'gradient_clip_val': 0.18781867013867587, 'hidden_size': 6, 'dropout': 0.27581106758416885, 'hidden_continuous_size': 5, 'attention_head_size': 2, 'learning_rate': 0.009928092391312315}. Best is trial 0 with value: 11.423380851745605.
LOCAL_RANK: 0 - CUDA_VISIBLE_DEVICES: [0]
[I 2023-12-27 11:08:35,215] Trial 21 finished with value: 67.5708236694336 and parameters: {'gradient_clip_val': 0.17591692508528603, 'hidden_size': 7, 'dropout': 0.17852119371276906, 'hidden_continuous_size': 5, 'attention_head_size': 1, 'learning_rate': 0.04469438294291636}. Best is trial 0 with value: 11.423380851745605.
LOCAL_RANK: 0 - CUDA_VISIBLE_DEVICES: [0]
[I 2023-12-27 11:08:35,765] Trial 22 finished with value: 58.01995849609375 and parameters: {'gradient_clip_val': 0.135504950583134, 'hidden_size': 11, 'dropout': 0.20193888779882163, 'hidden_continuous_size': 6, 'attention_head_size': 2, 'learning_rate': 0.061435916294185544}. Best is trial 0 with value: 11.423380851745605.
LOCAL_RANK: 0 - CUDA_VISIBLE_DEVICES: [0]
[I 2023-12-27 11:08:36,274] Trial 23 finished with value: 74.4879379272461 and parameters: {'gradient_clip_val': 0.16888876148783633, 'hidden_size': 7, 'dropout': 0.13497500619629244, 'hidden_continuous_size': 5, 'attention_head_size': 1, 'learning_rate': 0.03317072051324355}. Best is trial 0 with value: 11.423380851745605.
LOCAL_RANK: 0 - CUDA_VISIBLE_DEVICES: [0]
[I 2023-12-27 11:08:36,742] Trial 24 finished with value: 49.7886962890625 and parameters: {'gradient_clip_val': 0.19391627726210023, 'hidden_size': 5, 'dropout': 0.16309105406802712, 'hidden_continuous_size': 5, 'attention_head_size': 2, 'learning_rate': 0.06844272441826539}. Best is trial 0 with value: 11.423380851745605.
LOCAL_RANK: 0 - CUDA_VISIBLE_DEVICES: [0]
[I 2023-12-27 11:08:37,268] Trial 25 finished with value: 98.16414642333984 and parameters: {'gradient_clip_val': 0.1283229953881427, 'hidden_size': 8, 'dropout': 0.201387476593889, 'hidden_continuous_size': 5, 'attention_head_size': 3, 'learning_rate': 0.020641544319265414}. Best is trial 0 with value: 11.423380851745605.
LOCAL_RANK: 0 - CUDA_VISIBLE_DEVICES: [0]
[I 2023-12-27 11:08:37,819] Trial 26 finished with value: 67.69835662841797 and parameters: {'gradient_clip_val': 0.25208063610393966, 'hidden_size': 12, 'dropout': 0.23922858051842072, 'hidden_continuous_size': 6, 'attention_head_size': 1, 'learning_rate': 0.03450916794227423}. Best is trial 0 with value: 11.423380851745605.
LOCAL_RANK: 0 - CUDA_VISIBLE_DEVICES: [0]
[I 2023-12-27 11:08:38,348] Trial 27 finished with value: 45.83024597167969 and parameters: {'gradient_clip_val': 0.14386798594135175, 'hidden_size': 6, 'dropout': 0.15537523552334567, 'hidden_continuous_size': 5, 'attention_head_size': 4, 'learning_rate': 0.06424036857476047}. Best is trial 0 with value: 11.423380851745605.
LOCAL_RANK: 0 - CUDA_VISIBLE_DEVICES: [0]
[I 2023-12-27 11:08:38,865] Trial 28 finished with value: 47.37431716918945 and parameters: {'gradient_clip_val': 0.14216849632069567, 'hidden_size': 6, 'dropout': 0.12951827543979216, 'hidden_continuous_size': 5, 'attention_head_size': 4, 'learning_rate': 0.07303935770336481}. Best is trial 0 with value: 11.423380851745605.
LOCAL_RANK: 0 - CUDA_VISIBLE_DEVICES: [0]
[I 2023-12-27 11:08:39,431] Trial 29 finished with value: 82.01705169677734 and parameters: {'gradient_clip_val': 0.20942096819486328, 'hidden_size': 16, 'dropout': 0.34939513160690205, 'hidden_continuous_size': 7, 'attention_head_size': 4, 'learning_rate': 0.09208162521568179}. Best is trial 0 with value: 11.423380851745605.
LOCAL_RANK: 0 - CUDA_VISIBLE_DEVICES: [0]
[I 2023-12-27 11:08:39,962] Trial 30 finished with value: 62.28488540649414 and parameters: {'gradient_clip_val': 0.11620062670053449, 'hidden_size': 9, 'dropout': 0.2051612611742911, 'hidden_continuous_size': 6, 'attention_head_size': 4, 'learning_rate': 0.051520173732140254}. Best is trial 0 with value: 11.423380851745605.
LOCAL_RANK: 0 - CUDA_VISIBLE_DEVICES: [0]
[I 2023-12-27 11:08:40,472] Trial 31 finished with value: 66.7859878540039 and parameters: {'gradient_clip_val': 0.10261684658535745, 'hidden_size': 6, 'dropout': 0.15883782870948235, 'hidden_continuous_size': 5, 'attention_head_size': 3, 'learning_rate': 0.04204018250463819}. Best is trial 0 with value: 11.423380851745605.
LOCAL_RANK: 0 - CUDA_VISIBLE_DEVICES: [0]
[I 2023-12-27 11:08:40,980] Trial 32 finished with value: 56.37495422363281 and parameters: {'gradient_clip_val': 0.163655137372813, 'hidden_size': 9, 'dropout': 0.18277557831223815, 'hidden_continuous_size': 5, 'attention_head_size': 4, 'learning_rate': 0.06325599486709588}. Best is trial 0 with value: 11.423380851745605.
LOCAL_RANK: 0 - CUDA_VISIBLE_DEVICES: [0]
[I 2023-12-27 11:08:41,784] Trial 33 finished with value: 73.96797943115234 and parameters: {'gradient_clip_val': 0.14433222790495098, 'hidden_size': 6, 'dropout': 0.12419501952294602, 'hidden_continuous_size': 5, 'attention_head_size': 4, 'learning_rate': 0.060244394807635666}. Best is trial 0 with value: 11.423380851745605.
LOCAL_RANK: 0 - CUDA_VISIBLE_DEVICES: [0]
[I 2023-12-27 11:08:42,263] Trial 34 finished with value: 54.53797912597656 and parameters: {'gradient_clip_val': 0.17138756326939572, 'hidden_size': 11, 'dropout': 0.155913229980151, 'hidden_continuous_size': 8, 'attention_head_size': 1, 'learning_rate': 0.026415621447989052}. Best is trial 0 with value: 11.423380851745605.
LOCAL_RANK: 0 - CUDA_VISIBLE_DEVICES: [0]
[I 2023-12-27 11:08:42,706] Trial 35 finished with value: 59.38089370727539 and parameters: {'gradient_clip_val': 0.22126341068837488, 'hidden_size': 7, 'dropout': 0.21509502782570275, 'hidden_continuous_size': 5, 'attention_head_size': 2, 'learning_rate': 0.04053868250900382}. Best is trial 0 with value: 11.423380851745605.
LOCAL_RANK: 0 - CUDA_VISIBLE_DEVICES: [0]
[I 2023-12-27 11:08:43,106] Trial 36 finished with value: 71.73159790039062 and parameters: {'gradient_clip_val': 0.14348187293625836, 'hidden_size': 5, 'dropout': 0.22461577019451157, 'hidden_continuous_size': 5, 'attention_head_size': 3, 'learning_rate': 0.03629963042380804}. Best is trial 0 with value: 11.423380851745605.
LOCAL_RANK: 0 - CUDA_VISIBLE_DEVICES: [0]
[I 2023-12-27 11:08:43,563] Trial 37 finished with value: 65.20687866210938 and parameters: {'gradient_clip_val': 0.11209754223090625, 'hidden_size': 16, 'dropout': 0.1180637601610969, 'hidden_continuous_size': 8, 'attention_head_size': 1, 'learning_rate': 0.0762129273108664}. Best is trial 0 with value: 11.423380851745605.
LOCAL_RANK: 0 - CUDA_VISIBLE_DEVICES: [0]
[I 2023-12-27 11:08:44,007] Trial 38 finished with value: 40.349849700927734 and parameters: {'gradient_clip_val': 0.1914184312690856, 'hidden_size': 8, 'dropout': 0.19059197764889232, 'hidden_continuous_size': 5, 'attention_head_size': 1, 'learning_rate': 0.023591550088379147}. Best is trial 0 with value: 11.423380851745605.
LOCAL_RANK: 0 - CUDA_VISIBLE_DEVICES: [0]
[I 2023-12-27 11:08:44,459] Trial 39 finished with value: 77.95527648925781 and parameters: {'gradient_clip_val': 0.19087433444534221, 'hidden_size': 10, 'dropout': 0.1943125762361026, 'hidden_continuous_size': 6, 'attention_head_size': 2, 'learning_rate': 0.02683398230714863}. Best is trial 0 with value: 11.423380851745605.
LOCAL_RANK: 0 - CUDA_VISIBLE_DEVICES: [0]
[I 2023-12-27 11:08:44,892] Trial 40 finished with value: 61.20866775512695 and parameters: {'gradient_clip_val': 0.25495560453128796, 'hidden_size': 8, 'dropout': 0.14987003488721864, 'hidden_continuous_size': 5, 'attention_head_size': 4, 'learning_rate': 0.005881498137942894}. Best is trial 0 with value: 11.423380851745605.
LOCAL_RANK: 0 - CUDA_VISIBLE_DEVICES: [0]
[I 2023-12-27 11:08:45,326] Trial 41 finished with value: 45.553218841552734 and parameters: {'gradient_clip_val': 0.154360870932297, 'hidden_size': 6, 'dropout': 0.17542278214977786, 'hidden_continuous_size': 5, 'attention_head_size': 1, 'learning_rate': 0.02159481588811041}. Best is trial 0 with value: 11.423380851745605.
LOCAL_RANK: 0 - CUDA_VISIBLE_DEVICES: [0]
[I 2023-12-27 11:08:45,768] Trial 42 finished with value: 44.655242919921875 and parameters: {'gradient_clip_val': 0.15019375831190226, 'hidden_size': 6, 'dropout': 0.1888954886417208, 'hidden_continuous_size': 5, 'attention_head_size': 1, 'learning_rate': 0.020804120428457352}. Best is trial 0 with value: 11.423380851745605.
LOCAL_RANK: 0 - CUDA_VISIBLE_DEVICES: [0]
[I 2023-12-27 11:08:46,161] Trial 43 finished with value: 48.47416305541992 and parameters: {'gradient_clip_val': 0.15561041055227226, 'hidden_size': 5, 'dropout': 0.18877941596126122, 'hidden_continuous_size': 5, 'attention_head_size': 1, 'learning_rate': 0.020977878741108794}. Best is trial 0 with value: 11.423380851745605.
LOCAL_RANK: 0 - CUDA_VISIBLE_DEVICES: [0]
[I 2023-12-27 11:08:46,594] Trial 44 finished with value: 69.7613754272461 and parameters: {'gradient_clip_val': 0.12476080483846116, 'hidden_size': 8, 'dropout': 0.23886241472610115, 'hidden_continuous_size': 5, 'attention_head_size': 1, 'learning_rate': 0.014054004572921046}. Best is trial 0 with value: 11.423380851745605.
LOCAL_RANK: 0 - CUDA_VISIBLE_DEVICES: [0]
[I 2023-12-27 11:08:47,023] Trial 45 finished with value: 60.565128326416016 and parameters: {'gradient_clip_val': 0.1811134645697299, 'hidden_size': 6, 'dropout': 0.22304333092090803, 'hidden_continuous_size': 5, 'attention_head_size': 1, 'learning_rate': 0.009534486223899604}. Best is trial 0 with value: 11.423380851745605.
LOCAL_RANK: 0 - CUDA_VISIBLE_DEVICES: [0]
[I 2023-12-27 11:08:47,766] Trial 46 finished with value: 67.9316635131836 and parameters: {'gradient_clip_val': 0.2088636262318743, 'hidden_size': 33, 'dropout': 0.18158969987089177, 'hidden_continuous_size': 10, 'attention_head_size': 1, 'learning_rate': 0.017397471212090745}. Best is trial 0 with value: 11.423380851745605.
LOCAL_RANK: 0 - CUDA_VISIBLE_DEVICES: [0]
[I 2023-12-27 11:08:48,244] Trial 47 finished with value: 45.40737533569336 and parameters: {'gradient_clip_val': 0.15625190239778755, 'hidden_size': 15, 'dropout': 0.11775781331736807, 'hidden_continuous_size': 7, 'attention_head_size': 1, 'learning_rate': 0.024346828988030374}. Best is trial 0 with value: 11.423380851745605.
LOCAL_RANK: 0 - CUDA_VISIBLE_DEVICES: [0]
[I 2023-12-27 11:08:48,700] Trial 48 finished with value: 52.875 and parameters: {'gradient_clip_val': 0.23047367366398552, 'hidden_size': 15, 'dropout': 0.10959601039763478, 'hidden_continuous_size': 7, 'attention_head_size': 2, 'learning_rate': 0.01196256289496261}. Best is trial 0 with value: 11.423380851745605.
LOCAL_RANK: 0 - CUDA_VISIBLE_DEVICES: [0]
[I 2023-12-27 11:08:49,137] Trial 49 finished with value: 53.47959518432617 and parameters: {'gradient_clip_val': 0.11197639537105908, 'hidden_size': 10, 'dropout': 0.10017456272992534, 'hidden_continuous_size': 6, 'attention_head_size': 1, 'learning_rate': 0.029416022456178602}. Best is trial 0 with value: 11.423380851745605.
[I 2023-12-27 11:08:49,266] A new study created in memory with name: no-name-d729b964-7fff-4216-818e-3c6296e245dc
/home/le004/conda/anaconda3/envs/tsff_env/lib/python3.9/site-packages/lightning/fabric/plugins/environments/slurm.py:191: The `srun` command is available on your system but is not used. HINT: If your intention is to run Lightning on SLURM, prepend your python command with `srun` like so: srun python /home/le004/master_thesis/git/TSFusionForecast/code/ ...
LOCAL_RANK: 0 - CUDA_VISIBLE_DEVICES: [0]
[I 2023-12-27 11:09:07,972] Trial 0 finished with value: 298.3537902832031 and parameters: {'gradient_clip_val': 0.15551295295965895, 'hidden_size': 137, 'dropout': 0.20081206860540332, 'hidden_continuous_size': 20, 'attention_head_size': 4, 'learning_rate': 0.0022726774631474417}. Best is trial 0 with value: 298.3537902832031.
LOCAL_RANK: 0 - CUDA_VISIBLE_DEVICES: [0]
[I 2023-12-27 11:09:08,436] Trial 1 finished with value: 492.9822692871094 and parameters: {'gradient_clip_val': 0.7300127377072041, 'hidden_size': 104, 'dropout': 0.21904031946756244, 'hidden_continuous_size': 5, 'attention_head_size': 1, 'learning_rate': 0.02887975554765925}. Best is trial 0 with value: 298.3537902832031.
LOCAL_RANK: 0 - CUDA_VISIBLE_DEVICES: [0]
[I 2023-12-27 11:09:08,877] Trial 2 finished with value: 557.0236206054688 and parameters: {'gradient_clip_val': 0.3193280252955883, 'hidden_size': 19, 'dropout': 0.2391467178060098, 'hidden_continuous_size': 13, 'attention_head_size': 2, 'learning_rate': 0.006757454431349133}. Best is trial 0 with value: 298.3537902832031.
LOCAL_RANK: 0 - CUDA_VISIBLE_DEVICES: [0]
[I 2023-12-27 11:09:09,364] Trial 3 finished with value: 488.687255859375 and parameters: {'gradient_clip_val': 0.3053127787485168, 'hidden_size': 150, 'dropout': 0.2430471658647192, 'hidden_continuous_size': 17, 'attention_head_size': 1, 'learning_rate': 0.025341960331603342}. Best is trial 0 with value: 298.3537902832031.
LOCAL_RANK: 0 - CUDA_VISIBLE_DEVICES: [0]
[I 2023-12-27 11:09:09,819] Trial 4 finished with value: 616.6640625 and parameters: {'gradient_clip_val': 0.1401754160277947, 'hidden_size': 43, 'dropout': 0.28885907764698293, 'hidden_continuous_size': 33, 'attention_head_size': 1, 'learning_rate': 0.0025228546234591595}. Best is trial 0 with value: 298.3537902832031.
LOCAL_RANK: 0 - CUDA_VISIBLE_DEVICES: [0]
[I 2023-12-27 11:09:10,204] Trial 5 finished with value: 585.2886352539062 and parameters: {'gradient_clip_val': 0.5431896661416573, 'hidden_size': 13, 'dropout': 0.2014682710405003, 'hidden_continuous_size': 13, 'attention_head_size': 4, 'learning_rate': 0.0008403472375436475}. Best is trial 0 with value: 298.3537902832031.
LOCAL_RANK: 0 - CUDA_VISIBLE_DEVICES: [0]
[I 2023-12-27 11:09:10,658] Trial 6 finished with value: 576.1083984375 and parameters: {'gradient_clip_val': 0.7626770501882044, 'hidden_size': 30, 'dropout': 0.47842968864216806, 'hidden_continuous_size': 8, 'attention_head_size': 3, 'learning_rate': 0.0031166349412653106}. Best is trial 0 with value: 298.3537902832031.
LOCAL_RANK: 0 - CUDA_VISIBLE_DEVICES: [0]
[I 2023-12-27 11:09:11,050] Trial 7 finished with value: 487.1164245605469 and parameters: {'gradient_clip_val': 0.5038651118827444, 'hidden_size': 19, 'dropout': 0.10869074020532006, 'hidden_continuous_size': 19, 'attention_head_size': 3, 'learning_rate': 0.0016473614477820401}. Best is trial 0 with value: 298.3537902832031.
LOCAL_RANK: 0 - CUDA_VISIBLE_DEVICES: [0]
[I 2023-12-27 11:09:11,710] Trial 8 finished with value: 475.0951843261719 and parameters: {'gradient_clip_val': 0.8835577976866716, 'hidden_size': 5, 'dropout': 0.4825513121981365, 'hidden_continuous_size': 5, 'attention_head_size': 4, 'learning_rate': 0.006600087544966368}. Best is trial 0 with value: 298.3537902832031.
LOCAL_RANK: 0 - CUDA_VISIBLE_DEVICES: [0]
[I 2023-12-27 11:09:12,130] Trial 9 finished with value: 453.7307434082031 and parameters: {'gradient_clip_val': 0.23852348396567713, 'hidden_size': 8, 'dropout': 0.491265001420214, 'hidden_continuous_size': 6, 'attention_head_size': 1, 'learning_rate': 0.0022252871880478185}. Best is trial 0 with value: 298.3537902832031.
LOCAL_RANK: 0 - CUDA_VISIBLE_DEVICES: [0]
[I 2023-12-27 11:09:12,663] Trial 10 finished with value: 546.1904907226562 and parameters: {'gradient_clip_val': 0.10944926051464995, 'hidden_size': 62, 'dropout': 0.3483149589952127, 'hidden_continuous_size': 59, 'attention_head_size': 4, 'learning_rate': 0.0005253802899766257}. Best is trial 0 with value: 298.3537902832031.
LOCAL_RANK: 0 - CUDA_VISIBLE_DEVICES: [0]
[I 2023-12-27 11:09:13,101] Trial 11 finished with value: 575.046875 and parameters: {'gradient_clip_val': 0.1832033987139415, 'hidden_size': 9, 'dropout': 0.3877028074318897, 'hidden_continuous_size': 6, 'attention_head_size': 2, 'learning_rate': 0.0013704646051883483}. Best is trial 0 with value: 298.3537902832031.
LOCAL_RANK: 0 - CUDA_VISIBLE_DEVICES: [0]
[I 2023-12-27 11:09:13,590] Trial 12 finished with value: 524.537841796875 and parameters: {'gradient_clip_val': 0.173108308776337, 'hidden_size': 66, 'dropout': 0.40492329904670044, 'hidden_continuous_size': 10, 'attention_head_size': 2, 'learning_rate': 0.0036165562061126286}. Best is trial 0 with value: 298.3537902832031.
LOCAL_RANK: 0 - CUDA_VISIBLE_DEVICES: [0]
[I 2023-12-27 11:09:13,982] Trial 13 finished with value: 545.6657104492188 and parameters: {'gradient_clip_val': 0.2365382374789721, 'hidden_size': 5, 'dropout': 0.49876022712542456, 'hidden_continuous_size': 5, 'attention_head_size': 3, 'learning_rate': 0.013689298889201553}. Best is trial 0 with value: 298.3537902832031.
LOCAL_RANK: 0 - CUDA_VISIBLE_DEVICES: [0]
[I 2023-12-27 11:09:14,460] Trial 14 finished with value: 513.9688110351562 and parameters: {'gradient_clip_val': 0.12285371233042174, 'hidden_size': 35, 'dropout': 0.4271425855407159, 'hidden_continuous_size': 7, 'attention_head_size': 2, 'learning_rate': 0.09543708408424975}. Best is trial 0 with value: 298.3537902832031.
LOCAL_RANK: 0 - CUDA_VISIBLE_DEVICES: [0]
[I 2023-12-27 11:09:14,909] Trial 15 finished with value: 521.0110473632812 and parameters: {'gradient_clip_val': 0.10216221665638611, 'hidden_size': 9, 'dropout': 0.32558330359265963, 'hidden_continuous_size': 6, 'attention_head_size': 3, 'learning_rate': 0.001162247540488946}. Best is trial 0 with value: 298.3537902832031.
LOCAL_RANK: 0 - CUDA_VISIBLE_DEVICES: [0]
