[I 2023-12-27 11:06:20,536] Trial 43 finished with value: 36.06056594848633 and parameters: {'gradient_clip_val': 0.3255287726510544, 'hidden_size': 9, 'dropout': 0.21454331579683258, 'hidden_continuous_size': 6, 'attention_head_size': 4, 'learning_rate': 0.023626177269694952}. Best is trial 1 with value: 6.572447299957275.
LOCAL_RANK: 0 - CUDA_VISIBLE_DEVICES: [0]
[I 2023-12-27 11:06:20,982] Trial 44 finished with value: 33.302337646484375 and parameters: {'gradient_clip_val': 0.2927850584998892, 'hidden_size': 6, 'dropout': 0.14634584749849158, 'hidden_continuous_size': 5, 'attention_head_size': 4, 'learning_rate': 0.007129621476212739}. Best is trial 1 with value: 6.572447299957275.
LOCAL_RANK: 0 - CUDA_VISIBLE_DEVICES: [0]
[I 2023-12-27 11:06:21,473] Trial 45 finished with value: 48.50101852416992 and parameters: {'gradient_clip_val': 0.2866632222076856, 'hidden_size': 10, 'dropout': 0.14108070901046457, 'hidden_continuous_size': 6, 'attention_head_size': 4, 'learning_rate': 0.006599052680219973}. Best is trial 1 with value: 6.572447299957275.
LOCAL_RANK: 0 - CUDA_VISIBLE_DEVICES: [0]
[I 2023-12-27 11:06:21,927] Trial 46 finished with value: 43.38212203979492 and parameters: {'gradient_clip_val': 0.1720140410961577, 'hidden_size': 6, 'dropout': 0.1418450396475856, 'hidden_continuous_size': 5, 'attention_head_size': 3, 'learning_rate': 0.013700486511555303}. Best is trial 1 with value: 6.572447299957275.
LOCAL_RANK: 0 - CUDA_VISIBLE_DEVICES: [0]
[I 2023-12-27 11:06:22,382] Trial 47 finished with value: 58.635501861572266 and parameters: {'gradient_clip_val': 0.11038282854713743, 'hidden_size': 13, 'dropout': 0.18017538921999765, 'hidden_continuous_size': 6, 'attention_head_size': 4, 'learning_rate': 0.08470138248189493}. Best is trial 1 with value: 6.572447299957275.
LOCAL_RANK: 0 - CUDA_VISIBLE_DEVICES: [0]
[I 2023-12-27 11:06:22,829] Trial 48 finished with value: 41.228363037109375 and parameters: {'gradient_clip_val': 0.8657922310450507, 'hidden_size': 7, 'dropout': 0.23147466883899753, 'hidden_continuous_size': 5, 'attention_head_size': 2, 'learning_rate': 0.05587727133132416}. Best is trial 1 with value: 6.572447299957275.
LOCAL_RANK: 0 - CUDA_VISIBLE_DEVICES: [0]
[I 2023-12-27 11:06:23,317] Trial 49 finished with value: 59.80817794799805 and parameters: {'gradient_clip_val': 0.3839992595894923, 'hidden_size': 22, 'dropout': 0.46510332161417356, 'hidden_continuous_size': 8, 'attention_head_size': 3, 'learning_rate': 0.015464456591668077}. Best is trial 1 with value: 6.572447299957275.
[I 2023-12-27 11:06:23,446] A new study created in memory with name: no-name-4028481f-4af2-48b8-925b-aca19c40fea9
/home/le004/conda/anaconda3/envs/tsff_env/lib/python3.9/site-packages/lightning/fabric/plugins/environments/slurm.py:191: The `srun` command is available on your system but is not used. HINT: If your intention is to run Lightning on SLURM, prepend your python command with `srun` like so: srun python /home/le004/master_thesis/git/TSFusionForecast/code/ ...
LOCAL_RANK: 0 - CUDA_VISIBLE_DEVICES: [0]
[I 2023-12-27 11:06:39,555] Trial 0 finished with value: 113.86126708984375 and parameters: {'gradient_clip_val': 0.2882363104918365, 'hidden_size': 131, 'dropout': 0.10091528423815808, 'hidden_continuous_size': 10, 'attention_head_size': 2, 'learning_rate': 0.0260640894869665}. Best is trial 0 with value: 113.86126708984375.
LOCAL_RANK: 0 - CUDA_VISIBLE_DEVICES: [0]
[I 2023-12-27 11:06:40,005] Trial 1 finished with value: 433.384521484375 and parameters: {'gradient_clip_val': 0.8063055321036379, 'hidden_size': 34, 'dropout': 0.11787287886959419, 'hidden_continuous_size': 30, 'attention_head_size': 3, 'learning_rate': 0.0370425463747087}. Best is trial 0 with value: 113.86126708984375.
LOCAL_RANK: 0 - CUDA_VISIBLE_DEVICES: [0]
[I 2023-12-27 11:06:40,383] Trial 2 finished with value: 425.4691467285156 and parameters: {'gradient_clip_val': 0.11892845697640932, 'hidden_size': 11, 'dropout': 0.38869868310645195, 'hidden_continuous_size': 11, 'attention_head_size': 2, 'learning_rate': 0.0020706732638275703}. Best is trial 0 with value: 113.86126708984375.
LOCAL_RANK: 0 - CUDA_VISIBLE_DEVICES: [0]
[I 2023-12-27 11:06:40,827] Trial 3 finished with value: 477.45703125 and parameters: {'gradient_clip_val': 0.1767981611881866, 'hidden_size': 79, 'dropout': 0.1800760797873204, 'hidden_continuous_size': 6, 'attention_head_size': 2, 'learning_rate': 0.03168073642277144}. Best is trial 0 with value: 113.86126708984375.
LOCAL_RANK: 0 - CUDA_VISIBLE_DEVICES: [0]
[I 2023-12-27 11:06:41,237] Trial 4 finished with value: 391.5377197265625 and parameters: {'gradient_clip_val': 0.3479448564229699, 'hidden_size': 10, 'dropout': 0.18656910480456204, 'hidden_continuous_size': 9, 'attention_head_size': 2, 'learning_rate': 0.06356988547402792}. Best is trial 0 with value: 113.86126708984375.
LOCAL_RANK: 0 - CUDA_VISIBLE_DEVICES: [0]
[I 2023-12-27 11:06:41,903] Trial 5 finished with value: 349.9297790527344 and parameters: {'gradient_clip_val': 0.18755411028794625, 'hidden_size': 32, 'dropout': 0.3083106182955156, 'hidden_continuous_size': 29, 'attention_head_size': 3, 'learning_rate': 0.009629446610434786}. Best is trial 0 with value: 113.86126708984375.
LOCAL_RANK: 0 - CUDA_VISIBLE_DEVICES: [0]
[I 2023-12-27 11:06:42,348] Trial 6 finished with value: 299.93359375 and parameters: {'gradient_clip_val': 0.11279943464778082, 'hidden_size': 44, 'dropout': 0.24547888544214735, 'hidden_continuous_size': 39, 'attention_head_size': 1, 'learning_rate': 0.07105472249628218}. Best is trial 0 with value: 113.86126708984375.
LOCAL_RANK: 0 - CUDA_VISIBLE_DEVICES: [0]
[I 2023-12-27 11:06:42,765] Trial 7 finished with value: 419.2469787597656 and parameters: {'gradient_clip_val': 0.7644810270282479, 'hidden_size': 13, 'dropout': 0.11889870981887958, 'hidden_continuous_size': 11, 'attention_head_size': 4, 'learning_rate': 0.041699615545681}. Best is trial 0 with value: 113.86126708984375.
LOCAL_RANK: 0 - CUDA_VISIBLE_DEVICES: [0]
[I 2023-12-27 11:06:43,216] Trial 8 finished with value: 455.7304382324219 and parameters: {'gradient_clip_val': 0.1349868949831242, 'hidden_size': 41, 'dropout': 0.47300960512978396, 'hidden_continuous_size': 5, 'attention_head_size': 4, 'learning_rate': 0.04119688210133708}. Best is trial 0 with value: 113.86126708984375.
LOCAL_RANK: 0 - CUDA_VISIBLE_DEVICES: [0]
[I 2023-12-27 11:06:43,617] Trial 9 finished with value: 548.4251098632812 and parameters: {'gradient_clip_val': 0.6262972289015936, 'hidden_size': 6, 'dropout': 0.3144282713790386, 'hidden_continuous_size': 5, 'attention_head_size': 3, 'learning_rate': 0.0023432443513726237}. Best is trial 0 with value: 113.86126708984375.
LOCAL_RANK: 0 - CUDA_VISIBLE_DEVICES: [0]
[I 2023-12-27 11:06:44,139] Trial 10 finished with value: 447.3454284667969 and parameters: {'gradient_clip_val': 0.3546656834405812, 'hidden_size': 140, 'dropout': 0.10233903519941745, 'hidden_continuous_size': 66, 'attention_head_size': 1, 'learning_rate': 0.0008734489369546011}. Best is trial 0 with value: 113.86126708984375.
LOCAL_RANK: 0 - CUDA_VISIBLE_DEVICES: [0]
[I 2023-12-27 11:06:44,669] Trial 11 finished with value: 436.44970703125 and parameters: {'gradient_clip_val': 0.23430459301049067, 'hidden_size': 148, 'dropout': 0.22623220067618943, 'hidden_continuous_size': 129, 'attention_head_size': 1, 'learning_rate': 0.014160902035188104}. Best is trial 0 with value: 113.86126708984375.
LOCAL_RANK: 0 - CUDA_VISIBLE_DEVICES: [0]
[I 2023-12-27 11:06:45,150] Trial 12 finished with value: 447.889892578125 and parameters: {'gradient_clip_val': 0.10257458563034642, 'hidden_size': 65, 'dropout': 0.21994572421375613, 'hidden_continuous_size': 17, 'attention_head_size': 1, 'learning_rate': 0.09415294491285887}. Best is trial 0 with value: 113.86126708984375.
LOCAL_RANK: 0 - CUDA_VISIBLE_DEVICES: [0]
[I 2023-12-27 11:06:45,633] Trial 13 finished with value: 367.9300842285156 and parameters: {'gradient_clip_val': 0.26006033078180824, 'hidden_size': 68, 'dropout': 0.26335704321876396, 'hidden_continuous_size': 19, 'attention_head_size': 1, 'learning_rate': 0.01759580283127336}. Best is trial 0 with value: 113.86126708984375.
LOCAL_RANK: 0 - CUDA_VISIBLE_DEVICES: [0]
[I 2023-12-27 11:06:46,074] Trial 14 finished with value: 332.2626647949219 and parameters: {'gradient_clip_val': 0.5062895642899428, 'hidden_size': 22, 'dropout': 0.1611860107529447, 'hidden_continuous_size': 8, 'attention_head_size': 2, 'learning_rate': 0.08485590380037826}. Best is trial 0 with value: 113.86126708984375.
LOCAL_RANK: 0 - CUDA_VISIBLE_DEVICES: [0]
[I 2023-12-27 11:06:46,559] Trial 15 finished with value: 474.09814453125 and parameters: {'gradient_clip_val': 0.1754346573818851, 'hidden_size': 100, 'dropout': 0.2505370419699234, 'hidden_continuous_size': 38, 'attention_head_size': 1, 'learning_rate': 0.022816696478894703}. Best is trial 0 with value: 113.86126708984375.
LOCAL_RANK: 0 - CUDA_VISIBLE_DEVICES: [0]
[I 2023-12-27 11:06:47,039] Trial 16 finished with value: 427.1700744628906 and parameters: {'gradient_clip_val': 0.45354115148160373, 'hidden_size': 50, 'dropout': 0.14846271667402772, 'hidden_continuous_size': 14, 'attention_head_size': 2, 'learning_rate': 0.008141406807302127}. Best is trial 0 with value: 113.86126708984375.
LOCAL_RANK: 0 - CUDA_VISIBLE_DEVICES: [0]
[I 2023-12-27 11:06:47,519] Trial 17 finished with value: 356.4913635253906 and parameters: {'gradient_clip_val': 0.13807743532746033, 'hidden_size': 88, 'dropout': 0.197138370700248, 'hidden_continuous_size': 22, 'attention_head_size': 1, 'learning_rate': 0.059186621744907124}. Best is trial 0 with value: 113.86126708984375.
LOCAL_RANK: 0 - CUDA_VISIBLE_DEVICES: [0]
[I 2023-12-27 11:06:48,248] Trial 18 finished with value: 398.325927734375 and parameters: {'gradient_clip_val': 0.2606682485386891, 'hidden_size': 51, 'dropout': 0.14869791191272097, 'hidden_continuous_size': 13, 'attention_head_size': 2, 'learning_rate': 0.02252625193477703}. Best is trial 0 with value: 113.86126708984375.
LOCAL_RANK: 0 - CUDA_VISIBLE_DEVICES: [0]
[I 2023-12-27 11:06:48,743] Trial 19 finished with value: 510.1952209472656 and parameters: {'gradient_clip_val': 0.10627389734224962, 'hidden_size': 112, 'dropout': 0.27386365627129894, 'hidden_continuous_size': 46, 'attention_head_size': 3, 'learning_rate': 0.01177009979931686}. Best is trial 0 with value: 113.86126708984375.
LOCAL_RANK: 0 - CUDA_VISIBLE_DEVICES: [0]
[I 2023-12-27 11:06:49,183] Trial 20 finished with value: 447.9408264160156 and parameters: {'gradient_clip_val': 0.14599905880141592, 'hidden_size': 23, 'dropout': 0.33663772651958296, 'hidden_continuous_size': 8, 'attention_head_size': 1, 'learning_rate': 0.09860530202928952}. Best is trial 0 with value: 113.86126708984375.
LOCAL_RANK: 0 - CUDA_VISIBLE_DEVICES: [0]
[I 2023-12-27 11:06:49,669] Trial 21 finished with value: 331.6714782714844 and parameters: {'gradient_clip_val': 0.4693030311191265, 'hidden_size': 24, 'dropout': 0.1573679101744372, 'hidden_continuous_size': 8, 'attention_head_size': 2, 'learning_rate': 0.06764629437794402}. Best is trial 0 with value: 113.86126708984375.
LOCAL_RANK: 0 - CUDA_VISIBLE_DEVICES: [0]
[I 2023-12-27 11:06:50,136] Trial 22 finished with value: 480.1156921386719 and parameters: {'gradient_clip_val': 0.4048052991199176, 'hidden_size': 26, 'dropout': 0.10066470551488504, 'hidden_continuous_size': 9, 'attention_head_size': 2, 'learning_rate': 0.05260846923623282}. Best is trial 0 with value: 113.86126708984375.
LOCAL_RANK: 0 - CUDA_VISIBLE_DEVICES: [0]
[I 2023-12-27 11:06:50,604] Trial 23 finished with value: 395.8111877441406 and parameters: {'gradient_clip_val': 0.29647131543540883, 'hidden_size': 56, 'dropout': 0.1383198862077409, 'hidden_continuous_size': 7, 'attention_head_size': 2, 'learning_rate': 0.030631949400418683}. Best is trial 0 with value: 113.86126708984375.
LOCAL_RANK: 0 - CUDA_VISIBLE_DEVICES: [0]
[I 2023-12-27 11:06:51,068] Trial 24 finished with value: 446.1507873535156 and parameters: {'gradient_clip_val': 0.5529875832773896, 'hidden_size': 41, 'dropout': 0.16740168203105632, 'hidden_continuous_size': 11, 'attention_head_size': 3, 'learning_rate': 0.05414593958819507}. Best is trial 0 with value: 113.86126708984375.
LOCAL_RANK: 0 - CUDA_VISIBLE_DEVICES: [0]
[I 2023-12-27 11:06:51,522] Trial 25 finished with value: 393.1732482910156 and parameters: {'gradient_clip_val': 0.4055464867872041, 'hidden_size': 18, 'dropout': 0.21488501665149487, 'hidden_continuous_size': 6, 'attention_head_size': 2, 'learning_rate': 0.024470709533142662}. Best is trial 0 with value: 113.86126708984375.
LOCAL_RANK: 0 - CUDA_VISIBLE_DEVICES: [0]
[I 2023-12-27 11:06:52,005] Trial 26 finished with value: 472.7595520019531 and parameters: {'gradient_clip_val': 0.2013597316448479, 'hidden_size': 78, 'dropout': 0.13642544789978356, 'hidden_continuous_size': 15, 'attention_head_size': 1, 'learning_rate': 0.06883504680108211}. Best is trial 0 with value: 113.86126708984375.
LOCAL_RANK: 0 - CUDA_VISIBLE_DEVICES: [0]
[I 2023-12-27 11:06:52,477] Trial 27 finished with value: 423.6929931640625 and parameters: {'gradient_clip_val': 0.9460952937271648, 'hidden_size': 35, 'dropout': 0.19333073472965986, 'hidden_continuous_size': 12, 'attention_head_size': 2, 'learning_rate': 0.016062165459993942}. Best is trial 0 with value: 113.86126708984375.
LOCAL_RANK: 0 - CUDA_VISIBLE_DEVICES: [0]
[I 2023-12-27 11:06:52,949] Trial 28 finished with value: 476.3782958984375 and parameters: {'gradient_clip_val': 0.3112363240454847, 'hidden_size': 112, 'dropout': 0.17717511648097511, 'hidden_continuous_size': 19, 'attention_head_size': 3, 'learning_rate': 0.04206134282809773}. Best is trial 0 with value: 113.86126708984375.
LOCAL_RANK: 0 - CUDA_VISIBLE_DEVICES: [0]
[I 2023-12-27 11:06:53,418] Trial 29 finished with value: 411.2770080566406 and parameters: {'gradient_clip_val': 0.2289205109554116, 'hidden_size': 30, 'dropout': 0.12196571210422466, 'hidden_continuous_size': 10, 'attention_head_size': 4, 'learning_rate': 0.030161064447143112}. Best is trial 0 with value: 113.86126708984375.
LOCAL_RANK: 0 - CUDA_VISIBLE_DEVICES: [0]
[I 2023-12-27 11:06:53,884] Trial 30 finished with value: 365.3298645019531 and parameters: {'gradient_clip_val': 0.6189049827148022, 'hidden_size': 42, 'dropout': 0.10066270449416925, 'hidden_continuous_size': 14, 'attention_head_size': 1, 'learning_rate': 0.07649035799863584}. Best is trial 0 with value: 113.86126708984375.
LOCAL_RANK: 0 - CUDA_VISIBLE_DEVICES: [0]
[I 2023-12-27 11:06:54,610] Trial 31 finished with value: 428.0264892578125 and parameters: {'gradient_clip_val': 0.4796290602384685, 'hidden_size': 22, 'dropout': 0.1618439309960314, 'hidden_continuous_size': 8, 'attention_head_size': 2, 'learning_rate': 0.0989155579536669}. Best is trial 0 with value: 113.86126708984375.
LOCAL_RANK: 0 - CUDA_VISIBLE_DEVICES: [0]
[I 2023-12-27 11:06:55,068] Trial 32 finished with value: 378.242431640625 and parameters: {'gradient_clip_val': 0.49650289682957877, 'hidden_size': 19, 'dropout': 0.15535819524757705, 'hidden_continuous_size': 8, 'attention_head_size': 2, 'learning_rate': 0.05116845161582698}. Best is trial 0 with value: 113.86126708984375.
LOCAL_RANK: 0 - CUDA_VISIBLE_DEVICES: [0]
[I 2023-12-27 11:06:55,548] Trial 33 finished with value: 287.5741882324219 and parameters: {'gradient_clip_val': 0.40880582357843664, 'hidden_size': 28, 'dropout': 0.1343636736656771, 'hidden_continuous_size': 10, 'attention_head_size': 2, 'learning_rate': 0.07472167733058942}. Best is trial 0 with value: 113.86126708984375.
LOCAL_RANK: 0 - CUDA_VISIBLE_DEVICES: [0]
[I 2023-12-27 11:06:56,004] Trial 34 finished with value: 405.355224609375 and parameters: {'gradient_clip_val': 0.3821186552523883, 'hidden_size': 30, 'dropout': 0.12869147373508452, 'hidden_continuous_size': 10, 'attention_head_size': 2, 'learning_rate': 0.03655568253150321}. Best is trial 0 with value: 113.86126708984375.
LOCAL_RANK: 0 - CUDA_VISIBLE_DEVICES: [0]
[I 2023-12-27 11:06:56,483] Trial 35 finished with value: 389.9740295410156 and parameters: {'gradient_clip_val': 0.33942339868144233, 'hidden_size': 63, 'dropout': 0.1954555639240369, 'hidden_continuous_size': 6, 'attention_head_size': 2, 'learning_rate': 0.06780214815683286}. Best is trial 0 with value: 113.86126708984375.
LOCAL_RANK: 0 - CUDA_VISIBLE_DEVICES: [0]
[I 2023-12-27 11:06:56,929] Trial 36 finished with value: 354.5395202636719 and parameters: {'gradient_clip_val': 0.408923517215522, 'hidden_size': 35, 'dropout': 0.1274694595734109, 'hidden_continuous_size': 12, 'attention_head_size': 3, 'learning_rate': 0.06964608154787844}. Best is trial 0 with value: 113.86126708984375.
LOCAL_RANK: 0 - CUDA_VISIBLE_DEVICES: [0]
[I 2023-12-27 11:06:57,491] Trial 37 finished with value: 419.3963317871094 and parameters: {'gradient_clip_val': 0.15821261457739555, 'hidden_size': 15, 'dropout': 0.18005565980220914, 'hidden_continuous_size': 7, 'attention_head_size': 2, 'learning_rate': 0.04350985594194869}. Best is trial 0 with value: 113.86126708984375.
LOCAL_RANK: 0 - CUDA_VISIBLE_DEVICES: [0]
[I 2023-12-27 11:06:58,011] Trial 38 finished with value: 544.6035766601562 and parameters: {'gradient_clip_val': 0.30925897387353013, 'hidden_size': 28, 'dropout': 0.11707868862209345, 'hidden_continuous_size': 10, 'attention_head_size': 3, 'learning_rate': 0.03271769596362121}. Best is trial 0 with value: 113.86126708984375.
LOCAL_RANK: 0 - CUDA_VISIBLE_DEVICES: [0]
[I 2023-12-27 11:06:58,552] Trial 39 finished with value: 439.733154296875 and parameters: {'gradient_clip_val': 0.11243692893472455, 'hidden_size': 46, 'dropout': 0.14503021097713484, 'hidden_continuous_size': 12, 'attention_head_size': 2, 'learning_rate': 0.05177055243148632}. Best is trial 0 with value: 113.86126708984375.
LOCAL_RANK: 0 - CUDA_VISIBLE_DEVICES: [0]
[I 2023-12-27 11:06:59,086] Trial 40 finished with value: 416.9765625 and parameters: {'gradient_clip_val': 0.11814126354987367, 'hidden_size': 36, 'dropout': 0.17701990688965394, 'hidden_continuous_size': 11, 'attention_head_size': 1, 'learning_rate': 0.07469523963248928}. Best is trial 0 with value: 113.86126708984375.
LOCAL_RANK: 0 - CUDA_VISIBLE_DEVICES: [0]
[I 2023-12-27 11:06:59,597] Trial 41 finished with value: 418.8714294433594 and parameters: {'gradient_clip_val': 0.5374343887097603, 'hidden_size': 24, 'dropout': 0.15887812746659136, 'hidden_continuous_size': 9, 'attention_head_size': 2, 'learning_rate': 0.08365629374182318}. Best is trial 0 with value: 113.86126708984375.
LOCAL_RANK: 0 - CUDA_VISIBLE_DEVICES: [0]
[I 2023-12-27 11:07:00,128] Trial 42 finished with value: 407.8659973144531 and parameters: {'gradient_clip_val': 0.42714727498203625, 'hidden_size': 21, 'dropout': 0.12113986354994852, 'hidden_continuous_size': 5, 'attention_head_size': 2, 'learning_rate': 0.08217193495759685}. Best is trial 0 with value: 113.86126708984375.
LOCAL_RANK: 0 - CUDA_VISIBLE_DEVICES: [0]
[I 2023-12-27 11:07:00,668] Trial 43 finished with value: 526.4041137695312 and parameters: {'gradient_clip_val': 0.35770782275583596, 'hidden_size': 27, 'dropout': 0.21108158726823598, 'hidden_continuous_size': 9, 'attention_head_size': 2, 'learning_rate': 0.042767613368983645}. Best is trial 0 with value: 113.86126708984375.
LOCAL_RANK: 0 - CUDA_VISIBLE_DEVICES: [0]
[I 2023-12-27 11:07:01,441] Trial 44 finished with value: 399.2362060546875 and parameters: {'gradient_clip_val': 0.1287513795028322, 'hidden_size': 17, 'dropout': 0.23022330236546856, 'hidden_continuous_size': 7, 'attention_head_size': 2, 'learning_rate': 0.09976811818333761}. Best is trial 0 with value: 113.86126708984375.
LOCAL_RANK: 0 - CUDA_VISIBLE_DEVICES: [0]
[I 2023-12-27 11:07:01,968] Trial 45 finished with value: 451.180908203125 and parameters: {'gradient_clip_val': 0.6680289006290951, 'hidden_size': 13, 'dropout': 0.1602291235248545, 'hidden_continuous_size': 6, 'attention_head_size': 3, 'learning_rate': 0.061729534275060796}. Best is trial 0 with value: 113.86126708984375.
LOCAL_RANK: 0 - CUDA_VISIBLE_DEVICES: [0]
[I 2023-12-27 11:07:02,484] Trial 46 finished with value: 441.4156188964844 and parameters: {'gradient_clip_val': 0.46730557258157335, 'hidden_size': 32, 'dropout': 0.11633943646076539, 'hidden_continuous_size': 8, 'attention_head_size': 1, 'learning_rate': 0.059481320572269965}. Best is trial 0 with value: 113.86126708984375.
LOCAL_RANK: 0 - CUDA_VISIBLE_DEVICES: [0]
[I 2023-12-27 11:07:03,004] Trial 47 finished with value: 347.1236267089844 and parameters: {'gradient_clip_val': 0.37561627237228645, 'hidden_size': 21, 'dropout': 0.23832296739038145, 'hidden_continuous_size': 9, 'attention_head_size': 2, 'learning_rate': 0.005927785503272622}. Best is trial 0 with value: 113.86126708984375.
LOCAL_RANK: 0 - CUDA_VISIBLE_DEVICES: [0]
[I 2023-12-27 11:07:03,541] Trial 48 finished with value: 366.7930603027344 and parameters: {'gradient_clip_val': 0.44359225627569704, 'hidden_size': 25, 'dropout': 0.14073185059624657, 'hidden_continuous_size': 10, 'attention_head_size': 1, 'learning_rate': 0.044736980246764146}. Best is trial 0 with value: 113.86126708984375.
LOCAL_RANK: 0 - CUDA_VISIBLE_DEVICES: [0]
[I 2023-12-27 11:07:04,112] Trial 49 finished with value: 429.5179138183594 and parameters: {'gradient_clip_val': 0.5290045262064826, 'hidden_size': 59, 'dropout': 0.185210115246451, 'hidden_continuous_size': 24, 'attention_head_size': 4, 'learning_rate': 0.06771387696152902}. Best is trial 0 with value: 113.86126708984375.
[I 2023-12-27 11:07:04,244] A new study created in memory with name: no-name-f0ebdc73-e274-4e6b-95d7-62c15a46e05b
/home/le004/conda/anaconda3/envs/tsff_env/lib/python3.9/site-packages/lightning/fabric/plugins/environments/slurm.py:191: The `srun` command is available on your system but is not used. HINT: If your intention is to run Lightning on SLURM, prepend your python command with `srun` like so: srun python /home/le004/master_thesis/git/TSFusionForecast/code/ ...
LOCAL_RANK: 0 - CUDA_VISIBLE_DEVICES: [0]
