[I 2023-12-27 11:28:56,718] Trial 48 finished with value: 86.78125 and parameters: {'gradient_clip_val': 0.13191093861089787, 'hidden_size': 23, 'dropout': 0.3091449181633735, 'hidden_continuous_size': 18, 'attention_head_size': 1, 'learning_rate': 0.0006128919797602168}. Best is trial 0 with value: 36.09469223022461.
[I 2023-12-27 11:28:57,127] Trial 49 finished with value: 131.8202667236328 and parameters: {'gradient_clip_val': 0.13399544765616905, 'hidden_size': 25, 'dropout': 0.31105630353759856, 'hidden_continuous_size': 18, 'attention_head_size': 1, 'learning_rate': 0.000566130307730103}. Best is trial 0 with value: 36.09469223022461.
[I 2023-12-27 11:28:57,246] A new study created in memory with name: no-name-bd72e11a-9b65-457e-9a93-bbae46e570bf
/home/le004/conda/anaconda3/envs/tsff_env/lib/python3.9/site-packages/lightning/fabric/plugins/environments/slurm.py:191: The `srun` command is available on your system but is not used. HINT: If your intention is to run Lightning on SLURM, prepend your python command with `srun` like so: srun python /home/le004/master_thesis/git/TSFusionForecast/code/ ...
[I 2023-12-27 11:29:26,138] Trial 0 finished with value: 257.1408996582031 and parameters: {'gradient_clip_val': 0.31742829255462285, 'hidden_size': 136, 'dropout': 0.14478651776644075, 'hidden_continuous_size': 12, 'attention_head_size': 2, 'learning_rate': 0.007176518228075181}. Best is trial 0 with value: 257.1408996582031.
[I 2023-12-27 11:29:26,559] Trial 1 finished with value: 733.8828735351562 and parameters: {'gradient_clip_val': 0.31069340101994986, 'hidden_size': 59, 'dropout': 0.20762842237604107, 'hidden_continuous_size': 35, 'attention_head_size': 3, 'learning_rate': 0.03277725335297588}. Best is trial 0 with value: 257.1408996582031.
[I 2023-12-27 11:29:26,921] Trial 2 finished with value: 917.27392578125 and parameters: {'gradient_clip_val': 0.2461545550791418, 'hidden_size': 6, 'dropout': 0.2787304417127433, 'hidden_continuous_size': 5, 'attention_head_size': 1, 'learning_rate': 0.01057228041776659}. Best is trial 0 with value: 257.1408996582031.
[I 2023-12-27 11:29:27,278] Trial 3 finished with value: 817.1400756835938 and parameters: {'gradient_clip_val': 0.11076046612109475, 'hidden_size': 11, 'dropout': 0.4646885513644958, 'hidden_continuous_size': 10, 'attention_head_size': 2, 'learning_rate': 0.006185647936385023}. Best is trial 0 with value: 257.1408996582031.
[I 2023-12-27 11:29:27,679] Trial 4 finished with value: 713.5293579101562 and parameters: {'gradient_clip_val': 0.5622614535075161, 'hidden_size': 52, 'dropout': 0.1787295727155312, 'hidden_continuous_size': 6, 'attention_head_size': 3, 'learning_rate': 0.012040460407159326}. Best is trial 0 with value: 257.1408996582031.
[I 2023-12-27 11:29:28,154] Trial 5 finished with value: 747.0486450195312 and parameters: {'gradient_clip_val': 0.43928659870083825, 'hidden_size': 85, 'dropout': 0.3263455796652579, 'hidden_continuous_size': 68, 'attention_head_size': 3, 'learning_rate': 0.00530534629315076}. Best is trial 0 with value: 257.1408996582031.
[I 2023-12-27 11:29:28,499] Trial 6 finished with value: 700.7549438476562 and parameters: {'gradient_clip_val': 0.4824705880280204, 'hidden_size': 7, 'dropout': 0.29833798347729756, 'hidden_continuous_size': 5, 'attention_head_size': 2, 'learning_rate': 0.0012100870892606563}. Best is trial 0 with value: 257.1408996582031.
[I 2023-12-27 11:29:29,232] Trial 7 finished with value: 1003.1272583007812 and parameters: {'gradient_clip_val': 0.8384448687789047, 'hidden_size': 112, 'dropout': 0.4749970139987262, 'hidden_continuous_size': 5, 'attention_head_size': 3, 'learning_rate': 0.05237813822996486}. Best is trial 0 with value: 257.1408996582031.
[I 2023-12-27 11:29:29,575] Trial 8 finished with value: 1086.0721435546875 and parameters: {'gradient_clip_val': 0.4502875533308584, 'hidden_size': 8, 'dropout': 0.30581051568224626, 'hidden_continuous_size': 5, 'attention_head_size': 4, 'learning_rate': 0.0309015500425699}. Best is trial 0 with value: 257.1408996582031.
[I 2023-12-27 11:29:29,947] Trial 9 finished with value: 885.0664672851562 and parameters: {'gradient_clip_val': 0.15153406602483224, 'hidden_size': 30, 'dropout': 0.30006007163347037, 'hidden_continuous_size': 8, 'attention_head_size': 4, 'learning_rate': 0.01790658693726459}. Best is trial 0 with value: 257.1408996582031.
[I 2023-12-27 11:29:30,499] Trial 10 finished with value: 852.9645385742188 and parameters: {'gradient_clip_val': 0.21052623167846904, 'hidden_size': 133, 'dropout': 0.10209473462243362, 'hidden_continuous_size': 16, 'attention_head_size': 1, 'learning_rate': 0.002229702384779445}. Best is trial 0 with value: 257.1408996582031.
[I 2023-12-27 11:29:30,879] Trial 11 finished with value: 853.6293334960938 and parameters: {'gradient_clip_val': 0.3361047544449808, 'hidden_size': 15, 'dropout': 0.106133355987804, 'hidden_continuous_size': 7, 'attention_head_size': 2, 'learning_rate': 0.000597862644648549}. Best is trial 0 with value: 257.1408996582031.
[I 2023-12-27 11:29:31,281] Trial 12 finished with value: 727.9100952148438 and parameters: {'gradient_clip_val': 0.7109447444029656, 'hidden_size': 23, 'dropout': 0.3770441147036384, 'hidden_continuous_size': 10, 'attention_head_size': 2, 'learning_rate': 0.0022077040091710055}. Best is trial 0 with value: 257.1408996582031.
[I 2023-12-27 11:29:31,619] Trial 13 finished with value: 1100.3497314453125 and parameters: {'gradient_clip_val': 0.5784067069040436, 'hidden_size': 5, 'dropout': 0.2080798092435236, 'hidden_continuous_size': 5, 'attention_head_size': 1, 'learning_rate': 0.08370384706704972}. Best is trial 0 with value: 257.1408996582031.
[I 2023-12-27 11:29:32,014] Trial 14 finished with value: 1010.4244995117188 and parameters: {'gradient_clip_val': 0.9820100444960856, 'hidden_size': 33, 'dropout': 0.24159687605907593, 'hidden_continuous_size': 15, 'attention_head_size': 2, 'learning_rate': 0.0006146470734681582}. Best is trial 0 with value: 257.1408996582031.
[I 2023-12-27 11:29:32,384] Trial 15 finished with value: 956.651123046875 and parameters: {'gradient_clip_val': 0.36712147199617867, 'hidden_size': 15, 'dropout': 0.1631923525221495, 'hidden_continuous_size': 6, 'attention_head_size': 2, 'learning_rate': 0.003029476138334455}. Best is trial 0 with value: 257.1408996582031.
[I 2023-12-27 11:29:32,737] Trial 16 finished with value: 876.337646484375 and parameters: {'gradient_clip_val': 0.2534875734648071, 'hidden_size': 8, 'dropout': 0.37809931807477254, 'hidden_continuous_size': 5, 'attention_head_size': 1, 'learning_rate': 0.0011440565449171826}. Best is trial 0 with value: 257.1408996582031.
[I 2023-12-27 11:29:33,198] Trial 17 finished with value: 778.4577026367188 and parameters: {'gradient_clip_val': 0.5280391429934106, 'hidden_size': 75, 'dropout': 0.14892273025899022, 'hidden_continuous_size': 12, 'attention_head_size': 2, 'learning_rate': 0.00435487757926293}. Best is trial 0 with value: 257.1408996582031.
[I 2023-12-27 11:29:33,776] Trial 18 finished with value: 733.3945922851562 and parameters: {'gradient_clip_val': 0.40522784306148785, 'hidden_size': 145, 'dropout': 0.2539690104215123, 'hidden_continuous_size': 25, 'attention_head_size': 3, 'learning_rate': 0.00131670628327543}. Best is trial 0 with value: 257.1408996582031.
[I 2023-12-27 11:29:34,185] Trial 19 finished with value: 822.8247680664062 and parameters: {'gradient_clip_val': 0.682477152932829, 'hidden_size': 42, 'dropout': 0.23643797974251143, 'hidden_continuous_size': 8, 'attention_head_size': 1, 'learning_rate': 0.00980306939702954}. Best is trial 0 with value: 257.1408996582031.
[I 2023-12-27 11:29:34,797] Trial 20 finished with value: 740.1222534179688 and parameters: {'gradient_clip_val': 0.3018047291826614, 'hidden_size': 20, 'dropout': 0.12754150085437801, 'hidden_continuous_size': 6, 'attention_head_size': 2, 'learning_rate': 0.0035964018788104007}. Best is trial 0 with value: 257.1408996582031.
[I 2023-12-27 11:29:35,213] Trial 21 finished with value: 917.2328491210938 and parameters: {'gradient_clip_val': 0.5312368056474949, 'hidden_size': 48, 'dropout': 0.16880766344042583, 'hidden_continuous_size': 7, 'attention_head_size': 3, 'learning_rate': 0.009455220372069579}. Best is trial 0 with value: 257.1408996582031.
[I 2023-12-27 11:29:35,682] Trial 22 finished with value: 857.5652465820312 and parameters: {'gradient_clip_val': 0.43164551406481433, 'hidden_size': 72, 'dropout': 0.19697658694562986, 'hidden_continuous_size': 10, 'attention_head_size': 4, 'learning_rate': 0.014657447079485507}. Best is trial 0 with value: 257.1408996582031.
[I 2023-12-27 11:29:36,170] Trial 23 finished with value: 636.2383422851562 and parameters: {'gradient_clip_val': 0.5459538627275818, 'hidden_size': 100, 'dropout': 0.17667358605795472, 'hidden_continuous_size': 8, 'attention_head_size': 3, 'learning_rate': 0.006955969026897743}. Best is trial 0 with value: 257.1408996582031.
[I 2023-12-27 11:29:36,684] Trial 24 finished with value: 777.8534545898438 and parameters: {'gradient_clip_val': 0.6630127057626444, 'hidden_size': 98, 'dropout': 0.1410642472635941, 'hidden_continuous_size': 13, 'attention_head_size': 2, 'learning_rate': 0.006075659977713404}. Best is trial 0 with value: 257.1408996582031.
[I 2023-12-27 11:29:37,187] Trial 25 finished with value: 727.8285522460938 and parameters: {'gradient_clip_val': 0.3763018475493869, 'hidden_size': 104, 'dropout': 0.1864107836240428, 'hidden_continuous_size': 18, 'attention_head_size': 3, 'learning_rate': 0.005788410065536326}. Best is trial 0 with value: 257.1408996582031.
[I 2023-12-27 11:29:37,720] Trial 26 finished with value: 889.2766723632812 and parameters: {'gradient_clip_val': 0.4863544605293441, 'hidden_size': 124, 'dropout': 0.13734397114568586, 'hidden_continuous_size': 9, 'attention_head_size': 2, 'learning_rate': 0.008282160038761886}. Best is trial 0 with value: 257.1408996582031.
[I 2023-12-27 11:29:38,169] Trial 27 finished with value: 700.8373413085938 and parameters: {'gradient_clip_val': 0.37214038883884637, 'hidden_size': 66, 'dropout': 0.22012969739242536, 'hidden_continuous_size': 12, 'attention_head_size': 3, 'learning_rate': 0.017832056816694617}. Best is trial 0 with value: 257.1408996582031.
[I 2023-12-27 11:29:38,653] Trial 28 finished with value: 960.6218872070312 and parameters: {'gradient_clip_val': 0.6074305459578274, 'hidden_size': 88, 'dropout': 0.16332613444044744, 'hidden_continuous_size': 8, 'attention_head_size': 4, 'learning_rate': 0.0036732566477028056}. Best is trial 0 with value: 257.1408996582031.
[I 2023-12-27 11:29:39,101] Trial 29 finished with value: 753.730224609375 and parameters: {'gradient_clip_val': 0.4942405141341927, 'hidden_size': 60, 'dropout': 0.20623660342778277, 'hidden_continuous_size': 19, 'attention_head_size': 2, 'learning_rate': 0.02461084570175162}. Best is trial 0 with value: 257.1408996582031.
[I 2023-12-27 11:29:39,676] Trial 30 finished with value: 821.3131713867188 and parameters: {'gradient_clip_val': 0.3023065828686009, 'hidden_size': 148, 'dropout': 0.258098274603511, 'hidden_continuous_size': 23, 'attention_head_size': 3, 'learning_rate': 0.007065189550059854}. Best is trial 0 with value: 257.1408996582031.
[I 2023-12-27 11:29:40,129] Trial 31 finished with value: 769.9473266601562 and parameters: {'gradient_clip_val': 0.3762916757245291, 'hidden_size': 71, 'dropout': 0.2176214831125655, 'hidden_continuous_size': 13, 'attention_head_size': 3, 'learning_rate': 0.018171490519179916}. Best is trial 0 with value: 257.1408996582031.
[I 2023-12-27 11:29:40,638] Trial 32 finished with value: 798.4201049804688 and parameters: {'gradient_clip_val': 0.44675599686010653, 'hidden_size': 106, 'dropout': 0.2157519687519065, 'hidden_continuous_size': 11, 'attention_head_size': 3, 'learning_rate': 0.014097353198169585}. Best is trial 0 with value: 257.1408996582031.
[I 2023-12-27 11:29:41,070] Trial 33 finished with value: 747.3566284179688 and parameters: {'gradient_clip_val': 0.3323386373067055, 'hidden_size': 60, 'dropout': 0.17993575100281456, 'hidden_continuous_size': 12, 'attention_head_size': 3, 'learning_rate': 0.008968212593411509}. Best is trial 0 with value: 257.1408996582031.
[I 2023-12-27 11:29:41,761] Trial 34 finished with value: 868.551513671875 and parameters: {'gradient_clip_val': 0.2790543825565685, 'hidden_size': 41, 'dropout': 0.27513666099198286, 'hidden_continuous_size': 9, 'attention_head_size': 2, 'learning_rate': 0.012462558641631467}. Best is trial 0 with value: 257.1408996582031.
[I 2023-12-27 11:29:42,248] Trial 35 finished with value: 961.785400390625 and parameters: {'gradient_clip_val': 0.40154925162950134, 'hidden_size': 85, 'dropout': 0.22901507532292417, 'hidden_continuous_size': 15, 'attention_head_size': 3, 'learning_rate': 0.02489134947900235}. Best is trial 0 with value: 257.1408996582031.
[I 2023-12-27 11:29:42,767] Trial 36 finished with value: 805.6616821289062 and parameters: {'gradient_clip_val': 0.48972985389676665, 'hidden_size': 120, 'dropout': 0.19003119885895073, 'hidden_continuous_size': 6, 'attention_head_size': 3, 'learning_rate': 0.004671748044556695}. Best is trial 0 with value: 257.1408996582031.
[I 2023-12-27 11:29:43,265] Trial 37 finished with value: 733.8078002929688 and parameters: {'gradient_clip_val': 0.3457128892220949, 'hidden_size': 95, 'dropout': 0.12524289729723403, 'hidden_continuous_size': 11, 'attention_head_size': 2, 'learning_rate': 0.007555570791680074}. Best is trial 0 with value: 257.1408996582031.
[I 2023-12-27 11:29:43,791] Trial 38 finished with value: 682.89111328125 and parameters: {'gradient_clip_val': 0.22330920557591669, 'hidden_size': 120, 'dropout': 0.15676101962947595, 'hidden_continuous_size': 7, 'attention_head_size': 4, 'learning_rate': 0.04130005385789372}. Best is trial 0 with value: 257.1408996582031.
[I 2023-12-27 11:29:44,391] Trial 39 finished with value: 870.837646484375 and parameters: {'gradient_clip_val': 0.18932310603718117, 'hidden_size': 148, 'dropout': 0.15909251195727803, 'hidden_continuous_size': 33, 'attention_head_size': 4, 'learning_rate': 0.04233197906789394}. Best is trial 0 with value: 257.1408996582031.
[I 2023-12-27 11:29:44,918] Trial 40 finished with value: 886.6360473632812 and parameters: {'gradient_clip_val': 0.25846554544277134, 'hidden_size': 114, 'dropout': 0.12201684880650411, 'hidden_continuous_size': 7, 'attention_head_size': 4, 'learning_rate': 0.05347901337943342}. Best is trial 0 with value: 257.1408996582031.
[I 2023-12-27 11:29:45,450] Trial 41 finished with value: 887.4172973632812 and parameters: {'gradient_clip_val': 0.22249498807652207, 'hidden_size': 120, 'dropout': 0.18286717009256528, 'hidden_continuous_size': 9, 'attention_head_size': 4, 'learning_rate': 0.02035281338984858}. Best is trial 0 with value: 257.1408996582031.
[I 2023-12-27 11:29:45,914] Trial 42 finished with value: 831.1943359375 and parameters: {'gradient_clip_val': 0.3080395725245259, 'hidden_size': 80, 'dropout': 0.1434516625097533, 'hidden_continuous_size': 7, 'attention_head_size': 3, 'learning_rate': 0.01574024302686219}. Best is trial 0 with value: 257.1408996582031.
[I 2023-12-27 11:29:46,449] Trial 43 finished with value: 761.0639038085938 and parameters: {'gradient_clip_val': 0.42649472429364377, 'hidden_size': 99, 'dropout': 0.1012698405542105, 'hidden_continuous_size': 84, 'attention_head_size': 4, 'learning_rate': 0.011275041076209507}. Best is trial 0 with value: 257.1408996582031.
[I 2023-12-27 11:29:46,893] Trial 44 finished with value: 788.1619262695312 and parameters: {'gradient_clip_val': 0.2796946443141387, 'hidden_size': 65, 'dropout': 0.19902729934542068, 'hidden_continuous_size': 5, 'attention_head_size': 2, 'learning_rate': 0.03920484424049668}. Best is trial 0 with value: 257.1408996582031.
[I 2023-12-27 11:29:47,308] Trial 45 finished with value: 928.9298706054688 and parameters: {'gradient_clip_val': 0.368935843642173, 'hidden_size': 52, 'dropout': 0.16693901874889963, 'hidden_continuous_size': 6, 'attention_head_size': 1, 'learning_rate': 0.028393363706452426}. Best is trial 0 with value: 257.1408996582031.
[I 2023-12-27 11:29:47,789] Trial 46 finished with value: 518.3734741210938 and parameters: {'gradient_clip_val': 0.6108243526633208, 'hidden_size': 85, 'dropout': 0.15331905466115436, 'hidden_continuous_size': 10, 'attention_head_size': 3, 'learning_rate': 0.021880918328364213}. Best is trial 0 with value: 257.1408996582031.
[I 2023-12-27 11:29:48,606] Trial 47 finished with value: 904.51171875 and parameters: {'gradient_clip_val': 0.7826336729219595, 'hidden_size': 127, 'dropout': 0.11741223369717198, 'hidden_continuous_size': 8, 'attention_head_size': 2, 'learning_rate': 0.012314075384251902}. Best is trial 0 with value: 257.1408996582031.
[I 2023-12-27 11:29:49,112] Trial 48 finished with value: 784.8526000976562 and parameters: {'gradient_clip_val': 0.6190144833978072, 'hidden_size': 93, 'dropout': 0.14483015536200783, 'hidden_continuous_size': 5, 'attention_head_size': 2, 'learning_rate': 0.022671683703206946}. Best is trial 0 with value: 257.1408996582031.
[I 2023-12-27 11:29:49,588] Trial 49 finished with value: 818.908447265625 and parameters: {'gradient_clip_val': 0.7622547477446422, 'hidden_size': 77, 'dropout': 0.15298924842167358, 'hidden_continuous_size': 9, 'attention_head_size': 4, 'learning_rate': 0.03082654798274781}. Best is trial 0 with value: 257.1408996582031.
[I 2023-12-27 11:29:49,702] A new study created in memory with name: no-name-d92971e6-4a0c-430d-8691-2ea1d1a7e379
/home/le004/conda/anaconda3/envs/tsff_env/lib/python3.9/site-packages/lightning/fabric/plugins/environments/slurm.py:191: The `srun` command is available on your system but is not used. HINT: If your intention is to run Lightning on SLURM, prepend your python command with `srun` like so: srun python /home/le004/master_thesis/git/TSFusionForecast/code/ ...
[I 2023-12-27 11:30:14,108] Trial 0 finished with value: 43.183502197265625 and parameters: {'gradient_clip_val': 0.5204063306464388, 'hidden_size': 8, 'dropout': 0.2630191869454578, 'hidden_continuous_size': 5, 'attention_head_size': 1, 'learning_rate': 0.06800072499912106}. Best is trial 0 with value: 43.183502197265625.
[I 2023-12-27 11:30:14,519] Trial 1 finished with value: 132.8842315673828 and parameters: {'gradient_clip_val': 0.18553684524929204, 'hidden_size': 42, 'dropout': 0.2951406108742878, 'hidden_continuous_size': 8, 'attention_head_size': 1, 'learning_rate': 0.03925639767077956}. Best is trial 0 with value: 43.183502197265625.
[I 2023-12-27 11:30:14,897] Trial 2 finished with value: 128.5199432373047 and parameters: {'gradient_clip_val': 0.1918191555327982, 'hidden_size': 14, 'dropout': 0.38699690625198846, 'hidden_continuous_size': 8, 'attention_head_size': 4, 'learning_rate': 0.05842588855173631}. Best is trial 0 with value: 43.183502197265625.
[I 2023-12-27 11:30:15,345] Trial 3 finished with value: 125.8508071899414 and parameters: {'gradient_clip_val': 0.513941390009693, 'hidden_size': 69, 'dropout': 0.11683416899419502, 'hidden_continuous_size': 24, 'attention_head_size': 1, 'learning_rate': 0.007330751462671145}. Best is trial 0 with value: 43.183502197265625.
[I 2023-12-27 11:30:15,867] Trial 4 finished with value: 144.0212860107422 and parameters: {'gradient_clip_val': 0.11892422633044256, 'hidden_size': 118, 'dropout': 0.18084243224438984, 'hidden_continuous_size': 12, 'attention_head_size': 2, 'learning_rate': 0.055471277195233946}. Best is trial 0 with value: 43.183502197265625.
[I 2023-12-27 11:30:16,205] Trial 5 finished with value: 145.4091033935547 and parameters: {'gradient_clip_val': 0.10785549253719393, 'hidden_size': 5, 'dropout': 0.30842159415071435, 'hidden_continuous_size': 5, 'attention_head_size': 3, 'learning_rate': 0.08386277915067475}. Best is trial 0 with value: 43.183502197265625.
[I 2023-12-27 11:30:16,575] Trial 6 finished with value: 167.48556518554688 and parameters: {'gradient_clip_val': 0.21956884422463152, 'hidden_size': 19, 'dropout': 0.2207193576941538, 'hidden_continuous_size': 6, 'attention_head_size': 3, 'learning_rate': 0.0007221939993193167}. Best is trial 0 with value: 43.183502197265625.
[I 2023-12-27 11:30:16,972] Trial 7 finished with value: 150.65802001953125 and parameters: {'gradient_clip_val': 0.8849371359238788, 'hidden_size': 30, 'dropout': 0.17933765483552166, 'hidden_continuous_size': 23, 'attention_head_size': 2, 'learning_rate': 0.000911215452137112}. Best is trial 0 with value: 43.183502197265625.
[I 2023-12-27 11:30:17,378] Trial 8 finished with value: 117.20958709716797 and parameters: {'gradient_clip_val': 0.12362539778568793, 'hidden_size': 38, 'dropout': 0.4956138029569649, 'hidden_continuous_size': 30, 'attention_head_size': 4, 'learning_rate': 0.09072802579457157}. Best is trial 0 with value: 43.183502197265625.
[I 2023-12-27 11:30:17,980] Trial 9 finished with value: 144.22190856933594 and parameters: {'gradient_clip_val': 0.9045575401850219, 'hidden_size': 15, 'dropout': 0.4463133483941598, 'hidden_continuous_size': 7, 'attention_head_size': 3, 'learning_rate': 0.0012096646760288655}. Best is trial 0 with value: 43.183502197265625.
[I 2023-12-27 11:30:18,318] Trial 10 finished with value: 156.91148376464844 and parameters: {'gradient_clip_val': 0.40822520292010783, 'hidden_size': 5, 'dropout': 0.3116267977313759, 'hidden_continuous_size': 5, 'attention_head_size': 1, 'learning_rate': 0.019876050707697022}. Best is trial 0 with value: 43.183502197265625.
[I 2023-12-27 11:30:18,687] Trial 11 finished with value: 122.15483856201172 and parameters: {'gradient_clip_val': 0.3214416316918644, 'hidden_size': 10, 'dropout': 0.49147948708110445, 'hidden_continuous_size': 10, 'attention_head_size': 2, 'learning_rate': 0.09960902068889432}. Best is trial 0 with value: 43.183502197265625.
