[I 2023-12-27 11:20:17,799] Trial 27 finished with value: 3.157257318496704 and parameters: {'gradient_clip_val': 0.2993760434996826, 'hidden_size': 18, 'dropout': 0.17339919676240456, 'hidden_continuous_size': 8, 'attention_head_size': 2, 'learning_rate': 0.004429217324421002}. Best is trial 0 with value: 0.28695663809776306.
[I 2023-12-27 11:20:18,413] Trial 28 finished with value: 3.941809892654419 and parameters: {'gradient_clip_val': 0.3715216663581414, 'hidden_size': 150, 'dropout': 0.23581924545665411, 'hidden_continuous_size': 36, 'attention_head_size': 1, 'learning_rate': 0.03601006467270419}. Best is trial 0 with value: 0.28695663809776306.
[I 2023-12-27 11:20:18,778] Trial 29 finished with value: 3.7816765308380127 and parameters: {'gradient_clip_val': 0.6226829936351604, 'hidden_size': 6, 'dropout': 0.19501048435020374, 'hidden_continuous_size': 5, 'attention_head_size': 3, 'learning_rate': 0.008931375198139524}. Best is trial 0 with value: 0.28695663809776306.
[I 2023-12-27 11:20:19,116] Trial 30 finished with value: 3.396397590637207 and parameters: {'gradient_clip_val': 0.7718304136208697, 'hidden_size': 5, 'dropout': 0.16508590534065082, 'hidden_continuous_size': 5, 'attention_head_size': 2, 'learning_rate': 0.006111306756208522}. Best is trial 0 with value: 0.28695663809776306.
[I 2023-12-27 11:20:19,567] Trial 31 finished with value: 3.874796152114868 and parameters: {'gradient_clip_val': 0.12916400111006246, 'hidden_size': 67, 'dropout': 0.20802554280473498, 'hidden_continuous_size': 36, 'attention_head_size': 2, 'learning_rate': 0.0105319668024845}. Best is trial 0 with value: 0.28695663809776306.
[I 2023-12-27 11:20:19,931] Trial 32 finished with value: 3.8814704418182373 and parameters: {'gradient_clip_val': 0.10147934840743726, 'hidden_size': 11, 'dropout': 0.22776360323382588, 'hidden_continuous_size': 7, 'attention_head_size': 2, 'learning_rate': 0.01823059983248293}. Best is trial 0 with value: 0.28695663809776306.
[I 2023-12-27 11:20:20,309] Trial 33 finished with value: 2.92926287651062 and parameters: {'gradient_clip_val': 0.20580585708107602, 'hidden_size': 25, 'dropout': 0.1817441234358357, 'hidden_continuous_size': 10, 'attention_head_size': 3, 'learning_rate': 0.006854135327342309}. Best is trial 0 with value: 0.28695663809776306.
[I 2023-12-27 11:20:20,691] Trial 34 finished with value: 3.376556396484375 and parameters: {'gradient_clip_val': 0.19198834147978472, 'hidden_size': 20, 'dropout': 0.24578442985344184, 'hidden_continuous_size': 9, 'attention_head_size': 3, 'learning_rate': 0.05946839413108531}. Best is trial 0 with value: 0.28695663809776306.
[I 2023-12-27 11:20:21,379] Trial 35 finished with value: 4.379981994628906 and parameters: {'gradient_clip_val': 0.17750994411451695, 'hidden_size': 56, 'dropout': 0.14270848810571937, 'hidden_continuous_size': 13, 'attention_head_size': 1, 'learning_rate': 0.016840300204681132}. Best is trial 0 with value: 0.28695663809776306.
[I 2023-12-27 11:20:21,931] Trial 36 finished with value: 3.5282843112945557 and parameters: {'gradient_clip_val': 0.2609177254079356, 'hidden_size': 100, 'dropout': 0.2827789839677009, 'hidden_continuous_size': 49, 'attention_head_size': 2, 'learning_rate': 0.008622871122213596}. Best is trial 0 with value: 0.28695663809776306.
[I 2023-12-27 11:20:22,449] Trial 37 finished with value: 3.6970841884613037 and parameters: {'gradient_clip_val': 0.2198081567489307, 'hidden_size': 94, 'dropout': 0.21811172178189156, 'hidden_continuous_size': 26, 'attention_head_size': 4, 'learning_rate': 0.0021555333916696818}. Best is trial 0 with value: 0.28695663809776306.
[I 2023-12-27 11:20:22,829] Trial 38 finished with value: 2.67765736579895 and parameters: {'gradient_clip_val': 0.28578750687366267, 'hidden_size': 15, 'dropout': 0.20186163926880366, 'hidden_continuous_size': 8, 'attention_head_size': 1, 'learning_rate': 0.02535036829890454}. Best is trial 0 with value: 0.28695663809776306.
[I 2023-12-27 11:20:23,216] Trial 39 finished with value: 4.777911186218262 and parameters: {'gradient_clip_val': 0.26655187610459635, 'hidden_size': 14, 'dropout': 0.1977738701272746, 'hidden_continuous_size': 8, 'attention_head_size': 1, 'learning_rate': 0.026352010377190888}. Best is trial 0 with value: 0.28695663809776306.
[I 2023-12-27 11:20:23,595] Trial 40 finished with value: 4.2684783935546875 and parameters: {'gradient_clip_val': 0.3183205825436884, 'hidden_size': 8, 'dropout': 0.2477940540533691, 'hidden_continuous_size': 6, 'attention_head_size': 1, 'learning_rate': 0.05241584988981022}. Best is trial 0 with value: 0.28695663809776306.
[I 2023-12-27 11:20:23,991] Trial 41 finished with value: 3.022251844406128 and parameters: {'gradient_clip_val': 0.21689604437254895, 'hidden_size': 29, 'dropout': 0.2140110320067343, 'hidden_continuous_size': 11, 'attention_head_size': 1, 'learning_rate': 0.02024895655770098}. Best is trial 0 with value: 0.28695663809776306.
[I 2023-12-27 11:20:24,380] Trial 42 finished with value: 3.457028388977051 and parameters: {'gradient_clip_val': 0.17851256456123302, 'hidden_size': 15, 'dropout': 0.15625628589499874, 'hidden_continuous_size': 7, 'attention_head_size': 2, 'learning_rate': 0.014253115111048906}. Best is trial 0 with value: 0.28695663809776306.
[I 2023-12-27 11:20:24,771] Trial 43 finished with value: 3.2521791458129883 and parameters: {'gradient_clip_val': 0.28339219229089796, 'hidden_size': 21, 'dropout': 0.17767791701190314, 'hidden_continuous_size': 9, 'attention_head_size': 1, 'learning_rate': 0.02428098657363211}. Best is trial 0 with value: 0.28695663809776306.
[I 2023-12-27 11:20:25,156] Trial 44 finished with value: 3.272979736328125 and parameters: {'gradient_clip_val': 0.41431286804960377, 'hidden_size': 10, 'dropout': 0.1206916562513284, 'hidden_continuous_size': 7, 'attention_head_size': 2, 'learning_rate': 0.010303644801586504}. Best is trial 0 with value: 0.28695663809776306.
[I 2023-12-27 11:20:25,552] Trial 45 finished with value: 2.5813920497894287 and parameters: {'gradient_clip_val': 0.25255370786364734, 'hidden_size': 27, 'dropout': 0.19343093337191103, 'hidden_continuous_size': 8, 'attention_head_size': 3, 'learning_rate': 0.015044148790414463}. Best is trial 0 with value: 0.28695663809776306.
[I 2023-12-27 11:20:25,922] Trial 46 finished with value: 3.2062275409698486 and parameters: {'gradient_clip_val': 0.3241765675219534, 'hidden_size': 19, 'dropout': 0.152479479876869, 'hidden_continuous_size': 8, 'attention_head_size': 3, 'learning_rate': 0.0370887738081589}. Best is trial 0 with value: 0.28695663809776306.
[I 2023-12-27 11:20:26,299] Trial 47 finished with value: 4.086722373962402 and parameters: {'gradient_clip_val': 0.2546372900281426, 'hidden_size': 12, 'dropout': 0.1888268785688922, 'hidden_continuous_size': 8, 'attention_head_size': 4, 'learning_rate': 0.017117952894430973}. Best is trial 0 with value: 0.28695663809776306.
[I 2023-12-27 11:20:26,697] Trial 48 finished with value: 3.7016830444335938 and parameters: {'gradient_clip_val': 0.28206916618968586, 'hidden_size': 27, 'dropout': 0.20562859863548974, 'hidden_continuous_size': 11, 'attention_head_size': 3, 'learning_rate': 0.02803513298184747}. Best is trial 0 with value: 0.28695663809776306.
[I 2023-12-27 11:20:27,317] Trial 49 finished with value: 4.424478054046631 and parameters: {'gradient_clip_val': 0.24446588798237084, 'hidden_size': 17, 'dropout': 0.12911569591791394, 'hidden_continuous_size': 7, 'attention_head_size': 3, 'learning_rate': 0.08125809768596468}. Best is trial 0 with value: 0.28695663809776306.
[I 2023-12-27 11:20:27,427] A new study created in memory with name: no-name-533dde99-beb5-45cf-ac87-8da82a65ad33
/home/le004/conda/anaconda3/envs/tsff_env/lib/python3.9/site-packages/lightning/fabric/plugins/environments/slurm.py:191: The `srun` command is available on your system but is not used. HINT: If your intention is to run Lightning on SLURM, prepend your python command with `srun` like so: srun python /home/le004/master_thesis/git/TSFusionForecast/code/ ...
[I 2023-12-27 11:20:53,456] Trial 0 finished with value: 0.17311722040176392 and parameters: {'gradient_clip_val': 0.17760369738528048, 'hidden_size': 11, 'dropout': 0.149231344221618, 'hidden_continuous_size': 11, 'attention_head_size': 1, 'learning_rate': 0.047723911103111714}. Best is trial 0 with value: 0.17311722040176392.
[I 2023-12-27 11:20:53,901] Trial 1 finished with value: 3.9059479236602783 and parameters: {'gradient_clip_val': 0.28388747844078865, 'hidden_size': 85, 'dropout': 0.14292007899681936, 'hidden_continuous_size': 12, 'attention_head_size': 3, 'learning_rate': 0.008828632997585644}. Best is trial 0 with value: 0.17311722040176392.
[I 2023-12-27 11:20:54,261] Trial 2 finished with value: 3.162452459335327 and parameters: {'gradient_clip_val': 0.2473361993028644, 'hidden_size': 8, 'dropout': 0.12785509914148396, 'hidden_continuous_size': 7, 'attention_head_size': 4, 'learning_rate': 0.004323977959516951}. Best is trial 0 with value: 0.17311722040176392.
[I 2023-12-27 11:20:54,730] Trial 3 finished with value: 2.8797547817230225 and parameters: {'gradient_clip_val': 0.1350816402539991, 'hidden_size': 99, 'dropout': 0.4379929714379486, 'hidden_continuous_size': 5, 'attention_head_size': 3, 'learning_rate': 0.06940106973525582}. Best is trial 0 with value: 0.17311722040176392.
[I 2023-12-27 11:20:55,087] Trial 4 finished with value: 2.5220751762390137 and parameters: {'gradient_clip_val': 0.31655675472529676, 'hidden_size': 13, 'dropout': 0.46339578153698546, 'hidden_continuous_size': 5, 'attention_head_size': 2, 'learning_rate': 0.01360290330837677}. Best is trial 0 with value: 0.17311722040176392.
[I 2023-12-27 11:20:55,427] Trial 5 finished with value: 3.338059663772583 and parameters: {'gradient_clip_val': 0.18968212963440076, 'hidden_size': 5, 'dropout': 0.44963650872012206, 'hidden_continuous_size': 5, 'attention_head_size': 3, 'learning_rate': 0.0008847695589573406}. Best is trial 0 with value: 0.17311722040176392.
[I 2023-12-27 11:20:55,901] Trial 6 finished with value: 3.3515465259552 and parameters: {'gradient_clip_val': 0.1567260242967619, 'hidden_size': 112, 'dropout': 0.38809701313133427, 'hidden_continuous_size': 10, 'attention_head_size': 1, 'learning_rate': 0.058291064947471743}. Best is trial 0 with value: 0.17311722040176392.
[I 2023-12-27 11:20:56,310] Trial 7 finished with value: 3.598660707473755 and parameters: {'gradient_clip_val': 0.24694408866636272, 'hidden_size': 46, 'dropout': 0.32333919289098145, 'hidden_continuous_size': 37, 'attention_head_size': 2, 'learning_rate': 0.0037487751408591978}. Best is trial 0 with value: 0.17311722040176392.
[I 2023-12-27 11:20:56,699] Trial 8 finished with value: 3.6665446758270264 and parameters: {'gradient_clip_val': 0.8311026456605126, 'hidden_size': 39, 'dropout': 0.46594028250325203, 'hidden_continuous_size': 20, 'attention_head_size': 1, 'learning_rate': 0.005558189508241701}. Best is trial 0 with value: 0.17311722040176392.
[I 2023-12-27 11:20:57,187] Trial 9 finished with value: 3.212470293045044 and parameters: {'gradient_clip_val': 0.928835826172421, 'hidden_size': 111, 'dropout': 0.12458928695980012, 'hidden_continuous_size': 20, 'attention_head_size': 3, 'learning_rate': 0.002179030587713856}. Best is trial 0 with value: 0.17311722040176392.
[I 2023-12-27 11:20:57,558] Trial 10 finished with value: 3.5180370807647705 and parameters: {'gradient_clip_val': 0.12480968260319537, 'hidden_size': 17, 'dropout': 0.2403251631039764, 'hidden_continuous_size': 7, 'attention_head_size': 1, 'learning_rate': 0.026613323044089393}. Best is trial 0 with value: 0.17311722040176392.
[I 2023-12-27 11:20:58,169] Trial 11 finished with value: 2.748424530029297 and parameters: {'gradient_clip_val': 0.42274198483243836, 'hidden_size': 13, 'dropout': 0.2392741897774396, 'hidden_continuous_size': 5, 'attention_head_size': 2, 'learning_rate': 0.020585487861851288}. Best is trial 0 with value: 0.17311722040176392.
[I 2023-12-27 11:20:58,544] Trial 12 finished with value: 2.3186159133911133 and parameters: {'gradient_clip_val': 0.3678569068341415, 'hidden_size': 14, 'dropout': 0.4939808972022506, 'hidden_continuous_size': 6, 'attention_head_size': 2, 'learning_rate': 0.018065854277439442}. Best is trial 0 with value: 0.17311722040176392.
[I 2023-12-27 11:20:58,937] Trial 13 finished with value: 3.2882144451141357 and parameters: {'gradient_clip_val': 0.11099643731950977, 'hidden_size': 22, 'dropout': 0.32884645554449154, 'hidden_continuous_size': 7, 'attention_head_size': 1, 'learning_rate': 0.09931851835869995}. Best is trial 0 with value: 0.17311722040176392.
[I 2023-12-27 11:20:59,309] Trial 14 finished with value: 3.827793836593628 and parameters: {'gradient_clip_val': 0.4229718079223796, 'hidden_size': 9, 'dropout': 0.4010567095361326, 'hidden_continuous_size': 6, 'attention_head_size': 2, 'learning_rate': 0.035127970609521046}. Best is trial 0 with value: 0.17311722040176392.
[I 2023-12-27 11:20:59,715] Trial 15 finished with value: 3.566416025161743 and parameters: {'gradient_clip_val': 0.10053810114748438, 'hidden_size': 27, 'dropout': 0.4992545686339515, 'hidden_continuous_size': 9, 'attention_head_size': 1, 'learning_rate': 0.03851302210903118}. Best is trial 0 with value: 0.17311722040176392.
[I 2023-12-27 11:21:00,061] Trial 16 finished with value: 3.654648780822754 and parameters: {'gradient_clip_val': 0.18200640626821124, 'hidden_size': 5, 'dropout': 0.18347853527657815, 'hidden_continuous_size': 5, 'attention_head_size': 2, 'learning_rate': 0.014912286762531698}. Best is trial 0 with value: 0.17311722040176392.
[I 2023-12-27 11:21:00,454] Trial 17 finished with value: 2.7978456020355225 and parameters: {'gradient_clip_val': 0.19701062928711424, 'hidden_size': 9, 'dropout': 0.2720765544009658, 'hidden_continuous_size': 6, 'attention_head_size': 4, 'learning_rate': 0.011425821898570674}. Best is trial 0 with value: 0.17311722040176392.
[I 2023-12-27 11:21:00,825] Trial 18 finished with value: 3.28008770942688 and parameters: {'gradient_clip_val': 0.377727704447977, 'hidden_size': 16, 'dropout': 0.18381197583174247, 'hidden_continuous_size': 8, 'attention_head_size': 1, 'learning_rate': 0.022613460437167214}. Best is trial 0 with value: 0.17311722040176392.
[I 2023-12-27 11:21:01,208] Trial 19 finished with value: 2.3092081546783447 and parameters: {'gradient_clip_val': 0.5657815515316721, 'hidden_size': 7, 'dropout': 0.3530768204087216, 'hidden_continuous_size': 5, 'attention_head_size': 2, 'learning_rate': 0.04653449705538296}. Best is trial 0 with value: 0.17311722040176392.
[I 2023-12-27 11:21:01,585] Trial 20 finished with value: 2.8896901607513428 and parameters: {'gradient_clip_val': 0.5251550662899244, 'hidden_size': 7, 'dropout': 0.10348148794621634, 'hidden_continuous_size': 5, 'attention_head_size': 1, 'learning_rate': 0.04738514017270737}. Best is trial 0 with value: 0.17311722040176392.
[I 2023-12-27 11:21:01,962] Trial 21 finished with value: 3.122537851333618 and parameters: {'gradient_clip_val': 0.5601939971180769, 'hidden_size': 11, 'dropout': 0.36120364659462506, 'hidden_continuous_size': 6, 'attention_head_size': 2, 'learning_rate': 0.03946533361766349}. Best is trial 0 with value: 0.17311722040176392.
[I 2023-12-27 11:21:02,338] Trial 22 finished with value: 3.5545499324798584 and parameters: {'gradient_clip_val': 0.6443950605509203, 'hidden_size': 7, 'dropout': 0.289760620169924, 'hidden_continuous_size': 5, 'attention_head_size': 2, 'learning_rate': 0.09056295548883397}. Best is trial 0 with value: 0.17311722040176392.
[I 2023-12-27 11:21:02,725] Trial 23 finished with value: 3.160876512527466 and parameters: {'gradient_clip_val': 0.3344398022543028, 'hidden_size': 11, 'dropout': 0.4101827111572301, 'hidden_continuous_size': 6, 'attention_head_size': 2, 'learning_rate': 0.06353697723907395}. Best is trial 0 with value: 0.17311722040176392.
[I 2023-12-27 11:21:03,326] Trial 24 finished with value: 2.9009997844696045 and parameters: {'gradient_clip_val': 0.46632912191545545, 'hidden_size': 6, 'dropout': 0.34669078235579204, 'hidden_continuous_size': 5, 'attention_head_size': 3, 'learning_rate': 0.02321054965041781}. Best is trial 0 with value: 0.17311722040176392.
[I 2023-12-27 11:21:03,688] Trial 25 finished with value: 3.0261306762695312 and parameters: {'gradient_clip_val': 0.3658824199856617, 'hidden_size': 6, 'dropout': 0.3705781786178629, 'hidden_continuous_size': 5, 'attention_head_size': 2, 'learning_rate': 0.031220621507077877}. Best is trial 0 with value: 0.17311722040176392.
[I 2023-12-27 11:21:04,072] Trial 26 finished with value: 2.7901384830474854 and parameters: {'gradient_clip_val': 0.7262268398290999, 'hidden_size': 10, 'dropout': 0.4996015225017527, 'hidden_continuous_size': 6, 'attention_head_size': 1, 'learning_rate': 0.04943729974398559}. Best is trial 0 with value: 0.17311722040176392.
[I 2023-12-27 11:21:04,473] Trial 27 finished with value: 3.8192014694213867 and parameters: {'gradient_clip_val': 0.587181825817854, 'hidden_size': 15, 'dropout': 0.41986329067489847, 'hidden_continuous_size': 6, 'attention_head_size': 2, 'learning_rate': 0.018315806329674944}. Best is trial 0 with value: 0.17311722040176392.
[I 2023-12-27 11:21:04,879] Trial 28 finished with value: 3.095632314682007 and parameters: {'gradient_clip_val': 0.5017432403155754, 'hidden_size': 8, 'dropout': 0.38082443591563425, 'hidden_continuous_size': 6, 'attention_head_size': 3, 'learning_rate': 0.03133268106115454}. Best is trial 0 with value: 0.17311722040176392.
[I 2023-12-27 11:21:05,273] Trial 29 finished with value: 2.956101655960083 and parameters: {'gradient_clip_val': 0.2745515632304653, 'hidden_size': 19, 'dropout': 0.3320635382617329, 'hidden_continuous_size': 10, 'attention_head_size': 4, 'learning_rate': 0.0094650031489052}. Best is trial 0 with value: 0.17311722040176392.
[I 2023-12-27 11:21:05,873] Trial 30 finished with value: 3.7482309341430664 and parameters: {'gradient_clip_val': 0.29260265712008904, 'hidden_size': 150, 'dropout': 0.30288849074567686, 'hidden_continuous_size': 12, 'attention_head_size': 1, 'learning_rate': 0.008774083581736168}. Best is trial 0 with value: 0.17311722040176392.
[I 2023-12-27 11:21:06,265] Trial 31 finished with value: 2.9177086353302 and parameters: {'gradient_clip_val': 0.3305371790830525, 'hidden_size': 13, 'dropout': 0.46720196801476266, 'hidden_continuous_size': 5, 'attention_head_size': 2, 'learning_rate': 0.013784789901803674}. Best is trial 0 with value: 0.17311722040176392.
[I 2023-12-27 11:21:06,667] Trial 32 finished with value: 3.0090014934539795 and parameters: {'gradient_clip_val': 0.24082852213800637, 'hidden_size': 12, 'dropout': 0.42358610544054665, 'hidden_continuous_size': 7, 'attention_head_size': 2, 'learning_rate': 0.018380352706745554}. Best is trial 0 with value: 0.17311722040176392.
[I 2023-12-27 11:21:07,048] Trial 33 finished with value: 3.728498697280884 and parameters: {'gradient_clip_val': 0.29595881500369897, 'hidden_size': 10, 'dropout': 0.44284491841378537, 'hidden_continuous_size': 5, 'attention_head_size': 3, 'learning_rate': 0.027214405538957428}. Best is trial 0 with value: 0.17311722040176392.
[I 2023-12-27 11:21:07,426] Trial 34 finished with value: 3.114212989807129 and parameters: {'gradient_clip_val': 0.38204271239150556, 'hidden_size': 13, 'dropout': 0.47290304050425125, 'hidden_continuous_size': 7, 'attention_head_size': 2, 'learning_rate': 0.014001825697802521}. Best is trial 0 with value: 0.17311722040176392.
[I 2023-12-27 11:21:07,808] Trial 35 finished with value: 3.3559515476226807 and parameters: {'gradient_clip_val': 0.21083569227862342, 'hidden_size': 8, 'dropout': 0.4332833893999145, 'hidden_continuous_size': 5, 'attention_head_size': 3, 'learning_rate': 0.06957584156677063}. Best is trial 0 with value: 0.17311722040176392.
[I 2023-12-27 11:21:08,185] Trial 36 finished with value: 2.726177930831909 and parameters: {'gradient_clip_val': 0.15883423642260733, 'hidden_size': 15, 'dropout': 0.452035337031492, 'hidden_continuous_size': 8, 'attention_head_size': 2, 'learning_rate': 0.04736788748495159}. Best is trial 0 with value: 0.17311722040176392.
[I 2023-12-27 11:21:08,781] Trial 37 finished with value: 2.892252206802368 and parameters: {'gradient_clip_val': 0.262751839538394, 'hidden_size': 20, 'dropout': 0.3966634498286124, 'hidden_continuous_size': 11, 'attention_head_size': 1, 'learning_rate': 0.017082258604236567}. Best is trial 0 with value: 0.17311722040176392.
[I 2023-12-27 11:21:09,162] Trial 38 finished with value: 2.805427312850952 and parameters: {'gradient_clip_val': 0.2332869636447173, 'hidden_size': 24, 'dropout': 0.3878400737513328, 'hidden_continuous_size': 9, 'attention_head_size': 2, 'learning_rate': 0.00677043042160133}. Best is trial 0 with value: 0.17311722040176392.
[I 2023-12-27 11:21:09,520] Trial 39 finished with value: 3.0105793476104736 and parameters: {'gradient_clip_val': 0.3161357542389335, 'hidden_size': 5, 'dropout': 0.4798095092792494, 'hidden_continuous_size': 5, 'attention_head_size': 3, 'learning_rate': 0.02553814871393681}. Best is trial 0 with value: 0.17311722040176392.
[I 2023-12-27 11:21:09,907] Trial 40 finished with value: 3.736701250076294 and parameters: {'gradient_clip_val': 0.44925792841953016, 'hidden_size': 18, 'dropout': 0.43115620244161623, 'hidden_continuous_size': 10, 'attention_head_size': 1, 'learning_rate': 0.07304689592653896}. Best is trial 0 with value: 0.17311722040176392.
[I 2023-12-27 11:21:10,298] Trial 41 finished with value: 4.39877462387085 and parameters: {'gradient_clip_val': 0.15898334112589363, 'hidden_size': 15, 'dropout': 0.45145171250697513, 'hidden_continuous_size': 8, 'attention_head_size': 2, 'learning_rate': 0.03907559903215758}. Best is trial 0 with value: 0.17311722040176392.
