[I 2023-12-27 10:58:05,900] Trial 8 finished with value: 604.8247680664062 and parameters: {'gradient_clip_val': 0.1504665625953571, 'hidden_size': 13, 'dropout': 0.23569015100542942, 'hidden_continuous_size': 5, 'attention_head_size': 4, 'learning_rate': 0.0009109969958938625}. Best is trial 0 with value: 128.14036560058594.
[I 2023-12-27 10:58:06,255] Trial 9 finished with value: 512.2437744140625 and parameters: {'gradient_clip_val': 0.5566491769883873, 'hidden_size': 20, 'dropout': 0.2549204740999611, 'hidden_continuous_size': 10, 'attention_head_size': 2, 'learning_rate': 0.007674405769793199}. Best is trial 0 with value: 128.14036560058594.
[I 2023-12-27 10:58:06,848] Trial 10 finished with value: 433.8554992675781 and parameters: {'gradient_clip_val': 0.9256834169871025, 'hidden_size': 134, 'dropout': 0.1660864161112215, 'hidden_continuous_size': 73, 'attention_head_size': 2, 'learning_rate': 0.0006352615335768583}. Best is trial 0 with value: 128.14036560058594.
[I 2023-12-27 10:58:07,393] Trial 11 finished with value: 505.6750183105469 and parameters: {'gradient_clip_val': 0.28804898755867314, 'hidden_size': 137, 'dropout': 0.27940061105882147, 'hidden_continuous_size': 11, 'attention_head_size': 3, 'learning_rate': 0.080799725503742}. Best is trial 0 with value: 128.14036560058594.
[I 2023-12-27 10:58:07,818] Trial 12 finished with value: 362.004638671875 and parameters: {'gradient_clip_val': 0.3120055462022512, 'hidden_size': 72, 'dropout': 0.20959558555710922, 'hidden_continuous_size': 10, 'attention_head_size': 2, 'learning_rate': 0.0005097576132630873}. Best is trial 0 with value: 128.14036560058594.
[I 2023-12-27 10:58:08,288] Trial 13 finished with value: 353.2524719238281 and parameters: {'gradient_clip_val': 0.2296019261024607, 'hidden_size': 99, 'dropout': 0.3126743527646823, 'hidden_continuous_size': 5, 'attention_head_size': 3, 'learning_rate': 0.0022407546897638864}. Best is trial 0 with value: 128.14036560058594.
[I 2023-12-27 10:58:08,701] Trial 14 finished with value: 444.5203857421875 and parameters: {'gradient_clip_val': 0.4102681081888211, 'hidden_size': 59, 'dropout': 0.20105793111396328, 'hidden_continuous_size': 8, 'attention_head_size': 2, 'learning_rate': 0.001631592133516322}. Best is trial 0 with value: 128.14036560058594.
[I 2023-12-27 10:58:09,036] Trial 15 finished with value: 675.0951538085938 and parameters: {'gradient_clip_val': 0.10282654333335377, 'hidden_size': 5, 'dropout': 0.29441375238656836, 'hidden_continuous_size': 5, 'attention_head_size': 4, 'learning_rate': 0.015952484917050903}. Best is trial 0 with value: 128.14036560058594.
[I 2023-12-27 10:58:09,558] Trial 16 finished with value: 488.9277648925781 and parameters: {'gradient_clip_val': 0.6587076325953354, 'hidden_size': 102, 'dropout': 0.11221262267117924, 'hidden_continuous_size': 15, 'attention_head_size': 1, 'learning_rate': 0.0024111947408774126}. Best is trial 0 with value: 128.14036560058594.
[I 2023-12-27 10:58:09,969] Trial 17 finished with value: 357.181396484375 and parameters: {'gradient_clip_val': 0.6279894409315747, 'hidden_size': 45, 'dropout': 0.3246718146746719, 'hidden_continuous_size': 7, 'attention_head_size': 2, 'learning_rate': 0.0010193629368962776}. Best is trial 0 with value: 128.14036560058594.
[I 2023-12-27 10:58:10,440] Trial 18 finished with value: 453.7018737792969 and parameters: {'gradient_clip_val': 0.3918865376434625, 'hidden_size': 86, 'dropout': 0.25610894034350185, 'hidden_continuous_size': 12, 'attention_head_size': 3, 'learning_rate': 0.01421214330609226}. Best is trial 0 with value: 128.14036560058594.
[I 2023-12-27 10:58:11,018] Trial 19 finished with value: 406.465576171875 and parameters: {'gradient_clip_val': 0.7543046467916635, 'hidden_size': 148, 'dropout': 0.17036131148883946, 'hidden_continuous_size': 21, 'attention_head_size': 1, 'learning_rate': 0.0038607310584848685}. Best is trial 0 with value: 128.14036560058594.
[I 2023-12-27 10:58:11,469] Trial 20 finished with value: 660.5631713867188 and parameters: {'gradient_clip_val': 0.5142528525501724, 'hidden_size': 63, 'dropout': 0.3956686882638174, 'hidden_continuous_size': 8, 'attention_head_size': 4, 'learning_rate': 0.03151658015144092}. Best is trial 0 with value: 128.14036560058594.
[I 2023-12-27 10:58:12,127] Trial 21 finished with value: 501.657470703125 and parameters: {'gradient_clip_val': 0.2337921803967629, 'hidden_size': 32, 'dropout': 0.34114708292578655, 'hidden_continuous_size': 6, 'attention_head_size': 4, 'learning_rate': 0.0012303608749242659}. Best is trial 0 with value: 128.14036560058594.
[I 2023-12-27 10:58:12,564] Trial 22 finished with value: 363.8042907714844 and parameters: {'gradient_clip_val': 0.3998137571038457, 'hidden_size': 46, 'dropout': 0.40826336124138185, 'hidden_continuous_size': 30, 'attention_head_size': 4, 'learning_rate': 0.0006281223118213241}. Best is trial 0 with value: 128.14036560058594.
[I 2023-12-27 10:58:13,100] Trial 23 finished with value: 534.2141723632812 and parameters: {'gradient_clip_val': 0.3484794174550546, 'hidden_size': 99, 'dropout': 0.2974431217959966, 'hidden_continuous_size': 30, 'attention_head_size': 3, 'learning_rate': 0.0015568382974948426}. Best is trial 0 with value: 128.14036560058594.
[I 2023-12-27 10:58:13,553] Trial 24 finished with value: 519.4271850585938 and parameters: {'gradient_clip_val': 0.2716611562607547, 'hidden_size': 62, 'dropout': 0.3704216086277824, 'hidden_continuous_size': 9, 'attention_head_size': 4, 'learning_rate': 0.0008430681237447554}. Best is trial 0 with value: 128.14036560058594.
[I 2023-12-27 10:58:13,971] Trial 25 finished with value: 367.7706298828125 and parameters: {'gradient_clip_val': 0.1982109024927419, 'hidden_size': 41, 'dropout': 0.33659928753634594, 'hidden_continuous_size': 6, 'attention_head_size': 3, 'learning_rate': 0.0012136246600768937}. Best is trial 0 with value: 128.14036560058594.
[I 2023-12-27 10:58:14,395] Trial 26 finished with value: 455.741455078125 and parameters: {'gradient_clip_val': 0.4313105832122221, 'hidden_size': 51, 'dropout': 0.42632023197623264, 'hidden_continuous_size': 12, 'attention_head_size': 2, 'learning_rate': 0.0007434270110886636}. Best is trial 0 with value: 128.14036560058594.
[I 2023-12-27 10:58:14,855] Trial 27 finished with value: 588.7273559570312 and parameters: {'gradient_clip_val': 0.35596781384006004, 'hidden_size': 77, 'dropout': 0.3175596804756587, 'hidden_continuous_size': 14, 'attention_head_size': 4, 'learning_rate': 0.002046702100145368}. Best is trial 0 with value: 128.14036560058594.
[I 2023-12-27 10:58:15,255] Trial 28 finished with value: 325.0189514160156 and parameters: {'gradient_clip_val': 0.4553606781513591, 'hidden_size': 31, 'dropout': 0.3847611532038798, 'hidden_continuous_size': 6, 'attention_head_size': 3, 'learning_rate': 0.0005919363266299181}. Best is trial 0 with value: 128.14036560058594.
[I 2023-12-27 10:58:15,658] Trial 29 finished with value: 607.6212158203125 and parameters: {'gradient_clip_val': 0.577885517207293, 'hidden_size': 39, 'dropout': 0.3740398038983813, 'hidden_continuous_size': 9, 'attention_head_size': 4, 'learning_rate': 0.0012023824897973373}. Best is trial 0 with value: 128.14036560058594.
[I 2023-12-27 10:58:16,173] Trial 30 finished with value: 410.8085021972656 and parameters: {'gradient_clip_val': 0.4792866991509784, 'hidden_size': 111, 'dropout': 0.353263801620783, 'hidden_continuous_size': 18, 'attention_head_size': 2, 'learning_rate': 0.0005147078810460612}. Best is trial 0 with value: 128.14036560058594.
[I 2023-12-27 10:58:16,573] Trial 31 finished with value: 426.0010681152344 and parameters: {'gradient_clip_val': 0.4935688890655069, 'hidden_size': 31, 'dropout': 0.38069765129135347, 'hidden_continuous_size': 6, 'attention_head_size': 3, 'learning_rate': 0.0008194935413463098}. Best is trial 0 with value: 128.14036560058594.
[I 2023-12-27 10:58:16,985] Trial 32 finished with value: 281.5563659667969 and parameters: {'gradient_clip_val': 0.36181162747165363, 'hidden_size': 27, 'dropout': 0.42116535210915734, 'hidden_continuous_size': 5, 'attention_head_size': 3, 'learning_rate': 0.0005118738054420362}. Best is trial 0 with value: 128.14036560058594.
[I 2023-12-27 10:58:17,373] Trial 33 finished with value: 667.4265747070312 and parameters: {'gradient_clip_val': 0.34187747437938487, 'hidden_size': 23, 'dropout': 0.4389870277120489, 'hidden_continuous_size': 5, 'attention_head_size': 3, 'learning_rate': 0.0009187254040894132}. Best is trial 0 with value: 128.14036560058594.
[I 2023-12-27 10:58:18,027] Trial 34 finished with value: 610.8180541992188 and parameters: {'gradient_clip_val': 0.389418110290349, 'hidden_size': 50, 'dropout': 0.48541102019827403, 'hidden_continuous_size': 7, 'attention_head_size': 3, 'learning_rate': 0.0006878438902419131}. Best is trial 0 with value: 128.14036560058594.
[I 2023-12-27 10:58:18,427] Trial 35 finished with value: 448.6866149902344 and parameters: {'gradient_clip_val': 0.27355877349457786, 'hidden_size': 36, 'dropout': 0.4150714182727914, 'hidden_continuous_size': 5, 'attention_head_size': 3, 'learning_rate': 0.007674469140307017}. Best is trial 0 with value: 128.14036560058594.
[I 2023-12-27 10:58:18,899] Trial 36 finished with value: 440.9322509765625 and parameters: {'gradient_clip_val': 0.31159942498671184, 'hidden_size': 71, 'dropout': 0.4669643811639613, 'hidden_continuous_size': 7, 'attention_head_size': 1, 'learning_rate': 0.005195868582992811}. Best is trial 0 with value: 128.14036560058594.
[I 2023-12-27 10:58:19,281] Trial 37 finished with value: 522.8389282226562 and parameters: {'gradient_clip_val': 0.5162888094081626, 'hidden_size': 19, 'dropout': 0.4498654187453706, 'hidden_continuous_size': 6, 'attention_head_size': 3, 'learning_rate': 0.002648072865157696}. Best is trial 0 with value: 128.14036560058594.
[I 2023-12-27 10:58:19,667] Trial 38 finished with value: 459.2615051269531 and parameters: {'gradient_clip_val': 0.36853134738110793, 'hidden_size': 27, 'dropout': 0.4024821711839161, 'hidden_continuous_size': 5, 'attention_head_size': 2, 'learning_rate': 0.0016008868850314684}. Best is trial 0 with value: 128.14036560058594.
[I 2023-12-27 10:58:20,085] Trial 39 finished with value: 640.781005859375 and parameters: {'gradient_clip_val': 0.45453317295816886, 'hidden_size': 58, 'dropout': 0.34937967012046073, 'hidden_continuous_size': 7, 'attention_head_size': 1, 'learning_rate': 0.000970126818745561}. Best is trial 0 with value: 128.14036560058594.
[I 2023-12-27 10:58:20,620] Trial 40 finished with value: 462.5272521972656 and parameters: {'gradient_clip_val': 0.1288077228818562, 'hidden_size': 122, 'dropout': 0.4226013814870247, 'hidden_continuous_size': 48, 'attention_head_size': 4, 'learning_rate': 0.0007043163811146387}. Best is trial 0 with value: 128.14036560058594.
[I 2023-12-27 10:58:21,020] Trial 41 finished with value: 356.4927062988281 and parameters: {'gradient_clip_val': 0.4246133795706162, 'hidden_size': 34, 'dropout': 0.3891526666665068, 'hidden_continuous_size': 6, 'attention_head_size': 3, 'learning_rate': 0.0005108066704451025}. Best is trial 0 with value: 128.14036560058594.
[I 2023-12-27 10:58:21,415] Trial 42 finished with value: 647.2611083984375 and parameters: {'gradient_clip_val': 0.4506400992368968, 'hidden_size': 26, 'dropout': 0.3678146785445228, 'hidden_continuous_size': 5, 'attention_head_size': 3, 'learning_rate': 0.0006081732996774943}. Best is trial 0 with value: 128.14036560058594.
[I 2023-12-27 10:58:21,895] Trial 43 finished with value: 657.3929443359375 and parameters: {'gradient_clip_val': 0.3251378135697956, 'hidden_size': 84, 'dropout': 0.389686390054731, 'hidden_continuous_size': 8, 'attention_head_size': 3, 'learning_rate': 0.0005362070210605315}. Best is trial 0 with value: 128.14036560058594.
[I 2023-12-27 10:58:22,269] Trial 44 finished with value: 567.1464233398438 and parameters: {'gradient_clip_val': 0.5387397969887456, 'hidden_size': 17, 'dropout': 0.33475723817248587, 'hidden_continuous_size': 6, 'attention_head_size': 3, 'learning_rate': 0.0007254530275890674}. Best is trial 0 with value: 128.14036560058594.
[I 2023-12-27 10:58:22,676] Trial 45 finished with value: 414.9378356933594 and parameters: {'gradient_clip_val': 0.37093540205332576, 'hidden_size': 41, 'dropout': 0.3608014277439042, 'hidden_continuous_size': 6, 'attention_head_size': 2, 'learning_rate': 0.0010381421490179808}. Best is trial 0 with value: 128.14036560058594.
[I 2023-12-27 10:58:23,074] Trial 46 finished with value: 597.4353637695312 and parameters: {'gradient_clip_val': 0.3033825197281128, 'hidden_size': 29, 'dropout': 0.4357022130696818, 'hidden_continuous_size': 5, 'attention_head_size': 3, 'learning_rate': 0.0006438748245540128}. Best is trial 0 with value: 128.14036560058594.
[I 2023-12-27 10:58:23,459] Trial 47 finished with value: 532.4952392578125 and parameters: {'gradient_clip_val': 0.17537887728960466, 'hidden_size': 22, 'dropout': 0.2745439363378383, 'hidden_continuous_size': 9, 'attention_head_size': 2, 'learning_rate': 0.0008459474795599233}. Best is trial 0 with value: 128.14036560058594.
[I 2023-12-27 10:58:24,140] Trial 48 finished with value: 395.44091796875 and parameters: {'gradient_clip_val': 0.2555636498902683, 'hidden_size': 37, 'dropout': 0.311972488662833, 'hidden_continuous_size': 11, 'attention_head_size': 4, 'learning_rate': 0.0013482013910339416}. Best is trial 0 with value: 128.14036560058594.
[I 2023-12-27 10:58:24,530] Trial 49 finished with value: 653.9362182617188 and parameters: {'gradient_clip_val': 0.5960431081840655, 'hidden_size': 28, 'dropout': 0.4055560895158754, 'hidden_continuous_size': 7, 'attention_head_size': 3, 'learning_rate': 0.0010596404434422783}. Best is trial 0 with value: 128.14036560058594.
[I 2023-12-27 10:58:24,647] A new study created in memory with name: no-name-0cc49aec-6d0e-4e2b-9ff0-5c051c9b1e20
/home/le004/conda/anaconda3/envs/tsff_env/lib/python3.9/site-packages/lightning/fabric/plugins/environments/slurm.py:191: The `srun` command is available on your system but is not used. HINT: If your intention is to run Lightning on SLURM, prepend your python command with `srun` like so: srun python /home/le004/master_thesis/git/TSFusionForecast/code/ ...
[I 2023-12-27 10:58:52,201] Trial 0 finished with value: 287.5871276855469 and parameters: {'gradient_clip_val': 0.5682641735203813, 'hidden_size': 5, 'dropout': 0.4387050125548957, 'hidden_continuous_size': 5, 'attention_head_size': 3, 'learning_rate': 0.0008754894838931197}. Best is trial 0 with value: 287.5871276855469.
[I 2023-12-27 10:59:16,990] Trial 1 finished with value: 189.99595642089844 and parameters: {'gradient_clip_val': 0.14285545268885982, 'hidden_size': 42, 'dropout': 0.19035909846379698, 'hidden_continuous_size': 32, 'attention_head_size': 4, 'learning_rate': 0.052601240378074746}. Best is trial 1 with value: 189.99595642089844.
[I 2023-12-27 10:59:17,315] Trial 2 finished with value: 316.216796875 and parameters: {'gradient_clip_val': 0.15481980046829716, 'hidden_size': 11, 'dropout': 0.3272796759602248, 'hidden_continuous_size': 11, 'attention_head_size': 1, 'learning_rate': 0.001960273790524293}. Best is trial 1 with value: 189.99595642089844.
[I 2023-12-27 10:59:17,657] Trial 3 finished with value: 493.4976806640625 and parameters: {'gradient_clip_val': 0.472238830671066, 'hidden_size': 8, 'dropout': 0.11626118167014897, 'hidden_continuous_size': 8, 'attention_head_size': 3, 'learning_rate': 0.0012705492712957306}. Best is trial 1 with value: 189.99595642089844.
[I 2023-12-27 10:59:18,215] Trial 4 finished with value: 455.5841979980469 and parameters: {'gradient_clip_val': 0.19553789214771858, 'hidden_size': 124, 'dropout': 0.12941402877794497, 'hidden_continuous_size': 85, 'attention_head_size': 1, 'learning_rate': 0.01166393222015977}. Best is trial 1 with value: 189.99595642089844.
[I 2023-12-27 10:59:18,586] Trial 5 finished with value: 538.596923828125 and parameters: {'gradient_clip_val': 0.2395403525803605, 'hidden_size': 28, 'dropout': 0.10728707501719525, 'hidden_continuous_size': 25, 'attention_head_size': 2, 'learning_rate': 0.01881406530728161}. Best is trial 1 with value: 189.99595642089844.
[I 2023-12-27 10:59:18,951] Trial 6 finished with value: 499.1150207519531 and parameters: {'gradient_clip_val': 0.2344873707568209, 'hidden_size': 27, 'dropout': 0.382618345524698, 'hidden_continuous_size': 9, 'attention_head_size': 4, 'learning_rate': 0.01268712575236085}. Best is trial 1 with value: 189.99595642089844.
[I 2023-12-27 10:59:19,516] Trial 7 finished with value: 435.8545837402344 and parameters: {'gradient_clip_val': 0.2582687394012236, 'hidden_size': 9, 'dropout': 0.15356219109805025, 'hidden_continuous_size': 5, 'attention_head_size': 3, 'learning_rate': 0.041872530538737164}. Best is trial 1 with value: 189.99595642089844.
[I 2023-12-27 10:59:20,047] Trial 8 finished with value: 411.3992614746094 and parameters: {'gradient_clip_val': 0.1129298703052893, 'hidden_size': 107, 'dropout': 0.4832004722870714, 'hidden_continuous_size': 79, 'attention_head_size': 1, 'learning_rate': 0.0027368816392183263}. Best is trial 1 with value: 189.99595642089844.
[I 2023-12-27 10:59:20,404] Trial 9 finished with value: 560.0714111328125 and parameters: {'gradient_clip_val': 0.7407844171812159, 'hidden_size': 10, 'dropout': 0.28715624538550577, 'hidden_continuous_size': 6, 'attention_head_size': 3, 'learning_rate': 0.006984639764445323}. Best is trial 1 with value: 189.99595642089844.
[I 2023-12-27 10:59:20,842] Trial 10 finished with value: 251.57154846191406 and parameters: {'gradient_clip_val': 0.10119368786356653, 'hidden_size': 57, 'dropout': 0.2255043809255039, 'hidden_continuous_size': 24, 'attention_head_size': 4, 'learning_rate': 0.05266506060134281}. Best is trial 1 with value: 189.99595642089844.
[I 2023-12-27 10:59:21,276] Trial 11 finished with value: 472.1698913574219 and parameters: {'gradient_clip_val': 0.10215465845869622, 'hidden_size': 54, 'dropout': 0.2038404176057155, 'hidden_continuous_size': 25, 'attention_head_size': 4, 'learning_rate': 0.08170419768277644}. Best is trial 1 with value: 189.99595642089844.
[I 2023-12-27 10:59:21,730] Trial 12 finished with value: 503.19287109375 and parameters: {'gradient_clip_val': 0.14733151830145944, 'hidden_size': 58, 'dropout': 0.23680564982060237, 'hidden_continuous_size': 26, 'attention_head_size': 4, 'learning_rate': 0.05856232489949996}. Best is trial 1 with value: 189.99595642089844.
[I 2023-12-27 10:59:22,150] Trial 13 finished with value: 528.623291015625 and parameters: {'gradient_clip_val': 0.10095483292619613, 'hidden_size': 44, 'dropout': 0.2030614072150309, 'hidden_continuous_size': 18, 'attention_head_size': 4, 'learning_rate': 0.043785112995188634}. Best is trial 1 with value: 189.99595642089844.
[I 2023-12-27 10:59:22,624] Trial 14 finished with value: 338.9281921386719 and parameters: {'gradient_clip_val': 0.14764471714513464, 'hidden_size': 85, 'dropout': 0.25372409475981256, 'hidden_continuous_size': 38, 'attention_head_size': 2, 'learning_rate': 0.08140167969222614}. Best is trial 1 with value: 189.99595642089844.
[I 2023-12-27 10:59:23,049] Trial 15 finished with value: 394.5982666015625 and parameters: {'gradient_clip_val': 0.3756989092398464, 'hidden_size': 41, 'dropout': 0.18075925911985882, 'hidden_continuous_size': 14, 'attention_head_size': 4, 'learning_rate': 0.02472490866119601}. Best is trial 1 with value: 189.99595642089844.
[I 2023-12-27 10:59:23,522] Trial 16 finished with value: 450.5116271972656 and parameters: {'gradient_clip_val': 0.1764920528018455, 'hidden_size': 77, 'dropout': 0.17201007524431788, 'hidden_continuous_size': 41, 'attention_head_size': 4, 'learning_rate': 0.09778135839338613}. Best is trial 1 with value: 189.99595642089844.
[I 2023-12-27 10:59:23,912] Trial 17 finished with value: 368.8077087402344 and parameters: {'gradient_clip_val': 0.13323769528008675, 'hidden_size': 22, 'dropout': 0.23837749309689782, 'hidden_continuous_size': 7, 'attention_head_size': 2, 'learning_rate': 0.030073213941632055}. Best is trial 1 with value: 189.99595642089844.
[I 2023-12-27 10:59:24,602] Trial 18 finished with value: 359.1115417480469 and parameters: {'gradient_clip_val': 0.1337512635237359, 'hidden_size': 147, 'dropout': 0.309242561708299, 'hidden_continuous_size': 135, 'attention_head_size': 3, 'learning_rate': 0.04306016906344359}. Best is trial 1 with value: 189.99595642089844.
[I 2023-12-27 10:59:25,078] Trial 19 finished with value: 542.8574829101562 and parameters: {'gradient_clip_val': 0.307521492163953, 'hidden_size': 90, 'dropout': 0.1596080892262255, 'hidden_continuous_size': 16, 'attention_head_size': 4, 'learning_rate': 0.005863787756542098}. Best is trial 1 with value: 189.99595642089844.
[I 2023-12-27 10:59:25,754] Trial 20 finished with value: 395.7942810058594 and parameters: {'gradient_clip_val': 0.1961838577978884, 'hidden_size': 67, 'dropout': 0.2761826580738567, 'hidden_continuous_size': 12, 'attention_head_size': 3, 'learning_rate': 0.022312034209018183}. Best is trial 1 with value: 189.99595642089844.
[I 2023-12-27 10:59:26,098] Trial 21 finished with value: 372.4650573730469 and parameters: {'gradient_clip_val': 0.8952000835480806, 'hidden_size': 5, 'dropout': 0.3483127316244569, 'hidden_continuous_size': 5, 'attention_head_size': 3, 'learning_rate': 0.0005833266130084084}. Best is trial 1 with value: 189.99595642089844.
[I 2023-12-27 10:59:26,497] Trial 22 finished with value: 420.0207214355469 and parameters: {'gradient_clip_val': 0.11957367073716806, 'hidden_size': 21, 'dropout': 0.42047230542336356, 'hidden_continuous_size': 7, 'attention_head_size': 4, 'learning_rate': 0.005176537750499144}. Best is trial 1 with value: 189.99595642089844.
