[I 2023-12-27 11:26:06,264] Trial 33 finished with value: 447.8116455078125 and parameters: {'gradient_clip_val': 0.258097069503162, 'hidden_size': 148, 'dropout': 0.29452794397034554, 'hidden_continuous_size': 40, 'attention_head_size': 3, 'learning_rate': 0.005309875361653375}. Best is trial 0 with value: 131.3783416748047.
LOCAL_RANK: 0 - CUDA_VISIBLE_DEVICES: [0]
[I 2023-12-27 11:26:06,813] Trial 34 finished with value: 434.1002502441406 and parameters: {'gradient_clip_val': 0.18560534396226083, 'hidden_size': 39, 'dropout': 0.26384484612206316, 'hidden_continuous_size': 14, 'attention_head_size': 4, 'learning_rate': 0.0021272096680302623}. Best is trial 0 with value: 131.3783416748047.
LOCAL_RANK: 0 - CUDA_VISIBLE_DEVICES: [0]
[I 2023-12-27 11:26:07,309] Trial 35 finished with value: 432.0446472167969 and parameters: {'gradient_clip_val': 0.23099236321978028, 'hidden_size': 64, 'dropout': 0.2277343963626957, 'hidden_continuous_size': 22, 'attention_head_size': 2, 'learning_rate': 0.003696215716050528}. Best is trial 0 with value: 131.3783416748047.
LOCAL_RANK: 0 - CUDA_VISIBLE_DEVICES: [0]
[I 2023-12-27 11:26:07,805] Trial 36 finished with value: 498.377685546875 and parameters: {'gradient_clip_val': 0.18718437923678002, 'hidden_size': 89, 'dropout': 0.17621518771234268, 'hidden_continuous_size': 25, 'attention_head_size': 3, 'learning_rate': 0.004752888371441007}. Best is trial 0 with value: 131.3783416748047.
LOCAL_RANK: 0 - CUDA_VISIBLE_DEVICES: [0]
[I 2023-12-27 11:26:08,291] Trial 37 finished with value: 387.8193664550781 and parameters: {'gradient_clip_val': 0.2385366452311153, 'hidden_size': 48, 'dropout': 0.2583040373221739, 'hidden_continuous_size': 17, 'attention_head_size': 4, 'learning_rate': 0.001321363323482777}. Best is trial 0 with value: 131.3783416748047.
LOCAL_RANK: 0 - CUDA_VISIBLE_DEVICES: [0]
[I 2023-12-27 11:26:09,007] Trial 38 finished with value: 510.4060974121094 and parameters: {'gradient_clip_val': 0.281010550082596, 'hidden_size': 35, 'dropout': 0.298008412068315, 'hidden_continuous_size': 15, 'attention_head_size': 3, 'learning_rate': 0.0034083272811328553}. Best is trial 0 with value: 131.3783416748047.
LOCAL_RANK: 0 - CUDA_VISIBLE_DEVICES: [0]
[I 2023-12-27 11:26:09,410] Trial 39 finished with value: 473.9180603027344 and parameters: {'gradient_clip_val': 0.3483287231877158, 'hidden_size': 5, 'dropout': 0.23797957949874943, 'hidden_continuous_size': 5, 'attention_head_size': 1, 'learning_rate': 0.000986175579669399}. Best is trial 0 with value: 131.3783416748047.
LOCAL_RANK: 0 - CUDA_VISIBLE_DEVICES: [0]
[I 2023-12-27 11:26:09,895] Trial 40 finished with value: 424.4207458496094 and parameters: {'gradient_clip_val': 0.44078452816422226, 'hidden_size': 25, 'dropout': 0.3230052472012717, 'hidden_continuous_size': 13, 'attention_head_size': 3, 'learning_rate': 0.0018922244512876549}. Best is trial 0 with value: 131.3783416748047.
LOCAL_RANK: 0 - CUDA_VISIBLE_DEVICES: [0]
[I 2023-12-27 11:26:10,390] Trial 41 finished with value: 509.7740783691406 and parameters: {'gradient_clip_val': 0.1768558346143421, 'hidden_size': 59, 'dropout': 0.28041082500364783, 'hidden_continuous_size': 19, 'attention_head_size': 4, 'learning_rate': 0.006457486941542066}. Best is trial 0 with value: 131.3783416748047.
LOCAL_RANK: 0 - CUDA_VISIBLE_DEVICES: [0]
[I 2023-12-27 11:26:10,872] Trial 42 finished with value: 357.2962951660156 and parameters: {'gradient_clip_val': 0.1530039458995825, 'hidden_size': 42, 'dropout': 0.32408216070472984, 'hidden_continuous_size': 14, 'attention_head_size': 4, 'learning_rate': 0.004097621405151238}. Best is trial 0 with value: 131.3783416748047.
LOCAL_RANK: 0 - CUDA_VISIBLE_DEVICES: [0]
[I 2023-12-27 11:26:11,364] Trial 43 finished with value: 431.5577087402344 and parameters: {'gradient_clip_val': 0.24811995848650198, 'hidden_size': 70, 'dropout': 0.29060465803121865, 'hidden_continuous_size': 16, 'attention_head_size': 4, 'learning_rate': 0.008044229727482382}. Best is trial 0 with value: 131.3783416748047.
LOCAL_RANK: 0 - CUDA_VISIBLE_DEVICES: [0]
[I 2023-12-27 11:26:11,858] Trial 44 finished with value: 421.5411682128906 and parameters: {'gradient_clip_val': 0.29990277042885755, 'hidden_size': 54, 'dropout': 0.2559431386767899, 'hidden_continuous_size': 18, 'attention_head_size': 3, 'learning_rate': 0.003119947488954396}. Best is trial 0 with value: 131.3783416748047.
LOCAL_RANK: 0 - CUDA_VISIBLE_DEVICES: [0]
[I 2023-12-27 11:26:12,329] Trial 45 finished with value: 535.1217041015625 and parameters: {'gradient_clip_val': 0.19930428421539506, 'hidden_size': 35, 'dropout': 0.21110860276975274, 'hidden_continuous_size': 20, 'attention_head_size': 4, 'learning_rate': 0.00493941524829331}. Best is trial 0 with value: 131.3783416748047.
LOCAL_RANK: 0 - CUDA_VISIBLE_DEVICES: [0]
[I 2023-12-27 11:26:12,810] Trial 46 finished with value: 393.0172424316406 and parameters: {'gradient_clip_val': 0.37146638240814533, 'hidden_size': 100, 'dropout': 0.34109260917761186, 'hidden_continuous_size': 24, 'attention_head_size': 1, 'learning_rate': 0.0026624758744451535}. Best is trial 0 with value: 131.3783416748047.
LOCAL_RANK: 0 - CUDA_VISIBLE_DEVICES: [0]
[I 2023-12-27 11:26:13,277] Trial 47 finished with value: 391.7113037109375 and parameters: {'gradient_clip_val': 0.3204316009876638, 'hidden_size': 7, 'dropout': 0.2728989779876613, 'hidden_continuous_size': 6, 'attention_head_size': 2, 'learning_rate': 0.0017105217726712905}. Best is trial 0 with value: 131.3783416748047.
LOCAL_RANK: 0 - CUDA_VISIBLE_DEVICES: [0]
[I 2023-12-27 11:26:13,732] Trial 48 finished with value: 407.8977355957031 and parameters: {'gradient_clip_val': 0.2270618189779524, 'hidden_size': 48, 'dropout': 0.10769495265394798, 'hidden_continuous_size': 22, 'attention_head_size': 3, 'learning_rate': 0.002248093447178964}. Best is trial 0 with value: 131.3783416748047.
LOCAL_RANK: 0 - CUDA_VISIBLE_DEVICES: [0]
[I 2023-12-27 11:26:14,199] Trial 49 finished with value: 474.4726867675781 and parameters: {'gradient_clip_val': 0.1652695731532682, 'hidden_size': 14, 'dropout': 0.2384136484042733, 'hidden_continuous_size': 9, 'attention_head_size': 4, 'learning_rate': 0.004002704594367844}. Best is trial 0 with value: 131.3783416748047.
[I 2023-12-27 11:26:14,328] A new study created in memory with name: no-name-15f1585c-8b7e-4b1f-8dff-4273b65dc777
/home/le004/conda/anaconda3/envs/tsff_env/lib/python3.9/site-packages/lightning/fabric/plugins/environments/slurm.py:191: The `srun` command is available on your system but is not used. HINT: If your intention is to run Lightning on SLURM, prepend your python command with `srun` like so: srun python /home/le004/master_thesis/git/TSFusionForecast/code/ ...
LOCAL_RANK: 0 - CUDA_VISIBLE_DEVICES: [0]
[I 2023-12-27 11:26:43,277] Trial 0 finished with value: 87.7617416381836 and parameters: {'gradient_clip_val': 0.11666877393049677, 'hidden_size': 42, 'dropout': 0.39532740234959507, 'hidden_continuous_size': 10, 'attention_head_size': 1, 'learning_rate': 0.0024705642151100914}. Best is trial 0 with value: 87.7617416381836.
LOCAL_RANK: 0 - CUDA_VISIBLE_DEVICES: [0]
[I 2023-12-27 11:26:48,628] Trial 1 finished with value: 166.2681884765625 and parameters: {'gradient_clip_val': 0.19416346979303473, 'hidden_size': 6, 'dropout': 0.22648390201064725, 'hidden_continuous_size': 5, 'attention_head_size': 4, 'learning_rate': 0.0681421107454789}. Best is trial 0 with value: 87.7617416381836.
LOCAL_RANK: 0 - CUDA_VISIBLE_DEVICES: [0]
[I 2023-12-27 11:26:49,015] Trial 2 finished with value: 329.8320007324219 and parameters: {'gradient_clip_val': 0.6607567968312967, 'hidden_size': 5, 'dropout': 0.10239186207539125, 'hidden_continuous_size': 5, 'attention_head_size': 1, 'learning_rate': 0.0008337460614070768}. Best is trial 0 with value: 87.7617416381836.
LOCAL_RANK: 0 - CUDA_VISIBLE_DEVICES: [0]
[I 2023-12-27 11:26:49,477] Trial 3 finished with value: 225.184326171875 and parameters: {'gradient_clip_val': 0.536640794902586, 'hidden_size': 86, 'dropout': 0.4713470022554094, 'hidden_continuous_size': 8, 'attention_head_size': 4, 'learning_rate': 0.0009891448012393294}. Best is trial 0 with value: 87.7617416381836.
LOCAL_RANK: 0 - CUDA_VISIBLE_DEVICES: [0]
[I 2023-12-27 11:26:49,938] Trial 4 finished with value: 340.2042541503906 and parameters: {'gradient_clip_val': 0.2840659967839115, 'hidden_size': 90, 'dropout': 0.10847235755235154, 'hidden_continuous_size': 11, 'attention_head_size': 3, 'learning_rate': 0.0012484624627480193}. Best is trial 0 with value: 87.7617416381836.
LOCAL_RANK: 0 - CUDA_VISIBLE_DEVICES: [0]
[I 2023-12-27 11:26:50,413] Trial 5 finished with value: 232.76171875 and parameters: {'gradient_clip_val': 0.5236348885483558, 'hidden_size': 99, 'dropout': 0.3217082120390289, 'hidden_continuous_size': 43, 'attention_head_size': 4, 'learning_rate': 0.0013707814961665104}. Best is trial 0 with value: 87.7617416381836.
LOCAL_RANK: 0 - CUDA_VISIBLE_DEVICES: [0]
[I 2023-12-27 11:26:50,840] Trial 6 finished with value: 332.8550720214844 and parameters: {'gradient_clip_val': 0.4961114418369072, 'hidden_size': 12, 'dropout': 0.2615290761563873, 'hidden_continuous_size': 9, 'attention_head_size': 1, 'learning_rate': 0.001383239495511117}. Best is trial 0 with value: 87.7617416381836.
LOCAL_RANK: 0 - CUDA_VISIBLE_DEVICES: [0]
[I 2023-12-27 11:26:51,255] Trial 7 finished with value: 328.5143737792969 and parameters: {'gradient_clip_val': 0.18941214941698384, 'hidden_size': 14, 'dropout': 0.15292646071794516, 'hidden_continuous_size': 5, 'attention_head_size': 4, 'learning_rate': 0.0048467228053484055}. Best is trial 0 with value: 87.7617416381836.
LOCAL_RANK: 0 - CUDA_VISIBLE_DEVICES: [0]
[I 2023-12-27 11:26:51,734] Trial 8 finished with value: 280.4753112792969 and parameters: {'gradient_clip_val': 0.43381122480107026, 'hidden_size': 110, 'dropout': 0.3425431215984483, 'hidden_continuous_size': 60, 'attention_head_size': 4, 'learning_rate': 0.0029547256060556636}. Best is trial 0 with value: 87.7617416381836.
LOCAL_RANK: 0 - CUDA_VISIBLE_DEVICES: [0]
[I 2023-12-27 11:26:52,143] Trial 9 finished with value: 326.390869140625 and parameters: {'gradient_clip_val': 0.28240545598546285, 'hidden_size': 12, 'dropout': 0.48376758946860987, 'hidden_continuous_size': 8, 'attention_head_size': 1, 'learning_rate': 0.010726842583193834}. Best is trial 0 with value: 87.7617416381836.
LOCAL_RANK: 0 - CUDA_VISIBLE_DEVICES: [0]
[I 2023-12-27 11:26:52,580] Trial 10 finished with value: 285.077880859375 and parameters: {'gradient_clip_val': 0.10387276714901011, 'hidden_size': 35, 'dropout': 0.39519406725446465, 'hidden_continuous_size': 17, 'attention_head_size': 2, 'learning_rate': 0.0005305023438919716}. Best is trial 0 with value: 87.7617416381836.
LOCAL_RANK: 0 - CUDA_VISIBLE_DEVICES: [0]
[I 2023-12-27 11:26:53,331] Trial 11 finished with value: 367.9122619628906 and parameters: {'gradient_clip_val': 0.12173229281331785, 'hidden_size': 36, 'dropout': 0.23212440017007765, 'hidden_continuous_size': 5, 'attention_head_size': 2, 'learning_rate': 0.06889765424052534}. Best is trial 0 with value: 87.7617416381836.
LOCAL_RANK: 0 - CUDA_VISIBLE_DEVICES: [0]
[I 2023-12-27 11:26:53,761] Trial 12 finished with value: 358.2336730957031 and parameters: {'gradient_clip_val': 0.16592027193064757, 'hidden_size': 6, 'dropout': 0.22648708081154714, 'hidden_continuous_size': 5, 'attention_head_size': 3, 'learning_rate': 0.08881657768969671}. Best is trial 0 with value: 87.7617416381836.
LOCAL_RANK: 0 - CUDA_VISIBLE_DEVICES: [0]
[I 2023-12-27 11:26:54,234] Trial 13 finished with value: 228.63218688964844 and parameters: {'gradient_clip_val': 0.16923134455162278, 'hidden_size': 23, 'dropout': 0.4068731330570951, 'hidden_continuous_size': 7, 'attention_head_size': 2, 'learning_rate': 0.018174760485011397}. Best is trial 0 with value: 87.7617416381836.
LOCAL_RANK: 0 - CUDA_VISIBLE_DEVICES: [0]
[I 2023-12-27 11:26:54,686] Trial 14 finished with value: 263.2260437011719 and parameters: {'gradient_clip_val': 0.9601163550988868, 'hidden_size': 54, 'dropout': 0.285575757912638, 'hidden_continuous_size': 13, 'attention_head_size': 3, 'learning_rate': 0.028624151190346905}. Best is trial 0 with value: 87.7617416381836.
LOCAL_RANK: 0 - CUDA_VISIBLE_DEVICES: [0]
[I 2023-12-27 11:26:55,127] Trial 15 finished with value: 294.7555847167969 and parameters: {'gradient_clip_val': 0.1317269123993493, 'hidden_size': 7, 'dropout': 0.20324802682485404, 'hidden_continuous_size': 5, 'attention_head_size': 2, 'learning_rate': 0.005701761113165318}. Best is trial 0 with value: 87.7617416381836.
LOCAL_RANK: 0 - CUDA_VISIBLE_DEVICES: [0]
[I 2023-12-27 11:26:55,621] Trial 16 finished with value: 357.48828125 and parameters: {'gradient_clip_val': 0.22095905373159297, 'hidden_size': 19, 'dropout': 0.35538144973215813, 'hidden_continuous_size': 6, 'attention_head_size': 3, 'learning_rate': 0.002917910068460955}. Best is trial 0 with value: 87.7617416381836.
LOCAL_RANK: 0 - CUDA_VISIBLE_DEVICES: [0]
[I 2023-12-27 11:26:56,095] Trial 17 finished with value: 285.5452575683594 and parameters: {'gradient_clip_val': 0.10283572989357646, 'hidden_size': 9, 'dropout': 0.28945470802413814, 'hidden_continuous_size': 6, 'attention_head_size': 1, 'learning_rate': 0.04168108997554715}. Best is trial 0 with value: 87.7617416381836.
LOCAL_RANK: 0 - CUDA_VISIBLE_DEVICES: [0]
[I 2023-12-27 11:26:56,521] Trial 18 finished with value: 258.3934020996094 and parameters: {'gradient_clip_val': 0.13527279963196046, 'hidden_size': 5, 'dropout': 0.3890902466847898, 'hidden_continuous_size': 5, 'attention_head_size': 3, 'learning_rate': 0.015341441227946768}. Best is trial 0 with value: 87.7617416381836.
LOCAL_RANK: 0 - CUDA_VISIBLE_DEVICES: [0]
[I 2023-12-27 11:26:57,027] Trial 19 finished with value: 280.5649719238281 and parameters: {'gradient_clip_val': 0.23727870542056445, 'hidden_size': 145, 'dropout': 0.3196905154459378, 'hidden_continuous_size': 20, 'attention_head_size': 2, 'learning_rate': 0.00851440537394387}. Best is trial 0 with value: 87.7617416381836.
LOCAL_RANK: 0 - CUDA_VISIBLE_DEVICES: [0]
[I 2023-12-27 11:26:57,490] Trial 20 finished with value: 340.9583435058594 and parameters: {'gradient_clip_val': 0.1542646825295892, 'hidden_size': 8, 'dropout': 0.19093370502507828, 'hidden_continuous_size': 6, 'attention_head_size': 4, 'learning_rate': 0.05375464878824183}. Best is trial 0 with value: 87.7617416381836.
LOCAL_RANK: 0 - CUDA_VISIBLE_DEVICES: [0]
[I 2023-12-27 11:26:57,960] Trial 21 finished with value: 433.3711853027344 and parameters: {'gradient_clip_val': 0.3513260169187443, 'hidden_size': 60, 'dropout': 0.4993201172012776, 'hidden_continuous_size': 9, 'attention_head_size': 4, 'learning_rate': 0.0024335695437402356}. Best is trial 0 with value: 87.7617416381836.
LOCAL_RANK: 0 - CUDA_VISIBLE_DEVICES: [0]
[I 2023-12-27 11:26:58,436] Trial 22 finished with value: 265.1498107910156 and parameters: {'gradient_clip_val': 0.21721763721217988, 'hidden_size': 31, 'dropout': 0.4618180149663067, 'hidden_continuous_size': 8, 'attention_head_size': 4, 'learning_rate': 0.09600855551622971}. Best is trial 0 with value: 87.7617416381836.
LOCAL_RANK: 0 - CUDA_VISIBLE_DEVICES: [0]
[I 2023-12-27 11:26:58,925] Trial 23 finished with value: 387.8650817871094 and parameters: {'gradient_clip_val': 0.3643721986320877, 'hidden_size': 62, 'dropout': 0.44621921983434354, 'hidden_continuous_size': 13, 'attention_head_size': 4, 'learning_rate': 0.03510905517418413}. Best is trial 0 with value: 87.7617416381836.
LOCAL_RANK: 0 - CUDA_VISIBLE_DEVICES: [0]
[I 2023-12-27 11:26:59,606] Trial 24 finished with value: 255.3070068359375 and parameters: {'gradient_clip_val': 0.196584553620097, 'hidden_size': 23, 'dropout': 0.4363275997025444, 'hidden_continuous_size': 7, 'attention_head_size': 3, 'learning_rate': 0.0045211210212116534}. Best is trial 0 with value: 87.7617416381836.
LOCAL_RANK: 0 - CUDA_VISIBLE_DEVICES: [0]
[I 2023-12-27 11:27:00,055] Trial 25 finished with value: 344.6641540527344 and parameters: {'gradient_clip_val': 0.24812816911328892, 'hidden_size': 42, 'dropout': 0.42620127487590787, 'hidden_continuous_size': 10, 'attention_head_size': 4, 'learning_rate': 0.002036585996985446}. Best is trial 0 with value: 87.7617416381836.
LOCAL_RANK: 0 - CUDA_VISIBLE_DEVICES: [0]
[I 2023-12-27 11:27:00,501] Trial 26 finished with value: 296.6073303222656 and parameters: {'gradient_clip_val': 0.14788476970571907, 'hidden_size': 48, 'dropout': 0.4684238594807339, 'hidden_continuous_size': 11, 'attention_head_size': 3, 'learning_rate': 0.02527272553152494}. Best is trial 0 with value: 87.7617416381836.
LOCAL_RANK: 0 - CUDA_VISIBLE_DEVICES: [0]
[I 2023-12-27 11:27:00,986] Trial 27 finished with value: 369.3717346191406 and parameters: {'gradient_clip_val': 0.18334399659203832, 'hidden_size': 29, 'dropout': 0.3708640144274883, 'hidden_continuous_size': 7, 'attention_head_size': 1, 'learning_rate': 0.00831572669359484}. Best is trial 0 with value: 87.7617416381836.
LOCAL_RANK: 0 - CUDA_VISIBLE_DEVICES: [0]
[I 2023-12-27 11:27:01,498] Trial 28 finished with value: 347.8677673339844 and parameters: {'gradient_clip_val': 0.12040340672248145, 'hidden_size': 68, 'dropout': 0.42259427582472636, 'hidden_continuous_size': 8, 'attention_head_size': 4, 'learning_rate': 0.014101356826832105}. Best is trial 0 with value: 87.7617416381836.
LOCAL_RANK: 0 - CUDA_VISIBLE_DEVICES: [0]
[I 2023-12-27 11:27:01,985] Trial 29 finished with value: 436.6312561035156 and parameters: {'gradient_clip_val': 0.6680168357325595, 'hidden_size': 41, 'dropout': 0.4644569918834539, 'hidden_continuous_size': 6, 'attention_head_size': 1, 'learning_rate': 0.000610877227210828}. Best is trial 0 with value: 87.7617416381836.
LOCAL_RANK: 0 - CUDA_VISIBLE_DEVICES: [0]
[I 2023-12-27 11:27:02,487] Trial 30 finished with value: 357.9916076660156 and parameters: {'gradient_clip_val': 0.14937688060236795, 'hidden_size': 72, 'dropout': 0.37446715434096034, 'hidden_continuous_size': 17, 'attention_head_size': 2, 'learning_rate': 0.0008590650484283356}. Best is trial 0 with value: 87.7617416381836.
LOCAL_RANK: 0 - CUDA_VISIBLE_DEVICES: [0]
[I 2023-12-27 11:27:02,965] Trial 31 finished with value: 296.4225158691406 and parameters: {'gradient_clip_val': 0.17473863272752846, 'hidden_size': 20, 'dropout': 0.4047021520486049, 'hidden_continuous_size': 7, 'attention_head_size': 2, 'learning_rate': 0.019229762052002254}. Best is trial 0 with value: 87.7617416381836.
LOCAL_RANK: 0 - CUDA_VISIBLE_DEVICES: [0]
[I 2023-12-27 11:27:03,416] Trial 32 finished with value: 306.5347595214844 and parameters: {'gradient_clip_val': 0.27287916533451856, 'hidden_size': 25, 'dropout': 0.4142210303398916, 'hidden_continuous_size': 7, 'attention_head_size': 1, 'learning_rate': 0.04110727616734424}. Best is trial 0 with value: 87.7617416381836.
LOCAL_RANK: 0 - CUDA_VISIBLE_DEVICES: [0]
[I 2023-12-27 11:27:03,914] Trial 33 finished with value: 251.6349334716797 and parameters: {'gradient_clip_val': 0.20548913973626137, 'hidden_size': 77, 'dropout': 0.4481515227500687, 'hidden_continuous_size': 10, 'attention_head_size': 2, 'learning_rate': 0.022696306677812104}. Best is trial 0 with value: 87.7617416381836.
LOCAL_RANK: 0 - CUDA_VISIBLE_DEVICES: [0]
[I 2023-12-27 11:27:04,396] Trial 34 finished with value: 256.7983703613281 and parameters: {'gradient_clip_val': 0.17744583983649526, 'hidden_size': 16, 'dropout': 0.49503731431384507, 'hidden_continuous_size': 8, 'attention_head_size': 1, 'learning_rate': 0.001146908640497634}. Best is trial 0 with value: 87.7617416381836.
LOCAL_RANK: 0 - CUDA_VISIBLE_DEVICES: [0]
[I 2023-12-27 11:27:04,898] Trial 35 finished with value: 282.540771484375 and parameters: {'gradient_clip_val': 0.15965928697327786, 'hidden_size': 49, 'dropout': 0.41148084876455726, 'hidden_continuous_size': 6, 'attention_head_size': 3, 'learning_rate': 0.04983108157287016}. Best is trial 0 with value: 87.7617416381836.
LOCAL_RANK: 0 - CUDA_VISIBLE_DEVICES: [0]
[I 2023-12-27 11:27:05,362] Trial 36 finished with value: 284.0105895996094 and parameters: {'gradient_clip_val': 0.24493087920030523, 'hidden_size': 86, 'dropout': 0.3363939931863685, 'hidden_continuous_size': 12, 'attention_head_size': 4, 'learning_rate': 0.0015462569171430915}. Best is trial 0 with value: 87.7617416381836.
LOCAL_RANK: 0 - CUDA_VISIBLE_DEVICES: [0]
[I 2023-12-27 11:27:05,791] Trial 37 finished with value: 307.2819519042969 and parameters: {'gradient_clip_val': 0.11525806389779202, 'hidden_size': 12, 'dropout': 0.37891368008216053, 'hidden_continuous_size': 7, 'attention_head_size': 1, 'learning_rate': 0.0008664303153113459}. Best is trial 0 with value: 87.7617416381836.
LOCAL_RANK: 0 - CUDA_VISIBLE_DEVICES: [0]
[I 2023-12-27 11:27:06,530] Trial 38 finished with value: 328.1044006347656 and parameters: {'gradient_clip_val': 0.30339686910409147, 'hidden_size': 29, 'dropout': 0.31229154523041625, 'hidden_continuous_size': 9, 'attention_head_size': 2, 'learning_rate': 0.00372332466832791}. Best is trial 0 with value: 87.7617416381836.
LOCAL_RANK: 0 - CUDA_VISIBLE_DEVICES: [0]
[I 2023-12-27 11:27:07,060] Trial 39 finished with value: 312.9998779296875 and parameters: {'gradient_clip_val': 0.10042442099143568, 'hidden_size': 106, 'dropout': 0.4749514049821902, 'hidden_continuous_size': 27, 'attention_head_size': 4, 'learning_rate': 0.005858830115195442}. Best is trial 0 with value: 87.7617416381836.
LOCAL_RANK: 0 - CUDA_VISIBLE_DEVICES: [0]
[I 2023-12-27 11:27:07,545] Trial 40 finished with value: 340.5858154296875 and parameters: {'gradient_clip_val': 0.13911009479509348, 'hidden_size': 10, 'dropout': 0.3602539322011822, 'hidden_continuous_size': 6, 'attention_head_size': 3, 'learning_rate': 0.0018444794107164246}. Best is trial 0 with value: 87.7617416381836.
LOCAL_RANK: 0 - CUDA_VISIBLE_DEVICES: [0]
