[I 2023-12-27 10:53:55,055] Trial 6 finished with value: 10.227202415466309 and parameters: {'gradient_clip_val': 0.2127133704391273, 'hidden_size': 22, 'dropout': 0.26287973365296186, 'hidden_continuous_size': 16, 'attention_head_size': 4, 'learning_rate': 0.015873237252122138}. Best is trial 1 with value: 3.0858066082000732.
LOCAL_RANK: 0 - CUDA_VISIBLE_DEVICES: [0]
[I 2023-12-27 10:53:55,594] Trial 7 finished with value: 11.439148902893066 and parameters: {'gradient_clip_val': 0.5493000617395504, 'hidden_size': 140, 'dropout': 0.37879170298889664, 'hidden_continuous_size': 38, 'attention_head_size': 1, 'learning_rate': 0.0007570010642145698}. Best is trial 1 with value: 3.0858066082000732.
LOCAL_RANK: 0 - CUDA_VISIBLE_DEVICES: [0]
[I 2023-12-27 10:53:56,100] Trial 8 finished with value: 14.210320472717285 and parameters: {'gradient_clip_val': 0.34969564925955204, 'hidden_size': 10, 'dropout': 0.16461466905704047, 'hidden_continuous_size': 7, 'attention_head_size': 2, 'learning_rate': 0.011091585663506574}. Best is trial 1 with value: 3.0858066082000732.
LOCAL_RANK: 0 - CUDA_VISIBLE_DEVICES: [0]
[I 2023-12-27 10:53:56,661] Trial 9 finished with value: 11.52546215057373 and parameters: {'gradient_clip_val': 0.2553806621616497, 'hidden_size': 135, 'dropout': 0.1746954341222589, 'hidden_continuous_size': 74, 'attention_head_size': 2, 'learning_rate': 0.05319621844768038}. Best is trial 1 with value: 3.0858066082000732.
LOCAL_RANK: 0 - CUDA_VISIBLE_DEVICES: [0]
[I 2023-12-27 10:53:57,156] Trial 10 finished with value: 10.135429382324219 and parameters: {'gradient_clip_val': 0.13622818089405306, 'hidden_size': 5, 'dropout': 0.10425771477200946, 'hidden_continuous_size': 5, 'attention_head_size': 3, 'learning_rate': 0.09178973887638397}. Best is trial 1 with value: 3.0858066082000732.
LOCAL_RANK: 0 - CUDA_VISIBLE_DEVICES: [0]
[I 2023-12-27 10:53:57,687] Trial 11 finished with value: 14.750178337097168 and parameters: {'gradient_clip_val': 0.5181566570973591, 'hidden_size': 40, 'dropout': 0.21732340954203433, 'hidden_continuous_size': 10, 'attention_head_size': 1, 'learning_rate': 0.003255923274473951}. Best is trial 1 with value: 3.0858066082000732.
LOCAL_RANK: 0 - CUDA_VISIBLE_DEVICES: [0]
[I 2023-12-27 10:53:58,203] Trial 12 finished with value: 9.040899276733398 and parameters: {'gradient_clip_val': 0.10001728273257297, 'hidden_size': 14, 'dropout': 0.21144868172338965, 'hidden_continuous_size': 7, 'attention_head_size': 1, 'learning_rate': 0.003905282024000279}. Best is trial 1 with value: 3.0858066082000732.
LOCAL_RANK: 0 - CUDA_VISIBLE_DEVICES: [0]
[I 2023-12-27 10:53:58,665] Trial 13 finished with value: 7.6384053230285645 and parameters: {'gradient_clip_val': 0.8323421324468635, 'hidden_size': 5, 'dropout': 0.10700197512109516, 'hidden_continuous_size': 5, 'attention_head_size': 2, 'learning_rate': 0.0005549940335490414}. Best is trial 1 with value: 3.0858066082000732.
LOCAL_RANK: 0 - CUDA_VISIBLE_DEVICES: [0]
[I 2023-12-27 10:53:59,221] Trial 14 finished with value: 12.981717109680176 and parameters: {'gradient_clip_val': 0.43289469059965663, 'hidden_size': 55, 'dropout': 0.2217673490663883, 'hidden_continuous_size': 14, 'attention_head_size': 3, 'learning_rate': 0.024981857417229178}. Best is trial 1 with value: 3.0858066082000732.
LOCAL_RANK: 0 - CUDA_VISIBLE_DEVICES: [0]
[I 2023-12-27 10:53:59,726] Trial 15 finished with value: 11.70946216583252 and parameters: {'gradient_clip_val': 0.7225642920110373, 'hidden_size': 14, 'dropout': 0.17159029972898607, 'hidden_continuous_size': 6, 'attention_head_size': 1, 'learning_rate': 0.004720779192870598}. Best is trial 1 with value: 3.0858066082000732.
LOCAL_RANK: 0 - CUDA_VISIBLE_DEVICES: [0]
[I 2023-12-27 10:54:00,265] Trial 16 finished with value: 12.520782470703125 and parameters: {'gradient_clip_val': 0.6559338011818044, 'hidden_size': 66, 'dropout': 0.26964013437467976, 'hidden_continuous_size': 23, 'attention_head_size': 2, 'learning_rate': 0.002082279896817998}. Best is trial 1 with value: 3.0858066082000732.
LOCAL_RANK: 0 - CUDA_VISIBLE_DEVICES: [0]
[I 2023-12-27 10:54:00,776] Trial 17 finished with value: 17.119369506835938 and parameters: {'gradient_clip_val': 0.28399811024093413, 'hidden_size': 16, 'dropout': 0.1631284564019703, 'hidden_continuous_size': 8, 'attention_head_size': 1, 'learning_rate': 0.0005131291879430105}. Best is trial 1 with value: 3.0858066082000732.
LOCAL_RANK: 0 - CUDA_VISIBLE_DEVICES: [0]
[I 2023-12-27 10:54:01,567] Trial 18 finished with value: 13.758515357971191 and parameters: {'gradient_clip_val': 0.4283208433779998, 'hidden_size': 28, 'dropout': 0.20683667138090053, 'hidden_continuous_size': 9, 'attention_head_size': 2, 'learning_rate': 0.005688095759857854}. Best is trial 1 with value: 3.0858066082000732.
LOCAL_RANK: 0 - CUDA_VISIBLE_DEVICES: [0]
[I 2023-12-27 10:54:02,073] Trial 19 finished with value: 11.597262382507324 and parameters: {'gradient_clip_val': 0.7063676162352251, 'hidden_size': 10, 'dropout': 0.13282787417053155, 'hidden_continuous_size': 6, 'attention_head_size': 3, 'learning_rate': 0.0020268816864516532}. Best is trial 1 with value: 3.0858066082000732.
LOCAL_RANK: 0 - CUDA_VISIBLE_DEVICES: [0]
[I 2023-12-27 10:54:02,590] Trial 20 finished with value: 14.943196296691895 and parameters: {'gradient_clip_val': 0.989466949330541, 'hidden_size': 18, 'dropout': 0.2446691632556342, 'hidden_continuous_size': 9, 'attention_head_size': 1, 'learning_rate': 0.028910366847485644}. Best is trial 1 with value: 3.0858066082000732.
LOCAL_RANK: 0 - CUDA_VISIBLE_DEVICES: [0]
[I 2023-12-27 10:54:03,055] Trial 21 finished with value: 10.989120483398438 and parameters: {'gradient_clip_val': 0.7873176481247327, 'hidden_size': 5, 'dropout': 0.11914532480864724, 'hidden_continuous_size': 5, 'attention_head_size': 2, 'learning_rate': 0.0005037135185360332}. Best is trial 1 with value: 3.0858066082000732.
LOCAL_RANK: 0 - CUDA_VISIBLE_DEVICES: [0]
[I 2023-12-27 10:54:03,518] Trial 22 finished with value: 12.927090644836426 and parameters: {'gradient_clip_val': 0.5938148211710825, 'hidden_size': 5, 'dropout': 0.10805909953033156, 'hidden_continuous_size': 5, 'attention_head_size': 2, 'learning_rate': 0.0008020323651867901}. Best is trial 1 with value: 3.0858066082000732.
LOCAL_RANK: 0 - CUDA_VISIBLE_DEVICES: [0]
[I 2023-12-27 10:54:04,042] Trial 23 finished with value: 12.465911865234375 and parameters: {'gradient_clip_val': 0.8099351317865676, 'hidden_size': 7, 'dropout': 0.15401127591072758, 'hidden_continuous_size': 5, 'attention_head_size': 2, 'learning_rate': 0.0013807302165795429}. Best is trial 1 with value: 3.0858066082000732.
LOCAL_RANK: 0 - CUDA_VISIBLE_DEVICES: [0]
[I 2023-12-27 10:54:04,595] Trial 24 finished with value: 10.340511322021484 and parameters: {'gradient_clip_val': 0.44140284819208786, 'hidden_size': 11, 'dropout': 0.19083984511010227, 'hidden_continuous_size': 6, 'attention_head_size': 3, 'learning_rate': 0.002712731722244652}. Best is trial 1 with value: 3.0858066082000732.
LOCAL_RANK: 0 - CUDA_VISIBLE_DEVICES: [0]
[I 2023-12-27 10:54:05,106] Trial 25 finished with value: 14.675471305847168 and parameters: {'gradient_clip_val': 0.6179500066536643, 'hidden_size': 7, 'dropout': 0.13537385194738466, 'hidden_continuous_size': 5, 'attention_head_size': 2, 'learning_rate': 0.006827650581266078}. Best is trial 1 with value: 3.0858066082000732.
LOCAL_RANK: 0 - CUDA_VISIBLE_DEVICES: [0]
[I 2023-12-27 10:54:05,644] Trial 26 finished with value: 14.067741394042969 and parameters: {'gradient_clip_val': 0.9060092423146251, 'hidden_size': 6, 'dropout': 0.15149145136796832, 'hidden_continuous_size': 5, 'attention_head_size': 1, 'learning_rate': 0.0016252506800638407}. Best is trial 1 with value: 3.0858066082000732.
LOCAL_RANK: 0 - CUDA_VISIBLE_DEVICES: [0]
[I 2023-12-27 10:54:06,193] Trial 27 finished with value: 13.813774108886719 and parameters: {'gradient_clip_val': 0.776387352782301, 'hidden_size': 9, 'dropout': 0.17880565855926459, 'hidden_continuous_size': 6, 'attention_head_size': 2, 'learning_rate': 0.002491272191988793}. Best is trial 1 with value: 3.0858066082000732.
LOCAL_RANK: 0 - CUDA_VISIBLE_DEVICES: [0]
[I 2023-12-27 10:54:06,741] Trial 28 finished with value: 15.770686149597168 and parameters: {'gradient_clip_val': 0.5161533981749578, 'hidden_size': 13, 'dropout': 0.10418683499439227, 'hidden_continuous_size': 7, 'attention_head_size': 3, 'learning_rate': 0.004359489212779478}. Best is trial 1 with value: 3.0858066082000732.
LOCAL_RANK: 0 - CUDA_VISIBLE_DEVICES: [0]
[I 2023-12-27 10:54:07,258] Trial 29 finished with value: 14.842503547668457 and parameters: {'gradient_clip_val': 0.3709887818059135, 'hidden_size': 6, 'dropout': 0.19322132844300596, 'hidden_continuous_size': 5, 'attention_head_size': 1, 'learning_rate': 0.0006502332821725327}. Best is trial 1 with value: 3.0858066082000732.
LOCAL_RANK: 0 - CUDA_VISIBLE_DEVICES: [0]
[I 2023-12-27 10:54:07,758] Trial 30 finished with value: 12.698982238769531 and parameters: {'gradient_clip_val': 0.6176381696560035, 'hidden_size': 8, 'dropout': 0.13330782767752616, 'hidden_continuous_size': 5, 'attention_head_size': 1, 'learning_rate': 0.008290910693920933}. Best is trial 1 with value: 3.0858066082000732.
LOCAL_RANK: 0 - CUDA_VISIBLE_DEVICES: [0]
[I 2023-12-27 10:54:08,561] Trial 31 finished with value: 13.570212364196777 and parameters: {'gradient_clip_val': 0.32158845676242387, 'hidden_size': 12, 'dropout': 0.23399683375551428, 'hidden_continuous_size': 6, 'attention_head_size': 1, 'learning_rate': 0.0011456921787625436}. Best is trial 1 with value: 3.0858066082000732.
LOCAL_RANK: 0 - CUDA_VISIBLE_DEVICES: [0]
[I 2023-12-27 10:54:09,068] Trial 32 finished with value: 13.625744819641113 and parameters: {'gradient_clip_val': 0.11601327672775989, 'hidden_size': 16, 'dropout': 0.19663504601621318, 'hidden_continuous_size': 7, 'attention_head_size': 1, 'learning_rate': 0.0009296814894335817}. Best is trial 1 with value: 3.0858066082000732.
LOCAL_RANK: 0 - CUDA_VISIBLE_DEVICES: [0]
[I 2023-12-27 10:54:09,583] Trial 33 finished with value: 10.719345092773438 and parameters: {'gradient_clip_val': 0.1623702114353222, 'hidden_size': 9, 'dropout': 0.20938391678796212, 'hidden_continuous_size': 5, 'attention_head_size': 1, 'learning_rate': 0.0009475231692102099}. Best is trial 1 with value: 3.0858066082000732.
LOCAL_RANK: 0 - CUDA_VISIBLE_DEVICES: [0]
[I 2023-12-27 10:54:10,082] Trial 34 finished with value: 18.365629196166992 and parameters: {'gradient_clip_val': 0.10874441664320988, 'hidden_size': 8, 'dropout': 0.29661326395427773, 'hidden_continuous_size': 5, 'attention_head_size': 2, 'learning_rate': 0.0012829428036391299}. Best is trial 1 with value: 3.0858066082000732.
LOCAL_RANK: 0 - CUDA_VISIBLE_DEVICES: [0]
[I 2023-12-27 10:54:10,608] Trial 35 finished with value: 16.48533058166504 and parameters: {'gradient_clip_val': 0.4770791207288465, 'hidden_size': 12, 'dropout': 0.25009689616867437, 'hidden_continuous_size': 6, 'attention_head_size': 4, 'learning_rate': 0.010791822689672785}. Best is trial 1 with value: 3.0858066082000732.
LOCAL_RANK: 0 - CUDA_VISIBLE_DEVICES: [0]
[I 2023-12-27 10:54:11,145] Trial 36 finished with value: 9.796358108520508 and parameters: {'gradient_clip_val': 0.5566520302053084, 'hidden_size': 21, 'dropout': 0.22710454258561852, 'hidden_continuous_size': 7, 'attention_head_size': 1, 'learning_rate': 0.003330713490716254}. Best is trial 1 with value: 3.0858066082000732.
LOCAL_RANK: 0 - CUDA_VISIBLE_DEVICES: [0]
[I 2023-12-27 10:54:11,655] Trial 37 finished with value: 13.027705192565918 and parameters: {'gradient_clip_val': 0.3874945364553349, 'hidden_size': 6, 'dropout': 0.1511225791129812, 'hidden_continuous_size': 5, 'attention_head_size': 2, 'learning_rate': 0.0006611906098727573}. Best is trial 1 with value: 3.0858066082000732.
LOCAL_RANK: 0 - CUDA_VISIBLE_DEVICES: [0]
[I 2023-12-27 10:54:12,168] Trial 38 finished with value: 10.03939151763916 and parameters: {'gradient_clip_val': 0.1013261577523154, 'hidden_size': 10, 'dropout': 0.19088615242599152, 'hidden_continuous_size': 6, 'attention_head_size': 2, 'learning_rate': 0.001812840131968799}. Best is trial 1 with value: 3.0858066082000732.
LOCAL_RANK: 0 - CUDA_VISIBLE_DEVICES: [0]
[I 2023-12-27 10:54:12,707] Trial 39 finished with value: 10.540584564208984 and parameters: {'gradient_clip_val': 0.19532626308335216, 'hidden_size': 26, 'dropout': 0.26454604831430617, 'hidden_continuous_size': 8, 'attention_head_size': 1, 'learning_rate': 0.001271107590295121}. Best is trial 1 with value: 3.0858066082000732.
LOCAL_RANK: 0 - CUDA_VISIBLE_DEVICES: [0]
[I 2023-12-27 10:54:13,224] Trial 40 finished with value: 13.400100708007812 and parameters: {'gradient_clip_val': 0.2662140946153071, 'hidden_size': 14, 'dropout': 0.1748840863569082, 'hidden_continuous_size': 7, 'attention_head_size': 3, 'learning_rate': 0.014255416890735333}. Best is trial 1 with value: 3.0858066082000732.
LOCAL_RANK: 0 - CUDA_VISIBLE_DEVICES: [0]
[I 2023-12-27 10:54:13,771] Trial 41 finished with value: 13.028780937194824 and parameters: {'gradient_clip_val': 0.558012873096469, 'hidden_size': 20, 'dropout': 0.23298656842529275, 'hidden_continuous_size': 11, 'attention_head_size': 1, 'learning_rate': 0.00383524091684415}. Best is trial 1 with value: 3.0858066082000732.
LOCAL_RANK: 0 - CUDA_VISIBLE_DEVICES: [0]
[I 2023-12-27 10:54:14,309] Trial 42 finished with value: 17.889049530029297 and parameters: {'gradient_clip_val': 0.515594477909286, 'hidden_size': 23, 'dropout': 0.21916290301498853, 'hidden_continuous_size': 8, 'attention_head_size': 1, 'learning_rate': 0.003471137679916124}. Best is trial 1 with value: 3.0858066082000732.
LOCAL_RANK: 0 - CUDA_VISIBLE_DEVICES: [0]
[I 2023-12-27 10:54:14,788] Trial 43 finished with value: 13.01683521270752 and parameters: {'gradient_clip_val': 0.4678906224468804, 'hidden_size': 18, 'dropout': 0.20004422898703006, 'hidden_continuous_size': 7, 'attention_head_size': 1, 'learning_rate': 0.005493616508903899}. Best is trial 1 with value: 3.0858066082000732.
LOCAL_RANK: 0 - CUDA_VISIBLE_DEVICES: [0]
[I 2023-12-27 10:54:15,510] Trial 44 finished with value: 9.996316909790039 and parameters: {'gradient_clip_val': 0.6566529585966326, 'hidden_size': 34, 'dropout': 0.2227052994616857, 'hidden_continuous_size': 12, 'attention_head_size': 4, 'learning_rate': 0.002719540466630246}. Best is trial 1 with value: 3.0858066082000732.
LOCAL_RANK: 0 - CUDA_VISIBLE_DEVICES: [0]
[I 2023-12-27 10:54:15,967] Trial 45 finished with value: 12.834239959716797 and parameters: {'gradient_clip_val': 0.33160364027092604, 'hidden_size': 21, 'dropout': 0.2927299408451509, 'hidden_continuous_size': 8, 'attention_head_size': 1, 'learning_rate': 0.008052642014094433}. Best is trial 1 with value: 3.0858066082000732.
LOCAL_RANK: 0 - CUDA_VISIBLE_DEVICES: [0]
[I 2023-12-27 10:54:16,411] Trial 46 finished with value: 16.929643630981445 and parameters: {'gradient_clip_val': 0.3870420889636414, 'hidden_size': 16, 'dropout': 0.33020033735230453, 'hidden_continuous_size': 10, 'attention_head_size': 1, 'learning_rate': 0.001654053698175045}. Best is trial 1 with value: 3.0858066082000732.
LOCAL_RANK: 0 - CUDA_VISIBLE_DEVICES: [0]
[I 2023-12-27 10:54:16,894] Trial 47 finished with value: 16.68640899658203 and parameters: {'gradient_clip_val': 0.5743061809144924, 'hidden_size': 30, 'dropout': 0.17866933004053215, 'hidden_continuous_size': 15, 'attention_head_size': 2, 'learning_rate': 0.002212686483918658}. Best is trial 1 with value: 3.0858066082000732.
LOCAL_RANK: 0 - CUDA_VISIBLE_DEVICES: [0]
[I 2023-12-27 10:54:17,367] Trial 48 finished with value: 13.51226806640625 and parameters: {'gradient_clip_val': 0.3002944720280879, 'hidden_size': 24, 'dropout': 0.1577040397281235, 'hidden_continuous_size': 12, 'attention_head_size': 2, 'learning_rate': 0.00295966743999544}. Best is trial 1 with value: 3.0858066082000732.
LOCAL_RANK: 0 - CUDA_VISIBLE_DEVICES: [0]
[I 2023-12-27 10:54:17,837] Trial 49 finished with value: 12.242169380187988 and parameters: {'gradient_clip_val': 0.7006066104063768, 'hidden_size': 42, 'dropout': 0.20980566031982917, 'hidden_continuous_size': 17, 'attention_head_size': 1, 'learning_rate': 0.09483800001960724}. Best is trial 1 with value: 3.0858066082000732.
[I 2023-12-27 10:54:17,968] A new study created in memory with name: no-name-0ee5c4d9-edd5-4758-9772-8e8f9d6660e3
/home/le004/conda/anaconda3/envs/tsff_env/lib/python3.9/site-packages/lightning/fabric/plugins/environments/slurm.py:191: The `srun` command is available on your system but is not used. HINT: If your intention is to run Lightning on SLURM, prepend your python command with `srun` like so: srun python /home/le004/master_thesis/git/TSFusionForecast/code/ ...
LOCAL_RANK: 0 - CUDA_VISIBLE_DEVICES: [0]
[I 2023-12-27 10:54:38,014] Trial 0 finished with value: 73.4336166381836 and parameters: {'gradient_clip_val': 0.11291703044845382, 'hidden_size': 70, 'dropout': 0.18181299398830914, 'hidden_continuous_size': 56, 'attention_head_size': 2, 'learning_rate': 0.034043779357331994}. Best is trial 0 with value: 73.4336166381836.
LOCAL_RANK: 0 - CUDA_VISIBLE_DEVICES: [0]
[I 2023-12-27 10:54:38,460] Trial 1 finished with value: 295.4974060058594 and parameters: {'gradient_clip_val': 0.22126530617771822, 'hidden_size': 44, 'dropout': 0.4894314630248079, 'hidden_continuous_size': 14, 'attention_head_size': 3, 'learning_rate': 0.004405635538632787}. Best is trial 0 with value: 73.4336166381836.
LOCAL_RANK: 0 - CUDA_VISIBLE_DEVICES: [0]
[I 2023-12-27 10:54:38,860] Trial 2 finished with value: 259.849853515625 and parameters: {'gradient_clip_val': 0.7288662334674557, 'hidden_size': 8, 'dropout': 0.39626279454158186, 'hidden_continuous_size': 5, 'attention_head_size': 4, 'learning_rate': 0.0019855660414124423}. Best is trial 0 with value: 73.4336166381836.
LOCAL_RANK: 0 - CUDA_VISIBLE_DEVICES: [0]
[I 2023-12-27 10:54:39,303] Trial 3 finished with value: 307.6683044433594 and parameters: {'gradient_clip_val': 0.3758408165274243, 'hidden_size': 28, 'dropout': 0.29609226101669184, 'hidden_continuous_size': 16, 'attention_head_size': 4, 'learning_rate': 0.08926765441866656}. Best is trial 0 with value: 73.4336166381836.
LOCAL_RANK: 0 - CUDA_VISIBLE_DEVICES: [0]
[I 2023-12-27 10:54:39,757] Trial 4 finished with value: 265.8200988769531 and parameters: {'gradient_clip_val': 0.32491756822594486, 'hidden_size': 27, 'dropout': 0.463822632424437, 'hidden_continuous_size': 6, 'attention_head_size': 4, 'learning_rate': 0.007058463043332927}. Best is trial 0 with value: 73.4336166381836.
LOCAL_RANK: 0 - CUDA_VISIBLE_DEVICES: [0]
[I 2023-12-27 10:54:40,476] Trial 5 finished with value: 301.5635070800781 and parameters: {'gradient_clip_val': 0.8574663092952362, 'hidden_size': 31, 'dropout': 0.24914394377380156, 'hidden_continuous_size': 16, 'attention_head_size': 3, 'learning_rate': 0.0022152758285393956}. Best is trial 0 with value: 73.4336166381836.
LOCAL_RANK: 0 - CUDA_VISIBLE_DEVICES: [0]
[I 2023-12-27 10:54:40,849] Trial 6 finished with value: 309.3857116699219 and parameters: {'gradient_clip_val': 0.38417776742403537, 'hidden_size': 5, 'dropout': 0.24967351899795906, 'hidden_continuous_size': 5, 'attention_head_size': 2, 'learning_rate': 0.0009624570021429589}. Best is trial 0 with value: 73.4336166381836.
LOCAL_RANK: 0 - CUDA_VISIBLE_DEVICES: [0]
[I 2023-12-27 10:54:41,247] Trial 7 finished with value: 337.3088073730469 and parameters: {'gradient_clip_val': 0.26244700917003055, 'hidden_size': 8, 'dropout': 0.17254992446073728, 'hidden_continuous_size': 6, 'attention_head_size': 2, 'learning_rate': 0.08143436409667475}. Best is trial 0 with value: 73.4336166381836.
LOCAL_RANK: 0 - CUDA_VISIBLE_DEVICES: [0]
[I 2023-12-27 10:54:41,649] Trial 8 finished with value: 273.1726379394531 and parameters: {'gradient_clip_val': 0.5073361904992282, 'hidden_size': 9, 'dropout': 0.4645691667929339, 'hidden_continuous_size': 7, 'attention_head_size': 2, 'learning_rate': 0.0020172965463911368}. Best is trial 0 with value: 73.4336166381836.
LOCAL_RANK: 0 - CUDA_VISIBLE_DEVICES: [0]
[I 2023-12-27 10:54:42,060] Trial 9 finished with value: 295.8429260253906 and parameters: {'gradient_clip_val': 0.6930511442708751, 'hidden_size': 20, 'dropout': 0.28674916970655195, 'hidden_continuous_size': 15, 'attention_head_size': 2, 'learning_rate': 0.03224177735352671}. Best is trial 0 with value: 73.4336166381836.
LOCAL_RANK: 0 - CUDA_VISIBLE_DEVICES: [0]
[I 2023-12-27 10:54:42,561] Trial 10 finished with value: 301.0849304199219 and parameters: {'gradient_clip_val': 0.10288580012749428, 'hidden_size': 127, 'dropout': 0.10550593925188628, 'hidden_continuous_size': 80, 'attention_head_size': 1, 'learning_rate': 0.01836409063760271}. Best is trial 0 with value: 73.4336166381836.
LOCAL_RANK: 0 - CUDA_VISIBLE_DEVICES: [0]
[I 2023-12-27 10:54:43,034] Trial 11 finished with value: 295.4748840332031 and parameters: {'gradient_clip_val': 0.16283892127605132, 'hidden_size': 79, 'dropout': 0.36726002694213356, 'hidden_continuous_size': 42, 'attention_head_size': 1, 'learning_rate': 0.0006732544633856891}. Best is trial 0 with value: 73.4336166381836.
LOCAL_RANK: 0 - CUDA_VISIBLE_DEVICES: [0]
[I 2023-12-27 10:54:43,461] Trial 12 finished with value: 241.525146484375 and parameters: {'gradient_clip_val': 0.5842621029485487, 'hidden_size': 14, 'dropout': 0.37235263052319056, 'hidden_continuous_size': 5, 'attention_head_size': 3, 'learning_rate': 0.015421586365912761}. Best is trial 0 with value: 73.4336166381836.
LOCAL_RANK: 0 - CUDA_VISIBLE_DEVICES: [0]
[I 2023-12-27 10:54:43,932] Trial 13 finished with value: 277.4320068359375 and parameters: {'gradient_clip_val': 0.10083512163100454, 'hidden_size': 69, 'dropout': 0.35477797438134223, 'hidden_continuous_size': 30, 'attention_head_size': 3, 'learning_rate': 0.01869142249170298}. Best is trial 0 with value: 73.4336166381836.
LOCAL_RANK: 0 - CUDA_VISIBLE_DEVICES: [0]
