[I 2023-12-27 11:16:53,656] Trial 15 finished with value: 106.0937271118164 and parameters: {'gradient_clip_val': 0.1035613858680491, 'hidden_size': 14, 'dropout': 0.38651612656836354, 'hidden_continuous_size': 6, 'attention_head_size': 3, 'learning_rate': 0.0031922766506358087}. Best is trial 0 with value: 29.320350646972656.
[I 2023-12-27 11:16:54,042] Trial 16 finished with value: 109.37973022460938 and parameters: {'gradient_clip_val': 0.2344634938905921, 'hidden_size': 31, 'dropout': 0.301631503012689, 'hidden_continuous_size': 8, 'attention_head_size': 1, 'learning_rate': 0.032385897708936004}. Best is trial 0 with value: 29.320350646972656.
[I 2023-12-27 11:16:54,734] Trial 17 finished with value: 99.82901763916016 and parameters: {'gradient_clip_val': 0.5096646911654159, 'hidden_size': 81, 'dropout': 0.3637043675423957, 'hidden_continuous_size': 17, 'attention_head_size': 2, 'learning_rate': 0.0055923340766795915}. Best is trial 0 with value: 29.320350646972656.
[I 2023-12-27 11:16:55,105] Trial 18 finished with value: 99.1858901977539 and parameters: {'gradient_clip_val': 0.4003165730538273, 'hidden_size': 9, 'dropout': 0.2785048315174663, 'hidden_continuous_size': 5, 'attention_head_size': 1, 'learning_rate': 0.00167403251429666}. Best is trial 0 with value: 29.320350646972656.
[I 2023-12-27 11:16:55,617] Trial 19 finished with value: 85.64099884033203 and parameters: {'gradient_clip_val': 0.24758340614494748, 'hidden_size': 108, 'dropout': 0.3301371408955563, 'hidden_continuous_size': 28, 'attention_head_size': 2, 'learning_rate': 0.005738679458535081}. Best is trial 0 with value: 29.320350646972656.
[I 2023-12-27 11:16:56,026] Trial 20 finished with value: 102.9397964477539 and parameters: {'gradient_clip_val': 0.131428722041046, 'hidden_size': 48, 'dropout': 0.3882946823364018, 'hidden_continuous_size': 9, 'attention_head_size': 3, 'learning_rate': 0.0005111295536525926}. Best is trial 0 with value: 29.320350646972656.
[I 2023-12-27 11:16:56,415] Trial 21 finished with value: 111.07120513916016 and parameters: {'gradient_clip_val': 0.1846116373746188, 'hidden_size': 7, 'dropout': 0.24498055163829896, 'hidden_continuous_size': 5, 'attention_head_size': 1, 'learning_rate': 0.0013987121808909742}. Best is trial 0 with value: 29.320350646972656.
[I 2023-12-27 11:16:56,788] Trial 22 finished with value: 84.73217010498047 and parameters: {'gradient_clip_val': 0.14076565283649428, 'hidden_size': 9, 'dropout': 0.26332490571085354, 'hidden_continuous_size': 6, 'attention_head_size': 1, 'learning_rate': 0.0005425693963672606}. Best is trial 0 with value: 29.320350646972656.
[I 2023-12-27 11:16:57,137] Trial 23 finished with value: 117.86963653564453 and parameters: {'gradient_clip_val': 0.19671326226645633, 'hidden_size': 5, 'dropout': 0.3067894578470614, 'hidden_continuous_size': 5, 'attention_head_size': 1, 'learning_rate': 0.001426059436546652}. Best is trial 0 with value: 29.320350646972656.
[I 2023-12-27 11:16:57,520] Trial 24 finished with value: 84.00582122802734 and parameters: {'gradient_clip_val': 0.20927472787122428, 'hidden_size': 17, 'dropout': 0.2422032752310665, 'hidden_continuous_size': 7, 'attention_head_size': 2, 'learning_rate': 0.0007145696385818605}. Best is trial 0 with value: 29.320350646972656.
[I 2023-12-27 11:16:57,905] Trial 25 finished with value: 108.10126495361328 and parameters: {'gradient_clip_val': 0.1402986287553719, 'hidden_size': 10, 'dropout': 0.29160321801466654, 'hidden_continuous_size': 6, 'attention_head_size': 1, 'learning_rate': 0.0008457108306790104}. Best is trial 0 with value: 29.320350646972656.
[I 2023-12-27 11:16:58,288] Trial 26 finished with value: 101.97549438476562 and parameters: {'gradient_clip_val': 0.27556309879978996, 'hidden_size': 7, 'dropout': 0.3409907443245274, 'hidden_continuous_size': 5, 'attention_head_size': 2, 'learning_rate': 0.002228164157250101}. Best is trial 0 with value: 29.320350646972656.
[I 2023-12-27 11:16:58,688] Trial 27 finished with value: 107.31298828125 and parameters: {'gradient_clip_val': 0.2126185154602568, 'hidden_size': 18, 'dropout': 0.3069226377028818, 'hidden_continuous_size': 7, 'attention_head_size': 1, 'learning_rate': 0.004574958466837181}. Best is trial 0 with value: 29.320350646972656.
[I 2023-12-27 11:16:59,105] Trial 28 finished with value: 114.20816040039062 and parameters: {'gradient_clip_val': 0.26607258531601446, 'hidden_size': 29, 'dropout': 0.11315158945623965, 'hidden_continuous_size': 8, 'attention_head_size': 1, 'learning_rate': 0.0011855364966739791}. Best is trial 0 with value: 29.320350646972656.
[I 2023-12-27 11:16:59,710] Trial 29 finished with value: 108.1183853149414 and parameters: {'gradient_clip_val': 0.17510552347326958, 'hidden_size': 123, 'dropout': 0.21020234367832302, 'hidden_continuous_size': 91, 'attention_head_size': 2, 'learning_rate': 0.008700873334996048}. Best is trial 0 with value: 29.320350646972656.
[I 2023-12-27 11:17:00,099] Trial 30 finished with value: 112.99038696289062 and parameters: {'gradient_clip_val': 0.1619061492903593, 'hidden_size': 11, 'dropout': 0.2654185964722077, 'hidden_continuous_size': 7, 'attention_head_size': 3, 'learning_rate': 0.0021245498323522534}. Best is trial 0 with value: 29.320350646972656.
[I 2023-12-27 11:17:00,729] Trial 31 finished with value: 94.3572006225586 and parameters: {'gradient_clip_val': 0.2140508949071609, 'hidden_size': 19, 'dropout': 0.24061746467635023, 'hidden_continuous_size': 7, 'attention_head_size': 2, 'learning_rate': 0.0009490915393463435}. Best is trial 0 with value: 29.320350646972656.
[I 2023-12-27 11:17:01,132] Trial 32 finished with value: 108.9198226928711 and parameters: {'gradient_clip_val': 0.19635312232704225, 'hidden_size': 17, 'dropout': 0.23970822471575773, 'hidden_continuous_size': 8, 'attention_head_size': 2, 'learning_rate': 0.0006899903533139198}. Best is trial 0 with value: 29.320350646972656.
[I 2023-12-27 11:17:01,547] Trial 33 finished with value: 112.9427719116211 and parameters: {'gradient_clip_val': 0.11841902752617431, 'hidden_size': 25, 'dropout': 0.31992030789080383, 'hidden_continuous_size': 12, 'attention_head_size': 4, 'learning_rate': 0.0011283002852093226}. Best is trial 0 with value: 29.320350646972656.
[I 2023-12-27 11:17:01,923] Trial 34 finished with value: 85.1825180053711 and parameters: {'gradient_clip_val': 0.15566369805129826, 'hidden_size': 16, 'dropout': 0.15505773945088172, 'hidden_continuous_size': 7, 'attention_head_size': 2, 'learning_rate': 0.0017456368713609052}. Best is trial 0 with value: 29.320350646972656.
[I 2023-12-27 11:17:02,305] Trial 35 finished with value: 96.71440887451172 and parameters: {'gradient_clip_val': 0.12299784421642103, 'hidden_size': 11, 'dropout': 0.21124669659299283, 'hidden_continuous_size': 7, 'attention_head_size': 1, 'learning_rate': 0.0007244578328362216}. Best is trial 0 with value: 29.320350646972656.
[I 2023-12-27 11:17:02,720] Trial 36 finished with value: 99.7798843383789 and parameters: {'gradient_clip_val': 0.151756340482087, 'hidden_size': 40, 'dropout': 0.28036297916721165, 'hidden_continuous_size': 11, 'attention_head_size': 1, 'learning_rate': 0.0011685436814571604}. Best is trial 0 with value: 29.320350646972656.
[I 2023-12-27 11:17:03,194] Trial 37 finished with value: 83.67227172851562 and parameters: {'gradient_clip_val': 0.1826379811193773, 'hidden_size': 62, 'dropout': 0.1852795695451775, 'hidden_continuous_size': 14, 'attention_head_size': 2, 'learning_rate': 0.01608470693473831}. Best is trial 0 with value: 29.320350646972656.
[I 2023-12-27 11:17:03,646] Trial 38 finished with value: 78.5602798461914 and parameters: {'gradient_clip_val': 0.1762641572320769, 'hidden_size': 64, 'dropout': 0.18654981886750957, 'hidden_continuous_size': 14, 'attention_head_size': 1, 'learning_rate': 0.011591317357698016}. Best is trial 0 with value: 29.320350646972656.
[I 2023-12-27 11:17:04,192] Trial 39 finished with value: 103.59893798828125 and parameters: {'gradient_clip_val': 0.1741923706697226, 'hidden_size': 112, 'dropout': 0.14183738163092946, 'hidden_continuous_size': 44, 'attention_head_size': 1, 'learning_rate': 0.011775619272529729}. Best is trial 0 with value: 29.320350646972656.
[I 2023-12-27 11:17:04,790] Trial 40 finished with value: 122.66239166259766 and parameters: {'gradient_clip_val': 0.11263375963723854, 'hidden_size': 144, 'dropout': 0.1120709657582955, 'hidden_continuous_size': 68, 'attention_head_size': 1, 'learning_rate': 0.01864434063107955}. Best is trial 0 with value: 29.320350646972656.
[I 2023-12-27 11:17:05,243] Trial 41 finished with value: 113.58260345458984 and parameters: {'gradient_clip_val': 0.18421286585133664, 'hidden_size': 63, 'dropout': 0.177915939670767, 'hidden_continuous_size': 13, 'attention_head_size': 1, 'learning_rate': 0.015081739396944939}. Best is trial 0 with value: 29.320350646972656.
[I 2023-12-27 11:17:05,689] Trial 42 finished with value: 89.8802261352539 and parameters: {'gradient_clip_val': 0.14035314374478775, 'hidden_size': 58, 'dropout': 0.17299642375641747, 'hidden_continuous_size': 15, 'attention_head_size': 1, 'learning_rate': 0.008932089950604929}. Best is trial 0 with value: 29.320350646972656.
[I 2023-12-27 11:17:06,148] Trial 43 finished with value: 98.12232208251953 and parameters: {'gradient_clip_val': 0.16794216814237437, 'hidden_size': 80, 'dropout': 0.18483264549008455, 'hidden_continuous_size': 24, 'attention_head_size': 2, 'learning_rate': 0.021007839158021777}. Best is trial 0 with value: 29.320350646972656.
[I 2023-12-27 11:17:06,587] Trial 44 finished with value: 99.1475601196289 and parameters: {'gradient_clip_val': 0.1540484030947494, 'hidden_size': 58, 'dropout': 0.19569273794670702, 'hidden_continuous_size': 15, 'attention_head_size': 2, 'learning_rate': 0.010936149726042241}. Best is trial 0 with value: 29.320350646972656.
[I 2023-12-27 11:17:07,312] Trial 45 finished with value: 105.77925872802734 and parameters: {'gradient_clip_val': 0.3020701552641997, 'hidden_size': 39, 'dropout': 0.15885995266735226, 'hidden_continuous_size': 20, 'attention_head_size': 3, 'learning_rate': 0.04994895947409614}. Best is trial 0 with value: 29.320350646972656.
[I 2023-12-27 11:17:07,817] Trial 46 finished with value: 98.0005874633789 and parameters: {'gradient_clip_val': 0.12413248876791946, 'hidden_size': 94, 'dropout': 0.22090923344765687, 'hidden_continuous_size': 10, 'attention_head_size': 1, 'learning_rate': 0.02023771377560061}. Best is trial 0 with value: 29.320350646972656.
[I 2023-12-27 11:17:08,283] Trial 47 finished with value: 96.92947387695312 and parameters: {'gradient_clip_val': 0.10674569537917691, 'hidden_size': 67, 'dropout': 0.35694493471959543, 'hidden_continuous_size': 30, 'attention_head_size': 1, 'learning_rate': 0.02588151600569106}. Best is trial 0 with value: 29.320350646972656.
[I 2023-12-27 11:17:08,718] Trial 48 finished with value: 100.25018310546875 and parameters: {'gradient_clip_val': 0.22761346284978282, 'hidden_size': 35, 'dropout': 0.19362357844797226, 'hidden_continuous_size': 19, 'attention_head_size': 2, 'learning_rate': 0.013722280759442837}. Best is trial 0 with value: 29.320350646972656.
[I 2023-12-27 11:17:09,173] Trial 49 finished with value: 81.86150360107422 and parameters: {'gradient_clip_val': 0.36038669354984904, 'hidden_size': 51, 'dropout': 0.13625884878379735, 'hidden_continuous_size': 14, 'attention_head_size': 3, 'learning_rate': 0.045393368772788295}. Best is trial 0 with value: 29.320350646972656.
[I 2023-12-27 11:17:09,287] A new study created in memory with name: no-name-8e9e544f-95d0-4081-88c8-449a1f578d62
/home/le004/conda/anaconda3/envs/tsff_env/lib/python3.9/site-packages/lightning/fabric/plugins/environments/slurm.py:191: The `srun` command is available on your system but is not used. HINT: If your intention is to run Lightning on SLURM, prepend your python command with `srun` like so: srun python /home/le004/master_thesis/git/TSFusionForecast/code/ ...
[I 2023-12-27 11:17:37,887] Trial 0 finished with value: 867.601318359375 and parameters: {'gradient_clip_val': 0.18071740493182692, 'hidden_size': 6, 'dropout': 0.3025302939152045, 'hidden_continuous_size': 6, 'attention_head_size': 2, 'learning_rate': 0.0009418730930090907}. Best is trial 0 with value: 867.601318359375.
[I 2023-12-27 11:18:11,691] Trial 1 finished with value: 163.14451599121094 and parameters: {'gradient_clip_val': 0.4103199177604628, 'hidden_size': 18, 'dropout': 0.4542441178515416, 'hidden_continuous_size': 13, 'attention_head_size': 4, 'learning_rate': 0.0056420032483532005}. Best is trial 1 with value: 163.14451599121094.
[I 2023-12-27 11:18:26,446] Trial 2 finished with value: 648.0025024414062 and parameters: {'gradient_clip_val': 0.14840226298683915, 'hidden_size': 76, 'dropout': 0.19828274132461635, 'hidden_continuous_size': 22, 'attention_head_size': 3, 'learning_rate': 0.0011972663322089008}. Best is trial 1 with value: 163.14451599121094.
[I 2023-12-27 11:18:26,813] Trial 3 finished with value: 1095.596435546875 and parameters: {'gradient_clip_val': 0.13497802925685737, 'hidden_size': 10, 'dropout': 0.11821356084944373, 'hidden_continuous_size': 6, 'attention_head_size': 3, 'learning_rate': 0.00963095134348664}. Best is trial 1 with value: 163.14451599121094.
[I 2023-12-27 11:18:27,185] Trial 4 finished with value: 1200.8087158203125 and parameters: {'gradient_clip_val': 0.2080338696669493, 'hidden_size': 15, 'dropout': 0.4890280635315526, 'hidden_continuous_size': 11, 'attention_head_size': 4, 'learning_rate': 0.016639400166838}. Best is trial 1 with value: 163.14451599121094.
[I 2023-12-27 11:18:27,539] Trial 5 finished with value: 1049.5062255859375 and parameters: {'gradient_clip_val': 0.32421868497891987, 'hidden_size': 11, 'dropout': 0.30207014627363415, 'hidden_continuous_size': 5, 'attention_head_size': 2, 'learning_rate': 0.006061076498093555}. Best is trial 1 with value: 163.14451599121094.
[I 2023-12-27 11:18:27,912] Trial 6 finished with value: 1503.7265625 and parameters: {'gradient_clip_val': 0.29824073495619724, 'hidden_size': 28, 'dropout': 0.49121733101906806, 'hidden_continuous_size': 12, 'attention_head_size': 1, 'learning_rate': 0.07120767179860087}. Best is trial 1 with value: 163.14451599121094.
[I 2023-12-27 11:18:28,288] Trial 7 finished with value: 995.8314819335938 and parameters: {'gradient_clip_val': 0.12332993438165896, 'hidden_size': 15, 'dropout': 0.44143751873380077, 'hidden_continuous_size': 11, 'attention_head_size': 4, 'learning_rate': 0.005055985745001974}. Best is trial 1 with value: 163.14451599121094.
[I 2023-12-27 11:18:28,698] Trial 8 finished with value: 1121.1705322265625 and parameters: {'gradient_clip_val': 0.47987615093111297, 'hidden_size': 38, 'dropout': 0.36753907985349155, 'hidden_continuous_size': 30, 'attention_head_size': 4, 'learning_rate': 0.0005614424660190226}. Best is trial 1 with value: 163.14451599121094.
[I 2023-12-27 11:18:29,138] Trial 9 finished with value: 969.9105834960938 and parameters: {'gradient_clip_val': 0.12208128023515068, 'hidden_size': 72, 'dropout': 0.47152261360246384, 'hidden_continuous_size': 15, 'attention_head_size': 3, 'learning_rate': 0.004293469977824196}. Best is trial 1 with value: 163.14451599121094.
[I 2023-12-27 11:18:29,565] Trial 10 finished with value: 1226.1636962890625 and parameters: {'gradient_clip_val': 0.8969650027116902, 'hidden_size': 43, 'dropout': 0.40533368294227295, 'hidden_continuous_size': 40, 'attention_head_size': 1, 'learning_rate': 0.0022412497522533363}. Best is trial 1 with value: 163.14451599121094.
[I 2023-12-27 11:18:30,107] Trial 11 finished with value: 734.3106079101562 and parameters: {'gradient_clip_val': 0.48743838711541226, 'hidden_size': 104, 'dropout': 0.1945512615268379, 'hidden_continuous_size': 74, 'attention_head_size': 3, 'learning_rate': 0.0016520665090162768}. Best is trial 1 with value: 163.14451599121094.
[I 2023-12-27 11:18:30,570] Trial 12 finished with value: 1028.2762451171875 and parameters: {'gradient_clip_val': 0.10563499390294885, 'hidden_size': 67, 'dropout': 0.23615110884901935, 'hidden_continuous_size': 23, 'attention_head_size': 4, 'learning_rate': 0.0005439854947263775}. Best is trial 1 with value: 163.14451599121094.
[I 2023-12-27 11:18:31,124] Trial 13 finished with value: 1266.193115234375 and parameters: {'gradient_clip_val': 0.2008150812594423, 'hidden_size': 129, 'dropout': 0.37753416817861896, 'hidden_continuous_size': 21, 'attention_head_size': 3, 'learning_rate': 0.00201367945035314}. Best is trial 1 with value: 163.14451599121094.
[I 2023-12-27 11:18:31,503] Trial 14 finished with value: 1196.27783203125 and parameters: {'gradient_clip_val': 0.30097371460959227, 'hidden_size': 23, 'dropout': 0.23704993803658062, 'hidden_continuous_size': 8, 'attention_head_size': 2, 'learning_rate': 0.0012380212731804632}. Best is trial 1 with value: 163.14451599121094.
[I 2023-12-27 11:18:32,308] Trial 15 finished with value: 1116.7498779296875 and parameters: {'gradient_clip_val': 0.15584458749526986, 'hidden_size': 140, 'dropout': 0.34579709917071455, 'hidden_continuous_size': 44, 'attention_head_size': 4, 'learning_rate': 0.0025339317445350366}. Best is trial 1 with value: 163.14451599121094.
[I 2023-12-27 11:18:32,737] Trial 16 finished with value: 1532.6856689453125 and parameters: {'gradient_clip_val': 0.10306863000031675, 'hidden_size': 53, 'dropout': 0.39570064867432586, 'hidden_continuous_size': 18, 'attention_head_size': 3, 'learning_rate': 0.013597912014959797}. Best is trial 1 with value: 163.14451599121094.
[I 2023-12-27 11:18:33,157] Trial 17 finished with value: 973.749755859375 and parameters: {'gradient_clip_val': 0.2513484148049534, 'hidden_size': 29, 'dropout': 0.11972096888229705, 'hidden_continuous_size': 14, 'attention_head_size': 4, 'learning_rate': 0.0009612997493107732}. Best is trial 1 with value: 163.14451599121094.
[I 2023-12-27 11:18:33,626] Trial 18 finished with value: 1192.5321044921875 and parameters: {'gradient_clip_val': 0.15791525917171495, 'hidden_size': 75, 'dropout': 0.43661152738487685, 'hidden_continuous_size': 9, 'attention_head_size': 3, 'learning_rate': 0.0031939585213412234}. Best is trial 1 with value: 163.14451599121094.
[I 2023-12-27 11:18:34,115] Trial 19 finished with value: 931.8259887695312 and parameters: {'gradient_clip_val': 0.4258199652308601, 'hidden_size': 94, 'dropout': 0.32321741559510764, 'hidden_continuous_size': 17, 'attention_head_size': 2, 'learning_rate': 0.003686488850144112}. Best is trial 1 with value: 163.14451599121094.
[I 2023-12-27 11:18:34,545] Trial 20 finished with value: 909.36865234375 and parameters: {'gradient_clip_val': 0.23384062737446662, 'hidden_size': 54, 'dropout': 0.2530098326235879, 'hidden_continuous_size': 23, 'attention_head_size': 4, 'learning_rate': 0.006605920828296762}. Best is trial 1 with value: 163.14451599121094.
[I 2023-12-27 11:18:35,076] Trial 21 finished with value: 1202.0987548828125 and parameters: {'gradient_clip_val': 0.5288386409862559, 'hidden_size': 94, 'dropout': 0.16950487233718448, 'hidden_continuous_size': 87, 'attention_head_size': 3, 'learning_rate': 0.001532612624263042}. Best is trial 1 with value: 163.14451599121094.
[I 2023-12-27 11:18:35,635] Trial 22 finished with value: 1219.88232421875 and parameters: {'gradient_clip_val': 0.3967184112781262, 'hidden_size': 116, 'dropout': 0.18783196958895712, 'hidden_continuous_size': 79, 'attention_head_size': 3, 'learning_rate': 0.0016551555412475253}. Best is trial 1 with value: 163.14451599121094.
[I 2023-12-27 11:18:36,158] Trial 23 finished with value: 1102.1934814453125 and parameters: {'gradient_clip_val': 0.6483632288242415, 'hidden_size': 98, 'dropout': 0.257956918976892, 'hidden_continuous_size': 70, 'attention_head_size': 3, 'learning_rate': 0.0009146199115067596}. Best is trial 1 with value: 163.14451599121094.
[I 2023-12-27 11:18:36,765] Trial 24 finished with value: 1106.7430419921875 and parameters: {'gradient_clip_val': 0.36800379632167113, 'hidden_size': 148, 'dropout': 0.1864703963219943, 'hidden_continuous_size': 31, 'attention_head_size': 2, 'learning_rate': 0.0028610368819776823}. Best is trial 1 with value: 163.14451599121094.
[I 2023-12-27 11:18:37,161] Trial 25 finished with value: 923.3665161132812 and parameters: {'gradient_clip_val': 0.5895116858597409, 'hidden_size': 40, 'dropout': 0.27622820848796603, 'hidden_continuous_size': 13, 'attention_head_size': 3, 'learning_rate': 0.0017077354002578704}. Best is trial 1 with value: 163.14451599121094.
[I 2023-12-27 11:18:37,587] Trial 26 finished with value: 1233.871826171875 and parameters: {'gradient_clip_val': 0.4562599447137368, 'hidden_size': 58, 'dropout': 0.21519502984723105, 'hidden_continuous_size': 17, 'attention_head_size': 4, 'learning_rate': 0.003257514291253648}. Best is trial 1 with value: 163.14451599121094.
[I 2023-12-27 11:18:38,084] Trial 27 finished with value: 1317.28076171875 and parameters: {'gradient_clip_val': 0.3516433925849674, 'hidden_size': 83, 'dropout': 0.27962708204897885, 'hidden_continuous_size': 58, 'attention_head_size': 3, 'learning_rate': 0.0006927153707162911}. Best is trial 1 with value: 163.14451599121094.
[I 2023-12-27 11:18:38,634] Trial 28 finished with value: 975.3250122070312 and parameters: {'gradient_clip_val': 0.2670734862146989, 'hidden_size': 112, 'dropout': 0.32522575677262955, 'hidden_continuous_size': 98, 'attention_head_size': 2, 'learning_rate': 0.0012566184773886997}. Best is trial 1 with value: 163.14451599121094.
[I 2023-12-27 11:18:39,201] Trial 29 finished with value: 1071.345458984375 and parameters: {'gradient_clip_val': 0.3872031282577767, 'hidden_size': 5, 'dropout': 0.14662455399086313, 'hidden_continuous_size': 5, 'attention_head_size': 1, 'learning_rate': 0.0009045249771261547}. Best is trial 1 with value: 163.14451599121094.
