[I 2023-12-27 11:26:36,352] Trial 49 finished with value: 4.362945079803467 and parameters: {'gradient_clip_val': 0.178389306468787, 'hidden_size': 12, 'dropout': 0.3427085112695744, 'hidden_continuous_size': 10, 'attention_head_size': 3, 'learning_rate': 0.01140934197001994}. Best is trial 0 with value: 0.1238117441534996.
[I 2023-12-27 11:26:36,466] A new study created in memory with name: no-name-91f82103-590b-49a3-8ec6-518e5442b6a1
/home/le004/conda/anaconda3/envs/tsff_env/lib/python3.9/site-packages/lightning/fabric/plugins/environments/slurm.py:191: The `srun` command is available on your system but is not used. HINT: If your intention is to run Lightning on SLURM, prepend your python command with `srun` like so: srun python /home/le004/master_thesis/git/TSFusionForecast/code/ ...
[I 2023-12-27 11:27:09,912] Trial 0 finished with value: 0.28721970319747925 and parameters: {'gradient_clip_val': 0.23269894751054002, 'hidden_size': 15, 'dropout': 0.2640178857898332, 'hidden_continuous_size': 11, 'attention_head_size': 3, 'learning_rate': 0.00709356153773222}. Best is trial 0 with value: 0.28721970319747925.
[I 2023-12-27 11:27:19,109] Trial 1 finished with value: 7.487285614013672 and parameters: {'gradient_clip_val': 0.10295603795896438, 'hidden_size': 6, 'dropout': 0.13939968616123188, 'hidden_continuous_size': 6, 'attention_head_size': 1, 'learning_rate': 0.0005773680666045629}. Best is trial 0 with value: 0.28721970319747925.
[I 2023-12-27 11:27:19,503] Trial 2 finished with value: 6.962071895599365 and parameters: {'gradient_clip_val': 0.20248400031199118, 'hidden_size': 21, 'dropout': 0.29004926137124254, 'hidden_continuous_size': 18, 'attention_head_size': 4, 'learning_rate': 0.08226166590712851}. Best is trial 0 with value: 0.28721970319747925.
[I 2023-12-27 11:27:20,029] Trial 3 finished with value: 4.877700328826904 and parameters: {'gradient_clip_val': 0.9917988355419864, 'hidden_size': 128, 'dropout': 0.3747474852455962, 'hidden_continuous_size': 16, 'attention_head_size': 3, 'learning_rate': 0.000506632509405576}. Best is trial 0 with value: 0.28721970319747925.
[I 2023-12-27 11:27:20,410] Trial 4 finished with value: 6.467514514923096 and parameters: {'gradient_clip_val': 0.11226758449875446, 'hidden_size': 30, 'dropout': 0.42477422004290777, 'hidden_continuous_size': 7, 'attention_head_size': 1, 'learning_rate': 0.06627745905501695}. Best is trial 0 with value: 0.28721970319747925.
[I 2023-12-27 11:27:20,766] Trial 5 finished with value: 5.294892311096191 and parameters: {'gradient_clip_val': 0.1294796921344324, 'hidden_size': 10, 'dropout': 0.2008112098800537, 'hidden_continuous_size': 6, 'attention_head_size': 1, 'learning_rate': 0.09397161635728346}. Best is trial 0 with value: 0.28721970319747925.
[I 2023-12-27 11:27:21,098] Trial 6 finished with value: 5.208374500274658 and parameters: {'gradient_clip_val': 0.21688710106933135, 'hidden_size': 5, 'dropout': 0.19375724541247777, 'hidden_continuous_size': 5, 'attention_head_size': 3, 'learning_rate': 0.04788826155948995}. Best is trial 0 with value: 0.28721970319747925.
[I 2023-12-27 11:27:21,468] Trial 7 finished with value: 6.934274196624756 and parameters: {'gradient_clip_val': 0.10347035394394075, 'hidden_size': 32, 'dropout': 0.13476415732159955, 'hidden_continuous_size': 20, 'attention_head_size': 2, 'learning_rate': 0.004513344989911982}. Best is trial 0 with value: 0.28721970319747925.
[I 2023-12-27 11:27:21,797] Trial 8 finished with value: 4.4396233558654785 and parameters: {'gradient_clip_val': 0.9053506475306234, 'hidden_size': 6, 'dropout': 0.24035970212427174, 'hidden_continuous_size': 6, 'attention_head_size': 4, 'learning_rate': 0.027221653350810636}. Best is trial 0 with value: 0.28721970319747925.
[I 2023-12-27 11:27:22,249] Trial 9 finished with value: 6.163825988769531 and parameters: {'gradient_clip_val': 0.10208470955779116, 'hidden_size': 89, 'dropout': 0.45505421002432334, 'hidden_continuous_size': 6, 'attention_head_size': 1, 'learning_rate': 0.005461260366026064}. Best is trial 0 with value: 0.28721970319747925.
[I 2023-12-27 11:27:22,644] Trial 10 finished with value: 6.260047435760498 and parameters: {'gradient_clip_val': 0.40968716819644163, 'hidden_size': 14, 'dropout': 0.3345947129373817, 'hidden_continuous_size': 10, 'attention_head_size': 2, 'learning_rate': 0.011594565993488577}. Best is trial 0 with value: 0.28721970319747925.
[I 2023-12-27 11:27:23,030] Trial 11 finished with value: 6.712278366088867 and parameters: {'gradient_clip_val': 0.6031224776225187, 'hidden_size': 9, 'dropout': 0.283334126784923, 'hidden_continuous_size': 7, 'attention_head_size': 4, 'learning_rate': 0.01903942288462377}. Best is trial 0 with value: 0.28721970319747925.
[I 2023-12-27 11:27:23,376] Trial 12 finished with value: 5.506266117095947 and parameters: {'gradient_clip_val': 0.35484772980886625, 'hidden_size': 5, 'dropout': 0.25387225354581405, 'hidden_continuous_size': 5, 'attention_head_size': 4, 'learning_rate': 0.023042712031455956}. Best is trial 0 with value: 0.28721970319747925.
[I 2023-12-27 11:27:23,758] Trial 13 finished with value: 4.62495231628418 and parameters: {'gradient_clip_val': 0.8810446335082236, 'hidden_size': 13, 'dropout': 0.2326743374704752, 'hidden_continuous_size': 9, 'attention_head_size': 3, 'learning_rate': 0.0034656439901399627}. Best is trial 0 with value: 0.28721970319747925.
[I 2023-12-27 11:27:24,375] Trial 14 finished with value: 5.470982074737549 and parameters: {'gradient_clip_val': 0.5449939664612924, 'hidden_size': 8, 'dropout': 0.35744518864280345, 'hidden_continuous_size': 5, 'attention_head_size': 4, 'learning_rate': 0.027011240656705668}. Best is trial 0 with value: 0.28721970319747925.
[I 2023-12-27 11:27:24,756] Trial 15 finished with value: 5.197643756866455 and parameters: {'gradient_clip_val': 0.2530991485722025, 'hidden_size': 17, 'dropout': 0.31117369004465667, 'hidden_continuous_size': 11, 'attention_head_size': 3, 'learning_rate': 0.009933937893642728}. Best is trial 0 with value: 0.28721970319747925.
[I 2023-12-27 11:27:25,125] Trial 16 finished with value: 6.420231342315674 and parameters: {'gradient_clip_val': 0.2842492581522591, 'hidden_size': 8, 'dropout': 0.2464628154130464, 'hidden_continuous_size': 5, 'attention_head_size': 2, 'learning_rate': 0.002759816366927732}. Best is trial 0 with value: 0.28721970319747925.
[I 2023-12-27 11:27:25,519] Trial 17 finished with value: 5.3000311851501465 and parameters: {'gradient_clip_val': 0.17062379390827653, 'hidden_size': 24, 'dropout': 0.1829708223532912, 'hidden_continuous_size': 12, 'attention_head_size': 4, 'learning_rate': 0.009549698489970108}. Best is trial 0 with value: 0.28721970319747925.
[I 2023-12-27 11:27:25,920] Trial 18 finished with value: 5.7371697425842285 and parameters: {'gradient_clip_val': 0.33357959635996315, 'hidden_size': 11, 'dropout': 0.2773664124486955, 'hidden_continuous_size': 8, 'attention_head_size': 3, 'learning_rate': 0.038740896865014446}. Best is trial 0 with value: 0.28721970319747925.
[I 2023-12-27 11:27:26,302] Trial 19 finished with value: 4.138411521911621 and parameters: {'gradient_clip_val': 0.44901056800124356, 'hidden_size': 7, 'dropout': 0.3222950646577992, 'hidden_continuous_size': 5, 'attention_head_size': 4, 'learning_rate': 0.014961527588113505}. Best is trial 0 with value: 0.28721970319747925.
[I 2023-12-27 11:27:26,671] Trial 20 finished with value: 5.349933624267578 and parameters: {'gradient_clip_val': 0.4539742451203426, 'hidden_size': 16, 'dropout': 0.40155599173076406, 'hidden_continuous_size': 13, 'attention_head_size': 3, 'learning_rate': 0.007532679263018734}. Best is trial 0 with value: 0.28721970319747925.
[I 2023-12-27 11:27:27,057] Trial 21 finished with value: 4.6057047843933105 and parameters: {'gradient_clip_val': 0.7687085944899374, 'hidden_size': 7, 'dropout': 0.32854705989516797, 'hidden_continuous_size': 5, 'attention_head_size': 4, 'learning_rate': 0.016641320137862473}. Best is trial 0 with value: 0.28721970319747925.
[I 2023-12-27 11:27:27,421] Trial 22 finished with value: 5.2566046714782715 and parameters: {'gradient_clip_val': 0.673831764367406, 'hidden_size': 5, 'dropout': 0.3173772057975141, 'hidden_continuous_size': 5, 'attention_head_size': 4, 'learning_rate': 0.03463050422530714}. Best is trial 0 with value: 0.28721970319747925.
[I 2023-12-27 11:27:27,828] Trial 23 finished with value: 5.037942886352539 and parameters: {'gradient_clip_val': 0.4771885900539464, 'hidden_size': 7, 'dropout': 0.2649505965628445, 'hidden_continuous_size': 6, 'attention_head_size': 4, 'learning_rate': 0.01480397170847486}. Best is trial 0 with value: 0.28721970319747925.
[I 2023-12-27 11:27:28,225] Trial 24 finished with value: 5.488215923309326 and parameters: {'gradient_clip_val': 0.7821141441252887, 'hidden_size': 11, 'dropout': 0.2261889127469355, 'hidden_continuous_size': 8, 'attention_head_size': 3, 'learning_rate': 0.023379128767432814}. Best is trial 0 with value: 0.28721970319747925.
[I 2023-12-27 11:27:28,634] Trial 25 finished with value: 6.537128925323486 and parameters: {'gradient_clip_val': 0.3767849088514397, 'hidden_size': 7, 'dropout': 0.29939002864850767, 'hidden_continuous_size': 6, 'attention_head_size': 4, 'learning_rate': 0.051080142431423316}. Best is trial 0 with value: 0.28721970319747925.
[I 2023-12-27 11:27:29,017] Trial 26 finished with value: 5.127471446990967 and parameters: {'gradient_clip_val': 0.30105496337851867, 'hidden_size': 6, 'dropout': 0.4902087583854735, 'hidden_continuous_size': 5, 'attention_head_size': 2, 'learning_rate': 0.014005371683800852}. Best is trial 0 with value: 0.28721970319747925.
[I 2023-12-27 11:27:29,652] Trial 27 finished with value: 5.385345458984375 and parameters: {'gradient_clip_val': 0.5580643467923365, 'hidden_size': 10, 'dropout': 0.36109372492742664, 'hidden_continuous_size': 7, 'attention_head_size': 3, 'learning_rate': 0.028660818657361694}. Best is trial 0 with value: 0.28721970319747925.
[I 2023-12-27 11:27:30,043] Trial 28 finished with value: 6.353234767913818 and parameters: {'gradient_clip_val': 0.6823855696820049, 'hidden_size': 13, 'dropout': 0.27517853801724484, 'hidden_continuous_size': 9, 'attention_head_size': 4, 'learning_rate': 0.008518386134965646}. Best is trial 0 with value: 0.28721970319747925.
[I 2023-12-27 11:27:30,418] Trial 29 finished with value: 6.032817840576172 and parameters: {'gradient_clip_val': 0.4695277588351872, 'hidden_size': 6, 'dropout': 0.1275166982111754, 'hidden_continuous_size': 5, 'attention_head_size': 4, 'learning_rate': 0.006248563020054728}. Best is trial 0 with value: 0.28721970319747925.
[I 2023-12-27 11:27:30,804] Trial 30 finished with value: 4.686307430267334 and parameters: {'gradient_clip_val': 0.9752689108638803, 'hidden_size': 9, 'dropout': 0.16067029145467496, 'hidden_continuous_size': 6, 'attention_head_size': 3, 'learning_rate': 0.002341538166583727}. Best is trial 0 with value: 0.28721970319747925.
[I 2023-12-27 11:27:31,209] Trial 31 finished with value: 4.087070465087891 and parameters: {'gradient_clip_val': 0.7656813573173148, 'hidden_size': 7, 'dropout': 0.3306952950849159, 'hidden_continuous_size': 5, 'attention_head_size': 4, 'learning_rate': 0.015720194266353453}. Best is trial 0 with value: 0.28721970319747925.
[I 2023-12-27 11:27:31,575] Trial 32 finished with value: 6.482177734375 and parameters: {'gradient_clip_val': 0.805764808053725, 'hidden_size': 5, 'dropout': 0.3001015919845553, 'hidden_continuous_size': 5, 'attention_head_size': 4, 'learning_rate': 0.017439312258274917}. Best is trial 0 with value: 0.28721970319747925.
[I 2023-12-27 11:27:31,957] Trial 33 finished with value: 6.741232395172119 and parameters: {'gradient_clip_val': 0.686494942284617, 'hidden_size': 6, 'dropout': 0.21863096125745585, 'hidden_continuous_size': 5, 'attention_head_size': 4, 'learning_rate': 0.012164217802351465}. Best is trial 0 with value: 0.28721970319747925.
[I 2023-12-27 11:27:32,336] Trial 34 finished with value: 5.232998371124268 and parameters: {'gradient_clip_val': 0.9855080725853416, 'hidden_size': 8, 'dropout': 0.34095909552744846, 'hidden_continuous_size': 7, 'attention_head_size': 4, 'learning_rate': 0.020348579624134184}. Best is trial 0 with value: 0.28721970319747925.
[I 2023-12-27 11:27:32,715] Trial 35 finished with value: 5.8041205406188965 and parameters: {'gradient_clip_val': 0.856238234749419, 'hidden_size': 11, 'dropout': 0.29315222445177297, 'hidden_continuous_size': 6, 'attention_head_size': 4, 'learning_rate': 0.01225342173477008}. Best is trial 0 with value: 0.28721970319747925.
[I 2023-12-27 11:27:33,111] Trial 36 finished with value: 7.915279388427734 and parameters: {'gradient_clip_val': 0.6000134379106168, 'hidden_size': 20, 'dropout': 0.255927675793735, 'hidden_continuous_size': 14, 'attention_head_size': 3, 'learning_rate': 0.07223630651710573}. Best is trial 0 with value: 0.28721970319747925.
[I 2023-12-27 11:27:33,483] Trial 37 finished with value: 5.430540084838867 and parameters: {'gradient_clip_val': 0.39983201884469344, 'hidden_size': 6, 'dropout': 0.379401549434204, 'hidden_continuous_size': 5, 'attention_head_size': 4, 'learning_rate': 0.007846303539763039}. Best is trial 0 with value: 0.28721970319747925.
[I 2023-12-27 11:27:33,828] Trial 38 finished with value: 6.893373966217041 and parameters: {'gradient_clip_val': 0.7182664274266015, 'hidden_size': 5, 'dropout': 0.31334777525187263, 'hidden_continuous_size': 5, 'attention_head_size': 3, 'learning_rate': 0.03337704341653472}. Best is trial 0 with value: 0.28721970319747925.
[I 2023-12-27 11:27:34,203] Trial 39 finished with value: 5.803949356079102 and parameters: {'gradient_clip_val': 0.8870568760182579, 'hidden_size': 9, 'dropout': 0.10098490215571351, 'hidden_continuous_size': 6, 'attention_head_size': 2, 'learning_rate': 0.05510160884787568}. Best is trial 0 with value: 0.28721970319747925.
[I 2023-12-27 11:27:34,614] Trial 40 finished with value: 5.162285327911377 and parameters: {'gradient_clip_val': 0.2581194021381218, 'hidden_size': 38, 'dropout': 0.2726509259179672, 'hidden_continuous_size': 17, 'attention_head_size': 1, 'learning_rate': 0.005291725715481347}. Best is trial 0 with value: 0.28721970319747925.
[I 2023-12-27 11:27:35,245] Trial 41 finished with value: 6.808250427246094 and parameters: {'gradient_clip_val': 0.762547073920331, 'hidden_size': 7, 'dropout': 0.3356489977861441, 'hidden_continuous_size': 6, 'attention_head_size': 4, 'learning_rate': 0.014569464622691734}. Best is trial 0 with value: 0.28721970319747925.
[I 2023-12-27 11:27:35,622] Trial 42 finished with value: 3.245781660079956 and parameters: {'gradient_clip_val': 0.7700962590306356, 'hidden_size': 7, 'dropout': 0.33087030535605827, 'hidden_continuous_size': 5, 'attention_head_size': 4, 'learning_rate': 0.018779791524366325}. Best is trial 0 with value: 0.28721970319747925.
[I 2023-12-27 11:27:36,000] Trial 43 finished with value: 3.9388129711151123 and parameters: {'gradient_clip_val': 0.8497042251649846, 'hidden_size': 12, 'dropout': 0.2936165435028194, 'hidden_continuous_size': 10, 'attention_head_size': 4, 'learning_rate': 0.020769132711227153}. Best is trial 0 with value: 0.28721970319747925.
[I 2023-12-27 11:27:36,393] Trial 44 finished with value: 5.449371814727783 and parameters: {'gradient_clip_val': 0.6407734336178966, 'hidden_size': 12, 'dropout': 0.35125039585369416, 'hidden_continuous_size': 10, 'attention_head_size': 4, 'learning_rate': 0.021668271758691276}. Best is trial 0 with value: 0.28721970319747925.
[I 2023-12-27 11:27:36,786] Trial 45 finished with value: 6.572415828704834 and parameters: {'gradient_clip_val': 0.5213863039746591, 'hidden_size': 15, 'dropout': 0.32578621058533186, 'hidden_continuous_size': 11, 'attention_head_size': 4, 'learning_rate': 0.010572343496752392}. Best is trial 0 with value: 0.28721970319747925.
[I 2023-12-27 11:27:37,180] Trial 46 finished with value: 5.775449752807617 and parameters: {'gradient_clip_val': 0.6117691882401897, 'hidden_size': 13, 'dropout': 0.28792727910989935, 'hidden_continuous_size': 9, 'attention_head_size': 4, 'learning_rate': 0.017044499460424457}. Best is trial 0 with value: 0.28721970319747925.
[I 2023-12-27 11:27:37,573] Trial 47 finished with value: 7.270931243896484 and parameters: {'gradient_clip_val': 0.8438960612819837, 'hidden_size': 10, 'dropout': 0.31194382520672626, 'hidden_continuous_size': 7, 'attention_head_size': 3, 'learning_rate': 0.02615796807102052}. Best is trial 0 with value: 0.28721970319747925.
[I 2023-12-27 11:27:37,977] Trial 48 finished with value: 5.812307357788086 and parameters: {'gradient_clip_val': 0.7351224394771958, 'hidden_size': 18, 'dropout': 0.3725703662074449, 'hidden_continuous_size': 10, 'attention_head_size': 4, 'learning_rate': 0.01895091492210788}. Best is trial 0 with value: 0.28721970319747925.
[I 2023-12-27 11:27:38,391] Trial 49 finished with value: 4.369228839874268 and parameters: {'gradient_clip_val': 0.9254638069871299, 'hidden_size': 14, 'dropout': 0.25608166944085564, 'hidden_continuous_size': 8, 'attention_head_size': 3, 'learning_rate': 0.012106773902086957}. Best is trial 0 with value: 0.28721970319747925.
[I 2023-12-27 11:27:38,508] A new study created in memory with name: no-name-b00921a1-990f-4b39-a18d-a3ce86b194d7
/home/le004/conda/anaconda3/envs/tsff_env/lib/python3.9/site-packages/lightning/fabric/plugins/environments/slurm.py:191: The `srun` command is available on your system but is not used. HINT: If your intention is to run Lightning on SLURM, prepend your python command with `srun` like so: srun python /home/le004/master_thesis/git/TSFusionForecast/code/ ...
[I 2023-12-27 11:28:10,709] Trial 0 finished with value: 0.07650838047266006 and parameters: {'gradient_clip_val': 0.1790862034581582, 'hidden_size': 11, 'dropout': 0.4690951254714697, 'hidden_continuous_size': 6, 'attention_head_size': 3, 'learning_rate': 0.038724090417015425}. Best is trial 0 with value: 0.07650838047266006.
[I 2023-12-27 11:28:20,416] Trial 1 finished with value: 2.1928093433380127 and parameters: {'gradient_clip_val': 0.10917102454275601, 'hidden_size': 9, 'dropout': 0.3614410335087933, 'hidden_continuous_size': 6, 'attention_head_size': 4, 'learning_rate': 0.004825907911671736}. Best is trial 0 with value: 0.07650838047266006.
[I 2023-12-27 11:28:20,793] Trial 2 finished with value: 3.2595605850219727 and parameters: {'gradient_clip_val': 0.900973547729981, 'hidden_size': 12, 'dropout': 0.15006303774964722, 'hidden_continuous_size': 8, 'attention_head_size': 2, 'learning_rate': 0.0023211586472418775}. Best is trial 0 with value: 0.07650838047266006.
[I 2023-12-27 11:28:21,228] Trial 3 finished with value: 3.744926691055298 and parameters: {'gradient_clip_val': 0.18671260025672176, 'hidden_size': 70, 'dropout': 0.40929052748035444, 'hidden_continuous_size': 16, 'attention_head_size': 4, 'learning_rate': 0.0008401594000570682}. Best is trial 0 with value: 0.07650838047266006.
[I 2023-12-27 11:28:21,576] Trial 4 finished with value: 3.1408298015594482 and parameters: {'gradient_clip_val': 0.8091802400488284, 'hidden_size': 9, 'dropout': 0.2024906907062124, 'hidden_continuous_size': 8, 'attention_head_size': 2, 'learning_rate': 0.05597294934333274}. Best is trial 0 with value: 0.07650838047266006.
[I 2023-12-27 11:28:21,935] Trial 5 finished with value: 3.8705427646636963 and parameters: {'gradient_clip_val': 0.17384188824814725, 'hidden_size': 22, 'dropout': 0.287060489365798, 'hidden_continuous_size': 7, 'attention_head_size': 1, 'learning_rate': 0.005919464806657919}. Best is trial 0 with value: 0.07650838047266006.
[I 2023-12-27 11:28:22,364] Trial 6 finished with value: 3.2882468700408936 and parameters: {'gradient_clip_val': 0.7488161919501649, 'hidden_size': 63, 'dropout': 0.20386276195919112, 'hidden_continuous_size': 24, 'attention_head_size': 3, 'learning_rate': 0.0021770498554803735}. Best is trial 0 with value: 0.07650838047266006.
[I 2023-12-27 11:28:22,779] Trial 7 finished with value: 2.9983742237091064 and parameters: {'gradient_clip_val': 0.5668897562589873, 'hidden_size': 64, 'dropout': 0.3159698029324738, 'hidden_continuous_size': 33, 'attention_head_size': 3, 'learning_rate': 0.003977440614575218}. Best is trial 0 with value: 0.07650838047266006.
[I 2023-12-27 11:28:23,148] Trial 8 finished with value: 3.3800156116485596 and parameters: {'gradient_clip_val': 0.21213046834042093, 'hidden_size': 28, 'dropout': 0.27464698164523, 'hidden_continuous_size': 7, 'attention_head_size': 1, 'learning_rate': 0.07765403810253156}. Best is trial 0 with value: 0.07650838047266006.
[I 2023-12-27 11:28:23,541] Trial 9 finished with value: 3.637888193130493 and parameters: {'gradient_clip_val': 0.10105189336835901, 'hidden_size': 30, 'dropout': 0.3728455660005111, 'hidden_continuous_size': 26, 'attention_head_size': 4, 'learning_rate': 0.012964314218985404}. Best is trial 0 with value: 0.07650838047266006.
[I 2023-12-27 11:28:23,909] Trial 10 finished with value: 3.9871304035186768 and parameters: {'gradient_clip_val': 0.3673176531098976, 'hidden_size': 6, 'dropout': 0.49992256309290084, 'hidden_continuous_size': 5, 'attention_head_size': 3, 'learning_rate': 0.025028804369164243}. Best is trial 0 with value: 0.07650838047266006.
[I 2023-12-27 11:28:24,256] Trial 11 finished with value: 2.2095651626586914 and parameters: {'gradient_clip_val': 0.10049345019701185, 'hidden_size': 5, 'dropout': 0.49003809151247735, 'hidden_continuous_size': 5, 'attention_head_size': 4, 'learning_rate': 0.013753493743793444}. Best is trial 0 with value: 0.07650838047266006.
[I 2023-12-27 11:28:24,636] Trial 12 finished with value: 3.5877864360809326 and parameters: {'gradient_clip_val': 0.13472438917553903, 'hidden_size': 12, 'dropout': 0.4204698807537073, 'hidden_continuous_size': 6, 'attention_head_size': 4, 'learning_rate': 0.034483447163904356}. Best is trial 0 with value: 0.07650838047266006.
