[I 2023-12-27 11:24:11,165] Trial 17 finished with value: 5114.45751953125 and parameters: {'gradient_clip_val': 0.18615474370102486, 'hidden_size': 28, 'dropout': 0.3928821801200678, 'hidden_continuous_size': 10, 'attention_head_size': 1, 'learning_rate': 0.03037134666881786}. Best is trial 0 with value: 1000.264404296875.
LOCAL_RANK: 0 - CUDA_VISIBLE_DEVICES: [0]
[I 2023-12-27 11:24:11,726] Trial 18 finished with value: 5846.41552734375 and parameters: {'gradient_clip_val': 0.13974580801076739, 'hidden_size': 47, 'dropout': 0.4441840759215347, 'hidden_continuous_size': 17, 'attention_head_size': 3, 'learning_rate': 0.011916814058816142}. Best is trial 0 with value: 1000.264404296875.
LOCAL_RANK: 0 - CUDA_VISIBLE_DEVICES: [0]
[I 2023-12-27 11:24:12,273] Trial 19 finished with value: 6007.98779296875 and parameters: {'gradient_clip_val': 0.47357780915952213, 'hidden_size': 30, 'dropout': 0.2521681375705149, 'hidden_continuous_size': 6, 'attention_head_size': 2, 'learning_rate': 0.0869644114897762}. Best is trial 0 with value: 1000.264404296875.
LOCAL_RANK: 0 - CUDA_VISIBLE_DEVICES: [0]
[I 2023-12-27 11:24:12,660] Trial 20 finished with value: 6435.72998046875 and parameters: {'gradient_clip_val': 0.18738501602340238, 'hidden_size': 5, 'dropout': 0.36185233847841913, 'hidden_continuous_size': 5, 'attention_head_size': 1, 'learning_rate': 0.025149267981849646}. Best is trial 0 with value: 1000.264404296875.
LOCAL_RANK: 0 - CUDA_VISIBLE_DEVICES: [0]
[I 2023-12-27 11:24:13,118] Trial 21 finished with value: 4673.33837890625 and parameters: {'gradient_clip_val': 0.11485372554028367, 'hidden_size': 35, 'dropout': 0.3272680612031569, 'hidden_continuous_size': 8, 'attention_head_size': 1, 'learning_rate': 0.007831686791298004}. Best is trial 0 with value: 1000.264404296875.
LOCAL_RANK: 0 - CUDA_VISIBLE_DEVICES: [0]
[I 2023-12-27 11:24:13,818] Trial 22 finished with value: 6595.63427734375 and parameters: {'gradient_clip_val': 0.13565331688857557, 'hidden_size': 21, 'dropout': 0.33226795343914445, 'hidden_continuous_size': 9, 'attention_head_size': 1, 'learning_rate': 0.006325776676829976}. Best is trial 0 with value: 1000.264404296875.
LOCAL_RANK: 0 - CUDA_VISIBLE_DEVICES: [0]
[I 2023-12-27 11:24:14,310] Trial 23 finished with value: 4941.31396484375 and parameters: {'gradient_clip_val': 0.12826829499862524, 'hidden_size': 68, 'dropout': 0.38872819697357397, 'hidden_continuous_size': 12, 'attention_head_size': 1, 'learning_rate': 0.013587095144883437}. Best is trial 0 with value: 1000.264404296875.
LOCAL_RANK: 0 - CUDA_VISIBLE_DEVICES: [0]
[I 2023-12-27 11:24:14,806] Trial 24 finished with value: 6622.95166015625 and parameters: {'gradient_clip_val': 0.12279881259292769, 'hidden_size': 22, 'dropout': 0.31724414565543546, 'hidden_continuous_size': 6, 'attention_head_size': 2, 'learning_rate': 0.0035181779645356496}. Best is trial 0 with value: 1000.264404296875.
LOCAL_RANK: 0 - CUDA_VISIBLE_DEVICES: [0]
[I 2023-12-27 11:24:15,276] Trial 25 finished with value: 6877.62109375 and parameters: {'gradient_clip_val': 0.10271778180128986, 'hidden_size': 37, 'dropout': 0.35082241396188224, 'hidden_continuous_size': 10, 'attention_head_size': 1, 'learning_rate': 0.00982066468789447}. Best is trial 0 with value: 1000.264404296875.
LOCAL_RANK: 0 - CUDA_VISIBLE_DEVICES: [0]
[I 2023-12-27 11:24:15,724] Trial 26 finished with value: 7176.74267578125 and parameters: {'gradient_clip_val': 0.1481198531464294, 'hidden_size': 13, 'dropout': 0.41479201025952095, 'hidden_continuous_size': 7, 'attention_head_size': 2, 'learning_rate': 0.029383590189057167}. Best is trial 0 with value: 1000.264404296875.
LOCAL_RANK: 0 - CUDA_VISIBLE_DEVICES: [0]
[I 2023-12-27 11:24:16,172] Trial 27 finished with value: 4588.880859375 and parameters: {'gradient_clip_val': 0.11998340253627963, 'hidden_size': 26, 'dropout': 0.31026752705874533, 'hidden_continuous_size': 9, 'attention_head_size': 4, 'learning_rate': 0.014797234029283986}. Best is trial 0 with value: 1000.264404296875.
LOCAL_RANK: 0 - CUDA_VISIBLE_DEVICES: [0]
[I 2023-12-27 11:24:16,608] Trial 28 finished with value: 6087.90087890625 and parameters: {'gradient_clip_val': 0.21110900239149574, 'hidden_size': 7, 'dropout': 0.3788748723818345, 'hidden_continuous_size': 5, 'attention_head_size': 1, 'learning_rate': 0.020553359626763423}. Best is trial 0 with value: 1000.264404296875.
LOCAL_RANK: 0 - CUDA_VISIBLE_DEVICES: [0]
[I 2023-12-27 11:24:17,078] Trial 29 finished with value: 5400.53759765625 and parameters: {'gradient_clip_val': 0.16714814472663894, 'hidden_size': 12, 'dropout': 0.25978498513795545, 'hidden_continuous_size': 6, 'attention_head_size': 3, 'learning_rate': 0.019867549578978468}. Best is trial 0 with value: 1000.264404296875.
LOCAL_RANK: 0 - CUDA_VISIBLE_DEVICES: [0]
[I 2023-12-27 11:24:17,507] Trial 30 finished with value: 6048.10546875 and parameters: {'gradient_clip_val': 0.16211266698169333, 'hidden_size': 6, 'dropout': 0.34326049194164543, 'hidden_continuous_size': 5, 'attention_head_size': 2, 'learning_rate': 0.050555137157381955}. Best is trial 0 with value: 1000.264404296875.
LOCAL_RANK: 0 - CUDA_VISIBLE_DEVICES: [0]
[I 2023-12-27 11:24:17,980] Trial 31 finished with value: 6155.23291015625 and parameters: {'gradient_clip_val': 0.12027324995321784, 'hidden_size': 23, 'dropout': 0.3104060028605292, 'hidden_continuous_size': 9, 'attention_head_size': 4, 'learning_rate': 0.015631881105523795}. Best is trial 0 with value: 1000.264404296875.
LOCAL_RANK: 0 - CUDA_VISIBLE_DEVICES: [0]
[I 2023-12-27 11:24:18,427] Trial 32 finished with value: 6049.162109375 and parameters: {'gradient_clip_val': 0.11992626855731095, 'hidden_size': 28, 'dropout': 0.31415334989895594, 'hidden_continuous_size': 8, 'attention_head_size': 4, 'learning_rate': 0.027644294152871386}. Best is trial 0 with value: 1000.264404296875.
LOCAL_RANK: 0 - CUDA_VISIBLE_DEVICES: [0]
[I 2023-12-27 11:24:18,875] Trial 33 finished with value: 5082.966796875 and parameters: {'gradient_clip_val': 0.1427740644652819, 'hidden_size': 16, 'dropout': 0.2876588676436187, 'hidden_continuous_size': 7, 'attention_head_size': 4, 'learning_rate': 0.017718791050795497}. Best is trial 0 with value: 1000.264404296875.
LOCAL_RANK: 0 - CUDA_VISIBLE_DEVICES: [0]
[I 2023-12-27 11:24:19,321] Trial 34 finished with value: 4131.1591796875 and parameters: {'gradient_clip_val': 0.10229901920124566, 'hidden_size': 10, 'dropout': 0.23115809785054145, 'hidden_continuous_size': 6, 'attention_head_size': 4, 'learning_rate': 0.034376739309240886}. Best is trial 0 with value: 1000.264404296875.
LOCAL_RANK: 0 - CUDA_VISIBLE_DEVICES: [0]
[I 2023-12-27 11:24:20,014] Trial 35 finished with value: 5649.982421875 and parameters: {'gradient_clip_val': 0.10291736991551925, 'hidden_size': 8, 'dropout': 0.21403072816416158, 'hidden_continuous_size': 6, 'attention_head_size': 3, 'learning_rate': 0.061504673417749664}. Best is trial 0 with value: 1000.264404296875.
LOCAL_RANK: 0 - CUDA_VISIBLE_DEVICES: [0]
[I 2023-12-27 11:24:20,469] Trial 36 finished with value: 6957.447265625 and parameters: {'gradient_clip_val': 0.21924024476460194, 'hidden_size': 9, 'dropout': 0.21879313934500239, 'hidden_continuous_size': 6, 'attention_head_size': 4, 'learning_rate': 0.03346825902355074}. Best is trial 0 with value: 1000.264404296875.
LOCAL_RANK: 0 - CUDA_VISIBLE_DEVICES: [0]
[I 2023-12-27 11:24:20,917] Trial 37 finished with value: 5720.068359375 and parameters: {'gradient_clip_val': 0.10003519565470477, 'hidden_size': 11, 'dropout': 0.17817514488409128, 'hidden_continuous_size': 6, 'attention_head_size': 4, 'learning_rate': 0.03815515279447406}. Best is trial 0 with value: 1000.264404296875.
LOCAL_RANK: 0 - CUDA_VISIBLE_DEVICES: [0]
[I 2023-12-27 11:24:21,355] Trial 38 finished with value: 6179.86328125 and parameters: {'gradient_clip_val': 0.1352618866433348, 'hidden_size': 7, 'dropout': 0.36366358668117915, 'hidden_continuous_size': 5, 'attention_head_size': 3, 'learning_rate': 0.06405657709045277}. Best is trial 0 with value: 1000.264404296875.
LOCAL_RANK: 0 - CUDA_VISIBLE_DEVICES: [0]
[I 2023-12-27 11:24:21,798] Trial 39 finished with value: 5624.01904296875 and parameters: {'gradient_clip_val': 0.2713659383370647, 'hidden_size': 10, 'dropout': 0.42568255707441954, 'hidden_continuous_size': 7, 'attention_head_size': 4, 'learning_rate': 0.022409631686751037}. Best is trial 0 with value: 1000.264404296875.
LOCAL_RANK: 0 - CUDA_VISIBLE_DEVICES: [0]
[I 2023-12-27 11:24:22,230] Trial 40 finished with value: 5157.6220703125 and parameters: {'gradient_clip_val': 0.11643633355013863, 'hidden_size': 16, 'dropout': 0.28151200144356975, 'hidden_continuous_size': 8, 'attention_head_size': 1, 'learning_rate': 0.04570466706153859}. Best is trial 0 with value: 1000.264404296875.
LOCAL_RANK: 0 - CUDA_VISIBLE_DEVICES: [0]
[I 2023-12-27 11:24:22,714] Trial 41 finished with value: 9799.48046875 and parameters: {'gradient_clip_val': 0.11449660444232354, 'hidden_size': 56, 'dropout': 0.3086309211309762, 'hidden_continuous_size': 14, 'attention_head_size': 4, 'learning_rate': 0.01674526951415883}. Best is trial 0 with value: 1000.264404296875.
LOCAL_RANK: 0 - CUDA_VISIBLE_DEVICES: [0]
[I 2023-12-27 11:24:23,196] Trial 42 finished with value: 6323.568359375 and parameters: {'gradient_clip_val': 0.15075032890099735, 'hidden_size': 40, 'dropout': 0.33431426113619994, 'hidden_continuous_size': 11, 'attention_head_size': 4, 'learning_rate': 0.011322834533581483}. Best is trial 0 with value: 1000.264404296875.
LOCAL_RANK: 0 - CUDA_VISIBLE_DEVICES: [0]
[I 2023-12-27 11:24:23,691] Trial 43 finished with value: 6772.24267578125 and parameters: {'gradient_clip_val': 0.12844020799000833, 'hidden_size': 95, 'dropout': 0.30228978501603504, 'hidden_continuous_size': 13, 'attention_head_size': 4, 'learning_rate': 0.024162729363213915}. Best is trial 0 with value: 1000.264404296875.
LOCAL_RANK: 0 - CUDA_VISIBLE_DEVICES: [0]
[I 2023-12-27 11:24:24,164] Trial 44 finished with value: 3808.204833984375 and parameters: {'gradient_clip_val': 0.11238922818673382, 'hidden_size': 25, 'dropout': 0.35436762853336307, 'hidden_continuous_size': 9, 'attention_head_size': 4, 'learning_rate': 0.036402435350559176}. Best is trial 0 with value: 1000.264404296875.
LOCAL_RANK: 0 - CUDA_VISIBLE_DEVICES: [0]
[I 2023-12-27 11:24:24,655] Trial 45 finished with value: 4637.681640625 and parameters: {'gradient_clip_val': 0.11045623610476732, 'hidden_size': 33, 'dropout': 0.358336598328038, 'hidden_continuous_size': 16, 'attention_head_size': 3, 'learning_rate': 0.03600845657381105}. Best is trial 0 with value: 1000.264404296875.
LOCAL_RANK: 0 - CUDA_VISIBLE_DEVICES: [0]
[I 2023-12-27 11:24:25,128] Trial 46 finished with value: 6003.20166015625 and parameters: {'gradient_clip_val': 0.1303586986564645, 'hidden_size': 17, 'dropout': 0.47081950267800693, 'hidden_continuous_size': 8, 'attention_head_size': 4, 'learning_rate': 0.03872617933411639}. Best is trial 0 with value: 1000.264404296875.
LOCAL_RANK: 0 - CUDA_VISIBLE_DEVICES: [0]
[I 2023-12-27 11:24:25,589] Trial 47 finished with value: 7231.94189453125 and parameters: {'gradient_clip_val': 0.16095539749087337, 'hidden_size': 19, 'dropout': 0.3721037128997885, 'hidden_continuous_size': 11, 'attention_head_size': 3, 'learning_rate': 0.028518088214546523}. Best is trial 0 with value: 1000.264404296875.
LOCAL_RANK: 0 - CUDA_VISIBLE_DEVICES: [0]
[I 2023-12-27 11:24:26,020] Trial 48 finished with value: 6301.3203125 and parameters: {'gradient_clip_val': 0.19242457178720754, 'hidden_size': 13, 'dropout': 0.40956705189792747, 'hidden_continuous_size': 7, 'attention_head_size': 2, 'learning_rate': 0.047816613911587175}. Best is trial 0 with value: 1000.264404296875.
LOCAL_RANK: 0 - CUDA_VISIBLE_DEVICES: [0]
[I 2023-12-27 11:24:26,780] Trial 49 finished with value: 6088.53369140625 and parameters: {'gradient_clip_val': 0.11056923266922813, 'hidden_size': 41, 'dropout': 0.39840677835066374, 'hidden_continuous_size': 19, 'attention_head_size': 4, 'learning_rate': 0.022493229108802425}. Best is trial 0 with value: 1000.264404296875.
[I 2023-12-27 11:24:26,909] A new study created in memory with name: no-name-e1b75c66-1750-4586-a46d-32784cab26c0
/home/le004/conda/anaconda3/envs/tsff_env/lib/python3.9/site-packages/lightning/fabric/plugins/environments/slurm.py:191: The `srun` command is available on your system but is not used. HINT: If your intention is to run Lightning on SLURM, prepend your python command with `srun` like so: srun python /home/le004/master_thesis/git/TSFusionForecast/code/ ...
LOCAL_RANK: 0 - CUDA_VISIBLE_DEVICES: [0]
[I 2023-12-27 11:24:55,442] Trial 0 finished with value: 40.61152267456055 and parameters: {'gradient_clip_val': 0.11937929422221605, 'hidden_size': 15, 'dropout': 0.3914101866168741, 'hidden_continuous_size': 5, 'attention_head_size': 3, 'learning_rate': 0.005069893835923769}. Best is trial 0 with value: 40.61152267456055.
LOCAL_RANK: 0 - CUDA_VISIBLE_DEVICES: [0]
[I 2023-12-27 11:24:59,921] Trial 1 finished with value: 73.826416015625 and parameters: {'gradient_clip_val': 0.8020437935552724, 'hidden_size': 8, 'dropout': 0.3769360043533819, 'hidden_continuous_size': 8, 'attention_head_size': 4, 'learning_rate': 0.030559142652038594}. Best is trial 0 with value: 40.61152267456055.
LOCAL_RANK: 0 - CUDA_VISIBLE_DEVICES: [0]
[I 2023-12-27 11:25:00,391] Trial 2 finished with value: 65.92791748046875 and parameters: {'gradient_clip_val': 0.7637702560705247, 'hidden_size': 42, 'dropout': 0.12970596405172402, 'hidden_continuous_size': 27, 'attention_head_size': 3, 'learning_rate': 0.0005289797713051643}. Best is trial 0 with value: 40.61152267456055.
LOCAL_RANK: 0 - CUDA_VISIBLE_DEVICES: [0]
[I 2023-12-27 11:25:00,829] Trial 3 finished with value: 88.17098999023438 and parameters: {'gradient_clip_val': 0.15906129066242788, 'hidden_size': 22, 'dropout': 0.3143949460634379, 'hidden_continuous_size': 18, 'attention_head_size': 2, 'learning_rate': 0.000755066628816678}. Best is trial 0 with value: 40.61152267456055.
LOCAL_RANK: 0 - CUDA_VISIBLE_DEVICES: [0]
[I 2023-12-27 11:25:01,323] Trial 4 finished with value: 118.8349838256836 and parameters: {'gradient_clip_val': 0.20282463534918346, 'hidden_size': 127, 'dropout': 0.3091740194615894, 'hidden_continuous_size': 20, 'attention_head_size': 4, 'learning_rate': 0.002445821250151927}. Best is trial 0 with value: 40.61152267456055.
LOCAL_RANK: 0 - CUDA_VISIBLE_DEVICES: [0]
[I 2023-12-27 11:25:01,760] Trial 5 finished with value: 98.06009674072266 and parameters: {'gradient_clip_val': 0.3064224809024791, 'hidden_size': 19, 'dropout': 0.30824380782622846, 'hidden_continuous_size': 6, 'attention_head_size': 4, 'learning_rate': 0.032927482228463374}. Best is trial 0 with value: 40.61152267456055.
LOCAL_RANK: 0 - CUDA_VISIBLE_DEVICES: [0]
[I 2023-12-27 11:25:02,175] Trial 6 finished with value: 119.56482696533203 and parameters: {'gradient_clip_val': 0.3640284274573739, 'hidden_size': 10, 'dropout': 0.2306310578991443, 'hidden_continuous_size': 7, 'attention_head_size': 2, 'learning_rate': 0.01091638969103866}. Best is trial 0 with value: 40.61152267456055.
LOCAL_RANK: 0 - CUDA_VISIBLE_DEVICES: [0]
[I 2023-12-27 11:25:02,561] Trial 7 finished with value: 89.65972900390625 and parameters: {'gradient_clip_val': 0.3467929403262151, 'hidden_size': 8, 'dropout': 0.30729551006007183, 'hidden_continuous_size': 8, 'attention_head_size': 3, 'learning_rate': 0.040570056202534274}. Best is trial 0 with value: 40.61152267456055.
LOCAL_RANK: 0 - CUDA_VISIBLE_DEVICES: [0]
[I 2023-12-27 11:25:03,062] Trial 8 finished with value: 98.86402130126953 and parameters: {'gradient_clip_val': 0.7255762306672051, 'hidden_size': 129, 'dropout': 0.12911741439756313, 'hidden_continuous_size': 95, 'attention_head_size': 1, 'learning_rate': 0.0005292506546913521}. Best is trial 0 with value: 40.61152267456055.
LOCAL_RANK: 0 - CUDA_VISIBLE_DEVICES: [0]
[I 2023-12-27 11:25:03,753] Trial 9 finished with value: 131.963134765625 and parameters: {'gradient_clip_val': 0.17798338388222967, 'hidden_size': 17, 'dropout': 0.2728915362232489, 'hidden_continuous_size': 17, 'attention_head_size': 2, 'learning_rate': 0.010177498107313134}. Best is trial 0 with value: 40.61152267456055.
LOCAL_RANK: 0 - CUDA_VISIBLE_DEVICES: [0]
[I 2023-12-27 11:25:04,180] Trial 10 finished with value: 140.08787536621094 and parameters: {'gradient_clip_val': 0.1048345761952097, 'hidden_size': 5, 'dropout': 0.49005928717258823, 'hidden_continuous_size': 5, 'attention_head_size': 1, 'learning_rate': 0.09599510886107512}. Best is trial 0 with value: 40.61152267456055.
LOCAL_RANK: 0 - CUDA_VISIBLE_DEVICES: [0]
[I 2023-12-27 11:25:04,696] Trial 11 finished with value: 86.57830047607422 and parameters: {'gradient_clip_val': 0.5799478389042458, 'hidden_size': 46, 'dropout': 0.11099115463336709, 'hidden_continuous_size': 11, 'attention_head_size': 3, 'learning_rate': 0.0020803288151077654}. Best is trial 0 with value: 40.61152267456055.
LOCAL_RANK: 0 - CUDA_VISIBLE_DEVICES: [0]
[I 2023-12-27 11:25:05,172] Trial 12 finished with value: 105.27249908447266 and parameters: {'gradient_clip_val': 0.9901508257835241, 'hidden_size': 42, 'dropout': 0.16455560441164627, 'hidden_continuous_size': 5, 'attention_head_size': 3, 'learning_rate': 0.0026928951348991013}. Best is trial 0 with value: 40.61152267456055.
LOCAL_RANK: 0 - CUDA_VISIBLE_DEVICES: [0]
[I 2023-12-27 11:25:05,689] Trial 13 finished with value: 116.80582427978516 and parameters: {'gradient_clip_val': 0.4943572791344966, 'hidden_size': 38, 'dropout': 0.20100534055168345, 'hidden_continuous_size': 11, 'attention_head_size': 3, 'learning_rate': 0.001120076356096865}. Best is trial 0 with value: 40.61152267456055.
LOCAL_RANK: 0 - CUDA_VISIBLE_DEVICES: [0]
[I 2023-12-27 11:25:06,192] Trial 14 finished with value: 98.85326385498047 and parameters: {'gradient_clip_val': 0.1033523359757616, 'hidden_size': 65, 'dropout': 0.38637619203633494, 'hidden_continuous_size': 26, 'attention_head_size': 3, 'learning_rate': 0.004270434844474531}. Best is trial 0 with value: 40.61152267456055.
LOCAL_RANK: 0 - CUDA_VISIBLE_DEVICES: [0]
[I 2023-12-27 11:25:06,666] Trial 15 finished with value: 108.05611419677734 and parameters: {'gradient_clip_val': 0.25156929664377775, 'hidden_size': 28, 'dropout': 0.10739660174185933, 'hidden_continuous_size': 5, 'attention_head_size': 2, 'learning_rate': 0.00131849618912319}. Best is trial 0 with value: 40.61152267456055.
LOCAL_RANK: 0 - CUDA_VISIBLE_DEVICES: [0]
[I 2023-12-27 11:25:07,128] Trial 16 finished with value: 100.6439208984375 and parameters: {'gradient_clip_val': 0.453697933161834, 'hidden_size': 15, 'dropout': 0.16881003194487787, 'hidden_continuous_size': 6, 'attention_head_size': 4, 'learning_rate': 0.0005113045413013881}. Best is trial 0 with value: 40.61152267456055.
LOCAL_RANK: 0 - CUDA_VISIBLE_DEVICES: [0]
[I 2023-12-27 11:25:07,595] Trial 17 finished with value: 97.07276153564453 and parameters: {'gradient_clip_val': 0.1437464904600991, 'hidden_size': 28, 'dropout': 0.2569302521596577, 'hidden_continuous_size': 9, 'attention_head_size': 3, 'learning_rate': 0.006079196034359043}. Best is trial 0 with value: 40.61152267456055.
LOCAL_RANK: 0 - CUDA_VISIBLE_DEVICES: [0]
[I 2023-12-27 11:25:08,096] Trial 18 finished with value: 102.72725677490234 and parameters: {'gradient_clip_val': 0.24714038751000642, 'hidden_size': 68, 'dropout': 0.19826948148920734, 'hidden_continuous_size': 28, 'attention_head_size': 2, 'learning_rate': 0.0013707742729732134}. Best is trial 0 with value: 40.61152267456055.
LOCAL_RANK: 0 - CUDA_VISIBLE_DEVICES: [0]
[I 2023-12-27 11:25:08,613] Trial 19 finished with value: 93.36742401123047 and parameters: {'gradient_clip_val': 0.1343325516279516, 'hidden_size': 27, 'dropout': 0.36813171336189776, 'hidden_continuous_size': 6, 'attention_head_size': 4, 'learning_rate': 0.004101497416670233}. Best is trial 0 with value: 40.61152267456055.
LOCAL_RANK: 0 - CUDA_VISIBLE_DEVICES: [0]
[I 2023-12-27 11:25:09,086] Trial 20 finished with value: 102.7913818359375 and parameters: {'gradient_clip_val': 0.430498623543583, 'hidden_size': 14, 'dropout': 0.14382745632679655, 'hidden_continuous_size': 5, 'attention_head_size': 3, 'learning_rate': 0.0012544563692465092}. Best is trial 0 with value: 40.61152267456055.
LOCAL_RANK: 0 - CUDA_VISIBLE_DEVICES: [0]
[I 2023-12-27 11:25:09,533] Trial 21 finished with value: 109.32999420166016 and parameters: {'gradient_clip_val': 0.7392958014264013, 'hidden_size': 10, 'dropout': 0.37766148001598093, 'hidden_continuous_size': 5, 'attention_head_size': 4, 'learning_rate': 0.015323701947519074}. Best is trial 0 with value: 40.61152267456055.
LOCAL_RANK: 0 - CUDA_VISIBLE_DEVICES: [0]
[I 2023-12-27 11:25:09,954] Trial 22 finished with value: 82.7530288696289 and parameters: {'gradient_clip_val': 0.6326025593945321, 'hidden_size': 5, 'dropout': 0.42924474640230736, 'hidden_continuous_size': 5, 'attention_head_size': 4, 'learning_rate': 0.017200325544515505}. Best is trial 0 with value: 40.61152267456055.
LOCAL_RANK: 0 - CUDA_VISIBLE_DEVICES: [0]
[I 2023-12-27 11:25:10,683] Trial 23 finished with value: 121.75882720947266 and parameters: {'gradient_clip_val': 0.9644903835884506, 'hidden_size': 12, 'dropout': 0.3567619069482253, 'hidden_continuous_size': 6, 'attention_head_size': 3, 'learning_rate': 0.006315133577742285}. Best is trial 0 with value: 40.61152267456055.
LOCAL_RANK: 0 - CUDA_VISIBLE_DEVICES: [0]
[I 2023-12-27 11:25:11,151] Trial 24 finished with value: 99.26129150390625 and parameters: {'gradient_clip_val': 0.8228477556072958, 'hidden_size': 7, 'dropout': 0.41709436146481094, 'hidden_continuous_size': 5, 'attention_head_size': 4, 'learning_rate': 0.004632092929538145}. Best is trial 0 with value: 40.61152267456055.
LOCAL_RANK: 0 - CUDA_VISIBLE_DEVICES: [0]
