[I 2023-12-27 11:28:49,686] Trial 13 finished with value: 17867.892578125 and parameters: {'gradient_clip_val': 0.5158410779615213, 'hidden_size': 30, 'dropout': 0.19423712476640814, 'hidden_continuous_size': 8, 'attention_head_size': 3, 'learning_rate': 0.02425787624341796}. Best is trial 0 with value: 4619.400390625.
LOCAL_RANK: 0 - CUDA_VISIBLE_DEVICES: [0]
[I 2023-12-27 11:28:50,198] Trial 14 finished with value: 22242.498046875 and parameters: {'gradient_clip_val': 0.3376662824752428, 'hidden_size': 142, 'dropout': 0.10336061800081864, 'hidden_continuous_size': 11, 'attention_head_size': 1, 'learning_rate': 0.03777565564503371}. Best is trial 0 with value: 4619.400390625.
LOCAL_RANK: 0 - CUDA_VISIBLE_DEVICES: [0]
[I 2023-12-27 11:28:50,670] Trial 15 finished with value: 25040.837890625 and parameters: {'gradient_clip_val': 0.22509105508142244, 'hidden_size': 19, 'dropout': 0.4800778797536574, 'hidden_continuous_size': 6, 'attention_head_size': 3, 'learning_rate': 0.014200333082773492}. Best is trial 0 with value: 4619.400390625.
LOCAL_RANK: 0 - CUDA_VISIBLE_DEVICES: [0]
[I 2023-12-27 11:28:51,111] Trial 16 finished with value: 18215.814453125 and parameters: {'gradient_clip_val': 0.5643898815095568, 'hidden_size': 9, 'dropout': 0.30229612478749623, 'hidden_continuous_size': 5, 'attention_head_size': 2, 'learning_rate': 0.0476746191863537}. Best is trial 0 with value: 4619.400390625.
LOCAL_RANK: 0 - CUDA_VISIBLE_DEVICES: [0]
[I 2023-12-27 11:28:51,582] Trial 17 finished with value: 15402.4189453125 and parameters: {'gradient_clip_val': 0.4374178172694944, 'hidden_size': 12, 'dropout': 0.2450846081214806, 'hidden_continuous_size': 6, 'attention_head_size': 3, 'learning_rate': 0.01838825927956092}. Best is trial 0 with value: 4619.400390625.
LOCAL_RANK: 0 - CUDA_VISIBLE_DEVICES: [0]
[I 2023-12-27 11:28:52,049] Trial 18 finished with value: 16911.458984375 and parameters: {'gradient_clip_val': 0.6792846043738545, 'hidden_size': 23, 'dropout': 0.15832305718445205, 'hidden_continuous_size': 7, 'attention_head_size': 2, 'learning_rate': 0.01101928134354572}. Best is trial 0 with value: 4619.400390625.
LOCAL_RANK: 0 - CUDA_VISIBLE_DEVICES: [0]
[I 2023-12-27 11:28:52,488] Trial 19 finished with value: 17911.81640625 and parameters: {'gradient_clip_val': 0.3858305421708748, 'hidden_size': 8, 'dropout': 0.21736072562946396, 'hidden_continuous_size': 5, 'attention_head_size': 4, 'learning_rate': 0.024255487206767276}. Best is trial 0 with value: 4619.400390625.
LOCAL_RANK: 0 - CUDA_VISIBLE_DEVICES: [0]
[I 2023-12-27 11:28:52,962] Trial 20 finished with value: 19905.015625 and parameters: {'gradient_clip_val': 0.5166526344709355, 'hidden_size': 17, 'dropout': 0.15604986629788037, 'hidden_continuous_size': 7, 'attention_head_size': 3, 'learning_rate': 0.004542742565099989}. Best is trial 0 with value: 4619.400390625.
LOCAL_RANK: 0 - CUDA_VISIBLE_DEVICES: [0]
[I 2023-12-27 11:28:53,406] Trial 21 finished with value: 18858.619140625 and parameters: {'gradient_clip_val': 0.6893092500437901, 'hidden_size': 14, 'dropout': 0.2651483053453851, 'hidden_continuous_size': 6, 'attention_head_size': 4, 'learning_rate': 0.005644265463982185}. Best is trial 0 with value: 4619.400390625.
LOCAL_RANK: 0 - CUDA_VISIBLE_DEVICES: [0]
[I 2023-12-27 11:28:53,862] Trial 22 finished with value: 19241.74609375 and parameters: {'gradient_clip_val': 0.594398522180027, 'hidden_size': 12, 'dropout': 0.3131208385965543, 'hidden_continuous_size': 6, 'attention_head_size': 4, 'learning_rate': 0.0026818034370325863}. Best is trial 0 with value: 4619.400390625.
LOCAL_RANK: 0 - CUDA_VISIBLE_DEVICES: [0]
[I 2023-12-27 11:28:54,314] Trial 23 finished with value: 16408.9453125 and parameters: {'gradient_clip_val': 0.8216432159530126, 'hidden_size': 20, 'dropout': 0.35477034522770046, 'hidden_continuous_size': 7, 'attention_head_size': 3, 'learning_rate': 0.010843585417394642}. Best is trial 0 with value: 4619.400390625.
LOCAL_RANK: 0 - CUDA_VISIBLE_DEVICES: [0]
[I 2023-12-27 11:28:55,028] Trial 24 finished with value: 17904.892578125 and parameters: {'gradient_clip_val': 0.7897900487361664, 'hidden_size': 7, 'dropout': 0.2773982584275422, 'hidden_continuous_size': 5, 'attention_head_size': 4, 'learning_rate': 0.00670187985802087}. Best is trial 0 with value: 4619.400390625.
LOCAL_RANK: 0 - CUDA_VISIBLE_DEVICES: [0]
[I 2023-12-27 11:28:55,477] Trial 25 finished with value: 20134.083984375 and parameters: {'gradient_clip_val': 0.5034430297524203, 'hidden_size': 12, 'dropout': 0.23216849702630601, 'hidden_continuous_size': 6, 'attention_head_size': 3, 'learning_rate': 0.020380679402155943}. Best is trial 0 with value: 4619.400390625.
LOCAL_RANK: 0 - CUDA_VISIBLE_DEVICES: [0]
[I 2023-12-27 11:28:55,940] Trial 26 finished with value: 20201.044921875 and parameters: {'gradient_clip_val': 0.6073928383584729, 'hidden_size': 7, 'dropout': 0.285182966306737, 'hidden_continuous_size': 5, 'attention_head_size': 4, 'learning_rate': 0.04558996495298551}. Best is trial 0 with value: 4619.400390625.
LOCAL_RANK: 0 - CUDA_VISIBLE_DEVICES: [0]
[I 2023-12-27 11:28:56,434] Trial 27 finished with value: 18214.69140625 and parameters: {'gradient_clip_val': 0.37574443353892784, 'hidden_size': 15, 'dropout': 0.2451523995864406, 'hidden_continuous_size': 7, 'attention_head_size': 3, 'learning_rate': 0.012297867940339973}. Best is trial 0 with value: 4619.400390625.
LOCAL_RANK: 0 - CUDA_VISIBLE_DEVICES: [0]
[I 2023-12-27 11:28:56,926] Trial 28 finished with value: 19021.39453125 and parameters: {'gradient_clip_val': 0.47983183173627675, 'hidden_size': 28, 'dropout': 0.18424231284962136, 'hidden_continuous_size': 9, 'attention_head_size': 2, 'learning_rate': 0.0313623117965263}. Best is trial 0 with value: 4619.400390625.
LOCAL_RANK: 0 - CUDA_VISIBLE_DEVICES: [0]
[I 2023-12-27 11:28:57,373] Trial 29 finished with value: 16946.216796875 and parameters: {'gradient_clip_val': 0.4612060778333156, 'hidden_size': 20, 'dropout': 0.13582484873686446, 'hidden_continuous_size': 6, 'attention_head_size': 1, 'learning_rate': 0.002599909305740525}. Best is trial 0 with value: 4619.400390625.
LOCAL_RANK: 0 - CUDA_VISIBLE_DEVICES: [0]
[I 2023-12-27 11:28:57,861] Trial 30 finished with value: 15497.6748046875 and parameters: {'gradient_clip_val': 0.607332205268953, 'hidden_size': 6, 'dropout': 0.13395457700742103, 'hidden_continuous_size': 5, 'attention_head_size': 4, 'learning_rate': 0.0039506672498606215}. Best is trial 0 with value: 4619.400390625.
LOCAL_RANK: 0 - CUDA_VISIBLE_DEVICES: [0]
[I 2023-12-27 11:28:58,353] Trial 31 finished with value: 15696.6591796875 and parameters: {'gradient_clip_val': 0.4243557029722625, 'hidden_size': 11, 'dropout': 0.24671000271657895, 'hidden_continuous_size': 6, 'attention_head_size': 3, 'learning_rate': 0.017540804254579705}. Best is trial 0 with value: 4619.400390625.
LOCAL_RANK: 0 - CUDA_VISIBLE_DEVICES: [0]
[I 2023-12-27 11:28:58,806] Trial 32 finished with value: 17611.78515625 and parameters: {'gradient_clip_val': 0.4412507783069543, 'hidden_size': 12, 'dropout': 0.21536945676922287, 'hidden_continuous_size': 6, 'attention_head_size': 3, 'learning_rate': 0.01685903558065224}. Best is trial 0 with value: 4619.400390625.
LOCAL_RANK: 0 - CUDA_VISIBLE_DEVICES: [0]
[I 2023-12-27 11:28:59,254] Trial 33 finished with value: 20248.501953125 and parameters: {'gradient_clip_val': 0.3424959014377485, 'hidden_size': 14, 'dropout': 0.2903774617821816, 'hidden_continuous_size': 7, 'attention_head_size': 3, 'learning_rate': 0.008124503362438777}. Best is trial 0 with value: 4619.400390625.
LOCAL_RANK: 0 - CUDA_VISIBLE_DEVICES: [0]
[I 2023-12-27 11:28:59,710] Trial 34 finished with value: 22570.5703125 and parameters: {'gradient_clip_val': 0.42754852617361205, 'hidden_size': 10, 'dropout': 0.3304619115126247, 'hidden_continuous_size': 6, 'attention_head_size': 3, 'learning_rate': 0.020812073402972454}. Best is trial 0 with value: 4619.400390625.
LOCAL_RANK: 0 - CUDA_VISIBLE_DEVICES: [0]
[I 2023-12-27 11:29:00,146] Trial 35 finished with value: 16170.23828125 and parameters: {'gradient_clip_val': 0.536913377683912, 'hidden_size': 8, 'dropout': 0.39060864017767005, 'hidden_continuous_size': 5, 'attention_head_size': 2, 'learning_rate': 0.027848039890343783}. Best is trial 0 with value: 4619.400390625.
LOCAL_RANK: 0 - CUDA_VISIBLE_DEVICES: [0]
[I 2023-12-27 11:29:00,631] Trial 36 finished with value: 23031.4921875 and parameters: {'gradient_clip_val': 0.29355362845491556, 'hidden_size': 33, 'dropout': 0.2595673141119635, 'hidden_continuous_size': 10, 'attention_head_size': 4, 'learning_rate': 0.012931380179512921}. Best is trial 0 with value: 4619.400390625.
LOCAL_RANK: 0 - CUDA_VISIBLE_DEVICES: [0]
[I 2023-12-27 11:29:01,393] Trial 37 finished with value: 19769.861328125 and parameters: {'gradient_clip_val': 0.46997220586508576, 'hidden_size': 38, 'dropout': 0.4669857927852573, 'hidden_continuous_size': 12, 'attention_head_size': 3, 'learning_rate': 0.001735651808895614}. Best is trial 0 with value: 4619.400390625.
LOCAL_RANK: 0 - CUDA_VISIBLE_DEVICES: [0]
[I 2023-12-27 11:29:01,874] Trial 38 finished with value: 19179.443359375 and parameters: {'gradient_clip_val': 0.6731230725134353, 'hidden_size': 22, 'dropout': 0.44251833752378966, 'hidden_continuous_size': 8, 'attention_head_size': 4, 'learning_rate': 0.008992587256168683}. Best is trial 0 with value: 4619.400390625.
LOCAL_RANK: 0 - CUDA_VISIBLE_DEVICES: [0]
[I 2023-12-27 11:29:02,327] Trial 39 finished with value: 19664.10546875 and parameters: {'gradient_clip_val': 0.3769976383519202, 'hidden_size': 17, 'dropout': 0.36125278819949136, 'hidden_continuous_size': 7, 'attention_head_size': 2, 'learning_rate': 0.01621683715097612}. Best is trial 0 with value: 4619.400390625.
LOCAL_RANK: 0 - CUDA_VISIBLE_DEVICES: [0]
[I 2023-12-27 11:29:02,806] Trial 40 finished with value: 18320.33984375 and parameters: {'gradient_clip_val': 0.3250880523212562, 'hidden_size': 13, 'dropout': 0.31633517796136257, 'hidden_continuous_size': 7, 'attention_head_size': 3, 'learning_rate': 0.005380926905110881}. Best is trial 0 with value: 4619.400390625.
LOCAL_RANK: 0 - CUDA_VISIBLE_DEVICES: [0]
[I 2023-12-27 11:29:03,249] Trial 41 finished with value: 16389.37109375 and parameters: {'gradient_clip_val': 0.6031414017484125, 'hidden_size': 6, 'dropout': 0.12813899991382754, 'hidden_continuous_size': 5, 'attention_head_size': 4, 'learning_rate': 0.003501949993880546}. Best is trial 0 with value: 4619.400390625.
LOCAL_RANK: 0 - CUDA_VISIBLE_DEVICES: [0]
[I 2023-12-27 11:29:03,653] Trial 42 finished with value: 21254.216796875 and parameters: {'gradient_clip_val': 0.7788563620121722, 'hidden_size': 5, 'dropout': 0.17183974730171597, 'hidden_continuous_size': 5, 'attention_head_size': 4, 'learning_rate': 0.0036528520814881307}. Best is trial 0 with value: 4619.400390625.
LOCAL_RANK: 0 - CUDA_VISIBLE_DEVICES: [0]
[I 2023-12-27 11:29:04,099] Trial 43 finished with value: 17369.404296875 and parameters: {'gradient_clip_val': 0.5842990422072214, 'hidden_size': 10, 'dropout': 0.10136728821693936, 'hidden_continuous_size': 5, 'attention_head_size': 4, 'learning_rate': 0.001387825955257476}. Best is trial 0 with value: 4619.400390625.
LOCAL_RANK: 0 - CUDA_VISIBLE_DEVICES: [0]
[I 2023-12-27 11:29:04,545] Trial 44 finished with value: 18478.505859375 and parameters: {'gradient_clip_val': 0.5301624381884996, 'hidden_size': 6, 'dropout': 0.1389788426231884, 'hidden_continuous_size': 5, 'attention_head_size': 4, 'learning_rate': 0.0063743584367689085}. Best is trial 0 with value: 4619.400390625.
LOCAL_RANK: 0 - CUDA_VISIBLE_DEVICES: [0]
[I 2023-12-27 11:29:04,995] Trial 45 finished with value: 13006.88671875 and parameters: {'gradient_clip_val': 0.4555192229211256, 'hidden_size': 15, 'dropout': 0.19833765517873458, 'hidden_continuous_size': 6, 'attention_head_size': 3, 'learning_rate': 0.004787625371570123}. Best is trial 0 with value: 4619.400390625.
LOCAL_RANK: 0 - CUDA_VISIBLE_DEVICES: [0]
[I 2023-12-27 11:29:05,437] Trial 46 finished with value: 17414.974609375 and parameters: {'gradient_clip_val': 0.4127887821016776, 'hidden_size': 17, 'dropout': 0.19990691096490307, 'hidden_continuous_size': 6, 'attention_head_size': 3, 'learning_rate': 0.004808093465647271}. Best is trial 0 with value: 4619.400390625.
LOCAL_RANK: 0 - CUDA_VISIBLE_DEVICES: [0]
[I 2023-12-27 11:29:05,888] Trial 47 finished with value: 16870.552734375 and parameters: {'gradient_clip_val': 0.26748391445911734, 'hidden_size': 15, 'dropout': 0.1964647713238544, 'hidden_continuous_size': 8, 'attention_head_size': 3, 'learning_rate': 0.00958666989731094}. Best is trial 0 with value: 4619.400390625.
LOCAL_RANK: 0 - CUDA_VISIBLE_DEVICES: [0]
[I 2023-12-27 11:29:06,374] Trial 48 finished with value: 16759.673828125 and parameters: {'gradient_clip_val': 0.4772846237802951, 'hidden_size': 24, 'dropout': 0.22467306338682264, 'hidden_continuous_size': 9, 'attention_head_size': 3, 'learning_rate': 0.013987566438915166}. Best is trial 0 with value: 4619.400390625.
LOCAL_RANK: 0 - CUDA_VISIBLE_DEVICES: [0]
[I 2023-12-27 11:29:06,822] Trial 49 finished with value: 14035.8173828125 and parameters: {'gradient_clip_val': 0.3486857331032374, 'hidden_size': 13, 'dropout': 0.23135481114814307, 'hidden_continuous_size': 6, 'attention_head_size': 2, 'learning_rate': 0.006726513029793069}. Best is trial 0 with value: 4619.400390625.
[I 2023-12-27 11:29:06,949] A new study created in memory with name: no-name-29448290-29d4-42d3-9883-2840e6d4b407
/home/le004/conda/anaconda3/envs/tsff_env/lib/python3.9/site-packages/lightning/fabric/plugins/environments/slurm.py:191: The `srun` command is available on your system but is not used. HINT: If your intention is to run Lightning on SLURM, prepend your python command with `srun` like so: srun python /home/le004/master_thesis/git/TSFusionForecast/code/ ...
LOCAL_RANK: 0 - CUDA_VISIBLE_DEVICES: [0]
[I 2023-12-27 11:29:36,093] Trial 0 finished with value: 4615.46142578125 and parameters: {'gradient_clip_val': 0.10597090124401708, 'hidden_size': 11, 'dropout': 0.3145375665202159, 'hidden_continuous_size': 10, 'attention_head_size': 2, 'learning_rate': 0.0031812866828768572}. Best is trial 0 with value: 4615.46142578125.
LOCAL_RANK: 0 - CUDA_VISIBLE_DEVICES: [0]
[I 2023-12-27 11:29:45,418] Trial 1 finished with value: 12689.3857421875 and parameters: {'gradient_clip_val': 0.1651907760435058, 'hidden_size': 18, 'dropout': 0.41798960649300687, 'hidden_continuous_size': 9, 'attention_head_size': 1, 'learning_rate': 0.0014168908577857637}. Best is trial 0 with value: 4615.46142578125.
LOCAL_RANK: 0 - CUDA_VISIBLE_DEVICES: [0]
[I 2023-12-27 11:29:45,862] Trial 2 finished with value: 13527.234375 and parameters: {'gradient_clip_val': 0.1939626852591398, 'hidden_size': 14, 'dropout': 0.2333681319068954, 'hidden_continuous_size': 13, 'attention_head_size': 4, 'learning_rate': 0.050995559757226964}. Best is trial 0 with value: 4615.46142578125.
LOCAL_RANK: 0 - CUDA_VISIBLE_DEVICES: [0]
[I 2023-12-27 11:29:46,322] Trial 3 finished with value: 14984.921875 and parameters: {'gradient_clip_val': 0.3807136540589062, 'hidden_size': 34, 'dropout': 0.3577290374321239, 'hidden_continuous_size': 19, 'attention_head_size': 1, 'learning_rate': 0.015340127835008288}. Best is trial 0 with value: 4615.46142578125.
LOCAL_RANK: 0 - CUDA_VISIBLE_DEVICES: [0]
[I 2023-12-27 11:29:46,732] Trial 4 finished with value: 16331.7626953125 and parameters: {'gradient_clip_val': 0.10624758464967284, 'hidden_size': 11, 'dropout': 0.45078425392255894, 'hidden_continuous_size': 5, 'attention_head_size': 2, 'learning_rate': 0.0012205380793709301}. Best is trial 0 with value: 4615.46142578125.
LOCAL_RANK: 0 - CUDA_VISIBLE_DEVICES: [0]
[I 2023-12-27 11:29:47,195] Trial 5 finished with value: 16691.27734375 and parameters: {'gradient_clip_val': 0.6526787973878064, 'hidden_size': 31, 'dropout': 0.43766651817231406, 'hidden_continuous_size': 12, 'attention_head_size': 4, 'learning_rate': 0.0006661050439141915}. Best is trial 0 with value: 4615.46142578125.
LOCAL_RANK: 0 - CUDA_VISIBLE_DEVICES: [0]
[I 2023-12-27 11:29:47,574] Trial 6 finished with value: 17870.443359375 and parameters: {'gradient_clip_val': 0.5388087191482624, 'hidden_size': 5, 'dropout': 0.3023467127517683, 'hidden_continuous_size': 5, 'attention_head_size': 2, 'learning_rate': 0.016620955182280354}. Best is trial 0 with value: 4615.46142578125.
LOCAL_RANK: 0 - CUDA_VISIBLE_DEVICES: [0]
[I 2023-12-27 11:29:48,045] Trial 7 finished with value: 13875.5830078125 and parameters: {'gradient_clip_val': 0.6458402493337075, 'hidden_size': 79, 'dropout': 0.44689301877607146, 'hidden_continuous_size': 40, 'attention_head_size': 1, 'learning_rate': 0.014819571374478514}. Best is trial 0 with value: 4615.46142578125.
LOCAL_RANK: 0 - CUDA_VISIBLE_DEVICES: [0]
[I 2023-12-27 11:29:48,508] Trial 8 finished with value: 13016.8486328125 and parameters: {'gradient_clip_val': 0.13927124237064162, 'hidden_size': 71, 'dropout': 0.1960696582001048, 'hidden_continuous_size': 24, 'attention_head_size': 1, 'learning_rate': 0.0005384576295835212}. Best is trial 0 with value: 4615.46142578125.
LOCAL_RANK: 0 - CUDA_VISIBLE_DEVICES: [0]
[I 2023-12-27 11:29:48,916] Trial 9 finished with value: 22858.482421875 and parameters: {'gradient_clip_val': 0.13654246186038027, 'hidden_size': 8, 'dropout': 0.14627501530371775, 'hidden_continuous_size': 7, 'attention_head_size': 2, 'learning_rate': 0.03386387993834908}. Best is trial 0 with value: 4615.46142578125.
LOCAL_RANK: 0 - CUDA_VISIBLE_DEVICES: [0]
[I 2023-12-27 11:29:49,354] Trial 10 finished with value: 11899.2890625 and parameters: {'gradient_clip_val': 0.25148118762328875, 'hidden_size': 6, 'dropout': 0.29829098220761363, 'hidden_continuous_size': 5, 'attention_head_size': 3, 'learning_rate': 0.003999664241935342}. Best is trial 0 with value: 4615.46142578125.
LOCAL_RANK: 0 - CUDA_VISIBLE_DEVICES: [0]
[I 2023-12-27 11:29:50,045] Trial 11 finished with value: 19128.3671875 and parameters: {'gradient_clip_val': 0.25050074974898606, 'hidden_size': 6, 'dropout': 0.2964066369849427, 'hidden_continuous_size': 5, 'attention_head_size': 3, 'learning_rate': 0.00373442887030002}. Best is trial 0 with value: 4615.46142578125.
LOCAL_RANK: 0 - CUDA_VISIBLE_DEVICES: [0]
[I 2023-12-27 11:29:50,493] Trial 12 finished with value: 13279.6142578125 and parameters: {'gradient_clip_val': 0.26828609528687025, 'hidden_size': 9, 'dropout': 0.33847955558898013, 'hidden_continuous_size': 6, 'attention_head_size': 3, 'learning_rate': 0.0050354298343783304}. Best is trial 0 with value: 4615.46142578125.
LOCAL_RANK: 0 - CUDA_VISIBLE_DEVICES: [0]
[I 2023-12-27 11:29:50,891] Trial 13 finished with value: 18523.818359375 and parameters: {'gradient_clip_val': 0.9370803734111566, 'hidden_size': 5, 'dropout': 0.253101881421616, 'hidden_continuous_size': 5, 'attention_head_size': 3, 'learning_rate': 0.003661028269638441}. Best is trial 0 with value: 4615.46142578125.
LOCAL_RANK: 0 - CUDA_VISIBLE_DEVICES: [0]
[I 2023-12-27 11:29:51,334] Trial 14 finished with value: 12991.8935546875 and parameters: {'gradient_clip_val': 0.10007817906246419, 'hidden_size': 17, 'dropout': 0.37399330103732015, 'hidden_continuous_size': 7, 'attention_head_size': 3, 'learning_rate': 0.0957195337111372}. Best is trial 0 with value: 4615.46142578125.
LOCAL_RANK: 0 - CUDA_VISIBLE_DEVICES: [0]
[I 2023-12-27 11:29:51,764] Trial 15 finished with value: 18046.720703125 and parameters: {'gradient_clip_val': 0.20263121592877087, 'hidden_size': 8, 'dropout': 0.4897748452319608, 'hidden_continuous_size': 5, 'attention_head_size': 2, 'learning_rate': 0.0022208564875828007}. Best is trial 0 with value: 4615.46142578125.
LOCAL_RANK: 0 - CUDA_VISIBLE_DEVICES: [0]
[I 2023-12-27 11:29:52,204] Trial 16 finished with value: 15806.5263671875 and parameters: {'gradient_clip_val': 0.3603046887051508, 'hidden_size': 12, 'dropout': 0.2938620848999491, 'hidden_continuous_size': 6, 'attention_head_size': 4, 'learning_rate': 0.007530115805199654}. Best is trial 0 with value: 4615.46142578125.
LOCAL_RANK: 0 - CUDA_VISIBLE_DEVICES: [0]
[I 2023-12-27 11:29:52,654] Trial 17 finished with value: 18051.486328125 and parameters: {'gradient_clip_val': 0.2393373186171772, 'hidden_size': 7, 'dropout': 0.11493719554473264, 'hidden_continuous_size': 5, 'attention_head_size': 3, 'learning_rate': 0.007685825386889958}. Best is trial 0 with value: 4615.46142578125.
LOCAL_RANK: 0 - CUDA_VISIBLE_DEVICES: [0]
[I 2023-12-27 11:29:53,072] Trial 18 finished with value: 18712.052734375 and parameters: {'gradient_clip_val': 0.323130884880397, 'hidden_size': 5, 'dropout': 0.3863363546870103, 'hidden_continuous_size': 5, 'attention_head_size': 2, 'learning_rate': 0.0023718175411418115}. Best is trial 0 with value: 4615.46142578125.
LOCAL_RANK: 0 - CUDA_VISIBLE_DEVICES: [0]
[I 2023-12-27 11:29:53,533] Trial 19 finished with value: 15008.0908203125 and parameters: {'gradient_clip_val': 0.132168464160237, 'hidden_size': 22, 'dropout': 0.34300995444712723, 'hidden_continuous_size': 9, 'attention_head_size': 3, 'learning_rate': 0.005751669548397562}. Best is trial 0 with value: 4615.46142578125.
LOCAL_RANK: 0 - CUDA_VISIBLE_DEVICES: [0]
[I 2023-12-27 11:29:53,983] Trial 20 finished with value: 13502.8330078125 and parameters: {'gradient_clip_val': 0.1752901288656451, 'hidden_size': 10, 'dropout': 0.25195931109527603, 'hidden_continuous_size': 6, 'attention_head_size': 2, 'learning_rate': 0.0021115363810453127}. Best is trial 0 with value: 4615.46142578125.
LOCAL_RANK: 0 - CUDA_VISIBLE_DEVICES: [0]
[I 2023-12-27 11:29:54,427] Trial 21 finished with value: 14604.5751953125 and parameters: {'gradient_clip_val': 0.1655158542694764, 'hidden_size': 18, 'dropout': 0.4120511435268535, 'hidden_continuous_size': 9, 'attention_head_size': 1, 'learning_rate': 0.0011644791320613544}. Best is trial 0 with value: 4615.46142578125.
LOCAL_RANK: 0 - CUDA_VISIBLE_DEVICES: [0]
