[I 2023-12-27 11:03:20,841] Trial 13 finished with value: 834.0947265625 and parameters: {'gradient_clip_val': 0.18701777884696794, 'hidden_size': 38, 'dropout': 0.12291276893531405, 'hidden_continuous_size': 9, 'attention_head_size': 4, 'learning_rate': 0.010252603910129712}. Best is trial 0 with value: 106.7413101196289.
[I 2023-12-27 11:03:21,338] Trial 14 finished with value: 945.1558227539062 and parameters: {'gradient_clip_val': 0.44903938309855485, 'hidden_size': 105, 'dropout': 0.18343633463111675, 'hidden_continuous_size': 24, 'attention_head_size': 2, 'learning_rate': 0.00245550633963009}. Best is trial 0 with value: 106.7413101196289.
[I 2023-12-27 11:03:21,760] Trial 15 finished with value: 1099.4359130859375 and parameters: {'gradient_clip_val': 0.21767752864922327, 'hidden_size': 57, 'dropout': 0.3918446764081802, 'hidden_continuous_size': 24, 'attention_head_size': 4, 'learning_rate': 0.014541114516583936}. Best is trial 0 with value: 106.7413101196289.
[I 2023-12-27 11:03:22,297] Trial 16 finished with value: 1260.2249755859375 and parameters: {'gradient_clip_val': 0.3901615166964333, 'hidden_size': 125, 'dropout': 0.26636305531641136, 'hidden_continuous_size': 36, 'attention_head_size': 3, 'learning_rate': 0.00259494758913513}. Best is trial 0 with value: 106.7413101196289.
[I 2023-12-27 11:03:22,778] Trial 17 finished with value: 932.711669921875 and parameters: {'gradient_clip_val': 0.5937682837661882, 'hidden_size': 95, 'dropout': 0.22418754399070243, 'hidden_continuous_size': 9, 'attention_head_size': 4, 'learning_rate': 0.016775111534095145}. Best is trial 0 with value: 106.7413101196289.
[I 2023-12-27 11:03:23,431] Trial 18 finished with value: 921.82666015625 and parameters: {'gradient_clip_val': 0.3646025009613699, 'hidden_size': 50, 'dropout': 0.29994173124790885, 'hidden_continuous_size': 7, 'attention_head_size': 3, 'learning_rate': 0.007645140213715081}. Best is trial 0 with value: 106.7413101196289.
[I 2023-12-27 11:03:23,894] Trial 19 finished with value: 713.8478393554688 and parameters: {'gradient_clip_val': 0.25044641619933455, 'hidden_size': 90, 'dropout': 0.15332561443733778, 'hidden_continuous_size': 13, 'attention_head_size': 2, 'learning_rate': 0.02026168497669477}. Best is trial 0 with value: 106.7413101196289.
[I 2023-12-27 11:03:24,402] Trial 20 finished with value: 1187.7945556640625 and parameters: {'gradient_clip_val': 0.1671002163477792, 'hidden_size': 109, 'dropout': 0.23588223530776584, 'hidden_continuous_size': 18, 'attention_head_size': 4, 'learning_rate': 0.0856044453679601}. Best is trial 0 with value: 106.7413101196289.
[I 2023-12-27 11:03:24,861] Trial 21 finished with value: 984.4108276367188 and parameters: {'gradient_clip_val': 0.2488693701532586, 'hidden_size': 85, 'dropout': 0.15889819893960758, 'hidden_continuous_size': 10, 'attention_head_size': 2, 'learning_rate': 0.02159624029050581}. Best is trial 0 with value: 106.7413101196289.
[I 2023-12-27 11:03:25,437] Trial 22 finished with value: 1122.4412841796875 and parameters: {'gradient_clip_val': 0.28023539616454357, 'hidden_size': 146, 'dropout': 0.1439353956933283, 'hidden_continuous_size': 12, 'attention_head_size': 2, 'learning_rate': 0.021030349351863445}. Best is trial 0 with value: 106.7413101196289.
[I 2023-12-27 11:03:25,898] Trial 23 finished with value: 795.620361328125 and parameters: {'gradient_clip_val': 0.361496250048445, 'hidden_size': 84, 'dropout': 0.20437750466522667, 'hidden_continuous_size': 13, 'attention_head_size': 1, 'learning_rate': 0.008006737284083156}. Best is trial 0 with value: 106.7413101196289.
[I 2023-12-27 11:03:26,406] Trial 24 finished with value: 864.8591918945312 and parameters: {'gradient_clip_val': 0.25017345164034754, 'hidden_size': 107, 'dropout': 0.1536223812229556, 'hidden_continuous_size': 20, 'attention_head_size': 2, 'learning_rate': 0.011602403334595241}. Best is trial 0 with value: 106.7413101196289.
[I 2023-12-27 11:03:26,828] Trial 25 finished with value: 1194.3360595703125 and parameters: {'gradient_clip_val': 0.2009402759368775, 'hidden_size': 68, 'dropout': 0.10886139202157762, 'hidden_continuous_size': 8, 'attention_head_size': 3, 'learning_rate': 0.018954374956925278}. Best is trial 0 with value: 106.7413101196289.
[I 2023-12-27 11:03:27,309] Trial 26 finished with value: 903.2588500976562 and parameters: {'gradient_clip_val': 0.25206507075843415, 'hidden_size': 106, 'dropout': 0.21048671689503604, 'hidden_continuous_size': 12, 'attention_head_size': 2, 'learning_rate': 0.005034121056459908}. Best is trial 0 with value: 106.7413101196289.
[I 2023-12-27 11:03:27,711] Trial 27 finished with value: 803.46630859375 and parameters: {'gradient_clip_val': 0.3260852622493402, 'hidden_size': 50, 'dropout': 0.2668472811627303, 'hidden_continuous_size': 7, 'attention_head_size': 3, 'learning_rate': 0.04523294128383086}. Best is trial 0 with value: 106.7413101196289.
[I 2023-12-27 11:03:28,262] Trial 28 finished with value: 865.3740844726562 and parameters: {'gradient_clip_val': 0.14833362638752495, 'hidden_size': 144, 'dropout': 0.17013127541179454, 'hidden_continuous_size': 31, 'attention_head_size': 1, 'learning_rate': 0.025944511308442803}. Best is trial 0 with value: 106.7413101196289.
[I 2023-12-27 11:03:28,633] Trial 29 finished with value: 1079.5565185546875 and parameters: {'gradient_clip_val': 0.20723741279254018, 'hidden_size': 18, 'dropout': 0.13764413772236622, 'hidden_continuous_size': 6, 'attention_head_size': 4, 'learning_rate': 0.014688332974746077}. Best is trial 0 with value: 106.7413101196289.
[I 2023-12-27 11:03:29,078] Trial 30 finished with value: 828.31884765625 and parameters: {'gradient_clip_val': 0.5570344158320342, 'hidden_size': 81, 'dropout': 0.2052002714063514, 'hidden_continuous_size': 11, 'attention_head_size': 3, 'learning_rate': 0.006208568177474379}. Best is trial 0 with value: 106.7413101196289.
[I 2023-12-27 11:03:29,773] Trial 31 finished with value: 1364.0838623046875 and parameters: {'gradient_clip_val': 0.36558421927470003, 'hidden_size': 85, 'dropout': 0.20905791441744281, 'hidden_continuous_size': 13, 'attention_head_size': 1, 'learning_rate': 0.007868431561249164}. Best is trial 0 with value: 106.7413101196289.
[I 2023-12-27 11:03:30,284] Trial 32 finished with value: 1148.3624267578125 and parameters: {'gradient_clip_val': 0.3461188755699199, 'hidden_size': 117, 'dropout': 0.1756975932301091, 'hidden_continuous_size': 16, 'attention_head_size': 1, 'learning_rate': 0.009375381398804025}. Best is trial 0 with value: 106.7413101196289.
[I 2023-12-27 11:03:30,731] Trial 33 finished with value: 900.6333618164062 and parameters: {'gradient_clip_val': 0.268228778902367, 'hidden_size': 71, 'dropout': 0.22535020080197452, 'hidden_continuous_size': 15, 'attention_head_size': 1, 'learning_rate': 0.013988766689401992}. Best is trial 0 with value: 106.7413101196289.
[I 2023-12-27 11:03:31,205] Trial 34 finished with value: 937.4028930664062 and parameters: {'gradient_clip_val': 0.3218286574697555, 'hidden_size': 93, 'dropout': 0.1353066865315875, 'hidden_continuous_size': 8, 'attention_head_size': 2, 'learning_rate': 0.025845270175938857}. Best is trial 0 with value: 106.7413101196289.
[I 2023-12-27 11:03:31,741] Trial 35 finished with value: 972.340576171875 and parameters: {'gradient_clip_val': 0.23264477200810418, 'hidden_size': 119, 'dropout': 0.19386209913921576, 'hidden_continuous_size': 11, 'attention_head_size': 4, 'learning_rate': 0.006792058202252567}. Best is trial 0 with value: 106.7413101196289.
[I 2023-12-27 11:03:32,161] Trial 36 finished with value: 1319.2763671875 and parameters: {'gradient_clip_val': 0.4100104365158722, 'hidden_size': 65, 'dropout': 0.2691727010563021, 'hidden_continuous_size': 14, 'attention_head_size': 1, 'learning_rate': 0.003738674831099846}. Best is trial 0 with value: 106.7413101196289.
[I 2023-12-27 11:03:32,611] Trial 37 finished with value: 1001.470947265625 and parameters: {'gradient_clip_val': 0.29247149311542414, 'hidden_size': 76, 'dropout': 0.16598160865650569, 'hidden_continuous_size': 5, 'attention_head_size': 2, 'learning_rate': 0.001296980427583527}. Best is trial 0 with value: 106.7413101196289.
[I 2023-12-27 11:03:33,086] Trial 38 finished with value: 992.6466674804688 and parameters: {'gradient_clip_val': 0.3108250655934099, 'hidden_size': 95, 'dropout': 0.29634643140543354, 'hidden_continuous_size': 6, 'attention_head_size': 3, 'learning_rate': 0.035993882421008615}. Best is trial 0 with value: 106.7413101196289.
[I 2023-12-27 11:03:33,512] Trial 39 finished with value: 948.1764526367188 and parameters: {'gradient_clip_val': 0.8812104765133277, 'hidden_size': 59, 'dropout': 0.3159881901652414, 'hidden_continuous_size': 14, 'attention_head_size': 1, 'learning_rate': 0.011861533440343876}. Best is trial 0 with value: 106.7413101196289.
[I 2023-12-27 11:03:33,965] Trial 40 finished with value: 974.7708129882812 and parameters: {'gradient_clip_val': 0.2251611835963326, 'hidden_size': 75, 'dropout': 0.19051107086581526, 'hidden_continuous_size': 19, 'attention_head_size': 3, 'learning_rate': 0.00844936749724611}. Best is trial 0 with value: 106.7413101196289.
[I 2023-12-27 11:03:34,382] Trial 41 finished with value: 1004.9089965820312 and parameters: {'gradient_clip_val': 0.3338439254267024, 'hidden_size': 52, 'dropout': 0.2600123809894267, 'hidden_continuous_size': 7, 'attention_head_size': 3, 'learning_rate': 0.044363754972192575}. Best is trial 0 with value: 106.7413101196289.
[I 2023-12-27 11:03:34,912] Trial 42 finished with value: 1184.620361328125 and parameters: {'gradient_clip_val': 0.28717438905028353, 'hidden_size': 126, 'dropout': 0.28200754040712184, 'hidden_continuous_size': 7, 'attention_head_size': 3, 'learning_rate': 0.05787610440157405}. Best is trial 0 with value: 106.7413101196289.
[I 2023-12-27 11:03:35,315] Trial 43 finished with value: 960.8539428710938 and parameters: {'gradient_clip_val': 0.3164804177662248, 'hidden_size': 49, 'dropout': 0.24260408361700775, 'hidden_continuous_size': 5, 'attention_head_size': 3, 'learning_rate': 0.02465218391132108}. Best is trial 0 with value: 106.7413101196289.
[I 2023-12-27 11:03:36,019] Trial 44 finished with value: 873.4197387695312 and parameters: {'gradient_clip_val': 0.4052830090480539, 'hidden_size': 96, 'dropout': 0.22473697761298053, 'hidden_continuous_size': 9, 'attention_head_size': 4, 'learning_rate': 0.03316410868864435}. Best is trial 0 with value: 106.7413101196289.
[I 2023-12-27 11:03:36,461] Trial 45 finished with value: 1121.6195068359375 and parameters: {'gradient_clip_val': 0.3585282804037494, 'hidden_size': 63, 'dropout': 0.253078538318921, 'hidden_continuous_size': 17, 'attention_head_size': 2, 'learning_rate': 0.018903690181912628}. Best is trial 0 with value: 106.7413101196289.
[I 2023-12-27 11:03:36,872] Trial 46 finished with value: 1113.8035888671875 and parameters: {'gradient_clip_val': 0.26605441903424254, 'hidden_size': 43, 'dropout': 0.1872247403784057, 'hidden_continuous_size': 6, 'attention_head_size': 3, 'learning_rate': 0.04771530985374096}. Best is trial 0 with value: 106.7413101196289.
[I 2023-12-27 11:03:37,324] Trial 47 finished with value: 986.133056640625 and parameters: {'gradient_clip_val': 0.19508429283325407, 'hidden_size': 76, 'dropout': 0.26929325416753236, 'hidden_continuous_size': 13, 'attention_head_size': 4, 'learning_rate': 0.03132454163589544}. Best is trial 0 with value: 106.7413101196289.
[I 2023-12-27 11:03:37,888] Trial 48 finished with value: 1175.3057861328125 and parameters: {'gradient_clip_val': 0.4247135732632323, 'hidden_size': 124, 'dropout': 0.10219026596714798, 'hidden_continuous_size': 48, 'attention_head_size': 2, 'learning_rate': 0.009955320036257927}. Best is trial 0 with value: 106.7413101196289.
[I 2023-12-27 11:03:38,327] Trial 49 finished with value: 856.7626342773438 and parameters: {'gradient_clip_val': 0.46116391146110847, 'hidden_size': 63, 'dropout': 0.2819586785989002, 'hidden_continuous_size': 10, 'attention_head_size': 3, 'learning_rate': 0.01603122082440284}. Best is trial 0 with value: 106.7413101196289.
[I 2023-12-27 11:03:38,440] A new study created in memory with name: no-name-0e33ab37-2bfd-4aa6-87c2-af396d41387d
/home/le004/conda/anaconda3/envs/tsff_env/lib/python3.9/site-packages/lightning/fabric/plugins/environments/slurm.py:191: The `srun` command is available on your system but is not used. HINT: If your intention is to run Lightning on SLURM, prepend your python command with `srun` like so: srun python /home/le004/master_thesis/git/TSFusionForecast/code/ ...
[I 2023-12-27 11:04:09,881] Trial 0 finished with value: 5.383039951324463 and parameters: {'gradient_clip_val': 0.7337829725202737, 'hidden_size': 85, 'dropout': 0.3961706587345126, 'hidden_continuous_size': 10, 'attention_head_size': 2, 'learning_rate': 0.008200342902579783}. Best is trial 0 with value: 5.383039951324463.
[I 2023-12-27 11:04:10,262] Trial 1 finished with value: 24.1072940826416 and parameters: {'gradient_clip_val': 0.18068963409514116, 'hidden_size': 39, 'dropout': 0.2450466635721186, 'hidden_continuous_size': 9, 'attention_head_size': 2, 'learning_rate': 0.0011898406882718312}. Best is trial 0 with value: 5.383039951324463.
[I 2023-12-27 11:04:10,678] Trial 2 finished with value: 23.690370559692383 and parameters: {'gradient_clip_val': 0.4474333823170309, 'hidden_size': 62, 'dropout': 0.15981023323145926, 'hidden_continuous_size': 14, 'attention_head_size': 3, 'learning_rate': 0.009346868750781993}. Best is trial 0 with value: 5.383039951324463.
[I 2023-12-27 11:04:11,023] Trial 3 finished with value: 18.938692092895508 and parameters: {'gradient_clip_val': 0.1370983894615106, 'hidden_size': 8, 'dropout': 0.36452531133015675, 'hidden_continuous_size': 6, 'attention_head_size': 4, 'learning_rate': 0.06761084231854057}. Best is trial 0 with value: 5.383039951324463.
[I 2023-12-27 11:04:11,478] Trial 4 finished with value: 26.25633430480957 and parameters: {'gradient_clip_val': 0.5384791516555465, 'hidden_size': 70, 'dropout': 0.38522425369560087, 'hidden_continuous_size': 58, 'attention_head_size': 2, 'learning_rate': 0.0065235965930222}. Best is trial 0 with value: 5.383039951324463.
[I 2023-12-27 11:04:12,087] Trial 5 finished with value: 24.07402801513672 and parameters: {'gradient_clip_val': 0.3625687950241637, 'hidden_size': 34, 'dropout': 0.25295245942691597, 'hidden_continuous_size': 8, 'attention_head_size': 4, 'learning_rate': 0.05323284258364323}. Best is trial 0 with value: 5.383039951324463.
[I 2023-12-27 11:04:12,565] Trial 6 finished with value: 28.70062828063965 and parameters: {'gradient_clip_val': 0.42532926458972214, 'hidden_size': 85, 'dropout': 0.2911434652882766, 'hidden_continuous_size': 16, 'attention_head_size': 3, 'learning_rate': 0.005577365522043157}. Best is trial 0 with value: 5.383039951324463.
[I 2023-12-27 11:04:12,913] Trial 7 finished with value: 23.704666137695312 and parameters: {'gradient_clip_val': 0.1616751803032095, 'hidden_size': 16, 'dropout': 0.2786003485262172, 'hidden_continuous_size': 11, 'attention_head_size': 3, 'learning_rate': 0.0014975131275372167}. Best is trial 0 with value: 5.383039951324463.
[I 2023-12-27 11:04:13,408] Trial 8 finished with value: 21.82377052307129 and parameters: {'gradient_clip_val': 0.3759143727223292, 'hidden_size': 105, 'dropout': 0.24946989818009052, 'hidden_continuous_size': 27, 'attention_head_size': 3, 'learning_rate': 0.0025677568127061494}. Best is trial 0 with value: 5.383039951324463.
[I 2023-12-27 11:04:13,752] Trial 9 finished with value: 21.314800262451172 and parameters: {'gradient_clip_val': 0.993899908517782, 'hidden_size': 7, 'dropout': 0.4076661638004023, 'hidden_continuous_size': 6, 'attention_head_size': 1, 'learning_rate': 0.02546539143712852}. Best is trial 0 with value: 5.383039951324463.
[I 2023-12-27 11:04:14,383] Trial 10 finished with value: 23.05181312561035 and parameters: {'gradient_clip_val': 0.9869443821265601, 'hidden_size': 144, 'dropout': 0.4883115171396425, 'hidden_continuous_size': 144, 'attention_head_size': 1, 'learning_rate': 0.000681984144395365}. Best is trial 0 with value: 5.383039951324463.
[I 2023-12-27 11:04:14,719] Trial 11 finished with value: 22.60466957092285 and parameters: {'gradient_clip_val': 0.10229253780391744, 'hidden_size': 5, 'dropout': 0.3739683887664496, 'hidden_continuous_size': 5, 'attention_head_size': 4, 'learning_rate': 0.09385168342312737}. Best is trial 0 with value: 5.383039951324463.
[I 2023-12-27 11:04:15,082] Trial 12 finished with value: 22.5499267578125 and parameters: {'gradient_clip_val': 0.2593576660787503, 'hidden_size': 16, 'dropout': 0.36014619702519235, 'hidden_continuous_size': 5, 'attention_head_size': 2, 'learning_rate': 0.021999200582473084}. Best is trial 0 with value: 5.383039951324463.
[I 2023-12-27 11:04:15,485] Trial 13 finished with value: 21.24012565612793 and parameters: {'gradient_clip_val': 0.6740231440453611, 'hidden_size': 17, 'dropout': 0.4529664390195129, 'hidden_continuous_size': 6, 'attention_head_size': 4, 'learning_rate': 0.02197895150288201}. Best is trial 0 with value: 5.383039951324463.
[I 2023-12-27 11:04:15,859] Trial 14 finished with value: 23.79887580871582 and parameters: {'gradient_clip_val': 0.26278383574739683, 'hidden_size': 10, 'dropout': 0.3386084095401106, 'hidden_continuous_size': 5, 'attention_head_size': 2, 'learning_rate': 0.09284206784973176}. Best is trial 0 with value: 5.383039951324463.
[I 2023-12-27 11:04:16,260] Trial 15 finished with value: 21.949081420898438 and parameters: {'gradient_clip_val': 0.651421894600378, 'hidden_size': 48, 'dropout': 0.4328403485307572, 'hidden_continuous_size': 8, 'attention_head_size': 1, 'learning_rate': 0.011522122000048526}. Best is trial 0 with value: 5.383039951324463.
[I 2023-12-27 11:04:16,656] Trial 16 finished with value: 23.35087013244629 and parameters: {'gradient_clip_val': 0.10604603332955753, 'hidden_size': 27, 'dropout': 0.325890763540449, 'hidden_continuous_size': 7, 'attention_head_size': 4, 'learning_rate': 0.003683998144268747}. Best is trial 0 with value: 5.383039951324463.
[I 2023-12-27 11:04:17,086] Trial 17 finished with value: 18.828208923339844 and parameters: {'gradient_clip_val': 0.2716146476183398, 'hidden_size': 54, 'dropout': 0.4057537221935737, 'hidden_continuous_size': 10, 'attention_head_size': 3, 'learning_rate': 0.04347682786976684}. Best is trial 0 with value: 5.383039951324463.
[I 2023-12-27 11:04:17,504] Trial 18 finished with value: 22.78688621520996 and parameters: {'gradient_clip_val': 0.28788009102164336, 'hidden_size': 49, 'dropout': 0.49967061803402846, 'hidden_continuous_size': 11, 'attention_head_size': 2, 'learning_rate': 0.03986475423236587}. Best is trial 0 with value: 5.383039951324463.
[I 2023-12-27 11:04:18,363] Trial 19 finished with value: 20.72080421447754 and parameters: {'gradient_clip_val': 0.2206243783060042, 'hidden_size': 148, 'dropout': 0.4162019289153003, 'hidden_continuous_size': 22, 'attention_head_size': 3, 'learning_rate': 0.014791833504398928}. Best is trial 0 with value: 5.383039951324463.
[I 2023-12-27 11:04:18,864] Trial 20 finished with value: 21.173246383666992 and parameters: {'gradient_clip_val': 0.3329549712184816, 'hidden_size': 99, 'dropout': 0.45806815280200364, 'hidden_continuous_size': 15, 'attention_head_size': 2, 'learning_rate': 0.03897660239873622}. Best is trial 0 with value: 5.383039951324463.
[I 2023-12-27 11:04:19,301] Trial 21 finished with value: 18.53506851196289 and parameters: {'gradient_clip_val': 0.13596950914899858, 'hidden_size': 57, 'dropout': 0.3933327419071005, 'hidden_continuous_size': 10, 'attention_head_size': 4, 'learning_rate': 0.06297688923190446}. Best is trial 0 with value: 5.383039951324463.
[I 2023-12-27 11:04:19,761] Trial 22 finished with value: 18.492481231689453 and parameters: {'gradient_clip_val': 0.1955547931652898, 'hidden_size': 62, 'dropout': 0.401478456152054, 'hidden_continuous_size': 10, 'attention_head_size': 3, 'learning_rate': 0.03364622916116391}. Best is trial 0 with value: 5.383039951324463.
[I 2023-12-27 11:04:20,244] Trial 23 finished with value: 22.156347274780273 and parameters: {'gradient_clip_val': 0.20431683178542354, 'hidden_size': 74, 'dropout': 0.4350833266459121, 'hidden_continuous_size': 12, 'attention_head_size': 4, 'learning_rate': 0.014942366950941519}. Best is trial 0 with value: 5.383039951324463.
[I 2023-12-27 11:04:20,696] Trial 24 finished with value: 21.644006729125977 and parameters: {'gradient_clip_val': 0.14540188014172117, 'hidden_size': 61, 'dropout': 0.3917370555042261, 'hidden_continuous_size': 9, 'attention_head_size': 3, 'learning_rate': 0.03198377874254848}. Best is trial 0 with value: 5.383039951324463.
[I 2023-12-27 11:04:21,181] Trial 25 finished with value: 20.724763870239258 and parameters: {'gradient_clip_val': 0.12724452498339356, 'hidden_size': 92, 'dropout': 0.33265305608296275, 'hidden_continuous_size': 13, 'attention_head_size': 2, 'learning_rate': 0.06776832328501955}. Best is trial 0 with value: 5.383039951324463.
[I 2023-12-27 11:04:21,626] Trial 26 finished with value: 19.316490173339844 and parameters: {'gradient_clip_val': 0.1857244548824391, 'hidden_size': 41, 'dropout': 0.4518132604451989, 'hidden_continuous_size': 10, 'attention_head_size': 3, 'learning_rate': 0.028329167875483462}. Best is trial 0 with value: 5.383039951324463.
[I 2023-12-27 11:04:22,109] Trial 27 finished with value: 20.061527252197266 and parameters: {'gradient_clip_val': 0.16338402027057425, 'hidden_size': 72, 'dropout': 0.3932781975831724, 'hidden_continuous_size': 18, 'attention_head_size': 4, 'learning_rate': 0.019899258805987082}. Best is trial 0 with value: 5.383039951324463.
