[I 2023-12-27 11:09:15,461] Trial 16 finished with value: 582.0789184570312 and parameters: {'gradient_clip_val': 0.1820808545030834, 'hidden_size': 149, 'dropout': 0.4366039518409026, 'hidden_continuous_size': 127, 'attention_head_size': 1, 'learning_rate': 0.002432108751799208}. Best is trial 0 with value: 298.3537902832031.
LOCAL_RANK: 0 - CUDA_VISIBLE_DEVICES: [0]
[I 2023-12-27 11:09:15,982] Trial 17 finished with value: 621.2022094726562 and parameters: {'gradient_clip_val': 0.26773868640217935, 'hidden_size': 55, 'dropout': 0.3622023190401693, 'hidden_continuous_size': 8, 'attention_head_size': 4, 'learning_rate': 0.0005721133332325068}. Best is trial 0 with value: 298.3537902832031.
LOCAL_RANK: 0 - CUDA_VISIBLE_DEVICES: [0]
[I 2023-12-27 11:09:16,509] Trial 18 finished with value: 528.4533081054688 and parameters: {'gradient_clip_val': 0.14223159133101262, 'hidden_size': 25, 'dropout': 0.2999256706614364, 'hidden_continuous_size': 9, 'attention_head_size': 3, 'learning_rate': 0.004403234870800973}. Best is trial 0 with value: 298.3537902832031.
LOCAL_RANK: 0 - CUDA_VISIBLE_DEVICES: [0]
[I 2023-12-27 11:09:17,083] Trial 19 finished with value: 434.6444091796875 and parameters: {'gradient_clip_val': 0.2066582494666741, 'hidden_size': 83, 'dropout': 0.4449330885589878, 'hidden_continuous_size': 24, 'attention_head_size': 2, 'learning_rate': 0.0017374159300298621}. Best is trial 0 with value: 298.3537902832031.
LOCAL_RANK: 0 - CUDA_VISIBLE_DEVICES: [0]
[I 2023-12-27 11:09:17,647] Trial 20 finished with value: 607.5984497070312 and parameters: {'gradient_clip_val': 0.15370577381819658, 'hidden_size': 90, 'dropout': 0.174239702747343, 'hidden_continuous_size': 28, 'attention_head_size': 2, 'learning_rate': 0.0010834564637019792}. Best is trial 0 with value: 298.3537902832031.
LOCAL_RANK: 0 - CUDA_VISIBLE_DEVICES: [0]
[I 2023-12-27 11:09:18,406] Trial 21 finished with value: 607.9882202148438 and parameters: {'gradient_clip_val': 0.2140605358279344, 'hidden_size': 97, 'dropout': 0.4561832904416695, 'hidden_continuous_size': 25, 'attention_head_size': 1, 'learning_rate': 0.0018814432577224632}. Best is trial 0 with value: 298.3537902832031.
LOCAL_RANK: 0 - CUDA_VISIBLE_DEVICES: [0]
[I 2023-12-27 11:09:18,858] Trial 22 finished with value: 656.0850830078125 and parameters: {'gradient_clip_val': 0.22369808702643368, 'hidden_size': 43, 'dropout': 0.4497845569545209, 'hidden_continuous_size': 11, 'attention_head_size': 2, 'learning_rate': 0.0017245235030610726}. Best is trial 0 with value: 298.3537902832031.
LOCAL_RANK: 0 - CUDA_VISIBLE_DEVICES: [0]
[I 2023-12-27 11:09:19,357] Trial 23 finished with value: 432.3580627441406 and parameters: {'gradient_clip_val': 0.3403055265448317, 'hidden_size': 73, 'dropout': 0.4987648587980778, 'hidden_continuous_size': 16, 'attention_head_size': 1, 'learning_rate': 0.004191929230523874}. Best is trial 0 with value: 298.3537902832031.
LOCAL_RANK: 0 - CUDA_VISIBLE_DEVICES: [0]
[I 2023-12-27 11:09:19,853] Trial 24 finished with value: 584.0569458007812 and parameters: {'gradient_clip_val': 0.35321277896100184, 'hidden_size': 84, 'dropout': 0.4003892043356939, 'hidden_continuous_size': 16, 'attention_head_size': 2, 'learning_rate': 0.0043855677121293225}. Best is trial 0 with value: 298.3537902832031.
LOCAL_RANK: 0 - CUDA_VISIBLE_DEVICES: [0]
[I 2023-12-27 11:09:20,364] Trial 25 finished with value: 604.8790283203125 and parameters: {'gradient_clip_val': 0.3797099030221011, 'hidden_size': 117, 'dropout': 0.45834315286041694, 'hidden_continuous_size': 23, 'attention_head_size': 3, 'learning_rate': 0.0007956395209061717}. Best is trial 0 with value: 298.3537902832031.
LOCAL_RANK: 0 - CUDA_VISIBLE_DEVICES: [0]
[I 2023-12-27 11:09:20,854] Trial 26 finished with value: 561.9103393554688 and parameters: {'gradient_clip_val': 0.18441080808138965, 'hidden_size': 74, 'dropout': 0.4270317805361707, 'hidden_continuous_size': 20, 'attention_head_size': 1, 'learning_rate': 0.003153554132000353}. Best is trial 0 with value: 298.3537902832031.
LOCAL_RANK: 0 - CUDA_VISIBLE_DEVICES: [0]
[I 2023-12-27 11:09:21,353] Trial 27 finished with value: 577.5692749023438 and parameters: {'gradient_clip_val': 0.27794237635302516, 'hidden_size': 107, 'dropout': 0.38644298974958563, 'hidden_continuous_size': 33, 'attention_head_size': 4, 'learning_rate': 0.004757987036461485}. Best is trial 0 with value: 298.3537902832031.
LOCAL_RANK: 0 - CUDA_VISIBLE_DEVICES: [0]
[I 2023-12-27 11:09:21,846] Trial 28 finished with value: 475.7135009765625 and parameters: {'gradient_clip_val': 0.2121837170894438, 'hidden_size': 53, 'dropout': 0.4971562331012289, 'hidden_continuous_size': 14, 'attention_head_size': 2, 'learning_rate': 0.0014779086770575467}. Best is trial 0 with value: 298.3537902832031.
LOCAL_RANK: 0 - CUDA_VISIBLE_DEVICES: [0]
[I 2023-12-27 11:09:22,349] Trial 29 finished with value: 437.2535095214844 and parameters: {'gradient_clip_val': 0.13024400265322864, 'hidden_size': 119, 'dropout': 0.2801072981117862, 'hidden_continuous_size': 21, 'attention_head_size': 1, 'learning_rate': 0.005768681714774913}. Best is trial 0 with value: 298.3537902832031.
LOCAL_RANK: 0 - CUDA_VISIBLE_DEVICES: [0]
[I 2023-12-27 11:09:22,846] Trial 30 finished with value: 588.8857421875 and parameters: {'gradient_clip_val': 0.16489157018318512, 'hidden_size': 82, 'dropout': 0.46314273123968974, 'hidden_continuous_size': 18, 'attention_head_size': 1, 'learning_rate': 0.008471034668075271}. Best is trial 0 with value: 298.3537902832031.
LOCAL_RANK: 0 - CUDA_VISIBLE_DEVICES: [0]
[I 2023-12-27 11:09:23,353] Trial 31 finished with value: 539.6649169921875 and parameters: {'gradient_clip_val': 0.12704173338977365, 'hidden_size': 120, 'dropout': 0.2707764704360655, 'hidden_continuous_size': 22, 'attention_head_size': 1, 'learning_rate': 0.0027801881854115696}. Best is trial 0 with value: 298.3537902832031.
LOCAL_RANK: 0 - CUDA_VISIBLE_DEVICES: [0]
[I 2023-12-27 11:09:23,854] Trial 32 finished with value: 550.8214721679688 and parameters: {'gradient_clip_val': 0.13450281875587392, 'hidden_size': 125, 'dropout': 0.32431634037437995, 'hidden_continuous_size': 13, 'attention_head_size': 1, 'learning_rate': 0.005589943377640519}. Best is trial 0 with value: 298.3537902832031.
LOCAL_RANK: 0 - CUDA_VISIBLE_DEVICES: [0]
[I 2023-12-27 11:09:24,372] Trial 33 finished with value: 541.532958984375 and parameters: {'gradient_clip_val': 0.158646299556209, 'hidden_size': 100, 'dropout': 0.25461872079303755, 'hidden_continuous_size': 16, 'attention_head_size': 1, 'learning_rate': 0.009778408710755967}. Best is trial 0 with value: 298.3537902832031.
LOCAL_RANK: 0 - CUDA_VISIBLE_DEVICES: [0]
[I 2023-12-27 11:09:25,165] Trial 34 finished with value: 511.22314453125 and parameters: {'gradient_clip_val': 0.1246255533885054, 'hidden_size': 144, 'dropout': 0.22300320430872278, 'hidden_continuous_size': 28, 'attention_head_size': 2, 'learning_rate': 0.0036533441826324896}. Best is trial 0 with value: 298.3537902832031.
LOCAL_RANK: 0 - CUDA_VISIBLE_DEVICES: [0]
[I 2023-12-27 11:09:25,623] Trial 35 finished with value: 566.3778686523438 and parameters: {'gradient_clip_val': 0.11199672726363437, 'hidden_size': 74, 'dropout': 0.28231379993195205, 'hidden_continuous_size': 20, 'attention_head_size': 1, 'learning_rate': 0.0021957450946285123}. Best is trial 0 with value: 298.3537902832031.
LOCAL_RANK: 0 - CUDA_VISIBLE_DEVICES: [0]
[I 2023-12-27 11:09:26,083] Trial 36 finished with value: 486.2691955566406 and parameters: {'gradient_clip_val': 0.1471313598233827, 'hidden_size': 97, 'dropout': 0.24422780659517568, 'hidden_continuous_size': 16, 'attention_head_size': 1, 'learning_rate': 0.005908992594842341}. Best is trial 0 with value: 298.3537902832031.
LOCAL_RANK: 0 - CUDA_VISIBLE_DEVICES: [0]
[I 2023-12-27 11:09:26,588] Trial 37 finished with value: 618.8333129882812 and parameters: {'gradient_clip_val': 0.19867111582231903, 'hidden_size': 129, 'dropout': 0.30984893584461404, 'hidden_continuous_size': 11, 'attention_head_size': 2, 'learning_rate': 0.002826792569414611}. Best is trial 0 with value: 298.3537902832031.
LOCAL_RANK: 0 - CUDA_VISIBLE_DEVICES: [0]
[I 2023-12-27 11:09:27,091] Trial 38 finished with value: 483.646484375 and parameters: {'gradient_clip_val': 0.16323752457292542, 'hidden_size': 113, 'dropout': 0.1888431238089523, 'hidden_continuous_size': 33, 'attention_head_size': 3, 'learning_rate': 0.0020316372554471797}. Best is trial 0 with value: 298.3537902832031.
LOCAL_RANK: 0 - CUDA_VISIBLE_DEVICES: [0]
[I 2023-12-27 11:09:27,585] Trial 39 finished with value: 616.3988647460938 and parameters: {'gradient_clip_val': 0.31227765320553785, 'hidden_size': 85, 'dropout': 0.47554972879759955, 'hidden_continuous_size': 14, 'attention_head_size': 1, 'learning_rate': 0.007632284285154563}. Best is trial 0 with value: 298.3537902832031.
LOCAL_RANK: 0 - CUDA_VISIBLE_DEVICES: [0]
[I 2023-12-27 11:09:28,081] Trial 40 finished with value: 492.2442932128906 and parameters: {'gradient_clip_val': 0.19856270021937136, 'hidden_size': 150, 'dropout': 0.2702316122327681, 'hidden_continuous_size': 25, 'attention_head_size': 4, 'learning_rate': 0.004021849489557173}. Best is trial 0 with value: 298.3537902832031.
LOCAL_RANK: 0 - CUDA_VISIBLE_DEVICES: [0]
[I 2023-12-27 11:09:28,572] Trial 41 finished with value: 548.8118896484375 and parameters: {'gradient_clip_val': 0.24450337962308044, 'hidden_size': 65, 'dropout': 0.48151570990087245, 'hidden_continuous_size': 18, 'attention_head_size': 1, 'learning_rate': 0.0023159946096038843}. Best is trial 0 with value: 298.3537902832031.
LOCAL_RANK: 0 - CUDA_VISIBLE_DEVICES: [0]
[I 2023-12-27 11:09:29,088] Trial 42 finished with value: 440.4304504394531 and parameters: {'gradient_clip_val': 0.26499838800888914, 'hidden_size': 102, 'dropout': 0.477531740809778, 'hidden_continuous_size': 11, 'attention_head_size': 1, 'learning_rate': 0.00280890942563719}. Best is trial 0 with value: 298.3537902832031.
LOCAL_RANK: 0 - CUDA_VISIBLE_DEVICES: [0]
[I 2023-12-27 11:09:29,588] Trial 43 finished with value: 565.7603149414062 and parameters: {'gradient_clip_val': 0.25973180913881916, 'hidden_size': 106, 'dropout': 0.47436241559903414, 'hidden_continuous_size': 12, 'attention_head_size': 1, 'learning_rate': 0.0029454098848528403}. Best is trial 0 with value: 298.3537902832031.
LOCAL_RANK: 0 - CUDA_VISIBLE_DEVICES: [0]
[I 2023-12-27 11:09:30,069] Trial 44 finished with value: 657.825439453125 and parameters: {'gradient_clip_val': 0.3024647304792864, 'hidden_size': 125, 'dropout': 0.496744852752217, 'hidden_continuous_size': 15, 'attention_head_size': 1, 'learning_rate': 0.005280001362667644}. Best is trial 0 with value: 298.3537902832031.
LOCAL_RANK: 0 - CUDA_VISIBLE_DEVICES: [0]
[I 2023-12-27 11:09:30,573] Trial 45 finished with value: 639.815185546875 and parameters: {'gradient_clip_val': 0.4165350726544241, 'hidden_size': 78, 'dropout': 0.4433557707081915, 'hidden_continuous_size': 18, 'attention_head_size': 2, 'learning_rate': 0.001724799125597815}. Best is trial 0 with value: 298.3537902832031.
LOCAL_RANK: 0 - CUDA_VISIBLE_DEVICES: [0]
[I 2023-12-27 11:09:31,041] Trial 46 finished with value: 605.6849975585938 and parameters: {'gradient_clip_val': 0.2857460041875598, 'hidden_size': 90, 'dropout': 0.42007497293689017, 'hidden_continuous_size': 12, 'attention_head_size': 1, 'learning_rate': 0.003540618681268008}. Best is trial 0 with value: 298.3537902832031.
LOCAL_RANK: 0 - CUDA_VISIBLE_DEVICES: [0]
[I 2023-12-27 11:09:31,766] Trial 47 finished with value: 651.3124389648438 and parameters: {'gradient_clip_val': 0.23617376304341714, 'hidden_size': 69, 'dropout': 0.4665284462492807, 'hidden_continuous_size': 15, 'attention_head_size': 2, 'learning_rate': 0.001351098235880159}. Best is trial 0 with value: 298.3537902832031.
LOCAL_RANK: 0 - CUDA_VISIBLE_DEVICES: [0]
[I 2023-12-27 11:09:32,248] Trial 48 finished with value: 627.314453125 and parameters: {'gradient_clip_val': 0.14272028918027, 'hidden_size': 59, 'dropout': 0.4352677212223558, 'hidden_continuous_size': 20, 'attention_head_size': 1, 'learning_rate': 0.0025698673770677386}. Best is trial 0 with value: 298.3537902832031.
LOCAL_RANK: 0 - CUDA_VISIBLE_DEVICES: [0]
[I 2023-12-27 11:09:32,724] Trial 49 finished with value: 586.5625610351562 and parameters: {'gradient_clip_val': 0.33459921478557875, 'hidden_size': 107, 'dropout': 0.48523176577405613, 'hidden_continuous_size': 10, 'attention_head_size': 3, 'learning_rate': 0.00661663725306838}. Best is trial 0 with value: 298.3537902832031.
[I 2023-12-27 11:09:32,851] A new study created in memory with name: no-name-f51f3012-92a7-42cf-a0a9-4f94efa42a62
/home/le004/conda/anaconda3/envs/tsff_env/lib/python3.9/site-packages/lightning/fabric/plugins/environments/slurm.py:191: The `srun` command is available on your system but is not used. HINT: If your intention is to run Lightning on SLURM, prepend your python command with `srun` like so: srun python /home/le004/master_thesis/git/TSFusionForecast/code/ ...
LOCAL_RANK: 0 - CUDA_VISIBLE_DEVICES: [0]
[I 2023-12-27 11:09:56,193] Trial 0 finished with value: 10.99981689453125 and parameters: {'gradient_clip_val': 0.6160132734838984, 'hidden_size': 134, 'dropout': 0.3004360947805379, 'hidden_continuous_size': 11, 'attention_head_size': 3, 'learning_rate': 0.061881785293982396}. Best is trial 0 with value: 10.99981689453125.
LOCAL_RANK: 0 - CUDA_VISIBLE_DEVICES: [0]
[I 2023-12-27 11:09:56,653] Trial 1 finished with value: 63.84205627441406 and parameters: {'gradient_clip_val': 0.2881185424834677, 'hidden_size': 34, 'dropout': 0.19567762867211347, 'hidden_continuous_size': 5, 'attention_head_size': 2, 'learning_rate': 0.0055652227116326025}. Best is trial 0 with value: 10.99981689453125.
LOCAL_RANK: 0 - CUDA_VISIBLE_DEVICES: [0]
[I 2023-12-27 11:09:57,105] Trial 2 finished with value: 50.88035202026367 and parameters: {'gradient_clip_val': 0.880723112517952, 'hidden_size': 82, 'dropout': 0.41183389352154476, 'hidden_continuous_size': 37, 'attention_head_size': 4, 'learning_rate': 0.0024068938367753684}. Best is trial 0 with value: 10.99981689453125.
LOCAL_RANK: 0 - CUDA_VISIBLE_DEVICES: [0]
[I 2023-12-27 11:09:57,541] Trial 3 finished with value: 54.808380126953125 and parameters: {'gradient_clip_val': 0.7348875073053848, 'hidden_size': 37, 'dropout': 0.43257220577156996, 'hidden_continuous_size': 13, 'attention_head_size': 1, 'learning_rate': 0.0129031718940048}. Best is trial 0 with value: 10.99981689453125.
LOCAL_RANK: 0 - CUDA_VISIBLE_DEVICES: [0]
[I 2023-12-27 11:09:57,929] Trial 4 finished with value: 49.07058334350586 and parameters: {'gradient_clip_val': 0.5642857637387458, 'hidden_size': 5, 'dropout': 0.2887674553989299, 'hidden_continuous_size': 5, 'attention_head_size': 2, 'learning_rate': 0.06624351735385821}. Best is trial 0 with value: 10.99981689453125.
LOCAL_RANK: 0 - CUDA_VISIBLE_DEVICES: [0]
[I 2023-12-27 11:09:58,400] Trial 5 finished with value: 61.75595474243164 and parameters: {'gradient_clip_val': 0.9069477420950558, 'hidden_size': 70, 'dropout': 0.4237826807756213, 'hidden_continuous_size': 43, 'attention_head_size': 3, 'learning_rate': 0.0006145087256750261}. Best is trial 0 with value: 10.99981689453125.
LOCAL_RANK: 0 - CUDA_VISIBLE_DEVICES: [0]
[I 2023-12-27 11:09:58,861] Trial 6 finished with value: 52.28311538696289 and parameters: {'gradient_clip_val': 0.18291634287323003, 'hidden_size': 15, 'dropout': 0.20153266474542067, 'hidden_continuous_size': 8, 'attention_head_size': 3, 'learning_rate': 0.007645622613796569}. Best is trial 0 with value: 10.99981689453125.
LOCAL_RANK: 0 - CUDA_VISIBLE_DEVICES: [0]
[I 2023-12-27 11:09:59,402] Trial 7 finished with value: 52.57212448120117 and parameters: {'gradient_clip_val': 0.1444721166969083, 'hidden_size': 108, 'dropout': 0.19545486433040857, 'hidden_continuous_size': 7, 'attention_head_size': 3, 'learning_rate': 0.04468851451536097}. Best is trial 0 with value: 10.99981689453125.
LOCAL_RANK: 0 - CUDA_VISIBLE_DEVICES: [0]
[I 2023-12-27 11:10:00,251] Trial 8 finished with value: 43.60824203491211 and parameters: {'gradient_clip_val': 0.46365031634041437, 'hidden_size': 103, 'dropout': 0.17734384344062334, 'hidden_continuous_size': 51, 'attention_head_size': 3, 'learning_rate': 0.0012427342856762477}. Best is trial 0 with value: 10.99981689453125.
LOCAL_RANK: 0 - CUDA_VISIBLE_DEVICES: [0]
[I 2023-12-27 11:10:00,776] Trial 9 finished with value: 52.70951461791992 and parameters: {'gradient_clip_val': 0.5955246609163418, 'hidden_size': 9, 'dropout': 0.3673953609567847, 'hidden_continuous_size': 7, 'attention_head_size': 3, 'learning_rate': 0.0040960760906686355}. Best is trial 0 with value: 10.99981689453125.
LOCAL_RANK: 0 - CUDA_VISIBLE_DEVICES: [0]
[I 2023-12-27 11:10:01,336] Trial 10 finished with value: 57.00484085083008 and parameters: {'gradient_clip_val': 0.3559581656998664, 'hidden_size': 57, 'dropout': 0.10990650814659741, 'hidden_continuous_size': 19, 'attention_head_size': 4, 'learning_rate': 0.0954885266361741}. Best is trial 0 with value: 10.99981689453125.
LOCAL_RANK: 0 - CUDA_VISIBLE_DEVICES: [0]
[I 2023-12-27 11:10:01,867] Trial 11 finished with value: 51.487152099609375 and parameters: {'gradient_clip_val': 0.4420073453774331, 'hidden_size': 147, 'dropout': 0.2985273549014152, 'hidden_continuous_size': 80, 'attention_head_size': 2, 'learning_rate': 0.024340044488698004}. Best is trial 0 with value: 10.99981689453125.
LOCAL_RANK: 0 - CUDA_VISIBLE_DEVICES: [0]
[I 2023-12-27 11:10:02,352] Trial 12 finished with value: 54.951904296875 and parameters: {'gradient_clip_val': 0.47481988705828365, 'hidden_size': 134, 'dropout': 0.34396055557548844, 'hidden_continuous_size': 105, 'attention_head_size': 4, 'learning_rate': 0.02396941881248074}. Best is trial 0 with value: 10.99981689453125.
LOCAL_RANK: 0 - CUDA_VISIBLE_DEVICES: [0]
[I 2023-12-27 11:10:02,838] Trial 13 finished with value: 60.412288665771484 and parameters: {'gradient_clip_val': 0.32123523982106045, 'hidden_size': 71, 'dropout': 0.47824372921431013, 'hidden_continuous_size': 17, 'attention_head_size': 1, 'learning_rate': 0.0016296808020280782}. Best is trial 0 with value: 10.99981689453125.
LOCAL_RANK: 0 - CUDA_VISIBLE_DEVICES: [0]
[I 2023-12-27 11:10:03,330] Trial 14 finished with value: 53.124969482421875 and parameters: {'gradient_clip_val': 0.6566159548973438, 'hidden_size': 105, 'dropout': 0.24892951676526343, 'hidden_continuous_size': 30, 'attention_head_size': 3, 'learning_rate': 0.0006332201266173795}. Best is trial 0 with value: 10.99981689453125.
LOCAL_RANK: 0 - CUDA_VISIBLE_DEVICES: [0]
[I 2023-12-27 11:10:03,806] Trial 15 finished with value: 47.22828674316406 and parameters: {'gradient_clip_val': 0.9693497829831288, 'hidden_size': 49, 'dropout': 0.10715832970346659, 'hidden_continuous_size': 12, 'attention_head_size': 2, 'learning_rate': 0.013063633079246456}. Best is trial 0 with value: 10.99981689453125.
LOCAL_RANK: 0 - CUDA_VISIBLE_DEVICES: [0]
[I 2023-12-27 11:10:04,301] Trial 16 finished with value: 45.2949333190918 and parameters: {'gradient_clip_val': 0.4364783774108103, 'hidden_size': 92, 'dropout': 0.25822682153756515, 'hidden_continuous_size': 26, 'attention_head_size': 4, 'learning_rate': 0.0012989643805413763}. Best is trial 0 with value: 10.99981689453125.
LOCAL_RANK: 0 - CUDA_VISIBLE_DEVICES: [0]
[I 2023-12-27 11:10:04,773] Trial 17 finished with value: 53.315120697021484 and parameters: {'gradient_clip_val': 0.2213898190756511, 'hidden_size': 23, 'dropout': 0.3444181033268642, 'hidden_continuous_size': 11, 'attention_head_size': 3, 'learning_rate': 0.03632992721447546}. Best is trial 0 with value: 10.99981689453125.
LOCAL_RANK: 0 - CUDA_VISIBLE_DEVICES: [0]
[I 2023-12-27 11:10:05,281] Trial 18 finished with value: 46.57314682006836 and parameters: {'gradient_clip_val': 0.7257393099352817, 'hidden_size': 137, 'dropout': 0.16110565384137016, 'hidden_continuous_size': 57, 'attention_head_size': 2, 'learning_rate': 0.003038304896910134}. Best is trial 0 with value: 10.99981689453125.
LOCAL_RANK: 0 - CUDA_VISIBLE_DEVICES: [0]
[I 2023-12-27 11:10:05,765] Trial 19 finished with value: 48.3475341796875 and parameters: {'gradient_clip_val': 0.5214269160545618, 'hidden_size': 48, 'dropout': 0.24233999565557407, 'hidden_continuous_size': 23, 'attention_head_size': 4, 'learning_rate': 0.008224439717287094}. Best is trial 0 with value: 10.99981689453125.
LOCAL_RANK: 0 - CUDA_VISIBLE_DEVICES: [0]
[I 2023-12-27 11:10:06,255] Trial 20 finished with value: 57.13724899291992 and parameters: {'gradient_clip_val': 0.10263675766718802, 'hidden_size': 86, 'dropout': 0.1523434221844403, 'hidden_continuous_size': 17, 'attention_head_size': 3, 'learning_rate': 0.0014786630686673124}. Best is trial 0 with value: 10.99981689453125.
LOCAL_RANK: 0 - CUDA_VISIBLE_DEVICES: [0]
[I 2023-12-27 11:10:07,016] Trial 21 finished with value: 66.62200927734375 and parameters: {'gradient_clip_val': 0.4164619130330833, 'hidden_size': 100, 'dropout': 0.25942578392745547, 'hidden_continuous_size': 27, 'attention_head_size': 4, 'learning_rate': 0.0012358958024162002}. Best is trial 0 with value: 10.99981689453125.
LOCAL_RANK: 0 - CUDA_VISIBLE_DEVICES: [0]
[I 2023-12-27 11:10:07,517] Trial 22 finished with value: 42.92628479003906 and parameters: {'gradient_clip_val': 0.3932985763306555, 'hidden_size': 68, 'dropout': 0.26896763114471056, 'hidden_continuous_size': 34, 'attention_head_size': 4, 'learning_rate': 0.0010127775934216496}. Best is trial 0 with value: 10.99981689453125.
LOCAL_RANK: 0 - CUDA_VISIBLE_DEVICES: [0]
[I 2023-12-27 11:10:08,045] Trial 23 finished with value: 51.05204391479492 and parameters: {'gradient_clip_val': 0.3882142861261691, 'hidden_size': 149, 'dropout': 0.3225454487353288, 'hidden_continuous_size': 54, 'attention_head_size': 3, 'learning_rate': 0.0008303340697654921}. Best is trial 0 with value: 10.99981689453125.
LOCAL_RANK: 0 - CUDA_VISIBLE_DEVICES: [0]
