[I 2023-12-27 11:23:22,129] Trial 9 finished with value: 843.3931274414062 and parameters: {'gradient_clip_val': 0.2333914175592658, 'hidden_size': 23, 'dropout': 0.25046864163166804, 'hidden_continuous_size': 22, 'attention_head_size': 2, 'learning_rate': 0.0026820733771758015}. Best is trial 1 with value: 540.1102294921875.
LOCAL_RANK: 0 - CUDA_VISIBLE_DEVICES: [0]
[I 2023-12-27 11:23:22,702] Trial 10 finished with value: 717.208984375 and parameters: {'gradient_clip_val': 0.255061623744044, 'hidden_size': 103, 'dropout': 0.10055834250937268, 'hidden_continuous_size': 53, 'attention_head_size': 1, 'learning_rate': 0.03383901369606825}. Best is trial 1 with value: 540.1102294921875.
LOCAL_RANK: 0 - CUDA_VISIBLE_DEVICES: [0]
[I 2023-12-27 11:23:23,237] Trial 11 finished with value: 1019.5331420898438 and parameters: {'gradient_clip_val': 0.5633025831938914, 'hidden_size': 13, 'dropout': 0.1900863417181643, 'hidden_continuous_size': 6, 'attention_head_size': 2, 'learning_rate': 0.005555576846508058}. Best is trial 1 with value: 540.1102294921875.
LOCAL_RANK: 0 - CUDA_VISIBLE_DEVICES: [0]
[I 2023-12-27 11:23:23,788] Trial 12 finished with value: 732.1819458007812 and parameters: {'gradient_clip_val': 0.30391926769512945, 'hidden_size': 50, 'dropout': 0.3271894685464721, 'hidden_continuous_size': 9, 'attention_head_size': 3, 'learning_rate': 0.0034094286882492206}. Best is trial 1 with value: 540.1102294921875.
LOCAL_RANK: 0 - CUDA_VISIBLE_DEVICES: [0]
[I 2023-12-27 11:23:24,346] Trial 13 finished with value: 779.037109375 and parameters: {'gradient_clip_val': 0.576629700714874, 'hidden_size': 65, 'dropout': 0.19218841846840096, 'hidden_continuous_size': 19, 'attention_head_size': 2, 'learning_rate': 0.013195859791333711}. Best is trial 1 with value: 540.1102294921875.
LOCAL_RANK: 0 - CUDA_VISIBLE_DEVICES: [0]
[I 2023-12-27 11:23:24,867] Trial 14 finished with value: 1094.8204345703125 and parameters: {'gradient_clip_val': 0.183903678504239, 'hidden_size': 21, 'dropout': 0.35291930173627956, 'hidden_continuous_size': 8, 'attention_head_size': 3, 'learning_rate': 0.001190394710534756}. Best is trial 1 with value: 540.1102294921875.
LOCAL_RANK: 0 - CUDA_VISIBLE_DEVICES: [0]
[I 2023-12-27 11:23:25,457] Trial 15 finished with value: 985.6732788085938 and parameters: {'gradient_clip_val': 0.31070944832682784, 'hidden_size': 146, 'dropout': 0.29796038384609475, 'hidden_continuous_size': 35, 'attention_head_size': 1, 'learning_rate': 0.0022665438408491874}. Best is trial 1 with value: 540.1102294921875.
LOCAL_RANK: 0 - CUDA_VISIBLE_DEVICES: [0]
[I 2023-12-27 11:23:26,004] Trial 16 finished with value: 924.5498657226562 and parameters: {'gradient_clip_val': 0.6537624945215575, 'hidden_size': 33, 'dropout': 0.2395510354861431, 'hidden_continuous_size': 12, 'attention_head_size': 4, 'learning_rate': 0.009210232838129141}. Best is trial 1 with value: 540.1102294921875.
LOCAL_RANK: 0 - CUDA_VISIBLE_DEVICES: [0]
[I 2023-12-27 11:23:26,522] Trial 17 finished with value: 938.8374633789062 and parameters: {'gradient_clip_val': 0.3977078134367585, 'hidden_size': 9, 'dropout': 0.17587633153455906, 'hidden_continuous_size': 6, 'attention_head_size': 3, 'learning_rate': 0.0036909224407614865}. Best is trial 1 with value: 540.1102294921875.
LOCAL_RANK: 0 - CUDA_VISIBLE_DEVICES: [0]
[I 2023-12-27 11:23:27,063] Trial 18 finished with value: 1080.0687255859375 and parameters: {'gradient_clip_val': 0.7200577240956694, 'hidden_size': 22, 'dropout': 0.27633956329544695, 'hidden_continuous_size': 8, 'attention_head_size': 2, 'learning_rate': 0.0015037506579520445}. Best is trial 1 with value: 540.1102294921875.
LOCAL_RANK: 0 - CUDA_VISIBLE_DEVICES: [0]
[I 2023-12-27 11:23:27,586] Trial 19 finished with value: 875.9506225585938 and parameters: {'gradient_clip_val': 0.9981002261232041, 'hidden_size': 15, 'dropout': 0.21943498164308034, 'hidden_continuous_size': 6, 'attention_head_size': 1, 'learning_rate': 0.0741340140862942}. Best is trial 1 with value: 540.1102294921875.
LOCAL_RANK: 0 - CUDA_VISIBLE_DEVICES: [0]
[I 2023-12-27 11:23:28,389] Trial 20 finished with value: 876.8017578125 and parameters: {'gradient_clip_val': 0.5092003580461945, 'hidden_size': 62, 'dropout': 0.14729765796493205, 'hidden_continuous_size': 12, 'attention_head_size': 4, 'learning_rate': 0.005905843944013846}. Best is trial 1 with value: 540.1102294921875.
LOCAL_RANK: 0 - CUDA_VISIBLE_DEVICES: [0]
[I 2023-12-27 11:23:28,884] Trial 21 finished with value: 940.1150512695312 and parameters: {'gradient_clip_val': 0.17362327178805684, 'hidden_size': 9, 'dropout': 0.2561277950135854, 'hidden_continuous_size': 5, 'attention_head_size': 1, 'learning_rate': 0.0006020097983017281}. Best is trial 1 with value: 540.1102294921875.
LOCAL_RANK: 0 - CUDA_VISIBLE_DEVICES: [0]
[I 2023-12-27 11:23:29,379] Trial 22 finished with value: 914.0899047851562 and parameters: {'gradient_clip_val': 0.21787196603520553, 'hidden_size': 10, 'dropout': 0.23136311079084168, 'hidden_continuous_size': 5, 'attention_head_size': 1, 'learning_rate': 0.0008445060945861612}. Best is trial 1 with value: 540.1102294921875.
LOCAL_RANK: 0 - CUDA_VISIBLE_DEVICES: [0]
[I 2023-12-27 11:23:29,898] Trial 23 finished with value: 1026.6483154296875 and parameters: {'gradient_clip_val': 0.3348579468287308, 'hidden_size': 12, 'dropout': 0.26603907555410117, 'hidden_continuous_size': 6, 'attention_head_size': 2, 'learning_rate': 0.0006433880998656284}. Best is trial 1 with value: 540.1102294921875.
LOCAL_RANK: 0 - CUDA_VISIBLE_DEVICES: [0]
[I 2023-12-27 11:23:30,413] Trial 24 finished with value: 883.1339721679688 and parameters: {'gradient_clip_val': 0.14311318952786897, 'hidden_size': 17, 'dropout': 0.31654430538917044, 'hidden_continuous_size': 7, 'attention_head_size': 1, 'learning_rate': 0.0014065800424848027}. Best is trial 1 with value: 540.1102294921875.
LOCAL_RANK: 0 - CUDA_VISIBLE_DEVICES: [0]
[I 2023-12-27 11:23:30,940] Trial 25 finished with value: 940.73095703125 and parameters: {'gradient_clip_val': 0.266522452563164, 'hidden_size': 7, 'dropout': 0.2304020840955053, 'hidden_continuous_size': 5, 'attention_head_size': 2, 'learning_rate': 0.0005674266249521817}. Best is trial 1 with value: 540.1102294921875.
LOCAL_RANK: 0 - CUDA_VISIBLE_DEVICES: [0]
[I 2023-12-27 11:23:31,476] Trial 26 finished with value: 724.67919921875 and parameters: {'gradient_clip_val': 0.19786959528865078, 'hidden_size': 8, 'dropout': 0.2738973228022344, 'hidden_continuous_size': 5, 'attention_head_size': 3, 'learning_rate': 0.001986579855830992}. Best is trial 1 with value: 540.1102294921875.
LOCAL_RANK: 0 - CUDA_VISIBLE_DEVICES: [0]
[I 2023-12-27 11:23:31,929] Trial 27 finished with value: 779.6891479492188 and parameters: {'gradient_clip_val': 0.1608081831568528, 'hidden_size': 5, 'dropout': 0.21226498794309884, 'hidden_continuous_size': 5, 'attention_head_size': 1, 'learning_rate': 0.001001647563721644}. Best is trial 1 with value: 540.1102294921875.
LOCAL_RANK: 0 - CUDA_VISIBLE_DEVICES: [0]
[I 2023-12-27 11:23:32,452] Trial 28 finished with value: 814.208251953125 and parameters: {'gradient_clip_val': 0.10355691611484183, 'hidden_size': 11, 'dropout': 0.3124190266753218, 'hidden_continuous_size': 6, 'attention_head_size': 2, 'learning_rate': 0.0005171630353527993}. Best is trial 1 with value: 540.1102294921875.
LOCAL_RANK: 0 - CUDA_VISIBLE_DEVICES: [0]
[I 2023-12-27 11:23:32,973] Trial 29 finished with value: 820.5244750976562 and parameters: {'gradient_clip_val': 0.21024801171079618, 'hidden_size': 8, 'dropout': 0.3741247863846718, 'hidden_continuous_size': 5, 'attention_head_size': 3, 'learning_rate': 0.00204235428376207}. Best is trial 1 with value: 540.1102294921875.
LOCAL_RANK: 0 - CUDA_VISIBLE_DEVICES: [0]
[I 2023-12-27 11:23:33,518] Trial 30 finished with value: 956.6697387695312 and parameters: {'gradient_clip_val': 0.25301596143303234, 'hidden_size': 18, 'dropout': 0.2546441473783763, 'hidden_continuous_size': 7, 'attention_head_size': 1, 'learning_rate': 0.0035036970521249503}. Best is trial 1 with value: 540.1102294921875.
LOCAL_RANK: 0 - CUDA_VISIBLE_DEVICES: [0]
[I 2023-12-27 11:23:34,100] Trial 31 finished with value: 985.68505859375 and parameters: {'gradient_clip_val': 0.26848061444738464, 'hidden_size': 94, 'dropout': 0.11722277475383007, 'hidden_continuous_size': 77, 'attention_head_size': 1, 'learning_rate': 0.02050659665792719}. Best is trial 1 with value: 540.1102294921875.
LOCAL_RANK: 0 - CUDA_VISIBLE_DEVICES: [0]
[I 2023-12-27 11:23:34,649] Trial 32 finished with value: 815.91455078125 and parameters: {'gradient_clip_val': 0.23215067369642117, 'hidden_size': 32, 'dropout': 0.10487269589718433, 'hidden_continuous_size': 10, 'attention_head_size': 1, 'learning_rate': 0.0007760346579434857}. Best is trial 1 with value: 540.1102294921875.
LOCAL_RANK: 0 - CUDA_VISIBLE_DEVICES: [0]
[I 2023-12-27 11:23:35,475] Trial 33 finished with value: 855.5509643554688 and parameters: {'gradient_clip_val': 0.19297921743948063, 'hidden_size': 26, 'dropout': 0.15155151443103407, 'hidden_continuous_size': 8, 'attention_head_size': 1, 'learning_rate': 0.0010004406358656718}. Best is trial 1 with value: 540.1102294921875.
LOCAL_RANK: 0 - CUDA_VISIBLE_DEVICES: [0]
[I 2023-12-27 11:23:35,999] Trial 34 finished with value: 879.425048828125 and parameters: {'gradient_clip_val': 0.35721801997160507, 'hidden_size': 13, 'dropout': 0.18382347756885303, 'hidden_continuous_size': 7, 'attention_head_size': 4, 'learning_rate': 0.004506064025087965}. Best is trial 1 with value: 540.1102294921875.
LOCAL_RANK: 0 - CUDA_VISIBLE_DEVICES: [0]
[I 2023-12-27 11:23:36,549] Trial 35 finished with value: 901.1279907226562 and parameters: {'gradient_clip_val': 0.2996186869517789, 'hidden_size': 44, 'dropout': 0.12370661443450287, 'hidden_continuous_size': 17, 'attention_head_size': 2, 'learning_rate': 0.008576927312753328}. Best is trial 1 with value: 540.1102294921875.
LOCAL_RANK: 0 - CUDA_VISIBLE_DEVICES: [0]
[I 2023-12-27 11:23:37,050] Trial 36 finished with value: 848.1281127929688 and parameters: {'gradient_clip_val': 0.26573138840378696, 'hidden_size': 6, 'dropout': 0.10523839142442734, 'hidden_continuous_size': 5, 'attention_head_size': 1, 'learning_rate': 0.00270029373493079}. Best is trial 1 with value: 540.1102294921875.
LOCAL_RANK: 0 - CUDA_VISIBLE_DEVICES: [0]
[I 2023-12-27 11:23:37,604] Trial 37 finished with value: 848.5319213867188 and parameters: {'gradient_clip_val': 0.4370190094386258, 'hidden_size': 38, 'dropout': 0.1725887246971636, 'hidden_continuous_size': 14, 'attention_head_size': 2, 'learning_rate': 0.0015924398532058484}. Best is trial 1 with value: 540.1102294921875.
LOCAL_RANK: 0 - CUDA_VISIBLE_DEVICES: [0]
[I 2023-12-27 11:23:38,164] Trial 38 finished with value: 836.4548950195312 and parameters: {'gradient_clip_val': 0.35577811312391877, 'hidden_size': 25, 'dropout': 0.2075795818108927, 'hidden_continuous_size': 9, 'attention_head_size': 4, 'learning_rate': 0.001245481507300921}. Best is trial 1 with value: 540.1102294921875.
LOCAL_RANK: 0 - CUDA_VISIBLE_DEVICES: [0]
[I 2023-12-27 11:23:38,729] Trial 39 finished with value: 1011.9850463867188 and parameters: {'gradient_clip_val': 0.23052723478045997, 'hidden_size': 28, 'dropout': 0.2873322300874227, 'hidden_continuous_size': 11, 'attention_head_size': 1, 'learning_rate': 0.000506580751590022}. Best is trial 1 with value: 540.1102294921875.
LOCAL_RANK: 0 - CUDA_VISIBLE_DEVICES: [0]
[I 2023-12-27 11:23:39,225] Trial 40 finished with value: 921.0697631835938 and parameters: {'gradient_clip_val': 0.2938336264778025, 'hidden_size': 14, 'dropout': 0.15347357255364905, 'hidden_continuous_size': 6, 'attention_head_size': 2, 'learning_rate': 0.0006966742736544521}. Best is trial 1 with value: 540.1102294921875.
LOCAL_RANK: 0 - CUDA_VISIBLE_DEVICES: [0]
[I 2023-12-27 11:23:39,630] Trial 41 finished with value: 927.3999633789062 and parameters: {'gradient_clip_val': 0.885971090503416, 'hidden_size': 5, 'dropout': 0.40960360626839115, 'hidden_continuous_size': 5, 'attention_head_size': 3, 'learning_rate': 0.002569161507512284}. Best is trial 1 with value: 540.1102294921875.
LOCAL_RANK: 0 - CUDA_VISIBLE_DEVICES: [0]
[I 2023-12-27 11:23:40,061] Trial 42 finished with value: 989.3743286132812 and parameters: {'gradient_clip_val': 0.7953504457000263, 'hidden_size': 6, 'dropout': 0.45131353340327507, 'hidden_continuous_size': 5, 'attention_head_size': 4, 'learning_rate': 0.0019376128330044148}. Best is trial 1 with value: 540.1102294921875.
LOCAL_RANK: 0 - CUDA_VISIBLE_DEVICES: [0]
[I 2023-12-27 11:23:40,503] Trial 43 finished with value: 809.8189086914062 and parameters: {'gradient_clip_val': 0.60578209716886, 'hidden_size': 11, 'dropout': 0.33786318125470927, 'hidden_continuous_size': 6, 'attention_head_size': 3, 'learning_rate': 0.001072296665716001}. Best is trial 1 with value: 540.1102294921875.
LOCAL_RANK: 0 - CUDA_VISIBLE_DEVICES: [0]
[I 2023-12-27 11:23:40,937] Trial 44 finished with value: 871.9822387695312 and parameters: {'gradient_clip_val': 0.48841458051445935, 'hidden_size': 6, 'dropout': 0.3018949815034961, 'hidden_continuous_size': 5, 'attention_head_size': 3, 'learning_rate': 0.004260111142260347}. Best is trial 1 with value: 540.1102294921875.
LOCAL_RANK: 0 - CUDA_VISIBLE_DEVICES: [0]
[I 2023-12-27 11:23:41,386] Trial 45 finished with value: 852.7105102539062 and parameters: {'gradient_clip_val': 0.6398323343087273, 'hidden_size': 7, 'dropout': 0.2894477991329936, 'hidden_continuous_size': 5, 'attention_head_size': 4, 'learning_rate': 0.0027882615819950405}. Best is trial 1 with value: 540.1102294921875.
LOCAL_RANK: 0 - CUDA_VISIBLE_DEVICES: [0]
[I 2023-12-27 11:23:41,832] Trial 46 finished with value: 923.33349609375 and parameters: {'gradient_clip_val': 0.5445826430962751, 'hidden_size': 16, 'dropout': 0.23989234590248856, 'hidden_continuous_size': 7, 'attention_head_size': 2, 'learning_rate': 0.001647132939822119}. Best is trial 1 with value: 540.1102294921875.
LOCAL_RANK: 0 - CUDA_VISIBLE_DEVICES: [0]
[I 2023-12-27 11:23:42,543] Trial 47 finished with value: 883.7094116210938 and parameters: {'gradient_clip_val': 0.41015387108701157, 'hidden_size': 19, 'dropout': 0.19570340746527376, 'hidden_continuous_size': 9, 'attention_head_size': 3, 'learning_rate': 0.0008310212567470072}. Best is trial 1 with value: 540.1102294921875.
LOCAL_RANK: 0 - CUDA_VISIBLE_DEVICES: [0]
[I 2023-12-27 11:23:43,043] Trial 48 finished with value: 781.2788696289062 and parameters: {'gradient_clip_val': 0.7391457074519314, 'hidden_size': 93, 'dropout': 0.26460257762338507, 'hidden_continuous_size': 27, 'attention_head_size': 4, 'learning_rate': 0.005617396682973729}. Best is trial 1 with value: 540.1102294921875.
LOCAL_RANK: 0 - CUDA_VISIBLE_DEVICES: [0]
[I 2023-12-27 11:23:43,516] Trial 49 finished with value: 892.02734375 and parameters: {'gradient_clip_val': 0.4508461812001871, 'hidden_size': 20, 'dropout': 0.3319283859211919, 'hidden_continuous_size': 11, 'attention_head_size': 2, 'learning_rate': 0.0032504466850113347}. Best is trial 1 with value: 540.1102294921875.
[I 2023-12-27 11:23:43,647] A new study created in memory with name: no-name-d061ea81-336a-4861-a1fa-8b175fee6abb
/home/le004/conda/anaconda3/envs/tsff_env/lib/python3.9/site-packages/lightning/fabric/plugins/environments/slurm.py:191: The `srun` command is available on your system but is not used. HINT: If your intention is to run Lightning on SLURM, prepend your python command with `srun` like so: srun python /home/le004/master_thesis/git/TSFusionForecast/code/ ...
LOCAL_RANK: 0 - CUDA_VISIBLE_DEVICES: [0]
[I 2023-12-27 11:24:02,042] Trial 0 finished with value: 1000.264404296875 and parameters: {'gradient_clip_val': 0.3149058163305997, 'hidden_size': 67, 'dropout': 0.4478095434805136, 'hidden_continuous_size': 15, 'attention_head_size': 4, 'learning_rate': 0.02928649714224783}. Best is trial 0 with value: 1000.264404296875.
LOCAL_RANK: 0 - CUDA_VISIBLE_DEVICES: [0]
[I 2023-12-27 11:24:02,568] Trial 1 finished with value: 6718.95068359375 and parameters: {'gradient_clip_val': 0.9934999078229779, 'hidden_size': 6, 'dropout': 0.1097418220613728, 'hidden_continuous_size': 5, 'attention_head_size': 3, 'learning_rate': 0.02104301013421219}. Best is trial 0 with value: 1000.264404296875.
LOCAL_RANK: 0 - CUDA_VISIBLE_DEVICES: [0]
[I 2023-12-27 11:24:03,057] Trial 2 finished with value: 4019.915283203125 and parameters: {'gradient_clip_val': 0.14273279630499133, 'hidden_size': 8, 'dropout': 0.3327032790755089, 'hidden_continuous_size': 6, 'attention_head_size': 1, 'learning_rate': 0.018925258034978628}. Best is trial 0 with value: 1000.264404296875.
LOCAL_RANK: 0 - CUDA_VISIBLE_DEVICES: [0]
[I 2023-12-27 11:24:03,555] Trial 3 finished with value: 7772.62744140625 and parameters: {'gradient_clip_val': 0.23755397340005827, 'hidden_size': 8, 'dropout': 0.212850943022141, 'hidden_continuous_size': 7, 'attention_head_size': 4, 'learning_rate': 0.055880502898638204}. Best is trial 0 with value: 1000.264404296875.
LOCAL_RANK: 0 - CUDA_VISIBLE_DEVICES: [0]
[I 2023-12-27 11:24:04,100] Trial 4 finished with value: 5703.642578125 and parameters: {'gradient_clip_val': 0.3445249840959668, 'hidden_size': 83, 'dropout': 0.44382331700031075, 'hidden_continuous_size': 13, 'attention_head_size': 4, 'learning_rate': 0.017107217674948355}. Best is trial 0 with value: 1000.264404296875.
LOCAL_RANK: 0 - CUDA_VISIBLE_DEVICES: [0]
[I 2023-12-27 11:24:04,589] Trial 5 finished with value: 4974.53466796875 and parameters: {'gradient_clip_val': 0.2541780996783151, 'hidden_size': 9, 'dropout': 0.3614635981106945, 'hidden_continuous_size': 5, 'attention_head_size': 3, 'learning_rate': 0.03706960331806849}. Best is trial 0 with value: 1000.264404296875.
LOCAL_RANK: 0 - CUDA_VISIBLE_DEVICES: [0]
[I 2023-12-27 11:24:05,041] Trial 6 finished with value: 4633.96533203125 and parameters: {'gradient_clip_val': 0.9736074245110714, 'hidden_size': 5, 'dropout': 0.12452678495695833, 'hidden_continuous_size': 5, 'attention_head_size': 2, 'learning_rate': 0.0012967228286451386}. Best is trial 0 with value: 1000.264404296875.
LOCAL_RANK: 0 - CUDA_VISIBLE_DEVICES: [0]
[I 2023-12-27 11:24:05,611] Trial 7 finished with value: 7050.37353515625 and parameters: {'gradient_clip_val': 0.24071798933261437, 'hidden_size': 111, 'dropout': 0.293458811328396, 'hidden_continuous_size': 48, 'attention_head_size': 2, 'learning_rate': 0.02171342590249677}. Best is trial 0 with value: 1000.264404296875.
LOCAL_RANK: 0 - CUDA_VISIBLE_DEVICES: [0]
[I 2023-12-27 11:24:06,097] Trial 8 finished with value: 5743.451171875 and parameters: {'gradient_clip_val': 0.36656407656079526, 'hidden_size': 10, 'dropout': 0.4199956979726044, 'hidden_continuous_size': 8, 'attention_head_size': 1, 'learning_rate': 0.0008478409349303609}. Best is trial 0 with value: 1000.264404296875.
LOCAL_RANK: 0 - CUDA_VISIBLE_DEVICES: [0]
[I 2023-12-27 11:24:06,841] Trial 9 finished with value: 5025.513671875 and parameters: {'gradient_clip_val': 0.3067855830855245, 'hidden_size': 15, 'dropout': 0.40468497822932437, 'hidden_continuous_size': 15, 'attention_head_size': 4, 'learning_rate': 0.001591050535591763}. Best is trial 0 with value: 1000.264404296875.
LOCAL_RANK: 0 - CUDA_VISIBLE_DEVICES: [0]
[I 2023-12-27 11:24:07,425] Trial 10 finished with value: 6190.26416015625 and parameters: {'gradient_clip_val': 0.10671182167124205, 'hidden_size': 48, 'dropout': 0.48857775392144526, 'hidden_continuous_size': 24, 'attention_head_size': 3, 'learning_rate': 0.09398642839915634}. Best is trial 0 with value: 1000.264404296875.
LOCAL_RANK: 0 - CUDA_VISIBLE_DEVICES: [0]
[I 2023-12-27 11:24:07,965] Trial 11 finished with value: 4332.00146484375 and parameters: {'gradient_clip_val': 0.11628006348068816, 'hidden_size': 29, 'dropout': 0.3331939220840099, 'hidden_continuous_size': 9, 'attention_head_size': 1, 'learning_rate': 0.0073504603777822435}. Best is trial 0 with value: 1000.264404296875.
LOCAL_RANK: 0 - CUDA_VISIBLE_DEVICES: [0]
[I 2023-12-27 11:24:08,484] Trial 12 finished with value: 5149.83935546875 and parameters: {'gradient_clip_val': 0.16318708973946056, 'hidden_size': 20, 'dropout': 0.49198083484873895, 'hidden_continuous_size': 7, 'attention_head_size': 2, 'learning_rate': 0.009563708437987635}. Best is trial 0 with value: 1000.264404296875.
LOCAL_RANK: 0 - CUDA_VISIBLE_DEVICES: [0]
[I 2023-12-27 11:24:09,062] Trial 13 finished with value: 5812.68896484375 and parameters: {'gradient_clip_val': 0.14800004171005002, 'hidden_size': 150, 'dropout': 0.28114115141644064, 'hidden_continuous_size': 26, 'attention_head_size': 1, 'learning_rate': 0.0039768798372119005}. Best is trial 0 with value: 1000.264404296875.
LOCAL_RANK: 0 - CUDA_VISIBLE_DEVICES: [0]
[I 2023-12-27 11:24:09,600] Trial 14 finished with value: 6066.92578125 and parameters: {'gradient_clip_val': 0.49257706561873915, 'hidden_size': 44, 'dropout': 0.37534998063131964, 'hidden_continuous_size': 12, 'attention_head_size': 3, 'learning_rate': 0.04322501373704086}. Best is trial 0 with value: 1000.264404296875.
LOCAL_RANK: 0 - CUDA_VISIBLE_DEVICES: [0]
[I 2023-12-27 11:24:10,113] Trial 15 finished with value: 6389.43896484375 and parameters: {'gradient_clip_val': 0.17812580222375934, 'hidden_size': 15, 'dropout': 0.4482604277105762, 'hidden_continuous_size': 6, 'attention_head_size': 2, 'learning_rate': 0.013733610372164735}. Best is trial 0 with value: 1000.264404296875.
LOCAL_RANK: 0 - CUDA_VISIBLE_DEVICES: [0]
[I 2023-12-27 11:24:10,653] Trial 16 finished with value: 4607.95166015625 and parameters: {'gradient_clip_val': 0.10163862777456809, 'hidden_size': 65, 'dropout': 0.3413060741254989, 'hidden_continuous_size': 10, 'attention_head_size': 4, 'learning_rate': 0.005170215076793007}. Best is trial 0 with value: 1000.264404296875.
LOCAL_RANK: 0 - CUDA_VISIBLE_DEVICES: [0]
