[I 2023-12-27 11:05:01,268] Trial 35 finished with value: 163.72100830078125 and parameters: {'gradient_clip_val': 0.18192236056127684, 'hidden_size': 7, 'dropout': 0.46528747725950614, 'hidden_continuous_size': 6, 'attention_head_size': 1, 'learning_rate': 0.005739105899422174}. Best is trial 0 with value: 86.90890502929688.
LOCAL_RANK: 0 - CUDA_VISIBLE_DEVICES: [0]
[I 2023-12-27 11:05:01,696] Trial 36 finished with value: 146.52391052246094 and parameters: {'gradient_clip_val': 0.18050504026813735, 'hidden_size': 12, 'dropout': 0.4397046843205265, 'hidden_continuous_size': 7, 'attention_head_size': 1, 'learning_rate': 0.002183075467088962}. Best is trial 0 with value: 86.90890502929688.
LOCAL_RANK: 0 - CUDA_VISIBLE_DEVICES: [0]
[I 2023-12-27 11:05:02,095] Trial 37 finished with value: 148.7309112548828 and parameters: {'gradient_clip_val': 0.11995493745059682, 'hidden_size': 6, 'dropout': 0.3702941931248468, 'hidden_continuous_size': 6, 'attention_head_size': 2, 'learning_rate': 0.003336121913555895}. Best is trial 0 with value: 86.90890502929688.
LOCAL_RANK: 0 - CUDA_VISIBLE_DEVICES: [0]
[I 2023-12-27 11:05:02,535] Trial 38 finished with value: 225.2218475341797 and parameters: {'gradient_clip_val': 0.1417235565974352, 'hidden_size': 14, 'dropout': 0.4018759818031672, 'hidden_continuous_size': 9, 'attention_head_size': 4, 'learning_rate': 0.0015091215383060254}. Best is trial 0 with value: 86.90890502929688.
LOCAL_RANK: 0 - CUDA_VISIBLE_DEVICES: [0]
[I 2023-12-27 11:05:02,987] Trial 39 finished with value: 160.921630859375 and parameters: {'gradient_clip_val': 0.10242556417527593, 'hidden_size': 19, 'dropout': 0.31278829571509603, 'hidden_continuous_size': 10, 'attention_head_size': 2, 'learning_rate': 0.0027737025179620325}. Best is trial 0 with value: 86.90890502929688.
LOCAL_RANK: 0 - CUDA_VISIBLE_DEVICES: [0]
[I 2023-12-27 11:05:03,431] Trial 40 finished with value: 160.2447967529297 and parameters: {'gradient_clip_val': 0.20141304193452833, 'hidden_size': 17, 'dropout': 0.47585717169517716, 'hidden_continuous_size': 8, 'attention_head_size': 3, 'learning_rate': 0.0009034628218187586}. Best is trial 0 with value: 86.90890502929688.
LOCAL_RANK: 0 - CUDA_VISIBLE_DEVICES: [0]
[I 2023-12-27 11:05:03,881] Trial 41 finished with value: 141.92308044433594 and parameters: {'gradient_clip_val': 0.11547305251026518, 'hidden_size': 6, 'dropout': 0.43798811011797195, 'hidden_continuous_size': 5, 'attention_head_size': 3, 'learning_rate': 0.004409632087914429}. Best is trial 0 with value: 86.90890502929688.
LOCAL_RANK: 0 - CUDA_VISIBLE_DEVICES: [0]
[I 2023-12-27 11:05:04,321] Trial 42 finished with value: 119.8691635131836 and parameters: {'gradient_clip_val': 0.16744795606855578, 'hidden_size': 9, 'dropout': 0.380816677210628, 'hidden_continuous_size': 7, 'attention_head_size': 3, 'learning_rate': 0.0017171312579673465}. Best is trial 0 with value: 86.90890502929688.
LOCAL_RANK: 0 - CUDA_VISIBLE_DEVICES: [0]
[I 2023-12-27 11:05:05,029] Trial 43 finished with value: 138.39845275878906 and parameters: {'gradient_clip_val': 0.16528895391731083, 'hidden_size': 10, 'dropout': 0.39436287798902175, 'hidden_continuous_size': 7, 'attention_head_size': 3, 'learning_rate': 0.0009488390122280683}. Best is trial 0 with value: 86.90890502929688.
LOCAL_RANK: 0 - CUDA_VISIBLE_DEVICES: [0]
[I 2023-12-27 11:05:05,488] Trial 44 finished with value: 133.15512084960938 and parameters: {'gradient_clip_val': 0.1358420723604691, 'hidden_size': 13, 'dropout': 0.3760237172666972, 'hidden_continuous_size': 7, 'attention_head_size': 3, 'learning_rate': 0.0018621691561009103}. Best is trial 0 with value: 86.90890502929688.
LOCAL_RANK: 0 - CUDA_VISIBLE_DEVICES: [0]
[I 2023-12-27 11:05:05,938] Trial 45 finished with value: 221.73658752441406 and parameters: {'gradient_clip_val': 0.14278607856995684, 'hidden_size': 13, 'dropout': 0.4220189419118348, 'hidden_continuous_size': 7, 'attention_head_size': 3, 'learning_rate': 0.00145233833469587}. Best is trial 0 with value: 86.90890502929688.
LOCAL_RANK: 0 - CUDA_VISIBLE_DEVICES: [0]
[I 2023-12-27 11:05:06,388] Trial 46 finished with value: 186.5955352783203 and parameters: {'gradient_clip_val': 0.18135489608425923, 'hidden_size': 9, 'dropout': 0.37361097909269847, 'hidden_continuous_size': 7, 'attention_head_size': 4, 'learning_rate': 0.0018381543151712984}. Best is trial 0 with value: 86.90890502929688.
LOCAL_RANK: 0 - CUDA_VISIBLE_DEVICES: [0]
[I 2023-12-27 11:05:06,823] Trial 47 finished with value: 136.4922332763672 and parameters: {'gradient_clip_val': 0.19379589687061602, 'hidden_size': 17, 'dropout': 0.3999462510824585, 'hidden_continuous_size': 6, 'attention_head_size': 3, 'learning_rate': 0.0007678082984775475}. Best is trial 0 with value: 86.90890502929688.
LOCAL_RANK: 0 - CUDA_VISIBLE_DEVICES: [0]
[I 2023-12-27 11:05:07,271] Trial 48 finished with value: 162.4956512451172 and parameters: {'gradient_clip_val': 0.2358274102430768, 'hidden_size': 14, 'dropout': 0.35645268144868736, 'hidden_continuous_size': 7, 'attention_head_size': 3, 'learning_rate': 0.0023822513271148627}. Best is trial 0 with value: 86.90890502929688.
LOCAL_RANK: 0 - CUDA_VISIBLE_DEVICES: [0]
[I 2023-12-27 11:05:07,712] Trial 49 finished with value: 171.18377685546875 and parameters: {'gradient_clip_val': 0.16367594729964, 'hidden_size': 8, 'dropout': 0.4552040543427249, 'hidden_continuous_size': 6, 'attention_head_size': 3, 'learning_rate': 0.001127918882511163}. Best is trial 0 with value: 86.90890502929688.
[I 2023-12-27 11:05:07,841] A new study created in memory with name: no-name-3b50b0d7-4371-4ec9-a0e7-d4dc3e707205
/home/le004/conda/anaconda3/envs/tsff_env/lib/python3.9/site-packages/lightning/fabric/plugins/environments/slurm.py:191: The `srun` command is available on your system but is not used. HINT: If your intention is to run Lightning on SLURM, prepend your python command with `srun` like so: srun python /home/le004/master_thesis/git/TSFusionForecast/code/ ...
LOCAL_RANK: 0 - CUDA_VISIBLE_DEVICES: [0]
[I 2023-12-27 11:05:37,568] Trial 0 finished with value: 34.53126907348633 and parameters: {'gradient_clip_val': 0.3125107427324019, 'hidden_size': 5, 'dropout': 0.18701653083332667, 'hidden_continuous_size': 5, 'attention_head_size': 4, 'learning_rate': 0.0010789502984049567}. Best is trial 0 with value: 34.53126907348633.
LOCAL_RANK: 0 - CUDA_VISIBLE_DEVICES: [0]
[I 2023-12-27 11:05:58,681] Trial 1 finished with value: 6.572447299957275 and parameters: {'gradient_clip_val': 0.34514935656746326, 'hidden_size': 71, 'dropout': 0.27619317421610023, 'hidden_continuous_size': 22, 'attention_head_size': 3, 'learning_rate': 0.07296629202016192}. Best is trial 1 with value: 6.572447299957275.
LOCAL_RANK: 0 - CUDA_VISIBLE_DEVICES: [0]
[I 2023-12-27 11:05:59,455] Trial 2 finished with value: 41.81968307495117 and parameters: {'gradient_clip_val': 0.9474471247832552, 'hidden_size': 11, 'dropout': 0.22154228815604068, 'hidden_continuous_size': 6, 'attention_head_size': 2, 'learning_rate': 0.0020069769112481257}. Best is trial 1 with value: 6.572447299957275.
LOCAL_RANK: 0 - CUDA_VISIBLE_DEVICES: [0]
[I 2023-12-27 11:05:59,991] Trial 3 finished with value: 41.46194839477539 and parameters: {'gradient_clip_val': 0.6342322181010148, 'hidden_size': 39, 'dropout': 0.26912691873030015, 'hidden_continuous_size': 5, 'attention_head_size': 3, 'learning_rate': 0.02179576721018749}. Best is trial 1 with value: 6.572447299957275.
LOCAL_RANK: 0 - CUDA_VISIBLE_DEVICES: [0]
[I 2023-12-27 11:06:00,483] Trial 4 finished with value: 32.47800827026367 and parameters: {'gradient_clip_val': 0.318537425413835, 'hidden_size': 16, 'dropout': 0.15650957310766428, 'hidden_continuous_size': 5, 'attention_head_size': 3, 'learning_rate': 0.018990342211093764}. Best is trial 1 with value: 6.572447299957275.
LOCAL_RANK: 0 - CUDA_VISIBLE_DEVICES: [0]
[I 2023-12-27 11:06:01,028] Trial 5 finished with value: 49.932498931884766 and parameters: {'gradient_clip_val': 0.6101047162483542, 'hidden_size': 86, 'dropout': 0.2542273865061633, 'hidden_continuous_size': 14, 'attention_head_size': 2, 'learning_rate': 0.003302743902608851}. Best is trial 1 with value: 6.572447299957275.
LOCAL_RANK: 0 - CUDA_VISIBLE_DEVICES: [0]
[I 2023-12-27 11:06:01,488] Trial 6 finished with value: 32.29417419433594 and parameters: {'gradient_clip_val': 0.117323578053373, 'hidden_size': 5, 'dropout': 0.4638457374502548, 'hidden_continuous_size': 5, 'attention_head_size': 4, 'learning_rate': 0.021101707211779456}. Best is trial 1 with value: 6.572447299957275.
LOCAL_RANK: 0 - CUDA_VISIBLE_DEVICES: [0]
[I 2023-12-27 11:06:02,023] Trial 7 finished with value: 48.91453170776367 and parameters: {'gradient_clip_val': 0.44787259198283674, 'hidden_size': 72, 'dropout': 0.27543137147774777, 'hidden_continuous_size': 5, 'attention_head_size': 1, 'learning_rate': 0.050058835113827485}. Best is trial 1 with value: 6.572447299957275.
LOCAL_RANK: 0 - CUDA_VISIBLE_DEVICES: [0]
[I 2023-12-27 11:06:02,557] Trial 8 finished with value: 47.849246978759766 and parameters: {'gradient_clip_val': 0.4947710990896825, 'hidden_size': 20, 'dropout': 0.24155836389325952, 'hidden_continuous_size': 10, 'attention_head_size': 2, 'learning_rate': 0.00609210589099785}. Best is trial 1 with value: 6.572447299957275.
LOCAL_RANK: 0 - CUDA_VISIBLE_DEVICES: [0]
[I 2023-12-27 11:06:03,011] Trial 9 finished with value: 48.587459564208984 and parameters: {'gradient_clip_val': 0.17143276131362645, 'hidden_size': 5, 'dropout': 0.3930193135094807, 'hidden_continuous_size': 5, 'attention_head_size': 4, 'learning_rate': 0.006496956080222716}. Best is trial 1 with value: 6.572447299957275.
LOCAL_RANK: 0 - CUDA_VISIBLE_DEVICES: [0]
[I 2023-12-27 11:06:03,602] Trial 10 finished with value: 56.93387985229492 and parameters: {'gradient_clip_val': 0.22052185398029808, 'hidden_size': 121, 'dropout': 0.36552488963071017, 'hidden_continuous_size': 46, 'attention_head_size': 1, 'learning_rate': 0.08928091945616393}. Best is trial 1 with value: 6.572447299957275.
LOCAL_RANK: 0 - CUDA_VISIBLE_DEVICES: [0]
[I 2023-12-27 11:06:04,163] Trial 11 finished with value: 41.75807571411133 and parameters: {'gradient_clip_val': 0.10654191065620708, 'hidden_size': 42, 'dropout': 0.4884152026956511, 'hidden_continuous_size': 20, 'attention_head_size': 4, 'learning_rate': 0.02630912285473002}. Best is trial 1 with value: 6.572447299957275.
LOCAL_RANK: 0 - CUDA_VISIBLE_DEVICES: [0]
[I 2023-12-27 11:06:04,691] Trial 12 finished with value: 45.93252182006836 and parameters: {'gradient_clip_val': 0.10093058556258924, 'hidden_size': 11, 'dropout': 0.11825373570736919, 'hidden_continuous_size': 6, 'attention_head_size': 3, 'learning_rate': 0.09890214023978022}. Best is trial 1 with value: 6.572447299957275.
LOCAL_RANK: 0 - CUDA_VISIBLE_DEVICES: [0]
[I 2023-12-27 11:06:05,260] Trial 13 finished with value: 48.492069244384766 and parameters: {'gradient_clip_val': 0.1675816115164063, 'hidden_size': 33, 'dropout': 0.33297406119069634, 'hidden_continuous_size': 8, 'attention_head_size': 4, 'learning_rate': 0.013122077862231534}. Best is trial 1 with value: 6.572447299957275.
LOCAL_RANK: 0 - CUDA_VISIBLE_DEVICES: [0]
[I 2023-12-27 11:06:05,849] Trial 14 finished with value: 35.2380256652832 and parameters: {'gradient_clip_val': 0.2808502668310055, 'hidden_size': 61, 'dropout': 0.431083988488245, 'hidden_continuous_size': 23, 'attention_head_size': 3, 'learning_rate': 0.045459562654638165}. Best is trial 1 with value: 6.572447299957275.
LOCAL_RANK: 0 - CUDA_VISIBLE_DEVICES: [0]
[I 2023-12-27 11:06:06,424] Trial 15 finished with value: 52.1226921081543 and parameters: {'gradient_clip_val': 0.15336465053736226, 'hidden_size': 26, 'dropout': 0.3203137284361505, 'hidden_continuous_size': 8, 'attention_head_size': 4, 'learning_rate': 0.011046468117818594}. Best is trial 1 with value: 6.572447299957275.
LOCAL_RANK: 0 - CUDA_VISIBLE_DEVICES: [0]
[I 2023-12-27 11:06:07,257] Trial 16 finished with value: 37.4506950378418 and parameters: {'gradient_clip_val': 0.23029277205261917, 'hidden_size': 48, 'dropout': 0.4909572393895345, 'hidden_continuous_size': 14, 'attention_head_size': 3, 'learning_rate': 0.04097385088968594}. Best is trial 1 with value: 6.572447299957275.
LOCAL_RANK: 0 - CUDA_VISIBLE_DEVICES: [0]
[I 2023-12-27 11:06:07,856] Trial 17 finished with value: 51.49821090698242 and parameters: {'gradient_clip_val': 0.13890937141377743, 'hidden_size': 102, 'dropout': 0.3043027891614621, 'hidden_continuous_size': 100, 'attention_head_size': 4, 'learning_rate': 0.05691330157131295}. Best is trial 1 with value: 6.572447299957275.
LOCAL_RANK: 0 - CUDA_VISIBLE_DEVICES: [0]
[I 2023-12-27 11:06:08,447] Trial 18 finished with value: 42.622154235839844 and parameters: {'gradient_clip_val': 0.36340026063932157, 'hidden_size': 132, 'dropout': 0.41984830013564484, 'hidden_continuous_size': 32, 'attention_head_size': 3, 'learning_rate': 0.027862029567836576}. Best is trial 1 with value: 6.572447299957275.
LOCAL_RANK: 0 - CUDA_VISIBLE_DEVICES: [0]
[I 2023-12-27 11:06:09,025] Trial 19 finished with value: 48.64036178588867 and parameters: {'gradient_clip_val': 0.2226072290038965, 'hidden_size': 62, 'dropout': 0.34304929364522524, 'hidden_continuous_size': 10, 'attention_head_size': 2, 'learning_rate': 0.012394090791558614}. Best is trial 1 with value: 6.572447299957275.
LOCAL_RANK: 0 - CUDA_VISIBLE_DEVICES: [0]
[I 2023-12-27 11:06:09,557] Trial 20 finished with value: 39.78937911987305 and parameters: {'gradient_clip_val': 0.25562410138911773, 'hidden_size': 139, 'dropout': 0.29857970564070757, 'hidden_continuous_size': 42, 'attention_head_size': 4, 'learning_rate': 0.0006195543671372977}. Best is trial 1 with value: 6.572447299957275.
LOCAL_RANK: 0 - CUDA_VISIBLE_DEVICES: [0]
[I 2023-12-27 11:06:10,044] Trial 21 finished with value: 42.159305572509766 and parameters: {'gradient_clip_val': 0.3426286371300223, 'hidden_size': 18, 'dropout': 0.1901605744450954, 'hidden_continuous_size': 6, 'attention_head_size': 3, 'learning_rate': 0.0199266500840199}. Best is trial 1 with value: 6.572447299957275.
LOCAL_RANK: 0 - CUDA_VISIBLE_DEVICES: [0]
[I 2023-12-27 11:06:10,496] Trial 22 finished with value: 46.72029113769531 and parameters: {'gradient_clip_val': 0.38910653561464825, 'hidden_size': 7, 'dropout': 0.12313144635170145, 'hidden_continuous_size': 5, 'attention_head_size': 3, 'learning_rate': 0.017458866979738794}. Best is trial 1 with value: 6.572447299957275.
LOCAL_RANK: 0 - CUDA_VISIBLE_DEVICES: [0]
[I 2023-12-27 11:06:10,949] Trial 23 finished with value: 41.06866455078125 and parameters: {'gradient_clip_val': 0.2862362701892244, 'hidden_size': 12, 'dropout': 0.1634135939786516, 'hidden_continuous_size': 6, 'attention_head_size': 3, 'learning_rate': 0.03382490626151188}. Best is trial 1 with value: 6.572447299957275.
LOCAL_RANK: 0 - CUDA_VISIBLE_DEVICES: [0]
[I 2023-12-27 11:06:11,386] Trial 24 finished with value: 35.15525817871094 and parameters: {'gradient_clip_val': 0.19398102353098742, 'hidden_size': 7, 'dropout': 0.10137230672805472, 'hidden_continuous_size': 5, 'attention_head_size': 2, 'learning_rate': 0.06308826958398413}. Best is trial 1 with value: 6.572447299957275.
LOCAL_RANK: 0 - CUDA_VISIBLE_DEVICES: [0]
[I 2023-12-27 11:06:11,866] Trial 25 finished with value: 51.219818115234375 and parameters: {'gradient_clip_val': 0.30214527065382285, 'hidden_size': 29, 'dropout': 0.2872741964224924, 'hidden_continuous_size': 7, 'attention_head_size': 3, 'learning_rate': 0.029846593114179597}. Best is trial 1 with value: 6.572447299957275.
LOCAL_RANK: 0 - CUDA_VISIBLE_DEVICES: [0]
[I 2023-12-27 11:06:12,317] Trial 26 finished with value: 40.570186614990234 and parameters: {'gradient_clip_val': 0.125699446827133, 'hidden_size': 16, 'dropout': 0.22161666089151416, 'hidden_continuous_size': 6, 'attention_head_size': 4, 'learning_rate': 0.009662441418763436}. Best is trial 1 with value: 6.572447299957275.
LOCAL_RANK: 0 - CUDA_VISIBLE_DEVICES: [0]
[I 2023-12-27 11:06:12,795] Trial 27 finished with value: 46.55525207519531 and parameters: {'gradient_clip_val': 0.20865493310813044, 'hidden_size': 23, 'dropout': 0.3548632942492942, 'hidden_continuous_size': 7, 'attention_head_size': 3, 'learning_rate': 0.01860551478264808}. Best is trial 1 with value: 6.572447299957275.
LOCAL_RANK: 0 - CUDA_VISIBLE_DEVICES: [0]
[I 2023-12-27 11:06:13,259] Trial 28 finished with value: 34.65425109863281 and parameters: {'gradient_clip_val': 0.25073813171453685, 'hidden_size': 32, 'dropout': 0.3093903224412034, 'hidden_continuous_size': 10, 'attention_head_size': 2, 'learning_rate': 0.0726391306895565}. Best is trial 1 with value: 6.572447299957275.
LOCAL_RANK: 0 - CUDA_VISIBLE_DEVICES: [0]
[I 2023-12-27 11:06:13,955] Trial 29 finished with value: 43.6401252746582 and parameters: {'gradient_clip_val': 0.3217567290486165, 'hidden_size': 5, 'dropout': 0.19552033700618993, 'hidden_continuous_size': 5, 'attention_head_size': 4, 'learning_rate': 0.038074288068741496}. Best is trial 1 with value: 6.572447299957275.
LOCAL_RANK: 0 - CUDA_VISIBLE_DEVICES: [0]
[I 2023-12-27 11:06:14,456] Trial 30 finished with value: 43.52628707885742 and parameters: {'gradient_clip_val': 0.2537366327924558, 'hidden_size': 46, 'dropout': 0.16002926337098689, 'hidden_continuous_size': 12, 'attention_head_size': 4, 'learning_rate': 0.06859536510070875}. Best is trial 1 with value: 6.572447299957275.
LOCAL_RANK: 0 - CUDA_VISIBLE_DEVICES: [0]
[I 2023-12-27 11:06:14,898] Trial 31 finished with value: 36.67975997924805 and parameters: {'gradient_clip_val': 0.39810053072271223, 'hidden_size': 8, 'dropout': 0.23743428059856056, 'hidden_continuous_size': 5, 'attention_head_size': 4, 'learning_rate': 0.001402909695009972}. Best is trial 1 with value: 6.572447299957275.
LOCAL_RANK: 0 - CUDA_VISIBLE_DEVICES: [0]
[I 2023-12-27 11:06:15,364] Trial 32 finished with value: 53.85493850708008 and parameters: {'gradient_clip_val': 0.9789453013771355, 'hidden_size': 15, 'dropout': 0.2607139108269486, 'hidden_continuous_size': 7, 'attention_head_size': 3, 'learning_rate': 0.00473812922527567}. Best is trial 1 with value: 6.572447299957275.
LOCAL_RANK: 0 - CUDA_VISIBLE_DEVICES: [0]
[I 2023-12-27 11:06:15,798] Trial 33 finished with value: 30.332855224609375 and parameters: {'gradient_clip_val': 0.7985594403809879, 'hidden_size': 8, 'dropout': 0.2067085091741841, 'hidden_continuous_size': 5, 'attention_head_size': 4, 'learning_rate': 0.009437789451464652}. Best is trial 1 with value: 6.572447299957275.
LOCAL_RANK: 0 - CUDA_VISIBLE_DEVICES: [0]
[I 2023-12-27 11:06:16,249] Trial 34 finished with value: 63.2599983215332 and parameters: {'gradient_clip_val': 0.6749099264673467, 'hidden_size': 9, 'dropout': 0.21055058615603345, 'hidden_continuous_size': 5, 'attention_head_size': 4, 'learning_rate': 0.0095681551030611}. Best is trial 1 with value: 6.572447299957275.
LOCAL_RANK: 0 - CUDA_VISIBLE_DEVICES: [0]
[I 2023-12-27 11:06:16,705] Trial 35 finished with value: 57.24345016479492 and parameters: {'gradient_clip_val': 0.8190156868375048, 'hidden_size': 13, 'dropout': 0.2658507597302162, 'hidden_continuous_size': 6, 'attention_head_size': 4, 'learning_rate': 0.01741408115366457}. Best is trial 1 with value: 6.572447299957275.
LOCAL_RANK: 0 - CUDA_VISIBLE_DEVICES: [0]
[I 2023-12-27 11:06:17,161] Trial 36 finished with value: 47.92333984375 and parameters: {'gradient_clip_val': 0.42751452911621385, 'hidden_size': 6, 'dropout': 0.2439254101036939, 'hidden_continuous_size': 5, 'attention_head_size': 2, 'learning_rate': 0.008608582433798492}. Best is trial 1 with value: 6.572447299957275.
LOCAL_RANK: 0 - CUDA_VISIBLE_DEVICES: [0]
[I 2023-12-27 11:06:17,601] Trial 37 finished with value: 66.86998748779297 and parameters: {'gradient_clip_val': 0.500951760775306, 'hidden_size': 11, 'dropout': 0.16950713104748358, 'hidden_continuous_size': 5, 'attention_head_size': 1, 'learning_rate': 0.023462069016631247}. Best is trial 1 with value: 6.572447299957275.
LOCAL_RANK: 0 - CUDA_VISIBLE_DEVICES: [0]
[I 2023-12-27 11:06:18,044] Trial 38 finished with value: 39.98127365112305 and parameters: {'gradient_clip_val': 0.51631711653472, 'hidden_size': 9, 'dropout': 0.27311765791813186, 'hidden_continuous_size': 5, 'attention_head_size': 3, 'learning_rate': 0.014010735108488513}. Best is trial 1 with value: 6.572447299957275.
LOCAL_RANK: 0 - CUDA_VISIBLE_DEVICES: [0]
[I 2023-12-27 11:06:18,447] Trial 39 finished with value: 34.561946868896484 and parameters: {'gradient_clip_val': 0.34922288002182494, 'hidden_size': 5, 'dropout': 0.2280237272037292, 'hidden_continuous_size': 5, 'attention_head_size': 4, 'learning_rate': 0.04709357655568718}. Best is trial 1 with value: 6.572447299957275.
LOCAL_RANK: 0 - CUDA_VISIBLE_DEVICES: [0]
[I 2023-12-27 11:06:18,948] Trial 40 finished with value: 43.26787185668945 and parameters: {'gradient_clip_val': 0.45338147900942527, 'hidden_size': 19, 'dropout': 0.20375964464358112, 'hidden_continuous_size': 9, 'attention_head_size': 3, 'learning_rate': 0.03261125793044552}. Best is trial 1 with value: 6.572447299957275.
LOCAL_RANK: 0 - CUDA_VISIBLE_DEVICES: [0]
[I 2023-12-27 11:06:19,417] Trial 41 finished with value: 54.34561538696289 and parameters: {'gradient_clip_val': 0.6057503390568818, 'hidden_size': 6, 'dropout': 0.2523715962620876, 'hidden_continuous_size': 5, 'attention_head_size': 4, 'learning_rate': 0.007537305881115956}. Best is trial 1 with value: 6.572447299957275.
LOCAL_RANK: 0 - CUDA_VISIBLE_DEVICES: [0]
[I 2023-12-27 11:06:19,833] Trial 42 finished with value: 52.47610855102539 and parameters: {'gradient_clip_val': 0.19176038286716177, 'hidden_size': 5, 'dropout': 0.18250427254762053, 'hidden_continuous_size': 5, 'attention_head_size': 4, 'learning_rate': 0.0044080808027641746}. Best is trial 1 with value: 6.572447299957275.
LOCAL_RANK: 0 - CUDA_VISIBLE_DEVICES: [0]
