[I 2023-12-27 11:01:18,811] Trial 3 finished with value: 828.1011352539062 and parameters: {'gradient_clip_val': 0.5316231966937768, 'hidden_size': 11, 'dropout': 0.23832571584325213, 'hidden_continuous_size': 8, 'attention_head_size': 3, 'learning_rate': 0.009539258238096513}. Best is trial 0 with value: 492.1321105957031.
[I 2023-12-27 11:01:19,150] Trial 4 finished with value: 674.9542236328125 and parameters: {'gradient_clip_val': 0.543502105084143, 'hidden_size': 16, 'dropout': 0.38032064131153975, 'hidden_continuous_size': 10, 'attention_head_size': 2, 'learning_rate': 0.01315956789758441}. Best is trial 0 with value: 492.1321105957031.
[I 2023-12-27 11:01:19,555] Trial 5 finished with value: 782.501953125 and parameters: {'gradient_clip_val': 0.10755641352763419, 'hidden_size': 49, 'dropout': 0.20057335788961184, 'hidden_continuous_size': 14, 'attention_head_size': 1, 'learning_rate': 0.0018325750028491475}. Best is trial 0 with value: 492.1321105957031.
[I 2023-12-27 11:01:20,096] Trial 6 finished with value: 632.6349487304688 and parameters: {'gradient_clip_val': 0.22383675792078356, 'hidden_size': 135, 'dropout': 0.21249088882026787, 'hidden_continuous_size': 6, 'attention_head_size': 2, 'learning_rate': 0.0025395985400040884}. Best is trial 0 with value: 492.1321105957031.
[I 2023-12-27 11:01:20,613] Trial 7 finished with value: 701.4977416992188 and parameters: {'gradient_clip_val': 0.10816863248494753, 'hidden_size': 140, 'dropout': 0.22193074010257205, 'hidden_continuous_size': 6, 'attention_head_size': 1, 'learning_rate': 0.006935250125727308}. Best is trial 0 with value: 492.1321105957031.
[I 2023-12-27 11:01:21,008] Trial 8 finished with value: 812.4943237304688 and parameters: {'gradient_clip_val': 0.5396152616376191, 'hidden_size': 50, 'dropout': 0.4802298291318984, 'hidden_continuous_size': 9, 'attention_head_size': 3, 'learning_rate': 0.04739287389204553}. Best is trial 0 with value: 492.1321105957031.
[I 2023-12-27 11:01:21,366] Trial 9 finished with value: 628.3475952148438 and parameters: {'gradient_clip_val': 0.3427969014821168, 'hidden_size': 8, 'dropout': 0.2571720790982819, 'hidden_continuous_size': 5, 'attention_head_size': 4, 'learning_rate': 0.0017544823135509555}. Best is trial 0 with value: 492.1321105957031.
[I 2023-12-27 11:01:21,959] Trial 10 finished with value: 643.7374877929688 and parameters: {'gradient_clip_val': 0.8117343971524951, 'hidden_size': 6, 'dropout': 0.1419991495094753, 'hidden_continuous_size': 5, 'attention_head_size': 1, 'learning_rate': 0.004445676953413631}. Best is trial 0 with value: 492.1321105957031.
[I 2023-12-27 11:01:22,302] Trial 11 finished with value: 557.2792358398438 and parameters: {'gradient_clip_val': 0.20592960687307457, 'hidden_size': 5, 'dropout': 0.10497086849953569, 'hidden_continuous_size': 5, 'attention_head_size': 3, 'learning_rate': 0.061721445670649806}. Best is trial 0 with value: 492.1321105957031.
[I 2023-12-27 11:01:22,656] Trial 12 finished with value: 714.302978515625 and parameters: {'gradient_clip_val': 0.18109454677191378, 'hidden_size': 5, 'dropout': 0.30287352169189613, 'hidden_continuous_size': 5, 'attention_head_size': 2, 'learning_rate': 0.09960264606669969}. Best is trial 0 with value: 492.1321105957031.
[I 2023-12-27 11:01:22,993] Trial 13 finished with value: 845.0693359375 and parameters: {'gradient_clip_val': 0.1818159112165739, 'hidden_size': 5, 'dropout': 0.10641824929677374, 'hidden_continuous_size': 5, 'attention_head_size': 3, 'learning_rate': 0.020936189249585645}. Best is trial 0 with value: 492.1321105957031.
[I 2023-12-27 11:01:23,369] Trial 14 finished with value: 684.8430786132812 and parameters: {'gradient_clip_val': 0.2275877538297158, 'hidden_size': 8, 'dropout': 0.14463414401944102, 'hidden_continuous_size': 5, 'attention_head_size': 2, 'learning_rate': 0.0005275027327758264}. Best is trial 0 with value: 492.1321105957031.
[I 2023-12-27 11:01:23,685] Trial 15 finished with value: 859.399169921875 and parameters: {'gradient_clip_val': 0.13980003383565132, 'hidden_size': 5, 'dropout': 0.10292992998937181, 'hidden_continuous_size': 5, 'attention_head_size': 3, 'learning_rate': 0.01710018869829408}. Best is trial 0 with value: 492.1321105957031.
[I 2023-12-27 11:01:24,032] Trial 16 finished with value: 551.0549926757812 and parameters: {'gradient_clip_val': 0.2519834157861716, 'hidden_size': 9, 'dropout': 0.28509012475572115, 'hidden_continuous_size': 6, 'attention_head_size': 1, 'learning_rate': 0.02953694165028103}. Best is trial 0 with value: 492.1321105957031.
[I 2023-12-27 11:01:24,406] Trial 17 finished with value: 739.088623046875 and parameters: {'gradient_clip_val': 0.2917939389496704, 'hidden_size': 9, 'dropout': 0.2799207098063941, 'hidden_continuous_size': 6, 'attention_head_size': 1, 'learning_rate': 0.03144111013954917}. Best is trial 0 with value: 492.1321105957031.
[I 2023-12-27 11:01:24,748] Trial 18 finished with value: 555.7208862304688 and parameters: {'gradient_clip_val': 0.15218915854409418, 'hidden_size': 12, 'dropout': 0.3295384235193652, 'hidden_continuous_size': 6, 'attention_head_size': 1, 'learning_rate': 0.005616431848634422}. Best is trial 0 with value: 492.1321105957031.
[I 2023-12-27 11:01:25,090] Trial 19 finished with value: 781.359130859375 and parameters: {'gradient_clip_val': 0.25525692504670694, 'hidden_size': 7, 'dropout': 0.379530926863502, 'hidden_continuous_size': 5, 'attention_head_size': 1, 'learning_rate': 0.004062951819984535}. Best is trial 0 with value: 492.1321105957031.
[I 2023-12-27 11:01:25,434] Trial 20 finished with value: 681.0535278320312 and parameters: {'gradient_clip_val': 0.14835674960414139, 'hidden_size': 17, 'dropout': 0.27687621371908727, 'hidden_continuous_size': 7, 'attention_head_size': 2, 'learning_rate': 0.010197252008697956}. Best is trial 0 with value: 492.1321105957031.
[I 2023-12-27 11:01:25,776] Trial 21 finished with value: 656.6572875976562 and parameters: {'gradient_clip_val': 0.13907549697689148, 'hidden_size': 11, 'dropout': 0.3159762326610317, 'hidden_continuous_size': 6, 'attention_head_size': 1, 'learning_rate': 0.006364677205334059}. Best is trial 0 with value: 492.1321105957031.
[I 2023-12-27 11:01:26,160] Trial 22 finished with value: 641.584716796875 and parameters: {'gradient_clip_val': 0.17229811310045517, 'hidden_size': 11, 'dropout': 0.34220613476884476, 'hidden_continuous_size': 6, 'attention_head_size': 1, 'learning_rate': 0.021630023195975914}. Best is trial 0 with value: 492.1321105957031.
[I 2023-12-27 11:01:26,515] Trial 23 finished with value: 664.4215698242188 and parameters: {'gradient_clip_val': 0.2659260659940945, 'hidden_size': 8, 'dropout': 0.2693858534899957, 'hidden_continuous_size': 6, 'attention_head_size': 1, 'learning_rate': 0.004093164654477844}. Best is trial 0 with value: 492.1321105957031.
[I 2023-12-27 11:01:27,124] Trial 24 finished with value: 812.6702270507812 and parameters: {'gradient_clip_val': 0.15688415910692857, 'hidden_size': 6, 'dropout': 0.308408620165193, 'hidden_continuous_size': 5, 'attention_head_size': 2, 'learning_rate': 0.013068932162417139}. Best is trial 0 with value: 492.1321105957031.
[I 2023-12-27 11:01:27,527] Trial 25 finished with value: 659.9705200195312 and parameters: {'gradient_clip_val': 0.12474750703636249, 'hidden_size': 14, 'dropout': 0.36338398185110454, 'hidden_continuous_size': 7, 'attention_head_size': 1, 'learning_rate': 0.0027589953764313347}. Best is trial 0 with value: 492.1321105957031.
[I 2023-12-27 11:01:27,909] Trial 26 finished with value: 738.085693359375 and parameters: {'gradient_clip_val': 0.18184349182742898, 'hidden_size': 25, 'dropout': 0.40861007726618087, 'hidden_continuous_size': 7, 'attention_head_size': 1, 'learning_rate': 0.006317612520941096}. Best is trial 0 with value: 492.1321105957031.
[I 2023-12-27 11:01:28,254] Trial 27 finished with value: 594.1953735351562 and parameters: {'gradient_clip_val': 0.20062292015051478, 'hidden_size': 7, 'dropout': 0.2930940064299164, 'hidden_continuous_size': 6, 'attention_head_size': 2, 'learning_rate': 0.027667880387931935}. Best is trial 0 with value: 492.1321105957031.
[I 2023-12-27 11:01:28,627] Trial 28 finished with value: 707.0177612304688 and parameters: {'gradient_clip_val': 0.12511950471167724, 'hidden_size': 10, 'dropout': 0.25541942455690764, 'hidden_continuous_size': 6, 'attention_head_size': 1, 'learning_rate': 0.001286511254870919}. Best is trial 0 with value: 492.1321105957031.
[I 2023-12-27 11:01:29,019] Trial 29 finished with value: 564.1718139648438 and parameters: {'gradient_clip_val': 0.2556215710355933, 'hidden_size': 13, 'dropout': 0.3224006908505847, 'hidden_continuous_size': 7, 'attention_head_size': 2, 'learning_rate': 0.0009075454635839471}. Best is trial 0 with value: 492.1321105957031.
[I 2023-12-27 11:01:29,411] Trial 30 finished with value: 530.45556640625 and parameters: {'gradient_clip_val': 0.36889206687014353, 'hidden_size': 20, 'dropout': 0.3392937686672771, 'hidden_continuous_size': 8, 'attention_head_size': 1, 'learning_rate': 0.009821335495674153}. Best is trial 0 with value: 492.1321105957031.
[I 2023-12-27 11:01:29,765] Trial 31 finished with value: 737.3038940429688 and parameters: {'gradient_clip_val': 0.3746557191217591, 'hidden_size': 18, 'dropout': 0.3402645091610627, 'hidden_continuous_size': 8, 'attention_head_size': 1, 'learning_rate': 0.009164647301700137}. Best is trial 0 with value: 492.1321105957031.
[I 2023-12-27 11:01:30,143] Trial 32 finished with value: 764.344970703125 and parameters: {'gradient_clip_val': 0.3039760959589451, 'hidden_size': 23, 'dropout': 0.32979219173520213, 'hidden_continuous_size': 12, 'attention_head_size': 1, 'learning_rate': 0.005191616856204562}. Best is trial 0 with value: 492.1321105957031.
[I 2023-12-27 11:01:30,504] Trial 33 finished with value: 549.6749877929688 and parameters: {'gradient_clip_val': 0.392516426186747, 'hidden_size': 13, 'dropout': 0.301059248936325, 'hidden_continuous_size': 8, 'attention_head_size': 1, 'learning_rate': 0.009469513671196004}. Best is trial 0 with value: 492.1321105957031.
[I 2023-12-27 11:01:30,857] Trial 34 finished with value: 719.2578125 and parameters: {'gradient_clip_val': 0.3900087274846193, 'hidden_size': 14, 'dropout': 0.24126964255869449, 'hidden_continuous_size': 9, 'attention_head_size': 1, 'learning_rate': 0.013112044641103304}. Best is trial 0 with value: 492.1321105957031.
[I 2023-12-27 11:01:31,209] Trial 35 finished with value: 731.4025268554688 and parameters: {'gradient_clip_val': 0.3566841662089392, 'hidden_size': 20, 'dropout': 0.28833151937109847, 'hidden_continuous_size': 8, 'attention_head_size': 1, 'learning_rate': 0.007419675192652841}. Best is trial 0 with value: 492.1321105957031.
[I 2023-12-27 11:01:31,584] Trial 36 finished with value: 818.4357299804688 and parameters: {'gradient_clip_val': 0.4223386600788253, 'hidden_size': 29, 'dropout': 0.23573946402646617, 'hidden_continuous_size': 10, 'attention_head_size': 4, 'learning_rate': 0.009171254297870393}. Best is trial 0 with value: 492.1321105957031.
[I 2023-12-27 11:01:32,156] Trial 37 finished with value: 481.3169860839844 and parameters: {'gradient_clip_val': 0.4746782239997587, 'hidden_size': 10, 'dropout': 0.3007008888843458, 'hidden_continuous_size': 8, 'attention_head_size': 2, 'learning_rate': 0.003247560500407856}. Best is trial 37 with value: 481.3169860839844.
[I 2023-12-27 11:01:32,532] Trial 38 finished with value: 750.5230102539062 and parameters: {'gradient_clip_val': 0.45571284272693124, 'hidden_size': 15, 'dropout': 0.3087032913197607, 'hidden_continuous_size': 8, 'attention_head_size': 2, 'learning_rate': 0.003085871839655254}. Best is trial 37 with value: 481.3169860839844.
[I 2023-12-27 11:01:32,888] Trial 39 finished with value: 632.5573120117188 and parameters: {'gradient_clip_val': 0.4695160250264649, 'hidden_size': 12, 'dropout': 0.35553103482240367, 'hidden_continuous_size': 9, 'attention_head_size': 2, 'learning_rate': 0.0021382319481737166}. Best is trial 37 with value: 481.3169860839844.
[I 2023-12-27 11:01:33,303] Trial 40 finished with value: 721.9797973632812 and parameters: {'gradient_clip_val': 0.32035578424192684, 'hidden_size': 30, 'dropout': 0.2636279646795259, 'hidden_continuous_size': 12, 'attention_head_size': 2, 'learning_rate': 0.003450340722246545}. Best is trial 37 with value: 481.3169860839844.
[I 2023-12-27 11:01:33,652] Trial 41 finished with value: 554.5929565429688 and parameters: {'gradient_clip_val': 0.39601853525693226, 'hidden_size': 9, 'dropout': 0.2777969219116153, 'hidden_continuous_size': 8, 'attention_head_size': 1, 'learning_rate': 0.002288595061534814}. Best is trial 37 with value: 481.3169860839844.
[I 2023-12-27 11:01:33,988] Trial 42 finished with value: 682.9446411132812 and parameters: {'gradient_clip_val': 0.6146646217761139, 'hidden_size': 16, 'dropout': 0.2980218479832801, 'hidden_continuous_size': 10, 'attention_head_size': 1, 'learning_rate': 0.003107604890777109}. Best is trial 37 with value: 481.3169860839844.
[I 2023-12-27 11:01:34,339] Trial 43 finished with value: 856.0419921875 and parameters: {'gradient_clip_val': 0.34033997369030966, 'hidden_size': 10, 'dropout': 0.30028048336416635, 'hidden_continuous_size': 8, 'attention_head_size': 1, 'learning_rate': 0.004729772268062141}. Best is trial 37 with value: 481.3169860839844.
[I 2023-12-27 11:01:34,675] Trial 44 finished with value: 837.0822143554688 and parameters: {'gradient_clip_val': 0.5012336057391777, 'hidden_size': 6, 'dropout': 0.2509697972483932, 'hidden_continuous_size': 5, 'attention_head_size': 1, 'learning_rate': 0.0015536899391047148}. Best is trial 37 with value: 481.3169860839844.
[I 2023-12-27 11:01:35,033] Trial 45 finished with value: 569.1482543945312 and parameters: {'gradient_clip_val': 0.4289524189067933, 'hidden_size': 13, 'dropout': 0.22220585395077164, 'hidden_continuous_size': 7, 'attention_head_size': 3, 'learning_rate': 0.0035692903808602753}. Best is trial 37 with value: 481.3169860839844.
[I 2023-12-27 11:01:35,379] Trial 46 finished with value: 740.8206176757812 and parameters: {'gradient_clip_val': 0.5680331247338432, 'hidden_size': 7, 'dropout': 0.3244644712538626, 'hidden_continuous_size': 5, 'attention_head_size': 2, 'learning_rate': 0.002645717798210043}. Best is trial 37 with value: 481.3169860839844.
[I 2023-12-27 11:01:35,756] Trial 47 finished with value: 892.499755859375 and parameters: {'gradient_clip_val': 0.3405317926383607, 'hidden_size': 20, 'dropout': 0.28355795673799566, 'hidden_continuous_size': 19, 'attention_head_size': 1, 'learning_rate': 0.007982253893302494}. Best is trial 37 with value: 481.3169860839844.
[I 2023-12-27 11:01:36,149] Trial 48 finished with value: 606.1232299804688 and parameters: {'gradient_clip_val': 0.28120699051581555, 'hidden_size': 9, 'dropout': 0.2678286346094348, 'hidden_continuous_size': 7, 'attention_head_size': 2, 'learning_rate': 0.01085846449248562}. Best is trial 37 with value: 481.3169860839844.
[I 2023-12-27 11:01:36,518] Trial 49 finished with value: 687.35791015625 and parameters: {'gradient_clip_val': 0.3126994039929777, 'hidden_size': 11, 'dropout': 0.3112206517116679, 'hidden_continuous_size': 8, 'attention_head_size': 1, 'learning_rate': 0.005101277511806151}. Best is trial 37 with value: 481.3169860839844.
[I 2023-12-27 11:01:36,624] A new study created in memory with name: no-name-8c04fad4-2325-4cc3-ac5f-da0b489c1cfb
/home/le004/conda/anaconda3/envs/tsff_env/lib/python3.9/site-packages/lightning/fabric/plugins/environments/slurm.py:191: The `srun` command is available on your system but is not used. HINT: If your intention is to run Lightning on SLURM, prepend your python command with `srun` like so: srun python /home/le004/master_thesis/git/TSFusionForecast/code/ ...
[I 2023-12-27 11:01:57,015] Trial 0 finished with value: 35.95179748535156 and parameters: {'gradient_clip_val': 0.12110310370775072, 'hidden_size': 11, 'dropout': 0.4024197660884782, 'hidden_continuous_size': 11, 'attention_head_size': 4, 'learning_rate': 0.06975730997844426}. Best is trial 0 with value: 35.95179748535156.
[I 2023-12-27 11:01:57,491] Trial 1 finished with value: 160.08807373046875 and parameters: {'gradient_clip_val': 0.8500709260980327, 'hidden_size': 93, 'dropout': 0.40251020195103326, 'hidden_continuous_size': 14, 'attention_head_size': 4, 'learning_rate': 0.0008131676563018757}. Best is trial 0 with value: 35.95179748535156.
[I 2023-12-27 11:01:57,983] Trial 2 finished with value: 136.825927734375 and parameters: {'gradient_clip_val': 0.6566278876203127, 'hidden_size': 113, 'dropout': 0.169870271250938, 'hidden_continuous_size': 26, 'attention_head_size': 4, 'learning_rate': 0.0008067098079919266}. Best is trial 0 with value: 35.95179748535156.
[I 2023-12-27 11:01:58,448] Trial 3 finished with value: 165.3699188232422 and parameters: {'gradient_clip_val': 0.8597788091587648, 'hidden_size': 77, 'dropout': 0.3031541291228784, 'hidden_continuous_size': 77, 'attention_head_size': 4, 'learning_rate': 0.06435587000818506}. Best is trial 0 with value: 35.95179748535156.
[I 2023-12-27 11:01:58,834] Trial 4 finished with value: 156.77572631835938 and parameters: {'gradient_clip_val': 0.5910628602453516, 'hidden_size': 50, 'dropout': 0.4548346054519381, 'hidden_continuous_size': 6, 'attention_head_size': 3, 'learning_rate': 0.011234412602279129}. Best is trial 0 with value: 35.95179748535156.
[I 2023-12-27 11:01:59,186] Trial 5 finished with value: 153.51841735839844 and parameters: {'gradient_clip_val': 0.37148517177325013, 'hidden_size': 11, 'dropout': 0.2748627601040764, 'hidden_continuous_size': 7, 'attention_head_size': 2, 'learning_rate': 0.008644703768926645}. Best is trial 0 with value: 35.95179748535156.
[I 2023-12-27 11:01:59,492] Trial 6 finished with value: 171.57395935058594 and parameters: {'gradient_clip_val': 0.1304855619923877, 'hidden_size': 5, 'dropout': 0.28686451350830566, 'hidden_continuous_size': 5, 'attention_head_size': 1, 'learning_rate': 0.011347156177950181}. Best is trial 0 with value: 35.95179748535156.
[I 2023-12-27 11:01:59,834] Trial 7 finished with value: 144.29798889160156 and parameters: {'gradient_clip_val': 0.2564583152038761, 'hidden_size': 18, 'dropout': 0.1800316918029084, 'hidden_continuous_size': 7, 'attention_head_size': 3, 'learning_rate': 0.09727051976102993}. Best is trial 0 with value: 35.95179748535156.
[I 2023-12-27 11:02:00,335] Trial 8 finished with value: 181.06121826171875 and parameters: {'gradient_clip_val': 0.9658319090883051, 'hidden_size': 122, 'dropout': 0.3015192204298006, 'hidden_continuous_size': 43, 'attention_head_size': 3, 'learning_rate': 0.010078680679681606}. Best is trial 0 with value: 35.95179748535156.
[I 2023-12-27 11:02:00,787] Trial 9 finished with value: 146.53912353515625 and parameters: {'gradient_clip_val': 0.1987729111344508, 'hidden_size': 90, 'dropout': 0.1871214617773294, 'hidden_continuous_size': 11, 'attention_head_size': 2, 'learning_rate': 0.049484732729579435}. Best is trial 0 with value: 35.95179748535156.
[I 2023-12-27 11:02:01,165] Trial 10 finished with value: 199.54747009277344 and parameters: {'gradient_clip_val': 0.1010743707452976, 'hidden_size': 26, 'dropout': 0.48067632009908157, 'hidden_continuous_size': 9, 'attention_head_size': 1, 'learning_rate': 0.030423785873834902}. Best is trial 0 with value: 35.95179748535156.
[I 2023-12-27 11:02:01,606] Trial 11 finished with value: 158.73150634765625 and parameters: {'gradient_clip_val': 0.41232674471440384, 'hidden_size': 47, 'dropout': 0.10708802748959301, 'hidden_continuous_size': 20, 'attention_head_size': 4, 'learning_rate': 0.001174662421557341}. Best is trial 0 with value: 35.95179748535156.
[I 2023-12-27 11:02:02,378] Trial 12 finished with value: 130.6688995361328 and parameters: {'gradient_clip_val': 0.22619025111690497, 'hidden_size': 133, 'dropout': 0.3817776657239156, 'hidden_continuous_size': 30, 'attention_head_size': 4, 'learning_rate': 0.0021037670129665682}. Best is trial 0 with value: 35.95179748535156.
[I 2023-12-27 11:02:02,958] Trial 13 finished with value: 153.4601593017578 and parameters: {'gradient_clip_val': 0.17833551311453485, 'hidden_size': 150, 'dropout': 0.3907366820463639, 'hidden_continuous_size': 37, 'attention_head_size': 4, 'learning_rate': 0.0027426581320728733}. Best is trial 0 with value: 35.95179748535156.
[I 2023-12-27 11:02:03,334] Trial 14 finished with value: 169.56057739257812 and parameters: {'gradient_clip_val': 0.1609605831580447, 'hidden_size': 12, 'dropout': 0.3835051961532372, 'hidden_continuous_size': 5, 'attention_head_size': 3, 'learning_rate': 0.0036893420096005287}. Best is trial 0 with value: 35.95179748535156.
[I 2023-12-27 11:02:03,744] Trial 15 finished with value: 165.1650848388672 and parameters: {'gradient_clip_val': 0.24837097047995238, 'hidden_size': 51, 'dropout': 0.4423191358736255, 'hidden_continuous_size': 15, 'attention_head_size': 4, 'learning_rate': 0.02446400584138918}. Best is trial 0 with value: 35.95179748535156.
[I 2023-12-27 11:02:04,116] Trial 16 finished with value: 135.3115234375 and parameters: {'gradient_clip_val': 0.10662539400429127, 'hidden_size': 32, 'dropout': 0.4900337337042928, 'hidden_continuous_size': 10, 'attention_head_size': 2, 'learning_rate': 0.0036649980332417354}. Best is trial 0 with value: 35.95179748535156.
[I 2023-12-27 11:02:04,554] Trial 17 finished with value: 124.4542236328125 and parameters: {'gradient_clip_val': 0.149968845474164, 'hidden_size': 71, 'dropout': 0.3672142256831699, 'hidden_continuous_size': 20, 'attention_head_size': 3, 'learning_rate': 0.02038206419533552}. Best is trial 0 with value: 35.95179748535156.
