[I 2023-12-27 10:53:22,724] Trial 7 finished with value: 1258.6741943359375 and parameters: {'gradient_clip_val': 0.29126656994375477, 'hidden_size': 44, 'dropout': 0.3516277641616202, 'hidden_continuous_size': 6, 'attention_head_size': 2, 'learning_rate': 0.0014001722055744332}. Best is trial 1 with value: 379.9925842285156.
LOCAL_RANK: 0 - CUDA_VISIBLE_DEVICES: [0]
[I 2023-12-27 10:53:23,171] Trial 8 finished with value: 981.3035278320312 and parameters: {'gradient_clip_val': 0.1357216306844909, 'hidden_size': 29, 'dropout': 0.17663989530008714, 'hidden_continuous_size': 10, 'attention_head_size': 1, 'learning_rate': 0.014612439378097154}. Best is trial 1 with value: 379.9925842285156.
LOCAL_RANK: 0 - CUDA_VISIBLE_DEVICES: [0]
[I 2023-12-27 10:53:23,636] Trial 9 finished with value: 1139.2760009765625 and parameters: {'gradient_clip_val': 0.7481978551005899, 'hidden_size': 53, 'dropout': 0.2705666207958258, 'hidden_continuous_size': 51, 'attention_head_size': 4, 'learning_rate': 0.06241545504877558}. Best is trial 1 with value: 379.9925842285156.
LOCAL_RANK: 0 - CUDA_VISIBLE_DEVICES: [0]
[I 2023-12-27 10:53:24,185] Trial 10 finished with value: 1235.25537109375 and parameters: {'gradient_clip_val': 0.10054452348583821, 'hidden_size': 149, 'dropout': 0.2339312167869473, 'hidden_continuous_size': 141, 'attention_head_size': 1, 'learning_rate': 0.08754514616062323}. Best is trial 1 with value: 379.9925842285156.
LOCAL_RANK: 0 - CUDA_VISIBLE_DEVICES: [0]
[I 2023-12-27 10:53:24,627] Trial 11 finished with value: 870.4695434570312 and parameters: {'gradient_clip_val': 0.43127306130287035, 'hidden_size': 12, 'dropout': 0.47976894142981935, 'hidden_continuous_size': 8, 'attention_head_size': 3, 'learning_rate': 0.002592376949528642}. Best is trial 1 with value: 379.9925842285156.
LOCAL_RANK: 0 - CUDA_VISIBLE_DEVICES: [0]
[I 2023-12-27 10:53:25,120] Trial 12 finished with value: 1121.38134765625 and parameters: {'gradient_clip_val': 0.3865165025102817, 'hidden_size': 79, 'dropout': 0.2484342135754546, 'hidden_continuous_size': 17, 'attention_head_size': 2, 'learning_rate': 0.021094119497850592}. Best is trial 1 with value: 379.9925842285156.
LOCAL_RANK: 0 - CUDA_VISIBLE_DEVICES: [0]
[I 2023-12-27 10:53:25,603] Trial 13 finished with value: 976.6593627929688 and parameters: {'gradient_clip_val': 0.2725683676560445, 'hidden_size': 79, 'dropout': 0.19696674502083086, 'hidden_continuous_size': 21, 'attention_head_size': 4, 'learning_rate': 0.003400757144973084}. Best is trial 1 with value: 379.9925842285156.
LOCAL_RANK: 0 - CUDA_VISIBLE_DEVICES: [0]
[I 2023-12-27 10:53:26,090] Trial 14 finished with value: 987.9169311523438 and parameters: {'gradient_clip_val': 0.18091314418274457, 'hidden_size': 14, 'dropout': 0.29271599658840264, 'hidden_continuous_size': 5, 'attention_head_size': 2, 'learning_rate': 0.030483879600433077}. Best is trial 1 with value: 379.9925842285156.
LOCAL_RANK: 0 - CUDA_VISIBLE_DEVICES: [0]
[I 2023-12-27 10:53:26,567] Trial 15 finished with value: 853.5465698242188 and parameters: {'gradient_clip_val': 0.4788792820795937, 'hidden_size': 9, 'dropout': 0.31643749404937915, 'hidden_continuous_size': 6, 'attention_head_size': 3, 'learning_rate': 0.033976259825863046}. Best is trial 1 with value: 379.9925842285156.
LOCAL_RANK: 0 - CUDA_VISIBLE_DEVICES: [0]
[I 2023-12-27 10:53:27,292] Trial 16 finished with value: 1179.4002685546875 and parameters: {'gradient_clip_val': 0.9154846749554619, 'hidden_size': 34, 'dropout': 0.12850811644339538, 'hidden_continuous_size': 9, 'attention_head_size': 1, 'learning_rate': 0.010049279512642888}. Best is trial 1 with value: 379.9925842285156.
LOCAL_RANK: 0 - CUDA_VISIBLE_DEVICES: [0]
[I 2023-12-27 10:53:27,763] Trial 17 finished with value: 896.771484375 and parameters: {'gradient_clip_val': 0.35110455552507763, 'hidden_size': 18, 'dropout': 0.4908270558617388, 'hidden_continuous_size': 7, 'attention_head_size': 4, 'learning_rate': 0.003824323898446632}. Best is trial 1 with value: 379.9925842285156.
LOCAL_RANK: 0 - CUDA_VISIBLE_DEVICES: [0]
[I 2023-12-27 10:53:28,251] Trial 18 finished with value: 1014.9109497070312 and parameters: {'gradient_clip_val': 0.24318265001685616, 'hidden_size': 32, 'dropout': 0.20449895039080673, 'hidden_continuous_size': 12, 'attention_head_size': 3, 'learning_rate': 0.01639824642036487}. Best is trial 1 with value: 379.9925842285156.
LOCAL_RANK: 0 - CUDA_VISIBLE_DEVICES: [0]
[I 2023-12-27 10:53:28,747] Trial 19 finished with value: 963.397705078125 and parameters: {'gradient_clip_val': 0.5266032115039688, 'hidden_size': 71, 'dropout': 0.29845571007137095, 'hidden_continuous_size': 16, 'attention_head_size': 2, 'learning_rate': 0.0020630196251866994}. Best is trial 1 with value: 379.9925842285156.
LOCAL_RANK: 0 - CUDA_VISIBLE_DEVICES: [0]
[I 2023-12-27 10:53:29,247] Trial 20 finished with value: 695.3308715820312 and parameters: {'gradient_clip_val': 0.3386795384133008, 'hidden_size': 107, 'dropout': 0.10073704950394738, 'hidden_continuous_size': 28, 'attention_head_size': 1, 'learning_rate': 0.005182369177272563}. Best is trial 1 with value: 379.9925842285156.
LOCAL_RANK: 0 - CUDA_VISIBLE_DEVICES: [0]
[I 2023-12-27 10:53:29,755] Trial 21 finished with value: 1263.13037109375 and parameters: {'gradient_clip_val': 0.3506191692481049, 'hidden_size': 113, 'dropout': 0.11110610303501706, 'hidden_continuous_size': 32, 'attention_head_size': 1, 'learning_rate': 0.0044226070681741125}. Best is trial 1 with value: 379.9925842285156.
LOCAL_RANK: 0 - CUDA_VISIBLE_DEVICES: [0]
[I 2023-12-27 10:53:30,254] Trial 22 finished with value: 1322.9356689453125 and parameters: {'gradient_clip_val': 0.33119417678508356, 'hidden_size': 103, 'dropout': 0.15554407424921912, 'hidden_continuous_size': 15, 'attention_head_size': 1, 'learning_rate': 0.008575580650593741}. Best is trial 1 with value: 379.9925842285156.
LOCAL_RANK: 0 - CUDA_VISIBLE_DEVICES: [0]
[I 2023-12-27 10:53:30,746] Trial 23 finished with value: 1058.02099609375 and parameters: {'gradient_clip_val': 0.4368408781543861, 'hidden_size': 59, 'dropout': 0.16524030647244375, 'hidden_continuous_size': 10, 'attention_head_size': 1, 'learning_rate': 0.0059615276804023025}. Best is trial 1 with value: 379.9925842285156.
LOCAL_RANK: 0 - CUDA_VISIBLE_DEVICES: [0]
[I 2023-12-27 10:53:31,269] Trial 24 finished with value: 1000.438232421875 and parameters: {'gradient_clip_val': 0.24813483506053627, 'hidden_size': 148, 'dropout': 0.10067060205209072, 'hidden_continuous_size': 25, 'attention_head_size': 2, 'learning_rate': 0.002365286191619265}. Best is trial 1 with value: 379.9925842285156.
LOCAL_RANK: 0 - CUDA_VISIBLE_DEVICES: [0]
[I 2023-12-27 10:53:31,767] Trial 25 finished with value: 781.4765625 and parameters: {'gradient_clip_val': 0.3030116684506372, 'hidden_size': 94, 'dropout': 0.20826692848073833, 'hidden_continuous_size': 13, 'attention_head_size': 1, 'learning_rate': 0.0048641482889381065}. Best is trial 1 with value: 379.9925842285156.
LOCAL_RANK: 0 - CUDA_VISIBLE_DEVICES: [0]
[I 2023-12-27 10:53:32,256] Trial 26 finished with value: 1008.1124877929688 and parameters: {'gradient_clip_val': 0.5827357965846708, 'hidden_size': 62, 'dropout': 0.2382715630681433, 'hidden_continuous_size': 11, 'attention_head_size': 2, 'learning_rate': 0.012868795198495325}. Best is trial 1 with value: 379.9925842285156.
LOCAL_RANK: 0 - CUDA_VISIBLE_DEVICES: [0]
[I 2023-12-27 10:53:32,773] Trial 27 finished with value: 832.2335815429688 and parameters: {'gradient_clip_val': 0.3839671131051862, 'hidden_size': 91, 'dropout': 0.13306338445142987, 'hidden_continuous_size': 19, 'attention_head_size': 4, 'learning_rate': 0.0071997202261902165}. Best is trial 1 with value: 379.9925842285156.
LOCAL_RANK: 0 - CUDA_VISIBLE_DEVICES: [0]
[I 2023-12-27 10:53:33,257] Trial 28 finished with value: 1014.35107421875 and parameters: {'gradient_clip_val': 0.1369282577952556, 'hidden_size': 38, 'dropout': 0.16615066133845818, 'hidden_continuous_size': 14, 'attention_head_size': 1, 'learning_rate': 0.0031169264634651633}. Best is trial 1 with value: 379.9925842285156.
LOCAL_RANK: 0 - CUDA_VISIBLE_DEVICES: [0]
[I 2023-12-27 10:53:34,026] Trial 29 finished with value: 1014.3097534179688 and parameters: {'gradient_clip_val': 0.4989678612086588, 'hidden_size': 26, 'dropout': 0.405229171466539, 'hidden_continuous_size': 10, 'attention_head_size': 3, 'learning_rate': 0.011421165527923204}. Best is trial 1 with value: 379.9925842285156.
LOCAL_RANK: 0 - CUDA_VISIBLE_DEVICES: [0]
[I 2023-12-27 10:53:34,519] Trial 30 finished with value: 899.8820190429688 and parameters: {'gradient_clip_val': 0.3146975905683227, 'hidden_size': 66, 'dropout': 0.20954330623331846, 'hidden_continuous_size': 12, 'attention_head_size': 2, 'learning_rate': 0.008176832218312084}. Best is trial 1 with value: 379.9925842285156.
LOCAL_RANK: 0 - CUDA_VISIBLE_DEVICES: [0]
[I 2023-12-27 10:53:35,006] Trial 31 finished with value: 1075.0770263671875 and parameters: {'gradient_clip_val': 0.2882471710633957, 'hidden_size': 95, 'dropout': 0.21895660034800107, 'hidden_continuous_size': 13, 'attention_head_size': 1, 'learning_rate': 0.004814845866244074}. Best is trial 1 with value: 379.9925842285156.
LOCAL_RANK: 0 - CUDA_VISIBLE_DEVICES: [0]
[I 2023-12-27 10:53:35,510] Trial 32 finished with value: 983.9923706054688 and parameters: {'gradient_clip_val': 0.4035069061243744, 'hidden_size': 123, 'dropout': 0.2601232593227969, 'hidden_continuous_size': 24, 'attention_head_size': 1, 'learning_rate': 0.005177390095299836}. Best is trial 1 with value: 379.9925842285156.
LOCAL_RANK: 0 - CUDA_VISIBLE_DEVICES: [0]
[I 2023-12-27 10:53:35,988] Trial 33 finished with value: 942.31787109375 and parameters: {'gradient_clip_val': 0.629066176183122, 'hidden_size': 91, 'dropout': 0.1794836861095541, 'hidden_continuous_size': 15, 'attention_head_size': 1, 'learning_rate': 0.004083899989797798}. Best is trial 1 with value: 379.9925842285156.
LOCAL_RANK: 0 - CUDA_VISIBLE_DEVICES: [0]
[I 2023-12-27 10:53:36,472] Trial 34 finished with value: 1102.5911865234375 and parameters: {'gradient_clip_val': 0.22008246863362307, 'hidden_size': 121, 'dropout': 0.22233884059067804, 'hidden_continuous_size': 8, 'attention_head_size': 1, 'learning_rate': 0.001638541800030439}. Best is trial 1 with value: 379.9925842285156.
LOCAL_RANK: 0 - CUDA_VISIBLE_DEVICES: [0]
[I 2023-12-27 10:53:36,927] Trial 35 finished with value: 873.0831909179688 and parameters: {'gradient_clip_val': 0.3164129287938211, 'hidden_size': 44, 'dropout': 0.19097929324448218, 'hidden_continuous_size': 13, 'attention_head_size': 1, 'learning_rate': 0.000901062287838437}. Best is trial 1 with value: 379.9925842285156.
LOCAL_RANK: 0 - CUDA_VISIBLE_DEVICES: [0]
[I 2023-12-27 10:53:37,406] Trial 36 finished with value: 1087.1942138671875 and parameters: {'gradient_clip_val': 0.19389422971310333, 'hidden_size': 78, 'dropout': 0.14759102156624276, 'hidden_continuous_size': 11, 'attention_head_size': 2, 'learning_rate': 0.006581563872630866}. Best is trial 1 with value: 379.9925842285156.
LOCAL_RANK: 0 - CUDA_VISIBLE_DEVICES: [0]
[I 2023-12-27 10:53:37,873] Trial 37 finished with value: 985.7510375976562 and parameters: {'gradient_clip_val': 0.16172298781442362, 'hidden_size': 50, 'dropout': 0.3285013418526878, 'hidden_continuous_size': 9, 'attention_head_size': 1, 'learning_rate': 0.0030430769831115523}. Best is trial 1 with value: 379.9925842285156.
LOCAL_RANK: 0 - CUDA_VISIBLE_DEVICES: [0]
[I 2023-12-27 10:53:38,339] Trial 38 finished with value: 1122.9901123046875 and parameters: {'gradient_clip_val': 0.11204355491342421, 'hidden_size': 59, 'dropout': 0.27565868743446137, 'hidden_continuous_size': 14, 'attention_head_size': 4, 'learning_rate': 0.0019057370447114455}. Best is trial 1 with value: 379.9925842285156.
LOCAL_RANK: 0 - CUDA_VISIBLE_DEVICES: [0]
[I 2023-12-27 10:53:38,776] Trial 39 finished with value: 1081.41162109375 and parameters: {'gradient_clip_val': 0.2658157685549138, 'hidden_size': 24, 'dropout': 0.3643238806141935, 'hidden_continuous_size': 12, 'attention_head_size': 2, 'learning_rate': 0.0011766570976487676}. Best is trial 1 with value: 379.9925842285156.
LOCAL_RANK: 0 - CUDA_VISIBLE_DEVICES: [0]
[I 2023-12-27 10:53:39,270] Trial 40 finished with value: 945.568359375 and parameters: {'gradient_clip_val': 0.23001209780364565, 'hidden_size': 126, 'dropout': 0.18507133206001677, 'hidden_continuous_size': 18, 'attention_head_size': 1, 'learning_rate': 0.005617204743255343}. Best is trial 1 with value: 379.9925842285156.
LOCAL_RANK: 0 - CUDA_VISIBLE_DEVICES: [0]
[I 2023-12-27 10:53:39,753] Trial 41 finished with value: 1064.0155029296875 and parameters: {'gradient_clip_val': 0.3889954424723752, 'hidden_size': 92, 'dropout': 0.12898504685592416, 'hidden_continuous_size': 19, 'attention_head_size': 4, 'learning_rate': 0.00824144838199096}. Best is trial 1 with value: 379.9925842285156.
LOCAL_RANK: 0 - CUDA_VISIBLE_DEVICES: [0]
[I 2023-12-27 10:53:40,260] Trial 42 finished with value: 867.4644165039062 and parameters: {'gradient_clip_val': 0.3582014681228381, 'hidden_size': 105, 'dropout': 0.14758138531102238, 'hidden_continuous_size': 28, 'attention_head_size': 4, 'learning_rate': 0.006962371631968759}. Best is trial 1 with value: 379.9925842285156.
LOCAL_RANK: 0 - CUDA_VISIBLE_DEVICES: [0]
[I 2023-12-27 10:53:40,985] Trial 43 finished with value: 910.0665893554688 and parameters: {'gradient_clip_val': 0.4288845657622319, 'hidden_size': 89, 'dropout': 0.11347513002681908, 'hidden_continuous_size': 17, 'attention_head_size': 4, 'learning_rate': 0.010396933240386633}. Best is trial 1 with value: 379.9925842285156.
LOCAL_RANK: 0 - CUDA_VISIBLE_DEVICES: [0]
[I 2023-12-27 10:53:41,454] Trial 44 finished with value: 903.26123046875 and parameters: {'gradient_clip_val': 0.3056806324138769, 'hidden_size': 71, 'dropout': 0.13985533493172086, 'hidden_continuous_size': 20, 'attention_head_size': 3, 'learning_rate': 0.0038168082498633484}. Best is trial 1 with value: 379.9925842285156.
LOCAL_RANK: 0 - CUDA_VISIBLE_DEVICES: [0]
[I 2023-12-27 10:53:41,969] Trial 45 finished with value: 1057.340576171875 and parameters: {'gradient_clip_val': 0.27143732291328443, 'hidden_size': 150, 'dropout': 0.17488624483248838, 'hidden_continuous_size': 34, 'attention_head_size': 4, 'learning_rate': 0.002559464488929263}. Best is trial 1 with value: 379.9925842285156.
LOCAL_RANK: 0 - CUDA_VISIBLE_DEVICES: [0]
[I 2023-12-27 10:53:42,421] Trial 46 finished with value: 754.8742065429688 and parameters: {'gradient_clip_val': 0.21587074669778414, 'hidden_size': 53, 'dropout': 0.1186265125055463, 'hidden_continuous_size': 16, 'attention_head_size': 3, 'learning_rate': 0.0054306369823465955}. Best is trial 1 with value: 379.9925842285156.
LOCAL_RANK: 0 - CUDA_VISIBLE_DEVICES: [0]
[I 2023-12-27 10:53:42,883] Trial 47 finished with value: 1042.618408203125 and parameters: {'gradient_clip_val': 0.2071266417742318, 'hidden_size': 50, 'dropout': 0.10124095401093501, 'hidden_continuous_size': 16, 'attention_head_size': 3, 'learning_rate': 0.005136688072546972}. Best is trial 1 with value: 379.9925842285156.
LOCAL_RANK: 0 - CUDA_VISIBLE_DEVICES: [0]
[I 2023-12-27 10:53:43,359] Trial 48 finished with value: 939.5621948242188 and parameters: {'gradient_clip_val': 0.1629063952333064, 'hidden_size': 79, 'dropout': 0.19833873681433478, 'hidden_continuous_size': 21, 'attention_head_size': 3, 'learning_rate': 0.0033124670049712703}. Best is trial 1 with value: 379.9925842285156.
LOCAL_RANK: 0 - CUDA_VISIBLE_DEVICES: [0]
[I 2023-12-27 10:53:43,854] Trial 49 finished with value: 989.2138671875 and parameters: {'gradient_clip_val': 0.25793862357160596, 'hidden_size': 58, 'dropout': 0.2438115268385914, 'hidden_continuous_size': 9, 'attention_head_size': 2, 'learning_rate': 0.015433794901682465}. Best is trial 1 with value: 379.9925842285156.
[I 2023-12-27 10:53:43,982] A new study created in memory with name: no-name-c4d5c760-1235-4c83-bab0-b7dc0fb5cb2e
/home/le004/conda/anaconda3/envs/tsff_env/lib/python3.9/site-packages/lightning/fabric/plugins/environments/slurm.py:191: The `srun` command is available on your system but is not used. HINT: If your intention is to run Lightning on SLURM, prepend your python command with `srun` like so: srun python /home/le004/master_thesis/git/TSFusionForecast/code/ ...
LOCAL_RANK: 0 - CUDA_VISIBLE_DEVICES: [0]
[I 2023-12-27 10:54:10,605] Trial 0 finished with value: 57.06126022338867 and parameters: {'gradient_clip_val': 0.31200473464131706, 'hidden_size': 5, 'dropout': 0.31421617092605103, 'hidden_continuous_size': 5, 'attention_head_size': 4, 'learning_rate': 0.02816036898781354}. Best is trial 0 with value: 57.06126022338867.
LOCAL_RANK: 0 - CUDA_VISIBLE_DEVICES: [0]
[I 2023-12-27 10:54:25,863] Trial 1 finished with value: 63.096649169921875 and parameters: {'gradient_clip_val': 0.5019492135957612, 'hidden_size': 97, 'dropout': 0.24290723062758374, 'hidden_continuous_size': 9, 'attention_head_size': 3, 'learning_rate': 0.032154764053639213}. Best is trial 0 with value: 57.06126022338867.
LOCAL_RANK: 0 - CUDA_VISIBLE_DEVICES: [0]
[I 2023-12-27 10:54:26,606] Trial 2 finished with value: 216.08831787109375 and parameters: {'gradient_clip_val': 0.5888005294037266, 'hidden_size': 7, 'dropout': 0.2863242127341033, 'hidden_continuous_size': 7, 'attention_head_size': 3, 'learning_rate': 0.002790490824329075}. Best is trial 0 with value: 57.06126022338867.
LOCAL_RANK: 0 - CUDA_VISIBLE_DEVICES: [0]
[I 2023-12-27 10:54:27,079] Trial 3 finished with value: 203.8186492919922 and parameters: {'gradient_clip_val': 0.12843424346908028, 'hidden_size': 92, 'dropout': 0.3391944683633944, 'hidden_continuous_size': 86, 'attention_head_size': 3, 'learning_rate': 0.014821401287004253}. Best is trial 0 with value: 57.06126022338867.
LOCAL_RANK: 0 - CUDA_VISIBLE_DEVICES: [0]
[I 2023-12-27 10:54:27,501] Trial 4 finished with value: 181.2237548828125 and parameters: {'gradient_clip_val': 0.9492129018399396, 'hidden_size': 26, 'dropout': 0.3011995419153347, 'hidden_continuous_size': 8, 'attention_head_size': 3, 'learning_rate': 0.005335272934314139}. Best is trial 0 with value: 57.06126022338867.
LOCAL_RANK: 0 - CUDA_VISIBLE_DEVICES: [0]
[I 2023-12-27 10:54:27,942] Trial 5 finished with value: 211.2333526611328 and parameters: {'gradient_clip_val': 0.1866741942696461, 'hidden_size': 103, 'dropout': 0.46204300557762834, 'hidden_continuous_size': 18, 'attention_head_size': 2, 'learning_rate': 0.0022124823237906757}. Best is trial 0 with value: 57.06126022338867.
LOCAL_RANK: 0 - CUDA_VISIBLE_DEVICES: [0]
[I 2023-12-27 10:54:28,405] Trial 6 finished with value: 242.36944580078125 and parameters: {'gradient_clip_val': 0.8483244550289155, 'hidden_size': 108, 'dropout': 0.3032028549168695, 'hidden_continuous_size': 6, 'attention_head_size': 2, 'learning_rate': 0.0016658084018496568}. Best is trial 0 with value: 57.06126022338867.
LOCAL_RANK: 0 - CUDA_VISIBLE_DEVICES: [0]
[I 2023-12-27 10:54:28,822] Trial 7 finished with value: 215.2250518798828 and parameters: {'gradient_clip_val': 0.10409088200302284, 'hidden_size': 32, 'dropout': 0.2948048834474921, 'hidden_continuous_size': 15, 'attention_head_size': 3, 'learning_rate': 0.0012613724701387985}. Best is trial 0 with value: 57.06126022338867.
LOCAL_RANK: 0 - CUDA_VISIBLE_DEVICES: [0]
[I 2023-12-27 10:54:29,251] Trial 8 finished with value: 219.7801513671875 and parameters: {'gradient_clip_val': 0.1997639027024383, 'hidden_size': 59, 'dropout': 0.2511877420265566, 'hidden_continuous_size': 17, 'attention_head_size': 2, 'learning_rate': 0.005745877450448184}. Best is trial 0 with value: 57.06126022338867.
LOCAL_RANK: 0 - CUDA_VISIBLE_DEVICES: [0]
[I 2023-12-27 10:54:29,715] Trial 9 finished with value: 200.8209991455078 and parameters: {'gradient_clip_val': 0.35650106228217715, 'hidden_size': 84, 'dropout': 0.4885440410673637, 'hidden_continuous_size': 32, 'attention_head_size': 4, 'learning_rate': 0.0007235907078612646}. Best is trial 0 with value: 57.06126022338867.
LOCAL_RANK: 0 - CUDA_VISIBLE_DEVICES: [0]
[I 2023-12-27 10:54:30,110] Trial 10 finished with value: 202.9806365966797 and parameters: {'gradient_clip_val': 0.2991843283554533, 'hidden_size': 5, 'dropout': 0.15093031443185967, 'hidden_continuous_size': 5, 'attention_head_size': 1, 'learning_rate': 0.09391252566411218}. Best is trial 0 with value: 57.06126022338867.
LOCAL_RANK: 0 - CUDA_VISIBLE_DEVICES: [0]
[I 2023-12-27 10:54:30,596] Trial 11 finished with value: 186.5509033203125 and parameters: {'gradient_clip_val': 0.43951124131002195, 'hidden_size': 12, 'dropout': 0.20565584418097826, 'hidden_continuous_size': 5, 'attention_head_size': 4, 'learning_rate': 0.028028470074704367}. Best is trial 0 with value: 57.06126022338867.
LOCAL_RANK: 0 - CUDA_VISIBLE_DEVICES: [0]
[I 2023-12-27 10:54:31,090] Trial 12 finished with value: 190.3479766845703 and parameters: {'gradient_clip_val': 0.5312338532508964, 'hidden_size': 13, 'dropout': 0.3641589747159819, 'hidden_continuous_size': 5, 'attention_head_size': 4, 'learning_rate': 0.034592276916619515}. Best is trial 0 with value: 57.06126022338867.
LOCAL_RANK: 0 - CUDA_VISIBLE_DEVICES: [0]
[I 2023-12-27 10:54:31,583] Trial 13 finished with value: 203.51243591308594 and parameters: {'gradient_clip_val': 0.28883010956328486, 'hidden_size': 42, 'dropout': 0.19302586911709346, 'hidden_continuous_size': 9, 'attention_head_size': 4, 'learning_rate': 0.017249105347211496}. Best is trial 0 with value: 57.06126022338867.
LOCAL_RANK: 0 - CUDA_VISIBLE_DEVICES: [0]
[I 2023-12-27 10:54:32,088] Trial 14 finished with value: 257.1333312988281 and parameters: {'gradient_clip_val': 0.5931867762701498, 'hidden_size': 145, 'dropout': 0.10139926284197578, 'hidden_continuous_size': 10, 'attention_head_size': 4, 'learning_rate': 0.06493204249469439}. Best is trial 0 with value: 57.06126022338867.
LOCAL_RANK: 0 - CUDA_VISIBLE_DEVICES: [0]
