[I 2023-12-27 11:22:01,615] Trial 7 finished with value: 1636.7442626953125 and parameters: {'gradient_clip_val': 0.3712510678978288, 'hidden_size': 10, 'dropout': 0.4960566211225905, 'hidden_continuous_size': 6, 'attention_head_size': 3, 'learning_rate': 0.0022421116264959963}. Best is trial 1 with value: 282.8690185546875.
[I 2023-12-27 11:22:02,122] Trial 8 finished with value: 1806.791015625 and parameters: {'gradient_clip_val': 0.10870882643860819, 'hidden_size': 138, 'dropout': 0.3272572096447881, 'hidden_continuous_size': 28, 'attention_head_size': 2, 'learning_rate': 0.016364578369737974}. Best is trial 1 with value: 282.8690185546875.
[I 2023-12-27 11:22:02,743] Trial 9 finished with value: 1142.7479248046875 and parameters: {'gradient_clip_val': 0.8754702103453823, 'hidden_size': 80, 'dropout': 0.4158893757135135, 'hidden_continuous_size': 34, 'attention_head_size': 3, 'learning_rate': 0.016829203270166803}. Best is trial 1 with value: 282.8690185546875.
[I 2023-12-27 11:22:03,079] Trial 10 finished with value: 1320.7587890625 and parameters: {'gradient_clip_val': 0.34504124337150793, 'hidden_size': 6, 'dropout': 0.2152517241452559, 'hidden_continuous_size': 5, 'attention_head_size': 1, 'learning_rate': 0.06522709304660959}. Best is trial 1 with value: 282.8690185546875.
[I 2023-12-27 11:22:03,438] Trial 11 finished with value: 1325.0609130859375 and parameters: {'gradient_clip_val': 0.9528817945703552, 'hidden_size': 13, 'dropout': 0.3740393016983703, 'hidden_continuous_size': 9, 'attention_head_size': 4, 'learning_rate': 0.09751412454240808}. Best is trial 1 with value: 282.8690185546875.
[I 2023-12-27 11:22:03,751] Trial 12 finished with value: 1194.1961669921875 and parameters: {'gradient_clip_val': 0.603002283360497, 'hidden_size': 5, 'dropout': 0.23828121860793627, 'hidden_continuous_size': 5, 'attention_head_size': 2, 'learning_rate': 0.003516497039276663}. Best is trial 1 with value: 282.8690185546875.
[I 2023-12-27 11:22:04,100] Trial 13 finished with value: 1118.2772216796875 and parameters: {'gradient_clip_val': 0.6770991048144183, 'hidden_size': 20, 'dropout': 0.38080789701168855, 'hidden_continuous_size': 11, 'attention_head_size': 1, 'learning_rate': 0.04240225906290683}. Best is trial 1 with value: 282.8690185546875.
[I 2023-12-27 11:22:04,496] Trial 14 finished with value: 1282.6075439453125 and parameters: {'gradient_clip_val': 0.422954705867763, 'hidden_size': 52, 'dropout': 0.4967852468292076, 'hidden_continuous_size': 13, 'attention_head_size': 2, 'learning_rate': 0.005178311029422713}. Best is trial 1 with value: 282.8690185546875.
[I 2023-12-27 11:22:04,847] Trial 15 finished with value: 1434.59130859375 and parameters: {'gradient_clip_val': 0.7194984580233303, 'hidden_size': 9, 'dropout': 0.2695792350955275, 'hidden_continuous_size': 7, 'attention_head_size': 4, 'learning_rate': 0.03632157271601496}. Best is trial 1 with value: 282.8690185546875.
[I 2023-12-27 11:22:05,205] Trial 16 finished with value: 1566.56884765625 and parameters: {'gradient_clip_val': 0.48136947564285637, 'hidden_size': 23, 'dropout': 0.14351333681365624, 'hidden_continuous_size': 10, 'attention_head_size': 1, 'learning_rate': 0.0011206849533526731}. Best is trial 1 with value: 282.8690185546875.
[I 2023-12-27 11:22:05,577] Trial 17 finished with value: 1389.27099609375 and parameters: {'gradient_clip_val': 0.7400245970571419, 'hidden_size': 15, 'dropout': 0.16969254114932797, 'hidden_continuous_size': 8, 'attention_head_size': 2, 'learning_rate': 0.004214510951543931}. Best is trial 1 with value: 282.8690185546875.
[I 2023-12-27 11:22:05,975] Trial 18 finished with value: 1285.6463623046875 and parameters: {'gradient_clip_val': 0.5558953831051148, 'hidden_size': 27, 'dropout': 0.2729201299874129, 'hidden_continuous_size': 13, 'attention_head_size': 3, 'learning_rate': 0.0005479665424097623}. Best is trial 1 with value: 282.8690185546875.
[I 2023-12-27 11:22:06,428] Trial 19 finished with value: 1441.177734375 and parameters: {'gradient_clip_val': 0.2763698799949719, 'hidden_size': 59, 'dropout': 0.11002441934926044, 'hidden_continuous_size': 57, 'attention_head_size': 4, 'learning_rate': 0.0024960081468114793}. Best is trial 1 with value: 282.8690185546875.
[I 2023-12-27 11:22:06,769] Trial 20 finished with value: 1699.8310546875 and parameters: {'gradient_clip_val': 0.4372784660330989, 'hidden_size': 7, 'dropout': 0.33925829409594505, 'hidden_continuous_size': 5, 'attention_head_size': 1, 'learning_rate': 0.006447756710265636}. Best is trial 1 with value: 282.8690185546875.
[I 2023-12-27 11:22:07,116] Trial 21 finished with value: 1142.814697265625 and parameters: {'gradient_clip_val': 0.690443824973462, 'hidden_size': 18, 'dropout': 0.37627988281390745, 'hidden_continuous_size': 10, 'attention_head_size': 1, 'learning_rate': 0.045771330734644976}. Best is trial 1 with value: 282.8690185546875.
[I 2023-12-27 11:22:07,680] Trial 22 finished with value: 1544.3741455078125 and parameters: {'gradient_clip_val': 0.8755477913457949, 'hidden_size': 11, 'dropout': 0.4159030173496129, 'hidden_continuous_size': 7, 'attention_head_size': 1, 'learning_rate': 0.03155981526425181}. Best is trial 1 with value: 282.8690185546875.
[I 2023-12-27 11:22:08,044] Trial 23 finished with value: 1427.3037109375 and parameters: {'gradient_clip_val': 0.6159923916156559, 'hidden_size': 22, 'dropout': 0.365723358041572, 'hidden_continuous_size': 11, 'attention_head_size': 2, 'learning_rate': 0.09573318520612561}. Best is trial 1 with value: 282.8690185546875.
[I 2023-12-27 11:22:08,397] Trial 24 finished with value: 1325.1976318359375 and parameters: {'gradient_clip_val': 0.775072731936437, 'hidden_size': 13, 'dropout': 0.4440127075310329, 'hidden_continuous_size': 8, 'attention_head_size': 1, 'learning_rate': 0.02998109339546778}. Best is trial 1 with value: 282.8690185546875.
[I 2023-12-27 11:22:08,783] Trial 25 finished with value: 1588.30126953125 and parameters: {'gradient_clip_val': 0.6208708894896608, 'hidden_size': 35, 'dropout': 0.3862700714368362, 'hidden_continuous_size': 14, 'attention_head_size': 2, 'learning_rate': 0.05909539081097932}. Best is trial 1 with value: 282.8690185546875.
[I 2023-12-27 11:22:09,135] Trial 26 finished with value: 1090.0709228515625 and parameters: {'gradient_clip_val': 0.9989580278796019, 'hidden_size': 8, 'dropout': 0.46649412713806804, 'hidden_continuous_size': 6, 'attention_head_size': 3, 'learning_rate': 0.022899514102206784}. Best is trial 1 with value: 282.8690185546875.
[I 2023-12-27 11:22:09,480] Trial 27 finished with value: 1708.06640625 and parameters: {'gradient_clip_val': 0.9893518248805869, 'hidden_size': 8, 'dropout': 0.456222282725989, 'hidden_continuous_size': 6, 'attention_head_size': 3, 'learning_rate': 0.02241791345225951}. Best is trial 1 with value: 282.8690185546875.
[I 2023-12-27 11:22:09,797] Trial 28 finished with value: 1153.7845458984375 and parameters: {'gradient_clip_val': 0.8782435979800277, 'hidden_size': 5, 'dropout': 0.49998126427096745, 'hidden_continuous_size': 5, 'attention_head_size': 3, 'learning_rate': 0.008843494627560625}. Best is trial 1 with value: 282.8690185546875.
[I 2023-12-27 11:22:10,149] Trial 29 finished with value: 1520.3701171875 and parameters: {'gradient_clip_val': 0.5128228637899264, 'hidden_size': 8, 'dropout': 0.47202331462851, 'hidden_continuous_size': 6, 'attention_head_size': 3, 'learning_rate': 0.022574765681159258}. Best is trial 1 with value: 282.8690185546875.
[I 2023-12-27 11:22:10,513] Trial 30 finished with value: 1259.3468017578125 and parameters: {'gradient_clip_val': 0.7997829809821538, 'hidden_size': 7, 'dropout': 0.4152754119597842, 'hidden_continuous_size': 5, 'attention_head_size': 3, 'learning_rate': 0.01224764779638964}. Best is trial 1 with value: 282.8690185546875.
[I 2023-12-27 11:22:10,898] Trial 31 finished with value: 855.05712890625 and parameters: {'gradient_clip_val': 0.6702232083634062, 'hidden_size': 17, 'dropout': 0.47268144584756033, 'hidden_continuous_size': 11, 'attention_head_size': 1, 'learning_rate': 0.04744383983920809}. Best is trial 1 with value: 282.8690185546875.
[I 2023-12-27 11:22:11,277] Trial 32 finished with value: 1348.1707763671875 and parameters: {'gradient_clip_val': 0.7980588852303471, 'hidden_size': 11, 'dropout': 0.4737810728458553, 'hidden_continuous_size': 8, 'attention_head_size': 2, 'learning_rate': 0.06499776536941683}. Best is trial 1 with value: 282.8690185546875.
[I 2023-12-27 11:22:11,666] Trial 33 finished with value: 1532.4661865234375 and parameters: {'gradient_clip_val': 0.9614733466497859, 'hidden_size': 15, 'dropout': 0.42894925887246194, 'hidden_continuous_size': 9, 'attention_head_size': 4, 'learning_rate': 0.026183945577266724}. Best is trial 1 with value: 282.8690185546875.
[I 2023-12-27 11:22:12,063] Trial 34 finished with value: 1421.72021484375 and parameters: {'gradient_clip_val': 0.57740795784297, 'hidden_size': 29, 'dropout': 0.4486424696601248, 'hidden_continuous_size': 16, 'attention_head_size': 3, 'learning_rate': 0.04185566127922728}. Best is trial 1 with value: 282.8690185546875.
[I 2023-12-27 11:22:12,647] Trial 35 finished with value: 1282.55419921875 and parameters: {'gradient_clip_val': 0.5062206371236615, 'hidden_size': 16, 'dropout': 0.4663078473985339, 'hidden_continuous_size': 7, 'attention_head_size': 1, 'learning_rate': 0.011556318657792657}. Best is trial 1 with value: 282.8690185546875.
[I 2023-12-27 11:22:13,025] Trial 36 finished with value: 1327.9581298828125 and parameters: {'gradient_clip_val': 0.6632060020981223, 'hidden_size': 12, 'dropout': 0.4797091772857582, 'hidden_continuous_size': 9, 'attention_head_size': 3, 'learning_rate': 0.007297438052137096}. Best is trial 1 with value: 282.8690185546875.
[I 2023-12-27 11:22:13,389] Trial 37 finished with value: 1246.681640625 and parameters: {'gradient_clip_val': 0.4180753770204281, 'hidden_size': 10, 'dropout': 0.43802445133528867, 'hidden_continuous_size': 6, 'attention_head_size': 2, 'learning_rate': 0.020363370721815717}. Best is trial 1 with value: 282.8690185546875.
[I 2023-12-27 11:22:13,759] Trial 38 finished with value: 1320.7318115234375 and parameters: {'gradient_clip_val': 0.553660227159505, 'hidden_size': 19, 'dropout': 0.40698049049800356, 'hidden_continuous_size': 12, 'attention_head_size': 3, 'learning_rate': 0.030052682150835255}. Best is trial 1 with value: 282.8690185546875.
[I 2023-12-27 11:22:14,155] Trial 39 finished with value: 1494.8529052734375 and parameters: {'gradient_clip_val': 0.37257639178452995, 'hidden_size': 33, 'dropout': 0.4532919372458488, 'hidden_continuous_size': 20, 'attention_head_size': 1, 'learning_rate': 0.014492390351288922}. Best is trial 1 with value: 282.8690185546875.
[I 2023-12-27 11:22:14,540] Trial 40 finished with value: 1497.8829345703125 and parameters: {'gradient_clip_val': 0.8075911717714634, 'hidden_size': 24, 'dropout': 0.4870525047681145, 'hidden_continuous_size': 16, 'attention_head_size': 4, 'learning_rate': 0.05018186788080966}. Best is trial 1 with value: 282.8690185546875.
[I 2023-12-27 11:22:14,936] Trial 41 finished with value: 1692.7630615234375 and parameters: {'gradient_clip_val': 0.6894332853436558, 'hidden_size': 41, 'dropout': 0.4357049328917797, 'hidden_continuous_size': 11, 'attention_head_size': 1, 'learning_rate': 0.04492415914347665}. Best is trial 1 with value: 282.8690185546875.
[I 2023-12-27 11:22:15,314] Trial 42 finished with value: 1379.3419189453125 and parameters: {'gradient_clip_val': 0.6573734568217059, 'hidden_size': 15, 'dropout': 0.46506288806932233, 'hidden_continuous_size': 10, 'attention_head_size': 1, 'learning_rate': 0.07757076518792916}. Best is trial 1 with value: 282.8690185546875.
[I 2023-12-27 11:22:15,672] Trial 43 finished with value: 1158.7822265625 and parameters: {'gradient_clip_val': 0.6203069783747354, 'hidden_size': 18, 'dropout': 0.3944468562543251, 'hidden_continuous_size': 11, 'attention_head_size': 1, 'learning_rate': 0.05694587980505815}. Best is trial 1 with value: 282.8690185546875.
[I 2023-12-27 11:22:16,031] Trial 44 finished with value: 1075.25390625 and parameters: {'gradient_clip_val': 0.7311116239595782, 'hidden_size': 20, 'dropout': 0.34673523283627283, 'hidden_continuous_size': 12, 'attention_head_size': 1, 'learning_rate': 0.03488862814375272}. Best is trial 1 with value: 282.8690185546875.
[I 2023-12-27 11:22:16,385] Trial 45 finished with value: 1390.9912109375 and parameters: {'gradient_clip_val': 0.9001431802171805, 'hidden_size': 13, 'dropout': 0.34838984510516535, 'hidden_continuous_size': 9, 'attention_head_size': 2, 'learning_rate': 0.034154000412256066}. Best is trial 1 with value: 282.8690185546875.
[I 2023-12-27 11:22:16,754] Trial 46 finished with value: 1373.8272705078125 and parameters: {'gradient_clip_val': 0.9858457874868315, 'hidden_size': 26, 'dropout': 0.3068764311440774, 'hidden_continuous_size': 18, 'attention_head_size': 1, 'learning_rate': 0.018428776874043474}. Best is trial 1 with value: 282.8690185546875.
[I 2023-12-27 11:22:17,107] Trial 47 finished with value: 1137.307861328125 and parameters: {'gradient_clip_val': 0.754454468225026, 'hidden_size': 9, 'dropout': 0.479802580191065, 'hidden_continuous_size': 8, 'attention_head_size': 3, 'learning_rate': 0.08097908352680104}. Best is trial 1 with value: 282.8690185546875.
[I 2023-12-27 11:22:17,467] Trial 48 finished with value: 1467.91650390625 and parameters: {'gradient_clip_val': 0.849559597237661, 'hidden_size': 20, 'dropout': 0.49857621665162555, 'hidden_continuous_size': 14, 'attention_head_size': 2, 'learning_rate': 0.03674210679437968}. Best is trial 1 with value: 282.8690185546875.
[I 2023-12-27 11:22:18,183] Trial 49 finished with value: 1130.4959716796875 and parameters: {'gradient_clip_val': 0.7211390176829906, 'hidden_size': 101, 'dropout': 0.39669545648608423, 'hidden_continuous_size': 23, 'attention_head_size': 1, 'learning_rate': 0.025761082962860764}. Best is trial 1 with value: 282.8690185546875.
[I 2023-12-27 11:22:18,289] A new study created in memory with name: no-name-fd0631cd-5ed9-42ba-aa48-93b02c0c7c0d
/home/le004/conda/anaconda3/envs/tsff_env/lib/python3.9/site-packages/lightning/fabric/plugins/environments/slurm.py:191: The `srun` command is available on your system but is not used. HINT: If your intention is to run Lightning on SLURM, prepend your python command with `srun` like so: srun python /home/le004/master_thesis/git/TSFusionForecast/code/ ...
[I 2023-12-27 11:22:43,756] Trial 0 finished with value: 224.62644958496094 and parameters: {'gradient_clip_val': 0.2958160884675071, 'hidden_size': 20, 'dropout': 0.12326642028429124, 'hidden_continuous_size': 11, 'attention_head_size': 3, 'learning_rate': 0.023017139569252044}. Best is trial 0 with value: 224.62644958496094.
[I 2023-12-27 11:22:44,189] Trial 1 finished with value: 801.9028930664062 and parameters: {'gradient_clip_val': 0.32722139590745625, 'hidden_size': 73, 'dropout': 0.3924681873141693, 'hidden_continuous_size': 9, 'attention_head_size': 4, 'learning_rate': 0.0008856028940898878}. Best is trial 0 with value: 224.62644958496094.
[I 2023-12-27 11:22:44,729] Trial 2 finished with value: 797.42333984375 and parameters: {'gradient_clip_val': 0.22182956894171565, 'hidden_size': 139, 'dropout': 0.10316747541331833, 'hidden_continuous_size': 54, 'attention_head_size': 1, 'learning_rate': 0.013591397170090037}. Best is trial 0 with value: 224.62644958496094.
[I 2023-12-27 11:22:45,129] Trial 3 finished with value: 625.0474243164062 and parameters: {'gradient_clip_val': 0.12068082425666964, 'hidden_size': 65, 'dropout': 0.1396553776648676, 'hidden_continuous_size': 20, 'attention_head_size': 4, 'learning_rate': 0.000947358273376555}. Best is trial 0 with value: 224.62644958496094.
[I 2023-12-27 11:22:45,515] Trial 4 finished with value: 623.6373291015625 and parameters: {'gradient_clip_val': 0.32457375706069996, 'hidden_size': 30, 'dropout': 0.2658084844860428, 'hidden_continuous_size': 18, 'attention_head_size': 1, 'learning_rate': 0.0008882333737761469}. Best is trial 0 with value: 224.62644958496094.
[I 2023-12-27 11:22:45,854] Trial 5 finished with value: 683.2539672851562 and parameters: {'gradient_clip_val': 0.11700362804727006, 'hidden_size': 7, 'dropout': 0.4770200757141919, 'hidden_continuous_size': 7, 'attention_head_size': 3, 'learning_rate': 0.0005643034111198822}. Best is trial 0 with value: 224.62644958496094.
[I 2023-12-27 11:22:46,232] Trial 6 finished with value: 1191.0592041015625 and parameters: {'gradient_clip_val': 0.15227106205028185, 'hidden_size': 37, 'dropout': 0.24953567692524145, 'hidden_continuous_size': 14, 'attention_head_size': 2, 'learning_rate': 0.08227589150796676}. Best is trial 0 with value: 224.62644958496094.
[I 2023-12-27 11:22:46,628] Trial 7 finished with value: 973.3255004882812 and parameters: {'gradient_clip_val': 0.40692113871507424, 'hidden_size': 50, 'dropout': 0.19340476426944164, 'hidden_continuous_size': 6, 'attention_head_size': 2, 'learning_rate': 0.001112647332366647}. Best is trial 0 with value: 224.62644958496094.
[I 2023-12-27 11:22:46,983] Trial 8 finished with value: 856.565185546875 and parameters: {'gradient_clip_val': 0.6630727111547345, 'hidden_size': 15, 'dropout': 0.16846470668053765, 'hidden_continuous_size': 5, 'attention_head_size': 3, 'learning_rate': 0.005775887300371071}. Best is trial 0 with value: 224.62644958496094.
[I 2023-12-27 11:22:47,373] Trial 9 finished with value: 719.8303833007812 and parameters: {'gradient_clip_val': 0.11330758237791484, 'hidden_size': 37, 'dropout': 0.24061854229329505, 'hidden_continuous_size': 12, 'attention_head_size': 2, 'learning_rate': 0.010572892638416622}. Best is trial 0 with value: 224.62644958496094.
[I 2023-12-27 11:22:47,970] Trial 10 finished with value: 997.289794921875 and parameters: {'gradient_clip_val': 0.8632291594897574, 'hidden_size': 18, 'dropout': 0.325262296806879, 'hidden_continuous_size': 8, 'attention_head_size': 3, 'learning_rate': 0.07790772427739931}. Best is trial 0 with value: 224.62644958496094.
[I 2023-12-27 11:22:48,328] Trial 11 finished with value: 630.866455078125 and parameters: {'gradient_clip_val': 0.24567451823542633, 'hidden_size': 20, 'dropout': 0.10721975229912288, 'hidden_continuous_size': 11, 'attention_head_size': 1, 'learning_rate': 0.0025726847255706014}. Best is trial 0 with value: 224.62644958496094.
[I 2023-12-27 11:22:48,682] Trial 12 finished with value: 737.895751953125 and parameters: {'gradient_clip_val': 0.4456055454035108, 'hidden_size': 10, 'dropout': 0.2075162748507565, 'hidden_continuous_size': 5, 'attention_head_size': 1, 'learning_rate': 0.025424115310531546}. Best is trial 0 with value: 224.62644958496094.
[I 2023-12-27 11:22:48,996] Trial 13 finished with value: 990.6228637695312 and parameters: {'gradient_clip_val': 0.2146824888192271, 'hidden_size': 5, 'dropout': 0.2919389893774853, 'hidden_continuous_size': 5, 'attention_head_size': 3, 'learning_rate': 0.003270953715130711}. Best is trial 0 with value: 224.62644958496094.
[I 2023-12-27 11:22:49,372] Trial 14 finished with value: 894.5320434570312 and parameters: {'gradient_clip_val': 0.4885045337468852, 'hidden_size': 26, 'dropout': 0.15730378244715298, 'hidden_continuous_size': 16, 'attention_head_size': 2, 'learning_rate': 0.02503735230263868}. Best is trial 0 with value: 224.62644958496094.
[I 2023-12-27 11:22:49,729] Trial 15 finished with value: 857.444091796875 and parameters: {'gradient_clip_val': 0.3029336891606226, 'hidden_size': 11, 'dropout': 0.21639721476328294, 'hidden_continuous_size': 9, 'attention_head_size': 4, 'learning_rate': 0.0020147427811362043}. Best is trial 0 with value: 224.62644958496094.
[I 2023-12-27 11:22:50,096] Trial 16 finished with value: 737.1439819335938 and parameters: {'gradient_clip_val': 0.30270428833484303, 'hidden_size': 26, 'dropout': 0.2803563796176262, 'hidden_continuous_size': 18, 'attention_head_size': 1, 'learning_rate': 0.00552008601330924}. Best is trial 0 with value: 224.62644958496094.
[I 2023-12-27 11:22:50,466] Trial 17 finished with value: 681.2455444335938 and parameters: {'gradient_clip_val': 0.18029294619721228, 'hidden_size': 15, 'dropout': 0.3429914079080901, 'hidden_continuous_size': 11, 'attention_head_size': 2, 'learning_rate': 0.0005055259073262339}. Best is trial 0 with value: 224.62644958496094.
[I 2023-12-27 11:22:50,840] Trial 18 finished with value: 674.1361083984375 and parameters: {'gradient_clip_val': 0.5353852196855102, 'hidden_size': 33, 'dropout': 0.15765840535030165, 'hidden_continuous_size': 22, 'attention_head_size': 3, 'learning_rate': 0.001593480674827062}. Best is trial 0 with value: 224.62644958496094.
[I 2023-12-27 11:22:51,212] Trial 19 finished with value: 634.6564331054688 and parameters: {'gradient_clip_val': 0.3603463472426109, 'hidden_size': 22, 'dropout': 0.23195426134408942, 'hidden_continuous_size': 13, 'attention_head_size': 4, 'learning_rate': 0.0036039070323314335}. Best is trial 0 with value: 224.62644958496094.
[I 2023-12-27 11:22:51,563] Trial 20 finished with value: 781.8677368164062 and parameters: {'gradient_clip_val': 0.2543796221796282, 'hidden_size': 12, 'dropout': 0.18197594195612826, 'hidden_continuous_size': 10, 'attention_head_size': 1, 'learning_rate': 0.0014431510145675645}. Best is trial 0 with value: 224.62644958496094.
[I 2023-12-27 11:22:52,030] Trial 21 finished with value: 910.252197265625 and parameters: {'gradient_clip_val': 0.14917101250811532, 'hidden_size': 79, 'dropout': 0.14053516298127552, 'hidden_continuous_size': 22, 'attention_head_size': 4, 'learning_rate': 0.0008545377578703353}. Best is trial 0 with value: 224.62644958496094.
