[I 2023-12-27 11:11:15,759] Trial 32 finished with value: 56.3371467590332 and parameters: {'gradient_clip_val': 0.12415238162393176, 'hidden_size': 9, 'dropout': 0.2478447847147378, 'hidden_continuous_size': 7, 'attention_head_size': 1, 'learning_rate': 0.0016700754750374723}. Best is trial 0 with value: 5.288651943206787.
LOCAL_RANK: 0 - CUDA_VISIBLE_DEVICES: [0]
[I 2023-12-27 11:11:16,196] Trial 33 finished with value: 65.38961791992188 and parameters: {'gradient_clip_val': 0.22178476450351173, 'hidden_size': 11, 'dropout': 0.2849481440837367, 'hidden_continuous_size': 8, 'attention_head_size': 1, 'learning_rate': 0.0037844892467490936}. Best is trial 0 with value: 5.288651943206787.
LOCAL_RANK: 0 - CUDA_VISIBLE_DEVICES: [0]
[I 2023-12-27 11:11:16,948] Trial 34 finished with value: 64.58489227294922 and parameters: {'gradient_clip_val': 0.14590004893015524, 'hidden_size': 15, 'dropout': 0.33008434460354996, 'hidden_continuous_size': 7, 'attention_head_size': 4, 'learning_rate': 0.007626226096189412}. Best is trial 0 with value: 5.288651943206787.
LOCAL_RANK: 0 - CUDA_VISIBLE_DEVICES: [0]
[I 2023-12-27 11:11:17,394] Trial 35 finished with value: 56.088138580322266 and parameters: {'gradient_clip_val': 0.2102987583565153, 'hidden_size': 19, 'dropout': 0.30102904381992984, 'hidden_continuous_size': 10, 'attention_head_size': 1, 'learning_rate': 0.04490510589674723}. Best is trial 0 with value: 5.288651943206787.
LOCAL_RANK: 0 - CUDA_VISIBLE_DEVICES: [0]
[I 2023-12-27 11:11:17,878] Trial 36 finished with value: 89.35323333740234 and parameters: {'gradient_clip_val': 0.135231241478462, 'hidden_size': 27, 'dropout': 0.27839594287478536, 'hidden_continuous_size': 13, 'attention_head_size': 2, 'learning_rate': 0.002523601011296537}. Best is trial 0 with value: 5.288651943206787.
LOCAL_RANK: 0 - CUDA_VISIBLE_DEVICES: [0]
[I 2023-12-27 11:11:18,322] Trial 37 finished with value: 67.58450317382812 and parameters: {'gradient_clip_val': 0.16706104474729214, 'hidden_size': 7, 'dropout': 0.35611922203102025, 'hidden_continuous_size': 5, 'attention_head_size': 3, 'learning_rate': 0.001776219677990952}. Best is trial 0 with value: 5.288651943206787.
LOCAL_RANK: 0 - CUDA_VISIBLE_DEVICES: [0]
[I 2023-12-27 11:11:18,755] Trial 38 finished with value: 53.63832092285156 and parameters: {'gradient_clip_val': 0.19354927497043695, 'hidden_size': 13, 'dropout': 0.23281474285010978, 'hidden_continuous_size': 6, 'attention_head_size': 2, 'learning_rate': 0.03709916676907632}. Best is trial 0 with value: 5.288651943206787.
LOCAL_RANK: 0 - CUDA_VISIBLE_DEVICES: [0]
[I 2023-12-27 11:11:19,208] Trial 39 finished with value: 62.62039566040039 and parameters: {'gradient_clip_val': 0.11299420948898334, 'hidden_size': 21, 'dropout': 0.2979373840658205, 'hidden_continuous_size': 11, 'attention_head_size': 1, 'learning_rate': 0.0005196202468223762}. Best is trial 0 with value: 5.288651943206787.
LOCAL_RANK: 0 - CUDA_VISIBLE_DEVICES: [0]
[I 2023-12-27 11:11:19,721] Trial 40 finished with value: 68.89447021484375 and parameters: {'gradient_clip_val': 0.13914215995217602, 'hidden_size': 148, 'dropout': 0.3674687260214865, 'hidden_continuous_size': 16, 'attention_head_size': 4, 'learning_rate': 0.00397887808006205}. Best is trial 0 with value: 5.288651943206787.
LOCAL_RANK: 0 - CUDA_VISIBLE_DEVICES: [0]
[I 2023-12-27 11:11:20,129] Trial 41 finished with value: 57.49560546875 and parameters: {'gradient_clip_val': 0.11323612194896385, 'hidden_size': 5, 'dropout': 0.33358674460061494, 'hidden_continuous_size': 5, 'attention_head_size': 2, 'learning_rate': 0.006042746211498257}. Best is trial 0 with value: 5.288651943206787.
LOCAL_RANK: 0 - CUDA_VISIBLE_DEVICES: [0]
[I 2023-12-27 11:11:20,568] Trial 42 finished with value: 48.4872932434082 and parameters: {'gradient_clip_val': 0.16950689225637108, 'hidden_size': 10, 'dropout': 0.27312407016651263, 'hidden_continuous_size': 6, 'attention_head_size': 2, 'learning_rate': 0.06830577493223929}. Best is trial 0 with value: 5.288651943206787.
LOCAL_RANK: 0 - CUDA_VISIBLE_DEVICES: [0]
[I 2023-12-27 11:11:20,999] Trial 43 finished with value: 57.86808776855469 and parameters: {'gradient_clip_val': 0.49966643795827975, 'hidden_size': 8, 'dropout': 0.31351322321481356, 'hidden_continuous_size': 6, 'attention_head_size': 3, 'learning_rate': 0.013409358514132177}. Best is trial 0 with value: 5.288651943206787.
LOCAL_RANK: 0 - CUDA_VISIBLE_DEVICES: [0]
[I 2023-12-27 11:11:21,441] Trial 44 finished with value: 69.58065795898438 and parameters: {'gradient_clip_val': 0.22520414341557005, 'hidden_size': 16, 'dropout': 0.2953397550637457, 'hidden_continuous_size': 8, 'attention_head_size': 2, 'learning_rate': 0.008515310874260332}. Best is trial 0 with value: 5.288651943206787.
LOCAL_RANK: 0 - CUDA_VISIBLE_DEVICES: [0]
[I 2023-12-27 11:11:21,875] Trial 45 finished with value: 63.11106491088867 and parameters: {'gradient_clip_val': 0.33906845034485783, 'hidden_size': 6, 'dropout': 0.1818534442535901, 'hidden_continuous_size': 5, 'attention_head_size': 1, 'learning_rate': 0.029540491291268747}. Best is trial 0 with value: 5.288651943206787.
LOCAL_RANK: 0 - CUDA_VISIBLE_DEVICES: [0]
[I 2023-12-27 11:11:22,352] Trial 46 finished with value: 52.63593673706055 and parameters: {'gradient_clip_val': 0.28010327403634333, 'hidden_size': 32, 'dropout': 0.3585878675409792, 'hidden_continuous_size': 29, 'attention_head_size': 3, 'learning_rate': 0.006425774980821366}. Best is trial 0 with value: 5.288651943206787.
LOCAL_RANK: 0 - CUDA_VISIBLE_DEVICES: [0]
[I 2023-12-27 11:11:23,126] Trial 47 finished with value: 72.40135192871094 and parameters: {'gradient_clip_val': 0.2430253173345501, 'hidden_size': 49, 'dropout': 0.34085956091670727, 'hidden_continuous_size': 48, 'attention_head_size': 2, 'learning_rate': 0.002288375176125584}. Best is trial 0 with value: 5.288651943206787.
LOCAL_RANK: 0 - CUDA_VISIBLE_DEVICES: [0]
[I 2023-12-27 11:11:23,644] Trial 48 finished with value: 68.04061126708984 and parameters: {'gradient_clip_val': 0.10187946170196828, 'hidden_size': 83, 'dropout': 0.24813350031876188, 'hidden_continuous_size': 41, 'attention_head_size': 1, 'learning_rate': 0.012336132349263963}. Best is trial 0 with value: 5.288651943206787.
LOCAL_RANK: 0 - CUDA_VISIBLE_DEVICES: [0]
[I 2023-12-27 11:11:24,107] Trial 49 finished with value: 55.97883224487305 and parameters: {'gradient_clip_val': 0.320936594295483, 'hidden_size': 18, 'dropout': 0.26928881571030455, 'hidden_continuous_size': 9, 'attention_head_size': 4, 'learning_rate': 0.010397760118676078}. Best is trial 0 with value: 5.288651943206787.
[I 2023-12-27 11:11:24,236] A new study created in memory with name: no-name-8e917a41-2f36-4573-a704-0dd5d290d274
/home/le004/conda/anaconda3/envs/tsff_env/lib/python3.9/site-packages/lightning/fabric/plugins/environments/slurm.py:191: The `srun` command is available on your system but is not used. HINT: If your intention is to run Lightning on SLURM, prepend your python command with `srun` like so: srun python /home/le004/master_thesis/git/TSFusionForecast/code/ ...
LOCAL_RANK: 0 - CUDA_VISIBLE_DEVICES: [0]
[I 2023-12-27 11:11:51,316] Trial 0 finished with value: 10.308547973632812 and parameters: {'gradient_clip_val': 0.2922455182263129, 'hidden_size': 9, 'dropout': 0.49803088414156726, 'hidden_continuous_size': 7, 'attention_head_size': 1, 'learning_rate': 0.07225955302552317}. Best is trial 0 with value: 10.308547973632812.
LOCAL_RANK: 0 - CUDA_VISIBLE_DEVICES: [0]
[I 2023-12-27 11:11:51,827] Trial 1 finished with value: 49.3332405090332 and parameters: {'gradient_clip_val': 0.8766212755855557, 'hidden_size': 133, 'dropout': 0.4226935486901858, 'hidden_continuous_size': 67, 'attention_head_size': 3, 'learning_rate': 0.0027592301201085625}. Best is trial 0 with value: 10.308547973632812.
LOCAL_RANK: 0 - CUDA_VISIBLE_DEVICES: [0]
[I 2023-12-27 11:11:52,202] Trial 2 finished with value: 39.79048156738281 and parameters: {'gradient_clip_val': 0.7059029511430431, 'hidden_size': 7, 'dropout': 0.2355660705103281, 'hidden_continuous_size': 7, 'attention_head_size': 1, 'learning_rate': 0.010120455046065078}. Best is trial 0 with value: 10.308547973632812.
LOCAL_RANK: 0 - CUDA_VISIBLE_DEVICES: [0]
[I 2023-12-27 11:11:52,701] Trial 3 finished with value: 52.891143798828125 and parameters: {'gradient_clip_val': 0.5670955840048769, 'hidden_size': 75, 'dropout': 0.3320085532045255, 'hidden_continuous_size': 73, 'attention_head_size': 2, 'learning_rate': 0.05849619108286553}. Best is trial 0 with value: 10.308547973632812.
LOCAL_RANK: 0 - CUDA_VISIBLE_DEVICES: [0]
[I 2023-12-27 11:11:53,118] Trial 4 finished with value: 53.899959564208984 and parameters: {'gradient_clip_val': 0.12181387220814448, 'hidden_size': 6, 'dropout': 0.41904165405159755, 'hidden_continuous_size': 5, 'attention_head_size': 2, 'learning_rate': 0.014749429294663514}. Best is trial 0 with value: 10.308547973632812.
LOCAL_RANK: 0 - CUDA_VISIBLE_DEVICES: [0]
[I 2023-12-27 11:11:53,599] Trial 5 finished with value: 49.0106315612793 and parameters: {'gradient_clip_val': 0.20907696031306125, 'hidden_size': 73, 'dropout': 0.1769126345644216, 'hidden_continuous_size': 52, 'attention_head_size': 2, 'learning_rate': 0.001138720060511113}. Best is trial 0 with value: 10.308547973632812.
LOCAL_RANK: 0 - CUDA_VISIBLE_DEVICES: [0]
[I 2023-12-27 11:11:54,055] Trial 6 finished with value: 51.4864616394043 and parameters: {'gradient_clip_val': 0.42954367685572487, 'hidden_size': 83, 'dropout': 0.2729426203135313, 'hidden_continuous_size': 18, 'attention_head_size': 4, 'learning_rate': 0.023863052154334926}. Best is trial 0 with value: 10.308547973632812.
LOCAL_RANK: 0 - CUDA_VISIBLE_DEVICES: [0]
[I 2023-12-27 11:11:54,490] Trial 7 finished with value: 72.66046142578125 and parameters: {'gradient_clip_val': 0.2552825123370253, 'hidden_size': 11, 'dropout': 0.4931799207053317, 'hidden_continuous_size': 6, 'attention_head_size': 3, 'learning_rate': 0.0010219975717660108}. Best is trial 0 with value: 10.308547973632812.
LOCAL_RANK: 0 - CUDA_VISIBLE_DEVICES: [0]
[I 2023-12-27 11:11:55,160] Trial 8 finished with value: 66.234130859375 and parameters: {'gradient_clip_val': 0.9517149429744914, 'hidden_size': 9, 'dropout': 0.134087340243901, 'hidden_continuous_size': 5, 'attention_head_size': 3, 'learning_rate': 0.045127366775944325}. Best is trial 0 with value: 10.308547973632812.
LOCAL_RANK: 0 - CUDA_VISIBLE_DEVICES: [0]
[I 2023-12-27 11:11:55,606] Trial 9 finished with value: 48.86944580078125 and parameters: {'gradient_clip_val': 0.41418806037047834, 'hidden_size': 19, 'dropout': 0.37250630940364726, 'hidden_continuous_size': 7, 'attention_head_size': 3, 'learning_rate': 0.09298262459860508}. Best is trial 0 with value: 10.308547973632812.
LOCAL_RANK: 0 - CUDA_VISIBLE_DEVICES: [0]
[I 2023-12-27 11:11:56,024] Trial 10 finished with value: 50.91428756713867 and parameters: {'gradient_clip_val': 0.18806420333969343, 'hidden_size': 5, 'dropout': 0.48458178995679163, 'hidden_continuous_size': 5, 'attention_head_size': 1, 'learning_rate': 0.006016475454025012}. Best is trial 0 with value: 10.308547973632812.
LOCAL_RANK: 0 - CUDA_VISIBLE_DEVICES: [0]
[I 2023-12-27 11:11:56,466] Trial 11 finished with value: 53.933349609375 and parameters: {'gradient_clip_val': 0.3354417209782358, 'hidden_size': 13, 'dropout': 0.2654440557186321, 'hidden_continuous_size': 7, 'attention_head_size': 1, 'learning_rate': 0.013638918086039013}. Best is trial 0 with value: 10.308547973632812.
LOCAL_RANK: 0 - CUDA_VISIBLE_DEVICES: [0]
[I 2023-12-27 11:11:56,939] Trial 12 finished with value: 53.131866455078125 and parameters: {'gradient_clip_val': 0.5976874383569136, 'hidden_size': 22, 'dropout': 0.2311532332145746, 'hidden_continuous_size': 9, 'attention_head_size': 1, 'learning_rate': 0.03770060897897828}. Best is trial 0 with value: 10.308547973632812.
LOCAL_RANK: 0 - CUDA_VISIBLE_DEVICES: [0]
[I 2023-12-27 11:11:57,384] Trial 13 finished with value: 52.59006118774414 and parameters: {'gradient_clip_val': 0.2983954372656153, 'hidden_size': 7, 'dropout': 0.32214870300444487, 'hidden_continuous_size': 6, 'attention_head_size': 1, 'learning_rate': 0.09537040331052504}. Best is trial 0 with value: 10.308547973632812.
LOCAL_RANK: 0 - CUDA_VISIBLE_DEVICES: [0]
[I 2023-12-27 11:11:57,786] Trial 14 finished with value: 51.6291618347168 and parameters: {'gradient_clip_val': 0.5799893742150668, 'hidden_size': 5, 'dropout': 0.20619015938491736, 'hidden_continuous_size': 5, 'attention_head_size': 1, 'learning_rate': 0.007153807721603328}. Best is trial 0 with value: 10.308547973632812.
LOCAL_RANK: 0 - CUDA_VISIBLE_DEVICES: [0]
[I 2023-12-27 11:11:58,240] Trial 15 finished with value: 47.00746154785156 and parameters: {'gradient_clip_val': 0.7406048693509034, 'hidden_size': 14, 'dropout': 0.2725817324682556, 'hidden_continuous_size': 8, 'attention_head_size': 2, 'learning_rate': 0.025535862797474555}. Best is trial 0 with value: 10.308547973632812.
LOCAL_RANK: 0 - CUDA_VISIBLE_DEVICES: [0]
[I 2023-12-27 11:11:58,692] Trial 16 finished with value: 57.31365966796875 and parameters: {'gradient_clip_val': 0.4179563376857562, 'hidden_size': 9, 'dropout': 0.10519081813979647, 'hidden_continuous_size': 6, 'attention_head_size': 4, 'learning_rate': 0.0038800183701813147}. Best is trial 0 with value: 10.308547973632812.
LOCAL_RANK: 0 - CUDA_VISIBLE_DEVICES: [0]
[I 2023-12-27 11:11:59,176] Trial 17 finished with value: 65.3534927368164 and parameters: {'gradient_clip_val': 0.730788191169678, 'hidden_size': 30, 'dropout': 0.34497640908895827, 'hidden_continuous_size': 10, 'attention_head_size': 1, 'learning_rate': 0.0005038176512624307}. Best is trial 0 with value: 10.308547973632812.
LOCAL_RANK: 0 - CUDA_VISIBLE_DEVICES: [0]
[I 2023-12-27 11:11:59,625] Trial 18 finished with value: 58.89872360229492 and parameters: {'gradient_clip_val': 0.34604307193263156, 'hidden_size': 7, 'dropout': 0.29107377867949924, 'hidden_continuous_size': 6, 'attention_head_size': 2, 'learning_rate': 0.014577298849733968}. Best is trial 0 with value: 10.308547973632812.
LOCAL_RANK: 0 - CUDA_VISIBLE_DEVICES: [0]
[I 2023-12-27 11:12:00,025] Trial 19 finished with value: 65.09754180908203 and parameters: {'gradient_clip_val': 0.5068179951765316, 'hidden_size': 5, 'dropout': 0.2377643778435885, 'hidden_continuous_size': 5, 'attention_head_size': 1, 'learning_rate': 0.05727155071245783}. Best is trial 0 with value: 10.308547973632812.
LOCAL_RANK: 0 - CUDA_VISIBLE_DEVICES: [0]
[I 2023-12-27 11:12:00,471] Trial 20 finished with value: 55.87919235229492 and parameters: {'gradient_clip_val': 0.9889284222874068, 'hidden_size': 16, 'dropout': 0.17955173252270457, 'hidden_continuous_size': 7, 'attention_head_size': 2, 'learning_rate': 0.008826814316828671}. Best is trial 0 with value: 10.308547973632812.
LOCAL_RANK: 0 - CUDA_VISIBLE_DEVICES: [0]
[I 2023-12-27 11:12:00,914] Trial 21 finished with value: 55.85551452636719 and parameters: {'gradient_clip_val': 0.7157323936171185, 'hidden_size': 13, 'dropout': 0.2941559977300522, 'hidden_continuous_size': 8, 'attention_head_size': 2, 'learning_rate': 0.028087997994166322}. Best is trial 0 with value: 10.308547973632812.
LOCAL_RANK: 0 - CUDA_VISIBLE_DEVICES: [0]
[I 2023-12-27 11:12:01,617] Trial 22 finished with value: 68.45587921142578 and parameters: {'gradient_clip_val': 0.6990222573707656, 'hidden_size': 9, 'dropout': 0.25765751183934027, 'hidden_continuous_size': 7, 'attention_head_size': 1, 'learning_rate': 0.025097777562493203}. Best is trial 0 with value: 10.308547973632812.
LOCAL_RANK: 0 - CUDA_VISIBLE_DEVICES: [0]
[I 2023-12-27 11:12:02,083] Trial 23 finished with value: 83.5804672241211 and parameters: {'gradient_clip_val': 0.7676278280113353, 'hidden_size': 30, 'dropout': 0.22323656796304248, 'hidden_continuous_size': 10, 'attention_head_size': 2, 'learning_rate': 0.020597648004092826}. Best is trial 0 with value: 10.308547973632812.
LOCAL_RANK: 0 - CUDA_VISIBLE_DEVICES: [0]
[I 2023-12-27 11:12:02,552] Trial 24 finished with value: 53.393001556396484 and parameters: {'gradient_clip_val': 0.4920940983271496, 'hidden_size': 15, 'dropout': 0.3013386111552221, 'hidden_continuous_size': 8, 'attention_head_size': 1, 'learning_rate': 0.03645356903955328}. Best is trial 0 with value: 10.308547973632812.
LOCAL_RANK: 0 - CUDA_VISIBLE_DEVICES: [0]
[I 2023-12-27 11:12:03,008] Trial 25 finished with value: 55.29191970825195 and parameters: {'gradient_clip_val': 0.8256488737295696, 'hidden_size': 11, 'dropout': 0.35327178964887196, 'hidden_continuous_size': 8, 'attention_head_size': 2, 'learning_rate': 0.06013960978724301}. Best is trial 0 with value: 10.308547973632812.
LOCAL_RANK: 0 - CUDA_VISIBLE_DEVICES: [0]
[I 2023-12-27 11:12:03,455] Trial 26 finished with value: 58.277713775634766 and parameters: {'gradient_clip_val': 0.6782392595033606, 'hidden_size': 7, 'dropout': 0.37245561044738723, 'hidden_continuous_size': 6, 'attention_head_size': 1, 'learning_rate': 0.01927380691304414}. Best is trial 0 with value: 10.308547973632812.
LOCAL_RANK: 0 - CUDA_VISIBLE_DEVICES: [0]
[I 2023-12-27 11:12:03,921] Trial 27 finished with value: 43.9727897644043 and parameters: {'gradient_clip_val': 0.9787628590671772, 'hidden_size': 25, 'dropout': 0.25577772707551777, 'hidden_continuous_size': 12, 'attention_head_size': 1, 'learning_rate': 0.011292238692383823}. Best is trial 0 with value: 10.308547973632812.
LOCAL_RANK: 0 - CUDA_VISIBLE_DEVICES: [0]
[I 2023-12-27 11:12:04,365] Trial 28 finished with value: 37.10500717163086 and parameters: {'gradient_clip_val': 0.9394234185387158, 'hidden_size': 25, 'dropout': 0.19743821009508336, 'hidden_continuous_size': 13, 'attention_head_size': 1, 'learning_rate': 0.008659525214049757}. Best is trial 0 with value: 10.308547973632812.
LOCAL_RANK: 0 - CUDA_VISIBLE_DEVICES: [0]
[I 2023-12-27 11:12:04,820] Trial 29 finished with value: 39.9359130859375 and parameters: {'gradient_clip_val': 0.8328796854336875, 'hidden_size': 19, 'dropout': 0.46379142754648184, 'hidden_continuous_size': 9, 'attention_head_size': 1, 'learning_rate': 0.0038790432243022287}. Best is trial 0 with value: 10.308547973632812.
LOCAL_RANK: 0 - CUDA_VISIBLE_DEVICES: [0]
[I 2023-12-27 11:12:05,275] Trial 30 finished with value: 68.28363800048828 and parameters: {'gradient_clip_val': 0.8348871850260352, 'hidden_size': 36, 'dropout': 0.4270103255579189, 'hidden_continuous_size': 13, 'attention_head_size': 1, 'learning_rate': 0.00973833202088554}. Best is trial 0 with value: 10.308547973632812.
LOCAL_RANK: 0 - CUDA_VISIBLE_DEVICES: [0]
[I 2023-12-27 11:12:05,725] Trial 31 finished with value: 66.48717498779297 and parameters: {'gradient_clip_val': 0.8744629280381034, 'hidden_size': 19, 'dropout': 0.46664730939442517, 'hidden_continuous_size': 9, 'attention_head_size': 1, 'learning_rate': 0.004752509175584539}. Best is trial 0 with value: 10.308547973632812.
LOCAL_RANK: 0 - CUDA_VISIBLE_DEVICES: [0]
[I 2023-12-27 11:12:06,214] Trial 32 finished with value: 50.1386833190918 and parameters: {'gradient_clip_val': 0.6224655169210589, 'hidden_size': 40, 'dropout': 0.4999134272157541, 'hidden_continuous_size': 11, 'attention_head_size': 1, 'learning_rate': 0.002688764961548933}. Best is trial 0 with value: 10.308547973632812.
LOCAL_RANK: 0 - CUDA_VISIBLE_DEVICES: [0]
[I 2023-12-27 11:12:06,666] Trial 33 finished with value: 48.736576080322266 and parameters: {'gradient_clip_val': 0.8274341930165827, 'hidden_size': 18, 'dropout': 0.45353813106784996, 'hidden_continuous_size': 9, 'attention_head_size': 1, 'learning_rate': 0.006699934703544956}. Best is trial 0 with value: 10.308547973632812.
LOCAL_RANK: 0 - CUDA_VISIBLE_DEVICES: [0]
[I 2023-12-27 11:12:07,149] Trial 34 finished with value: 63.709110260009766 and parameters: {'gradient_clip_val': 0.9943881746043652, 'hidden_size': 23, 'dropout': 0.434248237616836, 'hidden_continuous_size': 13, 'attention_head_size': 2, 'learning_rate': 0.003358454170900196}. Best is trial 0 with value: 10.308547973632812.
LOCAL_RANK: 0 - CUDA_VISIBLE_DEVICES: [0]
[I 2023-12-27 11:12:07,591] Trial 35 finished with value: 59.679534912109375 and parameters: {'gradient_clip_val': 0.5219076563330676, 'hidden_size': 6, 'dropout': 0.4109456177414194, 'hidden_continuous_size': 5, 'attention_head_size': 1, 'learning_rate': 0.015303793361760435}. Best is trial 0 with value: 10.308547973632812.
LOCAL_RANK: 0 - CUDA_VISIBLE_DEVICES: [0]
[I 2023-12-27 11:12:08,335] Trial 36 finished with value: 60.71709060668945 and parameters: {'gradient_clip_val': 0.6214477367983698, 'hidden_size': 11, 'dropout': 0.46503851157418136, 'hidden_continuous_size': 7, 'attention_head_size': 2, 'learning_rate': 0.00273253724198382}. Best is trial 0 with value: 10.308547973632812.
LOCAL_RANK: 0 - CUDA_VISIBLE_DEVICES: [0]
[I 2023-12-27 11:12:08,840] Trial 37 finished with value: 57.8707160949707 and parameters: {'gradient_clip_val': 0.8704805941836432, 'hidden_size': 45, 'dropout': 0.4979070083615161, 'hidden_continuous_size': 16, 'attention_head_size': 1, 'learning_rate': 0.008819591753317447}. Best is trial 0 with value: 10.308547973632812.
LOCAL_RANK: 0 - CUDA_VISIBLE_DEVICES: [0]
[I 2023-12-27 11:12:09,299] Trial 38 finished with value: 58.35589599609375 and parameters: {'gradient_clip_val': 0.6524371712876175, 'hidden_size': 21, 'dropout': 0.397013119939804, 'hidden_continuous_size': 11, 'attention_head_size': 4, 'learning_rate': 0.004654770414065665}. Best is trial 0 with value: 10.308547973632812.
LOCAL_RANK: 0 - CUDA_VISIBLE_DEVICES: [0]
[I 2023-12-27 11:12:09,746] Trial 39 finished with value: 48.08968734741211 and parameters: {'gradient_clip_val': 0.8129470483267992, 'hidden_size': 16, 'dropout': 0.4423184307130764, 'hidden_continuous_size': 10, 'attention_head_size': 3, 'learning_rate': 0.010910135793656217}. Best is trial 0 with value: 10.308547973632812.
LOCAL_RANK: 0 - CUDA_VISIBLE_DEVICES: [0]
