[I 2023-12-27 11:11:20,757] Trial 6 finished with value: 210.742919921875 and parameters: {'gradient_clip_val': 0.2157425606603986, 'hidden_size': 6, 'dropout': 0.2507345470332547, 'hidden_continuous_size': 6, 'attention_head_size': 4, 'learning_rate': 0.010446708561815041}. Best is trial 0 with value: 59.589107513427734.
[I 2023-12-27 11:11:21,136] Trial 7 finished with value: 271.31591796875 and parameters: {'gradient_clip_val': 0.35315192290687936, 'hidden_size': 14, 'dropout': 0.30795295749908697, 'hidden_continuous_size': 10, 'attention_head_size': 4, 'learning_rate': 0.02295856809829312}. Best is trial 0 with value: 59.589107513427734.
[I 2023-12-27 11:11:21,489] Trial 8 finished with value: 217.72007751464844 and parameters: {'gradient_clip_val': 0.20394655692285465, 'hidden_size': 7, 'dropout': 0.2383911921987153, 'hidden_continuous_size': 5, 'attention_head_size': 4, 'learning_rate': 0.036238922032492224}. Best is trial 0 with value: 59.589107513427734.
[I 2023-12-27 11:11:21,863] Trial 9 finished with value: 225.33473205566406 and parameters: {'gradient_clip_val': 0.14008442460068024, 'hidden_size': 26, 'dropout': 0.21414357287554409, 'hidden_continuous_size': 14, 'attention_head_size': 4, 'learning_rate': 0.06865757834011418}. Best is trial 0 with value: 59.589107513427734.
[I 2023-12-27 11:11:22,311] Trial 10 finished with value: 260.8399658203125 and parameters: {'gradient_clip_val': 0.3609945196648007, 'hidden_size': 56, 'dropout': 0.11914269787162976, 'hidden_continuous_size': 53, 'attention_head_size': 2, 'learning_rate': 0.0006047803156652304}. Best is trial 0 with value: 59.589107513427734.
[I 2023-12-27 11:11:22,878] Trial 11 finished with value: 151.0855712890625 and parameters: {'gradient_clip_val': 0.25211415378679614, 'hidden_size': 140, 'dropout': 0.48147418218489546, 'hidden_continuous_size': 33, 'attention_head_size': 1, 'learning_rate': 0.0932411191812147}. Best is trial 0 with value: 59.589107513427734.
[I 2023-12-27 11:11:23,325] Trial 12 finished with value: 257.5339050292969 and parameters: {'gradient_clip_val': 0.2952754235425889, 'hidden_size': 70, 'dropout': 0.3938776540307663, 'hidden_continuous_size': 31, 'attention_head_size': 2, 'learning_rate': 0.0012003532407810656}. Best is trial 0 with value: 59.589107513427734.
[I 2023-12-27 11:11:23,751] Trial 13 finished with value: 199.54534912109375 and parameters: {'gradient_clip_val': 0.10983862536798257, 'hidden_size': 45, 'dropout': 0.36185501533211645, 'hidden_continuous_size': 23, 'attention_head_size': 2, 'learning_rate': 0.007402029418012982}. Best is trial 0 with value: 59.589107513427734.
[I 2023-12-27 11:11:24,407] Trial 14 finished with value: 247.82276916503906 and parameters: {'gradient_clip_val': 0.19350873175867014, 'hidden_size': 148, 'dropout': 0.40553457873317844, 'hidden_continuous_size': 125, 'attention_head_size': 3, 'learning_rate': 0.011304707402275155}. Best is trial 0 with value: 59.589107513427734.
[I 2023-12-27 11:11:25,077] Trial 15 finished with value: 210.1724853515625 and parameters: {'gradient_clip_val': 0.45890044590132684, 'hidden_size': 38, 'dropout': 0.4919908590591801, 'hidden_continuous_size': 16, 'attention_head_size': 1, 'learning_rate': 0.0016204993399007977}. Best is trial 0 with value: 59.589107513427734.
[I 2023-12-27 11:11:25,556] Trial 16 finished with value: 317.2906188964844 and parameters: {'gradient_clip_val': 0.2738610736824802, 'hidden_size': 87, 'dropout': 0.35931229328188286, 'hidden_continuous_size': 24, 'attention_head_size': 2, 'learning_rate': 0.0049921927403729}. Best is trial 0 with value: 59.589107513427734.
[I 2023-12-27 11:11:26,055] Trial 17 finished with value: 318.5086669921875 and parameters: {'gradient_clip_val': 0.18434980126314968, 'hidden_size': 92, 'dropout': 0.4366692394387361, 'hidden_continuous_size': 43, 'attention_head_size': 3, 'learning_rate': 0.0006406559005108221}. Best is trial 0 with value: 59.589107513427734.
[I 2023-12-27 11:11:26,462] Trial 18 finished with value: 282.0257873535156 and parameters: {'gradient_clip_val': 0.4205048645079075, 'hidden_size': 33, 'dropout': 0.33888521694321666, 'hidden_continuous_size': 10, 'attention_head_size': 1, 'learning_rate': 0.001266211912174492}. Best is trial 0 with value: 59.589107513427734.
[I 2023-12-27 11:11:26,890] Trial 19 finished with value: 264.4983825683594 and parameters: {'gradient_clip_val': 0.24637141213905067, 'hidden_size': 55, 'dropout': 0.40219472741684753, 'hidden_continuous_size': 20, 'attention_head_size': 2, 'learning_rate': 0.006372853491631265}. Best is trial 0 with value: 59.589107513427734.
[I 2023-12-27 11:11:27,279] Trial 20 finished with value: 268.85308837890625 and parameters: {'gradient_clip_val': 0.9317127816288872, 'hidden_size': 25, 'dropout': 0.49336499623569674, 'hidden_continuous_size': 8, 'attention_head_size': 3, 'learning_rate': 0.050353745674775664}. Best is trial 0 with value: 59.589107513427734.
[I 2023-12-27 11:11:27,662] Trial 21 finished with value: 264.80078125 and parameters: {'gradient_clip_val': 0.5785483337081214, 'hidden_size': 17, 'dropout': 0.17740476810781963, 'hidden_continuous_size': 7, 'attention_head_size': 3, 'learning_rate': 0.0025738032374840116}. Best is trial 0 with value: 59.589107513427734.
[I 2023-12-27 11:11:28,065] Trial 22 finished with value: 277.3853759765625 and parameters: {'gradient_clip_val': 0.3066263659771146, 'hidden_size': 13, 'dropout': 0.17385528959389626, 'hidden_continuous_size': 6, 'attention_head_size': 3, 'learning_rate': 0.002445259610090323}. Best is trial 0 with value: 59.589107513427734.
[I 2023-12-27 11:11:28,453] Trial 23 finished with value: 196.4474639892578 and parameters: {'gradient_clip_val': 0.16970332956552192, 'hidden_size': 9, 'dropout': 0.27188808296534817, 'hidden_continuous_size': 5, 'attention_head_size': 4, 'learning_rate': 0.0018460801568452687}. Best is trial 0 with value: 59.589107513427734.
[I 2023-12-27 11:11:28,808] Trial 24 finished with value: 302.3319396972656 and parameters: {'gradient_clip_val': 0.23485815611657093, 'hidden_size': 5, 'dropout': 0.3261545739937161, 'hidden_continuous_size': 5, 'attention_head_size': 3, 'learning_rate': 0.0008635731433910042}. Best is trial 0 with value: 59.589107513427734.
[I 2023-12-27 11:11:29,184] Trial 25 finished with value: 273.6787414550781 and parameters: {'gradient_clip_val': 0.3234854343400331, 'hidden_size': 21, 'dropout': 0.2649904023218965, 'hidden_continuous_size': 8, 'attention_head_size': 2, 'learning_rate': 0.002861256318177908}. Best is trial 0 with value: 59.589107513427734.
[I 2023-12-27 11:11:29,597] Trial 26 finished with value: 314.5848693847656 and parameters: {'gradient_clip_val': 0.21802523109920555, 'hidden_size': 31, 'dropout': 0.3257369448491205, 'hidden_continuous_size': 11, 'attention_head_size': 4, 'learning_rate': 0.0010127147592273126}. Best is trial 0 with value: 59.589107513427734.
[I 2023-12-27 11:11:30,000] Trial 27 finished with value: 262.1924133300781 and parameters: {'gradient_clip_val': 0.17158311751567865, 'hidden_size': 40, 'dropout': 0.20297065865382774, 'hidden_continuous_size': 13, 'attention_head_size': 1, 'learning_rate': 0.0016211528300546325}. Best is trial 0 with value: 59.589107513427734.
[I 2023-12-27 11:11:30,510] Trial 28 finished with value: 345.9259948730469 and parameters: {'gradient_clip_val': 0.26646187114888426, 'hidden_size': 114, 'dropout': 0.10023600970257768, 'hidden_continuous_size': 18, 'attention_head_size': 3, 'learning_rate': 0.0021856558749277872}. Best is trial 0 with value: 59.589107513427734.
[I 2023-12-27 11:11:31,122] Trial 29 finished with value: 249.60125732421875 and parameters: {'gradient_clip_val': 0.6598007039964234, 'hidden_size': 10, 'dropout': 0.29069937331543216, 'hidden_continuous_size': 6, 'attention_head_size': 4, 'learning_rate': 0.004576329079831951}. Best is trial 0 with value: 59.589107513427734.
[I 2023-12-27 11:11:31,550] Trial 30 finished with value: 319.9696960449219 and parameters: {'gradient_clip_val': 0.870527635560413, 'hidden_size': 52, 'dropout': 0.27559776190573504, 'hidden_continuous_size': 12, 'attention_head_size': 4, 'learning_rate': 0.00351225750602957}. Best is trial 0 with value: 59.589107513427734.
[I 2023-12-27 11:11:32,139] Trial 31 finished with value: 255.1522674560547 and parameters: {'gradient_clip_val': 0.2503301058074138, 'hidden_size': 139, 'dropout': 0.46100126478926307, 'hidden_continuous_size': 31, 'attention_head_size': 1, 'learning_rate': 0.09104743307562366}. Best is trial 0 with value: 59.589107513427734.
[I 2023-12-27 11:11:32,588] Trial 32 finished with value: 326.5548400878906 and parameters: {'gradient_clip_val': 0.24187910303012955, 'hidden_size': 72, 'dropout': 0.4710619082087863, 'hidden_continuous_size': 28, 'attention_head_size': 1, 'learning_rate': 0.09355789788383032}. Best is trial 0 with value: 59.589107513427734.
[I 2023-12-27 11:11:33,100] Trial 33 finished with value: 174.6870574951172 and parameters: {'gradient_clip_val': 0.1589055014049341, 'hidden_size': 115, 'dropout': 0.4930709199024256, 'hidden_continuous_size': 17, 'attention_head_size': 1, 'learning_rate': 0.03969717377634032}. Best is trial 0 with value: 59.589107513427734.
[I 2023-12-27 11:11:33,626] Trial 34 finished with value: 337.36859130859375 and parameters: {'gradient_clip_val': 0.2153505687887197, 'hidden_size': 115, 'dropout': 0.4361223109092633, 'hidden_continuous_size': 39, 'attention_head_size': 1, 'learning_rate': 0.023554737545936347}. Best is trial 0 with value: 59.589107513427734.
[I 2023-12-27 11:11:34,085] Trial 35 finished with value: 274.7674865722656 and parameters: {'gradient_clip_val': 0.188465677997913, 'hidden_size': 80, 'dropout': 0.42649319418746223, 'hidden_continuous_size': 21, 'attention_head_size': 2, 'learning_rate': 0.015072484012841874}. Best is trial 0 with value: 59.589107513427734.
[I 2023-12-27 11:11:34,599] Trial 36 finished with value: 241.7003631591797 and parameters: {'gradient_clip_val': 0.27977666582521377, 'hidden_size': 101, 'dropout': 0.45993162592016495, 'hidden_continuous_size': 27, 'attention_head_size': 1, 'learning_rate': 0.03090714893774455}. Best is trial 0 with value: 59.589107513427734.
[I 2023-12-27 11:11:35,038] Trial 37 finished with value: 243.9457244873047 and parameters: {'gradient_clip_val': 0.14624112232224962, 'hidden_size': 67, 'dropout': 0.304878187297255, 'hidden_continuous_size': 16, 'attention_head_size': 2, 'learning_rate': 0.06609727677769432}. Best is trial 0 with value: 59.589107513427734.
[I 2023-12-27 11:11:35,414] Trial 38 finished with value: 273.88720703125 and parameters: {'gradient_clip_val': 0.3352902684070868, 'hidden_size': 7, 'dropout': 0.47732036614287215, 'hidden_continuous_size': 5, 'attention_head_size': 4, 'learning_rate': 0.01686517812117364}. Best is trial 0 with value: 59.589107513427734.
[I 2023-12-27 11:11:36,010] Trial 39 finished with value: 331.1159362792969 and parameters: {'gradient_clip_val': 0.37324305222740994, 'hidden_size': 147, 'dropout': 0.24919013059893533, 'hidden_continuous_size': 34, 'attention_head_size': 1, 'learning_rate': 0.0487266674852332}. Best is trial 0 with value: 59.589107513427734.
[I 2023-12-27 11:11:36,471] Trial 40 finished with value: 330.3428649902344 and parameters: {'gradient_clip_val': 0.29266799876311556, 'hidden_size': 63, 'dropout': 0.45201054801820023, 'hidden_continuous_size': 25, 'attention_head_size': 3, 'learning_rate': 0.025478073306103806}. Best is trial 0 with value: 59.589107513427734.
[I 2023-12-27 11:11:37,003] Trial 41 finished with value: 310.8930969238281 and parameters: {'gradient_clip_val': 0.16196280243315028, 'hidden_size': 118, 'dropout': 0.4839968779953847, 'hidden_continuous_size': 21, 'attention_head_size': 1, 'learning_rate': 0.03653500876804331}. Best is trial 0 with value: 59.589107513427734.
[I 2023-12-27 11:11:37,691] Trial 42 finished with value: 275.31634521484375 and parameters: {'gradient_clip_val': 0.13350480485402422, 'hidden_size': 84, 'dropout': 0.4946056672554491, 'hidden_continuous_size': 15, 'attention_head_size': 1, 'learning_rate': 0.05341866901027952}. Best is trial 0 with value: 59.589107513427734.
[I 2023-12-27 11:11:38,194] Trial 43 finished with value: 313.9656677246094 and parameters: {'gradient_clip_val': 0.20641633356834319, 'hidden_size': 100, 'dropout': 0.4712635304108463, 'hidden_continuous_size': 17, 'attention_head_size': 1, 'learning_rate': 0.04170373699753829}. Best is trial 0 with value: 59.589107513427734.
[I 2023-12-27 11:11:38,757] Trial 44 finished with value: 254.8928680419922 and parameters: {'gradient_clip_val': 0.15968190192100956, 'hidden_size': 126, 'dropout': 0.42274644136464085, 'hidden_continuous_size': 51, 'attention_head_size': 1, 'learning_rate': 0.028847241491695215}. Best is trial 0 with value: 59.589107513427734.
[I 2023-12-27 11:11:39,277] Trial 45 finished with value: 251.0523681640625 and parameters: {'gradient_clip_val': 0.22455549098259017, 'hidden_size': 105, 'dropout': 0.4986998541179389, 'hidden_continuous_size': 14, 'attention_head_size': 2, 'learning_rate': 0.0705879482203545}. Best is trial 0 with value: 59.589107513427734.
[I 2023-12-27 11:11:39,819] Trial 46 finished with value: 200.6708984375 and parameters: {'gradient_clip_val': 0.11702192245627316, 'hidden_size': 130, 'dropout': 0.3745290725467662, 'hidden_continuous_size': 36, 'attention_head_size': 1, 'learning_rate': 0.010566882473405256}. Best is trial 0 with value: 59.589107513427734.
[I 2023-12-27 11:11:40,301] Trial 47 finished with value: 246.18824768066406 and parameters: {'gradient_clip_val': 0.18364355702959148, 'hidden_size': 91, 'dropout': 0.4579433742752576, 'hidden_continuous_size': 19, 'attention_head_size': 2, 'learning_rate': 0.02025578340348895}. Best is trial 0 with value: 59.589107513427734.
[I 2023-12-27 11:11:40,766] Trial 48 finished with value: 197.14439392089844 and parameters: {'gradient_clip_val': 0.2004564592822148, 'hidden_size': 75, 'dropout': 0.41398337720798156, 'hidden_continuous_size': 23, 'attention_head_size': 2, 'learning_rate': 0.03506542356099455}. Best is trial 0 with value: 59.589107513427734.
[I 2023-12-27 11:11:41,354] Trial 49 finished with value: 260.3285217285156 and parameters: {'gradient_clip_val': 0.25779178440075523, 'hidden_size': 146, 'dropout': 0.45014630858069077, 'hidden_continuous_size': 30, 'attention_head_size': 3, 'learning_rate': 0.0077120471495930746}. Best is trial 0 with value: 59.589107513427734.
[I 2023-12-27 11:11:41,471] A new study created in memory with name: no-name-79bf2634-c7ef-420d-a229-d4d7cb589209
/home/le004/conda/anaconda3/envs/tsff_env/lib/python3.9/site-packages/lightning/fabric/plugins/environments/slurm.py:191: The `srun` command is available on your system but is not used. HINT: If your intention is to run Lightning on SLURM, prepend your python command with `srun` like so: srun python /home/le004/master_thesis/git/TSFusionForecast/code/ ...
[I 2023-12-27 11:12:13,898] Trial 0 finished with value: 148.28147888183594 and parameters: {'gradient_clip_val': 0.6134110635746091, 'hidden_size': 10, 'dropout': 0.48567019339908357, 'hidden_continuous_size': 6, 'attention_head_size': 2, 'learning_rate': 0.006885676270405179}. Best is trial 0 with value: 148.28147888183594.
[I 2023-12-27 11:12:26,349] Trial 1 finished with value: 311.2414245605469 and parameters: {'gradient_clip_val': 0.24717986564346708, 'hidden_size': 38, 'dropout': 0.4103707653658667, 'hidden_continuous_size': 18, 'attention_head_size': 4, 'learning_rate': 0.000546497950036849}. Best is trial 0 with value: 148.28147888183594.
[I 2023-12-27 11:12:26,728] Trial 2 finished with value: 338.3376770019531 and parameters: {'gradient_clip_val': 0.3235153081374219, 'hidden_size': 10, 'dropout': 0.4044133881096704, 'hidden_continuous_size': 7, 'attention_head_size': 4, 'learning_rate': 0.0008404357770679337}. Best is trial 0 with value: 148.28147888183594.
[I 2023-12-27 11:12:27,396] Trial 3 finished with value: 344.2281494140625 and parameters: {'gradient_clip_val': 0.5869167637576529, 'hidden_size': 49, 'dropout': 0.13668479214852997, 'hidden_continuous_size': 5, 'attention_head_size': 4, 'learning_rate': 0.03113392762697213}. Best is trial 0 with value: 148.28147888183594.
[I 2023-12-27 11:12:27,840] Trial 4 finished with value: 367.3380126953125 and parameters: {'gradient_clip_val': 0.844984910084111, 'hidden_size': 68, 'dropout': 0.23844628792803035, 'hidden_continuous_size': 13, 'attention_head_size': 3, 'learning_rate': 0.0010894745422955865}. Best is trial 0 with value: 148.28147888183594.
[I 2023-12-27 11:12:28,197] Trial 5 finished with value: 418.156982421875 and parameters: {'gradient_clip_val': 0.9837328928680731, 'hidden_size': 7, 'dropout': 0.38715184899998756, 'hidden_continuous_size': 5, 'attention_head_size': 3, 'learning_rate': 0.06911779201396714}. Best is trial 0 with value: 148.28147888183594.
[I 2023-12-27 11:12:28,705] Trial 6 finished with value: 358.0062561035156 and parameters: {'gradient_clip_val': 0.4024216276114793, 'hidden_size': 105, 'dropout': 0.39234100724673404, 'hidden_continuous_size': 23, 'attention_head_size': 1, 'learning_rate': 0.001381959350062736}. Best is trial 0 with value: 148.28147888183594.
[I 2023-12-27 11:12:29,258] Trial 7 finished with value: 358.3240661621094 and parameters: {'gradient_clip_val': 0.7830222170228665, 'hidden_size': 107, 'dropout': 0.24313826992588916, 'hidden_continuous_size': 67, 'attention_head_size': 3, 'learning_rate': 0.0016279619829999386}. Best is trial 0 with value: 148.28147888183594.
[I 2023-12-27 11:12:29,770] Trial 8 finished with value: 346.4472961425781 and parameters: {'gradient_clip_val': 0.14088425770559496, 'hidden_size': 93, 'dropout': 0.13615512984869144, 'hidden_continuous_size': 84, 'attention_head_size': 1, 'learning_rate': 0.0007762713038121286}. Best is trial 0 with value: 148.28147888183594.
[I 2023-12-27 11:12:30,294] Trial 9 finished with value: 363.4693908691406 and parameters: {'gradient_clip_val': 0.915954946726027, 'hidden_size': 123, 'dropout': 0.10292906455739628, 'hidden_continuous_size': 16, 'attention_head_size': 1, 'learning_rate': 0.004148033165286061}. Best is trial 0 with value: 148.28147888183594.
[I 2023-12-27 11:12:30,692] Trial 10 finished with value: 388.8370666503906 and parameters: {'gradient_clip_val': 0.55144546810834, 'hidden_size': 17, 'dropout': 0.4974664114603025, 'hidden_continuous_size': 6, 'attention_head_size': 2, 'learning_rate': 0.010016747519714405}. Best is trial 0 with value: 148.28147888183594.
[I 2023-12-27 11:12:31,108] Trial 11 finished with value: 310.07989501953125 and parameters: {'gradient_clip_val': 0.20012683310433757, 'hidden_size': 29, 'dropout': 0.49780945391447873, 'hidden_continuous_size': 8, 'attention_head_size': 2, 'learning_rate': 0.004772070989271978}. Best is trial 0 with value: 148.28147888183594.
[I 2023-12-27 11:12:31,512] Trial 12 finished with value: 432.0331726074219 and parameters: {'gradient_clip_val': 0.20466183577040573, 'hidden_size': 26, 'dropout': 0.4958535096100172, 'hidden_continuous_size': 8, 'attention_head_size': 2, 'learning_rate': 0.005806797134460355}. Best is trial 0 with value: 148.28147888183594.
[I 2023-12-27 11:12:31,892] Trial 13 finished with value: 288.3308410644531 and parameters: {'gradient_clip_val': 0.11259510897245761, 'hidden_size': 16, 'dropout': 0.45402489898482223, 'hidden_continuous_size': 6, 'attention_head_size': 2, 'learning_rate': 0.012051472505955594}. Best is trial 0 with value: 148.28147888183594.
[I 2023-12-27 11:12:32,238] Trial 14 finished with value: 361.7460632324219 and parameters: {'gradient_clip_val': 0.12793436993621496, 'hidden_size': 5, 'dropout': 0.4371826311652961, 'hidden_continuous_size': 5, 'attention_head_size': 2, 'learning_rate': 0.01362085712613636}. Best is trial 0 with value: 148.28147888183594.
[I 2023-12-27 11:12:32,620] Trial 15 finished with value: 319.286865234375 and parameters: {'gradient_clip_val': 0.10193686557291687, 'hidden_size': 13, 'dropout': 0.4480174062262553, 'hidden_continuous_size': 6, 'attention_head_size': 2, 'learning_rate': 0.02195789193731857}. Best is trial 0 with value: 148.28147888183594.
[I 2023-12-27 11:12:33,257] Trial 16 finished with value: 400.6898193359375 and parameters: {'gradient_clip_val': 0.39980467496895616, 'hidden_size': 17, 'dropout': 0.32117213497471875, 'hidden_continuous_size': 6, 'attention_head_size': 3, 'learning_rate': 0.0030331565135670504}. Best is trial 0 with value: 148.28147888183594.
[I 2023-12-27 11:12:33,639] Trial 17 finished with value: 417.647705078125 and parameters: {'gradient_clip_val': 0.14635544218171326, 'hidden_size': 8, 'dropout': 0.34065703536543596, 'hidden_continuous_size': 5, 'attention_head_size': 1, 'learning_rate': 0.008941125904975932}. Best is trial 0 with value: 148.28147888183594.
[I 2023-12-27 11:12:34,044] Trial 18 finished with value: 352.353271484375 and parameters: {'gradient_clip_val': 0.265672240561805, 'hidden_size': 13, 'dropout': 0.4503884473626693, 'hidden_continuous_size': 6, 'attention_head_size': 2, 'learning_rate': 0.0027426352292442458}. Best is trial 0 with value: 148.28147888183594.
[I 2023-12-27 11:12:34,442] Trial 19 finished with value: 412.621826171875 and parameters: {'gradient_clip_val': 0.18720265025334454, 'hidden_size': 6, 'dropout': 0.3608113695349874, 'hidden_continuous_size': 5, 'attention_head_size': 3, 'learning_rate': 0.013303474977925273}. Best is trial 0 with value: 148.28147888183594.
[I 2023-12-27 11:12:34,796] Trial 20 finished with value: 361.766845703125 and parameters: {'gradient_clip_val': 0.10749367489879558, 'hidden_size': 5, 'dropout': 0.4562476119530435, 'hidden_continuous_size': 5, 'attention_head_size': 1, 'learning_rate': 0.005905698166939533}. Best is trial 0 with value: 148.28147888183594.
