[I 2023-12-27 11:25:16,848] Trial 1 finished with value: 142.26219177246094 and parameters: {'gradient_clip_val': 0.10280101428766139, 'hidden_size': 46, 'dropout': 0.47950122489720537, 'hidden_continuous_size': 10, 'attention_head_size': 4, 'learning_rate': 0.0012837701327886783}. Best is trial 0 with value: 75.93833923339844.
[I 2023-12-27 11:25:17,405] Trial 2 finished with value: 178.14219665527344 and parameters: {'gradient_clip_val': 0.5034075356578186, 'hidden_size': 16, 'dropout': 0.2653865184606161, 'hidden_continuous_size': 9, 'attention_head_size': 4, 'learning_rate': 0.0007938963930541761}. Best is trial 0 with value: 75.93833923339844.
[I 2023-12-27 11:25:17,716] Trial 3 finished with value: 153.43626403808594 and parameters: {'gradient_clip_val': 0.17800052582184242, 'hidden_size': 5, 'dropout': 0.2843336681228471, 'hidden_continuous_size': 5, 'attention_head_size': 1, 'learning_rate': 0.02437847431267622}. Best is trial 0 with value: 75.93833923339844.
[I 2023-12-27 11:25:18,052] Trial 4 finished with value: 133.04168701171875 and parameters: {'gradient_clip_val': 0.26874586760964125, 'hidden_size': 9, 'dropout': 0.11333889548037207, 'hidden_continuous_size': 8, 'attention_head_size': 2, 'learning_rate': 0.08492874320084966}. Best is trial 0 with value: 75.93833923339844.
[I 2023-12-27 11:25:18,434] Trial 5 finished with value: 183.28477478027344 and parameters: {'gradient_clip_val': 0.2790600451201712, 'hidden_size': 57, 'dropout': 0.40505169712596456, 'hidden_continuous_size': 6, 'attention_head_size': 3, 'learning_rate': 0.005607645466896139}. Best is trial 0 with value: 75.93833923339844.
[I 2023-12-27 11:25:18,731] Trial 6 finished with value: 200.07460021972656 and parameters: {'gradient_clip_val': 0.40547522569231087, 'hidden_size': 6, 'dropout': 0.2657412344263872, 'hidden_continuous_size': 6, 'attention_head_size': 2, 'learning_rate': 0.043808091997415276}. Best is trial 0 with value: 75.93833923339844.
[I 2023-12-27 11:25:19,063] Trial 7 finished with value: 117.19479370117188 and parameters: {'gradient_clip_val': 0.9265315282986674, 'hidden_size': 13, 'dropout': 0.25100851751556674, 'hidden_continuous_size': 10, 'attention_head_size': 1, 'learning_rate': 0.012831997410381617}. Best is trial 0 with value: 75.93833923339844.
[I 2023-12-27 11:25:19,434] Trial 8 finished with value: 147.9846649169922 and parameters: {'gradient_clip_val': 0.10669253230128133, 'hidden_size': 44, 'dropout': 0.4089549083123617, 'hidden_continuous_size': 5, 'attention_head_size': 4, 'learning_rate': 0.0061445582172857125}. Best is trial 0 with value: 75.93833923339844.
[I 2023-12-27 11:25:19,809] Trial 9 finished with value: 135.51084899902344 and parameters: {'gradient_clip_val': 0.2630404669135219, 'hidden_size': 40, 'dropout': 0.20097951711103457, 'hidden_continuous_size': 7, 'attention_head_size': 2, 'learning_rate': 0.014335723091937255}. Best is trial 0 with value: 75.93833923339844.
[I 2023-12-27 11:25:20,402] Trial 10 finished with value: 202.3468017578125 and parameters: {'gradient_clip_val': 0.9784294450166914, 'hidden_size': 149, 'dropout': 0.10157412659332299, 'hidden_continuous_size': 70, 'attention_head_size': 1, 'learning_rate': 0.07603224781405889}. Best is trial 0 with value: 75.93833923339844.
[I 2023-12-27 11:25:20,756] Trial 11 finished with value: 210.42198181152344 and parameters: {'gradient_clip_val': 0.9761531981418896, 'hidden_size': 17, 'dropout': 0.18375646635872056, 'hidden_continuous_size': 12, 'attention_head_size': 1, 'learning_rate': 0.027793957341254064}. Best is trial 0 with value: 75.93833923339844.
[I 2023-12-27 11:25:21,288] Trial 12 finished with value: 200.9989013671875 and parameters: {'gradient_clip_val': 0.640116260941074, 'hidden_size': 136, 'dropout': 0.1893430441693096, 'hidden_continuous_size': 27, 'attention_head_size': 1, 'learning_rate': 0.010936998033079402}. Best is trial 0 with value: 75.93833923339844.
[I 2023-12-27 11:25:21,746] Trial 13 finished with value: 155.21328735351562 and parameters: {'gradient_clip_val': 0.6831837862985516, 'hidden_size': 91, 'dropout': 0.3276987608982779, 'hidden_continuous_size': 21, 'attention_head_size': 3, 'learning_rate': 0.03839966718293049}. Best is trial 0 with value: 75.93833923339844.
[I 2023-12-27 11:25:22,117] Trial 14 finished with value: 168.1470184326172 and parameters: {'gradient_clip_val': 0.7198533197989424, 'hidden_size': 26, 'dropout': 0.16220779031365212, 'hidden_continuous_size': 12, 'attention_head_size': 2, 'learning_rate': 0.0963539150813034}. Best is trial 0 with value: 75.93833923339844.
[I 2023-12-27 11:25:22,561] Trial 15 finished with value: 143.5872344970703 and parameters: {'gradient_clip_val': 0.47603576749122445, 'hidden_size': 81, 'dropout': 0.2315441899936226, 'hidden_continuous_size': 41, 'attention_head_size': 1, 'learning_rate': 0.0033409538240870285}. Best is trial 0 with value: 75.93833923339844.
[I 2023-12-27 11:25:23,173] Trial 16 finished with value: 179.05419921875 and parameters: {'gradient_clip_val': 0.8104728153492957, 'hidden_size': 25, 'dropout': 0.13802226893269198, 'hidden_continuous_size': 12, 'attention_head_size': 1, 'learning_rate': 0.016473136837542104}. Best is trial 0 with value: 75.93833923339844.
[I 2023-12-27 11:25:23,525] Trial 17 finished with value: 139.11326599121094 and parameters: {'gradient_clip_val': 0.5550598112412393, 'hidden_size': 12, 'dropout': 0.22337399029572033, 'hidden_continuous_size': 6, 'attention_head_size': 3, 'learning_rate': 0.05049868736941334}. Best is trial 0 with value: 75.93833923339844.
[I 2023-12-27 11:25:23,893] Trial 18 finished with value: 134.9316864013672 and parameters: {'gradient_clip_val': 0.8417050122580519, 'hidden_size': 32, 'dropout': 0.15343852958376697, 'hidden_continuous_size': 16, 'attention_head_size': 2, 'learning_rate': 0.022588561302453878}. Best is trial 0 with value: 75.93833923339844.
[I 2023-12-27 11:25:24,240] Trial 19 finished with value: 150.3544464111328 and parameters: {'gradient_clip_val': 0.6464348136462518, 'hidden_size': 19, 'dropout': 0.1377224199591704, 'hidden_continuous_size': 8, 'attention_head_size': 1, 'learning_rate': 0.010122707347453946}. Best is trial 0 with value: 75.93833923339844.
[I 2023-12-27 11:25:24,591] Trial 20 finished with value: 158.0496063232422 and parameters: {'gradient_clip_val': 0.37326635989512885, 'hidden_size': 9, 'dropout': 0.23159912365581936, 'hidden_continuous_size': 5, 'attention_head_size': 2, 'learning_rate': 0.053889133951501376}. Best is trial 0 with value: 75.93833923339844.
[I 2023-12-27 11:25:24,949] Trial 21 finished with value: 194.45660400390625 and parameters: {'gradient_clip_val': 0.9824970501027355, 'hidden_size': 10, 'dropout': 0.10385302546345834, 'hidden_continuous_size': 7, 'attention_head_size': 2, 'learning_rate': 0.08151156746710955}. Best is trial 0 with value: 75.93833923339844.
[I 2023-12-27 11:25:25,299] Trial 22 finished with value: 198.1642608642578 and parameters: {'gradient_clip_val': 0.5717119796498843, 'hidden_size': 9, 'dropout': 0.13112897130128195, 'hidden_continuous_size': 6, 'attention_head_size': 1, 'learning_rate': 0.0974635266702511}. Best is trial 0 with value: 75.93833923339844.
[I 2023-12-27 11:25:25,648] Trial 23 finished with value: 215.709716796875 and parameters: {'gradient_clip_val': 0.7658721346898141, 'hidden_size': 7, 'dropout': 0.1727518149606641, 'hidden_continuous_size': 5, 'attention_head_size': 2, 'learning_rate': 0.030895394123796664}. Best is trial 0 with value: 75.93833923339844.
[I 2023-12-27 11:25:26,000] Trial 24 finished with value: 146.4958038330078 and parameters: {'gradient_clip_val': 0.33171834562207636, 'hidden_size': 13, 'dropout': 0.10443939209051911, 'hidden_continuous_size': 8, 'attention_head_size': 1, 'learning_rate': 0.058480792956210864}. Best is trial 0 with value: 75.93833923339844.
[I 2023-12-27 11:25:26,364] Trial 25 finished with value: 161.36346435546875 and parameters: {'gradient_clip_val': 0.4626832406407374, 'hidden_size': 20, 'dropout': 0.20381160243209362, 'hidden_continuous_size': 10, 'attention_head_size': 3, 'learning_rate': 0.03568545679449549}. Best is trial 0 with value: 75.93833923339844.
[I 2023-12-27 11:25:26,720] Trial 26 finished with value: 198.3449249267578 and parameters: {'gradient_clip_val': 0.7958768801977979, 'hidden_size': 14, 'dropout': 0.1664119428563597, 'hidden_continuous_size': 7, 'attention_head_size': 2, 'learning_rate': 0.06154983288912529}. Best is trial 0 with value: 75.93833923339844.
[I 2023-12-27 11:25:27,064] Trial 27 finished with value: 176.0498046875 and parameters: {'gradient_clip_val': 0.5933450161649261, 'hidden_size': 7, 'dropout': 0.1501478374150319, 'hidden_continuous_size': 5, 'attention_head_size': 1, 'learning_rate': 0.021995455303765694}. Best is trial 0 with value: 75.93833923339844.
[I 2023-12-27 11:25:27,423] Trial 28 finished with value: 193.3427734375 and parameters: {'gradient_clip_val': 0.23838231577868782, 'hidden_size': 22, 'dropout': 0.12803927291277278, 'hidden_continuous_size': 11, 'attention_head_size': 1, 'learning_rate': 0.04041204974454792}. Best is trial 0 with value: 75.93833923339844.
[I 2023-12-27 11:25:28,035] Trial 29 finished with value: 173.0342254638672 and parameters: {'gradient_clip_val': 0.37763425102701303, 'hidden_size': 29, 'dropout': 0.21083186578903135, 'hidden_continuous_size': 14, 'attention_head_size': 2, 'learning_rate': 0.06574828771965592}. Best is trial 0 with value: 75.93833923339844.
[I 2023-12-27 11:25:28,395] Trial 30 finished with value: 169.6761932373047 and parameters: {'gradient_clip_val': 0.8439941937258459, 'hidden_size': 15, 'dropout': 0.1827354096066678, 'hidden_continuous_size': 8, 'attention_head_size': 3, 'learning_rate': 0.0017715831942728677}. Best is trial 0 with value: 75.93833923339844.
[I 2023-12-27 11:25:28,778] Trial 31 finished with value: 203.50807189941406 and parameters: {'gradient_clip_val': 0.8734004135030213, 'hidden_size': 35, 'dropout': 0.15899550765519033, 'hidden_continuous_size': 10, 'attention_head_size': 2, 'learning_rate': 0.01835300156076167}. Best is trial 0 with value: 75.93833923339844.
[I 2023-12-27 11:25:29,150] Trial 32 finished with value: 176.55934143066406 and parameters: {'gradient_clip_val': 0.6984354771066372, 'hidden_size': 33, 'dropout': 0.12629105565870274, 'hidden_continuous_size': 16, 'attention_head_size': 2, 'learning_rate': 0.029250194526520733}. Best is trial 0 with value: 75.93833923339844.
[I 2023-12-27 11:25:29,557] Trial 33 finished with value: 163.8996124267578 and parameters: {'gradient_clip_val': 0.8533309501534307, 'hidden_size': 55, 'dropout': 0.15274918282406486, 'hidden_continuous_size': 16, 'attention_head_size': 4, 'learning_rate': 0.022612978744989957}. Best is trial 0 with value: 75.93833923339844.
[I 2023-12-27 11:25:29,906] Trial 34 finished with value: 155.3800811767578 and parameters: {'gradient_clip_val': 0.5055852534057006, 'hidden_size': 11, 'dropout': 0.24982118399464248, 'hidden_continuous_size': 8, 'attention_head_size': 1, 'learning_rate': 0.04556863122428837}. Best is trial 0 with value: 75.93833923339844.
[I 2023-12-27 11:25:30,258] Trial 35 finished with value: 231.1289825439453 and parameters: {'gradient_clip_val': 0.7073029083011656, 'hidden_size': 18, 'dropout': 0.18523966691259985, 'hidden_continuous_size': 9, 'attention_head_size': 2, 'learning_rate': 0.02428451336842858}. Best is trial 0 with value: 75.93833923339844.
[I 2023-12-27 11:25:30,588] Trial 36 finished with value: 241.62835693359375 and parameters: {'gradient_clip_val': 0.998007884460139, 'hidden_size': 5, 'dropout': 0.2897323853108449, 'hidden_continuous_size': 5, 'attention_head_size': 3, 'learning_rate': 0.01273776897681177}. Best is trial 0 with value: 75.93833923339844.
[I 2023-12-27 11:25:30,934] Trial 37 finished with value: 174.54750061035156 and parameters: {'gradient_clip_val': 0.5935978413885469, 'hidden_size': 16, 'dropout': 0.2617857227068664, 'hidden_continuous_size': 9, 'attention_head_size': 2, 'learning_rate': 0.009414494730717768}. Best is trial 0 with value: 75.93833923339844.
[I 2023-12-27 11:25:31,320] Trial 38 finished with value: 135.59170532226562 and parameters: {'gradient_clip_val': 0.2228576094821718, 'hidden_size': 49, 'dropout': 0.1185674152759489, 'hidden_continuous_size': 14, 'attention_head_size': 1, 'learning_rate': 0.01580438185370913}. Best is trial 0 with value: 75.93833923339844.
[I 2023-12-27 11:25:31,679] Trial 39 finished with value: 212.69020080566406 and parameters: {'gradient_clip_val': 0.8883115797753334, 'hidden_size': 22, 'dropout': 0.1479258833398251, 'hidden_continuous_size': 10, 'attention_head_size': 2, 'learning_rate': 0.07303655856884109}. Best is trial 0 with value: 75.93833923339844.
[I 2023-12-27 11:25:32,070] Trial 40 finished with value: 128.4386444091797 and parameters: {'gradient_clip_val': 0.7591757258663109, 'hidden_size': 41, 'dropout': 0.20083260133341385, 'hidden_continuous_size': 20, 'attention_head_size': 1, 'learning_rate': 0.03418590204181852}. Best is trial 0 with value: 75.93833923339844.
[I 2023-12-27 11:25:32,451] Trial 41 finished with value: 157.61497497558594 and parameters: {'gradient_clip_val': 0.7422272589326705, 'hidden_size': 42, 'dropout': 0.20102971990481425, 'hidden_continuous_size': 20, 'attention_head_size': 1, 'learning_rate': 0.036930578489811336}. Best is trial 0 with value: 75.93833923339844.
[I 2023-12-27 11:25:32,821] Trial 42 finished with value: 178.92657470703125 and parameters: {'gradient_clip_val': 0.8810644024285629, 'hidden_size': 34, 'dropout': 0.17497498730312402, 'hidden_continuous_size': 13, 'attention_head_size': 1, 'learning_rate': 0.01957228600048561}. Best is trial 0 with value: 75.93833923339844.
[I 2023-12-27 11:25:33,495] Trial 43 finished with value: 161.19927978515625 and parameters: {'gradient_clip_val': 0.7722508312533303, 'hidden_size': 65, 'dropout': 0.12194304191237154, 'hidden_continuous_size': 26, 'attention_head_size': 1, 'learning_rate': 0.029340865531482845}. Best is trial 0 with value: 75.93833923339844.
[I 2023-12-27 11:25:34,000] Trial 44 finished with value: 188.5511932373047 and parameters: {'gradient_clip_val': 0.6548705314408769, 'hidden_size': 121, 'dropout': 0.1634348223222477, 'hidden_continuous_size': 34, 'attention_head_size': 1, 'learning_rate': 0.04911042211703839}. Best is trial 0 with value: 75.93833923339844.
[I 2023-12-27 11:25:34,411] Trial 45 finished with value: 226.03973388671875 and parameters: {'gradient_clip_val': 0.9159712673043136, 'hidden_size': 65, 'dropout': 0.20012375240621316, 'hidden_continuous_size': 18, 'attention_head_size': 1, 'learning_rate': 0.034878219783640085}. Best is trial 0 with value: 75.93833923339844.
[I 2023-12-27 11:25:34,800] Trial 46 finished with value: 148.83001708984375 and parameters: {'gradient_clip_val': 0.8254000355948734, 'hidden_size': 43, 'dropout': 0.3146148099345006, 'hidden_continuous_size': 16, 'attention_head_size': 2, 'learning_rate': 0.025025319506426925}. Best is trial 0 with value: 75.93833923339844.
[I 2023-12-27 11:25:35,301] Trial 47 finished with value: 174.37733459472656 and parameters: {'gradient_clip_val': 0.9951488041430189, 'hidden_size': 108, 'dropout': 0.1437609064661964, 'hidden_continuous_size': 23, 'attention_head_size': 4, 'learning_rate': 0.04362168937791895}. Best is trial 0 with value: 75.93833923339844.
[I 2023-12-27 11:25:35,739] Trial 48 finished with value: 202.4310302734375 and parameters: {'gradient_clip_val': 0.748835915382035, 'hidden_size': 80, 'dropout': 0.22348307104302728, 'hidden_continuous_size': 57, 'attention_head_size': 1, 'learning_rate': 0.013698588238231755}. Best is trial 0 with value: 75.93833923339844.
[I 2023-12-27 11:25:36,118] Trial 49 finished with value: 142.67161560058594 and parameters: {'gradient_clip_val': 0.6516574611457553, 'hidden_size': 30, 'dropout': 0.1911726301443757, 'hidden_continuous_size': 18, 'attention_head_size': 1, 'learning_rate': 0.07880438001422496}. Best is trial 0 with value: 75.93833923339844.
[I 2023-12-27 11:25:36,233] A new study created in memory with name: no-name-73fe60a3-0b8e-4620-b647-7d7ae246a841
/home/le004/conda/anaconda3/envs/tsff_env/lib/python3.9/site-packages/lightning/fabric/plugins/environments/slurm.py:191: The `srun` command is available on your system but is not used. HINT: If your intention is to run Lightning on SLURM, prepend your python command with `srun` like so: srun python /home/le004/master_thesis/git/TSFusionForecast/code/ ...
[I 2023-12-27 11:26:07,038] Trial 0 finished with value: 17.935861587524414 and parameters: {'gradient_clip_val': 0.4940776735910002, 'hidden_size': 25, 'dropout': 0.4440443906597604, 'hidden_continuous_size': 5, 'attention_head_size': 1, 'learning_rate': 0.005985041107319642}. Best is trial 0 with value: 17.935861587524414.
[I 2023-12-27 11:26:07,345] Trial 1 finished with value: 66.2662124633789 and parameters: {'gradient_clip_val': 0.16331686512590626, 'hidden_size': 5, 'dropout': 0.4290319840866199, 'hidden_continuous_size': 5, 'attention_head_size': 3, 'learning_rate': 0.0011427444538875482}. Best is trial 0 with value: 17.935861587524414.
[I 2023-12-27 11:26:07,720] Trial 2 finished with value: 60.79304885864258 and parameters: {'gradient_clip_val': 0.27349228763343275, 'hidden_size': 23, 'dropout': 0.29075267595696686, 'hidden_continuous_size': 12, 'attention_head_size': 4, 'learning_rate': 0.001522155597193129}. Best is trial 0 with value: 17.935861587524414.
[I 2023-12-27 11:26:08,057] Trial 3 finished with value: 47.49623489379883 and parameters: {'gradient_clip_val': 0.2943253050526417, 'hidden_size': 7, 'dropout': 0.27962042992894176, 'hidden_continuous_size': 5, 'attention_head_size': 1, 'learning_rate': 0.026625399779740048}. Best is trial 0 with value: 17.935861587524414.
[I 2023-12-27 11:26:08,618] Trial 4 finished with value: 58.674102783203125 and parameters: {'gradient_clip_val': 0.14389608935057593, 'hidden_size': 6, 'dropout': 0.3604707586639804, 'hidden_continuous_size': 5, 'attention_head_size': 3, 'learning_rate': 0.013204727237647219}. Best is trial 0 with value: 17.935861587524414.
[I 2023-12-27 11:26:08,980] Trial 5 finished with value: 59.19325256347656 and parameters: {'gradient_clip_val': 0.17191064252489474, 'hidden_size': 14, 'dropout': 0.2441236939504935, 'hidden_continuous_size': 12, 'attention_head_size': 4, 'learning_rate': 0.0025699836756742493}. Best is trial 0 with value: 17.935861587524414.
[I 2023-12-27 11:26:09,592] Trial 6 finished with value: 52.44187545776367 and parameters: {'gradient_clip_val': 0.11492996001774908, 'hidden_size': 150, 'dropout': 0.2853508968880456, 'hidden_continuous_size': 116, 'attention_head_size': 4, 'learning_rate': 0.002578159519959051}. Best is trial 0 with value: 17.935861587524414.
[I 2023-12-27 11:26:09,914] Trial 7 finished with value: 41.79379653930664 and parameters: {'gradient_clip_val': 0.27182224706511166, 'hidden_size': 8, 'dropout': 0.17958680312298872, 'hidden_continuous_size': 5, 'attention_head_size': 3, 'learning_rate': 0.002121683631901968}. Best is trial 0 with value: 17.935861587524414.
[I 2023-12-27 11:26:10,437] Trial 8 finished with value: 72.42150115966797 and parameters: {'gradient_clip_val': 0.11300817223947617, 'hidden_size': 130, 'dropout': 0.24988052832935767, 'hidden_continuous_size': 65, 'attention_head_size': 3, 'learning_rate': 0.024567413334153985}. Best is trial 0 with value: 17.935861587524414.
[I 2023-12-27 11:26:10,792] Trial 9 finished with value: 58.55560302734375 and parameters: {'gradient_clip_val': 0.2217859345718479, 'hidden_size': 27, 'dropout': 0.39187640683146663, 'hidden_continuous_size': 13, 'attention_head_size': 1, 'learning_rate': 0.015042512211106328}. Best is trial 0 with value: 17.935861587524414.
[I 2023-12-27 11:26:11,185] Trial 10 finished with value: 56.8875846862793 and parameters: {'gradient_clip_val': 0.5900558294423209, 'hidden_size': 52, 'dropout': 0.4998509897248734, 'hidden_continuous_size': 8, 'attention_head_size': 2, 'learning_rate': 0.08432064081169557}. Best is trial 0 with value: 17.935861587524414.
[I 2023-12-27 11:26:11,552] Trial 11 finished with value: 49.04693603515625 and parameters: {'gradient_clip_val': 0.4869473564625513, 'hidden_size': 12, 'dropout': 0.1529827901752298, 'hidden_continuous_size': 5, 'attention_head_size': 2, 'learning_rate': 0.0005761143684628361}. Best is trial 0 with value: 17.935861587524414.
[I 2023-12-27 11:26:11,937] Trial 12 finished with value: 58.74538803100586 and parameters: {'gradient_clip_val': 0.9565241847756479, 'hidden_size': 10, 'dropout': 0.1398339743001298, 'hidden_continuous_size': 6, 'attention_head_size': 2, 'learning_rate': 0.005033026554753335}. Best is trial 0 with value: 17.935861587524414.
[I 2023-12-27 11:26:12,315] Trial 13 finished with value: 60.413814544677734 and parameters: {'gradient_clip_val': 0.43626975035409754, 'hidden_size': 20, 'dropout': 0.17909766808915148, 'hidden_continuous_size': 7, 'attention_head_size': 1, 'learning_rate': 0.005749961956831152}. Best is trial 0 with value: 17.935861587524414.
[I 2023-12-27 11:26:12,701] Trial 14 finished with value: 57.042789459228516 and parameters: {'gradient_clip_val': 0.3669574702937931, 'hidden_size': 39, 'dropout': 0.1051048239896199, 'hidden_continuous_size': 8, 'attention_head_size': 2, 'learning_rate': 0.004347114896681719}. Best is trial 0 with value: 17.935861587524414.
[I 2023-12-27 11:26:13,072] Trial 15 finished with value: 47.17771530151367 and parameters: {'gradient_clip_val': 0.21713538425049053, 'hidden_size': 9, 'dropout': 0.3429376279935414, 'hidden_continuous_size': 5, 'attention_head_size': 3, 'learning_rate': 0.008963257051244249}. Best is trial 0 with value: 17.935861587524414.
