[I 2023-12-27 10:54:23,521] Trial 29 finished with value: 303.5919494628906 and parameters: {'gradient_clip_val': 0.45600199690766613, 'hidden_size': 92, 'dropout': 0.23026754168541935, 'hidden_continuous_size': 18, 'attention_head_size': 4, 'learning_rate': 0.04457009728616472}. Best is trial 0 with value: 77.09077453613281.
[I 2023-12-27 10:54:24,172] Trial 30 finished with value: 216.6390838623047 and parameters: {'gradient_clip_val': 0.4334122790505449, 'hidden_size': 149, 'dropout': 0.2493959696220591, 'hidden_continuous_size': 140, 'attention_head_size': 1, 'learning_rate': 0.0012358388914653394}. Best is trial 0 with value: 77.09077453613281.
[I 2023-12-27 10:54:24,811] Trial 31 finished with value: 235.43019104003906 and parameters: {'gradient_clip_val': 0.3978601442626711, 'hidden_size': 148, 'dropout': 0.2566772728323285, 'hidden_continuous_size': 116, 'attention_head_size': 1, 'learning_rate': 0.0005111593344238875}. Best is trial 0 with value: 77.09077453613281.
[I 2023-12-27 10:54:25,307] Trial 32 finished with value: 402.964599609375 and parameters: {'gradient_clip_val': 0.5596681323754438, 'hidden_size': 87, 'dropout': 0.289487367930171, 'hidden_continuous_size': 71, 'attention_head_size': 1, 'learning_rate': 0.0012025309544167653}. Best is trial 0 with value: 77.09077453613281.
[I 2023-12-27 10:54:25,809] Trial 33 finished with value: 228.4026641845703 and parameters: {'gradient_clip_val': 0.4726647600873075, 'hidden_size': 110, 'dropout': 0.2545699722439441, 'hidden_continuous_size': 42, 'attention_head_size': 1, 'learning_rate': 0.0007589868358065126}. Best is trial 0 with value: 77.09077453613281.
[I 2023-12-27 10:54:26,288] Trial 34 finished with value: 275.82891845703125 and parameters: {'gradient_clip_val': 0.8170948848755111, 'hidden_size': 86, 'dropout': 0.32540964774382775, 'hidden_continuous_size': 64, 'attention_head_size': 2, 'learning_rate': 0.001268687010354753}. Best is trial 0 with value: 77.09077453613281.
[I 2023-12-27 10:54:26,721] Trial 35 finished with value: 277.41064453125 and parameters: {'gradient_clip_val': 0.6477384064103113, 'hidden_size': 63, 'dropout': 0.22508280861364907, 'hidden_continuous_size': 26, 'attention_head_size': 1, 'learning_rate': 0.0007917385604538582}. Best is trial 0 with value: 77.09077453613281.
[I 2023-12-27 10:54:27,312] Trial 36 finished with value: 250.06031799316406 and parameters: {'gradient_clip_val': 0.9766964132673829, 'hidden_size': 9, 'dropout': 0.2797504041318872, 'hidden_continuous_size': 7, 'attention_head_size': 4, 'learning_rate': 0.0018260378967449628}. Best is trial 0 with value: 77.09077453613281.
[I 2023-12-27 10:54:27,904] Trial 37 finished with value: 206.2876739501953 and parameters: {'gradient_clip_val': 0.8294559329064248, 'hidden_size': 121, 'dropout': 0.19571208520257755, 'hidden_continuous_size': 120, 'attention_head_size': 3, 'learning_rate': 0.0012804191902582322}. Best is trial 0 with value: 77.09077453613281.
[I 2023-12-27 10:54:28,350] Trial 38 finished with value: 350.0881042480469 and parameters: {'gradient_clip_val': 0.8462143709719623, 'hidden_size': 71, 'dropout': 0.1926698951940937, 'hidden_continuous_size': 13, 'attention_head_size': 3, 'learning_rate': 0.0022385327918245062}. Best is trial 0 with value: 77.09077453613281.
[I 2023-12-27 10:54:28,856] Trial 39 finished with value: 285.2129211425781 and parameters: {'gradient_clip_val': 0.868123594602513, 'hidden_size': 101, 'dropout': 0.37708729918989203, 'hidden_continuous_size': 21, 'attention_head_size': 4, 'learning_rate': 0.0006487626122771268}. Best is trial 0 with value: 77.09077453613281.
[I 2023-12-27 10:54:29,381] Trial 40 finished with value: 231.4767608642578 and parameters: {'gradient_clip_val': 0.6969327673138238, 'hidden_size': 115, 'dropout': 0.13530587104019093, 'hidden_continuous_size': 75, 'attention_head_size': 3, 'learning_rate': 0.0006549275422746153}. Best is trial 0 with value: 77.09077453613281.
[I 2023-12-27 10:54:29,969] Trial 41 finished with value: 252.6890411376953 and parameters: {'gradient_clip_val': 0.872855108214565, 'hidden_size': 129, 'dropout': 0.21631736075360009, 'hidden_continuous_size': 113, 'attention_head_size': 3, 'learning_rate': 0.0013047855463999595}. Best is trial 0 with value: 77.09077453613281.
[I 2023-12-27 10:54:30,591] Trial 42 finished with value: 268.5096740722656 and parameters: {'gradient_clip_val': 0.5521198759122825, 'hidden_size': 133, 'dropout': 0.2398137220533732, 'hidden_continuous_size': 130, 'attention_head_size': 4, 'learning_rate': 0.00109945582881566}. Best is trial 0 with value: 77.09077453613281.
[I 2023-12-27 10:54:31,245] Trial 43 finished with value: 276.6123962402344 and parameters: {'gradient_clip_val': 0.9437222845897181, 'hidden_size': 150, 'dropout': 0.1934140208943133, 'hidden_continuous_size': 138, 'attention_head_size': 1, 'learning_rate': 0.0005009885077545482}. Best is trial 0 with value: 77.09077453613281.
[I 2023-12-27 10:54:31,703] Trial 44 finished with value: 311.9234619140625 and parameters: {'gradient_clip_val': 0.4250295885585426, 'hidden_size': 77, 'dropout': 0.26863428470971673, 'hidden_continuous_size': 56, 'attention_head_size': 2, 'learning_rate': 0.0009525603414896306}. Best is trial 0 with value: 77.09077453613281.
[I 2023-12-27 10:54:32,191] Trial 45 finished with value: 310.2156677246094 and parameters: {'gradient_clip_val': 0.6567747997518301, 'hidden_size': 87, 'dropout': 0.17732382058218765, 'hidden_continuous_size': 75, 'attention_head_size': 3, 'learning_rate': 0.0015482025984365506}. Best is trial 0 with value: 77.09077453613281.
[I 2023-12-27 10:54:32,749] Trial 46 finished with value: 256.8695983886719 and parameters: {'gradient_clip_val': 0.8063599312483178, 'hidden_size': 124, 'dropout': 0.23809149170040034, 'hidden_continuous_size': 91, 'attention_head_size': 3, 'learning_rate': 0.0019573388476583544}. Best is trial 0 with value: 77.09077453613281.
[I 2023-12-27 10:54:33,403] Trial 47 finished with value: 251.96563720703125 and parameters: {'gradient_clip_val': 0.9073349921298076, 'hidden_size': 150, 'dropout': 0.31515599146417755, 'hidden_continuous_size': 139, 'attention_head_size': 1, 'learning_rate': 0.0024905792654646196}. Best is trial 0 with value: 77.09077453613281.
[I 2023-12-27 10:54:33,899] Trial 48 finished with value: 276.76904296875 and parameters: {'gradient_clip_val': 0.519504106853748, 'hidden_size': 100, 'dropout': 0.29061521942980645, 'hidden_continuous_size': 82, 'attention_head_size': 2, 'learning_rate': 0.0006641211000244137}. Best is trial 0 with value: 77.09077453613281.
[I 2023-12-27 10:54:34,525] Trial 49 finished with value: 225.7394561767578 and parameters: {'gradient_clip_val': 0.9968870477642919, 'hidden_size': 56, 'dropout': 0.33842549993946774, 'hidden_continuous_size': 50, 'attention_head_size': 4, 'learning_rate': 0.0013624807389366004}. Best is trial 0 with value: 77.09077453613281.
[I 2023-12-27 10:54:34,633] A new study created in memory with name: no-name-5f67f366-8294-4b88-b888-54b0672bd077
/home/le004/conda/anaconda3/envs/tsff_env/lib/python3.9/site-packages/lightning/fabric/plugins/environments/slurm.py:191: The `srun` command is available on your system but is not used. HINT: If your intention is to run Lightning on SLURM, prepend your python command with `srun` like so: srun python /home/le004/master_thesis/git/TSFusionForecast/code/ ...
[I 2023-12-27 10:55:21,800] Trial 0 finished with value: 128.3341064453125 and parameters: {'gradient_clip_val': 0.13104264357284257, 'hidden_size': 112, 'dropout': 0.3433550794591468, 'hidden_continuous_size': 14, 'attention_head_size': 4, 'learning_rate': 0.0005981436386809856}. Best is trial 0 with value: 128.3341064453125.
[I 2023-12-27 10:55:26,996] Trial 1 finished with value: 273.3006286621094 and parameters: {'gradient_clip_val': 0.20962776612396064, 'hidden_size': 78, 'dropout': 0.3220846367463029, 'hidden_continuous_size': 14, 'attention_head_size': 4, 'learning_rate': 0.0008399330006253357}. Best is trial 0 with value: 128.3341064453125.
[I 2023-12-27 10:55:27,360] Trial 2 finished with value: 246.7882843017578 and parameters: {'gradient_clip_val': 0.6060225154199671, 'hidden_size': 17, 'dropout': 0.39837107497584734, 'hidden_continuous_size': 14, 'attention_head_size': 1, 'learning_rate': 0.024459217023121583}. Best is trial 0 with value: 128.3341064453125.
[I 2023-12-27 10:55:27,893] Trial 3 finished with value: 304.1487121582031 and parameters: {'gradient_clip_val': 0.9378721869130381, 'hidden_size': 117, 'dropout': 0.21666395013592085, 'hidden_continuous_size': 83, 'attention_head_size': 1, 'learning_rate': 0.0008855664463970047}. Best is trial 0 with value: 128.3341064453125.
[I 2023-12-27 10:55:28,219] Trial 4 finished with value: 356.97705078125 and parameters: {'gradient_clip_val': 0.2901152807122878, 'hidden_size': 5, 'dropout': 0.212493091402348, 'hidden_continuous_size': 5, 'attention_head_size': 1, 'learning_rate': 0.08586359613601417}. Best is trial 0 with value: 128.3341064453125.
[I 2023-12-27 10:55:28,573] Trial 5 finished with value: 352.6499328613281 and parameters: {'gradient_clip_val': 0.12700353242551343, 'hidden_size': 14, 'dropout': 0.28706469875808793, 'hidden_continuous_size': 13, 'attention_head_size': 1, 'learning_rate': 0.030490909230284656}. Best is trial 0 with value: 128.3341064453125.
[I 2023-12-27 10:55:28,924] Trial 6 finished with value: 220.98045349121094 and parameters: {'gradient_clip_val': 0.46184102124557347, 'hidden_size': 13, 'dropout': 0.3634087051442373, 'hidden_continuous_size': 5, 'attention_head_size': 1, 'learning_rate': 0.08353280513540935}. Best is trial 0 with value: 128.3341064453125.
[I 2023-12-27 10:55:29,264] Trial 7 finished with value: 256.8174743652344 and parameters: {'gradient_clip_val': 0.2360876661885635, 'hidden_size': 7, 'dropout': 0.146474335564471, 'hidden_continuous_size': 6, 'attention_head_size': 2, 'learning_rate': 0.0024502472622955204}. Best is trial 0 with value: 128.3341064453125.
[I 2023-12-27 10:55:29,676] Trial 8 finished with value: 312.3089294433594 and parameters: {'gradient_clip_val': 0.9345941977984725, 'hidden_size': 71, 'dropout': 0.4669113965742422, 'hidden_continuous_size': 29, 'attention_head_size': 1, 'learning_rate': 0.0033357535076320665}. Best is trial 0 with value: 128.3341064453125.
[I 2023-12-27 10:55:30,016] Trial 9 finished with value: 237.8907012939453 and parameters: {'gradient_clip_val': 0.10045211674584013, 'hidden_size': 14, 'dropout': 0.3838927981225324, 'hidden_continuous_size': 12, 'attention_head_size': 2, 'learning_rate': 0.07597631321377978}. Best is trial 0 with value: 128.3341064453125.
[I 2023-12-27 10:55:30,595] Trial 10 finished with value: 261.3183288574219 and parameters: {'gradient_clip_val': 0.16140693827387728, 'hidden_size': 40, 'dropout': 0.46933736462225495, 'hidden_continuous_size': 8, 'attention_head_size': 4, 'learning_rate': 0.0007231781612213461}. Best is trial 0 with value: 128.3341064453125.
[I 2023-12-27 10:55:31,145] Trial 11 finished with value: 275.75244140625 and parameters: {'gradient_clip_val': 0.3802022874823752, 'hidden_size': 147, 'dropout': 0.34810141131649747, 'hidden_continuous_size': 5, 'attention_head_size': 3, 'learning_rate': 0.0105769152968451}. Best is trial 0 with value: 128.3341064453125.
[I 2023-12-27 10:55:31,524] Trial 12 finished with value: 188.1925506591797 and parameters: {'gradient_clip_val': 0.3906318437756297, 'hidden_size': 34, 'dropout': 0.4054780807289008, 'hidden_continuous_size': 8, 'attention_head_size': 3, 'learning_rate': 0.006702281045237104}. Best is trial 0 with value: 128.3341064453125.
[I 2023-12-27 10:55:31,934] Trial 13 finished with value: 336.9707336425781 and parameters: {'gradient_clip_val': 0.19553465426174832, 'hidden_size': 42, 'dropout': 0.42058357019331616, 'hidden_continuous_size': 9, 'attention_head_size': 3, 'learning_rate': 0.0025267553900714915}. Best is trial 0 with value: 128.3341064453125.
[I 2023-12-27 10:55:32,324] Trial 14 finished with value: 251.4995574951172 and parameters: {'gradient_clip_val': 0.2955253523651868, 'hidden_size': 33, 'dropout': 0.4971071076207314, 'hidden_continuous_size': 8, 'attention_head_size': 4, 'learning_rate': 0.0081053829846846}. Best is trial 0 with value: 128.3341064453125.
[I 2023-12-27 10:55:32,763] Trial 15 finished with value: 229.6455841064453 and parameters: {'gradient_clip_val': 0.14669141968863972, 'hidden_size': 63, 'dropout': 0.42403588005010107, 'hidden_continuous_size': 21, 'attention_head_size': 3, 'learning_rate': 0.0017912843114127872}. Best is trial 0 with value: 128.3341064453125.
[I 2023-12-27 10:55:33,140] Trial 16 finished with value: 244.01458740234375 and parameters: {'gradient_clip_val': 0.10822816035837583, 'hidden_size': 22, 'dropout': 0.3073261609001282, 'hidden_continuous_size': 7, 'attention_head_size': 4, 'learning_rate': 0.0005492036931718797}. Best is trial 0 with value: 128.3341064453125.
[I 2023-12-27 10:55:33,621] Trial 17 finished with value: 264.5621643066406 and parameters: {'gradient_clip_val': 0.16966113244556583, 'hidden_size': 97, 'dropout': 0.27862850290056906, 'hidden_continuous_size': 22, 'attention_head_size': 3, 'learning_rate': 0.004891035723008491}. Best is trial 0 with value: 128.3341064453125.
[I 2023-12-27 10:55:34,026] Trial 18 finished with value: 290.5101623535156 and parameters: {'gradient_clip_val': 0.22906364533299067, 'hidden_size': 51, 'dropout': 0.3447318836020823, 'hidden_continuous_size': 9, 'attention_head_size': 2, 'learning_rate': 0.0014042805547180579}. Best is trial 0 with value: 128.3341064453125.
[I 2023-12-27 10:55:34,409] Trial 19 finished with value: 241.613525390625 and parameters: {'gradient_clip_val': 0.3733722416263795, 'hidden_size': 30, 'dropout': 0.4190304415998803, 'hidden_continuous_size': 10, 'attention_head_size': 4, 'learning_rate': 0.0014606133595314234}. Best is trial 0 with value: 128.3341064453125.
[I 2023-12-27 10:55:34,890] Trial 20 finished with value: 230.4871826171875 and parameters: {'gradient_clip_val': 0.13451198157191227, 'hidden_size': 95, 'dropout': 0.3628540028410029, 'hidden_continuous_size': 17, 'attention_head_size': 3, 'learning_rate': 0.004916978806077071}. Best is trial 0 with value: 128.3341064453125.
[I 2023-12-27 10:55:35,293] Trial 21 finished with value: 252.9441680908203 and parameters: {'gradient_clip_val': 0.41553805857120146, 'hidden_size': 56, 'dropout': 0.37554465373979823, 'hidden_continuous_size': 6, 'attention_head_size': 2, 'learning_rate': 0.01810873857926774}. Best is trial 0 with value: 128.3341064453125.
[I 2023-12-27 10:55:35,658] Trial 22 finished with value: 222.5549774169922 and parameters: {'gradient_clip_val': 0.5075908349844941, 'hidden_size': 24, 'dropout': 0.33542052299203984, 'hidden_continuous_size': 5, 'attention_head_size': 3, 'learning_rate': 0.04786769710505647}. Best is trial 0 with value: 128.3341064453125.
[I 2023-12-27 10:55:36,035] Trial 23 finished with value: 216.40673828125 and parameters: {'gradient_clip_val': 0.2768287634152186, 'hidden_size': 10, 'dropout': 0.39144600547911623, 'hidden_continuous_size': 6, 'attention_head_size': 2, 'learning_rate': 0.012125800949604498}. Best is trial 0 with value: 128.3341064453125.
[I 2023-12-27 10:55:50,963] Trial 24 finished with value: 116.57715606689453 and parameters: {'gradient_clip_val': 0.3149716224737786, 'hidden_size': 9, 'dropout': 0.40651012939279885, 'hidden_continuous_size': 6, 'attention_head_size': 2, 'learning_rate': 0.012397364314016848}. Best is trial 24 with value: 116.57715606689453.
[I 2023-12-27 10:55:51,315] Trial 25 finished with value: 218.070068359375 and parameters: {'gradient_clip_val': 0.3354910660037866, 'hidden_size': 19, 'dropout': 0.4566985473502418, 'hidden_continuous_size': 7, 'attention_head_size': 2, 'learning_rate': 0.005322189153157136}. Best is trial 24 with value: 116.57715606689453.
[I 2023-12-27 10:55:51,686] Trial 26 finished with value: 351.0479431152344 and parameters: {'gradient_clip_val': 0.24634000013525748, 'hidden_size': 25, 'dropout': 0.4170193315744912, 'hidden_continuous_size': 11, 'attention_head_size': 4, 'learning_rate': 0.014417293150729047}. Best is trial 24 with value: 116.57715606689453.
[I 2023-12-27 10:55:52,055] Trial 27 finished with value: 263.6973876953125 and parameters: {'gradient_clip_val': 0.18726791390335376, 'hidden_size': 33, 'dropout': 0.44842250084928614, 'hidden_continuous_size': 10, 'attention_head_size': 3, 'learning_rate': 0.007673837274733785}. Best is trial 24 with value: 116.57715606689453.
[I 2023-12-27 10:55:52,464] Trial 28 finished with value: 247.9249267578125 and parameters: {'gradient_clip_val': 0.3347283523516176, 'hidden_size': 41, 'dropout': 0.3921525016805129, 'hidden_continuous_size': 7, 'attention_head_size': 2, 'learning_rate': 0.003943347257884711}. Best is trial 24 with value: 116.57715606689453.
[I 2023-12-27 10:55:52,909] Trial 29 finished with value: 279.1976013183594 and parameters: {'gradient_clip_val': 0.22162990903514562, 'hidden_size': 74, 'dropout': 0.31874869189498223, 'hidden_continuous_size': 12, 'attention_head_size': 4, 'learning_rate': 0.008847647479715531}. Best is trial 24 with value: 116.57715606689453.
[I 2023-12-27 10:55:53,358] Trial 30 finished with value: 177.77366638183594 and parameters: {'gradient_clip_val': 0.19796584799895434, 'hidden_size': 86, 'dropout': 0.3270372145061179, 'hidden_continuous_size': 14, 'attention_head_size': 3, 'learning_rate': 0.006280133493046437}. Best is trial 24 with value: 116.57715606689453.
[I 2023-12-27 10:55:53,805] Trial 31 finished with value: 304.93505859375 and parameters: {'gradient_clip_val': 0.19516631855663436, 'hidden_size': 87, 'dropout': 0.33863332783974304, 'hidden_continuous_size': 16, 'attention_head_size': 3, 'learning_rate': 0.006417949657072232}. Best is trial 24 with value: 116.57715606689453.
[I 2023-12-27 10:55:54,356] Trial 32 finished with value: 290.1147155761719 and parameters: {'gradient_clip_val': 0.2563569954260599, 'hidden_size': 143, 'dropout': 0.31275760286340404, 'hidden_continuous_size': 14, 'attention_head_size': 3, 'learning_rate': 0.014430817585436672}. Best is trial 24 with value: 116.57715606689453.
[I 2023-12-27 10:55:54,841] Trial 33 finished with value: 258.3638000488281 and parameters: {'gradient_clip_val': 0.16364682940318964, 'hidden_size': 113, 'dropout': 0.37025232432433813, 'hidden_continuous_size': 11, 'attention_head_size': 4, 'learning_rate': 0.020431668663779313}. Best is trial 24 with value: 116.57715606689453.
[I 2023-12-27 10:55:55,255] Trial 34 finished with value: 208.0907745361328 and parameters: {'gradient_clip_val': 0.3126364046416443, 'hidden_size': 80, 'dropout': 0.40606576862140575, 'hidden_continuous_size': 16, 'attention_head_size': 3, 'learning_rate': 0.006592737507677503}. Best is trial 24 with value: 116.57715606689453.
[I 2023-12-27 10:55:55,864] Trial 35 finished with value: 256.6694641113281 and parameters: {'gradient_clip_val': 0.12241022674773837, 'hidden_size': 62, 'dropout': 0.26509666944351223, 'hidden_continuous_size': 9, 'attention_head_size': 2, 'learning_rate': 0.010111465121286682}. Best is trial 24 with value: 116.57715606689453.
[I 2023-12-27 10:55:56,366] Trial 36 finished with value: 270.3328552246094 and parameters: {'gradient_clip_val': 0.26760681234973666, 'hidden_size': 115, 'dropout': 0.3654501061810802, 'hidden_continuous_size': 13, 'attention_head_size': 4, 'learning_rate': 0.0009147892876601166}. Best is trial 24 with value: 116.57715606689453.
[I 2023-12-27 10:55:56,756] Trial 37 finished with value: 321.68182373046875 and parameters: {'gradient_clip_val': 0.21297489681629564, 'hidden_size': 50, 'dropout': 0.2986412165870708, 'hidden_continuous_size': 14, 'attention_head_size': 3, 'learning_rate': 0.003602336417790602}. Best is trial 24 with value: 116.57715606689453.
[I 2023-12-27 10:55:57,064] Trial 38 finished with value: 305.7132568359375 and parameters: {'gradient_clip_val': 0.11952348660045285, 'hidden_size': 5, 'dropout': 0.3957765158048115, 'hidden_continuous_size': 5, 'attention_head_size': 2, 'learning_rate': 0.028823658001985154}. Best is trial 24 with value: 116.57715606689453.
[I 2023-12-27 10:55:57,429] Trial 39 finished with value: 175.59486389160156 and parameters: {'gradient_clip_val': 0.14740741493655865, 'hidden_size': 17, 'dropout': 0.324299545925444, 'hidden_continuous_size': 8, 'attention_head_size': 1, 'learning_rate': 0.002463135243696623}. Best is trial 24 with value: 116.57715606689453.
[I 2023-12-27 10:55:57,776] Trial 40 finished with value: 226.409423828125 and parameters: {'gradient_clip_val': 0.14297007886155388, 'hidden_size': 10, 'dropout': 0.27493608014678783, 'hidden_continuous_size': 6, 'attention_head_size': 1, 'learning_rate': 0.0027367880887371764}. Best is trial 24 with value: 116.57715606689453.
[I 2023-12-27 10:55:58,122] Trial 41 finished with value: 293.2474670410156 and parameters: {'gradient_clip_val': 0.15651129613597425, 'hidden_size': 18, 'dropout': 0.3289353841207757, 'hidden_continuous_size': 8, 'attention_head_size': 1, 'learning_rate': 0.0063453807167198955}. Best is trial 24 with value: 116.57715606689453.
[I 2023-12-27 10:55:58,486] Trial 42 finished with value: 277.8824157714844 and parameters: {'gradient_clip_val': 0.18111317544396935, 'hidden_size': 15, 'dropout': 0.3519382723116565, 'hidden_continuous_size': 7, 'attention_head_size': 1, 'learning_rate': 0.00436896908136356}. Best is trial 24 with value: 116.57715606689453.
[I 2023-12-27 10:55:58,860] Trial 43 finished with value: 182.489990234375 and parameters: {'gradient_clip_val': 0.14320031999286098, 'hidden_size': 21, 'dropout': 0.3276123518205721, 'hidden_continuous_size': 8, 'attention_head_size': 1, 'learning_rate': 0.0032074393616825466}. Best is trial 24 with value: 116.57715606689453.
