[I 2023-12-27 11:09:31,974] Trial 37 finished with value: 67.8735580444336 and parameters: {'gradient_clip_val': 0.33825785287399257, 'hidden_size': 6, 'dropout': 0.45856325380753926, 'hidden_continuous_size': 5, 'attention_head_size': 4, 'learning_rate': 0.026120736616650504}. Best is trial 0 with value: 30.834321975708008.
[I 2023-12-27 11:09:32,340] Trial 38 finished with value: 59.66184616088867 and parameters: {'gradient_clip_val': 0.2754003599604579, 'hidden_size': 9, 'dropout': 0.39807203158188725, 'hidden_continuous_size': 6, 'attention_head_size': 3, 'learning_rate': 0.013008214794097283}. Best is trial 0 with value: 30.834321975708008.
[I 2023-12-27 11:09:32,665] Trial 39 finished with value: 61.28632736206055 and parameters: {'gradient_clip_val': 0.37414397143650796, 'hidden_size': 5, 'dropout': 0.38515347674911293, 'hidden_continuous_size': 5, 'attention_head_size': 2, 'learning_rate': 0.01011085825124986}. Best is trial 0 with value: 30.834321975708008.
[I 2023-12-27 11:09:33,025] Trial 40 finished with value: 68.60946655273438 and parameters: {'gradient_clip_val': 0.2333729377788446, 'hidden_size': 12, 'dropout': 0.3582049741701576, 'hidden_continuous_size': 7, 'attention_head_size': 1, 'learning_rate': 0.04802025355058971}. Best is trial 0 with value: 30.834321975708008.
[I 2023-12-27 11:09:33,395] Trial 41 finished with value: 80.16719055175781 and parameters: {'gradient_clip_val': 0.30529888938957883, 'hidden_size': 10, 'dropout': 0.3940203365167747, 'hidden_continuous_size': 6, 'attention_head_size': 3, 'learning_rate': 0.013971283543588125}. Best is trial 0 with value: 30.834321975708008.
[I 2023-12-27 11:09:33,768] Trial 42 finished with value: 73.71363067626953 and parameters: {'gradient_clip_val': 0.2768803351998696, 'hidden_size': 9, 'dropout': 0.4215620442033998, 'hidden_continuous_size': 6, 'attention_head_size': 3, 'learning_rate': 0.03391756353560599}. Best is trial 0 with value: 30.834321975708008.
[I 2023-12-27 11:09:34,151] Trial 43 finished with value: 70.26441955566406 and parameters: {'gradient_clip_val': 0.2688146090689722, 'hidden_size': 15, 'dropout': 0.3355575385240161, 'hidden_continuous_size': 7, 'attention_head_size': 3, 'learning_rate': 0.007710222737935112}. Best is trial 0 with value: 30.834321975708008.
[I 2023-12-27 11:09:34,534] Trial 44 finished with value: 68.56757354736328 and parameters: {'gradient_clip_val': 0.1908930740934407, 'hidden_size': 12, 'dropout': 0.37884142823772904, 'hidden_continuous_size': 6, 'attention_head_size': 3, 'learning_rate': 0.013065941633814282}. Best is trial 0 with value: 30.834321975708008.
[I 2023-12-27 11:09:34,920] Trial 45 finished with value: 73.06917572021484 and parameters: {'gradient_clip_val': 0.38681440429727837, 'hidden_size': 10, 'dropout': 0.3579976343879369, 'hidden_continuous_size': 6, 'attention_head_size': 4, 'learning_rate': 0.019306235709132587}. Best is trial 0 with value: 30.834321975708008.
[I 2023-12-27 11:09:35,278] Trial 46 finished with value: 80.3776626586914 and parameters: {'gradient_clip_val': 0.23148284336860572, 'hidden_size': 8, 'dropout': 0.4028919087351681, 'hidden_continuous_size': 6, 'attention_head_size': 3, 'learning_rate': 0.02497949068188814}. Best is trial 0 with value: 30.834321975708008.
[I 2023-12-27 11:09:35,643] Trial 47 finished with value: 66.1087875366211 and parameters: {'gradient_clip_val': 0.30504701001478746, 'hidden_size': 6, 'dropout': 0.43693998552207597, 'hidden_continuous_size': 5, 'attention_head_size': 2, 'learning_rate': 0.004674360099337174}. Best is trial 0 with value: 30.834321975708008.
[I 2023-12-27 11:09:36,017] Trial 48 finished with value: 59.50883102416992 and parameters: {'gradient_clip_val': 0.21903496239741346, 'hidden_size': 14, 'dropout': 0.3323064174790648, 'hidden_continuous_size': 7, 'attention_head_size': 3, 'learning_rate': 0.016406996366155405}. Best is trial 0 with value: 30.834321975708008.
[I 2023-12-27 11:09:36,641] Trial 49 finished with value: 63.484500885009766 and parameters: {'gradient_clip_val': 0.21855121331359226, 'hidden_size': 19, 'dropout': 0.316406080138871, 'hidden_continuous_size': 8, 'attention_head_size': 3, 'learning_rate': 0.06197377191017498}. Best is trial 0 with value: 30.834321975708008.
[I 2023-12-27 11:09:36,765] A new study created in memory with name: no-name-0636c543-325a-46c1-9b7d-6fb940a9148f
/home/le004/conda/anaconda3/envs/tsff_env/lib/python3.9/site-packages/lightning/fabric/plugins/environments/slurm.py:191: The `srun` command is available on your system but is not used. HINT: If your intention is to run Lightning on SLURM, prepend your python command with `srun` like so: srun python /home/le004/master_thesis/git/TSFusionForecast/code/ ...
[I 2023-12-27 11:10:05,531] Trial 0 finished with value: 27.201759338378906 and parameters: {'gradient_clip_val': 0.649308041274548, 'hidden_size': 103, 'dropout': 0.14627915157774712, 'hidden_continuous_size': 24, 'attention_head_size': 3, 'learning_rate': 0.002197502884494439}. Best is trial 0 with value: 27.201759338378906.
[I 2023-12-27 11:10:05,883] Trial 1 finished with value: 84.51356506347656 and parameters: {'gradient_clip_val': 0.2183268930710728, 'hidden_size': 19, 'dropout': 0.2462127391486844, 'hidden_continuous_size': 13, 'attention_head_size': 2, 'learning_rate': 0.0039030340197343115}. Best is trial 0 with value: 27.201759338378906.
[I 2023-12-27 11:10:06,385] Trial 2 finished with value: 76.95697784423828 and parameters: {'gradient_clip_val': 0.11548701550758828, 'hidden_size': 88, 'dropout': 0.20071359655856646, 'hidden_continuous_size': 83, 'attention_head_size': 3, 'learning_rate': 0.04552991609419502}. Best is trial 0 with value: 27.201759338378906.
[I 2023-12-27 11:10:06,701] Trial 3 finished with value: 69.75577545166016 and parameters: {'gradient_clip_val': 0.32291082524257714, 'hidden_size': 5, 'dropout': 0.2718638810512444, 'hidden_continuous_size': 5, 'attention_head_size': 3, 'learning_rate': 0.0012670378974326832}. Best is trial 0 with value: 27.201759338378906.
[I 2023-12-27 11:10:07,074] Trial 4 finished with value: 87.14815521240234 and parameters: {'gradient_clip_val': 0.14941352923997858, 'hidden_size': 13, 'dropout': 0.2380146764395734, 'hidden_continuous_size': 7, 'attention_head_size': 4, 'learning_rate': 0.04564970685878363}. Best is trial 0 with value: 27.201759338378906.
[I 2023-12-27 11:10:07,474] Trial 5 finished with value: 112.76815032958984 and parameters: {'gradient_clip_val': 0.8240326779151711, 'hidden_size': 34, 'dropout': 0.45849164510186247, 'hidden_continuous_size': 28, 'attention_head_size': 4, 'learning_rate': 0.09630062482559695}. Best is trial 0 with value: 27.201759338378906.
[I 2023-12-27 11:10:07,835] Trial 6 finished with value: 79.13426971435547 and parameters: {'gradient_clip_val': 0.22450240848290096, 'hidden_size': 22, 'dropout': 0.14334600353888877, 'hidden_continuous_size': 10, 'attention_head_size': 4, 'learning_rate': 0.015994460360524373}. Best is trial 0 with value: 27.201759338378906.
[I 2023-12-27 11:10:08,189] Trial 7 finished with value: 101.95001220703125 and parameters: {'gradient_clip_val': 0.14330092795742644, 'hidden_size': 8, 'dropout': 0.21909093959424883, 'hidden_continuous_size': 6, 'attention_head_size': 2, 'learning_rate': 0.0006849924507112408}. Best is trial 0 with value: 27.201759338378906.
[I 2023-12-27 11:10:08,518] Trial 8 finished with value: 97.61377716064453 and parameters: {'gradient_clip_val': 0.61588646870352, 'hidden_size': 9, 'dropout': 0.3013610017100904, 'hidden_continuous_size': 9, 'attention_head_size': 1, 'learning_rate': 0.004947592153023062}. Best is trial 0 with value: 27.201759338378906.
[I 2023-12-27 11:10:08,863] Trial 9 finished with value: 86.58718872070312 and parameters: {'gradient_clip_val': 0.12474470467309878, 'hidden_size': 8, 'dropout': 0.34697946137807417, 'hidden_continuous_size': 5, 'attention_head_size': 1, 'learning_rate': 0.01353483527845355}. Best is trial 0 with value: 27.201759338378906.
[I 2023-12-27 11:10:09,441] Trial 10 finished with value: 94.76144409179688 and parameters: {'gradient_clip_val': 0.4935171332224493, 'hidden_size': 132, 'dropout': 0.10197903020901344, 'hidden_continuous_size': 29, 'attention_head_size': 3, 'learning_rate': 0.002196417094977043}. Best is trial 0 with value: 27.201759338378906.
[I 2023-12-27 11:10:10,029] Trial 11 finished with value: 50.135589599609375 and parameters: {'gradient_clip_val': 0.3893392803185538, 'hidden_size': 5, 'dropout': 0.16708117734105613, 'hidden_continuous_size': 5, 'attention_head_size': 3, 'learning_rate': 0.001191000796606252}. Best is trial 0 with value: 27.201759338378906.
[I 2023-12-27 11:10:10,481] Trial 12 finished with value: 86.82727813720703 and parameters: {'gradient_clip_val': 0.9897841543333832, 'hidden_size': 46, 'dropout': 0.15109869746330393, 'hidden_continuous_size': 20, 'attention_head_size': 3, 'learning_rate': 0.00057653989999019}. Best is trial 0 with value: 27.201759338378906.
[I 2023-12-27 11:10:10,909] Trial 13 finished with value: 64.94671630859375 and parameters: {'gradient_clip_val': 0.47957679089418015, 'hidden_size': 52, 'dropout': 0.16556407869438333, 'hidden_continuous_size': 15, 'attention_head_size': 2, 'learning_rate': 0.0020545913809920466}. Best is trial 0 with value: 27.201759338378906.
[I 2023-12-27 11:10:11,364] Trial 14 finished with value: 93.87438201904297 and parameters: {'gradient_clip_val': 0.3868594065278769, 'hidden_size': 72, 'dropout': 0.10505785433741216, 'hidden_continuous_size': 8, 'attention_head_size': 3, 'learning_rate': 0.0011934092396434198}. Best is trial 0 with value: 27.201759338378906.
[I 2023-12-27 11:10:11,771] Trial 15 finished with value: 69.5589828491211 and parameters: {'gradient_clip_val': 0.6332310236815174, 'hidden_size': 29, 'dropout': 0.1882161298314372, 'hidden_continuous_size': 6, 'attention_head_size': 2, 'learning_rate': 0.0029709664314265705}. Best is trial 0 with value: 27.201759338378906.
[I 2023-12-27 11:10:12,357] Trial 16 finished with value: 69.57299041748047 and parameters: {'gradient_clip_val': 0.39618069774577547, 'hidden_size': 130, 'dropout': 0.13496035383517985, 'hidden_continuous_size': 42, 'attention_head_size': 4, 'learning_rate': 0.0010126567986604622}. Best is trial 0 with value: 27.201759338378906.
[I 2023-12-27 11:10:12,765] Trial 17 finished with value: 111.63350677490234 and parameters: {'gradient_clip_val': 0.6870883668616894, 'hidden_size': 15, 'dropout': 0.1860026162916989, 'hidden_continuous_size': 5, 'attention_head_size': 3, 'learning_rate': 0.0017166737103494689}. Best is trial 0 with value: 27.201759338378906.
[I 2023-12-27 11:10:13,197] Trial 18 finished with value: 75.09359741210938 and parameters: {'gradient_clip_val': 0.504809990048583, 'hidden_size': 39, 'dropout': 0.18737032003058415, 'hidden_continuous_size': 11, 'attention_head_size': 2, 'learning_rate': 0.0005154380528747661}. Best is trial 0 with value: 27.201759338378906.
[I 2023-12-27 11:10:13,596] Trial 19 finished with value: 99.45159912109375 and parameters: {'gradient_clip_val': 0.9775457452765415, 'hidden_size': 23, 'dropout': 0.12970741968011404, 'hidden_continuous_size': 7, 'attention_head_size': 4, 'learning_rate': 0.006836343285871186}. Best is trial 0 with value: 27.201759338378906.
[I 2023-12-27 11:10:13,950] Trial 20 finished with value: 100.716796875 and parameters: {'gradient_clip_val': 0.2884228206269177, 'hidden_size': 5, 'dropout': 0.10498778532217279, 'hidden_continuous_size': 5, 'attention_head_size': 3, 'learning_rate': 0.0028734728994967685}. Best is trial 0 with value: 27.201759338378906.
[I 2023-12-27 11:10:14,408] Trial 21 finished with value: 61.24509048461914 and parameters: {'gradient_clip_val': 0.5010832834111884, 'hidden_size': 63, 'dropout': 0.16082705356424756, 'hidden_continuous_size': 11, 'attention_head_size': 2, 'learning_rate': 0.0019456235784062938}. Best is trial 0 with value: 27.201759338378906.
[I 2023-12-27 11:10:14,854] Trial 22 finished with value: 94.22930145263672 and parameters: {'gradient_clip_val': 0.5531485205048332, 'hidden_size': 73, 'dropout': 0.1615700588154316, 'hidden_continuous_size': 11, 'attention_head_size': 1, 'learning_rate': 0.0010023175046297717}. Best is trial 0 with value: 27.201759338378906.
[I 2023-12-27 11:10:15,286] Trial 23 finished with value: 61.22576904296875 and parameters: {'gradient_clip_val': 0.7440389591528141, 'hidden_size': 53, 'dropout': 0.21361928796794663, 'hidden_continuous_size': 17, 'attention_head_size': 2, 'learning_rate': 0.0016575637295241138}. Best is trial 0 with value: 27.201759338378906.
[I 2023-12-27 11:10:15,784] Trial 24 finished with value: 62.755558013916016 and parameters: {'gradient_clip_val': 0.76118790043404, 'hidden_size': 98, 'dropout': 0.22534170072512716, 'hidden_continuous_size': 16, 'attention_head_size': 3, 'learning_rate': 0.0008165400573771309}. Best is trial 0 with value: 27.201759338378906.
[I 2023-12-27 11:10:16,480] Trial 25 finished with value: 108.55731964111328 and parameters: {'gradient_clip_val': 0.7817942882182202, 'hidden_size': 53, 'dropout': 0.20867492474909816, 'hidden_continuous_size': 19, 'attention_head_size': 2, 'learning_rate': 0.0014644216555520855}. Best is trial 0 with value: 27.201759338378906.
[I 2023-12-27 11:10:16,907] Trial 26 finished with value: 100.2580337524414 and parameters: {'gradient_clip_val': 0.6155348888014743, 'hidden_size': 31, 'dropout': 0.26417993375424875, 'hidden_continuous_size': 13, 'attention_head_size': 3, 'learning_rate': 0.0008431315397715015}. Best is trial 0 with value: 27.201759338378906.
[I 2023-12-27 11:10:17,315] Trial 27 finished with value: 77.49530029296875 and parameters: {'gradient_clip_val': 0.6991202719973176, 'hidden_size': 38, 'dropout': 0.18009185774676267, 'hidden_continuous_size': 8, 'attention_head_size': 2, 'learning_rate': 0.0027345195682114856}. Best is trial 0 with value: 27.201759338378906.
[I 2023-12-27 11:10:17,822] Trial 28 finished with value: 102.33602142333984 and parameters: {'gradient_clip_val': 0.4303205063974324, 'hidden_size': 100, 'dropout': 0.13011397440725636, 'hidden_continuous_size': 24, 'attention_head_size': 1, 'learning_rate': 0.0014310034356138726}. Best is trial 0 with value: 27.201759338378906.
[I 2023-12-27 11:10:18,245] Trial 29 finished with value: 90.18427276611328 and parameters: {'gradient_clip_val': 0.8654720458784875, 'hidden_size': 44, 'dropout': 0.21273846450663939, 'hidden_continuous_size': 12, 'attention_head_size': 3, 'learning_rate': 0.0037452693490971144}. Best is trial 0 with value: 27.201759338378906.
[I 2023-12-27 11:10:18,653] Trial 30 finished with value: 96.23126983642578 and parameters: {'gradient_clip_val': 0.582669415863448, 'hidden_size': 27, 'dropout': 0.252521356096306, 'hidden_continuous_size': 9, 'attention_head_size': 2, 'learning_rate': 0.004268229808485204}. Best is trial 0 with value: 27.201759338378906.
[I 2023-12-27 11:10:19,098] Trial 31 finished with value: 75.63816833496094 and parameters: {'gradient_clip_val': 0.5380754760063936, 'hidden_size': 59, 'dropout': 0.163132652936084, 'hidden_continuous_size': 13, 'attention_head_size': 2, 'learning_rate': 0.0018680016056254467}. Best is trial 0 with value: 27.201759338378906.
[I 2023-12-27 11:10:19,545] Trial 32 finished with value: 62.44330978393555 and parameters: {'gradient_clip_val': 0.45049046201996756, 'hidden_size': 65, 'dropout': 0.17024727211075905, 'hidden_continuous_size': 15, 'attention_head_size': 2, 'learning_rate': 0.0014845993379589417}. Best is trial 0 with value: 27.201759338378906.
[I 2023-12-27 11:10:20,025] Trial 33 finished with value: 66.872314453125 and parameters: {'gradient_clip_val': 0.6741424563275924, 'hidden_size': 82, 'dropout': 0.19894040901279653, 'hidden_continuous_size': 18, 'attention_head_size': 3, 'learning_rate': 0.0021349584504158827}. Best is trial 0 with value: 27.201759338378906.
[I 2023-12-27 11:10:20,501] Trial 34 finished with value: 106.74395751953125 and parameters: {'gradient_clip_val': 0.3420631380355768, 'hidden_size': 58, 'dropout': 0.13970903125144535, 'hidden_continuous_size': 14, 'attention_head_size': 3, 'learning_rate': 0.000985770417612408}. Best is trial 0 with value: 27.201759338378906.
[I 2023-12-27 11:10:20,983] Trial 35 finished with value: 83.9105224609375 and parameters: {'gradient_clip_val': 0.5520425942584265, 'hidden_size': 86, 'dropout': 0.23550759510487856, 'hidden_continuous_size': 10, 'attention_head_size': 2, 'learning_rate': 0.0007177267437641555}. Best is trial 0 with value: 27.201759338378906.
[I 2023-12-27 11:10:21,603] Trial 36 finished with value: 83.84698486328125 and parameters: {'gradient_clip_val': 0.4183201002854347, 'hidden_size': 148, 'dropout': 0.20150376910398352, 'hidden_continuous_size': 35, 'attention_head_size': 3, 'learning_rate': 0.0012075551160941073}. Best is trial 0 with value: 27.201759338378906.
[I 2023-12-27 11:10:21,997] Trial 37 finished with value: 88.06591033935547 and parameters: {'gradient_clip_val': 0.7181567679850646, 'hidden_size': 20, 'dropout': 0.15287337737842252, 'hidden_continuous_size': 12, 'attention_head_size': 4, 'learning_rate': 0.002442668368325364}. Best is trial 0 with value: 27.201759338378906.
[I 2023-12-27 11:10:22,635] Trial 38 finished with value: 77.19014739990234 and parameters: {'gradient_clip_val': 0.8219520177638197, 'hidden_size': 35, 'dropout': 0.23492479464750216, 'hidden_continuous_size': 18, 'attention_head_size': 1, 'learning_rate': 0.0016299588826002521}. Best is trial 0 with value: 27.201759338378906.
[I 2023-12-27 11:10:23,170] Trial 39 finished with value: 109.25652313232422 and parameters: {'gradient_clip_val': 0.4793807647751805, 'hidden_size': 110, 'dropout': 0.17582721749285157, 'hidden_continuous_size': 22, 'attention_head_size': 2, 'learning_rate': 0.0037916538684472216}. Best is trial 0 with value: 27.201759338378906.
[I 2023-12-27 11:10:23,637] Trial 40 finished with value: 79.03800201416016 and parameters: {'gradient_clip_val': 0.5859858973339133, 'hidden_size': 71, 'dropout': 0.11883553787546625, 'hidden_continuous_size': 16, 'attention_head_size': 2, 'learning_rate': 0.0006710537668097214}. Best is trial 0 with value: 27.201759338378906.
[I 2023-12-27 11:10:24,089] Trial 41 finished with value: 77.11883544921875 and parameters: {'gradient_clip_val': 0.34593956639669565, 'hidden_size': 63, 'dropout': 0.1648425712363755, 'hidden_continuous_size': 16, 'attention_head_size': 2, 'learning_rate': 0.0013827803276025643}. Best is trial 0 with value: 27.201759338378906.
[I 2023-12-27 11:10:24,540] Trial 42 finished with value: 79.59003448486328 and parameters: {'gradient_clip_val': 0.4441840865324396, 'hidden_size': 47, 'dropout': 0.14619289647486225, 'hidden_continuous_size': 14, 'attention_head_size': 2, 'learning_rate': 0.0018093431144129489}. Best is trial 0 with value: 27.201759338378906.
[I 2023-12-27 11:10:24,996] Trial 43 finished with value: 56.807437896728516 and parameters: {'gradient_clip_val': 0.2898199355393861, 'hidden_size': 67, 'dropout': 0.12044611962177815, 'hidden_continuous_size': 24, 'attention_head_size': 2, 'learning_rate': 0.0012191880254331367}. Best is trial 0 with value: 27.201759338378906.
[I 2023-12-27 11:10:25,502] Trial 44 finished with value: 66.131591796875 and parameters: {'gradient_clip_val': 0.3150316469356412, 'hidden_size': 112, 'dropout': 0.11460111433130142, 'hidden_continuous_size': 25, 'attention_head_size': 2, 'learning_rate': 0.0011883430857099818}. Best is trial 0 with value: 27.201759338378906.
[I 2023-12-27 11:10:25,978] Trial 45 finished with value: 64.2071304321289 and parameters: {'gradient_clip_val': 0.2645558404181087, 'hidden_size': 85, 'dropout': 0.12209034033427107, 'hidden_continuous_size': 22, 'attention_head_size': 3, 'learning_rate': 0.0027215396033335353}. Best is trial 0 with value: 27.201759338378906.
[I 2023-12-27 11:10:26,418] Trial 46 finished with value: 71.0910415649414 and parameters: {'gradient_clip_val': 0.1964295779221931, 'hidden_size': 52, 'dropout': 0.14589428720481673, 'hidden_continuous_size': 21, 'attention_head_size': 1, 'learning_rate': 0.0021459018533763513}. Best is trial 0 with value: 27.201759338378906.
[I 2023-12-27 11:10:26,806] Trial 47 finished with value: 83.02167510986328 and parameters: {'gradient_clip_val': 0.3757658507020621, 'hidden_size': 17, 'dropout': 0.10104263829870086, 'hidden_continuous_size': 6, 'attention_head_size': 3, 'learning_rate': 0.0009237221198464256}. Best is trial 0 with value: 27.201759338378906.
[I 2023-12-27 11:10:27,193] Trial 48 finished with value: 79.25845336914062 and parameters: {'gradient_clip_val': 0.5275417282778924, 'hidden_size': 11, 'dropout': 0.13205375978237094, 'hidden_continuous_size': 9, 'attention_head_size': 2, 'learning_rate': 0.0005093080179596385}. Best is trial 0 with value: 27.201759338378906.
[I 2023-12-27 11:10:27,586] Trial 49 finished with value: 82.18364715576172 and parameters: {'gradient_clip_val': 0.6369495734634463, 'hidden_size': 24, 'dropout': 0.19252334529404283, 'hidden_continuous_size': 18, 'attention_head_size': 3, 'learning_rate': 0.0011801381470035327}. Best is trial 0 with value: 27.201759338378906.
[I 2023-12-27 11:10:27,717] A new study created in memory with name: no-name-c039332d-67e0-46f5-b64c-6a0fea9c430a
/home/le004/conda/anaconda3/envs/tsff_env/lib/python3.9/site-packages/lightning/fabric/plugins/environments/slurm.py:191: The `srun` command is available on your system but is not used. HINT: If your intention is to run Lightning on SLURM, prepend your python command with `srun` like so: srun python /home/le004/master_thesis/git/TSFusionForecast/code/ ...
[I 2023-12-27 11:11:03,085] Trial 0 finished with value: 34.03166580200195 and parameters: {'gradient_clip_val': 0.15556767418883935, 'hidden_size': 109, 'dropout': 0.48430630724112844, 'hidden_continuous_size': 17, 'attention_head_size': 2, 'learning_rate': 0.007512733540592784}. Best is trial 0 with value: 34.03166580200195.
