[I 2023-12-27 11:31:56,154] Trial 37 finished with value: 72.4345703125 and parameters: {'gradient_clip_val': 0.5179215731151916, 'hidden_size': 12, 'dropout': 0.3315753085587349, 'hidden_continuous_size': 8, 'attention_head_size': 3, 'learning_rate': 0.01702387590928314}. Best is trial 1 with value: 6.3899149894714355.
[I 2023-12-27 11:31:56,549] Trial 38 finished with value: 66.65016174316406 and parameters: {'gradient_clip_val': 0.4409696356664101, 'hidden_size': 16, 'dropout': 0.3840053162490087, 'hidden_continuous_size': 9, 'attention_head_size': 4, 'learning_rate': 0.029448812288266256}. Best is trial 1 with value: 6.3899149894714355.
[I 2023-12-27 11:31:56,961] Trial 39 finished with value: 51.23801040649414 and parameters: {'gradient_clip_val': 0.5872679059579193, 'hidden_size': 10, 'dropout': 0.27444540134328094, 'hidden_continuous_size': 6, 'attention_head_size': 3, 'learning_rate': 0.0028052535870317966}. Best is trial 1 with value: 6.3899149894714355.
[I 2023-12-27 11:31:57,353] Trial 40 finished with value: 72.7181625366211 and parameters: {'gradient_clip_val': 0.923090486955998, 'hidden_size': 13, 'dropout': 0.4172050438018103, 'hidden_continuous_size': 8, 'attention_head_size': 1, 'learning_rate': 0.006813253755150389}. Best is trial 1 with value: 6.3899149894714355.
[I 2023-12-27 11:31:57,770] Trial 41 finished with value: 53.465450286865234 and parameters: {'gradient_clip_val': 0.7986573162012623, 'hidden_size': 21, 'dropout': 0.45304526109365495, 'hidden_continuous_size': 11, 'attention_head_size': 3, 'learning_rate': 0.0013820062585442896}. Best is trial 1 with value: 6.3899149894714355.
[I 2023-12-27 11:31:58,162] Trial 42 finished with value: 44.20878219604492 and parameters: {'gradient_clip_val': 0.7840987804467969, 'hidden_size': 18, 'dropout': 0.46718773721339885, 'hidden_continuous_size': 7, 'attention_head_size': 3, 'learning_rate': 0.002640718943493477}. Best is trial 1 with value: 6.3899149894714355.
[I 2023-12-27 11:31:58,543] Trial 43 finished with value: 60.25836181640625 and parameters: {'gradient_clip_val': 0.8529055833494469, 'hidden_size': 24, 'dropout': 0.4861102673715403, 'hidden_continuous_size': 11, 'attention_head_size': 4, 'learning_rate': 0.08902678465771789}. Best is trial 1 with value: 6.3899149894714355.
[I 2023-12-27 11:31:58,922] Trial 44 finished with value: 54.27261734008789 and parameters: {'gradient_clip_val': 0.7057824183193836, 'hidden_size': 21, 'dropout': 0.43133827203699543, 'hidden_continuous_size': 12, 'attention_head_size': 2, 'learning_rate': 0.0042172719390422865}. Best is trial 1 with value: 6.3899149894714355.
[I 2023-12-27 11:31:59,302] Trial 45 finished with value: 50.97439956665039 and parameters: {'gradient_clip_val': 0.9987689772906413, 'hidden_size': 9, 'dropout': 0.4587794224169239, 'hidden_continuous_size': 7, 'attention_head_size': 3, 'learning_rate': 0.0009248945407258329}. Best is trial 1 with value: 6.3899149894714355.
[I 2023-12-27 11:31:59,680] Trial 46 finished with value: 58.487972259521484 and parameters: {'gradient_clip_val': 0.6266110654885855, 'hidden_size': 14, 'dropout': 0.48536483111810985, 'hidden_continuous_size': 9, 'attention_head_size': 4, 'learning_rate': 0.07623720384577623}. Best is trial 1 with value: 6.3899149894714355.
[I 2023-12-27 11:32:00,092] Trial 47 finished with value: 63.309906005859375 and parameters: {'gradient_clip_val': 0.743695138599816, 'hidden_size': 30, 'dropout': 0.43460365028700204, 'hidden_continuous_size': 14, 'attention_head_size': 3, 'learning_rate': 0.004972893592409959}. Best is trial 1 with value: 6.3899149894714355.
[I 2023-12-27 11:32:00,454] Trial 48 finished with value: 52.873714447021484 and parameters: {'gradient_clip_val': 0.8991808849111242, 'hidden_size': 12, 'dropout': 0.4994773507275712, 'hidden_continuous_size': 8, 'attention_head_size': 4, 'learning_rate': 0.003292070560270888}. Best is trial 1 with value: 6.3899149894714355.
[I 2023-12-27 11:32:00,813] Trial 49 finished with value: 71.7761001586914 and parameters: {'gradient_clip_val': 0.5070018711791014, 'hidden_size': 16, 'dropout': 0.416450363395195, 'hidden_continuous_size': 10, 'attention_head_size': 4, 'learning_rate': 0.040734658487511566}. Best is trial 1 with value: 6.3899149894714355.
[I 2023-12-27 11:32:00,923] A new study created in memory with name: no-name-b297fa63-68fb-4a3f-92a8-c4be3e50cb24
/home/le004/conda/anaconda3/envs/tsff_env/lib/python3.9/site-packages/lightning/fabric/plugins/environments/slurm.py:191: The `srun` command is available on your system but is not used. HINT: If your intention is to run Lightning on SLURM, prepend your python command with `srun` like so: srun python /home/le004/master_thesis/git/TSFusionForecast/code/ ...
[I 2023-12-27 11:32:18,084] Trial 0 finished with value: 93.46615600585938 and parameters: {'gradient_clip_val': 0.942789907761043, 'hidden_size': 43, 'dropout': 0.463487199915648, 'hidden_continuous_size': 37, 'attention_head_size': 1, 'learning_rate': 0.025828185005762713}. Best is trial 0 with value: 93.46615600585938.
[I 2023-12-27 11:32:18,447] Trial 1 finished with value: 222.95506286621094 and parameters: {'gradient_clip_val': 0.9193159241620291, 'hidden_size': 21, 'dropout': 0.41154018672028136, 'hidden_continuous_size': 18, 'attention_head_size': 4, 'learning_rate': 0.07657528585316518}. Best is trial 0 with value: 93.46615600585938.
[I 2023-12-27 11:32:19,007] Trial 2 finished with value: 183.9518585205078 and parameters: {'gradient_clip_val': 0.3873182141433299, 'hidden_size': 143, 'dropout': 0.33321562574558405, 'hidden_continuous_size': 6, 'attention_head_size': 1, 'learning_rate': 0.029183708289548572}. Best is trial 0 with value: 93.46615600585938.
[I 2023-12-27 11:32:19,377] Trial 3 finished with value: 234.47373962402344 and parameters: {'gradient_clip_val': 0.6550097479035577, 'hidden_size': 34, 'dropout': 0.25592023160636, 'hidden_continuous_size': 5, 'attention_head_size': 1, 'learning_rate': 0.017571527503606084}. Best is trial 0 with value: 93.46615600585938.
[I 2023-12-27 11:32:19,742] Trial 4 finished with value: 200.8612823486328 and parameters: {'gradient_clip_val': 0.3570945463400697, 'hidden_size': 11, 'dropout': 0.37407070482280635, 'hidden_continuous_size': 7, 'attention_head_size': 2, 'learning_rate': 0.07458589634633785}. Best is trial 0 with value: 93.46615600585938.
[I 2023-12-27 11:32:20,078] Trial 5 finished with value: 191.288818359375 and parameters: {'gradient_clip_val': 0.28244767393552733, 'hidden_size': 5, 'dropout': 0.30963734203500537, 'hidden_continuous_size': 5, 'attention_head_size': 4, 'learning_rate': 0.001377238573011879}. Best is trial 0 with value: 93.46615600585938.
[I 2023-12-27 11:32:20,418] Trial 6 finished with value: 219.0811004638672 and parameters: {'gradient_clip_val': 0.4524390623757185, 'hidden_size': 5, 'dropout': 0.44772377322960544, 'hidden_continuous_size': 5, 'attention_head_size': 4, 'learning_rate': 0.04485891469631745}. Best is trial 0 with value: 93.46615600585938.
[I 2023-12-27 11:32:20,797] Trial 7 finished with value: 211.65325927734375 and parameters: {'gradient_clip_val': 0.9937893819247989, 'hidden_size': 9, 'dropout': 0.27792451517571526, 'hidden_continuous_size': 7, 'attention_head_size': 4, 'learning_rate': 0.003820593058062898}. Best is trial 0 with value: 93.46615600585938.
[I 2023-12-27 11:32:21,242] Trial 8 finished with value: 184.9185791015625 and parameters: {'gradient_clip_val': 0.2780914159475092, 'hidden_size': 73, 'dropout': 0.2425634425890807, 'hidden_continuous_size': 24, 'attention_head_size': 2, 'learning_rate': 0.019353912454292098}. Best is trial 0 with value: 93.46615600585938.
[I 2023-12-27 11:32:21,611] Trial 9 finished with value: 241.07640075683594 and parameters: {'gradient_clip_val': 0.8328070259550289, 'hidden_size': 23, 'dropout': 0.41982570668154984, 'hidden_continuous_size': 14, 'attention_head_size': 2, 'learning_rate': 0.01446500907283864}. Best is trial 0 with value: 93.46615600585938.
[I 2023-12-27 11:32:22,035] Trial 10 finished with value: 176.27760314941406 and parameters: {'gradient_clip_val': 0.1556000532778688, 'hidden_size': 48, 'dropout': 0.4939158979214844, 'hidden_continuous_size': 47, 'attention_head_size': 3, 'learning_rate': 0.0060521648053758976}. Best is trial 0 with value: 93.46615600585938.
[I 2023-12-27 11:32:22,449] Trial 11 finished with value: 160.3649139404297 and parameters: {'gradient_clip_val': 0.15355566784867444, 'hidden_size': 45, 'dropout': 0.49745360267742283, 'hidden_continuous_size': 45, 'attention_head_size': 3, 'learning_rate': 0.0055202265481431615}. Best is trial 0 with value: 93.46615600585938.
[I 2023-12-27 11:32:22,905] Trial 12 finished with value: 201.87841796875 and parameters: {'gradient_clip_val': 0.10618699453442143, 'hidden_size': 57, 'dropout': 0.494813158680557, 'hidden_continuous_size': 51, 'attention_head_size': 3, 'learning_rate': 0.00715997774874107}. Best is trial 0 with value: 93.46615600585938.
[I 2023-12-27 11:32:23,670] Trial 13 finished with value: 185.78904724121094 and parameters: {'gradient_clip_val': 0.19937942245413312, 'hidden_size': 92, 'dropout': 0.4967461575537315, 'hidden_continuous_size': 82, 'attention_head_size': 3, 'learning_rate': 0.0008799946584989532}. Best is trial 0 with value: 93.46615600585938.
[I 2023-12-27 11:32:24,071] Trial 14 finished with value: 219.4385528564453 and parameters: {'gradient_clip_val': 0.5529970525228289, 'hidden_size': 35, 'dropout': 0.11142053005608854, 'hidden_continuous_size': 10, 'attention_head_size': 1, 'learning_rate': 0.0029878141110637733}. Best is trial 0 with value: 93.46615600585938.
[I 2023-12-27 11:32:24,499] Trial 15 finished with value: 196.14263916015625 and parameters: {'gradient_clip_val': 0.6395906988299669, 'hidden_size': 45, 'dropout': 0.44483684120454897, 'hidden_continuous_size': 23, 'attention_head_size': 2, 'learning_rate': 0.010150748420762835}. Best is trial 0 with value: 93.46615600585938.
[I 2023-12-27 11:32:24,999] Trial 16 finished with value: 206.8869171142578 and parameters: {'gradient_clip_val': 0.2158278264078622, 'hidden_size': 86, 'dropout': 0.37789709360823703, 'hidden_continuous_size': 35, 'attention_head_size': 3, 'learning_rate': 0.03426734072277627}. Best is trial 0 with value: 93.46615600585938.
[I 2023-12-27 11:32:25,405] Trial 17 finished with value: 220.0277862548828 and parameters: {'gradient_clip_val': 0.4988537794378671, 'hidden_size': 29, 'dropout': 0.4511125621124459, 'hidden_continuous_size': 11, 'attention_head_size': 1, 'learning_rate': 0.009757535175822143}. Best is trial 0 with value: 93.46615600585938.
[I 2023-12-27 11:32:25,792] Trial 18 finished with value: 144.98065185546875 and parameters: {'gradient_clip_val': 0.1102833941210516, 'hidden_size': 18, 'dropout': 0.37442067756433106, 'hidden_continuous_size': 9, 'attention_head_size': 2, 'learning_rate': 0.0024680537440822286}. Best is trial 0 with value: 93.46615600585938.
[I 2023-12-27 11:32:26,170] Trial 19 finished with value: 241.7162628173828 and parameters: {'gradient_clip_val': 0.10900081207765798, 'hidden_size': 17, 'dropout': 0.3609278305382855, 'hidden_continuous_size': 8, 'attention_head_size': 1, 'learning_rate': 0.0005375228853543013}. Best is trial 0 with value: 93.46615600585938.
[I 2023-12-27 11:32:26,548] Trial 20 finished with value: 200.345947265625 and parameters: {'gradient_clip_val': 0.3319520418955691, 'hidden_size': 16, 'dropout': 0.4039623288768, 'hidden_continuous_size': 9, 'attention_head_size': 2, 'learning_rate': 0.0018576283152528668}. Best is trial 0 with value: 93.46615600585938.
[I 2023-12-27 11:32:26,988] Trial 21 finished with value: 214.8290252685547 and parameters: {'gradient_clip_val': 0.13669176105561034, 'hidden_size': 35, 'dropout': 0.4673554754010059, 'hidden_continuous_size': 13, 'attention_head_size': 3, 'learning_rate': 0.0038672970107656427}. Best is trial 0 with value: 93.46615600585938.
[I 2023-12-27 11:32:27,385] Trial 22 finished with value: 173.74366760253906 and parameters: {'gradient_clip_val': 0.13749190279552329, 'hidden_size': 25, 'dropout': 0.4614778478529271, 'hidden_continuous_size': 11, 'attention_head_size': 2, 'learning_rate': 0.005627024097882597}. Best is trial 0 with value: 93.46615600585938.
[I 2023-12-27 11:32:27,814] Trial 23 finished with value: 213.7369384765625 and parameters: {'gradient_clip_val': 0.10039667068245288, 'hidden_size': 44, 'dropout': 0.42671317052173763, 'hidden_continuous_size': 17, 'attention_head_size': 3, 'learning_rate': 0.0024197498904483736}. Best is trial 0 with value: 93.46615600585938.
[I 2023-12-27 11:32:28,213] Trial 24 finished with value: 230.455078125 and parameters: {'gradient_clip_val': 0.1826496140102504, 'hidden_size': 29, 'dropout': 0.40296909118654434, 'hidden_continuous_size': 9, 'attention_head_size': 1, 'learning_rate': 0.004422375072886398}. Best is trial 0 with value: 93.46615600585938.
[I 2023-12-27 11:32:28,642] Trial 25 finished with value: 242.6812744140625 and parameters: {'gradient_clip_val': 0.2458833422030076, 'hidden_size': 56, 'dropout': 0.47340467175395556, 'hidden_continuous_size': 30, 'attention_head_size': 2, 'learning_rate': 0.007730118760568041}. Best is trial 0 with value: 93.46615600585938.
[I 2023-12-27 11:32:29,041] Trial 26 finished with value: 208.99278259277344 and parameters: {'gradient_clip_val': 0.16828180071551277, 'hidden_size': 19, 'dropout': 0.43584132760819805, 'hidden_continuous_size': 11, 'attention_head_size': 3, 'learning_rate': 0.0024963193442233463}. Best is trial 0 with value: 93.46615600585938.
[I 2023-12-27 11:32:29,708] Trial 27 finished with value: 207.3549041748047 and parameters: {'gradient_clip_val': 0.2109499738830229, 'hidden_size': 14, 'dropout': 0.49917865912922393, 'hidden_continuous_size': 6, 'attention_head_size': 2, 'learning_rate': 0.012394794171458919}. Best is trial 0 with value: 93.46615600585938.
[I 2023-12-27 11:32:30,105] Trial 28 finished with value: 260.5536193847656 and parameters: {'gradient_clip_val': 0.12944563606309845, 'hidden_size': 25, 'dropout': 0.4706400655087434, 'hidden_continuous_size': 13, 'attention_head_size': 1, 'learning_rate': 0.00498219522787946}. Best is trial 0 with value: 93.46615600585938.
[I 2023-12-27 11:32:30,498] Trial 29 finished with value: 169.92942810058594 and parameters: {'gradient_clip_val': 0.8608376365410406, 'hidden_size': 21, 'dropout': 0.40148206504544537, 'hidden_continuous_size': 8, 'attention_head_size': 4, 'learning_rate': 0.098190453908591}. Best is trial 0 with value: 93.46615600585938.
[I 2023-12-27 11:32:30,916] Trial 30 finished with value: 199.9500274658203 and parameters: {'gradient_clip_val': 0.11837706141328672, 'hidden_size': 35, 'dropout': 0.4289843211410578, 'hidden_continuous_size': 15, 'attention_head_size': 2, 'learning_rate': 0.009246642071098895}. Best is trial 0 with value: 93.46615600585938.
[I 2023-12-27 11:32:31,302] Trial 31 finished with value: 224.88916015625 and parameters: {'gradient_clip_val': 0.8316075677112603, 'hidden_size': 19, 'dropout': 0.397730302019988, 'hidden_continuous_size': 8, 'attention_head_size': 4, 'learning_rate': 0.08430205604112369}. Best is trial 0 with value: 93.46615600585938.
[I 2023-12-27 11:32:31,710] Trial 32 finished with value: 196.5246124267578 and parameters: {'gradient_clip_val': 0.8724070042713326, 'hidden_size': 21, 'dropout': 0.3516362439146316, 'hidden_continuous_size': 10, 'attention_head_size': 4, 'learning_rate': 0.05595976568008353}. Best is trial 0 with value: 93.46615600585938.
[I 2023-12-27 11:32:32,116] Trial 33 finished with value: 241.3973846435547 and parameters: {'gradient_clip_val': 0.7292840616038188, 'hidden_size': 27, 'dropout': 0.3905698427200377, 'hidden_continuous_size': 13, 'attention_head_size': 4, 'learning_rate': 0.021901034846381326}. Best is trial 0 with value: 93.46615600585938.
[I 2023-12-27 11:32:32,507] Trial 34 finished with value: 181.6688995361328 and parameters: {'gradient_clip_val': 0.41272638121932176, 'hidden_size': 14, 'dropout': 0.41161105451141033, 'hidden_continuous_size': 7, 'attention_head_size': 3, 'learning_rate': 0.0934318291436701}. Best is trial 0 with value: 93.46615600585938.
[I 2023-12-27 11:32:33,113] Trial 35 finished with value: 187.96160888671875 and parameters: {'gradient_clip_val': 0.7259336713673756, 'hidden_size': 141, 'dropout': 0.33944861293868456, 'hidden_continuous_size': 19, 'attention_head_size': 1, 'learning_rate': 0.02784890306272666}. Best is trial 0 with value: 93.46615600585938.
[I 2023-12-27 11:32:33,501] Trial 36 finished with value: 227.35801696777344 and parameters: {'gradient_clip_val': 0.9842408515675247, 'hidden_size': 22, 'dropout': 0.37827472842981263, 'hidden_continuous_size': 8, 'attention_head_size': 4, 'learning_rate': 0.06275623642880085}. Best is trial 0 with value: 93.46615600585938.
[I 2023-12-27 11:32:33,921] Trial 37 finished with value: 231.00038146972656 and parameters: {'gradient_clip_val': 0.36501138606372224, 'hidden_size': 39, 'dropout': 0.4386468061247272, 'hidden_continuous_size': 6, 'attention_head_size': 4, 'learning_rate': 0.04496967919355951}. Best is trial 0 with value: 93.46615600585938.
[I 2023-12-27 11:32:34,318] Trial 38 finished with value: 216.06614685058594 and parameters: {'gradient_clip_val': 0.15283492977326973, 'hidden_size': 30, 'dropout': 0.47389492692614993, 'hidden_continuous_size': 9, 'attention_head_size': 1, 'learning_rate': 0.024864736976045965}. Best is trial 0 with value: 93.46615600585938.
[I 2023-12-27 11:32:34,732] Trial 39 finished with value: 233.1297149658203 and parameters: {'gradient_clip_val': 0.5416680019699642, 'hidden_size': 30, 'dropout': 0.4228328351313149, 'hidden_continuous_size': 12, 'attention_head_size': 3, 'learning_rate': 0.017705987622299114}. Best is trial 0 with value: 93.46615600585938.
[I 2023-12-27 11:32:35,347] Trial 40 finished with value: 215.2162628173828 and parameters: {'gradient_clip_val': 0.3023049907188143, 'hidden_size': 12, 'dropout': 0.32552830816216144, 'hidden_continuous_size': 5, 'attention_head_size': 2, 'learning_rate': 0.03393416166478081}. Best is trial 0 with value: 93.46615600585938.
[I 2023-12-27 11:32:35,747] Trial 41 finished with value: 219.2786407470703 and parameters: {'gradient_clip_val': 0.13525362282427644, 'hidden_size': 26, 'dropout': 0.457078870625424, 'hidden_continuous_size': 10, 'attention_head_size': 2, 'learning_rate': 0.013609568740992761}. Best is trial 0 with value: 93.46615600585938.
[I 2023-12-27 11:32:36,156] Trial 42 finished with value: 173.1858367919922 and parameters: {'gradient_clip_val': 0.12110669634404025, 'hidden_size': 23, 'dropout': 0.45583063488297515, 'hidden_continuous_size': 11, 'attention_head_size': 2, 'learning_rate': 0.005678817996160845}. Best is trial 0 with value: 93.46615600585938.
[I 2023-12-27 11:32:36,567] Trial 43 finished with value: 205.3690643310547 and parameters: {'gradient_clip_val': 0.11892174075767027, 'hidden_size': 22, 'dropout': 0.4814964536312868, 'hidden_continuous_size': 7, 'attention_head_size': 2, 'learning_rate': 0.006166761029614906}. Best is trial 0 with value: 93.46615600585938.
[I 2023-12-27 11:32:36,945] Trial 44 finished with value: 203.2755126953125 and parameters: {'gradient_clip_val': 0.15209604256592307, 'hidden_size': 9, 'dropout': 0.45485671447456166, 'hidden_continuous_size': 6, 'attention_head_size': 2, 'learning_rate': 0.07117810757982697}. Best is trial 0 with value: 93.46615600585938.
[I 2023-12-27 11:32:37,342] Trial 45 finished with value: 185.69488525390625 and parameters: {'gradient_clip_val': 0.10829864369132904, 'hidden_size': 18, 'dropout': 0.48268115418540924, 'hidden_continuous_size': 8, 'attention_head_size': 3, 'learning_rate': 0.003801079899558031}. Best is trial 0 with value: 93.46615600585938.
[I 2023-12-27 11:32:37,751] Trial 46 finished with value: 239.3793182373047 and parameters: {'gradient_clip_val': 0.9454840464133238, 'hidden_size': 38, 'dropout': 0.4195998718979239, 'hidden_continuous_size': 15, 'attention_head_size': 1, 'learning_rate': 0.007675678542399649}. Best is trial 0 with value: 93.46615600585938.
[I 2023-12-27 11:32:38,186] Trial 47 finished with value: 226.8909912109375 and parameters: {'gradient_clip_val': 0.40727201555011006, 'hidden_size': 50, 'dropout': 0.4491135944448039, 'hidden_continuous_size': 18, 'attention_head_size': 2, 'learning_rate': 0.01717110249087662}. Best is trial 0 with value: 93.46615600585938.
[I 2023-12-27 11:32:38,615] Trial 48 finished with value: 144.9105224609375 and parameters: {'gradient_clip_val': 0.257890344865897, 'hidden_size': 41, 'dropout': 0.4401623979924693, 'hidden_continuous_size': 22, 'attention_head_size': 4, 'learning_rate': 0.09632652241232145}. Best is trial 0 with value: 93.46615600585938.
[I 2023-12-27 11:32:39,060] Trial 49 finished with value: 264.8760986328125 and parameters: {'gradient_clip_val': 0.24669645204105628, 'hidden_size': 44, 'dropout': 0.4340042686536617, 'hidden_continuous_size': 24, 'attention_head_size': 4, 'learning_rate': 0.09932002276093861}. Best is trial 0 with value: 93.46615600585938.
[I 2023-12-27 11:32:39,174] A new study created in memory with name: no-name-1a6cdaec-0244-42c0-bc71-db378860e7e4
/home/le004/conda/anaconda3/envs/tsff_env/lib/python3.9/site-packages/lightning/fabric/plugins/environments/slurm.py:191: The `srun` command is available on your system but is not used. HINT: If your intention is to run Lightning on SLURM, prepend your python command with `srun` like so: srun python /home/le004/master_thesis/git/TSFusionForecast/code/ ...
[I 2023-12-27 11:33:10,103] Trial 0 finished with value: 3.9315433502197266 and parameters: {'gradient_clip_val': 0.23598067451996058, 'hidden_size': 114, 'dropout': 0.4790024074190701, 'hidden_continuous_size': 18, 'attention_head_size': 1, 'learning_rate': 0.012769049537397935}. Best is trial 0 with value: 3.9315433502197266.
