[I 2023-12-27 11:27:18,713] Trial 32 finished with value: 333.1959533691406 and parameters: {'gradient_clip_val': 0.38443314559198144, 'hidden_size': 10, 'dropout': 0.42647021111685623, 'hidden_continuous_size': 6, 'attention_head_size': 3, 'learning_rate': 0.06890432334570593}. Best is trial 0 with value: 71.4282455444336.
[I 2023-12-27 11:27:19,102] Trial 33 finished with value: 375.5970764160156 and parameters: {'gradient_clip_val': 0.3108786044771347, 'hidden_size': 20, 'dropout': 0.44514730919359374, 'hidden_continuous_size': 8, 'attention_head_size': 3, 'learning_rate': 0.06255908689021523}. Best is trial 0 with value: 71.4282455444336.
[I 2023-12-27 11:27:19,509] Trial 34 finished with value: 333.1337585449219 and parameters: {'gradient_clip_val': 0.4907978137009387, 'hidden_size': 30, 'dropout': 0.37896122164254537, 'hidden_continuous_size': 10, 'attention_head_size': 2, 'learning_rate': 0.04817659729918572}. Best is trial 0 with value: 71.4282455444336.
[I 2023-12-27 11:27:19,900] Trial 35 finished with value: 377.9862060546875 and parameters: {'gradient_clip_val': 0.3692169194832128, 'hidden_size': 29, 'dropout': 0.4061894686508332, 'hidden_continuous_size': 9, 'attention_head_size': 4, 'learning_rate': 0.07897949461616754}. Best is trial 0 with value: 71.4282455444336.
[I 2023-12-27 11:27:20,266] Trial 36 finished with value: 366.0352783203125 and parameters: {'gradient_clip_val': 0.3932722172486453, 'hidden_size': 11, 'dropout': 0.449629900289326, 'hidden_continuous_size': 6, 'attention_head_size': 3, 'learning_rate': 0.026198613227573407}. Best is trial 0 with value: 71.4282455444336.
[I 2023-12-27 11:27:20,637] Trial 37 finished with value: 335.343505859375 and parameters: {'gradient_clip_val': 0.2241104554713779, 'hidden_size': 13, 'dropout': 0.46666447270219535, 'hidden_continuous_size': 7, 'attention_head_size': 2, 'learning_rate': 0.07645277867662965}. Best is trial 0 with value: 71.4282455444336.
[I 2023-12-27 11:27:21,000] Trial 38 finished with value: 312.1063537597656 and parameters: {'gradient_clip_val': 0.28666443425935023, 'hidden_size': 20, 'dropout': 0.4162163068678081, 'hidden_continuous_size': 9, 'attention_head_size': 1, 'learning_rate': 0.043119307881266625}. Best is trial 0 with value: 71.4282455444336.
[I 2023-12-27 11:27:21,360] Trial 39 finished with value: 338.8721923828125 and parameters: {'gradient_clip_val': 0.5466421859220245, 'hidden_size': 11, 'dropout': 0.10519987015048188, 'hidden_continuous_size': 6, 'attention_head_size': 4, 'learning_rate': 0.059617308798969294}. Best is trial 0 with value: 71.4282455444336.
[I 2023-12-27 11:27:21,737] Trial 40 finished with value: 456.2621765136719 and parameters: {'gradient_clip_val': 0.3432036646968247, 'hidden_size': 15, 'dropout': 0.39126417254433854, 'hidden_continuous_size': 8, 'attention_head_size': 3, 'learning_rate': 0.026132142037789293}. Best is trial 0 with value: 71.4282455444336.
[I 2023-12-27 11:27:22,120] Trial 41 finished with value: 249.2116241455078 and parameters: {'gradient_clip_val': 0.4581532341665872, 'hidden_size': 23, 'dropout': 0.3874347592884521, 'hidden_continuous_size': 7, 'attention_head_size': 3, 'learning_rate': 0.05213455141752829}. Best is trial 0 with value: 71.4282455444336.
[I 2023-12-27 11:27:22,489] Trial 42 finished with value: 352.2088317871094 and parameters: {'gradient_clip_val': 0.4279134580275904, 'hidden_size': 17, 'dropout': 0.3567726875881946, 'hidden_continuous_size': 8, 'attention_head_size': 3, 'learning_rate': 0.08108660440245466}. Best is trial 0 with value: 71.4282455444336.
[I 2023-12-27 11:27:22,864] Trial 43 finished with value: 441.5690612792969 and parameters: {'gradient_clip_val': 0.4121023866623435, 'hidden_size': 13, 'dropout': 0.3399171049812577, 'hidden_continuous_size': 7, 'attention_head_size': 3, 'learning_rate': 0.0413824167797735}. Best is trial 0 with value: 71.4282455444336.
[I 2023-12-27 11:27:23,248] Trial 44 finished with value: 324.0469055175781 and parameters: {'gradient_clip_val': 0.5095468432805871, 'hidden_size': 35, 'dropout': 0.3745503945591212, 'hidden_continuous_size': 11, 'attention_head_size': 3, 'learning_rate': 0.09796092908770025}. Best is trial 0 with value: 71.4282455444336.
[I 2023-12-27 11:27:23,623] Trial 45 finished with value: 326.2132263183594 and parameters: {'gradient_clip_val': 0.6091180660540577, 'hidden_size': 19, 'dropout': 0.396793506894409, 'hidden_continuous_size': 8, 'attention_head_size': 3, 'learning_rate': 0.05697281654077822}. Best is trial 0 with value: 71.4282455444336.
[I 2023-12-27 11:27:24,230] Trial 46 finished with value: 412.1396484375 and parameters: {'gradient_clip_val': 0.42183157082512607, 'hidden_size': 26, 'dropout': 0.4360783787440011, 'hidden_continuous_size': 6, 'attention_head_size': 2, 'learning_rate': 0.03219344104145951}. Best is trial 0 with value: 71.4282455444336.
[I 2023-12-27 11:27:24,615] Trial 47 finished with value: 271.3158874511719 and parameters: {'gradient_clip_val': 0.3261959377311105, 'hidden_size': 15, 'dropout': 0.4149790016149511, 'hidden_continuous_size': 7, 'attention_head_size': 4, 'learning_rate': 0.040868074894831595}. Best is trial 0 with value: 71.4282455444336.
[I 2023-12-27 11:27:25,142] Trial 48 finished with value: 178.07130432128906 and parameters: {'gradient_clip_val': 0.2699970237881857, 'hidden_size': 126, 'dropout': 0.47981369002109486, 'hidden_continuous_size': 14, 'attention_head_size': 3, 'learning_rate': 0.020091827142372693}. Best is trial 0 with value: 71.4282455444336.
[I 2023-12-27 11:27:25,666] Trial 49 finished with value: 265.77142333984375 and parameters: {'gradient_clip_val': 0.29526089731197247, 'hidden_size': 131, 'dropout': 0.48288541982392347, 'hidden_continuous_size': 14, 'attention_head_size': 1, 'learning_rate': 0.023347622050562754}. Best is trial 0 with value: 71.4282455444336.
[I 2023-12-27 11:27:25,773] A new study created in memory with name: no-name-3eb02641-9402-496e-9206-81a67734fbd4
/home/le004/conda/anaconda3/envs/tsff_env/lib/python3.9/site-packages/lightning/fabric/plugins/environments/slurm.py:191: The `srun` command is available on your system but is not used. HINT: If your intention is to run Lightning on SLURM, prepend your python command with `srun` like so: srun python /home/le004/master_thesis/git/TSFusionForecast/code/ ...
[I 2023-12-27 11:27:54,432] Trial 0 finished with value: 160.2114715576172 and parameters: {'gradient_clip_val': 0.5432467921202966, 'hidden_size': 10, 'dropout': 0.43583175780558403, 'hidden_continuous_size': 10, 'attention_head_size': 4, 'learning_rate': 0.0007717435610931463}. Best is trial 0 with value: 160.2114715576172.
[I 2023-12-27 11:28:24,589] Trial 1 finished with value: 63.4862174987793 and parameters: {'gradient_clip_val': 0.9121458631152387, 'hidden_size': 62, 'dropout': 0.40101636645708394, 'hidden_continuous_size': 8, 'attention_head_size': 4, 'learning_rate': 0.0074454820784485886}. Best is trial 1 with value: 63.4862174987793.
[I 2023-12-27 11:28:24,949] Trial 2 finished with value: 178.9082794189453 and parameters: {'gradient_clip_val': 0.30700872991326084, 'hidden_size': 13, 'dropout': 0.45131619718617766, 'hidden_continuous_size': 7, 'attention_head_size': 3, 'learning_rate': 0.018663440014314327}. Best is trial 1 with value: 63.4862174987793.
[I 2023-12-27 11:28:25,318] Trial 3 finished with value: 284.8651428222656 and parameters: {'gradient_clip_val': 0.17787345305432523, 'hidden_size': 15, 'dropout': 0.3443799733055254, 'hidden_continuous_size': 10, 'attention_head_size': 1, 'learning_rate': 0.020163436684660405}. Best is trial 1 with value: 63.4862174987793.
[I 2023-12-27 11:28:25,691] Trial 4 finished with value: 231.69873046875 and parameters: {'gradient_clip_val': 0.8538774799287573, 'hidden_size': 21, 'dropout': 0.246177260981945, 'hidden_continuous_size': 13, 'attention_head_size': 4, 'learning_rate': 0.001057109427870929}. Best is trial 1 with value: 63.4862174987793.
[I 2023-12-27 11:28:26,282] Trial 5 finished with value: 210.75543212890625 and parameters: {'gradient_clip_val': 0.193908970588688, 'hidden_size': 32, 'dropout': 0.2546545995052175, 'hidden_continuous_size': 23, 'attention_head_size': 3, 'learning_rate': 0.0005741877072382406}. Best is trial 1 with value: 63.4862174987793.
[I 2023-12-27 11:28:26,638] Trial 6 finished with value: 218.3848114013672 and parameters: {'gradient_clip_val': 0.35042102752972043, 'hidden_size': 7, 'dropout': 0.10979885324000699, 'hidden_continuous_size': 5, 'attention_head_size': 3, 'learning_rate': 0.024467104891955832}. Best is trial 1 with value: 63.4862174987793.
[I 2023-12-27 11:28:27,007] Trial 7 finished with value: 196.39549255371094 and parameters: {'gradient_clip_val': 0.7747143196644171, 'hidden_size': 10, 'dropout': 0.4627127096373319, 'hidden_continuous_size': 5, 'attention_head_size': 1, 'learning_rate': 0.005954024046880035}. Best is trial 1 with value: 63.4862174987793.
[I 2023-12-27 11:28:27,426] Trial 8 finished with value: 227.37615966796875 and parameters: {'gradient_clip_val': 0.8125733852276059, 'hidden_size': 67, 'dropout': 0.11901373025536732, 'hidden_continuous_size': 8, 'attention_head_size': 4, 'learning_rate': 0.0011883009201570094}. Best is trial 1 with value: 63.4862174987793.
[I 2023-12-27 11:28:27,781] Trial 9 finished with value: 221.5123291015625 and parameters: {'gradient_clip_val': 0.994887123209651, 'hidden_size': 24, 'dropout': 0.4993217828103935, 'hidden_continuous_size': 14, 'attention_head_size': 1, 'learning_rate': 0.014121419506653297}. Best is trial 1 with value: 63.4862174987793.
[I 2023-12-27 11:28:28,296] Trial 10 finished with value: 170.5198516845703 and parameters: {'gradient_clip_val': 0.4738944918619841, 'hidden_size': 95, 'dropout': 0.37592006217547025, 'hidden_continuous_size': 58, 'attention_head_size': 2, 'learning_rate': 0.09159404446491491}. Best is trial 1 with value: 63.4862174987793.
[I 2023-12-27 11:28:28,646] Trial 11 finished with value: 291.3839111328125 and parameters: {'gradient_clip_val': 0.5609432088026249, 'hidden_size': 5, 'dropout': 0.400898781124716, 'hidden_continuous_size': 5, 'attention_head_size': 4, 'learning_rate': 0.003734615988145171}. Best is trial 1 with value: 63.4862174987793.
[I 2023-12-27 11:28:29,047] Trial 12 finished with value: 215.9662628173828 and parameters: {'gradient_clip_val': 0.5806100450653812, 'hidden_size': 37, 'dropout': 0.4099467472285764, 'hidden_continuous_size': 9, 'attention_head_size': 4, 'learning_rate': 0.002041557504410564}. Best is trial 1 with value: 63.4862174987793.
[I 2023-12-27 11:28:29,460] Trial 13 finished with value: 282.2984924316406 and parameters: {'gradient_clip_val': 0.6238660437589937, 'hidden_size': 47, 'dropout': 0.33618664872832627, 'hidden_continuous_size': 17, 'attention_head_size': 2, 'learning_rate': 0.0030920950853079903}. Best is trial 1 with value: 63.4862174987793.
[I 2023-12-27 11:28:29,972] Trial 14 finished with value: 209.4239959716797 and parameters: {'gradient_clip_val': 0.10924709991120518, 'hidden_size': 116, 'dropout': 0.43436794410556623, 'hidden_continuous_size': 25, 'attention_head_size': 3, 'learning_rate': 0.0005985160570861644}. Best is trial 1 with value: 63.4862174987793.
[I 2023-12-27 11:28:30,381] Trial 15 finished with value: 140.27049255371094 and parameters: {'gradient_clip_val': 0.9444762166101268, 'hidden_size': 57, 'dropout': 0.4981142369919421, 'hidden_continuous_size': 10, 'attention_head_size': 4, 'learning_rate': 0.006250362981919861}. Best is trial 1 with value: 63.4862174987793.
[I 2023-12-27 11:28:30,820] Trial 16 finished with value: 192.23146057128906 and parameters: {'gradient_clip_val': 0.9836401438293594, 'hidden_size': 61, 'dropout': 0.4908696516605525, 'hidden_continuous_size': 7, 'attention_head_size': 4, 'learning_rate': 0.007867735644514226}. Best is trial 1 with value: 63.4862174987793.
[I 2023-12-27 11:28:31,253] Trial 17 finished with value: 252.9966583251953 and parameters: {'gradient_clip_val': 0.732964933076674, 'hidden_size': 75, 'dropout': 0.4778375665590135, 'hidden_continuous_size': 12, 'attention_head_size': 2, 'learning_rate': 0.00790949122474397}. Best is trial 1 with value: 63.4862174987793.
[I 2023-12-27 11:28:32,017] Trial 18 finished with value: 277.3534240722656 and parameters: {'gradient_clip_val': 0.9954387338044053, 'hidden_size': 118, 'dropout': 0.4000470635374001, 'hidden_continuous_size': 20, 'attention_head_size': 3, 'learning_rate': 0.001800748817255982}. Best is trial 1 with value: 63.4862174987793.
[I 2023-12-27 11:28:32,438] Trial 19 finished with value: 222.53233337402344 and parameters: {'gradient_clip_val': 0.6976761353863286, 'hidden_size': 47, 'dropout': 0.4562978266705858, 'hidden_continuous_size': 6, 'attention_head_size': 4, 'learning_rate': 0.004487366347867698}. Best is trial 1 with value: 63.4862174987793.
[I 2023-12-27 11:28:32,988] Trial 20 finished with value: 250.2626190185547 and parameters: {'gradient_clip_val': 0.44341664750372145, 'hidden_size': 137, 'dropout': 0.4958193602102097, 'hidden_continuous_size': 34, 'attention_head_size': 3, 'learning_rate': 0.011002781220483229}. Best is trial 1 with value: 63.4862174987793.
[I 2023-12-27 11:28:33,385] Trial 21 finished with value: 254.8822479248047 and parameters: {'gradient_clip_val': 0.6786974244073558, 'hidden_size': 29, 'dropout': 0.4378264409652256, 'hidden_continuous_size': 10, 'attention_head_size': 4, 'learning_rate': 0.002663593802918489}. Best is trial 1 with value: 63.4862174987793.
[I 2023-12-27 11:28:33,801] Trial 22 finished with value: 293.5838317871094 and parameters: {'gradient_clip_val': 0.8347611580276585, 'hidden_size': 43, 'dropout': 0.4243963735845606, 'hidden_continuous_size': 11, 'attention_head_size': 4, 'learning_rate': 0.0050291976767003616}. Best is trial 1 with value: 63.4862174987793.
[I 2023-12-27 11:28:34,246] Trial 23 finished with value: 208.3499755859375 and parameters: {'gradient_clip_val': 0.4934267263852293, 'hidden_size': 86, 'dropout': 0.4608634687869527, 'hidden_continuous_size': 9, 'attention_head_size': 4, 'learning_rate': 0.0012685343601969608}. Best is trial 1 with value: 63.4862174987793.
[I 2023-12-27 11:28:34,656] Trial 24 finished with value: 189.20521545410156 and parameters: {'gradient_clip_val': 0.6646608561271692, 'hidden_size': 58, 'dropout': 0.3772849900606978, 'hidden_continuous_size': 8, 'attention_head_size': 4, 'learning_rate': 0.002780559172463799}. Best is trial 1 with value: 63.4862174987793.
[I 2023-12-27 11:28:35,019] Trial 25 finished with value: 261.18231201171875 and parameters: {'gradient_clip_val': 0.8433420053142028, 'hidden_size': 21, 'dropout': 0.4383873921922956, 'hidden_continuous_size': 11, 'attention_head_size': 3, 'learning_rate': 0.0049621768167845415}. Best is trial 1 with value: 63.4862174987793.
[I 2023-12-27 11:28:35,415] Trial 26 finished with value: 220.0808868408203 and parameters: {'gradient_clip_val': 0.5923681669318025, 'hidden_size': 33, 'dropout': 0.4967057813426945, 'hidden_continuous_size': 14, 'attention_head_size': 4, 'learning_rate': 0.0008684389084849568}. Best is trial 1 with value: 63.4862174987793.
[I 2023-12-27 11:28:35,831] Trial 27 finished with value: 197.4363555908203 and parameters: {'gradient_clip_val': 0.7516174571830014, 'hidden_size': 55, 'dropout': 0.463964724951503, 'hidden_continuous_size': 6, 'attention_head_size': 3, 'learning_rate': 0.0016203280863353472}. Best is trial 1 with value: 63.4862174987793.
[I 2023-12-27 11:28:36,274] Trial 28 finished with value: 245.08253479003906 and parameters: {'gradient_clip_val': 0.9858216736624276, 'hidden_size': 75, 'dropout': 0.38462195039419883, 'hidden_continuous_size': 16, 'attention_head_size': 4, 'learning_rate': 0.002099730755714405}. Best is trial 1 with value: 63.4862174987793.
[I 2023-12-27 11:28:36,660] Trial 29 finished with value: 204.61444091796875 and parameters: {'gradient_clip_val': 0.4095100568931074, 'hidden_size': 13, 'dropout': 0.42107555064139435, 'hidden_continuous_size': 7, 'attention_head_size': 3, 'learning_rate': 0.0007223510611723379}. Best is trial 1 with value: 63.4862174987793.
[I 2023-12-27 11:28:37,013] Trial 30 finished with value: 213.7410888671875 and parameters: {'gradient_clip_val': 0.5385600708054913, 'hidden_size': 17, 'dropout': 0.4703128552718196, 'hidden_continuous_size': 8, 'attention_head_size': 2, 'learning_rate': 0.0008176643087224932}. Best is trial 1 with value: 63.4862174987793.
[I 2023-12-27 11:28:37,738] Trial 31 finished with value: 211.4779510498047 and parameters: {'gradient_clip_val': 0.4863763337390541, 'hidden_size': 92, 'dropout': 0.3694532595795947, 'hidden_continuous_size': 80, 'attention_head_size': 2, 'learning_rate': 0.05236358738290554}. Best is trial 1 with value: 63.4862174987793.
[I 2023-12-27 11:28:38,228] Trial 32 finished with value: 234.51329040527344 and parameters: {'gradient_clip_val': 0.4126716823954396, 'hidden_size': 102, 'dropout': 0.444845903462992, 'hidden_continuous_size': 41, 'attention_head_size': 2, 'learning_rate': 0.025800184267212648}. Best is trial 1 with value: 63.4862174987793.
[I 2023-12-27 11:28:38,683] Trial 33 finished with value: 304.1803283691406 and parameters: {'gradient_clip_val': 0.6360983954594095, 'hidden_size': 93, 'dropout': 0.3530408430806823, 'hidden_continuous_size': 12, 'attention_head_size': 1, 'learning_rate': 0.08504917152995725}. Best is trial 1 with value: 63.4862174987793.
[I 2023-12-27 11:28:39,263] Trial 34 finished with value: 258.4360046386719 and parameters: {'gradient_clip_val': 0.3465082142805942, 'hidden_size': 145, 'dropout': 0.4123012344018791, 'hidden_continuous_size': 81, 'attention_head_size': 2, 'learning_rate': 0.03975957253244985}. Best is trial 1 with value: 63.4862174987793.
[I 2023-12-27 11:28:39,648] Trial 35 finished with value: 213.67054748535156 and parameters: {'gradient_clip_val': 0.5330477508116079, 'hidden_size': 39, 'dropout': 0.32571389260706407, 'hidden_continuous_size': 10, 'attention_head_size': 3, 'learning_rate': 0.014842773764491706}. Best is trial 1 with value: 63.4862174987793.
[I 2023-12-27 11:28:40,079] Trial 36 finished with value: 243.3754425048828 and parameters: {'gradient_clip_val': 0.7378186804029285, 'hidden_size': 72, 'dropout': 0.38561320424134127, 'hidden_continuous_size': 10, 'attention_head_size': 4, 'learning_rate': 0.009772986110332445}. Best is trial 1 with value: 63.4862174987793.
[I 2023-12-27 11:28:40,480] Trial 37 finished with value: 175.1212615966797 and parameters: {'gradient_clip_val': 0.28550685550613814, 'hidden_size': 54, 'dropout': 0.3583488760861288, 'hidden_continuous_size': 9, 'attention_head_size': 3, 'learning_rate': 0.018999822135816025}. Best is trial 1 with value: 63.4862174987793.
[I 2023-12-27 11:28:40,837] Trial 38 finished with value: 213.89093017578125 and parameters: {'gradient_clip_val': 0.8543830737025674, 'hidden_size': 9, 'dropout': 0.31481898934837355, 'hidden_continuous_size': 6, 'attention_head_size': 1, 'learning_rate': 0.0005008269314930849}. Best is trial 1 with value: 63.4862174987793.
[I 2023-12-27 11:28:41,203] Trial 39 finished with value: 280.9905700683594 and parameters: {'gradient_clip_val': 0.8762501985547534, 'hidden_size': 26, 'dropout': 0.4473647465248902, 'hidden_continuous_size': 12, 'attention_head_size': 2, 'learning_rate': 0.006939734925945744}. Best is trial 1 with value: 63.4862174987793.
[I 2023-12-27 11:28:41,562] Trial 40 finished with value: 251.3508758544922 and parameters: {'gradient_clip_val': 0.6370686642754063, 'hidden_size': 17, 'dropout': 0.39886163464488766, 'hidden_continuous_size': 8, 'attention_head_size': 4, 'learning_rate': 0.001324454901553905}. Best is trial 1 with value: 63.4862174987793.
[I 2023-12-27 11:28:41,962] Trial 41 finished with value: 183.3216552734375 and parameters: {'gradient_clip_val': 0.2692680805854157, 'hidden_size': 50, 'dropout': 0.3486134160851819, 'hidden_continuous_size': 9, 'attention_head_size': 3, 'learning_rate': 0.019173700377066023}. Best is trial 1 with value: 63.4862174987793.
[I 2023-12-27 11:28:42,409] Trial 42 finished with value: 198.7065887451172 and parameters: {'gradient_clip_val': 0.2860740216016, 'hidden_size': 65, 'dropout': 0.3735708294631514, 'hidden_continuous_size': 14, 'attention_head_size': 4, 'learning_rate': 0.02922155863911303}. Best is trial 1 with value: 63.4862174987793.
[I 2023-12-27 11:28:42,823] Trial 43 finished with value: 165.32196044921875 and parameters: {'gradient_clip_val': 0.3150087034912732, 'hidden_size': 53, 'dropout': 0.42201193917292723, 'hidden_continuous_size': 13, 'attention_head_size': 3, 'learning_rate': 0.015846378321003905}. Best is trial 1 with value: 63.4862174987793.
[I 2023-12-27 11:28:43,469] Trial 44 finished with value: 147.9676513671875 and parameters: {'gradient_clip_val': 0.36569885366154237, 'hidden_size': 41, 'dropout': 0.41532395588253196, 'hidden_continuous_size': 13, 'attention_head_size': 4, 'learning_rate': 0.011660838105559517}. Best is trial 1 with value: 63.4862174987793.
[I 2023-12-27 11:28:43,884] Trial 45 finished with value: 179.0424041748047 and parameters: {'gradient_clip_val': 0.34054865717547583, 'hidden_size': 40, 'dropout': 0.4761946278864549, 'hidden_continuous_size': 13, 'attention_head_size': 4, 'learning_rate': 0.013203371265770971}. Best is trial 1 with value: 63.4862174987793.
[I 2023-12-27 11:28:44,262] Trial 46 finished with value: 165.4050750732422 and parameters: {'gradient_clip_val': 0.3976003937517998, 'hidden_size': 35, 'dropout': 0.4246236576382298, 'hidden_continuous_size': 11, 'attention_head_size': 4, 'learning_rate': 0.006090790913156979}. Best is trial 1 with value: 63.4862174987793.
[I 2023-12-27 11:28:44,660] Trial 47 finished with value: 182.9040069580078 and parameters: {'gradient_clip_val': 0.256566299116053, 'hidden_size': 45, 'dropout': 0.4772531977509907, 'hidden_continuous_size': 17, 'attention_head_size': 4, 'learning_rate': 0.009712632030737325}. Best is trial 1 with value: 63.4862174987793.
