[I 2023-12-27 11:15:43,711] Trial 0 finished with value: 36.816986083984375 and parameters: {'gradient_clip_val': 0.90310574699525, 'hidden_size': 8, 'dropout': 0.2028890862599585, 'hidden_continuous_size': 5, 'attention_head_size': 2, 'learning_rate': 0.03169700521660164}. Best is trial 0 with value: 36.816986083984375.
[I 2023-12-27 11:15:56,248] Trial 1 finished with value: 73.9184341430664 and parameters: {'gradient_clip_val': 0.1006005587124902, 'hidden_size': 123, 'dropout': 0.1754247825855623, 'hidden_continuous_size': 31, 'attention_head_size': 2, 'learning_rate': 0.0018086782836716426}. Best is trial 0 with value: 36.816986083984375.
[I 2023-12-27 11:15:56,856] Trial 2 finished with value: 164.9471893310547 and parameters: {'gradient_clip_val': 0.39782364316243424, 'hidden_size': 49, 'dropout': 0.29945518458369114, 'hidden_continuous_size': 25, 'attention_head_size': 4, 'learning_rate': 0.007100353323353093}. Best is trial 0 with value: 36.816986083984375.
[I 2023-12-27 11:15:57,283] Trial 3 finished with value: 132.1682891845703 and parameters: {'gradient_clip_val': 0.48322739029964074, 'hidden_size': 72, 'dropout': 0.10712124009104179, 'hidden_continuous_size': 39, 'attention_head_size': 2, 'learning_rate': 0.030175041525058784}. Best is trial 0 with value: 36.816986083984375.
[I 2023-12-27 11:15:57,716] Trial 4 finished with value: 127.44186401367188 and parameters: {'gradient_clip_val': 0.6029180184696659, 'hidden_size': 73, 'dropout': 0.4161870397421642, 'hidden_continuous_size': 46, 'attention_head_size': 2, 'learning_rate': 0.0034826791450581515}. Best is trial 0 with value: 36.816986083984375.
[I 2023-12-27 11:15:58,268] Trial 5 finished with value: 109.73064422607422 and parameters: {'gradient_clip_val': 0.3828550509186914, 'hidden_size': 132, 'dropout': 0.4253582601981065, 'hidden_continuous_size': 43, 'attention_head_size': 3, 'learning_rate': 0.0008882227739113799}. Best is trial 0 with value: 36.816986083984375.
[I 2023-12-27 11:15:58,576] Trial 6 finished with value: 134.10501098632812 and parameters: {'gradient_clip_val': 0.21198631684772642, 'hidden_size': 5, 'dropout': 0.3147413228403083, 'hidden_continuous_size': 5, 'attention_head_size': 2, 'learning_rate': 0.08354907559027307}. Best is trial 0 with value: 36.816986083984375.
[I 2023-12-27 11:15:58,929] Trial 7 finished with value: 129.5752410888672 and parameters: {'gradient_clip_val': 0.36640368286538033, 'hidden_size': 8, 'dropout': 0.21642815225882686, 'hidden_continuous_size': 6, 'attention_head_size': 3, 'learning_rate': 0.014361876327606264}. Best is trial 0 with value: 36.816986083984375.
[I 2023-12-27 11:15:59,304] Trial 8 finished with value: 126.38504791259766 and parameters: {'gradient_clip_val': 0.30202287776586156, 'hidden_size': 26, 'dropout': 0.35823239572194043, 'hidden_continuous_size': 15, 'attention_head_size': 3, 'learning_rate': 0.06893636221352883}. Best is trial 0 with value: 36.816986083984375.
[I 2023-12-27 11:15:59,825] Trial 9 finished with value: 176.5914306640625 and parameters: {'gradient_clip_val': 0.9332251873103984, 'hidden_size': 121, 'dropout': 0.11888236485225484, 'hidden_continuous_size': 25, 'attention_head_size': 3, 'learning_rate': 0.004659678430846695}. Best is trial 0 with value: 36.816986083984375.
[I 2023-12-27 11:16:00,190] Trial 10 finished with value: 130.9778289794922 and parameters: {'gradient_clip_val': 0.9915623186926632, 'hidden_size': 13, 'dropout': 0.4882717109431779, 'hidden_continuous_size': 5, 'attention_head_size': 1, 'learning_rate': 0.023041522360338785}. Best is trial 0 with value: 36.816986083984375.
[I 2023-12-27 11:16:00,565] Trial 11 finished with value: 102.70894622802734 and parameters: {'gradient_clip_val': 0.11522980969612392, 'hidden_size': 20, 'dropout': 0.19989527741139862, 'hidden_continuous_size': 8, 'attention_head_size': 1, 'learning_rate': 0.0015401813068858148}. Best is trial 0 with value: 36.816986083984375.
[I 2023-12-27 11:16:00,982] Trial 12 finished with value: 157.34124755859375 and parameters: {'gradient_clip_val': 0.10419392093058708, 'hidden_size': 38, 'dropout': 0.19933284491810732, 'hidden_continuous_size': 9, 'attention_head_size': 1, 'learning_rate': 0.000611161077716435}. Best is trial 0 with value: 36.816986083984375.
[I 2023-12-27 11:16:01,335] Trial 13 finished with value: 156.7858123779297 and parameters: {'gradient_clip_val': 0.20938571799076286, 'hidden_size': 16, 'dropout': 0.24366781704570695, 'hidden_continuous_size': 7, 'attention_head_size': 2, 'learning_rate': 0.0019071537538519283}. Best is trial 0 with value: 36.816986083984375.
[I 2023-12-27 11:16:01,710] Trial 14 finished with value: 138.6069793701172 and parameters: {'gradient_clip_val': 0.6270129411512884, 'hidden_size': 10, 'dropout': 0.1538283979144346, 'hidden_continuous_size': 5, 'attention_head_size': 4, 'learning_rate': 0.006593011892188041}. Best is trial 0 with value: 36.816986083984375.
[I 2023-12-27 11:16:02,306] Trial 15 finished with value: 123.8015365600586 and parameters: {'gradient_clip_val': 0.14713636877183434, 'hidden_size': 28, 'dropout': 0.1518388683854442, 'hidden_continuous_size': 11, 'attention_head_size': 2, 'learning_rate': 0.0005103894427552439}. Best is trial 0 with value: 36.816986083984375.
[I 2023-12-27 11:16:02,638] Trial 16 finished with value: 141.69769287109375 and parameters: {'gradient_clip_val': 0.27752596513095423, 'hidden_size': 5, 'dropout': 0.25808797008203516, 'hidden_continuous_size': 5, 'attention_head_size': 1, 'learning_rate': 0.011168919046347073}. Best is trial 0 with value: 36.816986083984375.
[I 2023-12-27 11:16:03,004] Trial 17 finished with value: 122.6927719116211 and parameters: {'gradient_clip_val': 0.1473985692820857, 'hidden_size': 9, 'dropout': 0.16695273349744416, 'hidden_continuous_size': 6, 'attention_head_size': 2, 'learning_rate': 0.0023331556858738364}. Best is trial 0 with value: 36.816986083984375.
[I 2023-12-27 11:16:03,651] Trial 18 finished with value: 110.5748291015625 and parameters: {'gradient_clip_val': 0.7476439679622322, 'hidden_size': 149, 'dropout': 0.2577922839328004, 'hidden_continuous_size': 98, 'attention_head_size': 3, 'learning_rate': 0.042485696736271186}. Best is trial 0 with value: 36.816986083984375.
[I 2023-12-27 11:16:04,016] Trial 19 finished with value: 143.3292236328125 and parameters: {'gradient_clip_val': 0.49712766836320826, 'hidden_size': 17, 'dropout': 0.17223175230938867, 'hidden_continuous_size': 6, 'attention_head_size': 1, 'learning_rate': 0.017925671012965872}. Best is trial 0 with value: 36.816986083984375.
[I 2023-12-27 11:16:04,416] Trial 20 finished with value: 102.8588638305664 and parameters: {'gradient_clip_val': 0.2510007910192396, 'hidden_size': 39, 'dropout': 0.10537072533210344, 'hidden_continuous_size': 10, 'attention_head_size': 2, 'learning_rate': 0.010343928015575623}. Best is trial 0 with value: 36.816986083984375.
[I 2023-12-27 11:16:04,780] Trial 21 finished with value: 132.93858337402344 and parameters: {'gradient_clip_val': 0.10570638848062683, 'hidden_size': 21, 'dropout': 0.20816088190593882, 'hidden_continuous_size': 8, 'attention_head_size': 1, 'learning_rate': 0.0012585239101140673}. Best is trial 0 with value: 36.816986083984375.
[I 2023-12-27 11:16:05,147] Trial 22 finished with value: 129.68251037597656 and parameters: {'gradient_clip_val': 0.13646121761338867, 'hidden_size': 13, 'dropout': 0.1929432522797163, 'hidden_continuous_size': 6, 'attention_head_size': 1, 'learning_rate': 0.0017188330202298479}. Best is trial 0 with value: 36.816986083984375.
[I 2023-12-27 11:16:05,518] Trial 23 finished with value: 167.60533142089844 and parameters: {'gradient_clip_val': 0.10144704719703158, 'hidden_size': 24, 'dropout': 0.2327714099803044, 'hidden_continuous_size': 7, 'attention_head_size': 2, 'learning_rate': 0.002707895249759094}. Best is trial 0 with value: 36.816986083984375.
[I 2023-12-27 11:16:05,978] Trial 24 finished with value: 124.2110824584961 and parameters: {'gradient_clip_val': 0.17862130194677067, 'hidden_size': 92, 'dropout': 0.13631884307926528, 'hidden_continuous_size': 13, 'attention_head_size': 1, 'learning_rate': 0.0037753420069127955}. Best is trial 0 with value: 36.816986083984375.
[I 2023-12-27 11:16:06,339] Trial 25 finished with value: 137.60733032226562 and parameters: {'gradient_clip_val': 0.11829282878872815, 'hidden_size': 7, 'dropout': 0.18510128915661214, 'hidden_continuous_size': 5, 'attention_head_size': 2, 'learning_rate': 0.0012917742780841495}. Best is trial 0 with value: 36.816986083984375.
[I 2023-12-27 11:16:06,731] Trial 26 finished with value: 142.72430419921875 and parameters: {'gradient_clip_val': 0.12262498629658873, 'hidden_size': 34, 'dropout': 0.15011301705573557, 'hidden_continuous_size': 9, 'attention_head_size': 1, 'learning_rate': 0.0009093978190762001}. Best is trial 0 with value: 36.816986083984375.
[I 2023-12-27 11:16:07,142] Trial 27 finished with value: 148.07553100585938 and parameters: {'gradient_clip_val': 0.16108811270816478, 'hidden_size': 49, 'dropout': 0.22239916483285693, 'hidden_continuous_size': 8, 'attention_head_size': 2, 'learning_rate': 0.0026160113066864823}. Best is trial 0 with value: 36.816986083984375.
[I 2023-12-27 11:16:07,516] Trial 28 finished with value: 109.52069091796875 and parameters: {'gradient_clip_val': 0.125551408493409, 'hidden_size': 19, 'dropout': 0.1846102371716368, 'hidden_continuous_size': 7, 'attention_head_size': 3, 'learning_rate': 0.0065658678865098625}. Best is trial 0 with value: 36.816986083984375.
[I 2023-12-27 11:16:08,190] Trial 29 finished with value: 125.83514404296875 and parameters: {'gradient_clip_val': 0.17107998849674358, 'hidden_size': 55, 'dropout': 0.27889858621556257, 'hidden_continuous_size': 12, 'attention_head_size': 4, 'learning_rate': 0.004993548252605304}. Best is trial 0 with value: 36.816986083984375.
[I 2023-12-27 11:16:08,599] Trial 30 finished with value: 136.42840576171875 and parameters: {'gradient_clip_val': 0.3257839678253538, 'hidden_size': 30, 'dropout': 0.13512165176020813, 'hidden_continuous_size': 10, 'attention_head_size': 1, 'learning_rate': 0.008736651862397169}. Best is trial 0 with value: 36.816986083984375.
[I 2023-12-27 11:16:09,018] Trial 31 finished with value: 158.6248016357422 and parameters: {'gradient_clip_val': 0.26172597638355594, 'hidden_size': 40, 'dropout': 0.10482857109132539, 'hidden_continuous_size': 15, 'attention_head_size': 2, 'learning_rate': 0.009392332204317328}. Best is trial 0 with value: 36.816986083984375.
[I 2023-12-27 11:16:09,420] Trial 32 finished with value: 154.5001678466797 and parameters: {'gradient_clip_val': 0.44362811957588294, 'hidden_size': 48, 'dropout': 0.10068845391040838, 'hidden_continuous_size': 10, 'attention_head_size': 2, 'learning_rate': 0.014392483116096807}. Best is trial 0 with value: 36.816986083984375.
[I 2023-12-27 11:16:09,869] Trial 33 finished with value: 102.21649169921875 and parameters: {'gradient_clip_val': 0.24630900657853563, 'hidden_size': 69, 'dropout': 0.13491960919764717, 'hidden_continuous_size': 19, 'attention_head_size': 2, 'learning_rate': 0.03492502181475809}. Best is trial 0 with value: 36.816986083984375.
[I 2023-12-27 11:16:10,363] Trial 34 finished with value: 161.22183227539062 and parameters: {'gradient_clip_val': 0.2107233143975771, 'hidden_size': 87, 'dropout': 0.1708607860729315, 'hidden_continuous_size': 25, 'attention_head_size': 2, 'learning_rate': 0.03787256006542721}. Best is trial 0 with value: 36.816986083984375.
[I 2023-12-27 11:16:10,890] Trial 35 finished with value: 164.73773193359375 and parameters: {'gradient_clip_val': 0.18350987603814434, 'hidden_size': 118, 'dropout': 0.2081820141507577, 'hidden_continuous_size': 18, 'attention_head_size': 2, 'learning_rate': 0.027222387229517465}. Best is trial 0 with value: 36.816986083984375.
[I 2023-12-27 11:16:11,328] Trial 36 finished with value: 150.65892028808594 and parameters: {'gradient_clip_val': 0.36570909378493627, 'hidden_size': 57, 'dropout': 0.13071846413320598, 'hidden_continuous_size': 20, 'attention_head_size': 3, 'learning_rate': 0.0557196658977381}. Best is trial 0 with value: 36.816986083984375.
[I 2023-12-27 11:16:11,800] Trial 37 finished with value: 159.3173370361328 and parameters: {'gradient_clip_val': 0.23581422253028858, 'hidden_size': 69, 'dropout': 0.22669135366251528, 'hidden_continuous_size': 31, 'attention_head_size': 2, 'learning_rate': 0.09860801521982125}. Best is trial 0 with value: 36.816986083984375.
[I 2023-12-27 11:16:12,310] Trial 38 finished with value: 122.64615631103516 and parameters: {'gradient_clip_val': 0.11449989168637573, 'hidden_size': 107, 'dropout': 0.1926783003963146, 'hidden_continuous_size': 35, 'attention_head_size': 3, 'learning_rate': 0.032888940148826123}. Best is trial 0 with value: 36.816986083984375.
[I 2023-12-27 11:16:12,918] Trial 39 finished with value: 162.0216522216797 and parameters: {'gradient_clip_val': 0.1376044434902892, 'hidden_size': 150, 'dropout': 0.1282997973477374, 'hidden_continuous_size': 48, 'attention_head_size': 2, 'learning_rate': 0.04954596681710203}. Best is trial 0 with value: 36.816986083984375.
[I 2023-12-27 11:16:13,384] Trial 40 finished with value: 124.88829803466797 and parameters: {'gradient_clip_val': 0.31812183164804175, 'hidden_size': 75, 'dropout': 0.3075059238723103, 'hidden_continuous_size': 21, 'attention_head_size': 1, 'learning_rate': 0.07237784640443194}. Best is trial 0 with value: 36.816986083984375.
[I 2023-12-27 11:16:13,759] Trial 41 finished with value: 116.6265869140625 and parameters: {'gradient_clip_val': 0.2412716751147216, 'hidden_size': 24, 'dropout': 0.11568135441273027, 'hidden_continuous_size': 11, 'attention_head_size': 2, 'learning_rate': 0.023070450089058524}. Best is trial 0 with value: 36.816986083984375.
[I 2023-12-27 11:16:14,409] Trial 42 finished with value: 125.16986083984375 and parameters: {'gradient_clip_val': 0.1961064215964621, 'hidden_size': 32, 'dropout': 0.15187430807039204, 'hidden_continuous_size': 13, 'attention_head_size': 2, 'learning_rate': 0.028753573852082423}. Best is trial 0 with value: 36.816986083984375.
[I 2023-12-27 11:16:14,862] Trial 43 finished with value: 116.91771697998047 and parameters: {'gradient_clip_val': 0.2260495345849969, 'hidden_size': 65, 'dropout': 0.10739297234031621, 'hidden_continuous_size': 14, 'attention_head_size': 2, 'learning_rate': 0.019962945061903475}. Best is trial 0 with value: 36.816986083984375.
[I 2023-12-27 11:16:15,274] Trial 44 finished with value: 121.84808349609375 and parameters: {'gradient_clip_val': 0.26930806506765437, 'hidden_size': 44, 'dropout': 0.12950511648710458, 'hidden_continuous_size': 16, 'attention_head_size': 2, 'learning_rate': 0.01530267386655153}. Best is trial 0 with value: 36.816986083984375.
[I 2023-12-27 11:16:15,678] Trial 45 finished with value: 120.5369873046875 and parameters: {'gradient_clip_val': 0.1938964304623243, 'hidden_size': 37, 'dropout': 0.16886788656951154, 'hidden_continuous_size': 12, 'attention_head_size': 3, 'learning_rate': 0.011274119832915153}. Best is trial 0 with value: 36.816986083984375.
[I 2023-12-27 11:16:16,169] Trial 46 finished with value: 156.5173797607422 and parameters: {'gradient_clip_val': 0.1588306322984105, 'hidden_size': 99, 'dropout': 0.14875394558564906, 'hidden_continuous_size': 17, 'attention_head_size': 2, 'learning_rate': 0.057302472183072405}. Best is trial 0 with value: 36.816986083984375.
[I 2023-12-27 11:16:16,700] Trial 47 finished with value: 108.4923095703125 and parameters: {'gradient_clip_val': 0.36925905955985816, 'hidden_size': 123, 'dropout': 0.2056805788829275, 'hidden_continuous_size': 22, 'attention_head_size': 3, 'learning_rate': 0.03625104809558135}. Best is trial 0 with value: 36.816986083984375.
[I 2023-12-27 11:16:17,148] Trial 48 finished with value: 135.41371154785156 and parameters: {'gradient_clip_val': 0.2874355531766755, 'hidden_size': 74, 'dropout': 0.17730672955141458, 'hidden_continuous_size': 19, 'attention_head_size': 1, 'learning_rate': 0.0032515160135947116}. Best is trial 0 with value: 36.816986083984375.
[I 2023-12-27 11:16:17,523] Trial 49 finished with value: 140.1525115966797 and parameters: {'gradient_clip_val': 0.10020825331710802, 'hidden_size': 6, 'dropout': 0.11746428364882927, 'hidden_continuous_size': 5, 'attention_head_size': 4, 'learning_rate': 0.024461986043103092}. Best is trial 0 with value: 36.816986083984375.
[I 2023-12-27 11:16:17,635] A new study created in memory with name: no-name-862bb432-17bc-4e9b-bcfa-fd29f1eed67d
/home/le004/conda/anaconda3/envs/tsff_env/lib/python3.9/site-packages/lightning/fabric/plugins/environments/slurm.py:191: The `srun` command is available on your system but is not used. HINT: If your intention is to run Lightning on SLURM, prepend your python command with `srun` like so: srun python /home/le004/master_thesis/git/TSFusionForecast/code/ ...
[I 2023-12-27 11:16:47,209] Trial 0 finished with value: 29.320350646972656 and parameters: {'gradient_clip_val': 0.16519741602335317, 'hidden_size': 129, 'dropout': 0.33800773275182716, 'hidden_continuous_size': 78, 'attention_head_size': 2, 'learning_rate': 0.038924579261873204}. Best is trial 0 with value: 29.320350646972656.
[I 2023-12-27 11:16:47,548] Trial 1 finished with value: 79.17918395996094 and parameters: {'gradient_clip_val': 0.36826414663604956, 'hidden_size': 12, 'dropout': 0.3461642492654631, 'hidden_continuous_size': 6, 'attention_head_size': 1, 'learning_rate': 0.0031612361654023012}. Best is trial 0 with value: 29.320350646972656.
[I 2023-12-27 11:16:48,182] Trial 2 finished with value: 122.97037506103516 and parameters: {'gradient_clip_val': 0.16680977292102814, 'hidden_size': 142, 'dropout': 0.2114079764459437, 'hidden_continuous_size': 126, 'attention_head_size': 4, 'learning_rate': 0.010543713544724805}. Best is trial 0 with value: 29.320350646972656.
[I 2023-12-27 11:16:48,604] Trial 3 finished with value: 116.35205078125 and parameters: {'gradient_clip_val': 0.10627944420623235, 'hidden_size': 68, 'dropout': 0.15760649131856086, 'hidden_continuous_size': 55, 'attention_head_size': 4, 'learning_rate': 0.012236350571291337}. Best is trial 0 with value: 29.320350646972656.
[I 2023-12-27 11:16:49,120] Trial 4 finished with value: 117.21387481689453 and parameters: {'gradient_clip_val': 0.8594393342385099, 'hidden_size': 5, 'dropout': 0.131525994805508, 'hidden_continuous_size': 5, 'attention_head_size': 1, 'learning_rate': 0.013155441531680964}. Best is trial 0 with value: 29.320350646972656.
[I 2023-12-27 11:16:49,528] Trial 5 finished with value: 89.92172241210938 and parameters: {'gradient_clip_val': 0.9043682797099988, 'hidden_size': 49, 'dropout': 0.17987624699904062, 'hidden_continuous_size': 35, 'attention_head_size': 2, 'learning_rate': 0.007099185073610501}. Best is trial 0 with value: 29.320350646972656.
[I 2023-12-27 11:16:49,915] Trial 6 finished with value: 97.78204345703125 and parameters: {'gradient_clip_val': 0.16384923996405767, 'hidden_size': 31, 'dropout': 0.21244748038764547, 'hidden_continuous_size': 10, 'attention_head_size': 1, 'learning_rate': 0.03739013829913924}. Best is trial 0 with value: 29.320350646972656.
[I 2023-12-27 11:16:50,315] Trial 7 finished with value: 116.7519302368164 and parameters: {'gradient_clip_val': 0.3028097455089017, 'hidden_size': 45, 'dropout': 0.4141004720151268, 'hidden_continuous_size': 13, 'attention_head_size': 4, 'learning_rate': 0.014693907178012413}. Best is trial 0 with value: 29.320350646972656.
[I 2023-12-27 11:16:50,667] Trial 8 finished with value: 95.96707916259766 and parameters: {'gradient_clip_val': 0.7616533445282853, 'hidden_size': 21, 'dropout': 0.4438402919474469, 'hidden_continuous_size': 10, 'attention_head_size': 1, 'learning_rate': 0.0008803146129304163}. Best is trial 0 with value: 29.320350646972656.
[I 2023-12-27 11:16:51,006] Trial 9 finished with value: 81.91195678710938 and parameters: {'gradient_clip_val': 0.17511875914538058, 'hidden_size': 8, 'dropout': 0.25194037563875293, 'hidden_continuous_size': 7, 'attention_head_size': 1, 'learning_rate': 0.0008011252493378224}. Best is trial 0 with value: 29.320350646972656.
[I 2023-12-27 11:16:51,701] Trial 10 finished with value: 129.7183074951172 and parameters: {'gradient_clip_val': 0.3178143472687372, 'hidden_size': 150, 'dropout': 0.3198479817051494, 'hidden_continuous_size': 141, 'attention_head_size': 3, 'learning_rate': 0.0719941773663375}. Best is trial 0 with value: 29.320350646972656.
[I 2023-12-27 11:16:52,078] Trial 11 finished with value: 115.92681121826172 and parameters: {'gradient_clip_val': 0.3539844786624747, 'hidden_size': 14, 'dropout': 0.3397408019058913, 'hidden_continuous_size': 5, 'attention_head_size': 2, 'learning_rate': 0.0026178183829674985}. Best is trial 0 with value: 29.320350646972656.
[I 2023-12-27 11:16:52,445] Trial 12 finished with value: 90.95867919921875 and parameters: {'gradient_clip_val': 0.48479179472326484, 'hidden_size': 13, 'dropout': 0.3612504828302272, 'hidden_continuous_size': 6, 'attention_head_size': 2, 'learning_rate': 0.0031791140596126714}. Best is trial 0 with value: 29.320350646972656.
[I 2023-12-27 11:16:52,908] Trial 13 finished with value: 87.21539306640625 and parameters: {'gradient_clip_val': 0.23521305493479758, 'hidden_size': 78, 'dropout': 0.28045197705899894, 'hidden_continuous_size': 19, 'attention_head_size': 3, 'learning_rate': 0.09659628562514774}. Best is trial 0 with value: 29.320350646972656.
[I 2023-12-27 11:16:53,280] Trial 14 finished with value: 109.8955307006836 and parameters: {'gradient_clip_val': 0.5287245011323468, 'hidden_size': 23, 'dropout': 0.4934098340731664, 'hidden_continuous_size': 6, 'attention_head_size': 2, 'learning_rate': 0.030597851059586813}. Best is trial 0 with value: 29.320350646972656.
