[rank: 0] Seed set to 42
[I 2023-12-27 10:51:54,592] A new study created in memory with name: no-name-d719ca3c-67dd-4c7e-be9d-192e066fe201
/home/le004/conda/anaconda3/envs/tsff_env/lib/python3.9/site-packages/lightning/fabric/plugins/environments/slurm.py:191: The `srun` command is available on your system but is not used. HINT: If your intention is to run Lightning on SLURM, prepend your python command with `srun` like so: srun python /home/le004/master_thesis/git/TSFusionForecast/code/ ...
LOCAL_RANK: 0 - CUDA_VISIBLE_DEVICES: [0]
[I 2023-12-27 10:52:26,541] Trial 0 finished with value: 22.454736709594727 and parameters: {'gradient_clip_val': 0.8233007178062782, 'hidden_size': 10, 'dropout': 0.3688953568943767, 'hidden_continuous_size': 9, 'attention_head_size': 3, 'learning_rate': 0.0070068128935995245}. Best is trial 0 with value: 22.454736709594727.
LOCAL_RANK: 0 - CUDA_VISIBLE_DEVICES: [0]
[I 2023-12-27 10:52:36,305] Trial 1 finished with value: 35.28323745727539 and parameters: {'gradient_clip_val': 0.5399212678414531, 'hidden_size': 131, 'dropout': 0.48506949479647143, 'hidden_continuous_size': 5, 'attention_head_size': 2, 'learning_rate': 0.0012865529170933434}. Best is trial 0 with value: 22.454736709594727.
LOCAL_RANK: 0 - CUDA_VISIBLE_DEVICES: [0]
[I 2023-12-27 10:52:36,728] Trial 2 finished with value: 89.714111328125 and parameters: {'gradient_clip_val': 0.2216456909630513, 'hidden_size': 6, 'dropout': 0.2570460643730006, 'hidden_continuous_size': 6, 'attention_head_size': 1, 'learning_rate': 0.05133148424080773}. Best is trial 0 with value: 22.454736709594727.
LOCAL_RANK: 0 - CUDA_VISIBLE_DEVICES: [0]
[I 2023-12-27 10:52:37,201] Trial 3 finished with value: 94.393798828125 and parameters: {'gradient_clip_val': 0.36953586249905224, 'hidden_size': 72, 'dropout': 0.2721231609549009, 'hidden_continuous_size': 13, 'attention_head_size': 1, 'learning_rate': 0.06634557138303641}. Best is trial 0 with value: 22.454736709594727.
LOCAL_RANK: 0 - CUDA_VISIBLE_DEVICES: [0]
[I 2023-12-27 10:52:37,708] Trial 4 finished with value: 58.78666305541992 and parameters: {'gradient_clip_val': 0.1371489007530817, 'hidden_size': 89, 'dropout': 0.4398538417993825, 'hidden_continuous_size': 69, 'attention_head_size': 4, 'learning_rate': 0.015441169541862127}. Best is trial 0 with value: 22.454736709594727.
LOCAL_RANK: 0 - CUDA_VISIBLE_DEVICES: [0]
[I 2023-12-27 10:52:38,424] Trial 5 finished with value: 104.15972900390625 and parameters: {'gradient_clip_val': 0.7151881965400798, 'hidden_size': 29, 'dropout': 0.4060358910160057, 'hidden_continuous_size': 5, 'attention_head_size': 1, 'learning_rate': 0.01714906193803201}. Best is trial 0 with value: 22.454736709594727.
LOCAL_RANK: 0 - CUDA_VISIBLE_DEVICES: [0]
[I 2023-12-27 10:52:38,864] Trial 6 finished with value: 65.8428726196289 and parameters: {'gradient_clip_val': 0.22751256151749308, 'hidden_size': 5, 'dropout': 0.19621178875179887, 'hidden_continuous_size': 5, 'attention_head_size': 4, 'learning_rate': 0.0015525084510179916}. Best is trial 0 with value: 22.454736709594727.
LOCAL_RANK: 0 - CUDA_VISIBLE_DEVICES: [0]
[I 2023-12-27 10:52:39,365] Trial 7 finished with value: 89.44149017333984 and parameters: {'gradient_clip_val': 0.6868974345146014, 'hidden_size': 141, 'dropout': 0.4380228521423334, 'hidden_continuous_size': 21, 'attention_head_size': 4, 'learning_rate': 0.06454826290297469}. Best is trial 0 with value: 22.454736709594727.
LOCAL_RANK: 0 - CUDA_VISIBLE_DEVICES: [0]
[I 2023-12-27 10:52:39,787] Trial 8 finished with value: 70.32637786865234 and parameters: {'gradient_clip_val': 0.14118963745002033, 'hidden_size': 6, 'dropout': 0.1397180039720306, 'hidden_continuous_size': 6, 'attention_head_size': 1, 'learning_rate': 0.019746533379207173}. Best is trial 0 with value: 22.454736709594727.
LOCAL_RANK: 0 - CUDA_VISIBLE_DEVICES: [0]
[I 2023-12-27 10:52:40,272] Trial 9 finished with value: 89.25485229492188 and parameters: {'gradient_clip_val': 0.19422195706631182, 'hidden_size': 115, 'dropout': 0.372095236678576, 'hidden_continuous_size': 21, 'attention_head_size': 1, 'learning_rate': 0.0025362701435616506}. Best is trial 0 with value: 22.454736709594727.
LOCAL_RANK: 0 - CUDA_VISIBLE_DEVICES: [0]
[I 2023-12-27 10:52:40,771] Trial 10 finished with value: 74.3932876586914 and parameters: {'gradient_clip_val': 0.9620808551240506, 'hidden_size': 12, 'dropout': 0.33774784182821344, 'hidden_continuous_size': 7, 'attention_head_size': 3, 'learning_rate': 0.0005006367310270053}. Best is trial 0 with value: 22.454736709594727.
LOCAL_RANK: 0 - CUDA_VISIBLE_DEVICES: [0]
[I 2023-12-27 10:52:41,270] Trial 11 finished with value: 92.76978302001953 and parameters: {'gradient_clip_val': 0.4720865540115776, 'hidden_size': 43, 'dropout': 0.48848198499979184, 'hidden_continuous_size': 9, 'attention_head_size': 2, 'learning_rate': 0.004653041171341969}. Best is trial 0 with value: 22.454736709594727.
LOCAL_RANK: 0 - CUDA_VISIBLE_DEVICES: [0]
[I 2023-12-27 10:52:41,779] Trial 12 finished with value: 86.5430908203125 and parameters: {'gradient_clip_val': 0.5179769018548064, 'hidden_size': 15, 'dropout': 0.49059927211709087, 'hidden_continuous_size': 5, 'attention_head_size': 3, 'learning_rate': 0.006350609734982988}. Best is trial 0 with value: 22.454736709594727.
LOCAL_RANK: 0 - CUDA_VISIBLE_DEVICES: [0]
[I 2023-12-27 10:52:42,291] Trial 13 finished with value: 77.28060150146484 and parameters: {'gradient_clip_val': 0.8801098967669702, 'hidden_size': 49, 'dropout': 0.3383714652967337, 'hidden_continuous_size': 9, 'attention_head_size': 2, 'learning_rate': 0.0011951798082424838}. Best is trial 0 with value: 22.454736709594727.
LOCAL_RANK: 0 - CUDA_VISIBLE_DEVICES: [0]
[I 2023-12-27 10:52:42,803] Trial 14 finished with value: 68.07440948486328 and parameters: {'gradient_clip_val': 0.570031886046472, 'hidden_size': 20, 'dropout': 0.3997430312236631, 'hidden_continuous_size': 7, 'attention_head_size': 3, 'learning_rate': 0.002316579422512785}. Best is trial 0 with value: 22.454736709594727.
LOCAL_RANK: 0 - CUDA_VISIBLE_DEVICES: [0]
[I 2023-12-27 10:52:43,339] Trial 15 finished with value: 91.58114624023438 and parameters: {'gradient_clip_val': 0.3828576677952862, 'hidden_size': 144, 'dropout': 0.49146928726785977, 'hidden_continuous_size': 11, 'attention_head_size': 2, 'learning_rate': 0.008742522982676589}. Best is trial 0 with value: 22.454736709594727.
LOCAL_RANK: 0 - CUDA_VISIBLE_DEVICES: [0]
[I 2023-12-27 10:52:43,838] Trial 16 finished with value: 82.90160369873047 and parameters: {'gradient_clip_val': 0.7082952503944333, 'hidden_size': 9, 'dropout': 0.31378616324185316, 'hidden_continuous_size': 5, 'attention_head_size': 3, 'learning_rate': 0.0005046026635588923}. Best is trial 0 with value: 22.454736709594727.
LOCAL_RANK: 0 - CUDA_VISIBLE_DEVICES: [0]
[I 2023-12-27 10:52:44,329] Trial 17 finished with value: 97.21244049072266 and parameters: {'gradient_clip_val': 0.9757628712714538, 'hidden_size': 29, 'dropout': 0.3718807811318046, 'hidden_continuous_size': 7, 'attention_head_size': 2, 'learning_rate': 0.003994249544085468}. Best is trial 0 with value: 22.454736709594727.
LOCAL_RANK: 0 - CUDA_VISIBLE_DEVICES: [0]
[I 2023-12-27 10:52:44,824] Trial 18 finished with value: 65.83954620361328 and parameters: {'gradient_clip_val': 0.44597208543563055, 'hidden_size': 20, 'dropout': 0.4440763744433574, 'hidden_continuous_size': 6, 'attention_head_size': 3, 'learning_rate': 0.0010352303987047355}. Best is trial 0 with value: 22.454736709594727.
LOCAL_RANK: 0 - CUDA_VISIBLE_DEVICES: [0]
[I 2023-12-27 10:52:45,596] Trial 19 finished with value: 68.32852172851562 and parameters: {'gradient_clip_val': 0.3021921832058884, 'hidden_size': 9, 'dropout': 0.2889400458197624, 'hidden_continuous_size': 5, 'attention_head_size': 2, 'learning_rate': 0.0031329033429552907}. Best is trial 0 with value: 22.454736709594727.
LOCAL_RANK: 0 - CUDA_VISIBLE_DEVICES: [0]
[I 2023-12-27 10:52:46,118] Trial 20 finished with value: 80.50487518310547 and parameters: {'gradient_clip_val': 0.5863722954619589, 'hidden_size': 66, 'dropout': 0.22764625728515087, 'hidden_continuous_size': 15, 'attention_head_size': 3, 'learning_rate': 0.007663917763259946}. Best is trial 0 with value: 22.454736709594727.
LOCAL_RANK: 0 - CUDA_VISIBLE_DEVICES: [0]
[I 2023-12-27 10:52:46,643] Trial 21 finished with value: 88.55094146728516 and parameters: {'gradient_clip_val': 0.10355584287267985, 'hidden_size': 89, 'dropout': 0.4299483615153104, 'hidden_continuous_size': 38, 'attention_head_size': 4, 'learning_rate': 0.015199854059562663}. Best is trial 0 with value: 22.454736709594727.
LOCAL_RANK: 0 - CUDA_VISIBLE_DEVICES: [0]
[I 2023-12-27 10:52:47,190] Trial 22 finished with value: 97.62753295898438 and parameters: {'gradient_clip_val': 0.32385224949748814, 'hidden_size': 98, 'dropout': 0.4671571095999383, 'hidden_continuous_size': 85, 'attention_head_size': 4, 'learning_rate': 0.011619274364507645}. Best is trial 0 with value: 22.454736709594727.
LOCAL_RANK: 0 - CUDA_VISIBLE_DEVICES: [0]
[I 2023-12-27 10:52:47,739] Trial 23 finished with value: 95.20549774169922 and parameters: {'gradient_clip_val': 0.7835024789384012, 'hidden_size': 146, 'dropout': 0.454947061472567, 'hidden_continuous_size': 38, 'attention_head_size': 4, 'learning_rate': 0.03046556108360569}. Best is trial 0 with value: 22.454736709594727.
LOCAL_RANK: 0 - CUDA_VISIBLE_DEVICES: [0]
[I 2023-12-27 10:52:48,255] Trial 24 finished with value: 64.9528579711914 and parameters: {'gradient_clip_val': 0.6009499689048647, 'hidden_size': 77, 'dropout': 0.4179033719513817, 'hidden_continuous_size': 9, 'attention_head_size': 2, 'learning_rate': 0.005545465254161794}. Best is trial 0 with value: 22.454736709594727.
LOCAL_RANK: 0 - CUDA_VISIBLE_DEVICES: [0]
[I 2023-12-27 10:52:48,809] Trial 25 finished with value: 83.21846771240234 and parameters: {'gradient_clip_val': 0.7980911806481474, 'hidden_size': 105, 'dropout': 0.385888951356431, 'hidden_continuous_size': 102, 'attention_head_size': 4, 'learning_rate': 0.008649138153954447}. Best is trial 0 with value: 22.454736709594727.
LOCAL_RANK: 0 - CUDA_VISIBLE_DEVICES: [0]
[I 2023-12-27 10:52:49,308] Trial 26 finished with value: 98.85257720947266 and parameters: {'gradient_clip_val': 0.4449735472607423, 'hidden_size': 54, 'dropout': 0.46549939094817777, 'hidden_continuous_size': 11, 'attention_head_size': 3, 'learning_rate': 0.011988897189600745}. Best is trial 0 with value: 22.454736709594727.
LOCAL_RANK: 0 - CUDA_VISIBLE_DEVICES: [0]
[I 2023-12-27 10:52:49,745] Trial 27 finished with value: 99.87384033203125 and parameters: {'gradient_clip_val': 0.6342280722846502, 'hidden_size': 35, 'dropout': 0.42051986784871176, 'hidden_continuous_size': 8, 'attention_head_size': 2, 'learning_rate': 0.02622060828405412}. Best is trial 0 with value: 22.454736709594727.
LOCAL_RANK: 0 - CUDA_VISIBLE_DEVICES: [0]
[I 2023-12-27 10:52:50,196] Trial 28 finished with value: 74.69683837890625 and parameters: {'gradient_clip_val': 0.8251377867661613, 'hidden_size': 61, 'dropout': 0.3599100433556561, 'hidden_continuous_size': 12, 'attention_head_size': 3, 'learning_rate': 0.003699634272810311}. Best is trial 0 with value: 22.454736709594727.
LOCAL_RANK: 0 - CUDA_VISIBLE_DEVICES: [0]
[I 2023-12-27 10:52:50,647] Trial 29 finished with value: 75.3809585571289 and parameters: {'gradient_clip_val': 0.25908914942393646, 'hidden_size': 44, 'dropout': 0.4113365924192998, 'hidden_continuous_size': 6, 'attention_head_size': 4, 'learning_rate': 0.0998991816948249}. Best is trial 0 with value: 22.454736709594727.
LOCAL_RANK: 0 - CUDA_VISIBLE_DEVICES: [0]
[I 2023-12-27 10:52:51,114] Trial 30 finished with value: 86.72078704833984 and parameters: {'gradient_clip_val': 0.18188405100361152, 'hidden_size': 91, 'dropout': 0.45655827961303624, 'hidden_continuous_size': 16, 'attention_head_size': 3, 'learning_rate': 0.005072997268972237}. Best is trial 0 with value: 22.454736709594727.
LOCAL_RANK: 0 - CUDA_VISIBLE_DEVICES: [0]
[I 2023-12-27 10:52:51,575] Trial 31 finished with value: 80.77843475341797 and parameters: {'gradient_clip_val': 0.5480514753789862, 'hidden_size': 86, 'dropout': 0.418347420587077, 'hidden_continuous_size': 9, 'attention_head_size': 2, 'learning_rate': 0.005850324850679977}. Best is trial 0 with value: 22.454736709594727.
LOCAL_RANK: 0 - CUDA_VISIBLE_DEVICES: [0]
[I 2023-12-27 10:52:52,269] Trial 32 finished with value: 106.09347534179688 and parameters: {'gradient_clip_val': 0.6317973298090807, 'hidden_size': 78, 'dropout': 0.3932844385861759, 'hidden_continuous_size': 10, 'attention_head_size': 2, 'learning_rate': 0.010273766310841547}. Best is trial 0 with value: 22.454736709594727.
LOCAL_RANK: 0 - CUDA_VISIBLE_DEVICES: [0]
[I 2023-12-27 10:52:52,733] Trial 33 finished with value: 65.77191162109375 and parameters: {'gradient_clip_val': 0.4065686503480898, 'hidden_size': 116, 'dropout': 0.42804018921876, 'hidden_continuous_size': 14, 'attention_head_size': 1, 'learning_rate': 0.006463788356104032}. Best is trial 0 with value: 22.454736709594727.
LOCAL_RANK: 0 - CUDA_VISIBLE_DEVICES: [0]
[I 2023-12-27 10:52:53,194] Trial 34 finished with value: 81.75393676757812 and parameters: {'gradient_clip_val': 0.5001488358865783, 'hidden_size': 64, 'dropout': 0.4993066468724274, 'hidden_continuous_size': 8, 'attention_head_size': 2, 'learning_rate': 0.03435950636198435}. Best is trial 0 with value: 22.454736709594727.
LOCAL_RANK: 0 - CUDA_VISIBLE_DEVICES: [0]
[I 2023-12-27 10:52:53,651] Trial 35 finished with value: 89.2442626953125 and parameters: {'gradient_clip_val': 0.3473068286155368, 'hidden_size': 74, 'dropout': 0.3959471496953212, 'hidden_continuous_size': 13, 'attention_head_size': 1, 'learning_rate': 0.017378448220140678}. Best is trial 0 with value: 22.454736709594727.
LOCAL_RANK: 0 - CUDA_VISIBLE_DEVICES: [0]
[I 2023-12-27 10:52:54,135] Trial 36 finished with value: 71.01031494140625 and parameters: {'gradient_clip_val': 0.7227210203763292, 'hidden_size': 117, 'dropout': 0.4396875401611055, 'hidden_continuous_size': 16, 'attention_head_size': 2, 'learning_rate': 0.013272803724715409}. Best is trial 0 with value: 22.454736709594727.
LOCAL_RANK: 0 - CUDA_VISIBLE_DEVICES: [0]
[I 2023-12-27 10:52:54,604] Trial 37 finished with value: 66.07785034179688 and parameters: {'gradient_clip_val': 0.6301771630716317, 'hidden_size': 38, 'dropout': 0.4676137123549059, 'hidden_continuous_size': 6, 'attention_head_size': 1, 'learning_rate': 0.020223264609740835}. Best is trial 0 with value: 22.454736709594727.
LOCAL_RANK: 0 - CUDA_VISIBLE_DEVICES: [0]
[I 2023-12-27 10:52:55,065] Trial 38 finished with value: 66.56816864013672 and parameters: {'gradient_clip_val': 0.4166352442313495, 'hidden_size': 56, 'dropout': 0.41313799548213637, 'hidden_continuous_size': 10, 'attention_head_size': 4, 'learning_rate': 0.008288562106870777}. Best is trial 0 with value: 22.454736709594727.
LOCAL_RANK: 0 - CUDA_VISIBLE_DEVICES: [0]
[I 2023-12-27 10:52:55,538] Trial 39 finished with value: 78.02242279052734 and parameters: {'gradient_clip_val': 0.5489206597217285, 'hidden_size': 126, 'dropout': 0.3555581373021571, 'hidden_continuous_size': 19, 'attention_head_size': 2, 'learning_rate': 0.002756828152949415}. Best is trial 0 with value: 22.454736709594727.
LOCAL_RANK: 0 - CUDA_VISIBLE_DEVICES: [0]
[I 2023-12-27 10:52:56,028] Trial 40 finished with value: 96.9599609375 and parameters: {'gradient_clip_val': 0.4690474187767954, 'hidden_size': 75, 'dropout': 0.3789183137035547, 'hidden_continuous_size': 8, 'attention_head_size': 3, 'learning_rate': 0.002020875301699083}. Best is trial 0 with value: 22.454736709594727.
LOCAL_RANK: 0 - CUDA_VISIBLE_DEVICES: [0]
[I 2023-12-27 10:52:56,526] Trial 41 finished with value: 77.53939056396484 and parameters: {'gradient_clip_val': 0.36931755793472937, 'hidden_size': 112, 'dropout': 0.4277083415340107, 'hidden_continuous_size': 12, 'attention_head_size': 1, 'learning_rate': 0.00566567461193236}. Best is trial 0 with value: 22.454736709594727.
LOCAL_RANK: 0 - CUDA_VISIBLE_DEVICES: [0]
[I 2023-12-27 10:52:57,022] Trial 42 finished with value: 74.88971710205078 and parameters: {'gradient_clip_val': 0.5053046630759503, 'hidden_size': 99, 'dropout': 0.43755312836626287, 'hidden_continuous_size': 15, 'attention_head_size': 1, 'learning_rate': 0.0067630631990842245}. Best is trial 0 with value: 22.454736709594727.
LOCAL_RANK: 0 - CUDA_VISIBLE_DEVICES: [0]
[I 2023-12-27 10:52:57,521] Trial 43 finished with value: 120.5930404663086 and parameters: {'gradient_clip_val': 0.43027229338057366, 'hidden_size': 121, 'dropout': 0.4690349302754622, 'hidden_continuous_size': 13, 'attention_head_size': 1, 'learning_rate': 0.004149434472606222}. Best is trial 0 with value: 22.454736709594727.
LOCAL_RANK: 0 - CUDA_VISIBLE_DEVICES: [0]
[I 2023-12-27 10:52:58,027] Trial 44 finished with value: 71.97997283935547 and parameters: {'gradient_clip_val': 0.8954649249986326, 'hidden_size': 127, 'dropout': 0.47880327310816095, 'hidden_continuous_size': 23, 'attention_head_size': 1, 'learning_rate': 0.005250838727943138}. Best is trial 0 with value: 22.454736709594727.
LOCAL_RANK: 0 - CUDA_VISIBLE_DEVICES: [0]
[I 2023-12-27 10:52:58,884] Trial 45 finished with value: 79.26344299316406 and parameters: {'gradient_clip_val': 0.7039617014851642, 'hidden_size': 148, 'dropout': 0.4022922789026707, 'hidden_continuous_size': 143, 'attention_head_size': 2, 'learning_rate': 0.006937715018481358}. Best is trial 0 with value: 22.454736709594727.
LOCAL_RANK: 0 - CUDA_VISIBLE_DEVICES: [0]
[I 2023-12-27 10:52:59,348] Trial 46 finished with value: 85.80944061279297 and parameters: {'gradient_clip_val': 0.4030750131978984, 'hidden_size': 85, 'dropout': 0.4459793859548757, 'hidden_continuous_size': 7, 'attention_head_size': 1, 'learning_rate': 0.01030983987169765}. Best is trial 0 with value: 22.454736709594727.
LOCAL_RANK: 0 - CUDA_VISIBLE_DEVICES: [0]
[I 2023-12-27 10:52:59,817] Trial 47 finished with value: 75.97126007080078 and parameters: {'gradient_clip_val': 0.5013001806652245, 'hidden_size': 103, 'dropout': 0.42577451649746534, 'hidden_continuous_size': 5, 'attention_head_size': 2, 'learning_rate': 0.0032771348130961413}. Best is trial 0 with value: 22.454736709594727.
LOCAL_RANK: 0 - CUDA_VISIBLE_DEVICES: [0]
[I 2023-12-27 10:53:00,295] Trial 48 finished with value: 88.3294677734375 and parameters: {'gradient_clip_val': 0.5854537704323312, 'hidden_size': 71, 'dropout': 0.4858506140617583, 'hidden_continuous_size': 10, 'attention_head_size': 3, 'learning_rate': 0.004073820886563793}. Best is trial 0 with value: 22.454736709594727.
LOCAL_RANK: 0 - CUDA_VISIBLE_DEVICES: [0]
[I 2023-12-27 10:53:00,778] Trial 49 finished with value: 85.1191635131836 and parameters: {'gradient_clip_val': 0.28208455599017307, 'hidden_size': 133, 'dropout': 0.45316447530920856, 'hidden_continuous_size': 7, 'attention_head_size': 2, 'learning_rate': 0.0017291355142274292}. Best is trial 0 with value: 22.454736709594727.
[I 2023-12-27 10:53:00,908] A new study created in memory with name: no-name-fc94c564-8c3d-419b-84c0-34408d0f24db
/home/le004/conda/anaconda3/envs/tsff_env/lib/python3.9/site-packages/lightning/fabric/plugins/environments/slurm.py:191: The `srun` command is available on your system but is not used. HINT: If your intention is to run Lightning on SLURM, prepend your python command with `srun` like so: srun python /home/le004/master_thesis/git/TSFusionForecast/code/ ...
LOCAL_RANK: 0 - CUDA_VISIBLE_DEVICES: [0]
[I 2023-12-27 10:53:31,185] Trial 0 finished with value: 4.737627029418945 and parameters: {'gradient_clip_val': 0.4567427126455513, 'hidden_size': 38, 'dropout': 0.19226538167444016, 'hidden_continuous_size': 18, 'attention_head_size': 1, 'learning_rate': 0.0006871119526398129}. Best is trial 0 with value: 4.737627029418945.
LOCAL_RANK: 0 - CUDA_VISIBLE_DEVICES: [0]
[I 2023-12-27 10:53:52,359] Trial 1 finished with value: 3.0858066082000732 and parameters: {'gradient_clip_val': 0.5545917257475022, 'hidden_size': 8, 'dropout': 0.18765841945599498, 'hidden_continuous_size': 5, 'attention_head_size': 2, 'learning_rate': 0.07574364470855446}. Best is trial 1 with value: 3.0858066082000732.
LOCAL_RANK: 0 - CUDA_VISIBLE_DEVICES: [0]
[I 2023-12-27 10:53:52,843] Trial 2 finished with value: 12.915214538574219 and parameters: {'gradient_clip_val': 0.36175329503320053, 'hidden_size': 7, 'dropout': 0.30692153568886715, 'hidden_continuous_size': 5, 'attention_head_size': 1, 'learning_rate': 0.009416324788242897}. Best is trial 1 with value: 3.0858066082000732.
LOCAL_RANK: 0 - CUDA_VISIBLE_DEVICES: [0]
[I 2023-12-27 10:53:53,357] Trial 3 finished with value: 10.654749870300293 and parameters: {'gradient_clip_val': 0.5329126890167937, 'hidden_size': 22, 'dropout': 0.46180507358740297, 'hidden_continuous_size': 5, 'attention_head_size': 3, 'learning_rate': 0.0009407839612282063}. Best is trial 1 with value: 3.0858066082000732.
LOCAL_RANK: 0 - CUDA_VISIBLE_DEVICES: [0]
[I 2023-12-27 10:53:54,071] Trial 4 finished with value: 12.656875610351562 and parameters: {'gradient_clip_val': 0.9257362506337513, 'hidden_size': 8, 'dropout': 0.37341341278547324, 'hidden_continuous_size': 5, 'attention_head_size': 2, 'learning_rate': 0.0011090946938651332}. Best is trial 1 with value: 3.0858066082000732.
LOCAL_RANK: 0 - CUDA_VISIBLE_DEVICES: [0]
[I 2023-12-27 10:53:54,555] Trial 5 finished with value: 11.273592948913574 and parameters: {'gradient_clip_val': 0.1698850664375404, 'hidden_size': 35, 'dropout': 0.13460665681878203, 'hidden_continuous_size': 6, 'attention_head_size': 4, 'learning_rate': 0.0014864823146388433}. Best is trial 1 with value: 3.0858066082000732.
LOCAL_RANK: 0 - CUDA_VISIBLE_DEVICES: [0]
