[I 2023-12-27 11:07:08,290] Trial 7 finished with value: 327.0924377441406 and parameters: {'gradient_clip_val': 0.3690369525455796, 'hidden_size': 33, 'dropout': 0.46436737954586527, 'hidden_continuous_size': 5, 'attention_head_size': 1, 'learning_rate': 0.005178071046578574}. Best is trial 0 with value: 117.46176147460938.
[I 2023-12-27 11:07:08,678] Trial 8 finished with value: 524.9038696289062 and parameters: {'gradient_clip_val': 0.19170510591758352, 'hidden_size': 48, 'dropout': 0.20065081580644628, 'hidden_continuous_size': 5, 'attention_head_size': 1, 'learning_rate': 0.0010644078961961896}. Best is trial 0 with value: 117.46176147460938.
[I 2023-12-27 11:07:09,266] Trial 9 finished with value: 385.0035400390625 and parameters: {'gradient_clip_val': 0.1736544772213113, 'hidden_size': 9, 'dropout': 0.3848022119644645, 'hidden_continuous_size': 6, 'attention_head_size': 1, 'learning_rate': 0.007302373043796412}. Best is trial 0 with value: 117.46176147460938.
[I 2023-12-27 11:07:09,914] Trial 10 finished with value: 360.9608154296875 and parameters: {'gradient_clip_val': 0.12732629792957062, 'hidden_size': 125, 'dropout': 0.3227957788881054, 'hidden_continuous_size': 112, 'attention_head_size': 4, 'learning_rate': 0.015433183348522114}. Best is trial 0 with value: 117.46176147460938.
[I 2023-12-27 11:07:10,290] Trial 11 finished with value: 377.801025390625 and parameters: {'gradient_clip_val': 0.11758696494830606, 'hidden_size': 16, 'dropout': 0.49582977672396833, 'hidden_continuous_size': 7, 'attention_head_size': 3, 'learning_rate': 0.09356809219736914}. Best is trial 0 with value: 117.46176147460938.
[I 2023-12-27 11:07:10,671] Trial 12 finished with value: 372.048583984375 and parameters: {'gradient_clip_val': 0.23339572903989506, 'hidden_size': 18, 'dropout': 0.48638297598275876, 'hidden_continuous_size': 8, 'attention_head_size': 2, 'learning_rate': 0.0371111703578041}. Best is trial 0 with value: 117.46176147460938.
[I 2023-12-27 11:07:11,139] Trial 13 finished with value: 384.8134765625 and parameters: {'gradient_clip_val': 0.10434663155399904, 'hidden_size': 63, 'dropout': 0.40927703424519446, 'hidden_continuous_size': 12, 'attention_head_size': 3, 'learning_rate': 0.020533874630231284}. Best is trial 0 with value: 117.46176147460938.
[I 2023-12-27 11:07:11,580] Trial 14 finished with value: 491.6819763183594 and parameters: {'gradient_clip_val': 0.1958976099732333, 'hidden_size': 39, 'dropout': 0.3390833915570006, 'hidden_continuous_size': 14, 'attention_head_size': 2, 'learning_rate': 0.04965844593808863}. Best is trial 0 with value: 117.46176147460938.
[I 2023-12-27 11:07:11,977] Trial 15 finished with value: 359.40283203125 and parameters: {'gradient_clip_val': 0.26692349576675944, 'hidden_size': 21, 'dropout': 0.49728522147964643, 'hidden_continuous_size': 6, 'attention_head_size': 4, 'learning_rate': 0.012795566715866853}. Best is trial 0 with value: 117.46176147460938.
[I 2023-12-27 11:07:12,369] Trial 16 finished with value: 391.5777893066406 and parameters: {'gradient_clip_val': 0.14352718062395825, 'hidden_size': 13, 'dropout': 0.439042939589228, 'hidden_continuous_size': 6, 'attention_head_size': 3, 'learning_rate': 0.09805142276740082}. Best is trial 0 with value: 117.46176147460938.
[I 2023-12-27 11:07:12,776] Trial 17 finished with value: 438.461669921875 and parameters: {'gradient_clip_val': 0.44294456209749644, 'hidden_size': 26, 'dropout': 0.3646716438402727, 'hidden_continuous_size': 10, 'attention_head_size': 2, 'learning_rate': 0.03584158553818054}. Best is trial 0 with value: 117.46176147460938.
[I 2023-12-27 11:07:13,383] Trial 18 finished with value: 383.6866149902344 and parameters: {'gradient_clip_val': 0.22142460629740338, 'hidden_size': 146, 'dropout': 0.4229667923374909, 'hidden_continuous_size': 17, 'attention_head_size': 4, 'learning_rate': 0.05407844741835496}. Best is trial 0 with value: 117.46176147460938.
[I 2023-12-27 11:07:13,838] Trial 19 finished with value: 389.8879089355469 and parameters: {'gradient_clip_val': 0.16332665606854455, 'hidden_size': 43, 'dropout': 0.2840907644599324, 'hidden_continuous_size': 17, 'attention_head_size': 3, 'learning_rate': 0.02334943416280944}. Best is trial 0 with value: 117.46176147460938.
[I 2023-12-27 11:07:14,239] Trial 20 finished with value: 396.31591796875 and parameters: {'gradient_clip_val': 0.10240513196557126, 'hidden_size': 25, 'dropout': 0.4222582241172258, 'hidden_continuous_size': 8, 'attention_head_size': 2, 'learning_rate': 0.010725644289754966}. Best is trial 0 with value: 117.46176147460938.
[I 2023-12-27 11:07:14,637] Trial 21 finished with value: 468.5475158691406 and parameters: {'gradient_clip_val': 0.3649551394800664, 'hidden_size': 34, 'dropout': 0.45900731484447677, 'hidden_continuous_size': 5, 'attention_head_size': 1, 'learning_rate': 0.004021274211301063}. Best is trial 0 with value: 117.46176147460938.
[I 2023-12-27 11:07:15,359] Trial 22 finished with value: 403.4640808105469 and parameters: {'gradient_clip_val': 0.4948257053238297, 'hidden_size': 79, 'dropout': 0.4644423766055194, 'hidden_continuous_size': 21, 'attention_head_size': 2, 'learning_rate': 0.0036963536980338936}. Best is trial 0 with value: 117.46176147460938.
[I 2023-12-27 11:07:15,772] Trial 23 finished with value: 430.3917541503906 and parameters: {'gradient_clip_val': 0.3078619578456562, 'hidden_size': 32, 'dropout': 0.4606568466216369, 'hidden_continuous_size': 7, 'attention_head_size': 1, 'learning_rate': 0.01639235624050523}. Best is trial 0 with value: 117.46176147460938.
[I 2023-12-27 11:07:16,158] Trial 24 finished with value: 441.6607360839844 and parameters: {'gradient_clip_val': 0.2128179510214151, 'hidden_size': 13, 'dropout': 0.49996250531049463, 'hidden_continuous_size': 5, 'attention_head_size': 2, 'learning_rate': 0.009561608505373635}. Best is trial 0 with value: 117.46176147460938.
[I 2023-12-27 11:07:16,603] Trial 25 finished with value: 541.3758544921875 and parameters: {'gradient_clip_val': 0.5351547505086227, 'hidden_size': 45, 'dropout': 0.44146069749439837, 'hidden_continuous_size': 11, 'attention_head_size': 3, 'learning_rate': 0.021994054045740653}. Best is trial 0 with value: 117.46176147460938.
[I 2023-12-27 11:07:16,995] Trial 26 finished with value: 410.0674743652344 and parameters: {'gradient_clip_val': 0.3418149725974402, 'hidden_size': 24, 'dropout': 0.41064813240679676, 'hidden_continuous_size': 6, 'attention_head_size': 1, 'learning_rate': 0.006910688985199381}. Best is trial 0 with value: 117.46176147460938.
[I 2023-12-27 11:07:17,506] Trial 27 finished with value: 302.5160827636719 and parameters: {'gradient_clip_val': 0.2699209297472802, 'hidden_size': 93, 'dropout': 0.4722526238661231, 'hidden_continuous_size': 10, 'attention_head_size': 4, 'learning_rate': 0.034426049845807855}. Best is trial 0 with value: 117.46176147460938.
[I 2023-12-27 11:07:18,017] Trial 28 finished with value: 371.3279113769531 and parameters: {'gradient_clip_val': 0.18273968811253843, 'hidden_size': 89, 'dropout': 0.3947061826214525, 'hidden_continuous_size': 10, 'attention_head_size': 4, 'learning_rate': 0.04082552881111919}. Best is trial 0 with value: 117.46176147460938.
[I 2023-12-27 11:07:18,541] Trial 29 finished with value: 417.13330078125 and parameters: {'gradient_clip_val': 0.26159790953958734, 'hidden_size': 99, 'dropout': 0.4804557534052861, 'hidden_continuous_size': 26, 'attention_head_size': 4, 'learning_rate': 0.02994641923149195}. Best is trial 0 with value: 117.46176147460938.
[I 2023-12-27 11:07:18,999] Trial 30 finished with value: 492.9841613769531 and parameters: {'gradient_clip_val': 0.62445688157111, 'hidden_size': 67, 'dropout': 0.44008115578605345, 'hidden_continuous_size': 13, 'attention_head_size': 4, 'learning_rate': 0.06603098456764228}. Best is trial 0 with value: 117.46176147460938.
[I 2023-12-27 11:07:19,507] Trial 31 finished with value: 437.07275390625 and parameters: {'gradient_clip_val': 0.30968850393031766, 'hidden_size': 97, 'dropout': 0.4681611133548632, 'hidden_continuous_size': 9, 'attention_head_size': 4, 'learning_rate': 0.015518148809980831}. Best is trial 0 with value: 117.46176147460938.
[I 2023-12-27 11:07:19,944] Trial 32 finished with value: 467.6466064453125 and parameters: {'gradient_clip_val': 0.35467937947630285, 'hidden_size': 56, 'dropout': 0.49925829840894814, 'hidden_continuous_size': 14, 'attention_head_size': 3, 'learning_rate': 0.04622812133450768}. Best is trial 0 with value: 117.46176147460938.
[I 2023-12-27 11:07:20,432] Trial 33 finished with value: 439.3286437988281 and parameters: {'gradient_clip_val': 0.41733095271562043, 'hidden_size': 75, 'dropout': 0.4576517603848492, 'hidden_continuous_size': 7, 'attention_head_size': 4, 'learning_rate': 0.028617024699331403}. Best is trial 0 with value: 117.46176147460938.
[I 2023-12-27 11:07:20,992] Trial 34 finished with value: 497.1396484375 and parameters: {'gradient_clip_val': 0.2902707718234933, 'hidden_size': 109, 'dropout': 0.4736852519719303, 'hidden_continuous_size': 41, 'attention_head_size': 3, 'learning_rate': 0.0026334587769024924}. Best is trial 0 with value: 117.46176147460938.
[I 2023-12-27 11:07:21,715] Trial 35 finished with value: 473.3218688964844 and parameters: {'gradient_clip_val': 0.24324524533036188, 'hidden_size': 54, 'dropout': 0.4538901043447378, 'hidden_continuous_size': 11, 'attention_head_size': 1, 'learning_rate': 0.06084153205266478}. Best is trial 0 with value: 117.46176147460938.
[I 2023-12-27 11:07:22,147] Trial 36 finished with value: 514.437744140625 and parameters: {'gradient_clip_val': 0.27964459707052025, 'hidden_size': 37, 'dropout': 0.4361266405093548, 'hidden_continuous_size': 5, 'attention_head_size': 2, 'learning_rate': 0.00911069308727697}. Best is trial 0 with value: 117.46176147460938.
[I 2023-12-27 11:07:22,620] Trial 37 finished with value: 425.166259765625 and parameters: {'gradient_clip_val': 0.21555801828371263, 'hidden_size': 67, 'dropout': 0.4789091079841901, 'hidden_continuous_size': 28, 'attention_head_size': 4, 'learning_rate': 0.005270043279511662}. Best is trial 0 with value: 117.46176147460938.
[I 2023-12-27 11:07:23,069] Trial 38 finished with value: 444.0244445800781 and parameters: {'gradient_clip_val': 0.25426890085560844, 'hidden_size': 52, 'dropout': 0.40033579147101733, 'hidden_continuous_size': 17, 'attention_head_size': 1, 'learning_rate': 0.08239853793025782}. Best is trial 0 with value: 117.46176147460938.
[I 2023-12-27 11:07:23,592] Trial 39 finished with value: 513.9505004882812 and parameters: {'gradient_clip_val': 0.34124873621311613, 'hidden_size': 83, 'dropout': 0.3753991633807909, 'hidden_continuous_size': 56, 'attention_head_size': 3, 'learning_rate': 0.07809134702162318}. Best is trial 0 with value: 117.46176147460938.
[I 2023-12-27 11:07:24,202] Trial 40 finished with value: 418.7625427246094 and parameters: {'gradient_clip_val': 0.1579120845716249, 'hidden_size': 115, 'dropout': 0.421535273283387, 'hidden_continuous_size': 96, 'attention_head_size': 4, 'learning_rate': 0.03437892342680624}. Best is trial 0 with value: 117.46176147460938.
[I 2023-12-27 11:07:24,629] Trial 41 finished with value: 530.2354125976562 and parameters: {'gradient_clip_val': 0.27762354277991497, 'hidden_size': 30, 'dropout': 0.4860601873599044, 'hidden_continuous_size': 6, 'attention_head_size': 4, 'learning_rate': 0.01262322281291378}. Best is trial 0 with value: 117.46176147460938.
[I 2023-12-27 11:07:25,018] Trial 42 finished with value: 370.43505859375 and parameters: {'gradient_clip_val': 0.23941236088065293, 'hidden_size': 19, 'dropout': 0.49694487222745803, 'hidden_continuous_size': 8, 'attention_head_size': 4, 'learning_rate': 0.012806177332688448}. Best is trial 0 with value: 117.46176147460938.
[I 2023-12-27 11:07:25,423] Trial 43 finished with value: 384.0411376953125 and parameters: {'gradient_clip_val': 0.20896389837238794, 'hidden_size': 23, 'dropout': 0.4769462431214634, 'hidden_continuous_size': 9, 'attention_head_size': 4, 'learning_rate': 0.00779560997797761}. Best is trial 0 with value: 117.46176147460938.
[I 2023-12-27 11:07:26,025] Trial 44 finished with value: 441.4844970703125 and parameters: {'gradient_clip_val': 0.1860234505778861, 'hidden_size': 149, 'dropout': 0.4566001694355771, 'hidden_continuous_size': 6, 'attention_head_size': 4, 'learning_rate': 0.019277934987511153}. Best is trial 0 with value: 117.46176147460938.
[I 2023-12-27 11:07:26,446] Trial 45 finished with value: 442.169189453125 and parameters: {'gradient_clip_val': 0.3108187099345809, 'hidden_size': 38, 'dropout': 0.48433977399634803, 'hidden_continuous_size': 7, 'attention_head_size': 3, 'learning_rate': 0.047837565029319885}. Best is trial 0 with value: 117.46176147460938.
[I 2023-12-27 11:07:26,855] Trial 46 finished with value: 424.8908996582031 and parameters: {'gradient_clip_val': 0.2654789164143556, 'hidden_size': 29, 'dropout': 0.4741010023439628, 'hidden_continuous_size': 5, 'attention_head_size': 2, 'learning_rate': 0.02401415130198639}. Best is trial 0 with value: 117.46176147460938.
[I 2023-12-27 11:07:27,252] Trial 47 finished with value: 353.3013610839844 and parameters: {'gradient_clip_val': 0.3765231041657134, 'hidden_size': 21, 'dropout': 0.449957247817734, 'hidden_continuous_size': 12, 'attention_head_size': 4, 'learning_rate': 0.012304745428136992}. Best is trial 0 with value: 117.46176147460938.
[I 2023-12-27 11:07:27,628] Trial 48 finished with value: 427.3962097167969 and parameters: {'gradient_clip_val': 0.373810341072201, 'hidden_size': 16, 'dropout': 0.4485245989700042, 'hidden_continuous_size': 10, 'attention_head_size': 1, 'learning_rate': 0.005889833877162164}. Best is trial 0 with value: 117.46176147460938.
[I 2023-12-27 11:07:28,336] Trial 49 finished with value: 487.177001953125 and parameters: {'gradient_clip_val': 0.40098090428579436, 'hidden_size': 47, 'dropout': 0.4272267841031295, 'hidden_continuous_size': 12, 'attention_head_size': 3, 'learning_rate': 0.018852476254141468}. Best is trial 0 with value: 117.46176147460938.
[I 2023-12-27 11:07:28,452] A new study created in memory with name: no-name-3d6677f8-fe88-4734-bb96-448222a58d2b
/home/le004/conda/anaconda3/envs/tsff_env/lib/python3.9/site-packages/lightning/fabric/plugins/environments/slurm.py:191: The `srun` command is available on your system but is not used. HINT: If your intention is to run Lightning on SLURM, prepend your python command with `srun` like so: srun python /home/le004/master_thesis/git/TSFusionForecast/code/ ...
[I 2023-12-27 11:08:00,407] Trial 0 finished with value: 42.137184143066406 and parameters: {'gradient_clip_val': 0.39388523094660116, 'hidden_size': 7, 'dropout': 0.37381355038383546, 'hidden_continuous_size': 5, 'attention_head_size': 3, 'learning_rate': 0.0005548289257745587}. Best is trial 0 with value: 42.137184143066406.
[I 2023-12-27 11:08:28,887] Trial 1 finished with value: 16.46381378173828 and parameters: {'gradient_clip_val': 0.28870095697279136, 'hidden_size': 67, 'dropout': 0.3233198630048294, 'hidden_continuous_size': 7, 'attention_head_size': 2, 'learning_rate': 0.005055585390238552}. Best is trial 1 with value: 16.46381378173828.
[I 2023-12-27 11:08:29,275] Trial 2 finished with value: 57.995731353759766 and parameters: {'gradient_clip_val': 0.18865725542827838, 'hidden_size': 18, 'dropout': 0.23030759419082214, 'hidden_continuous_size': 5, 'attention_head_size': 3, 'learning_rate': 0.0054660474539247736}. Best is trial 1 with value: 16.46381378173828.
[I 2023-12-27 11:08:29,648] Trial 3 finished with value: 59.0634651184082 and parameters: {'gradient_clip_val': 0.4984886173920715, 'hidden_size': 32, 'dropout': 0.3587986653152113, 'hidden_continuous_size': 24, 'attention_head_size': 3, 'learning_rate': 0.07538694954544363}. Best is trial 1 with value: 16.46381378173828.
[I 2023-12-27 11:08:29,999] Trial 4 finished with value: 62.85795593261719 and parameters: {'gradient_clip_val': 0.8425520827055395, 'hidden_size': 12, 'dropout': 0.39418710609994345, 'hidden_continuous_size': 8, 'attention_head_size': 4, 'learning_rate': 0.0011088190677552645}. Best is trial 1 with value: 16.46381378173828.
[I 2023-12-27 11:08:30,405] Trial 5 finished with value: 60.11648178100586 and parameters: {'gradient_clip_val': 0.21804293020654572, 'hidden_size': 35, 'dropout': 0.3749887011992704, 'hidden_continuous_size': 6, 'attention_head_size': 3, 'learning_rate': 0.003644771920846646}. Best is trial 1 with value: 16.46381378173828.
[I 2023-12-27 11:08:30,846] Trial 6 finished with value: 54.94873046875 and parameters: {'gradient_clip_val': 0.2906296103860199, 'hidden_size': 47, 'dropout': 0.1073666233915831, 'hidden_continuous_size': 21, 'attention_head_size': 3, 'learning_rate': 0.0029620955464386292}. Best is trial 1 with value: 16.46381378173828.
[I 2023-12-27 11:08:31,180] Trial 7 finished with value: 56.56770324707031 and parameters: {'gradient_clip_val': 0.16522182638778204, 'hidden_size': 6, 'dropout': 0.11507810117021991, 'hidden_continuous_size': 6, 'attention_head_size': 4, 'learning_rate': 0.08158348898217717}. Best is trial 1 with value: 16.46381378173828.
[I 2023-12-27 11:08:31,773] Trial 8 finished with value: 48.4366455078125 and parameters: {'gradient_clip_val': 0.6228257440976694, 'hidden_size': 19, 'dropout': 0.14890558616685945, 'hidden_continuous_size': 5, 'attention_head_size': 1, 'learning_rate': 0.006058910104175676}. Best is trial 1 with value: 16.46381378173828.
[I 2023-12-27 11:08:32,112] Trial 9 finished with value: 58.0823860168457 and parameters: {'gradient_clip_val': 0.6851415494192413, 'hidden_size': 8, 'dropout': 0.1147525421389458, 'hidden_continuous_size': 8, 'attention_head_size': 4, 'learning_rate': 0.017896510533525596}. Best is trial 1 with value: 16.46381378173828.
[I 2023-12-27 11:08:32,733] Trial 10 finished with value: 67.81510925292969 and parameters: {'gradient_clip_val': 0.28499675760958265, 'hidden_size': 115, 'dropout': 0.49930641578593604, 'hidden_continuous_size': 99, 'attention_head_size': 1, 'learning_rate': 0.012378759859493884}. Best is trial 1 with value: 16.46381378173828.
[I 2023-12-27 11:08:33,080] Trial 11 finished with value: 62.77982711791992 and parameters: {'gradient_clip_val': 0.10879229656356387, 'hidden_size': 5, 'dropout': 0.29066356562624734, 'hidden_continuous_size': 5, 'attention_head_size': 2, 'learning_rate': 0.0005015272442022594}. Best is trial 1 with value: 16.46381378173828.
[I 2023-12-27 11:08:33,561] Trial 12 finished with value: 52.926361083984375 and parameters: {'gradient_clip_val': 0.43782090282668296, 'hidden_size': 63, 'dropout': 0.3000921276247612, 'hidden_continuous_size': 10, 'attention_head_size': 2, 'learning_rate': 0.001295352771969382}. Best is trial 1 with value: 16.46381378173828.
[I 2023-12-27 11:08:33,956] Trial 13 finished with value: 55.3939094543457 and parameters: {'gradient_clip_val': 0.4023133385620697, 'hidden_size': 11, 'dropout': 0.43957654636701243, 'hidden_continuous_size': 6, 'attention_head_size': 2, 'learning_rate': 0.0005367524622644881}. Best is trial 1 with value: 16.46381378173828.
[I 2023-12-27 11:08:34,438] Trial 14 finished with value: 57.91825866699219 and parameters: {'gradient_clip_val': 0.3347859532023926, 'hidden_size': 82, 'dropout': 0.3059050520774295, 'hidden_continuous_size': 13, 'attention_head_size': 2, 'learning_rate': 0.002131698656056659}. Best is trial 1 with value: 16.46381378173828.
[I 2023-12-27 11:08:35,012] Trial 15 finished with value: 51.48529052734375 and parameters: {'gradient_clip_val': 0.9373631894297961, 'hidden_size': 133, 'dropout': 0.25046537281572, 'hidden_continuous_size': 14, 'attention_head_size': 1, 'learning_rate': 0.0012642802638293752}. Best is trial 1 with value: 16.46381378173828.
[I 2023-12-27 11:08:35,411] Trial 16 finished with value: 59.33710861206055 and parameters: {'gradient_clip_val': 0.5115675015620942, 'hidden_size': 21, 'dropout': 0.34462732335262997, 'hidden_continuous_size': 7, 'attention_head_size': 2, 'learning_rate': 0.011413751690567912}. Best is trial 1 with value: 16.46381378173828.
[I 2023-12-27 11:08:35,846] Trial 17 finished with value: 55.37697219848633 and parameters: {'gradient_clip_val': 0.3536685274719519, 'hidden_size': 47, 'dropout': 0.4178842539337678, 'hidden_continuous_size': 9, 'attention_head_size': 3, 'learning_rate': 0.0008459811365850316}. Best is trial 1 with value: 16.46381378173828.
[I 2023-12-27 11:08:36,191] Trial 18 finished with value: 67.044677734375 and parameters: {'gradient_clip_val': 0.2568500058445222, 'hidden_size': 5, 'dropout': 0.4510635511958807, 'hidden_continuous_size': 5, 'attention_head_size': 2, 'learning_rate': 0.002123841744329831}. Best is trial 1 with value: 16.46381378173828.
[I 2023-12-27 11:08:36,593] Trial 19 finished with value: 44.73148727416992 and parameters: {'gradient_clip_val': 0.37919738416142296, 'hidden_size': 12, 'dropout': 0.35305460186740495, 'hidden_continuous_size': 6, 'attention_head_size': 3, 'learning_rate': 0.001898851847771203}. Best is trial 1 with value: 16.46381378173828.
[I 2023-12-27 11:08:37,002] Trial 20 finished with value: 48.57102966308594 and parameters: {'gradient_clip_val': 0.24429467797928622, 'hidden_size': 26, 'dropout': 0.39632749460132366, 'hidden_continuous_size': 7, 'attention_head_size': 4, 'learning_rate': 0.0008654278011904321}. Best is trial 1 with value: 16.46381378173828.
[I 2023-12-27 11:08:37,648] Trial 21 finished with value: 45.04963684082031 and parameters: {'gradient_clip_val': 0.3768224774694082, 'hidden_size': 11, 'dropout': 0.33202431403218036, 'hidden_continuous_size': 6, 'attention_head_size': 3, 'learning_rate': 0.0018651258903070247}. Best is trial 1 with value: 16.46381378173828.
