[I 2023-12-27 11:13:32,827] Trial 2 finished with value: 114.68631744384766 and parameters: {'gradient_clip_val': 0.14458036896494803, 'hidden_size': 72, 'dropout': 0.27405113472167986, 'hidden_continuous_size': 18, 'attention_head_size': 3, 'learning_rate': 0.0026724632580875274}. Best is trial 0 with value: 46.91545486450195.
[I 2023-12-27 11:13:33,176] Trial 3 finished with value: 127.68119049072266 and parameters: {'gradient_clip_val': 0.48185385436586475, 'hidden_size': 28, 'dropout': 0.2093322948220044, 'hidden_continuous_size': 21, 'attention_head_size': 3, 'learning_rate': 0.0400912124997478}. Best is trial 0 with value: 46.91545486450195.
[I 2023-12-27 11:13:33,521] Trial 4 finished with value: 101.5169677734375 and parameters: {'gradient_clip_val': 0.3215202655370966, 'hidden_size': 27, 'dropout': 0.49833116123253707, 'hidden_continuous_size': 7, 'attention_head_size': 2, 'learning_rate': 0.011401057432721623}. Best is trial 0 with value: 46.91545486450195.
[I 2023-12-27 11:13:34,098] Trial 5 finished with value: 108.595458984375 and parameters: {'gradient_clip_val': 0.1888713936783561, 'hidden_size': 148, 'dropout': 0.29131634661156924, 'hidden_continuous_size': 96, 'attention_head_size': 3, 'learning_rate': 0.014142715113417631}. Best is trial 0 with value: 46.91545486450195.
[I 2023-12-27 11:13:34,455] Trial 6 finished with value: 111.51110076904297 and parameters: {'gradient_clip_val': 0.2872010089305478, 'hidden_size': 15, 'dropout': 0.16739466331205133, 'hidden_continuous_size': 14, 'attention_head_size': 1, 'learning_rate': 0.00164569889868117}. Best is trial 0 with value: 46.91545486450195.
[I 2023-12-27 11:13:34,885] Trial 7 finished with value: 100.1917724609375 and parameters: {'gradient_clip_val': 0.270117982936277, 'hidden_size': 98, 'dropout': 0.3181176633291106, 'hidden_continuous_size': 12, 'attention_head_size': 1, 'learning_rate': 0.07543437229277863}. Best is trial 0 with value: 46.91545486450195.
[I 2023-12-27 11:13:35,292] Trial 8 finished with value: 115.67367553710938 and parameters: {'gradient_clip_val': 0.11213222829452762, 'hidden_size': 80, 'dropout': 0.4196154616916574, 'hidden_continuous_size': 35, 'attention_head_size': 1, 'learning_rate': 0.0007188569085408721}. Best is trial 0 with value: 46.91545486450195.
[I 2023-12-27 11:13:35,691] Trial 9 finished with value: 107.0695571899414 and parameters: {'gradient_clip_val': 0.10808973013297044, 'hidden_size': 61, 'dropout': 0.23736184461585608, 'hidden_continuous_size': 10, 'attention_head_size': 4, 'learning_rate': 0.010421941105720124}. Best is trial 0 with value: 46.91545486450195.
[I 2023-12-27 11:13:36,320] Trial 10 finished with value: 111.2832260131836 and parameters: {'gradient_clip_val': 0.9469589225009895, 'hidden_size': 45, 'dropout': 0.1002769322412788, 'hidden_continuous_size': 32, 'attention_head_size': 2, 'learning_rate': 0.0005297439531660613}. Best is trial 0 with value: 46.91545486450195.
[I 2023-12-27 11:13:36,881] Trial 11 finished with value: 109.5995864868164 and parameters: {'gradient_clip_val': 0.24183064688536962, 'hidden_size': 133, 'dropout': 0.3370734831895036, 'hidden_continuous_size': 64, 'attention_head_size': 1, 'learning_rate': 0.07096277776979769}. Best is trial 0 with value: 46.91545486450195.
[I 2023-12-27 11:13:37,376] Trial 12 finished with value: 134.68161010742188 and parameters: {'gradient_clip_val': 0.3757893186846482, 'hidden_size': 106, 'dropout': 0.18371135693113996, 'hidden_continuous_size': 36, 'attention_head_size': 1, 'learning_rate': 0.09754325985011388}. Best is trial 0 with value: 46.91545486450195.
[I 2023-12-27 11:13:37,930] Trial 13 finished with value: 114.82904815673828 and parameters: {'gradient_clip_val': 0.22680131422893113, 'hidden_size': 147, 'dropout': 0.2525822775024837, 'hidden_continuous_size': 11, 'attention_head_size': 1, 'learning_rate': 0.024352842736713787}. Best is trial 0 with value: 46.91545486450195.
[I 2023-12-27 11:13:38,347] Trial 14 finished with value: 112.94243621826172 and parameters: {'gradient_clip_val': 0.18664441096882123, 'hidden_size': 47, 'dropout': 0.3320469942211755, 'hidden_continuous_size': 9, 'attention_head_size': 2, 'learning_rate': 0.005108029662535585}. Best is trial 0 with value: 46.91545486450195.
[I 2023-12-27 11:13:38,815] Trial 15 finished with value: 107.2562255859375 and parameters: {'gradient_clip_val': 0.4316526722772434, 'hidden_size': 85, 'dropout': 0.1554014542370637, 'hidden_continuous_size': 18, 'attention_head_size': 4, 'learning_rate': 0.026797149756905666}. Best is trial 0 with value: 46.91545486450195.
[I 2023-12-27 11:13:39,302] Trial 16 finished with value: 87.31595611572266 and parameters: {'gradient_clip_val': 0.26353195844481087, 'hidden_size': 99, 'dropout': 0.23268892902362337, 'hidden_continuous_size': 52, 'attention_head_size': 1, 'learning_rate': 0.0013604532875423753}. Best is trial 0 with value: 46.91545486450195.
[I 2023-12-27 11:13:39,714] Trial 17 finished with value: 104.77242279052734 and parameters: {'gradient_clip_val': 0.1434813764368284, 'hidden_size': 53, 'dropout': 0.22317281300520214, 'hidden_continuous_size': 24, 'attention_head_size': 2, 'learning_rate': 0.0010005549899676067}. Best is trial 0 with value: 46.91545486450195.
[I 2023-12-27 11:13:40,176] Trial 18 finished with value: 118.68197631835938 and parameters: {'gradient_clip_val': 0.23738271313733472, 'hidden_size': 97, 'dropout': 0.1285400493525543, 'hidden_continuous_size': 52, 'attention_head_size': 1, 'learning_rate': 0.0013524140779121426}. Best is trial 0 with value: 46.91545486450195.
[I 2023-12-27 11:13:40,554] Trial 19 finished with value: 99.26053619384766 and parameters: {'gradient_clip_val': 0.3438106590087729, 'hidden_size': 34, 'dropout': 0.2066883841077383, 'hidden_continuous_size': 14, 'attention_head_size': 2, 'learning_rate': 0.0005055019487313502}. Best is trial 0 with value: 46.91545486450195.
[I 2023-12-27 11:13:40,977] Trial 20 finished with value: 101.7427749633789 and parameters: {'gradient_clip_val': 0.2154045952071113, 'hidden_size': 68, 'dropout': 0.2524099586844932, 'hidden_continuous_size': 26, 'attention_head_size': 1, 'learning_rate': 0.0018225363335168702}. Best is trial 0 with value: 46.91545486450195.
[I 2023-12-27 11:13:41,367] Trial 21 finished with value: 105.49713134765625 and parameters: {'gradient_clip_val': 0.3443363316547363, 'hidden_size': 36, 'dropout': 0.189589493567754, 'hidden_continuous_size': 15, 'attention_head_size': 2, 'learning_rate': 0.0005876281651612074}. Best is trial 0 with value: 46.91545486450195.
[I 2023-12-27 11:13:41,729] Trial 22 finished with value: 121.4228744506836 and parameters: {'gradient_clip_val': 0.29415928667079505, 'hidden_size': 17, 'dropout': 0.20832087217423448, 'hidden_continuous_size': 8, 'attention_head_size': 2, 'learning_rate': 0.0008294709991844461}. Best is trial 0 with value: 46.91545486450195.
[I 2023-12-27 11:13:42,452] Trial 23 finished with value: 106.6044921875 and parameters: {'gradient_clip_val': 0.5081663364933184, 'hidden_size': 113, 'dropout': 0.15234742178264254, 'hidden_continuous_size': 50, 'attention_head_size': 1, 'learning_rate': 0.0005012800744477369}. Best is trial 0 with value: 46.91545486450195.
[I 2023-12-27 11:13:42,873] Trial 24 finished with value: 104.23153686523438 and parameters: {'gradient_clip_val': 0.38457365735639787, 'hidden_size': 63, 'dropout': 0.20445284681206186, 'hidden_continuous_size': 14, 'attention_head_size': 3, 'learning_rate': 0.0010360090123679227}. Best is trial 0 with value: 46.91545486450195.
[I 2023-12-27 11:13:43,261] Trial 25 finished with value: 110.04681396484375 and parameters: {'gradient_clip_val': 0.26651863175139817, 'hidden_size': 39, 'dropout': 0.2309478077245929, 'hidden_continuous_size': 20, 'attention_head_size': 2, 'learning_rate': 0.0009332031891838508}. Best is trial 0 with value: 46.91545486450195.
[I 2023-12-27 11:13:43,696] Trial 26 finished with value: 108.66339111328125 and parameters: {'gradient_clip_val': 0.20578173567998026, 'hidden_size': 84, 'dropout': 0.2663157134830272, 'hidden_continuous_size': 29, 'attention_head_size': 1, 'learning_rate': 0.0024652053646465545}. Best is trial 0 with value: 46.91545486450195.
[I 2023-12-27 11:13:44,230] Trial 27 finished with value: 106.6344223022461 and parameters: {'gradient_clip_val': 0.325402823007159, 'hidden_size': 111, 'dropout': 0.1818985674716675, 'hidden_continuous_size': 101, 'attention_head_size': 1, 'learning_rate': 0.0011779382275229704}. Best is trial 0 with value: 46.91545486450195.
[I 2023-12-27 11:13:44,632] Trial 28 finished with value: 106.0674057006836 and parameters: {'gradient_clip_val': 0.25463395867236077, 'hidden_size': 57, 'dropout': 0.28848726817083603, 'hidden_continuous_size': 25, 'attention_head_size': 2, 'learning_rate': 0.000673084397274011}. Best is trial 0 with value: 46.91545486450195.
[I 2023-12-27 11:13:44,945] Trial 29 finished with value: 117.8329086303711 and parameters: {'gradient_clip_val': 0.1605301811387589, 'hidden_size': 5, 'dropout': 0.23624331721330877, 'hidden_continuous_size': 5, 'attention_head_size': 3, 'learning_rate': 0.0034750367491965463}. Best is trial 0 with value: 46.91545486450195.
[I 2023-12-27 11:13:45,480] Trial 30 finished with value: 102.17755889892578 and parameters: {'gradient_clip_val': 0.1864484863491814, 'hidden_size': 124, 'dropout': 0.1372431897831234, 'hidden_continuous_size': 75, 'attention_head_size': 1, 'learning_rate': 0.001538516131927457}. Best is trial 0 with value: 46.91545486450195.
[I 2023-12-27 11:13:45,944] Trial 31 finished with value: 124.53814697265625 and parameters: {'gradient_clip_val': 0.2832812209111887, 'hidden_size': 94, 'dropout': 0.3091162086657755, 'hidden_continuous_size': 38, 'attention_head_size': 1, 'learning_rate': 0.006287020978922932}. Best is trial 0 with value: 46.91545486450195.
[I 2023-12-27 11:13:46,379] Trial 32 finished with value: 111.8427963256836 and parameters: {'gradient_clip_val': 0.25793647865354863, 'hidden_size': 75, 'dropout': 0.2694761984830206, 'hidden_continuous_size': 42, 'attention_head_size': 1, 'learning_rate': 0.002313777683051457}. Best is trial 0 with value: 46.91545486450195.
[I 2023-12-27 11:13:46,818] Trial 33 finished with value: 106.12969970703125 and parameters: {'gradient_clip_val': 0.21059958369053428, 'hidden_size': 96, 'dropout': 0.30843864922885095, 'hidden_continuous_size': 12, 'attention_head_size': 1, 'learning_rate': 0.0034505300218485254}. Best is trial 0 with value: 46.91545486450195.
[I 2023-12-27 11:13:47,227] Trial 34 finished with value: 115.86173248291016 and parameters: {'gradient_clip_val': 0.31569020514389223, 'hidden_size': 72, 'dropout': 0.21041506651737116, 'hidden_continuous_size': 16, 'attention_head_size': 2, 'learning_rate': 0.0007658043528548083}. Best is trial 0 with value: 46.91545486450195.
[I 2023-12-27 11:13:47,726] Trial 35 finished with value: 96.63308715820312 and parameters: {'gradient_clip_val': 0.27038360587172133, 'hidden_size': 121, 'dropout': 0.36655511257044693, 'hidden_continuous_size': 21, 'attention_head_size': 2, 'learning_rate': 0.0012649134904935576}. Best is trial 0 with value: 46.91545486450195.
[I 2023-12-27 11:13:48,552] Trial 36 finished with value: 112.47552490234375 and parameters: {'gradient_clip_val': 0.23299924929237253, 'hidden_size': 131, 'dropout': 0.36202411040840454, 'hidden_continuous_size': 125, 'attention_head_size': 2, 'learning_rate': 0.0011348866630918235}. Best is trial 0 with value: 46.91545486450195.
[I 2023-12-27 11:13:49,059] Trial 37 finished with value: 120.28990936279297 and parameters: {'gradient_clip_val': 0.2990645606556704, 'hidden_size': 118, 'dropout': 0.2828242523451495, 'hidden_continuous_size': 28, 'attention_head_size': 3, 'learning_rate': 0.001862878597820308}. Best is trial 0 with value: 46.91545486450195.
[I 2023-12-27 11:13:49,489] Trial 38 finished with value: 104.70214080810547 and parameters: {'gradient_clip_val': 0.1718700630250509, 'hidden_size': 72, 'dropout': 0.18312783175470868, 'hidden_continuous_size': 21, 'attention_head_size': 2, 'learning_rate': 0.0007013874624680475}. Best is trial 0 with value: 46.91545486450195.
[I 2023-12-27 11:13:50,068] Trial 39 finished with value: 116.13525390625 and parameters: {'gradient_clip_val': 0.3485688178749776, 'hidden_size': 149, 'dropout': 0.36936739374876754, 'hidden_continuous_size': 47, 'attention_head_size': 3, 'learning_rate': 0.0013464100620732367}. Best is trial 0 with value: 46.91545486450195.
[I 2023-12-27 11:13:50,518] Trial 40 finished with value: 110.73995208740234 and parameters: {'gradient_clip_val': 0.27894249159402495, 'hidden_size': 81, 'dropout': 0.2535161028189081, 'hidden_continuous_size': 31, 'attention_head_size': 2, 'learning_rate': 0.0008575615742496785}. Best is trial 0 with value: 46.91545486450195.
[I 2023-12-27 11:13:51,005] Trial 41 finished with value: 104.96453094482422 and parameters: {'gradient_clip_val': 0.26601660049993847, 'hidden_size': 101, 'dropout': 0.4075201062793656, 'hidden_continuous_size': 17, 'attention_head_size': 1, 'learning_rate': 0.0006092108374766717}. Best is trial 0 with value: 46.91545486450195.
[I 2023-12-27 11:13:51,514] Trial 42 finished with value: 99.17011260986328 and parameters: {'gradient_clip_val': 0.20760154990046312, 'hidden_size': 119, 'dropout': 0.3008370900011893, 'hidden_continuous_size': 12, 'attention_head_size': 1, 'learning_rate': 0.007279031067464248}. Best is trial 0 with value: 46.91545486450195.
[I 2023-12-27 11:13:52,023] Trial 43 finished with value: 107.4146728515625 and parameters: {'gradient_clip_val': 0.2088621829579687, 'hidden_size': 122, 'dropout': 0.29976517582255524, 'hidden_continuous_size': 22, 'attention_head_size': 1, 'learning_rate': 0.007835330260468265}. Best is trial 0 with value: 46.91545486450195.
[I 2023-12-27 11:13:52,465] Trial 44 finished with value: 111.92617797851562 and parameters: {'gradient_clip_val': 0.22369018686887765, 'hidden_size': 62, 'dropout': 0.2852903150324786, 'hidden_continuous_size': 13, 'attention_head_size': 2, 'learning_rate': 0.0012389535383724726}. Best is trial 0 with value: 46.91545486450195.
[I 2023-12-27 11:13:53,030] Trial 45 finished with value: 99.25433349609375 and parameters: {'gradient_clip_val': 0.14168375917750461, 'hidden_size': 149, 'dropout': 0.23350992616878602, 'hidden_continuous_size': 19, 'attention_head_size': 1, 'learning_rate': 0.0005090583212830077}. Best is trial 0 with value: 46.91545486450195.
[I 2023-12-27 11:13:53,585] Trial 46 finished with value: 127.7232894897461 and parameters: {'gradient_clip_val': 0.1351525103288305, 'hidden_size': 145, 'dropout': 0.25274911201404204, 'hidden_continuous_size': 19, 'attention_head_size': 1, 'learning_rate': 0.0008289039358391438}. Best is trial 0 with value: 46.91545486450195.
[I 2023-12-27 11:13:54,124] Trial 47 finished with value: 104.92522430419922 and parameters: {'gradient_clip_val': 0.1597774651897364, 'hidden_size': 127, 'dropout': 0.3272704107194678, 'hidden_continuous_size': 33, 'attention_head_size': 1, 'learning_rate': 0.0020705875702275224}. Best is trial 0 with value: 46.91545486450195.
[I 2023-12-27 11:13:54,723] Trial 48 finished with value: 109.50692749023438 and parameters: {'gradient_clip_val': 0.12413674271239927, 'hidden_size': 150, 'dropout': 0.22257175673583374, 'hidden_continuous_size': 59, 'attention_head_size': 1, 'learning_rate': 0.0033353522777031315}. Best is trial 0 with value: 46.91545486450195.
[I 2023-12-27 11:13:55,189] Trial 49 finished with value: 117.1510238647461 and parameters: {'gradient_clip_val': 0.16821793145327069, 'hidden_size': 89, 'dropout': 0.2736462347208022, 'hidden_continuous_size': 42, 'attention_head_size': 4, 'learning_rate': 0.001472069203786782}. Best is trial 0 with value: 46.91545486450195.
[I 2023-12-27 11:13:55,294] A new study created in memory with name: no-name-6ce86039-7604-4c27-ad2f-c120a69dedf4
/home/le004/conda/anaconda3/envs/tsff_env/lib/python3.9/site-packages/lightning/fabric/plugins/environments/slurm.py:191: The `srun` command is available on your system but is not used. HINT: If your intention is to run Lightning on SLURM, prepend your python command with `srun` like so: srun python /home/le004/master_thesis/git/TSFusionForecast/code/ ...
[I 2023-12-27 11:14:23,019] Trial 0 finished with value: 570.991943359375 and parameters: {'gradient_clip_val': 0.10004258101437853, 'hidden_size': 75, 'dropout': 0.2695556460666716, 'hidden_continuous_size': 42, 'attention_head_size': 1, 'learning_rate': 0.004187378280478999}. Best is trial 0 with value: 570.991943359375.
[I 2023-12-27 11:14:23,347] Trial 1 finished with value: 2027.8055419921875 and parameters: {'gradient_clip_val': 0.3776547547322348, 'hidden_size': 11, 'dropout': 0.43987506305024704, 'hidden_continuous_size': 6, 'attention_head_size': 2, 'learning_rate': 0.08793156174847346}. Best is trial 0 with value: 570.991943359375.
[I 2023-12-27 11:14:23,863] Trial 2 finished with value: 2026.9140625 and parameters: {'gradient_clip_val': 0.34942822803787504, 'hidden_size': 141, 'dropout': 0.1686298847800211, 'hidden_continuous_size': 7, 'attention_head_size': 4, 'learning_rate': 0.013035649697757208}. Best is trial 0 with value: 570.991943359375.
[I 2023-12-27 11:14:24,175] Trial 3 finished with value: 2347.58544921875 and parameters: {'gradient_clip_val': 0.14378751659780412, 'hidden_size': 16, 'dropout': 0.29116100270432876, 'hidden_continuous_size': 6, 'attention_head_size': 1, 'learning_rate': 0.00111370393738364}. Best is trial 0 with value: 570.991943359375.
[I 2023-12-27 11:14:24,472] Trial 4 finished with value: 1754.4703369140625 and parameters: {'gradient_clip_val': 0.21813448809085406, 'hidden_size': 6, 'dropout': 0.21927970897820576, 'hidden_continuous_size': 6, 'attention_head_size': 3, 'learning_rate': 0.0006072978208600847}. Best is trial 0 with value: 570.991943359375.
[I 2023-12-27 11:14:24,802] Trial 5 finished with value: 1424.9619140625 and parameters: {'gradient_clip_val': 0.15109039714076553, 'hidden_size': 18, 'dropout': 0.47375604191429577, 'hidden_continuous_size': 12, 'attention_head_size': 2, 'learning_rate': 0.014535102062025455}. Best is trial 0 with value: 570.991943359375.
[I 2023-12-27 11:14:25,124] Trial 6 finished with value: 2151.953125 and parameters: {'gradient_clip_val': 0.6986921045096934, 'hidden_size': 8, 'dropout': 0.44277545701642784, 'hidden_continuous_size': 5, 'attention_head_size': 4, 'learning_rate': 0.008423058548364344}. Best is trial 0 with value: 570.991943359375.
[I 2023-12-27 11:14:25,451] Trial 7 finished with value: 2454.93798828125 and parameters: {'gradient_clip_val': 0.9339435700474301, 'hidden_size': 17, 'dropout': 0.2594099333104448, 'hidden_continuous_size': 5, 'attention_head_size': 2, 'learning_rate': 0.001015608566954663}. Best is trial 0 with value: 570.991943359375.
[I 2023-12-27 11:14:25,851] Trial 8 finished with value: 1874.7457275390625 and parameters: {'gradient_clip_val': 0.15281635872620455, 'hidden_size': 71, 'dropout': 0.34693908286417363, 'hidden_continuous_size': 5, 'attention_head_size': 3, 'learning_rate': 0.003586179401061682}. Best is trial 0 with value: 570.991943359375.
[I 2023-12-27 11:14:26,236] Trial 9 finished with value: 1648.0501708984375 and parameters: {'gradient_clip_val': 0.3879766770702924, 'hidden_size': 44, 'dropout': 0.3288786278007417, 'hidden_continuous_size': 30, 'attention_head_size': 2, 'learning_rate': 0.007523838183580569}. Best is trial 0 with value: 570.991943359375.
[I 2023-12-27 11:14:26,601] Trial 10 finished with value: 2123.460205078125 and parameters: {'gradient_clip_val': 0.10031575360828794, 'hidden_size': 42, 'dropout': 0.10422431298186241, 'hidden_continuous_size': 42, 'attention_head_size': 1, 'learning_rate': 0.0027118349918214537}. Best is trial 0 with value: 570.991943359375.
[I 2023-12-27 11:14:26,967] Trial 11 finished with value: 1930.24365234375 and parameters: {'gradient_clip_val': 0.1002824728563541, 'hidden_size': 27, 'dropout': 0.4848090063344396, 'hidden_continuous_size': 14, 'attention_head_size': 1, 'learning_rate': 0.018052436475526335}. Best is trial 0 with value: 570.991943359375.
[I 2023-12-27 11:14:27,498] Trial 12 finished with value: 2573.373779296875 and parameters: {'gradient_clip_val': 0.16884633998880982, 'hidden_size': 5, 'dropout': 0.36132469992201977, 'hidden_continuous_size': 5, 'attention_head_size': 1, 'learning_rate': 0.024871148083427934}. Best is trial 0 with value: 570.991943359375.
[I 2023-12-27 11:14:27,864] Trial 13 finished with value: 1843.4661865234375 and parameters: {'gradient_clip_val': 0.20807159918159002, 'hidden_size': 25, 'dropout': 0.3835688359220637, 'hidden_continuous_size': 14, 'attention_head_size': 2, 'learning_rate': 0.002798662672416573}. Best is trial 0 with value: 570.991943359375.
[I 2023-12-27 11:14:28,374] Trial 14 finished with value: 2506.357177734375 and parameters: {'gradient_clip_val': 0.11644374423125561, 'hidden_size': 89, 'dropout': 0.2788767949878407, 'hidden_continuous_size': 84, 'attention_head_size': 3, 'learning_rate': 0.03310146296517192}. Best is trial 0 with value: 570.991943359375.
[I 2023-12-27 11:14:28,998] Trial 15 finished with value: 1780.6468505859375 and parameters: {'gradient_clip_val': 0.13035053953429768, 'hidden_size': 150, 'dropout': 0.3957415550806638, 'hidden_continuous_size': 120, 'attention_head_size': 1, 'learning_rate': 0.004279488748968659}. Best is trial 0 with value: 570.991943359375.
[I 2023-12-27 11:14:29,398] Trial 16 finished with value: 1440.5218505859375 and parameters: {'gradient_clip_val': 0.20883226660676438, 'hidden_size': 47, 'dropout': 0.4937069472174265, 'hidden_continuous_size': 10, 'attention_head_size': 2, 'learning_rate': 0.011547451267670313}. Best is trial 0 with value: 570.991943359375.
