[I 2023-12-27 10:55:29,541] Trial 23 finished with value: 968.08056640625 and parameters: {'gradient_clip_val': 0.11422645617945516, 'hidden_size': 21, 'dropout': 0.14611745595735598, 'hidden_continuous_size': 8, 'attention_head_size': 1, 'learning_rate': 0.004448886688658012}. Best is trial 0 with value: 166.20193481445312.
LOCAL_RANK: 0 - CUDA_VISIBLE_DEVICES: [0]
[I 2023-12-27 10:55:29,997] Trial 24 finished with value: 1036.3983154296875 and parameters: {'gradient_clip_val': 0.11844463026249723, 'hidden_size': 14, 'dropout': 0.10063071360574921, 'hidden_continuous_size': 5, 'attention_head_size': 1, 'learning_rate': 0.003339670199620345}. Best is trial 0 with value: 166.20193481445312.
LOCAL_RANK: 0 - CUDA_VISIBLE_DEVICES: [0]
[I 2023-12-27 10:55:30,415] Trial 25 finished with value: 1209.3072509765625 and parameters: {'gradient_clip_val': 0.16039454710918913, 'hidden_size': 5, 'dropout': 0.18838040971566516, 'hidden_continuous_size': 5, 'attention_head_size': 2, 'learning_rate': 0.006265979858661823}. Best is trial 0 with value: 166.20193481445312.
LOCAL_RANK: 0 - CUDA_VISIBLE_DEVICES: [0]
[I 2023-12-27 10:55:30,900] Trial 26 finished with value: 1131.55712890625 and parameters: {'gradient_clip_val': 0.12825388168028254, 'hidden_size': 35, 'dropout': 0.16736320501996574, 'hidden_continuous_size': 10, 'attention_head_size': 1, 'learning_rate': 0.0017718164821189898}. Best is trial 0 with value: 166.20193481445312.
LOCAL_RANK: 0 - CUDA_VISIBLE_DEVICES: [0]
[I 2023-12-27 10:55:31,348] Trial 27 finished with value: 1288.9853515625 and parameters: {'gradient_clip_val': 0.10517882656124827, 'hidden_size': 10, 'dropout': 0.13879455600278007, 'hidden_continuous_size': 6, 'attention_head_size': 2, 'learning_rate': 0.0008252447823867112}. Best is trial 0 with value: 166.20193481445312.
LOCAL_RANK: 0 - CUDA_VISIBLE_DEVICES: [0]
[I 2023-12-27 10:55:31,802] Trial 28 finished with value: 993.419921875 and parameters: {'gradient_clip_val': 0.15471908901681744, 'hidden_size': 16, 'dropout': 0.1277070905760159, 'hidden_continuous_size': 7, 'attention_head_size': 1, 'learning_rate': 0.002058872210574119}. Best is trial 0 with value: 166.20193481445312.
LOCAL_RANK: 0 - CUDA_VISIBLE_DEVICES: [0]
[I 2023-12-27 10:55:32,518] Trial 29 finished with value: 1035.7093505859375 and parameters: {'gradient_clip_val': 0.16941202492106536, 'hidden_size': 7, 'dropout': 0.12543347921576303, 'hidden_continuous_size': 5, 'attention_head_size': 2, 'learning_rate': 0.0005278396732352243}. Best is trial 0 with value: 166.20193481445312.
LOCAL_RANK: 0 - CUDA_VISIBLE_DEVICES: [0]
[I 2023-12-27 10:55:32,998] Trial 30 finished with value: 844.732177734375 and parameters: {'gradient_clip_val': 0.12204912242029012, 'hidden_size': 40, 'dropout': 0.10140653573733137, 'hidden_continuous_size': 11, 'attention_head_size': 3, 'learning_rate': 0.003265136906047444}. Best is trial 0 with value: 166.20193481445312.
LOCAL_RANK: 0 - CUDA_VISIBLE_DEVICES: [0]
[I 2023-12-27 10:55:33,494] Trial 31 finished with value: 957.25830078125 and parameters: {'gradient_clip_val': 0.12006256510266983, 'hidden_size': 45, 'dropout': 0.11207386708419258, 'hidden_continuous_size': 11, 'attention_head_size': 3, 'learning_rate': 0.001528693492576662}. Best is trial 0 with value: 166.20193481445312.
LOCAL_RANK: 0 - CUDA_VISIBLE_DEVICES: [0]
[I 2023-12-27 10:55:33,994] Trial 32 finished with value: 1141.3385009765625 and parameters: {'gradient_clip_val': 0.10019182533481852, 'hidden_size': 61, 'dropout': 0.13581486144530205, 'hidden_continuous_size': 12, 'attention_head_size': 3, 'learning_rate': 0.0033924470429093317}. Best is trial 0 with value: 166.20193481445312.
LOCAL_RANK: 0 - CUDA_VISIBLE_DEVICES: [0]
[I 2023-12-27 10:55:34,467] Trial 33 finished with value: 1307.2906494140625 and parameters: {'gradient_clip_val': 0.13075454344495976, 'hidden_size': 86, 'dropout': 0.1032103006520112, 'hidden_continuous_size': 13, 'attention_head_size': 3, 'learning_rate': 0.002393259952512462}. Best is trial 0 with value: 166.20193481445312.
LOCAL_RANK: 0 - CUDA_VISIBLE_DEVICES: [0]
[I 2023-12-27 10:55:34,964] Trial 34 finished with value: 1161.4915771484375 and parameters: {'gradient_clip_val': 0.140668841484283, 'hidden_size': 39, 'dropout': 0.14979533077760326, 'hidden_continuous_size': 10, 'attention_head_size': 4, 'learning_rate': 0.0010848176614708363}. Best is trial 0 with value: 166.20193481445312.
LOCAL_RANK: 0 - CUDA_VISIBLE_DEVICES: [0]
[I 2023-12-27 10:55:35,480] Trial 35 finished with value: 1125.2930908203125 and parameters: {'gradient_clip_val': 0.1191052871394412, 'hidden_size': 106, 'dropout': 0.1720349289514878, 'hidden_continuous_size': 16, 'attention_head_size': 3, 'learning_rate': 0.0007979201248977504}. Best is trial 0 with value: 166.20193481445312.
LOCAL_RANK: 0 - CUDA_VISIBLE_DEVICES: [0]
[I 2023-12-27 10:55:36,014] Trial 36 finished with value: 998.0543823242188 and parameters: {'gradient_clip_val': 0.2017080569809365, 'hidden_size': 66, 'dropout': 0.12403680124001486, 'hidden_continuous_size': 22, 'attention_head_size': 2, 'learning_rate': 0.09986642438313632}. Best is trial 0 with value: 166.20193481445312.
LOCAL_RANK: 0 - CUDA_VISIBLE_DEVICES: [0]
[I 2023-12-27 10:55:36,533] Trial 37 finished with value: 1031.4976806640625 and parameters: {'gradient_clip_val': 0.17284680118348505, 'hidden_size': 57, 'dropout': 0.2067102623433686, 'hidden_continuous_size': 14, 'attention_head_size': 4, 'learning_rate': 0.013426740608594098}. Best is trial 0 with value: 166.20193481445312.
LOCAL_RANK: 0 - CUDA_VISIBLE_DEVICES: [0]
[I 2023-12-27 10:55:37,011] Trial 38 finished with value: 999.7990112304688 and parameters: {'gradient_clip_val': 0.18385288422522117, 'hidden_size': 43, 'dropout': 0.10084456486317125, 'hidden_continuous_size': 8, 'attention_head_size': 1, 'learning_rate': 0.03144599743216728}. Best is trial 0 with value: 166.20193481445312.
LOCAL_RANK: 0 - CUDA_VISIBLE_DEVICES: [0]
[I 2023-12-27 10:55:37,474] Trial 39 finished with value: 694.2796020507812 and parameters: {'gradient_clip_val': 0.1452739510789249, 'hidden_size': 28, 'dropout': 0.12849384988379564, 'hidden_continuous_size': 7, 'attention_head_size': 2, 'learning_rate': 0.007249568801633664}. Best is trial 0 with value: 166.20193481445312.
LOCAL_RANK: 0 - CUDA_VISIBLE_DEVICES: [0]
[I 2023-12-27 10:55:37,943] Trial 40 finished with value: 904.0505981445312 and parameters: {'gradient_clip_val': 0.11133831442399199, 'hidden_size': 29, 'dropout': 0.12934756087346516, 'hidden_continuous_size': 7, 'attention_head_size': 3, 'learning_rate': 0.005900145777975676}. Best is trial 0 with value: 166.20193481445312.
LOCAL_RANK: 0 - CUDA_VISIBLE_DEVICES: [0]
[I 2023-12-27 10:55:38,393] Trial 41 finished with value: 1012.6163940429688 and parameters: {'gradient_clip_val': 0.14314820022186012, 'hidden_size': 32, 'dropout': 0.15156322789600504, 'hidden_continuous_size': 8, 'attention_head_size': 2, 'learning_rate': 0.008826772078041863}. Best is trial 0 with value: 166.20193481445312.
LOCAL_RANK: 0 - CUDA_VISIBLE_DEVICES: [0]
[I 2023-12-27 10:55:39,091] Trial 42 finished with value: 924.357421875 and parameters: {'gradient_clip_val': 0.11703279837534346, 'hidden_size': 24, 'dropout': 0.12339152002882288, 'hidden_continuous_size': 6, 'attention_head_size': 1, 'learning_rate': 0.003318416305635472}. Best is trial 0 with value: 166.20193481445312.
LOCAL_RANK: 0 - CUDA_VISIBLE_DEVICES: [0]
[I 2023-12-27 10:55:39,557] Trial 43 finished with value: 1054.220458984375 and parameters: {'gradient_clip_val': 0.14814116560251728, 'hidden_size': 23, 'dropout': 0.121504669929802, 'hidden_continuous_size': 11, 'attention_head_size': 2, 'learning_rate': 0.01624231915683877}. Best is trial 0 with value: 166.20193481445312.
LOCAL_RANK: 0 - CUDA_VISIBLE_DEVICES: [0]
[I 2023-12-27 10:55:40,003] Trial 44 finished with value: 825.787353515625 and parameters: {'gradient_clip_val': 0.1271746971318748, 'hidden_size': 35, 'dropout': 0.15630370370296937, 'hidden_continuous_size': 9, 'attention_head_size': 1, 'learning_rate': 0.024319308235580813}. Best is trial 0 with value: 166.20193481445312.
LOCAL_RANK: 0 - CUDA_VISIBLE_DEVICES: [0]
[I 2023-12-27 10:55:40,477] Trial 45 finished with value: 956.9545288085938 and parameters: {'gradient_clip_val': 0.1772082828268572, 'hidden_size': 37, 'dropout': 0.17655078154381998, 'hidden_continuous_size': 9, 'attention_head_size': 1, 'learning_rate': 0.026016260997956828}. Best is trial 0 with value: 166.20193481445312.
LOCAL_RANK: 0 - CUDA_VISIBLE_DEVICES: [0]
[I 2023-12-27 10:55:40,944] Trial 46 finished with value: 828.4745483398438 and parameters: {'gradient_clip_val': 0.12837330182396325, 'hidden_size': 47, 'dropout': 0.1497972718098515, 'hidden_continuous_size': 11, 'attention_head_size': 1, 'learning_rate': 0.012231594993535292}. Best is trial 0 with value: 166.20193481445312.
LOCAL_RANK: 0 - CUDA_VISIBLE_DEVICES: [0]
[I 2023-12-27 10:55:41,422] Trial 47 finished with value: 1061.7230224609375 and parameters: {'gradient_clip_val': 0.1540107998593448, 'hidden_size': 51, 'dropout': 0.15099479338501776, 'hidden_continuous_size': 14, 'attention_head_size': 1, 'learning_rate': 0.011715361979527418}. Best is trial 0 with value: 166.20193481445312.
LOCAL_RANK: 0 - CUDA_VISIBLE_DEVICES: [0]
[I 2023-12-27 10:55:41,886] Trial 48 finished with value: 1180.640380859375 and parameters: {'gradient_clip_val': 0.13247635650100933, 'hidden_size': 31, 'dropout': 0.1932024394232344, 'hidden_continuous_size': 7, 'attention_head_size': 1, 'learning_rate': 0.007510036596050699}. Best is trial 0 with value: 166.20193481445312.
LOCAL_RANK: 0 - CUDA_VISIBLE_DEVICES: [0]
[I 2023-12-27 10:55:42,359] Trial 49 finished with value: 945.2118530273438 and parameters: {'gradient_clip_val': 0.1888844149719011, 'hidden_size': 49, 'dropout': 0.16336585415971666, 'hidden_continuous_size': 10, 'attention_head_size': 1, 'learning_rate': 0.02022399335720945}. Best is trial 0 with value: 166.20193481445312.
[I 2023-12-27 10:55:42,488] A new study created in memory with name: no-name-c16a223d-8d34-44b7-9265-0d18adfbd9af
/home/le004/conda/anaconda3/envs/tsff_env/lib/python3.9/site-packages/lightning/fabric/plugins/environments/slurm.py:191: The `srun` command is available on your system but is not used. HINT: If your intention is to run Lightning on SLURM, prepend your python command with `srun` like so: srun python /home/le004/master_thesis/git/TSFusionForecast/code/ ...
LOCAL_RANK: 0 - CUDA_VISIBLE_DEVICES: [0]
[I 2023-12-27 10:56:11,477] Trial 0 finished with value: 104.49468994140625 and parameters: {'gradient_clip_val': 0.22640611555081094, 'hidden_size': 116, 'dropout': 0.4131313715862702, 'hidden_continuous_size': 8, 'attention_head_size': 2, 'learning_rate': 0.0010759442079567546}. Best is trial 0 with value: 104.49468994140625.
LOCAL_RANK: 0 - CUDA_VISIBLE_DEVICES: [0]
[I 2023-12-27 10:56:11,913] Trial 1 finished with value: 181.44810485839844 and parameters: {'gradient_clip_val': 0.1478613091931413, 'hidden_size': 47, 'dropout': 0.40626493914455775, 'hidden_continuous_size': 5, 'attention_head_size': 4, 'learning_rate': 0.07524576190162202}. Best is trial 0 with value: 104.49468994140625.
LOCAL_RANK: 0 - CUDA_VISIBLE_DEVICES: [0]
[I 2023-12-27 10:56:12,350] Trial 2 finished with value: 210.0556182861328 and parameters: {'gradient_clip_val': 0.5680241246238827, 'hidden_size': 45, 'dropout': 0.45874199916443315, 'hidden_continuous_size': 6, 'attention_head_size': 4, 'learning_rate': 0.09367588491351377}. Best is trial 0 with value: 104.49468994140625.
LOCAL_RANK: 0 - CUDA_VISIBLE_DEVICES: [0]
[I 2023-12-27 10:56:13,110] Trial 3 finished with value: 171.0747528076172 and parameters: {'gradient_clip_val': 0.38265171775054513, 'hidden_size': 119, 'dropout': 0.22250614298531857, 'hidden_continuous_size': 7, 'attention_head_size': 3, 'learning_rate': 0.0010764403113338427}. Best is trial 0 with value: 104.49468994140625.
LOCAL_RANK: 0 - CUDA_VISIBLE_DEVICES: [0]
[I 2023-12-27 10:56:13,608] Trial 4 finished with value: 134.98733520507812 and parameters: {'gradient_clip_val': 0.19095552020863424, 'hidden_size': 134, 'dropout': 0.10013313487064482, 'hidden_continuous_size': 34, 'attention_head_size': 1, 'learning_rate': 0.0036780003361542137}. Best is trial 0 with value: 104.49468994140625.
LOCAL_RANK: 0 - CUDA_VISIBLE_DEVICES: [0]
[I 2023-12-27 10:56:14,082] Trial 5 finished with value: 203.1636199951172 and parameters: {'gradient_clip_val': 0.2844757812938658, 'hidden_size': 69, 'dropout': 0.4266248217072687, 'hidden_continuous_size': 42, 'attention_head_size': 1, 'learning_rate': 0.0006181024747619756}. Best is trial 0 with value: 104.49468994140625.
LOCAL_RANK: 0 - CUDA_VISIBLE_DEVICES: [0]
[I 2023-12-27 10:56:14,491] Trial 6 finished with value: 172.4942626953125 and parameters: {'gradient_clip_val': 0.7618725305728461, 'hidden_size': 10, 'dropout': 0.3091423443928634, 'hidden_continuous_size': 6, 'attention_head_size': 2, 'learning_rate': 0.0007053544644396678}. Best is trial 0 with value: 104.49468994140625.
LOCAL_RANK: 0 - CUDA_VISIBLE_DEVICES: [0]
[I 2023-12-27 10:56:14,874] Trial 7 finished with value: 181.99256896972656 and parameters: {'gradient_clip_val': 0.3972474186702749, 'hidden_size': 5, 'dropout': 0.4703545082911743, 'hidden_continuous_size': 5, 'attention_head_size': 2, 'learning_rate': 0.0023706105907220546}. Best is trial 0 with value: 104.49468994140625.
LOCAL_RANK: 0 - CUDA_VISIBLE_DEVICES: [0]
[I 2023-12-27 10:56:15,354] Trial 8 finished with value: 225.0686798095703 and parameters: {'gradient_clip_val': 0.5759593410982218, 'hidden_size': 123, 'dropout': 0.38851579425064586, 'hidden_continuous_size': 20, 'attention_head_size': 4, 'learning_rate': 0.040333117998480765}. Best is trial 0 with value: 104.49468994140625.
LOCAL_RANK: 0 - CUDA_VISIBLE_DEVICES: [0]
[I 2023-12-27 10:56:15,782] Trial 9 finished with value: 270.6614685058594 and parameters: {'gradient_clip_val': 0.1258925816422254, 'hidden_size': 35, 'dropout': 0.13099099054733726, 'hidden_continuous_size': 12, 'attention_head_size': 1, 'learning_rate': 0.0080735860777516}. Best is trial 0 with value: 104.49468994140625.
LOCAL_RANK: 0 - CUDA_VISIBLE_DEVICES: [0]
[I 2023-12-27 10:56:16,256] Trial 10 finished with value: 196.8962860107422 and parameters: {'gradient_clip_val': 0.22539608500544642, 'hidden_size': 17, 'dropout': 0.3393829600348177, 'hidden_continuous_size': 9, 'attention_head_size': 3, 'learning_rate': 0.009496880524930692}. Best is trial 0 with value: 104.49468994140625.
LOCAL_RANK: 0 - CUDA_VISIBLE_DEVICES: [0]
[I 2023-12-27 10:56:16,785] Trial 11 finished with value: 147.63665771484375 and parameters: {'gradient_clip_val': 0.19103312333830041, 'hidden_size': 146, 'dropout': 0.23879123500869584, 'hidden_continuous_size': 97, 'attention_head_size': 1, 'learning_rate': 0.002497967595602478}. Best is trial 0 with value: 104.49468994140625.
LOCAL_RANK: 0 - CUDA_VISIBLE_DEVICES: [0]
[I 2023-12-27 10:56:17,279] Trial 12 finished with value: 236.1320343017578 and parameters: {'gradient_clip_val': 0.10461177981550372, 'hidden_size': 77, 'dropout': 0.11527696971074597, 'hidden_continuous_size': 19, 'attention_head_size': 2, 'learning_rate': 0.0021732431613314383}. Best is trial 0 with value: 104.49468994140625.
LOCAL_RANK: 0 - CUDA_VISIBLE_DEVICES: [0]
[I 2023-12-27 10:56:17,757] Trial 13 finished with value: 190.6990509033203 and parameters: {'gradient_clip_val': 0.17428588290111377, 'hidden_size': 82, 'dropout': 0.4979441007580202, 'hidden_continuous_size': 14, 'attention_head_size': 1, 'learning_rate': 0.004602908560645341}. Best is trial 0 with value: 104.49468994140625.
LOCAL_RANK: 0 - CUDA_VISIBLE_DEVICES: [0]
[I 2023-12-27 10:56:18,251] Trial 14 finished with value: 185.05677795410156 and parameters: {'gradient_clip_val': 0.25069268588200627, 'hidden_size': 146, 'dropout': 0.18222095937622207, 'hidden_continuous_size': 31, 'attention_head_size': 2, 'learning_rate': 0.0005105189898997011}. Best is trial 0 with value: 104.49468994140625.
LOCAL_RANK: 0 - CUDA_VISIBLE_DEVICES: [0]
[I 2023-12-27 10:56:18,709] Trial 15 finished with value: 196.0738067626953 and parameters: {'gradient_clip_val': 0.18132862310391826, 'hidden_size': 24, 'dropout': 0.3607219630318147, 'hidden_continuous_size': 8, 'attention_head_size': 3, 'learning_rate': 0.0012389775720949123}. Best is trial 0 with value: 104.49468994140625.
LOCAL_RANK: 0 - CUDA_VISIBLE_DEVICES: [0]
[I 2023-12-27 10:56:19,466] Trial 16 finished with value: 213.1961669921875 and parameters: {'gradient_clip_val': 0.2352452135178216, 'hidden_size': 77, 'dropout': 0.2812007985531113, 'hidden_continuous_size': 11, 'attention_head_size': 1, 'learning_rate': 0.005682530199197584}. Best is trial 0 with value: 104.49468994140625.
LOCAL_RANK: 0 - CUDA_VISIBLE_DEVICES: [0]
[I 2023-12-27 10:56:19,948] Trial 17 finished with value: 216.67848205566406 and parameters: {'gradient_clip_val': 0.3362264113391763, 'hidden_size': 101, 'dropout': 0.15634206261751973, 'hidden_continuous_size': 31, 'attention_head_size': 2, 'learning_rate': 0.014543165768598652}. Best is trial 0 with value: 104.49468994140625.
LOCAL_RANK: 0 - CUDA_VISIBLE_DEVICES: [0]
[I 2023-12-27 10:56:20,417] Trial 18 finished with value: 221.282470703125 and parameters: {'gradient_clip_val': 0.1337127284457143, 'hidden_size': 62, 'dropout': 0.1040309838592045, 'hidden_continuous_size': 9, 'attention_head_size': 1, 'learning_rate': 0.0015905443537176586}. Best is trial 0 with value: 104.49468994140625.
LOCAL_RANK: 0 - CUDA_VISIBLE_DEVICES: [0]
[I 2023-12-27 10:56:20,875] Trial 19 finished with value: 183.24864196777344 and parameters: {'gradient_clip_val': 0.30187293001784077, 'hidden_size': 101, 'dropout': 0.28738383580316806, 'hidden_continuous_size': 16, 'attention_head_size': 2, 'learning_rate': 0.003446736546289983}. Best is trial 0 with value: 104.49468994140625.
LOCAL_RANK: 0 - CUDA_VISIBLE_DEVICES: [0]
[I 2023-12-27 10:56:21,387] Trial 20 finished with value: 217.72486877441406 and parameters: {'gradient_clip_val': 0.20521943742220955, 'hidden_size': 148, 'dropout': 0.18691572654151306, 'hidden_continuous_size': 50, 'attention_head_size': 3, 'learning_rate': 0.0009027454511671176}. Best is trial 0 with value: 104.49468994140625.
LOCAL_RANK: 0 - CUDA_VISIBLE_DEVICES: [0]
[I 2023-12-27 10:56:21,900] Trial 21 finished with value: 158.3064422607422 and parameters: {'gradient_clip_val': 0.16616376591854945, 'hidden_size': 142, 'dropout': 0.2321527003734803, 'hidden_continuous_size': 95, 'attention_head_size': 1, 'learning_rate': 0.0027706079463182074}. Best is trial 0 with value: 104.49468994140625.
LOCAL_RANK: 0 - CUDA_VISIBLE_DEVICES: [0]
[I 2023-12-27 10:56:22,373] Trial 22 finished with value: 160.77317810058594 and parameters: {'gradient_clip_val': 0.20192024309564233, 'hidden_size': 101, 'dropout': 0.2411514741523447, 'hidden_continuous_size': 96, 'attention_head_size': 1, 'learning_rate': 0.0016135093705994818}. Best is trial 0 with value: 104.49468994140625.
LOCAL_RANK: 0 - CUDA_VISIBLE_DEVICES: [0]
[I 2023-12-27 10:56:22,864] Trial 23 finished with value: 151.9290008544922 and parameters: {'gradient_clip_val': 0.16366505803895295, 'hidden_size': 97, 'dropout': 0.1494248454207744, 'hidden_continuous_size': 61, 'attention_head_size': 1, 'learning_rate': 0.0037485255622039257}. Best is trial 0 with value: 104.49468994140625.
LOCAL_RANK: 0 - CUDA_VISIBLE_DEVICES: [0]
[I 2023-12-27 10:56:23,324] Trial 24 finished with value: 148.563720703125 and parameters: {'gradient_clip_val': 0.2567422980012346, 'hidden_size': 57, 'dropout': 0.10286821828606377, 'hidden_continuous_size': 26, 'attention_head_size': 2, 'learning_rate': 0.0018090028157241769}. Best is trial 0 with value: 104.49468994140625.
LOCAL_RANK: 0 - CUDA_VISIBLE_DEVICES: [0]
[I 2023-12-27 10:56:23,874] Trial 25 finished with value: 214.24951171875 and parameters: {'gradient_clip_val': 0.19996247087074615, 'hidden_size': 150, 'dropout': 0.3313358321122196, 'hidden_continuous_size': 133, 'attention_head_size': 1, 'learning_rate': 0.0010893383070592938}. Best is trial 0 with value: 104.49468994140625.
LOCAL_RANK: 0 - CUDA_VISIBLE_DEVICES: [0]
[I 2023-12-27 10:56:24,359] Trial 26 finished with value: 259.2627258300781 and parameters: {'gradient_clip_val': 0.1504219137298883, 'hidden_size': 88, 'dropout': 0.2633570679952826, 'hidden_continuous_size': 23, 'attention_head_size': 2, 'learning_rate': 0.00271445629166388}. Best is trial 0 with value: 104.49468994140625.
LOCAL_RANK: 0 - CUDA_VISIBLE_DEVICES: [0]
[I 2023-12-27 10:56:24,887] Trial 27 finished with value: 179.32275390625 and parameters: {'gradient_clip_val': 0.20686315842257555, 'hidden_size': 105, 'dropout': 0.20024785319852872, 'hidden_continuous_size': 41, 'attention_head_size': 1, 'learning_rate': 0.004983092072626827}. Best is trial 0 with value: 104.49468994140625.
LOCAL_RANK: 0 - CUDA_VISIBLE_DEVICES: [0]
[I 2023-12-27 10:56:25,371] Trial 28 finished with value: 169.36082458496094 and parameters: {'gradient_clip_val': 0.26898838917304274, 'hidden_size': 55, 'dropout': 0.2666973022336164, 'hidden_continuous_size': 19, 'attention_head_size': 1, 'learning_rate': 0.0013627514263965857}. Best is trial 0 with value: 104.49468994140625.
LOCAL_RANK: 0 - CUDA_VISIBLE_DEVICES: [0]
[I 2023-12-27 10:56:25,828] Trial 29 finished with value: 161.1505584716797 and parameters: {'gradient_clip_val': 0.1381118740021853, 'hidden_size': 43, 'dropout': 0.30885029510049855, 'hidden_continuous_size': 16, 'attention_head_size': 2, 'learning_rate': 0.0008530086697888774}. Best is trial 0 with value: 104.49468994140625.
LOCAL_RANK: 0 - CUDA_VISIBLE_DEVICES: [0]
[I 2023-12-27 10:56:26,570] Trial 30 finished with value: 135.3767547607422 and parameters: {'gradient_clip_val': 0.18428401312173162, 'hidden_size': 71, 'dropout': 0.38284930934246697, 'hidden_continuous_size': 12, 'attention_head_size': 3, 'learning_rate': 0.0021508767473529507}. Best is trial 0 with value: 104.49468994140625.
LOCAL_RANK: 0 - CUDA_VISIBLE_DEVICES: [0]
