[rank: 0] Seed set to 42
[I 2023-12-27 10:51:54,661] A new study created in memory with name: no-name-83fd2b2a-b549-4e39-abfa-2e0e9607f866
/home/le004/conda/anaconda3/envs/tsff_env/lib/python3.9/site-packages/lightning/fabric/plugins/environments/slurm.py:191: The `srun` command is available on your system but is not used. HINT: If your intention is to run Lightning on SLURM, prepend your python command with `srun` like so: srun python /home/le004/master_thesis/git/TSFusionForecast/code/ ...
[I 2023-12-27 10:52:26,866] Trial 0 finished with value: 282.87884521484375 and parameters: {'gradient_clip_val': 0.25649526339459333, 'hidden_size': 9, 'dropout': 0.11101535200832068, 'hidden_continuous_size': 8, 'attention_head_size': 2, 'learning_rate': 0.01939941630967006}. Best is trial 0 with value: 282.87884521484375.
[I 2023-12-27 10:52:28,872] Trial 1 finished with value: 665.909423828125 and parameters: {'gradient_clip_val': 0.35136647216612255, 'hidden_size': 23, 'dropout': 0.48995463579534393, 'hidden_continuous_size': 17, 'attention_head_size': 4, 'learning_rate': 0.0028406912803365944}. Best is trial 0 with value: 282.87884521484375.
[I 2023-12-27 10:52:29,199] Trial 2 finished with value: 956.34912109375 and parameters: {'gradient_clip_val': 0.19411521292040176, 'hidden_size': 5, 'dropout': 0.3882192290997737, 'hidden_continuous_size': 5, 'attention_head_size': 2, 'learning_rate': 0.07282952095006429}. Best is trial 0 with value: 282.87884521484375.
[I 2023-12-27 10:52:29,599] Trial 3 finished with value: 1354.6038818359375 and parameters: {'gradient_clip_val': 0.8465273762845813, 'hidden_size': 52, 'dropout': 0.19220191245544577, 'hidden_continuous_size': 8, 'attention_head_size': 3, 'learning_rate': 0.07376364889708135}. Best is trial 0 with value: 282.87884521484375.
[I 2023-12-27 10:52:29,934] Trial 4 finished with value: 1306.3028564453125 and parameters: {'gradient_clip_val': 0.15614331568018502, 'hidden_size': 5, 'dropout': 0.1526561369278972, 'hidden_continuous_size': 5, 'attention_head_size': 4, 'learning_rate': 0.04700423989775694}. Best is trial 0 with value: 282.87884521484375.
[I 2023-12-27 10:52:30,257] Trial 5 finished with value: 711.1780395507812 and parameters: {'gradient_clip_val': 0.5341920795112625, 'hidden_size': 5, 'dropout': 0.4142365908367389, 'hidden_continuous_size': 5, 'attention_head_size': 1, 'learning_rate': 0.008041616918902489}. Best is trial 0 with value: 282.87884521484375.
[I 2023-12-27 10:52:31,047] Trial 6 finished with value: 1210.0555419921875 and parameters: {'gradient_clip_val': 0.14487376231467114, 'hidden_size': 140, 'dropout': 0.2793284362495666, 'hidden_continuous_size': 54, 'attention_head_size': 4, 'learning_rate': 0.013819124837194104}. Best is trial 0 with value: 282.87884521484375.
[I 2023-12-27 10:52:31,417] Trial 7 finished with value: 878.8062133789062 and parameters: {'gradient_clip_val': 0.1758942527361124, 'hidden_size': 12, 'dropout': 0.4208116818628381, 'hidden_continuous_size': 7, 'attention_head_size': 3, 'learning_rate': 0.02288468123942978}. Best is trial 0 with value: 282.87884521484375.
[I 2023-12-27 10:52:31,887] Trial 8 finished with value: 1023.7191772460938 and parameters: {'gradient_clip_val': 0.42706912670062686, 'hidden_size': 104, 'dropout': 0.12993614499287887, 'hidden_continuous_size': 7, 'attention_head_size': 3, 'learning_rate': 0.0023319024720291574}. Best is trial 0 with value: 282.87884521484375.
[I 2023-12-27 10:52:32,247] Trial 9 finished with value: 674.326416015625 and parameters: {'gradient_clip_val': 0.37010667234151595, 'hidden_size': 11, 'dropout': 0.2102818112724526, 'hidden_continuous_size': 5, 'attention_head_size': 4, 'learning_rate': 0.0032432545640420966}. Best is trial 0 with value: 282.87884521484375.
[I 2023-12-27 10:52:32,653] Trial 10 finished with value: 591.6654052734375 and parameters: {'gradient_clip_val': 0.26081673015384677, 'hidden_size': 27, 'dropout': 0.11813901811198638, 'hidden_continuous_size': 12, 'attention_head_size': 1, 'learning_rate': 0.0008146155092340696}. Best is trial 0 with value: 282.87884521484375.
[I 2023-12-27 10:52:33,052] Trial 11 finished with value: 881.5978393554688 and parameters: {'gradient_clip_val': 0.24056458430185812, 'hidden_size': 27, 'dropout': 0.10449419275646259, 'hidden_continuous_size': 12, 'attention_head_size': 1, 'learning_rate': 0.0005328193467289004}. Best is trial 0 with value: 282.87884521484375.
[I 2023-12-27 10:52:33,443] Trial 12 finished with value: 738.562255859375 and parameters: {'gradient_clip_val': 0.2577943179716801, 'hidden_size': 24, 'dropout': 0.10519343198198354, 'hidden_continuous_size': 11, 'attention_head_size': 2, 'learning_rate': 0.0005455989742429292}. Best is trial 0 with value: 282.87884521484375.
[I 2023-12-27 10:52:33,813] Trial 13 finished with value: 1212.7071533203125 and parameters: {'gradient_clip_val': 0.10316031835003794, 'hidden_size': 12, 'dropout': 0.20192080834896695, 'hidden_continuous_size': 8, 'attention_head_size': 1, 'learning_rate': 0.024272206640140764}. Best is trial 0 with value: 282.87884521484375.
[I 2023-12-27 10:52:34,232] Trial 14 finished with value: 932.9811401367188 and parameters: {'gradient_clip_val': 0.265922661019157, 'hidden_size': 43, 'dropout': 0.25838405814422377, 'hidden_continuous_size': 17, 'attention_head_size': 2, 'learning_rate': 0.0011776389485626344}. Best is trial 0 with value: 282.87884521484375.
[I 2023-12-27 10:52:34,605] Trial 15 finished with value: 720.8484497070312 and parameters: {'gradient_clip_val': 0.2641282478004684, 'hidden_size': 9, 'dropout': 0.15849978140788154, 'hidden_continuous_size': 6, 'attention_head_size': 1, 'learning_rate': 0.0066590563042882855}. Best is trial 0 with value: 282.87884521484375.
[I 2023-12-27 10:52:34,985] Trial 16 finished with value: 1041.586181640625 and parameters: {'gradient_clip_val': 0.47447453008407986, 'hidden_size': 17, 'dropout': 0.10396601001845414, 'hidden_continuous_size': 10, 'attention_head_size': 2, 'learning_rate': 0.0012358895063956895}. Best is trial 0 with value: 282.87884521484375.
[I 2023-12-27 10:52:35,352] Trial 17 finished with value: 1054.4677734375 and parameters: {'gradient_clip_val': 0.317257401091091, 'hidden_size': 8, 'dropout': 0.23267625803364628, 'hidden_continuous_size': 6, 'attention_head_size': 1, 'learning_rate': 0.005912952568194527}. Best is trial 0 with value: 282.87884521484375.
[I 2023-12-27 10:52:35,927] Trial 18 finished with value: 630.6449584960938 and parameters: {'gradient_clip_val': 0.208719478178941, 'hidden_size': 16, 'dropout': 0.16514234429906843, 'hidden_continuous_size': 9, 'attention_head_size': 2, 'learning_rate': 0.012365724193491837}. Best is trial 0 with value: 282.87884521484375.
[I 2023-12-27 10:52:36,337] Trial 19 finished with value: 605.6508178710938 and parameters: {'gradient_clip_val': 0.6014661542398346, 'hidden_size': 43, 'dropout': 0.3251550187287643, 'hidden_continuous_size': 14, 'attention_head_size': 1, 'learning_rate': 0.035809337474327414}. Best is trial 0 with value: 282.87884521484375.
[I 2023-12-27 10:52:36,756] Trial 20 finished with value: 1089.436767578125 and parameters: {'gradient_clip_val': 0.32592342330700635, 'hidden_size': 31, 'dropout': 0.172034889106885, 'hidden_continuous_size': 13, 'attention_head_size': 2, 'learning_rate': 0.012290351596827967}. Best is trial 0 with value: 282.87884521484375.
[I 2023-12-27 10:52:37,151] Trial 21 finished with value: 951.178955078125 and parameters: {'gradient_clip_val': 0.6539340383743539, 'hidden_size': 40, 'dropout': 0.3210782502683304, 'hidden_continuous_size': 15, 'attention_head_size': 1, 'learning_rate': 0.030318014949548916}. Best is trial 0 with value: 282.87884521484375.
[I 2023-12-27 10:52:37,603] Trial 22 finished with value: 1058.6158447265625 and parameters: {'gradient_clip_val': 0.9696779386488217, 'hidden_size': 59, 'dropout': 0.31264940739669483, 'hidden_continuous_size': 20, 'attention_head_size': 1, 'learning_rate': 0.04092807855015533}. Best is trial 0 with value: 282.87884521484375.
[I 2023-12-27 10:52:38,053] Trial 23 finished with value: 1352.6019287109375 and parameters: {'gradient_clip_val': 0.5812564608039273, 'hidden_size': 67, 'dropout': 0.24053240815823207, 'hidden_continuous_size': 21, 'attention_head_size': 1, 'learning_rate': 0.09771599999066198}. Best is trial 0 with value: 282.87884521484375.
[I 2023-12-27 10:52:38,430] Trial 24 finished with value: 1300.8577880859375 and parameters: {'gradient_clip_val': 0.43440139969149055, 'hidden_size': 19, 'dropout': 0.12822524839281108, 'hidden_continuous_size': 10, 'attention_head_size': 2, 'learning_rate': 0.019704347445957882}. Best is trial 0 with value: 282.87884521484375.
[I 2023-12-27 10:52:38,835] Trial 25 finished with value: 945.61474609375 and parameters: {'gradient_clip_val': 0.40839621769037493, 'hidden_size': 29, 'dropout': 0.2926935872758532, 'hidden_continuous_size': 13, 'attention_head_size': 1, 'learning_rate': 0.0380020938882162}. Best is trial 0 with value: 282.87884521484375.
[I 2023-12-27 10:52:39,228] Trial 26 finished with value: 1257.739501953125 and parameters: {'gradient_clip_val': 0.3017794007929923, 'hidden_size': 40, 'dropout': 0.1381959119960754, 'hidden_continuous_size': 11, 'attention_head_size': 3, 'learning_rate': 0.019889449622724695}. Best is trial 0 with value: 282.87884521484375.
[I 2023-12-27 10:52:39,614] Trial 27 finished with value: 966.1159057617188 and parameters: {'gradient_clip_val': 0.7105719966932775, 'hidden_size': 19, 'dropout': 0.21564110186961805, 'hidden_continuous_size': 9, 'attention_head_size': 2, 'learning_rate': 0.03489310248592219}. Best is trial 0 with value: 282.87884521484375.
[I 2023-12-27 10:52:39,996] Trial 28 finished with value: 897.2646484375 and parameters: {'gradient_clip_val': 0.5042797735792489, 'hidden_size': 32, 'dropout': 0.18708048419810613, 'hidden_continuous_size': 14, 'attention_head_size': 1, 'learning_rate': 0.009417226240088322}. Best is trial 0 with value: 282.87884521484375.
[I 2023-12-27 10:52:40,373] Trial 29 finished with value: 1315.7344970703125 and parameters: {'gradient_clip_val': 0.3810020231042914, 'hidden_size': 21, 'dropout': 0.33561309212812884, 'hidden_continuous_size': 11, 'attention_head_size': 1, 'learning_rate': 0.01663039247387547}. Best is trial 0 with value: 282.87884521484375.
[I 2023-12-27 10:52:40,749] Trial 30 finished with value: 615.3513793945312 and parameters: {'gradient_clip_val': 0.34401486425585115, 'hidden_size': 23, 'dropout': 0.26866258733959963, 'hidden_continuous_size': 9, 'attention_head_size': 2, 'learning_rate': 0.005068473147194322}. Best is trial 0 with value: 282.87884521484375.
[I 2023-12-27 10:52:41,145] Trial 31 finished with value: 573.5709838867188 and parameters: {'gradient_clip_val': 0.3503447181072908, 'hidden_size': 22, 'dropout': 0.2587873768478236, 'hidden_continuous_size': 9, 'attention_head_size': 2, 'learning_rate': 0.005683063873294022}. Best is trial 0 with value: 282.87884521484375.
[I 2023-12-27 10:52:41,770] Trial 32 finished with value: 638.4425659179688 and parameters: {'gradient_clip_val': 0.21553273283729918, 'hidden_size': 14, 'dropout': 0.3446427147307235, 'hidden_continuous_size': 8, 'attention_head_size': 2, 'learning_rate': 0.010105071680057117}. Best is trial 0 with value: 282.87884521484375.
[I 2023-12-27 10:52:42,155] Trial 33 finished with value: 771.5751953125 and parameters: {'gradient_clip_val': 0.29057545627898984, 'hidden_size': 25, 'dropout': 0.18150820354249475, 'hidden_continuous_size': 12, 'attention_head_size': 3, 'learning_rate': 0.0522923954703658}. Best is trial 0 with value: 282.87884521484375.
[I 2023-12-27 10:52:42,564] Trial 34 finished with value: 1076.7034912109375 and parameters: {'gradient_clip_val': 0.35650942448149614, 'hidden_size': 33, 'dropout': 0.14945982563712662, 'hidden_continuous_size': 15, 'attention_head_size': 2, 'learning_rate': 0.027115333110177036}. Best is trial 0 with value: 282.87884521484375.
[I 2023-12-27 10:52:42,944] Trial 35 finished with value: 725.13427734375 and parameters: {'gradient_clip_val': 0.23581692059884377, 'hidden_size': 16, 'dropout': 0.2354663653445329, 'hidden_continuous_size': 10, 'attention_head_size': 3, 'learning_rate': 0.05923743737098753}. Best is trial 0 with value: 282.87884521484375.
[I 2023-12-27 10:52:43,373] Trial 36 finished with value: 1416.9527587890625 and parameters: {'gradient_clip_val': 0.46771843459028145, 'hidden_size': 51, 'dropout': 0.35747163995210374, 'hidden_continuous_size': 17, 'attention_head_size': 1, 'learning_rate': 0.015956546304339122}. Best is trial 0 with value: 282.87884521484375.
[I 2023-12-27 10:52:43,738] Trial 37 finished with value: 758.439208984375 and parameters: {'gradient_clip_val': 0.3153387437633999, 'hidden_size': 6, 'dropout': 0.2927140483719464, 'hidden_continuous_size': 5, 'attention_head_size': 2, 'learning_rate': 0.004712555734710939}. Best is trial 0 with value: 282.87884521484375.
[I 2023-12-27 10:52:44,121] Trial 38 finished with value: 1026.5557861328125 and parameters: {'gradient_clip_val': 0.5358428729484409, 'hidden_size': 21, 'dropout': 0.18725136523472827, 'hidden_continuous_size': 8, 'attention_head_size': 1, 'learning_rate': 0.028808856151095883}. Best is trial 0 with value: 282.87884521484375.
[I 2023-12-27 10:52:44,584] Trial 39 finished with value: 1041.1483154296875 and parameters: {'gradient_clip_val': 0.18503325239429147, 'hidden_size': 74, 'dropout': 0.12593850323909853, 'hidden_continuous_size': 21, 'attention_head_size': 3, 'learning_rate': 0.007878666954422095}. Best is trial 0 with value: 282.87884521484375.
[I 2023-12-27 10:52:44,993] Trial 40 finished with value: 985.56787109375 and parameters: {'gradient_clip_val': 0.3806659365397732, 'hidden_size': 36, 'dropout': 0.36970344531931054, 'hidden_continuous_size': 7, 'attention_head_size': 2, 'learning_rate': 0.044913223484549354}. Best is trial 0 with value: 282.87884521484375.
[I 2023-12-27 10:52:45,377] Trial 41 finished with value: 1141.6676025390625 and parameters: {'gradient_clip_val': 0.33717317217791754, 'hidden_size': 24, 'dropout': 0.27227407202717013, 'hidden_continuous_size': 9, 'attention_head_size': 2, 'learning_rate': 0.004445858832964597}. Best is trial 0 with value: 282.87884521484375.
[I 2023-12-27 10:52:45,774] Trial 42 finished with value: 1024.98681640625 and parameters: {'gradient_clip_val': 0.29832143134162786, 'hidden_size': 27, 'dropout': 0.255475953611753, 'hidden_continuous_size': 9, 'attention_head_size': 2, 'learning_rate': 0.0028551356385546796}. Best is trial 0 with value: 282.87884521484375.
[I 2023-12-27 10:52:46,164] Trial 43 finished with value: 908.6270141601562 and parameters: {'gradient_clip_val': 0.41648306422005477, 'hidden_size': 23, 'dropout': 0.2093686127361864, 'hidden_continuous_size': 9, 'attention_head_size': 2, 'learning_rate': 0.00882963485176999}. Best is trial 0 with value: 282.87884521484375.
[I 2023-12-27 10:52:46,561] Trial 44 finished with value: 493.9953918457031 and parameters: {'gradient_clip_val': 0.279701854595969, 'hidden_size': 14, 'dropout': 0.30579157746675956, 'hidden_continuous_size': 7, 'attention_head_size': 3, 'learning_rate': 0.0020646237551449056}. Best is trial 0 with value: 282.87884521484375.
[I 2023-12-27 10:52:47,184] Trial 45 finished with value: 955.3734741210938 and parameters: {'gradient_clip_val': 0.2723012680477532, 'hidden_size': 13, 'dropout': 0.3092929097784737, 'hidden_continuous_size': 7, 'attention_head_size': 4, 'learning_rate': 0.001919307409799884}. Best is trial 0 with value: 282.87884521484375.
[I 2023-12-27 10:52:47,563] Trial 46 finished with value: 1242.0477294921875 and parameters: {'gradient_clip_val': 0.2510318655869303, 'hidden_size': 14, 'dropout': 0.2871118591075511, 'hidden_continuous_size': 7, 'attention_head_size': 3, 'learning_rate': 0.0008025009230471412}. Best is trial 0 with value: 282.87884521484375.
[I 2023-12-27 10:52:47,961] Trial 47 finished with value: 718.2388305664062 and parameters: {'gradient_clip_val': 0.21900360796575913, 'hidden_size': 10, 'dropout': 0.4033511235301869, 'hidden_continuous_size': 8, 'attention_head_size': 3, 'learning_rate': 0.0034011759117953933}. Best is trial 0 with value: 282.87884521484375.
[I 2023-12-27 10:52:48,337] Trial 48 finished with value: 794.5960083007812 and parameters: {'gradient_clip_val': 0.28531775393029385, 'hidden_size': 11, 'dropout': 0.11617414776953688, 'hidden_continuous_size': 8, 'attention_head_size': 3, 'learning_rate': 0.001990740196409979}. Best is trial 0 with value: 282.87884521484375.
[I 2023-12-27 10:52:48,707] Trial 49 finished with value: 1035.160400390625 and parameters: {'gradient_clip_val': 0.16945659399417734, 'hidden_size': 8, 'dropout': 0.14957388922684167, 'hidden_continuous_size': 6, 'attention_head_size': 4, 'learning_rate': 0.0013063889276294077}. Best is trial 0 with value: 282.87884521484375.
[I 2023-12-27 10:52:48,818] A new study created in memory with name: no-name-0becd3c0-00ec-4b23-a354-cc8d1b21059a
/home/le004/conda/anaconda3/envs/tsff_env/lib/python3.9/site-packages/lightning/fabric/plugins/environments/slurm.py:191: The `srun` command is available on your system but is not used. HINT: If your intention is to run Lightning on SLURM, prepend your python command with `srun` like so: srun python /home/le004/master_thesis/git/TSFusionForecast/code/ ...
[I 2023-12-27 10:53:15,992] Trial 0 finished with value: 86.14061737060547 and parameters: {'gradient_clip_val': 0.3933710322576508, 'hidden_size': 6, 'dropout': 0.3600273240257157, 'hidden_continuous_size': 6, 'attention_head_size': 1, 'learning_rate': 0.005201342129896316}. Best is trial 0 with value: 86.14061737060547.
[I 2023-12-27 10:53:29,613] Trial 1 finished with value: 105.06515502929688 and parameters: {'gradient_clip_val': 0.20850175791418787, 'hidden_size': 69, 'dropout': 0.435172535112614, 'hidden_continuous_size': 28, 'attention_head_size': 1, 'learning_rate': 0.0015114764807613197}. Best is trial 0 with value: 86.14061737060547.
[I 2023-12-27 10:53:29,984] Trial 2 finished with value: 155.1686553955078 and parameters: {'gradient_clip_val': 0.28358597385172163, 'hidden_size': 10, 'dropout': 0.12391747326327218, 'hidden_continuous_size': 5, 'attention_head_size': 4, 'learning_rate': 0.002549616775396545}. Best is trial 0 with value: 86.14061737060547.
[I 2023-12-27 10:53:30,333] Trial 3 finished with value: 209.006103515625 and parameters: {'gradient_clip_val': 0.43177312474339946, 'hidden_size': 20, 'dropout': 0.11545181184438032, 'hidden_continuous_size': 16, 'attention_head_size': 1, 'learning_rate': 0.001846401449432654}. Best is trial 0 with value: 86.14061737060547.
[I 2023-12-27 10:53:30,684] Trial 4 finished with value: 218.1732635498047 and parameters: {'gradient_clip_val': 0.3940499841790577, 'hidden_size': 20, 'dropout': 0.18074183181064418, 'hidden_continuous_size': 5, 'attention_head_size': 3, 'learning_rate': 0.0035688129790375257}. Best is trial 0 with value: 86.14061737060547.
[I 2023-12-27 10:53:31,379] Trial 5 finished with value: 205.48255920410156 and parameters: {'gradient_clip_val': 0.3824359111109392, 'hidden_size': 94, 'dropout': 0.46942748041727134, 'hidden_continuous_size': 26, 'attention_head_size': 2, 'learning_rate': 0.08156007113153607}. Best is trial 0 with value: 86.14061737060547.
[I 2023-12-27 10:53:31,767] Trial 6 finished with value: 192.79034423828125 and parameters: {'gradient_clip_val': 0.5467189361049059, 'hidden_size': 29, 'dropout': 0.4632383617132785, 'hidden_continuous_size': 8, 'attention_head_size': 2, 'learning_rate': 0.00837946783107674}. Best is trial 0 with value: 86.14061737060547.
[I 2023-12-27 10:53:32,114] Trial 7 finished with value: 247.347412109375 and parameters: {'gradient_clip_val': 0.583273262611136, 'hidden_size': 6, 'dropout': 0.13958004766100604, 'hidden_continuous_size': 5, 'attention_head_size': 3, 'learning_rate': 0.004837960741648165}. Best is trial 0 with value: 86.14061737060547.
[I 2023-12-27 10:53:32,479] Trial 8 finished with value: 265.4421691894531 and parameters: {'gradient_clip_val': 0.9530403221652594, 'hidden_size': 14, 'dropout': 0.3741518007016056, 'hidden_continuous_size': 5, 'attention_head_size': 2, 'learning_rate': 0.0018051282553058696}. Best is trial 0 with value: 86.14061737060547.
[I 2023-12-27 10:53:32,895] Trial 9 finished with value: 186.5662078857422 and parameters: {'gradient_clip_val': 0.12047793956376236, 'hidden_size': 60, 'dropout': 0.40628130111352634, 'hidden_continuous_size': 28, 'attention_head_size': 4, 'learning_rate': 0.0010841183305176636}. Best is trial 0 with value: 86.14061737060547.
[I 2023-12-27 10:53:33,221] Trial 10 finished with value: 205.2017364501953 and parameters: {'gradient_clip_val': 0.20813465148142019, 'hidden_size': 5, 'dropout': 0.32124240896285416, 'hidden_continuous_size': 5, 'attention_head_size': 1, 'learning_rate': 0.0006627666310986808}. Best is trial 0 with value: 86.14061737060547.
[I 2023-12-27 10:53:33,869] Trial 11 finished with value: 210.8002166748047 and parameters: {'gradient_clip_val': 0.2309778266228185, 'hidden_size': 150, 'dropout': 0.28432894490347516, 'hidden_continuous_size': 89, 'attention_head_size': 1, 'learning_rate': 0.010411221133349422}. Best is trial 0 with value: 86.14061737060547.
[I 2023-12-27 10:53:34,280] Trial 12 finished with value: 184.96083068847656 and parameters: {'gradient_clip_val': 0.16375772951428225, 'hidden_size': 44, 'dropout': 0.40284254458274404, 'hidden_continuous_size': 9, 'attention_head_size': 1, 'learning_rate': 0.0007165318489598835}. Best is trial 0 with value: 86.14061737060547.
[I 2023-12-27 10:53:34,632] Trial 13 finished with value: 248.70826721191406 and parameters: {'gradient_clip_val': 0.2614229492596644, 'hidden_size': 8, 'dropout': 0.3244082692159836, 'hidden_continuous_size': 6, 'attention_head_size': 1, 'learning_rate': 0.014304976726458854}. Best is trial 0 with value: 86.14061737060547.
