[I 2023-12-27 11:04:30,822] Trial 43 finished with value: 7519.64794921875 and parameters: {'gradient_clip_val': 0.22108229000369561, 'hidden_size': 9, 'dropout': 0.44011944354589455, 'hidden_continuous_size': 6, 'attention_head_size': 1, 'learning_rate': 0.05181672597994064}. Best is trial 1 with value: 2826.2138671875.
LOCAL_RANK: 0 - CUDA_VISIBLE_DEVICES: [0]
[I 2023-12-27 11:04:31,272] Trial 44 finished with value: 6628.75390625 and parameters: {'gradient_clip_val': 0.1468576369948506, 'hidden_size': 16, 'dropout': 0.4998896823229255, 'hidden_continuous_size': 8, 'attention_head_size': 2, 'learning_rate': 0.029204929010273915}. Best is trial 1 with value: 2826.2138671875.
LOCAL_RANK: 0 - CUDA_VISIBLE_DEVICES: [0]
[I 2023-12-27 11:04:31,727] Trial 45 finished with value: 5717.47216796875 and parameters: {'gradient_clip_val': 0.22771753248404134, 'hidden_size': 6, 'dropout': 0.4141858692339398, 'hidden_continuous_size': 5, 'attention_head_size': 2, 'learning_rate': 0.008870539707154436}. Best is trial 1 with value: 2826.2138671875.
LOCAL_RANK: 0 - CUDA_VISIBLE_DEVICES: [0]
[I 2023-12-27 11:04:32,166] Trial 46 finished with value: 5562.513671875 and parameters: {'gradient_clip_val': 0.16549323597780202, 'hidden_size': 11, 'dropout': 0.47643326105977574, 'hidden_continuous_size': 7, 'attention_head_size': 3, 'learning_rate': 0.03604297776782819}. Best is trial 1 with value: 2826.2138671875.
LOCAL_RANK: 0 - CUDA_VISIBLE_DEVICES: [0]
[I 2023-12-27 11:04:32,873] Trial 47 finished with value: 6819.85302734375 and parameters: {'gradient_clip_val': 0.18441802264162607, 'hidden_size': 7, 'dropout': 0.42958628404167065, 'hidden_continuous_size': 6, 'attention_head_size': 1, 'learning_rate': 0.023233528882129765}. Best is trial 1 with value: 2826.2138671875.
LOCAL_RANK: 0 - CUDA_VISIBLE_DEVICES: [0]
[I 2023-12-27 11:04:33,336] Trial 48 finished with value: 7293.99462890625 and parameters: {'gradient_clip_val': 0.29167935103437115, 'hidden_size': 26, 'dropout': 0.32854477563380285, 'hidden_continuous_size': 11, 'attention_head_size': 2, 'learning_rate': 0.04503540664553639}. Best is trial 1 with value: 2826.2138671875.
LOCAL_RANK: 0 - CUDA_VISIBLE_DEVICES: [0]
[I 2023-12-27 11:04:33,737] Trial 49 finished with value: 6827.64111328125 and parameters: {'gradient_clip_val': 0.13777340803326352, 'hidden_size': 5, 'dropout': 0.448696032961563, 'hidden_continuous_size': 5, 'attention_head_size': 3, 'learning_rate': 0.015336191208233839}. Best is trial 1 with value: 2826.2138671875.
[I 2023-12-27 11:04:33,866] A new study created in memory with name: no-name-40b54422-1183-42f2-83ec-41dee20e8a6d
/home/le004/conda/anaconda3/envs/tsff_env/lib/python3.9/site-packages/lightning/fabric/plugins/environments/slurm.py:191: The `srun` command is available on your system but is not used. HINT: If your intention is to run Lightning on SLURM, prepend your python command with `srun` like so: srun python /home/le004/master_thesis/git/TSFusionForecast/code/ ...
LOCAL_RANK: 0 - CUDA_VISIBLE_DEVICES: [0]
[I 2023-12-27 11:05:02,568] Trial 0 finished with value: 300.6594543457031 and parameters: {'gradient_clip_val': 0.22732665876617086, 'hidden_size': 71, 'dropout': 0.2988023947002698, 'hidden_continuous_size': 68, 'attention_head_size': 1, 'learning_rate': 0.0029939555307161793}. Best is trial 0 with value: 300.6594543457031.
LOCAL_RANK: 0 - CUDA_VISIBLE_DEVICES: [0]
[I 2023-12-27 11:05:06,171] Trial 1 finished with value: 1578.4093017578125 and parameters: {'gradient_clip_val': 0.16337263532630383, 'hidden_size': 6, 'dropout': 0.17401161531394427, 'hidden_continuous_size': 5, 'attention_head_size': 4, 'learning_rate': 0.001874595515580208}. Best is trial 0 with value: 300.6594543457031.
LOCAL_RANK: 0 - CUDA_VISIBLE_DEVICES: [0]
[I 2023-12-27 11:05:06,660] Trial 2 finished with value: 1131.3406982421875 and parameters: {'gradient_clip_val': 0.796564877779021, 'hidden_size': 72, 'dropout': 0.43345487836081975, 'hidden_continuous_size': 47, 'attention_head_size': 3, 'learning_rate': 0.0062379812678126385}. Best is trial 0 with value: 300.6594543457031.
LOCAL_RANK: 0 - CUDA_VISIBLE_DEVICES: [0]
[I 2023-12-27 11:05:07,121] Trial 3 finished with value: 1332.8885498046875 and parameters: {'gradient_clip_val': 0.37382037375775795, 'hidden_size': 41, 'dropout': 0.4751805966574878, 'hidden_continuous_size': 12, 'attention_head_size': 2, 'learning_rate': 0.024353443564173783}. Best is trial 0 with value: 300.6594543457031.
LOCAL_RANK: 0 - CUDA_VISIBLE_DEVICES: [0]
[I 2023-12-27 11:05:07,493] Trial 4 finished with value: 1204.4317626953125 and parameters: {'gradient_clip_val': 0.5482138093703163, 'hidden_size': 5, 'dropout': 0.29460891673488454, 'hidden_continuous_size': 5, 'attention_head_size': 1, 'learning_rate': 0.015213664316096286}. Best is trial 0 with value: 300.6594543457031.
LOCAL_RANK: 0 - CUDA_VISIBLE_DEVICES: [0]
[I 2023-12-27 11:05:07,933] Trial 5 finished with value: 1446.4410400390625 and parameters: {'gradient_clip_val': 0.1558387116070658, 'hidden_size': 34, 'dropout': 0.24267540619311534, 'hidden_continuous_size': 27, 'attention_head_size': 4, 'learning_rate': 0.00400357029670963}. Best is trial 0 with value: 300.6594543457031.
LOCAL_RANK: 0 - CUDA_VISIBLE_DEVICES: [0]
[I 2023-12-27 11:05:08,438] Trial 6 finished with value: 796.6144409179688 and parameters: {'gradient_clip_val': 0.7801176510011008, 'hidden_size': 134, 'dropout': 0.4958117931700363, 'hidden_continuous_size': 97, 'attention_head_size': 4, 'learning_rate': 0.0015769443727874407}. Best is trial 0 with value: 300.6594543457031.
LOCAL_RANK: 0 - CUDA_VISIBLE_DEVICES: [0]
[I 2023-12-27 11:05:08,923] Trial 7 finished with value: 1293.30078125 and parameters: {'gradient_clip_val': 0.3521625257103521, 'hidden_size': 127, 'dropout': 0.2061195284858084, 'hidden_continuous_size': 8, 'attention_head_size': 1, 'learning_rate': 0.07774585705339114}. Best is trial 0 with value: 300.6594543457031.
LOCAL_RANK: 0 - CUDA_VISIBLE_DEVICES: [0]
[I 2023-12-27 11:05:09,583] Trial 8 finished with value: 950.60791015625 and parameters: {'gradient_clip_val': 0.7055294653980951, 'hidden_size': 11, 'dropout': 0.44368928400100915, 'hidden_continuous_size': 8, 'attention_head_size': 3, 'learning_rate': 0.0354725604085945}. Best is trial 0 with value: 300.6594543457031.
LOCAL_RANK: 0 - CUDA_VISIBLE_DEVICES: [0]
[I 2023-12-27 11:05:10,003] Trial 9 finished with value: 1732.7889404296875 and parameters: {'gradient_clip_val': 0.12101337656488131, 'hidden_size': 10, 'dropout': 0.3397815259922392, 'hidden_continuous_size': 6, 'attention_head_size': 1, 'learning_rate': 0.08151123888228404}. Best is trial 0 with value: 300.6594543457031.
LOCAL_RANK: 0 - CUDA_VISIBLE_DEVICES: [0]
[I 2023-12-27 11:05:10,493] Trial 10 finished with value: 1209.9659423828125 and parameters: {'gradient_clip_val': 0.22228396570980818, 'hidden_size': 59, 'dropout': 0.13826485696423763, 'hidden_continuous_size': 21, 'attention_head_size': 2, 'learning_rate': 0.000544401317196143}. Best is trial 0 with value: 300.6594543457031.
LOCAL_RANK: 0 - CUDA_VISIBLE_DEVICES: [0]
[I 2023-12-27 11:05:11,029] Trial 11 finished with value: 1107.6907958984375 and parameters: {'gradient_clip_val': 0.256906128288449, 'hidden_size': 139, 'dropout': 0.378419682026917, 'hidden_continuous_size': 129, 'attention_head_size': 3, 'learning_rate': 0.0020708094437517006}. Best is trial 0 with value: 300.6594543457031.
LOCAL_RANK: 0 - CUDA_VISIBLE_DEVICES: [0]
[I 2023-12-27 11:05:11,535] Trial 12 finished with value: 939.515380859375 and parameters: {'gradient_clip_val': 0.9034970300218365, 'hidden_size': 86, 'dropout': 0.28661717970063416, 'hidden_continuous_size': 76, 'attention_head_size': 2, 'learning_rate': 0.0014178310904552046}. Best is trial 0 with value: 300.6594543457031.
LOCAL_RANK: 0 - CUDA_VISIBLE_DEVICES: [0]
[I 2023-12-27 11:05:12,045] Trial 13 finished with value: 1239.0223388671875 and parameters: {'gradient_clip_val': 0.48260147870456443, 'hidden_size': 96, 'dropout': 0.3836691267048552, 'hidden_continuous_size': 45, 'attention_head_size': 4, 'learning_rate': 0.004321146798151694}. Best is trial 0 with value: 300.6594543457031.
LOCAL_RANK: 0 - CUDA_VISIBLE_DEVICES: [0]
[I 2023-12-27 11:05:12,582] Trial 14 finished with value: 1699.6273193359375 and parameters: {'gradient_clip_val': 0.9499021255025679, 'hidden_size': 146, 'dropout': 0.4824348329150624, 'hidden_continuous_size': 119, 'attention_head_size': 2, 'learning_rate': 0.0008302753448587501}. Best is trial 0 with value: 300.6594543457031.
LOCAL_RANK: 0 - CUDA_VISIBLE_DEVICES: [0]
[I 2023-12-27 11:05:13,066] Trial 15 finished with value: 1486.5792236328125 and parameters: {'gradient_clip_val': 0.2693527200529767, 'hidden_size': 55, 'dropout': 0.34013629897664555, 'hidden_continuous_size': 29, 'attention_head_size': 3, 'learning_rate': 0.0030877487016299702}. Best is trial 0 with value: 300.6594543457031.
LOCAL_RANK: 0 - CUDA_VISIBLE_DEVICES: [0]
[I 2023-12-27 11:05:13,531] Trial 16 finished with value: 1204.8043212890625 and parameters: {'gradient_clip_val': 0.580520299686353, 'hidden_size': 24, 'dropout': 0.2480354956510158, 'hidden_continuous_size': 12, 'attention_head_size': 1, 'learning_rate': 0.009798838416993878}. Best is trial 0 with value: 300.6594543457031.
LOCAL_RANK: 0 - CUDA_VISIBLE_DEVICES: [0]
[I 2023-12-27 11:05:14,039] Trial 17 finished with value: 1402.65966796875 and parameters: {'gradient_clip_val': 0.42285070680200787, 'hidden_size': 93, 'dropout': 0.4982908931679805, 'hidden_continuous_size': 63, 'attention_head_size': 4, 'learning_rate': 0.0012239159241030225}. Best is trial 0 with value: 300.6594543457031.
LOCAL_RANK: 0 - CUDA_VISIBLE_DEVICES: [0]
[I 2023-12-27 11:05:14,519] Trial 18 finished with value: 1621.0413818359375 and parameters: {'gradient_clip_val': 0.6646250357329204, 'hidden_size': 54, 'dropout': 0.10144352335745971, 'hidden_continuous_size': 18, 'attention_head_size': 2, 'learning_rate': 0.0029117911182051223}. Best is trial 0 with value: 300.6594543457031.
LOCAL_RANK: 0 - CUDA_VISIBLE_DEVICES: [0]
[I 2023-12-27 11:05:15,030] Trial 19 finished with value: 1312.1082763671875 and parameters: {'gradient_clip_val': 0.31900444765667, 'hidden_size': 94, 'dropout': 0.4189007014858934, 'hidden_continuous_size': 78, 'attention_head_size': 3, 'learning_rate': 0.0008886946519831557}. Best is trial 0 with value: 300.6594543457031.
LOCAL_RANK: 0 - CUDA_VISIBLE_DEVICES: [0]
[I 2023-12-27 11:05:15,538] Trial 20 finished with value: 1329.584716796875 and parameters: {'gradient_clip_val': 0.44552962358635867, 'hidden_size': 146, 'dropout': 0.3134218595691277, 'hidden_continuous_size': 110, 'attention_head_size': 1, 'learning_rate': 0.006333072364846713}. Best is trial 0 with value: 300.6594543457031.
LOCAL_RANK: 0 - CUDA_VISIBLE_DEVICES: [0]
[I 2023-12-27 11:05:16,293] Trial 21 finished with value: 1262.0458984375 and parameters: {'gradient_clip_val': 0.9141915685331553, 'hidden_size': 78, 'dropout': 0.2746312080540178, 'hidden_continuous_size': 50, 'attention_head_size': 2, 'learning_rate': 0.0015301533341329611}. Best is trial 0 with value: 300.6594543457031.
LOCAL_RANK: 0 - CUDA_VISIBLE_DEVICES: [0]
[I 2023-12-27 11:05:16,801] Trial 22 finished with value: 1411.7919921875 and parameters: {'gradient_clip_val': 0.7516471590814344, 'hidden_size': 100, 'dropout': 0.31914393383445466, 'hidden_continuous_size': 78, 'attention_head_size': 2, 'learning_rate': 0.0024441635630575997}. Best is trial 0 with value: 300.6594543457031.
LOCAL_RANK: 0 - CUDA_VISIBLE_DEVICES: [0]
[I 2023-12-27 11:05:17,288] Trial 23 finished with value: 1192.3514404296875 and parameters: {'gradient_clip_val': 0.9258342955332716, 'hidden_size': 68, 'dropout': 0.26576463926391264, 'hidden_continuous_size': 36, 'attention_head_size': 1, 'learning_rate': 0.0015201671914149245}. Best is trial 0 with value: 300.6594543457031.
LOCAL_RANK: 0 - CUDA_VISIBLE_DEVICES: [0]
[I 2023-12-27 11:05:17,816] Trial 24 finished with value: 1165.36474609375 and parameters: {'gradient_clip_val': 0.5895706089037017, 'hidden_size': 110, 'dropout': 0.37543371177109286, 'hidden_continuous_size': 81, 'attention_head_size': 2, 'learning_rate': 0.0010646755222165568}. Best is trial 0 with value: 300.6594543457031.
LOCAL_RANK: 0 - CUDA_VISIBLE_DEVICES: [0]
[I 2023-12-27 11:05:18,344] Trial 25 finished with value: 905.921630859375 and parameters: {'gradient_clip_val': 0.9866434857698293, 'hidden_size': 77, 'dropout': 0.2339757014666585, 'hidden_continuous_size': 39, 'attention_head_size': 3, 'learning_rate': 0.0005059477408766761}. Best is trial 0 with value: 300.6594543457031.
LOCAL_RANK: 0 - CUDA_VISIBLE_DEVICES: [0]
[I 2023-12-27 11:05:18,868] Trial 26 finished with value: 1144.6654052734375 and parameters: {'gradient_clip_val': 0.742697422480106, 'hidden_size': 111, 'dropout': 0.21536656508921903, 'hidden_continuous_size': 57, 'attention_head_size': 4, 'learning_rate': 0.0006488427791397646}. Best is trial 0 with value: 300.6594543457031.
LOCAL_RANK: 0 - CUDA_VISIBLE_DEVICES: [0]
[I 2023-12-27 11:05:19,365] Trial 27 finished with value: 1369.162109375 and parameters: {'gradient_clip_val': 0.987241552662947, 'hidden_size': 49, 'dropout': 0.2354428092824652, 'hidden_continuous_size': 38, 'attention_head_size': 3, 'learning_rate': 0.0005442153382028891}. Best is trial 0 with value: 300.6594543457031.
LOCAL_RANK: 0 - CUDA_VISIBLE_DEVICES: [0]
[I 2023-12-27 11:05:19,843] Trial 28 finished with value: 1183.4534912109375 and parameters: {'gradient_clip_val': 0.5055480045848496, 'hidden_size': 69, 'dropout': 0.2726848238865592, 'hidden_continuous_size': 39, 'attention_head_size': 4, 'learning_rate': 0.0008534541076751994}. Best is trial 0 with value: 300.6594543457031.
LOCAL_RANK: 0 - CUDA_VISIBLE_DEVICES: [0]
[I 2023-12-27 11:05:20,384] Trial 29 finished with value: 1357.9993896484375 and parameters: {'gradient_clip_val': 0.6166208808078246, 'hidden_size': 117, 'dropout': 0.2043649798266145, 'hidden_continuous_size': 62, 'attention_head_size': 4, 'learning_rate': 0.0019788615594309314}. Best is trial 0 with value: 300.6594543457031.
LOCAL_RANK: 0 - CUDA_VISIBLE_DEVICES: [0]
[I 2023-12-27 11:05:20,873] Trial 30 finished with value: 1709.4892578125 and parameters: {'gradient_clip_val': 0.20205894050957285, 'hidden_size': 78, 'dropout': 0.18644345039598087, 'hidden_continuous_size': 52, 'attention_head_size': 3, 'learning_rate': 0.001125997804808052}. Best is trial 0 with value: 300.6594543457031.
LOCAL_RANK: 0 - CUDA_VISIBLE_DEVICES: [0]
[I 2023-12-27 11:05:21,400] Trial 31 finished with value: 1416.1646728515625 and parameters: {'gradient_clip_val': 0.7793032468113583, 'hidden_size': 83, 'dropout': 0.2894118932221201, 'hidden_continuous_size': 66, 'attention_head_size': 2, 'learning_rate': 0.0015989903341583208}. Best is trial 0 with value: 300.6594543457031.
LOCAL_RANK: 0 - CUDA_VISIBLE_DEVICES: [0]
[I 2023-12-27 11:05:21,943] Trial 32 finished with value: 1132.5419921875 and parameters: {'gradient_clip_val': 0.8217219805006345, 'hidden_size': 115, 'dropout': 0.30631056582718313, 'hidden_continuous_size': 93, 'attention_head_size': 3, 'learning_rate': 0.0007646446742595642}. Best is trial 0 with value: 300.6594543457031.
LOCAL_RANK: 0 - CUDA_VISIBLE_DEVICES: [0]
[I 2023-12-27 11:05:22,428] Trial 33 finished with value: 1760.3214111328125 and parameters: {'gradient_clip_val': 0.8538537352641102, 'hidden_size': 71, 'dropout': 0.2569300918037708, 'hidden_continuous_size': 46, 'attention_head_size': 3, 'learning_rate': 0.0012900724135160916}. Best is trial 0 with value: 300.6594543457031.
LOCAL_RANK: 0 - CUDA_VISIBLE_DEVICES: [0]
[I 2023-12-27 11:05:22,967] Trial 34 finished with value: 1128.14599609375 and parameters: {'gradient_clip_val': 0.972590173787182, 'hidden_size': 46, 'dropout': 0.28682843360925103, 'hidden_continuous_size': 39, 'attention_head_size': 1, 'learning_rate': 0.0005000568636429197}. Best is trial 0 with value: 300.6594543457031.
LOCAL_RANK: 0 - CUDA_VISIBLE_DEVICES: [0]
[I 2023-12-27 11:05:23,738] Trial 35 finished with value: 1257.857177734375 and parameters: {'gradient_clip_val': 0.6769920030478234, 'hidden_size': 39, 'dropout': 0.33410422447255694, 'hidden_continuous_size': 33, 'attention_head_size': 4, 'learning_rate': 0.0018543169701781036}. Best is trial 0 with value: 300.6594543457031.
LOCAL_RANK: 0 - CUDA_VISIBLE_DEVICES: [0]
[I 2023-12-27 11:05:24,232] Trial 36 finished with value: 1148.067138671875 and parameters: {'gradient_clip_val': 0.8291195924636299, 'hidden_size': 63, 'dropout': 0.2310835876328255, 'hidden_continuous_size': 47, 'attention_head_size': 2, 'learning_rate': 0.0037942430874504203}. Best is trial 0 with value: 300.6594543457031.
LOCAL_RANK: 0 - CUDA_VISIBLE_DEVICES: [0]
[I 2023-12-27 11:05:24,727] Trial 37 finished with value: 1480.5977783203125 and parameters: {'gradient_clip_val': 0.65838138277546, 'hidden_size': 87, 'dropout': 0.46055851084242455, 'hidden_continuous_size': 66, 'attention_head_size': 1, 'learning_rate': 0.0023472741841049738}. Best is trial 0 with value: 300.6594543457031.
LOCAL_RANK: 0 - CUDA_VISIBLE_DEVICES: [0]
[I 2023-12-27 11:05:25,248] Trial 38 finished with value: 1217.294921875 and parameters: {'gradient_clip_val': 0.8455733091470472, 'hidden_size': 118, 'dropout': 0.24985264738533522, 'hidden_continuous_size': 97, 'attention_head_size': 3, 'learning_rate': 0.0010276340165410321}. Best is trial 0 with value: 300.6594543457031.
LOCAL_RANK: 0 - CUDA_VISIBLE_DEVICES: [0]
[I 2023-12-27 11:05:25,830] Trial 39 finished with value: 1720.7603759765625 and parameters: {'gradient_clip_val': 0.9961808295050288, 'hidden_size': 142, 'dropout': 0.2928249350590593, 'hidden_continuous_size': 130, 'attention_head_size': 4, 'learning_rate': 0.0006509648746434193}. Best is trial 0 with value: 300.6594543457031.
LOCAL_RANK: 0 - CUDA_VISIBLE_DEVICES: [0]
[I 2023-12-27 11:05:26,317] Trial 40 finished with value: 1058.7984619140625 and parameters: {'gradient_clip_val': 0.3883689313347194, 'hidden_size': 29, 'dropout': 0.4292785804664231, 'hidden_continuous_size': 25, 'attention_head_size': 1, 'learning_rate': 0.004423546713562318}. Best is trial 0 with value: 300.6594543457031.
LOCAL_RANK: 0 - CUDA_VISIBLE_DEVICES: [0]
[I 2023-12-27 11:05:26,754] Trial 41 finished with value: 1299.2235107421875 and parameters: {'gradient_clip_val': 0.7581372331190107, 'hidden_size': 8, 'dropout': 0.49982159593532394, 'hidden_continuous_size': 8, 'attention_head_size': 3, 'learning_rate': 0.02539440419313427}. Best is trial 0 with value: 300.6594543457031.
LOCAL_RANK: 0 - CUDA_VISIBLE_DEVICES: [0]
[I 2023-12-27 11:05:27,238] Trial 42 finished with value: 1660.5535888671875 and parameters: {'gradient_clip_val': 0.5282619227236666, 'hidden_size': 18, 'dropout': 0.4606675943226781, 'hidden_continuous_size': 16, 'attention_head_size': 3, 'learning_rate': 0.0027647908979612544}. Best is trial 0 with value: 300.6594543457031.
LOCAL_RANK: 0 - CUDA_VISIBLE_DEVICES: [0]
[I 2023-12-27 11:05:27,727] Trial 43 finished with value: 1271.7874755859375 and parameters: {'gradient_clip_val': 0.7025460197539137, 'hidden_size': 62, 'dropout': 0.4548764091774191, 'hidden_continuous_size': 52, 'attention_head_size': 3, 'learning_rate': 0.0018650437771907658}. Best is trial 0 with value: 300.6594543457031.
LOCAL_RANK: 0 - CUDA_VISIBLE_DEVICES: [0]
[I 2023-12-27 11:05:28,201] Trial 44 finished with value: 981.7188110351562 and parameters: {'gradient_clip_val': 0.8858254896415134, 'hidden_size': 13, 'dropout': 0.40766267503366643, 'hidden_continuous_size': 10, 'attention_head_size': 2, 'learning_rate': 0.0013207163801458506}. Best is trial 0 with value: 300.6594543457031.
LOCAL_RANK: 0 - CUDA_VISIBLE_DEVICES: [0]
[I 2023-12-27 11:05:28,611] Trial 45 finished with value: 1412.3848876953125 and parameters: {'gradient_clip_val': 0.6418942144179914, 'hidden_size': 5, 'dropout': 0.352050523093829, 'hidden_continuous_size': 5, 'attention_head_size': 3, 'learning_rate': 0.004821374377340624}. Best is trial 0 with value: 300.6594543457031.
LOCAL_RANK: 0 - CUDA_VISIBLE_DEVICES: [0]
[I 2023-12-27 11:05:29,091] Trial 46 finished with value: 1260.6151123046875 and parameters: {'gradient_clip_val': 0.5524022477600585, 'hidden_size': 37, 'dropout': 0.44986943357573395, 'hidden_continuous_size': 31, 'attention_head_size': 2, 'learning_rate': 0.0032507558448416213}. Best is trial 0 with value: 300.6594543457031.
LOCAL_RANK: 0 - CUDA_VISIBLE_DEVICES: [0]
[I 2023-12-27 11:05:29,565] Trial 47 finished with value: 942.3707885742188 and parameters: {'gradient_clip_val': 0.7133387412378153, 'hidden_size': 46, 'dropout': 0.48909328222382553, 'hidden_continuous_size': 41, 'attention_head_size': 3, 'learning_rate': 0.009324945347125503}. Best is trial 0 with value: 300.6594543457031.
LOCAL_RANK: 0 - CUDA_VISIBLE_DEVICES: [0]
[I 2023-12-27 11:05:30,331] Trial 48 finished with value: 1466.5260009765625 and parameters: {'gradient_clip_val': 0.7889813360545295, 'hidden_size': 48, 'dropout': 0.4696109828086285, 'hidden_continuous_size': 42, 'attention_head_size': 4, 'learning_rate': 0.009562755106888395}. Best is trial 0 with value: 300.6594543457031.
LOCAL_RANK: 0 - CUDA_VISIBLE_DEVICES: [0]
[I 2023-12-27 11:05:30,840] Trial 49 finished with value: 1375.1943359375 and parameters: {'gradient_clip_val': 0.7153796770697096, 'hidden_size': 80, 'dropout': 0.4736657349098352, 'hidden_continuous_size': 56, 'attention_head_size': 2, 'learning_rate': 0.004994611789620944}. Best is trial 0 with value: 300.6594543457031.
[I 2023-12-27 11:05:30,968] A new study created in memory with name: no-name-73c2533c-33f7-434c-b6b2-fecdc02e2b47
/home/le004/conda/anaconda3/envs/tsff_env/lib/python3.9/site-packages/lightning/fabric/plugins/environments/slurm.py:191: The `srun` command is available on your system but is not used. HINT: If your intention is to run Lightning on SLURM, prepend your python command with `srun` like so: srun python /home/le004/master_thesis/git/TSFusionForecast/code/ ...
LOCAL_RANK: 0 - CUDA_VISIBLE_DEVICES: [0]
