[I 2023-12-27 11:18:39,778] Trial 30 finished with value: 1385.32470703125 and parameters: {'gradient_clip_val': 0.18227761493616954, 'hidden_size': 107, 'dropout': 0.21041945171577317, 'hidden_continuous_size': 104, 'attention_head_size': 4, 'learning_rate': 0.002229615563185777}. Best is trial 1 with value: 163.14451599121094.
[I 2023-12-27 11:18:40,115] Trial 31 finished with value: 1225.9600830078125 and parameters: {'gradient_clip_val': 0.14521161617414022, 'hidden_size': 5, 'dropout': 0.13712370910349242, 'hidden_continuous_size': 5, 'attention_head_size': 2, 'learning_rate': 0.0011890768644278766}. Best is trial 1 with value: 163.14451599121094.
[I 2023-12-27 11:18:40,496] Trial 32 finished with value: 1381.2052001953125 and parameters: {'gradient_clip_val': 0.16902372567539864, 'hidden_size': 7, 'dropout': 0.1011523966579157, 'hidden_continuous_size': 6, 'attention_head_size': 2, 'learning_rate': 0.008698011725485792}. Best is trial 1 with value: 163.14451599121094.
[I 2023-12-27 11:18:40,887] Trial 33 finished with value: 1141.7252197265625 and parameters: {'gradient_clip_val': 0.20124528312861276, 'hidden_size': 9, 'dropout': 0.2969960153321142, 'hidden_continuous_size': 7, 'attention_head_size': 2, 'learning_rate': 0.0008762864629982828}. Best is trial 1 with value: 163.14451599121094.
[I 2023-12-27 11:18:41,253] Trial 34 finished with value: 1199.7225341796875 and parameters: {'gradient_clip_val': 0.13374337583520748, 'hidden_size': 16, 'dropout': 0.16216846860857648, 'hidden_continuous_size': 10, 'attention_head_size': 2, 'learning_rate': 0.0006909032675461701}. Best is trial 1 with value: 163.14451599121094.
[I 2023-12-27 11:18:41,658] Trial 35 finished with value: 1331.9195556640625 and parameters: {'gradient_clip_val': 0.3258126368126729, 'hidden_size': 19, 'dropout': 0.21195914400545357, 'hidden_continuous_size': 11, 'attention_head_size': 3, 'learning_rate': 0.005406658439097404}. Best is trial 1 with value: 163.14451599121094.
[I 2023-12-27 11:18:42,032] Trial 36 finished with value: 993.0302124023438 and parameters: {'gradient_clip_val': 0.28377989803507336, 'hidden_size': 12, 'dropout': 0.3568296756240897, 'hidden_continuous_size': 9, 'attention_head_size': 1, 'learning_rate': 0.004430290686871108}. Best is trial 1 with value: 163.14451599121094.
[I 2023-12-27 11:18:42,418] Trial 37 finished with value: 1229.71728515625 and parameters: {'gradient_clip_val': 0.18057734204675802, 'hidden_size': 13, 'dropout': 0.4888532217718771, 'hidden_continuous_size': 10, 'attention_head_size': 3, 'learning_rate': 0.0018024503089536085}. Best is trial 1 with value: 163.14451599121094.
[I 2023-12-27 11:18:42,801] Trial 38 finished with value: 861.2330932617188 and parameters: {'gradient_clip_val': 0.23598391119901846, 'hidden_size': 9, 'dropout': 0.3248386778693168, 'hidden_continuous_size': 7, 'attention_head_size': 4, 'learning_rate': 0.007893416135666412}. Best is trial 1 with value: 163.14451599121094.
[I 2023-12-27 11:18:43,190] Trial 39 finished with value: 990.8145141601562 and parameters: {'gradient_clip_val': 0.25155092925237715, 'hidden_size': 9, 'dropout': 0.3161710207123102, 'hidden_continuous_size': 7, 'attention_head_size': 4, 'learning_rate': 0.007677780932534681}. Best is trial 1 with value: 163.14451599121094.
[I 2023-12-27 11:18:43,577] Trial 40 finished with value: 1011.35009765625 and parameters: {'gradient_clip_val': 0.23001644594495274, 'hidden_size': 18, 'dropout': 0.34535771859386144, 'hidden_continuous_size': 12, 'attention_head_size': 4, 'learning_rate': 0.010430404022720212}. Best is trial 1 with value: 163.14451599121094.
[I 2023-12-27 11:18:43,964] Trial 41 finished with value: 1150.5657958984375 and parameters: {'gradient_clip_val': 0.21887667610051098, 'hidden_size': 11, 'dropout': 0.42156788199933803, 'hidden_continuous_size': 8, 'attention_head_size': 4, 'learning_rate': 0.029087007552637486}. Best is trial 1 with value: 163.14451599121094.
[I 2023-12-27 11:18:44,344] Trial 42 finished with value: 1473.6802978515625 and parameters: {'gradient_clip_val': 0.32494242935655915, 'hidden_size': 7, 'dropout': 0.37995588820620546, 'hidden_continuous_size': 6, 'attention_head_size': 4, 'learning_rate': 0.005697167763049488}. Best is trial 1 with value: 163.14451599121094.
[I 2023-12-27 11:18:44,991] Trial 43 finished with value: 1223.8309326171875 and parameters: {'gradient_clip_val': 0.20621559594070363, 'hidden_size': 31, 'dropout': 0.46506688681707653, 'hidden_continuous_size': 14, 'attention_head_size': 3, 'learning_rate': 0.002477428351474092}. Best is trial 1 with value: 163.14451599121094.
[I 2023-12-27 11:18:45,398] Trial 44 finished with value: 1144.5816650390625 and parameters: {'gradient_clip_val': 0.12268945302834619, 'hidden_size': 23, 'dropout': 0.3014724168244889, 'hidden_continuous_size': 12, 'attention_head_size': 4, 'learning_rate': 0.0035736907000879885}. Best is trial 1 with value: 163.14451599121094.
[I 2023-12-27 11:18:45,834] Trial 45 finished with value: 931.5945434570312 and parameters: {'gradient_clip_val': 0.1836920036370696, 'hidden_size': 44, 'dropout': 0.3989185856553465, 'hidden_continuous_size': 20, 'attention_head_size': 3, 'learning_rate': 0.0043945677499454055}. Best is trial 1 with value: 163.14451599121094.
[I 2023-12-27 11:18:46,224] Trial 46 finished with value: 1099.5599365234375 and parameters: {'gradient_clip_val': 0.13609494412831322, 'hidden_size': 14, 'dropout': 0.3458025185346273, 'hidden_continuous_size': 10, 'attention_head_size': 4, 'learning_rate': 0.0005214908762502994}. Best is trial 1 with value: 163.14451599121094.
[I 2023-12-27 11:18:46,636] Trial 47 finished with value: 1269.8681640625 and parameters: {'gradient_clip_val': 0.15681919178997808, 'hidden_size': 35, 'dropout': 0.4999881214470727, 'hidden_continuous_size': 25, 'attention_head_size': 2, 'learning_rate': 0.0021761723001146203}. Best is trial 1 with value: 163.14451599121094.
[I 2023-12-27 11:18:47,188] Trial 48 finished with value: 1434.3634033203125 and parameters: {'gradient_clip_val': 0.28789232351810634, 'hidden_size': 127, 'dropout': 0.380377024653467, 'hidden_continuous_size': 16, 'attention_head_size': 3, 'learning_rate': 0.0013658507193370526}. Best is trial 1 with value: 163.14451599121094.
[I 2023-12-27 11:18:47,650] Trial 49 finished with value: 932.11328125 and parameters: {'gradient_clip_val': 0.4256335457372584, 'hidden_size': 74, 'dropout': 0.4200343340492798, 'hidden_continuous_size': 15, 'attention_head_size': 1, 'learning_rate': 0.002825420784253798}. Best is trial 1 with value: 163.14451599121094.
[I 2023-12-27 11:18:47,765] A new study created in memory with name: no-name-c52f2fe6-7dfc-48b2-9e00-9507cbca6318
/home/le004/conda/anaconda3/envs/tsff_env/lib/python3.9/site-packages/lightning/fabric/plugins/environments/slurm.py:191: The `srun` command is available on your system but is not used. HINT: If your intention is to run Lightning on SLURM, prepend your python command with `srun` like so: srun python /home/le004/master_thesis/git/TSFusionForecast/code/ ...
[I 2023-12-27 11:19:41,807] Trial 0 finished with value: 81.15543365478516 and parameters: {'gradient_clip_val': 0.5202821596809346, 'hidden_size': 119, 'dropout': 0.20065284032613775, 'hidden_continuous_size': 28, 'attention_head_size': 4, 'learning_rate': 0.0009710604416901276}. Best is trial 0 with value: 81.15543365478516.
[I 2023-12-27 11:19:46,076] Trial 1 finished with value: 132.0883026123047 and parameters: {'gradient_clip_val': 0.13394524154121973, 'hidden_size': 26, 'dropout': 0.19905352699485315, 'hidden_continuous_size': 6, 'attention_head_size': 2, 'learning_rate': 0.060185961527404026}. Best is trial 0 with value: 81.15543365478516.
[I 2023-12-27 11:19:46,393] Trial 2 finished with value: 313.2927551269531 and parameters: {'gradient_clip_val': 0.6702968967237064, 'hidden_size': 5, 'dropout': 0.4648122783039631, 'hidden_continuous_size': 5, 'attention_head_size': 3, 'learning_rate': 0.0012308848676382553}. Best is trial 0 with value: 81.15543365478516.
[I 2023-12-27 11:19:46,938] Trial 3 finished with value: 273.6749267578125 and parameters: {'gradient_clip_val': 0.23531748804934047, 'hidden_size': 16, 'dropout': 0.26097546127826554, 'hidden_continuous_size': 5, 'attention_head_size': 4, 'learning_rate': 0.007457556346777693}. Best is trial 0 with value: 81.15543365478516.
[I 2023-12-27 11:19:47,263] Trial 4 finished with value: 255.81288146972656 and parameters: {'gradient_clip_val': 0.14103993295910347, 'hidden_size': 11, 'dropout': 0.3477654551570414, 'hidden_continuous_size': 11, 'attention_head_size': 3, 'learning_rate': 0.0016500114991161506}. Best is trial 0 with value: 81.15543365478516.
[I 2023-12-27 11:19:47,577] Trial 5 finished with value: 319.49334716796875 and parameters: {'gradient_clip_val': 0.31033796981097994, 'hidden_size': 5, 'dropout': 0.38367047869508675, 'hidden_continuous_size': 5, 'attention_head_size': 2, 'learning_rate': 0.004037171572880758}. Best is trial 0 with value: 81.15543365478516.
[I 2023-12-27 11:19:47,928] Trial 6 finished with value: 240.7220916748047 and parameters: {'gradient_clip_val': 0.1475932012314882, 'hidden_size': 9, 'dropout': 0.2568944700284184, 'hidden_continuous_size': 6, 'attention_head_size': 2, 'learning_rate': 0.00357399500380617}. Best is trial 0 with value: 81.15543365478516.
[I 2023-12-27 11:19:48,470] Trial 7 finished with value: 269.59136962890625 and parameters: {'gradient_clip_val': 0.24632066463522567, 'hidden_size': 109, 'dropout': 0.4088005335530893, 'hidden_continuous_size': 87, 'attention_head_size': 3, 'learning_rate': 0.0028167934139138847}. Best is trial 0 with value: 81.15543365478516.
[I 2023-12-27 11:19:48,824] Trial 8 finished with value: 244.74220275878906 and parameters: {'gradient_clip_val': 0.9929773320081885, 'hidden_size': 13, 'dropout': 0.3048337290094242, 'hidden_continuous_size': 9, 'attention_head_size': 4, 'learning_rate': 0.0008820946058180776}. Best is trial 0 with value: 81.15543365478516.
[I 2023-12-27 11:19:49,301] Trial 9 finished with value: 306.6345520019531 and parameters: {'gradient_clip_val': 0.49137421086428046, 'hidden_size': 95, 'dropout': 0.13728948189045803, 'hidden_continuous_size': 32, 'attention_head_size': 2, 'learning_rate': 0.0440555715153556}. Best is trial 0 with value: 81.15543365478516.
[I 2023-12-27 11:19:49,730] Trial 10 finished with value: 241.7133026123047 and parameters: {'gradient_clip_val': 0.4688845257238557, 'hidden_size': 60, 'dropout': 0.12170288316056438, 'hidden_continuous_size': 22, 'attention_head_size': 1, 'learning_rate': 0.0005605165117479823}. Best is trial 0 with value: 81.15543365478516.
[I 2023-12-27 11:19:50,132] Trial 11 finished with value: 326.4814147949219 and parameters: {'gradient_clip_val': 0.11791242736147074, 'hidden_size': 38, 'dropout': 0.1896519173520042, 'hidden_continuous_size': 9, 'attention_head_size': 1, 'learning_rate': 0.09039728493218493}. Best is trial 0 with value: 81.15543365478516.
[I 2023-12-27 11:19:50,524] Trial 12 finished with value: 279.2485046386719 and parameters: {'gradient_clip_val': 0.17332505511741264, 'hidden_size': 33, 'dropout': 0.19966288975844543, 'hidden_continuous_size': 7, 'attention_head_size': 4, 'learning_rate': 0.017609693915869227}. Best is trial 0 with value: 81.15543365478516.
[I 2023-12-27 11:19:51,097] Trial 13 finished with value: 280.7099304199219 and parameters: {'gradient_clip_val': 0.20032150441541735, 'hidden_size': 148, 'dropout': 0.194643022526217, 'hidden_continuous_size': 16, 'attention_head_size': 2, 'learning_rate': 0.010461509390563764}. Best is trial 0 with value: 81.15543365478516.
[I 2023-12-27 11:19:51,481] Trial 14 finished with value: 316.97216796875 and parameters: {'gradient_clip_val': 0.35358573304077673, 'hidden_size': 23, 'dropout': 0.11725540585376013, 'hidden_continuous_size': 7, 'attention_head_size': 3, 'learning_rate': 0.020967925856921376}. Best is trial 0 with value: 81.15543365478516.
[I 2023-12-27 11:19:51,905] Trial 15 finished with value: 337.0745544433594 and parameters: {'gradient_clip_val': 0.1081782661357568, 'hidden_size': 57, 'dropout': 0.24190801317240107, 'hidden_continuous_size': 13, 'attention_head_size': 1, 'learning_rate': 0.07981649276734049}. Best is trial 0 with value: 81.15543365478516.
[I 2023-12-27 11:19:52,333] Trial 16 finished with value: 249.18382263183594 and parameters: {'gradient_clip_val': 0.11059097754564574, 'hidden_size': 50, 'dropout': 0.16315515322133284, 'hidden_continuous_size': 18, 'attention_head_size': 4, 'learning_rate': 0.034151589974518295}. Best is trial 0 with value: 81.15543365478516.
[I 2023-12-27 11:19:52,955] Trial 17 finished with value: 320.4421691894531 and parameters: {'gradient_clip_val': 0.1729170926411232, 'hidden_size': 25, 'dropout': 0.10646853691430269, 'hidden_continuous_size': 7, 'attention_head_size': 3, 'learning_rate': 0.0005396734392863757}. Best is trial 0 with value: 81.15543365478516.
[I 2023-12-27 11:19:53,330] Trial 18 finished with value: 325.7206115722656 and parameters: {'gradient_clip_val': 0.298833582132612, 'hidden_size': 20, 'dropout': 0.2258436150790055, 'hidden_continuous_size': 6, 'attention_head_size': 2, 'learning_rate': 0.005527602306411449}. Best is trial 0 with value: 81.15543365478516.
[I 2023-12-27 11:19:53,723] Trial 19 finished with value: 241.2787628173828 and parameters: {'gradient_clip_val': 0.41601794842666634, 'hidden_size': 32, 'dropout': 0.29886961780556237, 'hidden_continuous_size': 9, 'attention_head_size': 1, 'learning_rate': 0.0022512389053622427}. Best is trial 0 with value: 81.15543365478516.
[I 2023-12-27 11:19:54,145] Trial 20 finished with value: 267.7627868652344 and parameters: {'gradient_clip_val': 0.10027159711272642, 'hidden_size': 43, 'dropout': 0.15785183277552384, 'hidden_continuous_size': 24, 'attention_head_size': 4, 'learning_rate': 0.010984152050667585}. Best is trial 0 with value: 81.15543365478516.
[I 2023-12-27 11:19:54,535] Trial 21 finished with value: 235.25685119628906 and parameters: {'gradient_clip_val': 0.14972804271937018, 'hidden_size': 9, 'dropout': 0.25912154122713266, 'hidden_continuous_size': 6, 'attention_head_size': 2, 'learning_rate': 0.0033744624336782742}. Best is trial 0 with value: 81.15543365478516.
[I 2023-12-27 11:19:55,001] Trial 22 finished with value: 299.5769348144531 and parameters: {'gradient_clip_val': 0.12724995448471355, 'hidden_size': 76, 'dropout': 0.21576698990309073, 'hidden_continuous_size': 34, 'attention_head_size': 2, 'learning_rate': 0.0019488899655654294}. Best is trial 0 with value: 81.15543365478516.
[I 2023-12-27 11:19:55,376] Trial 23 finished with value: 318.33673095703125 and parameters: {'gradient_clip_val': 0.15067442755818597, 'hidden_size': 19, 'dropout': 0.162219793911027, 'hidden_continuous_size': 6, 'attention_head_size': 2, 'learning_rate': 0.0012659072165973066}. Best is trial 0 with value: 81.15543365478516.
[I 2023-12-27 11:19:55,779] Trial 24 finished with value: 242.12644958496094 and parameters: {'gradient_clip_val': 0.17633011698082338, 'hidden_size': 29, 'dropout': 0.26386122193058054, 'hidden_continuous_size': 8, 'attention_head_size': 3, 'learning_rate': 0.005562323668864607}. Best is trial 0 with value: 81.15543365478516.
[I 2023-12-27 11:19:56,195] Trial 25 finished with value: 287.3524475097656 and parameters: {'gradient_clip_val': 0.1305138777308102, 'hidden_size': 41, 'dropout': 0.23219297852688098, 'hidden_continuous_size': 11, 'attention_head_size': 2, 'learning_rate': 0.0038897618967459174}. Best is trial 0 with value: 81.15543365478516.
[I 2023-12-27 11:19:56,631] Trial 26 finished with value: 272.9052429199219 and parameters: {'gradient_clip_val': 0.22316827136143555, 'hidden_size': 69, 'dropout': 0.18876525260708493, 'hidden_continuous_size': 5, 'attention_head_size': 1, 'learning_rate': 0.0009280179146658908}. Best is trial 0 with value: 81.15543365478516.
[I 2023-12-27 11:19:56,992] Trial 27 finished with value: 172.4977264404297 and parameters: {'gradient_clip_val': 0.2747871227324001, 'hidden_size': 8, 'dropout': 0.28556307056814967, 'hidden_continuous_size': 6, 'attention_head_size': 3, 'learning_rate': 0.0023744810274273216}. Best is trial 0 with value: 81.15543365478516.
[I 2023-12-27 11:19:57,420] Trial 28 finished with value: 328.3628234863281 and parameters: {'gradient_clip_val': 0.37220190697266003, 'hidden_size': 49, 'dropout': 0.28679501715604216, 'hidden_continuous_size': 14, 'attention_head_size': 4, 'learning_rate': 0.002533501462989039}. Best is trial 0 with value: 81.15543365478516.
[I 2023-12-27 11:19:57,820] Trial 29 finished with value: 260.0093078613281 and parameters: {'gradient_clip_val': 0.6488273576561558, 'hidden_size': 27, 'dropout': 0.4655077600118219, 'hidden_continuous_size': 5, 'attention_head_size': 3, 'learning_rate': 0.0016394900958480187}. Best is trial 0 with value: 81.15543365478516.
[I 2023-12-27 11:19:58,200] Trial 30 finished with value: 285.0118103027344 and parameters: {'gradient_clip_val': 0.2739118325370287, 'hidden_size': 6, 'dropout': 0.4942212744873497, 'hidden_continuous_size': 5, 'attention_head_size': 3, 'learning_rate': 0.0011729073930461555}. Best is trial 0 with value: 81.15543365478516.
[I 2023-12-27 11:19:58,795] Trial 31 finished with value: 295.0469055175781 and parameters: {'gradient_clip_val': 0.2140018252369675, 'hidden_size': 8, 'dropout': 0.2158573110971748, 'hidden_continuous_size': 6, 'attention_head_size': 2, 'learning_rate': 0.0026865192323254007}. Best is trial 0 with value: 81.15543365478516.
[I 2023-12-27 11:19:59,180] Trial 32 finished with value: 304.8542175292969 and parameters: {'gradient_clip_val': 0.27718001450283236, 'hidden_size': 15, 'dropout': 0.2801632271599671, 'hidden_continuous_size': 6, 'attention_head_size': 3, 'learning_rate': 0.006670215116860365}. Best is trial 0 with value: 81.15543365478516.
[I 2023-12-27 11:19:59,570] Trial 33 finished with value: 268.4100036621094 and parameters: {'gradient_clip_val': 0.250937580590643, 'hidden_size': 12, 'dropout': 0.24365219300136687, 'hidden_continuous_size': 6, 'attention_head_size': 4, 'learning_rate': 0.0015578193687354417}. Best is trial 0 with value: 81.15543365478516.
[I 2023-12-27 11:19:59,972] Trial 34 finished with value: 320.662841796875 and parameters: {'gradient_clip_val': 0.1528884636889451, 'hidden_size': 10, 'dropout': 0.315969599759663, 'hidden_continuous_size': 6, 'attention_head_size': 2, 'learning_rate': 0.00338883529629657}. Best is trial 0 with value: 81.15543365478516.
[I 2023-12-27 11:20:00,354] Trial 35 finished with value: 272.475341796875 and parameters: {'gradient_clip_val': 0.1927115368753528, 'hidden_size': 7, 'dropout': 0.2638203988970448, 'hidden_continuous_size': 5, 'attention_head_size': 3, 'learning_rate': 0.004917873319961577}. Best is trial 0 with value: 81.15543365478516.
[I 2023-12-27 11:20:00,688] Trial 36 finished with value: 266.6063232421875 and parameters: {'gradient_clip_val': 0.12969681620355294, 'hidden_size': 5, 'dropout': 0.33517580638289624, 'hidden_continuous_size': 5, 'attention_head_size': 2, 'learning_rate': 0.002234551217011989}. Best is trial 0 with value: 81.15543365478516.
[I 2023-12-27 11:20:01,072] Trial 37 finished with value: 303.1363525390625 and parameters: {'gradient_clip_val': 0.2228753950855156, 'hidden_size': 9, 'dropout': 0.269530983484677, 'hidden_continuous_size': 6, 'attention_head_size': 4, 'learning_rate': 0.0032018220600582006}. Best is trial 0 with value: 81.15543365478516.
[I 2023-12-27 11:20:01,458] Trial 38 finished with value: 224.943115234375 and parameters: {'gradient_clip_val': 0.3245239078411579, 'hidden_size': 14, 'dropout': 0.24497103188695188, 'hidden_continuous_size': 7, 'attention_head_size': 3, 'learning_rate': 0.0042687971451094}. Best is trial 0 with value: 81.15543365478516.
[I 2023-12-27 11:20:01,846] Trial 39 finished with value: 255.10679626464844 and parameters: {'gradient_clip_val': 0.33781980485234114, 'hidden_size': 15, 'dropout': 0.246478886269025, 'hidden_continuous_size': 7, 'attention_head_size': 3, 'learning_rate': 0.009051533068724782}. Best is trial 0 with value: 81.15543365478516.
[I 2023-12-27 11:20:02,237] Trial 40 finished with value: 299.7869873046875 and parameters: {'gradient_clip_val': 0.3207096440854018, 'hidden_size': 13, 'dropout': 0.3735273741917139, 'hidden_continuous_size': 8, 'attention_head_size': 3, 'learning_rate': 0.0007766674012986093}. Best is trial 0 with value: 81.15543365478516.
[I 2023-12-27 11:20:02,620] Trial 41 finished with value: 276.1620788574219 and parameters: {'gradient_clip_val': 0.27004824348693024, 'hidden_size': 10, 'dropout': 0.28456495102868695, 'hidden_continuous_size': 6, 'attention_head_size': 2, 'learning_rate': 0.002701983711981336}. Best is trial 0 with value: 81.15543365478516.
[I 2023-12-27 11:20:02,997] Trial 42 finished with value: 377.938720703125 and parameters: {'gradient_clip_val': 0.5487788425728172, 'hidden_size': 17, 'dropout': 0.2596543257935325, 'hidden_continuous_size': 7, 'attention_head_size': 2, 'learning_rate': 0.00434612777931876}. Best is trial 0 with value: 81.15543365478516.
[I 2023-12-27 11:20:03,385] Trial 43 finished with value: 274.1929016113281 and parameters: {'gradient_clip_val': 0.23763030597023393, 'hidden_size': 11, 'dropout': 0.21880356061432857, 'hidden_continuous_size': 6, 'attention_head_size': 3, 'learning_rate': 0.0038102665235244435}. Best is trial 0 with value: 81.15543365478516.
[I 2023-12-27 11:20:03,983] Trial 44 finished with value: 246.77964782714844 and parameters: {'gradient_clip_val': 0.3616538492671503, 'hidden_size': 8, 'dropout': 0.2453328321831605, 'hidden_continuous_size': 5, 'attention_head_size': 3, 'learning_rate': 0.0021228174790974418}. Best is trial 0 with value: 81.15543365478516.
