[I 2023-12-27 11:01:52,158] Trial 11 finished with value: 40.529544830322266 and parameters: {'gradient_clip_val': 0.18466563277711753, 'hidden_size': 5, 'dropout': 0.1960803805016717, 'hidden_continuous_size': 5, 'attention_head_size': 2, 'learning_rate': 0.0035639491185013557}. Best is trial 1 with value: 5.843369007110596.
LOCAL_RANK: 0 - CUDA_VISIBLE_DEVICES: [0]
[I 2023-12-27 11:01:52,639] Trial 12 finished with value: 24.05091667175293 and parameters: {'gradient_clip_val': 0.2257813621233909, 'hidden_size': 53, 'dropout': 0.1798088765393256, 'hidden_continuous_size': 39, 'attention_head_size': 3, 'learning_rate': 0.0018125806262072623}. Best is trial 1 with value: 5.843369007110596.
LOCAL_RANK: 0 - CUDA_VISIBLE_DEVICES: [0]
[I 2023-12-27 11:01:53,025] Trial 13 finished with value: 31.767061233520508 and parameters: {'gradient_clip_val': 0.1153094961074247, 'hidden_size': 5, 'dropout': 0.1805318917701013, 'hidden_continuous_size': 5, 'attention_head_size': 1, 'learning_rate': 0.011606855829220455}. Best is trial 1 with value: 5.843369007110596.
LOCAL_RANK: 0 - CUDA_VISIBLE_DEVICES: [0]
[I 2023-12-27 11:01:53,494] Trial 14 finished with value: 36.870079040527344 and parameters: {'gradient_clip_val': 0.14014059674869744, 'hidden_size': 51, 'dropout': 0.1027769841067245, 'hidden_continuous_size': 16, 'attention_head_size': 3, 'learning_rate': 0.0055121241678192014}. Best is trial 1 with value: 5.843369007110596.
LOCAL_RANK: 0 - CUDA_VISIBLE_DEVICES: [0]
[I 2023-12-27 11:01:53,955] Trial 15 finished with value: 39.16746139526367 and parameters: {'gradient_clip_val': 0.23321093932206144, 'hidden_size': 35, 'dropout': 0.2716516572827528, 'hidden_continuous_size': 12, 'attention_head_size': 2, 'learning_rate': 0.001921767610934591}. Best is trial 1 with value: 5.843369007110596.
LOCAL_RANK: 0 - CUDA_VISIBLE_DEVICES: [0]
[I 2023-12-27 11:01:54,712] Trial 16 finished with value: 31.561872482299805 and parameters: {'gradient_clip_val': 0.16729728487318085, 'hidden_size': 89, 'dropout': 0.15522972186748737, 'hidden_continuous_size': 37, 'attention_head_size': 4, 'learning_rate': 0.014642970260363543}. Best is trial 1 with value: 5.843369007110596.
LOCAL_RANK: 0 - CUDA_VISIBLE_DEVICES: [0]
[I 2023-12-27 11:01:55,155] Trial 17 finished with value: 29.113571166992188 and parameters: {'gradient_clip_val': 0.1078220440142051, 'hidden_size': 7, 'dropout': 0.20543954278709417, 'hidden_continuous_size': 5, 'attention_head_size': 1, 'learning_rate': 0.00636824437139146}. Best is trial 1 with value: 5.843369007110596.
LOCAL_RANK: 0 - CUDA_VISIBLE_DEVICES: [0]
[I 2023-12-27 11:01:55,668] Trial 18 finished with value: 28.810165405273438 and parameters: {'gradient_clip_val': 0.2837783537575126, 'hidden_size': 147, 'dropout': 0.14394581781543664, 'hidden_continuous_size': 87, 'attention_head_size': 3, 'learning_rate': 0.0030013585574449092}. Best is trial 1 with value: 5.843369007110596.
LOCAL_RANK: 0 - CUDA_VISIBLE_DEVICES: [0]
[I 2023-12-27 11:01:56,113] Trial 19 finished with value: 35.265098571777344 and parameters: {'gradient_clip_val': 0.20607053560565478, 'hidden_size': 35, 'dropout': 0.15989631172603713, 'hidden_continuous_size': 9, 'attention_head_size': 2, 'learning_rate': 0.0011635034653550889}. Best is trial 1 with value: 5.843369007110596.
LOCAL_RANK: 0 - CUDA_VISIBLE_DEVICES: [0]
[I 2023-12-27 11:01:56,578] Trial 20 finished with value: 45.154571533203125 and parameters: {'gradient_clip_val': 0.1420212442084739, 'hidden_size': 15, 'dropout': 0.10067020185079247, 'hidden_continuous_size': 6, 'attention_head_size': 4, 'learning_rate': 0.006010432125251913}. Best is trial 1 with value: 5.843369007110596.
LOCAL_RANK: 0 - CUDA_VISIBLE_DEVICES: [0]
[I 2023-12-27 11:01:57,058] Trial 21 finished with value: 23.852981567382812 and parameters: {'gradient_clip_val': 0.20990699841913613, 'hidden_size': 62, 'dropout': 0.1636337528587829, 'hidden_continuous_size': 35, 'attention_head_size': 3, 'learning_rate': 0.0021701378338281198}. Best is trial 1 with value: 5.843369007110596.
LOCAL_RANK: 0 - CUDA_VISIBLE_DEVICES: [0]
[I 2023-12-27 11:01:57,513] Trial 22 finished with value: 38.003963470458984 and parameters: {'gradient_clip_val': 0.2535012563961241, 'hidden_size': 74, 'dropout': 0.1373059667880283, 'hidden_continuous_size': 31, 'attention_head_size': 3, 'learning_rate': 0.0028754534755846433}. Best is trial 1 with value: 5.843369007110596.
LOCAL_RANK: 0 - CUDA_VISIBLE_DEVICES: [0]
[I 2023-12-27 11:01:57,985] Trial 23 finished with value: 33.12209701538086 and parameters: {'gradient_clip_val': 0.19198768997239243, 'hidden_size': 40, 'dropout': 0.16384746212796422, 'hidden_continuous_size': 14, 'attention_head_size': 4, 'learning_rate': 0.0010356593786526767}. Best is trial 1 with value: 5.843369007110596.
LOCAL_RANK: 0 - CUDA_VISIBLE_DEVICES: [0]
[I 2023-12-27 11:01:58,467] Trial 24 finished with value: 32.76699447631836 and parameters: {'gradient_clip_val': 0.15743801478202976, 'hidden_size': 70, 'dropout': 0.19373280924376332, 'hidden_continuous_size': 28, 'attention_head_size': 3, 'learning_rate': 0.004218809535977068}. Best is trial 1 with value: 5.843369007110596.
LOCAL_RANK: 0 - CUDA_VISIBLE_DEVICES: [0]
[I 2023-12-27 11:01:58,956] Trial 25 finished with value: 44.5245246887207 and parameters: {'gradient_clip_val': 0.20619707563046102, 'hidden_size': 100, 'dropout': 0.22895350033921133, 'hidden_continuous_size': 49, 'attention_head_size': 2, 'learning_rate': 0.0022740922208007784}. Best is trial 1 with value: 5.843369007110596.
LOCAL_RANK: 0 - CUDA_VISIBLE_DEVICES: [0]
[I 2023-12-27 11:01:59,434] Trial 26 finished with value: 31.562911987304688 and parameters: {'gradient_clip_val': 0.12617001884567794, 'hidden_size': 49, 'dropout': 0.14588583933429106, 'hidden_continuous_size': 18, 'attention_head_size': 4, 'learning_rate': 0.00127063283973688}. Best is trial 1 with value: 5.843369007110596.
LOCAL_RANK: 0 - CUDA_VISIBLE_DEVICES: [0]
[I 2023-12-27 11:01:59,871] Trial 27 finished with value: 19.81120491027832 and parameters: {'gradient_clip_val': 0.15796322890978542, 'hidden_size': 19, 'dropout': 0.169396147991216, 'hidden_continuous_size': 10, 'attention_head_size': 1, 'learning_rate': 0.0025490240325939596}. Best is trial 1 with value: 5.843369007110596.
LOCAL_RANK: 0 - CUDA_VISIBLE_DEVICES: [0]
[I 2023-12-27 11:02:00,295] Trial 28 finished with value: 41.33498764038086 and parameters: {'gradient_clip_val': 0.10094477479946881, 'hidden_size': 10, 'dropout': 0.1276873314219346, 'hidden_continuous_size': 6, 'attention_head_size': 1, 'learning_rate': 0.004518190780933254}. Best is trial 1 with value: 5.843369007110596.
LOCAL_RANK: 0 - CUDA_VISIBLE_DEVICES: [0]
[I 2023-12-27 11:02:01,018] Trial 29 finished with value: 33.065677642822266 and parameters: {'gradient_clip_val': 0.16009697083164753, 'hidden_size': 18, 'dropout': 0.21382540905417638, 'hidden_continuous_size': 8, 'attention_head_size': 1, 'learning_rate': 0.008429049925854797}. Best is trial 1 with value: 5.843369007110596.
LOCAL_RANK: 0 - CUDA_VISIBLE_DEVICES: [0]
[I 2023-12-27 11:02:01,502] Trial 30 finished with value: 36.58202362060547 and parameters: {'gradient_clip_val': 0.12447342955517868, 'hidden_size': 28, 'dropout': 0.26058670830246033, 'hidden_continuous_size': 11, 'attention_head_size': 1, 'learning_rate': 0.00323472375024007}. Best is trial 1 with value: 5.843369007110596.
LOCAL_RANK: 0 - CUDA_VISIBLE_DEVICES: [0]
[I 2023-12-27 11:02:01,985] Trial 31 finished with value: 27.89003562927246 and parameters: {'gradient_clip_val': 0.14970682689750034, 'hidden_size': 42, 'dropout': 0.17365127094635907, 'hidden_continuous_size': 13, 'attention_head_size': 2, 'learning_rate': 0.002611173355083394}. Best is trial 1 with value: 5.843369007110596.
LOCAL_RANK: 0 - CUDA_VISIBLE_DEVICES: [0]
[I 2023-12-27 11:02:02,469] Trial 32 finished with value: 31.30267333984375 and parameters: {'gradient_clip_val': 0.28086370535798405, 'hidden_size': 67, 'dropout': 0.12531167506175772, 'hidden_continuous_size': 25, 'attention_head_size': 1, 'learning_rate': 0.0015916137222074323}. Best is trial 1 with value: 5.843369007110596.
LOCAL_RANK: 0 - CUDA_VISIBLE_DEVICES: [0]
[I 2023-12-27 11:02:02,954] Trial 33 finished with value: 45.64894104003906 and parameters: {'gradient_clip_val': 0.18376660469586115, 'hidden_size': 27, 'dropout': 0.16943999478878596, 'hidden_continuous_size': 17, 'attention_head_size': 2, 'learning_rate': 0.002176489084697105}. Best is trial 1 with value: 5.843369007110596.
LOCAL_RANK: 0 - CUDA_VISIBLE_DEVICES: [0]
[I 2023-12-27 11:02:03,392] Trial 34 finished with value: 28.611276626586914 and parameters: {'gradient_clip_val': 0.12318060933460918, 'hidden_size': 7, 'dropout': 0.1010882540503347, 'hidden_continuous_size': 6, 'attention_head_size': 1, 'learning_rate': 0.0008911000471284993}. Best is trial 1 with value: 5.843369007110596.
LOCAL_RANK: 0 - CUDA_VISIBLE_DEVICES: [0]
[I 2023-12-27 11:02:03,839] Trial 35 finished with value: 33.73728561401367 and parameters: {'gradient_clip_val': 0.2190376034959713, 'hidden_size': 18, 'dropout': 0.12982844106167488, 'hidden_continuous_size': 10, 'attention_head_size': 2, 'learning_rate': 0.0015190492347780672}. Best is trial 1 with value: 5.843369007110596.
LOCAL_RANK: 0 - CUDA_VISIBLE_DEVICES: [0]
[I 2023-12-27 11:02:04,319] Trial 36 finished with value: 29.21285057067871 and parameters: {'gradient_clip_val': 0.17360017295710073, 'hidden_size': 58, 'dropout': 0.19020410759021655, 'hidden_continuous_size': 8, 'attention_head_size': 3, 'learning_rate': 0.0023195044111629444}. Best is trial 1 with value: 5.843369007110596.
LOCAL_RANK: 0 - CUDA_VISIBLE_DEVICES: [0]
[I 2023-12-27 11:02:04,794] Trial 37 finished with value: 47.362548828125 and parameters: {'gradient_clip_val': 0.15012361717496778, 'hidden_size': 31, 'dropout': 0.21637007239815664, 'hidden_continuous_size': 15, 'attention_head_size': 3, 'learning_rate': 0.0008255378415869867}. Best is trial 1 with value: 5.843369007110596.
LOCAL_RANK: 0 - CUDA_VISIBLE_DEVICES: [0]
[I 2023-12-27 11:02:05,255] Trial 38 finished with value: 42.7018928527832 and parameters: {'gradient_clip_val': 0.3328788888842446, 'hidden_size': 21, 'dropout': 0.15290332400207887, 'hidden_continuous_size': 12, 'attention_head_size': 4, 'learning_rate': 0.004827697477314323}. Best is trial 1 with value: 5.843369007110596.
LOCAL_RANK: 0 - CUDA_VISIBLE_DEVICES: [0]
[I 2023-12-27 11:02:05,678] Trial 39 finished with value: 23.269546508789062 and parameters: {'gradient_clip_val': 0.24883488758392303, 'hidden_size': 13, 'dropout': 0.12076560395109061, 'hidden_continuous_size': 9, 'attention_head_size': 1, 'learning_rate': 0.0034461746843802866}. Best is trial 1 with value: 5.843369007110596.
LOCAL_RANK: 0 - CUDA_VISIBLE_DEVICES: [0]
[I 2023-12-27 11:02:06,127] Trial 40 finished with value: 31.776901245117188 and parameters: {'gradient_clip_val': 0.4105694672798988, 'hidden_size': 12, 'dropout': 0.12212197298030723, 'hidden_continuous_size': 9, 'attention_head_size': 1, 'learning_rate': 0.004067241228714787}. Best is trial 1 with value: 5.843369007110596.
LOCAL_RANK: 0 - CUDA_VISIBLE_DEVICES: [0]
[I 2023-12-27 11:02:06,577] Trial 41 finished with value: 27.080108642578125 and parameters: {'gradient_clip_val': 0.23779245685168535, 'hidden_size': 22, 'dropout': 0.14842318437876859, 'hidden_continuous_size': 10, 'attention_head_size': 1, 'learning_rate': 0.0031866398656483805}. Best is trial 1 with value: 5.843369007110596.
LOCAL_RANK: 0 - CUDA_VISIBLE_DEVICES: [0]
[I 2023-12-27 11:02:07,237] Trial 42 finished with value: 33.8220100402832 and parameters: {'gradient_clip_val': 0.18989953206262283, 'hidden_size': 14, 'dropout': 0.12007499709939348, 'hidden_continuous_size': 7, 'attention_head_size': 1, 'learning_rate': 0.0014640631516991852}. Best is trial 1 with value: 5.843369007110596.
LOCAL_RANK: 0 - CUDA_VISIBLE_DEVICES: [0]
[I 2023-12-27 11:02:07,689] Trial 43 finished with value: 27.825998306274414 and parameters: {'gradient_clip_val': 0.2557763943274441, 'hidden_size': 26, 'dropout': 0.18187596705878203, 'hidden_continuous_size': 13, 'attention_head_size': 1, 'learning_rate': 0.002284508870592708}. Best is trial 1 with value: 5.843369007110596.
LOCAL_RANK: 0 - CUDA_VISIBLE_DEVICES: [0]
[I 2023-12-27 11:02:08,154] Trial 44 finished with value: 18.77898406982422 and parameters: {'gradient_clip_val': 0.20117685764866014, 'hidden_size': 11, 'dropout': 0.11634304298508799, 'hidden_continuous_size': 8, 'attention_head_size': 2, 'learning_rate': 0.0017311376445782413}. Best is trial 1 with value: 5.843369007110596.
LOCAL_RANK: 0 - CUDA_VISIBLE_DEVICES: [0]
[I 2023-12-27 11:02:08,589] Trial 45 finished with value: 10.922539710998535 and parameters: {'gradient_clip_val': 0.13272663589460867, 'hidden_size': 11, 'dropout': 0.12287012816104242, 'hidden_continuous_size': 8, 'attention_head_size': 2, 'learning_rate': 0.0017396299638149997}. Best is trial 1 with value: 5.843369007110596.
LOCAL_RANK: 0 - CUDA_VISIBLE_DEVICES: [0]
[I 2023-12-27 11:02:09,023] Trial 46 finished with value: 32.10152816772461 and parameters: {'gradient_clip_val': 0.13441230017623437, 'hidden_size': 10, 'dropout': 0.11572246237874349, 'hidden_continuous_size': 8, 'attention_head_size': 2, 'learning_rate': 0.0016419080194731053}. Best is trial 1 with value: 5.843369007110596.
LOCAL_RANK: 0 - CUDA_VISIBLE_DEVICES: [0]
[I 2023-12-27 11:02:09,489] Trial 47 finished with value: 36.3963623046875 and parameters: {'gradient_clip_val': 0.11306248727259537, 'hidden_size': 9, 'dropout': 0.13583326268033638, 'hidden_continuous_size': 7, 'attention_head_size': 2, 'learning_rate': 0.001281659918603744}. Best is trial 1 with value: 5.843369007110596.
LOCAL_RANK: 0 - CUDA_VISIBLE_DEVICES: [0]
[I 2023-12-27 11:02:09,951] Trial 48 finished with value: 35.69729995727539 and parameters: {'gradient_clip_val': 0.16191084708796125, 'hidden_size': 16, 'dropout': 0.106882328017755, 'hidden_continuous_size': 10, 'attention_head_size': 2, 'learning_rate': 0.0017938877117319443}. Best is trial 1 with value: 5.843369007110596.
LOCAL_RANK: 0 - CUDA_VISIBLE_DEVICES: [0]
[I 2023-12-27 11:02:10,389] Trial 49 finished with value: 40.695858001708984 and parameters: {'gradient_clip_val': 0.13582795131791192, 'hidden_size': 12, 'dropout': 0.14401854010531656, 'hidden_continuous_size': 8, 'attention_head_size': 2, 'learning_rate': 0.0027487101771073177}. Best is trial 1 with value: 5.843369007110596.
[I 2023-12-27 11:02:10,518] A new study created in memory with name: no-name-c1d0de9e-da1a-462f-af58-1c4788380de8
/home/le004/conda/anaconda3/envs/tsff_env/lib/python3.9/site-packages/lightning/fabric/plugins/environments/slurm.py:191: The `srun` command is available on your system but is not used. HINT: If your intention is to run Lightning on SLURM, prepend your python command with `srun` like so: srun python /home/le004/master_thesis/git/TSFusionForecast/code/ ...
LOCAL_RANK: 0 - CUDA_VISIBLE_DEVICES: [0]
[I 2023-12-27 11:02:37,234] Trial 0 finished with value: 4.979579448699951 and parameters: {'gradient_clip_val': 0.7118364836262823, 'hidden_size': 6, 'dropout': 0.44057686247936023, 'hidden_continuous_size': 6, 'attention_head_size': 2, 'learning_rate': 0.05901309654170199}. Best is trial 0 with value: 4.979579448699951.
LOCAL_RANK: 0 - CUDA_VISIBLE_DEVICES: [0]
[I 2023-12-27 11:02:42,353] Trial 1 finished with value: 20.686460494995117 and parameters: {'gradient_clip_val': 0.8218299256020835, 'hidden_size': 36, 'dropout': 0.23442615083389212, 'hidden_continuous_size': 34, 'attention_head_size': 1, 'learning_rate': 0.0009677297295981026}. Best is trial 0 with value: 4.979579448699951.
LOCAL_RANK: 0 - CUDA_VISIBLE_DEVICES: [0]
[I 2023-12-27 11:02:42,730] Trial 2 finished with value: 24.50787925720215 and parameters: {'gradient_clip_val': 0.6310450550526366, 'hidden_size': 16, 'dropout': 0.22104191245058222, 'hidden_continuous_size': 16, 'attention_head_size': 2, 'learning_rate': 0.09843918012448909}. Best is trial 0 with value: 4.979579448699951.
LOCAL_RANK: 0 - CUDA_VISIBLE_DEVICES: [0]
[I 2023-12-27 11:02:43,428] Trial 3 finished with value: 20.16397476196289 and parameters: {'gradient_clip_val': 0.13838321327804384, 'hidden_size': 28, 'dropout': 0.43931182300665783, 'hidden_continuous_size': 16, 'attention_head_size': 4, 'learning_rate': 0.003266926665197685}. Best is trial 0 with value: 4.979579448699951.
LOCAL_RANK: 0 - CUDA_VISIBLE_DEVICES: [0]
[I 2023-12-27 11:02:43,885] Trial 4 finished with value: 17.184589385986328 and parameters: {'gradient_clip_val': 0.22015445699280484, 'hidden_size': 72, 'dropout': 0.2540375346602444, 'hidden_continuous_size': 5, 'attention_head_size': 1, 'learning_rate': 0.05921202741957218}. Best is trial 0 with value: 4.979579448699951.
LOCAL_RANK: 0 - CUDA_VISIBLE_DEVICES: [0]
[I 2023-12-27 11:02:44,331] Trial 5 finished with value: 26.827550888061523 and parameters: {'gradient_clip_val': 0.12927011279356942, 'hidden_size': 86, 'dropout': 0.2919832730935559, 'hidden_continuous_size': 7, 'attention_head_size': 1, 'learning_rate': 0.004930196972930301}. Best is trial 0 with value: 4.979579448699951.
LOCAL_RANK: 0 - CUDA_VISIBLE_DEVICES: [0]
[I 2023-12-27 11:02:44,764] Trial 6 finished with value: 24.789016723632812 and parameters: {'gradient_clip_val': 0.1874700629512088, 'hidden_size': 33, 'dropout': 0.1520752913490589, 'hidden_continuous_size': 16, 'attention_head_size': 1, 'learning_rate': 0.04690435493367318}. Best is trial 0 with value: 4.979579448699951.
LOCAL_RANK: 0 - CUDA_VISIBLE_DEVICES: [0]
[I 2023-12-27 11:02:45,166] Trial 7 finished with value: 29.732412338256836 and parameters: {'gradient_clip_val': 0.1066254555717166, 'hidden_size': 5, 'dropout': 0.10947503738542404, 'hidden_continuous_size': 5, 'attention_head_size': 2, 'learning_rate': 0.08273843680719882}. Best is trial 0 with value: 4.979579448699951.
LOCAL_RANK: 0 - CUDA_VISIBLE_DEVICES: [0]
[I 2023-12-27 11:02:45,618] Trial 8 finished with value: 23.060440063476562 and parameters: {'gradient_clip_val': 0.28758719573325653, 'hidden_size': 76, 'dropout': 0.41770076141865575, 'hidden_continuous_size': 28, 'attention_head_size': 4, 'learning_rate': 0.0011512102952604348}. Best is trial 0 with value: 4.979579448699951.
LOCAL_RANK: 0 - CUDA_VISIBLE_DEVICES: [0]
[I 2023-12-27 11:02:46,095] Trial 9 finished with value: 39.53929138183594 and parameters: {'gradient_clip_val': 0.15050308524828457, 'hidden_size': 150, 'dropout': 0.17215664251248353, 'hidden_continuous_size': 8, 'attention_head_size': 4, 'learning_rate': 0.0013796708988200559}. Best is trial 0 with value: 4.979579448699951.
LOCAL_RANK: 0 - CUDA_VISIBLE_DEVICES: [0]
[I 2023-12-27 11:02:46,492] Trial 10 finished with value: 21.802413940429688 and parameters: {'gradient_clip_val': 0.49786296967423455, 'hidden_size': 5, 'dropout': 0.499710711139845, 'hidden_continuous_size': 5, 'attention_head_size': 3, 'learning_rate': 0.015137926496061906}. Best is trial 0 with value: 4.979579448699951.
LOCAL_RANK: 0 - CUDA_VISIBLE_DEVICES: [0]
[I 2023-12-27 11:02:46,927] Trial 11 finished with value: 20.37462043762207 and parameters: {'gradient_clip_val': 0.9943114355328057, 'hidden_size': 13, 'dropout': 0.3573472589178058, 'hidden_continuous_size': 5, 'attention_head_size': 2, 'learning_rate': 0.027467752836754695}. Best is trial 0 with value: 4.979579448699951.
LOCAL_RANK: 0 - CUDA_VISIBLE_DEVICES: [0]
[I 2023-12-27 11:02:47,367] Trial 12 finished with value: 23.041418075561523 and parameters: {'gradient_clip_val': 0.2926761859614374, 'hidden_size': 9, 'dropout': 0.3244912125498122, 'hidden_continuous_size': 5, 'attention_head_size': 3, 'learning_rate': 0.015800352091362803}. Best is trial 0 with value: 4.979579448699951.
LOCAL_RANK: 0 - CUDA_VISIBLE_DEVICES: [0]
[I 2023-12-27 11:02:47,833] Trial 13 finished with value: 22.656824111938477 and parameters: {'gradient_clip_val': 0.38523708264003287, 'hidden_size': 51, 'dropout': 0.2786382427594, 'hidden_continuous_size': 9, 'attention_head_size': 1, 'learning_rate': 0.04465474016791297}. Best is trial 0 with value: 4.979579448699951.
LOCAL_RANK: 0 - CUDA_VISIBLE_DEVICES: [0]
[I 2023-12-27 11:02:48,265] Trial 14 finished with value: 25.500350952148438 and parameters: {'gradient_clip_val': 0.22198381348793036, 'hidden_size': 19, 'dropout': 0.372389159718038, 'hidden_continuous_size': 6, 'attention_head_size': 2, 'learning_rate': 0.014860782100781844}. Best is trial 0 with value: 4.979579448699951.
LOCAL_RANK: 0 - CUDA_VISIBLE_DEVICES: [0]
[I 2023-12-27 11:02:48,697] Trial 15 finished with value: 24.285829544067383 and parameters: {'gradient_clip_val': 0.41866919771330474, 'hidden_size': 9, 'dropout': 0.2555532848197475, 'hidden_continuous_size': 6, 'attention_head_size': 3, 'learning_rate': 0.0407342630573198}. Best is trial 0 with value: 4.979579448699951.
LOCAL_RANK: 0 - CUDA_VISIBLE_DEVICES: [0]
[I 2023-12-27 11:02:49,158] Trial 16 finished with value: 21.607955932617188 and parameters: {'gradient_clip_val': 0.5570929931508469, 'hidden_size': 43, 'dropout': 0.32303039565934105, 'hidden_continuous_size': 10, 'attention_head_size': 1, 'learning_rate': 0.0921045036768515}. Best is trial 0 with value: 4.979579448699951.
LOCAL_RANK: 0 - CUDA_VISIBLE_DEVICES: [0]
[I 2023-12-27 11:02:49,855] Trial 17 finished with value: 26.246469497680664 and parameters: {'gradient_clip_val': 0.6918136255140396, 'hidden_size': 22, 'dropout': 0.4976507252733957, 'hidden_continuous_size': 6, 'attention_head_size': 2, 'learning_rate': 0.00803551957082674}. Best is trial 0 with value: 4.979579448699951.
LOCAL_RANK: 0 - CUDA_VISIBLE_DEVICES: [0]
[I 2023-12-27 11:02:50,283] Trial 18 finished with value: 19.752586364746094 and parameters: {'gradient_clip_val': 0.3580995307296608, 'hidden_size': 27, 'dropout': 0.37603160086012816, 'hidden_continuous_size': 7, 'attention_head_size': 1, 'learning_rate': 0.025469081605616645}. Best is trial 0 with value: 4.979579448699951.
LOCAL_RANK: 0 - CUDA_VISIBLE_DEVICES: [0]
